<?xml version="1.0" encoding="UTF-8"?>
<testsuite xmlns:xsi="http://www.w3.org/2001/XMLSchema-instance" xsi:noNamespaceSchemaLocation="https://maven.apache.org/surefire/maven-surefire-plugin/xsd/surefire-test-report.xsd" name="org.apache.hadoop.ozone.client.rpc.TestBlockOutputStreamWithFailures" time="751.999" tests="8" errors="1" skipped="0" failures="1">
  <properties>
    <property name="awt.toolkit" value="sun.awt.X11.XToolkit"/>
    <property name="file.encoding.pkg" value="sun.io"/>
    <property name="java.specification.version" value="1.8"/>
    <property name="sun.cpu.isalist" value=""/>
    <property name="sun.jnu.encoding" value="UTF-8"/>
    <property name="java.class.path" value="/workdir/hadoop-ozone/integration-test/target/test-classes:/workdir/hadoop-ozone/integration-test/target/classes:/home/user/.m2/repository/org/apache/hadoop/hadoop-ozone-common/0.5.0-SNAPSHOT/hadoop-ozone-common-0.5.0-SNAPSHOT.jar:/home/user/.m2/repository/org/apache/commons/commons-compress/1.4.1/commons-compress-1.4.1.jar:/home/user/.m2/repository/org/tukaani/xz/1.0/xz-1.0.jar:/home/user/.m2/repository/org/apache/hadoop/hadoop-common/3.2.0/hadoop-common-3.2.0.jar:/home/user/.m2/repository/org/apache/hadoop/hadoop-hdfs/3.2.0/hadoop-hdfs-3.2.0.jar:/home/user/.m2/repository/org/apache/hadoop/hadoop-hdfs-client/3.2.0/hadoop-hdfs-client-3.2.0.jar:/home/user/.m2/repository/com/fasterxml/jackson/core/jackson-annotations/2.9.9/jackson-annotations-2.9.9.jar:/home/user/.m2/repository/org/apache/hadoop/hadoop-hdds-common/0.5.0-SNAPSHOT/hadoop-hdds-common-0.5.0-SNAPSHOT.jar:/home/user/.m2/repository/javax/annotation/javax.annotation-api/1.2/javax.annotation-api-1.2.jar:/home/user/.m2/repository/org/apache/ratis/ratis-server/0.5.0-201fc85-SNAPSHOT/ratis-server-0.5.0-201fc85-SNAPSHOT.jar:/home/user/.m2/repository/org/apache/ratis/ratis-thirdparty-misc/0.2.0/ratis-thirdparty-misc-0.2.0.jar:/home/user/.m2/repository/org/apache/ratis/ratis-proto/0.5.0-201fc85-SNAPSHOT/ratis-proto-0.5.0-201fc85-SNAPSHOT.jar:/home/user/.m2/repository/org/apache/ratis/ratis-common/0.5.0-201fc85-SNAPSHOT/ratis-common-0.5.0-201fc85-SNAPSHOT.jar:/home/user/.m2/repository/org/apache/ratis/ratis-client/0.5.0-201fc85-SNAPSHOT/ratis-client-0.5.0-201fc85-SNAPSHOT.jar:/home/user/.m2/repository/org/apache/ratis/ratis-metrics/0.5.0-201fc85-SNAPSHOT/ratis-metrics-0.5.0-201fc85-SNAPSHOT.jar:/home/user/.m2/repository/com/github/joshelser/dropwizard-metrics-hadoop-metrics2-reporter/0.1.2/dropwizard-metrics-hadoop-metrics2-reporter-0.1.2.jar:/home/user/.m2/repository/io/dropwizard/metrics/metrics-jvm/3.2.5/metrics-jvm-3.2.5.jar:/home/user/.m2/repository/io/dropwizard/metrics/metrics-ganglia/3.2.5/metrics-ganglia-3.2.5.jar:/home/user/.m2/repository/info/ganglia/gmetric4j/gmetric4j/1.0.7/gmetric4j-1.0.7.jar:/home/user/.m2/repository/org/apache/ratis/ratis-netty/0.5.0-201fc85-SNAPSHOT/ratis-netty-0.5.0-201fc85-SNAPSHOT.jar:/home/user/.m2/repository/org/apache/ratis/ratis-grpc/0.5.0-201fc85-SNAPSHOT/ratis-grpc-0.5.0-201fc85-SNAPSHOT.jar:/home/user/.m2/repository/org/rocksdb/rocksdbjni/6.0.1/rocksdbjni-6.0.1.jar:/home/user/.m2/repository/org/apache/logging/log4j/log4j-api/2.11.0/log4j-api-2.11.0.jar:/home/user/.m2/repository/org/apache/logging/log4j/log4j-core/2.11.0/log4j-core-2.11.0.jar:/home/user/.m2/repository/com/lmax/disruptor/3.4.2/disruptor-3.4.2.jar:/home/user/.m2/repository/org/apache/commons/commons-pool2/2.6.0/commons-pool2-2.6.0.jar:/home/user/.m2/repository/org/bouncycastle/bcpkix-jdk15on/1.60/bcpkix-jdk15on-1.60.jar:/home/user/.m2/repository/commons-validator/commons-validator/1.6/commons-validator-1.6.jar:/home/user/.m2/repository/commons-digester/commons-digester/1.8.1/commons-digester-1.8.1.jar:/home/user/.m2/repository/io/jaegertracing/jaeger-client/0.34.0/jaeger-client-0.34.0.jar:/home/user/.m2/repository/io/jaegertracing/jaeger-thrift/0.34.0/jaeger-thrift-0.34.0.jar:/home/user/.m2/repository/org/apache/thrift/libthrift/0.12.0/libthrift-0.12.0.jar:/home/user/.m2/repository/com/squareup/okhttp3/okhttp/3.9.0/okhttp-3.9.0.jar:/home/user/.m2/repository/com/squareup/okio/okio/1.13.0/okio-1.13.0.jar:/home/user/.m2/repository/io/jaegertracing/jaeger-core/0.34.0/jaeger-core-0.34.0.jar:/home/user/.m2/repository/io/jaegertracing/jaeger-tracerresolver/0.34.0/jaeger-tracerresolver-0.34.0.jar:/home/user/.m2/repository/io/opentracing/contrib/opentracing-tracerresolver/0.1.5/opentracing-tracerresolver-0.1.5.jar:/home/user/.m2/repository/io/opentracing/opentracing-util/0.31.0/opentracing-util-0.31.0.jar:/home/user/.m2/repository/io/opentracing/opentracing-api/0.31.0/opentracing-api-0.31.0.jar:/home/user/.m2/repository/io/opentracing/opentracing-noop/0.31.0/opentracing-noop-0.31.0.jar:/home/user/.m2/repository/org/apache/hadoop/hadoop-hdds-server-framework/0.5.0-SNAPSHOT/hadoop-hdds-server-framework-0.5.0-SNAPSHOT.jar:/home/user/.m2/repository/org/apache/hadoop/hadoop-hdds-container-service/0.5.0-SNAPSHOT/hadoop-hdds-container-service-0.5.0-SNAPSHOT.jar:/home/user/.m2/repository/org/apache/hadoop/hadoop-hdds-client/0.5.0-SNAPSHOT/hadoop-hdds-client-0.5.0-SNAPSHOT.jar:/home/user/.m2/repository/org/apache/hadoop/hadoop-hdds-tools/0.5.0-SNAPSHOT/hadoop-hdds-tools-0.5.0-SNAPSHOT.jar:/home/user/.m2/repository/org/apache/hadoop/hadoop-hdds-server-scm/0.5.0-SNAPSHOT/hadoop-hdds-server-scm-0.5.0-SNAPSHOT.jar:/home/user/.m2/repository/org/apache/hadoop/hadoop-hdds-docs/0.5.0-SNAPSHOT/hadoop-hdds-docs-0.5.0-SNAPSHOT.jar:/home/user/.m2/repository/io/dropwizard/metrics/metrics-core/3.2.4/metrics-core-3.2.4.jar:/home/user/.m2/repository/org/hamcrest/hamcrest-all/1.3/hamcrest-all-1.3.jar:/home/user/.m2/repository/org/bouncycastle/bcprov-jdk15on/1.60/bcprov-jdk15on-1.60.jar:/home/user/.m2/repository/info/picocli/picocli/3.9.6/picocli-3.9.6.jar:/home/user/.m2/repository/com/google/protobuf/protobuf-java/2.5.0/protobuf-java-2.5.0.jar:/home/user/.m2/repository/com/google/guava/guava/11.0.2/guava-11.0.2.jar:/home/user/.m2/repository/org/apache/hadoop/hadoop-ozone-ozone-manager/0.5.0-SNAPSHOT/hadoop-ozone-ozone-manager-0.5.0-SNAPSHOT.jar:/home/user/.m2/repository/org/apache/hadoop/hadoop-minikdc/3.2.0/hadoop-minikdc-3.2.0.jar:/home/user/.m2/repository/commons-io/commons-io/2.5/commons-io-2.5.jar:/home/user/.m2/repository/org/apache/kerby/kerb-simplekdc/1.0.1/kerb-simplekdc-1.0.1.jar:/home/user/.m2/repository/org/apache/kerby/kerb-client/1.0.1/kerb-client-1.0.1.jar:/home/user/.m2/repository/org/apache/kerby/kerby-config/1.0.1/kerby-config-1.0.1.jar:/home/user/.m2/repository/org/apache/kerby/kerb-core/1.0.1/kerb-core-1.0.1.jar:/home/user/.m2/repository/org/apache/kerby/kerby-pkix/1.0.1/kerby-pkix-1.0.1.jar:/home/user/.m2/repository/org/apache/kerby/kerby-asn1/1.0.1/kerby-asn1-1.0.1.jar:/home/user/.m2/repository/org/apache/kerby/kerby-util/1.0.1/kerby-util-1.0.1.jar:/home/user/.m2/repository/org/apache/kerby/kerb-common/1.0.1/kerb-common-1.0.1.jar:/home/user/.m2/repository/org/apache/kerby/kerb-crypto/1.0.1/kerb-crypto-1.0.1.jar:/home/user/.m2/repository/org/apache/kerby/kerb-util/1.0.1/kerb-util-1.0.1.jar:/home/user/.m2/repository/org/apache/kerby/token-provider/1.0.1/token-provider-1.0.1.jar:/home/user/.m2/repository/org/apache/kerby/kerb-admin/1.0.1/kerb-admin-1.0.1.jar:/home/user/.m2/repository/org/apache/kerby/kerb-server/1.0.1/kerb-server-1.0.1.jar:/home/user/.m2/repository/org/apache/kerby/kerb-identity/1.0.1/kerb-identity-1.0.1.jar:/home/user/.m2/repository/org/apache/kerby/kerby-xdr/1.0.1/kerby-xdr-1.0.1.jar:/home/user/.m2/repository/org/slf4j/slf4j-log4j12/1.7.25/slf4j-log4j12-1.7.25.jar:/home/user/.m2/repository/org/apache/hadoop/hadoop-ozone-s3gateway/0.5.0-SNAPSHOT/hadoop-ozone-s3gateway-0.5.0-SNAPSHOT.jar:/home/user/.m2/repository/org/jboss/weld/servlet/weld-servlet/2.4.7.Final/weld-servlet-2.4.7.Final.jar:/home/user/.m2/repository/org/glassfish/jersey/containers/jersey-container-servlet-core/2.27/jersey-container-servlet-core-2.27.jar:/home/user/.m2/repository/org/glassfish/hk2/external/javax.inject/2.5.0-b42/javax.inject-2.5.0-b42.jar:/home/user/.m2/repository/org/glassfish/jersey/core/jersey-common/2.27/jersey-common-2.27.jar:/home/user/.m2/repository/org/glassfish/hk2/osgi-resource-locator/1.0.1/osgi-resource-locator-1.0.1.jar:/home/user/.m2/repository/javax/ws/rs/javax.ws.rs-api/2.1/javax.ws.rs-api-2.1.jar:/home/user/.m2/repository/org/glassfish/jersey/ext/cdi/jersey-cdi1x/2.27/jersey-cdi1x-2.27.jar:/home/user/.m2/repository/org/glassfish/jersey/inject/jersey-hk2/2.27/jersey-hk2-2.27.jar:/home/user/.m2/repository/org/glassfish/hk2/hk2-locator/2.5.0-b42/hk2-locator-2.5.0-b42.jar:/home/user/.m2/repository/org/javassist/javassist/3.22.0-CR2/javassist-3.22.0-CR2.jar:/home/user/.m2/repository/org/glassfish/hk2/hk2-api/2.5.0/hk2-api-2.5.0.jar:/home/user/.m2/repository/org/glassfish/hk2/external/jakarta.inject/2.5.0/jakarta.inject-2.5.0.jar:/home/user/.m2/repository/org/glassfish/hk2/hk2-utils/2.5.0/hk2-utils-2.5.0.jar:/home/user/.m2/repository/jakarta/annotation/jakarta.annotation-api/1.3.4/jakarta.annotation-api-1.3.4.jar:/home/user/.m2/repository/org/glassfish/hk2/external/aopalliance-repackaged/2.5.0/aopalliance-repackaged-2.5.0.jar:/home/user/.m2/repository/com/fasterxml/jackson/dataformat/jackson-dataformat-xml/2.9.0/jackson-dataformat-xml-2.9.0.jar:/home/user/.m2/repository/com/fasterxml/jackson/core/jackson-core/2.9.9/jackson-core-2.9.9.jar:/home/user/.m2/repository/com/fasterxml/jackson/module/jackson-module-jaxb-annotations/2.9.9/jackson-module-jaxb-annotations-2.9.9.jar:/home/user/.m2/repository/javax/enterprise/cdi-api/1.2/cdi-api-1.2.jar:/home/user/.m2/repository/javax/el/javax.el-api/3.0.0/javax.el-api-3.0.0.jar:/home/user/.m2/repository/javax/interceptor/javax.interceptor-api/1.2/javax.interceptor-api-1.2.jar:/home/user/.m2/repository/javax/inject/javax.inject/1/javax.inject-1.jar:/home/user/.m2/repository/com/sun/xml/bind/jaxb-impl/2.3.0.1/jaxb-impl-2.3.0.1.jar:/home/user/.m2/repository/com/sun/xml/bind/jaxb-core/2.3.0.1/jaxb-core-2.3.0.1.jar:/home/user/.m2/repository/javax/xml/bind/jaxb-api/2.3.0/jaxb-api-2.3.0.jar:/home/user/.m2/repository/javax/activation/activation/1.1.1/activation-1.1.1.jar:/home/user/.m2/repository/org/apache/hadoop/hadoop-ozone-csi/0.5.0-SNAPSHOT/hadoop-ozone-csi-0.5.0-SNAPSHOT.jar:/home/user/.m2/repository/com/google/protobuf/protobuf-java-util/3.5.1/protobuf-java-util-3.5.1.jar:/home/user/.m2/repository/org/apache/hadoop/hadoop-hdds-config/0.5.0-SNAPSHOT/hadoop-hdds-config-0.5.0-SNAPSHOT.jar:/home/user/.m2/repository/io/grpc/grpc-netty/1.17.1/grpc-netty-1.17.1.jar:/home/user/.m2/repository/io/grpc/grpc-core/1.17.1/grpc-core-1.17.1.jar:/home/user/.m2/repository/io/grpc/grpc-context/1.17.1/grpc-context-1.17.1.jar:/home/user/.m2/repository/com/google/errorprone/error_prone_annotations/2.2.0/error_prone_annotations-2.2.0.jar:/home/user/.m2/repository/org/codehaus/mojo/animal-sniffer-annotations/1.17/animal-sniffer-annotations-1.17.jar:/home/user/.m2/repository/io/opencensus/opencensus-api/0.17.0/opencensus-api-0.17.0.jar:/home/user/.m2/repository/io/opencensus/opencensus-contrib-grpc-metrics/0.17.0/opencensus-contrib-grpc-metrics-0.17.0.jar:/home/user/.m2/repository/io/netty/netty-codec-http2/4.1.30.Final/netty-codec-http2-4.1.30.Final.jar:/home/user/.m2/repository/io/netty/netty-codec-http/4.1.30.Final/netty-codec-http-4.1.30.Final.jar:/home/user/.m2/repository/io/netty/netty-codec/4.1.30.Final/netty-codec-4.1.30.Final.jar:/home/user/.m2/repository/io/netty/netty-handler/4.1.30.Final/netty-handler-4.1.30.Final.jar:/home/user/.m2/repository/io/netty/netty-handler-proxy/4.1.30.Final/netty-handler-proxy-4.1.30.Final.jar:/home/user/.m2/repository/io/netty/netty-codec-socks/4.1.30.Final/netty-codec-socks-4.1.30.Final.jar:/home/user/.m2/repository/io/netty/netty-transport-native-epoll/4.1.30.Final/netty-transport-native-epoll-4.1.30.Final.jar:/home/user/.m2/repository/io/netty/netty-common/4.1.30.Final/netty-common-4.1.30.Final.jar:/home/user/.m2/repository/io/netty/netty-buffer/4.1.30.Final/netty-buffer-4.1.30.Final.jar:/home/user/.m2/repository/io/netty/netty-transport/4.1.30.Final/netty-transport-4.1.30.Final.jar:/home/user/.m2/repository/io/netty/netty-resolver/4.1.30.Final/netty-resolver-4.1.30.Final.jar:/home/user/.m2/repository/io/netty/netty-transport-native-unix-common/4.1.30.Final/netty-transport-native-unix-common-4.1.30.Final.jar:/home/user/.m2/repository/io/grpc/grpc-protobuf/1.17.1/grpc-protobuf-1.17.1.jar:/home/user/.m2/repository/com/google/api/grpc/proto-google-common-protos/1.0.0/proto-google-common-protos-1.0.0.jar:/home/user/.m2/repository/io/grpc/grpc-protobuf-lite/1.17.1/grpc-protobuf-lite-1.17.1.jar:/home/user/.m2/repository/io/grpc/grpc-stub/1.17.1/grpc-stub-1.17.1.jar:/home/user/.m2/repository/org/apache/hadoop/hadoop-ozone-recon/0.5.0-SNAPSHOT/hadoop-ozone-recon-0.5.0-SNAPSHOT.jar:/home/user/.m2/repository/org/apache/hadoop/hadoop-ozone-reconcodegen/0.5.0-SNAPSHOT/hadoop-ozone-reconcodegen-0.5.0-SNAPSHOT.jar:/home/user/.m2/repository/com/google/inject/extensions/guice-multibindings/4.0/guice-multibindings-4.0.jar:/home/user/.m2/repository/com/google/inject/guice/4.0/guice-4.0.jar:/home/user/.m2/repository/aopalliance/aopalliance/1.0/aopalliance-1.0.jar:/home/user/.m2/repository/com/google/inject/extensions/guice-servlet/4.0/guice-servlet-4.0.jar:/home/user/.m2/repository/org/glassfish/jersey/containers/jersey-container-servlet/2.27/jersey-container-servlet-2.27.jar:/home/user/.m2/repository/org/glassfish/hk2/guice-bridge/2.5.0/guice-bridge-2.5.0.jar:/home/user/.m2/repository/org/glassfish/jersey/core/jersey-server/2.27/jersey-server-2.27.jar:/home/user/.m2/repository/org/glassfish/jersey/core/jersey-client/2.27/jersey-client-2.27.jar:/home/user/.m2/repository/org/glassfish/jersey/media/jersey-media-jaxb/2.27/jersey-media-jaxb-2.27.jar:/home/user/.m2/repository/javax/validation/validation-api/1.1.0.Final/validation-api-1.1.0.Final.jar:/home/user/.m2/repository/org/glassfish/jersey/media/jersey-media-json-jackson/2.27/jersey-media-json-jackson-2.27.jar:/home/user/.m2/repository/org/glassfish/jersey/ext/jersey-entity-filtering/2.27/jersey-entity-filtering-2.27.jar:/home/user/.m2/repository/com/google/inject/extensions/guice-assistedinject/4.0/guice-assistedinject-4.0.jar:/home/user/.m2/repository/org/jooq/jooq/3.11.10/jooq-3.11.10.jar:/home/user/.m2/repository/org/jooq/jooq-meta/3.11.10/jooq-meta-3.11.10.jar:/home/user/.m2/repository/org/jooq/jooq-codegen/3.11.10/jooq-codegen-3.11.10.jar:/home/user/.m2/repository/com/jolbox/bonecp/0.8.0.RELEASE/bonecp-0.8.0.RELEASE.jar:/home/user/.m2/repository/org/xerial/sqlite-jdbc/3.25.2/sqlite-jdbc-3.25.2.jar:/home/user/.m2/repository/org/springframework/spring-jdbc/5.1.3.RELEASE/spring-jdbc-5.1.3.RELEASE.jar:/home/user/.m2/repository/org/springframework/spring-beans/5.1.3.RELEASE/spring-beans-5.1.3.RELEASE.jar:/home/user/.m2/repository/org/springframework/spring-core/5.1.3.RELEASE/spring-core-5.1.3.RELEASE.jar:/home/user/.m2/repository/org/springframework/spring-jcl/5.1.3.RELEASE/spring-jcl-5.1.3.RELEASE.jar:/home/user/.m2/repository/org/springframework/spring-tx/5.1.3.RELEASE/spring-tx-5.1.3.RELEASE.jar:/home/user/.m2/repository/org/apache/hadoop/hadoop-ozone-client/0.5.0-SNAPSHOT/hadoop-ozone-client-0.5.0-SNAPSHOT.jar:/home/user/.m2/repository/commons-lang/commons-lang/2.6/commons-lang-2.6.jar:/home/user/.m2/repository/org/apache/hadoop/hadoop-ozone-ozone-manager/0.5.0-SNAPSHOT/hadoop-ozone-ozone-manager-0.5.0-SNAPSHOT-tests.jar:/home/user/.m2/repository/junit/junit/4.11/junit-4.11.jar:/home/user/.m2/repository/org/hamcrest/hamcrest-core/1.3/hamcrest-core-1.3.jar:/home/user/.m2/repository/org/openjdk/jmh/jmh-core/1.19/jmh-core-1.19.jar:/home/user/.m2/repository/net/sf/jopt-simple/jopt-simple/4.6/jopt-simple-4.6.jar:/home/user/.m2/repository/org/apache/commons/commons-math3/3.1.1/commons-math3-3.1.1.jar:/home/user/.m2/repository/org/openjdk/jmh/jmh-generator-annprocess/1.19/jmh-generator-annprocess-1.19.jar:/home/user/.m2/repository/org/mockito/mockito-all/1.8.5/mockito-all-1.8.5.jar:/home/user/.m2/repository/org/apache/hadoop/hadoop-kms/3.2.0/hadoop-kms-3.2.0.jar:/home/user/.m2/repository/org/apache/hadoop/hadoop-auth/3.2.0/hadoop-auth-3.2.0.jar:/home/user/.m2/repository/com/nimbusds/nimbus-jose-jwt/4.41.1/nimbus-jose-jwt-4.41.1.jar:/home/user/.m2/repository/com/github/stephenc/jcip/jcip-annotations/1.0-1/jcip-annotations-1.0-1.jar:/home/user/.m2/repository/net/minidev/json-smart/2.3/json-smart-2.3.jar:/home/user/.m2/repository/net/minidev/accessors-smart/1.2/accessors-smart-1.2.jar:/home/user/.m2/repository/org/ow2/asm/asm/5.0.4/asm-5.0.4.jar:/home/user/.m2/repository/org/apache/curator/curator-framework/2.12.0/curator-framework-2.12.0.jar:/home/user/.m2/repository/com/sun/jersey/jersey-core/1.19/jersey-core-1.19.jar:/home/user/.m2/repository/javax/ws/rs/jsr311-api/1.1.1/jsr311-api-1.1.1.jar:/home/user/.m2/repository/com/sun/jersey/jersey-server/1.19/jersey-server-1.19.jar:/home/user/.m2/repository/javax/servlet/javax.servlet-api/3.1.0/javax.servlet-api-3.1.0.jar:/home/user/.m2/repository/org/eclipse/jetty/jetty-server/9.3.25.v20180904/jetty-server-9.3.25.v20180904.jar:/home/user/.m2/repository/org/eclipse/jetty/jetty-http/9.3.25.v20180904/jetty-http-9.3.25.v20180904.jar:/home/user/.m2/repository/org/eclipse/jetty/jetty-io/9.3.25.v20180904/jetty-io-9.3.25.v20180904.jar:/home/user/.m2/repository/org/eclipse/jetty/jetty-webapp/9.3.25.v20180904/jetty-webapp-9.3.25.v20180904.jar:/home/user/.m2/repository/org/eclipse/jetty/jetty-xml/9.3.25.v20180904/jetty-xml-9.3.25.v20180904.jar:/home/user/.m2/repository/log4j/log4j/1.2.17/log4j-1.2.17.jar:/home/user/.m2/repository/org/slf4j/slf4j-api/1.7.25/slf4j-api-1.7.25.jar:/home/user/.m2/repository/org/slf4j/jul-to-slf4j/1.7.25/jul-to-slf4j-1.7.25.jar:/home/user/.m2/repository/org/eclipse/jetty/jetty-util/9.3.25.v20180904/jetty-util-9.3.25.v20180904.jar:/home/user/.m2/repository/com/fasterxml/jackson/core/jackson-databind/2.9.9/jackson-databind-2.9.9.jar:/home/user/.m2/repository/org/apache/hadoop/hadoop-kms/3.2.0/hadoop-kms-3.2.0-tests.jar:/home/user/.m2/repository/org/apache/hadoop/hadoop-hdds-server-scm/0.5.0-SNAPSHOT/hadoop-hdds-server-scm-0.5.0-SNAPSHOT-tests.jar:/home/user/.m2/repository/org/apache/hadoop/hadoop-hdds-container-service/0.5.0-SNAPSHOT/hadoop-hdds-container-service-0.5.0-SNAPSHOT-tests.jar:/home/user/.m2/repository/org/yaml/snakeyaml/1.16/snakeyaml-1.16.jar:/home/user/.m2/repository/org/apache/hadoop/hadoop-common/3.2.0/hadoop-common-3.2.0-tests.jar:/home/user/.m2/repository/org/apache/hadoop/hadoop-annotations/3.2.0/hadoop-annotations-3.2.0.jar:/usr/lib/jvm/java-1.8-openjdk/jre/../lib/tools.jar:/home/user/.m2/repository/commons-cli/commons-cli/1.2/commons-cli-1.2.jar:/home/user/.m2/repository/org/apache/httpcomponents/httpclient/4.5.2/httpclient-4.5.2.jar:/home/user/.m2/repository/org/apache/httpcomponents/httpcore/4.4.4/httpcore-4.4.4.jar:/home/user/.m2/repository/commons-codec/commons-codec/1.11/commons-codec-1.11.jar:/home/user/.m2/repository/commons-net/commons-net/3.6/commons-net-3.6.jar:/home/user/.m2/repository/commons-collections/commons-collections/3.2.2/commons-collections-3.2.2.jar:/home/user/.m2/repository/org/eclipse/jetty/jetty-servlet/9.3.25.v20180904/jetty-servlet-9.3.25.v20180904.jar:/home/user/.m2/repository/org/eclipse/jetty/jetty-security/9.3.25.v20180904/jetty-security-9.3.25.v20180904.jar:/home/user/.m2/repository/javax/servlet/jsp/jsp-api/2.1/jsp-api-2.1.jar:/home/user/.m2/repository/com/sun/jersey/jersey-servlet/1.19/jersey-servlet-1.19.jar:/home/user/.m2/repository/com/sun/jersey/jersey-json/1.19/jersey-json-1.19.jar:/home/user/.m2/repository/org/codehaus/jettison/jettison/1.1/jettison-1.1.jar:/home/user/.m2/repository/org/codehaus/jackson/jackson-core-asl/1.9.13/jackson-core-asl-1.9.13.jar:/home/user/.m2/repository/org/codehaus/jackson/jackson-mapper-asl/1.9.13/jackson-mapper-asl-1.9.13.jar:/home/user/.m2/repository/org/codehaus/jackson/jackson-jaxrs/1.9.13/jackson-jaxrs-1.9.13.jar:/home/user/.m2/repository/org/codehaus/jackson/jackson-xc/1.9.13/jackson-xc-1.9.13.jar:/home/user/.m2/repository/commons-logging/commons-logging/1.1.3/commons-logging-1.1.3.jar:/home/user/.m2/repository/commons-beanutils/commons-beanutils/1.9.4/commons-beanutils-1.9.4.jar:/home/user/.m2/repository/org/apache/commons/commons-configuration2/2.1.1/commons-configuration2-2.1.1.jar:/home/user/.m2/repository/org/apache/commons/commons-lang3/3.7/commons-lang3-3.7.jar:/home/user/.m2/repository/org/apache/commons/commons-text/1.4/commons-text-1.4.jar:/home/user/.m2/repository/org/apache/avro/avro/1.7.7/avro-1.7.7.jar:/home/user/.m2/repository/com/thoughtworks/paranamer/paranamer/2.3/paranamer-2.3.jar:/home/user/.m2/repository/org/xerial/snappy/snappy-java/1.0.5/snappy-java-1.0.5.jar:/home/user/.m2/repository/com/google/re2j/re2j/1.1/re2j-1.1.jar:/home/user/.m2/repository/com/google/code/gson/gson/2.2.4/gson-2.2.4.jar:/home/user/.m2/repository/com/jcraft/jsch/0.1.54/jsch-0.1.54.jar:/home/user/.m2/repository/org/apache/curator/curator-client/2.12.0/curator-client-2.12.0.jar:/home/user/.m2/repository/org/apache/curator/curator-recipes/2.12.0/curator-recipes-2.12.0.jar:/home/user/.m2/repository/com/google/code/findbugs/jsr305/3.0.0/jsr305-3.0.0.jar:/home/user/.m2/repository/org/apache/htrace/htrace-core4/4.1.0-incubating/htrace-core4-4.1.0-incubating.jar:/home/user/.m2/repository/org/apache/zookeeper/zookeeper/3.4.13/zookeeper-3.4.13.jar:/home/user/.m2/repository/jline/jline/0.9.94/jline-0.9.94.jar:/home/user/.m2/repository/org/apache/yetus/audience-annotations/0.5.0/audience-annotations-0.5.0.jar:/home/user/.m2/repository/org/codehaus/woodstox/stax2-api/3.1.4/stax2-api-3.1.4.jar:/home/user/.m2/repository/com/fasterxml/woodstox/woodstox-core/5.0.3/woodstox-core-5.0.3.jar:/home/user/.m2/repository/dnsjava/dnsjava/2.1.7/dnsjava-2.1.7.jar:/home/user/.m2/repository/org/apache/hadoop/hadoop-hdfs/3.2.0/hadoop-hdfs-3.2.0-tests.jar:/home/user/.m2/repository/org/eclipse/jetty/jetty-util-ajax/9.3.25.v20180904/jetty-util-ajax-9.3.25.v20180904.jar:/home/user/.m2/repository/commons-daemon/commons-daemon/1.0.13/commons-daemon-1.0.13.jar:/home/user/.m2/repository/io/netty/netty/3.10.5.Final/netty-3.10.5.Final.jar:/home/user/.m2/repository/io/netty/netty-all/4.0.52.Final/netty-all-4.0.52.Final.jar:/home/user/.m2/repository/org/fusesource/leveldbjni/leveldbjni-all/1.8/leveldbjni-all-1.8.jar:"/>
    <property name="java.vm.vendor" value="IcedTea"/>
    <property name="sun.arch.data.model" value="64"/>
    <property name="test.build.dir" value="/workdir/hadoop-ozone/integration-test/target/test-dir"/>
    <property name="test.cache.data" value=""/>
    <property name="java.vendor.url" value="https://icedtea.classpath.org"/>
    <property name="user.timezone" value=""/>
    <property name="java.vm.specification.version" value="1.8"/>
    <property name="os.name" value="Linux"/>
    <property name="test.build.data" value="/workdir/hadoop-ozone/integration-test/target/test-dir"/>
    <property name="user.country" value="US"/>
    <property name="sun.java.launcher" value="SUN_STANDARD"/>
    <property name="sun.boot.library.path" value="/usr/lib/jvm/java-1.8-openjdk/jre/lib/amd64"/>
    <property name="sun.java.command" value="/workdir/hadoop-ozone/integration-test/target/surefire/surefirebooter5851994382899463416.jar /workdir/hadoop-ozone/integration-test/target/surefire 2019-10-15T02-57-35_845-jvmRun1 surefire5334835097109626436tmp surefire_329193386861887210640tmp"/>
    <property name="test" value="!TestMiniChaosOzoneCluster"/>
    <property name="surefire.test.class.path" value="/workdir/hadoop-ozone/integration-test/target/test-classes:/workdir/hadoop-ozone/integration-test/target/classes:/home/user/.m2/repository/org/apache/hadoop/hadoop-ozone-common/0.5.0-SNAPSHOT/hadoop-ozone-common-0.5.0-SNAPSHOT.jar:/home/user/.m2/repository/org/apache/commons/commons-compress/1.4.1/commons-compress-1.4.1.jar:/home/user/.m2/repository/org/tukaani/xz/1.0/xz-1.0.jar:/home/user/.m2/repository/org/apache/hadoop/hadoop-common/3.2.0/hadoop-common-3.2.0.jar:/home/user/.m2/repository/org/apache/hadoop/hadoop-hdfs/3.2.0/hadoop-hdfs-3.2.0.jar:/home/user/.m2/repository/org/apache/hadoop/hadoop-hdfs-client/3.2.0/hadoop-hdfs-client-3.2.0.jar:/home/user/.m2/repository/com/fasterxml/jackson/core/jackson-annotations/2.9.9/jackson-annotations-2.9.9.jar:/home/user/.m2/repository/org/apache/hadoop/hadoop-hdds-common/0.5.0-SNAPSHOT/hadoop-hdds-common-0.5.0-SNAPSHOT.jar:/home/user/.m2/repository/javax/annotation/javax.annotation-api/1.2/javax.annotation-api-1.2.jar:/home/user/.m2/repository/org/apache/ratis/ratis-server/0.5.0-201fc85-SNAPSHOT/ratis-server-0.5.0-201fc85-SNAPSHOT.jar:/home/user/.m2/repository/org/apache/ratis/ratis-thirdparty-misc/0.2.0/ratis-thirdparty-misc-0.2.0.jar:/home/user/.m2/repository/org/apache/ratis/ratis-proto/0.5.0-201fc85-SNAPSHOT/ratis-proto-0.5.0-201fc85-SNAPSHOT.jar:/home/user/.m2/repository/org/apache/ratis/ratis-common/0.5.0-201fc85-SNAPSHOT/ratis-common-0.5.0-201fc85-SNAPSHOT.jar:/home/user/.m2/repository/org/apache/ratis/ratis-client/0.5.0-201fc85-SNAPSHOT/ratis-client-0.5.0-201fc85-SNAPSHOT.jar:/home/user/.m2/repository/org/apache/ratis/ratis-metrics/0.5.0-201fc85-SNAPSHOT/ratis-metrics-0.5.0-201fc85-SNAPSHOT.jar:/home/user/.m2/repository/com/github/joshelser/dropwizard-metrics-hadoop-metrics2-reporter/0.1.2/dropwizard-metrics-hadoop-metrics2-reporter-0.1.2.jar:/home/user/.m2/repository/io/dropwizard/metrics/metrics-jvm/3.2.5/metrics-jvm-3.2.5.jar:/home/user/.m2/repository/io/dropwizard/metrics/metrics-ganglia/3.2.5/metrics-ganglia-3.2.5.jar:/home/user/.m2/repository/info/ganglia/gmetric4j/gmetric4j/1.0.7/gmetric4j-1.0.7.jar:/home/user/.m2/repository/org/apache/ratis/ratis-netty/0.5.0-201fc85-SNAPSHOT/ratis-netty-0.5.0-201fc85-SNAPSHOT.jar:/home/user/.m2/repository/org/apache/ratis/ratis-grpc/0.5.0-201fc85-SNAPSHOT/ratis-grpc-0.5.0-201fc85-SNAPSHOT.jar:/home/user/.m2/repository/org/rocksdb/rocksdbjni/6.0.1/rocksdbjni-6.0.1.jar:/home/user/.m2/repository/org/apache/logging/log4j/log4j-api/2.11.0/log4j-api-2.11.0.jar:/home/user/.m2/repository/org/apache/logging/log4j/log4j-core/2.11.0/log4j-core-2.11.0.jar:/home/user/.m2/repository/com/lmax/disruptor/3.4.2/disruptor-3.4.2.jar:/home/user/.m2/repository/org/apache/commons/commons-pool2/2.6.0/commons-pool2-2.6.0.jar:/home/user/.m2/repository/org/bouncycastle/bcpkix-jdk15on/1.60/bcpkix-jdk15on-1.60.jar:/home/user/.m2/repository/commons-validator/commons-validator/1.6/commons-validator-1.6.jar:/home/user/.m2/repository/commons-digester/commons-digester/1.8.1/commons-digester-1.8.1.jar:/home/user/.m2/repository/io/jaegertracing/jaeger-client/0.34.0/jaeger-client-0.34.0.jar:/home/user/.m2/repository/io/jaegertracing/jaeger-thrift/0.34.0/jaeger-thrift-0.34.0.jar:/home/user/.m2/repository/org/apache/thrift/libthrift/0.12.0/libthrift-0.12.0.jar:/home/user/.m2/repository/com/squareup/okhttp3/okhttp/3.9.0/okhttp-3.9.0.jar:/home/user/.m2/repository/com/squareup/okio/okio/1.13.0/okio-1.13.0.jar:/home/user/.m2/repository/io/jaegertracing/jaeger-core/0.34.0/jaeger-core-0.34.0.jar:/home/user/.m2/repository/io/jaegertracing/jaeger-tracerresolver/0.34.0/jaeger-tracerresolver-0.34.0.jar:/home/user/.m2/repository/io/opentracing/contrib/opentracing-tracerresolver/0.1.5/opentracing-tracerresolver-0.1.5.jar:/home/user/.m2/repository/io/opentracing/opentracing-util/0.31.0/opentracing-util-0.31.0.jar:/home/user/.m2/repository/io/opentracing/opentracing-api/0.31.0/opentracing-api-0.31.0.jar:/home/user/.m2/repository/io/opentracing/opentracing-noop/0.31.0/opentracing-noop-0.31.0.jar:/home/user/.m2/repository/org/apache/hadoop/hadoop-hdds-server-framework/0.5.0-SNAPSHOT/hadoop-hdds-server-framework-0.5.0-SNAPSHOT.jar:/home/user/.m2/repository/org/apache/hadoop/hadoop-hdds-container-service/0.5.0-SNAPSHOT/hadoop-hdds-container-service-0.5.0-SNAPSHOT.jar:/home/user/.m2/repository/org/apache/hadoop/hadoop-hdds-client/0.5.0-SNAPSHOT/hadoop-hdds-client-0.5.0-SNAPSHOT.jar:/home/user/.m2/repository/org/apache/hadoop/hadoop-hdds-tools/0.5.0-SNAPSHOT/hadoop-hdds-tools-0.5.0-SNAPSHOT.jar:/home/user/.m2/repository/org/apache/hadoop/hadoop-hdds-server-scm/0.5.0-SNAPSHOT/hadoop-hdds-server-scm-0.5.0-SNAPSHOT.jar:/home/user/.m2/repository/org/apache/hadoop/hadoop-hdds-docs/0.5.0-SNAPSHOT/hadoop-hdds-docs-0.5.0-SNAPSHOT.jar:/home/user/.m2/repository/io/dropwizard/metrics/metrics-core/3.2.4/metrics-core-3.2.4.jar:/home/user/.m2/repository/org/hamcrest/hamcrest-all/1.3/hamcrest-all-1.3.jar:/home/user/.m2/repository/org/bouncycastle/bcprov-jdk15on/1.60/bcprov-jdk15on-1.60.jar:/home/user/.m2/repository/info/picocli/picocli/3.9.6/picocli-3.9.6.jar:/home/user/.m2/repository/com/google/protobuf/protobuf-java/2.5.0/protobuf-java-2.5.0.jar:/home/user/.m2/repository/com/google/guava/guava/11.0.2/guava-11.0.2.jar:/home/user/.m2/repository/org/apache/hadoop/hadoop-ozone-ozone-manager/0.5.0-SNAPSHOT/hadoop-ozone-ozone-manager-0.5.0-SNAPSHOT.jar:/home/user/.m2/repository/org/apache/hadoop/hadoop-minikdc/3.2.0/hadoop-minikdc-3.2.0.jar:/home/user/.m2/repository/commons-io/commons-io/2.5/commons-io-2.5.jar:/home/user/.m2/repository/org/apache/kerby/kerb-simplekdc/1.0.1/kerb-simplekdc-1.0.1.jar:/home/user/.m2/repository/org/apache/kerby/kerb-client/1.0.1/kerb-client-1.0.1.jar:/home/user/.m2/repository/org/apache/kerby/kerby-config/1.0.1/kerby-config-1.0.1.jar:/home/user/.m2/repository/org/apache/kerby/kerb-core/1.0.1/kerb-core-1.0.1.jar:/home/user/.m2/repository/org/apache/kerby/kerby-pkix/1.0.1/kerby-pkix-1.0.1.jar:/home/user/.m2/repository/org/apache/kerby/kerby-asn1/1.0.1/kerby-asn1-1.0.1.jar:/home/user/.m2/repository/org/apache/kerby/kerby-util/1.0.1/kerby-util-1.0.1.jar:/home/user/.m2/repository/org/apache/kerby/kerb-common/1.0.1/kerb-common-1.0.1.jar:/home/user/.m2/repository/org/apache/kerby/kerb-crypto/1.0.1/kerb-crypto-1.0.1.jar:/home/user/.m2/repository/org/apache/kerby/kerb-util/1.0.1/kerb-util-1.0.1.jar:/home/user/.m2/repository/org/apache/kerby/token-provider/1.0.1/token-provider-1.0.1.jar:/home/user/.m2/repository/org/apache/kerby/kerb-admin/1.0.1/kerb-admin-1.0.1.jar:/home/user/.m2/repository/org/apache/kerby/kerb-server/1.0.1/kerb-server-1.0.1.jar:/home/user/.m2/repository/org/apache/kerby/kerb-identity/1.0.1/kerb-identity-1.0.1.jar:/home/user/.m2/repository/org/apache/kerby/kerby-xdr/1.0.1/kerby-xdr-1.0.1.jar:/home/user/.m2/repository/org/slf4j/slf4j-log4j12/1.7.25/slf4j-log4j12-1.7.25.jar:/home/user/.m2/repository/org/apache/hadoop/hadoop-ozone-s3gateway/0.5.0-SNAPSHOT/hadoop-ozone-s3gateway-0.5.0-SNAPSHOT.jar:/home/user/.m2/repository/org/jboss/weld/servlet/weld-servlet/2.4.7.Final/weld-servlet-2.4.7.Final.jar:/home/user/.m2/repository/org/glassfish/jersey/containers/jersey-container-servlet-core/2.27/jersey-container-servlet-core-2.27.jar:/home/user/.m2/repository/org/glassfish/hk2/external/javax.inject/2.5.0-b42/javax.inject-2.5.0-b42.jar:/home/user/.m2/repository/org/glassfish/jersey/core/jersey-common/2.27/jersey-common-2.27.jar:/home/user/.m2/repository/org/glassfish/hk2/osgi-resource-locator/1.0.1/osgi-resource-locator-1.0.1.jar:/home/user/.m2/repository/javax/ws/rs/javax.ws.rs-api/2.1/javax.ws.rs-api-2.1.jar:/home/user/.m2/repository/org/glassfish/jersey/ext/cdi/jersey-cdi1x/2.27/jersey-cdi1x-2.27.jar:/home/user/.m2/repository/org/glassfish/jersey/inject/jersey-hk2/2.27/jersey-hk2-2.27.jar:/home/user/.m2/repository/org/glassfish/hk2/hk2-locator/2.5.0-b42/hk2-locator-2.5.0-b42.jar:/home/user/.m2/repository/org/javassist/javassist/3.22.0-CR2/javassist-3.22.0-CR2.jar:/home/user/.m2/repository/org/glassfish/hk2/hk2-api/2.5.0/hk2-api-2.5.0.jar:/home/user/.m2/repository/org/glassfish/hk2/external/jakarta.inject/2.5.0/jakarta.inject-2.5.0.jar:/home/user/.m2/repository/org/glassfish/hk2/hk2-utils/2.5.0/hk2-utils-2.5.0.jar:/home/user/.m2/repository/jakarta/annotation/jakarta.annotation-api/1.3.4/jakarta.annotation-api-1.3.4.jar:/home/user/.m2/repository/org/glassfish/hk2/external/aopalliance-repackaged/2.5.0/aopalliance-repackaged-2.5.0.jar:/home/user/.m2/repository/com/fasterxml/jackson/dataformat/jackson-dataformat-xml/2.9.0/jackson-dataformat-xml-2.9.0.jar:/home/user/.m2/repository/com/fasterxml/jackson/core/jackson-core/2.9.9/jackson-core-2.9.9.jar:/home/user/.m2/repository/com/fasterxml/jackson/module/jackson-module-jaxb-annotations/2.9.9/jackson-module-jaxb-annotations-2.9.9.jar:/home/user/.m2/repository/javax/enterprise/cdi-api/1.2/cdi-api-1.2.jar:/home/user/.m2/repository/javax/el/javax.el-api/3.0.0/javax.el-api-3.0.0.jar:/home/user/.m2/repository/javax/interceptor/javax.interceptor-api/1.2/javax.interceptor-api-1.2.jar:/home/user/.m2/repository/javax/inject/javax.inject/1/javax.inject-1.jar:/home/user/.m2/repository/com/sun/xml/bind/jaxb-impl/2.3.0.1/jaxb-impl-2.3.0.1.jar:/home/user/.m2/repository/com/sun/xml/bind/jaxb-core/2.3.0.1/jaxb-core-2.3.0.1.jar:/home/user/.m2/repository/javax/xml/bind/jaxb-api/2.3.0/jaxb-api-2.3.0.jar:/home/user/.m2/repository/javax/activation/activation/1.1.1/activation-1.1.1.jar:/home/user/.m2/repository/org/apache/hadoop/hadoop-ozone-csi/0.5.0-SNAPSHOT/hadoop-ozone-csi-0.5.0-SNAPSHOT.jar:/home/user/.m2/repository/com/google/protobuf/protobuf-java-util/3.5.1/protobuf-java-util-3.5.1.jar:/home/user/.m2/repository/org/apache/hadoop/hadoop-hdds-config/0.5.0-SNAPSHOT/hadoop-hdds-config-0.5.0-SNAPSHOT.jar:/home/user/.m2/repository/io/grpc/grpc-netty/1.17.1/grpc-netty-1.17.1.jar:/home/user/.m2/repository/io/grpc/grpc-core/1.17.1/grpc-core-1.17.1.jar:/home/user/.m2/repository/io/grpc/grpc-context/1.17.1/grpc-context-1.17.1.jar:/home/user/.m2/repository/com/google/errorprone/error_prone_annotations/2.2.0/error_prone_annotations-2.2.0.jar:/home/user/.m2/repository/org/codehaus/mojo/animal-sniffer-annotations/1.17/animal-sniffer-annotations-1.17.jar:/home/user/.m2/repository/io/opencensus/opencensus-api/0.17.0/opencensus-api-0.17.0.jar:/home/user/.m2/repository/io/opencensus/opencensus-contrib-grpc-metrics/0.17.0/opencensus-contrib-grpc-metrics-0.17.0.jar:/home/user/.m2/repository/io/netty/netty-codec-http2/4.1.30.Final/netty-codec-http2-4.1.30.Final.jar:/home/user/.m2/repository/io/netty/netty-codec-http/4.1.30.Final/netty-codec-http-4.1.30.Final.jar:/home/user/.m2/repository/io/netty/netty-codec/4.1.30.Final/netty-codec-4.1.30.Final.jar:/home/user/.m2/repository/io/netty/netty-handler/4.1.30.Final/netty-handler-4.1.30.Final.jar:/home/user/.m2/repository/io/netty/netty-handler-proxy/4.1.30.Final/netty-handler-proxy-4.1.30.Final.jar:/home/user/.m2/repository/io/netty/netty-codec-socks/4.1.30.Final/netty-codec-socks-4.1.30.Final.jar:/home/user/.m2/repository/io/netty/netty-transport-native-epoll/4.1.30.Final/netty-transport-native-epoll-4.1.30.Final.jar:/home/user/.m2/repository/io/netty/netty-common/4.1.30.Final/netty-common-4.1.30.Final.jar:/home/user/.m2/repository/io/netty/netty-buffer/4.1.30.Final/netty-buffer-4.1.30.Final.jar:/home/user/.m2/repository/io/netty/netty-transport/4.1.30.Final/netty-transport-4.1.30.Final.jar:/home/user/.m2/repository/io/netty/netty-resolver/4.1.30.Final/netty-resolver-4.1.30.Final.jar:/home/user/.m2/repository/io/netty/netty-transport-native-unix-common/4.1.30.Final/netty-transport-native-unix-common-4.1.30.Final.jar:/home/user/.m2/repository/io/grpc/grpc-protobuf/1.17.1/grpc-protobuf-1.17.1.jar:/home/user/.m2/repository/com/google/api/grpc/proto-google-common-protos/1.0.0/proto-google-common-protos-1.0.0.jar:/home/user/.m2/repository/io/grpc/grpc-protobuf-lite/1.17.1/grpc-protobuf-lite-1.17.1.jar:/home/user/.m2/repository/io/grpc/grpc-stub/1.17.1/grpc-stub-1.17.1.jar:/home/user/.m2/repository/org/apache/hadoop/hadoop-ozone-recon/0.5.0-SNAPSHOT/hadoop-ozone-recon-0.5.0-SNAPSHOT.jar:/home/user/.m2/repository/org/apache/hadoop/hadoop-ozone-reconcodegen/0.5.0-SNAPSHOT/hadoop-ozone-reconcodegen-0.5.0-SNAPSHOT.jar:/home/user/.m2/repository/com/google/inject/extensions/guice-multibindings/4.0/guice-multibindings-4.0.jar:/home/user/.m2/repository/com/google/inject/guice/4.0/guice-4.0.jar:/home/user/.m2/repository/aopalliance/aopalliance/1.0/aopalliance-1.0.jar:/home/user/.m2/repository/com/google/inject/extensions/guice-servlet/4.0/guice-servlet-4.0.jar:/home/user/.m2/repository/org/glassfish/jersey/containers/jersey-container-servlet/2.27/jersey-container-servlet-2.27.jar:/home/user/.m2/repository/org/glassfish/hk2/guice-bridge/2.5.0/guice-bridge-2.5.0.jar:/home/user/.m2/repository/org/glassfish/jersey/core/jersey-server/2.27/jersey-server-2.27.jar:/home/user/.m2/repository/org/glassfish/jersey/core/jersey-client/2.27/jersey-client-2.27.jar:/home/user/.m2/repository/org/glassfish/jersey/media/jersey-media-jaxb/2.27/jersey-media-jaxb-2.27.jar:/home/user/.m2/repository/javax/validation/validation-api/1.1.0.Final/validation-api-1.1.0.Final.jar:/home/user/.m2/repository/org/glassfish/jersey/media/jersey-media-json-jackson/2.27/jersey-media-json-jackson-2.27.jar:/home/user/.m2/repository/org/glassfish/jersey/ext/jersey-entity-filtering/2.27/jersey-entity-filtering-2.27.jar:/home/user/.m2/repository/com/google/inject/extensions/guice-assistedinject/4.0/guice-assistedinject-4.0.jar:/home/user/.m2/repository/org/jooq/jooq/3.11.10/jooq-3.11.10.jar:/home/user/.m2/repository/org/jooq/jooq-meta/3.11.10/jooq-meta-3.11.10.jar:/home/user/.m2/repository/org/jooq/jooq-codegen/3.11.10/jooq-codegen-3.11.10.jar:/home/user/.m2/repository/com/jolbox/bonecp/0.8.0.RELEASE/bonecp-0.8.0.RELEASE.jar:/home/user/.m2/repository/org/xerial/sqlite-jdbc/3.25.2/sqlite-jdbc-3.25.2.jar:/home/user/.m2/repository/org/springframework/spring-jdbc/5.1.3.RELEASE/spring-jdbc-5.1.3.RELEASE.jar:/home/user/.m2/repository/org/springframework/spring-beans/5.1.3.RELEASE/spring-beans-5.1.3.RELEASE.jar:/home/user/.m2/repository/org/springframework/spring-core/5.1.3.RELEASE/spring-core-5.1.3.RELEASE.jar:/home/user/.m2/repository/org/springframework/spring-jcl/5.1.3.RELEASE/spring-jcl-5.1.3.RELEASE.jar:/home/user/.m2/repository/org/springframework/spring-tx/5.1.3.RELEASE/spring-tx-5.1.3.RELEASE.jar:/home/user/.m2/repository/org/apache/hadoop/hadoop-ozone-client/0.5.0-SNAPSHOT/hadoop-ozone-client-0.5.0-SNAPSHOT.jar:/home/user/.m2/repository/commons-lang/commons-lang/2.6/commons-lang-2.6.jar:/home/user/.m2/repository/org/apache/hadoop/hadoop-ozone-ozone-manager/0.5.0-SNAPSHOT/hadoop-ozone-ozone-manager-0.5.0-SNAPSHOT-tests.jar:/home/user/.m2/repository/junit/junit/4.11/junit-4.11.jar:/home/user/.m2/repository/org/hamcrest/hamcrest-core/1.3/hamcrest-core-1.3.jar:/home/user/.m2/repository/org/openjdk/jmh/jmh-core/1.19/jmh-core-1.19.jar:/home/user/.m2/repository/net/sf/jopt-simple/jopt-simple/4.6/jopt-simple-4.6.jar:/home/user/.m2/repository/org/apache/commons/commons-math3/3.1.1/commons-math3-3.1.1.jar:/home/user/.m2/repository/org/openjdk/jmh/jmh-generator-annprocess/1.19/jmh-generator-annprocess-1.19.jar:/home/user/.m2/repository/org/mockito/mockito-all/1.8.5/mockito-all-1.8.5.jar:/home/user/.m2/repository/org/apache/hadoop/hadoop-kms/3.2.0/hadoop-kms-3.2.0.jar:/home/user/.m2/repository/org/apache/hadoop/hadoop-auth/3.2.0/hadoop-auth-3.2.0.jar:/home/user/.m2/repository/com/nimbusds/nimbus-jose-jwt/4.41.1/nimbus-jose-jwt-4.41.1.jar:/home/user/.m2/repository/com/github/stephenc/jcip/jcip-annotations/1.0-1/jcip-annotations-1.0-1.jar:/home/user/.m2/repository/net/minidev/json-smart/2.3/json-smart-2.3.jar:/home/user/.m2/repository/net/minidev/accessors-smart/1.2/accessors-smart-1.2.jar:/home/user/.m2/repository/org/ow2/asm/asm/5.0.4/asm-5.0.4.jar:/home/user/.m2/repository/org/apache/curator/curator-framework/2.12.0/curator-framework-2.12.0.jar:/home/user/.m2/repository/com/sun/jersey/jersey-core/1.19/jersey-core-1.19.jar:/home/user/.m2/repository/javax/ws/rs/jsr311-api/1.1.1/jsr311-api-1.1.1.jar:/home/user/.m2/repository/com/sun/jersey/jersey-server/1.19/jersey-server-1.19.jar:/home/user/.m2/repository/javax/servlet/javax.servlet-api/3.1.0/javax.servlet-api-3.1.0.jar:/home/user/.m2/repository/org/eclipse/jetty/jetty-server/9.3.25.v20180904/jetty-server-9.3.25.v20180904.jar:/home/user/.m2/repository/org/eclipse/jetty/jetty-http/9.3.25.v20180904/jetty-http-9.3.25.v20180904.jar:/home/user/.m2/repository/org/eclipse/jetty/jetty-io/9.3.25.v20180904/jetty-io-9.3.25.v20180904.jar:/home/user/.m2/repository/org/eclipse/jetty/jetty-webapp/9.3.25.v20180904/jetty-webapp-9.3.25.v20180904.jar:/home/user/.m2/repository/org/eclipse/jetty/jetty-xml/9.3.25.v20180904/jetty-xml-9.3.25.v20180904.jar:/home/user/.m2/repository/log4j/log4j/1.2.17/log4j-1.2.17.jar:/home/user/.m2/repository/org/slf4j/slf4j-api/1.7.25/slf4j-api-1.7.25.jar:/home/user/.m2/repository/org/slf4j/jul-to-slf4j/1.7.25/jul-to-slf4j-1.7.25.jar:/home/user/.m2/repository/org/eclipse/jetty/jetty-util/9.3.25.v20180904/jetty-util-9.3.25.v20180904.jar:/home/user/.m2/repository/com/fasterxml/jackson/core/jackson-databind/2.9.9/jackson-databind-2.9.9.jar:/home/user/.m2/repository/org/apache/hadoop/hadoop-kms/3.2.0/hadoop-kms-3.2.0-tests.jar:/home/user/.m2/repository/org/apache/hadoop/hadoop-hdds-server-scm/0.5.0-SNAPSHOT/hadoop-hdds-server-scm-0.5.0-SNAPSHOT-tests.jar:/home/user/.m2/repository/org/apache/hadoop/hadoop-hdds-container-service/0.5.0-SNAPSHOT/hadoop-hdds-container-service-0.5.0-SNAPSHOT-tests.jar:/home/user/.m2/repository/org/yaml/snakeyaml/1.16/snakeyaml-1.16.jar:/home/user/.m2/repository/org/apache/hadoop/hadoop-common/3.2.0/hadoop-common-3.2.0-tests.jar:/home/user/.m2/repository/org/apache/hadoop/hadoop-annotations/3.2.0/hadoop-annotations-3.2.0.jar:/usr/lib/jvm/java-1.8-openjdk/jre/../lib/tools.jar:/home/user/.m2/repository/commons-cli/commons-cli/1.2/commons-cli-1.2.jar:/home/user/.m2/repository/org/apache/httpcomponents/httpclient/4.5.2/httpclient-4.5.2.jar:/home/user/.m2/repository/org/apache/httpcomponents/httpcore/4.4.4/httpcore-4.4.4.jar:/home/user/.m2/repository/commons-codec/commons-codec/1.11/commons-codec-1.11.jar:/home/user/.m2/repository/commons-net/commons-net/3.6/commons-net-3.6.jar:/home/user/.m2/repository/commons-collections/commons-collections/3.2.2/commons-collections-3.2.2.jar:/home/user/.m2/repository/org/eclipse/jetty/jetty-servlet/9.3.25.v20180904/jetty-servlet-9.3.25.v20180904.jar:/home/user/.m2/repository/org/eclipse/jetty/jetty-security/9.3.25.v20180904/jetty-security-9.3.25.v20180904.jar:/home/user/.m2/repository/javax/servlet/jsp/jsp-api/2.1/jsp-api-2.1.jar:/home/user/.m2/repository/com/sun/jersey/jersey-servlet/1.19/jersey-servlet-1.19.jar:/home/user/.m2/repository/com/sun/jersey/jersey-json/1.19/jersey-json-1.19.jar:/home/user/.m2/repository/org/codehaus/jettison/jettison/1.1/jettison-1.1.jar:/home/user/.m2/repository/org/codehaus/jackson/jackson-core-asl/1.9.13/jackson-core-asl-1.9.13.jar:/home/user/.m2/repository/org/codehaus/jackson/jackson-mapper-asl/1.9.13/jackson-mapper-asl-1.9.13.jar:/home/user/.m2/repository/org/codehaus/jackson/jackson-jaxrs/1.9.13/jackson-jaxrs-1.9.13.jar:/home/user/.m2/repository/org/codehaus/jackson/jackson-xc/1.9.13/jackson-xc-1.9.13.jar:/home/user/.m2/repository/commons-logging/commons-logging/1.1.3/commons-logging-1.1.3.jar:/home/user/.m2/repository/commons-beanutils/commons-beanutils/1.9.4/commons-beanutils-1.9.4.jar:/home/user/.m2/repository/org/apache/commons/commons-configuration2/2.1.1/commons-configuration2-2.1.1.jar:/home/user/.m2/repository/org/apache/commons/commons-lang3/3.7/commons-lang3-3.7.jar:/home/user/.m2/repository/org/apache/commons/commons-text/1.4/commons-text-1.4.jar:/home/user/.m2/repository/org/apache/avro/avro/1.7.7/avro-1.7.7.jar:/home/user/.m2/repository/com/thoughtworks/paranamer/paranamer/2.3/paranamer-2.3.jar:/home/user/.m2/repository/org/xerial/snappy/snappy-java/1.0.5/snappy-java-1.0.5.jar:/home/user/.m2/repository/com/google/re2j/re2j/1.1/re2j-1.1.jar:/home/user/.m2/repository/com/google/code/gson/gson/2.2.4/gson-2.2.4.jar:/home/user/.m2/repository/com/jcraft/jsch/0.1.54/jsch-0.1.54.jar:/home/user/.m2/repository/org/apache/curator/curator-client/2.12.0/curator-client-2.12.0.jar:/home/user/.m2/repository/org/apache/curator/curator-recipes/2.12.0/curator-recipes-2.12.0.jar:/home/user/.m2/repository/com/google/code/findbugs/jsr305/3.0.0/jsr305-3.0.0.jar:/home/user/.m2/repository/org/apache/htrace/htrace-core4/4.1.0-incubating/htrace-core4-4.1.0-incubating.jar:/home/user/.m2/repository/org/apache/zookeeper/zookeeper/3.4.13/zookeeper-3.4.13.jar:/home/user/.m2/repository/jline/jline/0.9.94/jline-0.9.94.jar:/home/user/.m2/repository/org/apache/yetus/audience-annotations/0.5.0/audience-annotations-0.5.0.jar:/home/user/.m2/repository/org/codehaus/woodstox/stax2-api/3.1.4/stax2-api-3.1.4.jar:/home/user/.m2/repository/com/fasterxml/woodstox/woodstox-core/5.0.3/woodstox-core-5.0.3.jar:/home/user/.m2/repository/dnsjava/dnsjava/2.1.7/dnsjava-2.1.7.jar:/home/user/.m2/repository/org/apache/hadoop/hadoop-hdfs/3.2.0/hadoop-hdfs-3.2.0-tests.jar:/home/user/.m2/repository/org/eclipse/jetty/jetty-util-ajax/9.3.25.v20180904/jetty-util-ajax-9.3.25.v20180904.jar:/home/user/.m2/repository/commons-daemon/commons-daemon/1.0.13/commons-daemon-1.0.13.jar:/home/user/.m2/repository/io/netty/netty/3.10.5.Final/netty-3.10.5.Final.jar:/home/user/.m2/repository/io/netty/netty-all/4.0.52.Final/netty-all-4.0.52.Final.jar:/home/user/.m2/repository/org/fusesource/leveldbjni/leveldbjni-all/1.8/leveldbjni-all-1.8.jar:"/>
    <property name="sun.cpu.endian" value="little"/>
    <property name="user.home" value="/home/user"/>
    <property name="user.language" value="en"/>
    <property name="java.specification.vendor" value="Oracle Corporation"/>
    <property name="java.home" value="/usr/lib/jvm/java-1.8-openjdk/jre"/>
    <property name="surefire.excludesFile" value="/tools/ozone-bad-unit-tests"/>
    <property name="java.security.krb5.conf" value="/workdir/hadoop-ozone/integration-test/target/test-classes/krb5.conf"/>
    <property name="basedir" value="/workdir/hadoop-ozone/integration-test"/>
    <property name="file.separator" value="/"/>
    <property name="line.separator" value="&#10;"/>
    <property name="java.vm.specification.vendor" value="Oracle Corporation"/>
    <property name="java.specification.name" value="Java Platform API Specification"/>
    <property name="java.awt.graphicsenv" value="sun.awt.X11GraphicsEnvironment"/>
    <property name="surefire.real.class.path" value="/workdir/hadoop-ozone/integration-test/target/surefire/surefirebooter5851994382899463416.jar"/>
    <property name="hadoop.log.dir" value="/workdir/hadoop-ozone/integration-test/target/log"/>
    <property name="sun.boot.class.path" value="/usr/lib/jvm/java-1.8-openjdk/jre/lib/resources.jar:/usr/lib/jvm/java-1.8-openjdk/jre/lib/rt.jar:/usr/lib/jvm/java-1.8-openjdk/jre/lib/sunrsasign.jar:/usr/lib/jvm/java-1.8-openjdk/jre/lib/jsse.jar:/usr/lib/jvm/java-1.8-openjdk/jre/lib/jce.jar:/usr/lib/jvm/java-1.8-openjdk/jre/lib/charsets.jar:/usr/lib/jvm/java-1.8-openjdk/jre/lib/jfr.jar:/usr/lib/jvm/java-1.8-openjdk/jre/classes"/>
    <property name="sun.management.compiler" value="HotSpot 64-Bit Tiered Compilers"/>
    <property name="java.runtime.version" value="1.8.0_212-b04"/>
    <property name="java.net.preferIPv4Stack" value="true"/>
    <property name="user.name" value="jenkins1000"/>
    <property name="path.separator" value=":"/>
    <property name="java.security.egd" value="file:///dev/urandom"/>
    <property name="os.version" value="3.10.0-957.12.2.el7.x86_64"/>
    <property name="java.endorsed.dirs" value="/usr/lib/jvm/java-1.8-openjdk/jre/lib/endorsed"/>
    <property name="java.runtime.name" value="OpenJDK Runtime Environment"/>
    <property name="file.encoding" value="UTF-8"/>
    <property name="java.vm.name" value="OpenJDK 64-Bit Server VM"/>
    <property name="test.build.webapps" value=""/>
    <property name="localRepository" value="/home/user/.m2/repository"/>
    <property name="java.vendor.url.bug" value="https://icedtea.classpath.org/bugzilla"/>
    <property name="java.io.tmpdir" value="/tmp"/>
    <property name="require.test.libhadoop" value=""/>
    <property name="java.version" value="1.8.0_212"/>
    <property name="user.dir" value="/workdir/hadoop-ozone/integration-test"/>
    <property name="os.arch" value="amd64"/>
    <property name="java.vm.specification.name" value="Java Virtual Machine Specification"/>
    <property name="test.build.classes" value="/workdir/hadoop-ozone/integration-test/target/test-classes"/>
    <property name="java.awt.printerjob" value="sun.print.PSPrinterJob"/>
    <property name="sun.os.patch.level" value="unknown"/>
    <property name="hadoop.tmp.dir" value="/workdir/hadoop-ozone/integration-test/target/tmp"/>
    <property name="java.library.path" value="/usr/lib/jvm/java-1.8-openjdk/jre/lib/amd64/server:/usr/lib/jvm/java-1.8-openjdk/jre/lib/amd64:/usr/lib/jvm/java-1.8-openjdk/jre/../lib/amd64:/workdir/hadoop-ozone/integration-test/target/native/target/usr/local/lib:/workdir/hadoop-ozone/integration-test/../../hadoop-common-project/hadoop-common/target/native/target/usr/local/lib:/usr/java/packages/lib/amd64:/usr/lib64:/lib64:/lib:/usr/lib"/>
    <property name="java.vm.info" value="mixed mode"/>
    <property name="java.vendor" value="IcedTea"/>
    <property name="java.vm.version" value="25.212-b04"/>
    <property name="java.ext.dirs" value="/usr/lib/jvm/java-1.8-openjdk/jre/lib/ext:/usr/java/packages/lib/ext"/>
    <property name="sun.io.unicode.encoding" value="UnicodeLittle"/>
    <property name="java.class.version" value="52.0"/>
  </properties>
  <testcase name="test2DatanodesFailure" classname="org.apache.hadoop.ozone.client.rpc.TestBlockOutputStreamWithFailures" time="110.632">
    <error message="Allocated 0 blocks. Requested 1 blocks" type="INTERNAL_ERROR org.apache.hadoop.ozone.om.exceptions.OMException">INTERNAL_ERROR org.apache.hadoop.ozone.om.exceptions.OMException: Allocated 0 blocks. Requested 1 blocks
	at org.apache.hadoop.ozone.om.protocolPB.OzoneManagerProtocolClientSideTranslatorPB.handleError(OzoneManagerProtocolClientSideTranslatorPB.java:732)
	at org.apache.hadoop.ozone.om.protocolPB.OzoneManagerProtocolClientSideTranslatorPB.allocateBlock(OzoneManagerProtocolClientSideTranslatorPB.java:764)
	at sun.reflect.NativeMethodAccessorImpl.invoke0(Native Method)
	at sun.reflect.NativeMethodAccessorImpl.invoke(NativeMethodAccessorImpl.java:62)
	at sun.reflect.DelegatingMethodAccessorImpl.invoke(DelegatingMethodAccessorImpl.java:43)
	at java.lang.reflect.Method.invoke(Method.java:498)
	at org.apache.hadoop.hdds.tracing.TraceAllMethod.invoke(TraceAllMethod.java:66)
	at com.sun.proxy.$Proxy37.allocateBlock(Unknown Source)
	at org.apache.hadoop.ozone.client.io.BlockOutputStreamEntryPool.allocateNewBlock(BlockOutputStreamEntryPool.java:258)
	at org.apache.hadoop.ozone.client.io.BlockOutputStreamEntryPool.allocateBlockIfNeeded(BlockOutputStreamEntryPool.java:306)
	at org.apache.hadoop.ozone.client.io.KeyOutputStream.handleWrite(KeyOutputStream.java:198)
	at org.apache.hadoop.ozone.client.io.KeyOutputStream.handleRetry(KeyOutputStream.java:375)
	at org.apache.hadoop.ozone.client.io.KeyOutputStream.handleException(KeyOutputStream.java:324)
	at org.apache.hadoop.ozone.client.io.KeyOutputStream.handleWrite(KeyOutputStream.java:228)
	at org.apache.hadoop.ozone.client.io.KeyOutputStream.write(KeyOutputStream.java:190)
	at org.apache.hadoop.ozone.client.io.OzoneOutputStream.write(OzoneOutputStream.java:49)
	at java.io.OutputStream.write(OutputStream.java:75)
	at org.apache.hadoop.ozone.client.rpc.TestBlockOutputStreamWithFailures.test2DatanodesFailure(TestBlockOutputStreamWithFailures.java:497)
	at sun.reflect.NativeMethodAccessorImpl.invoke0(Native Method)
	at sun.reflect.NativeMethodAccessorImpl.invoke(NativeMethodAccessorImpl.java:62)
	at sun.reflect.DelegatingMethodAccessorImpl.invoke(DelegatingMethodAccessorImpl.java:43)
	at java.lang.reflect.Method.invoke(Method.java:498)
	at org.junit.runners.model.FrameworkMethod$1.runReflectiveCall(FrameworkMethod.java:47)
	at org.junit.internal.runners.model.ReflectiveCallable.run(ReflectiveCallable.java:12)
	at org.junit.runners.model.FrameworkMethod.invokeExplosively(FrameworkMethod.java:44)
	at org.junit.internal.runners.statements.InvokeMethod.evaluate(InvokeMethod.java:17)
	at org.junit.internal.runners.statements.RunBefores.evaluate(RunBefores.java:26)
	at org.junit.internal.runners.statements.RunAfters.evaluate(RunAfters.java:27)
	at org.junit.runners.ParentRunner.runLeaf(ParentRunner.java:271)
	at org.junit.runners.BlockJUnit4ClassRunner.runChild(BlockJUnit4ClassRunner.java:70)
	at org.junit.runners.BlockJUnit4ClassRunner.runChild(BlockJUnit4ClassRunner.java:50)
	at org.junit.runners.ParentRunner$3.run(ParentRunner.java:238)
	at org.junit.runners.ParentRunner$1.schedule(ParentRunner.java:63)
	at org.junit.runners.ParentRunner.runChildren(ParentRunner.java:236)
	at org.junit.runners.ParentRunner.access$000(ParentRunner.java:53)
	at org.junit.runners.ParentRunner$2.evaluate(ParentRunner.java:229)
	at org.junit.runners.ParentRunner.run(ParentRunner.java:309)
	at org.apache.maven.surefire.junit4.JUnit4Provider.execute(JUnit4Provider.java:365)
	at org.apache.maven.surefire.junit4.JUnit4Provider.executeWithRerun(JUnit4Provider.java:273)
	at org.apache.maven.surefire.junit4.JUnit4Provider.executeTestSet(JUnit4Provider.java:238)
	at org.apache.maven.surefire.junit4.JUnit4Provider.invoke(JUnit4Provider.java:159)
	at org.apache.maven.surefire.booter.ForkedBooter.invokeProviderInSameClassLoader(ForkedBooter.java:384)
	at org.apache.maven.surefire.booter.ForkedBooter.runSuitesInProcess(ForkedBooter.java:345)
	at org.apache.maven.surefire.booter.ForkedBooter.execute(ForkedBooter.java:126)
	at org.apache.maven.surefire.booter.ForkedBooter.main(ForkedBooter.java:418)
</error>
    <system-out><![CDATA[2019-10-15 03:20:56,826 [main] WARN  server.ServerUtils (ServerUtils.java:getScmDbDir(145)) - ozone.scm.db.dirs is not configured. We recommend adding this setting. Falling back to ozone.metadata.dirs instead.
2019-10-15 03:20:58,467 [main] WARN  server.ServerUtils (ServerUtils.java:getScmDbDir(145)) - ozone.scm.db.dirs is not configured. We recommend adding this setting. Falling back to ozone.metadata.dirs instead.
2019-10-15 03:20:58,471 [main] WARN  server.ServerUtils (ServerUtils.java:getScmDbDir(145)) - ozone.scm.db.dirs is not configured. We recommend adding this setting. Falling back to ozone.metadata.dirs instead.
2019-10-15 03:20:58,501 [main] INFO  util.log (Log.java:initialized(192)) - Logging initialized @2441ms
2019-10-15 03:20:58,604 [main] INFO  db.DBStoreBuilder (DBStoreBuilder.java:addTable(117)) - using custom profile for table: deletedBlocks
2019-10-15 03:20:58,604 [main] INFO  db.DBStoreBuilder (DBStoreBuilder.java:processTables(168)) - Using default column profile:DBProfile.DISK for Table:deletedBlocks
2019-10-15 03:20:58,605 [main] INFO  db.DBStoreBuilder (DBStoreBuilder.java:addTable(117)) - using custom profile for table: validCerts
2019-10-15 03:20:58,605 [main] INFO  db.DBStoreBuilder (DBStoreBuilder.java:processTables(168)) - Using default column profile:DBProfile.DISK for Table:validCerts
2019-10-15 03:20:58,605 [main] INFO  db.DBStoreBuilder (DBStoreBuilder.java:addTable(117)) - using custom profile for table: revokedCerts
2019-10-15 03:20:58,606 [main] INFO  db.DBStoreBuilder (DBStoreBuilder.java:processTables(168)) - Using default column profile:DBProfile.DISK for Table:revokedCerts
2019-10-15 03:20:58,618 [main] INFO  db.DBStoreBuilder (DBStoreBuilder.java:addTable(117)) - using custom profile for table: default
2019-10-15 03:20:58,619 [main] INFO  db.DBStoreBuilder (DBStoreBuilder.java:processTables(174)) - Using default column profile:DBProfile.DISK for Table:default
2019-10-15 03:20:58,620 [main] INFO  db.DBStoreBuilder (DBStoreBuilder.java:getDbProfile(205)) - Using default options. DBProfile.DISK
2019-10-15 03:20:59,612 [main] INFO  net.NodeSchemaLoader (NodeSchemaLoader.java:loadSchemaFromFile(125)) - Loading file from sun.misc.CompoundEnumeration@28701274
2019-10-15 03:20:59,614 [main] INFO  net.NodeSchemaLoader (NodeSchemaLoader.java:loadSchema(171)) - Loading network topology layer schema file
2019-10-15 03:20:59,686 [main] INFO  node.SCMNodeManager (SCMNodeManager.java:<init>(116)) - Entering startup safe mode.
2019-10-15 03:20:59,760 [main] INFO  algorithms.ContainerPlacementPolicyFactory (ContainerPlacementPolicyFactory.java:getPolicy(57)) - Create container placement policy of type org.apache.hadoop.hdds.scm.container.placement.algorithms.SCMContainerPlacementRandom
2019-10-15 03:20:59,775 [main] WARN  server.ServerUtils (ServerUtils.java:getScmDbDir(145)) - ozone.scm.db.dirs is not configured. We recommend adding this setting. Falling back to ozone.metadata.dirs instead.
2019-10-15 03:21:00,054 [main] INFO  pipeline.SCMPipelineManager (SCMPipelineManager.java:initializePipelineState(132)) - No pipeline exists in current db
2019-10-15 03:21:00,057 [main] WARN  server.ServerUtils (ServerUtils.java:getScmDbDir(145)) - ozone.scm.db.dirs is not configured. We recommend adding this setting. Falling back to ozone.metadata.dirs instead.
2019-10-15 03:21:00,203 [main] WARN  events.EventQueue (EventQueue.java:fireEvent(183)) - No event handler registered for event TypedEvent{payloadType=SafeModeStatus, name='SafeModeStatus'}
2019-10-15 03:21:00,584 [main] INFO  ipc.CallQueueManager (CallQueueManager.java:<init>(84)) - Using callQueue: class java.util.concurrent.LinkedBlockingQueue, queueCapacity: 2000, scheduler: class org.apache.hadoop.ipc.DefaultRpcScheduler, ipcBackoff: false.
2019-10-15 03:21:00,612 [Socket Reader #1 for port 40466] INFO  ipc.Server (Server.java:run(1074)) - Starting Socket Reader #1 for port 40466
2019-10-15 03:21:00,789 [main] INFO  ipc.CallQueueManager (CallQueueManager.java:<init>(84)) - Using callQueue: class java.util.concurrent.LinkedBlockingQueue, queueCapacity: 2000, scheduler: class org.apache.hadoop.ipc.DefaultRpcScheduler, ipcBackoff: false.
2019-10-15 03:21:00,791 [Socket Reader #1 for port 46007] INFO  ipc.Server (Server.java:run(1074)) - Starting Socket Reader #1 for port 46007
2019-10-15 03:21:00,801 [main] INFO  ipc.CallQueueManager (CallQueueManager.java:<init>(84)) - Using callQueue: class java.util.concurrent.LinkedBlockingQueue, queueCapacity: 2000, scheduler: class org.apache.hadoop.ipc.DefaultRpcScheduler, ipcBackoff: false.
2019-10-15 03:21:00,802 [Socket Reader #1 for port 45594] INFO  ipc.Server (Server.java:run(1074)) - Starting Socket Reader #1 for port 45594
2019-10-15 03:21:00,827 [main] INFO  hdfs.DFSUtil (DFSUtil.java:httpServerTemplateForNNAndJN(1641)) - Starting Web-server for scm at: http://0.0.0.0:0
2019-10-15 03:21:00,989 [main] INFO  server.AuthenticationFilter (AuthenticationFilter.java:constructSecretProvider(240)) - Unable to initialize FileSignerSecretProvider, falling back to use random secrets.
2019-10-15 03:21:00,998 [main] WARN  http.HttpRequestLog (HttpRequestLog.java:getRequestLog(97)) - Jetty request log can only be enabled using Log4j
2019-10-15 03:21:01,007 [main] INFO  http.HttpServer2 (HttpServer2.java:addGlobalFilter(975)) - Added global filter 'safety' (class=org.apache.hadoop.http.HttpServer2$QuotingInputFilter)
2019-10-15 03:21:01,010 [main] INFO  http.HttpServer2 (HttpServer2.java:addFilter(948)) - Added filter static_user_filter (class=org.apache.hadoop.http.lib.StaticUserWebFilter$StaticUserFilter) to context scm
2019-10-15 03:21:01,010 [main] INFO  http.HttpServer2 (HttpServer2.java:addFilter(958)) - Added filter static_user_filter (class=org.apache.hadoop.http.lib.StaticUserWebFilter$StaticUserFilter) to context logs
2019-10-15 03:21:01,010 [main] INFO  http.HttpServer2 (HttpServer2.java:addFilter(958)) - Added filter static_user_filter (class=org.apache.hadoop.http.lib.StaticUserWebFilter$StaticUserFilter) to context static
2019-10-15 03:21:01,046 [main] INFO  server.StorageContainerManager (StorageContainerManager.java:start(772)) - StorageContainerLocationProtocol RPC server is listening at /0.0.0.0:45594
2019-10-15 03:21:01,113 [main] WARN  impl.MetricsConfig (MetricsConfig.java:loadFirst(134)) - Cannot locate configuration: tried hadoop-metrics2-storagecontainermanager.properties,hadoop-metrics2.properties
2019-10-15 03:21:01,127 [main] INFO  impl.MetricsSystemImpl (MetricsSystemImpl.java:startTimer(374)) - Scheduled Metric snapshot period at 10 second(s).
2019-10-15 03:21:01,127 [main] INFO  impl.MetricsSystemImpl (MetricsSystemImpl.java:start(191)) - StorageContainerManager metrics system started
2019-10-15 03:21:01,355 [main] INFO  server.SCMClientProtocolServer (SCMClientProtocolServer.java:start(159)) - RPC server for Client  is listening at /0.0.0.0:45594
2019-10-15 03:21:01,356 [IPC Server Responder] INFO  ipc.Server (Server.java:run(1314)) - IPC Server Responder: starting
2019-10-15 03:21:01,356 [IPC Server listener on 45594] INFO  ipc.Server (Server.java:run(1153)) - IPC Server listener on 45594: starting
2019-10-15 03:21:01,360 [main] INFO  server.StorageContainerManager (StorageContainerManager.java:start(782)) - ScmBlockLocationProtocol RPC server is listening at /0.0.0.0:46007
2019-10-15 03:21:01,361 [main] INFO  server.SCMBlockProtocolServer (SCMBlockProtocolServer.java:start(146)) - RPC server for Block Protocol is listening at /0.0.0.0:46007
2019-10-15 03:21:01,361 [IPC Server listener on 46007] INFO  ipc.Server (Server.java:run(1153)) - IPC Server listener on 46007: starting
2019-10-15 03:21:01,361 [IPC Server Responder] INFO  ipc.Server (Server.java:run(1314)) - IPC Server Responder: starting
2019-10-15 03:21:01,364 [main] INFO  server.StorageContainerManager (StorageContainerManager.java:start(786)) - ScmDatanodeProtocl RPC server is listening at /0.0.0.0:40466
2019-10-15 03:21:01,365 [main] INFO  server.SCMDatanodeProtocolServer (SCMDatanodeProtocolServer.java:start(169)) - RPC server for DataNodes is listening at /0.0.0.0:40466
2019-10-15 03:21:01,366 [IPC Server Responder] INFO  ipc.Server (Server.java:run(1314)) - IPC Server Responder: starting
2019-10-15 03:21:01,366 [IPC Server listener on 40466] INFO  ipc.Server (Server.java:run(1153)) - IPC Server listener on 40466: starting
2019-10-15 03:21:01,371 [main] INFO  http.HttpServer2 (HttpServer2.java:bindListener(1191)) - Jetty bound to port 37965
2019-10-15 03:21:01,373 [main] INFO  server.Server (Server.java:doStart(351)) - jetty-9.3.25.v20180904, build timestamp: 2018-09-04T21:11:46Z, git hash: 3ce520221d0240229c862b122d2b06c12a625732
2019-10-15 03:21:01,412 [main] INFO  handler.ContextHandler (ContextHandler.java:doStart(781)) - Started o.e.j.s.ServletContextHandler@7a560583{/logs,file:///workdir/hadoop-ozone/integration-test/target/log,AVAILABLE}
2019-10-15 03:21:01,413 [main] INFO  handler.ContextHandler (ContextHandler.java:doStart(781)) - Started o.e.j.s.ServletContextHandler@53f0a4cb{/static,file:///workdir/hadoop-ozone/integration-test/target/test-classes/webapps/static,AVAILABLE}
2019-10-15 03:21:01,447 [main] INFO  handler.ContextHandler (ContextHandler.java:doStart(781)) - Started o.e.j.w.WebAppContext@6970140a{/,file:///workdir/hadoop-ozone/integration-test/target/test-classes/webapps/scm/,AVAILABLE}{/scm}
2019-10-15 03:21:01,453 [main] INFO  server.AbstractConnector (AbstractConnector.java:doStart(278)) - Started ServerConnector@1c32886a{HTTP/1.1,[http/1.1]}{0.0.0.0:37965}
2019-10-15 03:21:01,454 [main] INFO  server.Server (Server.java:doStart(419)) - Started @5394ms
2019-10-15 03:21:01,456 [main] INFO  impl.MetricsSinkAdapter (MetricsSinkAdapter.java:start(204)) - Sink prometheus started
2019-10-15 03:21:01,457 [main] INFO  impl.MetricsSystemImpl (MetricsSystemImpl.java:registerSink(301)) - Registered sink prometheus
2019-10-15 03:21:01,458 [main] INFO  server.BaseHttpServer (BaseHttpServer.java:updateConnectorAddress(215)) - HTTP server of SCM is listening at http://0.0.0.0:37965
2019-10-15 03:21:01,464 [org.apache.hadoop.util.JvmPauseMonitor$Monitor@62d363ab] INFO  util.JvmPauseMonitor (JvmPauseMonitor.java:run(188)) - Starting JVM pause monitor
2019-10-15 03:21:01,467 [main] WARN  server.ServerUtils (ServerUtils.java:getDBPath(222)) - ozone.om.db.dirs is not configured. We recommend adding this setting. Falling back to ozone.metadata.dirs instead.
2019-10-15 03:21:01,597 [main] INFO  ha.OMHANodeDetails (OMHANodeDetails.java:loadOMHAConfig(190)) - Configuration either no ozone.om.address set. Falling back to the default OM address /127.0.0.1:0
2019-10-15 03:21:01,597 [main] INFO  ha.OMHANodeDetails (OMHANodeDetails.java:getOMNodeDetails(220)) - OM Service ID is not set. Setting it to the default ID: omServiceIdDefault
2019-10-15 03:21:01,599 [main] WARN  server.ServerUtils (ServerUtils.java:getDBPath(222)) - ozone.om.db.dirs is not configured. We recommend adding this setting. Falling back to ozone.metadata.dirs instead.
2019-10-15 03:21:01,600 [main] WARN  server.ServerUtils (ServerUtils.java:getDBPath(222)) - ozone.om.db.dirs is not configured. We recommend adding this setting. Falling back to ozone.metadata.dirs instead.
2019-10-15 03:21:02,262 [main] WARN  server.ServerUtils (ServerUtils.java:getDBPath(222)) - ozone.om.db.dirs is not configured. We recommend adding this setting. Falling back to ozone.metadata.dirs instead.
2019-10-15 03:21:02,270 [main] INFO  db.DBStoreBuilder (DBStoreBuilder.java:addTable(117)) - using custom profile for table: userTable
2019-10-15 03:21:02,270 [main] INFO  db.DBStoreBuilder (DBStoreBuilder.java:processTables(168)) - Using default column profile:DBProfile.DISK for Table:userTable
2019-10-15 03:21:02,270 [main] INFO  db.DBStoreBuilder (DBStoreBuilder.java:addTable(117)) - using custom profile for table: volumeTable
2019-10-15 03:21:02,270 [main] INFO  db.DBStoreBuilder (DBStoreBuilder.java:processTables(168)) - Using default column profile:DBProfile.DISK for Table:volumeTable
2019-10-15 03:21:02,271 [main] INFO  db.DBStoreBuilder (DBStoreBuilder.java:addTable(117)) - using custom profile for table: bucketTable
2019-10-15 03:21:02,271 [main] INFO  db.DBStoreBuilder (DBStoreBuilder.java:processTables(168)) - Using default column profile:DBProfile.DISK for Table:bucketTable
2019-10-15 03:21:02,271 [main] INFO  db.DBStoreBuilder (DBStoreBuilder.java:addTable(117)) - using custom profile for table: keyTable
2019-10-15 03:21:02,271 [main] INFO  db.DBStoreBuilder (DBStoreBuilder.java:processTables(168)) - Using default column profile:DBProfile.DISK for Table:keyTable
2019-10-15 03:21:02,272 [main] INFO  db.DBStoreBuilder (DBStoreBuilder.java:addTable(117)) - using custom profile for table: deletedTable
2019-10-15 03:21:02,272 [main] INFO  db.DBStoreBuilder (DBStoreBuilder.java:processTables(168)) - Using default column profile:DBProfile.DISK for Table:deletedTable
2019-10-15 03:21:02,272 [main] INFO  db.DBStoreBuilder (DBStoreBuilder.java:addTable(117)) - using custom profile for table: openKeyTable
2019-10-15 03:21:02,272 [main] INFO  db.DBStoreBuilder (DBStoreBuilder.java:processTables(168)) - Using default column profile:DBProfile.DISK for Table:openKeyTable
2019-10-15 03:21:02,273 [main] INFO  db.DBStoreBuilder (DBStoreBuilder.java:addTable(117)) - using custom profile for table: s3Table
2019-10-15 03:21:02,273 [main] INFO  db.DBStoreBuilder (DBStoreBuilder.java:processTables(168)) - Using default column profile:DBProfile.DISK for Table:s3Table
2019-10-15 03:21:02,273 [main] INFO  db.DBStoreBuilder (DBStoreBuilder.java:addTable(117)) - using custom profile for table: multipartInfoTable
2019-10-15 03:21:02,273 [main] INFO  db.DBStoreBuilder (DBStoreBuilder.java:processTables(168)) - Using default column profile:DBProfile.DISK for Table:multipartInfoTable
2019-10-15 03:21:02,273 [main] INFO  db.DBStoreBuilder (DBStoreBuilder.java:addTable(117)) - using custom profile for table: dTokenTable
2019-10-15 03:21:02,274 [main] INFO  db.DBStoreBuilder (DBStoreBuilder.java:processTables(168)) - Using default column profile:DBProfile.DISK for Table:dTokenTable
2019-10-15 03:21:02,274 [main] INFO  db.DBStoreBuilder (DBStoreBuilder.java:addTable(117)) - using custom profile for table: s3SecretTable
2019-10-15 03:21:02,274 [main] INFO  db.DBStoreBuilder (DBStoreBuilder.java:processTables(168)) - Using default column profile:DBProfile.DISK for Table:s3SecretTable
2019-10-15 03:21:02,274 [main] INFO  db.DBStoreBuilder (DBStoreBuilder.java:addTable(117)) - using custom profile for table: prefixTable
2019-10-15 03:21:02,275 [main] INFO  db.DBStoreBuilder (DBStoreBuilder.java:processTables(168)) - Using default column profile:DBProfile.DISK for Table:prefixTable
2019-10-15 03:21:02,275 [main] INFO  db.DBStoreBuilder (DBStoreBuilder.java:addTable(117)) - using custom profile for table: default
2019-10-15 03:21:02,275 [main] INFO  db.DBStoreBuilder (DBStoreBuilder.java:processTables(174)) - Using default column profile:DBProfile.DISK for Table:default
2019-10-15 03:21:02,275 [main] INFO  db.DBStoreBuilder (DBStoreBuilder.java:getDbProfile(205)) - Using default options. DBProfile.DISK
2019-10-15 03:21:03,079 [main] INFO  ipc.CallQueueManager (CallQueueManager.java:<init>(84)) - Using callQueue: class java.util.concurrent.LinkedBlockingQueue, queueCapacity: 2000, scheduler: class org.apache.hadoop.ipc.DefaultRpcScheduler, ipcBackoff: false.
2019-10-15 03:21:03,080 [Socket Reader #1 for port 42658] INFO  ipc.Server (Server.java:run(1074)) - Starting Socket Reader #1 for port 42658
2019-10-15 03:21:03,102 [main] INFO  om.OzoneManager (OzoneManager.java:start(1071)) - OzoneManager RPC server is listening at localhost/127.0.0.1:42658
2019-10-15 03:21:03,102 [main] INFO  impl.MetricsSystemImpl (MetricsSystemImpl.java:init(158)) - OzoneManager metrics system started (again)
2019-10-15 03:21:03,112 [IPC Server Responder] INFO  ipc.Server (Server.java:run(1314)) - IPC Server Responder: starting
2019-10-15 03:21:03,113 [IPC Server listener on 42658] INFO  ipc.Server (Server.java:run(1153)) - IPC Server listener on 42658: starting
2019-10-15 03:21:03,120 [main] INFO  hdfs.DFSUtil (DFSUtil.java:httpServerTemplateForNNAndJN(1641)) - Starting Web-server for ozoneManager at: http://0.0.0.0:0
2019-10-15 03:21:03,122 [main] INFO  server.AuthenticationFilter (AuthenticationFilter.java:constructSecretProvider(240)) - Unable to initialize FileSignerSecretProvider, falling back to use random secrets.
2019-10-15 03:21:03,123 [main] WARN  http.HttpRequestLog (HttpRequestLog.java:getRequestLog(97)) - Jetty request log can only be enabled using Log4j
2019-10-15 03:21:03,127 [main] INFO  http.HttpServer2 (HttpServer2.java:addGlobalFilter(975)) - Added global filter 'safety' (class=org.apache.hadoop.http.HttpServer2$QuotingInputFilter)
2019-10-15 03:21:03,129 [main] INFO  http.HttpServer2 (HttpServer2.java:addFilter(948)) - Added filter static_user_filter (class=org.apache.hadoop.http.lib.StaticUserWebFilter$StaticUserFilter) to context ozoneManager
2019-10-15 03:21:03,129 [main] INFO  http.HttpServer2 (HttpServer2.java:addFilter(958)) - Added filter static_user_filter (class=org.apache.hadoop.http.lib.StaticUserWebFilter$StaticUserFilter) to context static
2019-10-15 03:21:03,129 [main] INFO  http.HttpServer2 (HttpServer2.java:addFilter(958)) - Added filter static_user_filter (class=org.apache.hadoop.http.lib.StaticUserWebFilter$StaticUserFilter) to context logs
2019-10-15 03:21:03,132 [main] INFO  http.HttpServer2 (HttpServer2.java:bindListener(1191)) - Jetty bound to port 42496
2019-10-15 03:21:03,132 [main] INFO  server.Server (Server.java:doStart(351)) - jetty-9.3.25.v20180904, build timestamp: 2018-09-04T21:11:46Z, git hash: 3ce520221d0240229c862b122d2b06c12a625732
2019-10-15 03:21:03,135 [main] INFO  handler.ContextHandler (ContextHandler.java:doStart(781)) - Started o.e.j.s.ServletContextHandler@3eed0f5{/logs,file:///workdir/hadoop-ozone/integration-test/target/log,AVAILABLE}
2019-10-15 03:21:03,136 [main] INFO  handler.ContextHandler (ContextHandler.java:doStart(781)) - Started o.e.j.s.ServletContextHandler@2032e725{/static,file:///workdir/hadoop-ozone/integration-test/target/test-classes/webapps/static,AVAILABLE}
2019-10-15 03:21:03,143 [main] INFO  handler.ContextHandler (ContextHandler.java:doStart(781)) - Started o.e.j.w.WebAppContext@660591fb{/,file:///workdir/hadoop-ozone/integration-test/target/test-classes/webapps/ozoneManager/,AVAILABLE}{/ozoneManager}
2019-10-15 03:21:03,144 [main] INFO  server.AbstractConnector (AbstractConnector.java:doStart(278)) - Started ServerConnector@4a55a6e8{HTTP/1.1,[http/1.1]}{0.0.0.0:42496}
2019-10-15 03:21:03,145 [main] INFO  server.Server (Server.java:doStart(419)) - Started @7085ms
2019-10-15 03:21:03,145 [main] WARN  impl.MetricsSystemImpl (MetricsSystemImpl.java:register(276)) - Sink prometheus already exists!
2019-10-15 03:21:03,146 [main] INFO  server.BaseHttpServer (BaseHttpServer.java:updateConnectorAddress(215)) - HTTP server of OZONEMANAGER is listening at http://0.0.0.0:42496
2019-10-15 03:21:03,505 [main] INFO  impl.MetricsSystemImpl (MetricsSystemImpl.java:init(158)) - HddsDatanode metrics system started (again)
2019-10-15 03:21:03,558 [main] INFO  ozone.HddsDatanodeService (HddsDatanodeService.java:start(184)) - HddsDatanodeService host:pr-hdds-2278-dv8k5-3424803466 ip:192.168.157.236
2019-10-15 03:21:03,590 [main] INFO  volume.HddsVolume (HddsVolume.java:<init>(176)) - Creating Volume: /workdir/hadoop-ozone/integration-test/target/test-dir/MiniOzoneClusterImpl-747bb6ba-742f-4335-8eef-883d7ad25d26/datanode-0/data/containers/hdds of  storage type : DISK and capacity : 1482555576320
2019-10-15 03:21:03,592 [main] INFO  volume.VolumeSet (VolumeSet.java:initializeVolumeSet(170)) - Added Volume : /workdir/hadoop-ozone/integration-test/target/test-dir/MiniOzoneClusterImpl-747bb6ba-742f-4335-8eef-883d7ad25d26/datanode-0/data/containers/hdds to VolumeSet
2019-10-15 03:21:03,595 [main] INFO  volume.ThrottledAsyncChecker (ThrottledAsyncChecker.java:schedule(141)) - Scheduling a check for org.apache.hadoop.ozone.container.common.volume.HddsVolume@1f6d27cc
2019-10-15 03:21:03,612 [main] INFO  volume.HddsVolumeChecker (HddsVolumeChecker.java:checkAllVolumes(204)) - Scheduled health check for volume org.apache.hadoop.ozone.container.common.volume.HddsVolume@1f6d27cc
2019-10-15 03:21:03,722 [main] INFO  impl.RaftServerProxy (ConfUtils.java:logGet(43)) - raft.rpc.type = GRPC (default)
2019-10-15 03:21:03,786 [main] INFO  grpc.GrpcFactory (GrpcFactory.java:checkPooledByteBufAllocatorUseCacheForAllThreads(45)) - PERFORMANCE WARNING: useCacheForAllThreads is true that may cause Netty to create a lot garbage objects and, as a result, trigger GC.
	It is recommended to disable useCacheForAllThreads by setting -Dorg.apache.ratis.thirdparty.io.netty.allocator.useCacheForAllThreads=false in command line.
2019-10-15 03:21:03,791 [main] INFO  grpc.GrpcConfigKeys$Server (ConfUtils.java:logGet(43)) - raft.grpc.server.port = 0 (default)
2019-10-15 03:21:03,792 [main] INFO  server.GrpcService (ConfUtils.java:logGet(43)) - raft.grpc.message.size.max = 33570816 (custom)
2019-10-15 03:21:03,793 [main] INFO  server.RaftServerConfigKeys (ConfUtils.java:logGet(43)) - raft.server.log.appender.buffer.byte-limit = 33554432 (custom)
2019-10-15 03:21:03,794 [main] INFO  server.GrpcService (ConfUtils.java:logGet(43)) - raft.grpc.flow.control.window = 1MB (=1048576) (default)
2019-10-15 03:21:03,795 [main] INFO  server.RaftServerConfigKeys (ConfUtils.java:logGet(43)) - raft.server.rpc.request.timeout = 3000ms (default)
2019-10-15 03:21:03,957 [main] INFO  server.RaftServerConfigKeys (ConfUtils.java:logGet(43)) - raft.server.storage.dir = [/workdir/hadoop-ozone/integration-test/target/test-dir/MiniOzoneClusterImpl-747bb6ba-742f-4335-8eef-883d7ad25d26/datanode-0/data/ratis] (custom)
2019-10-15 03:21:04,009 [main] INFO  hdfs.DFSUtil (DFSUtil.java:httpServerTemplateForNNAndJN(1641)) - Starting Web-server for hddsDatanode at: http://0.0.0.0:0
2019-10-15 03:21:04,010 [main] INFO  server.AuthenticationFilter (AuthenticationFilter.java:constructSecretProvider(240)) - Unable to initialize FileSignerSecretProvider, falling back to use random secrets.
2019-10-15 03:21:04,011 [main] WARN  http.HttpRequestLog (HttpRequestLog.java:getRequestLog(97)) - Jetty request log can only be enabled using Log4j
2019-10-15 03:21:04,013 [main] INFO  http.HttpServer2 (HttpServer2.java:addGlobalFilter(975)) - Added global filter 'safety' (class=org.apache.hadoop.http.HttpServer2$QuotingInputFilter)
2019-10-15 03:21:04,013 [main] INFO  http.HttpServer2 (HttpServer2.java:addFilter(948)) - Added filter static_user_filter (class=org.apache.hadoop.http.lib.StaticUserWebFilter$StaticUserFilter) to context hddsDatanode
2019-10-15 03:21:04,014 [main] INFO  http.HttpServer2 (HttpServer2.java:addFilter(958)) - Added filter static_user_filter (class=org.apache.hadoop.http.lib.StaticUserWebFilter$StaticUserFilter) to context logs
2019-10-15 03:21:04,014 [main] INFO  http.HttpServer2 (HttpServer2.java:addFilter(958)) - Added filter static_user_filter (class=org.apache.hadoop.http.lib.StaticUserWebFilter$StaticUserFilter) to context static
2019-10-15 03:21:04,015 [main] INFO  http.HttpServer2 (HttpServer2.java:bindListener(1191)) - Jetty bound to port 35333
2019-10-15 03:21:04,015 [main] INFO  server.Server (Server.java:doStart(351)) - jetty-9.3.25.v20180904, build timestamp: 2018-09-04T21:11:46Z, git hash: 3ce520221d0240229c862b122d2b06c12a625732
2019-10-15 03:21:04,020 [main] INFO  handler.ContextHandler (ContextHandler.java:doStart(781)) - Started o.e.j.s.ServletContextHandler@65b97f47{/logs,file:///workdir/hadoop-ozone/integration-test/target/log,AVAILABLE}
2019-10-15 03:21:04,020 [main] INFO  handler.ContextHandler (ContextHandler.java:doStart(781)) - Started o.e.j.s.ServletContextHandler@476fe690{/static,jar:file:/home/user/.m2/repository/org/apache/hadoop/hadoop-hdds-container-service/0.5.0-SNAPSHOT/hadoop-hdds-container-service-0.5.0-SNAPSHOT.jar!/webapps/static,AVAILABLE}
2019-10-15 03:21:04,056 [main] INFO  handler.ContextHandler (ContextHandler.java:doStart(781)) - Started o.e.j.w.WebAppContext@22a6e998{/,file:///tmp/jetty-0.0.0.0-35333-hddsDatanode-_-any-1950493084560754202.dir/webapp/,AVAILABLE}{/hddsDatanode}
2019-10-15 03:21:04,057 [main] INFO  server.AbstractConnector (AbstractConnector.java:doStart(278)) - Started ServerConnector@55e42449{HTTP/1.1,[http/1.1]}{0.0.0.0:35333}
2019-10-15 03:21:04,058 [main] INFO  server.Server (Server.java:doStart(419)) - Started @7998ms
2019-10-15 03:21:04,058 [main] WARN  impl.MetricsSystemImpl (MetricsSystemImpl.java:register(276)) - Sink prometheus already exists!
2019-10-15 03:21:04,059 [main] INFO  server.BaseHttpServer (BaseHttpServer.java:updateConnectorAddress(215)) - HTTP server of HDDSDATANODE is listening at http://0.0.0.0:35333
2019-10-15 03:21:04,060 [main] INFO  impl.MetricsSystemImpl (MetricsSystemImpl.java:init(158)) - HddsDatanode metrics system started (again)
2019-10-15 03:21:04,063 [main] INFO  ozone.HddsDatanodeService (HddsDatanodeService.java:start(184)) - HddsDatanodeService host:pr-hdds-2278-dv8k5-3424803466 ip:192.168.157.236
2019-10-15 03:21:04,065 [org.apache.hadoop.util.JvmPauseMonitor$Monitor@5f9da592] INFO  util.JvmPauseMonitor (JvmPauseMonitor.java:run(188)) - Starting JVM pause monitor
2019-10-15 03:21:04,070 [main] INFO  volume.HddsVolume (HddsVolume.java:<init>(176)) - Creating Volume: /workdir/hadoop-ozone/integration-test/target/test-dir/MiniOzoneClusterImpl-747bb6ba-742f-4335-8eef-883d7ad25d26/datanode-1/data/containers/hdds of  storage type : DISK and capacity : 1482555576320
2019-10-15 03:21:04,071 [main] INFO  volume.VolumeSet (VolumeSet.java:initializeVolumeSet(170)) - Added Volume : /workdir/hadoop-ozone/integration-test/target/test-dir/MiniOzoneClusterImpl-747bb6ba-742f-4335-8eef-883d7ad25d26/datanode-1/data/containers/hdds to VolumeSet
2019-10-15 03:21:04,072 [main] INFO  volume.ThrottledAsyncChecker (ThrottledAsyncChecker.java:schedule(141)) - Scheduling a check for org.apache.hadoop.ozone.container.common.volume.HddsVolume@5460b754
2019-10-15 03:21:04,072 [main] INFO  volume.HddsVolumeChecker (HddsVolumeChecker.java:checkAllVolumes(204)) - Scheduled health check for volume org.apache.hadoop.ozone.container.common.volume.HddsVolume@5460b754
2019-10-15 03:21:04,088 [main] INFO  impl.RaftServerProxy (ConfUtils.java:logGet(43)) - raft.rpc.type = GRPC (default)
2019-10-15 03:21:04,088 [main] INFO  grpc.GrpcFactory (GrpcFactory.java:checkPooledByteBufAllocatorUseCacheForAllThreads(45)) - PERFORMANCE WARNING: useCacheForAllThreads is true that may cause Netty to create a lot garbage objects and, as a result, trigger GC.
	It is recommended to disable useCacheForAllThreads by setting -Dorg.apache.ratis.thirdparty.io.netty.allocator.useCacheForAllThreads=false in command line.
2019-10-15 03:21:04,088 [main] INFO  grpc.GrpcConfigKeys$Server (ConfUtils.java:logGet(43)) - raft.grpc.server.port = 0 (default)
2019-10-15 03:21:04,089 [main] INFO  server.GrpcService (ConfUtils.java:logGet(43)) - raft.grpc.message.size.max = 33570816 (custom)
2019-10-15 03:21:04,089 [main] INFO  server.RaftServerConfigKeys (ConfUtils.java:logGet(43)) - raft.server.log.appender.buffer.byte-limit = 33554432 (custom)
2019-10-15 03:21:04,089 [main] INFO  server.GrpcService (ConfUtils.java:logGet(43)) - raft.grpc.flow.control.window = 1MB (=1048576) (default)
2019-10-15 03:21:04,089 [main] INFO  server.RaftServerConfigKeys (ConfUtils.java:logGet(43)) - raft.server.rpc.request.timeout = 3000ms (default)
2019-10-15 03:21:04,090 [main] INFO  server.RaftServerConfigKeys (ConfUtils.java:logGet(43)) - raft.server.storage.dir = [/workdir/hadoop-ozone/integration-test/target/test-dir/MiniOzoneClusterImpl-747bb6ba-742f-4335-8eef-883d7ad25d26/datanode-1/data/ratis] (custom)
2019-10-15 03:21:04,092 [main] INFO  hdfs.DFSUtil (DFSUtil.java:httpServerTemplateForNNAndJN(1641)) - Starting Web-server for hddsDatanode at: http://0.0.0.0:0
2019-10-15 03:21:04,093 [main] INFO  server.AuthenticationFilter (AuthenticationFilter.java:constructSecretProvider(240)) - Unable to initialize FileSignerSecretProvider, falling back to use random secrets.
2019-10-15 03:21:04,094 [main] WARN  http.HttpRequestLog (HttpRequestLog.java:getRequestLog(97)) - Jetty request log can only be enabled using Log4j
2019-10-15 03:21:04,096 [main] INFO  http.HttpServer2 (HttpServer2.java:addGlobalFilter(975)) - Added global filter 'safety' (class=org.apache.hadoop.http.HttpServer2$QuotingInputFilter)
2019-10-15 03:21:04,096 [main] INFO  http.HttpServer2 (HttpServer2.java:addFilter(948)) - Added filter static_user_filter (class=org.apache.hadoop.http.lib.StaticUserWebFilter$StaticUserFilter) to context hddsDatanode
2019-10-15 03:21:04,097 [main] INFO  http.HttpServer2 (HttpServer2.java:addFilter(958)) - Added filter static_user_filter (class=org.apache.hadoop.http.lib.StaticUserWebFilter$StaticUserFilter) to context logs
2019-10-15 03:21:04,097 [main] INFO  http.HttpServer2 (HttpServer2.java:addFilter(958)) - Added filter static_user_filter (class=org.apache.hadoop.http.lib.StaticUserWebFilter$StaticUserFilter) to context static
2019-10-15 03:21:04,098 [main] INFO  http.HttpServer2 (HttpServer2.java:bindListener(1191)) - Jetty bound to port 42290
2019-10-15 03:21:04,098 [main] INFO  server.Server (Server.java:doStart(351)) - jetty-9.3.25.v20180904, build timestamp: 2018-09-04T21:11:46Z, git hash: 3ce520221d0240229c862b122d2b06c12a625732
2019-10-15 03:21:04,100 [main] INFO  handler.ContextHandler (ContextHandler.java:doStart(781)) - Started o.e.j.s.ServletContextHandler@7fdab70c{/logs,file:///workdir/hadoop-ozone/integration-test/target/log,AVAILABLE}
2019-10-15 03:21:04,101 [main] INFO  handler.ContextHandler (ContextHandler.java:doStart(781)) - Started o.e.j.s.ServletContextHandler@49faf066{/static,jar:file:/home/user/.m2/repository/org/apache/hadoop/hadoop-hdds-container-service/0.5.0-SNAPSHOT/hadoop-hdds-container-service-0.5.0-SNAPSHOT.jar!/webapps/static,AVAILABLE}
2019-10-15 03:21:04,136 [main] INFO  handler.ContextHandler (ContextHandler.java:doStart(781)) - Started o.e.j.w.WebAppContext@6c3659be{/,file:///tmp/jetty-0.0.0.0-42290-hddsDatanode-_-any-4858526629377223391.dir/webapp/,AVAILABLE}{/hddsDatanode}
2019-10-15 03:21:04,137 [main] INFO  server.AbstractConnector (AbstractConnector.java:doStart(278)) - Started ServerConnector@522bf64e{HTTP/1.1,[http/1.1]}{0.0.0.0:42290}
2019-10-15 03:21:04,138 [main] INFO  server.Server (Server.java:doStart(419)) - Started @8078ms
2019-10-15 03:21:04,138 [main] WARN  impl.MetricsSystemImpl (MetricsSystemImpl.java:register(276)) - Sink prometheus already exists!
2019-10-15 03:21:04,139 [main] INFO  server.BaseHttpServer (BaseHttpServer.java:updateConnectorAddress(215)) - HTTP server of HDDSDATANODE is listening at http://0.0.0.0:42290
2019-10-15 03:21:04,139 [main] INFO  impl.MetricsSystemImpl (MetricsSystemImpl.java:init(158)) - HddsDatanode metrics system started (again)
2019-10-15 03:21:04,143 [org.apache.hadoop.util.JvmPauseMonitor$Monitor@6e3a90ae] INFO  util.JvmPauseMonitor (JvmPauseMonitor.java:run(188)) - Starting JVM pause monitor
2019-10-15 03:21:04,143 [main] INFO  ozone.HddsDatanodeService (HddsDatanodeService.java:start(184)) - HddsDatanodeService host:pr-hdds-2278-dv8k5-3424803466 ip:192.168.157.236
2019-10-15 03:21:04,151 [main] INFO  volume.HddsVolume (HddsVolume.java:<init>(176)) - Creating Volume: /workdir/hadoop-ozone/integration-test/target/test-dir/MiniOzoneClusterImpl-747bb6ba-742f-4335-8eef-883d7ad25d26/datanode-2/data/containers/hdds of  storage type : DISK and capacity : 1482555576320
2019-10-15 03:21:04,152 [main] INFO  volume.VolumeSet (VolumeSet.java:initializeVolumeSet(170)) - Added Volume : /workdir/hadoop-ozone/integration-test/target/test-dir/MiniOzoneClusterImpl-747bb6ba-742f-4335-8eef-883d7ad25d26/datanode-2/data/containers/hdds to VolumeSet
2019-10-15 03:21:04,152 [main] INFO  volume.ThrottledAsyncChecker (ThrottledAsyncChecker.java:schedule(141)) - Scheduling a check for org.apache.hadoop.ozone.container.common.volume.HddsVolume@4d21c56e
2019-10-15 03:21:04,152 [main] INFO  volume.HddsVolumeChecker (HddsVolumeChecker.java:checkAllVolumes(204)) - Scheduled health check for volume org.apache.hadoop.ozone.container.common.volume.HddsVolume@4d21c56e
2019-10-15 03:21:04,167 [main] INFO  impl.RaftServerProxy (ConfUtils.java:logGet(43)) - raft.rpc.type = GRPC (default)
2019-10-15 03:21:04,168 [main] INFO  grpc.GrpcFactory (GrpcFactory.java:checkPooledByteBufAllocatorUseCacheForAllThreads(45)) - PERFORMANCE WARNING: useCacheForAllThreads is true that may cause Netty to create a lot garbage objects and, as a result, trigger GC.
	It is recommended to disable useCacheForAllThreads by setting -Dorg.apache.ratis.thirdparty.io.netty.allocator.useCacheForAllThreads=false in command line.
2019-10-15 03:21:04,168 [main] INFO  grpc.GrpcConfigKeys$Server (ConfUtils.java:logGet(43)) - raft.grpc.server.port = 0 (default)
2019-10-15 03:21:04,168 [main] INFO  server.GrpcService (ConfUtils.java:logGet(43)) - raft.grpc.message.size.max = 33570816 (custom)
2019-10-15 03:21:04,168 [main] INFO  server.RaftServerConfigKeys (ConfUtils.java:logGet(43)) - raft.server.log.appender.buffer.byte-limit = 33554432 (custom)
2019-10-15 03:21:04,169 [main] INFO  server.GrpcService (ConfUtils.java:logGet(43)) - raft.grpc.flow.control.window = 1MB (=1048576) (default)
2019-10-15 03:21:04,169 [main] INFO  server.RaftServerConfigKeys (ConfUtils.java:logGet(43)) - raft.server.rpc.request.timeout = 3000ms (default)
2019-10-15 03:21:04,169 [main] INFO  server.RaftServerConfigKeys (ConfUtils.java:logGet(43)) - raft.server.storage.dir = [/workdir/hadoop-ozone/integration-test/target/test-dir/MiniOzoneClusterImpl-747bb6ba-742f-4335-8eef-883d7ad25d26/datanode-2/data/ratis] (custom)
2019-10-15 03:21:04,172 [main] INFO  hdfs.DFSUtil (DFSUtil.java:httpServerTemplateForNNAndJN(1641)) - Starting Web-server for hddsDatanode at: http://0.0.0.0:0
2019-10-15 03:21:04,173 [main] INFO  server.AuthenticationFilter (AuthenticationFilter.java:constructSecretProvider(240)) - Unable to initialize FileSignerSecretProvider, falling back to use random secrets.
2019-10-15 03:21:04,173 [main] WARN  http.HttpRequestLog (HttpRequestLog.java:getRequestLog(97)) - Jetty request log can only be enabled using Log4j
2019-10-15 03:21:04,175 [main] INFO  http.HttpServer2 (HttpServer2.java:addGlobalFilter(975)) - Added global filter 'safety' (class=org.apache.hadoop.http.HttpServer2$QuotingInputFilter)
2019-10-15 03:21:04,176 [main] INFO  http.HttpServer2 (HttpServer2.java:addFilter(948)) - Added filter static_user_filter (class=org.apache.hadoop.http.lib.StaticUserWebFilter$StaticUserFilter) to context hddsDatanode
2019-10-15 03:21:04,176 [main] INFO  http.HttpServer2 (HttpServer2.java:addFilter(958)) - Added filter static_user_filter (class=org.apache.hadoop.http.lib.StaticUserWebFilter$StaticUserFilter) to context logs
2019-10-15 03:21:04,176 [main] INFO  http.HttpServer2 (HttpServer2.java:addFilter(958)) - Added filter static_user_filter (class=org.apache.hadoop.http.lib.StaticUserWebFilter$StaticUserFilter) to context static
2019-10-15 03:21:04,177 [main] INFO  http.HttpServer2 (HttpServer2.java:bindListener(1191)) - Jetty bound to port 36666
2019-10-15 03:21:04,177 [main] INFO  server.Server (Server.java:doStart(351)) - jetty-9.3.25.v20180904, build timestamp: 2018-09-04T21:11:46Z, git hash: 3ce520221d0240229c862b122d2b06c12a625732
2019-10-15 03:21:04,183 [main] INFO  handler.ContextHandler (ContextHandler.java:doStart(781)) - Started o.e.j.s.ServletContextHandler@10f7c76{/logs,file:///workdir/hadoop-ozone/integration-test/target/log,AVAILABLE}
2019-10-15 03:21:04,184 [main] INFO  handler.ContextHandler (ContextHandler.java:doStart(781)) - Started o.e.j.s.ServletContextHandler@2f2bff16{/static,jar:file:/home/user/.m2/repository/org/apache/hadoop/hadoop-hdds-container-service/0.5.0-SNAPSHOT/hadoop-hdds-container-service-0.5.0-SNAPSHOT.jar!/webapps/static,AVAILABLE}
2019-10-15 03:21:04,200 [Datanode State Machine Thread - 0] INFO  datanode.InitDatanodeState (InitDatanodeState.java:persistContainerDatanodeDetails(140)) - DatanodeDetails is persisted to /workdir/hadoop-ozone/integration-test/target/test-dir/MiniOzoneClusterImpl-747bb6ba-742f-4335-8eef-883d7ad25d26/datanode-0/meta/datanode.id
2019-10-15 03:21:04,205 [Datanode State Machine Thread - 0] INFO  datanode.InitDatanodeState (InitDatanodeState.java:persistContainerDatanodeDetails(140)) - DatanodeDetails is persisted to /workdir/hadoop-ozone/integration-test/target/test-dir/MiniOzoneClusterImpl-747bb6ba-742f-4335-8eef-883d7ad25d26/datanode-1/meta/datanode.id
2019-10-15 03:21:04,218 [main] INFO  handler.ContextHandler (ContextHandler.java:doStart(781)) - Started o.e.j.w.WebAppContext@7724704f{/,file:///tmp/jetty-0.0.0.0-36666-hddsDatanode-_-any-5725372990692894264.dir/webapp/,AVAILABLE}{/hddsDatanode}
2019-10-15 03:21:04,219 [main] INFO  server.AbstractConnector (AbstractConnector.java:doStart(278)) - Started ServerConnector@3dfa819{HTTP/1.1,[http/1.1]}{0.0.0.0:36666}
2019-10-15 03:21:04,219 [main] INFO  server.Server (Server.java:doStart(419)) - Started @8159ms
2019-10-15 03:21:04,219 [main] WARN  impl.MetricsSystemImpl (MetricsSystemImpl.java:register(276)) - Sink prometheus already exists!
2019-10-15 03:21:04,220 [main] INFO  server.BaseHttpServer (BaseHttpServer.java:updateConnectorAddress(215)) - HTTP server of HDDSDATANODE is listening at http://0.0.0.0:36666
2019-10-15 03:21:04,220 [main] INFO  impl.MetricsSystemImpl (MetricsSystemImpl.java:init(158)) - HddsDatanode metrics system started (again)
2019-10-15 03:21:04,224 [org.apache.hadoop.util.JvmPauseMonitor$Monitor@1715e04f] INFO  util.JvmPauseMonitor (JvmPauseMonitor.java:run(188)) - Starting JVM pause monitor
2019-10-15 03:21:04,224 [main] INFO  ozone.HddsDatanodeService (HddsDatanodeService.java:start(184)) - HddsDatanodeService host:pr-hdds-2278-dv8k5-3424803466 ip:192.168.157.236
2019-10-15 03:21:04,226 [Datanode State Machine Thread - 0] INFO  datanode.InitDatanodeState (InitDatanodeState.java:persistContainerDatanodeDetails(140)) - DatanodeDetails is persisted to /workdir/hadoop-ozone/integration-test/target/test-dir/MiniOzoneClusterImpl-747bb6ba-742f-4335-8eef-883d7ad25d26/datanode-2/meta/datanode.id
2019-10-15 03:21:04,231 [main] INFO  volume.HddsVolume (HddsVolume.java:<init>(176)) - Creating Volume: /workdir/hadoop-ozone/integration-test/target/test-dir/MiniOzoneClusterImpl-747bb6ba-742f-4335-8eef-883d7ad25d26/datanode-3/data/containers/hdds of  storage type : DISK and capacity : 1482555576320
2019-10-15 03:21:04,231 [main] INFO  volume.VolumeSet (VolumeSet.java:initializeVolumeSet(170)) - Added Volume : /workdir/hadoop-ozone/integration-test/target/test-dir/MiniOzoneClusterImpl-747bb6ba-742f-4335-8eef-883d7ad25d26/datanode-3/data/containers/hdds to VolumeSet
2019-10-15 03:21:04,231 [main] INFO  volume.ThrottledAsyncChecker (ThrottledAsyncChecker.java:schedule(141)) - Scheduling a check for org.apache.hadoop.ozone.container.common.volume.HddsVolume@43af351a
2019-10-15 03:21:04,232 [main] INFO  volume.HddsVolumeChecker (HddsVolumeChecker.java:checkAllVolumes(204)) - Scheduled health check for volume org.apache.hadoop.ozone.container.common.volume.HddsVolume@43af351a
2019-10-15 03:21:04,248 [main] INFO  impl.RaftServerProxy (ConfUtils.java:logGet(43)) - raft.rpc.type = GRPC (default)
2019-10-15 03:21:04,248 [main] INFO  grpc.GrpcFactory (GrpcFactory.java:checkPooledByteBufAllocatorUseCacheForAllThreads(45)) - PERFORMANCE WARNING: useCacheForAllThreads is true that may cause Netty to create a lot garbage objects and, as a result, trigger GC.
	It is recommended to disable useCacheForAllThreads by setting -Dorg.apache.ratis.thirdparty.io.netty.allocator.useCacheForAllThreads=false in command line.
2019-10-15 03:21:04,248 [main] INFO  grpc.GrpcConfigKeys$Server (ConfUtils.java:logGet(43)) - raft.grpc.server.port = 0 (default)
2019-10-15 03:21:04,249 [main] INFO  server.GrpcService (ConfUtils.java:logGet(43)) - raft.grpc.message.size.max = 33570816 (custom)
2019-10-15 03:21:04,249 [main] INFO  server.RaftServerConfigKeys (ConfUtils.java:logGet(43)) - raft.server.log.appender.buffer.byte-limit = 33554432 (custom)
2019-10-15 03:21:04,249 [main] INFO  server.GrpcService (ConfUtils.java:logGet(43)) - raft.grpc.flow.control.window = 1MB (=1048576) (default)
2019-10-15 03:21:04,249 [main] INFO  server.RaftServerConfigKeys (ConfUtils.java:logGet(43)) - raft.server.rpc.request.timeout = 3000ms (default)
2019-10-15 03:21:04,250 [main] INFO  server.RaftServerConfigKeys (ConfUtils.java:logGet(43)) - raft.server.storage.dir = [/workdir/hadoop-ozone/integration-test/target/test-dir/MiniOzoneClusterImpl-747bb6ba-742f-4335-8eef-883d7ad25d26/datanode-3/data/ratis] (custom)
2019-10-15 03:21:04,251 [main] INFO  hdfs.DFSUtil (DFSUtil.java:httpServerTemplateForNNAndJN(1641)) - Starting Web-server for hddsDatanode at: http://0.0.0.0:0
2019-10-15 03:21:04,253 [main] INFO  server.AuthenticationFilter (AuthenticationFilter.java:constructSecretProvider(240)) - Unable to initialize FileSignerSecretProvider, falling back to use random secrets.
2019-10-15 03:21:04,253 [main] WARN  http.HttpRequestLog (HttpRequestLog.java:getRequestLog(97)) - Jetty request log can only be enabled using Log4j
2019-10-15 03:21:04,255 [main] INFO  http.HttpServer2 (HttpServer2.java:addGlobalFilter(975)) - Added global filter 'safety' (class=org.apache.hadoop.http.HttpServer2$QuotingInputFilter)
2019-10-15 03:21:04,255 [main] INFO  http.HttpServer2 (HttpServer2.java:addFilter(948)) - Added filter static_user_filter (class=org.apache.hadoop.http.lib.StaticUserWebFilter$StaticUserFilter) to context hddsDatanode
2019-10-15 03:21:04,256 [main] INFO  http.HttpServer2 (HttpServer2.java:addFilter(958)) - Added filter static_user_filter (class=org.apache.hadoop.http.lib.StaticUserWebFilter$StaticUserFilter) to context logs
2019-10-15 03:21:04,256 [main] INFO  http.HttpServer2 (HttpServer2.java:addFilter(958)) - Added filter static_user_filter (class=org.apache.hadoop.http.lib.StaticUserWebFilter$StaticUserFilter) to context static
2019-10-15 03:21:04,257 [main] INFO  http.HttpServer2 (HttpServer2.java:bindListener(1191)) - Jetty bound to port 36814
2019-10-15 03:21:04,257 [main] INFO  server.Server (Server.java:doStart(351)) - jetty-9.3.25.v20180904, build timestamp: 2018-09-04T21:11:46Z, git hash: 3ce520221d0240229c862b122d2b06c12a625732
2019-10-15 03:21:04,258 [main] INFO  handler.ContextHandler (ContextHandler.java:doStart(781)) - Started o.e.j.s.ServletContextHandler@698fee9a{/logs,file:///workdir/hadoop-ozone/integration-test/target/log,AVAILABLE}
2019-10-15 03:21:04,259 [main] INFO  handler.ContextHandler (ContextHandler.java:doStart(781)) - Started o.e.j.s.ServletContextHandler@7d44a19{/static,jar:file:/home/user/.m2/repository/org/apache/hadoop/hadoop-hdds-container-service/0.5.0-SNAPSHOT/hadoop-hdds-container-service-0.5.0-SNAPSHOT.jar!/webapps/static,AVAILABLE}
2019-10-15 03:21:04,289 [main] INFO  handler.ContextHandler (ContextHandler.java:doStart(781)) - Started o.e.j.w.WebAppContext@3a082ff4{/,file:///tmp/jetty-0.0.0.0-36814-hddsDatanode-_-any-3144281122622386008.dir/webapp/,AVAILABLE}{/hddsDatanode}
2019-10-15 03:21:04,290 [main] INFO  server.AbstractConnector (AbstractConnector.java:doStart(278)) - Started ServerConnector@45acdd11{HTTP/1.1,[http/1.1]}{0.0.0.0:36814}
2019-10-15 03:21:04,291 [main] INFO  server.Server (Server.java:doStart(419)) - Started @8231ms
2019-10-15 03:21:04,291 [main] WARN  impl.MetricsSystemImpl (MetricsSystemImpl.java:register(276)) - Sink prometheus already exists!
2019-10-15 03:21:04,292 [main] INFO  server.BaseHttpServer (BaseHttpServer.java:updateConnectorAddress(215)) - HTTP server of HDDSDATANODE is listening at http://0.0.0.0:36814
2019-10-15 03:21:04,292 [main] INFO  impl.MetricsSystemImpl (MetricsSystemImpl.java:init(158)) - HddsDatanode metrics system started (again)
2019-10-15 03:21:04,295 [org.apache.hadoop.util.JvmPauseMonitor$Monitor@60c460cb] INFO  util.JvmPauseMonitor (JvmPauseMonitor.java:run(188)) - Starting JVM pause monitor
2019-10-15 03:21:04,296 [main] INFO  ozone.HddsDatanodeService (HddsDatanodeService.java:start(184)) - HddsDatanodeService host:pr-hdds-2278-dv8k5-3424803466 ip:192.168.157.236
2019-10-15 03:21:04,298 [Datanode State Machine Thread - 0] INFO  datanode.InitDatanodeState (InitDatanodeState.java:persistContainerDatanodeDetails(140)) - DatanodeDetails is persisted to /workdir/hadoop-ozone/integration-test/target/test-dir/MiniOzoneClusterImpl-747bb6ba-742f-4335-8eef-883d7ad25d26/datanode-3/meta/datanode.id
2019-10-15 03:21:04,302 [main] INFO  volume.HddsVolume (HddsVolume.java:<init>(176)) - Creating Volume: /workdir/hadoop-ozone/integration-test/target/test-dir/MiniOzoneClusterImpl-747bb6ba-742f-4335-8eef-883d7ad25d26/datanode-4/data/containers/hdds of  storage type : DISK and capacity : 1482555576320
2019-10-15 03:21:04,302 [main] INFO  volume.VolumeSet (VolumeSet.java:initializeVolumeSet(170)) - Added Volume : /workdir/hadoop-ozone/integration-test/target/test-dir/MiniOzoneClusterImpl-747bb6ba-742f-4335-8eef-883d7ad25d26/datanode-4/data/containers/hdds to VolumeSet
2019-10-15 03:21:04,302 [main] INFO  volume.ThrottledAsyncChecker (ThrottledAsyncChecker.java:schedule(141)) - Scheduling a check for org.apache.hadoop.ozone.container.common.volume.HddsVolume@1457fde
2019-10-15 03:21:04,303 [main] INFO  volume.HddsVolumeChecker (HddsVolumeChecker.java:checkAllVolumes(204)) - Scheduled health check for volume org.apache.hadoop.ozone.container.common.volume.HddsVolume@1457fde
2019-10-15 03:21:04,316 [main] INFO  impl.RaftServerProxy (ConfUtils.java:logGet(43)) - raft.rpc.type = GRPC (default)
2019-10-15 03:21:04,317 [main] INFO  grpc.GrpcFactory (GrpcFactory.java:checkPooledByteBufAllocatorUseCacheForAllThreads(45)) - PERFORMANCE WARNING: useCacheForAllThreads is true that may cause Netty to create a lot garbage objects and, as a result, trigger GC.
	It is recommended to disable useCacheForAllThreads by setting -Dorg.apache.ratis.thirdparty.io.netty.allocator.useCacheForAllThreads=false in command line.
2019-10-15 03:21:04,317 [main] INFO  grpc.GrpcConfigKeys$Server (ConfUtils.java:logGet(43)) - raft.grpc.server.port = 0 (default)
2019-10-15 03:21:04,317 [main] INFO  server.GrpcService (ConfUtils.java:logGet(43)) - raft.grpc.message.size.max = 33570816 (custom)
2019-10-15 03:21:04,317 [main] INFO  server.RaftServerConfigKeys (ConfUtils.java:logGet(43)) - raft.server.log.appender.buffer.byte-limit = 33554432 (custom)
2019-10-15 03:21:04,318 [main] INFO  server.GrpcService (ConfUtils.java:logGet(43)) - raft.grpc.flow.control.window = 1MB (=1048576) (default)
2019-10-15 03:21:04,318 [main] INFO  server.RaftServerConfigKeys (ConfUtils.java:logGet(43)) - raft.server.rpc.request.timeout = 3000ms (default)
2019-10-15 03:21:04,318 [main] INFO  server.RaftServerConfigKeys (ConfUtils.java:logGet(43)) - raft.server.storage.dir = [/workdir/hadoop-ozone/integration-test/target/test-dir/MiniOzoneClusterImpl-747bb6ba-742f-4335-8eef-883d7ad25d26/datanode-4/data/ratis] (custom)
2019-10-15 03:21:04,320 [main] INFO  hdfs.DFSUtil (DFSUtil.java:httpServerTemplateForNNAndJN(1641)) - Starting Web-server for hddsDatanode at: http://0.0.0.0:0
2019-10-15 03:21:04,322 [main] INFO  server.AuthenticationFilter (AuthenticationFilter.java:constructSecretProvider(240)) - Unable to initialize FileSignerSecretProvider, falling back to use random secrets.
2019-10-15 03:21:04,322 [main] WARN  http.HttpRequestLog (HttpRequestLog.java:getRequestLog(97)) - Jetty request log can only be enabled using Log4j
2019-10-15 03:21:04,324 [main] INFO  http.HttpServer2 (HttpServer2.java:addGlobalFilter(975)) - Added global filter 'safety' (class=org.apache.hadoop.http.HttpServer2$QuotingInputFilter)
2019-10-15 03:21:04,325 [main] INFO  http.HttpServer2 (HttpServer2.java:addFilter(948)) - Added filter static_user_filter (class=org.apache.hadoop.http.lib.StaticUserWebFilter$StaticUserFilter) to context hddsDatanode
2019-10-15 03:21:04,325 [main] INFO  http.HttpServer2 (HttpServer2.java:addFilter(958)) - Added filter static_user_filter (class=org.apache.hadoop.http.lib.StaticUserWebFilter$StaticUserFilter) to context logs
2019-10-15 03:21:04,325 [main] INFO  http.HttpServer2 (HttpServer2.java:addFilter(958)) - Added filter static_user_filter (class=org.apache.hadoop.http.lib.StaticUserWebFilter$StaticUserFilter) to context static
2019-10-15 03:21:04,326 [main] INFO  http.HttpServer2 (HttpServer2.java:bindListener(1191)) - Jetty bound to port 33220
2019-10-15 03:21:04,326 [main] INFO  server.Server (Server.java:doStart(351)) - jetty-9.3.25.v20180904, build timestamp: 2018-09-04T21:11:46Z, git hash: 3ce520221d0240229c862b122d2b06c12a625732
2019-10-15 03:21:04,328 [main] INFO  handler.ContextHandler (ContextHandler.java:doStart(781)) - Started o.e.j.s.ServletContextHandler@3204e238{/logs,file:///workdir/hadoop-ozone/integration-test/target/log,AVAILABLE}
2019-10-15 03:21:04,328 [main] INFO  handler.ContextHandler (ContextHandler.java:doStart(781)) - Started o.e.j.s.ServletContextHandler@a5272be{/static,jar:file:/home/user/.m2/repository/org/apache/hadoop/hadoop-hdds-container-service/0.5.0-SNAPSHOT/hadoop-hdds-container-service-0.5.0-SNAPSHOT.jar!/webapps/static,AVAILABLE}
2019-10-15 03:21:04,358 [main] INFO  handler.ContextHandler (ContextHandler.java:doStart(781)) - Started o.e.j.w.WebAppContext@32130e61{/,file:///tmp/jetty-0.0.0.0-33220-hddsDatanode-_-any-7531320640065715513.dir/webapp/,AVAILABLE}{/hddsDatanode}
2019-10-15 03:21:04,359 [main] INFO  server.AbstractConnector (AbstractConnector.java:doStart(278)) - Started ServerConnector@41294371{HTTP/1.1,[http/1.1]}{0.0.0.0:33220}
2019-10-15 03:21:04,360 [main] INFO  server.Server (Server.java:doStart(419)) - Started @8300ms
2019-10-15 03:21:04,360 [main] WARN  impl.MetricsSystemImpl (MetricsSystemImpl.java:register(276)) - Sink prometheus already exists!
2019-10-15 03:21:04,361 [main] INFO  server.BaseHttpServer (BaseHttpServer.java:updateConnectorAddress(215)) - HTTP server of HDDSDATANODE is listening at http://0.0.0.0:33220
2019-10-15 03:21:04,361 [main] INFO  impl.MetricsSystemImpl (MetricsSystemImpl.java:init(158)) - HddsDatanode metrics system started (again)
2019-10-15 03:21:04,364 [org.apache.hadoop.util.JvmPauseMonitor$Monitor@7a3aafc0] INFO  util.JvmPauseMonitor (JvmPauseMonitor.java:run(188)) - Starting JVM pause monitor
2019-10-15 03:21:04,364 [main] INFO  ozone.HddsDatanodeService (HddsDatanodeService.java:start(184)) - HddsDatanodeService host:pr-hdds-2278-dv8k5-3424803466 ip:192.168.157.236
2019-10-15 03:21:04,367 [Datanode State Machine Thread - 0] INFO  datanode.InitDatanodeState (InitDatanodeState.java:persistContainerDatanodeDetails(140)) - DatanodeDetails is persisted to /workdir/hadoop-ozone/integration-test/target/test-dir/MiniOzoneClusterImpl-747bb6ba-742f-4335-8eef-883d7ad25d26/datanode-4/meta/datanode.id
2019-10-15 03:21:04,371 [main] INFO  volume.HddsVolume (HddsVolume.java:<init>(176)) - Creating Volume: /workdir/hadoop-ozone/integration-test/target/test-dir/MiniOzoneClusterImpl-747bb6ba-742f-4335-8eef-883d7ad25d26/datanode-5/data/containers/hdds of  storage type : DISK and capacity : 1482555576320
2019-10-15 03:21:04,371 [main] INFO  volume.VolumeSet (VolumeSet.java:initializeVolumeSet(170)) - Added Volume : /workdir/hadoop-ozone/integration-test/target/test-dir/MiniOzoneClusterImpl-747bb6ba-742f-4335-8eef-883d7ad25d26/datanode-5/data/containers/hdds to VolumeSet
2019-10-15 03:21:04,372 [main] INFO  volume.ThrottledAsyncChecker (ThrottledAsyncChecker.java:schedule(141)) - Scheduling a check for org.apache.hadoop.ozone.container.common.volume.HddsVolume@31ddb930
2019-10-15 03:21:04,372 [main] INFO  volume.HddsVolumeChecker (HddsVolumeChecker.java:checkAllVolumes(204)) - Scheduled health check for volume org.apache.hadoop.ozone.container.common.volume.HddsVolume@31ddb930
2019-10-15 03:21:04,386 [main] INFO  impl.RaftServerProxy (ConfUtils.java:logGet(43)) - raft.rpc.type = GRPC (default)
2019-10-15 03:21:04,387 [main] INFO  grpc.GrpcFactory (GrpcFactory.java:checkPooledByteBufAllocatorUseCacheForAllThreads(45)) - PERFORMANCE WARNING: useCacheForAllThreads is true that may cause Netty to create a lot garbage objects and, as a result, trigger GC.
	It is recommended to disable useCacheForAllThreads by setting -Dorg.apache.ratis.thirdparty.io.netty.allocator.useCacheForAllThreads=false in command line.
2019-10-15 03:21:04,387 [main] INFO  grpc.GrpcConfigKeys$Server (ConfUtils.java:logGet(43)) - raft.grpc.server.port = 0 (default)
2019-10-15 03:21:04,387 [main] INFO  server.GrpcService (ConfUtils.java:logGet(43)) - raft.grpc.message.size.max = 33570816 (custom)
2019-10-15 03:21:04,387 [main] INFO  server.RaftServerConfigKeys (ConfUtils.java:logGet(43)) - raft.server.log.appender.buffer.byte-limit = 33554432 (custom)
2019-10-15 03:21:04,388 [main] INFO  server.GrpcService (ConfUtils.java:logGet(43)) - raft.grpc.flow.control.window = 1MB (=1048576) (default)
2019-10-15 03:21:04,388 [main] INFO  server.RaftServerConfigKeys (ConfUtils.java:logGet(43)) - raft.server.rpc.request.timeout = 3000ms (default)
2019-10-15 03:21:04,388 [main] INFO  server.RaftServerConfigKeys (ConfUtils.java:logGet(43)) - raft.server.storage.dir = [/workdir/hadoop-ozone/integration-test/target/test-dir/MiniOzoneClusterImpl-747bb6ba-742f-4335-8eef-883d7ad25d26/datanode-5/data/ratis] (custom)
2019-10-15 03:21:04,390 [main] INFO  hdfs.DFSUtil (DFSUtil.java:httpServerTemplateForNNAndJN(1641)) - Starting Web-server for hddsDatanode at: http://0.0.0.0:0
2019-10-15 03:21:04,392 [main] INFO  server.AuthenticationFilter (AuthenticationFilter.java:constructSecretProvider(240)) - Unable to initialize FileSignerSecretProvider, falling back to use random secrets.
2019-10-15 03:21:04,392 [main] WARN  http.HttpRequestLog (HttpRequestLog.java:getRequestLog(97)) - Jetty request log can only be enabled using Log4j
2019-10-15 03:21:04,394 [main] INFO  http.HttpServer2 (HttpServer2.java:addGlobalFilter(975)) - Added global filter 'safety' (class=org.apache.hadoop.http.HttpServer2$QuotingInputFilter)
2019-10-15 03:21:04,394 [main] INFO  http.HttpServer2 (HttpServer2.java:addFilter(948)) - Added filter static_user_filter (class=org.apache.hadoop.http.lib.StaticUserWebFilter$StaticUserFilter) to context hddsDatanode
2019-10-15 03:21:04,395 [main] INFO  http.HttpServer2 (HttpServer2.java:addFilter(958)) - Added filter static_user_filter (class=org.apache.hadoop.http.lib.StaticUserWebFilter$StaticUserFilter) to context logs
2019-10-15 03:21:04,395 [main] INFO  http.HttpServer2 (HttpServer2.java:addFilter(958)) - Added filter static_user_filter (class=org.apache.hadoop.http.lib.StaticUserWebFilter$StaticUserFilter) to context static
2019-10-15 03:21:04,395 [main] INFO  http.HttpServer2 (HttpServer2.java:bindListener(1191)) - Jetty bound to port 45167
2019-10-15 03:21:04,396 [main] INFO  server.Server (Server.java:doStart(351)) - jetty-9.3.25.v20180904, build timestamp: 2018-09-04T21:11:46Z, git hash: 3ce520221d0240229c862b122d2b06c12a625732
2019-10-15 03:21:04,397 [main] INFO  handler.ContextHandler (ContextHandler.java:doStart(781)) - Started o.e.j.s.ServletContextHandler@3aa41da1{/logs,file:///workdir/hadoop-ozone/integration-test/target/log,AVAILABLE}
2019-10-15 03:21:04,398 [main] INFO  handler.ContextHandler (ContextHandler.java:doStart(781)) - Started o.e.j.s.ServletContextHandler@3c83468e{/static,jar:file:/home/user/.m2/repository/org/apache/hadoop/hadoop-hdds-container-service/0.5.0-SNAPSHOT/hadoop-hdds-container-service-0.5.0-SNAPSHOT.jar!/webapps/static,AVAILABLE}
2019-10-15 03:21:04,429 [main] INFO  handler.ContextHandler (ContextHandler.java:doStart(781)) - Started o.e.j.w.WebAppContext@2a4f5433{/,file:///tmp/jetty-0.0.0.0-45167-hddsDatanode-_-any-6342701373695130657.dir/webapp/,AVAILABLE}{/hddsDatanode}
2019-10-15 03:21:04,429 [main] INFO  server.AbstractConnector (AbstractConnector.java:doStart(278)) - Started ServerConnector@6812fa3a{HTTP/1.1,[http/1.1]}{0.0.0.0:45167}
2019-10-15 03:21:04,431 [main] INFO  server.Server (Server.java:doStart(419)) - Started @8371ms
2019-10-15 03:21:04,431 [main] WARN  impl.MetricsSystemImpl (MetricsSystemImpl.java:register(276)) - Sink prometheus already exists!
2019-10-15 03:21:04,432 [main] INFO  server.BaseHttpServer (BaseHttpServer.java:updateConnectorAddress(215)) - HTTP server of HDDSDATANODE is listening at http://0.0.0.0:45167
2019-10-15 03:21:04,432 [main] INFO  impl.MetricsSystemImpl (MetricsSystemImpl.java:init(158)) - HddsDatanode metrics system started (again)
2019-10-15 03:21:04,436 [org.apache.hadoop.util.JvmPauseMonitor$Monitor@14f910ec] INFO  util.JvmPauseMonitor (JvmPauseMonitor.java:run(188)) - Starting JVM pause monitor
2019-10-15 03:21:04,436 [main] INFO  ozone.HddsDatanodeService (HddsDatanodeService.java:start(184)) - HddsDatanodeService host:pr-hdds-2278-dv8k5-3424803466 ip:192.168.157.236
2019-10-15 03:21:04,439 [Datanode State Machine Thread - 0] INFO  datanode.InitDatanodeState (InitDatanodeState.java:persistContainerDatanodeDetails(140)) - DatanodeDetails is persisted to /workdir/hadoop-ozone/integration-test/target/test-dir/MiniOzoneClusterImpl-747bb6ba-742f-4335-8eef-883d7ad25d26/datanode-5/meta/datanode.id
2019-10-15 03:21:04,444 [main] INFO  volume.HddsVolume (HddsVolume.java:<init>(176)) - Creating Volume: /workdir/hadoop-ozone/integration-test/target/test-dir/MiniOzoneClusterImpl-747bb6ba-742f-4335-8eef-883d7ad25d26/datanode-6/data/containers/hdds of  storage type : DISK and capacity : 1482555576320
2019-10-15 03:21:04,444 [main] INFO  volume.VolumeSet (VolumeSet.java:initializeVolumeSet(170)) - Added Volume : /workdir/hadoop-ozone/integration-test/target/test-dir/MiniOzoneClusterImpl-747bb6ba-742f-4335-8eef-883d7ad25d26/datanode-6/data/containers/hdds to VolumeSet
2019-10-15 03:21:04,444 [main] INFO  volume.ThrottledAsyncChecker (ThrottledAsyncChecker.java:schedule(141)) - Scheduling a check for org.apache.hadoop.ozone.container.common.volume.HddsVolume@79a04e5f
2019-10-15 03:21:04,445 [main] INFO  volume.HddsVolumeChecker (HddsVolumeChecker.java:checkAllVolumes(204)) - Scheduled health check for volume org.apache.hadoop.ozone.container.common.volume.HddsVolume@79a04e5f
2019-10-15 03:21:04,460 [main] INFO  impl.RaftServerProxy (ConfUtils.java:logGet(43)) - raft.rpc.type = GRPC (default)
2019-10-15 03:21:04,460 [main] INFO  grpc.GrpcFactory (GrpcFactory.java:checkPooledByteBufAllocatorUseCacheForAllThreads(45)) - PERFORMANCE WARNING: useCacheForAllThreads is true that may cause Netty to create a lot garbage objects and, as a result, trigger GC.
	It is recommended to disable useCacheForAllThreads by setting -Dorg.apache.ratis.thirdparty.io.netty.allocator.useCacheForAllThreads=false in command line.
2019-10-15 03:21:04,460 [main] INFO  grpc.GrpcConfigKeys$Server (ConfUtils.java:logGet(43)) - raft.grpc.server.port = 0 (default)
2019-10-15 03:21:04,461 [main] INFO  server.GrpcService (ConfUtils.java:logGet(43)) - raft.grpc.message.size.max = 33570816 (custom)
2019-10-15 03:21:04,461 [main] INFO  server.RaftServerConfigKeys (ConfUtils.java:logGet(43)) - raft.server.log.appender.buffer.byte-limit = 33554432 (custom)
2019-10-15 03:21:04,461 [main] INFO  server.GrpcService (ConfUtils.java:logGet(43)) - raft.grpc.flow.control.window = 1MB (=1048576) (default)
2019-10-15 03:21:04,461 [main] INFO  server.RaftServerConfigKeys (ConfUtils.java:logGet(43)) - raft.server.rpc.request.timeout = 3000ms (default)
2019-10-15 03:21:04,462 [main] INFO  server.RaftServerConfigKeys (ConfUtils.java:logGet(43)) - raft.server.storage.dir = [/workdir/hadoop-ozone/integration-test/target/test-dir/MiniOzoneClusterImpl-747bb6ba-742f-4335-8eef-883d7ad25d26/datanode-6/data/ratis] (custom)
2019-10-15 03:21:04,464 [main] INFO  hdfs.DFSUtil (DFSUtil.java:httpServerTemplateForNNAndJN(1641)) - Starting Web-server for hddsDatanode at: http://0.0.0.0:0
2019-10-15 03:21:04,465 [main] INFO  server.AuthenticationFilter (AuthenticationFilter.java:constructSecretProvider(240)) - Unable to initialize FileSignerSecretProvider, falling back to use random secrets.
2019-10-15 03:21:04,466 [main] WARN  http.HttpRequestLog (HttpRequestLog.java:getRequestLog(97)) - Jetty request log can only be enabled using Log4j
2019-10-15 03:21:04,467 [main] INFO  http.HttpServer2 (HttpServer2.java:addGlobalFilter(975)) - Added global filter 'safety' (class=org.apache.hadoop.http.HttpServer2$QuotingInputFilter)
2019-10-15 03:21:04,468 [main] INFO  http.HttpServer2 (HttpServer2.java:addFilter(948)) - Added filter static_user_filter (class=org.apache.hadoop.http.lib.StaticUserWebFilter$StaticUserFilter) to context hddsDatanode
2019-10-15 03:21:04,468 [main] INFO  http.HttpServer2 (HttpServer2.java:addFilter(958)) - Added filter static_user_filter (class=org.apache.hadoop.http.lib.StaticUserWebFilter$StaticUserFilter) to context logs
2019-10-15 03:21:04,469 [main] INFO  http.HttpServer2 (HttpServer2.java:addFilter(958)) - Added filter static_user_filter (class=org.apache.hadoop.http.lib.StaticUserWebFilter$StaticUserFilter) to context static
2019-10-15 03:21:04,469 [main] INFO  http.HttpServer2 (HttpServer2.java:bindListener(1191)) - Jetty bound to port 40681
2019-10-15 03:21:04,469 [main] INFO  server.Server (Server.java:doStart(351)) - jetty-9.3.25.v20180904, build timestamp: 2018-09-04T21:11:46Z, git hash: 3ce520221d0240229c862b122d2b06c12a625732
2019-10-15 03:21:04,471 [main] INFO  handler.ContextHandler (ContextHandler.java:doStart(781)) - Started o.e.j.s.ServletContextHandler@a2341c6{/logs,file:///workdir/hadoop-ozone/integration-test/target/log,AVAILABLE}
2019-10-15 03:21:04,472 [main] INFO  handler.ContextHandler (ContextHandler.java:doStart(781)) - Started o.e.j.s.ServletContextHandler@3e3315d9{/static,jar:file:/home/user/.m2/repository/org/apache/hadoop/hadoop-hdds-container-service/0.5.0-SNAPSHOT/hadoop-hdds-container-service-0.5.0-SNAPSHOT.jar!/webapps/static,AVAILABLE}
2019-10-15 03:21:04,502 [main] INFO  handler.ContextHandler (ContextHandler.java:doStart(781)) - Started o.e.j.w.WebAppContext@d277579{/,file:///tmp/jetty-0.0.0.0-40681-hddsDatanode-_-any-1609835255420981771.dir/webapp/,AVAILABLE}{/hddsDatanode}
2019-10-15 03:21:04,504 [main] INFO  server.AbstractConnector (AbstractConnector.java:doStart(278)) - Started ServerConnector@5db6b845{HTTP/1.1,[http/1.1]}{0.0.0.0:40681}
2019-10-15 03:21:04,504 [main] INFO  server.Server (Server.java:doStart(419)) - Started @8444ms
2019-10-15 03:21:04,504 [main] WARN  impl.MetricsSystemImpl (MetricsSystemImpl.java:register(276)) - Sink prometheus already exists!
2019-10-15 03:21:04,505 [main] INFO  server.BaseHttpServer (BaseHttpServer.java:updateConnectorAddress(215)) - HTTP server of HDDSDATANODE is listening at http://0.0.0.0:40681
2019-10-15 03:21:04,507 [main] INFO  ozone.MiniOzoneClusterImpl (MiniOzoneClusterImpl.java:lambda$waitForClusterToBeReady$0(147)) - Waiting for cluster to be ready. Got 0 of 7 DN Heartbeats.
2019-10-15 03:21:04,508 [org.apache.hadoop.util.JvmPauseMonitor$Monitor@3e2b2c0d] INFO  util.JvmPauseMonitor (JvmPauseMonitor.java:run(188)) - Starting JVM pause monitor
2019-10-15 03:21:04,511 [Datanode State Machine Thread - 0] INFO  datanode.InitDatanodeState (InitDatanodeState.java:persistContainerDatanodeDetails(140)) - DatanodeDetails is persisted to /workdir/hadoop-ozone/integration-test/target/test-dir/MiniOzoneClusterImpl-747bb6ba-742f-4335-8eef-883d7ad25d26/datanode-6/meta/datanode.id
2019-10-15 03:21:05,508 [main] INFO  ozone.MiniOzoneClusterImpl (MiniOzoneClusterImpl.java:lambda$waitForClusterToBeReady$0(147)) - Waiting for cluster to be ready. Got 0 of 7 DN Heartbeats.
2019-10-15 03:21:06,155 [Datanode State Machine Thread - 0] INFO  ozoneimpl.OzoneContainer (OzoneContainer.java:start(213)) - Attempting to start container services.
2019-10-15 03:21:06,159 [Datanode State Machine Thread - 0] INFO  ozoneimpl.OzoneContainer (OzoneContainer.java:startContainerScrub(177)) - Background container scanner has been disabled.
2019-10-15 03:21:06,159 [Datanode State Machine Thread - 0] INFO  ratis.XceiverServerRatis (XceiverServerRatis.java:start(418)) - Starting XceiverServerRatis ee46b013-4f8a-4e1e-9d21-4cc7a5f61f32 at port 0
2019-10-15 03:21:06,178 [Datanode State Machine Thread - 0] INFO  ozoneimpl.OzoneContainer (OzoneContainer.java:start(213)) - Attempting to start container services.
2019-10-15 03:21:06,187 [Datanode State Machine Thread - 0] INFO  ozoneimpl.OzoneContainer (OzoneContainer.java:startContainerScrub(177)) - Background container scanner has been disabled.
2019-10-15 03:21:06,187 [Datanode State Machine Thread - 0] INFO  ratis.XceiverServerRatis (XceiverServerRatis.java:start(418)) - Starting XceiverServerRatis 7a6ae757-b1cb-4520-a3e0-bcfac033e2fd at port 0
2019-10-15 03:21:06,189 [Datanode State Machine Thread - 0] INFO  impl.RaftServerProxy (RaftServerProxy.java:lambda$start$3(299)) - ee46b013-4f8a-4e1e-9d21-4cc7a5f61f32: start RPC server
2019-10-15 03:21:06,198 [Datanode State Machine Thread - 0] INFO  impl.RaftServerProxy (RaftServerProxy.java:lambda$start$3(299)) - 7a6ae757-b1cb-4520-a3e0-bcfac033e2fd: start RPC server
2019-10-15 03:21:06,250 [Datanode State Machine Thread - 0] INFO  ozoneimpl.OzoneContainer (OzoneContainer.java:start(213)) - Attempting to start container services.
2019-10-15 03:21:06,254 [Datanode State Machine Thread - 0] INFO  ozoneimpl.OzoneContainer (OzoneContainer.java:startContainerScrub(177)) - Background container scanner has been disabled.
2019-10-15 03:21:06,255 [Datanode State Machine Thread - 0] INFO  ratis.XceiverServerRatis (XceiverServerRatis.java:start(418)) - Starting XceiverServerRatis ff86720b-57ad-4346-9c29-47d80feac5b3 at port 0
2019-10-15 03:21:06,263 [Datanode State Machine Thread - 0] INFO  impl.RaftServerProxy (RaftServerProxy.java:lambda$start$3(299)) - ff86720b-57ad-4346-9c29-47d80feac5b3: start RPC server
2019-10-15 03:21:06,325 [Datanode State Machine Thread - 0] INFO  server.GrpcService (GrpcService.java:startImpl(158)) - ff86720b-57ad-4346-9c29-47d80feac5b3: GrpcService started, listening on 0.0.0.0/0.0.0.0:45506
2019-10-15 03:21:06,325 [Datanode State Machine Thread - 0] INFO  server.GrpcService (GrpcService.java:startImpl(158)) - 7a6ae757-b1cb-4520-a3e0-bcfac033e2fd: GrpcService started, listening on 0.0.0.0/0.0.0.0:40701
2019-10-15 03:21:06,325 [Datanode State Machine Thread - 0] INFO  server.GrpcService (GrpcService.java:startImpl(158)) - ee46b013-4f8a-4e1e-9d21-4cc7a5f61f32: GrpcService started, listening on 0.0.0.0/0.0.0.0:33603
2019-10-15 03:21:06,326 [Datanode State Machine Thread - 0] INFO  ratis.XceiverServerRatis (XceiverServerRatis.java:start(428)) - XceiverServerRatis 7a6ae757-b1cb-4520-a3e0-bcfac033e2fd is started using port 40701
2019-10-15 03:21:06,326 [Datanode State Machine Thread - 0] INFO  ratis.XceiverServerRatis (XceiverServerRatis.java:start(428)) - XceiverServerRatis ff86720b-57ad-4346-9c29-47d80feac5b3 is started using port 45506
2019-10-15 03:21:06,326 [Datanode State Machine Thread - 0] INFO  ratis.XceiverServerRatis (XceiverServerRatis.java:start(428)) - XceiverServerRatis ee46b013-4f8a-4e1e-9d21-4cc7a5f61f32 is started using port 33603
2019-10-15 03:21:06,332 [Datanode State Machine Thread - 0] INFO  ozoneimpl.OzoneContainer (OzoneContainer.java:start(213)) - Attempting to start container services.
2019-10-15 03:21:06,332 [Datanode State Machine Thread - 0] INFO  ozoneimpl.OzoneContainer (OzoneContainer.java:startContainerScrub(177)) - Background container scanner has been disabled.
2019-10-15 03:21:06,332 [Datanode State Machine Thread - 0] INFO  server.XceiverServerGrpc (XceiverServerGrpc.java:start(149)) - XceiverServerGrpc ff86720b-57ad-4346-9c29-47d80feac5b3 is started using port 35339
2019-10-15 03:21:06,333 [Datanode State Machine Thread - 0] INFO  ratis.XceiverServerRatis (XceiverServerRatis.java:start(418)) - Starting XceiverServerRatis 76854fb9-5692-497b-8ec8-3ee205e6cc31 at port 0
2019-10-15 03:21:06,332 [Datanode State Machine Thread - 0] INFO  server.XceiverServerGrpc (XceiverServerGrpc.java:start(149)) - XceiverServerGrpc 7a6ae757-b1cb-4520-a3e0-bcfac033e2fd is started using port 41490
2019-10-15 03:21:06,332 [Datanode State Machine Thread - 0] INFO  server.XceiverServerGrpc (XceiverServerGrpc.java:start(149)) - XceiverServerGrpc ee46b013-4f8a-4e1e-9d21-4cc7a5f61f32 is started using port 40030
2019-10-15 03:21:06,344 [Datanode State Machine Thread - 0] INFO  impl.RaftServerProxy (RaftServerProxy.java:lambda$start$3(299)) - 76854fb9-5692-497b-8ec8-3ee205e6cc31: start RPC server
2019-10-15 03:21:06,347 [Datanode State Machine Thread - 0] INFO  server.GrpcService (GrpcService.java:startImpl(158)) - 76854fb9-5692-497b-8ec8-3ee205e6cc31: GrpcService started, listening on 0.0.0.0/0.0.0.0:40031
2019-10-15 03:21:06,347 [Datanode State Machine Thread - 0] INFO  ratis.XceiverServerRatis (XceiverServerRatis.java:start(428)) - XceiverServerRatis 76854fb9-5692-497b-8ec8-3ee205e6cc31 is started using port 40031
2019-10-15 03:21:06,349 [Datanode State Machine Thread - 0] INFO  server.XceiverServerGrpc (XceiverServerGrpc.java:start(149)) - XceiverServerGrpc 76854fb9-5692-497b-8ec8-3ee205e6cc31 is started using port 33810
2019-10-15 03:21:06,398 [Datanode State Machine Thread - 0] INFO  ozoneimpl.OzoneContainer (OzoneContainer.java:start(213)) - Attempting to start container services.
2019-10-15 03:21:06,398 [Datanode State Machine Thread - 0] INFO  ozoneimpl.OzoneContainer (OzoneContainer.java:startContainerScrub(177)) - Background container scanner has been disabled.
2019-10-15 03:21:06,398 [Datanode State Machine Thread - 0] INFO  ratis.XceiverServerRatis (XceiverServerRatis.java:start(418)) - Starting XceiverServerRatis dab5a863-0e86-4b68-ba3e-0ceb094488f7 at port 0
2019-10-15 03:21:06,408 [Datanode State Machine Thread - 0] INFO  impl.RaftServerProxy (RaftServerProxy.java:lambda$start$3(299)) - dab5a863-0e86-4b68-ba3e-0ceb094488f7: start RPC server
2019-10-15 03:21:06,412 [Datanode State Machine Thread - 0] INFO  server.GrpcService (GrpcService.java:startImpl(158)) - dab5a863-0e86-4b68-ba3e-0ceb094488f7: GrpcService started, listening on 0.0.0.0/0.0.0.0:36772
2019-10-15 03:21:06,412 [Datanode State Machine Thread - 0] INFO  ratis.XceiverServerRatis (XceiverServerRatis.java:start(428)) - XceiverServerRatis dab5a863-0e86-4b68-ba3e-0ceb094488f7 is started using port 36772
2019-10-15 03:21:06,414 [Datanode State Machine Thread - 0] INFO  server.XceiverServerGrpc (XceiverServerGrpc.java:start(149)) - XceiverServerGrpc dab5a863-0e86-4b68-ba3e-0ceb094488f7 is started using port 44956
2019-10-15 03:21:06,454 [Datanode State Machine Thread - 0] INFO  ozoneimpl.OzoneContainer (OzoneContainer.java:start(213)) - Attempting to start container services.
2019-10-15 03:21:06,454 [Datanode State Machine Thread - 0] INFO  ozoneimpl.OzoneContainer (OzoneContainer.java:startContainerScrub(177)) - Background container scanner has been disabled.
2019-10-15 03:21:06,454 [Datanode State Machine Thread - 0] INFO  ratis.XceiverServerRatis (XceiverServerRatis.java:start(418)) - Starting XceiverServerRatis 1974a9a1-a6f9-4483-963f-44bc27f0fbdf at port 0
2019-10-15 03:21:06,460 [Datanode State Machine Thread - 0] INFO  impl.RaftServerProxy (RaftServerProxy.java:lambda$start$3(299)) - 1974a9a1-a6f9-4483-963f-44bc27f0fbdf: start RPC server
2019-10-15 03:21:06,464 [Datanode State Machine Thread - 0] INFO  server.GrpcService (GrpcService.java:startImpl(158)) - 1974a9a1-a6f9-4483-963f-44bc27f0fbdf: GrpcService started, listening on 0.0.0.0/0.0.0.0:45308
2019-10-15 03:21:06,465 [Datanode State Machine Thread - 0] INFO  ratis.XceiverServerRatis (XceiverServerRatis.java:start(428)) - XceiverServerRatis 1974a9a1-a6f9-4483-963f-44bc27f0fbdf is started using port 45308
2019-10-15 03:21:06,467 [Datanode State Machine Thread - 0] INFO  server.XceiverServerGrpc (XceiverServerGrpc.java:start(149)) - XceiverServerGrpc 1974a9a1-a6f9-4483-963f-44bc27f0fbdf is started using port 37881
2019-10-15 03:21:06,508 [main] INFO  ozone.MiniOzoneClusterImpl (MiniOzoneClusterImpl.java:lambda$waitForClusterToBeReady$0(147)) - Waiting for cluster to be ready. Got 0 of 7 DN Heartbeats.
2019-10-15 03:21:06,535 [Datanode State Machine Thread - 0] INFO  ozoneimpl.OzoneContainer (OzoneContainer.java:start(213)) - Attempting to start container services.
2019-10-15 03:21:06,536 [Datanode State Machine Thread - 0] INFO  ozoneimpl.OzoneContainer (OzoneContainer.java:startContainerScrub(177)) - Background container scanner has been disabled.
2019-10-15 03:21:06,536 [Datanode State Machine Thread - 0] INFO  ratis.XceiverServerRatis (XceiverServerRatis.java:start(418)) - Starting XceiverServerRatis d2567d56-dcd5-489e-b972-e7d09fe5b2c3 at port 0
2019-10-15 03:21:06,543 [Datanode State Machine Thread - 0] INFO  impl.RaftServerProxy (RaftServerProxy.java:lambda$start$3(299)) - d2567d56-dcd5-489e-b972-e7d09fe5b2c3: start RPC server
2019-10-15 03:21:06,549 [Datanode State Machine Thread - 0] INFO  server.GrpcService (GrpcService.java:startImpl(158)) - d2567d56-dcd5-489e-b972-e7d09fe5b2c3: GrpcService started, listening on 0.0.0.0/0.0.0.0:46144
2019-10-15 03:21:06,550 [Datanode State Machine Thread - 0] INFO  ratis.XceiverServerRatis (XceiverServerRatis.java:start(428)) - XceiverServerRatis d2567d56-dcd5-489e-b972-e7d09fe5b2c3 is started using port 46144
2019-10-15 03:21:06,552 [Datanode State Machine Thread - 0] INFO  server.XceiverServerGrpc (XceiverServerGrpc.java:start(149)) - XceiverServerGrpc d2567d56-dcd5-489e-b972-e7d09fe5b2c3 is started using port 42951
2019-10-15 03:21:07,509 [main] INFO  ozone.MiniOzoneClusterImpl (MiniOzoneClusterImpl.java:lambda$waitForClusterToBeReady$0(147)) - Waiting for cluster to be ready. Got 0 of 7 DN Heartbeats.
2019-10-15 03:21:08,114 [IPC Server handler 3 on 40466] INFO  net.NetworkTopology (NetworkTopologyImpl.java:add(111)) - Added a new node: /default-rack/ee46b013-4f8a-4e1e-9d21-4cc7a5f61f32
2019-10-15 03:21:08,115 [IPC Server handler 3 on 40466] INFO  node.SCMNodeManager (SCMNodeManager.java:register(268)) - Registered Data node : ee46b013-4f8a-4e1e-9d21-4cc7a5f61f32{ip: 192.168.157.236, host: pr-hdds-2278-dv8k5-3424803466, networkLocation: /default-rack, certSerialId: null}
2019-10-15 03:21:08,120 [EventQueue-NodeRegistrationContainerReportForDataNodeSafeModeRule] INFO  safemode.SCMSafeModeManager (DataNodeSafeModeRule.java:process(71)) - SCM in safe mode. 1 DataNodes registered, 1 required.
2019-10-15 03:21:08,123 [EventQueue-NodeRegistrationContainerReportForDataNodeSafeModeRule] INFO  safemode.SCMSafeModeManager (SCMSafeModeManager.java:validateSafeModeExitRules(177)) - ScmSafeModeManager, all rules are successfully validated
2019-10-15 03:21:08,123 [EventQueue-NodeRegistrationContainerReportForDataNodeSafeModeRule] INFO  safemode.SCMSafeModeManager (SCMSafeModeManager.java:exitSafeMode(193)) - SCM exiting safe mode.
2019-10-15 03:21:08,147 [IPC Server handler 2 on 40466] INFO  net.NetworkTopology (NetworkTopologyImpl.java:add(111)) - Added a new node: /default-rack/7a6ae757-b1cb-4520-a3e0-bcfac033e2fd
2019-10-15 03:21:08,147 [IPC Server handler 2 on 40466] INFO  node.SCMNodeManager (SCMNodeManager.java:register(268)) - Registered Data node : 7a6ae757-b1cb-4520-a3e0-bcfac033e2fd{ip: 192.168.157.236, host: pr-hdds-2278-dv8k5-3424803466, networkLocation: /default-rack, certSerialId: null}
2019-10-15 03:21:08,227 [IPC Server handler 4 on 40466] INFO  net.NetworkTopology (NetworkTopologyImpl.java:add(111)) - Added a new node: /default-rack/ff86720b-57ad-4346-9c29-47d80feac5b3
2019-10-15 03:21:08,228 [IPC Server handler 4 on 40466] INFO  node.SCMNodeManager (SCMNodeManager.java:register(268)) - Registered Data node : ff86720b-57ad-4346-9c29-47d80feac5b3{ip: 192.168.157.236, host: pr-hdds-2278-dv8k5-3424803466, networkLocation: /default-rack, certSerialId: null}
2019-10-15 03:21:08,300 [IPC Server handler 5 on 40466] INFO  net.NetworkTopology (NetworkTopologyImpl.java:add(111)) - Added a new node: /default-rack/76854fb9-5692-497b-8ec8-3ee205e6cc31
2019-10-15 03:21:08,300 [IPC Server handler 5 on 40466] INFO  node.SCMNodeManager (SCMNodeManager.java:register(268)) - Registered Data node : 76854fb9-5692-497b-8ec8-3ee205e6cc31{ip: 192.168.157.236, host: pr-hdds-2278-dv8k5-3424803466, networkLocation: /default-rack, certSerialId: null}
2019-10-15 03:21:08,369 [IPC Server handler 6 on 40466] INFO  net.NetworkTopology (NetworkTopologyImpl.java:add(111)) - Added a new node: /default-rack/dab5a863-0e86-4b68-ba3e-0ceb094488f7
2019-10-15 03:21:08,369 [IPC Server handler 6 on 40466] INFO  node.SCMNodeManager (SCMNodeManager.java:register(268)) - Registered Data node : dab5a863-0e86-4b68-ba3e-0ceb094488f7{ip: 192.168.157.236, host: pr-hdds-2278-dv8k5-3424803466, networkLocation: /default-rack, certSerialId: null}
2019-10-15 03:21:08,441 [IPC Server handler 1 on 40466] INFO  net.NetworkTopology (NetworkTopologyImpl.java:add(111)) - Added a new node: /default-rack/1974a9a1-a6f9-4483-963f-44bc27f0fbdf
2019-10-15 03:21:08,441 [IPC Server handler 1 on 40466] INFO  node.SCMNodeManager (SCMNodeManager.java:register(268)) - Registered Data node : 1974a9a1-a6f9-4483-963f-44bc27f0fbdf{ip: 192.168.157.236, host: pr-hdds-2278-dv8k5-3424803466, networkLocation: /default-rack, certSerialId: null}
2019-10-15 03:21:08,514 [main] INFO  ozone.MiniOzoneClusterImpl (MiniOzoneClusterImpl.java:lambda$waitForClusterToBeReady$0(147)) - Waiting for cluster to be ready. Got 6 of 7 DN Heartbeats.
2019-10-15 03:21:08,518 [IPC Server handler 3 on 40466] INFO  net.NetworkTopology (NetworkTopologyImpl.java:add(111)) - Added a new node: /default-rack/d2567d56-dcd5-489e-b972-e7d09fe5b2c3
2019-10-15 03:21:08,518 [IPC Server handler 3 on 40466] INFO  node.SCMNodeManager (SCMNodeManager.java:register(268)) - Registered Data node : d2567d56-dcd5-489e-b972-e7d09fe5b2c3{ip: 192.168.157.236, host: pr-hdds-2278-dv8k5-3424803466, networkLocation: /default-rack, certSerialId: null}
2019-10-15 03:21:08,700 [grpc-default-executor-0] INFO  impl.RaftServerProxy (RaftServerProxy.java:addNew(89)) - ee46b013-4f8a-4e1e-9d21-4cc7a5f61f32: addNew group-E06A9D54AEDD:[ee46b013-4f8a-4e1e-9d21-4cc7a5f61f32:192.168.157.236:33603] returns group-E06A9D54AEDD:java.util.concurrent.CompletableFuture@53b11ba4[Not completed]
2019-10-15 03:21:08,718 [pool-27-thread-1] INFO  impl.RaftServerImpl (RaftServerImpl.java:<init>(95)) - ee46b013-4f8a-4e1e-9d21-4cc7a5f61f32: new RaftServerImpl for group-E06A9D54AEDD:[ee46b013-4f8a-4e1e-9d21-4cc7a5f61f32:192.168.157.236:33603] with ContainerStateMachine:uninitialized
2019-10-15 03:21:08,720 [pool-27-thread-1] INFO  server.RaftServerConfigKeys (ConfUtils.java:logGet(43)) - raft.server.rpc.timeout.min = 5s (custom)
2019-10-15 03:21:08,722 [pool-27-thread-1] INFO  server.RaftServerConfigKeys (ConfUtils.java:logGet(43)) - raft.server.rpc.timeout.max = 5200ms (custom)
2019-10-15 03:21:08,723 [pool-27-thread-1] INFO  server.RaftServerConfigKeys (ConfUtils.java:logGet(43)) - raft.server.rpcslowness.timeout = 120s (custom)
2019-10-15 03:21:08,723 [pool-27-thread-1] INFO  server.RaftServerConfigKeys (ConfUtils.java:logGet(43)) - raft.server.sleep.deviation.threshold = 300 (default)
2019-10-15 03:21:08,724 [pool-27-thread-1] INFO  server.RaftServerConfigKeys (ConfUtils.java:logGet(43)) - raft.server.log.appender.install.snapshot.enabled = false (custom)
2019-10-15 03:21:08,735 [pool-27-thread-1] INFO  impl.RaftServerImpl (ServerState.java:<init>(103)) - ee46b013-4f8a-4e1e-9d21-4cc7a5f61f32@group-E06A9D54AEDD: ConfigurationManager, init=-1: [ee46b013-4f8a-4e1e-9d21-4cc7a5f61f32:192.168.157.236:33603], old=null, confs=<EMPTY_MAP>
2019-10-15 03:21:08,735 [pool-27-thread-1] INFO  server.RaftServerConfigKeys (ConfUtils.java:logGet(43)) - raft.server.storage.dir = [/workdir/hadoop-ozone/integration-test/target/test-dir/MiniOzoneClusterImpl-747bb6ba-742f-4335-8eef-883d7ad25d26/datanode-0/data/ratis] (custom)
2019-10-15 03:21:08,743 [pool-27-thread-1] INFO  server.RaftServerConfigKeys (ConfUtils.java:logGet(43)) - raft.server.log.corruption.policy = EXCEPTION (default)
2019-10-15 03:21:08,745 [pool-27-thread-1] INFO  storage.RaftStorageDirectory (RaftStorageDirectory.java:analyzeStorage(246)) - The storage directory /workdir/hadoop-ozone/integration-test/target/test-dir/MiniOzoneClusterImpl-747bb6ba-742f-4335-8eef-883d7ad25d26/datanode-0/data/ratis/89caee7d-bad2-4b8f-8385-e06a9d54aedd does not exist. Creating ...
2019-10-15 03:21:08,804 [pool-27-thread-1] INFO  storage.RaftStorageDirectory (RaftStorageDirectory.java:tryLock(328)) - Lock on /workdir/hadoop-ozone/integration-test/target/test-dir/MiniOzoneClusterImpl-747bb6ba-742f-4335-8eef-883d7ad25d26/datanode-0/data/ratis/89caee7d-bad2-4b8f-8385-e06a9d54aedd/in_use.lock acquired by nodename 7146@pr-hdds-2278-dv8k5-3424803466
2019-10-15 03:21:08,858 [pool-27-thread-1] INFO  storage.RaftStorage (RaftStorage.java:format(84)) - Storage directory /workdir/hadoop-ozone/integration-test/target/test-dir/MiniOzoneClusterImpl-747bb6ba-742f-4335-8eef-883d7ad25d26/datanode-0/data/ratis/89caee7d-bad2-4b8f-8385-e06a9d54aedd has been successfully formatted.
2019-10-15 03:21:08,861 [pool-27-thread-1] INFO  ratis.ContainerStateMachine (ContainerStateMachine.java:loadSnapshot(231)) - group-E06A9D54AEDD: The snapshot info is null. Setting the last applied indexto:(t:0, i:~)
2019-10-15 03:21:08,861 [pool-27-thread-1] INFO  server.RaftServerConfigKeys (ConfUtils.java:logGet(43)) - raft.server.notification.no-leader.timeout = 120s (custom)
2019-10-15 03:21:08,863 [pool-27-thread-1] INFO  server.RaftServerConfigKeys (ConfUtils.java:logGet(43)) - raft.server.log.use.memory = false (default)
2019-10-15 03:21:08,869 [pool-27-thread-1] INFO  server.RaftServerConfigKeys (ConfUtils.java:logGet(43)) - raft.server.log.purge.gap = 1000000 (custom)
2019-10-15 03:21:08,870 [pool-27-thread-1] INFO  server.RaftServerConfigKeys (ConfUtils.java:logGet(43)) - raft.server.log.appender.buffer.byte-limit = 33554432 (custom)
2019-10-15 03:21:08,872 [pool-27-thread-1] INFO  server.RaftServerConfigKeys (ConfUtils.java:logGet(43)) - raft.server.log.segment.size.max = 1048576 (custom)
2019-10-15 03:21:08,874 [pool-27-thread-1] INFO  impl.MetricsSystemImpl (MetricsSystemImpl.java:init(158)) - ratis metrics system started (again)
2019-10-15 03:21:08,878 [pool-27-thread-1] INFO  metrics.MetricRegistries (MetricRegistriesLoader.java:load(64)) - Loaded MetricRegistries class org.apache.ratis.metrics.impl.MetricRegistriesImpl
2019-10-15 03:21:08,922 [pool-27-thread-1] INFO  server.RaftServerConfigKeys (ConfUtils.java:logGet(43)) - raft.server.log.segment.cache.num.max = 2 (custom)
2019-10-15 03:21:08,929 [pool-27-thread-1] INFO  segmented.SegmentedRaftLogWorker (SegmentedRaftLogWorker.java:<init>(173)) - new ee46b013-4f8a-4e1e-9d21-4cc7a5f61f32@group-E06A9D54AEDD-SegmentedRaftLogWorker for RaftStorage:Storage Directory /workdir/hadoop-ozone/integration-test/target/test-dir/MiniOzoneClusterImpl-747bb6ba-742f-4335-8eef-883d7ad25d26/datanode-0/data/ratis/89caee7d-bad2-4b8f-8385-e06a9d54aedd
2019-10-15 03:21:08,930 [pool-27-thread-1] INFO  server.RaftServerConfigKeys (ConfUtils.java:logGet(43)) - raft.server.log.queue.byte-limit = 2147483647 (custom)
2019-10-15 03:21:08,931 [pool-27-thread-1] INFO  server.RaftServerConfigKeys (ConfUtils.java:logGet(43)) - raft.server.log.queue.element-limit = 1024 (custom)
2019-10-15 03:21:08,933 [pool-27-thread-1] INFO  server.RaftServerConfigKeys (ConfUtils.java:logGet(43)) - raft.server.log.segment.size.max = 1048576 (custom)
2019-10-15 03:21:08,934 [pool-27-thread-1] INFO  server.RaftServerConfigKeys (ConfUtils.java:logGet(43)) - raft.server.log.preallocated.size = 16384 (custom)
2019-10-15 03:21:08,934 [pool-27-thread-1] INFO  server.RaftServerConfigKeys (ConfUtils.java:logGet(43)) - raft.server.log.write.buffer.size = 33554432 (custom)
2019-10-15 03:21:08,935 [pool-27-thread-1] INFO  server.RaftServerConfigKeys (ConfUtils.java:logGet(43)) - raft.server.log.force.sync.num = 128 (default)
2019-10-15 03:21:08,936 [pool-27-thread-1] INFO  server.RaftServerConfigKeys (ConfUtils.java:logGet(43)) - raft.server.log.statemachine.data.sync = true (default)
2019-10-15 03:21:08,936 [pool-27-thread-1] INFO  server.RaftServerConfigKeys (ConfUtils.java:logGet(43)) - raft.server.log.statemachine.data.sync.timeout = 10s (default)
2019-10-15 03:21:08,937 [pool-27-thread-1] INFO  server.RaftServerConfigKeys (ConfUtils.java:logGet(43)) - raft.server.log.statemachine.data.sync.timeout.retry = -1 (default)
2019-10-15 03:21:08,954 [pool-27-thread-1] INFO  server.RaftServerConfigKeys (ConfUtils.java:logGet(43)) - raft.server.log.statemachine.data.caching.enabled = true (custom)
2019-10-15 03:21:08,959 [pool-27-thread-1] INFO  segmented.SegmentedRaftLogWorker (SegmentedRaftLogWorker.java:lambda$new$0(128)) - ee46b013-4f8a-4e1e-9d21-4cc7a5f61f32@group-E06A9D54AEDD-SegmentedRaftLogWorker: flushIndex: setUnconditionally 0 -> -1
2019-10-15 03:21:08,963 [pool-27-thread-1] INFO  server.RaftServerConfigKeys (ConfUtils.java:logGet(43)) - raft.server.snapshot.auto.trigger.enabled = true (custom)
2019-10-15 03:21:08,964 [pool-27-thread-1] INFO  server.RaftServerConfigKeys (ConfUtils.java:logGet(43)) - raft.server.snapshot.auto.trigger.threshold = 10000 (custom)
2019-10-15 03:21:08,965 [pool-27-thread-1] INFO  server.RaftServerConfigKeys (ConfUtils.java:logGet(43)) - raft.server.snapshot.retention.file.num = 5 (custom)
2019-10-15 03:21:08,965 [pool-27-thread-1] INFO  server.RaftServerConfigKeys (ConfUtils.java:logGet(43)) - raft.server.retrycache.expirytime = 600000ms (custom)
2019-10-15 03:21:08,992 [pool-27-thread-1] INFO  impl.RaftServerImpl (RaftServerImpl.java:start(181)) - ee46b013-4f8a-4e1e-9d21-4cc7a5f61f32@group-E06A9D54AEDD: start as a follower, conf=-1: [ee46b013-4f8a-4e1e-9d21-4cc7a5f61f32:192.168.157.236:33603], old=null
2019-10-15 03:21:08,993 [pool-27-thread-1] INFO  impl.RaftServerImpl (RaftServerImpl.java:setRole(170)) - ee46b013-4f8a-4e1e-9d21-4cc7a5f61f32@group-E06A9D54AEDD: changes role from      null to FOLLOWER at term 0 for startAsFollower
2019-10-15 03:21:08,994 [pool-27-thread-1] INFO  impl.RoleInfo (RoleInfo.java:updateAndGet(143)) - ee46b013-4f8a-4e1e-9d21-4cc7a5f61f32: start FollowerState
2019-10-15 03:21:08,996 [pool-27-thread-1] INFO  util.JmxRegister (JmxRegister.java:tryRegister(44)) - Successfully registered JMX Bean with object name Ratis:service=RaftServer,group=group-E06A9D54AEDD,id=ee46b013-4f8a-4e1e-9d21-4cc7a5f61f32
2019-10-15 03:21:09,188 [RatisPipelineUtilsThread] INFO  pipeline.PipelineStateManager (PipelineStateManager.java:addPipeline(56)) - Created pipeline Pipeline[ Id: 89caee7d-bad2-4b8f-8385-e06a9d54aedd, Nodes: ee46b013-4f8a-4e1e-9d21-4cc7a5f61f32{ip: 192.168.157.236, host: pr-hdds-2278-dv8k5-3424803466, networkLocation: /default-rack, certSerialId: null}, Type:RATIS, Factor:ONE, State:OPEN]
2019-10-15 03:21:09,219 [grpc-default-executor-0] INFO  impl.RaftServerProxy (RaftServerProxy.java:addNew(89)) - 7a6ae757-b1cb-4520-a3e0-bcfac033e2fd: addNew group-33273715DCD6:[7a6ae757-b1cb-4520-a3e0-bcfac033e2fd:192.168.157.236:40701] returns group-33273715DCD6:java.util.concurrent.CompletableFuture@b7b4d4a[Not completed]
2019-10-15 03:21:09,260 [pool-37-thread-1] INFO  impl.RaftServerImpl (RaftServerImpl.java:<init>(95)) - 7a6ae757-b1cb-4520-a3e0-bcfac033e2fd: new RaftServerImpl for group-33273715DCD6:[7a6ae757-b1cb-4520-a3e0-bcfac033e2fd:192.168.157.236:40701] with ContainerStateMachine:uninitialized
2019-10-15 03:21:09,261 [pool-37-thread-1] INFO  server.RaftServerConfigKeys (ConfUtils.java:logGet(43)) - raft.server.rpc.timeout.min = 5s (custom)
2019-10-15 03:21:09,261 [pool-37-thread-1] INFO  server.RaftServerConfigKeys (ConfUtils.java:logGet(43)) - raft.server.rpc.timeout.max = 5200ms (custom)
2019-10-15 03:21:09,261 [pool-37-thread-1] INFO  server.RaftServerConfigKeys (ConfUtils.java:logGet(43)) - raft.server.rpcslowness.timeout = 120s (custom)
2019-10-15 03:21:09,262 [pool-37-thread-1] INFO  server.RaftServerConfigKeys (ConfUtils.java:logGet(43)) - raft.server.sleep.deviation.threshold = 300 (default)
2019-10-15 03:21:09,262 [pool-37-thread-1] INFO  server.RaftServerConfigKeys (ConfUtils.java:logGet(43)) - raft.server.log.appender.install.snapshot.enabled = false (custom)
2019-10-15 03:21:09,262 [pool-37-thread-1] INFO  impl.RaftServerImpl (ServerState.java:<init>(103)) - 7a6ae757-b1cb-4520-a3e0-bcfac033e2fd@group-33273715DCD6: ConfigurationManager, init=-1: [7a6ae757-b1cb-4520-a3e0-bcfac033e2fd:192.168.157.236:40701], old=null, confs=<EMPTY_MAP>
2019-10-15 03:21:09,263 [pool-37-thread-1] INFO  server.RaftServerConfigKeys (ConfUtils.java:logGet(43)) - raft.server.storage.dir = [/workdir/hadoop-ozone/integration-test/target/test-dir/MiniOzoneClusterImpl-747bb6ba-742f-4335-8eef-883d7ad25d26/datanode-1/data/ratis] (custom)
2019-10-15 03:21:09,263 [pool-37-thread-1] INFO  server.RaftServerConfigKeys (ConfUtils.java:logGet(43)) - raft.server.log.corruption.policy = EXCEPTION (default)
2019-10-15 03:21:09,263 [pool-37-thread-1] INFO  storage.RaftStorageDirectory (RaftStorageDirectory.java:analyzeStorage(246)) - The storage directory /workdir/hadoop-ozone/integration-test/target/test-dir/MiniOzoneClusterImpl-747bb6ba-742f-4335-8eef-883d7ad25d26/datanode-1/data/ratis/dec7fd0c-d711-4071-9d71-33273715dcd6 does not exist. Creating ...
2019-10-15 03:21:09,314 [pool-37-thread-1] INFO  storage.RaftStorageDirectory (RaftStorageDirectory.java:tryLock(328)) - Lock on /workdir/hadoop-ozone/integration-test/target/test-dir/MiniOzoneClusterImpl-747bb6ba-742f-4335-8eef-883d7ad25d26/datanode-1/data/ratis/dec7fd0c-d711-4071-9d71-33273715dcd6/in_use.lock acquired by nodename 7146@pr-hdds-2278-dv8k5-3424803466
2019-10-15 03:21:09,368 [pool-37-thread-1] INFO  storage.RaftStorage (RaftStorage.java:format(84)) - Storage directory /workdir/hadoop-ozone/integration-test/target/test-dir/MiniOzoneClusterImpl-747bb6ba-742f-4335-8eef-883d7ad25d26/datanode-1/data/ratis/dec7fd0c-d711-4071-9d71-33273715dcd6 has been successfully formatted.
2019-10-15 03:21:09,371 [pool-37-thread-1] INFO  ratis.ContainerStateMachine (ContainerStateMachine.java:loadSnapshot(231)) - group-33273715DCD6: The snapshot info is null. Setting the last applied indexto:(t:0, i:~)
2019-10-15 03:21:09,374 [pool-37-thread-1] INFO  server.RaftServerConfigKeys (ConfUtils.java:logGet(43)) - raft.server.notification.no-leader.timeout = 120s (custom)
2019-10-15 03:21:09,374 [pool-37-thread-1] INFO  server.RaftServerConfigKeys (ConfUtils.java:logGet(43)) - raft.server.log.use.memory = false (default)
2019-10-15 03:21:09,374 [pool-37-thread-1] INFO  server.RaftServerConfigKeys (ConfUtils.java:logGet(43)) - raft.server.log.purge.gap = 1000000 (custom)
2019-10-15 03:21:09,374 [pool-37-thread-1] INFO  server.RaftServerConfigKeys (ConfUtils.java:logGet(43)) - raft.server.log.appender.buffer.byte-limit = 33554432 (custom)
2019-10-15 03:21:09,375 [pool-37-thread-1] INFO  server.RaftServerConfigKeys (ConfUtils.java:logGet(43)) - raft.server.log.segment.size.max = 1048576 (custom)
2019-10-15 03:21:09,382 [pool-37-thread-1] INFO  server.RaftServerConfigKeys (ConfUtils.java:logGet(43)) - raft.server.log.segment.cache.num.max = 2 (custom)
2019-10-15 03:21:09,382 [pool-37-thread-1] INFO  segmented.SegmentedRaftLogWorker (SegmentedRaftLogWorker.java:<init>(173)) - new 7a6ae757-b1cb-4520-a3e0-bcfac033e2fd@group-33273715DCD6-SegmentedRaftLogWorker for RaftStorage:Storage Directory /workdir/hadoop-ozone/integration-test/target/test-dir/MiniOzoneClusterImpl-747bb6ba-742f-4335-8eef-883d7ad25d26/datanode-1/data/ratis/dec7fd0c-d711-4071-9d71-33273715dcd6
2019-10-15 03:21:09,385 [pool-37-thread-1] INFO  server.RaftServerConfigKeys (ConfUtils.java:logGet(43)) - raft.server.log.queue.byte-limit = 2147483647 (custom)
2019-10-15 03:21:09,385 [pool-37-thread-1] INFO  server.RaftServerConfigKeys (ConfUtils.java:logGet(43)) - raft.server.log.queue.element-limit = 1024 (custom)
2019-10-15 03:21:09,385 [pool-37-thread-1] INFO  server.RaftServerConfigKeys (ConfUtils.java:logGet(43)) - raft.server.log.segment.size.max = 1048576 (custom)
2019-10-15 03:21:09,385 [pool-37-thread-1] INFO  server.RaftServerConfigKeys (ConfUtils.java:logGet(43)) - raft.server.log.preallocated.size = 16384 (custom)
2019-10-15 03:21:09,385 [pool-37-thread-1] INFO  server.RaftServerConfigKeys (ConfUtils.java:logGet(43)) - raft.server.log.write.buffer.size = 33554432 (custom)
2019-10-15 03:21:09,386 [pool-37-thread-1] INFO  server.RaftServerConfigKeys (ConfUtils.java:logGet(43)) - raft.server.log.force.sync.num = 128 (default)
2019-10-15 03:21:09,386 [pool-37-thread-1] INFO  server.RaftServerConfigKeys (ConfUtils.java:logGet(43)) - raft.server.log.statemachine.data.sync = true (default)
2019-10-15 03:21:09,386 [pool-37-thread-1] INFO  server.RaftServerConfigKeys (ConfUtils.java:logGet(43)) - raft.server.log.statemachine.data.sync.timeout = 10s (default)
2019-10-15 03:21:09,386 [pool-37-thread-1] INFO  server.RaftServerConfigKeys (ConfUtils.java:logGet(43)) - raft.server.log.statemachine.data.sync.timeout.retry = -1 (default)
2019-10-15 03:21:09,387 [pool-37-thread-1] INFO  server.RaftServerConfigKeys (ConfUtils.java:logGet(43)) - raft.server.log.statemachine.data.caching.enabled = true (custom)
2019-10-15 03:21:09,388 [pool-37-thread-1] INFO  segmented.SegmentedRaftLogWorker (SegmentedRaftLogWorker.java:lambda$new$0(128)) - 7a6ae757-b1cb-4520-a3e0-bcfac033e2fd@group-33273715DCD6-SegmentedRaftLogWorker: flushIndex: setUnconditionally 0 -> -1
2019-10-15 03:21:09,388 [pool-37-thread-1] INFO  server.RaftServerConfigKeys (ConfUtils.java:logGet(43)) - raft.server.snapshot.auto.trigger.enabled = true (custom)
2019-10-15 03:21:09,388 [pool-37-thread-1] INFO  server.RaftServerConfigKeys (ConfUtils.java:logGet(43)) - raft.server.snapshot.auto.trigger.threshold = 10000 (custom)
2019-10-15 03:21:09,389 [pool-37-thread-1] INFO  server.RaftServerConfigKeys (ConfUtils.java:logGet(43)) - raft.server.snapshot.retention.file.num = 5 (custom)
2019-10-15 03:21:09,389 [pool-37-thread-1] INFO  server.RaftServerConfigKeys (ConfUtils.java:logGet(43)) - raft.server.retrycache.expirytime = 600000ms (custom)
2019-10-15 03:21:09,396 [pool-37-thread-1] INFO  impl.RaftServerImpl (RaftServerImpl.java:start(181)) - 7a6ae757-b1cb-4520-a3e0-bcfac033e2fd@group-33273715DCD6: start as a follower, conf=-1: [7a6ae757-b1cb-4520-a3e0-bcfac033e2fd:192.168.157.236:40701], old=null
2019-10-15 03:21:09,396 [pool-37-thread-1] INFO  impl.RaftServerImpl (RaftServerImpl.java:setRole(170)) - 7a6ae757-b1cb-4520-a3e0-bcfac033e2fd@group-33273715DCD6: changes role from      null to FOLLOWER at term 0 for startAsFollower
2019-10-15 03:21:09,397 [pool-37-thread-1] INFO  impl.RoleInfo (RoleInfo.java:updateAndGet(143)) - 7a6ae757-b1cb-4520-a3e0-bcfac033e2fd: start FollowerState
2019-10-15 03:21:09,399 [pool-37-thread-1] INFO  util.JmxRegister (JmxRegister.java:tryRegister(44)) - Successfully registered JMX Bean with object name Ratis:service=RaftServer,group=group-33273715DCD6,id=7a6ae757-b1cb-4520-a3e0-bcfac033e2fd
2019-10-15 03:21:09,425 [RatisPipelineUtilsThread] INFO  pipeline.PipelineStateManager (PipelineStateManager.java:addPipeline(56)) - Created pipeline Pipeline[ Id: dec7fd0c-d711-4071-9d71-33273715dcd6, Nodes: 7a6ae757-b1cb-4520-a3e0-bcfac033e2fd{ip: 192.168.157.236, host: pr-hdds-2278-dv8k5-3424803466, networkLocation: /default-rack, certSerialId: null}, Type:RATIS, Factor:ONE, State:OPEN]
2019-10-15 03:21:09,456 [grpc-default-executor-0] INFO  impl.RaftServerProxy (RaftServerProxy.java:addNew(89)) - 1974a9a1-a6f9-4483-963f-44bc27f0fbdf: addNew group-65E9B0574744:[1974a9a1-a6f9-4483-963f-44bc27f0fbdf:192.168.157.236:45308] returns group-65E9B0574744:java.util.concurrent.CompletableFuture@7a5416a0[Not completed]
2019-10-15 03:21:09,494 [pool-77-thread-1] INFO  impl.RaftServerImpl (RaftServerImpl.java:<init>(95)) - 1974a9a1-a6f9-4483-963f-44bc27f0fbdf: new RaftServerImpl for group-65E9B0574744:[1974a9a1-a6f9-4483-963f-44bc27f0fbdf:192.168.157.236:45308] with ContainerStateMachine:uninitialized
2019-10-15 03:21:09,495 [pool-77-thread-1] INFO  server.RaftServerConfigKeys (ConfUtils.java:logGet(43)) - raft.server.rpc.timeout.min = 5s (custom)
2019-10-15 03:21:09,495 [pool-77-thread-1] INFO  server.RaftServerConfigKeys (ConfUtils.java:logGet(43)) - raft.server.rpc.timeout.max = 5200ms (custom)
2019-10-15 03:21:09,495 [pool-77-thread-1] INFO  server.RaftServerConfigKeys (ConfUtils.java:logGet(43)) - raft.server.rpcslowness.timeout = 120s (custom)
2019-10-15 03:21:09,495 [pool-77-thread-1] INFO  server.RaftServerConfigKeys (ConfUtils.java:logGet(43)) - raft.server.sleep.deviation.threshold = 300 (default)
2019-10-15 03:21:09,496 [pool-77-thread-1] INFO  server.RaftServerConfigKeys (ConfUtils.java:logGet(43)) - raft.server.log.appender.install.snapshot.enabled = false (custom)
2019-10-15 03:21:09,496 [pool-77-thread-1] INFO  impl.RaftServerImpl (ServerState.java:<init>(103)) - 1974a9a1-a6f9-4483-963f-44bc27f0fbdf@group-65E9B0574744: ConfigurationManager, init=-1: [1974a9a1-a6f9-4483-963f-44bc27f0fbdf:192.168.157.236:45308], old=null, confs=<EMPTY_MAP>
2019-10-15 03:21:09,496 [pool-77-thread-1] INFO  server.RaftServerConfigKeys (ConfUtils.java:logGet(43)) - raft.server.storage.dir = [/workdir/hadoop-ozone/integration-test/target/test-dir/MiniOzoneClusterImpl-747bb6ba-742f-4335-8eef-883d7ad25d26/datanode-5/data/ratis] (custom)
2019-10-15 03:21:09,497 [pool-77-thread-1] INFO  server.RaftServerConfigKeys (ConfUtils.java:logGet(43)) - raft.server.log.corruption.policy = EXCEPTION (default)
2019-10-15 03:21:09,497 [pool-77-thread-1] INFO  storage.RaftStorageDirectory (RaftStorageDirectory.java:analyzeStorage(246)) - The storage directory /workdir/hadoop-ozone/integration-test/target/test-dir/MiniOzoneClusterImpl-747bb6ba-742f-4335-8eef-883d7ad25d26/datanode-5/data/ratis/6dde161d-8fd1-420b-b3e2-65e9b0574744 does not exist. Creating ...
2019-10-15 03:21:09,515 [main] INFO  ozone.MiniOzoneClusterImpl (MiniOzoneClusterImpl.java:lambda$waitForClusterToBeReady$0(147)) - Cluster is ready. Got 7 of 7 DN Heartbeats.
2019-10-15 03:21:09,521 [pool-77-thread-1] INFO  storage.RaftStorageDirectory (RaftStorageDirectory.java:tryLock(328)) - Lock on /workdir/hadoop-ozone/integration-test/target/test-dir/MiniOzoneClusterImpl-747bb6ba-742f-4335-8eef-883d7ad25d26/datanode-5/data/ratis/6dde161d-8fd1-420b-b3e2-65e9b0574744/in_use.lock acquired by nodename 7146@pr-hdds-2278-dv8k5-3424803466
2019-10-15 03:21:09,544 [pool-77-thread-1] INFO  storage.RaftStorage (RaftStorage.java:format(84)) - Storage directory /workdir/hadoop-ozone/integration-test/target/test-dir/MiniOzoneClusterImpl-747bb6ba-742f-4335-8eef-883d7ad25d26/datanode-5/data/ratis/6dde161d-8fd1-420b-b3e2-65e9b0574744 has been successfully formatted.
2019-10-15 03:21:09,545 [pool-77-thread-1] INFO  ratis.ContainerStateMachine (ContainerStateMachine.java:loadSnapshot(231)) - group-65E9B0574744: The snapshot info is null. Setting the last applied indexto:(t:0, i:~)
2019-10-15 03:21:09,545 [pool-77-thread-1] INFO  server.RaftServerConfigKeys (ConfUtils.java:logGet(43)) - raft.server.notification.no-leader.timeout = 120s (custom)
2019-10-15 03:21:09,545 [pool-77-thread-1] INFO  server.RaftServerConfigKeys (ConfUtils.java:logGet(43)) - raft.server.log.use.memory = false (default)
2019-10-15 03:21:09,546 [pool-77-thread-1] INFO  server.RaftServerConfigKeys (ConfUtils.java:logGet(43)) - raft.server.log.purge.gap = 1000000 (custom)
2019-10-15 03:21:09,546 [pool-77-thread-1] INFO  server.RaftServerConfigKeys (ConfUtils.java:logGet(43)) - raft.server.log.appender.buffer.byte-limit = 33554432 (custom)
2019-10-15 03:21:09,546 [pool-77-thread-1] INFO  server.RaftServerConfigKeys (ConfUtils.java:logGet(43)) - raft.server.log.segment.size.max = 1048576 (custom)
2019-10-15 03:21:09,602 [pool-77-thread-1] INFO  server.RaftServerConfigKeys (ConfUtils.java:logGet(43)) - raft.server.log.segment.cache.num.max = 2 (custom)
2019-10-15 03:21:09,603 [pool-77-thread-1] INFO  segmented.SegmentedRaftLogWorker (SegmentedRaftLogWorker.java:<init>(173)) - new 1974a9a1-a6f9-4483-963f-44bc27f0fbdf@group-65E9B0574744-SegmentedRaftLogWorker for RaftStorage:Storage Directory /workdir/hadoop-ozone/integration-test/target/test-dir/MiniOzoneClusterImpl-747bb6ba-742f-4335-8eef-883d7ad25d26/datanode-5/data/ratis/6dde161d-8fd1-420b-b3e2-65e9b0574744
2019-10-15 03:21:09,603 [pool-77-thread-1] INFO  server.RaftServerConfigKeys (ConfUtils.java:logGet(43)) - raft.server.log.queue.byte-limit = 2147483647 (custom)
2019-10-15 03:21:09,603 [pool-77-thread-1] INFO  server.RaftServerConfigKeys (ConfUtils.java:logGet(43)) - raft.server.log.queue.element-limit = 1024 (custom)
2019-10-15 03:21:09,604 [pool-77-thread-1] INFO  server.RaftServerConfigKeys (ConfUtils.java:logGet(43)) - raft.server.log.segment.size.max = 1048576 (custom)
2019-10-15 03:21:09,604 [pool-77-thread-1] INFO  server.RaftServerConfigKeys (ConfUtils.java:logGet(43)) - raft.server.log.preallocated.size = 16384 (custom)
2019-10-15 03:21:09,604 [pool-77-thread-1] INFO  server.RaftServerConfigKeys (ConfUtils.java:logGet(43)) - raft.server.log.write.buffer.size = 33554432 (custom)
2019-10-15 03:21:09,604 [pool-77-thread-1] INFO  server.RaftServerConfigKeys (ConfUtils.java:logGet(43)) - raft.server.log.force.sync.num = 128 (default)
2019-10-15 03:21:09,605 [pool-77-thread-1] INFO  server.RaftServerConfigKeys (ConfUtils.java:logGet(43)) - raft.server.log.statemachine.data.sync = true (default)
2019-10-15 03:21:09,605 [pool-77-thread-1] INFO  server.RaftServerConfigKeys (ConfUtils.java:logGet(43)) - raft.server.log.statemachine.data.sync.timeout = 10s (default)
2019-10-15 03:21:09,605 [pool-77-thread-1] INFO  server.RaftServerConfigKeys (ConfUtils.java:logGet(43)) - raft.server.log.statemachine.data.sync.timeout.retry = -1 (default)
2019-10-15 03:21:09,607 [pool-77-thread-1] INFO  server.RaftServerConfigKeys (ConfUtils.java:logGet(43)) - raft.server.log.statemachine.data.caching.enabled = true (custom)
2019-10-15 03:21:09,608 [pool-77-thread-1] INFO  segmented.SegmentedRaftLogWorker (SegmentedRaftLogWorker.java:lambda$new$0(128)) - 1974a9a1-a6f9-4483-963f-44bc27f0fbdf@group-65E9B0574744-SegmentedRaftLogWorker: flushIndex: setUnconditionally 0 -> -1
2019-10-15 03:21:09,608 [pool-77-thread-1] INFO  server.RaftServerConfigKeys (ConfUtils.java:logGet(43)) - raft.server.snapshot.auto.trigger.enabled = true (custom)
2019-10-15 03:21:09,608 [pool-77-thread-1] INFO  server.RaftServerConfigKeys (ConfUtils.java:logGet(43)) - raft.server.snapshot.auto.trigger.threshold = 10000 (custom)
2019-10-15 03:21:09,609 [pool-77-thread-1] INFO  server.RaftServerConfigKeys (ConfUtils.java:logGet(43)) - raft.server.snapshot.retention.file.num = 5 (custom)
2019-10-15 03:21:09,609 [pool-77-thread-1] INFO  server.RaftServerConfigKeys (ConfUtils.java:logGet(43)) - raft.server.retrycache.expirytime = 600000ms (custom)
2019-10-15 03:21:09,617 [pool-77-thread-1] INFO  impl.RaftServerImpl (RaftServerImpl.java:start(181)) - 1974a9a1-a6f9-4483-963f-44bc27f0fbdf@group-65E9B0574744: start as a follower, conf=-1: [1974a9a1-a6f9-4483-963f-44bc27f0fbdf:192.168.157.236:45308], old=null
2019-10-15 03:21:09,617 [pool-77-thread-1] INFO  impl.RaftServerImpl (RaftServerImpl.java:setRole(170)) - 1974a9a1-a6f9-4483-963f-44bc27f0fbdf@group-65E9B0574744: changes role from      null to FOLLOWER at term 0 for startAsFollower
2019-10-15 03:21:09,617 [pool-77-thread-1] INFO  impl.RoleInfo (RoleInfo.java:updateAndGet(143)) - 1974a9a1-a6f9-4483-963f-44bc27f0fbdf: start FollowerState
2019-10-15 03:21:09,618 [pool-77-thread-1] INFO  util.JmxRegister (JmxRegister.java:tryRegister(44)) - Successfully registered JMX Bean with object name Ratis:service=RaftServer,group=group-65E9B0574744,id=1974a9a1-a6f9-4483-963f-44bc27f0fbdf
2019-10-15 03:21:09,638 [RatisPipelineUtilsThread] INFO  pipeline.PipelineStateManager (PipelineStateManager.java:addPipeline(56)) - Created pipeline Pipeline[ Id: 6dde161d-8fd1-420b-b3e2-65e9b0574744, Nodes: 1974a9a1-a6f9-4483-963f-44bc27f0fbdf{ip: 192.168.157.236, host: pr-hdds-2278-dv8k5-3424803466, networkLocation: /default-rack, certSerialId: null}, Type:RATIS, Factor:ONE, State:OPEN]
2019-10-15 03:21:09,660 [grpc-default-executor-0] INFO  impl.RaftServerProxy (RaftServerProxy.java:addNew(89)) - 76854fb9-5692-497b-8ec8-3ee205e6cc31: addNew group-7901A133C238:[76854fb9-5692-497b-8ec8-3ee205e6cc31:192.168.157.236:40031] returns group-7901A133C238:java.util.concurrent.CompletableFuture@2bdc97ea[Not completed]
2019-10-15 03:21:09,664 [pool-57-thread-1] INFO  impl.RaftServerImpl (RaftServerImpl.java:<init>(95)) - 76854fb9-5692-497b-8ec8-3ee205e6cc31: new RaftServerImpl for group-7901A133C238:[76854fb9-5692-497b-8ec8-3ee205e6cc31:192.168.157.236:40031] with ContainerStateMachine:uninitialized
2019-10-15 03:21:09,664 [pool-57-thread-1] INFO  server.RaftServerConfigKeys (ConfUtils.java:logGet(43)) - raft.server.rpc.timeout.min = 5s (custom)
2019-10-15 03:21:09,664 [pool-57-thread-1] INFO  server.RaftServerConfigKeys (ConfUtils.java:logGet(43)) - raft.server.rpc.timeout.max = 5200ms (custom)
2019-10-15 03:21:09,664 [pool-57-thread-1] INFO  server.RaftServerConfigKeys (ConfUtils.java:logGet(43)) - raft.server.rpcslowness.timeout = 120s (custom)
2019-10-15 03:21:09,664 [pool-57-thread-1] INFO  server.RaftServerConfigKeys (ConfUtils.java:logGet(43)) - raft.server.sleep.deviation.threshold = 300 (default)
2019-10-15 03:21:09,664 [pool-57-thread-1] INFO  server.RaftServerConfigKeys (ConfUtils.java:logGet(43)) - raft.server.log.appender.install.snapshot.enabled = false (custom)
2019-10-15 03:21:09,664 [pool-57-thread-1] INFO  impl.RaftServerImpl (ServerState.java:<init>(103)) - 76854fb9-5692-497b-8ec8-3ee205e6cc31@group-7901A133C238: ConfigurationManager, init=-1: [76854fb9-5692-497b-8ec8-3ee205e6cc31:192.168.157.236:40031], old=null, confs=<EMPTY_MAP>
2019-10-15 03:21:09,665 [pool-57-thread-1] INFO  server.RaftServerConfigKeys (ConfUtils.java:logGet(43)) - raft.server.storage.dir = [/workdir/hadoop-ozone/integration-test/target/test-dir/MiniOzoneClusterImpl-747bb6ba-742f-4335-8eef-883d7ad25d26/datanode-3/data/ratis] (custom)
2019-10-15 03:21:09,665 [pool-57-thread-1] INFO  server.RaftServerConfigKeys (ConfUtils.java:logGet(43)) - raft.server.log.corruption.policy = EXCEPTION (default)
2019-10-15 03:21:09,665 [pool-57-thread-1] INFO  storage.RaftStorageDirectory (RaftStorageDirectory.java:analyzeStorage(246)) - The storage directory /workdir/hadoop-ozone/integration-test/target/test-dir/MiniOzoneClusterImpl-747bb6ba-742f-4335-8eef-883d7ad25d26/datanode-3/data/ratis/7d2af03d-0d16-4e8d-bf52-7901a133c238 does not exist. Creating ...
2019-10-15 03:21:09,689 [pool-57-thread-1] INFO  storage.RaftStorageDirectory (RaftStorageDirectory.java:tryLock(328)) - Lock on /workdir/hadoop-ozone/integration-test/target/test-dir/MiniOzoneClusterImpl-747bb6ba-742f-4335-8eef-883d7ad25d26/datanode-3/data/ratis/7d2af03d-0d16-4e8d-bf52-7901a133c238/in_use.lock acquired by nodename 7146@pr-hdds-2278-dv8k5-3424803466
2019-10-15 03:21:09,713 [pool-57-thread-1] INFO  storage.RaftStorage (RaftStorage.java:format(84)) - Storage directory /workdir/hadoop-ozone/integration-test/target/test-dir/MiniOzoneClusterImpl-747bb6ba-742f-4335-8eef-883d7ad25d26/datanode-3/data/ratis/7d2af03d-0d16-4e8d-bf52-7901a133c238 has been successfully formatted.
2019-10-15 03:21:09,713 [pool-57-thread-1] INFO  ratis.ContainerStateMachine (ContainerStateMachine.java:loadSnapshot(231)) - group-7901A133C238: The snapshot info is null. Setting the last applied indexto:(t:0, i:~)
2019-10-15 03:21:09,713 [pool-57-thread-1] INFO  server.RaftServerConfigKeys (ConfUtils.java:logGet(43)) - raft.server.notification.no-leader.timeout = 120s (custom)
2019-10-15 03:21:09,714 [pool-57-thread-1] INFO  server.RaftServerConfigKeys (ConfUtils.java:logGet(43)) - raft.server.log.use.memory = false (default)
2019-10-15 03:21:09,714 [pool-57-thread-1] INFO  server.RaftServerConfigKeys (ConfUtils.java:logGet(43)) - raft.server.log.purge.gap = 1000000 (custom)
2019-10-15 03:21:09,714 [pool-57-thread-1] INFO  server.RaftServerConfigKeys (ConfUtils.java:logGet(43)) - raft.server.log.appender.buffer.byte-limit = 33554432 (custom)
2019-10-15 03:21:09,714 [pool-57-thread-1] INFO  server.RaftServerConfigKeys (ConfUtils.java:logGet(43)) - raft.server.log.segment.size.max = 1048576 (custom)
2019-10-15 03:21:09,720 [pool-57-thread-1] INFO  server.RaftServerConfigKeys (ConfUtils.java:logGet(43)) - raft.server.log.segment.cache.num.max = 2 (custom)
2019-10-15 03:21:09,720 [pool-57-thread-1] INFO  segmented.SegmentedRaftLogWorker (SegmentedRaftLogWorker.java:<init>(173)) - new 76854fb9-5692-497b-8ec8-3ee205e6cc31@group-7901A133C238-SegmentedRaftLogWorker for RaftStorage:Storage Directory /workdir/hadoop-ozone/integration-test/target/test-dir/MiniOzoneClusterImpl-747bb6ba-742f-4335-8eef-883d7ad25d26/datanode-3/data/ratis/7d2af03d-0d16-4e8d-bf52-7901a133c238
2019-10-15 03:21:09,720 [pool-57-thread-1] INFO  server.RaftServerConfigKeys (ConfUtils.java:logGet(43)) - raft.server.log.queue.byte-limit = 2147483647 (custom)
2019-10-15 03:21:09,721 [pool-57-thread-1] INFO  server.RaftServerConfigKeys (ConfUtils.java:logGet(43)) - raft.server.log.queue.element-limit = 1024 (custom)
2019-10-15 03:21:09,721 [pool-57-thread-1] INFO  server.RaftServerConfigKeys (ConfUtils.java:logGet(43)) - raft.server.log.segment.size.max = 1048576 (custom)
2019-10-15 03:21:09,721 [pool-57-thread-1] INFO  server.RaftServerConfigKeys (ConfUtils.java:logGet(43)) - raft.server.log.preallocated.size = 16384 (custom)
2019-10-15 03:21:09,721 [pool-57-thread-1] INFO  server.RaftServerConfigKeys (ConfUtils.java:logGet(43)) - raft.server.log.write.buffer.size = 33554432 (custom)
2019-10-15 03:21:09,721 [pool-57-thread-1] INFO  server.RaftServerConfigKeys (ConfUtils.java:logGet(43)) - raft.server.log.force.sync.num = 128 (default)
2019-10-15 03:21:09,721 [pool-57-thread-1] INFO  server.RaftServerConfigKeys (ConfUtils.java:logGet(43)) - raft.server.log.statemachine.data.sync = true (default)
2019-10-15 03:21:09,722 [pool-57-thread-1] INFO  server.RaftServerConfigKeys (ConfUtils.java:logGet(43)) - raft.server.log.statemachine.data.sync.timeout = 10s (default)
2019-10-15 03:21:09,722 [pool-57-thread-1] INFO  server.RaftServerConfigKeys (ConfUtils.java:logGet(43)) - raft.server.log.statemachine.data.sync.timeout.retry = -1 (default)
2019-10-15 03:21:09,723 [pool-57-thread-1] INFO  server.RaftServerConfigKeys (ConfUtils.java:logGet(43)) - raft.server.log.statemachine.data.caching.enabled = true (custom)
2019-10-15 03:21:09,723 [pool-57-thread-1] INFO  segmented.SegmentedRaftLogWorker (SegmentedRaftLogWorker.java:lambda$new$0(128)) - 76854fb9-5692-497b-8ec8-3ee205e6cc31@group-7901A133C238-SegmentedRaftLogWorker: flushIndex: setUnconditionally 0 -> -1
2019-10-15 03:21:09,724 [pool-57-thread-1] INFO  server.RaftServerConfigKeys (ConfUtils.java:logGet(43)) - raft.server.snapshot.auto.trigger.enabled = true (custom)
2019-10-15 03:21:09,724 [pool-57-thread-1] INFO  server.RaftServerConfigKeys (ConfUtils.java:logGet(43)) - raft.server.snapshot.auto.trigger.threshold = 10000 (custom)
2019-10-15 03:21:09,724 [pool-57-thread-1] INFO  server.RaftServerConfigKeys (ConfUtils.java:logGet(43)) - raft.server.snapshot.retention.file.num = 5 (custom)
2019-10-15 03:21:09,724 [pool-57-thread-1] INFO  server.RaftServerConfigKeys (ConfUtils.java:logGet(43)) - raft.server.retrycache.expirytime = 600000ms (custom)
2019-10-15 03:21:09,729 [pool-57-thread-1] INFO  impl.RaftServerImpl (RaftServerImpl.java:start(181)) - 76854fb9-5692-497b-8ec8-3ee205e6cc31@group-7901A133C238: start as a follower, conf=-1: [76854fb9-5692-497b-8ec8-3ee205e6cc31:192.168.157.236:40031], old=null
2019-10-15 03:21:09,729 [pool-57-thread-1] INFO  impl.RaftServerImpl (RaftServerImpl.java:setRole(170)) - 76854fb9-5692-497b-8ec8-3ee205e6cc31@group-7901A133C238: changes role from      null to FOLLOWER at term 0 for startAsFollower
2019-10-15 03:21:09,729 [pool-57-thread-1] INFO  impl.RoleInfo (RoleInfo.java:updateAndGet(143)) - 76854fb9-5692-497b-8ec8-3ee205e6cc31: start FollowerState
2019-10-15 03:21:09,730 [pool-57-thread-1] INFO  util.JmxRegister (JmxRegister.java:tryRegister(44)) - Successfully registered JMX Bean with object name Ratis:service=RaftServer,group=group-7901A133C238,id=76854fb9-5692-497b-8ec8-3ee205e6cc31
2019-10-15 03:21:09,748 [RatisPipelineUtilsThread] INFO  pipeline.PipelineStateManager (PipelineStateManager.java:addPipeline(56)) - Created pipeline Pipeline[ Id: 7d2af03d-0d16-4e8d-bf52-7901a133c238, Nodes: 76854fb9-5692-497b-8ec8-3ee205e6cc31{ip: 192.168.157.236, host: pr-hdds-2278-dv8k5-3424803466, networkLocation: /default-rack, certSerialId: null}, Type:RATIS, Factor:ONE, State:OPEN]
2019-10-15 03:21:09,767 [grpc-default-executor-0] INFO  impl.RaftServerProxy (RaftServerProxy.java:addNew(89)) - ff86720b-57ad-4346-9c29-47d80feac5b3: addNew group-13C1EE84F8CE:[ff86720b-57ad-4346-9c29-47d80feac5b3:192.168.157.236:45506] returns group-13C1EE84F8CE:java.util.concurrent.CompletableFuture@55df7bff[Not completed]
2019-10-15 03:21:09,771 [pool-47-thread-1] INFO  impl.RaftServerImpl (RaftServerImpl.java:<init>(95)) - ff86720b-57ad-4346-9c29-47d80feac5b3: new RaftServerImpl for group-13C1EE84F8CE:[ff86720b-57ad-4346-9c29-47d80feac5b3:192.168.157.236:45506] with ContainerStateMachine:uninitialized
2019-10-15 03:21:09,771 [pool-47-thread-1] INFO  server.RaftServerConfigKeys (ConfUtils.java:logGet(43)) - raft.server.rpc.timeout.min = 5s (custom)
2019-10-15 03:21:09,771 [pool-47-thread-1] INFO  server.RaftServerConfigKeys (ConfUtils.java:logGet(43)) - raft.server.rpc.timeout.max = 5200ms (custom)
2019-10-15 03:21:09,772 [pool-47-thread-1] INFO  server.RaftServerConfigKeys (ConfUtils.java:logGet(43)) - raft.server.rpcslowness.timeout = 120s (custom)
2019-10-15 03:21:09,772 [pool-47-thread-1] INFO  server.RaftServerConfigKeys (ConfUtils.java:logGet(43)) - raft.server.sleep.deviation.threshold = 300 (default)
2019-10-15 03:21:09,772 [pool-47-thread-1] INFO  server.RaftServerConfigKeys (ConfUtils.java:logGet(43)) - raft.server.log.appender.install.snapshot.enabled = false (custom)
2019-10-15 03:21:09,772 [pool-47-thread-1] INFO  impl.RaftServerImpl (ServerState.java:<init>(103)) - ff86720b-57ad-4346-9c29-47d80feac5b3@group-13C1EE84F8CE: ConfigurationManager, init=-1: [ff86720b-57ad-4346-9c29-47d80feac5b3:192.168.157.236:45506], old=null, confs=<EMPTY_MAP>
2019-10-15 03:21:09,773 [pool-47-thread-1] INFO  server.RaftServerConfigKeys (ConfUtils.java:logGet(43)) - raft.server.storage.dir = [/workdir/hadoop-ozone/integration-test/target/test-dir/MiniOzoneClusterImpl-747bb6ba-742f-4335-8eef-883d7ad25d26/datanode-2/data/ratis] (custom)
2019-10-15 03:21:09,773 [pool-47-thread-1] INFO  server.RaftServerConfigKeys (ConfUtils.java:logGet(43)) - raft.server.log.corruption.policy = EXCEPTION (default)
2019-10-15 03:21:09,773 [pool-47-thread-1] INFO  storage.RaftStorageDirectory (RaftStorageDirectory.java:analyzeStorage(246)) - The storage directory /workdir/hadoop-ozone/integration-test/target/test-dir/MiniOzoneClusterImpl-747bb6ba-742f-4335-8eef-883d7ad25d26/datanode-2/data/ratis/1c97723a-a342-4f86-8c1e-13c1ee84f8ce does not exist. Creating ...
2019-10-15 03:21:09,789 [pool-47-thread-1] INFO  storage.RaftStorageDirectory (RaftStorageDirectory.java:tryLock(328)) - Lock on /workdir/hadoop-ozone/integration-test/target/test-dir/MiniOzoneClusterImpl-747bb6ba-742f-4335-8eef-883d7ad25d26/datanode-2/data/ratis/1c97723a-a342-4f86-8c1e-13c1ee84f8ce/in_use.lock acquired by nodename 7146@pr-hdds-2278-dv8k5-3424803466
2019-10-15 03:21:09,813 [pool-47-thread-1] INFO  storage.RaftStorage (RaftStorage.java:format(84)) - Storage directory /workdir/hadoop-ozone/integration-test/target/test-dir/MiniOzoneClusterImpl-747bb6ba-742f-4335-8eef-883d7ad25d26/datanode-2/data/ratis/1c97723a-a342-4f86-8c1e-13c1ee84f8ce has been successfully formatted.
2019-10-15 03:21:09,814 [pool-47-thread-1] INFO  ratis.ContainerStateMachine (ContainerStateMachine.java:loadSnapshot(231)) - group-13C1EE84F8CE: The snapshot info is null. Setting the last applied indexto:(t:0, i:~)
2019-10-15 03:21:09,814 [pool-47-thread-1] INFO  server.RaftServerConfigKeys (ConfUtils.java:logGet(43)) - raft.server.notification.no-leader.timeout = 120s (custom)
2019-10-15 03:21:09,814 [pool-47-thread-1] INFO  server.RaftServerConfigKeys (ConfUtils.java:logGet(43)) - raft.server.log.use.memory = false (default)
2019-10-15 03:21:09,814 [pool-47-thread-1] INFO  server.RaftServerConfigKeys (ConfUtils.java:logGet(43)) - raft.server.log.purge.gap = 1000000 (custom)
2019-10-15 03:21:09,814 [pool-47-thread-1] INFO  server.RaftServerConfigKeys (ConfUtils.java:logGet(43)) - raft.server.log.appender.buffer.byte-limit = 33554432 (custom)
2019-10-15 03:21:09,815 [pool-47-thread-1] INFO  server.RaftServerConfigKeys (ConfUtils.java:logGet(43)) - raft.server.log.segment.size.max = 1048576 (custom)
2019-10-15 03:21:09,818 [pool-47-thread-1] INFO  server.RaftServerConfigKeys (ConfUtils.java:logGet(43)) - raft.server.log.segment.cache.num.max = 2 (custom)
2019-10-15 03:21:09,818 [pool-47-thread-1] INFO  segmented.SegmentedRaftLogWorker (SegmentedRaftLogWorker.java:<init>(173)) - new ff86720b-57ad-4346-9c29-47d80feac5b3@group-13C1EE84F8CE-SegmentedRaftLogWorker for RaftStorage:Storage Directory /workdir/hadoop-ozone/integration-test/target/test-dir/MiniOzoneClusterImpl-747bb6ba-742f-4335-8eef-883d7ad25d26/datanode-2/data/ratis/1c97723a-a342-4f86-8c1e-13c1ee84f8ce
2019-10-15 03:21:09,819 [pool-47-thread-1] INFO  server.RaftServerConfigKeys (ConfUtils.java:logGet(43)) - raft.server.log.queue.byte-limit = 2147483647 (custom)
2019-10-15 03:21:09,819 [pool-47-thread-1] INFO  server.RaftServerConfigKeys (ConfUtils.java:logGet(43)) - raft.server.log.queue.element-limit = 1024 (custom)
2019-10-15 03:21:09,819 [pool-47-thread-1] INFO  server.RaftServerConfigKeys (ConfUtils.java:logGet(43)) - raft.server.log.segment.size.max = 1048576 (custom)
2019-10-15 03:21:09,819 [pool-47-thread-1] INFO  server.RaftServerConfigKeys (ConfUtils.java:logGet(43)) - raft.server.log.preallocated.size = 16384 (custom)
2019-10-15 03:21:09,819 [pool-47-thread-1] INFO  server.RaftServerConfigKeys (ConfUtils.java:logGet(43)) - raft.server.log.write.buffer.size = 33554432 (custom)
2019-10-15 03:21:09,819 [pool-47-thread-1] INFO  server.RaftServerConfigKeys (ConfUtils.java:logGet(43)) - raft.server.log.force.sync.num = 128 (default)
2019-10-15 03:21:09,819 [pool-47-thread-1] INFO  server.RaftServerConfigKeys (ConfUtils.java:logGet(43)) - raft.server.log.statemachine.data.sync = true (default)
2019-10-15 03:21:09,819 [pool-47-thread-1] INFO  server.RaftServerConfigKeys (ConfUtils.java:logGet(43)) - raft.server.log.statemachine.data.sync.timeout = 10s (default)
2019-10-15 03:21:09,819 [pool-47-thread-1] INFO  server.RaftServerConfigKeys (ConfUtils.java:logGet(43)) - raft.server.log.statemachine.data.sync.timeout.retry = -1 (default)
2019-10-15 03:21:09,820 [pool-47-thread-1] INFO  server.RaftServerConfigKeys (ConfUtils.java:logGet(43)) - raft.server.log.statemachine.data.caching.enabled = true (custom)
2019-10-15 03:21:09,820 [pool-47-thread-1] INFO  segmented.SegmentedRaftLogWorker (SegmentedRaftLogWorker.java:lambda$new$0(128)) - ff86720b-57ad-4346-9c29-47d80feac5b3@group-13C1EE84F8CE-SegmentedRaftLogWorker: flushIndex: setUnconditionally 0 -> -1
2019-10-15 03:21:09,821 [pool-47-thread-1] INFO  server.RaftServerConfigKeys (ConfUtils.java:logGet(43)) - raft.server.snapshot.auto.trigger.enabled = true (custom)
2019-10-15 03:21:09,821 [pool-47-thread-1] INFO  server.RaftServerConfigKeys (ConfUtils.java:logGet(43)) - raft.server.snapshot.auto.trigger.threshold = 10000 (custom)
2019-10-15 03:21:09,821 [pool-47-thread-1] INFO  server.RaftServerConfigKeys (ConfUtils.java:logGet(43)) - raft.server.snapshot.retention.file.num = 5 (custom)
2019-10-15 03:21:09,821 [pool-47-thread-1] INFO  server.RaftServerConfigKeys (ConfUtils.java:logGet(43)) - raft.server.retrycache.expirytime = 600000ms (custom)
2019-10-15 03:21:09,823 [pool-47-thread-1] INFO  impl.RaftServerImpl (RaftServerImpl.java:start(181)) - ff86720b-57ad-4346-9c29-47d80feac5b3@group-13C1EE84F8CE: start as a follower, conf=-1: [ff86720b-57ad-4346-9c29-47d80feac5b3:192.168.157.236:45506], old=null
2019-10-15 03:21:09,823 [pool-47-thread-1] INFO  impl.RaftServerImpl (RaftServerImpl.java:setRole(170)) - ff86720b-57ad-4346-9c29-47d80feac5b3@group-13C1EE84F8CE: changes role from      null to FOLLOWER at term 0 for startAsFollower
2019-10-15 03:21:09,823 [pool-47-thread-1] INFO  impl.RoleInfo (RoleInfo.java:updateAndGet(143)) - ff86720b-57ad-4346-9c29-47d80feac5b3: start FollowerState
2019-10-15 03:21:09,824 [pool-47-thread-1] INFO  util.JmxRegister (JmxRegister.java:tryRegister(44)) - Successfully registered JMX Bean with object name Ratis:service=RaftServer,group=group-13C1EE84F8CE,id=ff86720b-57ad-4346-9c29-47d80feac5b3
2019-10-15 03:21:09,837 [RatisPipelineUtilsThread] INFO  pipeline.PipelineStateManager (PipelineStateManager.java:addPipeline(56)) - Created pipeline Pipeline[ Id: 1c97723a-a342-4f86-8c1e-13c1ee84f8ce, Nodes: ff86720b-57ad-4346-9c29-47d80feac5b3{ip: 192.168.157.236, host: pr-hdds-2278-dv8k5-3424803466, networkLocation: /default-rack, certSerialId: null}, Type:RATIS, Factor:ONE, State:OPEN]
2019-10-15 03:21:09,858 [grpc-default-executor-0] INFO  impl.RaftServerProxy (RaftServerProxy.java:addNew(89)) - dab5a863-0e86-4b68-ba3e-0ceb094488f7: addNew group-9C13862E1250:[dab5a863-0e86-4b68-ba3e-0ceb094488f7:192.168.157.236:36772] returns group-9C13862E1250:java.util.concurrent.CompletableFuture@70f176f[Not completed]
2019-10-15 03:21:09,863 [pool-67-thread-1] INFO  impl.RaftServerImpl (RaftServerImpl.java:<init>(95)) - dab5a863-0e86-4b68-ba3e-0ceb094488f7: new RaftServerImpl for group-9C13862E1250:[dab5a863-0e86-4b68-ba3e-0ceb094488f7:192.168.157.236:36772] with ContainerStateMachine:uninitialized
2019-10-15 03:21:09,863 [pool-67-thread-1] INFO  server.RaftServerConfigKeys (ConfUtils.java:logGet(43)) - raft.server.rpc.timeout.min = 5s (custom)
2019-10-15 03:21:09,863 [pool-67-thread-1] INFO  server.RaftServerConfigKeys (ConfUtils.java:logGet(43)) - raft.server.rpc.timeout.max = 5200ms (custom)
2019-10-15 03:21:09,863 [pool-67-thread-1] INFO  server.RaftServerConfigKeys (ConfUtils.java:logGet(43)) - raft.server.rpcslowness.timeout = 120s (custom)
2019-10-15 03:21:09,864 [pool-67-thread-1] INFO  server.RaftServerConfigKeys (ConfUtils.java:logGet(43)) - raft.server.sleep.deviation.threshold = 300 (default)
2019-10-15 03:21:09,864 [pool-67-thread-1] INFO  server.RaftServerConfigKeys (ConfUtils.java:logGet(43)) - raft.server.log.appender.install.snapshot.enabled = false (custom)
2019-10-15 03:21:09,864 [pool-67-thread-1] INFO  impl.RaftServerImpl (ServerState.java:<init>(103)) - dab5a863-0e86-4b68-ba3e-0ceb094488f7@group-9C13862E1250: ConfigurationManager, init=-1: [dab5a863-0e86-4b68-ba3e-0ceb094488f7:192.168.157.236:36772], old=null, confs=<EMPTY_MAP>
2019-10-15 03:21:09,864 [pool-67-thread-1] INFO  server.RaftServerConfigKeys (ConfUtils.java:logGet(43)) - raft.server.storage.dir = [/workdir/hadoop-ozone/integration-test/target/test-dir/MiniOzoneClusterImpl-747bb6ba-742f-4335-8eef-883d7ad25d26/datanode-4/data/ratis] (custom)
2019-10-15 03:21:09,865 [pool-67-thread-1] INFO  server.RaftServerConfigKeys (ConfUtils.java:logGet(43)) - raft.server.log.corruption.policy = EXCEPTION (default)
2019-10-15 03:21:09,865 [pool-67-thread-1] INFO  storage.RaftStorageDirectory (RaftStorageDirectory.java:analyzeStorage(246)) - The storage directory /workdir/hadoop-ozone/integration-test/target/test-dir/MiniOzoneClusterImpl-747bb6ba-742f-4335-8eef-883d7ad25d26/datanode-4/data/ratis/e299fb5f-7e2b-452e-8612-9c13862e1250 does not exist. Creating ...
2019-10-15 03:21:09,911 [pool-67-thread-1] INFO  storage.RaftStorageDirectory (RaftStorageDirectory.java:tryLock(328)) - Lock on /workdir/hadoop-ozone/integration-test/target/test-dir/MiniOzoneClusterImpl-747bb6ba-742f-4335-8eef-883d7ad25d26/datanode-4/data/ratis/e299fb5f-7e2b-452e-8612-9c13862e1250/in_use.lock acquired by nodename 7146@pr-hdds-2278-dv8k5-3424803466
2019-10-15 03:21:09,978 [pool-67-thread-1] INFO  storage.RaftStorage (RaftStorage.java:format(84)) - Storage directory /workdir/hadoop-ozone/integration-test/target/test-dir/MiniOzoneClusterImpl-747bb6ba-742f-4335-8eef-883d7ad25d26/datanode-4/data/ratis/e299fb5f-7e2b-452e-8612-9c13862e1250 has been successfully formatted.
2019-10-15 03:21:09,978 [pool-67-thread-1] INFO  ratis.ContainerStateMachine (ContainerStateMachine.java:loadSnapshot(231)) - group-9C13862E1250: The snapshot info is null. Setting the last applied indexto:(t:0, i:~)
2019-10-15 03:21:09,979 [pool-67-thread-1] INFO  server.RaftServerConfigKeys (ConfUtils.java:logGet(43)) - raft.server.notification.no-leader.timeout = 120s (custom)
2019-10-15 03:21:09,979 [pool-67-thread-1] INFO  server.RaftServerConfigKeys (ConfUtils.java:logGet(43)) - raft.server.log.use.memory = false (default)
2019-10-15 03:21:09,979 [pool-67-thread-1] INFO  server.RaftServerConfigKeys (ConfUtils.java:logGet(43)) - raft.server.log.purge.gap = 1000000 (custom)
2019-10-15 03:21:09,979 [pool-67-thread-1] INFO  server.RaftServerConfigKeys (ConfUtils.java:logGet(43)) - raft.server.log.appender.buffer.byte-limit = 33554432 (custom)
2019-10-15 03:21:09,979 [pool-67-thread-1] INFO  server.RaftServerConfigKeys (ConfUtils.java:logGet(43)) - raft.server.log.segment.size.max = 1048576 (custom)
2019-10-15 03:21:09,982 [pool-67-thread-1] INFO  server.RaftServerConfigKeys (ConfUtils.java:logGet(43)) - raft.server.log.segment.cache.num.max = 2 (custom)
2019-10-15 03:21:09,982 [pool-67-thread-1] INFO  segmented.SegmentedRaftLogWorker (SegmentedRaftLogWorker.java:<init>(173)) - new dab5a863-0e86-4b68-ba3e-0ceb094488f7@group-9C13862E1250-SegmentedRaftLogWorker for RaftStorage:Storage Directory /workdir/hadoop-ozone/integration-test/target/test-dir/MiniOzoneClusterImpl-747bb6ba-742f-4335-8eef-883d7ad25d26/datanode-4/data/ratis/e299fb5f-7e2b-452e-8612-9c13862e1250
2019-10-15 03:21:09,982 [pool-67-thread-1] INFO  server.RaftServerConfigKeys (ConfUtils.java:logGet(43)) - raft.server.log.queue.byte-limit = 2147483647 (custom)
2019-10-15 03:21:09,982 [pool-67-thread-1] INFO  server.RaftServerConfigKeys (ConfUtils.java:logGet(43)) - raft.server.log.queue.element-limit = 1024 (custom)
2019-10-15 03:21:09,982 [pool-67-thread-1] INFO  server.RaftServerConfigKeys (ConfUtils.java:logGet(43)) - raft.server.log.segment.size.max = 1048576 (custom)
2019-10-15 03:21:09,982 [pool-67-thread-1] INFO  server.RaftServerConfigKeys (ConfUtils.java:logGet(43)) - raft.server.log.preallocated.size = 16384 (custom)
2019-10-15 03:21:09,982 [pool-67-thread-1] INFO  server.RaftServerConfigKeys (ConfUtils.java:logGet(43)) - raft.server.log.write.buffer.size = 33554432 (custom)
2019-10-15 03:21:09,982 [pool-67-thread-1] INFO  server.RaftServerConfigKeys (ConfUtils.java:logGet(43)) - raft.server.log.force.sync.num = 128 (default)
2019-10-15 03:21:09,983 [pool-67-thread-1] INFO  server.RaftServerConfigKeys (ConfUtils.java:logGet(43)) - raft.server.log.statemachine.data.sync = true (default)
2019-10-15 03:21:09,983 [pool-67-thread-1] INFO  server.RaftServerConfigKeys (ConfUtils.java:logGet(43)) - raft.server.log.statemachine.data.sync.timeout = 10s (default)
2019-10-15 03:21:09,983 [pool-67-thread-1] INFO  server.RaftServerConfigKeys (ConfUtils.java:logGet(43)) - raft.server.log.statemachine.data.sync.timeout.retry = -1 (default)
2019-10-15 03:21:09,983 [pool-67-thread-1] INFO  server.RaftServerConfigKeys (ConfUtils.java:logGet(43)) - raft.server.log.statemachine.data.caching.enabled = true (custom)
2019-10-15 03:21:09,984 [pool-67-thread-1] INFO  segmented.SegmentedRaftLogWorker (SegmentedRaftLogWorker.java:lambda$new$0(128)) - dab5a863-0e86-4b68-ba3e-0ceb094488f7@group-9C13862E1250-SegmentedRaftLogWorker: flushIndex: setUnconditionally 0 -> -1
2019-10-15 03:21:09,984 [pool-67-thread-1] INFO  server.RaftServerConfigKeys (ConfUtils.java:logGet(43)) - raft.server.snapshot.auto.trigger.enabled = true (custom)
2019-10-15 03:21:09,984 [pool-67-thread-1] INFO  server.RaftServerConfigKeys (ConfUtils.java:logGet(43)) - raft.server.snapshot.auto.trigger.threshold = 10000 (custom)
2019-10-15 03:21:09,984 [pool-67-thread-1] INFO  server.RaftServerConfigKeys (ConfUtils.java:logGet(43)) - raft.server.snapshot.retention.file.num = 5 (custom)
2019-10-15 03:21:09,984 [pool-67-thread-1] INFO  server.RaftServerConfigKeys (ConfUtils.java:logGet(43)) - raft.server.retrycache.expirytime = 600000ms (custom)
2019-10-15 03:21:09,987 [pool-67-thread-1] INFO  impl.RaftServerImpl (RaftServerImpl.java:start(181)) - dab5a863-0e86-4b68-ba3e-0ceb094488f7@group-9C13862E1250: start as a follower, conf=-1: [dab5a863-0e86-4b68-ba3e-0ceb094488f7:192.168.157.236:36772], old=null
2019-10-15 03:21:09,987 [pool-67-thread-1] INFO  impl.RaftServerImpl (RaftServerImpl.java:setRole(170)) - dab5a863-0e86-4b68-ba3e-0ceb094488f7@group-9C13862E1250: changes role from      null to FOLLOWER at term 0 for startAsFollower
2019-10-15 03:21:09,987 [pool-67-thread-1] INFO  impl.RoleInfo (RoleInfo.java:updateAndGet(143)) - dab5a863-0e86-4b68-ba3e-0ceb094488f7: start FollowerState
2019-10-15 03:21:09,988 [pool-67-thread-1] INFO  util.JmxRegister (JmxRegister.java:tryRegister(44)) - Successfully registered JMX Bean with object name Ratis:service=RaftServer,group=group-9C13862E1250,id=dab5a863-0e86-4b68-ba3e-0ceb094488f7
2019-10-15 03:21:10,004 [RatisPipelineUtilsThread] INFO  pipeline.PipelineStateManager (PipelineStateManager.java:addPipeline(56)) - Created pipeline Pipeline[ Id: e299fb5f-7e2b-452e-8612-9c13862e1250, Nodes: dab5a863-0e86-4b68-ba3e-0ceb094488f7{ip: 192.168.157.236, host: pr-hdds-2278-dv8k5-3424803466, networkLocation: /default-rack, certSerialId: null}, Type:RATIS, Factor:ONE, State:OPEN]
2019-10-15 03:21:10,018 [grpc-default-executor-0] INFO  impl.RaftServerProxy (RaftServerProxy.java:addNew(89)) - d2567d56-dcd5-489e-b972-e7d09fe5b2c3: addNew group-F6029E55F058:[d2567d56-dcd5-489e-b972-e7d09fe5b2c3:192.168.157.236:46144] returns group-F6029E55F058:java.util.concurrent.CompletableFuture@474ab17d[Not completed]
2019-10-15 03:21:10,022 [pool-87-thread-1] INFO  impl.RaftServerImpl (RaftServerImpl.java:<init>(95)) - d2567d56-dcd5-489e-b972-e7d09fe5b2c3: new RaftServerImpl for group-F6029E55F058:[d2567d56-dcd5-489e-b972-e7d09fe5b2c3:192.168.157.236:46144] with ContainerStateMachine:uninitialized
2019-10-15 03:21:10,022 [pool-87-thread-1] INFO  server.RaftServerConfigKeys (ConfUtils.java:logGet(43)) - raft.server.rpc.timeout.min = 5s (custom)
2019-10-15 03:21:10,022 [pool-87-thread-1] INFO  server.RaftServerConfigKeys (ConfUtils.java:logGet(43)) - raft.server.rpc.timeout.max = 5200ms (custom)
2019-10-15 03:21:10,022 [pool-87-thread-1] INFO  server.RaftServerConfigKeys (ConfUtils.java:logGet(43)) - raft.server.rpcslowness.timeout = 120s (custom)
2019-10-15 03:21:10,022 [pool-87-thread-1] INFO  server.RaftServerConfigKeys (ConfUtils.java:logGet(43)) - raft.server.sleep.deviation.threshold = 300 (default)
2019-10-15 03:21:10,023 [pool-87-thread-1] INFO  server.RaftServerConfigKeys (ConfUtils.java:logGet(43)) - raft.server.log.appender.install.snapshot.enabled = false (custom)
2019-10-15 03:21:10,023 [pool-87-thread-1] INFO  impl.RaftServerImpl (ServerState.java:<init>(103)) - d2567d56-dcd5-489e-b972-e7d09fe5b2c3@group-F6029E55F058: ConfigurationManager, init=-1: [d2567d56-dcd5-489e-b972-e7d09fe5b2c3:192.168.157.236:46144], old=null, confs=<EMPTY_MAP>
2019-10-15 03:21:10,023 [pool-87-thread-1] INFO  server.RaftServerConfigKeys (ConfUtils.java:logGet(43)) - raft.server.storage.dir = [/workdir/hadoop-ozone/integration-test/target/test-dir/MiniOzoneClusterImpl-747bb6ba-742f-4335-8eef-883d7ad25d26/datanode-6/data/ratis] (custom)
2019-10-15 03:21:10,023 [pool-87-thread-1] INFO  server.RaftServerConfigKeys (ConfUtils.java:logGet(43)) - raft.server.log.corruption.policy = EXCEPTION (default)
2019-10-15 03:21:10,023 [pool-87-thread-1] INFO  storage.RaftStorageDirectory (RaftStorageDirectory.java:analyzeStorage(246)) - The storage directory /workdir/hadoop-ozone/integration-test/target/test-dir/MiniOzoneClusterImpl-747bb6ba-742f-4335-8eef-883d7ad25d26/datanode-6/data/ratis/077a192e-26f5-4799-85ea-f6029e55f058 does not exist. Creating ...
2019-10-15 03:21:10,082 [pool-87-thread-1] INFO  storage.RaftStorageDirectory (RaftStorageDirectory.java:tryLock(328)) - Lock on /workdir/hadoop-ozone/integration-test/target/test-dir/MiniOzoneClusterImpl-747bb6ba-742f-4335-8eef-883d7ad25d26/datanode-6/data/ratis/077a192e-26f5-4799-85ea-f6029e55f058/in_use.lock acquired by nodename 7146@pr-hdds-2278-dv8k5-3424803466
2019-10-15 03:21:10,170 [pool-87-thread-1] INFO  storage.RaftStorage (RaftStorage.java:format(84)) - Storage directory /workdir/hadoop-ozone/integration-test/target/test-dir/MiniOzoneClusterImpl-747bb6ba-742f-4335-8eef-883d7ad25d26/datanode-6/data/ratis/077a192e-26f5-4799-85ea-f6029e55f058 has been successfully formatted.
2019-10-15 03:21:10,176 [pool-87-thread-1] INFO  ratis.ContainerStateMachine (ContainerStateMachine.java:loadSnapshot(231)) - group-F6029E55F058: The snapshot info is null. Setting the last applied indexto:(t:0, i:~)
2019-10-15 03:21:10,176 [pool-87-thread-1] INFO  server.RaftServerConfigKeys (ConfUtils.java:logGet(43)) - raft.server.notification.no-leader.timeout = 120s (custom)
2019-10-15 03:21:10,176 [pool-87-thread-1] INFO  server.RaftServerConfigKeys (ConfUtils.java:logGet(43)) - raft.server.log.use.memory = false (default)
2019-10-15 03:21:10,176 [pool-87-thread-1] INFO  server.RaftServerConfigKeys (ConfUtils.java:logGet(43)) - raft.server.log.purge.gap = 1000000 (custom)
2019-10-15 03:21:10,176 [pool-87-thread-1] INFO  server.RaftServerConfigKeys (ConfUtils.java:logGet(43)) - raft.server.log.appender.buffer.byte-limit = 33554432 (custom)
2019-10-15 03:21:10,176 [pool-87-thread-1] INFO  server.RaftServerConfigKeys (ConfUtils.java:logGet(43)) - raft.server.log.segment.size.max = 1048576 (custom)
2019-10-15 03:21:10,183 [pool-87-thread-1] INFO  server.RaftServerConfigKeys (ConfUtils.java:logGet(43)) - raft.server.log.segment.cache.num.max = 2 (custom)
2019-10-15 03:21:10,184 [pool-87-thread-1] INFO  segmented.SegmentedRaftLogWorker (SegmentedRaftLogWorker.java:<init>(173)) - new d2567d56-dcd5-489e-b972-e7d09fe5b2c3@group-F6029E55F058-SegmentedRaftLogWorker for RaftStorage:Storage Directory /workdir/hadoop-ozone/integration-test/target/test-dir/MiniOzoneClusterImpl-747bb6ba-742f-4335-8eef-883d7ad25d26/datanode-6/data/ratis/077a192e-26f5-4799-85ea-f6029e55f058
2019-10-15 03:21:10,184 [pool-87-thread-1] INFO  server.RaftServerConfigKeys (ConfUtils.java:logGet(43)) - raft.server.log.queue.byte-limit = 2147483647 (custom)
2019-10-15 03:21:10,184 [pool-87-thread-1] INFO  server.RaftServerConfigKeys (ConfUtils.java:logGet(43)) - raft.server.log.queue.element-limit = 1024 (custom)
2019-10-15 03:21:10,184 [pool-87-thread-1] INFO  server.RaftServerConfigKeys (ConfUtils.java:logGet(43)) - raft.server.log.segment.size.max = 1048576 (custom)
2019-10-15 03:21:10,184 [pool-87-thread-1] INFO  server.RaftServerConfigKeys (ConfUtils.java:logGet(43)) - raft.server.log.preallocated.size = 16384 (custom)
2019-10-15 03:21:10,184 [pool-87-thread-1] INFO  server.RaftServerConfigKeys (ConfUtils.java:logGet(43)) - raft.server.log.write.buffer.size = 33554432 (custom)
2019-10-15 03:21:10,184 [pool-87-thread-1] INFO  server.RaftServerConfigKeys (ConfUtils.java:logGet(43)) - raft.server.log.force.sync.num = 128 (default)
2019-10-15 03:21:10,184 [pool-87-thread-1] INFO  server.RaftServerConfigKeys (ConfUtils.java:logGet(43)) - raft.server.log.statemachine.data.sync = true (default)
2019-10-15 03:21:10,185 [pool-87-thread-1] INFO  server.RaftServerConfigKeys (ConfUtils.java:logGet(43)) - raft.server.log.statemachine.data.sync.timeout = 10s (default)
2019-10-15 03:21:10,185 [pool-87-thread-1] INFO  server.RaftServerConfigKeys (ConfUtils.java:logGet(43)) - raft.server.log.statemachine.data.sync.timeout.retry = -1 (default)
2019-10-15 03:21:10,185 [pool-87-thread-1] INFO  server.RaftServerConfigKeys (ConfUtils.java:logGet(43)) - raft.server.log.statemachine.data.caching.enabled = true (custom)
2019-10-15 03:21:10,187 [pool-87-thread-1] INFO  segmented.SegmentedRaftLogWorker (SegmentedRaftLogWorker.java:lambda$new$0(128)) - d2567d56-dcd5-489e-b972-e7d09fe5b2c3@group-F6029E55F058-SegmentedRaftLogWorker: flushIndex: setUnconditionally 0 -> -1
2019-10-15 03:21:10,187 [pool-87-thread-1] INFO  server.RaftServerConfigKeys (ConfUtils.java:logGet(43)) - raft.server.snapshot.auto.trigger.enabled = true (custom)
2019-10-15 03:21:10,187 [pool-87-thread-1] INFO  server.RaftServerConfigKeys (ConfUtils.java:logGet(43)) - raft.server.snapshot.auto.trigger.threshold = 10000 (custom)
2019-10-15 03:21:10,188 [pool-87-thread-1] INFO  server.RaftServerConfigKeys (ConfUtils.java:logGet(43)) - raft.server.snapshot.retention.file.num = 5 (custom)
2019-10-15 03:21:10,188 [pool-87-thread-1] INFO  server.RaftServerConfigKeys (ConfUtils.java:logGet(43)) - raft.server.retrycache.expirytime = 600000ms (custom)
2019-10-15 03:21:10,190 [pool-87-thread-1] INFO  impl.RaftServerImpl (RaftServerImpl.java:start(181)) - d2567d56-dcd5-489e-b972-e7d09fe5b2c3@group-F6029E55F058: start as a follower, conf=-1: [d2567d56-dcd5-489e-b972-e7d09fe5b2c3:192.168.157.236:46144], old=null
2019-10-15 03:21:10,190 [pool-87-thread-1] INFO  impl.RaftServerImpl (RaftServerImpl.java:setRole(170)) - d2567d56-dcd5-489e-b972-e7d09fe5b2c3@group-F6029E55F058: changes role from      null to FOLLOWER at term 0 for startAsFollower
2019-10-15 03:21:10,190 [pool-87-thread-1] INFO  impl.RoleInfo (RoleInfo.java:updateAndGet(143)) - d2567d56-dcd5-489e-b972-e7d09fe5b2c3: start FollowerState
2019-10-15 03:21:10,191 [pool-87-thread-1] INFO  util.JmxRegister (JmxRegister.java:tryRegister(44)) - Successfully registered JMX Bean with object name Ratis:service=RaftServer,group=group-F6029E55F058,id=d2567d56-dcd5-489e-b972-e7d09fe5b2c3
2019-10-15 03:21:10,210 [RatisPipelineUtilsThread] INFO  pipeline.PipelineStateManager (PipelineStateManager.java:addPipeline(56)) - Created pipeline Pipeline[ Id: 077a192e-26f5-4799-85ea-f6029e55f058, Nodes: d2567d56-dcd5-489e-b972-e7d09fe5b2c3{ip: 192.168.157.236, host: pr-hdds-2278-dv8k5-3424803466, networkLocation: /default-rack, certSerialId: null}, Type:RATIS, Factor:ONE, State:OPEN]
2019-10-15 03:21:10,249 [grpc-default-executor-2] INFO  impl.RaftServerProxy (RaftServerProxy.java:addNew(89)) - ee46b013-4f8a-4e1e-9d21-4cc7a5f61f32: addNew group-169A166C894B:[7a6ae757-b1cb-4520-a3e0-bcfac033e2fd:192.168.157.236:40701, ee46b013-4f8a-4e1e-9d21-4cc7a5f61f32:192.168.157.236:33603, 1974a9a1-a6f9-4483-963f-44bc27f0fbdf:192.168.157.236:45308] returns group-169A166C894B:java.util.concurrent.CompletableFuture@701133d9[Not completed]
2019-10-15 03:21:10,249 [grpc-default-executor-1] INFO  impl.RaftServerProxy (RaftServerProxy.java:addNew(89)) - 1974a9a1-a6f9-4483-963f-44bc27f0fbdf: addNew group-169A166C894B:[7a6ae757-b1cb-4520-a3e0-bcfac033e2fd:192.168.157.236:40701, ee46b013-4f8a-4e1e-9d21-4cc7a5f61f32:192.168.157.236:33603, 1974a9a1-a6f9-4483-963f-44bc27f0fbdf:192.168.157.236:45308] returns group-169A166C894B:java.util.concurrent.CompletableFuture@66e586f[Not completed]
2019-10-15 03:21:10,251 [pool-27-thread-1] INFO  impl.RaftServerImpl (RaftServerImpl.java:<init>(95)) - ee46b013-4f8a-4e1e-9d21-4cc7a5f61f32: new RaftServerImpl for group-169A166C894B:[7a6ae757-b1cb-4520-a3e0-bcfac033e2fd:192.168.157.236:40701, ee46b013-4f8a-4e1e-9d21-4cc7a5f61f32:192.168.157.236:33603, 1974a9a1-a6f9-4483-963f-44bc27f0fbdf:192.168.157.236:45308] with ContainerStateMachine:uninitialized
2019-10-15 03:21:10,252 [pool-27-thread-1] INFO  server.RaftServerConfigKeys (ConfUtils.java:logGet(43)) - raft.server.rpc.timeout.min = 5s (custom)
2019-10-15 03:21:10,252 [pool-27-thread-1] INFO  server.RaftServerConfigKeys (ConfUtils.java:logGet(43)) - raft.server.rpc.timeout.max = 5200ms (custom)
2019-10-15 03:21:10,252 [grpc-default-executor-1] INFO  impl.RaftServerProxy (RaftServerProxy.java:addNew(89)) - 7a6ae757-b1cb-4520-a3e0-bcfac033e2fd: addNew group-169A166C894B:[7a6ae757-b1cb-4520-a3e0-bcfac033e2fd:192.168.157.236:40701, ee46b013-4f8a-4e1e-9d21-4cc7a5f61f32:192.168.157.236:33603, 1974a9a1-a6f9-4483-963f-44bc27f0fbdf:192.168.157.236:45308] returns group-169A166C894B:java.util.concurrent.CompletableFuture@251cc7a[Not completed]
2019-10-15 03:21:10,252 [pool-27-thread-1] INFO  server.RaftServerConfigKeys (ConfUtils.java:logGet(43)) - raft.server.rpcslowness.timeout = 120s (custom)
2019-10-15 03:21:10,252 [pool-27-thread-1] INFO  server.RaftServerConfigKeys (ConfUtils.java:logGet(43)) - raft.server.sleep.deviation.threshold = 300 (default)
2019-10-15 03:21:10,252 [pool-27-thread-1] INFO  server.RaftServerConfigKeys (ConfUtils.java:logGet(43)) - raft.server.log.appender.install.snapshot.enabled = false (custom)
2019-10-15 03:21:10,252 [pool-27-thread-1] INFO  impl.RaftServerImpl (ServerState.java:<init>(103)) - ee46b013-4f8a-4e1e-9d21-4cc7a5f61f32@group-169A166C894B: ConfigurationManager, init=-1: [7a6ae757-b1cb-4520-a3e0-bcfac033e2fd:192.168.157.236:40701, ee46b013-4f8a-4e1e-9d21-4cc7a5f61f32:192.168.157.236:33603, 1974a9a1-a6f9-4483-963f-44bc27f0fbdf:192.168.157.236:45308], old=null, confs=<EMPTY_MAP>
2019-10-15 03:21:10,253 [pool-27-thread-1] INFO  server.RaftServerConfigKeys (ConfUtils.java:logGet(43)) - raft.server.storage.dir = [/workdir/hadoop-ozone/integration-test/target/test-dir/MiniOzoneClusterImpl-747bb6ba-742f-4335-8eef-883d7ad25d26/datanode-0/data/ratis] (custom)
2019-10-15 03:21:10,253 [pool-77-thread-1] INFO  impl.RaftServerImpl (RaftServerImpl.java:<init>(95)) - 1974a9a1-a6f9-4483-963f-44bc27f0fbdf: new RaftServerImpl for group-169A166C894B:[7a6ae757-b1cb-4520-a3e0-bcfac033e2fd:192.168.157.236:40701, ee46b013-4f8a-4e1e-9d21-4cc7a5f61f32:192.168.157.236:33603, 1974a9a1-a6f9-4483-963f-44bc27f0fbdf:192.168.157.236:45308] with ContainerStateMachine:uninitialized
2019-10-15 03:21:10,253 [pool-27-thread-1] INFO  server.RaftServerConfigKeys (ConfUtils.java:logGet(43)) - raft.server.log.corruption.policy = EXCEPTION (default)
2019-10-15 03:21:10,253 [pool-77-thread-1] INFO  server.RaftServerConfigKeys (ConfUtils.java:logGet(43)) - raft.server.rpc.timeout.min = 5s (custom)
2019-10-15 03:21:10,253 [pool-27-thread-1] INFO  storage.RaftStorageDirectory (RaftStorageDirectory.java:analyzeStorage(246)) - The storage directory /workdir/hadoop-ozone/integration-test/target/test-dir/MiniOzoneClusterImpl-747bb6ba-742f-4335-8eef-883d7ad25d26/datanode-0/data/ratis/eb84a5c3-aa1a-4e25-9e37-169a166c894b does not exist. Creating ...
2019-10-15 03:21:10,253 [pool-77-thread-1] INFO  server.RaftServerConfigKeys (ConfUtils.java:logGet(43)) - raft.server.rpc.timeout.max = 5200ms (custom)
2019-10-15 03:21:10,253 [pool-77-thread-1] INFO  server.RaftServerConfigKeys (ConfUtils.java:logGet(43)) - raft.server.rpcslowness.timeout = 120s (custom)
2019-10-15 03:21:10,253 [pool-77-thread-1] INFO  server.RaftServerConfigKeys (ConfUtils.java:logGet(43)) - raft.server.sleep.deviation.threshold = 300 (default)
2019-10-15 03:21:10,253 [pool-77-thread-1] INFO  server.RaftServerConfigKeys (ConfUtils.java:logGet(43)) - raft.server.log.appender.install.snapshot.enabled = false (custom)
2019-10-15 03:21:10,254 [pool-77-thread-1] INFO  impl.RaftServerImpl (ServerState.java:<init>(103)) - 1974a9a1-a6f9-4483-963f-44bc27f0fbdf@group-169A166C894B: ConfigurationManager, init=-1: [7a6ae757-b1cb-4520-a3e0-bcfac033e2fd:192.168.157.236:40701, ee46b013-4f8a-4e1e-9d21-4cc7a5f61f32:192.168.157.236:33603, 1974a9a1-a6f9-4483-963f-44bc27f0fbdf:192.168.157.236:45308], old=null, confs=<EMPTY_MAP>
2019-10-15 03:21:10,254 [pool-77-thread-1] INFO  server.RaftServerConfigKeys (ConfUtils.java:logGet(43)) - raft.server.storage.dir = [/workdir/hadoop-ozone/integration-test/target/test-dir/MiniOzoneClusterImpl-747bb6ba-742f-4335-8eef-883d7ad25d26/datanode-5/data/ratis] (custom)
2019-10-15 03:21:10,254 [pool-37-thread-1] INFO  impl.RaftServerImpl (RaftServerImpl.java:<init>(95)) - 7a6ae757-b1cb-4520-a3e0-bcfac033e2fd: new RaftServerImpl for group-169A166C894B:[7a6ae757-b1cb-4520-a3e0-bcfac033e2fd:192.168.157.236:40701, ee46b013-4f8a-4e1e-9d21-4cc7a5f61f32:192.168.157.236:33603, 1974a9a1-a6f9-4483-963f-44bc27f0fbdf:192.168.157.236:45308] with ContainerStateMachine:uninitialized
2019-10-15 03:21:10,254 [pool-77-thread-1] INFO  server.RaftServerConfigKeys (ConfUtils.java:logGet(43)) - raft.server.log.corruption.policy = EXCEPTION (default)
2019-10-15 03:21:10,254 [pool-37-thread-1] INFO  server.RaftServerConfigKeys (ConfUtils.java:logGet(43)) - raft.server.rpc.timeout.min = 5s (custom)
2019-10-15 03:21:10,254 [pool-77-thread-1] INFO  storage.RaftStorageDirectory (RaftStorageDirectory.java:analyzeStorage(246)) - The storage directory /workdir/hadoop-ozone/integration-test/target/test-dir/MiniOzoneClusterImpl-747bb6ba-742f-4335-8eef-883d7ad25d26/datanode-5/data/ratis/eb84a5c3-aa1a-4e25-9e37-169a166c894b does not exist. Creating ...
2019-10-15 03:21:10,254 [pool-37-thread-1] INFO  server.RaftServerConfigKeys (ConfUtils.java:logGet(43)) - raft.server.rpc.timeout.max = 5200ms (custom)
2019-10-15 03:21:10,255 [pool-37-thread-1] INFO  server.RaftServerConfigKeys (ConfUtils.java:logGet(43)) - raft.server.rpcslowness.timeout = 120s (custom)
2019-10-15 03:21:10,255 [pool-37-thread-1] INFO  server.RaftServerConfigKeys (ConfUtils.java:logGet(43)) - raft.server.sleep.deviation.threshold = 300 (default)
2019-10-15 03:21:10,256 [pool-37-thread-1] INFO  server.RaftServerConfigKeys (ConfUtils.java:logGet(43)) - raft.server.log.appender.install.snapshot.enabled = false (custom)
2019-10-15 03:21:10,264 [pool-37-thread-1] INFO  impl.RaftServerImpl (ServerState.java:<init>(103)) - 7a6ae757-b1cb-4520-a3e0-bcfac033e2fd@group-169A166C894B: ConfigurationManager, init=-1: [7a6ae757-b1cb-4520-a3e0-bcfac033e2fd:192.168.157.236:40701, ee46b013-4f8a-4e1e-9d21-4cc7a5f61f32:192.168.157.236:33603, 1974a9a1-a6f9-4483-963f-44bc27f0fbdf:192.168.157.236:45308], old=null, confs=<EMPTY_MAP>
2019-10-15 03:21:10,264 [pool-37-thread-1] INFO  server.RaftServerConfigKeys (ConfUtils.java:logGet(43)) - raft.server.storage.dir = [/workdir/hadoop-ozone/integration-test/target/test-dir/MiniOzoneClusterImpl-747bb6ba-742f-4335-8eef-883d7ad25d26/datanode-1/data/ratis] (custom)
2019-10-15 03:21:10,264 [pool-37-thread-1] INFO  server.RaftServerConfigKeys (ConfUtils.java:logGet(43)) - raft.server.log.corruption.policy = EXCEPTION (default)
2019-10-15 03:21:10,265 [pool-37-thread-1] INFO  storage.RaftStorageDirectory (RaftStorageDirectory.java:analyzeStorage(246)) - The storage directory /workdir/hadoop-ozone/integration-test/target/test-dir/MiniOzoneClusterImpl-747bb6ba-742f-4335-8eef-883d7ad25d26/datanode-1/data/ratis/eb84a5c3-aa1a-4e25-9e37-169a166c894b does not exist. Creating ...
2019-10-15 03:21:10,269 [main] INFO  rpc.RpcClient (RpcClient.java:createVolume(272)) - Creating Volume: testblockoutputstream, with jenkins1000 as owner.
2019-10-15 03:21:10,302 [pool-77-thread-1] INFO  storage.RaftStorageDirectory (RaftStorageDirectory.java:tryLock(328)) - Lock on /workdir/hadoop-ozone/integration-test/target/test-dir/MiniOzoneClusterImpl-747bb6ba-742f-4335-8eef-883d7ad25d26/datanode-5/data/ratis/eb84a5c3-aa1a-4e25-9e37-169a166c894b/in_use.lock acquired by nodename 7146@pr-hdds-2278-dv8k5-3424803466
2019-10-15 03:21:10,302 [pool-27-thread-1] INFO  storage.RaftStorageDirectory (RaftStorageDirectory.java:tryLock(328)) - Lock on /workdir/hadoop-ozone/integration-test/target/test-dir/MiniOzoneClusterImpl-747bb6ba-742f-4335-8eef-883d7ad25d26/datanode-0/data/ratis/eb84a5c3-aa1a-4e25-9e37-169a166c894b/in_use.lock acquired by nodename 7146@pr-hdds-2278-dv8k5-3424803466
2019-10-15 03:21:10,303 [pool-37-thread-1] INFO  storage.RaftStorageDirectory (RaftStorageDirectory.java:tryLock(328)) - Lock on /workdir/hadoop-ozone/integration-test/target/test-dir/MiniOzoneClusterImpl-747bb6ba-742f-4335-8eef-883d7ad25d26/datanode-1/data/ratis/eb84a5c3-aa1a-4e25-9e37-169a166c894b/in_use.lock acquired by nodename 7146@pr-hdds-2278-dv8k5-3424803466
2019-10-15 03:21:10,321 [pool-77-thread-1] INFO  storage.RaftStorage (RaftStorage.java:format(84)) - Storage directory /workdir/hadoop-ozone/integration-test/target/test-dir/MiniOzoneClusterImpl-747bb6ba-742f-4335-8eef-883d7ad25d26/datanode-5/data/ratis/eb84a5c3-aa1a-4e25-9e37-169a166c894b has been successfully formatted.
2019-10-15 03:21:10,321 [pool-27-thread-1] INFO  storage.RaftStorage (RaftStorage.java:format(84)) - Storage directory /workdir/hadoop-ozone/integration-test/target/test-dir/MiniOzoneClusterImpl-747bb6ba-742f-4335-8eef-883d7ad25d26/datanode-0/data/ratis/eb84a5c3-aa1a-4e25-9e37-169a166c894b has been successfully formatted.
2019-10-15 03:21:10,321 [pool-37-thread-1] INFO  storage.RaftStorage (RaftStorage.java:format(84)) - Storage directory /workdir/hadoop-ozone/integration-test/target/test-dir/MiniOzoneClusterImpl-747bb6ba-742f-4335-8eef-883d7ad25d26/datanode-1/data/ratis/eb84a5c3-aa1a-4e25-9e37-169a166c894b has been successfully formatted.
2019-10-15 03:21:10,321 [pool-77-thread-1] INFO  ratis.ContainerStateMachine (ContainerStateMachine.java:loadSnapshot(231)) - group-169A166C894B: The snapshot info is null. Setting the last applied indexto:(t:0, i:~)
2019-10-15 03:21:10,321 [pool-27-thread-1] INFO  ratis.ContainerStateMachine (ContainerStateMachine.java:loadSnapshot(231)) - group-169A166C894B: The snapshot info is null. Setting the last applied indexto:(t:0, i:~)
2019-10-15 03:21:10,321 [pool-77-thread-1] INFO  server.RaftServerConfigKeys (ConfUtils.java:logGet(43)) - raft.server.notification.no-leader.timeout = 120s (custom)
2019-10-15 03:21:10,321 [pool-37-thread-1] INFO  ratis.ContainerStateMachine (ContainerStateMachine.java:loadSnapshot(231)) - group-169A166C894B: The snapshot info is null. Setting the last applied indexto:(t:0, i:~)
2019-10-15 03:21:10,322 [pool-77-thread-1] INFO  server.RaftServerConfigKeys (ConfUtils.java:logGet(43)) - raft.server.log.use.memory = false (default)
2019-10-15 03:21:10,321 [pool-27-thread-1] INFO  server.RaftServerConfigKeys (ConfUtils.java:logGet(43)) - raft.server.notification.no-leader.timeout = 120s (custom)
2019-10-15 03:21:10,324 [pool-77-thread-1] INFO  server.RaftServerConfigKeys (ConfUtils.java:logGet(43)) - raft.server.log.purge.gap = 1000000 (custom)
2019-10-15 03:21:10,324 [pool-37-thread-1] INFO  server.RaftServerConfigKeys (ConfUtils.java:logGet(43)) - raft.server.notification.no-leader.timeout = 120s (custom)
2019-10-15 03:21:10,324 [pool-77-thread-1] INFO  server.RaftServerConfigKeys (ConfUtils.java:logGet(43)) - raft.server.log.appender.buffer.byte-limit = 33554432 (custom)
2019-10-15 03:21:10,324 [pool-27-thread-1] INFO  server.RaftServerConfigKeys (ConfUtils.java:logGet(43)) - raft.server.log.use.memory = false (default)
2019-10-15 03:21:10,324 [pool-77-thread-1] INFO  server.RaftServerConfigKeys (ConfUtils.java:logGet(43)) - raft.server.log.segment.size.max = 1048576 (custom)
2019-10-15 03:21:10,324 [pool-37-thread-1] INFO  server.RaftServerConfigKeys (ConfUtils.java:logGet(43)) - raft.server.log.use.memory = false (default)
2019-10-15 03:21:10,327 [pool-77-thread-1] INFO  server.RaftServerConfigKeys (ConfUtils.java:logGet(43)) - raft.server.log.segment.cache.num.max = 2 (custom)
2019-10-15 03:21:10,327 [pool-27-thread-1] INFO  server.RaftServerConfigKeys (ConfUtils.java:logGet(43)) - raft.server.log.purge.gap = 1000000 (custom)
2019-10-15 03:21:10,327 [pool-77-thread-1] INFO  segmented.SegmentedRaftLogWorker (SegmentedRaftLogWorker.java:<init>(173)) - new 1974a9a1-a6f9-4483-963f-44bc27f0fbdf@group-169A166C894B-SegmentedRaftLogWorker for RaftStorage:Storage Directory /workdir/hadoop-ozone/integration-test/target/test-dir/MiniOzoneClusterImpl-747bb6ba-742f-4335-8eef-883d7ad25d26/datanode-5/data/ratis/eb84a5c3-aa1a-4e25-9e37-169a166c894b
2019-10-15 03:21:10,327 [pool-37-thread-1] INFO  server.RaftServerConfigKeys (ConfUtils.java:logGet(43)) - raft.server.log.purge.gap = 1000000 (custom)
2019-10-15 03:21:10,327 [pool-77-thread-1] INFO  server.RaftServerConfigKeys (ConfUtils.java:logGet(43)) - raft.server.log.queue.byte-limit = 2147483647 (custom)
2019-10-15 03:21:10,327 [pool-27-thread-1] INFO  server.RaftServerConfigKeys (ConfUtils.java:logGet(43)) - raft.server.log.appender.buffer.byte-limit = 33554432 (custom)
2019-10-15 03:21:10,327 [pool-77-thread-1] INFO  server.RaftServerConfigKeys (ConfUtils.java:logGet(43)) - raft.server.log.queue.element-limit = 1024 (custom)
2019-10-15 03:21:10,327 [pool-37-thread-1] INFO  server.RaftServerConfigKeys (ConfUtils.java:logGet(43)) - raft.server.log.appender.buffer.byte-limit = 33554432 (custom)
2019-10-15 03:21:10,744 [pool-37-thread-1] INFO  server.RaftServerConfigKeys (ConfUtils.java:logGet(43)) - raft.server.log.segment.size.max = 1048576 (custom)
2019-10-15 03:21:10,744 [pool-27-thread-1] INFO  server.RaftServerConfigKeys (ConfUtils.java:logGet(43)) - raft.server.log.segment.size.max = 1048576 (custom)
2019-10-15 03:21:10,744 [pool-77-thread-1] INFO  server.RaftServerConfigKeys (ConfUtils.java:logGet(43)) - raft.server.log.segment.size.max = 1048576 (custom)
2019-10-15 03:21:10,747 [pool-37-thread-1] INFO  server.RaftServerConfigKeys (ConfUtils.java:logGet(43)) - raft.server.log.segment.cache.num.max = 2 (custom)
2019-10-15 03:21:10,747 [pool-27-thread-1] INFO  server.RaftServerConfigKeys (ConfUtils.java:logGet(43)) - raft.server.log.segment.cache.num.max = 2 (custom)
2019-10-15 03:21:10,747 [pool-37-thread-1] INFO  segmented.SegmentedRaftLogWorker (SegmentedRaftLogWorker.java:<init>(173)) - new 7a6ae757-b1cb-4520-a3e0-bcfac033e2fd@group-169A166C894B-SegmentedRaftLogWorker for RaftStorage:Storage Directory /workdir/hadoop-ozone/integration-test/target/test-dir/MiniOzoneClusterImpl-747bb6ba-742f-4335-8eef-883d7ad25d26/datanode-1/data/ratis/eb84a5c3-aa1a-4e25-9e37-169a166c894b
2019-10-15 03:21:10,747 [pool-77-thread-1] INFO  server.RaftServerConfigKeys (ConfUtils.java:logGet(43)) - raft.server.log.preallocated.size = 16384 (custom)
2019-10-15 03:21:10,751 [pool-37-thread-1] INFO  server.RaftServerConfigKeys (ConfUtils.java:logGet(43)) - raft.server.log.queue.byte-limit = 2147483647 (custom)
2019-10-15 03:21:10,749 [pool-27-thread-1] INFO  segmented.SegmentedRaftLogWorker (SegmentedRaftLogWorker.java:<init>(173)) - new ee46b013-4f8a-4e1e-9d21-4cc7a5f61f32@group-169A166C894B-SegmentedRaftLogWorker for RaftStorage:Storage Directory /workdir/hadoop-ozone/integration-test/target/test-dir/MiniOzoneClusterImpl-747bb6ba-742f-4335-8eef-883d7ad25d26/datanode-0/data/ratis/eb84a5c3-aa1a-4e25-9e37-169a166c894b
2019-10-15 03:21:10,752 [pool-37-thread-1] INFO  server.RaftServerConfigKeys (ConfUtils.java:logGet(43)) - raft.server.log.queue.element-limit = 1024 (custom)
2019-10-15 03:21:10,751 [pool-77-thread-1] INFO  server.RaftServerConfigKeys (ConfUtils.java:logGet(43)) - raft.server.log.write.buffer.size = 33554432 (custom)
2019-10-15 03:21:10,752 [pool-37-thread-1] INFO  server.RaftServerConfigKeys (ConfUtils.java:logGet(43)) - raft.server.log.segment.size.max = 1048576 (custom)
2019-10-15 03:21:10,752 [pool-27-thread-1] INFO  server.RaftServerConfigKeys (ConfUtils.java:logGet(43)) - raft.server.log.queue.byte-limit = 2147483647 (custom)
2019-10-15 03:21:10,752 [pool-37-thread-1] INFO  server.RaftServerConfigKeys (ConfUtils.java:logGet(43)) - raft.server.log.preallocated.size = 16384 (custom)
2019-10-15 03:21:10,752 [pool-77-thread-1] INFO  server.RaftServerConfigKeys (ConfUtils.java:logGet(43)) - raft.server.log.force.sync.num = 128 (default)
2019-10-15 03:21:10,753 [pool-37-thread-1] INFO  server.RaftServerConfigKeys (ConfUtils.java:logGet(43)) - raft.server.log.write.buffer.size = 33554432 (custom)
2019-10-15 03:21:10,752 [pool-27-thread-1] INFO  server.RaftServerConfigKeys (ConfUtils.java:logGet(43)) - raft.server.log.queue.element-limit = 1024 (custom)
2019-10-15 03:21:10,753 [pool-37-thread-1] INFO  server.RaftServerConfigKeys (ConfUtils.java:logGet(43)) - raft.server.log.force.sync.num = 128 (default)
2019-10-15 03:21:10,753 [pool-77-thread-1] INFO  server.RaftServerConfigKeys (ConfUtils.java:logGet(43)) - raft.server.log.statemachine.data.sync = true (default)
2019-10-15 03:21:10,753 [pool-37-thread-1] INFO  server.RaftServerConfigKeys (ConfUtils.java:logGet(43)) - raft.server.log.statemachine.data.sync = true (default)
2019-10-15 03:21:10,753 [pool-27-thread-1] INFO  server.RaftServerConfigKeys (ConfUtils.java:logGet(43)) - raft.server.log.segment.size.max = 1048576 (custom)
2019-10-15 03:21:10,753 [pool-37-thread-1] INFO  server.RaftServerConfigKeys (ConfUtils.java:logGet(43)) - raft.server.log.statemachine.data.sync.timeout = 10s (default)
2019-10-15 03:21:10,753 [pool-77-thread-1] INFO  server.RaftServerConfigKeys (ConfUtils.java:logGet(43)) - raft.server.log.statemachine.data.sync.timeout = 10s (default)
2019-10-15 03:21:10,754 [pool-37-thread-1] INFO  server.RaftServerConfigKeys (ConfUtils.java:logGet(43)) - raft.server.log.statemachine.data.sync.timeout.retry = -1 (default)
2019-10-15 03:21:10,754 [pool-27-thread-1] INFO  server.RaftServerConfigKeys (ConfUtils.java:logGet(43)) - raft.server.log.preallocated.size = 16384 (custom)
2019-10-15 03:21:10,754 [pool-37-thread-1] INFO  server.RaftServerConfigKeys (ConfUtils.java:logGet(43)) - raft.server.log.statemachine.data.caching.enabled = true (custom)
2019-10-15 03:21:10,754 [pool-77-thread-1] INFO  server.RaftServerConfigKeys (ConfUtils.java:logGet(43)) - raft.server.log.statemachine.data.sync.timeout.retry = -1 (default)
2019-10-15 03:21:10,754 [pool-27-thread-1] INFO  server.RaftServerConfigKeys (ConfUtils.java:logGet(43)) - raft.server.log.write.buffer.size = 33554432 (custom)
2019-10-15 03:21:10,755 [pool-77-thread-1] INFO  server.RaftServerConfigKeys (ConfUtils.java:logGet(43)) - raft.server.log.statemachine.data.caching.enabled = true (custom)
2019-10-15 03:21:10,755 [pool-37-thread-1] INFO  segmented.SegmentedRaftLogWorker (SegmentedRaftLogWorker.java:lambda$new$0(128)) - 7a6ae757-b1cb-4520-a3e0-bcfac033e2fd@group-169A166C894B-SegmentedRaftLogWorker: flushIndex: setUnconditionally 0 -> -1
2019-10-15 03:21:10,755 [pool-27-thread-1] INFO  server.RaftServerConfigKeys (ConfUtils.java:logGet(43)) - raft.server.log.force.sync.num = 128 (default)
2019-10-15 03:21:10,755 [pool-77-thread-1] INFO  segmented.SegmentedRaftLogWorker (SegmentedRaftLogWorker.java:lambda$new$0(128)) - 1974a9a1-a6f9-4483-963f-44bc27f0fbdf@group-169A166C894B-SegmentedRaftLogWorker: flushIndex: setUnconditionally 0 -> -1
2019-10-15 03:21:10,755 [pool-37-thread-1] INFO  server.RaftServerConfigKeys (ConfUtils.java:logGet(43)) - raft.server.snapshot.auto.trigger.enabled = true (custom)
2019-10-15 03:21:10,755 [pool-27-thread-1] INFO  server.RaftServerConfigKeys (ConfUtils.java:logGet(43)) - raft.server.log.statemachine.data.sync = true (default)
2019-10-15 03:21:10,755 [pool-77-thread-1] INFO  server.RaftServerConfigKeys (ConfUtils.java:logGet(43)) - raft.server.snapshot.auto.trigger.enabled = true (custom)
2019-10-15 03:21:10,755 [pool-37-thread-1] INFO  server.RaftServerConfigKeys (ConfUtils.java:logGet(43)) - raft.server.snapshot.auto.trigger.threshold = 10000 (custom)
2019-10-15 03:21:10,756 [pool-77-thread-1] INFO  server.RaftServerConfigKeys (ConfUtils.java:logGet(43)) - raft.server.snapshot.auto.trigger.threshold = 10000 (custom)
2019-10-15 03:21:10,756 [pool-27-thread-1] INFO  server.RaftServerConfigKeys (ConfUtils.java:logGet(43)) - raft.server.log.statemachine.data.sync.timeout = 10s (default)
2019-10-15 03:21:10,756 [pool-77-thread-1] INFO  server.RaftServerConfigKeys (ConfUtils.java:logGet(43)) - raft.server.snapshot.retention.file.num = 5 (custom)
2019-10-15 03:21:10,756 [pool-37-thread-1] INFO  server.RaftServerConfigKeys (ConfUtils.java:logGet(43)) - raft.server.snapshot.retention.file.num = 5 (custom)
2019-10-15 03:21:10,756 [pool-77-thread-1] INFO  server.RaftServerConfigKeys (ConfUtils.java:logGet(43)) - raft.server.retrycache.expirytime = 600000ms (custom)
2019-10-15 03:21:10,757 [pool-37-thread-1] INFO  server.RaftServerConfigKeys (ConfUtils.java:logGet(43)) - raft.server.retrycache.expirytime = 600000ms (custom)
2019-10-15 03:21:10,756 [pool-27-thread-1] INFO  server.RaftServerConfigKeys (ConfUtils.java:logGet(43)) - raft.server.log.statemachine.data.sync.timeout.retry = -1 (default)
2019-10-15 03:21:10,757 [pool-27-thread-1] INFO  server.RaftServerConfigKeys (ConfUtils.java:logGet(43)) - raft.server.log.statemachine.data.caching.enabled = true (custom)
2019-10-15 03:21:10,757 [pool-27-thread-1] INFO  segmented.SegmentedRaftLogWorker (SegmentedRaftLogWorker.java:lambda$new$0(128)) - ee46b013-4f8a-4e1e-9d21-4cc7a5f61f32@group-169A166C894B-SegmentedRaftLogWorker: flushIndex: setUnconditionally 0 -> -1
2019-10-15 03:21:10,758 [pool-27-thread-1] INFO  server.RaftServerConfigKeys (ConfUtils.java:logGet(43)) - raft.server.snapshot.auto.trigger.enabled = true (custom)
2019-10-15 03:21:10,758 [pool-27-thread-1] INFO  server.RaftServerConfigKeys (ConfUtils.java:logGet(43)) - raft.server.snapshot.auto.trigger.threshold = 10000 (custom)
2019-10-15 03:21:10,758 [pool-27-thread-1] INFO  server.RaftServerConfigKeys (ConfUtils.java:logGet(43)) - raft.server.snapshot.retention.file.num = 5 (custom)
2019-10-15 03:21:10,767 [pool-27-thread-1] INFO  server.RaftServerConfigKeys (ConfUtils.java:logGet(43)) - raft.server.retrycache.expirytime = 600000ms (custom)
2019-10-15 03:21:10,768 [pool-77-thread-1] INFO  impl.RaftServerImpl (RaftServerImpl.java:start(181)) - 1974a9a1-a6f9-4483-963f-44bc27f0fbdf@group-169A166C894B: start as a follower, conf=-1: [7a6ae757-b1cb-4520-a3e0-bcfac033e2fd:192.168.157.236:40701, ee46b013-4f8a-4e1e-9d21-4cc7a5f61f32:192.168.157.236:33603, 1974a9a1-a6f9-4483-963f-44bc27f0fbdf:192.168.157.236:45308], old=null
2019-10-15 03:21:10,769 [pool-77-thread-1] INFO  impl.RaftServerImpl (RaftServerImpl.java:setRole(170)) - 1974a9a1-a6f9-4483-963f-44bc27f0fbdf@group-169A166C894B: changes role from      null to FOLLOWER at term 0 for startAsFollower
2019-10-15 03:21:10,769 [pool-77-thread-1] INFO  impl.RoleInfo (RoleInfo.java:updateAndGet(143)) - 1974a9a1-a6f9-4483-963f-44bc27f0fbdf: start FollowerState
2019-10-15 03:21:10,769 [pool-77-thread-1] INFO  util.JmxRegister (JmxRegister.java:tryRegister(44)) - Successfully registered JMX Bean with object name Ratis:service=RaftServer,group=group-169A166C894B,id=1974a9a1-a6f9-4483-963f-44bc27f0fbdf
2019-10-15 03:21:10,770 [pool-37-thread-1] INFO  impl.RaftServerImpl (RaftServerImpl.java:start(181)) - 7a6ae757-b1cb-4520-a3e0-bcfac033e2fd@group-169A166C894B: start as a follower, conf=-1: [7a6ae757-b1cb-4520-a3e0-bcfac033e2fd:192.168.157.236:40701, ee46b013-4f8a-4e1e-9d21-4cc7a5f61f32:192.168.157.236:33603, 1974a9a1-a6f9-4483-963f-44bc27f0fbdf:192.168.157.236:45308], old=null
2019-10-15 03:21:10,770 [pool-37-thread-1] INFO  impl.RaftServerImpl (RaftServerImpl.java:setRole(170)) - 7a6ae757-b1cb-4520-a3e0-bcfac033e2fd@group-169A166C894B: changes role from      null to FOLLOWER at term 0 for startAsFollower
2019-10-15 03:21:10,770 [pool-37-thread-1] INFO  impl.RoleInfo (RoleInfo.java:updateAndGet(143)) - 7a6ae757-b1cb-4520-a3e0-bcfac033e2fd: start FollowerState
2019-10-15 03:21:10,771 [pool-37-thread-1] INFO  util.JmxRegister (JmxRegister.java:tryRegister(44)) - Successfully registered JMX Bean with object name Ratis:service=RaftServer,group=group-169A166C894B,id=7a6ae757-b1cb-4520-a3e0-bcfac033e2fd
2019-10-15 03:21:10,771 [pool-27-thread-1] INFO  impl.RaftServerImpl (RaftServerImpl.java:start(181)) - ee46b013-4f8a-4e1e-9d21-4cc7a5f61f32@group-169A166C894B: start as a follower, conf=-1: [7a6ae757-b1cb-4520-a3e0-bcfac033e2fd:192.168.157.236:40701, ee46b013-4f8a-4e1e-9d21-4cc7a5f61f32:192.168.157.236:33603, 1974a9a1-a6f9-4483-963f-44bc27f0fbdf:192.168.157.236:45308], old=null
2019-10-15 03:21:10,771 [pool-27-thread-1] INFO  impl.RaftServerImpl (RaftServerImpl.java:setRole(170)) - ee46b013-4f8a-4e1e-9d21-4cc7a5f61f32@group-169A166C894B: changes role from      null to FOLLOWER at term 0 for startAsFollower
2019-10-15 03:21:10,771 [pool-27-thread-1] INFO  impl.RoleInfo (RoleInfo.java:updateAndGet(143)) - ee46b013-4f8a-4e1e-9d21-4cc7a5f61f32: start FollowerState
2019-10-15 03:21:10,772 [pool-27-thread-1] INFO  util.JmxRegister (JmxRegister.java:tryRegister(44)) - Successfully registered JMX Bean with object name Ratis:service=RaftServer,group=group-169A166C894B,id=ee46b013-4f8a-4e1e-9d21-4cc7a5f61f32
2019-10-15 03:21:10,797 [RatisPipelineUtilsThread] INFO  pipeline.PipelineStateManager (PipelineStateManager.java:addPipeline(56)) - Created pipeline Pipeline[ Id: eb84a5c3-aa1a-4e25-9e37-169a166c894b, Nodes: 7a6ae757-b1cb-4520-a3e0-bcfac033e2fd{ip: 192.168.157.236, host: pr-hdds-2278-dv8k5-3424803466, networkLocation: /default-rack, certSerialId: null}ee46b013-4f8a-4e1e-9d21-4cc7a5f61f32{ip: 192.168.157.236, host: pr-hdds-2278-dv8k5-3424803466, networkLocation: /default-rack, certSerialId: null}1974a9a1-a6f9-4483-963f-44bc27f0fbdf{ip: 192.168.157.236, host: pr-hdds-2278-dv8k5-3424803466, networkLocation: /default-rack, certSerialId: null}, Type:RATIS, Factor:THREE, State:OPEN]
2019-10-15 03:21:10,829 [grpc-default-executor-1] INFO  impl.RaftServerProxy (RaftServerProxy.java:addNew(89)) - dab5a863-0e86-4b68-ba3e-0ceb094488f7: addNew group-22A9B11B4D22:[76854fb9-5692-497b-8ec8-3ee205e6cc31:192.168.157.236:40031, ff86720b-57ad-4346-9c29-47d80feac5b3:192.168.157.236:45506, dab5a863-0e86-4b68-ba3e-0ceb094488f7:192.168.157.236:36772] returns group-22A9B11B4D22:java.util.concurrent.CompletableFuture@2872c43[Not completed]
2019-10-15 03:21:10,829 [grpc-default-executor-2] INFO  impl.RaftServerProxy (RaftServerProxy.java:addNew(89)) - 76854fb9-5692-497b-8ec8-3ee205e6cc31: addNew group-22A9B11B4D22:[76854fb9-5692-497b-8ec8-3ee205e6cc31:192.168.157.236:40031, ff86720b-57ad-4346-9c29-47d80feac5b3:192.168.157.236:45506, dab5a863-0e86-4b68-ba3e-0ceb094488f7:192.168.157.236:36772] returns group-22A9B11B4D22:java.util.concurrent.CompletableFuture@58f89a4[Not completed]
2019-10-15 03:21:10,829 [grpc-default-executor-0] INFO  impl.RaftServerProxy (RaftServerProxy.java:addNew(89)) - ff86720b-57ad-4346-9c29-47d80feac5b3: addNew group-22A9B11B4D22:[76854fb9-5692-497b-8ec8-3ee205e6cc31:192.168.157.236:40031, ff86720b-57ad-4346-9c29-47d80feac5b3:192.168.157.236:45506, dab5a863-0e86-4b68-ba3e-0ceb094488f7:192.168.157.236:36772] returns group-22A9B11B4D22:java.util.concurrent.CompletableFuture@5e3d7cb0[Not completed]
2019-10-15 03:21:10,832 [pool-57-thread-1] INFO  impl.RaftServerImpl (RaftServerImpl.java:<init>(95)) - 76854fb9-5692-497b-8ec8-3ee205e6cc31: new RaftServerImpl for group-22A9B11B4D22:[76854fb9-5692-497b-8ec8-3ee205e6cc31:192.168.157.236:40031, ff86720b-57ad-4346-9c29-47d80feac5b3:192.168.157.236:45506, dab5a863-0e86-4b68-ba3e-0ceb094488f7:192.168.157.236:36772] with ContainerStateMachine:uninitialized
2019-10-15 03:21:10,832 [pool-57-thread-1] INFO  server.RaftServerConfigKeys (ConfUtils.java:logGet(43)) - raft.server.rpc.timeout.min = 5s (custom)
2019-10-15 03:21:10,832 [pool-57-thread-1] INFO  server.RaftServerConfigKeys (ConfUtils.java:logGet(43)) - raft.server.rpc.timeout.max = 5200ms (custom)
2019-10-15 03:21:10,832 [pool-57-thread-1] INFO  server.RaftServerConfigKeys (ConfUtils.java:logGet(43)) - raft.server.rpcslowness.timeout = 120s (custom)
2019-10-15 03:21:10,832 [pool-57-thread-1] INFO  server.RaftServerConfigKeys (ConfUtils.java:logGet(43)) - raft.server.sleep.deviation.threshold = 300 (default)
2019-10-15 03:21:10,832 [pool-57-thread-1] INFO  server.RaftServerConfigKeys (ConfUtils.java:logGet(43)) - raft.server.log.appender.install.snapshot.enabled = false (custom)
2019-10-15 03:21:10,833 [pool-57-thread-1] INFO  impl.RaftServerImpl (ServerState.java:<init>(103)) - 76854fb9-5692-497b-8ec8-3ee205e6cc31@group-22A9B11B4D22: ConfigurationManager, init=-1: [76854fb9-5692-497b-8ec8-3ee205e6cc31:192.168.157.236:40031, ff86720b-57ad-4346-9c29-47d80feac5b3:192.168.157.236:45506, dab5a863-0e86-4b68-ba3e-0ceb094488f7:192.168.157.236:36772], old=null, confs=<EMPTY_MAP>
2019-10-15 03:21:10,833 [pool-67-thread-1] INFO  impl.RaftServerImpl (RaftServerImpl.java:<init>(95)) - dab5a863-0e86-4b68-ba3e-0ceb094488f7: new RaftServerImpl for group-22A9B11B4D22:[76854fb9-5692-497b-8ec8-3ee205e6cc31:192.168.157.236:40031, ff86720b-57ad-4346-9c29-47d80feac5b3:192.168.157.236:45506, dab5a863-0e86-4b68-ba3e-0ceb094488f7:192.168.157.236:36772] with ContainerStateMachine:uninitialized
2019-10-15 03:21:10,833 [pool-57-thread-1] INFO  server.RaftServerConfigKeys (ConfUtils.java:logGet(43)) - raft.server.storage.dir = [/workdir/hadoop-ozone/integration-test/target/test-dir/MiniOzoneClusterImpl-747bb6ba-742f-4335-8eef-883d7ad25d26/datanode-3/data/ratis] (custom)
2019-10-15 03:21:10,833 [pool-67-thread-1] INFO  server.RaftServerConfigKeys (ConfUtils.java:logGet(43)) - raft.server.rpc.timeout.min = 5s (custom)
2019-10-15 03:21:10,833 [pool-57-thread-1] INFO  server.RaftServerConfigKeys (ConfUtils.java:logGet(43)) - raft.server.log.corruption.policy = EXCEPTION (default)
2019-10-15 03:21:10,833 [pool-67-thread-1] INFO  server.RaftServerConfigKeys (ConfUtils.java:logGet(43)) - raft.server.rpc.timeout.max = 5200ms (custom)
2019-10-15 03:21:10,833 [pool-57-thread-1] INFO  storage.RaftStorageDirectory (RaftStorageDirectory.java:analyzeStorage(246)) - The storage directory /workdir/hadoop-ozone/integration-test/target/test-dir/MiniOzoneClusterImpl-747bb6ba-742f-4335-8eef-883d7ad25d26/datanode-3/data/ratis/87b01301-3530-4a43-a00a-22a9b11b4d22 does not exist. Creating ...
2019-10-15 03:21:10,833 [pool-67-thread-1] INFO  server.RaftServerConfigKeys (ConfUtils.java:logGet(43)) - raft.server.rpcslowness.timeout = 120s (custom)
2019-10-15 03:21:10,834 [pool-67-thread-1] INFO  server.RaftServerConfigKeys (ConfUtils.java:logGet(43)) - raft.server.sleep.deviation.threshold = 300 (default)
2019-10-15 03:21:10,834 [pool-67-thread-1] INFO  server.RaftServerConfigKeys (ConfUtils.java:logGet(43)) - raft.server.log.appender.install.snapshot.enabled = false (custom)
2019-10-15 03:21:10,834 [pool-47-thread-1] INFO  impl.RaftServerImpl (RaftServerImpl.java:<init>(95)) - ff86720b-57ad-4346-9c29-47d80feac5b3: new RaftServerImpl for group-22A9B11B4D22:[76854fb9-5692-497b-8ec8-3ee205e6cc31:192.168.157.236:40031, ff86720b-57ad-4346-9c29-47d80feac5b3:192.168.157.236:45506, dab5a863-0e86-4b68-ba3e-0ceb094488f7:192.168.157.236:36772] with ContainerStateMachine:uninitialized
2019-10-15 03:21:10,834 [pool-67-thread-1] INFO  impl.RaftServerImpl (ServerState.java:<init>(103)) - dab5a863-0e86-4b68-ba3e-0ceb094488f7@group-22A9B11B4D22: ConfigurationManager, init=-1: [76854fb9-5692-497b-8ec8-3ee205e6cc31:192.168.157.236:40031, ff86720b-57ad-4346-9c29-47d80feac5b3:192.168.157.236:45506, dab5a863-0e86-4b68-ba3e-0ceb094488f7:192.168.157.236:36772], old=null, confs=<EMPTY_MAP>
2019-10-15 03:21:10,834 [pool-47-thread-1] INFO  server.RaftServerConfigKeys (ConfUtils.java:logGet(43)) - raft.server.rpc.timeout.min = 5s (custom)
2019-10-15 03:21:10,834 [pool-67-thread-1] INFO  server.RaftServerConfigKeys (ConfUtils.java:logGet(43)) - raft.server.storage.dir = [/workdir/hadoop-ozone/integration-test/target/test-dir/MiniOzoneClusterImpl-747bb6ba-742f-4335-8eef-883d7ad25d26/datanode-4/data/ratis] (custom)
2019-10-15 03:21:10,834 [pool-47-thread-1] INFO  server.RaftServerConfigKeys (ConfUtils.java:logGet(43)) - raft.server.rpc.timeout.max = 5200ms (custom)
2019-10-15 03:21:10,835 [pool-67-thread-1] INFO  server.RaftServerConfigKeys (ConfUtils.java:logGet(43)) - raft.server.log.corruption.policy = EXCEPTION (default)
2019-10-15 03:21:10,835 [pool-47-thread-1] INFO  server.RaftServerConfigKeys (ConfUtils.java:logGet(43)) - raft.server.rpcslowness.timeout = 120s (custom)
2019-10-15 03:21:10,835 [pool-67-thread-1] INFO  storage.RaftStorageDirectory (RaftStorageDirectory.java:analyzeStorage(246)) - The storage directory /workdir/hadoop-ozone/integration-test/target/test-dir/MiniOzoneClusterImpl-747bb6ba-742f-4335-8eef-883d7ad25d26/datanode-4/data/ratis/87b01301-3530-4a43-a00a-22a9b11b4d22 does not exist. Creating ...
2019-10-15 03:21:10,835 [pool-47-thread-1] INFO  server.RaftServerConfigKeys (ConfUtils.java:logGet(43)) - raft.server.sleep.deviation.threshold = 300 (default)
2019-10-15 03:21:10,835 [pool-47-thread-1] INFO  server.RaftServerConfigKeys (ConfUtils.java:logGet(43)) - raft.server.log.appender.install.snapshot.enabled = false (custom)
2019-10-15 03:21:10,835 [pool-47-thread-1] INFO  impl.RaftServerImpl (ServerState.java:<init>(103)) - ff86720b-57ad-4346-9c29-47d80feac5b3@group-22A9B11B4D22: ConfigurationManager, init=-1: [76854fb9-5692-497b-8ec8-3ee205e6cc31:192.168.157.236:40031, ff86720b-57ad-4346-9c29-47d80feac5b3:192.168.157.236:45506, dab5a863-0e86-4b68-ba3e-0ceb094488f7:192.168.157.236:36772], old=null, confs=<EMPTY_MAP>
2019-10-15 03:21:10,836 [pool-47-thread-1] INFO  server.RaftServerConfigKeys (ConfUtils.java:logGet(43)) - raft.server.storage.dir = [/workdir/hadoop-ozone/integration-test/target/test-dir/MiniOzoneClusterImpl-747bb6ba-742f-4335-8eef-883d7ad25d26/datanode-2/data/ratis] (custom)
2019-10-15 03:21:10,836 [pool-47-thread-1] INFO  server.RaftServerConfigKeys (ConfUtils.java:logGet(43)) - raft.server.log.corruption.policy = EXCEPTION (default)
2019-10-15 03:21:10,836 [pool-47-thread-1] INFO  storage.RaftStorageDirectory (RaftStorageDirectory.java:analyzeStorage(246)) - The storage directory /workdir/hadoop-ozone/integration-test/target/test-dir/MiniOzoneClusterImpl-747bb6ba-742f-4335-8eef-883d7ad25d26/datanode-2/data/ratis/87b01301-3530-4a43-a00a-22a9b11b4d22 does not exist. Creating ...
2019-10-15 03:21:10,852 [IPC Server handler 2 on 42658] INFO  volume.OMVolumeCreateRequest (OMVolumeCreateRequest.java:validateAndUpdateCache(193)) - created volume:testblockoutputstream for user:jenkins1000
2019-10-15 03:21:10,858 [pool-57-thread-1] INFO  storage.RaftStorageDirectory (RaftStorageDirectory.java:tryLock(328)) - Lock on /workdir/hadoop-ozone/integration-test/target/test-dir/MiniOzoneClusterImpl-747bb6ba-742f-4335-8eef-883d7ad25d26/datanode-3/data/ratis/87b01301-3530-4a43-a00a-22a9b11b4d22/in_use.lock acquired by nodename 7146@pr-hdds-2278-dv8k5-3424803466
2019-10-15 03:21:10,858 [pool-47-thread-1] INFO  storage.RaftStorageDirectory (RaftStorageDirectory.java:tryLock(328)) - Lock on /workdir/hadoop-ozone/integration-test/target/test-dir/MiniOzoneClusterImpl-747bb6ba-742f-4335-8eef-883d7ad25d26/datanode-2/data/ratis/87b01301-3530-4a43-a00a-22a9b11b4d22/in_use.lock acquired by nodename 7146@pr-hdds-2278-dv8k5-3424803466
2019-10-15 03:21:10,858 [pool-67-thread-1] INFO  storage.RaftStorageDirectory (RaftStorageDirectory.java:tryLock(328)) - Lock on /workdir/hadoop-ozone/integration-test/target/test-dir/MiniOzoneClusterImpl-747bb6ba-742f-4335-8eef-883d7ad25d26/datanode-4/data/ratis/87b01301-3530-4a43-a00a-22a9b11b4d22/in_use.lock acquired by nodename 7146@pr-hdds-2278-dv8k5-3424803466
2019-10-15 03:21:10,883 [main] INFO  rpc.RpcClient (RpcClient.java:createBucket(411)) - Creating Bucket: testblockoutputstream/testblockoutputstream, with Versioning false and Storage Type set to DISK and Encryption set to false 
2019-10-15 03:21:10,888 [pool-57-thread-1] INFO  storage.RaftStorage (RaftStorage.java:format(84)) - Storage directory /workdir/hadoop-ozone/integration-test/target/test-dir/MiniOzoneClusterImpl-747bb6ba-742f-4335-8eef-883d7ad25d26/datanode-3/data/ratis/87b01301-3530-4a43-a00a-22a9b11b4d22 has been successfully formatted.
2019-10-15 03:21:10,888 [pool-67-thread-1] INFO  storage.RaftStorage (RaftStorage.java:format(84)) - Storage directory /workdir/hadoop-ozone/integration-test/target/test-dir/MiniOzoneClusterImpl-747bb6ba-742f-4335-8eef-883d7ad25d26/datanode-4/data/ratis/87b01301-3530-4a43-a00a-22a9b11b4d22 has been successfully formatted.
2019-10-15 03:21:10,888 [pool-47-thread-1] INFO  storage.RaftStorage (RaftStorage.java:format(84)) - Storage directory /workdir/hadoop-ozone/integration-test/target/test-dir/MiniOzoneClusterImpl-747bb6ba-742f-4335-8eef-883d7ad25d26/datanode-2/data/ratis/87b01301-3530-4a43-a00a-22a9b11b4d22 has been successfully formatted.
2019-10-15 03:21:10,890 [pool-57-thread-1] INFO  ratis.ContainerStateMachine (ContainerStateMachine.java:loadSnapshot(231)) - group-22A9B11B4D22: The snapshot info is null. Setting the last applied indexto:(t:0, i:~)
2019-10-15 03:21:10,890 [pool-47-thread-1] INFO  ratis.ContainerStateMachine (ContainerStateMachine.java:loadSnapshot(231)) - group-22A9B11B4D22: The snapshot info is null. Setting the last applied indexto:(t:0, i:~)
2019-10-15 03:21:10,890 [pool-57-thread-1] INFO  server.RaftServerConfigKeys (ConfUtils.java:logGet(43)) - raft.server.notification.no-leader.timeout = 120s (custom)
2019-10-15 03:21:10,890 [pool-67-thread-1] INFO  ratis.ContainerStateMachine (ContainerStateMachine.java:loadSnapshot(231)) - group-22A9B11B4D22: The snapshot info is null. Setting the last applied indexto:(t:0, i:~)
2019-10-15 03:21:10,891 [pool-57-thread-1] INFO  server.RaftServerConfigKeys (ConfUtils.java:logGet(43)) - raft.server.log.use.memory = false (default)
2019-10-15 03:21:10,891 [pool-47-thread-1] INFO  server.RaftServerConfigKeys (ConfUtils.java:logGet(43)) - raft.server.notification.no-leader.timeout = 120s (custom)
2019-10-15 03:21:10,891 [pool-57-thread-1] INFO  server.RaftServerConfigKeys (ConfUtils.java:logGet(43)) - raft.server.log.purge.gap = 1000000 (custom)
2019-10-15 03:21:10,891 [pool-67-thread-1] INFO  server.RaftServerConfigKeys (ConfUtils.java:logGet(43)) - raft.server.notification.no-leader.timeout = 120s (custom)
2019-10-15 03:21:10,891 [pool-57-thread-1] INFO  server.RaftServerConfigKeys (ConfUtils.java:logGet(43)) - raft.server.log.appender.buffer.byte-limit = 33554432 (custom)
2019-10-15 03:21:10,891 [pool-47-thread-1] INFO  server.RaftServerConfigKeys (ConfUtils.java:logGet(43)) - raft.server.log.use.memory = false (default)
2019-10-15 03:21:10,892 [pool-57-thread-1] INFO  server.RaftServerConfigKeys (ConfUtils.java:logGet(43)) - raft.server.log.segment.size.max = 1048576 (custom)
2019-10-15 03:21:10,891 [pool-67-thread-1] INFO  server.RaftServerConfigKeys (ConfUtils.java:logGet(43)) - raft.server.log.use.memory = false (default)
2019-10-15 03:21:10,894 [pool-57-thread-1] INFO  server.RaftServerConfigKeys (ConfUtils.java:logGet(43)) - raft.server.log.segment.cache.num.max = 2 (custom)
2019-10-15 03:21:10,892 [pool-47-thread-1] INFO  server.RaftServerConfigKeys (ConfUtils.java:logGet(43)) - raft.server.log.purge.gap = 1000000 (custom)
2019-10-15 03:21:10,894 [pool-57-thread-1] INFO  segmented.SegmentedRaftLogWorker (SegmentedRaftLogWorker.java:<init>(173)) - new 76854fb9-5692-497b-8ec8-3ee205e6cc31@group-22A9B11B4D22-SegmentedRaftLogWorker for RaftStorage:Storage Directory /workdir/hadoop-ozone/integration-test/target/test-dir/MiniOzoneClusterImpl-747bb6ba-742f-4335-8eef-883d7ad25d26/datanode-3/data/ratis/87b01301-3530-4a43-a00a-22a9b11b4d22
2019-10-15 03:21:10,894 [pool-67-thread-1] INFO  server.RaftServerConfigKeys (ConfUtils.java:logGet(43)) - raft.server.log.purge.gap = 1000000 (custom)
2019-10-15 03:21:10,894 [pool-57-thread-1] INFO  server.RaftServerConfigKeys (ConfUtils.java:logGet(43)) - raft.server.log.queue.byte-limit = 2147483647 (custom)
2019-10-15 03:21:10,894 [pool-47-thread-1] INFO  server.RaftServerConfigKeys (ConfUtils.java:logGet(43)) - raft.server.log.appender.buffer.byte-limit = 33554432 (custom)
2019-10-15 03:21:10,895 [pool-57-thread-1] INFO  server.RaftServerConfigKeys (ConfUtils.java:logGet(43)) - raft.server.log.queue.element-limit = 1024 (custom)
2019-10-15 03:21:10,894 [pool-67-thread-1] INFO  server.RaftServerConfigKeys (ConfUtils.java:logGet(43)) - raft.server.log.appender.buffer.byte-limit = 33554432 (custom)
2019-10-15 03:21:10,895 [pool-57-thread-1] INFO  server.RaftServerConfigKeys (ConfUtils.java:logGet(43)) - raft.server.log.segment.size.max = 1048576 (custom)
2019-10-15 03:21:10,895 [pool-47-thread-1] INFO  server.RaftServerConfigKeys (ConfUtils.java:logGet(43)) - raft.server.log.segment.size.max = 1048576 (custom)
2019-10-15 03:21:10,895 [pool-57-thread-1] INFO  server.RaftServerConfigKeys (ConfUtils.java:logGet(43)) - raft.server.log.preallocated.size = 16384 (custom)
2019-10-15 03:21:10,895 [pool-67-thread-1] INFO  server.RaftServerConfigKeys (ConfUtils.java:logGet(43)) - raft.server.log.segment.size.max = 1048576 (custom)
2019-10-15 03:21:10,895 [pool-57-thread-1] INFO  server.RaftServerConfigKeys (ConfUtils.java:logGet(43)) - raft.server.log.write.buffer.size = 33554432 (custom)
2019-10-15 03:21:10,895 [pool-47-thread-1] INFO  server.RaftServerConfigKeys (ConfUtils.java:logGet(43)) - raft.server.log.segment.cache.num.max = 2 (custom)
2019-10-15 03:21:10,896 [pool-57-thread-1] INFO  server.RaftServerConfigKeys (ConfUtils.java:logGet(43)) - raft.server.log.force.sync.num = 128 (default)
2019-10-15 03:21:10,896 [pool-67-thread-1] INFO  server.RaftServerConfigKeys (ConfUtils.java:logGet(43)) - raft.server.log.segment.cache.num.max = 2 (custom)
2019-10-15 03:21:10,896 [pool-57-thread-1] INFO  server.RaftServerConfigKeys (ConfUtils.java:logGet(43)) - raft.server.log.statemachine.data.sync = true (default)
2019-10-15 03:21:10,896 [pool-47-thread-1] INFO  segmented.SegmentedRaftLogWorker (SegmentedRaftLogWorker.java:<init>(173)) - new ff86720b-57ad-4346-9c29-47d80feac5b3@group-22A9B11B4D22-SegmentedRaftLogWorker for RaftStorage:Storage Directory /workdir/hadoop-ozone/integration-test/target/test-dir/MiniOzoneClusterImpl-747bb6ba-742f-4335-8eef-883d7ad25d26/datanode-2/data/ratis/87b01301-3530-4a43-a00a-22a9b11b4d22
2019-10-15 03:21:10,896 [pool-57-thread-1] INFO  server.RaftServerConfigKeys (ConfUtils.java:logGet(43)) - raft.server.log.statemachine.data.sync.timeout = 10s (default)
2019-10-15 03:21:10,896 [pool-47-thread-1] INFO  server.RaftServerConfigKeys (ConfUtils.java:logGet(43)) - raft.server.log.queue.byte-limit = 2147483647 (custom)
2019-10-15 03:21:10,897 [pool-47-thread-1] INFO  server.RaftServerConfigKeys (ConfUtils.java:logGet(43)) - raft.server.log.queue.element-limit = 1024 (custom)
2019-10-15 03:21:10,896 [pool-67-thread-1] INFO  segmented.SegmentedRaftLogWorker (SegmentedRaftLogWorker.java:<init>(173)) - new dab5a863-0e86-4b68-ba3e-0ceb094488f7@group-22A9B11B4D22-SegmentedRaftLogWorker for RaftStorage:Storage Directory /workdir/hadoop-ozone/integration-test/target/test-dir/MiniOzoneClusterImpl-747bb6ba-742f-4335-8eef-883d7ad25d26/datanode-4/data/ratis/87b01301-3530-4a43-a00a-22a9b11b4d22
2019-10-15 03:21:10,897 [pool-47-thread-1] INFO  server.RaftServerConfigKeys (ConfUtils.java:logGet(43)) - raft.server.log.segment.size.max = 1048576 (custom)
2019-10-15 03:21:10,897 [pool-57-thread-1] INFO  server.RaftServerConfigKeys (ConfUtils.java:logGet(43)) - raft.server.log.statemachine.data.sync.timeout.retry = -1 (default)
2019-10-15 03:21:10,897 [pool-47-thread-1] INFO  server.RaftServerConfigKeys (ConfUtils.java:logGet(43)) - raft.server.log.preallocated.size = 16384 (custom)
2019-10-15 03:21:10,897 [pool-67-thread-1] INFO  server.RaftServerConfigKeys (ConfUtils.java:logGet(43)) - raft.server.log.queue.byte-limit = 2147483647 (custom)
2019-10-15 03:21:10,897 [pool-57-thread-1] INFO  server.RaftServerConfigKeys (ConfUtils.java:logGet(43)) - raft.server.log.statemachine.data.caching.enabled = true (custom)
2019-10-15 03:21:10,897 [pool-47-thread-1] INFO  server.RaftServerConfigKeys (ConfUtils.java:logGet(43)) - raft.server.log.write.buffer.size = 33554432 (custom)
2019-10-15 03:21:10,899 [pool-67-thread-1] INFO  server.RaftServerConfigKeys (ConfUtils.java:logGet(43)) - raft.server.log.queue.element-limit = 1024 (custom)
2019-10-15 03:21:10,900 [pool-47-thread-1] INFO  server.RaftServerConfigKeys (ConfUtils.java:logGet(43)) - raft.server.log.force.sync.num = 128 (default)
2019-10-15 03:21:10,900 [pool-67-thread-1] INFO  server.RaftServerConfigKeys (ConfUtils.java:logGet(43)) - raft.server.log.segment.size.max = 1048576 (custom)
2019-10-15 03:21:10,900 [pool-57-thread-1] INFO  segmented.SegmentedRaftLogWorker (SegmentedRaftLogWorker.java:lambda$new$0(128)) - 76854fb9-5692-497b-8ec8-3ee205e6cc31@group-22A9B11B4D22-SegmentedRaftLogWorker: flushIndex: setUnconditionally 0 -> -1
2019-10-15 03:21:10,900 [pool-67-thread-1] INFO  server.RaftServerConfigKeys (ConfUtils.java:logGet(43)) - raft.server.log.preallocated.size = 16384 (custom)
2019-10-15 03:21:10,900 [pool-47-thread-1] INFO  server.RaftServerConfigKeys (ConfUtils.java:logGet(43)) - raft.server.log.statemachine.data.sync = true (default)
2019-10-15 03:21:10,901 [pool-57-thread-1] INFO  server.RaftServerConfigKeys (ConfUtils.java:logGet(43)) - raft.server.snapshot.auto.trigger.enabled = true (custom)
2019-10-15 03:21:10,900 [pool-67-thread-1] INFO  server.RaftServerConfigKeys (ConfUtils.java:logGet(43)) - raft.server.log.write.buffer.size = 33554432 (custom)
2019-10-15 03:21:10,901 [pool-57-thread-1] INFO  server.RaftServerConfigKeys (ConfUtils.java:logGet(43)) - raft.server.snapshot.auto.trigger.threshold = 10000 (custom)
2019-10-15 03:21:10,901 [pool-47-thread-1] INFO  server.RaftServerConfigKeys (ConfUtils.java:logGet(43)) - raft.server.log.statemachine.data.sync.timeout = 10s (default)
2019-10-15 03:21:10,901 [pool-57-thread-1] INFO  server.RaftServerConfigKeys (ConfUtils.java:logGet(43)) - raft.server.snapshot.retention.file.num = 5 (custom)
2019-10-15 03:21:10,901 [pool-67-thread-1] INFO  server.RaftServerConfigKeys (ConfUtils.java:logGet(43)) - raft.server.log.force.sync.num = 128 (default)
2019-10-15 03:21:10,901 [pool-47-thread-1] INFO  server.RaftServerConfigKeys (ConfUtils.java:logGet(43)) - raft.server.log.statemachine.data.sync.timeout.retry = -1 (default)
2019-10-15 03:21:10,902 [pool-57-thread-1] INFO  server.RaftServerConfigKeys (ConfUtils.java:logGet(43)) - raft.server.retrycache.expirytime = 600000ms (custom)
2019-10-15 03:21:10,902 [pool-67-thread-1] INFO  server.RaftServerConfigKeys (ConfUtils.java:logGet(43)) - raft.server.log.statemachine.data.sync = true (default)
2019-10-15 03:21:10,902 [pool-47-thread-1] INFO  server.RaftServerConfigKeys (ConfUtils.java:logGet(43)) - raft.server.log.statemachine.data.caching.enabled = true (custom)
2019-10-15 03:21:10,902 [pool-67-thread-1] INFO  server.RaftServerConfigKeys (ConfUtils.java:logGet(43)) - raft.server.log.statemachine.data.sync.timeout = 10s (default)
2019-10-15 03:21:10,902 [pool-47-thread-1] INFO  segmented.SegmentedRaftLogWorker (SegmentedRaftLogWorker.java:lambda$new$0(128)) - ff86720b-57ad-4346-9c29-47d80feac5b3@group-22A9B11B4D22-SegmentedRaftLogWorker: flushIndex: setUnconditionally 0 -> -1
2019-10-15 03:21:10,902 [pool-67-thread-1] INFO  server.RaftServerConfigKeys (ConfUtils.java:logGet(43)) - raft.server.log.statemachine.data.sync.timeout.retry = -1 (default)
2019-10-15 03:21:10,903 [pool-47-thread-1] INFO  server.RaftServerConfigKeys (ConfUtils.java:logGet(43)) - raft.server.snapshot.auto.trigger.enabled = true (custom)
2019-10-15 03:21:10,903 [pool-47-thread-1] INFO  server.RaftServerConfigKeys (ConfUtils.java:logGet(43)) - raft.server.snapshot.auto.trigger.threshold = 10000 (custom)
2019-10-15 03:21:10,903 [pool-67-thread-1] INFO  server.RaftServerConfigKeys (ConfUtils.java:logGet(43)) - raft.server.log.statemachine.data.caching.enabled = true (custom)
2019-10-15 03:21:10,903 [pool-47-thread-1] INFO  server.RaftServerConfigKeys (ConfUtils.java:logGet(43)) - raft.server.snapshot.retention.file.num = 5 (custom)
2019-10-15 03:21:10,903 [pool-47-thread-1] INFO  server.RaftServerConfigKeys (ConfUtils.java:logGet(43)) - raft.server.retrycache.expirytime = 600000ms (custom)
2019-10-15 03:21:10,903 [pool-67-thread-1] INFO  segmented.SegmentedRaftLogWorker (SegmentedRaftLogWorker.java:lambda$new$0(128)) - dab5a863-0e86-4b68-ba3e-0ceb094488f7@group-22A9B11B4D22-SegmentedRaftLogWorker: flushIndex: setUnconditionally 0 -> -1
2019-10-15 03:21:10,903 [pool-67-thread-1] INFO  server.RaftServerConfigKeys (ConfUtils.java:logGet(43)) - raft.server.snapshot.auto.trigger.enabled = true (custom)
2019-10-15 03:21:10,904 [pool-67-thread-1] INFO  server.RaftServerConfigKeys (ConfUtils.java:logGet(43)) - raft.server.snapshot.auto.trigger.threshold = 10000 (custom)
2019-10-15 03:21:10,904 [pool-67-thread-1] INFO  server.RaftServerConfigKeys (ConfUtils.java:logGet(43)) - raft.server.snapshot.retention.file.num = 5 (custom)
2019-10-15 03:21:10,904 [pool-67-thread-1] INFO  server.RaftServerConfigKeys (ConfUtils.java:logGet(43)) - raft.server.retrycache.expirytime = 600000ms (custom)
2019-10-15 03:21:10,906 [pool-57-thread-1] INFO  impl.RaftServerImpl (RaftServerImpl.java:start(181)) - 76854fb9-5692-497b-8ec8-3ee205e6cc31@group-22A9B11B4D22: start as a follower, conf=-1: [76854fb9-5692-497b-8ec8-3ee205e6cc31:192.168.157.236:40031, ff86720b-57ad-4346-9c29-47d80feac5b3:192.168.157.236:45506, dab5a863-0e86-4b68-ba3e-0ceb094488f7:192.168.157.236:36772], old=null
2019-10-15 03:21:10,906 [pool-57-thread-1] INFO  impl.RaftServerImpl (RaftServerImpl.java:setRole(170)) - 76854fb9-5692-497b-8ec8-3ee205e6cc31@group-22A9B11B4D22: changes role from      null to FOLLOWER at term 0 for startAsFollower
2019-10-15 03:21:10,906 [pool-57-thread-1] INFO  impl.RoleInfo (RoleInfo.java:updateAndGet(143)) - 76854fb9-5692-497b-8ec8-3ee205e6cc31: start FollowerState
2019-10-15 03:21:10,906 [main] INFO  impl.MetricsSystemImpl (MetricsSystemImpl.java:init(158)) - XceiverClientMetrics metrics system started (again)
2019-10-15 03:21:10,906 [pool-47-thread-1] INFO  impl.RaftServerImpl (RaftServerImpl.java:start(181)) - ff86720b-57ad-4346-9c29-47d80feac5b3@group-22A9B11B4D22: start as a follower, conf=-1: [76854fb9-5692-497b-8ec8-3ee205e6cc31:192.168.157.236:40031, ff86720b-57ad-4346-9c29-47d80feac5b3:192.168.157.236:45506, dab5a863-0e86-4b68-ba3e-0ceb094488f7:192.168.157.236:36772], old=null
2019-10-15 03:21:10,907 [pool-57-thread-1] INFO  util.JmxRegister (JmxRegister.java:tryRegister(44)) - Successfully registered JMX Bean with object name Ratis:service=RaftServer,group=group-22A9B11B4D22,id=76854fb9-5692-497b-8ec8-3ee205e6cc31
2019-10-15 03:21:10,907 [pool-47-thread-1] INFO  impl.RaftServerImpl (RaftServerImpl.java:setRole(170)) - ff86720b-57ad-4346-9c29-47d80feac5b3@group-22A9B11B4D22: changes role from      null to FOLLOWER at term 0 for startAsFollower
2019-10-15 03:21:10,907 [pool-47-thread-1] INFO  impl.RoleInfo (RoleInfo.java:updateAndGet(143)) - ff86720b-57ad-4346-9c29-47d80feac5b3: start FollowerState
2019-10-15 03:21:10,907 [pool-47-thread-1] INFO  util.JmxRegister (JmxRegister.java:tryRegister(44)) - Successfully registered JMX Bean with object name Ratis:service=RaftServer,group=group-22A9B11B4D22,id=ff86720b-57ad-4346-9c29-47d80feac5b3
2019-10-15 03:21:10,907 [pool-67-thread-1] INFO  impl.RaftServerImpl (RaftServerImpl.java:start(181)) - dab5a863-0e86-4b68-ba3e-0ceb094488f7@group-22A9B11B4D22: start as a follower, conf=-1: [76854fb9-5692-497b-8ec8-3ee205e6cc31:192.168.157.236:40031, ff86720b-57ad-4346-9c29-47d80feac5b3:192.168.157.236:45506, dab5a863-0e86-4b68-ba3e-0ceb094488f7:192.168.157.236:36772], old=null
2019-10-15 03:21:10,907 [pool-67-thread-1] INFO  impl.RaftServerImpl (RaftServerImpl.java:setRole(170)) - dab5a863-0e86-4b68-ba3e-0ceb094488f7@group-22A9B11B4D22: changes role from      null to FOLLOWER at term 0 for startAsFollower
2019-10-15 03:21:10,908 [pool-67-thread-1] INFO  impl.RoleInfo (RoleInfo.java:updateAndGet(143)) - dab5a863-0e86-4b68-ba3e-0ceb094488f7: start FollowerState
2019-10-15 03:21:10,908 [pool-67-thread-1] INFO  util.JmxRegister (JmxRegister.java:tryRegister(44)) - Successfully registered JMX Bean with object name Ratis:service=RaftServer,group=group-22A9B11B4D22,id=dab5a863-0e86-4b68-ba3e-0ceb094488f7
2019-10-15 03:21:10,940 [RatisPipelineUtilsThread] INFO  pipeline.PipelineStateManager (PipelineStateManager.java:addPipeline(56)) - Created pipeline Pipeline[ Id: 87b01301-3530-4a43-a00a-22a9b11b4d22, Nodes: 76854fb9-5692-497b-8ec8-3ee205e6cc31{ip: 192.168.157.236, host: pr-hdds-2278-dv8k5-3424803466, networkLocation: /default-rack, certSerialId: null}ff86720b-57ad-4346-9c29-47d80feac5b3{ip: 192.168.157.236, host: pr-hdds-2278-dv8k5-3424803466, networkLocation: /default-rack, certSerialId: null}dab5a863-0e86-4b68-ba3e-0ceb094488f7{ip: 192.168.157.236, host: pr-hdds-2278-dv8k5-3424803466, networkLocation: /default-rack, certSerialId: null}, Type:RATIS, Factor:THREE, State:OPEN]
2019-10-15 03:21:11,128 [Thread-238] INFO  container.ReplicationManager (ReplicationManager.java:start(162)) - Starting Replication Monitor Thread.
2019-10-15 03:21:11,150 [ReplicationMonitor] INFO  container.ReplicationManager (ReplicationManager.java:run(225)) - Replication Monitor Thread took 13 milliseconds for processing 1 containers.
2019-10-15 03:21:14,146 [Thread-240] INFO  impl.FollowerState (FollowerState.java:run(108)) - ee46b013-4f8a-4e1e-9d21-4cc7a5f61f32@group-E06A9D54AEDD-FollowerState: change to CANDIDATE, lastRpcTime:5152ms, electionTimeout:5151ms
2019-10-15 03:21:14,149 [Thread-240] INFO  impl.RoleInfo (RoleInfo.java:shutdownFollowerState(121)) - ee46b013-4f8a-4e1e-9d21-4cc7a5f61f32: shutdown FollowerState
2019-10-15 03:21:14,150 [Thread-240] INFO  impl.RaftServerImpl (RaftServerImpl.java:setRole(170)) - ee46b013-4f8a-4e1e-9d21-4cc7a5f61f32@group-E06A9D54AEDD: changes role from  FOLLOWER to CANDIDATE at term 0 for changeToCandidate
2019-10-15 03:21:14,158 [Thread-240] INFO  impl.RoleInfo (RoleInfo.java:updateAndGet(143)) - ee46b013-4f8a-4e1e-9d21-4cc7a5f61f32: start LeaderElection
2019-10-15 03:21:14,186 [ee46b013-4f8a-4e1e-9d21-4cc7a5f61f32@group-E06A9D54AEDD-LeaderElection1] INFO  impl.LeaderElection (LeaderElection.java:askForVotes(178)) - ee46b013-4f8a-4e1e-9d21-4cc7a5f61f32@group-E06A9D54AEDD-LeaderElection1: begin an election at term 1 for -1: [ee46b013-4f8a-4e1e-9d21-4cc7a5f61f32:192.168.157.236:33603], old=null
2019-10-15 03:21:14,188 [ee46b013-4f8a-4e1e-9d21-4cc7a5f61f32@group-E06A9D54AEDD-LeaderElection1] INFO  impl.RoleInfo (RoleInfo.java:shutdownLeaderElection(134)) - ee46b013-4f8a-4e1e-9d21-4cc7a5f61f32: shutdown LeaderElection
2019-10-15 03:21:14,188 [ee46b013-4f8a-4e1e-9d21-4cc7a5f61f32@group-E06A9D54AEDD-LeaderElection1] INFO  impl.RaftServerImpl (RaftServerImpl.java:setRole(170)) - ee46b013-4f8a-4e1e-9d21-4cc7a5f61f32@group-E06A9D54AEDD: changes role from CANDIDATE to LEADER at term 1 for changeToLeader
2019-10-15 03:21:14,189 [ee46b013-4f8a-4e1e-9d21-4cc7a5f61f32@group-E06A9D54AEDD-LeaderElection1] INFO  impl.RaftServerImpl (ServerState.java:setLeader(255)) - ee46b013-4f8a-4e1e-9d21-4cc7a5f61f32@group-E06A9D54AEDD: change Leader from null to ee46b013-4f8a-4e1e-9d21-4cc7a5f61f32 at term 1 for becomeLeader, leader elected after 5327ms
2019-10-15 03:21:14,196 [ee46b013-4f8a-4e1e-9d21-4cc7a5f61f32@group-E06A9D54AEDD-LeaderElection1] INFO  server.RaftServerConfigKeys (ConfUtils.java:logGet(43)) - raft.server.staging.catchup.gap = 1000 (default)
2019-10-15 03:21:14,196 [ee46b013-4f8a-4e1e-9d21-4cc7a5f61f32@group-E06A9D54AEDD-LeaderElection1] INFO  server.RaftServerConfigKeys (ConfUtils.java:logGet(43)) - raft.server.rpc.sleep.time = 25ms (default)
2019-10-15 03:21:14,200 [ee46b013-4f8a-4e1e-9d21-4cc7a5f61f32@group-E06A9D54AEDD-LeaderElection1] INFO  server.RaftServerConfigKeys (ConfUtils.java:logGet(43)) - raft.server.write.element-limit = 4096 (default)
2019-10-15 03:21:14,203 [ee46b013-4f8a-4e1e-9d21-4cc7a5f61f32@group-E06A9D54AEDD-LeaderElection1] INFO  server.RaftServerConfigKeys (ConfUtils.java:logGet(43)) - raft.server.watch.timeout = 10s (default)
2019-10-15 03:21:14,203 [ee46b013-4f8a-4e1e-9d21-4cc7a5f61f32@group-E06A9D54AEDD-LeaderElection1] INFO  server.RaftServerConfigKeys (ConfUtils.java:logGet(43)) - raft.server.watch.timeout.denomination = 1s (default)
2019-10-15 03:21:14,204 [ee46b013-4f8a-4e1e-9d21-4cc7a5f61f32@group-E06A9D54AEDD-LeaderElection1] INFO  server.RaftServerConfigKeys (ConfUtils.java:logGet(43)) - raft.server.watch.element-limit = 65536 (default)
2019-10-15 03:21:14,214 [ee46b013-4f8a-4e1e-9d21-4cc7a5f61f32@group-E06A9D54AEDD-LeaderElection1] INFO  impl.RoleInfo (RoleInfo.java:updateAndGet(143)) - ee46b013-4f8a-4e1e-9d21-4cc7a5f61f32: start LeaderState
2019-10-15 03:21:14,236 [ee46b013-4f8a-4e1e-9d21-4cc7a5f61f32@group-E06A9D54AEDD-LeaderElection1] INFO  segmented.SegmentedRaftLogWorker (SegmentedRaftLogWorker.java:startLogSegment(385)) - ee46b013-4f8a-4e1e-9d21-4cc7a5f61f32@group-E06A9D54AEDD-SegmentedRaftLogWorker: Starting segment from index:0
2019-10-15 03:21:14,244 [ee46b013-4f8a-4e1e-9d21-4cc7a5f61f32@group-E06A9D54AEDD-LeaderElection1] INFO  impl.RaftServerImpl (ServerState.java:setRaftConf(356)) - ee46b013-4f8a-4e1e-9d21-4cc7a5f61f32@group-E06A9D54AEDD: set configuration 0: [ee46b013-4f8a-4e1e-9d21-4cc7a5f61f32:192.168.157.236:33603], old=null at 0
2019-10-15 03:21:14,486 [ee46b013-4f8a-4e1e-9d21-4cc7a5f61f32@group-E06A9D54AEDD-SegmentedRaftLogWorker] INFO  segmented.SegmentedRaftLogWorker (SegmentedRaftLogWorker.java:execute(574)) - ee46b013-4f8a-4e1e-9d21-4cc7a5f61f32@group-E06A9D54AEDD-SegmentedRaftLogWorker: created new log segment /workdir/hadoop-ozone/integration-test/target/test-dir/MiniOzoneClusterImpl-747bb6ba-742f-4335-8eef-883d7ad25d26/datanode-0/data/ratis/89caee7d-bad2-4b8f-8385-e06a9d54aedd/current/log_inprogress_0
2019-10-15 03:21:14,593 [Thread-243] INFO  impl.FollowerState (FollowerState.java:run(108)) - 7a6ae757-b1cb-4520-a3e0-bcfac033e2fd@group-33273715DCD6-FollowerState: change to CANDIDATE, lastRpcTime:5196ms, electionTimeout:5194ms
2019-10-15 03:21:14,601 [Thread-243] INFO  impl.RoleInfo (RoleInfo.java:shutdownFollowerState(121)) - 7a6ae757-b1cb-4520-a3e0-bcfac033e2fd: shutdown FollowerState
2019-10-15 03:21:14,601 [Thread-243] INFO  impl.RaftServerImpl (RaftServerImpl.java:setRole(170)) - 7a6ae757-b1cb-4520-a3e0-bcfac033e2fd@group-33273715DCD6: changes role from  FOLLOWER to CANDIDATE at term 0 for changeToCandidate
2019-10-15 03:21:14,602 [Thread-243] INFO  impl.RoleInfo (RoleInfo.java:updateAndGet(143)) - 7a6ae757-b1cb-4520-a3e0-bcfac033e2fd: start LeaderElection
2019-10-15 03:21:14,665 [7a6ae757-b1cb-4520-a3e0-bcfac033e2fd@group-33273715DCD6-LeaderElection2] INFO  impl.LeaderElection (LeaderElection.java:askForVotes(178)) - 7a6ae757-b1cb-4520-a3e0-bcfac033e2fd@group-33273715DCD6-LeaderElection2: begin an election at term 1 for -1: [7a6ae757-b1cb-4520-a3e0-bcfac033e2fd:192.168.157.236:40701], old=null
2019-10-15 03:21:14,666 [7a6ae757-b1cb-4520-a3e0-bcfac033e2fd@group-33273715DCD6-LeaderElection2] INFO  impl.RoleInfo (RoleInfo.java:shutdownLeaderElection(134)) - 7a6ae757-b1cb-4520-a3e0-bcfac033e2fd: shutdown LeaderElection
2019-10-15 03:21:14,666 [7a6ae757-b1cb-4520-a3e0-bcfac033e2fd@group-33273715DCD6-LeaderElection2] INFO  impl.RaftServerImpl (RaftServerImpl.java:setRole(170)) - 7a6ae757-b1cb-4520-a3e0-bcfac033e2fd@group-33273715DCD6: changes role from CANDIDATE to LEADER at term 1 for changeToLeader
2019-10-15 03:21:14,666 [7a6ae757-b1cb-4520-a3e0-bcfac033e2fd@group-33273715DCD6-LeaderElection2] INFO  impl.RaftServerImpl (ServerState.java:setLeader(255)) - 7a6ae757-b1cb-4520-a3e0-bcfac033e2fd@group-33273715DCD6: change Leader from null to 7a6ae757-b1cb-4520-a3e0-bcfac033e2fd at term 1 for becomeLeader, leader elected after 5292ms
2019-10-15 03:21:14,668 [7a6ae757-b1cb-4520-a3e0-bcfac033e2fd@group-33273715DCD6-LeaderElection2] INFO  server.RaftServerConfigKeys (ConfUtils.java:logGet(43)) - raft.server.staging.catchup.gap = 1000 (default)
2019-10-15 03:21:14,669 [7a6ae757-b1cb-4520-a3e0-bcfac033e2fd@group-33273715DCD6-LeaderElection2] INFO  server.RaftServerConfigKeys (ConfUtils.java:logGet(43)) - raft.server.rpc.sleep.time = 25ms (default)
2019-10-15 03:21:14,669 [7a6ae757-b1cb-4520-a3e0-bcfac033e2fd@group-33273715DCD6-LeaderElection2] INFO  server.RaftServerConfigKeys (ConfUtils.java:logGet(43)) - raft.server.write.element-limit = 4096 (default)
2019-10-15 03:21:14,669 [7a6ae757-b1cb-4520-a3e0-bcfac033e2fd@group-33273715DCD6-LeaderElection2] INFO  server.RaftServerConfigKeys (ConfUtils.java:logGet(43)) - raft.server.watch.timeout = 10s (default)
2019-10-15 03:21:14,669 [7a6ae757-b1cb-4520-a3e0-bcfac033e2fd@group-33273715DCD6-LeaderElection2] INFO  server.RaftServerConfigKeys (ConfUtils.java:logGet(43)) - raft.server.watch.timeout.denomination = 1s (default)
2019-10-15 03:21:14,670 [7a6ae757-b1cb-4520-a3e0-bcfac033e2fd@group-33273715DCD6-LeaderElection2] INFO  server.RaftServerConfigKeys (ConfUtils.java:logGet(43)) - raft.server.watch.element-limit = 65536 (default)
2019-10-15 03:21:14,673 [7a6ae757-b1cb-4520-a3e0-bcfac033e2fd@group-33273715DCD6-LeaderElection2] INFO  impl.RoleInfo (RoleInfo.java:updateAndGet(143)) - 7a6ae757-b1cb-4520-a3e0-bcfac033e2fd: start LeaderState
2019-10-15 03:21:14,673 [7a6ae757-b1cb-4520-a3e0-bcfac033e2fd@group-33273715DCD6-LeaderElection2] INFO  segmented.SegmentedRaftLogWorker (SegmentedRaftLogWorker.java:startLogSegment(385)) - 7a6ae757-b1cb-4520-a3e0-bcfac033e2fd@group-33273715DCD6-SegmentedRaftLogWorker: Starting segment from index:0
2019-10-15 03:21:14,674 [7a6ae757-b1cb-4520-a3e0-bcfac033e2fd@group-33273715DCD6-LeaderElection2] INFO  impl.RaftServerImpl (ServerState.java:setRaftConf(356)) - 7a6ae757-b1cb-4520-a3e0-bcfac033e2fd@group-33273715DCD6: set configuration 0: [7a6ae757-b1cb-4520-a3e0-bcfac033e2fd:192.168.157.236:40701], old=null at 0
2019-10-15 03:21:14,746 [Thread-246] INFO  impl.FollowerState (FollowerState.java:run(108)) - 1974a9a1-a6f9-4483-963f-44bc27f0fbdf@group-65E9B0574744-FollowerState: change to CANDIDATE, lastRpcTime:5128ms, electionTimeout:5128ms
2019-10-15 03:21:14,748 [Thread-246] INFO  impl.RoleInfo (RoleInfo.java:shutdownFollowerState(121)) - 1974a9a1-a6f9-4483-963f-44bc27f0fbdf: shutdown FollowerState
2019-10-15 03:21:14,749 [Thread-246] INFO  impl.RaftServerImpl (RaftServerImpl.java:setRole(170)) - 1974a9a1-a6f9-4483-963f-44bc27f0fbdf@group-65E9B0574744: changes role from  FOLLOWER to CANDIDATE at term 0 for changeToCandidate
2019-10-15 03:21:14,749 [Thread-246] INFO  impl.RoleInfo (RoleInfo.java:updateAndGet(143)) - 1974a9a1-a6f9-4483-963f-44bc27f0fbdf: start LeaderElection
2019-10-15 03:21:14,765 [7a6ae757-b1cb-4520-a3e0-bcfac033e2fd@group-33273715DCD6-SegmentedRaftLogWorker] INFO  segmented.SegmentedRaftLogWorker (SegmentedRaftLogWorker.java:execute(574)) - 7a6ae757-b1cb-4520-a3e0-bcfac033e2fd@group-33273715DCD6-SegmentedRaftLogWorker: created new log segment /workdir/hadoop-ozone/integration-test/target/test-dir/MiniOzoneClusterImpl-747bb6ba-742f-4335-8eef-883d7ad25d26/datanode-1/data/ratis/dec7fd0c-d711-4071-9d71-33273715dcd6/current/log_inprogress_0
2019-10-15 03:21:14,810 [1974a9a1-a6f9-4483-963f-44bc27f0fbdf@group-65E9B0574744-LeaderElection3] INFO  impl.LeaderElection (LeaderElection.java:askForVotes(178)) - 1974a9a1-a6f9-4483-963f-44bc27f0fbdf@group-65E9B0574744-LeaderElection3: begin an election at term 1 for -1: [1974a9a1-a6f9-4483-963f-44bc27f0fbdf:192.168.157.236:45308], old=null
2019-10-15 03:21:14,812 [1974a9a1-a6f9-4483-963f-44bc27f0fbdf@group-65E9B0574744-LeaderElection3] INFO  impl.RoleInfo (RoleInfo.java:shutdownLeaderElection(134)) - 1974a9a1-a6f9-4483-963f-44bc27f0fbdf: shutdown LeaderElection
2019-10-15 03:21:14,812 [1974a9a1-a6f9-4483-963f-44bc27f0fbdf@group-65E9B0574744-LeaderElection3] INFO  impl.RaftServerImpl (RaftServerImpl.java:setRole(170)) - 1974a9a1-a6f9-4483-963f-44bc27f0fbdf@group-65E9B0574744: changes role from CANDIDATE to LEADER at term 1 for changeToLeader
2019-10-15 03:21:14,813 [1974a9a1-a6f9-4483-963f-44bc27f0fbdf@group-65E9B0574744-LeaderElection3] INFO  impl.RaftServerImpl (ServerState.java:setLeader(255)) - 1974a9a1-a6f9-4483-963f-44bc27f0fbdf@group-65E9B0574744: change Leader from null to 1974a9a1-a6f9-4483-963f-44bc27f0fbdf at term 1 for becomeLeader, leader elected after 5267ms
2019-10-15 03:21:14,814 [1974a9a1-a6f9-4483-963f-44bc27f0fbdf@group-65E9B0574744-LeaderElection3] INFO  server.RaftServerConfigKeys (ConfUtils.java:logGet(43)) - raft.server.staging.catchup.gap = 1000 (default)
2019-10-15 03:21:14,815 [1974a9a1-a6f9-4483-963f-44bc27f0fbdf@group-65E9B0574744-LeaderElection3] INFO  server.RaftServerConfigKeys (ConfUtils.java:logGet(43)) - raft.server.rpc.sleep.time = 25ms (default)
2019-10-15 03:21:14,815 [1974a9a1-a6f9-4483-963f-44bc27f0fbdf@group-65E9B0574744-LeaderElection3] INFO  server.RaftServerConfigKeys (ConfUtils.java:logGet(43)) - raft.server.write.element-limit = 4096 (default)
2019-10-15 03:21:14,815 [1974a9a1-a6f9-4483-963f-44bc27f0fbdf@group-65E9B0574744-LeaderElection3] INFO  server.RaftServerConfigKeys (ConfUtils.java:logGet(43)) - raft.server.watch.timeout = 10s (default)
2019-10-15 03:21:14,815 [1974a9a1-a6f9-4483-963f-44bc27f0fbdf@group-65E9B0574744-LeaderElection3] INFO  server.RaftServerConfigKeys (ConfUtils.java:logGet(43)) - raft.server.watch.timeout.denomination = 1s (default)
2019-10-15 03:21:14,816 [1974a9a1-a6f9-4483-963f-44bc27f0fbdf@group-65E9B0574744-LeaderElection3] INFO  server.RaftServerConfigKeys (ConfUtils.java:logGet(43)) - raft.server.watch.element-limit = 65536 (default)
2019-10-15 03:21:14,818 [1974a9a1-a6f9-4483-963f-44bc27f0fbdf@group-65E9B0574744-LeaderElection3] INFO  impl.RoleInfo (RoleInfo.java:updateAndGet(143)) - 1974a9a1-a6f9-4483-963f-44bc27f0fbdf: start LeaderState
2019-10-15 03:21:14,819 [1974a9a1-a6f9-4483-963f-44bc27f0fbdf@group-65E9B0574744-LeaderElection3] INFO  segmented.SegmentedRaftLogWorker (SegmentedRaftLogWorker.java:startLogSegment(385)) - 1974a9a1-a6f9-4483-963f-44bc27f0fbdf@group-65E9B0574744-SegmentedRaftLogWorker: Starting segment from index:0
2019-10-15 03:21:14,820 [1974a9a1-a6f9-4483-963f-44bc27f0fbdf@group-65E9B0574744-LeaderElection3] INFO  impl.RaftServerImpl (ServerState.java:setRaftConf(356)) - 1974a9a1-a6f9-4483-963f-44bc27f0fbdf@group-65E9B0574744: set configuration 0: [1974a9a1-a6f9-4483-963f-44bc27f0fbdf:192.168.157.236:45308], old=null at 0
2019-10-15 03:21:14,859 [Thread-249] INFO  impl.FollowerState (FollowerState.java:run(108)) - 76854fb9-5692-497b-8ec8-3ee205e6cc31@group-7901A133C238-FollowerState: change to CANDIDATE, lastRpcTime:5129ms, electionTimeout:5093ms
2019-10-15 03:21:14,859 [Thread-249] INFO  impl.RoleInfo (RoleInfo.java:shutdownFollowerState(121)) - 76854fb9-5692-497b-8ec8-3ee205e6cc31: shutdown FollowerState
2019-10-15 03:21:14,859 [Thread-249] INFO  impl.RaftServerImpl (RaftServerImpl.java:setRole(170)) - 76854fb9-5692-497b-8ec8-3ee205e6cc31@group-7901A133C238: changes role from  FOLLOWER to CANDIDATE at term 0 for changeToCandidate
2019-10-15 03:21:14,859 [Thread-249] INFO  impl.RoleInfo (RoleInfo.java:updateAndGet(143)) - 76854fb9-5692-497b-8ec8-3ee205e6cc31: start LeaderElection
2019-10-15 03:21:14,907 [Thread-253] INFO  impl.FollowerState (FollowerState.java:run(108)) - ff86720b-57ad-4346-9c29-47d80feac5b3@group-13C1EE84F8CE-FollowerState: change to CANDIDATE, lastRpcTime:5083ms, electionTimeout:5083ms
2019-10-15 03:21:14,907 [Thread-253] INFO  impl.RoleInfo (RoleInfo.java:shutdownFollowerState(121)) - ff86720b-57ad-4346-9c29-47d80feac5b3: shutdown FollowerState
2019-10-15 03:21:14,907 [Thread-253] INFO  impl.RaftServerImpl (RaftServerImpl.java:setRole(170)) - ff86720b-57ad-4346-9c29-47d80feac5b3@group-13C1EE84F8CE: changes role from  FOLLOWER to CANDIDATE at term 0 for changeToCandidate
2019-10-15 03:21:14,908 [Thread-253] INFO  impl.RoleInfo (RoleInfo.java:updateAndGet(143)) - ff86720b-57ad-4346-9c29-47d80feac5b3: start LeaderElection
2019-10-15 03:21:14,917 [1974a9a1-a6f9-4483-963f-44bc27f0fbdf@group-65E9B0574744-SegmentedRaftLogWorker] INFO  segmented.SegmentedRaftLogWorker (SegmentedRaftLogWorker.java:execute(574)) - 1974a9a1-a6f9-4483-963f-44bc27f0fbdf@group-65E9B0574744-SegmentedRaftLogWorker: created new log segment /workdir/hadoop-ozone/integration-test/target/test-dir/MiniOzoneClusterImpl-747bb6ba-742f-4335-8eef-883d7ad25d26/datanode-5/data/ratis/6dde161d-8fd1-420b-b3e2-65e9b0574744/current/log_inprogress_0
2019-10-15 03:21:14,917 [76854fb9-5692-497b-8ec8-3ee205e6cc31@group-7901A133C238-LeaderElection4] INFO  impl.LeaderElection (LeaderElection.java:askForVotes(178)) - 76854fb9-5692-497b-8ec8-3ee205e6cc31@group-7901A133C238-LeaderElection4: begin an election at term 1 for -1: [76854fb9-5692-497b-8ec8-3ee205e6cc31:192.168.157.236:40031], old=null
2019-10-15 03:21:14,919 [76854fb9-5692-497b-8ec8-3ee205e6cc31@group-7901A133C238-LeaderElection4] INFO  impl.RoleInfo (RoleInfo.java:shutdownLeaderElection(134)) - 76854fb9-5692-497b-8ec8-3ee205e6cc31: shutdown LeaderElection
2019-10-15 03:21:14,919 [76854fb9-5692-497b-8ec8-3ee205e6cc31@group-7901A133C238-LeaderElection4] INFO  impl.RaftServerImpl (RaftServerImpl.java:setRole(170)) - 76854fb9-5692-497b-8ec8-3ee205e6cc31@group-7901A133C238: changes role from CANDIDATE to LEADER at term 1 for changeToLeader
2019-10-15 03:21:14,919 [76854fb9-5692-497b-8ec8-3ee205e6cc31@group-7901A133C238-LeaderElection4] INFO  impl.RaftServerImpl (ServerState.java:setLeader(255)) - 76854fb9-5692-497b-8ec8-3ee205e6cc31@group-7901A133C238: change Leader from null to 76854fb9-5692-497b-8ec8-3ee205e6cc31 at term 1 for becomeLeader, leader elected after 5205ms
2019-10-15 03:21:14,921 [76854fb9-5692-497b-8ec8-3ee205e6cc31@group-7901A133C238-LeaderElection4] INFO  server.RaftServerConfigKeys (ConfUtils.java:logGet(43)) - raft.server.staging.catchup.gap = 1000 (default)
2019-10-15 03:21:14,921 [76854fb9-5692-497b-8ec8-3ee205e6cc31@group-7901A133C238-LeaderElection4] INFO  server.RaftServerConfigKeys (ConfUtils.java:logGet(43)) - raft.server.rpc.sleep.time = 25ms (default)
2019-10-15 03:21:14,921 [76854fb9-5692-497b-8ec8-3ee205e6cc31@group-7901A133C238-LeaderElection4] INFO  server.RaftServerConfigKeys (ConfUtils.java:logGet(43)) - raft.server.write.element-limit = 4096 (default)
2019-10-15 03:21:14,922 [76854fb9-5692-497b-8ec8-3ee205e6cc31@group-7901A133C238-LeaderElection4] INFO  server.RaftServerConfigKeys (ConfUtils.java:logGet(43)) - raft.server.watch.timeout = 10s (default)
2019-10-15 03:21:14,922 [76854fb9-5692-497b-8ec8-3ee205e6cc31@group-7901A133C238-LeaderElection4] INFO  server.RaftServerConfigKeys (ConfUtils.java:logGet(43)) - raft.server.watch.timeout.denomination = 1s (default)
2019-10-15 03:21:14,922 [76854fb9-5692-497b-8ec8-3ee205e6cc31@group-7901A133C238-LeaderElection4] INFO  server.RaftServerConfigKeys (ConfUtils.java:logGet(43)) - raft.server.watch.element-limit = 65536 (default)
2019-10-15 03:21:14,925 [76854fb9-5692-497b-8ec8-3ee205e6cc31@group-7901A133C238-LeaderElection4] INFO  impl.RoleInfo (RoleInfo.java:updateAndGet(143)) - 76854fb9-5692-497b-8ec8-3ee205e6cc31: start LeaderState
2019-10-15 03:21:14,926 [76854fb9-5692-497b-8ec8-3ee205e6cc31@group-7901A133C238-LeaderElection4] INFO  segmented.SegmentedRaftLogWorker (SegmentedRaftLogWorker.java:startLogSegment(385)) - 76854fb9-5692-497b-8ec8-3ee205e6cc31@group-7901A133C238-SegmentedRaftLogWorker: Starting segment from index:0
2019-10-15 03:21:14,926 [76854fb9-5692-497b-8ec8-3ee205e6cc31@group-7901A133C238-LeaderElection4] INFO  impl.RaftServerImpl (ServerState.java:setRaftConf(356)) - 76854fb9-5692-497b-8ec8-3ee205e6cc31@group-7901A133C238: set configuration 0: [76854fb9-5692-497b-8ec8-3ee205e6cc31:192.168.157.236:40031], old=null at 0
2019-10-15 03:21:14,980 [ff86720b-57ad-4346-9c29-47d80feac5b3@group-13C1EE84F8CE-LeaderElection5] INFO  impl.LeaderElection (LeaderElection.java:askForVotes(178)) - ff86720b-57ad-4346-9c29-47d80feac5b3@group-13C1EE84F8CE-LeaderElection5: begin an election at term 1 for -1: [ff86720b-57ad-4346-9c29-47d80feac5b3:192.168.157.236:45506], old=null
2019-10-15 03:21:14,980 [ff86720b-57ad-4346-9c29-47d80feac5b3@group-13C1EE84F8CE-LeaderElection5] INFO  impl.RoleInfo (RoleInfo.java:shutdownLeaderElection(134)) - ff86720b-57ad-4346-9c29-47d80feac5b3: shutdown LeaderElection
2019-10-15 03:21:14,981 [ff86720b-57ad-4346-9c29-47d80feac5b3@group-13C1EE84F8CE-LeaderElection5] INFO  impl.RaftServerImpl (RaftServerImpl.java:setRole(170)) - ff86720b-57ad-4346-9c29-47d80feac5b3@group-13C1EE84F8CE: changes role from CANDIDATE to LEADER at term 1 for changeToLeader
2019-10-15 03:21:14,981 [ff86720b-57ad-4346-9c29-47d80feac5b3@group-13C1EE84F8CE-LeaderElection5] INFO  impl.RaftServerImpl (ServerState.java:setLeader(255)) - ff86720b-57ad-4346-9c29-47d80feac5b3@group-13C1EE84F8CE: change Leader from null to ff86720b-57ad-4346-9c29-47d80feac5b3 at term 1 for becomeLeader, leader elected after 5166ms
2019-10-15 03:21:14,999 [ff86720b-57ad-4346-9c29-47d80feac5b3@group-13C1EE84F8CE-LeaderElection5] INFO  server.RaftServerConfigKeys (ConfUtils.java:logGet(43)) - raft.server.staging.catchup.gap = 1000 (default)
2019-10-15 03:21:15,000 [ff86720b-57ad-4346-9c29-47d80feac5b3@group-13C1EE84F8CE-LeaderElection5] INFO  server.RaftServerConfigKeys (ConfUtils.java:logGet(43)) - raft.server.rpc.sleep.time = 25ms (default)
2019-10-15 03:21:15,000 [ff86720b-57ad-4346-9c29-47d80feac5b3@group-13C1EE84F8CE-LeaderElection5] INFO  server.RaftServerConfigKeys (ConfUtils.java:logGet(43)) - raft.server.write.element-limit = 4096 (default)
2019-10-15 03:21:15,000 [ff86720b-57ad-4346-9c29-47d80feac5b3@group-13C1EE84F8CE-LeaderElection5] INFO  server.RaftServerConfigKeys (ConfUtils.java:logGet(43)) - raft.server.watch.timeout = 10s (default)
2019-10-15 03:21:15,000 [ff86720b-57ad-4346-9c29-47d80feac5b3@group-13C1EE84F8CE-LeaderElection5] INFO  server.RaftServerConfigKeys (ConfUtils.java:logGet(43)) - raft.server.watch.timeout.denomination = 1s (default)
2019-10-15 03:21:15,000 [ff86720b-57ad-4346-9c29-47d80feac5b3@group-13C1EE84F8CE-LeaderElection5] INFO  server.RaftServerConfigKeys (ConfUtils.java:logGet(43)) - raft.server.watch.element-limit = 65536 (default)
2019-10-15 03:21:15,003 [ff86720b-57ad-4346-9c29-47d80feac5b3@group-13C1EE84F8CE-LeaderElection5] INFO  impl.RoleInfo (RoleInfo.java:updateAndGet(143)) - ff86720b-57ad-4346-9c29-47d80feac5b3: start LeaderState
2019-10-15 03:21:15,004 [ff86720b-57ad-4346-9c29-47d80feac5b3@group-13C1EE84F8CE-LeaderElection5] INFO  segmented.SegmentedRaftLogWorker (SegmentedRaftLogWorker.java:startLogSegment(385)) - ff86720b-57ad-4346-9c29-47d80feac5b3@group-13C1EE84F8CE-SegmentedRaftLogWorker: Starting segment from index:0
2019-10-15 03:21:15,004 [ff86720b-57ad-4346-9c29-47d80feac5b3@group-13C1EE84F8CE-LeaderElection5] INFO  impl.RaftServerImpl (ServerState.java:setRaftConf(356)) - ff86720b-57ad-4346-9c29-47d80feac5b3@group-13C1EE84F8CE: set configuration 0: [ff86720b-57ad-4346-9c29-47d80feac5b3:192.168.157.236:45506], old=null at 0
2019-10-15 03:21:15,045 [76854fb9-5692-497b-8ec8-3ee205e6cc31@group-7901A133C238-SegmentedRaftLogWorker] INFO  segmented.SegmentedRaftLogWorker (SegmentedRaftLogWorker.java:execute(574)) - 76854fb9-5692-497b-8ec8-3ee205e6cc31@group-7901A133C238-SegmentedRaftLogWorker: created new log segment /workdir/hadoop-ozone/integration-test/target/test-dir/MiniOzoneClusterImpl-747bb6ba-742f-4335-8eef-883d7ad25d26/datanode-3/data/ratis/7d2af03d-0d16-4e8d-bf52-7901a133c238/current/log_inprogress_0
2019-10-15 03:21:15,079 [ff86720b-57ad-4346-9c29-47d80feac5b3@group-13C1EE84F8CE-SegmentedRaftLogWorker] INFO  segmented.SegmentedRaftLogWorker (SegmentedRaftLogWorker.java:execute(574)) - ff86720b-57ad-4346-9c29-47d80feac5b3@group-13C1EE84F8CE-SegmentedRaftLogWorker: created new log segment /workdir/hadoop-ozone/integration-test/target/test-dir/MiniOzoneClusterImpl-747bb6ba-742f-4335-8eef-883d7ad25d26/datanode-2/data/ratis/1c97723a-a342-4f86-8c1e-13c1ee84f8ce/current/log_inprogress_0
2019-10-15 03:21:15,130 [Thread-256] INFO  impl.FollowerState (FollowerState.java:run(108)) - dab5a863-0e86-4b68-ba3e-0ceb094488f7@group-9C13862E1250-FollowerState: change to CANDIDATE, lastRpcTime:5142ms, electionTimeout:5142ms
2019-10-15 03:21:15,130 [Thread-256] INFO  impl.RoleInfo (RoleInfo.java:shutdownFollowerState(121)) - dab5a863-0e86-4b68-ba3e-0ceb094488f7: shutdown FollowerState
2019-10-15 03:21:15,130 [Thread-256] INFO  impl.RaftServerImpl (RaftServerImpl.java:setRole(170)) - dab5a863-0e86-4b68-ba3e-0ceb094488f7@group-9C13862E1250: changes role from  FOLLOWER to CANDIDATE at term 0 for changeToCandidate
2019-10-15 03:21:15,130 [Thread-256] INFO  impl.RoleInfo (RoleInfo.java:updateAndGet(143)) - dab5a863-0e86-4b68-ba3e-0ceb094488f7: start LeaderElection
2019-10-15 03:21:15,188 [dab5a863-0e86-4b68-ba3e-0ceb094488f7@group-9C13862E1250-LeaderElection6] INFO  impl.LeaderElection (LeaderElection.java:askForVotes(178)) - dab5a863-0e86-4b68-ba3e-0ceb094488f7@group-9C13862E1250-LeaderElection6: begin an election at term 1 for -1: [dab5a863-0e86-4b68-ba3e-0ceb094488f7:192.168.157.236:36772], old=null
2019-10-15 03:21:15,189 [dab5a863-0e86-4b68-ba3e-0ceb094488f7@group-9C13862E1250-LeaderElection6] INFO  impl.RoleInfo (RoleInfo.java:shutdownLeaderElection(134)) - dab5a863-0e86-4b68-ba3e-0ceb094488f7: shutdown LeaderElection
2019-10-15 03:21:15,189 [dab5a863-0e86-4b68-ba3e-0ceb094488f7@group-9C13862E1250-LeaderElection6] INFO  impl.RaftServerImpl (RaftServerImpl.java:setRole(170)) - dab5a863-0e86-4b68-ba3e-0ceb094488f7@group-9C13862E1250: changes role from CANDIDATE to LEADER at term 1 for changeToLeader
2019-10-15 03:21:15,189 [dab5a863-0e86-4b68-ba3e-0ceb094488f7@group-9C13862E1250-LeaderElection6] INFO  impl.RaftServerImpl (ServerState.java:setLeader(255)) - dab5a863-0e86-4b68-ba3e-0ceb094488f7@group-9C13862E1250: change Leader from null to dab5a863-0e86-4b68-ba3e-0ceb094488f7 at term 1 for becomeLeader, leader elected after 5210ms
2019-10-15 03:21:15,191 [dab5a863-0e86-4b68-ba3e-0ceb094488f7@group-9C13862E1250-LeaderElection6] INFO  server.RaftServerConfigKeys (ConfUtils.java:logGet(43)) - raft.server.staging.catchup.gap = 1000 (default)
2019-10-15 03:21:15,191 [dab5a863-0e86-4b68-ba3e-0ceb094488f7@group-9C13862E1250-LeaderElection6] INFO  server.RaftServerConfigKeys (ConfUtils.java:logGet(43)) - raft.server.rpc.sleep.time = 25ms (default)
2019-10-15 03:21:15,192 [dab5a863-0e86-4b68-ba3e-0ceb094488f7@group-9C13862E1250-LeaderElection6] INFO  server.RaftServerConfigKeys (ConfUtils.java:logGet(43)) - raft.server.write.element-limit = 4096 (default)
2019-10-15 03:21:15,192 [dab5a863-0e86-4b68-ba3e-0ceb094488f7@group-9C13862E1250-LeaderElection6] INFO  server.RaftServerConfigKeys (ConfUtils.java:logGet(43)) - raft.server.watch.timeout = 10s (default)
2019-10-15 03:21:15,192 [dab5a863-0e86-4b68-ba3e-0ceb094488f7@group-9C13862E1250-LeaderElection6] INFO  server.RaftServerConfigKeys (ConfUtils.java:logGet(43)) - raft.server.watch.timeout.denomination = 1s (default)
2019-10-15 03:21:15,192 [dab5a863-0e86-4b68-ba3e-0ceb094488f7@group-9C13862E1250-LeaderElection6] INFO  server.RaftServerConfigKeys (ConfUtils.java:logGet(43)) - raft.server.watch.element-limit = 65536 (default)
2019-10-15 03:21:15,197 [dab5a863-0e86-4b68-ba3e-0ceb094488f7@group-9C13862E1250-LeaderElection6] INFO  impl.RoleInfo (RoleInfo.java:updateAndGet(143)) - dab5a863-0e86-4b68-ba3e-0ceb094488f7: start LeaderState
2019-10-15 03:21:15,198 [dab5a863-0e86-4b68-ba3e-0ceb094488f7@group-9C13862E1250-LeaderElection6] INFO  segmented.SegmentedRaftLogWorker (SegmentedRaftLogWorker.java:startLogSegment(385)) - dab5a863-0e86-4b68-ba3e-0ceb094488f7@group-9C13862E1250-SegmentedRaftLogWorker: Starting segment from index:0
2019-10-15 03:21:15,199 [dab5a863-0e86-4b68-ba3e-0ceb094488f7@group-9C13862E1250-LeaderElection6] INFO  impl.RaftServerImpl (ServerState.java:setRaftConf(356)) - dab5a863-0e86-4b68-ba3e-0ceb094488f7@group-9C13862E1250: set configuration 0: [dab5a863-0e86-4b68-ba3e-0ceb094488f7:192.168.157.236:36772], old=null at 0
2019-10-15 03:21:15,282 [Thread-260] INFO  impl.FollowerState (FollowerState.java:run(108)) - d2567d56-dcd5-489e-b972-e7d09fe5b2c3@group-F6029E55F058-FollowerState: change to CANDIDATE, lastRpcTime:5091ms, electionTimeout:5091ms
2019-10-15 03:21:15,282 [Thread-260] INFO  impl.RoleInfo (RoleInfo.java:shutdownFollowerState(121)) - d2567d56-dcd5-489e-b972-e7d09fe5b2c3: shutdown FollowerState
2019-10-15 03:21:15,282 [Thread-260] INFO  impl.RaftServerImpl (RaftServerImpl.java:setRole(170)) - d2567d56-dcd5-489e-b972-e7d09fe5b2c3@group-F6029E55F058: changes role from  FOLLOWER to CANDIDATE at term 0 for changeToCandidate
2019-10-15 03:21:15,283 [Thread-260] INFO  impl.RoleInfo (RoleInfo.java:updateAndGet(143)) - d2567d56-dcd5-489e-b972-e7d09fe5b2c3: start LeaderElection
2019-10-15 03:21:15,290 [dab5a863-0e86-4b68-ba3e-0ceb094488f7@group-9C13862E1250-SegmentedRaftLogWorker] INFO  segmented.SegmentedRaftLogWorker (SegmentedRaftLogWorker.java:execute(574)) - dab5a863-0e86-4b68-ba3e-0ceb094488f7@group-9C13862E1250-SegmentedRaftLogWorker: created new log segment /workdir/hadoop-ozone/integration-test/target/test-dir/MiniOzoneClusterImpl-747bb6ba-742f-4335-8eef-883d7ad25d26/datanode-4/data/ratis/e299fb5f-7e2b-452e-8612-9c13862e1250/current/log_inprogress_0
2019-10-15 03:21:15,342 [d2567d56-dcd5-489e-b972-e7d09fe5b2c3@group-F6029E55F058-LeaderElection7] INFO  impl.LeaderElection (LeaderElection.java:askForVotes(178)) - d2567d56-dcd5-489e-b972-e7d09fe5b2c3@group-F6029E55F058-LeaderElection7: begin an election at term 1 for -1: [d2567d56-dcd5-489e-b972-e7d09fe5b2c3:192.168.157.236:46144], old=null
2019-10-15 03:21:15,343 [d2567d56-dcd5-489e-b972-e7d09fe5b2c3@group-F6029E55F058-LeaderElection7] INFO  impl.RoleInfo (RoleInfo.java:shutdownLeaderElection(134)) - d2567d56-dcd5-489e-b972-e7d09fe5b2c3: shutdown LeaderElection
2019-10-15 03:21:15,343 [d2567d56-dcd5-489e-b972-e7d09fe5b2c3@group-F6029E55F058-LeaderElection7] INFO  impl.RaftServerImpl (RaftServerImpl.java:setRole(170)) - d2567d56-dcd5-489e-b972-e7d09fe5b2c3@group-F6029E55F058: changes role from CANDIDATE to LEADER at term 1 for changeToLeader
2019-10-15 03:21:15,343 [d2567d56-dcd5-489e-b972-e7d09fe5b2c3@group-F6029E55F058-LeaderElection7] INFO  impl.RaftServerImpl (ServerState.java:setLeader(255)) - d2567d56-dcd5-489e-b972-e7d09fe5b2c3@group-F6029E55F058: change Leader from null to d2567d56-dcd5-489e-b972-e7d09fe5b2c3 at term 1 for becomeLeader, leader elected after 5167ms
2019-10-15 03:21:15,346 [d2567d56-dcd5-489e-b972-e7d09fe5b2c3@group-F6029E55F058-LeaderElection7] INFO  server.RaftServerConfigKeys (ConfUtils.java:logGet(43)) - raft.server.staging.catchup.gap = 1000 (default)
2019-10-15 03:21:15,346 [d2567d56-dcd5-489e-b972-e7d09fe5b2c3@group-F6029E55F058-LeaderElection7] INFO  server.RaftServerConfigKeys (ConfUtils.java:logGet(43)) - raft.server.rpc.sleep.time = 25ms (default)
2019-10-15 03:21:15,346 [d2567d56-dcd5-489e-b972-e7d09fe5b2c3@group-F6029E55F058-LeaderElection7] INFO  server.RaftServerConfigKeys (ConfUtils.java:logGet(43)) - raft.server.write.element-limit = 4096 (default)
2019-10-15 03:21:15,346 [d2567d56-dcd5-489e-b972-e7d09fe5b2c3@group-F6029E55F058-LeaderElection7] INFO  server.RaftServerConfigKeys (ConfUtils.java:logGet(43)) - raft.server.watch.timeout = 10s (default)
2019-10-15 03:21:15,347 [d2567d56-dcd5-489e-b972-e7d09fe5b2c3@group-F6029E55F058-LeaderElection7] INFO  server.RaftServerConfigKeys (ConfUtils.java:logGet(43)) - raft.server.watch.timeout.denomination = 1s (default)
2019-10-15 03:21:15,347 [d2567d56-dcd5-489e-b972-e7d09fe5b2c3@group-F6029E55F058-LeaderElection7] INFO  server.RaftServerConfigKeys (ConfUtils.java:logGet(43)) - raft.server.watch.element-limit = 65536 (default)
2019-10-15 03:21:15,349 [d2567d56-dcd5-489e-b972-e7d09fe5b2c3@group-F6029E55F058-LeaderElection7] INFO  impl.RoleInfo (RoleInfo.java:updateAndGet(143)) - d2567d56-dcd5-489e-b972-e7d09fe5b2c3: start LeaderState
2019-10-15 03:21:15,350 [d2567d56-dcd5-489e-b972-e7d09fe5b2c3@group-F6029E55F058-LeaderElection7] INFO  segmented.SegmentedRaftLogWorker (SegmentedRaftLogWorker.java:startLogSegment(385)) - d2567d56-dcd5-489e-b972-e7d09fe5b2c3@group-F6029E55F058-SegmentedRaftLogWorker: Starting segment from index:0
2019-10-15 03:21:15,351 [d2567d56-dcd5-489e-b972-e7d09fe5b2c3@group-F6029E55F058-LeaderElection7] INFO  impl.RaftServerImpl (ServerState.java:setRaftConf(356)) - d2567d56-dcd5-489e-b972-e7d09fe5b2c3@group-F6029E55F058: set configuration 0: [d2567d56-dcd5-489e-b972-e7d09fe5b2c3:192.168.157.236:46144], old=null at 0
2019-10-15 03:21:15,433 [d2567d56-dcd5-489e-b972-e7d09fe5b2c3@group-F6029E55F058-SegmentedRaftLogWorker] INFO  segmented.SegmentedRaftLogWorker (SegmentedRaftLogWorker.java:execute(574)) - d2567d56-dcd5-489e-b972-e7d09fe5b2c3@group-F6029E55F058-SegmentedRaftLogWorker: created new log segment /workdir/hadoop-ozone/integration-test/target/test-dir/MiniOzoneClusterImpl-747bb6ba-742f-4335-8eef-883d7ad25d26/datanode-6/data/ratis/077a192e-26f5-4799-85ea-f6029e55f058/current/log_inprogress_0
2019-10-15 03:21:15,775 [Thread-268] INFO  impl.FollowerState (FollowerState.java:run(108)) - ee46b013-4f8a-4e1e-9d21-4cc7a5f61f32@group-169A166C894B-FollowerState: change to CANDIDATE, lastRpcTime:5003ms, electionTimeout:5003ms
2019-10-15 03:21:15,775 [Thread-268] INFO  impl.RoleInfo (RoleInfo.java:shutdownFollowerState(121)) - ee46b013-4f8a-4e1e-9d21-4cc7a5f61f32: shutdown FollowerState
2019-10-15 03:21:15,776 [Thread-268] INFO  impl.RaftServerImpl (RaftServerImpl.java:setRole(170)) - ee46b013-4f8a-4e1e-9d21-4cc7a5f61f32@group-169A166C894B: changes role from  FOLLOWER to CANDIDATE at term 0 for changeToCandidate
2019-10-15 03:21:15,776 [Thread-268] INFO  impl.RoleInfo (RoleInfo.java:updateAndGet(143)) - ee46b013-4f8a-4e1e-9d21-4cc7a5f61f32: start LeaderElection
2019-10-15 03:21:15,829 [ee46b013-4f8a-4e1e-9d21-4cc7a5f61f32@group-169A166C894B-LeaderElection8] INFO  impl.LeaderElection (LeaderElection.java:askForVotes(178)) - ee46b013-4f8a-4e1e-9d21-4cc7a5f61f32@group-169A166C894B-LeaderElection8: begin an election at term 1 for -1: [7a6ae757-b1cb-4520-a3e0-bcfac033e2fd:192.168.157.236:40701, ee46b013-4f8a-4e1e-9d21-4cc7a5f61f32:192.168.157.236:33603, 1974a9a1-a6f9-4483-963f-44bc27f0fbdf:192.168.157.236:45308], old=null
2019-10-15 03:21:15,833 [Thread-266] INFO  impl.FollowerState (FollowerState.java:run(108)) - 1974a9a1-a6f9-4483-963f-44bc27f0fbdf@group-169A166C894B-FollowerState: change to CANDIDATE, lastRpcTime:5064ms, electionTimeout:5064ms
2019-10-15 03:21:15,834 [Thread-266] INFO  impl.RoleInfo (RoleInfo.java:shutdownFollowerState(121)) - 1974a9a1-a6f9-4483-963f-44bc27f0fbdf: shutdown FollowerState
2019-10-15 03:21:15,834 [Thread-266] INFO  impl.RaftServerImpl (RaftServerImpl.java:setRole(170)) - 1974a9a1-a6f9-4483-963f-44bc27f0fbdf@group-169A166C894B: changes role from  FOLLOWER to CANDIDATE at term 0 for changeToCandidate
2019-10-15 03:21:15,834 [Thread-266] INFO  impl.RoleInfo (RoleInfo.java:updateAndGet(143)) - 1974a9a1-a6f9-4483-963f-44bc27f0fbdf: start LeaderElection
2019-10-15 03:21:15,873 [grpc-default-executor-2] INFO  impl.RaftServerImpl (RaftServerImpl.java:setRole(170)) - 7a6ae757-b1cb-4520-a3e0-bcfac033e2fd@group-169A166C894B: changes role from  FOLLOWER to FOLLOWER at term 1 for recognizeCandidate:ee46b013-4f8a-4e1e-9d21-4cc7a5f61f32
2019-10-15 03:21:15,874 [grpc-default-executor-2] INFO  impl.RoleInfo (RoleInfo.java:shutdownFollowerState(121)) - 7a6ae757-b1cb-4520-a3e0-bcfac033e2fd: shutdown FollowerState
2019-10-15 03:21:15,874 [grpc-default-executor-2] INFO  impl.RoleInfo (RoleInfo.java:updateAndGet(143)) - 7a6ae757-b1cb-4520-a3e0-bcfac033e2fd: start FollowerState
2019-10-15 03:21:15,874 [Thread-267] INFO  impl.FollowerState (FollowerState.java:run(117)) - 7a6ae757-b1cb-4520-a3e0-bcfac033e2fd@group-169A166C894B-FollowerState was interrupted: java.lang.InterruptedException: sleep interrupted
2019-10-15 03:21:15,880 [1974a9a1-a6f9-4483-963f-44bc27f0fbdf@group-169A166C894B-LeaderElection9] INFO  impl.LeaderElection (LeaderElection.java:askForVotes(178)) - 1974a9a1-a6f9-4483-963f-44bc27f0fbdf@group-169A166C894B-LeaderElection9: begin an election at term 1 for -1: [7a6ae757-b1cb-4520-a3e0-bcfac033e2fd:192.168.157.236:40701, ee46b013-4f8a-4e1e-9d21-4cc7a5f61f32:192.168.157.236:33603, 1974a9a1-a6f9-4483-963f-44bc27f0fbdf:192.168.157.236:45308], old=null
2019-10-15 03:21:15,918 [Thread-276] INFO  impl.FollowerState (FollowerState.java:run(108)) - ff86720b-57ad-4346-9c29-47d80feac5b3@group-22A9B11B4D22-FollowerState: change to CANDIDATE, lastRpcTime:5011ms, electionTimeout:5011ms
2019-10-15 03:21:15,919 [Thread-276] INFO  impl.RoleInfo (RoleInfo.java:shutdownFollowerState(121)) - ff86720b-57ad-4346-9c29-47d80feac5b3: shutdown FollowerState
2019-10-15 03:21:15,919 [Thread-276] INFO  impl.RaftServerImpl (RaftServerImpl.java:setRole(170)) - ff86720b-57ad-4346-9c29-47d80feac5b3@group-22A9B11B4D22: changes role from  FOLLOWER to CANDIDATE at term 0 for changeToCandidate
2019-10-15 03:21:15,919 [Thread-276] INFO  impl.RoleInfo (RoleInfo.java:updateAndGet(143)) - ff86720b-57ad-4346-9c29-47d80feac5b3: start LeaderElection
2019-10-15 03:21:15,935 [ee46b013-4f8a-4e1e-9d21-4cc7a5f61f32@group-169A166C894B-LeaderElection8] INFO  impl.LeaderElection (LeaderElection.java:logAndReturn(56)) - ee46b013-4f8a-4e1e-9d21-4cc7a5f61f32@group-169A166C894B-LeaderElection8: Election PASSED; received 2 response(s) [ee46b013-4f8a-4e1e-9d21-4cc7a5f61f32<-7a6ae757-b1cb-4520-a3e0-bcfac033e2fd#0:OK-t1, ee46b013-4f8a-4e1e-9d21-4cc7a5f61f32<-1974a9a1-a6f9-4483-963f-44bc27f0fbdf#0:FAIL-t1] and 0 exception(s); ee46b013-4f8a-4e1e-9d21-4cc7a5f61f32@group-169A166C894B:t1, leader=null, voted=ee46b013-4f8a-4e1e-9d21-4cc7a5f61f32, raftlog=ee46b013-4f8a-4e1e-9d21-4cc7a5f61f32@group-169A166C894B-SegmentedRaftLog:OPENED:c-1,f-1,i0, conf=-1: [7a6ae757-b1cb-4520-a3e0-bcfac033e2fd:192.168.157.236:40701, ee46b013-4f8a-4e1e-9d21-4cc7a5f61f32:192.168.157.236:33603, 1974a9a1-a6f9-4483-963f-44bc27f0fbdf:192.168.157.236:45308], old=null
2019-10-15 03:21:15,935 [1974a9a1-a6f9-4483-963f-44bc27f0fbdf@group-169A166C894B-LeaderElection9] INFO  impl.LeaderElection (LeaderElection.java:logAndReturn(56)) - 1974a9a1-a6f9-4483-963f-44bc27f0fbdf@group-169A166C894B-LeaderElection9: Election REJECTED; received 2 response(s) [1974a9a1-a6f9-4483-963f-44bc27f0fbdf<-7a6ae757-b1cb-4520-a3e0-bcfac033e2fd#0:FAIL-t1, 1974a9a1-a6f9-4483-963f-44bc27f0fbdf<-ee46b013-4f8a-4e1e-9d21-4cc7a5f61f32#0:FAIL-t1] and 0 exception(s); 1974a9a1-a6f9-4483-963f-44bc27f0fbdf@group-169A166C894B:t1, leader=null, voted=1974a9a1-a6f9-4483-963f-44bc27f0fbdf, raftlog=1974a9a1-a6f9-4483-963f-44bc27f0fbdf@group-169A166C894B-SegmentedRaftLog:OPENED:c-1,f-1,i0, conf=-1: [7a6ae757-b1cb-4520-a3e0-bcfac033e2fd:192.168.157.236:40701, ee46b013-4f8a-4e1e-9d21-4cc7a5f61f32:192.168.157.236:33603, 1974a9a1-a6f9-4483-963f-44bc27f0fbdf:192.168.157.236:45308], old=null
2019-10-15 03:21:15,935 [ee46b013-4f8a-4e1e-9d21-4cc7a5f61f32@group-169A166C894B-LeaderElection8] INFO  impl.RoleInfo (RoleInfo.java:shutdownLeaderElection(134)) - ee46b013-4f8a-4e1e-9d21-4cc7a5f61f32: shutdown LeaderElection
2019-10-15 03:21:15,938 [ee46b013-4f8a-4e1e-9d21-4cc7a5f61f32@group-169A166C894B-LeaderElection8] INFO  impl.RaftServerImpl (RaftServerImpl.java:setRole(170)) - ee46b013-4f8a-4e1e-9d21-4cc7a5f61f32@group-169A166C894B: changes role from CANDIDATE to LEADER at term 1 for changeToLeader
2019-10-15 03:21:15,942 [ee46b013-4f8a-4e1e-9d21-4cc7a5f61f32@group-169A166C894B-LeaderElection8] INFO  impl.RaftServerImpl (ServerState.java:setLeader(255)) - ee46b013-4f8a-4e1e-9d21-4cc7a5f61f32@group-169A166C894B: change Leader from null to ee46b013-4f8a-4e1e-9d21-4cc7a5f61f32 at term 1 for becomeLeader, leader elected after 5618ms
2019-10-15 03:21:15,942 [1974a9a1-a6f9-4483-963f-44bc27f0fbdf@group-169A166C894B-LeaderElection9] INFO  impl.RaftServerImpl (RaftServerImpl.java:setRole(170)) - 1974a9a1-a6f9-4483-963f-44bc27f0fbdf@group-169A166C894B: changes role from CANDIDATE to FOLLOWER at term 1 for DISCOVERED_A_NEW_TERM
2019-10-15 03:21:15,948 [1974a9a1-a6f9-4483-963f-44bc27f0fbdf@group-169A166C894B-LeaderElection9] INFO  impl.RoleInfo (RoleInfo.java:shutdownLeaderElection(134)) - 1974a9a1-a6f9-4483-963f-44bc27f0fbdf: shutdown LeaderElection
2019-10-15 03:21:15,946 [ee46b013-4f8a-4e1e-9d21-4cc7a5f61f32@group-169A166C894B-LeaderElection8] INFO  server.RaftServerConfigKeys (ConfUtils.java:logGet(43)) - raft.server.staging.catchup.gap = 1000 (default)
2019-10-15 03:21:15,949 [1974a9a1-a6f9-4483-963f-44bc27f0fbdf@group-169A166C894B-LeaderElection9] INFO  impl.RoleInfo (RoleInfo.java:updateAndGet(143)) - 1974a9a1-a6f9-4483-963f-44bc27f0fbdf: start FollowerState
2019-10-15 03:21:15,949 [ee46b013-4f8a-4e1e-9d21-4cc7a5f61f32@group-169A166C894B-LeaderElection8] INFO  server.RaftServerConfigKeys (ConfUtils.java:logGet(43)) - raft.server.rpc.sleep.time = 25ms (default)
2019-10-15 03:21:15,951 [ee46b013-4f8a-4e1e-9d21-4cc7a5f61f32@group-169A166C894B-LeaderElection8] INFO  server.RaftServerConfigKeys (ConfUtils.java:logGet(43)) - raft.server.write.element-limit = 4096 (default)
2019-10-15 03:21:15,951 [ee46b013-4f8a-4e1e-9d21-4cc7a5f61f32@group-169A166C894B-LeaderElection8] INFO  server.RaftServerConfigKeys (ConfUtils.java:logGet(43)) - raft.server.watch.timeout = 10s (default)
2019-10-15 03:21:15,951 [ee46b013-4f8a-4e1e-9d21-4cc7a5f61f32@group-169A166C894B-LeaderElection8] INFO  server.RaftServerConfigKeys (ConfUtils.java:logGet(43)) - raft.server.watch.timeout.denomination = 1s (default)
2019-10-15 03:21:15,952 [ee46b013-4f8a-4e1e-9d21-4cc7a5f61f32@group-169A166C894B-LeaderElection8] INFO  server.RaftServerConfigKeys (ConfUtils.java:logGet(43)) - raft.server.watch.element-limit = 65536 (default)
2019-10-15 03:21:15,959 [ee46b013-4f8a-4e1e-9d21-4cc7a5f61f32@group-169A166C894B-LeaderElection8] INFO  server.RaftServerConfigKeys (ConfUtils.java:logGet(43)) - raft.server.log.appender.snapshot.chunk.size.max = 16MB (=16777216) (default)
2019-10-15 03:21:15,959 [ee46b013-4f8a-4e1e-9d21-4cc7a5f61f32@group-169A166C894B-LeaderElection8] INFO  server.RaftServerConfigKeys (ConfUtils.java:logGet(43)) - raft.server.log.appender.buffer.byte-limit = 33554432 (custom)
2019-10-15 03:21:15,959 [ee46b013-4f8a-4e1e-9d21-4cc7a5f61f32@group-169A166C894B-LeaderElection8] INFO  server.RaftServerConfigKeys (ConfUtils.java:logGet(43)) - raft.server.log.appender.buffer.element-limit = 1 (custom)
2019-10-15 03:21:15,963 [ee46b013-4f8a-4e1e-9d21-4cc7a5f61f32@group-169A166C894B-LeaderElection8] INFO  grpc.GrpcConfigKeys$Server (ConfUtils.java:logGet(43)) - raft.grpc.server.leader.outstanding.appends.max = 128 (default)
2019-10-15 03:21:15,963 [ee46b013-4f8a-4e1e-9d21-4cc7a5f61f32@group-169A166C894B-LeaderElection8] INFO  server.RaftServerConfigKeys (ConfUtils.java:logGet(43)) - raft.server.rpc.request.timeout = 3000ms (default)
2019-10-15 03:21:15,963 [ee46b013-4f8a-4e1e-9d21-4cc7a5f61f32@group-169A166C894B-LeaderElection8] INFO  server.RaftServerConfigKeys (ConfUtils.java:logGet(43)) - raft.server.log.appender.install.snapshot.enabled = false (custom)
2019-10-15 03:21:15,964 [ee46b013-4f8a-4e1e-9d21-4cc7a5f61f32@group-169A166C894B-LeaderElection8] INFO  server.RaftServerConfigKeys (ConfUtils.java:logGet(43)) - raft.server.log.appender.snapshot.chunk.size.max = 16MB (=16777216) (default)
2019-10-15 03:21:15,964 [ee46b013-4f8a-4e1e-9d21-4cc7a5f61f32@group-169A166C894B-LeaderElection8] INFO  server.RaftServerConfigKeys (ConfUtils.java:logGet(43)) - raft.server.log.appender.buffer.byte-limit = 33554432 (custom)
2019-10-15 03:21:15,965 [ee46b013-4f8a-4e1e-9d21-4cc7a5f61f32@group-169A166C894B-LeaderElection8] INFO  server.RaftServerConfigKeys (ConfUtils.java:logGet(43)) - raft.server.log.appender.buffer.element-limit = 1 (custom)
2019-10-15 03:21:15,965 [ee46b013-4f8a-4e1e-9d21-4cc7a5f61f32@group-169A166C894B-LeaderElection8] INFO  grpc.GrpcConfigKeys$Server (ConfUtils.java:logGet(43)) - raft.grpc.server.leader.outstanding.appends.max = 128 (default)
2019-10-15 03:21:15,965 [ee46b013-4f8a-4e1e-9d21-4cc7a5f61f32@group-169A166C894B-LeaderElection8] INFO  server.RaftServerConfigKeys (ConfUtils.java:logGet(43)) - raft.server.rpc.request.timeout = 3000ms (default)
2019-10-15 03:21:15,965 [ee46b013-4f8a-4e1e-9d21-4cc7a5f61f32@group-169A166C894B-LeaderElection8] INFO  server.RaftServerConfigKeys (ConfUtils.java:logGet(43)) - raft.server.log.appender.install.snapshot.enabled = false (custom)
2019-10-15 03:21:15,967 [ee46b013-4f8a-4e1e-9d21-4cc7a5f61f32@group-169A166C894B-LeaderElection8] INFO  impl.RoleInfo (RoleInfo.java:updateAndGet(143)) - ee46b013-4f8a-4e1e-9d21-4cc7a5f61f32: start LeaderState
2019-10-15 03:21:15,967 [ee46b013-4f8a-4e1e-9d21-4cc7a5f61f32@group-169A166C894B-LeaderElection8] INFO  segmented.SegmentedRaftLogWorker (SegmentedRaftLogWorker.java:startLogSegment(385)) - ee46b013-4f8a-4e1e-9d21-4cc7a5f61f32@group-169A166C894B-SegmentedRaftLogWorker: Starting segment from index:0
2019-10-15 03:21:15,968 [ee46b013-4f8a-4e1e-9d21-4cc7a5f61f32@group-169A166C894B-LeaderElection8] INFO  impl.RaftServerImpl (ServerState.java:setRaftConf(356)) - ee46b013-4f8a-4e1e-9d21-4cc7a5f61f32@group-169A166C894B: set configuration 0: [7a6ae757-b1cb-4520-a3e0-bcfac033e2fd:192.168.157.236:40701, ee46b013-4f8a-4e1e-9d21-4cc7a5f61f32:192.168.157.236:33603, 1974a9a1-a6f9-4483-963f-44bc27f0fbdf:192.168.157.236:45308], old=null at 0
2019-10-15 03:21:16,005 [Thread-277] INFO  impl.FollowerState (FollowerState.java:run(108)) - dab5a863-0e86-4b68-ba3e-0ceb094488f7@group-22A9B11B4D22-FollowerState: change to CANDIDATE, lastRpcTime:5097ms, electionTimeout:5085ms
2019-10-15 03:21:16,005 [ff86720b-57ad-4346-9c29-47d80feac5b3@group-22A9B11B4D22-LeaderElection10] INFO  impl.LeaderElection (LeaderElection.java:askForVotes(178)) - ff86720b-57ad-4346-9c29-47d80feac5b3@group-22A9B11B4D22-LeaderElection10: begin an election at term 1 for -1: [76854fb9-5692-497b-8ec8-3ee205e6cc31:192.168.157.236:40031, ff86720b-57ad-4346-9c29-47d80feac5b3:192.168.157.236:45506, dab5a863-0e86-4b68-ba3e-0ceb094488f7:192.168.157.236:36772], old=null
2019-10-15 03:21:16,005 [Thread-277] INFO  impl.RoleInfo (RoleInfo.java:shutdownFollowerState(121)) - dab5a863-0e86-4b68-ba3e-0ceb094488f7: shutdown FollowerState
2019-10-15 03:21:16,005 [Thread-277] INFO  impl.RaftServerImpl (RaftServerImpl.java:setRole(170)) - dab5a863-0e86-4b68-ba3e-0ceb094488f7@group-22A9B11B4D22: changes role from  FOLLOWER to CANDIDATE at term 0 for changeToCandidate
2019-10-15 03:21:16,006 [Thread-277] INFO  impl.RoleInfo (RoleInfo.java:updateAndGet(143)) - dab5a863-0e86-4b68-ba3e-0ceb094488f7: start LeaderElection
2019-10-15 03:21:16,017 [Thread-275] INFO  impl.FollowerState (FollowerState.java:run(108)) - 76854fb9-5692-497b-8ec8-3ee205e6cc31@group-22A9B11B4D22-FollowerState: change to CANDIDATE, lastRpcTime:5110ms, electionTimeout:5110ms
2019-10-15 03:21:16,017 [Thread-275] INFO  impl.RoleInfo (RoleInfo.java:shutdownFollowerState(121)) - 76854fb9-5692-497b-8ec8-3ee205e6cc31: shutdown FollowerState
2019-10-15 03:21:16,017 [Thread-275] INFO  impl.RaftServerImpl (RaftServerImpl.java:setRole(170)) - 76854fb9-5692-497b-8ec8-3ee205e6cc31@group-22A9B11B4D22: changes role from  FOLLOWER to CANDIDATE at term 0 for changeToCandidate
2019-10-15 03:21:16,021 [Thread-275] INFO  impl.RoleInfo (RoleInfo.java:updateAndGet(143)) - 76854fb9-5692-497b-8ec8-3ee205e6cc31: start LeaderElection
2019-10-15 03:21:16,028 [ee46b013-4f8a-4e1e-9d21-4cc7a5f61f32@group-169A166C894B-SegmentedRaftLogWorker] INFO  segmented.SegmentedRaftLogWorker (SegmentedRaftLogWorker.java:execute(574)) - ee46b013-4f8a-4e1e-9d21-4cc7a5f61f32@group-169A166C894B-SegmentedRaftLogWorker: created new log segment /workdir/hadoop-ozone/integration-test/target/test-dir/MiniOzoneClusterImpl-747bb6ba-742f-4335-8eef-883d7ad25d26/datanode-0/data/ratis/eb84a5c3-aa1a-4e25-9e37-169a166c894b/current/log_inprogress_0
2019-10-15 03:21:16,051 [dab5a863-0e86-4b68-ba3e-0ceb094488f7@group-22A9B11B4D22-LeaderElection11] INFO  impl.LeaderElection (LeaderElection.java:askForVotes(178)) - dab5a863-0e86-4b68-ba3e-0ceb094488f7@group-22A9B11B4D22-LeaderElection11: begin an election at term 1 for -1: [76854fb9-5692-497b-8ec8-3ee205e6cc31:192.168.157.236:40031, ff86720b-57ad-4346-9c29-47d80feac5b3:192.168.157.236:45506, dab5a863-0e86-4b68-ba3e-0ceb094488f7:192.168.157.236:36772], old=null
2019-10-15 03:21:16,051 [76854fb9-5692-497b-8ec8-3ee205e6cc31@group-22A9B11B4D22-LeaderElection12] INFO  impl.LeaderElection (LeaderElection.java:askForVotes(178)) - 76854fb9-5692-497b-8ec8-3ee205e6cc31@group-22A9B11B4D22-LeaderElection12: begin an election at term 1 for -1: [76854fb9-5692-497b-8ec8-3ee205e6cc31:192.168.157.236:40031, ff86720b-57ad-4346-9c29-47d80feac5b3:192.168.157.236:45506, dab5a863-0e86-4b68-ba3e-0ceb094488f7:192.168.157.236:36772], old=null
2019-10-15 03:21:16,062 [ff86720b-57ad-4346-9c29-47d80feac5b3@group-22A9B11B4D22-LeaderElection10] INFO  impl.LeaderElection (LeaderElection.java:logAndReturn(56)) - ff86720b-57ad-4346-9c29-47d80feac5b3@group-22A9B11B4D22-LeaderElection10: Election REJECTED; received 2 response(s) [ff86720b-57ad-4346-9c29-47d80feac5b3<-76854fb9-5692-497b-8ec8-3ee205e6cc31#0:FAIL-t1, ff86720b-57ad-4346-9c29-47d80feac5b3<-dab5a863-0e86-4b68-ba3e-0ceb094488f7#0:FAIL-t1] and 0 exception(s); ff86720b-57ad-4346-9c29-47d80feac5b3@group-22A9B11B4D22:t1, leader=null, voted=ff86720b-57ad-4346-9c29-47d80feac5b3, raftlog=ff86720b-57ad-4346-9c29-47d80feac5b3@group-22A9B11B4D22-SegmentedRaftLog:OPENED:c-1,f-1,i0, conf=-1: [76854fb9-5692-497b-8ec8-3ee205e6cc31:192.168.157.236:40031, ff86720b-57ad-4346-9c29-47d80feac5b3:192.168.157.236:45506, dab5a863-0e86-4b68-ba3e-0ceb094488f7:192.168.157.236:36772], old=null
2019-10-15 03:21:16,064 [ff86720b-57ad-4346-9c29-47d80feac5b3@group-22A9B11B4D22-LeaderElection10] INFO  impl.RaftServerImpl (RaftServerImpl.java:setRole(170)) - ff86720b-57ad-4346-9c29-47d80feac5b3@group-22A9B11B4D22: changes role from CANDIDATE to FOLLOWER at term 1 for DISCOVERED_A_NEW_TERM
2019-10-15 03:21:16,071 [ff86720b-57ad-4346-9c29-47d80feac5b3@group-22A9B11B4D22-LeaderElection10] INFO  impl.RoleInfo (RoleInfo.java:shutdownLeaderElection(134)) - ff86720b-57ad-4346-9c29-47d80feac5b3: shutdown LeaderElection
2019-10-15 03:21:16,071 [ff86720b-57ad-4346-9c29-47d80feac5b3@group-22A9B11B4D22-LeaderElection10] INFO  impl.RoleInfo (RoleInfo.java:updateAndGet(143)) - ff86720b-57ad-4346-9c29-47d80feac5b3: start FollowerState
2019-10-15 03:21:16,075 [grpc-default-executor-0] INFO  impl.RaftServerImpl (ServerState.java:setLeader(255)) - 1974a9a1-a6f9-4483-963f-44bc27f0fbdf@group-169A166C894B: change Leader from null to ee46b013-4f8a-4e1e-9d21-4cc7a5f61f32 at term 1 for appendEntries, leader elected after 5753ms
2019-10-15 03:21:16,075 [grpc-default-executor-3] INFO  impl.RaftServerImpl (ServerState.java:setLeader(255)) - 7a6ae757-b1cb-4520-a3e0-bcfac033e2fd@group-169A166C894B: change Leader from null to ee46b013-4f8a-4e1e-9d21-4cc7a5f61f32 at term 1 for appendEntries, leader elected after 5751ms
2019-10-15 03:21:16,098 [dab5a863-0e86-4b68-ba3e-0ceb094488f7@group-22A9B11B4D22-LeaderElection11] INFO  impl.LeaderElection (LeaderElection.java:logAndReturn(56)) - dab5a863-0e86-4b68-ba3e-0ceb094488f7@group-22A9B11B4D22-LeaderElection11: Election REJECTED; received 2 response(s) [dab5a863-0e86-4b68-ba3e-0ceb094488f7<-76854fb9-5692-497b-8ec8-3ee205e6cc31#0:FAIL-t1, dab5a863-0e86-4b68-ba3e-0ceb094488f7<-ff86720b-57ad-4346-9c29-47d80feac5b3#0:FAIL-t1] and 0 exception(s); dab5a863-0e86-4b68-ba3e-0ceb094488f7@group-22A9B11B4D22:t1, leader=null, voted=dab5a863-0e86-4b68-ba3e-0ceb094488f7, raftlog=dab5a863-0e86-4b68-ba3e-0ceb094488f7@group-22A9B11B4D22-SegmentedRaftLog:OPENED:c-1,f-1,i0, conf=-1: [76854fb9-5692-497b-8ec8-3ee205e6cc31:192.168.157.236:40031, ff86720b-57ad-4346-9c29-47d80feac5b3:192.168.157.236:45506, dab5a863-0e86-4b68-ba3e-0ceb094488f7:192.168.157.236:36772], old=null
2019-10-15 03:21:16,100 [dab5a863-0e86-4b68-ba3e-0ceb094488f7@group-22A9B11B4D22-LeaderElection11] INFO  impl.RaftServerImpl (RaftServerImpl.java:setRole(170)) - dab5a863-0e86-4b68-ba3e-0ceb094488f7@group-22A9B11B4D22: changes role from CANDIDATE to FOLLOWER at term 1 for DISCOVERED_A_NEW_TERM
2019-10-15 03:21:16,100 [dab5a863-0e86-4b68-ba3e-0ceb094488f7@group-22A9B11B4D22-LeaderElection11] INFO  impl.RoleInfo (RoleInfo.java:shutdownLeaderElection(134)) - dab5a863-0e86-4b68-ba3e-0ceb094488f7: shutdown LeaderElection
2019-10-15 03:21:16,100 [dab5a863-0e86-4b68-ba3e-0ceb094488f7@group-22A9B11B4D22-LeaderElection11] INFO  impl.RoleInfo (RoleInfo.java:updateAndGet(143)) - dab5a863-0e86-4b68-ba3e-0ceb094488f7: start FollowerState
2019-10-15 03:21:16,103 [76854fb9-5692-497b-8ec8-3ee205e6cc31@group-22A9B11B4D22-LeaderElection12] INFO  impl.LeaderElection (LeaderElection.java:logAndReturn(56)) - 76854fb9-5692-497b-8ec8-3ee205e6cc31@group-22A9B11B4D22-LeaderElection12: Election REJECTED; received 2 response(s) [76854fb9-5692-497b-8ec8-3ee205e6cc31<-ff86720b-57ad-4346-9c29-47d80feac5b3#0:FAIL-t1, 76854fb9-5692-497b-8ec8-3ee205e6cc31<-dab5a863-0e86-4b68-ba3e-0ceb094488f7#0:FAIL-t1] and 0 exception(s); 76854fb9-5692-497b-8ec8-3ee205e6cc31@group-22A9B11B4D22:t1, leader=null, voted=76854fb9-5692-497b-8ec8-3ee205e6cc31, raftlog=76854fb9-5692-497b-8ec8-3ee205e6cc31@group-22A9B11B4D22-SegmentedRaftLog:OPENED:c-1,f-1,i0, conf=-1: [76854fb9-5692-497b-8ec8-3ee205e6cc31:192.168.157.236:40031, ff86720b-57ad-4346-9c29-47d80feac5b3:192.168.157.236:45506, dab5a863-0e86-4b68-ba3e-0ceb094488f7:192.168.157.236:36772], old=null
2019-10-15 03:21:16,105 [76854fb9-5692-497b-8ec8-3ee205e6cc31@group-22A9B11B4D22-LeaderElection12] INFO  impl.RaftServerImpl (RaftServerImpl.java:setRole(170)) - 76854fb9-5692-497b-8ec8-3ee205e6cc31@group-22A9B11B4D22: changes role from CANDIDATE to FOLLOWER at term 1 for DISCOVERED_A_NEW_TERM
2019-10-15 03:21:16,105 [76854fb9-5692-497b-8ec8-3ee205e6cc31@group-22A9B11B4D22-LeaderElection12] INFO  impl.RoleInfo (RoleInfo.java:shutdownLeaderElection(134)) - 76854fb9-5692-497b-8ec8-3ee205e6cc31: shutdown LeaderElection
2019-10-15 03:21:16,105 [76854fb9-5692-497b-8ec8-3ee205e6cc31@group-22A9B11B4D22-LeaderElection12] INFO  impl.RoleInfo (RoleInfo.java:updateAndGet(143)) - 76854fb9-5692-497b-8ec8-3ee205e6cc31: start FollowerState
2019-10-15 03:21:16,123 [grpc-default-executor-0] INFO  impl.RaftServerImpl (ServerState.java:setRaftConf(356)) - 7a6ae757-b1cb-4520-a3e0-bcfac033e2fd@group-169A166C894B: set configuration 0: [7a6ae757-b1cb-4520-a3e0-bcfac033e2fd:192.168.157.236:40701, ee46b013-4f8a-4e1e-9d21-4cc7a5f61f32:192.168.157.236:33603, 1974a9a1-a6f9-4483-963f-44bc27f0fbdf:192.168.157.236:45308], old=null at 0
2019-10-15 03:21:16,123 [grpc-default-executor-3] INFO  impl.RaftServerImpl (ServerState.java:setRaftConf(356)) - 1974a9a1-a6f9-4483-963f-44bc27f0fbdf@group-169A166C894B: set configuration 0: [7a6ae757-b1cb-4520-a3e0-bcfac033e2fd:192.168.157.236:40701, ee46b013-4f8a-4e1e-9d21-4cc7a5f61f32:192.168.157.236:33603, 1974a9a1-a6f9-4483-963f-44bc27f0fbdf:192.168.157.236:45308], old=null at 0
2019-10-15 03:21:16,124 [grpc-default-executor-0] INFO  segmented.SegmentedRaftLogWorker (SegmentedRaftLogWorker.java:startLogSegment(385)) - 7a6ae757-b1cb-4520-a3e0-bcfac033e2fd@group-169A166C894B-SegmentedRaftLogWorker: Starting segment from index:0
2019-10-15 03:21:16,125 [grpc-default-executor-3] INFO  segmented.SegmentedRaftLogWorker (SegmentedRaftLogWorker.java:startLogSegment(385)) - 1974a9a1-a6f9-4483-963f-44bc27f0fbdf@group-169A166C894B-SegmentedRaftLogWorker: Starting segment from index:0
2019-10-15 03:21:16,197 [7a6ae757-b1cb-4520-a3e0-bcfac033e2fd@group-169A166C894B-SegmentedRaftLogWorker] INFO  segmented.SegmentedRaftLogWorker (SegmentedRaftLogWorker.java:execute(574)) - 7a6ae757-b1cb-4520-a3e0-bcfac033e2fd@group-169A166C894B-SegmentedRaftLogWorker: created new log segment /workdir/hadoop-ozone/integration-test/target/test-dir/MiniOzoneClusterImpl-747bb6ba-742f-4335-8eef-883d7ad25d26/datanode-1/data/ratis/eb84a5c3-aa1a-4e25-9e37-169a166c894b/current/log_inprogress_0
2019-10-15 03:21:16,197 [1974a9a1-a6f9-4483-963f-44bc27f0fbdf@group-169A166C894B-SegmentedRaftLogWorker] INFO  segmented.SegmentedRaftLogWorker (SegmentedRaftLogWorker.java:execute(574)) - 1974a9a1-a6f9-4483-963f-44bc27f0fbdf@group-169A166C894B-SegmentedRaftLogWorker: created new log segment /workdir/hadoop-ozone/integration-test/target/test-dir/MiniOzoneClusterImpl-747bb6ba-742f-4335-8eef-883d7ad25d26/datanode-5/data/ratis/eb84a5c3-aa1a-4e25-9e37-169a166c894b/current/log_inprogress_0
2019-10-15 03:21:17,812 [Datanode State Machine Thread - 0] INFO  statemachine.DatanodeStateMachine (DatanodeStateMachine.java:lambda$startDaemon$0(350)) - Ozone container server started.
2019-10-15 03:21:21,115 [Thread-329] INFO  impl.FollowerState (FollowerState.java:run(108)) - ff86720b-57ad-4346-9c29-47d80feac5b3@group-22A9B11B4D22-FollowerState: change to CANDIDATE, lastRpcTime:5043ms, electionTimeout:5038ms
2019-10-15 03:21:21,116 [Thread-329] INFO  impl.RoleInfo (RoleInfo.java:shutdownFollowerState(121)) - ff86720b-57ad-4346-9c29-47d80feac5b3: shutdown FollowerState
2019-10-15 03:21:21,116 [Thread-329] INFO  impl.RaftServerImpl (RaftServerImpl.java:setRole(170)) - ff86720b-57ad-4346-9c29-47d80feac5b3@group-22A9B11B4D22: changes role from  FOLLOWER to CANDIDATE at term 1 for changeToCandidate
2019-10-15 03:21:21,116 [Thread-329] INFO  impl.RoleInfo (RoleInfo.java:updateAndGet(143)) - ff86720b-57ad-4346-9c29-47d80feac5b3: start LeaderElection
2019-10-15 03:21:21,175 [ff86720b-57ad-4346-9c29-47d80feac5b3@group-22A9B11B4D22-LeaderElection13] INFO  impl.LeaderElection (LeaderElection.java:askForVotes(178)) - ff86720b-57ad-4346-9c29-47d80feac5b3@group-22A9B11B4D22-LeaderElection13: begin an election at term 2 for -1: [76854fb9-5692-497b-8ec8-3ee205e6cc31:192.168.157.236:40031, ff86720b-57ad-4346-9c29-47d80feac5b3:192.168.157.236:45506, dab5a863-0e86-4b68-ba3e-0ceb094488f7:192.168.157.236:36772], old=null
2019-10-15 03:21:21,199 [grpc-default-executor-2] INFO  impl.RaftServerImpl (RaftServerImpl.java:setRole(170)) - 76854fb9-5692-497b-8ec8-3ee205e6cc31@group-22A9B11B4D22: changes role from  FOLLOWER to FOLLOWER at term 2 for recognizeCandidate:ff86720b-57ad-4346-9c29-47d80feac5b3
2019-10-15 03:21:21,199 [grpc-default-executor-2] INFO  impl.RoleInfo (RoleInfo.java:shutdownFollowerState(121)) - 76854fb9-5692-497b-8ec8-3ee205e6cc31: shutdown FollowerState
2019-10-15 03:21:21,199 [grpc-default-executor-2] INFO  impl.RoleInfo (RoleInfo.java:updateAndGet(143)) - 76854fb9-5692-497b-8ec8-3ee205e6cc31: start FollowerState
2019-10-15 03:21:21,199 [Thread-333] INFO  impl.FollowerState (FollowerState.java:run(117)) - 76854fb9-5692-497b-8ec8-3ee205e6cc31@group-22A9B11B4D22-FollowerState was interrupted: java.lang.InterruptedException: sleep interrupted
2019-10-15 03:21:21,205 [grpc-default-executor-4] INFO  impl.RaftServerImpl (RaftServerImpl.java:setRole(170)) - dab5a863-0e86-4b68-ba3e-0ceb094488f7@group-22A9B11B4D22: changes role from  FOLLOWER to FOLLOWER at term 2 for recognizeCandidate:ff86720b-57ad-4346-9c29-47d80feac5b3
2019-10-15 03:21:21,205 [grpc-default-executor-4] INFO  impl.RoleInfo (RoleInfo.java:shutdownFollowerState(121)) - dab5a863-0e86-4b68-ba3e-0ceb094488f7: shutdown FollowerState
2019-10-15 03:21:21,205 [Thread-332] INFO  impl.FollowerState (FollowerState.java:run(117)) - dab5a863-0e86-4b68-ba3e-0ceb094488f7@group-22A9B11B4D22-FollowerState was interrupted: java.lang.InterruptedException: sleep interrupted
2019-10-15 03:21:21,205 [grpc-default-executor-4] INFO  impl.RoleInfo (RoleInfo.java:updateAndGet(143)) - dab5a863-0e86-4b68-ba3e-0ceb094488f7: start FollowerState
2019-10-15 03:21:21,260 [ff86720b-57ad-4346-9c29-47d80feac5b3@group-22A9B11B4D22-LeaderElection13] INFO  impl.LeaderElection (LeaderElection.java:logAndReturn(56)) - ff86720b-57ad-4346-9c29-47d80feac5b3@group-22A9B11B4D22-LeaderElection13: Election PASSED; received 1 response(s) [ff86720b-57ad-4346-9c29-47d80feac5b3<-dab5a863-0e86-4b68-ba3e-0ceb094488f7#0:OK-t2] and 0 exception(s); ff86720b-57ad-4346-9c29-47d80feac5b3@group-22A9B11B4D22:t2, leader=null, voted=ff86720b-57ad-4346-9c29-47d80feac5b3, raftlog=ff86720b-57ad-4346-9c29-47d80feac5b3@group-22A9B11B4D22-SegmentedRaftLog:OPENED:c-1,f-1,i0, conf=-1: [76854fb9-5692-497b-8ec8-3ee205e6cc31:192.168.157.236:40031, ff86720b-57ad-4346-9c29-47d80feac5b3:192.168.157.236:45506, dab5a863-0e86-4b68-ba3e-0ceb094488f7:192.168.157.236:36772], old=null
2019-10-15 03:21:21,261 [ff86720b-57ad-4346-9c29-47d80feac5b3@group-22A9B11B4D22-LeaderElection13] INFO  impl.RoleInfo (RoleInfo.java:shutdownLeaderElection(134)) - ff86720b-57ad-4346-9c29-47d80feac5b3: shutdown LeaderElection
2019-10-15 03:21:21,264 [ff86720b-57ad-4346-9c29-47d80feac5b3@group-22A9B11B4D22-LeaderElection13] INFO  impl.RaftServerImpl (RaftServerImpl.java:setRole(170)) - ff86720b-57ad-4346-9c29-47d80feac5b3@group-22A9B11B4D22: changes role from CANDIDATE to LEADER at term 2 for changeToLeader
2019-10-15 03:21:21,264 [ff86720b-57ad-4346-9c29-47d80feac5b3@group-22A9B11B4D22-LeaderElection13] INFO  impl.RaftServerImpl (ServerState.java:setLeader(255)) - ff86720b-57ad-4346-9c29-47d80feac5b3@group-22A9B11B4D22: change Leader from null to ff86720b-57ad-4346-9c29-47d80feac5b3 at term 2 for becomeLeader, leader elected after 10373ms
2019-10-15 03:21:21,265 [ff86720b-57ad-4346-9c29-47d80feac5b3@group-22A9B11B4D22-LeaderElection13] INFO  server.RaftServerConfigKeys (ConfUtils.java:logGet(43)) - raft.server.staging.catchup.gap = 1000 (default)
2019-10-15 03:21:21,265 [ff86720b-57ad-4346-9c29-47d80feac5b3@group-22A9B11B4D22-LeaderElection13] INFO  server.RaftServerConfigKeys (ConfUtils.java:logGet(43)) - raft.server.rpc.sleep.time = 25ms (default)
2019-10-15 03:21:21,265 [ff86720b-57ad-4346-9c29-47d80feac5b3@group-22A9B11B4D22-LeaderElection13] INFO  server.RaftServerConfigKeys (ConfUtils.java:logGet(43)) - raft.server.write.element-limit = 4096 (default)
2019-10-15 03:21:21,266 [ff86720b-57ad-4346-9c29-47d80feac5b3@group-22A9B11B4D22-LeaderElection13] INFO  server.RaftServerConfigKeys (ConfUtils.java:logGet(43)) - raft.server.watch.timeout = 10s (default)
2019-10-15 03:21:21,266 [ff86720b-57ad-4346-9c29-47d80feac5b3@group-22A9B11B4D22-LeaderElection13] INFO  server.RaftServerConfigKeys (ConfUtils.java:logGet(43)) - raft.server.watch.timeout.denomination = 1s (default)
2019-10-15 03:21:21,266 [ff86720b-57ad-4346-9c29-47d80feac5b3@group-22A9B11B4D22-LeaderElection13] INFO  server.RaftServerConfigKeys (ConfUtils.java:logGet(43)) - raft.server.watch.element-limit = 65536 (default)
2019-10-15 03:21:21,324 [ff86720b-57ad-4346-9c29-47d80feac5b3@group-22A9B11B4D22-LeaderElection13] INFO  server.RaftServerConfigKeys (ConfUtils.java:logGet(43)) - raft.server.log.appender.snapshot.chunk.size.max = 16MB (=16777216) (default)
2019-10-15 03:21:21,324 [ff86720b-57ad-4346-9c29-47d80feac5b3@group-22A9B11B4D22-LeaderElection13] INFO  server.RaftServerConfigKeys (ConfUtils.java:logGet(43)) - raft.server.log.appender.buffer.byte-limit = 33554432 (custom)
2019-10-15 03:21:21,324 [ff86720b-57ad-4346-9c29-47d80feac5b3@group-22A9B11B4D22-LeaderElection13] INFO  server.RaftServerConfigKeys (ConfUtils.java:logGet(43)) - raft.server.log.appender.buffer.element-limit = 1 (custom)
2019-10-15 03:21:21,325 [ff86720b-57ad-4346-9c29-47d80feac5b3@group-22A9B11B4D22-LeaderElection13] INFO  grpc.GrpcConfigKeys$Server (ConfUtils.java:logGet(43)) - raft.grpc.server.leader.outstanding.appends.max = 128 (default)
2019-10-15 03:21:21,327 [ff86720b-57ad-4346-9c29-47d80feac5b3@group-22A9B11B4D22-LeaderElection13] INFO  server.RaftServerConfigKeys (ConfUtils.java:logGet(43)) - raft.server.rpc.request.timeout = 3000ms (default)
2019-10-15 03:21:21,327 [ff86720b-57ad-4346-9c29-47d80feac5b3@group-22A9B11B4D22-LeaderElection13] INFO  server.RaftServerConfigKeys (ConfUtils.java:logGet(43)) - raft.server.log.appender.install.snapshot.enabled = false (custom)
2019-10-15 03:21:21,328 [ff86720b-57ad-4346-9c29-47d80feac5b3@group-22A9B11B4D22-LeaderElection13] INFO  server.RaftServerConfigKeys (ConfUtils.java:logGet(43)) - raft.server.log.appender.snapshot.chunk.size.max = 16MB (=16777216) (default)
2019-10-15 03:21:21,328 [ff86720b-57ad-4346-9c29-47d80feac5b3@group-22A9B11B4D22-LeaderElection13] INFO  server.RaftServerConfigKeys (ConfUtils.java:logGet(43)) - raft.server.log.appender.buffer.byte-limit = 33554432 (custom)
2019-10-15 03:21:21,328 [ff86720b-57ad-4346-9c29-47d80feac5b3@group-22A9B11B4D22-LeaderElection13] INFO  server.RaftServerConfigKeys (ConfUtils.java:logGet(43)) - raft.server.log.appender.buffer.element-limit = 1 (custom)
2019-10-15 03:21:21,328 [ff86720b-57ad-4346-9c29-47d80feac5b3@group-22A9B11B4D22-LeaderElection13] INFO  grpc.GrpcConfigKeys$Server (ConfUtils.java:logGet(43)) - raft.grpc.server.leader.outstanding.appends.max = 128 (default)
2019-10-15 03:21:21,329 [ff86720b-57ad-4346-9c29-47d80feac5b3@group-22A9B11B4D22-LeaderElection13] INFO  server.RaftServerConfigKeys (ConfUtils.java:logGet(43)) - raft.server.rpc.request.timeout = 3000ms (default)
2019-10-15 03:21:21,329 [ff86720b-57ad-4346-9c29-47d80feac5b3@group-22A9B11B4D22-LeaderElection13] INFO  server.RaftServerConfigKeys (ConfUtils.java:logGet(43)) - raft.server.log.appender.install.snapshot.enabled = false (custom)
2019-10-15 03:21:21,329 [ff86720b-57ad-4346-9c29-47d80feac5b3@group-22A9B11B4D22-LeaderElection13] INFO  impl.RoleInfo (RoleInfo.java:updateAndGet(143)) - ff86720b-57ad-4346-9c29-47d80feac5b3: start LeaderState
2019-10-15 03:21:21,330 [ff86720b-57ad-4346-9c29-47d80feac5b3@group-22A9B11B4D22-LeaderElection13] INFO  segmented.SegmentedRaftLogWorker (SegmentedRaftLogWorker.java:startLogSegment(385)) - ff86720b-57ad-4346-9c29-47d80feac5b3@group-22A9B11B4D22-SegmentedRaftLogWorker: Starting segment from index:0
2019-10-15 03:21:21,331 [ff86720b-57ad-4346-9c29-47d80feac5b3@group-22A9B11B4D22-LeaderElection13] INFO  impl.RaftServerImpl (ServerState.java:setRaftConf(356)) - ff86720b-57ad-4346-9c29-47d80feac5b3@group-22A9B11B4D22: set configuration 0: [76854fb9-5692-497b-8ec8-3ee205e6cc31:192.168.157.236:40031, ff86720b-57ad-4346-9c29-47d80feac5b3:192.168.157.236:45506, dab5a863-0e86-4b68-ba3e-0ceb094488f7:192.168.157.236:36772], old=null at 0
2019-10-15 03:21:21,362 [grpc-default-executor-4] INFO  impl.RaftServerImpl (ServerState.java:setLeader(255)) - 76854fb9-5692-497b-8ec8-3ee205e6cc31@group-22A9B11B4D22: change Leader from null to ff86720b-57ad-4346-9c29-47d80feac5b3 at term 2 for appendEntries, leader elected after 10471ms
2019-10-15 03:21:21,362 [grpc-default-executor-2] INFO  impl.RaftServerImpl (ServerState.java:setLeader(255)) - dab5a863-0e86-4b68-ba3e-0ceb094488f7@group-22A9B11B4D22: change Leader from null to ff86720b-57ad-4346-9c29-47d80feac5b3 at term 2 for appendEntries, leader elected after 10471ms
2019-10-15 03:21:21,369 [grpc-default-executor-4] INFO  impl.RaftServerImpl (ServerState.java:setRaftConf(356)) - dab5a863-0e86-4b68-ba3e-0ceb094488f7@group-22A9B11B4D22: set configuration 0: [76854fb9-5692-497b-8ec8-3ee205e6cc31:192.168.157.236:40031, ff86720b-57ad-4346-9c29-47d80feac5b3:192.168.157.236:45506, dab5a863-0e86-4b68-ba3e-0ceb094488f7:192.168.157.236:36772], old=null at 0
2019-10-15 03:21:21,369 [grpc-default-executor-2] INFO  impl.RaftServerImpl (ServerState.java:setRaftConf(356)) - 76854fb9-5692-497b-8ec8-3ee205e6cc31@group-22A9B11B4D22: set configuration 0: [76854fb9-5692-497b-8ec8-3ee205e6cc31:192.168.157.236:40031, ff86720b-57ad-4346-9c29-47d80feac5b3:192.168.157.236:45506, dab5a863-0e86-4b68-ba3e-0ceb094488f7:192.168.157.236:36772], old=null at 0
2019-10-15 03:21:21,369 [grpc-default-executor-4] INFO  segmented.SegmentedRaftLogWorker (SegmentedRaftLogWorker.java:startLogSegment(385)) - dab5a863-0e86-4b68-ba3e-0ceb094488f7@group-22A9B11B4D22-SegmentedRaftLogWorker: Starting segment from index:0
2019-10-15 03:21:21,369 [grpc-default-executor-2] INFO  segmented.SegmentedRaftLogWorker (SegmentedRaftLogWorker.java:startLogSegment(385)) - 76854fb9-5692-497b-8ec8-3ee205e6cc31@group-22A9B11B4D22-SegmentedRaftLogWorker: Starting segment from index:0
2019-10-15 03:21:21,416 [ff86720b-57ad-4346-9c29-47d80feac5b3@group-22A9B11B4D22-SegmentedRaftLogWorker] INFO  segmented.SegmentedRaftLogWorker (SegmentedRaftLogWorker.java:execute(574)) - ff86720b-57ad-4346-9c29-47d80feac5b3@group-22A9B11B4D22-SegmentedRaftLogWorker: created new log segment /workdir/hadoop-ozone/integration-test/target/test-dir/MiniOzoneClusterImpl-747bb6ba-742f-4335-8eef-883d7ad25d26/datanode-2/data/ratis/87b01301-3530-4a43-a00a-22a9b11b4d22/current/log_inprogress_0
2019-10-15 03:21:21,418 [76854fb9-5692-497b-8ec8-3ee205e6cc31@group-22A9B11B4D22-SegmentedRaftLogWorker] INFO  segmented.SegmentedRaftLogWorker (SegmentedRaftLogWorker.java:execute(574)) - 76854fb9-5692-497b-8ec8-3ee205e6cc31@group-22A9B11B4D22-SegmentedRaftLogWorker: created new log segment /workdir/hadoop-ozone/integration-test/target/test-dir/MiniOzoneClusterImpl-747bb6ba-742f-4335-8eef-883d7ad25d26/datanode-3/data/ratis/87b01301-3530-4a43-a00a-22a9b11b4d22/current/log_inprogress_0
2019-10-15 03:21:21,418 [dab5a863-0e86-4b68-ba3e-0ceb094488f7@group-22A9B11B4D22-SegmentedRaftLogWorker] INFO  segmented.SegmentedRaftLogWorker (SegmentedRaftLogWorker.java:execute(574)) - dab5a863-0e86-4b68-ba3e-0ceb094488f7@group-22A9B11B4D22-SegmentedRaftLogWorker: created new log segment /workdir/hadoop-ozone/integration-test/target/test-dir/MiniOzoneClusterImpl-747bb6ba-742f-4335-8eef-883d7ad25d26/datanode-4/data/ratis/87b01301-3530-4a43-a00a-22a9b11b4d22/current/log_inprogress_0
2019-10-15 03:21:21,925 [EventQueue-StaleNodeForStaleNodeHandler] INFO  node.StaleNodeHandler (StaleNodeHandler.java:onMessage(58)) - Datanode 7a6ae757-b1cb-4520-a3e0-bcfac033e2fd{ip: 192.168.157.236, host: pr-hdds-2278-dv8k5-3424803466, networkLocation: /default-rack, certSerialId: null} moved to stale state. Finalizing its pipelines [PipelineID=eb84a5c3-aa1a-4e25-9e37-169a166c894b, PipelineID=dec7fd0c-d711-4071-9d71-33273715dcd6]
2019-10-15 03:21:21,925 [EventQueue-StaleNodeForStaleNodeHandler] INFO  pipeline.SCMPipelineManager (SCMPipelineManager.java:finalizeAndDestroyPipeline(315)) - destroying pipeline:Pipeline[ Id: eb84a5c3-aa1a-4e25-9e37-169a166c894b, Nodes: 7a6ae757-b1cb-4520-a3e0-bcfac033e2fd{ip: 192.168.157.236, host: pr-hdds-2278-dv8k5-3424803466, networkLocation: /default-rack, certSerialId: null}ee46b013-4f8a-4e1e-9d21-4cc7a5f61f32{ip: 192.168.157.236, host: pr-hdds-2278-dv8k5-3424803466, networkLocation: /default-rack, certSerialId: null}1974a9a1-a6f9-4483-963f-44bc27f0fbdf{ip: 192.168.157.236, host: pr-hdds-2278-dv8k5-3424803466, networkLocation: /default-rack, certSerialId: null}, Type:RATIS, Factor:THREE, State:OPEN]
2019-10-15 03:21:21,926 [EventQueue-StaleNodeForStaleNodeHandler] INFO  pipeline.PipelineStateManager (PipelineStateManager.java:finalizePipeline(123)) - Pipeline Pipeline[ Id: eb84a5c3-aa1a-4e25-9e37-169a166c894b, Nodes: 7a6ae757-b1cb-4520-a3e0-bcfac033e2fd{ip: 192.168.157.236, host: pr-hdds-2278-dv8k5-3424803466, networkLocation: /default-rack, certSerialId: null}ee46b013-4f8a-4e1e-9d21-4cc7a5f61f32{ip: 192.168.157.236, host: pr-hdds-2278-dv8k5-3424803466, networkLocation: /default-rack, certSerialId: null}1974a9a1-a6f9-4483-963f-44bc27f0fbdf{ip: 192.168.157.236, host: pr-hdds-2278-dv8k5-3424803466, networkLocation: /default-rack, certSerialId: null}, Type:RATIS, Factor:THREE, State:CLOSED] moved to CLOSED state
2019-10-15 03:21:21,927 [EventQueue-CloseContainerForCloseContainerEventHandler] INFO  container.CloseContainerEventHandler (CloseContainerEventHandler.java:onMessage(61)) - Close container Event triggered for container : #1
2019-10-15 03:21:21,932 [EventQueue-StaleNodeForStaleNodeHandler] INFO  pipeline.SCMPipelineManager (SCMPipelineManager.java:finalizeAndDestroyPipeline(315)) - destroying pipeline:Pipeline[ Id: dec7fd0c-d711-4071-9d71-33273715dcd6, Nodes: 7a6ae757-b1cb-4520-a3e0-bcfac033e2fd{ip: 192.168.157.236, host: pr-hdds-2278-dv8k5-3424803466, networkLocation: /default-rack, certSerialId: null}, Type:RATIS, Factor:ONE, State:OPEN]
2019-10-15 03:21:21,935 [EventQueue-StaleNodeForStaleNodeHandler] INFO  pipeline.PipelineStateManager (PipelineStateManager.java:finalizePipeline(123)) - Pipeline Pipeline[ Id: dec7fd0c-d711-4071-9d71-33273715dcd6, Nodes: 7a6ae757-b1cb-4520-a3e0-bcfac033e2fd{ip: 192.168.157.236, host: pr-hdds-2278-dv8k5-3424803466, networkLocation: /default-rack, certSerialId: null}, Type:RATIS, Factor:ONE, State:CLOSED] moved to CLOSED state
2019-10-15 03:21:22,716 [main] INFO  ozoneimpl.OzoneContainer (OzoneContainer.java:stop(227)) - Attempting to stop container services.
2019-10-15 03:21:22,717 [main] INFO  impl.RaftServerProxy (RaftServerProxy.java:lambda$close$4(314)) - 7a6ae757-b1cb-4520-a3e0-bcfac033e2fd: close
2019-10-15 03:21:22,719 [main] INFO  impl.RaftServerImpl (RaftServerImpl.java:lambda$shutdown$3(247)) - 7a6ae757-b1cb-4520-a3e0-bcfac033e2fd@group-169A166C894B: shutdown
2019-10-15 03:21:22,719 [ForkJoinPool.commonPool-worker-1] INFO  impl.RaftServerImpl (RaftServerImpl.java:lambda$shutdown$3(247)) - 7a6ae757-b1cb-4520-a3e0-bcfac033e2fd@group-33273715DCD6: shutdown
2019-10-15 03:21:22,719 [main] INFO  util.JmxRegister (JmxRegister.java:unregister(73)) - Successfully un-registered JMX Bean with object name Ratis:service=RaftServer,group=group-169A166C894B,id=7a6ae757-b1cb-4520-a3e0-bcfac033e2fd
2019-10-15 03:21:22,720 [ForkJoinPool.commonPool-worker-1] INFO  util.JmxRegister (JmxRegister.java:unregister(73)) - Successfully un-registered JMX Bean with object name Ratis:service=RaftServer,group=group-33273715DCD6,id=7a6ae757-b1cb-4520-a3e0-bcfac033e2fd
2019-10-15 03:21:22,720 [main] INFO  impl.RoleInfo (RoleInfo.java:shutdownFollowerState(121)) - 7a6ae757-b1cb-4520-a3e0-bcfac033e2fd: shutdown FollowerState
2019-10-15 03:21:22,720 [ForkJoinPool.commonPool-worker-1] INFO  impl.RoleInfo (RoleInfo.java:shutdownLeaderState(104)) - 7a6ae757-b1cb-4520-a3e0-bcfac033e2fd: shutdown LeaderState
2019-10-15 03:21:22,721 [Thread-311] INFO  impl.FollowerState (FollowerState.java:run(117)) - 7a6ae757-b1cb-4520-a3e0-bcfac033e2fd@group-169A166C894B-FollowerState was interrupted: java.lang.InterruptedException: sleep interrupted
2019-10-15 03:21:22,721 [main] INFO  impl.StateMachineUpdater (StateMachineUpdater.java:stopAndJoin(136)) - 7a6ae757-b1cb-4520-a3e0-bcfac033e2fd@group-169A166C894B-StateMachineUpdater: set stopIndex = 16
2019-10-15 03:21:22,721 [7a6ae757-b1cb-4520-a3e0-bcfac033e2fd@group-169A166C894B-StateMachineUpdater] INFO  ratis.ContainerStateMachine (ContainerStateMachine.java:takeSnapshot(294)) - group-169A166C894B: Taking a snapshot at:(t:1, i:14) file /workdir/hadoop-ozone/integration-test/target/test-dir/MiniOzoneClusterImpl-747bb6ba-742f-4335-8eef-883d7ad25d26/datanode-1/data/ratis/eb84a5c3-aa1a-4e25-9e37-169a166c894b/sm/snapshot.1_14
2019-10-15 03:21:22,725 [ForkJoinPool.commonPool-worker-1] INFO  impl.PendingRequests (PendingRequests.java:sendNotLeaderResponses(202)) - 7a6ae757-b1cb-4520-a3e0-bcfac033e2fd@group-33273715DCD6-PendingRequests: sendNotLeaderResponses
2019-10-15 03:21:22,727 [ForkJoinPool.commonPool-worker-1] INFO  impl.StateMachineUpdater (StateMachineUpdater.java:stopAndJoin(136)) - 7a6ae757-b1cb-4520-a3e0-bcfac033e2fd@group-33273715DCD6-StateMachineUpdater: set stopIndex = 0
2019-10-15 03:21:22,730 [ForkJoinPool.commonPool-worker-1] INFO  impl.RaftServerImpl (ServerState.java:close(387)) - 7a6ae757-b1cb-4520-a3e0-bcfac033e2fd@group-33273715DCD6: closes. applyIndex: 0
2019-10-15 03:21:22,732 [7a6ae757-b1cb-4520-a3e0-bcfac033e2fd@group-33273715DCD6-SegmentedRaftLogWorker] INFO  segmented.SegmentedRaftLogWorker (SegmentedRaftLogWorker.java:run(316)) - 7a6ae757-b1cb-4520-a3e0-bcfac033e2fd@group-33273715DCD6-SegmentedRaftLogWorker was interrupted, exiting. There are 0 tasks remaining in the queue.
2019-10-15 03:21:22,735 [ForkJoinPool.commonPool-worker-1] INFO  segmented.SegmentedRaftLogWorker (SegmentedRaftLogWorker.java:close(224)) - 7a6ae757-b1cb-4520-a3e0-bcfac033e2fd@group-33273715DCD6-SegmentedRaftLogWorker close()
2019-10-15 03:21:22,867 [7a6ae757-b1cb-4520-a3e0-bcfac033e2fd@group-169A166C894B-StateMachineUpdater] INFO  ratis.ContainerStateMachine (ContainerStateMachine.java:takeSnapshot(305)) - group-169A166C894B: Finished taking a snapshot at:(t:1, i:14) file:/workdir/hadoop-ozone/integration-test/target/test-dir/MiniOzoneClusterImpl-747bb6ba-742f-4335-8eef-883d7ad25d26/datanode-1/data/ratis/eb84a5c3-aa1a-4e25-9e37-169a166c894b/sm/snapshot.1_14 time:147
2019-10-15 03:21:22,868 [7a6ae757-b1cb-4520-a3e0-bcfac033e2fd@group-169A166C894B-StateMachineUpdater] INFO  impl.StateMachineUpdater (StateMachineUpdater.java:takeSnapshot(269)) - 7a6ae757-b1cb-4520-a3e0-bcfac033e2fd@group-169A166C894B-StateMachineUpdater: Took a snapshot at index 14
2019-10-15 03:21:22,869 [7a6ae757-b1cb-4520-a3e0-bcfac033e2fd@group-169A166C894B-StateMachineUpdater] INFO  impl.StateMachineUpdater (StateMachineUpdater.java:lambda$new$0(84)) - 7a6ae757-b1cb-4520-a3e0-bcfac033e2fd@group-169A166C894B-StateMachineUpdater: snapshotIndex: updateIncreasingly -1 -> 14
2019-10-15 03:21:22,872 [7a6ae757-b1cb-4520-a3e0-bcfac033e2fd@group-169A166C894B-StateMachineUpdater] INFO  ratis.ContainerStateMachine (ContainerStateMachine.java:takeSnapshot(294)) - group-169A166C894B: Taking a snapshot at:(t:1, i:14) file /workdir/hadoop-ozone/integration-test/target/test-dir/MiniOzoneClusterImpl-747bb6ba-742f-4335-8eef-883d7ad25d26/datanode-1/data/ratis/eb84a5c3-aa1a-4e25-9e37-169a166c894b/sm/snapshot.1_14
2019-10-15 03:21:22,916 [7a6ae757-b1cb-4520-a3e0-bcfac033e2fd@group-169A166C894B-StateMachineUpdater] INFO  ratis.ContainerStateMachine (ContainerStateMachine.java:takeSnapshot(305)) - group-169A166C894B: Finished taking a snapshot at:(t:1, i:14) file:/workdir/hadoop-ozone/integration-test/target/test-dir/MiniOzoneClusterImpl-747bb6ba-742f-4335-8eef-883d7ad25d26/datanode-1/data/ratis/eb84a5c3-aa1a-4e25-9e37-169a166c894b/sm/snapshot.1_14 time:43
2019-10-15 03:21:22,916 [7a6ae757-b1cb-4520-a3e0-bcfac033e2fd@group-169A166C894B-StateMachineUpdater] INFO  impl.StateMachineUpdater (StateMachineUpdater.java:takeSnapshot(269)) - 7a6ae757-b1cb-4520-a3e0-bcfac033e2fd@group-169A166C894B-StateMachineUpdater: Took a snapshot at index 14
2019-10-15 03:21:22,916 [7a6ae757-b1cb-4520-a3e0-bcfac033e2fd@group-169A166C894B-StateMachineUpdater] INFO  impl.StateMachineUpdater (StateMachineUpdater.java:lambda$new$0(84)) - 7a6ae757-b1cb-4520-a3e0-bcfac033e2fd@group-169A166C894B-StateMachineUpdater: snapshotIndex: updateIncreasingly 14 -> 14
2019-10-15 03:21:22,917 [main] INFO  impl.RaftServerImpl (ServerState.java:close(387)) - 7a6ae757-b1cb-4520-a3e0-bcfac033e2fd@group-169A166C894B: closes. applyIndex: 16
2019-10-15 03:21:22,917 [7a6ae757-b1cb-4520-a3e0-bcfac033e2fd@group-169A166C894B-SegmentedRaftLogWorker] INFO  segmented.SegmentedRaftLogWorker (SegmentedRaftLogWorker.java:run(316)) - 7a6ae757-b1cb-4520-a3e0-bcfac033e2fd@group-169A166C894B-SegmentedRaftLogWorker was interrupted, exiting. There are 0 tasks remaining in the queue.
2019-10-15 03:21:22,919 [main] INFO  segmented.SegmentedRaftLogWorker (SegmentedRaftLogWorker.java:close(224)) - 7a6ae757-b1cb-4520-a3e0-bcfac033e2fd@group-169A166C894B-SegmentedRaftLogWorker close()
2019-10-15 03:21:22,922 [main] INFO  server.GrpcService (GrpcService.java:closeImpl(164)) - 7a6ae757-b1cb-4520-a3e0-bcfac033e2fd: shutdown server with port 40701 now
2019-10-15 03:21:22,930 [grpc-default-executor-2] WARN  server.GrpcServerProtocolService (LogUtils.java:warn(134)) - 7a6ae757-b1cb-4520-a3e0-bcfac033e2fd: installSnapshot onError, lastRequest: ee46b013-4f8a-4e1e-9d21-4cc7a5f61f32->7a6ae757-b1cb-4520-a3e0-bcfac033e2fd#19-t1, previous=(t:1, i:16), leaderCommit=16, initializing? false, entries: <empty>: org.apache.ratis.thirdparty.io.grpc.StatusRuntimeException: CANCELLED: cancelled before receiving half close
2019-10-15 03:21:22,931 [main] INFO  server.GrpcService (GrpcService.java:closeImpl(172)) - 7a6ae757-b1cb-4520-a3e0-bcfac033e2fd: shutdown server with port 40701 successfully
2019-10-15 03:21:22,931 [grpc-default-executor-4] WARN  server.GrpcLogAppender (LogUtils.java:warn(134)) - ee46b013-4f8a-4e1e-9d21-4cc7a5f61f32@group-169A166C894B->7a6ae757-b1cb-4520-a3e0-bcfac033e2fd-AppendLogResponseHandler: Failed appendEntries: org.apache.ratis.thirdparty.io.grpc.StatusRuntimeException: CANCELLED: HTTP/2 error code: CANCEL
Received Rst Stream
2019-10-15 03:21:22,935 [grpc-default-executor-4] INFO  impl.FollowerInfo (FollowerInfo.java:lambda$new$0(51)) - ee46b013-4f8a-4e1e-9d21-4cc7a5f61f32@group-169A166C894B->7a6ae757-b1cb-4520-a3e0-bcfac033e2fd: nextIndex: updateUnconditionally 17 -> 16
2019-10-15 03:21:22,936 [refreshUsed-/workdir/hadoop-ozone/integration-test/target/test-dir/MiniOzoneClusterImpl-747bb6ba-742f-4335-8eef-883d7ad25d26/datanode-1/data/containers] WARN  fs.CachingGetSpaceUsed (CachingGetSpaceUsed.java:run(183)) - Thread Interrupted waiting to refresh disk information: sleep interrupted
2019-10-15 03:21:22,952 [main] INFO  utils.BackgroundService (BackgroundService.java:shutdown(151)) - Shutting down service BlockDeletingService
2019-10-15 03:21:22,956 [main] INFO  statemachine.DatanodeStateMachine (DatanodeStateMachine.java:stopDaemon(395)) - Ozone container server stopped.
2019-10-15 03:21:22,960 [main] INFO  handler.ContextHandler (ContextHandler.java:doStop(910)) - Stopped o.e.j.w.WebAppContext@6c3659be{/,null,UNAVAILABLE}{/hddsDatanode}
2019-10-15 03:21:22,966 [main] INFO  server.AbstractConnector (AbstractConnector.java:doStop(318)) - Stopped ServerConnector@522bf64e{HTTP/1.1,[http/1.1]}{0.0.0.0:0}
2019-10-15 03:21:22,967 [main] INFO  handler.ContextHandler (ContextHandler.java:doStop(910)) - Stopped o.e.j.s.ServletContextHandler@49faf066{/static,jar:file:/home/user/.m2/repository/org/apache/hadoop/hadoop-hdds-container-service/0.5.0-SNAPSHOT/hadoop-hdds-container-service-0.5.0-SNAPSHOT.jar!/webapps/static,UNAVAILABLE}
2019-10-15 03:21:22,967 [main] INFO  handler.ContextHandler (ContextHandler.java:doStop(910)) - Stopped o.e.j.s.ServletContextHandler@7fdab70c{/logs,file:///workdir/hadoop-ozone/integration-test/target/log,UNAVAILABLE}
2019-10-15 03:21:23,813 [Datanode State Machine Thread - 0] INFO  statemachine.DatanodeStateMachine (DatanodeStateMachine.java:lambda$startDaemon$0(350)) - Ozone container server started.
2019-10-15 03:21:25,223 [grpc-default-executor-3] WARN  server.GrpcLogAppender (LogUtils.java:warn(134)) - ee46b013-4f8a-4e1e-9d21-4cc7a5f61f32@group-169A166C894B->7a6ae757-b1cb-4520-a3e0-bcfac033e2fd-AppendLogResponseHandler: Failed appendEntries: org.apache.ratis.thirdparty.io.grpc.StatusRuntimeException: UNAVAILABLE: io exception
2019-10-15 03:21:25,226 [grpc-default-executor-3] INFO  impl.FollowerInfo (FollowerInfo.java:lambda$new$0(51)) - ee46b013-4f8a-4e1e-9d21-4cc7a5f61f32@group-169A166C894B->7a6ae757-b1cb-4520-a3e0-bcfac033e2fd: nextIndex: updateUnconditionally 16 -> 15
2019-10-15 03:21:27,727 [grpc-default-executor-2] WARN  server.GrpcLogAppender (LogUtils.java:warn(134)) - ee46b013-4f8a-4e1e-9d21-4cc7a5f61f32@group-169A166C894B->7a6ae757-b1cb-4520-a3e0-bcfac033e2fd-AppendLogResponseHandler: Failed appendEntries: org.apache.ratis.thirdparty.io.grpc.StatusRuntimeException: UNAVAILABLE: io exception
2019-10-15 03:21:27,730 [grpc-default-executor-2] INFO  impl.FollowerInfo (FollowerInfo.java:lambda$new$0(51)) - ee46b013-4f8a-4e1e-9d21-4cc7a5f61f32@group-169A166C894B->7a6ae757-b1cb-4520-a3e0-bcfac033e2fd: nextIndex: updateUnconditionally 15 -> 14
2019-10-15 03:21:27,838 [EventQueue-StaleNodeForStaleNodeHandler] INFO  node.StaleNodeHandler (StaleNodeHandler.java:onMessage(58)) - Datanode ee46b013-4f8a-4e1e-9d21-4cc7a5f61f32{ip: 192.168.157.236, host: pr-hdds-2278-dv8k5-3424803466, networkLocation: /default-rack, certSerialId: null} moved to stale state. Finalizing its pipelines [PipelineID=eb84a5c3-aa1a-4e25-9e37-169a166c894b, PipelineID=89caee7d-bad2-4b8f-8385-e06a9d54aedd]
2019-10-15 03:21:27,838 [EventQueue-StaleNodeForStaleNodeHandler] INFO  pipeline.SCMPipelineManager (SCMPipelineManager.java:finalizeAndDestroyPipeline(315)) - destroying pipeline:Pipeline[ Id: eb84a5c3-aa1a-4e25-9e37-169a166c894b, Nodes: 7a6ae757-b1cb-4520-a3e0-bcfac033e2fd{ip: 192.168.157.236, host: pr-hdds-2278-dv8k5-3424803466, networkLocation: /default-rack, certSerialId: null}ee46b013-4f8a-4e1e-9d21-4cc7a5f61f32{ip: 192.168.157.236, host: pr-hdds-2278-dv8k5-3424803466, networkLocation: /default-rack, certSerialId: null}1974a9a1-a6f9-4483-963f-44bc27f0fbdf{ip: 192.168.157.236, host: pr-hdds-2278-dv8k5-3424803466, networkLocation: /default-rack, certSerialId: null}, Type:RATIS, Factor:THREE, State:CLOSED]
2019-10-15 03:21:27,839 [EventQueue-StaleNodeForStaleNodeHandler] INFO  pipeline.SCMPipelineManager (SCMPipelineManager.java:finalizeAndDestroyPipeline(315)) - destroying pipeline:Pipeline[ Id: 89caee7d-bad2-4b8f-8385-e06a9d54aedd, Nodes: ee46b013-4f8a-4e1e-9d21-4cc7a5f61f32{ip: 192.168.157.236, host: pr-hdds-2278-dv8k5-3424803466, networkLocation: /default-rack, certSerialId: null}, Type:RATIS, Factor:ONE, State:OPEN]
2019-10-15 03:21:27,839 [EventQueue-StaleNodeForStaleNodeHandler] INFO  pipeline.PipelineStateManager (PipelineStateManager.java:finalizePipeline(123)) - Pipeline Pipeline[ Id: 89caee7d-bad2-4b8f-8385-e06a9d54aedd, Nodes: ee46b013-4f8a-4e1e-9d21-4cc7a5f61f32{ip: 192.168.157.236, host: pr-hdds-2278-dv8k5-3424803466, networkLocation: /default-rack, certSerialId: null}, Type:RATIS, Factor:ONE, State:CLOSED] moved to CLOSED state
2019-10-15 03:21:27,969 [main] INFO  ozoneimpl.OzoneContainer (OzoneContainer.java:stop(227)) - Attempting to stop container services.
2019-10-15 03:21:27,972 [main] INFO  impl.RaftServerProxy (RaftServerProxy.java:lambda$close$4(314)) - ee46b013-4f8a-4e1e-9d21-4cc7a5f61f32: close
2019-10-15 03:21:27,972 [main] INFO  impl.RaftServerImpl (RaftServerImpl.java:lambda$shutdown$3(247)) - ee46b013-4f8a-4e1e-9d21-4cc7a5f61f32@group-169A166C894B: shutdown
2019-10-15 03:21:27,973 [ForkJoinPool.commonPool-worker-0] INFO  impl.RaftServerImpl (RaftServerImpl.java:lambda$shutdown$3(247)) - ee46b013-4f8a-4e1e-9d21-4cc7a5f61f32@group-E06A9D54AEDD: shutdown
2019-10-15 03:21:27,973 [main] INFO  util.JmxRegister (JmxRegister.java:unregister(73)) - Successfully un-registered JMX Bean with object name Ratis:service=RaftServer,group=group-169A166C894B,id=ee46b013-4f8a-4e1e-9d21-4cc7a5f61f32
2019-10-15 03:21:27,973 [ForkJoinPool.commonPool-worker-0] INFO  util.JmxRegister (JmxRegister.java:unregister(73)) - Successfully un-registered JMX Bean with object name Ratis:service=RaftServer,group=group-E06A9D54AEDD,id=ee46b013-4f8a-4e1e-9d21-4cc7a5f61f32
2019-10-15 03:21:27,973 [main] INFO  impl.RoleInfo (RoleInfo.java:shutdownLeaderState(104)) - ee46b013-4f8a-4e1e-9d21-4cc7a5f61f32: shutdown LeaderState
2019-10-15 03:21:27,974 [ForkJoinPool.commonPool-worker-0] INFO  impl.RoleInfo (RoleInfo.java:shutdownLeaderState(104)) - ee46b013-4f8a-4e1e-9d21-4cc7a5f61f32: shutdown LeaderState
2019-10-15 03:21:27,978 [main] INFO  impl.PendingRequests (PendingRequests.java:sendNotLeaderResponses(202)) - ee46b013-4f8a-4e1e-9d21-4cc7a5f61f32@group-169A166C894B-PendingRequests: sendNotLeaderResponses
2019-10-15 03:21:27,979 [org.apache.ratis.server.impl.LogAppender$AppenderDaemon$$Lambda$517/1822991427@1f4ad4d0] WARN  server.GrpcLogAppender (GrpcLogAppender.java:mayWait(143)) - ee46b013-4f8a-4e1e-9d21-4cc7a5f61f32@group-169A166C894B->1974a9a1-a6f9-4483-963f-44bc27f0fbdf-GrpcLogAppender: Wait interrupted by java.lang.InterruptedException
2019-10-15 03:21:27,979 [ForkJoinPool.commonPool-worker-0] INFO  impl.PendingRequests (PendingRequests.java:sendNotLeaderResponses(202)) - ee46b013-4f8a-4e1e-9d21-4cc7a5f61f32@group-E06A9D54AEDD-PendingRequests: sendNotLeaderResponses
2019-10-15 03:21:27,979 [org.apache.ratis.server.impl.LogAppender$AppenderDaemon$$Lambda$517/1822991427@7f9bf7b] WARN  server.GrpcLogAppender (GrpcLogAppender.java:mayWait(143)) - ee46b013-4f8a-4e1e-9d21-4cc7a5f61f32@group-169A166C894B->7a6ae757-b1cb-4520-a3e0-bcfac033e2fd-GrpcLogAppender: Wait interrupted by java.lang.InterruptedException
2019-10-15 03:21:27,980 [ForkJoinPool.commonPool-worker-0] INFO  impl.StateMachineUpdater (StateMachineUpdater.java:stopAndJoin(136)) - ee46b013-4f8a-4e1e-9d21-4cc7a5f61f32@group-E06A9D54AEDD-StateMachineUpdater: set stopIndex = 0
2019-10-15 03:21:27,981 [ForkJoinPool.commonPool-worker-0] INFO  impl.RaftServerImpl (ServerState.java:close(387)) - ee46b013-4f8a-4e1e-9d21-4cc7a5f61f32@group-E06A9D54AEDD: closes. applyIndex: 0
2019-10-15 03:21:27,981 [ee46b013-4f8a-4e1e-9d21-4cc7a5f61f32@group-E06A9D54AEDD-SegmentedRaftLogWorker] INFO  segmented.SegmentedRaftLogWorker (SegmentedRaftLogWorker.java:run(316)) - ee46b013-4f8a-4e1e-9d21-4cc7a5f61f32@group-E06A9D54AEDD-SegmentedRaftLogWorker was interrupted, exiting. There are 0 tasks remaining in the queue.
2019-10-15 03:21:27,984 [grpc-default-executor-2] INFO  server.GrpcServerProtocolService (GrpcServerProtocolService.java:onCompleted(113)) - 1974a9a1-a6f9-4483-963f-44bc27f0fbdf: Completed APPEND_ENTRIES, lastRequest: ee46b013-4f8a-4e1e-9d21-4cc7a5f61f32->1974a9a1-a6f9-4483-963f-44bc27f0fbdf#21-t1, previous=(t:1, i:16), leaderCommit=16, initializing? false, entries: <empty>
2019-10-15 03:21:27,984 [ForkJoinPool.commonPool-worker-0] INFO  segmented.SegmentedRaftLogWorker (SegmentedRaftLogWorker.java:close(224)) - ee46b013-4f8a-4e1e-9d21-4cc7a5f61f32@group-E06A9D54AEDD-SegmentedRaftLogWorker close()
2019-10-15 03:21:27,993 [grpc-default-executor-2] INFO  server.GrpcLogAppender (GrpcLogAppender.java:onCompleted(293)) - ee46b013-4f8a-4e1e-9d21-4cc7a5f61f32@group-169A166C894B->1974a9a1-a6f9-4483-963f-44bc27f0fbdf-AppendLogResponseHandler: follower responses appendEntries COMPLETED
2019-10-15 03:21:27,994 [main] INFO  impl.StateMachineUpdater (StateMachineUpdater.java:stopAndJoin(136)) - ee46b013-4f8a-4e1e-9d21-4cc7a5f61f32@group-169A166C894B-StateMachineUpdater: set stopIndex = 16
2019-10-15 03:21:27,995 [ee46b013-4f8a-4e1e-9d21-4cc7a5f61f32@group-169A166C894B-StateMachineUpdater] INFO  ratis.ContainerStateMachine (ContainerStateMachine.java:takeSnapshot(294)) - group-169A166C894B: Taking a snapshot at:(t:1, i:14) file /workdir/hadoop-ozone/integration-test/target/test-dir/MiniOzoneClusterImpl-747bb6ba-742f-4335-8eef-883d7ad25d26/datanode-0/data/ratis/eb84a5c3-aa1a-4e25-9e37-169a166c894b/sm/snapshot.1_14
2019-10-15 03:21:27,996 [grpc-default-executor-2] INFO  impl.FollowerInfo (FollowerInfo.java:lambda$new$0(51)) - ee46b013-4f8a-4e1e-9d21-4cc7a5f61f32@group-169A166C894B->1974a9a1-a6f9-4483-963f-44bc27f0fbdf: nextIndex: updateUnconditionally 17 -> 16
2019-10-15 03:21:28,043 [ee46b013-4f8a-4e1e-9d21-4cc7a5f61f32@group-169A166C894B-StateMachineUpdater] INFO  ratis.ContainerStateMachine (ContainerStateMachine.java:takeSnapshot(305)) - group-169A166C894B: Finished taking a snapshot at:(t:1, i:14) file:/workdir/hadoop-ozone/integration-test/target/test-dir/MiniOzoneClusterImpl-747bb6ba-742f-4335-8eef-883d7ad25d26/datanode-0/data/ratis/eb84a5c3-aa1a-4e25-9e37-169a166c894b/sm/snapshot.1_14 time:49
2019-10-15 03:21:28,043 [ee46b013-4f8a-4e1e-9d21-4cc7a5f61f32@group-169A166C894B-StateMachineUpdater] INFO  impl.StateMachineUpdater (StateMachineUpdater.java:takeSnapshot(269)) - ee46b013-4f8a-4e1e-9d21-4cc7a5f61f32@group-169A166C894B-StateMachineUpdater: Took a snapshot at index 14
2019-10-15 03:21:28,043 [ee46b013-4f8a-4e1e-9d21-4cc7a5f61f32@group-169A166C894B-StateMachineUpdater] INFO  impl.StateMachineUpdater (StateMachineUpdater.java:lambda$new$0(84)) - ee46b013-4f8a-4e1e-9d21-4cc7a5f61f32@group-169A166C894B-StateMachineUpdater: snapshotIndex: updateIncreasingly -1 -> 14
2019-10-15 03:21:28,044 [ee46b013-4f8a-4e1e-9d21-4cc7a5f61f32@group-169A166C894B-StateMachineUpdater] INFO  ratis.ContainerStateMachine (ContainerStateMachine.java:takeSnapshot(294)) - group-169A166C894B: Taking a snapshot at:(t:1, i:14) file /workdir/hadoop-ozone/integration-test/target/test-dir/MiniOzoneClusterImpl-747bb6ba-742f-4335-8eef-883d7ad25d26/datanode-0/data/ratis/eb84a5c3-aa1a-4e25-9e37-169a166c894b/sm/snapshot.1_14
2019-10-15 03:21:28,094 [ee46b013-4f8a-4e1e-9d21-4cc7a5f61f32@group-169A166C894B-StateMachineUpdater] INFO  ratis.ContainerStateMachine (ContainerStateMachine.java:takeSnapshot(305)) - group-169A166C894B: Finished taking a snapshot at:(t:1, i:14) file:/workdir/hadoop-ozone/integration-test/target/test-dir/MiniOzoneClusterImpl-747bb6ba-742f-4335-8eef-883d7ad25d26/datanode-0/data/ratis/eb84a5c3-aa1a-4e25-9e37-169a166c894b/sm/snapshot.1_14 time:51
2019-10-15 03:21:28,094 [ee46b013-4f8a-4e1e-9d21-4cc7a5f61f32@group-169A166C894B-StateMachineUpdater] INFO  impl.StateMachineUpdater (StateMachineUpdater.java:takeSnapshot(269)) - ee46b013-4f8a-4e1e-9d21-4cc7a5f61f32@group-169A166C894B-StateMachineUpdater: Took a snapshot at index 14
2019-10-15 03:21:28,095 [ee46b013-4f8a-4e1e-9d21-4cc7a5f61f32@group-169A166C894B-StateMachineUpdater] INFO  impl.StateMachineUpdater (StateMachineUpdater.java:lambda$new$0(84)) - ee46b013-4f8a-4e1e-9d21-4cc7a5f61f32@group-169A166C894B-StateMachineUpdater: snapshotIndex: updateIncreasingly 14 -> 14
2019-10-15 03:21:28,095 [main] INFO  impl.RaftServerImpl (ServerState.java:close(387)) - ee46b013-4f8a-4e1e-9d21-4cc7a5f61f32@group-169A166C894B: closes. applyIndex: 16
2019-10-15 03:21:28,095 [ee46b013-4f8a-4e1e-9d21-4cc7a5f61f32@group-169A166C894B-SegmentedRaftLogWorker] INFO  segmented.SegmentedRaftLogWorker (SegmentedRaftLogWorker.java:run(316)) - ee46b013-4f8a-4e1e-9d21-4cc7a5f61f32@group-169A166C894B-SegmentedRaftLogWorker was interrupted, exiting. There are 0 tasks remaining in the queue.
2019-10-15 03:21:28,098 [main] INFO  segmented.SegmentedRaftLogWorker (SegmentedRaftLogWorker.java:close(224)) - ee46b013-4f8a-4e1e-9d21-4cc7a5f61f32@group-169A166C894B-SegmentedRaftLogWorker close()
2019-10-15 03:21:28,101 [main] INFO  server.GrpcService (GrpcService.java:closeImpl(164)) - ee46b013-4f8a-4e1e-9d21-4cc7a5f61f32: shutdown server with port 33603 now
2019-10-15 03:21:28,106 [main] INFO  server.GrpcService (GrpcService.java:closeImpl(172)) - ee46b013-4f8a-4e1e-9d21-4cc7a5f61f32: shutdown server with port 33603 successfully
2019-10-15 03:21:28,108 [grpc-default-executor-3] WARN  client.GrpcClientProtocolService (LogUtils.java:warn(134)) - 2-UnorderedRequestStreamObserver2: onError: org.apache.ratis.thirdparty.io.grpc.StatusRuntimeException: CANCELLED: cancelled before receiving half close
2019-10-15 03:21:28,109 [refreshUsed-/workdir/hadoop-ozone/integration-test/target/test-dir/MiniOzoneClusterImpl-747bb6ba-742f-4335-8eef-883d7ad25d26/datanode-0/data/containers] WARN  fs.CachingGetSpaceUsed (CachingGetSpaceUsed.java:run(183)) - Thread Interrupted waiting to refresh disk information: sleep interrupted
2019-10-15 03:21:28,133 [main] INFO  utils.BackgroundService (BackgroundService.java:shutdown(151)) - Shutting down service BlockDeletingService
2019-10-15 03:21:28,137 [main] INFO  statemachine.DatanodeStateMachine (DatanodeStateMachine.java:stopDaemon(395)) - Ozone container server stopped.
2019-10-15 03:21:28,139 [main] INFO  handler.ContextHandler (ContextHandler.java:doStop(910)) - Stopped o.e.j.w.WebAppContext@22a6e998{/,null,UNAVAILABLE}{/hddsDatanode}
2019-10-15 03:21:28,140 [main] INFO  server.AbstractConnector (AbstractConnector.java:doStop(318)) - Stopped ServerConnector@55e42449{HTTP/1.1,[http/1.1]}{0.0.0.0:0}
2019-10-15 03:21:28,140 [main] INFO  handler.ContextHandler (ContextHandler.java:doStop(910)) - Stopped o.e.j.s.ServletContextHandler@476fe690{/static,jar:file:/home/user/.m2/repository/org/apache/hadoop/hadoop-hdds-container-service/0.5.0-SNAPSHOT/hadoop-hdds-container-service-0.5.0-SNAPSHOT.jar!/webapps/static,UNAVAILABLE}
2019-10-15 03:21:28,141 [main] INFO  handler.ContextHandler (ContextHandler.java:doStop(910)) - Stopped o.e.j.s.ServletContextHandler@65b97f47{/logs,file:///workdir/hadoop-ozone/integration-test/target/log,UNAVAILABLE}
2019-10-15 03:21:36,261 [Thread-315] INFO  impl.FollowerState (FollowerState.java:run(108)) - 1974a9a1-a6f9-4483-963f-44bc27f0fbdf@group-169A166C894B-FollowerState: change to CANDIDATE, lastRpcTime:8533ms, electionTimeout:5043ms
2019-10-15 03:21:36,261 [Thread-315] INFO  impl.RoleInfo (RoleInfo.java:shutdownFollowerState(121)) - 1974a9a1-a6f9-4483-963f-44bc27f0fbdf: shutdown FollowerState
2019-10-15 03:21:36,262 [Thread-315] INFO  impl.RaftServerImpl (RaftServerImpl.java:setRole(170)) - 1974a9a1-a6f9-4483-963f-44bc27f0fbdf@group-169A166C894B: changes role from  FOLLOWER to CANDIDATE at term 1 for changeToCandidate
2019-10-15 03:21:36,262 [Thread-315] INFO  impl.RoleInfo (RoleInfo.java:updateAndGet(143)) - 1974a9a1-a6f9-4483-963f-44bc27f0fbdf: start LeaderElection
2019-10-15 03:21:36,265 [1974a9a1-a6f9-4483-963f-44bc27f0fbdf@group-169A166C894B-LeaderElection14] INFO  impl.RaftServerImpl (ServerState.java:setLeader(255)) - 1974a9a1-a6f9-4483-963f-44bc27f0fbdf@group-169A166C894B: change Leader from ee46b013-4f8a-4e1e-9d21-4cc7a5f61f32 to null at term 1 for initElection
2019-10-15 03:21:36,309 [1974a9a1-a6f9-4483-963f-44bc27f0fbdf@group-169A166C894B-LeaderElection14] INFO  impl.LeaderElection (LeaderElection.java:askForVotes(178)) - 1974a9a1-a6f9-4483-963f-44bc27f0fbdf@group-169A166C894B-LeaderElection14: begin an election at term 2 for 0: [7a6ae757-b1cb-4520-a3e0-bcfac033e2fd:192.168.157.236:40701, ee46b013-4f8a-4e1e-9d21-4cc7a5f61f32:192.168.157.236:33603, 1974a9a1-a6f9-4483-963f-44bc27f0fbdf:192.168.157.236:45308], old=null
2019-10-15 03:21:36,317 [1974a9a1-a6f9-4483-963f-44bc27f0fbdf@group-169A166C894B-LeaderElection14] INFO  impl.LeaderElection (LogUtils.java:infoOrTrace(149)) - 1974a9a1-a6f9-4483-963f-44bc27f0fbdf@group-169A166C894B-LeaderElection14 got exception when requesting votes: {}
java.util.concurrent.ExecutionException: org.apache.ratis.thirdparty.io.grpc.StatusRuntimeException: UNAVAILABLE: io exception
	at java.util.concurrent.FutureTask.report(FutureTask.java:122)
	at java.util.concurrent.FutureTask.get(FutureTask.java:192)
	at org.apache.ratis.server.impl.LeaderElection.waitForResults(LeaderElection.java:259)
	at org.apache.ratis.server.impl.LeaderElection.askForVotes(LeaderElection.java:197)
	at org.apache.ratis.server.impl.LeaderElection.run(LeaderElection.java:133)
	at java.lang.Thread.run(Thread.java:748)
Caused by: org.apache.ratis.thirdparty.io.grpc.StatusRuntimeException: UNAVAILABLE: io exception
	at org.apache.ratis.thirdparty.io.grpc.stub.ClientCalls.toStatusRuntimeException(ClientCalls.java:233)
	at org.apache.ratis.thirdparty.io.grpc.stub.ClientCalls.getUnchecked(ClientCalls.java:214)
	at org.apache.ratis.thirdparty.io.grpc.stub.ClientCalls.blockingUnaryCall(ClientCalls.java:139)
	at org.apache.ratis.proto.grpc.RaftServerProtocolServiceGrpc$RaftServerProtocolServiceBlockingStub.requestVote(RaftServerProtocolServiceGrpc.java:265)
	at org.apache.ratis.grpc.server.GrpcServerProtocolClient.requestVote(GrpcServerProtocolClient.java:99)
	at org.apache.ratis.grpc.server.GrpcService.requestVote(GrpcService.java:204)
	at org.apache.ratis.server.impl.LeaderElection.lambda$submitRequests$1(LeaderElection.java:234)
	at java.util.concurrent.FutureTask.run(FutureTask.java:266)
	at java.util.concurrent.Executors$RunnableAdapter.call(Executors.java:511)
	at java.util.concurrent.FutureTask.run(FutureTask.java:266)
	at java.util.concurrent.ThreadPoolExecutor.runWorker(ThreadPoolExecutor.java:1149)
	at java.util.concurrent.ThreadPoolExecutor$Worker.run(ThreadPoolExecutor.java:624)
	... 1 more
Caused by: org.apache.ratis.thirdparty.io.netty.channel.AbstractChannel$AnnotatedConnectException: Connection refused: /192.168.157.236:33603
	at sun.nio.ch.SocketChannelImpl.checkConnect(Native Method)
	at sun.nio.ch.SocketChannelImpl.finishConnect(SocketChannelImpl.java:717)
	at org.apache.ratis.thirdparty.io.netty.channel.socket.nio.NioSocketChannel.doFinishConnect(NioSocketChannel.java:327)
	at org.apache.ratis.thirdparty.io.netty.channel.nio.AbstractNioChannel$AbstractNioUnsafe.finishConnect(AbstractNioChannel.java:340)
	at org.apache.ratis.thirdparty.io.netty.channel.nio.NioEventLoop.processSelectedKey(NioEventLoop.java:632)
	at org.apache.ratis.thirdparty.io.netty.channel.nio.NioEventLoop.processSelectedKeysOptimized(NioEventLoop.java:579)
	at org.apache.ratis.thirdparty.io.netty.channel.nio.NioEventLoop.processSelectedKeys(NioEventLoop.java:496)
	at org.apache.ratis.thirdparty.io.netty.channel.nio.NioEventLoop.run(NioEventLoop.java:458)
	at org.apache.ratis.thirdparty.io.netty.util.concurrent.SingleThreadEventExecutor$5.run(SingleThreadEventExecutor.java:897)
	at org.apache.ratis.thirdparty.io.netty.util.concurrent.FastThreadLocalRunnable.run(FastThreadLocalRunnable.java:30)
	... 1 more
Caused by: java.net.ConnectException: Connection refused
	... 11 more
2019-10-15 03:21:36,322 [1974a9a1-a6f9-4483-963f-44bc27f0fbdf@group-169A166C894B-LeaderElection14] INFO  impl.LeaderElection (LogUtils.java:infoOrTrace(149)) - 1974a9a1-a6f9-4483-963f-44bc27f0fbdf@group-169A166C894B-LeaderElection14 got exception when requesting votes: {}
java.util.concurrent.ExecutionException: org.apache.ratis.thirdparty.io.grpc.StatusRuntimeException: UNAVAILABLE: io exception
	at java.util.concurrent.FutureTask.report(FutureTask.java:122)
	at java.util.concurrent.FutureTask.get(FutureTask.java:192)
	at org.apache.ratis.server.impl.LeaderElection.waitForResults(LeaderElection.java:259)
	at org.apache.ratis.server.impl.LeaderElection.askForVotes(LeaderElection.java:197)
	at org.apache.ratis.server.impl.LeaderElection.run(LeaderElection.java:133)
	at java.lang.Thread.run(Thread.java:748)
Caused by: org.apache.ratis.thirdparty.io.grpc.StatusRuntimeException: UNAVAILABLE: io exception
	at org.apache.ratis.thirdparty.io.grpc.stub.ClientCalls.toStatusRuntimeException(ClientCalls.java:233)
	at org.apache.ratis.thirdparty.io.grpc.stub.ClientCalls.getUnchecked(ClientCalls.java:214)
	at org.apache.ratis.thirdparty.io.grpc.stub.ClientCalls.blockingUnaryCall(ClientCalls.java:139)
	at org.apache.ratis.proto.grpc.RaftServerProtocolServiceGrpc$RaftServerProtocolServiceBlockingStub.requestVote(RaftServerProtocolServiceGrpc.java:265)
	at org.apache.ratis.grpc.server.GrpcServerProtocolClient.requestVote(GrpcServerProtocolClient.java:99)
	at org.apache.ratis.grpc.server.GrpcService.requestVote(GrpcService.java:204)
	at org.apache.ratis.server.impl.LeaderElection.lambda$submitRequests$1(LeaderElection.java:234)
	at java.util.concurrent.FutureTask.run(FutureTask.java:266)
	at java.util.concurrent.Executors$RunnableAdapter.call(Executors.java:511)
	at java.util.concurrent.FutureTask.run(FutureTask.java:266)
	at java.util.concurrent.ThreadPoolExecutor.runWorker(ThreadPoolExecutor.java:1149)
	at java.util.concurrent.ThreadPoolExecutor$Worker.run(ThreadPoolExecutor.java:624)
	... 1 more
Caused by: org.apache.ratis.thirdparty.io.netty.channel.AbstractChannel$AnnotatedConnectException: Connection refused: /192.168.157.236:40701
	at sun.nio.ch.SocketChannelImpl.checkConnect(Native Method)
	at sun.nio.ch.SocketChannelImpl.finishConnect(SocketChannelImpl.java:717)
	at org.apache.ratis.thirdparty.io.netty.channel.socket.nio.NioSocketChannel.doFinishConnect(NioSocketChannel.java:327)
	at org.apache.ratis.thirdparty.io.netty.channel.nio.AbstractNioChannel$AbstractNioUnsafe.finishConnect(AbstractNioChannel.java:340)
	at org.apache.ratis.thirdparty.io.netty.channel.nio.NioEventLoop.processSelectedKey(NioEventLoop.java:632)
	at org.apache.ratis.thirdparty.io.netty.channel.nio.NioEventLoop.processSelectedKeysOptimized(NioEventLoop.java:579)
	at org.apache.ratis.thirdparty.io.netty.channel.nio.NioEventLoop.processSelectedKeys(NioEventLoop.java:496)
	at org.apache.ratis.thirdparty.io.netty.channel.nio.NioEventLoop.run(NioEventLoop.java:458)
	at org.apache.ratis.thirdparty.io.netty.util.concurrent.SingleThreadEventExecutor$5.run(SingleThreadEventExecutor.java:897)
	at org.apache.ratis.thirdparty.io.netty.util.concurrent.FastThreadLocalRunnable.run(FastThreadLocalRunnable.java:30)
	... 1 more
Caused by: java.net.ConnectException: Connection refused
	... 11 more
2019-10-15 03:21:36,325 [1974a9a1-a6f9-4483-963f-44bc27f0fbdf@group-169A166C894B-LeaderElection14] INFO  impl.LeaderElection (LeaderElection.java:logAndReturn(56)) - 1974a9a1-a6f9-4483-963f-44bc27f0fbdf@group-169A166C894B-LeaderElection14: Election REJECTED; received 0 response(s) [] and 2 exception(s); 1974a9a1-a6f9-4483-963f-44bc27f0fbdf@group-169A166C894B:t2, leader=null, voted=1974a9a1-a6f9-4483-963f-44bc27f0fbdf, raftlog=1974a9a1-a6f9-4483-963f-44bc27f0fbdf@group-169A166C894B-SegmentedRaftLog:OPENED:c16,f16,i16, conf=0: [7a6ae757-b1cb-4520-a3e0-bcfac033e2fd:192.168.157.236:40701, ee46b013-4f8a-4e1e-9d21-4cc7a5f61f32:192.168.157.236:33603, 1974a9a1-a6f9-4483-963f-44bc27f0fbdf:192.168.157.236:45308], old=null
2019-10-15 03:21:36,326 [1974a9a1-a6f9-4483-963f-44bc27f0fbdf@group-169A166C894B-LeaderElection14] INFO  impl.LeaderElection (LogUtils.java:infoOrTrace(149)) -   Exception 0: {}
java.util.concurrent.ExecutionException: org.apache.ratis.thirdparty.io.grpc.StatusRuntimeException: UNAVAILABLE: io exception
	at java.util.concurrent.FutureTask.report(FutureTask.java:122)
	at java.util.concurrent.FutureTask.get(FutureTask.java:192)
	at org.apache.ratis.server.impl.LeaderElection.waitForResults(LeaderElection.java:259)
	at org.apache.ratis.server.impl.LeaderElection.askForVotes(LeaderElection.java:197)
	at org.apache.ratis.server.impl.LeaderElection.run(LeaderElection.java:133)
	at java.lang.Thread.run(Thread.java:748)
Caused by: org.apache.ratis.thirdparty.io.grpc.StatusRuntimeException: UNAVAILABLE: io exception
	at org.apache.ratis.thirdparty.io.grpc.stub.ClientCalls.toStatusRuntimeException(ClientCalls.java:233)
	at org.apache.ratis.thirdparty.io.grpc.stub.ClientCalls.getUnchecked(ClientCalls.java:214)
	at org.apache.ratis.thirdparty.io.grpc.stub.ClientCalls.blockingUnaryCall(ClientCalls.java:139)
	at org.apache.ratis.proto.grpc.RaftServerProtocolServiceGrpc$RaftServerProtocolServiceBlockingStub.requestVote(RaftServerProtocolServiceGrpc.java:265)
	at org.apache.ratis.grpc.server.GrpcServerProtocolClient.requestVote(GrpcServerProtocolClient.java:99)
	at org.apache.ratis.grpc.server.GrpcService.requestVote(GrpcService.java:204)
	at org.apache.ratis.server.impl.LeaderElection.lambda$submitRequests$1(LeaderElection.java:234)
	at java.util.concurrent.FutureTask.run(FutureTask.java:266)
	at java.util.concurrent.Executors$RunnableAdapter.call(Executors.java:511)
	at java.util.concurrent.FutureTask.run(FutureTask.java:266)
	at java.util.concurrent.ThreadPoolExecutor.runWorker(ThreadPoolExecutor.java:1149)
	at java.util.concurrent.ThreadPoolExecutor$Worker.run(ThreadPoolExecutor.java:624)
	... 1 more
Caused by: org.apache.ratis.thirdparty.io.netty.channel.AbstractChannel$AnnotatedConnectException: Connection refused: /192.168.157.236:33603
	at sun.nio.ch.SocketChannelImpl.checkConnect(Native Method)
	at sun.nio.ch.SocketChannelImpl.finishConnect(SocketChannelImpl.java:717)
	at org.apache.ratis.thirdparty.io.netty.channel.socket.nio.NioSocketChannel.doFinishConnect(NioSocketChannel.java:327)
	at org.apache.ratis.thirdparty.io.netty.channel.nio.AbstractNioChannel$AbstractNioUnsafe.finishConnect(AbstractNioChannel.java:340)
	at org.apache.ratis.thirdparty.io.netty.channel.nio.NioEventLoop.processSelectedKey(NioEventLoop.java:632)
	at org.apache.ratis.thirdparty.io.netty.channel.nio.NioEventLoop.processSelectedKeysOptimized(NioEventLoop.java:579)
	at org.apache.ratis.thirdparty.io.netty.channel.nio.NioEventLoop.processSelectedKeys(NioEventLoop.java:496)
	at org.apache.ratis.thirdparty.io.netty.channel.nio.NioEventLoop.run(NioEventLoop.java:458)
	at org.apache.ratis.thirdparty.io.netty.util.concurrent.SingleThreadEventExecutor$5.run(SingleThreadEventExecutor.java:897)
	at org.apache.ratis.thirdparty.io.netty.util.concurrent.FastThreadLocalRunnable.run(FastThreadLocalRunnable.java:30)
	... 1 more
Caused by: java.net.ConnectException: Connection refused
	... 11 more
2019-10-15 03:21:36,327 [1974a9a1-a6f9-4483-963f-44bc27f0fbdf@group-169A166C894B-LeaderElection14] INFO  impl.LeaderElection (LogUtils.java:infoOrTrace(149)) -   Exception 1: {}
java.util.concurrent.ExecutionException: org.apache.ratis.thirdparty.io.grpc.StatusRuntimeException: UNAVAILABLE: io exception
	at java.util.concurrent.FutureTask.report(FutureTask.java:122)
	at java.util.concurrent.FutureTask.get(FutureTask.java:192)
	at org.apache.ratis.server.impl.LeaderElection.waitForResults(LeaderElection.java:259)
	at org.apache.ratis.server.impl.LeaderElection.askForVotes(LeaderElection.java:197)
	at org.apache.ratis.server.impl.LeaderElection.run(LeaderElection.java:133)
	at java.lang.Thread.run(Thread.java:748)
Caused by: org.apache.ratis.thirdparty.io.grpc.StatusRuntimeException: UNAVAILABLE: io exception
	at org.apache.ratis.thirdparty.io.grpc.stub.ClientCalls.toStatusRuntimeException(ClientCalls.java:233)
	at org.apache.ratis.thirdparty.io.grpc.stub.ClientCalls.getUnchecked(ClientCalls.java:214)
	at org.apache.ratis.thirdparty.io.grpc.stub.ClientCalls.blockingUnaryCall(ClientCalls.java:139)
	at org.apache.ratis.proto.grpc.RaftServerProtocolServiceGrpc$RaftServerProtocolServiceBlockingStub.requestVote(RaftServerProtocolServiceGrpc.java:265)
	at org.apache.ratis.grpc.server.GrpcServerProtocolClient.requestVote(GrpcServerProtocolClient.java:99)
	at org.apache.ratis.grpc.server.GrpcService.requestVote(GrpcService.java:204)
	at org.apache.ratis.server.impl.LeaderElection.lambda$submitRequests$1(LeaderElection.java:234)
	at java.util.concurrent.FutureTask.run(FutureTask.java:266)
	at java.util.concurrent.Executors$RunnableAdapter.call(Executors.java:511)
	at java.util.concurrent.FutureTask.run(FutureTask.java:266)
	at java.util.concurrent.ThreadPoolExecutor.runWorker(ThreadPoolExecutor.java:1149)
	at java.util.concurrent.ThreadPoolExecutor$Worker.run(ThreadPoolExecutor.java:624)
	... 1 more
Caused by: org.apache.ratis.thirdparty.io.netty.channel.AbstractChannel$AnnotatedConnectException: Connection refused: /192.168.157.236:40701
	at sun.nio.ch.SocketChannelImpl.checkConnect(Native Method)
	at sun.nio.ch.SocketChannelImpl.finishConnect(SocketChannelImpl.java:717)
	at org.apache.ratis.thirdparty.io.netty.channel.socket.nio.NioSocketChannel.doFinishConnect(NioSocketChannel.java:327)
	at org.apache.ratis.thirdparty.io.netty.channel.nio.AbstractNioChannel$AbstractNioUnsafe.finishConnect(AbstractNioChannel.java:340)
	at org.apache.ratis.thirdparty.io.netty.channel.nio.NioEventLoop.processSelectedKey(NioEventLoop.java:632)
	at org.apache.ratis.thirdparty.io.netty.channel.nio.NioEventLoop.processSelectedKeysOptimized(NioEventLoop.java:579)
	at org.apache.ratis.thirdparty.io.netty.channel.nio.NioEventLoop.processSelectedKeys(NioEventLoop.java:496)
	at org.apache.ratis.thirdparty.io.netty.channel.nio.NioEventLoop.run(NioEventLoop.java:458)
	at org.apache.ratis.thirdparty.io.netty.util.concurrent.SingleThreadEventExecutor$5.run(SingleThreadEventExecutor.java:897)
	at org.apache.ratis.thirdparty.io.netty.util.concurrent.FastThreadLocalRunnable.run(FastThreadLocalRunnable.java:30)
	... 1 more
Caused by: java.net.ConnectException: Connection refused
	... 11 more
2019-10-15 03:21:36,327 [1974a9a1-a6f9-4483-963f-44bc27f0fbdf@group-169A166C894B-LeaderElection14] INFO  impl.RaftServerImpl (RaftServerImpl.java:setRole(170)) - 1974a9a1-a6f9-4483-963f-44bc27f0fbdf@group-169A166C894B: changes role from CANDIDATE to FOLLOWER at term 2 for DISCOVERED_A_NEW_TERM
2019-10-15 03:21:36,330 [1974a9a1-a6f9-4483-963f-44bc27f0fbdf@group-169A166C894B-LeaderElection14] INFO  impl.RoleInfo (RoleInfo.java:shutdownLeaderElection(134)) - 1974a9a1-a6f9-4483-963f-44bc27f0fbdf: shutdown LeaderElection
2019-10-15 03:21:36,330 [1974a9a1-a6f9-4483-963f-44bc27f0fbdf@group-169A166C894B-LeaderElection14] INFO  impl.RoleInfo (RoleInfo.java:updateAndGet(143)) - 1974a9a1-a6f9-4483-963f-44bc27f0fbdf: start FollowerState
2019-10-15 03:21:41,401 [Thread-431] INFO  impl.FollowerState (FollowerState.java:run(108)) - 1974a9a1-a6f9-4483-963f-44bc27f0fbdf@group-169A166C894B-FollowerState: change to CANDIDATE, lastRpcTime:5071ms, electionTimeout:5060ms
2019-10-15 03:21:41,405 [Thread-431] INFO  impl.RoleInfo (RoleInfo.java:shutdownFollowerState(121)) - 1974a9a1-a6f9-4483-963f-44bc27f0fbdf: shutdown FollowerState
2019-10-15 03:21:41,405 [Thread-431] INFO  impl.RaftServerImpl (RaftServerImpl.java:setRole(170)) - 1974a9a1-a6f9-4483-963f-44bc27f0fbdf@group-169A166C894B: changes role from  FOLLOWER to CANDIDATE at term 2 for changeToCandidate
2019-10-15 03:21:41,405 [Thread-431] INFO  impl.RoleInfo (RoleInfo.java:updateAndGet(143)) - 1974a9a1-a6f9-4483-963f-44bc27f0fbdf: start LeaderElection
2019-10-15 03:21:41,443 [1974a9a1-a6f9-4483-963f-44bc27f0fbdf@group-169A166C894B-LeaderElection15] INFO  impl.LeaderElection (LeaderElection.java:askForVotes(178)) - 1974a9a1-a6f9-4483-963f-44bc27f0fbdf@group-169A166C894B-LeaderElection15: begin an election at term 3 for 0: [7a6ae757-b1cb-4520-a3e0-bcfac033e2fd:192.168.157.236:40701, ee46b013-4f8a-4e1e-9d21-4cc7a5f61f32:192.168.157.236:33603, 1974a9a1-a6f9-4483-963f-44bc27f0fbdf:192.168.157.236:45308], old=null
2019-10-15 03:21:41,445 [1974a9a1-a6f9-4483-963f-44bc27f0fbdf@group-169A166C894B-LeaderElection15] INFO  impl.LeaderElection (LogUtils.java:infoOrTrace(149)) - 1974a9a1-a6f9-4483-963f-44bc27f0fbdf@group-169A166C894B-LeaderElection15 got exception when requesting votes: {}
java.util.concurrent.ExecutionException: org.apache.ratis.thirdparty.io.grpc.StatusRuntimeException: UNAVAILABLE: io exception
	at java.util.concurrent.FutureTask.report(FutureTask.java:122)
	at java.util.concurrent.FutureTask.get(FutureTask.java:192)
	at org.apache.ratis.server.impl.LeaderElection.waitForResults(LeaderElection.java:259)
	at org.apache.ratis.server.impl.LeaderElection.askForVotes(LeaderElection.java:197)
	at org.apache.ratis.server.impl.LeaderElection.run(LeaderElection.java:133)
	at java.lang.Thread.run(Thread.java:748)
Caused by: org.apache.ratis.thirdparty.io.grpc.StatusRuntimeException: UNAVAILABLE: io exception
	at org.apache.ratis.thirdparty.io.grpc.stub.ClientCalls.toStatusRuntimeException(ClientCalls.java:233)
	at org.apache.ratis.thirdparty.io.grpc.stub.ClientCalls.getUnchecked(ClientCalls.java:214)
	at org.apache.ratis.thirdparty.io.grpc.stub.ClientCalls.blockingUnaryCall(ClientCalls.java:139)
	at org.apache.ratis.proto.grpc.RaftServerProtocolServiceGrpc$RaftServerProtocolServiceBlockingStub.requestVote(RaftServerProtocolServiceGrpc.java:265)
	at org.apache.ratis.grpc.server.GrpcServerProtocolClient.requestVote(GrpcServerProtocolClient.java:99)
	at org.apache.ratis.grpc.server.GrpcService.requestVote(GrpcService.java:204)
	at org.apache.ratis.server.impl.LeaderElection.lambda$submitRequests$1(LeaderElection.java:234)
	at java.util.concurrent.FutureTask.run(FutureTask.java:266)
	at java.util.concurrent.Executors$RunnableAdapter.call(Executors.java:511)
	at java.util.concurrent.FutureTask.run(FutureTask.java:266)
	at java.util.concurrent.ThreadPoolExecutor.runWorker(ThreadPoolExecutor.java:1149)
	at java.util.concurrent.ThreadPoolExecutor$Worker.run(ThreadPoolExecutor.java:624)
	... 1 more
Caused by: org.apache.ratis.thirdparty.io.netty.channel.AbstractChannel$AnnotatedConnectException: Connection refused: /192.168.157.236:33603
	at sun.nio.ch.SocketChannelImpl.checkConnect(Native Method)
	at sun.nio.ch.SocketChannelImpl.finishConnect(SocketChannelImpl.java:717)
	at org.apache.ratis.thirdparty.io.netty.channel.socket.nio.NioSocketChannel.doFinishConnect(NioSocketChannel.java:327)
	at org.apache.ratis.thirdparty.io.netty.channel.nio.AbstractNioChannel$AbstractNioUnsafe.finishConnect(AbstractNioChannel.java:340)
	at org.apache.ratis.thirdparty.io.netty.channel.nio.NioEventLoop.processSelectedKey(NioEventLoop.java:632)
	at org.apache.ratis.thirdparty.io.netty.channel.nio.NioEventLoop.processSelectedKeysOptimized(NioEventLoop.java:579)
	at org.apache.ratis.thirdparty.io.netty.channel.nio.NioEventLoop.processSelectedKeys(NioEventLoop.java:496)
	at org.apache.ratis.thirdparty.io.netty.channel.nio.NioEventLoop.run(NioEventLoop.java:458)
	at org.apache.ratis.thirdparty.io.netty.util.concurrent.SingleThreadEventExecutor$5.run(SingleThreadEventExecutor.java:897)
	at org.apache.ratis.thirdparty.io.netty.util.concurrent.FastThreadLocalRunnable.run(FastThreadLocalRunnable.java:30)
	... 1 more
Caused by: java.net.ConnectException: Connection refused
	... 11 more
2019-10-15 03:21:41,447 [1974a9a1-a6f9-4483-963f-44bc27f0fbdf@group-169A166C894B-LeaderElection15] INFO  impl.LeaderElection (LogUtils.java:infoOrTrace(149)) - 1974a9a1-a6f9-4483-963f-44bc27f0fbdf@group-169A166C894B-LeaderElection15 got exception when requesting votes: {}
java.util.concurrent.ExecutionException: org.apache.ratis.thirdparty.io.grpc.StatusRuntimeException: UNAVAILABLE: io exception
	at java.util.concurrent.FutureTask.report(FutureTask.java:122)
	at java.util.concurrent.FutureTask.get(FutureTask.java:192)
	at org.apache.ratis.server.impl.LeaderElection.waitForResults(LeaderElection.java:259)
	at org.apache.ratis.server.impl.LeaderElection.askForVotes(LeaderElection.java:197)
	at org.apache.ratis.server.impl.LeaderElection.run(LeaderElection.java:133)
	at java.lang.Thread.run(Thread.java:748)
Caused by: org.apache.ratis.thirdparty.io.grpc.StatusRuntimeException: UNAVAILABLE: io exception
	at org.apache.ratis.thirdparty.io.grpc.stub.ClientCalls.toStatusRuntimeException(ClientCalls.java:233)
	at org.apache.ratis.thirdparty.io.grpc.stub.ClientCalls.getUnchecked(ClientCalls.java:214)
	at org.apache.ratis.thirdparty.io.grpc.stub.ClientCalls.blockingUnaryCall(ClientCalls.java:139)
	at org.apache.ratis.proto.grpc.RaftServerProtocolServiceGrpc$RaftServerProtocolServiceBlockingStub.requestVote(RaftServerProtocolServiceGrpc.java:265)
	at org.apache.ratis.grpc.server.GrpcServerProtocolClient.requestVote(GrpcServerProtocolClient.java:99)
	at org.apache.ratis.grpc.server.GrpcService.requestVote(GrpcService.java:204)
	at org.apache.ratis.server.impl.LeaderElection.lambda$submitRequests$1(LeaderElection.java:234)
	at java.util.concurrent.FutureTask.run(FutureTask.java:266)
	at java.util.concurrent.Executors$RunnableAdapter.call(Executors.java:511)
	at java.util.concurrent.FutureTask.run(FutureTask.java:266)
	at java.util.concurrent.ThreadPoolExecutor.runWorker(ThreadPoolExecutor.java:1149)
	at java.util.concurrent.ThreadPoolExecutor$Worker.run(ThreadPoolExecutor.java:624)
	... 1 more
Caused by: org.apache.ratis.thirdparty.io.netty.channel.AbstractChannel$AnnotatedConnectException: Connection refused: /192.168.157.236:40701
	at sun.nio.ch.SocketChannelImpl.checkConnect(Native Method)
	at sun.nio.ch.SocketChannelImpl.finishConnect(SocketChannelImpl.java:717)
	at org.apache.ratis.thirdparty.io.netty.channel.socket.nio.NioSocketChannel.doFinishConnect(NioSocketChannel.java:327)
	at org.apache.ratis.thirdparty.io.netty.channel.nio.AbstractNioChannel$AbstractNioUnsafe.finishConnect(AbstractNioChannel.java:340)
	at org.apache.ratis.thirdparty.io.netty.channel.nio.NioEventLoop.processSelectedKey(NioEventLoop.java:632)
	at org.apache.ratis.thirdparty.io.netty.channel.nio.NioEventLoop.processSelectedKeysOptimized(NioEventLoop.java:579)
	at org.apache.ratis.thirdparty.io.netty.channel.nio.NioEventLoop.processSelectedKeys(NioEventLoop.java:496)
	at org.apache.ratis.thirdparty.io.netty.channel.nio.NioEventLoop.run(NioEventLoop.java:458)
	at org.apache.ratis.thirdparty.io.netty.util.concurrent.SingleThreadEventExecutor$5.run(SingleThreadEventExecutor.java:897)
	at org.apache.ratis.thirdparty.io.netty.util.concurrent.FastThreadLocalRunnable.run(FastThreadLocalRunnable.java:30)
	... 1 more
Caused by: java.net.ConnectException: Connection refused
	... 11 more
2019-10-15 03:21:41,449 [1974a9a1-a6f9-4483-963f-44bc27f0fbdf@group-169A166C894B-LeaderElection15] INFO  impl.LeaderElection (LeaderElection.java:logAndReturn(56)) - 1974a9a1-a6f9-4483-963f-44bc27f0fbdf@group-169A166C894B-LeaderElection15: Election REJECTED; received 0 response(s) [] and 2 exception(s); 1974a9a1-a6f9-4483-963f-44bc27f0fbdf@group-169A166C894B:t3, leader=null, voted=1974a9a1-a6f9-4483-963f-44bc27f0fbdf, raftlog=1974a9a1-a6f9-4483-963f-44bc27f0fbdf@group-169A166C894B-SegmentedRaftLog:OPENED:c16,f16,i16, conf=0: [7a6ae757-b1cb-4520-a3e0-bcfac033e2fd:192.168.157.236:40701, ee46b013-4f8a-4e1e-9d21-4cc7a5f61f32:192.168.157.236:33603, 1974a9a1-a6f9-4483-963f-44bc27f0fbdf:192.168.157.236:45308], old=null
2019-10-15 03:21:41,449 [1974a9a1-a6f9-4483-963f-44bc27f0fbdf@group-169A166C894B-LeaderElection15] INFO  impl.LeaderElection (LogUtils.java:infoOrTrace(149)) -   Exception 0: {}
java.util.concurrent.ExecutionException: org.apache.ratis.thirdparty.io.grpc.StatusRuntimeException: UNAVAILABLE: io exception
	at java.util.concurrent.FutureTask.report(FutureTask.java:122)
	at java.util.concurrent.FutureTask.get(FutureTask.java:192)
	at org.apache.ratis.server.impl.LeaderElection.waitForResults(LeaderElection.java:259)
	at org.apache.ratis.server.impl.LeaderElection.askForVotes(LeaderElection.java:197)
	at org.apache.ratis.server.impl.LeaderElection.run(LeaderElection.java:133)
	at java.lang.Thread.run(Thread.java:748)
Caused by: org.apache.ratis.thirdparty.io.grpc.StatusRuntimeException: UNAVAILABLE: io exception
	at org.apache.ratis.thirdparty.io.grpc.stub.ClientCalls.toStatusRuntimeException(ClientCalls.java:233)
	at org.apache.ratis.thirdparty.io.grpc.stub.ClientCalls.getUnchecked(ClientCalls.java:214)
	at org.apache.ratis.thirdparty.io.grpc.stub.ClientCalls.blockingUnaryCall(ClientCalls.java:139)
	at org.apache.ratis.proto.grpc.RaftServerProtocolServiceGrpc$RaftServerProtocolServiceBlockingStub.requestVote(RaftServerProtocolServiceGrpc.java:265)
	at org.apache.ratis.grpc.server.GrpcServerProtocolClient.requestVote(GrpcServerProtocolClient.java:99)
	at org.apache.ratis.grpc.server.GrpcService.requestVote(GrpcService.java:204)
	at org.apache.ratis.server.impl.LeaderElection.lambda$submitRequests$1(LeaderElection.java:234)
	at java.util.concurrent.FutureTask.run(FutureTask.java:266)
	at java.util.concurrent.Executors$RunnableAdapter.call(Executors.java:511)
	at java.util.concurrent.FutureTask.run(FutureTask.java:266)
	at java.util.concurrent.ThreadPoolExecutor.runWorker(ThreadPoolExecutor.java:1149)
	at java.util.concurrent.ThreadPoolExecutor$Worker.run(ThreadPoolExecutor.java:624)
	... 1 more
Caused by: org.apache.ratis.thirdparty.io.netty.channel.AbstractChannel$AnnotatedConnectException: Connection refused: /192.168.157.236:33603
	at sun.nio.ch.SocketChannelImpl.checkConnect(Native Method)
	at sun.nio.ch.SocketChannelImpl.finishConnect(SocketChannelImpl.java:717)
	at org.apache.ratis.thirdparty.io.netty.channel.socket.nio.NioSocketChannel.doFinishConnect(NioSocketChannel.java:327)
	at org.apache.ratis.thirdparty.io.netty.channel.nio.AbstractNioChannel$AbstractNioUnsafe.finishConnect(AbstractNioChannel.java:340)
	at org.apache.ratis.thirdparty.io.netty.channel.nio.NioEventLoop.processSelectedKey(NioEventLoop.java:632)
	at org.apache.ratis.thirdparty.io.netty.channel.nio.NioEventLoop.processSelectedKeysOptimized(NioEventLoop.java:579)
	at org.apache.ratis.thirdparty.io.netty.channel.nio.NioEventLoop.processSelectedKeys(NioEventLoop.java:496)
	at org.apache.ratis.thirdparty.io.netty.channel.nio.NioEventLoop.run(NioEventLoop.java:458)
	at org.apache.ratis.thirdparty.io.netty.util.concurrent.SingleThreadEventExecutor$5.run(SingleThreadEventExecutor.java:897)
	at org.apache.ratis.thirdparty.io.netty.util.concurrent.FastThreadLocalRunnable.run(FastThreadLocalRunnable.java:30)
	... 1 more
Caused by: java.net.ConnectException: Connection refused
	... 11 more
2019-10-15 03:21:41,450 [1974a9a1-a6f9-4483-963f-44bc27f0fbdf@group-169A166C894B-LeaderElection15] INFO  impl.LeaderElection (LogUtils.java:infoOrTrace(149)) -   Exception 1: {}
java.util.concurrent.ExecutionException: org.apache.ratis.thirdparty.io.grpc.StatusRuntimeException: UNAVAILABLE: io exception
	at java.util.concurrent.FutureTask.report(FutureTask.java:122)
	at java.util.concurrent.FutureTask.get(FutureTask.java:192)
	at org.apache.ratis.server.impl.LeaderElection.waitForResults(LeaderElection.java:259)
	at org.apache.ratis.server.impl.LeaderElection.askForVotes(LeaderElection.java:197)
	at org.apache.ratis.server.impl.LeaderElection.run(LeaderElection.java:133)
	at java.lang.Thread.run(Thread.java:748)
Caused by: org.apache.ratis.thirdparty.io.grpc.StatusRuntimeException: UNAVAILABLE: io exception
	at org.apache.ratis.thirdparty.io.grpc.stub.ClientCalls.toStatusRuntimeException(ClientCalls.java:233)
	at org.apache.ratis.thirdparty.io.grpc.stub.ClientCalls.getUnchecked(ClientCalls.java:214)
	at org.apache.ratis.thirdparty.io.grpc.stub.ClientCalls.blockingUnaryCall(ClientCalls.java:139)
	at org.apache.ratis.proto.grpc.RaftServerProtocolServiceGrpc$RaftServerProtocolServiceBlockingStub.requestVote(RaftServerProtocolServiceGrpc.java:265)
	at org.apache.ratis.grpc.server.GrpcServerProtocolClient.requestVote(GrpcServerProtocolClient.java:99)
	at org.apache.ratis.grpc.server.GrpcService.requestVote(GrpcService.java:204)
	at org.apache.ratis.server.impl.LeaderElection.lambda$submitRequests$1(LeaderElection.java:234)
	at java.util.concurrent.FutureTask.run(FutureTask.java:266)
	at java.util.concurrent.Executors$RunnableAdapter.call(Executors.java:511)
	at java.util.concurrent.FutureTask.run(FutureTask.java:266)
	at java.util.concurrent.ThreadPoolExecutor.runWorker(ThreadPoolExecutor.java:1149)
	at java.util.concurrent.ThreadPoolExecutor$Worker.run(ThreadPoolExecutor.java:624)
	... 1 more
Caused by: org.apache.ratis.thirdparty.io.netty.channel.AbstractChannel$AnnotatedConnectException: Connection refused: /192.168.157.236:40701
	at sun.nio.ch.SocketChannelImpl.checkConnect(Native Method)
	at sun.nio.ch.SocketChannelImpl.finishConnect(SocketChannelImpl.java:717)
	at org.apache.ratis.thirdparty.io.netty.channel.socket.nio.NioSocketChannel.doFinishConnect(NioSocketChannel.java:327)
	at org.apache.ratis.thirdparty.io.netty.channel.nio.AbstractNioChannel$AbstractNioUnsafe.finishConnect(AbstractNioChannel.java:340)
	at org.apache.ratis.thirdparty.io.netty.channel.nio.NioEventLoop.processSelectedKey(NioEventLoop.java:632)
	at org.apache.ratis.thirdparty.io.netty.channel.nio.NioEventLoop.processSelectedKeysOptimized(NioEventLoop.java:579)
	at org.apache.ratis.thirdparty.io.netty.channel.nio.NioEventLoop.processSelectedKeys(NioEventLoop.java:496)
	at org.apache.ratis.thirdparty.io.netty.channel.nio.NioEventLoop.run(NioEventLoop.java:458)
	at org.apache.ratis.thirdparty.io.netty.util.concurrent.SingleThreadEventExecutor$5.run(SingleThreadEventExecutor.java:897)
	at org.apache.ratis.thirdparty.io.netty.util.concurrent.FastThreadLocalRunnable.run(FastThreadLocalRunnable.java:30)
	... 1 more
Caused by: java.net.ConnectException: Connection refused
	... 11 more
2019-10-15 03:21:41,450 [1974a9a1-a6f9-4483-963f-44bc27f0fbdf@group-169A166C894B-LeaderElection15] INFO  impl.RaftServerImpl (RaftServerImpl.java:setRole(170)) - 1974a9a1-a6f9-4483-963f-44bc27f0fbdf@group-169A166C894B: changes role from CANDIDATE to FOLLOWER at term 3 for DISCOVERED_A_NEW_TERM
2019-10-15 03:21:41,451 [1974a9a1-a6f9-4483-963f-44bc27f0fbdf@group-169A166C894B-LeaderElection15] INFO  impl.RoleInfo (RoleInfo.java:shutdownLeaderElection(134)) - 1974a9a1-a6f9-4483-963f-44bc27f0fbdf: shutdown LeaderElection
2019-10-15 03:21:41,451 [1974a9a1-a6f9-4483-963f-44bc27f0fbdf@group-169A166C894B-LeaderElection15] INFO  impl.RoleInfo (RoleInfo.java:updateAndGet(143)) - 1974a9a1-a6f9-4483-963f-44bc27f0fbdf: start FollowerState
2019-10-15 03:21:46,569 [Thread-445] INFO  impl.FollowerState (FollowerState.java:run(108)) - 1974a9a1-a6f9-4483-963f-44bc27f0fbdf@group-169A166C894B-FollowerState: change to CANDIDATE, lastRpcTime:5118ms, electionTimeout:5118ms
2019-10-15 03:21:46,576 [Thread-445] INFO  impl.RoleInfo (RoleInfo.java:shutdownFollowerState(121)) - 1974a9a1-a6f9-4483-963f-44bc27f0fbdf: shutdown FollowerState
2019-10-15 03:21:46,576 [Thread-445] INFO  impl.RaftServerImpl (RaftServerImpl.java:setRole(170)) - 1974a9a1-a6f9-4483-963f-44bc27f0fbdf@group-169A166C894B: changes role from  FOLLOWER to CANDIDATE at term 3 for changeToCandidate
2019-10-15 03:21:46,577 [Thread-445] INFO  impl.RoleInfo (RoleInfo.java:updateAndGet(143)) - 1974a9a1-a6f9-4483-963f-44bc27f0fbdf: start LeaderElection
2019-10-15 03:21:46,688 [1974a9a1-a6f9-4483-963f-44bc27f0fbdf@group-169A166C894B-LeaderElection16] INFO  impl.LeaderElection (LeaderElection.java:askForVotes(178)) - 1974a9a1-a6f9-4483-963f-44bc27f0fbdf@group-169A166C894B-LeaderElection16: begin an election at term 4 for 0: [7a6ae757-b1cb-4520-a3e0-bcfac033e2fd:192.168.157.236:40701, ee46b013-4f8a-4e1e-9d21-4cc7a5f61f32:192.168.157.236:33603, 1974a9a1-a6f9-4483-963f-44bc27f0fbdf:192.168.157.236:45308], old=null
2019-10-15 03:21:46,690 [1974a9a1-a6f9-4483-963f-44bc27f0fbdf@group-169A166C894B-LeaderElection16] INFO  impl.LeaderElection (LogUtils.java:infoOrTrace(149)) - 1974a9a1-a6f9-4483-963f-44bc27f0fbdf@group-169A166C894B-LeaderElection16 got exception when requesting votes: {}
java.util.concurrent.ExecutionException: org.apache.ratis.thirdparty.io.grpc.StatusRuntimeException: UNAVAILABLE: io exception
	at java.util.concurrent.FutureTask.report(FutureTask.java:122)
	at java.util.concurrent.FutureTask.get(FutureTask.java:192)
	at org.apache.ratis.server.impl.LeaderElection.waitForResults(LeaderElection.java:259)
	at org.apache.ratis.server.impl.LeaderElection.askForVotes(LeaderElection.java:197)
	at org.apache.ratis.server.impl.LeaderElection.run(LeaderElection.java:133)
	at java.lang.Thread.run(Thread.java:748)
Caused by: org.apache.ratis.thirdparty.io.grpc.StatusRuntimeException: UNAVAILABLE: io exception
	at org.apache.ratis.thirdparty.io.grpc.stub.ClientCalls.toStatusRuntimeException(ClientCalls.java:233)
	at org.apache.ratis.thirdparty.io.grpc.stub.ClientCalls.getUnchecked(ClientCalls.java:214)
	at org.apache.ratis.thirdparty.io.grpc.stub.ClientCalls.blockingUnaryCall(ClientCalls.java:139)
	at org.apache.ratis.proto.grpc.RaftServerProtocolServiceGrpc$RaftServerProtocolServiceBlockingStub.requestVote(RaftServerProtocolServiceGrpc.java:265)
	at org.apache.ratis.grpc.server.GrpcServerProtocolClient.requestVote(GrpcServerProtocolClient.java:99)
	at org.apache.ratis.grpc.server.GrpcService.requestVote(GrpcService.java:204)
	at org.apache.ratis.server.impl.LeaderElection.lambda$submitRequests$1(LeaderElection.java:234)
	at java.util.concurrent.FutureTask.run(FutureTask.java:266)
	at java.util.concurrent.Executors$RunnableAdapter.call(Executors.java:511)
	at java.util.concurrent.FutureTask.run(FutureTask.java:266)
	at java.util.concurrent.ThreadPoolExecutor.runWorker(ThreadPoolExecutor.java:1149)
	at java.util.concurrent.ThreadPoolExecutor$Worker.run(ThreadPoolExecutor.java:624)
	... 1 more
Caused by: org.apache.ratis.thirdparty.io.netty.channel.AbstractChannel$AnnotatedConnectException: Connection refused: /192.168.157.236:33603
	at sun.nio.ch.SocketChannelImpl.checkConnect(Native Method)
	at sun.nio.ch.SocketChannelImpl.finishConnect(SocketChannelImpl.java:717)
	at org.apache.ratis.thirdparty.io.netty.channel.socket.nio.NioSocketChannel.doFinishConnect(NioSocketChannel.java:327)
	at org.apache.ratis.thirdparty.io.netty.channel.nio.AbstractNioChannel$AbstractNioUnsafe.finishConnect(AbstractNioChannel.java:340)
	at org.apache.ratis.thirdparty.io.netty.channel.nio.NioEventLoop.processSelectedKey(NioEventLoop.java:632)
	at org.apache.ratis.thirdparty.io.netty.channel.nio.NioEventLoop.processSelectedKeysOptimized(NioEventLoop.java:579)
	at org.apache.ratis.thirdparty.io.netty.channel.nio.NioEventLoop.processSelectedKeys(NioEventLoop.java:496)
	at org.apache.ratis.thirdparty.io.netty.channel.nio.NioEventLoop.run(NioEventLoop.java:458)
	at org.apache.ratis.thirdparty.io.netty.util.concurrent.SingleThreadEventExecutor$5.run(SingleThreadEventExecutor.java:897)
	at org.apache.ratis.thirdparty.io.netty.util.concurrent.FastThreadLocalRunnable.run(FastThreadLocalRunnable.java:30)
	... 1 more
Caused by: java.net.ConnectException: Connection refused
	... 11 more
2019-10-15 03:21:46,692 [1974a9a1-a6f9-4483-963f-44bc27f0fbdf@group-169A166C894B-LeaderElection16] INFO  impl.LeaderElection (LogUtils.java:infoOrTrace(149)) - 1974a9a1-a6f9-4483-963f-44bc27f0fbdf@group-169A166C894B-LeaderElection16 got exception when requesting votes: {}
java.util.concurrent.ExecutionException: org.apache.ratis.thirdparty.io.grpc.StatusRuntimeException: UNAVAILABLE: io exception
	at java.util.concurrent.FutureTask.report(FutureTask.java:122)
	at java.util.concurrent.FutureTask.get(FutureTask.java:192)
	at org.apache.ratis.server.impl.LeaderElection.waitForResults(LeaderElection.java:259)
	at org.apache.ratis.server.impl.LeaderElection.askForVotes(LeaderElection.java:197)
	at org.apache.ratis.server.impl.LeaderElection.run(LeaderElection.java:133)
	at java.lang.Thread.run(Thread.java:748)
Caused by: org.apache.ratis.thirdparty.io.grpc.StatusRuntimeException: UNAVAILABLE: io exception
	at org.apache.ratis.thirdparty.io.grpc.stub.ClientCalls.toStatusRuntimeException(ClientCalls.java:233)
	at org.apache.ratis.thirdparty.io.grpc.stub.ClientCalls.getUnchecked(ClientCalls.java:214)
	at org.apache.ratis.thirdparty.io.grpc.stub.ClientCalls.blockingUnaryCall(ClientCalls.java:139)
	at org.apache.ratis.proto.grpc.RaftServerProtocolServiceGrpc$RaftServerProtocolServiceBlockingStub.requestVote(RaftServerProtocolServiceGrpc.java:265)
	at org.apache.ratis.grpc.server.GrpcServerProtocolClient.requestVote(GrpcServerProtocolClient.java:99)
	at org.apache.ratis.grpc.server.GrpcService.requestVote(GrpcService.java:204)
	at org.apache.ratis.server.impl.LeaderElection.lambda$submitRequests$1(LeaderElection.java:234)
	at java.util.concurrent.FutureTask.run(FutureTask.java:266)
	at java.util.concurrent.Executors$RunnableAdapter.call(Executors.java:511)
	at java.util.concurrent.FutureTask.run(FutureTask.java:266)
	at java.util.concurrent.ThreadPoolExecutor.runWorker(ThreadPoolExecutor.java:1149)
	at java.util.concurrent.ThreadPoolExecutor$Worker.run(ThreadPoolExecutor.java:624)
	... 1 more
Caused by: org.apache.ratis.thirdparty.io.netty.channel.AbstractChannel$AnnotatedConnectException: Connection refused: /192.168.157.236:40701
	at sun.nio.ch.SocketChannelImpl.checkConnect(Native Method)
	at sun.nio.ch.SocketChannelImpl.finishConnect(SocketChannelImpl.java:717)
	at org.apache.ratis.thirdparty.io.netty.channel.socket.nio.NioSocketChannel.doFinishConnect(NioSocketChannel.java:327)
	at org.apache.ratis.thirdparty.io.netty.channel.nio.AbstractNioChannel$AbstractNioUnsafe.finishConnect(AbstractNioChannel.java:340)
	at org.apache.ratis.thirdparty.io.netty.channel.nio.NioEventLoop.processSelectedKey(NioEventLoop.java:632)
	at org.apache.ratis.thirdparty.io.netty.channel.nio.NioEventLoop.processSelectedKeysOptimized(NioEventLoop.java:579)
	at org.apache.ratis.thirdparty.io.netty.channel.nio.NioEventLoop.processSelectedKeys(NioEventLoop.java:496)
	at org.apache.ratis.thirdparty.io.netty.channel.nio.NioEventLoop.run(NioEventLoop.java:458)
	at org.apache.ratis.thirdparty.io.netty.util.concurrent.SingleThreadEventExecutor$5.run(SingleThreadEventExecutor.java:897)
	at org.apache.ratis.thirdparty.io.netty.util.concurrent.FastThreadLocalRunnable.run(FastThreadLocalRunnable.java:30)
	... 1 more
Caused by: java.net.ConnectException: Connection refused
	... 11 more
2019-10-15 03:21:46,696 [1974a9a1-a6f9-4483-963f-44bc27f0fbdf@group-169A166C894B-LeaderElection16] INFO  impl.LeaderElection (LeaderElection.java:logAndReturn(56)) - 1974a9a1-a6f9-4483-963f-44bc27f0fbdf@group-169A166C894B-LeaderElection16: Election REJECTED; received 0 response(s) [] and 2 exception(s); 1974a9a1-a6f9-4483-963f-44bc27f0fbdf@group-169A166C894B:t4, leader=null, voted=1974a9a1-a6f9-4483-963f-44bc27f0fbdf, raftlog=1974a9a1-a6f9-4483-963f-44bc27f0fbdf@group-169A166C894B-SegmentedRaftLog:OPENED:c16,f16,i16, conf=0: [7a6ae757-b1cb-4520-a3e0-bcfac033e2fd:192.168.157.236:40701, ee46b013-4f8a-4e1e-9d21-4cc7a5f61f32:192.168.157.236:33603, 1974a9a1-a6f9-4483-963f-44bc27f0fbdf:192.168.157.236:45308], old=null
2019-10-15 03:21:46,697 [1974a9a1-a6f9-4483-963f-44bc27f0fbdf@group-169A166C894B-LeaderElection16] INFO  impl.LeaderElection (LogUtils.java:infoOrTrace(149)) -   Exception 0: {}
java.util.concurrent.ExecutionException: org.apache.ratis.thirdparty.io.grpc.StatusRuntimeException: UNAVAILABLE: io exception
	at java.util.concurrent.FutureTask.report(FutureTask.java:122)
	at java.util.concurrent.FutureTask.get(FutureTask.java:192)
	at org.apache.ratis.server.impl.LeaderElection.waitForResults(LeaderElection.java:259)
	at org.apache.ratis.server.impl.LeaderElection.askForVotes(LeaderElection.java:197)
	at org.apache.ratis.server.impl.LeaderElection.run(LeaderElection.java:133)
	at java.lang.Thread.run(Thread.java:748)
Caused by: org.apache.ratis.thirdparty.io.grpc.StatusRuntimeException: UNAVAILABLE: io exception
	at org.apache.ratis.thirdparty.io.grpc.stub.ClientCalls.toStatusRuntimeException(ClientCalls.java:233)
	at org.apache.ratis.thirdparty.io.grpc.stub.ClientCalls.getUnchecked(ClientCalls.java:214)
	at org.apache.ratis.thirdparty.io.grpc.stub.ClientCalls.blockingUnaryCall(ClientCalls.java:139)
	at org.apache.ratis.proto.grpc.RaftServerProtocolServiceGrpc$RaftServerProtocolServiceBlockingStub.requestVote(RaftServerProtocolServiceGrpc.java:265)
	at org.apache.ratis.grpc.server.GrpcServerProtocolClient.requestVote(GrpcServerProtocolClient.java:99)
	at org.apache.ratis.grpc.server.GrpcService.requestVote(GrpcService.java:204)
	at org.apache.ratis.server.impl.LeaderElection.lambda$submitRequests$1(LeaderElection.java:234)
	at java.util.concurrent.FutureTask.run(FutureTask.java:266)
	at java.util.concurrent.Executors$RunnableAdapter.call(Executors.java:511)
	at java.util.concurrent.FutureTask.run(FutureTask.java:266)
	at java.util.concurrent.ThreadPoolExecutor.runWorker(ThreadPoolExecutor.java:1149)
	at java.util.concurrent.ThreadPoolExecutor$Worker.run(ThreadPoolExecutor.java:624)
	... 1 more
Caused by: org.apache.ratis.thirdparty.io.netty.channel.AbstractChannel$AnnotatedConnectException: Connection refused: /192.168.157.236:33603
	at sun.nio.ch.SocketChannelImpl.checkConnect(Native Method)
	at sun.nio.ch.SocketChannelImpl.finishConnect(SocketChannelImpl.java:717)
	at org.apache.ratis.thirdparty.io.netty.channel.socket.nio.NioSocketChannel.doFinishConnect(NioSocketChannel.java:327)
	at org.apache.ratis.thirdparty.io.netty.channel.nio.AbstractNioChannel$AbstractNioUnsafe.finishConnect(AbstractNioChannel.java:340)
	at org.apache.ratis.thirdparty.io.netty.channel.nio.NioEventLoop.processSelectedKey(NioEventLoop.java:632)
	at org.apache.ratis.thirdparty.io.netty.channel.nio.NioEventLoop.processSelectedKeysOptimized(NioEventLoop.java:579)
	at org.apache.ratis.thirdparty.io.netty.channel.nio.NioEventLoop.processSelectedKeys(NioEventLoop.java:496)
	at org.apache.ratis.thirdparty.io.netty.channel.nio.NioEventLoop.run(NioEventLoop.java:458)
	at org.apache.ratis.thirdparty.io.netty.util.concurrent.SingleThreadEventExecutor$5.run(SingleThreadEventExecutor.java:897)
	at org.apache.ratis.thirdparty.io.netty.util.concurrent.FastThreadLocalRunnable.run(FastThreadLocalRunnable.java:30)
	... 1 more
Caused by: java.net.ConnectException: Connection refused
	... 11 more
2019-10-15 03:21:46,697 [1974a9a1-a6f9-4483-963f-44bc27f0fbdf@group-169A166C894B-LeaderElection16] INFO  impl.LeaderElection (LogUtils.java:infoOrTrace(149)) -   Exception 1: {}
java.util.concurrent.ExecutionException: org.apache.ratis.thirdparty.io.grpc.StatusRuntimeException: UNAVAILABLE: io exception
	at java.util.concurrent.FutureTask.report(FutureTask.java:122)
	at java.util.concurrent.FutureTask.get(FutureTask.java:192)
	at org.apache.ratis.server.impl.LeaderElection.waitForResults(LeaderElection.java:259)
	at org.apache.ratis.server.impl.LeaderElection.askForVotes(LeaderElection.java:197)
	at org.apache.ratis.server.impl.LeaderElection.run(LeaderElection.java:133)
	at java.lang.Thread.run(Thread.java:748)
Caused by: org.apache.ratis.thirdparty.io.grpc.StatusRuntimeException: UNAVAILABLE: io exception
	at org.apache.ratis.thirdparty.io.grpc.stub.ClientCalls.toStatusRuntimeException(ClientCalls.java:233)
	at org.apache.ratis.thirdparty.io.grpc.stub.ClientCalls.getUnchecked(ClientCalls.java:214)
	at org.apache.ratis.thirdparty.io.grpc.stub.ClientCalls.blockingUnaryCall(ClientCalls.java:139)
	at org.apache.ratis.proto.grpc.RaftServerProtocolServiceGrpc$RaftServerProtocolServiceBlockingStub.requestVote(RaftServerProtocolServiceGrpc.java:265)
	at org.apache.ratis.grpc.server.GrpcServerProtocolClient.requestVote(GrpcServerProtocolClient.java:99)
	at org.apache.ratis.grpc.server.GrpcService.requestVote(GrpcService.java:204)
	at org.apache.ratis.server.impl.LeaderElection.lambda$submitRequests$1(LeaderElection.java:234)
	at java.util.concurrent.FutureTask.run(FutureTask.java:266)
	at java.util.concurrent.Executors$RunnableAdapter.call(Executors.java:511)
	at java.util.concurrent.FutureTask.run(FutureTask.java:266)
	at java.util.concurrent.ThreadPoolExecutor.runWorker(ThreadPoolExecutor.java:1149)
	at java.util.concurrent.ThreadPoolExecutor$Worker.run(ThreadPoolExecutor.java:624)
	... 1 more
Caused by: org.apache.ratis.thirdparty.io.netty.channel.AbstractChannel$AnnotatedConnectException: Connection refused: /192.168.157.236:40701
	at sun.nio.ch.SocketChannelImpl.checkConnect(Native Method)
	at sun.nio.ch.SocketChannelImpl.finishConnect(SocketChannelImpl.java:717)
	at org.apache.ratis.thirdparty.io.netty.channel.socket.nio.NioSocketChannel.doFinishConnect(NioSocketChannel.java:327)
	at org.apache.ratis.thirdparty.io.netty.channel.nio.AbstractNioChannel$AbstractNioUnsafe.finishConnect(AbstractNioChannel.java:340)
	at org.apache.ratis.thirdparty.io.netty.channel.nio.NioEventLoop.processSelectedKey(NioEventLoop.java:632)
	at org.apache.ratis.thirdparty.io.netty.channel.nio.NioEventLoop.processSelectedKeysOptimized(NioEventLoop.java:579)
	at org.apache.ratis.thirdparty.io.netty.channel.nio.NioEventLoop.processSelectedKeys(NioEventLoop.java:496)
	at org.apache.ratis.thirdparty.io.netty.channel.nio.NioEventLoop.run(NioEventLoop.java:458)
	at org.apache.ratis.thirdparty.io.netty.util.concurrent.SingleThreadEventExecutor$5.run(SingleThreadEventExecutor.java:897)
	at org.apache.ratis.thirdparty.io.netty.util.concurrent.FastThreadLocalRunnable.run(FastThreadLocalRunnable.java:30)
	... 1 more
Caused by: java.net.ConnectException: Connection refused
	... 11 more
2019-10-15 03:21:46,698 [1974a9a1-a6f9-4483-963f-44bc27f0fbdf@group-169A166C894B-LeaderElection16] INFO  impl.RaftServerImpl (RaftServerImpl.java:setRole(170)) - 1974a9a1-a6f9-4483-963f-44bc27f0fbdf@group-169A166C894B: changes role from CANDIDATE to FOLLOWER at term 4 for DISCOVERED_A_NEW_TERM
2019-10-15 03:21:46,698 [1974a9a1-a6f9-4483-963f-44bc27f0fbdf@group-169A166C894B-LeaderElection16] INFO  impl.RoleInfo (RoleInfo.java:shutdownLeaderElection(134)) - 1974a9a1-a6f9-4483-963f-44bc27f0fbdf: shutdown LeaderElection
2019-10-15 03:21:46,698 [1974a9a1-a6f9-4483-963f-44bc27f0fbdf@group-169A166C894B-LeaderElection16] INFO  impl.RoleInfo (RoleInfo.java:updateAndGet(143)) - 1974a9a1-a6f9-4483-963f-44bc27f0fbdf: start FollowerState
2019-10-15 03:21:51,823 [Thread-463] INFO  impl.FollowerState (FollowerState.java:run(108)) - 1974a9a1-a6f9-4483-963f-44bc27f0fbdf@group-169A166C894B-FollowerState: change to CANDIDATE, lastRpcTime:5124ms, electionTimeout:5124ms
2019-10-15 03:21:51,826 [Thread-463] INFO  impl.RoleInfo (RoleInfo.java:shutdownFollowerState(121)) - 1974a9a1-a6f9-4483-963f-44bc27f0fbdf: shutdown FollowerState
2019-10-15 03:21:51,826 [Thread-463] INFO  impl.RaftServerImpl (RaftServerImpl.java:setRole(170)) - 1974a9a1-a6f9-4483-963f-44bc27f0fbdf@group-169A166C894B: changes role from  FOLLOWER to CANDIDATE at term 4 for changeToCandidate
2019-10-15 03:21:51,826 [Thread-463] INFO  impl.RoleInfo (RoleInfo.java:updateAndGet(143)) - 1974a9a1-a6f9-4483-963f-44bc27f0fbdf: start LeaderElection
2019-10-15 03:21:51,907 [1974a9a1-a6f9-4483-963f-44bc27f0fbdf@group-169A166C894B-LeaderElection17] INFO  impl.LeaderElection (LeaderElection.java:askForVotes(178)) - 1974a9a1-a6f9-4483-963f-44bc27f0fbdf@group-169A166C894B-LeaderElection17: begin an election at term 5 for 0: [7a6ae757-b1cb-4520-a3e0-bcfac033e2fd:192.168.157.236:40701, ee46b013-4f8a-4e1e-9d21-4cc7a5f61f32:192.168.157.236:33603, 1974a9a1-a6f9-4483-963f-44bc27f0fbdf:192.168.157.236:45308], old=null
2019-10-15 03:21:51,909 [1974a9a1-a6f9-4483-963f-44bc27f0fbdf@group-169A166C894B-LeaderElection17] INFO  impl.LeaderElection (LogUtils.java:infoOrTrace(149)) - 1974a9a1-a6f9-4483-963f-44bc27f0fbdf@group-169A166C894B-LeaderElection17 got exception when requesting votes: {}
java.util.concurrent.ExecutionException: org.apache.ratis.thirdparty.io.grpc.StatusRuntimeException: UNAVAILABLE: io exception
	at java.util.concurrent.FutureTask.report(FutureTask.java:122)
	at java.util.concurrent.FutureTask.get(FutureTask.java:192)
	at org.apache.ratis.server.impl.LeaderElection.waitForResults(LeaderElection.java:259)
	at org.apache.ratis.server.impl.LeaderElection.askForVotes(LeaderElection.java:197)
	at org.apache.ratis.server.impl.LeaderElection.run(LeaderElection.java:133)
	at java.lang.Thread.run(Thread.java:748)
Caused by: org.apache.ratis.thirdparty.io.grpc.StatusRuntimeException: UNAVAILABLE: io exception
	at org.apache.ratis.thirdparty.io.grpc.stub.ClientCalls.toStatusRuntimeException(ClientCalls.java:233)
	at org.apache.ratis.thirdparty.io.grpc.stub.ClientCalls.getUnchecked(ClientCalls.java:214)
	at org.apache.ratis.thirdparty.io.grpc.stub.ClientCalls.blockingUnaryCall(ClientCalls.java:139)
	at org.apache.ratis.proto.grpc.RaftServerProtocolServiceGrpc$RaftServerProtocolServiceBlockingStub.requestVote(RaftServerProtocolServiceGrpc.java:265)
	at org.apache.ratis.grpc.server.GrpcServerProtocolClient.requestVote(GrpcServerProtocolClient.java:99)
	at org.apache.ratis.grpc.server.GrpcService.requestVote(GrpcService.java:204)
	at org.apache.ratis.server.impl.LeaderElection.lambda$submitRequests$1(LeaderElection.java:234)
	at java.util.concurrent.FutureTask.run(FutureTask.java:266)
	at java.util.concurrent.Executors$RunnableAdapter.call(Executors.java:511)
	at java.util.concurrent.FutureTask.run(FutureTask.java:266)
	at java.util.concurrent.ThreadPoolExecutor.runWorker(ThreadPoolExecutor.java:1149)
	at java.util.concurrent.ThreadPoolExecutor$Worker.run(ThreadPoolExecutor.java:624)
	... 1 more
Caused by: org.apache.ratis.thirdparty.io.netty.channel.AbstractChannel$AnnotatedConnectException: Connection refused: /192.168.157.236:40701
	at sun.nio.ch.SocketChannelImpl.checkConnect(Native Method)
	at sun.nio.ch.SocketChannelImpl.finishConnect(SocketChannelImpl.java:717)
	at org.apache.ratis.thirdparty.io.netty.channel.socket.nio.NioSocketChannel.doFinishConnect(NioSocketChannel.java:327)
	at org.apache.ratis.thirdparty.io.netty.channel.nio.AbstractNioChannel$AbstractNioUnsafe.finishConnect(AbstractNioChannel.java:340)
	at org.apache.ratis.thirdparty.io.netty.channel.nio.NioEventLoop.processSelectedKey(NioEventLoop.java:632)
	at org.apache.ratis.thirdparty.io.netty.channel.nio.NioEventLoop.processSelectedKeysOptimized(NioEventLoop.java:579)
	at org.apache.ratis.thirdparty.io.netty.channel.nio.NioEventLoop.processSelectedKeys(NioEventLoop.java:496)
	at org.apache.ratis.thirdparty.io.netty.channel.nio.NioEventLoop.run(NioEventLoop.java:458)
	at org.apache.ratis.thirdparty.io.netty.util.concurrent.SingleThreadEventExecutor$5.run(SingleThreadEventExecutor.java:897)
	at org.apache.ratis.thirdparty.io.netty.util.concurrent.FastThreadLocalRunnable.run(FastThreadLocalRunnable.java:30)
	... 1 more
Caused by: java.net.ConnectException: Connection refused
	... 11 more
2019-10-15 03:21:51,912 [1974a9a1-a6f9-4483-963f-44bc27f0fbdf@group-169A166C894B-LeaderElection17] INFO  impl.LeaderElection (LogUtils.java:infoOrTrace(149)) - 1974a9a1-a6f9-4483-963f-44bc27f0fbdf@group-169A166C894B-LeaderElection17 got exception when requesting votes: {}
java.util.concurrent.ExecutionException: org.apache.ratis.thirdparty.io.grpc.StatusRuntimeException: UNAVAILABLE: io exception
	at java.util.concurrent.FutureTask.report(FutureTask.java:122)
	at java.util.concurrent.FutureTask.get(FutureTask.java:192)
	at org.apache.ratis.server.impl.LeaderElection.waitForResults(LeaderElection.java:259)
	at org.apache.ratis.server.impl.LeaderElection.askForVotes(LeaderElection.java:197)
	at org.apache.ratis.server.impl.LeaderElection.run(LeaderElection.java:133)
	at java.lang.Thread.run(Thread.java:748)
Caused by: org.apache.ratis.thirdparty.io.grpc.StatusRuntimeException: UNAVAILABLE: io exception
	at org.apache.ratis.thirdparty.io.grpc.stub.ClientCalls.toStatusRuntimeException(ClientCalls.java:233)
	at org.apache.ratis.thirdparty.io.grpc.stub.ClientCalls.getUnchecked(ClientCalls.java:214)
	at org.apache.ratis.thirdparty.io.grpc.stub.ClientCalls.blockingUnaryCall(ClientCalls.java:139)
	at org.apache.ratis.proto.grpc.RaftServerProtocolServiceGrpc$RaftServerProtocolServiceBlockingStub.requestVote(RaftServerProtocolServiceGrpc.java:265)
	at org.apache.ratis.grpc.server.GrpcServerProtocolClient.requestVote(GrpcServerProtocolClient.java:99)
	at org.apache.ratis.grpc.server.GrpcService.requestVote(GrpcService.java:204)
	at org.apache.ratis.server.impl.LeaderElection.lambda$submitRequests$1(LeaderElection.java:234)
	at java.util.concurrent.FutureTask.run(FutureTask.java:266)
	at java.util.concurrent.Executors$RunnableAdapter.call(Executors.java:511)
	at java.util.concurrent.FutureTask.run(FutureTask.java:266)
	at java.util.concurrent.ThreadPoolExecutor.runWorker(ThreadPoolExecutor.java:1149)
	at java.util.concurrent.ThreadPoolExecutor$Worker.run(ThreadPoolExecutor.java:624)
	... 1 more
Caused by: org.apache.ratis.thirdparty.io.netty.channel.AbstractChannel$AnnotatedConnectException: Connection refused: /192.168.157.236:33603
	at sun.nio.ch.SocketChannelImpl.checkConnect(Native Method)
	at sun.nio.ch.SocketChannelImpl.finishConnect(SocketChannelImpl.java:717)
	at org.apache.ratis.thirdparty.io.netty.channel.socket.nio.NioSocketChannel.doFinishConnect(NioSocketChannel.java:327)
	at org.apache.ratis.thirdparty.io.netty.channel.nio.AbstractNioChannel$AbstractNioUnsafe.finishConnect(AbstractNioChannel.java:340)
	at org.apache.ratis.thirdparty.io.netty.channel.nio.NioEventLoop.processSelectedKey(NioEventLoop.java:632)
	at org.apache.ratis.thirdparty.io.netty.channel.nio.NioEventLoop.processSelectedKeysOptimized(NioEventLoop.java:579)
	at org.apache.ratis.thirdparty.io.netty.channel.nio.NioEventLoop.processSelectedKeys(NioEventLoop.java:496)
	at org.apache.ratis.thirdparty.io.netty.channel.nio.NioEventLoop.run(NioEventLoop.java:458)
	at org.apache.ratis.thirdparty.io.netty.util.concurrent.SingleThreadEventExecutor$5.run(SingleThreadEventExecutor.java:897)
	at org.apache.ratis.thirdparty.io.netty.util.concurrent.FastThreadLocalRunnable.run(FastThreadLocalRunnable.java:30)
	... 1 more
Caused by: java.net.ConnectException: Connection refused
	... 11 more
2019-10-15 03:21:51,914 [1974a9a1-a6f9-4483-963f-44bc27f0fbdf@group-169A166C894B-LeaderElection17] INFO  impl.LeaderElection (LeaderElection.java:logAndReturn(56)) - 1974a9a1-a6f9-4483-963f-44bc27f0fbdf@group-169A166C894B-LeaderElection17: Election REJECTED; received 0 response(s) [] and 2 exception(s); 1974a9a1-a6f9-4483-963f-44bc27f0fbdf@group-169A166C894B:t5, leader=null, voted=1974a9a1-a6f9-4483-963f-44bc27f0fbdf, raftlog=1974a9a1-a6f9-4483-963f-44bc27f0fbdf@group-169A166C894B-SegmentedRaftLog:OPENED:c16,f16,i16, conf=0: [7a6ae757-b1cb-4520-a3e0-bcfac033e2fd:192.168.157.236:40701, ee46b013-4f8a-4e1e-9d21-4cc7a5f61f32:192.168.157.236:33603, 1974a9a1-a6f9-4483-963f-44bc27f0fbdf:192.168.157.236:45308], old=null
2019-10-15 03:21:51,914 [1974a9a1-a6f9-4483-963f-44bc27f0fbdf@group-169A166C894B-LeaderElection17] INFO  impl.LeaderElection (LogUtils.java:infoOrTrace(149)) -   Exception 0: {}
java.util.concurrent.ExecutionException: org.apache.ratis.thirdparty.io.grpc.StatusRuntimeException: UNAVAILABLE: io exception
	at java.util.concurrent.FutureTask.report(FutureTask.java:122)
	at java.util.concurrent.FutureTask.get(FutureTask.java:192)
	at org.apache.ratis.server.impl.LeaderElection.waitForResults(LeaderElection.java:259)
	at org.apache.ratis.server.impl.LeaderElection.askForVotes(LeaderElection.java:197)
	at org.apache.ratis.server.impl.LeaderElection.run(LeaderElection.java:133)
	at java.lang.Thread.run(Thread.java:748)
Caused by: org.apache.ratis.thirdparty.io.grpc.StatusRuntimeException: UNAVAILABLE: io exception
	at org.apache.ratis.thirdparty.io.grpc.stub.ClientCalls.toStatusRuntimeException(ClientCalls.java:233)
	at org.apache.ratis.thirdparty.io.grpc.stub.ClientCalls.getUnchecked(ClientCalls.java:214)
	at org.apache.ratis.thirdparty.io.grpc.stub.ClientCalls.blockingUnaryCall(ClientCalls.java:139)
	at org.apache.ratis.proto.grpc.RaftServerProtocolServiceGrpc$RaftServerProtocolServiceBlockingStub.requestVote(RaftServerProtocolServiceGrpc.java:265)
	at org.apache.ratis.grpc.server.GrpcServerProtocolClient.requestVote(GrpcServerProtocolClient.java:99)
	at org.apache.ratis.grpc.server.GrpcService.requestVote(GrpcService.java:204)
	at org.apache.ratis.server.impl.LeaderElection.lambda$submitRequests$1(LeaderElection.java:234)
	at java.util.concurrent.FutureTask.run(FutureTask.java:266)
	at java.util.concurrent.Executors$RunnableAdapter.call(Executors.java:511)
	at java.util.concurrent.FutureTask.run(FutureTask.java:266)
	at java.util.concurrent.ThreadPoolExecutor.runWorker(ThreadPoolExecutor.java:1149)
	at java.util.concurrent.ThreadPoolExecutor$Worker.run(ThreadPoolExecutor.java:624)
	... 1 more
Caused by: org.apache.ratis.thirdparty.io.netty.channel.AbstractChannel$AnnotatedConnectException: Connection refused: /192.168.157.236:40701
	at sun.nio.ch.SocketChannelImpl.checkConnect(Native Method)
	at sun.nio.ch.SocketChannelImpl.finishConnect(SocketChannelImpl.java:717)
	at org.apache.ratis.thirdparty.io.netty.channel.socket.nio.NioSocketChannel.doFinishConnect(NioSocketChannel.java:327)
	at org.apache.ratis.thirdparty.io.netty.channel.nio.AbstractNioChannel$AbstractNioUnsafe.finishConnect(AbstractNioChannel.java:340)
	at org.apache.ratis.thirdparty.io.netty.channel.nio.NioEventLoop.processSelectedKey(NioEventLoop.java:632)
	at org.apache.ratis.thirdparty.io.netty.channel.nio.NioEventLoop.processSelectedKeysOptimized(NioEventLoop.java:579)
	at org.apache.ratis.thirdparty.io.netty.channel.nio.NioEventLoop.processSelectedKeys(NioEventLoop.java:496)
	at org.apache.ratis.thirdparty.io.netty.channel.nio.NioEventLoop.run(NioEventLoop.java:458)
	at org.apache.ratis.thirdparty.io.netty.util.concurrent.SingleThreadEventExecutor$5.run(SingleThreadEventExecutor.java:897)
	at org.apache.ratis.thirdparty.io.netty.util.concurrent.FastThreadLocalRunnable.run(FastThreadLocalRunnable.java:30)
	... 1 more
Caused by: java.net.ConnectException: Connection refused
	... 11 more
2019-10-15 03:21:51,914 [1974a9a1-a6f9-4483-963f-44bc27f0fbdf@group-169A166C894B-LeaderElection17] INFO  impl.LeaderElection (LogUtils.java:infoOrTrace(149)) -   Exception 1: {}
java.util.concurrent.ExecutionException: org.apache.ratis.thirdparty.io.grpc.StatusRuntimeException: UNAVAILABLE: io exception
	at java.util.concurrent.FutureTask.report(FutureTask.java:122)
	at java.util.concurrent.FutureTask.get(FutureTask.java:192)
	at org.apache.ratis.server.impl.LeaderElection.waitForResults(LeaderElection.java:259)
	at org.apache.ratis.server.impl.LeaderElection.askForVotes(LeaderElection.java:197)
	at org.apache.ratis.server.impl.LeaderElection.run(LeaderElection.java:133)
	at java.lang.Thread.run(Thread.java:748)
Caused by: org.apache.ratis.thirdparty.io.grpc.StatusRuntimeException: UNAVAILABLE: io exception
	at org.apache.ratis.thirdparty.io.grpc.stub.ClientCalls.toStatusRuntimeException(ClientCalls.java:233)
	at org.apache.ratis.thirdparty.io.grpc.stub.ClientCalls.getUnchecked(ClientCalls.java:214)
	at org.apache.ratis.thirdparty.io.grpc.stub.ClientCalls.blockingUnaryCall(ClientCalls.java:139)
	at org.apache.ratis.proto.grpc.RaftServerProtocolServiceGrpc$RaftServerProtocolServiceBlockingStub.requestVote(RaftServerProtocolServiceGrpc.java:265)
	at org.apache.ratis.grpc.server.GrpcServerProtocolClient.requestVote(GrpcServerProtocolClient.java:99)
	at org.apache.ratis.grpc.server.GrpcService.requestVote(GrpcService.java:204)
	at org.apache.ratis.server.impl.LeaderElection.lambda$submitRequests$1(LeaderElection.java:234)
	at java.util.concurrent.FutureTask.run(FutureTask.java:266)
	at java.util.concurrent.Executors$RunnableAdapter.call(Executors.java:511)
	at java.util.concurrent.FutureTask.run(FutureTask.java:266)
	at java.util.concurrent.ThreadPoolExecutor.runWorker(ThreadPoolExecutor.java:1149)
	at java.util.concurrent.ThreadPoolExecutor$Worker.run(ThreadPoolExecutor.java:624)
	... 1 more
Caused by: org.apache.ratis.thirdparty.io.netty.channel.AbstractChannel$AnnotatedConnectException: Connection refused: /192.168.157.236:33603
	at sun.nio.ch.SocketChannelImpl.checkConnect(Native Method)
	at sun.nio.ch.SocketChannelImpl.finishConnect(SocketChannelImpl.java:717)
	at org.apache.ratis.thirdparty.io.netty.channel.socket.nio.NioSocketChannel.doFinishConnect(NioSocketChannel.java:327)
	at org.apache.ratis.thirdparty.io.netty.channel.nio.AbstractNioChannel$AbstractNioUnsafe.finishConnect(AbstractNioChannel.java:340)
	at org.apache.ratis.thirdparty.io.netty.channel.nio.NioEventLoop.processSelectedKey(NioEventLoop.java:632)
	at org.apache.ratis.thirdparty.io.netty.channel.nio.NioEventLoop.processSelectedKeysOptimized(NioEventLoop.java:579)
	at org.apache.ratis.thirdparty.io.netty.channel.nio.NioEventLoop.processSelectedKeys(NioEventLoop.java:496)
	at org.apache.ratis.thirdparty.io.netty.channel.nio.NioEventLoop.run(NioEventLoop.java:458)
	at org.apache.ratis.thirdparty.io.netty.util.concurrent.SingleThreadEventExecutor$5.run(SingleThreadEventExecutor.java:897)
	at org.apache.ratis.thirdparty.io.netty.util.concurrent.FastThreadLocalRunnable.run(FastThreadLocalRunnable.java:30)
	... 1 more
Caused by: java.net.ConnectException: Connection refused
	... 11 more
2019-10-15 03:21:51,915 [1974a9a1-a6f9-4483-963f-44bc27f0fbdf@group-169A166C894B-LeaderElection17] INFO  impl.RaftServerImpl (RaftServerImpl.java:setRole(170)) - 1974a9a1-a6f9-4483-963f-44bc27f0fbdf@group-169A166C894B: changes role from CANDIDATE to FOLLOWER at term 5 for DISCOVERED_A_NEW_TERM
2019-10-15 03:21:51,915 [1974a9a1-a6f9-4483-963f-44bc27f0fbdf@group-169A166C894B-LeaderElection17] INFO  impl.RoleInfo (RoleInfo.java:shutdownLeaderElection(134)) - 1974a9a1-a6f9-4483-963f-44bc27f0fbdf: shutdown LeaderElection
2019-10-15 03:21:51,915 [1974a9a1-a6f9-4483-963f-44bc27f0fbdf@group-169A166C894B-LeaderElection17] INFO  impl.RoleInfo (RoleInfo.java:updateAndGet(143)) - 1974a9a1-a6f9-4483-963f-44bc27f0fbdf: start FollowerState
2019-10-15 03:21:57,063 [Thread-479] INFO  impl.FollowerState (FollowerState.java:run(108)) - 1974a9a1-a6f9-4483-963f-44bc27f0fbdf@group-169A166C894B-FollowerState: change to CANDIDATE, lastRpcTime:5147ms, electionTimeout:5147ms
2019-10-15 03:21:57,066 [Thread-479] INFO  impl.RoleInfo (RoleInfo.java:shutdownFollowerState(121)) - 1974a9a1-a6f9-4483-963f-44bc27f0fbdf: shutdown FollowerState
2019-10-15 03:21:57,066 [Thread-479] INFO  impl.RaftServerImpl (RaftServerImpl.java:setRole(170)) - 1974a9a1-a6f9-4483-963f-44bc27f0fbdf@group-169A166C894B: changes role from  FOLLOWER to CANDIDATE at term 5 for changeToCandidate
2019-10-15 03:21:57,067 [Thread-479] INFO  impl.RoleInfo (RoleInfo.java:updateAndGet(143)) - 1974a9a1-a6f9-4483-963f-44bc27f0fbdf: start LeaderElection
2019-10-15 03:21:57,102 [1974a9a1-a6f9-4483-963f-44bc27f0fbdf@group-169A166C894B-LeaderElection18] INFO  impl.LeaderElection (LeaderElection.java:askForVotes(178)) - 1974a9a1-a6f9-4483-963f-44bc27f0fbdf@group-169A166C894B-LeaderElection18: begin an election at term 6 for 0: [7a6ae757-b1cb-4520-a3e0-bcfac033e2fd:192.168.157.236:40701, ee46b013-4f8a-4e1e-9d21-4cc7a5f61f32:192.168.157.236:33603, 1974a9a1-a6f9-4483-963f-44bc27f0fbdf:192.168.157.236:45308], old=null
2019-10-15 03:21:57,104 [1974a9a1-a6f9-4483-963f-44bc27f0fbdf@group-169A166C894B-LeaderElection18] INFO  impl.LeaderElection (LogUtils.java:infoOrTrace(149)) - 1974a9a1-a6f9-4483-963f-44bc27f0fbdf@group-169A166C894B-LeaderElection18 got exception when requesting votes: {}
java.util.concurrent.ExecutionException: org.apache.ratis.thirdparty.io.grpc.StatusRuntimeException: UNAVAILABLE: io exception
	at java.util.concurrent.FutureTask.report(FutureTask.java:122)
	at java.util.concurrent.FutureTask.get(FutureTask.java:192)
	at org.apache.ratis.server.impl.LeaderElection.waitForResults(LeaderElection.java:259)
	at org.apache.ratis.server.impl.LeaderElection.askForVotes(LeaderElection.java:197)
	at org.apache.ratis.server.impl.LeaderElection.run(LeaderElection.java:133)
	at java.lang.Thread.run(Thread.java:748)
Caused by: org.apache.ratis.thirdparty.io.grpc.StatusRuntimeException: UNAVAILABLE: io exception
	at org.apache.ratis.thirdparty.io.grpc.stub.ClientCalls.toStatusRuntimeException(ClientCalls.java:233)
	at org.apache.ratis.thirdparty.io.grpc.stub.ClientCalls.getUnchecked(ClientCalls.java:214)
	at org.apache.ratis.thirdparty.io.grpc.stub.ClientCalls.blockingUnaryCall(ClientCalls.java:139)
	at org.apache.ratis.proto.grpc.RaftServerProtocolServiceGrpc$RaftServerProtocolServiceBlockingStub.requestVote(RaftServerProtocolServiceGrpc.java:265)
	at org.apache.ratis.grpc.server.GrpcServerProtocolClient.requestVote(GrpcServerProtocolClient.java:99)
	at org.apache.ratis.grpc.server.GrpcService.requestVote(GrpcService.java:204)
	at org.apache.ratis.server.impl.LeaderElection.lambda$submitRequests$1(LeaderElection.java:234)
	at java.util.concurrent.FutureTask.run(FutureTask.java:266)
	at java.util.concurrent.Executors$RunnableAdapter.call(Executors.java:511)
	at java.util.concurrent.FutureTask.run(FutureTask.java:266)
	at java.util.concurrent.ThreadPoolExecutor.runWorker(ThreadPoolExecutor.java:1149)
	at java.util.concurrent.ThreadPoolExecutor$Worker.run(ThreadPoolExecutor.java:624)
	... 1 more
Caused by: org.apache.ratis.thirdparty.io.netty.channel.AbstractChannel$AnnotatedConnectException: Connection refused: /192.168.157.236:40701
	at sun.nio.ch.SocketChannelImpl.checkConnect(Native Method)
	at sun.nio.ch.SocketChannelImpl.finishConnect(SocketChannelImpl.java:717)
	at org.apache.ratis.thirdparty.io.netty.channel.socket.nio.NioSocketChannel.doFinishConnect(NioSocketChannel.java:327)
	at org.apache.ratis.thirdparty.io.netty.channel.nio.AbstractNioChannel$AbstractNioUnsafe.finishConnect(AbstractNioChannel.java:340)
	at org.apache.ratis.thirdparty.io.netty.channel.nio.NioEventLoop.processSelectedKey(NioEventLoop.java:632)
	at org.apache.ratis.thirdparty.io.netty.channel.nio.NioEventLoop.processSelectedKeysOptimized(NioEventLoop.java:579)
	at org.apache.ratis.thirdparty.io.netty.channel.nio.NioEventLoop.processSelectedKeys(NioEventLoop.java:496)
	at org.apache.ratis.thirdparty.io.netty.channel.nio.NioEventLoop.run(NioEventLoop.java:458)
	at org.apache.ratis.thirdparty.io.netty.util.concurrent.SingleThreadEventExecutor$5.run(SingleThreadEventExecutor.java:897)
	at org.apache.ratis.thirdparty.io.netty.util.concurrent.FastThreadLocalRunnable.run(FastThreadLocalRunnable.java:30)
	... 1 more
Caused by: java.net.ConnectException: Connection refused
	... 11 more
2019-10-15 03:21:57,106 [1974a9a1-a6f9-4483-963f-44bc27f0fbdf@group-169A166C894B-LeaderElection18] INFO  impl.LeaderElection (LogUtils.java:infoOrTrace(149)) - 1974a9a1-a6f9-4483-963f-44bc27f0fbdf@group-169A166C894B-LeaderElection18 got exception when requesting votes: {}
java.util.concurrent.ExecutionException: org.apache.ratis.thirdparty.io.grpc.StatusRuntimeException: UNAVAILABLE: io exception
	at java.util.concurrent.FutureTask.report(FutureTask.java:122)
	at java.util.concurrent.FutureTask.get(FutureTask.java:192)
	at org.apache.ratis.server.impl.LeaderElection.waitForResults(LeaderElection.java:259)
	at org.apache.ratis.server.impl.LeaderElection.askForVotes(LeaderElection.java:197)
	at org.apache.ratis.server.impl.LeaderElection.run(LeaderElection.java:133)
	at java.lang.Thread.run(Thread.java:748)
Caused by: org.apache.ratis.thirdparty.io.grpc.StatusRuntimeException: UNAVAILABLE: io exception
	at org.apache.ratis.thirdparty.io.grpc.stub.ClientCalls.toStatusRuntimeException(ClientCalls.java:233)
	at org.apache.ratis.thirdparty.io.grpc.stub.ClientCalls.getUnchecked(ClientCalls.java:214)
	at org.apache.ratis.thirdparty.io.grpc.stub.ClientCalls.blockingUnaryCall(ClientCalls.java:139)
	at org.apache.ratis.proto.grpc.RaftServerProtocolServiceGrpc$RaftServerProtocolServiceBlockingStub.requestVote(RaftServerProtocolServiceGrpc.java:265)
	at org.apache.ratis.grpc.server.GrpcServerProtocolClient.requestVote(GrpcServerProtocolClient.java:99)
	at org.apache.ratis.grpc.server.GrpcService.requestVote(GrpcService.java:204)
	at org.apache.ratis.server.impl.LeaderElection.lambda$submitRequests$1(LeaderElection.java:234)
	at java.util.concurrent.FutureTask.run(FutureTask.java:266)
	at java.util.concurrent.Executors$RunnableAdapter.call(Executors.java:511)
	at java.util.concurrent.FutureTask.run(FutureTask.java:266)
	at java.util.concurrent.ThreadPoolExecutor.runWorker(ThreadPoolExecutor.java:1149)
	at java.util.concurrent.ThreadPoolExecutor$Worker.run(ThreadPoolExecutor.java:624)
	... 1 more
Caused by: org.apache.ratis.thirdparty.io.netty.channel.AbstractChannel$AnnotatedConnectException: Connection refused: /192.168.157.236:33603
	at sun.nio.ch.SocketChannelImpl.checkConnect(Native Method)
	at sun.nio.ch.SocketChannelImpl.finishConnect(SocketChannelImpl.java:717)
	at org.apache.ratis.thirdparty.io.netty.channel.socket.nio.NioSocketChannel.doFinishConnect(NioSocketChannel.java:327)
	at org.apache.ratis.thirdparty.io.netty.channel.nio.AbstractNioChannel$AbstractNioUnsafe.finishConnect(AbstractNioChannel.java:340)
	at org.apache.ratis.thirdparty.io.netty.channel.nio.NioEventLoop.processSelectedKey(NioEventLoop.java:632)
	at org.apache.ratis.thirdparty.io.netty.channel.nio.NioEventLoop.processSelectedKeysOptimized(NioEventLoop.java:579)
	at org.apache.ratis.thirdparty.io.netty.channel.nio.NioEventLoop.processSelectedKeys(NioEventLoop.java:496)
	at org.apache.ratis.thirdparty.io.netty.channel.nio.NioEventLoop.run(NioEventLoop.java:458)
	at org.apache.ratis.thirdparty.io.netty.util.concurrent.SingleThreadEventExecutor$5.run(SingleThreadEventExecutor.java:897)
	at org.apache.ratis.thirdparty.io.netty.util.concurrent.FastThreadLocalRunnable.run(FastThreadLocalRunnable.java:30)
	... 1 more
Caused by: java.net.ConnectException: Connection refused
	... 11 more
2019-10-15 03:21:57,108 [1974a9a1-a6f9-4483-963f-44bc27f0fbdf@group-169A166C894B-LeaderElection18] INFO  impl.LeaderElection (LeaderElection.java:logAndReturn(56)) - 1974a9a1-a6f9-4483-963f-44bc27f0fbdf@group-169A166C894B-LeaderElection18: Election REJECTED; received 0 response(s) [] and 2 exception(s); 1974a9a1-a6f9-4483-963f-44bc27f0fbdf@group-169A166C894B:t6, leader=null, voted=1974a9a1-a6f9-4483-963f-44bc27f0fbdf, raftlog=1974a9a1-a6f9-4483-963f-44bc27f0fbdf@group-169A166C894B-SegmentedRaftLog:OPENED:c16,f16,i16, conf=0: [7a6ae757-b1cb-4520-a3e0-bcfac033e2fd:192.168.157.236:40701, ee46b013-4f8a-4e1e-9d21-4cc7a5f61f32:192.168.157.236:33603, 1974a9a1-a6f9-4483-963f-44bc27f0fbdf:192.168.157.236:45308], old=null
2019-10-15 03:21:57,108 [1974a9a1-a6f9-4483-963f-44bc27f0fbdf@group-169A166C894B-LeaderElection18] INFO  impl.LeaderElection (LogUtils.java:infoOrTrace(149)) -   Exception 0: {}
java.util.concurrent.ExecutionException: org.apache.ratis.thirdparty.io.grpc.StatusRuntimeException: UNAVAILABLE: io exception
	at java.util.concurrent.FutureTask.report(FutureTask.java:122)
	at java.util.concurrent.FutureTask.get(FutureTask.java:192)
	at org.apache.ratis.server.impl.LeaderElection.waitForResults(LeaderElection.java:259)
	at org.apache.ratis.server.impl.LeaderElection.askForVotes(LeaderElection.java:197)
	at org.apache.ratis.server.impl.LeaderElection.run(LeaderElection.java:133)
	at java.lang.Thread.run(Thread.java:748)
Caused by: org.apache.ratis.thirdparty.io.grpc.StatusRuntimeException: UNAVAILABLE: io exception
	at org.apache.ratis.thirdparty.io.grpc.stub.ClientCalls.toStatusRuntimeException(ClientCalls.java:233)
	at org.apache.ratis.thirdparty.io.grpc.stub.ClientCalls.getUnchecked(ClientCalls.java:214)
	at org.apache.ratis.thirdparty.io.grpc.stub.ClientCalls.blockingUnaryCall(ClientCalls.java:139)
	at org.apache.ratis.proto.grpc.RaftServerProtocolServiceGrpc$RaftServerProtocolServiceBlockingStub.requestVote(RaftServerProtocolServiceGrpc.java:265)
	at org.apache.ratis.grpc.server.GrpcServerProtocolClient.requestVote(GrpcServerProtocolClient.java:99)
	at org.apache.ratis.grpc.server.GrpcService.requestVote(GrpcService.java:204)
	at org.apache.ratis.server.impl.LeaderElection.lambda$submitRequests$1(LeaderElection.java:234)
	at java.util.concurrent.FutureTask.run(FutureTask.java:266)
	at java.util.concurrent.Executors$RunnableAdapter.call(Executors.java:511)
	at java.util.concurrent.FutureTask.run(FutureTask.java:266)
	at java.util.concurrent.ThreadPoolExecutor.runWorker(ThreadPoolExecutor.java:1149)
	at java.util.concurrent.ThreadPoolExecutor$Worker.run(ThreadPoolExecutor.java:624)
	... 1 more
Caused by: org.apache.ratis.thirdparty.io.netty.channel.AbstractChannel$AnnotatedConnectException: Connection refused: /192.168.157.236:40701
	at sun.nio.ch.SocketChannelImpl.checkConnect(Native Method)
	at sun.nio.ch.SocketChannelImpl.finishConnect(SocketChannelImpl.java:717)
	at org.apache.ratis.thirdparty.io.netty.channel.socket.nio.NioSocketChannel.doFinishConnect(NioSocketChannel.java:327)
	at org.apache.ratis.thirdparty.io.netty.channel.nio.AbstractNioChannel$AbstractNioUnsafe.finishConnect(AbstractNioChannel.java:340)
	at org.apache.ratis.thirdparty.io.netty.channel.nio.NioEventLoop.processSelectedKey(NioEventLoop.java:632)
	at org.apache.ratis.thirdparty.io.netty.channel.nio.NioEventLoop.processSelectedKeysOptimized(NioEventLoop.java:579)
	at org.apache.ratis.thirdparty.io.netty.channel.nio.NioEventLoop.processSelectedKeys(NioEventLoop.java:496)
	at org.apache.ratis.thirdparty.io.netty.channel.nio.NioEventLoop.run(NioEventLoop.java:458)
	at org.apache.ratis.thirdparty.io.netty.util.concurrent.SingleThreadEventExecutor$5.run(SingleThreadEventExecutor.java:897)
	at org.apache.ratis.thirdparty.io.netty.util.concurrent.FastThreadLocalRunnable.run(FastThreadLocalRunnable.java:30)
	... 1 more
Caused by: java.net.ConnectException: Connection refused
	... 11 more
2019-10-15 03:21:57,108 [1974a9a1-a6f9-4483-963f-44bc27f0fbdf@group-169A166C894B-LeaderElection18] INFO  impl.LeaderElection (LogUtils.java:infoOrTrace(149)) -   Exception 1: {}
java.util.concurrent.ExecutionException: org.apache.ratis.thirdparty.io.grpc.StatusRuntimeException: UNAVAILABLE: io exception
	at java.util.concurrent.FutureTask.report(FutureTask.java:122)
	at java.util.concurrent.FutureTask.get(FutureTask.java:192)
	at org.apache.ratis.server.impl.LeaderElection.waitForResults(LeaderElection.java:259)
	at org.apache.ratis.server.impl.LeaderElection.askForVotes(LeaderElection.java:197)
	at org.apache.ratis.server.impl.LeaderElection.run(LeaderElection.java:133)
	at java.lang.Thread.run(Thread.java:748)
Caused by: org.apache.ratis.thirdparty.io.grpc.StatusRuntimeException: UNAVAILABLE: io exception
	at org.apache.ratis.thirdparty.io.grpc.stub.ClientCalls.toStatusRuntimeException(ClientCalls.java:233)
	at org.apache.ratis.thirdparty.io.grpc.stub.ClientCalls.getUnchecked(ClientCalls.java:214)
	at org.apache.ratis.thirdparty.io.grpc.stub.ClientCalls.blockingUnaryCall(ClientCalls.java:139)
	at org.apache.ratis.proto.grpc.RaftServerProtocolServiceGrpc$RaftServerProtocolServiceBlockingStub.requestVote(RaftServerProtocolServiceGrpc.java:265)
	at org.apache.ratis.grpc.server.GrpcServerProtocolClient.requestVote(GrpcServerProtocolClient.java:99)
	at org.apache.ratis.grpc.server.GrpcService.requestVote(GrpcService.java:204)
	at org.apache.ratis.server.impl.LeaderElection.lambda$submitRequests$1(LeaderElection.java:234)
	at java.util.concurrent.FutureTask.run(FutureTask.java:266)
	at java.util.concurrent.Executors$RunnableAdapter.call(Executors.java:511)
	at java.util.concurrent.FutureTask.run(FutureTask.java:266)
	at java.util.concurrent.ThreadPoolExecutor.runWorker(ThreadPoolExecutor.java:1149)
	at java.util.concurrent.ThreadPoolExecutor$Worker.run(ThreadPoolExecutor.java:624)
	... 1 more
Caused by: org.apache.ratis.thirdparty.io.netty.channel.AbstractChannel$AnnotatedConnectException: Connection refused: /192.168.157.236:33603
	at sun.nio.ch.SocketChannelImpl.checkConnect(Native Method)
	at sun.nio.ch.SocketChannelImpl.finishConnect(SocketChannelImpl.java:717)
	at org.apache.ratis.thirdparty.io.netty.channel.socket.nio.NioSocketChannel.doFinishConnect(NioSocketChannel.java:327)
	at org.apache.ratis.thirdparty.io.netty.channel.nio.AbstractNioChannel$AbstractNioUnsafe.finishConnect(AbstractNioChannel.java:340)
	at org.apache.ratis.thirdparty.io.netty.channel.nio.NioEventLoop.processSelectedKey(NioEventLoop.java:632)
	at org.apache.ratis.thirdparty.io.netty.channel.nio.NioEventLoop.processSelectedKeysOptimized(NioEventLoop.java:579)
	at org.apache.ratis.thirdparty.io.netty.channel.nio.NioEventLoop.processSelectedKeys(NioEventLoop.java:496)
	at org.apache.ratis.thirdparty.io.netty.channel.nio.NioEventLoop.run(NioEventLoop.java:458)
	at org.apache.ratis.thirdparty.io.netty.util.concurrent.SingleThreadEventExecutor$5.run(SingleThreadEventExecutor.java:897)
	at org.apache.ratis.thirdparty.io.netty.util.concurrent.FastThreadLocalRunnable.run(FastThreadLocalRunnable.java:30)
	... 1 more
Caused by: java.net.ConnectException: Connection refused
	... 11 more
2019-10-15 03:21:57,109 [1974a9a1-a6f9-4483-963f-44bc27f0fbdf@group-169A166C894B-LeaderElection18] INFO  impl.RaftServerImpl (RaftServerImpl.java:setRole(170)) - 1974a9a1-a6f9-4483-963f-44bc27f0fbdf@group-169A166C894B: changes role from CANDIDATE to FOLLOWER at term 6 for DISCOVERED_A_NEW_TERM
2019-10-15 03:21:57,109 [1974a9a1-a6f9-4483-963f-44bc27f0fbdf@group-169A166C894B-LeaderElection18] INFO  impl.RoleInfo (RoleInfo.java:shutdownLeaderElection(134)) - 1974a9a1-a6f9-4483-963f-44bc27f0fbdf: shutdown LeaderElection
2019-10-15 03:21:57,109 [1974a9a1-a6f9-4483-963f-44bc27f0fbdf@group-169A166C894B-LeaderElection18] INFO  impl.RoleInfo (RoleInfo.java:updateAndGet(143)) - 1974a9a1-a6f9-4483-963f-44bc27f0fbdf: start FollowerState
2019-10-15 03:22:02,249 [Thread-493] INFO  impl.FollowerState (FollowerState.java:run(108)) - 1974a9a1-a6f9-4483-963f-44bc27f0fbdf@group-169A166C894B-FollowerState: change to CANDIDATE, lastRpcTime:5140ms, electionTimeout:5140ms
2019-10-15 03:22:02,252 [Thread-493] INFO  impl.RoleInfo (RoleInfo.java:shutdownFollowerState(121)) - 1974a9a1-a6f9-4483-963f-44bc27f0fbdf: shutdown FollowerState
2019-10-15 03:22:02,252 [Thread-493] INFO  impl.RaftServerImpl (RaftServerImpl.java:setRole(170)) - 1974a9a1-a6f9-4483-963f-44bc27f0fbdf@group-169A166C894B: changes role from  FOLLOWER to CANDIDATE at term 6 for changeToCandidate
2019-10-15 03:22:02,252 [Thread-493] INFO  impl.RoleInfo (RoleInfo.java:updateAndGet(143)) - 1974a9a1-a6f9-4483-963f-44bc27f0fbdf: start LeaderElection
2019-10-15 03:22:02,298 [1974a9a1-a6f9-4483-963f-44bc27f0fbdf@group-169A166C894B-LeaderElection19] INFO  impl.LeaderElection (LeaderElection.java:askForVotes(178)) - 1974a9a1-a6f9-4483-963f-44bc27f0fbdf@group-169A166C894B-LeaderElection19: begin an election at term 7 for 0: [7a6ae757-b1cb-4520-a3e0-bcfac033e2fd:192.168.157.236:40701, ee46b013-4f8a-4e1e-9d21-4cc7a5f61f32:192.168.157.236:33603, 1974a9a1-a6f9-4483-963f-44bc27f0fbdf:192.168.157.236:45308], old=null
2019-10-15 03:22:02,299 [1974a9a1-a6f9-4483-963f-44bc27f0fbdf@group-169A166C894B-LeaderElection19] INFO  impl.LeaderElection (LogUtils.java:infoOrTrace(149)) - 1974a9a1-a6f9-4483-963f-44bc27f0fbdf@group-169A166C894B-LeaderElection19 got exception when requesting votes: {}
java.util.concurrent.ExecutionException: org.apache.ratis.thirdparty.io.grpc.StatusRuntimeException: UNAVAILABLE: io exception
	at java.util.concurrent.FutureTask.report(FutureTask.java:122)
	at java.util.concurrent.FutureTask.get(FutureTask.java:192)
	at org.apache.ratis.server.impl.LeaderElection.waitForResults(LeaderElection.java:259)
	at org.apache.ratis.server.impl.LeaderElection.askForVotes(LeaderElection.java:197)
	at org.apache.ratis.server.impl.LeaderElection.run(LeaderElection.java:133)
	at java.lang.Thread.run(Thread.java:748)
Caused by: org.apache.ratis.thirdparty.io.grpc.StatusRuntimeException: UNAVAILABLE: io exception
	at org.apache.ratis.thirdparty.io.grpc.stub.ClientCalls.toStatusRuntimeException(ClientCalls.java:233)
	at org.apache.ratis.thirdparty.io.grpc.stub.ClientCalls.getUnchecked(ClientCalls.java:214)
	at org.apache.ratis.thirdparty.io.grpc.stub.ClientCalls.blockingUnaryCall(ClientCalls.java:139)
	at org.apache.ratis.proto.grpc.RaftServerProtocolServiceGrpc$RaftServerProtocolServiceBlockingStub.requestVote(RaftServerProtocolServiceGrpc.java:265)
	at org.apache.ratis.grpc.server.GrpcServerProtocolClient.requestVote(GrpcServerProtocolClient.java:99)
	at org.apache.ratis.grpc.server.GrpcService.requestVote(GrpcService.java:204)
	at org.apache.ratis.server.impl.LeaderElection.lambda$submitRequests$1(LeaderElection.java:234)
	at java.util.concurrent.FutureTask.run(FutureTask.java:266)
	at java.util.concurrent.Executors$RunnableAdapter.call(Executors.java:511)
	at java.util.concurrent.FutureTask.run(FutureTask.java:266)
	at java.util.concurrent.ThreadPoolExecutor.runWorker(ThreadPoolExecutor.java:1149)
	at java.util.concurrent.ThreadPoolExecutor$Worker.run(ThreadPoolExecutor.java:624)
	... 1 more
Caused by: org.apache.ratis.thirdparty.io.netty.channel.AbstractChannel$AnnotatedConnectException: Connection refused: /192.168.157.236:40701
	at sun.nio.ch.SocketChannelImpl.checkConnect(Native Method)
	at sun.nio.ch.SocketChannelImpl.finishConnect(SocketChannelImpl.java:717)
	at org.apache.ratis.thirdparty.io.netty.channel.socket.nio.NioSocketChannel.doFinishConnect(NioSocketChannel.java:327)
	at org.apache.ratis.thirdparty.io.netty.channel.nio.AbstractNioChannel$AbstractNioUnsafe.finishConnect(AbstractNioChannel.java:340)
	at org.apache.ratis.thirdparty.io.netty.channel.nio.NioEventLoop.processSelectedKey(NioEventLoop.java:632)
	at org.apache.ratis.thirdparty.io.netty.channel.nio.NioEventLoop.processSelectedKeysOptimized(NioEventLoop.java:579)
	at org.apache.ratis.thirdparty.io.netty.channel.nio.NioEventLoop.processSelectedKeys(NioEventLoop.java:496)
	at org.apache.ratis.thirdparty.io.netty.channel.nio.NioEventLoop.run(NioEventLoop.java:458)
	at org.apache.ratis.thirdparty.io.netty.util.concurrent.SingleThreadEventExecutor$5.run(SingleThreadEventExecutor.java:897)
	at org.apache.ratis.thirdparty.io.netty.util.concurrent.FastThreadLocalRunnable.run(FastThreadLocalRunnable.java:30)
	... 1 more
Caused by: java.net.ConnectException: Connection refused
	... 11 more
2019-10-15 03:22:02,302 [1974a9a1-a6f9-4483-963f-44bc27f0fbdf@group-169A166C894B-LeaderElection19] INFO  impl.LeaderElection (LogUtils.java:infoOrTrace(149)) - 1974a9a1-a6f9-4483-963f-44bc27f0fbdf@group-169A166C894B-LeaderElection19 got exception when requesting votes: {}
java.util.concurrent.ExecutionException: org.apache.ratis.thirdparty.io.grpc.StatusRuntimeException: UNAVAILABLE: io exception
	at java.util.concurrent.FutureTask.report(FutureTask.java:122)
	at java.util.concurrent.FutureTask.get(FutureTask.java:192)
	at org.apache.ratis.server.impl.LeaderElection.waitForResults(LeaderElection.java:259)
	at org.apache.ratis.server.impl.LeaderElection.askForVotes(LeaderElection.java:197)
	at org.apache.ratis.server.impl.LeaderElection.run(LeaderElection.java:133)
	at java.lang.Thread.run(Thread.java:748)
Caused by: org.apache.ratis.thirdparty.io.grpc.StatusRuntimeException: UNAVAILABLE: io exception
	at org.apache.ratis.thirdparty.io.grpc.stub.ClientCalls.toStatusRuntimeException(ClientCalls.java:233)
	at org.apache.ratis.thirdparty.io.grpc.stub.ClientCalls.getUnchecked(ClientCalls.java:214)
	at org.apache.ratis.thirdparty.io.grpc.stub.ClientCalls.blockingUnaryCall(ClientCalls.java:139)
	at org.apache.ratis.proto.grpc.RaftServerProtocolServiceGrpc$RaftServerProtocolServiceBlockingStub.requestVote(RaftServerProtocolServiceGrpc.java:265)
	at org.apache.ratis.grpc.server.GrpcServerProtocolClient.requestVote(GrpcServerProtocolClient.java:99)
	at org.apache.ratis.grpc.server.GrpcService.requestVote(GrpcService.java:204)
	at org.apache.ratis.server.impl.LeaderElection.lambda$submitRequests$1(LeaderElection.java:234)
	at java.util.concurrent.FutureTask.run(FutureTask.java:266)
	at java.util.concurrent.Executors$RunnableAdapter.call(Executors.java:511)
	at java.util.concurrent.FutureTask.run(FutureTask.java:266)
	at java.util.concurrent.ThreadPoolExecutor.runWorker(ThreadPoolExecutor.java:1149)
	at java.util.concurrent.ThreadPoolExecutor$Worker.run(ThreadPoolExecutor.java:624)
	... 1 more
Caused by: org.apache.ratis.thirdparty.io.netty.channel.AbstractChannel$AnnotatedConnectException: Connection refused: /192.168.157.236:33603
	at sun.nio.ch.SocketChannelImpl.checkConnect(Native Method)
	at sun.nio.ch.SocketChannelImpl.finishConnect(SocketChannelImpl.java:717)
	at org.apache.ratis.thirdparty.io.netty.channel.socket.nio.NioSocketChannel.doFinishConnect(NioSocketChannel.java:327)
	at org.apache.ratis.thirdparty.io.netty.channel.nio.AbstractNioChannel$AbstractNioUnsafe.finishConnect(AbstractNioChannel.java:340)
	at org.apache.ratis.thirdparty.io.netty.channel.nio.NioEventLoop.processSelectedKey(NioEventLoop.java:632)
	at org.apache.ratis.thirdparty.io.netty.channel.nio.NioEventLoop.processSelectedKeysOptimized(NioEventLoop.java:579)
	at org.apache.ratis.thirdparty.io.netty.channel.nio.NioEventLoop.processSelectedKeys(NioEventLoop.java:496)
	at org.apache.ratis.thirdparty.io.netty.channel.nio.NioEventLoop.run(NioEventLoop.java:458)
	at org.apache.ratis.thirdparty.io.netty.util.concurrent.SingleThreadEventExecutor$5.run(SingleThreadEventExecutor.java:897)
	at org.apache.ratis.thirdparty.io.netty.util.concurrent.FastThreadLocalRunnable.run(FastThreadLocalRunnable.java:30)
	... 1 more
Caused by: java.net.ConnectException: Connection refused
	... 11 more
2019-10-15 03:22:02,304 [1974a9a1-a6f9-4483-963f-44bc27f0fbdf@group-169A166C894B-LeaderElection19] INFO  impl.LeaderElection (LeaderElection.java:logAndReturn(56)) - 1974a9a1-a6f9-4483-963f-44bc27f0fbdf@group-169A166C894B-LeaderElection19: Election REJECTED; received 0 response(s) [] and 2 exception(s); 1974a9a1-a6f9-4483-963f-44bc27f0fbdf@group-169A166C894B:t7, leader=null, voted=1974a9a1-a6f9-4483-963f-44bc27f0fbdf, raftlog=1974a9a1-a6f9-4483-963f-44bc27f0fbdf@group-169A166C894B-SegmentedRaftLog:OPENED:c16,f16,i16, conf=0: [7a6ae757-b1cb-4520-a3e0-bcfac033e2fd:192.168.157.236:40701, ee46b013-4f8a-4e1e-9d21-4cc7a5f61f32:192.168.157.236:33603, 1974a9a1-a6f9-4483-963f-44bc27f0fbdf:192.168.157.236:45308], old=null
2019-10-15 03:22:02,305 [1974a9a1-a6f9-4483-963f-44bc27f0fbdf@group-169A166C894B-LeaderElection19] INFO  impl.LeaderElection (LogUtils.java:infoOrTrace(149)) -   Exception 0: {}
java.util.concurrent.ExecutionException: org.apache.ratis.thirdparty.io.grpc.StatusRuntimeException: UNAVAILABLE: io exception
	at java.util.concurrent.FutureTask.report(FutureTask.java:122)
	at java.util.concurrent.FutureTask.get(FutureTask.java:192)
	at org.apache.ratis.server.impl.LeaderElection.waitForResults(LeaderElection.java:259)
	at org.apache.ratis.server.impl.LeaderElection.askForVotes(LeaderElection.java:197)
	at org.apache.ratis.server.impl.LeaderElection.run(LeaderElection.java:133)
	at java.lang.Thread.run(Thread.java:748)
Caused by: org.apache.ratis.thirdparty.io.grpc.StatusRuntimeException: UNAVAILABLE: io exception
	at org.apache.ratis.thirdparty.io.grpc.stub.ClientCalls.toStatusRuntimeException(ClientCalls.java:233)
	at org.apache.ratis.thirdparty.io.grpc.stub.ClientCalls.getUnchecked(ClientCalls.java:214)
	at org.apache.ratis.thirdparty.io.grpc.stub.ClientCalls.blockingUnaryCall(ClientCalls.java:139)
	at org.apache.ratis.proto.grpc.RaftServerProtocolServiceGrpc$RaftServerProtocolServiceBlockingStub.requestVote(RaftServerProtocolServiceGrpc.java:265)
	at org.apache.ratis.grpc.server.GrpcServerProtocolClient.requestVote(GrpcServerProtocolClient.java:99)
	at org.apache.ratis.grpc.server.GrpcService.requestVote(GrpcService.java:204)
	at org.apache.ratis.server.impl.LeaderElection.lambda$submitRequests$1(LeaderElection.java:234)
	at java.util.concurrent.FutureTask.run(FutureTask.java:266)
	at java.util.concurrent.Executors$RunnableAdapter.call(Executors.java:511)
	at java.util.concurrent.FutureTask.run(FutureTask.java:266)
	at java.util.concurrent.ThreadPoolExecutor.runWorker(ThreadPoolExecutor.java:1149)
	at java.util.concurrent.ThreadPoolExecutor$Worker.run(ThreadPoolExecutor.java:624)
	... 1 more
Caused by: org.apache.ratis.thirdparty.io.netty.channel.AbstractChannel$AnnotatedConnectException: Connection refused: /192.168.157.236:40701
	at sun.nio.ch.SocketChannelImpl.checkConnect(Native Method)
	at sun.nio.ch.SocketChannelImpl.finishConnect(SocketChannelImpl.java:717)
	at org.apache.ratis.thirdparty.io.netty.channel.socket.nio.NioSocketChannel.doFinishConnect(NioSocketChannel.java:327)
	at org.apache.ratis.thirdparty.io.netty.channel.nio.AbstractNioChannel$AbstractNioUnsafe.finishConnect(AbstractNioChannel.java:340)
	at org.apache.ratis.thirdparty.io.netty.channel.nio.NioEventLoop.processSelectedKey(NioEventLoop.java:632)
	at org.apache.ratis.thirdparty.io.netty.channel.nio.NioEventLoop.processSelectedKeysOptimized(NioEventLoop.java:579)
	at org.apache.ratis.thirdparty.io.netty.channel.nio.NioEventLoop.processSelectedKeys(NioEventLoop.java:496)
	at org.apache.ratis.thirdparty.io.netty.channel.nio.NioEventLoop.run(NioEventLoop.java:458)
	at org.apache.ratis.thirdparty.io.netty.util.concurrent.SingleThreadEventExecutor$5.run(SingleThreadEventExecutor.java:897)
	at org.apache.ratis.thirdparty.io.netty.util.concurrent.FastThreadLocalRunnable.run(FastThreadLocalRunnable.java:30)
	... 1 more
Caused by: java.net.ConnectException: Connection refused
	... 11 more
2019-10-15 03:22:02,305 [1974a9a1-a6f9-4483-963f-44bc27f0fbdf@group-169A166C894B-LeaderElection19] INFO  impl.LeaderElection (LogUtils.java:infoOrTrace(149)) -   Exception 1: {}
java.util.concurrent.ExecutionException: org.apache.ratis.thirdparty.io.grpc.StatusRuntimeException: UNAVAILABLE: io exception
	at java.util.concurrent.FutureTask.report(FutureTask.java:122)
	at java.util.concurrent.FutureTask.get(FutureTask.java:192)
	at org.apache.ratis.server.impl.LeaderElection.waitForResults(LeaderElection.java:259)
	at org.apache.ratis.server.impl.LeaderElection.askForVotes(LeaderElection.java:197)
	at org.apache.ratis.server.impl.LeaderElection.run(LeaderElection.java:133)
	at java.lang.Thread.run(Thread.java:748)
Caused by: org.apache.ratis.thirdparty.io.grpc.StatusRuntimeException: UNAVAILABLE: io exception
	at org.apache.ratis.thirdparty.io.grpc.stub.ClientCalls.toStatusRuntimeException(ClientCalls.java:233)
	at org.apache.ratis.thirdparty.io.grpc.stub.ClientCalls.getUnchecked(ClientCalls.java:214)
	at org.apache.ratis.thirdparty.io.grpc.stub.ClientCalls.blockingUnaryCall(ClientCalls.java:139)
	at org.apache.ratis.proto.grpc.RaftServerProtocolServiceGrpc$RaftServerProtocolServiceBlockingStub.requestVote(RaftServerProtocolServiceGrpc.java:265)
	at org.apache.ratis.grpc.server.GrpcServerProtocolClient.requestVote(GrpcServerProtocolClient.java:99)
	at org.apache.ratis.grpc.server.GrpcService.requestVote(GrpcService.java:204)
	at org.apache.ratis.server.impl.LeaderElection.lambda$submitRequests$1(LeaderElection.java:234)
	at java.util.concurrent.FutureTask.run(FutureTask.java:266)
	at java.util.concurrent.Executors$RunnableAdapter.call(Executors.java:511)
	at java.util.concurrent.FutureTask.run(FutureTask.java:266)
	at java.util.concurrent.ThreadPoolExecutor.runWorker(ThreadPoolExecutor.java:1149)
	at java.util.concurrent.ThreadPoolExecutor$Worker.run(ThreadPoolExecutor.java:624)
	... 1 more
Caused by: org.apache.ratis.thirdparty.io.netty.channel.AbstractChannel$AnnotatedConnectException: Connection refused: /192.168.157.236:33603
	at sun.nio.ch.SocketChannelImpl.checkConnect(Native Method)
	at sun.nio.ch.SocketChannelImpl.finishConnect(SocketChannelImpl.java:717)
	at org.apache.ratis.thirdparty.io.netty.channel.socket.nio.NioSocketChannel.doFinishConnect(NioSocketChannel.java:327)
	at org.apache.ratis.thirdparty.io.netty.channel.nio.AbstractNioChannel$AbstractNioUnsafe.finishConnect(AbstractNioChannel.java:340)
	at org.apache.ratis.thirdparty.io.netty.channel.nio.NioEventLoop.processSelectedKey(NioEventLoop.java:632)
	at org.apache.ratis.thirdparty.io.netty.channel.nio.NioEventLoop.processSelectedKeysOptimized(NioEventLoop.java:579)
	at org.apache.ratis.thirdparty.io.netty.channel.nio.NioEventLoop.processSelectedKeys(NioEventLoop.java:496)
	at org.apache.ratis.thirdparty.io.netty.channel.nio.NioEventLoop.run(NioEventLoop.java:458)
	at org.apache.ratis.thirdparty.io.netty.util.concurrent.SingleThreadEventExecutor$5.run(SingleThreadEventExecutor.java:897)
	at org.apache.ratis.thirdparty.io.netty.util.concurrent.FastThreadLocalRunnable.run(FastThreadLocalRunnable.java:30)
	... 1 more
Caused by: java.net.ConnectException: Connection refused
	... 11 more
2019-10-15 03:22:02,305 [1974a9a1-a6f9-4483-963f-44bc27f0fbdf@group-169A166C894B-LeaderElection19] INFO  impl.RaftServerImpl (RaftServerImpl.java:setRole(170)) - 1974a9a1-a6f9-4483-963f-44bc27f0fbdf@group-169A166C894B: changes role from CANDIDATE to FOLLOWER at term 7 for DISCOVERED_A_NEW_TERM
2019-10-15 03:22:02,306 [1974a9a1-a6f9-4483-963f-44bc27f0fbdf@group-169A166C894B-LeaderElection19] INFO  impl.RoleInfo (RoleInfo.java:shutdownLeaderElection(134)) - 1974a9a1-a6f9-4483-963f-44bc27f0fbdf: shutdown LeaderElection
2019-10-15 03:22:02,306 [1974a9a1-a6f9-4483-963f-44bc27f0fbdf@group-169A166C894B-LeaderElection19] INFO  impl.RoleInfo (RoleInfo.java:updateAndGet(143)) - 1974a9a1-a6f9-4483-963f-44bc27f0fbdf: start FollowerState
2019-10-15 03:22:07,414 [Thread-507] INFO  impl.FollowerState (FollowerState.java:run(108)) - 1974a9a1-a6f9-4483-963f-44bc27f0fbdf@group-169A166C894B-FollowerState: change to CANDIDATE, lastRpcTime:5108ms, electionTimeout:5108ms
2019-10-15 03:22:07,417 [Thread-507] INFO  impl.RoleInfo (RoleInfo.java:shutdownFollowerState(121)) - 1974a9a1-a6f9-4483-963f-44bc27f0fbdf: shutdown FollowerState
2019-10-15 03:22:07,417 [Thread-507] INFO  impl.RaftServerImpl (RaftServerImpl.java:setRole(170)) - 1974a9a1-a6f9-4483-963f-44bc27f0fbdf@group-169A166C894B: changes role from  FOLLOWER to CANDIDATE at term 7 for changeToCandidate
2019-10-15 03:22:07,418 [Thread-507] INFO  impl.RoleInfo (RoleInfo.java:updateAndGet(143)) - 1974a9a1-a6f9-4483-963f-44bc27f0fbdf: start LeaderElection
2019-10-15 03:22:07,455 [1974a9a1-a6f9-4483-963f-44bc27f0fbdf@group-169A166C894B-LeaderElection20] INFO  impl.LeaderElection (LeaderElection.java:askForVotes(178)) - 1974a9a1-a6f9-4483-963f-44bc27f0fbdf@group-169A166C894B-LeaderElection20: begin an election at term 8 for 0: [7a6ae757-b1cb-4520-a3e0-bcfac033e2fd:192.168.157.236:40701, ee46b013-4f8a-4e1e-9d21-4cc7a5f61f32:192.168.157.236:33603, 1974a9a1-a6f9-4483-963f-44bc27f0fbdf:192.168.157.236:45308], old=null
2019-10-15 03:22:07,456 [1974a9a1-a6f9-4483-963f-44bc27f0fbdf@group-169A166C894B-LeaderElection20] INFO  impl.LeaderElection (LogUtils.java:infoOrTrace(149)) - 1974a9a1-a6f9-4483-963f-44bc27f0fbdf@group-169A166C894B-LeaderElection20 got exception when requesting votes: {}
java.util.concurrent.ExecutionException: org.apache.ratis.thirdparty.io.grpc.StatusRuntimeException: UNAVAILABLE: io exception
	at java.util.concurrent.FutureTask.report(FutureTask.java:122)
	at java.util.concurrent.FutureTask.get(FutureTask.java:192)
	at org.apache.ratis.server.impl.LeaderElection.waitForResults(LeaderElection.java:259)
	at org.apache.ratis.server.impl.LeaderElection.askForVotes(LeaderElection.java:197)
	at org.apache.ratis.server.impl.LeaderElection.run(LeaderElection.java:133)
	at java.lang.Thread.run(Thread.java:748)
Caused by: org.apache.ratis.thirdparty.io.grpc.StatusRuntimeException: UNAVAILABLE: io exception
	at org.apache.ratis.thirdparty.io.grpc.stub.ClientCalls.toStatusRuntimeException(ClientCalls.java:233)
	at org.apache.ratis.thirdparty.io.grpc.stub.ClientCalls.getUnchecked(ClientCalls.java:214)
	at org.apache.ratis.thirdparty.io.grpc.stub.ClientCalls.blockingUnaryCall(ClientCalls.java:139)
	at org.apache.ratis.proto.grpc.RaftServerProtocolServiceGrpc$RaftServerProtocolServiceBlockingStub.requestVote(RaftServerProtocolServiceGrpc.java:265)
	at org.apache.ratis.grpc.server.GrpcServerProtocolClient.requestVote(GrpcServerProtocolClient.java:99)
	at org.apache.ratis.grpc.server.GrpcService.requestVote(GrpcService.java:204)
	at org.apache.ratis.server.impl.LeaderElection.lambda$submitRequests$1(LeaderElection.java:234)
	at java.util.concurrent.FutureTask.run(FutureTask.java:266)
	at java.util.concurrent.Executors$RunnableAdapter.call(Executors.java:511)
	at java.util.concurrent.FutureTask.run(FutureTask.java:266)
	at java.util.concurrent.ThreadPoolExecutor.runWorker(ThreadPoolExecutor.java:1149)
	at java.util.concurrent.ThreadPoolExecutor$Worker.run(ThreadPoolExecutor.java:624)
	... 1 more
Caused by: org.apache.ratis.thirdparty.io.netty.channel.AbstractChannel$AnnotatedConnectException: Connection refused: /192.168.157.236:40701
	at sun.nio.ch.SocketChannelImpl.checkConnect(Native Method)
	at sun.nio.ch.SocketChannelImpl.finishConnect(SocketChannelImpl.java:717)
	at org.apache.ratis.thirdparty.io.netty.channel.socket.nio.NioSocketChannel.doFinishConnect(NioSocketChannel.java:327)
	at org.apache.ratis.thirdparty.io.netty.channel.nio.AbstractNioChannel$AbstractNioUnsafe.finishConnect(AbstractNioChannel.java:340)
	at org.apache.ratis.thirdparty.io.netty.channel.nio.NioEventLoop.processSelectedKey(NioEventLoop.java:632)
	at org.apache.ratis.thirdparty.io.netty.channel.nio.NioEventLoop.processSelectedKeysOptimized(NioEventLoop.java:579)
	at org.apache.ratis.thirdparty.io.netty.channel.nio.NioEventLoop.processSelectedKeys(NioEventLoop.java:496)
	at org.apache.ratis.thirdparty.io.netty.channel.nio.NioEventLoop.run(NioEventLoop.java:458)
	at org.apache.ratis.thirdparty.io.netty.util.concurrent.SingleThreadEventExecutor$5.run(SingleThreadEventExecutor.java:897)
	at org.apache.ratis.thirdparty.io.netty.util.concurrent.FastThreadLocalRunnable.run(FastThreadLocalRunnable.java:30)
	... 1 more
Caused by: java.net.ConnectException: Connection refused
	... 11 more
2019-10-15 03:22:07,459 [1974a9a1-a6f9-4483-963f-44bc27f0fbdf@group-169A166C894B-LeaderElection20] INFO  impl.LeaderElection (LogUtils.java:infoOrTrace(149)) - 1974a9a1-a6f9-4483-963f-44bc27f0fbdf@group-169A166C894B-LeaderElection20 got exception when requesting votes: {}
java.util.concurrent.ExecutionException: org.apache.ratis.thirdparty.io.grpc.StatusRuntimeException: UNAVAILABLE: io exception
	at java.util.concurrent.FutureTask.report(FutureTask.java:122)
	at java.util.concurrent.FutureTask.get(FutureTask.java:192)
	at org.apache.ratis.server.impl.LeaderElection.waitForResults(LeaderElection.java:259)
	at org.apache.ratis.server.impl.LeaderElection.askForVotes(LeaderElection.java:197)
	at org.apache.ratis.server.impl.LeaderElection.run(LeaderElection.java:133)
	at java.lang.Thread.run(Thread.java:748)
Caused by: org.apache.ratis.thirdparty.io.grpc.StatusRuntimeException: UNAVAILABLE: io exception
	at org.apache.ratis.thirdparty.io.grpc.stub.ClientCalls.toStatusRuntimeException(ClientCalls.java:233)
	at org.apache.ratis.thirdparty.io.grpc.stub.ClientCalls.getUnchecked(ClientCalls.java:214)
	at org.apache.ratis.thirdparty.io.grpc.stub.ClientCalls.blockingUnaryCall(ClientCalls.java:139)
	at org.apache.ratis.proto.grpc.RaftServerProtocolServiceGrpc$RaftServerProtocolServiceBlockingStub.requestVote(RaftServerProtocolServiceGrpc.java:265)
	at org.apache.ratis.grpc.server.GrpcServerProtocolClient.requestVote(GrpcServerProtocolClient.java:99)
	at org.apache.ratis.grpc.server.GrpcService.requestVote(GrpcService.java:204)
	at org.apache.ratis.server.impl.LeaderElection.lambda$submitRequests$1(LeaderElection.java:234)
	at java.util.concurrent.FutureTask.run(FutureTask.java:266)
	at java.util.concurrent.Executors$RunnableAdapter.call(Executors.java:511)
	at java.util.concurrent.FutureTask.run(FutureTask.java:266)
	at java.util.concurrent.ThreadPoolExecutor.runWorker(ThreadPoolExecutor.java:1149)
	at java.util.concurrent.ThreadPoolExecutor$Worker.run(ThreadPoolExecutor.java:624)
	... 1 more
Caused by: org.apache.ratis.thirdparty.io.netty.channel.AbstractChannel$AnnotatedConnectException: Connection refused: /192.168.157.236:33603
	at sun.nio.ch.SocketChannelImpl.checkConnect(Native Method)
	at sun.nio.ch.SocketChannelImpl.finishConnect(SocketChannelImpl.java:717)
	at org.apache.ratis.thirdparty.io.netty.channel.socket.nio.NioSocketChannel.doFinishConnect(NioSocketChannel.java:327)
	at org.apache.ratis.thirdparty.io.netty.channel.nio.AbstractNioChannel$AbstractNioUnsafe.finishConnect(AbstractNioChannel.java:340)
	at org.apache.ratis.thirdparty.io.netty.channel.nio.NioEventLoop.processSelectedKey(NioEventLoop.java:632)
	at org.apache.ratis.thirdparty.io.netty.channel.nio.NioEventLoop.processSelectedKeysOptimized(NioEventLoop.java:579)
	at org.apache.ratis.thirdparty.io.netty.channel.nio.NioEventLoop.processSelectedKeys(NioEventLoop.java:496)
	at org.apache.ratis.thirdparty.io.netty.channel.nio.NioEventLoop.run(NioEventLoop.java:458)
	at org.apache.ratis.thirdparty.io.netty.util.concurrent.SingleThreadEventExecutor$5.run(SingleThreadEventExecutor.java:897)
	at org.apache.ratis.thirdparty.io.netty.util.concurrent.FastThreadLocalRunnable.run(FastThreadLocalRunnable.java:30)
	... 1 more
Caused by: java.net.ConnectException: Connection refused
	... 11 more
2019-10-15 03:22:07,464 [1974a9a1-a6f9-4483-963f-44bc27f0fbdf@group-169A166C894B-LeaderElection20] INFO  impl.LeaderElection (LeaderElection.java:logAndReturn(56)) - 1974a9a1-a6f9-4483-963f-44bc27f0fbdf@group-169A166C894B-LeaderElection20: Election REJECTED; received 0 response(s) [] and 2 exception(s); 1974a9a1-a6f9-4483-963f-44bc27f0fbdf@group-169A166C894B:t8, leader=null, voted=1974a9a1-a6f9-4483-963f-44bc27f0fbdf, raftlog=1974a9a1-a6f9-4483-963f-44bc27f0fbdf@group-169A166C894B-SegmentedRaftLog:OPENED:c16,f16,i16, conf=0: [7a6ae757-b1cb-4520-a3e0-bcfac033e2fd:192.168.157.236:40701, ee46b013-4f8a-4e1e-9d21-4cc7a5f61f32:192.168.157.236:33603, 1974a9a1-a6f9-4483-963f-44bc27f0fbdf:192.168.157.236:45308], old=null
2019-10-15 03:22:07,464 [1974a9a1-a6f9-4483-963f-44bc27f0fbdf@group-169A166C894B-LeaderElection20] INFO  impl.LeaderElection (LogUtils.java:infoOrTrace(149)) -   Exception 0: {}
java.util.concurrent.ExecutionException: org.apache.ratis.thirdparty.io.grpc.StatusRuntimeException: UNAVAILABLE: io exception
	at java.util.concurrent.FutureTask.report(FutureTask.java:122)
	at java.util.concurrent.FutureTask.get(FutureTask.java:192)
	at org.apache.ratis.server.impl.LeaderElection.waitForResults(LeaderElection.java:259)
	at org.apache.ratis.server.impl.LeaderElection.askForVotes(LeaderElection.java:197)
	at org.apache.ratis.server.impl.LeaderElection.run(LeaderElection.java:133)
	at java.lang.Thread.run(Thread.java:748)
Caused by: org.apache.ratis.thirdparty.io.grpc.StatusRuntimeException: UNAVAILABLE: io exception
	at org.apache.ratis.thirdparty.io.grpc.stub.ClientCalls.toStatusRuntimeException(ClientCalls.java:233)
	at org.apache.ratis.thirdparty.io.grpc.stub.ClientCalls.getUnchecked(ClientCalls.java:214)
	at org.apache.ratis.thirdparty.io.grpc.stub.ClientCalls.blockingUnaryCall(ClientCalls.java:139)
	at org.apache.ratis.proto.grpc.RaftServerProtocolServiceGrpc$RaftServerProtocolServiceBlockingStub.requestVote(RaftServerProtocolServiceGrpc.java:265)
	at org.apache.ratis.grpc.server.GrpcServerProtocolClient.requestVote(GrpcServerProtocolClient.java:99)
	at org.apache.ratis.grpc.server.GrpcService.requestVote(GrpcService.java:204)
	at org.apache.ratis.server.impl.LeaderElection.lambda$submitRequests$1(LeaderElection.java:234)
	at java.util.concurrent.FutureTask.run(FutureTask.java:266)
	at java.util.concurrent.Executors$RunnableAdapter.call(Executors.java:511)
	at java.util.concurrent.FutureTask.run(FutureTask.java:266)
	at java.util.concurrent.ThreadPoolExecutor.runWorker(ThreadPoolExecutor.java:1149)
	at java.util.concurrent.ThreadPoolExecutor$Worker.run(ThreadPoolExecutor.java:624)
	... 1 more
Caused by: org.apache.ratis.thirdparty.io.netty.channel.AbstractChannel$AnnotatedConnectException: Connection refused: /192.168.157.236:40701
	at sun.nio.ch.SocketChannelImpl.checkConnect(Native Method)
	at sun.nio.ch.SocketChannelImpl.finishConnect(SocketChannelImpl.java:717)
	at org.apache.ratis.thirdparty.io.netty.channel.socket.nio.NioSocketChannel.doFinishConnect(NioSocketChannel.java:327)
	at org.apache.ratis.thirdparty.io.netty.channel.nio.AbstractNioChannel$AbstractNioUnsafe.finishConnect(AbstractNioChannel.java:340)
	at org.apache.ratis.thirdparty.io.netty.channel.nio.NioEventLoop.processSelectedKey(NioEventLoop.java:632)
	at org.apache.ratis.thirdparty.io.netty.channel.nio.NioEventLoop.processSelectedKeysOptimized(NioEventLoop.java:579)
	at org.apache.ratis.thirdparty.io.netty.channel.nio.NioEventLoop.processSelectedKeys(NioEventLoop.java:496)
	at org.apache.ratis.thirdparty.io.netty.channel.nio.NioEventLoop.run(NioEventLoop.java:458)
	at org.apache.ratis.thirdparty.io.netty.util.concurrent.SingleThreadEventExecutor$5.run(SingleThreadEventExecutor.java:897)
	at org.apache.ratis.thirdparty.io.netty.util.concurrent.FastThreadLocalRunnable.run(FastThreadLocalRunnable.java:30)
	... 1 more
Caused by: java.net.ConnectException: Connection refused
	... 11 more
2019-10-15 03:22:07,464 [1974a9a1-a6f9-4483-963f-44bc27f0fbdf@group-169A166C894B-LeaderElection20] INFO  impl.LeaderElection (LogUtils.java:infoOrTrace(149)) -   Exception 1: {}
java.util.concurrent.ExecutionException: org.apache.ratis.thirdparty.io.grpc.StatusRuntimeException: UNAVAILABLE: io exception
	at java.util.concurrent.FutureTask.report(FutureTask.java:122)
	at java.util.concurrent.FutureTask.get(FutureTask.java:192)
	at org.apache.ratis.server.impl.LeaderElection.waitForResults(LeaderElection.java:259)
	at org.apache.ratis.server.impl.LeaderElection.askForVotes(LeaderElection.java:197)
	at org.apache.ratis.server.impl.LeaderElection.run(LeaderElection.java:133)
	at java.lang.Thread.run(Thread.java:748)
Caused by: org.apache.ratis.thirdparty.io.grpc.StatusRuntimeException: UNAVAILABLE: io exception
	at org.apache.ratis.thirdparty.io.grpc.stub.ClientCalls.toStatusRuntimeException(ClientCalls.java:233)
	at org.apache.ratis.thirdparty.io.grpc.stub.ClientCalls.getUnchecked(ClientCalls.java:214)
	at org.apache.ratis.thirdparty.io.grpc.stub.ClientCalls.blockingUnaryCall(ClientCalls.java:139)
	at org.apache.ratis.proto.grpc.RaftServerProtocolServiceGrpc$RaftServerProtocolServiceBlockingStub.requestVote(RaftServerProtocolServiceGrpc.java:265)
	at org.apache.ratis.grpc.server.GrpcServerProtocolClient.requestVote(GrpcServerProtocolClient.java:99)
	at org.apache.ratis.grpc.server.GrpcService.requestVote(GrpcService.java:204)
	at org.apache.ratis.server.impl.LeaderElection.lambda$submitRequests$1(LeaderElection.java:234)
	at java.util.concurrent.FutureTask.run(FutureTask.java:266)
	at java.util.concurrent.Executors$RunnableAdapter.call(Executors.java:511)
	at java.util.concurrent.FutureTask.run(FutureTask.java:266)
	at java.util.concurrent.ThreadPoolExecutor.runWorker(ThreadPoolExecutor.java:1149)
	at java.util.concurrent.ThreadPoolExecutor$Worker.run(ThreadPoolExecutor.java:624)
	... 1 more
Caused by: org.apache.ratis.thirdparty.io.netty.channel.AbstractChannel$AnnotatedConnectException: Connection refused: /192.168.157.236:33603
	at sun.nio.ch.SocketChannelImpl.checkConnect(Native Method)
	at sun.nio.ch.SocketChannelImpl.finishConnect(SocketChannelImpl.java:717)
	at org.apache.ratis.thirdparty.io.netty.channel.socket.nio.NioSocketChannel.doFinishConnect(NioSocketChannel.java:327)
	at org.apache.ratis.thirdparty.io.netty.channel.nio.AbstractNioChannel$AbstractNioUnsafe.finishConnect(AbstractNioChannel.java:340)
	at org.apache.ratis.thirdparty.io.netty.channel.nio.NioEventLoop.processSelectedKey(NioEventLoop.java:632)
	at org.apache.ratis.thirdparty.io.netty.channel.nio.NioEventLoop.processSelectedKeysOptimized(NioEventLoop.java:579)
	at org.apache.ratis.thirdparty.io.netty.channel.nio.NioEventLoop.processSelectedKeys(NioEventLoop.java:496)
	at org.apache.ratis.thirdparty.io.netty.channel.nio.NioEventLoop.run(NioEventLoop.java:458)
	at org.apache.ratis.thirdparty.io.netty.util.concurrent.SingleThreadEventExecutor$5.run(SingleThreadEventExecutor.java:897)
	at org.apache.ratis.thirdparty.io.netty.util.concurrent.FastThreadLocalRunnable.run(FastThreadLocalRunnable.java:30)
	... 1 more
Caused by: java.net.ConnectException: Connection refused
	... 11 more
2019-10-15 03:22:07,465 [1974a9a1-a6f9-4483-963f-44bc27f0fbdf@group-169A166C894B-LeaderElection20] INFO  impl.RaftServerImpl (RaftServerImpl.java:setRole(170)) - 1974a9a1-a6f9-4483-963f-44bc27f0fbdf@group-169A166C894B: changes role from CANDIDATE to FOLLOWER at term 8 for DISCOVERED_A_NEW_TERM
2019-10-15 03:22:07,465 [1974a9a1-a6f9-4483-963f-44bc27f0fbdf@group-169A166C894B-LeaderElection20] INFO  impl.RoleInfo (RoleInfo.java:shutdownLeaderElection(134)) - 1974a9a1-a6f9-4483-963f-44bc27f0fbdf: shutdown LeaderElection
2019-10-15 03:22:07,466 [1974a9a1-a6f9-4483-963f-44bc27f0fbdf@group-169A166C894B-LeaderElection20] INFO  impl.RoleInfo (RoleInfo.java:updateAndGet(143)) - 1974a9a1-a6f9-4483-963f-44bc27f0fbdf: start FollowerState
2019-10-15 03:22:12,501 [Thread-528] INFO  impl.FollowerState (FollowerState.java:run(108)) - 1974a9a1-a6f9-4483-963f-44bc27f0fbdf@group-169A166C894B-FollowerState: change to CANDIDATE, lastRpcTime:5035ms, electionTimeout:5035ms
2019-10-15 03:22:12,505 [Thread-528] INFO  impl.RoleInfo (RoleInfo.java:shutdownFollowerState(121)) - 1974a9a1-a6f9-4483-963f-44bc27f0fbdf: shutdown FollowerState
2019-10-15 03:22:12,505 [Thread-528] INFO  impl.RaftServerImpl (RaftServerImpl.java:setRole(170)) - 1974a9a1-a6f9-4483-963f-44bc27f0fbdf@group-169A166C894B: changes role from  FOLLOWER to CANDIDATE at term 8 for changeToCandidate
2019-10-15 03:22:12,506 [Thread-528] INFO  impl.RoleInfo (RoleInfo.java:updateAndGet(143)) - 1974a9a1-a6f9-4483-963f-44bc27f0fbdf: start LeaderElection
2019-10-15 03:22:12,596 [1974a9a1-a6f9-4483-963f-44bc27f0fbdf@group-169A166C894B-LeaderElection21] INFO  impl.LeaderElection (LeaderElection.java:askForVotes(178)) - 1974a9a1-a6f9-4483-963f-44bc27f0fbdf@group-169A166C894B-LeaderElection21: begin an election at term 9 for 0: [7a6ae757-b1cb-4520-a3e0-bcfac033e2fd:192.168.157.236:40701, ee46b013-4f8a-4e1e-9d21-4cc7a5f61f32:192.168.157.236:33603, 1974a9a1-a6f9-4483-963f-44bc27f0fbdf:192.168.157.236:45308], old=null
2019-10-15 03:22:12,598 [1974a9a1-a6f9-4483-963f-44bc27f0fbdf@group-169A166C894B-LeaderElection21] INFO  impl.LeaderElection (LogUtils.java:infoOrTrace(149)) - 1974a9a1-a6f9-4483-963f-44bc27f0fbdf@group-169A166C894B-LeaderElection21 got exception when requesting votes: {}
java.util.concurrent.ExecutionException: org.apache.ratis.thirdparty.io.grpc.StatusRuntimeException: UNAVAILABLE: io exception
	at java.util.concurrent.FutureTask.report(FutureTask.java:122)
	at java.util.concurrent.FutureTask.get(FutureTask.java:192)
	at org.apache.ratis.server.impl.LeaderElection.waitForResults(LeaderElection.java:259)
	at org.apache.ratis.server.impl.LeaderElection.askForVotes(LeaderElection.java:197)
	at org.apache.ratis.server.impl.LeaderElection.run(LeaderElection.java:133)
	at java.lang.Thread.run(Thread.java:748)
Caused by: org.apache.ratis.thirdparty.io.grpc.StatusRuntimeException: UNAVAILABLE: io exception
	at org.apache.ratis.thirdparty.io.grpc.stub.ClientCalls.toStatusRuntimeException(ClientCalls.java:233)
	at org.apache.ratis.thirdparty.io.grpc.stub.ClientCalls.getUnchecked(ClientCalls.java:214)
	at org.apache.ratis.thirdparty.io.grpc.stub.ClientCalls.blockingUnaryCall(ClientCalls.java:139)
	at org.apache.ratis.proto.grpc.RaftServerProtocolServiceGrpc$RaftServerProtocolServiceBlockingStub.requestVote(RaftServerProtocolServiceGrpc.java:265)
	at org.apache.ratis.grpc.server.GrpcServerProtocolClient.requestVote(GrpcServerProtocolClient.java:99)
	at org.apache.ratis.grpc.server.GrpcService.requestVote(GrpcService.java:204)
	at org.apache.ratis.server.impl.LeaderElection.lambda$submitRequests$1(LeaderElection.java:234)
	at java.util.concurrent.FutureTask.run(FutureTask.java:266)
	at java.util.concurrent.Executors$RunnableAdapter.call(Executors.java:511)
	at java.util.concurrent.FutureTask.run(FutureTask.java:266)
	at java.util.concurrent.ThreadPoolExecutor.runWorker(ThreadPoolExecutor.java:1149)
	at java.util.concurrent.ThreadPoolExecutor$Worker.run(ThreadPoolExecutor.java:624)
	... 1 more
Caused by: org.apache.ratis.thirdparty.io.netty.channel.AbstractChannel$AnnotatedConnectException: Connection refused: /192.168.157.236:40701
	at sun.nio.ch.SocketChannelImpl.checkConnect(Native Method)
	at sun.nio.ch.SocketChannelImpl.finishConnect(SocketChannelImpl.java:717)
	at org.apache.ratis.thirdparty.io.netty.channel.socket.nio.NioSocketChannel.doFinishConnect(NioSocketChannel.java:327)
	at org.apache.ratis.thirdparty.io.netty.channel.nio.AbstractNioChannel$AbstractNioUnsafe.finishConnect(AbstractNioChannel.java:340)
	at org.apache.ratis.thirdparty.io.netty.channel.nio.NioEventLoop.processSelectedKey(NioEventLoop.java:632)
	at org.apache.ratis.thirdparty.io.netty.channel.nio.NioEventLoop.processSelectedKeysOptimized(NioEventLoop.java:579)
	at org.apache.ratis.thirdparty.io.netty.channel.nio.NioEventLoop.processSelectedKeys(NioEventLoop.java:496)
	at org.apache.ratis.thirdparty.io.netty.channel.nio.NioEventLoop.run(NioEventLoop.java:458)
	at org.apache.ratis.thirdparty.io.netty.util.concurrent.SingleThreadEventExecutor$5.run(SingleThreadEventExecutor.java:897)
	at org.apache.ratis.thirdparty.io.netty.util.concurrent.FastThreadLocalRunnable.run(FastThreadLocalRunnable.java:30)
	... 1 more
Caused by: java.net.ConnectException: Connection refused
	... 11 more
2019-10-15 03:22:12,601 [1974a9a1-a6f9-4483-963f-44bc27f0fbdf@group-169A166C894B-LeaderElection21] INFO  impl.LeaderElection (LogUtils.java:infoOrTrace(149)) - 1974a9a1-a6f9-4483-963f-44bc27f0fbdf@group-169A166C894B-LeaderElection21 got exception when requesting votes: {}
java.util.concurrent.ExecutionException: org.apache.ratis.thirdparty.io.grpc.StatusRuntimeException: UNAVAILABLE: io exception
	at java.util.concurrent.FutureTask.report(FutureTask.java:122)
	at java.util.concurrent.FutureTask.get(FutureTask.java:192)
	at org.apache.ratis.server.impl.LeaderElection.waitForResults(LeaderElection.java:259)
	at org.apache.ratis.server.impl.LeaderElection.askForVotes(LeaderElection.java:197)
	at org.apache.ratis.server.impl.LeaderElection.run(LeaderElection.java:133)
	at java.lang.Thread.run(Thread.java:748)
Caused by: org.apache.ratis.thirdparty.io.grpc.StatusRuntimeException: UNAVAILABLE: io exception
	at org.apache.ratis.thirdparty.io.grpc.stub.ClientCalls.toStatusRuntimeException(ClientCalls.java:233)
	at org.apache.ratis.thirdparty.io.grpc.stub.ClientCalls.getUnchecked(ClientCalls.java:214)
	at org.apache.ratis.thirdparty.io.grpc.stub.ClientCalls.blockingUnaryCall(ClientCalls.java:139)
	at org.apache.ratis.proto.grpc.RaftServerProtocolServiceGrpc$RaftServerProtocolServiceBlockingStub.requestVote(RaftServerProtocolServiceGrpc.java:265)
	at org.apache.ratis.grpc.server.GrpcServerProtocolClient.requestVote(GrpcServerProtocolClient.java:99)
	at org.apache.ratis.grpc.server.GrpcService.requestVote(GrpcService.java:204)
	at org.apache.ratis.server.impl.LeaderElection.lambda$submitRequests$1(LeaderElection.java:234)
	at java.util.concurrent.FutureTask.run(FutureTask.java:266)
	at java.util.concurrent.Executors$RunnableAdapter.call(Executors.java:511)
	at java.util.concurrent.FutureTask.run(FutureTask.java:266)
	at java.util.concurrent.ThreadPoolExecutor.runWorker(ThreadPoolExecutor.java:1149)
	at java.util.concurrent.ThreadPoolExecutor$Worker.run(ThreadPoolExecutor.java:624)
	... 1 more
Caused by: org.apache.ratis.thirdparty.io.netty.channel.AbstractChannel$AnnotatedConnectException: Connection refused: /192.168.157.236:33603
	at sun.nio.ch.SocketChannelImpl.checkConnect(Native Method)
	at sun.nio.ch.SocketChannelImpl.finishConnect(SocketChannelImpl.java:717)
	at org.apache.ratis.thirdparty.io.netty.channel.socket.nio.NioSocketChannel.doFinishConnect(NioSocketChannel.java:327)
	at org.apache.ratis.thirdparty.io.netty.channel.nio.AbstractNioChannel$AbstractNioUnsafe.finishConnect(AbstractNioChannel.java:340)
	at org.apache.ratis.thirdparty.io.netty.channel.nio.NioEventLoop.processSelectedKey(NioEventLoop.java:632)
	at org.apache.ratis.thirdparty.io.netty.channel.nio.NioEventLoop.processSelectedKeysOptimized(NioEventLoop.java:579)
	at org.apache.ratis.thirdparty.io.netty.channel.nio.NioEventLoop.processSelectedKeys(NioEventLoop.java:496)
	at org.apache.ratis.thirdparty.io.netty.channel.nio.NioEventLoop.run(NioEventLoop.java:458)
	at org.apache.ratis.thirdparty.io.netty.util.concurrent.SingleThreadEventExecutor$5.run(SingleThreadEventExecutor.java:897)
	at org.apache.ratis.thirdparty.io.netty.util.concurrent.FastThreadLocalRunnable.run(FastThreadLocalRunnable.java:30)
	... 1 more
Caused by: java.net.ConnectException: Connection refused
	... 11 more
2019-10-15 03:22:12,603 [1974a9a1-a6f9-4483-963f-44bc27f0fbdf@group-169A166C894B-LeaderElection21] INFO  impl.LeaderElection (LeaderElection.java:logAndReturn(56)) - 1974a9a1-a6f9-4483-963f-44bc27f0fbdf@group-169A166C894B-LeaderElection21: Election REJECTED; received 0 response(s) [] and 2 exception(s); 1974a9a1-a6f9-4483-963f-44bc27f0fbdf@group-169A166C894B:t9, leader=null, voted=1974a9a1-a6f9-4483-963f-44bc27f0fbdf, raftlog=1974a9a1-a6f9-4483-963f-44bc27f0fbdf@group-169A166C894B-SegmentedRaftLog:OPENED:c16,f16,i16, conf=0: [7a6ae757-b1cb-4520-a3e0-bcfac033e2fd:192.168.157.236:40701, ee46b013-4f8a-4e1e-9d21-4cc7a5f61f32:192.168.157.236:33603, 1974a9a1-a6f9-4483-963f-44bc27f0fbdf:192.168.157.236:45308], old=null
2019-10-15 03:22:12,603 [1974a9a1-a6f9-4483-963f-44bc27f0fbdf@group-169A166C894B-LeaderElection21] INFO  impl.LeaderElection (LogUtils.java:infoOrTrace(149)) -   Exception 0: {}
java.util.concurrent.ExecutionException: org.apache.ratis.thirdparty.io.grpc.StatusRuntimeException: UNAVAILABLE: io exception
	at java.util.concurrent.FutureTask.report(FutureTask.java:122)
	at java.util.concurrent.FutureTask.get(FutureTask.java:192)
	at org.apache.ratis.server.impl.LeaderElection.waitForResults(LeaderElection.java:259)
	at org.apache.ratis.server.impl.LeaderElection.askForVotes(LeaderElection.java:197)
	at org.apache.ratis.server.impl.LeaderElection.run(LeaderElection.java:133)
	at java.lang.Thread.run(Thread.java:748)
Caused by: org.apache.ratis.thirdparty.io.grpc.StatusRuntimeException: UNAVAILABLE: io exception
	at org.apache.ratis.thirdparty.io.grpc.stub.ClientCalls.toStatusRuntimeException(ClientCalls.java:233)
	at org.apache.ratis.thirdparty.io.grpc.stub.ClientCalls.getUnchecked(ClientCalls.java:214)
	at org.apache.ratis.thirdparty.io.grpc.stub.ClientCalls.blockingUnaryCall(ClientCalls.java:139)
	at org.apache.ratis.proto.grpc.RaftServerProtocolServiceGrpc$RaftServerProtocolServiceBlockingStub.requestVote(RaftServerProtocolServiceGrpc.java:265)
	at org.apache.ratis.grpc.server.GrpcServerProtocolClient.requestVote(GrpcServerProtocolClient.java:99)
	at org.apache.ratis.grpc.server.GrpcService.requestVote(GrpcService.java:204)
	at org.apache.ratis.server.impl.LeaderElection.lambda$submitRequests$1(LeaderElection.java:234)
	at java.util.concurrent.FutureTask.run(FutureTask.java:266)
	at java.util.concurrent.Executors$RunnableAdapter.call(Executors.java:511)
	at java.util.concurrent.FutureTask.run(FutureTask.java:266)
	at java.util.concurrent.ThreadPoolExecutor.runWorker(ThreadPoolExecutor.java:1149)
	at java.util.concurrent.ThreadPoolExecutor$Worker.run(ThreadPoolExecutor.java:624)
	... 1 more
Caused by: org.apache.ratis.thirdparty.io.netty.channel.AbstractChannel$AnnotatedConnectException: Connection refused: /192.168.157.236:40701
	at sun.nio.ch.SocketChannelImpl.checkConnect(Native Method)
	at sun.nio.ch.SocketChannelImpl.finishConnect(SocketChannelImpl.java:717)
	at org.apache.ratis.thirdparty.io.netty.channel.socket.nio.NioSocketChannel.doFinishConnect(NioSocketChannel.java:327)
	at org.apache.ratis.thirdparty.io.netty.channel.nio.AbstractNioChannel$AbstractNioUnsafe.finishConnect(AbstractNioChannel.java:340)
	at org.apache.ratis.thirdparty.io.netty.channel.nio.NioEventLoop.processSelectedKey(NioEventLoop.java:632)
	at org.apache.ratis.thirdparty.io.netty.channel.nio.NioEventLoop.processSelectedKeysOptimized(NioEventLoop.java:579)
	at org.apache.ratis.thirdparty.io.netty.channel.nio.NioEventLoop.processSelectedKeys(NioEventLoop.java:496)
	at org.apache.ratis.thirdparty.io.netty.channel.nio.NioEventLoop.run(NioEventLoop.java:458)
	at org.apache.ratis.thirdparty.io.netty.util.concurrent.SingleThreadEventExecutor$5.run(SingleThreadEventExecutor.java:897)
	at org.apache.ratis.thirdparty.io.netty.util.concurrent.FastThreadLocalRunnable.run(FastThreadLocalRunnable.java:30)
	... 1 more
Caused by: java.net.ConnectException: Connection refused
	... 11 more
2019-10-15 03:22:12,604 [1974a9a1-a6f9-4483-963f-44bc27f0fbdf@group-169A166C894B-LeaderElection21] INFO  impl.LeaderElection (LogUtils.java:infoOrTrace(149)) -   Exception 1: {}
java.util.concurrent.ExecutionException: org.apache.ratis.thirdparty.io.grpc.StatusRuntimeException: UNAVAILABLE: io exception
	at java.util.concurrent.FutureTask.report(FutureTask.java:122)
	at java.util.concurrent.FutureTask.get(FutureTask.java:192)
	at org.apache.ratis.server.impl.LeaderElection.waitForResults(LeaderElection.java:259)
	at org.apache.ratis.server.impl.LeaderElection.askForVotes(LeaderElection.java:197)
	at org.apache.ratis.server.impl.LeaderElection.run(LeaderElection.java:133)
	at java.lang.Thread.run(Thread.java:748)
Caused by: org.apache.ratis.thirdparty.io.grpc.StatusRuntimeException: UNAVAILABLE: io exception
	at org.apache.ratis.thirdparty.io.grpc.stub.ClientCalls.toStatusRuntimeException(ClientCalls.java:233)
	at org.apache.ratis.thirdparty.io.grpc.stub.ClientCalls.getUnchecked(ClientCalls.java:214)
	at org.apache.ratis.thirdparty.io.grpc.stub.ClientCalls.blockingUnaryCall(ClientCalls.java:139)
	at org.apache.ratis.proto.grpc.RaftServerProtocolServiceGrpc$RaftServerProtocolServiceBlockingStub.requestVote(RaftServerProtocolServiceGrpc.java:265)
	at org.apache.ratis.grpc.server.GrpcServerProtocolClient.requestVote(GrpcServerProtocolClient.java:99)
	at org.apache.ratis.grpc.server.GrpcService.requestVote(GrpcService.java:204)
	at org.apache.ratis.server.impl.LeaderElection.lambda$submitRequests$1(LeaderElection.java:234)
	at java.util.concurrent.FutureTask.run(FutureTask.java:266)
	at java.util.concurrent.Executors$RunnableAdapter.call(Executors.java:511)
	at java.util.concurrent.FutureTask.run(FutureTask.java:266)
	at java.util.concurrent.ThreadPoolExecutor.runWorker(ThreadPoolExecutor.java:1149)
	at java.util.concurrent.ThreadPoolExecutor$Worker.run(ThreadPoolExecutor.java:624)
	... 1 more
Caused by: org.apache.ratis.thirdparty.io.netty.channel.AbstractChannel$AnnotatedConnectException: Connection refused: /192.168.157.236:33603
	at sun.nio.ch.SocketChannelImpl.checkConnect(Native Method)
	at sun.nio.ch.SocketChannelImpl.finishConnect(SocketChannelImpl.java:717)
	at org.apache.ratis.thirdparty.io.netty.channel.socket.nio.NioSocketChannel.doFinishConnect(NioSocketChannel.java:327)
	at org.apache.ratis.thirdparty.io.netty.channel.nio.AbstractNioChannel$AbstractNioUnsafe.finishConnect(AbstractNioChannel.java:340)
	at org.apache.ratis.thirdparty.io.netty.channel.nio.NioEventLoop.processSelectedKey(NioEventLoop.java:632)
	at org.apache.ratis.thirdparty.io.netty.channel.nio.NioEventLoop.processSelectedKeysOptimized(NioEventLoop.java:579)
	at org.apache.ratis.thirdparty.io.netty.channel.nio.NioEventLoop.processSelectedKeys(NioEventLoop.java:496)
	at org.apache.ratis.thirdparty.io.netty.channel.nio.NioEventLoop.run(NioEventLoop.java:458)
	at org.apache.ratis.thirdparty.io.netty.util.concurrent.SingleThreadEventExecutor$5.run(SingleThreadEventExecutor.java:897)
	at org.apache.ratis.thirdparty.io.netty.util.concurrent.FastThreadLocalRunnable.run(FastThreadLocalRunnable.java:30)
	... 1 more
Caused by: java.net.ConnectException: Connection refused
	... 11 more
2019-10-15 03:22:12,604 [1974a9a1-a6f9-4483-963f-44bc27f0fbdf@group-169A166C894B-LeaderElection21] INFO  impl.RaftServerImpl (RaftServerImpl.java:setRole(170)) - 1974a9a1-a6f9-4483-963f-44bc27f0fbdf@group-169A166C894B: changes role from CANDIDATE to FOLLOWER at term 9 for DISCOVERED_A_NEW_TERM
2019-10-15 03:22:12,604 [1974a9a1-a6f9-4483-963f-44bc27f0fbdf@group-169A166C894B-LeaderElection21] INFO  impl.RoleInfo (RoleInfo.java:shutdownLeaderElection(134)) - 1974a9a1-a6f9-4483-963f-44bc27f0fbdf: shutdown LeaderElection
2019-10-15 03:22:12,605 [1974a9a1-a6f9-4483-963f-44bc27f0fbdf@group-169A166C894B-LeaderElection21] INFO  impl.RoleInfo (RoleInfo.java:updateAndGet(143)) - 1974a9a1-a6f9-4483-963f-44bc27f0fbdf: start FollowerState
2019-10-15 03:22:17,771 [Thread-543] INFO  impl.FollowerState (FollowerState.java:run(108)) - 1974a9a1-a6f9-4483-963f-44bc27f0fbdf@group-169A166C894B-FollowerState: change to CANDIDATE, lastRpcTime:5166ms, electionTimeout:5166ms
2019-10-15 03:22:17,774 [Thread-543] INFO  impl.RoleInfo (RoleInfo.java:shutdownFollowerState(121)) - 1974a9a1-a6f9-4483-963f-44bc27f0fbdf: shutdown FollowerState
2019-10-15 03:22:17,774 [Thread-543] INFO  impl.RaftServerImpl (RaftServerImpl.java:setRole(170)) - 1974a9a1-a6f9-4483-963f-44bc27f0fbdf@group-169A166C894B: changes role from  FOLLOWER to CANDIDATE at term 9 for changeToCandidate
2019-10-15 03:22:17,774 [Thread-543] INFO  impl.RoleInfo (RoleInfo.java:updateAndGet(143)) - 1974a9a1-a6f9-4483-963f-44bc27f0fbdf: start LeaderElection
2019-10-15 03:22:17,812 [1974a9a1-a6f9-4483-963f-44bc27f0fbdf@group-169A166C894B-LeaderElection22] INFO  impl.LeaderElection (LeaderElection.java:askForVotes(178)) - 1974a9a1-a6f9-4483-963f-44bc27f0fbdf@group-169A166C894B-LeaderElection22: begin an election at term 10 for 0: [7a6ae757-b1cb-4520-a3e0-bcfac033e2fd:192.168.157.236:40701, ee46b013-4f8a-4e1e-9d21-4cc7a5f61f32:192.168.157.236:33603, 1974a9a1-a6f9-4483-963f-44bc27f0fbdf:192.168.157.236:45308], old=null
2019-10-15 03:22:17,814 [1974a9a1-a6f9-4483-963f-44bc27f0fbdf@group-169A166C894B-LeaderElection22] INFO  impl.LeaderElection (LogUtils.java:infoOrTrace(149)) - 1974a9a1-a6f9-4483-963f-44bc27f0fbdf@group-169A166C894B-LeaderElection22 got exception when requesting votes: {}
java.util.concurrent.ExecutionException: org.apache.ratis.thirdparty.io.grpc.StatusRuntimeException: UNAVAILABLE: io exception
	at java.util.concurrent.FutureTask.report(FutureTask.java:122)
	at java.util.concurrent.FutureTask.get(FutureTask.java:192)
	at org.apache.ratis.server.impl.LeaderElection.waitForResults(LeaderElection.java:259)
	at org.apache.ratis.server.impl.LeaderElection.askForVotes(LeaderElection.java:197)
	at org.apache.ratis.server.impl.LeaderElection.run(LeaderElection.java:133)
	at java.lang.Thread.run(Thread.java:748)
Caused by: org.apache.ratis.thirdparty.io.grpc.StatusRuntimeException: UNAVAILABLE: io exception
	at org.apache.ratis.thirdparty.io.grpc.stub.ClientCalls.toStatusRuntimeException(ClientCalls.java:233)
	at org.apache.ratis.thirdparty.io.grpc.stub.ClientCalls.getUnchecked(ClientCalls.java:214)
	at org.apache.ratis.thirdparty.io.grpc.stub.ClientCalls.blockingUnaryCall(ClientCalls.java:139)
	at org.apache.ratis.proto.grpc.RaftServerProtocolServiceGrpc$RaftServerProtocolServiceBlockingStub.requestVote(RaftServerProtocolServiceGrpc.java:265)
	at org.apache.ratis.grpc.server.GrpcServerProtocolClient.requestVote(GrpcServerProtocolClient.java:99)
	at org.apache.ratis.grpc.server.GrpcService.requestVote(GrpcService.java:204)
	at org.apache.ratis.server.impl.LeaderElection.lambda$submitRequests$1(LeaderElection.java:234)
	at java.util.concurrent.FutureTask.run(FutureTask.java:266)
	at java.util.concurrent.Executors$RunnableAdapter.call(Executors.java:511)
	at java.util.concurrent.FutureTask.run(FutureTask.java:266)
	at java.util.concurrent.ThreadPoolExecutor.runWorker(ThreadPoolExecutor.java:1149)
	at java.util.concurrent.ThreadPoolExecutor$Worker.run(ThreadPoolExecutor.java:624)
	... 1 more
Caused by: org.apache.ratis.thirdparty.io.netty.channel.AbstractChannel$AnnotatedConnectException: Connection refused: /192.168.157.236:40701
	at sun.nio.ch.SocketChannelImpl.checkConnect(Native Method)
	at sun.nio.ch.SocketChannelImpl.finishConnect(SocketChannelImpl.java:717)
	at org.apache.ratis.thirdparty.io.netty.channel.socket.nio.NioSocketChannel.doFinishConnect(NioSocketChannel.java:327)
	at org.apache.ratis.thirdparty.io.netty.channel.nio.AbstractNioChannel$AbstractNioUnsafe.finishConnect(AbstractNioChannel.java:340)
	at org.apache.ratis.thirdparty.io.netty.channel.nio.NioEventLoop.processSelectedKey(NioEventLoop.java:632)
	at org.apache.ratis.thirdparty.io.netty.channel.nio.NioEventLoop.processSelectedKeysOptimized(NioEventLoop.java:579)
	at org.apache.ratis.thirdparty.io.netty.channel.nio.NioEventLoop.processSelectedKeys(NioEventLoop.java:496)
	at org.apache.ratis.thirdparty.io.netty.channel.nio.NioEventLoop.run(NioEventLoop.java:458)
	at org.apache.ratis.thirdparty.io.netty.util.concurrent.SingleThreadEventExecutor$5.run(SingleThreadEventExecutor.java:897)
	at org.apache.ratis.thirdparty.io.netty.util.concurrent.FastThreadLocalRunnable.run(FastThreadLocalRunnable.java:30)
	... 1 more
Caused by: java.net.ConnectException: Connection refused
	... 11 more
2019-10-15 03:22:17,817 [1974a9a1-a6f9-4483-963f-44bc27f0fbdf@group-169A166C894B-LeaderElection22] INFO  impl.LeaderElection (LogUtils.java:infoOrTrace(149)) - 1974a9a1-a6f9-4483-963f-44bc27f0fbdf@group-169A166C894B-LeaderElection22 got exception when requesting votes: {}
java.util.concurrent.ExecutionException: org.apache.ratis.thirdparty.io.grpc.StatusRuntimeException: UNAVAILABLE: io exception
	at java.util.concurrent.FutureTask.report(FutureTask.java:122)
	at java.util.concurrent.FutureTask.get(FutureTask.java:192)
	at org.apache.ratis.server.impl.LeaderElection.waitForResults(LeaderElection.java:259)
	at org.apache.ratis.server.impl.LeaderElection.askForVotes(LeaderElection.java:197)
	at org.apache.ratis.server.impl.LeaderElection.run(LeaderElection.java:133)
	at java.lang.Thread.run(Thread.java:748)
Caused by: org.apache.ratis.thirdparty.io.grpc.StatusRuntimeException: UNAVAILABLE: io exception
	at org.apache.ratis.thirdparty.io.grpc.stub.ClientCalls.toStatusRuntimeException(ClientCalls.java:233)
	at org.apache.ratis.thirdparty.io.grpc.stub.ClientCalls.getUnchecked(ClientCalls.java:214)
	at org.apache.ratis.thirdparty.io.grpc.stub.ClientCalls.blockingUnaryCall(ClientCalls.java:139)
	at org.apache.ratis.proto.grpc.RaftServerProtocolServiceGrpc$RaftServerProtocolServiceBlockingStub.requestVote(RaftServerProtocolServiceGrpc.java:265)
	at org.apache.ratis.grpc.server.GrpcServerProtocolClient.requestVote(GrpcServerProtocolClient.java:99)
	at org.apache.ratis.grpc.server.GrpcService.requestVote(GrpcService.java:204)
	at org.apache.ratis.server.impl.LeaderElection.lambda$submitRequests$1(LeaderElection.java:234)
	at java.util.concurrent.FutureTask.run(FutureTask.java:266)
	at java.util.concurrent.Executors$RunnableAdapter.call(Executors.java:511)
	at java.util.concurrent.FutureTask.run(FutureTask.java:266)
	at java.util.concurrent.ThreadPoolExecutor.runWorker(ThreadPoolExecutor.java:1149)
	at java.util.concurrent.ThreadPoolExecutor$Worker.run(ThreadPoolExecutor.java:624)
	... 1 more
Caused by: org.apache.ratis.thirdparty.io.netty.channel.AbstractChannel$AnnotatedConnectException: Connection refused: /192.168.157.236:33603
	at sun.nio.ch.SocketChannelImpl.checkConnect(Native Method)
	at sun.nio.ch.SocketChannelImpl.finishConnect(SocketChannelImpl.java:717)
	at org.apache.ratis.thirdparty.io.netty.channel.socket.nio.NioSocketChannel.doFinishConnect(NioSocketChannel.java:327)
	at org.apache.ratis.thirdparty.io.netty.channel.nio.AbstractNioChannel$AbstractNioUnsafe.finishConnect(AbstractNioChannel.java:340)
	at org.apache.ratis.thirdparty.io.netty.channel.nio.NioEventLoop.processSelectedKey(NioEventLoop.java:632)
	at org.apache.ratis.thirdparty.io.netty.channel.nio.NioEventLoop.processSelectedKeysOptimized(NioEventLoop.java:579)
	at org.apache.ratis.thirdparty.io.netty.channel.nio.NioEventLoop.processSelectedKeys(NioEventLoop.java:496)
	at org.apache.ratis.thirdparty.io.netty.channel.nio.NioEventLoop.run(NioEventLoop.java:458)
	at org.apache.ratis.thirdparty.io.netty.util.concurrent.SingleThreadEventExecutor$5.run(SingleThreadEventExecutor.java:897)
	at org.apache.ratis.thirdparty.io.netty.util.concurrent.FastThreadLocalRunnable.run(FastThreadLocalRunnable.java:30)
	... 1 more
Caused by: java.net.ConnectException: Connection refused
	... 11 more
2019-10-15 03:22:17,819 [1974a9a1-a6f9-4483-963f-44bc27f0fbdf@group-169A166C894B-LeaderElection22] INFO  impl.LeaderElection (LeaderElection.java:logAndReturn(56)) - 1974a9a1-a6f9-4483-963f-44bc27f0fbdf@group-169A166C894B-LeaderElection22: Election REJECTED; received 0 response(s) [] and 2 exception(s); 1974a9a1-a6f9-4483-963f-44bc27f0fbdf@group-169A166C894B:t10, leader=null, voted=1974a9a1-a6f9-4483-963f-44bc27f0fbdf, raftlog=1974a9a1-a6f9-4483-963f-44bc27f0fbdf@group-169A166C894B-SegmentedRaftLog:OPENED:c16,f16,i16, conf=0: [7a6ae757-b1cb-4520-a3e0-bcfac033e2fd:192.168.157.236:40701, ee46b013-4f8a-4e1e-9d21-4cc7a5f61f32:192.168.157.236:33603, 1974a9a1-a6f9-4483-963f-44bc27f0fbdf:192.168.157.236:45308], old=null
2019-10-15 03:22:17,819 [1974a9a1-a6f9-4483-963f-44bc27f0fbdf@group-169A166C894B-LeaderElection22] INFO  impl.LeaderElection (LogUtils.java:infoOrTrace(149)) -   Exception 0: {}
java.util.concurrent.ExecutionException: org.apache.ratis.thirdparty.io.grpc.StatusRuntimeException: UNAVAILABLE: io exception
	at java.util.concurrent.FutureTask.report(FutureTask.java:122)
	at java.util.concurrent.FutureTask.get(FutureTask.java:192)
	at org.apache.ratis.server.impl.LeaderElection.waitForResults(LeaderElection.java:259)
	at org.apache.ratis.server.impl.LeaderElection.askForVotes(LeaderElection.java:197)
	at org.apache.ratis.server.impl.LeaderElection.run(LeaderElection.java:133)
	at java.lang.Thread.run(Thread.java:748)
Caused by: org.apache.ratis.thirdparty.io.grpc.StatusRuntimeException: UNAVAILABLE: io exception
	at org.apache.ratis.thirdparty.io.grpc.stub.ClientCalls.toStatusRuntimeException(ClientCalls.java:233)
	at org.apache.ratis.thirdparty.io.grpc.stub.ClientCalls.getUnchecked(ClientCalls.java:214)
	at org.apache.ratis.thirdparty.io.grpc.stub.ClientCalls.blockingUnaryCall(ClientCalls.java:139)
	at org.apache.ratis.proto.grpc.RaftServerProtocolServiceGrpc$RaftServerProtocolServiceBlockingStub.requestVote(RaftServerProtocolServiceGrpc.java:265)
	at org.apache.ratis.grpc.server.GrpcServerProtocolClient.requestVote(GrpcServerProtocolClient.java:99)
	at org.apache.ratis.grpc.server.GrpcService.requestVote(GrpcService.java:204)
	at org.apache.ratis.server.impl.LeaderElection.lambda$submitRequests$1(LeaderElection.java:234)
	at java.util.concurrent.FutureTask.run(FutureTask.java:266)
	at java.util.concurrent.Executors$RunnableAdapter.call(Executors.java:511)
	at java.util.concurrent.FutureTask.run(FutureTask.java:266)
	at java.util.concurrent.ThreadPoolExecutor.runWorker(ThreadPoolExecutor.java:1149)
	at java.util.concurrent.ThreadPoolExecutor$Worker.run(ThreadPoolExecutor.java:624)
	... 1 more
Caused by: org.apache.ratis.thirdparty.io.netty.channel.AbstractChannel$AnnotatedConnectException: Connection refused: /192.168.157.236:40701
	at sun.nio.ch.SocketChannelImpl.checkConnect(Native Method)
	at sun.nio.ch.SocketChannelImpl.finishConnect(SocketChannelImpl.java:717)
	at org.apache.ratis.thirdparty.io.netty.channel.socket.nio.NioSocketChannel.doFinishConnect(NioSocketChannel.java:327)
	at org.apache.ratis.thirdparty.io.netty.channel.nio.AbstractNioChannel$AbstractNioUnsafe.finishConnect(AbstractNioChannel.java:340)
	at org.apache.ratis.thirdparty.io.netty.channel.nio.NioEventLoop.processSelectedKey(NioEventLoop.java:632)
	at org.apache.ratis.thirdparty.io.netty.channel.nio.NioEventLoop.processSelectedKeysOptimized(NioEventLoop.java:579)
	at org.apache.ratis.thirdparty.io.netty.channel.nio.NioEventLoop.processSelectedKeys(NioEventLoop.java:496)
	at org.apache.ratis.thirdparty.io.netty.channel.nio.NioEventLoop.run(NioEventLoop.java:458)
	at org.apache.ratis.thirdparty.io.netty.util.concurrent.SingleThreadEventExecutor$5.run(SingleThreadEventExecutor.java:897)
	at org.apache.ratis.thirdparty.io.netty.util.concurrent.FastThreadLocalRunnable.run(FastThreadLocalRunnable.java:30)
	... 1 more
Caused by: java.net.ConnectException: Connection refused
	... 11 more
2019-10-15 03:22:17,820 [1974a9a1-a6f9-4483-963f-44bc27f0fbdf@group-169A166C894B-LeaderElection22] INFO  impl.LeaderElection (LogUtils.java:infoOrTrace(149)) -   Exception 1: {}
java.util.concurrent.ExecutionException: org.apache.ratis.thirdparty.io.grpc.StatusRuntimeException: UNAVAILABLE: io exception
	at java.util.concurrent.FutureTask.report(FutureTask.java:122)
	at java.util.concurrent.FutureTask.get(FutureTask.java:192)
	at org.apache.ratis.server.impl.LeaderElection.waitForResults(LeaderElection.java:259)
	at org.apache.ratis.server.impl.LeaderElection.askForVotes(LeaderElection.java:197)
	at org.apache.ratis.server.impl.LeaderElection.run(LeaderElection.java:133)
	at java.lang.Thread.run(Thread.java:748)
Caused by: org.apache.ratis.thirdparty.io.grpc.StatusRuntimeException: UNAVAILABLE: io exception
	at org.apache.ratis.thirdparty.io.grpc.stub.ClientCalls.toStatusRuntimeException(ClientCalls.java:233)
	at org.apache.ratis.thirdparty.io.grpc.stub.ClientCalls.getUnchecked(ClientCalls.java:214)
	at org.apache.ratis.thirdparty.io.grpc.stub.ClientCalls.blockingUnaryCall(ClientCalls.java:139)
	at org.apache.ratis.proto.grpc.RaftServerProtocolServiceGrpc$RaftServerProtocolServiceBlockingStub.requestVote(RaftServerProtocolServiceGrpc.java:265)
	at org.apache.ratis.grpc.server.GrpcServerProtocolClient.requestVote(GrpcServerProtocolClient.java:99)
	at org.apache.ratis.grpc.server.GrpcService.requestVote(GrpcService.java:204)
	at org.apache.ratis.server.impl.LeaderElection.lambda$submitRequests$1(LeaderElection.java:234)
	at java.util.concurrent.FutureTask.run(FutureTask.java:266)
	at java.util.concurrent.Executors$RunnableAdapter.call(Executors.java:511)
	at java.util.concurrent.FutureTask.run(FutureTask.java:266)
	at java.util.concurrent.ThreadPoolExecutor.runWorker(ThreadPoolExecutor.java:1149)
	at java.util.concurrent.ThreadPoolExecutor$Worker.run(ThreadPoolExecutor.java:624)
	... 1 more
Caused by: org.apache.ratis.thirdparty.io.netty.channel.AbstractChannel$AnnotatedConnectException: Connection refused: /192.168.157.236:33603
	at sun.nio.ch.SocketChannelImpl.checkConnect(Native Method)
	at sun.nio.ch.SocketChannelImpl.finishConnect(SocketChannelImpl.java:717)
	at org.apache.ratis.thirdparty.io.netty.channel.socket.nio.NioSocketChannel.doFinishConnect(NioSocketChannel.java:327)
	at org.apache.ratis.thirdparty.io.netty.channel.nio.AbstractNioChannel$AbstractNioUnsafe.finishConnect(AbstractNioChannel.java:340)
	at org.apache.ratis.thirdparty.io.netty.channel.nio.NioEventLoop.processSelectedKey(NioEventLoop.java:632)
	at org.apache.ratis.thirdparty.io.netty.channel.nio.NioEventLoop.processSelectedKeysOptimized(NioEventLoop.java:579)
	at org.apache.ratis.thirdparty.io.netty.channel.nio.NioEventLoop.processSelectedKeys(NioEventLoop.java:496)
	at org.apache.ratis.thirdparty.io.netty.channel.nio.NioEventLoop.run(NioEventLoop.java:458)
	at org.apache.ratis.thirdparty.io.netty.util.concurrent.SingleThreadEventExecutor$5.run(SingleThreadEventExecutor.java:897)
	at org.apache.ratis.thirdparty.io.netty.util.concurrent.FastThreadLocalRunnable.run(FastThreadLocalRunnable.java:30)
	... 1 more
Caused by: java.net.ConnectException: Connection refused
	... 11 more
2019-10-15 03:22:17,820 [1974a9a1-a6f9-4483-963f-44bc27f0fbdf@group-169A166C894B-LeaderElection22] INFO  impl.RaftServerImpl (RaftServerImpl.java:setRole(170)) - 1974a9a1-a6f9-4483-963f-44bc27f0fbdf@group-169A166C894B: changes role from CANDIDATE to FOLLOWER at term 10 for DISCOVERED_A_NEW_TERM
2019-10-15 03:22:17,820 [1974a9a1-a6f9-4483-963f-44bc27f0fbdf@group-169A166C894B-LeaderElection22] INFO  impl.RoleInfo (RoleInfo.java:shutdownLeaderElection(134)) - 1974a9a1-a6f9-4483-963f-44bc27f0fbdf: shutdown LeaderElection
2019-10-15 03:22:17,821 [1974a9a1-a6f9-4483-963f-44bc27f0fbdf@group-169A166C894B-LeaderElection22] INFO  impl.RoleInfo (RoleInfo.java:updateAndGet(143)) - 1974a9a1-a6f9-4483-963f-44bc27f0fbdf: start FollowerState
2019-10-15 03:22:22,920 [Thread-558] INFO  impl.FollowerState (FollowerState.java:run(108)) - 1974a9a1-a6f9-4483-963f-44bc27f0fbdf@group-169A166C894B-FollowerState: change to CANDIDATE, lastRpcTime:5099ms, electionTimeout:5099ms
2019-10-15 03:22:22,928 [Thread-558] INFO  impl.RoleInfo (RoleInfo.java:shutdownFollowerState(121)) - 1974a9a1-a6f9-4483-963f-44bc27f0fbdf: shutdown FollowerState
2019-10-15 03:22:22,929 [Thread-558] INFO  impl.RaftServerImpl (RaftServerImpl.java:setRole(170)) - 1974a9a1-a6f9-4483-963f-44bc27f0fbdf@group-169A166C894B: changes role from  FOLLOWER to CANDIDATE at term 10 for changeToCandidate
2019-10-15 03:22:22,929 [Thread-558] INFO  impl.RoleInfo (RoleInfo.java:updateAndGet(143)) - 1974a9a1-a6f9-4483-963f-44bc27f0fbdf: start LeaderElection
2019-10-15 03:22:23,022 [1974a9a1-a6f9-4483-963f-44bc27f0fbdf@group-169A166C894B-LeaderElection23] INFO  impl.LeaderElection (LeaderElection.java:askForVotes(178)) - 1974a9a1-a6f9-4483-963f-44bc27f0fbdf@group-169A166C894B-LeaderElection23: begin an election at term 11 for 0: [7a6ae757-b1cb-4520-a3e0-bcfac033e2fd:192.168.157.236:40701, ee46b013-4f8a-4e1e-9d21-4cc7a5f61f32:192.168.157.236:33603, 1974a9a1-a6f9-4483-963f-44bc27f0fbdf:192.168.157.236:45308], old=null
2019-10-15 03:22:23,027 [1974a9a1-a6f9-4483-963f-44bc27f0fbdf@group-169A166C894B-LeaderElection23] INFO  impl.LeaderElection (LogUtils.java:infoOrTrace(149)) - 1974a9a1-a6f9-4483-963f-44bc27f0fbdf@group-169A166C894B-LeaderElection23 got exception when requesting votes: {}
java.util.concurrent.ExecutionException: org.apache.ratis.thirdparty.io.grpc.StatusRuntimeException: UNAVAILABLE: io exception
	at java.util.concurrent.FutureTask.report(FutureTask.java:122)
	at java.util.concurrent.FutureTask.get(FutureTask.java:192)
	at org.apache.ratis.server.impl.LeaderElection.waitForResults(LeaderElection.java:259)
	at org.apache.ratis.server.impl.LeaderElection.askForVotes(LeaderElection.java:197)
	at org.apache.ratis.server.impl.LeaderElection.run(LeaderElection.java:133)
	at java.lang.Thread.run(Thread.java:748)
Caused by: org.apache.ratis.thirdparty.io.grpc.StatusRuntimeException: UNAVAILABLE: io exception
	at org.apache.ratis.thirdparty.io.grpc.stub.ClientCalls.toStatusRuntimeException(ClientCalls.java:233)
	at org.apache.ratis.thirdparty.io.grpc.stub.ClientCalls.getUnchecked(ClientCalls.java:214)
	at org.apache.ratis.thirdparty.io.grpc.stub.ClientCalls.blockingUnaryCall(ClientCalls.java:139)
	at org.apache.ratis.proto.grpc.RaftServerProtocolServiceGrpc$RaftServerProtocolServiceBlockingStub.requestVote(RaftServerProtocolServiceGrpc.java:265)
	at org.apache.ratis.grpc.server.GrpcServerProtocolClient.requestVote(GrpcServerProtocolClient.java:99)
	at org.apache.ratis.grpc.server.GrpcService.requestVote(GrpcService.java:204)
	at org.apache.ratis.server.impl.LeaderElection.lambda$submitRequests$1(LeaderElection.java:234)
	at java.util.concurrent.FutureTask.run(FutureTask.java:266)
	at java.util.concurrent.Executors$RunnableAdapter.call(Executors.java:511)
	at java.util.concurrent.FutureTask.run(FutureTask.java:266)
	at java.util.concurrent.ThreadPoolExecutor.runWorker(ThreadPoolExecutor.java:1149)
	at java.util.concurrent.ThreadPoolExecutor$Worker.run(ThreadPoolExecutor.java:624)
	... 1 more
Caused by: org.apache.ratis.thirdparty.io.netty.channel.AbstractChannel$AnnotatedConnectException: Connection refused: /192.168.157.236:40701
	at sun.nio.ch.SocketChannelImpl.checkConnect(Native Method)
	at sun.nio.ch.SocketChannelImpl.finishConnect(SocketChannelImpl.java:717)
	at org.apache.ratis.thirdparty.io.netty.channel.socket.nio.NioSocketChannel.doFinishConnect(NioSocketChannel.java:327)
	at org.apache.ratis.thirdparty.io.netty.channel.nio.AbstractNioChannel$AbstractNioUnsafe.finishConnect(AbstractNioChannel.java:340)
	at org.apache.ratis.thirdparty.io.netty.channel.nio.NioEventLoop.processSelectedKey(NioEventLoop.java:632)
	at org.apache.ratis.thirdparty.io.netty.channel.nio.NioEventLoop.processSelectedKeysOptimized(NioEventLoop.java:579)
	at org.apache.ratis.thirdparty.io.netty.channel.nio.NioEventLoop.processSelectedKeys(NioEventLoop.java:496)
	at org.apache.ratis.thirdparty.io.netty.channel.nio.NioEventLoop.run(NioEventLoop.java:458)
	at org.apache.ratis.thirdparty.io.netty.util.concurrent.SingleThreadEventExecutor$5.run(SingleThreadEventExecutor.java:897)
	at org.apache.ratis.thirdparty.io.netty.util.concurrent.FastThreadLocalRunnable.run(FastThreadLocalRunnable.java:30)
	... 1 more
Caused by: java.net.ConnectException: Connection refused
	... 11 more
2019-10-15 03:22:23,037 [1974a9a1-a6f9-4483-963f-44bc27f0fbdf@group-169A166C894B-LeaderElection23] INFO  impl.LeaderElection (LogUtils.java:infoOrTrace(149)) - 1974a9a1-a6f9-4483-963f-44bc27f0fbdf@group-169A166C894B-LeaderElection23 got exception when requesting votes: {}
java.util.concurrent.ExecutionException: org.apache.ratis.thirdparty.io.grpc.StatusRuntimeException: UNAVAILABLE: io exception
	at java.util.concurrent.FutureTask.report(FutureTask.java:122)
	at java.util.concurrent.FutureTask.get(FutureTask.java:192)
	at org.apache.ratis.server.impl.LeaderElection.waitForResults(LeaderElection.java:259)
	at org.apache.ratis.server.impl.LeaderElection.askForVotes(LeaderElection.java:197)
	at org.apache.ratis.server.impl.LeaderElection.run(LeaderElection.java:133)
	at java.lang.Thread.run(Thread.java:748)
Caused by: org.apache.ratis.thirdparty.io.grpc.StatusRuntimeException: UNAVAILABLE: io exception
	at org.apache.ratis.thirdparty.io.grpc.stub.ClientCalls.toStatusRuntimeException(ClientCalls.java:233)
	at org.apache.ratis.thirdparty.io.grpc.stub.ClientCalls.getUnchecked(ClientCalls.java:214)
	at org.apache.ratis.thirdparty.io.grpc.stub.ClientCalls.blockingUnaryCall(ClientCalls.java:139)
	at org.apache.ratis.proto.grpc.RaftServerProtocolServiceGrpc$RaftServerProtocolServiceBlockingStub.requestVote(RaftServerProtocolServiceGrpc.java:265)
	at org.apache.ratis.grpc.server.GrpcServerProtocolClient.requestVote(GrpcServerProtocolClient.java:99)
	at org.apache.ratis.grpc.server.GrpcService.requestVote(GrpcService.java:204)
	at org.apache.ratis.server.impl.LeaderElection.lambda$submitRequests$1(LeaderElection.java:234)
	at java.util.concurrent.FutureTask.run(FutureTask.java:266)
	at java.util.concurrent.Executors$RunnableAdapter.call(Executors.java:511)
	at java.util.concurrent.FutureTask.run(FutureTask.java:266)
	at java.util.concurrent.ThreadPoolExecutor.runWorker(ThreadPoolExecutor.java:1149)
	at java.util.concurrent.ThreadPoolExecutor$Worker.run(ThreadPoolExecutor.java:624)
	... 1 more
Caused by: org.apache.ratis.thirdparty.io.netty.channel.AbstractChannel$AnnotatedConnectException: Connection refused: /192.168.157.236:33603
	at sun.nio.ch.SocketChannelImpl.checkConnect(Native Method)
	at sun.nio.ch.SocketChannelImpl.finishConnect(SocketChannelImpl.java:717)
	at org.apache.ratis.thirdparty.io.netty.channel.socket.nio.NioSocketChannel.doFinishConnect(NioSocketChannel.java:327)
	at org.apache.ratis.thirdparty.io.netty.channel.nio.AbstractNioChannel$AbstractNioUnsafe.finishConnect(AbstractNioChannel.java:340)
	at org.apache.ratis.thirdparty.io.netty.channel.nio.NioEventLoop.processSelectedKey(NioEventLoop.java:632)
	at org.apache.ratis.thirdparty.io.netty.channel.nio.NioEventLoop.processSelectedKeysOptimized(NioEventLoop.java:579)
	at org.apache.ratis.thirdparty.io.netty.channel.nio.NioEventLoop.processSelectedKeys(NioEventLoop.java:496)
	at org.apache.ratis.thirdparty.io.netty.channel.nio.NioEventLoop.run(NioEventLoop.java:458)
	at org.apache.ratis.thirdparty.io.netty.util.concurrent.SingleThreadEventExecutor$5.run(SingleThreadEventExecutor.java:897)
	at org.apache.ratis.thirdparty.io.netty.util.concurrent.FastThreadLocalRunnable.run(FastThreadLocalRunnable.java:30)
	... 1 more
Caused by: java.net.ConnectException: Connection refused
	... 11 more
2019-10-15 03:22:23,042 [1974a9a1-a6f9-4483-963f-44bc27f0fbdf@group-169A166C894B-LeaderElection23] INFO  impl.LeaderElection (LeaderElection.java:logAndReturn(56)) - 1974a9a1-a6f9-4483-963f-44bc27f0fbdf@group-169A166C894B-LeaderElection23: Election REJECTED; received 0 response(s) [] and 2 exception(s); 1974a9a1-a6f9-4483-963f-44bc27f0fbdf@group-169A166C894B:t11, leader=null, voted=1974a9a1-a6f9-4483-963f-44bc27f0fbdf, raftlog=1974a9a1-a6f9-4483-963f-44bc27f0fbdf@group-169A166C894B-SegmentedRaftLog:OPENED:c16,f16,i16, conf=0: [7a6ae757-b1cb-4520-a3e0-bcfac033e2fd:192.168.157.236:40701, ee46b013-4f8a-4e1e-9d21-4cc7a5f61f32:192.168.157.236:33603, 1974a9a1-a6f9-4483-963f-44bc27f0fbdf:192.168.157.236:45308], old=null
2019-10-15 03:22:23,043 [1974a9a1-a6f9-4483-963f-44bc27f0fbdf@group-169A166C894B-LeaderElection23] INFO  impl.LeaderElection (LogUtils.java:infoOrTrace(149)) -   Exception 0: {}
java.util.concurrent.ExecutionException: org.apache.ratis.thirdparty.io.grpc.StatusRuntimeException: UNAVAILABLE: io exception
	at java.util.concurrent.FutureTask.report(FutureTask.java:122)
	at java.util.concurrent.FutureTask.get(FutureTask.java:192)
	at org.apache.ratis.server.impl.LeaderElection.waitForResults(LeaderElection.java:259)
	at org.apache.ratis.server.impl.LeaderElection.askForVotes(LeaderElection.java:197)
	at org.apache.ratis.server.impl.LeaderElection.run(LeaderElection.java:133)
	at java.lang.Thread.run(Thread.java:748)
Caused by: org.apache.ratis.thirdparty.io.grpc.StatusRuntimeException: UNAVAILABLE: io exception
	at org.apache.ratis.thirdparty.io.grpc.stub.ClientCalls.toStatusRuntimeException(ClientCalls.java:233)
	at org.apache.ratis.thirdparty.io.grpc.stub.ClientCalls.getUnchecked(ClientCalls.java:214)
	at org.apache.ratis.thirdparty.io.grpc.stub.ClientCalls.blockingUnaryCall(ClientCalls.java:139)
	at org.apache.ratis.proto.grpc.RaftServerProtocolServiceGrpc$RaftServerProtocolServiceBlockingStub.requestVote(RaftServerProtocolServiceGrpc.java:265)
	at org.apache.ratis.grpc.server.GrpcServerProtocolClient.requestVote(GrpcServerProtocolClient.java:99)
	at org.apache.ratis.grpc.server.GrpcService.requestVote(GrpcService.java:204)
	at org.apache.ratis.server.impl.LeaderElection.lambda$submitRequests$1(LeaderElection.java:234)
	at java.util.concurrent.FutureTask.run(FutureTask.java:266)
	at java.util.concurrent.Executors$RunnableAdapter.call(Executors.java:511)
	at java.util.concurrent.FutureTask.run(FutureTask.java:266)
	at java.util.concurrent.ThreadPoolExecutor.runWorker(ThreadPoolExecutor.java:1149)
	at java.util.concurrent.ThreadPoolExecutor$Worker.run(ThreadPoolExecutor.java:624)
	... 1 more
Caused by: org.apache.ratis.thirdparty.io.netty.channel.AbstractChannel$AnnotatedConnectException: Connection refused: /192.168.157.236:40701
	at sun.nio.ch.SocketChannelImpl.checkConnect(Native Method)
	at sun.nio.ch.SocketChannelImpl.finishConnect(SocketChannelImpl.java:717)
	at org.apache.ratis.thirdparty.io.netty.channel.socket.nio.NioSocketChannel.doFinishConnect(NioSocketChannel.java:327)
	at org.apache.ratis.thirdparty.io.netty.channel.nio.AbstractNioChannel$AbstractNioUnsafe.finishConnect(AbstractNioChannel.java:340)
	at org.apache.ratis.thirdparty.io.netty.channel.nio.NioEventLoop.processSelectedKey(NioEventLoop.java:632)
	at org.apache.ratis.thirdparty.io.netty.channel.nio.NioEventLoop.processSelectedKeysOptimized(NioEventLoop.java:579)
	at org.apache.ratis.thirdparty.io.netty.channel.nio.NioEventLoop.processSelectedKeys(NioEventLoop.java:496)
	at org.apache.ratis.thirdparty.io.netty.channel.nio.NioEventLoop.run(NioEventLoop.java:458)
	at org.apache.ratis.thirdparty.io.netty.util.concurrent.SingleThreadEventExecutor$5.run(SingleThreadEventExecutor.java:897)
	at org.apache.ratis.thirdparty.io.netty.util.concurrent.FastThreadLocalRunnable.run(FastThreadLocalRunnable.java:30)
	... 1 more
Caused by: java.net.ConnectException: Connection refused
	... 11 more
2019-10-15 03:22:23,043 [1974a9a1-a6f9-4483-963f-44bc27f0fbdf@group-169A166C894B-LeaderElection23] INFO  impl.LeaderElection (LogUtils.java:infoOrTrace(149)) -   Exception 1: {}
java.util.concurrent.ExecutionException: org.apache.ratis.thirdparty.io.grpc.StatusRuntimeException: UNAVAILABLE: io exception
	at java.util.concurrent.FutureTask.report(FutureTask.java:122)
	at java.util.concurrent.FutureTask.get(FutureTask.java:192)
	at org.apache.ratis.server.impl.LeaderElection.waitForResults(LeaderElection.java:259)
	at org.apache.ratis.server.impl.LeaderElection.askForVotes(LeaderElection.java:197)
	at org.apache.ratis.server.impl.LeaderElection.run(LeaderElection.java:133)
	at java.lang.Thread.run(Thread.java:748)
Caused by: org.apache.ratis.thirdparty.io.grpc.StatusRuntimeException: UNAVAILABLE: io exception
	at org.apache.ratis.thirdparty.io.grpc.stub.ClientCalls.toStatusRuntimeException(ClientCalls.java:233)
	at org.apache.ratis.thirdparty.io.grpc.stub.ClientCalls.getUnchecked(ClientCalls.java:214)
	at org.apache.ratis.thirdparty.io.grpc.stub.ClientCalls.blockingUnaryCall(ClientCalls.java:139)
	at org.apache.ratis.proto.grpc.RaftServerProtocolServiceGrpc$RaftServerProtocolServiceBlockingStub.requestVote(RaftServerProtocolServiceGrpc.java:265)
	at org.apache.ratis.grpc.server.GrpcServerProtocolClient.requestVote(GrpcServerProtocolClient.java:99)
	at org.apache.ratis.grpc.server.GrpcService.requestVote(GrpcService.java:204)
	at org.apache.ratis.server.impl.LeaderElection.lambda$submitRequests$1(LeaderElection.java:234)
	at java.util.concurrent.FutureTask.run(FutureTask.java:266)
	at java.util.concurrent.Executors$RunnableAdapter.call(Executors.java:511)
	at java.util.concurrent.FutureTask.run(FutureTask.java:266)
	at java.util.concurrent.ThreadPoolExecutor.runWorker(ThreadPoolExecutor.java:1149)
	at java.util.concurrent.ThreadPoolExecutor$Worker.run(ThreadPoolExecutor.java:624)
	... 1 more
Caused by: org.apache.ratis.thirdparty.io.netty.channel.AbstractChannel$AnnotatedConnectException: Connection refused: /192.168.157.236:33603
	at sun.nio.ch.SocketChannelImpl.checkConnect(Native Method)
	at sun.nio.ch.SocketChannelImpl.finishConnect(SocketChannelImpl.java:717)
	at org.apache.ratis.thirdparty.io.netty.channel.socket.nio.NioSocketChannel.doFinishConnect(NioSocketChannel.java:327)
	at org.apache.ratis.thirdparty.io.netty.channel.nio.AbstractNioChannel$AbstractNioUnsafe.finishConnect(AbstractNioChannel.java:340)
	at org.apache.ratis.thirdparty.io.netty.channel.nio.NioEventLoop.processSelectedKey(NioEventLoop.java:632)
	at org.apache.ratis.thirdparty.io.netty.channel.nio.NioEventLoop.processSelectedKeysOptimized(NioEventLoop.java:579)
	at org.apache.ratis.thirdparty.io.netty.channel.nio.NioEventLoop.processSelectedKeys(NioEventLoop.java:496)
	at org.apache.ratis.thirdparty.io.netty.channel.nio.NioEventLoop.run(NioEventLoop.java:458)
	at org.apache.ratis.thirdparty.io.netty.util.concurrent.SingleThreadEventExecutor$5.run(SingleThreadEventExecutor.java:897)
	at org.apache.ratis.thirdparty.io.netty.util.concurrent.FastThreadLocalRunnable.run(FastThreadLocalRunnable.java:30)
	... 1 more
Caused by: java.net.ConnectException: Connection refused
	... 11 more
2019-10-15 03:22:23,043 [1974a9a1-a6f9-4483-963f-44bc27f0fbdf@group-169A166C894B-LeaderElection23] INFO  impl.RaftServerImpl (RaftServerImpl.java:setRole(170)) - 1974a9a1-a6f9-4483-963f-44bc27f0fbdf@group-169A166C894B: changes role from CANDIDATE to FOLLOWER at term 11 for DISCOVERED_A_NEW_TERM
2019-10-15 03:22:23,043 [1974a9a1-a6f9-4483-963f-44bc27f0fbdf@group-169A166C894B-LeaderElection23] INFO  impl.RoleInfo (RoleInfo.java:shutdownLeaderElection(134)) - 1974a9a1-a6f9-4483-963f-44bc27f0fbdf: shutdown LeaderElection
2019-10-15 03:22:23,044 [1974a9a1-a6f9-4483-963f-44bc27f0fbdf@group-169A166C894B-LeaderElection23] INFO  impl.RoleInfo (RoleInfo.java:updateAndGet(143)) - 1974a9a1-a6f9-4483-963f-44bc27f0fbdf: start FollowerState
2019-10-15 03:22:27,946 [RatisPipelineUtilsThread] WARN  pipeline.RatisPipelineUtils (RatisPipelineUtils.java:destroyPipeline(69)) - Pipeline destroy failed for pipeline=PipelineID=eb84a5c3-aa1a-4e25-9e37-169a166c894b dn=7a6ae757-b1cb-4520-a3e0-bcfac033e2fd{ip: 192.168.157.236, host: pr-hdds-2278-dv8k5-3424803466, networkLocation: /default-rack, certSerialId: null}
2019-10-15 03:22:27,952 [RatisPipelineUtilsThread] WARN  pipeline.RatisPipelineUtils (RatisPipelineUtils.java:destroyPipeline(69)) - Pipeline destroy failed for pipeline=PipelineID=eb84a5c3-aa1a-4e25-9e37-169a166c894b dn=ee46b013-4f8a-4e1e-9d21-4cc7a5f61f32{ip: 192.168.157.236, host: pr-hdds-2278-dv8k5-3424803466, networkLocation: /default-rack, certSerialId: null}
2019-10-15 03:22:27,961 [grpc-default-executor-2] INFO  impl.RaftServerProxy (RaftServerProxy.java:remove(95)) - 1974a9a1-a6f9-4483-963f-44bc27f0fbdf: remove  FOLLOWER 1974a9a1-a6f9-4483-963f-44bc27f0fbdf@group-169A166C894B:t11, leader=null, voted=1974a9a1-a6f9-4483-963f-44bc27f0fbdf, raftlog=1974a9a1-a6f9-4483-963f-44bc27f0fbdf@group-169A166C894B-SegmentedRaftLog:OPENED:c16,f16,i16, conf=0: [7a6ae757-b1cb-4520-a3e0-bcfac033e2fd:192.168.157.236:40701, ee46b013-4f8a-4e1e-9d21-4cc7a5f61f32:192.168.157.236:33603, 1974a9a1-a6f9-4483-963f-44bc27f0fbdf:192.168.157.236:45308], old=null RUNNING
2019-10-15 03:22:27,964 [grpc-default-executor-2] INFO  impl.RaftServerImpl (RaftServerImpl.java:lambda$shutdown$3(247)) - 1974a9a1-a6f9-4483-963f-44bc27f0fbdf@group-169A166C894B: shutdown
2019-10-15 03:22:27,965 [grpc-default-executor-2] INFO  util.JmxRegister (JmxRegister.java:unregister(73)) - Successfully un-registered JMX Bean with object name Ratis:service=RaftServer,group=group-169A166C894B,id=1974a9a1-a6f9-4483-963f-44bc27f0fbdf
2019-10-15 03:22:27,965 [grpc-default-executor-2] INFO  impl.RoleInfo (RoleInfo.java:shutdownFollowerState(121)) - 1974a9a1-a6f9-4483-963f-44bc27f0fbdf: shutdown FollowerState
2019-10-15 03:22:27,965 [grpc-default-executor-2] INFO  impl.StateMachineUpdater (StateMachineUpdater.java:stopAndJoin(136)) - 1974a9a1-a6f9-4483-963f-44bc27f0fbdf@group-169A166C894B-StateMachineUpdater: set stopIndex = 16
2019-10-15 03:22:27,966 [1974a9a1-a6f9-4483-963f-44bc27f0fbdf@group-169A166C894B-StateMachineUpdater] INFO  ratis.ContainerStateMachine (ContainerStateMachine.java:takeSnapshot(294)) - group-169A166C894B: Taking a snapshot at:(t:1, i:14) file /workdir/hadoop-ozone/integration-test/target/test-dir/MiniOzoneClusterImpl-747bb6ba-742f-4335-8eef-883d7ad25d26/datanode-5/data/ratis/eb84a5c3-aa1a-4e25-9e37-169a166c894b/sm/snapshot.1_14
2019-10-15 03:22:27,967 [Thread-573] INFO  impl.FollowerState (FollowerState.java:run(117)) - 1974a9a1-a6f9-4483-963f-44bc27f0fbdf@group-169A166C894B-FollowerState was interrupted: java.lang.InterruptedException: sleep interrupted
2019-10-15 03:22:28,024 [1974a9a1-a6f9-4483-963f-44bc27f0fbdf@group-169A166C894B-StateMachineUpdater] INFO  ratis.ContainerStateMachine (ContainerStateMachine.java:takeSnapshot(305)) - group-169A166C894B: Finished taking a snapshot at:(t:1, i:14) file:/workdir/hadoop-ozone/integration-test/target/test-dir/MiniOzoneClusterImpl-747bb6ba-742f-4335-8eef-883d7ad25d26/datanode-5/data/ratis/eb84a5c3-aa1a-4e25-9e37-169a166c894b/sm/snapshot.1_14 time:58
2019-10-15 03:22:28,024 [1974a9a1-a6f9-4483-963f-44bc27f0fbdf@group-169A166C894B-StateMachineUpdater] INFO  impl.StateMachineUpdater (StateMachineUpdater.java:takeSnapshot(269)) - 1974a9a1-a6f9-4483-963f-44bc27f0fbdf@group-169A166C894B-StateMachineUpdater: Took a snapshot at index 14
2019-10-15 03:22:28,025 [1974a9a1-a6f9-4483-963f-44bc27f0fbdf@group-169A166C894B-StateMachineUpdater] INFO  impl.StateMachineUpdater (StateMachineUpdater.java:lambda$new$0(84)) - 1974a9a1-a6f9-4483-963f-44bc27f0fbdf@group-169A166C894B-StateMachineUpdater: snapshotIndex: updateIncreasingly -1 -> 14
2019-10-15 03:22:28,025 [1974a9a1-a6f9-4483-963f-44bc27f0fbdf@group-169A166C894B-StateMachineUpdater] INFO  ratis.ContainerStateMachine (ContainerStateMachine.java:takeSnapshot(294)) - group-169A166C894B: Taking a snapshot at:(t:1, i:14) file /workdir/hadoop-ozone/integration-test/target/test-dir/MiniOzoneClusterImpl-747bb6ba-742f-4335-8eef-883d7ad25d26/datanode-5/data/ratis/eb84a5c3-aa1a-4e25-9e37-169a166c894b/sm/snapshot.1_14
2019-10-15 03:22:28,072 [1974a9a1-a6f9-4483-963f-44bc27f0fbdf@group-169A166C894B-StateMachineUpdater] INFO  ratis.ContainerStateMachine (ContainerStateMachine.java:takeSnapshot(305)) - group-169A166C894B: Finished taking a snapshot at:(t:1, i:14) file:/workdir/hadoop-ozone/integration-test/target/test-dir/MiniOzoneClusterImpl-747bb6ba-742f-4335-8eef-883d7ad25d26/datanode-5/data/ratis/eb84a5c3-aa1a-4e25-9e37-169a166c894b/sm/snapshot.1_14 time:47
2019-10-15 03:22:28,073 [1974a9a1-a6f9-4483-963f-44bc27f0fbdf@group-169A166C894B-StateMachineUpdater] INFO  impl.StateMachineUpdater (StateMachineUpdater.java:takeSnapshot(269)) - 1974a9a1-a6f9-4483-963f-44bc27f0fbdf@group-169A166C894B-StateMachineUpdater: Took a snapshot at index 14
2019-10-15 03:22:28,073 [1974a9a1-a6f9-4483-963f-44bc27f0fbdf@group-169A166C894B-StateMachineUpdater] INFO  impl.StateMachineUpdater (StateMachineUpdater.java:lambda$new$0(84)) - 1974a9a1-a6f9-4483-963f-44bc27f0fbdf@group-169A166C894B-StateMachineUpdater: snapshotIndex: updateIncreasingly 14 -> 14
2019-10-15 03:22:28,074 [grpc-default-executor-2] INFO  impl.RaftServerImpl (ServerState.java:close(387)) - 1974a9a1-a6f9-4483-963f-44bc27f0fbdf@group-169A166C894B: closes. applyIndex: 16
2019-10-15 03:22:28,074 [1974a9a1-a6f9-4483-963f-44bc27f0fbdf@group-169A166C894B-SegmentedRaftLogWorker] INFO  segmented.SegmentedRaftLogWorker (SegmentedRaftLogWorker.java:run(316)) - 1974a9a1-a6f9-4483-963f-44bc27f0fbdf@group-169A166C894B-SegmentedRaftLogWorker was interrupted, exiting. There are 0 tasks remaining in the queue.
2019-10-15 03:22:28,077 [grpc-default-executor-2] INFO  segmented.SegmentedRaftLogWorker (SegmentedRaftLogWorker.java:close(224)) - 1974a9a1-a6f9-4483-963f-44bc27f0fbdf@group-169A166C894B-SegmentedRaftLogWorker close()
2019-10-15 03:22:28,130 [grpc-default-executor-2] INFO  interfaces.Container (KeyValueContainer.java:flushAndSyncDB(386)) - Container 1 is synced with bcsId 14.
2019-10-15 03:22:28,130 [grpc-default-executor-2] INFO  interfaces.Container (KeyValueContainer.java:flushAndSyncDB(386)) - Container 1 is synced with bcsId 14.
2019-10-15 03:22:28,181 [EventQueue-IncrementalContainerReportForIncrementalContainerReportHandler] INFO  container.IncrementalContainerReportHandler (AbstractContainerReportHandler.java:updateContainerState(171)) - Moving container #1 to QUASI_CLOSED state, datanode 1974a9a1-a6f9-4483-963f-44bc27f0fbdf{ip: 192.168.157.236, host: pr-hdds-2278-dv8k5-3424803466, networkLocation: /default-rack, certSerialId: null} reported QUASI_CLOSED replica.
2019-10-15 03:22:28,182 [RatisPipelineUtilsThread] INFO  pipeline.PipelineStateManager (PipelineStateManager.java:removePipeline(108)) - Pipeline Pipeline[ Id: eb84a5c3-aa1a-4e25-9e37-169a166c894b, Nodes: 7a6ae757-b1cb-4520-a3e0-bcfac033e2fd{ip: 192.168.157.236, host: pr-hdds-2278-dv8k5-3424803466, networkLocation: /default-rack, certSerialId: null}ee46b013-4f8a-4e1e-9d21-4cc7a5f61f32{ip: 192.168.157.236, host: pr-hdds-2278-dv8k5-3424803466, networkLocation: /default-rack, certSerialId: null}1974a9a1-a6f9-4483-963f-44bc27f0fbdf{ip: 192.168.157.236, host: pr-hdds-2278-dv8k5-3424803466, networkLocation: /default-rack, certSerialId: null}, Type:RATIS, Factor:THREE, State:CLOSED] removed from db
2019-10-15 03:22:28,187 [RatisPipelineUtilsThread] WARN  pipeline.RatisPipelineUtils (RatisPipelineUtils.java:destroyPipeline(69)) - Pipeline destroy failed for pipeline=PipelineID=dec7fd0c-d711-4071-9d71-33273715dcd6 dn=7a6ae757-b1cb-4520-a3e0-bcfac033e2fd{ip: 192.168.157.236, host: pr-hdds-2278-dv8k5-3424803466, networkLocation: /default-rack, certSerialId: null}
2019-10-15 03:22:28,187 [RatisPipelineUtilsThread] INFO  pipeline.PipelineStateManager (PipelineStateManager.java:removePipeline(108)) - Pipeline Pipeline[ Id: dec7fd0c-d711-4071-9d71-33273715dcd6, Nodes: 7a6ae757-b1cb-4520-a3e0-bcfac033e2fd{ip: 192.168.157.236, host: pr-hdds-2278-dv8k5-3424803466, networkLocation: /default-rack, certSerialId: null}, Type:RATIS, Factor:ONE, State:CLOSED] removed from db
2019-10-15 03:22:29,162 [main] WARN  io.KeyOutputStream (KeyOutputStream.java:handleException(274)) - Encountered exception java.io.IOException: Unexpected Storage Container Exception: java.util.concurrent.CompletionException: java.util.concurrent.CompletionException: org.apache.ratis.protocol.GroupMismatchException: 1974a9a1-a6f9-4483-963f-44bc27f0fbdf: group-169A166C894B not found. on the pipeline Pipeline[ Id: eb84a5c3-aa1a-4e25-9e37-169a166c894b, Nodes: 7a6ae757-b1cb-4520-a3e0-bcfac033e2fd{ip: 192.168.157.236, host: pr-hdds-2278-dv8k5-3424803466, networkLocation: /default-rack, certSerialId: null}ee46b013-4f8a-4e1e-9d21-4cc7a5f61f32{ip: 192.168.157.236, host: pr-hdds-2278-dv8k5-3424803466, networkLocation: /default-rack, certSerialId: null}1974a9a1-a6f9-4483-963f-44bc27f0fbdf{ip: 192.168.157.236, host: pr-hdds-2278-dv8k5-3424803466, networkLocation: /default-rack, certSerialId: null}, Type:RATIS, Factor:THREE, State:OPEN]. The last committed block length is 450, uncommitted data length is 350 retry count 0
2019-10-15 03:22:30,864 [main] WARN  scm.XceiverClientRatis (XceiverClientRatis.java:watchForCommit(277)) - 3 way commit failed on pipeline Pipeline[ Id: 87b01301-3530-4a43-a00a-22a9b11b4d22, Nodes: 76854fb9-5692-497b-8ec8-3ee205e6cc31{ip: 192.168.157.236, host: pr-hdds-2278-dv8k5-3424803466, networkLocation: /default-rack, certSerialId: null}ff86720b-57ad-4346-9c29-47d80feac5b3{ip: 192.168.157.236, host: pr-hdds-2278-dv8k5-3424803466, networkLocation: /default-rack, certSerialId: null}dab5a863-0e86-4b68-ba3e-0ceb094488f7{ip: 192.168.157.236, host: pr-hdds-2278-dv8k5-3424803466, networkLocation: /default-rack, certSerialId: null}, Type:RATIS, Factor:THREE, State:OPEN]
java.util.concurrent.TimeoutException
	at java.util.concurrent.CompletableFuture.timedGet(CompletableFuture.java:1771)
	at java.util.concurrent.CompletableFuture.get(CompletableFuture.java:1915)
	at org.apache.hadoop.hdds.scm.XceiverClientRatis.watchForCommit(XceiverClientRatis.java:274)
	at org.apache.hadoop.hdds.scm.storage.CommitWatcher.watchForCommit(CommitWatcher.java:198)
	at org.apache.hadoop.hdds.scm.storage.CommitWatcher.watchOnFirstIndex(CommitWatcher.java:137)
	at org.apache.hadoop.hdds.scm.storage.BlockOutputStream.watchForCommit(BlockOutputStream.java:346)
	at org.apache.hadoop.hdds.scm.storage.BlockOutputStream.handleFullBuffer(BlockOutputStream.java:323)
	at org.apache.hadoop.hdds.scm.storage.BlockOutputStream.write(BlockOutputStream.java:250)
	at org.apache.hadoop.ozone.client.io.BlockOutputStreamEntry.write(BlockOutputStreamEntry.java:129)
	at org.apache.hadoop.ozone.client.io.KeyOutputStream.handleWrite(KeyOutputStream.java:208)
	at org.apache.hadoop.ozone.client.io.KeyOutputStream.write(KeyOutputStream.java:190)
	at org.apache.hadoop.ozone.client.io.OzoneOutputStream.write(OzoneOutputStream.java:49)
	at java.io.OutputStream.write(OutputStream.java:75)
	at org.apache.hadoop.ozone.client.rpc.TestBlockOutputStreamWithFailures.test2DatanodesFailure(TestBlockOutputStreamWithFailures.java:497)
	at sun.reflect.NativeMethodAccessorImpl.invoke0(Native Method)
	at sun.reflect.NativeMethodAccessorImpl.invoke(NativeMethodAccessorImpl.java:62)
	at sun.reflect.DelegatingMethodAccessorImpl.invoke(DelegatingMethodAccessorImpl.java:43)
	at java.lang.reflect.Method.invoke(Method.java:498)
	at org.junit.runners.model.FrameworkMethod$1.runReflectiveCall(FrameworkMethod.java:47)
	at org.junit.internal.runners.model.ReflectiveCallable.run(ReflectiveCallable.java:12)
	at org.junit.runners.model.FrameworkMethod.invokeExplosively(FrameworkMethod.java:44)
	at org.junit.internal.runners.statements.InvokeMethod.evaluate(InvokeMethod.java:17)
	at org.junit.internal.runners.statements.RunBefores.evaluate(RunBefores.java:26)
	at org.junit.internal.runners.statements.RunAfters.evaluate(RunAfters.java:27)
	at org.junit.runners.ParentRunner.runLeaf(ParentRunner.java:271)
	at org.junit.runners.BlockJUnit4ClassRunner.runChild(BlockJUnit4ClassRunner.java:70)
	at org.junit.runners.BlockJUnit4ClassRunner.runChild(BlockJUnit4ClassRunner.java:50)
	at org.junit.runners.ParentRunner$3.run(ParentRunner.java:238)
	at org.junit.runners.ParentRunner$1.schedule(ParentRunner.java:63)
	at org.junit.runners.ParentRunner.runChildren(ParentRunner.java:236)
	at org.junit.runners.ParentRunner.access$000(ParentRunner.java:53)
	at org.junit.runners.ParentRunner$2.evaluate(ParentRunner.java:229)
	at org.junit.runners.ParentRunner.run(ParentRunner.java:309)
	at org.apache.maven.surefire.junit4.JUnit4Provider.execute(JUnit4Provider.java:365)
	at org.apache.maven.surefire.junit4.JUnit4Provider.executeWithRerun(JUnit4Provider.java:273)
	at org.apache.maven.surefire.junit4.JUnit4Provider.executeTestSet(JUnit4Provider.java:238)
	at org.apache.maven.surefire.junit4.JUnit4Provider.invoke(JUnit4Provider.java:159)
	at org.apache.maven.surefire.booter.ForkedBooter.invokeProviderInSameClassLoader(ForkedBooter.java:384)
	at org.apache.maven.surefire.booter.ForkedBooter.runSuitesInProcess(ForkedBooter.java:345)
	at org.apache.maven.surefire.booter.ForkedBooter.execute(ForkedBooter.java:126)
	at org.apache.maven.surefire.booter.ForkedBooter.main(ForkedBooter.java:418)
2019-10-15 03:22:31,865 [main] WARN  storage.CommitWatcher (CommitWatcher.java:watchForCommit(207)) - watchForCommit failed for index 4
java.util.concurrent.TimeoutException
	at java.util.concurrent.CompletableFuture.timedGet(CompletableFuture.java:1771)
	at java.util.concurrent.CompletableFuture.get(CompletableFuture.java:1915)
	at org.apache.hadoop.hdds.scm.XceiverClientRatis.watchForCommit(XceiverClientRatis.java:283)
	at org.apache.hadoop.hdds.scm.storage.CommitWatcher.watchForCommit(CommitWatcher.java:198)
	at org.apache.hadoop.hdds.scm.storage.CommitWatcher.watchOnFirstIndex(CommitWatcher.java:137)
	at org.apache.hadoop.hdds.scm.storage.BlockOutputStream.watchForCommit(BlockOutputStream.java:346)
	at org.apache.hadoop.hdds.scm.storage.BlockOutputStream.handleFullBuffer(BlockOutputStream.java:323)
	at org.apache.hadoop.hdds.scm.storage.BlockOutputStream.write(BlockOutputStream.java:250)
	at org.apache.hadoop.ozone.client.io.BlockOutputStreamEntry.write(BlockOutputStreamEntry.java:129)
	at org.apache.hadoop.ozone.client.io.KeyOutputStream.handleWrite(KeyOutputStream.java:208)
	at org.apache.hadoop.ozone.client.io.KeyOutputStream.write(KeyOutputStream.java:190)
	at org.apache.hadoop.ozone.client.io.OzoneOutputStream.write(OzoneOutputStream.java:49)
	at java.io.OutputStream.write(OutputStream.java:75)
	at org.apache.hadoop.ozone.client.rpc.TestBlockOutputStreamWithFailures.test2DatanodesFailure(TestBlockOutputStreamWithFailures.java:497)
	at sun.reflect.NativeMethodAccessorImpl.invoke0(Native Method)
	at sun.reflect.NativeMethodAccessorImpl.invoke(NativeMethodAccessorImpl.java:62)
	at sun.reflect.DelegatingMethodAccessorImpl.invoke(DelegatingMethodAccessorImpl.java:43)
	at java.lang.reflect.Method.invoke(Method.java:498)
	at org.junit.runners.model.FrameworkMethod$1.runReflectiveCall(FrameworkMethod.java:47)
	at org.junit.internal.runners.model.ReflectiveCallable.run(ReflectiveCallable.java:12)
	at org.junit.runners.model.FrameworkMethod.invokeExplosively(FrameworkMethod.java:44)
	at org.junit.internal.runners.statements.InvokeMethod.evaluate(InvokeMethod.java:17)
	at org.junit.internal.runners.statements.RunBefores.evaluate(RunBefores.java:26)
	at org.junit.internal.runners.statements.RunAfters.evaluate(RunAfters.java:27)
	at org.junit.runners.ParentRunner.runLeaf(ParentRunner.java:271)
	at org.junit.runners.BlockJUnit4ClassRunner.runChild(BlockJUnit4ClassRunner.java:70)
	at org.junit.runners.BlockJUnit4ClassRunner.runChild(BlockJUnit4ClassRunner.java:50)
	at org.junit.runners.ParentRunner$3.run(ParentRunner.java:238)
	at org.junit.runners.ParentRunner$1.schedule(ParentRunner.java:63)
	at org.junit.runners.ParentRunner.runChildren(ParentRunner.java:236)
	at org.junit.runners.ParentRunner.access$000(ParentRunner.java:53)
	at org.junit.runners.ParentRunner$2.evaluate(ParentRunner.java:229)
	at org.junit.runners.ParentRunner.run(ParentRunner.java:309)
	at org.apache.maven.surefire.junit4.JUnit4Provider.execute(JUnit4Provider.java:365)
	at org.apache.maven.surefire.junit4.JUnit4Provider.executeWithRerun(JUnit4Provider.java:273)
	at org.apache.maven.surefire.junit4.JUnit4Provider.executeTestSet(JUnit4Provider.java:238)
	at org.apache.maven.surefire.junit4.JUnit4Provider.invoke(JUnit4Provider.java:159)
	at org.apache.maven.surefire.booter.ForkedBooter.invokeProviderInSameClassLoader(ForkedBooter.java:384)
	at org.apache.maven.surefire.booter.ForkedBooter.runSuitesInProcess(ForkedBooter.java:345)
	at org.apache.maven.surefire.booter.ForkedBooter.execute(ForkedBooter.java:126)
	at org.apache.maven.surefire.booter.ForkedBooter.main(ForkedBooter.java:418)
2019-10-15 03:22:31,866 [main] WARN  io.KeyOutputStream (KeyOutputStream.java:handleException(274)) - Encountered exception java.io.IOException: Unexpected Storage Container Exception: java.io.IOException: Unexpected Storage Container Exception: java.util.concurrent.TimeoutException on the pipeline Pipeline[ Id: 87b01301-3530-4a43-a00a-22a9b11b4d22, Nodes: 76854fb9-5692-497b-8ec8-3ee205e6cc31{ip: 192.168.157.236, host: pr-hdds-2278-dv8k5-3424803466, networkLocation: /default-rack, certSerialId: null}ff86720b-57ad-4346-9c29-47d80feac5b3{ip: 192.168.157.236, host: pr-hdds-2278-dv8k5-3424803466, networkLocation: /default-rack, certSerialId: null}dab5a863-0e86-4b68-ba3e-0ceb094488f7{ip: 192.168.157.236, host: pr-hdds-2278-dv8k5-3424803466, networkLocation: /default-rack, certSerialId: null}, Type:RATIS, Factor:THREE, State:OPEN]. The last committed block length is 0, uncommitted data length is 400 retry count 0
2019-10-15 03:22:31,869 [IPC Server handler 0 on 46007] WARN  block.BlockManagerImpl (BlockManagerImpl.java:allocateBlock(194)) - Pipeline creation failed for type:RATIS factor:THREE. Retrying get pipelines call once.
org.apache.hadoop.hdds.scm.pipeline.InsufficientDatanodesException: Cannot create pipeline of factor 3 using 2 nodes.
	at org.apache.hadoop.hdds.scm.pipeline.RatisPipelineProvider.create(RatisPipelineProvider.java:153)
	at org.apache.hadoop.hdds.scm.pipeline.PipelineFactory.create(PipelineFactory.java:58)
	at org.apache.hadoop.hdds.scm.pipeline.SCMPipelineManager.createPipeline(SCMPipelineManager.java:155)
	at org.apache.hadoop.hdds.scm.block.BlockManagerImpl.allocateBlock(BlockManagerImpl.java:192)
	at org.apache.hadoop.hdds.scm.server.SCMBlockProtocolServer.allocateBlock(SCMBlockProtocolServer.java:182)
	at org.apache.hadoop.hdds.scm.protocol.ScmBlockLocationProtocolServerSideTranslatorPB.allocateScmBlock(ScmBlockLocationProtocolServerSideTranslatorPB.java:159)
	at org.apache.hadoop.hdds.scm.protocol.ScmBlockLocationProtocolServerSideTranslatorPB.processMessage(ScmBlockLocationProtocolServerSideTranslatorPB.java:117)
	at org.apache.hadoop.hdds.server.OzoneProtocolMessageDispatcher.processRequest(OzoneProtocolMessageDispatcher.java:72)
	at org.apache.hadoop.hdds.scm.protocol.ScmBlockLocationProtocolServerSideTranslatorPB.send(ScmBlockLocationProtocolServerSideTranslatorPB.java:98)
	at org.apache.hadoop.hdds.protocol.proto.ScmBlockLocationProtocolProtos$ScmBlockLocationProtocolService$2.callBlockingMethod(ScmBlockLocationProtocolProtos.java:13157)
	at org.apache.hadoop.ipc.ProtobufRpcEngine$Server$ProtoBufRpcInvoker.call(ProtobufRpcEngine.java:524)
	at org.apache.hadoop.ipc.RPC$Server.call(RPC.java:1025)
	at org.apache.hadoop.ipc.Server$RpcCall.run(Server.java:876)
	at org.apache.hadoop.ipc.Server$RpcCall.run(Server.java:822)
	at java.security.AccessController.doPrivileged(Native Method)
	at javax.security.auth.Subject.doAs(Subject.java:422)
	at org.apache.hadoop.security.UserGroupInformation.doAs(UserGroupInformation.java:1730)
	at org.apache.hadoop.ipc.Server$Handler.run(Server.java:2682)
2019-10-15 03:22:31,871 [IPC Server handler 0 on 46007] INFO  block.BlockManagerImpl (BlockManagerImpl.java:allocateBlock(200)) - Could not find available pipeline of type:RATIS and factor:THREE even after retrying
2019-10-15 03:22:31,871 [IPC Server handler 0 on 46007] ERROR block.BlockManagerImpl (BlockManagerImpl.java:allocateBlock(224)) - Unable to allocate a block for the size: 800, type: RATIS, factor: THREE
2019-10-15 03:22:31,881 [main] ERROR io.BlockOutputStreamEntryPool (BlockOutputStreamEntryPool.java:allocateBlockIfNeeded(309)) - Try to allocate more blocks for write failed, already allocated 0 blocks for this write.
INTERNAL_ERROR org.apache.hadoop.ozone.om.exceptions.OMException: Allocated 0 blocks. Requested 1 blocks
	at org.apache.hadoop.ozone.om.protocolPB.OzoneManagerProtocolClientSideTranslatorPB.handleError(OzoneManagerProtocolClientSideTranslatorPB.java:732)
	at org.apache.hadoop.ozone.om.protocolPB.OzoneManagerProtocolClientSideTranslatorPB.allocateBlock(OzoneManagerProtocolClientSideTranslatorPB.java:764)
	at sun.reflect.NativeMethodAccessorImpl.invoke0(Native Method)
	at sun.reflect.NativeMethodAccessorImpl.invoke(NativeMethodAccessorImpl.java:62)
	at sun.reflect.DelegatingMethodAccessorImpl.invoke(DelegatingMethodAccessorImpl.java:43)
	at java.lang.reflect.Method.invoke(Method.java:498)
	at org.apache.hadoop.hdds.tracing.TraceAllMethod.invoke(TraceAllMethod.java:66)
	at com.sun.proxy.$Proxy37.allocateBlock(Unknown Source)
	at org.apache.hadoop.ozone.client.io.BlockOutputStreamEntryPool.allocateNewBlock(BlockOutputStreamEntryPool.java:258)
	at org.apache.hadoop.ozone.client.io.BlockOutputStreamEntryPool.allocateBlockIfNeeded(BlockOutputStreamEntryPool.java:306)
	at org.apache.hadoop.ozone.client.io.KeyOutputStream.handleWrite(KeyOutputStream.java:198)
	at org.apache.hadoop.ozone.client.io.KeyOutputStream.handleRetry(KeyOutputStream.java:375)
	at org.apache.hadoop.ozone.client.io.KeyOutputStream.handleException(KeyOutputStream.java:324)
	at org.apache.hadoop.ozone.client.io.KeyOutputStream.handleWrite(KeyOutputStream.java:228)
	at org.apache.hadoop.ozone.client.io.KeyOutputStream.write(KeyOutputStream.java:190)
	at org.apache.hadoop.ozone.client.io.OzoneOutputStream.write(OzoneOutputStream.java:49)
	at java.io.OutputStream.write(OutputStream.java:75)
	at org.apache.hadoop.ozone.client.rpc.TestBlockOutputStreamWithFailures.test2DatanodesFailure(TestBlockOutputStreamWithFailures.java:497)
	at sun.reflect.NativeMethodAccessorImpl.invoke0(Native Method)
	at sun.reflect.NativeMethodAccessorImpl.invoke(NativeMethodAccessorImpl.java:62)
	at sun.reflect.DelegatingMethodAccessorImpl.invoke(DelegatingMethodAccessorImpl.java:43)
	at java.lang.reflect.Method.invoke(Method.java:498)
	at org.junit.runners.model.FrameworkMethod$1.runReflectiveCall(FrameworkMethod.java:47)
	at org.junit.internal.runners.model.ReflectiveCallable.run(ReflectiveCallable.java:12)
	at org.junit.runners.model.FrameworkMethod.invokeExplosively(FrameworkMethod.java:44)
	at org.junit.internal.runners.statements.InvokeMethod.evaluate(InvokeMethod.java:17)
	at org.junit.internal.runners.statements.RunBefores.evaluate(RunBefores.java:26)
	at org.junit.internal.runners.statements.RunAfters.evaluate(RunAfters.java:27)
	at org.junit.runners.ParentRunner.runLeaf(ParentRunner.java:271)
	at org.junit.runners.BlockJUnit4ClassRunner.runChild(BlockJUnit4ClassRunner.java:70)
	at org.junit.runners.BlockJUnit4ClassRunner.runChild(BlockJUnit4ClassRunner.java:50)
	at org.junit.runners.ParentRunner$3.run(ParentRunner.java:238)
	at org.junit.runners.ParentRunner$1.schedule(ParentRunner.java:63)
	at org.junit.runners.ParentRunner.runChildren(ParentRunner.java:236)
	at org.junit.runners.ParentRunner.access$000(ParentRunner.java:53)
	at org.junit.runners.ParentRunner$2.evaluate(ParentRunner.java:229)
	at org.junit.runners.ParentRunner.run(ParentRunner.java:309)
	at org.apache.maven.surefire.junit4.JUnit4Provider.execute(JUnit4Provider.java:365)
	at org.apache.maven.surefire.junit4.JUnit4Provider.executeWithRerun(JUnit4Provider.java:273)
	at org.apache.maven.surefire.junit4.JUnit4Provider.executeTestSet(JUnit4Provider.java:238)
	at org.apache.maven.surefire.junit4.JUnit4Provider.invoke(JUnit4Provider.java:159)
	at org.apache.maven.surefire.booter.ForkedBooter.invokeProviderInSameClassLoader(ForkedBooter.java:384)
	at org.apache.maven.surefire.booter.ForkedBooter.runSuitesInProcess(ForkedBooter.java:345)
	at org.apache.maven.surefire.booter.ForkedBooter.execute(ForkedBooter.java:126)
	at org.apache.maven.surefire.booter.ForkedBooter.main(ForkedBooter.java:418)
2019-10-15 03:22:31,883 [main] INFO  ozone.MiniOzoneClusterImpl (MiniOzoneClusterImpl.java:shutdown(314)) - Shutting down the Mini Ozone Cluster
2019-10-15 03:22:31,884 [main] INFO  ozone.MiniOzoneClusterImpl (MiniOzoneClusterImpl.java:stop(330)) - Stopping the Mini Ozone Cluster
2019-10-15 03:22:31,884 [main] INFO  ozone.MiniOzoneClusterImpl (MiniOzoneClusterImpl.java:stopOM(400)) - Stopping the OzoneManager
2019-10-15 03:22:31,884 [main] INFO  ipc.Server (Server.java:stop(3082)) - Stopping server on 42658
2019-10-15 03:22:31,893 [IPC Server listener on 42658] INFO  ipc.Server (Server.java:run(1185)) - Stopping IPC Server listener on 42658
2019-10-15 03:22:31,895 [main] INFO  ratis.OzoneManagerDoubleBuffer (OzoneManagerDoubleBuffer.java:stop(250)) - Stopping OMDoubleBuffer flush thread
2019-10-15 03:22:31,897 [IPC Server Responder] INFO  ipc.Server (Server.java:run(1319)) - Stopping IPC Server Responder
2019-10-15 03:22:31,900 [OMDoubleBufferFlushThread] INFO  ratis.OzoneManagerDoubleBuffer (OzoneManagerDoubleBuffer.java:flushTransactions(193)) - OMDoubleBuffer flush thread OMDoubleBufferFlushThread is interrupted and will exit. OMDoubleBufferFlushThread
2019-10-15 03:22:31,903 [main] INFO  utils.BackgroundService (BackgroundService.java:shutdown(151)) - Shutting down service KeyDeletingService
2019-10-15 03:22:31,914 [main] INFO  handler.ContextHandler (ContextHandler.java:doStop(910)) - Stopped o.e.j.w.WebAppContext@660591fb{/,null,UNAVAILABLE}{/ozoneManager}
2019-10-15 03:22:31,915 [main] INFO  server.AbstractConnector (AbstractConnector.java:doStop(318)) - Stopped ServerConnector@4a55a6e8{HTTP/1.1,[http/1.1]}{0.0.0.0:0}
2019-10-15 03:22:31,915 [main] INFO  handler.ContextHandler (ContextHandler.java:doStop(910)) - Stopped o.e.j.s.ServletContextHandler@2032e725{/static,file:///workdir/hadoop-ozone/integration-test/target/test-classes/webapps/static,UNAVAILABLE}
2019-10-15 03:22:31,916 [main] INFO  handler.ContextHandler (ContextHandler.java:doStop(910)) - Stopped o.e.j.s.ServletContextHandler@3eed0f5{/logs,file:///workdir/hadoop-ozone/integration-test/target/log,UNAVAILABLE}
2019-10-15 03:22:31,918 [main] INFO  ozone.MiniOzoneClusterImpl (MiniOzoneClusterImpl.java:stopDatanodes(377)) - Stopping the HddsDatanodes
2019-10-15 03:22:32,543 [Datanode State Machine Thread - 0] INFO  statemachine.DatanodeStateMachine (DatanodeStateMachine.java:lambda$startDaemon$0(350)) - Ozone container server started.
2019-10-15 03:22:32,598 [Datanode State Machine Thread - 0] INFO  statemachine.DatanodeStateMachine (DatanodeStateMachine.java:lambda$startDaemon$0(350)) - Ozone container server started.
2019-10-15 03:22:33,846 [RatisPipelineUtilsThread] WARN  pipeline.RatisPipelineUtils (RatisPipelineUtils.java:destroyPipeline(69)) - Pipeline destroy failed for pipeline=PipelineID=eb84a5c3-aa1a-4e25-9e37-169a166c894b dn=7a6ae757-b1cb-4520-a3e0-bcfac033e2fd{ip: 192.168.157.236, host: pr-hdds-2278-dv8k5-3424803466, networkLocation: /default-rack, certSerialId: null}
2019-10-15 03:22:33,849 [RatisPipelineUtilsThread] WARN  pipeline.RatisPipelineUtils (RatisPipelineUtils.java:destroyPipeline(69)) - Pipeline destroy failed for pipeline=PipelineID=eb84a5c3-aa1a-4e25-9e37-169a166c894b dn=ee46b013-4f8a-4e1e-9d21-4cc7a5f61f32{ip: 192.168.157.236, host: pr-hdds-2278-dv8k5-3424803466, networkLocation: /default-rack, certSerialId: null}
2019-10-15 03:22:33,860 [grpc-default-executor-4] INFO  impl.RaftServerProxy (RaftServerProxy.java:remove(95)) - 1974a9a1-a6f9-4483-963f-44bc27f0fbdf: remove group-169A166C894B:null
2019-10-15 03:22:33,871 [RatisPipelineUtilsThread] WARN  pipeline.RatisPipelineUtils (RatisPipelineUtils.java:destroyPipeline(69)) - Pipeline destroy failed for pipeline=PipelineID=eb84a5c3-aa1a-4e25-9e37-169a166c894b dn=1974a9a1-a6f9-4483-963f-44bc27f0fbdf{ip: 192.168.157.236, host: pr-hdds-2278-dv8k5-3424803466, networkLocation: /default-rack, certSerialId: null}
2019-10-15 03:22:33,872 [RatisPipelineUtilsThread] ERROR pipeline.SCMPipelineManager (Scheduler.java:lambda$schedule$1(70)) - Destroy pipeline failed for pipeline:Pipeline[ Id: eb84a5c3-aa1a-4e25-9e37-169a166c894b, Nodes: 7a6ae757-b1cb-4520-a3e0-bcfac033e2fd{ip: 192.168.157.236, host: pr-hdds-2278-dv8k5-3424803466, networkLocation: /default-rack, certSerialId: null}ee46b013-4f8a-4e1e-9d21-4cc7a5f61f32{ip: 192.168.157.236, host: pr-hdds-2278-dv8k5-3424803466, networkLocation: /default-rack, certSerialId: null}1974a9a1-a6f9-4483-963f-44bc27f0fbdf{ip: 192.168.157.236, host: pr-hdds-2278-dv8k5-3424803466, networkLocation: /default-rack, certSerialId: null}, Type:RATIS, Factor:THREE, State:CLOSED]
org.apache.hadoop.hdds.scm.pipeline.PipelineNotFoundException: PipelineID=eb84a5c3-aa1a-4e25-9e37-169a166c894b not found
	at org.apache.hadoop.hdds.scm.pipeline.PipelineStateMap.getPipeline(PipelineStateMap.java:132)
	at org.apache.hadoop.hdds.scm.pipeline.PipelineStateMap.removePipeline(PipelineStateMap.java:322)
	at org.apache.hadoop.hdds.scm.pipeline.PipelineStateManager.removePipeline(PipelineStateManager.java:107)
	at org.apache.hadoop.hdds.scm.pipeline.SCMPipelineManager.removePipeline(SCMPipelineManager.java:427)
	at org.apache.hadoop.hdds.scm.pipeline.SCMPipelineManager.destroyPipeline(SCMPipelineManager.java:413)
	at org.apache.hadoop.hdds.scm.pipeline.SCMPipelineManager.lambda$finalizeAndDestroyPipeline$0(SCMPipelineManager.java:322)
	at org.apache.hadoop.hdds.utils.Scheduler.lambda$schedule$1(Scheduler.java:68)
	at java.util.concurrent.Executors$RunnableAdapter.call(Executors.java:511)
	at java.util.concurrent.FutureTask.run(FutureTask.java:266)
	at java.util.concurrent.ScheduledThreadPoolExecutor$ScheduledFutureTask.access$201(ScheduledThreadPoolExecutor.java:180)
	at java.util.concurrent.ScheduledThreadPoolExecutor$ScheduledFutureTask.run(ScheduledThreadPoolExecutor.java:293)
	at java.util.concurrent.ThreadPoolExecutor.runWorker(ThreadPoolExecutor.java:1149)
	at java.util.concurrent.ThreadPoolExecutor$Worker.run(ThreadPoolExecutor.java:624)
	at java.lang.Thread.run(Thread.java:748)
2019-10-15 03:22:33,875 [RatisPipelineUtilsThread] WARN  pipeline.RatisPipelineUtils (RatisPipelineUtils.java:destroyPipeline(69)) - Pipeline destroy failed for pipeline=PipelineID=89caee7d-bad2-4b8f-8385-e06a9d54aedd dn=ee46b013-4f8a-4e1e-9d21-4cc7a5f61f32{ip: 192.168.157.236, host: pr-hdds-2278-dv8k5-3424803466, networkLocation: /default-rack, certSerialId: null}
2019-10-15 03:22:33,875 [RatisPipelineUtilsThread] INFO  pipeline.PipelineStateManager (PipelineStateManager.java:removePipeline(108)) - Pipeline Pipeline[ Id: 89caee7d-bad2-4b8f-8385-e06a9d54aedd, Nodes: ee46b013-4f8a-4e1e-9d21-4cc7a5f61f32{ip: 192.168.157.236, host: pr-hdds-2278-dv8k5-3424803466, networkLocation: /default-rack, certSerialId: null}, Type:RATIS, Factor:ONE, State:CLOSED] removed from db
2019-10-15 03:22:36,600 [EventQueue-StaleNodeForStaleNodeHandler] INFO  node.StaleNodeHandler (StaleNodeHandler.java:onMessage(58)) - Datanode ff86720b-57ad-4346-9c29-47d80feac5b3{ip: 192.168.157.236, host: pr-hdds-2278-dv8k5-3424803466, networkLocation: /default-rack, certSerialId: null} moved to stale state. Finalizing its pipelines [PipelineID=87b01301-3530-4a43-a00a-22a9b11b4d22, PipelineID=1c97723a-a342-4f86-8c1e-13c1ee84f8ce]
2019-10-15 03:22:36,606 [EventQueue-StaleNodeForStaleNodeHandler] INFO  pipeline.SCMPipelineManager (SCMPipelineManager.java:finalizeAndDestroyPipeline(315)) - destroying pipeline:Pipeline[ Id: 87b01301-3530-4a43-a00a-22a9b11b4d22, Nodes: 76854fb9-5692-497b-8ec8-3ee205e6cc31{ip: 192.168.157.236, host: pr-hdds-2278-dv8k5-3424803466, networkLocation: /default-rack, certSerialId: null}ff86720b-57ad-4346-9c29-47d80feac5b3{ip: 192.168.157.236, host: pr-hdds-2278-dv8k5-3424803466, networkLocation: /default-rack, certSerialId: null}dab5a863-0e86-4b68-ba3e-0ceb094488f7{ip: 192.168.157.236, host: pr-hdds-2278-dv8k5-3424803466, networkLocation: /default-rack, certSerialId: null}, Type:RATIS, Factor:THREE, State:OPEN]
2019-10-15 03:22:36,606 [EventQueue-StaleNodeForStaleNodeHandler] INFO  pipeline.PipelineStateManager (PipelineStateManager.java:finalizePipeline(123)) - Pipeline Pipeline[ Id: 87b01301-3530-4a43-a00a-22a9b11b4d22, Nodes: 76854fb9-5692-497b-8ec8-3ee205e6cc31{ip: 192.168.157.236, host: pr-hdds-2278-dv8k5-3424803466, networkLocation: /default-rack, certSerialId: null}ff86720b-57ad-4346-9c29-47d80feac5b3{ip: 192.168.157.236, host: pr-hdds-2278-dv8k5-3424803466, networkLocation: /default-rack, certSerialId: null}dab5a863-0e86-4b68-ba3e-0ceb094488f7{ip: 192.168.157.236, host: pr-hdds-2278-dv8k5-3424803466, networkLocation: /default-rack, certSerialId: null}, Type:RATIS, Factor:THREE, State:CLOSED] moved to CLOSED state
2019-10-15 03:22:36,607 [EventQueue-CloseContainerForCloseContainerEventHandler] INFO  container.CloseContainerEventHandler (CloseContainerEventHandler.java:onMessage(61)) - Close container Event triggered for container : #2
2019-10-15 03:22:36,608 [EventQueue-StaleNodeForStaleNodeHandler] INFO  pipeline.SCMPipelineManager (SCMPipelineManager.java:finalizeAndDestroyPipeline(315)) - destroying pipeline:Pipeline[ Id: 1c97723a-a342-4f86-8c1e-13c1ee84f8ce, Nodes: ff86720b-57ad-4346-9c29-47d80feac5b3{ip: 192.168.157.236, host: pr-hdds-2278-dv8k5-3424803466, networkLocation: /default-rack, certSerialId: null}, Type:RATIS, Factor:ONE, State:OPEN]
2019-10-15 03:22:36,609 [EventQueue-StaleNodeForStaleNodeHandler] INFO  pipeline.PipelineStateManager (PipelineStateManager.java:finalizePipeline(123)) - Pipeline Pipeline[ Id: 1c97723a-a342-4f86-8c1e-13c1ee84f8ce, Nodes: ff86720b-57ad-4346-9c29-47d80feac5b3{ip: 192.168.157.236, host: pr-hdds-2278-dv8k5-3424803466, networkLocation: /default-rack, certSerialId: null}, Type:RATIS, Factor:ONE, State:CLOSED] moved to CLOSED state
2019-10-15 03:22:36,609 [EventQueue-StaleNodeForStaleNodeHandler] INFO  node.StaleNodeHandler (StaleNodeHandler.java:onMessage(58)) - Datanode dab5a863-0e86-4b68-ba3e-0ceb094488f7{ip: 192.168.157.236, host: pr-hdds-2278-dv8k5-3424803466, networkLocation: /default-rack, certSerialId: null} moved to stale state. Finalizing its pipelines [PipelineID=87b01301-3530-4a43-a00a-22a9b11b4d22, PipelineID=e299fb5f-7e2b-452e-8612-9c13862e1250]
2019-10-15 03:22:36,610 [EventQueue-StaleNodeForStaleNodeHandler] INFO  pipeline.SCMPipelineManager (SCMPipelineManager.java:finalizeAndDestroyPipeline(315)) - destroying pipeline:Pipeline[ Id: 87b01301-3530-4a43-a00a-22a9b11b4d22, Nodes: 76854fb9-5692-497b-8ec8-3ee205e6cc31{ip: 192.168.157.236, host: pr-hdds-2278-dv8k5-3424803466, networkLocation: /default-rack, certSerialId: null}ff86720b-57ad-4346-9c29-47d80feac5b3{ip: 192.168.157.236, host: pr-hdds-2278-dv8k5-3424803466, networkLocation: /default-rack, certSerialId: null}dab5a863-0e86-4b68-ba3e-0ceb094488f7{ip: 192.168.157.236, host: pr-hdds-2278-dv8k5-3424803466, networkLocation: /default-rack, certSerialId: null}, Type:RATIS, Factor:THREE, State:CLOSED]
2019-10-15 03:22:36,610 [EventQueue-StaleNodeForStaleNodeHandler] INFO  pipeline.SCMPipelineManager (SCMPipelineManager.java:finalizeAndDestroyPipeline(315)) - destroying pipeline:Pipeline[ Id: e299fb5f-7e2b-452e-8612-9c13862e1250, Nodes: dab5a863-0e86-4b68-ba3e-0ceb094488f7{ip: 192.168.157.236, host: pr-hdds-2278-dv8k5-3424803466, networkLocation: /default-rack, certSerialId: null}, Type:RATIS, Factor:ONE, State:OPEN]
2019-10-15 03:22:36,610 [EventQueue-StaleNodeForStaleNodeHandler] INFO  pipeline.PipelineStateManager (PipelineStateManager.java:finalizePipeline(123)) - Pipeline Pipeline[ Id: e299fb5f-7e2b-452e-8612-9c13862e1250, Nodes: dab5a863-0e86-4b68-ba3e-0ceb094488f7{ip: 192.168.157.236, host: pr-hdds-2278-dv8k5-3424803466, networkLocation: /default-rack, certSerialId: null}, Type:RATIS, Factor:ONE, State:CLOSED] moved to CLOSED state
2019-10-15 03:22:36,920 [ForkJoinPool.commonPool-worker-0] INFO  ozoneimpl.OzoneContainer (OzoneContainer.java:stop(227)) - Attempting to stop container services.
2019-10-15 03:22:36,920 [main] INFO  ozoneimpl.OzoneContainer (OzoneContainer.java:stop(227)) - Attempting to stop container services.
2019-10-15 03:22:36,924 [ForkJoinPool.commonPool-worker-0] INFO  impl.RaftServerProxy (RaftServerProxy.java:lambda$close$4(314)) - ff86720b-57ad-4346-9c29-47d80feac5b3: close
2019-10-15 03:22:36,925 [main] INFO  impl.RaftServerProxy (RaftServerProxy.java:lambda$close$4(314)) - dab5a863-0e86-4b68-ba3e-0ceb094488f7: close
2019-10-15 03:22:36,925 [ForkJoinPool.commonPool-worker-0] INFO  impl.RaftServerImpl (RaftServerImpl.java:lambda$shutdown$3(247)) - ff86720b-57ad-4346-9c29-47d80feac5b3@group-22A9B11B4D22: shutdown
2019-10-15 03:22:36,925 [main] INFO  impl.RaftServerImpl (RaftServerImpl.java:lambda$shutdown$3(247)) - dab5a863-0e86-4b68-ba3e-0ceb094488f7@group-22A9B11B4D22: shutdown
2019-10-15 03:22:36,925 [ForkJoinPool.commonPool-worker-0] INFO  util.JmxRegister (JmxRegister.java:unregister(73)) - Successfully un-registered JMX Bean with object name Ratis:service=RaftServer,group=group-22A9B11B4D22,id=ff86720b-57ad-4346-9c29-47d80feac5b3
2019-10-15 03:22:36,926 [main] INFO  util.JmxRegister (JmxRegister.java:unregister(73)) - Successfully un-registered JMX Bean with object name Ratis:service=RaftServer,group=group-22A9B11B4D22,id=dab5a863-0e86-4b68-ba3e-0ceb094488f7
2019-10-15 03:22:36,926 [ForkJoinPool.commonPool-worker-0] INFO  impl.RoleInfo (RoleInfo.java:shutdownLeaderState(104)) - ff86720b-57ad-4346-9c29-47d80feac5b3: shutdown LeaderState
2019-10-15 03:22:36,927 [main] INFO  impl.RoleInfo (RoleInfo.java:shutdownFollowerState(121)) - dab5a863-0e86-4b68-ba3e-0ceb094488f7: shutdown FollowerState
2019-10-15 03:22:36,932 [org.apache.ratis.server.impl.LogAppender$AppenderDaemon$$Lambda$517/1822991427@631770df] WARN  server.GrpcLogAppender (GrpcLogAppender.java:mayWait(143)) - ff86720b-57ad-4346-9c29-47d80feac5b3@group-22A9B11B4D22->76854fb9-5692-497b-8ec8-3ee205e6cc31-GrpcLogAppender: Wait interrupted by java.lang.InterruptedException
2019-10-15 03:22:36,932 [Thread-389] INFO  impl.FollowerState (FollowerState.java:run(117)) - dab5a863-0e86-4b68-ba3e-0ceb094488f7@group-22A9B11B4D22-FollowerState was interrupted: java.lang.InterruptedException: sleep interrupted
2019-10-15 03:22:36,932 [ForkJoinPool.commonPool-worker-0] INFO  impl.PendingRequests (PendingRequests.java:sendNotLeaderResponses(202)) - ff86720b-57ad-4346-9c29-47d80feac5b3@group-22A9B11B4D22-PendingRequests: sendNotLeaderResponses
2019-10-15 03:22:36,932 [main] INFO  impl.StateMachineUpdater (StateMachineUpdater.java:stopAndJoin(136)) - dab5a863-0e86-4b68-ba3e-0ceb094488f7@group-22A9B11B4D22-StateMachineUpdater: set stopIndex = 12
2019-10-15 03:22:36,932 [org.apache.ratis.server.impl.LogAppender$AppenderDaemon$$Lambda$517/1822991427@23b2c06d] WARN  server.GrpcLogAppender (GrpcLogAppender.java:mayWait(143)) - ff86720b-57ad-4346-9c29-47d80feac5b3@group-22A9B11B4D22->dab5a863-0e86-4b68-ba3e-0ceb094488f7-GrpcLogAppender: Wait interrupted by java.lang.InterruptedException
2019-10-15 03:22:36,932 [dab5a863-0e86-4b68-ba3e-0ceb094488f7@group-22A9B11B4D22-StateMachineUpdater] INFO  ratis.ContainerStateMachine (ContainerStateMachine.java:takeSnapshot(294)) - group-22A9B11B4D22: Taking a snapshot at:(t:2, i:12) file /workdir/hadoop-ozone/integration-test/target/test-dir/MiniOzoneClusterImpl-747bb6ba-742f-4335-8eef-883d7ad25d26/datanode-4/data/ratis/87b01301-3530-4a43-a00a-22a9b11b4d22/sm/snapshot.2_12
2019-10-15 03:22:36,937 [ForkJoinPool.commonPool-worker-0] INFO  impl.StateMachineUpdater (StateMachineUpdater.java:stopAndJoin(136)) - ff86720b-57ad-4346-9c29-47d80feac5b3@group-22A9B11B4D22-StateMachineUpdater: set stopIndex = 12
2019-10-15 03:22:36,937 [ff86720b-57ad-4346-9c29-47d80feac5b3@group-22A9B11B4D22-StateMachineUpdater] INFO  ratis.ContainerStateMachine (ContainerStateMachine.java:takeSnapshot(294)) - group-22A9B11B4D22: Taking a snapshot at:(t:2, i:12) file /workdir/hadoop-ozone/integration-test/target/test-dir/MiniOzoneClusterImpl-747bb6ba-742f-4335-8eef-883d7ad25d26/datanode-2/data/ratis/87b01301-3530-4a43-a00a-22a9b11b4d22/sm/snapshot.2_12
2019-10-15 03:22:36,937 [grpc-default-executor-2] INFO  server.GrpcServerProtocolService (GrpcServerProtocolService.java:onCompleted(113)) - dab5a863-0e86-4b68-ba3e-0ceb094488f7: Completed APPEND_ENTRIES, lastRequest: ff86720b-57ad-4346-9c29-47d80feac5b3->dab5a863-0e86-4b68-ba3e-0ceb094488f7#42-t2, previous=(t:2, i:12), leaderCommit=12, initializing? false, entries: <empty>
2019-10-15 03:22:36,937 [grpc-default-executor-4] INFO  server.GrpcServerProtocolService (GrpcServerProtocolService.java:onCompleted(113)) - 76854fb9-5692-497b-8ec8-3ee205e6cc31: Completed APPEND_ENTRIES, lastRequest: ff86720b-57ad-4346-9c29-47d80feac5b3->76854fb9-5692-497b-8ec8-3ee205e6cc31#42-t2, previous=(t:2, i:12), leaderCommit=12, initializing? false, entries: <empty>
2019-10-15 03:22:36,940 [grpc-default-executor-4] INFO  server.GrpcLogAppender (GrpcLogAppender.java:onCompleted(293)) - ff86720b-57ad-4346-9c29-47d80feac5b3@group-22A9B11B4D22->76854fb9-5692-497b-8ec8-3ee205e6cc31-AppendLogResponseHandler: follower responses appendEntries COMPLETED
2019-10-15 03:22:36,940 [grpc-default-executor-2] INFO  server.GrpcLogAppender (GrpcLogAppender.java:onCompleted(293)) - ff86720b-57ad-4346-9c29-47d80feac5b3@group-22A9B11B4D22->dab5a863-0e86-4b68-ba3e-0ceb094488f7-AppendLogResponseHandler: follower responses appendEntries COMPLETED
2019-10-15 03:22:36,941 [grpc-default-executor-4] INFO  impl.FollowerInfo (FollowerInfo.java:lambda$new$0(51)) - ff86720b-57ad-4346-9c29-47d80feac5b3@group-22A9B11B4D22->76854fb9-5692-497b-8ec8-3ee205e6cc31: nextIndex: updateUnconditionally 13 -> 12
2019-10-15 03:22:36,941 [grpc-default-executor-2] INFO  impl.FollowerInfo (FollowerInfo.java:lambda$new$0(51)) - ff86720b-57ad-4346-9c29-47d80feac5b3@group-22A9B11B4D22->dab5a863-0e86-4b68-ba3e-0ceb094488f7: nextIndex: updateUnconditionally 13 -> 12
2019-10-15 03:22:36,993 [dab5a863-0e86-4b68-ba3e-0ceb094488f7@group-22A9B11B4D22-StateMachineUpdater] INFO  ratis.ContainerStateMachine (ContainerStateMachine.java:takeSnapshot(305)) - group-22A9B11B4D22: Finished taking a snapshot at:(t:2, i:12) file:/workdir/hadoop-ozone/integration-test/target/test-dir/MiniOzoneClusterImpl-747bb6ba-742f-4335-8eef-883d7ad25d26/datanode-4/data/ratis/87b01301-3530-4a43-a00a-22a9b11b4d22/sm/snapshot.2_12 time:60
2019-10-15 03:22:36,993 [ff86720b-57ad-4346-9c29-47d80feac5b3@group-22A9B11B4D22-StateMachineUpdater] INFO  ratis.ContainerStateMachine (ContainerStateMachine.java:takeSnapshot(305)) - group-22A9B11B4D22: Finished taking a snapshot at:(t:2, i:12) file:/workdir/hadoop-ozone/integration-test/target/test-dir/MiniOzoneClusterImpl-747bb6ba-742f-4335-8eef-883d7ad25d26/datanode-2/data/ratis/87b01301-3530-4a43-a00a-22a9b11b4d22/sm/snapshot.2_12 time:56
2019-10-15 03:22:36,994 [ff86720b-57ad-4346-9c29-47d80feac5b3@group-22A9B11B4D22-StateMachineUpdater] INFO  impl.StateMachineUpdater (StateMachineUpdater.java:takeSnapshot(269)) - ff86720b-57ad-4346-9c29-47d80feac5b3@group-22A9B11B4D22-StateMachineUpdater: Took a snapshot at index 12
2019-10-15 03:22:36,994 [dab5a863-0e86-4b68-ba3e-0ceb094488f7@group-22A9B11B4D22-StateMachineUpdater] INFO  impl.StateMachineUpdater (StateMachineUpdater.java:takeSnapshot(269)) - dab5a863-0e86-4b68-ba3e-0ceb094488f7@group-22A9B11B4D22-StateMachineUpdater: Took a snapshot at index 12
2019-10-15 03:22:36,994 [ff86720b-57ad-4346-9c29-47d80feac5b3@group-22A9B11B4D22-StateMachineUpdater] INFO  impl.StateMachineUpdater (StateMachineUpdater.java:lambda$new$0(84)) - ff86720b-57ad-4346-9c29-47d80feac5b3@group-22A9B11B4D22-StateMachineUpdater: snapshotIndex: updateIncreasingly -1 -> 12
2019-10-15 03:22:36,994 [dab5a863-0e86-4b68-ba3e-0ceb094488f7@group-22A9B11B4D22-StateMachineUpdater] INFO  impl.StateMachineUpdater (StateMachineUpdater.java:lambda$new$0(84)) - dab5a863-0e86-4b68-ba3e-0ceb094488f7@group-22A9B11B4D22-StateMachineUpdater: snapshotIndex: updateIncreasingly -1 -> 12
2019-10-15 03:22:36,995 [ForkJoinPool.commonPool-worker-0] INFO  impl.RaftServerImpl (ServerState.java:close(387)) - ff86720b-57ad-4346-9c29-47d80feac5b3@group-22A9B11B4D22: closes. applyIndex: 12
2019-10-15 03:22:36,995 [main] INFO  impl.RaftServerImpl (ServerState.java:close(387)) - dab5a863-0e86-4b68-ba3e-0ceb094488f7@group-22A9B11B4D22: closes. applyIndex: 12
2019-10-15 03:22:36,995 [ff86720b-57ad-4346-9c29-47d80feac5b3@group-22A9B11B4D22-SegmentedRaftLogWorker] INFO  segmented.SegmentedRaftLogWorker (SegmentedRaftLogWorker.java:run(316)) - ff86720b-57ad-4346-9c29-47d80feac5b3@group-22A9B11B4D22-SegmentedRaftLogWorker was interrupted, exiting. There are 0 tasks remaining in the queue.
2019-10-15 03:22:36,997 [dab5a863-0e86-4b68-ba3e-0ceb094488f7@group-22A9B11B4D22-SegmentedRaftLogWorker] INFO  segmented.SegmentedRaftLogWorker (SegmentedRaftLogWorker.java:run(316)) - dab5a863-0e86-4b68-ba3e-0ceb094488f7@group-22A9B11B4D22-SegmentedRaftLogWorker was interrupted, exiting. There are 0 tasks remaining in the queue.
2019-10-15 03:22:36,997 [ForkJoinPool.commonPool-worker-0] INFO  segmented.SegmentedRaftLogWorker (SegmentedRaftLogWorker.java:close(224)) - ff86720b-57ad-4346-9c29-47d80feac5b3@group-22A9B11B4D22-SegmentedRaftLogWorker close()
2019-10-15 03:22:36,998 [main] INFO  segmented.SegmentedRaftLogWorker (SegmentedRaftLogWorker.java:close(224)) - dab5a863-0e86-4b68-ba3e-0ceb094488f7@group-22A9B11B4D22-SegmentedRaftLogWorker close()
2019-10-15 03:22:37,000 [ForkJoinPool.commonPool-worker-0] INFO  impl.RaftServerImpl (RaftServerImpl.java:lambda$shutdown$3(247)) - ff86720b-57ad-4346-9c29-47d80feac5b3@group-13C1EE84F8CE: shutdown
2019-10-15 03:22:37,003 [main] INFO  impl.RaftServerImpl (RaftServerImpl.java:lambda$shutdown$3(247)) - dab5a863-0e86-4b68-ba3e-0ceb094488f7@group-9C13862E1250: shutdown
2019-10-15 03:22:37,003 [ForkJoinPool.commonPool-worker-0] INFO  util.JmxRegister (JmxRegister.java:unregister(73)) - Successfully un-registered JMX Bean with object name Ratis:service=RaftServer,group=group-13C1EE84F8CE,id=ff86720b-57ad-4346-9c29-47d80feac5b3
2019-10-15 03:22:37,004 [main] INFO  util.JmxRegister (JmxRegister.java:unregister(73)) - Successfully un-registered JMX Bean with object name Ratis:service=RaftServer,group=group-9C13862E1250,id=dab5a863-0e86-4b68-ba3e-0ceb094488f7
2019-10-15 03:22:37,004 [ForkJoinPool.commonPool-worker-0] INFO  impl.RoleInfo (RoleInfo.java:shutdownLeaderState(104)) - ff86720b-57ad-4346-9c29-47d80feac5b3: shutdown LeaderState
2019-10-15 03:22:37,005 [main] INFO  impl.RoleInfo (RoleInfo.java:shutdownLeaderState(104)) - dab5a863-0e86-4b68-ba3e-0ceb094488f7: shutdown LeaderState
2019-10-15 03:22:37,005 [ForkJoinPool.commonPool-worker-0] INFO  impl.PendingRequests (PendingRequests.java:sendNotLeaderResponses(202)) - ff86720b-57ad-4346-9c29-47d80feac5b3@group-13C1EE84F8CE-PendingRequests: sendNotLeaderResponses
2019-10-15 03:22:37,005 [main] INFO  impl.PendingRequests (PendingRequests.java:sendNotLeaderResponses(202)) - dab5a863-0e86-4b68-ba3e-0ceb094488f7@group-9C13862E1250-PendingRequests: sendNotLeaderResponses
2019-10-15 03:22:37,006 [ForkJoinPool.commonPool-worker-0] INFO  impl.StateMachineUpdater (StateMachineUpdater.java:stopAndJoin(136)) - ff86720b-57ad-4346-9c29-47d80feac5b3@group-13C1EE84F8CE-StateMachineUpdater: set stopIndex = 0
2019-10-15 03:22:37,006 [main] INFO  impl.StateMachineUpdater (StateMachineUpdater.java:stopAndJoin(136)) - dab5a863-0e86-4b68-ba3e-0ceb094488f7@group-9C13862E1250-StateMachineUpdater: set stopIndex = 0
2019-10-15 03:22:37,006 [ForkJoinPool.commonPool-worker-0] INFO  impl.RaftServerImpl (ServerState.java:close(387)) - ff86720b-57ad-4346-9c29-47d80feac5b3@group-13C1EE84F8CE: closes. applyIndex: 0
2019-10-15 03:22:37,007 [main] INFO  impl.RaftServerImpl (ServerState.java:close(387)) - dab5a863-0e86-4b68-ba3e-0ceb094488f7@group-9C13862E1250: closes. applyIndex: 0
2019-10-15 03:22:37,007 [ff86720b-57ad-4346-9c29-47d80feac5b3@group-13C1EE84F8CE-SegmentedRaftLogWorker] INFO  segmented.SegmentedRaftLogWorker (SegmentedRaftLogWorker.java:run(316)) - ff86720b-57ad-4346-9c29-47d80feac5b3@group-13C1EE84F8CE-SegmentedRaftLogWorker was interrupted, exiting. There are 0 tasks remaining in the queue.
2019-10-15 03:22:37,007 [dab5a863-0e86-4b68-ba3e-0ceb094488f7@group-9C13862E1250-SegmentedRaftLogWorker] INFO  segmented.SegmentedRaftLogWorker (SegmentedRaftLogWorker.java:run(316)) - dab5a863-0e86-4b68-ba3e-0ceb094488f7@group-9C13862E1250-SegmentedRaftLogWorker was interrupted, exiting. There are 0 tasks remaining in the queue.
2019-10-15 03:22:37,009 [ForkJoinPool.commonPool-worker-0] INFO  segmented.SegmentedRaftLogWorker (SegmentedRaftLogWorker.java:close(224)) - ff86720b-57ad-4346-9c29-47d80feac5b3@group-13C1EE84F8CE-SegmentedRaftLogWorker close()
2019-10-15 03:22:37,011 [main] INFO  segmented.SegmentedRaftLogWorker (SegmentedRaftLogWorker.java:close(224)) - dab5a863-0e86-4b68-ba3e-0ceb094488f7@group-9C13862E1250-SegmentedRaftLogWorker close()
2019-10-15 03:22:37,014 [ForkJoinPool.commonPool-worker-0] INFO  server.GrpcService (GrpcService.java:closeImpl(164)) - ff86720b-57ad-4346-9c29-47d80feac5b3: shutdown server with port 45506 now
2019-10-15 03:22:37,018 [main] INFO  server.GrpcService (GrpcService.java:closeImpl(164)) - dab5a863-0e86-4b68-ba3e-0ceb094488f7: shutdown server with port 36772 now
2019-10-15 03:22:37,019 [grpc-default-executor-4] WARN  client.GrpcClientProtocolService (LogUtils.java:warn(134)) - 1-UnorderedRequestStreamObserver1: onError: org.apache.ratis.thirdparty.io.grpc.StatusRuntimeException: CANCELLED: cancelled before receiving half close
2019-10-15 03:22:37,021 [ForkJoinPool.commonPool-worker-0] INFO  server.GrpcService (GrpcService.java:closeImpl(172)) - ff86720b-57ad-4346-9c29-47d80feac5b3: shutdown server with port 45506 successfully
2019-10-15 03:22:37,021 [main] INFO  server.GrpcService (GrpcService.java:closeImpl(172)) - dab5a863-0e86-4b68-ba3e-0ceb094488f7: shutdown server with port 36772 successfully
2019-10-15 03:22:37,025 [refreshUsed-/workdir/hadoop-ozone/integration-test/target/test-dir/MiniOzoneClusterImpl-747bb6ba-742f-4335-8eef-883d7ad25d26/datanode-4/data/containers] WARN  fs.CachingGetSpaceUsed (CachingGetSpaceUsed.java:run(183)) - Thread Interrupted waiting to refresh disk information: sleep interrupted
2019-10-15 03:22:37,037 [refreshUsed-/workdir/hadoop-ozone/integration-test/target/test-dir/MiniOzoneClusterImpl-747bb6ba-742f-4335-8eef-883d7ad25d26/datanode-2/data/containers] WARN  fs.CachingGetSpaceUsed (CachingGetSpaceUsed.java:run(183)) - Thread Interrupted waiting to refresh disk information: sleep interrupted
2019-10-15 03:22:37,051 [main] INFO  utils.BackgroundService (BackgroundService.java:shutdown(151)) - Shutting down service BlockDeletingService
2019-10-15 03:22:37,055 [main] INFO  statemachine.DatanodeStateMachine (DatanodeStateMachine.java:stopDaemon(395)) - Ozone container server stopped.
2019-10-15 03:22:37,057 [ForkJoinPool.commonPool-worker-0] INFO  utils.BackgroundService (BackgroundService.java:shutdown(151)) - Shutting down service BlockDeletingService
2019-10-15 03:22:37,061 [ForkJoinPool.commonPool-worker-0] INFO  statemachine.DatanodeStateMachine (DatanodeStateMachine.java:stopDaemon(395)) - Ozone container server stopped.
2019-10-15 03:22:37,062 [main] INFO  handler.ContextHandler (ContextHandler.java:doStop(910)) - Stopped o.e.j.w.WebAppContext@32130e61{/,null,UNAVAILABLE}{/hddsDatanode}
2019-10-15 03:22:37,064 [ForkJoinPool.commonPool-worker-0] INFO  handler.ContextHandler (ContextHandler.java:doStop(910)) - Stopped o.e.j.w.WebAppContext@7724704f{/,null,UNAVAILABLE}{/hddsDatanode}
2019-10-15 03:22:37,066 [main] INFO  server.AbstractConnector (AbstractConnector.java:doStop(318)) - Stopped ServerConnector@41294371{HTTP/1.1,[http/1.1]}{0.0.0.0:0}
2019-10-15 03:22:37,066 [ForkJoinPool.commonPool-worker-0] INFO  server.AbstractConnector (AbstractConnector.java:doStop(318)) - Stopped ServerConnector@3dfa819{HTTP/1.1,[http/1.1]}{0.0.0.0:0}
2019-10-15 03:22:37,067 [main] INFO  handler.ContextHandler (ContextHandler.java:doStop(910)) - Stopped o.e.j.s.ServletContextHandler@a5272be{/static,jar:file:/home/user/.m2/repository/org/apache/hadoop/hadoop-hdds-container-service/0.5.0-SNAPSHOT/hadoop-hdds-container-service-0.5.0-SNAPSHOT.jar!/webapps/static,UNAVAILABLE}
2019-10-15 03:22:37,069 [ForkJoinPool.commonPool-worker-0] INFO  handler.ContextHandler (ContextHandler.java:doStop(910)) - Stopped o.e.j.s.ServletContextHandler@2f2bff16{/static,jar:file:/home/user/.m2/repository/org/apache/hadoop/hadoop-hdds-container-service/0.5.0-SNAPSHOT/hadoop-hdds-container-service-0.5.0-SNAPSHOT.jar!/webapps/static,UNAVAILABLE}
2019-10-15 03:22:37,069 [main] INFO  handler.ContextHandler (ContextHandler.java:doStop(910)) - Stopped o.e.j.s.ServletContextHandler@3204e238{/logs,file:///workdir/hadoop-ozone/integration-test/target/log,UNAVAILABLE}
2019-10-15 03:22:37,071 [ForkJoinPool.commonPool-worker-0] INFO  handler.ContextHandler (ContextHandler.java:doStop(910)) - Stopped o.e.j.s.ServletContextHandler@10f7c76{/logs,file:///workdir/hadoop-ozone/integration-test/target/log,UNAVAILABLE}
2019-10-15 03:22:37,600 [Datanode State Machine Thread - 0] INFO  statemachine.DatanodeStateMachine (DatanodeStateMachine.java:lambda$startDaemon$0(350)) - Ozone container server started.
2019-10-15 03:22:37,718 [Datanode State Machine Thread - 0] INFO  statemachine.DatanodeStateMachine (DatanodeStateMachine.java:lambda$startDaemon$0(350)) - Ozone container server started.
2019-10-15 03:22:41,610 [EventQueue-StaleNodeForStaleNodeHandler] INFO  node.StaleNodeHandler (StaleNodeHandler.java:onMessage(58)) - Datanode 76854fb9-5692-497b-8ec8-3ee205e6cc31{ip: 192.168.157.236, host: pr-hdds-2278-dv8k5-3424803466, networkLocation: /default-rack, certSerialId: null} moved to stale state. Finalizing its pipelines [PipelineID=7d2af03d-0d16-4e8d-bf52-7901a133c238, PipelineID=87b01301-3530-4a43-a00a-22a9b11b4d22]
2019-10-15 03:22:41,610 [EventQueue-StaleNodeForStaleNodeHandler] INFO  pipeline.SCMPipelineManager (SCMPipelineManager.java:finalizeAndDestroyPipeline(315)) - destroying pipeline:Pipeline[ Id: 7d2af03d-0d16-4e8d-bf52-7901a133c238, Nodes: 76854fb9-5692-497b-8ec8-3ee205e6cc31{ip: 192.168.157.236, host: pr-hdds-2278-dv8k5-3424803466, networkLocation: /default-rack, certSerialId: null}, Type:RATIS, Factor:ONE, State:OPEN]
2019-10-15 03:22:41,611 [EventQueue-StaleNodeForStaleNodeHandler] INFO  pipeline.PipelineStateManager (PipelineStateManager.java:finalizePipeline(123)) - Pipeline Pipeline[ Id: 7d2af03d-0d16-4e8d-bf52-7901a133c238, Nodes: 76854fb9-5692-497b-8ec8-3ee205e6cc31{ip: 192.168.157.236, host: pr-hdds-2278-dv8k5-3424803466, networkLocation: /default-rack, certSerialId: null}, Type:RATIS, Factor:ONE, State:CLOSED] moved to CLOSED state
2019-10-15 03:22:41,611 [EventQueue-StaleNodeForStaleNodeHandler] INFO  pipeline.SCMPipelineManager (SCMPipelineManager.java:finalizeAndDestroyPipeline(315)) - destroying pipeline:Pipeline[ Id: 87b01301-3530-4a43-a00a-22a9b11b4d22, Nodes: 76854fb9-5692-497b-8ec8-3ee205e6cc31{ip: 192.168.157.236, host: pr-hdds-2278-dv8k5-3424803466, networkLocation: /default-rack, certSerialId: null}ff86720b-57ad-4346-9c29-47d80feac5b3{ip: 192.168.157.236, host: pr-hdds-2278-dv8k5-3424803466, networkLocation: /default-rack, certSerialId: null}dab5a863-0e86-4b68-ba3e-0ceb094488f7{ip: 192.168.157.236, host: pr-hdds-2278-dv8k5-3424803466, networkLocation: /default-rack, certSerialId: null}, Type:RATIS, Factor:THREE, State:CLOSED]
2019-10-15 03:22:41,810 [EventQueue-StaleNodeForStaleNodeHandler] INFO  node.StaleNodeHandler (StaleNodeHandler.java:onMessage(58)) - Datanode d2567d56-dcd5-489e-b972-e7d09fe5b2c3{ip: 192.168.157.236, host: pr-hdds-2278-dv8k5-3424803466, networkLocation: /default-rack, certSerialId: null} moved to stale state. Finalizing its pipelines [PipelineID=077a192e-26f5-4799-85ea-f6029e55f058]
2019-10-15 03:22:41,810 [EventQueue-StaleNodeForStaleNodeHandler] INFO  pipeline.SCMPipelineManager (SCMPipelineManager.java:finalizeAndDestroyPipeline(315)) - destroying pipeline:Pipeline[ Id: 077a192e-26f5-4799-85ea-f6029e55f058, Nodes: d2567d56-dcd5-489e-b972-e7d09fe5b2c3{ip: 192.168.157.236, host: pr-hdds-2278-dv8k5-3424803466, networkLocation: /default-rack, certSerialId: null}, Type:RATIS, Factor:ONE, State:OPEN]
2019-10-15 03:22:41,810 [EventQueue-StaleNodeForStaleNodeHandler] INFO  pipeline.PipelineStateManager (PipelineStateManager.java:finalizePipeline(123)) - Pipeline Pipeline[ Id: 077a192e-26f5-4799-85ea-f6029e55f058, Nodes: d2567d56-dcd5-489e-b972-e7d09fe5b2c3{ip: 192.168.157.236, host: pr-hdds-2278-dv8k5-3424803466, networkLocation: /default-rack, certSerialId: null}, Type:RATIS, Factor:ONE, State:CLOSED] moved to CLOSED state
2019-10-15 03:22:42,075 [ForkJoinPool.commonPool-worker-0] INFO  ozoneimpl.OzoneContainer (OzoneContainer.java:stop(227)) - Attempting to stop container services.
2019-10-15 03:22:42,075 [main] INFO  ozoneimpl.OzoneContainer (OzoneContainer.java:stop(227)) - Attempting to stop container services.
2019-10-15 03:22:42,077 [ForkJoinPool.commonPool-worker-0] INFO  impl.RaftServerProxy (RaftServerProxy.java:lambda$close$4(314)) - d2567d56-dcd5-489e-b972-e7d09fe5b2c3: close
2019-10-15 03:22:42,077 [main] INFO  impl.RaftServerProxy (RaftServerProxy.java:lambda$close$4(314)) - 76854fb9-5692-497b-8ec8-3ee205e6cc31: close
2019-10-15 03:22:42,078 [ForkJoinPool.commonPool-worker-0] INFO  impl.RaftServerImpl (RaftServerImpl.java:lambda$shutdown$3(247)) - d2567d56-dcd5-489e-b972-e7d09fe5b2c3@group-F6029E55F058: shutdown
2019-10-15 03:22:42,078 [main] INFO  impl.RaftServerImpl (RaftServerImpl.java:lambda$shutdown$3(247)) - 76854fb9-5692-497b-8ec8-3ee205e6cc31@group-7901A133C238: shutdown
2019-10-15 03:22:42,078 [ForkJoinPool.commonPool-worker-0] INFO  util.JmxRegister (JmxRegister.java:unregister(73)) - Successfully un-registered JMX Bean with object name Ratis:service=RaftServer,group=group-F6029E55F058,id=d2567d56-dcd5-489e-b972-e7d09fe5b2c3
2019-10-15 03:22:42,078 [main] INFO  util.JmxRegister (JmxRegister.java:unregister(73)) - Successfully un-registered JMX Bean with object name Ratis:service=RaftServer,group=group-7901A133C238,id=76854fb9-5692-497b-8ec8-3ee205e6cc31
2019-10-15 03:22:42,078 [ForkJoinPool.commonPool-worker-0] INFO  impl.RoleInfo (RoleInfo.java:shutdownLeaderState(104)) - d2567d56-dcd5-489e-b972-e7d09fe5b2c3: shutdown LeaderState
2019-10-15 03:22:42,079 [main] INFO  impl.RoleInfo (RoleInfo.java:shutdownLeaderState(104)) - 76854fb9-5692-497b-8ec8-3ee205e6cc31: shutdown LeaderState
2019-10-15 03:22:42,079 [ForkJoinPool.commonPool-worker-0] INFO  impl.PendingRequests (PendingRequests.java:sendNotLeaderResponses(202)) - d2567d56-dcd5-489e-b972-e7d09fe5b2c3@group-F6029E55F058-PendingRequests: sendNotLeaderResponses
2019-10-15 03:22:42,079 [main] INFO  impl.PendingRequests (PendingRequests.java:sendNotLeaderResponses(202)) - 76854fb9-5692-497b-8ec8-3ee205e6cc31@group-7901A133C238-PendingRequests: sendNotLeaderResponses
2019-10-15 03:22:42,079 [ForkJoinPool.commonPool-worker-0] INFO  impl.StateMachineUpdater (StateMachineUpdater.java:stopAndJoin(136)) - d2567d56-dcd5-489e-b972-e7d09fe5b2c3@group-F6029E55F058-StateMachineUpdater: set stopIndex = 0
2019-10-15 03:22:42,080 [main] INFO  impl.StateMachineUpdater (StateMachineUpdater.java:stopAndJoin(136)) - 76854fb9-5692-497b-8ec8-3ee205e6cc31@group-7901A133C238-StateMachineUpdater: set stopIndex = 0
2019-10-15 03:22:42,080 [ForkJoinPool.commonPool-worker-0] INFO  impl.RaftServerImpl (ServerState.java:close(387)) - d2567d56-dcd5-489e-b972-e7d09fe5b2c3@group-F6029E55F058: closes. applyIndex: 0
2019-10-15 03:22:42,080 [main] INFO  impl.RaftServerImpl (ServerState.java:close(387)) - 76854fb9-5692-497b-8ec8-3ee205e6cc31@group-7901A133C238: closes. applyIndex: 0
2019-10-15 03:22:42,081 [d2567d56-dcd5-489e-b972-e7d09fe5b2c3@group-F6029E55F058-SegmentedRaftLogWorker] INFO  segmented.SegmentedRaftLogWorker (SegmentedRaftLogWorker.java:run(316)) - d2567d56-dcd5-489e-b972-e7d09fe5b2c3@group-F6029E55F058-SegmentedRaftLogWorker was interrupted, exiting. There are 0 tasks remaining in the queue.
2019-10-15 03:22:42,081 [76854fb9-5692-497b-8ec8-3ee205e6cc31@group-7901A133C238-SegmentedRaftLogWorker] INFO  segmented.SegmentedRaftLogWorker (SegmentedRaftLogWorker.java:run(316)) - 76854fb9-5692-497b-8ec8-3ee205e6cc31@group-7901A133C238-SegmentedRaftLogWorker was interrupted, exiting. There are 0 tasks remaining in the queue.
2019-10-15 03:22:42,089 [ForkJoinPool.commonPool-worker-0] INFO  segmented.SegmentedRaftLogWorker (SegmentedRaftLogWorker.java:close(224)) - d2567d56-dcd5-489e-b972-e7d09fe5b2c3@group-F6029E55F058-SegmentedRaftLogWorker close()
2019-10-15 03:22:42,089 [main] INFO  segmented.SegmentedRaftLogWorker (SegmentedRaftLogWorker.java:close(224)) - 76854fb9-5692-497b-8ec8-3ee205e6cc31@group-7901A133C238-SegmentedRaftLogWorker close()
2019-10-15 03:22:42,091 [ForkJoinPool.commonPool-worker-0] INFO  server.GrpcService (GrpcService.java:closeImpl(164)) - d2567d56-dcd5-489e-b972-e7d09fe5b2c3: shutdown server with port 46144 now
2019-10-15 03:22:42,093 [main] INFO  impl.RaftServerImpl (RaftServerImpl.java:lambda$shutdown$3(247)) - 76854fb9-5692-497b-8ec8-3ee205e6cc31@group-22A9B11B4D22: shutdown
2019-10-15 03:22:42,094 [ForkJoinPool.commonPool-worker-0] INFO  server.GrpcService (GrpcService.java:closeImpl(172)) - d2567d56-dcd5-489e-b972-e7d09fe5b2c3: shutdown server with port 46144 successfully
2019-10-15 03:22:42,094 [main] INFO  util.JmxRegister (JmxRegister.java:unregister(73)) - Successfully un-registered JMX Bean with object name Ratis:service=RaftServer,group=group-22A9B11B4D22,id=76854fb9-5692-497b-8ec8-3ee205e6cc31
2019-10-15 03:22:42,095 [main] INFO  impl.RoleInfo (RoleInfo.java:shutdownFollowerState(121)) - 76854fb9-5692-497b-8ec8-3ee205e6cc31: shutdown FollowerState
2019-10-15 03:22:42,096 [main] INFO  impl.StateMachineUpdater (StateMachineUpdater.java:stopAndJoin(136)) - 76854fb9-5692-497b-8ec8-3ee205e6cc31@group-22A9B11B4D22-StateMachineUpdater: set stopIndex = 12
2019-10-15 03:22:42,096 [76854fb9-5692-497b-8ec8-3ee205e6cc31@group-22A9B11B4D22-StateMachineUpdater] INFO  ratis.ContainerStateMachine (ContainerStateMachine.java:takeSnapshot(294)) - group-22A9B11B4D22: Taking a snapshot at:(t:2, i:12) file /workdir/hadoop-ozone/integration-test/target/test-dir/MiniOzoneClusterImpl-747bb6ba-742f-4335-8eef-883d7ad25d26/datanode-3/data/ratis/87b01301-3530-4a43-a00a-22a9b11b4d22/sm/snapshot.2_12
2019-10-15 03:22:42,096 [Thread-388] INFO  impl.FollowerState (FollowerState.java:run(117)) - 76854fb9-5692-497b-8ec8-3ee205e6cc31@group-22A9B11B4D22-FollowerState was interrupted: java.lang.InterruptedException: sleep interrupted
2019-10-15 03:22:42,105 [refreshUsed-/workdir/hadoop-ozone/integration-test/target/test-dir/MiniOzoneClusterImpl-747bb6ba-742f-4335-8eef-883d7ad25d26/datanode-6/data/containers] WARN  fs.CachingGetSpaceUsed (CachingGetSpaceUsed.java:run(183)) - Thread Interrupted waiting to refresh disk information: sleep interrupted
2019-10-15 03:22:42,128 [ForkJoinPool.commonPool-worker-0] INFO  utils.BackgroundService (BackgroundService.java:shutdown(151)) - Shutting down service BlockDeletingService
2019-10-15 03:22:42,131 [ForkJoinPool.commonPool-worker-0] INFO  statemachine.DatanodeStateMachine (DatanodeStateMachine.java:stopDaemon(395)) - Ozone container server stopped.
2019-10-15 03:22:42,135 [ForkJoinPool.commonPool-worker-0] INFO  handler.ContextHandler (ContextHandler.java:doStop(910)) - Stopped o.e.j.w.WebAppContext@d277579{/,null,UNAVAILABLE}{/hddsDatanode}
2019-10-15 03:22:42,136 [ForkJoinPool.commonPool-worker-0] INFO  server.AbstractConnector (AbstractConnector.java:doStop(318)) - Stopped ServerConnector@5db6b845{HTTP/1.1,[http/1.1]}{0.0.0.0:0}
2019-10-15 03:22:42,137 [ForkJoinPool.commonPool-worker-0] INFO  handler.ContextHandler (ContextHandler.java:doStop(910)) - Stopped o.e.j.s.ServletContextHandler@3e3315d9{/static,jar:file:/home/user/.m2/repository/org/apache/hadoop/hadoop-hdds-container-service/0.5.0-SNAPSHOT/hadoop-hdds-container-service-0.5.0-SNAPSHOT.jar!/webapps/static,UNAVAILABLE}
2019-10-15 03:22:42,138 [ForkJoinPool.commonPool-worker-0] INFO  handler.ContextHandler (ContextHandler.java:doStop(910)) - Stopped o.e.j.s.ServletContextHandler@a2341c6{/logs,file:///workdir/hadoop-ozone/integration-test/target/log,UNAVAILABLE}
2019-10-15 03:22:42,146 [76854fb9-5692-497b-8ec8-3ee205e6cc31@group-22A9B11B4D22-StateMachineUpdater] INFO  ratis.ContainerStateMachine (ContainerStateMachine.java:takeSnapshot(305)) - group-22A9B11B4D22: Finished taking a snapshot at:(t:2, i:12) file:/workdir/hadoop-ozone/integration-test/target/test-dir/MiniOzoneClusterImpl-747bb6ba-742f-4335-8eef-883d7ad25d26/datanode-3/data/ratis/87b01301-3530-4a43-a00a-22a9b11b4d22/sm/snapshot.2_12 time:51
2019-10-15 03:22:42,147 [76854fb9-5692-497b-8ec8-3ee205e6cc31@group-22A9B11B4D22-StateMachineUpdater] INFO  impl.StateMachineUpdater (StateMachineUpdater.java:takeSnapshot(269)) - 76854fb9-5692-497b-8ec8-3ee205e6cc31@group-22A9B11B4D22-StateMachineUpdater: Took a snapshot at index 12
2019-10-15 03:22:42,147 [76854fb9-5692-497b-8ec8-3ee205e6cc31@group-22A9B11B4D22-StateMachineUpdater] INFO  impl.StateMachineUpdater (StateMachineUpdater.java:lambda$new$0(84)) - 76854fb9-5692-497b-8ec8-3ee205e6cc31@group-22A9B11B4D22-StateMachineUpdater: snapshotIndex: updateIncreasingly -1 -> 12
2019-10-15 03:22:42,148 [main] INFO  impl.RaftServerImpl (ServerState.java:close(387)) - 76854fb9-5692-497b-8ec8-3ee205e6cc31@group-22A9B11B4D22: closes. applyIndex: 12
2019-10-15 03:22:42,148 [76854fb9-5692-497b-8ec8-3ee205e6cc31@group-22A9B11B4D22-SegmentedRaftLogWorker] INFO  segmented.SegmentedRaftLogWorker (SegmentedRaftLogWorker.java:run(316)) - 76854fb9-5692-497b-8ec8-3ee205e6cc31@group-22A9B11B4D22-SegmentedRaftLogWorker was interrupted, exiting. There are 0 tasks remaining in the queue.
2019-10-15 03:22:42,148 [main] INFO  segmented.SegmentedRaftLogWorker (SegmentedRaftLogWorker.java:close(224)) - 76854fb9-5692-497b-8ec8-3ee205e6cc31@group-22A9B11B4D22-SegmentedRaftLogWorker close()
2019-10-15 03:22:42,150 [main] INFO  server.GrpcService (GrpcService.java:closeImpl(164)) - 76854fb9-5692-497b-8ec8-3ee205e6cc31: shutdown server with port 40031 now
2019-10-15 03:22:42,150 [main] INFO  server.GrpcService (GrpcService.java:closeImpl(172)) - 76854fb9-5692-497b-8ec8-3ee205e6cc31: shutdown server with port 40031 successfully
2019-10-15 03:22:42,156 [refreshUsed-/workdir/hadoop-ozone/integration-test/target/test-dir/MiniOzoneClusterImpl-747bb6ba-742f-4335-8eef-883d7ad25d26/datanode-3/data/containers] WARN  fs.CachingGetSpaceUsed (CachingGetSpaceUsed.java:run(183)) - Thread Interrupted waiting to refresh disk information: sleep interrupted
2019-10-15 03:22:42,170 [main] INFO  utils.BackgroundService (BackgroundService.java:shutdown(151)) - Shutting down service BlockDeletingService
2019-10-15 03:22:42,173 [main] INFO  statemachine.DatanodeStateMachine (DatanodeStateMachine.java:stopDaemon(395)) - Ozone container server stopped.
2019-10-15 03:22:42,173 [main] INFO  handler.ContextHandler (ContextHandler.java:doStop(910)) - Stopped o.e.j.w.WebAppContext@3a082ff4{/,null,UNAVAILABLE}{/hddsDatanode}
2019-10-15 03:22:42,174 [main] INFO  server.AbstractConnector (AbstractConnector.java:doStop(318)) - Stopped ServerConnector@45acdd11{HTTP/1.1,[http/1.1]}{0.0.0.0:0}
2019-10-15 03:22:42,174 [main] INFO  handler.ContextHandler (ContextHandler.java:doStop(910)) - Stopped o.e.j.s.ServletContextHandler@7d44a19{/static,jar:file:/home/user/.m2/repository/org/apache/hadoop/hadoop-hdds-container-service/0.5.0-SNAPSHOT/hadoop-hdds-container-service-0.5.0-SNAPSHOT.jar!/webapps/static,UNAVAILABLE}
2019-10-15 03:22:42,175 [main] INFO  handler.ContextHandler (ContextHandler.java:doStop(910)) - Stopped o.e.j.s.ServletContextHandler@698fee9a{/logs,file:///workdir/hadoop-ozone/integration-test/target/log,UNAVAILABLE}
2019-10-15 03:22:42,178 [Datanode State Machine Thread - 0] INFO  statemachine.DatanodeStateMachine (DatanodeStateMachine.java:lambda$startDaemon$0(350)) - Ozone container server started.
2019-10-15 03:22:46,216 [EventQueue-StaleNodeForStaleNodeHandler] INFO  node.StaleNodeHandler (StaleNodeHandler.java:onMessage(58)) - Datanode 1974a9a1-a6f9-4483-963f-44bc27f0fbdf{ip: 192.168.157.236, host: pr-hdds-2278-dv8k5-3424803466, networkLocation: /default-rack, certSerialId: null} moved to stale state. Finalizing its pipelines [PipelineID=6dde161d-8fd1-420b-b3e2-65e9b0574744]
2019-10-15 03:22:46,217 [EventQueue-StaleNodeForStaleNodeHandler] INFO  pipeline.SCMPipelineManager (SCMPipelineManager.java:finalizeAndDestroyPipeline(315)) - destroying pipeline:Pipeline[ Id: 6dde161d-8fd1-420b-b3e2-65e9b0574744, Nodes: 1974a9a1-a6f9-4483-963f-44bc27f0fbdf{ip: 192.168.157.236, host: pr-hdds-2278-dv8k5-3424803466, networkLocation: /default-rack, certSerialId: null}, Type:RATIS, Factor:ONE, State:OPEN]
2019-10-15 03:22:46,217 [EventQueue-StaleNodeForStaleNodeHandler] INFO  pipeline.PipelineStateManager (PipelineStateManager.java:finalizePipeline(123)) - Pipeline Pipeline[ Id: 6dde161d-8fd1-420b-b3e2-65e9b0574744, Nodes: 1974a9a1-a6f9-4483-963f-44bc27f0fbdf{ip: 192.168.157.236, host: pr-hdds-2278-dv8k5-3424803466, networkLocation: /default-rack, certSerialId: null}, Type:RATIS, Factor:ONE, State:CLOSED] moved to CLOSED state
2019-10-15 03:22:47,140 [ForkJoinPool.commonPool-worker-0] INFO  ozoneimpl.OzoneContainer (OzoneContainer.java:stop(227)) - Attempting to stop container services.
2019-10-15 03:22:47,141 [ForkJoinPool.commonPool-worker-0] INFO  impl.RaftServerProxy (RaftServerProxy.java:lambda$close$4(314)) - 1974a9a1-a6f9-4483-963f-44bc27f0fbdf: close
2019-10-15 03:22:47,142 [ForkJoinPool.commonPool-worker-0] INFO  impl.RaftServerImpl (RaftServerImpl.java:lambda$shutdown$3(247)) - 1974a9a1-a6f9-4483-963f-44bc27f0fbdf@group-65E9B0574744: shutdown
2019-10-15 03:22:47,142 [ForkJoinPool.commonPool-worker-0] INFO  util.JmxRegister (JmxRegister.java:unregister(73)) - Successfully un-registered JMX Bean with object name Ratis:service=RaftServer,group=group-65E9B0574744,id=1974a9a1-a6f9-4483-963f-44bc27f0fbdf
2019-10-15 03:22:47,142 [ForkJoinPool.commonPool-worker-0] INFO  impl.RoleInfo (RoleInfo.java:shutdownLeaderState(104)) - 1974a9a1-a6f9-4483-963f-44bc27f0fbdf: shutdown LeaderState
2019-10-15 03:22:47,142 [ForkJoinPool.commonPool-worker-0] INFO  impl.PendingRequests (PendingRequests.java:sendNotLeaderResponses(202)) - 1974a9a1-a6f9-4483-963f-44bc27f0fbdf@group-65E9B0574744-PendingRequests: sendNotLeaderResponses
2019-10-15 03:22:47,143 [ForkJoinPool.commonPool-worker-0] INFO  impl.StateMachineUpdater (StateMachineUpdater.java:stopAndJoin(136)) - 1974a9a1-a6f9-4483-963f-44bc27f0fbdf@group-65E9B0574744-StateMachineUpdater: set stopIndex = 0
2019-10-15 03:22:47,144 [ForkJoinPool.commonPool-worker-0] INFO  impl.RaftServerImpl (ServerState.java:close(387)) - 1974a9a1-a6f9-4483-963f-44bc27f0fbdf@group-65E9B0574744: closes. applyIndex: 0
2019-10-15 03:22:47,145 [1974a9a1-a6f9-4483-963f-44bc27f0fbdf@group-65E9B0574744-SegmentedRaftLogWorker] INFO  segmented.SegmentedRaftLogWorker (SegmentedRaftLogWorker.java:run(316)) - 1974a9a1-a6f9-4483-963f-44bc27f0fbdf@group-65E9B0574744-SegmentedRaftLogWorker was interrupted, exiting. There are 0 tasks remaining in the queue.
2019-10-15 03:22:47,145 [ForkJoinPool.commonPool-worker-0] INFO  segmented.SegmentedRaftLogWorker (SegmentedRaftLogWorker.java:close(224)) - 1974a9a1-a6f9-4483-963f-44bc27f0fbdf@group-65E9B0574744-SegmentedRaftLogWorker close()
2019-10-15 03:22:47,147 [ForkJoinPool.commonPool-worker-0] INFO  server.GrpcService (GrpcService.java:closeImpl(164)) - 1974a9a1-a6f9-4483-963f-44bc27f0fbdf: shutdown server with port 45308 now
2019-10-15 03:22:47,149 [ForkJoinPool.commonPool-worker-0] INFO  server.GrpcService (GrpcService.java:closeImpl(172)) - 1974a9a1-a6f9-4483-963f-44bc27f0fbdf: shutdown server with port 45308 successfully
2019-10-15 03:22:47,165 [refreshUsed-/workdir/hadoop-ozone/integration-test/target/test-dir/MiniOzoneClusterImpl-747bb6ba-742f-4335-8eef-883d7ad25d26/datanode-5/data/containers] WARN  fs.CachingGetSpaceUsed (CachingGetSpaceUsed.java:run(183)) - Thread Interrupted waiting to refresh disk information: sleep interrupted
2019-10-15 03:22:47,187 [ForkJoinPool.commonPool-worker-0] INFO  utils.BackgroundService (BackgroundService.java:shutdown(151)) - Shutting down service BlockDeletingService
2019-10-15 03:22:47,189 [ForkJoinPool.commonPool-worker-0] INFO  statemachine.DatanodeStateMachine (DatanodeStateMachine.java:stopDaemon(395)) - Ozone container server stopped.
2019-10-15 03:22:47,192 [ForkJoinPool.commonPool-worker-0] INFO  handler.ContextHandler (ContextHandler.java:doStop(910)) - Stopped o.e.j.w.WebAppContext@2a4f5433{/,null,UNAVAILABLE}{/hddsDatanode}
2019-10-15 03:22:47,193 [ForkJoinPool.commonPool-worker-0] INFO  server.AbstractConnector (AbstractConnector.java:doStop(318)) - Stopped ServerConnector@6812fa3a{HTTP/1.1,[http/1.1]}{0.0.0.0:0}
2019-10-15 03:22:47,193 [ForkJoinPool.commonPool-worker-0] INFO  handler.ContextHandler (ContextHandler.java:doStop(910)) - Stopped o.e.j.s.ServletContextHandler@3c83468e{/static,jar:file:/home/user/.m2/repository/org/apache/hadoop/hadoop-hdds-container-service/0.5.0-SNAPSHOT/hadoop-hdds-container-service-0.5.0-SNAPSHOT.jar!/webapps/static,UNAVAILABLE}
2019-10-15 03:22:47,194 [ForkJoinPool.commonPool-worker-0] INFO  handler.ContextHandler (ContextHandler.java:doStop(910)) - Stopped o.e.j.s.ServletContextHandler@3aa41da1{/logs,file:///workdir/hadoop-ozone/integration-test/target/log,UNAVAILABLE}
2019-10-15 03:22:47,195 [main] INFO  ozone.MiniOzoneClusterImpl (MiniOzoneClusterImpl.java:stopSCM(392)) - Stopping the StorageContainerManager
2019-10-15 03:22:47,196 [main] INFO  server.StorageContainerManager (StorageContainerManager.java:stop(810)) - Stopping Replication Manager Service.
2019-10-15 03:22:47,196 [main] INFO  container.ReplicationManager (ReplicationManager.java:stop(203)) - Stopping Replication Monitor Thread.
2019-10-15 03:22:47,196 [main] INFO  server.StorageContainerManager (StorageContainerManager.java:stop(817)) - Stopping Lease Manager of the command watchers
2019-10-15 03:22:47,197 [main] INFO  server.StorageContainerManager (StorageContainerManager.java:stop(824)) - Stopping datanode service RPC server
2019-10-15 03:22:47,197 [main] INFO  server.SCMDatanodeProtocolServer (SCMDatanodeProtocolServer.java:stop(346)) - Stopping the RPC server for DataNodes
2019-10-15 03:22:47,197 [main] INFO  ipc.Server (Server.java:stop(3082)) - Stopping server on 40466
2019-10-15 03:22:47,198 [IPC Server listener on 40466] INFO  ipc.Server (Server.java:run(1185)) - Stopping IPC Server listener on 40466
2019-10-15 03:22:47,198 [IPC Server Responder] INFO  ipc.Server (Server.java:run(1319)) - Stopping IPC Server Responder
2019-10-15 03:22:47,217 [SCM Heartbeat Processing Thread - 0] WARN  node.NodeStateManager (NodeStateManager.java:scheduleNextHealthCheck(646)) - Current Thread is interrupted, shutting down HB processing thread for Node Manager.
2019-10-15 03:22:47,217 [main] INFO  server.StorageContainerManager (StorageContainerManager.java:stop(832)) - Stopping block service RPC server
2019-10-15 03:22:47,217 [main] INFO  server.SCMBlockProtocolServer (SCMBlockProtocolServer.java:stop(155)) - Stopping the RPC server for Block Protocol
2019-10-15 03:22:47,217 [main] INFO  ipc.Server (Server.java:stop(3082)) - Stopping server on 46007
2019-10-15 03:22:47,218 [IPC Server listener on 46007] INFO  ipc.Server (Server.java:run(1185)) - Stopping IPC Server listener on 46007
2019-10-15 03:22:47,218 [main] INFO  server.StorageContainerManager (StorageContainerManager.java:stop(839)) - Stopping the StorageContainerLocationProtocol RPC server
2019-10-15 03:22:47,218 [IPC Server Responder] INFO  ipc.Server (Server.java:run(1319)) - Stopping IPC Server Responder
2019-10-15 03:22:47,219 [main] INFO  server.SCMClientProtocolServer (SCMClientProtocolServer.java:stop(168)) - Stopping the RPC server for Client Protocol
2019-10-15 03:22:47,220 [main] INFO  ipc.Server (Server.java:stop(3082)) - Stopping server on 45594
2019-10-15 03:22:47,221 [IPC Server listener on 45594] INFO  ipc.Server (Server.java:run(1185)) - Stopping IPC Server listener on 45594
2019-10-15 03:22:47,221 [main] INFO  server.StorageContainerManager (StorageContainerManager.java:stop(846)) - Stopping Storage Container Manager HTTP server.
2019-10-15 03:22:47,221 [IPC Server Responder] INFO  ipc.Server (Server.java:run(1319)) - Stopping IPC Server Responder
2019-10-15 03:22:47,224 [main] INFO  handler.ContextHandler (ContextHandler.java:doStop(910)) - Stopped o.e.j.w.WebAppContext@6970140a{/,null,UNAVAILABLE}{/scm}
2019-10-15 03:22:47,224 [main] INFO  server.AbstractConnector (AbstractConnector.java:doStop(318)) - Stopped ServerConnector@1c32886a{HTTP/1.1,[http/1.1]}{0.0.0.0:0}
2019-10-15 03:22:47,224 [main] INFO  handler.ContextHandler (ContextHandler.java:doStop(910)) - Stopped o.e.j.s.ServletContextHandler@53f0a4cb{/static,file:///workdir/hadoop-ozone/integration-test/target/test-classes/webapps/static,UNAVAILABLE}
2019-10-15 03:22:47,225 [main] INFO  handler.ContextHandler (ContextHandler.java:doStop(910)) - Stopped o.e.j.s.ServletContextHandler@7a560583{/logs,file:///workdir/hadoop-ozone/integration-test/target/log,UNAVAILABLE}
2019-10-15 03:22:47,225 [main] INFO  server.StorageContainerManager (StorageContainerManager.java:stop(857)) - Stopping Block Manager Service.
2019-10-15 03:22:47,225 [main] INFO  utils.BackgroundService (BackgroundService.java:shutdown(151)) - Shutting down service SCMBlockDeletingService
2019-10-15 03:22:47,226 [main] INFO  utils.BackgroundService (BackgroundService.java:shutdown(151)) - Shutting down service SCMBlockDeletingService
2019-10-15 03:22:47,226 [main] INFO  server.StorageContainerManager (StorageContainerManager.java:stop(879)) - Stopping SCM Event Queue.
2019-10-15 03:22:47,232 [main] INFO  impl.MetricsSystemImpl (MetricsSystemImpl.java:stop(210)) - Stopping XceiverClientMetrics metrics system...
2019-10-15 03:22:47,241 [prometheus] INFO  impl.MetricsSinkAdapter (MetricsSinkAdapter.java:publishMetricsFromQueue(141)) - prometheus thread interrupted.
2019-10-15 03:22:47,241 [main] INFO  impl.MetricsSystemImpl (MetricsSystemImpl.java:stop(216)) - XceiverClientMetrics metrics system stopped.
]]></system-out>
    <system-err><![CDATA[ERROR StatusLogger No Log4j 2 configuration file found. Using default configuration (logging only errors to the console), or user programmatically provided configurations. Set system property 'log4j2.debug' to show Log4j 2 internal initialization logging. See https://logging.apache.org/log4j/2.x/manual/configuration.html for instructions on how to configure Log4j 2
Oct 15, 2019 3:21:22 AM org.apache.ratis.thirdparty.io.grpc.internal.SerializingExecutor run
SEVERE: Exception while executing runnable org.apache.ratis.thirdparty.io.grpc.internal.ServerImpl$JumpToApplicationThreadServerStreamListener$1Closed@77bab074
org.apache.ratis.thirdparty.io.grpc.StatusRuntimeException: CANCELLED: call already cancelled
	at org.apache.ratis.thirdparty.io.grpc.Status.asRuntimeException(Status.java:517)
	at org.apache.ratis.thirdparty.io.grpc.stub.ServerCalls$ServerCallStreamObserverImpl.onCompleted(ServerCalls.java:356)
	at org.apache.ratis.grpc.server.GrpcServerProtocolService$ServerRequestStreamObserver.onError(GrpcServerProtocolService.java:121)
	at org.apache.ratis.thirdparty.io.grpc.stub.ServerCalls$StreamingServerCallHandler$StreamingServerCallListener.onCancel(ServerCalls.java:269)
	at org.apache.ratis.thirdparty.io.grpc.internal.ServerCallImpl$ServerStreamListenerImpl.closed(ServerCallImpl.java:293)
	at org.apache.ratis.thirdparty.io.grpc.internal.ServerImpl$JumpToApplicationThreadServerStreamListener$1Closed.runInContext(ServerImpl.java:741)
	at org.apache.ratis.thirdparty.io.grpc.internal.ContextRunnable.run(ContextRunnable.java:37)
	at org.apache.ratis.thirdparty.io.grpc.internal.SerializingExecutor.run(SerializingExecutor.java:123)
	at java.util.concurrent.ThreadPoolExecutor.runWorker(ThreadPoolExecutor.java:1149)
	at java.util.concurrent.ThreadPoolExecutor$Worker.run(ThreadPoolExecutor.java:624)
	at java.lang.Thread.run(Thread.java:748)

]]></system-err>
  </testcase>
  <testcase name="testDatanodeFailureWithPreAllocation" classname="org.apache.hadoop.ozone.client.rpc.TestBlockOutputStreamWithFailures" time="227.508"/>
  <testcase name="testDatanodeFailureWithSingleNodeRatis" classname="org.apache.hadoop.ozone.client.rpc.TestBlockOutputStreamWithFailures" time="223.095"/>
  <testcase name="testWatchForCommitWithSingleNodeRatis" classname="org.apache.hadoop.ozone.client.rpc.TestBlockOutputStreamWithFailures" time="35.402"/>
  <testcase name="testWatchForCommitDatanodeFailure" classname="org.apache.hadoop.ozone.client.rpc.TestBlockOutputStreamWithFailures" time="47.326">
    <failure message="expected:&lt;2&gt; but was:&lt;3&gt;" type="java.lang.AssertionError"><![CDATA[java.lang.AssertionError: expected:<2> but was:<3>
	at org.junit.Assert.fail(Assert.java:88)
	at org.junit.Assert.failNotEquals(Assert.java:743)
	at org.junit.Assert.assertEquals(Assert.java:118)
	at org.junit.Assert.assertEquals(Assert.java:555)
	at org.junit.Assert.assertEquals(Assert.java:542)
	at org.apache.hadoop.ozone.client.rpc.TestBlockOutputStreamWithFailures.testWatchForCommitDatanodeFailure(TestBlockOutputStreamWithFailures.java:366)
	at sun.reflect.NativeMethodAccessorImpl.invoke0(Native Method)
	at sun.reflect.NativeMethodAccessorImpl.invoke(NativeMethodAccessorImpl.java:62)
	at sun.reflect.DelegatingMethodAccessorImpl.invoke(DelegatingMethodAccessorImpl.java:43)
	at java.lang.reflect.Method.invoke(Method.java:498)
	at org.junit.runners.model.FrameworkMethod$1.runReflectiveCall(FrameworkMethod.java:47)
	at org.junit.internal.runners.model.ReflectiveCallable.run(ReflectiveCallable.java:12)
	at org.junit.runners.model.FrameworkMethod.invokeExplosively(FrameworkMethod.java:44)
	at org.junit.internal.runners.statements.InvokeMethod.evaluate(InvokeMethod.java:17)
	at org.junit.internal.runners.statements.RunBefores.evaluate(RunBefores.java:26)
	at org.junit.internal.runners.statements.RunAfters.evaluate(RunAfters.java:27)
	at org.junit.runners.ParentRunner.runLeaf(ParentRunner.java:271)
	at org.junit.runners.BlockJUnit4ClassRunner.runChild(BlockJUnit4ClassRunner.java:70)
	at org.junit.runners.BlockJUnit4ClassRunner.runChild(BlockJUnit4ClassRunner.java:50)
	at org.junit.runners.ParentRunner$3.run(ParentRunner.java:238)
	at org.junit.runners.ParentRunner$1.schedule(ParentRunner.java:63)
	at org.junit.runners.ParentRunner.runChildren(ParentRunner.java:236)
	at org.junit.runners.ParentRunner.access$000(ParentRunner.java:53)
	at org.junit.runners.ParentRunner$2.evaluate(ParentRunner.java:229)
	at org.junit.runners.ParentRunner.run(ParentRunner.java:309)
	at org.apache.maven.surefire.junit4.JUnit4Provider.execute(JUnit4Provider.java:365)
	at org.apache.maven.surefire.junit4.JUnit4Provider.executeWithRerun(JUnit4Provider.java:273)
	at org.apache.maven.surefire.junit4.JUnit4Provider.executeTestSet(JUnit4Provider.java:238)
	at org.apache.maven.surefire.junit4.JUnit4Provider.invoke(JUnit4Provider.java:159)
	at org.apache.maven.surefire.booter.ForkedBooter.invokeProviderInSameClassLoader(ForkedBooter.java:384)
	at org.apache.maven.surefire.booter.ForkedBooter.runSuitesInProcess(ForkedBooter.java:345)
	at org.apache.maven.surefire.booter.ForkedBooter.execute(ForkedBooter.java:126)
	at org.apache.maven.surefire.booter.ForkedBooter.main(ForkedBooter.java:418)
]]></failure>
    <system-out><![CDATA[2019-10-15 03:30:53,310 [main] WARN  server.ServerUtils (ServerUtils.java:getScmDbDir(145)) - ozone.scm.db.dirs is not configured. We recommend adding this setting. Falling back to ozone.metadata.dirs instead.
2019-10-15 03:30:53,357 [main] WARN  server.ServerUtils (ServerUtils.java:getScmDbDir(145)) - ozone.scm.db.dirs is not configured. We recommend adding this setting. Falling back to ozone.metadata.dirs instead.
2019-10-15 03:30:53,358 [main] WARN  server.ServerUtils (ServerUtils.java:getScmDbDir(145)) - ozone.scm.db.dirs is not configured. We recommend adding this setting. Falling back to ozone.metadata.dirs instead.
2019-10-15 03:30:53,359 [main] INFO  db.DBStoreBuilder (DBStoreBuilder.java:addTable(117)) - using custom profile for table: deletedBlocks
2019-10-15 03:30:53,359 [main] INFO  db.DBStoreBuilder (DBStoreBuilder.java:processTables(168)) - Using default column profile:DBProfile.DISK for Table:deletedBlocks
2019-10-15 03:30:53,359 [main] INFO  db.DBStoreBuilder (DBStoreBuilder.java:addTable(117)) - using custom profile for table: validCerts
2019-10-15 03:30:53,359 [main] INFO  db.DBStoreBuilder (DBStoreBuilder.java:processTables(168)) - Using default column profile:DBProfile.DISK for Table:validCerts
2019-10-15 03:30:53,360 [main] INFO  db.DBStoreBuilder (DBStoreBuilder.java:addTable(117)) - using custom profile for table: revokedCerts
2019-10-15 03:30:53,360 [main] INFO  db.DBStoreBuilder (DBStoreBuilder.java:processTables(168)) - Using default column profile:DBProfile.DISK for Table:revokedCerts
2019-10-15 03:30:53,360 [main] INFO  db.DBStoreBuilder (DBStoreBuilder.java:addTable(117)) - using custom profile for table: default
2019-10-15 03:30:53,360 [main] INFO  db.DBStoreBuilder (DBStoreBuilder.java:processTables(174)) - Using default column profile:DBProfile.DISK for Table:default
2019-10-15 03:30:53,361 [main] INFO  db.DBStoreBuilder (DBStoreBuilder.java:getDbProfile(205)) - Using default options. DBProfile.DISK
2019-10-15 03:30:53,538 [main] INFO  net.NodeSchemaLoader (NodeSchemaLoader.java:loadSchemaFromFile(125)) - Loading file from sun.misc.CompoundEnumeration@5a9840f3
2019-10-15 03:30:53,539 [main] INFO  net.NodeSchemaLoader (NodeSchemaLoader.java:loadSchema(171)) - Loading network topology layer schema file
2019-10-15 03:30:53,544 [main] INFO  node.SCMNodeManager (SCMNodeManager.java:<init>(116)) - Entering startup safe mode.
2019-10-15 03:30:53,544 [main] INFO  algorithms.ContainerPlacementPolicyFactory (ContainerPlacementPolicyFactory.java:getPolicy(57)) - Create container placement policy of type org.apache.hadoop.hdds.scm.container.placement.algorithms.SCMContainerPlacementRandom
2019-10-15 03:30:53,545 [main] WARN  server.ServerUtils (ServerUtils.java:getScmDbDir(145)) - ozone.scm.db.dirs is not configured. We recommend adding this setting. Falling back to ozone.metadata.dirs instead.
2019-10-15 03:30:53,596 [main] INFO  pipeline.SCMPipelineManager (SCMPipelineManager.java:initializePipelineState(132)) - No pipeline exists in current db
2019-10-15 03:30:53,597 [main] WARN  server.ServerUtils (ServerUtils.java:getScmDbDir(145)) - ozone.scm.db.dirs is not configured. We recommend adding this setting. Falling back to ozone.metadata.dirs instead.
2019-10-15 03:30:53,674 [main] WARN  events.EventQueue (EventQueue.java:fireEvent(183)) - No event handler registered for event TypedEvent{payloadType=SafeModeStatus, name='SafeModeStatus'}
2019-10-15 03:30:53,675 [main] INFO  ipc.CallQueueManager (CallQueueManager.java:<init>(84)) - Using callQueue: class java.util.concurrent.LinkedBlockingQueue, queueCapacity: 2000, scheduler: class org.apache.hadoop.ipc.DefaultRpcScheduler, ipcBackoff: false.
2019-10-15 03:30:53,676 [Socket Reader #1 for port 40138] INFO  ipc.Server (Server.java:run(1074)) - Starting Socket Reader #1 for port 40138
2019-10-15 03:30:53,679 [main] INFO  ipc.CallQueueManager (CallQueueManager.java:<init>(84)) - Using callQueue: class java.util.concurrent.LinkedBlockingQueue, queueCapacity: 2000, scheduler: class org.apache.hadoop.ipc.DefaultRpcScheduler, ipcBackoff: false.
2019-10-15 03:30:53,680 [Socket Reader #1 for port 43197] INFO  ipc.Server (Server.java:run(1074)) - Starting Socket Reader #1 for port 43197
2019-10-15 03:30:53,681 [main] INFO  ipc.CallQueueManager (CallQueueManager.java:<init>(84)) - Using callQueue: class java.util.concurrent.LinkedBlockingQueue, queueCapacity: 2000, scheduler: class org.apache.hadoop.ipc.DefaultRpcScheduler, ipcBackoff: false.
2019-10-15 03:30:53,682 [Socket Reader #1 for port 44247] INFO  ipc.Server (Server.java:run(1074)) - Starting Socket Reader #1 for port 44247
2019-10-15 03:30:53,685 [main] INFO  hdfs.DFSUtil (DFSUtil.java:httpServerTemplateForNNAndJN(1641)) - Starting Web-server for scm at: http://0.0.0.0:0
2019-10-15 03:30:53,687 [main] INFO  server.AuthenticationFilter (AuthenticationFilter.java:constructSecretProvider(240)) - Unable to initialize FileSignerSecretProvider, falling back to use random secrets.
2019-10-15 03:30:53,688 [main] WARN  http.HttpRequestLog (HttpRequestLog.java:getRequestLog(97)) - Jetty request log can only be enabled using Log4j
2019-10-15 03:30:53,689 [main] INFO  http.HttpServer2 (HttpServer2.java:addGlobalFilter(975)) - Added global filter 'safety' (class=org.apache.hadoop.http.HttpServer2$QuotingInputFilter)
2019-10-15 03:30:53,690 [main] INFO  http.HttpServer2 (HttpServer2.java:addFilter(948)) - Added filter static_user_filter (class=org.apache.hadoop.http.lib.StaticUserWebFilter$StaticUserFilter) to context scm
2019-10-15 03:30:53,690 [main] INFO  http.HttpServer2 (HttpServer2.java:addFilter(958)) - Added filter static_user_filter (class=org.apache.hadoop.http.lib.StaticUserWebFilter$StaticUserFilter) to context logs
2019-10-15 03:30:53,690 [main] INFO  http.HttpServer2 (HttpServer2.java:addFilter(958)) - Added filter static_user_filter (class=org.apache.hadoop.http.lib.StaticUserWebFilter$StaticUserFilter) to context static
2019-10-15 03:30:53,692 [main] INFO  server.StorageContainerManager (StorageContainerManager.java:start(772)) - StorageContainerLocationProtocol RPC server is listening at /0.0.0.0:44247
2019-10-15 03:30:53,694 [main] WARN  impl.MetricsConfig (MetricsConfig.java:loadFirst(134)) - Cannot locate configuration: tried hadoop-metrics2-storagecontainermanager.properties,hadoop-metrics2.properties
2019-10-15 03:30:53,695 [main] INFO  impl.MetricsSystemImpl (MetricsSystemImpl.java:startTimer(374)) - Scheduled Metric snapshot period at 10 second(s).
2019-10-15 03:30:53,695 [main] INFO  impl.MetricsSystemImpl (MetricsSystemImpl.java:start(191)) - StorageContainerManager metrics system started
2019-10-15 03:30:53,765 [main] WARN  impl.MetricsSystemImpl (MetricsSystemImpl.java:register(276)) - Sink prometheus already exists!
2019-10-15 03:30:53,857 [main] INFO  server.SCMClientProtocolServer (SCMClientProtocolServer.java:start(159)) - RPC server for Client  is listening at /0.0.0.0:44247
2019-10-15 03:30:53,857 [IPC Server listener on 44247] INFO  ipc.Server (Server.java:run(1153)) - IPC Server listener on 44247: starting
2019-10-15 03:30:53,857 [IPC Server Responder] INFO  ipc.Server (Server.java:run(1314)) - IPC Server Responder: starting
2019-10-15 03:30:53,861 [main] INFO  server.StorageContainerManager (StorageContainerManager.java:start(782)) - ScmBlockLocationProtocol RPC server is listening at /0.0.0.0:43197
2019-10-15 03:30:53,861 [main] INFO  server.SCMBlockProtocolServer (SCMBlockProtocolServer.java:start(146)) - RPC server for Block Protocol is listening at /0.0.0.0:43197
2019-10-15 03:30:53,862 [IPC Server Responder] INFO  ipc.Server (Server.java:run(1314)) - IPC Server Responder: starting
2019-10-15 03:30:53,862 [IPC Server listener on 43197] INFO  ipc.Server (Server.java:run(1153)) - IPC Server listener on 43197: starting
2019-10-15 03:30:53,865 [main] INFO  server.StorageContainerManager (StorageContainerManager.java:start(786)) - ScmDatanodeProtocl RPC server is listening at /0.0.0.0:40138
2019-10-15 03:30:53,865 [main] INFO  server.SCMDatanodeProtocolServer (SCMDatanodeProtocolServer.java:start(169)) - RPC server for DataNodes is listening at /0.0.0.0:40138
2019-10-15 03:30:53,865 [IPC Server Responder] INFO  ipc.Server (Server.java:run(1314)) - IPC Server Responder: starting
2019-10-15 03:30:53,865 [IPC Server listener on 40138] INFO  ipc.Server (Server.java:run(1153)) - IPC Server listener on 40138: starting
2019-10-15 03:30:53,869 [main] INFO  http.HttpServer2 (HttpServer2.java:bindListener(1191)) - Jetty bound to port 42266
2019-10-15 03:30:53,869 [main] INFO  server.Server (Server.java:doStart(351)) - jetty-9.3.25.v20180904, build timestamp: 2018-09-04T21:11:46Z, git hash: 3ce520221d0240229c862b122d2b06c12a625732
2019-10-15 03:30:53,870 [main] INFO  handler.ContextHandler (ContextHandler.java:doStart(781)) - Started o.e.j.s.ServletContextHandler@5c8d58ed{/logs,file:///workdir/hadoop-ozone/integration-test/target/log,AVAILABLE}
2019-10-15 03:30:53,871 [main] INFO  handler.ContextHandler (ContextHandler.java:doStart(781)) - Started o.e.j.s.ServletContextHandler@28be7fec{/static,file:///workdir/hadoop-ozone/integration-test/target/test-classes/webapps/static,AVAILABLE}
2019-10-15 03:30:53,874 [main] INFO  handler.ContextHandler (ContextHandler.java:doStart(781)) - Started o.e.j.w.WebAppContext@1a914089{/,file:///workdir/hadoop-ozone/integration-test/target/test-classes/webapps/scm/,AVAILABLE}{/scm}
2019-10-15 03:30:53,874 [main] INFO  server.AbstractConnector (AbstractConnector.java:doStart(278)) - Started ServerConnector@43d76a92{HTTP/1.1,[http/1.1]}{0.0.0.0:42266}
2019-10-15 03:30:53,875 [main] INFO  server.Server (Server.java:doStart(419)) - Started @597816ms
2019-10-15 03:30:53,875 [main] WARN  impl.MetricsSystemImpl (MetricsSystemImpl.java:register(276)) - Sink prometheus already exists!
2019-10-15 03:30:53,877 [main] INFO  server.BaseHttpServer (BaseHttpServer.java:updateConnectorAddress(215)) - HTTP server of SCM is listening at http://0.0.0.0:42266
2019-10-15 03:30:53,878 [main] WARN  server.ServerUtils (ServerUtils.java:getDBPath(222)) - ozone.om.db.dirs is not configured. We recommend adding this setting. Falling back to ozone.metadata.dirs instead.
2019-10-15 03:30:53,879 [org.apache.hadoop.util.JvmPauseMonitor$Monitor@350323a0] INFO  util.JvmPauseMonitor (JvmPauseMonitor.java:run(188)) - Starting JVM pause monitor
2019-10-15 03:30:53,905 [main] INFO  ha.OMHANodeDetails (OMHANodeDetails.java:loadOMHAConfig(190)) - Configuration either no ozone.om.address set. Falling back to the default OM address /127.0.0.1:0
2019-10-15 03:30:53,905 [main] INFO  ha.OMHANodeDetails (OMHANodeDetails.java:getOMNodeDetails(220)) - OM Service ID is not set. Setting it to the default ID: omServiceIdDefault
2019-10-15 03:30:53,905 [main] WARN  server.ServerUtils (ServerUtils.java:getDBPath(222)) - ozone.om.db.dirs is not configured. We recommend adding this setting. Falling back to ozone.metadata.dirs instead.
2019-10-15 03:30:53,905 [main] WARN  server.ServerUtils (ServerUtils.java:getDBPath(222)) - ozone.om.db.dirs is not configured. We recommend adding this setting. Falling back to ozone.metadata.dirs instead.
2019-10-15 03:30:53,911 [main] WARN  server.ServerUtils (ServerUtils.java:getDBPath(222)) - ozone.om.db.dirs is not configured. We recommend adding this setting. Falling back to ozone.metadata.dirs instead.
2019-10-15 03:30:53,911 [main] INFO  db.DBStoreBuilder (DBStoreBuilder.java:addTable(117)) - using custom profile for table: userTable
2019-10-15 03:30:53,911 [main] INFO  db.DBStoreBuilder (DBStoreBuilder.java:processTables(168)) - Using default column profile:DBProfile.DISK for Table:userTable
2019-10-15 03:30:53,911 [main] INFO  db.DBStoreBuilder (DBStoreBuilder.java:addTable(117)) - using custom profile for table: volumeTable
2019-10-15 03:30:53,911 [main] INFO  db.DBStoreBuilder (DBStoreBuilder.java:processTables(168)) - Using default column profile:DBProfile.DISK for Table:volumeTable
2019-10-15 03:30:53,912 [main] INFO  db.DBStoreBuilder (DBStoreBuilder.java:addTable(117)) - using custom profile for table: bucketTable
2019-10-15 03:30:53,912 [main] INFO  db.DBStoreBuilder (DBStoreBuilder.java:processTables(168)) - Using default column profile:DBProfile.DISK for Table:bucketTable
2019-10-15 03:30:53,912 [main] INFO  db.DBStoreBuilder (DBStoreBuilder.java:addTable(117)) - using custom profile for table: keyTable
2019-10-15 03:30:53,912 [main] INFO  db.DBStoreBuilder (DBStoreBuilder.java:processTables(168)) - Using default column profile:DBProfile.DISK for Table:keyTable
2019-10-15 03:30:53,912 [main] INFO  db.DBStoreBuilder (DBStoreBuilder.java:addTable(117)) - using custom profile for table: deletedTable
2019-10-15 03:30:53,912 [main] INFO  db.DBStoreBuilder (DBStoreBuilder.java:processTables(168)) - Using default column profile:DBProfile.DISK for Table:deletedTable
2019-10-15 03:30:53,913 [main] INFO  db.DBStoreBuilder (DBStoreBuilder.java:addTable(117)) - using custom profile for table: openKeyTable
2019-10-15 03:30:53,913 [main] INFO  db.DBStoreBuilder (DBStoreBuilder.java:processTables(168)) - Using default column profile:DBProfile.DISK for Table:openKeyTable
2019-10-15 03:30:53,913 [main] INFO  db.DBStoreBuilder (DBStoreBuilder.java:addTable(117)) - using custom profile for table: s3Table
2019-10-15 03:30:53,913 [main] INFO  db.DBStoreBuilder (DBStoreBuilder.java:processTables(168)) - Using default column profile:DBProfile.DISK for Table:s3Table
2019-10-15 03:30:53,913 [main] INFO  db.DBStoreBuilder (DBStoreBuilder.java:addTable(117)) - using custom profile for table: multipartInfoTable
2019-10-15 03:30:53,913 [main] INFO  db.DBStoreBuilder (DBStoreBuilder.java:processTables(168)) - Using default column profile:DBProfile.DISK for Table:multipartInfoTable
2019-10-15 03:30:53,913 [main] INFO  db.DBStoreBuilder (DBStoreBuilder.java:addTable(117)) - using custom profile for table: dTokenTable
2019-10-15 03:30:53,914 [main] INFO  db.DBStoreBuilder (DBStoreBuilder.java:processTables(168)) - Using default column profile:DBProfile.DISK for Table:dTokenTable
2019-10-15 03:30:53,914 [main] INFO  db.DBStoreBuilder (DBStoreBuilder.java:addTable(117)) - using custom profile for table: s3SecretTable
2019-10-15 03:30:53,914 [main] INFO  db.DBStoreBuilder (DBStoreBuilder.java:processTables(168)) - Using default column profile:DBProfile.DISK for Table:s3SecretTable
2019-10-15 03:30:53,914 [main] INFO  db.DBStoreBuilder (DBStoreBuilder.java:addTable(117)) - using custom profile for table: prefixTable
2019-10-15 03:30:53,914 [main] INFO  db.DBStoreBuilder (DBStoreBuilder.java:processTables(168)) - Using default column profile:DBProfile.DISK for Table:prefixTable
2019-10-15 03:30:53,914 [main] INFO  db.DBStoreBuilder (DBStoreBuilder.java:addTable(117)) - using custom profile for table: default
2019-10-15 03:30:53,914 [main] INFO  db.DBStoreBuilder (DBStoreBuilder.java:processTables(174)) - Using default column profile:DBProfile.DISK for Table:default
2019-10-15 03:30:53,915 [main] INFO  db.DBStoreBuilder (DBStoreBuilder.java:getDbProfile(205)) - Using default options. DBProfile.DISK
2019-10-15 03:30:54,136 [main] INFO  ipc.CallQueueManager (CallQueueManager.java:<init>(84)) - Using callQueue: class java.util.concurrent.LinkedBlockingQueue, queueCapacity: 2000, scheduler: class org.apache.hadoop.ipc.DefaultRpcScheduler, ipcBackoff: false.
2019-10-15 03:30:54,137 [Socket Reader #1 for port 44126] INFO  ipc.Server (Server.java:run(1074)) - Starting Socket Reader #1 for port 44126
2019-10-15 03:30:54,150 [main] INFO  om.OzoneManager (OzoneManager.java:start(1071)) - OzoneManager RPC server is listening at localhost/127.0.0.1:44126
2019-10-15 03:30:54,150 [main] INFO  impl.MetricsSystemImpl (MetricsSystemImpl.java:init(158)) - OzoneManager metrics system started (again)
2019-10-15 03:30:54,150 [IPC Server Responder] INFO  ipc.Server (Server.java:run(1314)) - IPC Server Responder: starting
2019-10-15 03:30:54,151 [IPC Server listener on 44126] INFO  ipc.Server (Server.java:run(1153)) - IPC Server listener on 44126: starting
2019-10-15 03:30:54,158 [main] INFO  hdfs.DFSUtil (DFSUtil.java:httpServerTemplateForNNAndJN(1641)) - Starting Web-server for ozoneManager at: http://0.0.0.0:0
2019-10-15 03:30:54,159 [main] INFO  server.AuthenticationFilter (AuthenticationFilter.java:constructSecretProvider(240)) - Unable to initialize FileSignerSecretProvider, falling back to use random secrets.
2019-10-15 03:30:54,160 [main] WARN  http.HttpRequestLog (HttpRequestLog.java:getRequestLog(97)) - Jetty request log can only be enabled using Log4j
2019-10-15 03:30:54,161 [main] INFO  http.HttpServer2 (HttpServer2.java:addGlobalFilter(975)) - Added global filter 'safety' (class=org.apache.hadoop.http.HttpServer2$QuotingInputFilter)
2019-10-15 03:30:54,161 [main] INFO  http.HttpServer2 (HttpServer2.java:addFilter(948)) - Added filter static_user_filter (class=org.apache.hadoop.http.lib.StaticUserWebFilter$StaticUserFilter) to context ozoneManager
2019-10-15 03:30:54,161 [main] INFO  http.HttpServer2 (HttpServer2.java:addFilter(958)) - Added filter static_user_filter (class=org.apache.hadoop.http.lib.StaticUserWebFilter$StaticUserFilter) to context static
2019-10-15 03:30:54,162 [main] INFO  http.HttpServer2 (HttpServer2.java:addFilter(958)) - Added filter static_user_filter (class=org.apache.hadoop.http.lib.StaticUserWebFilter$StaticUserFilter) to context logs
2019-10-15 03:30:54,162 [main] INFO  http.HttpServer2 (HttpServer2.java:bindListener(1191)) - Jetty bound to port 40483
2019-10-15 03:30:54,162 [main] INFO  server.Server (Server.java:doStart(351)) - jetty-9.3.25.v20180904, build timestamp: 2018-09-04T21:11:46Z, git hash: 3ce520221d0240229c862b122d2b06c12a625732
2019-10-15 03:30:54,163 [main] INFO  handler.ContextHandler (ContextHandler.java:doStart(781)) - Started o.e.j.s.ServletContextHandler@29bbc391{/logs,file:///workdir/hadoop-ozone/integration-test/target/log,AVAILABLE}
2019-10-15 03:30:54,164 [main] INFO  handler.ContextHandler (ContextHandler.java:doStart(781)) - Started o.e.j.s.ServletContextHandler@530ee28b{/static,file:///workdir/hadoop-ozone/integration-test/target/test-classes/webapps/static,AVAILABLE}
2019-10-15 03:30:54,167 [main] INFO  handler.ContextHandler (ContextHandler.java:doStart(781)) - Started o.e.j.w.WebAppContext@66e341e9{/,file:///workdir/hadoop-ozone/integration-test/target/test-classes/webapps/ozoneManager/,AVAILABLE}{/ozoneManager}
2019-10-15 03:30:54,167 [main] INFO  server.AbstractConnector (AbstractConnector.java:doStart(278)) - Started ServerConnector@5b48f0f4{HTTP/1.1,[http/1.1]}{0.0.0.0:40483}
2019-10-15 03:30:54,168 [main] INFO  server.Server (Server.java:doStart(419)) - Started @598109ms
2019-10-15 03:30:54,169 [main] WARN  impl.MetricsSystemImpl (MetricsSystemImpl.java:register(276)) - Sink prometheus already exists!
2019-10-15 03:30:54,169 [main] INFO  server.BaseHttpServer (BaseHttpServer.java:updateConnectorAddress(215)) - HTTP server of OZONEMANAGER is listening at http://0.0.0.0:40483
2019-10-15 03:30:54,181 [main] INFO  impl.MetricsSystemImpl (MetricsSystemImpl.java:init(158)) - HddsDatanode metrics system started (again)
2019-10-15 03:30:54,185 [main] INFO  ozone.HddsDatanodeService (HddsDatanodeService.java:start(184)) - HddsDatanodeService host:pr-hdds-2278-dv8k5-3424803466 ip:192.168.157.236
2019-10-15 03:30:54,190 [main] INFO  volume.HddsVolume (HddsVolume.java:<init>(176)) - Creating Volume: /workdir/hadoop-ozone/integration-test/target/test-dir/MiniOzoneClusterImpl-5622c653-33f5-44d9-9ba1-ef695601b467/datanode-0/data/containers/hdds of  storage type : DISK and capacity : 1482555576320
2019-10-15 03:30:54,190 [main] INFO  volume.VolumeSet (VolumeSet.java:initializeVolumeSet(170)) - Added Volume : /workdir/hadoop-ozone/integration-test/target/test-dir/MiniOzoneClusterImpl-5622c653-33f5-44d9-9ba1-ef695601b467/datanode-0/data/containers/hdds to VolumeSet
2019-10-15 03:30:54,191 [main] INFO  volume.ThrottledAsyncChecker (ThrottledAsyncChecker.java:schedule(141)) - Scheduling a check for org.apache.hadoop.ozone.container.common.volume.HddsVolume@3a0b6a
2019-10-15 03:30:54,191 [main] INFO  volume.HddsVolumeChecker (HddsVolumeChecker.java:checkAllVolumes(204)) - Scheduled health check for volume org.apache.hadoop.ozone.container.common.volume.HddsVolume@3a0b6a
2019-10-15 03:30:54,204 [main] INFO  impl.RaftServerProxy (ConfUtils.java:logGet(43)) - raft.rpc.type = GRPC (default)
2019-10-15 03:30:54,204 [main] INFO  grpc.GrpcFactory (GrpcFactory.java:checkPooledByteBufAllocatorUseCacheForAllThreads(45)) - PERFORMANCE WARNING: useCacheForAllThreads is true that may cause Netty to create a lot garbage objects and, as a result, trigger GC.
	It is recommended to disable useCacheForAllThreads by setting -Dorg.apache.ratis.thirdparty.io.netty.allocator.useCacheForAllThreads=false in command line.
2019-10-15 03:30:54,204 [main] INFO  grpc.GrpcConfigKeys$Server (ConfUtils.java:logGet(43)) - raft.grpc.server.port = 0 (default)
2019-10-15 03:30:54,204 [main] INFO  server.GrpcService (ConfUtils.java:logGet(43)) - raft.grpc.message.size.max = 33570816 (custom)
2019-10-15 03:30:54,205 [main] INFO  server.RaftServerConfigKeys (ConfUtils.java:logGet(43)) - raft.server.log.appender.buffer.byte-limit = 33554432 (custom)
2019-10-15 03:30:54,205 [main] INFO  server.GrpcService (ConfUtils.java:logGet(43)) - raft.grpc.flow.control.window = 1MB (=1048576) (default)
2019-10-15 03:30:54,205 [main] INFO  server.RaftServerConfigKeys (ConfUtils.java:logGet(43)) - raft.server.rpc.request.timeout = 3000ms (default)
2019-10-15 03:30:54,205 [main] INFO  server.RaftServerConfigKeys (ConfUtils.java:logGet(43)) - raft.server.storage.dir = [/workdir/hadoop-ozone/integration-test/target/test-dir/MiniOzoneClusterImpl-5622c653-33f5-44d9-9ba1-ef695601b467/datanode-0/data/ratis] (custom)
2019-10-15 03:30:54,207 [main] INFO  hdfs.DFSUtil (DFSUtil.java:httpServerTemplateForNNAndJN(1641)) - Starting Web-server for hddsDatanode at: http://0.0.0.0:0
2019-10-15 03:30:54,210 [main] INFO  server.AuthenticationFilter (AuthenticationFilter.java:constructSecretProvider(240)) - Unable to initialize FileSignerSecretProvider, falling back to use random secrets.
2019-10-15 03:30:54,210 [main] WARN  http.HttpRequestLog (HttpRequestLog.java:getRequestLog(97)) - Jetty request log can only be enabled using Log4j
2019-10-15 03:30:54,212 [main] INFO  http.HttpServer2 (HttpServer2.java:addGlobalFilter(975)) - Added global filter 'safety' (class=org.apache.hadoop.http.HttpServer2$QuotingInputFilter)
2019-10-15 03:30:54,212 [main] INFO  http.HttpServer2 (HttpServer2.java:addFilter(948)) - Added filter static_user_filter (class=org.apache.hadoop.http.lib.StaticUserWebFilter$StaticUserFilter) to context hddsDatanode
2019-10-15 03:30:54,212 [main] INFO  http.HttpServer2 (HttpServer2.java:addFilter(958)) - Added filter static_user_filter (class=org.apache.hadoop.http.lib.StaticUserWebFilter$StaticUserFilter) to context static
2019-10-15 03:30:54,212 [main] INFO  http.HttpServer2 (HttpServer2.java:addFilter(958)) - Added filter static_user_filter (class=org.apache.hadoop.http.lib.StaticUserWebFilter$StaticUserFilter) to context logs
2019-10-15 03:30:54,213 [main] INFO  http.HttpServer2 (HttpServer2.java:bindListener(1191)) - Jetty bound to port 41398
2019-10-15 03:30:54,213 [main] INFO  server.Server (Server.java:doStart(351)) - jetty-9.3.25.v20180904, build timestamp: 2018-09-04T21:11:46Z, git hash: 3ce520221d0240229c862b122d2b06c12a625732
2019-10-15 03:30:54,214 [main] INFO  handler.ContextHandler (ContextHandler.java:doStart(781)) - Started o.e.j.s.ServletContextHandler@75793f17{/logs,file:///workdir/hadoop-ozone/integration-test/target/log,AVAILABLE}
2019-10-15 03:30:54,214 [main] INFO  handler.ContextHandler (ContextHandler.java:doStart(781)) - Started o.e.j.s.ServletContextHandler@4cc12db2{/static,jar:file:/home/user/.m2/repository/org/apache/hadoop/hadoop-hdds-container-service/0.5.0-SNAPSHOT/hadoop-hdds-container-service-0.5.0-SNAPSHOT.jar!/webapps/static,AVAILABLE}
2019-10-15 03:30:54,240 [main] INFO  handler.ContextHandler (ContextHandler.java:doStart(781)) - Started o.e.j.w.WebAppContext@175c5c3a{/,file:///tmp/jetty-0.0.0.0-41398-hddsDatanode-_-any-6103965426112518126.dir/webapp/,AVAILABLE}{/hddsDatanode}
2019-10-15 03:30:54,241 [main] INFO  server.AbstractConnector (AbstractConnector.java:doStart(278)) - Started ServerConnector@69a5c6be{HTTP/1.1,[http/1.1]}{0.0.0.0:41398}
2019-10-15 03:30:54,242 [main] INFO  server.Server (Server.java:doStart(419)) - Started @598182ms
2019-10-15 03:30:54,242 [main] WARN  impl.MetricsSystemImpl (MetricsSystemImpl.java:register(276)) - Sink prometheus already exists!
2019-10-15 03:30:54,243 [main] INFO  server.BaseHttpServer (BaseHttpServer.java:updateConnectorAddress(215)) - HTTP server of HDDSDATANODE is listening at http://0.0.0.0:41398
2019-10-15 03:30:54,246 [main] INFO  impl.MetricsSystemImpl (MetricsSystemImpl.java:init(158)) - HddsDatanode metrics system started (again)
2019-10-15 03:30:54,250 [org.apache.hadoop.util.JvmPauseMonitor$Monitor@638a8eb5] INFO  util.JvmPauseMonitor (JvmPauseMonitor.java:run(188)) - Starting JVM pause monitor
2019-10-15 03:30:54,251 [main] INFO  ozone.HddsDatanodeService (HddsDatanodeService.java:start(184)) - HddsDatanodeService host:pr-hdds-2278-dv8k5-3424803466 ip:192.168.157.236
2019-10-15 03:30:54,252 [Datanode State Machine Thread - 0] INFO  datanode.InitDatanodeState (InitDatanodeState.java:persistContainerDatanodeDetails(140)) - DatanodeDetails is persisted to /workdir/hadoop-ozone/integration-test/target/test-dir/MiniOzoneClusterImpl-5622c653-33f5-44d9-9ba1-ef695601b467/datanode-0/meta/datanode.id
2019-10-15 03:30:54,256 [main] INFO  volume.HddsVolume (HddsVolume.java:<init>(176)) - Creating Volume: /workdir/hadoop-ozone/integration-test/target/test-dir/MiniOzoneClusterImpl-5622c653-33f5-44d9-9ba1-ef695601b467/datanode-1/data/containers/hdds of  storage type : DISK and capacity : 1482555576320
2019-10-15 03:30:54,256 [main] INFO  volume.VolumeSet (VolumeSet.java:initializeVolumeSet(170)) - Added Volume : /workdir/hadoop-ozone/integration-test/target/test-dir/MiniOzoneClusterImpl-5622c653-33f5-44d9-9ba1-ef695601b467/datanode-1/data/containers/hdds to VolumeSet
2019-10-15 03:30:54,257 [main] INFO  volume.ThrottledAsyncChecker (ThrottledAsyncChecker.java:schedule(141)) - Scheduling a check for org.apache.hadoop.ozone.container.common.volume.HddsVolume@60591e1b
2019-10-15 03:30:54,257 [main] INFO  volume.HddsVolumeChecker (HddsVolumeChecker.java:checkAllVolumes(204)) - Scheduled health check for volume org.apache.hadoop.ozone.container.common.volume.HddsVolume@60591e1b
2019-10-15 03:30:54,274 [main] INFO  impl.RaftServerProxy (ConfUtils.java:logGet(43)) - raft.rpc.type = GRPC (default)
2019-10-15 03:30:54,274 [main] INFO  grpc.GrpcFactory (GrpcFactory.java:checkPooledByteBufAllocatorUseCacheForAllThreads(45)) - PERFORMANCE WARNING: useCacheForAllThreads is true that may cause Netty to create a lot garbage objects and, as a result, trigger GC.
	It is recommended to disable useCacheForAllThreads by setting -Dorg.apache.ratis.thirdparty.io.netty.allocator.useCacheForAllThreads=false in command line.
2019-10-15 03:30:54,274 [main] INFO  grpc.GrpcConfigKeys$Server (ConfUtils.java:logGet(43)) - raft.grpc.server.port = 0 (default)
2019-10-15 03:30:54,274 [main] INFO  server.GrpcService (ConfUtils.java:logGet(43)) - raft.grpc.message.size.max = 33570816 (custom)
2019-10-15 03:30:54,274 [main] INFO  server.RaftServerConfigKeys (ConfUtils.java:logGet(43)) - raft.server.log.appender.buffer.byte-limit = 33554432 (custom)
2019-10-15 03:30:54,274 [main] INFO  server.GrpcService (ConfUtils.java:logGet(43)) - raft.grpc.flow.control.window = 1MB (=1048576) (default)
2019-10-15 03:30:54,275 [main] INFO  server.RaftServerConfigKeys (ConfUtils.java:logGet(43)) - raft.server.rpc.request.timeout = 3000ms (default)
2019-10-15 03:30:54,275 [main] INFO  server.RaftServerConfigKeys (ConfUtils.java:logGet(43)) - raft.server.storage.dir = [/workdir/hadoop-ozone/integration-test/target/test-dir/MiniOzoneClusterImpl-5622c653-33f5-44d9-9ba1-ef695601b467/datanode-1/data/ratis] (custom)
2019-10-15 03:30:54,276 [main] INFO  hdfs.DFSUtil (DFSUtil.java:httpServerTemplateForNNAndJN(1641)) - Starting Web-server for hddsDatanode at: http://0.0.0.0:0
2019-10-15 03:30:54,277 [main] INFO  server.AuthenticationFilter (AuthenticationFilter.java:constructSecretProvider(240)) - Unable to initialize FileSignerSecretProvider, falling back to use random secrets.
2019-10-15 03:30:54,278 [main] WARN  http.HttpRequestLog (HttpRequestLog.java:getRequestLog(97)) - Jetty request log can only be enabled using Log4j
2019-10-15 03:30:54,279 [main] INFO  http.HttpServer2 (HttpServer2.java:addGlobalFilter(975)) - Added global filter 'safety' (class=org.apache.hadoop.http.HttpServer2$QuotingInputFilter)
2019-10-15 03:30:54,280 [main] INFO  http.HttpServer2 (HttpServer2.java:addFilter(948)) - Added filter static_user_filter (class=org.apache.hadoop.http.lib.StaticUserWebFilter$StaticUserFilter) to context hddsDatanode
2019-10-15 03:30:54,280 [main] INFO  http.HttpServer2 (HttpServer2.java:addFilter(958)) - Added filter static_user_filter (class=org.apache.hadoop.http.lib.StaticUserWebFilter$StaticUserFilter) to context logs
2019-10-15 03:30:54,280 [main] INFO  http.HttpServer2 (HttpServer2.java:addFilter(958)) - Added filter static_user_filter (class=org.apache.hadoop.http.lib.StaticUserWebFilter$StaticUserFilter) to context static
2019-10-15 03:30:54,281 [main] INFO  http.HttpServer2 (HttpServer2.java:bindListener(1191)) - Jetty bound to port 46489
2019-10-15 03:30:54,281 [main] INFO  server.Server (Server.java:doStart(351)) - jetty-9.3.25.v20180904, build timestamp: 2018-09-04T21:11:46Z, git hash: 3ce520221d0240229c862b122d2b06c12a625732
2019-10-15 03:30:54,282 [main] INFO  handler.ContextHandler (ContextHandler.java:doStart(781)) - Started o.e.j.s.ServletContextHandler@4a1a412e{/logs,file:///workdir/hadoop-ozone/integration-test/target/log,AVAILABLE}
2019-10-15 03:30:54,283 [main] INFO  handler.ContextHandler (ContextHandler.java:doStart(781)) - Started o.e.j.s.ServletContextHandler@5fd43e58{/static,jar:file:/home/user/.m2/repository/org/apache/hadoop/hadoop-hdds-container-service/0.5.0-SNAPSHOT/hadoop-hdds-container-service-0.5.0-SNAPSHOT.jar!/webapps/static,AVAILABLE}
2019-10-15 03:30:54,311 [main] INFO  handler.ContextHandler (ContextHandler.java:doStart(781)) - Started o.e.j.w.WebAppContext@33eb0d4{/,file:///tmp/jetty-0.0.0.0-46489-hddsDatanode-_-any-1405892559539975908.dir/webapp/,AVAILABLE}{/hddsDatanode}
2019-10-15 03:30:54,312 [main] INFO  server.AbstractConnector (AbstractConnector.java:doStart(278)) - Started ServerConnector@224d86d2{HTTP/1.1,[http/1.1]}{0.0.0.0:46489}
2019-10-15 03:30:54,314 [main] INFO  server.Server (Server.java:doStart(419)) - Started @598254ms
2019-10-15 03:30:54,314 [main] WARN  impl.MetricsSystemImpl (MetricsSystemImpl.java:register(276)) - Sink prometheus already exists!
2019-10-15 03:30:54,315 [main] INFO  server.BaseHttpServer (BaseHttpServer.java:updateConnectorAddress(215)) - HTTP server of HDDSDATANODE is listening at http://0.0.0.0:46489
2019-10-15 03:30:54,315 [main] INFO  impl.MetricsSystemImpl (MetricsSystemImpl.java:init(158)) - HddsDatanode metrics system started (again)
2019-10-15 03:30:54,320 [org.apache.hadoop.util.JvmPauseMonitor$Monitor@5585d8e4] INFO  util.JvmPauseMonitor (JvmPauseMonitor.java:run(188)) - Starting JVM pause monitor
2019-10-15 03:30:54,321 [main] INFO  ozone.HddsDatanodeService (HddsDatanodeService.java:start(184)) - HddsDatanodeService host:pr-hdds-2278-dv8k5-3424803466 ip:192.168.157.236
2019-10-15 03:30:54,322 [Datanode State Machine Thread - 0] INFO  datanode.InitDatanodeState (InitDatanodeState.java:persistContainerDatanodeDetails(140)) - DatanodeDetails is persisted to /workdir/hadoop-ozone/integration-test/target/test-dir/MiniOzoneClusterImpl-5622c653-33f5-44d9-9ba1-ef695601b467/datanode-1/meta/datanode.id
2019-10-15 03:30:54,327 [main] INFO  volume.HddsVolume (HddsVolume.java:<init>(176)) - Creating Volume: /workdir/hadoop-ozone/integration-test/target/test-dir/MiniOzoneClusterImpl-5622c653-33f5-44d9-9ba1-ef695601b467/datanode-2/data/containers/hdds of  storage type : DISK and capacity : 1482555576320
2019-10-15 03:30:54,327 [main] INFO  volume.VolumeSet (VolumeSet.java:initializeVolumeSet(170)) - Added Volume : /workdir/hadoop-ozone/integration-test/target/test-dir/MiniOzoneClusterImpl-5622c653-33f5-44d9-9ba1-ef695601b467/datanode-2/data/containers/hdds to VolumeSet
2019-10-15 03:30:54,328 [main] INFO  volume.ThrottledAsyncChecker (ThrottledAsyncChecker.java:schedule(141)) - Scheduling a check for org.apache.hadoop.ozone.container.common.volume.HddsVolume@7741ae1b
2019-10-15 03:30:54,328 [main] INFO  volume.HddsVolumeChecker (HddsVolumeChecker.java:checkAllVolumes(204)) - Scheduled health check for volume org.apache.hadoop.ozone.container.common.volume.HddsVolume@7741ae1b
2019-10-15 03:30:54,342 [main] INFO  impl.RaftServerProxy (ConfUtils.java:logGet(43)) - raft.rpc.type = GRPC (default)
2019-10-15 03:30:54,342 [main] INFO  grpc.GrpcFactory (GrpcFactory.java:checkPooledByteBufAllocatorUseCacheForAllThreads(45)) - PERFORMANCE WARNING: useCacheForAllThreads is true that may cause Netty to create a lot garbage objects and, as a result, trigger GC.
	It is recommended to disable useCacheForAllThreads by setting -Dorg.apache.ratis.thirdparty.io.netty.allocator.useCacheForAllThreads=false in command line.
2019-10-15 03:30:54,343 [main] INFO  grpc.GrpcConfigKeys$Server (ConfUtils.java:logGet(43)) - raft.grpc.server.port = 0 (default)
2019-10-15 03:30:54,343 [main] INFO  server.GrpcService (ConfUtils.java:logGet(43)) - raft.grpc.message.size.max = 33570816 (custom)
2019-10-15 03:30:54,343 [main] INFO  server.RaftServerConfigKeys (ConfUtils.java:logGet(43)) - raft.server.log.appender.buffer.byte-limit = 33554432 (custom)
2019-10-15 03:30:54,343 [main] INFO  server.GrpcService (ConfUtils.java:logGet(43)) - raft.grpc.flow.control.window = 1MB (=1048576) (default)
2019-10-15 03:30:54,343 [main] INFO  server.RaftServerConfigKeys (ConfUtils.java:logGet(43)) - raft.server.rpc.request.timeout = 3000ms (default)
2019-10-15 03:30:54,344 [main] INFO  server.RaftServerConfigKeys (ConfUtils.java:logGet(43)) - raft.server.storage.dir = [/workdir/hadoop-ozone/integration-test/target/test-dir/MiniOzoneClusterImpl-5622c653-33f5-44d9-9ba1-ef695601b467/datanode-2/data/ratis] (custom)
2019-10-15 03:30:54,345 [main] INFO  hdfs.DFSUtil (DFSUtil.java:httpServerTemplateForNNAndJN(1641)) - Starting Web-server for hddsDatanode at: http://0.0.0.0:0
2019-10-15 03:30:54,347 [main] INFO  server.AuthenticationFilter (AuthenticationFilter.java:constructSecretProvider(240)) - Unable to initialize FileSignerSecretProvider, falling back to use random secrets.
2019-10-15 03:30:54,348 [main] WARN  http.HttpRequestLog (HttpRequestLog.java:getRequestLog(97)) - Jetty request log can only be enabled using Log4j
2019-10-15 03:30:54,349 [main] INFO  http.HttpServer2 (HttpServer2.java:addGlobalFilter(975)) - Added global filter 'safety' (class=org.apache.hadoop.http.HttpServer2$QuotingInputFilter)
2019-10-15 03:30:54,349 [main] INFO  http.HttpServer2 (HttpServer2.java:addFilter(948)) - Added filter static_user_filter (class=org.apache.hadoop.http.lib.StaticUserWebFilter$StaticUserFilter) to context hddsDatanode
2019-10-15 03:30:54,350 [main] INFO  http.HttpServer2 (HttpServer2.java:addFilter(958)) - Added filter static_user_filter (class=org.apache.hadoop.http.lib.StaticUserWebFilter$StaticUserFilter) to context logs
2019-10-15 03:30:54,350 [main] INFO  http.HttpServer2 (HttpServer2.java:addFilter(958)) - Added filter static_user_filter (class=org.apache.hadoop.http.lib.StaticUserWebFilter$StaticUserFilter) to context static
2019-10-15 03:30:54,350 [main] INFO  http.HttpServer2 (HttpServer2.java:bindListener(1191)) - Jetty bound to port 45829
2019-10-15 03:30:54,351 [main] INFO  server.Server (Server.java:doStart(351)) - jetty-9.3.25.v20180904, build timestamp: 2018-09-04T21:11:46Z, git hash: 3ce520221d0240229c862b122d2b06c12a625732
2019-10-15 03:30:54,352 [main] INFO  handler.ContextHandler (ContextHandler.java:doStart(781)) - Started o.e.j.s.ServletContextHandler@565d7d2f{/logs,file:///workdir/hadoop-ozone/integration-test/target/log,AVAILABLE}
2019-10-15 03:30:54,353 [main] INFO  handler.ContextHandler (ContextHandler.java:doStart(781)) - Started o.e.j.s.ServletContextHandler@1c6a0103{/static,jar:file:/home/user/.m2/repository/org/apache/hadoop/hadoop-hdds-container-service/0.5.0-SNAPSHOT/hadoop-hdds-container-service-0.5.0-SNAPSHOT.jar!/webapps/static,AVAILABLE}
2019-10-15 03:30:54,381 [main] INFO  handler.ContextHandler (ContextHandler.java:doStart(781)) - Started o.e.j.w.WebAppContext@2c9fdb64{/,file:///tmp/jetty-0.0.0.0-45829-hddsDatanode-_-any-5364309270630073686.dir/webapp/,AVAILABLE}{/hddsDatanode}
2019-10-15 03:30:54,382 [main] INFO  server.AbstractConnector (AbstractConnector.java:doStart(278)) - Started ServerConnector@27e199ce{HTTP/1.1,[http/1.1]}{0.0.0.0:45829}
2019-10-15 03:30:54,383 [main] INFO  server.Server (Server.java:doStart(419)) - Started @598323ms
2019-10-15 03:30:54,383 [main] WARN  impl.MetricsSystemImpl (MetricsSystemImpl.java:register(276)) - Sink prometheus already exists!
2019-10-15 03:30:54,384 [main] INFO  server.BaseHttpServer (BaseHttpServer.java:updateConnectorAddress(215)) - HTTP server of HDDSDATANODE is listening at http://0.0.0.0:45829
2019-10-15 03:30:54,384 [main] INFO  impl.MetricsSystemImpl (MetricsSystemImpl.java:init(158)) - HddsDatanode metrics system started (again)
2019-10-15 03:30:54,389 [org.apache.hadoop.util.JvmPauseMonitor$Monitor@35fc13f9] INFO  util.JvmPauseMonitor (JvmPauseMonitor.java:run(188)) - Starting JVM pause monitor
2019-10-15 03:30:54,389 [main] INFO  ozone.HddsDatanodeService (HddsDatanodeService.java:start(184)) - HddsDatanodeService host:pr-hdds-2278-dv8k5-3424803466 ip:192.168.157.236
2019-10-15 03:30:54,390 [Datanode State Machine Thread - 0] INFO  datanode.InitDatanodeState (InitDatanodeState.java:persistContainerDatanodeDetails(140)) - DatanodeDetails is persisted to /workdir/hadoop-ozone/integration-test/target/test-dir/MiniOzoneClusterImpl-5622c653-33f5-44d9-9ba1-ef695601b467/datanode-2/meta/datanode.id
2019-10-15 03:30:54,396 [main] INFO  volume.HddsVolume (HddsVolume.java:<init>(176)) - Creating Volume: /workdir/hadoop-ozone/integration-test/target/test-dir/MiniOzoneClusterImpl-5622c653-33f5-44d9-9ba1-ef695601b467/datanode-3/data/containers/hdds of  storage type : DISK and capacity : 1482555576320
2019-10-15 03:30:54,396 [main] INFO  volume.VolumeSet (VolumeSet.java:initializeVolumeSet(170)) - Added Volume : /workdir/hadoop-ozone/integration-test/target/test-dir/MiniOzoneClusterImpl-5622c653-33f5-44d9-9ba1-ef695601b467/datanode-3/data/containers/hdds to VolumeSet
2019-10-15 03:30:54,396 [main] INFO  volume.ThrottledAsyncChecker (ThrottledAsyncChecker.java:schedule(141)) - Scheduling a check for org.apache.hadoop.ozone.container.common.volume.HddsVolume@79ca7bea
2019-10-15 03:30:54,396 [main] INFO  volume.HddsVolumeChecker (HddsVolumeChecker.java:checkAllVolumes(204)) - Scheduled health check for volume org.apache.hadoop.ozone.container.common.volume.HddsVolume@79ca7bea
2019-10-15 03:30:54,409 [main] INFO  impl.RaftServerProxy (ConfUtils.java:logGet(43)) - raft.rpc.type = GRPC (default)
2019-10-15 03:30:54,410 [main] INFO  grpc.GrpcFactory (GrpcFactory.java:checkPooledByteBufAllocatorUseCacheForAllThreads(45)) - PERFORMANCE WARNING: useCacheForAllThreads is true that may cause Netty to create a lot garbage objects and, as a result, trigger GC.
	It is recommended to disable useCacheForAllThreads by setting -Dorg.apache.ratis.thirdparty.io.netty.allocator.useCacheForAllThreads=false in command line.
2019-10-15 03:30:54,410 [main] INFO  grpc.GrpcConfigKeys$Server (ConfUtils.java:logGet(43)) - raft.grpc.server.port = 0 (default)
2019-10-15 03:30:54,410 [main] INFO  server.GrpcService (ConfUtils.java:logGet(43)) - raft.grpc.message.size.max = 33570816 (custom)
2019-10-15 03:30:54,410 [main] INFO  server.RaftServerConfigKeys (ConfUtils.java:logGet(43)) - raft.server.log.appender.buffer.byte-limit = 33554432 (custom)
2019-10-15 03:30:54,410 [main] INFO  server.GrpcService (ConfUtils.java:logGet(43)) - raft.grpc.flow.control.window = 1MB (=1048576) (default)
2019-10-15 03:30:54,411 [main] INFO  server.RaftServerConfigKeys (ConfUtils.java:logGet(43)) - raft.server.rpc.request.timeout = 3000ms (default)
2019-10-15 03:30:54,411 [main] INFO  server.RaftServerConfigKeys (ConfUtils.java:logGet(43)) - raft.server.storage.dir = [/workdir/hadoop-ozone/integration-test/target/test-dir/MiniOzoneClusterImpl-5622c653-33f5-44d9-9ba1-ef695601b467/datanode-3/data/ratis] (custom)
2019-10-15 03:30:54,412 [main] INFO  hdfs.DFSUtil (DFSUtil.java:httpServerTemplateForNNAndJN(1641)) - Starting Web-server for hddsDatanode at: http://0.0.0.0:0
2019-10-15 03:30:54,413 [main] INFO  server.AuthenticationFilter (AuthenticationFilter.java:constructSecretProvider(240)) - Unable to initialize FileSignerSecretProvider, falling back to use random secrets.
2019-10-15 03:30:54,414 [main] WARN  http.HttpRequestLog (HttpRequestLog.java:getRequestLog(97)) - Jetty request log can only be enabled using Log4j
2019-10-15 03:30:54,415 [main] INFO  http.HttpServer2 (HttpServer2.java:addGlobalFilter(975)) - Added global filter 'safety' (class=org.apache.hadoop.http.HttpServer2$QuotingInputFilter)
2019-10-15 03:30:54,415 [main] INFO  http.HttpServer2 (HttpServer2.java:addFilter(948)) - Added filter static_user_filter (class=org.apache.hadoop.http.lib.StaticUserWebFilter$StaticUserFilter) to context hddsDatanode
2019-10-15 03:30:54,416 [main] INFO  http.HttpServer2 (HttpServer2.java:addFilter(958)) - Added filter static_user_filter (class=org.apache.hadoop.http.lib.StaticUserWebFilter$StaticUserFilter) to context static
2019-10-15 03:30:54,416 [main] INFO  http.HttpServer2 (HttpServer2.java:addFilter(958)) - Added filter static_user_filter (class=org.apache.hadoop.http.lib.StaticUserWebFilter$StaticUserFilter) to context logs
2019-10-15 03:30:54,416 [main] INFO  http.HttpServer2 (HttpServer2.java:bindListener(1191)) - Jetty bound to port 42488
2019-10-15 03:30:54,416 [main] INFO  server.Server (Server.java:doStart(351)) - jetty-9.3.25.v20180904, build timestamp: 2018-09-04T21:11:46Z, git hash: 3ce520221d0240229c862b122d2b06c12a625732
2019-10-15 03:30:54,418 [main] INFO  handler.ContextHandler (ContextHandler.java:doStart(781)) - Started o.e.j.s.ServletContextHandler@36d582cb{/logs,file:///workdir/hadoop-ozone/integration-test/target/log,AVAILABLE}
2019-10-15 03:30:54,418 [main] INFO  handler.ContextHandler (ContextHandler.java:doStart(781)) - Started o.e.j.s.ServletContextHandler@24d8f87a{/static,jar:file:/home/user/.m2/repository/org/apache/hadoop/hadoop-hdds-container-service/0.5.0-SNAPSHOT/hadoop-hdds-container-service-0.5.0-SNAPSHOT.jar!/webapps/static,AVAILABLE}
2019-10-15 03:30:54,446 [main] INFO  handler.ContextHandler (ContextHandler.java:doStart(781)) - Started o.e.j.w.WebAppContext@4b4969ea{/,file:///tmp/jetty-0.0.0.0-42488-hddsDatanode-_-any-5977319229593436192.dir/webapp/,AVAILABLE}{/hddsDatanode}
2019-10-15 03:30:54,446 [main] INFO  server.AbstractConnector (AbstractConnector.java:doStart(278)) - Started ServerConnector@11c581a0{HTTP/1.1,[http/1.1]}{0.0.0.0:42488}
2019-10-15 03:30:54,448 [main] INFO  server.Server (Server.java:doStart(419)) - Started @598388ms
2019-10-15 03:30:54,448 [main] WARN  impl.MetricsSystemImpl (MetricsSystemImpl.java:register(276)) - Sink prometheus already exists!
2019-10-15 03:30:54,449 [main] INFO  server.BaseHttpServer (BaseHttpServer.java:updateConnectorAddress(215)) - HTTP server of HDDSDATANODE is listening at http://0.0.0.0:42488
2019-10-15 03:30:54,449 [main] INFO  impl.MetricsSystemImpl (MetricsSystemImpl.java:init(158)) - HddsDatanode metrics system started (again)
2019-10-15 03:30:54,454 [org.apache.hadoop.util.JvmPauseMonitor$Monitor@3e299931] INFO  util.JvmPauseMonitor (JvmPauseMonitor.java:run(188)) - Starting JVM pause monitor
2019-10-15 03:30:54,454 [main] INFO  ozone.HddsDatanodeService (HddsDatanodeService.java:start(184)) - HddsDatanodeService host:pr-hdds-2278-dv8k5-3424803466 ip:192.168.157.236
2019-10-15 03:30:54,455 [Datanode State Machine Thread - 0] INFO  datanode.InitDatanodeState (InitDatanodeState.java:persistContainerDatanodeDetails(140)) - DatanodeDetails is persisted to /workdir/hadoop-ozone/integration-test/target/test-dir/MiniOzoneClusterImpl-5622c653-33f5-44d9-9ba1-ef695601b467/datanode-3/meta/datanode.id
2019-10-15 03:30:54,460 [main] INFO  volume.HddsVolume (HddsVolume.java:<init>(176)) - Creating Volume: /workdir/hadoop-ozone/integration-test/target/test-dir/MiniOzoneClusterImpl-5622c653-33f5-44d9-9ba1-ef695601b467/datanode-4/data/containers/hdds of  storage type : DISK and capacity : 1482555576320
2019-10-15 03:30:54,460 [main] INFO  volume.VolumeSet (VolumeSet.java:initializeVolumeSet(170)) - Added Volume : /workdir/hadoop-ozone/integration-test/target/test-dir/MiniOzoneClusterImpl-5622c653-33f5-44d9-9ba1-ef695601b467/datanode-4/data/containers/hdds to VolumeSet
2019-10-15 03:30:54,460 [main] INFO  volume.ThrottledAsyncChecker (ThrottledAsyncChecker.java:schedule(141)) - Scheduling a check for org.apache.hadoop.ozone.container.common.volume.HddsVolume@482f7af0
2019-10-15 03:30:54,461 [main] INFO  volume.HddsVolumeChecker (HddsVolumeChecker.java:checkAllVolumes(204)) - Scheduled health check for volume org.apache.hadoop.ozone.container.common.volume.HddsVolume@482f7af0
2019-10-15 03:30:54,475 [main] INFO  impl.RaftServerProxy (ConfUtils.java:logGet(43)) - raft.rpc.type = GRPC (default)
2019-10-15 03:30:54,476 [main] INFO  grpc.GrpcFactory (GrpcFactory.java:checkPooledByteBufAllocatorUseCacheForAllThreads(45)) - PERFORMANCE WARNING: useCacheForAllThreads is true that may cause Netty to create a lot garbage objects and, as a result, trigger GC.
	It is recommended to disable useCacheForAllThreads by setting -Dorg.apache.ratis.thirdparty.io.netty.allocator.useCacheForAllThreads=false in command line.
2019-10-15 03:30:54,476 [main] INFO  grpc.GrpcConfigKeys$Server (ConfUtils.java:logGet(43)) - raft.grpc.server.port = 0 (default)
2019-10-15 03:30:54,476 [main] INFO  server.GrpcService (ConfUtils.java:logGet(43)) - raft.grpc.message.size.max = 33570816 (custom)
2019-10-15 03:30:54,476 [main] INFO  server.RaftServerConfigKeys (ConfUtils.java:logGet(43)) - raft.server.log.appender.buffer.byte-limit = 33554432 (custom)
2019-10-15 03:30:54,476 [main] INFO  server.GrpcService (ConfUtils.java:logGet(43)) - raft.grpc.flow.control.window = 1MB (=1048576) (default)
2019-10-15 03:30:54,477 [main] INFO  server.RaftServerConfigKeys (ConfUtils.java:logGet(43)) - raft.server.rpc.request.timeout = 3000ms (default)
2019-10-15 03:30:54,477 [main] INFO  server.RaftServerConfigKeys (ConfUtils.java:logGet(43)) - raft.server.storage.dir = [/workdir/hadoop-ozone/integration-test/target/test-dir/MiniOzoneClusterImpl-5622c653-33f5-44d9-9ba1-ef695601b467/datanode-4/data/ratis] (custom)
2019-10-15 03:30:54,478 [main] INFO  hdfs.DFSUtil (DFSUtil.java:httpServerTemplateForNNAndJN(1641)) - Starting Web-server for hddsDatanode at: http://0.0.0.0:0
2019-10-15 03:30:54,480 [main] INFO  server.AuthenticationFilter (AuthenticationFilter.java:constructSecretProvider(240)) - Unable to initialize FileSignerSecretProvider, falling back to use random secrets.
2019-10-15 03:30:54,480 [main] WARN  http.HttpRequestLog (HttpRequestLog.java:getRequestLog(97)) - Jetty request log can only be enabled using Log4j
2019-10-15 03:30:54,481 [main] INFO  http.HttpServer2 (HttpServer2.java:addGlobalFilter(975)) - Added global filter 'safety' (class=org.apache.hadoop.http.HttpServer2$QuotingInputFilter)
2019-10-15 03:30:54,482 [main] INFO  http.HttpServer2 (HttpServer2.java:addFilter(948)) - Added filter static_user_filter (class=org.apache.hadoop.http.lib.StaticUserWebFilter$StaticUserFilter) to context hddsDatanode
2019-10-15 03:30:54,482 [main] INFO  http.HttpServer2 (HttpServer2.java:addFilter(958)) - Added filter static_user_filter (class=org.apache.hadoop.http.lib.StaticUserWebFilter$StaticUserFilter) to context logs
2019-10-15 03:30:54,482 [main] INFO  http.HttpServer2 (HttpServer2.java:addFilter(958)) - Added filter static_user_filter (class=org.apache.hadoop.http.lib.StaticUserWebFilter$StaticUserFilter) to context static
2019-10-15 03:30:54,483 [main] INFO  http.HttpServer2 (HttpServer2.java:bindListener(1191)) - Jetty bound to port 35555
2019-10-15 03:30:54,483 [main] INFO  server.Server (Server.java:doStart(351)) - jetty-9.3.25.v20180904, build timestamp: 2018-09-04T21:11:46Z, git hash: 3ce520221d0240229c862b122d2b06c12a625732
2019-10-15 03:30:54,484 [main] INFO  handler.ContextHandler (ContextHandler.java:doStart(781)) - Started o.e.j.s.ServletContextHandler@6af87130{/logs,file:///workdir/hadoop-ozone/integration-test/target/log,AVAILABLE}
2019-10-15 03:30:54,485 [main] INFO  handler.ContextHandler (ContextHandler.java:doStart(781)) - Started o.e.j.s.ServletContextHandler@72c4a3aa{/static,jar:file:/home/user/.m2/repository/org/apache/hadoop/hadoop-hdds-container-service/0.5.0-SNAPSHOT/hadoop-hdds-container-service-0.5.0-SNAPSHOT.jar!/webapps/static,AVAILABLE}
2019-10-15 03:30:54,516 [main] INFO  handler.ContextHandler (ContextHandler.java:doStart(781)) - Started o.e.j.w.WebAppContext@374ccb9{/,file:///tmp/jetty-0.0.0.0-35555-hddsDatanode-_-any-5470016717460766212.dir/webapp/,AVAILABLE}{/hddsDatanode}
2019-10-15 03:30:54,516 [main] INFO  server.AbstractConnector (AbstractConnector.java:doStart(278)) - Started ServerConnector@66713605{HTTP/1.1,[http/1.1]}{0.0.0.0:35555}
2019-10-15 03:30:54,517 [main] INFO  server.Server (Server.java:doStart(419)) - Started @598457ms
2019-10-15 03:30:54,517 [main] WARN  impl.MetricsSystemImpl (MetricsSystemImpl.java:register(276)) - Sink prometheus already exists!
2019-10-15 03:30:54,518 [main] INFO  server.BaseHttpServer (BaseHttpServer.java:updateConnectorAddress(215)) - HTTP server of HDDSDATANODE is listening at http://0.0.0.0:35555
2019-10-15 03:30:54,518 [main] INFO  impl.MetricsSystemImpl (MetricsSystemImpl.java:init(158)) - HddsDatanode metrics system started (again)
2019-10-15 03:30:54,523 [org.apache.hadoop.util.JvmPauseMonitor$Monitor@562deeef] INFO  util.JvmPauseMonitor (JvmPauseMonitor.java:run(188)) - Starting JVM pause monitor
2019-10-15 03:30:54,524 [main] INFO  ozone.HddsDatanodeService (HddsDatanodeService.java:start(184)) - HddsDatanodeService host:pr-hdds-2278-dv8k5-3424803466 ip:192.168.157.236
2019-10-15 03:30:54,524 [Datanode State Machine Thread - 0] INFO  datanode.InitDatanodeState (InitDatanodeState.java:persistContainerDatanodeDetails(140)) - DatanodeDetails is persisted to /workdir/hadoop-ozone/integration-test/target/test-dir/MiniOzoneClusterImpl-5622c653-33f5-44d9-9ba1-ef695601b467/datanode-4/meta/datanode.id
2019-10-15 03:30:54,529 [main] INFO  volume.HddsVolume (HddsVolume.java:<init>(176)) - Creating Volume: /workdir/hadoop-ozone/integration-test/target/test-dir/MiniOzoneClusterImpl-5622c653-33f5-44d9-9ba1-ef695601b467/datanode-5/data/containers/hdds of  storage type : DISK and capacity : 1482555576320
2019-10-15 03:30:54,529 [main] INFO  volume.VolumeSet (VolumeSet.java:initializeVolumeSet(170)) - Added Volume : /workdir/hadoop-ozone/integration-test/target/test-dir/MiniOzoneClusterImpl-5622c653-33f5-44d9-9ba1-ef695601b467/datanode-5/data/containers/hdds to VolumeSet
2019-10-15 03:30:54,530 [main] INFO  volume.ThrottledAsyncChecker (ThrottledAsyncChecker.java:schedule(141)) - Scheduling a check for org.apache.hadoop.ozone.container.common.volume.HddsVolume@39449465
2019-10-15 03:30:54,530 [main] INFO  volume.HddsVolumeChecker (HddsVolumeChecker.java:checkAllVolumes(204)) - Scheduled health check for volume org.apache.hadoop.ozone.container.common.volume.HddsVolume@39449465
2019-10-15 03:30:54,542 [main] INFO  impl.RaftServerProxy (ConfUtils.java:logGet(43)) - raft.rpc.type = GRPC (default)
2019-10-15 03:30:54,542 [main] INFO  grpc.GrpcFactory (GrpcFactory.java:checkPooledByteBufAllocatorUseCacheForAllThreads(45)) - PERFORMANCE WARNING: useCacheForAllThreads is true that may cause Netty to create a lot garbage objects and, as a result, trigger GC.
	It is recommended to disable useCacheForAllThreads by setting -Dorg.apache.ratis.thirdparty.io.netty.allocator.useCacheForAllThreads=false in command line.
2019-10-15 03:30:54,542 [main] INFO  grpc.GrpcConfigKeys$Server (ConfUtils.java:logGet(43)) - raft.grpc.server.port = 0 (default)
2019-10-15 03:30:54,542 [main] INFO  server.GrpcService (ConfUtils.java:logGet(43)) - raft.grpc.message.size.max = 33570816 (custom)
2019-10-15 03:30:54,542 [main] INFO  server.RaftServerConfigKeys (ConfUtils.java:logGet(43)) - raft.server.log.appender.buffer.byte-limit = 33554432 (custom)
2019-10-15 03:30:54,542 [main] INFO  server.GrpcService (ConfUtils.java:logGet(43)) - raft.grpc.flow.control.window = 1MB (=1048576) (default)
2019-10-15 03:30:54,543 [main] INFO  server.RaftServerConfigKeys (ConfUtils.java:logGet(43)) - raft.server.rpc.request.timeout = 3000ms (default)
2019-10-15 03:30:54,543 [main] INFO  server.RaftServerConfigKeys (ConfUtils.java:logGet(43)) - raft.server.storage.dir = [/workdir/hadoop-ozone/integration-test/target/test-dir/MiniOzoneClusterImpl-5622c653-33f5-44d9-9ba1-ef695601b467/datanode-5/data/ratis] (custom)
2019-10-15 03:30:54,544 [main] INFO  hdfs.DFSUtil (DFSUtil.java:httpServerTemplateForNNAndJN(1641)) - Starting Web-server for hddsDatanode at: http://0.0.0.0:0
2019-10-15 03:30:54,545 [main] INFO  server.AuthenticationFilter (AuthenticationFilter.java:constructSecretProvider(240)) - Unable to initialize FileSignerSecretProvider, falling back to use random secrets.
2019-10-15 03:30:54,545 [main] WARN  http.HttpRequestLog (HttpRequestLog.java:getRequestLog(97)) - Jetty request log can only be enabled using Log4j
2019-10-15 03:30:54,546 [main] INFO  http.HttpServer2 (HttpServer2.java:addGlobalFilter(975)) - Added global filter 'safety' (class=org.apache.hadoop.http.HttpServer2$QuotingInputFilter)
2019-10-15 03:30:54,547 [main] INFO  http.HttpServer2 (HttpServer2.java:addFilter(948)) - Added filter static_user_filter (class=org.apache.hadoop.http.lib.StaticUserWebFilter$StaticUserFilter) to context hddsDatanode
2019-10-15 03:30:54,547 [main] INFO  http.HttpServer2 (HttpServer2.java:addFilter(958)) - Added filter static_user_filter (class=org.apache.hadoop.http.lib.StaticUserWebFilter$StaticUserFilter) to context static
2019-10-15 03:30:54,547 [main] INFO  http.HttpServer2 (HttpServer2.java:addFilter(958)) - Added filter static_user_filter (class=org.apache.hadoop.http.lib.StaticUserWebFilter$StaticUserFilter) to context logs
2019-10-15 03:30:54,547 [main] INFO  http.HttpServer2 (HttpServer2.java:bindListener(1191)) - Jetty bound to port 41451
2019-10-15 03:30:54,548 [main] INFO  server.Server (Server.java:doStart(351)) - jetty-9.3.25.v20180904, build timestamp: 2018-09-04T21:11:46Z, git hash: 3ce520221d0240229c862b122d2b06c12a625732
2019-10-15 03:30:54,549 [main] INFO  handler.ContextHandler (ContextHandler.java:doStart(781)) - Started o.e.j.s.ServletContextHandler@4eb9ae4d{/logs,file:///workdir/hadoop-ozone/integration-test/target/log,AVAILABLE}
2019-10-15 03:30:54,549 [main] INFO  handler.ContextHandler (ContextHandler.java:doStart(781)) - Started o.e.j.s.ServletContextHandler@2d237460{/static,jar:file:/home/user/.m2/repository/org/apache/hadoop/hadoop-hdds-container-service/0.5.0-SNAPSHOT/hadoop-hdds-container-service-0.5.0-SNAPSHOT.jar!/webapps/static,AVAILABLE}
2019-10-15 03:30:54,574 [main] INFO  handler.ContextHandler (ContextHandler.java:doStart(781)) - Started o.e.j.w.WebAppContext@71c0b742{/,file:///tmp/jetty-0.0.0.0-41451-hddsDatanode-_-any-6519538329423530862.dir/webapp/,AVAILABLE}{/hddsDatanode}
2019-10-15 03:30:54,575 [main] INFO  server.AbstractConnector (AbstractConnector.java:doStart(278)) - Started ServerConnector@3bbb8c16{HTTP/1.1,[http/1.1]}{0.0.0.0:41451}
2019-10-15 03:30:54,577 [main] INFO  server.Server (Server.java:doStart(419)) - Started @598515ms
2019-10-15 03:30:54,577 [main] WARN  impl.MetricsSystemImpl (MetricsSystemImpl.java:register(276)) - Sink prometheus already exists!
2019-10-15 03:30:54,578 [main] INFO  server.BaseHttpServer (BaseHttpServer.java:updateConnectorAddress(215)) - HTTP server of HDDSDATANODE is listening at http://0.0.0.0:41451
2019-10-15 03:30:54,578 [main] INFO  impl.MetricsSystemImpl (MetricsSystemImpl.java:init(158)) - HddsDatanode metrics system started (again)
2019-10-15 03:30:54,583 [org.apache.hadoop.util.JvmPauseMonitor$Monitor@12b829dc] INFO  util.JvmPauseMonitor (JvmPauseMonitor.java:run(188)) - Starting JVM pause monitor
2019-10-15 03:30:54,585 [main] INFO  ozone.HddsDatanodeService (HddsDatanodeService.java:start(184)) - HddsDatanodeService host:pr-hdds-2278-dv8k5-3424803466 ip:192.168.157.236
2019-10-15 03:30:54,585 [Datanode State Machine Thread - 0] INFO  datanode.InitDatanodeState (InitDatanodeState.java:persistContainerDatanodeDetails(140)) - DatanodeDetails is persisted to /workdir/hadoop-ozone/integration-test/target/test-dir/MiniOzoneClusterImpl-5622c653-33f5-44d9-9ba1-ef695601b467/datanode-5/meta/datanode.id
2019-10-15 03:30:54,590 [main] INFO  volume.HddsVolume (HddsVolume.java:<init>(176)) - Creating Volume: /workdir/hadoop-ozone/integration-test/target/test-dir/MiniOzoneClusterImpl-5622c653-33f5-44d9-9ba1-ef695601b467/datanode-6/data/containers/hdds of  storage type : DISK and capacity : 1482555576320
2019-10-15 03:30:54,590 [main] INFO  volume.VolumeSet (VolumeSet.java:initializeVolumeSet(170)) - Added Volume : /workdir/hadoop-ozone/integration-test/target/test-dir/MiniOzoneClusterImpl-5622c653-33f5-44d9-9ba1-ef695601b467/datanode-6/data/containers/hdds to VolumeSet
2019-10-15 03:30:54,590 [main] INFO  volume.ThrottledAsyncChecker (ThrottledAsyncChecker.java:schedule(141)) - Scheduling a check for org.apache.hadoop.ozone.container.common.volume.HddsVolume@5b066c33
2019-10-15 03:30:54,591 [main] INFO  volume.HddsVolumeChecker (HddsVolumeChecker.java:checkAllVolumes(204)) - Scheduled health check for volume org.apache.hadoop.ozone.container.common.volume.HddsVolume@5b066c33
2019-10-15 03:30:54,603 [main] INFO  impl.RaftServerProxy (ConfUtils.java:logGet(43)) - raft.rpc.type = GRPC (default)
2019-10-15 03:30:54,603 [main] INFO  grpc.GrpcFactory (GrpcFactory.java:checkPooledByteBufAllocatorUseCacheForAllThreads(45)) - PERFORMANCE WARNING: useCacheForAllThreads is true that may cause Netty to create a lot garbage objects and, as a result, trigger GC.
	It is recommended to disable useCacheForAllThreads by setting -Dorg.apache.ratis.thirdparty.io.netty.allocator.useCacheForAllThreads=false in command line.
2019-10-15 03:30:54,603 [main] INFO  grpc.GrpcConfigKeys$Server (ConfUtils.java:logGet(43)) - raft.grpc.server.port = 0 (default)
2019-10-15 03:30:54,603 [main] INFO  server.GrpcService (ConfUtils.java:logGet(43)) - raft.grpc.message.size.max = 33570816 (custom)
2019-10-15 03:30:54,603 [main] INFO  server.RaftServerConfigKeys (ConfUtils.java:logGet(43)) - raft.server.log.appender.buffer.byte-limit = 33554432 (custom)
2019-10-15 03:30:54,604 [main] INFO  server.GrpcService (ConfUtils.java:logGet(43)) - raft.grpc.flow.control.window = 1MB (=1048576) (default)
2019-10-15 03:30:54,604 [main] INFO  server.RaftServerConfigKeys (ConfUtils.java:logGet(43)) - raft.server.rpc.request.timeout = 3000ms (default)
2019-10-15 03:30:54,604 [main] INFO  server.RaftServerConfigKeys (ConfUtils.java:logGet(43)) - raft.server.storage.dir = [/workdir/hadoop-ozone/integration-test/target/test-dir/MiniOzoneClusterImpl-5622c653-33f5-44d9-9ba1-ef695601b467/datanode-6/data/ratis] (custom)
2019-10-15 03:30:54,606 [main] INFO  hdfs.DFSUtil (DFSUtil.java:httpServerTemplateForNNAndJN(1641)) - Starting Web-server for hddsDatanode at: http://0.0.0.0:0
2019-10-15 03:30:54,607 [main] INFO  server.AuthenticationFilter (AuthenticationFilter.java:constructSecretProvider(240)) - Unable to initialize FileSignerSecretProvider, falling back to use random secrets.
2019-10-15 03:30:54,607 [main] WARN  http.HttpRequestLog (HttpRequestLog.java:getRequestLog(97)) - Jetty request log can only be enabled using Log4j
2019-10-15 03:30:54,609 [main] INFO  http.HttpServer2 (HttpServer2.java:addGlobalFilter(975)) - Added global filter 'safety' (class=org.apache.hadoop.http.HttpServer2$QuotingInputFilter)
2019-10-15 03:30:54,609 [main] INFO  http.HttpServer2 (HttpServer2.java:addFilter(948)) - Added filter static_user_filter (class=org.apache.hadoop.http.lib.StaticUserWebFilter$StaticUserFilter) to context hddsDatanode
2019-10-15 03:30:54,609 [main] INFO  http.HttpServer2 (HttpServer2.java:addFilter(958)) - Added filter static_user_filter (class=org.apache.hadoop.http.lib.StaticUserWebFilter$StaticUserFilter) to context logs
2019-10-15 03:30:54,609 [main] INFO  http.HttpServer2 (HttpServer2.java:addFilter(958)) - Added filter static_user_filter (class=org.apache.hadoop.http.lib.StaticUserWebFilter$StaticUserFilter) to context static
2019-10-15 03:30:54,610 [main] INFO  http.HttpServer2 (HttpServer2.java:bindListener(1191)) - Jetty bound to port 37106
2019-10-15 03:30:54,610 [main] INFO  server.Server (Server.java:doStart(351)) - jetty-9.3.25.v20180904, build timestamp: 2018-09-04T21:11:46Z, git hash: 3ce520221d0240229c862b122d2b06c12a625732
2019-10-15 03:30:54,611 [main] INFO  handler.ContextHandler (ContextHandler.java:doStart(781)) - Started o.e.j.s.ServletContextHandler@6a8a551e{/logs,file:///workdir/hadoop-ozone/integration-test/target/log,AVAILABLE}
2019-10-15 03:30:54,612 [main] INFO  handler.ContextHandler (ContextHandler.java:doStart(781)) - Started o.e.j.s.ServletContextHandler@53982523{/static,jar:file:/home/user/.m2/repository/org/apache/hadoop/hadoop-hdds-container-service/0.5.0-SNAPSHOT/hadoop-hdds-container-service-0.5.0-SNAPSHOT.jar!/webapps/static,AVAILABLE}
2019-10-15 03:30:54,639 [main] INFO  handler.ContextHandler (ContextHandler.java:doStart(781)) - Started o.e.j.w.WebAppContext@5bec3e0{/,file:///tmp/jetty-0.0.0.0-37106-hddsDatanode-_-any-4273170431327657428.dir/webapp/,AVAILABLE}{/hddsDatanode}
2019-10-15 03:30:54,640 [main] INFO  server.AbstractConnector (AbstractConnector.java:doStart(278)) - Started ServerConnector@3b57dba4{HTTP/1.1,[http/1.1]}{0.0.0.0:37106}
2019-10-15 03:30:54,644 [main] INFO  server.Server (Server.java:doStart(419)) - Started @598584ms
2019-10-15 03:30:54,644 [main] WARN  impl.MetricsSystemImpl (MetricsSystemImpl.java:register(276)) - Sink prometheus already exists!
2019-10-15 03:30:54,645 [main] INFO  server.BaseHttpServer (BaseHttpServer.java:updateConnectorAddress(215)) - HTTP server of HDDSDATANODE is listening at http://0.0.0.0:37106
2019-10-15 03:30:54,645 [main] INFO  ozone.MiniOzoneClusterImpl (MiniOzoneClusterImpl.java:lambda$waitForClusterToBeReady$0(147)) - Waiting for cluster to be ready. Got 0 of 7 DN Heartbeats.
2019-10-15 03:30:54,647 [org.apache.hadoop.util.JvmPauseMonitor$Monitor@36b11229] INFO  util.JvmPauseMonitor (JvmPauseMonitor.java:run(188)) - Starting JVM pause monitor
2019-10-15 03:30:54,648 [Datanode State Machine Thread - 0] INFO  datanode.InitDatanodeState (InitDatanodeState.java:persistContainerDatanodeDetails(140)) - DatanodeDetails is persisted to /workdir/hadoop-ozone/integration-test/target/test-dir/MiniOzoneClusterImpl-5622c653-33f5-44d9-9ba1-ef695601b467/datanode-6/meta/datanode.id
2019-10-15 03:30:55,646 [main] INFO  ozone.MiniOzoneClusterImpl (MiniOzoneClusterImpl.java:lambda$waitForClusterToBeReady$0(147)) - Waiting for cluster to be ready. Got 0 of 7 DN Heartbeats.
2019-10-15 03:30:56,285 [Datanode State Machine Thread - 0] INFO  ozoneimpl.OzoneContainer (OzoneContainer.java:start(213)) - Attempting to start container services.
2019-10-15 03:30:56,285 [Datanode State Machine Thread - 0] INFO  ozoneimpl.OzoneContainer (OzoneContainer.java:startContainerScrub(177)) - Background container scanner has been disabled.
2019-10-15 03:30:56,285 [Datanode State Machine Thread - 0] INFO  ratis.XceiverServerRatis (XceiverServerRatis.java:start(418)) - Starting XceiverServerRatis ad766340-60fb-4b57-8988-b95b42609151 at port 0
2019-10-15 03:30:56,293 [Datanode State Machine Thread - 0] INFO  impl.RaftServerProxy (RaftServerProxy.java:lambda$start$3(299)) - ad766340-60fb-4b57-8988-b95b42609151: start RPC server
2019-10-15 03:30:56,295 [Datanode State Machine Thread - 0] INFO  server.GrpcService (GrpcService.java:startImpl(158)) - ad766340-60fb-4b57-8988-b95b42609151: GrpcService started, listening on 0.0.0.0/0.0.0.0:34249
2019-10-15 03:30:56,295 [Datanode State Machine Thread - 0] INFO  ratis.XceiverServerRatis (XceiverServerRatis.java:start(428)) - XceiverServerRatis ad766340-60fb-4b57-8988-b95b42609151 is started using port 34249
2019-10-15 03:30:56,303 [Datanode State Machine Thread - 0] INFO  server.XceiverServerGrpc (XceiverServerGrpc.java:start(149)) - XceiverServerGrpc ad766340-60fb-4b57-8988-b95b42609151 is started using port 32959
2019-10-15 03:30:56,335 [Datanode State Machine Thread - 0] INFO  ozoneimpl.OzoneContainer (OzoneContainer.java:start(213)) - Attempting to start container services.
2019-10-15 03:30:56,335 [Datanode State Machine Thread - 0] INFO  ozoneimpl.OzoneContainer (OzoneContainer.java:startContainerScrub(177)) - Background container scanner has been disabled.
2019-10-15 03:30:56,335 [Datanode State Machine Thread - 0] INFO  ratis.XceiverServerRatis (XceiverServerRatis.java:start(418)) - Starting XceiverServerRatis 1c63e32b-895e-4973-a222-476310241caa at port 0
2019-10-15 03:30:56,342 [Datanode State Machine Thread - 0] INFO  impl.RaftServerProxy (RaftServerProxy.java:lambda$start$3(299)) - 1c63e32b-895e-4973-a222-476310241caa: start RPC server
2019-10-15 03:30:56,345 [Datanode State Machine Thread - 0] INFO  server.GrpcService (GrpcService.java:startImpl(158)) - 1c63e32b-895e-4973-a222-476310241caa: GrpcService started, listening on 0.0.0.0/0.0.0.0:42663
2019-10-15 03:30:56,345 [Datanode State Machine Thread - 0] INFO  ratis.XceiverServerRatis (XceiverServerRatis.java:start(428)) - XceiverServerRatis 1c63e32b-895e-4973-a222-476310241caa is started using port 42663
2019-10-15 03:30:56,345 [Datanode State Machine Thread - 0] INFO  server.XceiverServerGrpc (XceiverServerGrpc.java:start(149)) - XceiverServerGrpc 1c63e32b-895e-4973-a222-476310241caa is started using port 38774
2019-10-15 03:30:56,413 [Datanode State Machine Thread - 0] INFO  ozoneimpl.OzoneContainer (OzoneContainer.java:start(213)) - Attempting to start container services.
2019-10-15 03:30:56,414 [Datanode State Machine Thread - 0] INFO  ozoneimpl.OzoneContainer (OzoneContainer.java:startContainerScrub(177)) - Background container scanner has been disabled.
2019-10-15 03:30:56,414 [Datanode State Machine Thread - 0] INFO  ratis.XceiverServerRatis (XceiverServerRatis.java:start(418)) - Starting XceiverServerRatis 572ff2ee-e904-4734-b002-88c441a29bd6 at port 0
2019-10-15 03:30:56,420 [Datanode State Machine Thread - 0] INFO  impl.RaftServerProxy (RaftServerProxy.java:lambda$start$3(299)) - 572ff2ee-e904-4734-b002-88c441a29bd6: start RPC server
2019-10-15 03:30:56,420 [Datanode State Machine Thread - 0] INFO  server.GrpcService (GrpcService.java:startImpl(158)) - 572ff2ee-e904-4734-b002-88c441a29bd6: GrpcService started, listening on 0.0.0.0/0.0.0.0:38035
2019-10-15 03:30:56,421 [Datanode State Machine Thread - 0] INFO  ratis.XceiverServerRatis (XceiverServerRatis.java:start(428)) - XceiverServerRatis 572ff2ee-e904-4734-b002-88c441a29bd6 is started using port 38035
2019-10-15 03:30:56,421 [Datanode State Machine Thread - 0] INFO  server.XceiverServerGrpc (XceiverServerGrpc.java:start(149)) - XceiverServerGrpc 572ff2ee-e904-4734-b002-88c441a29bd6 is started using port 39376
2019-10-15 03:30:56,478 [Datanode State Machine Thread - 0] INFO  ozoneimpl.OzoneContainer (OzoneContainer.java:start(213)) - Attempting to start container services.
2019-10-15 03:30:56,478 [Datanode State Machine Thread - 0] INFO  ozoneimpl.OzoneContainer (OzoneContainer.java:startContainerScrub(177)) - Background container scanner has been disabled.
2019-10-15 03:30:56,478 [Datanode State Machine Thread - 0] INFO  ratis.XceiverServerRatis (XceiverServerRatis.java:start(418)) - Starting XceiverServerRatis 62bb45c5-64cf-4b95-a2f8-324b07832301 at port 0
2019-10-15 03:30:56,487 [Datanode State Machine Thread - 0] INFO  impl.RaftServerProxy (RaftServerProxy.java:lambda$start$3(299)) - 62bb45c5-64cf-4b95-a2f8-324b07832301: start RPC server
2019-10-15 03:30:56,488 [Datanode State Machine Thread - 0] INFO  server.GrpcService (GrpcService.java:startImpl(158)) - 62bb45c5-64cf-4b95-a2f8-324b07832301: GrpcService started, listening on 0.0.0.0/0.0.0.0:33312
2019-10-15 03:30:56,488 [Datanode State Machine Thread - 0] INFO  ratis.XceiverServerRatis (XceiverServerRatis.java:start(428)) - XceiverServerRatis 62bb45c5-64cf-4b95-a2f8-324b07832301 is started using port 33312
2019-10-15 03:30:56,489 [Datanode State Machine Thread - 0] INFO  server.XceiverServerGrpc (XceiverServerGrpc.java:start(149)) - XceiverServerGrpc 62bb45c5-64cf-4b95-a2f8-324b07832301 is started using port 36456
2019-10-15 03:30:56,549 [Datanode State Machine Thread - 0] INFO  ozoneimpl.OzoneContainer (OzoneContainer.java:start(213)) - Attempting to start container services.
2019-10-15 03:30:56,549 [Datanode State Machine Thread - 0] INFO  ozoneimpl.OzoneContainer (OzoneContainer.java:startContainerScrub(177)) - Background container scanner has been disabled.
2019-10-15 03:30:56,549 [Datanode State Machine Thread - 0] INFO  ratis.XceiverServerRatis (XceiverServerRatis.java:start(418)) - Starting XceiverServerRatis 3e1caccb-f9ab-465e-a648-53867b9772ef at port 0
2019-10-15 03:30:56,557 [Datanode State Machine Thread - 0] INFO  impl.RaftServerProxy (RaftServerProxy.java:lambda$start$3(299)) - 3e1caccb-f9ab-465e-a648-53867b9772ef: start RPC server
2019-10-15 03:30:56,560 [Datanode State Machine Thread - 0] INFO  server.GrpcService (GrpcService.java:startImpl(158)) - 3e1caccb-f9ab-465e-a648-53867b9772ef: GrpcService started, listening on 0.0.0.0/0.0.0.0:39345
2019-10-15 03:30:56,560 [Datanode State Machine Thread - 0] INFO  ratis.XceiverServerRatis (XceiverServerRatis.java:start(428)) - XceiverServerRatis 3e1caccb-f9ab-465e-a648-53867b9772ef is started using port 39345
2019-10-15 03:30:56,560 [Datanode State Machine Thread - 0] INFO  server.XceiverServerGrpc (XceiverServerGrpc.java:start(149)) - XceiverServerGrpc 3e1caccb-f9ab-465e-a648-53867b9772ef is started using port 36053
2019-10-15 03:30:56,608 [Datanode State Machine Thread - 0] INFO  ozoneimpl.OzoneContainer (OzoneContainer.java:start(213)) - Attempting to start container services.
2019-10-15 03:30:56,608 [Datanode State Machine Thread - 0] INFO  ozoneimpl.OzoneContainer (OzoneContainer.java:startContainerScrub(177)) - Background container scanner has been disabled.
2019-10-15 03:30:56,608 [Datanode State Machine Thread - 0] INFO  ratis.XceiverServerRatis (XceiverServerRatis.java:start(418)) - Starting XceiverServerRatis 19a9e230-345c-4f8a-b3b2-bd4c3694799a at port 0
2019-10-15 03:30:56,615 [Datanode State Machine Thread - 0] INFO  impl.RaftServerProxy (RaftServerProxy.java:lambda$start$3(299)) - 19a9e230-345c-4f8a-b3b2-bd4c3694799a: start RPC server
2019-10-15 03:30:56,619 [Datanode State Machine Thread - 0] INFO  server.GrpcService (GrpcService.java:startImpl(158)) - 19a9e230-345c-4f8a-b3b2-bd4c3694799a: GrpcService started, listening on 0.0.0.0/0.0.0.0:38230
2019-10-15 03:30:56,619 [Datanode State Machine Thread - 0] INFO  ratis.XceiverServerRatis (XceiverServerRatis.java:start(428)) - XceiverServerRatis 19a9e230-345c-4f8a-b3b2-bd4c3694799a is started using port 38230
2019-10-15 03:30:56,621 [Datanode State Machine Thread - 0] INFO  server.XceiverServerGrpc (XceiverServerGrpc.java:start(149)) - XceiverServerGrpc 19a9e230-345c-4f8a-b3b2-bd4c3694799a is started using port 34015
2019-10-15 03:30:56,647 [main] INFO  ozone.MiniOzoneClusterImpl (MiniOzoneClusterImpl.java:lambda$waitForClusterToBeReady$0(147)) - Waiting for cluster to be ready. Got 0 of 7 DN Heartbeats.
2019-10-15 03:30:56,661 [Datanode State Machine Thread - 0] INFO  ozoneimpl.OzoneContainer (OzoneContainer.java:start(213)) - Attempting to start container services.
2019-10-15 03:30:56,661 [Datanode State Machine Thread - 0] INFO  ozoneimpl.OzoneContainer (OzoneContainer.java:startContainerScrub(177)) - Background container scanner has been disabled.
2019-10-15 03:30:56,662 [Datanode State Machine Thread - 0] INFO  ratis.XceiverServerRatis (XceiverServerRatis.java:start(418)) - Starting XceiverServerRatis 251ee4cd-b9df-4f77-8c52-c5e9eff662c2 at port 0
2019-10-15 03:30:56,668 [Datanode State Machine Thread - 0] INFO  impl.RaftServerProxy (RaftServerProxy.java:lambda$start$3(299)) - 251ee4cd-b9df-4f77-8c52-c5e9eff662c2: start RPC server
2019-10-15 03:30:56,672 [Datanode State Machine Thread - 0] INFO  server.GrpcService (GrpcService.java:startImpl(158)) - 251ee4cd-b9df-4f77-8c52-c5e9eff662c2: GrpcService started, listening on 0.0.0.0/0.0.0.0:44097
2019-10-15 03:30:56,672 [Datanode State Machine Thread - 0] INFO  ratis.XceiverServerRatis (XceiverServerRatis.java:start(428)) - XceiverServerRatis 251ee4cd-b9df-4f77-8c52-c5e9eff662c2 is started using port 44097
2019-10-15 03:30:56,672 [Datanode State Machine Thread - 0] INFO  server.XceiverServerGrpc (XceiverServerGrpc.java:start(149)) - XceiverServerGrpc 251ee4cd-b9df-4f77-8c52-c5e9eff662c2 is started using port 40560
2019-10-15 03:30:57,647 [main] INFO  ozone.MiniOzoneClusterImpl (MiniOzoneClusterImpl.java:lambda$waitForClusterToBeReady$0(147)) - Waiting for cluster to be ready. Got 0 of 7 DN Heartbeats.
2019-10-15 03:30:58,257 [IPC Server handler 0 on 40138] INFO  net.NetworkTopology (NetworkTopologyImpl.java:add(111)) - Added a new node: /default-rack/ad766340-60fb-4b57-8988-b95b42609151
2019-10-15 03:30:58,258 [IPC Server handler 0 on 40138] INFO  node.SCMNodeManager (SCMNodeManager.java:register(268)) - Registered Data node : ad766340-60fb-4b57-8988-b95b42609151{ip: 192.168.157.236, host: pr-hdds-2278-dv8k5-3424803466, networkLocation: /default-rack, certSerialId: null}
2019-10-15 03:30:58,259 [EventQueue-NodeRegistrationContainerReportForDataNodeSafeModeRule] INFO  safemode.SCMSafeModeManager (DataNodeSafeModeRule.java:process(71)) - SCM in safe mode. 1 DataNodes registered, 1 required.
2019-10-15 03:30:58,261 [EventQueue-NodeRegistrationContainerReportForDataNodeSafeModeRule] INFO  safemode.SCMSafeModeManager (SCMSafeModeManager.java:validateSafeModeExitRules(177)) - ScmSafeModeManager, all rules are successfully validated
2019-10-15 03:30:58,261 [EventQueue-NodeRegistrationContainerReportForDataNodeSafeModeRule] INFO  safemode.SCMSafeModeManager (SCMSafeModeManager.java:exitSafeMode(193)) - SCM exiting safe mode.
2019-10-15 03:30:58,273 [grpc-default-executor-8] INFO  impl.RaftServerProxy (RaftServerProxy.java:addNew(89)) - ad766340-60fb-4b57-8988-b95b42609151: addNew group-F8D87ACF0665:[ad766340-60fb-4b57-8988-b95b42609151:192.168.157.236:34249] returns group-F8D87ACF0665:java.util.concurrent.CompletableFuture@2d868b1d[Not completed]
2019-10-15 03:30:58,274 [pool-409-thread-1] INFO  impl.RaftServerImpl (RaftServerImpl.java:<init>(95)) - ad766340-60fb-4b57-8988-b95b42609151: new RaftServerImpl for group-F8D87ACF0665:[ad766340-60fb-4b57-8988-b95b42609151:192.168.157.236:34249] with ContainerStateMachine:uninitialized
2019-10-15 03:30:58,275 [pool-409-thread-1] INFO  server.RaftServerConfigKeys (ConfUtils.java:logGet(43)) - raft.server.rpc.timeout.min = 5s (custom)
2019-10-15 03:30:58,275 [pool-409-thread-1] INFO  server.RaftServerConfigKeys (ConfUtils.java:logGet(43)) - raft.server.rpc.timeout.max = 5200ms (custom)
2019-10-15 03:30:58,275 [pool-409-thread-1] INFO  server.RaftServerConfigKeys (ConfUtils.java:logGet(43)) - raft.server.rpcslowness.timeout = 120s (custom)
2019-10-15 03:30:58,275 [pool-409-thread-1] INFO  server.RaftServerConfigKeys (ConfUtils.java:logGet(43)) - raft.server.sleep.deviation.threshold = 300 (default)
2019-10-15 03:30:58,275 [pool-409-thread-1] INFO  server.RaftServerConfigKeys (ConfUtils.java:logGet(43)) - raft.server.log.appender.install.snapshot.enabled = false (custom)
2019-10-15 03:30:58,275 [pool-409-thread-1] INFO  impl.RaftServerImpl (ServerState.java:<init>(103)) - ad766340-60fb-4b57-8988-b95b42609151@group-F8D87ACF0665: ConfigurationManager, init=-1: [ad766340-60fb-4b57-8988-b95b42609151:192.168.157.236:34249], old=null, confs=<EMPTY_MAP>
2019-10-15 03:30:58,275 [pool-409-thread-1] INFO  server.RaftServerConfigKeys (ConfUtils.java:logGet(43)) - raft.server.storage.dir = [/workdir/hadoop-ozone/integration-test/target/test-dir/MiniOzoneClusterImpl-5622c653-33f5-44d9-9ba1-ef695601b467/datanode-0/data/ratis] (custom)
2019-10-15 03:30:58,276 [pool-409-thread-1] INFO  server.RaftServerConfigKeys (ConfUtils.java:logGet(43)) - raft.server.log.corruption.policy = EXCEPTION (default)
2019-10-15 03:30:58,276 [pool-409-thread-1] INFO  storage.RaftStorageDirectory (RaftStorageDirectory.java:analyzeStorage(246)) - The storage directory /workdir/hadoop-ozone/integration-test/target/test-dir/MiniOzoneClusterImpl-5622c653-33f5-44d9-9ba1-ef695601b467/datanode-0/data/ratis/528ede4d-1560-4786-9727-f8d87acf0665 does not exist. Creating ...
2019-10-15 03:30:58,299 [pool-409-thread-1] INFO  storage.RaftStorageDirectory (RaftStorageDirectory.java:tryLock(328)) - Lock on /workdir/hadoop-ozone/integration-test/target/test-dir/MiniOzoneClusterImpl-5622c653-33f5-44d9-9ba1-ef695601b467/datanode-0/data/ratis/528ede4d-1560-4786-9727-f8d87acf0665/in_use.lock acquired by nodename 7146@pr-hdds-2278-dv8k5-3424803466
2019-10-15 03:30:58,321 [IPC Server handler 1 on 40138] INFO  net.NetworkTopology (NetworkTopologyImpl.java:add(111)) - Added a new node: /default-rack/1c63e32b-895e-4973-a222-476310241caa
2019-10-15 03:30:58,321 [IPC Server handler 1 on 40138] INFO  node.SCMNodeManager (SCMNodeManager.java:register(268)) - Registered Data node : 1c63e32b-895e-4973-a222-476310241caa{ip: 192.168.157.236, host: pr-hdds-2278-dv8k5-3424803466, networkLocation: /default-rack, certSerialId: null}
2019-10-15 03:30:58,323 [pool-409-thread-1] INFO  storage.RaftStorage (RaftStorage.java:format(84)) - Storage directory /workdir/hadoop-ozone/integration-test/target/test-dir/MiniOzoneClusterImpl-5622c653-33f5-44d9-9ba1-ef695601b467/datanode-0/data/ratis/528ede4d-1560-4786-9727-f8d87acf0665 has been successfully formatted.
2019-10-15 03:30:58,323 [pool-409-thread-1] INFO  ratis.ContainerStateMachine (ContainerStateMachine.java:loadSnapshot(231)) - group-F8D87ACF0665: The snapshot info is null. Setting the last applied indexto:(t:0, i:~)
2019-10-15 03:30:58,323 [pool-409-thread-1] INFO  server.RaftServerConfigKeys (ConfUtils.java:logGet(43)) - raft.server.notification.no-leader.timeout = 120s (custom)
2019-10-15 03:30:58,323 [pool-409-thread-1] INFO  server.RaftServerConfigKeys (ConfUtils.java:logGet(43)) - raft.server.log.use.memory = false (default)
2019-10-15 03:30:58,323 [pool-409-thread-1] INFO  server.RaftServerConfigKeys (ConfUtils.java:logGet(43)) - raft.server.log.purge.gap = 1000000 (custom)
2019-10-15 03:30:58,323 [pool-409-thread-1] INFO  server.RaftServerConfigKeys (ConfUtils.java:logGet(43)) - raft.server.log.appender.buffer.byte-limit = 33554432 (custom)
2019-10-15 03:30:58,323 [pool-409-thread-1] INFO  server.RaftServerConfigKeys (ConfUtils.java:logGet(43)) - raft.server.log.segment.size.max = 1048576 (custom)
2019-10-15 03:30:58,325 [pool-409-thread-1] INFO  server.RaftServerConfigKeys (ConfUtils.java:logGet(43)) - raft.server.log.segment.cache.num.max = 2 (custom)
2019-10-15 03:30:58,325 [pool-409-thread-1] INFO  segmented.SegmentedRaftLogWorker (SegmentedRaftLogWorker.java:<init>(173)) - new ad766340-60fb-4b57-8988-b95b42609151@group-F8D87ACF0665-SegmentedRaftLogWorker for RaftStorage:Storage Directory /workdir/hadoop-ozone/integration-test/target/test-dir/MiniOzoneClusterImpl-5622c653-33f5-44d9-9ba1-ef695601b467/datanode-0/data/ratis/528ede4d-1560-4786-9727-f8d87acf0665
2019-10-15 03:30:58,325 [pool-409-thread-1] INFO  server.RaftServerConfigKeys (ConfUtils.java:logGet(43)) - raft.server.log.queue.byte-limit = 2147483647 (custom)
2019-10-15 03:30:58,325 [pool-409-thread-1] INFO  server.RaftServerConfigKeys (ConfUtils.java:logGet(43)) - raft.server.log.queue.element-limit = 1024 (custom)
2019-10-15 03:30:58,325 [pool-409-thread-1] INFO  server.RaftServerConfigKeys (ConfUtils.java:logGet(43)) - raft.server.log.segment.size.max = 1048576 (custom)
2019-10-15 03:30:58,325 [pool-409-thread-1] INFO  server.RaftServerConfigKeys (ConfUtils.java:logGet(43)) - raft.server.log.preallocated.size = 16384 (custom)
2019-10-15 03:30:58,325 [pool-409-thread-1] INFO  server.RaftServerConfigKeys (ConfUtils.java:logGet(43)) - raft.server.log.write.buffer.size = 33554432 (custom)
2019-10-15 03:30:58,325 [pool-409-thread-1] INFO  server.RaftServerConfigKeys (ConfUtils.java:logGet(43)) - raft.server.log.force.sync.num = 128 (default)
2019-10-15 03:30:58,325 [pool-409-thread-1] INFO  server.RaftServerConfigKeys (ConfUtils.java:logGet(43)) - raft.server.log.statemachine.data.sync = true (default)
2019-10-15 03:30:58,326 [pool-409-thread-1] INFO  server.RaftServerConfigKeys (ConfUtils.java:logGet(43)) - raft.server.log.statemachine.data.sync.timeout = 10s (default)
2019-10-15 03:30:58,326 [pool-409-thread-1] INFO  server.RaftServerConfigKeys (ConfUtils.java:logGet(43)) - raft.server.log.statemachine.data.sync.timeout.retry = -1 (default)
2019-10-15 03:30:58,326 [pool-409-thread-1] INFO  server.RaftServerConfigKeys (ConfUtils.java:logGet(43)) - raft.server.log.statemachine.data.caching.enabled = true (custom)
2019-10-15 03:30:58,326 [pool-409-thread-1] INFO  segmented.SegmentedRaftLogWorker (SegmentedRaftLogWorker.java:lambda$new$0(128)) - ad766340-60fb-4b57-8988-b95b42609151@group-F8D87ACF0665-SegmentedRaftLogWorker: flushIndex: setUnconditionally 0 -> -1
2019-10-15 03:30:58,327 [pool-409-thread-1] INFO  server.RaftServerConfigKeys (ConfUtils.java:logGet(43)) - raft.server.snapshot.auto.trigger.enabled = true (custom)
2019-10-15 03:30:58,327 [pool-409-thread-1] INFO  server.RaftServerConfigKeys (ConfUtils.java:logGet(43)) - raft.server.snapshot.auto.trigger.threshold = 10000 (custom)
2019-10-15 03:30:58,327 [pool-409-thread-1] INFO  server.RaftServerConfigKeys (ConfUtils.java:logGet(43)) - raft.server.snapshot.retention.file.num = 5 (custom)
2019-10-15 03:30:58,327 [pool-409-thread-1] INFO  server.RaftServerConfigKeys (ConfUtils.java:logGet(43)) - raft.server.retrycache.expirytime = 600000ms (custom)
2019-10-15 03:30:58,328 [pool-409-thread-1] INFO  impl.RaftServerImpl (RaftServerImpl.java:start(181)) - ad766340-60fb-4b57-8988-b95b42609151@group-F8D87ACF0665: start as a follower, conf=-1: [ad766340-60fb-4b57-8988-b95b42609151:192.168.157.236:34249], old=null
2019-10-15 03:30:58,328 [pool-409-thread-1] INFO  impl.RaftServerImpl (RaftServerImpl.java:setRole(170)) - ad766340-60fb-4b57-8988-b95b42609151@group-F8D87ACF0665: changes role from      null to FOLLOWER at term 0 for startAsFollower
2019-10-15 03:30:58,328 [pool-409-thread-1] INFO  impl.RoleInfo (RoleInfo.java:updateAndGet(143)) - ad766340-60fb-4b57-8988-b95b42609151: start FollowerState
2019-10-15 03:30:58,329 [pool-409-thread-1] INFO  util.JmxRegister (JmxRegister.java:tryRegister(44)) - Successfully registered JMX Bean with object name Ratis:service=RaftServer,group=group-F8D87ACF0665,id=ad766340-60fb-4b57-8988-b95b42609151
2019-10-15 03:30:58,332 [RatisPipelineUtilsThread] INFO  pipeline.PipelineStateManager (PipelineStateManager.java:addPipeline(56)) - Created pipeline Pipeline[ Id: 528ede4d-1560-4786-9727-f8d87acf0665, Nodes: ad766340-60fb-4b57-8988-b95b42609151{ip: 192.168.157.236, host: pr-hdds-2278-dv8k5-3424803466, networkLocation: /default-rack, certSerialId: null}, Type:RATIS, Factor:ONE, State:OPEN]
2019-10-15 03:30:58,340 [grpc-default-executor-8] INFO  impl.RaftServerProxy (RaftServerProxy.java:addNew(89)) - 1c63e32b-895e-4973-a222-476310241caa: addNew group-3A7F5633E5D5:[1c63e32b-895e-4973-a222-476310241caa:192.168.157.236:42663] returns group-3A7F5633E5D5:java.util.concurrent.CompletableFuture@49fdc920[Not completed]
2019-10-15 03:30:58,341 [pool-419-thread-1] INFO  impl.RaftServerImpl (RaftServerImpl.java:<init>(95)) - 1c63e32b-895e-4973-a222-476310241caa: new RaftServerImpl for group-3A7F5633E5D5:[1c63e32b-895e-4973-a222-476310241caa:192.168.157.236:42663] with ContainerStateMachine:uninitialized
2019-10-15 03:30:58,341 [pool-419-thread-1] INFO  server.RaftServerConfigKeys (ConfUtils.java:logGet(43)) - raft.server.rpc.timeout.min = 5s (custom)
2019-10-15 03:30:58,341 [pool-419-thread-1] INFO  server.RaftServerConfigKeys (ConfUtils.java:logGet(43)) - raft.server.rpc.timeout.max = 5200ms (custom)
2019-10-15 03:30:58,341 [pool-419-thread-1] INFO  server.RaftServerConfigKeys (ConfUtils.java:logGet(43)) - raft.server.rpcslowness.timeout = 120s (custom)
2019-10-15 03:30:58,341 [pool-419-thread-1] INFO  server.RaftServerConfigKeys (ConfUtils.java:logGet(43)) - raft.server.sleep.deviation.threshold = 300 (default)
2019-10-15 03:30:58,341 [pool-419-thread-1] INFO  server.RaftServerConfigKeys (ConfUtils.java:logGet(43)) - raft.server.log.appender.install.snapshot.enabled = false (custom)
2019-10-15 03:30:58,341 [pool-419-thread-1] INFO  impl.RaftServerImpl (ServerState.java:<init>(103)) - 1c63e32b-895e-4973-a222-476310241caa@group-3A7F5633E5D5: ConfigurationManager, init=-1: [1c63e32b-895e-4973-a222-476310241caa:192.168.157.236:42663], old=null, confs=<EMPTY_MAP>
2019-10-15 03:30:58,341 [pool-419-thread-1] INFO  server.RaftServerConfigKeys (ConfUtils.java:logGet(43)) - raft.server.storage.dir = [/workdir/hadoop-ozone/integration-test/target/test-dir/MiniOzoneClusterImpl-5622c653-33f5-44d9-9ba1-ef695601b467/datanode-1/data/ratis] (custom)
2019-10-15 03:30:58,341 [pool-419-thread-1] INFO  server.RaftServerConfigKeys (ConfUtils.java:logGet(43)) - raft.server.log.corruption.policy = EXCEPTION (default)
2019-10-15 03:30:58,341 [pool-419-thread-1] INFO  storage.RaftStorageDirectory (RaftStorageDirectory.java:analyzeStorage(246)) - The storage directory /workdir/hadoop-ozone/integration-test/target/test-dir/MiniOzoneClusterImpl-5622c653-33f5-44d9-9ba1-ef695601b467/datanode-1/data/ratis/0528a2f4-ed4d-4e3f-8403-3a7f5633e5d5 does not exist. Creating ...
2019-10-15 03:30:58,365 [pool-419-thread-1] INFO  storage.RaftStorageDirectory (RaftStorageDirectory.java:tryLock(328)) - Lock on /workdir/hadoop-ozone/integration-test/target/test-dir/MiniOzoneClusterImpl-5622c653-33f5-44d9-9ba1-ef695601b467/datanode-1/data/ratis/0528a2f4-ed4d-4e3f-8403-3a7f5633e5d5/in_use.lock acquired by nodename 7146@pr-hdds-2278-dv8k5-3424803466
2019-10-15 03:30:58,387 [pool-419-thread-1] INFO  storage.RaftStorage (RaftStorage.java:format(84)) - Storage directory /workdir/hadoop-ozone/integration-test/target/test-dir/MiniOzoneClusterImpl-5622c653-33f5-44d9-9ba1-ef695601b467/datanode-1/data/ratis/0528a2f4-ed4d-4e3f-8403-3a7f5633e5d5 has been successfully formatted.
2019-10-15 03:30:58,387 [pool-419-thread-1] INFO  ratis.ContainerStateMachine (ContainerStateMachine.java:loadSnapshot(231)) - group-3A7F5633E5D5: The snapshot info is null. Setting the last applied indexto:(t:0, i:~)
2019-10-15 03:30:58,388 [pool-419-thread-1] INFO  server.RaftServerConfigKeys (ConfUtils.java:logGet(43)) - raft.server.notification.no-leader.timeout = 120s (custom)
2019-10-15 03:30:58,388 [pool-419-thread-1] INFO  server.RaftServerConfigKeys (ConfUtils.java:logGet(43)) - raft.server.log.use.memory = false (default)
2019-10-15 03:30:58,388 [pool-419-thread-1] INFO  server.RaftServerConfigKeys (ConfUtils.java:logGet(43)) - raft.server.log.purge.gap = 1000000 (custom)
2019-10-15 03:30:58,388 [pool-419-thread-1] INFO  server.RaftServerConfigKeys (ConfUtils.java:logGet(43)) - raft.server.log.appender.buffer.byte-limit = 33554432 (custom)
2019-10-15 03:30:58,388 [pool-419-thread-1] INFO  server.RaftServerConfigKeys (ConfUtils.java:logGet(43)) - raft.server.log.segment.size.max = 1048576 (custom)
2019-10-15 03:30:58,389 [pool-419-thread-1] INFO  server.RaftServerConfigKeys (ConfUtils.java:logGet(43)) - raft.server.log.segment.cache.num.max = 2 (custom)
2019-10-15 03:30:58,389 [pool-419-thread-1] INFO  segmented.SegmentedRaftLogWorker (SegmentedRaftLogWorker.java:<init>(173)) - new 1c63e32b-895e-4973-a222-476310241caa@group-3A7F5633E5D5-SegmentedRaftLogWorker for RaftStorage:Storage Directory /workdir/hadoop-ozone/integration-test/target/test-dir/MiniOzoneClusterImpl-5622c653-33f5-44d9-9ba1-ef695601b467/datanode-1/data/ratis/0528a2f4-ed4d-4e3f-8403-3a7f5633e5d5
2019-10-15 03:30:58,389 [IPC Server handler 2 on 40138] INFO  net.NetworkTopology (NetworkTopologyImpl.java:add(111)) - Added a new node: /default-rack/572ff2ee-e904-4734-b002-88c441a29bd6
2019-10-15 03:30:58,389 [pool-419-thread-1] INFO  server.RaftServerConfigKeys (ConfUtils.java:logGet(43)) - raft.server.log.queue.byte-limit = 2147483647 (custom)
2019-10-15 03:30:58,389 [IPC Server handler 2 on 40138] INFO  node.SCMNodeManager (SCMNodeManager.java:register(268)) - Registered Data node : 572ff2ee-e904-4734-b002-88c441a29bd6{ip: 192.168.157.236, host: pr-hdds-2278-dv8k5-3424803466, networkLocation: /default-rack, certSerialId: null}
2019-10-15 03:30:58,389 [pool-419-thread-1] INFO  server.RaftServerConfigKeys (ConfUtils.java:logGet(43)) - raft.server.log.queue.element-limit = 1024 (custom)
2019-10-15 03:30:58,390 [pool-419-thread-1] INFO  server.RaftServerConfigKeys (ConfUtils.java:logGet(43)) - raft.server.log.segment.size.max = 1048576 (custom)
2019-10-15 03:30:58,390 [pool-419-thread-1] INFO  server.RaftServerConfigKeys (ConfUtils.java:logGet(43)) - raft.server.log.preallocated.size = 16384 (custom)
2019-10-15 03:30:58,390 [pool-419-thread-1] INFO  server.RaftServerConfigKeys (ConfUtils.java:logGet(43)) - raft.server.log.write.buffer.size = 33554432 (custom)
2019-10-15 03:30:58,390 [pool-419-thread-1] INFO  server.RaftServerConfigKeys (ConfUtils.java:logGet(43)) - raft.server.log.force.sync.num = 128 (default)
2019-10-15 03:30:58,390 [pool-419-thread-1] INFO  server.RaftServerConfigKeys (ConfUtils.java:logGet(43)) - raft.server.log.statemachine.data.sync = true (default)
2019-10-15 03:30:58,390 [pool-419-thread-1] INFO  server.RaftServerConfigKeys (ConfUtils.java:logGet(43)) - raft.server.log.statemachine.data.sync.timeout = 10s (default)
2019-10-15 03:30:58,390 [pool-419-thread-1] INFO  server.RaftServerConfigKeys (ConfUtils.java:logGet(43)) - raft.server.log.statemachine.data.sync.timeout.retry = -1 (default)
2019-10-15 03:30:58,390 [pool-419-thread-1] INFO  server.RaftServerConfigKeys (ConfUtils.java:logGet(43)) - raft.server.log.statemachine.data.caching.enabled = true (custom)
2019-10-15 03:30:58,391 [pool-419-thread-1] INFO  segmented.SegmentedRaftLogWorker (SegmentedRaftLogWorker.java:lambda$new$0(128)) - 1c63e32b-895e-4973-a222-476310241caa@group-3A7F5633E5D5-SegmentedRaftLogWorker: flushIndex: setUnconditionally 0 -> -1
2019-10-15 03:30:58,391 [pool-419-thread-1] INFO  server.RaftServerConfigKeys (ConfUtils.java:logGet(43)) - raft.server.snapshot.auto.trigger.enabled = true (custom)
2019-10-15 03:30:58,391 [pool-419-thread-1] INFO  server.RaftServerConfigKeys (ConfUtils.java:logGet(43)) - raft.server.snapshot.auto.trigger.threshold = 10000 (custom)
2019-10-15 03:30:58,391 [pool-419-thread-1] INFO  server.RaftServerConfigKeys (ConfUtils.java:logGet(43)) - raft.server.snapshot.retention.file.num = 5 (custom)
2019-10-15 03:30:58,391 [pool-419-thread-1] INFO  server.RaftServerConfigKeys (ConfUtils.java:logGet(43)) - raft.server.retrycache.expirytime = 600000ms (custom)
2019-10-15 03:30:58,392 [pool-419-thread-1] INFO  impl.RaftServerImpl (RaftServerImpl.java:start(181)) - 1c63e32b-895e-4973-a222-476310241caa@group-3A7F5633E5D5: start as a follower, conf=-1: [1c63e32b-895e-4973-a222-476310241caa:192.168.157.236:42663], old=null
2019-10-15 03:30:58,392 [pool-419-thread-1] INFO  impl.RaftServerImpl (RaftServerImpl.java:setRole(170)) - 1c63e32b-895e-4973-a222-476310241caa@group-3A7F5633E5D5: changes role from      null to FOLLOWER at term 0 for startAsFollower
2019-10-15 03:30:58,392 [pool-419-thread-1] INFO  impl.RoleInfo (RoleInfo.java:updateAndGet(143)) - 1c63e32b-895e-4973-a222-476310241caa: start FollowerState
2019-10-15 03:30:58,392 [pool-419-thread-1] INFO  util.JmxRegister (JmxRegister.java:tryRegister(44)) - Successfully registered JMX Bean with object name Ratis:service=RaftServer,group=group-3A7F5633E5D5,id=1c63e32b-895e-4973-a222-476310241caa
2019-10-15 03:30:58,396 [RatisPipelineUtilsThread] INFO  pipeline.PipelineStateManager (PipelineStateManager.java:addPipeline(56)) - Created pipeline Pipeline[ Id: 0528a2f4-ed4d-4e3f-8403-3a7f5633e5d5, Nodes: 1c63e32b-895e-4973-a222-476310241caa{ip: 192.168.157.236, host: pr-hdds-2278-dv8k5-3424803466, networkLocation: /default-rack, certSerialId: null}, Type:RATIS, Factor:ONE, State:OPEN]
2019-10-15 03:30:58,406 [grpc-default-executor-8] INFO  impl.RaftServerProxy (RaftServerProxy.java:addNew(89)) - 572ff2ee-e904-4734-b002-88c441a29bd6: addNew group-5D210689F711:[572ff2ee-e904-4734-b002-88c441a29bd6:192.168.157.236:38035] returns group-5D210689F711:java.util.concurrent.CompletableFuture@586aa23e[Not completed]
2019-10-15 03:30:58,406 [pool-429-thread-1] INFO  impl.RaftServerImpl (RaftServerImpl.java:<init>(95)) - 572ff2ee-e904-4734-b002-88c441a29bd6: new RaftServerImpl for group-5D210689F711:[572ff2ee-e904-4734-b002-88c441a29bd6:192.168.157.236:38035] with ContainerStateMachine:uninitialized
2019-10-15 03:30:58,407 [pool-429-thread-1] INFO  server.RaftServerConfigKeys (ConfUtils.java:logGet(43)) - raft.server.rpc.timeout.min = 5s (custom)
2019-10-15 03:30:58,407 [pool-429-thread-1] INFO  server.RaftServerConfigKeys (ConfUtils.java:logGet(43)) - raft.server.rpc.timeout.max = 5200ms (custom)
2019-10-15 03:30:58,407 [pool-429-thread-1] INFO  server.RaftServerConfigKeys (ConfUtils.java:logGet(43)) - raft.server.rpcslowness.timeout = 120s (custom)
2019-10-15 03:30:58,407 [pool-429-thread-1] INFO  server.RaftServerConfigKeys (ConfUtils.java:logGet(43)) - raft.server.sleep.deviation.threshold = 300 (default)
2019-10-15 03:30:58,407 [pool-429-thread-1] INFO  server.RaftServerConfigKeys (ConfUtils.java:logGet(43)) - raft.server.log.appender.install.snapshot.enabled = false (custom)
2019-10-15 03:30:58,407 [pool-429-thread-1] INFO  impl.RaftServerImpl (ServerState.java:<init>(103)) - 572ff2ee-e904-4734-b002-88c441a29bd6@group-5D210689F711: ConfigurationManager, init=-1: [572ff2ee-e904-4734-b002-88c441a29bd6:192.168.157.236:38035], old=null, confs=<EMPTY_MAP>
2019-10-15 03:30:58,407 [pool-429-thread-1] INFO  server.RaftServerConfigKeys (ConfUtils.java:logGet(43)) - raft.server.storage.dir = [/workdir/hadoop-ozone/integration-test/target/test-dir/MiniOzoneClusterImpl-5622c653-33f5-44d9-9ba1-ef695601b467/datanode-2/data/ratis] (custom)
2019-10-15 03:30:58,407 [pool-429-thread-1] INFO  server.RaftServerConfigKeys (ConfUtils.java:logGet(43)) - raft.server.log.corruption.policy = EXCEPTION (default)
2019-10-15 03:30:58,407 [pool-429-thread-1] INFO  storage.RaftStorageDirectory (RaftStorageDirectory.java:analyzeStorage(246)) - The storage directory /workdir/hadoop-ozone/integration-test/target/test-dir/MiniOzoneClusterImpl-5622c653-33f5-44d9-9ba1-ef695601b467/datanode-2/data/ratis/f338bfd8-3dfe-4ec0-b431-5d210689f711 does not exist. Creating ...
2019-10-15 03:30:58,430 [pool-429-thread-1] INFO  storage.RaftStorageDirectory (RaftStorageDirectory.java:tryLock(328)) - Lock on /workdir/hadoop-ozone/integration-test/target/test-dir/MiniOzoneClusterImpl-5622c653-33f5-44d9-9ba1-ef695601b467/datanode-2/data/ratis/f338bfd8-3dfe-4ec0-b431-5d210689f711/in_use.lock acquired by nodename 7146@pr-hdds-2278-dv8k5-3424803466
2019-10-15 03:30:58,453 [pool-429-thread-1] INFO  storage.RaftStorage (RaftStorage.java:format(84)) - Storage directory /workdir/hadoop-ozone/integration-test/target/test-dir/MiniOzoneClusterImpl-5622c653-33f5-44d9-9ba1-ef695601b467/datanode-2/data/ratis/f338bfd8-3dfe-4ec0-b431-5d210689f711 has been successfully formatted.
2019-10-15 03:30:58,453 [pool-429-thread-1] INFO  ratis.ContainerStateMachine (ContainerStateMachine.java:loadSnapshot(231)) - group-5D210689F711: The snapshot info is null. Setting the last applied indexto:(t:0, i:~)
2019-10-15 03:30:58,453 [pool-429-thread-1] INFO  server.RaftServerConfigKeys (ConfUtils.java:logGet(43)) - raft.server.notification.no-leader.timeout = 120s (custom)
2019-10-15 03:30:58,454 [pool-429-thread-1] INFO  server.RaftServerConfigKeys (ConfUtils.java:logGet(43)) - raft.server.log.use.memory = false (default)
2019-10-15 03:30:58,454 [pool-429-thread-1] INFO  server.RaftServerConfigKeys (ConfUtils.java:logGet(43)) - raft.server.log.purge.gap = 1000000 (custom)
2019-10-15 03:30:58,454 [pool-429-thread-1] INFO  server.RaftServerConfigKeys (ConfUtils.java:logGet(43)) - raft.server.log.appender.buffer.byte-limit = 33554432 (custom)
2019-10-15 03:30:58,454 [pool-429-thread-1] INFO  server.RaftServerConfigKeys (ConfUtils.java:logGet(43)) - raft.server.log.segment.size.max = 1048576 (custom)
2019-10-15 03:30:58,454 [IPC Server handler 4 on 40138] INFO  net.NetworkTopology (NetworkTopologyImpl.java:add(111)) - Added a new node: /default-rack/62bb45c5-64cf-4b95-a2f8-324b07832301
2019-10-15 03:30:58,454 [IPC Server handler 4 on 40138] INFO  node.SCMNodeManager (SCMNodeManager.java:register(268)) - Registered Data node : 62bb45c5-64cf-4b95-a2f8-324b07832301{ip: 192.168.157.236, host: pr-hdds-2278-dv8k5-3424803466, networkLocation: /default-rack, certSerialId: null}
2019-10-15 03:30:58,455 [pool-429-thread-1] INFO  server.RaftServerConfigKeys (ConfUtils.java:logGet(43)) - raft.server.log.segment.cache.num.max = 2 (custom)
2019-10-15 03:30:58,455 [pool-429-thread-1] INFO  segmented.SegmentedRaftLogWorker (SegmentedRaftLogWorker.java:<init>(173)) - new 572ff2ee-e904-4734-b002-88c441a29bd6@group-5D210689F711-SegmentedRaftLogWorker for RaftStorage:Storage Directory /workdir/hadoop-ozone/integration-test/target/test-dir/MiniOzoneClusterImpl-5622c653-33f5-44d9-9ba1-ef695601b467/datanode-2/data/ratis/f338bfd8-3dfe-4ec0-b431-5d210689f711
2019-10-15 03:30:58,456 [pool-429-thread-1] INFO  server.RaftServerConfigKeys (ConfUtils.java:logGet(43)) - raft.server.log.queue.byte-limit = 2147483647 (custom)
2019-10-15 03:30:58,456 [pool-429-thread-1] INFO  server.RaftServerConfigKeys (ConfUtils.java:logGet(43)) - raft.server.log.queue.element-limit = 1024 (custom)
2019-10-15 03:30:58,456 [pool-429-thread-1] INFO  server.RaftServerConfigKeys (ConfUtils.java:logGet(43)) - raft.server.log.segment.size.max = 1048576 (custom)
2019-10-15 03:30:58,456 [pool-429-thread-1] INFO  server.RaftServerConfigKeys (ConfUtils.java:logGet(43)) - raft.server.log.preallocated.size = 16384 (custom)
2019-10-15 03:30:58,456 [pool-429-thread-1] INFO  server.RaftServerConfigKeys (ConfUtils.java:logGet(43)) - raft.server.log.write.buffer.size = 33554432 (custom)
2019-10-15 03:30:58,456 [pool-429-thread-1] INFO  server.RaftServerConfigKeys (ConfUtils.java:logGet(43)) - raft.server.log.force.sync.num = 128 (default)
2019-10-15 03:30:58,456 [pool-429-thread-1] INFO  server.RaftServerConfigKeys (ConfUtils.java:logGet(43)) - raft.server.log.statemachine.data.sync = true (default)
2019-10-15 03:30:58,456 [pool-429-thread-1] INFO  server.RaftServerConfigKeys (ConfUtils.java:logGet(43)) - raft.server.log.statemachine.data.sync.timeout = 10s (default)
2019-10-15 03:30:58,456 [pool-429-thread-1] INFO  server.RaftServerConfigKeys (ConfUtils.java:logGet(43)) - raft.server.log.statemachine.data.sync.timeout.retry = -1 (default)
2019-10-15 03:30:58,457 [pool-429-thread-1] INFO  server.RaftServerConfigKeys (ConfUtils.java:logGet(43)) - raft.server.log.statemachine.data.caching.enabled = true (custom)
2019-10-15 03:30:58,457 [pool-429-thread-1] INFO  segmented.SegmentedRaftLogWorker (SegmentedRaftLogWorker.java:lambda$new$0(128)) - 572ff2ee-e904-4734-b002-88c441a29bd6@group-5D210689F711-SegmentedRaftLogWorker: flushIndex: setUnconditionally 0 -> -1
2019-10-15 03:30:58,457 [pool-429-thread-1] INFO  server.RaftServerConfigKeys (ConfUtils.java:logGet(43)) - raft.server.snapshot.auto.trigger.enabled = true (custom)
2019-10-15 03:30:58,457 [pool-429-thread-1] INFO  server.RaftServerConfigKeys (ConfUtils.java:logGet(43)) - raft.server.snapshot.auto.trigger.threshold = 10000 (custom)
2019-10-15 03:30:58,457 [pool-429-thread-1] INFO  server.RaftServerConfigKeys (ConfUtils.java:logGet(43)) - raft.server.snapshot.retention.file.num = 5 (custom)
2019-10-15 03:30:58,457 [pool-429-thread-1] INFO  server.RaftServerConfigKeys (ConfUtils.java:logGet(43)) - raft.server.retrycache.expirytime = 600000ms (custom)
2019-10-15 03:30:58,458 [pool-429-thread-1] INFO  impl.RaftServerImpl (RaftServerImpl.java:start(181)) - 572ff2ee-e904-4734-b002-88c441a29bd6@group-5D210689F711: start as a follower, conf=-1: [572ff2ee-e904-4734-b002-88c441a29bd6:192.168.157.236:38035], old=null
2019-10-15 03:30:58,458 [pool-429-thread-1] INFO  impl.RaftServerImpl (RaftServerImpl.java:setRole(170)) - 572ff2ee-e904-4734-b002-88c441a29bd6@group-5D210689F711: changes role from      null to FOLLOWER at term 0 for startAsFollower
2019-10-15 03:30:58,459 [pool-429-thread-1] INFO  impl.RoleInfo (RoleInfo.java:updateAndGet(143)) - 572ff2ee-e904-4734-b002-88c441a29bd6: start FollowerState
2019-10-15 03:30:58,459 [pool-429-thread-1] INFO  util.JmxRegister (JmxRegister.java:tryRegister(44)) - Successfully registered JMX Bean with object name Ratis:service=RaftServer,group=group-5D210689F711,id=572ff2ee-e904-4734-b002-88c441a29bd6
2019-10-15 03:30:58,462 [RatisPipelineUtilsThread] INFO  pipeline.PipelineStateManager (PipelineStateManager.java:addPipeline(56)) - Created pipeline Pipeline[ Id: f338bfd8-3dfe-4ec0-b431-5d210689f711, Nodes: 572ff2ee-e904-4734-b002-88c441a29bd6{ip: 192.168.157.236, host: pr-hdds-2278-dv8k5-3424803466, networkLocation: /default-rack, certSerialId: null}, Type:RATIS, Factor:ONE, State:OPEN]
2019-10-15 03:30:58,473 [grpc-default-executor-8] INFO  impl.RaftServerProxy (RaftServerProxy.java:addNew(89)) - 62bb45c5-64cf-4b95-a2f8-324b07832301: addNew group-30AE0A8426B2:[62bb45c5-64cf-4b95-a2f8-324b07832301:192.168.157.236:33312] returns group-30AE0A8426B2:java.util.concurrent.CompletableFuture@5abf0dcf[Not completed]
2019-10-15 03:30:58,474 [pool-439-thread-1] INFO  impl.RaftServerImpl (RaftServerImpl.java:<init>(95)) - 62bb45c5-64cf-4b95-a2f8-324b07832301: new RaftServerImpl for group-30AE0A8426B2:[62bb45c5-64cf-4b95-a2f8-324b07832301:192.168.157.236:33312] with ContainerStateMachine:uninitialized
2019-10-15 03:30:58,475 [pool-439-thread-1] INFO  server.RaftServerConfigKeys (ConfUtils.java:logGet(43)) - raft.server.rpc.timeout.min = 5s (custom)
2019-10-15 03:30:58,475 [pool-439-thread-1] INFO  server.RaftServerConfigKeys (ConfUtils.java:logGet(43)) - raft.server.rpc.timeout.max = 5200ms (custom)
2019-10-15 03:30:58,475 [pool-439-thread-1] INFO  server.RaftServerConfigKeys (ConfUtils.java:logGet(43)) - raft.server.rpcslowness.timeout = 120s (custom)
2019-10-15 03:30:58,475 [pool-439-thread-1] INFO  server.RaftServerConfigKeys (ConfUtils.java:logGet(43)) - raft.server.sleep.deviation.threshold = 300 (default)
2019-10-15 03:30:58,475 [pool-439-thread-1] INFO  server.RaftServerConfigKeys (ConfUtils.java:logGet(43)) - raft.server.log.appender.install.snapshot.enabled = false (custom)
2019-10-15 03:30:58,475 [pool-439-thread-1] INFO  impl.RaftServerImpl (ServerState.java:<init>(103)) - 62bb45c5-64cf-4b95-a2f8-324b07832301@group-30AE0A8426B2: ConfigurationManager, init=-1: [62bb45c5-64cf-4b95-a2f8-324b07832301:192.168.157.236:33312], old=null, confs=<EMPTY_MAP>
2019-10-15 03:30:58,475 [pool-439-thread-1] INFO  server.RaftServerConfigKeys (ConfUtils.java:logGet(43)) - raft.server.storage.dir = [/workdir/hadoop-ozone/integration-test/target/test-dir/MiniOzoneClusterImpl-5622c653-33f5-44d9-9ba1-ef695601b467/datanode-3/data/ratis] (custom)
2019-10-15 03:30:58,476 [pool-439-thread-1] INFO  server.RaftServerConfigKeys (ConfUtils.java:logGet(43)) - raft.server.log.corruption.policy = EXCEPTION (default)
2019-10-15 03:30:58,476 [pool-439-thread-1] INFO  storage.RaftStorageDirectory (RaftStorageDirectory.java:analyzeStorage(246)) - The storage directory /workdir/hadoop-ozone/integration-test/target/test-dir/MiniOzoneClusterImpl-5622c653-33f5-44d9-9ba1-ef695601b467/datanode-3/data/ratis/d53265cd-eabc-418d-b613-30ae0a8426b2 does not exist. Creating ...
2019-10-15 03:30:58,504 [pool-439-thread-1] INFO  storage.RaftStorageDirectory (RaftStorageDirectory.java:tryLock(328)) - Lock on /workdir/hadoop-ozone/integration-test/target/test-dir/MiniOzoneClusterImpl-5622c653-33f5-44d9-9ba1-ef695601b467/datanode-3/data/ratis/d53265cd-eabc-418d-b613-30ae0a8426b2/in_use.lock acquired by nodename 7146@pr-hdds-2278-dv8k5-3424803466
2019-10-15 03:30:58,525 [IPC Server handler 3 on 40138] INFO  net.NetworkTopology (NetworkTopologyImpl.java:add(111)) - Added a new node: /default-rack/3e1caccb-f9ab-465e-a648-53867b9772ef
2019-10-15 03:30:58,525 [IPC Server handler 3 on 40138] INFO  node.SCMNodeManager (SCMNodeManager.java:register(268)) - Registered Data node : 3e1caccb-f9ab-465e-a648-53867b9772ef{ip: 192.168.157.236, host: pr-hdds-2278-dv8k5-3424803466, networkLocation: /default-rack, certSerialId: null}
2019-10-15 03:30:58,535 [pool-439-thread-1] INFO  storage.RaftStorage (RaftStorage.java:format(84)) - Storage directory /workdir/hadoop-ozone/integration-test/target/test-dir/MiniOzoneClusterImpl-5622c653-33f5-44d9-9ba1-ef695601b467/datanode-3/data/ratis/d53265cd-eabc-418d-b613-30ae0a8426b2 has been successfully formatted.
2019-10-15 03:30:58,535 [pool-439-thread-1] INFO  ratis.ContainerStateMachine (ContainerStateMachine.java:loadSnapshot(231)) - group-30AE0A8426B2: The snapshot info is null. Setting the last applied indexto:(t:0, i:~)
2019-10-15 03:30:58,535 [pool-439-thread-1] INFO  server.RaftServerConfigKeys (ConfUtils.java:logGet(43)) - raft.server.notification.no-leader.timeout = 120s (custom)
2019-10-15 03:30:58,535 [pool-439-thread-1] INFO  server.RaftServerConfigKeys (ConfUtils.java:logGet(43)) - raft.server.log.use.memory = false (default)
2019-10-15 03:30:58,535 [pool-439-thread-1] INFO  server.RaftServerConfigKeys (ConfUtils.java:logGet(43)) - raft.server.log.purge.gap = 1000000 (custom)
2019-10-15 03:30:58,536 [pool-439-thread-1] INFO  server.RaftServerConfigKeys (ConfUtils.java:logGet(43)) - raft.server.log.appender.buffer.byte-limit = 33554432 (custom)
2019-10-15 03:30:58,536 [pool-439-thread-1] INFO  server.RaftServerConfigKeys (ConfUtils.java:logGet(43)) - raft.server.log.segment.size.max = 1048576 (custom)
2019-10-15 03:30:58,537 [pool-439-thread-1] INFO  server.RaftServerConfigKeys (ConfUtils.java:logGet(43)) - raft.server.log.segment.cache.num.max = 2 (custom)
2019-10-15 03:30:58,537 [pool-439-thread-1] INFO  segmented.SegmentedRaftLogWorker (SegmentedRaftLogWorker.java:<init>(173)) - new 62bb45c5-64cf-4b95-a2f8-324b07832301@group-30AE0A8426B2-SegmentedRaftLogWorker for RaftStorage:Storage Directory /workdir/hadoop-ozone/integration-test/target/test-dir/MiniOzoneClusterImpl-5622c653-33f5-44d9-9ba1-ef695601b467/datanode-3/data/ratis/d53265cd-eabc-418d-b613-30ae0a8426b2
2019-10-15 03:30:58,537 [pool-439-thread-1] INFO  server.RaftServerConfigKeys (ConfUtils.java:logGet(43)) - raft.server.log.queue.byte-limit = 2147483647 (custom)
2019-10-15 03:30:58,538 [pool-439-thread-1] INFO  server.RaftServerConfigKeys (ConfUtils.java:logGet(43)) - raft.server.log.queue.element-limit = 1024 (custom)
2019-10-15 03:30:58,538 [pool-439-thread-1] INFO  server.RaftServerConfigKeys (ConfUtils.java:logGet(43)) - raft.server.log.segment.size.max = 1048576 (custom)
2019-10-15 03:30:58,538 [pool-439-thread-1] INFO  server.RaftServerConfigKeys (ConfUtils.java:logGet(43)) - raft.server.log.preallocated.size = 16384 (custom)
2019-10-15 03:30:58,538 [pool-439-thread-1] INFO  server.RaftServerConfigKeys (ConfUtils.java:logGet(43)) - raft.server.log.write.buffer.size = 33554432 (custom)
2019-10-15 03:30:58,538 [pool-439-thread-1] INFO  server.RaftServerConfigKeys (ConfUtils.java:logGet(43)) - raft.server.log.force.sync.num = 128 (default)
2019-10-15 03:30:58,538 [pool-439-thread-1] INFO  server.RaftServerConfigKeys (ConfUtils.java:logGet(43)) - raft.server.log.statemachine.data.sync = true (default)
2019-10-15 03:30:58,538 [pool-439-thread-1] INFO  server.RaftServerConfigKeys (ConfUtils.java:logGet(43)) - raft.server.log.statemachine.data.sync.timeout = 10s (default)
2019-10-15 03:30:58,539 [pool-439-thread-1] INFO  server.RaftServerConfigKeys (ConfUtils.java:logGet(43)) - raft.server.log.statemachine.data.sync.timeout.retry = -1 (default)
2019-10-15 03:30:58,539 [pool-439-thread-1] INFO  server.RaftServerConfigKeys (ConfUtils.java:logGet(43)) - raft.server.log.statemachine.data.caching.enabled = true (custom)
2019-10-15 03:30:58,539 [pool-439-thread-1] INFO  segmented.SegmentedRaftLogWorker (SegmentedRaftLogWorker.java:lambda$new$0(128)) - 62bb45c5-64cf-4b95-a2f8-324b07832301@group-30AE0A8426B2-SegmentedRaftLogWorker: flushIndex: setUnconditionally 0 -> -1
2019-10-15 03:30:58,540 [pool-439-thread-1] INFO  server.RaftServerConfigKeys (ConfUtils.java:logGet(43)) - raft.server.snapshot.auto.trigger.enabled = true (custom)
2019-10-15 03:30:58,540 [pool-439-thread-1] INFO  server.RaftServerConfigKeys (ConfUtils.java:logGet(43)) - raft.server.snapshot.auto.trigger.threshold = 10000 (custom)
2019-10-15 03:30:58,540 [pool-439-thread-1] INFO  server.RaftServerConfigKeys (ConfUtils.java:logGet(43)) - raft.server.snapshot.retention.file.num = 5 (custom)
2019-10-15 03:30:58,540 [pool-439-thread-1] INFO  server.RaftServerConfigKeys (ConfUtils.java:logGet(43)) - raft.server.retrycache.expirytime = 600000ms (custom)
2019-10-15 03:30:58,541 [pool-439-thread-1] INFO  impl.RaftServerImpl (RaftServerImpl.java:start(181)) - 62bb45c5-64cf-4b95-a2f8-324b07832301@group-30AE0A8426B2: start as a follower, conf=-1: [62bb45c5-64cf-4b95-a2f8-324b07832301:192.168.157.236:33312], old=null
2019-10-15 03:30:58,542 [pool-439-thread-1] INFO  impl.RaftServerImpl (RaftServerImpl.java:setRole(170)) - 62bb45c5-64cf-4b95-a2f8-324b07832301@group-30AE0A8426B2: changes role from      null to FOLLOWER at term 0 for startAsFollower
2019-10-15 03:30:58,542 [pool-439-thread-1] INFO  impl.RoleInfo (RoleInfo.java:updateAndGet(143)) - 62bb45c5-64cf-4b95-a2f8-324b07832301: start FollowerState
2019-10-15 03:30:58,559 [pool-439-thread-1] INFO  util.JmxRegister (JmxRegister.java:tryRegister(44)) - Successfully registered JMX Bean with object name Ratis:service=RaftServer,group=group-30AE0A8426B2,id=62bb45c5-64cf-4b95-a2f8-324b07832301
2019-10-15 03:30:58,570 [RatisPipelineUtilsThread] INFO  pipeline.PipelineStateManager (PipelineStateManager.java:addPipeline(56)) - Created pipeline Pipeline[ Id: d53265cd-eabc-418d-b613-30ae0a8426b2, Nodes: 62bb45c5-64cf-4b95-a2f8-324b07832301{ip: 192.168.157.236, host: pr-hdds-2278-dv8k5-3424803466, networkLocation: /default-rack, certSerialId: null}, Type:RATIS, Factor:ONE, State:OPEN]
2019-10-15 03:30:58,578 [grpc-default-executor-8] INFO  impl.RaftServerProxy (RaftServerProxy.java:addNew(89)) - 3e1caccb-f9ab-465e-a648-53867b9772ef: addNew group-F1BCD244E8F5:[3e1caccb-f9ab-465e-a648-53867b9772ef:192.168.157.236:39345] returns group-F1BCD244E8F5:java.util.concurrent.CompletableFuture@45d657d1[Not completed]
2019-10-15 03:30:58,579 [pool-449-thread-1] INFO  impl.RaftServerImpl (RaftServerImpl.java:<init>(95)) - 3e1caccb-f9ab-465e-a648-53867b9772ef: new RaftServerImpl for group-F1BCD244E8F5:[3e1caccb-f9ab-465e-a648-53867b9772ef:192.168.157.236:39345] with ContainerStateMachine:uninitialized
2019-10-15 03:30:58,580 [pool-449-thread-1] INFO  server.RaftServerConfigKeys (ConfUtils.java:logGet(43)) - raft.server.rpc.timeout.min = 5s (custom)
2019-10-15 03:30:58,580 [pool-449-thread-1] INFO  server.RaftServerConfigKeys (ConfUtils.java:logGet(43)) - raft.server.rpc.timeout.max = 5200ms (custom)
2019-10-15 03:30:58,580 [pool-449-thread-1] INFO  server.RaftServerConfigKeys (ConfUtils.java:logGet(43)) - raft.server.rpcslowness.timeout = 120s (custom)
2019-10-15 03:30:58,580 [pool-449-thread-1] INFO  server.RaftServerConfigKeys (ConfUtils.java:logGet(43)) - raft.server.sleep.deviation.threshold = 300 (default)
2019-10-15 03:30:58,580 [pool-449-thread-1] INFO  server.RaftServerConfigKeys (ConfUtils.java:logGet(43)) - raft.server.log.appender.install.snapshot.enabled = false (custom)
2019-10-15 03:30:58,580 [pool-449-thread-1] INFO  impl.RaftServerImpl (ServerState.java:<init>(103)) - 3e1caccb-f9ab-465e-a648-53867b9772ef@group-F1BCD244E8F5: ConfigurationManager, init=-1: [3e1caccb-f9ab-465e-a648-53867b9772ef:192.168.157.236:39345], old=null, confs=<EMPTY_MAP>
2019-10-15 03:30:58,580 [pool-449-thread-1] INFO  server.RaftServerConfigKeys (ConfUtils.java:logGet(43)) - raft.server.storage.dir = [/workdir/hadoop-ozone/integration-test/target/test-dir/MiniOzoneClusterImpl-5622c653-33f5-44d9-9ba1-ef695601b467/datanode-4/data/ratis] (custom)
2019-10-15 03:30:58,580 [pool-449-thread-1] INFO  server.RaftServerConfigKeys (ConfUtils.java:logGet(43)) - raft.server.log.corruption.policy = EXCEPTION (default)
2019-10-15 03:30:58,581 [pool-449-thread-1] INFO  storage.RaftStorageDirectory (RaftStorageDirectory.java:analyzeStorage(246)) - The storage directory /workdir/hadoop-ozone/integration-test/target/test-dir/MiniOzoneClusterImpl-5622c653-33f5-44d9-9ba1-ef695601b467/datanode-4/data/ratis/6c8aa01b-a7aa-4998-aa34-f1bcd244e8f5 does not exist. Creating ...
2019-10-15 03:30:58,585 [IPC Server handler 5 on 40138] INFO  net.NetworkTopology (NetworkTopologyImpl.java:add(111)) - Added a new node: /default-rack/19a9e230-345c-4f8a-b3b2-bd4c3694799a
2019-10-15 03:30:58,585 [IPC Server handler 5 on 40138] INFO  node.SCMNodeManager (SCMNodeManager.java:register(268)) - Registered Data node : 19a9e230-345c-4f8a-b3b2-bd4c3694799a{ip: 192.168.157.236, host: pr-hdds-2278-dv8k5-3424803466, networkLocation: /default-rack, certSerialId: null}
2019-10-15 03:30:58,610 [pool-449-thread-1] INFO  storage.RaftStorageDirectory (RaftStorageDirectory.java:tryLock(328)) - Lock on /workdir/hadoop-ozone/integration-test/target/test-dir/MiniOzoneClusterImpl-5622c653-33f5-44d9-9ba1-ef695601b467/datanode-4/data/ratis/6c8aa01b-a7aa-4998-aa34-f1bcd244e8f5/in_use.lock acquired by nodename 7146@pr-hdds-2278-dv8k5-3424803466
2019-10-15 03:30:58,635 [pool-449-thread-1] INFO  storage.RaftStorage (RaftStorage.java:format(84)) - Storage directory /workdir/hadoop-ozone/integration-test/target/test-dir/MiniOzoneClusterImpl-5622c653-33f5-44d9-9ba1-ef695601b467/datanode-4/data/ratis/6c8aa01b-a7aa-4998-aa34-f1bcd244e8f5 has been successfully formatted.
2019-10-15 03:30:58,636 [pool-449-thread-1] INFO  ratis.ContainerStateMachine (ContainerStateMachine.java:loadSnapshot(231)) - group-F1BCD244E8F5: The snapshot info is null. Setting the last applied indexto:(t:0, i:~)
2019-10-15 03:30:58,636 [pool-449-thread-1] INFO  server.RaftServerConfigKeys (ConfUtils.java:logGet(43)) - raft.server.notification.no-leader.timeout = 120s (custom)
2019-10-15 03:30:58,636 [pool-449-thread-1] INFO  server.RaftServerConfigKeys (ConfUtils.java:logGet(43)) - raft.server.log.use.memory = false (default)
2019-10-15 03:30:58,636 [pool-449-thread-1] INFO  server.RaftServerConfigKeys (ConfUtils.java:logGet(43)) - raft.server.log.purge.gap = 1000000 (custom)
2019-10-15 03:30:58,636 [pool-449-thread-1] INFO  server.RaftServerConfigKeys (ConfUtils.java:logGet(43)) - raft.server.log.appender.buffer.byte-limit = 33554432 (custom)
2019-10-15 03:30:58,636 [pool-449-thread-1] INFO  server.RaftServerConfigKeys (ConfUtils.java:logGet(43)) - raft.server.log.segment.size.max = 1048576 (custom)
2019-10-15 03:30:58,637 [pool-449-thread-1] INFO  server.RaftServerConfigKeys (ConfUtils.java:logGet(43)) - raft.server.log.segment.cache.num.max = 2 (custom)
2019-10-15 03:30:58,638 [pool-449-thread-1] INFO  segmented.SegmentedRaftLogWorker (SegmentedRaftLogWorker.java:<init>(173)) - new 3e1caccb-f9ab-465e-a648-53867b9772ef@group-F1BCD244E8F5-SegmentedRaftLogWorker for RaftStorage:Storage Directory /workdir/hadoop-ozone/integration-test/target/test-dir/MiniOzoneClusterImpl-5622c653-33f5-44d9-9ba1-ef695601b467/datanode-4/data/ratis/6c8aa01b-a7aa-4998-aa34-f1bcd244e8f5
2019-10-15 03:30:58,638 [pool-449-thread-1] INFO  server.RaftServerConfigKeys (ConfUtils.java:logGet(43)) - raft.server.log.queue.byte-limit = 2147483647 (custom)
2019-10-15 03:30:58,638 [pool-449-thread-1] INFO  server.RaftServerConfigKeys (ConfUtils.java:logGet(43)) - raft.server.log.queue.element-limit = 1024 (custom)
2019-10-15 03:30:58,638 [pool-449-thread-1] INFO  server.RaftServerConfigKeys (ConfUtils.java:logGet(43)) - raft.server.log.segment.size.max = 1048576 (custom)
2019-10-15 03:30:58,638 [pool-449-thread-1] INFO  server.RaftServerConfigKeys (ConfUtils.java:logGet(43)) - raft.server.log.preallocated.size = 16384 (custom)
2019-10-15 03:30:58,638 [pool-449-thread-1] INFO  server.RaftServerConfigKeys (ConfUtils.java:logGet(43)) - raft.server.log.write.buffer.size = 33554432 (custom)
2019-10-15 03:30:58,638 [pool-449-thread-1] INFO  server.RaftServerConfigKeys (ConfUtils.java:logGet(43)) - raft.server.log.force.sync.num = 128 (default)
2019-10-15 03:30:58,638 [pool-449-thread-1] INFO  server.RaftServerConfigKeys (ConfUtils.java:logGet(43)) - raft.server.log.statemachine.data.sync = true (default)
2019-10-15 03:30:58,638 [pool-449-thread-1] INFO  server.RaftServerConfigKeys (ConfUtils.java:logGet(43)) - raft.server.log.statemachine.data.sync.timeout = 10s (default)
2019-10-15 03:30:58,638 [pool-449-thread-1] INFO  server.RaftServerConfigKeys (ConfUtils.java:logGet(43)) - raft.server.log.statemachine.data.sync.timeout.retry = -1 (default)
2019-10-15 03:30:58,639 [pool-449-thread-1] INFO  server.RaftServerConfigKeys (ConfUtils.java:logGet(43)) - raft.server.log.statemachine.data.caching.enabled = true (custom)
2019-10-15 03:30:58,639 [pool-449-thread-1] INFO  segmented.SegmentedRaftLogWorker (SegmentedRaftLogWorker.java:lambda$new$0(128)) - 3e1caccb-f9ab-465e-a648-53867b9772ef@group-F1BCD244E8F5-SegmentedRaftLogWorker: flushIndex: setUnconditionally 0 -> -1
2019-10-15 03:30:58,639 [pool-449-thread-1] INFO  server.RaftServerConfigKeys (ConfUtils.java:logGet(43)) - raft.server.snapshot.auto.trigger.enabled = true (custom)
2019-10-15 03:30:58,639 [pool-449-thread-1] INFO  server.RaftServerConfigKeys (ConfUtils.java:logGet(43)) - raft.server.snapshot.auto.trigger.threshold = 10000 (custom)
2019-10-15 03:30:58,639 [pool-449-thread-1] INFO  server.RaftServerConfigKeys (ConfUtils.java:logGet(43)) - raft.server.snapshot.retention.file.num = 5 (custom)
2019-10-15 03:30:58,640 [pool-449-thread-1] INFO  server.RaftServerConfigKeys (ConfUtils.java:logGet(43)) - raft.server.retrycache.expirytime = 600000ms (custom)
2019-10-15 03:30:58,641 [pool-449-thread-1] INFO  impl.RaftServerImpl (RaftServerImpl.java:start(181)) - 3e1caccb-f9ab-465e-a648-53867b9772ef@group-F1BCD244E8F5: start as a follower, conf=-1: [3e1caccb-f9ab-465e-a648-53867b9772ef:192.168.157.236:39345], old=null
2019-10-15 03:30:58,641 [pool-449-thread-1] INFO  impl.RaftServerImpl (RaftServerImpl.java:setRole(170)) - 3e1caccb-f9ab-465e-a648-53867b9772ef@group-F1BCD244E8F5: changes role from      null to FOLLOWER at term 0 for startAsFollower
2019-10-15 03:30:58,641 [pool-449-thread-1] INFO  impl.RoleInfo (RoleInfo.java:updateAndGet(143)) - 3e1caccb-f9ab-465e-a648-53867b9772ef: start FollowerState
2019-10-15 03:30:58,641 [pool-449-thread-1] INFO  util.JmxRegister (JmxRegister.java:tryRegister(44)) - Successfully registered JMX Bean with object name Ratis:service=RaftServer,group=group-F1BCD244E8F5,id=3e1caccb-f9ab-465e-a648-53867b9772ef
2019-10-15 03:30:58,644 [RatisPipelineUtilsThread] INFO  pipeline.PipelineStateManager (PipelineStateManager.java:addPipeline(56)) - Created pipeline Pipeline[ Id: 6c8aa01b-a7aa-4998-aa34-f1bcd244e8f5, Nodes: 3e1caccb-f9ab-465e-a648-53867b9772ef{ip: 192.168.157.236, host: pr-hdds-2278-dv8k5-3424803466, networkLocation: /default-rack, certSerialId: null}, Type:RATIS, Factor:ONE, State:OPEN]
2019-10-15 03:30:58,650 [main] INFO  ozone.MiniOzoneClusterImpl (MiniOzoneClusterImpl.java:lambda$waitForClusterToBeReady$0(147)) - Waiting for cluster to be ready. Got 6 of 7 DN Heartbeats.
2019-10-15 03:30:58,652 [grpc-default-executor-8] INFO  impl.RaftServerProxy (RaftServerProxy.java:addNew(89)) - 19a9e230-345c-4f8a-b3b2-bd4c3694799a: addNew group-ABF66868BFA8:[19a9e230-345c-4f8a-b3b2-bd4c3694799a:192.168.157.236:38230] returns group-ABF66868BFA8:java.util.concurrent.CompletableFuture@2085f6da[Not completed]
2019-10-15 03:30:58,653 [IPC Server handler 7 on 40138] INFO  net.NetworkTopology (NetworkTopologyImpl.java:add(111)) - Added a new node: /default-rack/251ee4cd-b9df-4f77-8c52-c5e9eff662c2
2019-10-15 03:30:58,653 [IPC Server handler 7 on 40138] INFO  node.SCMNodeManager (SCMNodeManager.java:register(268)) - Registered Data node : 251ee4cd-b9df-4f77-8c52-c5e9eff662c2{ip: 192.168.157.236, host: pr-hdds-2278-dv8k5-3424803466, networkLocation: /default-rack, certSerialId: null}
2019-10-15 03:30:58,654 [pool-459-thread-1] INFO  impl.RaftServerImpl (RaftServerImpl.java:<init>(95)) - 19a9e230-345c-4f8a-b3b2-bd4c3694799a: new RaftServerImpl for group-ABF66868BFA8:[19a9e230-345c-4f8a-b3b2-bd4c3694799a:192.168.157.236:38230] with ContainerStateMachine:uninitialized
2019-10-15 03:30:58,654 [pool-459-thread-1] INFO  server.RaftServerConfigKeys (ConfUtils.java:logGet(43)) - raft.server.rpc.timeout.min = 5s (custom)
2019-10-15 03:30:58,654 [pool-459-thread-1] INFO  server.RaftServerConfigKeys (ConfUtils.java:logGet(43)) - raft.server.rpc.timeout.max = 5200ms (custom)
2019-10-15 03:30:58,654 [pool-459-thread-1] INFO  server.RaftServerConfigKeys (ConfUtils.java:logGet(43)) - raft.server.rpcslowness.timeout = 120s (custom)
2019-10-15 03:30:58,654 [pool-459-thread-1] INFO  server.RaftServerConfigKeys (ConfUtils.java:logGet(43)) - raft.server.sleep.deviation.threshold = 300 (default)
2019-10-15 03:30:58,655 [pool-459-thread-1] INFO  server.RaftServerConfigKeys (ConfUtils.java:logGet(43)) - raft.server.log.appender.install.snapshot.enabled = false (custom)
2019-10-15 03:30:58,655 [pool-459-thread-1] INFO  impl.RaftServerImpl (ServerState.java:<init>(103)) - 19a9e230-345c-4f8a-b3b2-bd4c3694799a@group-ABF66868BFA8: ConfigurationManager, init=-1: [19a9e230-345c-4f8a-b3b2-bd4c3694799a:192.168.157.236:38230], old=null, confs=<EMPTY_MAP>
2019-10-15 03:30:58,655 [pool-459-thread-1] INFO  server.RaftServerConfigKeys (ConfUtils.java:logGet(43)) - raft.server.storage.dir = [/workdir/hadoop-ozone/integration-test/target/test-dir/MiniOzoneClusterImpl-5622c653-33f5-44d9-9ba1-ef695601b467/datanode-5/data/ratis] (custom)
2019-10-15 03:30:58,655 [pool-459-thread-1] INFO  server.RaftServerConfigKeys (ConfUtils.java:logGet(43)) - raft.server.log.corruption.policy = EXCEPTION (default)
2019-10-15 03:30:58,655 [pool-459-thread-1] INFO  storage.RaftStorageDirectory (RaftStorageDirectory.java:analyzeStorage(246)) - The storage directory /workdir/hadoop-ozone/integration-test/target/test-dir/MiniOzoneClusterImpl-5622c653-33f5-44d9-9ba1-ef695601b467/datanode-5/data/ratis/e3f331a1-c291-4973-9d98-abf66868bfa8 does not exist. Creating ...
2019-10-15 03:30:58,678 [pool-459-thread-1] INFO  storage.RaftStorageDirectory (RaftStorageDirectory.java:tryLock(328)) - Lock on /workdir/hadoop-ozone/integration-test/target/test-dir/MiniOzoneClusterImpl-5622c653-33f5-44d9-9ba1-ef695601b467/datanode-5/data/ratis/e3f331a1-c291-4973-9d98-abf66868bfa8/in_use.lock acquired by nodename 7146@pr-hdds-2278-dv8k5-3424803466
2019-10-15 03:30:58,703 [pool-459-thread-1] INFO  storage.RaftStorage (RaftStorage.java:format(84)) - Storage directory /workdir/hadoop-ozone/integration-test/target/test-dir/MiniOzoneClusterImpl-5622c653-33f5-44d9-9ba1-ef695601b467/datanode-5/data/ratis/e3f331a1-c291-4973-9d98-abf66868bfa8 has been successfully formatted.
2019-10-15 03:30:58,703 [pool-459-thread-1] INFO  ratis.ContainerStateMachine (ContainerStateMachine.java:loadSnapshot(231)) - group-ABF66868BFA8: The snapshot info is null. Setting the last applied indexto:(t:0, i:~)
2019-10-15 03:30:58,703 [pool-459-thread-1] INFO  server.RaftServerConfigKeys (ConfUtils.java:logGet(43)) - raft.server.notification.no-leader.timeout = 120s (custom)
2019-10-15 03:30:58,703 [pool-459-thread-1] INFO  server.RaftServerConfigKeys (ConfUtils.java:logGet(43)) - raft.server.log.use.memory = false (default)
2019-10-15 03:30:58,704 [pool-459-thread-1] INFO  server.RaftServerConfigKeys (ConfUtils.java:logGet(43)) - raft.server.log.purge.gap = 1000000 (custom)
2019-10-15 03:30:58,704 [pool-459-thread-1] INFO  server.RaftServerConfigKeys (ConfUtils.java:logGet(43)) - raft.server.log.appender.buffer.byte-limit = 33554432 (custom)
2019-10-15 03:30:58,704 [pool-459-thread-1] INFO  server.RaftServerConfigKeys (ConfUtils.java:logGet(43)) - raft.server.log.segment.size.max = 1048576 (custom)
2019-10-15 03:30:58,705 [pool-459-thread-1] INFO  server.RaftServerConfigKeys (ConfUtils.java:logGet(43)) - raft.server.log.segment.cache.num.max = 2 (custom)
2019-10-15 03:30:58,705 [pool-459-thread-1] INFO  segmented.SegmentedRaftLogWorker (SegmentedRaftLogWorker.java:<init>(173)) - new 19a9e230-345c-4f8a-b3b2-bd4c3694799a@group-ABF66868BFA8-SegmentedRaftLogWorker for RaftStorage:Storage Directory /workdir/hadoop-ozone/integration-test/target/test-dir/MiniOzoneClusterImpl-5622c653-33f5-44d9-9ba1-ef695601b467/datanode-5/data/ratis/e3f331a1-c291-4973-9d98-abf66868bfa8
2019-10-15 03:30:58,705 [pool-459-thread-1] INFO  server.RaftServerConfigKeys (ConfUtils.java:logGet(43)) - raft.server.log.queue.byte-limit = 2147483647 (custom)
2019-10-15 03:30:58,705 [pool-459-thread-1] INFO  server.RaftServerConfigKeys (ConfUtils.java:logGet(43)) - raft.server.log.queue.element-limit = 1024 (custom)
2019-10-15 03:30:58,706 [pool-459-thread-1] INFO  server.RaftServerConfigKeys (ConfUtils.java:logGet(43)) - raft.server.log.segment.size.max = 1048576 (custom)
2019-10-15 03:30:58,706 [pool-459-thread-1] INFO  server.RaftServerConfigKeys (ConfUtils.java:logGet(43)) - raft.server.log.preallocated.size = 16384 (custom)
2019-10-15 03:30:58,706 [pool-459-thread-1] INFO  server.RaftServerConfigKeys (ConfUtils.java:logGet(43)) - raft.server.log.write.buffer.size = 33554432 (custom)
2019-10-15 03:30:58,706 [pool-459-thread-1] INFO  server.RaftServerConfigKeys (ConfUtils.java:logGet(43)) - raft.server.log.force.sync.num = 128 (default)
2019-10-15 03:30:58,706 [pool-459-thread-1] INFO  server.RaftServerConfigKeys (ConfUtils.java:logGet(43)) - raft.server.log.statemachine.data.sync = true (default)
2019-10-15 03:30:58,706 [pool-459-thread-1] INFO  server.RaftServerConfigKeys (ConfUtils.java:logGet(43)) - raft.server.log.statemachine.data.sync.timeout = 10s (default)
2019-10-15 03:30:58,706 [pool-459-thread-1] INFO  server.RaftServerConfigKeys (ConfUtils.java:logGet(43)) - raft.server.log.statemachine.data.sync.timeout.retry = -1 (default)
2019-10-15 03:30:58,707 [pool-459-thread-1] INFO  server.RaftServerConfigKeys (ConfUtils.java:logGet(43)) - raft.server.log.statemachine.data.caching.enabled = true (custom)
2019-10-15 03:30:58,707 [pool-459-thread-1] INFO  segmented.SegmentedRaftLogWorker (SegmentedRaftLogWorker.java:lambda$new$0(128)) - 19a9e230-345c-4f8a-b3b2-bd4c3694799a@group-ABF66868BFA8-SegmentedRaftLogWorker: flushIndex: setUnconditionally 0 -> -1
2019-10-15 03:30:58,707 [pool-459-thread-1] INFO  server.RaftServerConfigKeys (ConfUtils.java:logGet(43)) - raft.server.snapshot.auto.trigger.enabled = true (custom)
2019-10-15 03:30:58,707 [pool-459-thread-1] INFO  server.RaftServerConfigKeys (ConfUtils.java:logGet(43)) - raft.server.snapshot.auto.trigger.threshold = 10000 (custom)
2019-10-15 03:30:58,707 [pool-459-thread-1] INFO  server.RaftServerConfigKeys (ConfUtils.java:logGet(43)) - raft.server.snapshot.retention.file.num = 5 (custom)
2019-10-15 03:30:58,707 [pool-459-thread-1] INFO  server.RaftServerConfigKeys (ConfUtils.java:logGet(43)) - raft.server.retrycache.expirytime = 600000ms (custom)
2019-10-15 03:30:58,709 [pool-459-thread-1] INFO  impl.RaftServerImpl (RaftServerImpl.java:start(181)) - 19a9e230-345c-4f8a-b3b2-bd4c3694799a@group-ABF66868BFA8: start as a follower, conf=-1: [19a9e230-345c-4f8a-b3b2-bd4c3694799a:192.168.157.236:38230], old=null
2019-10-15 03:30:58,709 [pool-459-thread-1] INFO  impl.RaftServerImpl (RaftServerImpl.java:setRole(170)) - 19a9e230-345c-4f8a-b3b2-bd4c3694799a@group-ABF66868BFA8: changes role from      null to FOLLOWER at term 0 for startAsFollower
2019-10-15 03:30:58,709 [pool-459-thread-1] INFO  impl.RoleInfo (RoleInfo.java:updateAndGet(143)) - 19a9e230-345c-4f8a-b3b2-bd4c3694799a: start FollowerState
2019-10-15 03:30:58,709 [pool-459-thread-1] INFO  util.JmxRegister (JmxRegister.java:tryRegister(44)) - Successfully registered JMX Bean with object name Ratis:service=RaftServer,group=group-ABF66868BFA8,id=19a9e230-345c-4f8a-b3b2-bd4c3694799a
2019-10-15 03:30:58,712 [RatisPipelineUtilsThread] INFO  pipeline.PipelineStateManager (PipelineStateManager.java:addPipeline(56)) - Created pipeline Pipeline[ Id: e3f331a1-c291-4973-9d98-abf66868bfa8, Nodes: 19a9e230-345c-4f8a-b3b2-bd4c3694799a{ip: 192.168.157.236, host: pr-hdds-2278-dv8k5-3424803466, networkLocation: /default-rack, certSerialId: null}, Type:RATIS, Factor:ONE, State:OPEN]
2019-10-15 03:30:58,728 [grpc-default-executor-8] INFO  impl.RaftServerProxy (RaftServerProxy.java:addNew(89)) - 251ee4cd-b9df-4f77-8c52-c5e9eff662c2: addNew group-656794984202:[251ee4cd-b9df-4f77-8c52-c5e9eff662c2:192.168.157.236:44097] returns group-656794984202:java.util.concurrent.CompletableFuture@c451580[Not completed]
2019-10-15 03:30:58,729 [pool-469-thread-1] INFO  impl.RaftServerImpl (RaftServerImpl.java:<init>(95)) - 251ee4cd-b9df-4f77-8c52-c5e9eff662c2: new RaftServerImpl for group-656794984202:[251ee4cd-b9df-4f77-8c52-c5e9eff662c2:192.168.157.236:44097] with ContainerStateMachine:uninitialized
2019-10-15 03:30:58,729 [pool-469-thread-1] INFO  server.RaftServerConfigKeys (ConfUtils.java:logGet(43)) - raft.server.rpc.timeout.min = 5s (custom)
2019-10-15 03:30:58,729 [pool-469-thread-1] INFO  server.RaftServerConfigKeys (ConfUtils.java:logGet(43)) - raft.server.rpc.timeout.max = 5200ms (custom)
2019-10-15 03:30:58,729 [pool-469-thread-1] INFO  server.RaftServerConfigKeys (ConfUtils.java:logGet(43)) - raft.server.rpcslowness.timeout = 120s (custom)
2019-10-15 03:30:58,729 [pool-469-thread-1] INFO  server.RaftServerConfigKeys (ConfUtils.java:logGet(43)) - raft.server.sleep.deviation.threshold = 300 (default)
2019-10-15 03:30:58,729 [pool-469-thread-1] INFO  server.RaftServerConfigKeys (ConfUtils.java:logGet(43)) - raft.server.log.appender.install.snapshot.enabled = false (custom)
2019-10-15 03:30:58,729 [pool-469-thread-1] INFO  impl.RaftServerImpl (ServerState.java:<init>(103)) - 251ee4cd-b9df-4f77-8c52-c5e9eff662c2@group-656794984202: ConfigurationManager, init=-1: [251ee4cd-b9df-4f77-8c52-c5e9eff662c2:192.168.157.236:44097], old=null, confs=<EMPTY_MAP>
2019-10-15 03:30:58,729 [pool-469-thread-1] INFO  server.RaftServerConfigKeys (ConfUtils.java:logGet(43)) - raft.server.storage.dir = [/workdir/hadoop-ozone/integration-test/target/test-dir/MiniOzoneClusterImpl-5622c653-33f5-44d9-9ba1-ef695601b467/datanode-6/data/ratis] (custom)
2019-10-15 03:30:58,729 [pool-469-thread-1] INFO  server.RaftServerConfigKeys (ConfUtils.java:logGet(43)) - raft.server.log.corruption.policy = EXCEPTION (default)
2019-10-15 03:30:58,730 [pool-469-thread-1] INFO  storage.RaftStorageDirectory (RaftStorageDirectory.java:analyzeStorage(246)) - The storage directory /workdir/hadoop-ozone/integration-test/target/test-dir/MiniOzoneClusterImpl-5622c653-33f5-44d9-9ba1-ef695601b467/datanode-6/data/ratis/bf91cc34-1aef-45ce-a4da-656794984202 does not exist. Creating ...
2019-10-15 03:30:58,753 [pool-469-thread-1] INFO  storage.RaftStorageDirectory (RaftStorageDirectory.java:tryLock(328)) - Lock on /workdir/hadoop-ozone/integration-test/target/test-dir/MiniOzoneClusterImpl-5622c653-33f5-44d9-9ba1-ef695601b467/datanode-6/data/ratis/bf91cc34-1aef-45ce-a4da-656794984202/in_use.lock acquired by nodename 7146@pr-hdds-2278-dv8k5-3424803466
2019-10-15 03:30:58,779 [pool-469-thread-1] INFO  storage.RaftStorage (RaftStorage.java:format(84)) - Storage directory /workdir/hadoop-ozone/integration-test/target/test-dir/MiniOzoneClusterImpl-5622c653-33f5-44d9-9ba1-ef695601b467/datanode-6/data/ratis/bf91cc34-1aef-45ce-a4da-656794984202 has been successfully formatted.
2019-10-15 03:30:58,779 [pool-469-thread-1] INFO  ratis.ContainerStateMachine (ContainerStateMachine.java:loadSnapshot(231)) - group-656794984202: The snapshot info is null. Setting the last applied indexto:(t:0, i:~)
2019-10-15 03:30:58,779 [pool-469-thread-1] INFO  server.RaftServerConfigKeys (ConfUtils.java:logGet(43)) - raft.server.notification.no-leader.timeout = 120s (custom)
2019-10-15 03:30:58,779 [pool-469-thread-1] INFO  server.RaftServerConfigKeys (ConfUtils.java:logGet(43)) - raft.server.log.use.memory = false (default)
2019-10-15 03:30:58,779 [pool-469-thread-1] INFO  server.RaftServerConfigKeys (ConfUtils.java:logGet(43)) - raft.server.log.purge.gap = 1000000 (custom)
2019-10-15 03:30:58,780 [pool-469-thread-1] INFO  server.RaftServerConfigKeys (ConfUtils.java:logGet(43)) - raft.server.log.appender.buffer.byte-limit = 33554432 (custom)
2019-10-15 03:30:58,780 [pool-469-thread-1] INFO  server.RaftServerConfigKeys (ConfUtils.java:logGet(43)) - raft.server.log.segment.size.max = 1048576 (custom)
2019-10-15 03:30:58,781 [pool-469-thread-1] INFO  server.RaftServerConfigKeys (ConfUtils.java:logGet(43)) - raft.server.log.segment.cache.num.max = 2 (custom)
2019-10-15 03:30:58,781 [pool-469-thread-1] INFO  segmented.SegmentedRaftLogWorker (SegmentedRaftLogWorker.java:<init>(173)) - new 251ee4cd-b9df-4f77-8c52-c5e9eff662c2@group-656794984202-SegmentedRaftLogWorker for RaftStorage:Storage Directory /workdir/hadoop-ozone/integration-test/target/test-dir/MiniOzoneClusterImpl-5622c653-33f5-44d9-9ba1-ef695601b467/datanode-6/data/ratis/bf91cc34-1aef-45ce-a4da-656794984202
2019-10-15 03:30:58,781 [pool-469-thread-1] INFO  server.RaftServerConfigKeys (ConfUtils.java:logGet(43)) - raft.server.log.queue.byte-limit = 2147483647 (custom)
2019-10-15 03:30:58,781 [pool-469-thread-1] INFO  server.RaftServerConfigKeys (ConfUtils.java:logGet(43)) - raft.server.log.queue.element-limit = 1024 (custom)
2019-10-15 03:30:58,781 [pool-469-thread-1] INFO  server.RaftServerConfigKeys (ConfUtils.java:logGet(43)) - raft.server.log.segment.size.max = 1048576 (custom)
2019-10-15 03:30:58,781 [pool-469-thread-1] INFO  server.RaftServerConfigKeys (ConfUtils.java:logGet(43)) - raft.server.log.preallocated.size = 16384 (custom)
2019-10-15 03:30:58,781 [pool-469-thread-1] INFO  server.RaftServerConfigKeys (ConfUtils.java:logGet(43)) - raft.server.log.write.buffer.size = 33554432 (custom)
2019-10-15 03:30:58,781 [pool-469-thread-1] INFO  server.RaftServerConfigKeys (ConfUtils.java:logGet(43)) - raft.server.log.force.sync.num = 128 (default)
2019-10-15 03:30:58,782 [pool-469-thread-1] INFO  server.RaftServerConfigKeys (ConfUtils.java:logGet(43)) - raft.server.log.statemachine.data.sync = true (default)
2019-10-15 03:30:58,782 [pool-469-thread-1] INFO  server.RaftServerConfigKeys (ConfUtils.java:logGet(43)) - raft.server.log.statemachine.data.sync.timeout = 10s (default)
2019-10-15 03:30:58,782 [pool-469-thread-1] INFO  server.RaftServerConfigKeys (ConfUtils.java:logGet(43)) - raft.server.log.statemachine.data.sync.timeout.retry = -1 (default)
2019-10-15 03:30:58,782 [pool-469-thread-1] INFO  server.RaftServerConfigKeys (ConfUtils.java:logGet(43)) - raft.server.log.statemachine.data.caching.enabled = true (custom)
2019-10-15 03:30:58,782 [pool-469-thread-1] INFO  segmented.SegmentedRaftLogWorker (SegmentedRaftLogWorker.java:lambda$new$0(128)) - 251ee4cd-b9df-4f77-8c52-c5e9eff662c2@group-656794984202-SegmentedRaftLogWorker: flushIndex: setUnconditionally 0 -> -1
2019-10-15 03:30:58,782 [pool-469-thread-1] INFO  server.RaftServerConfigKeys (ConfUtils.java:logGet(43)) - raft.server.snapshot.auto.trigger.enabled = true (custom)
2019-10-15 03:30:58,783 [pool-469-thread-1] INFO  server.RaftServerConfigKeys (ConfUtils.java:logGet(43)) - raft.server.snapshot.auto.trigger.threshold = 10000 (custom)
2019-10-15 03:30:58,783 [pool-469-thread-1] INFO  server.RaftServerConfigKeys (ConfUtils.java:logGet(43)) - raft.server.snapshot.retention.file.num = 5 (custom)
2019-10-15 03:30:58,783 [pool-469-thread-1] INFO  server.RaftServerConfigKeys (ConfUtils.java:logGet(43)) - raft.server.retrycache.expirytime = 600000ms (custom)
2019-10-15 03:30:58,784 [pool-469-thread-1] INFO  impl.RaftServerImpl (RaftServerImpl.java:start(181)) - 251ee4cd-b9df-4f77-8c52-c5e9eff662c2@group-656794984202: start as a follower, conf=-1: [251ee4cd-b9df-4f77-8c52-c5e9eff662c2:192.168.157.236:44097], old=null
2019-10-15 03:30:58,784 [pool-469-thread-1] INFO  impl.RaftServerImpl (RaftServerImpl.java:setRole(170)) - 251ee4cd-b9df-4f77-8c52-c5e9eff662c2@group-656794984202: changes role from      null to FOLLOWER at term 0 for startAsFollower
2019-10-15 03:30:58,784 [pool-469-thread-1] INFO  impl.RoleInfo (RoleInfo.java:updateAndGet(143)) - 251ee4cd-b9df-4f77-8c52-c5e9eff662c2: start FollowerState
2019-10-15 03:30:58,784 [pool-469-thread-1] INFO  util.JmxRegister (JmxRegister.java:tryRegister(44)) - Successfully registered JMX Bean with object name Ratis:service=RaftServer,group=group-656794984202,id=251ee4cd-b9df-4f77-8c52-c5e9eff662c2
2019-10-15 03:30:58,788 [RatisPipelineUtilsThread] INFO  pipeline.PipelineStateManager (PipelineStateManager.java:addPipeline(56)) - Created pipeline Pipeline[ Id: bf91cc34-1aef-45ce-a4da-656794984202, Nodes: 251ee4cd-b9df-4f77-8c52-c5e9eff662c2{ip: 192.168.157.236, host: pr-hdds-2278-dv8k5-3424803466, networkLocation: /default-rack, certSerialId: null}, Type:RATIS, Factor:ONE, State:OPEN]
2019-10-15 03:30:58,799 [grpc-default-executor-9] INFO  impl.RaftServerProxy (RaftServerProxy.java:addNew(89)) - 3e1caccb-f9ab-465e-a648-53867b9772ef: addNew group-7FB8756FF130:[3e1caccb-f9ab-465e-a648-53867b9772ef:192.168.157.236:39345, 572ff2ee-e904-4734-b002-88c441a29bd6:192.168.157.236:38035, 251ee4cd-b9df-4f77-8c52-c5e9eff662c2:192.168.157.236:44097] returns group-7FB8756FF130:java.util.concurrent.CompletableFuture@47e5f70[Not completed]
2019-10-15 03:30:58,801 [grpc-default-executor-11] INFO  impl.RaftServerProxy (RaftServerProxy.java:addNew(89)) - 572ff2ee-e904-4734-b002-88c441a29bd6: addNew group-7FB8756FF130:[3e1caccb-f9ab-465e-a648-53867b9772ef:192.168.157.236:39345, 572ff2ee-e904-4734-b002-88c441a29bd6:192.168.157.236:38035, 251ee4cd-b9df-4f77-8c52-c5e9eff662c2:192.168.157.236:44097] returns group-7FB8756FF130:java.util.concurrent.CompletableFuture@4708dd99[Not completed]
2019-10-15 03:30:58,803 [grpc-default-executor-9] INFO  impl.RaftServerProxy (RaftServerProxy.java:addNew(89)) - 251ee4cd-b9df-4f77-8c52-c5e9eff662c2: addNew group-7FB8756FF130:[3e1caccb-f9ab-465e-a648-53867b9772ef:192.168.157.236:39345, 572ff2ee-e904-4734-b002-88c441a29bd6:192.168.157.236:38035, 251ee4cd-b9df-4f77-8c52-c5e9eff662c2:192.168.157.236:44097] returns group-7FB8756FF130:java.util.concurrent.CompletableFuture@72bc4a30[Not completed]
2019-10-15 03:30:58,803 [pool-449-thread-1] INFO  impl.RaftServerImpl (RaftServerImpl.java:<init>(95)) - 3e1caccb-f9ab-465e-a648-53867b9772ef: new RaftServerImpl for group-7FB8756FF130:[3e1caccb-f9ab-465e-a648-53867b9772ef:192.168.157.236:39345, 572ff2ee-e904-4734-b002-88c441a29bd6:192.168.157.236:38035, 251ee4cd-b9df-4f77-8c52-c5e9eff662c2:192.168.157.236:44097] with ContainerStateMachine:uninitialized
2019-10-15 03:30:58,803 [pool-449-thread-1] INFO  server.RaftServerConfigKeys (ConfUtils.java:logGet(43)) - raft.server.rpc.timeout.min = 5s (custom)
2019-10-15 03:30:58,804 [pool-449-thread-1] INFO  server.RaftServerConfigKeys (ConfUtils.java:logGet(43)) - raft.server.rpc.timeout.max = 5200ms (custom)
2019-10-15 03:30:58,804 [pool-449-thread-1] INFO  server.RaftServerConfigKeys (ConfUtils.java:logGet(43)) - raft.server.rpcslowness.timeout = 120s (custom)
2019-10-15 03:30:58,804 [pool-429-thread-1] INFO  impl.RaftServerImpl (RaftServerImpl.java:<init>(95)) - 572ff2ee-e904-4734-b002-88c441a29bd6: new RaftServerImpl for group-7FB8756FF130:[3e1caccb-f9ab-465e-a648-53867b9772ef:192.168.157.236:39345, 572ff2ee-e904-4734-b002-88c441a29bd6:192.168.157.236:38035, 251ee4cd-b9df-4f77-8c52-c5e9eff662c2:192.168.157.236:44097] with ContainerStateMachine:uninitialized
2019-10-15 03:30:58,804 [pool-449-thread-1] INFO  server.RaftServerConfigKeys (ConfUtils.java:logGet(43)) - raft.server.sleep.deviation.threshold = 300 (default)
2019-10-15 03:30:58,804 [pool-429-thread-1] INFO  server.RaftServerConfigKeys (ConfUtils.java:logGet(43)) - raft.server.rpc.timeout.min = 5s (custom)
2019-10-15 03:30:58,804 [pool-449-thread-1] INFO  server.RaftServerConfigKeys (ConfUtils.java:logGet(43)) - raft.server.log.appender.install.snapshot.enabled = false (custom)
2019-10-15 03:30:58,804 [pool-469-thread-1] INFO  impl.RaftServerImpl (RaftServerImpl.java:<init>(95)) - 251ee4cd-b9df-4f77-8c52-c5e9eff662c2: new RaftServerImpl for group-7FB8756FF130:[3e1caccb-f9ab-465e-a648-53867b9772ef:192.168.157.236:39345, 572ff2ee-e904-4734-b002-88c441a29bd6:192.168.157.236:38035, 251ee4cd-b9df-4f77-8c52-c5e9eff662c2:192.168.157.236:44097] with ContainerStateMachine:uninitialized
2019-10-15 03:30:58,804 [pool-449-thread-1] INFO  impl.RaftServerImpl (ServerState.java:<init>(103)) - 3e1caccb-f9ab-465e-a648-53867b9772ef@group-7FB8756FF130: ConfigurationManager, init=-1: [3e1caccb-f9ab-465e-a648-53867b9772ef:192.168.157.236:39345, 572ff2ee-e904-4734-b002-88c441a29bd6:192.168.157.236:38035, 251ee4cd-b9df-4f77-8c52-c5e9eff662c2:192.168.157.236:44097], old=null, confs=<EMPTY_MAP>
2019-10-15 03:30:58,804 [pool-429-thread-1] INFO  server.RaftServerConfigKeys (ConfUtils.java:logGet(43)) - raft.server.rpc.timeout.max = 5200ms (custom)
2019-10-15 03:30:58,805 [pool-449-thread-1] INFO  server.RaftServerConfigKeys (ConfUtils.java:logGet(43)) - raft.server.storage.dir = [/workdir/hadoop-ozone/integration-test/target/test-dir/MiniOzoneClusterImpl-5622c653-33f5-44d9-9ba1-ef695601b467/datanode-4/data/ratis] (custom)
2019-10-15 03:30:58,804 [pool-469-thread-1] INFO  server.RaftServerConfigKeys (ConfUtils.java:logGet(43)) - raft.server.rpc.timeout.min = 5s (custom)
2019-10-15 03:30:58,805 [pool-429-thread-1] INFO  server.RaftServerConfigKeys (ConfUtils.java:logGet(43)) - raft.server.rpcslowness.timeout = 120s (custom)
2019-10-15 03:30:58,805 [pool-449-thread-1] INFO  server.RaftServerConfigKeys (ConfUtils.java:logGet(43)) - raft.server.log.corruption.policy = EXCEPTION (default)
2019-10-15 03:30:58,805 [pool-469-thread-1] INFO  server.RaftServerConfigKeys (ConfUtils.java:logGet(43)) - raft.server.rpc.timeout.max = 5200ms (custom)
2019-10-15 03:30:58,805 [pool-429-thread-1] INFO  server.RaftServerConfigKeys (ConfUtils.java:logGet(43)) - raft.server.sleep.deviation.threshold = 300 (default)
2019-10-15 03:30:58,805 [pool-469-thread-1] INFO  server.RaftServerConfigKeys (ConfUtils.java:logGet(43)) - raft.server.rpcslowness.timeout = 120s (custom)
2019-10-15 03:30:58,805 [pool-449-thread-1] INFO  storage.RaftStorageDirectory (RaftStorageDirectory.java:analyzeStorage(246)) - The storage directory /workdir/hadoop-ozone/integration-test/target/test-dir/MiniOzoneClusterImpl-5622c653-33f5-44d9-9ba1-ef695601b467/datanode-4/data/ratis/0f5f8057-2ac4-42f5-a277-7fb8756ff130 does not exist. Creating ...
2019-10-15 03:30:58,806 [pool-469-thread-1] INFO  server.RaftServerConfigKeys (ConfUtils.java:logGet(43)) - raft.server.sleep.deviation.threshold = 300 (default)
2019-10-15 03:30:58,806 [pool-429-thread-1] INFO  server.RaftServerConfigKeys (ConfUtils.java:logGet(43)) - raft.server.log.appender.install.snapshot.enabled = false (custom)
2019-10-15 03:30:58,806 [pool-469-thread-1] INFO  server.RaftServerConfigKeys (ConfUtils.java:logGet(43)) - raft.server.log.appender.install.snapshot.enabled = false (custom)
2019-10-15 03:30:58,806 [pool-429-thread-1] INFO  impl.RaftServerImpl (ServerState.java:<init>(103)) - 572ff2ee-e904-4734-b002-88c441a29bd6@group-7FB8756FF130: ConfigurationManager, init=-1: [3e1caccb-f9ab-465e-a648-53867b9772ef:192.168.157.236:39345, 572ff2ee-e904-4734-b002-88c441a29bd6:192.168.157.236:38035, 251ee4cd-b9df-4f77-8c52-c5e9eff662c2:192.168.157.236:44097], old=null, confs=<EMPTY_MAP>
2019-10-15 03:30:58,806 [pool-469-thread-1] INFO  impl.RaftServerImpl (ServerState.java:<init>(103)) - 251ee4cd-b9df-4f77-8c52-c5e9eff662c2@group-7FB8756FF130: ConfigurationManager, init=-1: [3e1caccb-f9ab-465e-a648-53867b9772ef:192.168.157.236:39345, 572ff2ee-e904-4734-b002-88c441a29bd6:192.168.157.236:38035, 251ee4cd-b9df-4f77-8c52-c5e9eff662c2:192.168.157.236:44097], old=null, confs=<EMPTY_MAP>
2019-10-15 03:30:58,806 [pool-429-thread-1] INFO  server.RaftServerConfigKeys (ConfUtils.java:logGet(43)) - raft.server.storage.dir = [/workdir/hadoop-ozone/integration-test/target/test-dir/MiniOzoneClusterImpl-5622c653-33f5-44d9-9ba1-ef695601b467/datanode-2/data/ratis] (custom)
2019-10-15 03:30:58,806 [pool-469-thread-1] INFO  server.RaftServerConfigKeys (ConfUtils.java:logGet(43)) - raft.server.storage.dir = [/workdir/hadoop-ozone/integration-test/target/test-dir/MiniOzoneClusterImpl-5622c653-33f5-44d9-9ba1-ef695601b467/datanode-6/data/ratis] (custom)
2019-10-15 03:30:58,807 [pool-429-thread-1] INFO  server.RaftServerConfigKeys (ConfUtils.java:logGet(43)) - raft.server.log.corruption.policy = EXCEPTION (default)
2019-10-15 03:30:58,807 [pool-469-thread-1] INFO  server.RaftServerConfigKeys (ConfUtils.java:logGet(43)) - raft.server.log.corruption.policy = EXCEPTION (default)
2019-10-15 03:30:58,807 [pool-429-thread-1] INFO  storage.RaftStorageDirectory (RaftStorageDirectory.java:analyzeStorage(246)) - The storage directory /workdir/hadoop-ozone/integration-test/target/test-dir/MiniOzoneClusterImpl-5622c653-33f5-44d9-9ba1-ef695601b467/datanode-2/data/ratis/0f5f8057-2ac4-42f5-a277-7fb8756ff130 does not exist. Creating ...
2019-10-15 03:30:58,807 [pool-469-thread-1] INFO  storage.RaftStorageDirectory (RaftStorageDirectory.java:analyzeStorage(246)) - The storage directory /workdir/hadoop-ozone/integration-test/target/test-dir/MiniOzoneClusterImpl-5622c653-33f5-44d9-9ba1-ef695601b467/datanode-6/data/ratis/0f5f8057-2ac4-42f5-a277-7fb8756ff130 does not exist. Creating ...
2019-10-15 03:30:58,831 [pool-469-thread-1] INFO  storage.RaftStorageDirectory (RaftStorageDirectory.java:tryLock(328)) - Lock on /workdir/hadoop-ozone/integration-test/target/test-dir/MiniOzoneClusterImpl-5622c653-33f5-44d9-9ba1-ef695601b467/datanode-6/data/ratis/0f5f8057-2ac4-42f5-a277-7fb8756ff130/in_use.lock acquired by nodename 7146@pr-hdds-2278-dv8k5-3424803466
2019-10-15 03:30:58,831 [pool-449-thread-1] INFO  storage.RaftStorageDirectory (RaftStorageDirectory.java:tryLock(328)) - Lock on /workdir/hadoop-ozone/integration-test/target/test-dir/MiniOzoneClusterImpl-5622c653-33f5-44d9-9ba1-ef695601b467/datanode-4/data/ratis/0f5f8057-2ac4-42f5-a277-7fb8756ff130/in_use.lock acquired by nodename 7146@pr-hdds-2278-dv8k5-3424803466
2019-10-15 03:30:58,831 [pool-429-thread-1] INFO  storage.RaftStorageDirectory (RaftStorageDirectory.java:tryLock(328)) - Lock on /workdir/hadoop-ozone/integration-test/target/test-dir/MiniOzoneClusterImpl-5622c653-33f5-44d9-9ba1-ef695601b467/datanode-2/data/ratis/0f5f8057-2ac4-42f5-a277-7fb8756ff130/in_use.lock acquired by nodename 7146@pr-hdds-2278-dv8k5-3424803466
2019-10-15 03:30:58,856 [pool-449-thread-1] INFO  storage.RaftStorage (RaftStorage.java:format(84)) - Storage directory /workdir/hadoop-ozone/integration-test/target/test-dir/MiniOzoneClusterImpl-5622c653-33f5-44d9-9ba1-ef695601b467/datanode-4/data/ratis/0f5f8057-2ac4-42f5-a277-7fb8756ff130 has been successfully formatted.
2019-10-15 03:30:58,856 [pool-429-thread-1] INFO  storage.RaftStorage (RaftStorage.java:format(84)) - Storage directory /workdir/hadoop-ozone/integration-test/target/test-dir/MiniOzoneClusterImpl-5622c653-33f5-44d9-9ba1-ef695601b467/datanode-2/data/ratis/0f5f8057-2ac4-42f5-a277-7fb8756ff130 has been successfully formatted.
2019-10-15 03:30:58,856 [pool-469-thread-1] INFO  storage.RaftStorage (RaftStorage.java:format(84)) - Storage directory /workdir/hadoop-ozone/integration-test/target/test-dir/MiniOzoneClusterImpl-5622c653-33f5-44d9-9ba1-ef695601b467/datanode-6/data/ratis/0f5f8057-2ac4-42f5-a277-7fb8756ff130 has been successfully formatted.
2019-10-15 03:30:58,857 [pool-449-thread-1] INFO  ratis.ContainerStateMachine (ContainerStateMachine.java:loadSnapshot(231)) - group-7FB8756FF130: The snapshot info is null. Setting the last applied indexto:(t:0, i:~)
2019-10-15 03:30:58,857 [pool-469-thread-1] INFO  ratis.ContainerStateMachine (ContainerStateMachine.java:loadSnapshot(231)) - group-7FB8756FF130: The snapshot info is null. Setting the last applied indexto:(t:0, i:~)
2019-10-15 03:30:58,857 [pool-429-thread-1] INFO  ratis.ContainerStateMachine (ContainerStateMachine.java:loadSnapshot(231)) - group-7FB8756FF130: The snapshot info is null. Setting the last applied indexto:(t:0, i:~)
2019-10-15 03:30:58,857 [pool-469-thread-1] INFO  server.RaftServerConfigKeys (ConfUtils.java:logGet(43)) - raft.server.notification.no-leader.timeout = 120s (custom)
2019-10-15 03:30:58,857 [pool-449-thread-1] INFO  server.RaftServerConfigKeys (ConfUtils.java:logGet(43)) - raft.server.notification.no-leader.timeout = 120s (custom)
2019-10-15 03:30:58,857 [pool-469-thread-1] INFO  server.RaftServerConfigKeys (ConfUtils.java:logGet(43)) - raft.server.log.use.memory = false (default)
2019-10-15 03:30:58,857 [pool-429-thread-1] INFO  server.RaftServerConfigKeys (ConfUtils.java:logGet(43)) - raft.server.notification.no-leader.timeout = 120s (custom)
2019-10-15 03:30:58,857 [pool-469-thread-1] INFO  server.RaftServerConfigKeys (ConfUtils.java:logGet(43)) - raft.server.log.purge.gap = 1000000 (custom)
2019-10-15 03:30:58,857 [pool-449-thread-1] INFO  server.RaftServerConfigKeys (ConfUtils.java:logGet(43)) - raft.server.log.use.memory = false (default)
2019-10-15 03:30:58,857 [pool-469-thread-1] INFO  server.RaftServerConfigKeys (ConfUtils.java:logGet(43)) - raft.server.log.appender.buffer.byte-limit = 33554432 (custom)
2019-10-15 03:30:58,857 [pool-429-thread-1] INFO  server.RaftServerConfigKeys (ConfUtils.java:logGet(43)) - raft.server.log.use.memory = false (default)
2019-10-15 03:30:58,858 [pool-469-thread-1] INFO  server.RaftServerConfigKeys (ConfUtils.java:logGet(43)) - raft.server.log.segment.size.max = 1048576 (custom)
2019-10-15 03:30:58,858 [pool-449-thread-1] INFO  server.RaftServerConfigKeys (ConfUtils.java:logGet(43)) - raft.server.log.purge.gap = 1000000 (custom)
2019-10-15 03:30:58,858 [pool-469-thread-1] INFO  server.RaftServerConfigKeys (ConfUtils.java:logGet(43)) - raft.server.log.segment.cache.num.max = 2 (custom)
2019-10-15 03:30:58,858 [pool-429-thread-1] INFO  server.RaftServerConfigKeys (ConfUtils.java:logGet(43)) - raft.server.log.purge.gap = 1000000 (custom)
2019-10-15 03:30:58,858 [pool-469-thread-1] INFO  segmented.SegmentedRaftLogWorker (SegmentedRaftLogWorker.java:<init>(173)) - new 251ee4cd-b9df-4f77-8c52-c5e9eff662c2@group-7FB8756FF130-SegmentedRaftLogWorker for RaftStorage:Storage Directory /workdir/hadoop-ozone/integration-test/target/test-dir/MiniOzoneClusterImpl-5622c653-33f5-44d9-9ba1-ef695601b467/datanode-6/data/ratis/0f5f8057-2ac4-42f5-a277-7fb8756ff130
2019-10-15 03:30:58,858 [pool-449-thread-1] INFO  server.RaftServerConfigKeys (ConfUtils.java:logGet(43)) - raft.server.log.appender.buffer.byte-limit = 33554432 (custom)
2019-10-15 03:30:58,858 [pool-469-thread-1] INFO  server.RaftServerConfigKeys (ConfUtils.java:logGet(43)) - raft.server.log.queue.byte-limit = 2147483647 (custom)
2019-10-15 03:30:58,858 [pool-429-thread-1] INFO  server.RaftServerConfigKeys (ConfUtils.java:logGet(43)) - raft.server.log.appender.buffer.byte-limit = 33554432 (custom)
2019-10-15 03:30:58,859 [pool-469-thread-1] INFO  server.RaftServerConfigKeys (ConfUtils.java:logGet(43)) - raft.server.log.queue.element-limit = 1024 (custom)
2019-10-15 03:30:58,858 [pool-449-thread-1] INFO  server.RaftServerConfigKeys (ConfUtils.java:logGet(43)) - raft.server.log.segment.size.max = 1048576 (custom)
2019-10-15 03:30:58,859 [pool-469-thread-1] INFO  server.RaftServerConfigKeys (ConfUtils.java:logGet(43)) - raft.server.log.segment.size.max = 1048576 (custom)
2019-10-15 03:30:58,859 [pool-429-thread-1] INFO  server.RaftServerConfigKeys (ConfUtils.java:logGet(43)) - raft.server.log.segment.size.max = 1048576 (custom)
2019-10-15 03:30:58,859 [pool-469-thread-1] INFO  server.RaftServerConfigKeys (ConfUtils.java:logGet(43)) - raft.server.log.preallocated.size = 16384 (custom)
2019-10-15 03:30:58,859 [pool-449-thread-1] INFO  server.RaftServerConfigKeys (ConfUtils.java:logGet(43)) - raft.server.log.segment.cache.num.max = 2 (custom)
2019-10-15 03:30:58,859 [pool-469-thread-1] INFO  server.RaftServerConfigKeys (ConfUtils.java:logGet(43)) - raft.server.log.write.buffer.size = 33554432 (custom)
2019-10-15 03:30:58,859 [pool-429-thread-1] INFO  server.RaftServerConfigKeys (ConfUtils.java:logGet(43)) - raft.server.log.segment.cache.num.max = 2 (custom)
2019-10-15 03:30:58,859 [pool-469-thread-1] INFO  server.RaftServerConfigKeys (ConfUtils.java:logGet(43)) - raft.server.log.force.sync.num = 128 (default)
2019-10-15 03:30:58,859 [pool-449-thread-1] INFO  segmented.SegmentedRaftLogWorker (SegmentedRaftLogWorker.java:<init>(173)) - new 3e1caccb-f9ab-465e-a648-53867b9772ef@group-7FB8756FF130-SegmentedRaftLogWorker for RaftStorage:Storage Directory /workdir/hadoop-ozone/integration-test/target/test-dir/MiniOzoneClusterImpl-5622c653-33f5-44d9-9ba1-ef695601b467/datanode-4/data/ratis/0f5f8057-2ac4-42f5-a277-7fb8756ff130
2019-10-15 03:30:58,860 [pool-469-thread-1] INFO  server.RaftServerConfigKeys (ConfUtils.java:logGet(43)) - raft.server.log.statemachine.data.sync = true (default)
2019-10-15 03:30:58,859 [pool-429-thread-1] INFO  segmented.SegmentedRaftLogWorker (SegmentedRaftLogWorker.java:<init>(173)) - new 572ff2ee-e904-4734-b002-88c441a29bd6@group-7FB8756FF130-SegmentedRaftLogWorker for RaftStorage:Storage Directory /workdir/hadoop-ozone/integration-test/target/test-dir/MiniOzoneClusterImpl-5622c653-33f5-44d9-9ba1-ef695601b467/datanode-2/data/ratis/0f5f8057-2ac4-42f5-a277-7fb8756ff130
2019-10-15 03:30:58,860 [pool-469-thread-1] INFO  server.RaftServerConfigKeys (ConfUtils.java:logGet(43)) - raft.server.log.statemachine.data.sync.timeout = 10s (default)
2019-10-15 03:30:58,860 [pool-449-thread-1] INFO  server.RaftServerConfigKeys (ConfUtils.java:logGet(43)) - raft.server.log.queue.byte-limit = 2147483647 (custom)
2019-10-15 03:30:58,860 [pool-469-thread-1] INFO  server.RaftServerConfigKeys (ConfUtils.java:logGet(43)) - raft.server.log.statemachine.data.sync.timeout.retry = -1 (default)
2019-10-15 03:30:58,860 [pool-429-thread-1] INFO  server.RaftServerConfigKeys (ConfUtils.java:logGet(43)) - raft.server.log.queue.byte-limit = 2147483647 (custom)
2019-10-15 03:30:58,860 [pool-469-thread-1] INFO  server.RaftServerConfigKeys (ConfUtils.java:logGet(43)) - raft.server.log.statemachine.data.caching.enabled = true (custom)
2019-10-15 03:30:58,860 [pool-449-thread-1] INFO  server.RaftServerConfigKeys (ConfUtils.java:logGet(43)) - raft.server.log.queue.element-limit = 1024 (custom)
2019-10-15 03:30:58,861 [pool-449-thread-1] INFO  server.RaftServerConfigKeys (ConfUtils.java:logGet(43)) - raft.server.log.segment.size.max = 1048576 (custom)
2019-10-15 03:30:58,861 [pool-469-thread-1] INFO  segmented.SegmentedRaftLogWorker (SegmentedRaftLogWorker.java:lambda$new$0(128)) - 251ee4cd-b9df-4f77-8c52-c5e9eff662c2@group-7FB8756FF130-SegmentedRaftLogWorker: flushIndex: setUnconditionally 0 -> -1
2019-10-15 03:30:58,860 [pool-429-thread-1] INFO  server.RaftServerConfigKeys (ConfUtils.java:logGet(43)) - raft.server.log.queue.element-limit = 1024 (custom)
2019-10-15 03:30:58,861 [pool-429-thread-1] INFO  server.RaftServerConfigKeys (ConfUtils.java:logGet(43)) - raft.server.log.segment.size.max = 1048576 (custom)
2019-10-15 03:30:58,861 [pool-429-thread-1] INFO  server.RaftServerConfigKeys (ConfUtils.java:logGet(43)) - raft.server.log.preallocated.size = 16384 (custom)
2019-10-15 03:30:58,861 [pool-429-thread-1] INFO  server.RaftServerConfigKeys (ConfUtils.java:logGet(43)) - raft.server.log.write.buffer.size = 33554432 (custom)
2019-10-15 03:30:58,861 [pool-429-thread-1] INFO  server.RaftServerConfigKeys (ConfUtils.java:logGet(43)) - raft.server.log.force.sync.num = 128 (default)
2019-10-15 03:30:58,861 [pool-429-thread-1] INFO  server.RaftServerConfigKeys (ConfUtils.java:logGet(43)) - raft.server.log.statemachine.data.sync = true (default)
2019-10-15 03:30:58,861 [pool-429-thread-1] INFO  server.RaftServerConfigKeys (ConfUtils.java:logGet(43)) - raft.server.log.statemachine.data.sync.timeout = 10s (default)
2019-10-15 03:30:58,861 [pool-429-thread-1] INFO  server.RaftServerConfigKeys (ConfUtils.java:logGet(43)) - raft.server.log.statemachine.data.sync.timeout.retry = -1 (default)
2019-10-15 03:30:58,862 [pool-429-thread-1] INFO  server.RaftServerConfigKeys (ConfUtils.java:logGet(43)) - raft.server.log.statemachine.data.caching.enabled = true (custom)
2019-10-15 03:30:58,862 [pool-429-thread-1] INFO  segmented.SegmentedRaftLogWorker (SegmentedRaftLogWorker.java:lambda$new$0(128)) - 572ff2ee-e904-4734-b002-88c441a29bd6@group-7FB8756FF130-SegmentedRaftLogWorker: flushIndex: setUnconditionally 0 -> -1
2019-10-15 03:30:58,861 [pool-449-thread-1] INFO  server.RaftServerConfigKeys (ConfUtils.java:logGet(43)) - raft.server.log.preallocated.size = 16384 (custom)
2019-10-15 03:30:58,862 [pool-429-thread-1] INFO  server.RaftServerConfigKeys (ConfUtils.java:logGet(43)) - raft.server.snapshot.auto.trigger.enabled = true (custom)
2019-10-15 03:30:58,861 [pool-469-thread-1] INFO  server.RaftServerConfigKeys (ConfUtils.java:logGet(43)) - raft.server.snapshot.auto.trigger.enabled = true (custom)
2019-10-15 03:30:58,862 [pool-429-thread-1] INFO  server.RaftServerConfigKeys (ConfUtils.java:logGet(43)) - raft.server.snapshot.auto.trigger.threshold = 10000 (custom)
2019-10-15 03:30:58,862 [pool-449-thread-1] INFO  server.RaftServerConfigKeys (ConfUtils.java:logGet(43)) - raft.server.log.write.buffer.size = 33554432 (custom)
2019-10-15 03:30:58,862 [pool-429-thread-1] INFO  server.RaftServerConfigKeys (ConfUtils.java:logGet(43)) - raft.server.snapshot.retention.file.num = 5 (custom)
2019-10-15 03:30:58,862 [pool-469-thread-1] INFO  server.RaftServerConfigKeys (ConfUtils.java:logGet(43)) - raft.server.snapshot.auto.trigger.threshold = 10000 (custom)
2019-10-15 03:30:58,863 [pool-429-thread-1] INFO  server.RaftServerConfigKeys (ConfUtils.java:logGet(43)) - raft.server.retrycache.expirytime = 600000ms (custom)
2019-10-15 03:30:58,862 [pool-449-thread-1] INFO  server.RaftServerConfigKeys (ConfUtils.java:logGet(43)) - raft.server.log.force.sync.num = 128 (default)
2019-10-15 03:30:58,863 [pool-469-thread-1] INFO  server.RaftServerConfigKeys (ConfUtils.java:logGet(43)) - raft.server.snapshot.retention.file.num = 5 (custom)
2019-10-15 03:30:58,863 [pool-449-thread-1] INFO  server.RaftServerConfigKeys (ConfUtils.java:logGet(43)) - raft.server.log.statemachine.data.sync = true (default)
2019-10-15 03:30:58,863 [pool-469-thread-1] INFO  server.RaftServerConfigKeys (ConfUtils.java:logGet(43)) - raft.server.retrycache.expirytime = 600000ms (custom)
2019-10-15 03:30:58,863 [pool-449-thread-1] INFO  server.RaftServerConfigKeys (ConfUtils.java:logGet(43)) - raft.server.log.statemachine.data.sync.timeout = 10s (default)
2019-10-15 03:30:58,863 [pool-449-thread-1] INFO  server.RaftServerConfigKeys (ConfUtils.java:logGet(43)) - raft.server.log.statemachine.data.sync.timeout.retry = -1 (default)
2019-10-15 03:30:58,863 [pool-449-thread-1] INFO  server.RaftServerConfigKeys (ConfUtils.java:logGet(43)) - raft.server.log.statemachine.data.caching.enabled = true (custom)
2019-10-15 03:30:58,864 [pool-449-thread-1] INFO  segmented.SegmentedRaftLogWorker (SegmentedRaftLogWorker.java:lambda$new$0(128)) - 3e1caccb-f9ab-465e-a648-53867b9772ef@group-7FB8756FF130-SegmentedRaftLogWorker: flushIndex: setUnconditionally 0 -> -1
2019-10-15 03:30:58,864 [pool-449-thread-1] INFO  server.RaftServerConfigKeys (ConfUtils.java:logGet(43)) - raft.server.snapshot.auto.trigger.enabled = true (custom)
2019-10-15 03:30:58,864 [pool-449-thread-1] INFO  server.RaftServerConfigKeys (ConfUtils.java:logGet(43)) - raft.server.snapshot.auto.trigger.threshold = 10000 (custom)
2019-10-15 03:30:58,864 [pool-449-thread-1] INFO  server.RaftServerConfigKeys (ConfUtils.java:logGet(43)) - raft.server.snapshot.retention.file.num = 5 (custom)
2019-10-15 03:30:58,864 [pool-429-thread-1] INFO  impl.RaftServerImpl (RaftServerImpl.java:start(181)) - 572ff2ee-e904-4734-b002-88c441a29bd6@group-7FB8756FF130: start as a follower, conf=-1: [3e1caccb-f9ab-465e-a648-53867b9772ef:192.168.157.236:39345, 572ff2ee-e904-4734-b002-88c441a29bd6:192.168.157.236:38035, 251ee4cd-b9df-4f77-8c52-c5e9eff662c2:192.168.157.236:44097], old=null
2019-10-15 03:30:58,864 [pool-449-thread-1] INFO  server.RaftServerConfigKeys (ConfUtils.java:logGet(43)) - raft.server.retrycache.expirytime = 600000ms (custom)
2019-10-15 03:30:58,864 [pool-429-thread-1] INFO  impl.RaftServerImpl (RaftServerImpl.java:setRole(170)) - 572ff2ee-e904-4734-b002-88c441a29bd6@group-7FB8756FF130: changes role from      null to FOLLOWER at term 0 for startAsFollower
2019-10-15 03:30:58,865 [pool-429-thread-1] INFO  impl.RoleInfo (RoleInfo.java:updateAndGet(143)) - 572ff2ee-e904-4734-b002-88c441a29bd6: start FollowerState
2019-10-15 03:30:58,865 [pool-429-thread-1] INFO  util.JmxRegister (JmxRegister.java:tryRegister(44)) - Successfully registered JMX Bean with object name Ratis:service=RaftServer,group=group-7FB8756FF130,id=572ff2ee-e904-4734-b002-88c441a29bd6
2019-10-15 03:30:58,866 [pool-469-thread-1] INFO  impl.RaftServerImpl (RaftServerImpl.java:start(181)) - 251ee4cd-b9df-4f77-8c52-c5e9eff662c2@group-7FB8756FF130: start as a follower, conf=-1: [3e1caccb-f9ab-465e-a648-53867b9772ef:192.168.157.236:39345, 572ff2ee-e904-4734-b002-88c441a29bd6:192.168.157.236:38035, 251ee4cd-b9df-4f77-8c52-c5e9eff662c2:192.168.157.236:44097], old=null
2019-10-15 03:30:58,866 [pool-469-thread-1] INFO  impl.RaftServerImpl (RaftServerImpl.java:setRole(170)) - 251ee4cd-b9df-4f77-8c52-c5e9eff662c2@group-7FB8756FF130: changes role from      null to FOLLOWER at term 0 for startAsFollower
2019-10-15 03:30:58,866 [pool-469-thread-1] INFO  impl.RoleInfo (RoleInfo.java:updateAndGet(143)) - 251ee4cd-b9df-4f77-8c52-c5e9eff662c2: start FollowerState
2019-10-15 03:30:58,867 [pool-469-thread-1] INFO  util.JmxRegister (JmxRegister.java:tryRegister(44)) - Successfully registered JMX Bean with object name Ratis:service=RaftServer,group=group-7FB8756FF130,id=251ee4cd-b9df-4f77-8c52-c5e9eff662c2
2019-10-15 03:30:58,867 [pool-449-thread-1] INFO  impl.RaftServerImpl (RaftServerImpl.java:start(181)) - 3e1caccb-f9ab-465e-a648-53867b9772ef@group-7FB8756FF130: start as a follower, conf=-1: [3e1caccb-f9ab-465e-a648-53867b9772ef:192.168.157.236:39345, 572ff2ee-e904-4734-b002-88c441a29bd6:192.168.157.236:38035, 251ee4cd-b9df-4f77-8c52-c5e9eff662c2:192.168.157.236:44097], old=null
2019-10-15 03:30:58,867 [pool-449-thread-1] INFO  impl.RaftServerImpl (RaftServerImpl.java:setRole(170)) - 3e1caccb-f9ab-465e-a648-53867b9772ef@group-7FB8756FF130: changes role from      null to FOLLOWER at term 0 for startAsFollower
2019-10-15 03:30:58,867 [pool-449-thread-1] INFO  impl.RoleInfo (RoleInfo.java:updateAndGet(143)) - 3e1caccb-f9ab-465e-a648-53867b9772ef: start FollowerState
2019-10-15 03:30:58,867 [pool-449-thread-1] INFO  util.JmxRegister (JmxRegister.java:tryRegister(44)) - Successfully registered JMX Bean with object name Ratis:service=RaftServer,group=group-7FB8756FF130,id=3e1caccb-f9ab-465e-a648-53867b9772ef
2019-10-15 03:30:58,872 [RatisPipelineUtilsThread] INFO  pipeline.PipelineStateManager (PipelineStateManager.java:addPipeline(56)) - Created pipeline Pipeline[ Id: 0f5f8057-2ac4-42f5-a277-7fb8756ff130, Nodes: 572ff2ee-e904-4734-b002-88c441a29bd6{ip: 192.168.157.236, host: pr-hdds-2278-dv8k5-3424803466, networkLocation: /default-rack, certSerialId: null}3e1caccb-f9ab-465e-a648-53867b9772ef{ip: 192.168.157.236, host: pr-hdds-2278-dv8k5-3424803466, networkLocation: /default-rack, certSerialId: null}251ee4cd-b9df-4f77-8c52-c5e9eff662c2{ip: 192.168.157.236, host: pr-hdds-2278-dv8k5-3424803466, networkLocation: /default-rack, certSerialId: null}, Type:RATIS, Factor:THREE, State:OPEN]
2019-10-15 03:30:58,888 [grpc-default-executor-11] INFO  impl.RaftServerProxy (RaftServerProxy.java:addNew(89)) - 62bb45c5-64cf-4b95-a2f8-324b07832301: addNew group-B98709856B20:[1c63e32b-895e-4973-a222-476310241caa:192.168.157.236:42663, 62bb45c5-64cf-4b95-a2f8-324b07832301:192.168.157.236:33312, ad766340-60fb-4b57-8988-b95b42609151:192.168.157.236:34249] returns group-B98709856B20:java.util.concurrent.CompletableFuture@284be8db[Not completed]
2019-10-15 03:30:58,891 [grpc-default-executor-11] INFO  impl.RaftServerProxy (RaftServerProxy.java:addNew(89)) - ad766340-60fb-4b57-8988-b95b42609151: addNew group-B98709856B20:[1c63e32b-895e-4973-a222-476310241caa:192.168.157.236:42663, 62bb45c5-64cf-4b95-a2f8-324b07832301:192.168.157.236:33312, ad766340-60fb-4b57-8988-b95b42609151:192.168.157.236:34249] returns group-B98709856B20:java.util.concurrent.CompletableFuture@df0e0e6[Not completed]
2019-10-15 03:30:58,891 [pool-439-thread-1] INFO  impl.RaftServerImpl (RaftServerImpl.java:<init>(95)) - 62bb45c5-64cf-4b95-a2f8-324b07832301: new RaftServerImpl for group-B98709856B20:[1c63e32b-895e-4973-a222-476310241caa:192.168.157.236:42663, 62bb45c5-64cf-4b95-a2f8-324b07832301:192.168.157.236:33312, ad766340-60fb-4b57-8988-b95b42609151:192.168.157.236:34249] with ContainerStateMachine:uninitialized
2019-10-15 03:30:58,894 [pool-439-thread-1] INFO  server.RaftServerConfigKeys (ConfUtils.java:logGet(43)) - raft.server.rpc.timeout.min = 5s (custom)
2019-10-15 03:30:58,896 [grpc-default-executor-11] INFO  impl.RaftServerProxy (RaftServerProxy.java:addNew(89)) - 1c63e32b-895e-4973-a222-476310241caa: addNew group-B98709856B20:[1c63e32b-895e-4973-a222-476310241caa:192.168.157.236:42663, 62bb45c5-64cf-4b95-a2f8-324b07832301:192.168.157.236:33312, ad766340-60fb-4b57-8988-b95b42609151:192.168.157.236:34249] returns group-B98709856B20:java.util.concurrent.CompletableFuture@c9510d4[Not completed]
2019-10-15 03:30:58,896 [pool-439-thread-1] INFO  server.RaftServerConfigKeys (ConfUtils.java:logGet(43)) - raft.server.rpc.timeout.max = 5200ms (custom)
2019-10-15 03:30:58,896 [pool-439-thread-1] INFO  server.RaftServerConfigKeys (ConfUtils.java:logGet(43)) - raft.server.rpcslowness.timeout = 120s (custom)
2019-10-15 03:30:58,896 [pool-439-thread-1] INFO  server.RaftServerConfigKeys (ConfUtils.java:logGet(43)) - raft.server.sleep.deviation.threshold = 300 (default)
2019-10-15 03:30:58,896 [pool-439-thread-1] INFO  server.RaftServerConfigKeys (ConfUtils.java:logGet(43)) - raft.server.log.appender.install.snapshot.enabled = false (custom)
2019-10-15 03:30:58,897 [pool-439-thread-1] INFO  impl.RaftServerImpl (ServerState.java:<init>(103)) - 62bb45c5-64cf-4b95-a2f8-324b07832301@group-B98709856B20: ConfigurationManager, init=-1: [1c63e32b-895e-4973-a222-476310241caa:192.168.157.236:42663, 62bb45c5-64cf-4b95-a2f8-324b07832301:192.168.157.236:33312, ad766340-60fb-4b57-8988-b95b42609151:192.168.157.236:34249], old=null, confs=<EMPTY_MAP>
2019-10-15 03:30:58,897 [pool-439-thread-1] INFO  server.RaftServerConfigKeys (ConfUtils.java:logGet(43)) - raft.server.storage.dir = [/workdir/hadoop-ozone/integration-test/target/test-dir/MiniOzoneClusterImpl-5622c653-33f5-44d9-9ba1-ef695601b467/datanode-3/data/ratis] (custom)
2019-10-15 03:30:58,897 [pool-409-thread-1] INFO  impl.RaftServerImpl (RaftServerImpl.java:<init>(95)) - ad766340-60fb-4b57-8988-b95b42609151: new RaftServerImpl for group-B98709856B20:[1c63e32b-895e-4973-a222-476310241caa:192.168.157.236:42663, 62bb45c5-64cf-4b95-a2f8-324b07832301:192.168.157.236:33312, ad766340-60fb-4b57-8988-b95b42609151:192.168.157.236:34249] with ContainerStateMachine:uninitialized
2019-10-15 03:30:58,897 [pool-409-thread-1] INFO  server.RaftServerConfigKeys (ConfUtils.java:logGet(43)) - raft.server.rpc.timeout.min = 5s (custom)
2019-10-15 03:30:58,897 [pool-439-thread-1] INFO  server.RaftServerConfigKeys (ConfUtils.java:logGet(43)) - raft.server.log.corruption.policy = EXCEPTION (default)
2019-10-15 03:30:58,897 [pool-409-thread-1] INFO  server.RaftServerConfigKeys (ConfUtils.java:logGet(43)) - raft.server.rpc.timeout.max = 5200ms (custom)
2019-10-15 03:30:58,897 [pool-439-thread-1] INFO  storage.RaftStorageDirectory (RaftStorageDirectory.java:analyzeStorage(246)) - The storage directory /workdir/hadoop-ozone/integration-test/target/test-dir/MiniOzoneClusterImpl-5622c653-33f5-44d9-9ba1-ef695601b467/datanode-3/data/ratis/64b28bd8-2e20-4641-808e-b98709856b20 does not exist. Creating ...
2019-10-15 03:30:58,897 [pool-419-thread-1] INFO  impl.RaftServerImpl (RaftServerImpl.java:<init>(95)) - 1c63e32b-895e-4973-a222-476310241caa: new RaftServerImpl for group-B98709856B20:[1c63e32b-895e-4973-a222-476310241caa:192.168.157.236:42663, 62bb45c5-64cf-4b95-a2f8-324b07832301:192.168.157.236:33312, ad766340-60fb-4b57-8988-b95b42609151:192.168.157.236:34249] with ContainerStateMachine:uninitialized
2019-10-15 03:30:58,897 [pool-409-thread-1] INFO  server.RaftServerConfigKeys (ConfUtils.java:logGet(43)) - raft.server.rpcslowness.timeout = 120s (custom)
2019-10-15 03:30:58,898 [pool-419-thread-1] INFO  server.RaftServerConfigKeys (ConfUtils.java:logGet(43)) - raft.server.rpc.timeout.min = 5s (custom)
2019-10-15 03:30:58,898 [pool-409-thread-1] INFO  server.RaftServerConfigKeys (ConfUtils.java:logGet(43)) - raft.server.sleep.deviation.threshold = 300 (default)
2019-10-15 03:30:58,898 [pool-419-thread-1] INFO  server.RaftServerConfigKeys (ConfUtils.java:logGet(43)) - raft.server.rpc.timeout.max = 5200ms (custom)
2019-10-15 03:30:58,898 [pool-409-thread-1] INFO  server.RaftServerConfigKeys (ConfUtils.java:logGet(43)) - raft.server.log.appender.install.snapshot.enabled = false (custom)
2019-10-15 03:30:58,898 [pool-419-thread-1] INFO  server.RaftServerConfigKeys (ConfUtils.java:logGet(43)) - raft.server.rpcslowness.timeout = 120s (custom)
2019-10-15 03:30:58,898 [pool-409-thread-1] INFO  impl.RaftServerImpl (ServerState.java:<init>(103)) - ad766340-60fb-4b57-8988-b95b42609151@group-B98709856B20: ConfigurationManager, init=-1: [1c63e32b-895e-4973-a222-476310241caa:192.168.157.236:42663, 62bb45c5-64cf-4b95-a2f8-324b07832301:192.168.157.236:33312, ad766340-60fb-4b57-8988-b95b42609151:192.168.157.236:34249], old=null, confs=<EMPTY_MAP>
2019-10-15 03:30:58,898 [pool-419-thread-1] INFO  server.RaftServerConfigKeys (ConfUtils.java:logGet(43)) - raft.server.sleep.deviation.threshold = 300 (default)
2019-10-15 03:30:58,898 [pool-409-thread-1] INFO  server.RaftServerConfigKeys (ConfUtils.java:logGet(43)) - raft.server.storage.dir = [/workdir/hadoop-ozone/integration-test/target/test-dir/MiniOzoneClusterImpl-5622c653-33f5-44d9-9ba1-ef695601b467/datanode-0/data/ratis] (custom)
2019-10-15 03:30:58,899 [pool-419-thread-1] INFO  server.RaftServerConfigKeys (ConfUtils.java:logGet(43)) - raft.server.log.appender.install.snapshot.enabled = false (custom)
2019-10-15 03:30:58,899 [pool-409-thread-1] INFO  server.RaftServerConfigKeys (ConfUtils.java:logGet(43)) - raft.server.log.corruption.policy = EXCEPTION (default)
2019-10-15 03:30:58,899 [pool-419-thread-1] INFO  impl.RaftServerImpl (ServerState.java:<init>(103)) - 1c63e32b-895e-4973-a222-476310241caa@group-B98709856B20: ConfigurationManager, init=-1: [1c63e32b-895e-4973-a222-476310241caa:192.168.157.236:42663, 62bb45c5-64cf-4b95-a2f8-324b07832301:192.168.157.236:33312, ad766340-60fb-4b57-8988-b95b42609151:192.168.157.236:34249], old=null, confs=<EMPTY_MAP>
2019-10-15 03:30:58,899 [pool-409-thread-1] INFO  storage.RaftStorageDirectory (RaftStorageDirectory.java:analyzeStorage(246)) - The storage directory /workdir/hadoop-ozone/integration-test/target/test-dir/MiniOzoneClusterImpl-5622c653-33f5-44d9-9ba1-ef695601b467/datanode-0/data/ratis/64b28bd8-2e20-4641-808e-b98709856b20 does not exist. Creating ...
2019-10-15 03:30:58,899 [pool-419-thread-1] INFO  server.RaftServerConfigKeys (ConfUtils.java:logGet(43)) - raft.server.storage.dir = [/workdir/hadoop-ozone/integration-test/target/test-dir/MiniOzoneClusterImpl-5622c653-33f5-44d9-9ba1-ef695601b467/datanode-1/data/ratis] (custom)
2019-10-15 03:30:58,899 [pool-419-thread-1] INFO  server.RaftServerConfigKeys (ConfUtils.java:logGet(43)) - raft.server.log.corruption.policy = EXCEPTION (default)
2019-10-15 03:30:58,900 [pool-419-thread-1] INFO  storage.RaftStorageDirectory (RaftStorageDirectory.java:analyzeStorage(246)) - The storage directory /workdir/hadoop-ozone/integration-test/target/test-dir/MiniOzoneClusterImpl-5622c653-33f5-44d9-9ba1-ef695601b467/datanode-1/data/ratis/64b28bd8-2e20-4641-808e-b98709856b20 does not exist. Creating ...
2019-10-15 03:30:58,924 [pool-409-thread-1] INFO  storage.RaftStorageDirectory (RaftStorageDirectory.java:tryLock(328)) - Lock on /workdir/hadoop-ozone/integration-test/target/test-dir/MiniOzoneClusterImpl-5622c653-33f5-44d9-9ba1-ef695601b467/datanode-0/data/ratis/64b28bd8-2e20-4641-808e-b98709856b20/in_use.lock acquired by nodename 7146@pr-hdds-2278-dv8k5-3424803466
2019-10-15 03:30:58,924 [pool-419-thread-1] INFO  storage.RaftStorageDirectory (RaftStorageDirectory.java:tryLock(328)) - Lock on /workdir/hadoop-ozone/integration-test/target/test-dir/MiniOzoneClusterImpl-5622c653-33f5-44d9-9ba1-ef695601b467/datanode-1/data/ratis/64b28bd8-2e20-4641-808e-b98709856b20/in_use.lock acquired by nodename 7146@pr-hdds-2278-dv8k5-3424803466
2019-10-15 03:30:58,924 [pool-439-thread-1] INFO  storage.RaftStorageDirectory (RaftStorageDirectory.java:tryLock(328)) - Lock on /workdir/hadoop-ozone/integration-test/target/test-dir/MiniOzoneClusterImpl-5622c653-33f5-44d9-9ba1-ef695601b467/datanode-3/data/ratis/64b28bd8-2e20-4641-808e-b98709856b20/in_use.lock acquired by nodename 7146@pr-hdds-2278-dv8k5-3424803466
2019-10-15 03:30:58,950 [pool-409-thread-1] INFO  storage.RaftStorage (RaftStorage.java:format(84)) - Storage directory /workdir/hadoop-ozone/integration-test/target/test-dir/MiniOzoneClusterImpl-5622c653-33f5-44d9-9ba1-ef695601b467/datanode-0/data/ratis/64b28bd8-2e20-4641-808e-b98709856b20 has been successfully formatted.
2019-10-15 03:30:58,950 [pool-419-thread-1] INFO  storage.RaftStorage (RaftStorage.java:format(84)) - Storage directory /workdir/hadoop-ozone/integration-test/target/test-dir/MiniOzoneClusterImpl-5622c653-33f5-44d9-9ba1-ef695601b467/datanode-1/data/ratis/64b28bd8-2e20-4641-808e-b98709856b20 has been successfully formatted.
2019-10-15 03:30:58,950 [pool-439-thread-1] INFO  storage.RaftStorage (RaftStorage.java:format(84)) - Storage directory /workdir/hadoop-ozone/integration-test/target/test-dir/MiniOzoneClusterImpl-5622c653-33f5-44d9-9ba1-ef695601b467/datanode-3/data/ratis/64b28bd8-2e20-4641-808e-b98709856b20 has been successfully formatted.
2019-10-15 03:30:58,950 [pool-419-thread-1] INFO  ratis.ContainerStateMachine (ContainerStateMachine.java:loadSnapshot(231)) - group-B98709856B20: The snapshot info is null. Setting the last applied indexto:(t:0, i:~)
2019-10-15 03:30:58,950 [pool-409-thread-1] INFO  ratis.ContainerStateMachine (ContainerStateMachine.java:loadSnapshot(231)) - group-B98709856B20: The snapshot info is null. Setting the last applied indexto:(t:0, i:~)
2019-10-15 03:30:58,950 [pool-419-thread-1] INFO  server.RaftServerConfigKeys (ConfUtils.java:logGet(43)) - raft.server.notification.no-leader.timeout = 120s (custom)
2019-10-15 03:30:58,950 [pool-439-thread-1] INFO  ratis.ContainerStateMachine (ContainerStateMachine.java:loadSnapshot(231)) - group-B98709856B20: The snapshot info is null. Setting the last applied indexto:(t:0, i:~)
2019-10-15 03:30:58,950 [pool-419-thread-1] INFO  server.RaftServerConfigKeys (ConfUtils.java:logGet(43)) - raft.server.log.use.memory = false (default)
2019-10-15 03:30:58,950 [pool-409-thread-1] INFO  server.RaftServerConfigKeys (ConfUtils.java:logGet(43)) - raft.server.notification.no-leader.timeout = 120s (custom)
2019-10-15 03:30:58,951 [pool-419-thread-1] INFO  server.RaftServerConfigKeys (ConfUtils.java:logGet(43)) - raft.server.log.purge.gap = 1000000 (custom)
2019-10-15 03:30:58,950 [pool-439-thread-1] INFO  server.RaftServerConfigKeys (ConfUtils.java:logGet(43)) - raft.server.notification.no-leader.timeout = 120s (custom)
2019-10-15 03:30:58,951 [pool-419-thread-1] INFO  server.RaftServerConfigKeys (ConfUtils.java:logGet(43)) - raft.server.log.appender.buffer.byte-limit = 33554432 (custom)
2019-10-15 03:30:58,951 [pool-409-thread-1] INFO  server.RaftServerConfigKeys (ConfUtils.java:logGet(43)) - raft.server.log.use.memory = false (default)
2019-10-15 03:30:58,951 [pool-419-thread-1] INFO  server.RaftServerConfigKeys (ConfUtils.java:logGet(43)) - raft.server.log.segment.size.max = 1048576 (custom)
2019-10-15 03:30:58,951 [pool-439-thread-1] INFO  server.RaftServerConfigKeys (ConfUtils.java:logGet(43)) - raft.server.log.use.memory = false (default)
2019-10-15 03:30:58,951 [pool-419-thread-1] INFO  server.RaftServerConfigKeys (ConfUtils.java:logGet(43)) - raft.server.log.segment.cache.num.max = 2 (custom)
2019-10-15 03:30:58,951 [pool-409-thread-1] INFO  server.RaftServerConfigKeys (ConfUtils.java:logGet(43)) - raft.server.log.purge.gap = 1000000 (custom)
2019-10-15 03:30:58,952 [pool-419-thread-1] INFO  segmented.SegmentedRaftLogWorker (SegmentedRaftLogWorker.java:<init>(173)) - new 1c63e32b-895e-4973-a222-476310241caa@group-B98709856B20-SegmentedRaftLogWorker for RaftStorage:Storage Directory /workdir/hadoop-ozone/integration-test/target/test-dir/MiniOzoneClusterImpl-5622c653-33f5-44d9-9ba1-ef695601b467/datanode-1/data/ratis/64b28bd8-2e20-4641-808e-b98709856b20
2019-10-15 03:30:58,951 [pool-439-thread-1] INFO  server.RaftServerConfigKeys (ConfUtils.java:logGet(43)) - raft.server.log.purge.gap = 1000000 (custom)
2019-10-15 03:30:58,952 [pool-419-thread-1] INFO  server.RaftServerConfigKeys (ConfUtils.java:logGet(43)) - raft.server.log.queue.byte-limit = 2147483647 (custom)
2019-10-15 03:30:58,952 [pool-409-thread-1] INFO  server.RaftServerConfigKeys (ConfUtils.java:logGet(43)) - raft.server.log.appender.buffer.byte-limit = 33554432 (custom)
2019-10-15 03:30:58,952 [pool-419-thread-1] INFO  server.RaftServerConfigKeys (ConfUtils.java:logGet(43)) - raft.server.log.queue.element-limit = 1024 (custom)
2019-10-15 03:30:58,952 [pool-439-thread-1] INFO  server.RaftServerConfigKeys (ConfUtils.java:logGet(43)) - raft.server.log.appender.buffer.byte-limit = 33554432 (custom)
2019-10-15 03:30:58,952 [pool-419-thread-1] INFO  server.RaftServerConfigKeys (ConfUtils.java:logGet(43)) - raft.server.log.segment.size.max = 1048576 (custom)
2019-10-15 03:30:58,952 [pool-409-thread-1] INFO  server.RaftServerConfigKeys (ConfUtils.java:logGet(43)) - raft.server.log.segment.size.max = 1048576 (custom)
2019-10-15 03:30:58,953 [pool-419-thread-1] INFO  server.RaftServerConfigKeys (ConfUtils.java:logGet(43)) - raft.server.log.preallocated.size = 16384 (custom)
2019-10-15 03:30:58,953 [pool-439-thread-1] INFO  server.RaftServerConfigKeys (ConfUtils.java:logGet(43)) - raft.server.log.segment.size.max = 1048576 (custom)
2019-10-15 03:30:58,953 [pool-419-thread-1] INFO  server.RaftServerConfigKeys (ConfUtils.java:logGet(43)) - raft.server.log.write.buffer.size = 33554432 (custom)
2019-10-15 03:30:58,953 [pool-409-thread-1] INFO  server.RaftServerConfigKeys (ConfUtils.java:logGet(43)) - raft.server.log.segment.cache.num.max = 2 (custom)
2019-10-15 03:30:58,953 [pool-419-thread-1] INFO  server.RaftServerConfigKeys (ConfUtils.java:logGet(43)) - raft.server.log.force.sync.num = 128 (default)
2019-10-15 03:30:58,953 [pool-439-thread-1] INFO  server.RaftServerConfigKeys (ConfUtils.java:logGet(43)) - raft.server.log.segment.cache.num.max = 2 (custom)
2019-10-15 03:30:58,953 [pool-419-thread-1] INFO  server.RaftServerConfigKeys (ConfUtils.java:logGet(43)) - raft.server.log.statemachine.data.sync = true (default)
2019-10-15 03:30:58,953 [pool-409-thread-1] INFO  segmented.SegmentedRaftLogWorker (SegmentedRaftLogWorker.java:<init>(173)) - new ad766340-60fb-4b57-8988-b95b42609151@group-B98709856B20-SegmentedRaftLogWorker for RaftStorage:Storage Directory /workdir/hadoop-ozone/integration-test/target/test-dir/MiniOzoneClusterImpl-5622c653-33f5-44d9-9ba1-ef695601b467/datanode-0/data/ratis/64b28bd8-2e20-4641-808e-b98709856b20
2019-10-15 03:30:58,954 [pool-419-thread-1] INFO  server.RaftServerConfigKeys (ConfUtils.java:logGet(43)) - raft.server.log.statemachine.data.sync.timeout = 10s (default)
2019-10-15 03:30:58,953 [pool-439-thread-1] INFO  segmented.SegmentedRaftLogWorker (SegmentedRaftLogWorker.java:<init>(173)) - new 62bb45c5-64cf-4b95-a2f8-324b07832301@group-B98709856B20-SegmentedRaftLogWorker for RaftStorage:Storage Directory /workdir/hadoop-ozone/integration-test/target/test-dir/MiniOzoneClusterImpl-5622c653-33f5-44d9-9ba1-ef695601b467/datanode-3/data/ratis/64b28bd8-2e20-4641-808e-b98709856b20
2019-10-15 03:30:58,954 [pool-419-thread-1] INFO  server.RaftServerConfigKeys (ConfUtils.java:logGet(43)) - raft.server.log.statemachine.data.sync.timeout.retry = -1 (default)
2019-10-15 03:30:58,954 [pool-409-thread-1] INFO  server.RaftServerConfigKeys (ConfUtils.java:logGet(43)) - raft.server.log.queue.byte-limit = 2147483647 (custom)
2019-10-15 03:30:58,954 [pool-439-thread-1] INFO  server.RaftServerConfigKeys (ConfUtils.java:logGet(43)) - raft.server.log.queue.byte-limit = 2147483647 (custom)
2019-10-15 03:30:58,954 [pool-419-thread-1] INFO  server.RaftServerConfigKeys (ConfUtils.java:logGet(43)) - raft.server.log.statemachine.data.caching.enabled = true (custom)
2019-10-15 03:30:58,954 [pool-409-thread-1] INFO  server.RaftServerConfigKeys (ConfUtils.java:logGet(43)) - raft.server.log.queue.element-limit = 1024 (custom)
2019-10-15 03:30:58,954 [pool-439-thread-1] INFO  server.RaftServerConfigKeys (ConfUtils.java:logGet(43)) - raft.server.log.queue.element-limit = 1024 (custom)
2019-10-15 03:30:58,955 [pool-419-thread-1] INFO  segmented.SegmentedRaftLogWorker (SegmentedRaftLogWorker.java:lambda$new$0(128)) - 1c63e32b-895e-4973-a222-476310241caa@group-B98709856B20-SegmentedRaftLogWorker: flushIndex: setUnconditionally 0 -> -1
2019-10-15 03:30:58,955 [pool-439-thread-1] INFO  server.RaftServerConfigKeys (ConfUtils.java:logGet(43)) - raft.server.log.segment.size.max = 1048576 (custom)
2019-10-15 03:30:58,955 [pool-409-thread-1] INFO  server.RaftServerConfigKeys (ConfUtils.java:logGet(43)) - raft.server.log.segment.size.max = 1048576 (custom)
2019-10-15 03:30:58,955 [pool-439-thread-1] INFO  server.RaftServerConfigKeys (ConfUtils.java:logGet(43)) - raft.server.log.preallocated.size = 16384 (custom)
2019-10-15 03:30:58,955 [pool-419-thread-1] INFO  server.RaftServerConfigKeys (ConfUtils.java:logGet(43)) - raft.server.snapshot.auto.trigger.enabled = true (custom)
2019-10-15 03:30:58,955 [pool-409-thread-1] INFO  server.RaftServerConfigKeys (ConfUtils.java:logGet(43)) - raft.server.log.preallocated.size = 16384 (custom)
2019-10-15 03:30:58,955 [pool-419-thread-1] INFO  server.RaftServerConfigKeys (ConfUtils.java:logGet(43)) - raft.server.snapshot.auto.trigger.threshold = 10000 (custom)
2019-10-15 03:30:58,955 [pool-439-thread-1] INFO  server.RaftServerConfigKeys (ConfUtils.java:logGet(43)) - raft.server.log.write.buffer.size = 33554432 (custom)
2019-10-15 03:30:58,956 [pool-419-thread-1] INFO  server.RaftServerConfigKeys (ConfUtils.java:logGet(43)) - raft.server.snapshot.retention.file.num = 5 (custom)
2019-10-15 03:30:58,955 [pool-409-thread-1] INFO  server.RaftServerConfigKeys (ConfUtils.java:logGet(43)) - raft.server.log.write.buffer.size = 33554432 (custom)
2019-10-15 03:30:58,956 [pool-419-thread-1] INFO  server.RaftServerConfigKeys (ConfUtils.java:logGet(43)) - raft.server.retrycache.expirytime = 600000ms (custom)
2019-10-15 03:30:58,956 [pool-439-thread-1] INFO  server.RaftServerConfigKeys (ConfUtils.java:logGet(43)) - raft.server.log.force.sync.num = 128 (default)
2019-10-15 03:30:58,956 [pool-409-thread-1] INFO  server.RaftServerConfigKeys (ConfUtils.java:logGet(43)) - raft.server.log.force.sync.num = 128 (default)
2019-10-15 03:30:58,956 [pool-439-thread-1] INFO  server.RaftServerConfigKeys (ConfUtils.java:logGet(43)) - raft.server.log.statemachine.data.sync = true (default)
2019-10-15 03:30:58,956 [pool-409-thread-1] INFO  server.RaftServerConfigKeys (ConfUtils.java:logGet(43)) - raft.server.log.statemachine.data.sync = true (default)
2019-10-15 03:30:58,956 [pool-439-thread-1] INFO  server.RaftServerConfigKeys (ConfUtils.java:logGet(43)) - raft.server.log.statemachine.data.sync.timeout = 10s (default)
2019-10-15 03:30:58,956 [pool-409-thread-1] INFO  server.RaftServerConfigKeys (ConfUtils.java:logGet(43)) - raft.server.log.statemachine.data.sync.timeout = 10s (default)
2019-10-15 03:30:58,956 [pool-439-thread-1] INFO  server.RaftServerConfigKeys (ConfUtils.java:logGet(43)) - raft.server.log.statemachine.data.sync.timeout.retry = -1 (default)
2019-10-15 03:30:58,957 [pool-409-thread-1] INFO  server.RaftServerConfigKeys (ConfUtils.java:logGet(43)) - raft.server.log.statemachine.data.sync.timeout.retry = -1 (default)
2019-10-15 03:30:58,957 [pool-439-thread-1] INFO  server.RaftServerConfigKeys (ConfUtils.java:logGet(43)) - raft.server.log.statemachine.data.caching.enabled = true (custom)
2019-10-15 03:30:58,957 [pool-409-thread-1] INFO  server.RaftServerConfigKeys (ConfUtils.java:logGet(43)) - raft.server.log.statemachine.data.caching.enabled = true (custom)
2019-10-15 03:30:58,957 [pool-439-thread-1] INFO  segmented.SegmentedRaftLogWorker (SegmentedRaftLogWorker.java:lambda$new$0(128)) - 62bb45c5-64cf-4b95-a2f8-324b07832301@group-B98709856B20-SegmentedRaftLogWorker: flushIndex: setUnconditionally 0 -> -1
2019-10-15 03:30:58,957 [pool-409-thread-1] INFO  segmented.SegmentedRaftLogWorker (SegmentedRaftLogWorker.java:lambda$new$0(128)) - ad766340-60fb-4b57-8988-b95b42609151@group-B98709856B20-SegmentedRaftLogWorker: flushIndex: setUnconditionally 0 -> -1
2019-10-15 03:30:58,957 [pool-439-thread-1] INFO  server.RaftServerConfigKeys (ConfUtils.java:logGet(43)) - raft.server.snapshot.auto.trigger.enabled = true (custom)
2019-10-15 03:30:58,957 [pool-409-thread-1] INFO  server.RaftServerConfigKeys (ConfUtils.java:logGet(43)) - raft.server.snapshot.auto.trigger.enabled = true (custom)
2019-10-15 03:30:58,957 [pool-439-thread-1] INFO  server.RaftServerConfigKeys (ConfUtils.java:logGet(43)) - raft.server.snapshot.auto.trigger.threshold = 10000 (custom)
2019-10-15 03:30:58,957 [pool-409-thread-1] INFO  server.RaftServerConfigKeys (ConfUtils.java:logGet(43)) - raft.server.snapshot.auto.trigger.threshold = 10000 (custom)
2019-10-15 03:30:58,958 [pool-439-thread-1] INFO  server.RaftServerConfigKeys (ConfUtils.java:logGet(43)) - raft.server.snapshot.retention.file.num = 5 (custom)
2019-10-15 03:30:58,958 [pool-409-thread-1] INFO  server.RaftServerConfigKeys (ConfUtils.java:logGet(43)) - raft.server.snapshot.retention.file.num = 5 (custom)
2019-10-15 03:30:58,958 [pool-439-thread-1] INFO  server.RaftServerConfigKeys (ConfUtils.java:logGet(43)) - raft.server.retrycache.expirytime = 600000ms (custom)
2019-10-15 03:30:58,958 [pool-409-thread-1] INFO  server.RaftServerConfigKeys (ConfUtils.java:logGet(43)) - raft.server.retrycache.expirytime = 600000ms (custom)
2019-10-15 03:30:58,958 [pool-419-thread-1] INFO  impl.RaftServerImpl (RaftServerImpl.java:start(181)) - 1c63e32b-895e-4973-a222-476310241caa@group-B98709856B20: start as a follower, conf=-1: [1c63e32b-895e-4973-a222-476310241caa:192.168.157.236:42663, 62bb45c5-64cf-4b95-a2f8-324b07832301:192.168.157.236:33312, ad766340-60fb-4b57-8988-b95b42609151:192.168.157.236:34249], old=null
2019-10-15 03:30:58,958 [pool-419-thread-1] INFO  impl.RaftServerImpl (RaftServerImpl.java:setRole(170)) - 1c63e32b-895e-4973-a222-476310241caa@group-B98709856B20: changes role from      null to FOLLOWER at term 0 for startAsFollower
2019-10-15 03:30:58,958 [pool-419-thread-1] INFO  impl.RoleInfo (RoleInfo.java:updateAndGet(143)) - 1c63e32b-895e-4973-a222-476310241caa: start FollowerState
2019-10-15 03:30:58,959 [pool-419-thread-1] INFO  util.JmxRegister (JmxRegister.java:tryRegister(44)) - Successfully registered JMX Bean with object name Ratis:service=RaftServer,group=group-B98709856B20,id=1c63e32b-895e-4973-a222-476310241caa
2019-10-15 03:30:58,960 [pool-439-thread-1] INFO  impl.RaftServerImpl (RaftServerImpl.java:start(181)) - 62bb45c5-64cf-4b95-a2f8-324b07832301@group-B98709856B20: start as a follower, conf=-1: [1c63e32b-895e-4973-a222-476310241caa:192.168.157.236:42663, 62bb45c5-64cf-4b95-a2f8-324b07832301:192.168.157.236:33312, ad766340-60fb-4b57-8988-b95b42609151:192.168.157.236:34249], old=null
2019-10-15 03:30:58,960 [pool-439-thread-1] INFO  impl.RaftServerImpl (RaftServerImpl.java:setRole(170)) - 62bb45c5-64cf-4b95-a2f8-324b07832301@group-B98709856B20: changes role from      null to FOLLOWER at term 0 for startAsFollower
2019-10-15 03:30:58,960 [pool-409-thread-1] INFO  impl.RaftServerImpl (RaftServerImpl.java:start(181)) - ad766340-60fb-4b57-8988-b95b42609151@group-B98709856B20: start as a follower, conf=-1: [1c63e32b-895e-4973-a222-476310241caa:192.168.157.236:42663, 62bb45c5-64cf-4b95-a2f8-324b07832301:192.168.157.236:33312, ad766340-60fb-4b57-8988-b95b42609151:192.168.157.236:34249], old=null
2019-10-15 03:30:58,960 [pool-439-thread-1] INFO  impl.RoleInfo (RoleInfo.java:updateAndGet(143)) - 62bb45c5-64cf-4b95-a2f8-324b07832301: start FollowerState
2019-10-15 03:30:58,960 [pool-409-thread-1] INFO  impl.RaftServerImpl (RaftServerImpl.java:setRole(170)) - ad766340-60fb-4b57-8988-b95b42609151@group-B98709856B20: changes role from      null to FOLLOWER at term 0 for startAsFollower
2019-10-15 03:30:58,960 [pool-409-thread-1] INFO  impl.RoleInfo (RoleInfo.java:updateAndGet(143)) - ad766340-60fb-4b57-8988-b95b42609151: start FollowerState
2019-10-15 03:30:58,960 [pool-439-thread-1] INFO  util.JmxRegister (JmxRegister.java:tryRegister(44)) - Successfully registered JMX Bean with object name Ratis:service=RaftServer,group=group-B98709856B20,id=62bb45c5-64cf-4b95-a2f8-324b07832301
2019-10-15 03:30:58,961 [pool-409-thread-1] INFO  util.JmxRegister (JmxRegister.java:tryRegister(44)) - Successfully registered JMX Bean with object name Ratis:service=RaftServer,group=group-B98709856B20,id=ad766340-60fb-4b57-8988-b95b42609151
2019-10-15 03:30:58,965 [RatisPipelineUtilsThread] INFO  pipeline.PipelineStateManager (PipelineStateManager.java:addPipeline(56)) - Created pipeline Pipeline[ Id: 64b28bd8-2e20-4641-808e-b98709856b20, Nodes: 62bb45c5-64cf-4b95-a2f8-324b07832301{ip: 192.168.157.236, host: pr-hdds-2278-dv8k5-3424803466, networkLocation: /default-rack, certSerialId: null}ad766340-60fb-4b57-8988-b95b42609151{ip: 192.168.157.236, host: pr-hdds-2278-dv8k5-3424803466, networkLocation: /default-rack, certSerialId: null}1c63e32b-895e-4973-a222-476310241caa{ip: 192.168.157.236, host: pr-hdds-2278-dv8k5-3424803466, networkLocation: /default-rack, certSerialId: null}, Type:RATIS, Factor:THREE, State:OPEN]
2019-10-15 03:30:59,653 [main] INFO  ozone.MiniOzoneClusterImpl (MiniOzoneClusterImpl.java:lambda$waitForClusterToBeReady$0(147)) - Cluster is ready. Got 7 of 7 DN Heartbeats.
2019-10-15 03:30:59,692 [main] INFO  rpc.RpcClient (RpcClient.java:createVolume(272)) - Creating Volume: testblockoutputstream, with jenkins1000 as owner.
2019-10-15 03:30:59,695 [IPC Server handler 1 on 44126] INFO  volume.OMVolumeCreateRequest (OMVolumeCreateRequest.java:validateAndUpdateCache(193)) - created volume:testblockoutputstream for user:jenkins1000
2019-10-15 03:30:59,710 [main] INFO  rpc.RpcClient (RpcClient.java:createBucket(411)) - Creating Bucket: testblockoutputstream/testblockoutputstream, with Versioning false and Storage Type set to DISK and Encryption set to false 
2019-10-15 03:31:01,262 [Thread-3114] INFO  container.ReplicationManager (ReplicationManager.java:start(162)) - Starting Replication Monitor Thread.
2019-10-15 03:31:01,265 [ReplicationMonitor] INFO  container.ReplicationManager (ReplicationManager.java:run(225)) - Replication Monitor Thread took 0 milliseconds for processing 1 containers.
2019-10-15 03:31:03,387 [Thread-3116] INFO  impl.FollowerState (FollowerState.java:run(108)) - ad766340-60fb-4b57-8988-b95b42609151@group-F8D87ACF0665-FollowerState: change to CANDIDATE, lastRpcTime:5058ms, electionTimeout:5058ms
2019-10-15 03:31:03,387 [Thread-3116] INFO  impl.RoleInfo (RoleInfo.java:shutdownFollowerState(121)) - ad766340-60fb-4b57-8988-b95b42609151: shutdown FollowerState
2019-10-15 03:31:03,388 [Thread-3116] INFO  impl.RaftServerImpl (RaftServerImpl.java:setRole(170)) - ad766340-60fb-4b57-8988-b95b42609151@group-F8D87ACF0665: changes role from  FOLLOWER to CANDIDATE at term 0 for changeToCandidate
2019-10-15 03:31:03,388 [Thread-3116] INFO  impl.RoleInfo (RoleInfo.java:updateAndGet(143)) - ad766340-60fb-4b57-8988-b95b42609151: start LeaderElection
2019-10-15 03:31:03,447 [ad766340-60fb-4b57-8988-b95b42609151@group-F8D87ACF0665-LeaderElection92] INFO  impl.LeaderElection (LeaderElection.java:askForVotes(178)) - ad766340-60fb-4b57-8988-b95b42609151@group-F8D87ACF0665-LeaderElection92: begin an election at term 1 for -1: [ad766340-60fb-4b57-8988-b95b42609151:192.168.157.236:34249], old=null
2019-10-15 03:31:03,447 [ad766340-60fb-4b57-8988-b95b42609151@group-F8D87ACF0665-LeaderElection92] INFO  impl.RoleInfo (RoleInfo.java:shutdownLeaderElection(134)) - ad766340-60fb-4b57-8988-b95b42609151: shutdown LeaderElection
2019-10-15 03:31:03,447 [ad766340-60fb-4b57-8988-b95b42609151@group-F8D87ACF0665-LeaderElection92] INFO  impl.RaftServerImpl (RaftServerImpl.java:setRole(170)) - ad766340-60fb-4b57-8988-b95b42609151@group-F8D87ACF0665: changes role from CANDIDATE to LEADER at term 1 for changeToLeader
2019-10-15 03:31:03,447 [ad766340-60fb-4b57-8988-b95b42609151@group-F8D87ACF0665-LeaderElection92] INFO  impl.RaftServerImpl (ServerState.java:setLeader(255)) - ad766340-60fb-4b57-8988-b95b42609151@group-F8D87ACF0665: change Leader from null to ad766340-60fb-4b57-8988-b95b42609151 at term 1 for becomeLeader, leader elected after 5124ms
2019-10-15 03:31:03,448 [ad766340-60fb-4b57-8988-b95b42609151@group-F8D87ACF0665-LeaderElection92] INFO  server.RaftServerConfigKeys (ConfUtils.java:logGet(43)) - raft.server.staging.catchup.gap = 1000 (default)
2019-10-15 03:31:03,448 [ad766340-60fb-4b57-8988-b95b42609151@group-F8D87ACF0665-LeaderElection92] INFO  server.RaftServerConfigKeys (ConfUtils.java:logGet(43)) - raft.server.rpc.sleep.time = 25ms (default)
2019-10-15 03:31:03,448 [ad766340-60fb-4b57-8988-b95b42609151@group-F8D87ACF0665-LeaderElection92] INFO  server.RaftServerConfigKeys (ConfUtils.java:logGet(43)) - raft.server.write.element-limit = 4096 (default)
2019-10-15 03:31:03,448 [ad766340-60fb-4b57-8988-b95b42609151@group-F8D87ACF0665-LeaderElection92] INFO  server.RaftServerConfigKeys (ConfUtils.java:logGet(43)) - raft.server.watch.timeout = 10s (default)
2019-10-15 03:31:03,448 [ad766340-60fb-4b57-8988-b95b42609151@group-F8D87ACF0665-LeaderElection92] INFO  server.RaftServerConfigKeys (ConfUtils.java:logGet(43)) - raft.server.watch.timeout.denomination = 1s (default)
2019-10-15 03:31:03,448 [ad766340-60fb-4b57-8988-b95b42609151@group-F8D87ACF0665-LeaderElection92] INFO  server.RaftServerConfigKeys (ConfUtils.java:logGet(43)) - raft.server.watch.element-limit = 65536 (default)
2019-10-15 03:31:03,451 [ad766340-60fb-4b57-8988-b95b42609151@group-F8D87ACF0665-LeaderElection92] INFO  impl.RoleInfo (RoleInfo.java:updateAndGet(143)) - ad766340-60fb-4b57-8988-b95b42609151: start LeaderState
2019-10-15 03:31:03,451 [ad766340-60fb-4b57-8988-b95b42609151@group-F8D87ACF0665-LeaderElection92] INFO  segmented.SegmentedRaftLogWorker (SegmentedRaftLogWorker.java:startLogSegment(385)) - ad766340-60fb-4b57-8988-b95b42609151@group-F8D87ACF0665-SegmentedRaftLogWorker: Starting segment from index:0
2019-10-15 03:31:03,452 [ad766340-60fb-4b57-8988-b95b42609151@group-F8D87ACF0665-LeaderElection92] INFO  impl.RaftServerImpl (ServerState.java:setRaftConf(356)) - ad766340-60fb-4b57-8988-b95b42609151@group-F8D87ACF0665: set configuration 0: [ad766340-60fb-4b57-8988-b95b42609151:192.168.157.236:34249], old=null at 0
2019-10-15 03:31:03,506 [ad766340-60fb-4b57-8988-b95b42609151@group-F8D87ACF0665-SegmentedRaftLogWorker] INFO  segmented.SegmentedRaftLogWorker (SegmentedRaftLogWorker.java:execute(574)) - ad766340-60fb-4b57-8988-b95b42609151@group-F8D87ACF0665-SegmentedRaftLogWorker: created new log segment /workdir/hadoop-ozone/integration-test/target/test-dir/MiniOzoneClusterImpl-5622c653-33f5-44d9-9ba1-ef695601b467/datanode-0/data/ratis/528ede4d-1560-4786-9727-f8d87acf0665/current/log_inprogress_0
2019-10-15 03:31:03,539 [Thread-3122] INFO  impl.FollowerState (FollowerState.java:run(108)) - 572ff2ee-e904-4734-b002-88c441a29bd6@group-5D210689F711-FollowerState: change to CANDIDATE, lastRpcTime:5080ms, electionTimeout:5080ms
2019-10-15 03:31:03,539 [Thread-3122] INFO  impl.RoleInfo (RoleInfo.java:shutdownFollowerState(121)) - 572ff2ee-e904-4734-b002-88c441a29bd6: shutdown FollowerState
2019-10-15 03:31:03,539 [Thread-3122] INFO  impl.RaftServerImpl (RaftServerImpl.java:setRole(170)) - 572ff2ee-e904-4734-b002-88c441a29bd6@group-5D210689F711: changes role from  FOLLOWER to CANDIDATE at term 0 for changeToCandidate
2019-10-15 03:31:03,539 [Thread-3122] INFO  impl.RoleInfo (RoleInfo.java:updateAndGet(143)) - 572ff2ee-e904-4734-b002-88c441a29bd6: start LeaderElection
2019-10-15 03:31:03,567 [572ff2ee-e904-4734-b002-88c441a29bd6@group-5D210689F711-LeaderElection93] INFO  impl.LeaderElection (LeaderElection.java:askForVotes(178)) - 572ff2ee-e904-4734-b002-88c441a29bd6@group-5D210689F711-LeaderElection93: begin an election at term 1 for -1: [572ff2ee-e904-4734-b002-88c441a29bd6:192.168.157.236:38035], old=null
2019-10-15 03:31:03,567 [572ff2ee-e904-4734-b002-88c441a29bd6@group-5D210689F711-LeaderElection93] INFO  impl.RoleInfo (RoleInfo.java:shutdownLeaderElection(134)) - 572ff2ee-e904-4734-b002-88c441a29bd6: shutdown LeaderElection
2019-10-15 03:31:03,567 [572ff2ee-e904-4734-b002-88c441a29bd6@group-5D210689F711-LeaderElection93] INFO  impl.RaftServerImpl (RaftServerImpl.java:setRole(170)) - 572ff2ee-e904-4734-b002-88c441a29bd6@group-5D210689F711: changes role from CANDIDATE to LEADER at term 1 for changeToLeader
2019-10-15 03:31:03,567 [572ff2ee-e904-4734-b002-88c441a29bd6@group-5D210689F711-LeaderElection93] INFO  impl.RaftServerImpl (ServerState.java:setLeader(255)) - 572ff2ee-e904-4734-b002-88c441a29bd6@group-5D210689F711: change Leader from null to 572ff2ee-e904-4734-b002-88c441a29bd6 at term 1 for becomeLeader, leader elected after 5113ms
2019-10-15 03:31:03,567 [572ff2ee-e904-4734-b002-88c441a29bd6@group-5D210689F711-LeaderElection93] INFO  server.RaftServerConfigKeys (ConfUtils.java:logGet(43)) - raft.server.staging.catchup.gap = 1000 (default)
2019-10-15 03:31:03,567 [572ff2ee-e904-4734-b002-88c441a29bd6@group-5D210689F711-LeaderElection93] INFO  server.RaftServerConfigKeys (ConfUtils.java:logGet(43)) - raft.server.rpc.sleep.time = 25ms (default)
2019-10-15 03:31:03,567 [572ff2ee-e904-4734-b002-88c441a29bd6@group-5D210689F711-LeaderElection93] INFO  server.RaftServerConfigKeys (ConfUtils.java:logGet(43)) - raft.server.write.element-limit = 4096 (default)
2019-10-15 03:31:03,567 [572ff2ee-e904-4734-b002-88c441a29bd6@group-5D210689F711-LeaderElection93] INFO  server.RaftServerConfigKeys (ConfUtils.java:logGet(43)) - raft.server.watch.timeout = 10s (default)
2019-10-15 03:31:03,568 [572ff2ee-e904-4734-b002-88c441a29bd6@group-5D210689F711-LeaderElection93] INFO  server.RaftServerConfigKeys (ConfUtils.java:logGet(43)) - raft.server.watch.timeout.denomination = 1s (default)
2019-10-15 03:31:03,568 [Thread-3119] INFO  impl.FollowerState (FollowerState.java:run(108)) - 1c63e32b-895e-4973-a222-476310241caa@group-3A7F5633E5D5-FollowerState: change to CANDIDATE, lastRpcTime:5175ms, electionTimeout:5175ms
2019-10-15 03:31:03,568 [572ff2ee-e904-4734-b002-88c441a29bd6@group-5D210689F711-LeaderElection93] INFO  server.RaftServerConfigKeys (ConfUtils.java:logGet(43)) - raft.server.watch.element-limit = 65536 (default)
2019-10-15 03:31:03,568 [Thread-3119] INFO  impl.RoleInfo (RoleInfo.java:shutdownFollowerState(121)) - 1c63e32b-895e-4973-a222-476310241caa: shutdown FollowerState
2019-10-15 03:31:03,568 [Thread-3119] INFO  impl.RaftServerImpl (RaftServerImpl.java:setRole(170)) - 1c63e32b-895e-4973-a222-476310241caa@group-3A7F5633E5D5: changes role from  FOLLOWER to CANDIDATE at term 0 for changeToCandidate
2019-10-15 03:31:03,568 [Thread-3119] INFO  impl.RoleInfo (RoleInfo.java:updateAndGet(143)) - 1c63e32b-895e-4973-a222-476310241caa: start LeaderElection
2019-10-15 03:31:03,570 [Thread-3125] INFO  impl.FollowerState (FollowerState.java:run(108)) - 62bb45c5-64cf-4b95-a2f8-324b07832301@group-30AE0A8426B2-FollowerState: change to CANDIDATE, lastRpcTime:5028ms, electionTimeout:5027ms
2019-10-15 03:31:03,571 [Thread-3125] INFO  impl.RoleInfo (RoleInfo.java:shutdownFollowerState(121)) - 62bb45c5-64cf-4b95-a2f8-324b07832301: shutdown FollowerState
2019-10-15 03:31:03,572 [Thread-3125] INFO  impl.RaftServerImpl (RaftServerImpl.java:setRole(170)) - 62bb45c5-64cf-4b95-a2f8-324b07832301@group-30AE0A8426B2: changes role from  FOLLOWER to CANDIDATE at term 0 for changeToCandidate
2019-10-15 03:31:03,573 [Thread-3125] INFO  impl.RoleInfo (RoleInfo.java:updateAndGet(143)) - 62bb45c5-64cf-4b95-a2f8-324b07832301: start LeaderElection
2019-10-15 03:31:03,576 [572ff2ee-e904-4734-b002-88c441a29bd6@group-5D210689F711-LeaderElection93] INFO  impl.RoleInfo (RoleInfo.java:updateAndGet(143)) - 572ff2ee-e904-4734-b002-88c441a29bd6: start LeaderState
2019-10-15 03:31:03,576 [572ff2ee-e904-4734-b002-88c441a29bd6@group-5D210689F711-LeaderElection93] INFO  segmented.SegmentedRaftLogWorker (SegmentedRaftLogWorker.java:startLogSegment(385)) - 572ff2ee-e904-4734-b002-88c441a29bd6@group-5D210689F711-SegmentedRaftLogWorker: Starting segment from index:0
2019-10-15 03:31:03,577 [572ff2ee-e904-4734-b002-88c441a29bd6@group-5D210689F711-LeaderElection93] INFO  impl.RaftServerImpl (ServerState.java:setRaftConf(356)) - 572ff2ee-e904-4734-b002-88c441a29bd6@group-5D210689F711: set configuration 0: [572ff2ee-e904-4734-b002-88c441a29bd6:192.168.157.236:38035], old=null at 0
2019-10-15 03:31:03,589 [62bb45c5-64cf-4b95-a2f8-324b07832301@group-30AE0A8426B2-LeaderElection95] INFO  impl.LeaderElection (LeaderElection.java:askForVotes(178)) - 62bb45c5-64cf-4b95-a2f8-324b07832301@group-30AE0A8426B2-LeaderElection95: begin an election at term 1 for -1: [62bb45c5-64cf-4b95-a2f8-324b07832301:192.168.157.236:33312], old=null
2019-10-15 03:31:03,589 [1c63e32b-895e-4973-a222-476310241caa@group-3A7F5633E5D5-LeaderElection94] INFO  impl.LeaderElection (LeaderElection.java:askForVotes(178)) - 1c63e32b-895e-4973-a222-476310241caa@group-3A7F5633E5D5-LeaderElection94: begin an election at term 1 for -1: [1c63e32b-895e-4973-a222-476310241caa:192.168.157.236:42663], old=null
2019-10-15 03:31:03,589 [62bb45c5-64cf-4b95-a2f8-324b07832301@group-30AE0A8426B2-LeaderElection95] INFO  impl.RoleInfo (RoleInfo.java:shutdownLeaderElection(134)) - 62bb45c5-64cf-4b95-a2f8-324b07832301: shutdown LeaderElection
2019-10-15 03:31:03,589 [1c63e32b-895e-4973-a222-476310241caa@group-3A7F5633E5D5-LeaderElection94] INFO  impl.RoleInfo (RoleInfo.java:shutdownLeaderElection(134)) - 1c63e32b-895e-4973-a222-476310241caa: shutdown LeaderElection
2019-10-15 03:31:03,589 [62bb45c5-64cf-4b95-a2f8-324b07832301@group-30AE0A8426B2-LeaderElection95] INFO  impl.RaftServerImpl (RaftServerImpl.java:setRole(170)) - 62bb45c5-64cf-4b95-a2f8-324b07832301@group-30AE0A8426B2: changes role from CANDIDATE to LEADER at term 1 for changeToLeader
2019-10-15 03:31:03,590 [1c63e32b-895e-4973-a222-476310241caa@group-3A7F5633E5D5-LeaderElection94] INFO  impl.RaftServerImpl (RaftServerImpl.java:setRole(170)) - 1c63e32b-895e-4973-a222-476310241caa@group-3A7F5633E5D5: changes role from CANDIDATE to LEADER at term 1 for changeToLeader
2019-10-15 03:31:03,590 [62bb45c5-64cf-4b95-a2f8-324b07832301@group-30AE0A8426B2-LeaderElection95] INFO  impl.RaftServerImpl (ServerState.java:setLeader(255)) - 62bb45c5-64cf-4b95-a2f8-324b07832301@group-30AE0A8426B2: change Leader from null to 62bb45c5-64cf-4b95-a2f8-324b07832301 at term 1 for becomeLeader, leader elected after 5054ms
2019-10-15 03:31:03,590 [1c63e32b-895e-4973-a222-476310241caa@group-3A7F5633E5D5-LeaderElection94] INFO  impl.RaftServerImpl (ServerState.java:setLeader(255)) - 1c63e32b-895e-4973-a222-476310241caa@group-3A7F5633E5D5: change Leader from null to 1c63e32b-895e-4973-a222-476310241caa at term 1 for becomeLeader, leader elected after 5202ms
2019-10-15 03:31:03,590 [62bb45c5-64cf-4b95-a2f8-324b07832301@group-30AE0A8426B2-LeaderElection95] INFO  server.RaftServerConfigKeys (ConfUtils.java:logGet(43)) - raft.server.staging.catchup.gap = 1000 (default)
2019-10-15 03:31:03,590 [1c63e32b-895e-4973-a222-476310241caa@group-3A7F5633E5D5-LeaderElection94] INFO  server.RaftServerConfigKeys (ConfUtils.java:logGet(43)) - raft.server.staging.catchup.gap = 1000 (default)
2019-10-15 03:31:03,590 [62bb45c5-64cf-4b95-a2f8-324b07832301@group-30AE0A8426B2-LeaderElection95] INFO  server.RaftServerConfigKeys (ConfUtils.java:logGet(43)) - raft.server.rpc.sleep.time = 25ms (default)
2019-10-15 03:31:03,590 [1c63e32b-895e-4973-a222-476310241caa@group-3A7F5633E5D5-LeaderElection94] INFO  server.RaftServerConfigKeys (ConfUtils.java:logGet(43)) - raft.server.rpc.sleep.time = 25ms (default)
2019-10-15 03:31:03,590 [62bb45c5-64cf-4b95-a2f8-324b07832301@group-30AE0A8426B2-LeaderElection95] INFO  server.RaftServerConfigKeys (ConfUtils.java:logGet(43)) - raft.server.write.element-limit = 4096 (default)
2019-10-15 03:31:03,590 [1c63e32b-895e-4973-a222-476310241caa@group-3A7F5633E5D5-LeaderElection94] INFO  server.RaftServerConfigKeys (ConfUtils.java:logGet(43)) - raft.server.write.element-limit = 4096 (default)
2019-10-15 03:31:03,591 [62bb45c5-64cf-4b95-a2f8-324b07832301@group-30AE0A8426B2-LeaderElection95] INFO  server.RaftServerConfigKeys (ConfUtils.java:logGet(43)) - raft.server.watch.timeout = 10s (default)
2019-10-15 03:31:03,591 [1c63e32b-895e-4973-a222-476310241caa@group-3A7F5633E5D5-LeaderElection94] INFO  server.RaftServerConfigKeys (ConfUtils.java:logGet(43)) - raft.server.watch.timeout = 10s (default)
2019-10-15 03:31:03,591 [62bb45c5-64cf-4b95-a2f8-324b07832301@group-30AE0A8426B2-LeaderElection95] INFO  server.RaftServerConfigKeys (ConfUtils.java:logGet(43)) - raft.server.watch.timeout.denomination = 1s (default)
2019-10-15 03:31:03,591 [1c63e32b-895e-4973-a222-476310241caa@group-3A7F5633E5D5-LeaderElection94] INFO  server.RaftServerConfigKeys (ConfUtils.java:logGet(43)) - raft.server.watch.timeout.denomination = 1s (default)
2019-10-15 03:31:03,591 [62bb45c5-64cf-4b95-a2f8-324b07832301@group-30AE0A8426B2-LeaderElection95] INFO  server.RaftServerConfigKeys (ConfUtils.java:logGet(43)) - raft.server.watch.element-limit = 65536 (default)
2019-10-15 03:31:03,591 [1c63e32b-895e-4973-a222-476310241caa@group-3A7F5633E5D5-LeaderElection94] INFO  server.RaftServerConfigKeys (ConfUtils.java:logGet(43)) - raft.server.watch.element-limit = 65536 (default)
2019-10-15 03:31:03,594 [62bb45c5-64cf-4b95-a2f8-324b07832301@group-30AE0A8426B2-LeaderElection95] INFO  impl.RoleInfo (RoleInfo.java:updateAndGet(143)) - 62bb45c5-64cf-4b95-a2f8-324b07832301: start LeaderState
2019-10-15 03:31:03,594 [1c63e32b-895e-4973-a222-476310241caa@group-3A7F5633E5D5-LeaderElection94] INFO  impl.RoleInfo (RoleInfo.java:updateAndGet(143)) - 1c63e32b-895e-4973-a222-476310241caa: start LeaderState
2019-10-15 03:31:03,594 [62bb45c5-64cf-4b95-a2f8-324b07832301@group-30AE0A8426B2-LeaderElection95] INFO  segmented.SegmentedRaftLogWorker (SegmentedRaftLogWorker.java:startLogSegment(385)) - 62bb45c5-64cf-4b95-a2f8-324b07832301@group-30AE0A8426B2-SegmentedRaftLogWorker: Starting segment from index:0
2019-10-15 03:31:03,594 [1c63e32b-895e-4973-a222-476310241caa@group-3A7F5633E5D5-LeaderElection94] INFO  segmented.SegmentedRaftLogWorker (SegmentedRaftLogWorker.java:startLogSegment(385)) - 1c63e32b-895e-4973-a222-476310241caa@group-3A7F5633E5D5-SegmentedRaftLogWorker: Starting segment from index:0
2019-10-15 03:31:03,595 [62bb45c5-64cf-4b95-a2f8-324b07832301@group-30AE0A8426B2-LeaderElection95] INFO  impl.RaftServerImpl (ServerState.java:setRaftConf(356)) - 62bb45c5-64cf-4b95-a2f8-324b07832301@group-30AE0A8426B2: set configuration 0: [62bb45c5-64cf-4b95-a2f8-324b07832301:192.168.157.236:33312], old=null at 0
2019-10-15 03:31:03,595 [1c63e32b-895e-4973-a222-476310241caa@group-3A7F5633E5D5-LeaderElection94] INFO  impl.RaftServerImpl (ServerState.java:setRaftConf(356)) - 1c63e32b-895e-4973-a222-476310241caa@group-3A7F5633E5D5: set configuration 0: [1c63e32b-895e-4973-a222-476310241caa:192.168.157.236:42663], old=null at 0
2019-10-15 03:31:03,644 [572ff2ee-e904-4734-b002-88c441a29bd6@group-5D210689F711-SegmentedRaftLogWorker] INFO  segmented.SegmentedRaftLogWorker (SegmentedRaftLogWorker.java:execute(574)) - 572ff2ee-e904-4734-b002-88c441a29bd6@group-5D210689F711-SegmentedRaftLogWorker: created new log segment /workdir/hadoop-ozone/integration-test/target/test-dir/MiniOzoneClusterImpl-5622c653-33f5-44d9-9ba1-ef695601b467/datanode-2/data/ratis/f338bfd8-3dfe-4ec0-b431-5d210689f711/current/log_inprogress_0
2019-10-15 03:31:03,644 [62bb45c5-64cf-4b95-a2f8-324b07832301@group-30AE0A8426B2-SegmentedRaftLogWorker] INFO  segmented.SegmentedRaftLogWorker (SegmentedRaftLogWorker.java:execute(574)) - 62bb45c5-64cf-4b95-a2f8-324b07832301@group-30AE0A8426B2-SegmentedRaftLogWorker: created new log segment /workdir/hadoop-ozone/integration-test/target/test-dir/MiniOzoneClusterImpl-5622c653-33f5-44d9-9ba1-ef695601b467/datanode-3/data/ratis/d53265cd-eabc-418d-b613-30ae0a8426b2/current/log_inprogress_0
2019-10-15 03:31:03,667 [1c63e32b-895e-4973-a222-476310241caa@group-3A7F5633E5D5-SegmentedRaftLogWorker] INFO  segmented.SegmentedRaftLogWorker (SegmentedRaftLogWorker.java:execute(574)) - 1c63e32b-895e-4973-a222-476310241caa@group-3A7F5633E5D5-SegmentedRaftLogWorker: created new log segment /workdir/hadoop-ozone/integration-test/target/test-dir/MiniOzoneClusterImpl-5622c653-33f5-44d9-9ba1-ef695601b467/datanode-1/data/ratis/0528a2f4-ed4d-4e3f-8403-3a7f5633e5d5/current/log_inprogress_0
2019-10-15 03:31:03,714 [Thread-3128] INFO  impl.FollowerState (FollowerState.java:run(108)) - 3e1caccb-f9ab-465e-a648-53867b9772ef@group-F1BCD244E8F5-FollowerState: change to CANDIDATE, lastRpcTime:5073ms, electionTimeout:5073ms
2019-10-15 03:31:03,714 [Thread-3128] INFO  impl.RoleInfo (RoleInfo.java:shutdownFollowerState(121)) - 3e1caccb-f9ab-465e-a648-53867b9772ef: shutdown FollowerState
2019-10-15 03:31:03,715 [Thread-3128] INFO  impl.RaftServerImpl (RaftServerImpl.java:setRole(170)) - 3e1caccb-f9ab-465e-a648-53867b9772ef@group-F1BCD244E8F5: changes role from  FOLLOWER to CANDIDATE at term 0 for changeToCandidate
2019-10-15 03:31:03,715 [Thread-3128] INFO  impl.RoleInfo (RoleInfo.java:updateAndGet(143)) - 3e1caccb-f9ab-465e-a648-53867b9772ef: start LeaderElection
2019-10-15 03:31:03,766 [3e1caccb-f9ab-465e-a648-53867b9772ef@group-F1BCD244E8F5-LeaderElection96] INFO  impl.LeaderElection (LeaderElection.java:askForVotes(178)) - 3e1caccb-f9ab-465e-a648-53867b9772ef@group-F1BCD244E8F5-LeaderElection96: begin an election at term 1 for -1: [3e1caccb-f9ab-465e-a648-53867b9772ef:192.168.157.236:39345], old=null
2019-10-15 03:31:03,766 [3e1caccb-f9ab-465e-a648-53867b9772ef@group-F1BCD244E8F5-LeaderElection96] INFO  impl.RoleInfo (RoleInfo.java:shutdownLeaderElection(134)) - 3e1caccb-f9ab-465e-a648-53867b9772ef: shutdown LeaderElection
2019-10-15 03:31:03,766 [3e1caccb-f9ab-465e-a648-53867b9772ef@group-F1BCD244E8F5-LeaderElection96] INFO  impl.RaftServerImpl (RaftServerImpl.java:setRole(170)) - 3e1caccb-f9ab-465e-a648-53867b9772ef@group-F1BCD244E8F5: changes role from CANDIDATE to LEADER at term 1 for changeToLeader
2019-10-15 03:31:03,766 [3e1caccb-f9ab-465e-a648-53867b9772ef@group-F1BCD244E8F5-LeaderElection96] INFO  impl.RaftServerImpl (ServerState.java:setLeader(255)) - 3e1caccb-f9ab-465e-a648-53867b9772ef@group-F1BCD244E8F5: change Leader from null to 3e1caccb-f9ab-465e-a648-53867b9772ef at term 1 for becomeLeader, leader elected after 5130ms
2019-10-15 03:31:03,766 [3e1caccb-f9ab-465e-a648-53867b9772ef@group-F1BCD244E8F5-LeaderElection96] INFO  server.RaftServerConfigKeys (ConfUtils.java:logGet(43)) - raft.server.staging.catchup.gap = 1000 (default)
2019-10-15 03:31:03,767 [3e1caccb-f9ab-465e-a648-53867b9772ef@group-F1BCD244E8F5-LeaderElection96] INFO  server.RaftServerConfigKeys (ConfUtils.java:logGet(43)) - raft.server.rpc.sleep.time = 25ms (default)
2019-10-15 03:31:03,767 [3e1caccb-f9ab-465e-a648-53867b9772ef@group-F1BCD244E8F5-LeaderElection96] INFO  server.RaftServerConfigKeys (ConfUtils.java:logGet(43)) - raft.server.write.element-limit = 4096 (default)
2019-10-15 03:31:03,767 [3e1caccb-f9ab-465e-a648-53867b9772ef@group-F1BCD244E8F5-LeaderElection96] INFO  server.RaftServerConfigKeys (ConfUtils.java:logGet(43)) - raft.server.watch.timeout = 10s (default)
2019-10-15 03:31:03,767 [3e1caccb-f9ab-465e-a648-53867b9772ef@group-F1BCD244E8F5-LeaderElection96] INFO  server.RaftServerConfigKeys (ConfUtils.java:logGet(43)) - raft.server.watch.timeout.denomination = 1s (default)
2019-10-15 03:31:03,767 [3e1caccb-f9ab-465e-a648-53867b9772ef@group-F1BCD244E8F5-LeaderElection96] INFO  server.RaftServerConfigKeys (ConfUtils.java:logGet(43)) - raft.server.watch.element-limit = 65536 (default)
2019-10-15 03:31:03,769 [3e1caccb-f9ab-465e-a648-53867b9772ef@group-F1BCD244E8F5-LeaderElection96] INFO  impl.RoleInfo (RoleInfo.java:updateAndGet(143)) - 3e1caccb-f9ab-465e-a648-53867b9772ef: start LeaderState
2019-10-15 03:31:03,769 [3e1caccb-f9ab-465e-a648-53867b9772ef@group-F1BCD244E8F5-LeaderElection96] INFO  segmented.SegmentedRaftLogWorker (SegmentedRaftLogWorker.java:startLogSegment(385)) - 3e1caccb-f9ab-465e-a648-53867b9772ef@group-F1BCD244E8F5-SegmentedRaftLogWorker: Starting segment from index:0
2019-10-15 03:31:03,769 [3e1caccb-f9ab-465e-a648-53867b9772ef@group-F1BCD244E8F5-LeaderElection96] INFO  impl.RaftServerImpl (ServerState.java:setRaftConf(356)) - 3e1caccb-f9ab-465e-a648-53867b9772ef@group-F1BCD244E8F5: set configuration 0: [3e1caccb-f9ab-465e-a648-53867b9772ef:192.168.157.236:39345], old=null at 0
2019-10-15 03:31:03,816 [3e1caccb-f9ab-465e-a648-53867b9772ef@group-F1BCD244E8F5-SegmentedRaftLogWorker] INFO  segmented.SegmentedRaftLogWorker (SegmentedRaftLogWorker.java:execute(574)) - 3e1caccb-f9ab-465e-a648-53867b9772ef@group-F1BCD244E8F5-SegmentedRaftLogWorker: created new log segment /workdir/hadoop-ozone/integration-test/target/test-dir/MiniOzoneClusterImpl-5622c653-33f5-44d9-9ba1-ef695601b467/datanode-4/data/ratis/6c8aa01b-a7aa-4998-aa34-f1bcd244e8f5/current/log_inprogress_0
2019-10-15 03:31:03,822 [Thread-3131] INFO  impl.FollowerState (FollowerState.java:run(108)) - 19a9e230-345c-4f8a-b3b2-bd4c3694799a@group-ABF66868BFA8-FollowerState: change to CANDIDATE, lastRpcTime:5113ms, electionTimeout:5113ms
2019-10-15 03:31:03,822 [Thread-3131] INFO  impl.RoleInfo (RoleInfo.java:shutdownFollowerState(121)) - 19a9e230-345c-4f8a-b3b2-bd4c3694799a: shutdown FollowerState
2019-10-15 03:31:03,823 [Thread-3131] INFO  impl.RaftServerImpl (RaftServerImpl.java:setRole(170)) - 19a9e230-345c-4f8a-b3b2-bd4c3694799a@group-ABF66868BFA8: changes role from  FOLLOWER to CANDIDATE at term 0 for changeToCandidate
2019-10-15 03:31:03,823 [Thread-3131] INFO  impl.RoleInfo (RoleInfo.java:updateAndGet(143)) - 19a9e230-345c-4f8a-b3b2-bd4c3694799a: start LeaderElection
2019-10-15 03:31:03,825 [Thread-3134] INFO  impl.FollowerState (FollowerState.java:run(108)) - 251ee4cd-b9df-4f77-8c52-c5e9eff662c2@group-656794984202-FollowerState: change to CANDIDATE, lastRpcTime:5040ms, electionTimeout:5039ms
2019-10-15 03:31:03,832 [Thread-3134] INFO  impl.RoleInfo (RoleInfo.java:shutdownFollowerState(121)) - 251ee4cd-b9df-4f77-8c52-c5e9eff662c2: shutdown FollowerState
2019-10-15 03:31:03,832 [Thread-3134] INFO  impl.RaftServerImpl (RaftServerImpl.java:setRole(170)) - 251ee4cd-b9df-4f77-8c52-c5e9eff662c2@group-656794984202: changes role from  FOLLOWER to CANDIDATE at term 0 for changeToCandidate
2019-10-15 03:31:03,832 [Thread-3134] INFO  impl.RoleInfo (RoleInfo.java:updateAndGet(143)) - 251ee4cd-b9df-4f77-8c52-c5e9eff662c2: start LeaderElection
2019-10-15 03:31:03,859 [19a9e230-345c-4f8a-b3b2-bd4c3694799a@group-ABF66868BFA8-LeaderElection97] INFO  impl.LeaderElection (LeaderElection.java:askForVotes(178)) - 19a9e230-345c-4f8a-b3b2-bd4c3694799a@group-ABF66868BFA8-LeaderElection97: begin an election at term 1 for -1: [19a9e230-345c-4f8a-b3b2-bd4c3694799a:192.168.157.236:38230], old=null
2019-10-15 03:31:03,859 [251ee4cd-b9df-4f77-8c52-c5e9eff662c2@group-656794984202-LeaderElection98] INFO  impl.LeaderElection (LeaderElection.java:askForVotes(178)) - 251ee4cd-b9df-4f77-8c52-c5e9eff662c2@group-656794984202-LeaderElection98: begin an election at term 1 for -1: [251ee4cd-b9df-4f77-8c52-c5e9eff662c2:192.168.157.236:44097], old=null
2019-10-15 03:31:03,859 [19a9e230-345c-4f8a-b3b2-bd4c3694799a@group-ABF66868BFA8-LeaderElection97] INFO  impl.RoleInfo (RoleInfo.java:shutdownLeaderElection(134)) - 19a9e230-345c-4f8a-b3b2-bd4c3694799a: shutdown LeaderElection
2019-10-15 03:31:03,859 [251ee4cd-b9df-4f77-8c52-c5e9eff662c2@group-656794984202-LeaderElection98] INFO  impl.RoleInfo (RoleInfo.java:shutdownLeaderElection(134)) - 251ee4cd-b9df-4f77-8c52-c5e9eff662c2: shutdown LeaderElection
2019-10-15 03:31:03,859 [19a9e230-345c-4f8a-b3b2-bd4c3694799a@group-ABF66868BFA8-LeaderElection97] INFO  impl.RaftServerImpl (RaftServerImpl.java:setRole(170)) - 19a9e230-345c-4f8a-b3b2-bd4c3694799a@group-ABF66868BFA8: changes role from CANDIDATE to LEADER at term 1 for changeToLeader
2019-10-15 03:31:03,859 [251ee4cd-b9df-4f77-8c52-c5e9eff662c2@group-656794984202-LeaderElection98] INFO  impl.RaftServerImpl (RaftServerImpl.java:setRole(170)) - 251ee4cd-b9df-4f77-8c52-c5e9eff662c2@group-656794984202: changes role from CANDIDATE to LEADER at term 1 for changeToLeader
2019-10-15 03:31:03,859 [19a9e230-345c-4f8a-b3b2-bd4c3694799a@group-ABF66868BFA8-LeaderElection97] INFO  impl.RaftServerImpl (ServerState.java:setLeader(255)) - 19a9e230-345c-4f8a-b3b2-bd4c3694799a@group-ABF66868BFA8: change Leader from null to 19a9e230-345c-4f8a-b3b2-bd4c3694799a at term 1 for becomeLeader, leader elected after 5155ms
2019-10-15 03:31:03,859 [251ee4cd-b9df-4f77-8c52-c5e9eff662c2@group-656794984202-LeaderElection98] INFO  impl.RaftServerImpl (ServerState.java:setLeader(255)) - 251ee4cd-b9df-4f77-8c52-c5e9eff662c2@group-656794984202: change Leader from null to 251ee4cd-b9df-4f77-8c52-c5e9eff662c2 at term 1 for becomeLeader, leader elected after 5080ms
2019-10-15 03:31:03,860 [19a9e230-345c-4f8a-b3b2-bd4c3694799a@group-ABF66868BFA8-LeaderElection97] INFO  server.RaftServerConfigKeys (ConfUtils.java:logGet(43)) - raft.server.staging.catchup.gap = 1000 (default)
2019-10-15 03:31:03,860 [251ee4cd-b9df-4f77-8c52-c5e9eff662c2@group-656794984202-LeaderElection98] INFO  server.RaftServerConfigKeys (ConfUtils.java:logGet(43)) - raft.server.staging.catchup.gap = 1000 (default)
2019-10-15 03:31:03,860 [19a9e230-345c-4f8a-b3b2-bd4c3694799a@group-ABF66868BFA8-LeaderElection97] INFO  server.RaftServerConfigKeys (ConfUtils.java:logGet(43)) - raft.server.rpc.sleep.time = 25ms (default)
2019-10-15 03:31:03,860 [251ee4cd-b9df-4f77-8c52-c5e9eff662c2@group-656794984202-LeaderElection98] INFO  server.RaftServerConfigKeys (ConfUtils.java:logGet(43)) - raft.server.rpc.sleep.time = 25ms (default)
2019-10-15 03:31:03,860 [19a9e230-345c-4f8a-b3b2-bd4c3694799a@group-ABF66868BFA8-LeaderElection97] INFO  server.RaftServerConfigKeys (ConfUtils.java:logGet(43)) - raft.server.write.element-limit = 4096 (default)
2019-10-15 03:31:03,860 [251ee4cd-b9df-4f77-8c52-c5e9eff662c2@group-656794984202-LeaderElection98] INFO  server.RaftServerConfigKeys (ConfUtils.java:logGet(43)) - raft.server.write.element-limit = 4096 (default)
2019-10-15 03:31:03,860 [19a9e230-345c-4f8a-b3b2-bd4c3694799a@group-ABF66868BFA8-LeaderElection97] INFO  server.RaftServerConfigKeys (ConfUtils.java:logGet(43)) - raft.server.watch.timeout = 10s (default)
2019-10-15 03:31:03,860 [251ee4cd-b9df-4f77-8c52-c5e9eff662c2@group-656794984202-LeaderElection98] INFO  server.RaftServerConfigKeys (ConfUtils.java:logGet(43)) - raft.server.watch.timeout = 10s (default)
2019-10-15 03:31:03,860 [19a9e230-345c-4f8a-b3b2-bd4c3694799a@group-ABF66868BFA8-LeaderElection97] INFO  server.RaftServerConfigKeys (ConfUtils.java:logGet(43)) - raft.server.watch.timeout.denomination = 1s (default)
2019-10-15 03:31:03,861 [251ee4cd-b9df-4f77-8c52-c5e9eff662c2@group-656794984202-LeaderElection98] INFO  server.RaftServerConfigKeys (ConfUtils.java:logGet(43)) - raft.server.watch.timeout.denomination = 1s (default)
2019-10-15 03:31:03,861 [19a9e230-345c-4f8a-b3b2-bd4c3694799a@group-ABF66868BFA8-LeaderElection97] INFO  server.RaftServerConfigKeys (ConfUtils.java:logGet(43)) - raft.server.watch.element-limit = 65536 (default)
2019-10-15 03:31:03,861 [251ee4cd-b9df-4f77-8c52-c5e9eff662c2@group-656794984202-LeaderElection98] INFO  server.RaftServerConfigKeys (ConfUtils.java:logGet(43)) - raft.server.watch.element-limit = 65536 (default)
2019-10-15 03:31:03,863 [19a9e230-345c-4f8a-b3b2-bd4c3694799a@group-ABF66868BFA8-LeaderElection97] INFO  impl.RoleInfo (RoleInfo.java:updateAndGet(143)) - 19a9e230-345c-4f8a-b3b2-bd4c3694799a: start LeaderState
2019-10-15 03:31:03,863 [251ee4cd-b9df-4f77-8c52-c5e9eff662c2@group-656794984202-LeaderElection98] INFO  impl.RoleInfo (RoleInfo.java:updateAndGet(143)) - 251ee4cd-b9df-4f77-8c52-c5e9eff662c2: start LeaderState
2019-10-15 03:31:03,863 [19a9e230-345c-4f8a-b3b2-bd4c3694799a@group-ABF66868BFA8-LeaderElection97] INFO  segmented.SegmentedRaftLogWorker (SegmentedRaftLogWorker.java:startLogSegment(385)) - 19a9e230-345c-4f8a-b3b2-bd4c3694799a@group-ABF66868BFA8-SegmentedRaftLogWorker: Starting segment from index:0
2019-10-15 03:31:03,863 [251ee4cd-b9df-4f77-8c52-c5e9eff662c2@group-656794984202-LeaderElection98] INFO  segmented.SegmentedRaftLogWorker (SegmentedRaftLogWorker.java:startLogSegment(385)) - 251ee4cd-b9df-4f77-8c52-c5e9eff662c2@group-656794984202-SegmentedRaftLogWorker: Starting segment from index:0
2019-10-15 03:31:03,864 [19a9e230-345c-4f8a-b3b2-bd4c3694799a@group-ABF66868BFA8-LeaderElection97] INFO  impl.RaftServerImpl (ServerState.java:setRaftConf(356)) - 19a9e230-345c-4f8a-b3b2-bd4c3694799a@group-ABF66868BFA8: set configuration 0: [19a9e230-345c-4f8a-b3b2-bd4c3694799a:192.168.157.236:38230], old=null at 0
2019-10-15 03:31:03,864 [251ee4cd-b9df-4f77-8c52-c5e9eff662c2@group-656794984202-LeaderElection98] INFO  impl.RaftServerImpl (ServerState.java:setRaftConf(356)) - 251ee4cd-b9df-4f77-8c52-c5e9eff662c2@group-656794984202: set configuration 0: [251ee4cd-b9df-4f77-8c52-c5e9eff662c2:192.168.157.236:44097], old=null at 0
2019-10-15 03:31:03,920 [19a9e230-345c-4f8a-b3b2-bd4c3694799a@group-ABF66868BFA8-SegmentedRaftLogWorker] INFO  segmented.SegmentedRaftLogWorker (SegmentedRaftLogWorker.java:execute(574)) - 19a9e230-345c-4f8a-b3b2-bd4c3694799a@group-ABF66868BFA8-SegmentedRaftLogWorker: created new log segment /workdir/hadoop-ozone/integration-test/target/test-dir/MiniOzoneClusterImpl-5622c653-33f5-44d9-9ba1-ef695601b467/datanode-5/data/ratis/e3f331a1-c291-4973-9d98-abf66868bfa8/current/log_inprogress_0
2019-10-15 03:31:03,920 [Thread-3139] INFO  impl.FollowerState (FollowerState.java:run(108)) - 572ff2ee-e904-4734-b002-88c441a29bd6@group-7FB8756FF130-FollowerState: change to CANDIDATE, lastRpcTime:5055ms, electionTimeout:5039ms
2019-10-15 03:31:03,920 [Thread-3139] INFO  impl.RoleInfo (RoleInfo.java:shutdownFollowerState(121)) - 572ff2ee-e904-4734-b002-88c441a29bd6: shutdown FollowerState
2019-10-15 03:31:03,920 [Thread-3139] INFO  impl.RaftServerImpl (RaftServerImpl.java:setRole(170)) - 572ff2ee-e904-4734-b002-88c441a29bd6@group-7FB8756FF130: changes role from  FOLLOWER to CANDIDATE at term 0 for changeToCandidate
2019-10-15 03:31:03,920 [Thread-3139] INFO  impl.RoleInfo (RoleInfo.java:updateAndGet(143)) - 572ff2ee-e904-4734-b002-88c441a29bd6: start LeaderElection
2019-10-15 03:31:03,929 [Thread-3140] INFO  impl.FollowerState (FollowerState.java:run(108)) - 251ee4cd-b9df-4f77-8c52-c5e9eff662c2@group-7FB8756FF130-FollowerState: change to CANDIDATE, lastRpcTime:5062ms, electionTimeout:5062ms
2019-10-15 03:31:03,929 [Thread-3140] INFO  impl.RoleInfo (RoleInfo.java:shutdownFollowerState(121)) - 251ee4cd-b9df-4f77-8c52-c5e9eff662c2: shutdown FollowerState
2019-10-15 03:31:03,929 [Thread-3140] INFO  impl.RaftServerImpl (RaftServerImpl.java:setRole(170)) - 251ee4cd-b9df-4f77-8c52-c5e9eff662c2@group-7FB8756FF130: changes role from  FOLLOWER to CANDIDATE at term 0 for changeToCandidate
2019-10-15 03:31:03,929 [Thread-3140] INFO  impl.RoleInfo (RoleInfo.java:updateAndGet(143)) - 251ee4cd-b9df-4f77-8c52-c5e9eff662c2: start LeaderElection
2019-10-15 03:31:03,946 [Thread-3142] INFO  impl.FollowerState (FollowerState.java:run(108)) - 3e1caccb-f9ab-465e-a648-53867b9772ef@group-7FB8756FF130-FollowerState: change to CANDIDATE, lastRpcTime:5078ms, electionTimeout:5078ms
2019-10-15 03:31:03,946 [Thread-3142] INFO  impl.RoleInfo (RoleInfo.java:shutdownFollowerState(121)) - 3e1caccb-f9ab-465e-a648-53867b9772ef: shutdown FollowerState
2019-10-15 03:31:03,946 [Thread-3142] INFO  impl.RaftServerImpl (RaftServerImpl.java:setRole(170)) - 3e1caccb-f9ab-465e-a648-53867b9772ef@group-7FB8756FF130: changes role from  FOLLOWER to CANDIDATE at term 0 for changeToCandidate
2019-10-15 03:31:03,946 [Thread-3142] INFO  impl.RoleInfo (RoleInfo.java:updateAndGet(143)) - 3e1caccb-f9ab-465e-a648-53867b9772ef: start LeaderElection
2019-10-15 03:31:03,957 [251ee4cd-b9df-4f77-8c52-c5e9eff662c2@group-656794984202-SegmentedRaftLogWorker] INFO  segmented.SegmentedRaftLogWorker (SegmentedRaftLogWorker.java:execute(574)) - 251ee4cd-b9df-4f77-8c52-c5e9eff662c2@group-656794984202-SegmentedRaftLogWorker: created new log segment /workdir/hadoop-ozone/integration-test/target/test-dir/MiniOzoneClusterImpl-5622c653-33f5-44d9-9ba1-ef695601b467/datanode-6/data/ratis/bf91cc34-1aef-45ce-a4da-656794984202/current/log_inprogress_0
2019-10-15 03:31:03,957 [572ff2ee-e904-4734-b002-88c441a29bd6@group-7FB8756FF130-LeaderElection99] INFO  impl.LeaderElection (LeaderElection.java:askForVotes(178)) - 572ff2ee-e904-4734-b002-88c441a29bd6@group-7FB8756FF130-LeaderElection99: begin an election at term 1 for -1: [3e1caccb-f9ab-465e-a648-53867b9772ef:192.168.157.236:39345, 572ff2ee-e904-4734-b002-88c441a29bd6:192.168.157.236:38035, 251ee4cd-b9df-4f77-8c52-c5e9eff662c2:192.168.157.236:44097], old=null
2019-10-15 03:31:03,972 [Thread-3150] INFO  impl.FollowerState (FollowerState.java:run(108)) - ad766340-60fb-4b57-8988-b95b42609151@group-B98709856B20-FollowerState: change to CANDIDATE, lastRpcTime:5011ms, electionTimeout:5009ms
2019-10-15 03:31:03,972 [3e1caccb-f9ab-465e-a648-53867b9772ef@group-7FB8756FF130-LeaderElection101] INFO  impl.LeaderElection (LeaderElection.java:askForVotes(178)) - 3e1caccb-f9ab-465e-a648-53867b9772ef@group-7FB8756FF130-LeaderElection101: begin an election at term 1 for -1: [3e1caccb-f9ab-465e-a648-53867b9772ef:192.168.157.236:39345, 572ff2ee-e904-4734-b002-88c441a29bd6:192.168.157.236:38035, 251ee4cd-b9df-4f77-8c52-c5e9eff662c2:192.168.157.236:44097], old=null
2019-10-15 03:31:03,972 [251ee4cd-b9df-4f77-8c52-c5e9eff662c2@group-7FB8756FF130-LeaderElection100] INFO  impl.LeaderElection (LeaderElection.java:askForVotes(178)) - 251ee4cd-b9df-4f77-8c52-c5e9eff662c2@group-7FB8756FF130-LeaderElection100: begin an election at term 1 for -1: [3e1caccb-f9ab-465e-a648-53867b9772ef:192.168.157.236:39345, 572ff2ee-e904-4734-b002-88c441a29bd6:192.168.157.236:38035, 251ee4cd-b9df-4f77-8c52-c5e9eff662c2:192.168.157.236:44097], old=null
2019-10-15 03:31:03,972 [Thread-3150] INFO  impl.RoleInfo (RoleInfo.java:shutdownFollowerState(121)) - ad766340-60fb-4b57-8988-b95b42609151: shutdown FollowerState
2019-10-15 03:31:03,972 [Thread-3150] INFO  impl.RaftServerImpl (RaftServerImpl.java:setRole(170)) - ad766340-60fb-4b57-8988-b95b42609151@group-B98709856B20: changes role from  FOLLOWER to CANDIDATE at term 0 for changeToCandidate
2019-10-15 03:31:03,973 [Thread-3150] INFO  impl.RoleInfo (RoleInfo.java:updateAndGet(143)) - ad766340-60fb-4b57-8988-b95b42609151: start LeaderElection
2019-10-15 03:31:03,979 [572ff2ee-e904-4734-b002-88c441a29bd6@group-7FB8756FF130-LeaderElection99] INFO  impl.LeaderElection (LeaderElection.java:logAndReturn(56)) - 572ff2ee-e904-4734-b002-88c441a29bd6@group-7FB8756FF130-LeaderElection99: Election REJECTED; received 2 response(s) [572ff2ee-e904-4734-b002-88c441a29bd6<-3e1caccb-f9ab-465e-a648-53867b9772ef#0:FAIL-t1, 572ff2ee-e904-4734-b002-88c441a29bd6<-251ee4cd-b9df-4f77-8c52-c5e9eff662c2#0:FAIL-t1] and 0 exception(s); 572ff2ee-e904-4734-b002-88c441a29bd6@group-7FB8756FF130:t1, leader=null, voted=572ff2ee-e904-4734-b002-88c441a29bd6, raftlog=572ff2ee-e904-4734-b002-88c441a29bd6@group-7FB8756FF130-SegmentedRaftLog:OPENED:c-1,f-1,i0, conf=-1: [3e1caccb-f9ab-465e-a648-53867b9772ef:192.168.157.236:39345, 572ff2ee-e904-4734-b002-88c441a29bd6:192.168.157.236:38035, 251ee4cd-b9df-4f77-8c52-c5e9eff662c2:192.168.157.236:44097], old=null
2019-10-15 03:31:03,979 [572ff2ee-e904-4734-b002-88c441a29bd6@group-7FB8756FF130-LeaderElection99] INFO  impl.RaftServerImpl (RaftServerImpl.java:setRole(170)) - 572ff2ee-e904-4734-b002-88c441a29bd6@group-7FB8756FF130: changes role from CANDIDATE to FOLLOWER at term 1 for DISCOVERED_A_NEW_TERM
2019-10-15 03:31:03,979 [572ff2ee-e904-4734-b002-88c441a29bd6@group-7FB8756FF130-LeaderElection99] INFO  impl.RoleInfo (RoleInfo.java:shutdownLeaderElection(134)) - 572ff2ee-e904-4734-b002-88c441a29bd6: shutdown LeaderElection
2019-10-15 03:31:03,979 [572ff2ee-e904-4734-b002-88c441a29bd6@group-7FB8756FF130-LeaderElection99] INFO  impl.RoleInfo (RoleInfo.java:updateAndGet(143)) - 572ff2ee-e904-4734-b002-88c441a29bd6: start FollowerState
2019-10-15 03:31:03,990 [Thread-3148] INFO  impl.FollowerState (FollowerState.java:run(108)) - 1c63e32b-895e-4973-a222-476310241caa@group-B98709856B20-FollowerState: change to CANDIDATE, lastRpcTime:5031ms, electionTimeout:5030ms
2019-10-15 03:31:03,992 [Thread-3148] INFO  impl.RoleInfo (RoleInfo.java:shutdownFollowerState(121)) - 1c63e32b-895e-4973-a222-476310241caa: shutdown FollowerState
2019-10-15 03:31:03,992 [Thread-3148] INFO  impl.RaftServerImpl (RaftServerImpl.java:setRole(170)) - 1c63e32b-895e-4973-a222-476310241caa@group-B98709856B20: changes role from  FOLLOWER to CANDIDATE at term 0 for changeToCandidate
2019-10-15 03:31:03,992 [Thread-3148] INFO  impl.RoleInfo (RoleInfo.java:updateAndGet(143)) - 1c63e32b-895e-4973-a222-476310241caa: start LeaderElection
2019-10-15 03:31:03,997 [3e1caccb-f9ab-465e-a648-53867b9772ef@group-7FB8756FF130-LeaderElection101] INFO  impl.LeaderElection (LeaderElection.java:logAndReturn(56)) - 3e1caccb-f9ab-465e-a648-53867b9772ef@group-7FB8756FF130-LeaderElection101: Election REJECTED; received 2 response(s) [3e1caccb-f9ab-465e-a648-53867b9772ef<-572ff2ee-e904-4734-b002-88c441a29bd6#0:FAIL-t1, 3e1caccb-f9ab-465e-a648-53867b9772ef<-251ee4cd-b9df-4f77-8c52-c5e9eff662c2#0:FAIL-t1] and 0 exception(s); 3e1caccb-f9ab-465e-a648-53867b9772ef@group-7FB8756FF130:t1, leader=null, voted=3e1caccb-f9ab-465e-a648-53867b9772ef, raftlog=3e1caccb-f9ab-465e-a648-53867b9772ef@group-7FB8756FF130-SegmentedRaftLog:OPENED:c-1,f-1,i0, conf=-1: [3e1caccb-f9ab-465e-a648-53867b9772ef:192.168.157.236:39345, 572ff2ee-e904-4734-b002-88c441a29bd6:192.168.157.236:38035, 251ee4cd-b9df-4f77-8c52-c5e9eff662c2:192.168.157.236:44097], old=null
2019-10-15 03:31:03,997 [3e1caccb-f9ab-465e-a648-53867b9772ef@group-7FB8756FF130-LeaderElection101] INFO  impl.RaftServerImpl (RaftServerImpl.java:setRole(170)) - 3e1caccb-f9ab-465e-a648-53867b9772ef@group-7FB8756FF130: changes role from CANDIDATE to FOLLOWER at term 1 for DISCOVERED_A_NEW_TERM
2019-10-15 03:31:03,997 [3e1caccb-f9ab-465e-a648-53867b9772ef@group-7FB8756FF130-LeaderElection101] INFO  impl.RoleInfo (RoleInfo.java:shutdownLeaderElection(134)) - 3e1caccb-f9ab-465e-a648-53867b9772ef: shutdown LeaderElection
2019-10-15 03:31:03,997 [3e1caccb-f9ab-465e-a648-53867b9772ef@group-7FB8756FF130-LeaderElection101] INFO  impl.RoleInfo (RoleInfo.java:updateAndGet(143)) - 3e1caccb-f9ab-465e-a648-53867b9772ef: start FollowerState
2019-10-15 03:31:04,000 [251ee4cd-b9df-4f77-8c52-c5e9eff662c2@group-7FB8756FF130-LeaderElection100] INFO  impl.LeaderElection (LeaderElection.java:logAndReturn(56)) - 251ee4cd-b9df-4f77-8c52-c5e9eff662c2@group-7FB8756FF130-LeaderElection100: Election REJECTED; received 2 response(s) [251ee4cd-b9df-4f77-8c52-c5e9eff662c2<-3e1caccb-f9ab-465e-a648-53867b9772ef#0:FAIL-t1, 251ee4cd-b9df-4f77-8c52-c5e9eff662c2<-572ff2ee-e904-4734-b002-88c441a29bd6#0:FAIL-t1] and 0 exception(s); 251ee4cd-b9df-4f77-8c52-c5e9eff662c2@group-7FB8756FF130:t1, leader=null, voted=251ee4cd-b9df-4f77-8c52-c5e9eff662c2, raftlog=251ee4cd-b9df-4f77-8c52-c5e9eff662c2@group-7FB8756FF130-SegmentedRaftLog:OPENED:c-1,f-1,i0, conf=-1: [3e1caccb-f9ab-465e-a648-53867b9772ef:192.168.157.236:39345, 572ff2ee-e904-4734-b002-88c441a29bd6:192.168.157.236:38035, 251ee4cd-b9df-4f77-8c52-c5e9eff662c2:192.168.157.236:44097], old=null
2019-10-15 03:31:04,002 [251ee4cd-b9df-4f77-8c52-c5e9eff662c2@group-7FB8756FF130-LeaderElection100] INFO  impl.RaftServerImpl (RaftServerImpl.java:setRole(170)) - 251ee4cd-b9df-4f77-8c52-c5e9eff662c2@group-7FB8756FF130: changes role from CANDIDATE to FOLLOWER at term 1 for DISCOVERED_A_NEW_TERM
2019-10-15 03:31:04,002 [251ee4cd-b9df-4f77-8c52-c5e9eff662c2@group-7FB8756FF130-LeaderElection100] INFO  impl.RoleInfo (RoleInfo.java:shutdownLeaderElection(134)) - 251ee4cd-b9df-4f77-8c52-c5e9eff662c2: shutdown LeaderElection
2019-10-15 03:31:04,002 [251ee4cd-b9df-4f77-8c52-c5e9eff662c2@group-7FB8756FF130-LeaderElection100] INFO  impl.RoleInfo (RoleInfo.java:updateAndGet(143)) - 251ee4cd-b9df-4f77-8c52-c5e9eff662c2: start FollowerState
2019-10-15 03:31:04,002 [ad766340-60fb-4b57-8988-b95b42609151@group-B98709856B20-LeaderElection102] INFO  impl.LeaderElection (LeaderElection.java:askForVotes(178)) - ad766340-60fb-4b57-8988-b95b42609151@group-B98709856B20-LeaderElection102: begin an election at term 1 for -1: [1c63e32b-895e-4973-a222-476310241caa:192.168.157.236:42663, 62bb45c5-64cf-4b95-a2f8-324b07832301:192.168.157.236:33312, ad766340-60fb-4b57-8988-b95b42609151:192.168.157.236:34249], old=null
2019-10-15 03:31:04,010 [grpc-default-executor-8] INFO  impl.RaftServerImpl (RaftServerImpl.java:setRole(170)) - 62bb45c5-64cf-4b95-a2f8-324b07832301@group-B98709856B20: changes role from  FOLLOWER to FOLLOWER at term 1 for recognizeCandidate:ad766340-60fb-4b57-8988-b95b42609151
2019-10-15 03:31:04,012 [grpc-default-executor-8] INFO  impl.RoleInfo (RoleInfo.java:shutdownFollowerState(121)) - 62bb45c5-64cf-4b95-a2f8-324b07832301: shutdown FollowerState
2019-10-15 03:31:04,012 [grpc-default-executor-8] INFO  impl.RoleInfo (RoleInfo.java:updateAndGet(143)) - 62bb45c5-64cf-4b95-a2f8-324b07832301: start FollowerState
2019-10-15 03:31:04,012 [Thread-3149] INFO  impl.FollowerState (FollowerState.java:run(117)) - 62bb45c5-64cf-4b95-a2f8-324b07832301@group-B98709856B20-FollowerState was interrupted: java.lang.InterruptedException: sleep interrupted
2019-10-15 03:31:04,019 [1c63e32b-895e-4973-a222-476310241caa@group-B98709856B20-LeaderElection103] INFO  impl.LeaderElection (LeaderElection.java:askForVotes(178)) - 1c63e32b-895e-4973-a222-476310241caa@group-B98709856B20-LeaderElection103: begin an election at term 1 for -1: [1c63e32b-895e-4973-a222-476310241caa:192.168.157.236:42663, 62bb45c5-64cf-4b95-a2f8-324b07832301:192.168.157.236:33312, ad766340-60fb-4b57-8988-b95b42609151:192.168.157.236:34249], old=null
2019-10-15 03:31:04,037 [ad766340-60fb-4b57-8988-b95b42609151@group-B98709856B20-LeaderElection102] INFO  impl.LeaderElection (LeaderElection.java:logAndReturn(56)) - ad766340-60fb-4b57-8988-b95b42609151@group-B98709856B20-LeaderElection102: Election PASSED; received 2 response(s) [ad766340-60fb-4b57-8988-b95b42609151<-1c63e32b-895e-4973-a222-476310241caa#0:FAIL-t1, ad766340-60fb-4b57-8988-b95b42609151<-62bb45c5-64cf-4b95-a2f8-324b07832301#0:OK-t1] and 0 exception(s); ad766340-60fb-4b57-8988-b95b42609151@group-B98709856B20:t1, leader=null, voted=ad766340-60fb-4b57-8988-b95b42609151, raftlog=ad766340-60fb-4b57-8988-b95b42609151@group-B98709856B20-SegmentedRaftLog:OPENED:c-1,f-1,i0, conf=-1: [1c63e32b-895e-4973-a222-476310241caa:192.168.157.236:42663, 62bb45c5-64cf-4b95-a2f8-324b07832301:192.168.157.236:33312, ad766340-60fb-4b57-8988-b95b42609151:192.168.157.236:34249], old=null
2019-10-15 03:31:04,037 [ad766340-60fb-4b57-8988-b95b42609151@group-B98709856B20-LeaderElection102] INFO  impl.RoleInfo (RoleInfo.java:shutdownLeaderElection(134)) - ad766340-60fb-4b57-8988-b95b42609151: shutdown LeaderElection
2019-10-15 03:31:04,037 [1c63e32b-895e-4973-a222-476310241caa@group-B98709856B20-LeaderElection103] INFO  impl.LeaderElection (LeaderElection.java:logAndReturn(56)) - 1c63e32b-895e-4973-a222-476310241caa@group-B98709856B20-LeaderElection103: Election REJECTED; received 2 response(s) [1c63e32b-895e-4973-a222-476310241caa<-62bb45c5-64cf-4b95-a2f8-324b07832301#0:FAIL-t1, 1c63e32b-895e-4973-a222-476310241caa<-ad766340-60fb-4b57-8988-b95b42609151#0:FAIL-t1] and 0 exception(s); 1c63e32b-895e-4973-a222-476310241caa@group-B98709856B20:t1, leader=null, voted=1c63e32b-895e-4973-a222-476310241caa, raftlog=1c63e32b-895e-4973-a222-476310241caa@group-B98709856B20-SegmentedRaftLog:OPENED:c-1,f-1,i0, conf=-1: [1c63e32b-895e-4973-a222-476310241caa:192.168.157.236:42663, 62bb45c5-64cf-4b95-a2f8-324b07832301:192.168.157.236:33312, ad766340-60fb-4b57-8988-b95b42609151:192.168.157.236:34249], old=null
2019-10-15 03:31:04,037 [ad766340-60fb-4b57-8988-b95b42609151@group-B98709856B20-LeaderElection102] INFO  impl.RaftServerImpl (RaftServerImpl.java:setRole(170)) - ad766340-60fb-4b57-8988-b95b42609151@group-B98709856B20: changes role from CANDIDATE to LEADER at term 1 for changeToLeader
2019-10-15 03:31:04,039 [1c63e32b-895e-4973-a222-476310241caa@group-B98709856B20-LeaderElection103] INFO  impl.RaftServerImpl (RaftServerImpl.java:setRole(170)) - 1c63e32b-895e-4973-a222-476310241caa@group-B98709856B20: changes role from CANDIDATE to FOLLOWER at term 1 for DISCOVERED_A_NEW_TERM
2019-10-15 03:31:04,041 [1c63e32b-895e-4973-a222-476310241caa@group-B98709856B20-LeaderElection103] INFO  impl.RoleInfo (RoleInfo.java:shutdownLeaderElection(134)) - 1c63e32b-895e-4973-a222-476310241caa: shutdown LeaderElection
2019-10-15 03:31:04,039 [ad766340-60fb-4b57-8988-b95b42609151@group-B98709856B20-LeaderElection102] INFO  impl.RaftServerImpl (ServerState.java:setLeader(255)) - ad766340-60fb-4b57-8988-b95b42609151@group-B98709856B20: change Leader from null to ad766340-60fb-4b57-8988-b95b42609151 at term 1 for becomeLeader, leader elected after 5089ms
2019-10-15 03:31:04,041 [1c63e32b-895e-4973-a222-476310241caa@group-B98709856B20-LeaderElection103] INFO  impl.RoleInfo (RoleInfo.java:updateAndGet(143)) - 1c63e32b-895e-4973-a222-476310241caa: start FollowerState
2019-10-15 03:31:04,041 [ad766340-60fb-4b57-8988-b95b42609151@group-B98709856B20-LeaderElection102] INFO  server.RaftServerConfigKeys (ConfUtils.java:logGet(43)) - raft.server.staging.catchup.gap = 1000 (default)
2019-10-15 03:31:04,041 [ad766340-60fb-4b57-8988-b95b42609151@group-B98709856B20-LeaderElection102] INFO  server.RaftServerConfigKeys (ConfUtils.java:logGet(43)) - raft.server.rpc.sleep.time = 25ms (default)
2019-10-15 03:31:04,042 [ad766340-60fb-4b57-8988-b95b42609151@group-B98709856B20-LeaderElection102] INFO  server.RaftServerConfigKeys (ConfUtils.java:logGet(43)) - raft.server.write.element-limit = 4096 (default)
2019-10-15 03:31:04,042 [ad766340-60fb-4b57-8988-b95b42609151@group-B98709856B20-LeaderElection102] INFO  server.RaftServerConfigKeys (ConfUtils.java:logGet(43)) - raft.server.watch.timeout = 10s (default)
2019-10-15 03:31:04,042 [ad766340-60fb-4b57-8988-b95b42609151@group-B98709856B20-LeaderElection102] INFO  server.RaftServerConfigKeys (ConfUtils.java:logGet(43)) - raft.server.watch.timeout.denomination = 1s (default)
2019-10-15 03:31:04,042 [ad766340-60fb-4b57-8988-b95b42609151@group-B98709856B20-LeaderElection102] INFO  server.RaftServerConfigKeys (ConfUtils.java:logGet(43)) - raft.server.watch.element-limit = 65536 (default)
2019-10-15 03:31:04,043 [ad766340-60fb-4b57-8988-b95b42609151@group-B98709856B20-LeaderElection102] INFO  server.RaftServerConfigKeys (ConfUtils.java:logGet(43)) - raft.server.log.appender.snapshot.chunk.size.max = 16MB (=16777216) (default)
2019-10-15 03:31:04,043 [ad766340-60fb-4b57-8988-b95b42609151@group-B98709856B20-LeaderElection102] INFO  server.RaftServerConfigKeys (ConfUtils.java:logGet(43)) - raft.server.log.appender.buffer.byte-limit = 33554432 (custom)
2019-10-15 03:31:04,043 [ad766340-60fb-4b57-8988-b95b42609151@group-B98709856B20-LeaderElection102] INFO  server.RaftServerConfigKeys (ConfUtils.java:logGet(43)) - raft.server.log.appender.buffer.element-limit = 1 (custom)
2019-10-15 03:31:04,044 [ad766340-60fb-4b57-8988-b95b42609151@group-B98709856B20-LeaderElection102] INFO  grpc.GrpcConfigKeys$Server (ConfUtils.java:logGet(43)) - raft.grpc.server.leader.outstanding.appends.max = 128 (default)
2019-10-15 03:31:04,044 [ad766340-60fb-4b57-8988-b95b42609151@group-B98709856B20-LeaderElection102] INFO  server.RaftServerConfigKeys (ConfUtils.java:logGet(43)) - raft.server.rpc.request.timeout = 3000ms (default)
2019-10-15 03:31:04,044 [ad766340-60fb-4b57-8988-b95b42609151@group-B98709856B20-LeaderElection102] INFO  server.RaftServerConfigKeys (ConfUtils.java:logGet(43)) - raft.server.log.appender.install.snapshot.enabled = false (custom)
2019-10-15 03:31:04,044 [ad766340-60fb-4b57-8988-b95b42609151@group-B98709856B20-LeaderElection102] INFO  server.RaftServerConfigKeys (ConfUtils.java:logGet(43)) - raft.server.log.appender.snapshot.chunk.size.max = 16MB (=16777216) (default)
2019-10-15 03:31:04,044 [ad766340-60fb-4b57-8988-b95b42609151@group-B98709856B20-LeaderElection102] INFO  server.RaftServerConfigKeys (ConfUtils.java:logGet(43)) - raft.server.log.appender.buffer.byte-limit = 33554432 (custom)
2019-10-15 03:31:04,044 [ad766340-60fb-4b57-8988-b95b42609151@group-B98709856B20-LeaderElection102] INFO  server.RaftServerConfigKeys (ConfUtils.java:logGet(43)) - raft.server.log.appender.buffer.element-limit = 1 (custom)
2019-10-15 03:31:04,044 [ad766340-60fb-4b57-8988-b95b42609151@group-B98709856B20-LeaderElection102] INFO  grpc.GrpcConfigKeys$Server (ConfUtils.java:logGet(43)) - raft.grpc.server.leader.outstanding.appends.max = 128 (default)
2019-10-15 03:31:04,044 [ad766340-60fb-4b57-8988-b95b42609151@group-B98709856B20-LeaderElection102] INFO  server.RaftServerConfigKeys (ConfUtils.java:logGet(43)) - raft.server.rpc.request.timeout = 3000ms (default)
2019-10-15 03:31:04,045 [ad766340-60fb-4b57-8988-b95b42609151@group-B98709856B20-LeaderElection102] INFO  server.RaftServerConfigKeys (ConfUtils.java:logGet(43)) - raft.server.log.appender.install.snapshot.enabled = false (custom)
2019-10-15 03:31:04,045 [ad766340-60fb-4b57-8988-b95b42609151@group-B98709856B20-LeaderElection102] INFO  impl.RoleInfo (RoleInfo.java:updateAndGet(143)) - ad766340-60fb-4b57-8988-b95b42609151: start LeaderState
2019-10-15 03:31:04,045 [ad766340-60fb-4b57-8988-b95b42609151@group-B98709856B20-LeaderElection102] INFO  segmented.SegmentedRaftLogWorker (SegmentedRaftLogWorker.java:startLogSegment(385)) - ad766340-60fb-4b57-8988-b95b42609151@group-B98709856B20-SegmentedRaftLogWorker: Starting segment from index:0
2019-10-15 03:31:04,045 [ad766340-60fb-4b57-8988-b95b42609151@group-B98709856B20-LeaderElection102] INFO  impl.RaftServerImpl (ServerState.java:setRaftConf(356)) - ad766340-60fb-4b57-8988-b95b42609151@group-B98709856B20: set configuration 0: [1c63e32b-895e-4973-a222-476310241caa:192.168.157.236:42663, 62bb45c5-64cf-4b95-a2f8-324b07832301:192.168.157.236:33312, ad766340-60fb-4b57-8988-b95b42609151:192.168.157.236:34249], old=null at 0
2019-10-15 03:31:04,072 [grpc-default-executor-11] INFO  impl.RaftServerImpl (ServerState.java:setLeader(255)) - 62bb45c5-64cf-4b95-a2f8-324b07832301@group-B98709856B20: change Leader from null to ad766340-60fb-4b57-8988-b95b42609151 at term 1 for appendEntries, leader elected after 5121ms
2019-10-15 03:31:04,072 [grpc-default-executor-8] INFO  impl.RaftServerImpl (ServerState.java:setLeader(255)) - 1c63e32b-895e-4973-a222-476310241caa@group-B98709856B20: change Leader from null to ad766340-60fb-4b57-8988-b95b42609151 at term 1 for appendEntries, leader elected after 5121ms
2019-10-15 03:31:04,074 [grpc-default-executor-8] INFO  impl.RaftServerImpl (ServerState.java:setRaftConf(356)) - 62bb45c5-64cf-4b95-a2f8-324b07832301@group-B98709856B20: set configuration 0: [1c63e32b-895e-4973-a222-476310241caa:192.168.157.236:42663, 62bb45c5-64cf-4b95-a2f8-324b07832301:192.168.157.236:33312, ad766340-60fb-4b57-8988-b95b42609151:192.168.157.236:34249], old=null at 0
2019-10-15 03:31:04,074 [grpc-default-executor-11] INFO  impl.RaftServerImpl (ServerState.java:setRaftConf(356)) - 1c63e32b-895e-4973-a222-476310241caa@group-B98709856B20: set configuration 0: [1c63e32b-895e-4973-a222-476310241caa:192.168.157.236:42663, 62bb45c5-64cf-4b95-a2f8-324b07832301:192.168.157.236:33312, ad766340-60fb-4b57-8988-b95b42609151:192.168.157.236:34249], old=null at 0
2019-10-15 03:31:04,074 [grpc-default-executor-8] INFO  segmented.SegmentedRaftLogWorker (SegmentedRaftLogWorker.java:startLogSegment(385)) - 62bb45c5-64cf-4b95-a2f8-324b07832301@group-B98709856B20-SegmentedRaftLogWorker: Starting segment from index:0
2019-10-15 03:31:04,074 [grpc-default-executor-11] INFO  segmented.SegmentedRaftLogWorker (SegmentedRaftLogWorker.java:startLogSegment(385)) - 1c63e32b-895e-4973-a222-476310241caa@group-B98709856B20-SegmentedRaftLogWorker: Starting segment from index:0
2019-10-15 03:31:04,093 [ad766340-60fb-4b57-8988-b95b42609151@group-B98709856B20-SegmentedRaftLogWorker] INFO  segmented.SegmentedRaftLogWorker (SegmentedRaftLogWorker.java:execute(574)) - ad766340-60fb-4b57-8988-b95b42609151@group-B98709856B20-SegmentedRaftLogWorker: created new log segment /workdir/hadoop-ozone/integration-test/target/test-dir/MiniOzoneClusterImpl-5622c653-33f5-44d9-9ba1-ef695601b467/datanode-0/data/ratis/64b28bd8-2e20-4641-808e-b98709856b20/current/log_inprogress_0
2019-10-15 03:31:04,116 [62bb45c5-64cf-4b95-a2f8-324b07832301@group-B98709856B20-SegmentedRaftLogWorker] INFO  segmented.SegmentedRaftLogWorker (SegmentedRaftLogWorker.java:execute(574)) - 62bb45c5-64cf-4b95-a2f8-324b07832301@group-B98709856B20-SegmentedRaftLogWorker: created new log segment /workdir/hadoop-ozone/integration-test/target/test-dir/MiniOzoneClusterImpl-5622c653-33f5-44d9-9ba1-ef695601b467/datanode-3/data/ratis/64b28bd8-2e20-4641-808e-b98709856b20/current/log_inprogress_0
2019-10-15 03:31:04,137 [1c63e32b-895e-4973-a222-476310241caa@group-B98709856B20-SegmentedRaftLogWorker] INFO  segmented.SegmentedRaftLogWorker (SegmentedRaftLogWorker.java:execute(574)) - 1c63e32b-895e-4973-a222-476310241caa@group-B98709856B20-SegmentedRaftLogWorker: created new log segment /workdir/hadoop-ozone/integration-test/target/test-dir/MiniOzoneClusterImpl-5622c653-33f5-44d9-9ba1-ef695601b467/datanode-1/data/ratis/64b28bd8-2e20-4641-808e-b98709856b20/current/log_inprogress_0
2019-10-15 03:31:09,006 [Thread-3192] INFO  impl.FollowerState (FollowerState.java:run(108)) - 572ff2ee-e904-4734-b002-88c441a29bd6@group-7FB8756FF130-FollowerState: change to CANDIDATE, lastRpcTime:5026ms, electionTimeout:5026ms
2019-10-15 03:31:09,006 [Thread-3192] INFO  impl.RoleInfo (RoleInfo.java:shutdownFollowerState(121)) - 572ff2ee-e904-4734-b002-88c441a29bd6: shutdown FollowerState
2019-10-15 03:31:09,006 [Thread-3192] INFO  impl.RaftServerImpl (RaftServerImpl.java:setRole(170)) - 572ff2ee-e904-4734-b002-88c441a29bd6@group-7FB8756FF130: changes role from  FOLLOWER to CANDIDATE at term 1 for changeToCandidate
2019-10-15 03:31:09,006 [Thread-3192] INFO  impl.RoleInfo (RoleInfo.java:updateAndGet(143)) - 572ff2ee-e904-4734-b002-88c441a29bd6: start LeaderElection
2019-10-15 03:31:09,021 [Thread-3194] INFO  impl.FollowerState (FollowerState.java:run(108)) - 3e1caccb-f9ab-465e-a648-53867b9772ef@group-7FB8756FF130-FollowerState: change to CANDIDATE, lastRpcTime:5023ms, electionTimeout:5021ms
2019-10-15 03:31:09,021 [Thread-3194] INFO  impl.RoleInfo (RoleInfo.java:shutdownFollowerState(121)) - 3e1caccb-f9ab-465e-a648-53867b9772ef: shutdown FollowerState
2019-10-15 03:31:09,021 [Thread-3194] INFO  impl.RaftServerImpl (RaftServerImpl.java:setRole(170)) - 3e1caccb-f9ab-465e-a648-53867b9772ef@group-7FB8756FF130: changes role from  FOLLOWER to CANDIDATE at term 1 for changeToCandidate
2019-10-15 03:31:09,021 [Thread-3194] INFO  impl.RoleInfo (RoleInfo.java:updateAndGet(143)) - 3e1caccb-f9ab-465e-a648-53867b9772ef: start LeaderElection
2019-10-15 03:31:09,033 [572ff2ee-e904-4734-b002-88c441a29bd6@group-7FB8756FF130-LeaderElection104] INFO  impl.LeaderElection (LeaderElection.java:askForVotes(178)) - 572ff2ee-e904-4734-b002-88c441a29bd6@group-7FB8756FF130-LeaderElection104: begin an election at term 2 for -1: [3e1caccb-f9ab-465e-a648-53867b9772ef:192.168.157.236:39345, 572ff2ee-e904-4734-b002-88c441a29bd6:192.168.157.236:38035, 251ee4cd-b9df-4f77-8c52-c5e9eff662c2:192.168.157.236:44097], old=null
2019-10-15 03:31:09,039 [grpc-default-executor-11] INFO  impl.RaftServerImpl (RaftServerImpl.java:setRole(170)) - 251ee4cd-b9df-4f77-8c52-c5e9eff662c2@group-7FB8756FF130: changes role from  FOLLOWER to FOLLOWER at term 2 for recognizeCandidate:572ff2ee-e904-4734-b002-88c441a29bd6
2019-10-15 03:31:09,041 [grpc-default-executor-11] INFO  impl.RoleInfo (RoleInfo.java:shutdownFollowerState(121)) - 251ee4cd-b9df-4f77-8c52-c5e9eff662c2: shutdown FollowerState
2019-10-15 03:31:09,041 [grpc-default-executor-11] INFO  impl.RoleInfo (RoleInfo.java:updateAndGet(143)) - 251ee4cd-b9df-4f77-8c52-c5e9eff662c2: start FollowerState
2019-10-15 03:31:09,041 [Thread-3195] INFO  impl.FollowerState (FollowerState.java:run(117)) - 251ee4cd-b9df-4f77-8c52-c5e9eff662c2@group-7FB8756FF130-FollowerState was interrupted: java.lang.InterruptedException: sleep interrupted
2019-10-15 03:31:09,056 [3e1caccb-f9ab-465e-a648-53867b9772ef@group-7FB8756FF130-LeaderElection105] INFO  impl.LeaderElection (LeaderElection.java:askForVotes(178)) - 3e1caccb-f9ab-465e-a648-53867b9772ef@group-7FB8756FF130-LeaderElection105: begin an election at term 2 for -1: [3e1caccb-f9ab-465e-a648-53867b9772ef:192.168.157.236:39345, 572ff2ee-e904-4734-b002-88c441a29bd6:192.168.157.236:38035, 251ee4cd-b9df-4f77-8c52-c5e9eff662c2:192.168.157.236:44097], old=null
2019-10-15 03:31:09,057 [572ff2ee-e904-4734-b002-88c441a29bd6@group-7FB8756FF130-LeaderElection104] INFO  impl.LeaderElection (LeaderElection.java:logAndReturn(56)) - 572ff2ee-e904-4734-b002-88c441a29bd6@group-7FB8756FF130-LeaderElection104: Election PASSED; received 1 response(s) [572ff2ee-e904-4734-b002-88c441a29bd6<-251ee4cd-b9df-4f77-8c52-c5e9eff662c2#0:OK-t2] and 0 exception(s); 572ff2ee-e904-4734-b002-88c441a29bd6@group-7FB8756FF130:t2, leader=null, voted=572ff2ee-e904-4734-b002-88c441a29bd6, raftlog=572ff2ee-e904-4734-b002-88c441a29bd6@group-7FB8756FF130-SegmentedRaftLog:OPENED:c-1,f-1,i0, conf=-1: [3e1caccb-f9ab-465e-a648-53867b9772ef:192.168.157.236:39345, 572ff2ee-e904-4734-b002-88c441a29bd6:192.168.157.236:38035, 251ee4cd-b9df-4f77-8c52-c5e9eff662c2:192.168.157.236:44097], old=null
2019-10-15 03:31:09,057 [572ff2ee-e904-4734-b002-88c441a29bd6@group-7FB8756FF130-LeaderElection104] INFO  impl.RoleInfo (RoleInfo.java:shutdownLeaderElection(134)) - 572ff2ee-e904-4734-b002-88c441a29bd6: shutdown LeaderElection
2019-10-15 03:31:09,057 [572ff2ee-e904-4734-b002-88c441a29bd6@group-7FB8756FF130-LeaderElection104] INFO  impl.RaftServerImpl (RaftServerImpl.java:setRole(170)) - 572ff2ee-e904-4734-b002-88c441a29bd6@group-7FB8756FF130: changes role from CANDIDATE to LEADER at term 2 for changeToLeader
2019-10-15 03:31:09,059 [572ff2ee-e904-4734-b002-88c441a29bd6@group-7FB8756FF130-LeaderElection104] INFO  impl.RaftServerImpl (ServerState.java:setLeader(255)) - 572ff2ee-e904-4734-b002-88c441a29bd6@group-7FB8756FF130: change Leader from null to 572ff2ee-e904-4734-b002-88c441a29bd6 at term 2 for becomeLeader, leader elected after 10200ms
2019-10-15 03:31:09,061 [572ff2ee-e904-4734-b002-88c441a29bd6@group-7FB8756FF130-LeaderElection104] INFO  server.RaftServerConfigKeys (ConfUtils.java:logGet(43)) - raft.server.staging.catchup.gap = 1000 (default)
2019-10-15 03:31:09,061 [572ff2ee-e904-4734-b002-88c441a29bd6@group-7FB8756FF130-LeaderElection104] INFO  server.RaftServerConfigKeys (ConfUtils.java:logGet(43)) - raft.server.rpc.sleep.time = 25ms (default)
2019-10-15 03:31:09,061 [572ff2ee-e904-4734-b002-88c441a29bd6@group-7FB8756FF130-LeaderElection104] INFO  server.RaftServerConfigKeys (ConfUtils.java:logGet(43)) - raft.server.write.element-limit = 4096 (default)
2019-10-15 03:31:09,061 [572ff2ee-e904-4734-b002-88c441a29bd6@group-7FB8756FF130-LeaderElection104] INFO  server.RaftServerConfigKeys (ConfUtils.java:logGet(43)) - raft.server.watch.timeout = 10s (default)
2019-10-15 03:31:09,061 [572ff2ee-e904-4734-b002-88c441a29bd6@group-7FB8756FF130-LeaderElection104] INFO  server.RaftServerConfigKeys (ConfUtils.java:logGet(43)) - raft.server.watch.timeout.denomination = 1s (default)
2019-10-15 03:31:09,061 [572ff2ee-e904-4734-b002-88c441a29bd6@group-7FB8756FF130-LeaderElection104] INFO  server.RaftServerConfigKeys (ConfUtils.java:logGet(43)) - raft.server.watch.element-limit = 65536 (default)
2019-10-15 03:31:09,064 [572ff2ee-e904-4734-b002-88c441a29bd6@group-7FB8756FF130-LeaderElection104] INFO  server.RaftServerConfigKeys (ConfUtils.java:logGet(43)) - raft.server.log.appender.snapshot.chunk.size.max = 16MB (=16777216) (default)
2019-10-15 03:31:09,065 [572ff2ee-e904-4734-b002-88c441a29bd6@group-7FB8756FF130-LeaderElection104] INFO  server.RaftServerConfigKeys (ConfUtils.java:logGet(43)) - raft.server.log.appender.buffer.byte-limit = 33554432 (custom)
2019-10-15 03:31:09,065 [572ff2ee-e904-4734-b002-88c441a29bd6@group-7FB8756FF130-LeaderElection104] INFO  server.RaftServerConfigKeys (ConfUtils.java:logGet(43)) - raft.server.log.appender.buffer.element-limit = 1 (custom)
2019-10-15 03:31:09,065 [572ff2ee-e904-4734-b002-88c441a29bd6@group-7FB8756FF130-LeaderElection104] INFO  grpc.GrpcConfigKeys$Server (ConfUtils.java:logGet(43)) - raft.grpc.server.leader.outstanding.appends.max = 128 (default)
2019-10-15 03:31:09,065 [572ff2ee-e904-4734-b002-88c441a29bd6@group-7FB8756FF130-LeaderElection104] INFO  server.RaftServerConfigKeys (ConfUtils.java:logGet(43)) - raft.server.rpc.request.timeout = 3000ms (default)
2019-10-15 03:31:09,065 [572ff2ee-e904-4734-b002-88c441a29bd6@group-7FB8756FF130-LeaderElection104] INFO  server.RaftServerConfigKeys (ConfUtils.java:logGet(43)) - raft.server.log.appender.install.snapshot.enabled = false (custom)
2019-10-15 03:31:09,065 [572ff2ee-e904-4734-b002-88c441a29bd6@group-7FB8756FF130-LeaderElection104] INFO  server.RaftServerConfigKeys (ConfUtils.java:logGet(43)) - raft.server.log.appender.snapshot.chunk.size.max = 16MB (=16777216) (default)
2019-10-15 03:31:09,066 [572ff2ee-e904-4734-b002-88c441a29bd6@group-7FB8756FF130-LeaderElection104] INFO  server.RaftServerConfigKeys (ConfUtils.java:logGet(43)) - raft.server.log.appender.buffer.byte-limit = 33554432 (custom)
2019-10-15 03:31:09,066 [572ff2ee-e904-4734-b002-88c441a29bd6@group-7FB8756FF130-LeaderElection104] INFO  server.RaftServerConfigKeys (ConfUtils.java:logGet(43)) - raft.server.log.appender.buffer.element-limit = 1 (custom)
2019-10-15 03:31:09,066 [572ff2ee-e904-4734-b002-88c441a29bd6@group-7FB8756FF130-LeaderElection104] INFO  grpc.GrpcConfigKeys$Server (ConfUtils.java:logGet(43)) - raft.grpc.server.leader.outstanding.appends.max = 128 (default)
2019-10-15 03:31:09,066 [572ff2ee-e904-4734-b002-88c441a29bd6@group-7FB8756FF130-LeaderElection104] INFO  server.RaftServerConfigKeys (ConfUtils.java:logGet(43)) - raft.server.rpc.request.timeout = 3000ms (default)
2019-10-15 03:31:09,066 [572ff2ee-e904-4734-b002-88c441a29bd6@group-7FB8756FF130-LeaderElection104] INFO  server.RaftServerConfigKeys (ConfUtils.java:logGet(43)) - raft.server.log.appender.install.snapshot.enabled = false (custom)
2019-10-15 03:31:09,066 [572ff2ee-e904-4734-b002-88c441a29bd6@group-7FB8756FF130-LeaderElection104] INFO  impl.RoleInfo (RoleInfo.java:updateAndGet(143)) - 572ff2ee-e904-4734-b002-88c441a29bd6: start LeaderState
2019-10-15 03:31:09,067 [572ff2ee-e904-4734-b002-88c441a29bd6@group-7FB8756FF130-LeaderElection104] INFO  segmented.SegmentedRaftLogWorker (SegmentedRaftLogWorker.java:startLogSegment(385)) - 572ff2ee-e904-4734-b002-88c441a29bd6@group-7FB8756FF130-SegmentedRaftLogWorker: Starting segment from index:0
2019-10-15 03:31:09,068 [572ff2ee-e904-4734-b002-88c441a29bd6@group-7FB8756FF130-LeaderElection104] INFO  impl.RaftServerImpl (ServerState.java:setRaftConf(356)) - 572ff2ee-e904-4734-b002-88c441a29bd6@group-7FB8756FF130: set configuration 0: [3e1caccb-f9ab-465e-a648-53867b9772ef:192.168.157.236:39345, 572ff2ee-e904-4734-b002-88c441a29bd6:192.168.157.236:38035, 251ee4cd-b9df-4f77-8c52-c5e9eff662c2:192.168.157.236:44097], old=null at 0
2019-10-15 03:31:09,089 [grpc-default-executor-8] INFO  impl.RaftServerImpl (RaftServerImpl.java:requestVote(754)) - 572ff2ee-e904-4734-b002-88c441a29bd6@group-7FB8756FF130-   LEADER: Withhold vote from candidate 3e1caccb-f9ab-465e-a648-53867b9772ef with term 2. State: leader=572ff2ee-e904-4734-b002-88c441a29bd6, term=2, lastRpcElapsed=null
2019-10-15 03:31:09,091 [grpc-default-executor-8] INFO  impl.RaftServerImpl (RaftServerImpl.java:setRole(170)) - 3e1caccb-f9ab-465e-a648-53867b9772ef@group-7FB8756FF130: changes role from CANDIDATE to FOLLOWER at term 2 for appendEntries
2019-10-15 03:31:09,091 [3e1caccb-f9ab-465e-a648-53867b9772ef@group-7FB8756FF130-LeaderElection105] INFO  impl.LeaderElection (LeaderElection.java:logAndReturn(56)) - 3e1caccb-f9ab-465e-a648-53867b9772ef@group-7FB8756FF130-LeaderElection105: Election REJECTED; received 2 response(s) [3e1caccb-f9ab-465e-a648-53867b9772ef<-572ff2ee-e904-4734-b002-88c441a29bd6#0:FAIL-t2, 3e1caccb-f9ab-465e-a648-53867b9772ef<-251ee4cd-b9df-4f77-8c52-c5e9eff662c2#0:FAIL-t2] and 0 exception(s); 3e1caccb-f9ab-465e-a648-53867b9772ef@group-7FB8756FF130:t2, leader=null, voted=3e1caccb-f9ab-465e-a648-53867b9772ef, raftlog=3e1caccb-f9ab-465e-a648-53867b9772ef@group-7FB8756FF130-SegmentedRaftLog:OPENED:c-1,f-1,i0, conf=-1: [3e1caccb-f9ab-465e-a648-53867b9772ef:192.168.157.236:39345, 572ff2ee-e904-4734-b002-88c441a29bd6:192.168.157.236:38035, 251ee4cd-b9df-4f77-8c52-c5e9eff662c2:192.168.157.236:44097], old=null
2019-10-15 03:31:09,091 [grpc-default-executor-11] INFO  impl.RaftServerImpl (ServerState.java:setLeader(255)) - 251ee4cd-b9df-4f77-8c52-c5e9eff662c2@group-7FB8756FF130: change Leader from null to 572ff2ee-e904-4734-b002-88c441a29bd6 at term 2 for appendEntries, leader elected after 10234ms
2019-10-15 03:31:09,091 [grpc-default-executor-8] INFO  impl.RoleInfo (RoleInfo.java:shutdownLeaderElection(134)) - 3e1caccb-f9ab-465e-a648-53867b9772ef: shutdown LeaderElection
2019-10-15 03:31:09,093 [grpc-default-executor-8] INFO  impl.RoleInfo (RoleInfo.java:updateAndGet(143)) - 3e1caccb-f9ab-465e-a648-53867b9772ef: start FollowerState
2019-10-15 03:31:09,094 [grpc-default-executor-8] INFO  impl.RaftServerImpl (ServerState.java:setLeader(255)) - 3e1caccb-f9ab-465e-a648-53867b9772ef@group-7FB8756FF130: change Leader from null to 572ff2ee-e904-4734-b002-88c441a29bd6 at term 2 for appendEntries, leader elected after 10236ms
2019-10-15 03:31:09,095 [grpc-default-executor-8] INFO  impl.RaftServerImpl (ServerState.java:setRaftConf(356)) - 251ee4cd-b9df-4f77-8c52-c5e9eff662c2@group-7FB8756FF130: set configuration 0: [3e1caccb-f9ab-465e-a648-53867b9772ef:192.168.157.236:39345, 572ff2ee-e904-4734-b002-88c441a29bd6:192.168.157.236:38035, 251ee4cd-b9df-4f77-8c52-c5e9eff662c2:192.168.157.236:44097], old=null at 0
2019-10-15 03:31:09,095 [grpc-default-executor-8] INFO  segmented.SegmentedRaftLogWorker (SegmentedRaftLogWorker.java:startLogSegment(385)) - 251ee4cd-b9df-4f77-8c52-c5e9eff662c2@group-7FB8756FF130-SegmentedRaftLogWorker: Starting segment from index:0
2019-10-15 03:31:09,095 [grpc-default-executor-11] INFO  impl.RaftServerImpl (ServerState.java:setRaftConf(356)) - 3e1caccb-f9ab-465e-a648-53867b9772ef@group-7FB8756FF130: set configuration 0: [3e1caccb-f9ab-465e-a648-53867b9772ef:192.168.157.236:39345, 572ff2ee-e904-4734-b002-88c441a29bd6:192.168.157.236:38035, 251ee4cd-b9df-4f77-8c52-c5e9eff662c2:192.168.157.236:44097], old=null at 0
2019-10-15 03:31:09,095 [grpc-default-executor-11] INFO  segmented.SegmentedRaftLogWorker (SegmentedRaftLogWorker.java:startLogSegment(385)) - 3e1caccb-f9ab-465e-a648-53867b9772ef@group-7FB8756FF130-SegmentedRaftLogWorker: Starting segment from index:0
2019-10-15 03:31:09,110 [572ff2ee-e904-4734-b002-88c441a29bd6@group-7FB8756FF130-SegmentedRaftLogWorker] INFO  segmented.SegmentedRaftLogWorker (SegmentedRaftLogWorker.java:execute(574)) - 572ff2ee-e904-4734-b002-88c441a29bd6@group-7FB8756FF130-SegmentedRaftLogWorker: created new log segment /workdir/hadoop-ozone/integration-test/target/test-dir/MiniOzoneClusterImpl-5622c653-33f5-44d9-9ba1-ef695601b467/datanode-2/data/ratis/0f5f8057-2ac4-42f5-a277-7fb8756ff130/current/log_inprogress_0
2019-10-15 03:31:09,133 [251ee4cd-b9df-4f77-8c52-c5e9eff662c2@group-7FB8756FF130-SegmentedRaftLogWorker] INFO  segmented.SegmentedRaftLogWorker (SegmentedRaftLogWorker.java:execute(574)) - 251ee4cd-b9df-4f77-8c52-c5e9eff662c2@group-7FB8756FF130-SegmentedRaftLogWorker: created new log segment /workdir/hadoop-ozone/integration-test/target/test-dir/MiniOzoneClusterImpl-5622c653-33f5-44d9-9ba1-ef695601b467/datanode-6/data/ratis/0f5f8057-2ac4-42f5-a277-7fb8756ff130/current/log_inprogress_0
2019-10-15 03:31:09,145 [3e1caccb-f9ab-465e-a648-53867b9772ef@group-7FB8756FF130-SegmentedRaftLogWorker] INFO  segmented.SegmentedRaftLogWorker (SegmentedRaftLogWorker.java:execute(574)) - 3e1caccb-f9ab-465e-a648-53867b9772ef@group-7FB8756FF130-SegmentedRaftLogWorker: created new log segment /workdir/hadoop-ozone/integration-test/target/test-dir/MiniOzoneClusterImpl-5622c653-33f5-44d9-9ba1-ef695601b467/datanode-4/data/ratis/0f5f8057-2ac4-42f5-a277-7fb8756ff130/current/log_inprogress_0
2019-10-15 03:31:11,042 [Datanode State Machine Thread - 0] INFO  statemachine.DatanodeStateMachine (DatanodeStateMachine.java:lambda$startDaemon$0(350)) - Ozone container server started.
2019-10-15 03:31:15,111 [EventQueue-StaleNodeForStaleNodeHandler] INFO  node.StaleNodeHandler (StaleNodeHandler.java:onMessage(58)) - Datanode 572ff2ee-e904-4734-b002-88c441a29bd6{ip: 192.168.157.236, host: pr-hdds-2278-dv8k5-3424803466, networkLocation: /default-rack, certSerialId: null} moved to stale state. Finalizing its pipelines [PipelineID=f338bfd8-3dfe-4ec0-b431-5d210689f711, PipelineID=0f5f8057-2ac4-42f5-a277-7fb8756ff130]
2019-10-15 03:31:15,112 [EventQueue-StaleNodeForStaleNodeHandler] INFO  pipeline.SCMPipelineManager (SCMPipelineManager.java:finalizeAndDestroyPipeline(315)) - destroying pipeline:Pipeline[ Id: f338bfd8-3dfe-4ec0-b431-5d210689f711, Nodes: 572ff2ee-e904-4734-b002-88c441a29bd6{ip: 192.168.157.236, host: pr-hdds-2278-dv8k5-3424803466, networkLocation: /default-rack, certSerialId: null}, Type:RATIS, Factor:ONE, State:OPEN]
2019-10-15 03:31:15,112 [EventQueue-StaleNodeForStaleNodeHandler] INFO  pipeline.PipelineStateManager (PipelineStateManager.java:finalizePipeline(123)) - Pipeline Pipeline[ Id: f338bfd8-3dfe-4ec0-b431-5d210689f711, Nodes: 572ff2ee-e904-4734-b002-88c441a29bd6{ip: 192.168.157.236, host: pr-hdds-2278-dv8k5-3424803466, networkLocation: /default-rack, certSerialId: null}, Type:RATIS, Factor:ONE, State:CLOSED] moved to CLOSED state
2019-10-15 03:31:15,113 [EventQueue-StaleNodeForStaleNodeHandler] INFO  pipeline.SCMPipelineManager (SCMPipelineManager.java:finalizeAndDestroyPipeline(315)) - destroying pipeline:Pipeline[ Id: 0f5f8057-2ac4-42f5-a277-7fb8756ff130, Nodes: 572ff2ee-e904-4734-b002-88c441a29bd6{ip: 192.168.157.236, host: pr-hdds-2278-dv8k5-3424803466, networkLocation: /default-rack, certSerialId: null}3e1caccb-f9ab-465e-a648-53867b9772ef{ip: 192.168.157.236, host: pr-hdds-2278-dv8k5-3424803466, networkLocation: /default-rack, certSerialId: null}251ee4cd-b9df-4f77-8c52-c5e9eff662c2{ip: 192.168.157.236, host: pr-hdds-2278-dv8k5-3424803466, networkLocation: /default-rack, certSerialId: null}, Type:RATIS, Factor:THREE, State:OPEN]
2019-10-15 03:31:15,113 [EventQueue-StaleNodeForStaleNodeHandler] INFO  pipeline.PipelineStateManager (PipelineStateManager.java:finalizePipeline(123)) - Pipeline Pipeline[ Id: 0f5f8057-2ac4-42f5-a277-7fb8756ff130, Nodes: 572ff2ee-e904-4734-b002-88c441a29bd6{ip: 192.168.157.236, host: pr-hdds-2278-dv8k5-3424803466, networkLocation: /default-rack, certSerialId: null}3e1caccb-f9ab-465e-a648-53867b9772ef{ip: 192.168.157.236, host: pr-hdds-2278-dv8k5-3424803466, networkLocation: /default-rack, certSerialId: null}251ee4cd-b9df-4f77-8c52-c5e9eff662c2{ip: 192.168.157.236, host: pr-hdds-2278-dv8k5-3424803466, networkLocation: /default-rack, certSerialId: null}, Type:RATIS, Factor:THREE, State:CLOSED] moved to CLOSED state
2019-10-15 03:31:15,113 [EventQueue-CloseContainerForCloseContainerEventHandler] INFO  container.CloseContainerEventHandler (CloseContainerEventHandler.java:onMessage(61)) - Close container Event triggered for container : #1
2019-10-15 03:31:15,323 [main] INFO  ozoneimpl.OzoneContainer (OzoneContainer.java:stop(227)) - Attempting to stop container services.
2019-10-15 03:31:15,327 [main] INFO  impl.RaftServerProxy (RaftServerProxy.java:lambda$close$4(314)) - 572ff2ee-e904-4734-b002-88c441a29bd6: close
2019-10-15 03:31:15,329 [ForkJoinPool.commonPool-worker-0] INFO  impl.RaftServerImpl (RaftServerImpl.java:lambda$shutdown$3(247)) - 572ff2ee-e904-4734-b002-88c441a29bd6@group-7FB8756FF130: shutdown
2019-10-15 03:31:15,329 [main] INFO  impl.RaftServerImpl (RaftServerImpl.java:lambda$shutdown$3(247)) - 572ff2ee-e904-4734-b002-88c441a29bd6@group-5D210689F711: shutdown
2019-10-15 03:31:15,329 [ForkJoinPool.commonPool-worker-0] INFO  util.JmxRegister (JmxRegister.java:unregister(73)) - Successfully un-registered JMX Bean with object name Ratis:service=RaftServer,group=group-7FB8756FF130,id=572ff2ee-e904-4734-b002-88c441a29bd6
2019-10-15 03:31:15,329 [main] INFO  util.JmxRegister (JmxRegister.java:unregister(73)) - Successfully un-registered JMX Bean with object name Ratis:service=RaftServer,group=group-5D210689F711,id=572ff2ee-e904-4734-b002-88c441a29bd6
2019-10-15 03:31:15,330 [main] INFO  impl.RoleInfo (RoleInfo.java:shutdownLeaderState(104)) - 572ff2ee-e904-4734-b002-88c441a29bd6: shutdown LeaderState
2019-10-15 03:31:15,329 [ForkJoinPool.commonPool-worker-0] INFO  impl.RoleInfo (RoleInfo.java:shutdownLeaderState(104)) - 572ff2ee-e904-4734-b002-88c441a29bd6: shutdown LeaderState
2019-10-15 03:31:15,330 [main] INFO  impl.PendingRequests (PendingRequests.java:sendNotLeaderResponses(202)) - 572ff2ee-e904-4734-b002-88c441a29bd6@group-5D210689F711-PendingRequests: sendNotLeaderResponses
2019-10-15 03:31:15,336 [org.apache.ratis.server.impl.LogAppender$AppenderDaemon$$Lambda$517/1822991427@388a77c9] WARN  server.GrpcLogAppender (GrpcLogAppender.java:mayWait(143)) - 572ff2ee-e904-4734-b002-88c441a29bd6@group-7FB8756FF130->3e1caccb-f9ab-465e-a648-53867b9772ef-GrpcLogAppender: Wait interrupted by java.lang.InterruptedException
2019-10-15 03:31:15,336 [org.apache.ratis.server.impl.LogAppender$AppenderDaemon$$Lambda$517/1822991427@4b629659] WARN  server.GrpcLogAppender (GrpcLogAppender.java:mayWait(143)) - 572ff2ee-e904-4734-b002-88c441a29bd6@group-7FB8756FF130->251ee4cd-b9df-4f77-8c52-c5e9eff662c2-GrpcLogAppender: Wait interrupted by java.lang.InterruptedException
2019-10-15 03:31:15,336 [ForkJoinPool.commonPool-worker-0] INFO  impl.PendingRequests (PendingRequests.java:sendNotLeaderResponses(202)) - 572ff2ee-e904-4734-b002-88c441a29bd6@group-7FB8756FF130-PendingRequests: sendNotLeaderResponses
2019-10-15 03:31:15,337 [main] INFO  impl.StateMachineUpdater (StateMachineUpdater.java:stopAndJoin(136)) - 572ff2ee-e904-4734-b002-88c441a29bd6@group-5D210689F711-StateMachineUpdater: set stopIndex = 0
2019-10-15 03:31:15,342 [ForkJoinPool.commonPool-worker-0] INFO  impl.StateMachineUpdater (StateMachineUpdater.java:stopAndJoin(136)) - 572ff2ee-e904-4734-b002-88c441a29bd6@group-7FB8756FF130-StateMachineUpdater: set stopIndex = 15
2019-10-15 03:31:15,342 [grpc-default-executor-10] INFO  server.GrpcServerProtocolService (GrpcServerProtocolService.java:onCompleted(113)) - 3e1caccb-f9ab-465e-a648-53867b9772ef: Completed APPEND_ENTRIES, lastRequest: 572ff2ee-e904-4734-b002-88c441a29bd6->3e1caccb-f9ab-465e-a648-53867b9772ef#18-t2, previous=(t:2, i:15), leaderCommit=15, initializing? false, entries: <empty>
2019-10-15 03:31:15,342 [572ff2ee-e904-4734-b002-88c441a29bd6@group-7FB8756FF130-StateMachineUpdater] INFO  ratis.ContainerStateMachine (ContainerStateMachine.java:takeSnapshot(294)) - group-7FB8756FF130: Taking a snapshot at:(t:2, i:13) file /workdir/hadoop-ozone/integration-test/target/test-dir/MiniOzoneClusterImpl-5622c653-33f5-44d9-9ba1-ef695601b467/datanode-2/data/ratis/0f5f8057-2ac4-42f5-a277-7fb8756ff130/sm/snapshot.2_13
2019-10-15 03:31:15,342 [grpc-default-executor-8] INFO  server.GrpcServerProtocolService (GrpcServerProtocolService.java:onCompleted(113)) - 251ee4cd-b9df-4f77-8c52-c5e9eff662c2: Completed APPEND_ENTRIES, lastRequest: 572ff2ee-e904-4734-b002-88c441a29bd6->251ee4cd-b9df-4f77-8c52-c5e9eff662c2#18-t2, previous=(t:2, i:15), leaderCommit=15, initializing? false, entries: <empty>
2019-10-15 03:31:15,342 [main] INFO  impl.RaftServerImpl (ServerState.java:close(387)) - 572ff2ee-e904-4734-b002-88c441a29bd6@group-5D210689F711: closes. applyIndex: 0
2019-10-15 03:31:15,363 [grpc-default-executor-9] INFO  server.GrpcLogAppender (GrpcLogAppender.java:onCompleted(293)) - 572ff2ee-e904-4734-b002-88c441a29bd6@group-7FB8756FF130->251ee4cd-b9df-4f77-8c52-c5e9eff662c2-AppendLogResponseHandler: follower responses appendEntries COMPLETED
2019-10-15 03:31:15,363 [grpc-default-executor-8] INFO  server.GrpcLogAppender (GrpcLogAppender.java:onCompleted(293)) - 572ff2ee-e904-4734-b002-88c441a29bd6@group-7FB8756FF130->3e1caccb-f9ab-465e-a648-53867b9772ef-AppendLogResponseHandler: follower responses appendEntries COMPLETED
2019-10-15 03:31:15,364 [572ff2ee-e904-4734-b002-88c441a29bd6@group-5D210689F711-SegmentedRaftLogWorker] INFO  segmented.SegmentedRaftLogWorker (SegmentedRaftLogWorker.java:run(316)) - 572ff2ee-e904-4734-b002-88c441a29bd6@group-5D210689F711-SegmentedRaftLogWorker was interrupted, exiting. There are 0 tasks remaining in the queue.
2019-10-15 03:31:15,366 [main] INFO  segmented.SegmentedRaftLogWorker (SegmentedRaftLogWorker.java:close(224)) - 572ff2ee-e904-4734-b002-88c441a29bd6@group-5D210689F711-SegmentedRaftLogWorker close()
2019-10-15 03:31:15,370 [grpc-default-executor-9] INFO  impl.FollowerInfo (FollowerInfo.java:lambda$new$0(51)) - 572ff2ee-e904-4734-b002-88c441a29bd6@group-7FB8756FF130->251ee4cd-b9df-4f77-8c52-c5e9eff662c2: nextIndex: updateUnconditionally 16 -> 15
2019-10-15 03:31:15,370 [grpc-default-executor-8] INFO  impl.FollowerInfo (FollowerInfo.java:lambda$new$0(51)) - 572ff2ee-e904-4734-b002-88c441a29bd6@group-7FB8756FF130->3e1caccb-f9ab-465e-a648-53867b9772ef: nextIndex: updateUnconditionally 16 -> 15
2019-10-15 03:31:15,394 [572ff2ee-e904-4734-b002-88c441a29bd6@group-7FB8756FF130-StateMachineUpdater] INFO  ratis.ContainerStateMachine (ContainerStateMachine.java:takeSnapshot(305)) - group-7FB8756FF130: Finished taking a snapshot at:(t:2, i:13) file:/workdir/hadoop-ozone/integration-test/target/test-dir/MiniOzoneClusterImpl-5622c653-33f5-44d9-9ba1-ef695601b467/datanode-2/data/ratis/0f5f8057-2ac4-42f5-a277-7fb8756ff130/sm/snapshot.2_13 time:52
2019-10-15 03:31:15,395 [572ff2ee-e904-4734-b002-88c441a29bd6@group-7FB8756FF130-StateMachineUpdater] INFO  impl.StateMachineUpdater (StateMachineUpdater.java:takeSnapshot(269)) - 572ff2ee-e904-4734-b002-88c441a29bd6@group-7FB8756FF130-StateMachineUpdater: Took a snapshot at index 13
2019-10-15 03:31:15,395 [572ff2ee-e904-4734-b002-88c441a29bd6@group-7FB8756FF130-StateMachineUpdater] INFO  impl.StateMachineUpdater (StateMachineUpdater.java:lambda$new$0(84)) - 572ff2ee-e904-4734-b002-88c441a29bd6@group-7FB8756FF130-StateMachineUpdater: snapshotIndex: updateIncreasingly -1 -> 13
2019-10-15 03:31:15,395 [572ff2ee-e904-4734-b002-88c441a29bd6@group-7FB8756FF130-StateMachineUpdater] INFO  ratis.ContainerStateMachine (ContainerStateMachine.java:takeSnapshot(294)) - group-7FB8756FF130: Taking a snapshot at:(t:2, i:13) file /workdir/hadoop-ozone/integration-test/target/test-dir/MiniOzoneClusterImpl-5622c653-33f5-44d9-9ba1-ef695601b467/datanode-2/data/ratis/0f5f8057-2ac4-42f5-a277-7fb8756ff130/sm/snapshot.2_13
2019-10-15 03:31:15,418 [572ff2ee-e904-4734-b002-88c441a29bd6@group-7FB8756FF130-StateMachineUpdater] INFO  ratis.ContainerStateMachine (ContainerStateMachine.java:takeSnapshot(305)) - group-7FB8756FF130: Finished taking a snapshot at:(t:2, i:13) file:/workdir/hadoop-ozone/integration-test/target/test-dir/MiniOzoneClusterImpl-5622c653-33f5-44d9-9ba1-ef695601b467/datanode-2/data/ratis/0f5f8057-2ac4-42f5-a277-7fb8756ff130/sm/snapshot.2_13 time:22
2019-10-15 03:31:15,418 [572ff2ee-e904-4734-b002-88c441a29bd6@group-7FB8756FF130-StateMachineUpdater] INFO  impl.StateMachineUpdater (StateMachineUpdater.java:takeSnapshot(269)) - 572ff2ee-e904-4734-b002-88c441a29bd6@group-7FB8756FF130-StateMachineUpdater: Took a snapshot at index 13
2019-10-15 03:31:15,418 [572ff2ee-e904-4734-b002-88c441a29bd6@group-7FB8756FF130-StateMachineUpdater] INFO  impl.StateMachineUpdater (StateMachineUpdater.java:lambda$new$0(84)) - 572ff2ee-e904-4734-b002-88c441a29bd6@group-7FB8756FF130-StateMachineUpdater: snapshotIndex: updateIncreasingly 13 -> 13
2019-10-15 03:31:15,418 [ForkJoinPool.commonPool-worker-0] INFO  impl.RaftServerImpl (ServerState.java:close(387)) - 572ff2ee-e904-4734-b002-88c441a29bd6@group-7FB8756FF130: closes. applyIndex: 15
2019-10-15 03:31:15,418 [572ff2ee-e904-4734-b002-88c441a29bd6@group-7FB8756FF130-SegmentedRaftLogWorker] INFO  segmented.SegmentedRaftLogWorker (SegmentedRaftLogWorker.java:run(316)) - 572ff2ee-e904-4734-b002-88c441a29bd6@group-7FB8756FF130-SegmentedRaftLogWorker was interrupted, exiting. There are 0 tasks remaining in the queue.
2019-10-15 03:31:15,421 [ForkJoinPool.commonPool-worker-0] INFO  segmented.SegmentedRaftLogWorker (SegmentedRaftLogWorker.java:close(224)) - 572ff2ee-e904-4734-b002-88c441a29bd6@group-7FB8756FF130-SegmentedRaftLogWorker close()
2019-10-15 03:31:15,426 [main] INFO  server.GrpcService (GrpcService.java:closeImpl(164)) - 572ff2ee-e904-4734-b002-88c441a29bd6: shutdown server with port 38035 now
2019-10-15 03:31:15,427 [grpc-default-executor-9] WARN  client.GrpcClientProtocolService (LogUtils.java:warn(134)) - 5-UnorderedRequestStreamObserver5: onError: org.apache.ratis.thirdparty.io.grpc.StatusRuntimeException: CANCELLED: cancelled before receiving half close
2019-10-15 03:31:15,427 [main] INFO  server.GrpcService (GrpcService.java:closeImpl(172)) - 572ff2ee-e904-4734-b002-88c441a29bd6: shutdown server with port 38035 successfully
2019-10-15 03:31:15,432 [refreshUsed-/workdir/hadoop-ozone/integration-test/target/test-dir/MiniOzoneClusterImpl-5622c653-33f5-44d9-9ba1-ef695601b467/datanode-2/data/containers] WARN  fs.CachingGetSpaceUsed (CachingGetSpaceUsed.java:run(183)) - Thread Interrupted waiting to refresh disk information: sleep interrupted
2019-10-15 03:31:15,443 [main] INFO  utils.BackgroundService (BackgroundService.java:shutdown(151)) - Shutting down service BlockDeletingService
2019-10-15 03:31:15,450 [main] INFO  statemachine.DatanodeStateMachine (DatanodeStateMachine.java:stopDaemon(395)) - Ozone container server stopped.
2019-10-15 03:31:15,451 [main] INFO  handler.ContextHandler (ContextHandler.java:doStop(910)) - Stopped o.e.j.w.WebAppContext@2c9fdb64{/,null,UNAVAILABLE}{/hddsDatanode}
2019-10-15 03:31:15,452 [main] INFO  server.AbstractConnector (AbstractConnector.java:doStop(318)) - Stopped ServerConnector@27e199ce{HTTP/1.1,[http/1.1]}{0.0.0.0:0}
2019-10-15 03:31:15,452 [main] INFO  handler.ContextHandler (ContextHandler.java:doStop(910)) - Stopped o.e.j.s.ServletContextHandler@1c6a0103{/static,jar:file:/home/user/.m2/repository/org/apache/hadoop/hadoop-hdds-container-service/0.5.0-SNAPSHOT/hadoop-hdds-container-service-0.5.0-SNAPSHOT.jar!/webapps/static,UNAVAILABLE}
2019-10-15 03:31:15,452 [main] INFO  handler.ContextHandler (ContextHandler.java:doStop(910)) - Stopped o.e.j.s.ServletContextHandler@565d7d2f{/logs,file:///workdir/hadoop-ozone/integration-test/target/log,UNAVAILABLE}
2019-10-15 03:31:24,421 [Thread-3236] INFO  impl.FollowerState (FollowerState.java:run(108)) - 3e1caccb-f9ab-465e-a648-53867b9772ef@group-7FB8756FF130-FollowerState: change to CANDIDATE, lastRpcTime:9093ms, electionTimeout:5085ms
2019-10-15 03:31:24,422 [Thread-3236] INFO  impl.RoleInfo (RoleInfo.java:shutdownFollowerState(121)) - 3e1caccb-f9ab-465e-a648-53867b9772ef: shutdown FollowerState
2019-10-15 03:31:24,422 [Thread-3236] INFO  impl.RaftServerImpl (RaftServerImpl.java:setRole(170)) - 3e1caccb-f9ab-465e-a648-53867b9772ef@group-7FB8756FF130: changes role from  FOLLOWER to CANDIDATE at term 2 for changeToCandidate
2019-10-15 03:31:24,422 [Thread-3236] INFO  impl.RoleInfo (RoleInfo.java:updateAndGet(143)) - 3e1caccb-f9ab-465e-a648-53867b9772ef: start LeaderElection
2019-10-15 03:31:24,426 [3e1caccb-f9ab-465e-a648-53867b9772ef@group-7FB8756FF130-LeaderElection106] INFO  impl.RaftServerImpl (ServerState.java:setLeader(255)) - 3e1caccb-f9ab-465e-a648-53867b9772ef@group-7FB8756FF130: change Leader from 572ff2ee-e904-4734-b002-88c441a29bd6 to null at term 2 for initElection
2019-10-15 03:31:24,450 [3e1caccb-f9ab-465e-a648-53867b9772ef@group-7FB8756FF130-LeaderElection106] INFO  impl.LeaderElection (LeaderElection.java:askForVotes(178)) - 3e1caccb-f9ab-465e-a648-53867b9772ef@group-7FB8756FF130-LeaderElection106: begin an election at term 3 for 0: [3e1caccb-f9ab-465e-a648-53867b9772ef:192.168.157.236:39345, 572ff2ee-e904-4734-b002-88c441a29bd6:192.168.157.236:38035, 251ee4cd-b9df-4f77-8c52-c5e9eff662c2:192.168.157.236:44097], old=null
2019-10-15 03:31:24,452 [3e1caccb-f9ab-465e-a648-53867b9772ef@group-7FB8756FF130-LeaderElection106] INFO  impl.LeaderElection (LogUtils.java:infoOrTrace(149)) - 3e1caccb-f9ab-465e-a648-53867b9772ef@group-7FB8756FF130-LeaderElection106 got exception when requesting votes: {}
java.util.concurrent.ExecutionException: org.apache.ratis.thirdparty.io.grpc.StatusRuntimeException: UNAVAILABLE: io exception
	at java.util.concurrent.FutureTask.report(FutureTask.java:122)
	at java.util.concurrent.FutureTask.get(FutureTask.java:192)
	at org.apache.ratis.server.impl.LeaderElection.waitForResults(LeaderElection.java:259)
	at org.apache.ratis.server.impl.LeaderElection.askForVotes(LeaderElection.java:197)
	at org.apache.ratis.server.impl.LeaderElection.run(LeaderElection.java:133)
	at java.lang.Thread.run(Thread.java:748)
Caused by: org.apache.ratis.thirdparty.io.grpc.StatusRuntimeException: UNAVAILABLE: io exception
	at org.apache.ratis.thirdparty.io.grpc.stub.ClientCalls.toStatusRuntimeException(ClientCalls.java:233)
	at org.apache.ratis.thirdparty.io.grpc.stub.ClientCalls.getUnchecked(ClientCalls.java:214)
	at org.apache.ratis.thirdparty.io.grpc.stub.ClientCalls.blockingUnaryCall(ClientCalls.java:139)
	at org.apache.ratis.proto.grpc.RaftServerProtocolServiceGrpc$RaftServerProtocolServiceBlockingStub.requestVote(RaftServerProtocolServiceGrpc.java:265)
	at org.apache.ratis.grpc.server.GrpcServerProtocolClient.requestVote(GrpcServerProtocolClient.java:99)
	at org.apache.ratis.grpc.server.GrpcService.requestVote(GrpcService.java:204)
	at org.apache.ratis.server.impl.LeaderElection.lambda$submitRequests$1(LeaderElection.java:234)
	at java.util.concurrent.FutureTask.run(FutureTask.java:266)
	at java.util.concurrent.Executors$RunnableAdapter.call(Executors.java:511)
	at java.util.concurrent.FutureTask.run(FutureTask.java:266)
	at java.util.concurrent.ThreadPoolExecutor.runWorker(ThreadPoolExecutor.java:1149)
	at java.util.concurrent.ThreadPoolExecutor$Worker.run(ThreadPoolExecutor.java:624)
	... 1 more
Caused by: org.apache.ratis.thirdparty.io.netty.channel.AbstractChannel$AnnotatedConnectException: Connection refused: /192.168.157.236:38035
	at sun.nio.ch.SocketChannelImpl.checkConnect(Native Method)
	at sun.nio.ch.SocketChannelImpl.finishConnect(SocketChannelImpl.java:717)
	at org.apache.ratis.thirdparty.io.netty.channel.socket.nio.NioSocketChannel.doFinishConnect(NioSocketChannel.java:327)
	at org.apache.ratis.thirdparty.io.netty.channel.nio.AbstractNioChannel$AbstractNioUnsafe.finishConnect(AbstractNioChannel.java:340)
	at org.apache.ratis.thirdparty.io.netty.channel.nio.NioEventLoop.processSelectedKey(NioEventLoop.java:632)
	at org.apache.ratis.thirdparty.io.netty.channel.nio.NioEventLoop.processSelectedKeysOptimized(NioEventLoop.java:579)
	at org.apache.ratis.thirdparty.io.netty.channel.nio.NioEventLoop.processSelectedKeys(NioEventLoop.java:496)
	at org.apache.ratis.thirdparty.io.netty.channel.nio.NioEventLoop.run(NioEventLoop.java:458)
	at org.apache.ratis.thirdparty.io.netty.util.concurrent.SingleThreadEventExecutor$5.run(SingleThreadEventExecutor.java:897)
	at org.apache.ratis.thirdparty.io.netty.util.concurrent.FastThreadLocalRunnable.run(FastThreadLocalRunnable.java:30)
	... 1 more
Caused by: java.net.ConnectException: Connection refused
	... 11 more
2019-10-15 03:31:24,453 [grpc-default-executor-8] INFO  impl.RaftServerImpl (ServerState.java:setLeader(255)) - 251ee4cd-b9df-4f77-8c52-c5e9eff662c2@group-7FB8756FF130: change Leader from 572ff2ee-e904-4734-b002-88c441a29bd6 to null at term 3 for updateCurrentTerm
2019-10-15 03:31:24,471 [grpc-default-executor-8] INFO  impl.RaftServerImpl (RaftServerImpl.java:setRole(170)) - 251ee4cd-b9df-4f77-8c52-c5e9eff662c2@group-7FB8756FF130: changes role from  FOLLOWER to FOLLOWER at term 3 for recognizeCandidate:3e1caccb-f9ab-465e-a648-53867b9772ef
2019-10-15 03:31:24,471 [grpc-default-executor-8] INFO  impl.RoleInfo (RoleInfo.java:shutdownFollowerState(121)) - 251ee4cd-b9df-4f77-8c52-c5e9eff662c2: shutdown FollowerState
2019-10-15 03:31:24,471 [grpc-default-executor-8] INFO  impl.RoleInfo (RoleInfo.java:updateAndGet(143)) - 251ee4cd-b9df-4f77-8c52-c5e9eff662c2: start FollowerState
2019-10-15 03:31:24,472 [Thread-3227] INFO  impl.FollowerState (FollowerState.java:run(117)) - 251ee4cd-b9df-4f77-8c52-c5e9eff662c2@group-7FB8756FF130-FollowerState was interrupted: java.lang.InterruptedException: sleep interrupted
2019-10-15 03:31:24,496 [3e1caccb-f9ab-465e-a648-53867b9772ef@group-7FB8756FF130-LeaderElection106] INFO  impl.LeaderElection (LeaderElection.java:logAndReturn(56)) - 3e1caccb-f9ab-465e-a648-53867b9772ef@group-7FB8756FF130-LeaderElection106: Election PASSED; received 1 response(s) [3e1caccb-f9ab-465e-a648-53867b9772ef<-251ee4cd-b9df-4f77-8c52-c5e9eff662c2#0:OK-t3] and 1 exception(s); 3e1caccb-f9ab-465e-a648-53867b9772ef@group-7FB8756FF130:t3, leader=null, voted=3e1caccb-f9ab-465e-a648-53867b9772ef, raftlog=3e1caccb-f9ab-465e-a648-53867b9772ef@group-7FB8756FF130-SegmentedRaftLog:OPENED:c15,f15,i15, conf=0: [3e1caccb-f9ab-465e-a648-53867b9772ef:192.168.157.236:39345, 572ff2ee-e904-4734-b002-88c441a29bd6:192.168.157.236:38035, 251ee4cd-b9df-4f77-8c52-c5e9eff662c2:192.168.157.236:44097], old=null
2019-10-15 03:31:24,496 [3e1caccb-f9ab-465e-a648-53867b9772ef@group-7FB8756FF130-LeaderElection106] INFO  impl.LeaderElection (LogUtils.java:infoOrTrace(149)) -   Exception 0: {}
java.util.concurrent.ExecutionException: org.apache.ratis.thirdparty.io.grpc.StatusRuntimeException: UNAVAILABLE: io exception
	at java.util.concurrent.FutureTask.report(FutureTask.java:122)
	at java.util.concurrent.FutureTask.get(FutureTask.java:192)
	at org.apache.ratis.server.impl.LeaderElection.waitForResults(LeaderElection.java:259)
	at org.apache.ratis.server.impl.LeaderElection.askForVotes(LeaderElection.java:197)
	at org.apache.ratis.server.impl.LeaderElection.run(LeaderElection.java:133)
	at java.lang.Thread.run(Thread.java:748)
Caused by: org.apache.ratis.thirdparty.io.grpc.StatusRuntimeException: UNAVAILABLE: io exception
	at org.apache.ratis.thirdparty.io.grpc.stub.ClientCalls.toStatusRuntimeException(ClientCalls.java:233)
	at org.apache.ratis.thirdparty.io.grpc.stub.ClientCalls.getUnchecked(ClientCalls.java:214)
	at org.apache.ratis.thirdparty.io.grpc.stub.ClientCalls.blockingUnaryCall(ClientCalls.java:139)
	at org.apache.ratis.proto.grpc.RaftServerProtocolServiceGrpc$RaftServerProtocolServiceBlockingStub.requestVote(RaftServerProtocolServiceGrpc.java:265)
	at org.apache.ratis.grpc.server.GrpcServerProtocolClient.requestVote(GrpcServerProtocolClient.java:99)
	at org.apache.ratis.grpc.server.GrpcService.requestVote(GrpcService.java:204)
	at org.apache.ratis.server.impl.LeaderElection.lambda$submitRequests$1(LeaderElection.java:234)
	at java.util.concurrent.FutureTask.run(FutureTask.java:266)
	at java.util.concurrent.Executors$RunnableAdapter.call(Executors.java:511)
	at java.util.concurrent.FutureTask.run(FutureTask.java:266)
	at java.util.concurrent.ThreadPoolExecutor.runWorker(ThreadPoolExecutor.java:1149)
	at java.util.concurrent.ThreadPoolExecutor$Worker.run(ThreadPoolExecutor.java:624)
	... 1 more
Caused by: org.apache.ratis.thirdparty.io.netty.channel.AbstractChannel$AnnotatedConnectException: Connection refused: /192.168.157.236:38035
	at sun.nio.ch.SocketChannelImpl.checkConnect(Native Method)
	at sun.nio.ch.SocketChannelImpl.finishConnect(SocketChannelImpl.java:717)
	at org.apache.ratis.thirdparty.io.netty.channel.socket.nio.NioSocketChannel.doFinishConnect(NioSocketChannel.java:327)
	at org.apache.ratis.thirdparty.io.netty.channel.nio.AbstractNioChannel$AbstractNioUnsafe.finishConnect(AbstractNioChannel.java:340)
	at org.apache.ratis.thirdparty.io.netty.channel.nio.NioEventLoop.processSelectedKey(NioEventLoop.java:632)
	at org.apache.ratis.thirdparty.io.netty.channel.nio.NioEventLoop.processSelectedKeysOptimized(NioEventLoop.java:579)
	at org.apache.ratis.thirdparty.io.netty.channel.nio.NioEventLoop.processSelectedKeys(NioEventLoop.java:496)
	at org.apache.ratis.thirdparty.io.netty.channel.nio.NioEventLoop.run(NioEventLoop.java:458)
	at org.apache.ratis.thirdparty.io.netty.util.concurrent.SingleThreadEventExecutor$5.run(SingleThreadEventExecutor.java:897)
	at org.apache.ratis.thirdparty.io.netty.util.concurrent.FastThreadLocalRunnable.run(FastThreadLocalRunnable.java:30)
	... 1 more
Caused by: java.net.ConnectException: Connection refused
	... 11 more
2019-10-15 03:31:24,496 [3e1caccb-f9ab-465e-a648-53867b9772ef@group-7FB8756FF130-LeaderElection106] INFO  impl.RoleInfo (RoleInfo.java:shutdownLeaderElection(134)) - 3e1caccb-f9ab-465e-a648-53867b9772ef: shutdown LeaderElection
2019-10-15 03:31:24,497 [3e1caccb-f9ab-465e-a648-53867b9772ef@group-7FB8756FF130-LeaderElection106] INFO  impl.RaftServerImpl (RaftServerImpl.java:setRole(170)) - 3e1caccb-f9ab-465e-a648-53867b9772ef@group-7FB8756FF130: changes role from CANDIDATE to LEADER at term 3 for changeToLeader
2019-10-15 03:31:24,497 [3e1caccb-f9ab-465e-a648-53867b9772ef@group-7FB8756FF130-LeaderElection106] INFO  impl.RaftServerImpl (ServerState.java:setLeader(255)) - 3e1caccb-f9ab-465e-a648-53867b9772ef@group-7FB8756FF130: change Leader from null to 3e1caccb-f9ab-465e-a648-53867b9772ef at term 3 for becomeLeader, leader elected after 70ms
2019-10-15 03:31:24,497 [3e1caccb-f9ab-465e-a648-53867b9772ef@group-7FB8756FF130-LeaderElection106] INFO  server.RaftServerConfigKeys (ConfUtils.java:logGet(43)) - raft.server.staging.catchup.gap = 1000 (default)
2019-10-15 03:31:24,497 [3e1caccb-f9ab-465e-a648-53867b9772ef@group-7FB8756FF130-LeaderElection106] INFO  server.RaftServerConfigKeys (ConfUtils.java:logGet(43)) - raft.server.rpc.sleep.time = 25ms (default)
2019-10-15 03:31:24,497 [3e1caccb-f9ab-465e-a648-53867b9772ef@group-7FB8756FF130-LeaderElection106] INFO  server.RaftServerConfigKeys (ConfUtils.java:logGet(43)) - raft.server.write.element-limit = 4096 (default)
2019-10-15 03:31:24,497 [3e1caccb-f9ab-465e-a648-53867b9772ef@group-7FB8756FF130-LeaderElection106] INFO  server.RaftServerConfigKeys (ConfUtils.java:logGet(43)) - raft.server.watch.timeout = 10s (default)
2019-10-15 03:31:24,498 [3e1caccb-f9ab-465e-a648-53867b9772ef@group-7FB8756FF130-LeaderElection106] INFO  server.RaftServerConfigKeys (ConfUtils.java:logGet(43)) - raft.server.watch.timeout.denomination = 1s (default)
2019-10-15 03:31:24,498 [3e1caccb-f9ab-465e-a648-53867b9772ef@group-7FB8756FF130-LeaderElection106] INFO  server.RaftServerConfigKeys (ConfUtils.java:logGet(43)) - raft.server.watch.element-limit = 65536 (default)
2019-10-15 03:31:24,500 [3e1caccb-f9ab-465e-a648-53867b9772ef@group-7FB8756FF130-LeaderElection106] INFO  server.RaftServerConfigKeys (ConfUtils.java:logGet(43)) - raft.server.log.appender.snapshot.chunk.size.max = 16MB (=16777216) (default)
2019-10-15 03:31:24,500 [3e1caccb-f9ab-465e-a648-53867b9772ef@group-7FB8756FF130-LeaderElection106] INFO  server.RaftServerConfigKeys (ConfUtils.java:logGet(43)) - raft.server.log.appender.buffer.byte-limit = 33554432 (custom)
2019-10-15 03:31:24,500 [3e1caccb-f9ab-465e-a648-53867b9772ef@group-7FB8756FF130-LeaderElection106] INFO  server.RaftServerConfigKeys (ConfUtils.java:logGet(43)) - raft.server.log.appender.buffer.element-limit = 1 (custom)
2019-10-15 03:31:24,501 [3e1caccb-f9ab-465e-a648-53867b9772ef@group-7FB8756FF130-LeaderElection106] INFO  grpc.GrpcConfigKeys$Server (ConfUtils.java:logGet(43)) - raft.grpc.server.leader.outstanding.appends.max = 128 (default)
2019-10-15 03:31:24,501 [3e1caccb-f9ab-465e-a648-53867b9772ef@group-7FB8756FF130-LeaderElection106] INFO  server.RaftServerConfigKeys (ConfUtils.java:logGet(43)) - raft.server.rpc.request.timeout = 3000ms (default)
2019-10-15 03:31:24,501 [3e1caccb-f9ab-465e-a648-53867b9772ef@group-7FB8756FF130-LeaderElection106] INFO  server.RaftServerConfigKeys (ConfUtils.java:logGet(43)) - raft.server.log.appender.install.snapshot.enabled = false (custom)
2019-10-15 03:31:24,501 [3e1caccb-f9ab-465e-a648-53867b9772ef@group-7FB8756FF130-LeaderElection106] INFO  server.RaftServerConfigKeys (ConfUtils.java:logGet(43)) - raft.server.log.appender.snapshot.chunk.size.max = 16MB (=16777216) (default)
2019-10-15 03:31:24,501 [3e1caccb-f9ab-465e-a648-53867b9772ef@group-7FB8756FF130-LeaderElection106] INFO  server.RaftServerConfigKeys (ConfUtils.java:logGet(43)) - raft.server.log.appender.buffer.byte-limit = 33554432 (custom)
2019-10-15 03:31:24,501 [3e1caccb-f9ab-465e-a648-53867b9772ef@group-7FB8756FF130-LeaderElection106] INFO  server.RaftServerConfigKeys (ConfUtils.java:logGet(43)) - raft.server.log.appender.buffer.element-limit = 1 (custom)
2019-10-15 03:31:24,501 [3e1caccb-f9ab-465e-a648-53867b9772ef@group-7FB8756FF130-LeaderElection106] INFO  grpc.GrpcConfigKeys$Server (ConfUtils.java:logGet(43)) - raft.grpc.server.leader.outstanding.appends.max = 128 (default)
2019-10-15 03:31:24,502 [3e1caccb-f9ab-465e-a648-53867b9772ef@group-7FB8756FF130-LeaderElection106] INFO  server.RaftServerConfigKeys (ConfUtils.java:logGet(43)) - raft.server.rpc.request.timeout = 3000ms (default)
2019-10-15 03:31:24,502 [3e1caccb-f9ab-465e-a648-53867b9772ef@group-7FB8756FF130-LeaderElection106] INFO  server.RaftServerConfigKeys (ConfUtils.java:logGet(43)) - raft.server.log.appender.install.snapshot.enabled = false (custom)
2019-10-15 03:31:24,502 [3e1caccb-f9ab-465e-a648-53867b9772ef@group-7FB8756FF130-LeaderElection106] INFO  impl.RoleInfo (RoleInfo.java:updateAndGet(143)) - 3e1caccb-f9ab-465e-a648-53867b9772ef: start LeaderState
2019-10-15 03:31:24,502 [3e1caccb-f9ab-465e-a648-53867b9772ef@group-7FB8756FF130-LeaderElection106] INFO  segmented.SegmentedRaftLogWorker (SegmentedRaftLogWorker.java:rollLogSegment(390)) - 3e1caccb-f9ab-465e-a648-53867b9772ef@group-7FB8756FF130-SegmentedRaftLogWorker: Rolling segment log-0_15 to index:15
2019-10-15 03:31:24,503 [3e1caccb-f9ab-465e-a648-53867b9772ef@group-7FB8756FF130-LeaderElection106] INFO  impl.RaftServerImpl (ServerState.java:setRaftConf(356)) - 3e1caccb-f9ab-465e-a648-53867b9772ef@group-7FB8756FF130: set configuration 16: [3e1caccb-f9ab-465e-a648-53867b9772ef:192.168.157.236:39345, 572ff2ee-e904-4734-b002-88c441a29bd6:192.168.157.236:38035, 251ee4cd-b9df-4f77-8c52-c5e9eff662c2:192.168.157.236:44097], old=null at 16
2019-10-15 03:31:24,503 [grpc-default-executor-8] WARN  server.GrpcLogAppender (LogUtils.java:warn(134)) - 3e1caccb-f9ab-465e-a648-53867b9772ef@group-7FB8756FF130->572ff2ee-e904-4734-b002-88c441a29bd6-AppendLogResponseHandler: Failed appendEntries: org.apache.ratis.thirdparty.io.grpc.StatusRuntimeException: UNAVAILABLE: io exception
2019-10-15 03:31:24,506 [grpc-default-executor-8] INFO  impl.FollowerInfo (FollowerInfo.java:lambda$new$0(51)) - 3e1caccb-f9ab-465e-a648-53867b9772ef@group-7FB8756FF130->572ff2ee-e904-4734-b002-88c441a29bd6: nextIndex: updateUnconditionally 16 -> 1
2019-10-15 03:31:24,506 [3e1caccb-f9ab-465e-a648-53867b9772ef@group-7FB8756FF130-SegmentedRaftLogWorker] INFO  segmented.SegmentedRaftLogWorker (SegmentedRaftLogWorker.java:execute(531)) - 3e1caccb-f9ab-465e-a648-53867b9772ef@group-7FB8756FF130-SegmentedRaftLogWorker: Rolled log segment from /workdir/hadoop-ozone/integration-test/target/test-dir/MiniOzoneClusterImpl-5622c653-33f5-44d9-9ba1-ef695601b467/datanode-4/data/ratis/0f5f8057-2ac4-42f5-a277-7fb8756ff130/current/log_inprogress_0 to /workdir/hadoop-ozone/integration-test/target/test-dir/MiniOzoneClusterImpl-5622c653-33f5-44d9-9ba1-ef695601b467/datanode-4/data/ratis/0f5f8057-2ac4-42f5-a277-7fb8756ff130/current/log_0-15
2019-10-15 03:31:24,507 [grpc-default-executor-8] INFO  impl.RaftServerImpl (ServerState.java:setLeader(255)) - 251ee4cd-b9df-4f77-8c52-c5e9eff662c2@group-7FB8756FF130: change Leader from null to 3e1caccb-f9ab-465e-a648-53867b9772ef at term 3 for appendEntries, leader elected after 54ms
2019-10-15 03:31:24,510 [grpc-default-executor-8] INFO  impl.RaftServerImpl (ServerState.java:setRaftConf(356)) - 251ee4cd-b9df-4f77-8c52-c5e9eff662c2@group-7FB8756FF130: set configuration 16: [3e1caccb-f9ab-465e-a648-53867b9772ef:192.168.157.236:39345, 572ff2ee-e904-4734-b002-88c441a29bd6:192.168.157.236:38035, 251ee4cd-b9df-4f77-8c52-c5e9eff662c2:192.168.157.236:44097], old=null at 16
2019-10-15 03:31:24,510 [grpc-default-executor-8] INFO  segmented.SegmentedRaftLogWorker (SegmentedRaftLogWorker.java:rollLogSegment(390)) - 251ee4cd-b9df-4f77-8c52-c5e9eff662c2@group-7FB8756FF130-SegmentedRaftLogWorker: Rolling segment log-0_15 to index:15
2019-10-15 03:31:24,511 [251ee4cd-b9df-4f77-8c52-c5e9eff662c2@group-7FB8756FF130-SegmentedRaftLogWorker] INFO  segmented.SegmentedRaftLogWorker (SegmentedRaftLogWorker.java:execute(531)) - 251ee4cd-b9df-4f77-8c52-c5e9eff662c2@group-7FB8756FF130-SegmentedRaftLogWorker: Rolled log segment from /workdir/hadoop-ozone/integration-test/target/test-dir/MiniOzoneClusterImpl-5622c653-33f5-44d9-9ba1-ef695601b467/datanode-6/data/ratis/0f5f8057-2ac4-42f5-a277-7fb8756ff130/current/log_inprogress_0 to /workdir/hadoop-ozone/integration-test/target/test-dir/MiniOzoneClusterImpl-5622c653-33f5-44d9-9ba1-ef695601b467/datanode-6/data/ratis/0f5f8057-2ac4-42f5-a277-7fb8756ff130/current/log_0-15
2019-10-15 03:31:24,558 [3e1caccb-f9ab-465e-a648-53867b9772ef@group-7FB8756FF130-SegmentedRaftLogWorker] INFO  segmented.SegmentedRaftLogWorker (SegmentedRaftLogWorker.java:execute(574)) - 3e1caccb-f9ab-465e-a648-53867b9772ef@group-7FB8756FF130-SegmentedRaftLogWorker: created new log segment /workdir/hadoop-ozone/integration-test/target/test-dir/MiniOzoneClusterImpl-5622c653-33f5-44d9-9ba1-ef695601b467/datanode-4/data/ratis/0f5f8057-2ac4-42f5-a277-7fb8756ff130/current/log_inprogress_16
2019-10-15 03:31:24,561 [251ee4cd-b9df-4f77-8c52-c5e9eff662c2@group-7FB8756FF130-SegmentedRaftLogWorker] INFO  segmented.SegmentedRaftLogWorker (SegmentedRaftLogWorker.java:execute(574)) - 251ee4cd-b9df-4f77-8c52-c5e9eff662c2@group-7FB8756FF130-SegmentedRaftLogWorker: created new log segment /workdir/hadoop-ozone/integration-test/target/test-dir/MiniOzoneClusterImpl-5622c653-33f5-44d9-9ba1-ef695601b467/datanode-6/data/ratis/0f5f8057-2ac4-42f5-a277-7fb8756ff130/current/log_inprogress_16
03:31:24.574 [grpc-default-executor-9] ERROR DNAudit - user=null | ip=null | op=WRITE_CHUNK {blockData=conID: 1 locID: 102964281980944397 bcsId: 13} | ret=FAILURE
org.apache.hadoop.hdds.scm.container.common.helpers.ContainerNotOpenException: Container 1 in CLOSING state
	at org.apache.hadoop.ozone.container.common.impl.HddsDispatcher.validateContainerCommand(HddsDispatcher.java:436) ~[hadoop-hdds-container-service-0.5.0-SNAPSHOT.jar:?]
	at org.apache.hadoop.ozone.container.common.transport.server.ratis.ContainerStateMachine.startTransaction(ContainerStateMachine.java:320) ~[hadoop-hdds-container-service-0.5.0-SNAPSHOT.jar:?]
	at org.apache.ratis.server.impl.RaftServerImpl.submitClientRequestAsync(RaftServerImpl.java:569) ~[ratis-server-0.5.0-201fc85-SNAPSHOT.jar:0.5.0-201fc85-SNAPSHOT]
	at org.apache.ratis.server.impl.RaftServerProxy.lambda$submitClientRequestAsync$7(RaftServerProxy.java:333) ~[ratis-server-0.5.0-201fc85-SNAPSHOT.jar:0.5.0-201fc85-SNAPSHOT]
	at org.apache.ratis.server.impl.RaftServerProxy.lambda$null$5(RaftServerProxy.java:328) ~[ratis-server-0.5.0-201fc85-SNAPSHOT.jar:0.5.0-201fc85-SNAPSHOT]
	at org.apache.ratis.util.JavaUtils.callAsUnchecked(JavaUtils.java:109) ~[ratis-common-0.5.0-201fc85-SNAPSHOT.jar:0.5.0-201fc85-SNAPSHOT]
	at org.apache.ratis.server.impl.RaftServerProxy.lambda$submitRequest$6(RaftServerProxy.java:328) ~[ratis-server-0.5.0-201fc85-SNAPSHOT.jar:0.5.0-201fc85-SNAPSHOT]
	at java.util.concurrent.CompletableFuture.uniComposeStage(CompletableFuture.java:981) ~[?:1.8.0_212]
	at java.util.concurrent.CompletableFuture.thenCompose(CompletableFuture.java:2124) ~[?:1.8.0_212]
	at org.apache.ratis.server.impl.RaftServerProxy.submitRequest(RaftServerProxy.java:327) ~[ratis-server-0.5.0-201fc85-SNAPSHOT.jar:0.5.0-201fc85-SNAPSHOT]
	at org.apache.ratis.server.impl.RaftServerProxy.submitClientRequestAsync(RaftServerProxy.java:333) ~[ratis-server-0.5.0-201fc85-SNAPSHOT.jar:0.5.0-201fc85-SNAPSHOT]
	at org.apache.ratis.grpc.client.GrpcClientProtocolService$RequestStreamObserver.processClientRequest(GrpcClientProtocolService.java:220) ~[ratis-grpc-0.5.0-201fc85-SNAPSHOT.jar:0.5.0-201fc85-SNAPSHOT]
	at org.apache.ratis.grpc.client.GrpcClientProtocolService$OrderedRequestStreamObserver.processClientRequest(GrpcClientProtocolService.java:326) ~[ratis-grpc-0.5.0-201fc85-SNAPSHOT.jar:0.5.0-201fc85-SNAPSHOT]
	at org.apache.ratis.util.SlidingWindow$Server.processRequestsFromHead(SlidingWindow.java:429) [ratis-common-0.5.0-201fc85-SNAPSHOT.jar:0.5.0-201fc85-SNAPSHOT]
	at org.apache.ratis.util.SlidingWindow$Server.receivedRequest(SlidingWindow.java:421) [ratis-common-0.5.0-201fc85-SNAPSHOT.jar:0.5.0-201fc85-SNAPSHOT]
	at org.apache.ratis.grpc.client.GrpcClientProtocolService$OrderedRequestStreamObserver.processClientRequest(GrpcClientProtocolService.java:345) [ratis-grpc-0.5.0-201fc85-SNAPSHOT.jar:0.5.0-201fc85-SNAPSHOT]
	at org.apache.ratis.grpc.client.GrpcClientProtocolService$RequestStreamObserver.onNext(GrpcClientProtocolService.java:240) [ratis-grpc-0.5.0-201fc85-SNAPSHOT.jar:0.5.0-201fc85-SNAPSHOT]
	at org.apache.ratis.grpc.client.GrpcClientProtocolService$RequestStreamObserver.onNext(GrpcClientProtocolService.java:168) [ratis-grpc-0.5.0-201fc85-SNAPSHOT.jar:0.5.0-201fc85-SNAPSHOT]
	at org.apache.ratis.thirdparty.io.grpc.stub.ServerCalls$StreamingServerCallHandler$StreamingServerCallListener.onMessage(ServerCalls.java:248) [ratis-thirdparty-misc-0.2.0.jar:0.2.0]
	at org.apache.ratis.thirdparty.io.grpc.internal.ServerCallImpl$ServerStreamListenerImpl.messagesAvailable(ServerCallImpl.java:263) [ratis-thirdparty-misc-0.2.0.jar:0.2.0]
	at org.apache.ratis.thirdparty.io.grpc.internal.ServerImpl$JumpToApplicationThreadServerStreamListener$1MessagesAvailable.runInContext(ServerImpl.java:686) [ratis-thirdparty-misc-0.2.0.jar:0.2.0]
	at org.apache.ratis.thirdparty.io.grpc.internal.ContextRunnable.run(ContextRunnable.java:37) [ratis-thirdparty-misc-0.2.0.jar:0.2.0]
	at org.apache.ratis.thirdparty.io.grpc.internal.SerializingExecutor.run(SerializingExecutor.java:123) [ratis-thirdparty-misc-0.2.0.jar:0.2.0]
	at java.util.concurrent.ThreadPoolExecutor.runWorker(ThreadPoolExecutor.java:1149) [?:1.8.0_212]
	at java.util.concurrent.ThreadPoolExecutor$Worker.run(ThreadPoolExecutor.java:624) [?:1.8.0_212]
	at java.lang.Thread.run(Thread.java:748) [?:1.8.0_212]
2019-10-15 03:31:24,589 [grpc-default-executor-11] WARN  server.GrpcLogAppender (LogUtils.java:warn(134)) - 3e1caccb-f9ab-465e-a648-53867b9772ef@group-7FB8756FF130->572ff2ee-e904-4734-b002-88c441a29bd6-AppendLogResponseHandler: Failed appendEntries: org.apache.ratis.thirdparty.io.grpc.StatusRuntimeException: UNAVAILABLE: io exception
2019-10-15 03:31:24,591 [grpc-default-executor-11] INFO  impl.FollowerInfo (FollowerInfo.java:lambda$new$0(51)) - 3e1caccb-f9ab-465e-a648-53867b9772ef@group-7FB8756FF130->572ff2ee-e904-4734-b002-88c441a29bd6: nextIndex: updateUnconditionally 2 -> 1
03:31:24.594 [grpc-default-executor-9] ERROR DNAudit - user=null | ip=null | op=WRITE_CHUNK {blockData=conID: 1 locID: 102964281980944397 bcsId: 13} | ret=FAILURE
org.apache.hadoop.hdds.scm.container.common.helpers.ContainerNotOpenException: Container 1 in CLOSING state
	at org.apache.hadoop.ozone.container.common.impl.HddsDispatcher.validateContainerCommand(HddsDispatcher.java:436) ~[hadoop-hdds-container-service-0.5.0-SNAPSHOT.jar:?]
	at org.apache.hadoop.ozone.container.common.transport.server.ratis.ContainerStateMachine.startTransaction(ContainerStateMachine.java:320) ~[hadoop-hdds-container-service-0.5.0-SNAPSHOT.jar:?]
	at org.apache.ratis.server.impl.RaftServerImpl.submitClientRequestAsync(RaftServerImpl.java:569) ~[ratis-server-0.5.0-201fc85-SNAPSHOT.jar:0.5.0-201fc85-SNAPSHOT]
	at org.apache.ratis.server.impl.RaftServerProxy.lambda$submitClientRequestAsync$7(RaftServerProxy.java:333) ~[ratis-server-0.5.0-201fc85-SNAPSHOT.jar:0.5.0-201fc85-SNAPSHOT]
	at org.apache.ratis.server.impl.RaftServerProxy.lambda$null$5(RaftServerProxy.java:328) ~[ratis-server-0.5.0-201fc85-SNAPSHOT.jar:0.5.0-201fc85-SNAPSHOT]
	at org.apache.ratis.util.JavaUtils.callAsUnchecked(JavaUtils.java:109) ~[ratis-common-0.5.0-201fc85-SNAPSHOT.jar:0.5.0-201fc85-SNAPSHOT]
	at org.apache.ratis.server.impl.RaftServerProxy.lambda$submitRequest$6(RaftServerProxy.java:328) ~[ratis-server-0.5.0-201fc85-SNAPSHOT.jar:0.5.0-201fc85-SNAPSHOT]
	at java.util.concurrent.CompletableFuture.uniComposeStage(CompletableFuture.java:981) ~[?:1.8.0_212]
	at java.util.concurrent.CompletableFuture.thenCompose(CompletableFuture.java:2124) ~[?:1.8.0_212]
	at org.apache.ratis.server.impl.RaftServerProxy.submitRequest(RaftServerProxy.java:327) ~[ratis-server-0.5.0-201fc85-SNAPSHOT.jar:0.5.0-201fc85-SNAPSHOT]
	at org.apache.ratis.server.impl.RaftServerProxy.submitClientRequestAsync(RaftServerProxy.java:333) ~[ratis-server-0.5.0-201fc85-SNAPSHOT.jar:0.5.0-201fc85-SNAPSHOT]
	at org.apache.ratis.grpc.client.GrpcClientProtocolService$RequestStreamObserver.processClientRequest(GrpcClientProtocolService.java:220) ~[ratis-grpc-0.5.0-201fc85-SNAPSHOT.jar:0.5.0-201fc85-SNAPSHOT]
	at org.apache.ratis.grpc.client.GrpcClientProtocolService$OrderedRequestStreamObserver.processClientRequest(GrpcClientProtocolService.java:326) ~[ratis-grpc-0.5.0-201fc85-SNAPSHOT.jar:0.5.0-201fc85-SNAPSHOT]
	at org.apache.ratis.util.SlidingWindow$Server.processRequestsFromHead(SlidingWindow.java:429) [ratis-common-0.5.0-201fc85-SNAPSHOT.jar:0.5.0-201fc85-SNAPSHOT]
	at org.apache.ratis.util.SlidingWindow$Server.receivedRequest(SlidingWindow.java:421) [ratis-common-0.5.0-201fc85-SNAPSHOT.jar:0.5.0-201fc85-SNAPSHOT]
	at org.apache.ratis.grpc.client.GrpcClientProtocolService$OrderedRequestStreamObserver.processClientRequest(GrpcClientProtocolService.java:345) [ratis-grpc-0.5.0-201fc85-SNAPSHOT.jar:0.5.0-201fc85-SNAPSHOT]
	at org.apache.ratis.grpc.client.GrpcClientProtocolService$RequestStreamObserver.onNext(GrpcClientProtocolService.java:240) [ratis-grpc-0.5.0-201fc85-SNAPSHOT.jar:0.5.0-201fc85-SNAPSHOT]
	at org.apache.ratis.grpc.client.GrpcClientProtocolService$RequestStreamObserver.onNext(GrpcClientProtocolService.java:168) [ratis-grpc-0.5.0-201fc85-SNAPSHOT.jar:0.5.0-201fc85-SNAPSHOT]
	at org.apache.ratis.thirdparty.io.grpc.stub.ServerCalls$StreamingServerCallHandler$StreamingServerCallListener.onMessage(ServerCalls.java:248) [ratis-thirdparty-misc-0.2.0.jar:0.2.0]
	at org.apache.ratis.thirdparty.io.grpc.internal.ServerCallImpl$ServerStreamListenerImpl.messagesAvailable(ServerCallImpl.java:263) [ratis-thirdparty-misc-0.2.0.jar:0.2.0]
	at org.apache.ratis.thirdparty.io.grpc.internal.ServerImpl$JumpToApplicationThreadServerStreamListener$1MessagesAvailable.runInContext(ServerImpl.java:686) [ratis-thirdparty-misc-0.2.0.jar:0.2.0]
	at org.apache.ratis.thirdparty.io.grpc.internal.ContextRunnable.run(ContextRunnable.java:37) [ratis-thirdparty-misc-0.2.0.jar:0.2.0]
	at org.apache.ratis.thirdparty.io.grpc.internal.SerializingExecutor.run(SerializingExecutor.java:123) [ratis-thirdparty-misc-0.2.0.jar:0.2.0]
	at java.util.concurrent.ThreadPoolExecutor.runWorker(ThreadPoolExecutor.java:1149) [?:1.8.0_212]
	at java.util.concurrent.ThreadPoolExecutor$Worker.run(ThreadPoolExecutor.java:624) [?:1.8.0_212]
	at java.lang.Thread.run(Thread.java:748) [?:1.8.0_212]
03:31:24.602 [grpc-default-executor-9] ERROR DNAudit - user=null | ip=null | op=PUT_BLOCK {blockData=[blockId=conID: 1 locID: 102964281980944397 bcsId: 0,size=650]} | ret=FAILURE
org.apache.hadoop.hdds.scm.container.common.helpers.ContainerNotOpenException: Container 1 in CLOSING state
	at org.apache.hadoop.ozone.container.common.impl.HddsDispatcher.validateContainerCommand(HddsDispatcher.java:436) ~[hadoop-hdds-container-service-0.5.0-SNAPSHOT.jar:?]
	at org.apache.hadoop.ozone.container.common.transport.server.ratis.ContainerStateMachine.startTransaction(ContainerStateMachine.java:320) ~[hadoop-hdds-container-service-0.5.0-SNAPSHOT.jar:?]
	at org.apache.ratis.server.impl.RaftServerImpl.submitClientRequestAsync(RaftServerImpl.java:569) ~[ratis-server-0.5.0-201fc85-SNAPSHOT.jar:0.5.0-201fc85-SNAPSHOT]
	at org.apache.ratis.server.impl.RaftServerProxy.lambda$submitClientRequestAsync$7(RaftServerProxy.java:333) ~[ratis-server-0.5.0-201fc85-SNAPSHOT.jar:0.5.0-201fc85-SNAPSHOT]
	at org.apache.ratis.server.impl.RaftServerProxy.lambda$null$5(RaftServerProxy.java:328) ~[ratis-server-0.5.0-201fc85-SNAPSHOT.jar:0.5.0-201fc85-SNAPSHOT]
	at org.apache.ratis.util.JavaUtils.callAsUnchecked(JavaUtils.java:109) ~[ratis-common-0.5.0-201fc85-SNAPSHOT.jar:0.5.0-201fc85-SNAPSHOT]
	at org.apache.ratis.server.impl.RaftServerProxy.lambda$submitRequest$6(RaftServerProxy.java:328) ~[ratis-server-0.5.0-201fc85-SNAPSHOT.jar:0.5.0-201fc85-SNAPSHOT]
	at java.util.concurrent.CompletableFuture.uniComposeStage(CompletableFuture.java:981) ~[?:1.8.0_212]
	at java.util.concurrent.CompletableFuture.thenCompose(CompletableFuture.java:2124) ~[?:1.8.0_212]
	at org.apache.ratis.server.impl.RaftServerProxy.submitRequest(RaftServerProxy.java:327) ~[ratis-server-0.5.0-201fc85-SNAPSHOT.jar:0.5.0-201fc85-SNAPSHOT]
	at org.apache.ratis.server.impl.RaftServerProxy.submitClientRequestAsync(RaftServerProxy.java:333) ~[ratis-server-0.5.0-201fc85-SNAPSHOT.jar:0.5.0-201fc85-SNAPSHOT]
	at org.apache.ratis.grpc.client.GrpcClientProtocolService$RequestStreamObserver.processClientRequest(GrpcClientProtocolService.java:220) ~[ratis-grpc-0.5.0-201fc85-SNAPSHOT.jar:0.5.0-201fc85-SNAPSHOT]
	at org.apache.ratis.grpc.client.GrpcClientProtocolService$OrderedRequestStreamObserver.processClientRequest(GrpcClientProtocolService.java:326) ~[ratis-grpc-0.5.0-201fc85-SNAPSHOT.jar:0.5.0-201fc85-SNAPSHOT]
	at org.apache.ratis.util.SlidingWindow$Server.processRequestsFromHead(SlidingWindow.java:429) [ratis-common-0.5.0-201fc85-SNAPSHOT.jar:0.5.0-201fc85-SNAPSHOT]
	at org.apache.ratis.util.SlidingWindow$Server.receivedRequest(SlidingWindow.java:421) [ratis-common-0.5.0-201fc85-SNAPSHOT.jar:0.5.0-201fc85-SNAPSHOT]
	at org.apache.ratis.grpc.client.GrpcClientProtocolService$OrderedRequestStreamObserver.processClientRequest(GrpcClientProtocolService.java:345) [ratis-grpc-0.5.0-201fc85-SNAPSHOT.jar:0.5.0-201fc85-SNAPSHOT]
	at org.apache.ratis.grpc.client.GrpcClientProtocolService$RequestStreamObserver.onNext(GrpcClientProtocolService.java:240) [ratis-grpc-0.5.0-201fc85-SNAPSHOT.jar:0.5.0-201fc85-SNAPSHOT]
	at org.apache.ratis.grpc.client.GrpcClientProtocolService$RequestStreamObserver.onNext(GrpcClientProtocolService.java:168) [ratis-grpc-0.5.0-201fc85-SNAPSHOT.jar:0.5.0-201fc85-SNAPSHOT]
	at org.apache.ratis.thirdparty.io.grpc.stub.ServerCalls$StreamingServerCallHandler$StreamingServerCallListener.onMessage(ServerCalls.java:248) [ratis-thirdparty-misc-0.2.0.jar:0.2.0]
	at org.apache.ratis.thirdparty.io.grpc.internal.ServerCallImpl$ServerStreamListenerImpl.messagesAvailable(ServerCallImpl.java:263) [ratis-thirdparty-misc-0.2.0.jar:0.2.0]
	at org.apache.ratis.thirdparty.io.grpc.internal.ServerImpl$JumpToApplicationThreadServerStreamListener$1MessagesAvailable.runInContext(ServerImpl.java:686) [ratis-thirdparty-misc-0.2.0.jar:0.2.0]
	at org.apache.ratis.thirdparty.io.grpc.internal.ContextRunnable.run(ContextRunnable.java:37) [ratis-thirdparty-misc-0.2.0.jar:0.2.0]
	at org.apache.ratis.thirdparty.io.grpc.internal.SerializingExecutor.run(SerializingExecutor.java:123) [ratis-thirdparty-misc-0.2.0.jar:0.2.0]
	at java.util.concurrent.ThreadPoolExecutor.runWorker(ThreadPoolExecutor.java:1149) [?:1.8.0_212]
	at java.util.concurrent.ThreadPoolExecutor$Worker.run(ThreadPoolExecutor.java:624) [?:1.8.0_212]
	at java.lang.Thread.run(Thread.java:748) [?:1.8.0_212]
03:31:24.607 [grpc-default-executor-9] ERROR DNAudit - user=null | ip=null | op=WRITE_CHUNK {blockData=conID: 1 locID: 102964281980944397 bcsId: 13} | ret=FAILURE
org.apache.hadoop.hdds.scm.container.common.helpers.ContainerNotOpenException: Container 1 in CLOSING state
	at org.apache.hadoop.ozone.container.common.impl.HddsDispatcher.validateContainerCommand(HddsDispatcher.java:436) ~[hadoop-hdds-container-service-0.5.0-SNAPSHOT.jar:?]
	at org.apache.hadoop.ozone.container.common.transport.server.ratis.ContainerStateMachine.startTransaction(ContainerStateMachine.java:320) ~[hadoop-hdds-container-service-0.5.0-SNAPSHOT.jar:?]
	at org.apache.ratis.server.impl.RaftServerImpl.submitClientRequestAsync(RaftServerImpl.java:569) ~[ratis-server-0.5.0-201fc85-SNAPSHOT.jar:0.5.0-201fc85-SNAPSHOT]
	at org.apache.ratis.server.impl.RaftServerProxy.lambda$submitClientRequestAsync$7(RaftServerProxy.java:333) ~[ratis-server-0.5.0-201fc85-SNAPSHOT.jar:0.5.0-201fc85-SNAPSHOT]
	at org.apache.ratis.server.impl.RaftServerProxy.lambda$null$5(RaftServerProxy.java:328) ~[ratis-server-0.5.0-201fc85-SNAPSHOT.jar:0.5.0-201fc85-SNAPSHOT]
	at org.apache.ratis.util.JavaUtils.callAsUnchecked(JavaUtils.java:109) ~[ratis-common-0.5.0-201fc85-SNAPSHOT.jar:0.5.0-201fc85-SNAPSHOT]
	at org.apache.ratis.server.impl.RaftServerProxy.lambda$submitRequest$6(RaftServerProxy.java:328) ~[ratis-server-0.5.0-201fc85-SNAPSHOT.jar:0.5.0-201fc85-SNAPSHOT]
	at java.util.concurrent.CompletableFuture.uniComposeStage(CompletableFuture.java:981) ~[?:1.8.0_212]
	at java.util.concurrent.CompletableFuture.thenCompose(CompletableFuture.java:2124) ~[?:1.8.0_212]
	at org.apache.ratis.server.impl.RaftServerProxy.submitRequest(RaftServerProxy.java:327) ~[ratis-server-0.5.0-201fc85-SNAPSHOT.jar:0.5.0-201fc85-SNAPSHOT]
	at org.apache.ratis.server.impl.RaftServerProxy.submitClientRequestAsync(RaftServerProxy.java:333) ~[ratis-server-0.5.0-201fc85-SNAPSHOT.jar:0.5.0-201fc85-SNAPSHOT]
	at org.apache.ratis.grpc.client.GrpcClientProtocolService$RequestStreamObserver.processClientRequest(GrpcClientProtocolService.java:220) ~[ratis-grpc-0.5.0-201fc85-SNAPSHOT.jar:0.5.0-201fc85-SNAPSHOT]
	at org.apache.ratis.grpc.client.GrpcClientProtocolService$OrderedRequestStreamObserver.processClientRequest(GrpcClientProtocolService.java:326) ~[ratis-grpc-0.5.0-201fc85-SNAPSHOT.jar:0.5.0-201fc85-SNAPSHOT]
	at org.apache.ratis.util.SlidingWindow$Server.processRequestsFromHead(SlidingWindow.java:429) [ratis-common-0.5.0-201fc85-SNAPSHOT.jar:0.5.0-201fc85-SNAPSHOT]
	at org.apache.ratis.util.SlidingWindow$Server.receivedRequest(SlidingWindow.java:421) [ratis-common-0.5.0-201fc85-SNAPSHOT.jar:0.5.0-201fc85-SNAPSHOT]
	at org.apache.ratis.grpc.client.GrpcClientProtocolService$OrderedRequestStreamObserver.processClientRequest(GrpcClientProtocolService.java:345) [ratis-grpc-0.5.0-201fc85-SNAPSHOT.jar:0.5.0-201fc85-SNAPSHOT]
	at org.apache.ratis.grpc.client.GrpcClientProtocolService$RequestStreamObserver.onNext(GrpcClientProtocolService.java:240) [ratis-grpc-0.5.0-201fc85-SNAPSHOT.jar:0.5.0-201fc85-SNAPSHOT]
	at org.apache.ratis.grpc.client.GrpcClientProtocolService$RequestStreamObserver.onNext(GrpcClientProtocolService.java:168) [ratis-grpc-0.5.0-201fc85-SNAPSHOT.jar:0.5.0-201fc85-SNAPSHOT]
	at org.apache.ratis.thirdparty.io.grpc.stub.ServerCalls$StreamingServerCallHandler$StreamingServerCallListener.onMessage(ServerCalls.java:248) [ratis-thirdparty-misc-0.2.0.jar:0.2.0]
	at org.apache.ratis.thirdparty.io.grpc.internal.ServerCallImpl$ServerStreamListenerImpl.messagesAvailable(ServerCallImpl.java:263) [ratis-thirdparty-misc-0.2.0.jar:0.2.0]
	at org.apache.ratis.thirdparty.io.grpc.internal.ServerImpl$JumpToApplicationThreadServerStreamListener$1MessagesAvailable.runInContext(ServerImpl.java:686) [ratis-thirdparty-misc-0.2.0.jar:0.2.0]
	at org.apache.ratis.thirdparty.io.grpc.internal.ContextRunnable.run(ContextRunnable.java:37) [ratis-thirdparty-misc-0.2.0.jar:0.2.0]
	at org.apache.ratis.thirdparty.io.grpc.internal.SerializingExecutor.run(SerializingExecutor.java:123) [ratis-thirdparty-misc-0.2.0.jar:0.2.0]
	at java.util.concurrent.ThreadPoolExecutor.runWorker(ThreadPoolExecutor.java:1149) [?:1.8.0_212]
	at java.util.concurrent.ThreadPoolExecutor$Worker.run(ThreadPoolExecutor.java:624) [?:1.8.0_212]
	at java.lang.Thread.run(Thread.java:748) [?:1.8.0_212]
03:31:24.608 [grpc-default-executor-9] ERROR DNAudit - user=null | ip=null | op=WRITE_CHUNK {blockData=conID: 1 locID: 102964281980944397 bcsId: 13} | ret=FAILURE
org.apache.hadoop.hdds.scm.container.common.helpers.ContainerNotOpenException: Container 1 in CLOSING state
	at org.apache.hadoop.ozone.container.common.impl.HddsDispatcher.validateContainerCommand(HddsDispatcher.java:436) ~[hadoop-hdds-container-service-0.5.0-SNAPSHOT.jar:?]
	at org.apache.hadoop.ozone.container.common.transport.server.ratis.ContainerStateMachine.startTransaction(ContainerStateMachine.java:320) ~[hadoop-hdds-container-service-0.5.0-SNAPSHOT.jar:?]
	at org.apache.ratis.server.impl.RaftServerImpl.submitClientRequestAsync(RaftServerImpl.java:569) ~[ratis-server-0.5.0-201fc85-SNAPSHOT.jar:0.5.0-201fc85-SNAPSHOT]
	at org.apache.ratis.server.impl.RaftServerProxy.lambda$submitClientRequestAsync$7(RaftServerProxy.java:333) ~[ratis-server-0.5.0-201fc85-SNAPSHOT.jar:0.5.0-201fc85-SNAPSHOT]
	at org.apache.ratis.server.impl.RaftServerProxy.lambda$null$5(RaftServerProxy.java:328) ~[ratis-server-0.5.0-201fc85-SNAPSHOT.jar:0.5.0-201fc85-SNAPSHOT]
	at org.apache.ratis.util.JavaUtils.callAsUnchecked(JavaUtils.java:109) ~[ratis-common-0.5.0-201fc85-SNAPSHOT.jar:0.5.0-201fc85-SNAPSHOT]
	at org.apache.ratis.server.impl.RaftServerProxy.lambda$submitRequest$6(RaftServerProxy.java:328) ~[ratis-server-0.5.0-201fc85-SNAPSHOT.jar:0.5.0-201fc85-SNAPSHOT]
	at java.util.concurrent.CompletableFuture.uniComposeStage(CompletableFuture.java:981) ~[?:1.8.0_212]
	at java.util.concurrent.CompletableFuture.thenCompose(CompletableFuture.java:2124) ~[?:1.8.0_212]
	at org.apache.ratis.server.impl.RaftServerProxy.submitRequest(RaftServerProxy.java:327) ~[ratis-server-0.5.0-201fc85-SNAPSHOT.jar:0.5.0-201fc85-SNAPSHOT]
	at org.apache.ratis.server.impl.RaftServerProxy.submitClientRequestAsync(RaftServerProxy.java:333) ~[ratis-server-0.5.0-201fc85-SNAPSHOT.jar:0.5.0-201fc85-SNAPSHOT]
	at org.apache.ratis.grpc.client.GrpcClientProtocolService$RequestStreamObserver.processClientRequest(GrpcClientProtocolService.java:220) ~[ratis-grpc-0.5.0-201fc85-SNAPSHOT.jar:0.5.0-201fc85-SNAPSHOT]
	at org.apache.ratis.grpc.client.GrpcClientProtocolService$OrderedRequestStreamObserver.processClientRequest(GrpcClientProtocolService.java:326) ~[ratis-grpc-0.5.0-201fc85-SNAPSHOT.jar:0.5.0-201fc85-SNAPSHOT]
	at org.apache.ratis.util.SlidingWindow$Server.processRequestsFromHead(SlidingWindow.java:429) [ratis-common-0.5.0-201fc85-SNAPSHOT.jar:0.5.0-201fc85-SNAPSHOT]
	at org.apache.ratis.util.SlidingWindow$Server.receivedRequest(SlidingWindow.java:421) [ratis-common-0.5.0-201fc85-SNAPSHOT.jar:0.5.0-201fc85-SNAPSHOT]
	at org.apache.ratis.grpc.client.GrpcClientProtocolService$OrderedRequestStreamObserver.processClientRequest(GrpcClientProtocolService.java:345) [ratis-grpc-0.5.0-201fc85-SNAPSHOT.jar:0.5.0-201fc85-SNAPSHOT]
	at org.apache.ratis.grpc.client.GrpcClientProtocolService$RequestStreamObserver.onNext(GrpcClientProtocolService.java:240) [ratis-grpc-0.5.0-201fc85-SNAPSHOT.jar:0.5.0-201fc85-SNAPSHOT]
	at org.apache.ratis.grpc.client.GrpcClientProtocolService$RequestStreamObserver.onNext(GrpcClientProtocolService.java:168) [ratis-grpc-0.5.0-201fc85-SNAPSHOT.jar:0.5.0-201fc85-SNAPSHOT]
	at org.apache.ratis.thirdparty.io.grpc.stub.ServerCalls$StreamingServerCallHandler$StreamingServerCallListener.onMessage(ServerCalls.java:248) [ratis-thirdparty-misc-0.2.0.jar:0.2.0]
	at org.apache.ratis.thirdparty.io.grpc.internal.ServerCallImpl$ServerStreamListenerImpl.messagesAvailable(ServerCallImpl.java:263) [ratis-thirdparty-misc-0.2.0.jar:0.2.0]
	at org.apache.ratis.thirdparty.io.grpc.internal.ServerImpl$JumpToApplicationThreadServerStreamListener$1MessagesAvailable.runInContext(ServerImpl.java:686) [ratis-thirdparty-misc-0.2.0.jar:0.2.0]
	at org.apache.ratis.thirdparty.io.grpc.internal.ContextRunnable.run(ContextRunnable.java:37) [ratis-thirdparty-misc-0.2.0.jar:0.2.0]
	at org.apache.ratis.thirdparty.io.grpc.internal.SerializingExecutor.run(SerializingExecutor.java:123) [ratis-thirdparty-misc-0.2.0.jar:0.2.0]
	at java.util.concurrent.ThreadPoolExecutor.runWorker(ThreadPoolExecutor.java:1149) [?:1.8.0_212]
	at java.util.concurrent.ThreadPoolExecutor$Worker.run(ThreadPoolExecutor.java:624) [?:1.8.0_212]
	at java.lang.Thread.run(Thread.java:748) [?:1.8.0_212]
03:31:24.617 [grpc-default-executor-9] ERROR DNAudit - user=null | ip=null | op=PUT_BLOCK {blockData=[blockId=conID: 1 locID: 102964281980944397 bcsId: 0,size=800]} | ret=FAILURE
org.apache.hadoop.hdds.scm.container.common.helpers.ContainerNotOpenException: Container 1 in CLOSING state
	at org.apache.hadoop.ozone.container.common.impl.HddsDispatcher.validateContainerCommand(HddsDispatcher.java:436) ~[hadoop-hdds-container-service-0.5.0-SNAPSHOT.jar:?]
	at org.apache.hadoop.ozone.container.common.transport.server.ratis.ContainerStateMachine.startTransaction(ContainerStateMachine.java:320) ~[hadoop-hdds-container-service-0.5.0-SNAPSHOT.jar:?]
	at org.apache.ratis.server.impl.RaftServerImpl.submitClientRequestAsync(RaftServerImpl.java:569) ~[ratis-server-0.5.0-201fc85-SNAPSHOT.jar:0.5.0-201fc85-SNAPSHOT]
	at org.apache.ratis.server.impl.RaftServerProxy.lambda$submitClientRequestAsync$7(RaftServerProxy.java:333) ~[ratis-server-0.5.0-201fc85-SNAPSHOT.jar:0.5.0-201fc85-SNAPSHOT]
	at org.apache.ratis.server.impl.RaftServerProxy.lambda$null$5(RaftServerProxy.java:328) ~[ratis-server-0.5.0-201fc85-SNAPSHOT.jar:0.5.0-201fc85-SNAPSHOT]
	at org.apache.ratis.util.JavaUtils.callAsUnchecked(JavaUtils.java:109) ~[ratis-common-0.5.0-201fc85-SNAPSHOT.jar:0.5.0-201fc85-SNAPSHOT]
	at org.apache.ratis.server.impl.RaftServerProxy.lambda$submitRequest$6(RaftServerProxy.java:328) ~[ratis-server-0.5.0-201fc85-SNAPSHOT.jar:0.5.0-201fc85-SNAPSHOT]
	at java.util.concurrent.CompletableFuture.uniComposeStage(CompletableFuture.java:981) ~[?:1.8.0_212]
	at java.util.concurrent.CompletableFuture.thenCompose(CompletableFuture.java:2124) ~[?:1.8.0_212]
	at org.apache.ratis.server.impl.RaftServerProxy.submitRequest(RaftServerProxy.java:327) ~[ratis-server-0.5.0-201fc85-SNAPSHOT.jar:0.5.0-201fc85-SNAPSHOT]
	at org.apache.ratis.server.impl.RaftServerProxy.submitClientRequestAsync(RaftServerProxy.java:333) ~[ratis-server-0.5.0-201fc85-SNAPSHOT.jar:0.5.0-201fc85-SNAPSHOT]
	at org.apache.ratis.grpc.client.GrpcClientProtocolService$RequestStreamObserver.processClientRequest(GrpcClientProtocolService.java:220) ~[ratis-grpc-0.5.0-201fc85-SNAPSHOT.jar:0.5.0-201fc85-SNAPSHOT]
	at org.apache.ratis.grpc.client.GrpcClientProtocolService$OrderedRequestStreamObserver.processClientRequest(GrpcClientProtocolService.java:326) ~[ratis-grpc-0.5.0-201fc85-SNAPSHOT.jar:0.5.0-201fc85-SNAPSHOT]
	at org.apache.ratis.util.SlidingWindow$Server.processRequestsFromHead(SlidingWindow.java:429) [ratis-common-0.5.0-201fc85-SNAPSHOT.jar:0.5.0-201fc85-SNAPSHOT]
	at org.apache.ratis.util.SlidingWindow$Server.receivedRequest(SlidingWindow.java:421) [ratis-common-0.5.0-201fc85-SNAPSHOT.jar:0.5.0-201fc85-SNAPSHOT]
	at org.apache.ratis.grpc.client.GrpcClientProtocolService$OrderedRequestStreamObserver.processClientRequest(GrpcClientProtocolService.java:345) [ratis-grpc-0.5.0-201fc85-SNAPSHOT.jar:0.5.0-201fc85-SNAPSHOT]
	at org.apache.ratis.grpc.client.GrpcClientProtocolService$RequestStreamObserver.onNext(GrpcClientProtocolService.java:240) [ratis-grpc-0.5.0-201fc85-SNAPSHOT.jar:0.5.0-201fc85-SNAPSHOT]
	at org.apache.ratis.grpc.client.GrpcClientProtocolService$RequestStreamObserver.onNext(GrpcClientProtocolService.java:168) [ratis-grpc-0.5.0-201fc85-SNAPSHOT.jar:0.5.0-201fc85-SNAPSHOT]
	at org.apache.ratis.thirdparty.io.grpc.stub.ServerCalls$StreamingServerCallHandler$StreamingServerCallListener.onMessage(ServerCalls.java:248) [ratis-thirdparty-misc-0.2.0.jar:0.2.0]
	at org.apache.ratis.thirdparty.io.grpc.internal.ServerCallImpl$ServerStreamListenerImpl.messagesAvailable(ServerCallImpl.java:263) [ratis-thirdparty-misc-0.2.0.jar:0.2.0]
	at org.apache.ratis.thirdparty.io.grpc.internal.ServerImpl$JumpToApplicationThreadServerStreamListener$1MessagesAvailable.runInContext(ServerImpl.java:686) [ratis-thirdparty-misc-0.2.0.jar:0.2.0]
	at org.apache.ratis.thirdparty.io.grpc.internal.ContextRunnable.run(ContextRunnable.java:37) [ratis-thirdparty-misc-0.2.0.jar:0.2.0]
	at org.apache.ratis.thirdparty.io.grpc.internal.SerializingExecutor.run(SerializingExecutor.java:123) [ratis-thirdparty-misc-0.2.0.jar:0.2.0]
	at java.util.concurrent.ThreadPoolExecutor.runWorker(ThreadPoolExecutor.java:1149) [?:1.8.0_212]
	at java.util.concurrent.ThreadPoolExecutor$Worker.run(ThreadPoolExecutor.java:624) [?:1.8.0_212]
	at java.lang.Thread.run(Thread.java:748) [?:1.8.0_212]
2019-10-15 03:31:25,127 [main] INFO  ozone.MiniOzoneClusterImpl (MiniOzoneClusterImpl.java:shutdown(314)) - Shutting down the Mini Ozone Cluster
2019-10-15 03:31:25,127 [main] INFO  ozone.MiniOzoneClusterImpl (MiniOzoneClusterImpl.java:stop(330)) - Stopping the Mini Ozone Cluster
2019-10-15 03:31:25,127 [main] INFO  ozone.MiniOzoneClusterImpl (MiniOzoneClusterImpl.java:stopOM(400)) - Stopping the OzoneManager
2019-10-15 03:31:25,128 [main] INFO  ipc.Server (Server.java:stop(3082)) - Stopping server on 44126
2019-10-15 03:31:25,130 [IPC Server listener on 44126] INFO  ipc.Server (Server.java:run(1185)) - Stopping IPC Server listener on 44126
2019-10-15 03:31:25,143 [main] INFO  ratis.OzoneManagerDoubleBuffer (OzoneManagerDoubleBuffer.java:stop(250)) - Stopping OMDoubleBuffer flush thread
2019-10-15 03:31:25,143 [IPC Server Responder] INFO  ipc.Server (Server.java:run(1319)) - Stopping IPC Server Responder
2019-10-15 03:31:25,151 [OMDoubleBufferFlushThread] INFO  ratis.OzoneManagerDoubleBuffer (OzoneManagerDoubleBuffer.java:flushTransactions(193)) - OMDoubleBuffer flush thread OMDoubleBufferFlushThread is interrupted and will exit. OMDoubleBufferFlushThread
2019-10-15 03:31:25,152 [main] INFO  utils.BackgroundService (BackgroundService.java:shutdown(151)) - Shutting down service KeyDeletingService
2019-10-15 03:31:25,153 [main] INFO  handler.ContextHandler (ContextHandler.java:doStop(910)) - Stopped o.e.j.w.WebAppContext@66e341e9{/,null,UNAVAILABLE}{/ozoneManager}
2019-10-15 03:31:25,153 [main] INFO  server.AbstractConnector (AbstractConnector.java:doStop(318)) - Stopped ServerConnector@5b48f0f4{HTTP/1.1,[http/1.1]}{0.0.0.0:0}
2019-10-15 03:31:25,154 [main] INFO  handler.ContextHandler (ContextHandler.java:doStop(910)) - Stopped o.e.j.s.ServletContextHandler@530ee28b{/static,file:///workdir/hadoop-ozone/integration-test/target/test-classes/webapps/static,UNAVAILABLE}
2019-10-15 03:31:25,154 [main] INFO  handler.ContextHandler (ContextHandler.java:doStop(910)) - Stopped o.e.j.s.ServletContextHandler@29bbc391{/logs,file:///workdir/hadoop-ozone/integration-test/target/log,UNAVAILABLE}
2019-10-15 03:31:25,156 [main] INFO  ozone.MiniOzoneClusterImpl (MiniOzoneClusterImpl.java:stopDatanodes(377)) - Stopping the HddsDatanodes
2019-10-15 03:31:25,802 [Datanode State Machine Thread - 0] INFO  statemachine.DatanodeStateMachine (DatanodeStateMachine.java:lambda$startDaemon$0(350)) - Ozone container server started.
2019-10-15 03:31:26,073 [Datanode State Machine Thread - 0] INFO  statemachine.DatanodeStateMachine (DatanodeStateMachine.java:lambda$startDaemon$0(350)) - Ozone container server started.
2019-10-15 03:31:27,090 [grpc-default-executor-10] WARN  server.GrpcLogAppender (LogUtils.java:warn(134)) - 3e1caccb-f9ab-465e-a648-53867b9772ef@group-7FB8756FF130->572ff2ee-e904-4734-b002-88c441a29bd6-AppendLogResponseHandler: Failed appendEntries: org.apache.ratis.thirdparty.io.grpc.StatusRuntimeException: UNAVAILABLE: io exception
2019-10-15 03:31:27,090 [grpc-default-executor-10] INFO  impl.FollowerInfo (FollowerInfo.java:lambda$new$0(51)) - 3e1caccb-f9ab-465e-a648-53867b9772ef@group-7FB8756FF130->572ff2ee-e904-4734-b002-88c441a29bd6: nextIndex: updateUnconditionally 1 -> 0
2019-10-15 03:31:29,593 [grpc-default-executor-8] WARN  server.GrpcLogAppender (LogUtils.java:warn(134)) - 3e1caccb-f9ab-465e-a648-53867b9772ef@group-7FB8756FF130->572ff2ee-e904-4734-b002-88c441a29bd6-AppendLogResponseHandler: Failed appendEntries: org.apache.ratis.thirdparty.io.grpc.StatusRuntimeException: UNAVAILABLE: io exception
2019-10-15 03:31:29,594 [grpc-default-executor-8] INFO  impl.FollowerInfo (FollowerInfo.java:lambda$new$0(51)) - 3e1caccb-f9ab-465e-a648-53867b9772ef@group-7FB8756FF130->572ff2ee-e904-4734-b002-88c441a29bd6: nextIndex: updateUnconditionally 0 -> 0
2019-10-15 03:31:29,834 [EventQueue-StaleNodeForStaleNodeHandler] INFO  node.StaleNodeHandler (StaleNodeHandler.java:onMessage(58)) - Datanode 1c63e32b-895e-4973-a222-476310241caa{ip: 192.168.157.236, host: pr-hdds-2278-dv8k5-3424803466, networkLocation: /default-rack, certSerialId: null} moved to stale state. Finalizing its pipelines [PipelineID=0528a2f4-ed4d-4e3f-8403-3a7f5633e5d5, PipelineID=64b28bd8-2e20-4641-808e-b98709856b20]
2019-10-15 03:31:29,835 [EventQueue-StaleNodeForStaleNodeHandler] INFO  pipeline.SCMPipelineManager (SCMPipelineManager.java:finalizeAndDestroyPipeline(315)) - destroying pipeline:Pipeline[ Id: 0528a2f4-ed4d-4e3f-8403-3a7f5633e5d5, Nodes: 1c63e32b-895e-4973-a222-476310241caa{ip: 192.168.157.236, host: pr-hdds-2278-dv8k5-3424803466, networkLocation: /default-rack, certSerialId: null}, Type:RATIS, Factor:ONE, State:OPEN]
2019-10-15 03:31:29,835 [EventQueue-StaleNodeForStaleNodeHandler] INFO  pipeline.PipelineStateManager (PipelineStateManager.java:finalizePipeline(123)) - Pipeline Pipeline[ Id: 0528a2f4-ed4d-4e3f-8403-3a7f5633e5d5, Nodes: 1c63e32b-895e-4973-a222-476310241caa{ip: 192.168.157.236, host: pr-hdds-2278-dv8k5-3424803466, networkLocation: /default-rack, certSerialId: null}, Type:RATIS, Factor:ONE, State:CLOSED] moved to CLOSED state
2019-10-15 03:31:29,836 [EventQueue-StaleNodeForStaleNodeHandler] INFO  pipeline.SCMPipelineManager (SCMPipelineManager.java:finalizeAndDestroyPipeline(315)) - destroying pipeline:Pipeline[ Id: 64b28bd8-2e20-4641-808e-b98709856b20, Nodes: 62bb45c5-64cf-4b95-a2f8-324b07832301{ip: 192.168.157.236, host: pr-hdds-2278-dv8k5-3424803466, networkLocation: /default-rack, certSerialId: null}ad766340-60fb-4b57-8988-b95b42609151{ip: 192.168.157.236, host: pr-hdds-2278-dv8k5-3424803466, networkLocation: /default-rack, certSerialId: null}1c63e32b-895e-4973-a222-476310241caa{ip: 192.168.157.236, host: pr-hdds-2278-dv8k5-3424803466, networkLocation: /default-rack, certSerialId: null}, Type:RATIS, Factor:THREE, State:OPEN]
2019-10-15 03:31:29,836 [EventQueue-StaleNodeForStaleNodeHandler] INFO  pipeline.PipelineStateManager (PipelineStateManager.java:finalizePipeline(123)) - Pipeline Pipeline[ Id: 64b28bd8-2e20-4641-808e-b98709856b20, Nodes: 62bb45c5-64cf-4b95-a2f8-324b07832301{ip: 192.168.157.236, host: pr-hdds-2278-dv8k5-3424803466, networkLocation: /default-rack, certSerialId: null}ad766340-60fb-4b57-8988-b95b42609151{ip: 192.168.157.236, host: pr-hdds-2278-dv8k5-3424803466, networkLocation: /default-rack, certSerialId: null}1c63e32b-895e-4973-a222-476310241caa{ip: 192.168.157.236, host: pr-hdds-2278-dv8k5-3424803466, networkLocation: /default-rack, certSerialId: null}, Type:RATIS, Factor:THREE, State:CLOSED] moved to CLOSED state
2019-10-15 03:31:29,836 [EventQueue-CloseContainerForCloseContainerEventHandler] INFO  container.CloseContainerEventHandler (CloseContainerEventHandler.java:onMessage(61)) - Close container Event triggered for container : #2
2019-10-15 03:31:30,135 [EventQueue-StaleNodeForStaleNodeHandler] INFO  node.StaleNodeHandler (StaleNodeHandler.java:onMessage(58)) - Datanode 3e1caccb-f9ab-465e-a648-53867b9772ef{ip: 192.168.157.236, host: pr-hdds-2278-dv8k5-3424803466, networkLocation: /default-rack, certSerialId: null} moved to stale state. Finalizing its pipelines [PipelineID=0f5f8057-2ac4-42f5-a277-7fb8756ff130, PipelineID=6c8aa01b-a7aa-4998-aa34-f1bcd244e8f5]
2019-10-15 03:31:30,143 [EventQueue-StaleNodeForStaleNodeHandler] INFO  pipeline.SCMPipelineManager (SCMPipelineManager.java:finalizeAndDestroyPipeline(315)) - destroying pipeline:Pipeline[ Id: 0f5f8057-2ac4-42f5-a277-7fb8756ff130, Nodes: 572ff2ee-e904-4734-b002-88c441a29bd6{ip: 192.168.157.236, host: pr-hdds-2278-dv8k5-3424803466, networkLocation: /default-rack, certSerialId: null}3e1caccb-f9ab-465e-a648-53867b9772ef{ip: 192.168.157.236, host: pr-hdds-2278-dv8k5-3424803466, networkLocation: /default-rack, certSerialId: null}251ee4cd-b9df-4f77-8c52-c5e9eff662c2{ip: 192.168.157.236, host: pr-hdds-2278-dv8k5-3424803466, networkLocation: /default-rack, certSerialId: null}, Type:RATIS, Factor:THREE, State:CLOSED]
2019-10-15 03:31:30,143 [EventQueue-StaleNodeForStaleNodeHandler] INFO  pipeline.SCMPipelineManager (SCMPipelineManager.java:finalizeAndDestroyPipeline(315)) - destroying pipeline:Pipeline[ Id: 6c8aa01b-a7aa-4998-aa34-f1bcd244e8f5, Nodes: 3e1caccb-f9ab-465e-a648-53867b9772ef{ip: 192.168.157.236, host: pr-hdds-2278-dv8k5-3424803466, networkLocation: /default-rack, certSerialId: null}, Type:RATIS, Factor:ONE, State:OPEN]
2019-10-15 03:31:30,143 [EventQueue-StaleNodeForStaleNodeHandler] INFO  pipeline.PipelineStateManager (PipelineStateManager.java:finalizePipeline(123)) - Pipeline Pipeline[ Id: 6c8aa01b-a7aa-4998-aa34-f1bcd244e8f5, Nodes: 3e1caccb-f9ab-465e-a648-53867b9772ef{ip: 192.168.157.236, host: pr-hdds-2278-dv8k5-3424803466, networkLocation: /default-rack, certSerialId: null}, Type:RATIS, Factor:ONE, State:CLOSED] moved to CLOSED state
2019-10-15 03:31:30,157 [main] INFO  ozoneimpl.OzoneContainer (OzoneContainer.java:stop(227)) - Attempting to stop container services.
2019-10-15 03:31:30,157 [ForkJoinPool.commonPool-worker-1] INFO  ozoneimpl.OzoneContainer (OzoneContainer.java:stop(227)) - Attempting to stop container services.
2019-10-15 03:31:30,160 [ForkJoinPool.commonPool-worker-1] INFO  impl.RaftServerProxy (RaftServerProxy.java:lambda$close$4(314)) - 1c63e32b-895e-4973-a222-476310241caa: close
2019-10-15 03:31:30,160 [main] INFO  impl.RaftServerProxy (RaftServerProxy.java:lambda$close$4(314)) - 3e1caccb-f9ab-465e-a648-53867b9772ef: close
2019-10-15 03:31:30,161 [ForkJoinPool.commonPool-worker-1] INFO  impl.RaftServerImpl (RaftServerImpl.java:lambda$shutdown$3(247)) - 1c63e32b-895e-4973-a222-476310241caa@group-3A7F5633E5D5: shutdown
2019-10-15 03:31:30,161 [main] INFO  impl.RaftServerImpl (RaftServerImpl.java:lambda$shutdown$3(247)) - 3e1caccb-f9ab-465e-a648-53867b9772ef@group-7FB8756FF130: shutdown
2019-10-15 03:31:30,161 [ForkJoinPool.commonPool-worker-1] INFO  util.JmxRegister (JmxRegister.java:unregister(73)) - Successfully un-registered JMX Bean with object name Ratis:service=RaftServer,group=group-3A7F5633E5D5,id=1c63e32b-895e-4973-a222-476310241caa
2019-10-15 03:31:30,161 [main] INFO  util.JmxRegister (JmxRegister.java:unregister(73)) - Successfully un-registered JMX Bean with object name Ratis:service=RaftServer,group=group-7FB8756FF130,id=3e1caccb-f9ab-465e-a648-53867b9772ef
2019-10-15 03:31:30,161 [ForkJoinPool.commonPool-worker-1] INFO  impl.RoleInfo (RoleInfo.java:shutdownLeaderState(104)) - 1c63e32b-895e-4973-a222-476310241caa: shutdown LeaderState
2019-10-15 03:31:30,162 [main] INFO  impl.RoleInfo (RoleInfo.java:shutdownLeaderState(104)) - 3e1caccb-f9ab-465e-a648-53867b9772ef: shutdown LeaderState
2019-10-15 03:31:30,162 [ForkJoinPool.commonPool-worker-1] INFO  impl.PendingRequests (PendingRequests.java:sendNotLeaderResponses(202)) - 1c63e32b-895e-4973-a222-476310241caa@group-3A7F5633E5D5-PendingRequests: sendNotLeaderResponses
2019-10-15 03:31:30,166 [main] INFO  impl.PendingRequests (PendingRequests.java:sendNotLeaderResponses(202)) - 3e1caccb-f9ab-465e-a648-53867b9772ef@group-7FB8756FF130-PendingRequests: sendNotLeaderResponses
2019-10-15 03:31:30,166 [ForkJoinPool.commonPool-worker-1] INFO  impl.StateMachineUpdater (StateMachineUpdater.java:stopAndJoin(136)) - 1c63e32b-895e-4973-a222-476310241caa@group-3A7F5633E5D5-StateMachineUpdater: set stopIndex = 0
2019-10-15 03:31:30,166 [org.apache.ratis.server.impl.LogAppender$AppenderDaemon$$Lambda$517/1822991427@60c57355] WARN  server.GrpcLogAppender (GrpcLogAppender.java:mayWait(143)) - 3e1caccb-f9ab-465e-a648-53867b9772ef@group-7FB8756FF130->251ee4cd-b9df-4f77-8c52-c5e9eff662c2-GrpcLogAppender: Wait interrupted by java.lang.InterruptedException
2019-10-15 03:31:30,166 [org.apache.ratis.server.impl.LogAppender$AppenderDaemon$$Lambda$517/1822991427@4b301f9c] WARN  server.GrpcLogAppender (GrpcLogAppender.java:mayWait(143)) - 3e1caccb-f9ab-465e-a648-53867b9772ef@group-7FB8756FF130->572ff2ee-e904-4734-b002-88c441a29bd6-GrpcLogAppender: Wait interrupted by java.lang.InterruptedException
2019-10-15 03:31:30,167 [main] INFO  impl.StateMachineUpdater (StateMachineUpdater.java:stopAndJoin(136)) - 3e1caccb-f9ab-465e-a648-53867b9772ef@group-7FB8756FF130-StateMachineUpdater: set stopIndex = 17
2019-10-15 03:31:30,167 [ForkJoinPool.commonPool-worker-1] INFO  impl.RaftServerImpl (ServerState.java:close(387)) - 1c63e32b-895e-4973-a222-476310241caa@group-3A7F5633E5D5: closes. applyIndex: 0
2019-10-15 03:31:30,168 [grpc-default-executor-8] INFO  server.GrpcServerProtocolService (GrpcServerProtocolService.java:onCompleted(113)) - 251ee4cd-b9df-4f77-8c52-c5e9eff662c2: Completed APPEND_ENTRIES, lastRequest: 3e1caccb-f9ab-465e-a648-53867b9772ef->251ee4cd-b9df-4f77-8c52-c5e9eff662c2#4-t3, previous=(t:3, i:17), leaderCommit=17, initializing? false, entries: <empty>
2019-10-15 03:31:30,167 [3e1caccb-f9ab-465e-a648-53867b9772ef@group-7FB8756FF130-StateMachineUpdater] INFO  ratis.ContainerStateMachine (ContainerStateMachine.java:takeSnapshot(294)) - group-7FB8756FF130: Taking a snapshot at:(t:2, i:13) file /workdir/hadoop-ozone/integration-test/target/test-dir/MiniOzoneClusterImpl-5622c653-33f5-44d9-9ba1-ef695601b467/datanode-4/data/ratis/0f5f8057-2ac4-42f5-a277-7fb8756ff130/sm/snapshot.2_13
2019-10-15 03:31:30,168 [1c63e32b-895e-4973-a222-476310241caa@group-3A7F5633E5D5-SegmentedRaftLogWorker] INFO  segmented.SegmentedRaftLogWorker (SegmentedRaftLogWorker.java:run(316)) - 1c63e32b-895e-4973-a222-476310241caa@group-3A7F5633E5D5-SegmentedRaftLogWorker was interrupted, exiting. There are 0 tasks remaining in the queue.
2019-10-15 03:31:30,168 [grpc-default-executor-10] INFO  server.GrpcLogAppender (GrpcLogAppender.java:onCompleted(293)) - 3e1caccb-f9ab-465e-a648-53867b9772ef@group-7FB8756FF130->251ee4cd-b9df-4f77-8c52-c5e9eff662c2-AppendLogResponseHandler: follower responses appendEntries COMPLETED
2019-10-15 03:31:30,172 [grpc-default-executor-10] INFO  impl.FollowerInfo (FollowerInfo.java:lambda$new$0(51)) - 3e1caccb-f9ab-465e-a648-53867b9772ef@group-7FB8756FF130->251ee4cd-b9df-4f77-8c52-c5e9eff662c2: nextIndex: updateUnconditionally 18 -> 17
2019-10-15 03:31:30,180 [ForkJoinPool.commonPool-worker-1] INFO  segmented.SegmentedRaftLogWorker (SegmentedRaftLogWorker.java:close(224)) - 1c63e32b-895e-4973-a222-476310241caa@group-3A7F5633E5D5-SegmentedRaftLogWorker close()
2019-10-15 03:31:30,183 [ForkJoinPool.commonPool-worker-1] INFO  impl.RaftServerImpl (RaftServerImpl.java:lambda$shutdown$3(247)) - 1c63e32b-895e-4973-a222-476310241caa@group-B98709856B20: shutdown
2019-10-15 03:31:30,183 [ForkJoinPool.commonPool-worker-1] INFO  util.JmxRegister (JmxRegister.java:unregister(73)) - Successfully un-registered JMX Bean with object name Ratis:service=RaftServer,group=group-B98709856B20,id=1c63e32b-895e-4973-a222-476310241caa
2019-10-15 03:31:30,183 [ForkJoinPool.commonPool-worker-1] INFO  impl.RoleInfo (RoleInfo.java:shutdownFollowerState(121)) - 1c63e32b-895e-4973-a222-476310241caa: shutdown FollowerState
2019-10-15 03:31:30,183 [ForkJoinPool.commonPool-worker-1] INFO  impl.StateMachineUpdater (StateMachineUpdater.java:stopAndJoin(136)) - 1c63e32b-895e-4973-a222-476310241caa@group-B98709856B20-StateMachineUpdater: set stopIndex = 15
2019-10-15 03:31:30,183 [1c63e32b-895e-4973-a222-476310241caa@group-B98709856B20-StateMachineUpdater] INFO  ratis.ContainerStateMachine (ContainerStateMachine.java:takeSnapshot(294)) - group-B98709856B20: Taking a snapshot at:(t:1, i:13) file /workdir/hadoop-ozone/integration-test/target/test-dir/MiniOzoneClusterImpl-5622c653-33f5-44d9-9ba1-ef695601b467/datanode-1/data/ratis/64b28bd8-2e20-4641-808e-b98709856b20/sm/snapshot.1_13
2019-10-15 03:31:30,183 [Thread-3201] INFO  impl.FollowerState (FollowerState.java:run(117)) - 1c63e32b-895e-4973-a222-476310241caa@group-B98709856B20-FollowerState was interrupted: java.lang.InterruptedException: sleep interrupted
2019-10-15 03:31:30,197 [3e1caccb-f9ab-465e-a648-53867b9772ef@group-7FB8756FF130-StateMachineUpdater] INFO  ratis.ContainerStateMachine (ContainerStateMachine.java:takeSnapshot(305)) - group-7FB8756FF130: Finished taking a snapshot at:(t:2, i:13) file:/workdir/hadoop-ozone/integration-test/target/test-dir/MiniOzoneClusterImpl-5622c653-33f5-44d9-9ba1-ef695601b467/datanode-4/data/ratis/0f5f8057-2ac4-42f5-a277-7fb8756ff130/sm/snapshot.2_13 time:30
2019-10-15 03:31:30,197 [1c63e32b-895e-4973-a222-476310241caa@group-B98709856B20-StateMachineUpdater] INFO  ratis.ContainerStateMachine (ContainerStateMachine.java:takeSnapshot(305)) - group-B98709856B20: Finished taking a snapshot at:(t:1, i:13) file:/workdir/hadoop-ozone/integration-test/target/test-dir/MiniOzoneClusterImpl-5622c653-33f5-44d9-9ba1-ef695601b467/datanode-1/data/ratis/64b28bd8-2e20-4641-808e-b98709856b20/sm/snapshot.1_13 time:14
2019-10-15 03:31:30,197 [3e1caccb-f9ab-465e-a648-53867b9772ef@group-7FB8756FF130-StateMachineUpdater] INFO  impl.StateMachineUpdater (StateMachineUpdater.java:takeSnapshot(269)) - 3e1caccb-f9ab-465e-a648-53867b9772ef@group-7FB8756FF130-StateMachineUpdater: Took a snapshot at index 13
2019-10-15 03:31:30,197 [3e1caccb-f9ab-465e-a648-53867b9772ef@group-7FB8756FF130-StateMachineUpdater] INFO  impl.StateMachineUpdater (StateMachineUpdater.java:lambda$new$0(84)) - 3e1caccb-f9ab-465e-a648-53867b9772ef@group-7FB8756FF130-StateMachineUpdater: snapshotIndex: updateIncreasingly -1 -> 13
2019-10-15 03:31:30,197 [1c63e32b-895e-4973-a222-476310241caa@group-B98709856B20-StateMachineUpdater] INFO  impl.StateMachineUpdater (StateMachineUpdater.java:takeSnapshot(269)) - 1c63e32b-895e-4973-a222-476310241caa@group-B98709856B20-StateMachineUpdater: Took a snapshot at index 13
2019-10-15 03:31:30,198 [1c63e32b-895e-4973-a222-476310241caa@group-B98709856B20-StateMachineUpdater] INFO  impl.StateMachineUpdater (StateMachineUpdater.java:lambda$new$0(84)) - 1c63e32b-895e-4973-a222-476310241caa@group-B98709856B20-StateMachineUpdater: snapshotIndex: updateIncreasingly -1 -> 13
2019-10-15 03:31:30,198 [3e1caccb-f9ab-465e-a648-53867b9772ef@group-7FB8756FF130-StateMachineUpdater] INFO  ratis.ContainerStateMachine (ContainerStateMachine.java:takeSnapshot(294)) - group-7FB8756FF130: Taking a snapshot at:(t:2, i:13) file /workdir/hadoop-ozone/integration-test/target/test-dir/MiniOzoneClusterImpl-5622c653-33f5-44d9-9ba1-ef695601b467/datanode-4/data/ratis/0f5f8057-2ac4-42f5-a277-7fb8756ff130/sm/snapshot.2_13
2019-10-15 03:31:30,198 [1c63e32b-895e-4973-a222-476310241caa@group-B98709856B20-StateMachineUpdater] INFO  ratis.ContainerStateMachine (ContainerStateMachine.java:takeSnapshot(294)) - group-B98709856B20: Taking a snapshot at:(t:1, i:13) file /workdir/hadoop-ozone/integration-test/target/test-dir/MiniOzoneClusterImpl-5622c653-33f5-44d9-9ba1-ef695601b467/datanode-1/data/ratis/64b28bd8-2e20-4641-808e-b98709856b20/sm/snapshot.1_13
2019-10-15 03:31:30,220 [1c63e32b-895e-4973-a222-476310241caa@group-B98709856B20-StateMachineUpdater] INFO  ratis.ContainerStateMachine (ContainerStateMachine.java:takeSnapshot(305)) - group-B98709856B20: Finished taking a snapshot at:(t:1, i:13) file:/workdir/hadoop-ozone/integration-test/target/test-dir/MiniOzoneClusterImpl-5622c653-33f5-44d9-9ba1-ef695601b467/datanode-1/data/ratis/64b28bd8-2e20-4641-808e-b98709856b20/sm/snapshot.1_13 time:23
2019-10-15 03:31:30,220 [3e1caccb-f9ab-465e-a648-53867b9772ef@group-7FB8756FF130-StateMachineUpdater] INFO  ratis.ContainerStateMachine (ContainerStateMachine.java:takeSnapshot(305)) - group-7FB8756FF130: Finished taking a snapshot at:(t:2, i:13) file:/workdir/hadoop-ozone/integration-test/target/test-dir/MiniOzoneClusterImpl-5622c653-33f5-44d9-9ba1-ef695601b467/datanode-4/data/ratis/0f5f8057-2ac4-42f5-a277-7fb8756ff130/sm/snapshot.2_13 time:23
2019-10-15 03:31:30,220 [1c63e32b-895e-4973-a222-476310241caa@group-B98709856B20-StateMachineUpdater] INFO  impl.StateMachineUpdater (StateMachineUpdater.java:takeSnapshot(269)) - 1c63e32b-895e-4973-a222-476310241caa@group-B98709856B20-StateMachineUpdater: Took a snapshot at index 13
2019-10-15 03:31:30,221 [1c63e32b-895e-4973-a222-476310241caa@group-B98709856B20-StateMachineUpdater] INFO  impl.StateMachineUpdater (StateMachineUpdater.java:lambda$new$0(84)) - 1c63e32b-895e-4973-a222-476310241caa@group-B98709856B20-StateMachineUpdater: snapshotIndex: updateIncreasingly 13 -> 13
2019-10-15 03:31:30,221 [3e1caccb-f9ab-465e-a648-53867b9772ef@group-7FB8756FF130-StateMachineUpdater] INFO  impl.StateMachineUpdater (StateMachineUpdater.java:takeSnapshot(269)) - 3e1caccb-f9ab-465e-a648-53867b9772ef@group-7FB8756FF130-StateMachineUpdater: Took a snapshot at index 13
2019-10-15 03:31:30,221 [3e1caccb-f9ab-465e-a648-53867b9772ef@group-7FB8756FF130-StateMachineUpdater] INFO  impl.StateMachineUpdater (StateMachineUpdater.java:lambda$new$0(84)) - 3e1caccb-f9ab-465e-a648-53867b9772ef@group-7FB8756FF130-StateMachineUpdater: snapshotIndex: updateIncreasingly 13 -> 13
2019-10-15 03:31:30,221 [ForkJoinPool.commonPool-worker-1] INFO  impl.RaftServerImpl (ServerState.java:close(387)) - 1c63e32b-895e-4973-a222-476310241caa@group-B98709856B20: closes. applyIndex: 15
2019-10-15 03:31:30,221 [main] INFO  impl.RaftServerImpl (ServerState.java:close(387)) - 3e1caccb-f9ab-465e-a648-53867b9772ef@group-7FB8756FF130: closes. applyIndex: 17
2019-10-15 03:31:30,221 [1c63e32b-895e-4973-a222-476310241caa@group-B98709856B20-SegmentedRaftLogWorker] INFO  segmented.SegmentedRaftLogWorker (SegmentedRaftLogWorker.java:run(316)) - 1c63e32b-895e-4973-a222-476310241caa@group-B98709856B20-SegmentedRaftLogWorker was interrupted, exiting. There are 0 tasks remaining in the queue.
2019-10-15 03:31:30,222 [3e1caccb-f9ab-465e-a648-53867b9772ef@group-7FB8756FF130-SegmentedRaftLogWorker] INFO  segmented.SegmentedRaftLogWorker (SegmentedRaftLogWorker.java:run(316)) - 3e1caccb-f9ab-465e-a648-53867b9772ef@group-7FB8756FF130-SegmentedRaftLogWorker was interrupted, exiting. There are 0 tasks remaining in the queue.
2019-10-15 03:31:30,224 [ForkJoinPool.commonPool-worker-1] INFO  segmented.SegmentedRaftLogWorker (SegmentedRaftLogWorker.java:close(224)) - 1c63e32b-895e-4973-a222-476310241caa@group-B98709856B20-SegmentedRaftLogWorker close()
2019-10-15 03:31:30,226 [main] INFO  segmented.SegmentedRaftLogWorker (SegmentedRaftLogWorker.java:close(224)) - 3e1caccb-f9ab-465e-a648-53867b9772ef@group-7FB8756FF130-SegmentedRaftLogWorker close()
2019-10-15 03:31:30,231 [ForkJoinPool.commonPool-worker-1] INFO  server.GrpcService (GrpcService.java:closeImpl(164)) - 1c63e32b-895e-4973-a222-476310241caa: shutdown server with port 42663 now
2019-10-15 03:31:30,237 [main] INFO  impl.RaftServerImpl (RaftServerImpl.java:lambda$shutdown$3(247)) - 3e1caccb-f9ab-465e-a648-53867b9772ef@group-F1BCD244E8F5: shutdown
2019-10-15 03:31:30,238 [main] INFO  util.JmxRegister (JmxRegister.java:unregister(73)) - Successfully un-registered JMX Bean with object name Ratis:service=RaftServer,group=group-F1BCD244E8F5,id=3e1caccb-f9ab-465e-a648-53867b9772ef
2019-10-15 03:31:30,238 [grpc-default-executor-8] WARN  server.GrpcServerProtocolService (LogUtils.java:warn(134)) - 1c63e32b-895e-4973-a222-476310241caa: installSnapshot onError, lastRequest: ad766340-60fb-4b57-8988-b95b42609151->1c63e32b-895e-4973-a222-476310241caa#26-t1, previous=(t:1, i:15), leaderCommit=15, initializing? false, entries: <empty>: org.apache.ratis.thirdparty.io.grpc.StatusRuntimeException: CANCELLED: cancelled before receiving half close
2019-10-15 03:31:30,238 [ForkJoinPool.commonPool-worker-1] INFO  server.GrpcService (GrpcService.java:closeImpl(172)) - 1c63e32b-895e-4973-a222-476310241caa: shutdown server with port 42663 successfully
2019-10-15 03:31:30,238 [main] INFO  impl.RoleInfo (RoleInfo.java:shutdownLeaderState(104)) - 3e1caccb-f9ab-465e-a648-53867b9772ef: shutdown LeaderState
2019-10-15 03:31:30,238 [grpc-default-executor-9] WARN  server.GrpcLogAppender (LogUtils.java:warn(134)) - ad766340-60fb-4b57-8988-b95b42609151@group-B98709856B20->1c63e32b-895e-4973-a222-476310241caa-AppendLogResponseHandler: Failed appendEntries: org.apache.ratis.thirdparty.io.grpc.StatusRuntimeException: CANCELLED: HTTP/2 error code: CANCEL
Received Rst Stream
2019-10-15 03:31:30,239 [main] INFO  impl.PendingRequests (PendingRequests.java:sendNotLeaderResponses(202)) - 3e1caccb-f9ab-465e-a648-53867b9772ef@group-F1BCD244E8F5-PendingRequests: sendNotLeaderResponses
2019-10-15 03:31:30,239 [grpc-default-executor-9] INFO  impl.FollowerInfo (FollowerInfo.java:lambda$new$0(51)) - ad766340-60fb-4b57-8988-b95b42609151@group-B98709856B20->1c63e32b-895e-4973-a222-476310241caa: nextIndex: updateUnconditionally 16 -> 15
2019-10-15 03:31:30,240 [main] INFO  impl.StateMachineUpdater (StateMachineUpdater.java:stopAndJoin(136)) - 3e1caccb-f9ab-465e-a648-53867b9772ef@group-F1BCD244E8F5-StateMachineUpdater: set stopIndex = 0
2019-10-15 03:31:30,240 [refreshUsed-/workdir/hadoop-ozone/integration-test/target/test-dir/MiniOzoneClusterImpl-5622c653-33f5-44d9-9ba1-ef695601b467/datanode-1/data/containers] WARN  fs.CachingGetSpaceUsed (CachingGetSpaceUsed.java:run(183)) - Thread Interrupted waiting to refresh disk information: sleep interrupted
2019-10-15 03:31:30,240 [main] INFO  impl.RaftServerImpl (ServerState.java:close(387)) - 3e1caccb-f9ab-465e-a648-53867b9772ef@group-F1BCD244E8F5: closes. applyIndex: 0
2019-10-15 03:31:30,241 [3e1caccb-f9ab-465e-a648-53867b9772ef@group-F1BCD244E8F5-SegmentedRaftLogWorker] INFO  segmented.SegmentedRaftLogWorker (SegmentedRaftLogWorker.java:run(316)) - 3e1caccb-f9ab-465e-a648-53867b9772ef@group-F1BCD244E8F5-SegmentedRaftLogWorker was interrupted, exiting. There are 0 tasks remaining in the queue.
2019-10-15 03:31:30,243 [main] INFO  segmented.SegmentedRaftLogWorker (SegmentedRaftLogWorker.java:close(224)) - 3e1caccb-f9ab-465e-a648-53867b9772ef@group-F1BCD244E8F5-SegmentedRaftLogWorker close()
2019-10-15 03:31:30,247 [main] INFO  server.GrpcService (GrpcService.java:closeImpl(164)) - 3e1caccb-f9ab-465e-a648-53867b9772ef: shutdown server with port 39345 now
2019-10-15 03:31:30,247 [main] INFO  server.GrpcService (GrpcService.java:closeImpl(172)) - 3e1caccb-f9ab-465e-a648-53867b9772ef: shutdown server with port 39345 successfully
2019-10-15 03:31:30,249 [refreshUsed-/workdir/hadoop-ozone/integration-test/target/test-dir/MiniOzoneClusterImpl-5622c653-33f5-44d9-9ba1-ef695601b467/datanode-4/data/containers] WARN  fs.CachingGetSpaceUsed (CachingGetSpaceUsed.java:run(183)) - Thread Interrupted waiting to refresh disk information: sleep interrupted
2019-10-15 03:31:30,261 [ForkJoinPool.commonPool-worker-1] INFO  utils.BackgroundService (BackgroundService.java:shutdown(151)) - Shutting down service BlockDeletingService
2019-10-15 03:31:30,263 [main] INFO  utils.BackgroundService (BackgroundService.java:shutdown(151)) - Shutting down service BlockDeletingService
2019-10-15 03:31:30,266 [ForkJoinPool.commonPool-worker-1] INFO  statemachine.DatanodeStateMachine (DatanodeStateMachine.java:stopDaemon(395)) - Ozone container server stopped.
2019-10-15 03:31:30,273 [main] INFO  statemachine.DatanodeStateMachine (DatanodeStateMachine.java:stopDaemon(395)) - Ozone container server stopped.
2019-10-15 03:31:30,275 [ForkJoinPool.commonPool-worker-1] INFO  handler.ContextHandler (ContextHandler.java:doStop(910)) - Stopped o.e.j.w.WebAppContext@33eb0d4{/,null,UNAVAILABLE}{/hddsDatanode}
2019-10-15 03:31:30,275 [main] INFO  handler.ContextHandler (ContextHandler.java:doStop(910)) - Stopped o.e.j.w.WebAppContext@374ccb9{/,null,UNAVAILABLE}{/hddsDatanode}
2019-10-15 03:31:30,276 [ForkJoinPool.commonPool-worker-1] INFO  server.AbstractConnector (AbstractConnector.java:doStop(318)) - Stopped ServerConnector@224d86d2{HTTP/1.1,[http/1.1]}{0.0.0.0:0}
2019-10-15 03:31:30,276 [main] INFO  server.AbstractConnector (AbstractConnector.java:doStop(318)) - Stopped ServerConnector@66713605{HTTP/1.1,[http/1.1]}{0.0.0.0:0}
2019-10-15 03:31:30,277 [ForkJoinPool.commonPool-worker-1] INFO  handler.ContextHandler (ContextHandler.java:doStop(910)) - Stopped o.e.j.s.ServletContextHandler@5fd43e58{/static,jar:file:/home/user/.m2/repository/org/apache/hadoop/hadoop-hdds-container-service/0.5.0-SNAPSHOT/hadoop-hdds-container-service-0.5.0-SNAPSHOT.jar!/webapps/static,UNAVAILABLE}
2019-10-15 03:31:30,279 [main] INFO  handler.ContextHandler (ContextHandler.java:doStop(910)) - Stopped o.e.j.s.ServletContextHandler@72c4a3aa{/static,jar:file:/home/user/.m2/repository/org/apache/hadoop/hadoop-hdds-container-service/0.5.0-SNAPSHOT/hadoop-hdds-container-service-0.5.0-SNAPSHOT.jar!/webapps/static,UNAVAILABLE}
2019-10-15 03:31:30,279 [ForkJoinPool.commonPool-worker-1] INFO  handler.ContextHandler (ContextHandler.java:doStop(910)) - Stopped o.e.j.s.ServletContextHandler@4a1a412e{/logs,file:///workdir/hadoop-ozone/integration-test/target/log,UNAVAILABLE}
2019-10-15 03:31:30,279 [main] INFO  handler.ContextHandler (ContextHandler.java:doStop(910)) - Stopped o.e.j.s.ServletContextHandler@6af87130{/logs,file:///workdir/hadoop-ozone/integration-test/target/log,UNAVAILABLE}
2019-10-15 03:31:30,801 [Datanode State Machine Thread - 0] INFO  statemachine.DatanodeStateMachine (DatanodeStateMachine.java:lambda$startDaemon$0(350)) - Ozone container server started.
2019-10-15 03:31:30,802 [Datanode State Machine Thread - 0] INFO  statemachine.DatanodeStateMachine (DatanodeStateMachine.java:lambda$startDaemon$0(350)) - Ozone container server started.
2019-10-15 03:31:32,633 [grpc-default-executor-8] WARN  server.GrpcLogAppender (LogUtils.java:warn(134)) - ad766340-60fb-4b57-8988-b95b42609151@group-B98709856B20->1c63e32b-895e-4973-a222-476310241caa-AppendLogResponseHandler: Failed appendEntries: org.apache.ratis.thirdparty.io.grpc.StatusRuntimeException: UNAVAILABLE: io exception
2019-10-15 03:31:32,633 [grpc-default-executor-8] INFO  impl.FollowerInfo (FollowerInfo.java:lambda$new$0(51)) - ad766340-60fb-4b57-8988-b95b42609151@group-B98709856B20->1c63e32b-895e-4973-a222-476310241caa: nextIndex: updateUnconditionally 15 -> 14
2019-10-15 03:31:34,843 [EventQueue-StaleNodeForStaleNodeHandler] INFO  node.StaleNodeHandler (StaleNodeHandler.java:onMessage(58)) - Datanode 62bb45c5-64cf-4b95-a2f8-324b07832301{ip: 192.168.157.236, host: pr-hdds-2278-dv8k5-3424803466, networkLocation: /default-rack, certSerialId: null} moved to stale state. Finalizing its pipelines [PipelineID=d53265cd-eabc-418d-b613-30ae0a8426b2, PipelineID=64b28bd8-2e20-4641-808e-b98709856b20]
2019-10-15 03:31:34,844 [EventQueue-StaleNodeForStaleNodeHandler] INFO  pipeline.SCMPipelineManager (SCMPipelineManager.java:finalizeAndDestroyPipeline(315)) - destroying pipeline:Pipeline[ Id: d53265cd-eabc-418d-b613-30ae0a8426b2, Nodes: 62bb45c5-64cf-4b95-a2f8-324b07832301{ip: 192.168.157.236, host: pr-hdds-2278-dv8k5-3424803466, networkLocation: /default-rack, certSerialId: null}, Type:RATIS, Factor:ONE, State:OPEN]
2019-10-15 03:31:34,845 [EventQueue-StaleNodeForStaleNodeHandler] INFO  pipeline.PipelineStateManager (PipelineStateManager.java:finalizePipeline(123)) - Pipeline Pipeline[ Id: d53265cd-eabc-418d-b613-30ae0a8426b2, Nodes: 62bb45c5-64cf-4b95-a2f8-324b07832301{ip: 192.168.157.236, host: pr-hdds-2278-dv8k5-3424803466, networkLocation: /default-rack, certSerialId: null}, Type:RATIS, Factor:ONE, State:CLOSED] moved to CLOSED state
2019-10-15 03:31:34,846 [EventQueue-StaleNodeForStaleNodeHandler] INFO  pipeline.SCMPipelineManager (SCMPipelineManager.java:finalizeAndDestroyPipeline(315)) - destroying pipeline:Pipeline[ Id: 64b28bd8-2e20-4641-808e-b98709856b20, Nodes: 62bb45c5-64cf-4b95-a2f8-324b07832301{ip: 192.168.157.236, host: pr-hdds-2278-dv8k5-3424803466, networkLocation: /default-rack, certSerialId: null}ad766340-60fb-4b57-8988-b95b42609151{ip: 192.168.157.236, host: pr-hdds-2278-dv8k5-3424803466, networkLocation: /default-rack, certSerialId: null}1c63e32b-895e-4973-a222-476310241caa{ip: 192.168.157.236, host: pr-hdds-2278-dv8k5-3424803466, networkLocation: /default-rack, certSerialId: null}, Type:RATIS, Factor:THREE, State:CLOSED]
2019-10-15 03:31:34,846 [EventQueue-StaleNodeForStaleNodeHandler] INFO  node.StaleNodeHandler (StaleNodeHandler.java:onMessage(58)) - Datanode ad766340-60fb-4b57-8988-b95b42609151{ip: 192.168.157.236, host: pr-hdds-2278-dv8k5-3424803466, networkLocation: /default-rack, certSerialId: null} moved to stale state. Finalizing its pipelines [PipelineID=528ede4d-1560-4786-9727-f8d87acf0665, PipelineID=64b28bd8-2e20-4641-808e-b98709856b20]
2019-10-15 03:31:34,846 [EventQueue-StaleNodeForStaleNodeHandler] INFO  pipeline.SCMPipelineManager (SCMPipelineManager.java:finalizeAndDestroyPipeline(315)) - destroying pipeline:Pipeline[ Id: 528ede4d-1560-4786-9727-f8d87acf0665, Nodes: ad766340-60fb-4b57-8988-b95b42609151{ip: 192.168.157.236, host: pr-hdds-2278-dv8k5-3424803466, networkLocation: /default-rack, certSerialId: null}, Type:RATIS, Factor:ONE, State:OPEN]
2019-10-15 03:31:34,846 [EventQueue-StaleNodeForStaleNodeHandler] INFO  pipeline.PipelineStateManager (PipelineStateManager.java:finalizePipeline(123)) - Pipeline Pipeline[ Id: 528ede4d-1560-4786-9727-f8d87acf0665, Nodes: ad766340-60fb-4b57-8988-b95b42609151{ip: 192.168.157.236, host: pr-hdds-2278-dv8k5-3424803466, networkLocation: /default-rack, certSerialId: null}, Type:RATIS, Factor:ONE, State:CLOSED] moved to CLOSED state
2019-10-15 03:31:34,847 [EventQueue-StaleNodeForStaleNodeHandler] INFO  pipeline.SCMPipelineManager (SCMPipelineManager.java:finalizeAndDestroyPipeline(315)) - destroying pipeline:Pipeline[ Id: 64b28bd8-2e20-4641-808e-b98709856b20, Nodes: 62bb45c5-64cf-4b95-a2f8-324b07832301{ip: 192.168.157.236, host: pr-hdds-2278-dv8k5-3424803466, networkLocation: /default-rack, certSerialId: null}ad766340-60fb-4b57-8988-b95b42609151{ip: 192.168.157.236, host: pr-hdds-2278-dv8k5-3424803466, networkLocation: /default-rack, certSerialId: null}1c63e32b-895e-4973-a222-476310241caa{ip: 192.168.157.236, host: pr-hdds-2278-dv8k5-3424803466, networkLocation: /default-rack, certSerialId: null}, Type:RATIS, Factor:THREE, State:CLOSED]
2019-10-15 03:31:35,136 [grpc-default-executor-10] WARN  server.GrpcLogAppender (LogUtils.java:warn(134)) - ad766340-60fb-4b57-8988-b95b42609151@group-B98709856B20->1c63e32b-895e-4973-a222-476310241caa-AppendLogResponseHandler: Failed appendEntries: org.apache.ratis.thirdparty.io.grpc.StatusRuntimeException: UNAVAILABLE: io exception
2019-10-15 03:31:35,139 [grpc-default-executor-10] INFO  impl.FollowerInfo (FollowerInfo.java:lambda$new$0(51)) - ad766340-60fb-4b57-8988-b95b42609151@group-B98709856B20->1c63e32b-895e-4973-a222-476310241caa: nextIndex: updateUnconditionally 14 -> 13
2019-10-15 03:31:35,282 [main] INFO  ozoneimpl.OzoneContainer (OzoneContainer.java:stop(227)) - Attempting to stop container services.
2019-10-15 03:31:35,282 [ForkJoinPool.commonPool-worker-1] INFO  ozoneimpl.OzoneContainer (OzoneContainer.java:stop(227)) - Attempting to stop container services.
2019-10-15 03:31:35,285 [main] INFO  impl.RaftServerProxy (RaftServerProxy.java:lambda$close$4(314)) - 62bb45c5-64cf-4b95-a2f8-324b07832301: close
2019-10-15 03:31:35,285 [ForkJoinPool.commonPool-worker-1] INFO  impl.RaftServerProxy (RaftServerProxy.java:lambda$close$4(314)) - ad766340-60fb-4b57-8988-b95b42609151: close
2019-10-15 03:31:35,285 [main] INFO  impl.RaftServerImpl (RaftServerImpl.java:lambda$shutdown$3(247)) - 62bb45c5-64cf-4b95-a2f8-324b07832301@group-30AE0A8426B2: shutdown
2019-10-15 03:31:35,285 [ForkJoinPool.commonPool-worker-1] INFO  impl.RaftServerImpl (RaftServerImpl.java:lambda$shutdown$3(247)) - ad766340-60fb-4b57-8988-b95b42609151@group-F8D87ACF0665: shutdown
2019-10-15 03:31:35,286 [main] INFO  util.JmxRegister (JmxRegister.java:unregister(73)) - Successfully un-registered JMX Bean with object name Ratis:service=RaftServer,group=group-30AE0A8426B2,id=62bb45c5-64cf-4b95-a2f8-324b07832301
2019-10-15 03:31:35,286 [ForkJoinPool.commonPool-worker-1] INFO  util.JmxRegister (JmxRegister.java:unregister(73)) - Successfully un-registered JMX Bean with object name Ratis:service=RaftServer,group=group-F8D87ACF0665,id=ad766340-60fb-4b57-8988-b95b42609151
2019-10-15 03:31:35,286 [main] INFO  impl.RoleInfo (RoleInfo.java:shutdownLeaderState(104)) - 62bb45c5-64cf-4b95-a2f8-324b07832301: shutdown LeaderState
2019-10-15 03:31:35,286 [ForkJoinPool.commonPool-worker-1] INFO  impl.RoleInfo (RoleInfo.java:shutdownLeaderState(104)) - ad766340-60fb-4b57-8988-b95b42609151: shutdown LeaderState
2019-10-15 03:31:35,286 [main] INFO  impl.PendingRequests (PendingRequests.java:sendNotLeaderResponses(202)) - 62bb45c5-64cf-4b95-a2f8-324b07832301@group-30AE0A8426B2-PendingRequests: sendNotLeaderResponses
2019-10-15 03:31:35,287 [ForkJoinPool.commonPool-worker-1] INFO  impl.PendingRequests (PendingRequests.java:sendNotLeaderResponses(202)) - ad766340-60fb-4b57-8988-b95b42609151@group-F8D87ACF0665-PendingRequests: sendNotLeaderResponses
2019-10-15 03:31:35,287 [main] INFO  impl.StateMachineUpdater (StateMachineUpdater.java:stopAndJoin(136)) - 62bb45c5-64cf-4b95-a2f8-324b07832301@group-30AE0A8426B2-StateMachineUpdater: set stopIndex = 0
2019-10-15 03:31:35,287 [ForkJoinPool.commonPool-worker-1] INFO  impl.StateMachineUpdater (StateMachineUpdater.java:stopAndJoin(136)) - ad766340-60fb-4b57-8988-b95b42609151@group-F8D87ACF0665-StateMachineUpdater: set stopIndex = 0
2019-10-15 03:31:35,287 [main] INFO  impl.RaftServerImpl (ServerState.java:close(387)) - 62bb45c5-64cf-4b95-a2f8-324b07832301@group-30AE0A8426B2: closes. applyIndex: 0
2019-10-15 03:31:35,287 [ForkJoinPool.commonPool-worker-1] INFO  impl.RaftServerImpl (ServerState.java:close(387)) - ad766340-60fb-4b57-8988-b95b42609151@group-F8D87ACF0665: closes. applyIndex: 0
2019-10-15 03:31:35,288 [62bb45c5-64cf-4b95-a2f8-324b07832301@group-30AE0A8426B2-SegmentedRaftLogWorker] INFO  segmented.SegmentedRaftLogWorker (SegmentedRaftLogWorker.java:run(316)) - 62bb45c5-64cf-4b95-a2f8-324b07832301@group-30AE0A8426B2-SegmentedRaftLogWorker was interrupted, exiting. There are 0 tasks remaining in the queue.
2019-10-15 03:31:35,288 [ad766340-60fb-4b57-8988-b95b42609151@group-F8D87ACF0665-SegmentedRaftLogWorker] INFO  segmented.SegmentedRaftLogWorker (SegmentedRaftLogWorker.java:run(316)) - ad766340-60fb-4b57-8988-b95b42609151@group-F8D87ACF0665-SegmentedRaftLogWorker was interrupted, exiting. There are 0 tasks remaining in the queue.
2019-10-15 03:31:35,292 [ForkJoinPool.commonPool-worker-1] INFO  segmented.SegmentedRaftLogWorker (SegmentedRaftLogWorker.java:close(224)) - ad766340-60fb-4b57-8988-b95b42609151@group-F8D87ACF0665-SegmentedRaftLogWorker close()
2019-10-15 03:31:35,292 [main] INFO  segmented.SegmentedRaftLogWorker (SegmentedRaftLogWorker.java:close(224)) - 62bb45c5-64cf-4b95-a2f8-324b07832301@group-30AE0A8426B2-SegmentedRaftLogWorker close()
2019-10-15 03:31:35,295 [ForkJoinPool.commonPool-worker-1] INFO  impl.RaftServerImpl (RaftServerImpl.java:lambda$shutdown$3(247)) - ad766340-60fb-4b57-8988-b95b42609151@group-B98709856B20: shutdown
2019-10-15 03:31:35,299 [main] INFO  impl.RaftServerImpl (RaftServerImpl.java:lambda$shutdown$3(247)) - 62bb45c5-64cf-4b95-a2f8-324b07832301@group-B98709856B20: shutdown
2019-10-15 03:31:35,299 [ForkJoinPool.commonPool-worker-1] INFO  util.JmxRegister (JmxRegister.java:unregister(73)) - Successfully un-registered JMX Bean with object name Ratis:service=RaftServer,group=group-B98709856B20,id=ad766340-60fb-4b57-8988-b95b42609151
2019-10-15 03:31:35,299 [main] INFO  util.JmxRegister (JmxRegister.java:unregister(73)) - Successfully un-registered JMX Bean with object name Ratis:service=RaftServer,group=group-B98709856B20,id=62bb45c5-64cf-4b95-a2f8-324b07832301
2019-10-15 03:31:35,299 [ForkJoinPool.commonPool-worker-1] INFO  impl.RoleInfo (RoleInfo.java:shutdownLeaderState(104)) - ad766340-60fb-4b57-8988-b95b42609151: shutdown LeaderState
2019-10-15 03:31:35,300 [main] INFO  impl.RoleInfo (RoleInfo.java:shutdownFollowerState(121)) - 62bb45c5-64cf-4b95-a2f8-324b07832301: shutdown FollowerState
2019-10-15 03:31:35,303 [org.apache.ratis.server.impl.LogAppender$AppenderDaemon$$Lambda$517/1822991427@14cc1fe] WARN  server.GrpcLogAppender (GrpcLogAppender.java:mayWait(143)) - ad766340-60fb-4b57-8988-b95b42609151@group-B98709856B20->1c63e32b-895e-4973-a222-476310241caa-GrpcLogAppender: Wait interrupted by java.lang.InterruptedException
2019-10-15 03:31:35,303 [Thread-3198] INFO  impl.FollowerState (FollowerState.java:run(117)) - 62bb45c5-64cf-4b95-a2f8-324b07832301@group-B98709856B20-FollowerState was interrupted: java.lang.InterruptedException: sleep interrupted
2019-10-15 03:31:35,303 [org.apache.ratis.server.impl.LogAppender$AppenderDaemon$$Lambda$517/1822991427@7ee6a090] WARN  server.GrpcLogAppender (GrpcLogAppender.java:mayWait(143)) - ad766340-60fb-4b57-8988-b95b42609151@group-B98709856B20->62bb45c5-64cf-4b95-a2f8-324b07832301-GrpcLogAppender: Wait interrupted by java.lang.InterruptedException
2019-10-15 03:31:35,303 [ForkJoinPool.commonPool-worker-1] INFO  impl.PendingRequests (PendingRequests.java:sendNotLeaderResponses(202)) - ad766340-60fb-4b57-8988-b95b42609151@group-B98709856B20-PendingRequests: sendNotLeaderResponses
2019-10-15 03:31:35,303 [62bb45c5-64cf-4b95-a2f8-324b07832301@group-B98709856B20-StateMachineUpdater] INFO  ratis.ContainerStateMachine (ContainerStateMachine.java:takeSnapshot(294)) - group-B98709856B20: Taking a snapshot at:(t:1, i:13) file /workdir/hadoop-ozone/integration-test/target/test-dir/MiniOzoneClusterImpl-5622c653-33f5-44d9-9ba1-ef695601b467/datanode-3/data/ratis/64b28bd8-2e20-4641-808e-b98709856b20/sm/snapshot.1_13
2019-10-15 03:31:35,303 [main] INFO  impl.StateMachineUpdater (StateMachineUpdater.java:stopAndJoin(136)) - 62bb45c5-64cf-4b95-a2f8-324b07832301@group-B98709856B20-StateMachineUpdater: set stopIndex = 15
2019-10-15 03:31:35,323 [grpc-default-executor-10] INFO  server.GrpcServerProtocolService (GrpcServerProtocolService.java:onCompleted(113)) - 62bb45c5-64cf-4b95-a2f8-324b07832301: Completed APPEND_ENTRIES, lastRequest: ad766340-60fb-4b57-8988-b95b42609151->62bb45c5-64cf-4b95-a2f8-324b07832301#28-t1, previous=(t:1, i:15), leaderCommit=15, initializing? false, entries: <empty>
2019-10-15 03:31:35,323 [ad766340-60fb-4b57-8988-b95b42609151@group-B98709856B20-StateMachineUpdater] INFO  ratis.ContainerStateMachine (ContainerStateMachine.java:takeSnapshot(294)) - group-B98709856B20: Taking a snapshot at:(t:1, i:13) file /workdir/hadoop-ozone/integration-test/target/test-dir/MiniOzoneClusterImpl-5622c653-33f5-44d9-9ba1-ef695601b467/datanode-0/data/ratis/64b28bd8-2e20-4641-808e-b98709856b20/sm/snapshot.1_13
2019-10-15 03:31:35,323 [ForkJoinPool.commonPool-worker-1] INFO  impl.StateMachineUpdater (StateMachineUpdater.java:stopAndJoin(136)) - ad766340-60fb-4b57-8988-b95b42609151@group-B98709856B20-StateMachineUpdater: set stopIndex = 15
2019-10-15 03:31:35,323 [grpc-default-executor-10] INFO  server.GrpcLogAppender (GrpcLogAppender.java:onCompleted(293)) - ad766340-60fb-4b57-8988-b95b42609151@group-B98709856B20->62bb45c5-64cf-4b95-a2f8-324b07832301-AppendLogResponseHandler: follower responses appendEntries COMPLETED
2019-10-15 03:31:35,324 [grpc-default-executor-10] INFO  impl.FollowerInfo (FollowerInfo.java:lambda$new$0(51)) - ad766340-60fb-4b57-8988-b95b42609151@group-B98709856B20->62bb45c5-64cf-4b95-a2f8-324b07832301: nextIndex: updateUnconditionally 16 -> 15
2019-10-15 03:31:35,346 [62bb45c5-64cf-4b95-a2f8-324b07832301@group-B98709856B20-StateMachineUpdater] INFO  ratis.ContainerStateMachine (ContainerStateMachine.java:takeSnapshot(305)) - group-B98709856B20: Finished taking a snapshot at:(t:1, i:13) file:/workdir/hadoop-ozone/integration-test/target/test-dir/MiniOzoneClusterImpl-5622c653-33f5-44d9-9ba1-ef695601b467/datanode-3/data/ratis/64b28bd8-2e20-4641-808e-b98709856b20/sm/snapshot.1_13 time:43
2019-10-15 03:31:35,346 [ad766340-60fb-4b57-8988-b95b42609151@group-B98709856B20-StateMachineUpdater] INFO  ratis.ContainerStateMachine (ContainerStateMachine.java:takeSnapshot(305)) - group-B98709856B20: Finished taking a snapshot at:(t:1, i:13) file:/workdir/hadoop-ozone/integration-test/target/test-dir/MiniOzoneClusterImpl-5622c653-33f5-44d9-9ba1-ef695601b467/datanode-0/data/ratis/64b28bd8-2e20-4641-808e-b98709856b20/sm/snapshot.1_13 time:24
2019-10-15 03:31:35,346 [62bb45c5-64cf-4b95-a2f8-324b07832301@group-B98709856B20-StateMachineUpdater] INFO  impl.StateMachineUpdater (StateMachineUpdater.java:takeSnapshot(269)) - 62bb45c5-64cf-4b95-a2f8-324b07832301@group-B98709856B20-StateMachineUpdater: Took a snapshot at index 13
2019-10-15 03:31:35,346 [ad766340-60fb-4b57-8988-b95b42609151@group-B98709856B20-StateMachineUpdater] INFO  impl.StateMachineUpdater (StateMachineUpdater.java:takeSnapshot(269)) - ad766340-60fb-4b57-8988-b95b42609151@group-B98709856B20-StateMachineUpdater: Took a snapshot at index 13
2019-10-15 03:31:35,346 [62bb45c5-64cf-4b95-a2f8-324b07832301@group-B98709856B20-StateMachineUpdater] INFO  impl.StateMachineUpdater (StateMachineUpdater.java:lambda$new$0(84)) - 62bb45c5-64cf-4b95-a2f8-324b07832301@group-B98709856B20-StateMachineUpdater: snapshotIndex: updateIncreasingly -1 -> 13
2019-10-15 03:31:35,346 [ad766340-60fb-4b57-8988-b95b42609151@group-B98709856B20-StateMachineUpdater] INFO  impl.StateMachineUpdater (StateMachineUpdater.java:lambda$new$0(84)) - ad766340-60fb-4b57-8988-b95b42609151@group-B98709856B20-StateMachineUpdater: snapshotIndex: updateIncreasingly -1 -> 13
2019-10-15 03:31:35,347 [ad766340-60fb-4b57-8988-b95b42609151@group-B98709856B20-StateMachineUpdater] INFO  ratis.ContainerStateMachine (ContainerStateMachine.java:takeSnapshot(294)) - group-B98709856B20: Taking a snapshot at:(t:1, i:13) file /workdir/hadoop-ozone/integration-test/target/test-dir/MiniOzoneClusterImpl-5622c653-33f5-44d9-9ba1-ef695601b467/datanode-0/data/ratis/64b28bd8-2e20-4641-808e-b98709856b20/sm/snapshot.1_13
2019-10-15 03:31:35,347 [62bb45c5-64cf-4b95-a2f8-324b07832301@group-B98709856B20-StateMachineUpdater] INFO  ratis.ContainerStateMachine (ContainerStateMachine.java:takeSnapshot(294)) - group-B98709856B20: Taking a snapshot at:(t:1, i:13) file /workdir/hadoop-ozone/integration-test/target/test-dir/MiniOzoneClusterImpl-5622c653-33f5-44d9-9ba1-ef695601b467/datanode-3/data/ratis/64b28bd8-2e20-4641-808e-b98709856b20/sm/snapshot.1_13
2019-10-15 03:31:35,360 [ad766340-60fb-4b57-8988-b95b42609151@group-B98709856B20-StateMachineUpdater] INFO  ratis.ContainerStateMachine (ContainerStateMachine.java:takeSnapshot(305)) - group-B98709856B20: Finished taking a snapshot at:(t:1, i:13) file:/workdir/hadoop-ozone/integration-test/target/test-dir/MiniOzoneClusterImpl-5622c653-33f5-44d9-9ba1-ef695601b467/datanode-0/data/ratis/64b28bd8-2e20-4641-808e-b98709856b20/sm/snapshot.1_13 time:12
2019-10-15 03:31:35,360 [62bb45c5-64cf-4b95-a2f8-324b07832301@group-B98709856B20-StateMachineUpdater] INFO  ratis.ContainerStateMachine (ContainerStateMachine.java:takeSnapshot(305)) - group-B98709856B20: Finished taking a snapshot at:(t:1, i:13) file:/workdir/hadoop-ozone/integration-test/target/test-dir/MiniOzoneClusterImpl-5622c653-33f5-44d9-9ba1-ef695601b467/datanode-3/data/ratis/64b28bd8-2e20-4641-808e-b98709856b20/sm/snapshot.1_13 time:12
2019-10-15 03:31:35,360 [ad766340-60fb-4b57-8988-b95b42609151@group-B98709856B20-StateMachineUpdater] INFO  impl.StateMachineUpdater (StateMachineUpdater.java:takeSnapshot(269)) - ad766340-60fb-4b57-8988-b95b42609151@group-B98709856B20-StateMachineUpdater: Took a snapshot at index 13
2019-10-15 03:31:35,360 [ad766340-60fb-4b57-8988-b95b42609151@group-B98709856B20-StateMachineUpdater] INFO  impl.StateMachineUpdater (StateMachineUpdater.java:lambda$new$0(84)) - ad766340-60fb-4b57-8988-b95b42609151@group-B98709856B20-StateMachineUpdater: snapshotIndex: updateIncreasingly 13 -> 13
2019-10-15 03:31:35,360 [62bb45c5-64cf-4b95-a2f8-324b07832301@group-B98709856B20-StateMachineUpdater] INFO  impl.StateMachineUpdater (StateMachineUpdater.java:takeSnapshot(269)) - 62bb45c5-64cf-4b95-a2f8-324b07832301@group-B98709856B20-StateMachineUpdater: Took a snapshot at index 13
2019-10-15 03:31:35,360 [ForkJoinPool.commonPool-worker-1] INFO  impl.RaftServerImpl (ServerState.java:close(387)) - ad766340-60fb-4b57-8988-b95b42609151@group-B98709856B20: closes. applyIndex: 15
2019-10-15 03:31:35,360 [62bb45c5-64cf-4b95-a2f8-324b07832301@group-B98709856B20-StateMachineUpdater] INFO  impl.StateMachineUpdater (StateMachineUpdater.java:lambda$new$0(84)) - 62bb45c5-64cf-4b95-a2f8-324b07832301@group-B98709856B20-StateMachineUpdater: snapshotIndex: updateIncreasingly 13 -> 13
2019-10-15 03:31:35,361 [ad766340-60fb-4b57-8988-b95b42609151@group-B98709856B20-SegmentedRaftLogWorker] INFO  segmented.SegmentedRaftLogWorker (SegmentedRaftLogWorker.java:run(316)) - ad766340-60fb-4b57-8988-b95b42609151@group-B98709856B20-SegmentedRaftLogWorker was interrupted, exiting. There are 0 tasks remaining in the queue.
2019-10-15 03:31:35,363 [main] INFO  impl.RaftServerImpl (ServerState.java:close(387)) - 62bb45c5-64cf-4b95-a2f8-324b07832301@group-B98709856B20: closes. applyIndex: 15
2019-10-15 03:31:35,363 [ForkJoinPool.commonPool-worker-1] INFO  segmented.SegmentedRaftLogWorker (SegmentedRaftLogWorker.java:close(224)) - ad766340-60fb-4b57-8988-b95b42609151@group-B98709856B20-SegmentedRaftLogWorker close()
2019-10-15 03:31:35,363 [62bb45c5-64cf-4b95-a2f8-324b07832301@group-B98709856B20-SegmentedRaftLogWorker] INFO  segmented.SegmentedRaftLogWorker (SegmentedRaftLogWorker.java:run(316)) - 62bb45c5-64cf-4b95-a2f8-324b07832301@group-B98709856B20-SegmentedRaftLogWorker was interrupted, exiting. There are 0 tasks remaining in the queue.
2019-10-15 03:31:35,366 [ForkJoinPool.commonPool-worker-1] INFO  server.GrpcService (GrpcService.java:closeImpl(164)) - ad766340-60fb-4b57-8988-b95b42609151: shutdown server with port 34249 now
2019-10-15 03:31:35,368 [main] INFO  segmented.SegmentedRaftLogWorker (SegmentedRaftLogWorker.java:close(224)) - 62bb45c5-64cf-4b95-a2f8-324b07832301@group-B98709856B20-SegmentedRaftLogWorker close()
2019-10-15 03:31:35,375 [main] INFO  server.GrpcService (GrpcService.java:closeImpl(164)) - 62bb45c5-64cf-4b95-a2f8-324b07832301: shutdown server with port 33312 now
2019-10-15 03:31:35,375 [main] INFO  server.GrpcService (GrpcService.java:closeImpl(172)) - 62bb45c5-64cf-4b95-a2f8-324b07832301: shutdown server with port 33312 successfully
2019-10-15 03:31:35,375 [grpc-default-executor-9] WARN  client.GrpcClientProtocolService (LogUtils.java:warn(134)) - 1-UnorderedRequestStreamObserver1: onError: org.apache.ratis.thirdparty.io.grpc.StatusRuntimeException: CANCELLED: cancelled before receiving half close
2019-10-15 03:31:35,375 [ForkJoinPool.commonPool-worker-1] INFO  server.GrpcService (GrpcService.java:closeImpl(172)) - ad766340-60fb-4b57-8988-b95b42609151: shutdown server with port 34249 successfully
2019-10-15 03:31:35,378 [refreshUsed-/workdir/hadoop-ozone/integration-test/target/test-dir/MiniOzoneClusterImpl-5622c653-33f5-44d9-9ba1-ef695601b467/datanode-3/data/containers] WARN  fs.CachingGetSpaceUsed (CachingGetSpaceUsed.java:run(183)) - Thread Interrupted waiting to refresh disk information: sleep interrupted
2019-10-15 03:31:35,380 [refreshUsed-/workdir/hadoop-ozone/integration-test/target/test-dir/MiniOzoneClusterImpl-5622c653-33f5-44d9-9ba1-ef695601b467/datanode-0/data/containers] WARN  fs.CachingGetSpaceUsed (CachingGetSpaceUsed.java:run(183)) - Thread Interrupted waiting to refresh disk information: sleep interrupted
2019-10-15 03:31:35,395 [ForkJoinPool.commonPool-worker-1] INFO  utils.BackgroundService (BackgroundService.java:shutdown(151)) - Shutting down service BlockDeletingService
2019-10-15 03:31:35,399 [ForkJoinPool.commonPool-worker-1] INFO  statemachine.DatanodeStateMachine (DatanodeStateMachine.java:stopDaemon(395)) - Ozone container server stopped.
2019-10-15 03:31:35,403 [ForkJoinPool.commonPool-worker-1] INFO  handler.ContextHandler (ContextHandler.java:doStop(910)) - Stopped o.e.j.w.WebAppContext@175c5c3a{/,null,UNAVAILABLE}{/hddsDatanode}
2019-10-15 03:31:35,403 [ForkJoinPool.commonPool-worker-1] INFO  server.AbstractConnector (AbstractConnector.java:doStop(318)) - Stopped ServerConnector@69a5c6be{HTTP/1.1,[http/1.1]}{0.0.0.0:0}
2019-10-15 03:31:35,405 [ForkJoinPool.commonPool-worker-1] INFO  handler.ContextHandler (ContextHandler.java:doStop(910)) - Stopped o.e.j.s.ServletContextHandler@4cc12db2{/static,jar:file:/home/user/.m2/repository/org/apache/hadoop/hadoop-hdds-container-service/0.5.0-SNAPSHOT/hadoop-hdds-container-service-0.5.0-SNAPSHOT.jar!/webapps/static,UNAVAILABLE}
2019-10-15 03:31:35,406 [ForkJoinPool.commonPool-worker-1] INFO  handler.ContextHandler (ContextHandler.java:doStop(910)) - Stopped o.e.j.s.ServletContextHandler@75793f17{/logs,file:///workdir/hadoop-ozone/integration-test/target/log,UNAVAILABLE}
2019-10-15 03:31:35,407 [main] INFO  utils.BackgroundService (BackgroundService.java:shutdown(151)) - Shutting down service BlockDeletingService
2019-10-15 03:31:35,410 [main] INFO  statemachine.DatanodeStateMachine (DatanodeStateMachine.java:stopDaemon(395)) - Ozone container server stopped.
2019-10-15 03:31:35,410 [main] INFO  handler.ContextHandler (ContextHandler.java:doStop(910)) - Stopped o.e.j.w.WebAppContext@4b4969ea{/,null,UNAVAILABLE}{/hddsDatanode}
2019-10-15 03:31:35,411 [main] INFO  server.AbstractConnector (AbstractConnector.java:doStop(318)) - Stopped ServerConnector@11c581a0{HTTP/1.1,[http/1.1]}{0.0.0.0:0}
2019-10-15 03:31:35,411 [main] INFO  handler.ContextHandler (ContextHandler.java:doStop(910)) - Stopped o.e.j.s.ServletContextHandler@24d8f87a{/static,jar:file:/home/user/.m2/repository/org/apache/hadoop/hadoop-hdds-container-service/0.5.0-SNAPSHOT/hadoop-hdds-container-service-0.5.0-SNAPSHOT.jar!/webapps/static,UNAVAILABLE}
2019-10-15 03:31:35,412 [main] INFO  handler.ContextHandler (ContextHandler.java:doStop(910)) - Stopped o.e.j.s.ServletContextHandler@36d582cb{/logs,file:///workdir/hadoop-ozone/integration-test/target/log,UNAVAILABLE}
2019-10-15 03:31:35,592 [Datanode State Machine Thread - 0] INFO  statemachine.DatanodeStateMachine (DatanodeStateMachine.java:lambda$startDaemon$0(350)) - Ozone container server started.
2019-10-15 03:31:36,072 [Datanode State Machine Thread - 0] INFO  statemachine.DatanodeStateMachine (DatanodeStateMachine.java:lambda$startDaemon$0(350)) - Ozone container server started.
2019-10-15 03:31:39,648 [EventQueue-StaleNodeForStaleNodeHandler] INFO  node.StaleNodeHandler (StaleNodeHandler.java:onMessage(58)) - Datanode 19a9e230-345c-4f8a-b3b2-bd4c3694799a{ip: 192.168.157.236, host: pr-hdds-2278-dv8k5-3424803466, networkLocation: /default-rack, certSerialId: null} moved to stale state. Finalizing its pipelines [PipelineID=e3f331a1-c291-4973-9d98-abf66868bfa8]
2019-10-15 03:31:39,649 [EventQueue-StaleNodeForStaleNodeHandler] INFO  pipeline.SCMPipelineManager (SCMPipelineManager.java:finalizeAndDestroyPipeline(315)) - destroying pipeline:Pipeline[ Id: e3f331a1-c291-4973-9d98-abf66868bfa8, Nodes: 19a9e230-345c-4f8a-b3b2-bd4c3694799a{ip: 192.168.157.236, host: pr-hdds-2278-dv8k5-3424803466, networkLocation: /default-rack, certSerialId: null}, Type:RATIS, Factor:ONE, State:OPEN]
2019-10-15 03:31:39,649 [EventQueue-StaleNodeForStaleNodeHandler] INFO  pipeline.PipelineStateManager (PipelineStateManager.java:finalizePipeline(123)) - Pipeline Pipeline[ Id: e3f331a1-c291-4973-9d98-abf66868bfa8, Nodes: 19a9e230-345c-4f8a-b3b2-bd4c3694799a{ip: 192.168.157.236, host: pr-hdds-2278-dv8k5-3424803466, networkLocation: /default-rack, certSerialId: null}, Type:RATIS, Factor:ONE, State:CLOSED] moved to CLOSED state
2019-10-15 03:31:39,726 [Thread-3336] INFO  impl.FollowerState (FollowerState.java:run(108)) - 251ee4cd-b9df-4f77-8c52-c5e9eff662c2@group-7FB8756FF130-FollowerState: change to CANDIDATE, lastRpcTime:10137ms, electionTimeout:5196ms
2019-10-15 03:31:39,726 [Thread-3336] INFO  impl.RoleInfo (RoleInfo.java:shutdownFollowerState(121)) - 251ee4cd-b9df-4f77-8c52-c5e9eff662c2: shutdown FollowerState
2019-10-15 03:31:39,727 [Thread-3336] INFO  impl.RaftServerImpl (RaftServerImpl.java:setRole(170)) - 251ee4cd-b9df-4f77-8c52-c5e9eff662c2@group-7FB8756FF130: changes role from  FOLLOWER to CANDIDATE at term 3 for changeToCandidate
2019-10-15 03:31:39,727 [Thread-3336] INFO  impl.RoleInfo (RoleInfo.java:updateAndGet(143)) - 251ee4cd-b9df-4f77-8c52-c5e9eff662c2: start LeaderElection
2019-10-15 03:31:39,728 [251ee4cd-b9df-4f77-8c52-c5e9eff662c2@group-7FB8756FF130-LeaderElection107] INFO  impl.RaftServerImpl (ServerState.java:setLeader(255)) - 251ee4cd-b9df-4f77-8c52-c5e9eff662c2@group-7FB8756FF130: change Leader from 3e1caccb-f9ab-465e-a648-53867b9772ef to null at term 3 for initElection
2019-10-15 03:31:39,742 [251ee4cd-b9df-4f77-8c52-c5e9eff662c2@group-7FB8756FF130-LeaderElection107] INFO  impl.LeaderElection (LeaderElection.java:askForVotes(178)) - 251ee4cd-b9df-4f77-8c52-c5e9eff662c2@group-7FB8756FF130-LeaderElection107: begin an election at term 4 for 16: [3e1caccb-f9ab-465e-a648-53867b9772ef:192.168.157.236:39345, 572ff2ee-e904-4734-b002-88c441a29bd6:192.168.157.236:38035, 251ee4cd-b9df-4f77-8c52-c5e9eff662c2:192.168.157.236:44097], old=null
2019-10-15 03:31:39,746 [251ee4cd-b9df-4f77-8c52-c5e9eff662c2@group-7FB8756FF130-LeaderElection107] INFO  impl.LeaderElection (LogUtils.java:infoOrTrace(149)) - 251ee4cd-b9df-4f77-8c52-c5e9eff662c2@group-7FB8756FF130-LeaderElection107 got exception when requesting votes: {}
java.util.concurrent.ExecutionException: org.apache.ratis.thirdparty.io.grpc.StatusRuntimeException: UNAVAILABLE: io exception
	at java.util.concurrent.FutureTask.report(FutureTask.java:122)
	at java.util.concurrent.FutureTask.get(FutureTask.java:192)
	at org.apache.ratis.server.impl.LeaderElection.waitForResults(LeaderElection.java:259)
	at org.apache.ratis.server.impl.LeaderElection.askForVotes(LeaderElection.java:197)
	at org.apache.ratis.server.impl.LeaderElection.run(LeaderElection.java:133)
	at java.lang.Thread.run(Thread.java:748)
Caused by: org.apache.ratis.thirdparty.io.grpc.StatusRuntimeException: UNAVAILABLE: io exception
	at org.apache.ratis.thirdparty.io.grpc.stub.ClientCalls.toStatusRuntimeException(ClientCalls.java:233)
	at org.apache.ratis.thirdparty.io.grpc.stub.ClientCalls.getUnchecked(ClientCalls.java:214)
	at org.apache.ratis.thirdparty.io.grpc.stub.ClientCalls.blockingUnaryCall(ClientCalls.java:139)
	at org.apache.ratis.proto.grpc.RaftServerProtocolServiceGrpc$RaftServerProtocolServiceBlockingStub.requestVote(RaftServerProtocolServiceGrpc.java:265)
	at org.apache.ratis.grpc.server.GrpcServerProtocolClient.requestVote(GrpcServerProtocolClient.java:99)
	at org.apache.ratis.grpc.server.GrpcService.requestVote(GrpcService.java:204)
	at org.apache.ratis.server.impl.LeaderElection.lambda$submitRequests$1(LeaderElection.java:234)
	at java.util.concurrent.FutureTask.run(FutureTask.java:266)
	at java.util.concurrent.Executors$RunnableAdapter.call(Executors.java:511)
	at java.util.concurrent.FutureTask.run(FutureTask.java:266)
	at java.util.concurrent.ThreadPoolExecutor.runWorker(ThreadPoolExecutor.java:1149)
	at java.util.concurrent.ThreadPoolExecutor$Worker.run(ThreadPoolExecutor.java:624)
	... 1 more
Caused by: org.apache.ratis.thirdparty.io.netty.channel.AbstractChannel$AnnotatedConnectException: Connection refused: /192.168.157.236:39345
	at sun.nio.ch.SocketChannelImpl.checkConnect(Native Method)
	at sun.nio.ch.SocketChannelImpl.finishConnect(SocketChannelImpl.java:717)
	at org.apache.ratis.thirdparty.io.netty.channel.socket.nio.NioSocketChannel.doFinishConnect(NioSocketChannel.java:327)
	at org.apache.ratis.thirdparty.io.netty.channel.nio.AbstractNioChannel$AbstractNioUnsafe.finishConnect(AbstractNioChannel.java:340)
	at org.apache.ratis.thirdparty.io.netty.channel.nio.NioEventLoop.processSelectedKey(NioEventLoop.java:632)
	at org.apache.ratis.thirdparty.io.netty.channel.nio.NioEventLoop.processSelectedKeysOptimized(NioEventLoop.java:579)
	at org.apache.ratis.thirdparty.io.netty.channel.nio.NioEventLoop.processSelectedKeys(NioEventLoop.java:496)
	at org.apache.ratis.thirdparty.io.netty.channel.nio.NioEventLoop.run(NioEventLoop.java:458)
	at org.apache.ratis.thirdparty.io.netty.util.concurrent.SingleThreadEventExecutor$5.run(SingleThreadEventExecutor.java:897)
	at org.apache.ratis.thirdparty.io.netty.util.concurrent.FastThreadLocalRunnable.run(FastThreadLocalRunnable.java:30)
	... 1 more
Caused by: java.net.ConnectException: Connection refused
	... 11 more
2019-10-15 03:31:39,754 [251ee4cd-b9df-4f77-8c52-c5e9eff662c2@group-7FB8756FF130-LeaderElection107] INFO  impl.LeaderElection (LogUtils.java:infoOrTrace(149)) - 251ee4cd-b9df-4f77-8c52-c5e9eff662c2@group-7FB8756FF130-LeaderElection107 got exception when requesting votes: {}
java.util.concurrent.ExecutionException: org.apache.ratis.thirdparty.io.grpc.StatusRuntimeException: UNAVAILABLE: io exception
	at java.util.concurrent.FutureTask.report(FutureTask.java:122)
	at java.util.concurrent.FutureTask.get(FutureTask.java:192)
	at org.apache.ratis.server.impl.LeaderElection.waitForResults(LeaderElection.java:259)
	at org.apache.ratis.server.impl.LeaderElection.askForVotes(LeaderElection.java:197)
	at org.apache.ratis.server.impl.LeaderElection.run(LeaderElection.java:133)
	at java.lang.Thread.run(Thread.java:748)
Caused by: org.apache.ratis.thirdparty.io.grpc.StatusRuntimeException: UNAVAILABLE: io exception
	at org.apache.ratis.thirdparty.io.grpc.stub.ClientCalls.toStatusRuntimeException(ClientCalls.java:233)
	at org.apache.ratis.thirdparty.io.grpc.stub.ClientCalls.getUnchecked(ClientCalls.java:214)
	at org.apache.ratis.thirdparty.io.grpc.stub.ClientCalls.blockingUnaryCall(ClientCalls.java:139)
	at org.apache.ratis.proto.grpc.RaftServerProtocolServiceGrpc$RaftServerProtocolServiceBlockingStub.requestVote(RaftServerProtocolServiceGrpc.java:265)
	at org.apache.ratis.grpc.server.GrpcServerProtocolClient.requestVote(GrpcServerProtocolClient.java:99)
	at org.apache.ratis.grpc.server.GrpcService.requestVote(GrpcService.java:204)
	at org.apache.ratis.server.impl.LeaderElection.lambda$submitRequests$1(LeaderElection.java:234)
	at java.util.concurrent.FutureTask.run(FutureTask.java:266)
	at java.util.concurrent.Executors$RunnableAdapter.call(Executors.java:511)
	at java.util.concurrent.FutureTask.run(FutureTask.java:266)
	at java.util.concurrent.ThreadPoolExecutor.runWorker(ThreadPoolExecutor.java:1149)
	at java.util.concurrent.ThreadPoolExecutor$Worker.run(ThreadPoolExecutor.java:624)
	... 1 more
Caused by: org.apache.ratis.thirdparty.io.netty.channel.AbstractChannel$AnnotatedConnectException: Connection refused: /192.168.157.236:38035
	at sun.nio.ch.SocketChannelImpl.checkConnect(Native Method)
	at sun.nio.ch.SocketChannelImpl.finishConnect(SocketChannelImpl.java:717)
	at org.apache.ratis.thirdparty.io.netty.channel.socket.nio.NioSocketChannel.doFinishConnect(NioSocketChannel.java:327)
	at org.apache.ratis.thirdparty.io.netty.channel.nio.AbstractNioChannel$AbstractNioUnsafe.finishConnect(AbstractNioChannel.java:340)
	at org.apache.ratis.thirdparty.io.netty.channel.nio.NioEventLoop.processSelectedKey(NioEventLoop.java:632)
	at org.apache.ratis.thirdparty.io.netty.channel.nio.NioEventLoop.processSelectedKeysOptimized(NioEventLoop.java:579)
	at org.apache.ratis.thirdparty.io.netty.channel.nio.NioEventLoop.processSelectedKeys(NioEventLoop.java:496)
	at org.apache.ratis.thirdparty.io.netty.channel.nio.NioEventLoop.run(NioEventLoop.java:458)
	at org.apache.ratis.thirdparty.io.netty.util.concurrent.SingleThreadEventExecutor$5.run(SingleThreadEventExecutor.java:897)
	at org.apache.ratis.thirdparty.io.netty.util.concurrent.FastThreadLocalRunnable.run(FastThreadLocalRunnable.java:30)
	... 1 more
Caused by: java.net.ConnectException: Connection refused
	... 11 more
2019-10-15 03:31:39,755 [251ee4cd-b9df-4f77-8c52-c5e9eff662c2@group-7FB8756FF130-LeaderElection107] INFO  impl.LeaderElection (LeaderElection.java:logAndReturn(56)) - 251ee4cd-b9df-4f77-8c52-c5e9eff662c2@group-7FB8756FF130-LeaderElection107: Election REJECTED; received 0 response(s) [] and 2 exception(s); 251ee4cd-b9df-4f77-8c52-c5e9eff662c2@group-7FB8756FF130:t4, leader=null, voted=251ee4cd-b9df-4f77-8c52-c5e9eff662c2, raftlog=251ee4cd-b9df-4f77-8c52-c5e9eff662c2@group-7FB8756FF130-SegmentedRaftLog:OPENED:c17,f17,i17, conf=16: [3e1caccb-f9ab-465e-a648-53867b9772ef:192.168.157.236:39345, 572ff2ee-e904-4734-b002-88c441a29bd6:192.168.157.236:38035, 251ee4cd-b9df-4f77-8c52-c5e9eff662c2:192.168.157.236:44097], old=null
2019-10-15 03:31:39,755 [251ee4cd-b9df-4f77-8c52-c5e9eff662c2@group-7FB8756FF130-LeaderElection107] INFO  impl.LeaderElection (LogUtils.java:infoOrTrace(149)) -   Exception 0: {}
java.util.concurrent.ExecutionException: org.apache.ratis.thirdparty.io.grpc.StatusRuntimeException: UNAVAILABLE: io exception
	at java.util.concurrent.FutureTask.report(FutureTask.java:122)
	at java.util.concurrent.FutureTask.get(FutureTask.java:192)
	at org.apache.ratis.server.impl.LeaderElection.waitForResults(LeaderElection.java:259)
	at org.apache.ratis.server.impl.LeaderElection.askForVotes(LeaderElection.java:197)
	at org.apache.ratis.server.impl.LeaderElection.run(LeaderElection.java:133)
	at java.lang.Thread.run(Thread.java:748)
Caused by: org.apache.ratis.thirdparty.io.grpc.StatusRuntimeException: UNAVAILABLE: io exception
	at org.apache.ratis.thirdparty.io.grpc.stub.ClientCalls.toStatusRuntimeException(ClientCalls.java:233)
	at org.apache.ratis.thirdparty.io.grpc.stub.ClientCalls.getUnchecked(ClientCalls.java:214)
	at org.apache.ratis.thirdparty.io.grpc.stub.ClientCalls.blockingUnaryCall(ClientCalls.java:139)
	at org.apache.ratis.proto.grpc.RaftServerProtocolServiceGrpc$RaftServerProtocolServiceBlockingStub.requestVote(RaftServerProtocolServiceGrpc.java:265)
	at org.apache.ratis.grpc.server.GrpcServerProtocolClient.requestVote(GrpcServerProtocolClient.java:99)
	at org.apache.ratis.grpc.server.GrpcService.requestVote(GrpcService.java:204)
	at org.apache.ratis.server.impl.LeaderElection.lambda$submitRequests$1(LeaderElection.java:234)
	at java.util.concurrent.FutureTask.run(FutureTask.java:266)
	at java.util.concurrent.Executors$RunnableAdapter.call(Executors.java:511)
	at java.util.concurrent.FutureTask.run(FutureTask.java:266)
	at java.util.concurrent.ThreadPoolExecutor.runWorker(ThreadPoolExecutor.java:1149)
	at java.util.concurrent.ThreadPoolExecutor$Worker.run(ThreadPoolExecutor.java:624)
	... 1 more
Caused by: org.apache.ratis.thirdparty.io.netty.channel.AbstractChannel$AnnotatedConnectException: Connection refused: /192.168.157.236:39345
	at sun.nio.ch.SocketChannelImpl.checkConnect(Native Method)
	at sun.nio.ch.SocketChannelImpl.finishConnect(SocketChannelImpl.java:717)
	at org.apache.ratis.thirdparty.io.netty.channel.socket.nio.NioSocketChannel.doFinishConnect(NioSocketChannel.java:327)
	at org.apache.ratis.thirdparty.io.netty.channel.nio.AbstractNioChannel$AbstractNioUnsafe.finishConnect(AbstractNioChannel.java:340)
	at org.apache.ratis.thirdparty.io.netty.channel.nio.NioEventLoop.processSelectedKey(NioEventLoop.java:632)
	at org.apache.ratis.thirdparty.io.netty.channel.nio.NioEventLoop.processSelectedKeysOptimized(NioEventLoop.java:579)
	at org.apache.ratis.thirdparty.io.netty.channel.nio.NioEventLoop.processSelectedKeys(NioEventLoop.java:496)
	at org.apache.ratis.thirdparty.io.netty.channel.nio.NioEventLoop.run(NioEventLoop.java:458)
	at org.apache.ratis.thirdparty.io.netty.util.concurrent.SingleThreadEventExecutor$5.run(SingleThreadEventExecutor.java:897)
	at org.apache.ratis.thirdparty.io.netty.util.concurrent.FastThreadLocalRunnable.run(FastThreadLocalRunnable.java:30)
	... 1 more
Caused by: java.net.ConnectException: Connection refused
	... 11 more
2019-10-15 03:31:39,756 [251ee4cd-b9df-4f77-8c52-c5e9eff662c2@group-7FB8756FF130-LeaderElection107] INFO  impl.LeaderElection (LogUtils.java:infoOrTrace(149)) -   Exception 1: {}
java.util.concurrent.ExecutionException: org.apache.ratis.thirdparty.io.grpc.StatusRuntimeException: UNAVAILABLE: io exception
	at java.util.concurrent.FutureTask.report(FutureTask.java:122)
	at java.util.concurrent.FutureTask.get(FutureTask.java:192)
	at org.apache.ratis.server.impl.LeaderElection.waitForResults(LeaderElection.java:259)
	at org.apache.ratis.server.impl.LeaderElection.askForVotes(LeaderElection.java:197)
	at org.apache.ratis.server.impl.LeaderElection.run(LeaderElection.java:133)
	at java.lang.Thread.run(Thread.java:748)
Caused by: org.apache.ratis.thirdparty.io.grpc.StatusRuntimeException: UNAVAILABLE: io exception
	at org.apache.ratis.thirdparty.io.grpc.stub.ClientCalls.toStatusRuntimeException(ClientCalls.java:233)
	at org.apache.ratis.thirdparty.io.grpc.stub.ClientCalls.getUnchecked(ClientCalls.java:214)
	at org.apache.ratis.thirdparty.io.grpc.stub.ClientCalls.blockingUnaryCall(ClientCalls.java:139)
	at org.apache.ratis.proto.grpc.RaftServerProtocolServiceGrpc$RaftServerProtocolServiceBlockingStub.requestVote(RaftServerProtocolServiceGrpc.java:265)
	at org.apache.ratis.grpc.server.GrpcServerProtocolClient.requestVote(GrpcServerProtocolClient.java:99)
	at org.apache.ratis.grpc.server.GrpcService.requestVote(GrpcService.java:204)
	at org.apache.ratis.server.impl.LeaderElection.lambda$submitRequests$1(LeaderElection.java:234)
	at java.util.concurrent.FutureTask.run(FutureTask.java:266)
	at java.util.concurrent.Executors$RunnableAdapter.call(Executors.java:511)
	at java.util.concurrent.FutureTask.run(FutureTask.java:266)
	at java.util.concurrent.ThreadPoolExecutor.runWorker(ThreadPoolExecutor.java:1149)
	at java.util.concurrent.ThreadPoolExecutor$Worker.run(ThreadPoolExecutor.java:624)
	... 1 more
Caused by: org.apache.ratis.thirdparty.io.netty.channel.AbstractChannel$AnnotatedConnectException: Connection refused: /192.168.157.236:38035
	at sun.nio.ch.SocketChannelImpl.checkConnect(Native Method)
	at sun.nio.ch.SocketChannelImpl.finishConnect(SocketChannelImpl.java:717)
	at org.apache.ratis.thirdparty.io.netty.channel.socket.nio.NioSocketChannel.doFinishConnect(NioSocketChannel.java:327)
	at org.apache.ratis.thirdparty.io.netty.channel.nio.AbstractNioChannel$AbstractNioUnsafe.finishConnect(AbstractNioChannel.java:340)
	at org.apache.ratis.thirdparty.io.netty.channel.nio.NioEventLoop.processSelectedKey(NioEventLoop.java:632)
	at org.apache.ratis.thirdparty.io.netty.channel.nio.NioEventLoop.processSelectedKeysOptimized(NioEventLoop.java:579)
	at org.apache.ratis.thirdparty.io.netty.channel.nio.NioEventLoop.processSelectedKeys(NioEventLoop.java:496)
	at org.apache.ratis.thirdparty.io.netty.channel.nio.NioEventLoop.run(NioEventLoop.java:458)
	at org.apache.ratis.thirdparty.io.netty.util.concurrent.SingleThreadEventExecutor$5.run(SingleThreadEventExecutor.java:897)
	at org.apache.ratis.thirdparty.io.netty.util.concurrent.FastThreadLocalRunnable.run(FastThreadLocalRunnable.java:30)
	... 1 more
Caused by: java.net.ConnectException: Connection refused
	... 11 more
2019-10-15 03:31:39,756 [251ee4cd-b9df-4f77-8c52-c5e9eff662c2@group-7FB8756FF130-LeaderElection107] INFO  impl.RaftServerImpl (RaftServerImpl.java:setRole(170)) - 251ee4cd-b9df-4f77-8c52-c5e9eff662c2@group-7FB8756FF130: changes role from CANDIDATE to FOLLOWER at term 4 for DISCOVERED_A_NEW_TERM
2019-10-15 03:31:39,756 [251ee4cd-b9df-4f77-8c52-c5e9eff662c2@group-7FB8756FF130-LeaderElection107] INFO  impl.RoleInfo (RoleInfo.java:shutdownLeaderElection(134)) - 251ee4cd-b9df-4f77-8c52-c5e9eff662c2: shutdown LeaderElection
2019-10-15 03:31:39,756 [251ee4cd-b9df-4f77-8c52-c5e9eff662c2@group-7FB8756FF130-LeaderElection107] INFO  impl.RoleInfo (RoleInfo.java:updateAndGet(143)) - 251ee4cd-b9df-4f77-8c52-c5e9eff662c2: start FollowerState
2019-10-15 03:31:40,155 [EventQueue-StaleNodeForStaleNodeHandler] INFO  node.StaleNodeHandler (StaleNodeHandler.java:onMessage(58)) - Datanode 251ee4cd-b9df-4f77-8c52-c5e9eff662c2{ip: 192.168.157.236, host: pr-hdds-2278-dv8k5-3424803466, networkLocation: /default-rack, certSerialId: null} moved to stale state. Finalizing its pipelines [PipelineID=bf91cc34-1aef-45ce-a4da-656794984202, PipelineID=0f5f8057-2ac4-42f5-a277-7fb8756ff130]
2019-10-15 03:31:40,158 [EventQueue-StaleNodeForStaleNodeHandler] INFO  pipeline.SCMPipelineManager (SCMPipelineManager.java:finalizeAndDestroyPipeline(315)) - destroying pipeline:Pipeline[ Id: bf91cc34-1aef-45ce-a4da-656794984202, Nodes: 251ee4cd-b9df-4f77-8c52-c5e9eff662c2{ip: 192.168.157.236, host: pr-hdds-2278-dv8k5-3424803466, networkLocation: /default-rack, certSerialId: null}, Type:RATIS, Factor:ONE, State:OPEN]
2019-10-15 03:31:40,159 [EventQueue-StaleNodeForStaleNodeHandler] INFO  pipeline.PipelineStateManager (PipelineStateManager.java:finalizePipeline(123)) - Pipeline Pipeline[ Id: bf91cc34-1aef-45ce-a4da-656794984202, Nodes: 251ee4cd-b9df-4f77-8c52-c5e9eff662c2{ip: 192.168.157.236, host: pr-hdds-2278-dv8k5-3424803466, networkLocation: /default-rack, certSerialId: null}, Type:RATIS, Factor:ONE, State:CLOSED] moved to CLOSED state
2019-10-15 03:31:40,160 [EventQueue-StaleNodeForStaleNodeHandler] INFO  pipeline.SCMPipelineManager (SCMPipelineManager.java:finalizeAndDestroyPipeline(315)) - destroying pipeline:Pipeline[ Id: 0f5f8057-2ac4-42f5-a277-7fb8756ff130, Nodes: 572ff2ee-e904-4734-b002-88c441a29bd6{ip: 192.168.157.236, host: pr-hdds-2278-dv8k5-3424803466, networkLocation: /default-rack, certSerialId: null}3e1caccb-f9ab-465e-a648-53867b9772ef{ip: 192.168.157.236, host: pr-hdds-2278-dv8k5-3424803466, networkLocation: /default-rack, certSerialId: null}251ee4cd-b9df-4f77-8c52-c5e9eff662c2{ip: 192.168.157.236, host: pr-hdds-2278-dv8k5-3424803466, networkLocation: /default-rack, certSerialId: null}, Type:RATIS, Factor:THREE, State:CLOSED]
2019-10-15 03:31:40,408 [ForkJoinPool.commonPool-worker-1] INFO  ozoneimpl.OzoneContainer (OzoneContainer.java:stop(227)) - Attempting to stop container services.
2019-10-15 03:31:40,409 [ForkJoinPool.commonPool-worker-1] INFO  impl.RaftServerProxy (RaftServerProxy.java:lambda$close$4(314)) - 251ee4cd-b9df-4f77-8c52-c5e9eff662c2: close
2019-10-15 03:31:40,410 [ForkJoinPool.commonPool-worker-1] INFO  impl.RaftServerImpl (RaftServerImpl.java:lambda$shutdown$3(247)) - 251ee4cd-b9df-4f77-8c52-c5e9eff662c2@group-656794984202: shutdown
2019-10-15 03:31:40,410 [ForkJoinPool.commonPool-worker-1] INFO  util.JmxRegister (JmxRegister.java:unregister(73)) - Successfully un-registered JMX Bean with object name Ratis:service=RaftServer,group=group-656794984202,id=251ee4cd-b9df-4f77-8c52-c5e9eff662c2
2019-10-15 03:31:40,411 [ForkJoinPool.commonPool-worker-1] INFO  impl.RoleInfo (RoleInfo.java:shutdownLeaderState(104)) - 251ee4cd-b9df-4f77-8c52-c5e9eff662c2: shutdown LeaderState
2019-10-15 03:31:40,411 [ForkJoinPool.commonPool-worker-1] INFO  impl.PendingRequests (PendingRequests.java:sendNotLeaderResponses(202)) - 251ee4cd-b9df-4f77-8c52-c5e9eff662c2@group-656794984202-PendingRequests: sendNotLeaderResponses
2019-10-15 03:31:40,412 [ForkJoinPool.commonPool-worker-1] INFO  impl.StateMachineUpdater (StateMachineUpdater.java:stopAndJoin(136)) - 251ee4cd-b9df-4f77-8c52-c5e9eff662c2@group-656794984202-StateMachineUpdater: set stopIndex = 0
2019-10-15 03:31:40,413 [ForkJoinPool.commonPool-worker-1] INFO  impl.RaftServerImpl (ServerState.java:close(387)) - 251ee4cd-b9df-4f77-8c52-c5e9eff662c2@group-656794984202: closes. applyIndex: 0
2019-10-15 03:31:40,413 [main] INFO  ozoneimpl.OzoneContainer (OzoneContainer.java:stop(227)) - Attempting to stop container services.
2019-10-15 03:31:40,416 [251ee4cd-b9df-4f77-8c52-c5e9eff662c2@group-656794984202-SegmentedRaftLogWorker] INFO  segmented.SegmentedRaftLogWorker (SegmentedRaftLogWorker.java:run(316)) - 251ee4cd-b9df-4f77-8c52-c5e9eff662c2@group-656794984202-SegmentedRaftLogWorker was interrupted, exiting. There are 0 tasks remaining in the queue.
2019-10-15 03:31:40,416 [main] INFO  impl.RaftServerProxy (RaftServerProxy.java:lambda$close$4(314)) - 19a9e230-345c-4f8a-b3b2-bd4c3694799a: close
2019-10-15 03:31:40,417 [main] INFO  impl.RaftServerImpl (RaftServerImpl.java:lambda$shutdown$3(247)) - 19a9e230-345c-4f8a-b3b2-bd4c3694799a@group-ABF66868BFA8: shutdown
2019-10-15 03:31:40,417 [ForkJoinPool.commonPool-worker-1] INFO  segmented.SegmentedRaftLogWorker (SegmentedRaftLogWorker.java:close(224)) - 251ee4cd-b9df-4f77-8c52-c5e9eff662c2@group-656794984202-SegmentedRaftLogWorker close()
2019-10-15 03:31:40,417 [main] INFO  util.JmxRegister (JmxRegister.java:unregister(73)) - Successfully un-registered JMX Bean with object name Ratis:service=RaftServer,group=group-ABF66868BFA8,id=19a9e230-345c-4f8a-b3b2-bd4c3694799a
2019-10-15 03:31:40,419 [ForkJoinPool.commonPool-worker-1] INFO  impl.RaftServerImpl (RaftServerImpl.java:lambda$shutdown$3(247)) - 251ee4cd-b9df-4f77-8c52-c5e9eff662c2@group-7FB8756FF130: shutdown
2019-10-15 03:31:40,420 [main] INFO  impl.RoleInfo (RoleInfo.java:shutdownLeaderState(104)) - 19a9e230-345c-4f8a-b3b2-bd4c3694799a: shutdown LeaderState
2019-10-15 03:31:40,420 [ForkJoinPool.commonPool-worker-1] INFO  util.JmxRegister (JmxRegister.java:unregister(73)) - Successfully un-registered JMX Bean with object name Ratis:service=RaftServer,group=group-7FB8756FF130,id=251ee4cd-b9df-4f77-8c52-c5e9eff662c2
2019-10-15 03:31:40,420 [main] INFO  impl.PendingRequests (PendingRequests.java:sendNotLeaderResponses(202)) - 19a9e230-345c-4f8a-b3b2-bd4c3694799a@group-ABF66868BFA8-PendingRequests: sendNotLeaderResponses
2019-10-15 03:31:40,421 [ForkJoinPool.commonPool-worker-1] INFO  impl.RoleInfo (RoleInfo.java:shutdownFollowerState(121)) - 251ee4cd-b9df-4f77-8c52-c5e9eff662c2: shutdown FollowerState
2019-10-15 03:31:40,421 [main] INFO  impl.StateMachineUpdater (StateMachineUpdater.java:stopAndJoin(136)) - 19a9e230-345c-4f8a-b3b2-bd4c3694799a@group-ABF66868BFA8-StateMachineUpdater: set stopIndex = 0
2019-10-15 03:31:40,422 [251ee4cd-b9df-4f77-8c52-c5e9eff662c2@group-7FB8756FF130-StateMachineUpdater] INFO  ratis.ContainerStateMachine (ContainerStateMachine.java:takeSnapshot(294)) - group-7FB8756FF130: Taking a snapshot at:(t:2, i:13) file /workdir/hadoop-ozone/integration-test/target/test-dir/MiniOzoneClusterImpl-5622c653-33f5-44d9-9ba1-ef695601b467/datanode-6/data/ratis/0f5f8057-2ac4-42f5-a277-7fb8756ff130/sm/snapshot.2_13
2019-10-15 03:31:40,422 [Thread-3415] INFO  impl.FollowerState (FollowerState.java:run(117)) - 251ee4cd-b9df-4f77-8c52-c5e9eff662c2@group-7FB8756FF130-FollowerState was interrupted: java.lang.InterruptedException: sleep interrupted
2019-10-15 03:31:40,422 [ForkJoinPool.commonPool-worker-1] INFO  impl.StateMachineUpdater (StateMachineUpdater.java:stopAndJoin(136)) - 251ee4cd-b9df-4f77-8c52-c5e9eff662c2@group-7FB8756FF130-StateMachineUpdater: set stopIndex = 17
2019-10-15 03:31:40,422 [main] INFO  impl.RaftServerImpl (ServerState.java:close(387)) - 19a9e230-345c-4f8a-b3b2-bd4c3694799a@group-ABF66868BFA8: closes. applyIndex: 0
2019-10-15 03:31:40,425 [19a9e230-345c-4f8a-b3b2-bd4c3694799a@group-ABF66868BFA8-SegmentedRaftLogWorker] INFO  segmented.SegmentedRaftLogWorker (SegmentedRaftLogWorker.java:run(316)) - 19a9e230-345c-4f8a-b3b2-bd4c3694799a@group-ABF66868BFA8-SegmentedRaftLogWorker was interrupted, exiting. There are 0 tasks remaining in the queue.
2019-10-15 03:31:40,425 [main] INFO  segmented.SegmentedRaftLogWorker (SegmentedRaftLogWorker.java:close(224)) - 19a9e230-345c-4f8a-b3b2-bd4c3694799a@group-ABF66868BFA8-SegmentedRaftLogWorker close()
2019-10-15 03:31:40,427 [main] INFO  server.GrpcService (GrpcService.java:closeImpl(164)) - 19a9e230-345c-4f8a-b3b2-bd4c3694799a: shutdown server with port 38230 now
2019-10-15 03:31:40,441 [main] INFO  server.GrpcService (GrpcService.java:closeImpl(172)) - 19a9e230-345c-4f8a-b3b2-bd4c3694799a: shutdown server with port 38230 successfully
2019-10-15 03:31:40,455 [refreshUsed-/workdir/hadoop-ozone/integration-test/target/test-dir/MiniOzoneClusterImpl-5622c653-33f5-44d9-9ba1-ef695601b467/datanode-5/data/containers] WARN  fs.CachingGetSpaceUsed (CachingGetSpaceUsed.java:run(183)) - Thread Interrupted waiting to refresh disk information: sleep interrupted
2019-10-15 03:31:40,456 [251ee4cd-b9df-4f77-8c52-c5e9eff662c2@group-7FB8756FF130-StateMachineUpdater] INFO  ratis.ContainerStateMachine (ContainerStateMachine.java:takeSnapshot(305)) - group-7FB8756FF130: Finished taking a snapshot at:(t:2, i:13) file:/workdir/hadoop-ozone/integration-test/target/test-dir/MiniOzoneClusterImpl-5622c653-33f5-44d9-9ba1-ef695601b467/datanode-6/data/ratis/0f5f8057-2ac4-42f5-a277-7fb8756ff130/sm/snapshot.2_13 time:34
2019-10-15 03:31:40,456 [251ee4cd-b9df-4f77-8c52-c5e9eff662c2@group-7FB8756FF130-StateMachineUpdater] INFO  impl.StateMachineUpdater (StateMachineUpdater.java:takeSnapshot(269)) - 251ee4cd-b9df-4f77-8c52-c5e9eff662c2@group-7FB8756FF130-StateMachineUpdater: Took a snapshot at index 13
2019-10-15 03:31:40,456 [251ee4cd-b9df-4f77-8c52-c5e9eff662c2@group-7FB8756FF130-StateMachineUpdater] INFO  impl.StateMachineUpdater (StateMachineUpdater.java:lambda$new$0(84)) - 251ee4cd-b9df-4f77-8c52-c5e9eff662c2@group-7FB8756FF130-StateMachineUpdater: snapshotIndex: updateIncreasingly -1 -> 13
2019-10-15 03:31:40,457 [251ee4cd-b9df-4f77-8c52-c5e9eff662c2@group-7FB8756FF130-StateMachineUpdater] INFO  ratis.ContainerStateMachine (ContainerStateMachine.java:takeSnapshot(294)) - group-7FB8756FF130: Taking a snapshot at:(t:2, i:13) file /workdir/hadoop-ozone/integration-test/target/test-dir/MiniOzoneClusterImpl-5622c653-33f5-44d9-9ba1-ef695601b467/datanode-6/data/ratis/0f5f8057-2ac4-42f5-a277-7fb8756ff130/sm/snapshot.2_13
2019-10-15 03:31:40,466 [main] INFO  utils.BackgroundService (BackgroundService.java:shutdown(151)) - Shutting down service BlockDeletingService
2019-10-15 03:31:40,470 [251ee4cd-b9df-4f77-8c52-c5e9eff662c2@group-7FB8756FF130-StateMachineUpdater] INFO  ratis.ContainerStateMachine (ContainerStateMachine.java:takeSnapshot(305)) - group-7FB8756FF130: Finished taking a snapshot at:(t:2, i:13) file:/workdir/hadoop-ozone/integration-test/target/test-dir/MiniOzoneClusterImpl-5622c653-33f5-44d9-9ba1-ef695601b467/datanode-6/data/ratis/0f5f8057-2ac4-42f5-a277-7fb8756ff130/sm/snapshot.2_13 time:14
2019-10-15 03:31:40,472 [main] INFO  statemachine.DatanodeStateMachine (DatanodeStateMachine.java:stopDaemon(395)) - Ozone container server stopped.
2019-10-15 03:31:40,472 [251ee4cd-b9df-4f77-8c52-c5e9eff662c2@group-7FB8756FF130-StateMachineUpdater] INFO  impl.StateMachineUpdater (StateMachineUpdater.java:takeSnapshot(269)) - 251ee4cd-b9df-4f77-8c52-c5e9eff662c2@group-7FB8756FF130-StateMachineUpdater: Took a snapshot at index 13
2019-10-15 03:31:40,472 [251ee4cd-b9df-4f77-8c52-c5e9eff662c2@group-7FB8756FF130-StateMachineUpdater] INFO  impl.StateMachineUpdater (StateMachineUpdater.java:lambda$new$0(84)) - 251ee4cd-b9df-4f77-8c52-c5e9eff662c2@group-7FB8756FF130-StateMachineUpdater: snapshotIndex: updateIncreasingly 13 -> 13
2019-10-15 03:31:40,472 [ForkJoinPool.commonPool-worker-1] INFO  impl.RaftServerImpl (ServerState.java:close(387)) - 251ee4cd-b9df-4f77-8c52-c5e9eff662c2@group-7FB8756FF130: closes. applyIndex: 17
2019-10-15 03:31:40,473 [251ee4cd-b9df-4f77-8c52-c5e9eff662c2@group-7FB8756FF130-SegmentedRaftLogWorker] INFO  segmented.SegmentedRaftLogWorker (SegmentedRaftLogWorker.java:run(316)) - 251ee4cd-b9df-4f77-8c52-c5e9eff662c2@group-7FB8756FF130-SegmentedRaftLogWorker was interrupted, exiting. There are 0 tasks remaining in the queue.
2019-10-15 03:31:40,473 [ForkJoinPool.commonPool-worker-1] INFO  segmented.SegmentedRaftLogWorker (SegmentedRaftLogWorker.java:close(224)) - 251ee4cd-b9df-4f77-8c52-c5e9eff662c2@group-7FB8756FF130-SegmentedRaftLogWorker close()
2019-10-15 03:31:40,473 [main] INFO  handler.ContextHandler (ContextHandler.java:doStop(910)) - Stopped o.e.j.w.WebAppContext@71c0b742{/,null,UNAVAILABLE}{/hddsDatanode}
2019-10-15 03:31:40,475 [ForkJoinPool.commonPool-worker-1] INFO  server.GrpcService (GrpcService.java:closeImpl(164)) - 251ee4cd-b9df-4f77-8c52-c5e9eff662c2: shutdown server with port 44097 now
2019-10-15 03:31:40,475 [main] INFO  server.AbstractConnector (AbstractConnector.java:doStop(318)) - Stopped ServerConnector@3bbb8c16{HTTP/1.1,[http/1.1]}{0.0.0.0:0}
2019-10-15 03:31:40,476 [ForkJoinPool.commonPool-worker-1] INFO  server.GrpcService (GrpcService.java:closeImpl(172)) - 251ee4cd-b9df-4f77-8c52-c5e9eff662c2: shutdown server with port 44097 successfully
2019-10-15 03:31:40,476 [main] INFO  handler.ContextHandler (ContextHandler.java:doStop(910)) - Stopped o.e.j.s.ServletContextHandler@2d237460{/static,jar:file:/home/user/.m2/repository/org/apache/hadoop/hadoop-hdds-container-service/0.5.0-SNAPSHOT/hadoop-hdds-container-service-0.5.0-SNAPSHOT.jar!/webapps/static,UNAVAILABLE}
2019-10-15 03:31:40,477 [main] INFO  handler.ContextHandler (ContextHandler.java:doStop(910)) - Stopped o.e.j.s.ServletContextHandler@4eb9ae4d{/logs,file:///workdir/hadoop-ozone/integration-test/target/log,UNAVAILABLE}
2019-10-15 03:31:40,482 [refreshUsed-/workdir/hadoop-ozone/integration-test/target/test-dir/MiniOzoneClusterImpl-5622c653-33f5-44d9-9ba1-ef695601b467/datanode-6/data/containers] WARN  fs.CachingGetSpaceUsed (CachingGetSpaceUsed.java:run(183)) - Thread Interrupted waiting to refresh disk information: sleep interrupted
2019-10-15 03:31:40,496 [ForkJoinPool.commonPool-worker-1] INFO  utils.BackgroundService (BackgroundService.java:shutdown(151)) - Shutting down service BlockDeletingService
2019-10-15 03:31:40,499 [ForkJoinPool.commonPool-worker-1] INFO  statemachine.DatanodeStateMachine (DatanodeStateMachine.java:stopDaemon(395)) - Ozone container server stopped.
2019-10-15 03:31:40,503 [ForkJoinPool.commonPool-worker-1] INFO  handler.ContextHandler (ContextHandler.java:doStop(910)) - Stopped o.e.j.w.WebAppContext@5bec3e0{/,null,UNAVAILABLE}{/hddsDatanode}
2019-10-15 03:31:40,504 [ForkJoinPool.commonPool-worker-1] INFO  server.AbstractConnector (AbstractConnector.java:doStop(318)) - Stopped ServerConnector@3b57dba4{HTTP/1.1,[http/1.1]}{0.0.0.0:0}
2019-10-15 03:31:40,508 [ForkJoinPool.commonPool-worker-1] INFO  handler.ContextHandler (ContextHandler.java:doStop(910)) - Stopped o.e.j.s.ServletContextHandler@53982523{/static,jar:file:/home/user/.m2/repository/org/apache/hadoop/hadoop-hdds-container-service/0.5.0-SNAPSHOT/hadoop-hdds-container-service-0.5.0-SNAPSHOT.jar!/webapps/static,UNAVAILABLE}
2019-10-15 03:31:40,509 [ForkJoinPool.commonPool-worker-1] INFO  handler.ContextHandler (ContextHandler.java:doStop(910)) - Stopped o.e.j.s.ServletContextHandler@6a8a551e{/logs,file:///workdir/hadoop-ozone/integration-test/target/log,UNAVAILABLE}
2019-10-15 03:31:40,509 [main] INFO  ozone.MiniOzoneClusterImpl (MiniOzoneClusterImpl.java:stopSCM(392)) - Stopping the StorageContainerManager
2019-10-15 03:31:40,510 [main] INFO  server.StorageContainerManager (StorageContainerManager.java:stop(810)) - Stopping Replication Manager Service.
2019-10-15 03:31:40,510 [main] INFO  container.ReplicationManager (ReplicationManager.java:stop(203)) - Stopping Replication Monitor Thread.
2019-10-15 03:31:40,510 [main] INFO  server.StorageContainerManager (StorageContainerManager.java:stop(817)) - Stopping Lease Manager of the command watchers
2019-10-15 03:31:40,510 [main] INFO  server.StorageContainerManager (StorageContainerManager.java:stop(824)) - Stopping datanode service RPC server
2019-10-15 03:31:40,510 [main] INFO  server.SCMDatanodeProtocolServer (SCMDatanodeProtocolServer.java:stop(346)) - Stopping the RPC server for DataNodes
2019-10-15 03:31:40,511 [main] INFO  ipc.Server (Server.java:stop(3082)) - Stopping server on 40138
2019-10-15 03:31:40,513 [IPC Server listener on 40138] INFO  ipc.Server (Server.java:run(1185)) - Stopping IPC Server listener on 40138
2019-10-15 03:31:40,513 [IPC Server Responder] INFO  ipc.Server (Server.java:run(1319)) - Stopping IPC Server Responder
2019-10-15 03:31:40,555 [SCM Heartbeat Processing Thread - 0] WARN  node.NodeStateManager (NodeStateManager.java:scheduleNextHealthCheck(646)) - Current Thread is interrupted, shutting down HB processing thread for Node Manager.
2019-10-15 03:31:40,555 [main] INFO  server.StorageContainerManager (StorageContainerManager.java:stop(832)) - Stopping block service RPC server
2019-10-15 03:31:40,555 [main] INFO  server.SCMBlockProtocolServer (SCMBlockProtocolServer.java:stop(155)) - Stopping the RPC server for Block Protocol
2019-10-15 03:31:40,555 [main] INFO  ipc.Server (Server.java:stop(3082)) - Stopping server on 43197
2019-10-15 03:31:40,558 [IPC Server listener on 43197] INFO  ipc.Server (Server.java:run(1185)) - Stopping IPC Server listener on 43197
2019-10-15 03:31:40,558 [main] INFO  server.StorageContainerManager (StorageContainerManager.java:stop(839)) - Stopping the StorageContainerLocationProtocol RPC server
2019-10-15 03:31:40,558 [IPC Server Responder] INFO  ipc.Server (Server.java:run(1319)) - Stopping IPC Server Responder
2019-10-15 03:31:40,559 [main] INFO  server.SCMClientProtocolServer (SCMClientProtocolServer.java:stop(168)) - Stopping the RPC server for Client Protocol
2019-10-15 03:31:40,559 [main] INFO  ipc.Server (Server.java:stop(3082)) - Stopping server on 44247
2019-10-15 03:31:40,562 [IPC Server listener on 44247] INFO  ipc.Server (Server.java:run(1185)) - Stopping IPC Server listener on 44247
2019-10-15 03:31:40,564 [main] INFO  server.StorageContainerManager (StorageContainerManager.java:stop(846)) - Stopping Storage Container Manager HTTP server.
2019-10-15 03:31:40,564 [IPC Server Responder] INFO  ipc.Server (Server.java:run(1319)) - Stopping IPC Server Responder
2019-10-15 03:31:40,567 [main] INFO  handler.ContextHandler (ContextHandler.java:doStop(910)) - Stopped o.e.j.w.WebAppContext@1a914089{/,null,UNAVAILABLE}{/scm}
2019-10-15 03:31:40,567 [main] INFO  server.AbstractConnector (AbstractConnector.java:doStop(318)) - Stopped ServerConnector@43d76a92{HTTP/1.1,[http/1.1]}{0.0.0.0:0}
2019-10-15 03:31:40,567 [main] INFO  handler.ContextHandler (ContextHandler.java:doStop(910)) - Stopped o.e.j.s.ServletContextHandler@28be7fec{/static,file:///workdir/hadoop-ozone/integration-test/target/test-classes/webapps/static,UNAVAILABLE}
2019-10-15 03:31:40,568 [main] INFO  handler.ContextHandler (ContextHandler.java:doStop(910)) - Stopped o.e.j.s.ServletContextHandler@5c8d58ed{/logs,file:///workdir/hadoop-ozone/integration-test/target/log,UNAVAILABLE}
2019-10-15 03:31:40,568 [main] INFO  server.StorageContainerManager (StorageContainerManager.java:stop(857)) - Stopping Block Manager Service.
2019-10-15 03:31:40,569 [main] INFO  utils.BackgroundService (BackgroundService.java:shutdown(151)) - Shutting down service SCMBlockDeletingService
2019-10-15 03:31:40,569 [main] INFO  utils.BackgroundService (BackgroundService.java:shutdown(151)) - Shutting down service SCMBlockDeletingService
2019-10-15 03:31:40,569 [main] INFO  server.StorageContainerManager (StorageContainerManager.java:stop(879)) - Stopping SCM Event Queue.
2019-10-15 03:31:40,573 [main] INFO  impl.MetricsSystemImpl (MetricsSystemImpl.java:stop(210)) - Stopping HddsDatanode metrics system...
2019-10-15 03:31:40,601 [main] INFO  impl.MetricsSystemImpl (MetricsSystemImpl.java:stop(216)) - HddsDatanode metrics system stopped.
]]></system-out>
    <system-err><![CDATA[Oct 15, 2019 3:31:30 AM org.apache.ratis.thirdparty.io.grpc.internal.SerializingExecutor run
SEVERE: Exception while executing runnable org.apache.ratis.thirdparty.io.grpc.internal.ServerImpl$JumpToApplicationThreadServerStreamListener$1Closed@5700c24
org.apache.ratis.thirdparty.io.grpc.StatusRuntimeException: CANCELLED: call already cancelled
	at org.apache.ratis.thirdparty.io.grpc.Status.asRuntimeException(Status.java:517)
	at org.apache.ratis.thirdparty.io.grpc.stub.ServerCalls$ServerCallStreamObserverImpl.onCompleted(ServerCalls.java:356)
	at org.apache.ratis.grpc.server.GrpcServerProtocolService$ServerRequestStreamObserver.onError(GrpcServerProtocolService.java:121)
	at org.apache.ratis.thirdparty.io.grpc.stub.ServerCalls$StreamingServerCallHandler$StreamingServerCallListener.onCancel(ServerCalls.java:269)
	at org.apache.ratis.thirdparty.io.grpc.internal.ServerCallImpl$ServerStreamListenerImpl.closed(ServerCallImpl.java:293)
	at org.apache.ratis.thirdparty.io.grpc.internal.ServerImpl$JumpToApplicationThreadServerStreamListener$1Closed.runInContext(ServerImpl.java:741)
	at org.apache.ratis.thirdparty.io.grpc.internal.ContextRunnable.run(ContextRunnable.java:37)
	at org.apache.ratis.thirdparty.io.grpc.internal.SerializingExecutor.run(SerializingExecutor.java:123)
	at java.util.concurrent.ThreadPoolExecutor.runWorker(ThreadPoolExecutor.java:1149)
	at java.util.concurrent.ThreadPoolExecutor$Worker.run(ThreadPoolExecutor.java:624)
	at java.lang.Thread.run(Thread.java:748)

]]></system-err>
  </testcase>
  <testcase name="testFailureWithPrimeSizedData" classname="org.apache.hadoop.ozone.client.rpc.TestBlockOutputStreamWithFailures" time="35.371"/>
  <testcase name="testWatchForCommitWithCloseContainerException" classname="org.apache.hadoop.ozone.client.rpc.TestBlockOutputStreamWithFailures" time="36.893"/>
  <testcase name="testExceptionDuringClose" classname="org.apache.hadoop.ozone.client.rpc.TestBlockOutputStreamWithFailures" time="35.523"/>
</testsuite>