<?xml version="1.0" encoding="UTF-8"?>
<testsuite xmlns:xsi="http://www.w3.org/2001/XMLSchema-instance" xsi:noNamespaceSchemaLocation="https://maven.apache.org/surefire/maven-surefire-plugin/xsd/surefire-test-report.xsd" name="org.apache.hadoop.ozone.client.rpc.TestWatchForCommit" time="248.498" tests="5" errors="1" skipped="0" failures="0">
  <properties>
    <property name="awt.toolkit" value="sun.awt.X11.XToolkit"/>
    <property name="file.encoding.pkg" value="sun.io"/>
    <property name="java.specification.version" value="1.8"/>
    <property name="sun.cpu.isalist" value=""/>
    <property name="sun.jnu.encoding" value="UTF-8"/>
    <property name="java.class.path" value="/workdir/hadoop-ozone/integration-test/target/test-classes:/workdir/hadoop-ozone/integration-test/target/classes:/home/user/.m2/repository/org/apache/hadoop/hadoop-ozone-common/0.5.0-SNAPSHOT/hadoop-ozone-common-0.5.0-SNAPSHOT.jar:/home/user/.m2/repository/org/apache/commons/commons-compress/1.4.1/commons-compress-1.4.1.jar:/home/user/.m2/repository/org/tukaani/xz/1.0/xz-1.0.jar:/home/user/.m2/repository/org/apache/hadoop/hadoop-common/3.2.0/hadoop-common-3.2.0.jar:/home/user/.m2/repository/org/apache/hadoop/hadoop-hdfs/3.2.0/hadoop-hdfs-3.2.0.jar:/home/user/.m2/repository/org/apache/hadoop/hadoop-hdfs-client/3.2.0/hadoop-hdfs-client-3.2.0.jar:/home/user/.m2/repository/com/fasterxml/jackson/core/jackson-annotations/2.9.9/jackson-annotations-2.9.9.jar:/home/user/.m2/repository/org/apache/hadoop/hadoop-hdds-common/0.5.0-SNAPSHOT/hadoop-hdds-common-0.5.0-SNAPSHOT.jar:/home/user/.m2/repository/javax/annotation/javax.annotation-api/1.2/javax.annotation-api-1.2.jar:/home/user/.m2/repository/org/apache/ratis/ratis-server/0.5.0-201fc85-SNAPSHOT/ratis-server-0.5.0-201fc85-SNAPSHOT.jar:/home/user/.m2/repository/org/apache/ratis/ratis-thirdparty-misc/0.2.0/ratis-thirdparty-misc-0.2.0.jar:/home/user/.m2/repository/org/apache/ratis/ratis-proto/0.5.0-201fc85-SNAPSHOT/ratis-proto-0.5.0-201fc85-SNAPSHOT.jar:/home/user/.m2/repository/org/apache/ratis/ratis-common/0.5.0-201fc85-SNAPSHOT/ratis-common-0.5.0-201fc85-SNAPSHOT.jar:/home/user/.m2/repository/org/apache/ratis/ratis-client/0.5.0-201fc85-SNAPSHOT/ratis-client-0.5.0-201fc85-SNAPSHOT.jar:/home/user/.m2/repository/org/apache/ratis/ratis-metrics/0.5.0-201fc85-SNAPSHOT/ratis-metrics-0.5.0-201fc85-SNAPSHOT.jar:/home/user/.m2/repository/com/github/joshelser/dropwizard-metrics-hadoop-metrics2-reporter/0.1.2/dropwizard-metrics-hadoop-metrics2-reporter-0.1.2.jar:/home/user/.m2/repository/io/dropwizard/metrics/metrics-jvm/3.2.5/metrics-jvm-3.2.5.jar:/home/user/.m2/repository/io/dropwizard/metrics/metrics-ganglia/3.2.5/metrics-ganglia-3.2.5.jar:/home/user/.m2/repository/info/ganglia/gmetric4j/gmetric4j/1.0.7/gmetric4j-1.0.7.jar:/home/user/.m2/repository/org/apache/ratis/ratis-netty/0.5.0-201fc85-SNAPSHOT/ratis-netty-0.5.0-201fc85-SNAPSHOT.jar:/home/user/.m2/repository/org/apache/ratis/ratis-grpc/0.5.0-201fc85-SNAPSHOT/ratis-grpc-0.5.0-201fc85-SNAPSHOT.jar:/home/user/.m2/repository/org/rocksdb/rocksdbjni/6.0.1/rocksdbjni-6.0.1.jar:/home/user/.m2/repository/org/apache/logging/log4j/log4j-api/2.11.0/log4j-api-2.11.0.jar:/home/user/.m2/repository/org/apache/logging/log4j/log4j-core/2.11.0/log4j-core-2.11.0.jar:/home/user/.m2/repository/com/lmax/disruptor/3.4.2/disruptor-3.4.2.jar:/home/user/.m2/repository/org/apache/commons/commons-pool2/2.6.0/commons-pool2-2.6.0.jar:/home/user/.m2/repository/org/bouncycastle/bcpkix-jdk15on/1.60/bcpkix-jdk15on-1.60.jar:/home/user/.m2/repository/commons-validator/commons-validator/1.6/commons-validator-1.6.jar:/home/user/.m2/repository/commons-digester/commons-digester/1.8.1/commons-digester-1.8.1.jar:/home/user/.m2/repository/io/jaegertracing/jaeger-client/0.34.0/jaeger-client-0.34.0.jar:/home/user/.m2/repository/io/jaegertracing/jaeger-thrift/0.34.0/jaeger-thrift-0.34.0.jar:/home/user/.m2/repository/org/apache/thrift/libthrift/0.12.0/libthrift-0.12.0.jar:/home/user/.m2/repository/com/squareup/okhttp3/okhttp/3.9.0/okhttp-3.9.0.jar:/home/user/.m2/repository/com/squareup/okio/okio/1.13.0/okio-1.13.0.jar:/home/user/.m2/repository/io/jaegertracing/jaeger-core/0.34.0/jaeger-core-0.34.0.jar:/home/user/.m2/repository/io/jaegertracing/jaeger-tracerresolver/0.34.0/jaeger-tracerresolver-0.34.0.jar:/home/user/.m2/repository/io/opentracing/contrib/opentracing-tracerresolver/0.1.5/opentracing-tracerresolver-0.1.5.jar:/home/user/.m2/repository/io/opentracing/opentracing-util/0.31.0/opentracing-util-0.31.0.jar:/home/user/.m2/repository/io/opentracing/opentracing-api/0.31.0/opentracing-api-0.31.0.jar:/home/user/.m2/repository/io/opentracing/opentracing-noop/0.31.0/opentracing-noop-0.31.0.jar:/home/user/.m2/repository/org/apache/hadoop/hadoop-hdds-server-framework/0.5.0-SNAPSHOT/hadoop-hdds-server-framework-0.5.0-SNAPSHOT.jar:/home/user/.m2/repository/org/apache/hadoop/hadoop-hdds-container-service/0.5.0-SNAPSHOT/hadoop-hdds-container-service-0.5.0-SNAPSHOT.jar:/home/user/.m2/repository/org/apache/hadoop/hadoop-hdds-client/0.5.0-SNAPSHOT/hadoop-hdds-client-0.5.0-SNAPSHOT.jar:/home/user/.m2/repository/org/apache/hadoop/hadoop-hdds-tools/0.5.0-SNAPSHOT/hadoop-hdds-tools-0.5.0-SNAPSHOT.jar:/home/user/.m2/repository/org/apache/hadoop/hadoop-hdds-server-scm/0.5.0-SNAPSHOT/hadoop-hdds-server-scm-0.5.0-SNAPSHOT.jar:/home/user/.m2/repository/org/apache/hadoop/hadoop-hdds-docs/0.5.0-SNAPSHOT/hadoop-hdds-docs-0.5.0-SNAPSHOT.jar:/home/user/.m2/repository/io/dropwizard/metrics/metrics-core/3.2.4/metrics-core-3.2.4.jar:/home/user/.m2/repository/org/hamcrest/hamcrest-all/1.3/hamcrest-all-1.3.jar:/home/user/.m2/repository/org/bouncycastle/bcprov-jdk15on/1.60/bcprov-jdk15on-1.60.jar:/home/user/.m2/repository/info/picocli/picocli/3.9.6/picocli-3.9.6.jar:/home/user/.m2/repository/com/google/protobuf/protobuf-java/2.5.0/protobuf-java-2.5.0.jar:/home/user/.m2/repository/com/google/guava/guava/11.0.2/guava-11.0.2.jar:/home/user/.m2/repository/org/apache/hadoop/hadoop-ozone-ozone-manager/0.5.0-SNAPSHOT/hadoop-ozone-ozone-manager-0.5.0-SNAPSHOT.jar:/home/user/.m2/repository/org/apache/hadoop/hadoop-minikdc/3.2.0/hadoop-minikdc-3.2.0.jar:/home/user/.m2/repository/commons-io/commons-io/2.5/commons-io-2.5.jar:/home/user/.m2/repository/org/apache/kerby/kerb-simplekdc/1.0.1/kerb-simplekdc-1.0.1.jar:/home/user/.m2/repository/org/apache/kerby/kerb-client/1.0.1/kerb-client-1.0.1.jar:/home/user/.m2/repository/org/apache/kerby/kerby-config/1.0.1/kerby-config-1.0.1.jar:/home/user/.m2/repository/org/apache/kerby/kerb-core/1.0.1/kerb-core-1.0.1.jar:/home/user/.m2/repository/org/apache/kerby/kerby-pkix/1.0.1/kerby-pkix-1.0.1.jar:/home/user/.m2/repository/org/apache/kerby/kerby-asn1/1.0.1/kerby-asn1-1.0.1.jar:/home/user/.m2/repository/org/apache/kerby/kerby-util/1.0.1/kerby-util-1.0.1.jar:/home/user/.m2/repository/org/apache/kerby/kerb-common/1.0.1/kerb-common-1.0.1.jar:/home/user/.m2/repository/org/apache/kerby/kerb-crypto/1.0.1/kerb-crypto-1.0.1.jar:/home/user/.m2/repository/org/apache/kerby/kerb-util/1.0.1/kerb-util-1.0.1.jar:/home/user/.m2/repository/org/apache/kerby/token-provider/1.0.1/token-provider-1.0.1.jar:/home/user/.m2/repository/org/apache/kerby/kerb-admin/1.0.1/kerb-admin-1.0.1.jar:/home/user/.m2/repository/org/apache/kerby/kerb-server/1.0.1/kerb-server-1.0.1.jar:/home/user/.m2/repository/org/apache/kerby/kerb-identity/1.0.1/kerb-identity-1.0.1.jar:/home/user/.m2/repository/org/apache/kerby/kerby-xdr/1.0.1/kerby-xdr-1.0.1.jar:/home/user/.m2/repository/org/slf4j/slf4j-log4j12/1.7.25/slf4j-log4j12-1.7.25.jar:/home/user/.m2/repository/org/apache/hadoop/hadoop-ozone-s3gateway/0.5.0-SNAPSHOT/hadoop-ozone-s3gateway-0.5.0-SNAPSHOT.jar:/home/user/.m2/repository/org/jboss/weld/servlet/weld-servlet/2.4.7.Final/weld-servlet-2.4.7.Final.jar:/home/user/.m2/repository/org/glassfish/jersey/containers/jersey-container-servlet-core/2.27/jersey-container-servlet-core-2.27.jar:/home/user/.m2/repository/org/glassfish/hk2/external/javax.inject/2.5.0-b42/javax.inject-2.5.0-b42.jar:/home/user/.m2/repository/org/glassfish/jersey/core/jersey-common/2.27/jersey-common-2.27.jar:/home/user/.m2/repository/org/glassfish/hk2/osgi-resource-locator/1.0.1/osgi-resource-locator-1.0.1.jar:/home/user/.m2/repository/javax/ws/rs/javax.ws.rs-api/2.1/javax.ws.rs-api-2.1.jar:/home/user/.m2/repository/org/glassfish/jersey/ext/cdi/jersey-cdi1x/2.27/jersey-cdi1x-2.27.jar:/home/user/.m2/repository/org/glassfish/jersey/inject/jersey-hk2/2.27/jersey-hk2-2.27.jar:/home/user/.m2/repository/org/glassfish/hk2/hk2-locator/2.5.0-b42/hk2-locator-2.5.0-b42.jar:/home/user/.m2/repository/org/javassist/javassist/3.22.0-CR2/javassist-3.22.0-CR2.jar:/home/user/.m2/repository/org/glassfish/hk2/hk2-api/2.5.0/hk2-api-2.5.0.jar:/home/user/.m2/repository/org/glassfish/hk2/external/jakarta.inject/2.5.0/jakarta.inject-2.5.0.jar:/home/user/.m2/repository/org/glassfish/hk2/hk2-utils/2.5.0/hk2-utils-2.5.0.jar:/home/user/.m2/repository/jakarta/annotation/jakarta.annotation-api/1.3.4/jakarta.annotation-api-1.3.4.jar:/home/user/.m2/repository/org/glassfish/hk2/external/aopalliance-repackaged/2.5.0/aopalliance-repackaged-2.5.0.jar:/home/user/.m2/repository/com/fasterxml/jackson/dataformat/jackson-dataformat-xml/2.9.0/jackson-dataformat-xml-2.9.0.jar:/home/user/.m2/repository/com/fasterxml/jackson/core/jackson-core/2.9.9/jackson-core-2.9.9.jar:/home/user/.m2/repository/com/fasterxml/jackson/module/jackson-module-jaxb-annotations/2.9.9/jackson-module-jaxb-annotations-2.9.9.jar:/home/user/.m2/repository/javax/enterprise/cdi-api/1.2/cdi-api-1.2.jar:/home/user/.m2/repository/javax/el/javax.el-api/3.0.0/javax.el-api-3.0.0.jar:/home/user/.m2/repository/javax/interceptor/javax.interceptor-api/1.2/javax.interceptor-api-1.2.jar:/home/user/.m2/repository/javax/inject/javax.inject/1/javax.inject-1.jar:/home/user/.m2/repository/com/sun/xml/bind/jaxb-impl/2.3.0.1/jaxb-impl-2.3.0.1.jar:/home/user/.m2/repository/com/sun/xml/bind/jaxb-core/2.3.0.1/jaxb-core-2.3.0.1.jar:/home/user/.m2/repository/javax/xml/bind/jaxb-api/2.3.0/jaxb-api-2.3.0.jar:/home/user/.m2/repository/javax/activation/activation/1.1.1/activation-1.1.1.jar:/home/user/.m2/repository/org/apache/hadoop/hadoop-ozone-csi/0.5.0-SNAPSHOT/hadoop-ozone-csi-0.5.0-SNAPSHOT.jar:/home/user/.m2/repository/com/google/protobuf/protobuf-java-util/3.5.1/protobuf-java-util-3.5.1.jar:/home/user/.m2/repository/org/apache/hadoop/hadoop-hdds-config/0.5.0-SNAPSHOT/hadoop-hdds-config-0.5.0-SNAPSHOT.jar:/home/user/.m2/repository/io/grpc/grpc-netty/1.17.1/grpc-netty-1.17.1.jar:/home/user/.m2/repository/io/grpc/grpc-core/1.17.1/grpc-core-1.17.1.jar:/home/user/.m2/repository/io/grpc/grpc-context/1.17.1/grpc-context-1.17.1.jar:/home/user/.m2/repository/com/google/errorprone/error_prone_annotations/2.2.0/error_prone_annotations-2.2.0.jar:/home/user/.m2/repository/org/codehaus/mojo/animal-sniffer-annotations/1.17/animal-sniffer-annotations-1.17.jar:/home/user/.m2/repository/io/opencensus/opencensus-api/0.17.0/opencensus-api-0.17.0.jar:/home/user/.m2/repository/io/opencensus/opencensus-contrib-grpc-metrics/0.17.0/opencensus-contrib-grpc-metrics-0.17.0.jar:/home/user/.m2/repository/io/netty/netty-codec-http2/4.1.30.Final/netty-codec-http2-4.1.30.Final.jar:/home/user/.m2/repository/io/netty/netty-codec-http/4.1.30.Final/netty-codec-http-4.1.30.Final.jar:/home/user/.m2/repository/io/netty/netty-codec/4.1.30.Final/netty-codec-4.1.30.Final.jar:/home/user/.m2/repository/io/netty/netty-handler/4.1.30.Final/netty-handler-4.1.30.Final.jar:/home/user/.m2/repository/io/netty/netty-handler-proxy/4.1.30.Final/netty-handler-proxy-4.1.30.Final.jar:/home/user/.m2/repository/io/netty/netty-codec-socks/4.1.30.Final/netty-codec-socks-4.1.30.Final.jar:/home/user/.m2/repository/io/netty/netty-transport-native-epoll/4.1.30.Final/netty-transport-native-epoll-4.1.30.Final.jar:/home/user/.m2/repository/io/netty/netty-common/4.1.30.Final/netty-common-4.1.30.Final.jar:/home/user/.m2/repository/io/netty/netty-buffer/4.1.30.Final/netty-buffer-4.1.30.Final.jar:/home/user/.m2/repository/io/netty/netty-transport/4.1.30.Final/netty-transport-4.1.30.Final.jar:/home/user/.m2/repository/io/netty/netty-resolver/4.1.30.Final/netty-resolver-4.1.30.Final.jar:/home/user/.m2/repository/io/netty/netty-transport-native-unix-common/4.1.30.Final/netty-transport-native-unix-common-4.1.30.Final.jar:/home/user/.m2/repository/io/grpc/grpc-protobuf/1.17.1/grpc-protobuf-1.17.1.jar:/home/user/.m2/repository/com/google/api/grpc/proto-google-common-protos/1.0.0/proto-google-common-protos-1.0.0.jar:/home/user/.m2/repository/io/grpc/grpc-protobuf-lite/1.17.1/grpc-protobuf-lite-1.17.1.jar:/home/user/.m2/repository/io/grpc/grpc-stub/1.17.1/grpc-stub-1.17.1.jar:/home/user/.m2/repository/org/apache/hadoop/hadoop-ozone-recon/0.5.0-SNAPSHOT/hadoop-ozone-recon-0.5.0-SNAPSHOT.jar:/home/user/.m2/repository/org/apache/hadoop/hadoop-ozone-reconcodegen/0.5.0-SNAPSHOT/hadoop-ozone-reconcodegen-0.5.0-SNAPSHOT.jar:/home/user/.m2/repository/com/google/inject/extensions/guice-multibindings/4.0/guice-multibindings-4.0.jar:/home/user/.m2/repository/com/google/inject/guice/4.0/guice-4.0.jar:/home/user/.m2/repository/aopalliance/aopalliance/1.0/aopalliance-1.0.jar:/home/user/.m2/repository/com/google/inject/extensions/guice-servlet/4.0/guice-servlet-4.0.jar:/home/user/.m2/repository/org/glassfish/jersey/containers/jersey-container-servlet/2.27/jersey-container-servlet-2.27.jar:/home/user/.m2/repository/org/glassfish/hk2/guice-bridge/2.5.0/guice-bridge-2.5.0.jar:/home/user/.m2/repository/org/glassfish/jersey/core/jersey-server/2.27/jersey-server-2.27.jar:/home/user/.m2/repository/org/glassfish/jersey/core/jersey-client/2.27/jersey-client-2.27.jar:/home/user/.m2/repository/org/glassfish/jersey/media/jersey-media-jaxb/2.27/jersey-media-jaxb-2.27.jar:/home/user/.m2/repository/javax/validation/validation-api/1.1.0.Final/validation-api-1.1.0.Final.jar:/home/user/.m2/repository/org/glassfish/jersey/media/jersey-media-json-jackson/2.27/jersey-media-json-jackson-2.27.jar:/home/user/.m2/repository/org/glassfish/jersey/ext/jersey-entity-filtering/2.27/jersey-entity-filtering-2.27.jar:/home/user/.m2/repository/com/google/inject/extensions/guice-assistedinject/4.0/guice-assistedinject-4.0.jar:/home/user/.m2/repository/org/jooq/jooq/3.11.10/jooq-3.11.10.jar:/home/user/.m2/repository/org/jooq/jooq-meta/3.11.10/jooq-meta-3.11.10.jar:/home/user/.m2/repository/org/jooq/jooq-codegen/3.11.10/jooq-codegen-3.11.10.jar:/home/user/.m2/repository/com/jolbox/bonecp/0.8.0.RELEASE/bonecp-0.8.0.RELEASE.jar:/home/user/.m2/repository/org/xerial/sqlite-jdbc/3.25.2/sqlite-jdbc-3.25.2.jar:/home/user/.m2/repository/org/springframework/spring-jdbc/5.1.3.RELEASE/spring-jdbc-5.1.3.RELEASE.jar:/home/user/.m2/repository/org/springframework/spring-beans/5.1.3.RELEASE/spring-beans-5.1.3.RELEASE.jar:/home/user/.m2/repository/org/springframework/spring-core/5.1.3.RELEASE/spring-core-5.1.3.RELEASE.jar:/home/user/.m2/repository/org/springframework/spring-jcl/5.1.3.RELEASE/spring-jcl-5.1.3.RELEASE.jar:/home/user/.m2/repository/org/springframework/spring-tx/5.1.3.RELEASE/spring-tx-5.1.3.RELEASE.jar:/home/user/.m2/repository/org/apache/hadoop/hadoop-ozone-client/0.5.0-SNAPSHOT/hadoop-ozone-client-0.5.0-SNAPSHOT.jar:/home/user/.m2/repository/commons-lang/commons-lang/2.6/commons-lang-2.6.jar:/home/user/.m2/repository/org/apache/hadoop/hadoop-ozone-ozone-manager/0.5.0-SNAPSHOT/hadoop-ozone-ozone-manager-0.5.0-SNAPSHOT-tests.jar:/home/user/.m2/repository/junit/junit/4.11/junit-4.11.jar:/home/user/.m2/repository/org/hamcrest/hamcrest-core/1.3/hamcrest-core-1.3.jar:/home/user/.m2/repository/org/openjdk/jmh/jmh-core/1.19/jmh-core-1.19.jar:/home/user/.m2/repository/net/sf/jopt-simple/jopt-simple/4.6/jopt-simple-4.6.jar:/home/user/.m2/repository/org/apache/commons/commons-math3/3.1.1/commons-math3-3.1.1.jar:/home/user/.m2/repository/org/openjdk/jmh/jmh-generator-annprocess/1.19/jmh-generator-annprocess-1.19.jar:/home/user/.m2/repository/org/mockito/mockito-all/1.8.5/mockito-all-1.8.5.jar:/home/user/.m2/repository/org/apache/hadoop/hadoop-kms/3.2.0/hadoop-kms-3.2.0.jar:/home/user/.m2/repository/org/apache/hadoop/hadoop-auth/3.2.0/hadoop-auth-3.2.0.jar:/home/user/.m2/repository/com/nimbusds/nimbus-jose-jwt/4.41.1/nimbus-jose-jwt-4.41.1.jar:/home/user/.m2/repository/com/github/stephenc/jcip/jcip-annotations/1.0-1/jcip-annotations-1.0-1.jar:/home/user/.m2/repository/net/minidev/json-smart/2.3/json-smart-2.3.jar:/home/user/.m2/repository/net/minidev/accessors-smart/1.2/accessors-smart-1.2.jar:/home/user/.m2/repository/org/ow2/asm/asm/5.0.4/asm-5.0.4.jar:/home/user/.m2/repository/org/apache/curator/curator-framework/2.12.0/curator-framework-2.12.0.jar:/home/user/.m2/repository/com/sun/jersey/jersey-core/1.19/jersey-core-1.19.jar:/home/user/.m2/repository/javax/ws/rs/jsr311-api/1.1.1/jsr311-api-1.1.1.jar:/home/user/.m2/repository/com/sun/jersey/jersey-server/1.19/jersey-server-1.19.jar:/home/user/.m2/repository/javax/servlet/javax.servlet-api/3.1.0/javax.servlet-api-3.1.0.jar:/home/user/.m2/repository/org/eclipse/jetty/jetty-server/9.3.25.v20180904/jetty-server-9.3.25.v20180904.jar:/home/user/.m2/repository/org/eclipse/jetty/jetty-http/9.3.25.v20180904/jetty-http-9.3.25.v20180904.jar:/home/user/.m2/repository/org/eclipse/jetty/jetty-io/9.3.25.v20180904/jetty-io-9.3.25.v20180904.jar:/home/user/.m2/repository/org/eclipse/jetty/jetty-webapp/9.3.25.v20180904/jetty-webapp-9.3.25.v20180904.jar:/home/user/.m2/repository/org/eclipse/jetty/jetty-xml/9.3.25.v20180904/jetty-xml-9.3.25.v20180904.jar:/home/user/.m2/repository/log4j/log4j/1.2.17/log4j-1.2.17.jar:/home/user/.m2/repository/org/slf4j/slf4j-api/1.7.25/slf4j-api-1.7.25.jar:/home/user/.m2/repository/org/slf4j/jul-to-slf4j/1.7.25/jul-to-slf4j-1.7.25.jar:/home/user/.m2/repository/org/eclipse/jetty/jetty-util/9.3.25.v20180904/jetty-util-9.3.25.v20180904.jar:/home/user/.m2/repository/com/fasterxml/jackson/core/jackson-databind/2.9.9/jackson-databind-2.9.9.jar:/home/user/.m2/repository/org/apache/hadoop/hadoop-kms/3.2.0/hadoop-kms-3.2.0-tests.jar:/home/user/.m2/repository/org/apache/hadoop/hadoop-hdds-server-scm/0.5.0-SNAPSHOT/hadoop-hdds-server-scm-0.5.0-SNAPSHOT-tests.jar:/home/user/.m2/repository/org/apache/hadoop/hadoop-hdds-container-service/0.5.0-SNAPSHOT/hadoop-hdds-container-service-0.5.0-SNAPSHOT-tests.jar:/home/user/.m2/repository/org/yaml/snakeyaml/1.16/snakeyaml-1.16.jar:/home/user/.m2/repository/org/apache/hadoop/hadoop-common/3.2.0/hadoop-common-3.2.0-tests.jar:/home/user/.m2/repository/org/apache/hadoop/hadoop-annotations/3.2.0/hadoop-annotations-3.2.0.jar:/usr/lib/jvm/java-1.8-openjdk/jre/../lib/tools.jar:/home/user/.m2/repository/commons-cli/commons-cli/1.2/commons-cli-1.2.jar:/home/user/.m2/repository/org/apache/httpcomponents/httpclient/4.5.2/httpclient-4.5.2.jar:/home/user/.m2/repository/org/apache/httpcomponents/httpcore/4.4.4/httpcore-4.4.4.jar:/home/user/.m2/repository/commons-codec/commons-codec/1.11/commons-codec-1.11.jar:/home/user/.m2/repository/commons-net/commons-net/3.6/commons-net-3.6.jar:/home/user/.m2/repository/commons-collections/commons-collections/3.2.2/commons-collections-3.2.2.jar:/home/user/.m2/repository/org/eclipse/jetty/jetty-servlet/9.3.25.v20180904/jetty-servlet-9.3.25.v20180904.jar:/home/user/.m2/repository/org/eclipse/jetty/jetty-security/9.3.25.v20180904/jetty-security-9.3.25.v20180904.jar:/home/user/.m2/repository/javax/servlet/jsp/jsp-api/2.1/jsp-api-2.1.jar:/home/user/.m2/repository/com/sun/jersey/jersey-servlet/1.19/jersey-servlet-1.19.jar:/home/user/.m2/repository/com/sun/jersey/jersey-json/1.19/jersey-json-1.19.jar:/home/user/.m2/repository/org/codehaus/jettison/jettison/1.1/jettison-1.1.jar:/home/user/.m2/repository/org/codehaus/jackson/jackson-core-asl/1.9.13/jackson-core-asl-1.9.13.jar:/home/user/.m2/repository/org/codehaus/jackson/jackson-mapper-asl/1.9.13/jackson-mapper-asl-1.9.13.jar:/home/user/.m2/repository/org/codehaus/jackson/jackson-jaxrs/1.9.13/jackson-jaxrs-1.9.13.jar:/home/user/.m2/repository/org/codehaus/jackson/jackson-xc/1.9.13/jackson-xc-1.9.13.jar:/home/user/.m2/repository/commons-logging/commons-logging/1.1.3/commons-logging-1.1.3.jar:/home/user/.m2/repository/commons-beanutils/commons-beanutils/1.9.4/commons-beanutils-1.9.4.jar:/home/user/.m2/repository/org/apache/commons/commons-configuration2/2.1.1/commons-configuration2-2.1.1.jar:/home/user/.m2/repository/org/apache/commons/commons-lang3/3.7/commons-lang3-3.7.jar:/home/user/.m2/repository/org/apache/commons/commons-text/1.4/commons-text-1.4.jar:/home/user/.m2/repository/org/apache/avro/avro/1.7.7/avro-1.7.7.jar:/home/user/.m2/repository/com/thoughtworks/paranamer/paranamer/2.3/paranamer-2.3.jar:/home/user/.m2/repository/org/xerial/snappy/snappy-java/1.0.5/snappy-java-1.0.5.jar:/home/user/.m2/repository/com/google/re2j/re2j/1.1/re2j-1.1.jar:/home/user/.m2/repository/com/google/code/gson/gson/2.2.4/gson-2.2.4.jar:/home/user/.m2/repository/com/jcraft/jsch/0.1.54/jsch-0.1.54.jar:/home/user/.m2/repository/org/apache/curator/curator-client/2.12.0/curator-client-2.12.0.jar:/home/user/.m2/repository/org/apache/curator/curator-recipes/2.12.0/curator-recipes-2.12.0.jar:/home/user/.m2/repository/com/google/code/findbugs/jsr305/3.0.0/jsr305-3.0.0.jar:/home/user/.m2/repository/org/apache/htrace/htrace-core4/4.1.0-incubating/htrace-core4-4.1.0-incubating.jar:/home/user/.m2/repository/org/apache/zookeeper/zookeeper/3.4.13/zookeeper-3.4.13.jar:/home/user/.m2/repository/jline/jline/0.9.94/jline-0.9.94.jar:/home/user/.m2/repository/org/apache/yetus/audience-annotations/0.5.0/audience-annotations-0.5.0.jar:/home/user/.m2/repository/org/codehaus/woodstox/stax2-api/3.1.4/stax2-api-3.1.4.jar:/home/user/.m2/repository/com/fasterxml/woodstox/woodstox-core/5.0.3/woodstox-core-5.0.3.jar:/home/user/.m2/repository/dnsjava/dnsjava/2.1.7/dnsjava-2.1.7.jar:/home/user/.m2/repository/org/apache/hadoop/hadoop-hdfs/3.2.0/hadoop-hdfs-3.2.0-tests.jar:/home/user/.m2/repository/org/eclipse/jetty/jetty-util-ajax/9.3.25.v20180904/jetty-util-ajax-9.3.25.v20180904.jar:/home/user/.m2/repository/commons-daemon/commons-daemon/1.0.13/commons-daemon-1.0.13.jar:/home/user/.m2/repository/io/netty/netty/3.10.5.Final/netty-3.10.5.Final.jar:/home/user/.m2/repository/io/netty/netty-all/4.0.52.Final/netty-all-4.0.52.Final.jar:/home/user/.m2/repository/org/fusesource/leveldbjni/leveldbjni-all/1.8/leveldbjni-all-1.8.jar:"/>
    <property name="java.vm.vendor" value="IcedTea"/>
    <property name="sun.arch.data.model" value="64"/>
    <property name="test.build.dir" value="/workdir/hadoop-ozone/integration-test/target/test-dir"/>
    <property name="test.cache.data" value=""/>
    <property name="java.vendor.url" value="https://icedtea.classpath.org"/>
    <property name="user.timezone" value=""/>
    <property name="java.vm.specification.version" value="1.8"/>
    <property name="os.name" value="Linux"/>
    <property name="test.build.data" value="/workdir/hadoop-ozone/integration-test/target/test-dir"/>
    <property name="user.country" value="US"/>
    <property name="sun.java.launcher" value="SUN_STANDARD"/>
    <property name="sun.boot.library.path" value="/usr/lib/jvm/java-1.8-openjdk/jre/lib/amd64"/>
    <property name="sun.java.command" value="/workdir/hadoop-ozone/integration-test/target/surefire/surefirebooter262177476769866674.jar /workdir/hadoop-ozone/integration-test/target/surefire 2019-10-15T02-57-35_845-jvmRun1 surefire8272722258261411346tmp surefire_407055223988303168598tmp"/>
    <property name="test" value="!TestMiniChaosOzoneCluster"/>
    <property name="surefire.test.class.path" value="/workdir/hadoop-ozone/integration-test/target/test-classes:/workdir/hadoop-ozone/integration-test/target/classes:/home/user/.m2/repository/org/apache/hadoop/hadoop-ozone-common/0.5.0-SNAPSHOT/hadoop-ozone-common-0.5.0-SNAPSHOT.jar:/home/user/.m2/repository/org/apache/commons/commons-compress/1.4.1/commons-compress-1.4.1.jar:/home/user/.m2/repository/org/tukaani/xz/1.0/xz-1.0.jar:/home/user/.m2/repository/org/apache/hadoop/hadoop-common/3.2.0/hadoop-common-3.2.0.jar:/home/user/.m2/repository/org/apache/hadoop/hadoop-hdfs/3.2.0/hadoop-hdfs-3.2.0.jar:/home/user/.m2/repository/org/apache/hadoop/hadoop-hdfs-client/3.2.0/hadoop-hdfs-client-3.2.0.jar:/home/user/.m2/repository/com/fasterxml/jackson/core/jackson-annotations/2.9.9/jackson-annotations-2.9.9.jar:/home/user/.m2/repository/org/apache/hadoop/hadoop-hdds-common/0.5.0-SNAPSHOT/hadoop-hdds-common-0.5.0-SNAPSHOT.jar:/home/user/.m2/repository/javax/annotation/javax.annotation-api/1.2/javax.annotation-api-1.2.jar:/home/user/.m2/repository/org/apache/ratis/ratis-server/0.5.0-201fc85-SNAPSHOT/ratis-server-0.5.0-201fc85-SNAPSHOT.jar:/home/user/.m2/repository/org/apache/ratis/ratis-thirdparty-misc/0.2.0/ratis-thirdparty-misc-0.2.0.jar:/home/user/.m2/repository/org/apache/ratis/ratis-proto/0.5.0-201fc85-SNAPSHOT/ratis-proto-0.5.0-201fc85-SNAPSHOT.jar:/home/user/.m2/repository/org/apache/ratis/ratis-common/0.5.0-201fc85-SNAPSHOT/ratis-common-0.5.0-201fc85-SNAPSHOT.jar:/home/user/.m2/repository/org/apache/ratis/ratis-client/0.5.0-201fc85-SNAPSHOT/ratis-client-0.5.0-201fc85-SNAPSHOT.jar:/home/user/.m2/repository/org/apache/ratis/ratis-metrics/0.5.0-201fc85-SNAPSHOT/ratis-metrics-0.5.0-201fc85-SNAPSHOT.jar:/home/user/.m2/repository/com/github/joshelser/dropwizard-metrics-hadoop-metrics2-reporter/0.1.2/dropwizard-metrics-hadoop-metrics2-reporter-0.1.2.jar:/home/user/.m2/repository/io/dropwizard/metrics/metrics-jvm/3.2.5/metrics-jvm-3.2.5.jar:/home/user/.m2/repository/io/dropwizard/metrics/metrics-ganglia/3.2.5/metrics-ganglia-3.2.5.jar:/home/user/.m2/repository/info/ganglia/gmetric4j/gmetric4j/1.0.7/gmetric4j-1.0.7.jar:/home/user/.m2/repository/org/apache/ratis/ratis-netty/0.5.0-201fc85-SNAPSHOT/ratis-netty-0.5.0-201fc85-SNAPSHOT.jar:/home/user/.m2/repository/org/apache/ratis/ratis-grpc/0.5.0-201fc85-SNAPSHOT/ratis-grpc-0.5.0-201fc85-SNAPSHOT.jar:/home/user/.m2/repository/org/rocksdb/rocksdbjni/6.0.1/rocksdbjni-6.0.1.jar:/home/user/.m2/repository/org/apache/logging/log4j/log4j-api/2.11.0/log4j-api-2.11.0.jar:/home/user/.m2/repository/org/apache/logging/log4j/log4j-core/2.11.0/log4j-core-2.11.0.jar:/home/user/.m2/repository/com/lmax/disruptor/3.4.2/disruptor-3.4.2.jar:/home/user/.m2/repository/org/apache/commons/commons-pool2/2.6.0/commons-pool2-2.6.0.jar:/home/user/.m2/repository/org/bouncycastle/bcpkix-jdk15on/1.60/bcpkix-jdk15on-1.60.jar:/home/user/.m2/repository/commons-validator/commons-validator/1.6/commons-validator-1.6.jar:/home/user/.m2/repository/commons-digester/commons-digester/1.8.1/commons-digester-1.8.1.jar:/home/user/.m2/repository/io/jaegertracing/jaeger-client/0.34.0/jaeger-client-0.34.0.jar:/home/user/.m2/repository/io/jaegertracing/jaeger-thrift/0.34.0/jaeger-thrift-0.34.0.jar:/home/user/.m2/repository/org/apache/thrift/libthrift/0.12.0/libthrift-0.12.0.jar:/home/user/.m2/repository/com/squareup/okhttp3/okhttp/3.9.0/okhttp-3.9.0.jar:/home/user/.m2/repository/com/squareup/okio/okio/1.13.0/okio-1.13.0.jar:/home/user/.m2/repository/io/jaegertracing/jaeger-core/0.34.0/jaeger-core-0.34.0.jar:/home/user/.m2/repository/io/jaegertracing/jaeger-tracerresolver/0.34.0/jaeger-tracerresolver-0.34.0.jar:/home/user/.m2/repository/io/opentracing/contrib/opentracing-tracerresolver/0.1.5/opentracing-tracerresolver-0.1.5.jar:/home/user/.m2/repository/io/opentracing/opentracing-util/0.31.0/opentracing-util-0.31.0.jar:/home/user/.m2/repository/io/opentracing/opentracing-api/0.31.0/opentracing-api-0.31.0.jar:/home/user/.m2/repository/io/opentracing/opentracing-noop/0.31.0/opentracing-noop-0.31.0.jar:/home/user/.m2/repository/org/apache/hadoop/hadoop-hdds-server-framework/0.5.0-SNAPSHOT/hadoop-hdds-server-framework-0.5.0-SNAPSHOT.jar:/home/user/.m2/repository/org/apache/hadoop/hadoop-hdds-container-service/0.5.0-SNAPSHOT/hadoop-hdds-container-service-0.5.0-SNAPSHOT.jar:/home/user/.m2/repository/org/apache/hadoop/hadoop-hdds-client/0.5.0-SNAPSHOT/hadoop-hdds-client-0.5.0-SNAPSHOT.jar:/home/user/.m2/repository/org/apache/hadoop/hadoop-hdds-tools/0.5.0-SNAPSHOT/hadoop-hdds-tools-0.5.0-SNAPSHOT.jar:/home/user/.m2/repository/org/apache/hadoop/hadoop-hdds-server-scm/0.5.0-SNAPSHOT/hadoop-hdds-server-scm-0.5.0-SNAPSHOT.jar:/home/user/.m2/repository/org/apache/hadoop/hadoop-hdds-docs/0.5.0-SNAPSHOT/hadoop-hdds-docs-0.5.0-SNAPSHOT.jar:/home/user/.m2/repository/io/dropwizard/metrics/metrics-core/3.2.4/metrics-core-3.2.4.jar:/home/user/.m2/repository/org/hamcrest/hamcrest-all/1.3/hamcrest-all-1.3.jar:/home/user/.m2/repository/org/bouncycastle/bcprov-jdk15on/1.60/bcprov-jdk15on-1.60.jar:/home/user/.m2/repository/info/picocli/picocli/3.9.6/picocli-3.9.6.jar:/home/user/.m2/repository/com/google/protobuf/protobuf-java/2.5.0/protobuf-java-2.5.0.jar:/home/user/.m2/repository/com/google/guava/guava/11.0.2/guava-11.0.2.jar:/home/user/.m2/repository/org/apache/hadoop/hadoop-ozone-ozone-manager/0.5.0-SNAPSHOT/hadoop-ozone-ozone-manager-0.5.0-SNAPSHOT.jar:/home/user/.m2/repository/org/apache/hadoop/hadoop-minikdc/3.2.0/hadoop-minikdc-3.2.0.jar:/home/user/.m2/repository/commons-io/commons-io/2.5/commons-io-2.5.jar:/home/user/.m2/repository/org/apache/kerby/kerb-simplekdc/1.0.1/kerb-simplekdc-1.0.1.jar:/home/user/.m2/repository/org/apache/kerby/kerb-client/1.0.1/kerb-client-1.0.1.jar:/home/user/.m2/repository/org/apache/kerby/kerby-config/1.0.1/kerby-config-1.0.1.jar:/home/user/.m2/repository/org/apache/kerby/kerb-core/1.0.1/kerb-core-1.0.1.jar:/home/user/.m2/repository/org/apache/kerby/kerby-pkix/1.0.1/kerby-pkix-1.0.1.jar:/home/user/.m2/repository/org/apache/kerby/kerby-asn1/1.0.1/kerby-asn1-1.0.1.jar:/home/user/.m2/repository/org/apache/kerby/kerby-util/1.0.1/kerby-util-1.0.1.jar:/home/user/.m2/repository/org/apache/kerby/kerb-common/1.0.1/kerb-common-1.0.1.jar:/home/user/.m2/repository/org/apache/kerby/kerb-crypto/1.0.1/kerb-crypto-1.0.1.jar:/home/user/.m2/repository/org/apache/kerby/kerb-util/1.0.1/kerb-util-1.0.1.jar:/home/user/.m2/repository/org/apache/kerby/token-provider/1.0.1/token-provider-1.0.1.jar:/home/user/.m2/repository/org/apache/kerby/kerb-admin/1.0.1/kerb-admin-1.0.1.jar:/home/user/.m2/repository/org/apache/kerby/kerb-server/1.0.1/kerb-server-1.0.1.jar:/home/user/.m2/repository/org/apache/kerby/kerb-identity/1.0.1/kerb-identity-1.0.1.jar:/home/user/.m2/repository/org/apache/kerby/kerby-xdr/1.0.1/kerby-xdr-1.0.1.jar:/home/user/.m2/repository/org/slf4j/slf4j-log4j12/1.7.25/slf4j-log4j12-1.7.25.jar:/home/user/.m2/repository/org/apache/hadoop/hadoop-ozone-s3gateway/0.5.0-SNAPSHOT/hadoop-ozone-s3gateway-0.5.0-SNAPSHOT.jar:/home/user/.m2/repository/org/jboss/weld/servlet/weld-servlet/2.4.7.Final/weld-servlet-2.4.7.Final.jar:/home/user/.m2/repository/org/glassfish/jersey/containers/jersey-container-servlet-core/2.27/jersey-container-servlet-core-2.27.jar:/home/user/.m2/repository/org/glassfish/hk2/external/javax.inject/2.5.0-b42/javax.inject-2.5.0-b42.jar:/home/user/.m2/repository/org/glassfish/jersey/core/jersey-common/2.27/jersey-common-2.27.jar:/home/user/.m2/repository/org/glassfish/hk2/osgi-resource-locator/1.0.1/osgi-resource-locator-1.0.1.jar:/home/user/.m2/repository/javax/ws/rs/javax.ws.rs-api/2.1/javax.ws.rs-api-2.1.jar:/home/user/.m2/repository/org/glassfish/jersey/ext/cdi/jersey-cdi1x/2.27/jersey-cdi1x-2.27.jar:/home/user/.m2/repository/org/glassfish/jersey/inject/jersey-hk2/2.27/jersey-hk2-2.27.jar:/home/user/.m2/repository/org/glassfish/hk2/hk2-locator/2.5.0-b42/hk2-locator-2.5.0-b42.jar:/home/user/.m2/repository/org/javassist/javassist/3.22.0-CR2/javassist-3.22.0-CR2.jar:/home/user/.m2/repository/org/glassfish/hk2/hk2-api/2.5.0/hk2-api-2.5.0.jar:/home/user/.m2/repository/org/glassfish/hk2/external/jakarta.inject/2.5.0/jakarta.inject-2.5.0.jar:/home/user/.m2/repository/org/glassfish/hk2/hk2-utils/2.5.0/hk2-utils-2.5.0.jar:/home/user/.m2/repository/jakarta/annotation/jakarta.annotation-api/1.3.4/jakarta.annotation-api-1.3.4.jar:/home/user/.m2/repository/org/glassfish/hk2/external/aopalliance-repackaged/2.5.0/aopalliance-repackaged-2.5.0.jar:/home/user/.m2/repository/com/fasterxml/jackson/dataformat/jackson-dataformat-xml/2.9.0/jackson-dataformat-xml-2.9.0.jar:/home/user/.m2/repository/com/fasterxml/jackson/core/jackson-core/2.9.9/jackson-core-2.9.9.jar:/home/user/.m2/repository/com/fasterxml/jackson/module/jackson-module-jaxb-annotations/2.9.9/jackson-module-jaxb-annotations-2.9.9.jar:/home/user/.m2/repository/javax/enterprise/cdi-api/1.2/cdi-api-1.2.jar:/home/user/.m2/repository/javax/el/javax.el-api/3.0.0/javax.el-api-3.0.0.jar:/home/user/.m2/repository/javax/interceptor/javax.interceptor-api/1.2/javax.interceptor-api-1.2.jar:/home/user/.m2/repository/javax/inject/javax.inject/1/javax.inject-1.jar:/home/user/.m2/repository/com/sun/xml/bind/jaxb-impl/2.3.0.1/jaxb-impl-2.3.0.1.jar:/home/user/.m2/repository/com/sun/xml/bind/jaxb-core/2.3.0.1/jaxb-core-2.3.0.1.jar:/home/user/.m2/repository/javax/xml/bind/jaxb-api/2.3.0/jaxb-api-2.3.0.jar:/home/user/.m2/repository/javax/activation/activation/1.1.1/activation-1.1.1.jar:/home/user/.m2/repository/org/apache/hadoop/hadoop-ozone-csi/0.5.0-SNAPSHOT/hadoop-ozone-csi-0.5.0-SNAPSHOT.jar:/home/user/.m2/repository/com/google/protobuf/protobuf-java-util/3.5.1/protobuf-java-util-3.5.1.jar:/home/user/.m2/repository/org/apache/hadoop/hadoop-hdds-config/0.5.0-SNAPSHOT/hadoop-hdds-config-0.5.0-SNAPSHOT.jar:/home/user/.m2/repository/io/grpc/grpc-netty/1.17.1/grpc-netty-1.17.1.jar:/home/user/.m2/repository/io/grpc/grpc-core/1.17.1/grpc-core-1.17.1.jar:/home/user/.m2/repository/io/grpc/grpc-context/1.17.1/grpc-context-1.17.1.jar:/home/user/.m2/repository/com/google/errorprone/error_prone_annotations/2.2.0/error_prone_annotations-2.2.0.jar:/home/user/.m2/repository/org/codehaus/mojo/animal-sniffer-annotations/1.17/animal-sniffer-annotations-1.17.jar:/home/user/.m2/repository/io/opencensus/opencensus-api/0.17.0/opencensus-api-0.17.0.jar:/home/user/.m2/repository/io/opencensus/opencensus-contrib-grpc-metrics/0.17.0/opencensus-contrib-grpc-metrics-0.17.0.jar:/home/user/.m2/repository/io/netty/netty-codec-http2/4.1.30.Final/netty-codec-http2-4.1.30.Final.jar:/home/user/.m2/repository/io/netty/netty-codec-http/4.1.30.Final/netty-codec-http-4.1.30.Final.jar:/home/user/.m2/repository/io/netty/netty-codec/4.1.30.Final/netty-codec-4.1.30.Final.jar:/home/user/.m2/repository/io/netty/netty-handler/4.1.30.Final/netty-handler-4.1.30.Final.jar:/home/user/.m2/repository/io/netty/netty-handler-proxy/4.1.30.Final/netty-handler-proxy-4.1.30.Final.jar:/home/user/.m2/repository/io/netty/netty-codec-socks/4.1.30.Final/netty-codec-socks-4.1.30.Final.jar:/home/user/.m2/repository/io/netty/netty-transport-native-epoll/4.1.30.Final/netty-transport-native-epoll-4.1.30.Final.jar:/home/user/.m2/repository/io/netty/netty-common/4.1.30.Final/netty-common-4.1.30.Final.jar:/home/user/.m2/repository/io/netty/netty-buffer/4.1.30.Final/netty-buffer-4.1.30.Final.jar:/home/user/.m2/repository/io/netty/netty-transport/4.1.30.Final/netty-transport-4.1.30.Final.jar:/home/user/.m2/repository/io/netty/netty-resolver/4.1.30.Final/netty-resolver-4.1.30.Final.jar:/home/user/.m2/repository/io/netty/netty-transport-native-unix-common/4.1.30.Final/netty-transport-native-unix-common-4.1.30.Final.jar:/home/user/.m2/repository/io/grpc/grpc-protobuf/1.17.1/grpc-protobuf-1.17.1.jar:/home/user/.m2/repository/com/google/api/grpc/proto-google-common-protos/1.0.0/proto-google-common-protos-1.0.0.jar:/home/user/.m2/repository/io/grpc/grpc-protobuf-lite/1.17.1/grpc-protobuf-lite-1.17.1.jar:/home/user/.m2/repository/io/grpc/grpc-stub/1.17.1/grpc-stub-1.17.1.jar:/home/user/.m2/repository/org/apache/hadoop/hadoop-ozone-recon/0.5.0-SNAPSHOT/hadoop-ozone-recon-0.5.0-SNAPSHOT.jar:/home/user/.m2/repository/org/apache/hadoop/hadoop-ozone-reconcodegen/0.5.0-SNAPSHOT/hadoop-ozone-reconcodegen-0.5.0-SNAPSHOT.jar:/home/user/.m2/repository/com/google/inject/extensions/guice-multibindings/4.0/guice-multibindings-4.0.jar:/home/user/.m2/repository/com/google/inject/guice/4.0/guice-4.0.jar:/home/user/.m2/repository/aopalliance/aopalliance/1.0/aopalliance-1.0.jar:/home/user/.m2/repository/com/google/inject/extensions/guice-servlet/4.0/guice-servlet-4.0.jar:/home/user/.m2/repository/org/glassfish/jersey/containers/jersey-container-servlet/2.27/jersey-container-servlet-2.27.jar:/home/user/.m2/repository/org/glassfish/hk2/guice-bridge/2.5.0/guice-bridge-2.5.0.jar:/home/user/.m2/repository/org/glassfish/jersey/core/jersey-server/2.27/jersey-server-2.27.jar:/home/user/.m2/repository/org/glassfish/jersey/core/jersey-client/2.27/jersey-client-2.27.jar:/home/user/.m2/repository/org/glassfish/jersey/media/jersey-media-jaxb/2.27/jersey-media-jaxb-2.27.jar:/home/user/.m2/repository/javax/validation/validation-api/1.1.0.Final/validation-api-1.1.0.Final.jar:/home/user/.m2/repository/org/glassfish/jersey/media/jersey-media-json-jackson/2.27/jersey-media-json-jackson-2.27.jar:/home/user/.m2/repository/org/glassfish/jersey/ext/jersey-entity-filtering/2.27/jersey-entity-filtering-2.27.jar:/home/user/.m2/repository/com/google/inject/extensions/guice-assistedinject/4.0/guice-assistedinject-4.0.jar:/home/user/.m2/repository/org/jooq/jooq/3.11.10/jooq-3.11.10.jar:/home/user/.m2/repository/org/jooq/jooq-meta/3.11.10/jooq-meta-3.11.10.jar:/home/user/.m2/repository/org/jooq/jooq-codegen/3.11.10/jooq-codegen-3.11.10.jar:/home/user/.m2/repository/com/jolbox/bonecp/0.8.0.RELEASE/bonecp-0.8.0.RELEASE.jar:/home/user/.m2/repository/org/xerial/sqlite-jdbc/3.25.2/sqlite-jdbc-3.25.2.jar:/home/user/.m2/repository/org/springframework/spring-jdbc/5.1.3.RELEASE/spring-jdbc-5.1.3.RELEASE.jar:/home/user/.m2/repository/org/springframework/spring-beans/5.1.3.RELEASE/spring-beans-5.1.3.RELEASE.jar:/home/user/.m2/repository/org/springframework/spring-core/5.1.3.RELEASE/spring-core-5.1.3.RELEASE.jar:/home/user/.m2/repository/org/springframework/spring-jcl/5.1.3.RELEASE/spring-jcl-5.1.3.RELEASE.jar:/home/user/.m2/repository/org/springframework/spring-tx/5.1.3.RELEASE/spring-tx-5.1.3.RELEASE.jar:/home/user/.m2/repository/org/apache/hadoop/hadoop-ozone-client/0.5.0-SNAPSHOT/hadoop-ozone-client-0.5.0-SNAPSHOT.jar:/home/user/.m2/repository/commons-lang/commons-lang/2.6/commons-lang-2.6.jar:/home/user/.m2/repository/org/apache/hadoop/hadoop-ozone-ozone-manager/0.5.0-SNAPSHOT/hadoop-ozone-ozone-manager-0.5.0-SNAPSHOT-tests.jar:/home/user/.m2/repository/junit/junit/4.11/junit-4.11.jar:/home/user/.m2/repository/org/hamcrest/hamcrest-core/1.3/hamcrest-core-1.3.jar:/home/user/.m2/repository/org/openjdk/jmh/jmh-core/1.19/jmh-core-1.19.jar:/home/user/.m2/repository/net/sf/jopt-simple/jopt-simple/4.6/jopt-simple-4.6.jar:/home/user/.m2/repository/org/apache/commons/commons-math3/3.1.1/commons-math3-3.1.1.jar:/home/user/.m2/repository/org/openjdk/jmh/jmh-generator-annprocess/1.19/jmh-generator-annprocess-1.19.jar:/home/user/.m2/repository/org/mockito/mockito-all/1.8.5/mockito-all-1.8.5.jar:/home/user/.m2/repository/org/apache/hadoop/hadoop-kms/3.2.0/hadoop-kms-3.2.0.jar:/home/user/.m2/repository/org/apache/hadoop/hadoop-auth/3.2.0/hadoop-auth-3.2.0.jar:/home/user/.m2/repository/com/nimbusds/nimbus-jose-jwt/4.41.1/nimbus-jose-jwt-4.41.1.jar:/home/user/.m2/repository/com/github/stephenc/jcip/jcip-annotations/1.0-1/jcip-annotations-1.0-1.jar:/home/user/.m2/repository/net/minidev/json-smart/2.3/json-smart-2.3.jar:/home/user/.m2/repository/net/minidev/accessors-smart/1.2/accessors-smart-1.2.jar:/home/user/.m2/repository/org/ow2/asm/asm/5.0.4/asm-5.0.4.jar:/home/user/.m2/repository/org/apache/curator/curator-framework/2.12.0/curator-framework-2.12.0.jar:/home/user/.m2/repository/com/sun/jersey/jersey-core/1.19/jersey-core-1.19.jar:/home/user/.m2/repository/javax/ws/rs/jsr311-api/1.1.1/jsr311-api-1.1.1.jar:/home/user/.m2/repository/com/sun/jersey/jersey-server/1.19/jersey-server-1.19.jar:/home/user/.m2/repository/javax/servlet/javax.servlet-api/3.1.0/javax.servlet-api-3.1.0.jar:/home/user/.m2/repository/org/eclipse/jetty/jetty-server/9.3.25.v20180904/jetty-server-9.3.25.v20180904.jar:/home/user/.m2/repository/org/eclipse/jetty/jetty-http/9.3.25.v20180904/jetty-http-9.3.25.v20180904.jar:/home/user/.m2/repository/org/eclipse/jetty/jetty-io/9.3.25.v20180904/jetty-io-9.3.25.v20180904.jar:/home/user/.m2/repository/org/eclipse/jetty/jetty-webapp/9.3.25.v20180904/jetty-webapp-9.3.25.v20180904.jar:/home/user/.m2/repository/org/eclipse/jetty/jetty-xml/9.3.25.v20180904/jetty-xml-9.3.25.v20180904.jar:/home/user/.m2/repository/log4j/log4j/1.2.17/log4j-1.2.17.jar:/home/user/.m2/repository/org/slf4j/slf4j-api/1.7.25/slf4j-api-1.7.25.jar:/home/user/.m2/repository/org/slf4j/jul-to-slf4j/1.7.25/jul-to-slf4j-1.7.25.jar:/home/user/.m2/repository/org/eclipse/jetty/jetty-util/9.3.25.v20180904/jetty-util-9.3.25.v20180904.jar:/home/user/.m2/repository/com/fasterxml/jackson/core/jackson-databind/2.9.9/jackson-databind-2.9.9.jar:/home/user/.m2/repository/org/apache/hadoop/hadoop-kms/3.2.0/hadoop-kms-3.2.0-tests.jar:/home/user/.m2/repository/org/apache/hadoop/hadoop-hdds-server-scm/0.5.0-SNAPSHOT/hadoop-hdds-server-scm-0.5.0-SNAPSHOT-tests.jar:/home/user/.m2/repository/org/apache/hadoop/hadoop-hdds-container-service/0.5.0-SNAPSHOT/hadoop-hdds-container-service-0.5.0-SNAPSHOT-tests.jar:/home/user/.m2/repository/org/yaml/snakeyaml/1.16/snakeyaml-1.16.jar:/home/user/.m2/repository/org/apache/hadoop/hadoop-common/3.2.0/hadoop-common-3.2.0-tests.jar:/home/user/.m2/repository/org/apache/hadoop/hadoop-annotations/3.2.0/hadoop-annotations-3.2.0.jar:/usr/lib/jvm/java-1.8-openjdk/jre/../lib/tools.jar:/home/user/.m2/repository/commons-cli/commons-cli/1.2/commons-cli-1.2.jar:/home/user/.m2/repository/org/apache/httpcomponents/httpclient/4.5.2/httpclient-4.5.2.jar:/home/user/.m2/repository/org/apache/httpcomponents/httpcore/4.4.4/httpcore-4.4.4.jar:/home/user/.m2/repository/commons-codec/commons-codec/1.11/commons-codec-1.11.jar:/home/user/.m2/repository/commons-net/commons-net/3.6/commons-net-3.6.jar:/home/user/.m2/repository/commons-collections/commons-collections/3.2.2/commons-collections-3.2.2.jar:/home/user/.m2/repository/org/eclipse/jetty/jetty-servlet/9.3.25.v20180904/jetty-servlet-9.3.25.v20180904.jar:/home/user/.m2/repository/org/eclipse/jetty/jetty-security/9.3.25.v20180904/jetty-security-9.3.25.v20180904.jar:/home/user/.m2/repository/javax/servlet/jsp/jsp-api/2.1/jsp-api-2.1.jar:/home/user/.m2/repository/com/sun/jersey/jersey-servlet/1.19/jersey-servlet-1.19.jar:/home/user/.m2/repository/com/sun/jersey/jersey-json/1.19/jersey-json-1.19.jar:/home/user/.m2/repository/org/codehaus/jettison/jettison/1.1/jettison-1.1.jar:/home/user/.m2/repository/org/codehaus/jackson/jackson-core-asl/1.9.13/jackson-core-asl-1.9.13.jar:/home/user/.m2/repository/org/codehaus/jackson/jackson-mapper-asl/1.9.13/jackson-mapper-asl-1.9.13.jar:/home/user/.m2/repository/org/codehaus/jackson/jackson-jaxrs/1.9.13/jackson-jaxrs-1.9.13.jar:/home/user/.m2/repository/org/codehaus/jackson/jackson-xc/1.9.13/jackson-xc-1.9.13.jar:/home/user/.m2/repository/commons-logging/commons-logging/1.1.3/commons-logging-1.1.3.jar:/home/user/.m2/repository/commons-beanutils/commons-beanutils/1.9.4/commons-beanutils-1.9.4.jar:/home/user/.m2/repository/org/apache/commons/commons-configuration2/2.1.1/commons-configuration2-2.1.1.jar:/home/user/.m2/repository/org/apache/commons/commons-lang3/3.7/commons-lang3-3.7.jar:/home/user/.m2/repository/org/apache/commons/commons-text/1.4/commons-text-1.4.jar:/home/user/.m2/repository/org/apache/avro/avro/1.7.7/avro-1.7.7.jar:/home/user/.m2/repository/com/thoughtworks/paranamer/paranamer/2.3/paranamer-2.3.jar:/home/user/.m2/repository/org/xerial/snappy/snappy-java/1.0.5/snappy-java-1.0.5.jar:/home/user/.m2/repository/com/google/re2j/re2j/1.1/re2j-1.1.jar:/home/user/.m2/repository/com/google/code/gson/gson/2.2.4/gson-2.2.4.jar:/home/user/.m2/repository/com/jcraft/jsch/0.1.54/jsch-0.1.54.jar:/home/user/.m2/repository/org/apache/curator/curator-client/2.12.0/curator-client-2.12.0.jar:/home/user/.m2/repository/org/apache/curator/curator-recipes/2.12.0/curator-recipes-2.12.0.jar:/home/user/.m2/repository/com/google/code/findbugs/jsr305/3.0.0/jsr305-3.0.0.jar:/home/user/.m2/repository/org/apache/htrace/htrace-core4/4.1.0-incubating/htrace-core4-4.1.0-incubating.jar:/home/user/.m2/repository/org/apache/zookeeper/zookeeper/3.4.13/zookeeper-3.4.13.jar:/home/user/.m2/repository/jline/jline/0.9.94/jline-0.9.94.jar:/home/user/.m2/repository/org/apache/yetus/audience-annotations/0.5.0/audience-annotations-0.5.0.jar:/home/user/.m2/repository/org/codehaus/woodstox/stax2-api/3.1.4/stax2-api-3.1.4.jar:/home/user/.m2/repository/com/fasterxml/woodstox/woodstox-core/5.0.3/woodstox-core-5.0.3.jar:/home/user/.m2/repository/dnsjava/dnsjava/2.1.7/dnsjava-2.1.7.jar:/home/user/.m2/repository/org/apache/hadoop/hadoop-hdfs/3.2.0/hadoop-hdfs-3.2.0-tests.jar:/home/user/.m2/repository/org/eclipse/jetty/jetty-util-ajax/9.3.25.v20180904/jetty-util-ajax-9.3.25.v20180904.jar:/home/user/.m2/repository/commons-daemon/commons-daemon/1.0.13/commons-daemon-1.0.13.jar:/home/user/.m2/repository/io/netty/netty/3.10.5.Final/netty-3.10.5.Final.jar:/home/user/.m2/repository/io/netty/netty-all/4.0.52.Final/netty-all-4.0.52.Final.jar:/home/user/.m2/repository/org/fusesource/leveldbjni/leveldbjni-all/1.8/leveldbjni-all-1.8.jar:"/>
    <property name="sun.cpu.endian" value="little"/>
    <property name="user.home" value="/home/user"/>
    <property name="user.language" value="en"/>
    <property name="java.specification.vendor" value="Oracle Corporation"/>
    <property name="java.home" value="/usr/lib/jvm/java-1.8-openjdk/jre"/>
    <property name="surefire.excludesFile" value="/tools/ozone-bad-unit-tests"/>
    <property name="java.security.krb5.conf" value="/workdir/hadoop-ozone/integration-test/target/test-classes/krb5.conf"/>
    <property name="basedir" value="/workdir/hadoop-ozone/integration-test"/>
    <property name="file.separator" value="/"/>
    <property name="line.separator" value="&#10;"/>
    <property name="java.vm.specification.vendor" value="Oracle Corporation"/>
    <property name="java.specification.name" value="Java Platform API Specification"/>
    <property name="java.awt.graphicsenv" value="sun.awt.X11GraphicsEnvironment"/>
    <property name="surefire.real.class.path" value="/workdir/hadoop-ozone/integration-test/target/surefire/surefirebooter262177476769866674.jar"/>
    <property name="hadoop.log.dir" value="/workdir/hadoop-ozone/integration-test/target/log"/>
    <property name="sun.boot.class.path" value="/usr/lib/jvm/java-1.8-openjdk/jre/lib/resources.jar:/usr/lib/jvm/java-1.8-openjdk/jre/lib/rt.jar:/usr/lib/jvm/java-1.8-openjdk/jre/lib/sunrsasign.jar:/usr/lib/jvm/java-1.8-openjdk/jre/lib/jsse.jar:/usr/lib/jvm/java-1.8-openjdk/jre/lib/jce.jar:/usr/lib/jvm/java-1.8-openjdk/jre/lib/charsets.jar:/usr/lib/jvm/java-1.8-openjdk/jre/lib/jfr.jar:/usr/lib/jvm/java-1.8-openjdk/jre/classes"/>
    <property name="sun.management.compiler" value="HotSpot 64-Bit Tiered Compilers"/>
    <property name="java.runtime.version" value="1.8.0_212-b04"/>
    <property name="java.net.preferIPv4Stack" value="true"/>
    <property name="user.name" value="jenkins1000"/>
    <property name="path.separator" value=":"/>
    <property name="java.security.egd" value="file:///dev/urandom"/>
    <property name="os.version" value="3.10.0-957.12.2.el7.x86_64"/>
    <property name="java.endorsed.dirs" value="/usr/lib/jvm/java-1.8-openjdk/jre/lib/endorsed"/>
    <property name="java.runtime.name" value="OpenJDK Runtime Environment"/>
    <property name="file.encoding" value="UTF-8"/>
    <property name="java.vm.name" value="OpenJDK 64-Bit Server VM"/>
    <property name="test.build.webapps" value=""/>
    <property name="localRepository" value="/home/user/.m2/repository"/>
    <property name="java.vendor.url.bug" value="https://icedtea.classpath.org/bugzilla"/>
    <property name="java.io.tmpdir" value="/tmp"/>
    <property name="require.test.libhadoop" value=""/>
    <property name="java.version" value="1.8.0_212"/>
    <property name="user.dir" value="/workdir/hadoop-ozone/integration-test"/>
    <property name="os.arch" value="amd64"/>
    <property name="java.vm.specification.name" value="Java Virtual Machine Specification"/>
    <property name="test.build.classes" value="/workdir/hadoop-ozone/integration-test/target/test-classes"/>
    <property name="java.awt.printerjob" value="sun.print.PSPrinterJob"/>
    <property name="sun.os.patch.level" value="unknown"/>
    <property name="hadoop.tmp.dir" value="/workdir/hadoop-ozone/integration-test/target/tmp"/>
    <property name="java.library.path" value="/usr/lib/jvm/java-1.8-openjdk/jre/lib/amd64/server:/usr/lib/jvm/java-1.8-openjdk/jre/lib/amd64:/usr/lib/jvm/java-1.8-openjdk/jre/../lib/amd64:/workdir/hadoop-ozone/integration-test/target/native/target/usr/local/lib:/workdir/hadoop-ozone/integration-test/../../hadoop-common-project/hadoop-common/target/native/target/usr/local/lib:/usr/java/packages/lib/amd64:/usr/lib64:/lib64:/lib:/usr/lib"/>
    <property name="java.vm.info" value="mixed mode"/>
    <property name="java.vendor" value="IcedTea"/>
    <property name="java.vm.version" value="25.212-b04"/>
    <property name="java.ext.dirs" value="/usr/lib/jvm/java-1.8-openjdk/jre/lib/ext:/usr/java/packages/lib/ext"/>
    <property name="sun.io.unicode.encoding" value="UnicodeLittle"/>
    <property name="java.class.version" value="52.0"/>
  </properties>
  <testcase name="testWatchForCommitWithKeyWrite" classname="org.apache.hadoop.ozone.client.rpc.TestWatchForCommit" time="60.209"/>
  <testcase name="testWatchForCommitWithSmallerTimeoutValue" classname="org.apache.hadoop.ozone.client.rpc.TestWatchForCommit" time="52.706"/>
  <testcase name="testWatchForCommitForRetryfailure" classname="org.apache.hadoop.ozone.client.rpc.TestWatchForCommit" time="74.586"/>
  <testcase name="testWatchForCommitForGroupMismatchException" classname="org.apache.hadoop.ozone.client.rpc.TestWatchForCommit" time="33.254"/>
  <testcase name="test2WayCommitForTimeoutException" classname="org.apache.hadoop.ozone.client.rpc.TestWatchForCommit" time="27.679">
    <error message="org.apache.ratis.protocol.RaftRetryFailureException: Failed RaftClientRequest:client-BE6547C2C8B4-&gt;d97f7fe5-0dca-42f9-9a49-18c0e60a1798@group-83149DB34020, cid=104, seq=2*, RW, cmdType: CloseContainer&#10;traceID: &quot;869261875e7ac52:869261875e7ac52:0:0&quot;&#10;containerID: 1&#10;datanodeUuid: &quot;04a41960-4c74-4c0c-8a88-98148ffd280d&quot;&#10;closeContainer {&#10;}&#10;, data.size=0 for 20 attempts with RetryLimited(maxAttempts=20, sleepTime=1000ms)" type="java.util.concurrent.ExecutionException">java.util.concurrent.ExecutionException: 
org.apache.ratis.protocol.RaftRetryFailureException: Failed RaftClientRequest:client-BE6547C2C8B4->d97f7fe5-0dca-42f9-9a49-18c0e60a1798@group-83149DB34020, cid=104, seq=2*, RW, cmdType: CloseContainer
traceID: "869261875e7ac52:869261875e7ac52:0:0"
containerID: 1
datanodeUuid: "04a41960-4c74-4c0c-8a88-98148ffd280d"
closeContainer {
}
, data.size=0 for 20 attempts with RetryLimited(maxAttempts=20, sleepTime=1000ms)
	at java.util.concurrent.CompletableFuture.reportGet(CompletableFuture.java:357)
	at java.util.concurrent.CompletableFuture.get(CompletableFuture.java:1895)
	at org.apache.hadoop.ozone.client.rpc.TestWatchForCommit.test2WayCommitForTimeoutException(TestWatchForCommit.java:390)
	at sun.reflect.NativeMethodAccessorImpl.invoke0(Native Method)
	at sun.reflect.NativeMethodAccessorImpl.invoke(NativeMethodAccessorImpl.java:62)
	at sun.reflect.DelegatingMethodAccessorImpl.invoke(DelegatingMethodAccessorImpl.java:43)
	at java.lang.reflect.Method.invoke(Method.java:498)
	at org.junit.runners.model.FrameworkMethod$1.runReflectiveCall(FrameworkMethod.java:47)
	at org.junit.internal.runners.model.ReflectiveCallable.run(ReflectiveCallable.java:12)
	at org.junit.runners.model.FrameworkMethod.invokeExplosively(FrameworkMethod.java:44)
	at org.junit.internal.runners.statements.InvokeMethod.evaluate(InvokeMethod.java:17)
	at org.junit.runners.ParentRunner.runLeaf(ParentRunner.java:271)
	at org.junit.runners.BlockJUnit4ClassRunner.runChild(BlockJUnit4ClassRunner.java:70)
	at org.junit.runners.BlockJUnit4ClassRunner.runChild(BlockJUnit4ClassRunner.java:50)
	at org.junit.runners.ParentRunner$3.run(ParentRunner.java:238)
	at org.junit.runners.ParentRunner$1.schedule(ParentRunner.java:63)
	at org.junit.runners.ParentRunner.runChildren(ParentRunner.java:236)
	at org.junit.runners.ParentRunner.access$000(ParentRunner.java:53)
	at org.junit.runners.ParentRunner$2.evaluate(ParentRunner.java:229)
	at org.junit.runners.ParentRunner.run(ParentRunner.java:309)
	at org.apache.maven.surefire.junit4.JUnit4Provider.execute(JUnit4Provider.java:365)
	at org.apache.maven.surefire.junit4.JUnit4Provider.executeWithRerun(JUnit4Provider.java:273)
	at org.apache.maven.surefire.junit4.JUnit4Provider.executeTestSet(JUnit4Provider.java:238)
	at org.apache.maven.surefire.junit4.JUnit4Provider.invoke(JUnit4Provider.java:159)
	at org.apache.maven.surefire.booter.ForkedBooter.invokeProviderInSameClassLoader(ForkedBooter.java:384)
	at org.apache.maven.surefire.booter.ForkedBooter.runSuitesInProcess(ForkedBooter.java:345)
	at org.apache.maven.surefire.booter.ForkedBooter.execute(ForkedBooter.java:126)
	at org.apache.maven.surefire.booter.ForkedBooter.main(ForkedBooter.java:418)
Caused by: org.apache.ratis.protocol.RaftRetryFailureException: Failed RaftClientRequest:client-BE6547C2C8B4->d97f7fe5-0dca-42f9-9a49-18c0e60a1798@group-83149DB34020, cid=104, seq=2*, RW, cmdType: CloseContainer
traceID: "869261875e7ac52:869261875e7ac52:0:0"
containerID: 1
datanodeUuid: "04a41960-4c74-4c0c-8a88-98148ffd280d"
closeContainer {
}
, data.size=0 for 20 attempts with RetryLimited(maxAttempts=20, sleepTime=1000ms)
	at org.apache.ratis.client.impl.RaftClientImpl.noMoreRetries(RaftClientImpl.java:271)
	at org.apache.ratis.client.impl.OrderedAsync.handleAsyncRetryFailure(OrderedAsync.java:138)
	at org.apache.ratis.client.impl.OrderedAsync.lambda$sendRequest$10(OrderedAsync.java:230)
	at java.util.concurrent.CompletableFuture.uniExceptionally(CompletableFuture.java:870)
	at java.util.concurrent.CompletableFuture$UniExceptionally.tryFire(CompletableFuture.java:852)
	at java.util.concurrent.CompletableFuture.postComplete(CompletableFuture.java:474)
	at java.util.concurrent.CompletableFuture.completeExceptionally(CompletableFuture.java:1977)
	at org.apache.ratis.grpc.client.GrpcClientProtocolClient$AsyncStreamObservers.completeReplyExceptionally(GrpcClientProtocolClient.java:345)
	at org.apache.ratis.grpc.client.GrpcClientProtocolClient$AsyncStreamObservers.access$000(GrpcClientProtocolClient.java:261)
	at org.apache.ratis.grpc.client.GrpcClientProtocolClient$AsyncStreamObservers$1.onNext(GrpcClientProtocolClient.java:273)
	at org.apache.ratis.grpc.client.GrpcClientProtocolClient$AsyncStreamObservers$1.onNext(GrpcClientProtocolClient.java:264)
	at org.apache.ratis.thirdparty.io.grpc.stub.ClientCalls$StreamObserverToCallListenerAdapter.onMessage(ClientCalls.java:421)
	at org.apache.ratis.thirdparty.io.grpc.ForwardingClientCallListener.onMessage(ForwardingClientCallListener.java:33)
	at org.apache.ratis.thirdparty.io.grpc.ForwardingClientCallListener.onMessage(ForwardingClientCallListener.java:33)
	at org.apache.ratis.thirdparty.io.grpc.internal.ClientCallImpl$ClientStreamListenerImpl$1MessagesAvailable.runInContext(ClientCallImpl.java:519)
	at org.apache.ratis.thirdparty.io.grpc.internal.ContextRunnable.run(ContextRunnable.java:37)
	at org.apache.ratis.thirdparty.io.grpc.internal.SerializingExecutor.run(SerializingExecutor.java:123)
	at java.util.concurrent.ThreadPoolExecutor.runWorker(ThreadPoolExecutor.java:1149)
	at java.util.concurrent.ThreadPoolExecutor$Worker.run(ThreadPoolExecutor.java:624)
	at java.lang.Thread.run(Thread.java:748)
Caused by: org.apache.ratis.protocol.NotLeaderException: Server d97f7fe5-0dca-42f9-9a49-18c0e60a1798@group-83149DB34020 is not the leader
	at org.apache.ratis.client.impl.ClientProtoUtils.toRaftClientReply(ClientProtoUtils.java:243)
	at org.apache.ratis.grpc.client.GrpcClientProtocolClient$AsyncStreamObservers$1.onNext(GrpcClientProtocolClient.java:269)
	... 10 more
</error>
    <system-out><![CDATA[2019-10-15 03:46:58,528 [main] WARN  server.ServerUtils (ServerUtils.java:getScmDbDir(145)) - ozone.scm.db.dirs is not configured. We recommend adding this setting. Falling back to ozone.metadata.dirs instead.
2019-10-15 03:46:58,557 [main] WARN  server.ServerUtils (ServerUtils.java:getScmDbDir(145)) - ozone.scm.db.dirs is not configured. We recommend adding this setting. Falling back to ozone.metadata.dirs instead.
2019-10-15 03:46:58,557 [main] WARN  server.ServerUtils (ServerUtils.java:getScmDbDir(145)) - ozone.scm.db.dirs is not configured. We recommend adding this setting. Falling back to ozone.metadata.dirs instead.
2019-10-15 03:46:58,559 [main] INFO  db.DBStoreBuilder (DBStoreBuilder.java:addTable(117)) - using custom profile for table: deletedBlocks
2019-10-15 03:46:58,559 [main] INFO  db.DBStoreBuilder (DBStoreBuilder.java:processTables(168)) - Using default column profile:DBProfile.DISK for Table:deletedBlocks
2019-10-15 03:46:58,559 [main] INFO  db.DBStoreBuilder (DBStoreBuilder.java:addTable(117)) - using custom profile for table: validCerts
2019-10-15 03:46:58,560 [main] INFO  db.DBStoreBuilder (DBStoreBuilder.java:processTables(168)) - Using default column profile:DBProfile.DISK for Table:validCerts
2019-10-15 03:46:58,560 [main] INFO  db.DBStoreBuilder (DBStoreBuilder.java:addTable(117)) - using custom profile for table: revokedCerts
2019-10-15 03:46:58,560 [main] INFO  db.DBStoreBuilder (DBStoreBuilder.java:processTables(168)) - Using default column profile:DBProfile.DISK for Table:revokedCerts
2019-10-15 03:46:58,561 [main] INFO  db.DBStoreBuilder (DBStoreBuilder.java:addTable(117)) - using custom profile for table: default
2019-10-15 03:46:58,561 [main] INFO  db.DBStoreBuilder (DBStoreBuilder.java:processTables(174)) - Using default column profile:DBProfile.DISK for Table:default
2019-10-15 03:46:58,561 [main] INFO  db.DBStoreBuilder (DBStoreBuilder.java:getDbProfile(205)) - Using default options. DBProfile.DISK
2019-10-15 03:46:58,863 [main] INFO  net.NodeSchemaLoader (NodeSchemaLoader.java:loadSchemaFromFile(125)) - Loading file from sun.misc.CompoundEnumeration@5b733ef7
2019-10-15 03:46:58,863 [main] INFO  net.NodeSchemaLoader (NodeSchemaLoader.java:loadSchema(171)) - Loading network topology layer schema file
2019-10-15 03:46:58,869 [main] WARN  server.ServerUtils (ServerUtils.java:sanitizeUserArgs(70)) - ozone.scm.stale.node.interval value = 300000 is larger than max = 100000 based on the key value of ozone.scm.heartbeat.thread.interval, reset to the max value 100000.
2019-10-15 03:46:58,869 [main] WARN  server.ServerUtils (ServerUtils.java:sanitizeUserArgs(70)) - ozone.scm.stale.node.interval value = 300000 is larger than max = 100000 based on the key value of ozone.scm.heartbeat.thread.interval, reset to the max value 100000.
2019-10-15 03:46:58,869 [main] INFO  node.SCMNodeManager (SCMNodeManager.java:<init>(116)) - Entering startup safe mode.
2019-10-15 03:46:58,870 [main] INFO  algorithms.ContainerPlacementPolicyFactory (ContainerPlacementPolicyFactory.java:getPolicy(57)) - Create container placement policy of type org.apache.hadoop.hdds.scm.container.placement.algorithms.SCMContainerPlacementRandom
2019-10-15 03:46:58,871 [main] WARN  server.ServerUtils (ServerUtils.java:getScmDbDir(145)) - ozone.scm.db.dirs is not configured. We recommend adding this setting. Falling back to ozone.metadata.dirs instead.
2019-10-15 03:46:58,973 [main] INFO  pipeline.SCMPipelineManager (SCMPipelineManager.java:initializePipelineState(132)) - No pipeline exists in current db
2019-10-15 03:46:58,973 [main] WARN  server.ServerUtils (ServerUtils.java:getScmDbDir(145)) - ozone.scm.db.dirs is not configured. We recommend adding this setting. Falling back to ozone.metadata.dirs instead.
2019-10-15 03:46:59,095 [main] WARN  events.EventQueue (EventQueue.java:fireEvent(183)) - No event handler registered for event TypedEvent{payloadType=SafeModeStatus, name='SafeModeStatus'}
2019-10-15 03:46:59,096 [main] INFO  ipc.CallQueueManager (CallQueueManager.java:<init>(84)) - Using callQueue: class java.util.concurrent.LinkedBlockingQueue, queueCapacity: 2000, scheduler: class org.apache.hadoop.ipc.DefaultRpcScheduler, ipcBackoff: false.
2019-10-15 03:46:59,097 [Socket Reader #1 for port 35906] INFO  ipc.Server (Server.java:run(1074)) - Starting Socket Reader #1 for port 35906
2019-10-15 03:46:59,099 [main] INFO  ipc.CallQueueManager (CallQueueManager.java:<init>(84)) - Using callQueue: class java.util.concurrent.LinkedBlockingQueue, queueCapacity: 2000, scheduler: class org.apache.hadoop.ipc.DefaultRpcScheduler, ipcBackoff: false.
2019-10-15 03:46:59,099 [Socket Reader #1 for port 46807] INFO  ipc.Server (Server.java:run(1074)) - Starting Socket Reader #1 for port 46807
2019-10-15 03:46:59,101 [main] INFO  ipc.CallQueueManager (CallQueueManager.java:<init>(84)) - Using callQueue: class java.util.concurrent.LinkedBlockingQueue, queueCapacity: 2000, scheduler: class org.apache.hadoop.ipc.DefaultRpcScheduler, ipcBackoff: false.
2019-10-15 03:46:59,101 [Socket Reader #1 for port 46002] INFO  ipc.Server (Server.java:run(1074)) - Starting Socket Reader #1 for port 46002
2019-10-15 03:46:59,103 [main] INFO  hdfs.DFSUtil (DFSUtil.java:httpServerTemplateForNNAndJN(1641)) - Starting Web-server for scm at: http://0.0.0.0:0
2019-10-15 03:46:59,105 [main] INFO  server.AuthenticationFilter (AuthenticationFilter.java:constructSecretProvider(240)) - Unable to initialize FileSignerSecretProvider, falling back to use random secrets.
2019-10-15 03:46:59,105 [main] WARN  http.HttpRequestLog (HttpRequestLog.java:getRequestLog(97)) - Jetty request log can only be enabled using Log4j
2019-10-15 03:46:59,107 [main] INFO  http.HttpServer2 (HttpServer2.java:addGlobalFilter(975)) - Added global filter 'safety' (class=org.apache.hadoop.http.HttpServer2$QuotingInputFilter)
2019-10-15 03:46:59,107 [main] INFO  http.HttpServer2 (HttpServer2.java:addFilter(948)) - Added filter static_user_filter (class=org.apache.hadoop.http.lib.StaticUserWebFilter$StaticUserFilter) to context scm
2019-10-15 03:46:59,107 [main] INFO  http.HttpServer2 (HttpServer2.java:addFilter(958)) - Added filter static_user_filter (class=org.apache.hadoop.http.lib.StaticUserWebFilter$StaticUserFilter) to context logs
2019-10-15 03:46:59,107 [main] INFO  http.HttpServer2 (HttpServer2.java:addFilter(958)) - Added filter static_user_filter (class=org.apache.hadoop.http.lib.StaticUserWebFilter$StaticUserFilter) to context static
2019-10-15 03:46:59,109 [main] INFO  server.StorageContainerManager (StorageContainerManager.java:start(772)) - StorageContainerLocationProtocol RPC server is listening at /0.0.0.0:46002
2019-10-15 03:46:59,111 [main] WARN  impl.MetricsConfig (MetricsConfig.java:loadFirst(134)) - Cannot locate configuration: tried hadoop-metrics2-storagecontainermanager.properties,hadoop-metrics2.properties
2019-10-15 03:46:59,111 [main] INFO  impl.MetricsSystemImpl (MetricsSystemImpl.java:startTimer(374)) - Scheduled Metric snapshot period at 10 second(s).
2019-10-15 03:46:59,112 [main] INFO  impl.MetricsSystemImpl (MetricsSystemImpl.java:start(191)) - StorageContainerManager metrics system started
2019-10-15 03:46:59,186 [main] WARN  impl.MetricsSystemImpl (MetricsSystemImpl.java:register(276)) - Sink prometheus already exists!
2019-10-15 03:46:59,268 [main] INFO  server.SCMClientProtocolServer (SCMClientProtocolServer.java:start(159)) - RPC server for Client  is listening at /0.0.0.0:46002
2019-10-15 03:46:59,269 [IPC Server Responder] INFO  ipc.Server (Server.java:run(1314)) - IPC Server Responder: starting
2019-10-15 03:46:59,269 [IPC Server listener on 46002] INFO  ipc.Server (Server.java:run(1153)) - IPC Server listener on 46002: starting
2019-10-15 03:46:59,274 [main] INFO  server.StorageContainerManager (StorageContainerManager.java:start(782)) - ScmBlockLocationProtocol RPC server is listening at /0.0.0.0:46807
2019-10-15 03:46:59,274 [main] INFO  server.SCMBlockProtocolServer (SCMBlockProtocolServer.java:start(146)) - RPC server for Block Protocol is listening at /0.0.0.0:46807
2019-10-15 03:46:59,275 [IPC Server Responder] INFO  ipc.Server (Server.java:run(1314)) - IPC Server Responder: starting
2019-10-15 03:46:59,276 [IPC Server listener on 46807] INFO  ipc.Server (Server.java:run(1153)) - IPC Server listener on 46807: starting
2019-10-15 03:46:59,282 [main] INFO  server.StorageContainerManager (StorageContainerManager.java:start(786)) - ScmDatanodeProtocl RPC server is listening at /0.0.0.0:35906
2019-10-15 03:46:59,283 [main] INFO  server.SCMDatanodeProtocolServer (SCMDatanodeProtocolServer.java:start(169)) - RPC server for DataNodes is listening at /0.0.0.0:35906
2019-10-15 03:46:59,283 [IPC Server Responder] INFO  ipc.Server (Server.java:run(1314)) - IPC Server Responder: starting
2019-10-15 03:46:59,283 [IPC Server listener on 35906] INFO  ipc.Server (Server.java:run(1153)) - IPC Server listener on 35906: starting
2019-10-15 03:46:59,287 [main] INFO  http.HttpServer2 (HttpServer2.java:bindListener(1191)) - Jetty bound to port 45279
2019-10-15 03:46:59,287 [main] INFO  server.Server (Server.java:doStart(351)) - jetty-9.3.25.v20180904, build timestamp: 2018-09-04T21:11:46Z, git hash: 3ce520221d0240229c862b122d2b06c12a625732
2019-10-15 03:46:59,289 [main] INFO  handler.ContextHandler (ContextHandler.java:doStart(781)) - Started o.e.j.s.ServletContextHandler@626b639e{/logs,file:///workdir/hadoop-ozone/integration-test/target/log,AVAILABLE}
2019-10-15 03:46:59,289 [main] INFO  handler.ContextHandler (ContextHandler.java:doStart(781)) - Started o.e.j.s.ServletContextHandler@527a8665{/static,file:///workdir/hadoop-ozone/integration-test/target/test-classes/webapps/static,AVAILABLE}
2019-10-15 03:46:59,293 [main] INFO  handler.ContextHandler (ContextHandler.java:doStart(781)) - Started o.e.j.w.WebAppContext@4a216eb4{/,file:///workdir/hadoop-ozone/integration-test/target/test-classes/webapps/scm/,AVAILABLE}{/scm}
2019-10-15 03:46:59,293 [main] INFO  server.AbstractConnector (AbstractConnector.java:doStart(278)) - Started ServerConnector@bb3ecfe{HTTP/1.1,[http/1.1]}{0.0.0.0:45279}
2019-10-15 03:46:59,295 [main] INFO  server.Server (Server.java:doStart(419)) - Started @221921ms
2019-10-15 03:46:59,295 [main] WARN  impl.MetricsSystemImpl (MetricsSystemImpl.java:register(276)) - Sink prometheus already exists!
2019-10-15 03:46:59,296 [main] INFO  server.BaseHttpServer (BaseHttpServer.java:updateConnectorAddress(215)) - HTTP server of SCM is listening at http://0.0.0.0:45279
2019-10-15 03:46:59,296 [main] WARN  server.ServerUtils (ServerUtils.java:getDBPath(222)) - ozone.om.db.dirs is not configured. We recommend adding this setting. Falling back to ozone.metadata.dirs instead.
2019-10-15 03:46:59,296 [org.apache.hadoop.util.JvmPauseMonitor$Monitor@7a04f730] INFO  util.JvmPauseMonitor (JvmPauseMonitor.java:run(188)) - Starting JVM pause monitor
2019-10-15 03:46:59,320 [main] INFO  ha.OMHANodeDetails (OMHANodeDetails.java:loadOMHAConfig(190)) - Configuration either no ozone.om.address set. Falling back to the default OM address /127.0.0.1:0
2019-10-15 03:46:59,320 [main] INFO  ha.OMHANodeDetails (OMHANodeDetails.java:getOMNodeDetails(220)) - OM Service ID is not set. Setting it to the default ID: omServiceIdDefault
2019-10-15 03:46:59,321 [main] WARN  server.ServerUtils (ServerUtils.java:getDBPath(222)) - ozone.om.db.dirs is not configured. We recommend adding this setting. Falling back to ozone.metadata.dirs instead.
2019-10-15 03:46:59,321 [main] WARN  server.ServerUtils (ServerUtils.java:getDBPath(222)) - ozone.om.db.dirs is not configured. We recommend adding this setting. Falling back to ozone.metadata.dirs instead.
2019-10-15 03:46:59,330 [main] WARN  server.ServerUtils (ServerUtils.java:getDBPath(222)) - ozone.om.db.dirs is not configured. We recommend adding this setting. Falling back to ozone.metadata.dirs instead.
2019-10-15 03:46:59,330 [main] INFO  db.DBStoreBuilder (DBStoreBuilder.java:addTable(117)) - using custom profile for table: userTable
2019-10-15 03:46:59,331 [main] INFO  db.DBStoreBuilder (DBStoreBuilder.java:processTables(168)) - Using default column profile:DBProfile.DISK for Table:userTable
2019-10-15 03:46:59,331 [main] INFO  db.DBStoreBuilder (DBStoreBuilder.java:addTable(117)) - using custom profile for table: volumeTable
2019-10-15 03:46:59,331 [main] INFO  db.DBStoreBuilder (DBStoreBuilder.java:processTables(168)) - Using default column profile:DBProfile.DISK for Table:volumeTable
2019-10-15 03:46:59,331 [main] INFO  db.DBStoreBuilder (DBStoreBuilder.java:addTable(117)) - using custom profile for table: bucketTable
2019-10-15 03:46:59,331 [main] INFO  db.DBStoreBuilder (DBStoreBuilder.java:processTables(168)) - Using default column profile:DBProfile.DISK for Table:bucketTable
2019-10-15 03:46:59,331 [main] INFO  db.DBStoreBuilder (DBStoreBuilder.java:addTable(117)) - using custom profile for table: keyTable
2019-10-15 03:46:59,332 [main] INFO  db.DBStoreBuilder (DBStoreBuilder.java:processTables(168)) - Using default column profile:DBProfile.DISK for Table:keyTable
2019-10-15 03:46:59,332 [main] INFO  db.DBStoreBuilder (DBStoreBuilder.java:addTable(117)) - using custom profile for table: deletedTable
2019-10-15 03:46:59,332 [main] INFO  db.DBStoreBuilder (DBStoreBuilder.java:processTables(168)) - Using default column profile:DBProfile.DISK for Table:deletedTable
2019-10-15 03:46:59,332 [main] INFO  db.DBStoreBuilder (DBStoreBuilder.java:addTable(117)) - using custom profile for table: openKeyTable
2019-10-15 03:46:59,332 [main] INFO  db.DBStoreBuilder (DBStoreBuilder.java:processTables(168)) - Using default column profile:DBProfile.DISK for Table:openKeyTable
2019-10-15 03:46:59,333 [main] INFO  db.DBStoreBuilder (DBStoreBuilder.java:addTable(117)) - using custom profile for table: s3Table
2019-10-15 03:46:59,333 [main] INFO  db.DBStoreBuilder (DBStoreBuilder.java:processTables(168)) - Using default column profile:DBProfile.DISK for Table:s3Table
2019-10-15 03:46:59,333 [main] INFO  db.DBStoreBuilder (DBStoreBuilder.java:addTable(117)) - using custom profile for table: multipartInfoTable
2019-10-15 03:46:59,333 [main] INFO  db.DBStoreBuilder (DBStoreBuilder.java:processTables(168)) - Using default column profile:DBProfile.DISK for Table:multipartInfoTable
2019-10-15 03:46:59,333 [main] INFO  db.DBStoreBuilder (DBStoreBuilder.java:addTable(117)) - using custom profile for table: dTokenTable
2019-10-15 03:46:59,333 [main] INFO  db.DBStoreBuilder (DBStoreBuilder.java:processTables(168)) - Using default column profile:DBProfile.DISK for Table:dTokenTable
2019-10-15 03:46:59,334 [main] INFO  db.DBStoreBuilder (DBStoreBuilder.java:addTable(117)) - using custom profile for table: s3SecretTable
2019-10-15 03:46:59,334 [main] INFO  db.DBStoreBuilder (DBStoreBuilder.java:processTables(168)) - Using default column profile:DBProfile.DISK for Table:s3SecretTable
2019-10-15 03:46:59,334 [main] INFO  db.DBStoreBuilder (DBStoreBuilder.java:addTable(117)) - using custom profile for table: prefixTable
2019-10-15 03:46:59,334 [main] INFO  db.DBStoreBuilder (DBStoreBuilder.java:processTables(168)) - Using default column profile:DBProfile.DISK for Table:prefixTable
2019-10-15 03:46:59,334 [main] INFO  db.DBStoreBuilder (DBStoreBuilder.java:addTable(117)) - using custom profile for table: default
2019-10-15 03:46:59,334 [main] INFO  db.DBStoreBuilder (DBStoreBuilder.java:processTables(174)) - Using default column profile:DBProfile.DISK for Table:default
2019-10-15 03:46:59,334 [main] INFO  db.DBStoreBuilder (DBStoreBuilder.java:getDbProfile(205)) - Using default options. DBProfile.DISK
2019-10-15 03:46:59,984 [main] INFO  ipc.CallQueueManager (CallQueueManager.java:<init>(84)) - Using callQueue: class java.util.concurrent.LinkedBlockingQueue, queueCapacity: 2000, scheduler: class org.apache.hadoop.ipc.DefaultRpcScheduler, ipcBackoff: false.
2019-10-15 03:46:59,985 [Socket Reader #1 for port 35571] INFO  ipc.Server (Server.java:run(1074)) - Starting Socket Reader #1 for port 35571
2019-10-15 03:46:59,999 [main] INFO  om.OzoneManager (OzoneManager.java:start(1071)) - OzoneManager RPC server is listening at localhost/127.0.0.1:35571
2019-10-15 03:46:59,999 [main] INFO  impl.MetricsSystemImpl (MetricsSystemImpl.java:init(158)) - OzoneManager metrics system started (again)
2019-10-15 03:47:00,002 [IPC Server Responder] INFO  ipc.Server (Server.java:run(1314)) - IPC Server Responder: starting
2019-10-15 03:47:00,002 [IPC Server listener on 35571] INFO  ipc.Server (Server.java:run(1153)) - IPC Server listener on 35571: starting
2019-10-15 03:47:00,006 [main] INFO  hdfs.DFSUtil (DFSUtil.java:httpServerTemplateForNNAndJN(1641)) - Starting Web-server for ozoneManager at: http://0.0.0.0:0
2019-10-15 03:47:00,008 [main] INFO  server.AuthenticationFilter (AuthenticationFilter.java:constructSecretProvider(240)) - Unable to initialize FileSignerSecretProvider, falling back to use random secrets.
2019-10-15 03:47:00,008 [main] WARN  http.HttpRequestLog (HttpRequestLog.java:getRequestLog(97)) - Jetty request log can only be enabled using Log4j
2019-10-15 03:47:00,009 [main] INFO  http.HttpServer2 (HttpServer2.java:addGlobalFilter(975)) - Added global filter 'safety' (class=org.apache.hadoop.http.HttpServer2$QuotingInputFilter)
2019-10-15 03:47:00,009 [main] INFO  http.HttpServer2 (HttpServer2.java:addFilter(948)) - Added filter static_user_filter (class=org.apache.hadoop.http.lib.StaticUserWebFilter$StaticUserFilter) to context ozoneManager
2019-10-15 03:47:00,009 [main] INFO  http.HttpServer2 (HttpServer2.java:addFilter(958)) - Added filter static_user_filter (class=org.apache.hadoop.http.lib.StaticUserWebFilter$StaticUserFilter) to context static
2019-10-15 03:47:00,010 [main] INFO  http.HttpServer2 (HttpServer2.java:addFilter(958)) - Added filter static_user_filter (class=org.apache.hadoop.http.lib.StaticUserWebFilter$StaticUserFilter) to context logs
2019-10-15 03:47:00,010 [main] INFO  http.HttpServer2 (HttpServer2.java:bindListener(1191)) - Jetty bound to port 45576
2019-10-15 03:47:00,010 [main] INFO  server.Server (Server.java:doStart(351)) - jetty-9.3.25.v20180904, build timestamp: 2018-09-04T21:11:46Z, git hash: 3ce520221d0240229c862b122d2b06c12a625732
2019-10-15 03:47:00,012 [main] INFO  handler.ContextHandler (ContextHandler.java:doStart(781)) - Started o.e.j.s.ServletContextHandler@353e6389{/logs,file:///workdir/hadoop-ozone/integration-test/target/log,AVAILABLE}
2019-10-15 03:47:00,012 [main] INFO  handler.ContextHandler (ContextHandler.java:doStart(781)) - Started o.e.j.s.ServletContextHandler@7a65c995{/static,file:///workdir/hadoop-ozone/integration-test/target/test-classes/webapps/static,AVAILABLE}
2019-10-15 03:47:00,015 [main] INFO  handler.ContextHandler (ContextHandler.java:doStart(781)) - Started o.e.j.w.WebAppContext@666618d6{/,file:///workdir/hadoop-ozone/integration-test/target/test-classes/webapps/ozoneManager/,AVAILABLE}{/ozoneManager}
2019-10-15 03:47:00,015 [main] INFO  server.AbstractConnector (AbstractConnector.java:doStart(278)) - Started ServerConnector@5b1c32e4{HTTP/1.1,[http/1.1]}{0.0.0.0:45576}
2019-10-15 03:47:00,017 [main] INFO  server.Server (Server.java:doStart(419)) - Started @222643ms
2019-10-15 03:47:00,017 [main] WARN  impl.MetricsSystemImpl (MetricsSystemImpl.java:register(276)) - Sink prometheus already exists!
2019-10-15 03:47:00,017 [main] INFO  server.BaseHttpServer (BaseHttpServer.java:updateConnectorAddress(215)) - HTTP server of OZONEMANAGER is listening at http://0.0.0.0:45576
2019-10-15 03:47:00,029 [main] INFO  impl.MetricsSystemImpl (MetricsSystemImpl.java:init(158)) - HddsDatanode metrics system started (again)
2019-10-15 03:47:00,032 [main] INFO  ozone.HddsDatanodeService (HddsDatanodeService.java:start(184)) - HddsDatanodeService host:pr-hdds-2278-dv8k5-3424803466 ip:192.168.157.236
2019-10-15 03:47:00,038 [main] INFO  volume.HddsVolume (HddsVolume.java:<init>(176)) - Creating Volume: /workdir/hadoop-ozone/integration-test/target/test-dir/MiniOzoneClusterImpl-14e02325-d020-4b03-9219-3bf7a6491ac8/datanode-0/data/containers/hdds of  storage type : DISK and capacity : 1482555576320
2019-10-15 03:47:00,038 [main] INFO  volume.VolumeSet (VolumeSet.java:initializeVolumeSet(170)) - Added Volume : /workdir/hadoop-ozone/integration-test/target/test-dir/MiniOzoneClusterImpl-14e02325-d020-4b03-9219-3bf7a6491ac8/datanode-0/data/containers/hdds to VolumeSet
2019-10-15 03:47:00,038 [main] INFO  volume.ThrottledAsyncChecker (ThrottledAsyncChecker.java:schedule(141)) - Scheduling a check for org.apache.hadoop.ozone.container.common.volume.HddsVolume@59c43561
2019-10-15 03:47:00,040 [main] INFO  volume.HddsVolumeChecker (HddsVolumeChecker.java:checkAllVolumes(204)) - Scheduled health check for volume org.apache.hadoop.ozone.container.common.volume.HddsVolume@59c43561
2019-10-15 03:47:00,051 [main] INFO  impl.RaftServerProxy (ConfUtils.java:logGet(43)) - raft.rpc.type = GRPC (default)
2019-10-15 03:47:00,052 [main] INFO  grpc.GrpcFactory (GrpcFactory.java:checkPooledByteBufAllocatorUseCacheForAllThreads(45)) - PERFORMANCE WARNING: useCacheForAllThreads is true that may cause Netty to create a lot garbage objects and, as a result, trigger GC.
	It is recommended to disable useCacheForAllThreads by setting -Dorg.apache.ratis.thirdparty.io.netty.allocator.useCacheForAllThreads=false in command line.
2019-10-15 03:47:00,052 [main] INFO  grpc.GrpcConfigKeys$Server (ConfUtils.java:logGet(43)) - raft.grpc.server.port = 0 (default)
2019-10-15 03:47:00,052 [main] INFO  server.GrpcService (ConfUtils.java:logGet(43)) - raft.grpc.message.size.max = 33570816 (custom)
2019-10-15 03:47:00,052 [main] INFO  server.RaftServerConfigKeys (ConfUtils.java:logGet(43)) - raft.server.log.appender.buffer.byte-limit = 33554432 (custom)
2019-10-15 03:47:00,052 [main] INFO  server.GrpcService (ConfUtils.java:logGet(43)) - raft.grpc.flow.control.window = 1MB (=1048576) (default)
2019-10-15 03:47:00,053 [main] INFO  server.RaftServerConfigKeys (ConfUtils.java:logGet(43)) - raft.server.rpc.request.timeout = 3000ms (default)
2019-10-15 03:47:00,053 [main] INFO  server.RaftServerConfigKeys (ConfUtils.java:logGet(43)) - raft.server.storage.dir = [/workdir/hadoop-ozone/integration-test/target/test-dir/MiniOzoneClusterImpl-14e02325-d020-4b03-9219-3bf7a6491ac8/datanode-0/data/ratis] (custom)
2019-10-15 03:47:00,054 [main] INFO  hdfs.DFSUtil (DFSUtil.java:httpServerTemplateForNNAndJN(1641)) - Starting Web-server for hddsDatanode at: http://0.0.0.0:0
2019-10-15 03:47:00,055 [main] INFO  server.AuthenticationFilter (AuthenticationFilter.java:constructSecretProvider(240)) - Unable to initialize FileSignerSecretProvider, falling back to use random secrets.
2019-10-15 03:47:00,056 [main] WARN  http.HttpRequestLog (HttpRequestLog.java:getRequestLog(97)) - Jetty request log can only be enabled using Log4j
2019-10-15 03:47:00,057 [main] INFO  http.HttpServer2 (HttpServer2.java:addGlobalFilter(975)) - Added global filter 'safety' (class=org.apache.hadoop.http.HttpServer2$QuotingInputFilter)
2019-10-15 03:47:00,057 [main] INFO  http.HttpServer2 (HttpServer2.java:addFilter(948)) - Added filter static_user_filter (class=org.apache.hadoop.http.lib.StaticUserWebFilter$StaticUserFilter) to context hddsDatanode
2019-10-15 03:47:00,058 [main] INFO  http.HttpServer2 (HttpServer2.java:addFilter(958)) - Added filter static_user_filter (class=org.apache.hadoop.http.lib.StaticUserWebFilter$StaticUserFilter) to context logs
2019-10-15 03:47:00,058 [main] INFO  http.HttpServer2 (HttpServer2.java:addFilter(958)) - Added filter static_user_filter (class=org.apache.hadoop.http.lib.StaticUserWebFilter$StaticUserFilter) to context static
2019-10-15 03:47:00,058 [main] INFO  http.HttpServer2 (HttpServer2.java:bindListener(1191)) - Jetty bound to port 43159
2019-10-15 03:47:00,058 [main] INFO  server.Server (Server.java:doStart(351)) - jetty-9.3.25.v20180904, build timestamp: 2018-09-04T21:11:46Z, git hash: 3ce520221d0240229c862b122d2b06c12a625732
2019-10-15 03:47:00,060 [main] INFO  handler.ContextHandler (ContextHandler.java:doStart(781)) - Started o.e.j.s.ServletContextHandler@66f16742{/logs,file:///workdir/hadoop-ozone/integration-test/target/log,AVAILABLE}
2019-10-15 03:47:00,060 [main] INFO  handler.ContextHandler (ContextHandler.java:doStart(781)) - Started o.e.j.s.ServletContextHandler@3c54ddec{/static,jar:file:/home/user/.m2/repository/org/apache/hadoop/hadoop-hdds-container-service/0.5.0-SNAPSHOT/hadoop-hdds-container-service-0.5.0-SNAPSHOT.jar!/webapps/static,AVAILABLE}
2019-10-15 03:47:00,088 [main] INFO  handler.ContextHandler (ContextHandler.java:doStart(781)) - Started o.e.j.w.WebAppContext@492521c4{/,file:///tmp/jetty-0.0.0.0-43159-hddsDatanode-_-any-3447216176327607959.dir/webapp/,AVAILABLE}{/hddsDatanode}
2019-10-15 03:47:00,088 [main] INFO  server.AbstractConnector (AbstractConnector.java:doStart(278)) - Started ServerConnector@443a06ad{HTTP/1.1,[http/1.1]}{0.0.0.0:43159}
2019-10-15 03:47:00,090 [main] INFO  server.Server (Server.java:doStart(419)) - Started @222716ms
2019-10-15 03:47:00,090 [main] WARN  impl.MetricsSystemImpl (MetricsSystemImpl.java:register(276)) - Sink prometheus already exists!
2019-10-15 03:47:00,090 [main] INFO  server.BaseHttpServer (BaseHttpServer.java:updateConnectorAddress(215)) - HTTP server of HDDSDATANODE is listening at http://0.0.0.0:43159
2019-10-15 03:47:00,091 [main] INFO  impl.MetricsSystemImpl (MetricsSystemImpl.java:init(158)) - HddsDatanode metrics system started (again)
2019-10-15 03:47:00,094 [org.apache.hadoop.util.JvmPauseMonitor$Monitor@3da79beb] INFO  util.JvmPauseMonitor (JvmPauseMonitor.java:run(188)) - Starting JVM pause monitor
2019-10-15 03:47:00,094 [main] INFO  ozone.HddsDatanodeService (HddsDatanodeService.java:start(184)) - HddsDatanodeService host:pr-hdds-2278-dv8k5-3424803466 ip:192.168.157.236
2019-10-15 03:47:00,096 [Datanode State Machine Thread - 0] INFO  datanode.InitDatanodeState (InitDatanodeState.java:persistContainerDatanodeDetails(140)) - DatanodeDetails is persisted to /workdir/hadoop-ozone/integration-test/target/test-dir/MiniOzoneClusterImpl-14e02325-d020-4b03-9219-3bf7a6491ac8/datanode-0/meta/datanode.id
2019-10-15 03:47:00,101 [main] INFO  volume.HddsVolume (HddsVolume.java:<init>(176)) - Creating Volume: /workdir/hadoop-ozone/integration-test/target/test-dir/MiniOzoneClusterImpl-14e02325-d020-4b03-9219-3bf7a6491ac8/datanode-1/data/containers/hdds of  storage type : DISK and capacity : 1482555576320
2019-10-15 03:47:00,101 [main] INFO  volume.VolumeSet (VolumeSet.java:initializeVolumeSet(170)) - Added Volume : /workdir/hadoop-ozone/integration-test/target/test-dir/MiniOzoneClusterImpl-14e02325-d020-4b03-9219-3bf7a6491ac8/datanode-1/data/containers/hdds to VolumeSet
2019-10-15 03:47:00,101 [main] INFO  volume.ThrottledAsyncChecker (ThrottledAsyncChecker.java:schedule(141)) - Scheduling a check for org.apache.hadoop.ozone.container.common.volume.HddsVolume@42c0a16e
2019-10-15 03:47:00,102 [main] INFO  volume.HddsVolumeChecker (HddsVolumeChecker.java:checkAllVolumes(204)) - Scheduled health check for volume org.apache.hadoop.ozone.container.common.volume.HddsVolume@42c0a16e
2019-10-15 03:47:00,118 [main] INFO  impl.RaftServerProxy (ConfUtils.java:logGet(43)) - raft.rpc.type = GRPC (default)
2019-10-15 03:47:00,118 [main] INFO  grpc.GrpcFactory (GrpcFactory.java:checkPooledByteBufAllocatorUseCacheForAllThreads(45)) - PERFORMANCE WARNING: useCacheForAllThreads is true that may cause Netty to create a lot garbage objects and, as a result, trigger GC.
	It is recommended to disable useCacheForAllThreads by setting -Dorg.apache.ratis.thirdparty.io.netty.allocator.useCacheForAllThreads=false in command line.
2019-10-15 03:47:00,118 [main] INFO  grpc.GrpcConfigKeys$Server (ConfUtils.java:logGet(43)) - raft.grpc.server.port = 0 (default)
2019-10-15 03:47:00,118 [main] INFO  server.GrpcService (ConfUtils.java:logGet(43)) - raft.grpc.message.size.max = 33570816 (custom)
2019-10-15 03:47:00,118 [main] INFO  server.RaftServerConfigKeys (ConfUtils.java:logGet(43)) - raft.server.log.appender.buffer.byte-limit = 33554432 (custom)
2019-10-15 03:47:00,119 [main] INFO  server.GrpcService (ConfUtils.java:logGet(43)) - raft.grpc.flow.control.window = 1MB (=1048576) (default)
2019-10-15 03:47:00,119 [main] INFO  server.RaftServerConfigKeys (ConfUtils.java:logGet(43)) - raft.server.rpc.request.timeout = 3000ms (default)
2019-10-15 03:47:00,119 [main] INFO  server.RaftServerConfigKeys (ConfUtils.java:logGet(43)) - raft.server.storage.dir = [/workdir/hadoop-ozone/integration-test/target/test-dir/MiniOzoneClusterImpl-14e02325-d020-4b03-9219-3bf7a6491ac8/datanode-1/data/ratis] (custom)
2019-10-15 03:47:00,121 [main] INFO  hdfs.DFSUtil (DFSUtil.java:httpServerTemplateForNNAndJN(1641)) - Starting Web-server for hddsDatanode at: http://0.0.0.0:0
2019-10-15 03:47:00,122 [main] INFO  server.AuthenticationFilter (AuthenticationFilter.java:constructSecretProvider(240)) - Unable to initialize FileSignerSecretProvider, falling back to use random secrets.
2019-10-15 03:47:00,122 [main] WARN  http.HttpRequestLog (HttpRequestLog.java:getRequestLog(97)) - Jetty request log can only be enabled using Log4j
2019-10-15 03:47:00,123 [main] INFO  http.HttpServer2 (HttpServer2.java:addGlobalFilter(975)) - Added global filter 'safety' (class=org.apache.hadoop.http.HttpServer2$QuotingInputFilter)
2019-10-15 03:47:00,124 [main] INFO  http.HttpServer2 (HttpServer2.java:addFilter(948)) - Added filter static_user_filter (class=org.apache.hadoop.http.lib.StaticUserWebFilter$StaticUserFilter) to context hddsDatanode
2019-10-15 03:47:00,124 [main] INFO  http.HttpServer2 (HttpServer2.java:addFilter(958)) - Added filter static_user_filter (class=org.apache.hadoop.http.lib.StaticUserWebFilter$StaticUserFilter) to context static
2019-10-15 03:47:00,124 [main] INFO  http.HttpServer2 (HttpServer2.java:addFilter(958)) - Added filter static_user_filter (class=org.apache.hadoop.http.lib.StaticUserWebFilter$StaticUserFilter) to context logs
2019-10-15 03:47:00,124 [main] INFO  http.HttpServer2 (HttpServer2.java:bindListener(1191)) - Jetty bound to port 43290
2019-10-15 03:47:00,125 [main] INFO  server.Server (Server.java:doStart(351)) - jetty-9.3.25.v20180904, build timestamp: 2018-09-04T21:11:46Z, git hash: 3ce520221d0240229c862b122d2b06c12a625732
2019-10-15 03:47:00,126 [main] INFO  handler.ContextHandler (ContextHandler.java:doStart(781)) - Started o.e.j.s.ServletContextHandler@6d0e45a5{/logs,file:///workdir/hadoop-ozone/integration-test/target/log,AVAILABLE}
2019-10-15 03:47:00,127 [main] INFO  handler.ContextHandler (ContextHandler.java:doStart(781)) - Started o.e.j.s.ServletContextHandler@7aa01bd9{/static,jar:file:/home/user/.m2/repository/org/apache/hadoop/hadoop-hdds-container-service/0.5.0-SNAPSHOT/hadoop-hdds-container-service-0.5.0-SNAPSHOT.jar!/webapps/static,AVAILABLE}
2019-10-15 03:47:00,155 [main] INFO  handler.ContextHandler (ContextHandler.java:doStart(781)) - Started o.e.j.w.WebAppContext@26f0141{/,file:///tmp/jetty-0.0.0.0-43290-hddsDatanode-_-any-5927932537604451041.dir/webapp/,AVAILABLE}{/hddsDatanode}
2019-10-15 03:47:00,155 [main] INFO  server.AbstractConnector (AbstractConnector.java:doStart(278)) - Started ServerConnector@34136bd1{HTTP/1.1,[http/1.1]}{0.0.0.0:43290}
2019-10-15 03:47:00,156 [main] INFO  server.Server (Server.java:doStart(419)) - Started @222782ms
2019-10-15 03:47:00,156 [main] WARN  impl.MetricsSystemImpl (MetricsSystemImpl.java:register(276)) - Sink prometheus already exists!
2019-10-15 03:47:00,157 [main] INFO  server.BaseHttpServer (BaseHttpServer.java:updateConnectorAddress(215)) - HTTP server of HDDSDATANODE is listening at http://0.0.0.0:43290
2019-10-15 03:47:00,157 [main] INFO  impl.MetricsSystemImpl (MetricsSystemImpl.java:init(158)) - HddsDatanode metrics system started (again)
2019-10-15 03:47:00,161 [org.apache.hadoop.util.JvmPauseMonitor$Monitor@36d5eddc] INFO  util.JvmPauseMonitor (JvmPauseMonitor.java:run(188)) - Starting JVM pause monitor
2019-10-15 03:47:00,161 [main] INFO  ozone.HddsDatanodeService (HddsDatanodeService.java:start(184)) - HddsDatanodeService host:pr-hdds-2278-dv8k5-3424803466 ip:192.168.157.236
2019-10-15 03:47:00,163 [Datanode State Machine Thread - 0] INFO  datanode.InitDatanodeState (InitDatanodeState.java:persistContainerDatanodeDetails(140)) - DatanodeDetails is persisted to /workdir/hadoop-ozone/integration-test/target/test-dir/MiniOzoneClusterImpl-14e02325-d020-4b03-9219-3bf7a6491ac8/datanode-1/meta/datanode.id
2019-10-15 03:47:00,168 [main] INFO  volume.HddsVolume (HddsVolume.java:<init>(176)) - Creating Volume: /workdir/hadoop-ozone/integration-test/target/test-dir/MiniOzoneClusterImpl-14e02325-d020-4b03-9219-3bf7a6491ac8/datanode-2/data/containers/hdds of  storage type : DISK and capacity : 1482555576320
2019-10-15 03:47:00,168 [main] INFO  volume.VolumeSet (VolumeSet.java:initializeVolumeSet(170)) - Added Volume : /workdir/hadoop-ozone/integration-test/target/test-dir/MiniOzoneClusterImpl-14e02325-d020-4b03-9219-3bf7a6491ac8/datanode-2/data/containers/hdds to VolumeSet
2019-10-15 03:47:00,168 [main] INFO  volume.ThrottledAsyncChecker (ThrottledAsyncChecker.java:schedule(141)) - Scheduling a check for org.apache.hadoop.ozone.container.common.volume.HddsVolume@5657967b
2019-10-15 03:47:00,169 [main] INFO  volume.HddsVolumeChecker (HddsVolumeChecker.java:checkAllVolumes(204)) - Scheduled health check for volume org.apache.hadoop.ozone.container.common.volume.HddsVolume@5657967b
2019-10-15 03:47:00,183 [main] INFO  impl.RaftServerProxy (ConfUtils.java:logGet(43)) - raft.rpc.type = GRPC (default)
2019-10-15 03:47:00,183 [main] INFO  grpc.GrpcFactory (GrpcFactory.java:checkPooledByteBufAllocatorUseCacheForAllThreads(45)) - PERFORMANCE WARNING: useCacheForAllThreads is true that may cause Netty to create a lot garbage objects and, as a result, trigger GC.
	It is recommended to disable useCacheForAllThreads by setting -Dorg.apache.ratis.thirdparty.io.netty.allocator.useCacheForAllThreads=false in command line.
2019-10-15 03:47:00,183 [main] INFO  grpc.GrpcConfigKeys$Server (ConfUtils.java:logGet(43)) - raft.grpc.server.port = 0 (default)
2019-10-15 03:47:00,184 [main] INFO  server.GrpcService (ConfUtils.java:logGet(43)) - raft.grpc.message.size.max = 33570816 (custom)
2019-10-15 03:47:00,184 [main] INFO  server.RaftServerConfigKeys (ConfUtils.java:logGet(43)) - raft.server.log.appender.buffer.byte-limit = 33554432 (custom)
2019-10-15 03:47:00,184 [main] INFO  server.GrpcService (ConfUtils.java:logGet(43)) - raft.grpc.flow.control.window = 1MB (=1048576) (default)
2019-10-15 03:47:00,184 [main] INFO  server.RaftServerConfigKeys (ConfUtils.java:logGet(43)) - raft.server.rpc.request.timeout = 3000ms (default)
2019-10-15 03:47:00,184 [main] INFO  server.RaftServerConfigKeys (ConfUtils.java:logGet(43)) - raft.server.storage.dir = [/workdir/hadoop-ozone/integration-test/target/test-dir/MiniOzoneClusterImpl-14e02325-d020-4b03-9219-3bf7a6491ac8/datanode-2/data/ratis] (custom)
2019-10-15 03:47:00,186 [main] INFO  hdfs.DFSUtil (DFSUtil.java:httpServerTemplateForNNAndJN(1641)) - Starting Web-server for hddsDatanode at: http://0.0.0.0:0
2019-10-15 03:47:00,187 [main] INFO  server.AuthenticationFilter (AuthenticationFilter.java:constructSecretProvider(240)) - Unable to initialize FileSignerSecretProvider, falling back to use random secrets.
2019-10-15 03:47:00,187 [main] WARN  http.HttpRequestLog (HttpRequestLog.java:getRequestLog(97)) - Jetty request log can only be enabled using Log4j
2019-10-15 03:47:00,188 [main] INFO  http.HttpServer2 (HttpServer2.java:addGlobalFilter(975)) - Added global filter 'safety' (class=org.apache.hadoop.http.HttpServer2$QuotingInputFilter)
2019-10-15 03:47:00,189 [main] INFO  http.HttpServer2 (HttpServer2.java:addFilter(948)) - Added filter static_user_filter (class=org.apache.hadoop.http.lib.StaticUserWebFilter$StaticUserFilter) to context hddsDatanode
2019-10-15 03:47:00,189 [main] INFO  http.HttpServer2 (HttpServer2.java:addFilter(958)) - Added filter static_user_filter (class=org.apache.hadoop.http.lib.StaticUserWebFilter$StaticUserFilter) to context logs
2019-10-15 03:47:00,189 [main] INFO  http.HttpServer2 (HttpServer2.java:addFilter(958)) - Added filter static_user_filter (class=org.apache.hadoop.http.lib.StaticUserWebFilter$StaticUserFilter) to context static
2019-10-15 03:47:00,189 [main] INFO  http.HttpServer2 (HttpServer2.java:bindListener(1191)) - Jetty bound to port 41130
2019-10-15 03:47:00,189 [main] INFO  server.Server (Server.java:doStart(351)) - jetty-9.3.25.v20180904, build timestamp: 2018-09-04T21:11:46Z, git hash: 3ce520221d0240229c862b122d2b06c12a625732
2019-10-15 03:47:00,191 [main] INFO  handler.ContextHandler (ContextHandler.java:doStart(781)) - Started o.e.j.s.ServletContextHandler@14b4340c{/logs,file:///workdir/hadoop-ozone/integration-test/target/log,AVAILABLE}
2019-10-15 03:47:00,191 [main] INFO  handler.ContextHandler (ContextHandler.java:doStart(781)) - Started o.e.j.s.ServletContextHandler@2fd9fb34{/static,jar:file:/home/user/.m2/repository/org/apache/hadoop/hadoop-hdds-container-service/0.5.0-SNAPSHOT/hadoop-hdds-container-service-0.5.0-SNAPSHOT.jar!/webapps/static,AVAILABLE}
2019-10-15 03:47:00,219 [main] INFO  handler.ContextHandler (ContextHandler.java:doStart(781)) - Started o.e.j.w.WebAppContext@6094de13{/,file:///tmp/jetty-0.0.0.0-41130-hddsDatanode-_-any-3767455519705430555.dir/webapp/,AVAILABLE}{/hddsDatanode}
2019-10-15 03:47:00,219 [main] INFO  server.AbstractConnector (AbstractConnector.java:doStart(278)) - Started ServerConnector@bbb6f0{HTTP/1.1,[http/1.1]}{0.0.0.0:41130}
2019-10-15 03:47:00,221 [main] INFO  server.Server (Server.java:doStart(419)) - Started @222847ms
2019-10-15 03:47:00,221 [main] WARN  impl.MetricsSystemImpl (MetricsSystemImpl.java:register(276)) - Sink prometheus already exists!
2019-10-15 03:47:00,222 [main] INFO  server.BaseHttpServer (BaseHttpServer.java:updateConnectorAddress(215)) - HTTP server of HDDSDATANODE is listening at http://0.0.0.0:41130
2019-10-15 03:47:00,222 [main] INFO  impl.MetricsSystemImpl (MetricsSystemImpl.java:init(158)) - HddsDatanode metrics system started (again)
2019-10-15 03:47:00,226 [org.apache.hadoop.util.JvmPauseMonitor$Monitor@208aa8da] INFO  util.JvmPauseMonitor (JvmPauseMonitor.java:run(188)) - Starting JVM pause monitor
2019-10-15 03:47:00,227 [main] INFO  ozone.HddsDatanodeService (HddsDatanodeService.java:start(184)) - HddsDatanodeService host:pr-hdds-2278-dv8k5-3424803466 ip:192.168.157.236
2019-10-15 03:47:00,228 [Datanode State Machine Thread - 0] INFO  datanode.InitDatanodeState (InitDatanodeState.java:persistContainerDatanodeDetails(140)) - DatanodeDetails is persisted to /workdir/hadoop-ozone/integration-test/target/test-dir/MiniOzoneClusterImpl-14e02325-d020-4b03-9219-3bf7a6491ac8/datanode-2/meta/datanode.id
2019-10-15 03:47:00,233 [main] INFO  volume.HddsVolume (HddsVolume.java:<init>(176)) - Creating Volume: /workdir/hadoop-ozone/integration-test/target/test-dir/MiniOzoneClusterImpl-14e02325-d020-4b03-9219-3bf7a6491ac8/datanode-3/data/containers/hdds of  storage type : DISK and capacity : 1482555576320
2019-10-15 03:47:00,233 [main] INFO  volume.VolumeSet (VolumeSet.java:initializeVolumeSet(170)) - Added Volume : /workdir/hadoop-ozone/integration-test/target/test-dir/MiniOzoneClusterImpl-14e02325-d020-4b03-9219-3bf7a6491ac8/datanode-3/data/containers/hdds to VolumeSet
2019-10-15 03:47:00,234 [main] INFO  volume.ThrottledAsyncChecker (ThrottledAsyncChecker.java:schedule(141)) - Scheduling a check for org.apache.hadoop.ozone.container.common.volume.HddsVolume@63e5b8aa
2019-10-15 03:47:00,234 [main] INFO  volume.HddsVolumeChecker (HddsVolumeChecker.java:checkAllVolumes(204)) - Scheduled health check for volume org.apache.hadoop.ozone.container.common.volume.HddsVolume@63e5b8aa
2019-10-15 03:47:00,248 [main] INFO  impl.RaftServerProxy (ConfUtils.java:logGet(43)) - raft.rpc.type = GRPC (default)
2019-10-15 03:47:00,248 [main] INFO  grpc.GrpcFactory (GrpcFactory.java:checkPooledByteBufAllocatorUseCacheForAllThreads(45)) - PERFORMANCE WARNING: useCacheForAllThreads is true that may cause Netty to create a lot garbage objects and, as a result, trigger GC.
	It is recommended to disable useCacheForAllThreads by setting -Dorg.apache.ratis.thirdparty.io.netty.allocator.useCacheForAllThreads=false in command line.
2019-10-15 03:47:00,248 [main] INFO  grpc.GrpcConfigKeys$Server (ConfUtils.java:logGet(43)) - raft.grpc.server.port = 0 (default)
2019-10-15 03:47:00,248 [main] INFO  server.GrpcService (ConfUtils.java:logGet(43)) - raft.grpc.message.size.max = 33570816 (custom)
2019-10-15 03:47:00,249 [main] INFO  server.RaftServerConfigKeys (ConfUtils.java:logGet(43)) - raft.server.log.appender.buffer.byte-limit = 33554432 (custom)
2019-10-15 03:47:00,249 [main] INFO  server.GrpcService (ConfUtils.java:logGet(43)) - raft.grpc.flow.control.window = 1MB (=1048576) (default)
2019-10-15 03:47:00,249 [main] INFO  server.RaftServerConfigKeys (ConfUtils.java:logGet(43)) - raft.server.rpc.request.timeout = 3000ms (default)
2019-10-15 03:47:00,249 [main] INFO  server.RaftServerConfigKeys (ConfUtils.java:logGet(43)) - raft.server.storage.dir = [/workdir/hadoop-ozone/integration-test/target/test-dir/MiniOzoneClusterImpl-14e02325-d020-4b03-9219-3bf7a6491ac8/datanode-3/data/ratis] (custom)
2019-10-15 03:47:00,250 [main] INFO  hdfs.DFSUtil (DFSUtil.java:httpServerTemplateForNNAndJN(1641)) - Starting Web-server for hddsDatanode at: http://0.0.0.0:0
2019-10-15 03:47:00,251 [main] INFO  server.AuthenticationFilter (AuthenticationFilter.java:constructSecretProvider(240)) - Unable to initialize FileSignerSecretProvider, falling back to use random secrets.
2019-10-15 03:47:00,252 [main] WARN  http.HttpRequestLog (HttpRequestLog.java:getRequestLog(97)) - Jetty request log can only be enabled using Log4j
2019-10-15 03:47:00,253 [main] INFO  http.HttpServer2 (HttpServer2.java:addGlobalFilter(975)) - Added global filter 'safety' (class=org.apache.hadoop.http.HttpServer2$QuotingInputFilter)
2019-10-15 03:47:00,253 [main] INFO  http.HttpServer2 (HttpServer2.java:addFilter(948)) - Added filter static_user_filter (class=org.apache.hadoop.http.lib.StaticUserWebFilter$StaticUserFilter) to context hddsDatanode
2019-10-15 03:47:00,253 [main] INFO  http.HttpServer2 (HttpServer2.java:addFilter(958)) - Added filter static_user_filter (class=org.apache.hadoop.http.lib.StaticUserWebFilter$StaticUserFilter) to context logs
2019-10-15 03:47:00,253 [main] INFO  http.HttpServer2 (HttpServer2.java:addFilter(958)) - Added filter static_user_filter (class=org.apache.hadoop.http.lib.StaticUserWebFilter$StaticUserFilter) to context static
2019-10-15 03:47:00,254 [main] INFO  http.HttpServer2 (HttpServer2.java:bindListener(1191)) - Jetty bound to port 42760
2019-10-15 03:47:00,254 [main] INFO  server.Server (Server.java:doStart(351)) - jetty-9.3.25.v20180904, build timestamp: 2018-09-04T21:11:46Z, git hash: 3ce520221d0240229c862b122d2b06c12a625732
2019-10-15 03:47:00,256 [main] INFO  handler.ContextHandler (ContextHandler.java:doStart(781)) - Started o.e.j.s.ServletContextHandler@70881123{/logs,file:///workdir/hadoop-ozone/integration-test/target/log,AVAILABLE}
2019-10-15 03:47:00,256 [main] INFO  handler.ContextHandler (ContextHandler.java:doStart(781)) - Started o.e.j.s.ServletContextHandler@5e905f2c{/static,jar:file:/home/user/.m2/repository/org/apache/hadoop/hadoop-hdds-container-service/0.5.0-SNAPSHOT/hadoop-hdds-container-service-0.5.0-SNAPSHOT.jar!/webapps/static,AVAILABLE}
2019-10-15 03:47:00,284 [main] INFO  handler.ContextHandler (ContextHandler.java:doStart(781)) - Started o.e.j.w.WebAppContext@6d4a82{/,file:///tmp/jetty-0.0.0.0-42760-hddsDatanode-_-any-5913005525247700014.dir/webapp/,AVAILABLE}{/hddsDatanode}
2019-10-15 03:47:00,284 [main] INFO  server.AbstractConnector (AbstractConnector.java:doStart(278)) - Started ServerConnector@14f060b8{HTTP/1.1,[http/1.1]}{0.0.0.0:42760}
2019-10-15 03:47:00,286 [main] INFO  server.Server (Server.java:doStart(419)) - Started @222912ms
2019-10-15 03:47:00,286 [main] WARN  impl.MetricsSystemImpl (MetricsSystemImpl.java:register(276)) - Sink prometheus already exists!
2019-10-15 03:47:00,287 [main] INFO  server.BaseHttpServer (BaseHttpServer.java:updateConnectorAddress(215)) - HTTP server of HDDSDATANODE is listening at http://0.0.0.0:42760
2019-10-15 03:47:00,287 [main] INFO  impl.MetricsSystemImpl (MetricsSystemImpl.java:init(158)) - HddsDatanode metrics system started (again)
2019-10-15 03:47:00,291 [org.apache.hadoop.util.JvmPauseMonitor$Monitor@825f9aa] INFO  util.JvmPauseMonitor (JvmPauseMonitor.java:run(188)) - Starting JVM pause monitor
2019-10-15 03:47:00,292 [main] INFO  ozone.HddsDatanodeService (HddsDatanodeService.java:start(184)) - HddsDatanodeService host:pr-hdds-2278-dv8k5-3424803466 ip:192.168.157.236
2019-10-15 03:47:00,293 [Datanode State Machine Thread - 0] INFO  datanode.InitDatanodeState (InitDatanodeState.java:persistContainerDatanodeDetails(140)) - DatanodeDetails is persisted to /workdir/hadoop-ozone/integration-test/target/test-dir/MiniOzoneClusterImpl-14e02325-d020-4b03-9219-3bf7a6491ac8/datanode-3/meta/datanode.id
2019-10-15 03:47:00,297 [main] INFO  volume.HddsVolume (HddsVolume.java:<init>(176)) - Creating Volume: /workdir/hadoop-ozone/integration-test/target/test-dir/MiniOzoneClusterImpl-14e02325-d020-4b03-9219-3bf7a6491ac8/datanode-4/data/containers/hdds of  storage type : DISK and capacity : 1482555576320
2019-10-15 03:47:00,298 [main] INFO  volume.VolumeSet (VolumeSet.java:initializeVolumeSet(170)) - Added Volume : /workdir/hadoop-ozone/integration-test/target/test-dir/MiniOzoneClusterImpl-14e02325-d020-4b03-9219-3bf7a6491ac8/datanode-4/data/containers/hdds to VolumeSet
2019-10-15 03:47:00,298 [main] INFO  volume.ThrottledAsyncChecker (ThrottledAsyncChecker.java:schedule(141)) - Scheduling a check for org.apache.hadoop.ozone.container.common.volume.HddsVolume@132e3594
2019-10-15 03:47:00,298 [main] INFO  volume.HddsVolumeChecker (HddsVolumeChecker.java:checkAllVolumes(204)) - Scheduled health check for volume org.apache.hadoop.ozone.container.common.volume.HddsVolume@132e3594
2019-10-15 03:47:00,312 [main] INFO  impl.RaftServerProxy (ConfUtils.java:logGet(43)) - raft.rpc.type = GRPC (default)
2019-10-15 03:47:00,312 [main] INFO  grpc.GrpcFactory (GrpcFactory.java:checkPooledByteBufAllocatorUseCacheForAllThreads(45)) - PERFORMANCE WARNING: useCacheForAllThreads is true that may cause Netty to create a lot garbage objects and, as a result, trigger GC.
	It is recommended to disable useCacheForAllThreads by setting -Dorg.apache.ratis.thirdparty.io.netty.allocator.useCacheForAllThreads=false in command line.
2019-10-15 03:47:00,312 [main] INFO  grpc.GrpcConfigKeys$Server (ConfUtils.java:logGet(43)) - raft.grpc.server.port = 0 (default)
2019-10-15 03:47:00,312 [main] INFO  server.GrpcService (ConfUtils.java:logGet(43)) - raft.grpc.message.size.max = 33570816 (custom)
2019-10-15 03:47:00,313 [main] INFO  server.RaftServerConfigKeys (ConfUtils.java:logGet(43)) - raft.server.log.appender.buffer.byte-limit = 33554432 (custom)
2019-10-15 03:47:00,313 [main] INFO  server.GrpcService (ConfUtils.java:logGet(43)) - raft.grpc.flow.control.window = 1MB (=1048576) (default)
2019-10-15 03:47:00,313 [main] INFO  server.RaftServerConfigKeys (ConfUtils.java:logGet(43)) - raft.server.rpc.request.timeout = 3000ms (default)
2019-10-15 03:47:00,313 [main] INFO  server.RaftServerConfigKeys (ConfUtils.java:logGet(43)) - raft.server.storage.dir = [/workdir/hadoop-ozone/integration-test/target/test-dir/MiniOzoneClusterImpl-14e02325-d020-4b03-9219-3bf7a6491ac8/datanode-4/data/ratis] (custom)
2019-10-15 03:47:00,314 [main] INFO  hdfs.DFSUtil (DFSUtil.java:httpServerTemplateForNNAndJN(1641)) - Starting Web-server for hddsDatanode at: http://0.0.0.0:0
2019-10-15 03:47:00,315 [main] INFO  server.AuthenticationFilter (AuthenticationFilter.java:constructSecretProvider(240)) - Unable to initialize FileSignerSecretProvider, falling back to use random secrets.
2019-10-15 03:47:00,316 [main] WARN  http.HttpRequestLog (HttpRequestLog.java:getRequestLog(97)) - Jetty request log can only be enabled using Log4j
2019-10-15 03:47:00,317 [main] INFO  http.HttpServer2 (HttpServer2.java:addGlobalFilter(975)) - Added global filter 'safety' (class=org.apache.hadoop.http.HttpServer2$QuotingInputFilter)
2019-10-15 03:47:00,317 [main] INFO  http.HttpServer2 (HttpServer2.java:addFilter(948)) - Added filter static_user_filter (class=org.apache.hadoop.http.lib.StaticUserWebFilter$StaticUserFilter) to context hddsDatanode
2019-10-15 03:47:00,317 [main] INFO  http.HttpServer2 (HttpServer2.java:addFilter(958)) - Added filter static_user_filter (class=org.apache.hadoop.http.lib.StaticUserWebFilter$StaticUserFilter) to context logs
2019-10-15 03:47:00,318 [main] INFO  http.HttpServer2 (HttpServer2.java:addFilter(958)) - Added filter static_user_filter (class=org.apache.hadoop.http.lib.StaticUserWebFilter$StaticUserFilter) to context static
2019-10-15 03:47:00,318 [main] INFO  http.HttpServer2 (HttpServer2.java:bindListener(1191)) - Jetty bound to port 42773
2019-10-15 03:47:00,318 [main] INFO  server.Server (Server.java:doStart(351)) - jetty-9.3.25.v20180904, build timestamp: 2018-09-04T21:11:46Z, git hash: 3ce520221d0240229c862b122d2b06c12a625732
2019-10-15 03:47:00,320 [main] INFO  handler.ContextHandler (ContextHandler.java:doStart(781)) - Started o.e.j.s.ServletContextHandler@231b35fb{/logs,file:///workdir/hadoop-ozone/integration-test/target/log,AVAILABLE}
2019-10-15 03:47:00,320 [main] INFO  handler.ContextHandler (ContextHandler.java:doStart(781)) - Started o.e.j.s.ServletContextHandler@3820cfe{/static,jar:file:/home/user/.m2/repository/org/apache/hadoop/hadoop-hdds-container-service/0.5.0-SNAPSHOT/hadoop-hdds-container-service-0.5.0-SNAPSHOT.jar!/webapps/static,AVAILABLE}
2019-10-15 03:47:00,349 [main] INFO  handler.ContextHandler (ContextHandler.java:doStart(781)) - Started o.e.j.w.WebAppContext@21b51e59{/,file:///tmp/jetty-0.0.0.0-42773-hddsDatanode-_-any-3262051964554091369.dir/webapp/,AVAILABLE}{/hddsDatanode}
2019-10-15 03:47:00,349 [main] INFO  server.AbstractConnector (AbstractConnector.java:doStart(278)) - Started ServerConnector@1785d194{HTTP/1.1,[http/1.1]}{0.0.0.0:42773}
2019-10-15 03:47:00,350 [main] INFO  server.Server (Server.java:doStart(419)) - Started @222977ms
2019-10-15 03:47:00,351 [main] WARN  impl.MetricsSystemImpl (MetricsSystemImpl.java:register(276)) - Sink prometheus already exists!
2019-10-15 03:47:00,351 [main] INFO  server.BaseHttpServer (BaseHttpServer.java:updateConnectorAddress(215)) - HTTP server of HDDSDATANODE is listening at http://0.0.0.0:42773
2019-10-15 03:47:00,351 [main] INFO  impl.MetricsSystemImpl (MetricsSystemImpl.java:init(158)) - HddsDatanode metrics system started (again)
2019-10-15 03:47:00,356 [main] INFO  ozone.HddsDatanodeService (HddsDatanodeService.java:start(184)) - HddsDatanodeService host:pr-hdds-2278-dv8k5-3424803466 ip:192.168.157.236
2019-10-15 03:47:00,356 [org.apache.hadoop.util.JvmPauseMonitor$Monitor@4a69733c] INFO  util.JvmPauseMonitor (JvmPauseMonitor.java:run(188)) - Starting JVM pause monitor
2019-10-15 03:47:00,358 [Datanode State Machine Thread - 0] INFO  datanode.InitDatanodeState (InitDatanodeState.java:persistContainerDatanodeDetails(140)) - DatanodeDetails is persisted to /workdir/hadoop-ozone/integration-test/target/test-dir/MiniOzoneClusterImpl-14e02325-d020-4b03-9219-3bf7a6491ac8/datanode-4/meta/datanode.id
2019-10-15 03:47:00,362 [main] INFO  volume.HddsVolume (HddsVolume.java:<init>(176)) - Creating Volume: /workdir/hadoop-ozone/integration-test/target/test-dir/MiniOzoneClusterImpl-14e02325-d020-4b03-9219-3bf7a6491ac8/datanode-5/data/containers/hdds of  storage type : DISK and capacity : 1482555576320
2019-10-15 03:47:00,362 [main] INFO  volume.VolumeSet (VolumeSet.java:initializeVolumeSet(170)) - Added Volume : /workdir/hadoop-ozone/integration-test/target/test-dir/MiniOzoneClusterImpl-14e02325-d020-4b03-9219-3bf7a6491ac8/datanode-5/data/containers/hdds to VolumeSet
2019-10-15 03:47:00,363 [main] INFO  volume.ThrottledAsyncChecker (ThrottledAsyncChecker.java:schedule(141)) - Scheduling a check for org.apache.hadoop.ozone.container.common.volume.HddsVolume@73e4387
2019-10-15 03:47:00,363 [main] INFO  volume.HddsVolumeChecker (HddsVolumeChecker.java:checkAllVolumes(204)) - Scheduled health check for volume org.apache.hadoop.ozone.container.common.volume.HddsVolume@73e4387
2019-10-15 03:47:00,375 [main] INFO  impl.RaftServerProxy (ConfUtils.java:logGet(43)) - raft.rpc.type = GRPC (default)
2019-10-15 03:47:00,375 [main] INFO  grpc.GrpcFactory (GrpcFactory.java:checkPooledByteBufAllocatorUseCacheForAllThreads(45)) - PERFORMANCE WARNING: useCacheForAllThreads is true that may cause Netty to create a lot garbage objects and, as a result, trigger GC.
	It is recommended to disable useCacheForAllThreads by setting -Dorg.apache.ratis.thirdparty.io.netty.allocator.useCacheForAllThreads=false in command line.
2019-10-15 03:47:00,375 [main] INFO  grpc.GrpcConfigKeys$Server (ConfUtils.java:logGet(43)) - raft.grpc.server.port = 0 (default)
2019-10-15 03:47:00,375 [main] INFO  server.GrpcService (ConfUtils.java:logGet(43)) - raft.grpc.message.size.max = 33570816 (custom)
2019-10-15 03:47:00,376 [main] INFO  server.RaftServerConfigKeys (ConfUtils.java:logGet(43)) - raft.server.log.appender.buffer.byte-limit = 33554432 (custom)
2019-10-15 03:47:00,376 [main] INFO  server.GrpcService (ConfUtils.java:logGet(43)) - raft.grpc.flow.control.window = 1MB (=1048576) (default)
2019-10-15 03:47:00,376 [main] INFO  server.RaftServerConfigKeys (ConfUtils.java:logGet(43)) - raft.server.rpc.request.timeout = 3000ms (default)
2019-10-15 03:47:00,376 [main] INFO  server.RaftServerConfigKeys (ConfUtils.java:logGet(43)) - raft.server.storage.dir = [/workdir/hadoop-ozone/integration-test/target/test-dir/MiniOzoneClusterImpl-14e02325-d020-4b03-9219-3bf7a6491ac8/datanode-5/data/ratis] (custom)
2019-10-15 03:47:00,377 [main] INFO  hdfs.DFSUtil (DFSUtil.java:httpServerTemplateForNNAndJN(1641)) - Starting Web-server for hddsDatanode at: http://0.0.0.0:0
2019-10-15 03:47:00,378 [main] INFO  server.AuthenticationFilter (AuthenticationFilter.java:constructSecretProvider(240)) - Unable to initialize FileSignerSecretProvider, falling back to use random secrets.
2019-10-15 03:47:00,379 [main] WARN  http.HttpRequestLog (HttpRequestLog.java:getRequestLog(97)) - Jetty request log can only be enabled using Log4j
2019-10-15 03:47:00,380 [main] INFO  http.HttpServer2 (HttpServer2.java:addGlobalFilter(975)) - Added global filter 'safety' (class=org.apache.hadoop.http.HttpServer2$QuotingInputFilter)
2019-10-15 03:47:00,380 [main] INFO  http.HttpServer2 (HttpServer2.java:addFilter(948)) - Added filter static_user_filter (class=org.apache.hadoop.http.lib.StaticUserWebFilter$StaticUserFilter) to context hddsDatanode
2019-10-15 03:47:00,380 [main] INFO  http.HttpServer2 (HttpServer2.java:addFilter(958)) - Added filter static_user_filter (class=org.apache.hadoop.http.lib.StaticUserWebFilter$StaticUserFilter) to context static
2019-10-15 03:47:00,380 [main] INFO  http.HttpServer2 (HttpServer2.java:addFilter(958)) - Added filter static_user_filter (class=org.apache.hadoop.http.lib.StaticUserWebFilter$StaticUserFilter) to context logs
2019-10-15 03:47:00,381 [main] INFO  http.HttpServer2 (HttpServer2.java:bindListener(1191)) - Jetty bound to port 34710
2019-10-15 03:47:00,381 [main] INFO  server.Server (Server.java:doStart(351)) - jetty-9.3.25.v20180904, build timestamp: 2018-09-04T21:11:46Z, git hash: 3ce520221d0240229c862b122d2b06c12a625732
2019-10-15 03:47:00,382 [main] INFO  handler.ContextHandler (ContextHandler.java:doStart(781)) - Started o.e.j.s.ServletContextHandler@93bf0e0{/logs,file:///workdir/hadoop-ozone/integration-test/target/log,AVAILABLE}
2019-10-15 03:47:00,383 [main] INFO  handler.ContextHandler (ContextHandler.java:doStart(781)) - Started o.e.j.s.ServletContextHandler@656842bc{/static,jar:file:/home/user/.m2/repository/org/apache/hadoop/hadoop-hdds-container-service/0.5.0-SNAPSHOT/hadoop-hdds-container-service-0.5.0-SNAPSHOT.jar!/webapps/static,AVAILABLE}
2019-10-15 03:47:00,410 [main] INFO  handler.ContextHandler (ContextHandler.java:doStart(781)) - Started o.e.j.w.WebAppContext@28ee882c{/,file:///tmp/jetty-0.0.0.0-34710-hddsDatanode-_-any-8395069009294688659.dir/webapp/,AVAILABLE}{/hddsDatanode}
2019-10-15 03:47:00,410 [main] INFO  server.AbstractConnector (AbstractConnector.java:doStart(278)) - Started ServerConnector@78d73b1b{HTTP/1.1,[http/1.1]}{0.0.0.0:34710}
2019-10-15 03:47:00,412 [main] INFO  server.Server (Server.java:doStart(419)) - Started @223038ms
2019-10-15 03:47:00,412 [main] WARN  impl.MetricsSystemImpl (MetricsSystemImpl.java:register(276)) - Sink prometheus already exists!
2019-10-15 03:47:00,413 [main] INFO  server.BaseHttpServer (BaseHttpServer.java:updateConnectorAddress(215)) - HTTP server of HDDSDATANODE is listening at http://0.0.0.0:34710
2019-10-15 03:47:00,413 [main] INFO  impl.MetricsSystemImpl (MetricsSystemImpl.java:init(158)) - HddsDatanode metrics system started (again)
2019-10-15 03:47:00,418 [org.apache.hadoop.util.JvmPauseMonitor$Monitor@3c36d58] INFO  util.JvmPauseMonitor (JvmPauseMonitor.java:run(188)) - Starting JVM pause monitor
2019-10-15 03:47:00,419 [main] INFO  ozone.HddsDatanodeService (HddsDatanodeService.java:start(184)) - HddsDatanodeService host:pr-hdds-2278-dv8k5-3424803466 ip:192.168.157.236
2019-10-15 03:47:00,419 [Datanode State Machine Thread - 0] INFO  datanode.InitDatanodeState (InitDatanodeState.java:persistContainerDatanodeDetails(140)) - DatanodeDetails is persisted to /workdir/hadoop-ozone/integration-test/target/test-dir/MiniOzoneClusterImpl-14e02325-d020-4b03-9219-3bf7a6491ac8/datanode-5/meta/datanode.id
2019-10-15 03:47:00,426 [main] INFO  volume.HddsVolume (HddsVolume.java:<init>(176)) - Creating Volume: /workdir/hadoop-ozone/integration-test/target/test-dir/MiniOzoneClusterImpl-14e02325-d020-4b03-9219-3bf7a6491ac8/datanode-6/data/containers/hdds of  storage type : DISK and capacity : 1482555576320
2019-10-15 03:47:00,426 [main] INFO  volume.VolumeSet (VolumeSet.java:initializeVolumeSet(170)) - Added Volume : /workdir/hadoop-ozone/integration-test/target/test-dir/MiniOzoneClusterImpl-14e02325-d020-4b03-9219-3bf7a6491ac8/datanode-6/data/containers/hdds to VolumeSet
2019-10-15 03:47:00,426 [main] INFO  volume.ThrottledAsyncChecker (ThrottledAsyncChecker.java:schedule(141)) - Scheduling a check for org.apache.hadoop.ozone.container.common.volume.HddsVolume@696fad31
2019-10-15 03:47:00,426 [main] INFO  volume.HddsVolumeChecker (HddsVolumeChecker.java:checkAllVolumes(204)) - Scheduled health check for volume org.apache.hadoop.ozone.container.common.volume.HddsVolume@696fad31
2019-10-15 03:47:00,441 [main] INFO  impl.RaftServerProxy (ConfUtils.java:logGet(43)) - raft.rpc.type = GRPC (default)
2019-10-15 03:47:00,441 [main] INFO  grpc.GrpcFactory (GrpcFactory.java:checkPooledByteBufAllocatorUseCacheForAllThreads(45)) - PERFORMANCE WARNING: useCacheForAllThreads is true that may cause Netty to create a lot garbage objects and, as a result, trigger GC.
	It is recommended to disable useCacheForAllThreads by setting -Dorg.apache.ratis.thirdparty.io.netty.allocator.useCacheForAllThreads=false in command line.
2019-10-15 03:47:00,441 [main] INFO  grpc.GrpcConfigKeys$Server (ConfUtils.java:logGet(43)) - raft.grpc.server.port = 0 (default)
2019-10-15 03:47:00,441 [main] INFO  server.GrpcService (ConfUtils.java:logGet(43)) - raft.grpc.message.size.max = 33570816 (custom)
2019-10-15 03:47:00,441 [main] INFO  server.RaftServerConfigKeys (ConfUtils.java:logGet(43)) - raft.server.log.appender.buffer.byte-limit = 33554432 (custom)
2019-10-15 03:47:00,441 [main] INFO  server.GrpcService (ConfUtils.java:logGet(43)) - raft.grpc.flow.control.window = 1MB (=1048576) (default)
2019-10-15 03:47:00,442 [main] INFO  server.RaftServerConfigKeys (ConfUtils.java:logGet(43)) - raft.server.rpc.request.timeout = 3000ms (default)
2019-10-15 03:47:00,442 [main] INFO  server.RaftServerConfigKeys (ConfUtils.java:logGet(43)) - raft.server.storage.dir = [/workdir/hadoop-ozone/integration-test/target/test-dir/MiniOzoneClusterImpl-14e02325-d020-4b03-9219-3bf7a6491ac8/datanode-6/data/ratis] (custom)
2019-10-15 03:47:00,443 [main] INFO  hdfs.DFSUtil (DFSUtil.java:httpServerTemplateForNNAndJN(1641)) - Starting Web-server for hddsDatanode at: http://0.0.0.0:0
2019-10-15 03:47:00,444 [main] INFO  server.AuthenticationFilter (AuthenticationFilter.java:constructSecretProvider(240)) - Unable to initialize FileSignerSecretProvider, falling back to use random secrets.
2019-10-15 03:47:00,444 [main] WARN  http.HttpRequestLog (HttpRequestLog.java:getRequestLog(97)) - Jetty request log can only be enabled using Log4j
2019-10-15 03:47:00,445 [main] INFO  http.HttpServer2 (HttpServer2.java:addGlobalFilter(975)) - Added global filter 'safety' (class=org.apache.hadoop.http.HttpServer2$QuotingInputFilter)
2019-10-15 03:47:00,446 [main] INFO  http.HttpServer2 (HttpServer2.java:addFilter(948)) - Added filter static_user_filter (class=org.apache.hadoop.http.lib.StaticUserWebFilter$StaticUserFilter) to context hddsDatanode
2019-10-15 03:47:00,446 [main] INFO  http.HttpServer2 (HttpServer2.java:addFilter(958)) - Added filter static_user_filter (class=org.apache.hadoop.http.lib.StaticUserWebFilter$StaticUserFilter) to context static
2019-10-15 03:47:00,446 [main] INFO  http.HttpServer2 (HttpServer2.java:addFilter(958)) - Added filter static_user_filter (class=org.apache.hadoop.http.lib.StaticUserWebFilter$StaticUserFilter) to context logs
2019-10-15 03:47:00,447 [main] INFO  http.HttpServer2 (HttpServer2.java:bindListener(1191)) - Jetty bound to port 37467
2019-10-15 03:47:00,447 [main] INFO  server.Server (Server.java:doStart(351)) - jetty-9.3.25.v20180904, build timestamp: 2018-09-04T21:11:46Z, git hash: 3ce520221d0240229c862b122d2b06c12a625732
2019-10-15 03:47:00,448 [main] INFO  handler.ContextHandler (ContextHandler.java:doStart(781)) - Started o.e.j.s.ServletContextHandler@6ad6443{/logs,file:///workdir/hadoop-ozone/integration-test/target/log,AVAILABLE}
2019-10-15 03:47:00,449 [main] INFO  handler.ContextHandler (ContextHandler.java:doStart(781)) - Started o.e.j.s.ServletContextHandler@3f5dfe69{/static,jar:file:/home/user/.m2/repository/org/apache/hadoop/hadoop-hdds-container-service/0.5.0-SNAPSHOT/hadoop-hdds-container-service-0.5.0-SNAPSHOT.jar!/webapps/static,AVAILABLE}
2019-10-15 03:47:00,476 [main] INFO  handler.ContextHandler (ContextHandler.java:doStart(781)) - Started o.e.j.w.WebAppContext@4f2ac7e0{/,file:///tmp/jetty-0.0.0.0-37467-hddsDatanode-_-any-7865601234185552247.dir/webapp/,AVAILABLE}{/hddsDatanode}
2019-10-15 03:47:00,476 [main] INFO  server.AbstractConnector (AbstractConnector.java:doStart(278)) - Started ServerConnector@2484dbb7{HTTP/1.1,[http/1.1]}{0.0.0.0:37467}
2019-10-15 03:47:00,478 [main] INFO  server.Server (Server.java:doStart(419)) - Started @223104ms
2019-10-15 03:47:00,478 [main] WARN  impl.MetricsSystemImpl (MetricsSystemImpl.java:register(276)) - Sink prometheus already exists!
2019-10-15 03:47:00,479 [main] INFO  server.BaseHttpServer (BaseHttpServer.java:updateConnectorAddress(215)) - HTTP server of HDDSDATANODE is listening at http://0.0.0.0:37467
2019-10-15 03:47:00,479 [main] INFO  ozone.MiniOzoneClusterImpl (MiniOzoneClusterImpl.java:lambda$waitForClusterToBeReady$0(147)) - Waiting for cluster to be ready. Got 0 of 7 DN Heartbeats.
2019-10-15 03:47:00,480 [org.apache.hadoop.util.JvmPauseMonitor$Monitor@7596e47b] INFO  util.JvmPauseMonitor (JvmPauseMonitor.java:run(188)) - Starting JVM pause monitor
2019-10-15 03:47:00,481 [Datanode State Machine Thread - 0] INFO  datanode.InitDatanodeState (InitDatanodeState.java:persistContainerDatanodeDetails(140)) - DatanodeDetails is persisted to /workdir/hadoop-ozone/integration-test/target/test-dir/MiniOzoneClusterImpl-14e02325-d020-4b03-9219-3bf7a6491ac8/datanode-6/meta/datanode.id
2019-10-15 03:47:01,479 [main] INFO  ozone.MiniOzoneClusterImpl (MiniOzoneClusterImpl.java:lambda$waitForClusterToBeReady$0(147)) - Waiting for cluster to be ready. Got 0 of 7 DN Heartbeats.
2019-10-15 03:47:02,152 [Datanode State Machine Thread - 0] INFO  ozoneimpl.OzoneContainer (OzoneContainer.java:start(213)) - Attempting to start container services.
2019-10-15 03:47:02,153 [Datanode State Machine Thread - 0] INFO  ozoneimpl.OzoneContainer (OzoneContainer.java:startContainerScrub(177)) - Background container scanner has been disabled.
2019-10-15 03:47:02,153 [Datanode State Machine Thread - 0] INFO  ratis.XceiverServerRatis (XceiverServerRatis.java:start(418)) - Starting XceiverServerRatis 915da940-e35d-4c60-836c-0a1be48177ee at port 0
2019-10-15 03:47:02,159 [Datanode State Machine Thread - 0] INFO  impl.RaftServerProxy (RaftServerProxy.java:lambda$start$3(299)) - 915da940-e35d-4c60-836c-0a1be48177ee: start RPC server
2019-10-15 03:47:02,165 [Datanode State Machine Thread - 0] INFO  server.GrpcService (GrpcService.java:startImpl(158)) - 915da940-e35d-4c60-836c-0a1be48177ee: GrpcService started, listening on 0.0.0.0/0.0.0.0:40740
2019-10-15 03:47:02,165 [Datanode State Machine Thread - 0] INFO  ratis.XceiverServerRatis (XceiverServerRatis.java:start(428)) - XceiverServerRatis 915da940-e35d-4c60-836c-0a1be48177ee is started using port 40740
2019-10-15 03:47:02,166 [Datanode State Machine Thread - 0] INFO  server.XceiverServerGrpc (XceiverServerGrpc.java:start(149)) - XceiverServerGrpc 915da940-e35d-4c60-836c-0a1be48177ee is started using port 41775
2019-10-15 03:47:02,179 [Datanode State Machine Thread - 0] INFO  ozoneimpl.OzoneContainer (OzoneContainer.java:start(213)) - Attempting to start container services.
2019-10-15 03:47:02,180 [Datanode State Machine Thread - 0] INFO  ozoneimpl.OzoneContainer (OzoneContainer.java:startContainerScrub(177)) - Background container scanner has been disabled.
2019-10-15 03:47:02,180 [Datanode State Machine Thread - 0] INFO  ratis.XceiverServerRatis (XceiverServerRatis.java:start(418)) - Starting XceiverServerRatis 8584d7f0-29e1-401d-98fd-0a0944771c35 at port 0
2019-10-15 03:47:02,185 [Datanode State Machine Thread - 0] INFO  impl.RaftServerProxy (RaftServerProxy.java:lambda$start$3(299)) - 8584d7f0-29e1-401d-98fd-0a0944771c35: start RPC server
2019-10-15 03:47:02,192 [Datanode State Machine Thread - 0] INFO  server.GrpcService (GrpcService.java:startImpl(158)) - 8584d7f0-29e1-401d-98fd-0a0944771c35: GrpcService started, listening on 0.0.0.0/0.0.0.0:41782
2019-10-15 03:47:02,192 [Datanode State Machine Thread - 0] INFO  ratis.XceiverServerRatis (XceiverServerRatis.java:start(428)) - XceiverServerRatis 8584d7f0-29e1-401d-98fd-0a0944771c35 is started using port 41782
2019-10-15 03:47:02,193 [Datanode State Machine Thread - 0] INFO  server.XceiverServerGrpc (XceiverServerGrpc.java:start(149)) - XceiverServerGrpc 8584d7f0-29e1-401d-98fd-0a0944771c35 is started using port 40813
2019-10-15 03:47:02,266 [Datanode State Machine Thread - 0] INFO  ozoneimpl.OzoneContainer (OzoneContainer.java:start(213)) - Attempting to start container services.
2019-10-15 03:47:02,266 [Datanode State Machine Thread - 0] INFO  ozoneimpl.OzoneContainer (OzoneContainer.java:startContainerScrub(177)) - Background container scanner has been disabled.
2019-10-15 03:47:02,266 [Datanode State Machine Thread - 0] INFO  ratis.XceiverServerRatis (XceiverServerRatis.java:start(418)) - Starting XceiverServerRatis 7acefc03-bfe6-43d1-a874-8e30198b0fbb at port 0
2019-10-15 03:47:02,273 [Datanode State Machine Thread - 0] INFO  impl.RaftServerProxy (RaftServerProxy.java:lambda$start$3(299)) - 7acefc03-bfe6-43d1-a874-8e30198b0fbb: start RPC server
2019-10-15 03:47:02,276 [Datanode State Machine Thread - 0] INFO  server.GrpcService (GrpcService.java:startImpl(158)) - 7acefc03-bfe6-43d1-a874-8e30198b0fbb: GrpcService started, listening on 0.0.0.0/0.0.0.0:39328
2019-10-15 03:47:02,276 [Datanode State Machine Thread - 0] INFO  ratis.XceiverServerRatis (XceiverServerRatis.java:start(428)) - XceiverServerRatis 7acefc03-bfe6-43d1-a874-8e30198b0fbb is started using port 39328
2019-10-15 03:47:02,276 [Datanode State Machine Thread - 0] INFO  server.XceiverServerGrpc (XceiverServerGrpc.java:start(149)) - XceiverServerGrpc 7acefc03-bfe6-43d1-a874-8e30198b0fbb is started using port 42683
2019-10-15 03:47:02,306 [Datanode State Machine Thread - 0] INFO  ozoneimpl.OzoneContainer (OzoneContainer.java:start(213)) - Attempting to start container services.
2019-10-15 03:47:02,306 [Datanode State Machine Thread - 0] INFO  ozoneimpl.OzoneContainer (OzoneContainer.java:startContainerScrub(177)) - Background container scanner has been disabled.
2019-10-15 03:47:02,306 [Datanode State Machine Thread - 0] INFO  ratis.XceiverServerRatis (XceiverServerRatis.java:start(418)) - Starting XceiverServerRatis d97f7fe5-0dca-42f9-9a49-18c0e60a1798 at port 0
2019-10-15 03:47:02,313 [Datanode State Machine Thread - 0] INFO  impl.RaftServerProxy (RaftServerProxy.java:lambda$start$3(299)) - d97f7fe5-0dca-42f9-9a49-18c0e60a1798: start RPC server
2019-10-15 03:47:02,316 [Datanode State Machine Thread - 0] INFO  server.GrpcService (GrpcService.java:startImpl(158)) - d97f7fe5-0dca-42f9-9a49-18c0e60a1798: GrpcService started, listening on 0.0.0.0/0.0.0.0:44231
2019-10-15 03:47:02,316 [Datanode State Machine Thread - 0] INFO  ratis.XceiverServerRatis (XceiverServerRatis.java:start(428)) - XceiverServerRatis d97f7fe5-0dca-42f9-9a49-18c0e60a1798 is started using port 44231
2019-10-15 03:47:02,319 [Datanode State Machine Thread - 0] INFO  server.XceiverServerGrpc (XceiverServerGrpc.java:start(149)) - XceiverServerGrpc d97f7fe5-0dca-42f9-9a49-18c0e60a1798 is started using port 33302
2019-10-15 03:47:02,370 [Datanode State Machine Thread - 0] INFO  ozoneimpl.OzoneContainer (OzoneContainer.java:start(213)) - Attempting to start container services.
2019-10-15 03:47:02,370 [Datanode State Machine Thread - 0] INFO  ozoneimpl.OzoneContainer (OzoneContainer.java:startContainerScrub(177)) - Background container scanner has been disabled.
2019-10-15 03:47:02,370 [Datanode State Machine Thread - 0] INFO  ratis.XceiverServerRatis (XceiverServerRatis.java:start(418)) - Starting XceiverServerRatis 04a41960-4c74-4c0c-8a88-98148ffd280d at port 0
2019-10-15 03:47:02,377 [Datanode State Machine Thread - 0] INFO  impl.RaftServerProxy (RaftServerProxy.java:lambda$start$3(299)) - 04a41960-4c74-4c0c-8a88-98148ffd280d: start RPC server
2019-10-15 03:47:02,378 [Datanode State Machine Thread - 0] INFO  server.GrpcService (GrpcService.java:startImpl(158)) - 04a41960-4c74-4c0c-8a88-98148ffd280d: GrpcService started, listening on 0.0.0.0/0.0.0.0:38565
2019-10-15 03:47:02,378 [Datanode State Machine Thread - 0] INFO  ratis.XceiverServerRatis (XceiverServerRatis.java:start(428)) - XceiverServerRatis 04a41960-4c74-4c0c-8a88-98148ffd280d is started using port 38565
2019-10-15 03:47:02,378 [Datanode State Machine Thread - 0] INFO  server.XceiverServerGrpc (XceiverServerGrpc.java:start(149)) - XceiverServerGrpc 04a41960-4c74-4c0c-8a88-98148ffd280d is started using port 34911
2019-10-15 03:47:02,462 [Datanode State Machine Thread - 0] INFO  ozoneimpl.OzoneContainer (OzoneContainer.java:start(213)) - Attempting to start container services.
2019-10-15 03:47:02,462 [Datanode State Machine Thread - 0] INFO  ozoneimpl.OzoneContainer (OzoneContainer.java:startContainerScrub(177)) - Background container scanner has been disabled.
2019-10-15 03:47:02,462 [Datanode State Machine Thread - 0] INFO  ratis.XceiverServerRatis (XceiverServerRatis.java:start(418)) - Starting XceiverServerRatis ca9a59ac-bda1-4176-abf7-2f7d9f4cd8f3 at port 0
2019-10-15 03:47:02,468 [Datanode State Machine Thread - 0] INFO  impl.RaftServerProxy (RaftServerProxy.java:lambda$start$3(299)) - ca9a59ac-bda1-4176-abf7-2f7d9f4cd8f3: start RPC server
2019-10-15 03:47:02,471 [Datanode State Machine Thread - 0] INFO  server.GrpcService (GrpcService.java:startImpl(158)) - ca9a59ac-bda1-4176-abf7-2f7d9f4cd8f3: GrpcService started, listening on 0.0.0.0/0.0.0.0:32915
2019-10-15 03:47:02,472 [Datanode State Machine Thread - 0] INFO  ratis.XceiverServerRatis (XceiverServerRatis.java:start(428)) - XceiverServerRatis ca9a59ac-bda1-4176-abf7-2f7d9f4cd8f3 is started using port 32915
2019-10-15 03:47:02,474 [Datanode State Machine Thread - 0] INFO  server.XceiverServerGrpc (XceiverServerGrpc.java:start(149)) - XceiverServerGrpc ca9a59ac-bda1-4176-abf7-2f7d9f4cd8f3 is started using port 33083
2019-10-15 03:47:02,486 [main] INFO  ozone.MiniOzoneClusterImpl (MiniOzoneClusterImpl.java:lambda$waitForClusterToBeReady$0(147)) - Waiting for cluster to be ready. Got 0 of 7 DN Heartbeats.
2019-10-15 03:47:02,511 [Datanode State Machine Thread - 0] INFO  ozoneimpl.OzoneContainer (OzoneContainer.java:start(213)) - Attempting to start container services.
2019-10-15 03:47:02,511 [Datanode State Machine Thread - 0] INFO  ozoneimpl.OzoneContainer (OzoneContainer.java:startContainerScrub(177)) - Background container scanner has been disabled.
2019-10-15 03:47:02,511 [Datanode State Machine Thread - 0] INFO  ratis.XceiverServerRatis (XceiverServerRatis.java:start(418)) - Starting XceiverServerRatis 314665fc-2bb1-4b52-b3c5-0d81dc3c49e5 at port 0
2019-10-15 03:47:02,517 [Datanode State Machine Thread - 0] INFO  impl.RaftServerProxy (RaftServerProxy.java:lambda$start$3(299)) - 314665fc-2bb1-4b52-b3c5-0d81dc3c49e5: start RPC server
2019-10-15 03:47:02,521 [Datanode State Machine Thread - 0] INFO  server.GrpcService (GrpcService.java:startImpl(158)) - 314665fc-2bb1-4b52-b3c5-0d81dc3c49e5: GrpcService started, listening on 0.0.0.0/0.0.0.0:34034
2019-10-15 03:47:02,521 [Datanode State Machine Thread - 0] INFO  ratis.XceiverServerRatis (XceiverServerRatis.java:start(428)) - XceiverServerRatis 314665fc-2bb1-4b52-b3c5-0d81dc3c49e5 is started using port 34034
2019-10-15 03:47:02,521 [Datanode State Machine Thread - 0] INFO  server.XceiverServerGrpc (XceiverServerGrpc.java:start(149)) - XceiverServerGrpc 314665fc-2bb1-4b52-b3c5-0d81dc3c49e5 is started using port 42809
2019-10-15 03:47:03,486 [main] INFO  ozone.MiniOzoneClusterImpl (MiniOzoneClusterImpl.java:lambda$waitForClusterToBeReady$0(147)) - Waiting for cluster to be ready. Got 0 of 7 DN Heartbeats.
2019-10-15 03:47:04,100 [IPC Server handler 3 on 35906] INFO  net.NetworkTopology (NetworkTopologyImpl.java:add(111)) - Added a new node: /default-rack/915da940-e35d-4c60-836c-0a1be48177ee
2019-10-15 03:47:04,104 [IPC Server handler 3 on 35906] INFO  node.SCMNodeManager (SCMNodeManager.java:register(268)) - Registered Data node : 915da940-e35d-4c60-836c-0a1be48177ee{ip: 192.168.157.236, host: pr-hdds-2278-dv8k5-3424803466, networkLocation: /default-rack, certSerialId: null}
2019-10-15 03:47:04,105 [EventQueue-NodeRegistrationContainerReportForDataNodeSafeModeRule] INFO  safemode.SCMSafeModeManager (DataNodeSafeModeRule.java:process(71)) - SCM in safe mode. 1 DataNodes registered, 1 required.
2019-10-15 03:47:04,107 [EventQueue-NodeRegistrationContainerReportForDataNodeSafeModeRule] INFO  safemode.SCMSafeModeManager (SCMSafeModeManager.java:validateSafeModeExitRules(177)) - ScmSafeModeManager, all rules are successfully validated
2019-10-15 03:47:04,107 [EventQueue-NodeRegistrationContainerReportForDataNodeSafeModeRule] INFO  safemode.SCMSafeModeManager (SCMSafeModeManager.java:exitSafeMode(193)) - SCM exiting safe mode.
2019-10-15 03:47:04,119 [grpc-default-executor-6] INFO  impl.RaftServerProxy (RaftServerProxy.java:addNew(89)) - 915da940-e35d-4c60-836c-0a1be48177ee: addNew group-B83B5095E055:[915da940-e35d-4c60-836c-0a1be48177ee:192.168.157.236:40740] returns group-B83B5095E055:java.util.concurrent.CompletableFuture@3972b95b[Not completed]
2019-10-15 03:47:04,121 [pool-383-thread-1] INFO  impl.RaftServerImpl (RaftServerImpl.java:<init>(95)) - 915da940-e35d-4c60-836c-0a1be48177ee: new RaftServerImpl for group-B83B5095E055:[915da940-e35d-4c60-836c-0a1be48177ee:192.168.157.236:40740] with ContainerStateMachine:uninitialized
2019-10-15 03:47:04,121 [pool-383-thread-1] INFO  server.RaftServerConfigKeys (ConfUtils.java:logGet(43)) - raft.server.rpc.timeout.min = 5s (custom)
2019-10-15 03:47:04,121 [pool-383-thread-1] INFO  server.RaftServerConfigKeys (ConfUtils.java:logGet(43)) - raft.server.rpc.timeout.max = 5200ms (custom)
2019-10-15 03:47:04,122 [pool-383-thread-1] INFO  server.RaftServerConfigKeys (ConfUtils.java:logGet(43)) - raft.server.rpcslowness.timeout = 120s (custom)
2019-10-15 03:47:04,122 [pool-383-thread-1] INFO  server.RaftServerConfigKeys (ConfUtils.java:logGet(43)) - raft.server.sleep.deviation.threshold = 300 (default)
2019-10-15 03:47:04,122 [pool-383-thread-1] INFO  server.RaftServerConfigKeys (ConfUtils.java:logGet(43)) - raft.server.log.appender.install.snapshot.enabled = false (custom)
2019-10-15 03:47:04,122 [pool-383-thread-1] INFO  impl.RaftServerImpl (ServerState.java:<init>(103)) - 915da940-e35d-4c60-836c-0a1be48177ee@group-B83B5095E055: ConfigurationManager, init=-1: [915da940-e35d-4c60-836c-0a1be48177ee:192.168.157.236:40740], old=null, confs=<EMPTY_MAP>
2019-10-15 03:47:04,122 [pool-383-thread-1] INFO  server.RaftServerConfigKeys (ConfUtils.java:logGet(43)) - raft.server.storage.dir = [/workdir/hadoop-ozone/integration-test/target/test-dir/MiniOzoneClusterImpl-14e02325-d020-4b03-9219-3bf7a6491ac8/datanode-0/data/ratis] (custom)
2019-10-15 03:47:04,123 [pool-383-thread-1] INFO  server.RaftServerConfigKeys (ConfUtils.java:logGet(43)) - raft.server.log.corruption.policy = EXCEPTION (default)
2019-10-15 03:47:04,123 [pool-383-thread-1] INFO  storage.RaftStorageDirectory (RaftStorageDirectory.java:analyzeStorage(246)) - The storage directory /workdir/hadoop-ozone/integration-test/target/test-dir/MiniOzoneClusterImpl-14e02325-d020-4b03-9219-3bf7a6491ac8/datanode-0/data/ratis/ebc498c0-c29e-44d2-ad9f-b83b5095e055 does not exist. Creating ...
2019-10-15 03:47:04,146 [pool-383-thread-1] INFO  storage.RaftStorageDirectory (RaftStorageDirectory.java:tryLock(328)) - Lock on /workdir/hadoop-ozone/integration-test/target/test-dir/MiniOzoneClusterImpl-14e02325-d020-4b03-9219-3bf7a6491ac8/datanode-0/data/ratis/ebc498c0-c29e-44d2-ad9f-b83b5095e055/in_use.lock acquired by nodename 4337@pr-hdds-2278-dv8k5-3424803466
2019-10-15 03:47:04,162 [IPC Server handler 2 on 35906] INFO  net.NetworkTopology (NetworkTopologyImpl.java:add(111)) - Added a new node: /default-rack/8584d7f0-29e1-401d-98fd-0a0944771c35
2019-10-15 03:47:04,163 [IPC Server handler 2 on 35906] INFO  node.SCMNodeManager (SCMNodeManager.java:register(268)) - Registered Data node : 8584d7f0-29e1-401d-98fd-0a0944771c35{ip: 192.168.157.236, host: pr-hdds-2278-dv8k5-3424803466, networkLocation: /default-rack, certSerialId: null}
2019-10-15 03:47:04,169 [pool-383-thread-1] INFO  storage.RaftStorage (RaftStorage.java:format(84)) - Storage directory /workdir/hadoop-ozone/integration-test/target/test-dir/MiniOzoneClusterImpl-14e02325-d020-4b03-9219-3bf7a6491ac8/datanode-0/data/ratis/ebc498c0-c29e-44d2-ad9f-b83b5095e055 has been successfully formatted.
2019-10-15 03:47:04,169 [pool-383-thread-1] INFO  ratis.ContainerStateMachine (ContainerStateMachine.java:loadSnapshot(231)) - group-B83B5095E055: The snapshot info is null. Setting the last applied indexto:(t:0, i:~)
2019-10-15 03:47:04,170 [pool-383-thread-1] INFO  server.RaftServerConfigKeys (ConfUtils.java:logGet(43)) - raft.server.notification.no-leader.timeout = 120s (custom)
2019-10-15 03:47:04,170 [pool-383-thread-1] INFO  server.RaftServerConfigKeys (ConfUtils.java:logGet(43)) - raft.server.log.use.memory = false (default)
2019-10-15 03:47:04,170 [pool-383-thread-1] INFO  server.RaftServerConfigKeys (ConfUtils.java:logGet(43)) - raft.server.log.purge.gap = 1000000 (custom)
2019-10-15 03:47:04,170 [pool-383-thread-1] INFO  server.RaftServerConfigKeys (ConfUtils.java:logGet(43)) - raft.server.log.appender.buffer.byte-limit = 33554432 (custom)
2019-10-15 03:47:04,170 [pool-383-thread-1] INFO  server.RaftServerConfigKeys (ConfUtils.java:logGet(43)) - raft.server.log.segment.size.max = 1048576 (custom)
2019-10-15 03:47:04,172 [pool-383-thread-1] INFO  server.RaftServerConfigKeys (ConfUtils.java:logGet(43)) - raft.server.log.segment.cache.num.max = 2 (custom)
2019-10-15 03:47:04,172 [pool-383-thread-1] INFO  segmented.SegmentedRaftLogWorker (SegmentedRaftLogWorker.java:<init>(173)) - new 915da940-e35d-4c60-836c-0a1be48177ee@group-B83B5095E055-SegmentedRaftLogWorker for RaftStorage:Storage Directory /workdir/hadoop-ozone/integration-test/target/test-dir/MiniOzoneClusterImpl-14e02325-d020-4b03-9219-3bf7a6491ac8/datanode-0/data/ratis/ebc498c0-c29e-44d2-ad9f-b83b5095e055
2019-10-15 03:47:04,172 [pool-383-thread-1] INFO  server.RaftServerConfigKeys (ConfUtils.java:logGet(43)) - raft.server.log.queue.byte-limit = 2147483647 (custom)
2019-10-15 03:47:04,172 [pool-383-thread-1] INFO  server.RaftServerConfigKeys (ConfUtils.java:logGet(43)) - raft.server.log.queue.element-limit = 1024 (custom)
2019-10-15 03:47:04,172 [pool-383-thread-1] INFO  server.RaftServerConfigKeys (ConfUtils.java:logGet(43)) - raft.server.log.segment.size.max = 1048576 (custom)
2019-10-15 03:47:04,173 [pool-383-thread-1] INFO  server.RaftServerConfigKeys (ConfUtils.java:logGet(43)) - raft.server.log.preallocated.size = 16384 (custom)
2019-10-15 03:47:04,173 [pool-383-thread-1] INFO  server.RaftServerConfigKeys (ConfUtils.java:logGet(43)) - raft.server.log.write.buffer.size = 33554432 (custom)
2019-10-15 03:47:04,173 [pool-383-thread-1] INFO  server.RaftServerConfigKeys (ConfUtils.java:logGet(43)) - raft.server.log.force.sync.num = 128 (default)
2019-10-15 03:47:04,173 [pool-383-thread-1] INFO  server.RaftServerConfigKeys (ConfUtils.java:logGet(43)) - raft.server.log.statemachine.data.sync = true (default)
2019-10-15 03:47:04,173 [pool-383-thread-1] INFO  server.RaftServerConfigKeys (ConfUtils.java:logGet(43)) - raft.server.log.statemachine.data.sync.timeout = 10s (default)
2019-10-15 03:47:04,173 [pool-383-thread-1] INFO  server.RaftServerConfigKeys (ConfUtils.java:logGet(43)) - raft.server.log.statemachine.data.sync.timeout.retry = -1 (default)
2019-10-15 03:47:04,174 [pool-383-thread-1] INFO  server.RaftServerConfigKeys (ConfUtils.java:logGet(43)) - raft.server.log.statemachine.data.caching.enabled = true (custom)
2019-10-15 03:47:04,174 [pool-383-thread-1] INFO  segmented.SegmentedRaftLogWorker (SegmentedRaftLogWorker.java:lambda$new$0(128)) - 915da940-e35d-4c60-836c-0a1be48177ee@group-B83B5095E055-SegmentedRaftLogWorker: flushIndex: setUnconditionally 0 -> -1
2019-10-15 03:47:04,174 [pool-383-thread-1] INFO  server.RaftServerConfigKeys (ConfUtils.java:logGet(43)) - raft.server.snapshot.auto.trigger.enabled = true (custom)
2019-10-15 03:47:04,174 [pool-383-thread-1] INFO  server.RaftServerConfigKeys (ConfUtils.java:logGet(43)) - raft.server.snapshot.auto.trigger.threshold = 10000 (custom)
2019-10-15 03:47:04,174 [pool-383-thread-1] INFO  server.RaftServerConfigKeys (ConfUtils.java:logGet(43)) - raft.server.snapshot.retention.file.num = 5 (custom)
2019-10-15 03:47:04,175 [pool-383-thread-1] INFO  server.RaftServerConfigKeys (ConfUtils.java:logGet(43)) - raft.server.retrycache.expirytime = 600000ms (custom)
2019-10-15 03:47:04,176 [pool-383-thread-1] INFO  impl.RaftServerImpl (RaftServerImpl.java:start(181)) - 915da940-e35d-4c60-836c-0a1be48177ee@group-B83B5095E055: start as a follower, conf=-1: [915da940-e35d-4c60-836c-0a1be48177ee:192.168.157.236:40740], old=null
2019-10-15 03:47:04,176 [pool-383-thread-1] INFO  impl.RaftServerImpl (RaftServerImpl.java:setRole(170)) - 915da940-e35d-4c60-836c-0a1be48177ee@group-B83B5095E055: changes role from      null to FOLLOWER at term 0 for startAsFollower
2019-10-15 03:47:04,176 [pool-383-thread-1] INFO  impl.RoleInfo (RoleInfo.java:updateAndGet(143)) - 915da940-e35d-4c60-836c-0a1be48177ee: start FollowerState
2019-10-15 03:47:04,177 [pool-383-thread-1] INFO  util.JmxRegister (JmxRegister.java:tryRegister(44)) - Successfully registered JMX Bean with object name Ratis:service=RaftServer,group=group-B83B5095E055,id=915da940-e35d-4c60-836c-0a1be48177ee
2019-10-15 03:47:04,181 [RatisPipelineUtilsThread] INFO  pipeline.PipelineStateManager (PipelineStateManager.java:addPipeline(56)) - Created pipeline Pipeline[ Id: ebc498c0-c29e-44d2-ad9f-b83b5095e055, Nodes: 915da940-e35d-4c60-836c-0a1be48177ee{ip: 192.168.157.236, host: pr-hdds-2278-dv8k5-3424803466, networkLocation: /default-rack, certSerialId: null}, Type:RATIS, Factor:ONE, State:OPEN]
2019-10-15 03:47:04,188 [grpc-default-executor-6] INFO  impl.RaftServerProxy (RaftServerProxy.java:addNew(89)) - 8584d7f0-29e1-401d-98fd-0a0944771c35: addNew group-7B1F037C2D08:[8584d7f0-29e1-401d-98fd-0a0944771c35:192.168.157.236:41782] returns group-7B1F037C2D08:java.util.concurrent.CompletableFuture@330c3deb[Not completed]
2019-10-15 03:47:04,189 [pool-393-thread-1] INFO  impl.RaftServerImpl (RaftServerImpl.java:<init>(95)) - 8584d7f0-29e1-401d-98fd-0a0944771c35: new RaftServerImpl for group-7B1F037C2D08:[8584d7f0-29e1-401d-98fd-0a0944771c35:192.168.157.236:41782] with ContainerStateMachine:uninitialized
2019-10-15 03:47:04,189 [pool-393-thread-1] INFO  server.RaftServerConfigKeys (ConfUtils.java:logGet(43)) - raft.server.rpc.timeout.min = 5s (custom)
2019-10-15 03:47:04,189 [pool-393-thread-1] INFO  server.RaftServerConfigKeys (ConfUtils.java:logGet(43)) - raft.server.rpc.timeout.max = 5200ms (custom)
2019-10-15 03:47:04,189 [pool-393-thread-1] INFO  server.RaftServerConfigKeys (ConfUtils.java:logGet(43)) - raft.server.rpcslowness.timeout = 120s (custom)
2019-10-15 03:47:04,190 [pool-393-thread-1] INFO  server.RaftServerConfigKeys (ConfUtils.java:logGet(43)) - raft.server.sleep.deviation.threshold = 300 (default)
2019-10-15 03:47:04,190 [pool-393-thread-1] INFO  server.RaftServerConfigKeys (ConfUtils.java:logGet(43)) - raft.server.log.appender.install.snapshot.enabled = false (custom)
2019-10-15 03:47:04,190 [pool-393-thread-1] INFO  impl.RaftServerImpl (ServerState.java:<init>(103)) - 8584d7f0-29e1-401d-98fd-0a0944771c35@group-7B1F037C2D08: ConfigurationManager, init=-1: [8584d7f0-29e1-401d-98fd-0a0944771c35:192.168.157.236:41782], old=null, confs=<EMPTY_MAP>
2019-10-15 03:47:04,190 [pool-393-thread-1] INFO  server.RaftServerConfigKeys (ConfUtils.java:logGet(43)) - raft.server.storage.dir = [/workdir/hadoop-ozone/integration-test/target/test-dir/MiniOzoneClusterImpl-14e02325-d020-4b03-9219-3bf7a6491ac8/datanode-1/data/ratis] (custom)
2019-10-15 03:47:04,190 [pool-393-thread-1] INFO  server.RaftServerConfigKeys (ConfUtils.java:logGet(43)) - raft.server.log.corruption.policy = EXCEPTION (default)
2019-10-15 03:47:04,190 [pool-393-thread-1] INFO  storage.RaftStorageDirectory (RaftStorageDirectory.java:analyzeStorage(246)) - The storage directory /workdir/hadoop-ozone/integration-test/target/test-dir/MiniOzoneClusterImpl-14e02325-d020-4b03-9219-3bf7a6491ac8/datanode-1/data/ratis/e3f4f4a7-4107-4042-9aae-7b1f037c2d08 does not exist. Creating ...
2019-10-15 03:47:04,213 [pool-393-thread-1] INFO  storage.RaftStorageDirectory (RaftStorageDirectory.java:tryLock(328)) - Lock on /workdir/hadoop-ozone/integration-test/target/test-dir/MiniOzoneClusterImpl-14e02325-d020-4b03-9219-3bf7a6491ac8/datanode-1/data/ratis/e3f4f4a7-4107-4042-9aae-7b1f037c2d08/in_use.lock acquired by nodename 4337@pr-hdds-2278-dv8k5-3424803466
2019-10-15 03:47:04,228 [IPC Server handler 6 on 35906] INFO  net.NetworkTopology (NetworkTopologyImpl.java:add(111)) - Added a new node: /default-rack/7acefc03-bfe6-43d1-a874-8e30198b0fbb
2019-10-15 03:47:04,228 [IPC Server handler 6 on 35906] INFO  node.SCMNodeManager (SCMNodeManager.java:register(268)) - Registered Data node : 7acefc03-bfe6-43d1-a874-8e30198b0fbb{ip: 192.168.157.236, host: pr-hdds-2278-dv8k5-3424803466, networkLocation: /default-rack, certSerialId: null}
2019-10-15 03:47:04,236 [pool-393-thread-1] INFO  storage.RaftStorage (RaftStorage.java:format(84)) - Storage directory /workdir/hadoop-ozone/integration-test/target/test-dir/MiniOzoneClusterImpl-14e02325-d020-4b03-9219-3bf7a6491ac8/datanode-1/data/ratis/e3f4f4a7-4107-4042-9aae-7b1f037c2d08 has been successfully formatted.
2019-10-15 03:47:04,237 [pool-393-thread-1] INFO  ratis.ContainerStateMachine (ContainerStateMachine.java:loadSnapshot(231)) - group-7B1F037C2D08: The snapshot info is null. Setting the last applied indexto:(t:0, i:~)
2019-10-15 03:47:04,237 [pool-393-thread-1] INFO  server.RaftServerConfigKeys (ConfUtils.java:logGet(43)) - raft.server.notification.no-leader.timeout = 120s (custom)
2019-10-15 03:47:04,237 [pool-393-thread-1] INFO  server.RaftServerConfigKeys (ConfUtils.java:logGet(43)) - raft.server.log.use.memory = false (default)
2019-10-15 03:47:04,237 [pool-393-thread-1] INFO  server.RaftServerConfigKeys (ConfUtils.java:logGet(43)) - raft.server.log.purge.gap = 1000000 (custom)
2019-10-15 03:47:04,237 [pool-393-thread-1] INFO  server.RaftServerConfigKeys (ConfUtils.java:logGet(43)) - raft.server.log.appender.buffer.byte-limit = 33554432 (custom)
2019-10-15 03:47:04,237 [pool-393-thread-1] INFO  server.RaftServerConfigKeys (ConfUtils.java:logGet(43)) - raft.server.log.segment.size.max = 1048576 (custom)
2019-10-15 03:47:04,238 [pool-393-thread-1] INFO  server.RaftServerConfigKeys (ConfUtils.java:logGet(43)) - raft.server.log.segment.cache.num.max = 2 (custom)
2019-10-15 03:47:04,238 [pool-393-thread-1] INFO  segmented.SegmentedRaftLogWorker (SegmentedRaftLogWorker.java:<init>(173)) - new 8584d7f0-29e1-401d-98fd-0a0944771c35@group-7B1F037C2D08-SegmentedRaftLogWorker for RaftStorage:Storage Directory /workdir/hadoop-ozone/integration-test/target/test-dir/MiniOzoneClusterImpl-14e02325-d020-4b03-9219-3bf7a6491ac8/datanode-1/data/ratis/e3f4f4a7-4107-4042-9aae-7b1f037c2d08
2019-10-15 03:47:04,238 [pool-393-thread-1] INFO  server.RaftServerConfigKeys (ConfUtils.java:logGet(43)) - raft.server.log.queue.byte-limit = 2147483647 (custom)
2019-10-15 03:47:04,238 [pool-393-thread-1] INFO  server.RaftServerConfigKeys (ConfUtils.java:logGet(43)) - raft.server.log.queue.element-limit = 1024 (custom)
2019-10-15 03:47:04,239 [pool-393-thread-1] INFO  server.RaftServerConfigKeys (ConfUtils.java:logGet(43)) - raft.server.log.segment.size.max = 1048576 (custom)
2019-10-15 03:47:04,239 [pool-393-thread-1] INFO  server.RaftServerConfigKeys (ConfUtils.java:logGet(43)) - raft.server.log.preallocated.size = 16384 (custom)
2019-10-15 03:47:04,239 [pool-393-thread-1] INFO  server.RaftServerConfigKeys (ConfUtils.java:logGet(43)) - raft.server.log.write.buffer.size = 33554432 (custom)
2019-10-15 03:47:04,239 [pool-393-thread-1] INFO  server.RaftServerConfigKeys (ConfUtils.java:logGet(43)) - raft.server.log.force.sync.num = 128 (default)
2019-10-15 03:47:04,239 [pool-393-thread-1] INFO  server.RaftServerConfigKeys (ConfUtils.java:logGet(43)) - raft.server.log.statemachine.data.sync = true (default)
2019-10-15 03:47:04,239 [pool-393-thread-1] INFO  server.RaftServerConfigKeys (ConfUtils.java:logGet(43)) - raft.server.log.statemachine.data.sync.timeout = 10s (default)
2019-10-15 03:47:04,239 [pool-393-thread-1] INFO  server.RaftServerConfigKeys (ConfUtils.java:logGet(43)) - raft.server.log.statemachine.data.sync.timeout.retry = -1 (default)
2019-10-15 03:47:04,239 [pool-393-thread-1] INFO  server.RaftServerConfigKeys (ConfUtils.java:logGet(43)) - raft.server.log.statemachine.data.caching.enabled = true (custom)
2019-10-15 03:47:04,239 [pool-393-thread-1] INFO  segmented.SegmentedRaftLogWorker (SegmentedRaftLogWorker.java:lambda$new$0(128)) - 8584d7f0-29e1-401d-98fd-0a0944771c35@group-7B1F037C2D08-SegmentedRaftLogWorker: flushIndex: setUnconditionally 0 -> -1
2019-10-15 03:47:04,240 [pool-393-thread-1] INFO  server.RaftServerConfigKeys (ConfUtils.java:logGet(43)) - raft.server.snapshot.auto.trigger.enabled = true (custom)
2019-10-15 03:47:04,240 [pool-393-thread-1] INFO  server.RaftServerConfigKeys (ConfUtils.java:logGet(43)) - raft.server.snapshot.auto.trigger.threshold = 10000 (custom)
2019-10-15 03:47:04,240 [pool-393-thread-1] INFO  server.RaftServerConfigKeys (ConfUtils.java:logGet(43)) - raft.server.snapshot.retention.file.num = 5 (custom)
2019-10-15 03:47:04,240 [pool-393-thread-1] INFO  server.RaftServerConfigKeys (ConfUtils.java:logGet(43)) - raft.server.retrycache.expirytime = 600000ms (custom)
2019-10-15 03:47:04,241 [pool-393-thread-1] INFO  impl.RaftServerImpl (RaftServerImpl.java:start(181)) - 8584d7f0-29e1-401d-98fd-0a0944771c35@group-7B1F037C2D08: start as a follower, conf=-1: [8584d7f0-29e1-401d-98fd-0a0944771c35:192.168.157.236:41782], old=null
2019-10-15 03:47:04,241 [pool-393-thread-1] INFO  impl.RaftServerImpl (RaftServerImpl.java:setRole(170)) - 8584d7f0-29e1-401d-98fd-0a0944771c35@group-7B1F037C2D08: changes role from      null to FOLLOWER at term 0 for startAsFollower
2019-10-15 03:47:04,241 [pool-393-thread-1] INFO  impl.RoleInfo (RoleInfo.java:updateAndGet(143)) - 8584d7f0-29e1-401d-98fd-0a0944771c35: start FollowerState
2019-10-15 03:47:04,241 [pool-393-thread-1] INFO  util.JmxRegister (JmxRegister.java:tryRegister(44)) - Successfully registered JMX Bean with object name Ratis:service=RaftServer,group=group-7B1F037C2D08,id=8584d7f0-29e1-401d-98fd-0a0944771c35
2019-10-15 03:47:04,244 [RatisPipelineUtilsThread] INFO  pipeline.PipelineStateManager (PipelineStateManager.java:addPipeline(56)) - Created pipeline Pipeline[ Id: e3f4f4a7-4107-4042-9aae-7b1f037c2d08, Nodes: 8584d7f0-29e1-401d-98fd-0a0944771c35{ip: 192.168.157.236, host: pr-hdds-2278-dv8k5-3424803466, networkLocation: /default-rack, certSerialId: null}, Type:RATIS, Factor:ONE, State:OPEN]
2019-10-15 03:47:04,252 [grpc-default-executor-6] INFO  impl.RaftServerProxy (RaftServerProxy.java:addNew(89)) - 7acefc03-bfe6-43d1-a874-8e30198b0fbb: addNew group-435BB9ADD02E:[7acefc03-bfe6-43d1-a874-8e30198b0fbb:192.168.157.236:39328] returns group-435BB9ADD02E:java.util.concurrent.CompletableFuture@46a7bfbc[Not completed]
2019-10-15 03:47:04,253 [pool-403-thread-1] INFO  impl.RaftServerImpl (RaftServerImpl.java:<init>(95)) - 7acefc03-bfe6-43d1-a874-8e30198b0fbb: new RaftServerImpl for group-435BB9ADD02E:[7acefc03-bfe6-43d1-a874-8e30198b0fbb:192.168.157.236:39328] with ContainerStateMachine:uninitialized
2019-10-15 03:47:04,253 [pool-403-thread-1] INFO  server.RaftServerConfigKeys (ConfUtils.java:logGet(43)) - raft.server.rpc.timeout.min = 5s (custom)
2019-10-15 03:47:04,253 [pool-403-thread-1] INFO  server.RaftServerConfigKeys (ConfUtils.java:logGet(43)) - raft.server.rpc.timeout.max = 5200ms (custom)
2019-10-15 03:47:04,253 [pool-403-thread-1] INFO  server.RaftServerConfigKeys (ConfUtils.java:logGet(43)) - raft.server.rpcslowness.timeout = 120s (custom)
2019-10-15 03:47:04,253 [pool-403-thread-1] INFO  server.RaftServerConfigKeys (ConfUtils.java:logGet(43)) - raft.server.sleep.deviation.threshold = 300 (default)
2019-10-15 03:47:04,253 [pool-403-thread-1] INFO  server.RaftServerConfigKeys (ConfUtils.java:logGet(43)) - raft.server.log.appender.install.snapshot.enabled = false (custom)
2019-10-15 03:47:04,253 [pool-403-thread-1] INFO  impl.RaftServerImpl (ServerState.java:<init>(103)) - 7acefc03-bfe6-43d1-a874-8e30198b0fbb@group-435BB9ADD02E: ConfigurationManager, init=-1: [7acefc03-bfe6-43d1-a874-8e30198b0fbb:192.168.157.236:39328], old=null, confs=<EMPTY_MAP>
2019-10-15 03:47:04,253 [pool-403-thread-1] INFO  server.RaftServerConfigKeys (ConfUtils.java:logGet(43)) - raft.server.storage.dir = [/workdir/hadoop-ozone/integration-test/target/test-dir/MiniOzoneClusterImpl-14e02325-d020-4b03-9219-3bf7a6491ac8/datanode-2/data/ratis] (custom)
2019-10-15 03:47:04,253 [pool-403-thread-1] INFO  server.RaftServerConfigKeys (ConfUtils.java:logGet(43)) - raft.server.log.corruption.policy = EXCEPTION (default)
2019-10-15 03:47:04,253 [pool-403-thread-1] INFO  storage.RaftStorageDirectory (RaftStorageDirectory.java:analyzeStorage(246)) - The storage directory /workdir/hadoop-ozone/integration-test/target/test-dir/MiniOzoneClusterImpl-14e02325-d020-4b03-9219-3bf7a6491ac8/datanode-2/data/ratis/47c847d8-e5dc-4ee3-be25-435bb9add02e does not exist. Creating ...
2019-10-15 03:47:04,286 [pool-403-thread-1] INFO  storage.RaftStorageDirectory (RaftStorageDirectory.java:tryLock(328)) - Lock on /workdir/hadoop-ozone/integration-test/target/test-dir/MiniOzoneClusterImpl-14e02325-d020-4b03-9219-3bf7a6491ac8/datanode-2/data/ratis/47c847d8-e5dc-4ee3-be25-435bb9add02e/in_use.lock acquired by nodename 4337@pr-hdds-2278-dv8k5-3424803466
2019-10-15 03:47:04,293 [IPC Server handler 0 on 35906] INFO  net.NetworkTopology (NetworkTopologyImpl.java:add(111)) - Added a new node: /default-rack/d97f7fe5-0dca-42f9-9a49-18c0e60a1798
2019-10-15 03:47:04,293 [IPC Server handler 0 on 35906] INFO  node.SCMNodeManager (SCMNodeManager.java:register(268)) - Registered Data node : d97f7fe5-0dca-42f9-9a49-18c0e60a1798{ip: 192.168.157.236, host: pr-hdds-2278-dv8k5-3424803466, networkLocation: /default-rack, certSerialId: null}
2019-10-15 03:47:04,312 [pool-403-thread-1] INFO  storage.RaftStorage (RaftStorage.java:format(84)) - Storage directory /workdir/hadoop-ozone/integration-test/target/test-dir/MiniOzoneClusterImpl-14e02325-d020-4b03-9219-3bf7a6491ac8/datanode-2/data/ratis/47c847d8-e5dc-4ee3-be25-435bb9add02e has been successfully formatted.
2019-10-15 03:47:04,312 [pool-403-thread-1] INFO  ratis.ContainerStateMachine (ContainerStateMachine.java:loadSnapshot(231)) - group-435BB9ADD02E: The snapshot info is null. Setting the last applied indexto:(t:0, i:~)
2019-10-15 03:47:04,312 [pool-403-thread-1] INFO  server.RaftServerConfigKeys (ConfUtils.java:logGet(43)) - raft.server.notification.no-leader.timeout = 120s (custom)
2019-10-15 03:47:04,312 [pool-403-thread-1] INFO  server.RaftServerConfigKeys (ConfUtils.java:logGet(43)) - raft.server.log.use.memory = false (default)
2019-10-15 03:47:04,312 [pool-403-thread-1] INFO  server.RaftServerConfigKeys (ConfUtils.java:logGet(43)) - raft.server.log.purge.gap = 1000000 (custom)
2019-10-15 03:47:04,313 [pool-403-thread-1] INFO  server.RaftServerConfigKeys (ConfUtils.java:logGet(43)) - raft.server.log.appender.buffer.byte-limit = 33554432 (custom)
2019-10-15 03:47:04,313 [pool-403-thread-1] INFO  server.RaftServerConfigKeys (ConfUtils.java:logGet(43)) - raft.server.log.segment.size.max = 1048576 (custom)
2019-10-15 03:47:04,314 [pool-403-thread-1] INFO  server.RaftServerConfigKeys (ConfUtils.java:logGet(43)) - raft.server.log.segment.cache.num.max = 2 (custom)
2019-10-15 03:47:04,315 [pool-403-thread-1] INFO  segmented.SegmentedRaftLogWorker (SegmentedRaftLogWorker.java:<init>(173)) - new 7acefc03-bfe6-43d1-a874-8e30198b0fbb@group-435BB9ADD02E-SegmentedRaftLogWorker for RaftStorage:Storage Directory /workdir/hadoop-ozone/integration-test/target/test-dir/MiniOzoneClusterImpl-14e02325-d020-4b03-9219-3bf7a6491ac8/datanode-2/data/ratis/47c847d8-e5dc-4ee3-be25-435bb9add02e
2019-10-15 03:47:04,315 [pool-403-thread-1] INFO  server.RaftServerConfigKeys (ConfUtils.java:logGet(43)) - raft.server.log.queue.byte-limit = 2147483647 (custom)
2019-10-15 03:47:04,315 [pool-403-thread-1] INFO  server.RaftServerConfigKeys (ConfUtils.java:logGet(43)) - raft.server.log.queue.element-limit = 1024 (custom)
2019-10-15 03:47:04,315 [pool-403-thread-1] INFO  server.RaftServerConfigKeys (ConfUtils.java:logGet(43)) - raft.server.log.segment.size.max = 1048576 (custom)
2019-10-15 03:47:04,315 [pool-403-thread-1] INFO  server.RaftServerConfigKeys (ConfUtils.java:logGet(43)) - raft.server.log.preallocated.size = 16384 (custom)
2019-10-15 03:47:04,315 [pool-403-thread-1] INFO  server.RaftServerConfigKeys (ConfUtils.java:logGet(43)) - raft.server.log.write.buffer.size = 33554432 (custom)
2019-10-15 03:47:04,315 [pool-403-thread-1] INFO  server.RaftServerConfigKeys (ConfUtils.java:logGet(43)) - raft.server.log.force.sync.num = 128 (default)
2019-10-15 03:47:04,315 [pool-403-thread-1] INFO  server.RaftServerConfigKeys (ConfUtils.java:logGet(43)) - raft.server.log.statemachine.data.sync = true (default)
2019-10-15 03:47:04,315 [pool-403-thread-1] INFO  server.RaftServerConfigKeys (ConfUtils.java:logGet(43)) - raft.server.log.statemachine.data.sync.timeout = 10s (default)
2019-10-15 03:47:04,315 [pool-403-thread-1] INFO  server.RaftServerConfigKeys (ConfUtils.java:logGet(43)) - raft.server.log.statemachine.data.sync.timeout.retry = -1 (default)
2019-10-15 03:47:04,316 [pool-403-thread-1] INFO  server.RaftServerConfigKeys (ConfUtils.java:logGet(43)) - raft.server.log.statemachine.data.caching.enabled = true (custom)
2019-10-15 03:47:04,316 [pool-403-thread-1] INFO  segmented.SegmentedRaftLogWorker (SegmentedRaftLogWorker.java:lambda$new$0(128)) - 7acefc03-bfe6-43d1-a874-8e30198b0fbb@group-435BB9ADD02E-SegmentedRaftLogWorker: flushIndex: setUnconditionally 0 -> -1
2019-10-15 03:47:04,316 [pool-403-thread-1] INFO  server.RaftServerConfigKeys (ConfUtils.java:logGet(43)) - raft.server.snapshot.auto.trigger.enabled = true (custom)
2019-10-15 03:47:04,316 [pool-403-thread-1] INFO  server.RaftServerConfigKeys (ConfUtils.java:logGet(43)) - raft.server.snapshot.auto.trigger.threshold = 10000 (custom)
2019-10-15 03:47:04,316 [pool-403-thread-1] INFO  server.RaftServerConfigKeys (ConfUtils.java:logGet(43)) - raft.server.snapshot.retention.file.num = 5 (custom)
2019-10-15 03:47:04,316 [pool-403-thread-1] INFO  server.RaftServerConfigKeys (ConfUtils.java:logGet(43)) - raft.server.retrycache.expirytime = 600000ms (custom)
2019-10-15 03:47:04,317 [pool-403-thread-1] INFO  impl.RaftServerImpl (RaftServerImpl.java:start(181)) - 7acefc03-bfe6-43d1-a874-8e30198b0fbb@group-435BB9ADD02E: start as a follower, conf=-1: [7acefc03-bfe6-43d1-a874-8e30198b0fbb:192.168.157.236:39328], old=null
2019-10-15 03:47:04,318 [pool-403-thread-1] INFO  impl.RaftServerImpl (RaftServerImpl.java:setRole(170)) - 7acefc03-bfe6-43d1-a874-8e30198b0fbb@group-435BB9ADD02E: changes role from      null to FOLLOWER at term 0 for startAsFollower
2019-10-15 03:47:04,318 [pool-403-thread-1] INFO  impl.RoleInfo (RoleInfo.java:updateAndGet(143)) - 7acefc03-bfe6-43d1-a874-8e30198b0fbb: start FollowerState
2019-10-15 03:47:04,318 [pool-403-thread-1] INFO  util.JmxRegister (JmxRegister.java:tryRegister(44)) - Successfully registered JMX Bean with object name Ratis:service=RaftServer,group=group-435BB9ADD02E,id=7acefc03-bfe6-43d1-a874-8e30198b0fbb
2019-10-15 03:47:04,321 [RatisPipelineUtilsThread] INFO  pipeline.PipelineStateManager (PipelineStateManager.java:addPipeline(56)) - Created pipeline Pipeline[ Id: 47c847d8-e5dc-4ee3-be25-435bb9add02e, Nodes: 7acefc03-bfe6-43d1-a874-8e30198b0fbb{ip: 192.168.157.236, host: pr-hdds-2278-dv8k5-3424803466, networkLocation: /default-rack, certSerialId: null}, Type:RATIS, Factor:ONE, State:OPEN]
2019-10-15 03:47:04,329 [grpc-default-executor-6] INFO  impl.RaftServerProxy (RaftServerProxy.java:addNew(89)) - d97f7fe5-0dca-42f9-9a49-18c0e60a1798: addNew group-7A16415FCDC3:[d97f7fe5-0dca-42f9-9a49-18c0e60a1798:192.168.157.236:44231] returns group-7A16415FCDC3:java.util.concurrent.CompletableFuture@71430429[Not completed]
2019-10-15 03:47:04,330 [pool-413-thread-1] INFO  impl.RaftServerImpl (RaftServerImpl.java:<init>(95)) - d97f7fe5-0dca-42f9-9a49-18c0e60a1798: new RaftServerImpl for group-7A16415FCDC3:[d97f7fe5-0dca-42f9-9a49-18c0e60a1798:192.168.157.236:44231] with ContainerStateMachine:uninitialized
2019-10-15 03:47:04,330 [pool-413-thread-1] INFO  server.RaftServerConfigKeys (ConfUtils.java:logGet(43)) - raft.server.rpc.timeout.min = 5s (custom)
2019-10-15 03:47:04,330 [pool-413-thread-1] INFO  server.RaftServerConfigKeys (ConfUtils.java:logGet(43)) - raft.server.rpc.timeout.max = 5200ms (custom)
2019-10-15 03:47:04,330 [pool-413-thread-1] INFO  server.RaftServerConfigKeys (ConfUtils.java:logGet(43)) - raft.server.rpcslowness.timeout = 120s (custom)
2019-10-15 03:47:04,330 [pool-413-thread-1] INFO  server.RaftServerConfigKeys (ConfUtils.java:logGet(43)) - raft.server.sleep.deviation.threshold = 300 (default)
2019-10-15 03:47:04,330 [pool-413-thread-1] INFO  server.RaftServerConfigKeys (ConfUtils.java:logGet(43)) - raft.server.log.appender.install.snapshot.enabled = false (custom)
2019-10-15 03:47:04,330 [pool-413-thread-1] INFO  impl.RaftServerImpl (ServerState.java:<init>(103)) - d97f7fe5-0dca-42f9-9a49-18c0e60a1798@group-7A16415FCDC3: ConfigurationManager, init=-1: [d97f7fe5-0dca-42f9-9a49-18c0e60a1798:192.168.157.236:44231], old=null, confs=<EMPTY_MAP>
2019-10-15 03:47:04,330 [pool-413-thread-1] INFO  server.RaftServerConfigKeys (ConfUtils.java:logGet(43)) - raft.server.storage.dir = [/workdir/hadoop-ozone/integration-test/target/test-dir/MiniOzoneClusterImpl-14e02325-d020-4b03-9219-3bf7a6491ac8/datanode-3/data/ratis] (custom)
2019-10-15 03:47:04,330 [pool-413-thread-1] INFO  server.RaftServerConfigKeys (ConfUtils.java:logGet(43)) - raft.server.log.corruption.policy = EXCEPTION (default)
2019-10-15 03:47:04,330 [pool-413-thread-1] INFO  storage.RaftStorageDirectory (RaftStorageDirectory.java:analyzeStorage(246)) - The storage directory /workdir/hadoop-ozone/integration-test/target/test-dir/MiniOzoneClusterImpl-14e02325-d020-4b03-9219-3bf7a6491ac8/datanode-3/data/ratis/e981ba8f-a457-4eca-b51b-7a16415fcdc3 does not exist. Creating ...
2019-10-15 03:47:04,354 [pool-413-thread-1] INFO  storage.RaftStorageDirectory (RaftStorageDirectory.java:tryLock(328)) - Lock on /workdir/hadoop-ozone/integration-test/target/test-dir/MiniOzoneClusterImpl-14e02325-d020-4b03-9219-3bf7a6491ac8/datanode-3/data/ratis/e981ba8f-a457-4eca-b51b-7a16415fcdc3/in_use.lock acquired by nodename 4337@pr-hdds-2278-dv8k5-3424803466
2019-10-15 03:47:04,357 [IPC Server handler 5 on 35906] INFO  net.NetworkTopology (NetworkTopologyImpl.java:add(111)) - Added a new node: /default-rack/04a41960-4c74-4c0c-8a88-98148ffd280d
2019-10-15 03:47:04,358 [IPC Server handler 5 on 35906] INFO  node.SCMNodeManager (SCMNodeManager.java:register(268)) - Registered Data node : 04a41960-4c74-4c0c-8a88-98148ffd280d{ip: 192.168.157.236, host: pr-hdds-2278-dv8k5-3424803466, networkLocation: /default-rack, certSerialId: null}
2019-10-15 03:47:04,380 [pool-413-thread-1] INFO  storage.RaftStorage (RaftStorage.java:format(84)) - Storage directory /workdir/hadoop-ozone/integration-test/target/test-dir/MiniOzoneClusterImpl-14e02325-d020-4b03-9219-3bf7a6491ac8/datanode-3/data/ratis/e981ba8f-a457-4eca-b51b-7a16415fcdc3 has been successfully formatted.
2019-10-15 03:47:04,380 [pool-413-thread-1] INFO  ratis.ContainerStateMachine (ContainerStateMachine.java:loadSnapshot(231)) - group-7A16415FCDC3: The snapshot info is null. Setting the last applied indexto:(t:0, i:~)
2019-10-15 03:47:04,380 [pool-413-thread-1] INFO  server.RaftServerConfigKeys (ConfUtils.java:logGet(43)) - raft.server.notification.no-leader.timeout = 120s (custom)
2019-10-15 03:47:04,380 [pool-413-thread-1] INFO  server.RaftServerConfigKeys (ConfUtils.java:logGet(43)) - raft.server.log.use.memory = false (default)
2019-10-15 03:47:04,380 [pool-413-thread-1] INFO  server.RaftServerConfigKeys (ConfUtils.java:logGet(43)) - raft.server.log.purge.gap = 1000000 (custom)
2019-10-15 03:47:04,380 [pool-413-thread-1] INFO  server.RaftServerConfigKeys (ConfUtils.java:logGet(43)) - raft.server.log.appender.buffer.byte-limit = 33554432 (custom)
2019-10-15 03:47:04,381 [pool-413-thread-1] INFO  server.RaftServerConfigKeys (ConfUtils.java:logGet(43)) - raft.server.log.segment.size.max = 1048576 (custom)
2019-10-15 03:47:04,382 [pool-413-thread-1] INFO  server.RaftServerConfigKeys (ConfUtils.java:logGet(43)) - raft.server.log.segment.cache.num.max = 2 (custom)
2019-10-15 03:47:04,382 [pool-413-thread-1] INFO  segmented.SegmentedRaftLogWorker (SegmentedRaftLogWorker.java:<init>(173)) - new d97f7fe5-0dca-42f9-9a49-18c0e60a1798@group-7A16415FCDC3-SegmentedRaftLogWorker for RaftStorage:Storage Directory /workdir/hadoop-ozone/integration-test/target/test-dir/MiniOzoneClusterImpl-14e02325-d020-4b03-9219-3bf7a6491ac8/datanode-3/data/ratis/e981ba8f-a457-4eca-b51b-7a16415fcdc3
2019-10-15 03:47:04,382 [pool-413-thread-1] INFO  server.RaftServerConfigKeys (ConfUtils.java:logGet(43)) - raft.server.log.queue.byte-limit = 2147483647 (custom)
2019-10-15 03:47:04,383 [pool-413-thread-1] INFO  server.RaftServerConfigKeys (ConfUtils.java:logGet(43)) - raft.server.log.queue.element-limit = 1024 (custom)
2019-10-15 03:47:04,383 [pool-413-thread-1] INFO  server.RaftServerConfigKeys (ConfUtils.java:logGet(43)) - raft.server.log.segment.size.max = 1048576 (custom)
2019-10-15 03:47:04,383 [pool-413-thread-1] INFO  server.RaftServerConfigKeys (ConfUtils.java:logGet(43)) - raft.server.log.preallocated.size = 16384 (custom)
2019-10-15 03:47:04,383 [pool-413-thread-1] INFO  server.RaftServerConfigKeys (ConfUtils.java:logGet(43)) - raft.server.log.write.buffer.size = 33554432 (custom)
2019-10-15 03:47:04,383 [pool-413-thread-1] INFO  server.RaftServerConfigKeys (ConfUtils.java:logGet(43)) - raft.server.log.force.sync.num = 128 (default)
2019-10-15 03:47:04,383 [pool-413-thread-1] INFO  server.RaftServerConfigKeys (ConfUtils.java:logGet(43)) - raft.server.log.statemachine.data.sync = true (default)
2019-10-15 03:47:04,383 [pool-413-thread-1] INFO  server.RaftServerConfigKeys (ConfUtils.java:logGet(43)) - raft.server.log.statemachine.data.sync.timeout = 10s (default)
2019-10-15 03:47:04,384 [pool-413-thread-1] INFO  server.RaftServerConfigKeys (ConfUtils.java:logGet(43)) - raft.server.log.statemachine.data.sync.timeout.retry = -1 (default)
2019-10-15 03:47:04,384 [pool-413-thread-1] INFO  server.RaftServerConfigKeys (ConfUtils.java:logGet(43)) - raft.server.log.statemachine.data.caching.enabled = true (custom)
2019-10-15 03:47:04,384 [pool-413-thread-1] INFO  segmented.SegmentedRaftLogWorker (SegmentedRaftLogWorker.java:lambda$new$0(128)) - d97f7fe5-0dca-42f9-9a49-18c0e60a1798@group-7A16415FCDC3-SegmentedRaftLogWorker: flushIndex: setUnconditionally 0 -> -1
2019-10-15 03:47:04,385 [pool-413-thread-1] INFO  server.RaftServerConfigKeys (ConfUtils.java:logGet(43)) - raft.server.snapshot.auto.trigger.enabled = true (custom)
2019-10-15 03:47:04,385 [pool-413-thread-1] INFO  server.RaftServerConfigKeys (ConfUtils.java:logGet(43)) - raft.server.snapshot.auto.trigger.threshold = 10000 (custom)
2019-10-15 03:47:04,385 [pool-413-thread-1] INFO  server.RaftServerConfigKeys (ConfUtils.java:logGet(43)) - raft.server.snapshot.retention.file.num = 5 (custom)
2019-10-15 03:47:04,385 [pool-413-thread-1] INFO  server.RaftServerConfigKeys (ConfUtils.java:logGet(43)) - raft.server.retrycache.expirytime = 600000ms (custom)
2019-10-15 03:47:04,387 [pool-413-thread-1] INFO  impl.RaftServerImpl (RaftServerImpl.java:start(181)) - d97f7fe5-0dca-42f9-9a49-18c0e60a1798@group-7A16415FCDC3: start as a follower, conf=-1: [d97f7fe5-0dca-42f9-9a49-18c0e60a1798:192.168.157.236:44231], old=null
2019-10-15 03:47:04,387 [pool-413-thread-1] INFO  impl.RaftServerImpl (RaftServerImpl.java:setRole(170)) - d97f7fe5-0dca-42f9-9a49-18c0e60a1798@group-7A16415FCDC3: changes role from      null to FOLLOWER at term 0 for startAsFollower
2019-10-15 03:47:04,387 [pool-413-thread-1] INFO  impl.RoleInfo (RoleInfo.java:updateAndGet(143)) - d97f7fe5-0dca-42f9-9a49-18c0e60a1798: start FollowerState
2019-10-15 03:47:04,387 [pool-413-thread-1] INFO  util.JmxRegister (JmxRegister.java:tryRegister(44)) - Successfully registered JMX Bean with object name Ratis:service=RaftServer,group=group-7A16415FCDC3,id=d97f7fe5-0dca-42f9-9a49-18c0e60a1798
2019-10-15 03:47:04,391 [RatisPipelineUtilsThread] INFO  pipeline.PipelineStateManager (PipelineStateManager.java:addPipeline(56)) - Created pipeline Pipeline[ Id: e981ba8f-a457-4eca-b51b-7a16415fcdc3, Nodes: d97f7fe5-0dca-42f9-9a49-18c0e60a1798{ip: 192.168.157.236, host: pr-hdds-2278-dv8k5-3424803466, networkLocation: /default-rack, certSerialId: null}, Type:RATIS, Factor:ONE, State:OPEN]
2019-10-15 03:47:04,397 [grpc-default-executor-6] INFO  impl.RaftServerProxy (RaftServerProxy.java:addNew(89)) - 04a41960-4c74-4c0c-8a88-98148ffd280d: addNew group-94B4E5688B0F:[04a41960-4c74-4c0c-8a88-98148ffd280d:192.168.157.236:38565] returns group-94B4E5688B0F:java.util.concurrent.CompletableFuture@79aec9f8[Not completed]
2019-10-15 03:47:04,399 [pool-423-thread-1] INFO  impl.RaftServerImpl (RaftServerImpl.java:<init>(95)) - 04a41960-4c74-4c0c-8a88-98148ffd280d: new RaftServerImpl for group-94B4E5688B0F:[04a41960-4c74-4c0c-8a88-98148ffd280d:192.168.157.236:38565] with ContainerStateMachine:uninitialized
2019-10-15 03:47:04,399 [pool-423-thread-1] INFO  server.RaftServerConfigKeys (ConfUtils.java:logGet(43)) - raft.server.rpc.timeout.min = 5s (custom)
2019-10-15 03:47:04,399 [pool-423-thread-1] INFO  server.RaftServerConfigKeys (ConfUtils.java:logGet(43)) - raft.server.rpc.timeout.max = 5200ms (custom)
2019-10-15 03:47:04,399 [pool-423-thread-1] INFO  server.RaftServerConfigKeys (ConfUtils.java:logGet(43)) - raft.server.rpcslowness.timeout = 120s (custom)
2019-10-15 03:47:04,400 [pool-423-thread-1] INFO  server.RaftServerConfigKeys (ConfUtils.java:logGet(43)) - raft.server.sleep.deviation.threshold = 300 (default)
2019-10-15 03:47:04,400 [pool-423-thread-1] INFO  server.RaftServerConfigKeys (ConfUtils.java:logGet(43)) - raft.server.log.appender.install.snapshot.enabled = false (custom)
2019-10-15 03:47:04,400 [pool-423-thread-1] INFO  impl.RaftServerImpl (ServerState.java:<init>(103)) - 04a41960-4c74-4c0c-8a88-98148ffd280d@group-94B4E5688B0F: ConfigurationManager, init=-1: [04a41960-4c74-4c0c-8a88-98148ffd280d:192.168.157.236:38565], old=null, confs=<EMPTY_MAP>
2019-10-15 03:47:04,400 [pool-423-thread-1] INFO  server.RaftServerConfigKeys (ConfUtils.java:logGet(43)) - raft.server.storage.dir = [/workdir/hadoop-ozone/integration-test/target/test-dir/MiniOzoneClusterImpl-14e02325-d020-4b03-9219-3bf7a6491ac8/datanode-4/data/ratis] (custom)
2019-10-15 03:47:04,400 [pool-423-thread-1] INFO  server.RaftServerConfigKeys (ConfUtils.java:logGet(43)) - raft.server.log.corruption.policy = EXCEPTION (default)
2019-10-15 03:47:04,401 [pool-423-thread-1] INFO  storage.RaftStorageDirectory (RaftStorageDirectory.java:analyzeStorage(246)) - The storage directory /workdir/hadoop-ozone/integration-test/target/test-dir/MiniOzoneClusterImpl-14e02325-d020-4b03-9219-3bf7a6491ac8/datanode-4/data/ratis/11f3f6ac-5a41-4517-85fe-94b4e5688b0f does not exist. Creating ...
2019-10-15 03:47:04,420 [IPC Server handler 4 on 35906] INFO  net.NetworkTopology (NetworkTopologyImpl.java:add(111)) - Added a new node: /default-rack/ca9a59ac-bda1-4176-abf7-2f7d9f4cd8f3
2019-10-15 03:47:04,420 [IPC Server handler 4 on 35906] INFO  node.SCMNodeManager (SCMNodeManager.java:register(268)) - Registered Data node : ca9a59ac-bda1-4176-abf7-2f7d9f4cd8f3{ip: 192.168.157.236, host: pr-hdds-2278-dv8k5-3424803466, networkLocation: /default-rack, certSerialId: null}
2019-10-15 03:47:04,430 [pool-423-thread-1] INFO  storage.RaftStorageDirectory (RaftStorageDirectory.java:tryLock(328)) - Lock on /workdir/hadoop-ozone/integration-test/target/test-dir/MiniOzoneClusterImpl-14e02325-d020-4b03-9219-3bf7a6491ac8/datanode-4/data/ratis/11f3f6ac-5a41-4517-85fe-94b4e5688b0f/in_use.lock acquired by nodename 4337@pr-hdds-2278-dv8k5-3424803466
2019-10-15 03:47:04,456 [pool-423-thread-1] INFO  storage.RaftStorage (RaftStorage.java:format(84)) - Storage directory /workdir/hadoop-ozone/integration-test/target/test-dir/MiniOzoneClusterImpl-14e02325-d020-4b03-9219-3bf7a6491ac8/datanode-4/data/ratis/11f3f6ac-5a41-4517-85fe-94b4e5688b0f has been successfully formatted.
2019-10-15 03:47:04,456 [pool-423-thread-1] INFO  ratis.ContainerStateMachine (ContainerStateMachine.java:loadSnapshot(231)) - group-94B4E5688B0F: The snapshot info is null. Setting the last applied indexto:(t:0, i:~)
2019-10-15 03:47:04,456 [pool-423-thread-1] INFO  server.RaftServerConfigKeys (ConfUtils.java:logGet(43)) - raft.server.notification.no-leader.timeout = 120s (custom)
2019-10-15 03:47:04,456 [pool-423-thread-1] INFO  server.RaftServerConfigKeys (ConfUtils.java:logGet(43)) - raft.server.log.use.memory = false (default)
2019-10-15 03:47:04,456 [pool-423-thread-1] INFO  server.RaftServerConfigKeys (ConfUtils.java:logGet(43)) - raft.server.log.purge.gap = 1000000 (custom)
2019-10-15 03:47:04,457 [pool-423-thread-1] INFO  server.RaftServerConfigKeys (ConfUtils.java:logGet(43)) - raft.server.log.appender.buffer.byte-limit = 33554432 (custom)
2019-10-15 03:47:04,457 [pool-423-thread-1] INFO  server.RaftServerConfigKeys (ConfUtils.java:logGet(43)) - raft.server.log.segment.size.max = 1048576 (custom)
2019-10-15 03:47:04,458 [pool-423-thread-1] INFO  server.RaftServerConfigKeys (ConfUtils.java:logGet(43)) - raft.server.log.segment.cache.num.max = 2 (custom)
2019-10-15 03:47:04,458 [pool-423-thread-1] INFO  segmented.SegmentedRaftLogWorker (SegmentedRaftLogWorker.java:<init>(173)) - new 04a41960-4c74-4c0c-8a88-98148ffd280d@group-94B4E5688B0F-SegmentedRaftLogWorker for RaftStorage:Storage Directory /workdir/hadoop-ozone/integration-test/target/test-dir/MiniOzoneClusterImpl-14e02325-d020-4b03-9219-3bf7a6491ac8/datanode-4/data/ratis/11f3f6ac-5a41-4517-85fe-94b4e5688b0f
2019-10-15 03:47:04,459 [pool-423-thread-1] INFO  server.RaftServerConfigKeys (ConfUtils.java:logGet(43)) - raft.server.log.queue.byte-limit = 2147483647 (custom)
2019-10-15 03:47:04,459 [pool-423-thread-1] INFO  server.RaftServerConfigKeys (ConfUtils.java:logGet(43)) - raft.server.log.queue.element-limit = 1024 (custom)
2019-10-15 03:47:04,459 [pool-423-thread-1] INFO  server.RaftServerConfigKeys (ConfUtils.java:logGet(43)) - raft.server.log.segment.size.max = 1048576 (custom)
2019-10-15 03:47:04,459 [pool-423-thread-1] INFO  server.RaftServerConfigKeys (ConfUtils.java:logGet(43)) - raft.server.log.preallocated.size = 16384 (custom)
2019-10-15 03:47:04,459 [pool-423-thread-1] INFO  server.RaftServerConfigKeys (ConfUtils.java:logGet(43)) - raft.server.log.write.buffer.size = 33554432 (custom)
2019-10-15 03:47:04,459 [pool-423-thread-1] INFO  server.RaftServerConfigKeys (ConfUtils.java:logGet(43)) - raft.server.log.force.sync.num = 128 (default)
2019-10-15 03:47:04,460 [pool-423-thread-1] INFO  server.RaftServerConfigKeys (ConfUtils.java:logGet(43)) - raft.server.log.statemachine.data.sync = true (default)
2019-10-15 03:47:04,460 [pool-423-thread-1] INFO  server.RaftServerConfigKeys (ConfUtils.java:logGet(43)) - raft.server.log.statemachine.data.sync.timeout = 10s (default)
2019-10-15 03:47:04,460 [pool-423-thread-1] INFO  server.RaftServerConfigKeys (ConfUtils.java:logGet(43)) - raft.server.log.statemachine.data.sync.timeout.retry = -1 (default)
2019-10-15 03:47:04,460 [pool-423-thread-1] INFO  server.RaftServerConfigKeys (ConfUtils.java:logGet(43)) - raft.server.log.statemachine.data.caching.enabled = true (custom)
2019-10-15 03:47:04,461 [pool-423-thread-1] INFO  segmented.SegmentedRaftLogWorker (SegmentedRaftLogWorker.java:lambda$new$0(128)) - 04a41960-4c74-4c0c-8a88-98148ffd280d@group-94B4E5688B0F-SegmentedRaftLogWorker: flushIndex: setUnconditionally 0 -> -1
2019-10-15 03:47:04,461 [pool-423-thread-1] INFO  server.RaftServerConfigKeys (ConfUtils.java:logGet(43)) - raft.server.snapshot.auto.trigger.enabled = true (custom)
2019-10-15 03:47:04,461 [pool-423-thread-1] INFO  server.RaftServerConfigKeys (ConfUtils.java:logGet(43)) - raft.server.snapshot.auto.trigger.threshold = 10000 (custom)
2019-10-15 03:47:04,461 [pool-423-thread-1] INFO  server.RaftServerConfigKeys (ConfUtils.java:logGet(43)) - raft.server.snapshot.retention.file.num = 5 (custom)
2019-10-15 03:47:04,461 [pool-423-thread-1] INFO  server.RaftServerConfigKeys (ConfUtils.java:logGet(43)) - raft.server.retrycache.expirytime = 600000ms (custom)
2019-10-15 03:47:04,463 [pool-423-thread-1] INFO  impl.RaftServerImpl (RaftServerImpl.java:start(181)) - 04a41960-4c74-4c0c-8a88-98148ffd280d@group-94B4E5688B0F: start as a follower, conf=-1: [04a41960-4c74-4c0c-8a88-98148ffd280d:192.168.157.236:38565], old=null
2019-10-15 03:47:04,463 [pool-423-thread-1] INFO  impl.RaftServerImpl (RaftServerImpl.java:setRole(170)) - 04a41960-4c74-4c0c-8a88-98148ffd280d@group-94B4E5688B0F: changes role from      null to FOLLOWER at term 0 for startAsFollower
2019-10-15 03:47:04,463 [pool-423-thread-1] INFO  impl.RoleInfo (RoleInfo.java:updateAndGet(143)) - 04a41960-4c74-4c0c-8a88-98148ffd280d: start FollowerState
2019-10-15 03:47:04,464 [pool-423-thread-1] INFO  util.JmxRegister (JmxRegister.java:tryRegister(44)) - Successfully registered JMX Bean with object name Ratis:service=RaftServer,group=group-94B4E5688B0F,id=04a41960-4c74-4c0c-8a88-98148ffd280d
2019-10-15 03:47:04,468 [RatisPipelineUtilsThread] INFO  pipeline.PipelineStateManager (PipelineStateManager.java:addPipeline(56)) - Created pipeline Pipeline[ Id: 11f3f6ac-5a41-4517-85fe-94b4e5688b0f, Nodes: 04a41960-4c74-4c0c-8a88-98148ffd280d{ip: 192.168.157.236, host: pr-hdds-2278-dv8k5-3424803466, networkLocation: /default-rack, certSerialId: null}, Type:RATIS, Factor:ONE, State:OPEN]
2019-10-15 03:47:04,475 [grpc-default-executor-6] INFO  impl.RaftServerProxy (RaftServerProxy.java:addNew(89)) - ca9a59ac-bda1-4176-abf7-2f7d9f4cd8f3: addNew group-87120075C977:[ca9a59ac-bda1-4176-abf7-2f7d9f4cd8f3:192.168.157.236:32915] returns group-87120075C977:java.util.concurrent.CompletableFuture@5115cb82[Not completed]
2019-10-15 03:47:04,476 [pool-433-thread-1] INFO  impl.RaftServerImpl (RaftServerImpl.java:<init>(95)) - ca9a59ac-bda1-4176-abf7-2f7d9f4cd8f3: new RaftServerImpl for group-87120075C977:[ca9a59ac-bda1-4176-abf7-2f7d9f4cd8f3:192.168.157.236:32915] with ContainerStateMachine:uninitialized
2019-10-15 03:47:04,477 [pool-433-thread-1] INFO  server.RaftServerConfigKeys (ConfUtils.java:logGet(43)) - raft.server.rpc.timeout.min = 5s (custom)
2019-10-15 03:47:04,477 [pool-433-thread-1] INFO  server.RaftServerConfigKeys (ConfUtils.java:logGet(43)) - raft.server.rpc.timeout.max = 5200ms (custom)
2019-10-15 03:47:04,477 [pool-433-thread-1] INFO  server.RaftServerConfigKeys (ConfUtils.java:logGet(43)) - raft.server.rpcslowness.timeout = 120s (custom)
2019-10-15 03:47:04,477 [pool-433-thread-1] INFO  server.RaftServerConfigKeys (ConfUtils.java:logGet(43)) - raft.server.sleep.deviation.threshold = 300 (default)
2019-10-15 03:47:04,477 [pool-433-thread-1] INFO  server.RaftServerConfigKeys (ConfUtils.java:logGet(43)) - raft.server.log.appender.install.snapshot.enabled = false (custom)
2019-10-15 03:47:04,477 [pool-433-thread-1] INFO  impl.RaftServerImpl (ServerState.java:<init>(103)) - ca9a59ac-bda1-4176-abf7-2f7d9f4cd8f3@group-87120075C977: ConfigurationManager, init=-1: [ca9a59ac-bda1-4176-abf7-2f7d9f4cd8f3:192.168.157.236:32915], old=null, confs=<EMPTY_MAP>
2019-10-15 03:47:04,477 [pool-433-thread-1] INFO  server.RaftServerConfigKeys (ConfUtils.java:logGet(43)) - raft.server.storage.dir = [/workdir/hadoop-ozone/integration-test/target/test-dir/MiniOzoneClusterImpl-14e02325-d020-4b03-9219-3bf7a6491ac8/datanode-5/data/ratis] (custom)
2019-10-15 03:47:04,478 [pool-433-thread-1] INFO  server.RaftServerConfigKeys (ConfUtils.java:logGet(43)) - raft.server.log.corruption.policy = EXCEPTION (default)
2019-10-15 03:47:04,478 [pool-433-thread-1] INFO  storage.RaftStorageDirectory (RaftStorageDirectory.java:analyzeStorage(246)) - The storage directory /workdir/hadoop-ozone/integration-test/target/test-dir/MiniOzoneClusterImpl-14e02325-d020-4b03-9219-3bf7a6491ac8/datanode-5/data/ratis/861380bd-b3f3-4fe6-aca0-87120075c977 does not exist. Creating ...
2019-10-15 03:47:04,487 [main] INFO  ozone.MiniOzoneClusterImpl (MiniOzoneClusterImpl.java:lambda$waitForClusterToBeReady$0(147)) - Waiting for cluster to be ready. Got 6 of 7 DN Heartbeats.
2019-10-15 03:47:04,488 [IPC Server handler 3 on 35906] INFO  net.NetworkTopology (NetworkTopologyImpl.java:add(111)) - Added a new node: /default-rack/314665fc-2bb1-4b52-b3c5-0d81dc3c49e5
2019-10-15 03:47:04,488 [IPC Server handler 3 on 35906] INFO  node.SCMNodeManager (SCMNodeManager.java:register(268)) - Registered Data node : 314665fc-2bb1-4b52-b3c5-0d81dc3c49e5{ip: 192.168.157.236, host: pr-hdds-2278-dv8k5-3424803466, networkLocation: /default-rack, certSerialId: null}
2019-10-15 03:47:04,506 [pool-433-thread-1] INFO  storage.RaftStorageDirectory (RaftStorageDirectory.java:tryLock(328)) - Lock on /workdir/hadoop-ozone/integration-test/target/test-dir/MiniOzoneClusterImpl-14e02325-d020-4b03-9219-3bf7a6491ac8/datanode-5/data/ratis/861380bd-b3f3-4fe6-aca0-87120075c977/in_use.lock acquired by nodename 4337@pr-hdds-2278-dv8k5-3424803466
2019-10-15 03:47:04,531 [pool-433-thread-1] INFO  storage.RaftStorage (RaftStorage.java:format(84)) - Storage directory /workdir/hadoop-ozone/integration-test/target/test-dir/MiniOzoneClusterImpl-14e02325-d020-4b03-9219-3bf7a6491ac8/datanode-5/data/ratis/861380bd-b3f3-4fe6-aca0-87120075c977 has been successfully formatted.
2019-10-15 03:47:04,532 [pool-433-thread-1] INFO  ratis.ContainerStateMachine (ContainerStateMachine.java:loadSnapshot(231)) - group-87120075C977: The snapshot info is null. Setting the last applied indexto:(t:0, i:~)
2019-10-15 03:47:04,532 [pool-433-thread-1] INFO  server.RaftServerConfigKeys (ConfUtils.java:logGet(43)) - raft.server.notification.no-leader.timeout = 120s (custom)
2019-10-15 03:47:04,532 [pool-433-thread-1] INFO  server.RaftServerConfigKeys (ConfUtils.java:logGet(43)) - raft.server.log.use.memory = false (default)
2019-10-15 03:47:04,532 [pool-433-thread-1] INFO  server.RaftServerConfigKeys (ConfUtils.java:logGet(43)) - raft.server.log.purge.gap = 1000000 (custom)
2019-10-15 03:47:04,532 [pool-433-thread-1] INFO  server.RaftServerConfigKeys (ConfUtils.java:logGet(43)) - raft.server.log.appender.buffer.byte-limit = 33554432 (custom)
2019-10-15 03:47:04,532 [pool-433-thread-1] INFO  server.RaftServerConfigKeys (ConfUtils.java:logGet(43)) - raft.server.log.segment.size.max = 1048576 (custom)
2019-10-15 03:47:04,534 [pool-433-thread-1] INFO  server.RaftServerConfigKeys (ConfUtils.java:logGet(43)) - raft.server.log.segment.cache.num.max = 2 (custom)
2019-10-15 03:47:04,534 [pool-433-thread-1] INFO  segmented.SegmentedRaftLogWorker (SegmentedRaftLogWorker.java:<init>(173)) - new ca9a59ac-bda1-4176-abf7-2f7d9f4cd8f3@group-87120075C977-SegmentedRaftLogWorker for RaftStorage:Storage Directory /workdir/hadoop-ozone/integration-test/target/test-dir/MiniOzoneClusterImpl-14e02325-d020-4b03-9219-3bf7a6491ac8/datanode-5/data/ratis/861380bd-b3f3-4fe6-aca0-87120075c977
2019-10-15 03:47:04,534 [pool-433-thread-1] INFO  server.RaftServerConfigKeys (ConfUtils.java:logGet(43)) - raft.server.log.queue.byte-limit = 2147483647 (custom)
2019-10-15 03:47:04,534 [pool-433-thread-1] INFO  server.RaftServerConfigKeys (ConfUtils.java:logGet(43)) - raft.server.log.queue.element-limit = 1024 (custom)
2019-10-15 03:47:04,535 [pool-433-thread-1] INFO  server.RaftServerConfigKeys (ConfUtils.java:logGet(43)) - raft.server.log.segment.size.max = 1048576 (custom)
2019-10-15 03:47:04,535 [pool-433-thread-1] INFO  server.RaftServerConfigKeys (ConfUtils.java:logGet(43)) - raft.server.log.preallocated.size = 16384 (custom)
2019-10-15 03:47:04,535 [pool-433-thread-1] INFO  server.RaftServerConfigKeys (ConfUtils.java:logGet(43)) - raft.server.log.write.buffer.size = 33554432 (custom)
2019-10-15 03:47:04,535 [pool-433-thread-1] INFO  server.RaftServerConfigKeys (ConfUtils.java:logGet(43)) - raft.server.log.force.sync.num = 128 (default)
2019-10-15 03:47:04,535 [pool-433-thread-1] INFO  server.RaftServerConfigKeys (ConfUtils.java:logGet(43)) - raft.server.log.statemachine.data.sync = true (default)
2019-10-15 03:47:04,535 [pool-433-thread-1] INFO  server.RaftServerConfigKeys (ConfUtils.java:logGet(43)) - raft.server.log.statemachine.data.sync.timeout = 10s (default)
2019-10-15 03:47:04,535 [pool-433-thread-1] INFO  server.RaftServerConfigKeys (ConfUtils.java:logGet(43)) - raft.server.log.statemachine.data.sync.timeout.retry = -1 (default)
2019-10-15 03:47:04,536 [pool-433-thread-1] INFO  server.RaftServerConfigKeys (ConfUtils.java:logGet(43)) - raft.server.log.statemachine.data.caching.enabled = true (custom)
2019-10-15 03:47:04,536 [pool-433-thread-1] INFO  segmented.SegmentedRaftLogWorker (SegmentedRaftLogWorker.java:lambda$new$0(128)) - ca9a59ac-bda1-4176-abf7-2f7d9f4cd8f3@group-87120075C977-SegmentedRaftLogWorker: flushIndex: setUnconditionally 0 -> -1
2019-10-15 03:47:04,536 [pool-433-thread-1] INFO  server.RaftServerConfigKeys (ConfUtils.java:logGet(43)) - raft.server.snapshot.auto.trigger.enabled = true (custom)
2019-10-15 03:47:04,537 [pool-433-thread-1] INFO  server.RaftServerConfigKeys (ConfUtils.java:logGet(43)) - raft.server.snapshot.auto.trigger.threshold = 10000 (custom)
2019-10-15 03:47:04,537 [pool-433-thread-1] INFO  server.RaftServerConfigKeys (ConfUtils.java:logGet(43)) - raft.server.snapshot.retention.file.num = 5 (custom)
2019-10-15 03:47:04,537 [pool-433-thread-1] INFO  server.RaftServerConfigKeys (ConfUtils.java:logGet(43)) - raft.server.retrycache.expirytime = 600000ms (custom)
2019-10-15 03:47:04,539 [pool-433-thread-1] INFO  impl.RaftServerImpl (RaftServerImpl.java:start(181)) - ca9a59ac-bda1-4176-abf7-2f7d9f4cd8f3@group-87120075C977: start as a follower, conf=-1: [ca9a59ac-bda1-4176-abf7-2f7d9f4cd8f3:192.168.157.236:32915], old=null
2019-10-15 03:47:04,539 [pool-433-thread-1] INFO  impl.RaftServerImpl (RaftServerImpl.java:setRole(170)) - ca9a59ac-bda1-4176-abf7-2f7d9f4cd8f3@group-87120075C977: changes role from      null to FOLLOWER at term 0 for startAsFollower
2019-10-15 03:47:04,539 [pool-433-thread-1] INFO  impl.RoleInfo (RoleInfo.java:updateAndGet(143)) - ca9a59ac-bda1-4176-abf7-2f7d9f4cd8f3: start FollowerState
2019-10-15 03:47:04,539 [pool-433-thread-1] INFO  util.JmxRegister (JmxRegister.java:tryRegister(44)) - Successfully registered JMX Bean with object name Ratis:service=RaftServer,group=group-87120075C977,id=ca9a59ac-bda1-4176-abf7-2f7d9f4cd8f3
2019-10-15 03:47:04,543 [RatisPipelineUtilsThread] INFO  pipeline.PipelineStateManager (PipelineStateManager.java:addPipeline(56)) - Created pipeline Pipeline[ Id: 861380bd-b3f3-4fe6-aca0-87120075c977, Nodes: ca9a59ac-bda1-4176-abf7-2f7d9f4cd8f3{ip: 192.168.157.236, host: pr-hdds-2278-dv8k5-3424803466, networkLocation: /default-rack, certSerialId: null}, Type:RATIS, Factor:ONE, State:OPEN]
2019-10-15 03:47:04,552 [grpc-default-executor-6] INFO  impl.RaftServerProxy (RaftServerProxy.java:addNew(89)) - 314665fc-2bb1-4b52-b3c5-0d81dc3c49e5: addNew group-C645A7D03240:[314665fc-2bb1-4b52-b3c5-0d81dc3c49e5:192.168.157.236:34034] returns group-C645A7D03240:java.util.concurrent.CompletableFuture@7cd9f61b[Not completed]
2019-10-15 03:47:04,554 [pool-443-thread-1] INFO  impl.RaftServerImpl (RaftServerImpl.java:<init>(95)) - 314665fc-2bb1-4b52-b3c5-0d81dc3c49e5: new RaftServerImpl for group-C645A7D03240:[314665fc-2bb1-4b52-b3c5-0d81dc3c49e5:192.168.157.236:34034] with ContainerStateMachine:uninitialized
2019-10-15 03:47:04,554 [pool-443-thread-1] INFO  server.RaftServerConfigKeys (ConfUtils.java:logGet(43)) - raft.server.rpc.timeout.min = 5s (custom)
2019-10-15 03:47:04,554 [pool-443-thread-1] INFO  server.RaftServerConfigKeys (ConfUtils.java:logGet(43)) - raft.server.rpc.timeout.max = 5200ms (custom)
2019-10-15 03:47:04,554 [pool-443-thread-1] INFO  server.RaftServerConfigKeys (ConfUtils.java:logGet(43)) - raft.server.rpcslowness.timeout = 120s (custom)
2019-10-15 03:47:04,554 [pool-443-thread-1] INFO  server.RaftServerConfigKeys (ConfUtils.java:logGet(43)) - raft.server.sleep.deviation.threshold = 300 (default)
2019-10-15 03:47:04,554 [pool-443-thread-1] INFO  server.RaftServerConfigKeys (ConfUtils.java:logGet(43)) - raft.server.log.appender.install.snapshot.enabled = false (custom)
2019-10-15 03:47:04,554 [pool-443-thread-1] INFO  impl.RaftServerImpl (ServerState.java:<init>(103)) - 314665fc-2bb1-4b52-b3c5-0d81dc3c49e5@group-C645A7D03240: ConfigurationManager, init=-1: [314665fc-2bb1-4b52-b3c5-0d81dc3c49e5:192.168.157.236:34034], old=null, confs=<EMPTY_MAP>
2019-10-15 03:47:04,555 [pool-443-thread-1] INFO  server.RaftServerConfigKeys (ConfUtils.java:logGet(43)) - raft.server.storage.dir = [/workdir/hadoop-ozone/integration-test/target/test-dir/MiniOzoneClusterImpl-14e02325-d020-4b03-9219-3bf7a6491ac8/datanode-6/data/ratis] (custom)
2019-10-15 03:47:04,555 [pool-443-thread-1] INFO  server.RaftServerConfigKeys (ConfUtils.java:logGet(43)) - raft.server.log.corruption.policy = EXCEPTION (default)
2019-10-15 03:47:04,555 [pool-443-thread-1] INFO  storage.RaftStorageDirectory (RaftStorageDirectory.java:analyzeStorage(246)) - The storage directory /workdir/hadoop-ozone/integration-test/target/test-dir/MiniOzoneClusterImpl-14e02325-d020-4b03-9219-3bf7a6491ac8/datanode-6/data/ratis/30856ae7-e19d-434c-abb1-c645a7d03240 does not exist. Creating ...
2019-10-15 03:47:04,583 [pool-443-thread-1] INFO  storage.RaftStorageDirectory (RaftStorageDirectory.java:tryLock(328)) - Lock on /workdir/hadoop-ozone/integration-test/target/test-dir/MiniOzoneClusterImpl-14e02325-d020-4b03-9219-3bf7a6491ac8/datanode-6/data/ratis/30856ae7-e19d-434c-abb1-c645a7d03240/in_use.lock acquired by nodename 4337@pr-hdds-2278-dv8k5-3424803466
2019-10-15 03:47:04,608 [pool-443-thread-1] INFO  storage.RaftStorage (RaftStorage.java:format(84)) - Storage directory /workdir/hadoop-ozone/integration-test/target/test-dir/MiniOzoneClusterImpl-14e02325-d020-4b03-9219-3bf7a6491ac8/datanode-6/data/ratis/30856ae7-e19d-434c-abb1-c645a7d03240 has been successfully formatted.
2019-10-15 03:47:04,608 [pool-443-thread-1] INFO  ratis.ContainerStateMachine (ContainerStateMachine.java:loadSnapshot(231)) - group-C645A7D03240: The snapshot info is null. Setting the last applied indexto:(t:0, i:~)
2019-10-15 03:47:04,609 [pool-443-thread-1] INFO  server.RaftServerConfigKeys (ConfUtils.java:logGet(43)) - raft.server.notification.no-leader.timeout = 120s (custom)
2019-10-15 03:47:04,609 [pool-443-thread-1] INFO  server.RaftServerConfigKeys (ConfUtils.java:logGet(43)) - raft.server.log.use.memory = false (default)
2019-10-15 03:47:04,609 [pool-443-thread-1] INFO  server.RaftServerConfigKeys (ConfUtils.java:logGet(43)) - raft.server.log.purge.gap = 1000000 (custom)
2019-10-15 03:47:04,609 [pool-443-thread-1] INFO  server.RaftServerConfigKeys (ConfUtils.java:logGet(43)) - raft.server.log.appender.buffer.byte-limit = 33554432 (custom)
2019-10-15 03:47:04,609 [pool-443-thread-1] INFO  server.RaftServerConfigKeys (ConfUtils.java:logGet(43)) - raft.server.log.segment.size.max = 1048576 (custom)
2019-10-15 03:47:04,611 [pool-443-thread-1] INFO  server.RaftServerConfigKeys (ConfUtils.java:logGet(43)) - raft.server.log.segment.cache.num.max = 2 (custom)
2019-10-15 03:47:04,611 [pool-443-thread-1] INFO  segmented.SegmentedRaftLogWorker (SegmentedRaftLogWorker.java:<init>(173)) - new 314665fc-2bb1-4b52-b3c5-0d81dc3c49e5@group-C645A7D03240-SegmentedRaftLogWorker for RaftStorage:Storage Directory /workdir/hadoop-ozone/integration-test/target/test-dir/MiniOzoneClusterImpl-14e02325-d020-4b03-9219-3bf7a6491ac8/datanode-6/data/ratis/30856ae7-e19d-434c-abb1-c645a7d03240
2019-10-15 03:47:04,611 [pool-443-thread-1] INFO  server.RaftServerConfigKeys (ConfUtils.java:logGet(43)) - raft.server.log.queue.byte-limit = 2147483647 (custom)
2019-10-15 03:47:04,611 [pool-443-thread-1] INFO  server.RaftServerConfigKeys (ConfUtils.java:logGet(43)) - raft.server.log.queue.element-limit = 1024 (custom)
2019-10-15 03:47:04,611 [pool-443-thread-1] INFO  server.RaftServerConfigKeys (ConfUtils.java:logGet(43)) - raft.server.log.segment.size.max = 1048576 (custom)
2019-10-15 03:47:04,611 [pool-443-thread-1] INFO  server.RaftServerConfigKeys (ConfUtils.java:logGet(43)) - raft.server.log.preallocated.size = 16384 (custom)
2019-10-15 03:47:04,612 [pool-443-thread-1] INFO  server.RaftServerConfigKeys (ConfUtils.java:logGet(43)) - raft.server.log.write.buffer.size = 33554432 (custom)
2019-10-15 03:47:04,612 [pool-443-thread-1] INFO  server.RaftServerConfigKeys (ConfUtils.java:logGet(43)) - raft.server.log.force.sync.num = 128 (default)
2019-10-15 03:47:04,612 [pool-443-thread-1] INFO  server.RaftServerConfigKeys (ConfUtils.java:logGet(43)) - raft.server.log.statemachine.data.sync = true (default)
2019-10-15 03:47:04,612 [pool-443-thread-1] INFO  server.RaftServerConfigKeys (ConfUtils.java:logGet(43)) - raft.server.log.statemachine.data.sync.timeout = 10s (default)
2019-10-15 03:47:04,612 [pool-443-thread-1] INFO  server.RaftServerConfigKeys (ConfUtils.java:logGet(43)) - raft.server.log.statemachine.data.sync.timeout.retry = -1 (default)
2019-10-15 03:47:04,612 [pool-443-thread-1] INFO  server.RaftServerConfigKeys (ConfUtils.java:logGet(43)) - raft.server.log.statemachine.data.caching.enabled = true (custom)
2019-10-15 03:47:04,613 [pool-443-thread-1] INFO  segmented.SegmentedRaftLogWorker (SegmentedRaftLogWorker.java:lambda$new$0(128)) - 314665fc-2bb1-4b52-b3c5-0d81dc3c49e5@group-C645A7D03240-SegmentedRaftLogWorker: flushIndex: setUnconditionally 0 -> -1
2019-10-15 03:47:04,613 [pool-443-thread-1] INFO  server.RaftServerConfigKeys (ConfUtils.java:logGet(43)) - raft.server.snapshot.auto.trigger.enabled = true (custom)
2019-10-15 03:47:04,613 [pool-443-thread-1] INFO  server.RaftServerConfigKeys (ConfUtils.java:logGet(43)) - raft.server.snapshot.auto.trigger.threshold = 10000 (custom)
2019-10-15 03:47:04,613 [pool-443-thread-1] INFO  server.RaftServerConfigKeys (ConfUtils.java:logGet(43)) - raft.server.snapshot.retention.file.num = 5 (custom)
2019-10-15 03:47:04,613 [pool-443-thread-1] INFO  server.RaftServerConfigKeys (ConfUtils.java:logGet(43)) - raft.server.retrycache.expirytime = 600000ms (custom)
2019-10-15 03:47:04,615 [pool-443-thread-1] INFO  impl.RaftServerImpl (RaftServerImpl.java:start(181)) - 314665fc-2bb1-4b52-b3c5-0d81dc3c49e5@group-C645A7D03240: start as a follower, conf=-1: [314665fc-2bb1-4b52-b3c5-0d81dc3c49e5:192.168.157.236:34034], old=null
2019-10-15 03:47:04,615 [pool-443-thread-1] INFO  impl.RaftServerImpl (RaftServerImpl.java:setRole(170)) - 314665fc-2bb1-4b52-b3c5-0d81dc3c49e5@group-C645A7D03240: changes role from      null to FOLLOWER at term 0 for startAsFollower
2019-10-15 03:47:04,615 [pool-443-thread-1] INFO  impl.RoleInfo (RoleInfo.java:updateAndGet(143)) - 314665fc-2bb1-4b52-b3c5-0d81dc3c49e5: start FollowerState
2019-10-15 03:47:04,615 [pool-443-thread-1] INFO  util.JmxRegister (JmxRegister.java:tryRegister(44)) - Successfully registered JMX Bean with object name Ratis:service=RaftServer,group=group-C645A7D03240,id=314665fc-2bb1-4b52-b3c5-0d81dc3c49e5
2019-10-15 03:47:04,619 [RatisPipelineUtilsThread] INFO  pipeline.PipelineStateManager (PipelineStateManager.java:addPipeline(56)) - Created pipeline Pipeline[ Id: 30856ae7-e19d-434c-abb1-c645a7d03240, Nodes: 314665fc-2bb1-4b52-b3c5-0d81dc3c49e5{ip: 192.168.157.236, host: pr-hdds-2278-dv8k5-3424803466, networkLocation: /default-rack, certSerialId: null}, Type:RATIS, Factor:ONE, State:OPEN]
2019-10-15 03:47:04,636 [grpc-default-executor-7] INFO  impl.RaftServerProxy (RaftServerProxy.java:addNew(89)) - d97f7fe5-0dca-42f9-9a49-18c0e60a1798: addNew group-83149DB34020:[d97f7fe5-0dca-42f9-9a49-18c0e60a1798:192.168.157.236:44231, 04a41960-4c74-4c0c-8a88-98148ffd280d:192.168.157.236:38565, ca9a59ac-bda1-4176-abf7-2f7d9f4cd8f3:192.168.157.236:32915] returns group-83149DB34020:java.util.concurrent.CompletableFuture@54b8cace[Not completed]
2019-10-15 03:47:04,637 [grpc-default-executor-7] INFO  impl.RaftServerProxy (RaftServerProxy.java:addNew(89)) - ca9a59ac-bda1-4176-abf7-2f7d9f4cd8f3: addNew group-83149DB34020:[d97f7fe5-0dca-42f9-9a49-18c0e60a1798:192.168.157.236:44231, 04a41960-4c74-4c0c-8a88-98148ffd280d:192.168.157.236:38565, ca9a59ac-bda1-4176-abf7-2f7d9f4cd8f3:192.168.157.236:32915] returns group-83149DB34020:java.util.concurrent.CompletableFuture@37eaba8a[Not completed]
2019-10-15 03:47:04,637 [grpc-default-executor-3] INFO  impl.RaftServerProxy (RaftServerProxy.java:addNew(89)) - 04a41960-4c74-4c0c-8a88-98148ffd280d: addNew group-83149DB34020:[d97f7fe5-0dca-42f9-9a49-18c0e60a1798:192.168.157.236:44231, 04a41960-4c74-4c0c-8a88-98148ffd280d:192.168.157.236:38565, ca9a59ac-bda1-4176-abf7-2f7d9f4cd8f3:192.168.157.236:32915] returns group-83149DB34020:java.util.concurrent.CompletableFuture@53274bc9[Not completed]
2019-10-15 03:47:04,638 [pool-413-thread-1] INFO  impl.RaftServerImpl (RaftServerImpl.java:<init>(95)) - d97f7fe5-0dca-42f9-9a49-18c0e60a1798: new RaftServerImpl for group-83149DB34020:[d97f7fe5-0dca-42f9-9a49-18c0e60a1798:192.168.157.236:44231, 04a41960-4c74-4c0c-8a88-98148ffd280d:192.168.157.236:38565, ca9a59ac-bda1-4176-abf7-2f7d9f4cd8f3:192.168.157.236:32915] with ContainerStateMachine:uninitialized
2019-10-15 03:47:04,639 [pool-413-thread-1] INFO  server.RaftServerConfigKeys (ConfUtils.java:logGet(43)) - raft.server.rpc.timeout.min = 5s (custom)
2019-10-15 03:47:04,639 [pool-413-thread-1] INFO  server.RaftServerConfigKeys (ConfUtils.java:logGet(43)) - raft.server.rpc.timeout.max = 5200ms (custom)
2019-10-15 03:47:04,639 [pool-413-thread-1] INFO  server.RaftServerConfigKeys (ConfUtils.java:logGet(43)) - raft.server.rpcslowness.timeout = 120s (custom)
2019-10-15 03:47:04,639 [pool-413-thread-1] INFO  server.RaftServerConfigKeys (ConfUtils.java:logGet(43)) - raft.server.sleep.deviation.threshold = 300 (default)
2019-10-15 03:47:04,639 [pool-423-thread-1] INFO  impl.RaftServerImpl (RaftServerImpl.java:<init>(95)) - 04a41960-4c74-4c0c-8a88-98148ffd280d: new RaftServerImpl for group-83149DB34020:[d97f7fe5-0dca-42f9-9a49-18c0e60a1798:192.168.157.236:44231, 04a41960-4c74-4c0c-8a88-98148ffd280d:192.168.157.236:38565, ca9a59ac-bda1-4176-abf7-2f7d9f4cd8f3:192.168.157.236:32915] with ContainerStateMachine:uninitialized
2019-10-15 03:47:04,639 [pool-413-thread-1] INFO  server.RaftServerConfigKeys (ConfUtils.java:logGet(43)) - raft.server.log.appender.install.snapshot.enabled = false (custom)
2019-10-15 03:47:04,639 [pool-423-thread-1] INFO  server.RaftServerConfigKeys (ConfUtils.java:logGet(43)) - raft.server.rpc.timeout.min = 5s (custom)
2019-10-15 03:47:04,639 [pool-413-thread-1] INFO  impl.RaftServerImpl (ServerState.java:<init>(103)) - d97f7fe5-0dca-42f9-9a49-18c0e60a1798@group-83149DB34020: ConfigurationManager, init=-1: [d97f7fe5-0dca-42f9-9a49-18c0e60a1798:192.168.157.236:44231, 04a41960-4c74-4c0c-8a88-98148ffd280d:192.168.157.236:38565, ca9a59ac-bda1-4176-abf7-2f7d9f4cd8f3:192.168.157.236:32915], old=null, confs=<EMPTY_MAP>
2019-10-15 03:47:04,640 [pool-423-thread-1] INFO  server.RaftServerConfigKeys (ConfUtils.java:logGet(43)) - raft.server.rpc.timeout.max = 5200ms (custom)
2019-10-15 03:47:04,640 [pool-413-thread-1] INFO  server.RaftServerConfigKeys (ConfUtils.java:logGet(43)) - raft.server.storage.dir = [/workdir/hadoop-ozone/integration-test/target/test-dir/MiniOzoneClusterImpl-14e02325-d020-4b03-9219-3bf7a6491ac8/datanode-3/data/ratis] (custom)
2019-10-15 03:47:04,640 [pool-423-thread-1] INFO  server.RaftServerConfigKeys (ConfUtils.java:logGet(43)) - raft.server.rpcslowness.timeout = 120s (custom)
2019-10-15 03:47:04,640 [pool-423-thread-1] INFO  server.RaftServerConfigKeys (ConfUtils.java:logGet(43)) - raft.server.sleep.deviation.threshold = 300 (default)
2019-10-15 03:47:04,640 [pool-413-thread-1] INFO  server.RaftServerConfigKeys (ConfUtils.java:logGet(43)) - raft.server.log.corruption.policy = EXCEPTION (default)
2019-10-15 03:47:04,640 [pool-423-thread-1] INFO  server.RaftServerConfigKeys (ConfUtils.java:logGet(43)) - raft.server.log.appender.install.snapshot.enabled = false (custom)
2019-10-15 03:47:04,641 [pool-433-thread-1] INFO  impl.RaftServerImpl (RaftServerImpl.java:<init>(95)) - ca9a59ac-bda1-4176-abf7-2f7d9f4cd8f3: new RaftServerImpl for group-83149DB34020:[d97f7fe5-0dca-42f9-9a49-18c0e60a1798:192.168.157.236:44231, 04a41960-4c74-4c0c-8a88-98148ffd280d:192.168.157.236:38565, ca9a59ac-bda1-4176-abf7-2f7d9f4cd8f3:192.168.157.236:32915] with ContainerStateMachine:uninitialized
2019-10-15 03:47:04,641 [pool-413-thread-1] INFO  storage.RaftStorageDirectory (RaftStorageDirectory.java:analyzeStorage(246)) - The storage directory /workdir/hadoop-ozone/integration-test/target/test-dir/MiniOzoneClusterImpl-14e02325-d020-4b03-9219-3bf7a6491ac8/datanode-3/data/ratis/16f42859-edc1-47e7-bb04-83149db34020 does not exist. Creating ...
2019-10-15 03:47:04,641 [pool-433-thread-1] INFO  server.RaftServerConfigKeys (ConfUtils.java:logGet(43)) - raft.server.rpc.timeout.min = 5s (custom)
2019-10-15 03:47:04,641 [pool-423-thread-1] INFO  impl.RaftServerImpl (ServerState.java:<init>(103)) - 04a41960-4c74-4c0c-8a88-98148ffd280d@group-83149DB34020: ConfigurationManager, init=-1: [d97f7fe5-0dca-42f9-9a49-18c0e60a1798:192.168.157.236:44231, 04a41960-4c74-4c0c-8a88-98148ffd280d:192.168.157.236:38565, ca9a59ac-bda1-4176-abf7-2f7d9f4cd8f3:192.168.157.236:32915], old=null, confs=<EMPTY_MAP>
2019-10-15 03:47:04,641 [pool-433-thread-1] INFO  server.RaftServerConfigKeys (ConfUtils.java:logGet(43)) - raft.server.rpc.timeout.max = 5200ms (custom)
2019-10-15 03:47:04,641 [pool-423-thread-1] INFO  server.RaftServerConfigKeys (ConfUtils.java:logGet(43)) - raft.server.storage.dir = [/workdir/hadoop-ozone/integration-test/target/test-dir/MiniOzoneClusterImpl-14e02325-d020-4b03-9219-3bf7a6491ac8/datanode-4/data/ratis] (custom)
2019-10-15 03:47:04,641 [pool-433-thread-1] INFO  server.RaftServerConfigKeys (ConfUtils.java:logGet(43)) - raft.server.rpcslowness.timeout = 120s (custom)
2019-10-15 03:47:04,642 [pool-423-thread-1] INFO  server.RaftServerConfigKeys (ConfUtils.java:logGet(43)) - raft.server.log.corruption.policy = EXCEPTION (default)
2019-10-15 03:47:04,642 [pool-433-thread-1] INFO  server.RaftServerConfigKeys (ConfUtils.java:logGet(43)) - raft.server.sleep.deviation.threshold = 300 (default)
2019-10-15 03:47:04,642 [pool-423-thread-1] INFO  storage.RaftStorageDirectory (RaftStorageDirectory.java:analyzeStorage(246)) - The storage directory /workdir/hadoop-ozone/integration-test/target/test-dir/MiniOzoneClusterImpl-14e02325-d020-4b03-9219-3bf7a6491ac8/datanode-4/data/ratis/16f42859-edc1-47e7-bb04-83149db34020 does not exist. Creating ...
2019-10-15 03:47:04,642 [pool-433-thread-1] INFO  server.RaftServerConfigKeys (ConfUtils.java:logGet(43)) - raft.server.log.appender.install.snapshot.enabled = false (custom)
2019-10-15 03:47:04,642 [pool-433-thread-1] INFO  impl.RaftServerImpl (ServerState.java:<init>(103)) - ca9a59ac-bda1-4176-abf7-2f7d9f4cd8f3@group-83149DB34020: ConfigurationManager, init=-1: [d97f7fe5-0dca-42f9-9a49-18c0e60a1798:192.168.157.236:44231, 04a41960-4c74-4c0c-8a88-98148ffd280d:192.168.157.236:38565, ca9a59ac-bda1-4176-abf7-2f7d9f4cd8f3:192.168.157.236:32915], old=null, confs=<EMPTY_MAP>
2019-10-15 03:47:04,642 [pool-433-thread-1] INFO  server.RaftServerConfigKeys (ConfUtils.java:logGet(43)) - raft.server.storage.dir = [/workdir/hadoop-ozone/integration-test/target/test-dir/MiniOzoneClusterImpl-14e02325-d020-4b03-9219-3bf7a6491ac8/datanode-5/data/ratis] (custom)
2019-10-15 03:47:04,643 [pool-433-thread-1] INFO  server.RaftServerConfigKeys (ConfUtils.java:logGet(43)) - raft.server.log.corruption.policy = EXCEPTION (default)
2019-10-15 03:47:04,643 [pool-433-thread-1] INFO  storage.RaftStorageDirectory (RaftStorageDirectory.java:analyzeStorage(246)) - The storage directory /workdir/hadoop-ozone/integration-test/target/test-dir/MiniOzoneClusterImpl-14e02325-d020-4b03-9219-3bf7a6491ac8/datanode-5/data/ratis/16f42859-edc1-47e7-bb04-83149db34020 does not exist. Creating ...
2019-10-15 03:47:04,667 [pool-433-thread-1] INFO  storage.RaftStorageDirectory (RaftStorageDirectory.java:tryLock(328)) - Lock on /workdir/hadoop-ozone/integration-test/target/test-dir/MiniOzoneClusterImpl-14e02325-d020-4b03-9219-3bf7a6491ac8/datanode-5/data/ratis/16f42859-edc1-47e7-bb04-83149db34020/in_use.lock acquired by nodename 4337@pr-hdds-2278-dv8k5-3424803466
2019-10-15 03:47:04,667 [pool-413-thread-1] INFO  storage.RaftStorageDirectory (RaftStorageDirectory.java:tryLock(328)) - Lock on /workdir/hadoop-ozone/integration-test/target/test-dir/MiniOzoneClusterImpl-14e02325-d020-4b03-9219-3bf7a6491ac8/datanode-3/data/ratis/16f42859-edc1-47e7-bb04-83149db34020/in_use.lock acquired by nodename 4337@pr-hdds-2278-dv8k5-3424803466
2019-10-15 03:47:04,667 [pool-423-thread-1] INFO  storage.RaftStorageDirectory (RaftStorageDirectory.java:tryLock(328)) - Lock on /workdir/hadoop-ozone/integration-test/target/test-dir/MiniOzoneClusterImpl-14e02325-d020-4b03-9219-3bf7a6491ac8/datanode-4/data/ratis/16f42859-edc1-47e7-bb04-83149db34020/in_use.lock acquired by nodename 4337@pr-hdds-2278-dv8k5-3424803466
2019-10-15 03:47:04,693 [pool-433-thread-1] INFO  storage.RaftStorage (RaftStorage.java:format(84)) - Storage directory /workdir/hadoop-ozone/integration-test/target/test-dir/MiniOzoneClusterImpl-14e02325-d020-4b03-9219-3bf7a6491ac8/datanode-5/data/ratis/16f42859-edc1-47e7-bb04-83149db34020 has been successfully formatted.
2019-10-15 03:47:04,693 [pool-423-thread-1] INFO  storage.RaftStorage (RaftStorage.java:format(84)) - Storage directory /workdir/hadoop-ozone/integration-test/target/test-dir/MiniOzoneClusterImpl-14e02325-d020-4b03-9219-3bf7a6491ac8/datanode-4/data/ratis/16f42859-edc1-47e7-bb04-83149db34020 has been successfully formatted.
2019-10-15 03:47:04,693 [pool-413-thread-1] INFO  storage.RaftStorage (RaftStorage.java:format(84)) - Storage directory /workdir/hadoop-ozone/integration-test/target/test-dir/MiniOzoneClusterImpl-14e02325-d020-4b03-9219-3bf7a6491ac8/datanode-3/data/ratis/16f42859-edc1-47e7-bb04-83149db34020 has been successfully formatted.
2019-10-15 03:47:04,694 [pool-423-thread-1] INFO  ratis.ContainerStateMachine (ContainerStateMachine.java:loadSnapshot(231)) - group-83149DB34020: The snapshot info is null. Setting the last applied indexto:(t:0, i:~)
2019-10-15 03:47:04,693 [pool-433-thread-1] INFO  ratis.ContainerStateMachine (ContainerStateMachine.java:loadSnapshot(231)) - group-83149DB34020: The snapshot info is null. Setting the last applied indexto:(t:0, i:~)
2019-10-15 03:47:04,694 [pool-423-thread-1] INFO  server.RaftServerConfigKeys (ConfUtils.java:logGet(43)) - raft.server.notification.no-leader.timeout = 120s (custom)
2019-10-15 03:47:04,694 [pool-413-thread-1] INFO  ratis.ContainerStateMachine (ContainerStateMachine.java:loadSnapshot(231)) - group-83149DB34020: The snapshot info is null. Setting the last applied indexto:(t:0, i:~)
2019-10-15 03:47:04,694 [pool-423-thread-1] INFO  server.RaftServerConfigKeys (ConfUtils.java:logGet(43)) - raft.server.log.use.memory = false (default)
2019-10-15 03:47:04,694 [pool-433-thread-1] INFO  server.RaftServerConfigKeys (ConfUtils.java:logGet(43)) - raft.server.notification.no-leader.timeout = 120s (custom)
2019-10-15 03:47:04,695 [pool-423-thread-1] INFO  server.RaftServerConfigKeys (ConfUtils.java:logGet(43)) - raft.server.log.purge.gap = 1000000 (custom)
2019-10-15 03:47:04,694 [pool-413-thread-1] INFO  server.RaftServerConfigKeys (ConfUtils.java:logGet(43)) - raft.server.notification.no-leader.timeout = 120s (custom)
2019-10-15 03:47:04,695 [pool-423-thread-1] INFO  server.RaftServerConfigKeys (ConfUtils.java:logGet(43)) - raft.server.log.appender.buffer.byte-limit = 33554432 (custom)
2019-10-15 03:47:04,695 [pool-433-thread-1] INFO  server.RaftServerConfigKeys (ConfUtils.java:logGet(43)) - raft.server.log.use.memory = false (default)
2019-10-15 03:47:04,695 [pool-423-thread-1] INFO  server.RaftServerConfigKeys (ConfUtils.java:logGet(43)) - raft.server.log.segment.size.max = 1048576 (custom)
2019-10-15 03:47:04,695 [pool-413-thread-1] INFO  server.RaftServerConfigKeys (ConfUtils.java:logGet(43)) - raft.server.log.use.memory = false (default)
2019-10-15 03:47:04,696 [pool-423-thread-1] INFO  server.RaftServerConfigKeys (ConfUtils.java:logGet(43)) - raft.server.log.segment.cache.num.max = 2 (custom)
2019-10-15 03:47:04,695 [pool-433-thread-1] INFO  server.RaftServerConfigKeys (ConfUtils.java:logGet(43)) - raft.server.log.purge.gap = 1000000 (custom)
2019-10-15 03:47:04,696 [pool-423-thread-1] INFO  segmented.SegmentedRaftLogWorker (SegmentedRaftLogWorker.java:<init>(173)) - new 04a41960-4c74-4c0c-8a88-98148ffd280d@group-83149DB34020-SegmentedRaftLogWorker for RaftStorage:Storage Directory /workdir/hadoop-ozone/integration-test/target/test-dir/MiniOzoneClusterImpl-14e02325-d020-4b03-9219-3bf7a6491ac8/datanode-4/data/ratis/16f42859-edc1-47e7-bb04-83149db34020
2019-10-15 03:47:04,696 [pool-413-thread-1] INFO  server.RaftServerConfigKeys (ConfUtils.java:logGet(43)) - raft.server.log.purge.gap = 1000000 (custom)
2019-10-15 03:47:04,696 [pool-423-thread-1] INFO  server.RaftServerConfigKeys (ConfUtils.java:logGet(43)) - raft.server.log.queue.byte-limit = 2147483647 (custom)
2019-10-15 03:47:04,697 [pool-423-thread-1] INFO  server.RaftServerConfigKeys (ConfUtils.java:logGet(43)) - raft.server.log.queue.element-limit = 1024 (custom)
2019-10-15 03:47:04,696 [pool-433-thread-1] INFO  server.RaftServerConfigKeys (ConfUtils.java:logGet(43)) - raft.server.log.appender.buffer.byte-limit = 33554432 (custom)
2019-10-15 03:47:04,697 [pool-423-thread-1] INFO  server.RaftServerConfigKeys (ConfUtils.java:logGet(43)) - raft.server.log.segment.size.max = 1048576 (custom)
2019-10-15 03:47:04,696 [pool-413-thread-1] INFO  server.RaftServerConfigKeys (ConfUtils.java:logGet(43)) - raft.server.log.appender.buffer.byte-limit = 33554432 (custom)
2019-10-15 03:47:04,697 [pool-423-thread-1] INFO  server.RaftServerConfigKeys (ConfUtils.java:logGet(43)) - raft.server.log.preallocated.size = 16384 (custom)
2019-10-15 03:47:04,697 [pool-433-thread-1] INFO  server.RaftServerConfigKeys (ConfUtils.java:logGet(43)) - raft.server.log.segment.size.max = 1048576 (custom)
2019-10-15 03:47:04,697 [pool-423-thread-1] INFO  server.RaftServerConfigKeys (ConfUtils.java:logGet(43)) - raft.server.log.write.buffer.size = 33554432 (custom)
2019-10-15 03:47:04,697 [pool-413-thread-1] INFO  server.RaftServerConfigKeys (ConfUtils.java:logGet(43)) - raft.server.log.segment.size.max = 1048576 (custom)
2019-10-15 03:47:04,698 [pool-423-thread-1] INFO  server.RaftServerConfigKeys (ConfUtils.java:logGet(43)) - raft.server.log.force.sync.num = 128 (default)
2019-10-15 03:47:04,698 [pool-423-thread-1] INFO  server.RaftServerConfigKeys (ConfUtils.java:logGet(43)) - raft.server.log.statemachine.data.sync = true (default)
2019-10-15 03:47:04,698 [pool-433-thread-1] INFO  server.RaftServerConfigKeys (ConfUtils.java:logGet(43)) - raft.server.log.segment.cache.num.max = 2 (custom)
2019-10-15 03:47:04,698 [pool-423-thread-1] INFO  server.RaftServerConfigKeys (ConfUtils.java:logGet(43)) - raft.server.log.statemachine.data.sync.timeout = 10s (default)
2019-10-15 03:47:04,699 [pool-423-thread-1] INFO  server.RaftServerConfigKeys (ConfUtils.java:logGet(43)) - raft.server.log.statemachine.data.sync.timeout.retry = -1 (default)
2019-10-15 03:47:04,698 [pool-413-thread-1] INFO  server.RaftServerConfigKeys (ConfUtils.java:logGet(43)) - raft.server.log.segment.cache.num.max = 2 (custom)
2019-10-15 03:47:04,699 [pool-423-thread-1] INFO  server.RaftServerConfigKeys (ConfUtils.java:logGet(43)) - raft.server.log.statemachine.data.caching.enabled = true (custom)
2019-10-15 03:47:04,699 [pool-433-thread-1] INFO  segmented.SegmentedRaftLogWorker (SegmentedRaftLogWorker.java:<init>(173)) - new ca9a59ac-bda1-4176-abf7-2f7d9f4cd8f3@group-83149DB34020-SegmentedRaftLogWorker for RaftStorage:Storage Directory /workdir/hadoop-ozone/integration-test/target/test-dir/MiniOzoneClusterImpl-14e02325-d020-4b03-9219-3bf7a6491ac8/datanode-5/data/ratis/16f42859-edc1-47e7-bb04-83149db34020
2019-10-15 03:47:04,699 [pool-423-thread-1] INFO  segmented.SegmentedRaftLogWorker (SegmentedRaftLogWorker.java:lambda$new$0(128)) - 04a41960-4c74-4c0c-8a88-98148ffd280d@group-83149DB34020-SegmentedRaftLogWorker: flushIndex: setUnconditionally 0 -> -1
2019-10-15 03:47:04,699 [pool-413-thread-1] INFO  segmented.SegmentedRaftLogWorker (SegmentedRaftLogWorker.java:<init>(173)) - new d97f7fe5-0dca-42f9-9a49-18c0e60a1798@group-83149DB34020-SegmentedRaftLogWorker for RaftStorage:Storage Directory /workdir/hadoop-ozone/integration-test/target/test-dir/MiniOzoneClusterImpl-14e02325-d020-4b03-9219-3bf7a6491ac8/datanode-3/data/ratis/16f42859-edc1-47e7-bb04-83149db34020
2019-10-15 03:47:04,700 [pool-423-thread-1] INFO  server.RaftServerConfigKeys (ConfUtils.java:logGet(43)) - raft.server.snapshot.auto.trigger.enabled = true (custom)
2019-10-15 03:47:04,700 [pool-433-thread-1] INFO  server.RaftServerConfigKeys (ConfUtils.java:logGet(43)) - raft.server.log.queue.byte-limit = 2147483647 (custom)
2019-10-15 03:47:04,700 [pool-423-thread-1] INFO  server.RaftServerConfigKeys (ConfUtils.java:logGet(43)) - raft.server.snapshot.auto.trigger.threshold = 10000 (custom)
2019-10-15 03:47:04,700 [pool-423-thread-1] INFO  server.RaftServerConfigKeys (ConfUtils.java:logGet(43)) - raft.server.snapshot.retention.file.num = 5 (custom)
2019-10-15 03:47:04,700 [pool-413-thread-1] INFO  server.RaftServerConfigKeys (ConfUtils.java:logGet(43)) - raft.server.log.queue.byte-limit = 2147483647 (custom)
2019-10-15 03:47:04,701 [pool-423-thread-1] INFO  server.RaftServerConfigKeys (ConfUtils.java:logGet(43)) - raft.server.retrycache.expirytime = 600000ms (custom)
2019-10-15 03:47:04,700 [pool-433-thread-1] INFO  server.RaftServerConfigKeys (ConfUtils.java:logGet(43)) - raft.server.log.queue.element-limit = 1024 (custom)
2019-10-15 03:47:04,701 [pool-413-thread-1] INFO  server.RaftServerConfigKeys (ConfUtils.java:logGet(43)) - raft.server.log.queue.element-limit = 1024 (custom)
2019-10-15 03:47:04,701 [pool-433-thread-1] INFO  server.RaftServerConfigKeys (ConfUtils.java:logGet(43)) - raft.server.log.segment.size.max = 1048576 (custom)
2019-10-15 03:47:04,701 [pool-413-thread-1] INFO  server.RaftServerConfigKeys (ConfUtils.java:logGet(43)) - raft.server.log.segment.size.max = 1048576 (custom)
2019-10-15 03:47:04,701 [pool-433-thread-1] INFO  server.RaftServerConfigKeys (ConfUtils.java:logGet(43)) - raft.server.log.preallocated.size = 16384 (custom)
2019-10-15 03:47:04,702 [pool-413-thread-1] INFO  server.RaftServerConfigKeys (ConfUtils.java:logGet(43)) - raft.server.log.preallocated.size = 16384 (custom)
2019-10-15 03:47:04,702 [pool-433-thread-1] INFO  server.RaftServerConfigKeys (ConfUtils.java:logGet(43)) - raft.server.log.write.buffer.size = 33554432 (custom)
2019-10-15 03:47:04,702 [pool-413-thread-1] INFO  server.RaftServerConfigKeys (ConfUtils.java:logGet(43)) - raft.server.log.write.buffer.size = 33554432 (custom)
2019-10-15 03:47:04,702 [pool-433-thread-1] INFO  server.RaftServerConfigKeys (ConfUtils.java:logGet(43)) - raft.server.log.force.sync.num = 128 (default)
2019-10-15 03:47:04,702 [pool-413-thread-1] INFO  server.RaftServerConfigKeys (ConfUtils.java:logGet(43)) - raft.server.log.force.sync.num = 128 (default)
2019-10-15 03:47:04,702 [pool-433-thread-1] INFO  server.RaftServerConfigKeys (ConfUtils.java:logGet(43)) - raft.server.log.statemachine.data.sync = true (default)
2019-10-15 03:47:04,703 [pool-423-thread-1] INFO  impl.RaftServerImpl (RaftServerImpl.java:start(181)) - 04a41960-4c74-4c0c-8a88-98148ffd280d@group-83149DB34020: start as a follower, conf=-1: [d97f7fe5-0dca-42f9-9a49-18c0e60a1798:192.168.157.236:44231, 04a41960-4c74-4c0c-8a88-98148ffd280d:192.168.157.236:38565, ca9a59ac-bda1-4176-abf7-2f7d9f4cd8f3:192.168.157.236:32915], old=null
2019-10-15 03:47:04,703 [pool-413-thread-1] INFO  server.RaftServerConfigKeys (ConfUtils.java:logGet(43)) - raft.server.log.statemachine.data.sync = true (default)
2019-10-15 03:47:04,703 [pool-423-thread-1] INFO  impl.RaftServerImpl (RaftServerImpl.java:setRole(170)) - 04a41960-4c74-4c0c-8a88-98148ffd280d@group-83149DB34020: changes role from      null to FOLLOWER at term 0 for startAsFollower
2019-10-15 03:47:04,703 [pool-433-thread-1] INFO  server.RaftServerConfigKeys (ConfUtils.java:logGet(43)) - raft.server.log.statemachine.data.sync.timeout = 10s (default)
2019-10-15 03:47:04,703 [pool-423-thread-1] INFO  impl.RoleInfo (RoleInfo.java:updateAndGet(143)) - 04a41960-4c74-4c0c-8a88-98148ffd280d: start FollowerState
2019-10-15 03:47:04,703 [pool-413-thread-1] INFO  server.RaftServerConfigKeys (ConfUtils.java:logGet(43)) - raft.server.log.statemachine.data.sync.timeout = 10s (default)
2019-10-15 03:47:04,704 [pool-413-thread-1] INFO  server.RaftServerConfigKeys (ConfUtils.java:logGet(43)) - raft.server.log.statemachine.data.sync.timeout.retry = -1 (default)
2019-10-15 03:47:04,703 [pool-433-thread-1] INFO  server.RaftServerConfigKeys (ConfUtils.java:logGet(43)) - raft.server.log.statemachine.data.sync.timeout.retry = -1 (default)
2019-10-15 03:47:04,704 [pool-413-thread-1] INFO  server.RaftServerConfigKeys (ConfUtils.java:logGet(43)) - raft.server.log.statemachine.data.caching.enabled = true (custom)
2019-10-15 03:47:04,704 [pool-423-thread-1] INFO  util.JmxRegister (JmxRegister.java:tryRegister(44)) - Successfully registered JMX Bean with object name Ratis:service=RaftServer,group=group-83149DB34020,id=04a41960-4c74-4c0c-8a88-98148ffd280d
2019-10-15 03:47:04,704 [pool-413-thread-1] INFO  segmented.SegmentedRaftLogWorker (SegmentedRaftLogWorker.java:lambda$new$0(128)) - d97f7fe5-0dca-42f9-9a49-18c0e60a1798@group-83149DB34020-SegmentedRaftLogWorker: flushIndex: setUnconditionally 0 -> -1
2019-10-15 03:47:04,704 [pool-433-thread-1] INFO  server.RaftServerConfigKeys (ConfUtils.java:logGet(43)) - raft.server.log.statemachine.data.caching.enabled = true (custom)
2019-10-15 03:47:04,705 [pool-413-thread-1] INFO  server.RaftServerConfigKeys (ConfUtils.java:logGet(43)) - raft.server.snapshot.auto.trigger.enabled = true (custom)
2019-10-15 03:47:04,705 [pool-433-thread-1] INFO  segmented.SegmentedRaftLogWorker (SegmentedRaftLogWorker.java:lambda$new$0(128)) - ca9a59ac-bda1-4176-abf7-2f7d9f4cd8f3@group-83149DB34020-SegmentedRaftLogWorker: flushIndex: setUnconditionally 0 -> -1
2019-10-15 03:47:04,705 [pool-413-thread-1] INFO  server.RaftServerConfigKeys (ConfUtils.java:logGet(43)) - raft.server.snapshot.auto.trigger.threshold = 10000 (custom)
2019-10-15 03:47:04,705 [pool-413-thread-1] INFO  server.RaftServerConfigKeys (ConfUtils.java:logGet(43)) - raft.server.snapshot.retention.file.num = 5 (custom)
2019-10-15 03:47:04,705 [pool-433-thread-1] INFO  server.RaftServerConfigKeys (ConfUtils.java:logGet(43)) - raft.server.snapshot.auto.trigger.enabled = true (custom)
2019-10-15 03:47:04,705 [pool-413-thread-1] INFO  server.RaftServerConfigKeys (ConfUtils.java:logGet(43)) - raft.server.retrycache.expirytime = 600000ms (custom)
2019-10-15 03:47:04,705 [pool-433-thread-1] INFO  server.RaftServerConfigKeys (ConfUtils.java:logGet(43)) - raft.server.snapshot.auto.trigger.threshold = 10000 (custom)
2019-10-15 03:47:04,706 [pool-433-thread-1] INFO  server.RaftServerConfigKeys (ConfUtils.java:logGet(43)) - raft.server.snapshot.retention.file.num = 5 (custom)
2019-10-15 03:47:04,706 [pool-433-thread-1] INFO  server.RaftServerConfigKeys (ConfUtils.java:logGet(43)) - raft.server.retrycache.expirytime = 600000ms (custom)
2019-10-15 03:47:04,708 [pool-413-thread-1] INFO  impl.RaftServerImpl (RaftServerImpl.java:start(181)) - d97f7fe5-0dca-42f9-9a49-18c0e60a1798@group-83149DB34020: start as a follower, conf=-1: [d97f7fe5-0dca-42f9-9a49-18c0e60a1798:192.168.157.236:44231, 04a41960-4c74-4c0c-8a88-98148ffd280d:192.168.157.236:38565, ca9a59ac-bda1-4176-abf7-2f7d9f4cd8f3:192.168.157.236:32915], old=null
2019-10-15 03:47:04,708 [pool-413-thread-1] INFO  impl.RaftServerImpl (RaftServerImpl.java:setRole(170)) - d97f7fe5-0dca-42f9-9a49-18c0e60a1798@group-83149DB34020: changes role from      null to FOLLOWER at term 0 for startAsFollower
2019-10-15 03:47:04,708 [pool-413-thread-1] INFO  impl.RoleInfo (RoleInfo.java:updateAndGet(143)) - d97f7fe5-0dca-42f9-9a49-18c0e60a1798: start FollowerState
2019-10-15 03:47:04,709 [pool-433-thread-1] INFO  impl.RaftServerImpl (RaftServerImpl.java:start(181)) - ca9a59ac-bda1-4176-abf7-2f7d9f4cd8f3@group-83149DB34020: start as a follower, conf=-1: [d97f7fe5-0dca-42f9-9a49-18c0e60a1798:192.168.157.236:44231, 04a41960-4c74-4c0c-8a88-98148ffd280d:192.168.157.236:38565, ca9a59ac-bda1-4176-abf7-2f7d9f4cd8f3:192.168.157.236:32915], old=null
2019-10-15 03:47:04,709 [pool-413-thread-1] INFO  util.JmxRegister (JmxRegister.java:tryRegister(44)) - Successfully registered JMX Bean with object name Ratis:service=RaftServer,group=group-83149DB34020,id=d97f7fe5-0dca-42f9-9a49-18c0e60a1798
2019-10-15 03:47:04,709 [pool-433-thread-1] INFO  impl.RaftServerImpl (RaftServerImpl.java:setRole(170)) - ca9a59ac-bda1-4176-abf7-2f7d9f4cd8f3@group-83149DB34020: changes role from      null to FOLLOWER at term 0 for startAsFollower
2019-10-15 03:47:04,709 [pool-433-thread-1] INFO  impl.RoleInfo (RoleInfo.java:updateAndGet(143)) - ca9a59ac-bda1-4176-abf7-2f7d9f4cd8f3: start FollowerState
2019-10-15 03:47:04,710 [pool-433-thread-1] INFO  util.JmxRegister (JmxRegister.java:tryRegister(44)) - Successfully registered JMX Bean with object name Ratis:service=RaftServer,group=group-83149DB34020,id=ca9a59ac-bda1-4176-abf7-2f7d9f4cd8f3
2019-10-15 03:47:04,715 [RatisPipelineUtilsThread] INFO  pipeline.PipelineStateManager (PipelineStateManager.java:addPipeline(56)) - Created pipeline Pipeline[ Id: 16f42859-edc1-47e7-bb04-83149db34020, Nodes: 04a41960-4c74-4c0c-8a88-98148ffd280d{ip: 192.168.157.236, host: pr-hdds-2278-dv8k5-3424803466, networkLocation: /default-rack, certSerialId: null}d97f7fe5-0dca-42f9-9a49-18c0e60a1798{ip: 192.168.157.236, host: pr-hdds-2278-dv8k5-3424803466, networkLocation: /default-rack, certSerialId: null}ca9a59ac-bda1-4176-abf7-2f7d9f4cd8f3{ip: 192.168.157.236, host: pr-hdds-2278-dv8k5-3424803466, networkLocation: /default-rack, certSerialId: null}, Type:RATIS, Factor:THREE, State:OPEN]
2019-10-15 03:47:04,726 [grpc-default-executor-7] INFO  impl.RaftServerProxy (RaftServerProxy.java:addNew(89)) - 8584d7f0-29e1-401d-98fd-0a0944771c35: addNew group-292C3B1616B4:[8584d7f0-29e1-401d-98fd-0a0944771c35:192.168.157.236:41782, 915da940-e35d-4c60-836c-0a1be48177ee:192.168.157.236:40740, 314665fc-2bb1-4b52-b3c5-0d81dc3c49e5:192.168.157.236:34034] returns group-292C3B1616B4:java.util.concurrent.CompletableFuture@7b208ad7[Not completed]
2019-10-15 03:47:04,726 [grpc-default-executor-6] INFO  impl.RaftServerProxy (RaftServerProxy.java:addNew(89)) - 314665fc-2bb1-4b52-b3c5-0d81dc3c49e5: addNew group-292C3B1616B4:[8584d7f0-29e1-401d-98fd-0a0944771c35:192.168.157.236:41782, 915da940-e35d-4c60-836c-0a1be48177ee:192.168.157.236:40740, 314665fc-2bb1-4b52-b3c5-0d81dc3c49e5:192.168.157.236:34034] returns group-292C3B1616B4:java.util.concurrent.CompletableFuture@42ef11cb[Not completed]
2019-10-15 03:47:04,726 [grpc-default-executor-3] INFO  impl.RaftServerProxy (RaftServerProxy.java:addNew(89)) - 915da940-e35d-4c60-836c-0a1be48177ee: addNew group-292C3B1616B4:[8584d7f0-29e1-401d-98fd-0a0944771c35:192.168.157.236:41782, 915da940-e35d-4c60-836c-0a1be48177ee:192.168.157.236:40740, 314665fc-2bb1-4b52-b3c5-0d81dc3c49e5:192.168.157.236:34034] returns group-292C3B1616B4:java.util.concurrent.CompletableFuture@52cfb359[Not completed]
2019-10-15 03:47:04,727 [pool-393-thread-1] INFO  impl.RaftServerImpl (RaftServerImpl.java:<init>(95)) - 8584d7f0-29e1-401d-98fd-0a0944771c35: new RaftServerImpl for group-292C3B1616B4:[8584d7f0-29e1-401d-98fd-0a0944771c35:192.168.157.236:41782, 915da940-e35d-4c60-836c-0a1be48177ee:192.168.157.236:40740, 314665fc-2bb1-4b52-b3c5-0d81dc3c49e5:192.168.157.236:34034] with ContainerStateMachine:uninitialized
2019-10-15 03:47:04,727 [pool-393-thread-1] INFO  server.RaftServerConfigKeys (ConfUtils.java:logGet(43)) - raft.server.rpc.timeout.min = 5s (custom)
2019-10-15 03:47:04,728 [pool-393-thread-1] INFO  server.RaftServerConfigKeys (ConfUtils.java:logGet(43)) - raft.server.rpc.timeout.max = 5200ms (custom)
2019-10-15 03:47:04,728 [pool-393-thread-1] INFO  server.RaftServerConfigKeys (ConfUtils.java:logGet(43)) - raft.server.rpcslowness.timeout = 120s (custom)
2019-10-15 03:47:04,728 [pool-393-thread-1] INFO  server.RaftServerConfigKeys (ConfUtils.java:logGet(43)) - raft.server.sleep.deviation.threshold = 300 (default)
2019-10-15 03:47:04,728 [pool-443-thread-1] INFO  impl.RaftServerImpl (RaftServerImpl.java:<init>(95)) - 314665fc-2bb1-4b52-b3c5-0d81dc3c49e5: new RaftServerImpl for group-292C3B1616B4:[8584d7f0-29e1-401d-98fd-0a0944771c35:192.168.157.236:41782, 915da940-e35d-4c60-836c-0a1be48177ee:192.168.157.236:40740, 314665fc-2bb1-4b52-b3c5-0d81dc3c49e5:192.168.157.236:34034] with ContainerStateMachine:uninitialized
2019-10-15 03:47:04,728 [pool-393-thread-1] INFO  server.RaftServerConfigKeys (ConfUtils.java:logGet(43)) - raft.server.log.appender.install.snapshot.enabled = false (custom)
2019-10-15 03:47:04,728 [pool-443-thread-1] INFO  server.RaftServerConfigKeys (ConfUtils.java:logGet(43)) - raft.server.rpc.timeout.min = 5s (custom)
2019-10-15 03:47:04,728 [pool-393-thread-1] INFO  impl.RaftServerImpl (ServerState.java:<init>(103)) - 8584d7f0-29e1-401d-98fd-0a0944771c35@group-292C3B1616B4: ConfigurationManager, init=-1: [8584d7f0-29e1-401d-98fd-0a0944771c35:192.168.157.236:41782, 915da940-e35d-4c60-836c-0a1be48177ee:192.168.157.236:40740, 314665fc-2bb1-4b52-b3c5-0d81dc3c49e5:192.168.157.236:34034], old=null, confs=<EMPTY_MAP>
2019-10-15 03:47:04,728 [pool-443-thread-1] INFO  server.RaftServerConfigKeys (ConfUtils.java:logGet(43)) - raft.server.rpc.timeout.max = 5200ms (custom)
2019-10-15 03:47:04,729 [pool-383-thread-1] INFO  impl.RaftServerImpl (RaftServerImpl.java:<init>(95)) - 915da940-e35d-4c60-836c-0a1be48177ee: new RaftServerImpl for group-292C3B1616B4:[8584d7f0-29e1-401d-98fd-0a0944771c35:192.168.157.236:41782, 915da940-e35d-4c60-836c-0a1be48177ee:192.168.157.236:40740, 314665fc-2bb1-4b52-b3c5-0d81dc3c49e5:192.168.157.236:34034] with ContainerStateMachine:uninitialized
2019-10-15 03:47:04,729 [pool-443-thread-1] INFO  server.RaftServerConfigKeys (ConfUtils.java:logGet(43)) - raft.server.rpcslowness.timeout = 120s (custom)
2019-10-15 03:47:04,729 [pool-443-thread-1] INFO  server.RaftServerConfigKeys (ConfUtils.java:logGet(43)) - raft.server.sleep.deviation.threshold = 300 (default)
2019-10-15 03:47:04,729 [pool-393-thread-1] INFO  server.RaftServerConfigKeys (ConfUtils.java:logGet(43)) - raft.server.storage.dir = [/workdir/hadoop-ozone/integration-test/target/test-dir/MiniOzoneClusterImpl-14e02325-d020-4b03-9219-3bf7a6491ac8/datanode-1/data/ratis] (custom)
2019-10-15 03:47:04,729 [pool-443-thread-1] INFO  server.RaftServerConfigKeys (ConfUtils.java:logGet(43)) - raft.server.log.appender.install.snapshot.enabled = false (custom)
2019-10-15 03:47:04,729 [pool-393-thread-1] INFO  server.RaftServerConfigKeys (ConfUtils.java:logGet(43)) - raft.server.log.corruption.policy = EXCEPTION (default)
2019-10-15 03:47:04,729 [pool-383-thread-1] INFO  server.RaftServerConfigKeys (ConfUtils.java:logGet(43)) - raft.server.rpc.timeout.min = 5s (custom)
2019-10-15 03:47:04,730 [pool-393-thread-1] INFO  storage.RaftStorageDirectory (RaftStorageDirectory.java:analyzeStorage(246)) - The storage directory /workdir/hadoop-ozone/integration-test/target/test-dir/MiniOzoneClusterImpl-14e02325-d020-4b03-9219-3bf7a6491ac8/datanode-1/data/ratis/a0b9f54d-a061-4160-af78-292c3b1616b4 does not exist. Creating ...
2019-10-15 03:47:04,729 [pool-443-thread-1] INFO  impl.RaftServerImpl (ServerState.java:<init>(103)) - 314665fc-2bb1-4b52-b3c5-0d81dc3c49e5@group-292C3B1616B4: ConfigurationManager, init=-1: [8584d7f0-29e1-401d-98fd-0a0944771c35:192.168.157.236:41782, 915da940-e35d-4c60-836c-0a1be48177ee:192.168.157.236:40740, 314665fc-2bb1-4b52-b3c5-0d81dc3c49e5:192.168.157.236:34034], old=null, confs=<EMPTY_MAP>
2019-10-15 03:47:04,730 [pool-383-thread-1] INFO  server.RaftServerConfigKeys (ConfUtils.java:logGet(43)) - raft.server.rpc.timeout.max = 5200ms (custom)
2019-10-15 03:47:04,730 [pool-443-thread-1] INFO  server.RaftServerConfigKeys (ConfUtils.java:logGet(43)) - raft.server.storage.dir = [/workdir/hadoop-ozone/integration-test/target/test-dir/MiniOzoneClusterImpl-14e02325-d020-4b03-9219-3bf7a6491ac8/datanode-6/data/ratis] (custom)
2019-10-15 03:47:04,730 [pool-383-thread-1] INFO  server.RaftServerConfigKeys (ConfUtils.java:logGet(43)) - raft.server.rpcslowness.timeout = 120s (custom)
2019-10-15 03:47:04,730 [pool-443-thread-1] INFO  server.RaftServerConfigKeys (ConfUtils.java:logGet(43)) - raft.server.log.corruption.policy = EXCEPTION (default)
2019-10-15 03:47:04,730 [pool-383-thread-1] INFO  server.RaftServerConfigKeys (ConfUtils.java:logGet(43)) - raft.server.sleep.deviation.threshold = 300 (default)
2019-10-15 03:47:04,731 [pool-443-thread-1] INFO  storage.RaftStorageDirectory (RaftStorageDirectory.java:analyzeStorage(246)) - The storage directory /workdir/hadoop-ozone/integration-test/target/test-dir/MiniOzoneClusterImpl-14e02325-d020-4b03-9219-3bf7a6491ac8/datanode-6/data/ratis/a0b9f54d-a061-4160-af78-292c3b1616b4 does not exist. Creating ...
2019-10-15 03:47:04,731 [pool-383-thread-1] INFO  server.RaftServerConfigKeys (ConfUtils.java:logGet(43)) - raft.server.log.appender.install.snapshot.enabled = false (custom)
2019-10-15 03:47:04,731 [pool-383-thread-1] INFO  impl.RaftServerImpl (ServerState.java:<init>(103)) - 915da940-e35d-4c60-836c-0a1be48177ee@group-292C3B1616B4: ConfigurationManager, init=-1: [8584d7f0-29e1-401d-98fd-0a0944771c35:192.168.157.236:41782, 915da940-e35d-4c60-836c-0a1be48177ee:192.168.157.236:40740, 314665fc-2bb1-4b52-b3c5-0d81dc3c49e5:192.168.157.236:34034], old=null, confs=<EMPTY_MAP>
2019-10-15 03:47:04,731 [pool-383-thread-1] INFO  server.RaftServerConfigKeys (ConfUtils.java:logGet(43)) - raft.server.storage.dir = [/workdir/hadoop-ozone/integration-test/target/test-dir/MiniOzoneClusterImpl-14e02325-d020-4b03-9219-3bf7a6491ac8/datanode-0/data/ratis] (custom)
2019-10-15 03:47:04,731 [pool-383-thread-1] INFO  server.RaftServerConfigKeys (ConfUtils.java:logGet(43)) - raft.server.log.corruption.policy = EXCEPTION (default)
2019-10-15 03:47:04,732 [pool-383-thread-1] INFO  storage.RaftStorageDirectory (RaftStorageDirectory.java:analyzeStorage(246)) - The storage directory /workdir/hadoop-ozone/integration-test/target/test-dir/MiniOzoneClusterImpl-14e02325-d020-4b03-9219-3bf7a6491ac8/datanode-0/data/ratis/a0b9f54d-a061-4160-af78-292c3b1616b4 does not exist. Creating ...
2019-10-15 03:47:04,752 [pool-443-thread-1] INFO  storage.RaftStorageDirectory (RaftStorageDirectory.java:tryLock(328)) - Lock on /workdir/hadoop-ozone/integration-test/target/test-dir/MiniOzoneClusterImpl-14e02325-d020-4b03-9219-3bf7a6491ac8/datanode-6/data/ratis/a0b9f54d-a061-4160-af78-292c3b1616b4/in_use.lock acquired by nodename 4337@pr-hdds-2278-dv8k5-3424803466
2019-10-15 03:47:04,752 [pool-383-thread-1] INFO  storage.RaftStorageDirectory (RaftStorageDirectory.java:tryLock(328)) - Lock on /workdir/hadoop-ozone/integration-test/target/test-dir/MiniOzoneClusterImpl-14e02325-d020-4b03-9219-3bf7a6491ac8/datanode-0/data/ratis/a0b9f54d-a061-4160-af78-292c3b1616b4/in_use.lock acquired by nodename 4337@pr-hdds-2278-dv8k5-3424803466
2019-10-15 03:47:04,752 [pool-393-thread-1] INFO  storage.RaftStorageDirectory (RaftStorageDirectory.java:tryLock(328)) - Lock on /workdir/hadoop-ozone/integration-test/target/test-dir/MiniOzoneClusterImpl-14e02325-d020-4b03-9219-3bf7a6491ac8/datanode-1/data/ratis/a0b9f54d-a061-4160-af78-292c3b1616b4/in_use.lock acquired by nodename 4337@pr-hdds-2278-dv8k5-3424803466
2019-10-15 03:47:04,778 [pool-383-thread-1] INFO  storage.RaftStorage (RaftStorage.java:format(84)) - Storage directory /workdir/hadoop-ozone/integration-test/target/test-dir/MiniOzoneClusterImpl-14e02325-d020-4b03-9219-3bf7a6491ac8/datanode-0/data/ratis/a0b9f54d-a061-4160-af78-292c3b1616b4 has been successfully formatted.
2019-10-15 03:47:04,778 [pool-443-thread-1] INFO  storage.RaftStorage (RaftStorage.java:format(84)) - Storage directory /workdir/hadoop-ozone/integration-test/target/test-dir/MiniOzoneClusterImpl-14e02325-d020-4b03-9219-3bf7a6491ac8/datanode-6/data/ratis/a0b9f54d-a061-4160-af78-292c3b1616b4 has been successfully formatted.
2019-10-15 03:47:04,778 [pool-393-thread-1] INFO  storage.RaftStorage (RaftStorage.java:format(84)) - Storage directory /workdir/hadoop-ozone/integration-test/target/test-dir/MiniOzoneClusterImpl-14e02325-d020-4b03-9219-3bf7a6491ac8/datanode-1/data/ratis/a0b9f54d-a061-4160-af78-292c3b1616b4 has been successfully formatted.
2019-10-15 03:47:04,778 [pool-443-thread-1] INFO  ratis.ContainerStateMachine (ContainerStateMachine.java:loadSnapshot(231)) - group-292C3B1616B4: The snapshot info is null. Setting the last applied indexto:(t:0, i:~)
2019-10-15 03:47:04,779 [pool-393-thread-1] INFO  ratis.ContainerStateMachine (ContainerStateMachine.java:loadSnapshot(231)) - group-292C3B1616B4: The snapshot info is null. Setting the last applied indexto:(t:0, i:~)
2019-10-15 03:47:04,778 [pool-383-thread-1] INFO  ratis.ContainerStateMachine (ContainerStateMachine.java:loadSnapshot(231)) - group-292C3B1616B4: The snapshot info is null. Setting the last applied indexto:(t:0, i:~)
2019-10-15 03:47:04,779 [pool-393-thread-1] INFO  server.RaftServerConfigKeys (ConfUtils.java:logGet(43)) - raft.server.notification.no-leader.timeout = 120s (custom)
2019-10-15 03:47:04,779 [pool-443-thread-1] INFO  server.RaftServerConfigKeys (ConfUtils.java:logGet(43)) - raft.server.notification.no-leader.timeout = 120s (custom)
2019-10-15 03:47:04,779 [pool-393-thread-1] INFO  server.RaftServerConfigKeys (ConfUtils.java:logGet(43)) - raft.server.log.use.memory = false (default)
2019-10-15 03:47:04,779 [pool-383-thread-1] INFO  server.RaftServerConfigKeys (ConfUtils.java:logGet(43)) - raft.server.notification.no-leader.timeout = 120s (custom)
2019-10-15 03:47:04,779 [pool-393-thread-1] INFO  server.RaftServerConfigKeys (ConfUtils.java:logGet(43)) - raft.server.log.purge.gap = 1000000 (custom)
2019-10-15 03:47:04,779 [pool-443-thread-1] INFO  server.RaftServerConfigKeys (ConfUtils.java:logGet(43)) - raft.server.log.use.memory = false (default)
2019-10-15 03:47:04,780 [pool-393-thread-1] INFO  server.RaftServerConfigKeys (ConfUtils.java:logGet(43)) - raft.server.log.appender.buffer.byte-limit = 33554432 (custom)
2019-10-15 03:47:04,779 [pool-383-thread-1] INFO  server.RaftServerConfigKeys (ConfUtils.java:logGet(43)) - raft.server.log.use.memory = false (default)
2019-10-15 03:47:04,780 [pool-393-thread-1] INFO  server.RaftServerConfigKeys (ConfUtils.java:logGet(43)) - raft.server.log.segment.size.max = 1048576 (custom)
2019-10-15 03:47:04,780 [pool-443-thread-1] INFO  server.RaftServerConfigKeys (ConfUtils.java:logGet(43)) - raft.server.log.purge.gap = 1000000 (custom)
2019-10-15 03:47:04,780 [pool-393-thread-1] INFO  server.RaftServerConfigKeys (ConfUtils.java:logGet(43)) - raft.server.log.segment.cache.num.max = 2 (custom)
2019-10-15 03:47:04,780 [pool-383-thread-1] INFO  server.RaftServerConfigKeys (ConfUtils.java:logGet(43)) - raft.server.log.purge.gap = 1000000 (custom)
2019-10-15 03:47:04,780 [pool-393-thread-1] INFO  segmented.SegmentedRaftLogWorker (SegmentedRaftLogWorker.java:<init>(173)) - new 8584d7f0-29e1-401d-98fd-0a0944771c35@group-292C3B1616B4-SegmentedRaftLogWorker for RaftStorage:Storage Directory /workdir/hadoop-ozone/integration-test/target/test-dir/MiniOzoneClusterImpl-14e02325-d020-4b03-9219-3bf7a6491ac8/datanode-1/data/ratis/a0b9f54d-a061-4160-af78-292c3b1616b4
2019-10-15 03:47:04,780 [pool-443-thread-1] INFO  server.RaftServerConfigKeys (ConfUtils.java:logGet(43)) - raft.server.log.appender.buffer.byte-limit = 33554432 (custom)
2019-10-15 03:47:04,781 [pool-393-thread-1] INFO  server.RaftServerConfigKeys (ConfUtils.java:logGet(43)) - raft.server.log.queue.byte-limit = 2147483647 (custom)
2019-10-15 03:47:04,781 [pool-383-thread-1] INFO  server.RaftServerConfigKeys (ConfUtils.java:logGet(43)) - raft.server.log.appender.buffer.byte-limit = 33554432 (custom)
2019-10-15 03:47:04,781 [pool-393-thread-1] INFO  server.RaftServerConfigKeys (ConfUtils.java:logGet(43)) - raft.server.log.queue.element-limit = 1024 (custom)
2019-10-15 03:47:04,781 [pool-443-thread-1] INFO  server.RaftServerConfigKeys (ConfUtils.java:logGet(43)) - raft.server.log.segment.size.max = 1048576 (custom)
2019-10-15 03:47:04,781 [pool-393-thread-1] INFO  server.RaftServerConfigKeys (ConfUtils.java:logGet(43)) - raft.server.log.segment.size.max = 1048576 (custom)
2019-10-15 03:47:04,782 [pool-393-thread-1] INFO  server.RaftServerConfigKeys (ConfUtils.java:logGet(43)) - raft.server.log.preallocated.size = 16384 (custom)
2019-10-15 03:47:04,781 [pool-383-thread-1] INFO  server.RaftServerConfigKeys (ConfUtils.java:logGet(43)) - raft.server.log.segment.size.max = 1048576 (custom)
2019-10-15 03:47:04,782 [pool-393-thread-1] INFO  server.RaftServerConfigKeys (ConfUtils.java:logGet(43)) - raft.server.log.write.buffer.size = 33554432 (custom)
2019-10-15 03:47:04,782 [pool-443-thread-1] INFO  server.RaftServerConfigKeys (ConfUtils.java:logGet(43)) - raft.server.log.segment.cache.num.max = 2 (custom)
2019-10-15 03:47:04,782 [pool-393-thread-1] INFO  server.RaftServerConfigKeys (ConfUtils.java:logGet(43)) - raft.server.log.force.sync.num = 128 (default)
2019-10-15 03:47:04,782 [pool-383-thread-1] INFO  server.RaftServerConfigKeys (ConfUtils.java:logGet(43)) - raft.server.log.segment.cache.num.max = 2 (custom)
2019-10-15 03:47:04,782 [pool-393-thread-1] INFO  server.RaftServerConfigKeys (ConfUtils.java:logGet(43)) - raft.server.log.statemachine.data.sync = true (default)
2019-10-15 03:47:04,782 [pool-443-thread-1] INFO  segmented.SegmentedRaftLogWorker (SegmentedRaftLogWorker.java:<init>(173)) - new 314665fc-2bb1-4b52-b3c5-0d81dc3c49e5@group-292C3B1616B4-SegmentedRaftLogWorker for RaftStorage:Storage Directory /workdir/hadoop-ozone/integration-test/target/test-dir/MiniOzoneClusterImpl-14e02325-d020-4b03-9219-3bf7a6491ac8/datanode-6/data/ratis/a0b9f54d-a061-4160-af78-292c3b1616b4
2019-10-15 03:47:04,783 [pool-393-thread-1] INFO  server.RaftServerConfigKeys (ConfUtils.java:logGet(43)) - raft.server.log.statemachine.data.sync.timeout = 10s (default)
2019-10-15 03:47:04,782 [pool-383-thread-1] INFO  segmented.SegmentedRaftLogWorker (SegmentedRaftLogWorker.java:<init>(173)) - new 915da940-e35d-4c60-836c-0a1be48177ee@group-292C3B1616B4-SegmentedRaftLogWorker for RaftStorage:Storage Directory /workdir/hadoop-ozone/integration-test/target/test-dir/MiniOzoneClusterImpl-14e02325-d020-4b03-9219-3bf7a6491ac8/datanode-0/data/ratis/a0b9f54d-a061-4160-af78-292c3b1616b4
2019-10-15 03:47:04,783 [pool-393-thread-1] INFO  server.RaftServerConfigKeys (ConfUtils.java:logGet(43)) - raft.server.log.statemachine.data.sync.timeout.retry = -1 (default)
2019-10-15 03:47:04,783 [pool-443-thread-1] INFO  server.RaftServerConfigKeys (ConfUtils.java:logGet(43)) - raft.server.log.queue.byte-limit = 2147483647 (custom)
2019-10-15 03:47:04,783 [pool-393-thread-1] INFO  server.RaftServerConfigKeys (ConfUtils.java:logGet(43)) - raft.server.log.statemachine.data.caching.enabled = true (custom)
2019-10-15 03:47:04,783 [pool-383-thread-1] INFO  server.RaftServerConfigKeys (ConfUtils.java:logGet(43)) - raft.server.log.queue.byte-limit = 2147483647 (custom)
2019-10-15 03:47:04,784 [pool-393-thread-1] INFO  segmented.SegmentedRaftLogWorker (SegmentedRaftLogWorker.java:lambda$new$0(128)) - 8584d7f0-29e1-401d-98fd-0a0944771c35@group-292C3B1616B4-SegmentedRaftLogWorker: flushIndex: setUnconditionally 0 -> -1
2019-10-15 03:47:04,783 [pool-443-thread-1] INFO  server.RaftServerConfigKeys (ConfUtils.java:logGet(43)) - raft.server.log.queue.element-limit = 1024 (custom)
2019-10-15 03:47:04,784 [pool-383-thread-1] INFO  server.RaftServerConfigKeys (ConfUtils.java:logGet(43)) - raft.server.log.queue.element-limit = 1024 (custom)
2019-10-15 03:47:04,784 [pool-443-thread-1] INFO  server.RaftServerConfigKeys (ConfUtils.java:logGet(43)) - raft.server.log.segment.size.max = 1048576 (custom)
2019-10-15 03:47:04,784 [pool-393-thread-1] INFO  server.RaftServerConfigKeys (ConfUtils.java:logGet(43)) - raft.server.snapshot.auto.trigger.enabled = true (custom)
2019-10-15 03:47:04,784 [pool-443-thread-1] INFO  server.RaftServerConfigKeys (ConfUtils.java:logGet(43)) - raft.server.log.preallocated.size = 16384 (custom)
2019-10-15 03:47:04,785 [pool-443-thread-1] INFO  server.RaftServerConfigKeys (ConfUtils.java:logGet(43)) - raft.server.log.write.buffer.size = 33554432 (custom)
2019-10-15 03:47:04,784 [pool-383-thread-1] INFO  server.RaftServerConfigKeys (ConfUtils.java:logGet(43)) - raft.server.log.segment.size.max = 1048576 (custom)
2019-10-15 03:47:04,785 [pool-443-thread-1] INFO  server.RaftServerConfigKeys (ConfUtils.java:logGet(43)) - raft.server.log.force.sync.num = 128 (default)
2019-10-15 03:47:04,784 [pool-393-thread-1] INFO  server.RaftServerConfigKeys (ConfUtils.java:logGet(43)) - raft.server.snapshot.auto.trigger.threshold = 10000 (custom)
2019-10-15 03:47:04,785 [pool-443-thread-1] INFO  server.RaftServerConfigKeys (ConfUtils.java:logGet(43)) - raft.server.log.statemachine.data.sync = true (default)
2019-10-15 03:47:04,785 [pool-443-thread-1] INFO  server.RaftServerConfigKeys (ConfUtils.java:logGet(43)) - raft.server.log.statemachine.data.sync.timeout = 10s (default)
2019-10-15 03:47:04,785 [pool-383-thread-1] INFO  server.RaftServerConfigKeys (ConfUtils.java:logGet(43)) - raft.server.log.preallocated.size = 16384 (custom)
2019-10-15 03:47:04,785 [pool-443-thread-1] INFO  server.RaftServerConfigKeys (ConfUtils.java:logGet(43)) - raft.server.log.statemachine.data.sync.timeout.retry = -1 (default)
2019-10-15 03:47:04,785 [pool-393-thread-1] INFO  server.RaftServerConfigKeys (ConfUtils.java:logGet(43)) - raft.server.snapshot.retention.file.num = 5 (custom)
2019-10-15 03:47:04,786 [pool-443-thread-1] INFO  server.RaftServerConfigKeys (ConfUtils.java:logGet(43)) - raft.server.log.statemachine.data.caching.enabled = true (custom)
2019-10-15 03:47:04,786 [pool-383-thread-1] INFO  server.RaftServerConfigKeys (ConfUtils.java:logGet(43)) - raft.server.log.write.buffer.size = 33554432 (custom)
2019-10-15 03:47:04,786 [pool-393-thread-1] INFO  server.RaftServerConfigKeys (ConfUtils.java:logGet(43)) - raft.server.retrycache.expirytime = 600000ms (custom)
2019-10-15 03:47:04,786 [pool-383-thread-1] INFO  server.RaftServerConfigKeys (ConfUtils.java:logGet(43)) - raft.server.log.force.sync.num = 128 (default)
2019-10-15 03:47:04,786 [pool-443-thread-1] INFO  segmented.SegmentedRaftLogWorker (SegmentedRaftLogWorker.java:lambda$new$0(128)) - 314665fc-2bb1-4b52-b3c5-0d81dc3c49e5@group-292C3B1616B4-SegmentedRaftLogWorker: flushIndex: setUnconditionally 0 -> -1
2019-10-15 03:47:04,786 [pool-383-thread-1] INFO  server.RaftServerConfigKeys (ConfUtils.java:logGet(43)) - raft.server.log.statemachine.data.sync = true (default)
2019-10-15 03:47:04,787 [pool-383-thread-1] INFO  server.RaftServerConfigKeys (ConfUtils.java:logGet(43)) - raft.server.log.statemachine.data.sync.timeout = 10s (default)
2019-10-15 03:47:04,787 [pool-443-thread-1] INFO  server.RaftServerConfigKeys (ConfUtils.java:logGet(43)) - raft.server.snapshot.auto.trigger.enabled = true (custom)
2019-10-15 03:47:04,787 [pool-383-thread-1] INFO  server.RaftServerConfigKeys (ConfUtils.java:logGet(43)) - raft.server.log.statemachine.data.sync.timeout.retry = -1 (default)
2019-10-15 03:47:04,787 [pool-443-thread-1] INFO  server.RaftServerConfigKeys (ConfUtils.java:logGet(43)) - raft.server.snapshot.auto.trigger.threshold = 10000 (custom)
2019-10-15 03:47:04,787 [pool-383-thread-1] INFO  server.RaftServerConfigKeys (ConfUtils.java:logGet(43)) - raft.server.log.statemachine.data.caching.enabled = true (custom)
2019-10-15 03:47:04,787 [pool-443-thread-1] INFO  server.RaftServerConfigKeys (ConfUtils.java:logGet(43)) - raft.server.snapshot.retention.file.num = 5 (custom)
2019-10-15 03:47:04,788 [pool-443-thread-1] INFO  server.RaftServerConfigKeys (ConfUtils.java:logGet(43)) - raft.server.retrycache.expirytime = 600000ms (custom)
2019-10-15 03:47:04,788 [pool-383-thread-1] INFO  segmented.SegmentedRaftLogWorker (SegmentedRaftLogWorker.java:lambda$new$0(128)) - 915da940-e35d-4c60-836c-0a1be48177ee@group-292C3B1616B4-SegmentedRaftLogWorker: flushIndex: setUnconditionally 0 -> -1
2019-10-15 03:47:04,788 [pool-383-thread-1] INFO  server.RaftServerConfigKeys (ConfUtils.java:logGet(43)) - raft.server.snapshot.auto.trigger.enabled = true (custom)
2019-10-15 03:47:04,788 [pool-393-thread-1] INFO  impl.RaftServerImpl (RaftServerImpl.java:start(181)) - 8584d7f0-29e1-401d-98fd-0a0944771c35@group-292C3B1616B4: start as a follower, conf=-1: [8584d7f0-29e1-401d-98fd-0a0944771c35:192.168.157.236:41782, 915da940-e35d-4c60-836c-0a1be48177ee:192.168.157.236:40740, 314665fc-2bb1-4b52-b3c5-0d81dc3c49e5:192.168.157.236:34034], old=null
2019-10-15 03:47:04,788 [pool-383-thread-1] INFO  server.RaftServerConfigKeys (ConfUtils.java:logGet(43)) - raft.server.snapshot.auto.trigger.threshold = 10000 (custom)
2019-10-15 03:47:04,788 [pool-393-thread-1] INFO  impl.RaftServerImpl (RaftServerImpl.java:setRole(170)) - 8584d7f0-29e1-401d-98fd-0a0944771c35@group-292C3B1616B4: changes role from      null to FOLLOWER at term 0 for startAsFollower
2019-10-15 03:47:04,788 [pool-383-thread-1] INFO  server.RaftServerConfigKeys (ConfUtils.java:logGet(43)) - raft.server.snapshot.retention.file.num = 5 (custom)
2019-10-15 03:47:04,789 [pool-393-thread-1] INFO  impl.RoleInfo (RoleInfo.java:updateAndGet(143)) - 8584d7f0-29e1-401d-98fd-0a0944771c35: start FollowerState
2019-10-15 03:47:04,789 [pool-383-thread-1] INFO  server.RaftServerConfigKeys (ConfUtils.java:logGet(43)) - raft.server.retrycache.expirytime = 600000ms (custom)
2019-10-15 03:47:04,789 [pool-393-thread-1] INFO  util.JmxRegister (JmxRegister.java:tryRegister(44)) - Successfully registered JMX Bean with object name Ratis:service=RaftServer,group=group-292C3B1616B4,id=8584d7f0-29e1-401d-98fd-0a0944771c35
2019-10-15 03:47:04,789 [pool-443-thread-1] INFO  impl.RaftServerImpl (RaftServerImpl.java:start(181)) - 314665fc-2bb1-4b52-b3c5-0d81dc3c49e5@group-292C3B1616B4: start as a follower, conf=-1: [8584d7f0-29e1-401d-98fd-0a0944771c35:192.168.157.236:41782, 915da940-e35d-4c60-836c-0a1be48177ee:192.168.157.236:40740, 314665fc-2bb1-4b52-b3c5-0d81dc3c49e5:192.168.157.236:34034], old=null
2019-10-15 03:47:04,789 [pool-443-thread-1] INFO  impl.RaftServerImpl (RaftServerImpl.java:setRole(170)) - 314665fc-2bb1-4b52-b3c5-0d81dc3c49e5@group-292C3B1616B4: changes role from      null to FOLLOWER at term 0 for startAsFollower
2019-10-15 03:47:04,790 [pool-443-thread-1] INFO  impl.RoleInfo (RoleInfo.java:updateAndGet(143)) - 314665fc-2bb1-4b52-b3c5-0d81dc3c49e5: start FollowerState
2019-10-15 03:47:04,790 [pool-443-thread-1] INFO  util.JmxRegister (JmxRegister.java:tryRegister(44)) - Successfully registered JMX Bean with object name Ratis:service=RaftServer,group=group-292C3B1616B4,id=314665fc-2bb1-4b52-b3c5-0d81dc3c49e5
2019-10-15 03:47:04,792 [pool-383-thread-1] INFO  impl.RaftServerImpl (RaftServerImpl.java:start(181)) - 915da940-e35d-4c60-836c-0a1be48177ee@group-292C3B1616B4: start as a follower, conf=-1: [8584d7f0-29e1-401d-98fd-0a0944771c35:192.168.157.236:41782, 915da940-e35d-4c60-836c-0a1be48177ee:192.168.157.236:40740, 314665fc-2bb1-4b52-b3c5-0d81dc3c49e5:192.168.157.236:34034], old=null
2019-10-15 03:47:04,792 [pool-383-thread-1] INFO  impl.RaftServerImpl (RaftServerImpl.java:setRole(170)) - 915da940-e35d-4c60-836c-0a1be48177ee@group-292C3B1616B4: changes role from      null to FOLLOWER at term 0 for startAsFollower
2019-10-15 03:47:04,792 [pool-383-thread-1] INFO  impl.RoleInfo (RoleInfo.java:updateAndGet(143)) - 915da940-e35d-4c60-836c-0a1be48177ee: start FollowerState
2019-10-15 03:47:04,792 [pool-383-thread-1] INFO  util.JmxRegister (JmxRegister.java:tryRegister(44)) - Successfully registered JMX Bean with object name Ratis:service=RaftServer,group=group-292C3B1616B4,id=915da940-e35d-4c60-836c-0a1be48177ee
2019-10-15 03:47:04,797 [RatisPipelineUtilsThread] INFO  pipeline.PipelineStateManager (PipelineStateManager.java:addPipeline(56)) - Created pipeline Pipeline[ Id: a0b9f54d-a061-4160-af78-292c3b1616b4, Nodes: 314665fc-2bb1-4b52-b3c5-0d81dc3c49e5{ip: 192.168.157.236, host: pr-hdds-2278-dv8k5-3424803466, networkLocation: /default-rack, certSerialId: null}915da940-e35d-4c60-836c-0a1be48177ee{ip: 192.168.157.236, host: pr-hdds-2278-dv8k5-3424803466, networkLocation: /default-rack, certSerialId: null}8584d7f0-29e1-401d-98fd-0a0944771c35{ip: 192.168.157.236, host: pr-hdds-2278-dv8k5-3424803466, networkLocation: /default-rack, certSerialId: null}, Type:RATIS, Factor:THREE, State:OPEN]
2019-10-15 03:47:05,487 [main] INFO  ozone.MiniOzoneClusterImpl (MiniOzoneClusterImpl.java:lambda$waitForClusterToBeReady$0(147)) - Cluster is ready. Got 7 of 7 DN Heartbeats.
2019-10-15 03:47:05,538 [main] INFO  rpc.RpcClient (RpcClient.java:createVolume(272)) - Creating Volume: watchforcommithandlingtest, with jenkins1000 as owner.
2019-10-15 03:47:05,542 [IPC Server handler 3 on 35571] INFO  volume.OMVolumeCreateRequest (OMVolumeCreateRequest.java:validateAndUpdateCache(193)) - created volume:watchforcommithandlingtest for user:jenkins1000
2019-10-15 03:47:05,556 [main] INFO  rpc.RpcClient (RpcClient.java:createBucket(411)) - Creating Bucket: watchforcommithandlingtest/watchforcommithandlingtest, with Versioning false and Storage Type set to DISK and Encryption set to false 
2019-10-15 03:47:05,561 [main] INFO  ozone.MiniOzoneClusterImpl (MiniOzoneClusterImpl.java:getStorageContainerLocationClient(234)) - Creating StorageContainerLocationProtocol RPC client with address /0.0.0.0:46002
2019-10-15 03:47:07,109 [Thread-2368] INFO  container.ReplicationManager (ReplicationManager.java:start(162)) - Starting Replication Monitor Thread.
2019-10-15 03:47:07,114 [ReplicationMonitor] INFO  container.ReplicationManager (ReplicationManager.java:run(225)) - Replication Monitor Thread took 0 milliseconds for processing 1 containers.
2019-10-15 03:47:09,213 [Thread-2370] INFO  impl.FollowerState (FollowerState.java:run(108)) - 915da940-e35d-4c60-836c-0a1be48177ee@group-B83B5095E055-FollowerState: change to CANDIDATE, lastRpcTime:5036ms, electionTimeout:5036ms
2019-10-15 03:47:09,213 [Thread-2370] INFO  impl.RoleInfo (RoleInfo.java:shutdownFollowerState(121)) - 915da940-e35d-4c60-836c-0a1be48177ee: shutdown FollowerState
2019-10-15 03:47:09,214 [Thread-2370] INFO  impl.RaftServerImpl (RaftServerImpl.java:setRole(170)) - 915da940-e35d-4c60-836c-0a1be48177ee@group-B83B5095E055: changes role from  FOLLOWER to CANDIDATE at term 0 for changeToCandidate
2019-10-15 03:47:09,214 [Thread-2370] INFO  impl.RoleInfo (RoleInfo.java:updateAndGet(143)) - 915da940-e35d-4c60-836c-0a1be48177ee: start LeaderElection
2019-10-15 03:47:09,241 [Thread-2373] INFO  impl.FollowerState (FollowerState.java:run(108)) - 8584d7f0-29e1-401d-98fd-0a0944771c35@group-7B1F037C2D08-FollowerState: change to CANDIDATE, lastRpcTime:5000ms, electionTimeout:5000ms
2019-10-15 03:47:09,242 [Thread-2373] INFO  impl.RoleInfo (RoleInfo.java:shutdownFollowerState(121)) - 8584d7f0-29e1-401d-98fd-0a0944771c35: shutdown FollowerState
2019-10-15 03:47:09,242 [Thread-2373] INFO  impl.RaftServerImpl (RaftServerImpl.java:setRole(170)) - 8584d7f0-29e1-401d-98fd-0a0944771c35@group-7B1F037C2D08: changes role from  FOLLOWER to CANDIDATE at term 0 for changeToCandidate
2019-10-15 03:47:09,242 [Thread-2373] INFO  impl.RoleInfo (RoleInfo.java:updateAndGet(143)) - 8584d7f0-29e1-401d-98fd-0a0944771c35: start LeaderElection
2019-10-15 03:47:09,270 [915da940-e35d-4c60-836c-0a1be48177ee@group-B83B5095E055-LeaderElection94] INFO  impl.LeaderElection (LeaderElection.java:askForVotes(178)) - 915da940-e35d-4c60-836c-0a1be48177ee@group-B83B5095E055-LeaderElection94: begin an election at term 1 for -1: [915da940-e35d-4c60-836c-0a1be48177ee:192.168.157.236:40740], old=null
2019-10-15 03:47:09,271 [915da940-e35d-4c60-836c-0a1be48177ee@group-B83B5095E055-LeaderElection94] INFO  impl.RoleInfo (RoleInfo.java:shutdownLeaderElection(134)) - 915da940-e35d-4c60-836c-0a1be48177ee: shutdown LeaderElection
2019-10-15 03:47:09,271 [915da940-e35d-4c60-836c-0a1be48177ee@group-B83B5095E055-LeaderElection94] INFO  impl.RaftServerImpl (RaftServerImpl.java:setRole(170)) - 915da940-e35d-4c60-836c-0a1be48177ee@group-B83B5095E055: changes role from CANDIDATE to LEADER at term 1 for changeToLeader
2019-10-15 03:47:09,271 [915da940-e35d-4c60-836c-0a1be48177ee@group-B83B5095E055-LeaderElection94] INFO  impl.RaftServerImpl (ServerState.java:setLeader(255)) - 915da940-e35d-4c60-836c-0a1be48177ee@group-B83B5095E055: change Leader from null to 915da940-e35d-4c60-836c-0a1be48177ee at term 1 for becomeLeader, leader elected after 5101ms
2019-10-15 03:47:09,271 [915da940-e35d-4c60-836c-0a1be48177ee@group-B83B5095E055-LeaderElection94] INFO  server.RaftServerConfigKeys (ConfUtils.java:logGet(43)) - raft.server.staging.catchup.gap = 1000 (default)
2019-10-15 03:47:09,271 [915da940-e35d-4c60-836c-0a1be48177ee@group-B83B5095E055-LeaderElection94] INFO  server.RaftServerConfigKeys (ConfUtils.java:logGet(43)) - raft.server.rpc.sleep.time = 25ms (default)
2019-10-15 03:47:09,271 [915da940-e35d-4c60-836c-0a1be48177ee@group-B83B5095E055-LeaderElection94] INFO  server.RaftServerConfigKeys (ConfUtils.java:logGet(43)) - raft.server.write.element-limit = 4096 (default)
2019-10-15 03:47:09,271 [915da940-e35d-4c60-836c-0a1be48177ee@group-B83B5095E055-LeaderElection94] INFO  server.RaftServerConfigKeys (ConfUtils.java:logGet(43)) - raft.server.watch.timeout = 10s (default)
2019-10-15 03:47:09,271 [915da940-e35d-4c60-836c-0a1be48177ee@group-B83B5095E055-LeaderElection94] INFO  server.RaftServerConfigKeys (ConfUtils.java:logGet(43)) - raft.server.watch.timeout.denomination = 1s (default)
2019-10-15 03:47:09,271 [915da940-e35d-4c60-836c-0a1be48177ee@group-B83B5095E055-LeaderElection94] INFO  server.RaftServerConfigKeys (ConfUtils.java:logGet(43)) - raft.server.watch.element-limit = 65536 (default)
2019-10-15 03:47:09,274 [915da940-e35d-4c60-836c-0a1be48177ee@group-B83B5095E055-LeaderElection94] INFO  impl.RoleInfo (RoleInfo.java:updateAndGet(143)) - 915da940-e35d-4c60-836c-0a1be48177ee: start LeaderState
2019-10-15 03:47:09,274 [915da940-e35d-4c60-836c-0a1be48177ee@group-B83B5095E055-LeaderElection94] INFO  segmented.SegmentedRaftLogWorker (SegmentedRaftLogWorker.java:startLogSegment(385)) - 915da940-e35d-4c60-836c-0a1be48177ee@group-B83B5095E055-SegmentedRaftLogWorker: Starting segment from index:0
2019-10-15 03:47:09,275 [915da940-e35d-4c60-836c-0a1be48177ee@group-B83B5095E055-LeaderElection94] INFO  impl.RaftServerImpl (ServerState.java:setRaftConf(356)) - 915da940-e35d-4c60-836c-0a1be48177ee@group-B83B5095E055: set configuration 0: [915da940-e35d-4c60-836c-0a1be48177ee:192.168.157.236:40740], old=null at 0
2019-10-15 03:47:09,288 [8584d7f0-29e1-401d-98fd-0a0944771c35@group-7B1F037C2D08-LeaderElection95] INFO  impl.LeaderElection (LeaderElection.java:askForVotes(178)) - 8584d7f0-29e1-401d-98fd-0a0944771c35@group-7B1F037C2D08-LeaderElection95: begin an election at term 1 for -1: [8584d7f0-29e1-401d-98fd-0a0944771c35:192.168.157.236:41782], old=null
2019-10-15 03:47:09,288 [8584d7f0-29e1-401d-98fd-0a0944771c35@group-7B1F037C2D08-LeaderElection95] INFO  impl.RoleInfo (RoleInfo.java:shutdownLeaderElection(134)) - 8584d7f0-29e1-401d-98fd-0a0944771c35: shutdown LeaderElection
2019-10-15 03:47:09,288 [8584d7f0-29e1-401d-98fd-0a0944771c35@group-7B1F037C2D08-LeaderElection95] INFO  impl.RaftServerImpl (RaftServerImpl.java:setRole(170)) - 8584d7f0-29e1-401d-98fd-0a0944771c35@group-7B1F037C2D08: changes role from CANDIDATE to LEADER at term 1 for changeToLeader
2019-10-15 03:47:09,288 [8584d7f0-29e1-401d-98fd-0a0944771c35@group-7B1F037C2D08-LeaderElection95] INFO  impl.RaftServerImpl (ServerState.java:setLeader(255)) - 8584d7f0-29e1-401d-98fd-0a0944771c35@group-7B1F037C2D08: change Leader from null to 8584d7f0-29e1-401d-98fd-0a0944771c35 at term 1 for becomeLeader, leader elected after 5051ms
2019-10-15 03:47:09,288 [8584d7f0-29e1-401d-98fd-0a0944771c35@group-7B1F037C2D08-LeaderElection95] INFO  server.RaftServerConfigKeys (ConfUtils.java:logGet(43)) - raft.server.staging.catchup.gap = 1000 (default)
2019-10-15 03:47:09,288 [8584d7f0-29e1-401d-98fd-0a0944771c35@group-7B1F037C2D08-LeaderElection95] INFO  server.RaftServerConfigKeys (ConfUtils.java:logGet(43)) - raft.server.rpc.sleep.time = 25ms (default)
2019-10-15 03:47:09,288 [8584d7f0-29e1-401d-98fd-0a0944771c35@group-7B1F037C2D08-LeaderElection95] INFO  server.RaftServerConfigKeys (ConfUtils.java:logGet(43)) - raft.server.write.element-limit = 4096 (default)
2019-10-15 03:47:09,289 [8584d7f0-29e1-401d-98fd-0a0944771c35@group-7B1F037C2D08-LeaderElection95] INFO  server.RaftServerConfigKeys (ConfUtils.java:logGet(43)) - raft.server.watch.timeout = 10s (default)
2019-10-15 03:47:09,289 [8584d7f0-29e1-401d-98fd-0a0944771c35@group-7B1F037C2D08-LeaderElection95] INFO  server.RaftServerConfigKeys (ConfUtils.java:logGet(43)) - raft.server.watch.timeout.denomination = 1s (default)
2019-10-15 03:47:09,289 [8584d7f0-29e1-401d-98fd-0a0944771c35@group-7B1F037C2D08-LeaderElection95] INFO  server.RaftServerConfigKeys (ConfUtils.java:logGet(43)) - raft.server.watch.element-limit = 65536 (default)
2019-10-15 03:47:09,290 [8584d7f0-29e1-401d-98fd-0a0944771c35@group-7B1F037C2D08-LeaderElection95] INFO  impl.RoleInfo (RoleInfo.java:updateAndGet(143)) - 8584d7f0-29e1-401d-98fd-0a0944771c35: start LeaderState
2019-10-15 03:47:09,291 [8584d7f0-29e1-401d-98fd-0a0944771c35@group-7B1F037C2D08-LeaderElection95] INFO  segmented.SegmentedRaftLogWorker (SegmentedRaftLogWorker.java:startLogSegment(385)) - 8584d7f0-29e1-401d-98fd-0a0944771c35@group-7B1F037C2D08-SegmentedRaftLogWorker: Starting segment from index:0
2019-10-15 03:47:09,291 [8584d7f0-29e1-401d-98fd-0a0944771c35@group-7B1F037C2D08-LeaderElection95] INFO  impl.RaftServerImpl (ServerState.java:setRaftConf(356)) - 8584d7f0-29e1-401d-98fd-0a0944771c35@group-7B1F037C2D08: set configuration 0: [8584d7f0-29e1-401d-98fd-0a0944771c35:192.168.157.236:41782], old=null at 0
2019-10-15 03:47:09,338 [915da940-e35d-4c60-836c-0a1be48177ee@group-B83B5095E055-SegmentedRaftLogWorker] INFO  segmented.SegmentedRaftLogWorker (SegmentedRaftLogWorker.java:execute(574)) - 915da940-e35d-4c60-836c-0a1be48177ee@group-B83B5095E055-SegmentedRaftLogWorker: created new log segment /workdir/hadoop-ozone/integration-test/target/test-dir/MiniOzoneClusterImpl-14e02325-d020-4b03-9219-3bf7a6491ac8/datanode-0/data/ratis/ebc498c0-c29e-44d2-ad9f-b83b5095e055/current/log_inprogress_0
2019-10-15 03:47:09,338 [8584d7f0-29e1-401d-98fd-0a0944771c35@group-7B1F037C2D08-SegmentedRaftLogWorker] INFO  segmented.SegmentedRaftLogWorker (SegmentedRaftLogWorker.java:execute(574)) - 8584d7f0-29e1-401d-98fd-0a0944771c35@group-7B1F037C2D08-SegmentedRaftLogWorker: created new log segment /workdir/hadoop-ozone/integration-test/target/test-dir/MiniOzoneClusterImpl-14e02325-d020-4b03-9219-3bf7a6491ac8/datanode-1/data/ratis/e3f4f4a7-4107-4042-9aae-7b1f037c2d08/current/log_inprogress_0
2019-10-15 03:47:09,469 [Thread-2376] INFO  impl.FollowerState (FollowerState.java:run(108)) - 7acefc03-bfe6-43d1-a874-8e30198b0fbb@group-435BB9ADD02E-FollowerState: change to CANDIDATE, lastRpcTime:5151ms, electionTimeout:5151ms
2019-10-15 03:47:09,469 [Thread-2376] INFO  impl.RoleInfo (RoleInfo.java:shutdownFollowerState(121)) - 7acefc03-bfe6-43d1-a874-8e30198b0fbb: shutdown FollowerState
2019-10-15 03:47:09,470 [Thread-2376] INFO  impl.RaftServerImpl (RaftServerImpl.java:setRole(170)) - 7acefc03-bfe6-43d1-a874-8e30198b0fbb@group-435BB9ADD02E: changes role from  FOLLOWER to CANDIDATE at term 0 for changeToCandidate
2019-10-15 03:47:09,470 [Thread-2376] INFO  impl.RoleInfo (RoleInfo.java:updateAndGet(143)) - 7acefc03-bfe6-43d1-a874-8e30198b0fbb: start LeaderElection
2019-10-15 03:47:09,505 [7acefc03-bfe6-43d1-a874-8e30198b0fbb@group-435BB9ADD02E-LeaderElection96] INFO  impl.LeaderElection (LeaderElection.java:askForVotes(178)) - 7acefc03-bfe6-43d1-a874-8e30198b0fbb@group-435BB9ADD02E-LeaderElection96: begin an election at term 1 for -1: [7acefc03-bfe6-43d1-a874-8e30198b0fbb:192.168.157.236:39328], old=null
2019-10-15 03:47:09,505 [7acefc03-bfe6-43d1-a874-8e30198b0fbb@group-435BB9ADD02E-LeaderElection96] INFO  impl.RoleInfo (RoleInfo.java:shutdownLeaderElection(134)) - 7acefc03-bfe6-43d1-a874-8e30198b0fbb: shutdown LeaderElection
2019-10-15 03:47:09,505 [7acefc03-bfe6-43d1-a874-8e30198b0fbb@group-435BB9ADD02E-LeaderElection96] INFO  impl.RaftServerImpl (RaftServerImpl.java:setRole(170)) - 7acefc03-bfe6-43d1-a874-8e30198b0fbb@group-435BB9ADD02E: changes role from CANDIDATE to LEADER at term 1 for changeToLeader
2019-10-15 03:47:09,505 [7acefc03-bfe6-43d1-a874-8e30198b0fbb@group-435BB9ADD02E-LeaderElection96] INFO  impl.RaftServerImpl (ServerState.java:setLeader(255)) - 7acefc03-bfe6-43d1-a874-8e30198b0fbb@group-435BB9ADD02E: change Leader from null to 7acefc03-bfe6-43d1-a874-8e30198b0fbb at term 1 for becomeLeader, leader elected after 5193ms
2019-10-15 03:47:09,506 [7acefc03-bfe6-43d1-a874-8e30198b0fbb@group-435BB9ADD02E-LeaderElection96] INFO  server.RaftServerConfigKeys (ConfUtils.java:logGet(43)) - raft.server.staging.catchup.gap = 1000 (default)
2019-10-15 03:47:09,506 [7acefc03-bfe6-43d1-a874-8e30198b0fbb@group-435BB9ADD02E-LeaderElection96] INFO  server.RaftServerConfigKeys (ConfUtils.java:logGet(43)) - raft.server.rpc.sleep.time = 25ms (default)
2019-10-15 03:47:09,506 [7acefc03-bfe6-43d1-a874-8e30198b0fbb@group-435BB9ADD02E-LeaderElection96] INFO  server.RaftServerConfigKeys (ConfUtils.java:logGet(43)) - raft.server.write.element-limit = 4096 (default)
2019-10-15 03:47:09,506 [7acefc03-bfe6-43d1-a874-8e30198b0fbb@group-435BB9ADD02E-LeaderElection96] INFO  server.RaftServerConfigKeys (ConfUtils.java:logGet(43)) - raft.server.watch.timeout = 10s (default)
2019-10-15 03:47:09,506 [7acefc03-bfe6-43d1-a874-8e30198b0fbb@group-435BB9ADD02E-LeaderElection96] INFO  server.RaftServerConfigKeys (ConfUtils.java:logGet(43)) - raft.server.watch.timeout.denomination = 1s (default)
2019-10-15 03:47:09,506 [7acefc03-bfe6-43d1-a874-8e30198b0fbb@group-435BB9ADD02E-LeaderElection96] INFO  server.RaftServerConfigKeys (ConfUtils.java:logGet(43)) - raft.server.watch.element-limit = 65536 (default)
2019-10-15 03:47:09,508 [7acefc03-bfe6-43d1-a874-8e30198b0fbb@group-435BB9ADD02E-LeaderElection96] INFO  impl.RoleInfo (RoleInfo.java:updateAndGet(143)) - 7acefc03-bfe6-43d1-a874-8e30198b0fbb: start LeaderState
2019-10-15 03:47:09,508 [7acefc03-bfe6-43d1-a874-8e30198b0fbb@group-435BB9ADD02E-LeaderElection96] INFO  segmented.SegmentedRaftLogWorker (SegmentedRaftLogWorker.java:startLogSegment(385)) - 7acefc03-bfe6-43d1-a874-8e30198b0fbb@group-435BB9ADD02E-SegmentedRaftLogWorker: Starting segment from index:0
2019-10-15 03:47:09,509 [7acefc03-bfe6-43d1-a874-8e30198b0fbb@group-435BB9ADD02E-LeaderElection96] INFO  impl.RaftServerImpl (ServerState.java:setRaftConf(356)) - 7acefc03-bfe6-43d1-a874-8e30198b0fbb@group-435BB9ADD02E: set configuration 0: [7acefc03-bfe6-43d1-a874-8e30198b0fbb:192.168.157.236:39328], old=null at 0
2019-10-15 03:47:09,532 [Thread-2382] INFO  impl.FollowerState (FollowerState.java:run(108)) - 04a41960-4c74-4c0c-8a88-98148ffd280d@group-94B4E5688B0F-FollowerState: change to CANDIDATE, lastRpcTime:5068ms, electionTimeout:5068ms
2019-10-15 03:47:09,532 [Thread-2382] INFO  impl.RoleInfo (RoleInfo.java:shutdownFollowerState(121)) - 04a41960-4c74-4c0c-8a88-98148ffd280d: shutdown FollowerState
2019-10-15 03:47:09,532 [Thread-2382] INFO  impl.RaftServerImpl (RaftServerImpl.java:setRole(170)) - 04a41960-4c74-4c0c-8a88-98148ffd280d@group-94B4E5688B0F: changes role from  FOLLOWER to CANDIDATE at term 0 for changeToCandidate
2019-10-15 03:47:09,532 [Thread-2382] INFO  impl.RoleInfo (RoleInfo.java:updateAndGet(143)) - 04a41960-4c74-4c0c-8a88-98148ffd280d: start LeaderElection
2019-10-15 03:47:09,572 [7acefc03-bfe6-43d1-a874-8e30198b0fbb@group-435BB9ADD02E-SegmentedRaftLogWorker] INFO  segmented.SegmentedRaftLogWorker (SegmentedRaftLogWorker.java:execute(574)) - 7acefc03-bfe6-43d1-a874-8e30198b0fbb@group-435BB9ADD02E-SegmentedRaftLogWorker: created new log segment /workdir/hadoop-ozone/integration-test/target/test-dir/MiniOzoneClusterImpl-14e02325-d020-4b03-9219-3bf7a6491ac8/datanode-2/data/ratis/47c847d8-e5dc-4ee3-be25-435bb9add02e/current/log_inprogress_0
2019-10-15 03:47:09,572 [04a41960-4c74-4c0c-8a88-98148ffd280d@group-94B4E5688B0F-LeaderElection97] INFO  impl.LeaderElection (LeaderElection.java:askForVotes(178)) - 04a41960-4c74-4c0c-8a88-98148ffd280d@group-94B4E5688B0F-LeaderElection97: begin an election at term 1 for -1: [04a41960-4c74-4c0c-8a88-98148ffd280d:192.168.157.236:38565], old=null
2019-10-15 03:47:09,572 [04a41960-4c74-4c0c-8a88-98148ffd280d@group-94B4E5688B0F-LeaderElection97] INFO  impl.RoleInfo (RoleInfo.java:shutdownLeaderElection(134)) - 04a41960-4c74-4c0c-8a88-98148ffd280d: shutdown LeaderElection
2019-10-15 03:47:09,573 [04a41960-4c74-4c0c-8a88-98148ffd280d@group-94B4E5688B0F-LeaderElection97] INFO  impl.RaftServerImpl (RaftServerImpl.java:setRole(170)) - 04a41960-4c74-4c0c-8a88-98148ffd280d@group-94B4E5688B0F: changes role from CANDIDATE to LEADER at term 1 for changeToLeader
2019-10-15 03:47:09,573 [04a41960-4c74-4c0c-8a88-98148ffd280d@group-94B4E5688B0F-LeaderElection97] INFO  impl.RaftServerImpl (ServerState.java:setLeader(255)) - 04a41960-4c74-4c0c-8a88-98148ffd280d@group-94B4E5688B0F: change Leader from null to 04a41960-4c74-4c0c-8a88-98148ffd280d at term 1 for becomeLeader, leader elected after 5116ms
2019-10-15 03:47:09,573 [04a41960-4c74-4c0c-8a88-98148ffd280d@group-94B4E5688B0F-LeaderElection97] INFO  server.RaftServerConfigKeys (ConfUtils.java:logGet(43)) - raft.server.staging.catchup.gap = 1000 (default)
2019-10-15 03:47:09,573 [04a41960-4c74-4c0c-8a88-98148ffd280d@group-94B4E5688B0F-LeaderElection97] INFO  server.RaftServerConfigKeys (ConfUtils.java:logGet(43)) - raft.server.rpc.sleep.time = 25ms (default)
2019-10-15 03:47:09,573 [04a41960-4c74-4c0c-8a88-98148ffd280d@group-94B4E5688B0F-LeaderElection97] INFO  server.RaftServerConfigKeys (ConfUtils.java:logGet(43)) - raft.server.write.element-limit = 4096 (default)
2019-10-15 03:47:09,573 [04a41960-4c74-4c0c-8a88-98148ffd280d@group-94B4E5688B0F-LeaderElection97] INFO  server.RaftServerConfigKeys (ConfUtils.java:logGet(43)) - raft.server.watch.timeout = 10s (default)
2019-10-15 03:47:09,573 [04a41960-4c74-4c0c-8a88-98148ffd280d@group-94B4E5688B0F-LeaderElection97] INFO  server.RaftServerConfigKeys (ConfUtils.java:logGet(43)) - raft.server.watch.timeout.denomination = 1s (default)
2019-10-15 03:47:09,574 [04a41960-4c74-4c0c-8a88-98148ffd280d@group-94B4E5688B0F-LeaderElection97] INFO  server.RaftServerConfigKeys (ConfUtils.java:logGet(43)) - raft.server.watch.element-limit = 65536 (default)
2019-10-15 03:47:09,575 [04a41960-4c74-4c0c-8a88-98148ffd280d@group-94B4E5688B0F-LeaderElection97] INFO  impl.RoleInfo (RoleInfo.java:updateAndGet(143)) - 04a41960-4c74-4c0c-8a88-98148ffd280d: start LeaderState
2019-10-15 03:47:09,576 [04a41960-4c74-4c0c-8a88-98148ffd280d@group-94B4E5688B0F-LeaderElection97] INFO  segmented.SegmentedRaftLogWorker (SegmentedRaftLogWorker.java:startLogSegment(385)) - 04a41960-4c74-4c0c-8a88-98148ffd280d@group-94B4E5688B0F-SegmentedRaftLogWorker: Starting segment from index:0
2019-10-15 03:47:09,576 [04a41960-4c74-4c0c-8a88-98148ffd280d@group-94B4E5688B0F-LeaderElection97] INFO  impl.RaftServerImpl (ServerState.java:setRaftConf(356)) - 04a41960-4c74-4c0c-8a88-98148ffd280d@group-94B4E5688B0F: set configuration 0: [04a41960-4c74-4c0c-8a88-98148ffd280d:192.168.157.236:38565], old=null at 0
2019-10-15 03:47:09,582 [Thread-2379] INFO  impl.FollowerState (FollowerState.java:run(108)) - d97f7fe5-0dca-42f9-9a49-18c0e60a1798@group-7A16415FCDC3-FollowerState: change to CANDIDATE, lastRpcTime:5195ms, electionTimeout:5195ms
2019-10-15 03:47:09,583 [Thread-2379] INFO  impl.RoleInfo (RoleInfo.java:shutdownFollowerState(121)) - d97f7fe5-0dca-42f9-9a49-18c0e60a1798: shutdown FollowerState
2019-10-15 03:47:09,583 [Thread-2379] INFO  impl.RaftServerImpl (RaftServerImpl.java:setRole(170)) - d97f7fe5-0dca-42f9-9a49-18c0e60a1798@group-7A16415FCDC3: changes role from  FOLLOWER to CANDIDATE at term 0 for changeToCandidate
2019-10-15 03:47:09,583 [Thread-2379] INFO  impl.RoleInfo (RoleInfo.java:updateAndGet(143)) - d97f7fe5-0dca-42f9-9a49-18c0e60a1798: start LeaderElection
2019-10-15 03:47:09,631 [04a41960-4c74-4c0c-8a88-98148ffd280d@group-94B4E5688B0F-SegmentedRaftLogWorker] INFO  segmented.SegmentedRaftLogWorker (SegmentedRaftLogWorker.java:execute(574)) - 04a41960-4c74-4c0c-8a88-98148ffd280d@group-94B4E5688B0F-SegmentedRaftLogWorker: created new log segment /workdir/hadoop-ozone/integration-test/target/test-dir/MiniOzoneClusterImpl-14e02325-d020-4b03-9219-3bf7a6491ac8/datanode-4/data/ratis/11f3f6ac-5a41-4517-85fe-94b4e5688b0f/current/log_inprogress_0
2019-10-15 03:47:09,631 [d97f7fe5-0dca-42f9-9a49-18c0e60a1798@group-7A16415FCDC3-LeaderElection98] INFO  impl.LeaderElection (LeaderElection.java:askForVotes(178)) - d97f7fe5-0dca-42f9-9a49-18c0e60a1798@group-7A16415FCDC3-LeaderElection98: begin an election at term 1 for -1: [d97f7fe5-0dca-42f9-9a49-18c0e60a1798:192.168.157.236:44231], old=null
2019-10-15 03:47:09,631 [d97f7fe5-0dca-42f9-9a49-18c0e60a1798@group-7A16415FCDC3-LeaderElection98] INFO  impl.RoleInfo (RoleInfo.java:shutdownLeaderElection(134)) - d97f7fe5-0dca-42f9-9a49-18c0e60a1798: shutdown LeaderElection
2019-10-15 03:47:09,632 [d97f7fe5-0dca-42f9-9a49-18c0e60a1798@group-7A16415FCDC3-LeaderElection98] INFO  impl.RaftServerImpl (RaftServerImpl.java:setRole(170)) - d97f7fe5-0dca-42f9-9a49-18c0e60a1798@group-7A16415FCDC3: changes role from CANDIDATE to LEADER at term 1 for changeToLeader
2019-10-15 03:47:09,632 [d97f7fe5-0dca-42f9-9a49-18c0e60a1798@group-7A16415FCDC3-LeaderElection98] INFO  impl.RaftServerImpl (ServerState.java:setLeader(255)) - d97f7fe5-0dca-42f9-9a49-18c0e60a1798@group-7A16415FCDC3: change Leader from null to d97f7fe5-0dca-42f9-9a49-18c0e60a1798 at term 1 for becomeLeader, leader elected after 5251ms
2019-10-15 03:47:09,632 [d97f7fe5-0dca-42f9-9a49-18c0e60a1798@group-7A16415FCDC3-LeaderElection98] INFO  server.RaftServerConfigKeys (ConfUtils.java:logGet(43)) - raft.server.staging.catchup.gap = 1000 (default)
2019-10-15 03:47:09,632 [d97f7fe5-0dca-42f9-9a49-18c0e60a1798@group-7A16415FCDC3-LeaderElection98] INFO  server.RaftServerConfigKeys (ConfUtils.java:logGet(43)) - raft.server.rpc.sleep.time = 25ms (default)
2019-10-15 03:47:09,632 [d97f7fe5-0dca-42f9-9a49-18c0e60a1798@group-7A16415FCDC3-LeaderElection98] INFO  server.RaftServerConfigKeys (ConfUtils.java:logGet(43)) - raft.server.write.element-limit = 4096 (default)
2019-10-15 03:47:09,632 [d97f7fe5-0dca-42f9-9a49-18c0e60a1798@group-7A16415FCDC3-LeaderElection98] INFO  server.RaftServerConfigKeys (ConfUtils.java:logGet(43)) - raft.server.watch.timeout = 10s (default)
2019-10-15 03:47:09,632 [d97f7fe5-0dca-42f9-9a49-18c0e60a1798@group-7A16415FCDC3-LeaderElection98] INFO  server.RaftServerConfigKeys (ConfUtils.java:logGet(43)) - raft.server.watch.timeout.denomination = 1s (default)
2019-10-15 03:47:09,632 [d97f7fe5-0dca-42f9-9a49-18c0e60a1798@group-7A16415FCDC3-LeaderElection98] INFO  server.RaftServerConfigKeys (ConfUtils.java:logGet(43)) - raft.server.watch.element-limit = 65536 (default)
2019-10-15 03:47:09,633 [d97f7fe5-0dca-42f9-9a49-18c0e60a1798@group-7A16415FCDC3-LeaderElection98] INFO  impl.RoleInfo (RoleInfo.java:updateAndGet(143)) - d97f7fe5-0dca-42f9-9a49-18c0e60a1798: start LeaderState
2019-10-15 03:47:09,634 [d97f7fe5-0dca-42f9-9a49-18c0e60a1798@group-7A16415FCDC3-LeaderElection98] INFO  segmented.SegmentedRaftLogWorker (SegmentedRaftLogWorker.java:startLogSegment(385)) - d97f7fe5-0dca-42f9-9a49-18c0e60a1798@group-7A16415FCDC3-SegmentedRaftLogWorker: Starting segment from index:0
2019-10-15 03:47:09,634 [d97f7fe5-0dca-42f9-9a49-18c0e60a1798@group-7A16415FCDC3-LeaderElection98] INFO  impl.RaftServerImpl (ServerState.java:setRaftConf(356)) - d97f7fe5-0dca-42f9-9a49-18c0e60a1798@group-7A16415FCDC3: set configuration 0: [d97f7fe5-0dca-42f9-9a49-18c0e60a1798:192.168.157.236:44231], old=null at 0
2019-10-15 03:47:09,672 [Thread-2385] INFO  impl.FollowerState (FollowerState.java:run(108)) - ca9a59ac-bda1-4176-abf7-2f7d9f4cd8f3@group-87120075C977-FollowerState: change to CANDIDATE, lastRpcTime:5133ms, electionTimeout:5133ms
2019-10-15 03:47:09,673 [Thread-2385] INFO  impl.RoleInfo (RoleInfo.java:shutdownFollowerState(121)) - ca9a59ac-bda1-4176-abf7-2f7d9f4cd8f3: shutdown FollowerState
2019-10-15 03:47:09,673 [Thread-2385] INFO  impl.RaftServerImpl (RaftServerImpl.java:setRole(170)) - ca9a59ac-bda1-4176-abf7-2f7d9f4cd8f3@group-87120075C977: changes role from  FOLLOWER to CANDIDATE at term 0 for changeToCandidate
2019-10-15 03:47:09,673 [Thread-2385] INFO  impl.RoleInfo (RoleInfo.java:updateAndGet(143)) - ca9a59ac-bda1-4176-abf7-2f7d9f4cd8f3: start LeaderElection
2019-10-15 03:47:09,690 [d97f7fe5-0dca-42f9-9a49-18c0e60a1798@group-7A16415FCDC3-SegmentedRaftLogWorker] INFO  segmented.SegmentedRaftLogWorker (SegmentedRaftLogWorker.java:execute(574)) - d97f7fe5-0dca-42f9-9a49-18c0e60a1798@group-7A16415FCDC3-SegmentedRaftLogWorker: created new log segment /workdir/hadoop-ozone/integration-test/target/test-dir/MiniOzoneClusterImpl-14e02325-d020-4b03-9219-3bf7a6491ac8/datanode-3/data/ratis/e981ba8f-a457-4eca-b51b-7a16415fcdc3/current/log_inprogress_0
2019-10-15 03:47:09,707 [ca9a59ac-bda1-4176-abf7-2f7d9f4cd8f3@group-87120075C977-LeaderElection99] INFO  impl.LeaderElection (LeaderElection.java:askForVotes(178)) - ca9a59ac-bda1-4176-abf7-2f7d9f4cd8f3@group-87120075C977-LeaderElection99: begin an election at term 1 for -1: [ca9a59ac-bda1-4176-abf7-2f7d9f4cd8f3:192.168.157.236:32915], old=null
2019-10-15 03:47:09,707 [ca9a59ac-bda1-4176-abf7-2f7d9f4cd8f3@group-87120075C977-LeaderElection99] INFO  impl.RoleInfo (RoleInfo.java:shutdownLeaderElection(134)) - ca9a59ac-bda1-4176-abf7-2f7d9f4cd8f3: shutdown LeaderElection
2019-10-15 03:47:09,707 [ca9a59ac-bda1-4176-abf7-2f7d9f4cd8f3@group-87120075C977-LeaderElection99] INFO  impl.RaftServerImpl (RaftServerImpl.java:setRole(170)) - ca9a59ac-bda1-4176-abf7-2f7d9f4cd8f3@group-87120075C977: changes role from CANDIDATE to LEADER at term 1 for changeToLeader
2019-10-15 03:47:09,708 [ca9a59ac-bda1-4176-abf7-2f7d9f4cd8f3@group-87120075C977-LeaderElection99] INFO  impl.RaftServerImpl (ServerState.java:setLeader(255)) - ca9a59ac-bda1-4176-abf7-2f7d9f4cd8f3@group-87120075C977: change Leader from null to ca9a59ac-bda1-4176-abf7-2f7d9f4cd8f3 at term 1 for becomeLeader, leader elected after 5175ms
2019-10-15 03:47:09,708 [ca9a59ac-bda1-4176-abf7-2f7d9f4cd8f3@group-87120075C977-LeaderElection99] INFO  server.RaftServerConfigKeys (ConfUtils.java:logGet(43)) - raft.server.staging.catchup.gap = 1000 (default)
2019-10-15 03:47:09,708 [ca9a59ac-bda1-4176-abf7-2f7d9f4cd8f3@group-87120075C977-LeaderElection99] INFO  server.RaftServerConfigKeys (ConfUtils.java:logGet(43)) - raft.server.rpc.sleep.time = 25ms (default)
2019-10-15 03:47:09,708 [ca9a59ac-bda1-4176-abf7-2f7d9f4cd8f3@group-87120075C977-LeaderElection99] INFO  server.RaftServerConfigKeys (ConfUtils.java:logGet(43)) - raft.server.write.element-limit = 4096 (default)
2019-10-15 03:47:09,708 [ca9a59ac-bda1-4176-abf7-2f7d9f4cd8f3@group-87120075C977-LeaderElection99] INFO  server.RaftServerConfigKeys (ConfUtils.java:logGet(43)) - raft.server.watch.timeout = 10s (default)
2019-10-15 03:47:09,708 [ca9a59ac-bda1-4176-abf7-2f7d9f4cd8f3@group-87120075C977-LeaderElection99] INFO  server.RaftServerConfigKeys (ConfUtils.java:logGet(43)) - raft.server.watch.timeout.denomination = 1s (default)
2019-10-15 03:47:09,709 [ca9a59ac-bda1-4176-abf7-2f7d9f4cd8f3@group-87120075C977-LeaderElection99] INFO  server.RaftServerConfigKeys (ConfUtils.java:logGet(43)) - raft.server.watch.element-limit = 65536 (default)
2019-10-15 03:47:09,711 [ca9a59ac-bda1-4176-abf7-2f7d9f4cd8f3@group-87120075C977-LeaderElection99] INFO  impl.RoleInfo (RoleInfo.java:updateAndGet(143)) - ca9a59ac-bda1-4176-abf7-2f7d9f4cd8f3: start LeaderState
2019-10-15 03:47:09,712 [ca9a59ac-bda1-4176-abf7-2f7d9f4cd8f3@group-87120075C977-LeaderElection99] INFO  segmented.SegmentedRaftLogWorker (SegmentedRaftLogWorker.java:startLogSegment(385)) - ca9a59ac-bda1-4176-abf7-2f7d9f4cd8f3@group-87120075C977-SegmentedRaftLogWorker: Starting segment from index:0
2019-10-15 03:47:09,712 [ca9a59ac-bda1-4176-abf7-2f7d9f4cd8f3@group-87120075C977-LeaderElection99] INFO  impl.RaftServerImpl (ServerState.java:setRaftConf(356)) - ca9a59ac-bda1-4176-abf7-2f7d9f4cd8f3@group-87120075C977: set configuration 0: [ca9a59ac-bda1-4176-abf7-2f7d9f4cd8f3:192.168.157.236:32915], old=null at 0
2019-10-15 03:47:09,757 [ca9a59ac-bda1-4176-abf7-2f7d9f4cd8f3@group-87120075C977-SegmentedRaftLogWorker] INFO  segmented.SegmentedRaftLogWorker (SegmentedRaftLogWorker.java:execute(574)) - ca9a59ac-bda1-4176-abf7-2f7d9f4cd8f3@group-87120075C977-SegmentedRaftLogWorker: created new log segment /workdir/hadoop-ozone/integration-test/target/test-dir/MiniOzoneClusterImpl-14e02325-d020-4b03-9219-3bf7a6491ac8/datanode-5/data/ratis/861380bd-b3f3-4fe6-aca0-87120075c977/current/log_inprogress_0
2019-10-15 03:47:09,773 [Thread-2388] INFO  impl.FollowerState (FollowerState.java:run(108)) - 314665fc-2bb1-4b52-b3c5-0d81dc3c49e5@group-C645A7D03240-FollowerState: change to CANDIDATE, lastRpcTime:5157ms, electionTimeout:5157ms
2019-10-15 03:47:09,773 [Thread-2388] INFO  impl.RoleInfo (RoleInfo.java:shutdownFollowerState(121)) - 314665fc-2bb1-4b52-b3c5-0d81dc3c49e5: shutdown FollowerState
2019-10-15 03:47:09,773 [Thread-2388] INFO  impl.RaftServerImpl (RaftServerImpl.java:setRole(170)) - 314665fc-2bb1-4b52-b3c5-0d81dc3c49e5@group-C645A7D03240: changes role from  FOLLOWER to CANDIDATE at term 0 for changeToCandidate
2019-10-15 03:47:09,773 [Thread-2388] INFO  impl.RoleInfo (RoleInfo.java:updateAndGet(143)) - 314665fc-2bb1-4b52-b3c5-0d81dc3c49e5: start LeaderElection
2019-10-15 03:47:09,792 [Thread-2391] INFO  impl.FollowerState (FollowerState.java:run(108)) - 04a41960-4c74-4c0c-8a88-98148ffd280d@group-83149DB34020-FollowerState: change to CANDIDATE, lastRpcTime:5088ms, electionTimeout:5088ms
2019-10-15 03:47:09,792 [Thread-2391] INFO  impl.RoleInfo (RoleInfo.java:shutdownFollowerState(121)) - 04a41960-4c74-4c0c-8a88-98148ffd280d: shutdown FollowerState
2019-10-15 03:47:09,792 [Thread-2391] INFO  impl.RaftServerImpl (RaftServerImpl.java:setRole(170)) - 04a41960-4c74-4c0c-8a88-98148ffd280d@group-83149DB34020: changes role from  FOLLOWER to CANDIDATE at term 0 for changeToCandidate
2019-10-15 03:47:09,792 [Thread-2391] INFO  impl.RoleInfo (RoleInfo.java:updateAndGet(143)) - 04a41960-4c74-4c0c-8a88-98148ffd280d: start LeaderElection
2019-10-15 03:47:09,806 [Thread-2403] INFO  impl.FollowerState (FollowerState.java:run(108)) - 314665fc-2bb1-4b52-b3c5-0d81dc3c49e5@group-292C3B1616B4-FollowerState: change to CANDIDATE, lastRpcTime:5016ms, electionTimeout:5016ms
2019-10-15 03:47:09,806 [Thread-2403] INFO  impl.RoleInfo (RoleInfo.java:shutdownFollowerState(121)) - 314665fc-2bb1-4b52-b3c5-0d81dc3c49e5: shutdown FollowerState
2019-10-15 03:47:09,806 [Thread-2403] INFO  impl.RaftServerImpl (RaftServerImpl.java:setRole(170)) - 314665fc-2bb1-4b52-b3c5-0d81dc3c49e5@group-292C3B1616B4: changes role from  FOLLOWER to CANDIDATE at term 0 for changeToCandidate
2019-10-15 03:47:09,807 [Thread-2403] INFO  impl.RoleInfo (RoleInfo.java:updateAndGet(143)) - 314665fc-2bb1-4b52-b3c5-0d81dc3c49e5: start LeaderElection
2019-10-15 03:47:09,812 [314665fc-2bb1-4b52-b3c5-0d81dc3c49e5@group-C645A7D03240-LeaderElection100] INFO  impl.LeaderElection (LeaderElection.java:askForVotes(178)) - 314665fc-2bb1-4b52-b3c5-0d81dc3c49e5@group-C645A7D03240-LeaderElection100: begin an election at term 1 for -1: [314665fc-2bb1-4b52-b3c5-0d81dc3c49e5:192.168.157.236:34034], old=null
2019-10-15 03:47:09,812 [314665fc-2bb1-4b52-b3c5-0d81dc3c49e5@group-C645A7D03240-LeaderElection100] INFO  impl.RoleInfo (RoleInfo.java:shutdownLeaderElection(134)) - 314665fc-2bb1-4b52-b3c5-0d81dc3c49e5: shutdown LeaderElection
2019-10-15 03:47:09,812 [314665fc-2bb1-4b52-b3c5-0d81dc3c49e5@group-C645A7D03240-LeaderElection100] INFO  impl.RaftServerImpl (RaftServerImpl.java:setRole(170)) - 314665fc-2bb1-4b52-b3c5-0d81dc3c49e5@group-C645A7D03240: changes role from CANDIDATE to LEADER at term 1 for changeToLeader
2019-10-15 03:47:09,812 [314665fc-2bb1-4b52-b3c5-0d81dc3c49e5@group-C645A7D03240-LeaderElection100] INFO  impl.RaftServerImpl (ServerState.java:setLeader(255)) - 314665fc-2bb1-4b52-b3c5-0d81dc3c49e5@group-C645A7D03240: change Leader from null to 314665fc-2bb1-4b52-b3c5-0d81dc3c49e5 at term 1 for becomeLeader, leader elected after 5203ms
2019-10-15 03:47:09,812 [314665fc-2bb1-4b52-b3c5-0d81dc3c49e5@group-C645A7D03240-LeaderElection100] INFO  server.RaftServerConfigKeys (ConfUtils.java:logGet(43)) - raft.server.staging.catchup.gap = 1000 (default)
2019-10-15 03:47:09,813 [314665fc-2bb1-4b52-b3c5-0d81dc3c49e5@group-C645A7D03240-LeaderElection100] INFO  server.RaftServerConfigKeys (ConfUtils.java:logGet(43)) - raft.server.rpc.sleep.time = 25ms (default)
2019-10-15 03:47:09,813 [314665fc-2bb1-4b52-b3c5-0d81dc3c49e5@group-C645A7D03240-LeaderElection100] INFO  server.RaftServerConfigKeys (ConfUtils.java:logGet(43)) - raft.server.write.element-limit = 4096 (default)
2019-10-15 03:47:09,813 [314665fc-2bb1-4b52-b3c5-0d81dc3c49e5@group-C645A7D03240-LeaderElection100] INFO  server.RaftServerConfigKeys (ConfUtils.java:logGet(43)) - raft.server.watch.timeout = 10s (default)
2019-10-15 03:47:09,813 [314665fc-2bb1-4b52-b3c5-0d81dc3c49e5@group-C645A7D03240-LeaderElection100] INFO  server.RaftServerConfigKeys (ConfUtils.java:logGet(43)) - raft.server.watch.timeout.denomination = 1s (default)
2019-10-15 03:47:09,813 [314665fc-2bb1-4b52-b3c5-0d81dc3c49e5@group-C645A7D03240-LeaderElection100] INFO  server.RaftServerConfigKeys (ConfUtils.java:logGet(43)) - raft.server.watch.element-limit = 65536 (default)
2019-10-15 03:47:09,815 [314665fc-2bb1-4b52-b3c5-0d81dc3c49e5@group-C645A7D03240-LeaderElection100] INFO  impl.RoleInfo (RoleInfo.java:updateAndGet(143)) - 314665fc-2bb1-4b52-b3c5-0d81dc3c49e5: start LeaderState
2019-10-15 03:47:09,816 [314665fc-2bb1-4b52-b3c5-0d81dc3c49e5@group-C645A7D03240-LeaderElection100] INFO  segmented.SegmentedRaftLogWorker (SegmentedRaftLogWorker.java:startLogSegment(385)) - 314665fc-2bb1-4b52-b3c5-0d81dc3c49e5@group-C645A7D03240-SegmentedRaftLogWorker: Starting segment from index:0
2019-10-15 03:47:09,816 [314665fc-2bb1-4b52-b3c5-0d81dc3c49e5@group-C645A7D03240-LeaderElection100] INFO  impl.RaftServerImpl (ServerState.java:setRaftConf(356)) - 314665fc-2bb1-4b52-b3c5-0d81dc3c49e5@group-C645A7D03240: set configuration 0: [314665fc-2bb1-4b52-b3c5-0d81dc3c49e5:192.168.157.236:34034], old=null at 0
2019-10-15 03:47:09,824 [Thread-2395] INFO  impl.FollowerState (FollowerState.java:run(108)) - d97f7fe5-0dca-42f9-9a49-18c0e60a1798@group-83149DB34020-FollowerState: change to CANDIDATE, lastRpcTime:5115ms, electionTimeout:5115ms
2019-10-15 03:47:09,824 [Thread-2395] INFO  impl.RoleInfo (RoleInfo.java:shutdownFollowerState(121)) - d97f7fe5-0dca-42f9-9a49-18c0e60a1798: shutdown FollowerState
2019-10-15 03:47:09,824 [Thread-2395] INFO  impl.RaftServerImpl (RaftServerImpl.java:setRole(170)) - d97f7fe5-0dca-42f9-9a49-18c0e60a1798@group-83149DB34020: changes role from  FOLLOWER to CANDIDATE at term 0 for changeToCandidate
2019-10-15 03:47:09,824 [Thread-2395] INFO  impl.RoleInfo (RoleInfo.java:updateAndGet(143)) - d97f7fe5-0dca-42f9-9a49-18c0e60a1798: start LeaderElection
2019-10-15 03:47:09,843 [04a41960-4c74-4c0c-8a88-98148ffd280d@group-83149DB34020-LeaderElection101] INFO  impl.LeaderElection (LeaderElection.java:askForVotes(178)) - 04a41960-4c74-4c0c-8a88-98148ffd280d@group-83149DB34020-LeaderElection101: begin an election at term 1 for -1: [d97f7fe5-0dca-42f9-9a49-18c0e60a1798:192.168.157.236:44231, 04a41960-4c74-4c0c-8a88-98148ffd280d:192.168.157.236:38565, ca9a59ac-bda1-4176-abf7-2f7d9f4cd8f3:192.168.157.236:32915], old=null
2019-10-15 03:47:09,845 [314665fc-2bb1-4b52-b3c5-0d81dc3c49e5@group-292C3B1616B4-LeaderElection102] INFO  impl.LeaderElection (LeaderElection.java:askForVotes(178)) - 314665fc-2bb1-4b52-b3c5-0d81dc3c49e5@group-292C3B1616B4-LeaderElection102: begin an election at term 1 for -1: [8584d7f0-29e1-401d-98fd-0a0944771c35:192.168.157.236:41782, 915da940-e35d-4c60-836c-0a1be48177ee:192.168.157.236:40740, 314665fc-2bb1-4b52-b3c5-0d81dc3c49e5:192.168.157.236:34034], old=null
2019-10-15 03:47:09,853 [grpc-default-executor-5] INFO  impl.RaftServerImpl (RaftServerImpl.java:setRole(170)) - 8584d7f0-29e1-401d-98fd-0a0944771c35@group-292C3B1616B4: changes role from  FOLLOWER to FOLLOWER at term 1 for recognizeCandidate:314665fc-2bb1-4b52-b3c5-0d81dc3c49e5
2019-10-15 03:47:09,853 [grpc-default-executor-5] INFO  impl.RoleInfo (RoleInfo.java:shutdownFollowerState(121)) - 8584d7f0-29e1-401d-98fd-0a0944771c35: shutdown FollowerState
2019-10-15 03:47:09,853 [grpc-default-executor-5] INFO  impl.RoleInfo (RoleInfo.java:updateAndGet(143)) - 8584d7f0-29e1-401d-98fd-0a0944771c35: start FollowerState
2019-10-15 03:47:09,855 [grpc-default-executor-3] INFO  impl.RaftServerImpl (RaftServerImpl.java:setRole(170)) - 915da940-e35d-4c60-836c-0a1be48177ee@group-292C3B1616B4: changes role from  FOLLOWER to FOLLOWER at term 1 for recognizeCandidate:314665fc-2bb1-4b52-b3c5-0d81dc3c49e5
2019-10-15 03:47:09,856 [grpc-default-executor-3] INFO  impl.RoleInfo (RoleInfo.java:shutdownFollowerState(121)) - 915da940-e35d-4c60-836c-0a1be48177ee: shutdown FollowerState
2019-10-15 03:47:09,854 [grpc-default-executor-7] INFO  impl.RaftServerImpl (RaftServerImpl.java:setRole(170)) - ca9a59ac-bda1-4176-abf7-2f7d9f4cd8f3@group-83149DB34020: changes role from  FOLLOWER to FOLLOWER at term 1 for recognizeCandidate:04a41960-4c74-4c0c-8a88-98148ffd280d
2019-10-15 03:47:09,856 [grpc-default-executor-7] INFO  impl.RoleInfo (RoleInfo.java:shutdownFollowerState(121)) - ca9a59ac-bda1-4176-abf7-2f7d9f4cd8f3: shutdown FollowerState
2019-10-15 03:47:09,854 [Thread-2401] INFO  impl.FollowerState (FollowerState.java:run(117)) - 8584d7f0-29e1-401d-98fd-0a0944771c35@group-292C3B1616B4-FollowerState was interrupted: java.lang.InterruptedException: sleep interrupted
2019-10-15 03:47:09,856 [Thread-2396] INFO  impl.FollowerState (FollowerState.java:run(117)) - ca9a59ac-bda1-4176-abf7-2f7d9f4cd8f3@group-83149DB34020-FollowerState was interrupted: java.lang.InterruptedException: sleep interrupted
2019-10-15 03:47:09,856 [grpc-default-executor-7] INFO  impl.RoleInfo (RoleInfo.java:updateAndGet(143)) - ca9a59ac-bda1-4176-abf7-2f7d9f4cd8f3: start FollowerState
2019-10-15 03:47:09,856 [Thread-2404] INFO  impl.FollowerState (FollowerState.java:run(117)) - 915da940-e35d-4c60-836c-0a1be48177ee@group-292C3B1616B4-FollowerState was interrupted: java.lang.InterruptedException: sleep interrupted
2019-10-15 03:47:09,856 [grpc-default-executor-3] INFO  impl.RoleInfo (RoleInfo.java:updateAndGet(143)) - 915da940-e35d-4c60-836c-0a1be48177ee: start FollowerState
2019-10-15 03:47:09,868 [314665fc-2bb1-4b52-b3c5-0d81dc3c49e5@group-C645A7D03240-SegmentedRaftLogWorker] INFO  segmented.SegmentedRaftLogWorker (SegmentedRaftLogWorker.java:execute(574)) - 314665fc-2bb1-4b52-b3c5-0d81dc3c49e5@group-C645A7D03240-SegmentedRaftLogWorker: created new log segment /workdir/hadoop-ozone/integration-test/target/test-dir/MiniOzoneClusterImpl-14e02325-d020-4b03-9219-3bf7a6491ac8/datanode-6/data/ratis/30856ae7-e19d-434c-abb1-c645a7d03240/current/log_inprogress_0
2019-10-15 03:47:09,868 [d97f7fe5-0dca-42f9-9a49-18c0e60a1798@group-83149DB34020-LeaderElection103] INFO  impl.LeaderElection (LeaderElection.java:askForVotes(178)) - d97f7fe5-0dca-42f9-9a49-18c0e60a1798@group-83149DB34020-LeaderElection103: begin an election at term 1 for -1: [d97f7fe5-0dca-42f9-9a49-18c0e60a1798:192.168.157.236:44231, 04a41960-4c74-4c0c-8a88-98148ffd280d:192.168.157.236:38565, ca9a59ac-bda1-4176-abf7-2f7d9f4cd8f3:192.168.157.236:32915], old=null
2019-10-15 03:47:09,886 [314665fc-2bb1-4b52-b3c5-0d81dc3c49e5@group-292C3B1616B4-LeaderElection102] INFO  impl.LeaderElection (LeaderElection.java:logAndReturn(56)) - 314665fc-2bb1-4b52-b3c5-0d81dc3c49e5@group-292C3B1616B4-LeaderElection102: Election PASSED; received 1 response(s) [314665fc-2bb1-4b52-b3c5-0d81dc3c49e5<-8584d7f0-29e1-401d-98fd-0a0944771c35#0:OK-t1] and 0 exception(s); 314665fc-2bb1-4b52-b3c5-0d81dc3c49e5@group-292C3B1616B4:t1, leader=null, voted=314665fc-2bb1-4b52-b3c5-0d81dc3c49e5, raftlog=314665fc-2bb1-4b52-b3c5-0d81dc3c49e5@group-292C3B1616B4-SegmentedRaftLog:OPENED:c-1,f-1,i0, conf=-1: [8584d7f0-29e1-401d-98fd-0a0944771c35:192.168.157.236:41782, 915da940-e35d-4c60-836c-0a1be48177ee:192.168.157.236:40740, 314665fc-2bb1-4b52-b3c5-0d81dc3c49e5:192.168.157.236:34034], old=null
2019-10-15 03:47:09,886 [04a41960-4c74-4c0c-8a88-98148ffd280d@group-83149DB34020-LeaderElection101] INFO  impl.LeaderElection (LeaderElection.java:logAndReturn(56)) - 04a41960-4c74-4c0c-8a88-98148ffd280d@group-83149DB34020-LeaderElection101: Election PASSED; received 2 response(s) [04a41960-4c74-4c0c-8a88-98148ffd280d<-d97f7fe5-0dca-42f9-9a49-18c0e60a1798#0:FAIL-t1, 04a41960-4c74-4c0c-8a88-98148ffd280d<-ca9a59ac-bda1-4176-abf7-2f7d9f4cd8f3#0:OK-t1] and 0 exception(s); 04a41960-4c74-4c0c-8a88-98148ffd280d@group-83149DB34020:t1, leader=null, voted=04a41960-4c74-4c0c-8a88-98148ffd280d, raftlog=04a41960-4c74-4c0c-8a88-98148ffd280d@group-83149DB34020-SegmentedRaftLog:OPENED:c-1,f-1,i0, conf=-1: [d97f7fe5-0dca-42f9-9a49-18c0e60a1798:192.168.157.236:44231, 04a41960-4c74-4c0c-8a88-98148ffd280d:192.168.157.236:38565, ca9a59ac-bda1-4176-abf7-2f7d9f4cd8f3:192.168.157.236:32915], old=null
2019-10-15 03:47:09,886 [314665fc-2bb1-4b52-b3c5-0d81dc3c49e5@group-292C3B1616B4-LeaderElection102] INFO  impl.RoleInfo (RoleInfo.java:shutdownLeaderElection(134)) - 314665fc-2bb1-4b52-b3c5-0d81dc3c49e5: shutdown LeaderElection
2019-10-15 03:47:09,886 [04a41960-4c74-4c0c-8a88-98148ffd280d@group-83149DB34020-LeaderElection101] INFO  impl.RoleInfo (RoleInfo.java:shutdownLeaderElection(134)) - 04a41960-4c74-4c0c-8a88-98148ffd280d: shutdown LeaderElection
2019-10-15 03:47:09,887 [d97f7fe5-0dca-42f9-9a49-18c0e60a1798@group-83149DB34020-LeaderElection103] INFO  impl.LeaderElection (LeaderElection.java:logAndReturn(56)) - d97f7fe5-0dca-42f9-9a49-18c0e60a1798@group-83149DB34020-LeaderElection103: Election REJECTED; received 2 response(s) [d97f7fe5-0dca-42f9-9a49-18c0e60a1798<-04a41960-4c74-4c0c-8a88-98148ffd280d#0:FAIL-t1, d97f7fe5-0dca-42f9-9a49-18c0e60a1798<-ca9a59ac-bda1-4176-abf7-2f7d9f4cd8f3#0:FAIL-t1] and 0 exception(s); d97f7fe5-0dca-42f9-9a49-18c0e60a1798@group-83149DB34020:t1, leader=null, voted=d97f7fe5-0dca-42f9-9a49-18c0e60a1798, raftlog=d97f7fe5-0dca-42f9-9a49-18c0e60a1798@group-83149DB34020-SegmentedRaftLog:OPENED:c-1,f-1,i0, conf=-1: [d97f7fe5-0dca-42f9-9a49-18c0e60a1798:192.168.157.236:44231, 04a41960-4c74-4c0c-8a88-98148ffd280d:192.168.157.236:38565, ca9a59ac-bda1-4176-abf7-2f7d9f4cd8f3:192.168.157.236:32915], old=null
2019-10-15 03:47:09,887 [04a41960-4c74-4c0c-8a88-98148ffd280d@group-83149DB34020-LeaderElection101] INFO  impl.RaftServerImpl (RaftServerImpl.java:setRole(170)) - 04a41960-4c74-4c0c-8a88-98148ffd280d@group-83149DB34020: changes role from CANDIDATE to LEADER at term 1 for changeToLeader
2019-10-15 03:47:09,887 [314665fc-2bb1-4b52-b3c5-0d81dc3c49e5@group-292C3B1616B4-LeaderElection102] INFO  impl.RaftServerImpl (RaftServerImpl.java:setRole(170)) - 314665fc-2bb1-4b52-b3c5-0d81dc3c49e5@group-292C3B1616B4: changes role from CANDIDATE to LEADER at term 1 for changeToLeader
2019-10-15 03:47:09,887 [04a41960-4c74-4c0c-8a88-98148ffd280d@group-83149DB34020-LeaderElection101] INFO  impl.RaftServerImpl (ServerState.java:setLeader(255)) - 04a41960-4c74-4c0c-8a88-98148ffd280d@group-83149DB34020: change Leader from null to 04a41960-4c74-4c0c-8a88-98148ffd280d at term 1 for becomeLeader, leader elected after 5192ms
2019-10-15 03:47:09,887 [d97f7fe5-0dca-42f9-9a49-18c0e60a1798@group-83149DB34020-LeaderElection103] INFO  impl.RaftServerImpl (RaftServerImpl.java:setRole(170)) - d97f7fe5-0dca-42f9-9a49-18c0e60a1798@group-83149DB34020: changes role from CANDIDATE to FOLLOWER at term 1 for DISCOVERED_A_NEW_TERM
2019-10-15 03:47:09,887 [04a41960-4c74-4c0c-8a88-98148ffd280d@group-83149DB34020-LeaderElection101] INFO  server.RaftServerConfigKeys (ConfUtils.java:logGet(43)) - raft.server.staging.catchup.gap = 1000 (default)
2019-10-15 03:47:09,887 [314665fc-2bb1-4b52-b3c5-0d81dc3c49e5@group-292C3B1616B4-LeaderElection102] INFO  impl.RaftServerImpl (ServerState.java:setLeader(255)) - 314665fc-2bb1-4b52-b3c5-0d81dc3c49e5@group-292C3B1616B4: change Leader from null to 314665fc-2bb1-4b52-b3c5-0d81dc3c49e5 at term 1 for becomeLeader, leader elected after 5108ms
2019-10-15 03:47:09,887 [04a41960-4c74-4c0c-8a88-98148ffd280d@group-83149DB34020-LeaderElection101] INFO  server.RaftServerConfigKeys (ConfUtils.java:logGet(43)) - raft.server.rpc.sleep.time = 25ms (default)
2019-10-15 03:47:09,887 [d97f7fe5-0dca-42f9-9a49-18c0e60a1798@group-83149DB34020-LeaderElection103] INFO  impl.RoleInfo (RoleInfo.java:shutdownLeaderElection(134)) - d97f7fe5-0dca-42f9-9a49-18c0e60a1798: shutdown LeaderElection
2019-10-15 03:47:09,887 [04a41960-4c74-4c0c-8a88-98148ffd280d@group-83149DB34020-LeaderElection101] INFO  server.RaftServerConfigKeys (ConfUtils.java:logGet(43)) - raft.server.write.element-limit = 4096 (default)
2019-10-15 03:47:09,887 [314665fc-2bb1-4b52-b3c5-0d81dc3c49e5@group-292C3B1616B4-LeaderElection102] INFO  server.RaftServerConfigKeys (ConfUtils.java:logGet(43)) - raft.server.staging.catchup.gap = 1000 (default)
2019-10-15 03:47:09,887 [04a41960-4c74-4c0c-8a88-98148ffd280d@group-83149DB34020-LeaderElection101] INFO  server.RaftServerConfigKeys (ConfUtils.java:logGet(43)) - raft.server.watch.timeout = 10s (default)
2019-10-15 03:47:09,887 [d97f7fe5-0dca-42f9-9a49-18c0e60a1798@group-83149DB34020-LeaderElection103] INFO  impl.RoleInfo (RoleInfo.java:updateAndGet(143)) - d97f7fe5-0dca-42f9-9a49-18c0e60a1798: start FollowerState
2019-10-15 03:47:09,888 [04a41960-4c74-4c0c-8a88-98148ffd280d@group-83149DB34020-LeaderElection101] INFO  server.RaftServerConfigKeys (ConfUtils.java:logGet(43)) - raft.server.watch.timeout.denomination = 1s (default)
2019-10-15 03:47:09,888 [314665fc-2bb1-4b52-b3c5-0d81dc3c49e5@group-292C3B1616B4-LeaderElection102] INFO  server.RaftServerConfigKeys (ConfUtils.java:logGet(43)) - raft.server.rpc.sleep.time = 25ms (default)
2019-10-15 03:47:09,888 [04a41960-4c74-4c0c-8a88-98148ffd280d@group-83149DB34020-LeaderElection101] INFO  server.RaftServerConfigKeys (ConfUtils.java:logGet(43)) - raft.server.watch.element-limit = 65536 (default)
2019-10-15 03:47:09,888 [314665fc-2bb1-4b52-b3c5-0d81dc3c49e5@group-292C3B1616B4-LeaderElection102] INFO  server.RaftServerConfigKeys (ConfUtils.java:logGet(43)) - raft.server.write.element-limit = 4096 (default)
2019-10-15 03:47:09,888 [314665fc-2bb1-4b52-b3c5-0d81dc3c49e5@group-292C3B1616B4-LeaderElection102] INFO  server.RaftServerConfigKeys (ConfUtils.java:logGet(43)) - raft.server.watch.timeout = 10s (default)
2019-10-15 03:47:09,888 [314665fc-2bb1-4b52-b3c5-0d81dc3c49e5@group-292C3B1616B4-LeaderElection102] INFO  server.RaftServerConfigKeys (ConfUtils.java:logGet(43)) - raft.server.watch.timeout.denomination = 1s (default)
2019-10-15 03:47:09,888 [314665fc-2bb1-4b52-b3c5-0d81dc3c49e5@group-292C3B1616B4-LeaderElection102] INFO  server.RaftServerConfigKeys (ConfUtils.java:logGet(43)) - raft.server.watch.element-limit = 65536 (default)
2019-10-15 03:47:09,890 [04a41960-4c74-4c0c-8a88-98148ffd280d@group-83149DB34020-LeaderElection101] INFO  server.RaftServerConfigKeys (ConfUtils.java:logGet(43)) - raft.server.log.appender.snapshot.chunk.size.max = 16MB (=16777216) (default)
2019-10-15 03:47:09,890 [314665fc-2bb1-4b52-b3c5-0d81dc3c49e5@group-292C3B1616B4-LeaderElection102] INFO  server.RaftServerConfigKeys (ConfUtils.java:logGet(43)) - raft.server.log.appender.snapshot.chunk.size.max = 16MB (=16777216) (default)
2019-10-15 03:47:09,890 [04a41960-4c74-4c0c-8a88-98148ffd280d@group-83149DB34020-LeaderElection101] INFO  server.RaftServerConfigKeys (ConfUtils.java:logGet(43)) - raft.server.log.appender.buffer.byte-limit = 33554432 (custom)
2019-10-15 03:47:09,890 [314665fc-2bb1-4b52-b3c5-0d81dc3c49e5@group-292C3B1616B4-LeaderElection102] INFO  server.RaftServerConfigKeys (ConfUtils.java:logGet(43)) - raft.server.log.appender.buffer.byte-limit = 33554432 (custom)
2019-10-15 03:47:09,890 [04a41960-4c74-4c0c-8a88-98148ffd280d@group-83149DB34020-LeaderElection101] INFO  server.RaftServerConfigKeys (ConfUtils.java:logGet(43)) - raft.server.log.appender.buffer.element-limit = 1 (custom)
2019-10-15 03:47:09,890 [314665fc-2bb1-4b52-b3c5-0d81dc3c49e5@group-292C3B1616B4-LeaderElection102] INFO  server.RaftServerConfigKeys (ConfUtils.java:logGet(43)) - raft.server.log.appender.buffer.element-limit = 1 (custom)
2019-10-15 03:47:09,890 [04a41960-4c74-4c0c-8a88-98148ffd280d@group-83149DB34020-LeaderElection101] INFO  grpc.GrpcConfigKeys$Server (ConfUtils.java:logGet(43)) - raft.grpc.server.leader.outstanding.appends.max = 128 (default)
2019-10-15 03:47:09,890 [314665fc-2bb1-4b52-b3c5-0d81dc3c49e5@group-292C3B1616B4-LeaderElection102] INFO  grpc.GrpcConfigKeys$Server (ConfUtils.java:logGet(43)) - raft.grpc.server.leader.outstanding.appends.max = 128 (default)
2019-10-15 03:47:09,891 [04a41960-4c74-4c0c-8a88-98148ffd280d@group-83149DB34020-LeaderElection101] INFO  server.RaftServerConfigKeys (ConfUtils.java:logGet(43)) - raft.server.rpc.request.timeout = 3000ms (default)
2019-10-15 03:47:09,891 [314665fc-2bb1-4b52-b3c5-0d81dc3c49e5@group-292C3B1616B4-LeaderElection102] INFO  server.RaftServerConfigKeys (ConfUtils.java:logGet(43)) - raft.server.rpc.request.timeout = 3000ms (default)
2019-10-15 03:47:09,891 [04a41960-4c74-4c0c-8a88-98148ffd280d@group-83149DB34020-LeaderElection101] INFO  server.RaftServerConfigKeys (ConfUtils.java:logGet(43)) - raft.server.log.appender.install.snapshot.enabled = false (custom)
2019-10-15 03:47:09,891 [314665fc-2bb1-4b52-b3c5-0d81dc3c49e5@group-292C3B1616B4-LeaderElection102] INFO  server.RaftServerConfigKeys (ConfUtils.java:logGet(43)) - raft.server.log.appender.install.snapshot.enabled = false (custom)
2019-10-15 03:47:09,891 [04a41960-4c74-4c0c-8a88-98148ffd280d@group-83149DB34020-LeaderElection101] INFO  server.RaftServerConfigKeys (ConfUtils.java:logGet(43)) - raft.server.log.appender.snapshot.chunk.size.max = 16MB (=16777216) (default)
2019-10-15 03:47:09,891 [314665fc-2bb1-4b52-b3c5-0d81dc3c49e5@group-292C3B1616B4-LeaderElection102] INFO  server.RaftServerConfigKeys (ConfUtils.java:logGet(43)) - raft.server.log.appender.snapshot.chunk.size.max = 16MB (=16777216) (default)
2019-10-15 03:47:09,891 [04a41960-4c74-4c0c-8a88-98148ffd280d@group-83149DB34020-LeaderElection101] INFO  server.RaftServerConfigKeys (ConfUtils.java:logGet(43)) - raft.server.log.appender.buffer.byte-limit = 33554432 (custom)
2019-10-15 03:47:09,891 [314665fc-2bb1-4b52-b3c5-0d81dc3c49e5@group-292C3B1616B4-LeaderElection102] INFO  server.RaftServerConfigKeys (ConfUtils.java:logGet(43)) - raft.server.log.appender.buffer.byte-limit = 33554432 (custom)
2019-10-15 03:47:09,891 [04a41960-4c74-4c0c-8a88-98148ffd280d@group-83149DB34020-LeaderElection101] INFO  server.RaftServerConfigKeys (ConfUtils.java:logGet(43)) - raft.server.log.appender.buffer.element-limit = 1 (custom)
2019-10-15 03:47:09,891 [314665fc-2bb1-4b52-b3c5-0d81dc3c49e5@group-292C3B1616B4-LeaderElection102] INFO  server.RaftServerConfigKeys (ConfUtils.java:logGet(43)) - raft.server.log.appender.buffer.element-limit = 1 (custom)
2019-10-15 03:47:09,892 [04a41960-4c74-4c0c-8a88-98148ffd280d@group-83149DB34020-LeaderElection101] INFO  grpc.GrpcConfigKeys$Server (ConfUtils.java:logGet(43)) - raft.grpc.server.leader.outstanding.appends.max = 128 (default)
2019-10-15 03:47:09,892 [314665fc-2bb1-4b52-b3c5-0d81dc3c49e5@group-292C3B1616B4-LeaderElection102] INFO  grpc.GrpcConfigKeys$Server (ConfUtils.java:logGet(43)) - raft.grpc.server.leader.outstanding.appends.max = 128 (default)
2019-10-15 03:47:09,892 [04a41960-4c74-4c0c-8a88-98148ffd280d@group-83149DB34020-LeaderElection101] INFO  server.RaftServerConfigKeys (ConfUtils.java:logGet(43)) - raft.server.rpc.request.timeout = 3000ms (default)
2019-10-15 03:47:09,892 [314665fc-2bb1-4b52-b3c5-0d81dc3c49e5@group-292C3B1616B4-LeaderElection102] INFO  server.RaftServerConfigKeys (ConfUtils.java:logGet(43)) - raft.server.rpc.request.timeout = 3000ms (default)
2019-10-15 03:47:09,892 [04a41960-4c74-4c0c-8a88-98148ffd280d@group-83149DB34020-LeaderElection101] INFO  server.RaftServerConfigKeys (ConfUtils.java:logGet(43)) - raft.server.log.appender.install.snapshot.enabled = false (custom)
2019-10-15 03:47:09,892 [314665fc-2bb1-4b52-b3c5-0d81dc3c49e5@group-292C3B1616B4-LeaderElection102] INFO  server.RaftServerConfigKeys (ConfUtils.java:logGet(43)) - raft.server.log.appender.install.snapshot.enabled = false (custom)
2019-10-15 03:47:09,892 [04a41960-4c74-4c0c-8a88-98148ffd280d@group-83149DB34020-LeaderElection101] INFO  impl.RoleInfo (RoleInfo.java:updateAndGet(143)) - 04a41960-4c74-4c0c-8a88-98148ffd280d: start LeaderState
2019-10-15 03:47:09,892 [314665fc-2bb1-4b52-b3c5-0d81dc3c49e5@group-292C3B1616B4-LeaderElection102] INFO  impl.RoleInfo (RoleInfo.java:updateAndGet(143)) - 314665fc-2bb1-4b52-b3c5-0d81dc3c49e5: start LeaderState
2019-10-15 03:47:09,892 [04a41960-4c74-4c0c-8a88-98148ffd280d@group-83149DB34020-LeaderElection101] INFO  segmented.SegmentedRaftLogWorker (SegmentedRaftLogWorker.java:startLogSegment(385)) - 04a41960-4c74-4c0c-8a88-98148ffd280d@group-83149DB34020-SegmentedRaftLogWorker: Starting segment from index:0
2019-10-15 03:47:09,892 [314665fc-2bb1-4b52-b3c5-0d81dc3c49e5@group-292C3B1616B4-LeaderElection102] INFO  segmented.SegmentedRaftLogWorker (SegmentedRaftLogWorker.java:startLogSegment(385)) - 314665fc-2bb1-4b52-b3c5-0d81dc3c49e5@group-292C3B1616B4-SegmentedRaftLogWorker: Starting segment from index:0
2019-10-15 03:47:09,893 [04a41960-4c74-4c0c-8a88-98148ffd280d@group-83149DB34020-LeaderElection101] INFO  impl.RaftServerImpl (ServerState.java:setRaftConf(356)) - 04a41960-4c74-4c0c-8a88-98148ffd280d@group-83149DB34020: set configuration 0: [d97f7fe5-0dca-42f9-9a49-18c0e60a1798:192.168.157.236:44231, 04a41960-4c74-4c0c-8a88-98148ffd280d:192.168.157.236:38565, ca9a59ac-bda1-4176-abf7-2f7d9f4cd8f3:192.168.157.236:32915], old=null at 0
2019-10-15 03:47:09,893 [314665fc-2bb1-4b52-b3c5-0d81dc3c49e5@group-292C3B1616B4-LeaderElection102] INFO  impl.RaftServerImpl (ServerState.java:setRaftConf(356)) - 314665fc-2bb1-4b52-b3c5-0d81dc3c49e5@group-292C3B1616B4: set configuration 0: [8584d7f0-29e1-401d-98fd-0a0944771c35:192.168.157.236:41782, 915da940-e35d-4c60-836c-0a1be48177ee:192.168.157.236:40740, 314665fc-2bb1-4b52-b3c5-0d81dc3c49e5:192.168.157.236:34034], old=null at 0
2019-10-15 03:47:09,931 [grpc-default-executor-8] INFO  impl.RaftServerImpl (ServerState.java:setLeader(255)) - d97f7fe5-0dca-42f9-9a49-18c0e60a1798@group-83149DB34020: change Leader from null to 04a41960-4c74-4c0c-8a88-98148ffd280d at term 1 for appendEntries, leader elected after 5199ms
2019-10-15 03:47:09,934 [grpc-default-executor-7] INFO  impl.RaftServerImpl (ServerState.java:setLeader(255)) - 8584d7f0-29e1-401d-98fd-0a0944771c35@group-292C3B1616B4: change Leader from null to 314665fc-2bb1-4b52-b3c5-0d81dc3c49e5 at term 1 for appendEntries, leader elected after 5154ms
2019-10-15 03:47:09,936 [grpc-default-executor-7] INFO  impl.RaftServerImpl (ServerState.java:setLeader(255)) - 915da940-e35d-4c60-836c-0a1be48177ee@group-292C3B1616B4: change Leader from null to 314665fc-2bb1-4b52-b3c5-0d81dc3c49e5 at term 1 for appendEntries, leader elected after 5156ms
2019-10-15 03:47:09,936 [grpc-default-executor-8] INFO  impl.RaftServerImpl (ServerState.java:setLeader(255)) - ca9a59ac-bda1-4176-abf7-2f7d9f4cd8f3@group-83149DB34020: change Leader from null to 04a41960-4c74-4c0c-8a88-98148ffd280d at term 1 for appendEntries, leader elected after 5242ms
2019-10-15 03:47:09,938 [grpc-default-executor-8] INFO  impl.RaftServerImpl (ServerState.java:setRaftConf(356)) - d97f7fe5-0dca-42f9-9a49-18c0e60a1798@group-83149DB34020: set configuration 0: [d97f7fe5-0dca-42f9-9a49-18c0e60a1798:192.168.157.236:44231, 04a41960-4c74-4c0c-8a88-98148ffd280d:192.168.157.236:38565, ca9a59ac-bda1-4176-abf7-2f7d9f4cd8f3:192.168.157.236:32915], old=null at 0
2019-10-15 03:47:09,938 [grpc-default-executor-7] INFO  impl.RaftServerImpl (ServerState.java:setRaftConf(356)) - 915da940-e35d-4c60-836c-0a1be48177ee@group-292C3B1616B4: set configuration 0: [8584d7f0-29e1-401d-98fd-0a0944771c35:192.168.157.236:41782, 915da940-e35d-4c60-836c-0a1be48177ee:192.168.157.236:40740, 314665fc-2bb1-4b52-b3c5-0d81dc3c49e5:192.168.157.236:34034], old=null at 0
2019-10-15 03:47:09,938 [grpc-default-executor-8] INFO  segmented.SegmentedRaftLogWorker (SegmentedRaftLogWorker.java:startLogSegment(385)) - d97f7fe5-0dca-42f9-9a49-18c0e60a1798@group-83149DB34020-SegmentedRaftLogWorker: Starting segment from index:0
2019-10-15 03:47:09,938 [grpc-default-executor-3] INFO  impl.RaftServerImpl (ServerState.java:setRaftConf(356)) - 8584d7f0-29e1-401d-98fd-0a0944771c35@group-292C3B1616B4: set configuration 0: [8584d7f0-29e1-401d-98fd-0a0944771c35:192.168.157.236:41782, 915da940-e35d-4c60-836c-0a1be48177ee:192.168.157.236:40740, 314665fc-2bb1-4b52-b3c5-0d81dc3c49e5:192.168.157.236:34034], old=null at 0
2019-10-15 03:47:09,938 [grpc-default-executor-5] INFO  impl.RaftServerImpl (ServerState.java:setRaftConf(356)) - ca9a59ac-bda1-4176-abf7-2f7d9f4cd8f3@group-83149DB34020: set configuration 0: [d97f7fe5-0dca-42f9-9a49-18c0e60a1798:192.168.157.236:44231, 04a41960-4c74-4c0c-8a88-98148ffd280d:192.168.157.236:38565, ca9a59ac-bda1-4176-abf7-2f7d9f4cd8f3:192.168.157.236:32915], old=null at 0
2019-10-15 03:47:09,938 [grpc-default-executor-7] INFO  segmented.SegmentedRaftLogWorker (SegmentedRaftLogWorker.java:startLogSegment(385)) - 915da940-e35d-4c60-836c-0a1be48177ee@group-292C3B1616B4-SegmentedRaftLogWorker: Starting segment from index:0
2019-10-15 03:47:09,939 [grpc-default-executor-5] INFO  segmented.SegmentedRaftLogWorker (SegmentedRaftLogWorker.java:startLogSegment(385)) - ca9a59ac-bda1-4176-abf7-2f7d9f4cd8f3@group-83149DB34020-SegmentedRaftLogWorker: Starting segment from index:0
2019-10-15 03:47:09,939 [grpc-default-executor-3] INFO  segmented.SegmentedRaftLogWorker (SegmentedRaftLogWorker.java:startLogSegment(385)) - 8584d7f0-29e1-401d-98fd-0a0944771c35@group-292C3B1616B4-SegmentedRaftLogWorker: Starting segment from index:0
2019-10-15 03:47:09,961 [314665fc-2bb1-4b52-b3c5-0d81dc3c49e5@group-292C3B1616B4-SegmentedRaftLogWorker] INFO  segmented.SegmentedRaftLogWorker (SegmentedRaftLogWorker.java:execute(574)) - 314665fc-2bb1-4b52-b3c5-0d81dc3c49e5@group-292C3B1616B4-SegmentedRaftLogWorker: created new log segment /workdir/hadoop-ozone/integration-test/target/test-dir/MiniOzoneClusterImpl-14e02325-d020-4b03-9219-3bf7a6491ac8/datanode-6/data/ratis/a0b9f54d-a061-4160-af78-292c3b1616b4/current/log_inprogress_0
2019-10-15 03:47:09,961 [04a41960-4c74-4c0c-8a88-98148ffd280d@group-83149DB34020-SegmentedRaftLogWorker] INFO  segmented.SegmentedRaftLogWorker (SegmentedRaftLogWorker.java:execute(574)) - 04a41960-4c74-4c0c-8a88-98148ffd280d@group-83149DB34020-SegmentedRaftLogWorker: created new log segment /workdir/hadoop-ozone/integration-test/target/test-dir/MiniOzoneClusterImpl-14e02325-d020-4b03-9219-3bf7a6491ac8/datanode-4/data/ratis/16f42859-edc1-47e7-bb04-83149db34020/current/log_inprogress_0
2019-10-15 03:47:09,987 [915da940-e35d-4c60-836c-0a1be48177ee@group-292C3B1616B4-SegmentedRaftLogWorker] INFO  segmented.SegmentedRaftLogWorker (SegmentedRaftLogWorker.java:execute(574)) - 915da940-e35d-4c60-836c-0a1be48177ee@group-292C3B1616B4-SegmentedRaftLogWorker: created new log segment /workdir/hadoop-ozone/integration-test/target/test-dir/MiniOzoneClusterImpl-14e02325-d020-4b03-9219-3bf7a6491ac8/datanode-0/data/ratis/a0b9f54d-a061-4160-af78-292c3b1616b4/current/log_inprogress_0
2019-10-15 03:47:09,987 [8584d7f0-29e1-401d-98fd-0a0944771c35@group-292C3B1616B4-SegmentedRaftLogWorker] INFO  segmented.SegmentedRaftLogWorker (SegmentedRaftLogWorker.java:execute(574)) - 8584d7f0-29e1-401d-98fd-0a0944771c35@group-292C3B1616B4-SegmentedRaftLogWorker: created new log segment /workdir/hadoop-ozone/integration-test/target/test-dir/MiniOzoneClusterImpl-14e02325-d020-4b03-9219-3bf7a6491ac8/datanode-1/data/ratis/a0b9f54d-a061-4160-af78-292c3b1616b4/current/log_inprogress_0
2019-10-15 03:47:09,987 [ca9a59ac-bda1-4176-abf7-2f7d9f4cd8f3@group-83149DB34020-SegmentedRaftLogWorker] INFO  segmented.SegmentedRaftLogWorker (SegmentedRaftLogWorker.java:execute(574)) - ca9a59ac-bda1-4176-abf7-2f7d9f4cd8f3@group-83149DB34020-SegmentedRaftLogWorker: created new log segment /workdir/hadoop-ozone/integration-test/target/test-dir/MiniOzoneClusterImpl-14e02325-d020-4b03-9219-3bf7a6491ac8/datanode-5/data/ratis/16f42859-edc1-47e7-bb04-83149db34020/current/log_inprogress_0
2019-10-15 03:47:09,987 [d97f7fe5-0dca-42f9-9a49-18c0e60a1798@group-83149DB34020-SegmentedRaftLogWorker] INFO  segmented.SegmentedRaftLogWorker (SegmentedRaftLogWorker.java:execute(574)) - d97f7fe5-0dca-42f9-9a49-18c0e60a1798@group-83149DB34020-SegmentedRaftLogWorker: created new log segment /workdir/hadoop-ozone/integration-test/target/test-dir/MiniOzoneClusterImpl-14e02325-d020-4b03-9219-3bf7a6491ac8/datanode-3/data/ratis/16f42859-edc1-47e7-bb04-83149db34020/current/log_inprogress_0
2019-10-15 03:47:11,853 [Datanode State Machine Thread - 0] INFO  statemachine.DatanodeStateMachine (DatanodeStateMachine.java:lambda$startDaemon$0(350)) - Ozone container server started.
2019-10-15 03:47:15,861 [main] INFO  ozoneimpl.OzoneContainer (OzoneContainer.java:stop(227)) - Attempting to stop container services.
2019-10-15 03:47:15,863 [main] INFO  impl.RaftServerProxy (RaftServerProxy.java:lambda$close$4(314)) - 04a41960-4c74-4c0c-8a88-98148ffd280d: close
2019-10-15 03:47:15,864 [main] INFO  impl.RaftServerImpl (RaftServerImpl.java:lambda$shutdown$3(247)) - 04a41960-4c74-4c0c-8a88-98148ffd280d@group-94B4E5688B0F: shutdown
2019-10-15 03:47:15,864 [ForkJoinPool.commonPool-worker-1] INFO  impl.RaftServerImpl (RaftServerImpl.java:lambda$shutdown$3(247)) - 04a41960-4c74-4c0c-8a88-98148ffd280d@group-83149DB34020: shutdown
2019-10-15 03:47:15,864 [main] INFO  util.JmxRegister (JmxRegister.java:unregister(73)) - Successfully un-registered JMX Bean with object name Ratis:service=RaftServer,group=group-94B4E5688B0F,id=04a41960-4c74-4c0c-8a88-98148ffd280d
2019-10-15 03:47:15,864 [ForkJoinPool.commonPool-worker-1] INFO  util.JmxRegister (JmxRegister.java:unregister(73)) - Successfully un-registered JMX Bean with object name Ratis:service=RaftServer,group=group-83149DB34020,id=04a41960-4c74-4c0c-8a88-98148ffd280d
2019-10-15 03:47:15,865 [main] INFO  impl.RoleInfo (RoleInfo.java:shutdownLeaderState(104)) - 04a41960-4c74-4c0c-8a88-98148ffd280d: shutdown LeaderState
2019-10-15 03:47:15,865 [ForkJoinPool.commonPool-worker-1] INFO  impl.RoleInfo (RoleInfo.java:shutdownLeaderState(104)) - 04a41960-4c74-4c0c-8a88-98148ffd280d: shutdown LeaderState
2019-10-15 03:47:15,865 [main] INFO  impl.PendingRequests (PendingRequests.java:sendNotLeaderResponses(202)) - 04a41960-4c74-4c0c-8a88-98148ffd280d@group-94B4E5688B0F-PendingRequests: sendNotLeaderResponses
2019-10-15 03:47:15,879 [org.apache.ratis.server.impl.LogAppender$AppenderDaemon$$Lambda$591/1898076194@7cee26a4] WARN  server.GrpcLogAppender (GrpcLogAppender.java:mayWait(143)) - 04a41960-4c74-4c0c-8a88-98148ffd280d@group-83149DB34020->d97f7fe5-0dca-42f9-9a49-18c0e60a1798-GrpcLogAppender: Wait interrupted by java.lang.InterruptedException
2019-10-15 03:47:15,879 [org.apache.ratis.server.impl.LogAppender$AppenderDaemon$$Lambda$591/1898076194@69cb3508] WARN  server.GrpcLogAppender (GrpcLogAppender.java:mayWait(143)) - 04a41960-4c74-4c0c-8a88-98148ffd280d@group-83149DB34020->ca9a59ac-bda1-4176-abf7-2f7d9f4cd8f3-GrpcLogAppender: Wait interrupted by java.lang.InterruptedException
2019-10-15 03:47:15,879 [ForkJoinPool.commonPool-worker-1] INFO  impl.PendingRequests (PendingRequests.java:sendNotLeaderResponses(202)) - 04a41960-4c74-4c0c-8a88-98148ffd280d@group-83149DB34020-PendingRequests: sendNotLeaderResponses
2019-10-15 03:47:15,880 [main] INFO  impl.StateMachineUpdater (StateMachineUpdater.java:stopAndJoin(136)) - 04a41960-4c74-4c0c-8a88-98148ffd280d@group-94B4E5688B0F-StateMachineUpdater: set stopIndex = 0
2019-10-15 03:47:15,895 [grpc-default-executor-5] INFO  server.GrpcServerProtocolService (GrpcServerProtocolService.java:onCompleted(113)) - ca9a59ac-bda1-4176-abf7-2f7d9f4cd8f3: Completed APPEND_ENTRIES, lastRequest: 04a41960-4c74-4c0c-8a88-98148ffd280d->ca9a59ac-bda1-4176-abf7-2f7d9f4cd8f3#5-t1, previous=(t:1, i:2), leaderCommit=2, initializing? false, entries: <empty>
2019-10-15 03:47:15,894 [04a41960-4c74-4c0c-8a88-98148ffd280d@group-83149DB34020-StateMachineUpdater] INFO  ratis.ContainerStateMachine (ContainerStateMachine.java:takeSnapshot(294)) - group-83149DB34020: Taking a snapshot at:(t:1, i:2) file /workdir/hadoop-ozone/integration-test/target/test-dir/MiniOzoneClusterImpl-14e02325-d020-4b03-9219-3bf7a6491ac8/datanode-4/data/ratis/16f42859-edc1-47e7-bb04-83149db34020/sm/snapshot.1_2
2019-10-15 03:47:15,894 [grpc-default-executor-3] INFO  server.GrpcServerProtocolService (GrpcServerProtocolService.java:onCompleted(113)) - d97f7fe5-0dca-42f9-9a49-18c0e60a1798: Completed APPEND_ENTRIES, lastRequest: 04a41960-4c74-4c0c-8a88-98148ffd280d->d97f7fe5-0dca-42f9-9a49-18c0e60a1798#5-t1, previous=(t:1, i:2), leaderCommit=2, initializing? false, entries: <empty>
2019-10-15 03:47:15,894 [ForkJoinPool.commonPool-worker-1] INFO  impl.StateMachineUpdater (StateMachineUpdater.java:stopAndJoin(136)) - 04a41960-4c74-4c0c-8a88-98148ffd280d@group-83149DB34020-StateMachineUpdater: set stopIndex = 2
2019-10-15 03:47:15,895 [main] INFO  impl.RaftServerImpl (ServerState.java:close(387)) - 04a41960-4c74-4c0c-8a88-98148ffd280d@group-94B4E5688B0F: closes. applyIndex: 0
2019-10-15 03:47:15,896 [grpc-default-executor-3] INFO  server.GrpcLogAppender (GrpcLogAppender.java:onCompleted(293)) - 04a41960-4c74-4c0c-8a88-98148ffd280d@group-83149DB34020->d97f7fe5-0dca-42f9-9a49-18c0e60a1798-AppendLogResponseHandler: follower responses appendEntries COMPLETED
2019-10-15 03:47:15,896 [grpc-default-executor-5] INFO  server.GrpcLogAppender (GrpcLogAppender.java:onCompleted(293)) - 04a41960-4c74-4c0c-8a88-98148ffd280d@group-83149DB34020->ca9a59ac-bda1-4176-abf7-2f7d9f4cd8f3-AppendLogResponseHandler: follower responses appendEntries COMPLETED
2019-10-15 03:47:15,896 [04a41960-4c74-4c0c-8a88-98148ffd280d@group-94B4E5688B0F-SegmentedRaftLogWorker] INFO  segmented.SegmentedRaftLogWorker (SegmentedRaftLogWorker.java:run(316)) - 04a41960-4c74-4c0c-8a88-98148ffd280d@group-94B4E5688B0F-SegmentedRaftLogWorker was interrupted, exiting. There are 0 tasks remaining in the queue.
2019-10-15 03:47:15,900 [main] INFO  segmented.SegmentedRaftLogWorker (SegmentedRaftLogWorker.java:close(224)) - 04a41960-4c74-4c0c-8a88-98148ffd280d@group-94B4E5688B0F-SegmentedRaftLogWorker close()
2019-10-15 03:47:15,900 [grpc-default-executor-3] INFO  impl.FollowerInfo (FollowerInfo.java:lambda$new$0(51)) - 04a41960-4c74-4c0c-8a88-98148ffd280d@group-83149DB34020->d97f7fe5-0dca-42f9-9a49-18c0e60a1798: nextIndex: updateUnconditionally 3 -> 2
2019-10-15 03:47:15,908 [grpc-default-executor-5] INFO  impl.FollowerInfo (FollowerInfo.java:lambda$new$0(51)) - 04a41960-4c74-4c0c-8a88-98148ffd280d@group-83149DB34020->ca9a59ac-bda1-4176-abf7-2f7d9f4cd8f3: nextIndex: updateUnconditionally 3 -> 2
2019-10-15 03:47:15,929 [04a41960-4c74-4c0c-8a88-98148ffd280d@group-83149DB34020-StateMachineUpdater] INFO  ratis.ContainerStateMachine (ContainerStateMachine.java:takeSnapshot(305)) - group-83149DB34020: Finished taking a snapshot at:(t:1, i:2) file:/workdir/hadoop-ozone/integration-test/target/test-dir/MiniOzoneClusterImpl-14e02325-d020-4b03-9219-3bf7a6491ac8/datanode-4/data/ratis/16f42859-edc1-47e7-bb04-83149db34020/sm/snapshot.1_2 time:35
2019-10-15 03:47:15,929 [04a41960-4c74-4c0c-8a88-98148ffd280d@group-83149DB34020-StateMachineUpdater] INFO  impl.StateMachineUpdater (StateMachineUpdater.java:takeSnapshot(269)) - 04a41960-4c74-4c0c-8a88-98148ffd280d@group-83149DB34020-StateMachineUpdater: Took a snapshot at index 2
2019-10-15 03:47:15,929 [04a41960-4c74-4c0c-8a88-98148ffd280d@group-83149DB34020-StateMachineUpdater] INFO  impl.StateMachineUpdater (StateMachineUpdater.java:lambda$new$0(84)) - 04a41960-4c74-4c0c-8a88-98148ffd280d@group-83149DB34020-StateMachineUpdater: snapshotIndex: updateIncreasingly -1 -> 2
2019-10-15 03:47:15,930 [ForkJoinPool.commonPool-worker-1] INFO  impl.RaftServerImpl (ServerState.java:close(387)) - 04a41960-4c74-4c0c-8a88-98148ffd280d@group-83149DB34020: closes. applyIndex: 2
2019-10-15 03:47:15,930 [04a41960-4c74-4c0c-8a88-98148ffd280d@group-83149DB34020-SegmentedRaftLogWorker] INFO  segmented.SegmentedRaftLogWorker (SegmentedRaftLogWorker.java:run(316)) - 04a41960-4c74-4c0c-8a88-98148ffd280d@group-83149DB34020-SegmentedRaftLogWorker was interrupted, exiting. There are 0 tasks remaining in the queue.
2019-10-15 03:47:15,933 [ForkJoinPool.commonPool-worker-1] INFO  segmented.SegmentedRaftLogWorker (SegmentedRaftLogWorker.java:close(224)) - 04a41960-4c74-4c0c-8a88-98148ffd280d@group-83149DB34020-SegmentedRaftLogWorker close()
2019-10-15 03:47:15,937 [main] INFO  server.GrpcService (GrpcService.java:closeImpl(164)) - 04a41960-4c74-4c0c-8a88-98148ffd280d: shutdown server with port 38565 now
2019-10-15 03:47:15,938 [main] INFO  server.GrpcService (GrpcService.java:closeImpl(172)) - 04a41960-4c74-4c0c-8a88-98148ffd280d: shutdown server with port 38565 successfully
2019-10-15 03:47:15,944 [refreshUsed-/workdir/hadoop-ozone/integration-test/target/test-dir/MiniOzoneClusterImpl-14e02325-d020-4b03-9219-3bf7a6491ac8/datanode-4/data/containers] WARN  fs.CachingGetSpaceUsed (CachingGetSpaceUsed.java:run(183)) - Thread Interrupted waiting to refresh disk information: sleep interrupted
2019-10-15 03:47:15,963 [main] INFO  utils.BackgroundService (BackgroundService.java:shutdown(151)) - Shutting down service BlockDeletingService
2019-10-15 03:47:15,970 [main] INFO  statemachine.DatanodeStateMachine (DatanodeStateMachine.java:stopDaemon(395)) - Ozone container server stopped.
2019-10-15 03:47:15,972 [main] INFO  handler.ContextHandler (ContextHandler.java:doStop(910)) - Stopped o.e.j.w.WebAppContext@21b51e59{/,null,UNAVAILABLE}{/hddsDatanode}
2019-10-15 03:47:15,973 [main] INFO  server.AbstractConnector (AbstractConnector.java:doStop(318)) - Stopped ServerConnector@1785d194{HTTP/1.1,[http/1.1]}{0.0.0.0:0}
2019-10-15 03:47:15,973 [main] INFO  handler.ContextHandler (ContextHandler.java:doStop(910)) - Stopped o.e.j.s.ServletContextHandler@3820cfe{/static,jar:file:/home/user/.m2/repository/org/apache/hadoop/hadoop-hdds-container-service/0.5.0-SNAPSHOT/hadoop-hdds-container-service-0.5.0-SNAPSHOT.jar!/webapps/static,UNAVAILABLE}
2019-10-15 03:47:15,974 [main] INFO  handler.ContextHandler (ContextHandler.java:doStop(910)) - Stopped o.e.j.s.ServletContextHandler@231b35fb{/logs,file:///workdir/hadoop-ozone/integration-test/target/log,UNAVAILABLE}
2019-10-15 03:47:25,178 [Thread-2445] INFO  impl.FollowerState (FollowerState.java:run(108)) - ca9a59ac-bda1-4176-abf7-2f7d9f4cd8f3@group-83149DB34020-FollowerState: change to CANDIDATE, lastRpcTime:9470ms, electionTimeout:5184ms
2019-10-15 03:47:25,179 [Thread-2445] INFO  impl.RoleInfo (RoleInfo.java:shutdownFollowerState(121)) - ca9a59ac-bda1-4176-abf7-2f7d9f4cd8f3: shutdown FollowerState
2019-10-15 03:47:25,180 [Thread-2445] INFO  impl.RaftServerImpl (RaftServerImpl.java:setRole(170)) - ca9a59ac-bda1-4176-abf7-2f7d9f4cd8f3@group-83149DB34020: changes role from  FOLLOWER to CANDIDATE at term 1 for changeToCandidate
2019-10-15 03:47:25,180 [Thread-2445] INFO  impl.RoleInfo (RoleInfo.java:updateAndGet(143)) - ca9a59ac-bda1-4176-abf7-2f7d9f4cd8f3: start LeaderElection
2019-10-15 03:47:25,183 [ca9a59ac-bda1-4176-abf7-2f7d9f4cd8f3@group-83149DB34020-LeaderElection104] INFO  impl.RaftServerImpl (ServerState.java:setLeader(255)) - ca9a59ac-bda1-4176-abf7-2f7d9f4cd8f3@group-83149DB34020: change Leader from 04a41960-4c74-4c0c-8a88-98148ffd280d to null at term 1 for initElection
2019-10-15 03:47:25,198 [Thread-2449] INFO  impl.FollowerState (FollowerState.java:run(108)) - d97f7fe5-0dca-42f9-9a49-18c0e60a1798@group-83149DB34020-FollowerState: change to CANDIDATE, lastRpcTime:9490ms, electionTimeout:5006ms
2019-10-15 03:47:25,199 [Thread-2449] INFO  impl.RoleInfo (RoleInfo.java:shutdownFollowerState(121)) - d97f7fe5-0dca-42f9-9a49-18c0e60a1798: shutdown FollowerState
2019-10-15 03:47:25,199 [Thread-2449] INFO  impl.RaftServerImpl (RaftServerImpl.java:setRole(170)) - d97f7fe5-0dca-42f9-9a49-18c0e60a1798@group-83149DB34020: changes role from  FOLLOWER to CANDIDATE at term 1 for changeToCandidate
2019-10-15 03:47:25,199 [Thread-2449] INFO  impl.RoleInfo (RoleInfo.java:updateAndGet(143)) - d97f7fe5-0dca-42f9-9a49-18c0e60a1798: start LeaderElection
2019-10-15 03:47:25,202 [d97f7fe5-0dca-42f9-9a49-18c0e60a1798@group-83149DB34020-LeaderElection105] INFO  impl.RaftServerImpl (ServerState.java:setLeader(255)) - d97f7fe5-0dca-42f9-9a49-18c0e60a1798@group-83149DB34020: change Leader from 04a41960-4c74-4c0c-8a88-98148ffd280d to null at term 1 for initElection
2019-10-15 03:47:25,207 [ca9a59ac-bda1-4176-abf7-2f7d9f4cd8f3@group-83149DB34020-LeaderElection104] INFO  impl.LeaderElection (LeaderElection.java:askForVotes(178)) - ca9a59ac-bda1-4176-abf7-2f7d9f4cd8f3@group-83149DB34020-LeaderElection104: begin an election at term 2 for 0: [d97f7fe5-0dca-42f9-9a49-18c0e60a1798:192.168.157.236:44231, 04a41960-4c74-4c0c-8a88-98148ffd280d:192.168.157.236:38565, ca9a59ac-bda1-4176-abf7-2f7d9f4cd8f3:192.168.157.236:32915], old=null
2019-10-15 03:47:25,210 [ca9a59ac-bda1-4176-abf7-2f7d9f4cd8f3@group-83149DB34020-LeaderElection104] INFO  impl.LeaderElection (LogUtils.java:infoOrTrace(149)) - ca9a59ac-bda1-4176-abf7-2f7d9f4cd8f3@group-83149DB34020-LeaderElection104 got exception when requesting votes: {}
java.util.concurrent.ExecutionException: org.apache.ratis.thirdparty.io.grpc.StatusRuntimeException: UNAVAILABLE: io exception
	at java.util.concurrent.FutureTask.report(FutureTask.java:122)
	at java.util.concurrent.FutureTask.get(FutureTask.java:192)
	at org.apache.ratis.server.impl.LeaderElection.waitForResults(LeaderElection.java:259)
	at org.apache.ratis.server.impl.LeaderElection.askForVotes(LeaderElection.java:197)
	at org.apache.ratis.server.impl.LeaderElection.run(LeaderElection.java:133)
	at java.lang.Thread.run(Thread.java:748)
Caused by: org.apache.ratis.thirdparty.io.grpc.StatusRuntimeException: UNAVAILABLE: io exception
	at org.apache.ratis.thirdparty.io.grpc.stub.ClientCalls.toStatusRuntimeException(ClientCalls.java:233)
	at org.apache.ratis.thirdparty.io.grpc.stub.ClientCalls.getUnchecked(ClientCalls.java:214)
	at org.apache.ratis.thirdparty.io.grpc.stub.ClientCalls.blockingUnaryCall(ClientCalls.java:139)
	at org.apache.ratis.proto.grpc.RaftServerProtocolServiceGrpc$RaftServerProtocolServiceBlockingStub.requestVote(RaftServerProtocolServiceGrpc.java:265)
	at org.apache.ratis.grpc.server.GrpcServerProtocolClient.requestVote(GrpcServerProtocolClient.java:99)
	at org.apache.ratis.grpc.server.GrpcService.requestVote(GrpcService.java:204)
	at org.apache.ratis.server.impl.LeaderElection.lambda$submitRequests$1(LeaderElection.java:234)
	at java.util.concurrent.FutureTask.run(FutureTask.java:266)
	at java.util.concurrent.Executors$RunnableAdapter.call(Executors.java:511)
	at java.util.concurrent.FutureTask.run(FutureTask.java:266)
	at java.util.concurrent.ThreadPoolExecutor.runWorker(ThreadPoolExecutor.java:1149)
	at java.util.concurrent.ThreadPoolExecutor$Worker.run(ThreadPoolExecutor.java:624)
	... 1 more
Caused by: org.apache.ratis.thirdparty.io.netty.channel.AbstractChannel$AnnotatedConnectException: Connection refused: /192.168.157.236:38565
	at sun.nio.ch.SocketChannelImpl.checkConnect(Native Method)
	at sun.nio.ch.SocketChannelImpl.finishConnect(SocketChannelImpl.java:717)
	at org.apache.ratis.thirdparty.io.netty.channel.socket.nio.NioSocketChannel.doFinishConnect(NioSocketChannel.java:327)
	at org.apache.ratis.thirdparty.io.netty.channel.nio.AbstractNioChannel$AbstractNioUnsafe.finishConnect(AbstractNioChannel.java:340)
	at org.apache.ratis.thirdparty.io.netty.channel.nio.NioEventLoop.processSelectedKey(NioEventLoop.java:632)
	at org.apache.ratis.thirdparty.io.netty.channel.nio.NioEventLoop.processSelectedKeysOptimized(NioEventLoop.java:579)
	at org.apache.ratis.thirdparty.io.netty.channel.nio.NioEventLoop.processSelectedKeys(NioEventLoop.java:496)
	at org.apache.ratis.thirdparty.io.netty.channel.nio.NioEventLoop.run(NioEventLoop.java:458)
	at org.apache.ratis.thirdparty.io.netty.util.concurrent.SingleThreadEventExecutor$5.run(SingleThreadEventExecutor.java:897)
	at org.apache.ratis.thirdparty.io.netty.util.concurrent.FastThreadLocalRunnable.run(FastThreadLocalRunnable.java:30)
	... 1 more
Caused by: java.net.ConnectException: Connection refused
	... 11 more
2019-10-15 03:47:25,221 [d97f7fe5-0dca-42f9-9a49-18c0e60a1798@group-83149DB34020-LeaderElection105] INFO  impl.LeaderElection (LeaderElection.java:askForVotes(178)) - d97f7fe5-0dca-42f9-9a49-18c0e60a1798@group-83149DB34020-LeaderElection105: begin an election at term 2 for 0: [d97f7fe5-0dca-42f9-9a49-18c0e60a1798:192.168.157.236:44231, 04a41960-4c74-4c0c-8a88-98148ffd280d:192.168.157.236:38565, ca9a59ac-bda1-4176-abf7-2f7d9f4cd8f3:192.168.157.236:32915], old=null
2019-10-15 03:47:25,222 [ca9a59ac-bda1-4176-abf7-2f7d9f4cd8f3@group-83149DB34020-LeaderElection104] INFO  impl.LeaderElection (LeaderElection.java:logAndReturn(56)) - ca9a59ac-bda1-4176-abf7-2f7d9f4cd8f3@group-83149DB34020-LeaderElection104: Election REJECTED; received 1 response(s) [ca9a59ac-bda1-4176-abf7-2f7d9f4cd8f3<-d97f7fe5-0dca-42f9-9a49-18c0e60a1798#0:FAIL-t2] and 1 exception(s); ca9a59ac-bda1-4176-abf7-2f7d9f4cd8f3@group-83149DB34020:t2, leader=null, voted=ca9a59ac-bda1-4176-abf7-2f7d9f4cd8f3, raftlog=ca9a59ac-bda1-4176-abf7-2f7d9f4cd8f3@group-83149DB34020-SegmentedRaftLog:OPENED:c2,f2,i2, conf=0: [d97f7fe5-0dca-42f9-9a49-18c0e60a1798:192.168.157.236:44231, 04a41960-4c74-4c0c-8a88-98148ffd280d:192.168.157.236:38565, ca9a59ac-bda1-4176-abf7-2f7d9f4cd8f3:192.168.157.236:32915], old=null
2019-10-15 03:47:25,223 [ca9a59ac-bda1-4176-abf7-2f7d9f4cd8f3@group-83149DB34020-LeaderElection104] INFO  impl.LeaderElection (LogUtils.java:infoOrTrace(149)) -   Exception 0: {}
java.util.concurrent.ExecutionException: org.apache.ratis.thirdparty.io.grpc.StatusRuntimeException: UNAVAILABLE: io exception
	at java.util.concurrent.FutureTask.report(FutureTask.java:122)
	at java.util.concurrent.FutureTask.get(FutureTask.java:192)
	at org.apache.ratis.server.impl.LeaderElection.waitForResults(LeaderElection.java:259)
	at org.apache.ratis.server.impl.LeaderElection.askForVotes(LeaderElection.java:197)
	at org.apache.ratis.server.impl.LeaderElection.run(LeaderElection.java:133)
	at java.lang.Thread.run(Thread.java:748)
Caused by: org.apache.ratis.thirdparty.io.grpc.StatusRuntimeException: UNAVAILABLE: io exception
	at org.apache.ratis.thirdparty.io.grpc.stub.ClientCalls.toStatusRuntimeException(ClientCalls.java:233)
	at org.apache.ratis.thirdparty.io.grpc.stub.ClientCalls.getUnchecked(ClientCalls.java:214)
	at org.apache.ratis.thirdparty.io.grpc.stub.ClientCalls.blockingUnaryCall(ClientCalls.java:139)
	at org.apache.ratis.proto.grpc.RaftServerProtocolServiceGrpc$RaftServerProtocolServiceBlockingStub.requestVote(RaftServerProtocolServiceGrpc.java:265)
	at org.apache.ratis.grpc.server.GrpcServerProtocolClient.requestVote(GrpcServerProtocolClient.java:99)
	at org.apache.ratis.grpc.server.GrpcService.requestVote(GrpcService.java:204)
	at org.apache.ratis.server.impl.LeaderElection.lambda$submitRequests$1(LeaderElection.java:234)
	at java.util.concurrent.FutureTask.run(FutureTask.java:266)
	at java.util.concurrent.Executors$RunnableAdapter.call(Executors.java:511)
	at java.util.concurrent.FutureTask.run(FutureTask.java:266)
	at java.util.concurrent.ThreadPoolExecutor.runWorker(ThreadPoolExecutor.java:1149)
	at java.util.concurrent.ThreadPoolExecutor$Worker.run(ThreadPoolExecutor.java:624)
	... 1 more
Caused by: org.apache.ratis.thirdparty.io.netty.channel.AbstractChannel$AnnotatedConnectException: Connection refused: /192.168.157.236:38565
	at sun.nio.ch.SocketChannelImpl.checkConnect(Native Method)
	at sun.nio.ch.SocketChannelImpl.finishConnect(SocketChannelImpl.java:717)
	at org.apache.ratis.thirdparty.io.netty.channel.socket.nio.NioSocketChannel.doFinishConnect(NioSocketChannel.java:327)
	at org.apache.ratis.thirdparty.io.netty.channel.nio.AbstractNioChannel$AbstractNioUnsafe.finishConnect(AbstractNioChannel.java:340)
	at org.apache.ratis.thirdparty.io.netty.channel.nio.NioEventLoop.processSelectedKey(NioEventLoop.java:632)
	at org.apache.ratis.thirdparty.io.netty.channel.nio.NioEventLoop.processSelectedKeysOptimized(NioEventLoop.java:579)
	at org.apache.ratis.thirdparty.io.netty.channel.nio.NioEventLoop.processSelectedKeys(NioEventLoop.java:496)
	at org.apache.ratis.thirdparty.io.netty.channel.nio.NioEventLoop.run(NioEventLoop.java:458)
	at org.apache.ratis.thirdparty.io.netty.util.concurrent.SingleThreadEventExecutor$5.run(SingleThreadEventExecutor.java:897)
	at org.apache.ratis.thirdparty.io.netty.util.concurrent.FastThreadLocalRunnable.run(FastThreadLocalRunnable.java:30)
	... 1 more
Caused by: java.net.ConnectException: Connection refused
	... 11 more
2019-10-15 03:47:25,223 [ca9a59ac-bda1-4176-abf7-2f7d9f4cd8f3@group-83149DB34020-LeaderElection104] INFO  impl.RaftServerImpl (RaftServerImpl.java:setRole(170)) - ca9a59ac-bda1-4176-abf7-2f7d9f4cd8f3@group-83149DB34020: changes role from CANDIDATE to FOLLOWER at term 2 for DISCOVERED_A_NEW_TERM
2019-10-15 03:47:25,223 [ca9a59ac-bda1-4176-abf7-2f7d9f4cd8f3@group-83149DB34020-LeaderElection104] INFO  impl.RoleInfo (RoleInfo.java:shutdownLeaderElection(134)) - ca9a59ac-bda1-4176-abf7-2f7d9f4cd8f3: shutdown LeaderElection
2019-10-15 03:47:25,224 [ca9a59ac-bda1-4176-abf7-2f7d9f4cd8f3@group-83149DB34020-LeaderElection104] INFO  impl.RoleInfo (RoleInfo.java:updateAndGet(143)) - ca9a59ac-bda1-4176-abf7-2f7d9f4cd8f3: start FollowerState
2019-10-15 03:47:25,224 [d97f7fe5-0dca-42f9-9a49-18c0e60a1798@group-83149DB34020-LeaderElection105] INFO  impl.LeaderElection (LogUtils.java:infoOrTrace(149)) - d97f7fe5-0dca-42f9-9a49-18c0e60a1798@group-83149DB34020-LeaderElection105 got exception when requesting votes: {}
java.util.concurrent.ExecutionException: org.apache.ratis.thirdparty.io.grpc.StatusRuntimeException: UNAVAILABLE: io exception
	at java.util.concurrent.FutureTask.report(FutureTask.java:122)
	at java.util.concurrent.FutureTask.get(FutureTask.java:192)
	at org.apache.ratis.server.impl.LeaderElection.waitForResults(LeaderElection.java:259)
	at org.apache.ratis.server.impl.LeaderElection.askForVotes(LeaderElection.java:197)
	at org.apache.ratis.server.impl.LeaderElection.run(LeaderElection.java:133)
	at java.lang.Thread.run(Thread.java:748)
Caused by: org.apache.ratis.thirdparty.io.grpc.StatusRuntimeException: UNAVAILABLE: io exception
	at org.apache.ratis.thirdparty.io.grpc.stub.ClientCalls.toStatusRuntimeException(ClientCalls.java:233)
	at org.apache.ratis.thirdparty.io.grpc.stub.ClientCalls.getUnchecked(ClientCalls.java:214)
	at org.apache.ratis.thirdparty.io.grpc.stub.ClientCalls.blockingUnaryCall(ClientCalls.java:139)
	at org.apache.ratis.proto.grpc.RaftServerProtocolServiceGrpc$RaftServerProtocolServiceBlockingStub.requestVote(RaftServerProtocolServiceGrpc.java:265)
	at org.apache.ratis.grpc.server.GrpcServerProtocolClient.requestVote(GrpcServerProtocolClient.java:99)
	at org.apache.ratis.grpc.server.GrpcService.requestVote(GrpcService.java:204)
	at org.apache.ratis.server.impl.LeaderElection.lambda$submitRequests$1(LeaderElection.java:234)
	at java.util.concurrent.FutureTask.run(FutureTask.java:266)
	at java.util.concurrent.Executors$RunnableAdapter.call(Executors.java:511)
	at java.util.concurrent.FutureTask.run(FutureTask.java:266)
	at java.util.concurrent.ThreadPoolExecutor.runWorker(ThreadPoolExecutor.java:1149)
	at java.util.concurrent.ThreadPoolExecutor$Worker.run(ThreadPoolExecutor.java:624)
	... 1 more
Caused by: org.apache.ratis.thirdparty.io.netty.channel.AbstractChannel$AnnotatedConnectException: Connection refused: /192.168.157.236:38565
	at sun.nio.ch.SocketChannelImpl.checkConnect(Native Method)
	at sun.nio.ch.SocketChannelImpl.finishConnect(SocketChannelImpl.java:717)
	at org.apache.ratis.thirdparty.io.netty.channel.socket.nio.NioSocketChannel.doFinishConnect(NioSocketChannel.java:327)
	at org.apache.ratis.thirdparty.io.netty.channel.nio.AbstractNioChannel$AbstractNioUnsafe.finishConnect(AbstractNioChannel.java:340)
	at org.apache.ratis.thirdparty.io.netty.channel.nio.NioEventLoop.processSelectedKey(NioEventLoop.java:632)
	at org.apache.ratis.thirdparty.io.netty.channel.nio.NioEventLoop.processSelectedKeysOptimized(NioEventLoop.java:579)
	at org.apache.ratis.thirdparty.io.netty.channel.nio.NioEventLoop.processSelectedKeys(NioEventLoop.java:496)
	at org.apache.ratis.thirdparty.io.netty.channel.nio.NioEventLoop.run(NioEventLoop.java:458)
	at org.apache.ratis.thirdparty.io.netty.util.concurrent.SingleThreadEventExecutor$5.run(SingleThreadEventExecutor.java:897)
	at org.apache.ratis.thirdparty.io.netty.util.concurrent.FastThreadLocalRunnable.run(FastThreadLocalRunnable.java:30)
	... 1 more
Caused by: java.net.ConnectException: Connection refused
	... 11 more
2019-10-15 03:47:25,225 [d97f7fe5-0dca-42f9-9a49-18c0e60a1798@group-83149DB34020-LeaderElection105] INFO  impl.LeaderElection (LeaderElection.java:logAndReturn(56)) - d97f7fe5-0dca-42f9-9a49-18c0e60a1798@group-83149DB34020-LeaderElection105: Election REJECTED; received 1 response(s) [d97f7fe5-0dca-42f9-9a49-18c0e60a1798<-ca9a59ac-bda1-4176-abf7-2f7d9f4cd8f3#0:FAIL-t2] and 1 exception(s); d97f7fe5-0dca-42f9-9a49-18c0e60a1798@group-83149DB34020:t2, leader=null, voted=d97f7fe5-0dca-42f9-9a49-18c0e60a1798, raftlog=d97f7fe5-0dca-42f9-9a49-18c0e60a1798@group-83149DB34020-SegmentedRaftLog:OPENED:c2,f2,i2, conf=0: [d97f7fe5-0dca-42f9-9a49-18c0e60a1798:192.168.157.236:44231, 04a41960-4c74-4c0c-8a88-98148ffd280d:192.168.157.236:38565, ca9a59ac-bda1-4176-abf7-2f7d9f4cd8f3:192.168.157.236:32915], old=null
2019-10-15 03:47:25,225 [d97f7fe5-0dca-42f9-9a49-18c0e60a1798@group-83149DB34020-LeaderElection105] INFO  impl.LeaderElection (LogUtils.java:infoOrTrace(149)) -   Exception 0: {}
java.util.concurrent.ExecutionException: org.apache.ratis.thirdparty.io.grpc.StatusRuntimeException: UNAVAILABLE: io exception
	at java.util.concurrent.FutureTask.report(FutureTask.java:122)
	at java.util.concurrent.FutureTask.get(FutureTask.java:192)
	at org.apache.ratis.server.impl.LeaderElection.waitForResults(LeaderElection.java:259)
	at org.apache.ratis.server.impl.LeaderElection.askForVotes(LeaderElection.java:197)
	at org.apache.ratis.server.impl.LeaderElection.run(LeaderElection.java:133)
	at java.lang.Thread.run(Thread.java:748)
Caused by: org.apache.ratis.thirdparty.io.grpc.StatusRuntimeException: UNAVAILABLE: io exception
	at org.apache.ratis.thirdparty.io.grpc.stub.ClientCalls.toStatusRuntimeException(ClientCalls.java:233)
	at org.apache.ratis.thirdparty.io.grpc.stub.ClientCalls.getUnchecked(ClientCalls.java:214)
	at org.apache.ratis.thirdparty.io.grpc.stub.ClientCalls.blockingUnaryCall(ClientCalls.java:139)
	at org.apache.ratis.proto.grpc.RaftServerProtocolServiceGrpc$RaftServerProtocolServiceBlockingStub.requestVote(RaftServerProtocolServiceGrpc.java:265)
	at org.apache.ratis.grpc.server.GrpcServerProtocolClient.requestVote(GrpcServerProtocolClient.java:99)
	at org.apache.ratis.grpc.server.GrpcService.requestVote(GrpcService.java:204)
	at org.apache.ratis.server.impl.LeaderElection.lambda$submitRequests$1(LeaderElection.java:234)
	at java.util.concurrent.FutureTask.run(FutureTask.java:266)
	at java.util.concurrent.Executors$RunnableAdapter.call(Executors.java:511)
	at java.util.concurrent.FutureTask.run(FutureTask.java:266)
	at java.util.concurrent.ThreadPoolExecutor.runWorker(ThreadPoolExecutor.java:1149)
	at java.util.concurrent.ThreadPoolExecutor$Worker.run(ThreadPoolExecutor.java:624)
	... 1 more
Caused by: org.apache.ratis.thirdparty.io.netty.channel.AbstractChannel$AnnotatedConnectException: Connection refused: /192.168.157.236:38565
	at sun.nio.ch.SocketChannelImpl.checkConnect(Native Method)
	at sun.nio.ch.SocketChannelImpl.finishConnect(SocketChannelImpl.java:717)
	at org.apache.ratis.thirdparty.io.netty.channel.socket.nio.NioSocketChannel.doFinishConnect(NioSocketChannel.java:327)
	at org.apache.ratis.thirdparty.io.netty.channel.nio.AbstractNioChannel$AbstractNioUnsafe.finishConnect(AbstractNioChannel.java:340)
	at org.apache.ratis.thirdparty.io.netty.channel.nio.NioEventLoop.processSelectedKey(NioEventLoop.java:632)
	at org.apache.ratis.thirdparty.io.netty.channel.nio.NioEventLoop.processSelectedKeysOptimized(NioEventLoop.java:579)
	at org.apache.ratis.thirdparty.io.netty.channel.nio.NioEventLoop.processSelectedKeys(NioEventLoop.java:496)
	at org.apache.ratis.thirdparty.io.netty.channel.nio.NioEventLoop.run(NioEventLoop.java:458)
	at org.apache.ratis.thirdparty.io.netty.util.concurrent.SingleThreadEventExecutor$5.run(SingleThreadEventExecutor.java:897)
	at org.apache.ratis.thirdparty.io.netty.util.concurrent.FastThreadLocalRunnable.run(FastThreadLocalRunnable.java:30)
	... 1 more
Caused by: java.net.ConnectException: Connection refused
	... 11 more
2019-10-15 03:47:25,225 [d97f7fe5-0dca-42f9-9a49-18c0e60a1798@group-83149DB34020-LeaderElection105] INFO  impl.RaftServerImpl (RaftServerImpl.java:setRole(170)) - d97f7fe5-0dca-42f9-9a49-18c0e60a1798@group-83149DB34020: changes role from CANDIDATE to FOLLOWER at term 2 for DISCOVERED_A_NEW_TERM
2019-10-15 03:47:25,225 [d97f7fe5-0dca-42f9-9a49-18c0e60a1798@group-83149DB34020-LeaderElection105] INFO  impl.RoleInfo (RoleInfo.java:shutdownLeaderElection(134)) - d97f7fe5-0dca-42f9-9a49-18c0e60a1798: shutdown LeaderElection
2019-10-15 03:47:25,226 [d97f7fe5-0dca-42f9-9a49-18c0e60a1798@group-83149DB34020-LeaderElection105] INFO  impl.RoleInfo (RoleInfo.java:updateAndGet(143)) - d97f7fe5-0dca-42f9-9a49-18c0e60a1798: start FollowerState
]]></system-out>
  </testcase>
</testsuite>