<?xml version="1.0" encoding="UTF-8"?>
<testsuite xmlns:xsi="http://www.w3.org/2001/XMLSchema-instance" xsi:noNamespaceSchemaLocation="https://maven.apache.org/surefire/maven-surefire-plugin/xsd/surefire-test-report.xsd" name="org.apache.hadoop.ozone.client.rpc.TestWatchForCommit" time="233.164" tests="5" errors="1" skipped="0" failures="0">
  <properties>
    <property name="awt.toolkit" value="sun.awt.X11.XToolkit"/>
    <property name="file.encoding.pkg" value="sun.io"/>
    <property name="java.specification.version" value="1.8"/>
    <property name="sun.cpu.isalist" value=""/>
    <property name="sun.jnu.encoding" value="UTF-8"/>
    <property name="java.class.path" value="/workdir/hadoop-ozone/integration-test/target/test-classes:/workdir/hadoop-ozone/integration-test/target/classes:/home/user/.m2/repository/org/apache/hadoop/hadoop-ozone-common/0.5.0-SNAPSHOT/hadoop-ozone-common-0.5.0-SNAPSHOT.jar:/home/user/.m2/repository/org/apache/commons/commons-compress/1.4.1/commons-compress-1.4.1.jar:/home/user/.m2/repository/org/tukaani/xz/1.0/xz-1.0.jar:/home/user/.m2/repository/org/apache/hadoop/hadoop-common/3.2.0/hadoop-common-3.2.0.jar:/home/user/.m2/repository/org/apache/hadoop/hadoop-hdfs/3.2.0/hadoop-hdfs-3.2.0.jar:/home/user/.m2/repository/org/apache/hadoop/hadoop-hdfs-client/3.2.0/hadoop-hdfs-client-3.2.0.jar:/home/user/.m2/repository/com/fasterxml/jackson/core/jackson-annotations/2.9.9/jackson-annotations-2.9.9.jar:/home/user/.m2/repository/org/apache/hadoop/hadoop-hdds-common/0.5.0-SNAPSHOT/hadoop-hdds-common-0.5.0-SNAPSHOT.jar:/home/user/.m2/repository/javax/annotation/javax.annotation-api/1.2/javax.annotation-api-1.2.jar:/home/user/.m2/repository/org/apache/ratis/ratis-server/0.5.0-201fc85-SNAPSHOT/ratis-server-0.5.0-201fc85-SNAPSHOT.jar:/home/user/.m2/repository/org/apache/ratis/ratis-thirdparty-misc/0.2.0/ratis-thirdparty-misc-0.2.0.jar:/home/user/.m2/repository/org/apache/ratis/ratis-proto/0.5.0-201fc85-SNAPSHOT/ratis-proto-0.5.0-201fc85-SNAPSHOT.jar:/home/user/.m2/repository/org/apache/ratis/ratis-common/0.5.0-201fc85-SNAPSHOT/ratis-common-0.5.0-201fc85-SNAPSHOT.jar:/home/user/.m2/repository/org/apache/ratis/ratis-client/0.5.0-201fc85-SNAPSHOT/ratis-client-0.5.0-201fc85-SNAPSHOT.jar:/home/user/.m2/repository/org/apache/ratis/ratis-metrics/0.5.0-201fc85-SNAPSHOT/ratis-metrics-0.5.0-201fc85-SNAPSHOT.jar:/home/user/.m2/repository/com/github/joshelser/dropwizard-metrics-hadoop-metrics2-reporter/0.1.2/dropwizard-metrics-hadoop-metrics2-reporter-0.1.2.jar:/home/user/.m2/repository/io/dropwizard/metrics/metrics-jvm/3.2.5/metrics-jvm-3.2.5.jar:/home/user/.m2/repository/io/dropwizard/metrics/metrics-ganglia/3.2.5/metrics-ganglia-3.2.5.jar:/home/user/.m2/repository/info/ganglia/gmetric4j/gmetric4j/1.0.7/gmetric4j-1.0.7.jar:/home/user/.m2/repository/org/apache/ratis/ratis-netty/0.5.0-201fc85-SNAPSHOT/ratis-netty-0.5.0-201fc85-SNAPSHOT.jar:/home/user/.m2/repository/org/apache/ratis/ratis-grpc/0.5.0-201fc85-SNAPSHOT/ratis-grpc-0.5.0-201fc85-SNAPSHOT.jar:/home/user/.m2/repository/org/rocksdb/rocksdbjni/6.0.1/rocksdbjni-6.0.1.jar:/home/user/.m2/repository/org/apache/logging/log4j/log4j-api/2.11.0/log4j-api-2.11.0.jar:/home/user/.m2/repository/org/apache/logging/log4j/log4j-core/2.11.0/log4j-core-2.11.0.jar:/home/user/.m2/repository/com/lmax/disruptor/3.4.2/disruptor-3.4.2.jar:/home/user/.m2/repository/org/apache/commons/commons-pool2/2.6.0/commons-pool2-2.6.0.jar:/home/user/.m2/repository/org/bouncycastle/bcpkix-jdk15on/1.60/bcpkix-jdk15on-1.60.jar:/home/user/.m2/repository/commons-validator/commons-validator/1.6/commons-validator-1.6.jar:/home/user/.m2/repository/commons-digester/commons-digester/1.8.1/commons-digester-1.8.1.jar:/home/user/.m2/repository/io/jaegertracing/jaeger-client/0.34.0/jaeger-client-0.34.0.jar:/home/user/.m2/repository/io/jaegertracing/jaeger-thrift/0.34.0/jaeger-thrift-0.34.0.jar:/home/user/.m2/repository/org/apache/thrift/libthrift/0.12.0/libthrift-0.12.0.jar:/home/user/.m2/repository/com/squareup/okhttp3/okhttp/3.9.0/okhttp-3.9.0.jar:/home/user/.m2/repository/com/squareup/okio/okio/1.13.0/okio-1.13.0.jar:/home/user/.m2/repository/io/jaegertracing/jaeger-core/0.34.0/jaeger-core-0.34.0.jar:/home/user/.m2/repository/io/jaegertracing/jaeger-tracerresolver/0.34.0/jaeger-tracerresolver-0.34.0.jar:/home/user/.m2/repository/io/opentracing/contrib/opentracing-tracerresolver/0.1.5/opentracing-tracerresolver-0.1.5.jar:/home/user/.m2/repository/io/opentracing/opentracing-util/0.31.0/opentracing-util-0.31.0.jar:/home/user/.m2/repository/io/opentracing/opentracing-api/0.31.0/opentracing-api-0.31.0.jar:/home/user/.m2/repository/io/opentracing/opentracing-noop/0.31.0/opentracing-noop-0.31.0.jar:/home/user/.m2/repository/org/apache/hadoop/hadoop-hdds-server-framework/0.5.0-SNAPSHOT/hadoop-hdds-server-framework-0.5.0-SNAPSHOT.jar:/home/user/.m2/repository/org/apache/hadoop/hadoop-hdds-container-service/0.5.0-SNAPSHOT/hadoop-hdds-container-service-0.5.0-SNAPSHOT.jar:/home/user/.m2/repository/org/apache/hadoop/hadoop-hdds-client/0.5.0-SNAPSHOT/hadoop-hdds-client-0.5.0-SNAPSHOT.jar:/home/user/.m2/repository/org/apache/hadoop/hadoop-hdds-tools/0.5.0-SNAPSHOT/hadoop-hdds-tools-0.5.0-SNAPSHOT.jar:/home/user/.m2/repository/org/apache/hadoop/hadoop-hdds-server-scm/0.5.0-SNAPSHOT/hadoop-hdds-server-scm-0.5.0-SNAPSHOT.jar:/home/user/.m2/repository/org/apache/hadoop/hadoop-hdds-docs/0.5.0-SNAPSHOT/hadoop-hdds-docs-0.5.0-SNAPSHOT.jar:/home/user/.m2/repository/io/dropwizard/metrics/metrics-core/3.2.4/metrics-core-3.2.4.jar:/home/user/.m2/repository/org/hamcrest/hamcrest-all/1.3/hamcrest-all-1.3.jar:/home/user/.m2/repository/org/bouncycastle/bcprov-jdk15on/1.60/bcprov-jdk15on-1.60.jar:/home/user/.m2/repository/info/picocli/picocli/3.9.6/picocli-3.9.6.jar:/home/user/.m2/repository/com/google/protobuf/protobuf-java/2.5.0/protobuf-java-2.5.0.jar:/home/user/.m2/repository/com/google/guava/guava/11.0.2/guava-11.0.2.jar:/home/user/.m2/repository/org/apache/hadoop/hadoop-ozone-ozone-manager/0.5.0-SNAPSHOT/hadoop-ozone-ozone-manager-0.5.0-SNAPSHOT.jar:/home/user/.m2/repository/org/apache/hadoop/hadoop-minikdc/3.2.0/hadoop-minikdc-3.2.0.jar:/home/user/.m2/repository/commons-io/commons-io/2.5/commons-io-2.5.jar:/home/user/.m2/repository/org/apache/kerby/kerb-simplekdc/1.0.1/kerb-simplekdc-1.0.1.jar:/home/user/.m2/repository/org/apache/kerby/kerb-client/1.0.1/kerb-client-1.0.1.jar:/home/user/.m2/repository/org/apache/kerby/kerby-config/1.0.1/kerby-config-1.0.1.jar:/home/user/.m2/repository/org/apache/kerby/kerb-core/1.0.1/kerb-core-1.0.1.jar:/home/user/.m2/repository/org/apache/kerby/kerby-pkix/1.0.1/kerby-pkix-1.0.1.jar:/home/user/.m2/repository/org/apache/kerby/kerby-asn1/1.0.1/kerby-asn1-1.0.1.jar:/home/user/.m2/repository/org/apache/kerby/kerby-util/1.0.1/kerby-util-1.0.1.jar:/home/user/.m2/repository/org/apache/kerby/kerb-common/1.0.1/kerb-common-1.0.1.jar:/home/user/.m2/repository/org/apache/kerby/kerb-crypto/1.0.1/kerb-crypto-1.0.1.jar:/home/user/.m2/repository/org/apache/kerby/kerb-util/1.0.1/kerb-util-1.0.1.jar:/home/user/.m2/repository/org/apache/kerby/token-provider/1.0.1/token-provider-1.0.1.jar:/home/user/.m2/repository/org/apache/kerby/kerb-admin/1.0.1/kerb-admin-1.0.1.jar:/home/user/.m2/repository/org/apache/kerby/kerb-server/1.0.1/kerb-server-1.0.1.jar:/home/user/.m2/repository/org/apache/kerby/kerb-identity/1.0.1/kerb-identity-1.0.1.jar:/home/user/.m2/repository/org/apache/kerby/kerby-xdr/1.0.1/kerby-xdr-1.0.1.jar:/home/user/.m2/repository/org/slf4j/slf4j-log4j12/1.7.25/slf4j-log4j12-1.7.25.jar:/home/user/.m2/repository/org/apache/hadoop/hadoop-ozone-s3gateway/0.5.0-SNAPSHOT/hadoop-ozone-s3gateway-0.5.0-SNAPSHOT.jar:/home/user/.m2/repository/org/jboss/weld/servlet/weld-servlet/2.4.7.Final/weld-servlet-2.4.7.Final.jar:/home/user/.m2/repository/org/glassfish/jersey/containers/jersey-container-servlet-core/2.27/jersey-container-servlet-core-2.27.jar:/home/user/.m2/repository/org/glassfish/hk2/external/javax.inject/2.5.0-b42/javax.inject-2.5.0-b42.jar:/home/user/.m2/repository/org/glassfish/jersey/core/jersey-common/2.27/jersey-common-2.27.jar:/home/user/.m2/repository/org/glassfish/hk2/osgi-resource-locator/1.0.1/osgi-resource-locator-1.0.1.jar:/home/user/.m2/repository/javax/ws/rs/javax.ws.rs-api/2.1/javax.ws.rs-api-2.1.jar:/home/user/.m2/repository/org/glassfish/jersey/ext/cdi/jersey-cdi1x/2.27/jersey-cdi1x-2.27.jar:/home/user/.m2/repository/org/glassfish/jersey/inject/jersey-hk2/2.27/jersey-hk2-2.27.jar:/home/user/.m2/repository/org/glassfish/hk2/hk2-locator/2.5.0-b42/hk2-locator-2.5.0-b42.jar:/home/user/.m2/repository/org/javassist/javassist/3.22.0-CR2/javassist-3.22.0-CR2.jar:/home/user/.m2/repository/org/glassfish/hk2/hk2-api/2.5.0/hk2-api-2.5.0.jar:/home/user/.m2/repository/org/glassfish/hk2/external/jakarta.inject/2.5.0/jakarta.inject-2.5.0.jar:/home/user/.m2/repository/org/glassfish/hk2/hk2-utils/2.5.0/hk2-utils-2.5.0.jar:/home/user/.m2/repository/jakarta/annotation/jakarta.annotation-api/1.3.4/jakarta.annotation-api-1.3.4.jar:/home/user/.m2/repository/org/glassfish/hk2/external/aopalliance-repackaged/2.5.0/aopalliance-repackaged-2.5.0.jar:/home/user/.m2/repository/com/fasterxml/jackson/dataformat/jackson-dataformat-xml/2.9.0/jackson-dataformat-xml-2.9.0.jar:/home/user/.m2/repository/com/fasterxml/jackson/core/jackson-core/2.9.9/jackson-core-2.9.9.jar:/home/user/.m2/repository/com/fasterxml/jackson/module/jackson-module-jaxb-annotations/2.9.9/jackson-module-jaxb-annotations-2.9.9.jar:/home/user/.m2/repository/javax/enterprise/cdi-api/1.2/cdi-api-1.2.jar:/home/user/.m2/repository/javax/el/javax.el-api/3.0.0/javax.el-api-3.0.0.jar:/home/user/.m2/repository/javax/interceptor/javax.interceptor-api/1.2/javax.interceptor-api-1.2.jar:/home/user/.m2/repository/javax/inject/javax.inject/1/javax.inject-1.jar:/home/user/.m2/repository/com/sun/xml/bind/jaxb-impl/2.3.0.1/jaxb-impl-2.3.0.1.jar:/home/user/.m2/repository/com/sun/xml/bind/jaxb-core/2.3.0.1/jaxb-core-2.3.0.1.jar:/home/user/.m2/repository/javax/xml/bind/jaxb-api/2.3.0/jaxb-api-2.3.0.jar:/home/user/.m2/repository/javax/activation/activation/1.1.1/activation-1.1.1.jar:/home/user/.m2/repository/org/apache/hadoop/hadoop-ozone-csi/0.5.0-SNAPSHOT/hadoop-ozone-csi-0.5.0-SNAPSHOT.jar:/home/user/.m2/repository/com/google/protobuf/protobuf-java-util/3.5.1/protobuf-java-util-3.5.1.jar:/home/user/.m2/repository/org/apache/hadoop/hadoop-hdds-config/0.5.0-SNAPSHOT/hadoop-hdds-config-0.5.0-SNAPSHOT.jar:/home/user/.m2/repository/io/grpc/grpc-netty/1.17.1/grpc-netty-1.17.1.jar:/home/user/.m2/repository/io/grpc/grpc-core/1.17.1/grpc-core-1.17.1.jar:/home/user/.m2/repository/io/grpc/grpc-context/1.17.1/grpc-context-1.17.1.jar:/home/user/.m2/repository/com/google/errorprone/error_prone_annotations/2.2.0/error_prone_annotations-2.2.0.jar:/home/user/.m2/repository/org/codehaus/mojo/animal-sniffer-annotations/1.17/animal-sniffer-annotations-1.17.jar:/home/user/.m2/repository/io/opencensus/opencensus-api/0.17.0/opencensus-api-0.17.0.jar:/home/user/.m2/repository/io/opencensus/opencensus-contrib-grpc-metrics/0.17.0/opencensus-contrib-grpc-metrics-0.17.0.jar:/home/user/.m2/repository/io/netty/netty-codec-http2/4.1.30.Final/netty-codec-http2-4.1.30.Final.jar:/home/user/.m2/repository/io/netty/netty-codec-http/4.1.30.Final/netty-codec-http-4.1.30.Final.jar:/home/user/.m2/repository/io/netty/netty-codec/4.1.30.Final/netty-codec-4.1.30.Final.jar:/home/user/.m2/repository/io/netty/netty-handler/4.1.30.Final/netty-handler-4.1.30.Final.jar:/home/user/.m2/repository/io/netty/netty-handler-proxy/4.1.30.Final/netty-handler-proxy-4.1.30.Final.jar:/home/user/.m2/repository/io/netty/netty-codec-socks/4.1.30.Final/netty-codec-socks-4.1.30.Final.jar:/home/user/.m2/repository/io/netty/netty-transport-native-epoll/4.1.30.Final/netty-transport-native-epoll-4.1.30.Final.jar:/home/user/.m2/repository/io/netty/netty-common/4.1.30.Final/netty-common-4.1.30.Final.jar:/home/user/.m2/repository/io/netty/netty-buffer/4.1.30.Final/netty-buffer-4.1.30.Final.jar:/home/user/.m2/repository/io/netty/netty-transport/4.1.30.Final/netty-transport-4.1.30.Final.jar:/home/user/.m2/repository/io/netty/netty-resolver/4.1.30.Final/netty-resolver-4.1.30.Final.jar:/home/user/.m2/repository/io/netty/netty-transport-native-unix-common/4.1.30.Final/netty-transport-native-unix-common-4.1.30.Final.jar:/home/user/.m2/repository/io/grpc/grpc-protobuf/1.17.1/grpc-protobuf-1.17.1.jar:/home/user/.m2/repository/com/google/api/grpc/proto-google-common-protos/1.0.0/proto-google-common-protos-1.0.0.jar:/home/user/.m2/repository/io/grpc/grpc-protobuf-lite/1.17.1/grpc-protobuf-lite-1.17.1.jar:/home/user/.m2/repository/io/grpc/grpc-stub/1.17.1/grpc-stub-1.17.1.jar:/home/user/.m2/repository/org/apache/hadoop/hadoop-ozone-recon/0.5.0-SNAPSHOT/hadoop-ozone-recon-0.5.0-SNAPSHOT.jar:/home/user/.m2/repository/org/apache/hadoop/hadoop-ozone-reconcodegen/0.5.0-SNAPSHOT/hadoop-ozone-reconcodegen-0.5.0-SNAPSHOT.jar:/home/user/.m2/repository/com/google/inject/extensions/guice-multibindings/4.0/guice-multibindings-4.0.jar:/home/user/.m2/repository/com/google/inject/guice/4.0/guice-4.0.jar:/home/user/.m2/repository/aopalliance/aopalliance/1.0/aopalliance-1.0.jar:/home/user/.m2/repository/com/google/inject/extensions/guice-servlet/4.0/guice-servlet-4.0.jar:/home/user/.m2/repository/org/glassfish/jersey/containers/jersey-container-servlet/2.27/jersey-container-servlet-2.27.jar:/home/user/.m2/repository/org/glassfish/hk2/guice-bridge/2.5.0/guice-bridge-2.5.0.jar:/home/user/.m2/repository/org/glassfish/jersey/core/jersey-server/2.27/jersey-server-2.27.jar:/home/user/.m2/repository/org/glassfish/jersey/core/jersey-client/2.27/jersey-client-2.27.jar:/home/user/.m2/repository/org/glassfish/jersey/media/jersey-media-jaxb/2.27/jersey-media-jaxb-2.27.jar:/home/user/.m2/repository/javax/validation/validation-api/1.1.0.Final/validation-api-1.1.0.Final.jar:/home/user/.m2/repository/org/glassfish/jersey/media/jersey-media-json-jackson/2.27/jersey-media-json-jackson-2.27.jar:/home/user/.m2/repository/org/glassfish/jersey/ext/jersey-entity-filtering/2.27/jersey-entity-filtering-2.27.jar:/home/user/.m2/repository/com/google/inject/extensions/guice-assistedinject/4.0/guice-assistedinject-4.0.jar:/home/user/.m2/repository/org/jooq/jooq/3.11.10/jooq-3.11.10.jar:/home/user/.m2/repository/org/jooq/jooq-meta/3.11.10/jooq-meta-3.11.10.jar:/home/user/.m2/repository/org/jooq/jooq-codegen/3.11.10/jooq-codegen-3.11.10.jar:/home/user/.m2/repository/com/jolbox/bonecp/0.8.0.RELEASE/bonecp-0.8.0.RELEASE.jar:/home/user/.m2/repository/org/xerial/sqlite-jdbc/3.25.2/sqlite-jdbc-3.25.2.jar:/home/user/.m2/repository/org/springframework/spring-jdbc/5.1.3.RELEASE/spring-jdbc-5.1.3.RELEASE.jar:/home/user/.m2/repository/org/springframework/spring-beans/5.1.3.RELEASE/spring-beans-5.1.3.RELEASE.jar:/home/user/.m2/repository/org/springframework/spring-core/5.1.3.RELEASE/spring-core-5.1.3.RELEASE.jar:/home/user/.m2/repository/org/springframework/spring-jcl/5.1.3.RELEASE/spring-jcl-5.1.3.RELEASE.jar:/home/user/.m2/repository/org/springframework/spring-tx/5.1.3.RELEASE/spring-tx-5.1.3.RELEASE.jar:/home/user/.m2/repository/org/apache/hadoop/hadoop-ozone-client/0.5.0-SNAPSHOT/hadoop-ozone-client-0.5.0-SNAPSHOT.jar:/home/user/.m2/repository/commons-lang/commons-lang/2.6/commons-lang-2.6.jar:/home/user/.m2/repository/org/apache/hadoop/hadoop-ozone-ozone-manager/0.5.0-SNAPSHOT/hadoop-ozone-ozone-manager-0.5.0-SNAPSHOT-tests.jar:/home/user/.m2/repository/junit/junit/4.11/junit-4.11.jar:/home/user/.m2/repository/org/hamcrest/hamcrest-core/1.3/hamcrest-core-1.3.jar:/home/user/.m2/repository/org/openjdk/jmh/jmh-core/1.19/jmh-core-1.19.jar:/home/user/.m2/repository/net/sf/jopt-simple/jopt-simple/4.6/jopt-simple-4.6.jar:/home/user/.m2/repository/org/apache/commons/commons-math3/3.1.1/commons-math3-3.1.1.jar:/home/user/.m2/repository/org/openjdk/jmh/jmh-generator-annprocess/1.19/jmh-generator-annprocess-1.19.jar:/home/user/.m2/repository/org/mockito/mockito-all/1.8.5/mockito-all-1.8.5.jar:/home/user/.m2/repository/org/apache/hadoop/hadoop-kms/3.2.0/hadoop-kms-3.2.0.jar:/home/user/.m2/repository/org/apache/hadoop/hadoop-auth/3.2.0/hadoop-auth-3.2.0.jar:/home/user/.m2/repository/com/nimbusds/nimbus-jose-jwt/4.41.1/nimbus-jose-jwt-4.41.1.jar:/home/user/.m2/repository/com/github/stephenc/jcip/jcip-annotations/1.0-1/jcip-annotations-1.0-1.jar:/home/user/.m2/repository/net/minidev/json-smart/2.3/json-smart-2.3.jar:/home/user/.m2/repository/net/minidev/accessors-smart/1.2/accessors-smart-1.2.jar:/home/user/.m2/repository/org/ow2/asm/asm/5.0.4/asm-5.0.4.jar:/home/user/.m2/repository/org/apache/curator/curator-framework/2.12.0/curator-framework-2.12.0.jar:/home/user/.m2/repository/com/sun/jersey/jersey-core/1.19/jersey-core-1.19.jar:/home/user/.m2/repository/javax/ws/rs/jsr311-api/1.1.1/jsr311-api-1.1.1.jar:/home/user/.m2/repository/com/sun/jersey/jersey-server/1.19/jersey-server-1.19.jar:/home/user/.m2/repository/javax/servlet/javax.servlet-api/3.1.0/javax.servlet-api-3.1.0.jar:/home/user/.m2/repository/org/eclipse/jetty/jetty-server/9.3.25.v20180904/jetty-server-9.3.25.v20180904.jar:/home/user/.m2/repository/org/eclipse/jetty/jetty-http/9.3.25.v20180904/jetty-http-9.3.25.v20180904.jar:/home/user/.m2/repository/org/eclipse/jetty/jetty-io/9.3.25.v20180904/jetty-io-9.3.25.v20180904.jar:/home/user/.m2/repository/org/eclipse/jetty/jetty-webapp/9.3.25.v20180904/jetty-webapp-9.3.25.v20180904.jar:/home/user/.m2/repository/org/eclipse/jetty/jetty-xml/9.3.25.v20180904/jetty-xml-9.3.25.v20180904.jar:/home/user/.m2/repository/log4j/log4j/1.2.17/log4j-1.2.17.jar:/home/user/.m2/repository/org/slf4j/slf4j-api/1.7.25/slf4j-api-1.7.25.jar:/home/user/.m2/repository/org/slf4j/jul-to-slf4j/1.7.25/jul-to-slf4j-1.7.25.jar:/home/user/.m2/repository/org/eclipse/jetty/jetty-util/9.3.25.v20180904/jetty-util-9.3.25.v20180904.jar:/home/user/.m2/repository/com/fasterxml/jackson/core/jackson-databind/2.9.9/jackson-databind-2.9.9.jar:/home/user/.m2/repository/org/apache/hadoop/hadoop-kms/3.2.0/hadoop-kms-3.2.0-tests.jar:/home/user/.m2/repository/org/apache/hadoop/hadoop-hdds-server-scm/0.5.0-SNAPSHOT/hadoop-hdds-server-scm-0.5.0-SNAPSHOT-tests.jar:/home/user/.m2/repository/org/apache/hadoop/hadoop-hdds-container-service/0.5.0-SNAPSHOT/hadoop-hdds-container-service-0.5.0-SNAPSHOT-tests.jar:/home/user/.m2/repository/org/yaml/snakeyaml/1.16/snakeyaml-1.16.jar:/home/user/.m2/repository/org/apache/hadoop/hadoop-common/3.2.0/hadoop-common-3.2.0-tests.jar:/home/user/.m2/repository/org/apache/hadoop/hadoop-annotations/3.2.0/hadoop-annotations-3.2.0.jar:/usr/lib/jvm/java-1.8-openjdk/jre/../lib/tools.jar:/home/user/.m2/repository/commons-cli/commons-cli/1.2/commons-cli-1.2.jar:/home/user/.m2/repository/org/apache/httpcomponents/httpclient/4.5.2/httpclient-4.5.2.jar:/home/user/.m2/repository/org/apache/httpcomponents/httpcore/4.4.4/httpcore-4.4.4.jar:/home/user/.m2/repository/commons-codec/commons-codec/1.11/commons-codec-1.11.jar:/home/user/.m2/repository/commons-net/commons-net/3.6/commons-net-3.6.jar:/home/user/.m2/repository/commons-collections/commons-collections/3.2.2/commons-collections-3.2.2.jar:/home/user/.m2/repository/org/eclipse/jetty/jetty-servlet/9.3.25.v20180904/jetty-servlet-9.3.25.v20180904.jar:/home/user/.m2/repository/org/eclipse/jetty/jetty-security/9.3.25.v20180904/jetty-security-9.3.25.v20180904.jar:/home/user/.m2/repository/javax/servlet/jsp/jsp-api/2.1/jsp-api-2.1.jar:/home/user/.m2/repository/com/sun/jersey/jersey-servlet/1.19/jersey-servlet-1.19.jar:/home/user/.m2/repository/com/sun/jersey/jersey-json/1.19/jersey-json-1.19.jar:/home/user/.m2/repository/org/codehaus/jettison/jettison/1.1/jettison-1.1.jar:/home/user/.m2/repository/org/codehaus/jackson/jackson-core-asl/1.9.13/jackson-core-asl-1.9.13.jar:/home/user/.m2/repository/org/codehaus/jackson/jackson-mapper-asl/1.9.13/jackson-mapper-asl-1.9.13.jar:/home/user/.m2/repository/org/codehaus/jackson/jackson-jaxrs/1.9.13/jackson-jaxrs-1.9.13.jar:/home/user/.m2/repository/org/codehaus/jackson/jackson-xc/1.9.13/jackson-xc-1.9.13.jar:/home/user/.m2/repository/commons-logging/commons-logging/1.1.3/commons-logging-1.1.3.jar:/home/user/.m2/repository/commons-beanutils/commons-beanutils/1.9.4/commons-beanutils-1.9.4.jar:/home/user/.m2/repository/org/apache/commons/commons-configuration2/2.1.1/commons-configuration2-2.1.1.jar:/home/user/.m2/repository/org/apache/commons/commons-lang3/3.7/commons-lang3-3.7.jar:/home/user/.m2/repository/org/apache/commons/commons-text/1.4/commons-text-1.4.jar:/home/user/.m2/repository/org/apache/avro/avro/1.7.7/avro-1.7.7.jar:/home/user/.m2/repository/com/thoughtworks/paranamer/paranamer/2.3/paranamer-2.3.jar:/home/user/.m2/repository/org/xerial/snappy/snappy-java/1.0.5/snappy-java-1.0.5.jar:/home/user/.m2/repository/com/google/re2j/re2j/1.1/re2j-1.1.jar:/home/user/.m2/repository/com/google/code/gson/gson/2.2.4/gson-2.2.4.jar:/home/user/.m2/repository/com/jcraft/jsch/0.1.54/jsch-0.1.54.jar:/home/user/.m2/repository/org/apache/curator/curator-client/2.12.0/curator-client-2.12.0.jar:/home/user/.m2/repository/org/apache/curator/curator-recipes/2.12.0/curator-recipes-2.12.0.jar:/home/user/.m2/repository/com/google/code/findbugs/jsr305/3.0.0/jsr305-3.0.0.jar:/home/user/.m2/repository/org/apache/htrace/htrace-core4/4.1.0-incubating/htrace-core4-4.1.0-incubating.jar:/home/user/.m2/repository/org/apache/zookeeper/zookeeper/3.4.13/zookeeper-3.4.13.jar:/home/user/.m2/repository/jline/jline/0.9.94/jline-0.9.94.jar:/home/user/.m2/repository/org/apache/yetus/audience-annotations/0.5.0/audience-annotations-0.5.0.jar:/home/user/.m2/repository/org/codehaus/woodstox/stax2-api/3.1.4/stax2-api-3.1.4.jar:/home/user/.m2/repository/com/fasterxml/woodstox/woodstox-core/5.0.3/woodstox-core-5.0.3.jar:/home/user/.m2/repository/dnsjava/dnsjava/2.1.7/dnsjava-2.1.7.jar:/home/user/.m2/repository/org/apache/hadoop/hadoop-hdfs/3.2.0/hadoop-hdfs-3.2.0-tests.jar:/home/user/.m2/repository/org/eclipse/jetty/jetty-util-ajax/9.3.25.v20180904/jetty-util-ajax-9.3.25.v20180904.jar:/home/user/.m2/repository/commons-daemon/commons-daemon/1.0.13/commons-daemon-1.0.13.jar:/home/user/.m2/repository/io/netty/netty/3.10.5.Final/netty-3.10.5.Final.jar:/home/user/.m2/repository/io/netty/netty-all/4.0.52.Final/netty-all-4.0.52.Final.jar:/home/user/.m2/repository/org/fusesource/leveldbjni/leveldbjni-all/1.8/leveldbjni-all-1.8.jar:"/>
    <property name="java.vm.vendor" value="IcedTea"/>
    <property name="sun.arch.data.model" value="64"/>
    <property name="test.build.dir" value="/workdir/hadoop-ozone/integration-test/target/test-dir"/>
    <property name="test.cache.data" value=""/>
    <property name="java.vendor.url" value="https://icedtea.classpath.org"/>
    <property name="user.timezone" value=""/>
    <property name="java.vm.specification.version" value="1.8"/>
    <property name="os.name" value="Linux"/>
    <property name="test.build.data" value="/workdir/hadoop-ozone/integration-test/target/test-dir"/>
    <property name="user.country" value="US"/>
    <property name="sun.java.launcher" value="SUN_STANDARD"/>
    <property name="sun.boot.library.path" value="/usr/lib/jvm/java-1.8-openjdk/jre/lib/amd64"/>
    <property name="sun.java.command" value="/workdir/hadoop-ozone/integration-test/target/surefire/surefirebooter226089184602077598.jar /workdir/hadoop-ozone/integration-test/target/surefire 2019-10-09T01-14-01_518-jvmRun1 surefire640519153053318402tmp surefire_763301381844405193270tmp"/>
    <property name="test" value="!TestMiniChaosOzoneCluster"/>
    <property name="surefire.test.class.path" value="/workdir/hadoop-ozone/integration-test/target/test-classes:/workdir/hadoop-ozone/integration-test/target/classes:/home/user/.m2/repository/org/apache/hadoop/hadoop-ozone-common/0.5.0-SNAPSHOT/hadoop-ozone-common-0.5.0-SNAPSHOT.jar:/home/user/.m2/repository/org/apache/commons/commons-compress/1.4.1/commons-compress-1.4.1.jar:/home/user/.m2/repository/org/tukaani/xz/1.0/xz-1.0.jar:/home/user/.m2/repository/org/apache/hadoop/hadoop-common/3.2.0/hadoop-common-3.2.0.jar:/home/user/.m2/repository/org/apache/hadoop/hadoop-hdfs/3.2.0/hadoop-hdfs-3.2.0.jar:/home/user/.m2/repository/org/apache/hadoop/hadoop-hdfs-client/3.2.0/hadoop-hdfs-client-3.2.0.jar:/home/user/.m2/repository/com/fasterxml/jackson/core/jackson-annotations/2.9.9/jackson-annotations-2.9.9.jar:/home/user/.m2/repository/org/apache/hadoop/hadoop-hdds-common/0.5.0-SNAPSHOT/hadoop-hdds-common-0.5.0-SNAPSHOT.jar:/home/user/.m2/repository/javax/annotation/javax.annotation-api/1.2/javax.annotation-api-1.2.jar:/home/user/.m2/repository/org/apache/ratis/ratis-server/0.5.0-201fc85-SNAPSHOT/ratis-server-0.5.0-201fc85-SNAPSHOT.jar:/home/user/.m2/repository/org/apache/ratis/ratis-thirdparty-misc/0.2.0/ratis-thirdparty-misc-0.2.0.jar:/home/user/.m2/repository/org/apache/ratis/ratis-proto/0.5.0-201fc85-SNAPSHOT/ratis-proto-0.5.0-201fc85-SNAPSHOT.jar:/home/user/.m2/repository/org/apache/ratis/ratis-common/0.5.0-201fc85-SNAPSHOT/ratis-common-0.5.0-201fc85-SNAPSHOT.jar:/home/user/.m2/repository/org/apache/ratis/ratis-client/0.5.0-201fc85-SNAPSHOT/ratis-client-0.5.0-201fc85-SNAPSHOT.jar:/home/user/.m2/repository/org/apache/ratis/ratis-metrics/0.5.0-201fc85-SNAPSHOT/ratis-metrics-0.5.0-201fc85-SNAPSHOT.jar:/home/user/.m2/repository/com/github/joshelser/dropwizard-metrics-hadoop-metrics2-reporter/0.1.2/dropwizard-metrics-hadoop-metrics2-reporter-0.1.2.jar:/home/user/.m2/repository/io/dropwizard/metrics/metrics-jvm/3.2.5/metrics-jvm-3.2.5.jar:/home/user/.m2/repository/io/dropwizard/metrics/metrics-ganglia/3.2.5/metrics-ganglia-3.2.5.jar:/home/user/.m2/repository/info/ganglia/gmetric4j/gmetric4j/1.0.7/gmetric4j-1.0.7.jar:/home/user/.m2/repository/org/apache/ratis/ratis-netty/0.5.0-201fc85-SNAPSHOT/ratis-netty-0.5.0-201fc85-SNAPSHOT.jar:/home/user/.m2/repository/org/apache/ratis/ratis-grpc/0.5.0-201fc85-SNAPSHOT/ratis-grpc-0.5.0-201fc85-SNAPSHOT.jar:/home/user/.m2/repository/org/rocksdb/rocksdbjni/6.0.1/rocksdbjni-6.0.1.jar:/home/user/.m2/repository/org/apache/logging/log4j/log4j-api/2.11.0/log4j-api-2.11.0.jar:/home/user/.m2/repository/org/apache/logging/log4j/log4j-core/2.11.0/log4j-core-2.11.0.jar:/home/user/.m2/repository/com/lmax/disruptor/3.4.2/disruptor-3.4.2.jar:/home/user/.m2/repository/org/apache/commons/commons-pool2/2.6.0/commons-pool2-2.6.0.jar:/home/user/.m2/repository/org/bouncycastle/bcpkix-jdk15on/1.60/bcpkix-jdk15on-1.60.jar:/home/user/.m2/repository/commons-validator/commons-validator/1.6/commons-validator-1.6.jar:/home/user/.m2/repository/commons-digester/commons-digester/1.8.1/commons-digester-1.8.1.jar:/home/user/.m2/repository/io/jaegertracing/jaeger-client/0.34.0/jaeger-client-0.34.0.jar:/home/user/.m2/repository/io/jaegertracing/jaeger-thrift/0.34.0/jaeger-thrift-0.34.0.jar:/home/user/.m2/repository/org/apache/thrift/libthrift/0.12.0/libthrift-0.12.0.jar:/home/user/.m2/repository/com/squareup/okhttp3/okhttp/3.9.0/okhttp-3.9.0.jar:/home/user/.m2/repository/com/squareup/okio/okio/1.13.0/okio-1.13.0.jar:/home/user/.m2/repository/io/jaegertracing/jaeger-core/0.34.0/jaeger-core-0.34.0.jar:/home/user/.m2/repository/io/jaegertracing/jaeger-tracerresolver/0.34.0/jaeger-tracerresolver-0.34.0.jar:/home/user/.m2/repository/io/opentracing/contrib/opentracing-tracerresolver/0.1.5/opentracing-tracerresolver-0.1.5.jar:/home/user/.m2/repository/io/opentracing/opentracing-util/0.31.0/opentracing-util-0.31.0.jar:/home/user/.m2/repository/io/opentracing/opentracing-api/0.31.0/opentracing-api-0.31.0.jar:/home/user/.m2/repository/io/opentracing/opentracing-noop/0.31.0/opentracing-noop-0.31.0.jar:/home/user/.m2/repository/org/apache/hadoop/hadoop-hdds-server-framework/0.5.0-SNAPSHOT/hadoop-hdds-server-framework-0.5.0-SNAPSHOT.jar:/home/user/.m2/repository/org/apache/hadoop/hadoop-hdds-container-service/0.5.0-SNAPSHOT/hadoop-hdds-container-service-0.5.0-SNAPSHOT.jar:/home/user/.m2/repository/org/apache/hadoop/hadoop-hdds-client/0.5.0-SNAPSHOT/hadoop-hdds-client-0.5.0-SNAPSHOT.jar:/home/user/.m2/repository/org/apache/hadoop/hadoop-hdds-tools/0.5.0-SNAPSHOT/hadoop-hdds-tools-0.5.0-SNAPSHOT.jar:/home/user/.m2/repository/org/apache/hadoop/hadoop-hdds-server-scm/0.5.0-SNAPSHOT/hadoop-hdds-server-scm-0.5.0-SNAPSHOT.jar:/home/user/.m2/repository/org/apache/hadoop/hadoop-hdds-docs/0.5.0-SNAPSHOT/hadoop-hdds-docs-0.5.0-SNAPSHOT.jar:/home/user/.m2/repository/io/dropwizard/metrics/metrics-core/3.2.4/metrics-core-3.2.4.jar:/home/user/.m2/repository/org/hamcrest/hamcrest-all/1.3/hamcrest-all-1.3.jar:/home/user/.m2/repository/org/bouncycastle/bcprov-jdk15on/1.60/bcprov-jdk15on-1.60.jar:/home/user/.m2/repository/info/picocli/picocli/3.9.6/picocli-3.9.6.jar:/home/user/.m2/repository/com/google/protobuf/protobuf-java/2.5.0/protobuf-java-2.5.0.jar:/home/user/.m2/repository/com/google/guava/guava/11.0.2/guava-11.0.2.jar:/home/user/.m2/repository/org/apache/hadoop/hadoop-ozone-ozone-manager/0.5.0-SNAPSHOT/hadoop-ozone-ozone-manager-0.5.0-SNAPSHOT.jar:/home/user/.m2/repository/org/apache/hadoop/hadoop-minikdc/3.2.0/hadoop-minikdc-3.2.0.jar:/home/user/.m2/repository/commons-io/commons-io/2.5/commons-io-2.5.jar:/home/user/.m2/repository/org/apache/kerby/kerb-simplekdc/1.0.1/kerb-simplekdc-1.0.1.jar:/home/user/.m2/repository/org/apache/kerby/kerb-client/1.0.1/kerb-client-1.0.1.jar:/home/user/.m2/repository/org/apache/kerby/kerby-config/1.0.1/kerby-config-1.0.1.jar:/home/user/.m2/repository/org/apache/kerby/kerb-core/1.0.1/kerb-core-1.0.1.jar:/home/user/.m2/repository/org/apache/kerby/kerby-pkix/1.0.1/kerby-pkix-1.0.1.jar:/home/user/.m2/repository/org/apache/kerby/kerby-asn1/1.0.1/kerby-asn1-1.0.1.jar:/home/user/.m2/repository/org/apache/kerby/kerby-util/1.0.1/kerby-util-1.0.1.jar:/home/user/.m2/repository/org/apache/kerby/kerb-common/1.0.1/kerb-common-1.0.1.jar:/home/user/.m2/repository/org/apache/kerby/kerb-crypto/1.0.1/kerb-crypto-1.0.1.jar:/home/user/.m2/repository/org/apache/kerby/kerb-util/1.0.1/kerb-util-1.0.1.jar:/home/user/.m2/repository/org/apache/kerby/token-provider/1.0.1/token-provider-1.0.1.jar:/home/user/.m2/repository/org/apache/kerby/kerb-admin/1.0.1/kerb-admin-1.0.1.jar:/home/user/.m2/repository/org/apache/kerby/kerb-server/1.0.1/kerb-server-1.0.1.jar:/home/user/.m2/repository/org/apache/kerby/kerb-identity/1.0.1/kerb-identity-1.0.1.jar:/home/user/.m2/repository/org/apache/kerby/kerby-xdr/1.0.1/kerby-xdr-1.0.1.jar:/home/user/.m2/repository/org/slf4j/slf4j-log4j12/1.7.25/slf4j-log4j12-1.7.25.jar:/home/user/.m2/repository/org/apache/hadoop/hadoop-ozone-s3gateway/0.5.0-SNAPSHOT/hadoop-ozone-s3gateway-0.5.0-SNAPSHOT.jar:/home/user/.m2/repository/org/jboss/weld/servlet/weld-servlet/2.4.7.Final/weld-servlet-2.4.7.Final.jar:/home/user/.m2/repository/org/glassfish/jersey/containers/jersey-container-servlet-core/2.27/jersey-container-servlet-core-2.27.jar:/home/user/.m2/repository/org/glassfish/hk2/external/javax.inject/2.5.0-b42/javax.inject-2.5.0-b42.jar:/home/user/.m2/repository/org/glassfish/jersey/core/jersey-common/2.27/jersey-common-2.27.jar:/home/user/.m2/repository/org/glassfish/hk2/osgi-resource-locator/1.0.1/osgi-resource-locator-1.0.1.jar:/home/user/.m2/repository/javax/ws/rs/javax.ws.rs-api/2.1/javax.ws.rs-api-2.1.jar:/home/user/.m2/repository/org/glassfish/jersey/ext/cdi/jersey-cdi1x/2.27/jersey-cdi1x-2.27.jar:/home/user/.m2/repository/org/glassfish/jersey/inject/jersey-hk2/2.27/jersey-hk2-2.27.jar:/home/user/.m2/repository/org/glassfish/hk2/hk2-locator/2.5.0-b42/hk2-locator-2.5.0-b42.jar:/home/user/.m2/repository/org/javassist/javassist/3.22.0-CR2/javassist-3.22.0-CR2.jar:/home/user/.m2/repository/org/glassfish/hk2/hk2-api/2.5.0/hk2-api-2.5.0.jar:/home/user/.m2/repository/org/glassfish/hk2/external/jakarta.inject/2.5.0/jakarta.inject-2.5.0.jar:/home/user/.m2/repository/org/glassfish/hk2/hk2-utils/2.5.0/hk2-utils-2.5.0.jar:/home/user/.m2/repository/jakarta/annotation/jakarta.annotation-api/1.3.4/jakarta.annotation-api-1.3.4.jar:/home/user/.m2/repository/org/glassfish/hk2/external/aopalliance-repackaged/2.5.0/aopalliance-repackaged-2.5.0.jar:/home/user/.m2/repository/com/fasterxml/jackson/dataformat/jackson-dataformat-xml/2.9.0/jackson-dataformat-xml-2.9.0.jar:/home/user/.m2/repository/com/fasterxml/jackson/core/jackson-core/2.9.9/jackson-core-2.9.9.jar:/home/user/.m2/repository/com/fasterxml/jackson/module/jackson-module-jaxb-annotations/2.9.9/jackson-module-jaxb-annotations-2.9.9.jar:/home/user/.m2/repository/javax/enterprise/cdi-api/1.2/cdi-api-1.2.jar:/home/user/.m2/repository/javax/el/javax.el-api/3.0.0/javax.el-api-3.0.0.jar:/home/user/.m2/repository/javax/interceptor/javax.interceptor-api/1.2/javax.interceptor-api-1.2.jar:/home/user/.m2/repository/javax/inject/javax.inject/1/javax.inject-1.jar:/home/user/.m2/repository/com/sun/xml/bind/jaxb-impl/2.3.0.1/jaxb-impl-2.3.0.1.jar:/home/user/.m2/repository/com/sun/xml/bind/jaxb-core/2.3.0.1/jaxb-core-2.3.0.1.jar:/home/user/.m2/repository/javax/xml/bind/jaxb-api/2.3.0/jaxb-api-2.3.0.jar:/home/user/.m2/repository/javax/activation/activation/1.1.1/activation-1.1.1.jar:/home/user/.m2/repository/org/apache/hadoop/hadoop-ozone-csi/0.5.0-SNAPSHOT/hadoop-ozone-csi-0.5.0-SNAPSHOT.jar:/home/user/.m2/repository/com/google/protobuf/protobuf-java-util/3.5.1/protobuf-java-util-3.5.1.jar:/home/user/.m2/repository/org/apache/hadoop/hadoop-hdds-config/0.5.0-SNAPSHOT/hadoop-hdds-config-0.5.0-SNAPSHOT.jar:/home/user/.m2/repository/io/grpc/grpc-netty/1.17.1/grpc-netty-1.17.1.jar:/home/user/.m2/repository/io/grpc/grpc-core/1.17.1/grpc-core-1.17.1.jar:/home/user/.m2/repository/io/grpc/grpc-context/1.17.1/grpc-context-1.17.1.jar:/home/user/.m2/repository/com/google/errorprone/error_prone_annotations/2.2.0/error_prone_annotations-2.2.0.jar:/home/user/.m2/repository/org/codehaus/mojo/animal-sniffer-annotations/1.17/animal-sniffer-annotations-1.17.jar:/home/user/.m2/repository/io/opencensus/opencensus-api/0.17.0/opencensus-api-0.17.0.jar:/home/user/.m2/repository/io/opencensus/opencensus-contrib-grpc-metrics/0.17.0/opencensus-contrib-grpc-metrics-0.17.0.jar:/home/user/.m2/repository/io/netty/netty-codec-http2/4.1.30.Final/netty-codec-http2-4.1.30.Final.jar:/home/user/.m2/repository/io/netty/netty-codec-http/4.1.30.Final/netty-codec-http-4.1.30.Final.jar:/home/user/.m2/repository/io/netty/netty-codec/4.1.30.Final/netty-codec-4.1.30.Final.jar:/home/user/.m2/repository/io/netty/netty-handler/4.1.30.Final/netty-handler-4.1.30.Final.jar:/home/user/.m2/repository/io/netty/netty-handler-proxy/4.1.30.Final/netty-handler-proxy-4.1.30.Final.jar:/home/user/.m2/repository/io/netty/netty-codec-socks/4.1.30.Final/netty-codec-socks-4.1.30.Final.jar:/home/user/.m2/repository/io/netty/netty-transport-native-epoll/4.1.30.Final/netty-transport-native-epoll-4.1.30.Final.jar:/home/user/.m2/repository/io/netty/netty-common/4.1.30.Final/netty-common-4.1.30.Final.jar:/home/user/.m2/repository/io/netty/netty-buffer/4.1.30.Final/netty-buffer-4.1.30.Final.jar:/home/user/.m2/repository/io/netty/netty-transport/4.1.30.Final/netty-transport-4.1.30.Final.jar:/home/user/.m2/repository/io/netty/netty-resolver/4.1.30.Final/netty-resolver-4.1.30.Final.jar:/home/user/.m2/repository/io/netty/netty-transport-native-unix-common/4.1.30.Final/netty-transport-native-unix-common-4.1.30.Final.jar:/home/user/.m2/repository/io/grpc/grpc-protobuf/1.17.1/grpc-protobuf-1.17.1.jar:/home/user/.m2/repository/com/google/api/grpc/proto-google-common-protos/1.0.0/proto-google-common-protos-1.0.0.jar:/home/user/.m2/repository/io/grpc/grpc-protobuf-lite/1.17.1/grpc-protobuf-lite-1.17.1.jar:/home/user/.m2/repository/io/grpc/grpc-stub/1.17.1/grpc-stub-1.17.1.jar:/home/user/.m2/repository/org/apache/hadoop/hadoop-ozone-recon/0.5.0-SNAPSHOT/hadoop-ozone-recon-0.5.0-SNAPSHOT.jar:/home/user/.m2/repository/org/apache/hadoop/hadoop-ozone-reconcodegen/0.5.0-SNAPSHOT/hadoop-ozone-reconcodegen-0.5.0-SNAPSHOT.jar:/home/user/.m2/repository/com/google/inject/extensions/guice-multibindings/4.0/guice-multibindings-4.0.jar:/home/user/.m2/repository/com/google/inject/guice/4.0/guice-4.0.jar:/home/user/.m2/repository/aopalliance/aopalliance/1.0/aopalliance-1.0.jar:/home/user/.m2/repository/com/google/inject/extensions/guice-servlet/4.0/guice-servlet-4.0.jar:/home/user/.m2/repository/org/glassfish/jersey/containers/jersey-container-servlet/2.27/jersey-container-servlet-2.27.jar:/home/user/.m2/repository/org/glassfish/hk2/guice-bridge/2.5.0/guice-bridge-2.5.0.jar:/home/user/.m2/repository/org/glassfish/jersey/core/jersey-server/2.27/jersey-server-2.27.jar:/home/user/.m2/repository/org/glassfish/jersey/core/jersey-client/2.27/jersey-client-2.27.jar:/home/user/.m2/repository/org/glassfish/jersey/media/jersey-media-jaxb/2.27/jersey-media-jaxb-2.27.jar:/home/user/.m2/repository/javax/validation/validation-api/1.1.0.Final/validation-api-1.1.0.Final.jar:/home/user/.m2/repository/org/glassfish/jersey/media/jersey-media-json-jackson/2.27/jersey-media-json-jackson-2.27.jar:/home/user/.m2/repository/org/glassfish/jersey/ext/jersey-entity-filtering/2.27/jersey-entity-filtering-2.27.jar:/home/user/.m2/repository/com/google/inject/extensions/guice-assistedinject/4.0/guice-assistedinject-4.0.jar:/home/user/.m2/repository/org/jooq/jooq/3.11.10/jooq-3.11.10.jar:/home/user/.m2/repository/org/jooq/jooq-meta/3.11.10/jooq-meta-3.11.10.jar:/home/user/.m2/repository/org/jooq/jooq-codegen/3.11.10/jooq-codegen-3.11.10.jar:/home/user/.m2/repository/com/jolbox/bonecp/0.8.0.RELEASE/bonecp-0.8.0.RELEASE.jar:/home/user/.m2/repository/org/xerial/sqlite-jdbc/3.25.2/sqlite-jdbc-3.25.2.jar:/home/user/.m2/repository/org/springframework/spring-jdbc/5.1.3.RELEASE/spring-jdbc-5.1.3.RELEASE.jar:/home/user/.m2/repository/org/springframework/spring-beans/5.1.3.RELEASE/spring-beans-5.1.3.RELEASE.jar:/home/user/.m2/repository/org/springframework/spring-core/5.1.3.RELEASE/spring-core-5.1.3.RELEASE.jar:/home/user/.m2/repository/org/springframework/spring-jcl/5.1.3.RELEASE/spring-jcl-5.1.3.RELEASE.jar:/home/user/.m2/repository/org/springframework/spring-tx/5.1.3.RELEASE/spring-tx-5.1.3.RELEASE.jar:/home/user/.m2/repository/org/apache/hadoop/hadoop-ozone-client/0.5.0-SNAPSHOT/hadoop-ozone-client-0.5.0-SNAPSHOT.jar:/home/user/.m2/repository/commons-lang/commons-lang/2.6/commons-lang-2.6.jar:/home/user/.m2/repository/org/apache/hadoop/hadoop-ozone-ozone-manager/0.5.0-SNAPSHOT/hadoop-ozone-ozone-manager-0.5.0-SNAPSHOT-tests.jar:/home/user/.m2/repository/junit/junit/4.11/junit-4.11.jar:/home/user/.m2/repository/org/hamcrest/hamcrest-core/1.3/hamcrest-core-1.3.jar:/home/user/.m2/repository/org/openjdk/jmh/jmh-core/1.19/jmh-core-1.19.jar:/home/user/.m2/repository/net/sf/jopt-simple/jopt-simple/4.6/jopt-simple-4.6.jar:/home/user/.m2/repository/org/apache/commons/commons-math3/3.1.1/commons-math3-3.1.1.jar:/home/user/.m2/repository/org/openjdk/jmh/jmh-generator-annprocess/1.19/jmh-generator-annprocess-1.19.jar:/home/user/.m2/repository/org/mockito/mockito-all/1.8.5/mockito-all-1.8.5.jar:/home/user/.m2/repository/org/apache/hadoop/hadoop-kms/3.2.0/hadoop-kms-3.2.0.jar:/home/user/.m2/repository/org/apache/hadoop/hadoop-auth/3.2.0/hadoop-auth-3.2.0.jar:/home/user/.m2/repository/com/nimbusds/nimbus-jose-jwt/4.41.1/nimbus-jose-jwt-4.41.1.jar:/home/user/.m2/repository/com/github/stephenc/jcip/jcip-annotations/1.0-1/jcip-annotations-1.0-1.jar:/home/user/.m2/repository/net/minidev/json-smart/2.3/json-smart-2.3.jar:/home/user/.m2/repository/net/minidev/accessors-smart/1.2/accessors-smart-1.2.jar:/home/user/.m2/repository/org/ow2/asm/asm/5.0.4/asm-5.0.4.jar:/home/user/.m2/repository/org/apache/curator/curator-framework/2.12.0/curator-framework-2.12.0.jar:/home/user/.m2/repository/com/sun/jersey/jersey-core/1.19/jersey-core-1.19.jar:/home/user/.m2/repository/javax/ws/rs/jsr311-api/1.1.1/jsr311-api-1.1.1.jar:/home/user/.m2/repository/com/sun/jersey/jersey-server/1.19/jersey-server-1.19.jar:/home/user/.m2/repository/javax/servlet/javax.servlet-api/3.1.0/javax.servlet-api-3.1.0.jar:/home/user/.m2/repository/org/eclipse/jetty/jetty-server/9.3.25.v20180904/jetty-server-9.3.25.v20180904.jar:/home/user/.m2/repository/org/eclipse/jetty/jetty-http/9.3.25.v20180904/jetty-http-9.3.25.v20180904.jar:/home/user/.m2/repository/org/eclipse/jetty/jetty-io/9.3.25.v20180904/jetty-io-9.3.25.v20180904.jar:/home/user/.m2/repository/org/eclipse/jetty/jetty-webapp/9.3.25.v20180904/jetty-webapp-9.3.25.v20180904.jar:/home/user/.m2/repository/org/eclipse/jetty/jetty-xml/9.3.25.v20180904/jetty-xml-9.3.25.v20180904.jar:/home/user/.m2/repository/log4j/log4j/1.2.17/log4j-1.2.17.jar:/home/user/.m2/repository/org/slf4j/slf4j-api/1.7.25/slf4j-api-1.7.25.jar:/home/user/.m2/repository/org/slf4j/jul-to-slf4j/1.7.25/jul-to-slf4j-1.7.25.jar:/home/user/.m2/repository/org/eclipse/jetty/jetty-util/9.3.25.v20180904/jetty-util-9.3.25.v20180904.jar:/home/user/.m2/repository/com/fasterxml/jackson/core/jackson-databind/2.9.9/jackson-databind-2.9.9.jar:/home/user/.m2/repository/org/apache/hadoop/hadoop-kms/3.2.0/hadoop-kms-3.2.0-tests.jar:/home/user/.m2/repository/org/apache/hadoop/hadoop-hdds-server-scm/0.5.0-SNAPSHOT/hadoop-hdds-server-scm-0.5.0-SNAPSHOT-tests.jar:/home/user/.m2/repository/org/apache/hadoop/hadoop-hdds-container-service/0.5.0-SNAPSHOT/hadoop-hdds-container-service-0.5.0-SNAPSHOT-tests.jar:/home/user/.m2/repository/org/yaml/snakeyaml/1.16/snakeyaml-1.16.jar:/home/user/.m2/repository/org/apache/hadoop/hadoop-common/3.2.0/hadoop-common-3.2.0-tests.jar:/home/user/.m2/repository/org/apache/hadoop/hadoop-annotations/3.2.0/hadoop-annotations-3.2.0.jar:/usr/lib/jvm/java-1.8-openjdk/jre/../lib/tools.jar:/home/user/.m2/repository/commons-cli/commons-cli/1.2/commons-cli-1.2.jar:/home/user/.m2/repository/org/apache/httpcomponents/httpclient/4.5.2/httpclient-4.5.2.jar:/home/user/.m2/repository/org/apache/httpcomponents/httpcore/4.4.4/httpcore-4.4.4.jar:/home/user/.m2/repository/commons-codec/commons-codec/1.11/commons-codec-1.11.jar:/home/user/.m2/repository/commons-net/commons-net/3.6/commons-net-3.6.jar:/home/user/.m2/repository/commons-collections/commons-collections/3.2.2/commons-collections-3.2.2.jar:/home/user/.m2/repository/org/eclipse/jetty/jetty-servlet/9.3.25.v20180904/jetty-servlet-9.3.25.v20180904.jar:/home/user/.m2/repository/org/eclipse/jetty/jetty-security/9.3.25.v20180904/jetty-security-9.3.25.v20180904.jar:/home/user/.m2/repository/javax/servlet/jsp/jsp-api/2.1/jsp-api-2.1.jar:/home/user/.m2/repository/com/sun/jersey/jersey-servlet/1.19/jersey-servlet-1.19.jar:/home/user/.m2/repository/com/sun/jersey/jersey-json/1.19/jersey-json-1.19.jar:/home/user/.m2/repository/org/codehaus/jettison/jettison/1.1/jettison-1.1.jar:/home/user/.m2/repository/org/codehaus/jackson/jackson-core-asl/1.9.13/jackson-core-asl-1.9.13.jar:/home/user/.m2/repository/org/codehaus/jackson/jackson-mapper-asl/1.9.13/jackson-mapper-asl-1.9.13.jar:/home/user/.m2/repository/org/codehaus/jackson/jackson-jaxrs/1.9.13/jackson-jaxrs-1.9.13.jar:/home/user/.m2/repository/org/codehaus/jackson/jackson-xc/1.9.13/jackson-xc-1.9.13.jar:/home/user/.m2/repository/commons-logging/commons-logging/1.1.3/commons-logging-1.1.3.jar:/home/user/.m2/repository/commons-beanutils/commons-beanutils/1.9.4/commons-beanutils-1.9.4.jar:/home/user/.m2/repository/org/apache/commons/commons-configuration2/2.1.1/commons-configuration2-2.1.1.jar:/home/user/.m2/repository/org/apache/commons/commons-lang3/3.7/commons-lang3-3.7.jar:/home/user/.m2/repository/org/apache/commons/commons-text/1.4/commons-text-1.4.jar:/home/user/.m2/repository/org/apache/avro/avro/1.7.7/avro-1.7.7.jar:/home/user/.m2/repository/com/thoughtworks/paranamer/paranamer/2.3/paranamer-2.3.jar:/home/user/.m2/repository/org/xerial/snappy/snappy-java/1.0.5/snappy-java-1.0.5.jar:/home/user/.m2/repository/com/google/re2j/re2j/1.1/re2j-1.1.jar:/home/user/.m2/repository/com/google/code/gson/gson/2.2.4/gson-2.2.4.jar:/home/user/.m2/repository/com/jcraft/jsch/0.1.54/jsch-0.1.54.jar:/home/user/.m2/repository/org/apache/curator/curator-client/2.12.0/curator-client-2.12.0.jar:/home/user/.m2/repository/org/apache/curator/curator-recipes/2.12.0/curator-recipes-2.12.0.jar:/home/user/.m2/repository/com/google/code/findbugs/jsr305/3.0.0/jsr305-3.0.0.jar:/home/user/.m2/repository/org/apache/htrace/htrace-core4/4.1.0-incubating/htrace-core4-4.1.0-incubating.jar:/home/user/.m2/repository/org/apache/zookeeper/zookeeper/3.4.13/zookeeper-3.4.13.jar:/home/user/.m2/repository/jline/jline/0.9.94/jline-0.9.94.jar:/home/user/.m2/repository/org/apache/yetus/audience-annotations/0.5.0/audience-annotations-0.5.0.jar:/home/user/.m2/repository/org/codehaus/woodstox/stax2-api/3.1.4/stax2-api-3.1.4.jar:/home/user/.m2/repository/com/fasterxml/woodstox/woodstox-core/5.0.3/woodstox-core-5.0.3.jar:/home/user/.m2/repository/dnsjava/dnsjava/2.1.7/dnsjava-2.1.7.jar:/home/user/.m2/repository/org/apache/hadoop/hadoop-hdfs/3.2.0/hadoop-hdfs-3.2.0-tests.jar:/home/user/.m2/repository/org/eclipse/jetty/jetty-util-ajax/9.3.25.v20180904/jetty-util-ajax-9.3.25.v20180904.jar:/home/user/.m2/repository/commons-daemon/commons-daemon/1.0.13/commons-daemon-1.0.13.jar:/home/user/.m2/repository/io/netty/netty/3.10.5.Final/netty-3.10.5.Final.jar:/home/user/.m2/repository/io/netty/netty-all/4.0.52.Final/netty-all-4.0.52.Final.jar:/home/user/.m2/repository/org/fusesource/leveldbjni/leveldbjni-all/1.8/leveldbjni-all-1.8.jar:"/>
    <property name="sun.cpu.endian" value="little"/>
    <property name="user.home" value="/home/user"/>
    <property name="user.language" value="en"/>
    <property name="java.specification.vendor" value="Oracle Corporation"/>
    <property name="java.home" value="/usr/lib/jvm/java-1.8-openjdk/jre"/>
    <property name="java.security.krb5.conf" value="/workdir/hadoop-ozone/integration-test/target/test-classes/krb5.conf"/>
    <property name="basedir" value="/workdir/hadoop-ozone/integration-test"/>
    <property name="file.separator" value="/"/>
    <property name="line.separator" value="&#10;"/>
    <property name="java.vm.specification.vendor" value="Oracle Corporation"/>
    <property name="java.specification.name" value="Java Platform API Specification"/>
    <property name="java.awt.graphicsenv" value="sun.awt.X11GraphicsEnvironment"/>
    <property name="surefire.real.class.path" value="/workdir/hadoop-ozone/integration-test/target/surefire/surefirebooter226089184602077598.jar"/>
    <property name="hadoop.log.dir" value="/workdir/hadoop-ozone/integration-test/target/log"/>
    <property name="sun.boot.class.path" value="/usr/lib/jvm/java-1.8-openjdk/jre/lib/resources.jar:/usr/lib/jvm/java-1.8-openjdk/jre/lib/rt.jar:/usr/lib/jvm/java-1.8-openjdk/jre/lib/sunrsasign.jar:/usr/lib/jvm/java-1.8-openjdk/jre/lib/jsse.jar:/usr/lib/jvm/java-1.8-openjdk/jre/lib/jce.jar:/usr/lib/jvm/java-1.8-openjdk/jre/lib/charsets.jar:/usr/lib/jvm/java-1.8-openjdk/jre/lib/jfr.jar:/usr/lib/jvm/java-1.8-openjdk/jre/classes"/>
    <property name="sun.management.compiler" value="HotSpot 64-Bit Tiered Compilers"/>
    <property name="java.runtime.version" value="1.8.0_212-b04"/>
    <property name="java.net.preferIPv4Stack" value="true"/>
    <property name="user.name" value="jenkins1000"/>
    <property name="path.separator" value=":"/>
    <property name="java.security.egd" value="file:///dev/urandom"/>
    <property name="os.version" value="3.10.0-957.12.2.el7.x86_64"/>
    <property name="java.endorsed.dirs" value="/usr/lib/jvm/java-1.8-openjdk/jre/lib/endorsed"/>
    <property name="java.runtime.name" value="OpenJDK Runtime Environment"/>
    <property name="file.encoding" value="UTF-8"/>
    <property name="java.vm.name" value="OpenJDK 64-Bit Server VM"/>
    <property name="test.build.webapps" value=""/>
    <property name="localRepository" value="/home/user/.m2/repository"/>
    <property name="java.vendor.url.bug" value="https://icedtea.classpath.org/bugzilla"/>
    <property name="java.io.tmpdir" value="/tmp"/>
    <property name="require.test.libhadoop" value=""/>
    <property name="java.version" value="1.8.0_212"/>
    <property name="user.dir" value="/workdir/hadoop-ozone/integration-test"/>
    <property name="os.arch" value="amd64"/>
    <property name="java.vm.specification.name" value="Java Virtual Machine Specification"/>
    <property name="test.build.classes" value="/workdir/hadoop-ozone/integration-test/target/test-classes"/>
    <property name="java.awt.printerjob" value="sun.print.PSPrinterJob"/>
    <property name="sun.os.patch.level" value="unknown"/>
    <property name="hadoop.tmp.dir" value="/workdir/hadoop-ozone/integration-test/target/tmp"/>
    <property name="java.library.path" value="/usr/lib/jvm/java-1.8-openjdk/jre/lib/amd64/server:/usr/lib/jvm/java-1.8-openjdk/jre/lib/amd64:/usr/lib/jvm/java-1.8-openjdk/jre/../lib/amd64:/workdir/hadoop-ozone/integration-test/target/native/target/usr/local/lib:/workdir/hadoop-ozone/integration-test/../../hadoop-common-project/hadoop-common/target/native/target/usr/local/lib:/usr/java/packages/lib/amd64:/usr/lib64:/lib64:/lib:/usr/lib"/>
    <property name="java.vm.info" value="mixed mode"/>
    <property name="java.vendor" value="IcedTea"/>
    <property name="java.vm.version" value="25.212-b04"/>
    <property name="java.ext.dirs" value="/usr/lib/jvm/java-1.8-openjdk/jre/lib/ext:/usr/java/packages/lib/ext"/>
    <property name="sun.io.unicode.encoding" value="UnicodeLittle"/>
    <property name="java.class.version" value="52.0"/>
  </properties>
  <testcase name="testWatchForCommitWithKeyWrite" classname="org.apache.hadoop.ozone.client.rpc.TestWatchForCommit" time="58.05"/>
  <testcase name="testWatchForCommitWithSmallerTimeoutValue" classname="org.apache.hadoop.ozone.client.rpc.TestWatchForCommit" time="42.727"/>
  <testcase name="testWatchForCommitForRetryfailure" classname="org.apache.hadoop.ozone.client.rpc.TestWatchForCommit" time="77.891"/>
  <testcase name="testWatchForCommitForGroupMismatchException" classname="org.apache.hadoop.ozone.client.rpc.TestWatchForCommit" time="32.261"/>
  <testcase name="test2WayCommitForTimeoutException" classname="org.apache.hadoop.ozone.client.rpc.TestWatchForCommit" time="22.166">
    <error type="java.util.concurrent.TimeoutException">java.util.concurrent.TimeoutException
	at java.util.concurrent.CompletableFuture.timedGet(CompletableFuture.java:1771)
	at java.util.concurrent.CompletableFuture.get(CompletableFuture.java:1915)
	at org.apache.hadoop.hdds.scm.XceiverClientRatis.watchForCommit(XceiverClientRatis.java:283)
	at org.apache.hadoop.ozone.client.rpc.TestWatchForCommit.test2WayCommitForTimeoutException(TestWatchForCommit.java:391)
	at sun.reflect.NativeMethodAccessorImpl.invoke0(Native Method)
	at sun.reflect.NativeMethodAccessorImpl.invoke(NativeMethodAccessorImpl.java:62)
	at sun.reflect.DelegatingMethodAccessorImpl.invoke(DelegatingMethodAccessorImpl.java:43)
	at java.lang.reflect.Method.invoke(Method.java:498)
	at org.junit.runners.model.FrameworkMethod$1.runReflectiveCall(FrameworkMethod.java:47)
	at org.junit.internal.runners.model.ReflectiveCallable.run(ReflectiveCallable.java:12)
	at org.junit.runners.model.FrameworkMethod.invokeExplosively(FrameworkMethod.java:44)
	at org.junit.internal.runners.statements.InvokeMethod.evaluate(InvokeMethod.java:17)
	at org.junit.runners.ParentRunner.runLeaf(ParentRunner.java:271)
	at org.junit.runners.BlockJUnit4ClassRunner.runChild(BlockJUnit4ClassRunner.java:70)
	at org.junit.runners.BlockJUnit4ClassRunner.runChild(BlockJUnit4ClassRunner.java:50)
	at org.junit.runners.ParentRunner$3.run(ParentRunner.java:238)
	at org.junit.runners.ParentRunner$1.schedule(ParentRunner.java:63)
	at org.junit.runners.ParentRunner.runChildren(ParentRunner.java:236)
	at org.junit.runners.ParentRunner.access$000(ParentRunner.java:53)
	at org.junit.runners.ParentRunner$2.evaluate(ParentRunner.java:229)
	at org.junit.runners.ParentRunner.run(ParentRunner.java:309)
	at org.apache.maven.surefire.junit4.JUnit4Provider.execute(JUnit4Provider.java:365)
	at org.apache.maven.surefire.junit4.JUnit4Provider.executeWithRerun(JUnit4Provider.java:273)
	at org.apache.maven.surefire.junit4.JUnit4Provider.executeTestSet(JUnit4Provider.java:238)
	at org.apache.maven.surefire.junit4.JUnit4Provider.invoke(JUnit4Provider.java:159)
	at org.apache.maven.surefire.booter.ForkedBooter.invokeProviderInSameClassLoader(ForkedBooter.java:384)
	at org.apache.maven.surefire.booter.ForkedBooter.runSuitesInProcess(ForkedBooter.java:345)
	at org.apache.maven.surefire.booter.ForkedBooter.execute(ForkedBooter.java:126)
	at org.apache.maven.surefire.booter.ForkedBooter.main(ForkedBooter.java:418)
</error>
    <system-out><![CDATA[2019-10-09 02:26:24,385 [main] WARN  server.ServerUtils (ServerUtils.java:getScmDbDir(145)) - ozone.scm.db.dirs is not configured. We recommend adding this setting. Falling back to ozone.metadata.dirs instead.
2019-10-09 02:26:24,400 [main] WARN  server.ServerUtils (ServerUtils.java:getScmDbDir(145)) - ozone.scm.db.dirs is not configured. We recommend adding this setting. Falling back to ozone.metadata.dirs instead.
2019-10-09 02:26:24,400 [main] WARN  server.ServerUtils (ServerUtils.java:getScmDbDir(145)) - ozone.scm.db.dirs is not configured. We recommend adding this setting. Falling back to ozone.metadata.dirs instead.
2019-10-09 02:26:24,401 [main] INFO  db.DBStoreBuilder (DBStoreBuilder.java:addTable(117)) - using custom profile for table: deletedBlocks
2019-10-09 02:26:24,401 [main] INFO  db.DBStoreBuilder (DBStoreBuilder.java:processTables(168)) - Using default column profile:DBProfile.DISK for Table:deletedBlocks
2019-10-09 02:26:24,401 [main] INFO  db.DBStoreBuilder (DBStoreBuilder.java:addTable(117)) - using custom profile for table: validCerts
2019-10-09 02:26:24,401 [main] INFO  db.DBStoreBuilder (DBStoreBuilder.java:processTables(168)) - Using default column profile:DBProfile.DISK for Table:validCerts
2019-10-09 02:26:24,401 [main] INFO  db.DBStoreBuilder (DBStoreBuilder.java:addTable(117)) - using custom profile for table: revokedCerts
2019-10-09 02:26:24,402 [main] INFO  db.DBStoreBuilder (DBStoreBuilder.java:processTables(168)) - Using default column profile:DBProfile.DISK for Table:revokedCerts
2019-10-09 02:26:24,402 [main] INFO  db.DBStoreBuilder (DBStoreBuilder.java:addTable(117)) - using custom profile for table: default
2019-10-09 02:26:24,402 [main] INFO  db.DBStoreBuilder (DBStoreBuilder.java:processTables(174)) - Using default column profile:DBProfile.DISK for Table:default
2019-10-09 02:26:24,402 [main] INFO  db.DBStoreBuilder (DBStoreBuilder.java:getDbProfile(205)) - Using default options. DBProfile.DISK
2019-10-09 02:26:24,561 [main] INFO  net.NodeSchemaLoader (NodeSchemaLoader.java:loadSchemaFromFile(125)) - Loading file from sun.misc.CompoundEnumeration@357c9bd9
2019-10-09 02:26:24,561 [main] INFO  net.NodeSchemaLoader (NodeSchemaLoader.java:loadSchema(171)) - Loading network topology layer schema file
2019-10-09 02:26:24,569 [main] WARN  server.ServerUtils (ServerUtils.java:sanitizeUserArgs(70)) - ozone.scm.stale.node.interval value = 300000 is larger than max = 100000 based on the key value of ozone.scm.heartbeat.thread.interval, reset to the max value 100000.
2019-10-09 02:26:24,569 [main] WARN  server.ServerUtils (ServerUtils.java:sanitizeUserArgs(70)) - ozone.scm.stale.node.interval value = 300000 is larger than max = 100000 based on the key value of ozone.scm.heartbeat.thread.interval, reset to the max value 100000.
2019-10-09 02:26:24,570 [main] INFO  node.SCMNodeManager (SCMNodeManager.java:<init>(116)) - Entering startup safe mode.
2019-10-09 02:26:24,571 [main] INFO  algorithms.ContainerPlacementPolicyFactory (ContainerPlacementPolicyFactory.java:getPolicy(57)) - Create container placement policy of type org.apache.hadoop.hdds.scm.container.placement.algorithms.SCMContainerPlacementRandom
2019-10-09 02:26:24,571 [main] WARN  server.ServerUtils (ServerUtils.java:getScmDbDir(145)) - ozone.scm.db.dirs is not configured. We recommend adding this setting. Falling back to ozone.metadata.dirs instead.
2019-10-09 02:26:24,595 [main] INFO  pipeline.SCMPipelineManager (SCMPipelineManager.java:initializePipelineState(132)) - No pipeline exists in current db
2019-10-09 02:26:24,595 [main] WARN  server.ServerUtils (ServerUtils.java:getScmDbDir(145)) - ozone.scm.db.dirs is not configured. We recommend adding this setting. Falling back to ozone.metadata.dirs instead.
2019-10-09 02:26:24,620 [main] WARN  events.EventQueue (EventQueue.java:fireEvent(183)) - No event handler registered for event TypedEvent{payloadType=SafeModeStatus, name='SafeModeStatus'}
2019-10-09 02:26:24,621 [main] INFO  ipc.CallQueueManager (CallQueueManager.java:<init>(84)) - Using callQueue: class java.util.concurrent.LinkedBlockingQueue, queueCapacity: 2000, scheduler: class org.apache.hadoop.ipc.DefaultRpcScheduler, ipcBackoff: false.
2019-10-09 02:26:24,622 [Socket Reader #1 for port 34398] INFO  ipc.Server (Server.java:run(1074)) - Starting Socket Reader #1 for port 34398
2019-10-09 02:26:24,625 [main] INFO  ipc.CallQueueManager (CallQueueManager.java:<init>(84)) - Using callQueue: class java.util.concurrent.LinkedBlockingQueue, queueCapacity: 2000, scheduler: class org.apache.hadoop.ipc.DefaultRpcScheduler, ipcBackoff: false.
2019-10-09 02:26:24,625 [Socket Reader #1 for port 39553] INFO  ipc.Server (Server.java:run(1074)) - Starting Socket Reader #1 for port 39553
2019-10-09 02:26:24,627 [main] INFO  ipc.CallQueueManager (CallQueueManager.java:<init>(84)) - Using callQueue: class java.util.concurrent.LinkedBlockingQueue, queueCapacity: 2000, scheduler: class org.apache.hadoop.ipc.DefaultRpcScheduler, ipcBackoff: false.
2019-10-09 02:26:24,628 [Socket Reader #1 for port 35230] INFO  ipc.Server (Server.java:run(1074)) - Starting Socket Reader #1 for port 35230
2019-10-09 02:26:24,631 [main] INFO  hdfs.DFSUtil (DFSUtil.java:httpServerTemplateForNNAndJN(1641)) - Starting Web-server for scm at: http://0.0.0.0:0
2019-10-09 02:26:24,633 [main] INFO  server.AuthenticationFilter (AuthenticationFilter.java:constructSecretProvider(240)) - Unable to initialize FileSignerSecretProvider, falling back to use random secrets.
2019-10-09 02:26:24,634 [main] WARN  http.HttpRequestLog (HttpRequestLog.java:getRequestLog(97)) - Jetty request log can only be enabled using Log4j
2019-10-09 02:26:24,636 [main] INFO  http.HttpServer2 (HttpServer2.java:addGlobalFilter(975)) - Added global filter 'safety' (class=org.apache.hadoop.http.HttpServer2$QuotingInputFilter)
2019-10-09 02:26:24,636 [main] INFO  http.HttpServer2 (HttpServer2.java:addFilter(948)) - Added filter static_user_filter (class=org.apache.hadoop.http.lib.StaticUserWebFilter$StaticUserFilter) to context scm
2019-10-09 02:26:24,637 [main] INFO  http.HttpServer2 (HttpServer2.java:addFilter(958)) - Added filter static_user_filter (class=org.apache.hadoop.http.lib.StaticUserWebFilter$StaticUserFilter) to context static
2019-10-09 02:26:24,637 [main] INFO  http.HttpServer2 (HttpServer2.java:addFilter(958)) - Added filter static_user_filter (class=org.apache.hadoop.http.lib.StaticUserWebFilter$StaticUserFilter) to context logs
2019-10-09 02:26:24,639 [main] INFO  server.StorageContainerManager (StorageContainerManager.java:start(772)) - StorageContainerLocationProtocol RPC server is listening at /0.0.0.0:35230
2019-10-09 02:26:24,642 [main] WARN  impl.MetricsConfig (MetricsConfig.java:loadFirst(134)) - Cannot locate configuration: tried hadoop-metrics2-storagecontainermanager.properties,hadoop-metrics2.properties
2019-10-09 02:26:24,643 [main] INFO  impl.MetricsSystemImpl (MetricsSystemImpl.java:startTimer(374)) - Scheduled Metric snapshot period at 10 second(s).
2019-10-09 02:26:24,643 [main] INFO  impl.MetricsSystemImpl (MetricsSystemImpl.java:start(191)) - StorageContainerManager metrics system started
2019-10-09 02:26:24,719 [main] WARN  impl.MetricsSystemImpl (MetricsSystemImpl.java:register(276)) - Sink prometheus already exists!
2019-10-09 02:26:24,812 [main] INFO  server.SCMClientProtocolServer (SCMClientProtocolServer.java:start(159)) - RPC server for Client  is listening at /0.0.0.0:35230
2019-10-09 02:26:24,812 [IPC Server Responder] INFO  ipc.Server (Server.java:run(1314)) - IPC Server Responder: starting
2019-10-09 02:26:24,812 [IPC Server listener on 35230] INFO  ipc.Server (Server.java:run(1153)) - IPC Server listener on 35230: starting
2019-10-09 02:26:24,818 [main] INFO  server.StorageContainerManager (StorageContainerManager.java:start(782)) - ScmBlockLocationProtocol RPC server is listening at /0.0.0.0:39553
2019-10-09 02:26:24,818 [main] INFO  server.SCMBlockProtocolServer (SCMBlockProtocolServer.java:start(146)) - RPC server for Block Protocol is listening at /0.0.0.0:39553
2019-10-09 02:26:24,819 [IPC Server Responder] INFO  ipc.Server (Server.java:run(1314)) - IPC Server Responder: starting
2019-10-09 02:26:24,819 [IPC Server listener on 39553] INFO  ipc.Server (Server.java:run(1153)) - IPC Server listener on 39553: starting
2019-10-09 02:26:24,826 [main] INFO  server.StorageContainerManager (StorageContainerManager.java:start(786)) - ScmDatanodeProtocl RPC server is listening at /0.0.0.0:34398
2019-10-09 02:26:24,826 [main] INFO  server.SCMDatanodeProtocolServer (SCMDatanodeProtocolServer.java:start(169)) - RPC server for DataNodes is listening at /0.0.0.0:34398
2019-10-09 02:26:24,827 [IPC Server Responder] INFO  ipc.Server (Server.java:run(1314)) - IPC Server Responder: starting
2019-10-09 02:26:24,827 [IPC Server listener on 34398] INFO  ipc.Server (Server.java:run(1153)) - IPC Server listener on 34398: starting
2019-10-09 02:26:24,830 [main] INFO  http.HttpServer2 (HttpServer2.java:bindListener(1191)) - Jetty bound to port 46112
2019-10-09 02:26:24,830 [main] INFO  server.Server (Server.java:doStart(351)) - jetty-9.3.25.v20180904, build timestamp: 2018-09-04T21:11:46Z, git hash: 3ce520221d0240229c862b122d2b06c12a625732
2019-10-09 02:26:24,832 [main] INFO  handler.ContextHandler (ContextHandler.java:doStart(781)) - Started o.e.j.s.ServletContextHandler@784d9bc{/logs,file:///workdir/hadoop-ozone/integration-test/target/log,AVAILABLE}
2019-10-09 02:26:24,832 [main] INFO  handler.ContextHandler (ContextHandler.java:doStart(781)) - Started o.e.j.s.ServletContextHandler@426131d7{/static,file:///workdir/hadoop-ozone/integration-test/target/test-classes/webapps/static,AVAILABLE}
2019-10-09 02:26:24,836 [main] INFO  handler.ContextHandler (ContextHandler.java:doStart(781)) - Started o.e.j.w.WebAppContext@dbed7fd{/,file:///workdir/hadoop-ozone/integration-test/target/test-classes/webapps/scm/,AVAILABLE}{/scm}
2019-10-09 02:26:24,836 [main] INFO  server.AbstractConnector (AbstractConnector.java:doStart(278)) - Started ServerConnector@250d440{HTTP/1.1,[http/1.1]}{0.0.0.0:46112}
2019-10-09 02:26:24,837 [main] INFO  server.Server (Server.java:doStart(419)) - Started @211829ms
2019-10-09 02:26:24,837 [main] WARN  impl.MetricsSystemImpl (MetricsSystemImpl.java:register(276)) - Sink prometheus already exists!
2019-10-09 02:26:24,838 [main] INFO  server.BaseHttpServer (BaseHttpServer.java:updateConnectorAddress(215)) - HTTP server of SCM is listening at http://0.0.0.0:46112
2019-10-09 02:26:24,839 [main] WARN  server.ServerUtils (ServerUtils.java:getDBPath(222)) - ozone.om.db.dirs is not configured. We recommend adding this setting. Falling back to ozone.metadata.dirs instead.
2019-10-09 02:26:24,840 [org.apache.hadoop.util.JvmPauseMonitor$Monitor@7e5efcab] INFO  util.JvmPauseMonitor (JvmPauseMonitor.java:run(188)) - Starting JVM pause monitor
2019-10-09 02:26:24,853 [main] INFO  ha.OMHANodeDetails (OMHANodeDetails.java:loadOMHAConfig(190)) - Configuration either no ozone.om.address set. Falling back to the default OM address /127.0.0.1:0
2019-10-09 02:26:24,854 [main] INFO  ha.OMHANodeDetails (OMHANodeDetails.java:getOMNodeDetails(220)) - OM Service ID is not set. Setting it to the default ID: omServiceIdDefault
2019-10-09 02:26:24,854 [main] WARN  server.ServerUtils (ServerUtils.java:getDBPath(222)) - ozone.om.db.dirs is not configured. We recommend adding this setting. Falling back to ozone.metadata.dirs instead.
2019-10-09 02:26:24,855 [main] WARN  server.ServerUtils (ServerUtils.java:getDBPath(222)) - ozone.om.db.dirs is not configured. We recommend adding this setting. Falling back to ozone.metadata.dirs instead.
2019-10-09 02:26:24,862 [main] WARN  server.ServerUtils (ServerUtils.java:getDBPath(222)) - ozone.om.db.dirs is not configured. We recommend adding this setting. Falling back to ozone.metadata.dirs instead.
2019-10-09 02:26:24,863 [main] INFO  db.DBStoreBuilder (DBStoreBuilder.java:addTable(117)) - using custom profile for table: userTable
2019-10-09 02:26:24,863 [main] INFO  db.DBStoreBuilder (DBStoreBuilder.java:processTables(168)) - Using default column profile:DBProfile.DISK for Table:userTable
2019-10-09 02:26:24,863 [main] INFO  db.DBStoreBuilder (DBStoreBuilder.java:addTable(117)) - using custom profile for table: volumeTable
2019-10-09 02:26:24,864 [main] INFO  db.DBStoreBuilder (DBStoreBuilder.java:processTables(168)) - Using default column profile:DBProfile.DISK for Table:volumeTable
2019-10-09 02:26:24,864 [main] INFO  db.DBStoreBuilder (DBStoreBuilder.java:addTable(117)) - using custom profile for table: bucketTable
2019-10-09 02:26:24,864 [main] INFO  db.DBStoreBuilder (DBStoreBuilder.java:processTables(168)) - Using default column profile:DBProfile.DISK for Table:bucketTable
2019-10-09 02:26:24,864 [main] INFO  db.DBStoreBuilder (DBStoreBuilder.java:addTable(117)) - using custom profile for table: keyTable
2019-10-09 02:26:24,865 [main] INFO  db.DBStoreBuilder (DBStoreBuilder.java:processTables(168)) - Using default column profile:DBProfile.DISK for Table:keyTable
2019-10-09 02:26:24,865 [main] INFO  db.DBStoreBuilder (DBStoreBuilder.java:addTable(117)) - using custom profile for table: deletedTable
2019-10-09 02:26:24,865 [main] INFO  db.DBStoreBuilder (DBStoreBuilder.java:processTables(168)) - Using default column profile:DBProfile.DISK for Table:deletedTable
2019-10-09 02:26:24,865 [main] INFO  db.DBStoreBuilder (DBStoreBuilder.java:addTable(117)) - using custom profile for table: openKeyTable
2019-10-09 02:26:24,866 [main] INFO  db.DBStoreBuilder (DBStoreBuilder.java:processTables(168)) - Using default column profile:DBProfile.DISK for Table:openKeyTable
2019-10-09 02:26:24,866 [main] INFO  db.DBStoreBuilder (DBStoreBuilder.java:addTable(117)) - using custom profile for table: s3Table
2019-10-09 02:26:24,866 [main] INFO  db.DBStoreBuilder (DBStoreBuilder.java:processTables(168)) - Using default column profile:DBProfile.DISK for Table:s3Table
2019-10-09 02:26:24,866 [main] INFO  db.DBStoreBuilder (DBStoreBuilder.java:addTable(117)) - using custom profile for table: multipartInfoTable
2019-10-09 02:26:24,867 [main] INFO  db.DBStoreBuilder (DBStoreBuilder.java:processTables(168)) - Using default column profile:DBProfile.DISK for Table:multipartInfoTable
2019-10-09 02:26:24,867 [main] INFO  db.DBStoreBuilder (DBStoreBuilder.java:addTable(117)) - using custom profile for table: dTokenTable
2019-10-09 02:26:24,867 [main] INFO  db.DBStoreBuilder (DBStoreBuilder.java:processTables(168)) - Using default column profile:DBProfile.DISK for Table:dTokenTable
2019-10-09 02:26:24,867 [main] INFO  db.DBStoreBuilder (DBStoreBuilder.java:addTable(117)) - using custom profile for table: s3SecretTable
2019-10-09 02:26:24,868 [main] INFO  db.DBStoreBuilder (DBStoreBuilder.java:processTables(168)) - Using default column profile:DBProfile.DISK for Table:s3SecretTable
2019-10-09 02:26:24,868 [main] INFO  db.DBStoreBuilder (DBStoreBuilder.java:addTable(117)) - using custom profile for table: prefixTable
2019-10-09 02:26:24,868 [main] INFO  db.DBStoreBuilder (DBStoreBuilder.java:processTables(168)) - Using default column profile:DBProfile.DISK for Table:prefixTable
2019-10-09 02:26:24,868 [main] INFO  db.DBStoreBuilder (DBStoreBuilder.java:addTable(117)) - using custom profile for table: default
2019-10-09 02:26:24,869 [main] INFO  db.DBStoreBuilder (DBStoreBuilder.java:processTables(174)) - Using default column profile:DBProfile.DISK for Table:default
2019-10-09 02:26:24,869 [main] INFO  db.DBStoreBuilder (DBStoreBuilder.java:getDbProfile(205)) - Using default options. DBProfile.DISK
2019-10-09 02:26:25,323 [main] INFO  ipc.CallQueueManager (CallQueueManager.java:<init>(84)) - Using callQueue: class java.util.concurrent.LinkedBlockingQueue, queueCapacity: 2000, scheduler: class org.apache.hadoop.ipc.DefaultRpcScheduler, ipcBackoff: false.
2019-10-09 02:26:25,324 [Socket Reader #1 for port 34177] INFO  ipc.Server (Server.java:run(1074)) - Starting Socket Reader #1 for port 34177
2019-10-09 02:26:25,341 [main] INFO  om.OzoneManager (OzoneManager.java:start(1069)) - OzoneManager RPC server is listening at localhost/127.0.0.1:34177
2019-10-09 02:26:25,341 [main] INFO  impl.MetricsSystemImpl (MetricsSystemImpl.java:init(158)) - OzoneManager metrics system started (again)
2019-10-09 02:26:25,342 [IPC Server Responder] INFO  ipc.Server (Server.java:run(1314)) - IPC Server Responder: starting
2019-10-09 02:26:25,344 [IPC Server listener on 34177] INFO  ipc.Server (Server.java:run(1153)) - IPC Server listener on 34177: starting
2019-10-09 02:26:25,350 [main] INFO  hdfs.DFSUtil (DFSUtil.java:httpServerTemplateForNNAndJN(1641)) - Starting Web-server for ozoneManager at: http://0.0.0.0:0
2019-10-09 02:26:25,352 [main] INFO  server.AuthenticationFilter (AuthenticationFilter.java:constructSecretProvider(240)) - Unable to initialize FileSignerSecretProvider, falling back to use random secrets.
2019-10-09 02:26:25,353 [main] WARN  http.HttpRequestLog (HttpRequestLog.java:getRequestLog(97)) - Jetty request log can only be enabled using Log4j
2019-10-09 02:26:25,355 [main] INFO  http.HttpServer2 (HttpServer2.java:addGlobalFilter(975)) - Added global filter 'safety' (class=org.apache.hadoop.http.HttpServer2$QuotingInputFilter)
2019-10-09 02:26:25,356 [main] INFO  http.HttpServer2 (HttpServer2.java:addFilter(948)) - Added filter static_user_filter (class=org.apache.hadoop.http.lib.StaticUserWebFilter$StaticUserFilter) to context ozoneManager
2019-10-09 02:26:25,356 [main] INFO  http.HttpServer2 (HttpServer2.java:addFilter(958)) - Added filter static_user_filter (class=org.apache.hadoop.http.lib.StaticUserWebFilter$StaticUserFilter) to context logs
2019-10-09 02:26:25,356 [main] INFO  http.HttpServer2 (HttpServer2.java:addFilter(958)) - Added filter static_user_filter (class=org.apache.hadoop.http.lib.StaticUserWebFilter$StaticUserFilter) to context static
2019-10-09 02:26:25,357 [main] INFO  http.HttpServer2 (HttpServer2.java:bindListener(1191)) - Jetty bound to port 40959
2019-10-09 02:26:25,357 [main] INFO  server.Server (Server.java:doStart(351)) - jetty-9.3.25.v20180904, build timestamp: 2018-09-04T21:11:46Z, git hash: 3ce520221d0240229c862b122d2b06c12a625732
2019-10-09 02:26:25,359 [main] INFO  handler.ContextHandler (ContextHandler.java:doStart(781)) - Started o.e.j.s.ServletContextHandler@435e416c{/logs,file:///workdir/hadoop-ozone/integration-test/target/log,AVAILABLE}
2019-10-09 02:26:25,360 [main] INFO  handler.ContextHandler (ContextHandler.java:doStart(781)) - Started o.e.j.s.ServletContextHandler@4aed311e{/static,file:///workdir/hadoop-ozone/integration-test/target/test-classes/webapps/static,AVAILABLE}
2019-10-09 02:26:25,364 [main] INFO  handler.ContextHandler (ContextHandler.java:doStart(781)) - Started o.e.j.w.WebAppContext@7c950b3b{/,file:///workdir/hadoop-ozone/integration-test/target/test-classes/webapps/ozoneManager/,AVAILABLE}{/ozoneManager}
2019-10-09 02:26:25,365 [main] INFO  server.AbstractConnector (AbstractConnector.java:doStart(278)) - Started ServerConnector@3af10d0b{HTTP/1.1,[http/1.1]}{0.0.0.0:40959}
2019-10-09 02:26:25,366 [main] INFO  server.Server (Server.java:doStart(419)) - Started @212358ms
2019-10-09 02:26:25,366 [main] WARN  impl.MetricsSystemImpl (MetricsSystemImpl.java:register(276)) - Sink prometheus already exists!
2019-10-09 02:26:25,369 [main] INFO  server.BaseHttpServer (BaseHttpServer.java:updateConnectorAddress(215)) - HTTP server of OZONEMANAGER is listening at http://0.0.0.0:40959
2019-10-09 02:26:25,388 [main] INFO  impl.MetricsSystemImpl (MetricsSystemImpl.java:init(158)) - HddsDatanode metrics system started (again)
2019-10-09 02:26:25,393 [main] INFO  ozone.HddsDatanodeService (HddsDatanodeService.java:start(184)) - HddsDatanodeService host:pr-hdds-2181-ddhv2-4067587365 ip:192.168.151.114
2019-10-09 02:26:25,401 [main] INFO  volume.HddsVolume (HddsVolume.java:<init>(176)) - Creating Volume: /workdir/hadoop-ozone/integration-test/target/test-dir/MiniOzoneClusterImpl-d1ef5ec3-9c6f-4c51-8424-4bb1ae139615/datanode-0/data/containers/hdds of  storage type : DISK and capacity : 1482555576320
2019-10-09 02:26:25,401 [main] INFO  volume.VolumeSet (VolumeSet.java:initializeVolumeSet(170)) - Added Volume : /workdir/hadoop-ozone/integration-test/target/test-dir/MiniOzoneClusterImpl-d1ef5ec3-9c6f-4c51-8424-4bb1ae139615/datanode-0/data/containers/hdds to VolumeSet
2019-10-09 02:26:25,402 [main] INFO  volume.ThrottledAsyncChecker (ThrottledAsyncChecker.java:schedule(141)) - Scheduling a check for org.apache.hadoop.ozone.container.common.volume.HddsVolume@48bc2fce
2019-10-09 02:26:25,402 [main] INFO  volume.HddsVolumeChecker (HddsVolumeChecker.java:checkAllVolumes(204)) - Scheduled health check for volume org.apache.hadoop.ozone.container.common.volume.HddsVolume@48bc2fce
2019-10-09 02:26:25,420 [main] INFO  impl.RaftServerProxy (ConfUtils.java:logGet(43)) - raft.rpc.type = GRPC (default)
2019-10-09 02:26:25,420 [main] INFO  grpc.GrpcFactory (GrpcFactory.java:checkPooledByteBufAllocatorUseCacheForAllThreads(45)) - PERFORMANCE WARNING: useCacheForAllThreads is true that may cause Netty to create a lot garbage objects and, as a result, trigger GC.
	It is recommended to disable useCacheForAllThreads by setting -Dorg.apache.ratis.thirdparty.io.netty.allocator.useCacheForAllThreads=false in command line.
2019-10-09 02:26:25,421 [main] INFO  grpc.GrpcConfigKeys$Server (ConfUtils.java:logGet(43)) - raft.grpc.server.port = 0 (default)
2019-10-09 02:26:25,421 [main] INFO  server.GrpcService (ConfUtils.java:logGet(43)) - raft.grpc.message.size.max = 33570816 (custom)
2019-10-09 02:26:25,421 [main] INFO  server.RaftServerConfigKeys (ConfUtils.java:logGet(43)) - raft.server.log.appender.buffer.byte-limit = 33554432 (custom)
2019-10-09 02:26:25,421 [main] INFO  server.GrpcService (ConfUtils.java:logGet(43)) - raft.grpc.flow.control.window = 1MB (=1048576) (default)
2019-10-09 02:26:25,422 [main] INFO  server.RaftServerConfigKeys (ConfUtils.java:logGet(43)) - raft.server.rpc.request.timeout = 3000ms (default)
2019-10-09 02:26:25,422 [main] INFO  server.RaftServerConfigKeys (ConfUtils.java:logGet(43)) - raft.server.storage.dir = [/workdir/hadoop-ozone/integration-test/target/test-dir/MiniOzoneClusterImpl-d1ef5ec3-9c6f-4c51-8424-4bb1ae139615/datanode-0/data/ratis] (custom)
2019-10-09 02:26:25,424 [main] INFO  hdfs.DFSUtil (DFSUtil.java:httpServerTemplateForNNAndJN(1641)) - Starting Web-server for hddsDatanode at: http://0.0.0.0:0
2019-10-09 02:26:25,425 [main] INFO  server.AuthenticationFilter (AuthenticationFilter.java:constructSecretProvider(240)) - Unable to initialize FileSignerSecretProvider, falling back to use random secrets.
2019-10-09 02:26:25,426 [main] WARN  http.HttpRequestLog (HttpRequestLog.java:getRequestLog(97)) - Jetty request log can only be enabled using Log4j
2019-10-09 02:26:25,427 [main] INFO  http.HttpServer2 (HttpServer2.java:addGlobalFilter(975)) - Added global filter 'safety' (class=org.apache.hadoop.http.HttpServer2$QuotingInputFilter)
2019-10-09 02:26:25,428 [main] INFO  http.HttpServer2 (HttpServer2.java:addFilter(948)) - Added filter static_user_filter (class=org.apache.hadoop.http.lib.StaticUserWebFilter$StaticUserFilter) to context hddsDatanode
2019-10-09 02:26:25,428 [main] INFO  http.HttpServer2 (HttpServer2.java:addFilter(958)) - Added filter static_user_filter (class=org.apache.hadoop.http.lib.StaticUserWebFilter$StaticUserFilter) to context logs
2019-10-09 02:26:25,428 [main] INFO  http.HttpServer2 (HttpServer2.java:addFilter(958)) - Added filter static_user_filter (class=org.apache.hadoop.http.lib.StaticUserWebFilter$StaticUserFilter) to context static
2019-10-09 02:26:25,429 [main] INFO  http.HttpServer2 (HttpServer2.java:bindListener(1191)) - Jetty bound to port 39250
2019-10-09 02:26:25,429 [main] INFO  server.Server (Server.java:doStart(351)) - jetty-9.3.25.v20180904, build timestamp: 2018-09-04T21:11:46Z, git hash: 3ce520221d0240229c862b122d2b06c12a625732
2019-10-09 02:26:25,431 [main] INFO  handler.ContextHandler (ContextHandler.java:doStart(781)) - Started o.e.j.s.ServletContextHandler@39023dbf{/logs,file:///workdir/hadoop-ozone/integration-test/target/log,AVAILABLE}
2019-10-09 02:26:25,431 [main] INFO  handler.ContextHandler (ContextHandler.java:doStart(781)) - Started o.e.j.s.ServletContextHandler@570a62a5{/static,jar:file:/home/user/.m2/repository/org/apache/hadoop/hadoop-hdds-container-service/0.5.0-SNAPSHOT/hadoop-hdds-container-service-0.5.0-SNAPSHOT.jar!/webapps/static,AVAILABLE}
2019-10-09 02:26:25,465 [main] INFO  handler.ContextHandler (ContextHandler.java:doStart(781)) - Started o.e.j.w.WebAppContext@2871ac91{/,file:///tmp/jetty-0.0.0.0-39250-hddsDatanode-_-any-569261929020576799.dir/webapp/,AVAILABLE}{/hddsDatanode}
2019-10-09 02:26:25,465 [main] INFO  server.AbstractConnector (AbstractConnector.java:doStart(278)) - Started ServerConnector@3c54ddec{HTTP/1.1,[http/1.1]}{0.0.0.0:39250}
2019-10-09 02:26:25,467 [main] INFO  server.Server (Server.java:doStart(419)) - Started @212459ms
2019-10-09 02:26:25,468 [main] WARN  impl.MetricsSystemImpl (MetricsSystemImpl.java:register(276)) - Sink prometheus already exists!
2019-10-09 02:26:25,468 [main] INFO  server.BaseHttpServer (BaseHttpServer.java:updateConnectorAddress(215)) - HTTP server of HDDSDATANODE is listening at http://0.0.0.0:39250
2019-10-09 02:26:25,469 [main] INFO  impl.MetricsSystemImpl (MetricsSystemImpl.java:init(158)) - HddsDatanode metrics system started (again)
2019-10-09 02:26:25,473 [org.apache.hadoop.util.JvmPauseMonitor$Monitor@6c3afd58] INFO  util.JvmPauseMonitor (JvmPauseMonitor.java:run(188)) - Starting JVM pause monitor
2019-10-09 02:26:25,473 [main] INFO  ozone.HddsDatanodeService (HddsDatanodeService.java:start(184)) - HddsDatanodeService host:pr-hdds-2181-ddhv2-4067587365 ip:192.168.151.114
2019-10-09 02:26:25,475 [Datanode State Machine Thread - 0] INFO  datanode.InitDatanodeState (InitDatanodeState.java:persistContainerDatanodeDetails(140)) - DatanodeDetails is persisted to /workdir/hadoop-ozone/integration-test/target/test-dir/MiniOzoneClusterImpl-d1ef5ec3-9c6f-4c51-8424-4bb1ae139615/datanode-0/meta/datanode.id
2019-10-09 02:26:25,480 [main] INFO  volume.HddsVolume (HddsVolume.java:<init>(176)) - Creating Volume: /workdir/hadoop-ozone/integration-test/target/test-dir/MiniOzoneClusterImpl-d1ef5ec3-9c6f-4c51-8424-4bb1ae139615/datanode-1/data/containers/hdds of  storage type : DISK and capacity : 1482555576320
2019-10-09 02:26:25,480 [main] INFO  volume.VolumeSet (VolumeSet.java:initializeVolumeSet(170)) - Added Volume : /workdir/hadoop-ozone/integration-test/target/test-dir/MiniOzoneClusterImpl-d1ef5ec3-9c6f-4c51-8424-4bb1ae139615/datanode-1/data/containers/hdds to VolumeSet
2019-10-09 02:26:25,480 [main] INFO  volume.ThrottledAsyncChecker (ThrottledAsyncChecker.java:schedule(141)) - Scheduling a check for org.apache.hadoop.ozone.container.common.volume.HddsVolume@38732364
2019-10-09 02:26:25,481 [main] INFO  volume.HddsVolumeChecker (HddsVolumeChecker.java:checkAllVolumes(204)) - Scheduled health check for volume org.apache.hadoop.ozone.container.common.volume.HddsVolume@38732364
2019-10-09 02:26:25,495 [main] INFO  impl.RaftServerProxy (ConfUtils.java:logGet(43)) - raft.rpc.type = GRPC (default)
2019-10-09 02:26:25,495 [main] INFO  grpc.GrpcFactory (GrpcFactory.java:checkPooledByteBufAllocatorUseCacheForAllThreads(45)) - PERFORMANCE WARNING: useCacheForAllThreads is true that may cause Netty to create a lot garbage objects and, as a result, trigger GC.
	It is recommended to disable useCacheForAllThreads by setting -Dorg.apache.ratis.thirdparty.io.netty.allocator.useCacheForAllThreads=false in command line.
2019-10-09 02:26:25,496 [main] INFO  grpc.GrpcConfigKeys$Server (ConfUtils.java:logGet(43)) - raft.grpc.server.port = 0 (default)
2019-10-09 02:26:25,496 [main] INFO  server.GrpcService (ConfUtils.java:logGet(43)) - raft.grpc.message.size.max = 33570816 (custom)
2019-10-09 02:26:25,496 [main] INFO  server.RaftServerConfigKeys (ConfUtils.java:logGet(43)) - raft.server.log.appender.buffer.byte-limit = 33554432 (custom)
2019-10-09 02:26:25,496 [main] INFO  server.GrpcService (ConfUtils.java:logGet(43)) - raft.grpc.flow.control.window = 1MB (=1048576) (default)
2019-10-09 02:26:25,496 [main] INFO  server.RaftServerConfigKeys (ConfUtils.java:logGet(43)) - raft.server.rpc.request.timeout = 3000ms (default)
2019-10-09 02:26:25,497 [main] INFO  server.RaftServerConfigKeys (ConfUtils.java:logGet(43)) - raft.server.storage.dir = [/workdir/hadoop-ozone/integration-test/target/test-dir/MiniOzoneClusterImpl-d1ef5ec3-9c6f-4c51-8424-4bb1ae139615/datanode-1/data/ratis] (custom)
2019-10-09 02:26:25,498 [main] INFO  hdfs.DFSUtil (DFSUtil.java:httpServerTemplateForNNAndJN(1641)) - Starting Web-server for hddsDatanode at: http://0.0.0.0:0
2019-10-09 02:26:25,499 [main] INFO  server.AuthenticationFilter (AuthenticationFilter.java:constructSecretProvider(240)) - Unable to initialize FileSignerSecretProvider, falling back to use random secrets.
2019-10-09 02:26:25,499 [main] WARN  http.HttpRequestLog (HttpRequestLog.java:getRequestLog(97)) - Jetty request log can only be enabled using Log4j
2019-10-09 02:26:25,501 [main] INFO  http.HttpServer2 (HttpServer2.java:addGlobalFilter(975)) - Added global filter 'safety' (class=org.apache.hadoop.http.HttpServer2$QuotingInputFilter)
2019-10-09 02:26:25,501 [main] INFO  http.HttpServer2 (HttpServer2.java:addFilter(948)) - Added filter static_user_filter (class=org.apache.hadoop.http.lib.StaticUserWebFilter$StaticUserFilter) to context hddsDatanode
2019-10-09 02:26:25,501 [main] INFO  http.HttpServer2 (HttpServer2.java:addFilter(958)) - Added filter static_user_filter (class=org.apache.hadoop.http.lib.StaticUserWebFilter$StaticUserFilter) to context logs
2019-10-09 02:26:25,501 [main] INFO  http.HttpServer2 (HttpServer2.java:addFilter(958)) - Added filter static_user_filter (class=org.apache.hadoop.http.lib.StaticUserWebFilter$StaticUserFilter) to context static
2019-10-09 02:26:25,502 [main] INFO  http.HttpServer2 (HttpServer2.java:bindListener(1191)) - Jetty bound to port 43251
2019-10-09 02:26:25,502 [main] INFO  server.Server (Server.java:doStart(351)) - jetty-9.3.25.v20180904, build timestamp: 2018-09-04T21:11:46Z, git hash: 3ce520221d0240229c862b122d2b06c12a625732
2019-10-09 02:26:25,504 [main] INFO  handler.ContextHandler (ContextHandler.java:doStart(781)) - Started o.e.j.s.ServletContextHandler@1fb2eec{/logs,file:///workdir/hadoop-ozone/integration-test/target/log,AVAILABLE}
2019-10-09 02:26:25,504 [main] INFO  handler.ContextHandler (ContextHandler.java:doStart(781)) - Started o.e.j.s.ServletContextHandler@2a0b901c{/static,jar:file:/home/user/.m2/repository/org/apache/hadoop/hadoop-hdds-container-service/0.5.0-SNAPSHOT/hadoop-hdds-container-service-0.5.0-SNAPSHOT.jar!/webapps/static,AVAILABLE}
2019-10-09 02:26:25,532 [main] INFO  handler.ContextHandler (ContextHandler.java:doStart(781)) - Started o.e.j.w.WebAppContext@7e7740a5{/,file:///tmp/jetty-0.0.0.0-43251-hddsDatanode-_-any-2494950000157962522.dir/webapp/,AVAILABLE}{/hddsDatanode}
2019-10-09 02:26:25,532 [main] INFO  server.AbstractConnector (AbstractConnector.java:doStart(278)) - Started ServerConnector@7aa01bd9{HTTP/1.1,[http/1.1]}{0.0.0.0:43251}
2019-10-09 02:26:25,534 [main] INFO  server.Server (Server.java:doStart(419)) - Started @212525ms
2019-10-09 02:26:25,534 [main] WARN  impl.MetricsSystemImpl (MetricsSystemImpl.java:register(276)) - Sink prometheus already exists!
2019-10-09 02:26:25,534 [main] INFO  server.BaseHttpServer (BaseHttpServer.java:updateConnectorAddress(215)) - HTTP server of HDDSDATANODE is listening at http://0.0.0.0:43251
2019-10-09 02:26:25,535 [main] INFO  impl.MetricsSystemImpl (MetricsSystemImpl.java:init(158)) - HddsDatanode metrics system started (again)
2019-10-09 02:26:25,539 [org.apache.hadoop.util.JvmPauseMonitor$Monitor@3d8d8c49] INFO  util.JvmPauseMonitor (JvmPauseMonitor.java:run(188)) - Starting JVM pause monitor
2019-10-09 02:26:25,539 [main] INFO  ozone.HddsDatanodeService (HddsDatanodeService.java:start(184)) - HddsDatanodeService host:pr-hdds-2181-ddhv2-4067587365 ip:192.168.151.114
2019-10-09 02:26:25,540 [Datanode State Machine Thread - 0] INFO  datanode.InitDatanodeState (InitDatanodeState.java:persistContainerDatanodeDetails(140)) - DatanodeDetails is persisted to /workdir/hadoop-ozone/integration-test/target/test-dir/MiniOzoneClusterImpl-d1ef5ec3-9c6f-4c51-8424-4bb1ae139615/datanode-1/meta/datanode.id
2019-10-09 02:26:25,546 [main] INFO  volume.HddsVolume (HddsVolume.java:<init>(176)) - Creating Volume: /workdir/hadoop-ozone/integration-test/target/test-dir/MiniOzoneClusterImpl-d1ef5ec3-9c6f-4c51-8424-4bb1ae139615/datanode-2/data/containers/hdds of  storage type : DISK and capacity : 1482555576320
2019-10-09 02:26:25,546 [main] INFO  volume.VolumeSet (VolumeSet.java:initializeVolumeSet(170)) - Added Volume : /workdir/hadoop-ozone/integration-test/target/test-dir/MiniOzoneClusterImpl-d1ef5ec3-9c6f-4c51-8424-4bb1ae139615/datanode-2/data/containers/hdds to VolumeSet
2019-10-09 02:26:25,546 [main] INFO  volume.ThrottledAsyncChecker (ThrottledAsyncChecker.java:schedule(141)) - Scheduling a check for org.apache.hadoop.ozone.container.common.volume.HddsVolume@17ff8810
2019-10-09 02:26:25,547 [main] INFO  volume.HddsVolumeChecker (HddsVolumeChecker.java:checkAllVolumes(204)) - Scheduled health check for volume org.apache.hadoop.ozone.container.common.volume.HddsVolume@17ff8810
2019-10-09 02:26:25,561 [main] INFO  impl.RaftServerProxy (ConfUtils.java:logGet(43)) - raft.rpc.type = GRPC (default)
2019-10-09 02:26:25,561 [main] INFO  grpc.GrpcFactory (GrpcFactory.java:checkPooledByteBufAllocatorUseCacheForAllThreads(45)) - PERFORMANCE WARNING: useCacheForAllThreads is true that may cause Netty to create a lot garbage objects and, as a result, trigger GC.
	It is recommended to disable useCacheForAllThreads by setting -Dorg.apache.ratis.thirdparty.io.netty.allocator.useCacheForAllThreads=false in command line.
2019-10-09 02:26:25,561 [main] INFO  grpc.GrpcConfigKeys$Server (ConfUtils.java:logGet(43)) - raft.grpc.server.port = 0 (default)
2019-10-09 02:26:25,561 [main] INFO  server.GrpcService (ConfUtils.java:logGet(43)) - raft.grpc.message.size.max = 33570816 (custom)
2019-10-09 02:26:25,562 [main] INFO  server.RaftServerConfigKeys (ConfUtils.java:logGet(43)) - raft.server.log.appender.buffer.byte-limit = 33554432 (custom)
2019-10-09 02:26:25,562 [main] INFO  server.GrpcService (ConfUtils.java:logGet(43)) - raft.grpc.flow.control.window = 1MB (=1048576) (default)
2019-10-09 02:26:25,562 [main] INFO  server.RaftServerConfigKeys (ConfUtils.java:logGet(43)) - raft.server.rpc.request.timeout = 3000ms (default)
2019-10-09 02:26:25,562 [main] INFO  server.RaftServerConfigKeys (ConfUtils.java:logGet(43)) - raft.server.storage.dir = [/workdir/hadoop-ozone/integration-test/target/test-dir/MiniOzoneClusterImpl-d1ef5ec3-9c6f-4c51-8424-4bb1ae139615/datanode-2/data/ratis] (custom)
2019-10-09 02:26:25,563 [main] INFO  hdfs.DFSUtil (DFSUtil.java:httpServerTemplateForNNAndJN(1641)) - Starting Web-server for hddsDatanode at: http://0.0.0.0:0
2019-10-09 02:26:25,564 [main] INFO  server.AuthenticationFilter (AuthenticationFilter.java:constructSecretProvider(240)) - Unable to initialize FileSignerSecretProvider, falling back to use random secrets.
2019-10-09 02:26:25,565 [main] WARN  http.HttpRequestLog (HttpRequestLog.java:getRequestLog(97)) - Jetty request log can only be enabled using Log4j
2019-10-09 02:26:25,566 [main] INFO  http.HttpServer2 (HttpServer2.java:addGlobalFilter(975)) - Added global filter 'safety' (class=org.apache.hadoop.http.HttpServer2$QuotingInputFilter)
2019-10-09 02:26:25,566 [main] INFO  http.HttpServer2 (HttpServer2.java:addFilter(948)) - Added filter static_user_filter (class=org.apache.hadoop.http.lib.StaticUserWebFilter$StaticUserFilter) to context hddsDatanode
2019-10-09 02:26:25,567 [main] INFO  http.HttpServer2 (HttpServer2.java:addFilter(958)) - Added filter static_user_filter (class=org.apache.hadoop.http.lib.StaticUserWebFilter$StaticUserFilter) to context logs
2019-10-09 02:26:25,567 [main] INFO  http.HttpServer2 (HttpServer2.java:addFilter(958)) - Added filter static_user_filter (class=org.apache.hadoop.http.lib.StaticUserWebFilter$StaticUserFilter) to context static
2019-10-09 02:26:25,567 [main] INFO  http.HttpServer2 (HttpServer2.java:bindListener(1191)) - Jetty bound to port 35269
2019-10-09 02:26:25,567 [main] INFO  server.Server (Server.java:doStart(351)) - jetty-9.3.25.v20180904, build timestamp: 2018-09-04T21:11:46Z, git hash: 3ce520221d0240229c862b122d2b06c12a625732
2019-10-09 02:26:25,569 [main] INFO  handler.ContextHandler (ContextHandler.java:doStart(781)) - Started o.e.j.s.ServletContextHandler@350da119{/logs,file:///workdir/hadoop-ozone/integration-test/target/log,AVAILABLE}
2019-10-09 02:26:25,569 [main] INFO  handler.ContextHandler (ContextHandler.java:doStart(781)) - Started o.e.j.s.ServletContextHandler@34c7232c{/static,jar:file:/home/user/.m2/repository/org/apache/hadoop/hadoop-hdds-container-service/0.5.0-SNAPSHOT/hadoop-hdds-container-service-0.5.0-SNAPSHOT.jar!/webapps/static,AVAILABLE}
2019-10-09 02:26:25,598 [main] INFO  handler.ContextHandler (ContextHandler.java:doStart(781)) - Started o.e.j.w.WebAppContext@12abcd1e{/,file:///tmp/jetty-0.0.0.0-35269-hddsDatanode-_-any-3368481696936718808.dir/webapp/,AVAILABLE}{/hddsDatanode}
2019-10-09 02:26:25,598 [main] INFO  server.AbstractConnector (AbstractConnector.java:doStart(278)) - Started ServerConnector@2fd9fb34{HTTP/1.1,[http/1.1]}{0.0.0.0:35269}
2019-10-09 02:26:25,600 [main] INFO  server.Server (Server.java:doStart(419)) - Started @212592ms
2019-10-09 02:26:25,601 [main] WARN  impl.MetricsSystemImpl (MetricsSystemImpl.java:register(276)) - Sink prometheus already exists!
2019-10-09 02:26:25,601 [main] INFO  server.BaseHttpServer (BaseHttpServer.java:updateConnectorAddress(215)) - HTTP server of HDDSDATANODE is listening at http://0.0.0.0:35269
2019-10-09 02:26:25,602 [main] INFO  impl.MetricsSystemImpl (MetricsSystemImpl.java:init(158)) - HddsDatanode metrics system started (again)
2019-10-09 02:26:25,606 [org.apache.hadoop.util.JvmPauseMonitor$Monitor@1e5273e6] INFO  util.JvmPauseMonitor (JvmPauseMonitor.java:run(188)) - Starting JVM pause monitor
2019-10-09 02:26:25,607 [main] INFO  ozone.HddsDatanodeService (HddsDatanodeService.java:start(184)) - HddsDatanodeService host:pr-hdds-2181-ddhv2-4067587365 ip:192.168.151.114
2019-10-09 02:26:25,607 [Datanode State Machine Thread - 0] INFO  datanode.InitDatanodeState (InitDatanodeState.java:persistContainerDatanodeDetails(140)) - DatanodeDetails is persisted to /workdir/hadoop-ozone/integration-test/target/test-dir/MiniOzoneClusterImpl-d1ef5ec3-9c6f-4c51-8424-4bb1ae139615/datanode-2/meta/datanode.id
2019-10-09 02:26:25,614 [main] INFO  volume.HddsVolume (HddsVolume.java:<init>(176)) - Creating Volume: /workdir/hadoop-ozone/integration-test/target/test-dir/MiniOzoneClusterImpl-d1ef5ec3-9c6f-4c51-8424-4bb1ae139615/datanode-3/data/containers/hdds of  storage type : DISK and capacity : 1482555576320
2019-10-09 02:26:25,614 [main] INFO  volume.VolumeSet (VolumeSet.java:initializeVolumeSet(170)) - Added Volume : /workdir/hadoop-ozone/integration-test/target/test-dir/MiniOzoneClusterImpl-d1ef5ec3-9c6f-4c51-8424-4bb1ae139615/datanode-3/data/containers/hdds to VolumeSet
2019-10-09 02:26:25,614 [main] INFO  volume.ThrottledAsyncChecker (ThrottledAsyncChecker.java:schedule(141)) - Scheduling a check for org.apache.hadoop.ozone.container.common.volume.HddsVolume@11e9ac24
2019-10-09 02:26:25,614 [main] INFO  volume.HddsVolumeChecker (HddsVolumeChecker.java:checkAllVolumes(204)) - Scheduled health check for volume org.apache.hadoop.ozone.container.common.volume.HddsVolume@11e9ac24
2019-10-09 02:26:25,627 [main] INFO  impl.RaftServerProxy (ConfUtils.java:logGet(43)) - raft.rpc.type = GRPC (default)
2019-10-09 02:26:25,627 [main] INFO  grpc.GrpcFactory (GrpcFactory.java:checkPooledByteBufAllocatorUseCacheForAllThreads(45)) - PERFORMANCE WARNING: useCacheForAllThreads is true that may cause Netty to create a lot garbage objects and, as a result, trigger GC.
	It is recommended to disable useCacheForAllThreads by setting -Dorg.apache.ratis.thirdparty.io.netty.allocator.useCacheForAllThreads=false in command line.
2019-10-09 02:26:25,627 [main] INFO  grpc.GrpcConfigKeys$Server (ConfUtils.java:logGet(43)) - raft.grpc.server.port = 0 (default)
2019-10-09 02:26:25,627 [main] INFO  server.GrpcService (ConfUtils.java:logGet(43)) - raft.grpc.message.size.max = 33570816 (custom)
2019-10-09 02:26:25,628 [main] INFO  server.RaftServerConfigKeys (ConfUtils.java:logGet(43)) - raft.server.log.appender.buffer.byte-limit = 33554432 (custom)
2019-10-09 02:26:25,628 [main] INFO  server.GrpcService (ConfUtils.java:logGet(43)) - raft.grpc.flow.control.window = 1MB (=1048576) (default)
2019-10-09 02:26:25,628 [main] INFO  server.RaftServerConfigKeys (ConfUtils.java:logGet(43)) - raft.server.rpc.request.timeout = 3000ms (default)
2019-10-09 02:26:25,628 [main] INFO  server.RaftServerConfigKeys (ConfUtils.java:logGet(43)) - raft.server.storage.dir = [/workdir/hadoop-ozone/integration-test/target/test-dir/MiniOzoneClusterImpl-d1ef5ec3-9c6f-4c51-8424-4bb1ae139615/datanode-3/data/ratis] (custom)
2019-10-09 02:26:25,629 [main] INFO  hdfs.DFSUtil (DFSUtil.java:httpServerTemplateForNNAndJN(1641)) - Starting Web-server for hddsDatanode at: http://0.0.0.0:0
2019-10-09 02:26:25,630 [main] INFO  server.AuthenticationFilter (AuthenticationFilter.java:constructSecretProvider(240)) - Unable to initialize FileSignerSecretProvider, falling back to use random secrets.
2019-10-09 02:26:25,631 [main] WARN  http.HttpRequestLog (HttpRequestLog.java:getRequestLog(97)) - Jetty request log can only be enabled using Log4j
2019-10-09 02:26:25,632 [main] INFO  http.HttpServer2 (HttpServer2.java:addGlobalFilter(975)) - Added global filter 'safety' (class=org.apache.hadoop.http.HttpServer2$QuotingInputFilter)
2019-10-09 02:26:25,632 [main] INFO  http.HttpServer2 (HttpServer2.java:addFilter(948)) - Added filter static_user_filter (class=org.apache.hadoop.http.lib.StaticUserWebFilter$StaticUserFilter) to context hddsDatanode
2019-10-09 02:26:25,633 [main] INFO  http.HttpServer2 (HttpServer2.java:addFilter(958)) - Added filter static_user_filter (class=org.apache.hadoop.http.lib.StaticUserWebFilter$StaticUserFilter) to context logs
2019-10-09 02:26:25,633 [main] INFO  http.HttpServer2 (HttpServer2.java:addFilter(958)) - Added filter static_user_filter (class=org.apache.hadoop.http.lib.StaticUserWebFilter$StaticUserFilter) to context static
2019-10-09 02:26:25,633 [main] INFO  http.HttpServer2 (HttpServer2.java:bindListener(1191)) - Jetty bound to port 33770
2019-10-09 02:26:25,634 [main] INFO  server.Server (Server.java:doStart(351)) - jetty-9.3.25.v20180904, build timestamp: 2018-09-04T21:11:46Z, git hash: 3ce520221d0240229c862b122d2b06c12a625732
2019-10-09 02:26:25,635 [main] INFO  handler.ContextHandler (ContextHandler.java:doStart(781)) - Started o.e.j.s.ServletContextHandler@681061d6{/logs,file:///workdir/hadoop-ozone/integration-test/target/log,AVAILABLE}
2019-10-09 02:26:25,636 [main] INFO  handler.ContextHandler (ContextHandler.java:doStart(781)) - Started o.e.j.s.ServletContextHandler@3caee3a8{/static,jar:file:/home/user/.m2/repository/org/apache/hadoop/hadoop-hdds-container-service/0.5.0-SNAPSHOT/hadoop-hdds-container-service-0.5.0-SNAPSHOT.jar!/webapps/static,AVAILABLE}
2019-10-09 02:26:25,664 [main] INFO  handler.ContextHandler (ContextHandler.java:doStart(781)) - Started o.e.j.w.WebAppContext@5e905f2c{/,file:///tmp/jetty-0.0.0.0-33770-hddsDatanode-_-any-3100949554928496582.dir/webapp/,AVAILABLE}{/hddsDatanode}
2019-10-09 02:26:25,665 [main] INFO  server.AbstractConnector (AbstractConnector.java:doStart(278)) - Started ServerConnector@fddd7ae{HTTP/1.1,[http/1.1]}{0.0.0.0:33770}
2019-10-09 02:26:25,667 [main] INFO  server.Server (Server.java:doStart(419)) - Started @212658ms
2019-10-09 02:26:25,667 [main] WARN  impl.MetricsSystemImpl (MetricsSystemImpl.java:register(276)) - Sink prometheus already exists!
2019-10-09 02:26:25,668 [main] INFO  server.BaseHttpServer (BaseHttpServer.java:updateConnectorAddress(215)) - HTTP server of HDDSDATANODE is listening at http://0.0.0.0:33770
2019-10-09 02:26:25,668 [main] INFO  impl.MetricsSystemImpl (MetricsSystemImpl.java:init(158)) - HddsDatanode metrics system started (again)
2019-10-09 02:26:25,673 [org.apache.hadoop.util.JvmPauseMonitor$Monitor@6f9f7c28] INFO  util.JvmPauseMonitor (JvmPauseMonitor.java:run(188)) - Starting JVM pause monitor
2019-10-09 02:26:25,673 [main] INFO  ozone.HddsDatanodeService (HddsDatanodeService.java:start(184)) - HddsDatanodeService host:pr-hdds-2181-ddhv2-4067587365 ip:192.168.151.114
2019-10-09 02:26:25,674 [Datanode State Machine Thread - 0] INFO  datanode.InitDatanodeState (InitDatanodeState.java:persistContainerDatanodeDetails(140)) - DatanodeDetails is persisted to /workdir/hadoop-ozone/integration-test/target/test-dir/MiniOzoneClusterImpl-d1ef5ec3-9c6f-4c51-8424-4bb1ae139615/datanode-3/meta/datanode.id
2019-10-09 02:26:25,680 [main] INFO  volume.HddsVolume (HddsVolume.java:<init>(176)) - Creating Volume: /workdir/hadoop-ozone/integration-test/target/test-dir/MiniOzoneClusterImpl-d1ef5ec3-9c6f-4c51-8424-4bb1ae139615/datanode-4/data/containers/hdds of  storage type : DISK and capacity : 1482555576320
2019-10-09 02:26:25,680 [main] INFO  volume.VolumeSet (VolumeSet.java:initializeVolumeSet(170)) - Added Volume : /workdir/hadoop-ozone/integration-test/target/test-dir/MiniOzoneClusterImpl-d1ef5ec3-9c6f-4c51-8424-4bb1ae139615/datanode-4/data/containers/hdds to VolumeSet
2019-10-09 02:26:25,681 [main] INFO  volume.ThrottledAsyncChecker (ThrottledAsyncChecker.java:schedule(141)) - Scheduling a check for org.apache.hadoop.ozone.container.common.volume.HddsVolume@52354202
2019-10-09 02:26:25,681 [main] INFO  volume.HddsVolumeChecker (HddsVolumeChecker.java:checkAllVolumes(204)) - Scheduled health check for volume org.apache.hadoop.ozone.container.common.volume.HddsVolume@52354202
2019-10-09 02:26:25,694 [main] INFO  impl.RaftServerProxy (ConfUtils.java:logGet(43)) - raft.rpc.type = GRPC (default)
2019-10-09 02:26:25,694 [main] INFO  grpc.GrpcFactory (GrpcFactory.java:checkPooledByteBufAllocatorUseCacheForAllThreads(45)) - PERFORMANCE WARNING: useCacheForAllThreads is true that may cause Netty to create a lot garbage objects and, as a result, trigger GC.
	It is recommended to disable useCacheForAllThreads by setting -Dorg.apache.ratis.thirdparty.io.netty.allocator.useCacheForAllThreads=false in command line.
2019-10-09 02:26:25,695 [main] INFO  grpc.GrpcConfigKeys$Server (ConfUtils.java:logGet(43)) - raft.grpc.server.port = 0 (default)
2019-10-09 02:26:25,695 [main] INFO  server.GrpcService (ConfUtils.java:logGet(43)) - raft.grpc.message.size.max = 33570816 (custom)
2019-10-09 02:26:25,695 [main] INFO  server.RaftServerConfigKeys (ConfUtils.java:logGet(43)) - raft.server.log.appender.buffer.byte-limit = 33554432 (custom)
2019-10-09 02:26:25,695 [main] INFO  server.GrpcService (ConfUtils.java:logGet(43)) - raft.grpc.flow.control.window = 1MB (=1048576) (default)
2019-10-09 02:26:25,695 [main] INFO  server.RaftServerConfigKeys (ConfUtils.java:logGet(43)) - raft.server.rpc.request.timeout = 3000ms (default)
2019-10-09 02:26:25,696 [main] INFO  server.RaftServerConfigKeys (ConfUtils.java:logGet(43)) - raft.server.storage.dir = [/workdir/hadoop-ozone/integration-test/target/test-dir/MiniOzoneClusterImpl-d1ef5ec3-9c6f-4c51-8424-4bb1ae139615/datanode-4/data/ratis] (custom)
2019-10-09 02:26:25,697 [main] INFO  hdfs.DFSUtil (DFSUtil.java:httpServerTemplateForNNAndJN(1641)) - Starting Web-server for hddsDatanode at: http://0.0.0.0:0
2019-10-09 02:26:25,698 [main] INFO  server.AuthenticationFilter (AuthenticationFilter.java:constructSecretProvider(240)) - Unable to initialize FileSignerSecretProvider, falling back to use random secrets.
2019-10-09 02:26:25,698 [main] WARN  http.HttpRequestLog (HttpRequestLog.java:getRequestLog(97)) - Jetty request log can only be enabled using Log4j
2019-10-09 02:26:25,699 [main] INFO  http.HttpServer2 (HttpServer2.java:addGlobalFilter(975)) - Added global filter 'safety' (class=org.apache.hadoop.http.HttpServer2$QuotingInputFilter)
2019-10-09 02:26:25,700 [main] INFO  http.HttpServer2 (HttpServer2.java:addFilter(948)) - Added filter static_user_filter (class=org.apache.hadoop.http.lib.StaticUserWebFilter$StaticUserFilter) to context hddsDatanode
2019-10-09 02:26:25,700 [main] INFO  http.HttpServer2 (HttpServer2.java:addFilter(958)) - Added filter static_user_filter (class=org.apache.hadoop.http.lib.StaticUserWebFilter$StaticUserFilter) to context static
2019-10-09 02:26:25,700 [main] INFO  http.HttpServer2 (HttpServer2.java:addFilter(958)) - Added filter static_user_filter (class=org.apache.hadoop.http.lib.StaticUserWebFilter$StaticUserFilter) to context logs
2019-10-09 02:26:25,701 [main] INFO  http.HttpServer2 (HttpServer2.java:bindListener(1191)) - Jetty bound to port 46408
2019-10-09 02:26:25,701 [main] INFO  server.Server (Server.java:doStart(351)) - jetty-9.3.25.v20180904, build timestamp: 2018-09-04T21:11:46Z, git hash: 3ce520221d0240229c862b122d2b06c12a625732
2019-10-09 02:26:25,702 [main] INFO  handler.ContextHandler (ContextHandler.java:doStart(781)) - Started o.e.j.s.ServletContextHandler@2eb0cefe{/logs,file:///workdir/hadoop-ozone/integration-test/target/log,AVAILABLE}
2019-10-09 02:26:25,703 [main] INFO  handler.ContextHandler (ContextHandler.java:doStart(781)) - Started o.e.j.s.ServletContextHandler@2bec068b{/static,jar:file:/home/user/.m2/repository/org/apache/hadoop/hadoop-hdds-container-service/0.5.0-SNAPSHOT/hadoop-hdds-container-service-0.5.0-SNAPSHOT.jar!/webapps/static,AVAILABLE}
2019-10-09 02:26:25,731 [main] INFO  handler.ContextHandler (ContextHandler.java:doStart(781)) - Started o.e.j.w.WebAppContext@3820cfe{/,file:///tmp/jetty-0.0.0.0-46408-hddsDatanode-_-any-8237517499138397640.dir/webapp/,AVAILABLE}{/hddsDatanode}
2019-10-09 02:26:25,731 [main] INFO  server.AbstractConnector (AbstractConnector.java:doStart(278)) - Started ServerConnector@2407a36c{HTTP/1.1,[http/1.1]}{0.0.0.0:46408}
2019-10-09 02:26:25,733 [main] INFO  server.Server (Server.java:doStart(419)) - Started @212724ms
2019-10-09 02:26:25,733 [main] WARN  impl.MetricsSystemImpl (MetricsSystemImpl.java:register(276)) - Sink prometheus already exists!
2019-10-09 02:26:25,733 [main] INFO  server.BaseHttpServer (BaseHttpServer.java:updateConnectorAddress(215)) - HTTP server of HDDSDATANODE is listening at http://0.0.0.0:46408
2019-10-09 02:26:25,734 [main] INFO  impl.MetricsSystemImpl (MetricsSystemImpl.java:init(158)) - HddsDatanode metrics system started (again)
2019-10-09 02:26:25,739 [org.apache.hadoop.util.JvmPauseMonitor$Monitor@1e721ead] INFO  util.JvmPauseMonitor (JvmPauseMonitor.java:run(188)) - Starting JVM pause monitor
2019-10-09 02:26:25,739 [main] INFO  ozone.HddsDatanodeService (HddsDatanodeService.java:start(184)) - HddsDatanodeService host:pr-hdds-2181-ddhv2-4067587365 ip:192.168.151.114
2019-10-09 02:26:25,740 [Datanode State Machine Thread - 0] INFO  datanode.InitDatanodeState (InitDatanodeState.java:persistContainerDatanodeDetails(140)) - DatanodeDetails is persisted to /workdir/hadoop-ozone/integration-test/target/test-dir/MiniOzoneClusterImpl-d1ef5ec3-9c6f-4c51-8424-4bb1ae139615/datanode-4/meta/datanode.id
2019-10-09 02:26:25,746 [main] INFO  volume.HddsVolume (HddsVolume.java:<init>(176)) - Creating Volume: /workdir/hadoop-ozone/integration-test/target/test-dir/MiniOzoneClusterImpl-d1ef5ec3-9c6f-4c51-8424-4bb1ae139615/datanode-5/data/containers/hdds of  storage type : DISK and capacity : 1482555576320
2019-10-09 02:26:25,746 [main] INFO  volume.VolumeSet (VolumeSet.java:initializeVolumeSet(170)) - Added Volume : /workdir/hadoop-ozone/integration-test/target/test-dir/MiniOzoneClusterImpl-d1ef5ec3-9c6f-4c51-8424-4bb1ae139615/datanode-5/data/containers/hdds to VolumeSet
2019-10-09 02:26:25,746 [main] INFO  volume.ThrottledAsyncChecker (ThrottledAsyncChecker.java:schedule(141)) - Scheduling a check for org.apache.hadoop.ozone.container.common.volume.HddsVolume@6750e381
2019-10-09 02:26:25,747 [main] INFO  volume.HddsVolumeChecker (HddsVolumeChecker.java:checkAllVolumes(204)) - Scheduled health check for volume org.apache.hadoop.ozone.container.common.volume.HddsVolume@6750e381
2019-10-09 02:26:25,761 [main] INFO  impl.RaftServerProxy (ConfUtils.java:logGet(43)) - raft.rpc.type = GRPC (default)
2019-10-09 02:26:25,761 [main] INFO  grpc.GrpcFactory (GrpcFactory.java:checkPooledByteBufAllocatorUseCacheForAllThreads(45)) - PERFORMANCE WARNING: useCacheForAllThreads is true that may cause Netty to create a lot garbage objects and, as a result, trigger GC.
	It is recommended to disable useCacheForAllThreads by setting -Dorg.apache.ratis.thirdparty.io.netty.allocator.useCacheForAllThreads=false in command line.
2019-10-09 02:26:25,761 [main] INFO  grpc.GrpcConfigKeys$Server (ConfUtils.java:logGet(43)) - raft.grpc.server.port = 0 (default)
2019-10-09 02:26:25,761 [main] INFO  server.GrpcService (ConfUtils.java:logGet(43)) - raft.grpc.message.size.max = 33570816 (custom)
2019-10-09 02:26:25,761 [main] INFO  server.RaftServerConfigKeys (ConfUtils.java:logGet(43)) - raft.server.log.appender.buffer.byte-limit = 33554432 (custom)
2019-10-09 02:26:25,762 [main] INFO  server.GrpcService (ConfUtils.java:logGet(43)) - raft.grpc.flow.control.window = 1MB (=1048576) (default)
2019-10-09 02:26:25,762 [main] INFO  server.RaftServerConfigKeys (ConfUtils.java:logGet(43)) - raft.server.rpc.request.timeout = 3000ms (default)
2019-10-09 02:26:25,762 [main] INFO  server.RaftServerConfigKeys (ConfUtils.java:logGet(43)) - raft.server.storage.dir = [/workdir/hadoop-ozone/integration-test/target/test-dir/MiniOzoneClusterImpl-d1ef5ec3-9c6f-4c51-8424-4bb1ae139615/datanode-5/data/ratis] (custom)
2019-10-09 02:26:25,763 [main] INFO  hdfs.DFSUtil (DFSUtil.java:httpServerTemplateForNNAndJN(1641)) - Starting Web-server for hddsDatanode at: http://0.0.0.0:0
2019-10-09 02:26:25,764 [main] INFO  server.AuthenticationFilter (AuthenticationFilter.java:constructSecretProvider(240)) - Unable to initialize FileSignerSecretProvider, falling back to use random secrets.
2019-10-09 02:26:25,765 [main] WARN  http.HttpRequestLog (HttpRequestLog.java:getRequestLog(97)) - Jetty request log can only be enabled using Log4j
2019-10-09 02:26:25,766 [main] INFO  http.HttpServer2 (HttpServer2.java:addGlobalFilter(975)) - Added global filter 'safety' (class=org.apache.hadoop.http.HttpServer2$QuotingInputFilter)
2019-10-09 02:26:25,767 [main] INFO  http.HttpServer2 (HttpServer2.java:addFilter(948)) - Added filter static_user_filter (class=org.apache.hadoop.http.lib.StaticUserWebFilter$StaticUserFilter) to context hddsDatanode
2019-10-09 02:26:25,767 [main] INFO  http.HttpServer2 (HttpServer2.java:addFilter(958)) - Added filter static_user_filter (class=org.apache.hadoop.http.lib.StaticUserWebFilter$StaticUserFilter) to context logs
2019-10-09 02:26:25,767 [main] INFO  http.HttpServer2 (HttpServer2.java:addFilter(958)) - Added filter static_user_filter (class=org.apache.hadoop.http.lib.StaticUserWebFilter$StaticUserFilter) to context static
2019-10-09 02:26:25,768 [main] INFO  http.HttpServer2 (HttpServer2.java:bindListener(1191)) - Jetty bound to port 41395
2019-10-09 02:26:25,768 [main] INFO  server.Server (Server.java:doStart(351)) - jetty-9.3.25.v20180904, build timestamp: 2018-09-04T21:11:46Z, git hash: 3ce520221d0240229c862b122d2b06c12a625732
2019-10-09 02:26:25,769 [main] INFO  handler.ContextHandler (ContextHandler.java:doStart(781)) - Started o.e.j.s.ServletContextHandler@4fd74223{/logs,file:///workdir/hadoop-ozone/integration-test/target/log,AVAILABLE}
2019-10-09 02:26:25,770 [main] INFO  handler.ContextHandler (ContextHandler.java:doStart(781)) - Started o.e.j.s.ServletContextHandler@32ae8f27{/static,jar:file:/home/user/.m2/repository/org/apache/hadoop/hadoop-hdds-container-service/0.5.0-SNAPSHOT/hadoop-hdds-container-service-0.5.0-SNAPSHOT.jar!/webapps/static,AVAILABLE}
2019-10-09 02:26:25,799 [main] INFO  handler.ContextHandler (ContextHandler.java:doStart(781)) - Started o.e.j.w.WebAppContext@4981d95b{/,file:///tmp/jetty-0.0.0.0-41395-hddsDatanode-_-any-1422141855879037401.dir/webapp/,AVAILABLE}{/hddsDatanode}
2019-10-09 02:26:25,799 [main] INFO  server.AbstractConnector (AbstractConnector.java:doStart(278)) - Started ServerConnector@656842bc{HTTP/1.1,[http/1.1]}{0.0.0.0:41395}
2019-10-09 02:26:25,801 [main] INFO  server.Server (Server.java:doStart(419)) - Started @212793ms
2019-10-09 02:26:25,801 [main] WARN  impl.MetricsSystemImpl (MetricsSystemImpl.java:register(276)) - Sink prometheus already exists!
2019-10-09 02:26:25,802 [main] INFO  server.BaseHttpServer (BaseHttpServer.java:updateConnectorAddress(215)) - HTTP server of HDDSDATANODE is listening at http://0.0.0.0:41395
2019-10-09 02:26:25,802 [main] INFO  impl.MetricsSystemImpl (MetricsSystemImpl.java:init(158)) - HddsDatanode metrics system started (again)
2019-10-09 02:26:25,808 [org.apache.hadoop.util.JvmPauseMonitor$Monitor@7b134e71] INFO  util.JvmPauseMonitor (JvmPauseMonitor.java:run(188)) - Starting JVM pause monitor
2019-10-09 02:26:25,809 [main] INFO  ozone.HddsDatanodeService (HddsDatanodeService.java:start(184)) - HddsDatanodeService host:pr-hdds-2181-ddhv2-4067587365 ip:192.168.151.114
2019-10-09 02:26:25,809 [Datanode State Machine Thread - 0] INFO  datanode.InitDatanodeState (InitDatanodeState.java:persistContainerDatanodeDetails(140)) - DatanodeDetails is persisted to /workdir/hadoop-ozone/integration-test/target/test-dir/MiniOzoneClusterImpl-d1ef5ec3-9c6f-4c51-8424-4bb1ae139615/datanode-5/meta/datanode.id
2019-10-09 02:26:25,817 [main] INFO  volume.HddsVolume (HddsVolume.java:<init>(176)) - Creating Volume: /workdir/hadoop-ozone/integration-test/target/test-dir/MiniOzoneClusterImpl-d1ef5ec3-9c6f-4c51-8424-4bb1ae139615/datanode-6/data/containers/hdds of  storage type : DISK and capacity : 1482555576320
2019-10-09 02:26:25,817 [main] INFO  volume.VolumeSet (VolumeSet.java:initializeVolumeSet(170)) - Added Volume : /workdir/hadoop-ozone/integration-test/target/test-dir/MiniOzoneClusterImpl-d1ef5ec3-9c6f-4c51-8424-4bb1ae139615/datanode-6/data/containers/hdds to VolumeSet
2019-10-09 02:26:25,817 [main] INFO  volume.ThrottledAsyncChecker (ThrottledAsyncChecker.java:schedule(141)) - Scheduling a check for org.apache.hadoop.ozone.container.common.volume.HddsVolume@52f8a6f4
2019-10-09 02:26:25,818 [main] INFO  volume.HddsVolumeChecker (HddsVolumeChecker.java:checkAllVolumes(204)) - Scheduled health check for volume org.apache.hadoop.ozone.container.common.volume.HddsVolume@52f8a6f4
2019-10-09 02:26:25,835 [main] INFO  impl.RaftServerProxy (ConfUtils.java:logGet(43)) - raft.rpc.type = GRPC (default)
2019-10-09 02:26:25,835 [main] INFO  grpc.GrpcFactory (GrpcFactory.java:checkPooledByteBufAllocatorUseCacheForAllThreads(45)) - PERFORMANCE WARNING: useCacheForAllThreads is true that may cause Netty to create a lot garbage objects and, as a result, trigger GC.
	It is recommended to disable useCacheForAllThreads by setting -Dorg.apache.ratis.thirdparty.io.netty.allocator.useCacheForAllThreads=false in command line.
2019-10-09 02:26:25,835 [main] INFO  grpc.GrpcConfigKeys$Server (ConfUtils.java:logGet(43)) - raft.grpc.server.port = 0 (default)
2019-10-09 02:26:25,835 [main] INFO  server.GrpcService (ConfUtils.java:logGet(43)) - raft.grpc.message.size.max = 33570816 (custom)
2019-10-09 02:26:25,835 [main] INFO  server.RaftServerConfigKeys (ConfUtils.java:logGet(43)) - raft.server.log.appender.buffer.byte-limit = 33554432 (custom)
2019-10-09 02:26:25,836 [main] INFO  server.GrpcService (ConfUtils.java:logGet(43)) - raft.grpc.flow.control.window = 1MB (=1048576) (default)
2019-10-09 02:26:25,836 [main] INFO  server.RaftServerConfigKeys (ConfUtils.java:logGet(43)) - raft.server.rpc.request.timeout = 3000ms (default)
2019-10-09 02:26:25,836 [main] INFO  server.RaftServerConfigKeys (ConfUtils.java:logGet(43)) - raft.server.storage.dir = [/workdir/hadoop-ozone/integration-test/target/test-dir/MiniOzoneClusterImpl-d1ef5ec3-9c6f-4c51-8424-4bb1ae139615/datanode-6/data/ratis] (custom)
2019-10-09 02:26:25,838 [main] INFO  hdfs.DFSUtil (DFSUtil.java:httpServerTemplateForNNAndJN(1641)) - Starting Web-server for hddsDatanode at: http://0.0.0.0:0
2019-10-09 02:26:25,839 [main] INFO  server.AuthenticationFilter (AuthenticationFilter.java:constructSecretProvider(240)) - Unable to initialize FileSignerSecretProvider, falling back to use random secrets.
2019-10-09 02:26:25,839 [main] WARN  http.HttpRequestLog (HttpRequestLog.java:getRequestLog(97)) - Jetty request log can only be enabled using Log4j
2019-10-09 02:26:25,841 [main] INFO  http.HttpServer2 (HttpServer2.java:addGlobalFilter(975)) - Added global filter 'safety' (class=org.apache.hadoop.http.HttpServer2$QuotingInputFilter)
2019-10-09 02:26:25,842 [main] INFO  http.HttpServer2 (HttpServer2.java:addFilter(948)) - Added filter static_user_filter (class=org.apache.hadoop.http.lib.StaticUserWebFilter$StaticUserFilter) to context hddsDatanode
2019-10-09 02:26:25,842 [main] INFO  http.HttpServer2 (HttpServer2.java:addFilter(958)) - Added filter static_user_filter (class=org.apache.hadoop.http.lib.StaticUserWebFilter$StaticUserFilter) to context static
2019-10-09 02:26:25,842 [main] INFO  http.HttpServer2 (HttpServer2.java:addFilter(958)) - Added filter static_user_filter (class=org.apache.hadoop.http.lib.StaticUserWebFilter$StaticUserFilter) to context logs
2019-10-09 02:26:25,843 [main] INFO  http.HttpServer2 (HttpServer2.java:bindListener(1191)) - Jetty bound to port 40586
2019-10-09 02:26:25,843 [main] INFO  server.Server (Server.java:doStart(351)) - jetty-9.3.25.v20180904, build timestamp: 2018-09-04T21:11:46Z, git hash: 3ce520221d0240229c862b122d2b06c12a625732
2019-10-09 02:26:25,844 [main] INFO  handler.ContextHandler (ContextHandler.java:doStart(781)) - Started o.e.j.s.ServletContextHandler@44dfdd58{/logs,file:///workdir/hadoop-ozone/integration-test/target/log,AVAILABLE}
2019-10-09 02:26:25,845 [main] INFO  handler.ContextHandler (ContextHandler.java:doStart(781)) - Started o.e.j.s.ServletContextHandler@72a8361b{/static,jar:file:/home/user/.m2/repository/org/apache/hadoop/hadoop-hdds-container-service/0.5.0-SNAPSHOT/hadoop-hdds-container-service-0.5.0-SNAPSHOT.jar!/webapps/static,AVAILABLE}
2019-10-09 02:26:25,886 [main] INFO  handler.ContextHandler (ContextHandler.java:doStart(781)) - Started o.e.j.w.WebAppContext@3f5dfe69{/,file:///tmp/jetty-0.0.0.0-40586-hddsDatanode-_-any-8576387874825189004.dir/webapp/,AVAILABLE}{/hddsDatanode}
2019-10-09 02:26:25,887 [main] INFO  server.AbstractConnector (AbstractConnector.java:doStart(278)) - Started ServerConnector@571a663c{HTTP/1.1,[http/1.1]}{0.0.0.0:40586}
2019-10-09 02:26:25,896 [main] INFO  server.Server (Server.java:doStart(419)) - Started @212887ms
2019-10-09 02:26:25,896 [main] WARN  impl.MetricsSystemImpl (MetricsSystemImpl.java:register(276)) - Sink prometheus already exists!
2019-10-09 02:26:25,897 [main] INFO  server.BaseHttpServer (BaseHttpServer.java:updateConnectorAddress(215)) - HTTP server of HDDSDATANODE is listening at http://0.0.0.0:40586
2019-10-09 02:26:25,897 [main] INFO  ozone.MiniOzoneClusterImpl (MiniOzoneClusterImpl.java:lambda$waitForClusterToBeReady$0(147)) - Waiting for cluster to be ready. Got 0 of 7 DN Heartbeats.
2019-10-09 02:26:25,901 [org.apache.hadoop.util.JvmPauseMonitor$Monitor@7296581f] INFO  util.JvmPauseMonitor (JvmPauseMonitor.java:run(188)) - Starting JVM pause monitor
2019-10-09 02:26:25,902 [Datanode State Machine Thread - 0] INFO  datanode.InitDatanodeState (InitDatanodeState.java:persistContainerDatanodeDetails(140)) - DatanodeDetails is persisted to /workdir/hadoop-ozone/integration-test/target/test-dir/MiniOzoneClusterImpl-d1ef5ec3-9c6f-4c51-8424-4bb1ae139615/datanode-6/meta/datanode.id
2019-10-09 02:26:26,898 [main] INFO  ozone.MiniOzoneClusterImpl (MiniOzoneClusterImpl.java:lambda$waitForClusterToBeReady$0(147)) - Waiting for cluster to be ready. Got 0 of 7 DN Heartbeats.
2019-10-09 02:26:27,520 [Datanode State Machine Thread - 0] INFO  ozoneimpl.OzoneContainer (OzoneContainer.java:start(213)) - Attempting to start container services.
2019-10-09 02:26:27,521 [Datanode State Machine Thread - 0] INFO  ozoneimpl.OzoneContainer (OzoneContainer.java:startContainerScrub(177)) - Background container scanner has been disabled.
2019-10-09 02:26:27,521 [Datanode State Machine Thread - 0] INFO  ratis.XceiverServerRatis (XceiverServerRatis.java:start(418)) - Starting XceiverServerRatis 286c369c-cc97-41b7-b5c3-ecd621b74e6f at port 0
2019-10-09 02:26:27,529 [Datanode State Machine Thread - 0] INFO  impl.RaftServerProxy (RaftServerProxy.java:lambda$start$3(299)) - 286c369c-cc97-41b7-b5c3-ecd621b74e6f: start RPC server
2019-10-09 02:26:27,531 [Datanode State Machine Thread - 0] INFO  server.GrpcService (GrpcService.java:startImpl(158)) - 286c369c-cc97-41b7-b5c3-ecd621b74e6f: GrpcService started, listening on 0.0.0.0/0.0.0.0:35312
2019-10-09 02:26:27,531 [Datanode State Machine Thread - 0] INFO  ratis.XceiverServerRatis (XceiverServerRatis.java:start(428)) - XceiverServerRatis 286c369c-cc97-41b7-b5c3-ecd621b74e6f is started using port 35312
2019-10-09 02:26:27,532 [Datanode State Machine Thread - 0] INFO  server.XceiverServerGrpc (XceiverServerGrpc.java:start(149)) - XceiverServerGrpc 286c369c-cc97-41b7-b5c3-ecd621b74e6f is started using port 34330
2019-10-09 02:26:27,556 [Datanode State Machine Thread - 0] INFO  ozoneimpl.OzoneContainer (OzoneContainer.java:start(213)) - Attempting to start container services.
2019-10-09 02:26:27,556 [Datanode State Machine Thread - 0] INFO  ozoneimpl.OzoneContainer (OzoneContainer.java:startContainerScrub(177)) - Background container scanner has been disabled.
2019-10-09 02:26:27,556 [Datanode State Machine Thread - 0] INFO  ratis.XceiverServerRatis (XceiverServerRatis.java:start(418)) - Starting XceiverServerRatis 9500ddf0-9643-45a9-8045-ab496982ad4d at port 0
2019-10-09 02:26:27,565 [Datanode State Machine Thread - 0] INFO  impl.RaftServerProxy (RaftServerProxy.java:lambda$start$3(299)) - 9500ddf0-9643-45a9-8045-ab496982ad4d: start RPC server
2019-10-09 02:26:27,566 [Datanode State Machine Thread - 0] INFO  server.GrpcService (GrpcService.java:startImpl(158)) - 9500ddf0-9643-45a9-8045-ab496982ad4d: GrpcService started, listening on 0.0.0.0/0.0.0.0:41911
2019-10-09 02:26:27,566 [Datanode State Machine Thread - 0] INFO  ratis.XceiverServerRatis (XceiverServerRatis.java:start(428)) - XceiverServerRatis 9500ddf0-9643-45a9-8045-ab496982ad4d is started using port 41911
2019-10-09 02:26:27,566 [Datanode State Machine Thread - 0] INFO  server.XceiverServerGrpc (XceiverServerGrpc.java:start(149)) - XceiverServerGrpc 9500ddf0-9643-45a9-8045-ab496982ad4d is started using port 46554
2019-10-09 02:26:27,622 [Datanode State Machine Thread - 0] INFO  ozoneimpl.OzoneContainer (OzoneContainer.java:start(213)) - Attempting to start container services.
2019-10-09 02:26:27,623 [Datanode State Machine Thread - 0] INFO  ozoneimpl.OzoneContainer (OzoneContainer.java:startContainerScrub(177)) - Background container scanner has been disabled.
2019-10-09 02:26:27,623 [Datanode State Machine Thread - 0] INFO  ratis.XceiverServerRatis (XceiverServerRatis.java:start(418)) - Starting XceiverServerRatis d51cab02-7f3d-4e5c-8223-8746c15674b1 at port 0
2019-10-09 02:26:27,630 [Datanode State Machine Thread - 0] INFO  impl.RaftServerProxy (RaftServerProxy.java:lambda$start$3(299)) - d51cab02-7f3d-4e5c-8223-8746c15674b1: start RPC server
2019-10-09 02:26:27,631 [Datanode State Machine Thread - 0] INFO  server.GrpcService (GrpcService.java:startImpl(158)) - d51cab02-7f3d-4e5c-8223-8746c15674b1: GrpcService started, listening on 0.0.0.0/0.0.0.0:39992
2019-10-09 02:26:27,632 [Datanode State Machine Thread - 0] INFO  ratis.XceiverServerRatis (XceiverServerRatis.java:start(428)) - XceiverServerRatis d51cab02-7f3d-4e5c-8223-8746c15674b1 is started using port 39992
2019-10-09 02:26:27,632 [Datanode State Machine Thread - 0] INFO  server.XceiverServerGrpc (XceiverServerGrpc.java:start(149)) - XceiverServerGrpc d51cab02-7f3d-4e5c-8223-8746c15674b1 is started using port 38379
2019-10-09 02:26:27,686 [Datanode State Machine Thread - 0] INFO  ozoneimpl.OzoneContainer (OzoneContainer.java:start(213)) - Attempting to start container services.
2019-10-09 02:26:27,687 [Datanode State Machine Thread - 0] INFO  ozoneimpl.OzoneContainer (OzoneContainer.java:startContainerScrub(177)) - Background container scanner has been disabled.
2019-10-09 02:26:27,687 [Datanode State Machine Thread - 0] INFO  ratis.XceiverServerRatis (XceiverServerRatis.java:start(418)) - Starting XceiverServerRatis 1ba175d3-dd7a-48a9-9135-70d34c994ae2 at port 0
2019-10-09 02:26:27,694 [Datanode State Machine Thread - 0] INFO  impl.RaftServerProxy (RaftServerProxy.java:lambda$start$3(299)) - 1ba175d3-dd7a-48a9-9135-70d34c994ae2: start RPC server
2019-10-09 02:26:27,695 [Datanode State Machine Thread - 0] INFO  server.GrpcService (GrpcService.java:startImpl(158)) - 1ba175d3-dd7a-48a9-9135-70d34c994ae2: GrpcService started, listening on 0.0.0.0/0.0.0.0:40794
2019-10-09 02:26:27,695 [Datanode State Machine Thread - 0] INFO  ratis.XceiverServerRatis (XceiverServerRatis.java:start(428)) - XceiverServerRatis 1ba175d3-dd7a-48a9-9135-70d34c994ae2 is started using port 40794
2019-10-09 02:26:27,696 [Datanode State Machine Thread - 0] INFO  server.XceiverServerGrpc (XceiverServerGrpc.java:start(149)) - XceiverServerGrpc 1ba175d3-dd7a-48a9-9135-70d34c994ae2 is started using port 43768
2019-10-09 02:26:27,753 [Datanode State Machine Thread - 0] INFO  ozoneimpl.OzoneContainer (OzoneContainer.java:start(213)) - Attempting to start container services.
2019-10-09 02:26:27,753 [Datanode State Machine Thread - 0] INFO  ozoneimpl.OzoneContainer (OzoneContainer.java:startContainerScrub(177)) - Background container scanner has been disabled.
2019-10-09 02:26:27,753 [Datanode State Machine Thread - 0] INFO  ratis.XceiverServerRatis (XceiverServerRatis.java:start(418)) - Starting XceiverServerRatis 2bc18a31-8b04-4456-80dd-2532d43eaadf at port 0
2019-10-09 02:26:27,761 [Datanode State Machine Thread - 0] INFO  impl.RaftServerProxy (RaftServerProxy.java:lambda$start$3(299)) - 2bc18a31-8b04-4456-80dd-2532d43eaadf: start RPC server
2019-10-09 02:26:27,761 [Datanode State Machine Thread - 0] INFO  server.GrpcService (GrpcService.java:startImpl(158)) - 2bc18a31-8b04-4456-80dd-2532d43eaadf: GrpcService started, listening on 0.0.0.0/0.0.0.0:45916
2019-10-09 02:26:27,762 [Datanode State Machine Thread - 0] INFO  ratis.XceiverServerRatis (XceiverServerRatis.java:start(428)) - XceiverServerRatis 2bc18a31-8b04-4456-80dd-2532d43eaadf is started using port 45916
2019-10-09 02:26:27,762 [Datanode State Machine Thread - 0] INFO  server.XceiverServerGrpc (XceiverServerGrpc.java:start(149)) - XceiverServerGrpc 2bc18a31-8b04-4456-80dd-2532d43eaadf is started using port 36023
2019-10-09 02:26:27,814 [Datanode State Machine Thread - 0] INFO  ozoneimpl.OzoneContainer (OzoneContainer.java:start(213)) - Attempting to start container services.
2019-10-09 02:26:27,815 [Datanode State Machine Thread - 0] INFO  ozoneimpl.OzoneContainer (OzoneContainer.java:startContainerScrub(177)) - Background container scanner has been disabled.
2019-10-09 02:26:27,815 [Datanode State Machine Thread - 0] INFO  ratis.XceiverServerRatis (XceiverServerRatis.java:start(418)) - Starting XceiverServerRatis a852e343-9852-4b4d-9062-dc84412a9de2 at port 0
2019-10-09 02:26:27,823 [Datanode State Machine Thread - 0] INFO  impl.RaftServerProxy (RaftServerProxy.java:lambda$start$3(299)) - a852e343-9852-4b4d-9062-dc84412a9de2: start RPC server
2019-10-09 02:26:27,824 [Datanode State Machine Thread - 0] INFO  server.GrpcService (GrpcService.java:startImpl(158)) - a852e343-9852-4b4d-9062-dc84412a9de2: GrpcService started, listening on 0.0.0.0/0.0.0.0:32917
2019-10-09 02:26:27,824 [Datanode State Machine Thread - 0] INFO  ratis.XceiverServerRatis (XceiverServerRatis.java:start(428)) - XceiverServerRatis a852e343-9852-4b4d-9062-dc84412a9de2 is started using port 32917
2019-10-09 02:26:27,828 [Datanode State Machine Thread - 0] INFO  server.XceiverServerGrpc (XceiverServerGrpc.java:start(149)) - XceiverServerGrpc a852e343-9852-4b4d-9062-dc84412a9de2 is started using port 42446
2019-10-09 02:26:27,898 [main] INFO  ozone.MiniOzoneClusterImpl (MiniOzoneClusterImpl.java:lambda$waitForClusterToBeReady$0(147)) - Waiting for cluster to be ready. Got 0 of 7 DN Heartbeats.
2019-10-09 02:26:27,917 [Datanode State Machine Thread - 0] INFO  ozoneimpl.OzoneContainer (OzoneContainer.java:start(213)) - Attempting to start container services.
2019-10-09 02:26:27,917 [Datanode State Machine Thread - 0] INFO  ozoneimpl.OzoneContainer (OzoneContainer.java:startContainerScrub(177)) - Background container scanner has been disabled.
2019-10-09 02:26:27,917 [Datanode State Machine Thread - 0] INFO  ratis.XceiverServerRatis (XceiverServerRatis.java:start(418)) - Starting XceiverServerRatis 770574ef-aebf-4c13-b679-94990948d23e at port 0
2019-10-09 02:26:27,924 [Datanode State Machine Thread - 0] INFO  impl.RaftServerProxy (RaftServerProxy.java:lambda$start$3(299)) - 770574ef-aebf-4c13-b679-94990948d23e: start RPC server
2019-10-09 02:26:27,924 [Datanode State Machine Thread - 0] INFO  server.GrpcService (GrpcService.java:startImpl(158)) - 770574ef-aebf-4c13-b679-94990948d23e: GrpcService started, listening on 0.0.0.0/0.0.0.0:44860
2019-10-09 02:26:27,925 [Datanode State Machine Thread - 0] INFO  ratis.XceiverServerRatis (XceiverServerRatis.java:start(428)) - XceiverServerRatis 770574ef-aebf-4c13-b679-94990948d23e is started using port 44860
2019-10-09 02:26:27,928 [Datanode State Machine Thread - 0] INFO  server.XceiverServerGrpc (XceiverServerGrpc.java:start(149)) - XceiverServerGrpc 770574ef-aebf-4c13-b679-94990948d23e is started using port 42887
2019-10-09 02:26:28,899 [main] INFO  ozone.MiniOzoneClusterImpl (MiniOzoneClusterImpl.java:lambda$waitForClusterToBeReady$0(147)) - Waiting for cluster to be ready. Got 0 of 7 DN Heartbeats.
2019-10-09 02:26:29,481 [IPC Server handler 2 on 34398] INFO  net.NetworkTopology (NetworkTopologyImpl.java:add(111)) - Added a new node: /default-rack/286c369c-cc97-41b7-b5c3-ecd621b74e6f
2019-10-09 02:26:29,483 [IPC Server handler 2 on 34398] INFO  node.SCMNodeManager (SCMNodeManager.java:register(268)) - Registered Data node : 286c369c-cc97-41b7-b5c3-ecd621b74e6f{ip: 192.168.151.114, host: pr-hdds-2181-ddhv2-4067587365, networkLocation: /default-rack, certSerialId: null}
2019-10-09 02:26:29,485 [EventQueue-NodeRegistrationContainerReportForDataNodeSafeModeRule] INFO  safemode.SCMSafeModeManager (DataNodeSafeModeRule.java:process(71)) - SCM in safe mode. 1 DataNodes registered, 1 required.
2019-10-09 02:26:29,487 [EventQueue-NodeRegistrationContainerReportForDataNodeSafeModeRule] INFO  safemode.SCMSafeModeManager (SCMSafeModeManager.java:validateSafeModeExitRules(177)) - ScmSafeModeManager, all rules are successfully validated
2019-10-09 02:26:29,487 [EventQueue-NodeRegistrationContainerReportForDataNodeSafeModeRule] INFO  safemode.SCMSafeModeManager (SCMSafeModeManager.java:exitSafeMode(193)) - SCM exiting safe mode.
2019-10-09 02:26:29,505 [grpc-default-executor-2] INFO  impl.RaftServerProxy (RaftServerProxy.java:addNew(89)) - 286c369c-cc97-41b7-b5c3-ecd621b74e6f: addNew group-8A255D6C90C8:[286c369c-cc97-41b7-b5c3-ecd621b74e6f:192.168.151.114:35312] returns group-8A255D6C90C8:java.util.concurrent.CompletableFuture@4b6d5f98[Not completed]
2019-10-09 02:26:29,508 [pool-383-thread-1] INFO  impl.RaftServerImpl (RaftServerImpl.java:<init>(95)) - 286c369c-cc97-41b7-b5c3-ecd621b74e6f: new RaftServerImpl for group-8A255D6C90C8:[286c369c-cc97-41b7-b5c3-ecd621b74e6f:192.168.151.114:35312] with ContainerStateMachine:uninitialized
2019-10-09 02:26:29,508 [pool-383-thread-1] INFO  server.RaftServerConfigKeys (ConfUtils.java:logGet(43)) - raft.server.rpc.timeout.min = 5s (custom)
2019-10-09 02:26:29,508 [pool-383-thread-1] INFO  server.RaftServerConfigKeys (ConfUtils.java:logGet(43)) - raft.server.rpc.timeout.max = 5200ms (custom)
2019-10-09 02:26:29,508 [pool-383-thread-1] INFO  server.RaftServerConfigKeys (ConfUtils.java:logGet(43)) - raft.server.rpcslowness.timeout = 120s (custom)
2019-10-09 02:26:29,508 [pool-383-thread-1] INFO  server.RaftServerConfigKeys (ConfUtils.java:logGet(43)) - raft.server.sleep.deviation.threshold = 300 (default)
2019-10-09 02:26:29,508 [pool-383-thread-1] INFO  server.RaftServerConfigKeys (ConfUtils.java:logGet(43)) - raft.server.log.appender.install.snapshot.enabled = false (custom)
2019-10-09 02:26:29,509 [pool-383-thread-1] INFO  impl.RaftServerImpl (ServerState.java:<init>(103)) - 286c369c-cc97-41b7-b5c3-ecd621b74e6f@group-8A255D6C90C8: ConfigurationManager, init=-1: [286c369c-cc97-41b7-b5c3-ecd621b74e6f:192.168.151.114:35312], old=null, confs=<EMPTY_MAP>
2019-10-09 02:26:29,509 [pool-383-thread-1] INFO  server.RaftServerConfigKeys (ConfUtils.java:logGet(43)) - raft.server.storage.dir = [/workdir/hadoop-ozone/integration-test/target/test-dir/MiniOzoneClusterImpl-d1ef5ec3-9c6f-4c51-8424-4bb1ae139615/datanode-0/data/ratis] (custom)
2019-10-09 02:26:29,509 [pool-383-thread-1] INFO  server.RaftServerConfigKeys (ConfUtils.java:logGet(43)) - raft.server.log.corruption.policy = EXCEPTION (default)
2019-10-09 02:26:29,509 [pool-383-thread-1] INFO  storage.RaftStorageDirectory (RaftStorageDirectory.java:analyzeStorage(246)) - The storage directory /workdir/hadoop-ozone/integration-test/target/test-dir/MiniOzoneClusterImpl-d1ef5ec3-9c6f-4c51-8424-4bb1ae139615/datanode-0/data/ratis/ea9e327f-723e-4213-867e-8a255d6c90c8 does not exist. Creating ...
2019-10-09 02:26:29,523 [pool-383-thread-1] INFO  storage.RaftStorageDirectory (RaftStorageDirectory.java:tryLock(328)) - Lock on /workdir/hadoop-ozone/integration-test/target/test-dir/MiniOzoneClusterImpl-d1ef5ec3-9c6f-4c51-8424-4bb1ae139615/datanode-0/data/ratis/ea9e327f-723e-4213-867e-8a255d6c90c8/in_use.lock acquired by nodename 24477@pr-hdds-2181-ddhv2-4067587365
2019-10-09 02:26:29,536 [pool-383-thread-1] INFO  storage.RaftStorage (RaftStorage.java:format(84)) - Storage directory /workdir/hadoop-ozone/integration-test/target/test-dir/MiniOzoneClusterImpl-d1ef5ec3-9c6f-4c51-8424-4bb1ae139615/datanode-0/data/ratis/ea9e327f-723e-4213-867e-8a255d6c90c8 has been successfully formatted.
2019-10-09 02:26:29,536 [pool-383-thread-1] INFO  ratis.ContainerStateMachine (ContainerStateMachine.java:loadSnapshot(231)) - group-8A255D6C90C8: The snapshot info is null. Setting the last applied indexto:(t:0, i:~)
2019-10-09 02:26:29,537 [pool-383-thread-1] INFO  server.RaftServerConfigKeys (ConfUtils.java:logGet(43)) - raft.server.notification.no-leader.timeout = 120s (custom)
2019-10-09 02:26:29,537 [pool-383-thread-1] INFO  server.RaftServerConfigKeys (ConfUtils.java:logGet(43)) - raft.server.log.use.memory = false (default)
2019-10-09 02:26:29,537 [pool-383-thread-1] INFO  server.RaftServerConfigKeys (ConfUtils.java:logGet(43)) - raft.server.log.purge.gap = 1000000 (custom)
2019-10-09 02:26:29,537 [pool-383-thread-1] INFO  server.RaftServerConfigKeys (ConfUtils.java:logGet(43)) - raft.server.log.appender.buffer.byte-limit = 33554432 (custom)
2019-10-09 02:26:29,537 [pool-383-thread-1] INFO  server.RaftServerConfigKeys (ConfUtils.java:logGet(43)) - raft.server.log.segment.size.max = 1048576 (custom)
2019-10-09 02:26:29,540 [pool-383-thread-1] INFO  server.RaftServerConfigKeys (ConfUtils.java:logGet(43)) - raft.server.log.segment.cache.num.max = 2 (custom)
2019-10-09 02:26:29,540 [IPC Server handler 3 on 34398] INFO  net.NetworkTopology (NetworkTopologyImpl.java:add(111)) - Added a new node: /default-rack/9500ddf0-9643-45a9-8045-ab496982ad4d
2019-10-09 02:26:29,540 [pool-383-thread-1] INFO  segmented.SegmentedRaftLogWorker (SegmentedRaftLogWorker.java:<init>(173)) - new 286c369c-cc97-41b7-b5c3-ecd621b74e6f@group-8A255D6C90C8-SegmentedRaftLogWorker for RaftStorage:Storage Directory /workdir/hadoop-ozone/integration-test/target/test-dir/MiniOzoneClusterImpl-d1ef5ec3-9c6f-4c51-8424-4bb1ae139615/datanode-0/data/ratis/ea9e327f-723e-4213-867e-8a255d6c90c8
2019-10-09 02:26:29,540 [IPC Server handler 3 on 34398] INFO  node.SCMNodeManager (SCMNodeManager.java:register(268)) - Registered Data node : 9500ddf0-9643-45a9-8045-ab496982ad4d{ip: 192.168.151.114, host: pr-hdds-2181-ddhv2-4067587365, networkLocation: /default-rack, certSerialId: null}
2019-10-09 02:26:29,541 [pool-383-thread-1] INFO  server.RaftServerConfigKeys (ConfUtils.java:logGet(43)) - raft.server.log.queue.byte-limit = 2147483647 (custom)
2019-10-09 02:26:29,541 [pool-383-thread-1] INFO  server.RaftServerConfigKeys (ConfUtils.java:logGet(43)) - raft.server.log.queue.element-limit = 1024 (custom)
2019-10-09 02:26:29,541 [pool-383-thread-1] INFO  server.RaftServerConfigKeys (ConfUtils.java:logGet(43)) - raft.server.log.segment.size.max = 1048576 (custom)
2019-10-09 02:26:29,541 [pool-383-thread-1] INFO  server.RaftServerConfigKeys (ConfUtils.java:logGet(43)) - raft.server.log.preallocated.size = 16384 (custom)
2019-10-09 02:26:29,542 [pool-383-thread-1] INFO  server.RaftServerConfigKeys (ConfUtils.java:logGet(43)) - raft.server.log.write.buffer.size = 33554432 (custom)
2019-10-09 02:26:29,542 [pool-383-thread-1] INFO  server.RaftServerConfigKeys (ConfUtils.java:logGet(43)) - raft.server.log.force.sync.num = 128 (default)
2019-10-09 02:26:29,542 [pool-383-thread-1] INFO  server.RaftServerConfigKeys (ConfUtils.java:logGet(43)) - raft.server.log.statemachine.data.sync = true (default)
2019-10-09 02:26:29,542 [pool-383-thread-1] INFO  server.RaftServerConfigKeys (ConfUtils.java:logGet(43)) - raft.server.log.statemachine.data.sync.timeout = 10s (default)
2019-10-09 02:26:29,542 [pool-383-thread-1] INFO  server.RaftServerConfigKeys (ConfUtils.java:logGet(43)) - raft.server.log.statemachine.data.sync.timeout.retry = -1 (default)
2019-10-09 02:26:29,543 [pool-383-thread-1] INFO  server.RaftServerConfigKeys (ConfUtils.java:logGet(43)) - raft.server.log.statemachine.data.caching.enabled = true (custom)
2019-10-09 02:26:29,543 [pool-383-thread-1] INFO  segmented.SegmentedRaftLogWorker (SegmentedRaftLogWorker.java:lambda$new$0(128)) - 286c369c-cc97-41b7-b5c3-ecd621b74e6f@group-8A255D6C90C8-SegmentedRaftLogWorker: flushIndex: setUnconditionally 0 -> -1
2019-10-09 02:26:29,544 [pool-383-thread-1] INFO  server.RaftServerConfigKeys (ConfUtils.java:logGet(43)) - raft.server.snapshot.auto.trigger.enabled = true (custom)
2019-10-09 02:26:29,544 [pool-383-thread-1] INFO  server.RaftServerConfigKeys (ConfUtils.java:logGet(43)) - raft.server.snapshot.auto.trigger.threshold = 10000 (custom)
2019-10-09 02:26:29,544 [pool-383-thread-1] INFO  server.RaftServerConfigKeys (ConfUtils.java:logGet(43)) - raft.server.snapshot.retention.file.num = 5 (custom)
2019-10-09 02:26:29,544 [pool-383-thread-1] INFO  server.RaftServerConfigKeys (ConfUtils.java:logGet(43)) - raft.server.retrycache.expirytime = 600000ms (custom)
2019-10-09 02:26:29,545 [pool-383-thread-1] INFO  impl.RaftServerImpl (RaftServerImpl.java:start(181)) - 286c369c-cc97-41b7-b5c3-ecd621b74e6f@group-8A255D6C90C8: start as a follower, conf=-1: [286c369c-cc97-41b7-b5c3-ecd621b74e6f:192.168.151.114:35312], old=null
2019-10-09 02:26:29,546 [pool-383-thread-1] INFO  impl.RaftServerImpl (RaftServerImpl.java:setRole(170)) - 286c369c-cc97-41b7-b5c3-ecd621b74e6f@group-8A255D6C90C8: changes role from      null to FOLLOWER at term 0 for startAsFollower
2019-10-09 02:26:29,546 [pool-383-thread-1] INFO  impl.RoleInfo (RoleInfo.java:updateAndGet(143)) - 286c369c-cc97-41b7-b5c3-ecd621b74e6f: start FollowerState
2019-10-09 02:26:29,546 [pool-383-thread-1] INFO  util.JmxRegister (JmxRegister.java:tryRegister(44)) - Successfully registered JMX Bean with object name Ratis:service=RaftServer,group=group-8A255D6C90C8,id=286c369c-cc97-41b7-b5c3-ecd621b74e6f
2019-10-09 02:26:29,552 [RatisPipelineUtilsThread] INFO  pipeline.PipelineStateManager (PipelineStateManager.java:addPipeline(56)) - Created pipeline Pipeline[ Id: ea9e327f-723e-4213-867e-8a255d6c90c8, Nodes: 286c369c-cc97-41b7-b5c3-ecd621b74e6f{ip: 192.168.151.114, host: pr-hdds-2181-ddhv2-4067587365, networkLocation: /default-rack, certSerialId: null}, Type:RATIS, Factor:ONE, State:OPEN]
2019-10-09 02:26:29,562 [grpc-default-executor-2] INFO  impl.RaftServerProxy (RaftServerProxy.java:addNew(89)) - 9500ddf0-9643-45a9-8045-ab496982ad4d: addNew group-6ADD14044038:[9500ddf0-9643-45a9-8045-ab496982ad4d:192.168.151.114:41911] returns group-6ADD14044038:java.util.concurrent.CompletableFuture@3295be29[Not completed]
2019-10-09 02:26:29,563 [pool-393-thread-1] INFO  impl.RaftServerImpl (RaftServerImpl.java:<init>(95)) - 9500ddf0-9643-45a9-8045-ab496982ad4d: new RaftServerImpl for group-6ADD14044038:[9500ddf0-9643-45a9-8045-ab496982ad4d:192.168.151.114:41911] with ContainerStateMachine:uninitialized
2019-10-09 02:26:29,563 [pool-393-thread-1] INFO  server.RaftServerConfigKeys (ConfUtils.java:logGet(43)) - raft.server.rpc.timeout.min = 5s (custom)
2019-10-09 02:26:29,563 [pool-393-thread-1] INFO  server.RaftServerConfigKeys (ConfUtils.java:logGet(43)) - raft.server.rpc.timeout.max = 5200ms (custom)
2019-10-09 02:26:29,563 [pool-393-thread-1] INFO  server.RaftServerConfigKeys (ConfUtils.java:logGet(43)) - raft.server.rpcslowness.timeout = 120s (custom)
2019-10-09 02:26:29,563 [pool-393-thread-1] INFO  server.RaftServerConfigKeys (ConfUtils.java:logGet(43)) - raft.server.sleep.deviation.threshold = 300 (default)
2019-10-09 02:26:29,563 [pool-393-thread-1] INFO  server.RaftServerConfigKeys (ConfUtils.java:logGet(43)) - raft.server.log.appender.install.snapshot.enabled = false (custom)
2019-10-09 02:26:29,563 [pool-393-thread-1] INFO  impl.RaftServerImpl (ServerState.java:<init>(103)) - 9500ddf0-9643-45a9-8045-ab496982ad4d@group-6ADD14044038: ConfigurationManager, init=-1: [9500ddf0-9643-45a9-8045-ab496982ad4d:192.168.151.114:41911], old=null, confs=<EMPTY_MAP>
2019-10-09 02:26:29,564 [pool-393-thread-1] INFO  server.RaftServerConfigKeys (ConfUtils.java:logGet(43)) - raft.server.storage.dir = [/workdir/hadoop-ozone/integration-test/target/test-dir/MiniOzoneClusterImpl-d1ef5ec3-9c6f-4c51-8424-4bb1ae139615/datanode-1/data/ratis] (custom)
2019-10-09 02:26:29,564 [pool-393-thread-1] INFO  server.RaftServerConfigKeys (ConfUtils.java:logGet(43)) - raft.server.log.corruption.policy = EXCEPTION (default)
2019-10-09 02:26:29,564 [pool-393-thread-1] INFO  storage.RaftStorageDirectory (RaftStorageDirectory.java:analyzeStorage(246)) - The storage directory /workdir/hadoop-ozone/integration-test/target/test-dir/MiniOzoneClusterImpl-d1ef5ec3-9c6f-4c51-8424-4bb1ae139615/datanode-1/data/ratis/8e729dfc-178c-4324-9a26-6add14044038 does not exist. Creating ...
2019-10-09 02:26:29,576 [pool-393-thread-1] INFO  storage.RaftStorageDirectory (RaftStorageDirectory.java:tryLock(328)) - Lock on /workdir/hadoop-ozone/integration-test/target/test-dir/MiniOzoneClusterImpl-d1ef5ec3-9c6f-4c51-8424-4bb1ae139615/datanode-1/data/ratis/8e729dfc-178c-4324-9a26-6add14044038/in_use.lock acquired by nodename 24477@pr-hdds-2181-ddhv2-4067587365
2019-10-09 02:26:29,589 [pool-393-thread-1] INFO  storage.RaftStorage (RaftStorage.java:format(84)) - Storage directory /workdir/hadoop-ozone/integration-test/target/test-dir/MiniOzoneClusterImpl-d1ef5ec3-9c6f-4c51-8424-4bb1ae139615/datanode-1/data/ratis/8e729dfc-178c-4324-9a26-6add14044038 has been successfully formatted.
2019-10-09 02:26:29,589 [pool-393-thread-1] INFO  ratis.ContainerStateMachine (ContainerStateMachine.java:loadSnapshot(231)) - group-6ADD14044038: The snapshot info is null. Setting the last applied indexto:(t:0, i:~)
2019-10-09 02:26:29,589 [pool-393-thread-1] INFO  server.RaftServerConfigKeys (ConfUtils.java:logGet(43)) - raft.server.notification.no-leader.timeout = 120s (custom)
2019-10-09 02:26:29,590 [pool-393-thread-1] INFO  server.RaftServerConfigKeys (ConfUtils.java:logGet(43)) - raft.server.log.use.memory = false (default)
2019-10-09 02:26:29,590 [pool-393-thread-1] INFO  server.RaftServerConfigKeys (ConfUtils.java:logGet(43)) - raft.server.log.purge.gap = 1000000 (custom)
2019-10-09 02:26:29,590 [pool-393-thread-1] INFO  server.RaftServerConfigKeys (ConfUtils.java:logGet(43)) - raft.server.log.appender.buffer.byte-limit = 33554432 (custom)
2019-10-09 02:26:29,590 [pool-393-thread-1] INFO  server.RaftServerConfigKeys (ConfUtils.java:logGet(43)) - raft.server.log.segment.size.max = 1048576 (custom)
2019-10-09 02:26:29,592 [pool-393-thread-1] INFO  server.RaftServerConfigKeys (ConfUtils.java:logGet(43)) - raft.server.log.segment.cache.num.max = 2 (custom)
2019-10-09 02:26:29,592 [pool-393-thread-1] INFO  segmented.SegmentedRaftLogWorker (SegmentedRaftLogWorker.java:<init>(173)) - new 9500ddf0-9643-45a9-8045-ab496982ad4d@group-6ADD14044038-SegmentedRaftLogWorker for RaftStorage:Storage Directory /workdir/hadoop-ozone/integration-test/target/test-dir/MiniOzoneClusterImpl-d1ef5ec3-9c6f-4c51-8424-4bb1ae139615/datanode-1/data/ratis/8e729dfc-178c-4324-9a26-6add14044038
2019-10-09 02:26:29,592 [pool-393-thread-1] INFO  server.RaftServerConfigKeys (ConfUtils.java:logGet(43)) - raft.server.log.queue.byte-limit = 2147483647 (custom)
2019-10-09 02:26:29,592 [pool-393-thread-1] INFO  server.RaftServerConfigKeys (ConfUtils.java:logGet(43)) - raft.server.log.queue.element-limit = 1024 (custom)
2019-10-09 02:26:29,592 [pool-393-thread-1] INFO  server.RaftServerConfigKeys (ConfUtils.java:logGet(43)) - raft.server.log.segment.size.max = 1048576 (custom)
2019-10-09 02:26:29,592 [pool-393-thread-1] INFO  server.RaftServerConfigKeys (ConfUtils.java:logGet(43)) - raft.server.log.preallocated.size = 16384 (custom)
2019-10-09 02:26:29,592 [pool-393-thread-1] INFO  server.RaftServerConfigKeys (ConfUtils.java:logGet(43)) - raft.server.log.write.buffer.size = 33554432 (custom)
2019-10-09 02:26:29,593 [pool-393-thread-1] INFO  server.RaftServerConfigKeys (ConfUtils.java:logGet(43)) - raft.server.log.force.sync.num = 128 (default)
2019-10-09 02:26:29,593 [pool-393-thread-1] INFO  server.RaftServerConfigKeys (ConfUtils.java:logGet(43)) - raft.server.log.statemachine.data.sync = true (default)
2019-10-09 02:26:29,593 [pool-393-thread-1] INFO  server.RaftServerConfigKeys (ConfUtils.java:logGet(43)) - raft.server.log.statemachine.data.sync.timeout = 10s (default)
2019-10-09 02:26:29,593 [pool-393-thread-1] INFO  server.RaftServerConfigKeys (ConfUtils.java:logGet(43)) - raft.server.log.statemachine.data.sync.timeout.retry = -1 (default)
2019-10-09 02:26:29,593 [pool-393-thread-1] INFO  server.RaftServerConfigKeys (ConfUtils.java:logGet(43)) - raft.server.log.statemachine.data.caching.enabled = true (custom)
2019-10-09 02:26:29,594 [pool-393-thread-1] INFO  segmented.SegmentedRaftLogWorker (SegmentedRaftLogWorker.java:lambda$new$0(128)) - 9500ddf0-9643-45a9-8045-ab496982ad4d@group-6ADD14044038-SegmentedRaftLogWorker: flushIndex: setUnconditionally 0 -> -1
2019-10-09 02:26:29,594 [pool-393-thread-1] INFO  server.RaftServerConfigKeys (ConfUtils.java:logGet(43)) - raft.server.snapshot.auto.trigger.enabled = true (custom)
2019-10-09 02:26:29,594 [pool-393-thread-1] INFO  server.RaftServerConfigKeys (ConfUtils.java:logGet(43)) - raft.server.snapshot.auto.trigger.threshold = 10000 (custom)
2019-10-09 02:26:29,594 [pool-393-thread-1] INFO  server.RaftServerConfigKeys (ConfUtils.java:logGet(43)) - raft.server.snapshot.retention.file.num = 5 (custom)
2019-10-09 02:26:29,594 [pool-393-thread-1] INFO  server.RaftServerConfigKeys (ConfUtils.java:logGet(43)) - raft.server.retrycache.expirytime = 600000ms (custom)
2019-10-09 02:26:29,596 [pool-393-thread-1] INFO  impl.RaftServerImpl (RaftServerImpl.java:start(181)) - 9500ddf0-9643-45a9-8045-ab496982ad4d@group-6ADD14044038: start as a follower, conf=-1: [9500ddf0-9643-45a9-8045-ab496982ad4d:192.168.151.114:41911], old=null
2019-10-09 02:26:29,596 [pool-393-thread-1] INFO  impl.RaftServerImpl (RaftServerImpl.java:setRole(170)) - 9500ddf0-9643-45a9-8045-ab496982ad4d@group-6ADD14044038: changes role from      null to FOLLOWER at term 0 for startAsFollower
2019-10-09 02:26:29,596 [pool-393-thread-1] INFO  impl.RoleInfo (RoleInfo.java:updateAndGet(143)) - 9500ddf0-9643-45a9-8045-ab496982ad4d: start FollowerState
2019-10-09 02:26:29,596 [pool-393-thread-1] INFO  util.JmxRegister (JmxRegister.java:tryRegister(44)) - Successfully registered JMX Bean with object name Ratis:service=RaftServer,group=group-6ADD14044038,id=9500ddf0-9643-45a9-8045-ab496982ad4d
2019-10-09 02:26:29,601 [RatisPipelineUtilsThread] INFO  pipeline.PipelineStateManager (PipelineStateManager.java:addPipeline(56)) - Created pipeline Pipeline[ Id: 8e729dfc-178c-4324-9a26-6add14044038, Nodes: 9500ddf0-9643-45a9-8045-ab496982ad4d{ip: 192.168.151.114, host: pr-hdds-2181-ddhv2-4067587365, networkLocation: /default-rack, certSerialId: null}, Type:RATIS, Factor:ONE, State:OPEN]
2019-10-09 02:26:29,611 [IPC Server handler 4 on 34398] INFO  net.NetworkTopology (NetworkTopologyImpl.java:add(111)) - Added a new node: /default-rack/d51cab02-7f3d-4e5c-8223-8746c15674b1
2019-10-09 02:26:29,611 [IPC Server handler 4 on 34398] INFO  node.SCMNodeManager (SCMNodeManager.java:register(268)) - Registered Data node : d51cab02-7f3d-4e5c-8223-8746c15674b1{ip: 192.168.151.114, host: pr-hdds-2181-ddhv2-4067587365, networkLocation: /default-rack, certSerialId: null}
2019-10-09 02:26:29,620 [grpc-default-executor-2] INFO  impl.RaftServerProxy (RaftServerProxy.java:addNew(89)) - d51cab02-7f3d-4e5c-8223-8746c15674b1: addNew group-0F071B1489EB:[d51cab02-7f3d-4e5c-8223-8746c15674b1:192.168.151.114:39992] returns group-0F071B1489EB:java.util.concurrent.CompletableFuture@6fb20438[Not completed]
2019-10-09 02:26:29,621 [pool-403-thread-1] INFO  impl.RaftServerImpl (RaftServerImpl.java:<init>(95)) - d51cab02-7f3d-4e5c-8223-8746c15674b1: new RaftServerImpl for group-0F071B1489EB:[d51cab02-7f3d-4e5c-8223-8746c15674b1:192.168.151.114:39992] with ContainerStateMachine:uninitialized
2019-10-09 02:26:29,621 [pool-403-thread-1] INFO  server.RaftServerConfigKeys (ConfUtils.java:logGet(43)) - raft.server.rpc.timeout.min = 5s (custom)
2019-10-09 02:26:29,621 [pool-403-thread-1] INFO  server.RaftServerConfigKeys (ConfUtils.java:logGet(43)) - raft.server.rpc.timeout.max = 5200ms (custom)
2019-10-09 02:26:29,621 [pool-403-thread-1] INFO  server.RaftServerConfigKeys (ConfUtils.java:logGet(43)) - raft.server.rpcslowness.timeout = 120s (custom)
2019-10-09 02:26:29,621 [pool-403-thread-1] INFO  server.RaftServerConfigKeys (ConfUtils.java:logGet(43)) - raft.server.sleep.deviation.threshold = 300 (default)
2019-10-09 02:26:29,621 [pool-403-thread-1] INFO  server.RaftServerConfigKeys (ConfUtils.java:logGet(43)) - raft.server.log.appender.install.snapshot.enabled = false (custom)
2019-10-09 02:26:29,621 [pool-403-thread-1] INFO  impl.RaftServerImpl (ServerState.java:<init>(103)) - d51cab02-7f3d-4e5c-8223-8746c15674b1@group-0F071B1489EB: ConfigurationManager, init=-1: [d51cab02-7f3d-4e5c-8223-8746c15674b1:192.168.151.114:39992], old=null, confs=<EMPTY_MAP>
2019-10-09 02:26:29,622 [pool-403-thread-1] INFO  server.RaftServerConfigKeys (ConfUtils.java:logGet(43)) - raft.server.storage.dir = [/workdir/hadoop-ozone/integration-test/target/test-dir/MiniOzoneClusterImpl-d1ef5ec3-9c6f-4c51-8424-4bb1ae139615/datanode-2/data/ratis] (custom)
2019-10-09 02:26:29,622 [pool-403-thread-1] INFO  server.RaftServerConfigKeys (ConfUtils.java:logGet(43)) - raft.server.log.corruption.policy = EXCEPTION (default)
2019-10-09 02:26:29,622 [pool-403-thread-1] INFO  storage.RaftStorageDirectory (RaftStorageDirectory.java:analyzeStorage(246)) - The storage directory /workdir/hadoop-ozone/integration-test/target/test-dir/MiniOzoneClusterImpl-d1ef5ec3-9c6f-4c51-8424-4bb1ae139615/datanode-2/data/ratis/c7a4d86b-1ab8-453f-b41a-0f071b1489eb does not exist. Creating ...
2019-10-09 02:26:29,635 [pool-403-thread-1] INFO  storage.RaftStorageDirectory (RaftStorageDirectory.java:tryLock(328)) - Lock on /workdir/hadoop-ozone/integration-test/target/test-dir/MiniOzoneClusterImpl-d1ef5ec3-9c6f-4c51-8424-4bb1ae139615/datanode-2/data/ratis/c7a4d86b-1ab8-453f-b41a-0f071b1489eb/in_use.lock acquired by nodename 24477@pr-hdds-2181-ddhv2-4067587365
2019-10-09 02:26:29,647 [pool-403-thread-1] INFO  storage.RaftStorage (RaftStorage.java:format(84)) - Storage directory /workdir/hadoop-ozone/integration-test/target/test-dir/MiniOzoneClusterImpl-d1ef5ec3-9c6f-4c51-8424-4bb1ae139615/datanode-2/data/ratis/c7a4d86b-1ab8-453f-b41a-0f071b1489eb has been successfully formatted.
2019-10-09 02:26:29,647 [pool-403-thread-1] INFO  ratis.ContainerStateMachine (ContainerStateMachine.java:loadSnapshot(231)) - group-0F071B1489EB: The snapshot info is null. Setting the last applied indexto:(t:0, i:~)
2019-10-09 02:26:29,647 [pool-403-thread-1] INFO  server.RaftServerConfigKeys (ConfUtils.java:logGet(43)) - raft.server.notification.no-leader.timeout = 120s (custom)
2019-10-09 02:26:29,647 [pool-403-thread-1] INFO  server.RaftServerConfigKeys (ConfUtils.java:logGet(43)) - raft.server.log.use.memory = false (default)
2019-10-09 02:26:29,648 [pool-403-thread-1] INFO  server.RaftServerConfigKeys (ConfUtils.java:logGet(43)) - raft.server.log.purge.gap = 1000000 (custom)
2019-10-09 02:26:29,648 [pool-403-thread-1] INFO  server.RaftServerConfigKeys (ConfUtils.java:logGet(43)) - raft.server.log.appender.buffer.byte-limit = 33554432 (custom)
2019-10-09 02:26:29,648 [pool-403-thread-1] INFO  server.RaftServerConfigKeys (ConfUtils.java:logGet(43)) - raft.server.log.segment.size.max = 1048576 (custom)
2019-10-09 02:26:29,649 [pool-403-thread-1] INFO  server.RaftServerConfigKeys (ConfUtils.java:logGet(43)) - raft.server.log.segment.cache.num.max = 2 (custom)
2019-10-09 02:26:29,649 [pool-403-thread-1] INFO  segmented.SegmentedRaftLogWorker (SegmentedRaftLogWorker.java:<init>(173)) - new d51cab02-7f3d-4e5c-8223-8746c15674b1@group-0F071B1489EB-SegmentedRaftLogWorker for RaftStorage:Storage Directory /workdir/hadoop-ozone/integration-test/target/test-dir/MiniOzoneClusterImpl-d1ef5ec3-9c6f-4c51-8424-4bb1ae139615/datanode-2/data/ratis/c7a4d86b-1ab8-453f-b41a-0f071b1489eb
2019-10-09 02:26:29,649 [pool-403-thread-1] INFO  server.RaftServerConfigKeys (ConfUtils.java:logGet(43)) - raft.server.log.queue.byte-limit = 2147483647 (custom)
2019-10-09 02:26:29,649 [pool-403-thread-1] INFO  server.RaftServerConfigKeys (ConfUtils.java:logGet(43)) - raft.server.log.queue.element-limit = 1024 (custom)
2019-10-09 02:26:29,649 [pool-403-thread-1] INFO  server.RaftServerConfigKeys (ConfUtils.java:logGet(43)) - raft.server.log.segment.size.max = 1048576 (custom)
2019-10-09 02:26:29,649 [pool-403-thread-1] INFO  server.RaftServerConfigKeys (ConfUtils.java:logGet(43)) - raft.server.log.preallocated.size = 16384 (custom)
2019-10-09 02:26:29,649 [pool-403-thread-1] INFO  server.RaftServerConfigKeys (ConfUtils.java:logGet(43)) - raft.server.log.write.buffer.size = 33554432 (custom)
2019-10-09 02:26:29,649 [pool-403-thread-1] INFO  server.RaftServerConfigKeys (ConfUtils.java:logGet(43)) - raft.server.log.force.sync.num = 128 (default)
2019-10-09 02:26:29,650 [pool-403-thread-1] INFO  server.RaftServerConfigKeys (ConfUtils.java:logGet(43)) - raft.server.log.statemachine.data.sync = true (default)
2019-10-09 02:26:29,650 [pool-403-thread-1] INFO  server.RaftServerConfigKeys (ConfUtils.java:logGet(43)) - raft.server.log.statemachine.data.sync.timeout = 10s (default)
2019-10-09 02:26:29,650 [pool-403-thread-1] INFO  server.RaftServerConfigKeys (ConfUtils.java:logGet(43)) - raft.server.log.statemachine.data.sync.timeout.retry = -1 (default)
2019-10-09 02:26:29,650 [pool-403-thread-1] INFO  server.RaftServerConfigKeys (ConfUtils.java:logGet(43)) - raft.server.log.statemachine.data.caching.enabled = true (custom)
2019-10-09 02:26:29,650 [pool-403-thread-1] INFO  segmented.SegmentedRaftLogWorker (SegmentedRaftLogWorker.java:lambda$new$0(128)) - d51cab02-7f3d-4e5c-8223-8746c15674b1@group-0F071B1489EB-SegmentedRaftLogWorker: flushIndex: setUnconditionally 0 -> -1
2019-10-09 02:26:29,650 [pool-403-thread-1] INFO  server.RaftServerConfigKeys (ConfUtils.java:logGet(43)) - raft.server.snapshot.auto.trigger.enabled = true (custom)
2019-10-09 02:26:29,651 [pool-403-thread-1] INFO  server.RaftServerConfigKeys (ConfUtils.java:logGet(43)) - raft.server.snapshot.auto.trigger.threshold = 10000 (custom)
2019-10-09 02:26:29,651 [pool-403-thread-1] INFO  server.RaftServerConfigKeys (ConfUtils.java:logGet(43)) - raft.server.snapshot.retention.file.num = 5 (custom)
2019-10-09 02:26:29,651 [pool-403-thread-1] INFO  server.RaftServerConfigKeys (ConfUtils.java:logGet(43)) - raft.server.retrycache.expirytime = 600000ms (custom)
2019-10-09 02:26:29,652 [pool-403-thread-1] INFO  impl.RaftServerImpl (RaftServerImpl.java:start(181)) - d51cab02-7f3d-4e5c-8223-8746c15674b1@group-0F071B1489EB: start as a follower, conf=-1: [d51cab02-7f3d-4e5c-8223-8746c15674b1:192.168.151.114:39992], old=null
2019-10-09 02:26:29,652 [pool-403-thread-1] INFO  impl.RaftServerImpl (RaftServerImpl.java:setRole(170)) - d51cab02-7f3d-4e5c-8223-8746c15674b1@group-0F071B1489EB: changes role from      null to FOLLOWER at term 0 for startAsFollower
2019-10-09 02:26:29,652 [pool-403-thread-1] INFO  impl.RoleInfo (RoleInfo.java:updateAndGet(143)) - d51cab02-7f3d-4e5c-8223-8746c15674b1: start FollowerState
2019-10-09 02:26:29,652 [pool-403-thread-1] INFO  util.JmxRegister (JmxRegister.java:tryRegister(44)) - Successfully registered JMX Bean with object name Ratis:service=RaftServer,group=group-0F071B1489EB,id=d51cab02-7f3d-4e5c-8223-8746c15674b1
2019-10-09 02:26:29,655 [RatisPipelineUtilsThread] INFO  pipeline.PipelineStateManager (PipelineStateManager.java:addPipeline(56)) - Created pipeline Pipeline[ Id: c7a4d86b-1ab8-453f-b41a-0f071b1489eb, Nodes: d51cab02-7f3d-4e5c-8223-8746c15674b1{ip: 192.168.151.114, host: pr-hdds-2181-ddhv2-4067587365, networkLocation: /default-rack, certSerialId: null}, Type:RATIS, Factor:ONE, State:OPEN]
2019-10-09 02:26:29,672 [grpc-default-executor-5] INFO  impl.RaftServerProxy (RaftServerProxy.java:addNew(89)) - 9500ddf0-9643-45a9-8045-ab496982ad4d: addNew group-54FCA7217FD8:[286c369c-cc97-41b7-b5c3-ecd621b74e6f:192.168.151.114:35312, 9500ddf0-9643-45a9-8045-ab496982ad4d:192.168.151.114:41911, d51cab02-7f3d-4e5c-8223-8746c15674b1:192.168.151.114:39992] returns group-54FCA7217FD8:java.util.concurrent.CompletableFuture@68e13e16[Not completed]
2019-10-09 02:26:29,672 [grpc-default-executor-2] INFO  impl.RaftServerProxy (RaftServerProxy.java:addNew(89)) - 286c369c-cc97-41b7-b5c3-ecd621b74e6f: addNew group-54FCA7217FD8:[286c369c-cc97-41b7-b5c3-ecd621b74e6f:192.168.151.114:35312, 9500ddf0-9643-45a9-8045-ab496982ad4d:192.168.151.114:41911, d51cab02-7f3d-4e5c-8223-8746c15674b1:192.168.151.114:39992] returns group-54FCA7217FD8:java.util.concurrent.CompletableFuture@4e61c532[Not completed]
2019-10-09 02:26:29,674 [grpc-default-executor-0] INFO  impl.RaftServerProxy (RaftServerProxy.java:addNew(89)) - d51cab02-7f3d-4e5c-8223-8746c15674b1: addNew group-54FCA7217FD8:[286c369c-cc97-41b7-b5c3-ecd621b74e6f:192.168.151.114:35312, 9500ddf0-9643-45a9-8045-ab496982ad4d:192.168.151.114:41911, d51cab02-7f3d-4e5c-8223-8746c15674b1:192.168.151.114:39992] returns group-54FCA7217FD8:java.util.concurrent.CompletableFuture@74ce4740[Not completed]
2019-10-09 02:26:29,675 [pool-383-thread-1] INFO  impl.RaftServerImpl (RaftServerImpl.java:<init>(95)) - 286c369c-cc97-41b7-b5c3-ecd621b74e6f: new RaftServerImpl for group-54FCA7217FD8:[286c369c-cc97-41b7-b5c3-ecd621b74e6f:192.168.151.114:35312, 9500ddf0-9643-45a9-8045-ab496982ad4d:192.168.151.114:41911, d51cab02-7f3d-4e5c-8223-8746c15674b1:192.168.151.114:39992] with ContainerStateMachine:uninitialized
2019-10-09 02:26:29,675 [pool-383-thread-1] INFO  server.RaftServerConfigKeys (ConfUtils.java:logGet(43)) - raft.server.rpc.timeout.min = 5s (custom)
2019-10-09 02:26:29,675 [IPC Server handler 5 on 34398] INFO  net.NetworkTopology (NetworkTopologyImpl.java:add(111)) - Added a new node: /default-rack/1ba175d3-dd7a-48a9-9135-70d34c994ae2
2019-10-09 02:26:29,676 [pool-383-thread-1] INFO  server.RaftServerConfigKeys (ConfUtils.java:logGet(43)) - raft.server.rpc.timeout.max = 5200ms (custom)
2019-10-09 02:26:29,676 [IPC Server handler 5 on 34398] INFO  node.SCMNodeManager (SCMNodeManager.java:register(268)) - Registered Data node : 1ba175d3-dd7a-48a9-9135-70d34c994ae2{ip: 192.168.151.114, host: pr-hdds-2181-ddhv2-4067587365, networkLocation: /default-rack, certSerialId: null}
2019-10-09 02:26:29,676 [pool-383-thread-1] INFO  server.RaftServerConfigKeys (ConfUtils.java:logGet(43)) - raft.server.rpcslowness.timeout = 120s (custom)
2019-10-09 02:26:29,676 [pool-403-thread-1] INFO  impl.RaftServerImpl (RaftServerImpl.java:<init>(95)) - d51cab02-7f3d-4e5c-8223-8746c15674b1: new RaftServerImpl for group-54FCA7217FD8:[286c369c-cc97-41b7-b5c3-ecd621b74e6f:192.168.151.114:35312, 9500ddf0-9643-45a9-8045-ab496982ad4d:192.168.151.114:41911, d51cab02-7f3d-4e5c-8223-8746c15674b1:192.168.151.114:39992] with ContainerStateMachine:uninitialized
2019-10-09 02:26:29,676 [pool-383-thread-1] INFO  server.RaftServerConfigKeys (ConfUtils.java:logGet(43)) - raft.server.sleep.deviation.threshold = 300 (default)
2019-10-09 02:26:29,676 [pool-383-thread-1] INFO  server.RaftServerConfigKeys (ConfUtils.java:logGet(43)) - raft.server.log.appender.install.snapshot.enabled = false (custom)
2019-10-09 02:26:29,676 [pool-403-thread-1] INFO  server.RaftServerConfigKeys (ConfUtils.java:logGet(43)) - raft.server.rpc.timeout.min = 5s (custom)
2019-10-09 02:26:29,677 [pool-383-thread-1] INFO  impl.RaftServerImpl (ServerState.java:<init>(103)) - 286c369c-cc97-41b7-b5c3-ecd621b74e6f@group-54FCA7217FD8: ConfigurationManager, init=-1: [286c369c-cc97-41b7-b5c3-ecd621b74e6f:192.168.151.114:35312, 9500ddf0-9643-45a9-8045-ab496982ad4d:192.168.151.114:41911, d51cab02-7f3d-4e5c-8223-8746c15674b1:192.168.151.114:39992], old=null, confs=<EMPTY_MAP>
2019-10-09 02:26:29,677 [pool-403-thread-1] INFO  server.RaftServerConfigKeys (ConfUtils.java:logGet(43)) - raft.server.rpc.timeout.max = 5200ms (custom)
2019-10-09 02:26:29,677 [pool-393-thread-1] INFO  impl.RaftServerImpl (RaftServerImpl.java:<init>(95)) - 9500ddf0-9643-45a9-8045-ab496982ad4d: new RaftServerImpl for group-54FCA7217FD8:[286c369c-cc97-41b7-b5c3-ecd621b74e6f:192.168.151.114:35312, 9500ddf0-9643-45a9-8045-ab496982ad4d:192.168.151.114:41911, d51cab02-7f3d-4e5c-8223-8746c15674b1:192.168.151.114:39992] with ContainerStateMachine:uninitialized
2019-10-09 02:26:29,677 [pool-383-thread-1] INFO  server.RaftServerConfigKeys (ConfUtils.java:logGet(43)) - raft.server.storage.dir = [/workdir/hadoop-ozone/integration-test/target/test-dir/MiniOzoneClusterImpl-d1ef5ec3-9c6f-4c51-8424-4bb1ae139615/datanode-0/data/ratis] (custom)
2019-10-09 02:26:29,677 [pool-393-thread-1] INFO  server.RaftServerConfigKeys (ConfUtils.java:logGet(43)) - raft.server.rpc.timeout.min = 5s (custom)
2019-10-09 02:26:29,677 [pool-393-thread-1] INFO  server.RaftServerConfigKeys (ConfUtils.java:logGet(43)) - raft.server.rpc.timeout.max = 5200ms (custom)
2019-10-09 02:26:29,677 [pool-403-thread-1] INFO  server.RaftServerConfigKeys (ConfUtils.java:logGet(43)) - raft.server.rpcslowness.timeout = 120s (custom)
2019-10-09 02:26:29,677 [pool-393-thread-1] INFO  server.RaftServerConfigKeys (ConfUtils.java:logGet(43)) - raft.server.rpcslowness.timeout = 120s (custom)
2019-10-09 02:26:29,677 [pool-383-thread-1] INFO  server.RaftServerConfigKeys (ConfUtils.java:logGet(43)) - raft.server.log.corruption.policy = EXCEPTION (default)
2019-10-09 02:26:29,678 [pool-393-thread-1] INFO  server.RaftServerConfigKeys (ConfUtils.java:logGet(43)) - raft.server.sleep.deviation.threshold = 300 (default)
2019-10-09 02:26:29,678 [pool-383-thread-1] INFO  storage.RaftStorageDirectory (RaftStorageDirectory.java:analyzeStorage(246)) - The storage directory /workdir/hadoop-ozone/integration-test/target/test-dir/MiniOzoneClusterImpl-d1ef5ec3-9c6f-4c51-8424-4bb1ae139615/datanode-0/data/ratis/86ea75de-1c3d-4d5a-a138-54fca7217fd8 does not exist. Creating ...
2019-10-09 02:26:29,678 [pool-403-thread-1] INFO  server.RaftServerConfigKeys (ConfUtils.java:logGet(43)) - raft.server.sleep.deviation.threshold = 300 (default)
2019-10-09 02:26:29,678 [pool-393-thread-1] INFO  server.RaftServerConfigKeys (ConfUtils.java:logGet(43)) - raft.server.log.appender.install.snapshot.enabled = false (custom)
2019-10-09 02:26:29,678 [pool-403-thread-1] INFO  server.RaftServerConfigKeys (ConfUtils.java:logGet(43)) - raft.server.log.appender.install.snapshot.enabled = false (custom)
2019-10-09 02:26:29,678 [pool-393-thread-1] INFO  impl.RaftServerImpl (ServerState.java:<init>(103)) - 9500ddf0-9643-45a9-8045-ab496982ad4d@group-54FCA7217FD8: ConfigurationManager, init=-1: [286c369c-cc97-41b7-b5c3-ecd621b74e6f:192.168.151.114:35312, 9500ddf0-9643-45a9-8045-ab496982ad4d:192.168.151.114:41911, d51cab02-7f3d-4e5c-8223-8746c15674b1:192.168.151.114:39992], old=null, confs=<EMPTY_MAP>
2019-10-09 02:26:29,678 [pool-403-thread-1] INFO  impl.RaftServerImpl (ServerState.java:<init>(103)) - d51cab02-7f3d-4e5c-8223-8746c15674b1@group-54FCA7217FD8: ConfigurationManager, init=-1: [286c369c-cc97-41b7-b5c3-ecd621b74e6f:192.168.151.114:35312, 9500ddf0-9643-45a9-8045-ab496982ad4d:192.168.151.114:41911, d51cab02-7f3d-4e5c-8223-8746c15674b1:192.168.151.114:39992], old=null, confs=<EMPTY_MAP>
2019-10-09 02:26:29,678 [pool-393-thread-1] INFO  server.RaftServerConfigKeys (ConfUtils.java:logGet(43)) - raft.server.storage.dir = [/workdir/hadoop-ozone/integration-test/target/test-dir/MiniOzoneClusterImpl-d1ef5ec3-9c6f-4c51-8424-4bb1ae139615/datanode-1/data/ratis] (custom)
2019-10-09 02:26:29,679 [pool-403-thread-1] INFO  server.RaftServerConfigKeys (ConfUtils.java:logGet(43)) - raft.server.storage.dir = [/workdir/hadoop-ozone/integration-test/target/test-dir/MiniOzoneClusterImpl-d1ef5ec3-9c6f-4c51-8424-4bb1ae139615/datanode-2/data/ratis] (custom)
2019-10-09 02:26:29,679 [pool-393-thread-1] INFO  server.RaftServerConfigKeys (ConfUtils.java:logGet(43)) - raft.server.log.corruption.policy = EXCEPTION (default)
2019-10-09 02:26:29,679 [pool-403-thread-1] INFO  server.RaftServerConfigKeys (ConfUtils.java:logGet(43)) - raft.server.log.corruption.policy = EXCEPTION (default)
2019-10-09 02:26:29,679 [pool-393-thread-1] INFO  storage.RaftStorageDirectory (RaftStorageDirectory.java:analyzeStorage(246)) - The storage directory /workdir/hadoop-ozone/integration-test/target/test-dir/MiniOzoneClusterImpl-d1ef5ec3-9c6f-4c51-8424-4bb1ae139615/datanode-1/data/ratis/86ea75de-1c3d-4d5a-a138-54fca7217fd8 does not exist. Creating ...
2019-10-09 02:26:29,679 [pool-403-thread-1] INFO  storage.RaftStorageDirectory (RaftStorageDirectory.java:analyzeStorage(246)) - The storage directory /workdir/hadoop-ozone/integration-test/target/test-dir/MiniOzoneClusterImpl-d1ef5ec3-9c6f-4c51-8424-4bb1ae139615/datanode-2/data/ratis/86ea75de-1c3d-4d5a-a138-54fca7217fd8 does not exist. Creating ...
2019-10-09 02:26:29,691 [pool-383-thread-1] INFO  storage.RaftStorageDirectory (RaftStorageDirectory.java:tryLock(328)) - Lock on /workdir/hadoop-ozone/integration-test/target/test-dir/MiniOzoneClusterImpl-d1ef5ec3-9c6f-4c51-8424-4bb1ae139615/datanode-0/data/ratis/86ea75de-1c3d-4d5a-a138-54fca7217fd8/in_use.lock acquired by nodename 24477@pr-hdds-2181-ddhv2-4067587365
2019-10-09 02:26:29,691 [pool-403-thread-1] INFO  storage.RaftStorageDirectory (RaftStorageDirectory.java:tryLock(328)) - Lock on /workdir/hadoop-ozone/integration-test/target/test-dir/MiniOzoneClusterImpl-d1ef5ec3-9c6f-4c51-8424-4bb1ae139615/datanode-2/data/ratis/86ea75de-1c3d-4d5a-a138-54fca7217fd8/in_use.lock acquired by nodename 24477@pr-hdds-2181-ddhv2-4067587365
2019-10-09 02:26:29,691 [pool-393-thread-1] INFO  storage.RaftStorageDirectory (RaftStorageDirectory.java:tryLock(328)) - Lock on /workdir/hadoop-ozone/integration-test/target/test-dir/MiniOzoneClusterImpl-d1ef5ec3-9c6f-4c51-8424-4bb1ae139615/datanode-1/data/ratis/86ea75de-1c3d-4d5a-a138-54fca7217fd8/in_use.lock acquired by nodename 24477@pr-hdds-2181-ddhv2-4067587365
2019-10-09 02:26:29,705 [pool-383-thread-1] INFO  storage.RaftStorage (RaftStorage.java:format(84)) - Storage directory /workdir/hadoop-ozone/integration-test/target/test-dir/MiniOzoneClusterImpl-d1ef5ec3-9c6f-4c51-8424-4bb1ae139615/datanode-0/data/ratis/86ea75de-1c3d-4d5a-a138-54fca7217fd8 has been successfully formatted.
2019-10-09 02:26:29,705 [pool-403-thread-1] INFO  storage.RaftStorage (RaftStorage.java:format(84)) - Storage directory /workdir/hadoop-ozone/integration-test/target/test-dir/MiniOzoneClusterImpl-d1ef5ec3-9c6f-4c51-8424-4bb1ae139615/datanode-2/data/ratis/86ea75de-1c3d-4d5a-a138-54fca7217fd8 has been successfully formatted.
2019-10-09 02:26:29,705 [pool-393-thread-1] INFO  storage.RaftStorage (RaftStorage.java:format(84)) - Storage directory /workdir/hadoop-ozone/integration-test/target/test-dir/MiniOzoneClusterImpl-d1ef5ec3-9c6f-4c51-8424-4bb1ae139615/datanode-1/data/ratis/86ea75de-1c3d-4d5a-a138-54fca7217fd8 has been successfully formatted.
2019-10-09 02:26:29,706 [pool-403-thread-1] INFO  ratis.ContainerStateMachine (ContainerStateMachine.java:loadSnapshot(231)) - group-54FCA7217FD8: The snapshot info is null. Setting the last applied indexto:(t:0, i:~)
2019-10-09 02:26:29,705 [pool-383-thread-1] INFO  ratis.ContainerStateMachine (ContainerStateMachine.java:loadSnapshot(231)) - group-54FCA7217FD8: The snapshot info is null. Setting the last applied indexto:(t:0, i:~)
2019-10-09 02:26:29,706 [pool-403-thread-1] INFO  server.RaftServerConfigKeys (ConfUtils.java:logGet(43)) - raft.server.notification.no-leader.timeout = 120s (custom)
2019-10-09 02:26:29,706 [pool-393-thread-1] INFO  ratis.ContainerStateMachine (ContainerStateMachine.java:loadSnapshot(231)) - group-54FCA7217FD8: The snapshot info is null. Setting the last applied indexto:(t:0, i:~)
2019-10-09 02:26:29,706 [pool-403-thread-1] INFO  server.RaftServerConfigKeys (ConfUtils.java:logGet(43)) - raft.server.log.use.memory = false (default)
2019-10-09 02:26:29,706 [pool-383-thread-1] INFO  server.RaftServerConfigKeys (ConfUtils.java:logGet(43)) - raft.server.notification.no-leader.timeout = 120s (custom)
2019-10-09 02:26:29,706 [pool-403-thread-1] INFO  server.RaftServerConfigKeys (ConfUtils.java:logGet(43)) - raft.server.log.purge.gap = 1000000 (custom)
2019-10-09 02:26:29,706 [pool-393-thread-1] INFO  server.RaftServerConfigKeys (ConfUtils.java:logGet(43)) - raft.server.notification.no-leader.timeout = 120s (custom)
2019-10-09 02:26:29,707 [pool-403-thread-1] INFO  server.RaftServerConfigKeys (ConfUtils.java:logGet(43)) - raft.server.log.appender.buffer.byte-limit = 33554432 (custom)
2019-10-09 02:26:29,706 [pool-383-thread-1] INFO  server.RaftServerConfigKeys (ConfUtils.java:logGet(43)) - raft.server.log.use.memory = false (default)
2019-10-09 02:26:29,707 [pool-403-thread-1] INFO  server.RaftServerConfigKeys (ConfUtils.java:logGet(43)) - raft.server.log.segment.size.max = 1048576 (custom)
2019-10-09 02:26:29,707 [pool-393-thread-1] INFO  server.RaftServerConfigKeys (ConfUtils.java:logGet(43)) - raft.server.log.use.memory = false (default)
2019-10-09 02:26:29,707 [pool-403-thread-1] INFO  server.RaftServerConfigKeys (ConfUtils.java:logGet(43)) - raft.server.log.segment.cache.num.max = 2 (custom)
2019-10-09 02:26:29,707 [pool-383-thread-1] INFO  server.RaftServerConfigKeys (ConfUtils.java:logGet(43)) - raft.server.log.purge.gap = 1000000 (custom)
2019-10-09 02:26:29,708 [pool-403-thread-1] INFO  segmented.SegmentedRaftLogWorker (SegmentedRaftLogWorker.java:<init>(173)) - new d51cab02-7f3d-4e5c-8223-8746c15674b1@group-54FCA7217FD8-SegmentedRaftLogWorker for RaftStorage:Storage Directory /workdir/hadoop-ozone/integration-test/target/test-dir/MiniOzoneClusterImpl-d1ef5ec3-9c6f-4c51-8424-4bb1ae139615/datanode-2/data/ratis/86ea75de-1c3d-4d5a-a138-54fca7217fd8
2019-10-09 02:26:29,707 [pool-393-thread-1] INFO  server.RaftServerConfigKeys (ConfUtils.java:logGet(43)) - raft.server.log.purge.gap = 1000000 (custom)
2019-10-09 02:26:29,708 [pool-403-thread-1] INFO  server.RaftServerConfigKeys (ConfUtils.java:logGet(43)) - raft.server.log.queue.byte-limit = 2147483647 (custom)
2019-10-09 02:26:29,708 [pool-383-thread-1] INFO  server.RaftServerConfigKeys (ConfUtils.java:logGet(43)) - raft.server.log.appender.buffer.byte-limit = 33554432 (custom)
2019-10-09 02:26:29,708 [pool-403-thread-1] INFO  server.RaftServerConfigKeys (ConfUtils.java:logGet(43)) - raft.server.log.queue.element-limit = 1024 (custom)
2019-10-09 02:26:29,708 [pool-393-thread-1] INFO  server.RaftServerConfigKeys (ConfUtils.java:logGet(43)) - raft.server.log.appender.buffer.byte-limit = 33554432 (custom)
2019-10-09 02:26:29,708 [pool-403-thread-1] INFO  server.RaftServerConfigKeys (ConfUtils.java:logGet(43)) - raft.server.log.segment.size.max = 1048576 (custom)
2019-10-09 02:26:29,708 [pool-383-thread-1] INFO  server.RaftServerConfigKeys (ConfUtils.java:logGet(43)) - raft.server.log.segment.size.max = 1048576 (custom)
2019-10-09 02:26:29,709 [pool-403-thread-1] INFO  server.RaftServerConfigKeys (ConfUtils.java:logGet(43)) - raft.server.log.preallocated.size = 16384 (custom)
2019-10-09 02:26:29,708 [pool-393-thread-1] INFO  server.RaftServerConfigKeys (ConfUtils.java:logGet(43)) - raft.server.log.segment.size.max = 1048576 (custom)
2019-10-09 02:26:29,709 [pool-403-thread-1] INFO  server.RaftServerConfigKeys (ConfUtils.java:logGet(43)) - raft.server.log.write.buffer.size = 33554432 (custom)
2019-10-09 02:26:29,709 [pool-383-thread-1] INFO  server.RaftServerConfigKeys (ConfUtils.java:logGet(43)) - raft.server.log.segment.cache.num.max = 2 (custom)
2019-10-09 02:26:29,709 [pool-403-thread-1] INFO  server.RaftServerConfigKeys (ConfUtils.java:logGet(43)) - raft.server.log.force.sync.num = 128 (default)
2019-10-09 02:26:29,709 [pool-393-thread-1] INFO  server.RaftServerConfigKeys (ConfUtils.java:logGet(43)) - raft.server.log.segment.cache.num.max = 2 (custom)
2019-10-09 02:26:29,710 [pool-403-thread-1] INFO  server.RaftServerConfigKeys (ConfUtils.java:logGet(43)) - raft.server.log.statemachine.data.sync = true (default)
2019-10-09 02:26:29,709 [pool-383-thread-1] INFO  segmented.SegmentedRaftLogWorker (SegmentedRaftLogWorker.java:<init>(173)) - new 286c369c-cc97-41b7-b5c3-ecd621b74e6f@group-54FCA7217FD8-SegmentedRaftLogWorker for RaftStorage:Storage Directory /workdir/hadoop-ozone/integration-test/target/test-dir/MiniOzoneClusterImpl-d1ef5ec3-9c6f-4c51-8424-4bb1ae139615/datanode-0/data/ratis/86ea75de-1c3d-4d5a-a138-54fca7217fd8
2019-10-09 02:26:29,710 [pool-403-thread-1] INFO  server.RaftServerConfigKeys (ConfUtils.java:logGet(43)) - raft.server.log.statemachine.data.sync.timeout = 10s (default)
2019-10-09 02:26:29,710 [pool-393-thread-1] INFO  segmented.SegmentedRaftLogWorker (SegmentedRaftLogWorker.java:<init>(173)) - new 9500ddf0-9643-45a9-8045-ab496982ad4d@group-54FCA7217FD8-SegmentedRaftLogWorker for RaftStorage:Storage Directory /workdir/hadoop-ozone/integration-test/target/test-dir/MiniOzoneClusterImpl-d1ef5ec3-9c6f-4c51-8424-4bb1ae139615/datanode-1/data/ratis/86ea75de-1c3d-4d5a-a138-54fca7217fd8
2019-10-09 02:26:29,710 [pool-403-thread-1] INFO  server.RaftServerConfigKeys (ConfUtils.java:logGet(43)) - raft.server.log.statemachine.data.sync.timeout.retry = -1 (default)
2019-10-09 02:26:29,710 [pool-383-thread-1] INFO  server.RaftServerConfigKeys (ConfUtils.java:logGet(43)) - raft.server.log.queue.byte-limit = 2147483647 (custom)
2019-10-09 02:26:29,711 [pool-403-thread-1] INFO  server.RaftServerConfigKeys (ConfUtils.java:logGet(43)) - raft.server.log.statemachine.data.caching.enabled = true (custom)
2019-10-09 02:26:29,710 [pool-393-thread-1] INFO  server.RaftServerConfigKeys (ConfUtils.java:logGet(43)) - raft.server.log.queue.byte-limit = 2147483647 (custom)
2019-10-09 02:26:29,711 [pool-383-thread-1] INFO  server.RaftServerConfigKeys (ConfUtils.java:logGet(43)) - raft.server.log.queue.element-limit = 1024 (custom)
2019-10-09 02:26:29,711 [pool-393-thread-1] INFO  server.RaftServerConfigKeys (ConfUtils.java:logGet(43)) - raft.server.log.queue.element-limit = 1024 (custom)
2019-10-09 02:26:29,711 [pool-403-thread-1] INFO  segmented.SegmentedRaftLogWorker (SegmentedRaftLogWorker.java:lambda$new$0(128)) - d51cab02-7f3d-4e5c-8223-8746c15674b1@group-54FCA7217FD8-SegmentedRaftLogWorker: flushIndex: setUnconditionally 0 -> -1
2019-10-09 02:26:29,711 [pool-383-thread-1] INFO  server.RaftServerConfigKeys (ConfUtils.java:logGet(43)) - raft.server.log.segment.size.max = 1048576 (custom)
2019-10-09 02:26:29,711 [pool-393-thread-1] INFO  server.RaftServerConfigKeys (ConfUtils.java:logGet(43)) - raft.server.log.segment.size.max = 1048576 (custom)
2019-10-09 02:26:29,711 [pool-383-thread-1] INFO  server.RaftServerConfigKeys (ConfUtils.java:logGet(43)) - raft.server.log.preallocated.size = 16384 (custom)
2019-10-09 02:26:29,712 [pool-393-thread-1] INFO  server.RaftServerConfigKeys (ConfUtils.java:logGet(43)) - raft.server.log.preallocated.size = 16384 (custom)
2019-10-09 02:26:29,712 [pool-383-thread-1] INFO  server.RaftServerConfigKeys (ConfUtils.java:logGet(43)) - raft.server.log.write.buffer.size = 33554432 (custom)
2019-10-09 02:26:29,712 [pool-403-thread-1] INFO  server.RaftServerConfigKeys (ConfUtils.java:logGet(43)) - raft.server.snapshot.auto.trigger.enabled = true (custom)
2019-10-09 02:26:29,712 [pool-383-thread-1] INFO  server.RaftServerConfigKeys (ConfUtils.java:logGet(43)) - raft.server.log.force.sync.num = 128 (default)
2019-10-09 02:26:29,712 [pool-393-thread-1] INFO  server.RaftServerConfigKeys (ConfUtils.java:logGet(43)) - raft.server.log.write.buffer.size = 33554432 (custom)
2019-10-09 02:26:29,712 [pool-383-thread-1] INFO  server.RaftServerConfigKeys (ConfUtils.java:logGet(43)) - raft.server.log.statemachine.data.sync = true (default)
2019-10-09 02:26:29,712 [pool-403-thread-1] INFO  server.RaftServerConfigKeys (ConfUtils.java:logGet(43)) - raft.server.snapshot.auto.trigger.threshold = 10000 (custom)
2019-10-09 02:26:29,712 [pool-383-thread-1] INFO  server.RaftServerConfigKeys (ConfUtils.java:logGet(43)) - raft.server.log.statemachine.data.sync.timeout = 10s (default)
2019-10-09 02:26:29,712 [pool-393-thread-1] INFO  server.RaftServerConfigKeys (ConfUtils.java:logGet(43)) - raft.server.log.force.sync.num = 128 (default)
2019-10-09 02:26:29,713 [pool-383-thread-1] INFO  server.RaftServerConfigKeys (ConfUtils.java:logGet(43)) - raft.server.log.statemachine.data.sync.timeout.retry = -1 (default)
2019-10-09 02:26:29,713 [pool-403-thread-1] INFO  server.RaftServerConfigKeys (ConfUtils.java:logGet(43)) - raft.server.snapshot.retention.file.num = 5 (custom)
2019-10-09 02:26:29,713 [pool-383-thread-1] INFO  server.RaftServerConfigKeys (ConfUtils.java:logGet(43)) - raft.server.log.statemachine.data.caching.enabled = true (custom)
2019-10-09 02:26:29,713 [pool-393-thread-1] INFO  server.RaftServerConfigKeys (ConfUtils.java:logGet(43)) - raft.server.log.statemachine.data.sync = true (default)
2019-10-09 02:26:29,713 [pool-383-thread-1] INFO  segmented.SegmentedRaftLogWorker (SegmentedRaftLogWorker.java:lambda$new$0(128)) - 286c369c-cc97-41b7-b5c3-ecd621b74e6f@group-54FCA7217FD8-SegmentedRaftLogWorker: flushIndex: setUnconditionally 0 -> -1
2019-10-09 02:26:29,713 [pool-403-thread-1] INFO  server.RaftServerConfigKeys (ConfUtils.java:logGet(43)) - raft.server.retrycache.expirytime = 600000ms (custom)
2019-10-09 02:26:29,714 [pool-383-thread-1] INFO  server.RaftServerConfigKeys (ConfUtils.java:logGet(43)) - raft.server.snapshot.auto.trigger.enabled = true (custom)
2019-10-09 02:26:29,713 [pool-393-thread-1] INFO  server.RaftServerConfigKeys (ConfUtils.java:logGet(43)) - raft.server.log.statemachine.data.sync.timeout = 10s (default)
2019-10-09 02:26:29,714 [pool-383-thread-1] INFO  server.RaftServerConfigKeys (ConfUtils.java:logGet(43)) - raft.server.snapshot.auto.trigger.threshold = 10000 (custom)
2019-10-09 02:26:29,714 [pool-393-thread-1] INFO  server.RaftServerConfigKeys (ConfUtils.java:logGet(43)) - raft.server.log.statemachine.data.sync.timeout.retry = -1 (default)
2019-10-09 02:26:29,714 [pool-383-thread-1] INFO  server.RaftServerConfigKeys (ConfUtils.java:logGet(43)) - raft.server.snapshot.retention.file.num = 5 (custom)
2019-10-09 02:26:29,714 [pool-383-thread-1] INFO  server.RaftServerConfigKeys (ConfUtils.java:logGet(43)) - raft.server.retrycache.expirytime = 600000ms (custom)
2019-10-09 02:26:29,714 [pool-393-thread-1] INFO  server.RaftServerConfigKeys (ConfUtils.java:logGet(43)) - raft.server.log.statemachine.data.caching.enabled = true (custom)
2019-10-09 02:26:29,715 [pool-393-thread-1] INFO  segmented.SegmentedRaftLogWorker (SegmentedRaftLogWorker.java:lambda$new$0(128)) - 9500ddf0-9643-45a9-8045-ab496982ad4d@group-54FCA7217FD8-SegmentedRaftLogWorker: flushIndex: setUnconditionally 0 -> -1
2019-10-09 02:26:29,715 [pool-393-thread-1] INFO  server.RaftServerConfigKeys (ConfUtils.java:logGet(43)) - raft.server.snapshot.auto.trigger.enabled = true (custom)
2019-10-09 02:26:29,715 [pool-393-thread-1] INFO  server.RaftServerConfigKeys (ConfUtils.java:logGet(43)) - raft.server.snapshot.auto.trigger.threshold = 10000 (custom)
2019-10-09 02:26:29,715 [pool-393-thread-1] INFO  server.RaftServerConfigKeys (ConfUtils.java:logGet(43)) - raft.server.snapshot.retention.file.num = 5 (custom)
2019-10-09 02:26:29,715 [pool-393-thread-1] INFO  server.RaftServerConfigKeys (ConfUtils.java:logGet(43)) - raft.server.retrycache.expirytime = 600000ms (custom)
2019-10-09 02:26:29,716 [pool-403-thread-1] INFO  impl.RaftServerImpl (RaftServerImpl.java:start(181)) - d51cab02-7f3d-4e5c-8223-8746c15674b1@group-54FCA7217FD8: start as a follower, conf=-1: [286c369c-cc97-41b7-b5c3-ecd621b74e6f:192.168.151.114:35312, 9500ddf0-9643-45a9-8045-ab496982ad4d:192.168.151.114:41911, d51cab02-7f3d-4e5c-8223-8746c15674b1:192.168.151.114:39992], old=null
2019-10-09 02:26:29,717 [pool-403-thread-1] INFO  impl.RaftServerImpl (RaftServerImpl.java:setRole(170)) - d51cab02-7f3d-4e5c-8223-8746c15674b1@group-54FCA7217FD8: changes role from      null to FOLLOWER at term 0 for startAsFollower
2019-10-09 02:26:29,717 [pool-403-thread-1] INFO  impl.RoleInfo (RoleInfo.java:updateAndGet(143)) - d51cab02-7f3d-4e5c-8223-8746c15674b1: start FollowerState
2019-10-09 02:26:29,717 [pool-403-thread-1] INFO  util.JmxRegister (JmxRegister.java:tryRegister(44)) - Successfully registered JMX Bean with object name Ratis:service=RaftServer,group=group-54FCA7217FD8,id=d51cab02-7f3d-4e5c-8223-8746c15674b1
2019-10-09 02:26:29,717 [pool-383-thread-1] INFO  impl.RaftServerImpl (RaftServerImpl.java:start(181)) - 286c369c-cc97-41b7-b5c3-ecd621b74e6f@group-54FCA7217FD8: start as a follower, conf=-1: [286c369c-cc97-41b7-b5c3-ecd621b74e6f:192.168.151.114:35312, 9500ddf0-9643-45a9-8045-ab496982ad4d:192.168.151.114:41911, d51cab02-7f3d-4e5c-8223-8746c15674b1:192.168.151.114:39992], old=null
2019-10-09 02:26:29,717 [pool-383-thread-1] INFO  impl.RaftServerImpl (RaftServerImpl.java:setRole(170)) - 286c369c-cc97-41b7-b5c3-ecd621b74e6f@group-54FCA7217FD8: changes role from      null to FOLLOWER at term 0 for startAsFollower
2019-10-09 02:26:29,718 [pool-383-thread-1] INFO  impl.RoleInfo (RoleInfo.java:updateAndGet(143)) - 286c369c-cc97-41b7-b5c3-ecd621b74e6f: start FollowerState
2019-10-09 02:26:29,718 [pool-393-thread-1] INFO  impl.RaftServerImpl (RaftServerImpl.java:start(181)) - 9500ddf0-9643-45a9-8045-ab496982ad4d@group-54FCA7217FD8: start as a follower, conf=-1: [286c369c-cc97-41b7-b5c3-ecd621b74e6f:192.168.151.114:35312, 9500ddf0-9643-45a9-8045-ab496982ad4d:192.168.151.114:41911, d51cab02-7f3d-4e5c-8223-8746c15674b1:192.168.151.114:39992], old=null
2019-10-09 02:26:29,718 [pool-393-thread-1] INFO  impl.RaftServerImpl (RaftServerImpl.java:setRole(170)) - 9500ddf0-9643-45a9-8045-ab496982ad4d@group-54FCA7217FD8: changes role from      null to FOLLOWER at term 0 for startAsFollower
2019-10-09 02:26:29,718 [pool-383-thread-1] INFO  util.JmxRegister (JmxRegister.java:tryRegister(44)) - Successfully registered JMX Bean with object name Ratis:service=RaftServer,group=group-54FCA7217FD8,id=286c369c-cc97-41b7-b5c3-ecd621b74e6f
2019-10-09 02:26:29,718 [pool-393-thread-1] INFO  impl.RoleInfo (RoleInfo.java:updateAndGet(143)) - 9500ddf0-9643-45a9-8045-ab496982ad4d: start FollowerState
2019-10-09 02:26:29,718 [pool-393-thread-1] INFO  util.JmxRegister (JmxRegister.java:tryRegister(44)) - Successfully registered JMX Bean with object name Ratis:service=RaftServer,group=group-54FCA7217FD8,id=9500ddf0-9643-45a9-8045-ab496982ad4d
2019-10-09 02:26:29,724 [RatisPipelineUtilsThread] INFO  pipeline.PipelineStateManager (PipelineStateManager.java:addPipeline(56)) - Created pipeline Pipeline[ Id: 86ea75de-1c3d-4d5a-a138-54fca7217fd8, Nodes: 9500ddf0-9643-45a9-8045-ab496982ad4d{ip: 192.168.151.114, host: pr-hdds-2181-ddhv2-4067587365, networkLocation: /default-rack, certSerialId: null}286c369c-cc97-41b7-b5c3-ecd621b74e6f{ip: 192.168.151.114, host: pr-hdds-2181-ddhv2-4067587365, networkLocation: /default-rack, certSerialId: null}d51cab02-7f3d-4e5c-8223-8746c15674b1{ip: 192.168.151.114, host: pr-hdds-2181-ddhv2-4067587365, networkLocation: /default-rack, certSerialId: null}, Type:RATIS, Factor:THREE, State:OPEN]
2019-10-09 02:26:29,740 [IPC Server handler 6 on 34398] INFO  net.NetworkTopology (NetworkTopologyImpl.java:add(111)) - Added a new node: /default-rack/2bc18a31-8b04-4456-80dd-2532d43eaadf
2019-10-09 02:26:29,740 [IPC Server handler 6 on 34398] INFO  node.SCMNodeManager (SCMNodeManager.java:register(268)) - Registered Data node : 2bc18a31-8b04-4456-80dd-2532d43eaadf{ip: 192.168.151.114, host: pr-hdds-2181-ddhv2-4067587365, networkLocation: /default-rack, certSerialId: null}
2019-10-09 02:26:29,750 [grpc-default-executor-0] INFO  impl.RaftServerProxy (RaftServerProxy.java:addNew(89)) - 1ba175d3-dd7a-48a9-9135-70d34c994ae2: addNew group-DD55FA7C2D0F:[1ba175d3-dd7a-48a9-9135-70d34c994ae2:192.168.151.114:40794] returns group-DD55FA7C2D0F:java.util.concurrent.CompletableFuture@31e6c5a0[Not completed]
2019-10-09 02:26:29,751 [pool-413-thread-1] INFO  impl.RaftServerImpl (RaftServerImpl.java:<init>(95)) - 1ba175d3-dd7a-48a9-9135-70d34c994ae2: new RaftServerImpl for group-DD55FA7C2D0F:[1ba175d3-dd7a-48a9-9135-70d34c994ae2:192.168.151.114:40794] with ContainerStateMachine:uninitialized
2019-10-09 02:26:29,751 [pool-413-thread-1] INFO  server.RaftServerConfigKeys (ConfUtils.java:logGet(43)) - raft.server.rpc.timeout.min = 5s (custom)
2019-10-09 02:26:29,751 [pool-413-thread-1] INFO  server.RaftServerConfigKeys (ConfUtils.java:logGet(43)) - raft.server.rpc.timeout.max = 5200ms (custom)
2019-10-09 02:26:29,751 [pool-413-thread-1] INFO  server.RaftServerConfigKeys (ConfUtils.java:logGet(43)) - raft.server.rpcslowness.timeout = 120s (custom)
2019-10-09 02:26:29,752 [pool-413-thread-1] INFO  server.RaftServerConfigKeys (ConfUtils.java:logGet(43)) - raft.server.sleep.deviation.threshold = 300 (default)
2019-10-09 02:26:29,752 [pool-413-thread-1] INFO  server.RaftServerConfigKeys (ConfUtils.java:logGet(43)) - raft.server.log.appender.install.snapshot.enabled = false (custom)
2019-10-09 02:26:29,752 [pool-413-thread-1] INFO  impl.RaftServerImpl (ServerState.java:<init>(103)) - 1ba175d3-dd7a-48a9-9135-70d34c994ae2@group-DD55FA7C2D0F: ConfigurationManager, init=-1: [1ba175d3-dd7a-48a9-9135-70d34c994ae2:192.168.151.114:40794], old=null, confs=<EMPTY_MAP>
2019-10-09 02:26:29,752 [pool-413-thread-1] INFO  server.RaftServerConfigKeys (ConfUtils.java:logGet(43)) - raft.server.storage.dir = [/workdir/hadoop-ozone/integration-test/target/test-dir/MiniOzoneClusterImpl-d1ef5ec3-9c6f-4c51-8424-4bb1ae139615/datanode-3/data/ratis] (custom)
2019-10-09 02:26:29,752 [pool-413-thread-1] INFO  server.RaftServerConfigKeys (ConfUtils.java:logGet(43)) - raft.server.log.corruption.policy = EXCEPTION (default)
2019-10-09 02:26:29,752 [pool-413-thread-1] INFO  storage.RaftStorageDirectory (RaftStorageDirectory.java:analyzeStorage(246)) - The storage directory /workdir/hadoop-ozone/integration-test/target/test-dir/MiniOzoneClusterImpl-d1ef5ec3-9c6f-4c51-8424-4bb1ae139615/datanode-3/data/ratis/58933c95-1934-44d3-9b9b-dd55fa7c2d0f does not exist. Creating ...
2019-10-09 02:26:29,765 [pool-413-thread-1] INFO  storage.RaftStorageDirectory (RaftStorageDirectory.java:tryLock(328)) - Lock on /workdir/hadoop-ozone/integration-test/target/test-dir/MiniOzoneClusterImpl-d1ef5ec3-9c6f-4c51-8424-4bb1ae139615/datanode-3/data/ratis/58933c95-1934-44d3-9b9b-dd55fa7c2d0f/in_use.lock acquired by nodename 24477@pr-hdds-2181-ddhv2-4067587365
2019-10-09 02:26:29,778 [pool-413-thread-1] INFO  storage.RaftStorage (RaftStorage.java:format(84)) - Storage directory /workdir/hadoop-ozone/integration-test/target/test-dir/MiniOzoneClusterImpl-d1ef5ec3-9c6f-4c51-8424-4bb1ae139615/datanode-3/data/ratis/58933c95-1934-44d3-9b9b-dd55fa7c2d0f has been successfully formatted.
2019-10-09 02:26:29,778 [pool-413-thread-1] INFO  ratis.ContainerStateMachine (ContainerStateMachine.java:loadSnapshot(231)) - group-DD55FA7C2D0F: The snapshot info is null. Setting the last applied indexto:(t:0, i:~)
2019-10-09 02:26:29,778 [pool-413-thread-1] INFO  server.RaftServerConfigKeys (ConfUtils.java:logGet(43)) - raft.server.notification.no-leader.timeout = 120s (custom)
2019-10-09 02:26:29,778 [pool-413-thread-1] INFO  server.RaftServerConfigKeys (ConfUtils.java:logGet(43)) - raft.server.log.use.memory = false (default)
2019-10-09 02:26:29,778 [pool-413-thread-1] INFO  server.RaftServerConfigKeys (ConfUtils.java:logGet(43)) - raft.server.log.purge.gap = 1000000 (custom)
2019-10-09 02:26:29,779 [pool-413-thread-1] INFO  server.RaftServerConfigKeys (ConfUtils.java:logGet(43)) - raft.server.log.appender.buffer.byte-limit = 33554432 (custom)
2019-10-09 02:26:29,779 [pool-413-thread-1] INFO  server.RaftServerConfigKeys (ConfUtils.java:logGet(43)) - raft.server.log.segment.size.max = 1048576 (custom)
2019-10-09 02:26:29,780 [pool-413-thread-1] INFO  server.RaftServerConfigKeys (ConfUtils.java:logGet(43)) - raft.server.log.segment.cache.num.max = 2 (custom)
2019-10-09 02:26:29,780 [pool-413-thread-1] INFO  segmented.SegmentedRaftLogWorker (SegmentedRaftLogWorker.java:<init>(173)) - new 1ba175d3-dd7a-48a9-9135-70d34c994ae2@group-DD55FA7C2D0F-SegmentedRaftLogWorker for RaftStorage:Storage Directory /workdir/hadoop-ozone/integration-test/target/test-dir/MiniOzoneClusterImpl-d1ef5ec3-9c6f-4c51-8424-4bb1ae139615/datanode-3/data/ratis/58933c95-1934-44d3-9b9b-dd55fa7c2d0f
2019-10-09 02:26:29,780 [pool-413-thread-1] INFO  server.RaftServerConfigKeys (ConfUtils.java:logGet(43)) - raft.server.log.queue.byte-limit = 2147483647 (custom)
2019-10-09 02:26:29,781 [pool-413-thread-1] INFO  server.RaftServerConfigKeys (ConfUtils.java:logGet(43)) - raft.server.log.queue.element-limit = 1024 (custom)
2019-10-09 02:26:29,781 [pool-413-thread-1] INFO  server.RaftServerConfigKeys (ConfUtils.java:logGet(43)) - raft.server.log.segment.size.max = 1048576 (custom)
2019-10-09 02:26:29,781 [pool-413-thread-1] INFO  server.RaftServerConfigKeys (ConfUtils.java:logGet(43)) - raft.server.log.preallocated.size = 16384 (custom)
2019-10-09 02:26:29,781 [pool-413-thread-1] INFO  server.RaftServerConfigKeys (ConfUtils.java:logGet(43)) - raft.server.log.write.buffer.size = 33554432 (custom)
2019-10-09 02:26:29,781 [pool-413-thread-1] INFO  server.RaftServerConfigKeys (ConfUtils.java:logGet(43)) - raft.server.log.force.sync.num = 128 (default)
2019-10-09 02:26:29,781 [pool-413-thread-1] INFO  server.RaftServerConfigKeys (ConfUtils.java:logGet(43)) - raft.server.log.statemachine.data.sync = true (default)
2019-10-09 02:26:29,781 [pool-413-thread-1] INFO  server.RaftServerConfigKeys (ConfUtils.java:logGet(43)) - raft.server.log.statemachine.data.sync.timeout = 10s (default)
2019-10-09 02:26:29,781 [pool-413-thread-1] INFO  server.RaftServerConfigKeys (ConfUtils.java:logGet(43)) - raft.server.log.statemachine.data.sync.timeout.retry = -1 (default)
2019-10-09 02:26:29,782 [pool-413-thread-1] INFO  server.RaftServerConfigKeys (ConfUtils.java:logGet(43)) - raft.server.log.statemachine.data.caching.enabled = true (custom)
2019-10-09 02:26:29,782 [pool-413-thread-1] INFO  segmented.SegmentedRaftLogWorker (SegmentedRaftLogWorker.java:lambda$new$0(128)) - 1ba175d3-dd7a-48a9-9135-70d34c994ae2@group-DD55FA7C2D0F-SegmentedRaftLogWorker: flushIndex: setUnconditionally 0 -> -1
2019-10-09 02:26:29,782 [pool-413-thread-1] INFO  server.RaftServerConfigKeys (ConfUtils.java:logGet(43)) - raft.server.snapshot.auto.trigger.enabled = true (custom)
2019-10-09 02:26:29,782 [pool-413-thread-1] INFO  server.RaftServerConfigKeys (ConfUtils.java:logGet(43)) - raft.server.snapshot.auto.trigger.threshold = 10000 (custom)
2019-10-09 02:26:29,782 [pool-413-thread-1] INFO  server.RaftServerConfigKeys (ConfUtils.java:logGet(43)) - raft.server.snapshot.retention.file.num = 5 (custom)
2019-10-09 02:26:29,782 [pool-413-thread-1] INFO  server.RaftServerConfigKeys (ConfUtils.java:logGet(43)) - raft.server.retrycache.expirytime = 600000ms (custom)
2019-10-09 02:26:29,784 [pool-413-thread-1] INFO  impl.RaftServerImpl (RaftServerImpl.java:start(181)) - 1ba175d3-dd7a-48a9-9135-70d34c994ae2@group-DD55FA7C2D0F: start as a follower, conf=-1: [1ba175d3-dd7a-48a9-9135-70d34c994ae2:192.168.151.114:40794], old=null
2019-10-09 02:26:29,784 [pool-413-thread-1] INFO  impl.RaftServerImpl (RaftServerImpl.java:setRole(170)) - 1ba175d3-dd7a-48a9-9135-70d34c994ae2@group-DD55FA7C2D0F: changes role from      null to FOLLOWER at term 0 for startAsFollower
2019-10-09 02:26:29,784 [pool-413-thread-1] INFO  impl.RoleInfo (RoleInfo.java:updateAndGet(143)) - 1ba175d3-dd7a-48a9-9135-70d34c994ae2: start FollowerState
2019-10-09 02:26:29,785 [pool-413-thread-1] INFO  util.JmxRegister (JmxRegister.java:tryRegister(44)) - Successfully registered JMX Bean with object name Ratis:service=RaftServer,group=group-DD55FA7C2D0F,id=1ba175d3-dd7a-48a9-9135-70d34c994ae2
2019-10-09 02:26:29,789 [RatisPipelineUtilsThread] INFO  pipeline.PipelineStateManager (PipelineStateManager.java:addPipeline(56)) - Created pipeline Pipeline[ Id: 58933c95-1934-44d3-9b9b-dd55fa7c2d0f, Nodes: 1ba175d3-dd7a-48a9-9135-70d34c994ae2{ip: 192.168.151.114, host: pr-hdds-2181-ddhv2-4067587365, networkLocation: /default-rack, certSerialId: null}, Type:RATIS, Factor:ONE, State:OPEN]
2019-10-09 02:26:29,801 [grpc-default-executor-0] INFO  impl.RaftServerProxy (RaftServerProxy.java:addNew(89)) - 2bc18a31-8b04-4456-80dd-2532d43eaadf: addNew group-171EA9DD4174:[2bc18a31-8b04-4456-80dd-2532d43eaadf:192.168.151.114:45916] returns group-171EA9DD4174:java.util.concurrent.CompletableFuture@b58a52d[Not completed]
2019-10-09 02:26:29,802 [pool-423-thread-1] INFO  impl.RaftServerImpl (RaftServerImpl.java:<init>(95)) - 2bc18a31-8b04-4456-80dd-2532d43eaadf: new RaftServerImpl for group-171EA9DD4174:[2bc18a31-8b04-4456-80dd-2532d43eaadf:192.168.151.114:45916] with ContainerStateMachine:uninitialized
2019-10-09 02:26:29,802 [pool-423-thread-1] INFO  server.RaftServerConfigKeys (ConfUtils.java:logGet(43)) - raft.server.rpc.timeout.min = 5s (custom)
2019-10-09 02:26:29,803 [pool-423-thread-1] INFO  server.RaftServerConfigKeys (ConfUtils.java:logGet(43)) - raft.server.rpc.timeout.max = 5200ms (custom)
2019-10-09 02:26:29,803 [pool-423-thread-1] INFO  server.RaftServerConfigKeys (ConfUtils.java:logGet(43)) - raft.server.rpcslowness.timeout = 120s (custom)
2019-10-09 02:26:29,803 [pool-423-thread-1] INFO  server.RaftServerConfigKeys (ConfUtils.java:logGet(43)) - raft.server.sleep.deviation.threshold = 300 (default)
2019-10-09 02:26:29,803 [pool-423-thread-1] INFO  server.RaftServerConfigKeys (ConfUtils.java:logGet(43)) - raft.server.log.appender.install.snapshot.enabled = false (custom)
2019-10-09 02:26:29,803 [pool-423-thread-1] INFO  impl.RaftServerImpl (ServerState.java:<init>(103)) - 2bc18a31-8b04-4456-80dd-2532d43eaadf@group-171EA9DD4174: ConfigurationManager, init=-1: [2bc18a31-8b04-4456-80dd-2532d43eaadf:192.168.151.114:45916], old=null, confs=<EMPTY_MAP>
2019-10-09 02:26:29,803 [pool-423-thread-1] INFO  server.RaftServerConfigKeys (ConfUtils.java:logGet(43)) - raft.server.storage.dir = [/workdir/hadoop-ozone/integration-test/target/test-dir/MiniOzoneClusterImpl-d1ef5ec3-9c6f-4c51-8424-4bb1ae139615/datanode-4/data/ratis] (custom)
2019-10-09 02:26:29,804 [pool-423-thread-1] INFO  server.RaftServerConfigKeys (ConfUtils.java:logGet(43)) - raft.server.log.corruption.policy = EXCEPTION (default)
2019-10-09 02:26:29,804 [pool-423-thread-1] INFO  storage.RaftStorageDirectory (RaftStorageDirectory.java:analyzeStorage(246)) - The storage directory /workdir/hadoop-ozone/integration-test/target/test-dir/MiniOzoneClusterImpl-d1ef5ec3-9c6f-4c51-8424-4bb1ae139615/datanode-4/data/ratis/6a654dc1-8202-4f57-a364-171ea9dd4174 does not exist. Creating ...
2019-10-09 02:26:29,810 [IPC Server handler 7 on 34398] INFO  net.NetworkTopology (NetworkTopologyImpl.java:add(111)) - Added a new node: /default-rack/a852e343-9852-4b4d-9062-dc84412a9de2
2019-10-09 02:26:29,810 [IPC Server handler 7 on 34398] INFO  node.SCMNodeManager (SCMNodeManager.java:register(268)) - Registered Data node : a852e343-9852-4b4d-9062-dc84412a9de2{ip: 192.168.151.114, host: pr-hdds-2181-ddhv2-4067587365, networkLocation: /default-rack, certSerialId: null}
2019-10-09 02:26:29,816 [pool-423-thread-1] INFO  storage.RaftStorageDirectory (RaftStorageDirectory.java:tryLock(328)) - Lock on /workdir/hadoop-ozone/integration-test/target/test-dir/MiniOzoneClusterImpl-d1ef5ec3-9c6f-4c51-8424-4bb1ae139615/datanode-4/data/ratis/6a654dc1-8202-4f57-a364-171ea9dd4174/in_use.lock acquired by nodename 24477@pr-hdds-2181-ddhv2-4067587365
2019-10-09 02:26:29,830 [pool-423-thread-1] INFO  storage.RaftStorage (RaftStorage.java:format(84)) - Storage directory /workdir/hadoop-ozone/integration-test/target/test-dir/MiniOzoneClusterImpl-d1ef5ec3-9c6f-4c51-8424-4bb1ae139615/datanode-4/data/ratis/6a654dc1-8202-4f57-a364-171ea9dd4174 has been successfully formatted.
2019-10-09 02:26:29,830 [pool-423-thread-1] INFO  ratis.ContainerStateMachine (ContainerStateMachine.java:loadSnapshot(231)) - group-171EA9DD4174: The snapshot info is null. Setting the last applied indexto:(t:0, i:~)
2019-10-09 02:26:29,830 [pool-423-thread-1] INFO  server.RaftServerConfigKeys (ConfUtils.java:logGet(43)) - raft.server.notification.no-leader.timeout = 120s (custom)
2019-10-09 02:26:29,830 [pool-423-thread-1] INFO  server.RaftServerConfigKeys (ConfUtils.java:logGet(43)) - raft.server.log.use.memory = false (default)
2019-10-09 02:26:29,830 [pool-423-thread-1] INFO  server.RaftServerConfigKeys (ConfUtils.java:logGet(43)) - raft.server.log.purge.gap = 1000000 (custom)
2019-10-09 02:26:29,831 [pool-423-thread-1] INFO  server.RaftServerConfigKeys (ConfUtils.java:logGet(43)) - raft.server.log.appender.buffer.byte-limit = 33554432 (custom)
2019-10-09 02:26:29,831 [pool-423-thread-1] INFO  server.RaftServerConfigKeys (ConfUtils.java:logGet(43)) - raft.server.log.segment.size.max = 1048576 (custom)
2019-10-09 02:26:29,832 [pool-423-thread-1] INFO  server.RaftServerConfigKeys (ConfUtils.java:logGet(43)) - raft.server.log.segment.cache.num.max = 2 (custom)
2019-10-09 02:26:29,832 [pool-423-thread-1] INFO  segmented.SegmentedRaftLogWorker (SegmentedRaftLogWorker.java:<init>(173)) - new 2bc18a31-8b04-4456-80dd-2532d43eaadf@group-171EA9DD4174-SegmentedRaftLogWorker for RaftStorage:Storage Directory /workdir/hadoop-ozone/integration-test/target/test-dir/MiniOzoneClusterImpl-d1ef5ec3-9c6f-4c51-8424-4bb1ae139615/datanode-4/data/ratis/6a654dc1-8202-4f57-a364-171ea9dd4174
2019-10-09 02:26:29,833 [pool-423-thread-1] INFO  server.RaftServerConfigKeys (ConfUtils.java:logGet(43)) - raft.server.log.queue.byte-limit = 2147483647 (custom)
2019-10-09 02:26:29,833 [pool-423-thread-1] INFO  server.RaftServerConfigKeys (ConfUtils.java:logGet(43)) - raft.server.log.queue.element-limit = 1024 (custom)
2019-10-09 02:26:29,833 [pool-423-thread-1] INFO  server.RaftServerConfigKeys (ConfUtils.java:logGet(43)) - raft.server.log.segment.size.max = 1048576 (custom)
2019-10-09 02:26:29,833 [pool-423-thread-1] INFO  server.RaftServerConfigKeys (ConfUtils.java:logGet(43)) - raft.server.log.preallocated.size = 16384 (custom)
2019-10-09 02:26:29,833 [pool-423-thread-1] INFO  server.RaftServerConfigKeys (ConfUtils.java:logGet(43)) - raft.server.log.write.buffer.size = 33554432 (custom)
2019-10-09 02:26:29,833 [pool-423-thread-1] INFO  server.RaftServerConfigKeys (ConfUtils.java:logGet(43)) - raft.server.log.force.sync.num = 128 (default)
2019-10-09 02:26:29,833 [pool-423-thread-1] INFO  server.RaftServerConfigKeys (ConfUtils.java:logGet(43)) - raft.server.log.statemachine.data.sync = true (default)
2019-10-09 02:26:29,833 [pool-423-thread-1] INFO  server.RaftServerConfigKeys (ConfUtils.java:logGet(43)) - raft.server.log.statemachine.data.sync.timeout = 10s (default)
2019-10-09 02:26:29,834 [pool-423-thread-1] INFO  server.RaftServerConfigKeys (ConfUtils.java:logGet(43)) - raft.server.log.statemachine.data.sync.timeout.retry = -1 (default)
2019-10-09 02:26:29,834 [pool-423-thread-1] INFO  server.RaftServerConfigKeys (ConfUtils.java:logGet(43)) - raft.server.log.statemachine.data.caching.enabled = true (custom)
2019-10-09 02:26:29,834 [pool-423-thread-1] INFO  segmented.SegmentedRaftLogWorker (SegmentedRaftLogWorker.java:lambda$new$0(128)) - 2bc18a31-8b04-4456-80dd-2532d43eaadf@group-171EA9DD4174-SegmentedRaftLogWorker: flushIndex: setUnconditionally 0 -> -1
2019-10-09 02:26:29,835 [pool-423-thread-1] INFO  server.RaftServerConfigKeys (ConfUtils.java:logGet(43)) - raft.server.snapshot.auto.trigger.enabled = true (custom)
2019-10-09 02:26:29,835 [pool-423-thread-1] INFO  server.RaftServerConfigKeys (ConfUtils.java:logGet(43)) - raft.server.snapshot.auto.trigger.threshold = 10000 (custom)
2019-10-09 02:26:29,835 [pool-423-thread-1] INFO  server.RaftServerConfigKeys (ConfUtils.java:logGet(43)) - raft.server.snapshot.retention.file.num = 5 (custom)
2019-10-09 02:26:29,835 [pool-423-thread-1] INFO  server.RaftServerConfigKeys (ConfUtils.java:logGet(43)) - raft.server.retrycache.expirytime = 600000ms (custom)
2019-10-09 02:26:29,837 [pool-423-thread-1] INFO  impl.RaftServerImpl (RaftServerImpl.java:start(181)) - 2bc18a31-8b04-4456-80dd-2532d43eaadf@group-171EA9DD4174: start as a follower, conf=-1: [2bc18a31-8b04-4456-80dd-2532d43eaadf:192.168.151.114:45916], old=null
2019-10-09 02:26:29,837 [pool-423-thread-1] INFO  impl.RaftServerImpl (RaftServerImpl.java:setRole(170)) - 2bc18a31-8b04-4456-80dd-2532d43eaadf@group-171EA9DD4174: changes role from      null to FOLLOWER at term 0 for startAsFollower
2019-10-09 02:26:29,837 [pool-423-thread-1] INFO  impl.RoleInfo (RoleInfo.java:updateAndGet(143)) - 2bc18a31-8b04-4456-80dd-2532d43eaadf: start FollowerState
2019-10-09 02:26:29,838 [pool-423-thread-1] INFO  util.JmxRegister (JmxRegister.java:tryRegister(44)) - Successfully registered JMX Bean with object name Ratis:service=RaftServer,group=group-171EA9DD4174,id=2bc18a31-8b04-4456-80dd-2532d43eaadf
2019-10-09 02:26:29,842 [RatisPipelineUtilsThread] INFO  pipeline.PipelineStateManager (PipelineStateManager.java:addPipeline(56)) - Created pipeline Pipeline[ Id: 6a654dc1-8202-4f57-a364-171ea9dd4174, Nodes: 2bc18a31-8b04-4456-80dd-2532d43eaadf{ip: 192.168.151.114, host: pr-hdds-2181-ddhv2-4067587365, networkLocation: /default-rack, certSerialId: null}, Type:RATIS, Factor:ONE, State:OPEN]
2019-10-09 02:26:29,853 [grpc-default-executor-0] INFO  impl.RaftServerProxy (RaftServerProxy.java:addNew(89)) - a852e343-9852-4b4d-9062-dc84412a9de2: addNew group-E5E4747FAC34:[a852e343-9852-4b4d-9062-dc84412a9de2:192.168.151.114:32917] returns group-E5E4747FAC34:java.util.concurrent.CompletableFuture@2e18d4ea[Not completed]
2019-10-09 02:26:29,855 [pool-433-thread-1] INFO  impl.RaftServerImpl (RaftServerImpl.java:<init>(95)) - a852e343-9852-4b4d-9062-dc84412a9de2: new RaftServerImpl for group-E5E4747FAC34:[a852e343-9852-4b4d-9062-dc84412a9de2:192.168.151.114:32917] with ContainerStateMachine:uninitialized
2019-10-09 02:26:29,855 [pool-433-thread-1] INFO  server.RaftServerConfigKeys (ConfUtils.java:logGet(43)) - raft.server.rpc.timeout.min = 5s (custom)
2019-10-09 02:26:29,855 [pool-433-thread-1] INFO  server.RaftServerConfigKeys (ConfUtils.java:logGet(43)) - raft.server.rpc.timeout.max = 5200ms (custom)
2019-10-09 02:26:29,855 [pool-433-thread-1] INFO  server.RaftServerConfigKeys (ConfUtils.java:logGet(43)) - raft.server.rpcslowness.timeout = 120s (custom)
2019-10-09 02:26:29,855 [pool-433-thread-1] INFO  server.RaftServerConfigKeys (ConfUtils.java:logGet(43)) - raft.server.sleep.deviation.threshold = 300 (default)
2019-10-09 02:26:29,855 [pool-433-thread-1] INFO  server.RaftServerConfigKeys (ConfUtils.java:logGet(43)) - raft.server.log.appender.install.snapshot.enabled = false (custom)
2019-10-09 02:26:29,855 [pool-433-thread-1] INFO  impl.RaftServerImpl (ServerState.java:<init>(103)) - a852e343-9852-4b4d-9062-dc84412a9de2@group-E5E4747FAC34: ConfigurationManager, init=-1: [a852e343-9852-4b4d-9062-dc84412a9de2:192.168.151.114:32917], old=null, confs=<EMPTY_MAP>
2019-10-09 02:26:29,855 [pool-433-thread-1] INFO  server.RaftServerConfigKeys (ConfUtils.java:logGet(43)) - raft.server.storage.dir = [/workdir/hadoop-ozone/integration-test/target/test-dir/MiniOzoneClusterImpl-d1ef5ec3-9c6f-4c51-8424-4bb1ae139615/datanode-5/data/ratis] (custom)
2019-10-09 02:26:29,856 [pool-433-thread-1] INFO  server.RaftServerConfigKeys (ConfUtils.java:logGet(43)) - raft.server.log.corruption.policy = EXCEPTION (default)
2019-10-09 02:26:29,856 [pool-433-thread-1] INFO  storage.RaftStorageDirectory (RaftStorageDirectory.java:analyzeStorage(246)) - The storage directory /workdir/hadoop-ozone/integration-test/target/test-dir/MiniOzoneClusterImpl-d1ef5ec3-9c6f-4c51-8424-4bb1ae139615/datanode-5/data/ratis/43a8d580-92d4-44a2-b8f7-e5e4747fac34 does not exist. Creating ...
2019-10-09 02:26:29,869 [pool-433-thread-1] INFO  storage.RaftStorageDirectory (RaftStorageDirectory.java:tryLock(328)) - Lock on /workdir/hadoop-ozone/integration-test/target/test-dir/MiniOzoneClusterImpl-d1ef5ec3-9c6f-4c51-8424-4bb1ae139615/datanode-5/data/ratis/43a8d580-92d4-44a2-b8f7-e5e4747fac34/in_use.lock acquired by nodename 24477@pr-hdds-2181-ddhv2-4067587365
2019-10-09 02:26:29,881 [pool-433-thread-1] INFO  storage.RaftStorage (RaftStorage.java:format(84)) - Storage directory /workdir/hadoop-ozone/integration-test/target/test-dir/MiniOzoneClusterImpl-d1ef5ec3-9c6f-4c51-8424-4bb1ae139615/datanode-5/data/ratis/43a8d580-92d4-44a2-b8f7-e5e4747fac34 has been successfully formatted.
2019-10-09 02:26:29,881 [pool-433-thread-1] INFO  ratis.ContainerStateMachine (ContainerStateMachine.java:loadSnapshot(231)) - group-E5E4747FAC34: The snapshot info is null. Setting the last applied indexto:(t:0, i:~)
2019-10-09 02:26:29,881 [pool-433-thread-1] INFO  server.RaftServerConfigKeys (ConfUtils.java:logGet(43)) - raft.server.notification.no-leader.timeout = 120s (custom)
2019-10-09 02:26:29,881 [pool-433-thread-1] INFO  server.RaftServerConfigKeys (ConfUtils.java:logGet(43)) - raft.server.log.use.memory = false (default)
2019-10-09 02:26:29,881 [pool-433-thread-1] INFO  server.RaftServerConfigKeys (ConfUtils.java:logGet(43)) - raft.server.log.purge.gap = 1000000 (custom)
2019-10-09 02:26:29,882 [pool-433-thread-1] INFO  server.RaftServerConfigKeys (ConfUtils.java:logGet(43)) - raft.server.log.appender.buffer.byte-limit = 33554432 (custom)
2019-10-09 02:26:29,882 [pool-433-thread-1] INFO  server.RaftServerConfigKeys (ConfUtils.java:logGet(43)) - raft.server.log.segment.size.max = 1048576 (custom)
2019-10-09 02:26:29,883 [pool-433-thread-1] INFO  server.RaftServerConfigKeys (ConfUtils.java:logGet(43)) - raft.server.log.segment.cache.num.max = 2 (custom)
2019-10-09 02:26:29,883 [pool-433-thread-1] INFO  segmented.SegmentedRaftLogWorker (SegmentedRaftLogWorker.java:<init>(173)) - new a852e343-9852-4b4d-9062-dc84412a9de2@group-E5E4747FAC34-SegmentedRaftLogWorker for RaftStorage:Storage Directory /workdir/hadoop-ozone/integration-test/target/test-dir/MiniOzoneClusterImpl-d1ef5ec3-9c6f-4c51-8424-4bb1ae139615/datanode-5/data/ratis/43a8d580-92d4-44a2-b8f7-e5e4747fac34
2019-10-09 02:26:29,883 [pool-433-thread-1] INFO  server.RaftServerConfigKeys (ConfUtils.java:logGet(43)) - raft.server.log.queue.byte-limit = 2147483647 (custom)
2019-10-09 02:26:29,883 [pool-433-thread-1] INFO  server.RaftServerConfigKeys (ConfUtils.java:logGet(43)) - raft.server.log.queue.element-limit = 1024 (custom)
2019-10-09 02:26:29,884 [pool-433-thread-1] INFO  server.RaftServerConfigKeys (ConfUtils.java:logGet(43)) - raft.server.log.segment.size.max = 1048576 (custom)
2019-10-09 02:26:29,884 [pool-433-thread-1] INFO  server.RaftServerConfigKeys (ConfUtils.java:logGet(43)) - raft.server.log.preallocated.size = 16384 (custom)
2019-10-09 02:26:29,884 [pool-433-thread-1] INFO  server.RaftServerConfigKeys (ConfUtils.java:logGet(43)) - raft.server.log.write.buffer.size = 33554432 (custom)
2019-10-09 02:26:29,884 [pool-433-thread-1] INFO  server.RaftServerConfigKeys (ConfUtils.java:logGet(43)) - raft.server.log.force.sync.num = 128 (default)
2019-10-09 02:26:29,884 [pool-433-thread-1] INFO  server.RaftServerConfigKeys (ConfUtils.java:logGet(43)) - raft.server.log.statemachine.data.sync = true (default)
2019-10-09 02:26:29,884 [pool-433-thread-1] INFO  server.RaftServerConfigKeys (ConfUtils.java:logGet(43)) - raft.server.log.statemachine.data.sync.timeout = 10s (default)
2019-10-09 02:26:29,884 [pool-433-thread-1] INFO  server.RaftServerConfigKeys (ConfUtils.java:logGet(43)) - raft.server.log.statemachine.data.sync.timeout.retry = -1 (default)
2019-10-09 02:26:29,885 [pool-433-thread-1] INFO  server.RaftServerConfigKeys (ConfUtils.java:logGet(43)) - raft.server.log.statemachine.data.caching.enabled = true (custom)
2019-10-09 02:26:29,885 [pool-433-thread-1] INFO  segmented.SegmentedRaftLogWorker (SegmentedRaftLogWorker.java:lambda$new$0(128)) - a852e343-9852-4b4d-9062-dc84412a9de2@group-E5E4747FAC34-SegmentedRaftLogWorker: flushIndex: setUnconditionally 0 -> -1
2019-10-09 02:26:29,885 [pool-433-thread-1] INFO  server.RaftServerConfigKeys (ConfUtils.java:logGet(43)) - raft.server.snapshot.auto.trigger.enabled = true (custom)
2019-10-09 02:26:29,885 [pool-433-thread-1] INFO  server.RaftServerConfigKeys (ConfUtils.java:logGet(43)) - raft.server.snapshot.auto.trigger.threshold = 10000 (custom)
2019-10-09 02:26:29,885 [pool-433-thread-1] INFO  server.RaftServerConfigKeys (ConfUtils.java:logGet(43)) - raft.server.snapshot.retention.file.num = 5 (custom)
2019-10-09 02:26:29,885 [pool-433-thread-1] INFO  server.RaftServerConfigKeys (ConfUtils.java:logGet(43)) - raft.server.retrycache.expirytime = 600000ms (custom)
2019-10-09 02:26:29,887 [pool-433-thread-1] INFO  impl.RaftServerImpl (RaftServerImpl.java:start(181)) - a852e343-9852-4b4d-9062-dc84412a9de2@group-E5E4747FAC34: start as a follower, conf=-1: [a852e343-9852-4b4d-9062-dc84412a9de2:192.168.151.114:32917], old=null
2019-10-09 02:26:29,887 [pool-433-thread-1] INFO  impl.RaftServerImpl (RaftServerImpl.java:setRole(170)) - a852e343-9852-4b4d-9062-dc84412a9de2@group-E5E4747FAC34: changes role from      null to FOLLOWER at term 0 for startAsFollower
2019-10-09 02:26:29,887 [pool-433-thread-1] INFO  impl.RoleInfo (RoleInfo.java:updateAndGet(143)) - a852e343-9852-4b4d-9062-dc84412a9de2: start FollowerState
2019-10-09 02:26:29,887 [pool-433-thread-1] INFO  util.JmxRegister (JmxRegister.java:tryRegister(44)) - Successfully registered JMX Bean with object name Ratis:service=RaftServer,group=group-E5E4747FAC34,id=a852e343-9852-4b4d-9062-dc84412a9de2
2019-10-09 02:26:29,892 [RatisPipelineUtilsThread] INFO  pipeline.PipelineStateManager (PipelineStateManager.java:addPipeline(56)) - Created pipeline Pipeline[ Id: 43a8d580-92d4-44a2-b8f7-e5e4747fac34, Nodes: a852e343-9852-4b4d-9062-dc84412a9de2{ip: 192.168.151.114, host: pr-hdds-2181-ddhv2-4067587365, networkLocation: /default-rack, certSerialId: null}, Type:RATIS, Factor:ONE, State:OPEN]
2019-10-09 02:26:29,900 [main] INFO  ozone.MiniOzoneClusterImpl (MiniOzoneClusterImpl.java:lambda$waitForClusterToBeReady$0(147)) - Waiting for cluster to be ready. Got 6 of 7 DN Heartbeats.
2019-10-09 02:26:29,909 [IPC Server handler 2 on 34398] INFO  net.NetworkTopology (NetworkTopologyImpl.java:add(111)) - Added a new node: /default-rack/770574ef-aebf-4c13-b679-94990948d23e
2019-10-09 02:26:29,910 [IPC Server handler 2 on 34398] INFO  node.SCMNodeManager (SCMNodeManager.java:register(268)) - Registered Data node : 770574ef-aebf-4c13-b679-94990948d23e{ip: 192.168.151.114, host: pr-hdds-2181-ddhv2-4067587365, networkLocation: /default-rack, certSerialId: null}
2019-10-09 02:26:29,914 [grpc-default-executor-2] INFO  impl.RaftServerProxy (RaftServerProxy.java:addNew(89)) - 1ba175d3-dd7a-48a9-9135-70d34c994ae2: addNew group-C1D15415D68D:[a852e343-9852-4b4d-9062-dc84412a9de2:192.168.151.114:32917, 1ba175d3-dd7a-48a9-9135-70d34c994ae2:192.168.151.114:40794, 2bc18a31-8b04-4456-80dd-2532d43eaadf:192.168.151.114:45916] returns group-C1D15415D68D:java.util.concurrent.CompletableFuture@7e6d0ef2[Not completed]
2019-10-09 02:26:29,918 [grpc-default-executor-0] INFO  impl.RaftServerProxy (RaftServerProxy.java:addNew(89)) - 2bc18a31-8b04-4456-80dd-2532d43eaadf: addNew group-C1D15415D68D:[a852e343-9852-4b4d-9062-dc84412a9de2:192.168.151.114:32917, 1ba175d3-dd7a-48a9-9135-70d34c994ae2:192.168.151.114:40794, 2bc18a31-8b04-4456-80dd-2532d43eaadf:192.168.151.114:45916] returns group-C1D15415D68D:java.util.concurrent.CompletableFuture@494b864c[Not completed]
2019-10-09 02:26:29,918 [grpc-default-executor-5] INFO  impl.RaftServerProxy (RaftServerProxy.java:addNew(89)) - a852e343-9852-4b4d-9062-dc84412a9de2: addNew group-C1D15415D68D:[a852e343-9852-4b4d-9062-dc84412a9de2:192.168.151.114:32917, 1ba175d3-dd7a-48a9-9135-70d34c994ae2:192.168.151.114:40794, 2bc18a31-8b04-4456-80dd-2532d43eaadf:192.168.151.114:45916] returns group-C1D15415D68D:java.util.concurrent.CompletableFuture@5f11b0d7[Not completed]
2019-10-09 02:26:29,919 [pool-413-thread-1] INFO  impl.RaftServerImpl (RaftServerImpl.java:<init>(95)) - 1ba175d3-dd7a-48a9-9135-70d34c994ae2: new RaftServerImpl for group-C1D15415D68D:[a852e343-9852-4b4d-9062-dc84412a9de2:192.168.151.114:32917, 1ba175d3-dd7a-48a9-9135-70d34c994ae2:192.168.151.114:40794, 2bc18a31-8b04-4456-80dd-2532d43eaadf:192.168.151.114:45916] with ContainerStateMachine:uninitialized
2019-10-09 02:26:29,920 [pool-413-thread-1] INFO  server.RaftServerConfigKeys (ConfUtils.java:logGet(43)) - raft.server.rpc.timeout.min = 5s (custom)
2019-10-09 02:26:29,920 [pool-413-thread-1] INFO  server.RaftServerConfigKeys (ConfUtils.java:logGet(43)) - raft.server.rpc.timeout.max = 5200ms (custom)
2019-10-09 02:26:29,920 [pool-413-thread-1] INFO  server.RaftServerConfigKeys (ConfUtils.java:logGet(43)) - raft.server.rpcslowness.timeout = 120s (custom)
2019-10-09 02:26:29,920 [pool-413-thread-1] INFO  server.RaftServerConfigKeys (ConfUtils.java:logGet(43)) - raft.server.sleep.deviation.threshold = 300 (default)
2019-10-09 02:26:29,920 [pool-413-thread-1] INFO  server.RaftServerConfigKeys (ConfUtils.java:logGet(43)) - raft.server.log.appender.install.snapshot.enabled = false (custom)
2019-10-09 02:26:29,920 [pool-413-thread-1] INFO  impl.RaftServerImpl (ServerState.java:<init>(103)) - 1ba175d3-dd7a-48a9-9135-70d34c994ae2@group-C1D15415D68D: ConfigurationManager, init=-1: [a852e343-9852-4b4d-9062-dc84412a9de2:192.168.151.114:32917, 1ba175d3-dd7a-48a9-9135-70d34c994ae2:192.168.151.114:40794, 2bc18a31-8b04-4456-80dd-2532d43eaadf:192.168.151.114:45916], old=null, confs=<EMPTY_MAP>
2019-10-09 02:26:29,920 [pool-413-thread-1] INFO  server.RaftServerConfigKeys (ConfUtils.java:logGet(43)) - raft.server.storage.dir = [/workdir/hadoop-ozone/integration-test/target/test-dir/MiniOzoneClusterImpl-d1ef5ec3-9c6f-4c51-8424-4bb1ae139615/datanode-3/data/ratis] (custom)
2019-10-09 02:26:29,921 [pool-433-thread-1] INFO  impl.RaftServerImpl (RaftServerImpl.java:<init>(95)) - a852e343-9852-4b4d-9062-dc84412a9de2: new RaftServerImpl for group-C1D15415D68D:[a852e343-9852-4b4d-9062-dc84412a9de2:192.168.151.114:32917, 1ba175d3-dd7a-48a9-9135-70d34c994ae2:192.168.151.114:40794, 2bc18a31-8b04-4456-80dd-2532d43eaadf:192.168.151.114:45916] with ContainerStateMachine:uninitialized
2019-10-09 02:26:29,921 [pool-413-thread-1] INFO  server.RaftServerConfigKeys (ConfUtils.java:logGet(43)) - raft.server.log.corruption.policy = EXCEPTION (default)
2019-10-09 02:26:29,921 [pool-433-thread-1] INFO  server.RaftServerConfigKeys (ConfUtils.java:logGet(43)) - raft.server.rpc.timeout.min = 5s (custom)
2019-10-09 02:26:29,921 [pool-413-thread-1] INFO  storage.RaftStorageDirectory (RaftStorageDirectory.java:analyzeStorage(246)) - The storage directory /workdir/hadoop-ozone/integration-test/target/test-dir/MiniOzoneClusterImpl-d1ef5ec3-9c6f-4c51-8424-4bb1ae139615/datanode-3/data/ratis/efe3cb38-561e-4763-8cab-c1d15415d68d does not exist. Creating ...
2019-10-09 02:26:29,921 [pool-433-thread-1] INFO  server.RaftServerConfigKeys (ConfUtils.java:logGet(43)) - raft.server.rpc.timeout.max = 5200ms (custom)
2019-10-09 02:26:29,921 [pool-423-thread-1] INFO  impl.RaftServerImpl (RaftServerImpl.java:<init>(95)) - 2bc18a31-8b04-4456-80dd-2532d43eaadf: new RaftServerImpl for group-C1D15415D68D:[a852e343-9852-4b4d-9062-dc84412a9de2:192.168.151.114:32917, 1ba175d3-dd7a-48a9-9135-70d34c994ae2:192.168.151.114:40794, 2bc18a31-8b04-4456-80dd-2532d43eaadf:192.168.151.114:45916] with ContainerStateMachine:uninitialized
2019-10-09 02:26:29,921 [pool-433-thread-1] INFO  server.RaftServerConfigKeys (ConfUtils.java:logGet(43)) - raft.server.rpcslowness.timeout = 120s (custom)
2019-10-09 02:26:29,922 [pool-423-thread-1] INFO  server.RaftServerConfigKeys (ConfUtils.java:logGet(43)) - raft.server.rpc.timeout.min = 5s (custom)
2019-10-09 02:26:29,922 [pool-433-thread-1] INFO  server.RaftServerConfigKeys (ConfUtils.java:logGet(43)) - raft.server.sleep.deviation.threshold = 300 (default)
2019-10-09 02:26:29,922 [pool-423-thread-1] INFO  server.RaftServerConfigKeys (ConfUtils.java:logGet(43)) - raft.server.rpc.timeout.max = 5200ms (custom)
2019-10-09 02:26:29,922 [pool-433-thread-1] INFO  server.RaftServerConfigKeys (ConfUtils.java:logGet(43)) - raft.server.log.appender.install.snapshot.enabled = false (custom)
2019-10-09 02:26:29,922 [pool-423-thread-1] INFO  server.RaftServerConfigKeys (ConfUtils.java:logGet(43)) - raft.server.rpcslowness.timeout = 120s (custom)
2019-10-09 02:26:29,922 [pool-433-thread-1] INFO  impl.RaftServerImpl (ServerState.java:<init>(103)) - a852e343-9852-4b4d-9062-dc84412a9de2@group-C1D15415D68D: ConfigurationManager, init=-1: [a852e343-9852-4b4d-9062-dc84412a9de2:192.168.151.114:32917, 1ba175d3-dd7a-48a9-9135-70d34c994ae2:192.168.151.114:40794, 2bc18a31-8b04-4456-80dd-2532d43eaadf:192.168.151.114:45916], old=null, confs=<EMPTY_MAP>
2019-10-09 02:26:29,922 [pool-423-thread-1] INFO  server.RaftServerConfigKeys (ConfUtils.java:logGet(43)) - raft.server.sleep.deviation.threshold = 300 (default)
2019-10-09 02:26:29,922 [pool-433-thread-1] INFO  server.RaftServerConfigKeys (ConfUtils.java:logGet(43)) - raft.server.storage.dir = [/workdir/hadoop-ozone/integration-test/target/test-dir/MiniOzoneClusterImpl-d1ef5ec3-9c6f-4c51-8424-4bb1ae139615/datanode-5/data/ratis] (custom)
2019-10-09 02:26:29,923 [pool-423-thread-1] INFO  server.RaftServerConfigKeys (ConfUtils.java:logGet(43)) - raft.server.log.appender.install.snapshot.enabled = false (custom)
2019-10-09 02:26:29,923 [pool-423-thread-1] INFO  impl.RaftServerImpl (ServerState.java:<init>(103)) - 2bc18a31-8b04-4456-80dd-2532d43eaadf@group-C1D15415D68D: ConfigurationManager, init=-1: [a852e343-9852-4b4d-9062-dc84412a9de2:192.168.151.114:32917, 1ba175d3-dd7a-48a9-9135-70d34c994ae2:192.168.151.114:40794, 2bc18a31-8b04-4456-80dd-2532d43eaadf:192.168.151.114:45916], old=null, confs=<EMPTY_MAP>
2019-10-09 02:26:29,923 [pool-433-thread-1] INFO  server.RaftServerConfigKeys (ConfUtils.java:logGet(43)) - raft.server.log.corruption.policy = EXCEPTION (default)
2019-10-09 02:26:29,923 [pool-423-thread-1] INFO  server.RaftServerConfigKeys (ConfUtils.java:logGet(43)) - raft.server.storage.dir = [/workdir/hadoop-ozone/integration-test/target/test-dir/MiniOzoneClusterImpl-d1ef5ec3-9c6f-4c51-8424-4bb1ae139615/datanode-4/data/ratis] (custom)
2019-10-09 02:26:29,923 [pool-433-thread-1] INFO  storage.RaftStorageDirectory (RaftStorageDirectory.java:analyzeStorage(246)) - The storage directory /workdir/hadoop-ozone/integration-test/target/test-dir/MiniOzoneClusterImpl-d1ef5ec3-9c6f-4c51-8424-4bb1ae139615/datanode-5/data/ratis/efe3cb38-561e-4763-8cab-c1d15415d68d does not exist. Creating ...
2019-10-09 02:26:29,923 [pool-423-thread-1] INFO  server.RaftServerConfigKeys (ConfUtils.java:logGet(43)) - raft.server.log.corruption.policy = EXCEPTION (default)
2019-10-09 02:26:29,923 [pool-423-thread-1] INFO  storage.RaftStorageDirectory (RaftStorageDirectory.java:analyzeStorage(246)) - The storage directory /workdir/hadoop-ozone/integration-test/target/test-dir/MiniOzoneClusterImpl-d1ef5ec3-9c6f-4c51-8424-4bb1ae139615/datanode-4/data/ratis/efe3cb38-561e-4763-8cab-c1d15415d68d does not exist. Creating ...
2019-10-09 02:26:29,935 [pool-413-thread-1] INFO  storage.RaftStorageDirectory (RaftStorageDirectory.java:tryLock(328)) - Lock on /workdir/hadoop-ozone/integration-test/target/test-dir/MiniOzoneClusterImpl-d1ef5ec3-9c6f-4c51-8424-4bb1ae139615/datanode-3/data/ratis/efe3cb38-561e-4763-8cab-c1d15415d68d/in_use.lock acquired by nodename 24477@pr-hdds-2181-ddhv2-4067587365
2019-10-09 02:26:29,935 [pool-423-thread-1] INFO  storage.RaftStorageDirectory (RaftStorageDirectory.java:tryLock(328)) - Lock on /workdir/hadoop-ozone/integration-test/target/test-dir/MiniOzoneClusterImpl-d1ef5ec3-9c6f-4c51-8424-4bb1ae139615/datanode-4/data/ratis/efe3cb38-561e-4763-8cab-c1d15415d68d/in_use.lock acquired by nodename 24477@pr-hdds-2181-ddhv2-4067587365
2019-10-09 02:26:29,935 [pool-433-thread-1] INFO  storage.RaftStorageDirectory (RaftStorageDirectory.java:tryLock(328)) - Lock on /workdir/hadoop-ozone/integration-test/target/test-dir/MiniOzoneClusterImpl-d1ef5ec3-9c6f-4c51-8424-4bb1ae139615/datanode-5/data/ratis/efe3cb38-561e-4763-8cab-c1d15415d68d/in_use.lock acquired by nodename 24477@pr-hdds-2181-ddhv2-4067587365
2019-10-09 02:26:29,949 [pool-413-thread-1] INFO  storage.RaftStorage (RaftStorage.java:format(84)) - Storage directory /workdir/hadoop-ozone/integration-test/target/test-dir/MiniOzoneClusterImpl-d1ef5ec3-9c6f-4c51-8424-4bb1ae139615/datanode-3/data/ratis/efe3cb38-561e-4763-8cab-c1d15415d68d has been successfully formatted.
2019-10-09 02:26:29,949 [pool-423-thread-1] INFO  storage.RaftStorage (RaftStorage.java:format(84)) - Storage directory /workdir/hadoop-ozone/integration-test/target/test-dir/MiniOzoneClusterImpl-d1ef5ec3-9c6f-4c51-8424-4bb1ae139615/datanode-4/data/ratis/efe3cb38-561e-4763-8cab-c1d15415d68d has been successfully formatted.
2019-10-09 02:26:29,949 [pool-433-thread-1] INFO  storage.RaftStorage (RaftStorage.java:format(84)) - Storage directory /workdir/hadoop-ozone/integration-test/target/test-dir/MiniOzoneClusterImpl-d1ef5ec3-9c6f-4c51-8424-4bb1ae139615/datanode-5/data/ratis/efe3cb38-561e-4763-8cab-c1d15415d68d has been successfully formatted.
2019-10-09 02:26:29,949 [pool-423-thread-1] INFO  ratis.ContainerStateMachine (ContainerStateMachine.java:loadSnapshot(231)) - group-C1D15415D68D: The snapshot info is null. Setting the last applied indexto:(t:0, i:~)
2019-10-09 02:26:29,949 [pool-433-thread-1] INFO  ratis.ContainerStateMachine (ContainerStateMachine.java:loadSnapshot(231)) - group-C1D15415D68D: The snapshot info is null. Setting the last applied indexto:(t:0, i:~)
2019-10-09 02:26:29,949 [pool-413-thread-1] INFO  ratis.ContainerStateMachine (ContainerStateMachine.java:loadSnapshot(231)) - group-C1D15415D68D: The snapshot info is null. Setting the last applied indexto:(t:0, i:~)
2019-10-09 02:26:29,950 [pool-433-thread-1] INFO  server.RaftServerConfigKeys (ConfUtils.java:logGet(43)) - raft.server.notification.no-leader.timeout = 120s (custom)
2019-10-09 02:26:29,949 [pool-423-thread-1] INFO  server.RaftServerConfigKeys (ConfUtils.java:logGet(43)) - raft.server.notification.no-leader.timeout = 120s (custom)
2019-10-09 02:26:29,950 [pool-433-thread-1] INFO  server.RaftServerConfigKeys (ConfUtils.java:logGet(43)) - raft.server.log.use.memory = false (default)
2019-10-09 02:26:29,950 [pool-413-thread-1] INFO  server.RaftServerConfigKeys (ConfUtils.java:logGet(43)) - raft.server.notification.no-leader.timeout = 120s (custom)
2019-10-09 02:26:29,950 [pool-433-thread-1] INFO  server.RaftServerConfigKeys (ConfUtils.java:logGet(43)) - raft.server.log.purge.gap = 1000000 (custom)
2019-10-09 02:26:29,950 [pool-423-thread-1] INFO  server.RaftServerConfigKeys (ConfUtils.java:logGet(43)) - raft.server.log.use.memory = false (default)
2019-10-09 02:26:29,950 [pool-433-thread-1] INFO  server.RaftServerConfigKeys (ConfUtils.java:logGet(43)) - raft.server.log.appender.buffer.byte-limit = 33554432 (custom)
2019-10-09 02:26:29,950 [pool-413-thread-1] INFO  server.RaftServerConfigKeys (ConfUtils.java:logGet(43)) - raft.server.log.use.memory = false (default)
2019-10-09 02:26:29,951 [pool-433-thread-1] INFO  server.RaftServerConfigKeys (ConfUtils.java:logGet(43)) - raft.server.log.segment.size.max = 1048576 (custom)
2019-10-09 02:26:29,951 [pool-423-thread-1] INFO  server.RaftServerConfigKeys (ConfUtils.java:logGet(43)) - raft.server.log.purge.gap = 1000000 (custom)
2019-10-09 02:26:29,951 [pool-433-thread-1] INFO  server.RaftServerConfigKeys (ConfUtils.java:logGet(43)) - raft.server.log.segment.cache.num.max = 2 (custom)
2019-10-09 02:26:29,951 [pool-413-thread-1] INFO  server.RaftServerConfigKeys (ConfUtils.java:logGet(43)) - raft.server.log.purge.gap = 1000000 (custom)
2019-10-09 02:26:29,951 [pool-433-thread-1] INFO  segmented.SegmentedRaftLogWorker (SegmentedRaftLogWorker.java:<init>(173)) - new a852e343-9852-4b4d-9062-dc84412a9de2@group-C1D15415D68D-SegmentedRaftLogWorker for RaftStorage:Storage Directory /workdir/hadoop-ozone/integration-test/target/test-dir/MiniOzoneClusterImpl-d1ef5ec3-9c6f-4c51-8424-4bb1ae139615/datanode-5/data/ratis/efe3cb38-561e-4763-8cab-c1d15415d68d
2019-10-09 02:26:29,951 [pool-423-thread-1] INFO  server.RaftServerConfigKeys (ConfUtils.java:logGet(43)) - raft.server.log.appender.buffer.byte-limit = 33554432 (custom)
2019-10-09 02:26:29,951 [pool-433-thread-1] INFO  server.RaftServerConfigKeys (ConfUtils.java:logGet(43)) - raft.server.log.queue.byte-limit = 2147483647 (custom)
2019-10-09 02:26:29,951 [pool-413-thread-1] INFO  server.RaftServerConfigKeys (ConfUtils.java:logGet(43)) - raft.server.log.appender.buffer.byte-limit = 33554432 (custom)
2019-10-09 02:26:29,952 [pool-433-thread-1] INFO  server.RaftServerConfigKeys (ConfUtils.java:logGet(43)) - raft.server.log.queue.element-limit = 1024 (custom)
2019-10-09 02:26:29,952 [pool-423-thread-1] INFO  server.RaftServerConfigKeys (ConfUtils.java:logGet(43)) - raft.server.log.segment.size.max = 1048576 (custom)
2019-10-09 02:26:29,952 [pool-433-thread-1] INFO  server.RaftServerConfigKeys (ConfUtils.java:logGet(43)) - raft.server.log.segment.size.max = 1048576 (custom)
2019-10-09 02:26:29,952 [pool-413-thread-1] INFO  server.RaftServerConfigKeys (ConfUtils.java:logGet(43)) - raft.server.log.segment.size.max = 1048576 (custom)
2019-10-09 02:26:29,952 [pool-433-thread-1] INFO  server.RaftServerConfigKeys (ConfUtils.java:logGet(43)) - raft.server.log.preallocated.size = 16384 (custom)
2019-10-09 02:26:29,952 [pool-423-thread-1] INFO  server.RaftServerConfigKeys (ConfUtils.java:logGet(43)) - raft.server.log.segment.cache.num.max = 2 (custom)
2019-10-09 02:26:29,953 [pool-433-thread-1] INFO  server.RaftServerConfigKeys (ConfUtils.java:logGet(43)) - raft.server.log.write.buffer.size = 33554432 (custom)
2019-10-09 02:26:29,952 [pool-413-thread-1] INFO  server.RaftServerConfigKeys (ConfUtils.java:logGet(43)) - raft.server.log.segment.cache.num.max = 2 (custom)
2019-10-09 02:26:29,953 [pool-433-thread-1] INFO  server.RaftServerConfigKeys (ConfUtils.java:logGet(43)) - raft.server.log.force.sync.num = 128 (default)
2019-10-09 02:26:29,953 [pool-423-thread-1] INFO  segmented.SegmentedRaftLogWorker (SegmentedRaftLogWorker.java:<init>(173)) - new 2bc18a31-8b04-4456-80dd-2532d43eaadf@group-C1D15415D68D-SegmentedRaftLogWorker for RaftStorage:Storage Directory /workdir/hadoop-ozone/integration-test/target/test-dir/MiniOzoneClusterImpl-d1ef5ec3-9c6f-4c51-8424-4bb1ae139615/datanode-4/data/ratis/efe3cb38-561e-4763-8cab-c1d15415d68d
2019-10-09 02:26:29,953 [pool-433-thread-1] INFO  server.RaftServerConfigKeys (ConfUtils.java:logGet(43)) - raft.server.log.statemachine.data.sync = true (default)
2019-10-09 02:26:29,953 [pool-413-thread-1] INFO  segmented.SegmentedRaftLogWorker (SegmentedRaftLogWorker.java:<init>(173)) - new 1ba175d3-dd7a-48a9-9135-70d34c994ae2@group-C1D15415D68D-SegmentedRaftLogWorker for RaftStorage:Storage Directory /workdir/hadoop-ozone/integration-test/target/test-dir/MiniOzoneClusterImpl-d1ef5ec3-9c6f-4c51-8424-4bb1ae139615/datanode-3/data/ratis/efe3cb38-561e-4763-8cab-c1d15415d68d
2019-10-09 02:26:29,953 [pool-433-thread-1] INFO  server.RaftServerConfigKeys (ConfUtils.java:logGet(43)) - raft.server.log.statemachine.data.sync.timeout = 10s (default)
2019-10-09 02:26:29,953 [pool-423-thread-1] INFO  server.RaftServerConfigKeys (ConfUtils.java:logGet(43)) - raft.server.log.queue.byte-limit = 2147483647 (custom)
2019-10-09 02:26:29,954 [pool-433-thread-1] INFO  server.RaftServerConfigKeys (ConfUtils.java:logGet(43)) - raft.server.log.statemachine.data.sync.timeout.retry = -1 (default)
2019-10-09 02:26:29,954 [pool-413-thread-1] INFO  server.RaftServerConfigKeys (ConfUtils.java:logGet(43)) - raft.server.log.queue.byte-limit = 2147483647 (custom)
2019-10-09 02:26:29,954 [pool-433-thread-1] INFO  server.RaftServerConfigKeys (ConfUtils.java:logGet(43)) - raft.server.log.statemachine.data.caching.enabled = true (custom)
2019-10-09 02:26:29,954 [pool-423-thread-1] INFO  server.RaftServerConfigKeys (ConfUtils.java:logGet(43)) - raft.server.log.queue.element-limit = 1024 (custom)
2019-10-09 02:26:29,954 [pool-413-thread-1] INFO  server.RaftServerConfigKeys (ConfUtils.java:logGet(43)) - raft.server.log.queue.element-limit = 1024 (custom)
2019-10-09 02:26:29,955 [pool-423-thread-1] INFO  server.RaftServerConfigKeys (ConfUtils.java:logGet(43)) - raft.server.log.segment.size.max = 1048576 (custom)
2019-10-09 02:26:29,954 [pool-433-thread-1] INFO  segmented.SegmentedRaftLogWorker (SegmentedRaftLogWorker.java:lambda$new$0(128)) - a852e343-9852-4b4d-9062-dc84412a9de2@group-C1D15415D68D-SegmentedRaftLogWorker: flushIndex: setUnconditionally 0 -> -1
2019-10-09 02:26:29,955 [pool-423-thread-1] INFO  server.RaftServerConfigKeys (ConfUtils.java:logGet(43)) - raft.server.log.preallocated.size = 16384 (custom)
2019-10-09 02:26:29,955 [pool-413-thread-1] INFO  server.RaftServerConfigKeys (ConfUtils.java:logGet(43)) - raft.server.log.segment.size.max = 1048576 (custom)
2019-10-09 02:26:29,955 [pool-433-thread-1] INFO  server.RaftServerConfigKeys (ConfUtils.java:logGet(43)) - raft.server.snapshot.auto.trigger.enabled = true (custom)
2019-10-09 02:26:29,955 [pool-423-thread-1] INFO  server.RaftServerConfigKeys (ConfUtils.java:logGet(43)) - raft.server.log.write.buffer.size = 33554432 (custom)
2019-10-09 02:26:29,955 [pool-433-thread-1] INFO  server.RaftServerConfigKeys (ConfUtils.java:logGet(43)) - raft.server.snapshot.auto.trigger.threshold = 10000 (custom)
2019-10-09 02:26:29,955 [pool-413-thread-1] INFO  server.RaftServerConfigKeys (ConfUtils.java:logGet(43)) - raft.server.log.preallocated.size = 16384 (custom)
2019-10-09 02:26:29,956 [pool-433-thread-1] INFO  server.RaftServerConfigKeys (ConfUtils.java:logGet(43)) - raft.server.snapshot.retention.file.num = 5 (custom)
2019-10-09 02:26:29,956 [pool-423-thread-1] INFO  server.RaftServerConfigKeys (ConfUtils.java:logGet(43)) - raft.server.log.force.sync.num = 128 (default)
2019-10-09 02:26:29,956 [pool-433-thread-1] INFO  server.RaftServerConfigKeys (ConfUtils.java:logGet(43)) - raft.server.retrycache.expirytime = 600000ms (custom)
2019-10-09 02:26:29,956 [pool-413-thread-1] INFO  server.RaftServerConfigKeys (ConfUtils.java:logGet(43)) - raft.server.log.write.buffer.size = 33554432 (custom)
2019-10-09 02:26:29,956 [pool-423-thread-1] INFO  server.RaftServerConfigKeys (ConfUtils.java:logGet(43)) - raft.server.log.statemachine.data.sync = true (default)
2019-10-09 02:26:29,956 [pool-413-thread-1] INFO  server.RaftServerConfigKeys (ConfUtils.java:logGet(43)) - raft.server.log.force.sync.num = 128 (default)
2019-10-09 02:26:29,957 [pool-423-thread-1] INFO  server.RaftServerConfigKeys (ConfUtils.java:logGet(43)) - raft.server.log.statemachine.data.sync.timeout = 10s (default)
2019-10-09 02:26:29,957 [pool-413-thread-1] INFO  server.RaftServerConfigKeys (ConfUtils.java:logGet(43)) - raft.server.log.statemachine.data.sync = true (default)
2019-10-09 02:26:29,957 [pool-423-thread-1] INFO  server.RaftServerConfigKeys (ConfUtils.java:logGet(43)) - raft.server.log.statemachine.data.sync.timeout.retry = -1 (default)
2019-10-09 02:26:29,957 [pool-413-thread-1] INFO  server.RaftServerConfigKeys (ConfUtils.java:logGet(43)) - raft.server.log.statemachine.data.sync.timeout = 10s (default)
2019-10-09 02:26:29,957 [pool-423-thread-1] INFO  server.RaftServerConfigKeys (ConfUtils.java:logGet(43)) - raft.server.log.statemachine.data.caching.enabled = true (custom)
2019-10-09 02:26:29,957 [pool-413-thread-1] INFO  server.RaftServerConfigKeys (ConfUtils.java:logGet(43)) - raft.server.log.statemachine.data.sync.timeout.retry = -1 (default)
2019-10-09 02:26:29,958 [pool-413-thread-1] INFO  server.RaftServerConfigKeys (ConfUtils.java:logGet(43)) - raft.server.log.statemachine.data.caching.enabled = true (custom)
2019-10-09 02:26:29,958 [pool-423-thread-1] INFO  segmented.SegmentedRaftLogWorker (SegmentedRaftLogWorker.java:lambda$new$0(128)) - 2bc18a31-8b04-4456-80dd-2532d43eaadf@group-C1D15415D68D-SegmentedRaftLogWorker: flushIndex: setUnconditionally 0 -> -1
2019-10-09 02:26:29,958 [pool-413-thread-1] INFO  segmented.SegmentedRaftLogWorker (SegmentedRaftLogWorker.java:lambda$new$0(128)) - 1ba175d3-dd7a-48a9-9135-70d34c994ae2@group-C1D15415D68D-SegmentedRaftLogWorker: flushIndex: setUnconditionally 0 -> -1
2019-10-09 02:26:29,958 [pool-423-thread-1] INFO  server.RaftServerConfigKeys (ConfUtils.java:logGet(43)) - raft.server.snapshot.auto.trigger.enabled = true (custom)
2019-10-09 02:26:29,958 [pool-413-thread-1] INFO  server.RaftServerConfigKeys (ConfUtils.java:logGet(43)) - raft.server.snapshot.auto.trigger.enabled = true (custom)
2019-10-09 02:26:29,958 [pool-423-thread-1] INFO  server.RaftServerConfigKeys (ConfUtils.java:logGet(43)) - raft.server.snapshot.auto.trigger.threshold = 10000 (custom)
2019-10-09 02:26:29,958 [pool-413-thread-1] INFO  server.RaftServerConfigKeys (ConfUtils.java:logGet(43)) - raft.server.snapshot.auto.trigger.threshold = 10000 (custom)
2019-10-09 02:26:29,959 [pool-423-thread-1] INFO  server.RaftServerConfigKeys (ConfUtils.java:logGet(43)) - raft.server.snapshot.retention.file.num = 5 (custom)
2019-10-09 02:26:29,959 [pool-433-thread-1] INFO  impl.RaftServerImpl (RaftServerImpl.java:start(181)) - a852e343-9852-4b4d-9062-dc84412a9de2@group-C1D15415D68D: start as a follower, conf=-1: [a852e343-9852-4b4d-9062-dc84412a9de2:192.168.151.114:32917, 1ba175d3-dd7a-48a9-9135-70d34c994ae2:192.168.151.114:40794, 2bc18a31-8b04-4456-80dd-2532d43eaadf:192.168.151.114:45916], old=null
2019-10-09 02:26:29,959 [pool-423-thread-1] INFO  server.RaftServerConfigKeys (ConfUtils.java:logGet(43)) - raft.server.retrycache.expirytime = 600000ms (custom)
2019-10-09 02:26:29,959 [pool-413-thread-1] INFO  server.RaftServerConfigKeys (ConfUtils.java:logGet(43)) - raft.server.snapshot.retention.file.num = 5 (custom)
2019-10-09 02:26:29,959 [pool-433-thread-1] INFO  impl.RaftServerImpl (RaftServerImpl.java:setRole(170)) - a852e343-9852-4b4d-9062-dc84412a9de2@group-C1D15415D68D: changes role from      null to FOLLOWER at term 0 for startAsFollower
2019-10-09 02:26:29,959 [pool-413-thread-1] INFO  server.RaftServerConfigKeys (ConfUtils.java:logGet(43)) - raft.server.retrycache.expirytime = 600000ms (custom)
2019-10-09 02:26:29,959 [pool-433-thread-1] INFO  impl.RoleInfo (RoleInfo.java:updateAndGet(143)) - a852e343-9852-4b4d-9062-dc84412a9de2: start FollowerState
2019-10-09 02:26:29,960 [pool-433-thread-1] INFO  util.JmxRegister (JmxRegister.java:tryRegister(44)) - Successfully registered JMX Bean with object name Ratis:service=RaftServer,group=group-C1D15415D68D,id=a852e343-9852-4b4d-9062-dc84412a9de2
2019-10-09 02:26:29,962 [pool-423-thread-1] INFO  impl.RaftServerImpl (RaftServerImpl.java:start(181)) - 2bc18a31-8b04-4456-80dd-2532d43eaadf@group-C1D15415D68D: start as a follower, conf=-1: [a852e343-9852-4b4d-9062-dc84412a9de2:192.168.151.114:32917, 1ba175d3-dd7a-48a9-9135-70d34c994ae2:192.168.151.114:40794, 2bc18a31-8b04-4456-80dd-2532d43eaadf:192.168.151.114:45916], old=null
2019-10-09 02:26:29,963 [pool-423-thread-1] INFO  impl.RaftServerImpl (RaftServerImpl.java:setRole(170)) - 2bc18a31-8b04-4456-80dd-2532d43eaadf@group-C1D15415D68D: changes role from      null to FOLLOWER at term 0 for startAsFollower
2019-10-09 02:26:29,963 [pool-423-thread-1] INFO  impl.RoleInfo (RoleInfo.java:updateAndGet(143)) - 2bc18a31-8b04-4456-80dd-2532d43eaadf: start FollowerState
2019-10-09 02:26:29,963 [pool-413-thread-1] INFO  impl.RaftServerImpl (RaftServerImpl.java:start(181)) - 1ba175d3-dd7a-48a9-9135-70d34c994ae2@group-C1D15415D68D: start as a follower, conf=-1: [a852e343-9852-4b4d-9062-dc84412a9de2:192.168.151.114:32917, 1ba175d3-dd7a-48a9-9135-70d34c994ae2:192.168.151.114:40794, 2bc18a31-8b04-4456-80dd-2532d43eaadf:192.168.151.114:45916], old=null
2019-10-09 02:26:29,963 [pool-413-thread-1] INFO  impl.RaftServerImpl (RaftServerImpl.java:setRole(170)) - 1ba175d3-dd7a-48a9-9135-70d34c994ae2@group-C1D15415D68D: changes role from      null to FOLLOWER at term 0 for startAsFollower
2019-10-09 02:26:29,963 [pool-423-thread-1] INFO  util.JmxRegister (JmxRegister.java:tryRegister(44)) - Successfully registered JMX Bean with object name Ratis:service=RaftServer,group=group-C1D15415D68D,id=2bc18a31-8b04-4456-80dd-2532d43eaadf
2019-10-09 02:26:29,963 [pool-413-thread-1] INFO  impl.RoleInfo (RoleInfo.java:updateAndGet(143)) - 1ba175d3-dd7a-48a9-9135-70d34c994ae2: start FollowerState
2019-10-09 02:26:29,964 [pool-413-thread-1] INFO  util.JmxRegister (JmxRegister.java:tryRegister(44)) - Successfully registered JMX Bean with object name Ratis:service=RaftServer,group=group-C1D15415D68D,id=1ba175d3-dd7a-48a9-9135-70d34c994ae2
2019-10-09 02:26:29,970 [RatisPipelineUtilsThread] INFO  pipeline.PipelineStateManager (PipelineStateManager.java:addPipeline(56)) - Created pipeline Pipeline[ Id: efe3cb38-561e-4763-8cab-c1d15415d68d, Nodes: a852e343-9852-4b4d-9062-dc84412a9de2{ip: 192.168.151.114, host: pr-hdds-2181-ddhv2-4067587365, networkLocation: /default-rack, certSerialId: null}1ba175d3-dd7a-48a9-9135-70d34c994ae2{ip: 192.168.151.114, host: pr-hdds-2181-ddhv2-4067587365, networkLocation: /default-rack, certSerialId: null}2bc18a31-8b04-4456-80dd-2532d43eaadf{ip: 192.168.151.114, host: pr-hdds-2181-ddhv2-4067587365, networkLocation: /default-rack, certSerialId: null}, Type:RATIS, Factor:THREE, State:OPEN]
2019-10-09 02:26:30,901 [main] INFO  ozone.MiniOzoneClusterImpl (MiniOzoneClusterImpl.java:lambda$waitForClusterToBeReady$0(147)) - Cluster is ready. Got 7 of 7 DN Heartbeats.
2019-10-09 02:26:30,954 [main] INFO  rpc.RpcClient (RpcClient.java:createVolume(277)) - Creating Volume: watchforcommithandlingtest, with jenkins1000 as owner.
2019-10-09 02:26:30,958 [IPC Server handler 2 on 34177] INFO  volume.OMVolumeCreateRequest (OMVolumeCreateRequest.java:validateAndUpdateCache(193)) - created volume:watchforcommithandlingtest for user:jenkins1000
2019-10-09 02:26:30,974 [main] INFO  rpc.RpcClient (RpcClient.java:createBucket(416)) - Creating Bucket: watchforcommithandlingtest/watchforcommithandlingtest, with Versioning false and Storage Type set to DISK and Encryption set to false 
2019-10-09 02:26:30,980 [main] INFO  ozone.MiniOzoneClusterImpl (MiniOzoneClusterImpl.java:getStorageContainerLocationClient(234)) - Creating StorageContainerLocationProtocol RPC client with address /0.0.0.0:35230
2019-10-09 02:26:32,489 [Thread-2347] INFO  container.ReplicationManager (ReplicationManager.java:start(162)) - Starting Replication Monitor Thread.
2019-10-09 02:26:32,493 [ReplicationMonitor] INFO  container.ReplicationManager (ReplicationManager.java:run(225)) - Replication Monitor Thread took 1 milliseconds for processing 1 containers.
2019-10-09 02:26:34,702 [Thread-2349] INFO  impl.FollowerState (FollowerState.java:run(108)) - 286c369c-cc97-41b7-b5c3-ecd621b74e6f@group-8A255D6C90C8-FollowerState: change to CANDIDATE, lastRpcTime:5155ms, electionTimeout:5155ms
2019-10-09 02:26:34,702 [Thread-2349] INFO  impl.RoleInfo (RoleInfo.java:shutdownFollowerState(121)) - 286c369c-cc97-41b7-b5c3-ecd621b74e6f: shutdown FollowerState
2019-10-09 02:26:34,702 [Thread-2349] INFO  impl.RaftServerImpl (RaftServerImpl.java:setRole(170)) - 286c369c-cc97-41b7-b5c3-ecd621b74e6f@group-8A255D6C90C8: changes role from  FOLLOWER to CANDIDATE at term 0 for changeToCandidate
2019-10-09 02:26:34,703 [Thread-2349] INFO  impl.RoleInfo (RoleInfo.java:updateAndGet(143)) - 286c369c-cc97-41b7-b5c3-ecd621b74e6f: start LeaderElection
2019-10-09 02:26:34,724 [Thread-2361] INFO  impl.FollowerState (FollowerState.java:run(108)) - 286c369c-cc97-41b7-b5c3-ecd621b74e6f@group-54FCA7217FD8-FollowerState: change to CANDIDATE, lastRpcTime:5006ms, electionTimeout:5006ms
2019-10-09 02:26:34,724 [Thread-2361] INFO  impl.RoleInfo (RoleInfo.java:shutdownFollowerState(121)) - 286c369c-cc97-41b7-b5c3-ecd621b74e6f: shutdown FollowerState
2019-10-09 02:26:34,725 [Thread-2361] INFO  impl.RaftServerImpl (RaftServerImpl.java:setRole(170)) - 286c369c-cc97-41b7-b5c3-ecd621b74e6f@group-54FCA7217FD8: changes role from  FOLLOWER to CANDIDATE at term 0 for changeToCandidate
2019-10-09 02:26:34,725 [Thread-2361] INFO  impl.RoleInfo (RoleInfo.java:updateAndGet(143)) - 286c369c-cc97-41b7-b5c3-ecd621b74e6f: start LeaderElection
2019-10-09 02:26:34,728 [286c369c-cc97-41b7-b5c3-ecd621b74e6f@group-8A255D6C90C8-LeaderElection85] INFO  impl.LeaderElection (LeaderElection.java:askForVotes(178)) - 286c369c-cc97-41b7-b5c3-ecd621b74e6f@group-8A255D6C90C8-LeaderElection85: begin an election at term 1 for -1: [286c369c-cc97-41b7-b5c3-ecd621b74e6f:192.168.151.114:35312], old=null
2019-10-09 02:26:34,729 [286c369c-cc97-41b7-b5c3-ecd621b74e6f@group-8A255D6C90C8-LeaderElection85] INFO  impl.RoleInfo (RoleInfo.java:shutdownLeaderElection(134)) - 286c369c-cc97-41b7-b5c3-ecd621b74e6f: shutdown LeaderElection
2019-10-09 02:26:34,729 [286c369c-cc97-41b7-b5c3-ecd621b74e6f@group-8A255D6C90C8-LeaderElection85] INFO  impl.RaftServerImpl (RaftServerImpl.java:setRole(170)) - 286c369c-cc97-41b7-b5c3-ecd621b74e6f@group-8A255D6C90C8: changes role from CANDIDATE to LEADER at term 1 for changeToLeader
2019-10-09 02:26:34,729 [286c369c-cc97-41b7-b5c3-ecd621b74e6f@group-8A255D6C90C8-LeaderElection85] INFO  impl.RaftServerImpl (ServerState.java:setLeader(255)) - 286c369c-cc97-41b7-b5c3-ecd621b74e6f@group-8A255D6C90C8: change Leader from null to 286c369c-cc97-41b7-b5c3-ecd621b74e6f at term 1 for becomeLeader, leader elected after 5192ms
2019-10-09 02:26:34,729 [286c369c-cc97-41b7-b5c3-ecd621b74e6f@group-8A255D6C90C8-LeaderElection85] INFO  server.RaftServerConfigKeys (ConfUtils.java:logGet(43)) - raft.server.staging.catchup.gap = 1000 (default)
2019-10-09 02:26:34,729 [286c369c-cc97-41b7-b5c3-ecd621b74e6f@group-8A255D6C90C8-LeaderElection85] INFO  server.RaftServerConfigKeys (ConfUtils.java:logGet(43)) - raft.server.rpc.sleep.time = 25ms (default)
2019-10-09 02:26:34,730 [286c369c-cc97-41b7-b5c3-ecd621b74e6f@group-8A255D6C90C8-LeaderElection85] INFO  server.RaftServerConfigKeys (ConfUtils.java:logGet(43)) - raft.server.write.element-limit = 4096 (default)
2019-10-09 02:26:34,730 [286c369c-cc97-41b7-b5c3-ecd621b74e6f@group-8A255D6C90C8-LeaderElection85] INFO  server.RaftServerConfigKeys (ConfUtils.java:logGet(43)) - raft.server.watch.timeout = 10s (default)
2019-10-09 02:26:34,730 [286c369c-cc97-41b7-b5c3-ecd621b74e6f@group-8A255D6C90C8-LeaderElection85] INFO  server.RaftServerConfigKeys (ConfUtils.java:logGet(43)) - raft.server.watch.timeout.denomination = 1s (default)
2019-10-09 02:26:34,730 [286c369c-cc97-41b7-b5c3-ecd621b74e6f@group-8A255D6C90C8-LeaderElection85] INFO  server.RaftServerConfigKeys (ConfUtils.java:logGet(43)) - raft.server.watch.element-limit = 65536 (default)
2019-10-09 02:26:34,733 [286c369c-cc97-41b7-b5c3-ecd621b74e6f@group-8A255D6C90C8-LeaderElection85] INFO  impl.RoleInfo (RoleInfo.java:updateAndGet(143)) - 286c369c-cc97-41b7-b5c3-ecd621b74e6f: start LeaderState
2019-10-09 02:26:34,734 [286c369c-cc97-41b7-b5c3-ecd621b74e6f@group-8A255D6C90C8-LeaderElection85] INFO  segmented.SegmentedRaftLogWorker (SegmentedRaftLogWorker.java:startLogSegment(385)) - 286c369c-cc97-41b7-b5c3-ecd621b74e6f@group-8A255D6C90C8-SegmentedRaftLogWorker: Starting segment from index:0
2019-10-09 02:26:34,735 [286c369c-cc97-41b7-b5c3-ecd621b74e6f@group-8A255D6C90C8-LeaderElection85] INFO  impl.RaftServerImpl (ServerState.java:setRaftConf(356)) - 286c369c-cc97-41b7-b5c3-ecd621b74e6f@group-8A255D6C90C8: set configuration 0: [286c369c-cc97-41b7-b5c3-ecd621b74e6f:192.168.151.114:35312], old=null at 0
2019-10-09 02:26:34,741 [286c369c-cc97-41b7-b5c3-ecd621b74e6f@group-54FCA7217FD8-LeaderElection86] INFO  impl.LeaderElection (LeaderElection.java:askForVotes(178)) - 286c369c-cc97-41b7-b5c3-ecd621b74e6f@group-54FCA7217FD8-LeaderElection86: begin an election at term 1 for -1: [286c369c-cc97-41b7-b5c3-ecd621b74e6f:192.168.151.114:35312, 9500ddf0-9643-45a9-8045-ab496982ad4d:192.168.151.114:41911, d51cab02-7f3d-4e5c-8223-8746c15674b1:192.168.151.114:39992], old=null
2019-10-09 02:26:34,775 [grpc-default-executor-5] INFO  impl.RaftServerImpl (RaftServerImpl.java:setRole(170)) - 9500ddf0-9643-45a9-8045-ab496982ad4d@group-54FCA7217FD8: changes role from  FOLLOWER to FOLLOWER at term 1 for recognizeCandidate:286c369c-cc97-41b7-b5c3-ecd621b74e6f
2019-10-09 02:26:34,775 [grpc-default-executor-0] INFO  impl.RaftServerImpl (RaftServerImpl.java:setRole(170)) - d51cab02-7f3d-4e5c-8223-8746c15674b1@group-54FCA7217FD8: changes role from  FOLLOWER to FOLLOWER at term 1 for recognizeCandidate:286c369c-cc97-41b7-b5c3-ecd621b74e6f
2019-10-09 02:26:34,775 [grpc-default-executor-5] INFO  impl.RoleInfo (RoleInfo.java:shutdownFollowerState(121)) - 9500ddf0-9643-45a9-8045-ab496982ad4d: shutdown FollowerState
2019-10-09 02:26:34,775 [grpc-default-executor-0] INFO  impl.RoleInfo (RoleInfo.java:shutdownFollowerState(121)) - d51cab02-7f3d-4e5c-8223-8746c15674b1: shutdown FollowerState
2019-10-09 02:26:34,775 [grpc-default-executor-5] INFO  impl.RoleInfo (RoleInfo.java:updateAndGet(143)) - 9500ddf0-9643-45a9-8045-ab496982ad4d: start FollowerState
2019-10-09 02:26:34,775 [grpc-default-executor-0] INFO  impl.RoleInfo (RoleInfo.java:updateAndGet(143)) - d51cab02-7f3d-4e5c-8223-8746c15674b1: start FollowerState
2019-10-09 02:26:34,775 [Thread-2362] INFO  impl.FollowerState (FollowerState.java:run(117)) - 9500ddf0-9643-45a9-8045-ab496982ad4d@group-54FCA7217FD8-FollowerState was interrupted: java.lang.InterruptedException: sleep interrupted
2019-10-09 02:26:34,776 [Thread-2360] INFO  impl.FollowerState (FollowerState.java:run(117)) - d51cab02-7f3d-4e5c-8223-8746c15674b1@group-54FCA7217FD8-FollowerState was interrupted: java.lang.InterruptedException: sleep interrupted
2019-10-09 02:26:34,788 [286c369c-cc97-41b7-b5c3-ecd621b74e6f@group-8A255D6C90C8-SegmentedRaftLogWorker] INFO  segmented.SegmentedRaftLogWorker (SegmentedRaftLogWorker.java:execute(574)) - 286c369c-cc97-41b7-b5c3-ecd621b74e6f@group-8A255D6C90C8-SegmentedRaftLogWorker: created new log segment /workdir/hadoop-ozone/integration-test/target/test-dir/MiniOzoneClusterImpl-d1ef5ec3-9c6f-4c51-8424-4bb1ae139615/datanode-0/data/ratis/ea9e327f-723e-4213-867e-8a255d6c90c8/current/log_inprogress_0
2019-10-09 02:26:34,789 [286c369c-cc97-41b7-b5c3-ecd621b74e6f@group-54FCA7217FD8-LeaderElection86] INFO  impl.LeaderElection (LeaderElection.java:logAndReturn(56)) - 286c369c-cc97-41b7-b5c3-ecd621b74e6f@group-54FCA7217FD8-LeaderElection86: Election PASSED; received 1 response(s) [286c369c-cc97-41b7-b5c3-ecd621b74e6f<-d51cab02-7f3d-4e5c-8223-8746c15674b1#0:OK-t1] and 0 exception(s); 286c369c-cc97-41b7-b5c3-ecd621b74e6f@group-54FCA7217FD8:t1, leader=null, voted=286c369c-cc97-41b7-b5c3-ecd621b74e6f, raftlog=286c369c-cc97-41b7-b5c3-ecd621b74e6f@group-54FCA7217FD8-SegmentedRaftLog:OPENED:c-1,f-1,i0, conf=-1: [286c369c-cc97-41b7-b5c3-ecd621b74e6f:192.168.151.114:35312, 9500ddf0-9643-45a9-8045-ab496982ad4d:192.168.151.114:41911, d51cab02-7f3d-4e5c-8223-8746c15674b1:192.168.151.114:39992], old=null
2019-10-09 02:26:34,790 [286c369c-cc97-41b7-b5c3-ecd621b74e6f@group-54FCA7217FD8-LeaderElection86] INFO  impl.RoleInfo (RoleInfo.java:shutdownLeaderElection(134)) - 286c369c-cc97-41b7-b5c3-ecd621b74e6f: shutdown LeaderElection
2019-10-09 02:26:34,790 [286c369c-cc97-41b7-b5c3-ecd621b74e6f@group-54FCA7217FD8-LeaderElection86] INFO  impl.RaftServerImpl (RaftServerImpl.java:setRole(170)) - 286c369c-cc97-41b7-b5c3-ecd621b74e6f@group-54FCA7217FD8: changes role from CANDIDATE to LEADER at term 1 for changeToLeader
2019-10-09 02:26:34,790 [286c369c-cc97-41b7-b5c3-ecd621b74e6f@group-54FCA7217FD8-LeaderElection86] INFO  impl.RaftServerImpl (ServerState.java:setLeader(255)) - 286c369c-cc97-41b7-b5c3-ecd621b74e6f@group-54FCA7217FD8: change Leader from null to 286c369c-cc97-41b7-b5c3-ecd621b74e6f at term 1 for becomeLeader, leader elected after 5083ms
2019-10-09 02:26:34,790 [286c369c-cc97-41b7-b5c3-ecd621b74e6f@group-54FCA7217FD8-LeaderElection86] INFO  server.RaftServerConfigKeys (ConfUtils.java:logGet(43)) - raft.server.staging.catchup.gap = 1000 (default)
2019-10-09 02:26:34,790 [286c369c-cc97-41b7-b5c3-ecd621b74e6f@group-54FCA7217FD8-LeaderElection86] INFO  server.RaftServerConfigKeys (ConfUtils.java:logGet(43)) - raft.server.rpc.sleep.time = 25ms (default)
2019-10-09 02:26:34,790 [286c369c-cc97-41b7-b5c3-ecd621b74e6f@group-54FCA7217FD8-LeaderElection86] INFO  server.RaftServerConfigKeys (ConfUtils.java:logGet(43)) - raft.server.write.element-limit = 4096 (default)
2019-10-09 02:26:34,791 [286c369c-cc97-41b7-b5c3-ecd621b74e6f@group-54FCA7217FD8-LeaderElection86] INFO  server.RaftServerConfigKeys (ConfUtils.java:logGet(43)) - raft.server.watch.timeout = 10s (default)
2019-10-09 02:26:34,791 [286c369c-cc97-41b7-b5c3-ecd621b74e6f@group-54FCA7217FD8-LeaderElection86] INFO  server.RaftServerConfigKeys (ConfUtils.java:logGet(43)) - raft.server.watch.timeout.denomination = 1s (default)
2019-10-09 02:26:34,791 [286c369c-cc97-41b7-b5c3-ecd621b74e6f@group-54FCA7217FD8-LeaderElection86] INFO  server.RaftServerConfigKeys (ConfUtils.java:logGet(43)) - raft.server.watch.element-limit = 65536 (default)
2019-10-09 02:26:34,793 [Thread-2352] INFO  impl.FollowerState (FollowerState.java:run(108)) - 9500ddf0-9643-45a9-8045-ab496982ad4d@group-6ADD14044038-FollowerState: change to CANDIDATE, lastRpcTime:5196ms, electionTimeout:5196ms
2019-10-09 02:26:34,793 [Thread-2352] INFO  impl.RoleInfo (RoleInfo.java:shutdownFollowerState(121)) - 9500ddf0-9643-45a9-8045-ab496982ad4d: shutdown FollowerState
2019-10-09 02:26:34,793 [Thread-2352] INFO  impl.RaftServerImpl (RaftServerImpl.java:setRole(170)) - 9500ddf0-9643-45a9-8045-ab496982ad4d@group-6ADD14044038: changes role from  FOLLOWER to CANDIDATE at term 0 for changeToCandidate
2019-10-09 02:26:34,793 [Thread-2352] INFO  impl.RoleInfo (RoleInfo.java:updateAndGet(143)) - 9500ddf0-9643-45a9-8045-ab496982ad4d: start LeaderElection
2019-10-09 02:26:34,793 [286c369c-cc97-41b7-b5c3-ecd621b74e6f@group-54FCA7217FD8-LeaderElection86] INFO  server.RaftServerConfigKeys (ConfUtils.java:logGet(43)) - raft.server.log.appender.snapshot.chunk.size.max = 16MB (=16777216) (default)
2019-10-09 02:26:34,799 [286c369c-cc97-41b7-b5c3-ecd621b74e6f@group-54FCA7217FD8-LeaderElection86] INFO  server.RaftServerConfigKeys (ConfUtils.java:logGet(43)) - raft.server.log.appender.buffer.byte-limit = 33554432 (custom)
2019-10-09 02:26:34,799 [286c369c-cc97-41b7-b5c3-ecd621b74e6f@group-54FCA7217FD8-LeaderElection86] INFO  server.RaftServerConfigKeys (ConfUtils.java:logGet(43)) - raft.server.log.appender.buffer.element-limit = 1 (custom)
2019-10-09 02:26:34,799 [286c369c-cc97-41b7-b5c3-ecd621b74e6f@group-54FCA7217FD8-LeaderElection86] INFO  grpc.GrpcConfigKeys$Server (ConfUtils.java:logGet(43)) - raft.grpc.server.leader.outstanding.appends.max = 128 (default)
2019-10-09 02:26:34,800 [286c369c-cc97-41b7-b5c3-ecd621b74e6f@group-54FCA7217FD8-LeaderElection86] INFO  server.RaftServerConfigKeys (ConfUtils.java:logGet(43)) - raft.server.rpc.request.timeout = 3000ms (default)
2019-10-09 02:26:34,800 [286c369c-cc97-41b7-b5c3-ecd621b74e6f@group-54FCA7217FD8-LeaderElection86] INFO  server.RaftServerConfigKeys (ConfUtils.java:logGet(43)) - raft.server.log.appender.install.snapshot.enabled = false (custom)
2019-10-09 02:26:34,800 [286c369c-cc97-41b7-b5c3-ecd621b74e6f@group-54FCA7217FD8-LeaderElection86] INFO  server.RaftServerConfigKeys (ConfUtils.java:logGet(43)) - raft.server.log.appender.snapshot.chunk.size.max = 16MB (=16777216) (default)
2019-10-09 02:26:34,800 [286c369c-cc97-41b7-b5c3-ecd621b74e6f@group-54FCA7217FD8-LeaderElection86] INFO  server.RaftServerConfigKeys (ConfUtils.java:logGet(43)) - raft.server.log.appender.buffer.byte-limit = 33554432 (custom)
2019-10-09 02:26:34,800 [286c369c-cc97-41b7-b5c3-ecd621b74e6f@group-54FCA7217FD8-LeaderElection86] INFO  server.RaftServerConfigKeys (ConfUtils.java:logGet(43)) - raft.server.log.appender.buffer.element-limit = 1 (custom)
2019-10-09 02:26:34,800 [286c369c-cc97-41b7-b5c3-ecd621b74e6f@group-54FCA7217FD8-LeaderElection86] INFO  grpc.GrpcConfigKeys$Server (ConfUtils.java:logGet(43)) - raft.grpc.server.leader.outstanding.appends.max = 128 (default)
2019-10-09 02:26:34,801 [286c369c-cc97-41b7-b5c3-ecd621b74e6f@group-54FCA7217FD8-LeaderElection86] INFO  server.RaftServerConfigKeys (ConfUtils.java:logGet(43)) - raft.server.rpc.request.timeout = 3000ms (default)
2019-10-09 02:26:34,801 [286c369c-cc97-41b7-b5c3-ecd621b74e6f@group-54FCA7217FD8-LeaderElection86] INFO  server.RaftServerConfigKeys (ConfUtils.java:logGet(43)) - raft.server.log.appender.install.snapshot.enabled = false (custom)
2019-10-09 02:26:34,801 [286c369c-cc97-41b7-b5c3-ecd621b74e6f@group-54FCA7217FD8-LeaderElection86] INFO  impl.RoleInfo (RoleInfo.java:updateAndGet(143)) - 286c369c-cc97-41b7-b5c3-ecd621b74e6f: start LeaderState
2019-10-09 02:26:34,801 [9500ddf0-9643-45a9-8045-ab496982ad4d@group-6ADD14044038-LeaderElection87] INFO  impl.LeaderElection (LeaderElection.java:askForVotes(178)) - 9500ddf0-9643-45a9-8045-ab496982ad4d@group-6ADD14044038-LeaderElection87: begin an election at term 1 for -1: [9500ddf0-9643-45a9-8045-ab496982ad4d:192.168.151.114:41911], old=null
2019-10-09 02:26:34,801 [286c369c-cc97-41b7-b5c3-ecd621b74e6f@group-54FCA7217FD8-LeaderElection86] INFO  segmented.SegmentedRaftLogWorker (SegmentedRaftLogWorker.java:startLogSegment(385)) - 286c369c-cc97-41b7-b5c3-ecd621b74e6f@group-54FCA7217FD8-SegmentedRaftLogWorker: Starting segment from index:0
2019-10-09 02:26:34,801 [9500ddf0-9643-45a9-8045-ab496982ad4d@group-6ADD14044038-LeaderElection87] INFO  impl.RoleInfo (RoleInfo.java:shutdownLeaderElection(134)) - 9500ddf0-9643-45a9-8045-ab496982ad4d: shutdown LeaderElection
2019-10-09 02:26:34,801 [9500ddf0-9643-45a9-8045-ab496982ad4d@group-6ADD14044038-LeaderElection87] INFO  impl.RaftServerImpl (RaftServerImpl.java:setRole(170)) - 9500ddf0-9643-45a9-8045-ab496982ad4d@group-6ADD14044038: changes role from CANDIDATE to LEADER at term 1 for changeToLeader
2019-10-09 02:26:34,802 [9500ddf0-9643-45a9-8045-ab496982ad4d@group-6ADD14044038-LeaderElection87] INFO  impl.RaftServerImpl (ServerState.java:setLeader(255)) - 9500ddf0-9643-45a9-8045-ab496982ad4d@group-6ADD14044038: change Leader from null to 9500ddf0-9643-45a9-8045-ab496982ad4d at term 1 for becomeLeader, leader elected after 5212ms
2019-10-09 02:26:34,802 [9500ddf0-9643-45a9-8045-ab496982ad4d@group-6ADD14044038-LeaderElection87] INFO  server.RaftServerConfigKeys (ConfUtils.java:logGet(43)) - raft.server.staging.catchup.gap = 1000 (default)
2019-10-09 02:26:34,802 [286c369c-cc97-41b7-b5c3-ecd621b74e6f@group-54FCA7217FD8-LeaderElection86] INFO  impl.RaftServerImpl (ServerState.java:setRaftConf(356)) - 286c369c-cc97-41b7-b5c3-ecd621b74e6f@group-54FCA7217FD8: set configuration 0: [286c369c-cc97-41b7-b5c3-ecd621b74e6f:192.168.151.114:35312, 9500ddf0-9643-45a9-8045-ab496982ad4d:192.168.151.114:41911, d51cab02-7f3d-4e5c-8223-8746c15674b1:192.168.151.114:39992], old=null at 0
2019-10-09 02:26:34,802 [9500ddf0-9643-45a9-8045-ab496982ad4d@group-6ADD14044038-LeaderElection87] INFO  server.RaftServerConfigKeys (ConfUtils.java:logGet(43)) - raft.server.rpc.sleep.time = 25ms (default)
2019-10-09 02:26:34,839 [grpc-default-executor-0] INFO  impl.RaftServerImpl (ServerState.java:setLeader(255)) - d51cab02-7f3d-4e5c-8223-8746c15674b1@group-54FCA7217FD8: change Leader from null to 286c369c-cc97-41b7-b5c3-ecd621b74e6f at term 1 for appendEntries, leader elected after 5133ms
2019-10-09 02:26:34,840 [9500ddf0-9643-45a9-8045-ab496982ad4d@group-6ADD14044038-LeaderElection87] INFO  server.RaftServerConfigKeys (ConfUtils.java:logGet(43)) - raft.server.write.element-limit = 4096 (default)
2019-10-09 02:26:34,840 [9500ddf0-9643-45a9-8045-ab496982ad4d@group-6ADD14044038-LeaderElection87] INFO  server.RaftServerConfigKeys (ConfUtils.java:logGet(43)) - raft.server.watch.timeout = 10s (default)
2019-10-09 02:26:34,840 [9500ddf0-9643-45a9-8045-ab496982ad4d@group-6ADD14044038-LeaderElection87] INFO  server.RaftServerConfigKeys (ConfUtils.java:logGet(43)) - raft.server.watch.timeout.denomination = 1s (default)
2019-10-09 02:26:34,840 [9500ddf0-9643-45a9-8045-ab496982ad4d@group-6ADD14044038-LeaderElection87] INFO  server.RaftServerConfigKeys (ConfUtils.java:logGet(43)) - raft.server.watch.element-limit = 65536 (default)
2019-10-09 02:26:34,844 [Thread-2370] INFO  impl.FollowerState (FollowerState.java:run(108)) - 2bc18a31-8b04-4456-80dd-2532d43eaadf@group-171EA9DD4174-FollowerState: change to CANDIDATE, lastRpcTime:5006ms, electionTimeout:5004ms
2019-10-09 02:26:34,844 [grpc-default-executor-5] INFO  impl.RaftServerImpl (ServerState.java:setLeader(255)) - 9500ddf0-9643-45a9-8045-ab496982ad4d@group-54FCA7217FD8: change Leader from null to 286c369c-cc97-41b7-b5c3-ecd621b74e6f at term 1 for appendEntries, leader elected after 5137ms
2019-10-09 02:26:34,844 [Thread-2370] INFO  impl.RoleInfo (RoleInfo.java:shutdownFollowerState(121)) - 2bc18a31-8b04-4456-80dd-2532d43eaadf: shutdown FollowerState
2019-10-09 02:26:34,845 [Thread-2370] INFO  impl.RaftServerImpl (RaftServerImpl.java:setRole(170)) - 2bc18a31-8b04-4456-80dd-2532d43eaadf@group-171EA9DD4174: changes role from  FOLLOWER to CANDIDATE at term 0 for changeToCandidate
2019-10-09 02:26:34,845 [Thread-2370] INFO  impl.RoleInfo (RoleInfo.java:updateAndGet(143)) - 2bc18a31-8b04-4456-80dd-2532d43eaadf: start LeaderElection
2019-10-09 02:26:34,848 [Thread-2355] INFO  impl.FollowerState (FollowerState.java:run(108)) - d51cab02-7f3d-4e5c-8223-8746c15674b1@group-0F071B1489EB-FollowerState: change to CANDIDATE, lastRpcTime:5196ms, electionTimeout:5194ms
2019-10-09 02:26:34,849 [Thread-2355] INFO  impl.RoleInfo (RoleInfo.java:shutdownFollowerState(121)) - d51cab02-7f3d-4e5c-8223-8746c15674b1: shutdown FollowerState
2019-10-09 02:26:34,849 [Thread-2355] INFO  impl.RaftServerImpl (RaftServerImpl.java:setRole(170)) - d51cab02-7f3d-4e5c-8223-8746c15674b1@group-0F071B1489EB: changes role from  FOLLOWER to CANDIDATE at term 0 for changeToCandidate
2019-10-09 02:26:34,855 [9500ddf0-9643-45a9-8045-ab496982ad4d@group-6ADD14044038-LeaderElection87] INFO  impl.RoleInfo (RoleInfo.java:updateAndGet(143)) - 9500ddf0-9643-45a9-8045-ab496982ad4d: start LeaderState
2019-10-09 02:26:34,854 [286c369c-cc97-41b7-b5c3-ecd621b74e6f@group-54FCA7217FD8-SegmentedRaftLogWorker] INFO  segmented.SegmentedRaftLogWorker (SegmentedRaftLogWorker.java:execute(574)) - 286c369c-cc97-41b7-b5c3-ecd621b74e6f@group-54FCA7217FD8-SegmentedRaftLogWorker: created new log segment /workdir/hadoop-ozone/integration-test/target/test-dir/MiniOzoneClusterImpl-d1ef5ec3-9c6f-4c51-8424-4bb1ae139615/datanode-0/data/ratis/86ea75de-1c3d-4d5a-a138-54fca7217fd8/current/log_inprogress_0
2019-10-09 02:26:34,855 [9500ddf0-9643-45a9-8045-ab496982ad4d@group-6ADD14044038-LeaderElection87] INFO  segmented.SegmentedRaftLogWorker (SegmentedRaftLogWorker.java:startLogSegment(385)) - 9500ddf0-9643-45a9-8045-ab496982ad4d@group-6ADD14044038-SegmentedRaftLogWorker: Starting segment from index:0
2019-10-09 02:26:34,855 [Thread-2355] INFO  impl.RoleInfo (RoleInfo.java:updateAndGet(143)) - d51cab02-7f3d-4e5c-8223-8746c15674b1: start LeaderElection
2019-10-09 02:26:34,855 [grpc-default-executor-0] INFO  impl.RaftServerImpl (ServerState.java:setRaftConf(356)) - d51cab02-7f3d-4e5c-8223-8746c15674b1@group-54FCA7217FD8: set configuration 0: [286c369c-cc97-41b7-b5c3-ecd621b74e6f:192.168.151.114:35312, 9500ddf0-9643-45a9-8045-ab496982ad4d:192.168.151.114:41911, d51cab02-7f3d-4e5c-8223-8746c15674b1:192.168.151.114:39992], old=null at 0
2019-10-09 02:26:34,855 [grpc-default-executor-5] INFO  impl.RaftServerImpl (ServerState.java:setRaftConf(356)) - 9500ddf0-9643-45a9-8045-ab496982ad4d@group-54FCA7217FD8: set configuration 0: [286c369c-cc97-41b7-b5c3-ecd621b74e6f:192.168.151.114:35312, 9500ddf0-9643-45a9-8045-ab496982ad4d:192.168.151.114:41911, d51cab02-7f3d-4e5c-8223-8746c15674b1:192.168.151.114:39992], old=null at 0
2019-10-09 02:26:34,855 [9500ddf0-9643-45a9-8045-ab496982ad4d@group-6ADD14044038-LeaderElection87] INFO  impl.RaftServerImpl (ServerState.java:setRaftConf(356)) - 9500ddf0-9643-45a9-8045-ab496982ad4d@group-6ADD14044038: set configuration 0: [9500ddf0-9643-45a9-8045-ab496982ad4d:192.168.151.114:41911], old=null at 0
2019-10-09 02:26:34,886 [grpc-default-executor-5] INFO  segmented.SegmentedRaftLogWorker (SegmentedRaftLogWorker.java:startLogSegment(385)) - 9500ddf0-9643-45a9-8045-ab496982ad4d@group-54FCA7217FD8-SegmentedRaftLogWorker: Starting segment from index:0
2019-10-09 02:26:34,885 [2bc18a31-8b04-4456-80dd-2532d43eaadf@group-171EA9DD4174-LeaderElection88] INFO  impl.LeaderElection (LeaderElection.java:askForVotes(178)) - 2bc18a31-8b04-4456-80dd-2532d43eaadf@group-171EA9DD4174-LeaderElection88: begin an election at term 1 for -1: [2bc18a31-8b04-4456-80dd-2532d43eaadf:192.168.151.114:45916], old=null
2019-10-09 02:26:34,856 [grpc-default-executor-0] INFO  segmented.SegmentedRaftLogWorker (SegmentedRaftLogWorker.java:startLogSegment(385)) - d51cab02-7f3d-4e5c-8223-8746c15674b1@group-54FCA7217FD8-SegmentedRaftLogWorker: Starting segment from index:0
2019-10-09 02:26:34,886 [2bc18a31-8b04-4456-80dd-2532d43eaadf@group-171EA9DD4174-LeaderElection88] INFO  impl.RoleInfo (RoleInfo.java:shutdownLeaderElection(134)) - 2bc18a31-8b04-4456-80dd-2532d43eaadf: shutdown LeaderElection
2019-10-09 02:26:34,887 [2bc18a31-8b04-4456-80dd-2532d43eaadf@group-171EA9DD4174-LeaderElection88] INFO  impl.RaftServerImpl (RaftServerImpl.java:setRole(170)) - 2bc18a31-8b04-4456-80dd-2532d43eaadf@group-171EA9DD4174: changes role from CANDIDATE to LEADER at term 1 for changeToLeader
2019-10-09 02:26:34,887 [2bc18a31-8b04-4456-80dd-2532d43eaadf@group-171EA9DD4174-LeaderElection88] INFO  impl.RaftServerImpl (ServerState.java:setLeader(255)) - 2bc18a31-8b04-4456-80dd-2532d43eaadf@group-171EA9DD4174: change Leader from null to 2bc18a31-8b04-4456-80dd-2532d43eaadf at term 1 for becomeLeader, leader elected after 5056ms
2019-10-09 02:26:34,887 [2bc18a31-8b04-4456-80dd-2532d43eaadf@group-171EA9DD4174-LeaderElection88] INFO  server.RaftServerConfigKeys (ConfUtils.java:logGet(43)) - raft.server.staging.catchup.gap = 1000 (default)
2019-10-09 02:26:34,887 [2bc18a31-8b04-4456-80dd-2532d43eaadf@group-171EA9DD4174-LeaderElection88] INFO  server.RaftServerConfigKeys (ConfUtils.java:logGet(43)) - raft.server.rpc.sleep.time = 25ms (default)
2019-10-09 02:26:34,887 [2bc18a31-8b04-4456-80dd-2532d43eaadf@group-171EA9DD4174-LeaderElection88] INFO  server.RaftServerConfigKeys (ConfUtils.java:logGet(43)) - raft.server.write.element-limit = 4096 (default)
2019-10-09 02:26:34,887 [2bc18a31-8b04-4456-80dd-2532d43eaadf@group-171EA9DD4174-LeaderElection88] INFO  server.RaftServerConfigKeys (ConfUtils.java:logGet(43)) - raft.server.watch.timeout = 10s (default)
2019-10-09 02:26:34,888 [2bc18a31-8b04-4456-80dd-2532d43eaadf@group-171EA9DD4174-LeaderElection88] INFO  server.RaftServerConfigKeys (ConfUtils.java:logGet(43)) - raft.server.watch.timeout.denomination = 1s (default)
2019-10-09 02:26:34,888 [2bc18a31-8b04-4456-80dd-2532d43eaadf@group-171EA9DD4174-LeaderElection88] INFO  server.RaftServerConfigKeys (ConfUtils.java:logGet(43)) - raft.server.watch.element-limit = 65536 (default)
2019-10-09 02:26:34,889 [9500ddf0-9643-45a9-8045-ab496982ad4d@group-6ADD14044038-SegmentedRaftLogWorker] INFO  segmented.SegmentedRaftLogWorker (SegmentedRaftLogWorker.java:execute(574)) - 9500ddf0-9643-45a9-8045-ab496982ad4d@group-6ADD14044038-SegmentedRaftLogWorker: created new log segment /workdir/hadoop-ozone/integration-test/target/test-dir/MiniOzoneClusterImpl-d1ef5ec3-9c6f-4c51-8424-4bb1ae139615/datanode-1/data/ratis/8e729dfc-178c-4324-9a26-6add14044038/current/log_inprogress_0
2019-10-09 02:26:34,889 [d51cab02-7f3d-4e5c-8223-8746c15674b1@group-0F071B1489EB-LeaderElection89] INFO  impl.LeaderElection (LeaderElection.java:askForVotes(178)) - d51cab02-7f3d-4e5c-8223-8746c15674b1@group-0F071B1489EB-LeaderElection89: begin an election at term 1 for -1: [d51cab02-7f3d-4e5c-8223-8746c15674b1:192.168.151.114:39992], old=null
2019-10-09 02:26:34,889 [d51cab02-7f3d-4e5c-8223-8746c15674b1@group-0F071B1489EB-LeaderElection89] INFO  impl.RoleInfo (RoleInfo.java:shutdownLeaderElection(134)) - d51cab02-7f3d-4e5c-8223-8746c15674b1: shutdown LeaderElection
2019-10-09 02:26:34,889 [d51cab02-7f3d-4e5c-8223-8746c15674b1@group-0F071B1489EB-LeaderElection89] INFO  impl.RaftServerImpl (RaftServerImpl.java:setRole(170)) - d51cab02-7f3d-4e5c-8223-8746c15674b1@group-0F071B1489EB: changes role from CANDIDATE to LEADER at term 1 for changeToLeader
2019-10-09 02:26:34,889 [d51cab02-7f3d-4e5c-8223-8746c15674b1@group-0F071B1489EB-LeaderElection89] INFO  impl.RaftServerImpl (ServerState.java:setLeader(255)) - d51cab02-7f3d-4e5c-8223-8746c15674b1@group-0F071B1489EB: change Leader from null to d51cab02-7f3d-4e5c-8223-8746c15674b1 at term 1 for becomeLeader, leader elected after 5242ms
2019-10-09 02:26:34,890 [d51cab02-7f3d-4e5c-8223-8746c15674b1@group-0F071B1489EB-LeaderElection89] INFO  server.RaftServerConfigKeys (ConfUtils.java:logGet(43)) - raft.server.staging.catchup.gap = 1000 (default)
2019-10-09 02:26:34,890 [d51cab02-7f3d-4e5c-8223-8746c15674b1@group-0F071B1489EB-LeaderElection89] INFO  server.RaftServerConfigKeys (ConfUtils.java:logGet(43)) - raft.server.rpc.sleep.time = 25ms (default)
2019-10-09 02:26:34,890 [d51cab02-7f3d-4e5c-8223-8746c15674b1@group-0F071B1489EB-LeaderElection89] INFO  server.RaftServerConfigKeys (ConfUtils.java:logGet(43)) - raft.server.write.element-limit = 4096 (default)
2019-10-09 02:26:34,890 [2bc18a31-8b04-4456-80dd-2532d43eaadf@group-171EA9DD4174-LeaderElection88] INFO  impl.RoleInfo (RoleInfo.java:updateAndGet(143)) - 2bc18a31-8b04-4456-80dd-2532d43eaadf: start LeaderState
2019-10-09 02:26:34,890 [d51cab02-7f3d-4e5c-8223-8746c15674b1@group-0F071B1489EB-LeaderElection89] INFO  server.RaftServerConfigKeys (ConfUtils.java:logGet(43)) - raft.server.watch.timeout = 10s (default)
2019-10-09 02:26:34,890 [d51cab02-7f3d-4e5c-8223-8746c15674b1@group-0F071B1489EB-LeaderElection89] INFO  server.RaftServerConfigKeys (ConfUtils.java:logGet(43)) - raft.server.watch.timeout.denomination = 1s (default)
2019-10-09 02:26:34,890 [2bc18a31-8b04-4456-80dd-2532d43eaadf@group-171EA9DD4174-LeaderElection88] INFO  segmented.SegmentedRaftLogWorker (SegmentedRaftLogWorker.java:startLogSegment(385)) - 2bc18a31-8b04-4456-80dd-2532d43eaadf@group-171EA9DD4174-SegmentedRaftLogWorker: Starting segment from index:0
2019-10-09 02:26:34,890 [d51cab02-7f3d-4e5c-8223-8746c15674b1@group-0F071B1489EB-LeaderElection89] INFO  server.RaftServerConfigKeys (ConfUtils.java:logGet(43)) - raft.server.watch.element-limit = 65536 (default)
2019-10-09 02:26:34,891 [2bc18a31-8b04-4456-80dd-2532d43eaadf@group-171EA9DD4174-LeaderElection88] INFO  impl.RaftServerImpl (ServerState.java:setRaftConf(356)) - 2bc18a31-8b04-4456-80dd-2532d43eaadf@group-171EA9DD4174: set configuration 0: [2bc18a31-8b04-4456-80dd-2532d43eaadf:192.168.151.114:45916], old=null at 0
2019-10-09 02:26:34,892 [d51cab02-7f3d-4e5c-8223-8746c15674b1@group-0F071B1489EB-LeaderElection89] INFO  impl.RoleInfo (RoleInfo.java:updateAndGet(143)) - d51cab02-7f3d-4e5c-8223-8746c15674b1: start LeaderState
2019-10-09 02:26:34,892 [d51cab02-7f3d-4e5c-8223-8746c15674b1@group-0F071B1489EB-LeaderElection89] INFO  segmented.SegmentedRaftLogWorker (SegmentedRaftLogWorker.java:startLogSegment(385)) - d51cab02-7f3d-4e5c-8223-8746c15674b1@group-0F071B1489EB-SegmentedRaftLogWorker: Starting segment from index:0
2019-10-09 02:26:34,893 [d51cab02-7f3d-4e5c-8223-8746c15674b1@group-0F071B1489EB-LeaderElection89] INFO  impl.RaftServerImpl (ServerState.java:setRaftConf(356)) - d51cab02-7f3d-4e5c-8223-8746c15674b1@group-0F071B1489EB: set configuration 0: [d51cab02-7f3d-4e5c-8223-8746c15674b1:192.168.151.114:39992], old=null at 0
2019-10-09 02:26:34,917 [9500ddf0-9643-45a9-8045-ab496982ad4d@group-54FCA7217FD8-SegmentedRaftLogWorker] INFO  segmented.SegmentedRaftLogWorker (SegmentedRaftLogWorker.java:execute(574)) - 9500ddf0-9643-45a9-8045-ab496982ad4d@group-54FCA7217FD8-SegmentedRaftLogWorker: created new log segment /workdir/hadoop-ozone/integration-test/target/test-dir/MiniOzoneClusterImpl-d1ef5ec3-9c6f-4c51-8424-4bb1ae139615/datanode-1/data/ratis/86ea75de-1c3d-4d5a-a138-54fca7217fd8/current/log_inprogress_0
2019-10-09 02:26:34,923 [2bc18a31-8b04-4456-80dd-2532d43eaadf@group-171EA9DD4174-SegmentedRaftLogWorker] INFO  segmented.SegmentedRaftLogWorker (SegmentedRaftLogWorker.java:execute(574)) - 2bc18a31-8b04-4456-80dd-2532d43eaadf@group-171EA9DD4174-SegmentedRaftLogWorker: created new log segment /workdir/hadoop-ozone/integration-test/target/test-dir/MiniOzoneClusterImpl-d1ef5ec3-9c6f-4c51-8424-4bb1ae139615/datanode-4/data/ratis/6a654dc1-8202-4f57-a364-171ea9dd4174/current/log_inprogress_0
2019-10-09 02:26:34,927 [d51cab02-7f3d-4e5c-8223-8746c15674b1@group-54FCA7217FD8-SegmentedRaftLogWorker] INFO  segmented.SegmentedRaftLogWorker (SegmentedRaftLogWorker.java:execute(574)) - d51cab02-7f3d-4e5c-8223-8746c15674b1@group-54FCA7217FD8-SegmentedRaftLogWorker: created new log segment /workdir/hadoop-ozone/integration-test/target/test-dir/MiniOzoneClusterImpl-d1ef5ec3-9c6f-4c51-8424-4bb1ae139615/datanode-2/data/ratis/86ea75de-1c3d-4d5a-a138-54fca7217fd8/current/log_inprogress_0
2019-10-09 02:26:34,937 [d51cab02-7f3d-4e5c-8223-8746c15674b1@group-0F071B1489EB-SegmentedRaftLogWorker] INFO  segmented.SegmentedRaftLogWorker (SegmentedRaftLogWorker.java:execute(574)) - d51cab02-7f3d-4e5c-8223-8746c15674b1@group-0F071B1489EB-SegmentedRaftLogWorker: created new log segment /workdir/hadoop-ozone/integration-test/target/test-dir/MiniOzoneClusterImpl-d1ef5ec3-9c6f-4c51-8424-4bb1ae139615/datanode-2/data/ratis/c7a4d86b-1ab8-453f-b41a-0f071b1489eb/current/log_inprogress_0
2019-10-09 02:26:34,941 [Thread-2367] INFO  impl.FollowerState (FollowerState.java:run(108)) - 1ba175d3-dd7a-48a9-9135-70d34c994ae2@group-DD55FA7C2D0F-FollowerState: change to CANDIDATE, lastRpcTime:5156ms, electionTimeout:5156ms
2019-10-09 02:26:34,941 [Thread-2367] INFO  impl.RoleInfo (RoleInfo.java:shutdownFollowerState(121)) - 1ba175d3-dd7a-48a9-9135-70d34c994ae2: shutdown FollowerState
2019-10-09 02:26:34,941 [Thread-2367] INFO  impl.RaftServerImpl (RaftServerImpl.java:setRole(170)) - 1ba175d3-dd7a-48a9-9135-70d34c994ae2@group-DD55FA7C2D0F: changes role from  FOLLOWER to CANDIDATE at term 0 for changeToCandidate
2019-10-09 02:26:34,941 [Thread-2367] INFO  impl.RoleInfo (RoleInfo.java:updateAndGet(143)) - 1ba175d3-dd7a-48a9-9135-70d34c994ae2: start LeaderElection
2019-10-09 02:26:34,950 [1ba175d3-dd7a-48a9-9135-70d34c994ae2@group-DD55FA7C2D0F-LeaderElection90] INFO  impl.LeaderElection (LeaderElection.java:askForVotes(178)) - 1ba175d3-dd7a-48a9-9135-70d34c994ae2@group-DD55FA7C2D0F-LeaderElection90: begin an election at term 1 for -1: [1ba175d3-dd7a-48a9-9135-70d34c994ae2:192.168.151.114:40794], old=null
2019-10-09 02:26:34,951 [1ba175d3-dd7a-48a9-9135-70d34c994ae2@group-DD55FA7C2D0F-LeaderElection90] INFO  impl.RoleInfo (RoleInfo.java:shutdownLeaderElection(134)) - 1ba175d3-dd7a-48a9-9135-70d34c994ae2: shutdown LeaderElection
2019-10-09 02:26:34,951 [1ba175d3-dd7a-48a9-9135-70d34c994ae2@group-DD55FA7C2D0F-LeaderElection90] INFO  impl.RaftServerImpl (RaftServerImpl.java:setRole(170)) - 1ba175d3-dd7a-48a9-9135-70d34c994ae2@group-DD55FA7C2D0F: changes role from CANDIDATE to LEADER at term 1 for changeToLeader
2019-10-09 02:26:34,951 [1ba175d3-dd7a-48a9-9135-70d34c994ae2@group-DD55FA7C2D0F-LeaderElection90] INFO  impl.RaftServerImpl (ServerState.java:setLeader(255)) - 1ba175d3-dd7a-48a9-9135-70d34c994ae2@group-DD55FA7C2D0F: change Leader from null to 1ba175d3-dd7a-48a9-9135-70d34c994ae2 at term 1 for becomeLeader, leader elected after 5172ms
2019-10-09 02:26:34,951 [1ba175d3-dd7a-48a9-9135-70d34c994ae2@group-DD55FA7C2D0F-LeaderElection90] INFO  server.RaftServerConfigKeys (ConfUtils.java:logGet(43)) - raft.server.staging.catchup.gap = 1000 (default)
2019-10-09 02:26:34,951 [1ba175d3-dd7a-48a9-9135-70d34c994ae2@group-DD55FA7C2D0F-LeaderElection90] INFO  server.RaftServerConfigKeys (ConfUtils.java:logGet(43)) - raft.server.rpc.sleep.time = 25ms (default)
2019-10-09 02:26:34,951 [1ba175d3-dd7a-48a9-9135-70d34c994ae2@group-DD55FA7C2D0F-LeaderElection90] INFO  server.RaftServerConfigKeys (ConfUtils.java:logGet(43)) - raft.server.write.element-limit = 4096 (default)
2019-10-09 02:26:34,951 [1ba175d3-dd7a-48a9-9135-70d34c994ae2@group-DD55FA7C2D0F-LeaderElection90] INFO  server.RaftServerConfigKeys (ConfUtils.java:logGet(43)) - raft.server.watch.timeout = 10s (default)
2019-10-09 02:26:34,952 [1ba175d3-dd7a-48a9-9135-70d34c994ae2@group-DD55FA7C2D0F-LeaderElection90] INFO  server.RaftServerConfigKeys (ConfUtils.java:logGet(43)) - raft.server.watch.timeout.denomination = 1s (default)
2019-10-09 02:26:34,952 [1ba175d3-dd7a-48a9-9135-70d34c994ae2@group-DD55FA7C2D0F-LeaderElection90] INFO  server.RaftServerConfigKeys (ConfUtils.java:logGet(43)) - raft.server.watch.element-limit = 65536 (default)
2019-10-09 02:26:34,953 [1ba175d3-dd7a-48a9-9135-70d34c994ae2@group-DD55FA7C2D0F-LeaderElection90] INFO  impl.RoleInfo (RoleInfo.java:updateAndGet(143)) - 1ba175d3-dd7a-48a9-9135-70d34c994ae2: start LeaderState
2019-10-09 02:26:34,954 [1ba175d3-dd7a-48a9-9135-70d34c994ae2@group-DD55FA7C2D0F-LeaderElection90] INFO  segmented.SegmentedRaftLogWorker (SegmentedRaftLogWorker.java:startLogSegment(385)) - 1ba175d3-dd7a-48a9-9135-70d34c994ae2@group-DD55FA7C2D0F-SegmentedRaftLogWorker: Starting segment from index:0
2019-10-09 02:26:34,954 [1ba175d3-dd7a-48a9-9135-70d34c994ae2@group-DD55FA7C2D0F-LeaderElection90] INFO  impl.RaftServerImpl (ServerState.java:setRaftConf(356)) - 1ba175d3-dd7a-48a9-9135-70d34c994ae2@group-DD55FA7C2D0F: set configuration 0: [1ba175d3-dd7a-48a9-9135-70d34c994ae2:192.168.151.114:40794], old=null at 0
2019-10-09 02:26:34,980 [1ba175d3-dd7a-48a9-9135-70d34c994ae2@group-DD55FA7C2D0F-SegmentedRaftLogWorker] INFO  segmented.SegmentedRaftLogWorker (SegmentedRaftLogWorker.java:execute(574)) - 1ba175d3-dd7a-48a9-9135-70d34c994ae2@group-DD55FA7C2D0F-SegmentedRaftLogWorker: created new log segment /workdir/hadoop-ozone/integration-test/target/test-dir/MiniOzoneClusterImpl-d1ef5ec3-9c6f-4c51-8424-4bb1ae139615/datanode-3/data/ratis/58933c95-1934-44d3-9b9b-dd55fa7c2d0f/current/log_inprogress_0
2019-10-09 02:26:35,066 [Thread-2380] INFO  impl.FollowerState (FollowerState.java:run(108)) - 1ba175d3-dd7a-48a9-9135-70d34c994ae2@group-C1D15415D68D-FollowerState: change to CANDIDATE, lastRpcTime:5102ms, electionTimeout:5102ms
2019-10-09 02:26:35,066 [Thread-2380] INFO  impl.RoleInfo (RoleInfo.java:shutdownFollowerState(121)) - 1ba175d3-dd7a-48a9-9135-70d34c994ae2: shutdown FollowerState
2019-10-09 02:26:35,066 [Thread-2380] INFO  impl.RaftServerImpl (RaftServerImpl.java:setRole(170)) - 1ba175d3-dd7a-48a9-9135-70d34c994ae2@group-C1D15415D68D: changes role from  FOLLOWER to CANDIDATE at term 0 for changeToCandidate
2019-10-09 02:26:35,066 [Thread-2380] INFO  impl.RoleInfo (RoleInfo.java:updateAndGet(143)) - 1ba175d3-dd7a-48a9-9135-70d34c994ae2: start LeaderElection
2019-10-09 02:26:35,076 [Thread-2373] INFO  impl.FollowerState (FollowerState.java:run(108)) - a852e343-9852-4b4d-9062-dc84412a9de2@group-E5E4747FAC34-FollowerState: change to CANDIDATE, lastRpcTime:5188ms, electionTimeout:5188ms
2019-10-09 02:26:35,076 [Thread-2373] INFO  impl.RoleInfo (RoleInfo.java:shutdownFollowerState(121)) - a852e343-9852-4b4d-9062-dc84412a9de2: shutdown FollowerState
2019-10-09 02:26:35,076 [Thread-2373] INFO  impl.RaftServerImpl (RaftServerImpl.java:setRole(170)) - a852e343-9852-4b4d-9062-dc84412a9de2@group-E5E4747FAC34: changes role from  FOLLOWER to CANDIDATE at term 0 for changeToCandidate
2019-10-09 02:26:35,076 [Thread-2373] INFO  impl.RoleInfo (RoleInfo.java:updateAndGet(143)) - a852e343-9852-4b4d-9062-dc84412a9de2: start LeaderElection
2019-10-09 02:26:35,088 [a852e343-9852-4b4d-9062-dc84412a9de2@group-E5E4747FAC34-LeaderElection92] INFO  impl.LeaderElection (LeaderElection.java:askForVotes(178)) - a852e343-9852-4b4d-9062-dc84412a9de2@group-E5E4747FAC34-LeaderElection92: begin an election at term 1 for -1: [a852e343-9852-4b4d-9062-dc84412a9de2:192.168.151.114:32917], old=null
2019-10-09 02:26:35,088 [1ba175d3-dd7a-48a9-9135-70d34c994ae2@group-C1D15415D68D-LeaderElection91] INFO  impl.LeaderElection (LeaderElection.java:askForVotes(178)) - 1ba175d3-dd7a-48a9-9135-70d34c994ae2@group-C1D15415D68D-LeaderElection91: begin an election at term 1 for -1: [a852e343-9852-4b4d-9062-dc84412a9de2:192.168.151.114:32917, 1ba175d3-dd7a-48a9-9135-70d34c994ae2:192.168.151.114:40794, 2bc18a31-8b04-4456-80dd-2532d43eaadf:192.168.151.114:45916], old=null
2019-10-09 02:26:35,088 [a852e343-9852-4b4d-9062-dc84412a9de2@group-E5E4747FAC34-LeaderElection92] INFO  impl.RoleInfo (RoleInfo.java:shutdownLeaderElection(134)) - a852e343-9852-4b4d-9062-dc84412a9de2: shutdown LeaderElection
2019-10-09 02:26:35,088 [a852e343-9852-4b4d-9062-dc84412a9de2@group-E5E4747FAC34-LeaderElection92] INFO  impl.RaftServerImpl (RaftServerImpl.java:setRole(170)) - a852e343-9852-4b4d-9062-dc84412a9de2@group-E5E4747FAC34: changes role from CANDIDATE to LEADER at term 1 for changeToLeader
2019-10-09 02:26:35,089 [a852e343-9852-4b4d-9062-dc84412a9de2@group-E5E4747FAC34-LeaderElection92] INFO  impl.RaftServerImpl (ServerState.java:setLeader(255)) - a852e343-9852-4b4d-9062-dc84412a9de2@group-E5E4747FAC34: change Leader from null to a852e343-9852-4b4d-9062-dc84412a9de2 at term 1 for becomeLeader, leader elected after 5207ms
2019-10-09 02:26:35,089 [a852e343-9852-4b4d-9062-dc84412a9de2@group-E5E4747FAC34-LeaderElection92] INFO  server.RaftServerConfigKeys (ConfUtils.java:logGet(43)) - raft.server.staging.catchup.gap = 1000 (default)
2019-10-09 02:26:35,089 [a852e343-9852-4b4d-9062-dc84412a9de2@group-E5E4747FAC34-LeaderElection92] INFO  server.RaftServerConfigKeys (ConfUtils.java:logGet(43)) - raft.server.rpc.sleep.time = 25ms (default)
2019-10-09 02:26:35,089 [Thread-2378] INFO  impl.FollowerState (FollowerState.java:run(108)) - a852e343-9852-4b4d-9062-dc84412a9de2@group-C1D15415D68D-FollowerState: change to CANDIDATE, lastRpcTime:5129ms, electionTimeout:5129ms
2019-10-09 02:26:35,089 [a852e343-9852-4b4d-9062-dc84412a9de2@group-E5E4747FAC34-LeaderElection92] INFO  server.RaftServerConfigKeys (ConfUtils.java:logGet(43)) - raft.server.write.element-limit = 4096 (default)
2019-10-09 02:26:35,089 [Thread-2378] INFO  impl.RoleInfo (RoleInfo.java:shutdownFollowerState(121)) - a852e343-9852-4b4d-9062-dc84412a9de2: shutdown FollowerState
2019-10-09 02:26:35,089 [a852e343-9852-4b4d-9062-dc84412a9de2@group-E5E4747FAC34-LeaderElection92] INFO  server.RaftServerConfigKeys (ConfUtils.java:logGet(43)) - raft.server.watch.timeout = 10s (default)
2019-10-09 02:26:35,089 [Thread-2378] INFO  impl.RaftServerImpl (RaftServerImpl.java:setRole(170)) - a852e343-9852-4b4d-9062-dc84412a9de2@group-C1D15415D68D: changes role from  FOLLOWER to CANDIDATE at term 0 for changeToCandidate
2019-10-09 02:26:35,090 [a852e343-9852-4b4d-9062-dc84412a9de2@group-E5E4747FAC34-LeaderElection92] INFO  server.RaftServerConfigKeys (ConfUtils.java:logGet(43)) - raft.server.watch.timeout.denomination = 1s (default)
2019-10-09 02:26:35,090 [Thread-2378] INFO  impl.RoleInfo (RoleInfo.java:updateAndGet(143)) - a852e343-9852-4b4d-9062-dc84412a9de2: start LeaderElection
2019-10-09 02:26:35,090 [a852e343-9852-4b4d-9062-dc84412a9de2@group-E5E4747FAC34-LeaderElection92] INFO  server.RaftServerConfigKeys (ConfUtils.java:logGet(43)) - raft.server.watch.element-limit = 65536 (default)
2019-10-09 02:26:35,101 [a852e343-9852-4b4d-9062-dc84412a9de2@group-E5E4747FAC34-LeaderElection92] INFO  impl.RoleInfo (RoleInfo.java:updateAndGet(143)) - a852e343-9852-4b4d-9062-dc84412a9de2: start LeaderState
2019-10-09 02:26:35,101 [a852e343-9852-4b4d-9062-dc84412a9de2@group-E5E4747FAC34-LeaderElection92] INFO  segmented.SegmentedRaftLogWorker (SegmentedRaftLogWorker.java:startLogSegment(385)) - a852e343-9852-4b4d-9062-dc84412a9de2@group-E5E4747FAC34-SegmentedRaftLogWorker: Starting segment from index:0
2019-10-09 02:26:35,101 [a852e343-9852-4b4d-9062-dc84412a9de2@group-E5E4747FAC34-LeaderElection92] INFO  impl.RaftServerImpl (ServerState.java:setRaftConf(356)) - a852e343-9852-4b4d-9062-dc84412a9de2@group-E5E4747FAC34: set configuration 0: [a852e343-9852-4b4d-9062-dc84412a9de2:192.168.151.114:32917], old=null at 0
2019-10-09 02:26:35,163 [grpc-default-executor-5] INFO  impl.RaftServerImpl (RaftServerImpl.java:setRole(170)) - 2bc18a31-8b04-4456-80dd-2532d43eaadf@group-C1D15415D68D: changes role from  FOLLOWER to FOLLOWER at term 1 for recognizeCandidate:1ba175d3-dd7a-48a9-9135-70d34c994ae2
2019-10-09 02:26:35,163 [grpc-default-executor-5] INFO  impl.RoleInfo (RoleInfo.java:shutdownFollowerState(121)) - 2bc18a31-8b04-4456-80dd-2532d43eaadf: shutdown FollowerState
2019-10-09 02:26:35,163 [a852e343-9852-4b4d-9062-dc84412a9de2@group-E5E4747FAC34-SegmentedRaftLogWorker] INFO  segmented.SegmentedRaftLogWorker (SegmentedRaftLogWorker.java:execute(574)) - a852e343-9852-4b4d-9062-dc84412a9de2@group-E5E4747FAC34-SegmentedRaftLogWorker: created new log segment /workdir/hadoop-ozone/integration-test/target/test-dir/MiniOzoneClusterImpl-d1ef5ec3-9c6f-4c51-8424-4bb1ae139615/datanode-5/data/ratis/43a8d580-92d4-44a2-b8f7-e5e4747fac34/current/log_inprogress_0
2019-10-09 02:26:35,163 [grpc-default-executor-5] INFO  impl.RoleInfo (RoleInfo.java:updateAndGet(143)) - 2bc18a31-8b04-4456-80dd-2532d43eaadf: start FollowerState
2019-10-09 02:26:35,163 [a852e343-9852-4b4d-9062-dc84412a9de2@group-C1D15415D68D-LeaderElection93] INFO  impl.LeaderElection (LeaderElection.java:askForVotes(178)) - a852e343-9852-4b4d-9062-dc84412a9de2@group-C1D15415D68D-LeaderElection93: begin an election at term 1 for -1: [a852e343-9852-4b4d-9062-dc84412a9de2:192.168.151.114:32917, 1ba175d3-dd7a-48a9-9135-70d34c994ae2:192.168.151.114:40794, 2bc18a31-8b04-4456-80dd-2532d43eaadf:192.168.151.114:45916], old=null
2019-10-09 02:26:35,178 [1ba175d3-dd7a-48a9-9135-70d34c994ae2@group-C1D15415D68D-LeaderElection91] INFO  impl.LeaderElection (LeaderElection.java:logAndReturn(56)) - 1ba175d3-dd7a-48a9-9135-70d34c994ae2@group-C1D15415D68D-LeaderElection91: Election PASSED; received 2 response(s) [1ba175d3-dd7a-48a9-9135-70d34c994ae2<-a852e343-9852-4b4d-9062-dc84412a9de2#0:FAIL-t1, 1ba175d3-dd7a-48a9-9135-70d34c994ae2<-2bc18a31-8b04-4456-80dd-2532d43eaadf#0:OK-t1] and 0 exception(s); 1ba175d3-dd7a-48a9-9135-70d34c994ae2@group-C1D15415D68D:t1, leader=null, voted=1ba175d3-dd7a-48a9-9135-70d34c994ae2, raftlog=1ba175d3-dd7a-48a9-9135-70d34c994ae2@group-C1D15415D68D-SegmentedRaftLog:OPENED:c-1,f-1,i0, conf=-1: [a852e343-9852-4b4d-9062-dc84412a9de2:192.168.151.114:32917, 1ba175d3-dd7a-48a9-9135-70d34c994ae2:192.168.151.114:40794, 2bc18a31-8b04-4456-80dd-2532d43eaadf:192.168.151.114:45916], old=null
2019-10-09 02:26:35,178 [1ba175d3-dd7a-48a9-9135-70d34c994ae2@group-C1D15415D68D-LeaderElection91] INFO  impl.RoleInfo (RoleInfo.java:shutdownLeaderElection(134)) - 1ba175d3-dd7a-48a9-9135-70d34c994ae2: shutdown LeaderElection
2019-10-09 02:26:35,178 [1ba175d3-dd7a-48a9-9135-70d34c994ae2@group-C1D15415D68D-LeaderElection91] INFO  impl.RaftServerImpl (RaftServerImpl.java:setRole(170)) - 1ba175d3-dd7a-48a9-9135-70d34c994ae2@group-C1D15415D68D: changes role from CANDIDATE to LEADER at term 1 for changeToLeader
2019-10-09 02:26:35,178 [a852e343-9852-4b4d-9062-dc84412a9de2@group-C1D15415D68D-LeaderElection93] INFO  impl.LeaderElection (LeaderElection.java:logAndReturn(56)) - a852e343-9852-4b4d-9062-dc84412a9de2@group-C1D15415D68D-LeaderElection93: Election REJECTED; received 2 response(s) [a852e343-9852-4b4d-9062-dc84412a9de2<-1ba175d3-dd7a-48a9-9135-70d34c994ae2#0:FAIL-t1, a852e343-9852-4b4d-9062-dc84412a9de2<-2bc18a31-8b04-4456-80dd-2532d43eaadf#0:FAIL-t1] and 0 exception(s); a852e343-9852-4b4d-9062-dc84412a9de2@group-C1D15415D68D:t1, leader=null, voted=a852e343-9852-4b4d-9062-dc84412a9de2, raftlog=a852e343-9852-4b4d-9062-dc84412a9de2@group-C1D15415D68D-SegmentedRaftLog:OPENED:c-1,f-1,i0, conf=-1: [a852e343-9852-4b4d-9062-dc84412a9de2:192.168.151.114:32917, 1ba175d3-dd7a-48a9-9135-70d34c994ae2:192.168.151.114:40794, 2bc18a31-8b04-4456-80dd-2532d43eaadf:192.168.151.114:45916], old=null
2019-10-09 02:26:35,178 [1ba175d3-dd7a-48a9-9135-70d34c994ae2@group-C1D15415D68D-LeaderElection91] INFO  impl.RaftServerImpl (ServerState.java:setLeader(255)) - 1ba175d3-dd7a-48a9-9135-70d34c994ae2@group-C1D15415D68D: change Leader from null to 1ba175d3-dd7a-48a9-9135-70d34c994ae2 at term 1 for becomeLeader, leader elected after 5228ms
2019-10-09 02:26:35,178 [a852e343-9852-4b4d-9062-dc84412a9de2@group-C1D15415D68D-LeaderElection93] INFO  impl.RaftServerImpl (RaftServerImpl.java:setRole(170)) - a852e343-9852-4b4d-9062-dc84412a9de2@group-C1D15415D68D: changes role from CANDIDATE to FOLLOWER at term 1 for DISCOVERED_A_NEW_TERM
2019-10-09 02:26:35,178 [1ba175d3-dd7a-48a9-9135-70d34c994ae2@group-C1D15415D68D-LeaderElection91] INFO  server.RaftServerConfigKeys (ConfUtils.java:logGet(43)) - raft.server.staging.catchup.gap = 1000 (default)
2019-10-09 02:26:35,179 [a852e343-9852-4b4d-9062-dc84412a9de2@group-C1D15415D68D-LeaderElection93] INFO  impl.RoleInfo (RoleInfo.java:shutdownLeaderElection(134)) - a852e343-9852-4b4d-9062-dc84412a9de2: shutdown LeaderElection
2019-10-09 02:26:35,179 [1ba175d3-dd7a-48a9-9135-70d34c994ae2@group-C1D15415D68D-LeaderElection91] INFO  server.RaftServerConfigKeys (ConfUtils.java:logGet(43)) - raft.server.rpc.sleep.time = 25ms (default)
2019-10-09 02:26:35,179 [a852e343-9852-4b4d-9062-dc84412a9de2@group-C1D15415D68D-LeaderElection93] INFO  impl.RoleInfo (RoleInfo.java:updateAndGet(143)) - a852e343-9852-4b4d-9062-dc84412a9de2: start FollowerState
2019-10-09 02:26:35,179 [1ba175d3-dd7a-48a9-9135-70d34c994ae2@group-C1D15415D68D-LeaderElection91] INFO  server.RaftServerConfigKeys (ConfUtils.java:logGet(43)) - raft.server.write.element-limit = 4096 (default)
2019-10-09 02:26:35,179 [1ba175d3-dd7a-48a9-9135-70d34c994ae2@group-C1D15415D68D-LeaderElection91] INFO  server.RaftServerConfigKeys (ConfUtils.java:logGet(43)) - raft.server.watch.timeout = 10s (default)
2019-10-09 02:26:35,179 [1ba175d3-dd7a-48a9-9135-70d34c994ae2@group-C1D15415D68D-LeaderElection91] INFO  server.RaftServerConfigKeys (ConfUtils.java:logGet(43)) - raft.server.watch.timeout.denomination = 1s (default)
2019-10-09 02:26:35,179 [1ba175d3-dd7a-48a9-9135-70d34c994ae2@group-C1D15415D68D-LeaderElection91] INFO  server.RaftServerConfigKeys (ConfUtils.java:logGet(43)) - raft.server.watch.element-limit = 65536 (default)
2019-10-09 02:26:35,181 [1ba175d3-dd7a-48a9-9135-70d34c994ae2@group-C1D15415D68D-LeaderElection91] INFO  server.RaftServerConfigKeys (ConfUtils.java:logGet(43)) - raft.server.log.appender.snapshot.chunk.size.max = 16MB (=16777216) (default)
2019-10-09 02:26:35,181 [1ba175d3-dd7a-48a9-9135-70d34c994ae2@group-C1D15415D68D-LeaderElection91] INFO  server.RaftServerConfigKeys (ConfUtils.java:logGet(43)) - raft.server.log.appender.buffer.byte-limit = 33554432 (custom)
2019-10-09 02:26:35,182 [1ba175d3-dd7a-48a9-9135-70d34c994ae2@group-C1D15415D68D-LeaderElection91] INFO  server.RaftServerConfigKeys (ConfUtils.java:logGet(43)) - raft.server.log.appender.buffer.element-limit = 1 (custom)
2019-10-09 02:26:35,182 [1ba175d3-dd7a-48a9-9135-70d34c994ae2@group-C1D15415D68D-LeaderElection91] INFO  grpc.GrpcConfigKeys$Server (ConfUtils.java:logGet(43)) - raft.grpc.server.leader.outstanding.appends.max = 128 (default)
2019-10-09 02:26:35,182 [1ba175d3-dd7a-48a9-9135-70d34c994ae2@group-C1D15415D68D-LeaderElection91] INFO  server.RaftServerConfigKeys (ConfUtils.java:logGet(43)) - raft.server.rpc.request.timeout = 3000ms (default)
2019-10-09 02:26:35,182 [1ba175d3-dd7a-48a9-9135-70d34c994ae2@group-C1D15415D68D-LeaderElection91] INFO  server.RaftServerConfigKeys (ConfUtils.java:logGet(43)) - raft.server.log.appender.install.snapshot.enabled = false (custom)
2019-10-09 02:26:35,182 [1ba175d3-dd7a-48a9-9135-70d34c994ae2@group-C1D15415D68D-LeaderElection91] INFO  server.RaftServerConfigKeys (ConfUtils.java:logGet(43)) - raft.server.log.appender.snapshot.chunk.size.max = 16MB (=16777216) (default)
2019-10-09 02:26:35,183 [1ba175d3-dd7a-48a9-9135-70d34c994ae2@group-C1D15415D68D-LeaderElection91] INFO  server.RaftServerConfigKeys (ConfUtils.java:logGet(43)) - raft.server.log.appender.buffer.byte-limit = 33554432 (custom)
2019-10-09 02:26:35,183 [1ba175d3-dd7a-48a9-9135-70d34c994ae2@group-C1D15415D68D-LeaderElection91] INFO  server.RaftServerConfigKeys (ConfUtils.java:logGet(43)) - raft.server.log.appender.buffer.element-limit = 1 (custom)
2019-10-09 02:26:35,183 [1ba175d3-dd7a-48a9-9135-70d34c994ae2@group-C1D15415D68D-LeaderElection91] INFO  grpc.GrpcConfigKeys$Server (ConfUtils.java:logGet(43)) - raft.grpc.server.leader.outstanding.appends.max = 128 (default)
2019-10-09 02:26:35,183 [1ba175d3-dd7a-48a9-9135-70d34c994ae2@group-C1D15415D68D-LeaderElection91] INFO  server.RaftServerConfigKeys (ConfUtils.java:logGet(43)) - raft.server.rpc.request.timeout = 3000ms (default)
2019-10-09 02:26:35,183 [1ba175d3-dd7a-48a9-9135-70d34c994ae2@group-C1D15415D68D-LeaderElection91] INFO  server.RaftServerConfigKeys (ConfUtils.java:logGet(43)) - raft.server.log.appender.install.snapshot.enabled = false (custom)
2019-10-09 02:26:35,183 [1ba175d3-dd7a-48a9-9135-70d34c994ae2@group-C1D15415D68D-LeaderElection91] INFO  impl.RoleInfo (RoleInfo.java:updateAndGet(143)) - 1ba175d3-dd7a-48a9-9135-70d34c994ae2: start LeaderState
2019-10-09 02:26:35,184 [1ba175d3-dd7a-48a9-9135-70d34c994ae2@group-C1D15415D68D-LeaderElection91] INFO  segmented.SegmentedRaftLogWorker (SegmentedRaftLogWorker.java:startLogSegment(385)) - 1ba175d3-dd7a-48a9-9135-70d34c994ae2@group-C1D15415D68D-SegmentedRaftLogWorker: Starting segment from index:0
2019-10-09 02:26:35,184 [1ba175d3-dd7a-48a9-9135-70d34c994ae2@group-C1D15415D68D-LeaderElection91] INFO  impl.RaftServerImpl (ServerState.java:setRaftConf(356)) - 1ba175d3-dd7a-48a9-9135-70d34c994ae2@group-C1D15415D68D: set configuration 0: [a852e343-9852-4b4d-9062-dc84412a9de2:192.168.151.114:32917, 1ba175d3-dd7a-48a9-9135-70d34c994ae2:192.168.151.114:40794, 2bc18a31-8b04-4456-80dd-2532d43eaadf:192.168.151.114:45916], old=null at 0
2019-10-09 02:26:35,186 [grpc-default-executor-5] INFO  impl.RaftServerImpl (ServerState.java:setLeader(255)) - 2bc18a31-8b04-4456-80dd-2532d43eaadf@group-C1D15415D68D: change Leader from null to 1ba175d3-dd7a-48a9-9135-70d34c994ae2 at term 1 for appendEntries, leader elected after 5236ms
2019-10-09 02:26:35,186 [grpc-default-executor-0] INFO  impl.RaftServerImpl (ServerState.java:setLeader(255)) - a852e343-9852-4b4d-9062-dc84412a9de2@group-C1D15415D68D: change Leader from null to 1ba175d3-dd7a-48a9-9135-70d34c994ae2 at term 1 for appendEntries, leader elected after 5236ms
2019-10-09 02:26:35,188 [grpc-default-executor-0] INFO  impl.RaftServerImpl (ServerState.java:setRaftConf(356)) - 2bc18a31-8b04-4456-80dd-2532d43eaadf@group-C1D15415D68D: set configuration 0: [a852e343-9852-4b4d-9062-dc84412a9de2:192.168.151.114:32917, 1ba175d3-dd7a-48a9-9135-70d34c994ae2:192.168.151.114:40794, 2bc18a31-8b04-4456-80dd-2532d43eaadf:192.168.151.114:45916], old=null at 0
2019-10-09 02:26:35,188 [grpc-default-executor-0] INFO  segmented.SegmentedRaftLogWorker (SegmentedRaftLogWorker.java:startLogSegment(385)) - 2bc18a31-8b04-4456-80dd-2532d43eaadf@group-C1D15415D68D-SegmentedRaftLogWorker: Starting segment from index:0
2019-10-09 02:26:35,188 [grpc-default-executor-5] INFO  impl.RaftServerImpl (ServerState.java:setRaftConf(356)) - a852e343-9852-4b4d-9062-dc84412a9de2@group-C1D15415D68D: set configuration 0: [a852e343-9852-4b4d-9062-dc84412a9de2:192.168.151.114:32917, 1ba175d3-dd7a-48a9-9135-70d34c994ae2:192.168.151.114:40794, 2bc18a31-8b04-4456-80dd-2532d43eaadf:192.168.151.114:45916], old=null at 0
2019-10-09 02:26:35,189 [grpc-default-executor-5] INFO  segmented.SegmentedRaftLogWorker (SegmentedRaftLogWorker.java:startLogSegment(385)) - a852e343-9852-4b4d-9062-dc84412a9de2@group-C1D15415D68D-SegmentedRaftLogWorker: Starting segment from index:0
2019-10-09 02:26:35,227 [2bc18a31-8b04-4456-80dd-2532d43eaadf@group-C1D15415D68D-SegmentedRaftLogWorker] INFO  segmented.SegmentedRaftLogWorker (SegmentedRaftLogWorker.java:execute(574)) - 2bc18a31-8b04-4456-80dd-2532d43eaadf@group-C1D15415D68D-SegmentedRaftLogWorker: created new log segment /workdir/hadoop-ozone/integration-test/target/test-dir/MiniOzoneClusterImpl-d1ef5ec3-9c6f-4c51-8424-4bb1ae139615/datanode-4/data/ratis/efe3cb38-561e-4763-8cab-c1d15415d68d/current/log_inprogress_0
2019-10-09 02:26:35,242 [1ba175d3-dd7a-48a9-9135-70d34c994ae2@group-C1D15415D68D-SegmentedRaftLogWorker] INFO  segmented.SegmentedRaftLogWorker (SegmentedRaftLogWorker.java:execute(574)) - 1ba175d3-dd7a-48a9-9135-70d34c994ae2@group-C1D15415D68D-SegmentedRaftLogWorker: created new log segment /workdir/hadoop-ozone/integration-test/target/test-dir/MiniOzoneClusterImpl-d1ef5ec3-9c6f-4c51-8424-4bb1ae139615/datanode-3/data/ratis/efe3cb38-561e-4763-8cab-c1d15415d68d/current/log_inprogress_0
2019-10-09 02:26:35,242 [a852e343-9852-4b4d-9062-dc84412a9de2@group-C1D15415D68D-SegmentedRaftLogWorker] INFO  segmented.SegmentedRaftLogWorker (SegmentedRaftLogWorker.java:execute(574)) - a852e343-9852-4b4d-9062-dc84412a9de2@group-C1D15415D68D-SegmentedRaftLogWorker: created new log segment /workdir/hadoop-ozone/integration-test/target/test-dir/MiniOzoneClusterImpl-d1ef5ec3-9c6f-4c51-8424-4bb1ae139615/datanode-5/data/ratis/efe3cb38-561e-4763-8cab-c1d15415d68d/current/log_inprogress_0
2019-10-09 02:26:36,249 [Datanode State Machine Thread - 0] INFO  statemachine.DatanodeStateMachine (DatanodeStateMachine.java:lambda$startDaemon$0(350)) - Ozone container server started.
2019-10-09 02:26:40,270 [main] INFO  ozoneimpl.OzoneContainer (OzoneContainer.java:stop(227)) - Attempting to stop container services.
2019-10-09 02:26:40,271 [main] INFO  impl.RaftServerProxy (RaftServerProxy.java:lambda$close$4(314)) - 9500ddf0-9643-45a9-8045-ab496982ad4d: close
2019-10-09 02:26:40,272 [main] INFO  impl.RaftServerImpl (RaftServerImpl.java:lambda$shutdown$3(247)) - 9500ddf0-9643-45a9-8045-ab496982ad4d@group-6ADD14044038: shutdown
2019-10-09 02:26:40,272 [ForkJoinPool.commonPool-worker-0] INFO  impl.RaftServerImpl (RaftServerImpl.java:lambda$shutdown$3(247)) - 9500ddf0-9643-45a9-8045-ab496982ad4d@group-54FCA7217FD8: shutdown
2019-10-09 02:26:40,272 [main] INFO  util.JmxRegister (JmxRegister.java:unregister(73)) - Successfully un-registered JMX Bean with object name Ratis:service=RaftServer,group=group-6ADD14044038,id=9500ddf0-9643-45a9-8045-ab496982ad4d
2019-10-09 02:26:40,272 [ForkJoinPool.commonPool-worker-0] INFO  util.JmxRegister (JmxRegister.java:unregister(73)) - Successfully un-registered JMX Bean with object name Ratis:service=RaftServer,group=group-54FCA7217FD8,id=9500ddf0-9643-45a9-8045-ab496982ad4d
2019-10-09 02:26:40,273 [main] INFO  impl.RoleInfo (RoleInfo.java:shutdownLeaderState(104)) - 9500ddf0-9643-45a9-8045-ab496982ad4d: shutdown LeaderState
2019-10-09 02:26:40,273 [ForkJoinPool.commonPool-worker-0] INFO  impl.RoleInfo (RoleInfo.java:shutdownFollowerState(121)) - 9500ddf0-9643-45a9-8045-ab496982ad4d: shutdown FollowerState
2019-10-09 02:26:40,273 [main] INFO  impl.PendingRequests (PendingRequests.java:sendNotLeaderResponses(202)) - 9500ddf0-9643-45a9-8045-ab496982ad4d@group-6ADD14044038-PendingRequests: sendNotLeaderResponses
2019-10-09 02:26:40,274 [9500ddf0-9643-45a9-8045-ab496982ad4d@group-54FCA7217FD8-StateMachineUpdater] INFO  ratis.ContainerStateMachine (ContainerStateMachine.java:takeSnapshot(294)) - group-54FCA7217FD8: Taking a snapshot at:(t:1, i:1) file /workdir/hadoop-ozone/integration-test/target/test-dir/MiniOzoneClusterImpl-d1ef5ec3-9c6f-4c51-8424-4bb1ae139615/datanode-1/data/ratis/86ea75de-1c3d-4d5a-a138-54fca7217fd8/sm/snapshot.1_1
2019-10-09 02:26:40,273 [ForkJoinPool.commonPool-worker-0] INFO  impl.StateMachineUpdater (StateMachineUpdater.java:stopAndJoin(136)) - 9500ddf0-9643-45a9-8045-ab496982ad4d@group-54FCA7217FD8-StateMachineUpdater: set stopIndex = 2
2019-10-09 02:26:40,274 [Thread-2401] INFO  impl.FollowerState (FollowerState.java:run(117)) - 9500ddf0-9643-45a9-8045-ab496982ad4d@group-54FCA7217FD8-FollowerState was interrupted: java.lang.InterruptedException: sleep interrupted
2019-10-09 02:26:40,274 [main] INFO  impl.StateMachineUpdater (StateMachineUpdater.java:stopAndJoin(136)) - 9500ddf0-9643-45a9-8045-ab496982ad4d@group-6ADD14044038-StateMachineUpdater: set stopIndex = 0
2019-10-09 02:26:40,275 [main] INFO  impl.RaftServerImpl (ServerState.java:close(387)) - 9500ddf0-9643-45a9-8045-ab496982ad4d@group-6ADD14044038: closes. applyIndex: 0
2019-10-09 02:26:40,275 [9500ddf0-9643-45a9-8045-ab496982ad4d@group-6ADD14044038-SegmentedRaftLogWorker] INFO  segmented.SegmentedRaftLogWorker (SegmentedRaftLogWorker.java:run(316)) - 9500ddf0-9643-45a9-8045-ab496982ad4d@group-6ADD14044038-SegmentedRaftLogWorker was interrupted, exiting. There are 0 tasks remaining in the queue.
2019-10-09 02:26:40,275 [main] INFO  segmented.SegmentedRaftLogWorker (SegmentedRaftLogWorker.java:close(224)) - 9500ddf0-9643-45a9-8045-ab496982ad4d@group-6ADD14044038-SegmentedRaftLogWorker close()
2019-10-09 02:26:40,287 [9500ddf0-9643-45a9-8045-ab496982ad4d@group-54FCA7217FD8-StateMachineUpdater] INFO  ratis.ContainerStateMachine (ContainerStateMachine.java:takeSnapshot(305)) - group-54FCA7217FD8: Finished taking a snapshot at:(t:1, i:1) file:/workdir/hadoop-ozone/integration-test/target/test-dir/MiniOzoneClusterImpl-d1ef5ec3-9c6f-4c51-8424-4bb1ae139615/datanode-1/data/ratis/86ea75de-1c3d-4d5a-a138-54fca7217fd8/sm/snapshot.1_1 time:14
2019-10-09 02:26:40,288 [9500ddf0-9643-45a9-8045-ab496982ad4d@group-54FCA7217FD8-StateMachineUpdater] INFO  impl.StateMachineUpdater (StateMachineUpdater.java:takeSnapshot(269)) - 9500ddf0-9643-45a9-8045-ab496982ad4d@group-54FCA7217FD8-StateMachineUpdater: Took a snapshot at index 1
2019-10-09 02:26:40,288 [9500ddf0-9643-45a9-8045-ab496982ad4d@group-54FCA7217FD8-StateMachineUpdater] INFO  impl.StateMachineUpdater (StateMachineUpdater.java:lambda$new$0(84)) - 9500ddf0-9643-45a9-8045-ab496982ad4d@group-54FCA7217FD8-StateMachineUpdater: snapshotIndex: updateIncreasingly -1 -> 1
2019-10-09 02:26:40,288 [9500ddf0-9643-45a9-8045-ab496982ad4d@group-54FCA7217FD8-StateMachineUpdater] INFO  ratis.ContainerStateMachine (ContainerStateMachine.java:takeSnapshot(294)) - group-54FCA7217FD8: Taking a snapshot at:(t:1, i:1) file /workdir/hadoop-ozone/integration-test/target/test-dir/MiniOzoneClusterImpl-d1ef5ec3-9c6f-4c51-8424-4bb1ae139615/datanode-1/data/ratis/86ea75de-1c3d-4d5a-a138-54fca7217fd8/sm/snapshot.1_1
2019-10-09 02:26:40,301 [9500ddf0-9643-45a9-8045-ab496982ad4d@group-54FCA7217FD8-StateMachineUpdater] INFO  ratis.ContainerStateMachine (ContainerStateMachine.java:takeSnapshot(305)) - group-54FCA7217FD8: Finished taking a snapshot at:(t:1, i:1) file:/workdir/hadoop-ozone/integration-test/target/test-dir/MiniOzoneClusterImpl-d1ef5ec3-9c6f-4c51-8424-4bb1ae139615/datanode-1/data/ratis/86ea75de-1c3d-4d5a-a138-54fca7217fd8/sm/snapshot.1_1 time:12
2019-10-09 02:26:40,301 [9500ddf0-9643-45a9-8045-ab496982ad4d@group-54FCA7217FD8-StateMachineUpdater] INFO  impl.StateMachineUpdater (StateMachineUpdater.java:takeSnapshot(269)) - 9500ddf0-9643-45a9-8045-ab496982ad4d@group-54FCA7217FD8-StateMachineUpdater: Took a snapshot at index 1
2019-10-09 02:26:40,301 [9500ddf0-9643-45a9-8045-ab496982ad4d@group-54FCA7217FD8-StateMachineUpdater] INFO  impl.StateMachineUpdater (StateMachineUpdater.java:lambda$new$0(84)) - 9500ddf0-9643-45a9-8045-ab496982ad4d@group-54FCA7217FD8-StateMachineUpdater: snapshotIndex: updateIncreasingly 1 -> 1
2019-10-09 02:26:40,301 [ForkJoinPool.commonPool-worker-0] INFO  impl.RaftServerImpl (ServerState.java:close(387)) - 9500ddf0-9643-45a9-8045-ab496982ad4d@group-54FCA7217FD8: closes. applyIndex: 2
2019-10-09 02:26:40,301 [9500ddf0-9643-45a9-8045-ab496982ad4d@group-54FCA7217FD8-SegmentedRaftLogWorker] INFO  segmented.SegmentedRaftLogWorker (SegmentedRaftLogWorker.java:run(316)) - 9500ddf0-9643-45a9-8045-ab496982ad4d@group-54FCA7217FD8-SegmentedRaftLogWorker was interrupted, exiting. There are 0 tasks remaining in the queue.
2019-10-09 02:26:40,302 [ForkJoinPool.commonPool-worker-0] INFO  segmented.SegmentedRaftLogWorker (SegmentedRaftLogWorker.java:close(224)) - 9500ddf0-9643-45a9-8045-ab496982ad4d@group-54FCA7217FD8-SegmentedRaftLogWorker close()
2019-10-09 02:26:40,305 [main] INFO  server.GrpcService (GrpcService.java:closeImpl(164)) - 9500ddf0-9643-45a9-8045-ab496982ad4d: shutdown server with port 41911 now
2019-10-09 02:26:40,306 [grpc-default-executor-5] WARN  server.GrpcServerProtocolService (LogUtils.java:warn(134)) - 9500ddf0-9643-45a9-8045-ab496982ad4d: installSnapshot onError, lastRequest: 286c369c-cc97-41b7-b5c3-ecd621b74e6f->9500ddf0-9643-45a9-8045-ab496982ad4d#5-t1, previous=(t:1, i:2), leaderCommit=2, initializing? false, entries: <empty>: org.apache.ratis.thirdparty.io.grpc.StatusRuntimeException: CANCELLED: cancelled before receiving half close
2019-10-09 02:26:40,306 [main] INFO  server.GrpcService (GrpcService.java:closeImpl(172)) - 9500ddf0-9643-45a9-8045-ab496982ad4d: shutdown server with port 41911 successfully
2019-10-09 02:26:40,306 [grpc-default-executor-4] WARN  server.GrpcLogAppender (LogUtils.java:warn(134)) - 286c369c-cc97-41b7-b5c3-ecd621b74e6f@group-54FCA7217FD8->9500ddf0-9643-45a9-8045-ab496982ad4d-AppendLogResponseHandler: Failed appendEntries: org.apache.ratis.thirdparty.io.grpc.StatusRuntimeException: CANCELLED: HTTP/2 error code: CANCEL
Received Rst Stream
2019-10-09 02:26:40,307 [grpc-default-executor-4] INFO  impl.FollowerInfo (FollowerInfo.java:lambda$new$0(51)) - 286c369c-cc97-41b7-b5c3-ecd621b74e6f@group-54FCA7217FD8->9500ddf0-9643-45a9-8045-ab496982ad4d: nextIndex: updateUnconditionally 3 -> 2
2019-10-09 02:26:40,313 [refreshUsed-/workdir/hadoop-ozone/integration-test/target/test-dir/MiniOzoneClusterImpl-d1ef5ec3-9c6f-4c51-8424-4bb1ae139615/datanode-1/data/containers] WARN  fs.CachingGetSpaceUsed (CachingGetSpaceUsed.java:run(183)) - Thread Interrupted waiting to refresh disk information: sleep interrupted
2019-10-09 02:26:40,338 [main] INFO  utils.BackgroundService (BackgroundService.java:shutdown(151)) - Shutting down service BlockDeletingService
2019-10-09 02:26:40,346 [main] INFO  statemachine.DatanodeStateMachine (DatanodeStateMachine.java:stopDaemon(395)) - Ozone container server stopped.
2019-10-09 02:26:40,348 [main] INFO  handler.ContextHandler (ContextHandler.java:doStop(910)) - Stopped o.e.j.w.WebAppContext@7e7740a5{/,null,UNAVAILABLE}{/hddsDatanode}
2019-10-09 02:26:40,348 [main] INFO  server.AbstractConnector (AbstractConnector.java:doStop(318)) - Stopped ServerConnector@7aa01bd9{HTTP/1.1,[http/1.1]}{0.0.0.0:0}
2019-10-09 02:26:40,349 [main] INFO  handler.ContextHandler (ContextHandler.java:doStop(910)) - Stopped o.e.j.s.ServletContextHandler@2a0b901c{/static,jar:file:/home/user/.m2/repository/org/apache/hadoop/hadoop-hdds-container-service/0.5.0-SNAPSHOT/hadoop-hdds-container-service-0.5.0-SNAPSHOT.jar!/webapps/static,UNAVAILABLE}
2019-10-09 02:26:40,349 [main] INFO  handler.ContextHandler (ContextHandler.java:doStop(910)) - Stopped o.e.j.s.ServletContextHandler@1fb2eec{/logs,file:///workdir/hadoop-ozone/integration-test/target/log,UNAVAILABLE}
2019-10-09 02:26:40,360 [grpc-default-executor-4] WARN  server.GrpcLogAppender (LogUtils.java:warn(134)) - 286c369c-cc97-41b7-b5c3-ecd621b74e6f@group-54FCA7217FD8->9500ddf0-9643-45a9-8045-ab496982ad4d-AppendLogResponseHandler: Failed appendEntries: org.apache.ratis.thirdparty.io.grpc.StatusRuntimeException: UNAVAILABLE: io exception
2019-10-09 02:26:40,360 [grpc-default-executor-4] INFO  impl.FollowerInfo (FollowerInfo.java:lambda$new$0(51)) - 286c369c-cc97-41b7-b5c3-ecd621b74e6f@group-54FCA7217FD8->9500ddf0-9643-45a9-8045-ab496982ad4d: nextIndex: updateUnconditionally 3 -> 2
2019-10-09 02:26:40,372 [grpc-default-executor-5] WARN  server.GrpcLogAppender (LogUtils.java:warn(134)) - 286c369c-cc97-41b7-b5c3-ecd621b74e6f@group-54FCA7217FD8->9500ddf0-9643-45a9-8045-ab496982ad4d-AppendLogResponseHandler: Failed appendEntries: org.apache.ratis.thirdparty.io.grpc.StatusRuntimeException: UNAVAILABLE: io exception
2019-10-09 02:26:40,373 [grpc-default-executor-5] INFO  impl.FollowerInfo (FollowerInfo.java:lambda$new$0(51)) - 286c369c-cc97-41b7-b5c3-ecd621b74e6f@group-54FCA7217FD8->9500ddf0-9643-45a9-8045-ab496982ad4d: nextIndex: updateUnconditionally 3 -> 2
2019-10-09 02:26:40,385 [EventQueue-IncrementalContainerReportForIncrementalContainerReportHandler] WARN  container.IncrementalContainerReportHandler (AbstractContainerReportHandler.java:updateContainerState(145)) - Container #1 is in OPEN state, but the datanode 286c369c-cc97-41b7-b5c3-ecd621b74e6f{ip: 192.168.151.114, host: pr-hdds-2181-ddhv2-4067587365, networkLocation: /default-rack, certSerialId: null} reports an CLOSING replica.
2019-10-09 02:26:40,385 [grpc-default-executor-5] WARN  server.GrpcLogAppender (LogUtils.java:warn(134)) - 286c369c-cc97-41b7-b5c3-ecd621b74e6f@group-54FCA7217FD8->9500ddf0-9643-45a9-8045-ab496982ad4d-AppendLogResponseHandler: Failed appendEntries: org.apache.ratis.thirdparty.io.grpc.StatusRuntimeException: UNAVAILABLE: io exception
2019-10-09 02:26:40,386 [grpc-default-executor-5] INFO  impl.FollowerInfo (FollowerInfo.java:lambda$new$0(51)) - 286c369c-cc97-41b7-b5c3-ecd621b74e6f@group-54FCA7217FD8->9500ddf0-9643-45a9-8045-ab496982ad4d: nextIndex: updateUnconditionally 3 -> 2
2019-10-09 02:26:40,399 [EventQueue-IncrementalContainerReportForIncrementalContainerReportHandler] WARN  container.IncrementalContainerReportHandler (AbstractContainerReportHandler.java:updateContainerState(145)) - Container #1 is in OPEN state, but the datanode d51cab02-7f3d-4e5c-8223-8746c15674b1{ip: 192.168.151.114, host: pr-hdds-2181-ddhv2-4067587365, networkLocation: /default-rack, certSerialId: null} reports an CLOSING replica.
2019-10-09 02:26:40,441 [RatisApplyTransactionExecutor 1] INFO  interfaces.Container (KeyValueContainer.java:flushAndSyncDB(386)) - Container 1 is synced with bcsId 0.
2019-10-09 02:26:40,477 [RatisApplyTransactionExecutor 1] INFO  interfaces.Container (KeyValueContainer.java:flushAndSyncDB(386)) - Container 1 is synced with bcsId 0.
2019-10-09 02:26:40,479 [RatisApplyTransactionExecutor 1] INFO  interfaces.Container (KeyValueContainer.java:flushAndSyncDB(386)) - Container 1 is synced with bcsId 0.
2019-10-09 02:26:40,480 [RatisApplyTransactionExecutor 1] INFO  interfaces.Container (KeyValueContainer.java:flushAndSyncDB(386)) - Container 1 is synced with bcsId 0.
2019-10-09 02:26:40,484 [RatisApplyTransactionExecutor 1] INFO  interfaces.Container (KeyValueContainer.java:close(335)) - Container 1 is closed with bcsId 0.
2019-10-09 02:26:40,485 [RatisApplyTransactionExecutor 1] INFO  interfaces.Container (KeyValueContainer.java:close(335)) - Container 1 is closed with bcsId 0.
2019-10-09 02:26:40,497 [EventQueue-IncrementalContainerReportForIncrementalContainerReportHandler] WARN  container.IncrementalContainerReportHandler (AbstractContainerReportHandler.java:updateContainerState(145)) - Container #1 is in OPEN state, but the datanode d51cab02-7f3d-4e5c-8223-8746c15674b1{ip: 192.168.151.114, host: pr-hdds-2181-ddhv2-4067587365, networkLocation: /default-rack, certSerialId: null} reports an CLOSED replica.
2019-10-09 02:26:40,498 [EventQueue-IncrementalContainerReportForIncrementalContainerReportHandler] WARN  container.IncrementalContainerReportHandler (AbstractContainerReportHandler.java:updateContainerState(145)) - Container #1 is in OPEN state, but the datanode 286c369c-cc97-41b7-b5c3-ecd621b74e6f{ip: 192.168.151.114, host: pr-hdds-2181-ddhv2-4067587365, networkLocation: /default-rack, certSerialId: null} reports an CLOSED replica.
2019-10-09 02:26:42,887 [grpc-default-executor-5] WARN  server.GrpcLogAppender (LogUtils.java:warn(134)) - 286c369c-cc97-41b7-b5c3-ecd621b74e6f@group-54FCA7217FD8->9500ddf0-9643-45a9-8045-ab496982ad4d-AppendLogResponseHandler: Failed appendEntries: org.apache.ratis.thirdparty.io.grpc.StatusRuntimeException: UNAVAILABLE: io exception
2019-10-09 02:26:42,888 [grpc-default-executor-5] INFO  impl.FollowerInfo (FollowerInfo.java:lambda$new$0(51)) - 286c369c-cc97-41b7-b5c3-ecd621b74e6f@group-54FCA7217FD8->9500ddf0-9643-45a9-8045-ab496982ad4d: nextIndex: updateUnconditionally 2 -> 1
2019-10-09 02:26:43,503 [main] WARN  scm.XceiverClientRatis (XceiverClientRatis.java:watchForCommit(277)) - 3 way commit failed on pipeline Pipeline[ Id: 86ea75de-1c3d-4d5a-a138-54fca7217fd8, Nodes: 9500ddf0-9643-45a9-8045-ab496982ad4d{ip: 192.168.151.114, host: pr-hdds-2181-ddhv2-4067587365, networkLocation: /default-rack, certSerialId: null}286c369c-cc97-41b7-b5c3-ecd621b74e6f{ip: 192.168.151.114, host: pr-hdds-2181-ddhv2-4067587365, networkLocation: /default-rack, certSerialId: null}d51cab02-7f3d-4e5c-8223-8746c15674b1{ip: 192.168.151.114, host: pr-hdds-2181-ddhv2-4067587365, networkLocation: /default-rack, certSerialId: null}, Type:RATIS, Factor:THREE, State:OPEN]
java.util.concurrent.TimeoutException
	at java.util.concurrent.CompletableFuture.timedGet(CompletableFuture.java:1771)
	at java.util.concurrent.CompletableFuture.get(CompletableFuture.java:1915)
	at org.apache.hadoop.hdds.scm.XceiverClientRatis.watchForCommit(XceiverClientRatis.java:274)
	at org.apache.hadoop.ozone.client.rpc.TestWatchForCommit.test2WayCommitForTimeoutException(TestWatchForCommit.java:391)
	at sun.reflect.NativeMethodAccessorImpl.invoke0(Native Method)
	at sun.reflect.NativeMethodAccessorImpl.invoke(NativeMethodAccessorImpl.java:62)
	at sun.reflect.DelegatingMethodAccessorImpl.invoke(DelegatingMethodAccessorImpl.java:43)
	at java.lang.reflect.Method.invoke(Method.java:498)
	at org.junit.runners.model.FrameworkMethod$1.runReflectiveCall(FrameworkMethod.java:47)
	at org.junit.internal.runners.model.ReflectiveCallable.run(ReflectiveCallable.java:12)
	at org.junit.runners.model.FrameworkMethod.invokeExplosively(FrameworkMethod.java:44)
	at org.junit.internal.runners.statements.InvokeMethod.evaluate(InvokeMethod.java:17)
	at org.junit.runners.ParentRunner.runLeaf(ParentRunner.java:271)
	at org.junit.runners.BlockJUnit4ClassRunner.runChild(BlockJUnit4ClassRunner.java:70)
	at org.junit.runners.BlockJUnit4ClassRunner.runChild(BlockJUnit4ClassRunner.java:50)
	at org.junit.runners.ParentRunner$3.run(ParentRunner.java:238)
	at org.junit.runners.ParentRunner$1.schedule(ParentRunner.java:63)
	at org.junit.runners.ParentRunner.runChildren(ParentRunner.java:236)
	at org.junit.runners.ParentRunner.access$000(ParentRunner.java:53)
	at org.junit.runners.ParentRunner$2.evaluate(ParentRunner.java:229)
	at org.junit.runners.ParentRunner.run(ParentRunner.java:309)
	at org.apache.maven.surefire.junit4.JUnit4Provider.execute(JUnit4Provider.java:365)
	at org.apache.maven.surefire.junit4.JUnit4Provider.executeWithRerun(JUnit4Provider.java:273)
	at org.apache.maven.surefire.junit4.JUnit4Provider.executeTestSet(JUnit4Provider.java:238)
	at org.apache.maven.surefire.junit4.JUnit4Provider.invoke(JUnit4Provider.java:159)
	at org.apache.maven.surefire.booter.ForkedBooter.invokeProviderInSameClassLoader(ForkedBooter.java:384)
	at org.apache.maven.surefire.booter.ForkedBooter.runSuitesInProcess(ForkedBooter.java:345)
	at org.apache.maven.surefire.booter.ForkedBooter.execute(ForkedBooter.java:126)
	at org.apache.maven.surefire.booter.ForkedBooter.main(ForkedBooter.java:418)
2019-10-09 02:26:43,513 [Thread-2466] INFO  client.GrpcClientProtocolService (GrpcClientProtocolService.java:lambda$processClientRequest$0(278)) - Failed RaftClientRequest:client-C2C50754375D->d51cab02-7f3d-4e5c-8223-8746c15674b1@group-54FCA7217FD8, cid=105, seq=0, Watch-MAJORITY_COMMITTED(3), Message:<EMPTY>, reply=RaftClientReply:client-C2C50754375D->d51cab02-7f3d-4e5c-8223-8746c15674b1@group-54FCA7217FD8, cid=105, FAILED org.apache.ratis.protocol.NotLeaderException: Server d51cab02-7f3d-4e5c-8223-8746c15674b1@group-54FCA7217FD8 is not the leader 286c369c-cc97-41b7-b5c3-ecd621b74e6f:192.168.151.114:35312, logIndex=0, commits[d51cab02-7f3d-4e5c-8223-8746c15674b1:c4, 286c369c-cc97-41b7-b5c3-ecd621b74e6f:c4, 9500ddf0-9643-45a9-8045-ab496982ad4d:c2]
2019-10-09 02:26:45,388 [grpc-default-executor-4] WARN  server.GrpcLogAppender (LogUtils.java:warn(134)) - 286c369c-cc97-41b7-b5c3-ecd621b74e6f@group-54FCA7217FD8->9500ddf0-9643-45a9-8045-ab496982ad4d-AppendLogResponseHandler: Failed appendEntries: org.apache.ratis.thirdparty.io.grpc.StatusRuntimeException: UNAVAILABLE: io exception
2019-10-09 02:26:45,388 [grpc-default-executor-4] INFO  impl.FollowerInfo (FollowerInfo.java:lambda$new$0(51)) - 286c369c-cc97-41b7-b5c3-ecd621b74e6f@group-54FCA7217FD8->9500ddf0-9643-45a9-8045-ab496982ad4d: nextIndex: updateUnconditionally 1 -> 0
]]></system-out>
    <system-err><![CDATA[Oct 09, 2019 2:26:40 AM org.apache.ratis.thirdparty.io.grpc.internal.SerializingExecutor run
SEVERE: Exception while executing runnable org.apache.ratis.thirdparty.io.grpc.internal.ServerImpl$JumpToApplicationThreadServerStreamListener$1Closed@675574c6
org.apache.ratis.thirdparty.io.grpc.StatusRuntimeException: CANCELLED: call already cancelled
	at org.apache.ratis.thirdparty.io.grpc.Status.asRuntimeException(Status.java:517)
	at org.apache.ratis.thirdparty.io.grpc.stub.ServerCalls$ServerCallStreamObserverImpl.onCompleted(ServerCalls.java:356)
	at org.apache.ratis.grpc.server.GrpcServerProtocolService$ServerRequestStreamObserver.onError(GrpcServerProtocolService.java:121)
	at org.apache.ratis.thirdparty.io.grpc.stub.ServerCalls$StreamingServerCallHandler$StreamingServerCallListener.onCancel(ServerCalls.java:269)
	at org.apache.ratis.thirdparty.io.grpc.internal.ServerCallImpl$ServerStreamListenerImpl.closed(ServerCallImpl.java:293)
	at org.apache.ratis.thirdparty.io.grpc.internal.ServerImpl$JumpToApplicationThreadServerStreamListener$1Closed.runInContext(ServerImpl.java:741)
	at org.apache.ratis.thirdparty.io.grpc.internal.ContextRunnable.run(ContextRunnable.java:37)
	at org.apache.ratis.thirdparty.io.grpc.internal.SerializingExecutor.run(SerializingExecutor.java:123)
	at java.util.concurrent.ThreadPoolExecutor.runWorker(ThreadPoolExecutor.java:1149)
	at java.util.concurrent.ThreadPoolExecutor$Worker.run(ThreadPoolExecutor.java:624)
	at java.lang.Thread.run(Thread.java:748)

]]></system-err>
  </testcase>
</testsuite>