<?xml version="1.0" encoding="UTF-8"?>
<testsuite xmlns:xsi="http://www.w3.org/2001/XMLSchema-instance" xsi:noNamespaceSchemaLocation="https://maven.apache.org/surefire/maven-surefire-plugin/xsd/surefire-test-report.xsd" name="org.apache.hadoop.ozone.client.rpc.TestBlockOutputStreamWithFailures" time="759.277" tests="8" errors="0" skipped="0" failures="1">
  <properties>
    <property name="awt.toolkit" value="sun.awt.X11.XToolkit"/>
    <property name="file.encoding.pkg" value="sun.io"/>
    <property name="java.specification.version" value="1.8"/>
    <property name="sun.cpu.isalist" value=""/>
    <property name="sun.jnu.encoding" value="UTF-8"/>
    <property name="java.class.path" value="/workdir/hadoop-ozone/integration-test/target/test-classes:/workdir/hadoop-ozone/integration-test/target/classes:/home/user/.m2/repository/org/apache/hadoop/hadoop-ozone-common/0.5.0-SNAPSHOT/hadoop-ozone-common-0.5.0-SNAPSHOT.jar:/home/user/.m2/repository/org/apache/commons/commons-compress/1.4.1/commons-compress-1.4.1.jar:/home/user/.m2/repository/org/tukaani/xz/1.0/xz-1.0.jar:/home/user/.m2/repository/org/apache/hadoop/hadoop-common/3.2.0/hadoop-common-3.2.0.jar:/home/user/.m2/repository/org/apache/hadoop/hadoop-hdfs/3.2.0/hadoop-hdfs-3.2.0.jar:/home/user/.m2/repository/org/apache/hadoop/hadoop-hdfs-client/3.2.0/hadoop-hdfs-client-3.2.0.jar:/home/user/.m2/repository/com/fasterxml/jackson/core/jackson-annotations/2.9.9/jackson-annotations-2.9.9.jar:/home/user/.m2/repository/org/apache/hadoop/hadoop-hdds-common/0.5.0-SNAPSHOT/hadoop-hdds-common-0.5.0-SNAPSHOT.jar:/home/user/.m2/repository/javax/annotation/javax.annotation-api/1.2/javax.annotation-api-1.2.jar:/home/user/.m2/repository/org/apache/ratis/ratis-server/0.5.0-201fc85-SNAPSHOT/ratis-server-0.5.0-201fc85-SNAPSHOT.jar:/home/user/.m2/repository/org/apache/ratis/ratis-thirdparty-misc/0.2.0/ratis-thirdparty-misc-0.2.0.jar:/home/user/.m2/repository/org/apache/ratis/ratis-proto/0.5.0-201fc85-SNAPSHOT/ratis-proto-0.5.0-201fc85-SNAPSHOT.jar:/home/user/.m2/repository/org/apache/ratis/ratis-common/0.5.0-201fc85-SNAPSHOT/ratis-common-0.5.0-201fc85-SNAPSHOT.jar:/home/user/.m2/repository/org/apache/ratis/ratis-client/0.5.0-201fc85-SNAPSHOT/ratis-client-0.5.0-201fc85-SNAPSHOT.jar:/home/user/.m2/repository/org/apache/ratis/ratis-metrics/0.5.0-201fc85-SNAPSHOT/ratis-metrics-0.5.0-201fc85-SNAPSHOT.jar:/home/user/.m2/repository/com/github/joshelser/dropwizard-metrics-hadoop-metrics2-reporter/0.1.2/dropwizard-metrics-hadoop-metrics2-reporter-0.1.2.jar:/home/user/.m2/repository/io/dropwizard/metrics/metrics-jvm/3.2.5/metrics-jvm-3.2.5.jar:/home/user/.m2/repository/io/dropwizard/metrics/metrics-ganglia/3.2.5/metrics-ganglia-3.2.5.jar:/home/user/.m2/repository/info/ganglia/gmetric4j/gmetric4j/1.0.7/gmetric4j-1.0.7.jar:/home/user/.m2/repository/org/apache/ratis/ratis-netty/0.5.0-201fc85-SNAPSHOT/ratis-netty-0.5.0-201fc85-SNAPSHOT.jar:/home/user/.m2/repository/org/apache/ratis/ratis-grpc/0.5.0-201fc85-SNAPSHOT/ratis-grpc-0.5.0-201fc85-SNAPSHOT.jar:/home/user/.m2/repository/org/rocksdb/rocksdbjni/6.0.1/rocksdbjni-6.0.1.jar:/home/user/.m2/repository/org/apache/logging/log4j/log4j-api/2.11.0/log4j-api-2.11.0.jar:/home/user/.m2/repository/org/apache/logging/log4j/log4j-core/2.11.0/log4j-core-2.11.0.jar:/home/user/.m2/repository/com/lmax/disruptor/3.4.2/disruptor-3.4.2.jar:/home/user/.m2/repository/org/apache/commons/commons-pool2/2.6.0/commons-pool2-2.6.0.jar:/home/user/.m2/repository/org/bouncycastle/bcpkix-jdk15on/1.60/bcpkix-jdk15on-1.60.jar:/home/user/.m2/repository/commons-validator/commons-validator/1.6/commons-validator-1.6.jar:/home/user/.m2/repository/commons-digester/commons-digester/1.8.1/commons-digester-1.8.1.jar:/home/user/.m2/repository/io/jaegertracing/jaeger-client/0.34.0/jaeger-client-0.34.0.jar:/home/user/.m2/repository/io/jaegertracing/jaeger-thrift/0.34.0/jaeger-thrift-0.34.0.jar:/home/user/.m2/repository/org/apache/thrift/libthrift/0.12.0/libthrift-0.12.0.jar:/home/user/.m2/repository/com/squareup/okhttp3/okhttp/3.9.0/okhttp-3.9.0.jar:/home/user/.m2/repository/com/squareup/okio/okio/1.13.0/okio-1.13.0.jar:/home/user/.m2/repository/io/jaegertracing/jaeger-core/0.34.0/jaeger-core-0.34.0.jar:/home/user/.m2/repository/io/jaegertracing/jaeger-tracerresolver/0.34.0/jaeger-tracerresolver-0.34.0.jar:/home/user/.m2/repository/io/opentracing/contrib/opentracing-tracerresolver/0.1.5/opentracing-tracerresolver-0.1.5.jar:/home/user/.m2/repository/io/opentracing/opentracing-util/0.31.0/opentracing-util-0.31.0.jar:/home/user/.m2/repository/io/opentracing/opentracing-api/0.31.0/opentracing-api-0.31.0.jar:/home/user/.m2/repository/io/opentracing/opentracing-noop/0.31.0/opentracing-noop-0.31.0.jar:/home/user/.m2/repository/org/apache/hadoop/hadoop-hdds-server-framework/0.5.0-SNAPSHOT/hadoop-hdds-server-framework-0.5.0-SNAPSHOT.jar:/home/user/.m2/repository/org/apache/hadoop/hadoop-hdds-container-service/0.5.0-SNAPSHOT/hadoop-hdds-container-service-0.5.0-SNAPSHOT.jar:/home/user/.m2/repository/org/apache/hadoop/hadoop-hdds-client/0.5.0-SNAPSHOT/hadoop-hdds-client-0.5.0-SNAPSHOT.jar:/home/user/.m2/repository/org/apache/hadoop/hadoop-hdds-tools/0.5.0-SNAPSHOT/hadoop-hdds-tools-0.5.0-SNAPSHOT.jar:/home/user/.m2/repository/org/apache/hadoop/hadoop-hdds-server-scm/0.5.0-SNAPSHOT/hadoop-hdds-server-scm-0.5.0-SNAPSHOT.jar:/home/user/.m2/repository/org/apache/hadoop/hadoop-hdds-docs/0.5.0-SNAPSHOT/hadoop-hdds-docs-0.5.0-SNAPSHOT.jar:/home/user/.m2/repository/io/dropwizard/metrics/metrics-core/3.2.4/metrics-core-3.2.4.jar:/home/user/.m2/repository/org/hamcrest/hamcrest-all/1.3/hamcrest-all-1.3.jar:/home/user/.m2/repository/org/bouncycastle/bcprov-jdk15on/1.60/bcprov-jdk15on-1.60.jar:/home/user/.m2/repository/info/picocli/picocli/3.9.6/picocli-3.9.6.jar:/home/user/.m2/repository/com/google/protobuf/protobuf-java/2.5.0/protobuf-java-2.5.0.jar:/home/user/.m2/repository/com/google/guava/guava/11.0.2/guava-11.0.2.jar:/home/user/.m2/repository/org/apache/hadoop/hadoop-ozone-ozone-manager/0.5.0-SNAPSHOT/hadoop-ozone-ozone-manager-0.5.0-SNAPSHOT.jar:/home/user/.m2/repository/org/apache/hadoop/hadoop-minikdc/3.2.0/hadoop-minikdc-3.2.0.jar:/home/user/.m2/repository/commons-io/commons-io/2.5/commons-io-2.5.jar:/home/user/.m2/repository/org/apache/kerby/kerb-simplekdc/1.0.1/kerb-simplekdc-1.0.1.jar:/home/user/.m2/repository/org/apache/kerby/kerb-client/1.0.1/kerb-client-1.0.1.jar:/home/user/.m2/repository/org/apache/kerby/kerby-config/1.0.1/kerby-config-1.0.1.jar:/home/user/.m2/repository/org/apache/kerby/kerb-core/1.0.1/kerb-core-1.0.1.jar:/home/user/.m2/repository/org/apache/kerby/kerby-pkix/1.0.1/kerby-pkix-1.0.1.jar:/home/user/.m2/repository/org/apache/kerby/kerby-asn1/1.0.1/kerby-asn1-1.0.1.jar:/home/user/.m2/repository/org/apache/kerby/kerby-util/1.0.1/kerby-util-1.0.1.jar:/home/user/.m2/repository/org/apache/kerby/kerb-common/1.0.1/kerb-common-1.0.1.jar:/home/user/.m2/repository/org/apache/kerby/kerb-crypto/1.0.1/kerb-crypto-1.0.1.jar:/home/user/.m2/repository/org/apache/kerby/kerb-util/1.0.1/kerb-util-1.0.1.jar:/home/user/.m2/repository/org/apache/kerby/token-provider/1.0.1/token-provider-1.0.1.jar:/home/user/.m2/repository/org/apache/kerby/kerb-admin/1.0.1/kerb-admin-1.0.1.jar:/home/user/.m2/repository/org/apache/kerby/kerb-server/1.0.1/kerb-server-1.0.1.jar:/home/user/.m2/repository/org/apache/kerby/kerb-identity/1.0.1/kerb-identity-1.0.1.jar:/home/user/.m2/repository/org/apache/kerby/kerby-xdr/1.0.1/kerby-xdr-1.0.1.jar:/home/user/.m2/repository/org/slf4j/slf4j-log4j12/1.7.25/slf4j-log4j12-1.7.25.jar:/home/user/.m2/repository/org/apache/hadoop/hadoop-ozone-s3gateway/0.5.0-SNAPSHOT/hadoop-ozone-s3gateway-0.5.0-SNAPSHOT.jar:/home/user/.m2/repository/org/jboss/weld/servlet/weld-servlet/2.4.7.Final/weld-servlet-2.4.7.Final.jar:/home/user/.m2/repository/org/glassfish/jersey/containers/jersey-container-servlet-core/2.27/jersey-container-servlet-core-2.27.jar:/home/user/.m2/repository/org/glassfish/hk2/external/javax.inject/2.5.0-b42/javax.inject-2.5.0-b42.jar:/home/user/.m2/repository/org/glassfish/jersey/core/jersey-common/2.27/jersey-common-2.27.jar:/home/user/.m2/repository/org/glassfish/hk2/osgi-resource-locator/1.0.1/osgi-resource-locator-1.0.1.jar:/home/user/.m2/repository/javax/ws/rs/javax.ws.rs-api/2.1/javax.ws.rs-api-2.1.jar:/home/user/.m2/repository/org/glassfish/jersey/ext/cdi/jersey-cdi1x/2.27/jersey-cdi1x-2.27.jar:/home/user/.m2/repository/org/glassfish/jersey/inject/jersey-hk2/2.27/jersey-hk2-2.27.jar:/home/user/.m2/repository/org/glassfish/hk2/hk2-locator/2.5.0-b42/hk2-locator-2.5.0-b42.jar:/home/user/.m2/repository/org/javassist/javassist/3.22.0-CR2/javassist-3.22.0-CR2.jar:/home/user/.m2/repository/org/glassfish/hk2/hk2-api/2.5.0/hk2-api-2.5.0.jar:/home/user/.m2/repository/org/glassfish/hk2/external/jakarta.inject/2.5.0/jakarta.inject-2.5.0.jar:/home/user/.m2/repository/org/glassfish/hk2/hk2-utils/2.5.0/hk2-utils-2.5.0.jar:/home/user/.m2/repository/jakarta/annotation/jakarta.annotation-api/1.3.4/jakarta.annotation-api-1.3.4.jar:/home/user/.m2/repository/org/glassfish/hk2/external/aopalliance-repackaged/2.5.0/aopalliance-repackaged-2.5.0.jar:/home/user/.m2/repository/com/fasterxml/jackson/dataformat/jackson-dataformat-xml/2.9.0/jackson-dataformat-xml-2.9.0.jar:/home/user/.m2/repository/com/fasterxml/jackson/core/jackson-core/2.9.9/jackson-core-2.9.9.jar:/home/user/.m2/repository/com/fasterxml/jackson/module/jackson-module-jaxb-annotations/2.9.9/jackson-module-jaxb-annotations-2.9.9.jar:/home/user/.m2/repository/javax/enterprise/cdi-api/1.2/cdi-api-1.2.jar:/home/user/.m2/repository/javax/el/javax.el-api/3.0.0/javax.el-api-3.0.0.jar:/home/user/.m2/repository/javax/interceptor/javax.interceptor-api/1.2/javax.interceptor-api-1.2.jar:/home/user/.m2/repository/javax/inject/javax.inject/1/javax.inject-1.jar:/home/user/.m2/repository/com/sun/xml/bind/jaxb-impl/2.3.0.1/jaxb-impl-2.3.0.1.jar:/home/user/.m2/repository/com/sun/xml/bind/jaxb-core/2.3.0.1/jaxb-core-2.3.0.1.jar:/home/user/.m2/repository/javax/xml/bind/jaxb-api/2.3.0/jaxb-api-2.3.0.jar:/home/user/.m2/repository/javax/activation/activation/1.1.1/activation-1.1.1.jar:/home/user/.m2/repository/org/apache/hadoop/hadoop-ozone-csi/0.5.0-SNAPSHOT/hadoop-ozone-csi-0.5.0-SNAPSHOT.jar:/home/user/.m2/repository/com/google/protobuf/protobuf-java-util/3.5.1/protobuf-java-util-3.5.1.jar:/home/user/.m2/repository/org/apache/hadoop/hadoop-hdds-config/0.5.0-SNAPSHOT/hadoop-hdds-config-0.5.0-SNAPSHOT.jar:/home/user/.m2/repository/io/grpc/grpc-netty/1.17.1/grpc-netty-1.17.1.jar:/home/user/.m2/repository/io/grpc/grpc-core/1.17.1/grpc-core-1.17.1.jar:/home/user/.m2/repository/io/grpc/grpc-context/1.17.1/grpc-context-1.17.1.jar:/home/user/.m2/repository/com/google/errorprone/error_prone_annotations/2.2.0/error_prone_annotations-2.2.0.jar:/home/user/.m2/repository/org/codehaus/mojo/animal-sniffer-annotations/1.17/animal-sniffer-annotations-1.17.jar:/home/user/.m2/repository/io/opencensus/opencensus-api/0.17.0/opencensus-api-0.17.0.jar:/home/user/.m2/repository/io/opencensus/opencensus-contrib-grpc-metrics/0.17.0/opencensus-contrib-grpc-metrics-0.17.0.jar:/home/user/.m2/repository/io/netty/netty-codec-http2/4.1.30.Final/netty-codec-http2-4.1.30.Final.jar:/home/user/.m2/repository/io/netty/netty-codec-http/4.1.30.Final/netty-codec-http-4.1.30.Final.jar:/home/user/.m2/repository/io/netty/netty-codec/4.1.30.Final/netty-codec-4.1.30.Final.jar:/home/user/.m2/repository/io/netty/netty-handler/4.1.30.Final/netty-handler-4.1.30.Final.jar:/home/user/.m2/repository/io/netty/netty-handler-proxy/4.1.30.Final/netty-handler-proxy-4.1.30.Final.jar:/home/user/.m2/repository/io/netty/netty-codec-socks/4.1.30.Final/netty-codec-socks-4.1.30.Final.jar:/home/user/.m2/repository/io/netty/netty-transport-native-epoll/4.1.30.Final/netty-transport-native-epoll-4.1.30.Final.jar:/home/user/.m2/repository/io/netty/netty-common/4.1.30.Final/netty-common-4.1.30.Final.jar:/home/user/.m2/repository/io/netty/netty-buffer/4.1.30.Final/netty-buffer-4.1.30.Final.jar:/home/user/.m2/repository/io/netty/netty-transport/4.1.30.Final/netty-transport-4.1.30.Final.jar:/home/user/.m2/repository/io/netty/netty-resolver/4.1.30.Final/netty-resolver-4.1.30.Final.jar:/home/user/.m2/repository/io/netty/netty-transport-native-unix-common/4.1.30.Final/netty-transport-native-unix-common-4.1.30.Final.jar:/home/user/.m2/repository/io/grpc/grpc-protobuf/1.17.1/grpc-protobuf-1.17.1.jar:/home/user/.m2/repository/com/google/api/grpc/proto-google-common-protos/1.0.0/proto-google-common-protos-1.0.0.jar:/home/user/.m2/repository/io/grpc/grpc-protobuf-lite/1.17.1/grpc-protobuf-lite-1.17.1.jar:/home/user/.m2/repository/io/grpc/grpc-stub/1.17.1/grpc-stub-1.17.1.jar:/home/user/.m2/repository/org/apache/hadoop/hadoop-ozone-recon/0.5.0-SNAPSHOT/hadoop-ozone-recon-0.5.0-SNAPSHOT.jar:/home/user/.m2/repository/org/apache/hadoop/hadoop-ozone-reconcodegen/0.5.0-SNAPSHOT/hadoop-ozone-reconcodegen-0.5.0-SNAPSHOT.jar:/home/user/.m2/repository/com/google/inject/extensions/guice-multibindings/4.0/guice-multibindings-4.0.jar:/home/user/.m2/repository/com/google/inject/guice/4.0/guice-4.0.jar:/home/user/.m2/repository/aopalliance/aopalliance/1.0/aopalliance-1.0.jar:/home/user/.m2/repository/com/google/inject/extensions/guice-servlet/4.0/guice-servlet-4.0.jar:/home/user/.m2/repository/org/glassfish/jersey/containers/jersey-container-servlet/2.27/jersey-container-servlet-2.27.jar:/home/user/.m2/repository/org/glassfish/hk2/guice-bridge/2.5.0/guice-bridge-2.5.0.jar:/home/user/.m2/repository/org/glassfish/jersey/core/jersey-server/2.27/jersey-server-2.27.jar:/home/user/.m2/repository/org/glassfish/jersey/core/jersey-client/2.27/jersey-client-2.27.jar:/home/user/.m2/repository/org/glassfish/jersey/media/jersey-media-jaxb/2.27/jersey-media-jaxb-2.27.jar:/home/user/.m2/repository/javax/validation/validation-api/1.1.0.Final/validation-api-1.1.0.Final.jar:/home/user/.m2/repository/org/glassfish/jersey/media/jersey-media-json-jackson/2.27/jersey-media-json-jackson-2.27.jar:/home/user/.m2/repository/org/glassfish/jersey/ext/jersey-entity-filtering/2.27/jersey-entity-filtering-2.27.jar:/home/user/.m2/repository/com/google/inject/extensions/guice-assistedinject/4.0/guice-assistedinject-4.0.jar:/home/user/.m2/repository/org/jooq/jooq/3.11.10/jooq-3.11.10.jar:/home/user/.m2/repository/org/jooq/jooq-meta/3.11.10/jooq-meta-3.11.10.jar:/home/user/.m2/repository/org/jooq/jooq-codegen/3.11.10/jooq-codegen-3.11.10.jar:/home/user/.m2/repository/com/jolbox/bonecp/0.8.0.RELEASE/bonecp-0.8.0.RELEASE.jar:/home/user/.m2/repository/org/xerial/sqlite-jdbc/3.25.2/sqlite-jdbc-3.25.2.jar:/home/user/.m2/repository/org/springframework/spring-jdbc/5.1.3.RELEASE/spring-jdbc-5.1.3.RELEASE.jar:/home/user/.m2/repository/org/springframework/spring-beans/5.1.3.RELEASE/spring-beans-5.1.3.RELEASE.jar:/home/user/.m2/repository/org/springframework/spring-core/5.1.3.RELEASE/spring-core-5.1.3.RELEASE.jar:/home/user/.m2/repository/org/springframework/spring-jcl/5.1.3.RELEASE/spring-jcl-5.1.3.RELEASE.jar:/home/user/.m2/repository/org/springframework/spring-tx/5.1.3.RELEASE/spring-tx-5.1.3.RELEASE.jar:/home/user/.m2/repository/org/apache/hadoop/hadoop-ozone-client/0.5.0-SNAPSHOT/hadoop-ozone-client-0.5.0-SNAPSHOT.jar:/home/user/.m2/repository/commons-lang/commons-lang/2.6/commons-lang-2.6.jar:/home/user/.m2/repository/org/apache/hadoop/hadoop-ozone-ozone-manager/0.5.0-SNAPSHOT/hadoop-ozone-ozone-manager-0.5.0-SNAPSHOT-tests.jar:/home/user/.m2/repository/junit/junit/4.11/junit-4.11.jar:/home/user/.m2/repository/org/hamcrest/hamcrest-core/1.3/hamcrest-core-1.3.jar:/home/user/.m2/repository/org/openjdk/jmh/jmh-core/1.19/jmh-core-1.19.jar:/home/user/.m2/repository/net/sf/jopt-simple/jopt-simple/4.6/jopt-simple-4.6.jar:/home/user/.m2/repository/org/apache/commons/commons-math3/3.1.1/commons-math3-3.1.1.jar:/home/user/.m2/repository/org/openjdk/jmh/jmh-generator-annprocess/1.19/jmh-generator-annprocess-1.19.jar:/home/user/.m2/repository/org/mockito/mockito-all/1.8.5/mockito-all-1.8.5.jar:/home/user/.m2/repository/org/apache/hadoop/hadoop-kms/3.2.0/hadoop-kms-3.2.0.jar:/home/user/.m2/repository/org/apache/hadoop/hadoop-auth/3.2.0/hadoop-auth-3.2.0.jar:/home/user/.m2/repository/com/nimbusds/nimbus-jose-jwt/4.41.1/nimbus-jose-jwt-4.41.1.jar:/home/user/.m2/repository/com/github/stephenc/jcip/jcip-annotations/1.0-1/jcip-annotations-1.0-1.jar:/home/user/.m2/repository/net/minidev/json-smart/2.3/json-smart-2.3.jar:/home/user/.m2/repository/net/minidev/accessors-smart/1.2/accessors-smart-1.2.jar:/home/user/.m2/repository/org/ow2/asm/asm/5.0.4/asm-5.0.4.jar:/home/user/.m2/repository/org/apache/curator/curator-framework/2.12.0/curator-framework-2.12.0.jar:/home/user/.m2/repository/com/sun/jersey/jersey-core/1.19/jersey-core-1.19.jar:/home/user/.m2/repository/javax/ws/rs/jsr311-api/1.1.1/jsr311-api-1.1.1.jar:/home/user/.m2/repository/com/sun/jersey/jersey-server/1.19/jersey-server-1.19.jar:/home/user/.m2/repository/javax/servlet/javax.servlet-api/3.1.0/javax.servlet-api-3.1.0.jar:/home/user/.m2/repository/org/eclipse/jetty/jetty-server/9.3.25.v20180904/jetty-server-9.3.25.v20180904.jar:/home/user/.m2/repository/org/eclipse/jetty/jetty-http/9.3.25.v20180904/jetty-http-9.3.25.v20180904.jar:/home/user/.m2/repository/org/eclipse/jetty/jetty-io/9.3.25.v20180904/jetty-io-9.3.25.v20180904.jar:/home/user/.m2/repository/org/eclipse/jetty/jetty-webapp/9.3.25.v20180904/jetty-webapp-9.3.25.v20180904.jar:/home/user/.m2/repository/org/eclipse/jetty/jetty-xml/9.3.25.v20180904/jetty-xml-9.3.25.v20180904.jar:/home/user/.m2/repository/log4j/log4j/1.2.17/log4j-1.2.17.jar:/home/user/.m2/repository/org/slf4j/slf4j-api/1.7.25/slf4j-api-1.7.25.jar:/home/user/.m2/repository/org/slf4j/jul-to-slf4j/1.7.25/jul-to-slf4j-1.7.25.jar:/home/user/.m2/repository/org/eclipse/jetty/jetty-util/9.3.25.v20180904/jetty-util-9.3.25.v20180904.jar:/home/user/.m2/repository/com/fasterxml/jackson/core/jackson-databind/2.9.9/jackson-databind-2.9.9.jar:/home/user/.m2/repository/org/apache/hadoop/hadoop-kms/3.2.0/hadoop-kms-3.2.0-tests.jar:/home/user/.m2/repository/org/apache/hadoop/hadoop-hdds-server-scm/0.5.0-SNAPSHOT/hadoop-hdds-server-scm-0.5.0-SNAPSHOT-tests.jar:/home/user/.m2/repository/org/apache/hadoop/hadoop-hdds-container-service/0.5.0-SNAPSHOT/hadoop-hdds-container-service-0.5.0-SNAPSHOT-tests.jar:/home/user/.m2/repository/org/yaml/snakeyaml/1.16/snakeyaml-1.16.jar:/home/user/.m2/repository/org/apache/hadoop/hadoop-common/3.2.0/hadoop-common-3.2.0-tests.jar:/home/user/.m2/repository/org/apache/hadoop/hadoop-annotations/3.2.0/hadoop-annotations-3.2.0.jar:/usr/lib/jvm/java-1.8-openjdk/jre/../lib/tools.jar:/home/user/.m2/repository/commons-cli/commons-cli/1.2/commons-cli-1.2.jar:/home/user/.m2/repository/org/apache/httpcomponents/httpclient/4.5.2/httpclient-4.5.2.jar:/home/user/.m2/repository/org/apache/httpcomponents/httpcore/4.4.4/httpcore-4.4.4.jar:/home/user/.m2/repository/commons-codec/commons-codec/1.11/commons-codec-1.11.jar:/home/user/.m2/repository/commons-net/commons-net/3.6/commons-net-3.6.jar:/home/user/.m2/repository/commons-collections/commons-collections/3.2.2/commons-collections-3.2.2.jar:/home/user/.m2/repository/org/eclipse/jetty/jetty-servlet/9.3.25.v20180904/jetty-servlet-9.3.25.v20180904.jar:/home/user/.m2/repository/org/eclipse/jetty/jetty-security/9.3.25.v20180904/jetty-security-9.3.25.v20180904.jar:/home/user/.m2/repository/javax/servlet/jsp/jsp-api/2.1/jsp-api-2.1.jar:/home/user/.m2/repository/com/sun/jersey/jersey-servlet/1.19/jersey-servlet-1.19.jar:/home/user/.m2/repository/com/sun/jersey/jersey-json/1.19/jersey-json-1.19.jar:/home/user/.m2/repository/org/codehaus/jettison/jettison/1.1/jettison-1.1.jar:/home/user/.m2/repository/org/codehaus/jackson/jackson-core-asl/1.9.13/jackson-core-asl-1.9.13.jar:/home/user/.m2/repository/org/codehaus/jackson/jackson-mapper-asl/1.9.13/jackson-mapper-asl-1.9.13.jar:/home/user/.m2/repository/org/codehaus/jackson/jackson-jaxrs/1.9.13/jackson-jaxrs-1.9.13.jar:/home/user/.m2/repository/org/codehaus/jackson/jackson-xc/1.9.13/jackson-xc-1.9.13.jar:/home/user/.m2/repository/commons-logging/commons-logging/1.1.3/commons-logging-1.1.3.jar:/home/user/.m2/repository/commons-beanutils/commons-beanutils/1.9.4/commons-beanutils-1.9.4.jar:/home/user/.m2/repository/org/apache/commons/commons-configuration2/2.1.1/commons-configuration2-2.1.1.jar:/home/user/.m2/repository/org/apache/commons/commons-lang3/3.7/commons-lang3-3.7.jar:/home/user/.m2/repository/org/apache/commons/commons-text/1.4/commons-text-1.4.jar:/home/user/.m2/repository/org/apache/avro/avro/1.7.7/avro-1.7.7.jar:/home/user/.m2/repository/com/thoughtworks/paranamer/paranamer/2.3/paranamer-2.3.jar:/home/user/.m2/repository/org/xerial/snappy/snappy-java/1.0.5/snappy-java-1.0.5.jar:/home/user/.m2/repository/com/google/re2j/re2j/1.1/re2j-1.1.jar:/home/user/.m2/repository/com/google/code/gson/gson/2.2.4/gson-2.2.4.jar:/home/user/.m2/repository/com/jcraft/jsch/0.1.54/jsch-0.1.54.jar:/home/user/.m2/repository/org/apache/curator/curator-client/2.12.0/curator-client-2.12.0.jar:/home/user/.m2/repository/org/apache/curator/curator-recipes/2.12.0/curator-recipes-2.12.0.jar:/home/user/.m2/repository/com/google/code/findbugs/jsr305/3.0.0/jsr305-3.0.0.jar:/home/user/.m2/repository/org/apache/htrace/htrace-core4/4.1.0-incubating/htrace-core4-4.1.0-incubating.jar:/home/user/.m2/repository/org/apache/zookeeper/zookeeper/3.4.13/zookeeper-3.4.13.jar:/home/user/.m2/repository/jline/jline/0.9.94/jline-0.9.94.jar:/home/user/.m2/repository/org/apache/yetus/audience-annotations/0.5.0/audience-annotations-0.5.0.jar:/home/user/.m2/repository/org/codehaus/woodstox/stax2-api/3.1.4/stax2-api-3.1.4.jar:/home/user/.m2/repository/com/fasterxml/woodstox/woodstox-core/5.0.3/woodstox-core-5.0.3.jar:/home/user/.m2/repository/dnsjava/dnsjava/2.1.7/dnsjava-2.1.7.jar:/home/user/.m2/repository/org/apache/hadoop/hadoop-hdfs/3.2.0/hadoop-hdfs-3.2.0-tests.jar:/home/user/.m2/repository/org/eclipse/jetty/jetty-util-ajax/9.3.25.v20180904/jetty-util-ajax-9.3.25.v20180904.jar:/home/user/.m2/repository/commons-daemon/commons-daemon/1.0.13/commons-daemon-1.0.13.jar:/home/user/.m2/repository/io/netty/netty/3.10.5.Final/netty-3.10.5.Final.jar:/home/user/.m2/repository/io/netty/netty-all/4.0.52.Final/netty-all-4.0.52.Final.jar:/home/user/.m2/repository/org/fusesource/leveldbjni/leveldbjni-all/1.8/leveldbjni-all-1.8.jar:"/>
    <property name="java.vm.vendor" value="IcedTea"/>
    <property name="sun.arch.data.model" value="64"/>
    <property name="test.build.dir" value="/workdir/hadoop-ozone/integration-test/target/test-dir"/>
    <property name="test.cache.data" value=""/>
    <property name="java.vendor.url" value="https://icedtea.classpath.org"/>
    <property name="user.timezone" value=""/>
    <property name="java.vm.specification.version" value="1.8"/>
    <property name="os.name" value="Linux"/>
    <property name="test.build.data" value="/workdir/hadoop-ozone/integration-test/target/test-dir"/>
    <property name="user.country" value="US"/>
    <property name="sun.java.launcher" value="SUN_STANDARD"/>
    <property name="sun.boot.library.path" value="/usr/lib/jvm/java-1.8-openjdk/jre/lib/amd64"/>
    <property name="sun.java.command" value="/workdir/hadoop-ozone/integration-test/target/surefire/surefirebooter4792746353562682323.jar /workdir/hadoop-ozone/integration-test/target/surefire 2019-10-03T19-07-21_669-jvmRun1 surefire2575687153580025804tmp surefire_552224254498116956543tmp"/>
    <property name="test" value="!TestMiniChaosOzoneCluster"/>
    <property name="surefire.test.class.path" value="/workdir/hadoop-ozone/integration-test/target/test-classes:/workdir/hadoop-ozone/integration-test/target/classes:/home/user/.m2/repository/org/apache/hadoop/hadoop-ozone-common/0.5.0-SNAPSHOT/hadoop-ozone-common-0.5.0-SNAPSHOT.jar:/home/user/.m2/repository/org/apache/commons/commons-compress/1.4.1/commons-compress-1.4.1.jar:/home/user/.m2/repository/org/tukaani/xz/1.0/xz-1.0.jar:/home/user/.m2/repository/org/apache/hadoop/hadoop-common/3.2.0/hadoop-common-3.2.0.jar:/home/user/.m2/repository/org/apache/hadoop/hadoop-hdfs/3.2.0/hadoop-hdfs-3.2.0.jar:/home/user/.m2/repository/org/apache/hadoop/hadoop-hdfs-client/3.2.0/hadoop-hdfs-client-3.2.0.jar:/home/user/.m2/repository/com/fasterxml/jackson/core/jackson-annotations/2.9.9/jackson-annotations-2.9.9.jar:/home/user/.m2/repository/org/apache/hadoop/hadoop-hdds-common/0.5.0-SNAPSHOT/hadoop-hdds-common-0.5.0-SNAPSHOT.jar:/home/user/.m2/repository/javax/annotation/javax.annotation-api/1.2/javax.annotation-api-1.2.jar:/home/user/.m2/repository/org/apache/ratis/ratis-server/0.5.0-201fc85-SNAPSHOT/ratis-server-0.5.0-201fc85-SNAPSHOT.jar:/home/user/.m2/repository/org/apache/ratis/ratis-thirdparty-misc/0.2.0/ratis-thirdparty-misc-0.2.0.jar:/home/user/.m2/repository/org/apache/ratis/ratis-proto/0.5.0-201fc85-SNAPSHOT/ratis-proto-0.5.0-201fc85-SNAPSHOT.jar:/home/user/.m2/repository/org/apache/ratis/ratis-common/0.5.0-201fc85-SNAPSHOT/ratis-common-0.5.0-201fc85-SNAPSHOT.jar:/home/user/.m2/repository/org/apache/ratis/ratis-client/0.5.0-201fc85-SNAPSHOT/ratis-client-0.5.0-201fc85-SNAPSHOT.jar:/home/user/.m2/repository/org/apache/ratis/ratis-metrics/0.5.0-201fc85-SNAPSHOT/ratis-metrics-0.5.0-201fc85-SNAPSHOT.jar:/home/user/.m2/repository/com/github/joshelser/dropwizard-metrics-hadoop-metrics2-reporter/0.1.2/dropwizard-metrics-hadoop-metrics2-reporter-0.1.2.jar:/home/user/.m2/repository/io/dropwizard/metrics/metrics-jvm/3.2.5/metrics-jvm-3.2.5.jar:/home/user/.m2/repository/io/dropwizard/metrics/metrics-ganglia/3.2.5/metrics-ganglia-3.2.5.jar:/home/user/.m2/repository/info/ganglia/gmetric4j/gmetric4j/1.0.7/gmetric4j-1.0.7.jar:/home/user/.m2/repository/org/apache/ratis/ratis-netty/0.5.0-201fc85-SNAPSHOT/ratis-netty-0.5.0-201fc85-SNAPSHOT.jar:/home/user/.m2/repository/org/apache/ratis/ratis-grpc/0.5.0-201fc85-SNAPSHOT/ratis-grpc-0.5.0-201fc85-SNAPSHOT.jar:/home/user/.m2/repository/org/rocksdb/rocksdbjni/6.0.1/rocksdbjni-6.0.1.jar:/home/user/.m2/repository/org/apache/logging/log4j/log4j-api/2.11.0/log4j-api-2.11.0.jar:/home/user/.m2/repository/org/apache/logging/log4j/log4j-core/2.11.0/log4j-core-2.11.0.jar:/home/user/.m2/repository/com/lmax/disruptor/3.4.2/disruptor-3.4.2.jar:/home/user/.m2/repository/org/apache/commons/commons-pool2/2.6.0/commons-pool2-2.6.0.jar:/home/user/.m2/repository/org/bouncycastle/bcpkix-jdk15on/1.60/bcpkix-jdk15on-1.60.jar:/home/user/.m2/repository/commons-validator/commons-validator/1.6/commons-validator-1.6.jar:/home/user/.m2/repository/commons-digester/commons-digester/1.8.1/commons-digester-1.8.1.jar:/home/user/.m2/repository/io/jaegertracing/jaeger-client/0.34.0/jaeger-client-0.34.0.jar:/home/user/.m2/repository/io/jaegertracing/jaeger-thrift/0.34.0/jaeger-thrift-0.34.0.jar:/home/user/.m2/repository/org/apache/thrift/libthrift/0.12.0/libthrift-0.12.0.jar:/home/user/.m2/repository/com/squareup/okhttp3/okhttp/3.9.0/okhttp-3.9.0.jar:/home/user/.m2/repository/com/squareup/okio/okio/1.13.0/okio-1.13.0.jar:/home/user/.m2/repository/io/jaegertracing/jaeger-core/0.34.0/jaeger-core-0.34.0.jar:/home/user/.m2/repository/io/jaegertracing/jaeger-tracerresolver/0.34.0/jaeger-tracerresolver-0.34.0.jar:/home/user/.m2/repository/io/opentracing/contrib/opentracing-tracerresolver/0.1.5/opentracing-tracerresolver-0.1.5.jar:/home/user/.m2/repository/io/opentracing/opentracing-util/0.31.0/opentracing-util-0.31.0.jar:/home/user/.m2/repository/io/opentracing/opentracing-api/0.31.0/opentracing-api-0.31.0.jar:/home/user/.m2/repository/io/opentracing/opentracing-noop/0.31.0/opentracing-noop-0.31.0.jar:/home/user/.m2/repository/org/apache/hadoop/hadoop-hdds-server-framework/0.5.0-SNAPSHOT/hadoop-hdds-server-framework-0.5.0-SNAPSHOT.jar:/home/user/.m2/repository/org/apache/hadoop/hadoop-hdds-container-service/0.5.0-SNAPSHOT/hadoop-hdds-container-service-0.5.0-SNAPSHOT.jar:/home/user/.m2/repository/org/apache/hadoop/hadoop-hdds-client/0.5.0-SNAPSHOT/hadoop-hdds-client-0.5.0-SNAPSHOT.jar:/home/user/.m2/repository/org/apache/hadoop/hadoop-hdds-tools/0.5.0-SNAPSHOT/hadoop-hdds-tools-0.5.0-SNAPSHOT.jar:/home/user/.m2/repository/org/apache/hadoop/hadoop-hdds-server-scm/0.5.0-SNAPSHOT/hadoop-hdds-server-scm-0.5.0-SNAPSHOT.jar:/home/user/.m2/repository/org/apache/hadoop/hadoop-hdds-docs/0.5.0-SNAPSHOT/hadoop-hdds-docs-0.5.0-SNAPSHOT.jar:/home/user/.m2/repository/io/dropwizard/metrics/metrics-core/3.2.4/metrics-core-3.2.4.jar:/home/user/.m2/repository/org/hamcrest/hamcrest-all/1.3/hamcrest-all-1.3.jar:/home/user/.m2/repository/org/bouncycastle/bcprov-jdk15on/1.60/bcprov-jdk15on-1.60.jar:/home/user/.m2/repository/info/picocli/picocli/3.9.6/picocli-3.9.6.jar:/home/user/.m2/repository/com/google/protobuf/protobuf-java/2.5.0/protobuf-java-2.5.0.jar:/home/user/.m2/repository/com/google/guava/guava/11.0.2/guava-11.0.2.jar:/home/user/.m2/repository/org/apache/hadoop/hadoop-ozone-ozone-manager/0.5.0-SNAPSHOT/hadoop-ozone-ozone-manager-0.5.0-SNAPSHOT.jar:/home/user/.m2/repository/org/apache/hadoop/hadoop-minikdc/3.2.0/hadoop-minikdc-3.2.0.jar:/home/user/.m2/repository/commons-io/commons-io/2.5/commons-io-2.5.jar:/home/user/.m2/repository/org/apache/kerby/kerb-simplekdc/1.0.1/kerb-simplekdc-1.0.1.jar:/home/user/.m2/repository/org/apache/kerby/kerb-client/1.0.1/kerb-client-1.0.1.jar:/home/user/.m2/repository/org/apache/kerby/kerby-config/1.0.1/kerby-config-1.0.1.jar:/home/user/.m2/repository/org/apache/kerby/kerb-core/1.0.1/kerb-core-1.0.1.jar:/home/user/.m2/repository/org/apache/kerby/kerby-pkix/1.0.1/kerby-pkix-1.0.1.jar:/home/user/.m2/repository/org/apache/kerby/kerby-asn1/1.0.1/kerby-asn1-1.0.1.jar:/home/user/.m2/repository/org/apache/kerby/kerby-util/1.0.1/kerby-util-1.0.1.jar:/home/user/.m2/repository/org/apache/kerby/kerb-common/1.0.1/kerb-common-1.0.1.jar:/home/user/.m2/repository/org/apache/kerby/kerb-crypto/1.0.1/kerb-crypto-1.0.1.jar:/home/user/.m2/repository/org/apache/kerby/kerb-util/1.0.1/kerb-util-1.0.1.jar:/home/user/.m2/repository/org/apache/kerby/token-provider/1.0.1/token-provider-1.0.1.jar:/home/user/.m2/repository/org/apache/kerby/kerb-admin/1.0.1/kerb-admin-1.0.1.jar:/home/user/.m2/repository/org/apache/kerby/kerb-server/1.0.1/kerb-server-1.0.1.jar:/home/user/.m2/repository/org/apache/kerby/kerb-identity/1.0.1/kerb-identity-1.0.1.jar:/home/user/.m2/repository/org/apache/kerby/kerby-xdr/1.0.1/kerby-xdr-1.0.1.jar:/home/user/.m2/repository/org/slf4j/slf4j-log4j12/1.7.25/slf4j-log4j12-1.7.25.jar:/home/user/.m2/repository/org/apache/hadoop/hadoop-ozone-s3gateway/0.5.0-SNAPSHOT/hadoop-ozone-s3gateway-0.5.0-SNAPSHOT.jar:/home/user/.m2/repository/org/jboss/weld/servlet/weld-servlet/2.4.7.Final/weld-servlet-2.4.7.Final.jar:/home/user/.m2/repository/org/glassfish/jersey/containers/jersey-container-servlet-core/2.27/jersey-container-servlet-core-2.27.jar:/home/user/.m2/repository/org/glassfish/hk2/external/javax.inject/2.5.0-b42/javax.inject-2.5.0-b42.jar:/home/user/.m2/repository/org/glassfish/jersey/core/jersey-common/2.27/jersey-common-2.27.jar:/home/user/.m2/repository/org/glassfish/hk2/osgi-resource-locator/1.0.1/osgi-resource-locator-1.0.1.jar:/home/user/.m2/repository/javax/ws/rs/javax.ws.rs-api/2.1/javax.ws.rs-api-2.1.jar:/home/user/.m2/repository/org/glassfish/jersey/ext/cdi/jersey-cdi1x/2.27/jersey-cdi1x-2.27.jar:/home/user/.m2/repository/org/glassfish/jersey/inject/jersey-hk2/2.27/jersey-hk2-2.27.jar:/home/user/.m2/repository/org/glassfish/hk2/hk2-locator/2.5.0-b42/hk2-locator-2.5.0-b42.jar:/home/user/.m2/repository/org/javassist/javassist/3.22.0-CR2/javassist-3.22.0-CR2.jar:/home/user/.m2/repository/org/glassfish/hk2/hk2-api/2.5.0/hk2-api-2.5.0.jar:/home/user/.m2/repository/org/glassfish/hk2/external/jakarta.inject/2.5.0/jakarta.inject-2.5.0.jar:/home/user/.m2/repository/org/glassfish/hk2/hk2-utils/2.5.0/hk2-utils-2.5.0.jar:/home/user/.m2/repository/jakarta/annotation/jakarta.annotation-api/1.3.4/jakarta.annotation-api-1.3.4.jar:/home/user/.m2/repository/org/glassfish/hk2/external/aopalliance-repackaged/2.5.0/aopalliance-repackaged-2.5.0.jar:/home/user/.m2/repository/com/fasterxml/jackson/dataformat/jackson-dataformat-xml/2.9.0/jackson-dataformat-xml-2.9.0.jar:/home/user/.m2/repository/com/fasterxml/jackson/core/jackson-core/2.9.9/jackson-core-2.9.9.jar:/home/user/.m2/repository/com/fasterxml/jackson/module/jackson-module-jaxb-annotations/2.9.9/jackson-module-jaxb-annotations-2.9.9.jar:/home/user/.m2/repository/javax/enterprise/cdi-api/1.2/cdi-api-1.2.jar:/home/user/.m2/repository/javax/el/javax.el-api/3.0.0/javax.el-api-3.0.0.jar:/home/user/.m2/repository/javax/interceptor/javax.interceptor-api/1.2/javax.interceptor-api-1.2.jar:/home/user/.m2/repository/javax/inject/javax.inject/1/javax.inject-1.jar:/home/user/.m2/repository/com/sun/xml/bind/jaxb-impl/2.3.0.1/jaxb-impl-2.3.0.1.jar:/home/user/.m2/repository/com/sun/xml/bind/jaxb-core/2.3.0.1/jaxb-core-2.3.0.1.jar:/home/user/.m2/repository/javax/xml/bind/jaxb-api/2.3.0/jaxb-api-2.3.0.jar:/home/user/.m2/repository/javax/activation/activation/1.1.1/activation-1.1.1.jar:/home/user/.m2/repository/org/apache/hadoop/hadoop-ozone-csi/0.5.0-SNAPSHOT/hadoop-ozone-csi-0.5.0-SNAPSHOT.jar:/home/user/.m2/repository/com/google/protobuf/protobuf-java-util/3.5.1/protobuf-java-util-3.5.1.jar:/home/user/.m2/repository/org/apache/hadoop/hadoop-hdds-config/0.5.0-SNAPSHOT/hadoop-hdds-config-0.5.0-SNAPSHOT.jar:/home/user/.m2/repository/io/grpc/grpc-netty/1.17.1/grpc-netty-1.17.1.jar:/home/user/.m2/repository/io/grpc/grpc-core/1.17.1/grpc-core-1.17.1.jar:/home/user/.m2/repository/io/grpc/grpc-context/1.17.1/grpc-context-1.17.1.jar:/home/user/.m2/repository/com/google/errorprone/error_prone_annotations/2.2.0/error_prone_annotations-2.2.0.jar:/home/user/.m2/repository/org/codehaus/mojo/animal-sniffer-annotations/1.17/animal-sniffer-annotations-1.17.jar:/home/user/.m2/repository/io/opencensus/opencensus-api/0.17.0/opencensus-api-0.17.0.jar:/home/user/.m2/repository/io/opencensus/opencensus-contrib-grpc-metrics/0.17.0/opencensus-contrib-grpc-metrics-0.17.0.jar:/home/user/.m2/repository/io/netty/netty-codec-http2/4.1.30.Final/netty-codec-http2-4.1.30.Final.jar:/home/user/.m2/repository/io/netty/netty-codec-http/4.1.30.Final/netty-codec-http-4.1.30.Final.jar:/home/user/.m2/repository/io/netty/netty-codec/4.1.30.Final/netty-codec-4.1.30.Final.jar:/home/user/.m2/repository/io/netty/netty-handler/4.1.30.Final/netty-handler-4.1.30.Final.jar:/home/user/.m2/repository/io/netty/netty-handler-proxy/4.1.30.Final/netty-handler-proxy-4.1.30.Final.jar:/home/user/.m2/repository/io/netty/netty-codec-socks/4.1.30.Final/netty-codec-socks-4.1.30.Final.jar:/home/user/.m2/repository/io/netty/netty-transport-native-epoll/4.1.30.Final/netty-transport-native-epoll-4.1.30.Final.jar:/home/user/.m2/repository/io/netty/netty-common/4.1.30.Final/netty-common-4.1.30.Final.jar:/home/user/.m2/repository/io/netty/netty-buffer/4.1.30.Final/netty-buffer-4.1.30.Final.jar:/home/user/.m2/repository/io/netty/netty-transport/4.1.30.Final/netty-transport-4.1.30.Final.jar:/home/user/.m2/repository/io/netty/netty-resolver/4.1.30.Final/netty-resolver-4.1.30.Final.jar:/home/user/.m2/repository/io/netty/netty-transport-native-unix-common/4.1.30.Final/netty-transport-native-unix-common-4.1.30.Final.jar:/home/user/.m2/repository/io/grpc/grpc-protobuf/1.17.1/grpc-protobuf-1.17.1.jar:/home/user/.m2/repository/com/google/api/grpc/proto-google-common-protos/1.0.0/proto-google-common-protos-1.0.0.jar:/home/user/.m2/repository/io/grpc/grpc-protobuf-lite/1.17.1/grpc-protobuf-lite-1.17.1.jar:/home/user/.m2/repository/io/grpc/grpc-stub/1.17.1/grpc-stub-1.17.1.jar:/home/user/.m2/repository/org/apache/hadoop/hadoop-ozone-recon/0.5.0-SNAPSHOT/hadoop-ozone-recon-0.5.0-SNAPSHOT.jar:/home/user/.m2/repository/org/apache/hadoop/hadoop-ozone-reconcodegen/0.5.0-SNAPSHOT/hadoop-ozone-reconcodegen-0.5.0-SNAPSHOT.jar:/home/user/.m2/repository/com/google/inject/extensions/guice-multibindings/4.0/guice-multibindings-4.0.jar:/home/user/.m2/repository/com/google/inject/guice/4.0/guice-4.0.jar:/home/user/.m2/repository/aopalliance/aopalliance/1.0/aopalliance-1.0.jar:/home/user/.m2/repository/com/google/inject/extensions/guice-servlet/4.0/guice-servlet-4.0.jar:/home/user/.m2/repository/org/glassfish/jersey/containers/jersey-container-servlet/2.27/jersey-container-servlet-2.27.jar:/home/user/.m2/repository/org/glassfish/hk2/guice-bridge/2.5.0/guice-bridge-2.5.0.jar:/home/user/.m2/repository/org/glassfish/jersey/core/jersey-server/2.27/jersey-server-2.27.jar:/home/user/.m2/repository/org/glassfish/jersey/core/jersey-client/2.27/jersey-client-2.27.jar:/home/user/.m2/repository/org/glassfish/jersey/media/jersey-media-jaxb/2.27/jersey-media-jaxb-2.27.jar:/home/user/.m2/repository/javax/validation/validation-api/1.1.0.Final/validation-api-1.1.0.Final.jar:/home/user/.m2/repository/org/glassfish/jersey/media/jersey-media-json-jackson/2.27/jersey-media-json-jackson-2.27.jar:/home/user/.m2/repository/org/glassfish/jersey/ext/jersey-entity-filtering/2.27/jersey-entity-filtering-2.27.jar:/home/user/.m2/repository/com/google/inject/extensions/guice-assistedinject/4.0/guice-assistedinject-4.0.jar:/home/user/.m2/repository/org/jooq/jooq/3.11.10/jooq-3.11.10.jar:/home/user/.m2/repository/org/jooq/jooq-meta/3.11.10/jooq-meta-3.11.10.jar:/home/user/.m2/repository/org/jooq/jooq-codegen/3.11.10/jooq-codegen-3.11.10.jar:/home/user/.m2/repository/com/jolbox/bonecp/0.8.0.RELEASE/bonecp-0.8.0.RELEASE.jar:/home/user/.m2/repository/org/xerial/sqlite-jdbc/3.25.2/sqlite-jdbc-3.25.2.jar:/home/user/.m2/repository/org/springframework/spring-jdbc/5.1.3.RELEASE/spring-jdbc-5.1.3.RELEASE.jar:/home/user/.m2/repository/org/springframework/spring-beans/5.1.3.RELEASE/spring-beans-5.1.3.RELEASE.jar:/home/user/.m2/repository/org/springframework/spring-core/5.1.3.RELEASE/spring-core-5.1.3.RELEASE.jar:/home/user/.m2/repository/org/springframework/spring-jcl/5.1.3.RELEASE/spring-jcl-5.1.3.RELEASE.jar:/home/user/.m2/repository/org/springframework/spring-tx/5.1.3.RELEASE/spring-tx-5.1.3.RELEASE.jar:/home/user/.m2/repository/org/apache/hadoop/hadoop-ozone-client/0.5.0-SNAPSHOT/hadoop-ozone-client-0.5.0-SNAPSHOT.jar:/home/user/.m2/repository/commons-lang/commons-lang/2.6/commons-lang-2.6.jar:/home/user/.m2/repository/org/apache/hadoop/hadoop-ozone-ozone-manager/0.5.0-SNAPSHOT/hadoop-ozone-ozone-manager-0.5.0-SNAPSHOT-tests.jar:/home/user/.m2/repository/junit/junit/4.11/junit-4.11.jar:/home/user/.m2/repository/org/hamcrest/hamcrest-core/1.3/hamcrest-core-1.3.jar:/home/user/.m2/repository/org/openjdk/jmh/jmh-core/1.19/jmh-core-1.19.jar:/home/user/.m2/repository/net/sf/jopt-simple/jopt-simple/4.6/jopt-simple-4.6.jar:/home/user/.m2/repository/org/apache/commons/commons-math3/3.1.1/commons-math3-3.1.1.jar:/home/user/.m2/repository/org/openjdk/jmh/jmh-generator-annprocess/1.19/jmh-generator-annprocess-1.19.jar:/home/user/.m2/repository/org/mockito/mockito-all/1.8.5/mockito-all-1.8.5.jar:/home/user/.m2/repository/org/apache/hadoop/hadoop-kms/3.2.0/hadoop-kms-3.2.0.jar:/home/user/.m2/repository/org/apache/hadoop/hadoop-auth/3.2.0/hadoop-auth-3.2.0.jar:/home/user/.m2/repository/com/nimbusds/nimbus-jose-jwt/4.41.1/nimbus-jose-jwt-4.41.1.jar:/home/user/.m2/repository/com/github/stephenc/jcip/jcip-annotations/1.0-1/jcip-annotations-1.0-1.jar:/home/user/.m2/repository/net/minidev/json-smart/2.3/json-smart-2.3.jar:/home/user/.m2/repository/net/minidev/accessors-smart/1.2/accessors-smart-1.2.jar:/home/user/.m2/repository/org/ow2/asm/asm/5.0.4/asm-5.0.4.jar:/home/user/.m2/repository/org/apache/curator/curator-framework/2.12.0/curator-framework-2.12.0.jar:/home/user/.m2/repository/com/sun/jersey/jersey-core/1.19/jersey-core-1.19.jar:/home/user/.m2/repository/javax/ws/rs/jsr311-api/1.1.1/jsr311-api-1.1.1.jar:/home/user/.m2/repository/com/sun/jersey/jersey-server/1.19/jersey-server-1.19.jar:/home/user/.m2/repository/javax/servlet/javax.servlet-api/3.1.0/javax.servlet-api-3.1.0.jar:/home/user/.m2/repository/org/eclipse/jetty/jetty-server/9.3.25.v20180904/jetty-server-9.3.25.v20180904.jar:/home/user/.m2/repository/org/eclipse/jetty/jetty-http/9.3.25.v20180904/jetty-http-9.3.25.v20180904.jar:/home/user/.m2/repository/org/eclipse/jetty/jetty-io/9.3.25.v20180904/jetty-io-9.3.25.v20180904.jar:/home/user/.m2/repository/org/eclipse/jetty/jetty-webapp/9.3.25.v20180904/jetty-webapp-9.3.25.v20180904.jar:/home/user/.m2/repository/org/eclipse/jetty/jetty-xml/9.3.25.v20180904/jetty-xml-9.3.25.v20180904.jar:/home/user/.m2/repository/log4j/log4j/1.2.17/log4j-1.2.17.jar:/home/user/.m2/repository/org/slf4j/slf4j-api/1.7.25/slf4j-api-1.7.25.jar:/home/user/.m2/repository/org/slf4j/jul-to-slf4j/1.7.25/jul-to-slf4j-1.7.25.jar:/home/user/.m2/repository/org/eclipse/jetty/jetty-util/9.3.25.v20180904/jetty-util-9.3.25.v20180904.jar:/home/user/.m2/repository/com/fasterxml/jackson/core/jackson-databind/2.9.9/jackson-databind-2.9.9.jar:/home/user/.m2/repository/org/apache/hadoop/hadoop-kms/3.2.0/hadoop-kms-3.2.0-tests.jar:/home/user/.m2/repository/org/apache/hadoop/hadoop-hdds-server-scm/0.5.0-SNAPSHOT/hadoop-hdds-server-scm-0.5.0-SNAPSHOT-tests.jar:/home/user/.m2/repository/org/apache/hadoop/hadoop-hdds-container-service/0.5.0-SNAPSHOT/hadoop-hdds-container-service-0.5.0-SNAPSHOT-tests.jar:/home/user/.m2/repository/org/yaml/snakeyaml/1.16/snakeyaml-1.16.jar:/home/user/.m2/repository/org/apache/hadoop/hadoop-common/3.2.0/hadoop-common-3.2.0-tests.jar:/home/user/.m2/repository/org/apache/hadoop/hadoop-annotations/3.2.0/hadoop-annotations-3.2.0.jar:/usr/lib/jvm/java-1.8-openjdk/jre/../lib/tools.jar:/home/user/.m2/repository/commons-cli/commons-cli/1.2/commons-cli-1.2.jar:/home/user/.m2/repository/org/apache/httpcomponents/httpclient/4.5.2/httpclient-4.5.2.jar:/home/user/.m2/repository/org/apache/httpcomponents/httpcore/4.4.4/httpcore-4.4.4.jar:/home/user/.m2/repository/commons-codec/commons-codec/1.11/commons-codec-1.11.jar:/home/user/.m2/repository/commons-net/commons-net/3.6/commons-net-3.6.jar:/home/user/.m2/repository/commons-collections/commons-collections/3.2.2/commons-collections-3.2.2.jar:/home/user/.m2/repository/org/eclipse/jetty/jetty-servlet/9.3.25.v20180904/jetty-servlet-9.3.25.v20180904.jar:/home/user/.m2/repository/org/eclipse/jetty/jetty-security/9.3.25.v20180904/jetty-security-9.3.25.v20180904.jar:/home/user/.m2/repository/javax/servlet/jsp/jsp-api/2.1/jsp-api-2.1.jar:/home/user/.m2/repository/com/sun/jersey/jersey-servlet/1.19/jersey-servlet-1.19.jar:/home/user/.m2/repository/com/sun/jersey/jersey-json/1.19/jersey-json-1.19.jar:/home/user/.m2/repository/org/codehaus/jettison/jettison/1.1/jettison-1.1.jar:/home/user/.m2/repository/org/codehaus/jackson/jackson-core-asl/1.9.13/jackson-core-asl-1.9.13.jar:/home/user/.m2/repository/org/codehaus/jackson/jackson-mapper-asl/1.9.13/jackson-mapper-asl-1.9.13.jar:/home/user/.m2/repository/org/codehaus/jackson/jackson-jaxrs/1.9.13/jackson-jaxrs-1.9.13.jar:/home/user/.m2/repository/org/codehaus/jackson/jackson-xc/1.9.13/jackson-xc-1.9.13.jar:/home/user/.m2/repository/commons-logging/commons-logging/1.1.3/commons-logging-1.1.3.jar:/home/user/.m2/repository/commons-beanutils/commons-beanutils/1.9.4/commons-beanutils-1.9.4.jar:/home/user/.m2/repository/org/apache/commons/commons-configuration2/2.1.1/commons-configuration2-2.1.1.jar:/home/user/.m2/repository/org/apache/commons/commons-lang3/3.7/commons-lang3-3.7.jar:/home/user/.m2/repository/org/apache/commons/commons-text/1.4/commons-text-1.4.jar:/home/user/.m2/repository/org/apache/avro/avro/1.7.7/avro-1.7.7.jar:/home/user/.m2/repository/com/thoughtworks/paranamer/paranamer/2.3/paranamer-2.3.jar:/home/user/.m2/repository/org/xerial/snappy/snappy-java/1.0.5/snappy-java-1.0.5.jar:/home/user/.m2/repository/com/google/re2j/re2j/1.1/re2j-1.1.jar:/home/user/.m2/repository/com/google/code/gson/gson/2.2.4/gson-2.2.4.jar:/home/user/.m2/repository/com/jcraft/jsch/0.1.54/jsch-0.1.54.jar:/home/user/.m2/repository/org/apache/curator/curator-client/2.12.0/curator-client-2.12.0.jar:/home/user/.m2/repository/org/apache/curator/curator-recipes/2.12.0/curator-recipes-2.12.0.jar:/home/user/.m2/repository/com/google/code/findbugs/jsr305/3.0.0/jsr305-3.0.0.jar:/home/user/.m2/repository/org/apache/htrace/htrace-core4/4.1.0-incubating/htrace-core4-4.1.0-incubating.jar:/home/user/.m2/repository/org/apache/zookeeper/zookeeper/3.4.13/zookeeper-3.4.13.jar:/home/user/.m2/repository/jline/jline/0.9.94/jline-0.9.94.jar:/home/user/.m2/repository/org/apache/yetus/audience-annotations/0.5.0/audience-annotations-0.5.0.jar:/home/user/.m2/repository/org/codehaus/woodstox/stax2-api/3.1.4/stax2-api-3.1.4.jar:/home/user/.m2/repository/com/fasterxml/woodstox/woodstox-core/5.0.3/woodstox-core-5.0.3.jar:/home/user/.m2/repository/dnsjava/dnsjava/2.1.7/dnsjava-2.1.7.jar:/home/user/.m2/repository/org/apache/hadoop/hadoop-hdfs/3.2.0/hadoop-hdfs-3.2.0-tests.jar:/home/user/.m2/repository/org/eclipse/jetty/jetty-util-ajax/9.3.25.v20180904/jetty-util-ajax-9.3.25.v20180904.jar:/home/user/.m2/repository/commons-daemon/commons-daemon/1.0.13/commons-daemon-1.0.13.jar:/home/user/.m2/repository/io/netty/netty/3.10.5.Final/netty-3.10.5.Final.jar:/home/user/.m2/repository/io/netty/netty-all/4.0.52.Final/netty-all-4.0.52.Final.jar:/home/user/.m2/repository/org/fusesource/leveldbjni/leveldbjni-all/1.8/leveldbjni-all-1.8.jar:"/>
    <property name="sun.cpu.endian" value="little"/>
    <property name="user.home" value="/home/user"/>
    <property name="user.language" value="en"/>
    <property name="java.specification.vendor" value="Oracle Corporation"/>
    <property name="java.home" value="/usr/lib/jvm/java-1.8-openjdk/jre"/>
    <property name="java.security.krb5.conf" value="/workdir/hadoop-ozone/integration-test/target/test-classes/krb5.conf"/>
    <property name="basedir" value="/workdir/hadoop-ozone/integration-test"/>
    <property name="file.separator" value="/"/>
    <property name="line.separator" value="&#10;"/>
    <property name="java.vm.specification.vendor" value="Oracle Corporation"/>
    <property name="java.specification.name" value="Java Platform API Specification"/>
    <property name="java.awt.graphicsenv" value="sun.awt.X11GraphicsEnvironment"/>
    <property name="surefire.real.class.path" value="/workdir/hadoop-ozone/integration-test/target/surefire/surefirebooter4792746353562682323.jar"/>
    <property name="hadoop.log.dir" value="/workdir/hadoop-ozone/integration-test/target/log"/>
    <property name="sun.boot.class.path" value="/usr/lib/jvm/java-1.8-openjdk/jre/lib/resources.jar:/usr/lib/jvm/java-1.8-openjdk/jre/lib/rt.jar:/usr/lib/jvm/java-1.8-openjdk/jre/lib/sunrsasign.jar:/usr/lib/jvm/java-1.8-openjdk/jre/lib/jsse.jar:/usr/lib/jvm/java-1.8-openjdk/jre/lib/jce.jar:/usr/lib/jvm/java-1.8-openjdk/jre/lib/charsets.jar:/usr/lib/jvm/java-1.8-openjdk/jre/lib/jfr.jar:/usr/lib/jvm/java-1.8-openjdk/jre/classes"/>
    <property name="sun.management.compiler" value="HotSpot 64-Bit Tiered Compilers"/>
    <property name="java.runtime.version" value="1.8.0_212-b04"/>
    <property name="java.net.preferIPv4Stack" value="true"/>
    <property name="user.name" value="jenkins1000"/>
    <property name="path.separator" value=":"/>
    <property name="java.security.egd" value="file:///dev/urandom"/>
    <property name="os.version" value="3.10.0-957.12.2.el7.x86_64"/>
    <property name="java.endorsed.dirs" value="/usr/lib/jvm/java-1.8-openjdk/jre/lib/endorsed"/>
    <property name="java.runtime.name" value="OpenJDK Runtime Environment"/>
    <property name="file.encoding" value="UTF-8"/>
    <property name="java.vm.name" value="OpenJDK 64-Bit Server VM"/>
    <property name="test.build.webapps" value=""/>
    <property name="localRepository" value="/home/user/.m2/repository"/>
    <property name="java.vendor.url.bug" value="https://icedtea.classpath.org/bugzilla"/>
    <property name="java.io.tmpdir" value="/tmp"/>
    <property name="require.test.libhadoop" value=""/>
    <property name="java.version" value="1.8.0_212"/>
    <property name="user.dir" value="/workdir/hadoop-ozone/integration-test"/>
    <property name="os.arch" value="amd64"/>
    <property name="java.vm.specification.name" value="Java Virtual Machine Specification"/>
    <property name="test.build.classes" value="/workdir/hadoop-ozone/integration-test/target/test-classes"/>
    <property name="java.awt.printerjob" value="sun.print.PSPrinterJob"/>
    <property name="sun.os.patch.level" value="unknown"/>
    <property name="hadoop.tmp.dir" value="/workdir/hadoop-ozone/integration-test/target/tmp"/>
    <property name="java.library.path" value="/usr/lib/jvm/java-1.8-openjdk/jre/lib/amd64/server:/usr/lib/jvm/java-1.8-openjdk/jre/lib/amd64:/usr/lib/jvm/java-1.8-openjdk/jre/../lib/amd64:/workdir/hadoop-ozone/integration-test/target/native/target/usr/local/lib:/workdir/hadoop-ozone/integration-test/../../hadoop-common-project/hadoop-common/target/native/target/usr/local/lib:/usr/java/packages/lib/amd64:/usr/lib64:/lib64:/lib:/usr/lib"/>
    <property name="java.vm.info" value="mixed mode"/>
    <property name="java.vendor" value="IcedTea"/>
    <property name="java.vm.version" value="25.212-b04"/>
    <property name="java.ext.dirs" value="/usr/lib/jvm/java-1.8-openjdk/jre/lib/ext:/usr/java/packages/lib/ext"/>
    <property name="sun.io.unicode.encoding" value="UnicodeLittle"/>
    <property name="java.class.version" value="52.0"/>
  </properties>
  <testcase name="test2DatanodesFailure" classname="org.apache.hadoop.ozone.client.rpc.TestBlockOutputStreamWithFailures" time="105.968"/>
  <testcase name="testDatanodeFailureWithPreAllocation" classname="org.apache.hadoop.ozone.client.rpc.TestBlockOutputStreamWithFailures" time="223.935"/>
  <testcase name="testDatanodeFailureWithSingleNodeRatis" classname="org.apache.hadoop.ozone.client.rpc.TestBlockOutputStreamWithFailures" time="225.196"/>
  <testcase name="testWatchForCommitWithSingleNodeRatis" classname="org.apache.hadoop.ozone.client.rpc.TestBlockOutputStreamWithFailures" time="34.841"/>
  <testcase name="testWatchForCommitDatanodeFailure" classname="org.apache.hadoop.ozone.client.rpc.TestBlockOutputStreamWithFailures" time="49.699">
    <failure message="expected:&lt;2&gt; but was:&lt;3&gt;" type="java.lang.AssertionError"><![CDATA[java.lang.AssertionError: expected:<2> but was:<3>
	at org.junit.Assert.fail(Assert.java:88)
	at org.junit.Assert.failNotEquals(Assert.java:743)
	at org.junit.Assert.assertEquals(Assert.java:118)
	at org.junit.Assert.assertEquals(Assert.java:555)
	at org.junit.Assert.assertEquals(Assert.java:542)
	at org.apache.hadoop.ozone.client.rpc.TestBlockOutputStreamWithFailures.testWatchForCommitDatanodeFailure(TestBlockOutputStreamWithFailures.java:366)
	at sun.reflect.NativeMethodAccessorImpl.invoke0(Native Method)
	at sun.reflect.NativeMethodAccessorImpl.invoke(NativeMethodAccessorImpl.java:62)
	at sun.reflect.DelegatingMethodAccessorImpl.invoke(DelegatingMethodAccessorImpl.java:43)
	at java.lang.reflect.Method.invoke(Method.java:498)
	at org.junit.runners.model.FrameworkMethod$1.runReflectiveCall(FrameworkMethod.java:47)
	at org.junit.internal.runners.model.ReflectiveCallable.run(ReflectiveCallable.java:12)
	at org.junit.runners.model.FrameworkMethod.invokeExplosively(FrameworkMethod.java:44)
	at org.junit.internal.runners.statements.InvokeMethod.evaluate(InvokeMethod.java:17)
	at org.junit.internal.runners.statements.RunBefores.evaluate(RunBefores.java:26)
	at org.junit.internal.runners.statements.RunAfters.evaluate(RunAfters.java:27)
	at org.junit.runners.ParentRunner.runLeaf(ParentRunner.java:271)
	at org.junit.runners.BlockJUnit4ClassRunner.runChild(BlockJUnit4ClassRunner.java:70)
	at org.junit.runners.BlockJUnit4ClassRunner.runChild(BlockJUnit4ClassRunner.java:50)
	at org.junit.runners.ParentRunner$3.run(ParentRunner.java:238)
	at org.junit.runners.ParentRunner$1.schedule(ParentRunner.java:63)
	at org.junit.runners.ParentRunner.runChildren(ParentRunner.java:236)
	at org.junit.runners.ParentRunner.access$000(ParentRunner.java:53)
	at org.junit.runners.ParentRunner$2.evaluate(ParentRunner.java:229)
	at org.junit.runners.ParentRunner.run(ParentRunner.java:309)
	at org.apache.maven.surefire.junit4.JUnit4Provider.execute(JUnit4Provider.java:365)
	at org.apache.maven.surefire.junit4.JUnit4Provider.executeWithRerun(JUnit4Provider.java:273)
	at org.apache.maven.surefire.junit4.JUnit4Provider.executeTestSet(JUnit4Provider.java:238)
	at org.apache.maven.surefire.junit4.JUnit4Provider.invoke(JUnit4Provider.java:159)
	at org.apache.maven.surefire.booter.ForkedBooter.invokeProviderInSameClassLoader(ForkedBooter.java:384)
	at org.apache.maven.surefire.booter.ForkedBooter.runSuitesInProcess(ForkedBooter.java:345)
	at org.apache.maven.surefire.booter.ForkedBooter.execute(ForkedBooter.java:126)
	at org.apache.maven.surefire.booter.ForkedBooter.main(ForkedBooter.java:418)
]]></failure>
    <system-out><![CDATA[2019-10-03 20:09:46,514 [main] WARN  server.ServerUtils (ServerUtils.java:getScmDbDir(145)) - ozone.scm.db.dirs is not configured. We recommend adding this setting. Falling back to ozone.metadata.dirs instead.
2019-10-03 20:09:46,551 [main] WARN  server.ServerUtils (ServerUtils.java:getScmDbDir(145)) - ozone.scm.db.dirs is not configured. We recommend adding this setting. Falling back to ozone.metadata.dirs instead.
2019-10-03 20:09:46,551 [main] WARN  server.ServerUtils (ServerUtils.java:getScmDbDir(145)) - ozone.scm.db.dirs is not configured. We recommend adding this setting. Falling back to ozone.metadata.dirs instead.
2019-10-03 20:09:46,552 [main] INFO  db.DBStoreBuilder (DBStoreBuilder.java:addTable(110)) - using custom profile for table: deletedBlocks
2019-10-03 20:09:46,552 [main] INFO  db.DBStoreBuilder (DBStoreBuilder.java:processTables(161)) - Using default column profile:DBProfile.DISK for Table:deletedBlocks
2019-10-03 20:09:46,552 [main] INFO  db.DBStoreBuilder (DBStoreBuilder.java:addTable(110)) - using custom profile for table: validCerts
2019-10-03 20:09:46,552 [main] INFO  db.DBStoreBuilder (DBStoreBuilder.java:processTables(161)) - Using default column profile:DBProfile.DISK for Table:validCerts
2019-10-03 20:09:46,553 [main] INFO  db.DBStoreBuilder (DBStoreBuilder.java:addTable(110)) - using custom profile for table: revokedCerts
2019-10-03 20:09:46,553 [main] INFO  db.DBStoreBuilder (DBStoreBuilder.java:processTables(161)) - Using default column profile:DBProfile.DISK for Table:revokedCerts
2019-10-03 20:09:46,553 [main] INFO  db.DBStoreBuilder (DBStoreBuilder.java:addTable(110)) - using custom profile for table: default
2019-10-03 20:09:46,553 [main] INFO  db.DBStoreBuilder (DBStoreBuilder.java:processTables(167)) - Using default column profile:DBProfile.DISK for Table:default
2019-10-03 20:09:46,554 [main] INFO  db.DBStoreBuilder (DBStoreBuilder.java:getDbProfile(198)) - Using default options. DBProfile.DISK
2019-10-03 20:09:46,921 [main] INFO  net.NodeSchemaLoader (NodeSchemaLoader.java:loadSchemaFromFile(125)) - Loading file from sun.misc.CompoundEnumeration@723e3c17
2019-10-03 20:09:46,921 [main] INFO  net.NodeSchemaLoader (NodeSchemaLoader.java:loadSchema(171)) - Loading network topology layer schema file
2019-10-03 20:09:46,927 [main] INFO  node.SCMNodeManager (SCMNodeManager.java:<init>(114)) - Entering startup safe mode.
2019-10-03 20:09:46,927 [main] INFO  algorithms.ContainerPlacementPolicyFactory (ContainerPlacementPolicyFactory.java:getPolicy(57)) - Create container placement policy of type org.apache.hadoop.hdds.scm.container.placement.algorithms.SCMContainerPlacementRandom
2019-10-03 20:09:46,928 [main] WARN  server.ServerUtils (ServerUtils.java:getScmDbDir(145)) - ozone.scm.db.dirs is not configured. We recommend adding this setting. Falling back to ozone.metadata.dirs instead.
2019-10-03 20:09:47,062 [main] INFO  pipeline.SCMPipelineManager (SCMPipelineManager.java:initializePipelineState(132)) - No pipeline exists in current db
2019-10-03 20:09:47,062 [main] WARN  server.ServerUtils (ServerUtils.java:getScmDbDir(145)) - ozone.scm.db.dirs is not configured. We recommend adding this setting. Falling back to ozone.metadata.dirs instead.
2019-10-03 20:09:47,199 [main] WARN  events.EventQueue (EventQueue.java:fireEvent(183)) - No event handler registered for event TypedEvent{payloadType=SafeModeStatus, name='SafeModeStatus'}
2019-10-03 20:09:47,200 [main] INFO  ipc.CallQueueManager (CallQueueManager.java:<init>(84)) - Using callQueue: class java.util.concurrent.LinkedBlockingQueue, queueCapacity: 2000, scheduler: class org.apache.hadoop.ipc.DefaultRpcScheduler, ipcBackoff: false.
2019-10-03 20:09:47,201 [Socket Reader #1 for port 33439] INFO  ipc.Server (Server.java:run(1074)) - Starting Socket Reader #1 for port 33439
2019-10-03 20:09:47,203 [main] INFO  ipc.CallQueueManager (CallQueueManager.java:<init>(84)) - Using callQueue: class java.util.concurrent.LinkedBlockingQueue, queueCapacity: 2000, scheduler: class org.apache.hadoop.ipc.DefaultRpcScheduler, ipcBackoff: false.
2019-10-03 20:09:47,203 [Socket Reader #1 for port 35532] INFO  ipc.Server (Server.java:run(1074)) - Starting Socket Reader #1 for port 35532
2019-10-03 20:09:47,205 [main] INFO  ipc.CallQueueManager (CallQueueManager.java:<init>(84)) - Using callQueue: class java.util.concurrent.LinkedBlockingQueue, queueCapacity: 2000, scheduler: class org.apache.hadoop.ipc.DefaultRpcScheduler, ipcBackoff: false.
2019-10-03 20:09:47,206 [Socket Reader #1 for port 45936] INFO  ipc.Server (Server.java:run(1074)) - Starting Socket Reader #1 for port 45936
2019-10-03 20:09:47,208 [main] INFO  hdfs.DFSUtil (DFSUtil.java:httpServerTemplateForNNAndJN(1641)) - Starting Web-server for scm at: http://0.0.0.0:0
2019-10-03 20:09:47,209 [main] INFO  server.AuthenticationFilter (AuthenticationFilter.java:constructSecretProvider(240)) - Unable to initialize FileSignerSecretProvider, falling back to use random secrets.
2019-10-03 20:09:47,210 [main] WARN  http.HttpRequestLog (HttpRequestLog.java:getRequestLog(97)) - Jetty request log can only be enabled using Log4j
2019-10-03 20:09:47,211 [main] INFO  http.HttpServer2 (HttpServer2.java:addGlobalFilter(975)) - Added global filter 'safety' (class=org.apache.hadoop.http.HttpServer2$QuotingInputFilter)
2019-10-03 20:09:47,212 [main] INFO  http.HttpServer2 (HttpServer2.java:addFilter(948)) - Added filter static_user_filter (class=org.apache.hadoop.http.lib.StaticUserWebFilter$StaticUserFilter) to context scm
2019-10-03 20:09:47,212 [main] INFO  http.HttpServer2 (HttpServer2.java:addFilter(958)) - Added filter static_user_filter (class=org.apache.hadoop.http.lib.StaticUserWebFilter$StaticUserFilter) to context logs
2019-10-03 20:09:47,212 [main] INFO  http.HttpServer2 (HttpServer2.java:addFilter(958)) - Added filter static_user_filter (class=org.apache.hadoop.http.lib.StaticUserWebFilter$StaticUserFilter) to context static
2019-10-03 20:09:47,214 [main] INFO  server.StorageContainerManager (StorageContainerManager.java:start(770)) - StorageContainerLocationProtocol RPC server is listening at /0.0.0.0:45936
2019-10-03 20:09:47,217 [main] WARN  impl.MetricsConfig (MetricsConfig.java:loadFirst(134)) - Cannot locate configuration: tried hadoop-metrics2-storagecontainermanager.properties,hadoop-metrics2.properties
2019-10-03 20:09:47,218 [main] INFO  impl.MetricsSystemImpl (MetricsSystemImpl.java:startTimer(374)) - Scheduled Metric snapshot period at 10 second(s).
2019-10-03 20:09:47,218 [main] INFO  impl.MetricsSystemImpl (MetricsSystemImpl.java:start(191)) - StorageContainerManager metrics system started
2019-10-03 20:09:47,317 [main] WARN  impl.MetricsSystemImpl (MetricsSystemImpl.java:register(276)) - Sink prometheus already exists!
2019-10-03 20:09:47,371 [main] INFO  server.SCMClientProtocolServer (SCMClientProtocolServer.java:start(159)) - RPC server for Client  is listening at /0.0.0.0:45936
2019-10-03 20:09:47,372 [IPC Server Responder] INFO  ipc.Server (Server.java:run(1314)) - IPC Server Responder: starting
2019-10-03 20:09:47,372 [IPC Server listener on 45936] INFO  ipc.Server (Server.java:run(1153)) - IPC Server listener on 45936: starting
2019-10-03 20:09:47,376 [main] INFO  server.StorageContainerManager (StorageContainerManager.java:start(780)) - ScmBlockLocationProtocol RPC server is listening at /0.0.0.0:35532
2019-10-03 20:09:47,376 [main] INFO  server.SCMBlockProtocolServer (SCMBlockProtocolServer.java:start(146)) - RPC server for Block Protocol is listening at /0.0.0.0:35532
2019-10-03 20:09:47,377 [IPC Server Responder] INFO  ipc.Server (Server.java:run(1314)) - IPC Server Responder: starting
2019-10-03 20:09:47,377 [IPC Server listener on 35532] INFO  ipc.Server (Server.java:run(1153)) - IPC Server listener on 35532: starting
2019-10-03 20:09:47,380 [main] INFO  server.StorageContainerManager (StorageContainerManager.java:start(784)) - ScmDatanodeProtocl RPC server is listening at /0.0.0.0:33439
2019-10-03 20:09:47,380 [main] INFO  server.SCMDatanodeProtocolServer (SCMDatanodeProtocolServer.java:start(169)) - RPC server for DataNodes is listening at /0.0.0.0:33439
2019-10-03 20:09:47,380 [IPC Server Responder] INFO  ipc.Server (Server.java:run(1314)) - IPC Server Responder: starting
2019-10-03 20:09:47,380 [IPC Server listener on 33439] INFO  ipc.Server (Server.java:run(1153)) - IPC Server listener on 33439: starting
2019-10-03 20:09:47,384 [main] INFO  http.HttpServer2 (HttpServer2.java:bindListener(1191)) - Jetty bound to port 40104
2019-10-03 20:09:47,384 [main] INFO  server.Server (Server.java:doStart(351)) - jetty-9.3.25.v20180904, build timestamp: 2018-09-04T21:11:46Z, git hash: 3ce520221d0240229c862b122d2b06c12a625732
2019-10-03 20:09:47,385 [main] INFO  handler.ContextHandler (ContextHandler.java:doStart(781)) - Started o.e.j.s.ServletContextHandler@2c9306d3{/logs,file:///workdir/hadoop-ozone/integration-test/target/log,AVAILABLE}
2019-10-03 20:09:47,386 [main] INFO  handler.ContextHandler (ContextHandler.java:doStart(781)) - Started o.e.j.s.ServletContextHandler@2dfa02c1{/static,file:///workdir/hadoop-ozone/integration-test/target/test-classes/webapps/static,AVAILABLE}
2019-10-03 20:09:47,390 [main] INFO  handler.ContextHandler (ContextHandler.java:doStart(781)) - Started o.e.j.w.WebAppContext@530ee28b{/,file:///workdir/hadoop-ozone/integration-test/target/test-classes/webapps/scm/,AVAILABLE}{/scm}
2019-10-03 20:09:47,390 [main] INFO  server.AbstractConnector (AbstractConnector.java:doStart(278)) - Started ServerConnector@3a3f96ab{HTTP/1.1,[http/1.1]}{0.0.0.0:40104}
2019-10-03 20:09:47,391 [main] INFO  server.Server (Server.java:doStart(419)) - Started @591400ms
2019-10-03 20:09:47,391 [main] WARN  impl.MetricsSystemImpl (MetricsSystemImpl.java:register(276)) - Sink prometheus already exists!
2019-10-03 20:09:47,392 [main] INFO  server.BaseHttpServer (BaseHttpServer.java:updateConnectorAddress(215)) - HTTP server of SCM is listening at http://0.0.0.0:40104
2019-10-03 20:09:47,393 [main] WARN  server.ServerUtils (ServerUtils.java:getDBPath(222)) - ozone.om.db.dirs is not configured. We recommend adding this setting. Falling back to ozone.metadata.dirs instead.
2019-10-03 20:09:47,393 [org.apache.hadoop.util.JvmPauseMonitor$Monitor@43c7fe8a] INFO  util.JvmPauseMonitor (JvmPauseMonitor.java:run(188)) - Starting JVM pause monitor
2019-10-03 20:09:47,417 [main] INFO  ha.OMHANodeDetails (OMHANodeDetails.java:loadOMHAConfig(190)) - Configuration either no ozone.om.address set. Falling back to the default OM address /127.0.0.1:0
2019-10-03 20:09:47,417 [main] INFO  ha.OMHANodeDetails (OMHANodeDetails.java:getOMNodeDetails(220)) - OM Service ID is not set. Setting it to the default ID: omServiceIdDefault
2019-10-03 20:09:47,418 [main] WARN  server.ServerUtils (ServerUtils.java:getDBPath(222)) - ozone.om.db.dirs is not configured. We recommend adding this setting. Falling back to ozone.metadata.dirs instead.
2019-10-03 20:09:47,418 [main] WARN  server.ServerUtils (ServerUtils.java:getDBPath(222)) - ozone.om.db.dirs is not configured. We recommend adding this setting. Falling back to ozone.metadata.dirs instead.
2019-10-03 20:09:47,424 [main] WARN  server.ServerUtils (ServerUtils.java:getDBPath(222)) - ozone.om.db.dirs is not configured. We recommend adding this setting. Falling back to ozone.metadata.dirs instead.
2019-10-03 20:09:47,425 [main] INFO  db.DBStoreBuilder (DBStoreBuilder.java:addTable(110)) - using custom profile for table: userTable
2019-10-03 20:09:47,425 [main] INFO  db.DBStoreBuilder (DBStoreBuilder.java:processTables(161)) - Using default column profile:DBProfile.DISK for Table:userTable
2019-10-03 20:09:47,425 [main] INFO  db.DBStoreBuilder (DBStoreBuilder.java:addTable(110)) - using custom profile for table: volumeTable
2019-10-03 20:09:47,425 [main] INFO  db.DBStoreBuilder (DBStoreBuilder.java:processTables(161)) - Using default column profile:DBProfile.DISK for Table:volumeTable
2019-10-03 20:09:47,426 [main] INFO  db.DBStoreBuilder (DBStoreBuilder.java:addTable(110)) - using custom profile for table: bucketTable
2019-10-03 20:09:47,426 [main] INFO  db.DBStoreBuilder (DBStoreBuilder.java:processTables(161)) - Using default column profile:DBProfile.DISK for Table:bucketTable
2019-10-03 20:09:47,426 [main] INFO  db.DBStoreBuilder (DBStoreBuilder.java:addTable(110)) - using custom profile for table: keyTable
2019-10-03 20:09:47,426 [main] INFO  db.DBStoreBuilder (DBStoreBuilder.java:processTables(161)) - Using default column profile:DBProfile.DISK for Table:keyTable
2019-10-03 20:09:47,426 [main] INFO  db.DBStoreBuilder (DBStoreBuilder.java:addTable(110)) - using custom profile for table: deletedTable
2019-10-03 20:09:47,427 [main] INFO  db.DBStoreBuilder (DBStoreBuilder.java:processTables(161)) - Using default column profile:DBProfile.DISK for Table:deletedTable
2019-10-03 20:09:47,427 [main] INFO  db.DBStoreBuilder (DBStoreBuilder.java:addTable(110)) - using custom profile for table: openKeyTable
2019-10-03 20:09:47,427 [main] INFO  db.DBStoreBuilder (DBStoreBuilder.java:processTables(161)) - Using default column profile:DBProfile.DISK for Table:openKeyTable
2019-10-03 20:09:47,427 [main] INFO  db.DBStoreBuilder (DBStoreBuilder.java:addTable(110)) - using custom profile for table: s3Table
2019-10-03 20:09:47,427 [main] INFO  db.DBStoreBuilder (DBStoreBuilder.java:processTables(161)) - Using default column profile:DBProfile.DISK for Table:s3Table
2019-10-03 20:09:47,428 [main] INFO  db.DBStoreBuilder (DBStoreBuilder.java:addTable(110)) - using custom profile for table: multipartInfoTable
2019-10-03 20:09:47,428 [main] INFO  db.DBStoreBuilder (DBStoreBuilder.java:processTables(161)) - Using default column profile:DBProfile.DISK for Table:multipartInfoTable
2019-10-03 20:09:47,428 [main] INFO  db.DBStoreBuilder (DBStoreBuilder.java:addTable(110)) - using custom profile for table: dTokenTable
2019-10-03 20:09:47,428 [main] INFO  db.DBStoreBuilder (DBStoreBuilder.java:processTables(161)) - Using default column profile:DBProfile.DISK for Table:dTokenTable
2019-10-03 20:09:47,428 [main] INFO  db.DBStoreBuilder (DBStoreBuilder.java:addTable(110)) - using custom profile for table: s3SecretTable
2019-10-03 20:09:47,428 [main] INFO  db.DBStoreBuilder (DBStoreBuilder.java:processTables(161)) - Using default column profile:DBProfile.DISK for Table:s3SecretTable
2019-10-03 20:09:47,429 [main] INFO  db.DBStoreBuilder (DBStoreBuilder.java:addTable(110)) - using custom profile for table: prefixTable
2019-10-03 20:09:47,429 [main] INFO  db.DBStoreBuilder (DBStoreBuilder.java:processTables(161)) - Using default column profile:DBProfile.DISK for Table:prefixTable
2019-10-03 20:09:47,429 [main] INFO  db.DBStoreBuilder (DBStoreBuilder.java:addTable(110)) - using custom profile for table: default
2019-10-03 20:09:47,429 [main] INFO  db.DBStoreBuilder (DBStoreBuilder.java:processTables(167)) - Using default column profile:DBProfile.DISK for Table:default
2019-10-03 20:09:47,429 [main] INFO  db.DBStoreBuilder (DBStoreBuilder.java:getDbProfile(198)) - Using default options. DBProfile.DISK
2019-10-03 20:09:48,265 [main] INFO  ipc.CallQueueManager (CallQueueManager.java:<init>(84)) - Using callQueue: class java.util.concurrent.LinkedBlockingQueue, queueCapacity: 2000, scheduler: class org.apache.hadoop.ipc.DefaultRpcScheduler, ipcBackoff: false.
2019-10-03 20:09:48,267 [Socket Reader #1 for port 37026] INFO  ipc.Server (Server.java:run(1074)) - Starting Socket Reader #1 for port 37026
2019-10-03 20:09:48,289 [main] INFO  om.OzoneManager (OzoneManager.java:start(1069)) - OzoneManager RPC server is listening at localhost/127.0.0.1:37026
2019-10-03 20:09:48,289 [main] INFO  impl.MetricsSystemImpl (MetricsSystemImpl.java:init(158)) - OzoneManager metrics system started (again)
2019-10-03 20:09:48,290 [IPC Server Responder] INFO  ipc.Server (Server.java:run(1314)) - IPC Server Responder: starting
2019-10-03 20:09:48,290 [IPC Server listener on 37026] INFO  ipc.Server (Server.java:run(1153)) - IPC Server listener on 37026: starting
2019-10-03 20:09:48,296 [main] INFO  hdfs.DFSUtil (DFSUtil.java:httpServerTemplateForNNAndJN(1641)) - Starting Web-server for ozoneManager at: http://0.0.0.0:0
2019-10-03 20:09:48,297 [main] INFO  server.AuthenticationFilter (AuthenticationFilter.java:constructSecretProvider(240)) - Unable to initialize FileSignerSecretProvider, falling back to use random secrets.
2019-10-03 20:09:48,298 [main] WARN  http.HttpRequestLog (HttpRequestLog.java:getRequestLog(97)) - Jetty request log can only be enabled using Log4j
2019-10-03 20:09:48,300 [main] INFO  http.HttpServer2 (HttpServer2.java:addGlobalFilter(975)) - Added global filter 'safety' (class=org.apache.hadoop.http.HttpServer2$QuotingInputFilter)
2019-10-03 20:09:48,300 [main] INFO  http.HttpServer2 (HttpServer2.java:addFilter(948)) - Added filter static_user_filter (class=org.apache.hadoop.http.lib.StaticUserWebFilter$StaticUserFilter) to context ozoneManager
2019-10-03 20:09:48,300 [main] INFO  http.HttpServer2 (HttpServer2.java:addFilter(958)) - Added filter static_user_filter (class=org.apache.hadoop.http.lib.StaticUserWebFilter$StaticUserFilter) to context static
2019-10-03 20:09:48,301 [main] INFO  http.HttpServer2 (HttpServer2.java:addFilter(958)) - Added filter static_user_filter (class=org.apache.hadoop.http.lib.StaticUserWebFilter$StaticUserFilter) to context logs
2019-10-03 20:09:48,301 [main] INFO  http.HttpServer2 (HttpServer2.java:bindListener(1191)) - Jetty bound to port 40570
2019-10-03 20:09:48,302 [main] INFO  server.Server (Server.java:doStart(351)) - jetty-9.3.25.v20180904, build timestamp: 2018-09-04T21:11:46Z, git hash: 3ce520221d0240229c862b122d2b06c12a625732
2019-10-03 20:09:48,303 [main] INFO  handler.ContextHandler (ContextHandler.java:doStart(781)) - Started o.e.j.s.ServletContextHandler@4652c74d{/logs,file:///workdir/hadoop-ozone/integration-test/target/log,AVAILABLE}
2019-10-03 20:09:48,303 [main] INFO  handler.ContextHandler (ContextHandler.java:doStart(781)) - Started o.e.j.s.ServletContextHandler@5ea7bc4{/static,file:///workdir/hadoop-ozone/integration-test/target/test-classes/webapps/static,AVAILABLE}
2019-10-03 20:09:48,308 [main] INFO  handler.ContextHandler (ContextHandler.java:doStart(781)) - Started o.e.j.w.WebAppContext@497ed877{/,file:///workdir/hadoop-ozone/integration-test/target/test-classes/webapps/ozoneManager/,AVAILABLE}{/ozoneManager}
2019-10-03 20:09:48,308 [main] INFO  server.AbstractConnector (AbstractConnector.java:doStart(278)) - Started ServerConnector@3cb6e0ee{HTTP/1.1,[http/1.1]}{0.0.0.0:40570}
2019-10-03 20:09:48,309 [main] INFO  server.Server (Server.java:doStart(419)) - Started @592319ms
2019-10-03 20:09:48,310 [main] WARN  impl.MetricsSystemImpl (MetricsSystemImpl.java:register(276)) - Sink prometheus already exists!
2019-10-03 20:09:48,310 [main] INFO  server.BaseHttpServer (BaseHttpServer.java:updateConnectorAddress(215)) - HTTP server of OZONEMANAGER is listening at http://0.0.0.0:40570
2019-10-03 20:09:48,331 [main] INFO  impl.MetricsSystemImpl (MetricsSystemImpl.java:init(158)) - HddsDatanode metrics system started (again)
2019-10-03 20:09:48,336 [main] INFO  ozone.HddsDatanodeService (HddsDatanodeService.java:start(184)) - HddsDatanodeService host:pr-hdds-2230-vt4bl-2581040744 ip:192.168.30.7
2019-10-03 20:09:48,342 [main] INFO  volume.HddsVolume (HddsVolume.java:<init>(176)) - Creating Volume: /workdir/hadoop-ozone/integration-test/target/test-dir/MiniOzoneClusterImpl-16e450bc-7d29-4cce-9510-730a56775e77/datanode-0/data/containers/hdds of  storage type : DISK and capacity : 1482555576320
2019-10-03 20:09:48,342 [main] INFO  volume.VolumeSet (VolumeSet.java:initializeVolumeSet(170)) - Added Volume : /workdir/hadoop-ozone/integration-test/target/test-dir/MiniOzoneClusterImpl-16e450bc-7d29-4cce-9510-730a56775e77/datanode-0/data/containers/hdds to VolumeSet
2019-10-03 20:09:48,342 [main] INFO  volume.ThrottledAsyncChecker (ThrottledAsyncChecker.java:schedule(139)) - Scheduling a check for org.apache.hadoop.ozone.container.common.volume.HddsVolume@c568f91
2019-10-03 20:09:48,344 [main] INFO  volume.HddsVolumeChecker (HddsVolumeChecker.java:checkAllVolumes(202)) - Scheduled health check for volume org.apache.hadoop.ozone.container.common.volume.HddsVolume@c568f91
2019-10-03 20:09:48,361 [main] INFO  impl.RaftServerProxy (ConfUtils.java:logGet(43)) - raft.rpc.type = GRPC (default)
2019-10-03 20:09:48,361 [main] INFO  grpc.GrpcFactory (GrpcFactory.java:checkPooledByteBufAllocatorUseCacheForAllThreads(45)) - PERFORMANCE WARNING: useCacheForAllThreads is true that may cause Netty to create a lot garbage objects and, as a result, trigger GC.
	It is recommended to disable useCacheForAllThreads by setting -Dorg.apache.ratis.thirdparty.io.netty.allocator.useCacheForAllThreads=false in command line.
2019-10-03 20:09:48,361 [main] INFO  grpc.GrpcConfigKeys$Server (ConfUtils.java:logGet(43)) - raft.grpc.server.port = 0 (default)
2019-10-03 20:09:48,361 [main] INFO  server.GrpcService (ConfUtils.java:logGet(43)) - raft.grpc.message.size.max = 33570816 (custom)
2019-10-03 20:09:48,362 [main] INFO  server.RaftServerConfigKeys (ConfUtils.java:logGet(43)) - raft.server.log.appender.buffer.byte-limit = 33554432 (custom)
2019-10-03 20:09:48,362 [main] INFO  server.GrpcService (ConfUtils.java:logGet(43)) - raft.grpc.flow.control.window = 1MB (=1048576) (default)
2019-10-03 20:09:48,362 [main] INFO  server.RaftServerConfigKeys (ConfUtils.java:logGet(43)) - raft.server.rpc.request.timeout = 3000ms (default)
2019-10-03 20:09:48,362 [main] INFO  server.RaftServerConfigKeys (ConfUtils.java:logGet(43)) - raft.server.storage.dir = [/workdir/hadoop-ozone/integration-test/target/test-dir/MiniOzoneClusterImpl-16e450bc-7d29-4cce-9510-730a56775e77/datanode-0/data/ratis] (custom)
2019-10-03 20:09:48,364 [main] INFO  hdfs.DFSUtil (DFSUtil.java:httpServerTemplateForNNAndJN(1641)) - Starting Web-server for hddsDatanode at: http://0.0.0.0:0
2019-10-03 20:09:48,366 [main] INFO  server.AuthenticationFilter (AuthenticationFilter.java:constructSecretProvider(240)) - Unable to initialize FileSignerSecretProvider, falling back to use random secrets.
2019-10-03 20:09:48,366 [main] WARN  http.HttpRequestLog (HttpRequestLog.java:getRequestLog(97)) - Jetty request log can only be enabled using Log4j
2019-10-03 20:09:48,369 [main] INFO  http.HttpServer2 (HttpServer2.java:addGlobalFilter(975)) - Added global filter 'safety' (class=org.apache.hadoop.http.HttpServer2$QuotingInputFilter)
2019-10-03 20:09:48,370 [main] INFO  http.HttpServer2 (HttpServer2.java:addFilter(948)) - Added filter static_user_filter (class=org.apache.hadoop.http.lib.StaticUserWebFilter$StaticUserFilter) to context hddsDatanode
2019-10-03 20:09:48,370 [main] INFO  http.HttpServer2 (HttpServer2.java:addFilter(958)) - Added filter static_user_filter (class=org.apache.hadoop.http.lib.StaticUserWebFilter$StaticUserFilter) to context logs
2019-10-03 20:09:48,370 [main] INFO  http.HttpServer2 (HttpServer2.java:addFilter(958)) - Added filter static_user_filter (class=org.apache.hadoop.http.lib.StaticUserWebFilter$StaticUserFilter) to context static
2019-10-03 20:09:48,372 [main] INFO  http.HttpServer2 (HttpServer2.java:bindListener(1191)) - Jetty bound to port 40714
2019-10-03 20:09:48,372 [main] INFO  server.Server (Server.java:doStart(351)) - jetty-9.3.25.v20180904, build timestamp: 2018-09-04T21:11:46Z, git hash: 3ce520221d0240229c862b122d2b06c12a625732
2019-10-03 20:09:48,374 [main] INFO  handler.ContextHandler (ContextHandler.java:doStart(781)) - Started o.e.j.s.ServletContextHandler@5396eeb1{/logs,file:///workdir/hadoop-ozone/integration-test/target/log,AVAILABLE}
2019-10-03 20:09:48,374 [main] INFO  handler.ContextHandler (ContextHandler.java:doStart(781)) - Started o.e.j.s.ServletContextHandler@7781263c{/static,jar:file:/home/user/.m2/repository/org/apache/hadoop/hadoop-hdds-container-service/0.5.0-SNAPSHOT/hadoop-hdds-container-service-0.5.0-SNAPSHOT.jar!/webapps/static,AVAILABLE}
2019-10-03 20:09:48,399 [main] INFO  handler.ContextHandler (ContextHandler.java:doStart(781)) - Started o.e.j.w.WebAppContext@6885ed19{/,file:///tmp/jetty-0.0.0.0-40714-hddsDatanode-_-any-4085504417895596164.dir/webapp/,AVAILABLE}{/hddsDatanode}
2019-10-03 20:09:48,400 [main] INFO  server.AbstractConnector (AbstractConnector.java:doStart(278)) - Started ServerConnector@10817f46{HTTP/1.1,[http/1.1]}{0.0.0.0:40714}
2019-10-03 20:09:48,401 [main] INFO  server.Server (Server.java:doStart(419)) - Started @592410ms
2019-10-03 20:09:48,401 [main] WARN  impl.MetricsSystemImpl (MetricsSystemImpl.java:register(276)) - Sink prometheus already exists!
2019-10-03 20:09:48,402 [main] INFO  server.BaseHttpServer (BaseHttpServer.java:updateConnectorAddress(215)) - HTTP server of HDDSDATANODE is listening at http://0.0.0.0:40714
2019-10-03 20:09:48,403 [main] INFO  impl.MetricsSystemImpl (MetricsSystemImpl.java:init(158)) - HddsDatanode metrics system started (again)
2019-10-03 20:09:48,407 [org.apache.hadoop.util.JvmPauseMonitor$Monitor@48065065] INFO  util.JvmPauseMonitor (JvmPauseMonitor.java:run(188)) - Starting JVM pause monitor
2019-10-03 20:09:48,409 [main] INFO  ozone.HddsDatanodeService (HddsDatanodeService.java:start(184)) - HddsDatanodeService host:pr-hdds-2230-vt4bl-2581040744 ip:192.168.30.7
2019-10-03 20:09:48,414 [main] INFO  volume.HddsVolume (HddsVolume.java:<init>(176)) - Creating Volume: /workdir/hadoop-ozone/integration-test/target/test-dir/MiniOzoneClusterImpl-16e450bc-7d29-4cce-9510-730a56775e77/datanode-1/data/containers/hdds of  storage type : DISK and capacity : 1482555576320
2019-10-03 20:09:48,415 [main] INFO  volume.VolumeSet (VolumeSet.java:initializeVolumeSet(170)) - Added Volume : /workdir/hadoop-ozone/integration-test/target/test-dir/MiniOzoneClusterImpl-16e450bc-7d29-4cce-9510-730a56775e77/datanode-1/data/containers/hdds to VolumeSet
2019-10-03 20:09:48,415 [main] INFO  volume.ThrottledAsyncChecker (ThrottledAsyncChecker.java:schedule(139)) - Scheduling a check for org.apache.hadoop.ozone.container.common.volume.HddsVolume@565d7d2f
2019-10-03 20:09:48,416 [main] INFO  volume.HddsVolumeChecker (HddsVolumeChecker.java:checkAllVolumes(202)) - Scheduled health check for volume org.apache.hadoop.ozone.container.common.volume.HddsVolume@565d7d2f
2019-10-03 20:09:48,430 [main] INFO  impl.RaftServerProxy (ConfUtils.java:logGet(43)) - raft.rpc.type = GRPC (default)
2019-10-03 20:09:48,430 [main] INFO  grpc.GrpcFactory (GrpcFactory.java:checkPooledByteBufAllocatorUseCacheForAllThreads(45)) - PERFORMANCE WARNING: useCacheForAllThreads is true that may cause Netty to create a lot garbage objects and, as a result, trigger GC.
	It is recommended to disable useCacheForAllThreads by setting -Dorg.apache.ratis.thirdparty.io.netty.allocator.useCacheForAllThreads=false in command line.
2019-10-03 20:09:48,430 [main] INFO  grpc.GrpcConfigKeys$Server (ConfUtils.java:logGet(43)) - raft.grpc.server.port = 0 (default)
2019-10-03 20:09:48,431 [main] INFO  server.GrpcService (ConfUtils.java:logGet(43)) - raft.grpc.message.size.max = 33570816 (custom)
2019-10-03 20:09:48,431 [main] INFO  server.RaftServerConfigKeys (ConfUtils.java:logGet(43)) - raft.server.log.appender.buffer.byte-limit = 33554432 (custom)
2019-10-03 20:09:48,431 [main] INFO  server.GrpcService (ConfUtils.java:logGet(43)) - raft.grpc.flow.control.window = 1MB (=1048576) (default)
2019-10-03 20:09:48,431 [main] INFO  server.RaftServerConfigKeys (ConfUtils.java:logGet(43)) - raft.server.rpc.request.timeout = 3000ms (default)
2019-10-03 20:09:48,431 [main] INFO  server.RaftServerConfigKeys (ConfUtils.java:logGet(43)) - raft.server.storage.dir = [/workdir/hadoop-ozone/integration-test/target/test-dir/MiniOzoneClusterImpl-16e450bc-7d29-4cce-9510-730a56775e77/datanode-1/data/ratis] (custom)
2019-10-03 20:09:48,432 [main] INFO  hdfs.DFSUtil (DFSUtil.java:httpServerTemplateForNNAndJN(1641)) - Starting Web-server for hddsDatanode at: http://0.0.0.0:0
2019-10-03 20:09:48,433 [main] INFO  server.AuthenticationFilter (AuthenticationFilter.java:constructSecretProvider(240)) - Unable to initialize FileSignerSecretProvider, falling back to use random secrets.
2019-10-03 20:09:48,434 [main] WARN  http.HttpRequestLog (HttpRequestLog.java:getRequestLog(97)) - Jetty request log can only be enabled using Log4j
2019-10-03 20:09:48,435 [main] INFO  http.HttpServer2 (HttpServer2.java:addGlobalFilter(975)) - Added global filter 'safety' (class=org.apache.hadoop.http.HttpServer2$QuotingInputFilter)
2019-10-03 20:09:48,435 [main] INFO  http.HttpServer2 (HttpServer2.java:addFilter(948)) - Added filter static_user_filter (class=org.apache.hadoop.http.lib.StaticUserWebFilter$StaticUserFilter) to context hddsDatanode
2019-10-03 20:09:48,436 [main] INFO  http.HttpServer2 (HttpServer2.java:addFilter(958)) - Added filter static_user_filter (class=org.apache.hadoop.http.lib.StaticUserWebFilter$StaticUserFilter) to context static
2019-10-03 20:09:48,436 [main] INFO  http.HttpServer2 (HttpServer2.java:addFilter(958)) - Added filter static_user_filter (class=org.apache.hadoop.http.lib.StaticUserWebFilter$StaticUserFilter) to context logs
2019-10-03 20:09:48,436 [main] INFO  http.HttpServer2 (HttpServer2.java:bindListener(1191)) - Jetty bound to port 33552
2019-10-03 20:09:48,436 [main] INFO  server.Server (Server.java:doStart(351)) - jetty-9.3.25.v20180904, build timestamp: 2018-09-04T21:11:46Z, git hash: 3ce520221d0240229c862b122d2b06c12a625732
2019-10-03 20:09:48,438 [main] INFO  handler.ContextHandler (ContextHandler.java:doStart(781)) - Started o.e.j.s.ServletContextHandler@723742b2{/logs,file:///workdir/hadoop-ozone/integration-test/target/log,AVAILABLE}
2019-10-03 20:09:48,438 [main] INFO  handler.ContextHandler (ContextHandler.java:doStart(781)) - Started o.e.j.s.ServletContextHandler@34c76167{/static,jar:file:/home/user/.m2/repository/org/apache/hadoop/hadoop-hdds-container-service/0.5.0-SNAPSHOT/hadoop-hdds-container-service-0.5.0-SNAPSHOT.jar!/webapps/static,AVAILABLE}
2019-10-03 20:09:48,464 [main] INFO  handler.ContextHandler (ContextHandler.java:doStart(781)) - Started o.e.j.w.WebAppContext@3e43f049{/,file:///tmp/jetty-0.0.0.0-33552-hddsDatanode-_-any-4419101036666691380.dir/webapp/,AVAILABLE}{/hddsDatanode}
2019-10-03 20:09:48,465 [main] INFO  server.AbstractConnector (AbstractConnector.java:doStart(278)) - Started ServerConnector@147cc940{HTTP/1.1,[http/1.1]}{0.0.0.0:33552}
2019-10-03 20:09:48,466 [main] INFO  server.Server (Server.java:doStart(419)) - Started @592475ms
2019-10-03 20:09:48,466 [main] WARN  impl.MetricsSystemImpl (MetricsSystemImpl.java:register(276)) - Sink prometheus already exists!
2019-10-03 20:09:48,466 [main] INFO  server.BaseHttpServer (BaseHttpServer.java:updateConnectorAddress(215)) - HTTP server of HDDSDATANODE is listening at http://0.0.0.0:33552
2019-10-03 20:09:48,467 [main] INFO  impl.MetricsSystemImpl (MetricsSystemImpl.java:init(158)) - HddsDatanode metrics system started (again)
2019-10-03 20:09:48,472 [org.apache.hadoop.util.JvmPauseMonitor$Monitor@b94bac] INFO  util.JvmPauseMonitor (JvmPauseMonitor.java:run(188)) - Starting JVM pause monitor
2019-10-03 20:09:48,473 [main] INFO  ozone.HddsDatanodeService (HddsDatanodeService.java:start(184)) - HddsDatanodeService host:pr-hdds-2230-vt4bl-2581040744 ip:192.168.30.7
2019-10-03 20:09:48,479 [main] INFO  volume.HddsVolume (HddsVolume.java:<init>(176)) - Creating Volume: /workdir/hadoop-ozone/integration-test/target/test-dir/MiniOzoneClusterImpl-16e450bc-7d29-4cce-9510-730a56775e77/datanode-2/data/containers/hdds of  storage type : DISK and capacity : 1482555576320
2019-10-03 20:09:48,479 [main] INFO  volume.VolumeSet (VolumeSet.java:initializeVolumeSet(170)) - Added Volume : /workdir/hadoop-ozone/integration-test/target/test-dir/MiniOzoneClusterImpl-16e450bc-7d29-4cce-9510-730a56775e77/datanode-2/data/containers/hdds to VolumeSet
2019-10-03 20:09:48,480 [main] INFO  volume.ThrottledAsyncChecker (ThrottledAsyncChecker.java:schedule(139)) - Scheduling a check for org.apache.hadoop.ozone.container.common.volume.HddsVolume@36d582cb
2019-10-03 20:09:48,480 [Datanode State Machine Thread - 0] INFO  datanode.InitDatanodeState (InitDatanodeState.java:persistContainerDatanodeDetails(140)) - DatanodeDetails is persisted to /workdir/hadoop-ozone/integration-test/target/test-dir/MiniOzoneClusterImpl-16e450bc-7d29-4cce-9510-730a56775e77/datanode-0/meta/datanode.id
2019-10-03 20:09:48,480 [main] INFO  volume.HddsVolumeChecker (HddsVolumeChecker.java:checkAllVolumes(202)) - Scheduled health check for volume org.apache.hadoop.ozone.container.common.volume.HddsVolume@36d582cb
2019-10-03 20:09:48,480 [Datanode State Machine Thread - 0] INFO  datanode.InitDatanodeState (InitDatanodeState.java:persistContainerDatanodeDetails(140)) - DatanodeDetails is persisted to /workdir/hadoop-ozone/integration-test/target/test-dir/MiniOzoneClusterImpl-16e450bc-7d29-4cce-9510-730a56775e77/datanode-1/meta/datanode.id
2019-10-03 20:09:48,498 [main] INFO  impl.RaftServerProxy (ConfUtils.java:logGet(43)) - raft.rpc.type = GRPC (default)
2019-10-03 20:09:48,498 [main] INFO  grpc.GrpcFactory (GrpcFactory.java:checkPooledByteBufAllocatorUseCacheForAllThreads(45)) - PERFORMANCE WARNING: useCacheForAllThreads is true that may cause Netty to create a lot garbage objects and, as a result, trigger GC.
	It is recommended to disable useCacheForAllThreads by setting -Dorg.apache.ratis.thirdparty.io.netty.allocator.useCacheForAllThreads=false in command line.
2019-10-03 20:09:48,498 [main] INFO  grpc.GrpcConfigKeys$Server (ConfUtils.java:logGet(43)) - raft.grpc.server.port = 0 (default)
2019-10-03 20:09:48,499 [main] INFO  server.GrpcService (ConfUtils.java:logGet(43)) - raft.grpc.message.size.max = 33570816 (custom)
2019-10-03 20:09:48,499 [main] INFO  server.RaftServerConfigKeys (ConfUtils.java:logGet(43)) - raft.server.log.appender.buffer.byte-limit = 33554432 (custom)
2019-10-03 20:09:48,499 [main] INFO  server.GrpcService (ConfUtils.java:logGet(43)) - raft.grpc.flow.control.window = 1MB (=1048576) (default)
2019-10-03 20:09:48,499 [main] INFO  server.RaftServerConfigKeys (ConfUtils.java:logGet(43)) - raft.server.rpc.request.timeout = 3000ms (default)
2019-10-03 20:09:48,500 [main] INFO  server.RaftServerConfigKeys (ConfUtils.java:logGet(43)) - raft.server.storage.dir = [/workdir/hadoop-ozone/integration-test/target/test-dir/MiniOzoneClusterImpl-16e450bc-7d29-4cce-9510-730a56775e77/datanode-2/data/ratis] (custom)
2019-10-03 20:09:48,501 [main] INFO  hdfs.DFSUtil (DFSUtil.java:httpServerTemplateForNNAndJN(1641)) - Starting Web-server for hddsDatanode at: http://0.0.0.0:0
2019-10-03 20:09:48,503 [main] INFO  server.AuthenticationFilter (AuthenticationFilter.java:constructSecretProvider(240)) - Unable to initialize FileSignerSecretProvider, falling back to use random secrets.
2019-10-03 20:09:48,503 [main] WARN  http.HttpRequestLog (HttpRequestLog.java:getRequestLog(97)) - Jetty request log can only be enabled using Log4j
2019-10-03 20:09:48,505 [main] INFO  http.HttpServer2 (HttpServer2.java:addGlobalFilter(975)) - Added global filter 'safety' (class=org.apache.hadoop.http.HttpServer2$QuotingInputFilter)
2019-10-03 20:09:48,505 [main] INFO  http.HttpServer2 (HttpServer2.java:addFilter(948)) - Added filter static_user_filter (class=org.apache.hadoop.http.lib.StaticUserWebFilter$StaticUserFilter) to context hddsDatanode
2019-10-03 20:09:48,505 [main] INFO  http.HttpServer2 (HttpServer2.java:addFilter(958)) - Added filter static_user_filter (class=org.apache.hadoop.http.lib.StaticUserWebFilter$StaticUserFilter) to context logs
2019-10-03 20:09:48,505 [main] INFO  http.HttpServer2 (HttpServer2.java:addFilter(958)) - Added filter static_user_filter (class=org.apache.hadoop.http.lib.StaticUserWebFilter$StaticUserFilter) to context static
2019-10-03 20:09:48,506 [main] INFO  http.HttpServer2 (HttpServer2.java:bindListener(1191)) - Jetty bound to port 36768
2019-10-03 20:09:48,506 [main] INFO  server.Server (Server.java:doStart(351)) - jetty-9.3.25.v20180904, build timestamp: 2018-09-04T21:11:46Z, git hash: 3ce520221d0240229c862b122d2b06c12a625732
2019-10-03 20:09:48,507 [main] INFO  handler.ContextHandler (ContextHandler.java:doStart(781)) - Started o.e.j.s.ServletContextHandler@26b3c9a2{/logs,file:///workdir/hadoop-ozone/integration-test/target/log,AVAILABLE}
2019-10-03 20:09:48,508 [main] INFO  handler.ContextHandler (ContextHandler.java:doStart(781)) - Started o.e.j.s.ServletContextHandler@125f16b2{/static,jar:file:/home/user/.m2/repository/org/apache/hadoop/hadoop-hdds-container-service/0.5.0-SNAPSHOT/hadoop-hdds-container-service-0.5.0-SNAPSHOT.jar!/webapps/static,AVAILABLE}
2019-10-03 20:09:48,556 [main] INFO  handler.ContextHandler (ContextHandler.java:doStart(781)) - Started o.e.j.w.WebAppContext@4c4c7d6c{/,file:///tmp/jetty-0.0.0.0-36768-hddsDatanode-_-any-2141722174462675008.dir/webapp/,AVAILABLE}{/hddsDatanode}
2019-10-03 20:09:48,556 [main] INFO  server.AbstractConnector (AbstractConnector.java:doStart(278)) - Started ServerConnector@7f0766ef{HTTP/1.1,[http/1.1]}{0.0.0.0:36768}
2019-10-03 20:09:48,558 [main] INFO  server.Server (Server.java:doStart(419)) - Started @592567ms
2019-10-03 20:09:48,558 [main] WARN  impl.MetricsSystemImpl (MetricsSystemImpl.java:register(276)) - Sink prometheus already exists!
2019-10-03 20:09:48,558 [main] INFO  server.BaseHttpServer (BaseHttpServer.java:updateConnectorAddress(215)) - HTTP server of HDDSDATANODE is listening at http://0.0.0.0:36768
2019-10-03 20:09:48,559 [main] INFO  impl.MetricsSystemImpl (MetricsSystemImpl.java:init(158)) - HddsDatanode metrics system started (again)
2019-10-03 20:09:48,563 [org.apache.hadoop.util.JvmPauseMonitor$Monitor@56e78aa8] INFO  util.JvmPauseMonitor (JvmPauseMonitor.java:run(188)) - Starting JVM pause monitor
2019-10-03 20:09:48,563 [main] INFO  ozone.HddsDatanodeService (HddsDatanodeService.java:start(184)) - HddsDatanodeService host:pr-hdds-2230-vt4bl-2581040744 ip:192.168.30.7
2019-10-03 20:09:48,564 [Datanode State Machine Thread - 0] INFO  datanode.InitDatanodeState (InitDatanodeState.java:persistContainerDatanodeDetails(140)) - DatanodeDetails is persisted to /workdir/hadoop-ozone/integration-test/target/test-dir/MiniOzoneClusterImpl-16e450bc-7d29-4cce-9510-730a56775e77/datanode-2/meta/datanode.id
2019-10-03 20:09:48,570 [main] INFO  volume.HddsVolume (HddsVolume.java:<init>(176)) - Creating Volume: /workdir/hadoop-ozone/integration-test/target/test-dir/MiniOzoneClusterImpl-16e450bc-7d29-4cce-9510-730a56775e77/datanode-3/data/containers/hdds of  storage type : DISK and capacity : 1482555576320
2019-10-03 20:09:48,570 [main] INFO  volume.VolumeSet (VolumeSet.java:initializeVolumeSet(170)) - Added Volume : /workdir/hadoop-ozone/integration-test/target/test-dir/MiniOzoneClusterImpl-16e450bc-7d29-4cce-9510-730a56775e77/datanode-3/data/containers/hdds to VolumeSet
2019-10-03 20:09:48,570 [main] INFO  volume.ThrottledAsyncChecker (ThrottledAsyncChecker.java:schedule(139)) - Scheduling a check for org.apache.hadoop.ozone.container.common.volume.HddsVolume@22a4ca4a
2019-10-03 20:09:48,570 [main] INFO  volume.HddsVolumeChecker (HddsVolumeChecker.java:checkAllVolumes(202)) - Scheduled health check for volume org.apache.hadoop.ozone.container.common.volume.HddsVolume@22a4ca4a
2019-10-03 20:09:48,582 [main] INFO  impl.RaftServerProxy (ConfUtils.java:logGet(43)) - raft.rpc.type = GRPC (default)
2019-10-03 20:09:48,583 [main] INFO  grpc.GrpcFactory (GrpcFactory.java:checkPooledByteBufAllocatorUseCacheForAllThreads(45)) - PERFORMANCE WARNING: useCacheForAllThreads is true that may cause Netty to create a lot garbage objects and, as a result, trigger GC.
	It is recommended to disable useCacheForAllThreads by setting -Dorg.apache.ratis.thirdparty.io.netty.allocator.useCacheForAllThreads=false in command line.
2019-10-03 20:09:48,583 [main] INFO  grpc.GrpcConfigKeys$Server (ConfUtils.java:logGet(43)) - raft.grpc.server.port = 0 (default)
2019-10-03 20:09:48,583 [main] INFO  server.GrpcService (ConfUtils.java:logGet(43)) - raft.grpc.message.size.max = 33570816 (custom)
2019-10-03 20:09:48,583 [main] INFO  server.RaftServerConfigKeys (ConfUtils.java:logGet(43)) - raft.server.log.appender.buffer.byte-limit = 33554432 (custom)
2019-10-03 20:09:48,583 [main] INFO  server.GrpcService (ConfUtils.java:logGet(43)) - raft.grpc.flow.control.window = 1MB (=1048576) (default)
2019-10-03 20:09:48,583 [main] INFO  server.RaftServerConfigKeys (ConfUtils.java:logGet(43)) - raft.server.rpc.request.timeout = 3000ms (default)
2019-10-03 20:09:48,584 [main] INFO  server.RaftServerConfigKeys (ConfUtils.java:logGet(43)) - raft.server.storage.dir = [/workdir/hadoop-ozone/integration-test/target/test-dir/MiniOzoneClusterImpl-16e450bc-7d29-4cce-9510-730a56775e77/datanode-3/data/ratis] (custom)
2019-10-03 20:09:48,585 [main] INFO  hdfs.DFSUtil (DFSUtil.java:httpServerTemplateForNNAndJN(1641)) - Starting Web-server for hddsDatanode at: http://0.0.0.0:0
2019-10-03 20:09:48,587 [main] INFO  server.AuthenticationFilter (AuthenticationFilter.java:constructSecretProvider(240)) - Unable to initialize FileSignerSecretProvider, falling back to use random secrets.
2019-10-03 20:09:48,587 [main] WARN  http.HttpRequestLog (HttpRequestLog.java:getRequestLog(97)) - Jetty request log can only be enabled using Log4j
2019-10-03 20:09:48,589 [main] INFO  http.HttpServer2 (HttpServer2.java:addGlobalFilter(975)) - Added global filter 'safety' (class=org.apache.hadoop.http.HttpServer2$QuotingInputFilter)
2019-10-03 20:09:48,589 [main] INFO  http.HttpServer2 (HttpServer2.java:addFilter(948)) - Added filter static_user_filter (class=org.apache.hadoop.http.lib.StaticUserWebFilter$StaticUserFilter) to context hddsDatanode
2019-10-03 20:09:48,590 [main] INFO  http.HttpServer2 (HttpServer2.java:addFilter(958)) - Added filter static_user_filter (class=org.apache.hadoop.http.lib.StaticUserWebFilter$StaticUserFilter) to context logs
2019-10-03 20:09:48,590 [main] INFO  http.HttpServer2 (HttpServer2.java:addFilter(958)) - Added filter static_user_filter (class=org.apache.hadoop.http.lib.StaticUserWebFilter$StaticUserFilter) to context static
2019-10-03 20:09:48,590 [main] INFO  http.HttpServer2 (HttpServer2.java:bindListener(1191)) - Jetty bound to port 34353
2019-10-03 20:09:48,591 [main] INFO  server.Server (Server.java:doStart(351)) - jetty-9.3.25.v20180904, build timestamp: 2018-09-04T21:11:46Z, git hash: 3ce520221d0240229c862b122d2b06c12a625732
2019-10-03 20:09:48,592 [main] INFO  handler.ContextHandler (ContextHandler.java:doStart(781)) - Started o.e.j.s.ServletContextHandler@25a5c8e{/logs,file:///workdir/hadoop-ozone/integration-test/target/log,AVAILABLE}
2019-10-03 20:09:48,593 [main] INFO  handler.ContextHandler (ContextHandler.java:doStart(781)) - Started o.e.j.s.ServletContextHandler@7911cc15{/static,jar:file:/home/user/.m2/repository/org/apache/hadoop/hadoop-hdds-container-service/0.5.0-SNAPSHOT/hadoop-hdds-container-service-0.5.0-SNAPSHOT.jar!/webapps/static,AVAILABLE}
2019-10-03 20:09:48,634 [main] INFO  handler.ContextHandler (ContextHandler.java:doStart(781)) - Started o.e.j.w.WebAppContext@53125718{/,file:///tmp/jetty-0.0.0.0-34353-hddsDatanode-_-any-3843734859546916472.dir/webapp/,AVAILABLE}{/hddsDatanode}
2019-10-03 20:09:48,635 [main] INFO  server.AbstractConnector (AbstractConnector.java:doStart(278)) - Started ServerConnector@53016b11{HTTP/1.1,[http/1.1]}{0.0.0.0:34353}
2019-10-03 20:09:48,636 [main] INFO  server.Server (Server.java:doStart(419)) - Started @592646ms
2019-10-03 20:09:48,637 [main] WARN  impl.MetricsSystemImpl (MetricsSystemImpl.java:register(276)) - Sink prometheus already exists!
2019-10-03 20:09:48,637 [main] INFO  server.BaseHttpServer (BaseHttpServer.java:updateConnectorAddress(215)) - HTTP server of HDDSDATANODE is listening at http://0.0.0.0:34353
2019-10-03 20:09:48,638 [main] INFO  impl.MetricsSystemImpl (MetricsSystemImpl.java:init(158)) - HddsDatanode metrics system started (again)
2019-10-03 20:09:48,639 [org.apache.hadoop.util.JvmPauseMonitor$Monitor@1e9a41a0] INFO  util.JvmPauseMonitor (JvmPauseMonitor.java:run(188)) - Starting JVM pause monitor
2019-10-03 20:09:48,644 [main] INFO  ozone.HddsDatanodeService (HddsDatanodeService.java:start(184)) - HddsDatanodeService host:pr-hdds-2230-vt4bl-2581040744 ip:192.168.30.7
2019-10-03 20:09:48,645 [Datanode State Machine Thread - 0] INFO  datanode.InitDatanodeState (InitDatanodeState.java:persistContainerDatanodeDetails(140)) - DatanodeDetails is persisted to /workdir/hadoop-ozone/integration-test/target/test-dir/MiniOzoneClusterImpl-16e450bc-7d29-4cce-9510-730a56775e77/datanode-3/meta/datanode.id
2019-10-03 20:09:48,651 [main] INFO  volume.HddsVolume (HddsVolume.java:<init>(176)) - Creating Volume: /workdir/hadoop-ozone/integration-test/target/test-dir/MiniOzoneClusterImpl-16e450bc-7d29-4cce-9510-730a56775e77/datanode-4/data/containers/hdds of  storage type : DISK and capacity : 1482555576320
2019-10-03 20:09:48,652 [main] INFO  volume.VolumeSet (VolumeSet.java:initializeVolumeSet(170)) - Added Volume : /workdir/hadoop-ozone/integration-test/target/test-dir/MiniOzoneClusterImpl-16e450bc-7d29-4cce-9510-730a56775e77/datanode-4/data/containers/hdds to VolumeSet
2019-10-03 20:09:48,652 [main] INFO  volume.ThrottledAsyncChecker (ThrottledAsyncChecker.java:schedule(139)) - Scheduling a check for org.apache.hadoop.ozone.container.common.volume.HddsVolume@5520f675
2019-10-03 20:09:48,652 [main] INFO  volume.HddsVolumeChecker (HddsVolumeChecker.java:checkAllVolumes(202)) - Scheduled health check for volume org.apache.hadoop.ozone.container.common.volume.HddsVolume@5520f675
2019-10-03 20:09:48,669 [main] INFO  impl.RaftServerProxy (ConfUtils.java:logGet(43)) - raft.rpc.type = GRPC (default)
2019-10-03 20:09:48,669 [main] INFO  grpc.GrpcFactory (GrpcFactory.java:checkPooledByteBufAllocatorUseCacheForAllThreads(45)) - PERFORMANCE WARNING: useCacheForAllThreads is true that may cause Netty to create a lot garbage objects and, as a result, trigger GC.
	It is recommended to disable useCacheForAllThreads by setting -Dorg.apache.ratis.thirdparty.io.netty.allocator.useCacheForAllThreads=false in command line.
2019-10-03 20:09:48,670 [main] INFO  grpc.GrpcConfigKeys$Server (ConfUtils.java:logGet(43)) - raft.grpc.server.port = 0 (default)
2019-10-03 20:09:48,670 [main] INFO  server.GrpcService (ConfUtils.java:logGet(43)) - raft.grpc.message.size.max = 33570816 (custom)
2019-10-03 20:09:48,670 [main] INFO  server.RaftServerConfigKeys (ConfUtils.java:logGet(43)) - raft.server.log.appender.buffer.byte-limit = 33554432 (custom)
2019-10-03 20:09:48,670 [main] INFO  server.GrpcService (ConfUtils.java:logGet(43)) - raft.grpc.flow.control.window = 1MB (=1048576) (default)
2019-10-03 20:09:48,671 [main] INFO  server.RaftServerConfigKeys (ConfUtils.java:logGet(43)) - raft.server.rpc.request.timeout = 3000ms (default)
2019-10-03 20:09:48,671 [main] INFO  server.RaftServerConfigKeys (ConfUtils.java:logGet(43)) - raft.server.storage.dir = [/workdir/hadoop-ozone/integration-test/target/test-dir/MiniOzoneClusterImpl-16e450bc-7d29-4cce-9510-730a56775e77/datanode-4/data/ratis] (custom)
2019-10-03 20:09:48,672 [main] INFO  hdfs.DFSUtil (DFSUtil.java:httpServerTemplateForNNAndJN(1641)) - Starting Web-server for hddsDatanode at: http://0.0.0.0:0
2019-10-03 20:09:48,674 [main] INFO  server.AuthenticationFilter (AuthenticationFilter.java:constructSecretProvider(240)) - Unable to initialize FileSignerSecretProvider, falling back to use random secrets.
2019-10-03 20:09:48,675 [main] WARN  http.HttpRequestLog (HttpRequestLog.java:getRequestLog(97)) - Jetty request log can only be enabled using Log4j
2019-10-03 20:09:48,676 [main] INFO  http.HttpServer2 (HttpServer2.java:addGlobalFilter(975)) - Added global filter 'safety' (class=org.apache.hadoop.http.HttpServer2$QuotingInputFilter)
2019-10-03 20:09:48,677 [main] INFO  http.HttpServer2 (HttpServer2.java:addFilter(948)) - Added filter static_user_filter (class=org.apache.hadoop.http.lib.StaticUserWebFilter$StaticUserFilter) to context hddsDatanode
2019-10-03 20:09:48,677 [main] INFO  http.HttpServer2 (HttpServer2.java:addFilter(958)) - Added filter static_user_filter (class=org.apache.hadoop.http.lib.StaticUserWebFilter$StaticUserFilter) to context static
2019-10-03 20:09:48,677 [main] INFO  http.HttpServer2 (HttpServer2.java:addFilter(958)) - Added filter static_user_filter (class=org.apache.hadoop.http.lib.StaticUserWebFilter$StaticUserFilter) to context logs
2019-10-03 20:09:48,678 [main] INFO  http.HttpServer2 (HttpServer2.java:bindListener(1191)) - Jetty bound to port 37833
2019-10-03 20:09:48,678 [main] INFO  server.Server (Server.java:doStart(351)) - jetty-9.3.25.v20180904, build timestamp: 2018-09-04T21:11:46Z, git hash: 3ce520221d0240229c862b122d2b06c12a625732
2019-10-03 20:09:48,680 [main] INFO  handler.ContextHandler (ContextHandler.java:doStart(781)) - Started o.e.j.s.ServletContextHandler@342beaf6{/logs,file:///workdir/hadoop-ozone/integration-test/target/log,AVAILABLE}
2019-10-03 20:09:48,680 [main] INFO  handler.ContextHandler (ContextHandler.java:doStart(781)) - Started o.e.j.s.ServletContextHandler@56cfe6be{/static,jar:file:/home/user/.m2/repository/org/apache/hadoop/hadoop-hdds-container-service/0.5.0-SNAPSHOT/hadoop-hdds-container-service-0.5.0-SNAPSHOT.jar!/webapps/static,AVAILABLE}
2019-10-03 20:09:48,717 [main] INFO  handler.ContextHandler (ContextHandler.java:doStart(781)) - Started o.e.j.w.WebAppContext@4703c998{/,file:///tmp/jetty-0.0.0.0-37833-hddsDatanode-_-any-5349687976128558787.dir/webapp/,AVAILABLE}{/hddsDatanode}
2019-10-03 20:09:48,718 [main] INFO  server.AbstractConnector (AbstractConnector.java:doStart(278)) - Started ServerConnector@71166348{HTTP/1.1,[http/1.1]}{0.0.0.0:37833}
2019-10-03 20:09:48,720 [main] INFO  server.Server (Server.java:doStart(419)) - Started @592729ms
2019-10-03 20:09:48,720 [main] WARN  impl.MetricsSystemImpl (MetricsSystemImpl.java:register(276)) - Sink prometheus already exists!
2019-10-03 20:09:48,721 [main] INFO  server.BaseHttpServer (BaseHttpServer.java:updateConnectorAddress(215)) - HTTP server of HDDSDATANODE is listening at http://0.0.0.0:37833
2019-10-03 20:09:48,721 [main] INFO  impl.MetricsSystemImpl (MetricsSystemImpl.java:init(158)) - HddsDatanode metrics system started (again)
2019-10-03 20:09:48,727 [org.apache.hadoop.util.JvmPauseMonitor$Monitor@1dd2871e] INFO  util.JvmPauseMonitor (JvmPauseMonitor.java:run(188)) - Starting JVM pause monitor
2019-10-03 20:09:48,727 [Datanode State Machine Thread - 0] INFO  datanode.InitDatanodeState (InitDatanodeState.java:persistContainerDatanodeDetails(140)) - DatanodeDetails is persisted to /workdir/hadoop-ozone/integration-test/target/test-dir/MiniOzoneClusterImpl-16e450bc-7d29-4cce-9510-730a56775e77/datanode-4/meta/datanode.id
2019-10-03 20:09:48,728 [main] INFO  ozone.HddsDatanodeService (HddsDatanodeService.java:start(184)) - HddsDatanodeService host:pr-hdds-2230-vt4bl-2581040744 ip:192.168.30.7
2019-10-03 20:09:48,734 [main] INFO  volume.HddsVolume (HddsVolume.java:<init>(176)) - Creating Volume: /workdir/hadoop-ozone/integration-test/target/test-dir/MiniOzoneClusterImpl-16e450bc-7d29-4cce-9510-730a56775e77/datanode-5/data/containers/hdds of  storage type : DISK and capacity : 1482555576320
2019-10-03 20:09:48,735 [main] INFO  volume.VolumeSet (VolumeSet.java:initializeVolumeSet(170)) - Added Volume : /workdir/hadoop-ozone/integration-test/target/test-dir/MiniOzoneClusterImpl-16e450bc-7d29-4cce-9510-730a56775e77/datanode-5/data/containers/hdds to VolumeSet
2019-10-03 20:09:48,735 [main] INFO  volume.ThrottledAsyncChecker (ThrottledAsyncChecker.java:schedule(139)) - Scheduling a check for org.apache.hadoop.ozone.container.common.volume.HddsVolume@3cc9632d
2019-10-03 20:09:48,735 [main] INFO  volume.HddsVolumeChecker (HddsVolumeChecker.java:checkAllVolumes(202)) - Scheduled health check for volume org.apache.hadoop.ozone.container.common.volume.HddsVolume@3cc9632d
2019-10-03 20:09:48,752 [main] INFO  impl.RaftServerProxy (ConfUtils.java:logGet(43)) - raft.rpc.type = GRPC (default)
2019-10-03 20:09:48,753 [main] INFO  grpc.GrpcFactory (GrpcFactory.java:checkPooledByteBufAllocatorUseCacheForAllThreads(45)) - PERFORMANCE WARNING: useCacheForAllThreads is true that may cause Netty to create a lot garbage objects and, as a result, trigger GC.
	It is recommended to disable useCacheForAllThreads by setting -Dorg.apache.ratis.thirdparty.io.netty.allocator.useCacheForAllThreads=false in command line.
2019-10-03 20:09:48,753 [main] INFO  grpc.GrpcConfigKeys$Server (ConfUtils.java:logGet(43)) - raft.grpc.server.port = 0 (default)
2019-10-03 20:09:48,753 [main] INFO  server.GrpcService (ConfUtils.java:logGet(43)) - raft.grpc.message.size.max = 33570816 (custom)
2019-10-03 20:09:48,753 [main] INFO  server.RaftServerConfigKeys (ConfUtils.java:logGet(43)) - raft.server.log.appender.buffer.byte-limit = 33554432 (custom)
2019-10-03 20:09:48,754 [main] INFO  server.GrpcService (ConfUtils.java:logGet(43)) - raft.grpc.flow.control.window = 1MB (=1048576) (default)
2019-10-03 20:09:48,754 [main] INFO  server.RaftServerConfigKeys (ConfUtils.java:logGet(43)) - raft.server.rpc.request.timeout = 3000ms (default)
2019-10-03 20:09:48,754 [main] INFO  server.RaftServerConfigKeys (ConfUtils.java:logGet(43)) - raft.server.storage.dir = [/workdir/hadoop-ozone/integration-test/target/test-dir/MiniOzoneClusterImpl-16e450bc-7d29-4cce-9510-730a56775e77/datanode-5/data/ratis] (custom)
2019-10-03 20:09:48,756 [main] INFO  hdfs.DFSUtil (DFSUtil.java:httpServerTemplateForNNAndJN(1641)) - Starting Web-server for hddsDatanode at: http://0.0.0.0:0
2019-10-03 20:09:48,757 [main] INFO  server.AuthenticationFilter (AuthenticationFilter.java:constructSecretProvider(240)) - Unable to initialize FileSignerSecretProvider, falling back to use random secrets.
2019-10-03 20:09:48,757 [main] WARN  http.HttpRequestLog (HttpRequestLog.java:getRequestLog(97)) - Jetty request log can only be enabled using Log4j
2019-10-03 20:09:48,759 [main] INFO  http.HttpServer2 (HttpServer2.java:addGlobalFilter(975)) - Added global filter 'safety' (class=org.apache.hadoop.http.HttpServer2$QuotingInputFilter)
2019-10-03 20:09:48,760 [main] INFO  http.HttpServer2 (HttpServer2.java:addFilter(948)) - Added filter static_user_filter (class=org.apache.hadoop.http.lib.StaticUserWebFilter$StaticUserFilter) to context hddsDatanode
2019-10-03 20:09:48,760 [main] INFO  http.HttpServer2 (HttpServer2.java:addFilter(958)) - Added filter static_user_filter (class=org.apache.hadoop.http.lib.StaticUserWebFilter$StaticUserFilter) to context static
2019-10-03 20:09:48,760 [main] INFO  http.HttpServer2 (HttpServer2.java:addFilter(958)) - Added filter static_user_filter (class=org.apache.hadoop.http.lib.StaticUserWebFilter$StaticUserFilter) to context logs
2019-10-03 20:09:48,761 [main] INFO  http.HttpServer2 (HttpServer2.java:bindListener(1191)) - Jetty bound to port 33340
2019-10-03 20:09:48,761 [main] INFO  server.Server (Server.java:doStart(351)) - jetty-9.3.25.v20180904, build timestamp: 2018-09-04T21:11:46Z, git hash: 3ce520221d0240229c862b122d2b06c12a625732
2019-10-03 20:09:48,762 [main] INFO  handler.ContextHandler (ContextHandler.java:doStart(781)) - Started o.e.j.s.ServletContextHandler@751d7425{/logs,file:///workdir/hadoop-ozone/integration-test/target/log,AVAILABLE}
2019-10-03 20:09:48,763 [main] INFO  handler.ContextHandler (ContextHandler.java:doStart(781)) - Started o.e.j.s.ServletContextHandler@6dae70f9{/static,jar:file:/home/user/.m2/repository/org/apache/hadoop/hadoop-hdds-container-service/0.5.0-SNAPSHOT/hadoop-hdds-container-service-0.5.0-SNAPSHOT.jar!/webapps/static,AVAILABLE}
2019-10-03 20:09:48,806 [main] INFO  handler.ContextHandler (ContextHandler.java:doStart(781)) - Started o.e.j.w.WebAppContext@38811103{/,file:///tmp/jetty-0.0.0.0-33340-hddsDatanode-_-any-8567459194611235417.dir/webapp/,AVAILABLE}{/hddsDatanode}
2019-10-03 20:09:48,807 [main] INFO  server.AbstractConnector (AbstractConnector.java:doStart(278)) - Started ServerConnector@787d1f9c{HTTP/1.1,[http/1.1]}{0.0.0.0:33340}
2019-10-03 20:09:48,808 [main] INFO  server.Server (Server.java:doStart(419)) - Started @592818ms
2019-10-03 20:09:48,809 [main] WARN  impl.MetricsSystemImpl (MetricsSystemImpl.java:register(276)) - Sink prometheus already exists!
2019-10-03 20:09:48,809 [main] INFO  server.BaseHttpServer (BaseHttpServer.java:updateConnectorAddress(215)) - HTTP server of HDDSDATANODE is listening at http://0.0.0.0:33340
2019-10-03 20:09:48,810 [main] INFO  impl.MetricsSystemImpl (MetricsSystemImpl.java:init(158)) - HddsDatanode metrics system started (again)
2019-10-03 20:09:48,817 [org.apache.hadoop.util.JvmPauseMonitor$Monitor@177c82a3] INFO  util.JvmPauseMonitor (JvmPauseMonitor.java:run(188)) - Starting JVM pause monitor
2019-10-03 20:09:48,818 [Datanode State Machine Thread - 0] INFO  datanode.InitDatanodeState (InitDatanodeState.java:persistContainerDatanodeDetails(140)) - DatanodeDetails is persisted to /workdir/hadoop-ozone/integration-test/target/test-dir/MiniOzoneClusterImpl-16e450bc-7d29-4cce-9510-730a56775e77/datanode-5/meta/datanode.id
2019-10-03 20:09:48,818 [main] INFO  ozone.HddsDatanodeService (HddsDatanodeService.java:start(184)) - HddsDatanodeService host:pr-hdds-2230-vt4bl-2581040744 ip:192.168.30.7
2019-10-03 20:09:48,825 [main] INFO  volume.HddsVolume (HddsVolume.java:<init>(176)) - Creating Volume: /workdir/hadoop-ozone/integration-test/target/test-dir/MiniOzoneClusterImpl-16e450bc-7d29-4cce-9510-730a56775e77/datanode-6/data/containers/hdds of  storage type : DISK and capacity : 1482555576320
2019-10-03 20:09:48,825 [main] INFO  volume.VolumeSet (VolumeSet.java:initializeVolumeSet(170)) - Added Volume : /workdir/hadoop-ozone/integration-test/target/test-dir/MiniOzoneClusterImpl-16e450bc-7d29-4cce-9510-730a56775e77/datanode-6/data/containers/hdds to VolumeSet
2019-10-03 20:09:48,825 [main] INFO  volume.ThrottledAsyncChecker (ThrottledAsyncChecker.java:schedule(139)) - Scheduling a check for org.apache.hadoop.ozone.container.common.volume.HddsVolume@7d7ceca8
2019-10-03 20:09:48,827 [main] INFO  volume.HddsVolumeChecker (HddsVolumeChecker.java:checkAllVolumes(202)) - Scheduled health check for volume org.apache.hadoop.ozone.container.common.volume.HddsVolume@7d7ceca8
2019-10-03 20:09:48,842 [main] INFO  impl.RaftServerProxy (ConfUtils.java:logGet(43)) - raft.rpc.type = GRPC (default)
2019-10-03 20:09:48,842 [main] INFO  grpc.GrpcFactory (GrpcFactory.java:checkPooledByteBufAllocatorUseCacheForAllThreads(45)) - PERFORMANCE WARNING: useCacheForAllThreads is true that may cause Netty to create a lot garbage objects and, as a result, trigger GC.
	It is recommended to disable useCacheForAllThreads by setting -Dorg.apache.ratis.thirdparty.io.netty.allocator.useCacheForAllThreads=false in command line.
2019-10-03 20:09:48,843 [main] INFO  grpc.GrpcConfigKeys$Server (ConfUtils.java:logGet(43)) - raft.grpc.server.port = 0 (default)
2019-10-03 20:09:48,843 [main] INFO  server.GrpcService (ConfUtils.java:logGet(43)) - raft.grpc.message.size.max = 33570816 (custom)
2019-10-03 20:09:48,843 [main] INFO  server.RaftServerConfigKeys (ConfUtils.java:logGet(43)) - raft.server.log.appender.buffer.byte-limit = 33554432 (custom)
2019-10-03 20:09:48,843 [main] INFO  server.GrpcService (ConfUtils.java:logGet(43)) - raft.grpc.flow.control.window = 1MB (=1048576) (default)
2019-10-03 20:09:48,844 [main] INFO  server.RaftServerConfigKeys (ConfUtils.java:logGet(43)) - raft.server.rpc.request.timeout = 3000ms (default)
2019-10-03 20:09:48,844 [main] INFO  server.RaftServerConfigKeys (ConfUtils.java:logGet(43)) - raft.server.storage.dir = [/workdir/hadoop-ozone/integration-test/target/test-dir/MiniOzoneClusterImpl-16e450bc-7d29-4cce-9510-730a56775e77/datanode-6/data/ratis] (custom)
2019-10-03 20:09:48,845 [main] INFO  hdfs.DFSUtil (DFSUtil.java:httpServerTemplateForNNAndJN(1641)) - Starting Web-server for hddsDatanode at: http://0.0.0.0:0
2019-10-03 20:09:48,847 [main] INFO  server.AuthenticationFilter (AuthenticationFilter.java:constructSecretProvider(240)) - Unable to initialize FileSignerSecretProvider, falling back to use random secrets.
2019-10-03 20:09:48,847 [main] WARN  http.HttpRequestLog (HttpRequestLog.java:getRequestLog(97)) - Jetty request log can only be enabled using Log4j
2019-10-03 20:09:48,849 [main] INFO  http.HttpServer2 (HttpServer2.java:addGlobalFilter(975)) - Added global filter 'safety' (class=org.apache.hadoop.http.HttpServer2$QuotingInputFilter)
2019-10-03 20:09:48,849 [main] INFO  http.HttpServer2 (HttpServer2.java:addFilter(948)) - Added filter static_user_filter (class=org.apache.hadoop.http.lib.StaticUserWebFilter$StaticUserFilter) to context hddsDatanode
2019-10-03 20:09:48,849 [main] INFO  http.HttpServer2 (HttpServer2.java:addFilter(958)) - Added filter static_user_filter (class=org.apache.hadoop.http.lib.StaticUserWebFilter$StaticUserFilter) to context logs
2019-10-03 20:09:48,850 [main] INFO  http.HttpServer2 (HttpServer2.java:addFilter(958)) - Added filter static_user_filter (class=org.apache.hadoop.http.lib.StaticUserWebFilter$StaticUserFilter) to context static
2019-10-03 20:09:48,850 [main] INFO  http.HttpServer2 (HttpServer2.java:bindListener(1191)) - Jetty bound to port 44292
2019-10-03 20:09:48,851 [main] INFO  server.Server (Server.java:doStart(351)) - jetty-9.3.25.v20180904, build timestamp: 2018-09-04T21:11:46Z, git hash: 3ce520221d0240229c862b122d2b06c12a625732
2019-10-03 20:09:48,852 [main] INFO  handler.ContextHandler (ContextHandler.java:doStart(781)) - Started o.e.j.s.ServletContextHandler@70f148dc{/logs,file:///workdir/hadoop-ozone/integration-test/target/log,AVAILABLE}
2019-10-03 20:09:48,853 [main] INFO  handler.ContextHandler (ContextHandler.java:doStart(781)) - Started o.e.j.s.ServletContextHandler@77aea{/static,jar:file:/home/user/.m2/repository/org/apache/hadoop/hadoop-hdds-container-service/0.5.0-SNAPSHOT/hadoop-hdds-container-service-0.5.0-SNAPSHOT.jar!/webapps/static,AVAILABLE}
2019-10-03 20:09:48,890 [main] INFO  handler.ContextHandler (ContextHandler.java:doStart(781)) - Started o.e.j.w.WebAppContext@5c1b89ac{/,file:///tmp/jetty-0.0.0.0-44292-hddsDatanode-_-any-8480802164285322270.dir/webapp/,AVAILABLE}{/hddsDatanode}
2019-10-03 20:09:48,891 [main] INFO  server.AbstractConnector (AbstractConnector.java:doStart(278)) - Started ServerConnector@40a1b6d4{HTTP/1.1,[http/1.1]}{0.0.0.0:44292}
2019-10-03 20:09:48,897 [main] INFO  server.Server (Server.java:doStart(419)) - Started @592907ms
2019-10-03 20:09:48,898 [main] WARN  impl.MetricsSystemImpl (MetricsSystemImpl.java:register(276)) - Sink prometheus already exists!
2019-10-03 20:09:48,899 [main] INFO  server.BaseHttpServer (BaseHttpServer.java:updateConnectorAddress(215)) - HTTP server of HDDSDATANODE is listening at http://0.0.0.0:44292
2019-10-03 20:09:48,899 [main] INFO  ozone.MiniOzoneClusterImpl (MiniOzoneClusterImpl.java:lambda$waitForClusterToBeReady$0(147)) - Waiting for cluster to be ready. Got 0 of 7 DN Heartbeats.
2019-10-03 20:09:48,900 [org.apache.hadoop.util.JvmPauseMonitor$Monitor@71182554] INFO  util.JvmPauseMonitor (JvmPauseMonitor.java:run(188)) - Starting JVM pause monitor
2019-10-03 20:09:48,901 [Datanode State Machine Thread - 0] INFO  datanode.InitDatanodeState (InitDatanodeState.java:persistContainerDatanodeDetails(140)) - DatanodeDetails is persisted to /workdir/hadoop-ozone/integration-test/target/test-dir/MiniOzoneClusterImpl-16e450bc-7d29-4cce-9510-730a56775e77/datanode-6/meta/datanode.id
2019-10-03 20:09:49,899 [main] INFO  ozone.MiniOzoneClusterImpl (MiniOzoneClusterImpl.java:lambda$waitForClusterToBeReady$0(147)) - Waiting for cluster to be ready. Got 0 of 7 DN Heartbeats.
2019-10-03 20:09:50,436 [Datanode State Machine Thread - 0] INFO  ozoneimpl.OzoneContainer (OzoneContainer.java:start(217)) - Attempting to start container services.
2019-10-03 20:09:50,436 [Datanode State Machine Thread - 0] INFO  ozoneimpl.OzoneContainer (OzoneContainer.java:startContainerScrub(179)) - Background container scanner has been disabled.
2019-10-03 20:09:50,437 [Datanode State Machine Thread - 0] INFO  ratis.XceiverServerRatis (XceiverServerRatis.java:start(417)) - Starting XceiverServerRatis ed0bf592-1575-4832-bc0c-c5d8f3dda61a at port 0
2019-10-03 20:09:50,442 [Datanode State Machine Thread - 0] INFO  impl.RaftServerProxy (RaftServerProxy.java:lambda$start$3(299)) - ed0bf592-1575-4832-bc0c-c5d8f3dda61a: start RPC server
2019-10-03 20:09:50,443 [Datanode State Machine Thread - 0] INFO  server.GrpcService (GrpcService.java:startImpl(158)) - ed0bf592-1575-4832-bc0c-c5d8f3dda61a: GrpcService started, listening on 0.0.0.0/0.0.0.0:40585
2019-10-03 20:09:50,443 [Datanode State Machine Thread - 0] INFO  ratis.XceiverServerRatis (XceiverServerRatis.java:start(427)) - XceiverServerRatis ed0bf592-1575-4832-bc0c-c5d8f3dda61a is started using port 40585
2019-10-03 20:09:50,443 [Datanode State Machine Thread - 0] INFO  server.XceiverServerGrpc (XceiverServerGrpc.java:start(149)) - XceiverServerGrpc ed0bf592-1575-4832-bc0c-c5d8f3dda61a is started using port 39378
2019-10-03 20:09:50,499 [Datanode State Machine Thread - 0] INFO  ozoneimpl.OzoneContainer (OzoneContainer.java:start(217)) - Attempting to start container services.
2019-10-03 20:09:50,500 [Datanode State Machine Thread - 0] INFO  ozoneimpl.OzoneContainer (OzoneContainer.java:startContainerScrub(179)) - Background container scanner has been disabled.
2019-10-03 20:09:50,500 [Datanode State Machine Thread - 0] INFO  ratis.XceiverServerRatis (XceiverServerRatis.java:start(417)) - Starting XceiverServerRatis e7718313-8120-41cd-8acc-e928bdef59c5 at port 0
2019-10-03 20:09:50,507 [Datanode State Machine Thread - 0] INFO  impl.RaftServerProxy (RaftServerProxy.java:lambda$start$3(299)) - e7718313-8120-41cd-8acc-e928bdef59c5: start RPC server
2019-10-03 20:09:50,508 [Datanode State Machine Thread - 0] INFO  server.GrpcService (GrpcService.java:startImpl(158)) - e7718313-8120-41cd-8acc-e928bdef59c5: GrpcService started, listening on 0.0.0.0/0.0.0.0:43413
2019-10-03 20:09:50,508 [Datanode State Machine Thread - 0] INFO  ratis.XceiverServerRatis (XceiverServerRatis.java:start(427)) - XceiverServerRatis e7718313-8120-41cd-8acc-e928bdef59c5 is started using port 43413
2019-10-03 20:09:50,509 [Datanode State Machine Thread - 0] INFO  server.XceiverServerGrpc (XceiverServerGrpc.java:start(149)) - XceiverServerGrpc e7718313-8120-41cd-8acc-e928bdef59c5 is started using port 37379
2019-10-03 20:09:50,606 [Datanode State Machine Thread - 0] INFO  ozoneimpl.OzoneContainer (OzoneContainer.java:start(217)) - Attempting to start container services.
2019-10-03 20:09:50,606 [Datanode State Machine Thread - 0] INFO  ozoneimpl.OzoneContainer (OzoneContainer.java:startContainerScrub(179)) - Background container scanner has been disabled.
2019-10-03 20:09:50,606 [Datanode State Machine Thread - 0] INFO  ratis.XceiverServerRatis (XceiverServerRatis.java:start(417)) - Starting XceiverServerRatis 4a355be9-49a6-46bb-9525-54ce14c2d0bc at port 0
2019-10-03 20:09:50,613 [Datanode State Machine Thread - 0] INFO  impl.RaftServerProxy (RaftServerProxy.java:lambda$start$3(299)) - 4a355be9-49a6-46bb-9525-54ce14c2d0bc: start RPC server
2019-10-03 20:09:50,616 [Datanode State Machine Thread - 0] INFO  server.GrpcService (GrpcService.java:startImpl(158)) - 4a355be9-49a6-46bb-9525-54ce14c2d0bc: GrpcService started, listening on 0.0.0.0/0.0.0.0:34819
2019-10-03 20:09:50,616 [Datanode State Machine Thread - 0] INFO  ratis.XceiverServerRatis (XceiverServerRatis.java:start(427)) - XceiverServerRatis 4a355be9-49a6-46bb-9525-54ce14c2d0bc is started using port 34819
2019-10-03 20:09:50,616 [Datanode State Machine Thread - 0] INFO  server.XceiverServerGrpc (XceiverServerGrpc.java:start(149)) - XceiverServerGrpc 4a355be9-49a6-46bb-9525-54ce14c2d0bc is started using port 40106
2019-10-03 20:09:50,657 [Datanode State Machine Thread - 0] INFO  ozoneimpl.OzoneContainer (OzoneContainer.java:start(217)) - Attempting to start container services.
2019-10-03 20:09:50,657 [Datanode State Machine Thread - 0] INFO  ozoneimpl.OzoneContainer (OzoneContainer.java:startContainerScrub(179)) - Background container scanner has been disabled.
2019-10-03 20:09:50,657 [Datanode State Machine Thread - 0] INFO  ratis.XceiverServerRatis (XceiverServerRatis.java:start(417)) - Starting XceiverServerRatis 2e253f7d-f237-4f64-bf0f-4e165c5afdc8 at port 0
2019-10-03 20:09:50,662 [Datanode State Machine Thread - 0] INFO  impl.RaftServerProxy (RaftServerProxy.java:lambda$start$3(299)) - 2e253f7d-f237-4f64-bf0f-4e165c5afdc8: start RPC server
2019-10-03 20:09:50,663 [Datanode State Machine Thread - 0] INFO  server.GrpcService (GrpcService.java:startImpl(158)) - 2e253f7d-f237-4f64-bf0f-4e165c5afdc8: GrpcService started, listening on 0.0.0.0/0.0.0.0:45089
2019-10-03 20:09:50,663 [Datanode State Machine Thread - 0] INFO  ratis.XceiverServerRatis (XceiverServerRatis.java:start(427)) - XceiverServerRatis 2e253f7d-f237-4f64-bf0f-4e165c5afdc8 is started using port 45089
2019-10-03 20:09:50,664 [Datanode State Machine Thread - 0] INFO  server.XceiverServerGrpc (XceiverServerGrpc.java:start(149)) - XceiverServerGrpc 2e253f7d-f237-4f64-bf0f-4e165c5afdc8 is started using port 34315
2019-10-03 20:09:50,750 [Datanode State Machine Thread - 0] INFO  ozoneimpl.OzoneContainer (OzoneContainer.java:start(217)) - Attempting to start container services.
2019-10-03 20:09:50,750 [Datanode State Machine Thread - 0] INFO  ozoneimpl.OzoneContainer (OzoneContainer.java:startContainerScrub(179)) - Background container scanner has been disabled.
2019-10-03 20:09:50,750 [Datanode State Machine Thread - 0] INFO  ratis.XceiverServerRatis (XceiverServerRatis.java:start(417)) - Starting XceiverServerRatis b6b7042a-ec65-4978-975f-2a155c42500f at port 0
2019-10-03 20:09:50,757 [Datanode State Machine Thread - 0] INFO  impl.RaftServerProxy (RaftServerProxy.java:lambda$start$3(299)) - b6b7042a-ec65-4978-975f-2a155c42500f: start RPC server
2019-10-03 20:09:50,760 [Datanode State Machine Thread - 0] INFO  server.GrpcService (GrpcService.java:startImpl(158)) - b6b7042a-ec65-4978-975f-2a155c42500f: GrpcService started, listening on 0.0.0.0/0.0.0.0:40160
2019-10-03 20:09:50,760 [Datanode State Machine Thread - 0] INFO  ratis.XceiverServerRatis (XceiverServerRatis.java:start(427)) - XceiverServerRatis b6b7042a-ec65-4978-975f-2a155c42500f is started using port 40160
2019-10-03 20:09:50,760 [Datanode State Machine Thread - 0] INFO  server.XceiverServerGrpc (XceiverServerGrpc.java:start(149)) - XceiverServerGrpc b6b7042a-ec65-4978-975f-2a155c42500f is started using port 46786
2019-10-03 20:09:50,843 [Datanode State Machine Thread - 0] INFO  ozoneimpl.OzoneContainer (OzoneContainer.java:start(217)) - Attempting to start container services.
2019-10-03 20:09:50,843 [Datanode State Machine Thread - 0] INFO  ozoneimpl.OzoneContainer (OzoneContainer.java:startContainerScrub(179)) - Background container scanner has been disabled.
2019-10-03 20:09:50,843 [Datanode State Machine Thread - 0] INFO  ratis.XceiverServerRatis (XceiverServerRatis.java:start(417)) - Starting XceiverServerRatis fcbae8df-a1ef-4d91-9a5c-ec2b900fec62 at port 0
2019-10-03 20:09:50,848 [Datanode State Machine Thread - 0] INFO  impl.RaftServerProxy (RaftServerProxy.java:lambda$start$3(299)) - fcbae8df-a1ef-4d91-9a5c-ec2b900fec62: start RPC server
2019-10-03 20:09:50,858 [Datanode State Machine Thread - 0] INFO  server.GrpcService (GrpcService.java:startImpl(158)) - fcbae8df-a1ef-4d91-9a5c-ec2b900fec62: GrpcService started, listening on 0.0.0.0/0.0.0.0:38678
2019-10-03 20:09:50,858 [Datanode State Machine Thread - 0] INFO  ratis.XceiverServerRatis (XceiverServerRatis.java:start(427)) - XceiverServerRatis fcbae8df-a1ef-4d91-9a5c-ec2b900fec62 is started using port 38678
2019-10-03 20:09:50,859 [Datanode State Machine Thread - 0] INFO  server.XceiverServerGrpc (XceiverServerGrpc.java:start(149)) - XceiverServerGrpc fcbae8df-a1ef-4d91-9a5c-ec2b900fec62 is started using port 35352
2019-10-03 20:09:50,900 [main] INFO  ozone.MiniOzoneClusterImpl (MiniOzoneClusterImpl.java:lambda$waitForClusterToBeReady$0(147)) - Waiting for cluster to be ready. Got 0 of 7 DN Heartbeats.
2019-10-03 20:09:50,926 [Datanode State Machine Thread - 0] INFO  ozoneimpl.OzoneContainer (OzoneContainer.java:start(217)) - Attempting to start container services.
2019-10-03 20:09:50,927 [Datanode State Machine Thread - 0] INFO  ozoneimpl.OzoneContainer (OzoneContainer.java:startContainerScrub(179)) - Background container scanner has been disabled.
2019-10-03 20:09:50,927 [Datanode State Machine Thread - 0] INFO  ratis.XceiverServerRatis (XceiverServerRatis.java:start(417)) - Starting XceiverServerRatis 6304382c-6a8e-48d1-8d6a-351f8b4f168f at port 0
2019-10-03 20:09:50,930 [Datanode State Machine Thread - 0] INFO  impl.RaftServerProxy (RaftServerProxy.java:lambda$start$3(299)) - 6304382c-6a8e-48d1-8d6a-351f8b4f168f: start RPC server
2019-10-03 20:09:50,933 [Datanode State Machine Thread - 0] INFO  server.GrpcService (GrpcService.java:startImpl(158)) - 6304382c-6a8e-48d1-8d6a-351f8b4f168f: GrpcService started, listening on 0.0.0.0/0.0.0.0:44479
2019-10-03 20:09:50,933 [Datanode State Machine Thread - 0] INFO  ratis.XceiverServerRatis (XceiverServerRatis.java:start(427)) - XceiverServerRatis 6304382c-6a8e-48d1-8d6a-351f8b4f168f is started using port 44479
2019-10-03 20:09:50,934 [Datanode State Machine Thread - 0] INFO  server.XceiverServerGrpc (XceiverServerGrpc.java:start(149)) - XceiverServerGrpc 6304382c-6a8e-48d1-8d6a-351f8b4f168f is started using port 42568
2019-10-03 20:09:51,900 [main] INFO  ozone.MiniOzoneClusterImpl (MiniOzoneClusterImpl.java:lambda$waitForClusterToBeReady$0(147)) - Waiting for cluster to be ready. Got 0 of 7 DN Heartbeats.
2019-10-03 20:09:52,411 [IPC Server handler 0 on 33439] INFO  net.NetworkTopology (NetworkTopologyImpl.java:add(111)) - Added a new node: /default-rack/ed0bf592-1575-4832-bc0c-c5d8f3dda61a
2019-10-03 20:09:52,412 [IPC Server handler 0 on 33439] INFO  node.SCMNodeManager (SCMNodeManager.java:register(266)) - Registered Data node : ed0bf592-1575-4832-bc0c-c5d8f3dda61a{ip: 192.168.30.7, host: pr-hdds-2230-vt4bl-2581040744, networkLocation: /default-rack, certSerialId: null}
2019-10-03 20:09:52,413 [EventQueue-NodeRegistrationContainerReportForDataNodeSafeModeRule] INFO  safemode.SCMSafeModeManager (DataNodeSafeModeRule.java:process(71)) - SCM in safe mode. 1 DataNodes registered, 1 required.
2019-10-03 20:09:52,415 [EventQueue-NodeRegistrationContainerReportForDataNodeSafeModeRule] INFO  safemode.SCMSafeModeManager (SCMSafeModeManager.java:validateSafeModeExitRules(177)) - ScmSafeModeManager, all rules are successfully validated
2019-10-03 20:09:52,415 [EventQueue-NodeRegistrationContainerReportForDataNodeSafeModeRule] INFO  safemode.SCMSafeModeManager (SCMSafeModeManager.java:exitSafeMode(193)) - SCM exiting safe mode.
2019-10-03 20:09:52,422 [grpc-default-executor-16] INFO  impl.RaftServerProxy (RaftServerProxy.java:addNew(89)) - ed0bf592-1575-4832-bc0c-c5d8f3dda61a: addNew group-7C7798B296FB:[ed0bf592-1575-4832-bc0c-c5d8f3dda61a:192.168.30.7:40585] returns group-7C7798B296FB:java.util.concurrent.CompletableFuture@682cabb[Not completed]
2019-10-03 20:09:52,424 [pool-409-thread-1] INFO  impl.RaftServerImpl (RaftServerImpl.java:<init>(95)) - ed0bf592-1575-4832-bc0c-c5d8f3dda61a: new RaftServerImpl for group-7C7798B296FB:[ed0bf592-1575-4832-bc0c-c5d8f3dda61a:192.168.30.7:40585] with ContainerStateMachine:uninitialized
2019-10-03 20:09:52,424 [pool-409-thread-1] INFO  server.RaftServerConfigKeys (ConfUtils.java:logGet(43)) - raft.server.rpc.timeout.min = 5s (custom)
2019-10-03 20:09:52,424 [pool-409-thread-1] INFO  server.RaftServerConfigKeys (ConfUtils.java:logGet(43)) - raft.server.rpc.timeout.max = 5200ms (custom)
2019-10-03 20:09:52,424 [pool-409-thread-1] INFO  server.RaftServerConfigKeys (ConfUtils.java:logGet(43)) - raft.server.rpcslowness.timeout = 120s (custom)
2019-10-03 20:09:52,424 [pool-409-thread-1] INFO  server.RaftServerConfigKeys (ConfUtils.java:logGet(43)) - raft.server.sleep.deviation.threshold = 300 (default)
2019-10-03 20:09:52,424 [pool-409-thread-1] INFO  server.RaftServerConfigKeys (ConfUtils.java:logGet(43)) - raft.server.log.appender.install.snapshot.enabled = false (custom)
2019-10-03 20:09:52,424 [pool-409-thread-1] INFO  impl.RaftServerImpl (ServerState.java:<init>(103)) - ed0bf592-1575-4832-bc0c-c5d8f3dda61a@group-7C7798B296FB: ConfigurationManager, init=-1: [ed0bf592-1575-4832-bc0c-c5d8f3dda61a:192.168.30.7:40585], old=null, confs=<EMPTY_MAP>
2019-10-03 20:09:52,424 [pool-409-thread-1] INFO  server.RaftServerConfigKeys (ConfUtils.java:logGet(43)) - raft.server.storage.dir = [/workdir/hadoop-ozone/integration-test/target/test-dir/MiniOzoneClusterImpl-16e450bc-7d29-4cce-9510-730a56775e77/datanode-0/data/ratis] (custom)
2019-10-03 20:09:52,425 [pool-409-thread-1] INFO  server.RaftServerConfigKeys (ConfUtils.java:logGet(43)) - raft.server.log.corruption.policy = EXCEPTION (default)
2019-10-03 20:09:52,425 [pool-409-thread-1] INFO  storage.RaftStorageDirectory (RaftStorageDirectory.java:analyzeStorage(246)) - The storage directory /workdir/hadoop-ozone/integration-test/target/test-dir/MiniOzoneClusterImpl-16e450bc-7d29-4cce-9510-730a56775e77/datanode-0/data/ratis/7432c1e3-7e90-4873-b7f9-7c7798b296fb does not exist. Creating ...
2019-10-03 20:09:52,447 [pool-409-thread-1] INFO  storage.RaftStorageDirectory (RaftStorageDirectory.java:tryLock(328)) - Lock on /workdir/hadoop-ozone/integration-test/target/test-dir/MiniOzoneClusterImpl-16e450bc-7d29-4cce-9510-730a56775e77/datanode-0/data/ratis/7432c1e3-7e90-4873-b7f9-7c7798b296fb/in_use.lock acquired by nodename 24992@pr-hdds-2230-vt4bl-2581040744
2019-10-03 20:09:52,473 [pool-409-thread-1] INFO  storage.RaftStorage (RaftStorage.java:format(84)) - Storage directory /workdir/hadoop-ozone/integration-test/target/test-dir/MiniOzoneClusterImpl-16e450bc-7d29-4cce-9510-730a56775e77/datanode-0/data/ratis/7432c1e3-7e90-4873-b7f9-7c7798b296fb has been successfully formatted.
2019-10-03 20:09:52,473 [IPC Server handler 1 on 33439] INFO  net.NetworkTopology (NetworkTopologyImpl.java:add(111)) - Added a new node: /default-rack/e7718313-8120-41cd-8acc-e928bdef59c5
2019-10-03 20:09:52,473 [pool-409-thread-1] INFO  ratis.ContainerStateMachine (ContainerStateMachine.java:loadSnapshot(230)) - group-7C7798B296FB: The snapshot info is null. Setting the last applied indexto:(t:0, i:~)
2019-10-03 20:09:52,473 [IPC Server handler 1 on 33439] INFO  node.SCMNodeManager (SCMNodeManager.java:register(266)) - Registered Data node : e7718313-8120-41cd-8acc-e928bdef59c5{ip: 192.168.30.7, host: pr-hdds-2230-vt4bl-2581040744, networkLocation: /default-rack, certSerialId: null}
2019-10-03 20:09:52,473 [pool-409-thread-1] INFO  server.RaftServerConfigKeys (ConfUtils.java:logGet(43)) - raft.server.notification.no-leader.timeout = 120s (custom)
2019-10-03 20:09:52,474 [pool-409-thread-1] INFO  server.RaftServerConfigKeys (ConfUtils.java:logGet(43)) - raft.server.log.use.memory = false (default)
2019-10-03 20:09:52,474 [pool-409-thread-1] INFO  server.RaftServerConfigKeys (ConfUtils.java:logGet(43)) - raft.server.log.purge.gap = 1000000 (custom)
2019-10-03 20:09:52,474 [pool-409-thread-1] INFO  server.RaftServerConfigKeys (ConfUtils.java:logGet(43)) - raft.server.log.appender.buffer.byte-limit = 33554432 (custom)
2019-10-03 20:09:52,474 [pool-409-thread-1] INFO  server.RaftServerConfigKeys (ConfUtils.java:logGet(43)) - raft.server.log.segment.size.max = 1048576 (custom)
2019-10-03 20:09:52,475 [pool-409-thread-1] INFO  server.RaftServerConfigKeys (ConfUtils.java:logGet(43)) - raft.server.log.segment.cache.num.max = 2 (custom)
2019-10-03 20:09:52,475 [pool-409-thread-1] INFO  segmented.SegmentedRaftLogWorker (SegmentedRaftLogWorker.java:<init>(173)) - new ed0bf592-1575-4832-bc0c-c5d8f3dda61a@group-7C7798B296FB-SegmentedRaftLogWorker for RaftStorage:Storage Directory /workdir/hadoop-ozone/integration-test/target/test-dir/MiniOzoneClusterImpl-16e450bc-7d29-4cce-9510-730a56775e77/datanode-0/data/ratis/7432c1e3-7e90-4873-b7f9-7c7798b296fb
2019-10-03 20:09:52,475 [pool-409-thread-1] INFO  server.RaftServerConfigKeys (ConfUtils.java:logGet(43)) - raft.server.log.queue.byte-limit = 2147483647 (custom)
2019-10-03 20:09:52,476 [pool-409-thread-1] INFO  server.RaftServerConfigKeys (ConfUtils.java:logGet(43)) - raft.server.log.queue.element-limit = 1024 (custom)
2019-10-03 20:09:52,476 [pool-409-thread-1] INFO  server.RaftServerConfigKeys (ConfUtils.java:logGet(43)) - raft.server.log.segment.size.max = 1048576 (custom)
2019-10-03 20:09:52,476 [pool-409-thread-1] INFO  server.RaftServerConfigKeys (ConfUtils.java:logGet(43)) - raft.server.log.preallocated.size = 16384 (custom)
2019-10-03 20:09:52,476 [pool-409-thread-1] INFO  server.RaftServerConfigKeys (ConfUtils.java:logGet(43)) - raft.server.log.write.buffer.size = 33554432 (custom)
2019-10-03 20:09:52,476 [pool-409-thread-1] INFO  server.RaftServerConfigKeys (ConfUtils.java:logGet(43)) - raft.server.log.force.sync.num = 128 (default)
2019-10-03 20:09:52,476 [pool-409-thread-1] INFO  server.RaftServerConfigKeys (ConfUtils.java:logGet(43)) - raft.server.log.statemachine.data.sync = true (default)
2019-10-03 20:09:52,476 [pool-409-thread-1] INFO  server.RaftServerConfigKeys (ConfUtils.java:logGet(43)) - raft.server.log.statemachine.data.sync.timeout = 10s (default)
2019-10-03 20:09:52,476 [pool-409-thread-1] INFO  server.RaftServerConfigKeys (ConfUtils.java:logGet(43)) - raft.server.log.statemachine.data.sync.timeout.retry = -1 (default)
2019-10-03 20:09:52,476 [pool-409-thread-1] INFO  server.RaftServerConfigKeys (ConfUtils.java:logGet(43)) - raft.server.log.statemachine.data.caching.enabled = true (custom)
2019-10-03 20:09:52,477 [pool-409-thread-1] INFO  segmented.SegmentedRaftLogWorker (SegmentedRaftLogWorker.java:lambda$new$0(128)) - ed0bf592-1575-4832-bc0c-c5d8f3dda61a@group-7C7798B296FB-SegmentedRaftLogWorker: flushIndex: setUnconditionally 0 -> -1
2019-10-03 20:09:52,477 [pool-409-thread-1] INFO  server.RaftServerConfigKeys (ConfUtils.java:logGet(43)) - raft.server.snapshot.auto.trigger.enabled = true (custom)
2019-10-03 20:09:52,477 [pool-409-thread-1] INFO  server.RaftServerConfigKeys (ConfUtils.java:logGet(43)) - raft.server.snapshot.auto.trigger.threshold = 10000 (custom)
2019-10-03 20:09:52,477 [pool-409-thread-1] INFO  server.RaftServerConfigKeys (ConfUtils.java:logGet(43)) - raft.server.snapshot.retention.file.num = 5 (custom)
2019-10-03 20:09:52,477 [pool-409-thread-1] INFO  server.RaftServerConfigKeys (ConfUtils.java:logGet(43)) - raft.server.retrycache.expirytime = 600000ms (custom)
2019-10-03 20:09:52,478 [pool-409-thread-1] INFO  impl.RaftServerImpl (RaftServerImpl.java:start(181)) - ed0bf592-1575-4832-bc0c-c5d8f3dda61a@group-7C7798B296FB: start as a follower, conf=-1: [ed0bf592-1575-4832-bc0c-c5d8f3dda61a:192.168.30.7:40585], old=null
2019-10-03 20:09:52,478 [pool-409-thread-1] INFO  impl.RaftServerImpl (RaftServerImpl.java:setRole(170)) - ed0bf592-1575-4832-bc0c-c5d8f3dda61a@group-7C7798B296FB: changes role from      null to FOLLOWER at term 0 for startAsFollower
2019-10-03 20:09:52,478 [pool-409-thread-1] INFO  impl.RoleInfo (RoleInfo.java:updateAndGet(143)) - ed0bf592-1575-4832-bc0c-c5d8f3dda61a: start FollowerState
2019-10-03 20:09:52,479 [pool-409-thread-1] INFO  util.JmxRegister (JmxRegister.java:tryRegister(44)) - Successfully registered JMX Bean with object name Ratis:service=RaftServer,group=group-7C7798B296FB,id=ed0bf592-1575-4832-bc0c-c5d8f3dda61a
2019-10-03 20:09:52,482 [RatisPipelineUtilsThread] INFO  pipeline.PipelineStateManager (PipelineStateManager.java:addPipeline(56)) - Created pipeline Pipeline[ Id: 7432c1e3-7e90-4873-b7f9-7c7798b296fb, Nodes: ed0bf592-1575-4832-bc0c-c5d8f3dda61a{ip: 192.168.30.7, host: pr-hdds-2230-vt4bl-2581040744, networkLocation: /default-rack, certSerialId: null}, Type:RATIS, Factor:ONE, State:OPEN]
2019-10-03 20:09:52,488 [grpc-default-executor-16] INFO  impl.RaftServerProxy (RaftServerProxy.java:addNew(89)) - e7718313-8120-41cd-8acc-e928bdef59c5: addNew group-4851F9F6068F:[e7718313-8120-41cd-8acc-e928bdef59c5:192.168.30.7:43413] returns group-4851F9F6068F:java.util.concurrent.CompletableFuture@6991818b[Not completed]
2019-10-03 20:09:52,489 [pool-419-thread-1] INFO  impl.RaftServerImpl (RaftServerImpl.java:<init>(95)) - e7718313-8120-41cd-8acc-e928bdef59c5: new RaftServerImpl for group-4851F9F6068F:[e7718313-8120-41cd-8acc-e928bdef59c5:192.168.30.7:43413] with ContainerStateMachine:uninitialized
2019-10-03 20:09:52,489 [pool-419-thread-1] INFO  server.RaftServerConfigKeys (ConfUtils.java:logGet(43)) - raft.server.rpc.timeout.min = 5s (custom)
2019-10-03 20:09:52,490 [pool-419-thread-1] INFO  server.RaftServerConfigKeys (ConfUtils.java:logGet(43)) - raft.server.rpc.timeout.max = 5200ms (custom)
2019-10-03 20:09:52,490 [pool-419-thread-1] INFO  server.RaftServerConfigKeys (ConfUtils.java:logGet(43)) - raft.server.rpcslowness.timeout = 120s (custom)
2019-10-03 20:09:52,490 [pool-419-thread-1] INFO  server.RaftServerConfigKeys (ConfUtils.java:logGet(43)) - raft.server.sleep.deviation.threshold = 300 (default)
2019-10-03 20:09:52,490 [pool-419-thread-1] INFO  server.RaftServerConfigKeys (ConfUtils.java:logGet(43)) - raft.server.log.appender.install.snapshot.enabled = false (custom)
2019-10-03 20:09:52,490 [pool-419-thread-1] INFO  impl.RaftServerImpl (ServerState.java:<init>(103)) - e7718313-8120-41cd-8acc-e928bdef59c5@group-4851F9F6068F: ConfigurationManager, init=-1: [e7718313-8120-41cd-8acc-e928bdef59c5:192.168.30.7:43413], old=null, confs=<EMPTY_MAP>
2019-10-03 20:09:52,490 [pool-419-thread-1] INFO  server.RaftServerConfigKeys (ConfUtils.java:logGet(43)) - raft.server.storage.dir = [/workdir/hadoop-ozone/integration-test/target/test-dir/MiniOzoneClusterImpl-16e450bc-7d29-4cce-9510-730a56775e77/datanode-1/data/ratis] (custom)
2019-10-03 20:09:52,490 [pool-419-thread-1] INFO  server.RaftServerConfigKeys (ConfUtils.java:logGet(43)) - raft.server.log.corruption.policy = EXCEPTION (default)
2019-10-03 20:09:52,490 [pool-419-thread-1] INFO  storage.RaftStorageDirectory (RaftStorageDirectory.java:analyzeStorage(246)) - The storage directory /workdir/hadoop-ozone/integration-test/target/test-dir/MiniOzoneClusterImpl-16e450bc-7d29-4cce-9510-730a56775e77/datanode-1/data/ratis/9fb6b714-cefe-4d78-b349-4851f9f6068f does not exist. Creating ...
2019-10-03 20:09:52,515 [pool-419-thread-1] INFO  storage.RaftStorageDirectory (RaftStorageDirectory.java:tryLock(328)) - Lock on /workdir/hadoop-ozone/integration-test/target/test-dir/MiniOzoneClusterImpl-16e450bc-7d29-4cce-9510-730a56775e77/datanode-1/data/ratis/9fb6b714-cefe-4d78-b349-4851f9f6068f/in_use.lock acquired by nodename 24992@pr-hdds-2230-vt4bl-2581040744
2019-10-03 20:09:52,541 [pool-419-thread-1] INFO  storage.RaftStorage (RaftStorage.java:format(84)) - Storage directory /workdir/hadoop-ozone/integration-test/target/test-dir/MiniOzoneClusterImpl-16e450bc-7d29-4cce-9510-730a56775e77/datanode-1/data/ratis/9fb6b714-cefe-4d78-b349-4851f9f6068f has been successfully formatted.
2019-10-03 20:09:52,541 [pool-419-thread-1] INFO  ratis.ContainerStateMachine (ContainerStateMachine.java:loadSnapshot(230)) - group-4851F9F6068F: The snapshot info is null. Setting the last applied indexto:(t:0, i:~)
2019-10-03 20:09:52,541 [pool-419-thread-1] INFO  server.RaftServerConfigKeys (ConfUtils.java:logGet(43)) - raft.server.notification.no-leader.timeout = 120s (custom)
2019-10-03 20:09:52,541 [pool-419-thread-1] INFO  server.RaftServerConfigKeys (ConfUtils.java:logGet(43)) - raft.server.log.use.memory = false (default)
2019-10-03 20:09:52,541 [pool-419-thread-1] INFO  server.RaftServerConfigKeys (ConfUtils.java:logGet(43)) - raft.server.log.purge.gap = 1000000 (custom)
2019-10-03 20:09:52,541 [pool-419-thread-1] INFO  server.RaftServerConfigKeys (ConfUtils.java:logGet(43)) - raft.server.log.appender.buffer.byte-limit = 33554432 (custom)
2019-10-03 20:09:52,542 [pool-419-thread-1] INFO  server.RaftServerConfigKeys (ConfUtils.java:logGet(43)) - raft.server.log.segment.size.max = 1048576 (custom)
2019-10-03 20:09:52,543 [pool-419-thread-1] INFO  server.RaftServerConfigKeys (ConfUtils.java:logGet(43)) - raft.server.log.segment.cache.num.max = 2 (custom)
2019-10-03 20:09:52,543 [pool-419-thread-1] INFO  segmented.SegmentedRaftLogWorker (SegmentedRaftLogWorker.java:<init>(173)) - new e7718313-8120-41cd-8acc-e928bdef59c5@group-4851F9F6068F-SegmentedRaftLogWorker for RaftStorage:Storage Directory /workdir/hadoop-ozone/integration-test/target/test-dir/MiniOzoneClusterImpl-16e450bc-7d29-4cce-9510-730a56775e77/datanode-1/data/ratis/9fb6b714-cefe-4d78-b349-4851f9f6068f
2019-10-03 20:09:52,543 [pool-419-thread-1] INFO  server.RaftServerConfigKeys (ConfUtils.java:logGet(43)) - raft.server.log.queue.byte-limit = 2147483647 (custom)
2019-10-03 20:09:52,543 [pool-419-thread-1] INFO  server.RaftServerConfigKeys (ConfUtils.java:logGet(43)) - raft.server.log.queue.element-limit = 1024 (custom)
2019-10-03 20:09:52,543 [pool-419-thread-1] INFO  server.RaftServerConfigKeys (ConfUtils.java:logGet(43)) - raft.server.log.segment.size.max = 1048576 (custom)
2019-10-03 20:09:52,543 [pool-419-thread-1] INFO  server.RaftServerConfigKeys (ConfUtils.java:logGet(43)) - raft.server.log.preallocated.size = 16384 (custom)
2019-10-03 20:09:52,543 [pool-419-thread-1] INFO  server.RaftServerConfigKeys (ConfUtils.java:logGet(43)) - raft.server.log.write.buffer.size = 33554432 (custom)
2019-10-03 20:09:52,543 [pool-419-thread-1] INFO  server.RaftServerConfigKeys (ConfUtils.java:logGet(43)) - raft.server.log.force.sync.num = 128 (default)
2019-10-03 20:09:52,543 [pool-419-thread-1] INFO  server.RaftServerConfigKeys (ConfUtils.java:logGet(43)) - raft.server.log.statemachine.data.sync = true (default)
2019-10-03 20:09:52,543 [pool-419-thread-1] INFO  server.RaftServerConfigKeys (ConfUtils.java:logGet(43)) - raft.server.log.statemachine.data.sync.timeout = 10s (default)
2019-10-03 20:09:52,544 [pool-419-thread-1] INFO  server.RaftServerConfigKeys (ConfUtils.java:logGet(43)) - raft.server.log.statemachine.data.sync.timeout.retry = -1 (default)
2019-10-03 20:09:52,544 [pool-419-thread-1] INFO  server.RaftServerConfigKeys (ConfUtils.java:logGet(43)) - raft.server.log.statemachine.data.caching.enabled = true (custom)
2019-10-03 20:09:52,550 [pool-419-thread-1] INFO  segmented.SegmentedRaftLogWorker (SegmentedRaftLogWorker.java:lambda$new$0(128)) - e7718313-8120-41cd-8acc-e928bdef59c5@group-4851F9F6068F-SegmentedRaftLogWorker: flushIndex: setUnconditionally 0 -> -1
2019-10-03 20:09:52,550 [pool-419-thread-1] INFO  server.RaftServerConfigKeys (ConfUtils.java:logGet(43)) - raft.server.snapshot.auto.trigger.enabled = true (custom)
2019-10-03 20:09:52,550 [pool-419-thread-1] INFO  server.RaftServerConfigKeys (ConfUtils.java:logGet(43)) - raft.server.snapshot.auto.trigger.threshold = 10000 (custom)
2019-10-03 20:09:52,550 [pool-419-thread-1] INFO  server.RaftServerConfigKeys (ConfUtils.java:logGet(43)) - raft.server.snapshot.retention.file.num = 5 (custom)
2019-10-03 20:09:52,550 [pool-419-thread-1] INFO  server.RaftServerConfigKeys (ConfUtils.java:logGet(43)) - raft.server.retrycache.expirytime = 600000ms (custom)
2019-10-03 20:09:52,551 [pool-419-thread-1] INFO  impl.RaftServerImpl (RaftServerImpl.java:start(181)) - e7718313-8120-41cd-8acc-e928bdef59c5@group-4851F9F6068F: start as a follower, conf=-1: [e7718313-8120-41cd-8acc-e928bdef59c5:192.168.30.7:43413], old=null
2019-10-03 20:09:52,551 [pool-419-thread-1] INFO  impl.RaftServerImpl (RaftServerImpl.java:setRole(170)) - e7718313-8120-41cd-8acc-e928bdef59c5@group-4851F9F6068F: changes role from      null to FOLLOWER at term 0 for startAsFollower
2019-10-03 20:09:52,551 [pool-419-thread-1] INFO  impl.RoleInfo (RoleInfo.java:updateAndGet(143)) - e7718313-8120-41cd-8acc-e928bdef59c5: start FollowerState
2019-10-03 20:09:52,552 [pool-419-thread-1] INFO  util.JmxRegister (JmxRegister.java:tryRegister(44)) - Successfully registered JMX Bean with object name Ratis:service=RaftServer,group=group-4851F9F6068F,id=e7718313-8120-41cd-8acc-e928bdef59c5
2019-10-03 20:09:52,555 [RatisPipelineUtilsThread] INFO  pipeline.PipelineStateManager (PipelineStateManager.java:addPipeline(56)) - Created pipeline Pipeline[ Id: 9fb6b714-cefe-4d78-b349-4851f9f6068f, Nodes: e7718313-8120-41cd-8acc-e928bdef59c5{ip: 192.168.30.7, host: pr-hdds-2230-vt4bl-2581040744, networkLocation: /default-rack, certSerialId: null}, Type:RATIS, Factor:ONE, State:OPEN]
2019-10-03 20:09:52,564 [IPC Server handler 3 on 33439] INFO  net.NetworkTopology (NetworkTopologyImpl.java:add(111)) - Added a new node: /default-rack/4a355be9-49a6-46bb-9525-54ce14c2d0bc
2019-10-03 20:09:52,564 [IPC Server handler 3 on 33439] INFO  node.SCMNodeManager (SCMNodeManager.java:register(266)) - Registered Data node : 4a355be9-49a6-46bb-9525-54ce14c2d0bc{ip: 192.168.30.7, host: pr-hdds-2230-vt4bl-2581040744, networkLocation: /default-rack, certSerialId: null}
2019-10-03 20:09:52,568 [grpc-default-executor-16] INFO  impl.RaftServerProxy (RaftServerProxy.java:addNew(89)) - 4a355be9-49a6-46bb-9525-54ce14c2d0bc: addNew group-2C5F1D57B3F1:[4a355be9-49a6-46bb-9525-54ce14c2d0bc:192.168.30.7:34819] returns group-2C5F1D57B3F1:java.util.concurrent.CompletableFuture@bf22f2f[Not completed]
2019-10-03 20:09:52,570 [pool-429-thread-1] INFO  impl.RaftServerImpl (RaftServerImpl.java:<init>(95)) - 4a355be9-49a6-46bb-9525-54ce14c2d0bc: new RaftServerImpl for group-2C5F1D57B3F1:[4a355be9-49a6-46bb-9525-54ce14c2d0bc:192.168.30.7:34819] with ContainerStateMachine:uninitialized
2019-10-03 20:09:52,570 [pool-429-thread-1] INFO  server.RaftServerConfigKeys (ConfUtils.java:logGet(43)) - raft.server.rpc.timeout.min = 5s (custom)
2019-10-03 20:09:52,570 [pool-429-thread-1] INFO  server.RaftServerConfigKeys (ConfUtils.java:logGet(43)) - raft.server.rpc.timeout.max = 5200ms (custom)
2019-10-03 20:09:52,570 [pool-429-thread-1] INFO  server.RaftServerConfigKeys (ConfUtils.java:logGet(43)) - raft.server.rpcslowness.timeout = 120s (custom)
2019-10-03 20:09:52,570 [pool-429-thread-1] INFO  server.RaftServerConfigKeys (ConfUtils.java:logGet(43)) - raft.server.sleep.deviation.threshold = 300 (default)
2019-10-03 20:09:52,570 [pool-429-thread-1] INFO  server.RaftServerConfigKeys (ConfUtils.java:logGet(43)) - raft.server.log.appender.install.snapshot.enabled = false (custom)
2019-10-03 20:09:52,570 [pool-429-thread-1] INFO  impl.RaftServerImpl (ServerState.java:<init>(103)) - 4a355be9-49a6-46bb-9525-54ce14c2d0bc@group-2C5F1D57B3F1: ConfigurationManager, init=-1: [4a355be9-49a6-46bb-9525-54ce14c2d0bc:192.168.30.7:34819], old=null, confs=<EMPTY_MAP>
2019-10-03 20:09:52,570 [pool-429-thread-1] INFO  server.RaftServerConfigKeys (ConfUtils.java:logGet(43)) - raft.server.storage.dir = [/workdir/hadoop-ozone/integration-test/target/test-dir/MiniOzoneClusterImpl-16e450bc-7d29-4cce-9510-730a56775e77/datanode-2/data/ratis] (custom)
2019-10-03 20:09:52,571 [pool-429-thread-1] INFO  server.RaftServerConfigKeys (ConfUtils.java:logGet(43)) - raft.server.log.corruption.policy = EXCEPTION (default)
2019-10-03 20:09:52,571 [pool-429-thread-1] INFO  storage.RaftStorageDirectory (RaftStorageDirectory.java:analyzeStorage(246)) - The storage directory /workdir/hadoop-ozone/integration-test/target/test-dir/MiniOzoneClusterImpl-16e450bc-7d29-4cce-9510-730a56775e77/datanode-2/data/ratis/2f3bed5f-5d4d-468c-ac7f-2c5f1d57b3f1 does not exist. Creating ...
2019-10-03 20:09:52,626 [pool-429-thread-1] INFO  storage.RaftStorageDirectory (RaftStorageDirectory.java:tryLock(328)) - Lock on /workdir/hadoop-ozone/integration-test/target/test-dir/MiniOzoneClusterImpl-16e450bc-7d29-4cce-9510-730a56775e77/datanode-2/data/ratis/2f3bed5f-5d4d-468c-ac7f-2c5f1d57b3f1/in_use.lock acquired by nodename 24992@pr-hdds-2230-vt4bl-2581040744
2019-10-03 20:09:52,640 [IPC Server handler 4 on 33439] INFO  net.NetworkTopology (NetworkTopologyImpl.java:add(111)) - Added a new node: /default-rack/2e253f7d-f237-4f64-bf0f-4e165c5afdc8
2019-10-03 20:09:52,640 [IPC Server handler 4 on 33439] INFO  node.SCMNodeManager (SCMNodeManager.java:register(266)) - Registered Data node : 2e253f7d-f237-4f64-bf0f-4e165c5afdc8{ip: 192.168.30.7, host: pr-hdds-2230-vt4bl-2581040744, networkLocation: /default-rack, certSerialId: null}
2019-10-03 20:09:52,668 [pool-429-thread-1] INFO  storage.RaftStorage (RaftStorage.java:format(84)) - Storage directory /workdir/hadoop-ozone/integration-test/target/test-dir/MiniOzoneClusterImpl-16e450bc-7d29-4cce-9510-730a56775e77/datanode-2/data/ratis/2f3bed5f-5d4d-468c-ac7f-2c5f1d57b3f1 has been successfully formatted.
2019-10-03 20:09:52,668 [pool-429-thread-1] INFO  ratis.ContainerStateMachine (ContainerStateMachine.java:loadSnapshot(230)) - group-2C5F1D57B3F1: The snapshot info is null. Setting the last applied indexto:(t:0, i:~)
2019-10-03 20:09:52,669 [pool-429-thread-1] INFO  server.RaftServerConfigKeys (ConfUtils.java:logGet(43)) - raft.server.notification.no-leader.timeout = 120s (custom)
2019-10-03 20:09:52,669 [pool-429-thread-1] INFO  server.RaftServerConfigKeys (ConfUtils.java:logGet(43)) - raft.server.log.use.memory = false (default)
2019-10-03 20:09:52,669 [pool-429-thread-1] INFO  server.RaftServerConfigKeys (ConfUtils.java:logGet(43)) - raft.server.log.purge.gap = 1000000 (custom)
2019-10-03 20:09:52,669 [pool-429-thread-1] INFO  server.RaftServerConfigKeys (ConfUtils.java:logGet(43)) - raft.server.log.appender.buffer.byte-limit = 33554432 (custom)
2019-10-03 20:09:52,669 [pool-429-thread-1] INFO  server.RaftServerConfigKeys (ConfUtils.java:logGet(43)) - raft.server.log.segment.size.max = 1048576 (custom)
2019-10-03 20:09:52,671 [pool-429-thread-1] INFO  server.RaftServerConfigKeys (ConfUtils.java:logGet(43)) - raft.server.log.segment.cache.num.max = 2 (custom)
2019-10-03 20:09:52,671 [pool-429-thread-1] INFO  segmented.SegmentedRaftLogWorker (SegmentedRaftLogWorker.java:<init>(173)) - new 4a355be9-49a6-46bb-9525-54ce14c2d0bc@group-2C5F1D57B3F1-SegmentedRaftLogWorker for RaftStorage:Storage Directory /workdir/hadoop-ozone/integration-test/target/test-dir/MiniOzoneClusterImpl-16e450bc-7d29-4cce-9510-730a56775e77/datanode-2/data/ratis/2f3bed5f-5d4d-468c-ac7f-2c5f1d57b3f1
2019-10-03 20:09:52,671 [pool-429-thread-1] INFO  server.RaftServerConfigKeys (ConfUtils.java:logGet(43)) - raft.server.log.queue.byte-limit = 2147483647 (custom)
2019-10-03 20:09:52,671 [pool-429-thread-1] INFO  server.RaftServerConfigKeys (ConfUtils.java:logGet(43)) - raft.server.log.queue.element-limit = 1024 (custom)
2019-10-03 20:09:52,672 [pool-429-thread-1] INFO  server.RaftServerConfigKeys (ConfUtils.java:logGet(43)) - raft.server.log.segment.size.max = 1048576 (custom)
2019-10-03 20:09:52,672 [pool-429-thread-1] INFO  server.RaftServerConfigKeys (ConfUtils.java:logGet(43)) - raft.server.log.preallocated.size = 16384 (custom)
2019-10-03 20:09:52,672 [pool-429-thread-1] INFO  server.RaftServerConfigKeys (ConfUtils.java:logGet(43)) - raft.server.log.write.buffer.size = 33554432 (custom)
2019-10-03 20:09:52,672 [pool-429-thread-1] INFO  server.RaftServerConfigKeys (ConfUtils.java:logGet(43)) - raft.server.log.force.sync.num = 128 (default)
2019-10-03 20:09:52,672 [pool-429-thread-1] INFO  server.RaftServerConfigKeys (ConfUtils.java:logGet(43)) - raft.server.log.statemachine.data.sync = true (default)
2019-10-03 20:09:52,672 [pool-429-thread-1] INFO  server.RaftServerConfigKeys (ConfUtils.java:logGet(43)) - raft.server.log.statemachine.data.sync.timeout = 10s (default)
2019-10-03 20:09:52,672 [pool-429-thread-1] INFO  server.RaftServerConfigKeys (ConfUtils.java:logGet(43)) - raft.server.log.statemachine.data.sync.timeout.retry = -1 (default)
2019-10-03 20:09:52,673 [pool-429-thread-1] INFO  server.RaftServerConfigKeys (ConfUtils.java:logGet(43)) - raft.server.log.statemachine.data.caching.enabled = true (custom)
2019-10-03 20:09:52,673 [pool-429-thread-1] INFO  segmented.SegmentedRaftLogWorker (SegmentedRaftLogWorker.java:lambda$new$0(128)) - 4a355be9-49a6-46bb-9525-54ce14c2d0bc@group-2C5F1D57B3F1-SegmentedRaftLogWorker: flushIndex: setUnconditionally 0 -> -1
2019-10-03 20:09:52,673 [pool-429-thread-1] INFO  server.RaftServerConfigKeys (ConfUtils.java:logGet(43)) - raft.server.snapshot.auto.trigger.enabled = true (custom)
2019-10-03 20:09:52,674 [pool-429-thread-1] INFO  server.RaftServerConfigKeys (ConfUtils.java:logGet(43)) - raft.server.snapshot.auto.trigger.threshold = 10000 (custom)
2019-10-03 20:09:52,674 [pool-429-thread-1] INFO  server.RaftServerConfigKeys (ConfUtils.java:logGet(43)) - raft.server.snapshot.retention.file.num = 5 (custom)
2019-10-03 20:09:52,674 [pool-429-thread-1] INFO  server.RaftServerConfigKeys (ConfUtils.java:logGet(43)) - raft.server.retrycache.expirytime = 600000ms (custom)
2019-10-03 20:09:52,676 [pool-429-thread-1] INFO  impl.RaftServerImpl (RaftServerImpl.java:start(181)) - 4a355be9-49a6-46bb-9525-54ce14c2d0bc@group-2C5F1D57B3F1: start as a follower, conf=-1: [4a355be9-49a6-46bb-9525-54ce14c2d0bc:192.168.30.7:34819], old=null
2019-10-03 20:09:52,676 [pool-429-thread-1] INFO  impl.RaftServerImpl (RaftServerImpl.java:setRole(170)) - 4a355be9-49a6-46bb-9525-54ce14c2d0bc@group-2C5F1D57B3F1: changes role from      null to FOLLOWER at term 0 for startAsFollower
2019-10-03 20:09:52,676 [pool-429-thread-1] INFO  impl.RoleInfo (RoleInfo.java:updateAndGet(143)) - 4a355be9-49a6-46bb-9525-54ce14c2d0bc: start FollowerState
2019-10-03 20:09:52,676 [pool-429-thread-1] INFO  util.JmxRegister (JmxRegister.java:tryRegister(44)) - Successfully registered JMX Bean with object name Ratis:service=RaftServer,group=group-2C5F1D57B3F1,id=4a355be9-49a6-46bb-9525-54ce14c2d0bc
2019-10-03 20:09:52,680 [RatisPipelineUtilsThread] INFO  pipeline.PipelineStateManager (PipelineStateManager.java:addPipeline(56)) - Created pipeline Pipeline[ Id: 2f3bed5f-5d4d-468c-ac7f-2c5f1d57b3f1, Nodes: 4a355be9-49a6-46bb-9525-54ce14c2d0bc{ip: 192.168.30.7, host: pr-hdds-2230-vt4bl-2581040744, networkLocation: /default-rack, certSerialId: null}, Type:RATIS, Factor:ONE, State:OPEN]
2019-10-03 20:09:52,687 [grpc-default-executor-16] INFO  impl.RaftServerProxy (RaftServerProxy.java:addNew(89)) - 2e253f7d-f237-4f64-bf0f-4e165c5afdc8: addNew group-E7335A3E44D4:[2e253f7d-f237-4f64-bf0f-4e165c5afdc8:192.168.30.7:45089] returns group-E7335A3E44D4:java.util.concurrent.CompletableFuture@5fd0a60d[Not completed]
2019-10-03 20:09:52,689 [pool-439-thread-1] INFO  impl.RaftServerImpl (RaftServerImpl.java:<init>(95)) - 2e253f7d-f237-4f64-bf0f-4e165c5afdc8: new RaftServerImpl for group-E7335A3E44D4:[2e253f7d-f237-4f64-bf0f-4e165c5afdc8:192.168.30.7:45089] with ContainerStateMachine:uninitialized
2019-10-03 20:09:52,689 [pool-439-thread-1] INFO  server.RaftServerConfigKeys (ConfUtils.java:logGet(43)) - raft.server.rpc.timeout.min = 5s (custom)
2019-10-03 20:09:52,689 [pool-439-thread-1] INFO  server.RaftServerConfigKeys (ConfUtils.java:logGet(43)) - raft.server.rpc.timeout.max = 5200ms (custom)
2019-10-03 20:09:52,689 [pool-439-thread-1] INFO  server.RaftServerConfigKeys (ConfUtils.java:logGet(43)) - raft.server.rpcslowness.timeout = 120s (custom)
2019-10-03 20:09:52,689 [pool-439-thread-1] INFO  server.RaftServerConfigKeys (ConfUtils.java:logGet(43)) - raft.server.sleep.deviation.threshold = 300 (default)
2019-10-03 20:09:52,690 [pool-439-thread-1] INFO  server.RaftServerConfigKeys (ConfUtils.java:logGet(43)) - raft.server.log.appender.install.snapshot.enabled = false (custom)
2019-10-03 20:09:52,690 [pool-439-thread-1] INFO  impl.RaftServerImpl (ServerState.java:<init>(103)) - 2e253f7d-f237-4f64-bf0f-4e165c5afdc8@group-E7335A3E44D4: ConfigurationManager, init=-1: [2e253f7d-f237-4f64-bf0f-4e165c5afdc8:192.168.30.7:45089], old=null, confs=<EMPTY_MAP>
2019-10-03 20:09:52,690 [pool-439-thread-1] INFO  server.RaftServerConfigKeys (ConfUtils.java:logGet(43)) - raft.server.storage.dir = [/workdir/hadoop-ozone/integration-test/target/test-dir/MiniOzoneClusterImpl-16e450bc-7d29-4cce-9510-730a56775e77/datanode-3/data/ratis] (custom)
2019-10-03 20:09:52,690 [pool-439-thread-1] INFO  server.RaftServerConfigKeys (ConfUtils.java:logGet(43)) - raft.server.log.corruption.policy = EXCEPTION (default)
2019-10-03 20:09:52,691 [pool-439-thread-1] INFO  storage.RaftStorageDirectory (RaftStorageDirectory.java:analyzeStorage(246)) - The storage directory /workdir/hadoop-ozone/integration-test/target/test-dir/MiniOzoneClusterImpl-16e450bc-7d29-4cce-9510-730a56775e77/datanode-3/data/ratis/6441df30-27a8-44d9-9339-e7335a3e44d4 does not exist. Creating ...
2019-10-03 20:09:52,719 [pool-439-thread-1] INFO  storage.RaftStorageDirectory (RaftStorageDirectory.java:tryLock(328)) - Lock on /workdir/hadoop-ozone/integration-test/target/test-dir/MiniOzoneClusterImpl-16e450bc-7d29-4cce-9510-730a56775e77/datanode-3/data/ratis/6441df30-27a8-44d9-9339-e7335a3e44d4/in_use.lock acquired by nodename 24992@pr-hdds-2230-vt4bl-2581040744
2019-10-03 20:09:52,728 [IPC Server handler 5 on 33439] INFO  net.NetworkTopology (NetworkTopologyImpl.java:add(111)) - Added a new node: /default-rack/b6b7042a-ec65-4978-975f-2a155c42500f
2019-10-03 20:09:52,729 [IPC Server handler 5 on 33439] INFO  node.SCMNodeManager (SCMNodeManager.java:register(266)) - Registered Data node : b6b7042a-ec65-4978-975f-2a155c42500f{ip: 192.168.30.7, host: pr-hdds-2230-vt4bl-2581040744, networkLocation: /default-rack, certSerialId: null}
2019-10-03 20:09:52,754 [pool-439-thread-1] INFO  storage.RaftStorage (RaftStorage.java:format(84)) - Storage directory /workdir/hadoop-ozone/integration-test/target/test-dir/MiniOzoneClusterImpl-16e450bc-7d29-4cce-9510-730a56775e77/datanode-3/data/ratis/6441df30-27a8-44d9-9339-e7335a3e44d4 has been successfully formatted.
2019-10-03 20:09:52,754 [pool-439-thread-1] INFO  ratis.ContainerStateMachine (ContainerStateMachine.java:loadSnapshot(230)) - group-E7335A3E44D4: The snapshot info is null. Setting the last applied indexto:(t:0, i:~)
2019-10-03 20:09:52,754 [pool-439-thread-1] INFO  server.RaftServerConfigKeys (ConfUtils.java:logGet(43)) - raft.server.notification.no-leader.timeout = 120s (custom)
2019-10-03 20:09:52,754 [pool-439-thread-1] INFO  server.RaftServerConfigKeys (ConfUtils.java:logGet(43)) - raft.server.log.use.memory = false (default)
2019-10-03 20:09:52,754 [pool-439-thread-1] INFO  server.RaftServerConfigKeys (ConfUtils.java:logGet(43)) - raft.server.log.purge.gap = 1000000 (custom)
2019-10-03 20:09:52,754 [pool-439-thread-1] INFO  server.RaftServerConfigKeys (ConfUtils.java:logGet(43)) - raft.server.log.appender.buffer.byte-limit = 33554432 (custom)
2019-10-03 20:09:52,755 [pool-439-thread-1] INFO  server.RaftServerConfigKeys (ConfUtils.java:logGet(43)) - raft.server.log.segment.size.max = 1048576 (custom)
2019-10-03 20:09:52,756 [pool-439-thread-1] INFO  server.RaftServerConfigKeys (ConfUtils.java:logGet(43)) - raft.server.log.segment.cache.num.max = 2 (custom)
2019-10-03 20:09:52,756 [pool-439-thread-1] INFO  segmented.SegmentedRaftLogWorker (SegmentedRaftLogWorker.java:<init>(173)) - new 2e253f7d-f237-4f64-bf0f-4e165c5afdc8@group-E7335A3E44D4-SegmentedRaftLogWorker for RaftStorage:Storage Directory /workdir/hadoop-ozone/integration-test/target/test-dir/MiniOzoneClusterImpl-16e450bc-7d29-4cce-9510-730a56775e77/datanode-3/data/ratis/6441df30-27a8-44d9-9339-e7335a3e44d4
2019-10-03 20:09:52,757 [pool-439-thread-1] INFO  server.RaftServerConfigKeys (ConfUtils.java:logGet(43)) - raft.server.log.queue.byte-limit = 2147483647 (custom)
2019-10-03 20:09:52,757 [pool-439-thread-1] INFO  server.RaftServerConfigKeys (ConfUtils.java:logGet(43)) - raft.server.log.queue.element-limit = 1024 (custom)
2019-10-03 20:09:52,757 [pool-439-thread-1] INFO  server.RaftServerConfigKeys (ConfUtils.java:logGet(43)) - raft.server.log.segment.size.max = 1048576 (custom)
2019-10-03 20:09:52,757 [pool-439-thread-1] INFO  server.RaftServerConfigKeys (ConfUtils.java:logGet(43)) - raft.server.log.preallocated.size = 16384 (custom)
2019-10-03 20:09:52,757 [pool-439-thread-1] INFO  server.RaftServerConfigKeys (ConfUtils.java:logGet(43)) - raft.server.log.write.buffer.size = 33554432 (custom)
2019-10-03 20:09:52,757 [pool-439-thread-1] INFO  server.RaftServerConfigKeys (ConfUtils.java:logGet(43)) - raft.server.log.force.sync.num = 128 (default)
2019-10-03 20:09:52,757 [pool-439-thread-1] INFO  server.RaftServerConfigKeys (ConfUtils.java:logGet(43)) - raft.server.log.statemachine.data.sync = true (default)
2019-10-03 20:09:52,758 [pool-439-thread-1] INFO  server.RaftServerConfigKeys (ConfUtils.java:logGet(43)) - raft.server.log.statemachine.data.sync.timeout = 10s (default)
2019-10-03 20:09:52,758 [pool-439-thread-1] INFO  server.RaftServerConfigKeys (ConfUtils.java:logGet(43)) - raft.server.log.statemachine.data.sync.timeout.retry = -1 (default)
2019-10-03 20:09:52,758 [pool-439-thread-1] INFO  server.RaftServerConfigKeys (ConfUtils.java:logGet(43)) - raft.server.log.statemachine.data.caching.enabled = true (custom)
2019-10-03 20:09:52,758 [pool-439-thread-1] INFO  segmented.SegmentedRaftLogWorker (SegmentedRaftLogWorker.java:lambda$new$0(128)) - 2e253f7d-f237-4f64-bf0f-4e165c5afdc8@group-E7335A3E44D4-SegmentedRaftLogWorker: flushIndex: setUnconditionally 0 -> -1
2019-10-03 20:09:52,759 [pool-439-thread-1] INFO  server.RaftServerConfigKeys (ConfUtils.java:logGet(43)) - raft.server.snapshot.auto.trigger.enabled = true (custom)
2019-10-03 20:09:52,759 [pool-439-thread-1] INFO  server.RaftServerConfigKeys (ConfUtils.java:logGet(43)) - raft.server.snapshot.auto.trigger.threshold = 10000 (custom)
2019-10-03 20:09:52,759 [pool-439-thread-1] INFO  server.RaftServerConfigKeys (ConfUtils.java:logGet(43)) - raft.server.snapshot.retention.file.num = 5 (custom)
2019-10-03 20:09:52,759 [pool-439-thread-1] INFO  server.RaftServerConfigKeys (ConfUtils.java:logGet(43)) - raft.server.retrycache.expirytime = 600000ms (custom)
2019-10-03 20:09:52,761 [pool-439-thread-1] INFO  impl.RaftServerImpl (RaftServerImpl.java:start(181)) - 2e253f7d-f237-4f64-bf0f-4e165c5afdc8@group-E7335A3E44D4: start as a follower, conf=-1: [2e253f7d-f237-4f64-bf0f-4e165c5afdc8:192.168.30.7:45089], old=null
2019-10-03 20:09:52,761 [pool-439-thread-1] INFO  impl.RaftServerImpl (RaftServerImpl.java:setRole(170)) - 2e253f7d-f237-4f64-bf0f-4e165c5afdc8@group-E7335A3E44D4: changes role from      null to FOLLOWER at term 0 for startAsFollower
2019-10-03 20:09:52,761 [pool-439-thread-1] INFO  impl.RoleInfo (RoleInfo.java:updateAndGet(143)) - 2e253f7d-f237-4f64-bf0f-4e165c5afdc8: start FollowerState
2019-10-03 20:09:52,776 [pool-439-thread-1] INFO  util.JmxRegister (JmxRegister.java:tryRegister(44)) - Successfully registered JMX Bean with object name Ratis:service=RaftServer,group=group-E7335A3E44D4,id=2e253f7d-f237-4f64-bf0f-4e165c5afdc8
2019-10-03 20:09:52,788 [RatisPipelineUtilsThread] INFO  pipeline.PipelineStateManager (PipelineStateManager.java:addPipeline(56)) - Created pipeline Pipeline[ Id: 6441df30-27a8-44d9-9339-e7335a3e44d4, Nodes: 2e253f7d-f237-4f64-bf0f-4e165c5afdc8{ip: 192.168.30.7, host: pr-hdds-2230-vt4bl-2581040744, networkLocation: /default-rack, certSerialId: null}, Type:RATIS, Factor:ONE, State:OPEN]
2019-10-03 20:09:52,794 [grpc-default-executor-16] INFO  impl.RaftServerProxy (RaftServerProxy.java:addNew(89)) - b6b7042a-ec65-4978-975f-2a155c42500f: addNew group-3C8673E3015A:[b6b7042a-ec65-4978-975f-2a155c42500f:192.168.30.7:40160] returns group-3C8673E3015A:java.util.concurrent.CompletableFuture@24a5e921[Not completed]
2019-10-03 20:09:52,795 [pool-449-thread-1] INFO  impl.RaftServerImpl (RaftServerImpl.java:<init>(95)) - b6b7042a-ec65-4978-975f-2a155c42500f: new RaftServerImpl for group-3C8673E3015A:[b6b7042a-ec65-4978-975f-2a155c42500f:192.168.30.7:40160] with ContainerStateMachine:uninitialized
2019-10-03 20:09:52,795 [pool-449-thread-1] INFO  server.RaftServerConfigKeys (ConfUtils.java:logGet(43)) - raft.server.rpc.timeout.min = 5s (custom)
2019-10-03 20:09:52,795 [pool-449-thread-1] INFO  server.RaftServerConfigKeys (ConfUtils.java:logGet(43)) - raft.server.rpc.timeout.max = 5200ms (custom)
2019-10-03 20:09:52,795 [pool-449-thread-1] INFO  server.RaftServerConfigKeys (ConfUtils.java:logGet(43)) - raft.server.rpcslowness.timeout = 120s (custom)
2019-10-03 20:09:52,796 [pool-449-thread-1] INFO  server.RaftServerConfigKeys (ConfUtils.java:logGet(43)) - raft.server.sleep.deviation.threshold = 300 (default)
2019-10-03 20:09:52,796 [pool-449-thread-1] INFO  server.RaftServerConfigKeys (ConfUtils.java:logGet(43)) - raft.server.log.appender.install.snapshot.enabled = false (custom)
2019-10-03 20:09:52,796 [pool-449-thread-1] INFO  impl.RaftServerImpl (ServerState.java:<init>(103)) - b6b7042a-ec65-4978-975f-2a155c42500f@group-3C8673E3015A: ConfigurationManager, init=-1: [b6b7042a-ec65-4978-975f-2a155c42500f:192.168.30.7:40160], old=null, confs=<EMPTY_MAP>
2019-10-03 20:09:52,796 [pool-449-thread-1] INFO  server.RaftServerConfigKeys (ConfUtils.java:logGet(43)) - raft.server.storage.dir = [/workdir/hadoop-ozone/integration-test/target/test-dir/MiniOzoneClusterImpl-16e450bc-7d29-4cce-9510-730a56775e77/datanode-4/data/ratis] (custom)
2019-10-03 20:09:52,797 [pool-449-thread-1] INFO  server.RaftServerConfigKeys (ConfUtils.java:logGet(43)) - raft.server.log.corruption.policy = EXCEPTION (default)
2019-10-03 20:09:52,797 [pool-449-thread-1] INFO  storage.RaftStorageDirectory (RaftStorageDirectory.java:analyzeStorage(246)) - The storage directory /workdir/hadoop-ozone/integration-test/target/test-dir/MiniOzoneClusterImpl-16e450bc-7d29-4cce-9510-730a56775e77/datanode-4/data/ratis/cb533b9f-0f9b-4d86-a6a0-3c8673e3015a does not exist. Creating ...
2019-10-03 20:09:52,819 [IPC Server handler 7 on 33439] INFO  net.NetworkTopology (NetworkTopologyImpl.java:add(111)) - Added a new node: /default-rack/fcbae8df-a1ef-4d91-9a5c-ec2b900fec62
2019-10-03 20:09:52,819 [IPC Server handler 7 on 33439] INFO  node.SCMNodeManager (SCMNodeManager.java:register(266)) - Registered Data node : fcbae8df-a1ef-4d91-9a5c-ec2b900fec62{ip: 192.168.30.7, host: pr-hdds-2230-vt4bl-2581040744, networkLocation: /default-rack, certSerialId: null}
2019-10-03 20:09:52,822 [pool-449-thread-1] INFO  storage.RaftStorageDirectory (RaftStorageDirectory.java:tryLock(328)) - Lock on /workdir/hadoop-ozone/integration-test/target/test-dir/MiniOzoneClusterImpl-16e450bc-7d29-4cce-9510-730a56775e77/datanode-4/data/ratis/cb533b9f-0f9b-4d86-a6a0-3c8673e3015a/in_use.lock acquired by nodename 24992@pr-hdds-2230-vt4bl-2581040744
2019-10-03 20:09:52,848 [pool-449-thread-1] INFO  storage.RaftStorage (RaftStorage.java:format(84)) - Storage directory /workdir/hadoop-ozone/integration-test/target/test-dir/MiniOzoneClusterImpl-16e450bc-7d29-4cce-9510-730a56775e77/datanode-4/data/ratis/cb533b9f-0f9b-4d86-a6a0-3c8673e3015a has been successfully formatted.
2019-10-03 20:09:52,848 [pool-449-thread-1] INFO  ratis.ContainerStateMachine (ContainerStateMachine.java:loadSnapshot(230)) - group-3C8673E3015A: The snapshot info is null. Setting the last applied indexto:(t:0, i:~)
2019-10-03 20:09:52,848 [pool-449-thread-1] INFO  server.RaftServerConfigKeys (ConfUtils.java:logGet(43)) - raft.server.notification.no-leader.timeout = 120s (custom)
2019-10-03 20:09:52,848 [pool-449-thread-1] INFO  server.RaftServerConfigKeys (ConfUtils.java:logGet(43)) - raft.server.log.use.memory = false (default)
2019-10-03 20:09:52,848 [pool-449-thread-1] INFO  server.RaftServerConfigKeys (ConfUtils.java:logGet(43)) - raft.server.log.purge.gap = 1000000 (custom)
2019-10-03 20:09:52,849 [pool-449-thread-1] INFO  server.RaftServerConfigKeys (ConfUtils.java:logGet(43)) - raft.server.log.appender.buffer.byte-limit = 33554432 (custom)
2019-10-03 20:09:52,849 [pool-449-thread-1] INFO  server.RaftServerConfigKeys (ConfUtils.java:logGet(43)) - raft.server.log.segment.size.max = 1048576 (custom)
2019-10-03 20:09:52,851 [pool-449-thread-1] INFO  server.RaftServerConfigKeys (ConfUtils.java:logGet(43)) - raft.server.log.segment.cache.num.max = 2 (custom)
2019-10-03 20:09:52,851 [pool-449-thread-1] INFO  segmented.SegmentedRaftLogWorker (SegmentedRaftLogWorker.java:<init>(173)) - new b6b7042a-ec65-4978-975f-2a155c42500f@group-3C8673E3015A-SegmentedRaftLogWorker for RaftStorage:Storage Directory /workdir/hadoop-ozone/integration-test/target/test-dir/MiniOzoneClusterImpl-16e450bc-7d29-4cce-9510-730a56775e77/datanode-4/data/ratis/cb533b9f-0f9b-4d86-a6a0-3c8673e3015a
2019-10-03 20:09:52,851 [pool-449-thread-1] INFO  server.RaftServerConfigKeys (ConfUtils.java:logGet(43)) - raft.server.log.queue.byte-limit = 2147483647 (custom)
2019-10-03 20:09:52,852 [pool-449-thread-1] INFO  server.RaftServerConfigKeys (ConfUtils.java:logGet(43)) - raft.server.log.queue.element-limit = 1024 (custom)
2019-10-03 20:09:52,852 [pool-449-thread-1] INFO  server.RaftServerConfigKeys (ConfUtils.java:logGet(43)) - raft.server.log.segment.size.max = 1048576 (custom)
2019-10-03 20:09:52,852 [pool-449-thread-1] INFO  server.RaftServerConfigKeys (ConfUtils.java:logGet(43)) - raft.server.log.preallocated.size = 16384 (custom)
2019-10-03 20:09:52,852 [pool-449-thread-1] INFO  server.RaftServerConfigKeys (ConfUtils.java:logGet(43)) - raft.server.log.write.buffer.size = 33554432 (custom)
2019-10-03 20:09:52,852 [pool-449-thread-1] INFO  server.RaftServerConfigKeys (ConfUtils.java:logGet(43)) - raft.server.log.force.sync.num = 128 (default)
2019-10-03 20:09:52,852 [pool-449-thread-1] INFO  server.RaftServerConfigKeys (ConfUtils.java:logGet(43)) - raft.server.log.statemachine.data.sync = true (default)
2019-10-03 20:09:52,853 [pool-449-thread-1] INFO  server.RaftServerConfigKeys (ConfUtils.java:logGet(43)) - raft.server.log.statemachine.data.sync.timeout = 10s (default)
2019-10-03 20:09:52,853 [pool-449-thread-1] INFO  server.RaftServerConfigKeys (ConfUtils.java:logGet(43)) - raft.server.log.statemachine.data.sync.timeout.retry = -1 (default)
2019-10-03 20:09:52,853 [pool-449-thread-1] INFO  server.RaftServerConfigKeys (ConfUtils.java:logGet(43)) - raft.server.log.statemachine.data.caching.enabled = true (custom)
2019-10-03 20:09:52,853 [pool-449-thread-1] INFO  segmented.SegmentedRaftLogWorker (SegmentedRaftLogWorker.java:lambda$new$0(128)) - b6b7042a-ec65-4978-975f-2a155c42500f@group-3C8673E3015A-SegmentedRaftLogWorker: flushIndex: setUnconditionally 0 -> -1
2019-10-03 20:09:52,854 [pool-449-thread-1] INFO  server.RaftServerConfigKeys (ConfUtils.java:logGet(43)) - raft.server.snapshot.auto.trigger.enabled = true (custom)
2019-10-03 20:09:52,854 [pool-449-thread-1] INFO  server.RaftServerConfigKeys (ConfUtils.java:logGet(43)) - raft.server.snapshot.auto.trigger.threshold = 10000 (custom)
2019-10-03 20:09:52,854 [pool-449-thread-1] INFO  server.RaftServerConfigKeys (ConfUtils.java:logGet(43)) - raft.server.snapshot.retention.file.num = 5 (custom)
2019-10-03 20:09:52,854 [pool-449-thread-1] INFO  server.RaftServerConfigKeys (ConfUtils.java:logGet(43)) - raft.server.retrycache.expirytime = 600000ms (custom)
2019-10-03 20:09:52,856 [pool-449-thread-1] INFO  impl.RaftServerImpl (RaftServerImpl.java:start(181)) - b6b7042a-ec65-4978-975f-2a155c42500f@group-3C8673E3015A: start as a follower, conf=-1: [b6b7042a-ec65-4978-975f-2a155c42500f:192.168.30.7:40160], old=null
2019-10-03 20:09:52,856 [pool-449-thread-1] INFO  impl.RaftServerImpl (RaftServerImpl.java:setRole(170)) - b6b7042a-ec65-4978-975f-2a155c42500f@group-3C8673E3015A: changes role from      null to FOLLOWER at term 0 for startAsFollower
2019-10-03 20:09:52,856 [pool-449-thread-1] INFO  impl.RoleInfo (RoleInfo.java:updateAndGet(143)) - b6b7042a-ec65-4978-975f-2a155c42500f: start FollowerState
2019-10-03 20:09:52,856 [pool-449-thread-1] INFO  util.JmxRegister (JmxRegister.java:tryRegister(44)) - Successfully registered JMX Bean with object name Ratis:service=RaftServer,group=group-3C8673E3015A,id=b6b7042a-ec65-4978-975f-2a155c42500f
2019-10-03 20:09:52,860 [RatisPipelineUtilsThread] INFO  pipeline.PipelineStateManager (PipelineStateManager.java:addPipeline(56)) - Created pipeline Pipeline[ Id: cb533b9f-0f9b-4d86-a6a0-3c8673e3015a, Nodes: b6b7042a-ec65-4978-975f-2a155c42500f{ip: 192.168.30.7, host: pr-hdds-2230-vt4bl-2581040744, networkLocation: /default-rack, certSerialId: null}, Type:RATIS, Factor:ONE, State:OPEN]
2019-10-03 20:09:52,867 [grpc-default-executor-16] INFO  impl.RaftServerProxy (RaftServerProxy.java:addNew(89)) - fcbae8df-a1ef-4d91-9a5c-ec2b900fec62: addNew group-8574FD3B9F85:[fcbae8df-a1ef-4d91-9a5c-ec2b900fec62:192.168.30.7:38678] returns group-8574FD3B9F85:java.util.concurrent.CompletableFuture@7efec397[Not completed]
2019-10-03 20:09:52,868 [pool-459-thread-1] INFO  impl.RaftServerImpl (RaftServerImpl.java:<init>(95)) - fcbae8df-a1ef-4d91-9a5c-ec2b900fec62: new RaftServerImpl for group-8574FD3B9F85:[fcbae8df-a1ef-4d91-9a5c-ec2b900fec62:192.168.30.7:38678] with ContainerStateMachine:uninitialized
2019-10-03 20:09:52,868 [pool-459-thread-1] INFO  server.RaftServerConfigKeys (ConfUtils.java:logGet(43)) - raft.server.rpc.timeout.min = 5s (custom)
2019-10-03 20:09:52,868 [pool-459-thread-1] INFO  server.RaftServerConfigKeys (ConfUtils.java:logGet(43)) - raft.server.rpc.timeout.max = 5200ms (custom)
2019-10-03 20:09:52,868 [pool-459-thread-1] INFO  server.RaftServerConfigKeys (ConfUtils.java:logGet(43)) - raft.server.rpcslowness.timeout = 120s (custom)
2019-10-03 20:09:52,869 [pool-459-thread-1] INFO  server.RaftServerConfigKeys (ConfUtils.java:logGet(43)) - raft.server.sleep.deviation.threshold = 300 (default)
2019-10-03 20:09:52,869 [pool-459-thread-1] INFO  server.RaftServerConfigKeys (ConfUtils.java:logGet(43)) - raft.server.log.appender.install.snapshot.enabled = false (custom)
2019-10-03 20:09:52,869 [pool-459-thread-1] INFO  impl.RaftServerImpl (ServerState.java:<init>(103)) - fcbae8df-a1ef-4d91-9a5c-ec2b900fec62@group-8574FD3B9F85: ConfigurationManager, init=-1: [fcbae8df-a1ef-4d91-9a5c-ec2b900fec62:192.168.30.7:38678], old=null, confs=<EMPTY_MAP>
2019-10-03 20:09:52,869 [pool-459-thread-1] INFO  server.RaftServerConfigKeys (ConfUtils.java:logGet(43)) - raft.server.storage.dir = [/workdir/hadoop-ozone/integration-test/target/test-dir/MiniOzoneClusterImpl-16e450bc-7d29-4cce-9510-730a56775e77/datanode-5/data/ratis] (custom)
2019-10-03 20:09:52,869 [pool-459-thread-1] INFO  server.RaftServerConfigKeys (ConfUtils.java:logGet(43)) - raft.server.log.corruption.policy = EXCEPTION (default)
2019-10-03 20:09:52,869 [pool-459-thread-1] INFO  storage.RaftStorageDirectory (RaftStorageDirectory.java:analyzeStorage(246)) - The storage directory /workdir/hadoop-ozone/integration-test/target/test-dir/MiniOzoneClusterImpl-16e450bc-7d29-4cce-9510-730a56775e77/datanode-5/data/ratis/dbe5161a-9c04-4283-a374-8574fd3b9f85 does not exist. Creating ...
2019-10-03 20:09:52,900 [main] INFO  ozone.MiniOzoneClusterImpl (MiniOzoneClusterImpl.java:lambda$waitForClusterToBeReady$0(147)) - Waiting for cluster to be ready. Got 6 of 7 DN Heartbeats.
2019-10-03 20:09:52,901 [IPC Server handler 9 on 33439] INFO  net.NetworkTopology (NetworkTopologyImpl.java:add(111)) - Added a new node: /default-rack/6304382c-6a8e-48d1-8d6a-351f8b4f168f
2019-10-03 20:09:52,901 [IPC Server handler 9 on 33439] INFO  node.SCMNodeManager (SCMNodeManager.java:register(266)) - Registered Data node : 6304382c-6a8e-48d1-8d6a-351f8b4f168f{ip: 192.168.30.7, host: pr-hdds-2230-vt4bl-2581040744, networkLocation: /default-rack, certSerialId: null}
2019-10-03 20:09:52,907 [pool-459-thread-1] INFO  storage.RaftStorageDirectory (RaftStorageDirectory.java:tryLock(328)) - Lock on /workdir/hadoop-ozone/integration-test/target/test-dir/MiniOzoneClusterImpl-16e450bc-7d29-4cce-9510-730a56775e77/datanode-5/data/ratis/dbe5161a-9c04-4283-a374-8574fd3b9f85/in_use.lock acquired by nodename 24992@pr-hdds-2230-vt4bl-2581040744
2019-10-03 20:09:52,932 [pool-459-thread-1] INFO  storage.RaftStorage (RaftStorage.java:format(84)) - Storage directory /workdir/hadoop-ozone/integration-test/target/test-dir/MiniOzoneClusterImpl-16e450bc-7d29-4cce-9510-730a56775e77/datanode-5/data/ratis/dbe5161a-9c04-4283-a374-8574fd3b9f85 has been successfully formatted.
2019-10-03 20:09:52,932 [pool-459-thread-1] INFO  ratis.ContainerStateMachine (ContainerStateMachine.java:loadSnapshot(230)) - group-8574FD3B9F85: The snapshot info is null. Setting the last applied indexto:(t:0, i:~)
2019-10-03 20:09:52,932 [pool-459-thread-1] INFO  server.RaftServerConfigKeys (ConfUtils.java:logGet(43)) - raft.server.notification.no-leader.timeout = 120s (custom)
2019-10-03 20:09:52,932 [pool-459-thread-1] INFO  server.RaftServerConfigKeys (ConfUtils.java:logGet(43)) - raft.server.log.use.memory = false (default)
2019-10-03 20:09:52,933 [pool-459-thread-1] INFO  server.RaftServerConfigKeys (ConfUtils.java:logGet(43)) - raft.server.log.purge.gap = 1000000 (custom)
2019-10-03 20:09:52,933 [pool-459-thread-1] INFO  server.RaftServerConfigKeys (ConfUtils.java:logGet(43)) - raft.server.log.appender.buffer.byte-limit = 33554432 (custom)
2019-10-03 20:09:52,933 [pool-459-thread-1] INFO  server.RaftServerConfigKeys (ConfUtils.java:logGet(43)) - raft.server.log.segment.size.max = 1048576 (custom)
2019-10-03 20:09:52,934 [pool-459-thread-1] INFO  server.RaftServerConfigKeys (ConfUtils.java:logGet(43)) - raft.server.log.segment.cache.num.max = 2 (custom)
2019-10-03 20:09:52,934 [pool-459-thread-1] INFO  segmented.SegmentedRaftLogWorker (SegmentedRaftLogWorker.java:<init>(173)) - new fcbae8df-a1ef-4d91-9a5c-ec2b900fec62@group-8574FD3B9F85-SegmentedRaftLogWorker for RaftStorage:Storage Directory /workdir/hadoop-ozone/integration-test/target/test-dir/MiniOzoneClusterImpl-16e450bc-7d29-4cce-9510-730a56775e77/datanode-5/data/ratis/dbe5161a-9c04-4283-a374-8574fd3b9f85
2019-10-03 20:09:52,934 [pool-459-thread-1] INFO  server.RaftServerConfigKeys (ConfUtils.java:logGet(43)) - raft.server.log.queue.byte-limit = 2147483647 (custom)
2019-10-03 20:09:52,935 [pool-459-thread-1] INFO  server.RaftServerConfigKeys (ConfUtils.java:logGet(43)) - raft.server.log.queue.element-limit = 1024 (custom)
2019-10-03 20:09:52,935 [pool-459-thread-1] INFO  server.RaftServerConfigKeys (ConfUtils.java:logGet(43)) - raft.server.log.segment.size.max = 1048576 (custom)
2019-10-03 20:09:52,935 [pool-459-thread-1] INFO  server.RaftServerConfigKeys (ConfUtils.java:logGet(43)) - raft.server.log.preallocated.size = 16384 (custom)
2019-10-03 20:09:52,935 [pool-459-thread-1] INFO  server.RaftServerConfigKeys (ConfUtils.java:logGet(43)) - raft.server.log.write.buffer.size = 33554432 (custom)
2019-10-03 20:09:52,935 [pool-459-thread-1] INFO  server.RaftServerConfigKeys (ConfUtils.java:logGet(43)) - raft.server.log.force.sync.num = 128 (default)
2019-10-03 20:09:52,935 [pool-459-thread-1] INFO  server.RaftServerConfigKeys (ConfUtils.java:logGet(43)) - raft.server.log.statemachine.data.sync = true (default)
2019-10-03 20:09:52,935 [pool-459-thread-1] INFO  server.RaftServerConfigKeys (ConfUtils.java:logGet(43)) - raft.server.log.statemachine.data.sync.timeout = 10s (default)
2019-10-03 20:09:52,935 [pool-459-thread-1] INFO  server.RaftServerConfigKeys (ConfUtils.java:logGet(43)) - raft.server.log.statemachine.data.sync.timeout.retry = -1 (default)
2019-10-03 20:09:52,936 [pool-459-thread-1] INFO  server.RaftServerConfigKeys (ConfUtils.java:logGet(43)) - raft.server.log.statemachine.data.caching.enabled = true (custom)
2019-10-03 20:09:52,936 [pool-459-thread-1] INFO  segmented.SegmentedRaftLogWorker (SegmentedRaftLogWorker.java:lambda$new$0(128)) - fcbae8df-a1ef-4d91-9a5c-ec2b900fec62@group-8574FD3B9F85-SegmentedRaftLogWorker: flushIndex: setUnconditionally 0 -> -1
2019-10-03 20:09:52,936 [pool-459-thread-1] INFO  server.RaftServerConfigKeys (ConfUtils.java:logGet(43)) - raft.server.snapshot.auto.trigger.enabled = true (custom)
2019-10-03 20:09:52,936 [pool-459-thread-1] INFO  server.RaftServerConfigKeys (ConfUtils.java:logGet(43)) - raft.server.snapshot.auto.trigger.threshold = 10000 (custom)
2019-10-03 20:09:52,936 [pool-459-thread-1] INFO  server.RaftServerConfigKeys (ConfUtils.java:logGet(43)) - raft.server.snapshot.retention.file.num = 5 (custom)
2019-10-03 20:09:52,937 [pool-459-thread-1] INFO  server.RaftServerConfigKeys (ConfUtils.java:logGet(43)) - raft.server.retrycache.expirytime = 600000ms (custom)
2019-10-03 20:09:52,938 [pool-459-thread-1] INFO  impl.RaftServerImpl (RaftServerImpl.java:start(181)) - fcbae8df-a1ef-4d91-9a5c-ec2b900fec62@group-8574FD3B9F85: start as a follower, conf=-1: [fcbae8df-a1ef-4d91-9a5c-ec2b900fec62:192.168.30.7:38678], old=null
2019-10-03 20:09:52,938 [pool-459-thread-1] INFO  impl.RaftServerImpl (RaftServerImpl.java:setRole(170)) - fcbae8df-a1ef-4d91-9a5c-ec2b900fec62@group-8574FD3B9F85: changes role from      null to FOLLOWER at term 0 for startAsFollower
2019-10-03 20:09:52,938 [pool-459-thread-1] INFO  impl.RoleInfo (RoleInfo.java:updateAndGet(143)) - fcbae8df-a1ef-4d91-9a5c-ec2b900fec62: start FollowerState
2019-10-03 20:09:52,938 [pool-459-thread-1] INFO  util.JmxRegister (JmxRegister.java:tryRegister(44)) - Successfully registered JMX Bean with object name Ratis:service=RaftServer,group=group-8574FD3B9F85,id=fcbae8df-a1ef-4d91-9a5c-ec2b900fec62
2019-10-03 20:09:52,942 [RatisPipelineUtilsThread] INFO  pipeline.PipelineStateManager (PipelineStateManager.java:addPipeline(56)) - Created pipeline Pipeline[ Id: dbe5161a-9c04-4283-a374-8574fd3b9f85, Nodes: fcbae8df-a1ef-4d91-9a5c-ec2b900fec62{ip: 192.168.30.7, host: pr-hdds-2230-vt4bl-2581040744, networkLocation: /default-rack, certSerialId: null}, Type:RATIS, Factor:ONE, State:OPEN]
2019-10-03 20:09:52,951 [grpc-default-executor-16] INFO  impl.RaftServerProxy (RaftServerProxy.java:addNew(89)) - 6304382c-6a8e-48d1-8d6a-351f8b4f168f: addNew group-737BD6BE76C4:[6304382c-6a8e-48d1-8d6a-351f8b4f168f:192.168.30.7:44479] returns group-737BD6BE76C4:java.util.concurrent.CompletableFuture@21946b3e[Not completed]
2019-10-03 20:09:52,952 [pool-469-thread-1] INFO  impl.RaftServerImpl (RaftServerImpl.java:<init>(95)) - 6304382c-6a8e-48d1-8d6a-351f8b4f168f: new RaftServerImpl for group-737BD6BE76C4:[6304382c-6a8e-48d1-8d6a-351f8b4f168f:192.168.30.7:44479] with ContainerStateMachine:uninitialized
2019-10-03 20:09:52,952 [pool-469-thread-1] INFO  server.RaftServerConfigKeys (ConfUtils.java:logGet(43)) - raft.server.rpc.timeout.min = 5s (custom)
2019-10-03 20:09:52,952 [pool-469-thread-1] INFO  server.RaftServerConfigKeys (ConfUtils.java:logGet(43)) - raft.server.rpc.timeout.max = 5200ms (custom)
2019-10-03 20:09:52,952 [pool-469-thread-1] INFO  server.RaftServerConfigKeys (ConfUtils.java:logGet(43)) - raft.server.rpcslowness.timeout = 120s (custom)
2019-10-03 20:09:52,952 [pool-469-thread-1] INFO  server.RaftServerConfigKeys (ConfUtils.java:logGet(43)) - raft.server.sleep.deviation.threshold = 300 (default)
2019-10-03 20:09:52,952 [pool-469-thread-1] INFO  server.RaftServerConfigKeys (ConfUtils.java:logGet(43)) - raft.server.log.appender.install.snapshot.enabled = false (custom)
2019-10-03 20:09:52,952 [pool-469-thread-1] INFO  impl.RaftServerImpl (ServerState.java:<init>(103)) - 6304382c-6a8e-48d1-8d6a-351f8b4f168f@group-737BD6BE76C4: ConfigurationManager, init=-1: [6304382c-6a8e-48d1-8d6a-351f8b4f168f:192.168.30.7:44479], old=null, confs=<EMPTY_MAP>
2019-10-03 20:09:52,952 [pool-469-thread-1] INFO  server.RaftServerConfigKeys (ConfUtils.java:logGet(43)) - raft.server.storage.dir = [/workdir/hadoop-ozone/integration-test/target/test-dir/MiniOzoneClusterImpl-16e450bc-7d29-4cce-9510-730a56775e77/datanode-6/data/ratis] (custom)
2019-10-03 20:09:52,953 [pool-469-thread-1] INFO  server.RaftServerConfigKeys (ConfUtils.java:logGet(43)) - raft.server.log.corruption.policy = EXCEPTION (default)
2019-10-03 20:09:52,953 [pool-469-thread-1] INFO  storage.RaftStorageDirectory (RaftStorageDirectory.java:analyzeStorage(246)) - The storage directory /workdir/hadoop-ozone/integration-test/target/test-dir/MiniOzoneClusterImpl-16e450bc-7d29-4cce-9510-730a56775e77/datanode-6/data/ratis/24e49a9d-efdb-45c9-932c-737bd6be76c4 does not exist. Creating ...
2019-10-03 20:09:52,982 [pool-469-thread-1] INFO  storage.RaftStorageDirectory (RaftStorageDirectory.java:tryLock(328)) - Lock on /workdir/hadoop-ozone/integration-test/target/test-dir/MiniOzoneClusterImpl-16e450bc-7d29-4cce-9510-730a56775e77/datanode-6/data/ratis/24e49a9d-efdb-45c9-932c-737bd6be76c4/in_use.lock acquired by nodename 24992@pr-hdds-2230-vt4bl-2581040744
2019-10-03 20:09:53,008 [pool-469-thread-1] INFO  storage.RaftStorage (RaftStorage.java:format(84)) - Storage directory /workdir/hadoop-ozone/integration-test/target/test-dir/MiniOzoneClusterImpl-16e450bc-7d29-4cce-9510-730a56775e77/datanode-6/data/ratis/24e49a9d-efdb-45c9-932c-737bd6be76c4 has been successfully formatted.
2019-10-03 20:09:53,008 [pool-469-thread-1] INFO  ratis.ContainerStateMachine (ContainerStateMachine.java:loadSnapshot(230)) - group-737BD6BE76C4: The snapshot info is null. Setting the last applied indexto:(t:0, i:~)
2019-10-03 20:09:53,008 [pool-469-thread-1] INFO  server.RaftServerConfigKeys (ConfUtils.java:logGet(43)) - raft.server.notification.no-leader.timeout = 120s (custom)
2019-10-03 20:09:53,008 [pool-469-thread-1] INFO  server.RaftServerConfigKeys (ConfUtils.java:logGet(43)) - raft.server.log.use.memory = false (default)
2019-10-03 20:09:53,009 [pool-469-thread-1] INFO  server.RaftServerConfigKeys (ConfUtils.java:logGet(43)) - raft.server.log.purge.gap = 1000000 (custom)
2019-10-03 20:09:53,009 [pool-469-thread-1] INFO  server.RaftServerConfigKeys (ConfUtils.java:logGet(43)) - raft.server.log.appender.buffer.byte-limit = 33554432 (custom)
2019-10-03 20:09:53,009 [pool-469-thread-1] INFO  server.RaftServerConfigKeys (ConfUtils.java:logGet(43)) - raft.server.log.segment.size.max = 1048576 (custom)
2019-10-03 20:09:53,010 [pool-469-thread-1] INFO  server.RaftServerConfigKeys (ConfUtils.java:logGet(43)) - raft.server.log.segment.cache.num.max = 2 (custom)
2019-10-03 20:09:53,010 [pool-469-thread-1] INFO  segmented.SegmentedRaftLogWorker (SegmentedRaftLogWorker.java:<init>(173)) - new 6304382c-6a8e-48d1-8d6a-351f8b4f168f@group-737BD6BE76C4-SegmentedRaftLogWorker for RaftStorage:Storage Directory /workdir/hadoop-ozone/integration-test/target/test-dir/MiniOzoneClusterImpl-16e450bc-7d29-4cce-9510-730a56775e77/datanode-6/data/ratis/24e49a9d-efdb-45c9-932c-737bd6be76c4
2019-10-03 20:09:53,010 [pool-469-thread-1] INFO  server.RaftServerConfigKeys (ConfUtils.java:logGet(43)) - raft.server.log.queue.byte-limit = 2147483647 (custom)
2019-10-03 20:09:53,011 [pool-469-thread-1] INFO  server.RaftServerConfigKeys (ConfUtils.java:logGet(43)) - raft.server.log.queue.element-limit = 1024 (custom)
2019-10-03 20:09:53,011 [pool-469-thread-1] INFO  server.RaftServerConfigKeys (ConfUtils.java:logGet(43)) - raft.server.log.segment.size.max = 1048576 (custom)
2019-10-03 20:09:53,011 [pool-469-thread-1] INFO  server.RaftServerConfigKeys (ConfUtils.java:logGet(43)) - raft.server.log.preallocated.size = 16384 (custom)
2019-10-03 20:09:53,011 [pool-469-thread-1] INFO  server.RaftServerConfigKeys (ConfUtils.java:logGet(43)) - raft.server.log.write.buffer.size = 33554432 (custom)
2019-10-03 20:09:53,011 [pool-469-thread-1] INFO  server.RaftServerConfigKeys (ConfUtils.java:logGet(43)) - raft.server.log.force.sync.num = 128 (default)
2019-10-03 20:09:53,011 [pool-469-thread-1] INFO  server.RaftServerConfigKeys (ConfUtils.java:logGet(43)) - raft.server.log.statemachine.data.sync = true (default)
2019-10-03 20:09:53,011 [pool-469-thread-1] INFO  server.RaftServerConfigKeys (ConfUtils.java:logGet(43)) - raft.server.log.statemachine.data.sync.timeout = 10s (default)
2019-10-03 20:09:53,011 [pool-469-thread-1] INFO  server.RaftServerConfigKeys (ConfUtils.java:logGet(43)) - raft.server.log.statemachine.data.sync.timeout.retry = -1 (default)
2019-10-03 20:09:53,012 [pool-469-thread-1] INFO  server.RaftServerConfigKeys (ConfUtils.java:logGet(43)) - raft.server.log.statemachine.data.caching.enabled = true (custom)
2019-10-03 20:09:53,012 [pool-469-thread-1] INFO  segmented.SegmentedRaftLogWorker (SegmentedRaftLogWorker.java:lambda$new$0(128)) - 6304382c-6a8e-48d1-8d6a-351f8b4f168f@group-737BD6BE76C4-SegmentedRaftLogWorker: flushIndex: setUnconditionally 0 -> -1
2019-10-03 20:09:53,012 [pool-469-thread-1] INFO  server.RaftServerConfigKeys (ConfUtils.java:logGet(43)) - raft.server.snapshot.auto.trigger.enabled = true (custom)
2019-10-03 20:09:53,012 [pool-469-thread-1] INFO  server.RaftServerConfigKeys (ConfUtils.java:logGet(43)) - raft.server.snapshot.auto.trigger.threshold = 10000 (custom)
2019-10-03 20:09:53,012 [pool-469-thread-1] INFO  server.RaftServerConfigKeys (ConfUtils.java:logGet(43)) - raft.server.snapshot.retention.file.num = 5 (custom)
2019-10-03 20:09:53,012 [pool-469-thread-1] INFO  server.RaftServerConfigKeys (ConfUtils.java:logGet(43)) - raft.server.retrycache.expirytime = 600000ms (custom)
2019-10-03 20:09:53,014 [pool-469-thread-1] INFO  impl.RaftServerImpl (RaftServerImpl.java:start(181)) - 6304382c-6a8e-48d1-8d6a-351f8b4f168f@group-737BD6BE76C4: start as a follower, conf=-1: [6304382c-6a8e-48d1-8d6a-351f8b4f168f:192.168.30.7:44479], old=null
2019-10-03 20:09:53,014 [pool-469-thread-1] INFO  impl.RaftServerImpl (RaftServerImpl.java:setRole(170)) - 6304382c-6a8e-48d1-8d6a-351f8b4f168f@group-737BD6BE76C4: changes role from      null to FOLLOWER at term 0 for startAsFollower
2019-10-03 20:09:53,014 [pool-469-thread-1] INFO  impl.RoleInfo (RoleInfo.java:updateAndGet(143)) - 6304382c-6a8e-48d1-8d6a-351f8b4f168f: start FollowerState
2019-10-03 20:09:53,014 [pool-469-thread-1] INFO  util.JmxRegister (JmxRegister.java:tryRegister(44)) - Successfully registered JMX Bean with object name Ratis:service=RaftServer,group=group-737BD6BE76C4,id=6304382c-6a8e-48d1-8d6a-351f8b4f168f
2019-10-03 20:09:53,017 [RatisPipelineUtilsThread] INFO  pipeline.PipelineStateManager (PipelineStateManager.java:addPipeline(56)) - Created pipeline Pipeline[ Id: 24e49a9d-efdb-45c9-932c-737bd6be76c4, Nodes: 6304382c-6a8e-48d1-8d6a-351f8b4f168f{ip: 192.168.30.7, host: pr-hdds-2230-vt4bl-2581040744, networkLocation: /default-rack, certSerialId: null}, Type:RATIS, Factor:ONE, State:OPEN]
2019-10-03 20:09:53,041 [grpc-default-executor-14] INFO  impl.RaftServerProxy (RaftServerProxy.java:addNew(89)) - 2e253f7d-f237-4f64-bf0f-4e165c5afdc8: addNew group-4402E726854A:[fcbae8df-a1ef-4d91-9a5c-ec2b900fec62:192.168.30.7:38678, 2e253f7d-f237-4f64-bf0f-4e165c5afdc8:192.168.30.7:45089, e7718313-8120-41cd-8acc-e928bdef59c5:192.168.30.7:43413] returns group-4402E726854A:java.util.concurrent.CompletableFuture@32eba7fe[Not completed]
2019-10-03 20:09:53,041 [grpc-default-executor-16] INFO  impl.RaftServerProxy (RaftServerProxy.java:addNew(89)) - fcbae8df-a1ef-4d91-9a5c-ec2b900fec62: addNew group-4402E726854A:[fcbae8df-a1ef-4d91-9a5c-ec2b900fec62:192.168.30.7:38678, 2e253f7d-f237-4f64-bf0f-4e165c5afdc8:192.168.30.7:45089, e7718313-8120-41cd-8acc-e928bdef59c5:192.168.30.7:43413] returns group-4402E726854A:java.util.concurrent.CompletableFuture@125077d6[Not completed]
2019-10-03 20:09:53,041 [grpc-default-executor-13] INFO  impl.RaftServerProxy (RaftServerProxy.java:addNew(89)) - e7718313-8120-41cd-8acc-e928bdef59c5: addNew group-4402E726854A:[fcbae8df-a1ef-4d91-9a5c-ec2b900fec62:192.168.30.7:38678, 2e253f7d-f237-4f64-bf0f-4e165c5afdc8:192.168.30.7:45089, e7718313-8120-41cd-8acc-e928bdef59c5:192.168.30.7:43413] returns group-4402E726854A:java.util.concurrent.CompletableFuture@9c50b3[Not completed]
2019-10-03 20:09:53,042 [pool-419-thread-1] INFO  impl.RaftServerImpl (RaftServerImpl.java:<init>(95)) - e7718313-8120-41cd-8acc-e928bdef59c5: new RaftServerImpl for group-4402E726854A:[fcbae8df-a1ef-4d91-9a5c-ec2b900fec62:192.168.30.7:38678, 2e253f7d-f237-4f64-bf0f-4e165c5afdc8:192.168.30.7:45089, e7718313-8120-41cd-8acc-e928bdef59c5:192.168.30.7:43413] with ContainerStateMachine:uninitialized
2019-10-03 20:09:53,042 [pool-419-thread-1] INFO  server.RaftServerConfigKeys (ConfUtils.java:logGet(43)) - raft.server.rpc.timeout.min = 5s (custom)
2019-10-03 20:09:53,042 [pool-419-thread-1] INFO  server.RaftServerConfigKeys (ConfUtils.java:logGet(43)) - raft.server.rpc.timeout.max = 5200ms (custom)
2019-10-03 20:09:53,042 [pool-419-thread-1] INFO  server.RaftServerConfigKeys (ConfUtils.java:logGet(43)) - raft.server.rpcslowness.timeout = 120s (custom)
2019-10-03 20:09:53,042 [pool-419-thread-1] INFO  server.RaftServerConfigKeys (ConfUtils.java:logGet(43)) - raft.server.sleep.deviation.threshold = 300 (default)
2019-10-03 20:09:53,042 [pool-419-thread-1] INFO  server.RaftServerConfigKeys (ConfUtils.java:logGet(43)) - raft.server.log.appender.install.snapshot.enabled = false (custom)
2019-10-03 20:09:53,042 [pool-459-thread-1] INFO  impl.RaftServerImpl (RaftServerImpl.java:<init>(95)) - fcbae8df-a1ef-4d91-9a5c-ec2b900fec62: new RaftServerImpl for group-4402E726854A:[fcbae8df-a1ef-4d91-9a5c-ec2b900fec62:192.168.30.7:38678, 2e253f7d-f237-4f64-bf0f-4e165c5afdc8:192.168.30.7:45089, e7718313-8120-41cd-8acc-e928bdef59c5:192.168.30.7:43413] with ContainerStateMachine:uninitialized
2019-10-03 20:09:53,042 [pool-419-thread-1] INFO  impl.RaftServerImpl (ServerState.java:<init>(103)) - e7718313-8120-41cd-8acc-e928bdef59c5@group-4402E726854A: ConfigurationManager, init=-1: [fcbae8df-a1ef-4d91-9a5c-ec2b900fec62:192.168.30.7:38678, 2e253f7d-f237-4f64-bf0f-4e165c5afdc8:192.168.30.7:45089, e7718313-8120-41cd-8acc-e928bdef59c5:192.168.30.7:43413], old=null, confs=<EMPTY_MAP>
2019-10-03 20:09:53,042 [pool-459-thread-1] INFO  server.RaftServerConfigKeys (ConfUtils.java:logGet(43)) - raft.server.rpc.timeout.min = 5s (custom)
2019-10-03 20:09:53,043 [pool-439-thread-1] INFO  impl.RaftServerImpl (RaftServerImpl.java:<init>(95)) - 2e253f7d-f237-4f64-bf0f-4e165c5afdc8: new RaftServerImpl for group-4402E726854A:[fcbae8df-a1ef-4d91-9a5c-ec2b900fec62:192.168.30.7:38678, 2e253f7d-f237-4f64-bf0f-4e165c5afdc8:192.168.30.7:45089, e7718313-8120-41cd-8acc-e928bdef59c5:192.168.30.7:43413] with ContainerStateMachine:uninitialized
2019-10-03 20:09:53,043 [pool-419-thread-1] INFO  server.RaftServerConfigKeys (ConfUtils.java:logGet(43)) - raft.server.storage.dir = [/workdir/hadoop-ozone/integration-test/target/test-dir/MiniOzoneClusterImpl-16e450bc-7d29-4cce-9510-730a56775e77/datanode-1/data/ratis] (custom)
2019-10-03 20:09:53,043 [pool-439-thread-1] INFO  server.RaftServerConfigKeys (ConfUtils.java:logGet(43)) - raft.server.rpc.timeout.min = 5s (custom)
2019-10-03 20:09:53,043 [pool-459-thread-1] INFO  server.RaftServerConfigKeys (ConfUtils.java:logGet(43)) - raft.server.rpc.timeout.max = 5200ms (custom)
2019-10-03 20:09:53,043 [pool-419-thread-1] INFO  server.RaftServerConfigKeys (ConfUtils.java:logGet(43)) - raft.server.log.corruption.policy = EXCEPTION (default)
2019-10-03 20:09:53,043 [pool-439-thread-1] INFO  server.RaftServerConfigKeys (ConfUtils.java:logGet(43)) - raft.server.rpc.timeout.max = 5200ms (custom)
2019-10-03 20:09:53,043 [pool-459-thread-1] INFO  server.RaftServerConfigKeys (ConfUtils.java:logGet(43)) - raft.server.rpcslowness.timeout = 120s (custom)
2019-10-03 20:09:53,043 [pool-419-thread-1] INFO  storage.RaftStorageDirectory (RaftStorageDirectory.java:analyzeStorage(246)) - The storage directory /workdir/hadoop-ozone/integration-test/target/test-dir/MiniOzoneClusterImpl-16e450bc-7d29-4cce-9510-730a56775e77/datanode-1/data/ratis/b304383e-c118-465f-89cb-4402e726854a does not exist. Creating ...
2019-10-03 20:09:53,043 [pool-439-thread-1] INFO  server.RaftServerConfigKeys (ConfUtils.java:logGet(43)) - raft.server.rpcslowness.timeout = 120s (custom)
2019-10-03 20:09:53,043 [pool-459-thread-1] INFO  server.RaftServerConfigKeys (ConfUtils.java:logGet(43)) - raft.server.sleep.deviation.threshold = 300 (default)
2019-10-03 20:09:53,043 [pool-439-thread-1] INFO  server.RaftServerConfigKeys (ConfUtils.java:logGet(43)) - raft.server.sleep.deviation.threshold = 300 (default)
2019-10-03 20:09:53,044 [pool-459-thread-1] INFO  server.RaftServerConfigKeys (ConfUtils.java:logGet(43)) - raft.server.log.appender.install.snapshot.enabled = false (custom)
2019-10-03 20:09:53,044 [pool-439-thread-1] INFO  server.RaftServerConfigKeys (ConfUtils.java:logGet(43)) - raft.server.log.appender.install.snapshot.enabled = false (custom)
2019-10-03 20:09:53,044 [pool-459-thread-1] INFO  impl.RaftServerImpl (ServerState.java:<init>(103)) - fcbae8df-a1ef-4d91-9a5c-ec2b900fec62@group-4402E726854A: ConfigurationManager, init=-1: [fcbae8df-a1ef-4d91-9a5c-ec2b900fec62:192.168.30.7:38678, 2e253f7d-f237-4f64-bf0f-4e165c5afdc8:192.168.30.7:45089, e7718313-8120-41cd-8acc-e928bdef59c5:192.168.30.7:43413], old=null, confs=<EMPTY_MAP>
2019-10-03 20:09:53,044 [pool-439-thread-1] INFO  impl.RaftServerImpl (ServerState.java:<init>(103)) - 2e253f7d-f237-4f64-bf0f-4e165c5afdc8@group-4402E726854A: ConfigurationManager, init=-1: [fcbae8df-a1ef-4d91-9a5c-ec2b900fec62:192.168.30.7:38678, 2e253f7d-f237-4f64-bf0f-4e165c5afdc8:192.168.30.7:45089, e7718313-8120-41cd-8acc-e928bdef59c5:192.168.30.7:43413], old=null, confs=<EMPTY_MAP>
2019-10-03 20:09:53,044 [pool-459-thread-1] INFO  server.RaftServerConfigKeys (ConfUtils.java:logGet(43)) - raft.server.storage.dir = [/workdir/hadoop-ozone/integration-test/target/test-dir/MiniOzoneClusterImpl-16e450bc-7d29-4cce-9510-730a56775e77/datanode-5/data/ratis] (custom)
2019-10-03 20:09:53,044 [pool-439-thread-1] INFO  server.RaftServerConfigKeys (ConfUtils.java:logGet(43)) - raft.server.storage.dir = [/workdir/hadoop-ozone/integration-test/target/test-dir/MiniOzoneClusterImpl-16e450bc-7d29-4cce-9510-730a56775e77/datanode-3/data/ratis] (custom)
2019-10-03 20:09:53,044 [pool-459-thread-1] INFO  server.RaftServerConfigKeys (ConfUtils.java:logGet(43)) - raft.server.log.corruption.policy = EXCEPTION (default)
2019-10-03 20:09:53,044 [pool-439-thread-1] INFO  server.RaftServerConfigKeys (ConfUtils.java:logGet(43)) - raft.server.log.corruption.policy = EXCEPTION (default)
2019-10-03 20:09:53,045 [pool-459-thread-1] INFO  storage.RaftStorageDirectory (RaftStorageDirectory.java:analyzeStorage(246)) - The storage directory /workdir/hadoop-ozone/integration-test/target/test-dir/MiniOzoneClusterImpl-16e450bc-7d29-4cce-9510-730a56775e77/datanode-5/data/ratis/b304383e-c118-465f-89cb-4402e726854a does not exist. Creating ...
2019-10-03 20:09:53,045 [pool-439-thread-1] INFO  storage.RaftStorageDirectory (RaftStorageDirectory.java:analyzeStorage(246)) - The storage directory /workdir/hadoop-ozone/integration-test/target/test-dir/MiniOzoneClusterImpl-16e450bc-7d29-4cce-9510-730a56775e77/datanode-3/data/ratis/b304383e-c118-465f-89cb-4402e726854a does not exist. Creating ...
2019-10-03 20:09:53,067 [pool-439-thread-1] INFO  storage.RaftStorageDirectory (RaftStorageDirectory.java:tryLock(328)) - Lock on /workdir/hadoop-ozone/integration-test/target/test-dir/MiniOzoneClusterImpl-16e450bc-7d29-4cce-9510-730a56775e77/datanode-3/data/ratis/b304383e-c118-465f-89cb-4402e726854a/in_use.lock acquired by nodename 24992@pr-hdds-2230-vt4bl-2581040744
2019-10-03 20:09:53,067 [pool-419-thread-1] INFO  storage.RaftStorageDirectory (RaftStorageDirectory.java:tryLock(328)) - Lock on /workdir/hadoop-ozone/integration-test/target/test-dir/MiniOzoneClusterImpl-16e450bc-7d29-4cce-9510-730a56775e77/datanode-1/data/ratis/b304383e-c118-465f-89cb-4402e726854a/in_use.lock acquired by nodename 24992@pr-hdds-2230-vt4bl-2581040744
2019-10-03 20:09:53,067 [pool-459-thread-1] INFO  storage.RaftStorageDirectory (RaftStorageDirectory.java:tryLock(328)) - Lock on /workdir/hadoop-ozone/integration-test/target/test-dir/MiniOzoneClusterImpl-16e450bc-7d29-4cce-9510-730a56775e77/datanode-5/data/ratis/b304383e-c118-465f-89cb-4402e726854a/in_use.lock acquired by nodename 24992@pr-hdds-2230-vt4bl-2581040744
2019-10-03 20:09:53,093 [pool-459-thread-1] INFO  storage.RaftStorage (RaftStorage.java:format(84)) - Storage directory /workdir/hadoop-ozone/integration-test/target/test-dir/MiniOzoneClusterImpl-16e450bc-7d29-4cce-9510-730a56775e77/datanode-5/data/ratis/b304383e-c118-465f-89cb-4402e726854a has been successfully formatted.
2019-10-03 20:09:53,093 [pool-439-thread-1] INFO  storage.RaftStorage (RaftStorage.java:format(84)) - Storage directory /workdir/hadoop-ozone/integration-test/target/test-dir/MiniOzoneClusterImpl-16e450bc-7d29-4cce-9510-730a56775e77/datanode-3/data/ratis/b304383e-c118-465f-89cb-4402e726854a has been successfully formatted.
2019-10-03 20:09:53,093 [pool-419-thread-1] INFO  storage.RaftStorage (RaftStorage.java:format(84)) - Storage directory /workdir/hadoop-ozone/integration-test/target/test-dir/MiniOzoneClusterImpl-16e450bc-7d29-4cce-9510-730a56775e77/datanode-1/data/ratis/b304383e-c118-465f-89cb-4402e726854a has been successfully formatted.
2019-10-03 20:09:53,093 [pool-459-thread-1] INFO  ratis.ContainerStateMachine (ContainerStateMachine.java:loadSnapshot(230)) - group-4402E726854A: The snapshot info is null. Setting the last applied indexto:(t:0, i:~)
2019-10-03 20:09:53,093 [pool-419-thread-1] INFO  ratis.ContainerStateMachine (ContainerStateMachine.java:loadSnapshot(230)) - group-4402E726854A: The snapshot info is null. Setting the last applied indexto:(t:0, i:~)
2019-10-03 20:09:53,093 [pool-439-thread-1] INFO  ratis.ContainerStateMachine (ContainerStateMachine.java:loadSnapshot(230)) - group-4402E726854A: The snapshot info is null. Setting the last applied indexto:(t:0, i:~)
2019-10-03 20:09:53,093 [pool-419-thread-1] INFO  server.RaftServerConfigKeys (ConfUtils.java:logGet(43)) - raft.server.notification.no-leader.timeout = 120s (custom)
2019-10-03 20:09:53,093 [pool-419-thread-1] INFO  server.RaftServerConfigKeys (ConfUtils.java:logGet(43)) - raft.server.log.use.memory = false (default)
2019-10-03 20:09:53,093 [pool-459-thread-1] INFO  server.RaftServerConfigKeys (ConfUtils.java:logGet(43)) - raft.server.notification.no-leader.timeout = 120s (custom)
2019-10-03 20:09:53,093 [pool-419-thread-1] INFO  server.RaftServerConfigKeys (ConfUtils.java:logGet(43)) - raft.server.log.purge.gap = 1000000 (custom)
2019-10-03 20:09:53,093 [pool-439-thread-1] INFO  server.RaftServerConfigKeys (ConfUtils.java:logGet(43)) - raft.server.notification.no-leader.timeout = 120s (custom)
2019-10-03 20:09:53,094 [pool-419-thread-1] INFO  server.RaftServerConfigKeys (ConfUtils.java:logGet(43)) - raft.server.log.appender.buffer.byte-limit = 33554432 (custom)
2019-10-03 20:09:53,093 [pool-459-thread-1] INFO  server.RaftServerConfigKeys (ConfUtils.java:logGet(43)) - raft.server.log.use.memory = false (default)
2019-10-03 20:09:53,094 [pool-419-thread-1] INFO  server.RaftServerConfigKeys (ConfUtils.java:logGet(43)) - raft.server.log.segment.size.max = 1048576 (custom)
2019-10-03 20:09:53,094 [pool-439-thread-1] INFO  server.RaftServerConfigKeys (ConfUtils.java:logGet(43)) - raft.server.log.use.memory = false (default)
2019-10-03 20:09:53,094 [pool-419-thread-1] INFO  server.RaftServerConfigKeys (ConfUtils.java:logGet(43)) - raft.server.log.segment.cache.num.max = 2 (custom)
2019-10-03 20:09:53,094 [pool-419-thread-1] INFO  segmented.SegmentedRaftLogWorker (SegmentedRaftLogWorker.java:<init>(173)) - new e7718313-8120-41cd-8acc-e928bdef59c5@group-4402E726854A-SegmentedRaftLogWorker for RaftStorage:Storage Directory /workdir/hadoop-ozone/integration-test/target/test-dir/MiniOzoneClusterImpl-16e450bc-7d29-4cce-9510-730a56775e77/datanode-1/data/ratis/b304383e-c118-465f-89cb-4402e726854a
2019-10-03 20:09:53,094 [pool-459-thread-1] INFO  server.RaftServerConfigKeys (ConfUtils.java:logGet(43)) - raft.server.log.purge.gap = 1000000 (custom)
2019-10-03 20:09:53,094 [pool-419-thread-1] INFO  server.RaftServerConfigKeys (ConfUtils.java:logGet(43)) - raft.server.log.queue.byte-limit = 2147483647 (custom)
2019-10-03 20:09:53,094 [pool-439-thread-1] INFO  server.RaftServerConfigKeys (ConfUtils.java:logGet(43)) - raft.server.log.purge.gap = 1000000 (custom)
2019-10-03 20:09:53,095 [pool-419-thread-1] INFO  server.RaftServerConfigKeys (ConfUtils.java:logGet(43)) - raft.server.log.queue.element-limit = 1024 (custom)
2019-10-03 20:09:53,095 [pool-419-thread-1] INFO  server.RaftServerConfigKeys (ConfUtils.java:logGet(43)) - raft.server.log.segment.size.max = 1048576 (custom)
2019-10-03 20:09:53,095 [pool-459-thread-1] INFO  server.RaftServerConfigKeys (ConfUtils.java:logGet(43)) - raft.server.log.appender.buffer.byte-limit = 33554432 (custom)
2019-10-03 20:09:53,095 [pool-419-thread-1] INFO  server.RaftServerConfigKeys (ConfUtils.java:logGet(43)) - raft.server.log.preallocated.size = 16384 (custom)
2019-10-03 20:09:53,095 [pool-419-thread-1] INFO  server.RaftServerConfigKeys (ConfUtils.java:logGet(43)) - raft.server.log.write.buffer.size = 33554432 (custom)
2019-10-03 20:09:53,095 [pool-439-thread-1] INFO  server.RaftServerConfigKeys (ConfUtils.java:logGet(43)) - raft.server.log.appender.buffer.byte-limit = 33554432 (custom)
2019-10-03 20:09:53,095 [pool-419-thread-1] INFO  server.RaftServerConfigKeys (ConfUtils.java:logGet(43)) - raft.server.log.force.sync.num = 128 (default)
2019-10-03 20:09:53,095 [pool-459-thread-1] INFO  server.RaftServerConfigKeys (ConfUtils.java:logGet(43)) - raft.server.log.segment.size.max = 1048576 (custom)
2019-10-03 20:09:53,096 [pool-419-thread-1] INFO  server.RaftServerConfigKeys (ConfUtils.java:logGet(43)) - raft.server.log.statemachine.data.sync = true (default)
2019-10-03 20:09:53,096 [pool-419-thread-1] INFO  server.RaftServerConfigKeys (ConfUtils.java:logGet(43)) - raft.server.log.statemachine.data.sync.timeout = 10s (default)
2019-10-03 20:09:53,095 [pool-439-thread-1] INFO  server.RaftServerConfigKeys (ConfUtils.java:logGet(43)) - raft.server.log.segment.size.max = 1048576 (custom)
2019-10-03 20:09:53,096 [pool-419-thread-1] INFO  server.RaftServerConfigKeys (ConfUtils.java:logGet(43)) - raft.server.log.statemachine.data.sync.timeout.retry = -1 (default)
2019-10-03 20:09:53,096 [pool-459-thread-1] INFO  server.RaftServerConfigKeys (ConfUtils.java:logGet(43)) - raft.server.log.segment.cache.num.max = 2 (custom)
2019-10-03 20:09:53,096 [pool-419-thread-1] INFO  server.RaftServerConfigKeys (ConfUtils.java:logGet(43)) - raft.server.log.statemachine.data.caching.enabled = true (custom)
2019-10-03 20:09:53,096 [pool-439-thread-1] INFO  server.RaftServerConfigKeys (ConfUtils.java:logGet(43)) - raft.server.log.segment.cache.num.max = 2 (custom)
2019-10-03 20:09:53,097 [pool-419-thread-1] INFO  segmented.SegmentedRaftLogWorker (SegmentedRaftLogWorker.java:lambda$new$0(128)) - e7718313-8120-41cd-8acc-e928bdef59c5@group-4402E726854A-SegmentedRaftLogWorker: flushIndex: setUnconditionally 0 -> -1
2019-10-03 20:09:53,096 [pool-459-thread-1] INFO  segmented.SegmentedRaftLogWorker (SegmentedRaftLogWorker.java:<init>(173)) - new fcbae8df-a1ef-4d91-9a5c-ec2b900fec62@group-4402E726854A-SegmentedRaftLogWorker for RaftStorage:Storage Directory /workdir/hadoop-ozone/integration-test/target/test-dir/MiniOzoneClusterImpl-16e450bc-7d29-4cce-9510-730a56775e77/datanode-5/data/ratis/b304383e-c118-465f-89cb-4402e726854a
2019-10-03 20:09:53,097 [pool-439-thread-1] INFO  segmented.SegmentedRaftLogWorker (SegmentedRaftLogWorker.java:<init>(173)) - new 2e253f7d-f237-4f64-bf0f-4e165c5afdc8@group-4402E726854A-SegmentedRaftLogWorker for RaftStorage:Storage Directory /workdir/hadoop-ozone/integration-test/target/test-dir/MiniOzoneClusterImpl-16e450bc-7d29-4cce-9510-730a56775e77/datanode-3/data/ratis/b304383e-c118-465f-89cb-4402e726854a
2019-10-03 20:09:53,097 [pool-459-thread-1] INFO  server.RaftServerConfigKeys (ConfUtils.java:logGet(43)) - raft.server.log.queue.byte-limit = 2147483647 (custom)
2019-10-03 20:09:53,097 [pool-419-thread-1] INFO  server.RaftServerConfigKeys (ConfUtils.java:logGet(43)) - raft.server.snapshot.auto.trigger.enabled = true (custom)
2019-10-03 20:09:53,097 [pool-459-thread-1] INFO  server.RaftServerConfigKeys (ConfUtils.java:logGet(43)) - raft.server.log.queue.element-limit = 1024 (custom)
2019-10-03 20:09:53,097 [pool-439-thread-1] INFO  server.RaftServerConfigKeys (ConfUtils.java:logGet(43)) - raft.server.log.queue.byte-limit = 2147483647 (custom)
2019-10-03 20:09:53,097 [pool-459-thread-1] INFO  server.RaftServerConfigKeys (ConfUtils.java:logGet(43)) - raft.server.log.segment.size.max = 1048576 (custom)
2019-10-03 20:09:53,097 [pool-419-thread-1] INFO  server.RaftServerConfigKeys (ConfUtils.java:logGet(43)) - raft.server.snapshot.auto.trigger.threshold = 10000 (custom)
2019-10-03 20:09:53,098 [pool-459-thread-1] INFO  server.RaftServerConfigKeys (ConfUtils.java:logGet(43)) - raft.server.log.preallocated.size = 16384 (custom)
2019-10-03 20:09:53,097 [pool-439-thread-1] INFO  server.RaftServerConfigKeys (ConfUtils.java:logGet(43)) - raft.server.log.queue.element-limit = 1024 (custom)
2019-10-03 20:09:53,098 [pool-459-thread-1] INFO  server.RaftServerConfigKeys (ConfUtils.java:logGet(43)) - raft.server.log.write.buffer.size = 33554432 (custom)
2019-10-03 20:09:53,098 [pool-419-thread-1] INFO  server.RaftServerConfigKeys (ConfUtils.java:logGet(43)) - raft.server.snapshot.retention.file.num = 5 (custom)
2019-10-03 20:09:53,098 [pool-459-thread-1] INFO  server.RaftServerConfigKeys (ConfUtils.java:logGet(43)) - raft.server.log.force.sync.num = 128 (default)
2019-10-03 20:09:53,098 [pool-439-thread-1] INFO  server.RaftServerConfigKeys (ConfUtils.java:logGet(43)) - raft.server.log.segment.size.max = 1048576 (custom)
2019-10-03 20:09:53,098 [pool-459-thread-1] INFO  server.RaftServerConfigKeys (ConfUtils.java:logGet(43)) - raft.server.log.statemachine.data.sync = true (default)
2019-10-03 20:09:53,098 [pool-419-thread-1] INFO  server.RaftServerConfigKeys (ConfUtils.java:logGet(43)) - raft.server.retrycache.expirytime = 600000ms (custom)
2019-10-03 20:09:53,099 [pool-459-thread-1] INFO  server.RaftServerConfigKeys (ConfUtils.java:logGet(43)) - raft.server.log.statemachine.data.sync.timeout = 10s (default)
2019-10-03 20:09:53,098 [pool-439-thread-1] INFO  server.RaftServerConfigKeys (ConfUtils.java:logGet(43)) - raft.server.log.preallocated.size = 16384 (custom)
2019-10-03 20:09:53,099 [pool-459-thread-1] INFO  server.RaftServerConfigKeys (ConfUtils.java:logGet(43)) - raft.server.log.statemachine.data.sync.timeout.retry = -1 (default)
2019-10-03 20:09:53,099 [pool-439-thread-1] INFO  server.RaftServerConfigKeys (ConfUtils.java:logGet(43)) - raft.server.log.write.buffer.size = 33554432 (custom)
2019-10-03 20:09:53,099 [pool-459-thread-1] INFO  server.RaftServerConfigKeys (ConfUtils.java:logGet(43)) - raft.server.log.statemachine.data.caching.enabled = true (custom)
2019-10-03 20:09:53,099 [pool-439-thread-1] INFO  server.RaftServerConfigKeys (ConfUtils.java:logGet(43)) - raft.server.log.force.sync.num = 128 (default)
2019-10-03 20:09:53,100 [pool-459-thread-1] INFO  segmented.SegmentedRaftLogWorker (SegmentedRaftLogWorker.java:lambda$new$0(128)) - fcbae8df-a1ef-4d91-9a5c-ec2b900fec62@group-4402E726854A-SegmentedRaftLogWorker: flushIndex: setUnconditionally 0 -> -1
2019-10-03 20:09:53,100 [pool-419-thread-1] INFO  impl.RaftServerImpl (RaftServerImpl.java:start(181)) - e7718313-8120-41cd-8acc-e928bdef59c5@group-4402E726854A: start as a follower, conf=-1: [fcbae8df-a1ef-4d91-9a5c-ec2b900fec62:192.168.30.7:38678, 2e253f7d-f237-4f64-bf0f-4e165c5afdc8:192.168.30.7:45089, e7718313-8120-41cd-8acc-e928bdef59c5:192.168.30.7:43413], old=null
2019-10-03 20:09:53,100 [pool-439-thread-1] INFO  server.RaftServerConfigKeys (ConfUtils.java:logGet(43)) - raft.server.log.statemachine.data.sync = true (default)
2019-10-03 20:09:53,100 [pool-459-thread-1] INFO  server.RaftServerConfigKeys (ConfUtils.java:logGet(43)) - raft.server.snapshot.auto.trigger.enabled = true (custom)
2019-10-03 20:09:53,100 [pool-419-thread-1] INFO  impl.RaftServerImpl (RaftServerImpl.java:setRole(170)) - e7718313-8120-41cd-8acc-e928bdef59c5@group-4402E726854A: changes role from      null to FOLLOWER at term 0 for startAsFollower
2019-10-03 20:09:53,100 [pool-459-thread-1] INFO  server.RaftServerConfigKeys (ConfUtils.java:logGet(43)) - raft.server.snapshot.auto.trigger.threshold = 10000 (custom)
2019-10-03 20:09:53,100 [pool-439-thread-1] INFO  server.RaftServerConfigKeys (ConfUtils.java:logGet(43)) - raft.server.log.statemachine.data.sync.timeout = 10s (default)
2019-10-03 20:09:53,101 [pool-459-thread-1] INFO  server.RaftServerConfigKeys (ConfUtils.java:logGet(43)) - raft.server.snapshot.retention.file.num = 5 (custom)
2019-10-03 20:09:53,100 [pool-419-thread-1] INFO  impl.RoleInfo (RoleInfo.java:updateAndGet(143)) - e7718313-8120-41cd-8acc-e928bdef59c5: start FollowerState
2019-10-03 20:09:53,101 [pool-459-thread-1] INFO  server.RaftServerConfigKeys (ConfUtils.java:logGet(43)) - raft.server.retrycache.expirytime = 600000ms (custom)
2019-10-03 20:09:53,101 [pool-439-thread-1] INFO  server.RaftServerConfigKeys (ConfUtils.java:logGet(43)) - raft.server.log.statemachine.data.sync.timeout.retry = -1 (default)
2019-10-03 20:09:53,101 [pool-419-thread-1] INFO  util.JmxRegister (JmxRegister.java:tryRegister(44)) - Successfully registered JMX Bean with object name Ratis:service=RaftServer,group=group-4402E726854A,id=e7718313-8120-41cd-8acc-e928bdef59c5
2019-10-03 20:09:53,101 [pool-439-thread-1] INFO  server.RaftServerConfigKeys (ConfUtils.java:logGet(43)) - raft.server.log.statemachine.data.caching.enabled = true (custom)
2019-10-03 20:09:53,102 [pool-439-thread-1] INFO  segmented.SegmentedRaftLogWorker (SegmentedRaftLogWorker.java:lambda$new$0(128)) - 2e253f7d-f237-4f64-bf0f-4e165c5afdc8@group-4402E726854A-SegmentedRaftLogWorker: flushIndex: setUnconditionally 0 -> -1
2019-10-03 20:09:53,102 [pool-439-thread-1] INFO  server.RaftServerConfigKeys (ConfUtils.java:logGet(43)) - raft.server.snapshot.auto.trigger.enabled = true (custom)
2019-10-03 20:09:53,102 [pool-439-thread-1] INFO  server.RaftServerConfigKeys (ConfUtils.java:logGet(43)) - raft.server.snapshot.auto.trigger.threshold = 10000 (custom)
2019-10-03 20:09:53,102 [pool-439-thread-1] INFO  server.RaftServerConfigKeys (ConfUtils.java:logGet(43)) - raft.server.snapshot.retention.file.num = 5 (custom)
2019-10-03 20:09:53,102 [pool-439-thread-1] INFO  server.RaftServerConfigKeys (ConfUtils.java:logGet(43)) - raft.server.retrycache.expirytime = 600000ms (custom)
2019-10-03 20:09:53,104 [pool-459-thread-1] INFO  impl.RaftServerImpl (RaftServerImpl.java:start(181)) - fcbae8df-a1ef-4d91-9a5c-ec2b900fec62@group-4402E726854A: start as a follower, conf=-1: [fcbae8df-a1ef-4d91-9a5c-ec2b900fec62:192.168.30.7:38678, 2e253f7d-f237-4f64-bf0f-4e165c5afdc8:192.168.30.7:45089, e7718313-8120-41cd-8acc-e928bdef59c5:192.168.30.7:43413], old=null
2019-10-03 20:09:53,104 [pool-459-thread-1] INFO  impl.RaftServerImpl (RaftServerImpl.java:setRole(170)) - fcbae8df-a1ef-4d91-9a5c-ec2b900fec62@group-4402E726854A: changes role from      null to FOLLOWER at term 0 for startAsFollower
2019-10-03 20:09:53,104 [pool-459-thread-1] INFO  impl.RoleInfo (RoleInfo.java:updateAndGet(143)) - fcbae8df-a1ef-4d91-9a5c-ec2b900fec62: start FollowerState
2019-10-03 20:09:53,104 [pool-459-thread-1] INFO  util.JmxRegister (JmxRegister.java:tryRegister(44)) - Successfully registered JMX Bean with object name Ratis:service=RaftServer,group=group-4402E726854A,id=fcbae8df-a1ef-4d91-9a5c-ec2b900fec62
2019-10-03 20:09:53,104 [pool-439-thread-1] INFO  impl.RaftServerImpl (RaftServerImpl.java:start(181)) - 2e253f7d-f237-4f64-bf0f-4e165c5afdc8@group-4402E726854A: start as a follower, conf=-1: [fcbae8df-a1ef-4d91-9a5c-ec2b900fec62:192.168.30.7:38678, 2e253f7d-f237-4f64-bf0f-4e165c5afdc8:192.168.30.7:45089, e7718313-8120-41cd-8acc-e928bdef59c5:192.168.30.7:43413], old=null
2019-10-03 20:09:53,105 [pool-439-thread-1] INFO  impl.RaftServerImpl (RaftServerImpl.java:setRole(170)) - 2e253f7d-f237-4f64-bf0f-4e165c5afdc8@group-4402E726854A: changes role from      null to FOLLOWER at term 0 for startAsFollower
2019-10-03 20:09:53,105 [pool-439-thread-1] INFO  impl.RoleInfo (RoleInfo.java:updateAndGet(143)) - 2e253f7d-f237-4f64-bf0f-4e165c5afdc8: start FollowerState
2019-10-03 20:09:53,105 [pool-439-thread-1] INFO  util.JmxRegister (JmxRegister.java:tryRegister(44)) - Successfully registered JMX Bean with object name Ratis:service=RaftServer,group=group-4402E726854A,id=2e253f7d-f237-4f64-bf0f-4e165c5afdc8
2019-10-03 20:09:53,109 [RatisPipelineUtilsThread] INFO  pipeline.PipelineStateManager (PipelineStateManager.java:addPipeline(56)) - Created pipeline Pipeline[ Id: b304383e-c118-465f-89cb-4402e726854a, Nodes: 2e253f7d-f237-4f64-bf0f-4e165c5afdc8{ip: 192.168.30.7, host: pr-hdds-2230-vt4bl-2581040744, networkLocation: /default-rack, certSerialId: null}e7718313-8120-41cd-8acc-e928bdef59c5{ip: 192.168.30.7, host: pr-hdds-2230-vt4bl-2581040744, networkLocation: /default-rack, certSerialId: null}fcbae8df-a1ef-4d91-9a5c-ec2b900fec62{ip: 192.168.30.7, host: pr-hdds-2230-vt4bl-2581040744, networkLocation: /default-rack, certSerialId: null}, Type:RATIS, Factor:THREE, State:OPEN]
2019-10-03 20:09:53,116 [grpc-default-executor-16] INFO  impl.RaftServerProxy (RaftServerProxy.java:addNew(89)) - 6304382c-6a8e-48d1-8d6a-351f8b4f168f: addNew group-4CD786C74E9C:[b6b7042a-ec65-4978-975f-2a155c42500f:192.168.30.7:40160, 4a355be9-49a6-46bb-9525-54ce14c2d0bc:192.168.30.7:34819, 6304382c-6a8e-48d1-8d6a-351f8b4f168f:192.168.30.7:44479] returns group-4CD786C74E9C:java.util.concurrent.CompletableFuture@c5f268d[Not completed]
2019-10-03 20:09:53,116 [grpc-default-executor-13] INFO  impl.RaftServerProxy (RaftServerProxy.java:addNew(89)) - 4a355be9-49a6-46bb-9525-54ce14c2d0bc: addNew group-4CD786C74E9C:[b6b7042a-ec65-4978-975f-2a155c42500f:192.168.30.7:40160, 4a355be9-49a6-46bb-9525-54ce14c2d0bc:192.168.30.7:34819, 6304382c-6a8e-48d1-8d6a-351f8b4f168f:192.168.30.7:44479] returns group-4CD786C74E9C:java.util.concurrent.CompletableFuture@9b7f84a[Not completed]
2019-10-03 20:09:53,116 [grpc-default-executor-14] INFO  impl.RaftServerProxy (RaftServerProxy.java:addNew(89)) - b6b7042a-ec65-4978-975f-2a155c42500f: addNew group-4CD786C74E9C:[b6b7042a-ec65-4978-975f-2a155c42500f:192.168.30.7:40160, 4a355be9-49a6-46bb-9525-54ce14c2d0bc:192.168.30.7:34819, 6304382c-6a8e-48d1-8d6a-351f8b4f168f:192.168.30.7:44479] returns group-4CD786C74E9C:java.util.concurrent.CompletableFuture@5dee734e[Not completed]
2019-10-03 20:09:53,120 [pool-469-thread-1] INFO  impl.RaftServerImpl (RaftServerImpl.java:<init>(95)) - 6304382c-6a8e-48d1-8d6a-351f8b4f168f: new RaftServerImpl for group-4CD786C74E9C:[b6b7042a-ec65-4978-975f-2a155c42500f:192.168.30.7:40160, 4a355be9-49a6-46bb-9525-54ce14c2d0bc:192.168.30.7:34819, 6304382c-6a8e-48d1-8d6a-351f8b4f168f:192.168.30.7:44479] with ContainerStateMachine:uninitialized
2019-10-03 20:09:53,120 [pool-469-thread-1] INFO  server.RaftServerConfigKeys (ConfUtils.java:logGet(43)) - raft.server.rpc.timeout.min = 5s (custom)
2019-10-03 20:09:53,120 [pool-469-thread-1] INFO  server.RaftServerConfigKeys (ConfUtils.java:logGet(43)) - raft.server.rpc.timeout.max = 5200ms (custom)
2019-10-03 20:09:53,120 [pool-469-thread-1] INFO  server.RaftServerConfigKeys (ConfUtils.java:logGet(43)) - raft.server.rpcslowness.timeout = 120s (custom)
2019-10-03 20:09:53,120 [pool-469-thread-1] INFO  server.RaftServerConfigKeys (ConfUtils.java:logGet(43)) - raft.server.sleep.deviation.threshold = 300 (default)
2019-10-03 20:09:53,120 [pool-469-thread-1] INFO  server.RaftServerConfigKeys (ConfUtils.java:logGet(43)) - raft.server.log.appender.install.snapshot.enabled = false (custom)
2019-10-03 20:09:53,120 [pool-469-thread-1] INFO  impl.RaftServerImpl (ServerState.java:<init>(103)) - 6304382c-6a8e-48d1-8d6a-351f8b4f168f@group-4CD786C74E9C: ConfigurationManager, init=-1: [b6b7042a-ec65-4978-975f-2a155c42500f:192.168.30.7:40160, 4a355be9-49a6-46bb-9525-54ce14c2d0bc:192.168.30.7:34819, 6304382c-6a8e-48d1-8d6a-351f8b4f168f:192.168.30.7:44479], old=null, confs=<EMPTY_MAP>
2019-10-03 20:09:53,120 [pool-469-thread-1] INFO  server.RaftServerConfigKeys (ConfUtils.java:logGet(43)) - raft.server.storage.dir = [/workdir/hadoop-ozone/integration-test/target/test-dir/MiniOzoneClusterImpl-16e450bc-7d29-4cce-9510-730a56775e77/datanode-6/data/ratis] (custom)
2019-10-03 20:09:53,120 [pool-429-thread-1] INFO  impl.RaftServerImpl (RaftServerImpl.java:<init>(95)) - 4a355be9-49a6-46bb-9525-54ce14c2d0bc: new RaftServerImpl for group-4CD786C74E9C:[b6b7042a-ec65-4978-975f-2a155c42500f:192.168.30.7:40160, 4a355be9-49a6-46bb-9525-54ce14c2d0bc:192.168.30.7:34819, 6304382c-6a8e-48d1-8d6a-351f8b4f168f:192.168.30.7:44479] with ContainerStateMachine:uninitialized
2019-10-03 20:09:53,121 [pool-469-thread-1] INFO  server.RaftServerConfigKeys (ConfUtils.java:logGet(43)) - raft.server.log.corruption.policy = EXCEPTION (default)
2019-10-03 20:09:53,121 [pool-449-thread-1] INFO  impl.RaftServerImpl (RaftServerImpl.java:<init>(95)) - b6b7042a-ec65-4978-975f-2a155c42500f: new RaftServerImpl for group-4CD786C74E9C:[b6b7042a-ec65-4978-975f-2a155c42500f:192.168.30.7:40160, 4a355be9-49a6-46bb-9525-54ce14c2d0bc:192.168.30.7:34819, 6304382c-6a8e-48d1-8d6a-351f8b4f168f:192.168.30.7:44479] with ContainerStateMachine:uninitialized
2019-10-03 20:09:53,121 [pool-469-thread-1] INFO  storage.RaftStorageDirectory (RaftStorageDirectory.java:analyzeStorage(246)) - The storage directory /workdir/hadoop-ozone/integration-test/target/test-dir/MiniOzoneClusterImpl-16e450bc-7d29-4cce-9510-730a56775e77/datanode-6/data/ratis/86454b32-97eb-4355-b939-4cd786c74e9c does not exist. Creating ...
2019-10-03 20:09:53,121 [pool-429-thread-1] INFO  server.RaftServerConfigKeys (ConfUtils.java:logGet(43)) - raft.server.rpc.timeout.min = 5s (custom)
2019-10-03 20:09:53,121 [pool-449-thread-1] INFO  server.RaftServerConfigKeys (ConfUtils.java:logGet(43)) - raft.server.rpc.timeout.min = 5s (custom)
2019-10-03 20:09:53,121 [pool-429-thread-1] INFO  server.RaftServerConfigKeys (ConfUtils.java:logGet(43)) - raft.server.rpc.timeout.max = 5200ms (custom)
2019-10-03 20:09:53,121 [pool-449-thread-1] INFO  server.RaftServerConfigKeys (ConfUtils.java:logGet(43)) - raft.server.rpc.timeout.max = 5200ms (custom)
2019-10-03 20:09:53,121 [pool-429-thread-1] INFO  server.RaftServerConfigKeys (ConfUtils.java:logGet(43)) - raft.server.rpcslowness.timeout = 120s (custom)
2019-10-03 20:09:53,121 [pool-449-thread-1] INFO  server.RaftServerConfigKeys (ConfUtils.java:logGet(43)) - raft.server.rpcslowness.timeout = 120s (custom)
2019-10-03 20:09:53,121 [pool-429-thread-1] INFO  server.RaftServerConfigKeys (ConfUtils.java:logGet(43)) - raft.server.sleep.deviation.threshold = 300 (default)
2019-10-03 20:09:53,121 [pool-449-thread-1] INFO  server.RaftServerConfigKeys (ConfUtils.java:logGet(43)) - raft.server.sleep.deviation.threshold = 300 (default)
2019-10-03 20:09:53,121 [pool-429-thread-1] INFO  server.RaftServerConfigKeys (ConfUtils.java:logGet(43)) - raft.server.log.appender.install.snapshot.enabled = false (custom)
2019-10-03 20:09:53,122 [pool-449-thread-1] INFO  server.RaftServerConfigKeys (ConfUtils.java:logGet(43)) - raft.server.log.appender.install.snapshot.enabled = false (custom)
2019-10-03 20:09:53,122 [pool-429-thread-1] INFO  impl.RaftServerImpl (ServerState.java:<init>(103)) - 4a355be9-49a6-46bb-9525-54ce14c2d0bc@group-4CD786C74E9C: ConfigurationManager, init=-1: [b6b7042a-ec65-4978-975f-2a155c42500f:192.168.30.7:40160, 4a355be9-49a6-46bb-9525-54ce14c2d0bc:192.168.30.7:34819, 6304382c-6a8e-48d1-8d6a-351f8b4f168f:192.168.30.7:44479], old=null, confs=<EMPTY_MAP>
2019-10-03 20:09:53,122 [pool-449-thread-1] INFO  impl.RaftServerImpl (ServerState.java:<init>(103)) - b6b7042a-ec65-4978-975f-2a155c42500f@group-4CD786C74E9C: ConfigurationManager, init=-1: [b6b7042a-ec65-4978-975f-2a155c42500f:192.168.30.7:40160, 4a355be9-49a6-46bb-9525-54ce14c2d0bc:192.168.30.7:34819, 6304382c-6a8e-48d1-8d6a-351f8b4f168f:192.168.30.7:44479], old=null, confs=<EMPTY_MAP>
2019-10-03 20:09:53,122 [pool-429-thread-1] INFO  server.RaftServerConfigKeys (ConfUtils.java:logGet(43)) - raft.server.storage.dir = [/workdir/hadoop-ozone/integration-test/target/test-dir/MiniOzoneClusterImpl-16e450bc-7d29-4cce-9510-730a56775e77/datanode-2/data/ratis] (custom)
2019-10-03 20:09:53,122 [pool-449-thread-1] INFO  server.RaftServerConfigKeys (ConfUtils.java:logGet(43)) - raft.server.storage.dir = [/workdir/hadoop-ozone/integration-test/target/test-dir/MiniOzoneClusterImpl-16e450bc-7d29-4cce-9510-730a56775e77/datanode-4/data/ratis] (custom)
2019-10-03 20:09:53,122 [pool-429-thread-1] INFO  server.RaftServerConfigKeys (ConfUtils.java:logGet(43)) - raft.server.log.corruption.policy = EXCEPTION (default)
2019-10-03 20:09:53,122 [pool-449-thread-1] INFO  server.RaftServerConfigKeys (ConfUtils.java:logGet(43)) - raft.server.log.corruption.policy = EXCEPTION (default)
2019-10-03 20:09:53,122 [pool-429-thread-1] INFO  storage.RaftStorageDirectory (RaftStorageDirectory.java:analyzeStorage(246)) - The storage directory /workdir/hadoop-ozone/integration-test/target/test-dir/MiniOzoneClusterImpl-16e450bc-7d29-4cce-9510-730a56775e77/datanode-2/data/ratis/86454b32-97eb-4355-b939-4cd786c74e9c does not exist. Creating ...
2019-10-03 20:09:53,122 [pool-449-thread-1] INFO  storage.RaftStorageDirectory (RaftStorageDirectory.java:analyzeStorage(246)) - The storage directory /workdir/hadoop-ozone/integration-test/target/test-dir/MiniOzoneClusterImpl-16e450bc-7d29-4cce-9510-730a56775e77/datanode-4/data/ratis/86454b32-97eb-4355-b939-4cd786c74e9c does not exist. Creating ...
2019-10-03 20:09:53,160 [pool-449-thread-1] INFO  storage.RaftStorageDirectory (RaftStorageDirectory.java:tryLock(328)) - Lock on /workdir/hadoop-ozone/integration-test/target/test-dir/MiniOzoneClusterImpl-16e450bc-7d29-4cce-9510-730a56775e77/datanode-4/data/ratis/86454b32-97eb-4355-b939-4cd786c74e9c/in_use.lock acquired by nodename 24992@pr-hdds-2230-vt4bl-2581040744
2019-10-03 20:09:53,160 [pool-429-thread-1] INFO  storage.RaftStorageDirectory (RaftStorageDirectory.java:tryLock(328)) - Lock on /workdir/hadoop-ozone/integration-test/target/test-dir/MiniOzoneClusterImpl-16e450bc-7d29-4cce-9510-730a56775e77/datanode-2/data/ratis/86454b32-97eb-4355-b939-4cd786c74e9c/in_use.lock acquired by nodename 24992@pr-hdds-2230-vt4bl-2581040744
2019-10-03 20:09:53,160 [pool-469-thread-1] INFO  storage.RaftStorageDirectory (RaftStorageDirectory.java:tryLock(328)) - Lock on /workdir/hadoop-ozone/integration-test/target/test-dir/MiniOzoneClusterImpl-16e450bc-7d29-4cce-9510-730a56775e77/datanode-6/data/ratis/86454b32-97eb-4355-b939-4cd786c74e9c/in_use.lock acquired by nodename 24992@pr-hdds-2230-vt4bl-2581040744
2019-10-03 20:09:53,186 [pool-429-thread-1] INFO  storage.RaftStorage (RaftStorage.java:format(84)) - Storage directory /workdir/hadoop-ozone/integration-test/target/test-dir/MiniOzoneClusterImpl-16e450bc-7d29-4cce-9510-730a56775e77/datanode-2/data/ratis/86454b32-97eb-4355-b939-4cd786c74e9c has been successfully formatted.
2019-10-03 20:09:53,186 [pool-449-thread-1] INFO  storage.RaftStorage (RaftStorage.java:format(84)) - Storage directory /workdir/hadoop-ozone/integration-test/target/test-dir/MiniOzoneClusterImpl-16e450bc-7d29-4cce-9510-730a56775e77/datanode-4/data/ratis/86454b32-97eb-4355-b939-4cd786c74e9c has been successfully formatted.
2019-10-03 20:09:53,186 [pool-469-thread-1] INFO  storage.RaftStorage (RaftStorage.java:format(84)) - Storage directory /workdir/hadoop-ozone/integration-test/target/test-dir/MiniOzoneClusterImpl-16e450bc-7d29-4cce-9510-730a56775e77/datanode-6/data/ratis/86454b32-97eb-4355-b939-4cd786c74e9c has been successfully formatted.
2019-10-03 20:09:53,186 [pool-429-thread-1] INFO  ratis.ContainerStateMachine (ContainerStateMachine.java:loadSnapshot(230)) - group-4CD786C74E9C: The snapshot info is null. Setting the last applied indexto:(t:0, i:~)
2019-10-03 20:09:53,186 [pool-449-thread-1] INFO  ratis.ContainerStateMachine (ContainerStateMachine.java:loadSnapshot(230)) - group-4CD786C74E9C: The snapshot info is null. Setting the last applied indexto:(t:0, i:~)
2019-10-03 20:09:53,186 [pool-429-thread-1] INFO  server.RaftServerConfigKeys (ConfUtils.java:logGet(43)) - raft.server.notification.no-leader.timeout = 120s (custom)
2019-10-03 20:09:53,186 [pool-469-thread-1] INFO  ratis.ContainerStateMachine (ContainerStateMachine.java:loadSnapshot(230)) - group-4CD786C74E9C: The snapshot info is null. Setting the last applied indexto:(t:0, i:~)
2019-10-03 20:09:53,186 [pool-429-thread-1] INFO  server.RaftServerConfigKeys (ConfUtils.java:logGet(43)) - raft.server.log.use.memory = false (default)
2019-10-03 20:09:53,186 [pool-449-thread-1] INFO  server.RaftServerConfigKeys (ConfUtils.java:logGet(43)) - raft.server.notification.no-leader.timeout = 120s (custom)
2019-10-03 20:09:53,186 [pool-429-thread-1] INFO  server.RaftServerConfigKeys (ConfUtils.java:logGet(43)) - raft.server.log.purge.gap = 1000000 (custom)
2019-10-03 20:09:53,186 [pool-469-thread-1] INFO  server.RaftServerConfigKeys (ConfUtils.java:logGet(43)) - raft.server.notification.no-leader.timeout = 120s (custom)
2019-10-03 20:09:53,187 [pool-429-thread-1] INFO  server.RaftServerConfigKeys (ConfUtils.java:logGet(43)) - raft.server.log.appender.buffer.byte-limit = 33554432 (custom)
2019-10-03 20:09:53,186 [pool-449-thread-1] INFO  server.RaftServerConfigKeys (ConfUtils.java:logGet(43)) - raft.server.log.use.memory = false (default)
2019-10-03 20:09:53,187 [pool-429-thread-1] INFO  server.RaftServerConfigKeys (ConfUtils.java:logGet(43)) - raft.server.log.segment.size.max = 1048576 (custom)
2019-10-03 20:09:53,187 [pool-469-thread-1] INFO  server.RaftServerConfigKeys (ConfUtils.java:logGet(43)) - raft.server.log.use.memory = false (default)
2019-10-03 20:09:53,187 [pool-429-thread-1] INFO  server.RaftServerConfigKeys (ConfUtils.java:logGet(43)) - raft.server.log.segment.cache.num.max = 2 (custom)
2019-10-03 20:09:53,187 [pool-449-thread-1] INFO  server.RaftServerConfigKeys (ConfUtils.java:logGet(43)) - raft.server.log.purge.gap = 1000000 (custom)
2019-10-03 20:09:53,187 [pool-429-thread-1] INFO  segmented.SegmentedRaftLogWorker (SegmentedRaftLogWorker.java:<init>(173)) - new 4a355be9-49a6-46bb-9525-54ce14c2d0bc@group-4CD786C74E9C-SegmentedRaftLogWorker for RaftStorage:Storage Directory /workdir/hadoop-ozone/integration-test/target/test-dir/MiniOzoneClusterImpl-16e450bc-7d29-4cce-9510-730a56775e77/datanode-2/data/ratis/86454b32-97eb-4355-b939-4cd786c74e9c
2019-10-03 20:09:53,187 [pool-469-thread-1] INFO  server.RaftServerConfigKeys (ConfUtils.java:logGet(43)) - raft.server.log.purge.gap = 1000000 (custom)
2019-10-03 20:09:53,187 [pool-429-thread-1] INFO  server.RaftServerConfigKeys (ConfUtils.java:logGet(43)) - raft.server.log.queue.byte-limit = 2147483647 (custom)
2019-10-03 20:09:53,187 [pool-449-thread-1] INFO  server.RaftServerConfigKeys (ConfUtils.java:logGet(43)) - raft.server.log.appender.buffer.byte-limit = 33554432 (custom)
2019-10-03 20:09:53,187 [pool-429-thread-1] INFO  server.RaftServerConfigKeys (ConfUtils.java:logGet(43)) - raft.server.log.queue.element-limit = 1024 (custom)
2019-10-03 20:09:53,187 [pool-469-thread-1] INFO  server.RaftServerConfigKeys (ConfUtils.java:logGet(43)) - raft.server.log.appender.buffer.byte-limit = 33554432 (custom)
2019-10-03 20:09:53,188 [pool-429-thread-1] INFO  server.RaftServerConfigKeys (ConfUtils.java:logGet(43)) - raft.server.log.segment.size.max = 1048576 (custom)
2019-10-03 20:09:53,187 [pool-449-thread-1] INFO  server.RaftServerConfigKeys (ConfUtils.java:logGet(43)) - raft.server.log.segment.size.max = 1048576 (custom)
2019-10-03 20:09:53,188 [pool-429-thread-1] INFO  server.RaftServerConfigKeys (ConfUtils.java:logGet(43)) - raft.server.log.preallocated.size = 16384 (custom)
2019-10-03 20:09:53,188 [pool-469-thread-1] INFO  server.RaftServerConfigKeys (ConfUtils.java:logGet(43)) - raft.server.log.segment.size.max = 1048576 (custom)
2019-10-03 20:09:53,188 [pool-429-thread-1] INFO  server.RaftServerConfigKeys (ConfUtils.java:logGet(43)) - raft.server.log.write.buffer.size = 33554432 (custom)
2019-10-03 20:09:53,188 [pool-449-thread-1] INFO  server.RaftServerConfigKeys (ConfUtils.java:logGet(43)) - raft.server.log.segment.cache.num.max = 2 (custom)
2019-10-03 20:09:53,188 [pool-429-thread-1] INFO  server.RaftServerConfigKeys (ConfUtils.java:logGet(43)) - raft.server.log.force.sync.num = 128 (default)
2019-10-03 20:09:53,188 [pool-429-thread-1] INFO  server.RaftServerConfigKeys (ConfUtils.java:logGet(43)) - raft.server.log.statemachine.data.sync = true (default)
2019-10-03 20:09:53,188 [pool-469-thread-1] INFO  server.RaftServerConfigKeys (ConfUtils.java:logGet(43)) - raft.server.log.segment.cache.num.max = 2 (custom)
2019-10-03 20:09:53,188 [pool-429-thread-1] INFO  server.RaftServerConfigKeys (ConfUtils.java:logGet(43)) - raft.server.log.statemachine.data.sync.timeout = 10s (default)
2019-10-03 20:09:53,188 [pool-449-thread-1] INFO  segmented.SegmentedRaftLogWorker (SegmentedRaftLogWorker.java:<init>(173)) - new b6b7042a-ec65-4978-975f-2a155c42500f@group-4CD786C74E9C-SegmentedRaftLogWorker for RaftStorage:Storage Directory /workdir/hadoop-ozone/integration-test/target/test-dir/MiniOzoneClusterImpl-16e450bc-7d29-4cce-9510-730a56775e77/datanode-4/data/ratis/86454b32-97eb-4355-b939-4cd786c74e9c
2019-10-03 20:09:53,189 [pool-429-thread-1] INFO  server.RaftServerConfigKeys (ConfUtils.java:logGet(43)) - raft.server.log.statemachine.data.sync.timeout.retry = -1 (default)
2019-10-03 20:09:53,188 [pool-469-thread-1] INFO  segmented.SegmentedRaftLogWorker (SegmentedRaftLogWorker.java:<init>(173)) - new 6304382c-6a8e-48d1-8d6a-351f8b4f168f@group-4CD786C74E9C-SegmentedRaftLogWorker for RaftStorage:Storage Directory /workdir/hadoop-ozone/integration-test/target/test-dir/MiniOzoneClusterImpl-16e450bc-7d29-4cce-9510-730a56775e77/datanode-6/data/ratis/86454b32-97eb-4355-b939-4cd786c74e9c
2019-10-03 20:09:53,189 [pool-429-thread-1] INFO  server.RaftServerConfigKeys (ConfUtils.java:logGet(43)) - raft.server.log.statemachine.data.caching.enabled = true (custom)
2019-10-03 20:09:53,189 [pool-449-thread-1] INFO  server.RaftServerConfigKeys (ConfUtils.java:logGet(43)) - raft.server.log.queue.byte-limit = 2147483647 (custom)
2019-10-03 20:09:53,189 [pool-469-thread-1] INFO  server.RaftServerConfigKeys (ConfUtils.java:logGet(43)) - raft.server.log.queue.byte-limit = 2147483647 (custom)
2019-10-03 20:09:53,189 [pool-429-thread-1] INFO  segmented.SegmentedRaftLogWorker (SegmentedRaftLogWorker.java:lambda$new$0(128)) - 4a355be9-49a6-46bb-9525-54ce14c2d0bc@group-4CD786C74E9C-SegmentedRaftLogWorker: flushIndex: setUnconditionally 0 -> -1
2019-10-03 20:09:53,189 [pool-449-thread-1] INFO  server.RaftServerConfigKeys (ConfUtils.java:logGet(43)) - raft.server.log.queue.element-limit = 1024 (custom)
2019-10-03 20:09:53,189 [pool-469-thread-1] INFO  server.RaftServerConfigKeys (ConfUtils.java:logGet(43)) - raft.server.log.queue.element-limit = 1024 (custom)
2019-10-03 20:09:53,189 [pool-429-thread-1] INFO  server.RaftServerConfigKeys (ConfUtils.java:logGet(43)) - raft.server.snapshot.auto.trigger.enabled = true (custom)
2019-10-03 20:09:53,189 [pool-449-thread-1] INFO  server.RaftServerConfigKeys (ConfUtils.java:logGet(43)) - raft.server.log.segment.size.max = 1048576 (custom)
2019-10-03 20:09:53,190 [pool-429-thread-1] INFO  server.RaftServerConfigKeys (ConfUtils.java:logGet(43)) - raft.server.snapshot.auto.trigger.threshold = 10000 (custom)
2019-10-03 20:09:53,190 [pool-469-thread-1] INFO  server.RaftServerConfigKeys (ConfUtils.java:logGet(43)) - raft.server.log.segment.size.max = 1048576 (custom)
2019-10-03 20:09:53,190 [pool-429-thread-1] INFO  server.RaftServerConfigKeys (ConfUtils.java:logGet(43)) - raft.server.snapshot.retention.file.num = 5 (custom)
2019-10-03 20:09:53,190 [pool-449-thread-1] INFO  server.RaftServerConfigKeys (ConfUtils.java:logGet(43)) - raft.server.log.preallocated.size = 16384 (custom)
2019-10-03 20:09:53,190 [pool-429-thread-1] INFO  server.RaftServerConfigKeys (ConfUtils.java:logGet(43)) - raft.server.retrycache.expirytime = 600000ms (custom)
2019-10-03 20:09:53,190 [pool-469-thread-1] INFO  server.RaftServerConfigKeys (ConfUtils.java:logGet(43)) - raft.server.log.preallocated.size = 16384 (custom)
2019-10-03 20:09:53,190 [pool-449-thread-1] INFO  server.RaftServerConfigKeys (ConfUtils.java:logGet(43)) - raft.server.log.write.buffer.size = 33554432 (custom)
2019-10-03 20:09:53,190 [pool-469-thread-1] INFO  server.RaftServerConfigKeys (ConfUtils.java:logGet(43)) - raft.server.log.write.buffer.size = 33554432 (custom)
2019-10-03 20:09:53,190 [pool-449-thread-1] INFO  server.RaftServerConfigKeys (ConfUtils.java:logGet(43)) - raft.server.log.force.sync.num = 128 (default)
2019-10-03 20:09:53,190 [pool-469-thread-1] INFO  server.RaftServerConfigKeys (ConfUtils.java:logGet(43)) - raft.server.log.force.sync.num = 128 (default)
2019-10-03 20:09:53,191 [pool-449-thread-1] INFO  server.RaftServerConfigKeys (ConfUtils.java:logGet(43)) - raft.server.log.statemachine.data.sync = true (default)
2019-10-03 20:09:53,191 [pool-469-thread-1] INFO  server.RaftServerConfigKeys (ConfUtils.java:logGet(43)) - raft.server.log.statemachine.data.sync = true (default)
2019-10-03 20:09:53,191 [pool-449-thread-1] INFO  server.RaftServerConfigKeys (ConfUtils.java:logGet(43)) - raft.server.log.statemachine.data.sync.timeout = 10s (default)
2019-10-03 20:09:53,191 [pool-469-thread-1] INFO  server.RaftServerConfigKeys (ConfUtils.java:logGet(43)) - raft.server.log.statemachine.data.sync.timeout = 10s (default)
2019-10-03 20:09:53,191 [pool-429-thread-1] INFO  impl.RaftServerImpl (RaftServerImpl.java:start(181)) - 4a355be9-49a6-46bb-9525-54ce14c2d0bc@group-4CD786C74E9C: start as a follower, conf=-1: [b6b7042a-ec65-4978-975f-2a155c42500f:192.168.30.7:40160, 4a355be9-49a6-46bb-9525-54ce14c2d0bc:192.168.30.7:34819, 6304382c-6a8e-48d1-8d6a-351f8b4f168f:192.168.30.7:44479], old=null
2019-10-03 20:09:53,191 [pool-449-thread-1] INFO  server.RaftServerConfigKeys (ConfUtils.java:logGet(43)) - raft.server.log.statemachine.data.sync.timeout.retry = -1 (default)
2019-10-03 20:09:53,191 [pool-429-thread-1] INFO  impl.RaftServerImpl (RaftServerImpl.java:setRole(170)) - 4a355be9-49a6-46bb-9525-54ce14c2d0bc@group-4CD786C74E9C: changes role from      null to FOLLOWER at term 0 for startAsFollower
2019-10-03 20:09:53,191 [pool-469-thread-1] INFO  server.RaftServerConfigKeys (ConfUtils.java:logGet(43)) - raft.server.log.statemachine.data.sync.timeout.retry = -1 (default)
2019-10-03 20:09:53,191 [pool-429-thread-1] INFO  impl.RoleInfo (RoleInfo.java:updateAndGet(143)) - 4a355be9-49a6-46bb-9525-54ce14c2d0bc: start FollowerState
2019-10-03 20:09:53,192 [pool-469-thread-1] INFO  server.RaftServerConfigKeys (ConfUtils.java:logGet(43)) - raft.server.log.statemachine.data.caching.enabled = true (custom)
2019-10-03 20:09:53,191 [pool-449-thread-1] INFO  server.RaftServerConfigKeys (ConfUtils.java:logGet(43)) - raft.server.log.statemachine.data.caching.enabled = true (custom)
2019-10-03 20:09:53,192 [pool-429-thread-1] INFO  util.JmxRegister (JmxRegister.java:tryRegister(44)) - Successfully registered JMX Bean with object name Ratis:service=RaftServer,group=group-4CD786C74E9C,id=4a355be9-49a6-46bb-9525-54ce14c2d0bc
2019-10-03 20:09:53,192 [pool-469-thread-1] INFO  segmented.SegmentedRaftLogWorker (SegmentedRaftLogWorker.java:lambda$new$0(128)) - 6304382c-6a8e-48d1-8d6a-351f8b4f168f@group-4CD786C74E9C-SegmentedRaftLogWorker: flushIndex: setUnconditionally 0 -> -1
2019-10-03 20:09:53,192 [pool-449-thread-1] INFO  segmented.SegmentedRaftLogWorker (SegmentedRaftLogWorker.java:lambda$new$0(128)) - b6b7042a-ec65-4978-975f-2a155c42500f@group-4CD786C74E9C-SegmentedRaftLogWorker: flushIndex: setUnconditionally 0 -> -1
2019-10-03 20:09:53,192 [pool-469-thread-1] INFO  server.RaftServerConfigKeys (ConfUtils.java:logGet(43)) - raft.server.snapshot.auto.trigger.enabled = true (custom)
2019-10-03 20:09:53,192 [pool-449-thread-1] INFO  server.RaftServerConfigKeys (ConfUtils.java:logGet(43)) - raft.server.snapshot.auto.trigger.enabled = true (custom)
2019-10-03 20:09:53,193 [pool-469-thread-1] INFO  server.RaftServerConfigKeys (ConfUtils.java:logGet(43)) - raft.server.snapshot.auto.trigger.threshold = 10000 (custom)
2019-10-03 20:09:53,193 [pool-449-thread-1] INFO  server.RaftServerConfigKeys (ConfUtils.java:logGet(43)) - raft.server.snapshot.auto.trigger.threshold = 10000 (custom)
2019-10-03 20:09:53,193 [pool-469-thread-1] INFO  server.RaftServerConfigKeys (ConfUtils.java:logGet(43)) - raft.server.snapshot.retention.file.num = 5 (custom)
2019-10-03 20:09:53,193 [pool-449-thread-1] INFO  server.RaftServerConfigKeys (ConfUtils.java:logGet(43)) - raft.server.snapshot.retention.file.num = 5 (custom)
2019-10-03 20:09:53,193 [pool-449-thread-1] INFO  server.RaftServerConfigKeys (ConfUtils.java:logGet(43)) - raft.server.retrycache.expirytime = 600000ms (custom)
2019-10-03 20:09:53,193 [pool-469-thread-1] INFO  server.RaftServerConfigKeys (ConfUtils.java:logGet(43)) - raft.server.retrycache.expirytime = 600000ms (custom)
2019-10-03 20:09:53,194 [pool-449-thread-1] INFO  impl.RaftServerImpl (RaftServerImpl.java:start(181)) - b6b7042a-ec65-4978-975f-2a155c42500f@group-4CD786C74E9C: start as a follower, conf=-1: [b6b7042a-ec65-4978-975f-2a155c42500f:192.168.30.7:40160, 4a355be9-49a6-46bb-9525-54ce14c2d0bc:192.168.30.7:34819, 6304382c-6a8e-48d1-8d6a-351f8b4f168f:192.168.30.7:44479], old=null
2019-10-03 20:09:53,195 [pool-449-thread-1] INFO  impl.RaftServerImpl (RaftServerImpl.java:setRole(170)) - b6b7042a-ec65-4978-975f-2a155c42500f@group-4CD786C74E9C: changes role from      null to FOLLOWER at term 0 for startAsFollower
2019-10-03 20:09:53,195 [pool-449-thread-1] INFO  impl.RoleInfo (RoleInfo.java:updateAndGet(143)) - b6b7042a-ec65-4978-975f-2a155c42500f: start FollowerState
2019-10-03 20:09:53,195 [pool-449-thread-1] INFO  util.JmxRegister (JmxRegister.java:tryRegister(44)) - Successfully registered JMX Bean with object name Ratis:service=RaftServer,group=group-4CD786C74E9C,id=b6b7042a-ec65-4978-975f-2a155c42500f
2019-10-03 20:09:53,196 [pool-469-thread-1] INFO  impl.RaftServerImpl (RaftServerImpl.java:start(181)) - 6304382c-6a8e-48d1-8d6a-351f8b4f168f@group-4CD786C74E9C: start as a follower, conf=-1: [b6b7042a-ec65-4978-975f-2a155c42500f:192.168.30.7:40160, 4a355be9-49a6-46bb-9525-54ce14c2d0bc:192.168.30.7:34819, 6304382c-6a8e-48d1-8d6a-351f8b4f168f:192.168.30.7:44479], old=null
2019-10-03 20:09:53,196 [pool-469-thread-1] INFO  impl.RaftServerImpl (RaftServerImpl.java:setRole(170)) - 6304382c-6a8e-48d1-8d6a-351f8b4f168f@group-4CD786C74E9C: changes role from      null to FOLLOWER at term 0 for startAsFollower
2019-10-03 20:09:53,196 [pool-469-thread-1] INFO  impl.RoleInfo (RoleInfo.java:updateAndGet(143)) - 6304382c-6a8e-48d1-8d6a-351f8b4f168f: start FollowerState
2019-10-03 20:09:53,196 [pool-469-thread-1] INFO  util.JmxRegister (JmxRegister.java:tryRegister(44)) - Successfully registered JMX Bean with object name Ratis:service=RaftServer,group=group-4CD786C74E9C,id=6304382c-6a8e-48d1-8d6a-351f8b4f168f
2019-10-03 20:09:53,201 [RatisPipelineUtilsThread] INFO  pipeline.PipelineStateManager (PipelineStateManager.java:addPipeline(56)) - Created pipeline Pipeline[ Id: 86454b32-97eb-4355-b939-4cd786c74e9c, Nodes: 6304382c-6a8e-48d1-8d6a-351f8b4f168f{ip: 192.168.30.7, host: pr-hdds-2230-vt4bl-2581040744, networkLocation: /default-rack, certSerialId: null}4a355be9-49a6-46bb-9525-54ce14c2d0bc{ip: 192.168.30.7, host: pr-hdds-2230-vt4bl-2581040744, networkLocation: /default-rack, certSerialId: null}b6b7042a-ec65-4978-975f-2a155c42500f{ip: 192.168.30.7, host: pr-hdds-2230-vt4bl-2581040744, networkLocation: /default-rack, certSerialId: null}, Type:RATIS, Factor:THREE, State:OPEN]
2019-10-03 20:09:53,901 [main] INFO  ozone.MiniOzoneClusterImpl (MiniOzoneClusterImpl.java:lambda$waitForClusterToBeReady$0(147)) - Cluster is ready. Got 7 of 7 DN Heartbeats.
2019-10-03 20:09:53,945 [main] INFO  rpc.RpcClient (RpcClient.java:createVolume(277)) - Creating Volume: testblockoutputstream, with jenkins1000 as owner.
2019-10-03 20:09:53,947 [IPC Server handler 2 on 37026] INFO  volume.OMVolumeCreateRequest (OMVolumeCreateRequest.java:validateAndUpdateCache(193)) - created volume:testblockoutputstream for user:jenkins1000
2019-10-03 20:09:53,960 [main] INFO  rpc.RpcClient (RpcClient.java:createBucket(416)) - Creating Bucket: testblockoutputstream/testblockoutputstream, with Versioning false and Storage Type set to DISK and Encryption set to false 
2019-10-03 20:09:55,416 [Thread-3088] INFO  container.ReplicationManager (ReplicationManager.java:start(162)) - Starting Replication Monitor Thread.
2019-10-03 20:09:55,419 [ReplicationMonitor] INFO  container.ReplicationManager (ReplicationManager.java:run(225)) - Replication Monitor Thread took 0 milliseconds for processing 1 containers.
2019-10-03 20:09:57,516 [Thread-3090] INFO  impl.FollowerState (FollowerState.java:run(108)) - ed0bf592-1575-4832-bc0c-c5d8f3dda61a@group-7C7798B296FB-FollowerState: change to CANDIDATE, lastRpcTime:5037ms, electionTimeout:5037ms
2019-10-03 20:09:57,516 [Thread-3090] INFO  impl.RoleInfo (RoleInfo.java:shutdownFollowerState(121)) - ed0bf592-1575-4832-bc0c-c5d8f3dda61a: shutdown FollowerState
2019-10-03 20:09:57,516 [Thread-3090] INFO  impl.RaftServerImpl (RaftServerImpl.java:setRole(170)) - ed0bf592-1575-4832-bc0c-c5d8f3dda61a@group-7C7798B296FB: changes role from  FOLLOWER to CANDIDATE at term 0 for changeToCandidate
2019-10-03 20:09:57,517 [Thread-3090] INFO  impl.RoleInfo (RoleInfo.java:updateAndGet(143)) - ed0bf592-1575-4832-bc0c-c5d8f3dda61a: start LeaderElection
2019-10-03 20:09:57,589 [Thread-3093] INFO  impl.FollowerState (FollowerState.java:run(108)) - e7718313-8120-41cd-8acc-e928bdef59c5@group-4851F9F6068F-FollowerState: change to CANDIDATE, lastRpcTime:5037ms, electionTimeout:5037ms
2019-10-03 20:09:57,589 [Thread-3093] INFO  impl.RoleInfo (RoleInfo.java:shutdownFollowerState(121)) - e7718313-8120-41cd-8acc-e928bdef59c5: shutdown FollowerState
2019-10-03 20:09:57,589 [Thread-3093] INFO  impl.RaftServerImpl (RaftServerImpl.java:setRole(170)) - e7718313-8120-41cd-8acc-e928bdef59c5@group-4851F9F6068F: changes role from  FOLLOWER to CANDIDATE at term 0 for changeToCandidate
2019-10-03 20:09:57,589 [Thread-3093] INFO  impl.RoleInfo (RoleInfo.java:updateAndGet(143)) - e7718313-8120-41cd-8acc-e928bdef59c5: start LeaderElection
2019-10-03 20:09:57,715 [Thread-3096] INFO  impl.FollowerState (FollowerState.java:run(108)) - 4a355be9-49a6-46bb-9525-54ce14c2d0bc@group-2C5F1D57B3F1-FollowerState: change to CANDIDATE, lastRpcTime:5038ms, electionTimeout:5038ms
2019-10-03 20:09:57,715 [Thread-3096] INFO  impl.RoleInfo (RoleInfo.java:shutdownFollowerState(121)) - 4a355be9-49a6-46bb-9525-54ce14c2d0bc: shutdown FollowerState
2019-10-03 20:09:57,715 [Thread-3096] INFO  impl.RaftServerImpl (RaftServerImpl.java:setRole(170)) - 4a355be9-49a6-46bb-9525-54ce14c2d0bc@group-2C5F1D57B3F1: changes role from  FOLLOWER to CANDIDATE at term 0 for changeToCandidate
2019-10-03 20:09:57,715 [Thread-3096] INFO  impl.RoleInfo (RoleInfo.java:updateAndGet(143)) - 4a355be9-49a6-46bb-9525-54ce14c2d0bc: start LeaderElection
2019-10-03 20:09:57,788 [ed0bf592-1575-4832-bc0c-c5d8f3dda61a@group-7C7798B296FB-LeaderElection75] INFO  impl.LeaderElection (LeaderElection.java:askForVotes(178)) - ed0bf592-1575-4832-bc0c-c5d8f3dda61a@group-7C7798B296FB-LeaderElection75: begin an election at term 1 for -1: [ed0bf592-1575-4832-bc0c-c5d8f3dda61a:192.168.30.7:40585], old=null
2019-10-03 20:09:57,788 [ed0bf592-1575-4832-bc0c-c5d8f3dda61a@group-7C7798B296FB-LeaderElection75] INFO  impl.RoleInfo (RoleInfo.java:shutdownLeaderElection(134)) - ed0bf592-1575-4832-bc0c-c5d8f3dda61a: shutdown LeaderElection
2019-10-03 20:09:57,788 [ed0bf592-1575-4832-bc0c-c5d8f3dda61a@group-7C7798B296FB-LeaderElection75] INFO  impl.RaftServerImpl (RaftServerImpl.java:setRole(170)) - ed0bf592-1575-4832-bc0c-c5d8f3dda61a@group-7C7798B296FB: changes role from CANDIDATE to LEADER at term 1 for changeToLeader
2019-10-03 20:09:57,788 [ed0bf592-1575-4832-bc0c-c5d8f3dda61a@group-7C7798B296FB-LeaderElection75] INFO  impl.RaftServerImpl (ServerState.java:setLeader(255)) - ed0bf592-1575-4832-bc0c-c5d8f3dda61a@group-7C7798B296FB: change Leader from null to ed0bf592-1575-4832-bc0c-c5d8f3dda61a at term 1 for becomeLeader, leader elected after 5314ms
2019-10-03 20:09:57,788 [ed0bf592-1575-4832-bc0c-c5d8f3dda61a@group-7C7798B296FB-LeaderElection75] INFO  server.RaftServerConfigKeys (ConfUtils.java:logGet(43)) - raft.server.staging.catchup.gap = 1000 (default)
2019-10-03 20:09:57,788 [ed0bf592-1575-4832-bc0c-c5d8f3dda61a@group-7C7798B296FB-LeaderElection75] INFO  server.RaftServerConfigKeys (ConfUtils.java:logGet(43)) - raft.server.rpc.sleep.time = 25ms (default)
2019-10-03 20:09:57,789 [ed0bf592-1575-4832-bc0c-c5d8f3dda61a@group-7C7798B296FB-LeaderElection75] INFO  server.RaftServerConfigKeys (ConfUtils.java:logGet(43)) - raft.server.write.element-limit = 4096 (default)
2019-10-03 20:09:57,789 [ed0bf592-1575-4832-bc0c-c5d8f3dda61a@group-7C7798B296FB-LeaderElection75] INFO  server.RaftServerConfigKeys (ConfUtils.java:logGet(43)) - raft.server.watch.timeout = 10s (default)
2019-10-03 20:09:57,789 [ed0bf592-1575-4832-bc0c-c5d8f3dda61a@group-7C7798B296FB-LeaderElection75] INFO  server.RaftServerConfigKeys (ConfUtils.java:logGet(43)) - raft.server.watch.timeout.denomination = 1s (default)
2019-10-03 20:09:57,789 [ed0bf592-1575-4832-bc0c-c5d8f3dda61a@group-7C7798B296FB-LeaderElection75] INFO  server.RaftServerConfigKeys (ConfUtils.java:logGet(43)) - raft.server.watch.element-limit = 65536 (default)
2019-10-03 20:09:57,791 [ed0bf592-1575-4832-bc0c-c5d8f3dda61a@group-7C7798B296FB-LeaderElection75] INFO  impl.RoleInfo (RoleInfo.java:updateAndGet(143)) - ed0bf592-1575-4832-bc0c-c5d8f3dda61a: start LeaderState
2019-10-03 20:09:57,791 [ed0bf592-1575-4832-bc0c-c5d8f3dda61a@group-7C7798B296FB-LeaderElection75] INFO  segmented.SegmentedRaftLogWorker (SegmentedRaftLogWorker.java:startLogSegment(385)) - ed0bf592-1575-4832-bc0c-c5d8f3dda61a@group-7C7798B296FB-SegmentedRaftLogWorker: Starting segment from index:0
2019-10-03 20:09:57,792 [ed0bf592-1575-4832-bc0c-c5d8f3dda61a@group-7C7798B296FB-LeaderElection75] INFO  impl.RaftServerImpl (ServerState.java:setRaftConf(356)) - ed0bf592-1575-4832-bc0c-c5d8f3dda61a@group-7C7798B296FB: set configuration 0: [ed0bf592-1575-4832-bc0c-c5d8f3dda61a:192.168.30.7:40585], old=null at 0
2019-10-03 20:09:57,802 [4a355be9-49a6-46bb-9525-54ce14c2d0bc@group-2C5F1D57B3F1-LeaderElection77] INFO  impl.LeaderElection (LeaderElection.java:askForVotes(178)) - 4a355be9-49a6-46bb-9525-54ce14c2d0bc@group-2C5F1D57B3F1-LeaderElection77: begin an election at term 1 for -1: [4a355be9-49a6-46bb-9525-54ce14c2d0bc:192.168.30.7:34819], old=null
2019-10-03 20:09:57,802 [e7718313-8120-41cd-8acc-e928bdef59c5@group-4851F9F6068F-LeaderElection76] INFO  impl.LeaderElection (LeaderElection.java:askForVotes(178)) - e7718313-8120-41cd-8acc-e928bdef59c5@group-4851F9F6068F-LeaderElection76: begin an election at term 1 for -1: [e7718313-8120-41cd-8acc-e928bdef59c5:192.168.30.7:43413], old=null
2019-10-03 20:09:57,802 [4a355be9-49a6-46bb-9525-54ce14c2d0bc@group-2C5F1D57B3F1-LeaderElection77] INFO  impl.RoleInfo (RoleInfo.java:shutdownLeaderElection(134)) - 4a355be9-49a6-46bb-9525-54ce14c2d0bc: shutdown LeaderElection
2019-10-03 20:09:57,802 [e7718313-8120-41cd-8acc-e928bdef59c5@group-4851F9F6068F-LeaderElection76] INFO  impl.RoleInfo (RoleInfo.java:shutdownLeaderElection(134)) - e7718313-8120-41cd-8acc-e928bdef59c5: shutdown LeaderElection
2019-10-03 20:09:57,802 [4a355be9-49a6-46bb-9525-54ce14c2d0bc@group-2C5F1D57B3F1-LeaderElection77] INFO  impl.RaftServerImpl (RaftServerImpl.java:setRole(170)) - 4a355be9-49a6-46bb-9525-54ce14c2d0bc@group-2C5F1D57B3F1: changes role from CANDIDATE to LEADER at term 1 for changeToLeader
2019-10-03 20:09:57,802 [e7718313-8120-41cd-8acc-e928bdef59c5@group-4851F9F6068F-LeaderElection76] INFO  impl.RaftServerImpl (RaftServerImpl.java:setRole(170)) - e7718313-8120-41cd-8acc-e928bdef59c5@group-4851F9F6068F: changes role from CANDIDATE to LEADER at term 1 for changeToLeader
2019-10-03 20:09:57,802 [4a355be9-49a6-46bb-9525-54ce14c2d0bc@group-2C5F1D57B3F1-LeaderElection77] INFO  impl.RaftServerImpl (ServerState.java:setLeader(255)) - 4a355be9-49a6-46bb-9525-54ce14c2d0bc@group-2C5F1D57B3F1: change Leader from null to 4a355be9-49a6-46bb-9525-54ce14c2d0bc at term 1 for becomeLeader, leader elected after 5133ms
2019-10-03 20:09:57,802 [e7718313-8120-41cd-8acc-e928bdef59c5@group-4851F9F6068F-LeaderElection76] INFO  impl.RaftServerImpl (ServerState.java:setLeader(255)) - e7718313-8120-41cd-8acc-e928bdef59c5@group-4851F9F6068F: change Leader from null to e7718313-8120-41cd-8acc-e928bdef59c5 at term 1 for becomeLeader, leader elected after 5261ms
2019-10-03 20:09:57,802 [4a355be9-49a6-46bb-9525-54ce14c2d0bc@group-2C5F1D57B3F1-LeaderElection77] INFO  server.RaftServerConfigKeys (ConfUtils.java:logGet(43)) - raft.server.staging.catchup.gap = 1000 (default)
2019-10-03 20:09:57,802 [e7718313-8120-41cd-8acc-e928bdef59c5@group-4851F9F6068F-LeaderElection76] INFO  server.RaftServerConfigKeys (ConfUtils.java:logGet(43)) - raft.server.staging.catchup.gap = 1000 (default)
2019-10-03 20:09:57,802 [4a355be9-49a6-46bb-9525-54ce14c2d0bc@group-2C5F1D57B3F1-LeaderElection77] INFO  server.RaftServerConfigKeys (ConfUtils.java:logGet(43)) - raft.server.rpc.sleep.time = 25ms (default)
2019-10-03 20:09:57,803 [e7718313-8120-41cd-8acc-e928bdef59c5@group-4851F9F6068F-LeaderElection76] INFO  server.RaftServerConfigKeys (ConfUtils.java:logGet(43)) - raft.server.rpc.sleep.time = 25ms (default)
2019-10-03 20:09:57,803 [4a355be9-49a6-46bb-9525-54ce14c2d0bc@group-2C5F1D57B3F1-LeaderElection77] INFO  server.RaftServerConfigKeys (ConfUtils.java:logGet(43)) - raft.server.write.element-limit = 4096 (default)
2019-10-03 20:09:57,803 [4a355be9-49a6-46bb-9525-54ce14c2d0bc@group-2C5F1D57B3F1-LeaderElection77] INFO  server.RaftServerConfigKeys (ConfUtils.java:logGet(43)) - raft.server.watch.timeout = 10s (default)
2019-10-03 20:09:57,803 [e7718313-8120-41cd-8acc-e928bdef59c5@group-4851F9F6068F-LeaderElection76] INFO  server.RaftServerConfigKeys (ConfUtils.java:logGet(43)) - raft.server.write.element-limit = 4096 (default)
2019-10-03 20:09:57,803 [4a355be9-49a6-46bb-9525-54ce14c2d0bc@group-2C5F1D57B3F1-LeaderElection77] INFO  server.RaftServerConfigKeys (ConfUtils.java:logGet(43)) - raft.server.watch.timeout.denomination = 1s (default)
2019-10-03 20:09:57,803 [e7718313-8120-41cd-8acc-e928bdef59c5@group-4851F9F6068F-LeaderElection76] INFO  server.RaftServerConfigKeys (ConfUtils.java:logGet(43)) - raft.server.watch.timeout = 10s (default)
2019-10-03 20:09:57,803 [4a355be9-49a6-46bb-9525-54ce14c2d0bc@group-2C5F1D57B3F1-LeaderElection77] INFO  server.RaftServerConfigKeys (ConfUtils.java:logGet(43)) - raft.server.watch.element-limit = 65536 (default)
2019-10-03 20:09:57,803 [e7718313-8120-41cd-8acc-e928bdef59c5@group-4851F9F6068F-LeaderElection76] INFO  server.RaftServerConfigKeys (ConfUtils.java:logGet(43)) - raft.server.watch.timeout.denomination = 1s (default)
2019-10-03 20:09:57,804 [e7718313-8120-41cd-8acc-e928bdef59c5@group-4851F9F6068F-LeaderElection76] INFO  server.RaftServerConfigKeys (ConfUtils.java:logGet(43)) - raft.server.watch.element-limit = 65536 (default)
2019-10-03 20:09:57,805 [4a355be9-49a6-46bb-9525-54ce14c2d0bc@group-2C5F1D57B3F1-LeaderElection77] INFO  impl.RoleInfo (RoleInfo.java:updateAndGet(143)) - 4a355be9-49a6-46bb-9525-54ce14c2d0bc: start LeaderState
2019-10-03 20:09:57,805 [4a355be9-49a6-46bb-9525-54ce14c2d0bc@group-2C5F1D57B3F1-LeaderElection77] INFO  segmented.SegmentedRaftLogWorker (SegmentedRaftLogWorker.java:startLogSegment(385)) - 4a355be9-49a6-46bb-9525-54ce14c2d0bc@group-2C5F1D57B3F1-SegmentedRaftLogWorker: Starting segment from index:0
2019-10-03 20:09:57,805 [4a355be9-49a6-46bb-9525-54ce14c2d0bc@group-2C5F1D57B3F1-LeaderElection77] INFO  impl.RaftServerImpl (ServerState.java:setRaftConf(356)) - 4a355be9-49a6-46bb-9525-54ce14c2d0bc@group-2C5F1D57B3F1: set configuration 0: [4a355be9-49a6-46bb-9525-54ce14c2d0bc:192.168.30.7:34819], old=null at 0
2019-10-03 20:09:57,816 [Thread-3099] INFO  impl.FollowerState (FollowerState.java:run(108)) - 2e253f7d-f237-4f64-bf0f-4e165c5afdc8@group-E7335A3E44D4-FollowerState: change to CANDIDATE, lastRpcTime:5054ms, electionTimeout:5037ms
2019-10-03 20:09:57,816 [Thread-3099] INFO  impl.RoleInfo (RoleInfo.java:shutdownFollowerState(121)) - 2e253f7d-f237-4f64-bf0f-4e165c5afdc8: shutdown FollowerState
2019-10-03 20:09:57,816 [Thread-3099] INFO  impl.RaftServerImpl (RaftServerImpl.java:setRole(170)) - 2e253f7d-f237-4f64-bf0f-4e165c5afdc8@group-E7335A3E44D4: changes role from  FOLLOWER to CANDIDATE at term 0 for changeToCandidate
2019-10-03 20:09:57,816 [e7718313-8120-41cd-8acc-e928bdef59c5@group-4851F9F6068F-LeaderElection76] INFO  impl.RoleInfo (RoleInfo.java:updateAndGet(143)) - e7718313-8120-41cd-8acc-e928bdef59c5: start LeaderState
2019-10-03 20:09:57,816 [Thread-3099] INFO  impl.RoleInfo (RoleInfo.java:updateAndGet(143)) - 2e253f7d-f237-4f64-bf0f-4e165c5afdc8: start LeaderElection
2019-10-03 20:09:57,816 [e7718313-8120-41cd-8acc-e928bdef59c5@group-4851F9F6068F-LeaderElection76] INFO  segmented.SegmentedRaftLogWorker (SegmentedRaftLogWorker.java:startLogSegment(385)) - e7718313-8120-41cd-8acc-e928bdef59c5@group-4851F9F6068F-SegmentedRaftLogWorker: Starting segment from index:0
2019-10-03 20:09:57,839 [ed0bf592-1575-4832-bc0c-c5d8f3dda61a@group-7C7798B296FB-SegmentedRaftLogWorker] INFO  segmented.SegmentedRaftLogWorker (SegmentedRaftLogWorker.java:execute(574)) - ed0bf592-1575-4832-bc0c-c5d8f3dda61a@group-7C7798B296FB-SegmentedRaftLogWorker: created new log segment /workdir/hadoop-ozone/integration-test/target/test-dir/MiniOzoneClusterImpl-16e450bc-7d29-4cce-9510-730a56775e77/datanode-0/data/ratis/7432c1e3-7e90-4873-b7f9-7c7798b296fb/current/log_inprogress_0
2019-10-03 20:09:57,841 [e7718313-8120-41cd-8acc-e928bdef59c5@group-4851F9F6068F-LeaderElection76] INFO  impl.RaftServerImpl (ServerState.java:setRaftConf(356)) - e7718313-8120-41cd-8acc-e928bdef59c5@group-4851F9F6068F: set configuration 0: [e7718313-8120-41cd-8acc-e928bdef59c5:192.168.30.7:43413], old=null at 0
2019-10-03 20:09:57,853 [4a355be9-49a6-46bb-9525-54ce14c2d0bc@group-2C5F1D57B3F1-SegmentedRaftLogWorker] INFO  segmented.SegmentedRaftLogWorker (SegmentedRaftLogWorker.java:execute(574)) - 4a355be9-49a6-46bb-9525-54ce14c2d0bc@group-2C5F1D57B3F1-SegmentedRaftLogWorker: created new log segment /workdir/hadoop-ozone/integration-test/target/test-dir/MiniOzoneClusterImpl-16e450bc-7d29-4cce-9510-730a56775e77/datanode-2/data/ratis/2f3bed5f-5d4d-468c-ac7f-2c5f1d57b3f1/current/log_inprogress_0
2019-10-03 20:09:57,853 [2e253f7d-f237-4f64-bf0f-4e165c5afdc8@group-E7335A3E44D4-LeaderElection78] INFO  impl.LeaderElection (LeaderElection.java:askForVotes(178)) - 2e253f7d-f237-4f64-bf0f-4e165c5afdc8@group-E7335A3E44D4-LeaderElection78: begin an election at term 1 for -1: [2e253f7d-f237-4f64-bf0f-4e165c5afdc8:192.168.30.7:45089], old=null
2019-10-03 20:09:57,854 [2e253f7d-f237-4f64-bf0f-4e165c5afdc8@group-E7335A3E44D4-LeaderElection78] INFO  impl.RoleInfo (RoleInfo.java:shutdownLeaderElection(134)) - 2e253f7d-f237-4f64-bf0f-4e165c5afdc8: shutdown LeaderElection
2019-10-03 20:09:57,854 [2e253f7d-f237-4f64-bf0f-4e165c5afdc8@group-E7335A3E44D4-LeaderElection78] INFO  impl.RaftServerImpl (RaftServerImpl.java:setRole(170)) - 2e253f7d-f237-4f64-bf0f-4e165c5afdc8@group-E7335A3E44D4: changes role from CANDIDATE to LEADER at term 1 for changeToLeader
2019-10-03 20:09:57,854 [2e253f7d-f237-4f64-bf0f-4e165c5afdc8@group-E7335A3E44D4-LeaderElection78] INFO  impl.RaftServerImpl (ServerState.java:setLeader(255)) - 2e253f7d-f237-4f64-bf0f-4e165c5afdc8@group-E7335A3E44D4: change Leader from null to 2e253f7d-f237-4f64-bf0f-4e165c5afdc8 at term 1 for becomeLeader, leader elected after 5099ms
2019-10-03 20:09:57,854 [2e253f7d-f237-4f64-bf0f-4e165c5afdc8@group-E7335A3E44D4-LeaderElection78] INFO  server.RaftServerConfigKeys (ConfUtils.java:logGet(43)) - raft.server.staging.catchup.gap = 1000 (default)
2019-10-03 20:09:57,854 [2e253f7d-f237-4f64-bf0f-4e165c5afdc8@group-E7335A3E44D4-LeaderElection78] INFO  server.RaftServerConfigKeys (ConfUtils.java:logGet(43)) - raft.server.rpc.sleep.time = 25ms (default)
2019-10-03 20:09:57,854 [2e253f7d-f237-4f64-bf0f-4e165c5afdc8@group-E7335A3E44D4-LeaderElection78] INFO  server.RaftServerConfigKeys (ConfUtils.java:logGet(43)) - raft.server.write.element-limit = 4096 (default)
2019-10-03 20:09:57,854 [2e253f7d-f237-4f64-bf0f-4e165c5afdc8@group-E7335A3E44D4-LeaderElection78] INFO  server.RaftServerConfigKeys (ConfUtils.java:logGet(43)) - raft.server.watch.timeout = 10s (default)
2019-10-03 20:09:57,854 [2e253f7d-f237-4f64-bf0f-4e165c5afdc8@group-E7335A3E44D4-LeaderElection78] INFO  server.RaftServerConfigKeys (ConfUtils.java:logGet(43)) - raft.server.watch.timeout.denomination = 1s (default)
2019-10-03 20:09:57,854 [2e253f7d-f237-4f64-bf0f-4e165c5afdc8@group-E7335A3E44D4-LeaderElection78] INFO  server.RaftServerConfigKeys (ConfUtils.java:logGet(43)) - raft.server.watch.element-limit = 65536 (default)
2019-10-03 20:09:57,856 [2e253f7d-f237-4f64-bf0f-4e165c5afdc8@group-E7335A3E44D4-LeaderElection78] INFO  impl.RoleInfo (RoleInfo.java:updateAndGet(143)) - 2e253f7d-f237-4f64-bf0f-4e165c5afdc8: start LeaderState
2019-10-03 20:09:57,856 [2e253f7d-f237-4f64-bf0f-4e165c5afdc8@group-E7335A3E44D4-LeaderElection78] INFO  segmented.SegmentedRaftLogWorker (SegmentedRaftLogWorker.java:startLogSegment(385)) - 2e253f7d-f237-4f64-bf0f-4e165c5afdc8@group-E7335A3E44D4-SegmentedRaftLogWorker: Starting segment from index:0
2019-10-03 20:09:57,856 [2e253f7d-f237-4f64-bf0f-4e165c5afdc8@group-E7335A3E44D4-LeaderElection78] INFO  impl.RaftServerImpl (ServerState.java:setRaftConf(356)) - 2e253f7d-f237-4f64-bf0f-4e165c5afdc8@group-E7335A3E44D4: set configuration 0: [2e253f7d-f237-4f64-bf0f-4e165c5afdc8:192.168.30.7:45089], old=null at 0
2019-10-03 20:09:57,887 [e7718313-8120-41cd-8acc-e928bdef59c5@group-4851F9F6068F-SegmentedRaftLogWorker] INFO  segmented.SegmentedRaftLogWorker (SegmentedRaftLogWorker.java:execute(574)) - e7718313-8120-41cd-8acc-e928bdef59c5@group-4851F9F6068F-SegmentedRaftLogWorker: created new log segment /workdir/hadoop-ozone/integration-test/target/test-dir/MiniOzoneClusterImpl-16e450bc-7d29-4cce-9510-730a56775e77/datanode-1/data/ratis/9fb6b714-cefe-4d78-b349-4851f9f6068f/current/log_inprogress_0
2019-10-03 20:09:57,902 [2e253f7d-f237-4f64-bf0f-4e165c5afdc8@group-E7335A3E44D4-SegmentedRaftLogWorker] INFO  segmented.SegmentedRaftLogWorker (SegmentedRaftLogWorker.java:execute(574)) - 2e253f7d-f237-4f64-bf0f-4e165c5afdc8@group-E7335A3E44D4-SegmentedRaftLogWorker: created new log segment /workdir/hadoop-ozone/integration-test/target/test-dir/MiniOzoneClusterImpl-16e450bc-7d29-4cce-9510-730a56775e77/datanode-3/data/ratis/6441df30-27a8-44d9-9339-e7335a3e44d4/current/log_inprogress_0
2019-10-03 20:09:57,971 [Thread-3105] INFO  impl.FollowerState (FollowerState.java:run(108)) - fcbae8df-a1ef-4d91-9a5c-ec2b900fec62@group-8574FD3B9F85-FollowerState: change to CANDIDATE, lastRpcTime:5032ms, electionTimeout:5032ms
2019-10-03 20:09:57,971 [Thread-3105] INFO  impl.RoleInfo (RoleInfo.java:shutdownFollowerState(121)) - fcbae8df-a1ef-4d91-9a5c-ec2b900fec62: shutdown FollowerState
2019-10-03 20:09:57,971 [Thread-3105] INFO  impl.RaftServerImpl (RaftServerImpl.java:setRole(170)) - fcbae8df-a1ef-4d91-9a5c-ec2b900fec62@group-8574FD3B9F85: changes role from  FOLLOWER to CANDIDATE at term 0 for changeToCandidate
2019-10-03 20:09:57,971 [Thread-3105] INFO  impl.RoleInfo (RoleInfo.java:updateAndGet(143)) - fcbae8df-a1ef-4d91-9a5c-ec2b900fec62: start LeaderElection
2019-10-03 20:09:57,990 [fcbae8df-a1ef-4d91-9a5c-ec2b900fec62@group-8574FD3B9F85-LeaderElection79] INFO  impl.LeaderElection (LeaderElection.java:askForVotes(178)) - fcbae8df-a1ef-4d91-9a5c-ec2b900fec62@group-8574FD3B9F85-LeaderElection79: begin an election at term 1 for -1: [fcbae8df-a1ef-4d91-9a5c-ec2b900fec62:192.168.30.7:38678], old=null
2019-10-03 20:09:57,990 [fcbae8df-a1ef-4d91-9a5c-ec2b900fec62@group-8574FD3B9F85-LeaderElection79] INFO  impl.RoleInfo (RoleInfo.java:shutdownLeaderElection(134)) - fcbae8df-a1ef-4d91-9a5c-ec2b900fec62: shutdown LeaderElection
2019-10-03 20:09:57,990 [fcbae8df-a1ef-4d91-9a5c-ec2b900fec62@group-8574FD3B9F85-LeaderElection79] INFO  impl.RaftServerImpl (RaftServerImpl.java:setRole(170)) - fcbae8df-a1ef-4d91-9a5c-ec2b900fec62@group-8574FD3B9F85: changes role from CANDIDATE to LEADER at term 1 for changeToLeader
2019-10-03 20:09:57,991 [fcbae8df-a1ef-4d91-9a5c-ec2b900fec62@group-8574FD3B9F85-LeaderElection79] INFO  impl.RaftServerImpl (ServerState.java:setLeader(255)) - fcbae8df-a1ef-4d91-9a5c-ec2b900fec62@group-8574FD3B9F85: change Leader from null to fcbae8df-a1ef-4d91-9a5c-ec2b900fec62 at term 1 for becomeLeader, leader elected after 5058ms
2019-10-03 20:09:57,991 [fcbae8df-a1ef-4d91-9a5c-ec2b900fec62@group-8574FD3B9F85-LeaderElection79] INFO  server.RaftServerConfigKeys (ConfUtils.java:logGet(43)) - raft.server.staging.catchup.gap = 1000 (default)
2019-10-03 20:09:57,991 [fcbae8df-a1ef-4d91-9a5c-ec2b900fec62@group-8574FD3B9F85-LeaderElection79] INFO  server.RaftServerConfigKeys (ConfUtils.java:logGet(43)) - raft.server.rpc.sleep.time = 25ms (default)
2019-10-03 20:09:57,991 [fcbae8df-a1ef-4d91-9a5c-ec2b900fec62@group-8574FD3B9F85-LeaderElection79] INFO  server.RaftServerConfigKeys (ConfUtils.java:logGet(43)) - raft.server.write.element-limit = 4096 (default)
2019-10-03 20:09:57,991 [fcbae8df-a1ef-4d91-9a5c-ec2b900fec62@group-8574FD3B9F85-LeaderElection79] INFO  server.RaftServerConfigKeys (ConfUtils.java:logGet(43)) - raft.server.watch.timeout = 10s (default)
2019-10-03 20:09:57,991 [fcbae8df-a1ef-4d91-9a5c-ec2b900fec62@group-8574FD3B9F85-LeaderElection79] INFO  server.RaftServerConfigKeys (ConfUtils.java:logGet(43)) - raft.server.watch.timeout.denomination = 1s (default)
2019-10-03 20:09:57,991 [fcbae8df-a1ef-4d91-9a5c-ec2b900fec62@group-8574FD3B9F85-LeaderElection79] INFO  server.RaftServerConfigKeys (ConfUtils.java:logGet(43)) - raft.server.watch.element-limit = 65536 (default)
2019-10-03 20:09:57,992 [fcbae8df-a1ef-4d91-9a5c-ec2b900fec62@group-8574FD3B9F85-LeaderElection79] INFO  impl.RoleInfo (RoleInfo.java:updateAndGet(143)) - fcbae8df-a1ef-4d91-9a5c-ec2b900fec62: start LeaderState
2019-10-03 20:09:57,992 [fcbae8df-a1ef-4d91-9a5c-ec2b900fec62@group-8574FD3B9F85-LeaderElection79] INFO  segmented.SegmentedRaftLogWorker (SegmentedRaftLogWorker.java:startLogSegment(385)) - fcbae8df-a1ef-4d91-9a5c-ec2b900fec62@group-8574FD3B9F85-SegmentedRaftLogWorker: Starting segment from index:0
2019-10-03 20:09:57,993 [fcbae8df-a1ef-4d91-9a5c-ec2b900fec62@group-8574FD3B9F85-LeaderElection79] INFO  impl.RaftServerImpl (ServerState.java:setRaftConf(356)) - fcbae8df-a1ef-4d91-9a5c-ec2b900fec62@group-8574FD3B9F85: set configuration 0: [fcbae8df-a1ef-4d91-9a5c-ec2b900fec62:192.168.30.7:38678], old=null at 0
2019-10-03 20:09:58,024 [Thread-3102] INFO  impl.FollowerState (FollowerState.java:run(108)) - b6b7042a-ec65-4978-975f-2a155c42500f@group-3C8673E3015A-FollowerState: change to CANDIDATE, lastRpcTime:5167ms, electionTimeout:5167ms
2019-10-03 20:09:58,024 [Thread-3102] INFO  impl.RoleInfo (RoleInfo.java:shutdownFollowerState(121)) - b6b7042a-ec65-4978-975f-2a155c42500f: shutdown FollowerState
2019-10-03 20:09:58,024 [Thread-3102] INFO  impl.RaftServerImpl (RaftServerImpl.java:setRole(170)) - b6b7042a-ec65-4978-975f-2a155c42500f@group-3C8673E3015A: changes role from  FOLLOWER to CANDIDATE at term 0 for changeToCandidate
2019-10-03 20:09:58,024 [Thread-3102] INFO  impl.RoleInfo (RoleInfo.java:updateAndGet(143)) - b6b7042a-ec65-4978-975f-2a155c42500f: start LeaderElection
2019-10-03 20:09:58,058 [fcbae8df-a1ef-4d91-9a5c-ec2b900fec62@group-8574FD3B9F85-SegmentedRaftLogWorker] INFO  segmented.SegmentedRaftLogWorker (SegmentedRaftLogWorker.java:execute(574)) - fcbae8df-a1ef-4d91-9a5c-ec2b900fec62@group-8574FD3B9F85-SegmentedRaftLogWorker: created new log segment /workdir/hadoop-ozone/integration-test/target/test-dir/MiniOzoneClusterImpl-16e450bc-7d29-4cce-9510-730a56775e77/datanode-5/data/ratis/dbe5161a-9c04-4283-a374-8574fd3b9f85/current/log_inprogress_0
2019-10-03 20:09:58,083 [b6b7042a-ec65-4978-975f-2a155c42500f@group-3C8673E3015A-LeaderElection80] INFO  impl.LeaderElection (LeaderElection.java:askForVotes(178)) - b6b7042a-ec65-4978-975f-2a155c42500f@group-3C8673E3015A-LeaderElection80: begin an election at term 1 for -1: [b6b7042a-ec65-4978-975f-2a155c42500f:192.168.30.7:40160], old=null
2019-10-03 20:09:58,083 [b6b7042a-ec65-4978-975f-2a155c42500f@group-3C8673E3015A-LeaderElection80] INFO  impl.RoleInfo (RoleInfo.java:shutdownLeaderElection(134)) - b6b7042a-ec65-4978-975f-2a155c42500f: shutdown LeaderElection
2019-10-03 20:09:58,083 [b6b7042a-ec65-4978-975f-2a155c42500f@group-3C8673E3015A-LeaderElection80] INFO  impl.RaftServerImpl (RaftServerImpl.java:setRole(170)) - b6b7042a-ec65-4978-975f-2a155c42500f@group-3C8673E3015A: changes role from CANDIDATE to LEADER at term 1 for changeToLeader
2019-10-03 20:09:58,083 [b6b7042a-ec65-4978-975f-2a155c42500f@group-3C8673E3015A-LeaderElection80] INFO  impl.RaftServerImpl (ServerState.java:setLeader(255)) - b6b7042a-ec65-4978-975f-2a155c42500f@group-3C8673E3015A: change Leader from null to b6b7042a-ec65-4978-975f-2a155c42500f at term 1 for becomeLeader, leader elected after 5235ms
2019-10-03 20:09:58,083 [b6b7042a-ec65-4978-975f-2a155c42500f@group-3C8673E3015A-LeaderElection80] INFO  server.RaftServerConfigKeys (ConfUtils.java:logGet(43)) - raft.server.staging.catchup.gap = 1000 (default)
2019-10-03 20:09:58,084 [b6b7042a-ec65-4978-975f-2a155c42500f@group-3C8673E3015A-LeaderElection80] INFO  server.RaftServerConfigKeys (ConfUtils.java:logGet(43)) - raft.server.rpc.sleep.time = 25ms (default)
2019-10-03 20:09:58,084 [b6b7042a-ec65-4978-975f-2a155c42500f@group-3C8673E3015A-LeaderElection80] INFO  server.RaftServerConfigKeys (ConfUtils.java:logGet(43)) - raft.server.write.element-limit = 4096 (default)
2019-10-03 20:09:58,084 [b6b7042a-ec65-4978-975f-2a155c42500f@group-3C8673E3015A-LeaderElection80] INFO  server.RaftServerConfigKeys (ConfUtils.java:logGet(43)) - raft.server.watch.timeout = 10s (default)
2019-10-03 20:09:58,084 [b6b7042a-ec65-4978-975f-2a155c42500f@group-3C8673E3015A-LeaderElection80] INFO  server.RaftServerConfigKeys (ConfUtils.java:logGet(43)) - raft.server.watch.timeout.denomination = 1s (default)
2019-10-03 20:09:58,084 [b6b7042a-ec65-4978-975f-2a155c42500f@group-3C8673E3015A-LeaderElection80] INFO  server.RaftServerConfigKeys (ConfUtils.java:logGet(43)) - raft.server.watch.element-limit = 65536 (default)
2019-10-03 20:09:58,086 [b6b7042a-ec65-4978-975f-2a155c42500f@group-3C8673E3015A-LeaderElection80] INFO  impl.RoleInfo (RoleInfo.java:updateAndGet(143)) - b6b7042a-ec65-4978-975f-2a155c42500f: start LeaderState
2019-10-03 20:09:58,086 [b6b7042a-ec65-4978-975f-2a155c42500f@group-3C8673E3015A-LeaderElection80] INFO  segmented.SegmentedRaftLogWorker (SegmentedRaftLogWorker.java:startLogSegment(385)) - b6b7042a-ec65-4978-975f-2a155c42500f@group-3C8673E3015A-SegmentedRaftLogWorker: Starting segment from index:0
2019-10-03 20:09:58,087 [b6b7042a-ec65-4978-975f-2a155c42500f@group-3C8673E3015A-LeaderElection80] INFO  impl.RaftServerImpl (ServerState.java:setRaftConf(356)) - b6b7042a-ec65-4978-975f-2a155c42500f@group-3C8673E3015A: set configuration 0: [b6b7042a-ec65-4978-975f-2a155c42500f:192.168.30.7:40160], old=null at 0
2019-10-03 20:09:58,132 [Thread-3116] INFO  impl.FollowerState (FollowerState.java:run(108)) - 2e253f7d-f237-4f64-bf0f-4e165c5afdc8@group-4402E726854A-FollowerState: change to CANDIDATE, lastRpcTime:5027ms, electionTimeout:5027ms
2019-10-03 20:09:58,132 [Thread-3116] INFO  impl.RoleInfo (RoleInfo.java:shutdownFollowerState(121)) - 2e253f7d-f237-4f64-bf0f-4e165c5afdc8: shutdown FollowerState
2019-10-03 20:09:58,133 [Thread-3116] INFO  impl.RaftServerImpl (RaftServerImpl.java:setRole(170)) - 2e253f7d-f237-4f64-bf0f-4e165c5afdc8@group-4402E726854A: changes role from  FOLLOWER to CANDIDATE at term 0 for changeToCandidate
2019-10-03 20:09:58,133 [Thread-3116] INFO  impl.RoleInfo (RoleInfo.java:updateAndGet(143)) - 2e253f7d-f237-4f64-bf0f-4e165c5afdc8: start LeaderElection
2019-10-03 20:09:58,141 [b6b7042a-ec65-4978-975f-2a155c42500f@group-3C8673E3015A-SegmentedRaftLogWorker] INFO  segmented.SegmentedRaftLogWorker (SegmentedRaftLogWorker.java:execute(574)) - b6b7042a-ec65-4978-975f-2a155c42500f@group-3C8673E3015A-SegmentedRaftLogWorker: created new log segment /workdir/hadoop-ozone/integration-test/target/test-dir/MiniOzoneClusterImpl-16e450bc-7d29-4cce-9510-730a56775e77/datanode-4/data/ratis/cb533b9f-0f9b-4d86-a6a0-3c8673e3015a/current/log_inprogress_0
2019-10-03 20:09:58,159 [2e253f7d-f237-4f64-bf0f-4e165c5afdc8@group-4402E726854A-LeaderElection81] INFO  impl.LeaderElection (LeaderElection.java:askForVotes(178)) - 2e253f7d-f237-4f64-bf0f-4e165c5afdc8@group-4402E726854A-LeaderElection81: begin an election at term 1 for -1: [fcbae8df-a1ef-4d91-9a5c-ec2b900fec62:192.168.30.7:38678, 2e253f7d-f237-4f64-bf0f-4e165c5afdc8:192.168.30.7:45089, e7718313-8120-41cd-8acc-e928bdef59c5:192.168.30.7:43413], old=null
2019-10-03 20:09:58,162 [grpc-default-executor-13] INFO  impl.RaftServerImpl (RaftServerImpl.java:setRole(170)) - e7718313-8120-41cd-8acc-e928bdef59c5@group-4402E726854A: changes role from  FOLLOWER to FOLLOWER at term 1 for recognizeCandidate:2e253f7d-f237-4f64-bf0f-4e165c5afdc8
2019-10-03 20:09:58,163 [grpc-default-executor-14] INFO  impl.RaftServerImpl (RaftServerImpl.java:setRole(170)) - fcbae8df-a1ef-4d91-9a5c-ec2b900fec62@group-4402E726854A: changes role from  FOLLOWER to FOLLOWER at term 1 for recognizeCandidate:2e253f7d-f237-4f64-bf0f-4e165c5afdc8
2019-10-03 20:09:58,163 [grpc-default-executor-13] INFO  impl.RoleInfo (RoleInfo.java:shutdownFollowerState(121)) - e7718313-8120-41cd-8acc-e928bdef59c5: shutdown FollowerState
2019-10-03 20:09:58,163 [grpc-default-executor-14] INFO  impl.RoleInfo (RoleInfo.java:shutdownFollowerState(121)) - fcbae8df-a1ef-4d91-9a5c-ec2b900fec62: shutdown FollowerState
2019-10-03 20:09:58,163 [grpc-default-executor-14] INFO  impl.RoleInfo (RoleInfo.java:updateAndGet(143)) - fcbae8df-a1ef-4d91-9a5c-ec2b900fec62: start FollowerState
2019-10-03 20:09:58,163 [grpc-default-executor-13] INFO  impl.RoleInfo (RoleInfo.java:updateAndGet(143)) - e7718313-8120-41cd-8acc-e928bdef59c5: start FollowerState
2019-10-03 20:09:58,163 [Thread-3115] INFO  impl.FollowerState (FollowerState.java:run(117)) - fcbae8df-a1ef-4d91-9a5c-ec2b900fec62@group-4402E726854A-FollowerState was interrupted: java.lang.InterruptedException: sleep interrupted
2019-10-03 20:09:58,163 [Thread-3111] INFO  impl.FollowerState (FollowerState.java:run(117)) - e7718313-8120-41cd-8acc-e928bdef59c5@group-4402E726854A-FollowerState was interrupted: java.lang.InterruptedException: sleep interrupted
2019-10-03 20:09:58,170 [Thread-3108] INFO  impl.FollowerState (FollowerState.java:run(108)) - 6304382c-6a8e-48d1-8d6a-351f8b4f168f@group-737BD6BE76C4-FollowerState: change to CANDIDATE, lastRpcTime:5156ms, electionTimeout:5156ms
2019-10-03 20:09:58,171 [Thread-3108] INFO  impl.RoleInfo (RoleInfo.java:shutdownFollowerState(121)) - 6304382c-6a8e-48d1-8d6a-351f8b4f168f: shutdown FollowerState
2019-10-03 20:09:58,171 [Thread-3108] INFO  impl.RaftServerImpl (RaftServerImpl.java:setRole(170)) - 6304382c-6a8e-48d1-8d6a-351f8b4f168f@group-737BD6BE76C4: changes role from  FOLLOWER to CANDIDATE at term 0 for changeToCandidate
2019-10-03 20:09:58,171 [Thread-3108] INFO  impl.RoleInfo (RoleInfo.java:updateAndGet(143)) - 6304382c-6a8e-48d1-8d6a-351f8b4f168f: start LeaderElection
2019-10-03 20:09:58,194 [2e253f7d-f237-4f64-bf0f-4e165c5afdc8@group-4402E726854A-LeaderElection81] INFO  impl.LeaderElection (LeaderElection.java:logAndReturn(56)) - 2e253f7d-f237-4f64-bf0f-4e165c5afdc8@group-4402E726854A-LeaderElection81: Election PASSED; received 1 response(s) [2e253f7d-f237-4f64-bf0f-4e165c5afdc8<-fcbae8df-a1ef-4d91-9a5c-ec2b900fec62#0:OK-t1] and 0 exception(s); 2e253f7d-f237-4f64-bf0f-4e165c5afdc8@group-4402E726854A:t1, leader=null, voted=2e253f7d-f237-4f64-bf0f-4e165c5afdc8, raftlog=2e253f7d-f237-4f64-bf0f-4e165c5afdc8@group-4402E726854A-SegmentedRaftLog:OPENED:c-1,f-1,i0, conf=-1: [fcbae8df-a1ef-4d91-9a5c-ec2b900fec62:192.168.30.7:38678, 2e253f7d-f237-4f64-bf0f-4e165c5afdc8:192.168.30.7:45089, e7718313-8120-41cd-8acc-e928bdef59c5:192.168.30.7:43413], old=null
2019-10-03 20:09:58,194 [2e253f7d-f237-4f64-bf0f-4e165c5afdc8@group-4402E726854A-LeaderElection81] INFO  impl.RoleInfo (RoleInfo.java:shutdownLeaderElection(134)) - 2e253f7d-f237-4f64-bf0f-4e165c5afdc8: shutdown LeaderElection
2019-10-03 20:09:58,194 [2e253f7d-f237-4f64-bf0f-4e165c5afdc8@group-4402E726854A-LeaderElection81] INFO  impl.RaftServerImpl (RaftServerImpl.java:setRole(170)) - 2e253f7d-f237-4f64-bf0f-4e165c5afdc8@group-4402E726854A: changes role from CANDIDATE to LEADER at term 1 for changeToLeader
2019-10-03 20:09:58,194 [2e253f7d-f237-4f64-bf0f-4e165c5afdc8@group-4402E726854A-LeaderElection81] INFO  impl.RaftServerImpl (ServerState.java:setLeader(255)) - 2e253f7d-f237-4f64-bf0f-4e165c5afdc8@group-4402E726854A: change Leader from null to 2e253f7d-f237-4f64-bf0f-4e165c5afdc8 at term 1 for becomeLeader, leader elected after 5100ms
2019-10-03 20:09:58,194 [2e253f7d-f237-4f64-bf0f-4e165c5afdc8@group-4402E726854A-LeaderElection81] INFO  server.RaftServerConfigKeys (ConfUtils.java:logGet(43)) - raft.server.staging.catchup.gap = 1000 (default)
2019-10-03 20:09:58,194 [2e253f7d-f237-4f64-bf0f-4e165c5afdc8@group-4402E726854A-LeaderElection81] INFO  server.RaftServerConfigKeys (ConfUtils.java:logGet(43)) - raft.server.rpc.sleep.time = 25ms (default)
2019-10-03 20:09:58,194 [2e253f7d-f237-4f64-bf0f-4e165c5afdc8@group-4402E726854A-LeaderElection81] INFO  server.RaftServerConfigKeys (ConfUtils.java:logGet(43)) - raft.server.write.element-limit = 4096 (default)
2019-10-03 20:09:58,194 [2e253f7d-f237-4f64-bf0f-4e165c5afdc8@group-4402E726854A-LeaderElection81] INFO  server.RaftServerConfigKeys (ConfUtils.java:logGet(43)) - raft.server.watch.timeout = 10s (default)
2019-10-03 20:09:58,194 [2e253f7d-f237-4f64-bf0f-4e165c5afdc8@group-4402E726854A-LeaderElection81] INFO  server.RaftServerConfigKeys (ConfUtils.java:logGet(43)) - raft.server.watch.timeout.denomination = 1s (default)
2019-10-03 20:09:58,195 [2e253f7d-f237-4f64-bf0f-4e165c5afdc8@group-4402E726854A-LeaderElection81] INFO  server.RaftServerConfigKeys (ConfUtils.java:logGet(43)) - raft.server.watch.element-limit = 65536 (default)
2019-10-03 20:09:58,196 [2e253f7d-f237-4f64-bf0f-4e165c5afdc8@group-4402E726854A-LeaderElection81] INFO  server.RaftServerConfigKeys (ConfUtils.java:logGet(43)) - raft.server.log.appender.snapshot.chunk.size.max = 16MB (=16777216) (default)
2019-10-03 20:09:58,196 [2e253f7d-f237-4f64-bf0f-4e165c5afdc8@group-4402E726854A-LeaderElection81] INFO  server.RaftServerConfigKeys (ConfUtils.java:logGet(43)) - raft.server.log.appender.buffer.byte-limit = 33554432 (custom)
2019-10-03 20:09:58,196 [2e253f7d-f237-4f64-bf0f-4e165c5afdc8@group-4402E726854A-LeaderElection81] INFO  server.RaftServerConfigKeys (ConfUtils.java:logGet(43)) - raft.server.log.appender.buffer.element-limit = 1 (custom)
2019-10-03 20:09:58,196 [2e253f7d-f237-4f64-bf0f-4e165c5afdc8@group-4402E726854A-LeaderElection81] INFO  grpc.GrpcConfigKeys$Server (ConfUtils.java:logGet(43)) - raft.grpc.server.leader.outstanding.appends.max = 128 (default)
2019-10-03 20:09:58,196 [2e253f7d-f237-4f64-bf0f-4e165c5afdc8@group-4402E726854A-LeaderElection81] INFO  server.RaftServerConfigKeys (ConfUtils.java:logGet(43)) - raft.server.rpc.request.timeout = 3000ms (default)
2019-10-03 20:09:58,196 [2e253f7d-f237-4f64-bf0f-4e165c5afdc8@group-4402E726854A-LeaderElection81] INFO  server.RaftServerConfigKeys (ConfUtils.java:logGet(43)) - raft.server.log.appender.install.snapshot.enabled = false (custom)
2019-10-03 20:09:58,197 [2e253f7d-f237-4f64-bf0f-4e165c5afdc8@group-4402E726854A-LeaderElection81] INFO  server.RaftServerConfigKeys (ConfUtils.java:logGet(43)) - raft.server.log.appender.snapshot.chunk.size.max = 16MB (=16777216) (default)
2019-10-03 20:09:58,197 [2e253f7d-f237-4f64-bf0f-4e165c5afdc8@group-4402E726854A-LeaderElection81] INFO  server.RaftServerConfigKeys (ConfUtils.java:logGet(43)) - raft.server.log.appender.buffer.byte-limit = 33554432 (custom)
2019-10-03 20:09:58,197 [2e253f7d-f237-4f64-bf0f-4e165c5afdc8@group-4402E726854A-LeaderElection81] INFO  server.RaftServerConfigKeys (ConfUtils.java:logGet(43)) - raft.server.log.appender.buffer.element-limit = 1 (custom)
2019-10-03 20:09:58,197 [2e253f7d-f237-4f64-bf0f-4e165c5afdc8@group-4402E726854A-LeaderElection81] INFO  grpc.GrpcConfigKeys$Server (ConfUtils.java:logGet(43)) - raft.grpc.server.leader.outstanding.appends.max = 128 (default)
2019-10-03 20:09:58,197 [2e253f7d-f237-4f64-bf0f-4e165c5afdc8@group-4402E726854A-LeaderElection81] INFO  server.RaftServerConfigKeys (ConfUtils.java:logGet(43)) - raft.server.rpc.request.timeout = 3000ms (default)
2019-10-03 20:09:58,197 [2e253f7d-f237-4f64-bf0f-4e165c5afdc8@group-4402E726854A-LeaderElection81] INFO  server.RaftServerConfigKeys (ConfUtils.java:logGet(43)) - raft.server.log.appender.install.snapshot.enabled = false (custom)
2019-10-03 20:09:58,197 [2e253f7d-f237-4f64-bf0f-4e165c5afdc8@group-4402E726854A-LeaderElection81] INFO  impl.RoleInfo (RoleInfo.java:updateAndGet(143)) - 2e253f7d-f237-4f64-bf0f-4e165c5afdc8: start LeaderState
2019-10-03 20:09:58,197 [2e253f7d-f237-4f64-bf0f-4e165c5afdc8@group-4402E726854A-LeaderElection81] INFO  segmented.SegmentedRaftLogWorker (SegmentedRaftLogWorker.java:startLogSegment(385)) - 2e253f7d-f237-4f64-bf0f-4e165c5afdc8@group-4402E726854A-SegmentedRaftLogWorker: Starting segment from index:0
2019-10-03 20:09:58,198 [2e253f7d-f237-4f64-bf0f-4e165c5afdc8@group-4402E726854A-LeaderElection81] INFO  impl.RaftServerImpl (ServerState.java:setRaftConf(356)) - 2e253f7d-f237-4f64-bf0f-4e165c5afdc8@group-4402E726854A: set configuration 0: [fcbae8df-a1ef-4d91-9a5c-ec2b900fec62:192.168.30.7:38678, 2e253f7d-f237-4f64-bf0f-4e165c5afdc8:192.168.30.7:45089, e7718313-8120-41cd-8acc-e928bdef59c5:192.168.30.7:43413], old=null at 0
2019-10-03 20:09:58,202 [grpc-default-executor-13] INFO  impl.RaftServerImpl (ServerState.java:setLeader(255)) - e7718313-8120-41cd-8acc-e928bdef59c5@group-4402E726854A: change Leader from null to 2e253f7d-f237-4f64-bf0f-4e165c5afdc8 at term 1 for appendEntries, leader elected after 5108ms
2019-10-03 20:09:58,202 [grpc-default-executor-14] INFO  impl.RaftServerImpl (ServerState.java:setLeader(255)) - fcbae8df-a1ef-4d91-9a5c-ec2b900fec62@group-4402E726854A: change Leader from null to 2e253f7d-f237-4f64-bf0f-4e165c5afdc8 at term 1 for appendEntries, leader elected after 5108ms
2019-10-03 20:09:58,232 [6304382c-6a8e-48d1-8d6a-351f8b4f168f@group-737BD6BE76C4-LeaderElection82] INFO  impl.LeaderElection (LeaderElection.java:askForVotes(178)) - 6304382c-6a8e-48d1-8d6a-351f8b4f168f@group-737BD6BE76C4-LeaderElection82: begin an election at term 1 for -1: [6304382c-6a8e-48d1-8d6a-351f8b4f168f:192.168.30.7:44479], old=null
2019-10-03 20:09:58,235 [Thread-3125] INFO  impl.FollowerState (FollowerState.java:run(108)) - 6304382c-6a8e-48d1-8d6a-351f8b4f168f@group-4CD786C74E9C-FollowerState: change to CANDIDATE, lastRpcTime:5038ms, electionTimeout:5038ms
2019-10-03 20:09:58,235 [6304382c-6a8e-48d1-8d6a-351f8b4f168f@group-737BD6BE76C4-LeaderElection82] INFO  impl.RoleInfo (RoleInfo.java:shutdownLeaderElection(134)) - 6304382c-6a8e-48d1-8d6a-351f8b4f168f: shutdown LeaderElection
2019-10-03 20:09:58,235 [Thread-3125] INFO  impl.RoleInfo (RoleInfo.java:shutdownFollowerState(121)) - 6304382c-6a8e-48d1-8d6a-351f8b4f168f: shutdown FollowerState
2019-10-03 20:09:58,237 [6304382c-6a8e-48d1-8d6a-351f8b4f168f@group-737BD6BE76C4-LeaderElection82] INFO  impl.RaftServerImpl (RaftServerImpl.java:setRole(170)) - 6304382c-6a8e-48d1-8d6a-351f8b4f168f@group-737BD6BE76C4: changes role from CANDIDATE to LEADER at term 1 for changeToLeader
2019-10-03 20:09:58,237 [Thread-3125] INFO  impl.RaftServerImpl (RaftServerImpl.java:setRole(170)) - 6304382c-6a8e-48d1-8d6a-351f8b4f168f@group-4CD786C74E9C: changes role from  FOLLOWER to CANDIDATE at term 0 for changeToCandidate
2019-10-03 20:09:58,237 [6304382c-6a8e-48d1-8d6a-351f8b4f168f@group-737BD6BE76C4-LeaderElection82] INFO  impl.RaftServerImpl (ServerState.java:setLeader(255)) - 6304382c-6a8e-48d1-8d6a-351f8b4f168f@group-737BD6BE76C4: change Leader from null to 6304382c-6a8e-48d1-8d6a-351f8b4f168f at term 1 for becomeLeader, leader elected after 5228ms
2019-10-03 20:09:58,237 [Thread-3125] INFO  impl.RoleInfo (RoleInfo.java:updateAndGet(143)) - 6304382c-6a8e-48d1-8d6a-351f8b4f168f: start LeaderElection
2019-10-03 20:09:58,237 [6304382c-6a8e-48d1-8d6a-351f8b4f168f@group-737BD6BE76C4-LeaderElection82] INFO  server.RaftServerConfigKeys (ConfUtils.java:logGet(43)) - raft.server.staging.catchup.gap = 1000 (default)
2019-10-03 20:09:58,237 [6304382c-6a8e-48d1-8d6a-351f8b4f168f@group-737BD6BE76C4-LeaderElection82] INFO  server.RaftServerConfigKeys (ConfUtils.java:logGet(43)) - raft.server.rpc.sleep.time = 25ms (default)
2019-10-03 20:09:58,241 [6304382c-6a8e-48d1-8d6a-351f8b4f168f@group-737BD6BE76C4-LeaderElection82] INFO  server.RaftServerConfigKeys (ConfUtils.java:logGet(43)) - raft.server.write.element-limit = 4096 (default)
2019-10-03 20:09:58,241 [6304382c-6a8e-48d1-8d6a-351f8b4f168f@group-737BD6BE76C4-LeaderElection82] INFO  server.RaftServerConfigKeys (ConfUtils.java:logGet(43)) - raft.server.watch.timeout = 10s (default)
2019-10-03 20:09:58,241 [6304382c-6a8e-48d1-8d6a-351f8b4f168f@group-737BD6BE76C4-LeaderElection82] INFO  server.RaftServerConfigKeys (ConfUtils.java:logGet(43)) - raft.server.watch.timeout.denomination = 1s (default)
2019-10-03 20:09:58,242 [6304382c-6a8e-48d1-8d6a-351f8b4f168f@group-737BD6BE76C4-LeaderElection82] INFO  server.RaftServerConfigKeys (ConfUtils.java:logGet(43)) - raft.server.watch.element-limit = 65536 (default)
2019-10-03 20:09:58,242 [grpc-default-executor-14] INFO  impl.RaftServerImpl (ServerState.java:setRaftConf(356)) - e7718313-8120-41cd-8acc-e928bdef59c5@group-4402E726854A: set configuration 0: [fcbae8df-a1ef-4d91-9a5c-ec2b900fec62:192.168.30.7:38678, 2e253f7d-f237-4f64-bf0f-4e165c5afdc8:192.168.30.7:45089, e7718313-8120-41cd-8acc-e928bdef59c5:192.168.30.7:43413], old=null at 0
2019-10-03 20:09:58,244 [grpc-default-executor-14] INFO  segmented.SegmentedRaftLogWorker (SegmentedRaftLogWorker.java:startLogSegment(385)) - e7718313-8120-41cd-8acc-e928bdef59c5@group-4402E726854A-SegmentedRaftLogWorker: Starting segment from index:0
2019-10-03 20:09:58,244 [grpc-default-executor-13] INFO  impl.RaftServerImpl (ServerState.java:setRaftConf(356)) - fcbae8df-a1ef-4d91-9a5c-ec2b900fec62@group-4402E726854A: set configuration 0: [fcbae8df-a1ef-4d91-9a5c-ec2b900fec62:192.168.30.7:38678, 2e253f7d-f237-4f64-bf0f-4e165c5afdc8:192.168.30.7:45089, e7718313-8120-41cd-8acc-e928bdef59c5:192.168.30.7:43413], old=null at 0
2019-10-03 20:09:58,245 [grpc-default-executor-13] INFO  segmented.SegmentedRaftLogWorker (SegmentedRaftLogWorker.java:startLogSegment(385)) - fcbae8df-a1ef-4d91-9a5c-ec2b900fec62@group-4402E726854A-SegmentedRaftLogWorker: Starting segment from index:0
2019-10-03 20:09:58,245 [6304382c-6a8e-48d1-8d6a-351f8b4f168f@group-737BD6BE76C4-LeaderElection82] INFO  impl.RoleInfo (RoleInfo.java:updateAndGet(143)) - 6304382c-6a8e-48d1-8d6a-351f8b4f168f: start LeaderState
2019-10-03 20:09:58,246 [6304382c-6a8e-48d1-8d6a-351f8b4f168f@group-737BD6BE76C4-LeaderElection82] INFO  segmented.SegmentedRaftLogWorker (SegmentedRaftLogWorker.java:startLogSegment(385)) - 6304382c-6a8e-48d1-8d6a-351f8b4f168f@group-737BD6BE76C4-SegmentedRaftLogWorker: Starting segment from index:0
2019-10-03 20:09:58,246 [6304382c-6a8e-48d1-8d6a-351f8b4f168f@group-737BD6BE76C4-LeaderElection82] INFO  impl.RaftServerImpl (ServerState.java:setRaftConf(356)) - 6304382c-6a8e-48d1-8d6a-351f8b4f168f@group-737BD6BE76C4: set configuration 0: [6304382c-6a8e-48d1-8d6a-351f8b4f168f:192.168.30.7:44479], old=null at 0
2019-10-03 20:09:58,260 [2e253f7d-f237-4f64-bf0f-4e165c5afdc8@group-4402E726854A-SegmentedRaftLogWorker] INFO  segmented.SegmentedRaftLogWorker (SegmentedRaftLogWorker.java:execute(574)) - 2e253f7d-f237-4f64-bf0f-4e165c5afdc8@group-4402E726854A-SegmentedRaftLogWorker: created new log segment /workdir/hadoop-ozone/integration-test/target/test-dir/MiniOzoneClusterImpl-16e450bc-7d29-4cce-9510-730a56775e77/datanode-3/data/ratis/b304383e-c118-465f-89cb-4402e726854a/current/log_inprogress_0
2019-10-03 20:09:58,260 [6304382c-6a8e-48d1-8d6a-351f8b4f168f@group-4CD786C74E9C-LeaderElection83] INFO  impl.LeaderElection (LeaderElection.java:askForVotes(178)) - 6304382c-6a8e-48d1-8d6a-351f8b4f168f@group-4CD786C74E9C-LeaderElection83: begin an election at term 1 for -1: [b6b7042a-ec65-4978-975f-2a155c42500f:192.168.30.7:40160, 4a355be9-49a6-46bb-9525-54ce14c2d0bc:192.168.30.7:34819, 6304382c-6a8e-48d1-8d6a-351f8b4f168f:192.168.30.7:44479], old=null
2019-10-03 20:09:58,283 [grpc-default-executor-13] INFO  impl.RaftServerImpl (RaftServerImpl.java:setRole(170)) - b6b7042a-ec65-4978-975f-2a155c42500f@group-4CD786C74E9C: changes role from  FOLLOWER to FOLLOWER at term 1 for recognizeCandidate:6304382c-6a8e-48d1-8d6a-351f8b4f168f
2019-10-03 20:09:58,283 [grpc-default-executor-14] INFO  impl.RaftServerImpl (RaftServerImpl.java:setRole(170)) - 4a355be9-49a6-46bb-9525-54ce14c2d0bc@group-4CD786C74E9C: changes role from  FOLLOWER to FOLLOWER at term 1 for recognizeCandidate:6304382c-6a8e-48d1-8d6a-351f8b4f168f
2019-10-03 20:09:58,283 [grpc-default-executor-13] INFO  impl.RoleInfo (RoleInfo.java:shutdownFollowerState(121)) - b6b7042a-ec65-4978-975f-2a155c42500f: shutdown FollowerState
2019-10-03 20:09:58,283 [grpc-default-executor-14] INFO  impl.RoleInfo (RoleInfo.java:shutdownFollowerState(121)) - 4a355be9-49a6-46bb-9525-54ce14c2d0bc: shutdown FollowerState
2019-10-03 20:09:58,284 [Thread-3124] INFO  impl.FollowerState (FollowerState.java:run(117)) - b6b7042a-ec65-4978-975f-2a155c42500f@group-4CD786C74E9C-FollowerState was interrupted: java.lang.InterruptedException: sleep interrupted
2019-10-03 20:09:58,284 [grpc-default-executor-13] INFO  impl.RoleInfo (RoleInfo.java:updateAndGet(143)) - b6b7042a-ec65-4978-975f-2a155c42500f: start FollowerState
2019-10-03 20:09:58,286 [Thread-3120] INFO  impl.FollowerState (FollowerState.java:run(117)) - 4a355be9-49a6-46bb-9525-54ce14c2d0bc@group-4CD786C74E9C-FollowerState was interrupted: java.lang.InterruptedException: sleep interrupted
2019-10-03 20:09:58,284 [grpc-default-executor-14] INFO  impl.RoleInfo (RoleInfo.java:updateAndGet(143)) - 4a355be9-49a6-46bb-9525-54ce14c2d0bc: start FollowerState
2019-10-03 20:09:58,302 [e7718313-8120-41cd-8acc-e928bdef59c5@group-4402E726854A-SegmentedRaftLogWorker] INFO  segmented.SegmentedRaftLogWorker (SegmentedRaftLogWorker.java:execute(574)) - e7718313-8120-41cd-8acc-e928bdef59c5@group-4402E726854A-SegmentedRaftLogWorker: created new log segment /workdir/hadoop-ozone/integration-test/target/test-dir/MiniOzoneClusterImpl-16e450bc-7d29-4cce-9510-730a56775e77/datanode-1/data/ratis/b304383e-c118-465f-89cb-4402e726854a/current/log_inprogress_0
2019-10-03 20:09:58,302 [6304382c-6a8e-48d1-8d6a-351f8b4f168f@group-737BD6BE76C4-SegmentedRaftLogWorker] INFO  segmented.SegmentedRaftLogWorker (SegmentedRaftLogWorker.java:execute(574)) - 6304382c-6a8e-48d1-8d6a-351f8b4f168f@group-737BD6BE76C4-SegmentedRaftLogWorker: created new log segment /workdir/hadoop-ozone/integration-test/target/test-dir/MiniOzoneClusterImpl-16e450bc-7d29-4cce-9510-730a56775e77/datanode-6/data/ratis/24e49a9d-efdb-45c9-932c-737bd6be76c4/current/log_inprogress_0
2019-10-03 20:09:58,302 [fcbae8df-a1ef-4d91-9a5c-ec2b900fec62@group-4402E726854A-SegmentedRaftLogWorker] INFO  segmented.SegmentedRaftLogWorker (SegmentedRaftLogWorker.java:execute(574)) - fcbae8df-a1ef-4d91-9a5c-ec2b900fec62@group-4402E726854A-SegmentedRaftLogWorker: created new log segment /workdir/hadoop-ozone/integration-test/target/test-dir/MiniOzoneClusterImpl-16e450bc-7d29-4cce-9510-730a56775e77/datanode-5/data/ratis/b304383e-c118-465f-89cb-4402e726854a/current/log_inprogress_0
2019-10-03 20:09:58,320 [6304382c-6a8e-48d1-8d6a-351f8b4f168f@group-4CD786C74E9C-LeaderElection83] INFO  impl.LeaderElection (LeaderElection.java:logAndReturn(56)) - 6304382c-6a8e-48d1-8d6a-351f8b4f168f@group-4CD786C74E9C-LeaderElection83: Election PASSED; received 1 response(s) [6304382c-6a8e-48d1-8d6a-351f8b4f168f<-b6b7042a-ec65-4978-975f-2a155c42500f#0:OK-t1] and 0 exception(s); 6304382c-6a8e-48d1-8d6a-351f8b4f168f@group-4CD786C74E9C:t1, leader=null, voted=6304382c-6a8e-48d1-8d6a-351f8b4f168f, raftlog=6304382c-6a8e-48d1-8d6a-351f8b4f168f@group-4CD786C74E9C-SegmentedRaftLog:OPENED:c-1,f-1,i0, conf=-1: [b6b7042a-ec65-4978-975f-2a155c42500f:192.168.30.7:40160, 4a355be9-49a6-46bb-9525-54ce14c2d0bc:192.168.30.7:34819, 6304382c-6a8e-48d1-8d6a-351f8b4f168f:192.168.30.7:44479], old=null
2019-10-03 20:09:58,320 [6304382c-6a8e-48d1-8d6a-351f8b4f168f@group-4CD786C74E9C-LeaderElection83] INFO  impl.RoleInfo (RoleInfo.java:shutdownLeaderElection(134)) - 6304382c-6a8e-48d1-8d6a-351f8b4f168f: shutdown LeaderElection
2019-10-03 20:09:58,320 [6304382c-6a8e-48d1-8d6a-351f8b4f168f@group-4CD786C74E9C-LeaderElection83] INFO  impl.RaftServerImpl (RaftServerImpl.java:setRole(170)) - 6304382c-6a8e-48d1-8d6a-351f8b4f168f@group-4CD786C74E9C: changes role from CANDIDATE to LEADER at term 1 for changeToLeader
2019-10-03 20:09:58,320 [6304382c-6a8e-48d1-8d6a-351f8b4f168f@group-4CD786C74E9C-LeaderElection83] INFO  impl.RaftServerImpl (ServerState.java:setLeader(255)) - 6304382c-6a8e-48d1-8d6a-351f8b4f168f@group-4CD786C74E9C: change Leader from null to 6304382c-6a8e-48d1-8d6a-351f8b4f168f at term 1 for becomeLeader, leader elected after 5134ms
2019-10-03 20:09:58,321 [6304382c-6a8e-48d1-8d6a-351f8b4f168f@group-4CD786C74E9C-LeaderElection83] INFO  server.RaftServerConfigKeys (ConfUtils.java:logGet(43)) - raft.server.staging.catchup.gap = 1000 (default)
2019-10-03 20:09:58,321 [6304382c-6a8e-48d1-8d6a-351f8b4f168f@group-4CD786C74E9C-LeaderElection83] INFO  server.RaftServerConfigKeys (ConfUtils.java:logGet(43)) - raft.server.rpc.sleep.time = 25ms (default)
2019-10-03 20:09:58,321 [6304382c-6a8e-48d1-8d6a-351f8b4f168f@group-4CD786C74E9C-LeaderElection83] INFO  server.RaftServerConfigKeys (ConfUtils.java:logGet(43)) - raft.server.write.element-limit = 4096 (default)
2019-10-03 20:09:58,321 [6304382c-6a8e-48d1-8d6a-351f8b4f168f@group-4CD786C74E9C-LeaderElection83] INFO  server.RaftServerConfigKeys (ConfUtils.java:logGet(43)) - raft.server.watch.timeout = 10s (default)
2019-10-03 20:09:58,321 [6304382c-6a8e-48d1-8d6a-351f8b4f168f@group-4CD786C74E9C-LeaderElection83] INFO  server.RaftServerConfigKeys (ConfUtils.java:logGet(43)) - raft.server.watch.timeout.denomination = 1s (default)
2019-10-03 20:09:58,321 [6304382c-6a8e-48d1-8d6a-351f8b4f168f@group-4CD786C74E9C-LeaderElection83] INFO  server.RaftServerConfigKeys (ConfUtils.java:logGet(43)) - raft.server.watch.element-limit = 65536 (default)
2019-10-03 20:09:58,323 [6304382c-6a8e-48d1-8d6a-351f8b4f168f@group-4CD786C74E9C-LeaderElection83] INFO  server.RaftServerConfigKeys (ConfUtils.java:logGet(43)) - raft.server.log.appender.snapshot.chunk.size.max = 16MB (=16777216) (default)
2019-10-03 20:09:58,323 [6304382c-6a8e-48d1-8d6a-351f8b4f168f@group-4CD786C74E9C-LeaderElection83] INFO  server.RaftServerConfigKeys (ConfUtils.java:logGet(43)) - raft.server.log.appender.buffer.byte-limit = 33554432 (custom)
2019-10-03 20:09:58,323 [6304382c-6a8e-48d1-8d6a-351f8b4f168f@group-4CD786C74E9C-LeaderElection83] INFO  server.RaftServerConfigKeys (ConfUtils.java:logGet(43)) - raft.server.log.appender.buffer.element-limit = 1 (custom)
2019-10-03 20:09:58,323 [6304382c-6a8e-48d1-8d6a-351f8b4f168f@group-4CD786C74E9C-LeaderElection83] INFO  grpc.GrpcConfigKeys$Server (ConfUtils.java:logGet(43)) - raft.grpc.server.leader.outstanding.appends.max = 128 (default)
2019-10-03 20:09:58,324 [6304382c-6a8e-48d1-8d6a-351f8b4f168f@group-4CD786C74E9C-LeaderElection83] INFO  server.RaftServerConfigKeys (ConfUtils.java:logGet(43)) - raft.server.rpc.request.timeout = 3000ms (default)
2019-10-03 20:09:58,324 [6304382c-6a8e-48d1-8d6a-351f8b4f168f@group-4CD786C74E9C-LeaderElection83] INFO  server.RaftServerConfigKeys (ConfUtils.java:logGet(43)) - raft.server.log.appender.install.snapshot.enabled = false (custom)
2019-10-03 20:09:58,324 [6304382c-6a8e-48d1-8d6a-351f8b4f168f@group-4CD786C74E9C-LeaderElection83] INFO  server.RaftServerConfigKeys (ConfUtils.java:logGet(43)) - raft.server.log.appender.snapshot.chunk.size.max = 16MB (=16777216) (default)
2019-10-03 20:09:58,324 [6304382c-6a8e-48d1-8d6a-351f8b4f168f@group-4CD786C74E9C-LeaderElection83] INFO  server.RaftServerConfigKeys (ConfUtils.java:logGet(43)) - raft.server.log.appender.buffer.byte-limit = 33554432 (custom)
2019-10-03 20:09:58,324 [6304382c-6a8e-48d1-8d6a-351f8b4f168f@group-4CD786C74E9C-LeaderElection83] INFO  server.RaftServerConfigKeys (ConfUtils.java:logGet(43)) - raft.server.log.appender.buffer.element-limit = 1 (custom)
2019-10-03 20:09:58,324 [6304382c-6a8e-48d1-8d6a-351f8b4f168f@group-4CD786C74E9C-LeaderElection83] INFO  grpc.GrpcConfigKeys$Server (ConfUtils.java:logGet(43)) - raft.grpc.server.leader.outstanding.appends.max = 128 (default)
2019-10-03 20:09:58,325 [6304382c-6a8e-48d1-8d6a-351f8b4f168f@group-4CD786C74E9C-LeaderElection83] INFO  server.RaftServerConfigKeys (ConfUtils.java:logGet(43)) - raft.server.rpc.request.timeout = 3000ms (default)
2019-10-03 20:09:58,325 [6304382c-6a8e-48d1-8d6a-351f8b4f168f@group-4CD786C74E9C-LeaderElection83] INFO  server.RaftServerConfigKeys (ConfUtils.java:logGet(43)) - raft.server.log.appender.install.snapshot.enabled = false (custom)
2019-10-03 20:09:58,325 [6304382c-6a8e-48d1-8d6a-351f8b4f168f@group-4CD786C74E9C-LeaderElection83] INFO  impl.RoleInfo (RoleInfo.java:updateAndGet(143)) - 6304382c-6a8e-48d1-8d6a-351f8b4f168f: start LeaderState
2019-10-03 20:09:58,325 [6304382c-6a8e-48d1-8d6a-351f8b4f168f@group-4CD786C74E9C-LeaderElection83] INFO  segmented.SegmentedRaftLogWorker (SegmentedRaftLogWorker.java:startLogSegment(385)) - 6304382c-6a8e-48d1-8d6a-351f8b4f168f@group-4CD786C74E9C-SegmentedRaftLogWorker: Starting segment from index:0
2019-10-03 20:09:58,326 [6304382c-6a8e-48d1-8d6a-351f8b4f168f@group-4CD786C74E9C-LeaderElection83] INFO  impl.RaftServerImpl (ServerState.java:setRaftConf(356)) - 6304382c-6a8e-48d1-8d6a-351f8b4f168f@group-4CD786C74E9C: set configuration 0: [b6b7042a-ec65-4978-975f-2a155c42500f:192.168.30.7:40160, 4a355be9-49a6-46bb-9525-54ce14c2d0bc:192.168.30.7:34819, 6304382c-6a8e-48d1-8d6a-351f8b4f168f:192.168.30.7:44479], old=null at 0
2019-10-03 20:09:58,368 [grpc-default-executor-14] INFO  impl.RaftServerImpl (ServerState.java:setLeader(255)) - b6b7042a-ec65-4978-975f-2a155c42500f@group-4CD786C74E9C: change Leader from null to 6304382c-6a8e-48d1-8d6a-351f8b4f168f at term 1 for appendEntries, leader elected after 5179ms
2019-10-03 20:09:58,368 [grpc-default-executor-13] INFO  impl.RaftServerImpl (ServerState.java:setLeader(255)) - 4a355be9-49a6-46bb-9525-54ce14c2d0bc@group-4CD786C74E9C: change Leader from null to 6304382c-6a8e-48d1-8d6a-351f8b4f168f at term 1 for appendEntries, leader elected after 5179ms
2019-10-03 20:09:58,372 [grpc-default-executor-14] INFO  impl.RaftServerImpl (ServerState.java:setRaftConf(356)) - b6b7042a-ec65-4978-975f-2a155c42500f@group-4CD786C74E9C: set configuration 0: [b6b7042a-ec65-4978-975f-2a155c42500f:192.168.30.7:40160, 4a355be9-49a6-46bb-9525-54ce14c2d0bc:192.168.30.7:34819, 6304382c-6a8e-48d1-8d6a-351f8b4f168f:192.168.30.7:44479], old=null at 0
2019-10-03 20:09:58,372 [grpc-default-executor-13] INFO  impl.RaftServerImpl (ServerState.java:setRaftConf(356)) - 4a355be9-49a6-46bb-9525-54ce14c2d0bc@group-4CD786C74E9C: set configuration 0: [b6b7042a-ec65-4978-975f-2a155c42500f:192.168.30.7:40160, 4a355be9-49a6-46bb-9525-54ce14c2d0bc:192.168.30.7:34819, 6304382c-6a8e-48d1-8d6a-351f8b4f168f:192.168.30.7:44479], old=null at 0
2019-10-03 20:09:58,372 [grpc-default-executor-14] INFO  segmented.SegmentedRaftLogWorker (SegmentedRaftLogWorker.java:startLogSegment(385)) - b6b7042a-ec65-4978-975f-2a155c42500f@group-4CD786C74E9C-SegmentedRaftLogWorker: Starting segment from index:0
2019-10-03 20:09:58,372 [grpc-default-executor-13] INFO  segmented.SegmentedRaftLogWorker (SegmentedRaftLogWorker.java:startLogSegment(385)) - 4a355be9-49a6-46bb-9525-54ce14c2d0bc@group-4CD786C74E9C-SegmentedRaftLogWorker: Starting segment from index:0
2019-10-03 20:09:58,387 [6304382c-6a8e-48d1-8d6a-351f8b4f168f@group-4CD786C74E9C-SegmentedRaftLogWorker] INFO  segmented.SegmentedRaftLogWorker (SegmentedRaftLogWorker.java:execute(574)) - 6304382c-6a8e-48d1-8d6a-351f8b4f168f@group-4CD786C74E9C-SegmentedRaftLogWorker: created new log segment /workdir/hadoop-ozone/integration-test/target/test-dir/MiniOzoneClusterImpl-16e450bc-7d29-4cce-9510-730a56775e77/datanode-6/data/ratis/86454b32-97eb-4355-b939-4cd786c74e9c/current/log_inprogress_0
2019-10-03 20:09:58,428 [4a355be9-49a6-46bb-9525-54ce14c2d0bc@group-4CD786C74E9C-SegmentedRaftLogWorker] INFO  segmented.SegmentedRaftLogWorker (SegmentedRaftLogWorker.java:execute(574)) - 4a355be9-49a6-46bb-9525-54ce14c2d0bc@group-4CD786C74E9C-SegmentedRaftLogWorker: created new log segment /workdir/hadoop-ozone/integration-test/target/test-dir/MiniOzoneClusterImpl-16e450bc-7d29-4cce-9510-730a56775e77/datanode-2/data/ratis/86454b32-97eb-4355-b939-4cd786c74e9c/current/log_inprogress_0
2019-10-03 20:09:58,428 [b6b7042a-ec65-4978-975f-2a155c42500f@group-4CD786C74E9C-SegmentedRaftLogWorker] INFO  segmented.SegmentedRaftLogWorker (SegmentedRaftLogWorker.java:execute(574)) - b6b7042a-ec65-4978-975f-2a155c42500f@group-4CD786C74E9C-SegmentedRaftLogWorker: created new log segment /workdir/hadoop-ozone/integration-test/target/test-dir/MiniOzoneClusterImpl-16e450bc-7d29-4cce-9510-730a56775e77/datanode-4/data/ratis/86454b32-97eb-4355-b939-4cd786c74e9c/current/log_inprogress_0
2019-10-03 20:10:00,262 [Datanode State Machine Thread - 0] INFO  statemachine.DatanodeStateMachine (DatanodeStateMachine.java:lambda$startDaemon$0(350)) - Ozone container server started.
2019-10-03 20:10:04,270 [EventQueue-StaleNodeForStaleNodeHandler] INFO  node.StaleNodeHandler (StaleNodeHandler.java:onMessage(58)) - Datanode 2e253f7d-f237-4f64-bf0f-4e165c5afdc8{ip: 192.168.30.7, host: pr-hdds-2230-vt4bl-2581040744, networkLocation: /default-rack, certSerialId: null} moved to stale state. Finalizing its pipelines [PipelineID=6441df30-27a8-44d9-9339-e7335a3e44d4, PipelineID=b304383e-c118-465f-89cb-4402e726854a]
2019-10-03 20:10:04,270 [EventQueue-StaleNodeForStaleNodeHandler] INFO  pipeline.SCMPipelineManager (SCMPipelineManager.java:finalizeAndDestroyPipeline(315)) - destroying pipeline:Pipeline[ Id: 6441df30-27a8-44d9-9339-e7335a3e44d4, Nodes: 2e253f7d-f237-4f64-bf0f-4e165c5afdc8{ip: 192.168.30.7, host: pr-hdds-2230-vt4bl-2581040744, networkLocation: /default-rack, certSerialId: null}, Type:RATIS, Factor:ONE, State:OPEN]
2019-10-03 20:10:04,271 [EventQueue-StaleNodeForStaleNodeHandler] INFO  pipeline.PipelineStateManager (PipelineStateManager.java:finalizePipeline(123)) - Pipeline Pipeline[ Id: 6441df30-27a8-44d9-9339-e7335a3e44d4, Nodes: 2e253f7d-f237-4f64-bf0f-4e165c5afdc8{ip: 192.168.30.7, host: pr-hdds-2230-vt4bl-2581040744, networkLocation: /default-rack, certSerialId: null}, Type:RATIS, Factor:ONE, State:CLOSED] moved to CLOSED state
2019-10-03 20:10:04,271 [EventQueue-StaleNodeForStaleNodeHandler] INFO  pipeline.SCMPipelineManager (SCMPipelineManager.java:finalizeAndDestroyPipeline(315)) - destroying pipeline:Pipeline[ Id: b304383e-c118-465f-89cb-4402e726854a, Nodes: 2e253f7d-f237-4f64-bf0f-4e165c5afdc8{ip: 192.168.30.7, host: pr-hdds-2230-vt4bl-2581040744, networkLocation: /default-rack, certSerialId: null}e7718313-8120-41cd-8acc-e928bdef59c5{ip: 192.168.30.7, host: pr-hdds-2230-vt4bl-2581040744, networkLocation: /default-rack, certSerialId: null}fcbae8df-a1ef-4d91-9a5c-ec2b900fec62{ip: 192.168.30.7, host: pr-hdds-2230-vt4bl-2581040744, networkLocation: /default-rack, certSerialId: null}, Type:RATIS, Factor:THREE, State:OPEN]
2019-10-03 20:10:04,271 [EventQueue-StaleNodeForStaleNodeHandler] INFO  pipeline.PipelineStateManager (PipelineStateManager.java:finalizePipeline(123)) - Pipeline Pipeline[ Id: b304383e-c118-465f-89cb-4402e726854a, Nodes: 2e253f7d-f237-4f64-bf0f-4e165c5afdc8{ip: 192.168.30.7, host: pr-hdds-2230-vt4bl-2581040744, networkLocation: /default-rack, certSerialId: null}e7718313-8120-41cd-8acc-e928bdef59c5{ip: 192.168.30.7, host: pr-hdds-2230-vt4bl-2581040744, networkLocation: /default-rack, certSerialId: null}fcbae8df-a1ef-4d91-9a5c-ec2b900fec62{ip: 192.168.30.7, host: pr-hdds-2230-vt4bl-2581040744, networkLocation: /default-rack, certSerialId: null}, Type:RATIS, Factor:THREE, State:CLOSED] moved to CLOSED state
2019-10-03 20:10:04,271 [EventQueue-CloseContainerForCloseContainerEventHandler] INFO  container.CloseContainerEventHandler (CloseContainerEventHandler.java:onMessage(61)) - Close container Event triggered for container : #1
2019-10-03 20:10:04,655 [main] INFO  ozoneimpl.OzoneContainer (OzoneContainer.java:stop(231)) - Attempting to stop container services.
2019-10-03 20:10:04,659 [main] INFO  impl.RaftServerProxy (RaftServerProxy.java:lambda$close$4(314)) - 2e253f7d-f237-4f64-bf0f-4e165c5afdc8: close
2019-10-03 20:10:04,660 [main] INFO  impl.RaftServerImpl (RaftServerImpl.java:lambda$shutdown$3(247)) - 2e253f7d-f237-4f64-bf0f-4e165c5afdc8@group-E7335A3E44D4: shutdown
2019-10-03 20:10:04,660 [ForkJoinPool.commonPool-worker-1] INFO  impl.RaftServerImpl (RaftServerImpl.java:lambda$shutdown$3(247)) - 2e253f7d-f237-4f64-bf0f-4e165c5afdc8@group-4402E726854A: shutdown
2019-10-03 20:10:04,660 [main] INFO  util.JmxRegister (JmxRegister.java:unregister(73)) - Successfully un-registered JMX Bean with object name Ratis:service=RaftServer,group=group-E7335A3E44D4,id=2e253f7d-f237-4f64-bf0f-4e165c5afdc8
2019-10-03 20:10:04,660 [ForkJoinPool.commonPool-worker-1] INFO  util.JmxRegister (JmxRegister.java:unregister(73)) - Successfully un-registered JMX Bean with object name Ratis:service=RaftServer,group=group-4402E726854A,id=2e253f7d-f237-4f64-bf0f-4e165c5afdc8
2019-10-03 20:10:04,660 [main] INFO  impl.RoleInfo (RoleInfo.java:shutdownLeaderState(104)) - 2e253f7d-f237-4f64-bf0f-4e165c5afdc8: shutdown LeaderState
2019-10-03 20:10:04,661 [ForkJoinPool.commonPool-worker-1] INFO  impl.RoleInfo (RoleInfo.java:shutdownLeaderState(104)) - 2e253f7d-f237-4f64-bf0f-4e165c5afdc8: shutdown LeaderState
2019-10-03 20:10:04,661 [main] INFO  impl.PendingRequests (PendingRequests.java:sendNotLeaderResponses(202)) - 2e253f7d-f237-4f64-bf0f-4e165c5afdc8@group-E7335A3E44D4-PendingRequests: sendNotLeaderResponses
2019-10-03 20:10:04,664 [org.apache.ratis.server.impl.LogAppender$AppenderDaemon$$Lambda$528/1283095084@6b5ff2e1] WARN  server.GrpcLogAppender (GrpcLogAppender.java:mayWait(143)) - 2e253f7d-f237-4f64-bf0f-4e165c5afdc8@group-4402E726854A->fcbae8df-a1ef-4d91-9a5c-ec2b900fec62-GrpcLogAppender: Wait interrupted by java.lang.InterruptedException
2019-10-03 20:10:04,664 [org.apache.ratis.server.impl.LogAppender$AppenderDaemon$$Lambda$528/1283095084@67e7a946] WARN  server.GrpcLogAppender (GrpcLogAppender.java:mayWait(143)) - 2e253f7d-f237-4f64-bf0f-4e165c5afdc8@group-4402E726854A->e7718313-8120-41cd-8acc-e928bdef59c5-GrpcLogAppender: Wait interrupted by java.lang.InterruptedException
2019-10-03 20:10:04,664 [ForkJoinPool.commonPool-worker-1] INFO  impl.PendingRequests (PendingRequests.java:sendNotLeaderResponses(202)) - 2e253f7d-f237-4f64-bf0f-4e165c5afdc8@group-4402E726854A-PendingRequests: sendNotLeaderResponses
2019-10-03 20:10:04,665 [main] INFO  impl.StateMachineUpdater (StateMachineUpdater.java:stopAndJoin(136)) - 2e253f7d-f237-4f64-bf0f-4e165c5afdc8@group-E7335A3E44D4-StateMachineUpdater: set stopIndex = 0
2019-10-03 20:10:04,670 [main] INFO  impl.RaftServerImpl (ServerState.java:close(387)) - 2e253f7d-f237-4f64-bf0f-4e165c5afdc8@group-E7335A3E44D4: closes. applyIndex: 0
2019-10-03 20:10:04,670 [ForkJoinPool.commonPool-worker-1] INFO  impl.StateMachineUpdater (StateMachineUpdater.java:stopAndJoin(136)) - 2e253f7d-f237-4f64-bf0f-4e165c5afdc8@group-4402E726854A-StateMachineUpdater: set stopIndex = 16
2019-10-03 20:10:04,670 [grpc-default-executor-13] INFO  server.GrpcServerProtocolService (GrpcServerProtocolService.java:onCompleted(113)) - fcbae8df-a1ef-4d91-9a5c-ec2b900fec62: Completed APPEND_ENTRIES, lastRequest: 2e253f7d-f237-4f64-bf0f-4e165c5afdc8->fcbae8df-a1ef-4d91-9a5c-ec2b900fec62#19-t1, previous=(t:1, i:16), leaderCommit=16, initializing? false, entries: <empty>
2019-10-03 20:10:04,670 [grpc-default-executor-16] INFO  server.GrpcServerProtocolService (GrpcServerProtocolService.java:onCompleted(113)) - e7718313-8120-41cd-8acc-e928bdef59c5: Completed APPEND_ENTRIES, lastRequest: 2e253f7d-f237-4f64-bf0f-4e165c5afdc8->e7718313-8120-41cd-8acc-e928bdef59c5#19-t1, previous=(t:1, i:16), leaderCommit=16, initializing? false, entries: <empty>
2019-10-03 20:10:04,670 [2e253f7d-f237-4f64-bf0f-4e165c5afdc8@group-E7335A3E44D4-SegmentedRaftLogWorker] INFO  segmented.SegmentedRaftLogWorker (SegmentedRaftLogWorker.java:run(316)) - 2e253f7d-f237-4f64-bf0f-4e165c5afdc8@group-E7335A3E44D4-SegmentedRaftLogWorker was interrupted, exiting. There are 0 tasks remaining in the queue.
2019-10-03 20:10:04,670 [2e253f7d-f237-4f64-bf0f-4e165c5afdc8@group-4402E726854A-StateMachineUpdater] INFO  ratis.ContainerStateMachine (ContainerStateMachine.java:takeSnapshot(293)) - group-4402E726854A: Taking a snapshot at:(t:1, i:14) file /workdir/hadoop-ozone/integration-test/target/test-dir/MiniOzoneClusterImpl-16e450bc-7d29-4cce-9510-730a56775e77/datanode-3/data/ratis/b304383e-c118-465f-89cb-4402e726854a/sm/snapshot.1_14
2019-10-03 20:10:04,673 [grpc-default-executor-13] INFO  server.GrpcLogAppender (GrpcLogAppender.java:onCompleted(293)) - 2e253f7d-f237-4f64-bf0f-4e165c5afdc8@group-4402E726854A->e7718313-8120-41cd-8acc-e928bdef59c5-AppendLogResponseHandler: follower responses appendEntries COMPLETED
2019-10-03 20:10:04,673 [main] INFO  segmented.SegmentedRaftLogWorker (SegmentedRaftLogWorker.java:close(224)) - 2e253f7d-f237-4f64-bf0f-4e165c5afdc8@group-E7335A3E44D4-SegmentedRaftLogWorker close()
2019-10-03 20:10:04,673 [grpc-default-executor-14] INFO  server.GrpcLogAppender (GrpcLogAppender.java:onCompleted(293)) - 2e253f7d-f237-4f64-bf0f-4e165c5afdc8@group-4402E726854A->fcbae8df-a1ef-4d91-9a5c-ec2b900fec62-AppendLogResponseHandler: follower responses appendEntries COMPLETED
2019-10-03 20:10:04,677 [grpc-default-executor-13] INFO  impl.FollowerInfo (FollowerInfo.java:lambda$new$0(51)) - 2e253f7d-f237-4f64-bf0f-4e165c5afdc8@group-4402E726854A->e7718313-8120-41cd-8acc-e928bdef59c5: nextIndex: updateUnconditionally 17 -> 16
2019-10-03 20:10:04,677 [grpc-default-executor-14] INFO  impl.FollowerInfo (FollowerInfo.java:lambda$new$0(51)) - 2e253f7d-f237-4f64-bf0f-4e165c5afdc8@group-4402E726854A->fcbae8df-a1ef-4d91-9a5c-ec2b900fec62: nextIndex: updateUnconditionally 17 -> 16
2019-10-03 20:10:04,705 [2e253f7d-f237-4f64-bf0f-4e165c5afdc8@group-4402E726854A-StateMachineUpdater] INFO  ratis.ContainerStateMachine (ContainerStateMachine.java:takeSnapshot(304)) - group-4402E726854A: Finished taking a snapshot at:(t:1, i:14) file:/workdir/hadoop-ozone/integration-test/target/test-dir/MiniOzoneClusterImpl-16e450bc-7d29-4cce-9510-730a56775e77/datanode-3/data/ratis/b304383e-c118-465f-89cb-4402e726854a/sm/snapshot.1_14 time:35
2019-10-03 20:10:04,706 [2e253f7d-f237-4f64-bf0f-4e165c5afdc8@group-4402E726854A-StateMachineUpdater] INFO  impl.StateMachineUpdater (StateMachineUpdater.java:takeSnapshot(269)) - 2e253f7d-f237-4f64-bf0f-4e165c5afdc8@group-4402E726854A-StateMachineUpdater: Took a snapshot at index 14
2019-10-03 20:10:04,706 [2e253f7d-f237-4f64-bf0f-4e165c5afdc8@group-4402E726854A-StateMachineUpdater] INFO  impl.StateMachineUpdater (StateMachineUpdater.java:lambda$new$0(84)) - 2e253f7d-f237-4f64-bf0f-4e165c5afdc8@group-4402E726854A-StateMachineUpdater: snapshotIndex: updateIncreasingly -1 -> 14
2019-10-03 20:10:04,706 [2e253f7d-f237-4f64-bf0f-4e165c5afdc8@group-4402E726854A-StateMachineUpdater] INFO  ratis.ContainerStateMachine (ContainerStateMachine.java:takeSnapshot(293)) - group-4402E726854A: Taking a snapshot at:(t:1, i:14) file /workdir/hadoop-ozone/integration-test/target/test-dir/MiniOzoneClusterImpl-16e450bc-7d29-4cce-9510-730a56775e77/datanode-3/data/ratis/b304383e-c118-465f-89cb-4402e726854a/sm/snapshot.1_14
2019-10-03 20:10:04,731 [2e253f7d-f237-4f64-bf0f-4e165c5afdc8@group-4402E726854A-StateMachineUpdater] INFO  ratis.ContainerStateMachine (ContainerStateMachine.java:takeSnapshot(304)) - group-4402E726854A: Finished taking a snapshot at:(t:1, i:14) file:/workdir/hadoop-ozone/integration-test/target/test-dir/MiniOzoneClusterImpl-16e450bc-7d29-4cce-9510-730a56775e77/datanode-3/data/ratis/b304383e-c118-465f-89cb-4402e726854a/sm/snapshot.1_14 time:25
2019-10-03 20:10:04,731 [2e253f7d-f237-4f64-bf0f-4e165c5afdc8@group-4402E726854A-StateMachineUpdater] INFO  impl.StateMachineUpdater (StateMachineUpdater.java:takeSnapshot(269)) - 2e253f7d-f237-4f64-bf0f-4e165c5afdc8@group-4402E726854A-StateMachineUpdater: Took a snapshot at index 14
2019-10-03 20:10:04,731 [2e253f7d-f237-4f64-bf0f-4e165c5afdc8@group-4402E726854A-StateMachineUpdater] INFO  impl.StateMachineUpdater (StateMachineUpdater.java:lambda$new$0(84)) - 2e253f7d-f237-4f64-bf0f-4e165c5afdc8@group-4402E726854A-StateMachineUpdater: snapshotIndex: updateIncreasingly 14 -> 14
2019-10-03 20:10:04,731 [ForkJoinPool.commonPool-worker-1] INFO  impl.RaftServerImpl (ServerState.java:close(387)) - 2e253f7d-f237-4f64-bf0f-4e165c5afdc8@group-4402E726854A: closes. applyIndex: 16
2019-10-03 20:10:04,732 [2e253f7d-f237-4f64-bf0f-4e165c5afdc8@group-4402E726854A-SegmentedRaftLogWorker] INFO  segmented.SegmentedRaftLogWorker (SegmentedRaftLogWorker.java:run(316)) - 2e253f7d-f237-4f64-bf0f-4e165c5afdc8@group-4402E726854A-SegmentedRaftLogWorker was interrupted, exiting. There are 0 tasks remaining in the queue.
2019-10-03 20:10:04,734 [ForkJoinPool.commonPool-worker-1] INFO  segmented.SegmentedRaftLogWorker (SegmentedRaftLogWorker.java:close(224)) - 2e253f7d-f237-4f64-bf0f-4e165c5afdc8@group-4402E726854A-SegmentedRaftLogWorker close()
2019-10-03 20:10:04,738 [main] INFO  server.GrpcService (GrpcService.java:closeImpl(164)) - 2e253f7d-f237-4f64-bf0f-4e165c5afdc8: shutdown server with port 45089 now
2019-10-03 20:10:04,739 [grpc-default-executor-13] WARN  client.GrpcClientProtocolService (LogUtils.java:warn(134)) - 4-UnorderedRequestStreamObserver4: onError: org.apache.ratis.thirdparty.io.grpc.StatusRuntimeException: CANCELLED: cancelled before receiving half close
2019-10-03 20:10:04,741 [main] INFO  server.GrpcService (GrpcService.java:closeImpl(172)) - 2e253f7d-f237-4f64-bf0f-4e165c5afdc8: shutdown server with port 45089 successfully
2019-10-03 20:10:04,742 [refreshUsed-/workdir/hadoop-ozone/integration-test/target/test-dir/MiniOzoneClusterImpl-16e450bc-7d29-4cce-9510-730a56775e77/datanode-3/data/containers] WARN  fs.CachingGetSpaceUsed (CachingGetSpaceUsed.java:run(183)) - Thread Interrupted waiting to refresh disk information: sleep interrupted
2019-10-03 20:10:04,755 [main] INFO  utils.BackgroundService (BackgroundService.java:shutdown(148)) - Shutting down service BlockDeletingService
2019-10-03 20:10:04,761 [main] INFO  statemachine.DatanodeStateMachine (DatanodeStateMachine.java:stopDaemon(395)) - Ozone container server stopped.
2019-10-03 20:10:04,763 [main] INFO  handler.ContextHandler (ContextHandler.java:doStop(910)) - Stopped o.e.j.w.WebAppContext@53125718{/,null,UNAVAILABLE}{/hddsDatanode}
2019-10-03 20:10:04,763 [main] INFO  server.AbstractConnector (AbstractConnector.java:doStop(318)) - Stopped ServerConnector@53016b11{HTTP/1.1,[http/1.1]}{0.0.0.0:0}
2019-10-03 20:10:04,764 [main] INFO  handler.ContextHandler (ContextHandler.java:doStop(910)) - Stopped o.e.j.s.ServletContextHandler@7911cc15{/static,jar:file:/home/user/.m2/repository/org/apache/hadoop/hadoop-hdds-container-service/0.5.0-SNAPSHOT/hadoop-hdds-container-service-0.5.0-SNAPSHOT.jar!/webapps/static,UNAVAILABLE}
2019-10-03 20:10:04,764 [main] INFO  handler.ContextHandler (ContextHandler.java:doStop(910)) - Stopped o.e.j.s.ServletContextHandler@25a5c8e{/logs,file:///workdir/hadoop-ozone/integration-test/target/log,UNAVAILABLE}
2019-10-03 20:10:13,449 [Thread-3158] INFO  impl.FollowerState (FollowerState.java:run(108)) - fcbae8df-a1ef-4d91-9a5c-ec2b900fec62@group-4402E726854A-FollowerState: change to CANDIDATE, lastRpcTime:8795ms, electionTimeout:5079ms
2019-10-03 20:10:13,450 [Thread-3158] INFO  impl.RoleInfo (RoleInfo.java:shutdownFollowerState(121)) - fcbae8df-a1ef-4d91-9a5c-ec2b900fec62: shutdown FollowerState
2019-10-03 20:10:13,450 [Thread-3158] INFO  impl.RaftServerImpl (RaftServerImpl.java:setRole(170)) - fcbae8df-a1ef-4d91-9a5c-ec2b900fec62@group-4402E726854A: changes role from  FOLLOWER to CANDIDATE at term 1 for changeToCandidate
2019-10-03 20:10:13,450 [Thread-3158] INFO  impl.RoleInfo (RoleInfo.java:updateAndGet(143)) - fcbae8df-a1ef-4d91-9a5c-ec2b900fec62: start LeaderElection
2019-10-03 20:10:13,451 [fcbae8df-a1ef-4d91-9a5c-ec2b900fec62@group-4402E726854A-LeaderElection84] INFO  impl.RaftServerImpl (ServerState.java:setLeader(255)) - fcbae8df-a1ef-4d91-9a5c-ec2b900fec62@group-4402E726854A: change Leader from 2e253f7d-f237-4f64-bf0f-4e165c5afdc8 to null at term 1 for initElection
2019-10-03 20:10:13,479 [fcbae8df-a1ef-4d91-9a5c-ec2b900fec62@group-4402E726854A-LeaderElection84] INFO  impl.LeaderElection (LeaderElection.java:askForVotes(178)) - fcbae8df-a1ef-4d91-9a5c-ec2b900fec62@group-4402E726854A-LeaderElection84: begin an election at term 2 for 0: [fcbae8df-a1ef-4d91-9a5c-ec2b900fec62:192.168.30.7:38678, 2e253f7d-f237-4f64-bf0f-4e165c5afdc8:192.168.30.7:45089, e7718313-8120-41cd-8acc-e928bdef59c5:192.168.30.7:43413], old=null
2019-10-03 20:10:13,481 [Thread-3157] INFO  impl.FollowerState (FollowerState.java:run(108)) - e7718313-8120-41cd-8acc-e928bdef59c5@group-4402E726854A-FollowerState: change to CANDIDATE, lastRpcTime:8827ms, electionTimeout:5155ms
2019-10-03 20:10:13,481 [Thread-3157] INFO  impl.RoleInfo (RoleInfo.java:shutdownFollowerState(121)) - e7718313-8120-41cd-8acc-e928bdef59c5: shutdown FollowerState
2019-10-03 20:10:13,481 [Thread-3157] INFO  impl.RaftServerImpl (RaftServerImpl.java:setRole(170)) - e7718313-8120-41cd-8acc-e928bdef59c5@group-4402E726854A: changes role from  FOLLOWER to CANDIDATE at term 1 for changeToCandidate
2019-10-03 20:10:13,482 [Thread-3157] INFO  impl.RoleInfo (RoleInfo.java:updateAndGet(143)) - e7718313-8120-41cd-8acc-e928bdef59c5: start LeaderElection
2019-10-03 20:10:13,486 [e7718313-8120-41cd-8acc-e928bdef59c5@group-4402E726854A-LeaderElection85] INFO  impl.RaftServerImpl (ServerState.java:setLeader(255)) - e7718313-8120-41cd-8acc-e928bdef59c5@group-4402E726854A: change Leader from 2e253f7d-f237-4f64-bf0f-4e165c5afdc8 to null at term 1 for initElection
2019-10-03 20:10:13,486 [fcbae8df-a1ef-4d91-9a5c-ec2b900fec62@group-4402E726854A-LeaderElection84] INFO  impl.LeaderElection (LogUtils.java:infoOrTrace(149)) - fcbae8df-a1ef-4d91-9a5c-ec2b900fec62@group-4402E726854A-LeaderElection84 got exception when requesting votes: {}
java.util.concurrent.ExecutionException: org.apache.ratis.thirdparty.io.grpc.StatusRuntimeException: UNAVAILABLE: io exception
	at java.util.concurrent.FutureTask.report(FutureTask.java:122)
	at java.util.concurrent.FutureTask.get(FutureTask.java:192)
	at org.apache.ratis.server.impl.LeaderElection.waitForResults(LeaderElection.java:259)
	at org.apache.ratis.server.impl.LeaderElection.askForVotes(LeaderElection.java:197)
	at org.apache.ratis.server.impl.LeaderElection.run(LeaderElection.java:133)
	at java.lang.Thread.run(Thread.java:748)
Caused by: org.apache.ratis.thirdparty.io.grpc.StatusRuntimeException: UNAVAILABLE: io exception
	at org.apache.ratis.thirdparty.io.grpc.stub.ClientCalls.toStatusRuntimeException(ClientCalls.java:233)
	at org.apache.ratis.thirdparty.io.grpc.stub.ClientCalls.getUnchecked(ClientCalls.java:214)
	at org.apache.ratis.thirdparty.io.grpc.stub.ClientCalls.blockingUnaryCall(ClientCalls.java:139)
	at org.apache.ratis.proto.grpc.RaftServerProtocolServiceGrpc$RaftServerProtocolServiceBlockingStub.requestVote(RaftServerProtocolServiceGrpc.java:265)
	at org.apache.ratis.grpc.server.GrpcServerProtocolClient.requestVote(GrpcServerProtocolClient.java:99)
	at org.apache.ratis.grpc.server.GrpcService.requestVote(GrpcService.java:204)
	at org.apache.ratis.server.impl.LeaderElection.lambda$submitRequests$1(LeaderElection.java:234)
	at java.util.concurrent.FutureTask.run(FutureTask.java:266)
	at java.util.concurrent.Executors$RunnableAdapter.call(Executors.java:511)
	at java.util.concurrent.FutureTask.run(FutureTask.java:266)
	at java.util.concurrent.ThreadPoolExecutor.runWorker(ThreadPoolExecutor.java:1149)
	at java.util.concurrent.ThreadPoolExecutor$Worker.run(ThreadPoolExecutor.java:624)
	... 1 more
Caused by: org.apache.ratis.thirdparty.io.netty.channel.AbstractChannel$AnnotatedConnectException: Connection refused: /192.168.30.7:45089
	at sun.nio.ch.SocketChannelImpl.checkConnect(Native Method)
	at sun.nio.ch.SocketChannelImpl.finishConnect(SocketChannelImpl.java:717)
	at org.apache.ratis.thirdparty.io.netty.channel.socket.nio.NioSocketChannel.doFinishConnect(NioSocketChannel.java:327)
	at org.apache.ratis.thirdparty.io.netty.channel.nio.AbstractNioChannel$AbstractNioUnsafe.finishConnect(AbstractNioChannel.java:340)
	at org.apache.ratis.thirdparty.io.netty.channel.nio.NioEventLoop.processSelectedKey(NioEventLoop.java:632)
	at org.apache.ratis.thirdparty.io.netty.channel.nio.NioEventLoop.processSelectedKeysOptimized(NioEventLoop.java:579)
	at org.apache.ratis.thirdparty.io.netty.channel.nio.NioEventLoop.processSelectedKeys(NioEventLoop.java:496)
	at org.apache.ratis.thirdparty.io.netty.channel.nio.NioEventLoop.run(NioEventLoop.java:458)
	at org.apache.ratis.thirdparty.io.netty.util.concurrent.SingleThreadEventExecutor$5.run(SingleThreadEventExecutor.java:897)
	at org.apache.ratis.thirdparty.io.netty.util.concurrent.FastThreadLocalRunnable.run(FastThreadLocalRunnable.java:30)
	... 1 more
Caused by: java.net.ConnectException: Connection refused
	... 11 more
2019-10-03 20:10:13,512 [e7718313-8120-41cd-8acc-e928bdef59c5@group-4402E726854A-LeaderElection85] INFO  impl.LeaderElection (LeaderElection.java:askForVotes(178)) - e7718313-8120-41cd-8acc-e928bdef59c5@group-4402E726854A-LeaderElection85: begin an election at term 2 for 0: [fcbae8df-a1ef-4d91-9a5c-ec2b900fec62:192.168.30.7:38678, 2e253f7d-f237-4f64-bf0f-4e165c5afdc8:192.168.30.7:45089, e7718313-8120-41cd-8acc-e928bdef59c5:192.168.30.7:43413], old=null
2019-10-03 20:10:13,515 [fcbae8df-a1ef-4d91-9a5c-ec2b900fec62@group-4402E726854A-LeaderElection84] INFO  impl.LeaderElection (LeaderElection.java:logAndReturn(56)) - fcbae8df-a1ef-4d91-9a5c-ec2b900fec62@group-4402E726854A-LeaderElection84: Election REJECTED; received 1 response(s) [fcbae8df-a1ef-4d91-9a5c-ec2b900fec62<-e7718313-8120-41cd-8acc-e928bdef59c5#0:FAIL-t2] and 1 exception(s); fcbae8df-a1ef-4d91-9a5c-ec2b900fec62@group-4402E726854A:t2, leader=null, voted=fcbae8df-a1ef-4d91-9a5c-ec2b900fec62, raftlog=fcbae8df-a1ef-4d91-9a5c-ec2b900fec62@group-4402E726854A-SegmentedRaftLog:OPENED:c16,f16,i16, conf=0: [fcbae8df-a1ef-4d91-9a5c-ec2b900fec62:192.168.30.7:38678, 2e253f7d-f237-4f64-bf0f-4e165c5afdc8:192.168.30.7:45089, e7718313-8120-41cd-8acc-e928bdef59c5:192.168.30.7:43413], old=null
2019-10-03 20:10:13,515 [fcbae8df-a1ef-4d91-9a5c-ec2b900fec62@group-4402E726854A-LeaderElection84] INFO  impl.LeaderElection (LogUtils.java:infoOrTrace(149)) -   Exception 0: {}
java.util.concurrent.ExecutionException: org.apache.ratis.thirdparty.io.grpc.StatusRuntimeException: UNAVAILABLE: io exception
	at java.util.concurrent.FutureTask.report(FutureTask.java:122)
	at java.util.concurrent.FutureTask.get(FutureTask.java:192)
	at org.apache.ratis.server.impl.LeaderElection.waitForResults(LeaderElection.java:259)
	at org.apache.ratis.server.impl.LeaderElection.askForVotes(LeaderElection.java:197)
	at org.apache.ratis.server.impl.LeaderElection.run(LeaderElection.java:133)
	at java.lang.Thread.run(Thread.java:748)
Caused by: org.apache.ratis.thirdparty.io.grpc.StatusRuntimeException: UNAVAILABLE: io exception
	at org.apache.ratis.thirdparty.io.grpc.stub.ClientCalls.toStatusRuntimeException(ClientCalls.java:233)
	at org.apache.ratis.thirdparty.io.grpc.stub.ClientCalls.getUnchecked(ClientCalls.java:214)
	at org.apache.ratis.thirdparty.io.grpc.stub.ClientCalls.blockingUnaryCall(ClientCalls.java:139)
	at org.apache.ratis.proto.grpc.RaftServerProtocolServiceGrpc$RaftServerProtocolServiceBlockingStub.requestVote(RaftServerProtocolServiceGrpc.java:265)
	at org.apache.ratis.grpc.server.GrpcServerProtocolClient.requestVote(GrpcServerProtocolClient.java:99)
	at org.apache.ratis.grpc.server.GrpcService.requestVote(GrpcService.java:204)
	at org.apache.ratis.server.impl.LeaderElection.lambda$submitRequests$1(LeaderElection.java:234)
	at java.util.concurrent.FutureTask.run(FutureTask.java:266)
	at java.util.concurrent.Executors$RunnableAdapter.call(Executors.java:511)
	at java.util.concurrent.FutureTask.run(FutureTask.java:266)
	at java.util.concurrent.ThreadPoolExecutor.runWorker(ThreadPoolExecutor.java:1149)
	at java.util.concurrent.ThreadPoolExecutor$Worker.run(ThreadPoolExecutor.java:624)
	... 1 more
Caused by: org.apache.ratis.thirdparty.io.netty.channel.AbstractChannel$AnnotatedConnectException: Connection refused: /192.168.30.7:45089
	at sun.nio.ch.SocketChannelImpl.checkConnect(Native Method)
	at sun.nio.ch.SocketChannelImpl.finishConnect(SocketChannelImpl.java:717)
	at org.apache.ratis.thirdparty.io.netty.channel.socket.nio.NioSocketChannel.doFinishConnect(NioSocketChannel.java:327)
	at org.apache.ratis.thirdparty.io.netty.channel.nio.AbstractNioChannel$AbstractNioUnsafe.finishConnect(AbstractNioChannel.java:340)
	at org.apache.ratis.thirdparty.io.netty.channel.nio.NioEventLoop.processSelectedKey(NioEventLoop.java:632)
	at org.apache.ratis.thirdparty.io.netty.channel.nio.NioEventLoop.processSelectedKeysOptimized(NioEventLoop.java:579)
	at org.apache.ratis.thirdparty.io.netty.channel.nio.NioEventLoop.processSelectedKeys(NioEventLoop.java:496)
	at org.apache.ratis.thirdparty.io.netty.channel.nio.NioEventLoop.run(NioEventLoop.java:458)
	at org.apache.ratis.thirdparty.io.netty.util.concurrent.SingleThreadEventExecutor$5.run(SingleThreadEventExecutor.java:897)
	at org.apache.ratis.thirdparty.io.netty.util.concurrent.FastThreadLocalRunnable.run(FastThreadLocalRunnable.java:30)
	... 1 more
Caused by: java.net.ConnectException: Connection refused
	... 11 more
2019-10-03 20:10:13,515 [e7718313-8120-41cd-8acc-e928bdef59c5@group-4402E726854A-LeaderElection85] INFO  impl.LeaderElection (LogUtils.java:infoOrTrace(149)) - e7718313-8120-41cd-8acc-e928bdef59c5@group-4402E726854A-LeaderElection85 got exception when requesting votes: {}
java.util.concurrent.ExecutionException: org.apache.ratis.thirdparty.io.grpc.StatusRuntimeException: UNAVAILABLE: io exception
	at java.util.concurrent.FutureTask.report(FutureTask.java:122)
	at java.util.concurrent.FutureTask.get(FutureTask.java:192)
	at org.apache.ratis.server.impl.LeaderElection.waitForResults(LeaderElection.java:259)
	at org.apache.ratis.server.impl.LeaderElection.askForVotes(LeaderElection.java:197)
	at org.apache.ratis.server.impl.LeaderElection.run(LeaderElection.java:133)
	at java.lang.Thread.run(Thread.java:748)
Caused by: org.apache.ratis.thirdparty.io.grpc.StatusRuntimeException: UNAVAILABLE: io exception
	at org.apache.ratis.thirdparty.io.grpc.stub.ClientCalls.toStatusRuntimeException(ClientCalls.java:233)
	at org.apache.ratis.thirdparty.io.grpc.stub.ClientCalls.getUnchecked(ClientCalls.java:214)
	at org.apache.ratis.thirdparty.io.grpc.stub.ClientCalls.blockingUnaryCall(ClientCalls.java:139)
	at org.apache.ratis.proto.grpc.RaftServerProtocolServiceGrpc$RaftServerProtocolServiceBlockingStub.requestVote(RaftServerProtocolServiceGrpc.java:265)
	at org.apache.ratis.grpc.server.GrpcServerProtocolClient.requestVote(GrpcServerProtocolClient.java:99)
	at org.apache.ratis.grpc.server.GrpcService.requestVote(GrpcService.java:204)
	at org.apache.ratis.server.impl.LeaderElection.lambda$submitRequests$1(LeaderElection.java:234)
	at java.util.concurrent.FutureTask.run(FutureTask.java:266)
	at java.util.concurrent.Executors$RunnableAdapter.call(Executors.java:511)
	at java.util.concurrent.FutureTask.run(FutureTask.java:266)
	at java.util.concurrent.ThreadPoolExecutor.runWorker(ThreadPoolExecutor.java:1149)
	at java.util.concurrent.ThreadPoolExecutor$Worker.run(ThreadPoolExecutor.java:624)
	... 1 more
Caused by: org.apache.ratis.thirdparty.io.netty.channel.AbstractChannel$AnnotatedConnectException: Connection refused: /192.168.30.7:45089
	at sun.nio.ch.SocketChannelImpl.checkConnect(Native Method)
	at sun.nio.ch.SocketChannelImpl.finishConnect(SocketChannelImpl.java:717)
	at org.apache.ratis.thirdparty.io.netty.channel.socket.nio.NioSocketChannel.doFinishConnect(NioSocketChannel.java:327)
	at org.apache.ratis.thirdparty.io.netty.channel.nio.AbstractNioChannel$AbstractNioUnsafe.finishConnect(AbstractNioChannel.java:340)
	at org.apache.ratis.thirdparty.io.netty.channel.nio.NioEventLoop.processSelectedKey(NioEventLoop.java:632)
	at org.apache.ratis.thirdparty.io.netty.channel.nio.NioEventLoop.processSelectedKeysOptimized(NioEventLoop.java:579)
	at org.apache.ratis.thirdparty.io.netty.channel.nio.NioEventLoop.processSelectedKeys(NioEventLoop.java:496)
	at org.apache.ratis.thirdparty.io.netty.channel.nio.NioEventLoop.run(NioEventLoop.java:458)
	at org.apache.ratis.thirdparty.io.netty.util.concurrent.SingleThreadEventExecutor$5.run(SingleThreadEventExecutor.java:897)
	at org.apache.ratis.thirdparty.io.netty.util.concurrent.FastThreadLocalRunnable.run(FastThreadLocalRunnable.java:30)
	... 1 more
Caused by: java.net.ConnectException: Connection refused
	... 11 more
2019-10-03 20:10:13,520 [fcbae8df-a1ef-4d91-9a5c-ec2b900fec62@group-4402E726854A-LeaderElection84] INFO  impl.RaftServerImpl (RaftServerImpl.java:setRole(170)) - fcbae8df-a1ef-4d91-9a5c-ec2b900fec62@group-4402E726854A: changes role from CANDIDATE to FOLLOWER at term 2 for DISCOVERED_A_NEW_TERM
2019-10-03 20:10:13,520 [e7718313-8120-41cd-8acc-e928bdef59c5@group-4402E726854A-LeaderElection85] INFO  impl.LeaderElection (LeaderElection.java:logAndReturn(56)) - e7718313-8120-41cd-8acc-e928bdef59c5@group-4402E726854A-LeaderElection85: Election REJECTED; received 1 response(s) [e7718313-8120-41cd-8acc-e928bdef59c5<-fcbae8df-a1ef-4d91-9a5c-ec2b900fec62#0:FAIL-t2] and 1 exception(s); e7718313-8120-41cd-8acc-e928bdef59c5@group-4402E726854A:t2, leader=null, voted=e7718313-8120-41cd-8acc-e928bdef59c5, raftlog=e7718313-8120-41cd-8acc-e928bdef59c5@group-4402E726854A-SegmentedRaftLog:OPENED:c16,f16,i16, conf=0: [fcbae8df-a1ef-4d91-9a5c-ec2b900fec62:192.168.30.7:38678, 2e253f7d-f237-4f64-bf0f-4e165c5afdc8:192.168.30.7:45089, e7718313-8120-41cd-8acc-e928bdef59c5:192.168.30.7:43413], old=null
2019-10-03 20:10:13,520 [fcbae8df-a1ef-4d91-9a5c-ec2b900fec62@group-4402E726854A-LeaderElection84] INFO  impl.RoleInfo (RoleInfo.java:shutdownLeaderElection(134)) - fcbae8df-a1ef-4d91-9a5c-ec2b900fec62: shutdown LeaderElection
2019-10-03 20:10:13,520 [e7718313-8120-41cd-8acc-e928bdef59c5@group-4402E726854A-LeaderElection85] INFO  impl.LeaderElection (LogUtils.java:infoOrTrace(149)) -   Exception 0: {}
java.util.concurrent.ExecutionException: org.apache.ratis.thirdparty.io.grpc.StatusRuntimeException: UNAVAILABLE: io exception
	at java.util.concurrent.FutureTask.report(FutureTask.java:122)
	at java.util.concurrent.FutureTask.get(FutureTask.java:192)
	at org.apache.ratis.server.impl.LeaderElection.waitForResults(LeaderElection.java:259)
	at org.apache.ratis.server.impl.LeaderElection.askForVotes(LeaderElection.java:197)
	at org.apache.ratis.server.impl.LeaderElection.run(LeaderElection.java:133)
	at java.lang.Thread.run(Thread.java:748)
Caused by: org.apache.ratis.thirdparty.io.grpc.StatusRuntimeException: UNAVAILABLE: io exception
	at org.apache.ratis.thirdparty.io.grpc.stub.ClientCalls.toStatusRuntimeException(ClientCalls.java:233)
	at org.apache.ratis.thirdparty.io.grpc.stub.ClientCalls.getUnchecked(ClientCalls.java:214)
	at org.apache.ratis.thirdparty.io.grpc.stub.ClientCalls.blockingUnaryCall(ClientCalls.java:139)
	at org.apache.ratis.proto.grpc.RaftServerProtocolServiceGrpc$RaftServerProtocolServiceBlockingStub.requestVote(RaftServerProtocolServiceGrpc.java:265)
	at org.apache.ratis.grpc.server.GrpcServerProtocolClient.requestVote(GrpcServerProtocolClient.java:99)
	at org.apache.ratis.grpc.server.GrpcService.requestVote(GrpcService.java:204)
	at org.apache.ratis.server.impl.LeaderElection.lambda$submitRequests$1(LeaderElection.java:234)
	at java.util.concurrent.FutureTask.run(FutureTask.java:266)
	at java.util.concurrent.Executors$RunnableAdapter.call(Executors.java:511)
	at java.util.concurrent.FutureTask.run(FutureTask.java:266)
	at java.util.concurrent.ThreadPoolExecutor.runWorker(ThreadPoolExecutor.java:1149)
	at java.util.concurrent.ThreadPoolExecutor$Worker.run(ThreadPoolExecutor.java:624)
	... 1 more
Caused by: org.apache.ratis.thirdparty.io.netty.channel.AbstractChannel$AnnotatedConnectException: Connection refused: /192.168.30.7:45089
	at sun.nio.ch.SocketChannelImpl.checkConnect(Native Method)
	at sun.nio.ch.SocketChannelImpl.finishConnect(SocketChannelImpl.java:717)
	at org.apache.ratis.thirdparty.io.netty.channel.socket.nio.NioSocketChannel.doFinishConnect(NioSocketChannel.java:327)
	at org.apache.ratis.thirdparty.io.netty.channel.nio.AbstractNioChannel$AbstractNioUnsafe.finishConnect(AbstractNioChannel.java:340)
	at org.apache.ratis.thirdparty.io.netty.channel.nio.NioEventLoop.processSelectedKey(NioEventLoop.java:632)
	at org.apache.ratis.thirdparty.io.netty.channel.nio.NioEventLoop.processSelectedKeysOptimized(NioEventLoop.java:579)
	at org.apache.ratis.thirdparty.io.netty.channel.nio.NioEventLoop.processSelectedKeys(NioEventLoop.java:496)
	at org.apache.ratis.thirdparty.io.netty.channel.nio.NioEventLoop.run(NioEventLoop.java:458)
	at org.apache.ratis.thirdparty.io.netty.util.concurrent.SingleThreadEventExecutor$5.run(SingleThreadEventExecutor.java:897)
	at org.apache.ratis.thirdparty.io.netty.util.concurrent.FastThreadLocalRunnable.run(FastThreadLocalRunnable.java:30)
	... 1 more
Caused by: java.net.ConnectException: Connection refused
	... 11 more
2019-10-03 20:10:13,522 [fcbae8df-a1ef-4d91-9a5c-ec2b900fec62@group-4402E726854A-LeaderElection84] INFO  impl.RoleInfo (RoleInfo.java:updateAndGet(143)) - fcbae8df-a1ef-4d91-9a5c-ec2b900fec62: start FollowerState
2019-10-03 20:10:13,522 [e7718313-8120-41cd-8acc-e928bdef59c5@group-4402E726854A-LeaderElection85] INFO  impl.RaftServerImpl (RaftServerImpl.java:setRole(170)) - e7718313-8120-41cd-8acc-e928bdef59c5@group-4402E726854A: changes role from CANDIDATE to FOLLOWER at term 2 for DISCOVERED_A_NEW_TERM
2019-10-03 20:10:13,522 [e7718313-8120-41cd-8acc-e928bdef59c5@group-4402E726854A-LeaderElection85] INFO  impl.RoleInfo (RoleInfo.java:shutdownLeaderElection(134)) - e7718313-8120-41cd-8acc-e928bdef59c5: shutdown LeaderElection
2019-10-03 20:10:13,522 [e7718313-8120-41cd-8acc-e928bdef59c5@group-4402E726854A-LeaderElection85] INFO  impl.RoleInfo (RoleInfo.java:updateAndGet(143)) - e7718313-8120-41cd-8acc-e928bdef59c5: start FollowerState
2019-10-03 20:10:18,609 [Thread-3284] INFO  impl.FollowerState (FollowerState.java:run(108)) - e7718313-8120-41cd-8acc-e928bdef59c5@group-4402E726854A-FollowerState: change to CANDIDATE, lastRpcTime:5086ms, electionTimeout:5086ms
2019-10-03 20:10:18,609 [Thread-3284] INFO  impl.RoleInfo (RoleInfo.java:shutdownFollowerState(121)) - e7718313-8120-41cd-8acc-e928bdef59c5: shutdown FollowerState
2019-10-03 20:10:18,610 [Thread-3284] INFO  impl.RaftServerImpl (RaftServerImpl.java:setRole(170)) - e7718313-8120-41cd-8acc-e928bdef59c5@group-4402E726854A: changes role from  FOLLOWER to CANDIDATE at term 2 for changeToCandidate
2019-10-03 20:10:18,610 [Thread-3284] INFO  impl.RoleInfo (RoleInfo.java:updateAndGet(143)) - e7718313-8120-41cd-8acc-e928bdef59c5: start LeaderElection
2019-10-03 20:10:18,639 [e7718313-8120-41cd-8acc-e928bdef59c5@group-4402E726854A-LeaderElection86] INFO  impl.LeaderElection (LeaderElection.java:askForVotes(178)) - e7718313-8120-41cd-8acc-e928bdef59c5@group-4402E726854A-LeaderElection86: begin an election at term 3 for 0: [fcbae8df-a1ef-4d91-9a5c-ec2b900fec62:192.168.30.7:38678, 2e253f7d-f237-4f64-bf0f-4e165c5afdc8:192.168.30.7:45089, e7718313-8120-41cd-8acc-e928bdef59c5:192.168.30.7:43413], old=null
2019-10-03 20:10:18,641 [e7718313-8120-41cd-8acc-e928bdef59c5@group-4402E726854A-LeaderElection86] INFO  impl.LeaderElection (LogUtils.java:infoOrTrace(149)) - e7718313-8120-41cd-8acc-e928bdef59c5@group-4402E726854A-LeaderElection86 got exception when requesting votes: {}
java.util.concurrent.ExecutionException: org.apache.ratis.thirdparty.io.grpc.StatusRuntimeException: UNAVAILABLE: io exception
	at java.util.concurrent.FutureTask.report(FutureTask.java:122)
	at java.util.concurrent.FutureTask.get(FutureTask.java:192)
	at org.apache.ratis.server.impl.LeaderElection.waitForResults(LeaderElection.java:259)
	at org.apache.ratis.server.impl.LeaderElection.askForVotes(LeaderElection.java:197)
	at org.apache.ratis.server.impl.LeaderElection.run(LeaderElection.java:133)
	at java.lang.Thread.run(Thread.java:748)
Caused by: org.apache.ratis.thirdparty.io.grpc.StatusRuntimeException: UNAVAILABLE: io exception
	at org.apache.ratis.thirdparty.io.grpc.stub.ClientCalls.toStatusRuntimeException(ClientCalls.java:233)
	at org.apache.ratis.thirdparty.io.grpc.stub.ClientCalls.getUnchecked(ClientCalls.java:214)
	at org.apache.ratis.thirdparty.io.grpc.stub.ClientCalls.blockingUnaryCall(ClientCalls.java:139)
	at org.apache.ratis.proto.grpc.RaftServerProtocolServiceGrpc$RaftServerProtocolServiceBlockingStub.requestVote(RaftServerProtocolServiceGrpc.java:265)
	at org.apache.ratis.grpc.server.GrpcServerProtocolClient.requestVote(GrpcServerProtocolClient.java:99)
	at org.apache.ratis.grpc.server.GrpcService.requestVote(GrpcService.java:204)
	at org.apache.ratis.server.impl.LeaderElection.lambda$submitRequests$1(LeaderElection.java:234)
	at java.util.concurrent.FutureTask.run(FutureTask.java:266)
	at java.util.concurrent.Executors$RunnableAdapter.call(Executors.java:511)
	at java.util.concurrent.FutureTask.run(FutureTask.java:266)
	at java.util.concurrent.ThreadPoolExecutor.runWorker(ThreadPoolExecutor.java:1149)
	at java.util.concurrent.ThreadPoolExecutor$Worker.run(ThreadPoolExecutor.java:624)
	... 1 more
Caused by: org.apache.ratis.thirdparty.io.netty.channel.AbstractChannel$AnnotatedConnectException: Connection refused: /192.168.30.7:45089
	at sun.nio.ch.SocketChannelImpl.checkConnect(Native Method)
	at sun.nio.ch.SocketChannelImpl.finishConnect(SocketChannelImpl.java:717)
	at org.apache.ratis.thirdparty.io.netty.channel.socket.nio.NioSocketChannel.doFinishConnect(NioSocketChannel.java:327)
	at org.apache.ratis.thirdparty.io.netty.channel.nio.AbstractNioChannel$AbstractNioUnsafe.finishConnect(AbstractNioChannel.java:340)
	at org.apache.ratis.thirdparty.io.netty.channel.nio.NioEventLoop.processSelectedKey(NioEventLoop.java:632)
	at org.apache.ratis.thirdparty.io.netty.channel.nio.NioEventLoop.processSelectedKeysOptimized(NioEventLoop.java:579)
	at org.apache.ratis.thirdparty.io.netty.channel.nio.NioEventLoop.processSelectedKeys(NioEventLoop.java:496)
	at org.apache.ratis.thirdparty.io.netty.channel.nio.NioEventLoop.run(NioEventLoop.java:458)
	at org.apache.ratis.thirdparty.io.netty.util.concurrent.SingleThreadEventExecutor$5.run(SingleThreadEventExecutor.java:897)
	at org.apache.ratis.thirdparty.io.netty.util.concurrent.FastThreadLocalRunnable.run(FastThreadLocalRunnable.java:30)
	... 1 more
Caused by: java.net.ConnectException: Connection refused
	... 11 more
2019-10-03 20:10:18,645 [grpc-default-executor-14] INFO  impl.RaftServerImpl (RaftServerImpl.java:setRole(170)) - fcbae8df-a1ef-4d91-9a5c-ec2b900fec62@group-4402E726854A: changes role from  FOLLOWER to FOLLOWER at term 3 for recognizeCandidate:e7718313-8120-41cd-8acc-e928bdef59c5
2019-10-03 20:10:18,645 [grpc-default-executor-14] INFO  impl.RoleInfo (RoleInfo.java:shutdownFollowerState(121)) - fcbae8df-a1ef-4d91-9a5c-ec2b900fec62: shutdown FollowerState
2019-10-03 20:10:18,645 [grpc-default-executor-14] INFO  impl.RoleInfo (RoleInfo.java:updateAndGet(143)) - fcbae8df-a1ef-4d91-9a5c-ec2b900fec62: start FollowerState
2019-10-03 20:10:18,645 [Thread-3283] INFO  impl.FollowerState (FollowerState.java:run(117)) - fcbae8df-a1ef-4d91-9a5c-ec2b900fec62@group-4402E726854A-FollowerState was interrupted: java.lang.InterruptedException: sleep interrupted
2019-10-03 20:10:18,671 [e7718313-8120-41cd-8acc-e928bdef59c5@group-4402E726854A-LeaderElection86] INFO  impl.LeaderElection (LeaderElection.java:logAndReturn(56)) - e7718313-8120-41cd-8acc-e928bdef59c5@group-4402E726854A-LeaderElection86: Election PASSED; received 1 response(s) [e7718313-8120-41cd-8acc-e928bdef59c5<-fcbae8df-a1ef-4d91-9a5c-ec2b900fec62#0:OK-t3] and 1 exception(s); e7718313-8120-41cd-8acc-e928bdef59c5@group-4402E726854A:t3, leader=null, voted=e7718313-8120-41cd-8acc-e928bdef59c5, raftlog=e7718313-8120-41cd-8acc-e928bdef59c5@group-4402E726854A-SegmentedRaftLog:OPENED:c16,f16,i16, conf=0: [fcbae8df-a1ef-4d91-9a5c-ec2b900fec62:192.168.30.7:38678, 2e253f7d-f237-4f64-bf0f-4e165c5afdc8:192.168.30.7:45089, e7718313-8120-41cd-8acc-e928bdef59c5:192.168.30.7:43413], old=null
2019-10-03 20:10:18,671 [e7718313-8120-41cd-8acc-e928bdef59c5@group-4402E726854A-LeaderElection86] INFO  impl.LeaderElection (LogUtils.java:infoOrTrace(149)) -   Exception 0: {}
java.util.concurrent.ExecutionException: org.apache.ratis.thirdparty.io.grpc.StatusRuntimeException: UNAVAILABLE: io exception
	at java.util.concurrent.FutureTask.report(FutureTask.java:122)
	at java.util.concurrent.FutureTask.get(FutureTask.java:192)
	at org.apache.ratis.server.impl.LeaderElection.waitForResults(LeaderElection.java:259)
	at org.apache.ratis.server.impl.LeaderElection.askForVotes(LeaderElection.java:197)
	at org.apache.ratis.server.impl.LeaderElection.run(LeaderElection.java:133)
	at java.lang.Thread.run(Thread.java:748)
Caused by: org.apache.ratis.thirdparty.io.grpc.StatusRuntimeException: UNAVAILABLE: io exception
	at org.apache.ratis.thirdparty.io.grpc.stub.ClientCalls.toStatusRuntimeException(ClientCalls.java:233)
	at org.apache.ratis.thirdparty.io.grpc.stub.ClientCalls.getUnchecked(ClientCalls.java:214)
	at org.apache.ratis.thirdparty.io.grpc.stub.ClientCalls.blockingUnaryCall(ClientCalls.java:139)
	at org.apache.ratis.proto.grpc.RaftServerProtocolServiceGrpc$RaftServerProtocolServiceBlockingStub.requestVote(RaftServerProtocolServiceGrpc.java:265)
	at org.apache.ratis.grpc.server.GrpcServerProtocolClient.requestVote(GrpcServerProtocolClient.java:99)
	at org.apache.ratis.grpc.server.GrpcService.requestVote(GrpcService.java:204)
	at org.apache.ratis.server.impl.LeaderElection.lambda$submitRequests$1(LeaderElection.java:234)
	at java.util.concurrent.FutureTask.run(FutureTask.java:266)
	at java.util.concurrent.Executors$RunnableAdapter.call(Executors.java:511)
	at java.util.concurrent.FutureTask.run(FutureTask.java:266)
	at java.util.concurrent.ThreadPoolExecutor.runWorker(ThreadPoolExecutor.java:1149)
	at java.util.concurrent.ThreadPoolExecutor$Worker.run(ThreadPoolExecutor.java:624)
	... 1 more
Caused by: org.apache.ratis.thirdparty.io.netty.channel.AbstractChannel$AnnotatedConnectException: Connection refused: /192.168.30.7:45089
	at sun.nio.ch.SocketChannelImpl.checkConnect(Native Method)
	at sun.nio.ch.SocketChannelImpl.finishConnect(SocketChannelImpl.java:717)
	at org.apache.ratis.thirdparty.io.netty.channel.socket.nio.NioSocketChannel.doFinishConnect(NioSocketChannel.java:327)
	at org.apache.ratis.thirdparty.io.netty.channel.nio.AbstractNioChannel$AbstractNioUnsafe.finishConnect(AbstractNioChannel.java:340)
	at org.apache.ratis.thirdparty.io.netty.channel.nio.NioEventLoop.processSelectedKey(NioEventLoop.java:632)
	at org.apache.ratis.thirdparty.io.netty.channel.nio.NioEventLoop.processSelectedKeysOptimized(NioEventLoop.java:579)
	at org.apache.ratis.thirdparty.io.netty.channel.nio.NioEventLoop.processSelectedKeys(NioEventLoop.java:496)
	at org.apache.ratis.thirdparty.io.netty.channel.nio.NioEventLoop.run(NioEventLoop.java:458)
	at org.apache.ratis.thirdparty.io.netty.util.concurrent.SingleThreadEventExecutor$5.run(SingleThreadEventExecutor.java:897)
	at org.apache.ratis.thirdparty.io.netty.util.concurrent.FastThreadLocalRunnable.run(FastThreadLocalRunnable.java:30)
	... 1 more
Caused by: java.net.ConnectException: Connection refused
	... 11 more
2019-10-03 20:10:18,672 [e7718313-8120-41cd-8acc-e928bdef59c5@group-4402E726854A-LeaderElection86] INFO  impl.RoleInfo (RoleInfo.java:shutdownLeaderElection(134)) - e7718313-8120-41cd-8acc-e928bdef59c5: shutdown LeaderElection
2019-10-03 20:10:18,672 [e7718313-8120-41cd-8acc-e928bdef59c5@group-4402E726854A-LeaderElection86] INFO  impl.RaftServerImpl (RaftServerImpl.java:setRole(170)) - e7718313-8120-41cd-8acc-e928bdef59c5@group-4402E726854A: changes role from CANDIDATE to LEADER at term 3 for changeToLeader
2019-10-03 20:10:18,672 [e7718313-8120-41cd-8acc-e928bdef59c5@group-4402E726854A-LeaderElection86] INFO  impl.RaftServerImpl (ServerState.java:setLeader(255)) - e7718313-8120-41cd-8acc-e928bdef59c5@group-4402E726854A: change Leader from null to e7718313-8120-41cd-8acc-e928bdef59c5 at term 3 for becomeLeader, leader elected after 5186ms
2019-10-03 20:10:18,673 [e7718313-8120-41cd-8acc-e928bdef59c5@group-4402E726854A-LeaderElection86] INFO  server.RaftServerConfigKeys (ConfUtils.java:logGet(43)) - raft.server.staging.catchup.gap = 1000 (default)
2019-10-03 20:10:18,673 [e7718313-8120-41cd-8acc-e928bdef59c5@group-4402E726854A-LeaderElection86] INFO  server.RaftServerConfigKeys (ConfUtils.java:logGet(43)) - raft.server.rpc.sleep.time = 25ms (default)
2019-10-03 20:10:18,673 [e7718313-8120-41cd-8acc-e928bdef59c5@group-4402E726854A-LeaderElection86] INFO  server.RaftServerConfigKeys (ConfUtils.java:logGet(43)) - raft.server.write.element-limit = 4096 (default)
2019-10-03 20:10:18,673 [e7718313-8120-41cd-8acc-e928bdef59c5@group-4402E726854A-LeaderElection86] INFO  server.RaftServerConfigKeys (ConfUtils.java:logGet(43)) - raft.server.watch.timeout = 10s (default)
2019-10-03 20:10:18,673 [e7718313-8120-41cd-8acc-e928bdef59c5@group-4402E726854A-LeaderElection86] INFO  server.RaftServerConfigKeys (ConfUtils.java:logGet(43)) - raft.server.watch.timeout.denomination = 1s (default)
2019-10-03 20:10:18,674 [e7718313-8120-41cd-8acc-e928bdef59c5@group-4402E726854A-LeaderElection86] INFO  server.RaftServerConfigKeys (ConfUtils.java:logGet(43)) - raft.server.watch.element-limit = 65536 (default)
2019-10-03 20:10:18,677 [e7718313-8120-41cd-8acc-e928bdef59c5@group-4402E726854A-LeaderElection86] INFO  server.RaftServerConfigKeys (ConfUtils.java:logGet(43)) - raft.server.log.appender.snapshot.chunk.size.max = 16MB (=16777216) (default)
2019-10-03 20:10:18,677 [e7718313-8120-41cd-8acc-e928bdef59c5@group-4402E726854A-LeaderElection86] INFO  server.RaftServerConfigKeys (ConfUtils.java:logGet(43)) - raft.server.log.appender.buffer.byte-limit = 33554432 (custom)
2019-10-03 20:10:18,677 [e7718313-8120-41cd-8acc-e928bdef59c5@group-4402E726854A-LeaderElection86] INFO  server.RaftServerConfigKeys (ConfUtils.java:logGet(43)) - raft.server.log.appender.buffer.element-limit = 1 (custom)
2019-10-03 20:10:18,678 [e7718313-8120-41cd-8acc-e928bdef59c5@group-4402E726854A-LeaderElection86] INFO  grpc.GrpcConfigKeys$Server (ConfUtils.java:logGet(43)) - raft.grpc.server.leader.outstanding.appends.max = 128 (default)
2019-10-03 20:10:18,678 [e7718313-8120-41cd-8acc-e928bdef59c5@group-4402E726854A-LeaderElection86] INFO  server.RaftServerConfigKeys (ConfUtils.java:logGet(43)) - raft.server.rpc.request.timeout = 3000ms (default)
2019-10-03 20:10:18,678 [e7718313-8120-41cd-8acc-e928bdef59c5@group-4402E726854A-LeaderElection86] INFO  server.RaftServerConfigKeys (ConfUtils.java:logGet(43)) - raft.server.log.appender.install.snapshot.enabled = false (custom)
2019-10-03 20:10:18,678 [e7718313-8120-41cd-8acc-e928bdef59c5@group-4402E726854A-LeaderElection86] INFO  server.RaftServerConfigKeys (ConfUtils.java:logGet(43)) - raft.server.log.appender.snapshot.chunk.size.max = 16MB (=16777216) (default)
2019-10-03 20:10:18,678 [e7718313-8120-41cd-8acc-e928bdef59c5@group-4402E726854A-LeaderElection86] INFO  server.RaftServerConfigKeys (ConfUtils.java:logGet(43)) - raft.server.log.appender.buffer.byte-limit = 33554432 (custom)
2019-10-03 20:10:18,678 [e7718313-8120-41cd-8acc-e928bdef59c5@group-4402E726854A-LeaderElection86] INFO  server.RaftServerConfigKeys (ConfUtils.java:logGet(43)) - raft.server.log.appender.buffer.element-limit = 1 (custom)
2019-10-03 20:10:18,679 [e7718313-8120-41cd-8acc-e928bdef59c5@group-4402E726854A-LeaderElection86] INFO  grpc.GrpcConfigKeys$Server (ConfUtils.java:logGet(43)) - raft.grpc.server.leader.outstanding.appends.max = 128 (default)
2019-10-03 20:10:18,679 [e7718313-8120-41cd-8acc-e928bdef59c5@group-4402E726854A-LeaderElection86] INFO  server.RaftServerConfigKeys (ConfUtils.java:logGet(43)) - raft.server.rpc.request.timeout = 3000ms (default)
2019-10-03 20:10:18,679 [e7718313-8120-41cd-8acc-e928bdef59c5@group-4402E726854A-LeaderElection86] INFO  server.RaftServerConfigKeys (ConfUtils.java:logGet(43)) - raft.server.log.appender.install.snapshot.enabled = false (custom)
2019-10-03 20:10:18,679 [e7718313-8120-41cd-8acc-e928bdef59c5@group-4402E726854A-LeaderElection86] INFO  impl.RoleInfo (RoleInfo.java:updateAndGet(143)) - e7718313-8120-41cd-8acc-e928bdef59c5: start LeaderState
2019-10-03 20:10:18,679 [e7718313-8120-41cd-8acc-e928bdef59c5@group-4402E726854A-LeaderElection86] INFO  segmented.SegmentedRaftLogWorker (SegmentedRaftLogWorker.java:rollLogSegment(390)) - e7718313-8120-41cd-8acc-e928bdef59c5@group-4402E726854A-SegmentedRaftLogWorker: Rolling segment log-0_16 to index:16
2019-10-03 20:10:18,681 [e7718313-8120-41cd-8acc-e928bdef59c5@group-4402E726854A-SegmentedRaftLogWorker] INFO  segmented.SegmentedRaftLogWorker (SegmentedRaftLogWorker.java:execute(531)) - e7718313-8120-41cd-8acc-e928bdef59c5@group-4402E726854A-SegmentedRaftLogWorker: Rolled log segment from /workdir/hadoop-ozone/integration-test/target/test-dir/MiniOzoneClusterImpl-16e450bc-7d29-4cce-9510-730a56775e77/datanode-1/data/ratis/b304383e-c118-465f-89cb-4402e726854a/current/log_inprogress_0 to /workdir/hadoop-ozone/integration-test/target/test-dir/MiniOzoneClusterImpl-16e450bc-7d29-4cce-9510-730a56775e77/datanode-1/data/ratis/b304383e-c118-465f-89cb-4402e726854a/current/log_0-16
2019-10-03 20:10:18,683 [e7718313-8120-41cd-8acc-e928bdef59c5@group-4402E726854A-LeaderElection86] INFO  impl.RaftServerImpl (ServerState.java:setRaftConf(356)) - e7718313-8120-41cd-8acc-e928bdef59c5@group-4402E726854A: set configuration 17: [fcbae8df-a1ef-4d91-9a5c-ec2b900fec62:192.168.30.7:38678, 2e253f7d-f237-4f64-bf0f-4e165c5afdc8:192.168.30.7:45089, e7718313-8120-41cd-8acc-e928bdef59c5:192.168.30.7:43413], old=null at 17
2019-10-03 20:10:18,684 [grpc-default-executor-14] WARN  server.GrpcLogAppender (LogUtils.java:warn(134)) - e7718313-8120-41cd-8acc-e928bdef59c5@group-4402E726854A->2e253f7d-f237-4f64-bf0f-4e165c5afdc8-AppendLogResponseHandler: Failed appendEntries: org.apache.ratis.thirdparty.io.grpc.StatusRuntimeException: UNAVAILABLE: io exception
2019-10-03 20:10:18,684 [grpc-default-executor-16] INFO  impl.RaftServerImpl (ServerState.java:setLeader(255)) - fcbae8df-a1ef-4d91-9a5c-ec2b900fec62@group-4402E726854A: change Leader from null to e7718313-8120-41cd-8acc-e928bdef59c5 at term 3 for appendEntries, leader elected after 5233ms
2019-10-03 20:10:18,708 [grpc-default-executor-14] INFO  impl.FollowerInfo (FollowerInfo.java:lambda$new$0(51)) - e7718313-8120-41cd-8acc-e928bdef59c5@group-4402E726854A->2e253f7d-f237-4f64-bf0f-4e165c5afdc8: nextIndex: updateUnconditionally 17 -> 1
2019-10-03 20:10:18,710 [grpc-default-executor-16] INFO  impl.RaftServerImpl (ServerState.java:setRaftConf(356)) - fcbae8df-a1ef-4d91-9a5c-ec2b900fec62@group-4402E726854A: set configuration 17: [fcbae8df-a1ef-4d91-9a5c-ec2b900fec62:192.168.30.7:38678, 2e253f7d-f237-4f64-bf0f-4e165c5afdc8:192.168.30.7:45089, e7718313-8120-41cd-8acc-e928bdef59c5:192.168.30.7:43413], old=null at 17
2019-10-03 20:10:18,710 [grpc-default-executor-16] INFO  segmented.SegmentedRaftLogWorker (SegmentedRaftLogWorker.java:rollLogSegment(390)) - fcbae8df-a1ef-4d91-9a5c-ec2b900fec62@group-4402E726854A-SegmentedRaftLogWorker: Rolling segment log-0_16 to index:16
2019-10-03 20:10:18,711 [fcbae8df-a1ef-4d91-9a5c-ec2b900fec62@group-4402E726854A-SegmentedRaftLogWorker] INFO  segmented.SegmentedRaftLogWorker (SegmentedRaftLogWorker.java:execute(531)) - fcbae8df-a1ef-4d91-9a5c-ec2b900fec62@group-4402E726854A-SegmentedRaftLogWorker: Rolled log segment from /workdir/hadoop-ozone/integration-test/target/test-dir/MiniOzoneClusterImpl-16e450bc-7d29-4cce-9510-730a56775e77/datanode-5/data/ratis/b304383e-c118-465f-89cb-4402e726854a/current/log_inprogress_0 to /workdir/hadoop-ozone/integration-test/target/test-dir/MiniOzoneClusterImpl-16e450bc-7d29-4cce-9510-730a56775e77/datanode-5/data/ratis/b304383e-c118-465f-89cb-4402e726854a/current/log_0-16
2019-10-03 20:10:18,730 [e7718313-8120-41cd-8acc-e928bdef59c5@group-4402E726854A-SegmentedRaftLogWorker] INFO  segmented.SegmentedRaftLogWorker (SegmentedRaftLogWorker.java:execute(574)) - e7718313-8120-41cd-8acc-e928bdef59c5@group-4402E726854A-SegmentedRaftLogWorker: created new log segment /workdir/hadoop-ozone/integration-test/target/test-dir/MiniOzoneClusterImpl-16e450bc-7d29-4cce-9510-730a56775e77/datanode-1/data/ratis/b304383e-c118-465f-89cb-4402e726854a/current/log_inprogress_17
2019-10-03 20:10:18,754 [fcbae8df-a1ef-4d91-9a5c-ec2b900fec62@group-4402E726854A-SegmentedRaftLogWorker] INFO  segmented.SegmentedRaftLogWorker (SegmentedRaftLogWorker.java:execute(574)) - fcbae8df-a1ef-4d91-9a5c-ec2b900fec62@group-4402E726854A-SegmentedRaftLogWorker: created new log segment /workdir/hadoop-ozone/integration-test/target/test-dir/MiniOzoneClusterImpl-16e450bc-7d29-4cce-9510-730a56775e77/datanode-5/data/ratis/b304383e-c118-465f-89cb-4402e726854a/current/log_inprogress_17
2019-10-03 20:10:18,777 [grpc-default-executor-13] WARN  server.GrpcLogAppender (LogUtils.java:warn(134)) - e7718313-8120-41cd-8acc-e928bdef59c5@group-4402E726854A->2e253f7d-f237-4f64-bf0f-4e165c5afdc8-AppendLogResponseHandler: Failed appendEntries: org.apache.ratis.thirdparty.io.grpc.StatusRuntimeException: UNAVAILABLE: io exception
2019-10-03 20:10:18,777 [grpc-default-executor-13] INFO  impl.FollowerInfo (FollowerInfo.java:lambda$new$0(51)) - e7718313-8120-41cd-8acc-e928bdef59c5@group-4402E726854A->2e253f7d-f237-4f64-bf0f-4e165c5afdc8: nextIndex: updateUnconditionally 2 -> 1
2019-10-03 20:10:18,786 [grpc-default-executor-14] WARN  server.GrpcLogAppender (LogUtils.java:warn(134)) - e7718313-8120-41cd-8acc-e928bdef59c5@group-4402E726854A->2e253f7d-f237-4f64-bf0f-4e165c5afdc8-AppendLogResponseHandler: Failed appendEntries: org.apache.ratis.thirdparty.io.grpc.StatusRuntimeException: UNAVAILABLE: io exception
2019-10-03 20:10:18,787 [grpc-default-executor-14] INFO  impl.FollowerInfo (FollowerInfo.java:lambda$new$0(51)) - e7718313-8120-41cd-8acc-e928bdef59c5@group-4402E726854A->2e253f7d-f237-4f64-bf0f-4e165c5afdc8: nextIndex: updateUnconditionally 2 -> 1
20:10:19.965 [grpc-default-executor-13] ERROR DNAudit - user=null | ip=null | op=WRITE_CHUNK {blockData=conID: 1 locID: 102900262107152397 bcsId: 14} | ret=FAILURE
org.apache.hadoop.hdds.scm.container.common.helpers.ContainerNotOpenException: Container 1 in CLOSING state
	at org.apache.hadoop.ozone.container.common.impl.HddsDispatcher.validateContainerCommand(HddsDispatcher.java:434) ~[hadoop-hdds-container-service-0.5.0-SNAPSHOT.jar:?]
	at org.apache.hadoop.ozone.container.common.transport.server.ratis.ContainerStateMachine.startTransaction(ContainerStateMachine.java:319) ~[hadoop-hdds-container-service-0.5.0-SNAPSHOT.jar:?]
	at org.apache.ratis.server.impl.RaftServerImpl.submitClientRequestAsync(RaftServerImpl.java:569) ~[ratis-server-0.5.0-201fc85-SNAPSHOT.jar:0.5.0-201fc85-SNAPSHOT]
	at org.apache.ratis.server.impl.RaftServerProxy.lambda$submitClientRequestAsync$7(RaftServerProxy.java:333) ~[ratis-server-0.5.0-201fc85-SNAPSHOT.jar:0.5.0-201fc85-SNAPSHOT]
	at org.apache.ratis.server.impl.RaftServerProxy.lambda$null$5(RaftServerProxy.java:328) ~[ratis-server-0.5.0-201fc85-SNAPSHOT.jar:0.5.0-201fc85-SNAPSHOT]
	at org.apache.ratis.util.JavaUtils.callAsUnchecked(JavaUtils.java:109) ~[ratis-common-0.5.0-201fc85-SNAPSHOT.jar:0.5.0-201fc85-SNAPSHOT]
	at org.apache.ratis.server.impl.RaftServerProxy.lambda$submitRequest$6(RaftServerProxy.java:328) ~[ratis-server-0.5.0-201fc85-SNAPSHOT.jar:0.5.0-201fc85-SNAPSHOT]
	at java.util.concurrent.CompletableFuture.uniComposeStage(CompletableFuture.java:981) ~[?:1.8.0_212]
	at java.util.concurrent.CompletableFuture.thenCompose(CompletableFuture.java:2124) ~[?:1.8.0_212]
	at org.apache.ratis.server.impl.RaftServerProxy.submitRequest(RaftServerProxy.java:327) ~[ratis-server-0.5.0-201fc85-SNAPSHOT.jar:0.5.0-201fc85-SNAPSHOT]
	at org.apache.ratis.server.impl.RaftServerProxy.submitClientRequestAsync(RaftServerProxy.java:333) ~[ratis-server-0.5.0-201fc85-SNAPSHOT.jar:0.5.0-201fc85-SNAPSHOT]
	at org.apache.ratis.grpc.client.GrpcClientProtocolService$RequestStreamObserver.processClientRequest(GrpcClientProtocolService.java:220) ~[ratis-grpc-0.5.0-201fc85-SNAPSHOT.jar:0.5.0-201fc85-SNAPSHOT]
	at org.apache.ratis.grpc.client.GrpcClientProtocolService$OrderedRequestStreamObserver.processClientRequest(GrpcClientProtocolService.java:326) ~[ratis-grpc-0.5.0-201fc85-SNAPSHOT.jar:0.5.0-201fc85-SNAPSHOT]
	at org.apache.ratis.util.SlidingWindow$Server.processRequestsFromHead(SlidingWindow.java:429) [ratis-common-0.5.0-201fc85-SNAPSHOT.jar:0.5.0-201fc85-SNAPSHOT]
	at org.apache.ratis.util.SlidingWindow$Server.receivedRequest(SlidingWindow.java:421) [ratis-common-0.5.0-201fc85-SNAPSHOT.jar:0.5.0-201fc85-SNAPSHOT]
	at org.apache.ratis.grpc.client.GrpcClientProtocolService$OrderedRequestStreamObserver.processClientRequest(GrpcClientProtocolService.java:345) [ratis-grpc-0.5.0-201fc85-SNAPSHOT.jar:0.5.0-201fc85-SNAPSHOT]
	at org.apache.ratis.grpc.client.GrpcClientProtocolService$RequestStreamObserver.onNext(GrpcClientProtocolService.java:240) [ratis-grpc-0.5.0-201fc85-SNAPSHOT.jar:0.5.0-201fc85-SNAPSHOT]
	at org.apache.ratis.grpc.client.GrpcClientProtocolService$RequestStreamObserver.onNext(GrpcClientProtocolService.java:168) [ratis-grpc-0.5.0-201fc85-SNAPSHOT.jar:0.5.0-201fc85-SNAPSHOT]
	at org.apache.ratis.thirdparty.io.grpc.stub.ServerCalls$StreamingServerCallHandler$StreamingServerCallListener.onMessage(ServerCalls.java:248) [ratis-thirdparty-misc-0.2.0.jar:0.2.0]
	at org.apache.ratis.thirdparty.io.grpc.internal.ServerCallImpl$ServerStreamListenerImpl.messagesAvailable(ServerCallImpl.java:263) [ratis-thirdparty-misc-0.2.0.jar:0.2.0]
	at org.apache.ratis.thirdparty.io.grpc.internal.ServerImpl$JumpToApplicationThreadServerStreamListener$1MessagesAvailable.runInContext(ServerImpl.java:686) [ratis-thirdparty-misc-0.2.0.jar:0.2.0]
	at org.apache.ratis.thirdparty.io.grpc.internal.ContextRunnable.run(ContextRunnable.java:37) [ratis-thirdparty-misc-0.2.0.jar:0.2.0]
	at org.apache.ratis.thirdparty.io.grpc.internal.SerializingExecutor.run(SerializingExecutor.java:123) [ratis-thirdparty-misc-0.2.0.jar:0.2.0]
	at java.util.concurrent.ThreadPoolExecutor.runWorker(ThreadPoolExecutor.java:1149) [?:1.8.0_212]
	at java.util.concurrent.ThreadPoolExecutor$Worker.run(ThreadPoolExecutor.java:624) [?:1.8.0_212]
	at java.lang.Thread.run(Thread.java:748) [?:1.8.0_212]
20:10:19.972 [grpc-default-executor-13] ERROR DNAudit - user=null | ip=null | op=WRITE_CHUNK {blockData=conID: 1 locID: 102900262107152397 bcsId: 14} | ret=FAILURE
org.apache.hadoop.hdds.scm.container.common.helpers.ContainerNotOpenException: Container 1 in CLOSING state
	at org.apache.hadoop.ozone.container.common.impl.HddsDispatcher.validateContainerCommand(HddsDispatcher.java:434) ~[hadoop-hdds-container-service-0.5.0-SNAPSHOT.jar:?]
	at org.apache.hadoop.ozone.container.common.transport.server.ratis.ContainerStateMachine.startTransaction(ContainerStateMachine.java:319) ~[hadoop-hdds-container-service-0.5.0-SNAPSHOT.jar:?]
	at org.apache.ratis.server.impl.RaftServerImpl.submitClientRequestAsync(RaftServerImpl.java:569) ~[ratis-server-0.5.0-201fc85-SNAPSHOT.jar:0.5.0-201fc85-SNAPSHOT]
	at org.apache.ratis.server.impl.RaftServerProxy.lambda$submitClientRequestAsync$7(RaftServerProxy.java:333) ~[ratis-server-0.5.0-201fc85-SNAPSHOT.jar:0.5.0-201fc85-SNAPSHOT]
	at org.apache.ratis.server.impl.RaftServerProxy.lambda$null$5(RaftServerProxy.java:328) ~[ratis-server-0.5.0-201fc85-SNAPSHOT.jar:0.5.0-201fc85-SNAPSHOT]
	at org.apache.ratis.util.JavaUtils.callAsUnchecked(JavaUtils.java:109) ~[ratis-common-0.5.0-201fc85-SNAPSHOT.jar:0.5.0-201fc85-SNAPSHOT]
	at org.apache.ratis.server.impl.RaftServerProxy.lambda$submitRequest$6(RaftServerProxy.java:328) ~[ratis-server-0.5.0-201fc85-SNAPSHOT.jar:0.5.0-201fc85-SNAPSHOT]
	at java.util.concurrent.CompletableFuture.uniComposeStage(CompletableFuture.java:981) ~[?:1.8.0_212]
	at java.util.concurrent.CompletableFuture.thenCompose(CompletableFuture.java:2124) ~[?:1.8.0_212]
	at org.apache.ratis.server.impl.RaftServerProxy.submitRequest(RaftServerProxy.java:327) ~[ratis-server-0.5.0-201fc85-SNAPSHOT.jar:0.5.0-201fc85-SNAPSHOT]
	at org.apache.ratis.server.impl.RaftServerProxy.submitClientRequestAsync(RaftServerProxy.java:333) ~[ratis-server-0.5.0-201fc85-SNAPSHOT.jar:0.5.0-201fc85-SNAPSHOT]
	at org.apache.ratis.grpc.client.GrpcClientProtocolService$RequestStreamObserver.processClientRequest(GrpcClientProtocolService.java:220) ~[ratis-grpc-0.5.0-201fc85-SNAPSHOT.jar:0.5.0-201fc85-SNAPSHOT]
	at org.apache.ratis.grpc.client.GrpcClientProtocolService$OrderedRequestStreamObserver.processClientRequest(GrpcClientProtocolService.java:326) ~[ratis-grpc-0.5.0-201fc85-SNAPSHOT.jar:0.5.0-201fc85-SNAPSHOT]
	at org.apache.ratis.util.SlidingWindow$Server.processRequestsFromHead(SlidingWindow.java:429) [ratis-common-0.5.0-201fc85-SNAPSHOT.jar:0.5.0-201fc85-SNAPSHOT]
	at org.apache.ratis.util.SlidingWindow$Server.receivedRequest(SlidingWindow.java:421) [ratis-common-0.5.0-201fc85-SNAPSHOT.jar:0.5.0-201fc85-SNAPSHOT]
	at org.apache.ratis.grpc.client.GrpcClientProtocolService$OrderedRequestStreamObserver.processClientRequest(GrpcClientProtocolService.java:345) [ratis-grpc-0.5.0-201fc85-SNAPSHOT.jar:0.5.0-201fc85-SNAPSHOT]
	at org.apache.ratis.grpc.client.GrpcClientProtocolService$RequestStreamObserver.onNext(GrpcClientProtocolService.java:240) [ratis-grpc-0.5.0-201fc85-SNAPSHOT.jar:0.5.0-201fc85-SNAPSHOT]
	at org.apache.ratis.grpc.client.GrpcClientProtocolService$RequestStreamObserver.onNext(GrpcClientProtocolService.java:168) [ratis-grpc-0.5.0-201fc85-SNAPSHOT.jar:0.5.0-201fc85-SNAPSHOT]
	at org.apache.ratis.thirdparty.io.grpc.stub.ServerCalls$StreamingServerCallHandler$StreamingServerCallListener.onMessage(ServerCalls.java:248) [ratis-thirdparty-misc-0.2.0.jar:0.2.0]
	at org.apache.ratis.thirdparty.io.grpc.internal.ServerCallImpl$ServerStreamListenerImpl.messagesAvailable(ServerCallImpl.java:263) [ratis-thirdparty-misc-0.2.0.jar:0.2.0]
	at org.apache.ratis.thirdparty.io.grpc.internal.ServerImpl$JumpToApplicationThreadServerStreamListener$1MessagesAvailable.runInContext(ServerImpl.java:686) [ratis-thirdparty-misc-0.2.0.jar:0.2.0]
	at org.apache.ratis.thirdparty.io.grpc.internal.ContextRunnable.run(ContextRunnable.java:37) [ratis-thirdparty-misc-0.2.0.jar:0.2.0]
	at org.apache.ratis.thirdparty.io.grpc.internal.SerializingExecutor.run(SerializingExecutor.java:123) [ratis-thirdparty-misc-0.2.0.jar:0.2.0]
	at java.util.concurrent.ThreadPoolExecutor.runWorker(ThreadPoolExecutor.java:1149) [?:1.8.0_212]
	at java.util.concurrent.ThreadPoolExecutor$Worker.run(ThreadPoolExecutor.java:624) [?:1.8.0_212]
	at java.lang.Thread.run(Thread.java:748) [?:1.8.0_212]
20:10:19.973 [grpc-default-executor-13] ERROR DNAudit - user=null | ip=null | op=PUT_BLOCK {blockData=[blockId=conID: 1 locID: 102900262107152397 bcsId: 0,size=650]} | ret=FAILURE
org.apache.hadoop.hdds.scm.container.common.helpers.ContainerNotOpenException: Container 1 in CLOSING state
	at org.apache.hadoop.ozone.container.common.impl.HddsDispatcher.validateContainerCommand(HddsDispatcher.java:434) ~[hadoop-hdds-container-service-0.5.0-SNAPSHOT.jar:?]
	at org.apache.hadoop.ozone.container.common.transport.server.ratis.ContainerStateMachine.startTransaction(ContainerStateMachine.java:319) ~[hadoop-hdds-container-service-0.5.0-SNAPSHOT.jar:?]
	at org.apache.ratis.server.impl.RaftServerImpl.submitClientRequestAsync(RaftServerImpl.java:569) ~[ratis-server-0.5.0-201fc85-SNAPSHOT.jar:0.5.0-201fc85-SNAPSHOT]
	at org.apache.ratis.server.impl.RaftServerProxy.lambda$submitClientRequestAsync$7(RaftServerProxy.java:333) ~[ratis-server-0.5.0-201fc85-SNAPSHOT.jar:0.5.0-201fc85-SNAPSHOT]
	at org.apache.ratis.server.impl.RaftServerProxy.lambda$null$5(RaftServerProxy.java:328) ~[ratis-server-0.5.0-201fc85-SNAPSHOT.jar:0.5.0-201fc85-SNAPSHOT]
	at org.apache.ratis.util.JavaUtils.callAsUnchecked(JavaUtils.java:109) ~[ratis-common-0.5.0-201fc85-SNAPSHOT.jar:0.5.0-201fc85-SNAPSHOT]
	at org.apache.ratis.server.impl.RaftServerProxy.lambda$submitRequest$6(RaftServerProxy.java:328) ~[ratis-server-0.5.0-201fc85-SNAPSHOT.jar:0.5.0-201fc85-SNAPSHOT]
	at java.util.concurrent.CompletableFuture.uniComposeStage(CompletableFuture.java:981) ~[?:1.8.0_212]
	at java.util.concurrent.CompletableFuture.thenCompose(CompletableFuture.java:2124) ~[?:1.8.0_212]
	at org.apache.ratis.server.impl.RaftServerProxy.submitRequest(RaftServerProxy.java:327) ~[ratis-server-0.5.0-201fc85-SNAPSHOT.jar:0.5.0-201fc85-SNAPSHOT]
	at org.apache.ratis.server.impl.RaftServerProxy.submitClientRequestAsync(RaftServerProxy.java:333) ~[ratis-server-0.5.0-201fc85-SNAPSHOT.jar:0.5.0-201fc85-SNAPSHOT]
	at org.apache.ratis.grpc.client.GrpcClientProtocolService$RequestStreamObserver.processClientRequest(GrpcClientProtocolService.java:220) ~[ratis-grpc-0.5.0-201fc85-SNAPSHOT.jar:0.5.0-201fc85-SNAPSHOT]
	at org.apache.ratis.grpc.client.GrpcClientProtocolService$OrderedRequestStreamObserver.processClientRequest(GrpcClientProtocolService.java:326) ~[ratis-grpc-0.5.0-201fc85-SNAPSHOT.jar:0.5.0-201fc85-SNAPSHOT]
	at org.apache.ratis.util.SlidingWindow$Server.processRequestsFromHead(SlidingWindow.java:429) [ratis-common-0.5.0-201fc85-SNAPSHOT.jar:0.5.0-201fc85-SNAPSHOT]
	at org.apache.ratis.util.SlidingWindow$Server.receivedRequest(SlidingWindow.java:421) [ratis-common-0.5.0-201fc85-SNAPSHOT.jar:0.5.0-201fc85-SNAPSHOT]
	at org.apache.ratis.grpc.client.GrpcClientProtocolService$OrderedRequestStreamObserver.processClientRequest(GrpcClientProtocolService.java:345) [ratis-grpc-0.5.0-201fc85-SNAPSHOT.jar:0.5.0-201fc85-SNAPSHOT]
	at org.apache.ratis.grpc.client.GrpcClientProtocolService$RequestStreamObserver.onNext(GrpcClientProtocolService.java:240) [ratis-grpc-0.5.0-201fc85-SNAPSHOT.jar:0.5.0-201fc85-SNAPSHOT]
	at org.apache.ratis.grpc.client.GrpcClientProtocolService$RequestStreamObserver.onNext(GrpcClientProtocolService.java:168) [ratis-grpc-0.5.0-201fc85-SNAPSHOT.jar:0.5.0-201fc85-SNAPSHOT]
	at org.apache.ratis.thirdparty.io.grpc.stub.ServerCalls$StreamingServerCallHandler$StreamingServerCallListener.onMessage(ServerCalls.java:248) [ratis-thirdparty-misc-0.2.0.jar:0.2.0]
	at org.apache.ratis.thirdparty.io.grpc.internal.ServerCallImpl$ServerStreamListenerImpl.messagesAvailable(ServerCallImpl.java:263) [ratis-thirdparty-misc-0.2.0.jar:0.2.0]
	at org.apache.ratis.thirdparty.io.grpc.internal.ServerImpl$JumpToApplicationThreadServerStreamListener$1MessagesAvailable.runInContext(ServerImpl.java:686) [ratis-thirdparty-misc-0.2.0.jar:0.2.0]
	at org.apache.ratis.thirdparty.io.grpc.internal.ContextRunnable.run(ContextRunnable.java:37) [ratis-thirdparty-misc-0.2.0.jar:0.2.0]
	at org.apache.ratis.thirdparty.io.grpc.internal.SerializingExecutor.run(SerializingExecutor.java:123) [ratis-thirdparty-misc-0.2.0.jar:0.2.0]
	at java.util.concurrent.ThreadPoolExecutor.runWorker(ThreadPoolExecutor.java:1149) [?:1.8.0_212]
	at java.util.concurrent.ThreadPoolExecutor$Worker.run(ThreadPoolExecutor.java:624) [?:1.8.0_212]
	at java.lang.Thread.run(Thread.java:748) [?:1.8.0_212]
20:10:19.988 [grpc-default-executor-13] ERROR DNAudit - user=null | ip=null | op=WRITE_CHUNK {blockData=conID: 1 locID: 102900262107152397 bcsId: 14} | ret=FAILURE
org.apache.hadoop.hdds.scm.container.common.helpers.ContainerNotOpenException: Container 1 in CLOSING state
	at org.apache.hadoop.ozone.container.common.impl.HddsDispatcher.validateContainerCommand(HddsDispatcher.java:434) ~[hadoop-hdds-container-service-0.5.0-SNAPSHOT.jar:?]
	at org.apache.hadoop.ozone.container.common.transport.server.ratis.ContainerStateMachine.startTransaction(ContainerStateMachine.java:319) ~[hadoop-hdds-container-service-0.5.0-SNAPSHOT.jar:?]
	at org.apache.ratis.server.impl.RaftServerImpl.submitClientRequestAsync(RaftServerImpl.java:569) ~[ratis-server-0.5.0-201fc85-SNAPSHOT.jar:0.5.0-201fc85-SNAPSHOT]
	at org.apache.ratis.server.impl.RaftServerProxy.lambda$submitClientRequestAsync$7(RaftServerProxy.java:333) ~[ratis-server-0.5.0-201fc85-SNAPSHOT.jar:0.5.0-201fc85-SNAPSHOT]
	at org.apache.ratis.server.impl.RaftServerProxy.lambda$null$5(RaftServerProxy.java:328) ~[ratis-server-0.5.0-201fc85-SNAPSHOT.jar:0.5.0-201fc85-SNAPSHOT]
	at org.apache.ratis.util.JavaUtils.callAsUnchecked(JavaUtils.java:109) ~[ratis-common-0.5.0-201fc85-SNAPSHOT.jar:0.5.0-201fc85-SNAPSHOT]
	at org.apache.ratis.server.impl.RaftServerProxy.lambda$submitRequest$6(RaftServerProxy.java:328) ~[ratis-server-0.5.0-201fc85-SNAPSHOT.jar:0.5.0-201fc85-SNAPSHOT]
	at java.util.concurrent.CompletableFuture.uniComposeStage(CompletableFuture.java:981) ~[?:1.8.0_212]
	at java.util.concurrent.CompletableFuture.thenCompose(CompletableFuture.java:2124) ~[?:1.8.0_212]
	at org.apache.ratis.server.impl.RaftServerProxy.submitRequest(RaftServerProxy.java:327) ~[ratis-server-0.5.0-201fc85-SNAPSHOT.jar:0.5.0-201fc85-SNAPSHOT]
	at org.apache.ratis.server.impl.RaftServerProxy.submitClientRequestAsync(RaftServerProxy.java:333) ~[ratis-server-0.5.0-201fc85-SNAPSHOT.jar:0.5.0-201fc85-SNAPSHOT]
	at org.apache.ratis.grpc.client.GrpcClientProtocolService$RequestStreamObserver.processClientRequest(GrpcClientProtocolService.java:220) ~[ratis-grpc-0.5.0-201fc85-SNAPSHOT.jar:0.5.0-201fc85-SNAPSHOT]
	at org.apache.ratis.grpc.client.GrpcClientProtocolService$OrderedRequestStreamObserver.processClientRequest(GrpcClientProtocolService.java:326) ~[ratis-grpc-0.5.0-201fc85-SNAPSHOT.jar:0.5.0-201fc85-SNAPSHOT]
	at org.apache.ratis.util.SlidingWindow$Server.processRequestsFromHead(SlidingWindow.java:429) [ratis-common-0.5.0-201fc85-SNAPSHOT.jar:0.5.0-201fc85-SNAPSHOT]
	at org.apache.ratis.util.SlidingWindow$Server.receivedRequest(SlidingWindow.java:421) [ratis-common-0.5.0-201fc85-SNAPSHOT.jar:0.5.0-201fc85-SNAPSHOT]
	at org.apache.ratis.grpc.client.GrpcClientProtocolService$OrderedRequestStreamObserver.processClientRequest(GrpcClientProtocolService.java:345) [ratis-grpc-0.5.0-201fc85-SNAPSHOT.jar:0.5.0-201fc85-SNAPSHOT]
	at org.apache.ratis.grpc.client.GrpcClientProtocolService$RequestStreamObserver.onNext(GrpcClientProtocolService.java:240) [ratis-grpc-0.5.0-201fc85-SNAPSHOT.jar:0.5.0-201fc85-SNAPSHOT]
	at org.apache.ratis.grpc.client.GrpcClientProtocolService$RequestStreamObserver.onNext(GrpcClientProtocolService.java:168) [ratis-grpc-0.5.0-201fc85-SNAPSHOT.jar:0.5.0-201fc85-SNAPSHOT]
	at org.apache.ratis.thirdparty.io.grpc.stub.ServerCalls$StreamingServerCallHandler$StreamingServerCallListener.onMessage(ServerCalls.java:248) [ratis-thirdparty-misc-0.2.0.jar:0.2.0]
	at org.apache.ratis.thirdparty.io.grpc.internal.ServerCallImpl$ServerStreamListenerImpl.messagesAvailable(ServerCallImpl.java:263) [ratis-thirdparty-misc-0.2.0.jar:0.2.0]
	at org.apache.ratis.thirdparty.io.grpc.internal.ServerImpl$JumpToApplicationThreadServerStreamListener$1MessagesAvailable.runInContext(ServerImpl.java:686) [ratis-thirdparty-misc-0.2.0.jar:0.2.0]
	at org.apache.ratis.thirdparty.io.grpc.internal.ContextRunnable.run(ContextRunnable.java:37) [ratis-thirdparty-misc-0.2.0.jar:0.2.0]
	at org.apache.ratis.thirdparty.io.grpc.internal.SerializingExecutor.run(SerializingExecutor.java:123) [ratis-thirdparty-misc-0.2.0.jar:0.2.0]
	at java.util.concurrent.ThreadPoolExecutor.runWorker(ThreadPoolExecutor.java:1149) [?:1.8.0_212]
	at java.util.concurrent.ThreadPoolExecutor$Worker.run(ThreadPoolExecutor.java:624) [?:1.8.0_212]
	at java.lang.Thread.run(Thread.java:748) [?:1.8.0_212]
20:10:19.993 [grpc-default-executor-13] ERROR DNAudit - user=null | ip=null | op=WRITE_CHUNK {blockData=conID: 1 locID: 102900262107152397 bcsId: 14} | ret=FAILURE
org.apache.hadoop.hdds.scm.container.common.helpers.ContainerNotOpenException: Container 1 in CLOSING state
	at org.apache.hadoop.ozone.container.common.impl.HddsDispatcher.validateContainerCommand(HddsDispatcher.java:434) ~[hadoop-hdds-container-service-0.5.0-SNAPSHOT.jar:?]
	at org.apache.hadoop.ozone.container.common.transport.server.ratis.ContainerStateMachine.startTransaction(ContainerStateMachine.java:319) ~[hadoop-hdds-container-service-0.5.0-SNAPSHOT.jar:?]
	at org.apache.ratis.server.impl.RaftServerImpl.submitClientRequestAsync(RaftServerImpl.java:569) ~[ratis-server-0.5.0-201fc85-SNAPSHOT.jar:0.5.0-201fc85-SNAPSHOT]
	at org.apache.ratis.server.impl.RaftServerProxy.lambda$submitClientRequestAsync$7(RaftServerProxy.java:333) ~[ratis-server-0.5.0-201fc85-SNAPSHOT.jar:0.5.0-201fc85-SNAPSHOT]
	at org.apache.ratis.server.impl.RaftServerProxy.lambda$null$5(RaftServerProxy.java:328) ~[ratis-server-0.5.0-201fc85-SNAPSHOT.jar:0.5.0-201fc85-SNAPSHOT]
	at org.apache.ratis.util.JavaUtils.callAsUnchecked(JavaUtils.java:109) ~[ratis-common-0.5.0-201fc85-SNAPSHOT.jar:0.5.0-201fc85-SNAPSHOT]
	at org.apache.ratis.server.impl.RaftServerProxy.lambda$submitRequest$6(RaftServerProxy.java:328) ~[ratis-server-0.5.0-201fc85-SNAPSHOT.jar:0.5.0-201fc85-SNAPSHOT]
	at java.util.concurrent.CompletableFuture.uniComposeStage(CompletableFuture.java:981) ~[?:1.8.0_212]
	at java.util.concurrent.CompletableFuture.thenCompose(CompletableFuture.java:2124) ~[?:1.8.0_212]
	at org.apache.ratis.server.impl.RaftServerProxy.submitRequest(RaftServerProxy.java:327) ~[ratis-server-0.5.0-201fc85-SNAPSHOT.jar:0.5.0-201fc85-SNAPSHOT]
	at org.apache.ratis.server.impl.RaftServerProxy.submitClientRequestAsync(RaftServerProxy.java:333) ~[ratis-server-0.5.0-201fc85-SNAPSHOT.jar:0.5.0-201fc85-SNAPSHOT]
	at org.apache.ratis.grpc.client.GrpcClientProtocolService$RequestStreamObserver.processClientRequest(GrpcClientProtocolService.java:220) ~[ratis-grpc-0.5.0-201fc85-SNAPSHOT.jar:0.5.0-201fc85-SNAPSHOT]
	at org.apache.ratis.grpc.client.GrpcClientProtocolService$OrderedRequestStreamObserver.processClientRequest(GrpcClientProtocolService.java:326) ~[ratis-grpc-0.5.0-201fc85-SNAPSHOT.jar:0.5.0-201fc85-SNAPSHOT]
	at org.apache.ratis.util.SlidingWindow$Server.processRequestsFromHead(SlidingWindow.java:429) [ratis-common-0.5.0-201fc85-SNAPSHOT.jar:0.5.0-201fc85-SNAPSHOT]
	at org.apache.ratis.util.SlidingWindow$Server.receivedRequest(SlidingWindow.java:421) [ratis-common-0.5.0-201fc85-SNAPSHOT.jar:0.5.0-201fc85-SNAPSHOT]
	at org.apache.ratis.grpc.client.GrpcClientProtocolService$OrderedRequestStreamObserver.processClientRequest(GrpcClientProtocolService.java:345) [ratis-grpc-0.5.0-201fc85-SNAPSHOT.jar:0.5.0-201fc85-SNAPSHOT]
	at org.apache.ratis.grpc.client.GrpcClientProtocolService$RequestStreamObserver.onNext(GrpcClientProtocolService.java:240) [ratis-grpc-0.5.0-201fc85-SNAPSHOT.jar:0.5.0-201fc85-SNAPSHOT]
	at org.apache.ratis.grpc.client.GrpcClientProtocolService$RequestStreamObserver.onNext(GrpcClientProtocolService.java:168) [ratis-grpc-0.5.0-201fc85-SNAPSHOT.jar:0.5.0-201fc85-SNAPSHOT]
	at org.apache.ratis.thirdparty.io.grpc.stub.ServerCalls$StreamingServerCallHandler$StreamingServerCallListener.onMessage(ServerCalls.java:248) [ratis-thirdparty-misc-0.2.0.jar:0.2.0]
	at org.apache.ratis.thirdparty.io.grpc.internal.ServerCallImpl$ServerStreamListenerImpl.messagesAvailable(ServerCallImpl.java:263) [ratis-thirdparty-misc-0.2.0.jar:0.2.0]
	at org.apache.ratis.thirdparty.io.grpc.internal.ServerImpl$JumpToApplicationThreadServerStreamListener$1MessagesAvailable.runInContext(ServerImpl.java:686) [ratis-thirdparty-misc-0.2.0.jar:0.2.0]
	at org.apache.ratis.thirdparty.io.grpc.internal.ContextRunnable.run(ContextRunnable.java:37) [ratis-thirdparty-misc-0.2.0.jar:0.2.0]
	at org.apache.ratis.thirdparty.io.grpc.internal.SerializingExecutor.run(SerializingExecutor.java:123) [ratis-thirdparty-misc-0.2.0.jar:0.2.0]
	at java.util.concurrent.ThreadPoolExecutor.runWorker(ThreadPoolExecutor.java:1149) [?:1.8.0_212]
	at java.util.concurrent.ThreadPoolExecutor$Worker.run(ThreadPoolExecutor.java:624) [?:1.8.0_212]
	at java.lang.Thread.run(Thread.java:748) [?:1.8.0_212]
20:10:20.001 [grpc-default-executor-13] ERROR DNAudit - user=null | ip=null | op=PUT_BLOCK {blockData=[blockId=conID: 1 locID: 102900262107152397 bcsId: 0,size=800]} | ret=FAILURE
org.apache.hadoop.hdds.scm.container.common.helpers.ContainerNotOpenException: Container 1 in CLOSING state
	at org.apache.hadoop.ozone.container.common.impl.HddsDispatcher.validateContainerCommand(HddsDispatcher.java:434) ~[hadoop-hdds-container-service-0.5.0-SNAPSHOT.jar:?]
	at org.apache.hadoop.ozone.container.common.transport.server.ratis.ContainerStateMachine.startTransaction(ContainerStateMachine.java:319) ~[hadoop-hdds-container-service-0.5.0-SNAPSHOT.jar:?]
	at org.apache.ratis.server.impl.RaftServerImpl.submitClientRequestAsync(RaftServerImpl.java:569) ~[ratis-server-0.5.0-201fc85-SNAPSHOT.jar:0.5.0-201fc85-SNAPSHOT]
	at org.apache.ratis.server.impl.RaftServerProxy.lambda$submitClientRequestAsync$7(RaftServerProxy.java:333) ~[ratis-server-0.5.0-201fc85-SNAPSHOT.jar:0.5.0-201fc85-SNAPSHOT]
	at org.apache.ratis.server.impl.RaftServerProxy.lambda$null$5(RaftServerProxy.java:328) ~[ratis-server-0.5.0-201fc85-SNAPSHOT.jar:0.5.0-201fc85-SNAPSHOT]
	at org.apache.ratis.util.JavaUtils.callAsUnchecked(JavaUtils.java:109) ~[ratis-common-0.5.0-201fc85-SNAPSHOT.jar:0.5.0-201fc85-SNAPSHOT]
	at org.apache.ratis.server.impl.RaftServerProxy.lambda$submitRequest$6(RaftServerProxy.java:328) ~[ratis-server-0.5.0-201fc85-SNAPSHOT.jar:0.5.0-201fc85-SNAPSHOT]
	at java.util.concurrent.CompletableFuture.uniComposeStage(CompletableFuture.java:981) ~[?:1.8.0_212]
	at java.util.concurrent.CompletableFuture.thenCompose(CompletableFuture.java:2124) ~[?:1.8.0_212]
	at org.apache.ratis.server.impl.RaftServerProxy.submitRequest(RaftServerProxy.java:327) ~[ratis-server-0.5.0-201fc85-SNAPSHOT.jar:0.5.0-201fc85-SNAPSHOT]
	at org.apache.ratis.server.impl.RaftServerProxy.submitClientRequestAsync(RaftServerProxy.java:333) ~[ratis-server-0.5.0-201fc85-SNAPSHOT.jar:0.5.0-201fc85-SNAPSHOT]
	at org.apache.ratis.grpc.client.GrpcClientProtocolService$RequestStreamObserver.processClientRequest(GrpcClientProtocolService.java:220) ~[ratis-grpc-0.5.0-201fc85-SNAPSHOT.jar:0.5.0-201fc85-SNAPSHOT]
	at org.apache.ratis.grpc.client.GrpcClientProtocolService$OrderedRequestStreamObserver.processClientRequest(GrpcClientProtocolService.java:326) ~[ratis-grpc-0.5.0-201fc85-SNAPSHOT.jar:0.5.0-201fc85-SNAPSHOT]
	at org.apache.ratis.util.SlidingWindow$Server.processRequestsFromHead(SlidingWindow.java:429) [ratis-common-0.5.0-201fc85-SNAPSHOT.jar:0.5.0-201fc85-SNAPSHOT]
	at org.apache.ratis.util.SlidingWindow$Server.receivedRequest(SlidingWindow.java:421) [ratis-common-0.5.0-201fc85-SNAPSHOT.jar:0.5.0-201fc85-SNAPSHOT]
	at org.apache.ratis.grpc.client.GrpcClientProtocolService$OrderedRequestStreamObserver.processClientRequest(GrpcClientProtocolService.java:345) [ratis-grpc-0.5.0-201fc85-SNAPSHOT.jar:0.5.0-201fc85-SNAPSHOT]
	at org.apache.ratis.grpc.client.GrpcClientProtocolService$RequestStreamObserver.onNext(GrpcClientProtocolService.java:240) [ratis-grpc-0.5.0-201fc85-SNAPSHOT.jar:0.5.0-201fc85-SNAPSHOT]
	at org.apache.ratis.grpc.client.GrpcClientProtocolService$RequestStreamObserver.onNext(GrpcClientProtocolService.java:168) [ratis-grpc-0.5.0-201fc85-SNAPSHOT.jar:0.5.0-201fc85-SNAPSHOT]
	at org.apache.ratis.thirdparty.io.grpc.stub.ServerCalls$StreamingServerCallHandler$StreamingServerCallListener.onMessage(ServerCalls.java:248) [ratis-thirdparty-misc-0.2.0.jar:0.2.0]
	at org.apache.ratis.thirdparty.io.grpc.internal.ServerCallImpl$ServerStreamListenerImpl.messagesAvailable(ServerCallImpl.java:263) [ratis-thirdparty-misc-0.2.0.jar:0.2.0]
	at org.apache.ratis.thirdparty.io.grpc.internal.ServerImpl$JumpToApplicationThreadServerStreamListener$1MessagesAvailable.runInContext(ServerImpl.java:686) [ratis-thirdparty-misc-0.2.0.jar:0.2.0]
	at org.apache.ratis.thirdparty.io.grpc.internal.ContextRunnable.run(ContextRunnable.java:37) [ratis-thirdparty-misc-0.2.0.jar:0.2.0]
	at org.apache.ratis.thirdparty.io.grpc.internal.SerializingExecutor.run(SerializingExecutor.java:123) [ratis-thirdparty-misc-0.2.0.jar:0.2.0]
	at java.util.concurrent.ThreadPoolExecutor.runWorker(ThreadPoolExecutor.java:1149) [?:1.8.0_212]
	at java.util.concurrent.ThreadPoolExecutor$Worker.run(ThreadPoolExecutor.java:624) [?:1.8.0_212]
	at java.lang.Thread.run(Thread.java:748) [?:1.8.0_212]
2019-10-03 20:10:20,625 [main] INFO  ozone.MiniOzoneClusterImpl (MiniOzoneClusterImpl.java:shutdown(314)) - Shutting down the Mini Ozone Cluster
2019-10-03 20:10:20,625 [main] INFO  ozone.MiniOzoneClusterImpl (MiniOzoneClusterImpl.java:stop(330)) - Stopping the Mini Ozone Cluster
2019-10-03 20:10:20,625 [main] INFO  ozone.MiniOzoneClusterImpl (MiniOzoneClusterImpl.java:stopOM(400)) - Stopping the OzoneManager
2019-10-03 20:10:20,626 [main] INFO  ipc.Server (Server.java:stop(3082)) - Stopping server on 37026
2019-10-03 20:10:20,635 [IPC Server listener on 37026] INFO  ipc.Server (Server.java:run(1185)) - Stopping IPC Server listener on 37026
2019-10-03 20:10:20,635 [main] INFO  ratis.OzoneManagerDoubleBuffer (OzoneManagerDoubleBuffer.java:stop(248)) - Stopping OMDoubleBuffer flush thread
2019-10-03 20:10:20,641 [IPC Server Responder] INFO  ipc.Server (Server.java:run(1319)) - Stopping IPC Server Responder
2019-10-03 20:10:20,648 [OMDoubleBufferFlushThread] INFO  ratis.OzoneManagerDoubleBuffer (OzoneManagerDoubleBuffer.java:flushTransactions(191)) - OMDoubleBuffer flush thread OMDoubleBufferFlushThread is interrupted and will exit. OMDoubleBufferFlushThread
2019-10-03 20:10:20,648 [main] INFO  utils.BackgroundService (BackgroundService.java:shutdown(148)) - Shutting down service KeyDeletingService
2019-10-03 20:10:20,650 [main] INFO  handler.ContextHandler (ContextHandler.java:doStop(910)) - Stopped o.e.j.w.WebAppContext@497ed877{/,null,UNAVAILABLE}{/ozoneManager}
2019-10-03 20:10:20,650 [main] INFO  server.AbstractConnector (AbstractConnector.java:doStop(318)) - Stopped ServerConnector@3cb6e0ee{HTTP/1.1,[http/1.1]}{0.0.0.0:0}
2019-10-03 20:10:20,650 [main] INFO  handler.ContextHandler (ContextHandler.java:doStop(910)) - Stopped o.e.j.s.ServletContextHandler@5ea7bc4{/static,file:///workdir/hadoop-ozone/integration-test/target/test-classes/webapps/static,UNAVAILABLE}
2019-10-03 20:10:20,651 [main] INFO  handler.ContextHandler (ContextHandler.java:doStop(910)) - Stopped o.e.j.s.ServletContextHandler@4652c74d{/logs,file:///workdir/hadoop-ozone/integration-test/target/log,UNAVAILABLE}
2019-10-03 20:10:20,652 [main] INFO  ozone.MiniOzoneClusterImpl (MiniOzoneClusterImpl.java:stopDatanodes(377)) - Stopping the HddsDatanodes
2019-10-03 20:10:21,245 [Datanode State Machine Thread - 0] INFO  statemachine.DatanodeStateMachine (DatanodeStateMachine.java:lambda$startDaemon$0(350)) - Ozone container server started.
2019-10-03 20:10:21,288 [Datanode State Machine Thread - 0] INFO  statemachine.DatanodeStateMachine (DatanodeStateMachine.java:lambda$startDaemon$0(350)) - Ozone container server started.
2019-10-03 20:10:21,291 [grpc-default-executor-14] WARN  server.GrpcLogAppender (LogUtils.java:warn(134)) - e7718313-8120-41cd-8acc-e928bdef59c5@group-4402E726854A->2e253f7d-f237-4f64-bf0f-4e165c5afdc8-AppendLogResponseHandler: Failed appendEntries: org.apache.ratis.thirdparty.io.grpc.StatusRuntimeException: UNAVAILABLE: io exception
2019-10-03 20:10:21,291 [grpc-default-executor-14] INFO  impl.FollowerInfo (FollowerInfo.java:lambda$new$0(51)) - e7718313-8120-41cd-8acc-e928bdef59c5@group-4402E726854A->2e253f7d-f237-4f64-bf0f-4e165c5afdc8: nextIndex: updateUnconditionally 1 -> 0
2019-10-03 20:10:23,792 [grpc-default-executor-13] WARN  server.GrpcLogAppender (LogUtils.java:warn(134)) - e7718313-8120-41cd-8acc-e928bdef59c5@group-4402E726854A->2e253f7d-f237-4f64-bf0f-4e165c5afdc8-AppendLogResponseHandler: Failed appendEntries: org.apache.ratis.thirdparty.io.grpc.StatusRuntimeException: UNAVAILABLE: io exception
2019-10-03 20:10:23,793 [grpc-default-executor-13] INFO  impl.FollowerInfo (FollowerInfo.java:lambda$new$0(51)) - e7718313-8120-41cd-8acc-e928bdef59c5@group-4402E726854A->2e253f7d-f237-4f64-bf0f-4e165c5afdc8: nextIndex: updateUnconditionally 0 -> 0
2019-10-03 20:10:25,293 [EventQueue-StaleNodeForStaleNodeHandler] INFO  node.StaleNodeHandler (StaleNodeHandler.java:onMessage(58)) - Datanode e7718313-8120-41cd-8acc-e928bdef59c5{ip: 192.168.30.7, host: pr-hdds-2230-vt4bl-2581040744, networkLocation: /default-rack, certSerialId: null} moved to stale state. Finalizing its pipelines [PipelineID=9fb6b714-cefe-4d78-b349-4851f9f6068f, PipelineID=b304383e-c118-465f-89cb-4402e726854a]
2019-10-03 20:10:25,294 [EventQueue-StaleNodeForStaleNodeHandler] INFO  pipeline.SCMPipelineManager (SCMPipelineManager.java:finalizeAndDestroyPipeline(315)) - destroying pipeline:Pipeline[ Id: 9fb6b714-cefe-4d78-b349-4851f9f6068f, Nodes: e7718313-8120-41cd-8acc-e928bdef59c5{ip: 192.168.30.7, host: pr-hdds-2230-vt4bl-2581040744, networkLocation: /default-rack, certSerialId: null}, Type:RATIS, Factor:ONE, State:OPEN]
2019-10-03 20:10:25,294 [EventQueue-StaleNodeForStaleNodeHandler] INFO  pipeline.PipelineStateManager (PipelineStateManager.java:finalizePipeline(123)) - Pipeline Pipeline[ Id: 9fb6b714-cefe-4d78-b349-4851f9f6068f, Nodes: e7718313-8120-41cd-8acc-e928bdef59c5{ip: 192.168.30.7, host: pr-hdds-2230-vt4bl-2581040744, networkLocation: /default-rack, certSerialId: null}, Type:RATIS, Factor:ONE, State:CLOSED] moved to CLOSED state
2019-10-03 20:10:25,295 [EventQueue-StaleNodeForStaleNodeHandler] INFO  pipeline.SCMPipelineManager (SCMPipelineManager.java:finalizeAndDestroyPipeline(315)) - destroying pipeline:Pipeline[ Id: b304383e-c118-465f-89cb-4402e726854a, Nodes: 2e253f7d-f237-4f64-bf0f-4e165c5afdc8{ip: 192.168.30.7, host: pr-hdds-2230-vt4bl-2581040744, networkLocation: /default-rack, certSerialId: null}e7718313-8120-41cd-8acc-e928bdef59c5{ip: 192.168.30.7, host: pr-hdds-2230-vt4bl-2581040744, networkLocation: /default-rack, certSerialId: null}fcbae8df-a1ef-4d91-9a5c-ec2b900fec62{ip: 192.168.30.7, host: pr-hdds-2230-vt4bl-2581040744, networkLocation: /default-rack, certSerialId: null}, Type:RATIS, Factor:THREE, State:CLOSED]
2019-10-03 20:10:25,295 [EventQueue-StaleNodeForStaleNodeHandler] INFO  node.StaleNodeHandler (StaleNodeHandler.java:onMessage(58)) - Datanode b6b7042a-ec65-4978-975f-2a155c42500f{ip: 192.168.30.7, host: pr-hdds-2230-vt4bl-2581040744, networkLocation: /default-rack, certSerialId: null} moved to stale state. Finalizing its pipelines [PipelineID=86454b32-97eb-4355-b939-4cd786c74e9c, PipelineID=cb533b9f-0f9b-4d86-a6a0-3c8673e3015a]
2019-10-03 20:10:25,295 [EventQueue-StaleNodeForStaleNodeHandler] INFO  pipeline.SCMPipelineManager (SCMPipelineManager.java:finalizeAndDestroyPipeline(315)) - destroying pipeline:Pipeline[ Id: 86454b32-97eb-4355-b939-4cd786c74e9c, Nodes: 6304382c-6a8e-48d1-8d6a-351f8b4f168f{ip: 192.168.30.7, host: pr-hdds-2230-vt4bl-2581040744, networkLocation: /default-rack, certSerialId: null}4a355be9-49a6-46bb-9525-54ce14c2d0bc{ip: 192.168.30.7, host: pr-hdds-2230-vt4bl-2581040744, networkLocation: /default-rack, certSerialId: null}b6b7042a-ec65-4978-975f-2a155c42500f{ip: 192.168.30.7, host: pr-hdds-2230-vt4bl-2581040744, networkLocation: /default-rack, certSerialId: null}, Type:RATIS, Factor:THREE, State:OPEN]
2019-10-03 20:10:25,295 [EventQueue-StaleNodeForStaleNodeHandler] INFO  pipeline.PipelineStateManager (PipelineStateManager.java:finalizePipeline(123)) - Pipeline Pipeline[ Id: 86454b32-97eb-4355-b939-4cd786c74e9c, Nodes: 6304382c-6a8e-48d1-8d6a-351f8b4f168f{ip: 192.168.30.7, host: pr-hdds-2230-vt4bl-2581040744, networkLocation: /default-rack, certSerialId: null}4a355be9-49a6-46bb-9525-54ce14c2d0bc{ip: 192.168.30.7, host: pr-hdds-2230-vt4bl-2581040744, networkLocation: /default-rack, certSerialId: null}b6b7042a-ec65-4978-975f-2a155c42500f{ip: 192.168.30.7, host: pr-hdds-2230-vt4bl-2581040744, networkLocation: /default-rack, certSerialId: null}, Type:RATIS, Factor:THREE, State:CLOSED] moved to CLOSED state
2019-10-03 20:10:25,296 [EventQueue-StaleNodeForStaleNodeHandler] INFO  pipeline.SCMPipelineManager (SCMPipelineManager.java:finalizeAndDestroyPipeline(315)) - destroying pipeline:Pipeline[ Id: cb533b9f-0f9b-4d86-a6a0-3c8673e3015a, Nodes: b6b7042a-ec65-4978-975f-2a155c42500f{ip: 192.168.30.7, host: pr-hdds-2230-vt4bl-2581040744, networkLocation: /default-rack, certSerialId: null}, Type:RATIS, Factor:ONE, State:OPEN]
2019-10-03 20:10:25,296 [EventQueue-CloseContainerForCloseContainerEventHandler] INFO  container.CloseContainerEventHandler (CloseContainerEventHandler.java:onMessage(61)) - Close container Event triggered for container : #2
2019-10-03 20:10:25,296 [EventQueue-StaleNodeForStaleNodeHandler] INFO  pipeline.PipelineStateManager (PipelineStateManager.java:finalizePipeline(123)) - Pipeline Pipeline[ Id: cb533b9f-0f9b-4d86-a6a0-3c8673e3015a, Nodes: b6b7042a-ec65-4978-975f-2a155c42500f{ip: 192.168.30.7, host: pr-hdds-2230-vt4bl-2581040744, networkLocation: /default-rack, certSerialId: null}, Type:RATIS, Factor:ONE, State:CLOSED] moved to CLOSED state
2019-10-03 20:10:25,653 [main] INFO  ozoneimpl.OzoneContainer (OzoneContainer.java:stop(231)) - Attempting to stop container services.
2019-10-03 20:10:25,653 [ForkJoinPool.commonPool-worker-0] INFO  ozoneimpl.OzoneContainer (OzoneContainer.java:stop(231)) - Attempting to stop container services.
2019-10-03 20:10:25,654 [main] INFO  impl.RaftServerProxy (RaftServerProxy.java:lambda$close$4(314)) - b6b7042a-ec65-4978-975f-2a155c42500f: close
2019-10-03 20:10:25,654 [ForkJoinPool.commonPool-worker-0] INFO  impl.RaftServerProxy (RaftServerProxy.java:lambda$close$4(314)) - e7718313-8120-41cd-8acc-e928bdef59c5: close
2019-10-03 20:10:25,654 [ForkJoinPool.commonPool-worker-0] INFO  impl.RaftServerImpl (RaftServerImpl.java:lambda$shutdown$3(247)) - e7718313-8120-41cd-8acc-e928bdef59c5@group-4851F9F6068F: shutdown
2019-10-03 20:10:25,654 [main] INFO  impl.RaftServerImpl (RaftServerImpl.java:lambda$shutdown$3(247)) - b6b7042a-ec65-4978-975f-2a155c42500f@group-4CD786C74E9C: shutdown
2019-10-03 20:10:25,655 [ForkJoinPool.commonPool-worker-0] INFO  util.JmxRegister (JmxRegister.java:unregister(73)) - Successfully un-registered JMX Bean with object name Ratis:service=RaftServer,group=group-4851F9F6068F,id=e7718313-8120-41cd-8acc-e928bdef59c5
2019-10-03 20:10:25,655 [main] INFO  util.JmxRegister (JmxRegister.java:unregister(73)) - Successfully un-registered JMX Bean with object name Ratis:service=RaftServer,group=group-4CD786C74E9C,id=b6b7042a-ec65-4978-975f-2a155c42500f
2019-10-03 20:10:25,655 [ForkJoinPool.commonPool-worker-0] INFO  impl.RoleInfo (RoleInfo.java:shutdownLeaderState(104)) - e7718313-8120-41cd-8acc-e928bdef59c5: shutdown LeaderState
2019-10-03 20:10:25,655 [main] INFO  impl.RoleInfo (RoleInfo.java:shutdownFollowerState(121)) - b6b7042a-ec65-4978-975f-2a155c42500f: shutdown FollowerState
2019-10-03 20:10:25,656 [ForkJoinPool.commonPool-worker-0] INFO  impl.PendingRequests (PendingRequests.java:sendNotLeaderResponses(202)) - e7718313-8120-41cd-8acc-e928bdef59c5@group-4851F9F6068F-PendingRequests: sendNotLeaderResponses
2019-10-03 20:10:25,656 [Thread-3171] INFO  impl.FollowerState (FollowerState.java:run(117)) - b6b7042a-ec65-4978-975f-2a155c42500f@group-4CD786C74E9C-FollowerState was interrupted: java.lang.InterruptedException: sleep interrupted
2019-10-03 20:10:25,656 [b6b7042a-ec65-4978-975f-2a155c42500f@group-4CD786C74E9C-StateMachineUpdater] INFO  ratis.ContainerStateMachine (ContainerStateMachine.java:takeSnapshot(293)) - group-4CD786C74E9C: Taking a snapshot at:(t:1, i:14) file /workdir/hadoop-ozone/integration-test/target/test-dir/MiniOzoneClusterImpl-16e450bc-7d29-4cce-9510-730a56775e77/datanode-4/data/ratis/86454b32-97eb-4355-b939-4cd786c74e9c/sm/snapshot.1_14
2019-10-03 20:10:25,656 [main] INFO  impl.StateMachineUpdater (StateMachineUpdater.java:stopAndJoin(136)) - b6b7042a-ec65-4978-975f-2a155c42500f@group-4CD786C74E9C-StateMachineUpdater: set stopIndex = 16
2019-10-03 20:10:25,658 [ForkJoinPool.commonPool-worker-0] INFO  impl.StateMachineUpdater (StateMachineUpdater.java:stopAndJoin(136)) - e7718313-8120-41cd-8acc-e928bdef59c5@group-4851F9F6068F-StateMachineUpdater: set stopIndex = 0
2019-10-03 20:10:25,659 [ForkJoinPool.commonPool-worker-0] INFO  impl.RaftServerImpl (ServerState.java:close(387)) - e7718313-8120-41cd-8acc-e928bdef59c5@group-4851F9F6068F: closes. applyIndex: 0
2019-10-03 20:10:25,659 [e7718313-8120-41cd-8acc-e928bdef59c5@group-4851F9F6068F-SegmentedRaftLogWorker] INFO  segmented.SegmentedRaftLogWorker (SegmentedRaftLogWorker.java:run(316)) - e7718313-8120-41cd-8acc-e928bdef59c5@group-4851F9F6068F-SegmentedRaftLogWorker was interrupted, exiting. There are 0 tasks remaining in the queue.
2019-10-03 20:10:25,661 [ForkJoinPool.commonPool-worker-0] INFO  segmented.SegmentedRaftLogWorker (SegmentedRaftLogWorker.java:close(224)) - e7718313-8120-41cd-8acc-e928bdef59c5@group-4851F9F6068F-SegmentedRaftLogWorker close()
2019-10-03 20:10:25,664 [ForkJoinPool.commonPool-worker-0] INFO  impl.RaftServerImpl (RaftServerImpl.java:lambda$shutdown$3(247)) - e7718313-8120-41cd-8acc-e928bdef59c5@group-4402E726854A: shutdown
2019-10-03 20:10:25,664 [ForkJoinPool.commonPool-worker-0] INFO  util.JmxRegister (JmxRegister.java:unregister(73)) - Successfully un-registered JMX Bean with object name Ratis:service=RaftServer,group=group-4402E726854A,id=e7718313-8120-41cd-8acc-e928bdef59c5
2019-10-03 20:10:25,664 [ForkJoinPool.commonPool-worker-0] INFO  impl.RoleInfo (RoleInfo.java:shutdownLeaderState(104)) - e7718313-8120-41cd-8acc-e928bdef59c5: shutdown LeaderState
2019-10-03 20:10:25,667 [org.apache.ratis.server.impl.LogAppender$AppenderDaemon$$Lambda$528/1283095084@1af6fb4] WARN  server.GrpcLogAppender (GrpcLogAppender.java:mayWait(143)) - e7718313-8120-41cd-8acc-e928bdef59c5@group-4402E726854A->fcbae8df-a1ef-4d91-9a5c-ec2b900fec62-GrpcLogAppender: Wait interrupted by java.lang.InterruptedException
2019-10-03 20:10:25,667 [org.apache.ratis.server.impl.LogAppender$AppenderDaemon$$Lambda$528/1283095084@4f5c9701] WARN  server.GrpcLogAppender (GrpcLogAppender.java:mayWait(143)) - e7718313-8120-41cd-8acc-e928bdef59c5@group-4402E726854A->2e253f7d-f237-4f64-bf0f-4e165c5afdc8-GrpcLogAppender: Wait interrupted by java.lang.InterruptedException
2019-10-03 20:10:25,667 [ForkJoinPool.commonPool-worker-0] INFO  impl.PendingRequests (PendingRequests.java:sendNotLeaderResponses(202)) - e7718313-8120-41cd-8acc-e928bdef59c5@group-4402E726854A-PendingRequests: sendNotLeaderResponses
2019-10-03 20:10:25,668 [ForkJoinPool.commonPool-worker-0] INFO  impl.StateMachineUpdater (StateMachineUpdater.java:stopAndJoin(136)) - e7718313-8120-41cd-8acc-e928bdef59c5@group-4402E726854A-StateMachineUpdater: set stopIndex = 18
2019-10-03 20:10:25,668 [grpc-default-executor-13] INFO  server.GrpcServerProtocolService (GrpcServerProtocolService.java:onCompleted(113)) - fcbae8df-a1ef-4d91-9a5c-ec2b900fec62: Completed APPEND_ENTRIES, lastRequest: e7718313-8120-41cd-8acc-e928bdef59c5->fcbae8df-a1ef-4d91-9a5c-ec2b900fec62#4-t3, previous=(t:3, i:18), leaderCommit=18, initializing? false, entries: <empty>
2019-10-03 20:10:25,668 [e7718313-8120-41cd-8acc-e928bdef59c5@group-4402E726854A-StateMachineUpdater] INFO  ratis.ContainerStateMachine (ContainerStateMachine.java:takeSnapshot(293)) - group-4402E726854A: Taking a snapshot at:(t:1, i:14) file /workdir/hadoop-ozone/integration-test/target/test-dir/MiniOzoneClusterImpl-16e450bc-7d29-4cce-9510-730a56775e77/datanode-1/data/ratis/b304383e-c118-465f-89cb-4402e726854a/sm/snapshot.1_14
2019-10-03 20:10:25,669 [grpc-default-executor-13] INFO  server.GrpcLogAppender (GrpcLogAppender.java:onCompleted(293)) - e7718313-8120-41cd-8acc-e928bdef59c5@group-4402E726854A->fcbae8df-a1ef-4d91-9a5c-ec2b900fec62-AppendLogResponseHandler: follower responses appendEntries COMPLETED
2019-10-03 20:10:25,670 [grpc-default-executor-13] INFO  impl.FollowerInfo (FollowerInfo.java:lambda$new$0(51)) - e7718313-8120-41cd-8acc-e928bdef59c5@group-4402E726854A->fcbae8df-a1ef-4d91-9a5c-ec2b900fec62: nextIndex: updateUnconditionally 19 -> 18
2019-10-03 20:10:25,695 [b6b7042a-ec65-4978-975f-2a155c42500f@group-4CD786C74E9C-StateMachineUpdater] INFO  ratis.ContainerStateMachine (ContainerStateMachine.java:takeSnapshot(304)) - group-4CD786C74E9C: Finished taking a snapshot at:(t:1, i:14) file:/workdir/hadoop-ozone/integration-test/target/test-dir/MiniOzoneClusterImpl-16e450bc-7d29-4cce-9510-730a56775e77/datanode-4/data/ratis/86454b32-97eb-4355-b939-4cd786c74e9c/sm/snapshot.1_14 time:39
2019-10-03 20:10:25,695 [e7718313-8120-41cd-8acc-e928bdef59c5@group-4402E726854A-StateMachineUpdater] INFO  ratis.ContainerStateMachine (ContainerStateMachine.java:takeSnapshot(304)) - group-4402E726854A: Finished taking a snapshot at:(t:1, i:14) file:/workdir/hadoop-ozone/integration-test/target/test-dir/MiniOzoneClusterImpl-16e450bc-7d29-4cce-9510-730a56775e77/datanode-1/data/ratis/b304383e-c118-465f-89cb-4402e726854a/sm/snapshot.1_14 time:27
2019-10-03 20:10:25,695 [e7718313-8120-41cd-8acc-e928bdef59c5@group-4402E726854A-StateMachineUpdater] INFO  impl.StateMachineUpdater (StateMachineUpdater.java:takeSnapshot(269)) - e7718313-8120-41cd-8acc-e928bdef59c5@group-4402E726854A-StateMachineUpdater: Took a snapshot at index 14
2019-10-03 20:10:25,695 [b6b7042a-ec65-4978-975f-2a155c42500f@group-4CD786C74E9C-StateMachineUpdater] INFO  impl.StateMachineUpdater (StateMachineUpdater.java:takeSnapshot(269)) - b6b7042a-ec65-4978-975f-2a155c42500f@group-4CD786C74E9C-StateMachineUpdater: Took a snapshot at index 14
2019-10-03 20:10:25,695 [e7718313-8120-41cd-8acc-e928bdef59c5@group-4402E726854A-StateMachineUpdater] INFO  impl.StateMachineUpdater (StateMachineUpdater.java:lambda$new$0(84)) - e7718313-8120-41cd-8acc-e928bdef59c5@group-4402E726854A-StateMachineUpdater: snapshotIndex: updateIncreasingly -1 -> 14
2019-10-03 20:10:25,695 [b6b7042a-ec65-4978-975f-2a155c42500f@group-4CD786C74E9C-StateMachineUpdater] INFO  impl.StateMachineUpdater (StateMachineUpdater.java:lambda$new$0(84)) - b6b7042a-ec65-4978-975f-2a155c42500f@group-4CD786C74E9C-StateMachineUpdater: snapshotIndex: updateIncreasingly -1 -> 14
2019-10-03 20:10:25,696 [e7718313-8120-41cd-8acc-e928bdef59c5@group-4402E726854A-StateMachineUpdater] INFO  ratis.ContainerStateMachine (ContainerStateMachine.java:takeSnapshot(293)) - group-4402E726854A: Taking a snapshot at:(t:1, i:14) file /workdir/hadoop-ozone/integration-test/target/test-dir/MiniOzoneClusterImpl-16e450bc-7d29-4cce-9510-730a56775e77/datanode-1/data/ratis/b304383e-c118-465f-89cb-4402e726854a/sm/snapshot.1_14
2019-10-03 20:10:25,696 [b6b7042a-ec65-4978-975f-2a155c42500f@group-4CD786C74E9C-StateMachineUpdater] INFO  ratis.ContainerStateMachine (ContainerStateMachine.java:takeSnapshot(293)) - group-4CD786C74E9C: Taking a snapshot at:(t:1, i:14) file /workdir/hadoop-ozone/integration-test/target/test-dir/MiniOzoneClusterImpl-16e450bc-7d29-4cce-9510-730a56775e77/datanode-4/data/ratis/86454b32-97eb-4355-b939-4cd786c74e9c/sm/snapshot.1_14
2019-10-03 20:10:25,720 [e7718313-8120-41cd-8acc-e928bdef59c5@group-4402E726854A-StateMachineUpdater] INFO  ratis.ContainerStateMachine (ContainerStateMachine.java:takeSnapshot(304)) - group-4402E726854A: Finished taking a snapshot at:(t:1, i:14) file:/workdir/hadoop-ozone/integration-test/target/test-dir/MiniOzoneClusterImpl-16e450bc-7d29-4cce-9510-730a56775e77/datanode-1/data/ratis/b304383e-c118-465f-89cb-4402e726854a/sm/snapshot.1_14 time:24
2019-10-03 20:10:25,720 [b6b7042a-ec65-4978-975f-2a155c42500f@group-4CD786C74E9C-StateMachineUpdater] INFO  ratis.ContainerStateMachine (ContainerStateMachine.java:takeSnapshot(304)) - group-4CD786C74E9C: Finished taking a snapshot at:(t:1, i:14) file:/workdir/hadoop-ozone/integration-test/target/test-dir/MiniOzoneClusterImpl-16e450bc-7d29-4cce-9510-730a56775e77/datanode-4/data/ratis/86454b32-97eb-4355-b939-4cd786c74e9c/sm/snapshot.1_14 time:24
2019-10-03 20:10:25,720 [e7718313-8120-41cd-8acc-e928bdef59c5@group-4402E726854A-StateMachineUpdater] INFO  impl.StateMachineUpdater (StateMachineUpdater.java:takeSnapshot(269)) - e7718313-8120-41cd-8acc-e928bdef59c5@group-4402E726854A-StateMachineUpdater: Took a snapshot at index 14
2019-10-03 20:10:25,720 [e7718313-8120-41cd-8acc-e928bdef59c5@group-4402E726854A-StateMachineUpdater] INFO  impl.StateMachineUpdater (StateMachineUpdater.java:lambda$new$0(84)) - e7718313-8120-41cd-8acc-e928bdef59c5@group-4402E726854A-StateMachineUpdater: snapshotIndex: updateIncreasingly 14 -> 14
2019-10-03 20:10:25,720 [b6b7042a-ec65-4978-975f-2a155c42500f@group-4CD786C74E9C-StateMachineUpdater] INFO  impl.StateMachineUpdater (StateMachineUpdater.java:takeSnapshot(269)) - b6b7042a-ec65-4978-975f-2a155c42500f@group-4CD786C74E9C-StateMachineUpdater: Took a snapshot at index 14
2019-10-03 20:10:25,720 [b6b7042a-ec65-4978-975f-2a155c42500f@group-4CD786C74E9C-StateMachineUpdater] INFO  impl.StateMachineUpdater (StateMachineUpdater.java:lambda$new$0(84)) - b6b7042a-ec65-4978-975f-2a155c42500f@group-4CD786C74E9C-StateMachineUpdater: snapshotIndex: updateIncreasingly 14 -> 14
2019-10-03 20:10:25,720 [ForkJoinPool.commonPool-worker-0] INFO  impl.RaftServerImpl (ServerState.java:close(387)) - e7718313-8120-41cd-8acc-e928bdef59c5@group-4402E726854A: closes. applyIndex: 18
2019-10-03 20:10:25,720 [main] INFO  impl.RaftServerImpl (ServerState.java:close(387)) - b6b7042a-ec65-4978-975f-2a155c42500f@group-4CD786C74E9C: closes. applyIndex: 16
2019-10-03 20:10:25,721 [e7718313-8120-41cd-8acc-e928bdef59c5@group-4402E726854A-SegmentedRaftLogWorker] INFO  segmented.SegmentedRaftLogWorker (SegmentedRaftLogWorker.java:run(316)) - e7718313-8120-41cd-8acc-e928bdef59c5@group-4402E726854A-SegmentedRaftLogWorker was interrupted, exiting. There are 0 tasks remaining in the queue.
2019-10-03 20:10:25,723 [b6b7042a-ec65-4978-975f-2a155c42500f@group-4CD786C74E9C-SegmentedRaftLogWorker] INFO  segmented.SegmentedRaftLogWorker (SegmentedRaftLogWorker.java:run(316)) - b6b7042a-ec65-4978-975f-2a155c42500f@group-4CD786C74E9C-SegmentedRaftLogWorker was interrupted, exiting. There are 0 tasks remaining in the queue.
2019-10-03 20:10:25,723 [ForkJoinPool.commonPool-worker-0] INFO  segmented.SegmentedRaftLogWorker (SegmentedRaftLogWorker.java:close(224)) - e7718313-8120-41cd-8acc-e928bdef59c5@group-4402E726854A-SegmentedRaftLogWorker close()
2019-10-03 20:10:25,726 [main] INFO  segmented.SegmentedRaftLogWorker (SegmentedRaftLogWorker.java:close(224)) - b6b7042a-ec65-4978-975f-2a155c42500f@group-4CD786C74E9C-SegmentedRaftLogWorker close()
2019-10-03 20:10:25,726 [ForkJoinPool.commonPool-worker-0] INFO  server.GrpcService (GrpcService.java:closeImpl(164)) - e7718313-8120-41cd-8acc-e928bdef59c5: shutdown server with port 43413 now
2019-10-03 20:10:25,729 [main] INFO  impl.RaftServerImpl (RaftServerImpl.java:lambda$shutdown$3(247)) - b6b7042a-ec65-4978-975f-2a155c42500f@group-3C8673E3015A: shutdown
2019-10-03 20:10:25,730 [main] INFO  util.JmxRegister (JmxRegister.java:unregister(73)) - Successfully un-registered JMX Bean with object name Ratis:service=RaftServer,group=group-3C8673E3015A,id=b6b7042a-ec65-4978-975f-2a155c42500f
2019-10-03 20:10:25,730 [main] INFO  impl.RoleInfo (RoleInfo.java:shutdownLeaderState(104)) - b6b7042a-ec65-4978-975f-2a155c42500f: shutdown LeaderState
2019-10-03 20:10:25,730 [main] INFO  impl.PendingRequests (PendingRequests.java:sendNotLeaderResponses(202)) - b6b7042a-ec65-4978-975f-2a155c42500f@group-3C8673E3015A-PendingRequests: sendNotLeaderResponses
2019-10-03 20:10:25,730 [ForkJoinPool.commonPool-worker-0] INFO  server.GrpcService (GrpcService.java:closeImpl(172)) - e7718313-8120-41cd-8acc-e928bdef59c5: shutdown server with port 43413 successfully
2019-10-03 20:10:25,731 [main] INFO  impl.StateMachineUpdater (StateMachineUpdater.java:stopAndJoin(136)) - b6b7042a-ec65-4978-975f-2a155c42500f@group-3C8673E3015A-StateMachineUpdater: set stopIndex = 0
2019-10-03 20:10:25,731 [main] INFO  impl.RaftServerImpl (ServerState.java:close(387)) - b6b7042a-ec65-4978-975f-2a155c42500f@group-3C8673E3015A: closes. applyIndex: 0
2019-10-03 20:10:25,732 [b6b7042a-ec65-4978-975f-2a155c42500f@group-3C8673E3015A-SegmentedRaftLogWorker] INFO  segmented.SegmentedRaftLogWorker (SegmentedRaftLogWorker.java:run(316)) - b6b7042a-ec65-4978-975f-2a155c42500f@group-3C8673E3015A-SegmentedRaftLogWorker was interrupted, exiting. There are 0 tasks remaining in the queue.
2019-10-03 20:10:25,734 [main] INFO  segmented.SegmentedRaftLogWorker (SegmentedRaftLogWorker.java:close(224)) - b6b7042a-ec65-4978-975f-2a155c42500f@group-3C8673E3015A-SegmentedRaftLogWorker close()
2019-10-03 20:10:25,737 [main] INFO  server.GrpcService (GrpcService.java:closeImpl(164)) - b6b7042a-ec65-4978-975f-2a155c42500f: shutdown server with port 40160 now
2019-10-03 20:10:25,739 [grpc-default-executor-13] WARN  server.GrpcServerProtocolService (LogUtils.java:warn(134)) - b6b7042a-ec65-4978-975f-2a155c42500f: installSnapshot onError, lastRequest: 6304382c-6a8e-48d1-8d6a-351f8b4f168f->b6b7042a-ec65-4978-975f-2a155c42500f#27-t1, previous=(t:1, i:16), leaderCommit=16, initializing? false, entries: <empty>: org.apache.ratis.thirdparty.io.grpc.StatusRuntimeException: CANCELLED: cancelled before receiving half close
2019-10-03 20:10:25,739 [grpc-default-executor-14] WARN  server.GrpcLogAppender (LogUtils.java:warn(134)) - 6304382c-6a8e-48d1-8d6a-351f8b4f168f@group-4CD786C74E9C->b6b7042a-ec65-4978-975f-2a155c42500f-AppendLogResponseHandler: Failed appendEntries: org.apache.ratis.thirdparty.io.grpc.StatusRuntimeException: CANCELLED: HTTP/2 error code: CANCEL
Received Rst Stream
2019-10-03 20:10:25,739 [main] INFO  server.GrpcService (GrpcService.java:closeImpl(172)) - b6b7042a-ec65-4978-975f-2a155c42500f: shutdown server with port 40160 successfully
2019-10-03 20:10:25,739 [refreshUsed-/workdir/hadoop-ozone/integration-test/target/test-dir/MiniOzoneClusterImpl-16e450bc-7d29-4cce-9510-730a56775e77/datanode-1/data/containers] WARN  fs.CachingGetSpaceUsed (CachingGetSpaceUsed.java:run(183)) - Thread Interrupted waiting to refresh disk information: sleep interrupted
2019-10-03 20:10:25,740 [grpc-default-executor-14] INFO  impl.FollowerInfo (FollowerInfo.java:lambda$new$0(51)) - 6304382c-6a8e-48d1-8d6a-351f8b4f168f@group-4CD786C74E9C->b6b7042a-ec65-4978-975f-2a155c42500f: nextIndex: updateUnconditionally 17 -> 16
2019-10-03 20:10:25,756 [refreshUsed-/workdir/hadoop-ozone/integration-test/target/test-dir/MiniOzoneClusterImpl-16e450bc-7d29-4cce-9510-730a56775e77/datanode-4/data/containers] WARN  fs.CachingGetSpaceUsed (CachingGetSpaceUsed.java:run(183)) - Thread Interrupted waiting to refresh disk information: sleep interrupted
2019-10-03 20:10:25,769 [main] INFO  utils.BackgroundService (BackgroundService.java:shutdown(148)) - Shutting down service BlockDeletingService
2019-10-03 20:10:25,773 [main] INFO  statemachine.DatanodeStateMachine (DatanodeStateMachine.java:stopDaemon(395)) - Ozone container server stopped.
2019-10-03 20:10:25,774 [main] INFO  handler.ContextHandler (ContextHandler.java:doStop(910)) - Stopped o.e.j.w.WebAppContext@4703c998{/,null,UNAVAILABLE}{/hddsDatanode}
2019-10-03 20:10:25,775 [main] INFO  server.AbstractConnector (AbstractConnector.java:doStop(318)) - Stopped ServerConnector@71166348{HTTP/1.1,[http/1.1]}{0.0.0.0:0}
2019-10-03 20:10:25,776 [ForkJoinPool.commonPool-worker-0] INFO  utils.BackgroundService (BackgroundService.java:shutdown(148)) - Shutting down service BlockDeletingService
2019-10-03 20:10:25,776 [main] INFO  handler.ContextHandler (ContextHandler.java:doStop(910)) - Stopped o.e.j.s.ServletContextHandler@56cfe6be{/static,jar:file:/home/user/.m2/repository/org/apache/hadoop/hadoop-hdds-container-service/0.5.0-SNAPSHOT/hadoop-hdds-container-service-0.5.0-SNAPSHOT.jar!/webapps/static,UNAVAILABLE}
2019-10-03 20:10:25,777 [main] INFO  handler.ContextHandler (ContextHandler.java:doStop(910)) - Stopped o.e.j.s.ServletContextHandler@342beaf6{/logs,file:///workdir/hadoop-ozone/integration-test/target/log,UNAVAILABLE}
2019-10-03 20:10:25,779 [ForkJoinPool.commonPool-worker-0] INFO  statemachine.DatanodeStateMachine (DatanodeStateMachine.java:stopDaemon(395)) - Ozone container server stopped.
2019-10-03 20:10:25,783 [ForkJoinPool.commonPool-worker-0] INFO  handler.ContextHandler (ContextHandler.java:doStop(910)) - Stopped o.e.j.w.WebAppContext@3e43f049{/,null,UNAVAILABLE}{/hddsDatanode}
2019-10-03 20:10:25,784 [ForkJoinPool.commonPool-worker-0] INFO  server.AbstractConnector (AbstractConnector.java:doStop(318)) - Stopped ServerConnector@147cc940{HTTP/1.1,[http/1.1]}{0.0.0.0:0}
2019-10-03 20:10:25,785 [ForkJoinPool.commonPool-worker-0] INFO  handler.ContextHandler (ContextHandler.java:doStop(910)) - Stopped o.e.j.s.ServletContextHandler@34c76167{/static,jar:file:/home/user/.m2/repository/org/apache/hadoop/hadoop-hdds-container-service/0.5.0-SNAPSHOT/hadoop-hdds-container-service-0.5.0-SNAPSHOT.jar!/webapps/static,UNAVAILABLE}
2019-10-03 20:10:25,787 [ForkJoinPool.commonPool-worker-0] INFO  handler.ContextHandler (ContextHandler.java:doStop(910)) - Stopped o.e.j.s.ServletContextHandler@723742b2{/logs,file:///workdir/hadoop-ozone/integration-test/target/log,UNAVAILABLE}
2019-10-03 20:10:26,273 [Datanode State Machine Thread - 0] INFO  statemachine.DatanodeStateMachine (DatanodeStateMachine.java:lambda$startDaemon$0(350)) - Ozone container server started.
2019-10-03 20:10:26,273 [Datanode State Machine Thread - 0] INFO  statemachine.DatanodeStateMachine (DatanodeStateMachine.java:lambda$startDaemon$0(350)) - Ozone container server started.
2019-10-03 20:10:28,126 [grpc-default-executor-13] WARN  server.GrpcLogAppender (LogUtils.java:warn(134)) - 6304382c-6a8e-48d1-8d6a-351f8b4f168f@group-4CD786C74E9C->b6b7042a-ec65-4978-975f-2a155c42500f-AppendLogResponseHandler: Failed appendEntries: org.apache.ratis.thirdparty.io.grpc.StatusRuntimeException: UNAVAILABLE: io exception
2019-10-03 20:10:28,127 [grpc-default-executor-13] INFO  impl.FollowerInfo (FollowerInfo.java:lambda$new$0(51)) - 6304382c-6a8e-48d1-8d6a-351f8b4f168f@group-4CD786C74E9C->b6b7042a-ec65-4978-975f-2a155c42500f: nextIndex: updateUnconditionally 16 -> 15
2019-10-03 20:10:30,298 [EventQueue-StaleNodeForStaleNodeHandler] INFO  node.StaleNodeHandler (StaleNodeHandler.java:onMessage(58)) - Datanode 6304382c-6a8e-48d1-8d6a-351f8b4f168f{ip: 192.168.30.7, host: pr-hdds-2230-vt4bl-2581040744, networkLocation: /default-rack, certSerialId: null} moved to stale state. Finalizing its pipelines [PipelineID=24e49a9d-efdb-45c9-932c-737bd6be76c4, PipelineID=86454b32-97eb-4355-b939-4cd786c74e9c]
2019-10-03 20:10:30,299 [EventQueue-StaleNodeForStaleNodeHandler] INFO  pipeline.SCMPipelineManager (SCMPipelineManager.java:finalizeAndDestroyPipeline(315)) - destroying pipeline:Pipeline[ Id: 24e49a9d-efdb-45c9-932c-737bd6be76c4, Nodes: 6304382c-6a8e-48d1-8d6a-351f8b4f168f{ip: 192.168.30.7, host: pr-hdds-2230-vt4bl-2581040744, networkLocation: /default-rack, certSerialId: null}, Type:RATIS, Factor:ONE, State:OPEN]
2019-10-03 20:10:30,299 [EventQueue-StaleNodeForStaleNodeHandler] INFO  pipeline.PipelineStateManager (PipelineStateManager.java:finalizePipeline(123)) - Pipeline Pipeline[ Id: 24e49a9d-efdb-45c9-932c-737bd6be76c4, Nodes: 6304382c-6a8e-48d1-8d6a-351f8b4f168f{ip: 192.168.30.7, host: pr-hdds-2230-vt4bl-2581040744, networkLocation: /default-rack, certSerialId: null}, Type:RATIS, Factor:ONE, State:CLOSED] moved to CLOSED state
2019-10-03 20:10:30,299 [EventQueue-StaleNodeForStaleNodeHandler] INFO  pipeline.SCMPipelineManager (SCMPipelineManager.java:finalizeAndDestroyPipeline(315)) - destroying pipeline:Pipeline[ Id: 86454b32-97eb-4355-b939-4cd786c74e9c, Nodes: 6304382c-6a8e-48d1-8d6a-351f8b4f168f{ip: 192.168.30.7, host: pr-hdds-2230-vt4bl-2581040744, networkLocation: /default-rack, certSerialId: null}4a355be9-49a6-46bb-9525-54ce14c2d0bc{ip: 192.168.30.7, host: pr-hdds-2230-vt4bl-2581040744, networkLocation: /default-rack, certSerialId: null}b6b7042a-ec65-4978-975f-2a155c42500f{ip: 192.168.30.7, host: pr-hdds-2230-vt4bl-2581040744, networkLocation: /default-rack, certSerialId: null}, Type:RATIS, Factor:THREE, State:CLOSED]
2019-10-03 20:10:30,299 [EventQueue-StaleNodeForStaleNodeHandler] INFO  node.StaleNodeHandler (StaleNodeHandler.java:onMessage(58)) - Datanode 4a355be9-49a6-46bb-9525-54ce14c2d0bc{ip: 192.168.30.7, host: pr-hdds-2230-vt4bl-2581040744, networkLocation: /default-rack, certSerialId: null} moved to stale state. Finalizing its pipelines [PipelineID=2f3bed5f-5d4d-468c-ac7f-2c5f1d57b3f1, PipelineID=86454b32-97eb-4355-b939-4cd786c74e9c]
2019-10-03 20:10:30,299 [EventQueue-StaleNodeForStaleNodeHandler] INFO  pipeline.SCMPipelineManager (SCMPipelineManager.java:finalizeAndDestroyPipeline(315)) - destroying pipeline:Pipeline[ Id: 2f3bed5f-5d4d-468c-ac7f-2c5f1d57b3f1, Nodes: 4a355be9-49a6-46bb-9525-54ce14c2d0bc{ip: 192.168.30.7, host: pr-hdds-2230-vt4bl-2581040744, networkLocation: /default-rack, certSerialId: null}, Type:RATIS, Factor:ONE, State:OPEN]
2019-10-03 20:10:30,300 [EventQueue-StaleNodeForStaleNodeHandler] INFO  pipeline.PipelineStateManager (PipelineStateManager.java:finalizePipeline(123)) - Pipeline Pipeline[ Id: 2f3bed5f-5d4d-468c-ac7f-2c5f1d57b3f1, Nodes: 4a355be9-49a6-46bb-9525-54ce14c2d0bc{ip: 192.168.30.7, host: pr-hdds-2230-vt4bl-2581040744, networkLocation: /default-rack, certSerialId: null}, Type:RATIS, Factor:ONE, State:CLOSED] moved to CLOSED state
2019-10-03 20:10:30,300 [EventQueue-StaleNodeForStaleNodeHandler] INFO  pipeline.SCMPipelineManager (SCMPipelineManager.java:finalizeAndDestroyPipeline(315)) - destroying pipeline:Pipeline[ Id: 86454b32-97eb-4355-b939-4cd786c74e9c, Nodes: 6304382c-6a8e-48d1-8d6a-351f8b4f168f{ip: 192.168.30.7, host: pr-hdds-2230-vt4bl-2581040744, networkLocation: /default-rack, certSerialId: null}4a355be9-49a6-46bb-9525-54ce14c2d0bc{ip: 192.168.30.7, host: pr-hdds-2230-vt4bl-2581040744, networkLocation: /default-rack, certSerialId: null}b6b7042a-ec65-4978-975f-2a155c42500f{ip: 192.168.30.7, host: pr-hdds-2230-vt4bl-2581040744, networkLocation: /default-rack, certSerialId: null}, Type:RATIS, Factor:THREE, State:CLOSED]
2019-10-03 20:10:30,627 [grpc-default-executor-13] WARN  server.GrpcLogAppender (LogUtils.java:warn(134)) - 6304382c-6a8e-48d1-8d6a-351f8b4f168f@group-4CD786C74E9C->b6b7042a-ec65-4978-975f-2a155c42500f-AppendLogResponseHandler: Failed appendEntries: org.apache.ratis.thirdparty.io.grpc.StatusRuntimeException: UNAVAILABLE: io exception
2019-10-03 20:10:30,629 [grpc-default-executor-13] INFO  impl.FollowerInfo (FollowerInfo.java:lambda$new$0(51)) - 6304382c-6a8e-48d1-8d6a-351f8b4f168f@group-4CD786C74E9C->b6b7042a-ec65-4978-975f-2a155c42500f: nextIndex: updateUnconditionally 15 -> 14
2019-10-03 20:10:30,784 [main] INFO  ozoneimpl.OzoneContainer (OzoneContainer.java:stop(231)) - Attempting to stop container services.
2019-10-03 20:10:30,786 [main] INFO  impl.RaftServerProxy (RaftServerProxy.java:lambda$close$4(314)) - 6304382c-6a8e-48d1-8d6a-351f8b4f168f: close
2019-10-03 20:10:30,787 [main] INFO  impl.RaftServerImpl (RaftServerImpl.java:lambda$shutdown$3(247)) - 6304382c-6a8e-48d1-8d6a-351f8b4f168f@group-737BD6BE76C4: shutdown
2019-10-03 20:10:30,787 [main] INFO  util.JmxRegister (JmxRegister.java:unregister(73)) - Successfully un-registered JMX Bean with object name Ratis:service=RaftServer,group=group-737BD6BE76C4,id=6304382c-6a8e-48d1-8d6a-351f8b4f168f
2019-10-03 20:10:30,787 [main] INFO  impl.RoleInfo (RoleInfo.java:shutdownLeaderState(104)) - 6304382c-6a8e-48d1-8d6a-351f8b4f168f: shutdown LeaderState
2019-10-03 20:10:30,788 [main] INFO  impl.PendingRequests (PendingRequests.java:sendNotLeaderResponses(202)) - 6304382c-6a8e-48d1-8d6a-351f8b4f168f@group-737BD6BE76C4-PendingRequests: sendNotLeaderResponses
2019-10-03 20:10:30,788 [ForkJoinPool.commonPool-worker-0] INFO  ozoneimpl.OzoneContainer (OzoneContainer.java:stop(231)) - Attempting to stop container services.
2019-10-03 20:10:30,788 [main] INFO  impl.StateMachineUpdater (StateMachineUpdater.java:stopAndJoin(136)) - 6304382c-6a8e-48d1-8d6a-351f8b4f168f@group-737BD6BE76C4-StateMachineUpdater: set stopIndex = 0
2019-10-03 20:10:30,788 [ForkJoinPool.commonPool-worker-0] INFO  impl.RaftServerProxy (RaftServerProxy.java:lambda$close$4(314)) - 4a355be9-49a6-46bb-9525-54ce14c2d0bc: close
2019-10-03 20:10:30,789 [main] INFO  impl.RaftServerImpl (ServerState.java:close(387)) - 6304382c-6a8e-48d1-8d6a-351f8b4f168f@group-737BD6BE76C4: closes. applyIndex: 0
2019-10-03 20:10:30,789 [ForkJoinPool.commonPool-worker-0] INFO  impl.RaftServerImpl (RaftServerImpl.java:lambda$shutdown$3(247)) - 4a355be9-49a6-46bb-9525-54ce14c2d0bc@group-2C5F1D57B3F1: shutdown
2019-10-03 20:10:30,789 [6304382c-6a8e-48d1-8d6a-351f8b4f168f@group-737BD6BE76C4-SegmentedRaftLogWorker] INFO  segmented.SegmentedRaftLogWorker (SegmentedRaftLogWorker.java:run(316)) - 6304382c-6a8e-48d1-8d6a-351f8b4f168f@group-737BD6BE76C4-SegmentedRaftLogWorker was interrupted, exiting. There are 0 tasks remaining in the queue.
2019-10-03 20:10:30,789 [ForkJoinPool.commonPool-worker-0] INFO  util.JmxRegister (JmxRegister.java:unregister(73)) - Successfully un-registered JMX Bean with object name Ratis:service=RaftServer,group=group-2C5F1D57B3F1,id=4a355be9-49a6-46bb-9525-54ce14c2d0bc
2019-10-03 20:10:30,791 [main] INFO  segmented.SegmentedRaftLogWorker (SegmentedRaftLogWorker.java:close(224)) - 6304382c-6a8e-48d1-8d6a-351f8b4f168f@group-737BD6BE76C4-SegmentedRaftLogWorker close()
2019-10-03 20:10:30,791 [ForkJoinPool.commonPool-worker-0] INFO  impl.RoleInfo (RoleInfo.java:shutdownLeaderState(104)) - 4a355be9-49a6-46bb-9525-54ce14c2d0bc: shutdown LeaderState
2019-10-03 20:10:30,794 [main] INFO  impl.RaftServerImpl (RaftServerImpl.java:lambda$shutdown$3(247)) - 6304382c-6a8e-48d1-8d6a-351f8b4f168f@group-4CD786C74E9C: shutdown
2019-10-03 20:10:30,794 [ForkJoinPool.commonPool-worker-0] INFO  impl.PendingRequests (PendingRequests.java:sendNotLeaderResponses(202)) - 4a355be9-49a6-46bb-9525-54ce14c2d0bc@group-2C5F1D57B3F1-PendingRequests: sendNotLeaderResponses
2019-10-03 20:10:30,794 [main] INFO  util.JmxRegister (JmxRegister.java:unregister(73)) - Successfully un-registered JMX Bean with object name Ratis:service=RaftServer,group=group-4CD786C74E9C,id=6304382c-6a8e-48d1-8d6a-351f8b4f168f
2019-10-03 20:10:30,794 [ForkJoinPool.commonPool-worker-0] INFO  impl.StateMachineUpdater (StateMachineUpdater.java:stopAndJoin(136)) - 4a355be9-49a6-46bb-9525-54ce14c2d0bc@group-2C5F1D57B3F1-StateMachineUpdater: set stopIndex = 0
2019-10-03 20:10:30,795 [main] INFO  impl.RoleInfo (RoleInfo.java:shutdownLeaderState(104)) - 6304382c-6a8e-48d1-8d6a-351f8b4f168f: shutdown LeaderState
2019-10-03 20:10:30,795 [ForkJoinPool.commonPool-worker-0] INFO  impl.RaftServerImpl (ServerState.java:close(387)) - 4a355be9-49a6-46bb-9525-54ce14c2d0bc@group-2C5F1D57B3F1: closes. applyIndex: 0
2019-10-03 20:10:30,798 [org.apache.ratis.server.impl.LogAppender$AppenderDaemon$$Lambda$528/1283095084@58ab437c] WARN  server.GrpcLogAppender (GrpcLogAppender.java:mayWait(143)) - 6304382c-6a8e-48d1-8d6a-351f8b4f168f@group-4CD786C74E9C->4a355be9-49a6-46bb-9525-54ce14c2d0bc-GrpcLogAppender: Wait interrupted by java.lang.InterruptedException
2019-10-03 20:10:30,798 [org.apache.ratis.server.impl.LogAppender$AppenderDaemon$$Lambda$528/1283095084@de80c8e] WARN  server.GrpcLogAppender (GrpcLogAppender.java:mayWait(143)) - 6304382c-6a8e-48d1-8d6a-351f8b4f168f@group-4CD786C74E9C->b6b7042a-ec65-4978-975f-2a155c42500f-GrpcLogAppender: Wait interrupted by java.lang.InterruptedException
2019-10-03 20:10:30,798 [main] INFO  impl.PendingRequests (PendingRequests.java:sendNotLeaderResponses(202)) - 6304382c-6a8e-48d1-8d6a-351f8b4f168f@group-4CD786C74E9C-PendingRequests: sendNotLeaderResponses
2019-10-03 20:10:30,798 [grpc-default-executor-13] INFO  server.GrpcServerProtocolService (GrpcServerProtocolService.java:onCompleted(113)) - 4a355be9-49a6-46bb-9525-54ce14c2d0bc: Completed APPEND_ENTRIES, lastRequest: 6304382c-6a8e-48d1-8d6a-351f8b4f168f->4a355be9-49a6-46bb-9525-54ce14c2d0bc#29-t1, previous=(t:1, i:16), leaderCommit=16, initializing? false, entries: <empty>
2019-10-03 20:10:30,798 [4a355be9-49a6-46bb-9525-54ce14c2d0bc@group-2C5F1D57B3F1-SegmentedRaftLogWorker] INFO  segmented.SegmentedRaftLogWorker (SegmentedRaftLogWorker.java:run(316)) - 4a355be9-49a6-46bb-9525-54ce14c2d0bc@group-2C5F1D57B3F1-SegmentedRaftLogWorker was interrupted, exiting. There are 0 tasks remaining in the queue.
2019-10-03 20:10:30,801 [main] INFO  impl.StateMachineUpdater (StateMachineUpdater.java:stopAndJoin(136)) - 6304382c-6a8e-48d1-8d6a-351f8b4f168f@group-4CD786C74E9C-StateMachineUpdater: set stopIndex = 16
2019-10-03 20:10:30,803 [grpc-default-executor-13] INFO  server.GrpcLogAppender (GrpcLogAppender.java:onCompleted(293)) - 6304382c-6a8e-48d1-8d6a-351f8b4f168f@group-4CD786C74E9C->4a355be9-49a6-46bb-9525-54ce14c2d0bc-AppendLogResponseHandler: follower responses appendEntries COMPLETED
2019-10-03 20:10:30,803 [6304382c-6a8e-48d1-8d6a-351f8b4f168f@group-4CD786C74E9C-StateMachineUpdater] INFO  ratis.ContainerStateMachine (ContainerStateMachine.java:takeSnapshot(293)) - group-4CD786C74E9C: Taking a snapshot at:(t:1, i:14) file /workdir/hadoop-ozone/integration-test/target/test-dir/MiniOzoneClusterImpl-16e450bc-7d29-4cce-9510-730a56775e77/datanode-6/data/ratis/86454b32-97eb-4355-b939-4cd786c74e9c/sm/snapshot.1_14
2019-10-03 20:10:30,803 [ForkJoinPool.commonPool-worker-0] INFO  segmented.SegmentedRaftLogWorker (SegmentedRaftLogWorker.java:close(224)) - 4a355be9-49a6-46bb-9525-54ce14c2d0bc@group-2C5F1D57B3F1-SegmentedRaftLogWorker close()
2019-10-03 20:10:30,803 [grpc-default-executor-13] INFO  impl.FollowerInfo (FollowerInfo.java:lambda$new$0(51)) - 6304382c-6a8e-48d1-8d6a-351f8b4f168f@group-4CD786C74E9C->4a355be9-49a6-46bb-9525-54ce14c2d0bc: nextIndex: updateUnconditionally 17 -> 16
2019-10-03 20:10:30,806 [ForkJoinPool.commonPool-worker-0] INFO  impl.RaftServerImpl (RaftServerImpl.java:lambda$shutdown$3(247)) - 4a355be9-49a6-46bb-9525-54ce14c2d0bc@group-4CD786C74E9C: shutdown
2019-10-03 20:10:30,806 [ForkJoinPool.commonPool-worker-0] INFO  util.JmxRegister (JmxRegister.java:unregister(73)) - Successfully un-registered JMX Bean with object name Ratis:service=RaftServer,group=group-4CD786C74E9C,id=4a355be9-49a6-46bb-9525-54ce14c2d0bc
2019-10-03 20:10:30,806 [ForkJoinPool.commonPool-worker-0] INFO  impl.RoleInfo (RoleInfo.java:shutdownFollowerState(121)) - 4a355be9-49a6-46bb-9525-54ce14c2d0bc: shutdown FollowerState
2019-10-03 20:10:30,807 [ForkJoinPool.commonPool-worker-0] INFO  impl.StateMachineUpdater (StateMachineUpdater.java:stopAndJoin(136)) - 4a355be9-49a6-46bb-9525-54ce14c2d0bc@group-4CD786C74E9C-StateMachineUpdater: set stopIndex = 16
2019-10-03 20:10:30,807 [4a355be9-49a6-46bb-9525-54ce14c2d0bc@group-4CD786C74E9C-StateMachineUpdater] INFO  ratis.ContainerStateMachine (ContainerStateMachine.java:takeSnapshot(293)) - group-4CD786C74E9C: Taking a snapshot at:(t:1, i:14) file /workdir/hadoop-ozone/integration-test/target/test-dir/MiniOzoneClusterImpl-16e450bc-7d29-4cce-9510-730a56775e77/datanode-2/data/ratis/86454b32-97eb-4355-b939-4cd786c74e9c/sm/snapshot.1_14
2019-10-03 20:10:30,807 [Thread-3172] INFO  impl.FollowerState (FollowerState.java:run(117)) - 4a355be9-49a6-46bb-9525-54ce14c2d0bc@group-4CD786C74E9C-FollowerState was interrupted: java.lang.InterruptedException: sleep interrupted
2019-10-03 20:10:30,830 [6304382c-6a8e-48d1-8d6a-351f8b4f168f@group-4CD786C74E9C-StateMachineUpdater] INFO  ratis.ContainerStateMachine (ContainerStateMachine.java:takeSnapshot(304)) - group-4CD786C74E9C: Finished taking a snapshot at:(t:1, i:14) file:/workdir/hadoop-ozone/integration-test/target/test-dir/MiniOzoneClusterImpl-16e450bc-7d29-4cce-9510-730a56775e77/datanode-6/data/ratis/86454b32-97eb-4355-b939-4cd786c74e9c/sm/snapshot.1_14 time:27
2019-10-03 20:10:30,830 [4a355be9-49a6-46bb-9525-54ce14c2d0bc@group-4CD786C74E9C-StateMachineUpdater] INFO  ratis.ContainerStateMachine (ContainerStateMachine.java:takeSnapshot(304)) - group-4CD786C74E9C: Finished taking a snapshot at:(t:1, i:14) file:/workdir/hadoop-ozone/integration-test/target/test-dir/MiniOzoneClusterImpl-16e450bc-7d29-4cce-9510-730a56775e77/datanode-2/data/ratis/86454b32-97eb-4355-b939-4cd786c74e9c/sm/snapshot.1_14 time:23
2019-10-03 20:10:30,830 [6304382c-6a8e-48d1-8d6a-351f8b4f168f@group-4CD786C74E9C-StateMachineUpdater] INFO  impl.StateMachineUpdater (StateMachineUpdater.java:takeSnapshot(269)) - 6304382c-6a8e-48d1-8d6a-351f8b4f168f@group-4CD786C74E9C-StateMachineUpdater: Took a snapshot at index 14
2019-10-03 20:10:30,830 [6304382c-6a8e-48d1-8d6a-351f8b4f168f@group-4CD786C74E9C-StateMachineUpdater] INFO  impl.StateMachineUpdater (StateMachineUpdater.java:lambda$new$0(84)) - 6304382c-6a8e-48d1-8d6a-351f8b4f168f@group-4CD786C74E9C-StateMachineUpdater: snapshotIndex: updateIncreasingly -1 -> 14
2019-10-03 20:10:30,830 [4a355be9-49a6-46bb-9525-54ce14c2d0bc@group-4CD786C74E9C-StateMachineUpdater] INFO  impl.StateMachineUpdater (StateMachineUpdater.java:takeSnapshot(269)) - 4a355be9-49a6-46bb-9525-54ce14c2d0bc@group-4CD786C74E9C-StateMachineUpdater: Took a snapshot at index 14
2019-10-03 20:10:30,830 [4a355be9-49a6-46bb-9525-54ce14c2d0bc@group-4CD786C74E9C-StateMachineUpdater] INFO  impl.StateMachineUpdater (StateMachineUpdater.java:lambda$new$0(84)) - 4a355be9-49a6-46bb-9525-54ce14c2d0bc@group-4CD786C74E9C-StateMachineUpdater: snapshotIndex: updateIncreasingly -1 -> 14
2019-10-03 20:10:30,830 [6304382c-6a8e-48d1-8d6a-351f8b4f168f@group-4CD786C74E9C-StateMachineUpdater] INFO  ratis.ContainerStateMachine (ContainerStateMachine.java:takeSnapshot(293)) - group-4CD786C74E9C: Taking a snapshot at:(t:1, i:14) file /workdir/hadoop-ozone/integration-test/target/test-dir/MiniOzoneClusterImpl-16e450bc-7d29-4cce-9510-730a56775e77/datanode-6/data/ratis/86454b32-97eb-4355-b939-4cd786c74e9c/sm/snapshot.1_14
2019-10-03 20:10:30,830 [4a355be9-49a6-46bb-9525-54ce14c2d0bc@group-4CD786C74E9C-StateMachineUpdater] INFO  ratis.ContainerStateMachine (ContainerStateMachine.java:takeSnapshot(293)) - group-4CD786C74E9C: Taking a snapshot at:(t:1, i:14) file /workdir/hadoop-ozone/integration-test/target/test-dir/MiniOzoneClusterImpl-16e450bc-7d29-4cce-9510-730a56775e77/datanode-2/data/ratis/86454b32-97eb-4355-b939-4cd786c74e9c/sm/snapshot.1_14
2019-10-03 20:10:30,853 [4a355be9-49a6-46bb-9525-54ce14c2d0bc@group-4CD786C74E9C-StateMachineUpdater] INFO  ratis.ContainerStateMachine (ContainerStateMachine.java:takeSnapshot(304)) - group-4CD786C74E9C: Finished taking a snapshot at:(t:1, i:14) file:/workdir/hadoop-ozone/integration-test/target/test-dir/MiniOzoneClusterImpl-16e450bc-7d29-4cce-9510-730a56775e77/datanode-2/data/ratis/86454b32-97eb-4355-b939-4cd786c74e9c/sm/snapshot.1_14 time:23
2019-10-03 20:10:30,853 [6304382c-6a8e-48d1-8d6a-351f8b4f168f@group-4CD786C74E9C-StateMachineUpdater] INFO  ratis.ContainerStateMachine (ContainerStateMachine.java:takeSnapshot(304)) - group-4CD786C74E9C: Finished taking a snapshot at:(t:1, i:14) file:/workdir/hadoop-ozone/integration-test/target/test-dir/MiniOzoneClusterImpl-16e450bc-7d29-4cce-9510-730a56775e77/datanode-6/data/ratis/86454b32-97eb-4355-b939-4cd786c74e9c/sm/snapshot.1_14 time:23
2019-10-03 20:10:30,853 [4a355be9-49a6-46bb-9525-54ce14c2d0bc@group-4CD786C74E9C-StateMachineUpdater] INFO  impl.StateMachineUpdater (StateMachineUpdater.java:takeSnapshot(269)) - 4a355be9-49a6-46bb-9525-54ce14c2d0bc@group-4CD786C74E9C-StateMachineUpdater: Took a snapshot at index 14
2019-10-03 20:10:30,853 [4a355be9-49a6-46bb-9525-54ce14c2d0bc@group-4CD786C74E9C-StateMachineUpdater] INFO  impl.StateMachineUpdater (StateMachineUpdater.java:lambda$new$0(84)) - 4a355be9-49a6-46bb-9525-54ce14c2d0bc@group-4CD786C74E9C-StateMachineUpdater: snapshotIndex: updateIncreasingly 14 -> 14
2019-10-03 20:10:30,853 [6304382c-6a8e-48d1-8d6a-351f8b4f168f@group-4CD786C74E9C-StateMachineUpdater] INFO  impl.StateMachineUpdater (StateMachineUpdater.java:takeSnapshot(269)) - 6304382c-6a8e-48d1-8d6a-351f8b4f168f@group-4CD786C74E9C-StateMachineUpdater: Took a snapshot at index 14
2019-10-03 20:10:30,853 [6304382c-6a8e-48d1-8d6a-351f8b4f168f@group-4CD786C74E9C-StateMachineUpdater] INFO  impl.StateMachineUpdater (StateMachineUpdater.java:lambda$new$0(84)) - 6304382c-6a8e-48d1-8d6a-351f8b4f168f@group-4CD786C74E9C-StateMachineUpdater: snapshotIndex: updateIncreasingly 14 -> 14
2019-10-03 20:10:30,853 [ForkJoinPool.commonPool-worker-0] INFO  impl.RaftServerImpl (ServerState.java:close(387)) - 4a355be9-49a6-46bb-9525-54ce14c2d0bc@group-4CD786C74E9C: closes. applyIndex: 16
2019-10-03 20:10:30,854 [main] INFO  impl.RaftServerImpl (ServerState.java:close(387)) - 6304382c-6a8e-48d1-8d6a-351f8b4f168f@group-4CD786C74E9C: closes. applyIndex: 16
2019-10-03 20:10:30,854 [4a355be9-49a6-46bb-9525-54ce14c2d0bc@group-4CD786C74E9C-SegmentedRaftLogWorker] INFO  segmented.SegmentedRaftLogWorker (SegmentedRaftLogWorker.java:run(316)) - 4a355be9-49a6-46bb-9525-54ce14c2d0bc@group-4CD786C74E9C-SegmentedRaftLogWorker was interrupted, exiting. There are 0 tasks remaining in the queue.
2019-10-03 20:10:30,854 [6304382c-6a8e-48d1-8d6a-351f8b4f168f@group-4CD786C74E9C-SegmentedRaftLogWorker] INFO  segmented.SegmentedRaftLogWorker (SegmentedRaftLogWorker.java:run(316)) - 6304382c-6a8e-48d1-8d6a-351f8b4f168f@group-4CD786C74E9C-SegmentedRaftLogWorker was interrupted, exiting. There are 0 tasks remaining in the queue.
2019-10-03 20:10:30,856 [ForkJoinPool.commonPool-worker-0] INFO  segmented.SegmentedRaftLogWorker (SegmentedRaftLogWorker.java:close(224)) - 4a355be9-49a6-46bb-9525-54ce14c2d0bc@group-4CD786C74E9C-SegmentedRaftLogWorker close()
2019-10-03 20:10:30,858 [main] INFO  segmented.SegmentedRaftLogWorker (SegmentedRaftLogWorker.java:close(224)) - 6304382c-6a8e-48d1-8d6a-351f8b4f168f@group-4CD786C74E9C-SegmentedRaftLogWorker close()
2019-10-03 20:10:30,860 [ForkJoinPool.commonPool-worker-0] INFO  server.GrpcService (GrpcService.java:closeImpl(164)) - 4a355be9-49a6-46bb-9525-54ce14c2d0bc: shutdown server with port 34819 now
2019-10-03 20:10:30,862 [main] INFO  server.GrpcService (GrpcService.java:closeImpl(164)) - 6304382c-6a8e-48d1-8d6a-351f8b4f168f: shutdown server with port 44479 now
2019-10-03 20:10:30,862 [ForkJoinPool.commonPool-worker-0] INFO  server.GrpcService (GrpcService.java:closeImpl(172)) - 4a355be9-49a6-46bb-9525-54ce14c2d0bc: shutdown server with port 34819 successfully
2019-10-03 20:10:30,863 [grpc-default-executor-14] WARN  client.GrpcClientProtocolService (LogUtils.java:warn(134)) - 1-UnorderedRequestStreamObserver1: onError: org.apache.ratis.thirdparty.io.grpc.StatusRuntimeException: CANCELLED: cancelled before receiving half close
2019-10-03 20:10:30,863 [main] INFO  server.GrpcService (GrpcService.java:closeImpl(172)) - 6304382c-6a8e-48d1-8d6a-351f8b4f168f: shutdown server with port 44479 successfully
2019-10-03 20:10:30,864 [refreshUsed-/workdir/hadoop-ozone/integration-test/target/test-dir/MiniOzoneClusterImpl-16e450bc-7d29-4cce-9510-730a56775e77/datanode-2/data/containers] WARN  fs.CachingGetSpaceUsed (CachingGetSpaceUsed.java:run(183)) - Thread Interrupted waiting to refresh disk information: sleep interrupted
2019-10-03 20:10:30,867 [refreshUsed-/workdir/hadoop-ozone/integration-test/target/test-dir/MiniOzoneClusterImpl-16e450bc-7d29-4cce-9510-730a56775e77/datanode-6/data/containers] WARN  fs.CachingGetSpaceUsed (CachingGetSpaceUsed.java:run(183)) - Thread Interrupted waiting to refresh disk information: sleep interrupted
2019-10-03 20:10:30,877 [ForkJoinPool.commonPool-worker-0] INFO  utils.BackgroundService (BackgroundService.java:shutdown(148)) - Shutting down service BlockDeletingService
2019-10-03 20:10:30,880 [ForkJoinPool.commonPool-worker-0] INFO  statemachine.DatanodeStateMachine (DatanodeStateMachine.java:stopDaemon(395)) - Ozone container server stopped.
2019-10-03 20:10:30,883 [ForkJoinPool.commonPool-worker-0] INFO  handler.ContextHandler (ContextHandler.java:doStop(910)) - Stopped o.e.j.w.WebAppContext@4c4c7d6c{/,null,UNAVAILABLE}{/hddsDatanode}
2019-10-03 20:10:30,884 [ForkJoinPool.commonPool-worker-0] INFO  server.AbstractConnector (AbstractConnector.java:doStop(318)) - Stopped ServerConnector@7f0766ef{HTTP/1.1,[http/1.1]}{0.0.0.0:0}
2019-10-03 20:10:30,885 [ForkJoinPool.commonPool-worker-0] INFO  handler.ContextHandler (ContextHandler.java:doStop(910)) - Stopped o.e.j.s.ServletContextHandler@125f16b2{/static,jar:file:/home/user/.m2/repository/org/apache/hadoop/hadoop-hdds-container-service/0.5.0-SNAPSHOT/hadoop-hdds-container-service-0.5.0-SNAPSHOT.jar!/webapps/static,UNAVAILABLE}
2019-10-03 20:10:30,886 [ForkJoinPool.commonPool-worker-0] INFO  handler.ContextHandler (ContextHandler.java:doStop(910)) - Stopped o.e.j.s.ServletContextHandler@26b3c9a2{/logs,file:///workdir/hadoop-ozone/integration-test/target/log,UNAVAILABLE}
2019-10-03 20:10:30,886 [main] INFO  utils.BackgroundService (BackgroundService.java:shutdown(148)) - Shutting down service BlockDeletingService
2019-10-03 20:10:30,890 [main] INFO  statemachine.DatanodeStateMachine (DatanodeStateMachine.java:stopDaemon(395)) - Ozone container server stopped.
2019-10-03 20:10:30,891 [main] INFO  handler.ContextHandler (ContextHandler.java:doStop(910)) - Stopped o.e.j.w.WebAppContext@5c1b89ac{/,null,UNAVAILABLE}{/hddsDatanode}
2019-10-03 20:10:30,893 [main] INFO  server.AbstractConnector (AbstractConnector.java:doStop(318)) - Stopped ServerConnector@40a1b6d4{HTTP/1.1,[http/1.1]}{0.0.0.0:0}
2019-10-03 20:10:30,893 [main] INFO  handler.ContextHandler (ContextHandler.java:doStop(910)) - Stopped o.e.j.s.ServletContextHandler@77aea{/static,jar:file:/home/user/.m2/repository/org/apache/hadoop/hadoop-hdds-container-service/0.5.0-SNAPSHOT/hadoop-hdds-container-service-0.5.0-SNAPSHOT.jar!/webapps/static,UNAVAILABLE}
2019-10-03 20:10:30,893 [main] INFO  handler.ContextHandler (ContextHandler.java:doStop(910)) - Stopped o.e.j.s.ServletContextHandler@70f148dc{/logs,file:///workdir/hadoop-ozone/integration-test/target/log,UNAVAILABLE}
2019-10-03 20:10:31,292 [Datanode State Machine Thread - 0] INFO  statemachine.DatanodeStateMachine (DatanodeStateMachine.java:lambda$startDaemon$0(350)) - Ozone container server started.
2019-10-03 20:10:31,411 [Datanode State Machine Thread - 0] INFO  statemachine.DatanodeStateMachine (DatanodeStateMachine.java:lambda$startDaemon$0(350)) - Ozone container server started.
2019-10-03 20:10:33,897 [Thread-3302] INFO  impl.FollowerState (FollowerState.java:run(108)) - fcbae8df-a1ef-4d91-9a5c-ec2b900fec62@group-4402E726854A-FollowerState: change to CANDIDATE, lastRpcTime:10106ms, electionTimeout:5052ms
2019-10-03 20:10:33,897 [Thread-3302] INFO  impl.RoleInfo (RoleInfo.java:shutdownFollowerState(121)) - fcbae8df-a1ef-4d91-9a5c-ec2b900fec62: shutdown FollowerState
2019-10-03 20:10:33,897 [Thread-3302] INFO  impl.RaftServerImpl (RaftServerImpl.java:setRole(170)) - fcbae8df-a1ef-4d91-9a5c-ec2b900fec62@group-4402E726854A: changes role from  FOLLOWER to CANDIDATE at term 3 for changeToCandidate
2019-10-03 20:10:33,898 [Thread-3302] INFO  impl.RoleInfo (RoleInfo.java:updateAndGet(143)) - fcbae8df-a1ef-4d91-9a5c-ec2b900fec62: start LeaderElection
2019-10-03 20:10:33,905 [fcbae8df-a1ef-4d91-9a5c-ec2b900fec62@group-4402E726854A-LeaderElection87] INFO  impl.RaftServerImpl (ServerState.java:setLeader(255)) - fcbae8df-a1ef-4d91-9a5c-ec2b900fec62@group-4402E726854A: change Leader from e7718313-8120-41cd-8acc-e928bdef59c5 to null at term 3 for initElection
2019-10-03 20:10:33,929 [fcbae8df-a1ef-4d91-9a5c-ec2b900fec62@group-4402E726854A-LeaderElection87] INFO  impl.LeaderElection (LeaderElection.java:askForVotes(178)) - fcbae8df-a1ef-4d91-9a5c-ec2b900fec62@group-4402E726854A-LeaderElection87: begin an election at term 4 for 17: [fcbae8df-a1ef-4d91-9a5c-ec2b900fec62:192.168.30.7:38678, 2e253f7d-f237-4f64-bf0f-4e165c5afdc8:192.168.30.7:45089, e7718313-8120-41cd-8acc-e928bdef59c5:192.168.30.7:43413], old=null
2019-10-03 20:10:33,931 [fcbae8df-a1ef-4d91-9a5c-ec2b900fec62@group-4402E726854A-LeaderElection87] INFO  impl.LeaderElection (LogUtils.java:infoOrTrace(149)) - fcbae8df-a1ef-4d91-9a5c-ec2b900fec62@group-4402E726854A-LeaderElection87 got exception when requesting votes: {}
java.util.concurrent.ExecutionException: org.apache.ratis.thirdparty.io.grpc.StatusRuntimeException: UNAVAILABLE: io exception
	at java.util.concurrent.FutureTask.report(FutureTask.java:122)
	at java.util.concurrent.FutureTask.get(FutureTask.java:192)
	at org.apache.ratis.server.impl.LeaderElection.waitForResults(LeaderElection.java:259)
	at org.apache.ratis.server.impl.LeaderElection.askForVotes(LeaderElection.java:197)
	at org.apache.ratis.server.impl.LeaderElection.run(LeaderElection.java:133)
	at java.lang.Thread.run(Thread.java:748)
Caused by: org.apache.ratis.thirdparty.io.grpc.StatusRuntimeException: UNAVAILABLE: io exception
	at org.apache.ratis.thirdparty.io.grpc.stub.ClientCalls.toStatusRuntimeException(ClientCalls.java:233)
	at org.apache.ratis.thirdparty.io.grpc.stub.ClientCalls.getUnchecked(ClientCalls.java:214)
	at org.apache.ratis.thirdparty.io.grpc.stub.ClientCalls.blockingUnaryCall(ClientCalls.java:139)
	at org.apache.ratis.proto.grpc.RaftServerProtocolServiceGrpc$RaftServerProtocolServiceBlockingStub.requestVote(RaftServerProtocolServiceGrpc.java:265)
	at org.apache.ratis.grpc.server.GrpcServerProtocolClient.requestVote(GrpcServerProtocolClient.java:99)
	at org.apache.ratis.grpc.server.GrpcService.requestVote(GrpcService.java:204)
	at org.apache.ratis.server.impl.LeaderElection.lambda$submitRequests$1(LeaderElection.java:234)
	at java.util.concurrent.FutureTask.run(FutureTask.java:266)
	at java.util.concurrent.Executors$RunnableAdapter.call(Executors.java:511)
	at java.util.concurrent.FutureTask.run(FutureTask.java:266)
	at java.util.concurrent.ThreadPoolExecutor.runWorker(ThreadPoolExecutor.java:1149)
	at java.util.concurrent.ThreadPoolExecutor$Worker.run(ThreadPoolExecutor.java:624)
	... 1 more
Caused by: org.apache.ratis.thirdparty.io.netty.channel.AbstractChannel$AnnotatedConnectException: Connection refused: /192.168.30.7:45089
	at sun.nio.ch.SocketChannelImpl.checkConnect(Native Method)
	at sun.nio.ch.SocketChannelImpl.finishConnect(SocketChannelImpl.java:717)
	at org.apache.ratis.thirdparty.io.netty.channel.socket.nio.NioSocketChannel.doFinishConnect(NioSocketChannel.java:327)
	at org.apache.ratis.thirdparty.io.netty.channel.nio.AbstractNioChannel$AbstractNioUnsafe.finishConnect(AbstractNioChannel.java:340)
	at org.apache.ratis.thirdparty.io.netty.channel.nio.NioEventLoop.processSelectedKey(NioEventLoop.java:632)
	at org.apache.ratis.thirdparty.io.netty.channel.nio.NioEventLoop.processSelectedKeysOptimized(NioEventLoop.java:579)
	at org.apache.ratis.thirdparty.io.netty.channel.nio.NioEventLoop.processSelectedKeys(NioEventLoop.java:496)
	at org.apache.ratis.thirdparty.io.netty.channel.nio.NioEventLoop.run(NioEventLoop.java:458)
	at org.apache.ratis.thirdparty.io.netty.util.concurrent.SingleThreadEventExecutor$5.run(SingleThreadEventExecutor.java:897)
	at org.apache.ratis.thirdparty.io.netty.util.concurrent.FastThreadLocalRunnable.run(FastThreadLocalRunnable.java:30)
	... 1 more
Caused by: java.net.ConnectException: Connection refused
	... 11 more
2019-10-03 20:10:33,934 [fcbae8df-a1ef-4d91-9a5c-ec2b900fec62@group-4402E726854A-LeaderElection87] INFO  impl.LeaderElection (LogUtils.java:infoOrTrace(149)) - fcbae8df-a1ef-4d91-9a5c-ec2b900fec62@group-4402E726854A-LeaderElection87 got exception when requesting votes: {}
java.util.concurrent.ExecutionException: org.apache.ratis.thirdparty.io.grpc.StatusRuntimeException: UNAVAILABLE: io exception
	at java.util.concurrent.FutureTask.report(FutureTask.java:122)
	at java.util.concurrent.FutureTask.get(FutureTask.java:192)
	at org.apache.ratis.server.impl.LeaderElection.waitForResults(LeaderElection.java:259)
	at org.apache.ratis.server.impl.LeaderElection.askForVotes(LeaderElection.java:197)
	at org.apache.ratis.server.impl.LeaderElection.run(LeaderElection.java:133)
	at java.lang.Thread.run(Thread.java:748)
Caused by: org.apache.ratis.thirdparty.io.grpc.StatusRuntimeException: UNAVAILABLE: io exception
	at org.apache.ratis.thirdparty.io.grpc.stub.ClientCalls.toStatusRuntimeException(ClientCalls.java:233)
	at org.apache.ratis.thirdparty.io.grpc.stub.ClientCalls.getUnchecked(ClientCalls.java:214)
	at org.apache.ratis.thirdparty.io.grpc.stub.ClientCalls.blockingUnaryCall(ClientCalls.java:139)
	at org.apache.ratis.proto.grpc.RaftServerProtocolServiceGrpc$RaftServerProtocolServiceBlockingStub.requestVote(RaftServerProtocolServiceGrpc.java:265)
	at org.apache.ratis.grpc.server.GrpcServerProtocolClient.requestVote(GrpcServerProtocolClient.java:99)
	at org.apache.ratis.grpc.server.GrpcService.requestVote(GrpcService.java:204)
	at org.apache.ratis.server.impl.LeaderElection.lambda$submitRequests$1(LeaderElection.java:234)
	at java.util.concurrent.FutureTask.run(FutureTask.java:266)
	at java.util.concurrent.Executors$RunnableAdapter.call(Executors.java:511)
	at java.util.concurrent.FutureTask.run(FutureTask.java:266)
	at java.util.concurrent.ThreadPoolExecutor.runWorker(ThreadPoolExecutor.java:1149)
	at java.util.concurrent.ThreadPoolExecutor$Worker.run(ThreadPoolExecutor.java:624)
	... 1 more
Caused by: org.apache.ratis.thirdparty.io.netty.channel.AbstractChannel$AnnotatedConnectException: Connection refused: /192.168.30.7:43413
	at sun.nio.ch.SocketChannelImpl.checkConnect(Native Method)
	at sun.nio.ch.SocketChannelImpl.finishConnect(SocketChannelImpl.java:717)
	at org.apache.ratis.thirdparty.io.netty.channel.socket.nio.NioSocketChannel.doFinishConnect(NioSocketChannel.java:327)
	at org.apache.ratis.thirdparty.io.netty.channel.nio.AbstractNioChannel$AbstractNioUnsafe.finishConnect(AbstractNioChannel.java:340)
	at org.apache.ratis.thirdparty.io.netty.channel.nio.NioEventLoop.processSelectedKey(NioEventLoop.java:632)
	at org.apache.ratis.thirdparty.io.netty.channel.nio.NioEventLoop.processSelectedKeysOptimized(NioEventLoop.java:579)
	at org.apache.ratis.thirdparty.io.netty.channel.nio.NioEventLoop.processSelectedKeys(NioEventLoop.java:496)
	at org.apache.ratis.thirdparty.io.netty.channel.nio.NioEventLoop.run(NioEventLoop.java:458)
	at org.apache.ratis.thirdparty.io.netty.util.concurrent.SingleThreadEventExecutor$5.run(SingleThreadEventExecutor.java:897)
	at org.apache.ratis.thirdparty.io.netty.util.concurrent.FastThreadLocalRunnable.run(FastThreadLocalRunnable.java:30)
	... 1 more
Caused by: java.net.ConnectException: Connection refused
	... 11 more
2019-10-03 20:10:33,936 [fcbae8df-a1ef-4d91-9a5c-ec2b900fec62@group-4402E726854A-LeaderElection87] INFO  impl.LeaderElection (LeaderElection.java:logAndReturn(56)) - fcbae8df-a1ef-4d91-9a5c-ec2b900fec62@group-4402E726854A-LeaderElection87: Election REJECTED; received 0 response(s) [] and 2 exception(s); fcbae8df-a1ef-4d91-9a5c-ec2b900fec62@group-4402E726854A:t4, leader=null, voted=fcbae8df-a1ef-4d91-9a5c-ec2b900fec62, raftlog=fcbae8df-a1ef-4d91-9a5c-ec2b900fec62@group-4402E726854A-SegmentedRaftLog:OPENED:c18,f18,i18, conf=17: [fcbae8df-a1ef-4d91-9a5c-ec2b900fec62:192.168.30.7:38678, 2e253f7d-f237-4f64-bf0f-4e165c5afdc8:192.168.30.7:45089, e7718313-8120-41cd-8acc-e928bdef59c5:192.168.30.7:43413], old=null
2019-10-03 20:10:33,936 [fcbae8df-a1ef-4d91-9a5c-ec2b900fec62@group-4402E726854A-LeaderElection87] INFO  impl.LeaderElection (LogUtils.java:infoOrTrace(149)) -   Exception 0: {}
java.util.concurrent.ExecutionException: org.apache.ratis.thirdparty.io.grpc.StatusRuntimeException: UNAVAILABLE: io exception
	at java.util.concurrent.FutureTask.report(FutureTask.java:122)
	at java.util.concurrent.FutureTask.get(FutureTask.java:192)
	at org.apache.ratis.server.impl.LeaderElection.waitForResults(LeaderElection.java:259)
	at org.apache.ratis.server.impl.LeaderElection.askForVotes(LeaderElection.java:197)
	at org.apache.ratis.server.impl.LeaderElection.run(LeaderElection.java:133)
	at java.lang.Thread.run(Thread.java:748)
Caused by: org.apache.ratis.thirdparty.io.grpc.StatusRuntimeException: UNAVAILABLE: io exception
	at org.apache.ratis.thirdparty.io.grpc.stub.ClientCalls.toStatusRuntimeException(ClientCalls.java:233)
	at org.apache.ratis.thirdparty.io.grpc.stub.ClientCalls.getUnchecked(ClientCalls.java:214)
	at org.apache.ratis.thirdparty.io.grpc.stub.ClientCalls.blockingUnaryCall(ClientCalls.java:139)
	at org.apache.ratis.proto.grpc.RaftServerProtocolServiceGrpc$RaftServerProtocolServiceBlockingStub.requestVote(RaftServerProtocolServiceGrpc.java:265)
	at org.apache.ratis.grpc.server.GrpcServerProtocolClient.requestVote(GrpcServerProtocolClient.java:99)
	at org.apache.ratis.grpc.server.GrpcService.requestVote(GrpcService.java:204)
	at org.apache.ratis.server.impl.LeaderElection.lambda$submitRequests$1(LeaderElection.java:234)
	at java.util.concurrent.FutureTask.run(FutureTask.java:266)
	at java.util.concurrent.Executors$RunnableAdapter.call(Executors.java:511)
	at java.util.concurrent.FutureTask.run(FutureTask.java:266)
	at java.util.concurrent.ThreadPoolExecutor.runWorker(ThreadPoolExecutor.java:1149)
	at java.util.concurrent.ThreadPoolExecutor$Worker.run(ThreadPoolExecutor.java:624)
	... 1 more
Caused by: org.apache.ratis.thirdparty.io.netty.channel.AbstractChannel$AnnotatedConnectException: Connection refused: /192.168.30.7:45089
	at sun.nio.ch.SocketChannelImpl.checkConnect(Native Method)
	at sun.nio.ch.SocketChannelImpl.finishConnect(SocketChannelImpl.java:717)
	at org.apache.ratis.thirdparty.io.netty.channel.socket.nio.NioSocketChannel.doFinishConnect(NioSocketChannel.java:327)
	at org.apache.ratis.thirdparty.io.netty.channel.nio.AbstractNioChannel$AbstractNioUnsafe.finishConnect(AbstractNioChannel.java:340)
	at org.apache.ratis.thirdparty.io.netty.channel.nio.NioEventLoop.processSelectedKey(NioEventLoop.java:632)
	at org.apache.ratis.thirdparty.io.netty.channel.nio.NioEventLoop.processSelectedKeysOptimized(NioEventLoop.java:579)
	at org.apache.ratis.thirdparty.io.netty.channel.nio.NioEventLoop.processSelectedKeys(NioEventLoop.java:496)
	at org.apache.ratis.thirdparty.io.netty.channel.nio.NioEventLoop.run(NioEventLoop.java:458)
	at org.apache.ratis.thirdparty.io.netty.util.concurrent.SingleThreadEventExecutor$5.run(SingleThreadEventExecutor.java:897)
	at org.apache.ratis.thirdparty.io.netty.util.concurrent.FastThreadLocalRunnable.run(FastThreadLocalRunnable.java:30)
	... 1 more
Caused by: java.net.ConnectException: Connection refused
	... 11 more
2019-10-03 20:10:33,936 [fcbae8df-a1ef-4d91-9a5c-ec2b900fec62@group-4402E726854A-LeaderElection87] INFO  impl.LeaderElection (LogUtils.java:infoOrTrace(149)) -   Exception 1: {}
java.util.concurrent.ExecutionException: org.apache.ratis.thirdparty.io.grpc.StatusRuntimeException: UNAVAILABLE: io exception
	at java.util.concurrent.FutureTask.report(FutureTask.java:122)
	at java.util.concurrent.FutureTask.get(FutureTask.java:192)
	at org.apache.ratis.server.impl.LeaderElection.waitForResults(LeaderElection.java:259)
	at org.apache.ratis.server.impl.LeaderElection.askForVotes(LeaderElection.java:197)
	at org.apache.ratis.server.impl.LeaderElection.run(LeaderElection.java:133)
	at java.lang.Thread.run(Thread.java:748)
Caused by: org.apache.ratis.thirdparty.io.grpc.StatusRuntimeException: UNAVAILABLE: io exception
	at org.apache.ratis.thirdparty.io.grpc.stub.ClientCalls.toStatusRuntimeException(ClientCalls.java:233)
	at org.apache.ratis.thirdparty.io.grpc.stub.ClientCalls.getUnchecked(ClientCalls.java:214)
	at org.apache.ratis.thirdparty.io.grpc.stub.ClientCalls.blockingUnaryCall(ClientCalls.java:139)
	at org.apache.ratis.proto.grpc.RaftServerProtocolServiceGrpc$RaftServerProtocolServiceBlockingStub.requestVote(RaftServerProtocolServiceGrpc.java:265)
	at org.apache.ratis.grpc.server.GrpcServerProtocolClient.requestVote(GrpcServerProtocolClient.java:99)
	at org.apache.ratis.grpc.server.GrpcService.requestVote(GrpcService.java:204)
	at org.apache.ratis.server.impl.LeaderElection.lambda$submitRequests$1(LeaderElection.java:234)
	at java.util.concurrent.FutureTask.run(FutureTask.java:266)
	at java.util.concurrent.Executors$RunnableAdapter.call(Executors.java:511)
	at java.util.concurrent.FutureTask.run(FutureTask.java:266)
	at java.util.concurrent.ThreadPoolExecutor.runWorker(ThreadPoolExecutor.java:1149)
	at java.util.concurrent.ThreadPoolExecutor$Worker.run(ThreadPoolExecutor.java:624)
	... 1 more
Caused by: org.apache.ratis.thirdparty.io.netty.channel.AbstractChannel$AnnotatedConnectException: Connection refused: /192.168.30.7:43413
	at sun.nio.ch.SocketChannelImpl.checkConnect(Native Method)
	at sun.nio.ch.SocketChannelImpl.finishConnect(SocketChannelImpl.java:717)
	at org.apache.ratis.thirdparty.io.netty.channel.socket.nio.NioSocketChannel.doFinishConnect(NioSocketChannel.java:327)
	at org.apache.ratis.thirdparty.io.netty.channel.nio.AbstractNioChannel$AbstractNioUnsafe.finishConnect(AbstractNioChannel.java:340)
	at org.apache.ratis.thirdparty.io.netty.channel.nio.NioEventLoop.processSelectedKey(NioEventLoop.java:632)
	at org.apache.ratis.thirdparty.io.netty.channel.nio.NioEventLoop.processSelectedKeysOptimized(NioEventLoop.java:579)
	at org.apache.ratis.thirdparty.io.netty.channel.nio.NioEventLoop.processSelectedKeys(NioEventLoop.java:496)
	at org.apache.ratis.thirdparty.io.netty.channel.nio.NioEventLoop.run(NioEventLoop.java:458)
	at org.apache.ratis.thirdparty.io.netty.util.concurrent.SingleThreadEventExecutor$5.run(SingleThreadEventExecutor.java:897)
	at org.apache.ratis.thirdparty.io.netty.util.concurrent.FastThreadLocalRunnable.run(FastThreadLocalRunnable.java:30)
	... 1 more
Caused by: java.net.ConnectException: Connection refused
	... 11 more
2019-10-03 20:10:33,936 [fcbae8df-a1ef-4d91-9a5c-ec2b900fec62@group-4402E726854A-LeaderElection87] INFO  impl.RaftServerImpl (RaftServerImpl.java:setRole(170)) - fcbae8df-a1ef-4d91-9a5c-ec2b900fec62@group-4402E726854A: changes role from CANDIDATE to FOLLOWER at term 4 for DISCOVERED_A_NEW_TERM
2019-10-03 20:10:33,936 [fcbae8df-a1ef-4d91-9a5c-ec2b900fec62@group-4402E726854A-LeaderElection87] INFO  impl.RoleInfo (RoleInfo.java:shutdownLeaderElection(134)) - fcbae8df-a1ef-4d91-9a5c-ec2b900fec62: shutdown LeaderElection
2019-10-03 20:10:33,936 [fcbae8df-a1ef-4d91-9a5c-ec2b900fec62@group-4402E726854A-LeaderElection87] INFO  impl.RoleInfo (RoleInfo.java:updateAndGet(143)) - fcbae8df-a1ef-4d91-9a5c-ec2b900fec62: start FollowerState
2019-10-03 20:10:35,308 [EventQueue-StaleNodeForStaleNodeHandler] INFO  node.StaleNodeHandler (StaleNodeHandler.java:onMessage(58)) - Datanode fcbae8df-a1ef-4d91-9a5c-ec2b900fec62{ip: 192.168.30.7, host: pr-hdds-2230-vt4bl-2581040744, networkLocation: /default-rack, certSerialId: null} moved to stale state. Finalizing its pipelines [PipelineID=dbe5161a-9c04-4283-a374-8574fd3b9f85, PipelineID=b304383e-c118-465f-89cb-4402e726854a]
2019-10-03 20:10:35,317 [EventQueue-StaleNodeForStaleNodeHandler] INFO  pipeline.SCMPipelineManager (SCMPipelineManager.java:finalizeAndDestroyPipeline(315)) - destroying pipeline:Pipeline[ Id: dbe5161a-9c04-4283-a374-8574fd3b9f85, Nodes: fcbae8df-a1ef-4d91-9a5c-ec2b900fec62{ip: 192.168.30.7, host: pr-hdds-2230-vt4bl-2581040744, networkLocation: /default-rack, certSerialId: null}, Type:RATIS, Factor:ONE, State:OPEN]
2019-10-03 20:10:35,317 [EventQueue-StaleNodeForStaleNodeHandler] INFO  pipeline.PipelineStateManager (PipelineStateManager.java:finalizePipeline(123)) - Pipeline Pipeline[ Id: dbe5161a-9c04-4283-a374-8574fd3b9f85, Nodes: fcbae8df-a1ef-4d91-9a5c-ec2b900fec62{ip: 192.168.30.7, host: pr-hdds-2230-vt4bl-2581040744, networkLocation: /default-rack, certSerialId: null}, Type:RATIS, Factor:ONE, State:CLOSED] moved to CLOSED state
2019-10-03 20:10:35,317 [EventQueue-StaleNodeForStaleNodeHandler] INFO  pipeline.SCMPipelineManager (SCMPipelineManager.java:finalizeAndDestroyPipeline(315)) - destroying pipeline:Pipeline[ Id: b304383e-c118-465f-89cb-4402e726854a, Nodes: 2e253f7d-f237-4f64-bf0f-4e165c5afdc8{ip: 192.168.30.7, host: pr-hdds-2230-vt4bl-2581040744, networkLocation: /default-rack, certSerialId: null}e7718313-8120-41cd-8acc-e928bdef59c5{ip: 192.168.30.7, host: pr-hdds-2230-vt4bl-2581040744, networkLocation: /default-rack, certSerialId: null}fcbae8df-a1ef-4d91-9a5c-ec2b900fec62{ip: 192.168.30.7, host: pr-hdds-2230-vt4bl-2581040744, networkLocation: /default-rack, certSerialId: null}, Type:RATIS, Factor:THREE, State:CLOSED]
2019-10-03 20:10:35,508 [EventQueue-StaleNodeForStaleNodeHandler] INFO  node.StaleNodeHandler (StaleNodeHandler.java:onMessage(58)) - Datanode ed0bf592-1575-4832-bc0c-c5d8f3dda61a{ip: 192.168.30.7, host: pr-hdds-2230-vt4bl-2581040744, networkLocation: /default-rack, certSerialId: null} moved to stale state. Finalizing its pipelines [PipelineID=7432c1e3-7e90-4873-b7f9-7c7798b296fb]
2019-10-03 20:10:35,508 [EventQueue-StaleNodeForStaleNodeHandler] INFO  pipeline.SCMPipelineManager (SCMPipelineManager.java:finalizeAndDestroyPipeline(315)) - destroying pipeline:Pipeline[ Id: 7432c1e3-7e90-4873-b7f9-7c7798b296fb, Nodes: ed0bf592-1575-4832-bc0c-c5d8f3dda61a{ip: 192.168.30.7, host: pr-hdds-2230-vt4bl-2581040744, networkLocation: /default-rack, certSerialId: null}, Type:RATIS, Factor:ONE, State:OPEN]
2019-10-03 20:10:35,509 [EventQueue-StaleNodeForStaleNodeHandler] INFO  pipeline.PipelineStateManager (PipelineStateManager.java:finalizePipeline(123)) - Pipeline Pipeline[ Id: 7432c1e3-7e90-4873-b7f9-7c7798b296fb, Nodes: ed0bf592-1575-4832-bc0c-c5d8f3dda61a{ip: 192.168.30.7, host: pr-hdds-2230-vt4bl-2581040744, networkLocation: /default-rack, certSerialId: null}, Type:RATIS, Factor:ONE, State:CLOSED] moved to CLOSED state
2019-10-03 20:10:35,890 [ForkJoinPool.commonPool-worker-0] INFO  ozoneimpl.OzoneContainer (OzoneContainer.java:stop(231)) - Attempting to stop container services.
2019-10-03 20:10:35,894 [ForkJoinPool.commonPool-worker-0] INFO  impl.RaftServerProxy (RaftServerProxy.java:lambda$close$4(314)) - ed0bf592-1575-4832-bc0c-c5d8f3dda61a: close
2019-10-03 20:10:35,894 [ForkJoinPool.commonPool-worker-0] INFO  impl.RaftServerImpl (RaftServerImpl.java:lambda$shutdown$3(247)) - ed0bf592-1575-4832-bc0c-c5d8f3dda61a@group-7C7798B296FB: shutdown
2019-10-03 20:10:35,894 [main] INFO  ozoneimpl.OzoneContainer (OzoneContainer.java:stop(231)) - Attempting to stop container services.
2019-10-03 20:10:35,894 [ForkJoinPool.commonPool-worker-0] INFO  util.JmxRegister (JmxRegister.java:unregister(73)) - Successfully un-registered JMX Bean with object name Ratis:service=RaftServer,group=group-7C7798B296FB,id=ed0bf592-1575-4832-bc0c-c5d8f3dda61a
2019-10-03 20:10:35,895 [main] INFO  impl.RaftServerProxy (RaftServerProxy.java:lambda$close$4(314)) - fcbae8df-a1ef-4d91-9a5c-ec2b900fec62: close
2019-10-03 20:10:35,895 [ForkJoinPool.commonPool-worker-0] INFO  impl.RoleInfo (RoleInfo.java:shutdownLeaderState(104)) - ed0bf592-1575-4832-bc0c-c5d8f3dda61a: shutdown LeaderState
2019-10-03 20:10:35,895 [main] INFO  impl.RaftServerImpl (RaftServerImpl.java:lambda$shutdown$3(247)) - fcbae8df-a1ef-4d91-9a5c-ec2b900fec62@group-8574FD3B9F85: shutdown
2019-10-03 20:10:35,896 [ForkJoinPool.commonPool-worker-0] INFO  impl.PendingRequests (PendingRequests.java:sendNotLeaderResponses(202)) - ed0bf592-1575-4832-bc0c-c5d8f3dda61a@group-7C7798B296FB-PendingRequests: sendNotLeaderResponses
2019-10-03 20:10:35,896 [main] INFO  util.JmxRegister (JmxRegister.java:unregister(73)) - Successfully un-registered JMX Bean with object name Ratis:service=RaftServer,group=group-8574FD3B9F85,id=fcbae8df-a1ef-4d91-9a5c-ec2b900fec62
2019-10-03 20:10:35,897 [ForkJoinPool.commonPool-worker-0] INFO  impl.StateMachineUpdater (StateMachineUpdater.java:stopAndJoin(136)) - ed0bf592-1575-4832-bc0c-c5d8f3dda61a@group-7C7798B296FB-StateMachineUpdater: set stopIndex = 0
2019-10-03 20:10:35,897 [main] INFO  impl.RoleInfo (RoleInfo.java:shutdownLeaderState(104)) - fcbae8df-a1ef-4d91-9a5c-ec2b900fec62: shutdown LeaderState
2019-10-03 20:10:35,897 [ForkJoinPool.commonPool-worker-0] INFO  impl.RaftServerImpl (ServerState.java:close(387)) - ed0bf592-1575-4832-bc0c-c5d8f3dda61a@group-7C7798B296FB: closes. applyIndex: 0
2019-10-03 20:10:35,897 [main] INFO  impl.PendingRequests (PendingRequests.java:sendNotLeaderResponses(202)) - fcbae8df-a1ef-4d91-9a5c-ec2b900fec62@group-8574FD3B9F85-PendingRequests: sendNotLeaderResponses
2019-10-03 20:10:35,898 [ed0bf592-1575-4832-bc0c-c5d8f3dda61a@group-7C7798B296FB-SegmentedRaftLogWorker] INFO  segmented.SegmentedRaftLogWorker (SegmentedRaftLogWorker.java:run(316)) - ed0bf592-1575-4832-bc0c-c5d8f3dda61a@group-7C7798B296FB-SegmentedRaftLogWorker was interrupted, exiting. There are 0 tasks remaining in the queue.
2019-10-03 20:10:35,898 [main] INFO  impl.StateMachineUpdater (StateMachineUpdater.java:stopAndJoin(136)) - fcbae8df-a1ef-4d91-9a5c-ec2b900fec62@group-8574FD3B9F85-StateMachineUpdater: set stopIndex = 0
2019-10-03 20:10:35,902 [ForkJoinPool.commonPool-worker-0] INFO  segmented.SegmentedRaftLogWorker (SegmentedRaftLogWorker.java:close(224)) - ed0bf592-1575-4832-bc0c-c5d8f3dda61a@group-7C7798B296FB-SegmentedRaftLogWorker close()
2019-10-03 20:10:35,902 [main] INFO  impl.RaftServerImpl (ServerState.java:close(387)) - fcbae8df-a1ef-4d91-9a5c-ec2b900fec62@group-8574FD3B9F85: closes. applyIndex: 0
2019-10-03 20:10:35,905 [ForkJoinPool.commonPool-worker-0] INFO  server.GrpcService (GrpcService.java:closeImpl(164)) - ed0bf592-1575-4832-bc0c-c5d8f3dda61a: shutdown server with port 40585 now
2019-10-03 20:10:35,906 [fcbae8df-a1ef-4d91-9a5c-ec2b900fec62@group-8574FD3B9F85-SegmentedRaftLogWorker] INFO  segmented.SegmentedRaftLogWorker (SegmentedRaftLogWorker.java:run(316)) - fcbae8df-a1ef-4d91-9a5c-ec2b900fec62@group-8574FD3B9F85-SegmentedRaftLogWorker was interrupted, exiting. There are 0 tasks remaining in the queue.
2019-10-03 20:10:35,907 [main] INFO  segmented.SegmentedRaftLogWorker (SegmentedRaftLogWorker.java:close(224)) - fcbae8df-a1ef-4d91-9a5c-ec2b900fec62@group-8574FD3B9F85-SegmentedRaftLogWorker close()
2019-10-03 20:10:35,911 [ForkJoinPool.commonPool-worker-0] INFO  server.GrpcService (GrpcService.java:closeImpl(172)) - ed0bf592-1575-4832-bc0c-c5d8f3dda61a: shutdown server with port 40585 successfully
2019-10-03 20:10:35,917 [main] INFO  impl.RaftServerImpl (RaftServerImpl.java:lambda$shutdown$3(247)) - fcbae8df-a1ef-4d91-9a5c-ec2b900fec62@group-4402E726854A: shutdown
2019-10-03 20:10:35,918 [main] INFO  util.JmxRegister (JmxRegister.java:unregister(73)) - Successfully un-registered JMX Bean with object name Ratis:service=RaftServer,group=group-4402E726854A,id=fcbae8df-a1ef-4d91-9a5c-ec2b900fec62
2019-10-03 20:10:35,918 [main] INFO  impl.RoleInfo (RoleInfo.java:shutdownFollowerState(121)) - fcbae8df-a1ef-4d91-9a5c-ec2b900fec62: shutdown FollowerState
2019-10-03 20:10:35,919 [main] INFO  impl.StateMachineUpdater (StateMachineUpdater.java:stopAndJoin(136)) - fcbae8df-a1ef-4d91-9a5c-ec2b900fec62@group-4402E726854A-StateMachineUpdater: set stopIndex = 18
2019-10-03 20:10:35,919 [Thread-3381] INFO  impl.FollowerState (FollowerState.java:run(117)) - fcbae8df-a1ef-4d91-9a5c-ec2b900fec62@group-4402E726854A-FollowerState was interrupted: java.lang.InterruptedException: sleep interrupted
2019-10-03 20:10:35,919 [fcbae8df-a1ef-4d91-9a5c-ec2b900fec62@group-4402E726854A-StateMachineUpdater] INFO  ratis.ContainerStateMachine (ContainerStateMachine.java:takeSnapshot(293)) - group-4402E726854A: Taking a snapshot at:(t:1, i:14) file /workdir/hadoop-ozone/integration-test/target/test-dir/MiniOzoneClusterImpl-16e450bc-7d29-4cce-9510-730a56775e77/datanode-5/data/ratis/b304383e-c118-465f-89cb-4402e726854a/sm/snapshot.1_14
2019-10-03 20:10:35,919 [refreshUsed-/workdir/hadoop-ozone/integration-test/target/test-dir/MiniOzoneClusterImpl-16e450bc-7d29-4cce-9510-730a56775e77/datanode-0/data/containers] WARN  fs.CachingGetSpaceUsed (CachingGetSpaceUsed.java:run(183)) - Thread Interrupted waiting to refresh disk information: sleep interrupted
2019-10-03 20:10:35,932 [ForkJoinPool.commonPool-worker-0] INFO  utils.BackgroundService (BackgroundService.java:shutdown(148)) - Shutting down service BlockDeletingService
2019-10-03 20:10:35,934 [ForkJoinPool.commonPool-worker-0] INFO  statemachine.DatanodeStateMachine (DatanodeStateMachine.java:stopDaemon(395)) - Ozone container server stopped.
2019-10-03 20:10:35,938 [ForkJoinPool.commonPool-worker-0] INFO  handler.ContextHandler (ContextHandler.java:doStop(910)) - Stopped o.e.j.w.WebAppContext@6885ed19{/,null,UNAVAILABLE}{/hddsDatanode}
2019-10-03 20:10:35,938 [ForkJoinPool.commonPool-worker-0] INFO  server.AbstractConnector (AbstractConnector.java:doStop(318)) - Stopped ServerConnector@10817f46{HTTP/1.1,[http/1.1]}{0.0.0.0:0}
2019-10-03 20:10:35,939 [ForkJoinPool.commonPool-worker-0] INFO  handler.ContextHandler (ContextHandler.java:doStop(910)) - Stopped o.e.j.s.ServletContextHandler@7781263c{/static,jar:file:/home/user/.m2/repository/org/apache/hadoop/hadoop-hdds-container-service/0.5.0-SNAPSHOT/hadoop-hdds-container-service-0.5.0-SNAPSHOT.jar!/webapps/static,UNAVAILABLE}
2019-10-03 20:10:35,940 [ForkJoinPool.commonPool-worker-0] INFO  handler.ContextHandler (ContextHandler.java:doStop(910)) - Stopped o.e.j.s.ServletContextHandler@5396eeb1{/logs,file:///workdir/hadoop-ozone/integration-test/target/log,UNAVAILABLE}
2019-10-03 20:10:35,945 [fcbae8df-a1ef-4d91-9a5c-ec2b900fec62@group-4402E726854A-StateMachineUpdater] INFO  ratis.ContainerStateMachine (ContainerStateMachine.java:takeSnapshot(304)) - group-4402E726854A: Finished taking a snapshot at:(t:1, i:14) file:/workdir/hadoop-ozone/integration-test/target/test-dir/MiniOzoneClusterImpl-16e450bc-7d29-4cce-9510-730a56775e77/datanode-5/data/ratis/b304383e-c118-465f-89cb-4402e726854a/sm/snapshot.1_14 time:26
2019-10-03 20:10:35,945 [fcbae8df-a1ef-4d91-9a5c-ec2b900fec62@group-4402E726854A-StateMachineUpdater] INFO  impl.StateMachineUpdater (StateMachineUpdater.java:takeSnapshot(269)) - fcbae8df-a1ef-4d91-9a5c-ec2b900fec62@group-4402E726854A-StateMachineUpdater: Took a snapshot at index 14
2019-10-03 20:10:35,945 [fcbae8df-a1ef-4d91-9a5c-ec2b900fec62@group-4402E726854A-StateMachineUpdater] INFO  impl.StateMachineUpdater (StateMachineUpdater.java:lambda$new$0(84)) - fcbae8df-a1ef-4d91-9a5c-ec2b900fec62@group-4402E726854A-StateMachineUpdater: snapshotIndex: updateIncreasingly -1 -> 14
2019-10-03 20:10:35,946 [fcbae8df-a1ef-4d91-9a5c-ec2b900fec62@group-4402E726854A-StateMachineUpdater] INFO  ratis.ContainerStateMachine (ContainerStateMachine.java:takeSnapshot(293)) - group-4402E726854A: Taking a snapshot at:(t:1, i:14) file /workdir/hadoop-ozone/integration-test/target/test-dir/MiniOzoneClusterImpl-16e450bc-7d29-4cce-9510-730a56775e77/datanode-5/data/ratis/b304383e-c118-465f-89cb-4402e726854a/sm/snapshot.1_14
2019-10-03 20:10:35,969 [fcbae8df-a1ef-4d91-9a5c-ec2b900fec62@group-4402E726854A-StateMachineUpdater] INFO  ratis.ContainerStateMachine (ContainerStateMachine.java:takeSnapshot(304)) - group-4402E726854A: Finished taking a snapshot at:(t:1, i:14) file:/workdir/hadoop-ozone/integration-test/target/test-dir/MiniOzoneClusterImpl-16e450bc-7d29-4cce-9510-730a56775e77/datanode-5/data/ratis/b304383e-c118-465f-89cb-4402e726854a/sm/snapshot.1_14 time:23
2019-10-03 20:10:35,969 [fcbae8df-a1ef-4d91-9a5c-ec2b900fec62@group-4402E726854A-StateMachineUpdater] INFO  impl.StateMachineUpdater (StateMachineUpdater.java:takeSnapshot(269)) - fcbae8df-a1ef-4d91-9a5c-ec2b900fec62@group-4402E726854A-StateMachineUpdater: Took a snapshot at index 14
2019-10-03 20:10:35,969 [fcbae8df-a1ef-4d91-9a5c-ec2b900fec62@group-4402E726854A-StateMachineUpdater] INFO  impl.StateMachineUpdater (StateMachineUpdater.java:lambda$new$0(84)) - fcbae8df-a1ef-4d91-9a5c-ec2b900fec62@group-4402E726854A-StateMachineUpdater: snapshotIndex: updateIncreasingly 14 -> 14
2019-10-03 20:10:35,969 [main] INFO  impl.RaftServerImpl (ServerState.java:close(387)) - fcbae8df-a1ef-4d91-9a5c-ec2b900fec62@group-4402E726854A: closes. applyIndex: 18
2019-10-03 20:10:35,970 [fcbae8df-a1ef-4d91-9a5c-ec2b900fec62@group-4402E726854A-SegmentedRaftLogWorker] INFO  segmented.SegmentedRaftLogWorker (SegmentedRaftLogWorker.java:run(316)) - fcbae8df-a1ef-4d91-9a5c-ec2b900fec62@group-4402E726854A-SegmentedRaftLogWorker was interrupted, exiting. There are 0 tasks remaining in the queue.
2019-10-03 20:10:35,970 [main] INFO  segmented.SegmentedRaftLogWorker (SegmentedRaftLogWorker.java:close(224)) - fcbae8df-a1ef-4d91-9a5c-ec2b900fec62@group-4402E726854A-SegmentedRaftLogWorker close()
2019-10-03 20:10:35,971 [main] INFO  server.GrpcService (GrpcService.java:closeImpl(164)) - fcbae8df-a1ef-4d91-9a5c-ec2b900fec62: shutdown server with port 38678 now
2019-10-03 20:10:35,972 [main] INFO  server.GrpcService (GrpcService.java:closeImpl(172)) - fcbae8df-a1ef-4d91-9a5c-ec2b900fec62: shutdown server with port 38678 successfully
2019-10-03 20:10:35,979 [refreshUsed-/workdir/hadoop-ozone/integration-test/target/test-dir/MiniOzoneClusterImpl-16e450bc-7d29-4cce-9510-730a56775e77/datanode-5/data/containers] WARN  fs.CachingGetSpaceUsed (CachingGetSpaceUsed.java:run(183)) - Thread Interrupted waiting to refresh disk information: sleep interrupted
2019-10-03 20:10:36,000 [main] INFO  utils.BackgroundService (BackgroundService.java:shutdown(148)) - Shutting down service BlockDeletingService
2019-10-03 20:10:36,006 [main] INFO  statemachine.DatanodeStateMachine (DatanodeStateMachine.java:stopDaemon(395)) - Ozone container server stopped.
2019-10-03 20:10:36,007 [main] INFO  handler.ContextHandler (ContextHandler.java:doStop(910)) - Stopped o.e.j.w.WebAppContext@38811103{/,null,UNAVAILABLE}{/hddsDatanode}
2019-10-03 20:10:36,008 [main] INFO  server.AbstractConnector (AbstractConnector.java:doStop(318)) - Stopped ServerConnector@787d1f9c{HTTP/1.1,[http/1.1]}{0.0.0.0:0}
2019-10-03 20:10:36,008 [main] INFO  handler.ContextHandler (ContextHandler.java:doStop(910)) - Stopped o.e.j.s.ServletContextHandler@6dae70f9{/static,jar:file:/home/user/.m2/repository/org/apache/hadoop/hadoop-hdds-container-service/0.5.0-SNAPSHOT/hadoop-hdds-container-service-0.5.0-SNAPSHOT.jar!/webapps/static,UNAVAILABLE}
2019-10-03 20:10:36,009 [main] INFO  handler.ContextHandler (ContextHandler.java:doStop(910)) - Stopped o.e.j.s.ServletContextHandler@751d7425{/logs,file:///workdir/hadoop-ozone/integration-test/target/log,UNAVAILABLE}
2019-10-03 20:10:36,009 [main] INFO  ozone.MiniOzoneClusterImpl (MiniOzoneClusterImpl.java:stopSCM(392)) - Stopping the StorageContainerManager
2019-10-03 20:10:36,010 [main] INFO  server.StorageContainerManager (StorageContainerManager.java:stop(808)) - Stopping Replication Manager Service.
2019-10-03 20:10:36,010 [main] INFO  container.ReplicationManager (ReplicationManager.java:stop(203)) - Stopping Replication Monitor Thread.
2019-10-03 20:10:36,010 [main] INFO  server.StorageContainerManager (StorageContainerManager.java:stop(815)) - Stopping Lease Manager of the command watchers
2019-10-03 20:10:36,010 [main] INFO  server.StorageContainerManager (StorageContainerManager.java:stop(822)) - Stopping datanode service RPC server
2019-10-03 20:10:36,010 [main] INFO  server.SCMDatanodeProtocolServer (SCMDatanodeProtocolServer.java:stop(346)) - Stopping the RPC server for DataNodes
2019-10-03 20:10:36,010 [main] INFO  ipc.Server (Server.java:stop(3082)) - Stopping server on 33439
2019-10-03 20:10:36,014 [IPC Server listener on 33439] INFO  ipc.Server (Server.java:run(1185)) - Stopping IPC Server listener on 33439
2019-10-03 20:10:36,014 [IPC Server Responder] INFO  ipc.Server (Server.java:run(1319)) - Stopping IPC Server Responder
2019-10-03 20:10:36,111 [SCM Heartbeat Processing Thread - 0] WARN  node.NodeStateManager (NodeStateManager.java:scheduleNextHealthCheck(646)) - Current Thread is interrupted, shutting down HB processing thread for Node Manager.
2019-10-03 20:10:36,112 [main] INFO  server.StorageContainerManager (StorageContainerManager.java:stop(830)) - Stopping block service RPC server
2019-10-03 20:10:36,112 [main] INFO  server.SCMBlockProtocolServer (SCMBlockProtocolServer.java:stop(155)) - Stopping the RPC server for Block Protocol
2019-10-03 20:10:36,112 [main] INFO  ipc.Server (Server.java:stop(3082)) - Stopping server on 35532
2019-10-03 20:10:36,114 [IPC Server listener on 35532] INFO  ipc.Server (Server.java:run(1185)) - Stopping IPC Server listener on 35532
2019-10-03 20:10:36,116 [main] INFO  server.StorageContainerManager (StorageContainerManager.java:stop(837)) - Stopping the StorageContainerLocationProtocol RPC server
2019-10-03 20:10:36,116 [IPC Server Responder] INFO  ipc.Server (Server.java:run(1319)) - Stopping IPC Server Responder
2019-10-03 20:10:36,117 [main] INFO  server.SCMClientProtocolServer (SCMClientProtocolServer.java:stop(168)) - Stopping the RPC server for Client Protocol
2019-10-03 20:10:36,117 [main] INFO  ipc.Server (Server.java:stop(3082)) - Stopping server on 45936
2019-10-03 20:10:36,119 [IPC Server listener on 45936] INFO  ipc.Server (Server.java:run(1185)) - Stopping IPC Server listener on 45936
2019-10-03 20:10:36,120 [IPC Server Responder] INFO  ipc.Server (Server.java:run(1319)) - Stopping IPC Server Responder
2019-10-03 20:10:36,120 [main] INFO  server.StorageContainerManager (StorageContainerManager.java:stop(844)) - Stopping Storage Container Manager HTTP server.
2019-10-03 20:10:36,128 [main] INFO  handler.ContextHandler (ContextHandler.java:doStop(910)) - Stopped o.e.j.w.WebAppContext@530ee28b{/,null,UNAVAILABLE}{/scm}
2019-10-03 20:10:36,129 [main] INFO  server.AbstractConnector (AbstractConnector.java:doStop(318)) - Stopped ServerConnector@3a3f96ab{HTTP/1.1,[http/1.1]}{0.0.0.0:0}
2019-10-03 20:10:36,129 [main] INFO  handler.ContextHandler (ContextHandler.java:doStop(910)) - Stopped o.e.j.s.ServletContextHandler@2dfa02c1{/static,file:///workdir/hadoop-ozone/integration-test/target/test-classes/webapps/static,UNAVAILABLE}
2019-10-03 20:10:36,130 [main] INFO  handler.ContextHandler (ContextHandler.java:doStop(910)) - Stopped o.e.j.s.ServletContextHandler@2c9306d3{/logs,file:///workdir/hadoop-ozone/integration-test/target/log,UNAVAILABLE}
2019-10-03 20:10:36,130 [main] INFO  server.StorageContainerManager (StorageContainerManager.java:stop(855)) - Stopping Block Manager Service.
2019-10-03 20:10:36,131 [main] INFO  utils.BackgroundService (BackgroundService.java:shutdown(148)) - Shutting down service SCMBlockDeletingService
2019-10-03 20:10:36,131 [main] INFO  utils.BackgroundService (BackgroundService.java:shutdown(148)) - Shutting down service SCMBlockDeletingService
2019-10-03 20:10:36,131 [main] INFO  server.StorageContainerManager (StorageContainerManager.java:stop(877)) - Stopping SCM Event Queue.
2019-10-03 20:10:36,136 [main] INFO  impl.MetricsSystemImpl (MetricsSystemImpl.java:stop(210)) - Stopping HddsDatanode metrics system...
2019-10-03 20:10:36,161 [main] INFO  impl.MetricsSystemImpl (MetricsSystemImpl.java:stop(216)) - HddsDatanode metrics system stopped.
]]></system-out>
    <system-err><![CDATA[Oct 03, 2019 8:10:25 PM org.apache.ratis.thirdparty.io.grpc.internal.SerializingExecutor run
SEVERE: Exception while executing runnable org.apache.ratis.thirdparty.io.grpc.internal.ServerImpl$JumpToApplicationThreadServerStreamListener$1Closed@146e450c
org.apache.ratis.thirdparty.io.grpc.StatusRuntimeException: CANCELLED: call already cancelled
	at org.apache.ratis.thirdparty.io.grpc.Status.asRuntimeException(Status.java:517)
	at org.apache.ratis.thirdparty.io.grpc.stub.ServerCalls$ServerCallStreamObserverImpl.onCompleted(ServerCalls.java:356)
	at org.apache.ratis.grpc.server.GrpcServerProtocolService$ServerRequestStreamObserver.onError(GrpcServerProtocolService.java:121)
	at org.apache.ratis.thirdparty.io.grpc.stub.ServerCalls$StreamingServerCallHandler$StreamingServerCallListener.onCancel(ServerCalls.java:269)
	at org.apache.ratis.thirdparty.io.grpc.internal.ServerCallImpl$ServerStreamListenerImpl.closed(ServerCallImpl.java:293)
	at org.apache.ratis.thirdparty.io.grpc.internal.ServerImpl$JumpToApplicationThreadServerStreamListener$1Closed.runInContext(ServerImpl.java:741)
	at org.apache.ratis.thirdparty.io.grpc.internal.ContextRunnable.run(ContextRunnable.java:37)
	at org.apache.ratis.thirdparty.io.grpc.internal.SerializingExecutor.run(SerializingExecutor.java:123)
	at java.util.concurrent.ThreadPoolExecutor.runWorker(ThreadPoolExecutor.java:1149)
	at java.util.concurrent.ThreadPoolExecutor$Worker.run(ThreadPoolExecutor.java:624)
	at java.lang.Thread.run(Thread.java:748)

]]></system-err>
  </testcase>
  <testcase name="testFailureWithPrimeSizedData" classname="org.apache.hadoop.ozone.client.rpc.TestBlockOutputStreamWithFailures" time="36.13"/>
  <testcase name="testWatchForCommitWithCloseContainerException" classname="org.apache.hadoop.ozone.client.rpc.TestBlockOutputStreamWithFailures" time="43.54"/>
  <testcase name="testExceptionDuringClose" classname="org.apache.hadoop.ozone.client.rpc.TestBlockOutputStreamWithFailures" time="39.734"/>
</testsuite>