<?xml version="1.0" encoding="UTF-8"?>
<testsuite xmlns:xsi="http://www.w3.org/2001/XMLSchema-instance" xsi:noNamespaceSchemaLocation="https://maven.apache.org/surefire/maven-surefire-plugin/xsd/surefire-test-report.xsd" name="org.apache.hadoop.ozone.client.rpc.Test2WayCommitInRatis" time="34.39" tests="1" errors="1" skipped="0" failures="0">
  <properties>
    <property name="awt.toolkit" value="sun.awt.X11.XToolkit"/>
    <property name="file.encoding.pkg" value="sun.io"/>
    <property name="java.specification.version" value="1.8"/>
    <property name="sun.cpu.isalist" value=""/>
    <property name="sun.jnu.encoding" value="UTF-8"/>
    <property name="java.class.path" value="/workdir/hadoop-ozone/integration-test/target/test-classes:/workdir/hadoop-ozone/integration-test/target/classes:/home/user/.m2/repository/org/apache/hadoop/hadoop-ozone-common/0.5.0-SNAPSHOT/hadoop-ozone-common-0.5.0-SNAPSHOT.jar:/home/user/.m2/repository/org/apache/commons/commons-compress/1.4.1/commons-compress-1.4.1.jar:/home/user/.m2/repository/org/tukaani/xz/1.0/xz-1.0.jar:/home/user/.m2/repository/org/apache/hadoop/hadoop-common/3.2.0/hadoop-common-3.2.0.jar:/home/user/.m2/repository/org/apache/hadoop/hadoop-hdfs/3.2.0/hadoop-hdfs-3.2.0.jar:/home/user/.m2/repository/org/apache/hadoop/hadoop-hdfs-client/3.2.0/hadoop-hdfs-client-3.2.0.jar:/home/user/.m2/repository/com/fasterxml/jackson/core/jackson-annotations/2.9.9/jackson-annotations-2.9.9.jar:/home/user/.m2/repository/org/apache/hadoop/hadoop-hdds-common/0.5.0-SNAPSHOT/hadoop-hdds-common-0.5.0-SNAPSHOT.jar:/home/user/.m2/repository/javax/annotation/javax.annotation-api/1.2/javax.annotation-api-1.2.jar:/home/user/.m2/repository/org/apache/ratis/ratis-server/0.5.0-201fc85-SNAPSHOT/ratis-server-0.5.0-201fc85-SNAPSHOT.jar:/home/user/.m2/repository/org/apache/ratis/ratis-thirdparty-misc/0.2.0/ratis-thirdparty-misc-0.2.0.jar:/home/user/.m2/repository/org/apache/ratis/ratis-proto/0.5.0-201fc85-SNAPSHOT/ratis-proto-0.5.0-201fc85-SNAPSHOT.jar:/home/user/.m2/repository/org/apache/ratis/ratis-common/0.5.0-201fc85-SNAPSHOT/ratis-common-0.5.0-201fc85-SNAPSHOT.jar:/home/user/.m2/repository/org/apache/ratis/ratis-client/0.5.0-201fc85-SNAPSHOT/ratis-client-0.5.0-201fc85-SNAPSHOT.jar:/home/user/.m2/repository/org/apache/ratis/ratis-metrics/0.5.0-201fc85-SNAPSHOT/ratis-metrics-0.5.0-201fc85-SNAPSHOT.jar:/home/user/.m2/repository/com/github/joshelser/dropwizard-metrics-hadoop-metrics2-reporter/0.1.2/dropwizard-metrics-hadoop-metrics2-reporter-0.1.2.jar:/home/user/.m2/repository/io/dropwizard/metrics/metrics-jvm/3.2.5/metrics-jvm-3.2.5.jar:/home/user/.m2/repository/io/dropwizard/metrics/metrics-ganglia/3.2.5/metrics-ganglia-3.2.5.jar:/home/user/.m2/repository/info/ganglia/gmetric4j/gmetric4j/1.0.7/gmetric4j-1.0.7.jar:/home/user/.m2/repository/org/apache/ratis/ratis-netty/0.5.0-201fc85-SNAPSHOT/ratis-netty-0.5.0-201fc85-SNAPSHOT.jar:/home/user/.m2/repository/org/apache/ratis/ratis-grpc/0.5.0-201fc85-SNAPSHOT/ratis-grpc-0.5.0-201fc85-SNAPSHOT.jar:/home/user/.m2/repository/org/rocksdb/rocksdbjni/6.0.1/rocksdbjni-6.0.1.jar:/home/user/.m2/repository/org/apache/logging/log4j/log4j-api/2.11.0/log4j-api-2.11.0.jar:/home/user/.m2/repository/org/apache/logging/log4j/log4j-core/2.11.0/log4j-core-2.11.0.jar:/home/user/.m2/repository/com/lmax/disruptor/3.4.2/disruptor-3.4.2.jar:/home/user/.m2/repository/org/apache/commons/commons-pool2/2.6.0/commons-pool2-2.6.0.jar:/home/user/.m2/repository/org/bouncycastle/bcpkix-jdk15on/1.60/bcpkix-jdk15on-1.60.jar:/home/user/.m2/repository/commons-validator/commons-validator/1.6/commons-validator-1.6.jar:/home/user/.m2/repository/commons-digester/commons-digester/1.8.1/commons-digester-1.8.1.jar:/home/user/.m2/repository/io/jaegertracing/jaeger-client/0.34.0/jaeger-client-0.34.0.jar:/home/user/.m2/repository/io/jaegertracing/jaeger-thrift/0.34.0/jaeger-thrift-0.34.0.jar:/home/user/.m2/repository/org/apache/thrift/libthrift/0.12.0/libthrift-0.12.0.jar:/home/user/.m2/repository/com/squareup/okhttp3/okhttp/3.9.0/okhttp-3.9.0.jar:/home/user/.m2/repository/com/squareup/okio/okio/1.13.0/okio-1.13.0.jar:/home/user/.m2/repository/io/jaegertracing/jaeger-core/0.34.0/jaeger-core-0.34.0.jar:/home/user/.m2/repository/io/jaegertracing/jaeger-tracerresolver/0.34.0/jaeger-tracerresolver-0.34.0.jar:/home/user/.m2/repository/io/opentracing/contrib/opentracing-tracerresolver/0.1.5/opentracing-tracerresolver-0.1.5.jar:/home/user/.m2/repository/io/opentracing/opentracing-util/0.31.0/opentracing-util-0.31.0.jar:/home/user/.m2/repository/io/opentracing/opentracing-api/0.31.0/opentracing-api-0.31.0.jar:/home/user/.m2/repository/io/opentracing/opentracing-noop/0.31.0/opentracing-noop-0.31.0.jar:/home/user/.m2/repository/org/apache/hadoop/hadoop-hdds-server-framework/0.5.0-SNAPSHOT/hadoop-hdds-server-framework-0.5.0-SNAPSHOT.jar:/home/user/.m2/repository/org/apache/hadoop/hadoop-hdds-container-service/0.5.0-SNAPSHOT/hadoop-hdds-container-service-0.5.0-SNAPSHOT.jar:/home/user/.m2/repository/org/apache/hadoop/hadoop-hdds-client/0.5.0-SNAPSHOT/hadoop-hdds-client-0.5.0-SNAPSHOT.jar:/home/user/.m2/repository/org/apache/hadoop/hadoop-hdds-tools/0.5.0-SNAPSHOT/hadoop-hdds-tools-0.5.0-SNAPSHOT.jar:/home/user/.m2/repository/org/apache/hadoop/hadoop-hdds-server-scm/0.5.0-SNAPSHOT/hadoop-hdds-server-scm-0.5.0-SNAPSHOT.jar:/home/user/.m2/repository/org/apache/hadoop/hadoop-hdds-docs/0.5.0-SNAPSHOT/hadoop-hdds-docs-0.5.0-SNAPSHOT.jar:/home/user/.m2/repository/io/dropwizard/metrics/metrics-core/3.2.4/metrics-core-3.2.4.jar:/home/user/.m2/repository/org/hamcrest/hamcrest-all/1.3/hamcrest-all-1.3.jar:/home/user/.m2/repository/org/bouncycastle/bcprov-jdk15on/1.60/bcprov-jdk15on-1.60.jar:/home/user/.m2/repository/info/picocli/picocli/3.9.6/picocli-3.9.6.jar:/home/user/.m2/repository/com/google/protobuf/protobuf-java/2.5.0/protobuf-java-2.5.0.jar:/home/user/.m2/repository/com/google/guava/guava/11.0.2/guava-11.0.2.jar:/home/user/.m2/repository/org/apache/hadoop/hadoop-ozone-ozone-manager/0.5.0-SNAPSHOT/hadoop-ozone-ozone-manager-0.5.0-SNAPSHOT.jar:/home/user/.m2/repository/org/apache/hadoop/hadoop-minikdc/3.2.0/hadoop-minikdc-3.2.0.jar:/home/user/.m2/repository/commons-io/commons-io/2.5/commons-io-2.5.jar:/home/user/.m2/repository/org/apache/kerby/kerb-simplekdc/1.0.1/kerb-simplekdc-1.0.1.jar:/home/user/.m2/repository/org/apache/kerby/kerb-client/1.0.1/kerb-client-1.0.1.jar:/home/user/.m2/repository/org/apache/kerby/kerby-config/1.0.1/kerby-config-1.0.1.jar:/home/user/.m2/repository/org/apache/kerby/kerb-core/1.0.1/kerb-core-1.0.1.jar:/home/user/.m2/repository/org/apache/kerby/kerby-pkix/1.0.1/kerby-pkix-1.0.1.jar:/home/user/.m2/repository/org/apache/kerby/kerby-asn1/1.0.1/kerby-asn1-1.0.1.jar:/home/user/.m2/repository/org/apache/kerby/kerby-util/1.0.1/kerby-util-1.0.1.jar:/home/user/.m2/repository/org/apache/kerby/kerb-common/1.0.1/kerb-common-1.0.1.jar:/home/user/.m2/repository/org/apache/kerby/kerb-crypto/1.0.1/kerb-crypto-1.0.1.jar:/home/user/.m2/repository/org/apache/kerby/kerb-util/1.0.1/kerb-util-1.0.1.jar:/home/user/.m2/repository/org/apache/kerby/token-provider/1.0.1/token-provider-1.0.1.jar:/home/user/.m2/repository/org/apache/kerby/kerb-admin/1.0.1/kerb-admin-1.0.1.jar:/home/user/.m2/repository/org/apache/kerby/kerb-server/1.0.1/kerb-server-1.0.1.jar:/home/user/.m2/repository/org/apache/kerby/kerb-identity/1.0.1/kerb-identity-1.0.1.jar:/home/user/.m2/repository/org/apache/kerby/kerby-xdr/1.0.1/kerby-xdr-1.0.1.jar:/home/user/.m2/repository/org/slf4j/slf4j-log4j12/1.7.25/slf4j-log4j12-1.7.25.jar:/home/user/.m2/repository/org/apache/hadoop/hadoop-ozone-s3gateway/0.5.0-SNAPSHOT/hadoop-ozone-s3gateway-0.5.0-SNAPSHOT.jar:/home/user/.m2/repository/org/jboss/weld/servlet/weld-servlet/2.4.7.Final/weld-servlet-2.4.7.Final.jar:/home/user/.m2/repository/org/glassfish/jersey/containers/jersey-container-servlet-core/2.27/jersey-container-servlet-core-2.27.jar:/home/user/.m2/repository/org/glassfish/hk2/external/javax.inject/2.5.0-b42/javax.inject-2.5.0-b42.jar:/home/user/.m2/repository/org/glassfish/jersey/core/jersey-common/2.27/jersey-common-2.27.jar:/home/user/.m2/repository/org/glassfish/hk2/osgi-resource-locator/1.0.1/osgi-resource-locator-1.0.1.jar:/home/user/.m2/repository/javax/ws/rs/javax.ws.rs-api/2.1/javax.ws.rs-api-2.1.jar:/home/user/.m2/repository/org/glassfish/jersey/ext/cdi/jersey-cdi1x/2.27/jersey-cdi1x-2.27.jar:/home/user/.m2/repository/org/glassfish/jersey/inject/jersey-hk2/2.27/jersey-hk2-2.27.jar:/home/user/.m2/repository/org/glassfish/hk2/hk2-locator/2.5.0-b42/hk2-locator-2.5.0-b42.jar:/home/user/.m2/repository/org/javassist/javassist/3.22.0-CR2/javassist-3.22.0-CR2.jar:/home/user/.m2/repository/org/glassfish/hk2/hk2-api/2.5.0/hk2-api-2.5.0.jar:/home/user/.m2/repository/org/glassfish/hk2/external/jakarta.inject/2.5.0/jakarta.inject-2.5.0.jar:/home/user/.m2/repository/org/glassfish/hk2/hk2-utils/2.5.0/hk2-utils-2.5.0.jar:/home/user/.m2/repository/jakarta/annotation/jakarta.annotation-api/1.3.4/jakarta.annotation-api-1.3.4.jar:/home/user/.m2/repository/org/glassfish/hk2/external/aopalliance-repackaged/2.5.0/aopalliance-repackaged-2.5.0.jar:/home/user/.m2/repository/com/fasterxml/jackson/dataformat/jackson-dataformat-xml/2.9.0/jackson-dataformat-xml-2.9.0.jar:/home/user/.m2/repository/com/fasterxml/jackson/core/jackson-core/2.9.9/jackson-core-2.9.9.jar:/home/user/.m2/repository/com/fasterxml/jackson/module/jackson-module-jaxb-annotations/2.9.9/jackson-module-jaxb-annotations-2.9.9.jar:/home/user/.m2/repository/javax/enterprise/cdi-api/1.2/cdi-api-1.2.jar:/home/user/.m2/repository/javax/el/javax.el-api/3.0.0/javax.el-api-3.0.0.jar:/home/user/.m2/repository/javax/interceptor/javax.interceptor-api/1.2/javax.interceptor-api-1.2.jar:/home/user/.m2/repository/javax/inject/javax.inject/1/javax.inject-1.jar:/home/user/.m2/repository/com/sun/xml/bind/jaxb-impl/2.3.0.1/jaxb-impl-2.3.0.1.jar:/home/user/.m2/repository/com/sun/xml/bind/jaxb-core/2.3.0.1/jaxb-core-2.3.0.1.jar:/home/user/.m2/repository/javax/xml/bind/jaxb-api/2.3.0/jaxb-api-2.3.0.jar:/home/user/.m2/repository/javax/activation/activation/1.1.1/activation-1.1.1.jar:/home/user/.m2/repository/org/apache/hadoop/hadoop-ozone-csi/0.5.0-SNAPSHOT/hadoop-ozone-csi-0.5.0-SNAPSHOT.jar:/home/user/.m2/repository/com/google/protobuf/protobuf-java-util/3.5.1/protobuf-java-util-3.5.1.jar:/home/user/.m2/repository/org/apache/hadoop/hadoop-hdds-config/0.5.0-SNAPSHOT/hadoop-hdds-config-0.5.0-SNAPSHOT.jar:/home/user/.m2/repository/io/grpc/grpc-netty/1.17.1/grpc-netty-1.17.1.jar:/home/user/.m2/repository/io/grpc/grpc-core/1.17.1/grpc-core-1.17.1.jar:/home/user/.m2/repository/io/grpc/grpc-context/1.17.1/grpc-context-1.17.1.jar:/home/user/.m2/repository/com/google/errorprone/error_prone_annotations/2.2.0/error_prone_annotations-2.2.0.jar:/home/user/.m2/repository/org/codehaus/mojo/animal-sniffer-annotations/1.17/animal-sniffer-annotations-1.17.jar:/home/user/.m2/repository/io/opencensus/opencensus-api/0.17.0/opencensus-api-0.17.0.jar:/home/user/.m2/repository/io/opencensus/opencensus-contrib-grpc-metrics/0.17.0/opencensus-contrib-grpc-metrics-0.17.0.jar:/home/user/.m2/repository/io/netty/netty-codec-http2/4.1.30.Final/netty-codec-http2-4.1.30.Final.jar:/home/user/.m2/repository/io/netty/netty-codec-http/4.1.30.Final/netty-codec-http-4.1.30.Final.jar:/home/user/.m2/repository/io/netty/netty-codec/4.1.30.Final/netty-codec-4.1.30.Final.jar:/home/user/.m2/repository/io/netty/netty-handler/4.1.30.Final/netty-handler-4.1.30.Final.jar:/home/user/.m2/repository/io/netty/netty-handler-proxy/4.1.30.Final/netty-handler-proxy-4.1.30.Final.jar:/home/user/.m2/repository/io/netty/netty-codec-socks/4.1.30.Final/netty-codec-socks-4.1.30.Final.jar:/home/user/.m2/repository/io/netty/netty-transport-native-epoll/4.1.30.Final/netty-transport-native-epoll-4.1.30.Final.jar:/home/user/.m2/repository/io/netty/netty-common/4.1.30.Final/netty-common-4.1.30.Final.jar:/home/user/.m2/repository/io/netty/netty-buffer/4.1.30.Final/netty-buffer-4.1.30.Final.jar:/home/user/.m2/repository/io/netty/netty-transport/4.1.30.Final/netty-transport-4.1.30.Final.jar:/home/user/.m2/repository/io/netty/netty-resolver/4.1.30.Final/netty-resolver-4.1.30.Final.jar:/home/user/.m2/repository/io/netty/netty-transport-native-unix-common/4.1.30.Final/netty-transport-native-unix-common-4.1.30.Final.jar:/home/user/.m2/repository/io/grpc/grpc-protobuf/1.17.1/grpc-protobuf-1.17.1.jar:/home/user/.m2/repository/com/google/api/grpc/proto-google-common-protos/1.0.0/proto-google-common-protos-1.0.0.jar:/home/user/.m2/repository/io/grpc/grpc-protobuf-lite/1.17.1/grpc-protobuf-lite-1.17.1.jar:/home/user/.m2/repository/io/grpc/grpc-stub/1.17.1/grpc-stub-1.17.1.jar:/home/user/.m2/repository/org/apache/hadoop/hadoop-ozone-recon/0.5.0-SNAPSHOT/hadoop-ozone-recon-0.5.0-SNAPSHOT.jar:/home/user/.m2/repository/org/apache/hadoop/hadoop-ozone-reconcodegen/0.5.0-SNAPSHOT/hadoop-ozone-reconcodegen-0.5.0-SNAPSHOT.jar:/home/user/.m2/repository/com/google/inject/extensions/guice-multibindings/4.0/guice-multibindings-4.0.jar:/home/user/.m2/repository/com/google/inject/guice/4.0/guice-4.0.jar:/home/user/.m2/repository/aopalliance/aopalliance/1.0/aopalliance-1.0.jar:/home/user/.m2/repository/com/google/inject/extensions/guice-servlet/4.0/guice-servlet-4.0.jar:/home/user/.m2/repository/org/glassfish/jersey/containers/jersey-container-servlet/2.27/jersey-container-servlet-2.27.jar:/home/user/.m2/repository/org/glassfish/hk2/guice-bridge/2.5.0/guice-bridge-2.5.0.jar:/home/user/.m2/repository/org/glassfish/jersey/core/jersey-server/2.27/jersey-server-2.27.jar:/home/user/.m2/repository/org/glassfish/jersey/core/jersey-client/2.27/jersey-client-2.27.jar:/home/user/.m2/repository/org/glassfish/jersey/media/jersey-media-jaxb/2.27/jersey-media-jaxb-2.27.jar:/home/user/.m2/repository/javax/validation/validation-api/1.1.0.Final/validation-api-1.1.0.Final.jar:/home/user/.m2/repository/org/glassfish/jersey/media/jersey-media-json-jackson/2.27/jersey-media-json-jackson-2.27.jar:/home/user/.m2/repository/org/glassfish/jersey/ext/jersey-entity-filtering/2.27/jersey-entity-filtering-2.27.jar:/home/user/.m2/repository/com/google/inject/extensions/guice-assistedinject/4.0/guice-assistedinject-4.0.jar:/home/user/.m2/repository/org/jooq/jooq/3.11.10/jooq-3.11.10.jar:/home/user/.m2/repository/org/jooq/jooq-meta/3.11.10/jooq-meta-3.11.10.jar:/home/user/.m2/repository/org/jooq/jooq-codegen/3.11.10/jooq-codegen-3.11.10.jar:/home/user/.m2/repository/com/jolbox/bonecp/0.8.0.RELEASE/bonecp-0.8.0.RELEASE.jar:/home/user/.m2/repository/org/xerial/sqlite-jdbc/3.25.2/sqlite-jdbc-3.25.2.jar:/home/user/.m2/repository/org/springframework/spring-jdbc/5.1.3.RELEASE/spring-jdbc-5.1.3.RELEASE.jar:/home/user/.m2/repository/org/springframework/spring-beans/5.1.3.RELEASE/spring-beans-5.1.3.RELEASE.jar:/home/user/.m2/repository/org/springframework/spring-core/5.1.3.RELEASE/spring-core-5.1.3.RELEASE.jar:/home/user/.m2/repository/org/springframework/spring-jcl/5.1.3.RELEASE/spring-jcl-5.1.3.RELEASE.jar:/home/user/.m2/repository/org/springframework/spring-tx/5.1.3.RELEASE/spring-tx-5.1.3.RELEASE.jar:/home/user/.m2/repository/org/apache/hadoop/hadoop-ozone-client/0.5.0-SNAPSHOT/hadoop-ozone-client-0.5.0-SNAPSHOT.jar:/home/user/.m2/repository/commons-lang/commons-lang/2.6/commons-lang-2.6.jar:/home/user/.m2/repository/org/apache/hadoop/hadoop-ozone-ozone-manager/0.5.0-SNAPSHOT/hadoop-ozone-ozone-manager-0.5.0-SNAPSHOT-tests.jar:/home/user/.m2/repository/junit/junit/4.11/junit-4.11.jar:/home/user/.m2/repository/org/hamcrest/hamcrest-core/1.3/hamcrest-core-1.3.jar:/home/user/.m2/repository/org/openjdk/jmh/jmh-core/1.19/jmh-core-1.19.jar:/home/user/.m2/repository/net/sf/jopt-simple/jopt-simple/4.6/jopt-simple-4.6.jar:/home/user/.m2/repository/org/apache/commons/commons-math3/3.1.1/commons-math3-3.1.1.jar:/home/user/.m2/repository/org/openjdk/jmh/jmh-generator-annprocess/1.19/jmh-generator-annprocess-1.19.jar:/home/user/.m2/repository/org/mockito/mockito-all/1.8.5/mockito-all-1.8.5.jar:/home/user/.m2/repository/org/apache/hadoop/hadoop-kms/3.2.0/hadoop-kms-3.2.0.jar:/home/user/.m2/repository/org/apache/hadoop/hadoop-auth/3.2.0/hadoop-auth-3.2.0.jar:/home/user/.m2/repository/com/nimbusds/nimbus-jose-jwt/4.41.1/nimbus-jose-jwt-4.41.1.jar:/home/user/.m2/repository/com/github/stephenc/jcip/jcip-annotations/1.0-1/jcip-annotations-1.0-1.jar:/home/user/.m2/repository/net/minidev/json-smart/2.3/json-smart-2.3.jar:/home/user/.m2/repository/net/minidev/accessors-smart/1.2/accessors-smart-1.2.jar:/home/user/.m2/repository/org/ow2/asm/asm/5.0.4/asm-5.0.4.jar:/home/user/.m2/repository/org/apache/curator/curator-framework/2.12.0/curator-framework-2.12.0.jar:/home/user/.m2/repository/com/sun/jersey/jersey-core/1.19/jersey-core-1.19.jar:/home/user/.m2/repository/javax/ws/rs/jsr311-api/1.1.1/jsr311-api-1.1.1.jar:/home/user/.m2/repository/com/sun/jersey/jersey-server/1.19/jersey-server-1.19.jar:/home/user/.m2/repository/javax/servlet/javax.servlet-api/3.1.0/javax.servlet-api-3.1.0.jar:/home/user/.m2/repository/org/eclipse/jetty/jetty-server/9.3.25.v20180904/jetty-server-9.3.25.v20180904.jar:/home/user/.m2/repository/org/eclipse/jetty/jetty-http/9.3.25.v20180904/jetty-http-9.3.25.v20180904.jar:/home/user/.m2/repository/org/eclipse/jetty/jetty-io/9.3.25.v20180904/jetty-io-9.3.25.v20180904.jar:/home/user/.m2/repository/org/eclipse/jetty/jetty-webapp/9.3.25.v20180904/jetty-webapp-9.3.25.v20180904.jar:/home/user/.m2/repository/org/eclipse/jetty/jetty-xml/9.3.25.v20180904/jetty-xml-9.3.25.v20180904.jar:/home/user/.m2/repository/log4j/log4j/1.2.17/log4j-1.2.17.jar:/home/user/.m2/repository/org/slf4j/slf4j-api/1.7.25/slf4j-api-1.7.25.jar:/home/user/.m2/repository/org/slf4j/jul-to-slf4j/1.7.25/jul-to-slf4j-1.7.25.jar:/home/user/.m2/repository/org/eclipse/jetty/jetty-util/9.3.25.v20180904/jetty-util-9.3.25.v20180904.jar:/home/user/.m2/repository/com/fasterxml/jackson/core/jackson-databind/2.9.9/jackson-databind-2.9.9.jar:/home/user/.m2/repository/org/apache/hadoop/hadoop-kms/3.2.0/hadoop-kms-3.2.0-tests.jar:/home/user/.m2/repository/org/apache/hadoop/hadoop-hdds-server-scm/0.5.0-SNAPSHOT/hadoop-hdds-server-scm-0.5.0-SNAPSHOT-tests.jar:/home/user/.m2/repository/org/apache/hadoop/hadoop-hdds-container-service/0.5.0-SNAPSHOT/hadoop-hdds-container-service-0.5.0-SNAPSHOT-tests.jar:/home/user/.m2/repository/org/yaml/snakeyaml/1.16/snakeyaml-1.16.jar:/home/user/.m2/repository/org/apache/hadoop/hadoop-common/3.2.0/hadoop-common-3.2.0-tests.jar:/home/user/.m2/repository/org/apache/hadoop/hadoop-annotations/3.2.0/hadoop-annotations-3.2.0.jar:/usr/lib/jvm/java-1.8-openjdk/jre/../lib/tools.jar:/home/user/.m2/repository/commons-cli/commons-cli/1.2/commons-cli-1.2.jar:/home/user/.m2/repository/org/apache/httpcomponents/httpclient/4.5.2/httpclient-4.5.2.jar:/home/user/.m2/repository/org/apache/httpcomponents/httpcore/4.4.4/httpcore-4.4.4.jar:/home/user/.m2/repository/commons-codec/commons-codec/1.11/commons-codec-1.11.jar:/home/user/.m2/repository/commons-net/commons-net/3.6/commons-net-3.6.jar:/home/user/.m2/repository/commons-collections/commons-collections/3.2.2/commons-collections-3.2.2.jar:/home/user/.m2/repository/org/eclipse/jetty/jetty-servlet/9.3.25.v20180904/jetty-servlet-9.3.25.v20180904.jar:/home/user/.m2/repository/org/eclipse/jetty/jetty-security/9.3.25.v20180904/jetty-security-9.3.25.v20180904.jar:/home/user/.m2/repository/javax/servlet/jsp/jsp-api/2.1/jsp-api-2.1.jar:/home/user/.m2/repository/com/sun/jersey/jersey-servlet/1.19/jersey-servlet-1.19.jar:/home/user/.m2/repository/com/sun/jersey/jersey-json/1.19/jersey-json-1.19.jar:/home/user/.m2/repository/org/codehaus/jettison/jettison/1.1/jettison-1.1.jar:/home/user/.m2/repository/org/codehaus/jackson/jackson-core-asl/1.9.13/jackson-core-asl-1.9.13.jar:/home/user/.m2/repository/org/codehaus/jackson/jackson-mapper-asl/1.9.13/jackson-mapper-asl-1.9.13.jar:/home/user/.m2/repository/org/codehaus/jackson/jackson-jaxrs/1.9.13/jackson-jaxrs-1.9.13.jar:/home/user/.m2/repository/org/codehaus/jackson/jackson-xc/1.9.13/jackson-xc-1.9.13.jar:/home/user/.m2/repository/commons-logging/commons-logging/1.1.3/commons-logging-1.1.3.jar:/home/user/.m2/repository/commons-beanutils/commons-beanutils/1.9.4/commons-beanutils-1.9.4.jar:/home/user/.m2/repository/org/apache/commons/commons-configuration2/2.1.1/commons-configuration2-2.1.1.jar:/home/user/.m2/repository/org/apache/commons/commons-lang3/3.7/commons-lang3-3.7.jar:/home/user/.m2/repository/org/apache/commons/commons-text/1.4/commons-text-1.4.jar:/home/user/.m2/repository/org/apache/avro/avro/1.7.7/avro-1.7.7.jar:/home/user/.m2/repository/com/thoughtworks/paranamer/paranamer/2.3/paranamer-2.3.jar:/home/user/.m2/repository/org/xerial/snappy/snappy-java/1.0.5/snappy-java-1.0.5.jar:/home/user/.m2/repository/com/google/re2j/re2j/1.1/re2j-1.1.jar:/home/user/.m2/repository/com/google/code/gson/gson/2.2.4/gson-2.2.4.jar:/home/user/.m2/repository/com/jcraft/jsch/0.1.54/jsch-0.1.54.jar:/home/user/.m2/repository/org/apache/curator/curator-client/2.12.0/curator-client-2.12.0.jar:/home/user/.m2/repository/org/apache/curator/curator-recipes/2.12.0/curator-recipes-2.12.0.jar:/home/user/.m2/repository/com/google/code/findbugs/jsr305/3.0.0/jsr305-3.0.0.jar:/home/user/.m2/repository/org/apache/htrace/htrace-core4/4.1.0-incubating/htrace-core4-4.1.0-incubating.jar:/home/user/.m2/repository/org/apache/zookeeper/zookeeper/3.4.13/zookeeper-3.4.13.jar:/home/user/.m2/repository/jline/jline/0.9.94/jline-0.9.94.jar:/home/user/.m2/repository/org/apache/yetus/audience-annotations/0.5.0/audience-annotations-0.5.0.jar:/home/user/.m2/repository/org/codehaus/woodstox/stax2-api/3.1.4/stax2-api-3.1.4.jar:/home/user/.m2/repository/com/fasterxml/woodstox/woodstox-core/5.0.3/woodstox-core-5.0.3.jar:/home/user/.m2/repository/dnsjava/dnsjava/2.1.7/dnsjava-2.1.7.jar:/home/user/.m2/repository/org/apache/hadoop/hadoop-hdfs/3.2.0/hadoop-hdfs-3.2.0-tests.jar:/home/user/.m2/repository/org/eclipse/jetty/jetty-util-ajax/9.3.25.v20180904/jetty-util-ajax-9.3.25.v20180904.jar:/home/user/.m2/repository/commons-daemon/commons-daemon/1.0.13/commons-daemon-1.0.13.jar:/home/user/.m2/repository/io/netty/netty/3.10.5.Final/netty-3.10.5.Final.jar:/home/user/.m2/repository/io/netty/netty-all/4.0.52.Final/netty-all-4.0.52.Final.jar:/home/user/.m2/repository/org/fusesource/leveldbjni/leveldbjni-all/1.8/leveldbjni-all-1.8.jar:"/>
    <property name="java.vm.vendor" value="IcedTea"/>
    <property name="sun.arch.data.model" value="64"/>
    <property name="test.build.dir" value="/workdir/hadoop-ozone/integration-test/target/test-dir"/>
    <property name="test.cache.data" value=""/>
    <property name="java.vendor.url" value="https://icedtea.classpath.org"/>
    <property name="user.timezone" value=""/>
    <property name="java.vm.specification.version" value="1.8"/>
    <property name="os.name" value="Linux"/>
    <property name="test.build.data" value="/workdir/hadoop-ozone/integration-test/target/test-dir"/>
    <property name="user.country" value="US"/>
    <property name="sun.java.launcher" value="SUN_STANDARD"/>
    <property name="sun.boot.library.path" value="/usr/lib/jvm/java-1.8-openjdk/jre/lib/amd64"/>
    <property name="sun.java.command" value="/workdir/hadoop-ozone/integration-test/target/surefire/surefirebooter6964353888770625557.jar /workdir/hadoop-ozone/integration-test/target/surefire 2019-10-03T19-07-21_669-jvmRun1 surefire8098308361367701657tmp surefire_498161422312026811463tmp"/>
    <property name="test" value="!TestMiniChaosOzoneCluster"/>
    <property name="surefire.test.class.path" value="/workdir/hadoop-ozone/integration-test/target/test-classes:/workdir/hadoop-ozone/integration-test/target/classes:/home/user/.m2/repository/org/apache/hadoop/hadoop-ozone-common/0.5.0-SNAPSHOT/hadoop-ozone-common-0.5.0-SNAPSHOT.jar:/home/user/.m2/repository/org/apache/commons/commons-compress/1.4.1/commons-compress-1.4.1.jar:/home/user/.m2/repository/org/tukaani/xz/1.0/xz-1.0.jar:/home/user/.m2/repository/org/apache/hadoop/hadoop-common/3.2.0/hadoop-common-3.2.0.jar:/home/user/.m2/repository/org/apache/hadoop/hadoop-hdfs/3.2.0/hadoop-hdfs-3.2.0.jar:/home/user/.m2/repository/org/apache/hadoop/hadoop-hdfs-client/3.2.0/hadoop-hdfs-client-3.2.0.jar:/home/user/.m2/repository/com/fasterxml/jackson/core/jackson-annotations/2.9.9/jackson-annotations-2.9.9.jar:/home/user/.m2/repository/org/apache/hadoop/hadoop-hdds-common/0.5.0-SNAPSHOT/hadoop-hdds-common-0.5.0-SNAPSHOT.jar:/home/user/.m2/repository/javax/annotation/javax.annotation-api/1.2/javax.annotation-api-1.2.jar:/home/user/.m2/repository/org/apache/ratis/ratis-server/0.5.0-201fc85-SNAPSHOT/ratis-server-0.5.0-201fc85-SNAPSHOT.jar:/home/user/.m2/repository/org/apache/ratis/ratis-thirdparty-misc/0.2.0/ratis-thirdparty-misc-0.2.0.jar:/home/user/.m2/repository/org/apache/ratis/ratis-proto/0.5.0-201fc85-SNAPSHOT/ratis-proto-0.5.0-201fc85-SNAPSHOT.jar:/home/user/.m2/repository/org/apache/ratis/ratis-common/0.5.0-201fc85-SNAPSHOT/ratis-common-0.5.0-201fc85-SNAPSHOT.jar:/home/user/.m2/repository/org/apache/ratis/ratis-client/0.5.0-201fc85-SNAPSHOT/ratis-client-0.5.0-201fc85-SNAPSHOT.jar:/home/user/.m2/repository/org/apache/ratis/ratis-metrics/0.5.0-201fc85-SNAPSHOT/ratis-metrics-0.5.0-201fc85-SNAPSHOT.jar:/home/user/.m2/repository/com/github/joshelser/dropwizard-metrics-hadoop-metrics2-reporter/0.1.2/dropwizard-metrics-hadoop-metrics2-reporter-0.1.2.jar:/home/user/.m2/repository/io/dropwizard/metrics/metrics-jvm/3.2.5/metrics-jvm-3.2.5.jar:/home/user/.m2/repository/io/dropwizard/metrics/metrics-ganglia/3.2.5/metrics-ganglia-3.2.5.jar:/home/user/.m2/repository/info/ganglia/gmetric4j/gmetric4j/1.0.7/gmetric4j-1.0.7.jar:/home/user/.m2/repository/org/apache/ratis/ratis-netty/0.5.0-201fc85-SNAPSHOT/ratis-netty-0.5.0-201fc85-SNAPSHOT.jar:/home/user/.m2/repository/org/apache/ratis/ratis-grpc/0.5.0-201fc85-SNAPSHOT/ratis-grpc-0.5.0-201fc85-SNAPSHOT.jar:/home/user/.m2/repository/org/rocksdb/rocksdbjni/6.0.1/rocksdbjni-6.0.1.jar:/home/user/.m2/repository/org/apache/logging/log4j/log4j-api/2.11.0/log4j-api-2.11.0.jar:/home/user/.m2/repository/org/apache/logging/log4j/log4j-core/2.11.0/log4j-core-2.11.0.jar:/home/user/.m2/repository/com/lmax/disruptor/3.4.2/disruptor-3.4.2.jar:/home/user/.m2/repository/org/apache/commons/commons-pool2/2.6.0/commons-pool2-2.6.0.jar:/home/user/.m2/repository/org/bouncycastle/bcpkix-jdk15on/1.60/bcpkix-jdk15on-1.60.jar:/home/user/.m2/repository/commons-validator/commons-validator/1.6/commons-validator-1.6.jar:/home/user/.m2/repository/commons-digester/commons-digester/1.8.1/commons-digester-1.8.1.jar:/home/user/.m2/repository/io/jaegertracing/jaeger-client/0.34.0/jaeger-client-0.34.0.jar:/home/user/.m2/repository/io/jaegertracing/jaeger-thrift/0.34.0/jaeger-thrift-0.34.0.jar:/home/user/.m2/repository/org/apache/thrift/libthrift/0.12.0/libthrift-0.12.0.jar:/home/user/.m2/repository/com/squareup/okhttp3/okhttp/3.9.0/okhttp-3.9.0.jar:/home/user/.m2/repository/com/squareup/okio/okio/1.13.0/okio-1.13.0.jar:/home/user/.m2/repository/io/jaegertracing/jaeger-core/0.34.0/jaeger-core-0.34.0.jar:/home/user/.m2/repository/io/jaegertracing/jaeger-tracerresolver/0.34.0/jaeger-tracerresolver-0.34.0.jar:/home/user/.m2/repository/io/opentracing/contrib/opentracing-tracerresolver/0.1.5/opentracing-tracerresolver-0.1.5.jar:/home/user/.m2/repository/io/opentracing/opentracing-util/0.31.0/opentracing-util-0.31.0.jar:/home/user/.m2/repository/io/opentracing/opentracing-api/0.31.0/opentracing-api-0.31.0.jar:/home/user/.m2/repository/io/opentracing/opentracing-noop/0.31.0/opentracing-noop-0.31.0.jar:/home/user/.m2/repository/org/apache/hadoop/hadoop-hdds-server-framework/0.5.0-SNAPSHOT/hadoop-hdds-server-framework-0.5.0-SNAPSHOT.jar:/home/user/.m2/repository/org/apache/hadoop/hadoop-hdds-container-service/0.5.0-SNAPSHOT/hadoop-hdds-container-service-0.5.0-SNAPSHOT.jar:/home/user/.m2/repository/org/apache/hadoop/hadoop-hdds-client/0.5.0-SNAPSHOT/hadoop-hdds-client-0.5.0-SNAPSHOT.jar:/home/user/.m2/repository/org/apache/hadoop/hadoop-hdds-tools/0.5.0-SNAPSHOT/hadoop-hdds-tools-0.5.0-SNAPSHOT.jar:/home/user/.m2/repository/org/apache/hadoop/hadoop-hdds-server-scm/0.5.0-SNAPSHOT/hadoop-hdds-server-scm-0.5.0-SNAPSHOT.jar:/home/user/.m2/repository/org/apache/hadoop/hadoop-hdds-docs/0.5.0-SNAPSHOT/hadoop-hdds-docs-0.5.0-SNAPSHOT.jar:/home/user/.m2/repository/io/dropwizard/metrics/metrics-core/3.2.4/metrics-core-3.2.4.jar:/home/user/.m2/repository/org/hamcrest/hamcrest-all/1.3/hamcrest-all-1.3.jar:/home/user/.m2/repository/org/bouncycastle/bcprov-jdk15on/1.60/bcprov-jdk15on-1.60.jar:/home/user/.m2/repository/info/picocli/picocli/3.9.6/picocli-3.9.6.jar:/home/user/.m2/repository/com/google/protobuf/protobuf-java/2.5.0/protobuf-java-2.5.0.jar:/home/user/.m2/repository/com/google/guava/guava/11.0.2/guava-11.0.2.jar:/home/user/.m2/repository/org/apache/hadoop/hadoop-ozone-ozone-manager/0.5.0-SNAPSHOT/hadoop-ozone-ozone-manager-0.5.0-SNAPSHOT.jar:/home/user/.m2/repository/org/apache/hadoop/hadoop-minikdc/3.2.0/hadoop-minikdc-3.2.0.jar:/home/user/.m2/repository/commons-io/commons-io/2.5/commons-io-2.5.jar:/home/user/.m2/repository/org/apache/kerby/kerb-simplekdc/1.0.1/kerb-simplekdc-1.0.1.jar:/home/user/.m2/repository/org/apache/kerby/kerb-client/1.0.1/kerb-client-1.0.1.jar:/home/user/.m2/repository/org/apache/kerby/kerby-config/1.0.1/kerby-config-1.0.1.jar:/home/user/.m2/repository/org/apache/kerby/kerb-core/1.0.1/kerb-core-1.0.1.jar:/home/user/.m2/repository/org/apache/kerby/kerby-pkix/1.0.1/kerby-pkix-1.0.1.jar:/home/user/.m2/repository/org/apache/kerby/kerby-asn1/1.0.1/kerby-asn1-1.0.1.jar:/home/user/.m2/repository/org/apache/kerby/kerby-util/1.0.1/kerby-util-1.0.1.jar:/home/user/.m2/repository/org/apache/kerby/kerb-common/1.0.1/kerb-common-1.0.1.jar:/home/user/.m2/repository/org/apache/kerby/kerb-crypto/1.0.1/kerb-crypto-1.0.1.jar:/home/user/.m2/repository/org/apache/kerby/kerb-util/1.0.1/kerb-util-1.0.1.jar:/home/user/.m2/repository/org/apache/kerby/token-provider/1.0.1/token-provider-1.0.1.jar:/home/user/.m2/repository/org/apache/kerby/kerb-admin/1.0.1/kerb-admin-1.0.1.jar:/home/user/.m2/repository/org/apache/kerby/kerb-server/1.0.1/kerb-server-1.0.1.jar:/home/user/.m2/repository/org/apache/kerby/kerb-identity/1.0.1/kerb-identity-1.0.1.jar:/home/user/.m2/repository/org/apache/kerby/kerby-xdr/1.0.1/kerby-xdr-1.0.1.jar:/home/user/.m2/repository/org/slf4j/slf4j-log4j12/1.7.25/slf4j-log4j12-1.7.25.jar:/home/user/.m2/repository/org/apache/hadoop/hadoop-ozone-s3gateway/0.5.0-SNAPSHOT/hadoop-ozone-s3gateway-0.5.0-SNAPSHOT.jar:/home/user/.m2/repository/org/jboss/weld/servlet/weld-servlet/2.4.7.Final/weld-servlet-2.4.7.Final.jar:/home/user/.m2/repository/org/glassfish/jersey/containers/jersey-container-servlet-core/2.27/jersey-container-servlet-core-2.27.jar:/home/user/.m2/repository/org/glassfish/hk2/external/javax.inject/2.5.0-b42/javax.inject-2.5.0-b42.jar:/home/user/.m2/repository/org/glassfish/jersey/core/jersey-common/2.27/jersey-common-2.27.jar:/home/user/.m2/repository/org/glassfish/hk2/osgi-resource-locator/1.0.1/osgi-resource-locator-1.0.1.jar:/home/user/.m2/repository/javax/ws/rs/javax.ws.rs-api/2.1/javax.ws.rs-api-2.1.jar:/home/user/.m2/repository/org/glassfish/jersey/ext/cdi/jersey-cdi1x/2.27/jersey-cdi1x-2.27.jar:/home/user/.m2/repository/org/glassfish/jersey/inject/jersey-hk2/2.27/jersey-hk2-2.27.jar:/home/user/.m2/repository/org/glassfish/hk2/hk2-locator/2.5.0-b42/hk2-locator-2.5.0-b42.jar:/home/user/.m2/repository/org/javassist/javassist/3.22.0-CR2/javassist-3.22.0-CR2.jar:/home/user/.m2/repository/org/glassfish/hk2/hk2-api/2.5.0/hk2-api-2.5.0.jar:/home/user/.m2/repository/org/glassfish/hk2/external/jakarta.inject/2.5.0/jakarta.inject-2.5.0.jar:/home/user/.m2/repository/org/glassfish/hk2/hk2-utils/2.5.0/hk2-utils-2.5.0.jar:/home/user/.m2/repository/jakarta/annotation/jakarta.annotation-api/1.3.4/jakarta.annotation-api-1.3.4.jar:/home/user/.m2/repository/org/glassfish/hk2/external/aopalliance-repackaged/2.5.0/aopalliance-repackaged-2.5.0.jar:/home/user/.m2/repository/com/fasterxml/jackson/dataformat/jackson-dataformat-xml/2.9.0/jackson-dataformat-xml-2.9.0.jar:/home/user/.m2/repository/com/fasterxml/jackson/core/jackson-core/2.9.9/jackson-core-2.9.9.jar:/home/user/.m2/repository/com/fasterxml/jackson/module/jackson-module-jaxb-annotations/2.9.9/jackson-module-jaxb-annotations-2.9.9.jar:/home/user/.m2/repository/javax/enterprise/cdi-api/1.2/cdi-api-1.2.jar:/home/user/.m2/repository/javax/el/javax.el-api/3.0.0/javax.el-api-3.0.0.jar:/home/user/.m2/repository/javax/interceptor/javax.interceptor-api/1.2/javax.interceptor-api-1.2.jar:/home/user/.m2/repository/javax/inject/javax.inject/1/javax.inject-1.jar:/home/user/.m2/repository/com/sun/xml/bind/jaxb-impl/2.3.0.1/jaxb-impl-2.3.0.1.jar:/home/user/.m2/repository/com/sun/xml/bind/jaxb-core/2.3.0.1/jaxb-core-2.3.0.1.jar:/home/user/.m2/repository/javax/xml/bind/jaxb-api/2.3.0/jaxb-api-2.3.0.jar:/home/user/.m2/repository/javax/activation/activation/1.1.1/activation-1.1.1.jar:/home/user/.m2/repository/org/apache/hadoop/hadoop-ozone-csi/0.5.0-SNAPSHOT/hadoop-ozone-csi-0.5.0-SNAPSHOT.jar:/home/user/.m2/repository/com/google/protobuf/protobuf-java-util/3.5.1/protobuf-java-util-3.5.1.jar:/home/user/.m2/repository/org/apache/hadoop/hadoop-hdds-config/0.5.0-SNAPSHOT/hadoop-hdds-config-0.5.0-SNAPSHOT.jar:/home/user/.m2/repository/io/grpc/grpc-netty/1.17.1/grpc-netty-1.17.1.jar:/home/user/.m2/repository/io/grpc/grpc-core/1.17.1/grpc-core-1.17.1.jar:/home/user/.m2/repository/io/grpc/grpc-context/1.17.1/grpc-context-1.17.1.jar:/home/user/.m2/repository/com/google/errorprone/error_prone_annotations/2.2.0/error_prone_annotations-2.2.0.jar:/home/user/.m2/repository/org/codehaus/mojo/animal-sniffer-annotations/1.17/animal-sniffer-annotations-1.17.jar:/home/user/.m2/repository/io/opencensus/opencensus-api/0.17.0/opencensus-api-0.17.0.jar:/home/user/.m2/repository/io/opencensus/opencensus-contrib-grpc-metrics/0.17.0/opencensus-contrib-grpc-metrics-0.17.0.jar:/home/user/.m2/repository/io/netty/netty-codec-http2/4.1.30.Final/netty-codec-http2-4.1.30.Final.jar:/home/user/.m2/repository/io/netty/netty-codec-http/4.1.30.Final/netty-codec-http-4.1.30.Final.jar:/home/user/.m2/repository/io/netty/netty-codec/4.1.30.Final/netty-codec-4.1.30.Final.jar:/home/user/.m2/repository/io/netty/netty-handler/4.1.30.Final/netty-handler-4.1.30.Final.jar:/home/user/.m2/repository/io/netty/netty-handler-proxy/4.1.30.Final/netty-handler-proxy-4.1.30.Final.jar:/home/user/.m2/repository/io/netty/netty-codec-socks/4.1.30.Final/netty-codec-socks-4.1.30.Final.jar:/home/user/.m2/repository/io/netty/netty-transport-native-epoll/4.1.30.Final/netty-transport-native-epoll-4.1.30.Final.jar:/home/user/.m2/repository/io/netty/netty-common/4.1.30.Final/netty-common-4.1.30.Final.jar:/home/user/.m2/repository/io/netty/netty-buffer/4.1.30.Final/netty-buffer-4.1.30.Final.jar:/home/user/.m2/repository/io/netty/netty-transport/4.1.30.Final/netty-transport-4.1.30.Final.jar:/home/user/.m2/repository/io/netty/netty-resolver/4.1.30.Final/netty-resolver-4.1.30.Final.jar:/home/user/.m2/repository/io/netty/netty-transport-native-unix-common/4.1.30.Final/netty-transport-native-unix-common-4.1.30.Final.jar:/home/user/.m2/repository/io/grpc/grpc-protobuf/1.17.1/grpc-protobuf-1.17.1.jar:/home/user/.m2/repository/com/google/api/grpc/proto-google-common-protos/1.0.0/proto-google-common-protos-1.0.0.jar:/home/user/.m2/repository/io/grpc/grpc-protobuf-lite/1.17.1/grpc-protobuf-lite-1.17.1.jar:/home/user/.m2/repository/io/grpc/grpc-stub/1.17.1/grpc-stub-1.17.1.jar:/home/user/.m2/repository/org/apache/hadoop/hadoop-ozone-recon/0.5.0-SNAPSHOT/hadoop-ozone-recon-0.5.0-SNAPSHOT.jar:/home/user/.m2/repository/org/apache/hadoop/hadoop-ozone-reconcodegen/0.5.0-SNAPSHOT/hadoop-ozone-reconcodegen-0.5.0-SNAPSHOT.jar:/home/user/.m2/repository/com/google/inject/extensions/guice-multibindings/4.0/guice-multibindings-4.0.jar:/home/user/.m2/repository/com/google/inject/guice/4.0/guice-4.0.jar:/home/user/.m2/repository/aopalliance/aopalliance/1.0/aopalliance-1.0.jar:/home/user/.m2/repository/com/google/inject/extensions/guice-servlet/4.0/guice-servlet-4.0.jar:/home/user/.m2/repository/org/glassfish/jersey/containers/jersey-container-servlet/2.27/jersey-container-servlet-2.27.jar:/home/user/.m2/repository/org/glassfish/hk2/guice-bridge/2.5.0/guice-bridge-2.5.0.jar:/home/user/.m2/repository/org/glassfish/jersey/core/jersey-server/2.27/jersey-server-2.27.jar:/home/user/.m2/repository/org/glassfish/jersey/core/jersey-client/2.27/jersey-client-2.27.jar:/home/user/.m2/repository/org/glassfish/jersey/media/jersey-media-jaxb/2.27/jersey-media-jaxb-2.27.jar:/home/user/.m2/repository/javax/validation/validation-api/1.1.0.Final/validation-api-1.1.0.Final.jar:/home/user/.m2/repository/org/glassfish/jersey/media/jersey-media-json-jackson/2.27/jersey-media-json-jackson-2.27.jar:/home/user/.m2/repository/org/glassfish/jersey/ext/jersey-entity-filtering/2.27/jersey-entity-filtering-2.27.jar:/home/user/.m2/repository/com/google/inject/extensions/guice-assistedinject/4.0/guice-assistedinject-4.0.jar:/home/user/.m2/repository/org/jooq/jooq/3.11.10/jooq-3.11.10.jar:/home/user/.m2/repository/org/jooq/jooq-meta/3.11.10/jooq-meta-3.11.10.jar:/home/user/.m2/repository/org/jooq/jooq-codegen/3.11.10/jooq-codegen-3.11.10.jar:/home/user/.m2/repository/com/jolbox/bonecp/0.8.0.RELEASE/bonecp-0.8.0.RELEASE.jar:/home/user/.m2/repository/org/xerial/sqlite-jdbc/3.25.2/sqlite-jdbc-3.25.2.jar:/home/user/.m2/repository/org/springframework/spring-jdbc/5.1.3.RELEASE/spring-jdbc-5.1.3.RELEASE.jar:/home/user/.m2/repository/org/springframework/spring-beans/5.1.3.RELEASE/spring-beans-5.1.3.RELEASE.jar:/home/user/.m2/repository/org/springframework/spring-core/5.1.3.RELEASE/spring-core-5.1.3.RELEASE.jar:/home/user/.m2/repository/org/springframework/spring-jcl/5.1.3.RELEASE/spring-jcl-5.1.3.RELEASE.jar:/home/user/.m2/repository/org/springframework/spring-tx/5.1.3.RELEASE/spring-tx-5.1.3.RELEASE.jar:/home/user/.m2/repository/org/apache/hadoop/hadoop-ozone-client/0.5.0-SNAPSHOT/hadoop-ozone-client-0.5.0-SNAPSHOT.jar:/home/user/.m2/repository/commons-lang/commons-lang/2.6/commons-lang-2.6.jar:/home/user/.m2/repository/org/apache/hadoop/hadoop-ozone-ozone-manager/0.5.0-SNAPSHOT/hadoop-ozone-ozone-manager-0.5.0-SNAPSHOT-tests.jar:/home/user/.m2/repository/junit/junit/4.11/junit-4.11.jar:/home/user/.m2/repository/org/hamcrest/hamcrest-core/1.3/hamcrest-core-1.3.jar:/home/user/.m2/repository/org/openjdk/jmh/jmh-core/1.19/jmh-core-1.19.jar:/home/user/.m2/repository/net/sf/jopt-simple/jopt-simple/4.6/jopt-simple-4.6.jar:/home/user/.m2/repository/org/apache/commons/commons-math3/3.1.1/commons-math3-3.1.1.jar:/home/user/.m2/repository/org/openjdk/jmh/jmh-generator-annprocess/1.19/jmh-generator-annprocess-1.19.jar:/home/user/.m2/repository/org/mockito/mockito-all/1.8.5/mockito-all-1.8.5.jar:/home/user/.m2/repository/org/apache/hadoop/hadoop-kms/3.2.0/hadoop-kms-3.2.0.jar:/home/user/.m2/repository/org/apache/hadoop/hadoop-auth/3.2.0/hadoop-auth-3.2.0.jar:/home/user/.m2/repository/com/nimbusds/nimbus-jose-jwt/4.41.1/nimbus-jose-jwt-4.41.1.jar:/home/user/.m2/repository/com/github/stephenc/jcip/jcip-annotations/1.0-1/jcip-annotations-1.0-1.jar:/home/user/.m2/repository/net/minidev/json-smart/2.3/json-smart-2.3.jar:/home/user/.m2/repository/net/minidev/accessors-smart/1.2/accessors-smart-1.2.jar:/home/user/.m2/repository/org/ow2/asm/asm/5.0.4/asm-5.0.4.jar:/home/user/.m2/repository/org/apache/curator/curator-framework/2.12.0/curator-framework-2.12.0.jar:/home/user/.m2/repository/com/sun/jersey/jersey-core/1.19/jersey-core-1.19.jar:/home/user/.m2/repository/javax/ws/rs/jsr311-api/1.1.1/jsr311-api-1.1.1.jar:/home/user/.m2/repository/com/sun/jersey/jersey-server/1.19/jersey-server-1.19.jar:/home/user/.m2/repository/javax/servlet/javax.servlet-api/3.1.0/javax.servlet-api-3.1.0.jar:/home/user/.m2/repository/org/eclipse/jetty/jetty-server/9.3.25.v20180904/jetty-server-9.3.25.v20180904.jar:/home/user/.m2/repository/org/eclipse/jetty/jetty-http/9.3.25.v20180904/jetty-http-9.3.25.v20180904.jar:/home/user/.m2/repository/org/eclipse/jetty/jetty-io/9.3.25.v20180904/jetty-io-9.3.25.v20180904.jar:/home/user/.m2/repository/org/eclipse/jetty/jetty-webapp/9.3.25.v20180904/jetty-webapp-9.3.25.v20180904.jar:/home/user/.m2/repository/org/eclipse/jetty/jetty-xml/9.3.25.v20180904/jetty-xml-9.3.25.v20180904.jar:/home/user/.m2/repository/log4j/log4j/1.2.17/log4j-1.2.17.jar:/home/user/.m2/repository/org/slf4j/slf4j-api/1.7.25/slf4j-api-1.7.25.jar:/home/user/.m2/repository/org/slf4j/jul-to-slf4j/1.7.25/jul-to-slf4j-1.7.25.jar:/home/user/.m2/repository/org/eclipse/jetty/jetty-util/9.3.25.v20180904/jetty-util-9.3.25.v20180904.jar:/home/user/.m2/repository/com/fasterxml/jackson/core/jackson-databind/2.9.9/jackson-databind-2.9.9.jar:/home/user/.m2/repository/org/apache/hadoop/hadoop-kms/3.2.0/hadoop-kms-3.2.0-tests.jar:/home/user/.m2/repository/org/apache/hadoop/hadoop-hdds-server-scm/0.5.0-SNAPSHOT/hadoop-hdds-server-scm-0.5.0-SNAPSHOT-tests.jar:/home/user/.m2/repository/org/apache/hadoop/hadoop-hdds-container-service/0.5.0-SNAPSHOT/hadoop-hdds-container-service-0.5.0-SNAPSHOT-tests.jar:/home/user/.m2/repository/org/yaml/snakeyaml/1.16/snakeyaml-1.16.jar:/home/user/.m2/repository/org/apache/hadoop/hadoop-common/3.2.0/hadoop-common-3.2.0-tests.jar:/home/user/.m2/repository/org/apache/hadoop/hadoop-annotations/3.2.0/hadoop-annotations-3.2.0.jar:/usr/lib/jvm/java-1.8-openjdk/jre/../lib/tools.jar:/home/user/.m2/repository/commons-cli/commons-cli/1.2/commons-cli-1.2.jar:/home/user/.m2/repository/org/apache/httpcomponents/httpclient/4.5.2/httpclient-4.5.2.jar:/home/user/.m2/repository/org/apache/httpcomponents/httpcore/4.4.4/httpcore-4.4.4.jar:/home/user/.m2/repository/commons-codec/commons-codec/1.11/commons-codec-1.11.jar:/home/user/.m2/repository/commons-net/commons-net/3.6/commons-net-3.6.jar:/home/user/.m2/repository/commons-collections/commons-collections/3.2.2/commons-collections-3.2.2.jar:/home/user/.m2/repository/org/eclipse/jetty/jetty-servlet/9.3.25.v20180904/jetty-servlet-9.3.25.v20180904.jar:/home/user/.m2/repository/org/eclipse/jetty/jetty-security/9.3.25.v20180904/jetty-security-9.3.25.v20180904.jar:/home/user/.m2/repository/javax/servlet/jsp/jsp-api/2.1/jsp-api-2.1.jar:/home/user/.m2/repository/com/sun/jersey/jersey-servlet/1.19/jersey-servlet-1.19.jar:/home/user/.m2/repository/com/sun/jersey/jersey-json/1.19/jersey-json-1.19.jar:/home/user/.m2/repository/org/codehaus/jettison/jettison/1.1/jettison-1.1.jar:/home/user/.m2/repository/org/codehaus/jackson/jackson-core-asl/1.9.13/jackson-core-asl-1.9.13.jar:/home/user/.m2/repository/org/codehaus/jackson/jackson-mapper-asl/1.9.13/jackson-mapper-asl-1.9.13.jar:/home/user/.m2/repository/org/codehaus/jackson/jackson-jaxrs/1.9.13/jackson-jaxrs-1.9.13.jar:/home/user/.m2/repository/org/codehaus/jackson/jackson-xc/1.9.13/jackson-xc-1.9.13.jar:/home/user/.m2/repository/commons-logging/commons-logging/1.1.3/commons-logging-1.1.3.jar:/home/user/.m2/repository/commons-beanutils/commons-beanutils/1.9.4/commons-beanutils-1.9.4.jar:/home/user/.m2/repository/org/apache/commons/commons-configuration2/2.1.1/commons-configuration2-2.1.1.jar:/home/user/.m2/repository/org/apache/commons/commons-lang3/3.7/commons-lang3-3.7.jar:/home/user/.m2/repository/org/apache/commons/commons-text/1.4/commons-text-1.4.jar:/home/user/.m2/repository/org/apache/avro/avro/1.7.7/avro-1.7.7.jar:/home/user/.m2/repository/com/thoughtworks/paranamer/paranamer/2.3/paranamer-2.3.jar:/home/user/.m2/repository/org/xerial/snappy/snappy-java/1.0.5/snappy-java-1.0.5.jar:/home/user/.m2/repository/com/google/re2j/re2j/1.1/re2j-1.1.jar:/home/user/.m2/repository/com/google/code/gson/gson/2.2.4/gson-2.2.4.jar:/home/user/.m2/repository/com/jcraft/jsch/0.1.54/jsch-0.1.54.jar:/home/user/.m2/repository/org/apache/curator/curator-client/2.12.0/curator-client-2.12.0.jar:/home/user/.m2/repository/org/apache/curator/curator-recipes/2.12.0/curator-recipes-2.12.0.jar:/home/user/.m2/repository/com/google/code/findbugs/jsr305/3.0.0/jsr305-3.0.0.jar:/home/user/.m2/repository/org/apache/htrace/htrace-core4/4.1.0-incubating/htrace-core4-4.1.0-incubating.jar:/home/user/.m2/repository/org/apache/zookeeper/zookeeper/3.4.13/zookeeper-3.4.13.jar:/home/user/.m2/repository/jline/jline/0.9.94/jline-0.9.94.jar:/home/user/.m2/repository/org/apache/yetus/audience-annotations/0.5.0/audience-annotations-0.5.0.jar:/home/user/.m2/repository/org/codehaus/woodstox/stax2-api/3.1.4/stax2-api-3.1.4.jar:/home/user/.m2/repository/com/fasterxml/woodstox/woodstox-core/5.0.3/woodstox-core-5.0.3.jar:/home/user/.m2/repository/dnsjava/dnsjava/2.1.7/dnsjava-2.1.7.jar:/home/user/.m2/repository/org/apache/hadoop/hadoop-hdfs/3.2.0/hadoop-hdfs-3.2.0-tests.jar:/home/user/.m2/repository/org/eclipse/jetty/jetty-util-ajax/9.3.25.v20180904/jetty-util-ajax-9.3.25.v20180904.jar:/home/user/.m2/repository/commons-daemon/commons-daemon/1.0.13/commons-daemon-1.0.13.jar:/home/user/.m2/repository/io/netty/netty/3.10.5.Final/netty-3.10.5.Final.jar:/home/user/.m2/repository/io/netty/netty-all/4.0.52.Final/netty-all-4.0.52.Final.jar:/home/user/.m2/repository/org/fusesource/leveldbjni/leveldbjni-all/1.8/leveldbjni-all-1.8.jar:"/>
    <property name="sun.cpu.endian" value="little"/>
    <property name="user.home" value="/home/user"/>
    <property name="user.language" value="en"/>
    <property name="java.specification.vendor" value="Oracle Corporation"/>
    <property name="java.home" value="/usr/lib/jvm/java-1.8-openjdk/jre"/>
    <property name="java.security.krb5.conf" value="/workdir/hadoop-ozone/integration-test/target/test-classes/krb5.conf"/>
    <property name="basedir" value="/workdir/hadoop-ozone/integration-test"/>
    <property name="file.separator" value="/"/>
    <property name="line.separator" value="&#10;"/>
    <property name="java.vm.specification.vendor" value="Oracle Corporation"/>
    <property name="java.specification.name" value="Java Platform API Specification"/>
    <property name="java.awt.graphicsenv" value="sun.awt.X11GraphicsEnvironment"/>
    <property name="surefire.real.class.path" value="/workdir/hadoop-ozone/integration-test/target/surefire/surefirebooter6964353888770625557.jar"/>
    <property name="hadoop.log.dir" value="/workdir/hadoop-ozone/integration-test/target/log"/>
    <property name="sun.boot.class.path" value="/usr/lib/jvm/java-1.8-openjdk/jre/lib/resources.jar:/usr/lib/jvm/java-1.8-openjdk/jre/lib/rt.jar:/usr/lib/jvm/java-1.8-openjdk/jre/lib/sunrsasign.jar:/usr/lib/jvm/java-1.8-openjdk/jre/lib/jsse.jar:/usr/lib/jvm/java-1.8-openjdk/jre/lib/jce.jar:/usr/lib/jvm/java-1.8-openjdk/jre/lib/charsets.jar:/usr/lib/jvm/java-1.8-openjdk/jre/lib/jfr.jar:/usr/lib/jvm/java-1.8-openjdk/jre/classes"/>
    <property name="sun.management.compiler" value="HotSpot 64-Bit Tiered Compilers"/>
    <property name="java.runtime.version" value="1.8.0_212-b04"/>
    <property name="java.net.preferIPv4Stack" value="true"/>
    <property name="user.name" value="jenkins1000"/>
    <property name="path.separator" value=":"/>
    <property name="java.security.egd" value="file:///dev/urandom"/>
    <property name="os.version" value="3.10.0-957.12.2.el7.x86_64"/>
    <property name="java.endorsed.dirs" value="/usr/lib/jvm/java-1.8-openjdk/jre/lib/endorsed"/>
    <property name="java.runtime.name" value="OpenJDK Runtime Environment"/>
    <property name="file.encoding" value="UTF-8"/>
    <property name="java.vm.name" value="OpenJDK 64-Bit Server VM"/>
    <property name="test.build.webapps" value=""/>
    <property name="localRepository" value="/home/user/.m2/repository"/>
    <property name="java.vendor.url.bug" value="https://icedtea.classpath.org/bugzilla"/>
    <property name="java.io.tmpdir" value="/tmp"/>
    <property name="require.test.libhadoop" value=""/>
    <property name="java.version" value="1.8.0_212"/>
    <property name="user.dir" value="/workdir/hadoop-ozone/integration-test"/>
    <property name="os.arch" value="amd64"/>
    <property name="java.vm.specification.name" value="Java Virtual Machine Specification"/>
    <property name="test.build.classes" value="/workdir/hadoop-ozone/integration-test/target/test-classes"/>
    <property name="java.awt.printerjob" value="sun.print.PSPrinterJob"/>
    <property name="sun.os.patch.level" value="unknown"/>
    <property name="hadoop.tmp.dir" value="/workdir/hadoop-ozone/integration-test/target/tmp"/>
    <property name="java.library.path" value="/usr/lib/jvm/java-1.8-openjdk/jre/lib/amd64/server:/usr/lib/jvm/java-1.8-openjdk/jre/lib/amd64:/usr/lib/jvm/java-1.8-openjdk/jre/../lib/amd64:/workdir/hadoop-ozone/integration-test/target/native/target/usr/local/lib:/workdir/hadoop-ozone/integration-test/../../hadoop-common-project/hadoop-common/target/native/target/usr/local/lib:/usr/java/packages/lib/amd64:/usr/lib64:/lib64:/lib:/usr/lib"/>
    <property name="java.vm.info" value="mixed mode"/>
    <property name="java.vendor" value="IcedTea"/>
    <property name="java.vm.version" value="25.212-b04"/>
    <property name="java.ext.dirs" value="/usr/lib/jvm/java-1.8-openjdk/jre/lib/ext:/usr/java/packages/lib/ext"/>
    <property name="sun.io.unicode.encoding" value="UnicodeLittle"/>
    <property name="java.class.version" value="52.0"/>
  </properties>
  <testcase name="test2WayCommitForRetryfailure" classname="org.apache.hadoop.ozone.client.rpc.Test2WayCommitInRatis" time="34.321">
    <error message="org.apache.ratis.protocol.RaftRetryFailureException: Failed RaftClientRequest:client-3C6E6A27BD05-&gt;61feef45-068b-4276-880f-0be1024e3fc1@group-02EC13A97EB0, cid=14, seq=2*, RW, org.apache.hadoop.hdds.scm.XceiverClientRatis$$Lambda$355/1202790087@3d12e8c0 for 20 attempts with RetryLimited(maxAttempts=20, sleepTime=1000ms)" type="java.util.concurrent.ExecutionException">java.util.concurrent.ExecutionException: org.apache.ratis.protocol.RaftRetryFailureException: Failed RaftClientRequest:client-3C6E6A27BD05->61feef45-068b-4276-880f-0be1024e3fc1@group-02EC13A97EB0, cid=14, seq=2*, RW, org.apache.hadoop.hdds.scm.XceiverClientRatis$$Lambda$355/1202790087@3d12e8c0 for 20 attempts with RetryLimited(maxAttempts=20, sleepTime=1000ms)
	at java.util.concurrent.CompletableFuture.reportGet(CompletableFuture.java:357)
	at java.util.concurrent.CompletableFuture.get(CompletableFuture.java:1895)
	at org.apache.hadoop.ozone.client.rpc.Test2WayCommitInRatis.test2WayCommitForRetryfailure(Test2WayCommitInRatis.java:144)
	at sun.reflect.NativeMethodAccessorImpl.invoke0(Native Method)
	at sun.reflect.NativeMethodAccessorImpl.invoke(NativeMethodAccessorImpl.java:62)
	at sun.reflect.DelegatingMethodAccessorImpl.invoke(DelegatingMethodAccessorImpl.java:43)
	at java.lang.reflect.Method.invoke(Method.java:498)
	at org.junit.runners.model.FrameworkMethod$1.runReflectiveCall(FrameworkMethod.java:47)
	at org.junit.internal.runners.model.ReflectiveCallable.run(ReflectiveCallable.java:12)
	at org.junit.runners.model.FrameworkMethod.invokeExplosively(FrameworkMethod.java:44)
	at org.junit.internal.runners.statements.InvokeMethod.evaluate(InvokeMethod.java:17)
	at org.junit.runners.ParentRunner.runLeaf(ParentRunner.java:271)
	at org.junit.runners.BlockJUnit4ClassRunner.runChild(BlockJUnit4ClassRunner.java:70)
	at org.junit.runners.BlockJUnit4ClassRunner.runChild(BlockJUnit4ClassRunner.java:50)
	at org.junit.runners.ParentRunner$3.run(ParentRunner.java:238)
	at org.junit.runners.ParentRunner$1.schedule(ParentRunner.java:63)
	at org.junit.runners.ParentRunner.runChildren(ParentRunner.java:236)
	at org.junit.runners.ParentRunner.access$000(ParentRunner.java:53)
	at org.junit.runners.ParentRunner$2.evaluate(ParentRunner.java:229)
	at org.junit.runners.ParentRunner.run(ParentRunner.java:309)
	at org.apache.maven.surefire.junit4.JUnit4Provider.execute(JUnit4Provider.java:365)
	at org.apache.maven.surefire.junit4.JUnit4Provider.executeWithRerun(JUnit4Provider.java:273)
	at org.apache.maven.surefire.junit4.JUnit4Provider.executeTestSet(JUnit4Provider.java:238)
	at org.apache.maven.surefire.junit4.JUnit4Provider.invoke(JUnit4Provider.java:159)
	at org.apache.maven.surefire.booter.ForkedBooter.invokeProviderInSameClassLoader(ForkedBooter.java:384)
	at org.apache.maven.surefire.booter.ForkedBooter.runSuitesInProcess(ForkedBooter.java:345)
	at org.apache.maven.surefire.booter.ForkedBooter.execute(ForkedBooter.java:126)
	at org.apache.maven.surefire.booter.ForkedBooter.main(ForkedBooter.java:418)
Caused by: org.apache.ratis.protocol.RaftRetryFailureException: Failed RaftClientRequest:client-3C6E6A27BD05->61feef45-068b-4276-880f-0be1024e3fc1@group-02EC13A97EB0, cid=14, seq=2*, RW, org.apache.hadoop.hdds.scm.XceiverClientRatis$$Lambda$355/1202790087@3d12e8c0 for 20 attempts with RetryLimited(maxAttempts=20, sleepTime=1000ms)
	at org.apache.ratis.client.impl.RaftClientImpl.noMoreRetries(RaftClientImpl.java:271)
	at org.apache.ratis.client.impl.OrderedAsync.handleAsyncRetryFailure(OrderedAsync.java:138)
	at org.apache.ratis.client.impl.OrderedAsync.lambda$sendRequest$10(OrderedAsync.java:230)
	at java.util.concurrent.CompletableFuture.uniExceptionally(CompletableFuture.java:870)
	at java.util.concurrent.CompletableFuture$UniExceptionally.tryFire(CompletableFuture.java:852)
	at java.util.concurrent.CompletableFuture.postComplete(CompletableFuture.java:474)
	at java.util.concurrent.CompletableFuture.completeExceptionally(CompletableFuture.java:1977)
	at org.apache.ratis.grpc.client.GrpcClientProtocolClient$AsyncStreamObservers.completeReplyExceptionally(GrpcClientProtocolClient.java:345)
	at org.apache.ratis.grpc.client.GrpcClientProtocolClient$AsyncStreamObservers.access$000(GrpcClientProtocolClient.java:261)
	at org.apache.ratis.grpc.client.GrpcClientProtocolClient$AsyncStreamObservers$1.onNext(GrpcClientProtocolClient.java:273)
	at org.apache.ratis.grpc.client.GrpcClientProtocolClient$AsyncStreamObservers$1.onNext(GrpcClientProtocolClient.java:264)
	at org.apache.ratis.thirdparty.io.grpc.stub.ClientCalls$StreamObserverToCallListenerAdapter.onMessage(ClientCalls.java:421)
	at org.apache.ratis.thirdparty.io.grpc.ForwardingClientCallListener.onMessage(ForwardingClientCallListener.java:33)
	at org.apache.ratis.thirdparty.io.grpc.ForwardingClientCallListener.onMessage(ForwardingClientCallListener.java:33)
	at org.apache.ratis.thirdparty.io.grpc.internal.ClientCallImpl$ClientStreamListenerImpl$1MessagesAvailable.runInContext(ClientCallImpl.java:519)
	at org.apache.ratis.thirdparty.io.grpc.internal.ContextRunnable.run(ContextRunnable.java:37)
	at org.apache.ratis.thirdparty.io.grpc.internal.SerializingExecutor.run(SerializingExecutor.java:123)
	at java.util.concurrent.ThreadPoolExecutor.runWorker(ThreadPoolExecutor.java:1149)
	at java.util.concurrent.ThreadPoolExecutor$Worker.run(ThreadPoolExecutor.java:624)
	at java.lang.Thread.run(Thread.java:748)
Caused by: org.apache.ratis.protocol.NotLeaderException: Server 61feef45-068b-4276-880f-0be1024e3fc1@group-02EC13A97EB0 is not the leader
	at org.apache.ratis.client.impl.ClientProtoUtils.toRaftClientReply(ClientProtoUtils.java:243)
	at org.apache.ratis.grpc.client.GrpcClientProtocolClient$AsyncStreamObservers$1.onNext(GrpcClientProtocolClient.java:269)
	... 10 more
</error>
    <system-out><![CDATA[2019-10-03 19:50:40,411 [main] WARN  server.ServerUtils (ServerUtils.java:getScmDbDir(145)) - ozone.scm.db.dirs is not configured. We recommend adding this setting. Falling back to ozone.metadata.dirs instead.
2019-10-03 19:50:40,518 [main] WARN  server.ServerUtils (ServerUtils.java:getScmDbDir(145)) - ozone.scm.db.dirs is not configured. We recommend adding this setting. Falling back to ozone.metadata.dirs instead.
2019-10-03 19:50:40,524 [main] WARN  server.ServerUtils (ServerUtils.java:getScmDbDir(145)) - ozone.scm.db.dirs is not configured. We recommend adding this setting. Falling back to ozone.metadata.dirs instead.
2019-10-03 19:50:40,552 [main] INFO  util.log (Log.java:initialized(192)) - Logging initialized @872ms
2019-10-03 19:50:40,675 [main] INFO  db.DBStoreBuilder (DBStoreBuilder.java:addTable(110)) - using custom profile for table: deletedBlocks
2019-10-03 19:50:40,675 [main] INFO  db.DBStoreBuilder (DBStoreBuilder.java:processTables(161)) - Using default column profile:DBProfile.DISK for Table:deletedBlocks
2019-10-03 19:50:40,676 [main] INFO  db.DBStoreBuilder (DBStoreBuilder.java:addTable(110)) - using custom profile for table: validCerts
2019-10-03 19:50:40,676 [main] INFO  db.DBStoreBuilder (DBStoreBuilder.java:processTables(161)) - Using default column profile:DBProfile.DISK for Table:validCerts
2019-10-03 19:50:40,676 [main] INFO  db.DBStoreBuilder (DBStoreBuilder.java:addTable(110)) - using custom profile for table: revokedCerts
2019-10-03 19:50:40,676 [main] INFO  db.DBStoreBuilder (DBStoreBuilder.java:processTables(161)) - Using default column profile:DBProfile.DISK for Table:revokedCerts
2019-10-03 19:50:40,689 [main] INFO  db.DBStoreBuilder (DBStoreBuilder.java:addTable(110)) - using custom profile for table: default
2019-10-03 19:50:40,689 [main] INFO  db.DBStoreBuilder (DBStoreBuilder.java:processTables(167)) - Using default column profile:DBProfile.DISK for Table:default
2019-10-03 19:50:40,690 [main] INFO  db.DBStoreBuilder (DBStoreBuilder.java:getDbProfile(198)) - Using default options. DBProfile.DISK
2019-10-03 19:50:41,127 [main] INFO  net.NodeSchemaLoader (NodeSchemaLoader.java:loadSchemaFromFile(125)) - Loading file from sun.misc.CompoundEnumeration@77888435
2019-10-03 19:50:41,129 [main] INFO  net.NodeSchemaLoader (NodeSchemaLoader.java:loadSchema(171)) - Loading network topology layer schema file
2019-10-03 19:50:41,199 [main] WARN  server.ServerUtils (ServerUtils.java:sanitizeUserArgs(70)) - ozone.scm.stale.node.interval value = 300000 is larger than max = 100000 based on the key value of ozone.scm.heartbeat.thread.interval, reset to the max value 100000.
2019-10-03 19:50:41,201 [main] WARN  server.ServerUtils (ServerUtils.java:sanitizeUserArgs(70)) - ozone.scm.stale.node.interval value = 300000 is larger than max = 100000 based on the key value of ozone.scm.heartbeat.thread.interval, reset to the max value 100000.
2019-10-03 19:50:41,203 [main] INFO  node.SCMNodeManager (SCMNodeManager.java:<init>(114)) - Entering startup safe mode.
2019-10-03 19:50:41,295 [main] INFO  algorithms.ContainerPlacementPolicyFactory (ContainerPlacementPolicyFactory.java:getPolicy(57)) - Create container placement policy of type org.apache.hadoop.hdds.scm.container.placement.algorithms.SCMContainerPlacementRandom
2019-10-03 19:50:41,312 [main] WARN  server.ServerUtils (ServerUtils.java:getScmDbDir(145)) - ozone.scm.db.dirs is not configured. We recommend adding this setting. Falling back to ozone.metadata.dirs instead.
2019-10-03 19:50:41,459 [main] INFO  pipeline.SCMPipelineManager (SCMPipelineManager.java:initializePipelineState(132)) - No pipeline exists in current db
2019-10-03 19:50:41,463 [main] WARN  server.ServerUtils (ServerUtils.java:getScmDbDir(145)) - ozone.scm.db.dirs is not configured. We recommend adding this setting. Falling back to ozone.metadata.dirs instead.
2019-10-03 19:50:41,676 [main] WARN  events.EventQueue (EventQueue.java:fireEvent(183)) - No event handler registered for event TypedEvent{payloadType=SafeModeStatus, name='SafeModeStatus'}
2019-10-03 19:50:42,019 [main] INFO  ipc.CallQueueManager (CallQueueManager.java:<init>(84)) - Using callQueue: class java.util.concurrent.LinkedBlockingQueue, queueCapacity: 2000, scheduler: class org.apache.hadoop.ipc.DefaultRpcScheduler, ipcBackoff: false.
2019-10-03 19:50:42,043 [Socket Reader #1 for port 39251] INFO  ipc.Server (Server.java:run(1074)) - Starting Socket Reader #1 for port 39251
2019-10-03 19:50:42,188 [main] INFO  ipc.CallQueueManager (CallQueueManager.java:<init>(84)) - Using callQueue: class java.util.concurrent.LinkedBlockingQueue, queueCapacity: 2000, scheduler: class org.apache.hadoop.ipc.DefaultRpcScheduler, ipcBackoff: false.
2019-10-03 19:50:42,189 [Socket Reader #1 for port 34459] INFO  ipc.Server (Server.java:run(1074)) - Starting Socket Reader #1 for port 34459
2019-10-03 19:50:42,199 [main] INFO  ipc.CallQueueManager (CallQueueManager.java:<init>(84)) - Using callQueue: class java.util.concurrent.LinkedBlockingQueue, queueCapacity: 2000, scheduler: class org.apache.hadoop.ipc.DefaultRpcScheduler, ipcBackoff: false.
2019-10-03 19:50:42,200 [Socket Reader #1 for port 35935] INFO  ipc.Server (Server.java:run(1074)) - Starting Socket Reader #1 for port 35935
2019-10-03 19:50:42,225 [main] INFO  hdfs.DFSUtil (DFSUtil.java:httpServerTemplateForNNAndJN(1641)) - Starting Web-server for scm at: http://0.0.0.0:0
2019-10-03 19:50:42,381 [main] INFO  server.AuthenticationFilter (AuthenticationFilter.java:constructSecretProvider(240)) - Unable to initialize FileSignerSecretProvider, falling back to use random secrets.
2019-10-03 19:50:42,390 [main] WARN  http.HttpRequestLog (HttpRequestLog.java:getRequestLog(97)) - Jetty request log can only be enabled using Log4j
2019-10-03 19:50:42,398 [main] INFO  http.HttpServer2 (HttpServer2.java:addGlobalFilter(975)) - Added global filter 'safety' (class=org.apache.hadoop.http.HttpServer2$QuotingInputFilter)
2019-10-03 19:50:42,401 [main] INFO  http.HttpServer2 (HttpServer2.java:addFilter(948)) - Added filter static_user_filter (class=org.apache.hadoop.http.lib.StaticUserWebFilter$StaticUserFilter) to context scm
2019-10-03 19:50:42,401 [main] INFO  http.HttpServer2 (HttpServer2.java:addFilter(958)) - Added filter static_user_filter (class=org.apache.hadoop.http.lib.StaticUserWebFilter$StaticUserFilter) to context static
2019-10-03 19:50:42,401 [main] INFO  http.HttpServer2 (HttpServer2.java:addFilter(958)) - Added filter static_user_filter (class=org.apache.hadoop.http.lib.StaticUserWebFilter$StaticUserFilter) to context logs
2019-10-03 19:50:42,431 [main] INFO  server.StorageContainerManager (StorageContainerManager.java:start(770)) - StorageContainerLocationProtocol RPC server is listening at /0.0.0.0:35935
2019-10-03 19:50:42,492 [main] WARN  impl.MetricsConfig (MetricsConfig.java:loadFirst(134)) - Cannot locate configuration: tried hadoop-metrics2-storagecontainermanager.properties,hadoop-metrics2.properties
2019-10-03 19:50:42,504 [main] INFO  impl.MetricsSystemImpl (MetricsSystemImpl.java:startTimer(374)) - Scheduled Metric snapshot period at 10 second(s).
2019-10-03 19:50:42,504 [main] INFO  impl.MetricsSystemImpl (MetricsSystemImpl.java:start(191)) - StorageContainerManager metrics system started
2019-10-03 19:50:42,727 [main] INFO  server.SCMClientProtocolServer (SCMClientProtocolServer.java:start(159)) - RPC server for Client  is listening at /0.0.0.0:35935
2019-10-03 19:50:42,728 [IPC Server Responder] INFO  ipc.Server (Server.java:run(1314)) - IPC Server Responder: starting
2019-10-03 19:50:42,728 [IPC Server listener on 35935] INFO  ipc.Server (Server.java:run(1153)) - IPC Server listener on 35935: starting
2019-10-03 19:50:42,731 [main] INFO  server.StorageContainerManager (StorageContainerManager.java:start(780)) - ScmBlockLocationProtocol RPC server is listening at /0.0.0.0:34459
2019-10-03 19:50:42,732 [main] INFO  server.SCMBlockProtocolServer (SCMBlockProtocolServer.java:start(146)) - RPC server for Block Protocol is listening at /0.0.0.0:34459
2019-10-03 19:50:42,732 [IPC Server Responder] INFO  ipc.Server (Server.java:run(1314)) - IPC Server Responder: starting
2019-10-03 19:50:42,732 [IPC Server listener on 34459] INFO  ipc.Server (Server.java:run(1153)) - IPC Server listener on 34459: starting
2019-10-03 19:50:42,734 [main] INFO  server.StorageContainerManager (StorageContainerManager.java:start(784)) - ScmDatanodeProtocl RPC server is listening at /0.0.0.0:39251
2019-10-03 19:50:42,735 [main] INFO  server.SCMDatanodeProtocolServer (SCMDatanodeProtocolServer.java:start(169)) - RPC server for DataNodes is listening at /0.0.0.0:39251
2019-10-03 19:50:42,736 [IPC Server Responder] INFO  ipc.Server (Server.java:run(1314)) - IPC Server Responder: starting
2019-10-03 19:50:42,736 [IPC Server listener on 39251] INFO  ipc.Server (Server.java:run(1153)) - IPC Server listener on 39251: starting
2019-10-03 19:50:42,740 [main] INFO  http.HttpServer2 (HttpServer2.java:bindListener(1191)) - Jetty bound to port 38938
2019-10-03 19:50:42,741 [main] INFO  server.Server (Server.java:doStart(351)) - jetty-9.3.25.v20180904, build timestamp: 2018-09-04T21:11:46Z, git hash: 3ce520221d0240229c862b122d2b06c12a625732
2019-10-03 19:50:42,780 [main] INFO  handler.ContextHandler (ContextHandler.java:doStart(781)) - Started o.e.j.s.ServletContextHandler@4c550889{/logs,file:///workdir/hadoop-ozone/integration-test/target/log,AVAILABLE}
2019-10-03 19:50:42,780 [main] INFO  handler.ContextHandler (ContextHandler.java:doStart(781)) - Started o.e.j.s.ServletContextHandler@44040454{/static,file:///workdir/hadoop-ozone/integration-test/target/test-classes/webapps/static,AVAILABLE}
2019-10-03 19:50:42,815 [main] INFO  handler.ContextHandler (ContextHandler.java:doStart(781)) - Started o.e.j.w.WebAppContext@64f857e7{/,file:///workdir/hadoop-ozone/integration-test/target/test-classes/webapps/scm/,AVAILABLE}{/scm}
2019-10-03 19:50:42,821 [main] INFO  server.AbstractConnector (AbstractConnector.java:doStart(278)) - Started ServerConnector@617fe9e1{HTTP/1.1,[http/1.1]}{0.0.0.0:38938}
2019-10-03 19:50:42,821 [main] INFO  server.Server (Server.java:doStart(419)) - Started @3141ms
2019-10-03 19:50:42,824 [main] INFO  impl.MetricsSinkAdapter (MetricsSinkAdapter.java:start(204)) - Sink prometheus started
2019-10-03 19:50:42,824 [main] INFO  impl.MetricsSystemImpl (MetricsSystemImpl.java:registerSink(301)) - Registered sink prometheus
2019-10-03 19:50:42,825 [main] INFO  server.BaseHttpServer (BaseHttpServer.java:updateConnectorAddress(215)) - HTTP server of SCM is listening at http://0.0.0.0:38938
2019-10-03 19:50:42,831 [org.apache.hadoop.util.JvmPauseMonitor$Monitor@42257bdd] INFO  util.JvmPauseMonitor (JvmPauseMonitor.java:run(188)) - Starting JVM pause monitor
2019-10-03 19:50:42,833 [main] WARN  server.ServerUtils (ServerUtils.java:getDBPath(222)) - ozone.om.db.dirs is not configured. We recommend adding this setting. Falling back to ozone.metadata.dirs instead.
2019-10-03 19:50:43,161 [main] INFO  ha.OMHANodeDetails (OMHANodeDetails.java:loadOMHAConfig(190)) - Configuration either no ozone.om.address set. Falling back to the default OM address /127.0.0.1:0
2019-10-03 19:50:43,161 [main] INFO  ha.OMHANodeDetails (OMHANodeDetails.java:getOMNodeDetails(220)) - OM Service ID is not set. Setting it to the default ID: omServiceIdDefault
2019-10-03 19:50:43,163 [main] WARN  server.ServerUtils (ServerUtils.java:getDBPath(222)) - ozone.om.db.dirs is not configured. We recommend adding this setting. Falling back to ozone.metadata.dirs instead.
2019-10-03 19:50:43,164 [main] WARN  server.ServerUtils (ServerUtils.java:getDBPath(222)) - ozone.om.db.dirs is not configured. We recommend adding this setting. Falling back to ozone.metadata.dirs instead.
2019-10-03 19:50:43,894 [main] WARN  server.ServerUtils (ServerUtils.java:getDBPath(222)) - ozone.om.db.dirs is not configured. We recommend adding this setting. Falling back to ozone.metadata.dirs instead.
2019-10-03 19:50:43,902 [main] INFO  db.DBStoreBuilder (DBStoreBuilder.java:addTable(110)) - using custom profile for table: userTable
2019-10-03 19:50:43,903 [main] INFO  db.DBStoreBuilder (DBStoreBuilder.java:processTables(161)) - Using default column profile:DBProfile.DISK for Table:userTable
2019-10-03 19:50:43,903 [main] INFO  db.DBStoreBuilder (DBStoreBuilder.java:addTable(110)) - using custom profile for table: volumeTable
2019-10-03 19:50:43,903 [main] INFO  db.DBStoreBuilder (DBStoreBuilder.java:processTables(161)) - Using default column profile:DBProfile.DISK for Table:volumeTable
2019-10-03 19:50:43,904 [main] INFO  db.DBStoreBuilder (DBStoreBuilder.java:addTable(110)) - using custom profile for table: bucketTable
2019-10-03 19:50:43,904 [main] INFO  db.DBStoreBuilder (DBStoreBuilder.java:processTables(161)) - Using default column profile:DBProfile.DISK for Table:bucketTable
2019-10-03 19:50:43,904 [main] INFO  db.DBStoreBuilder (DBStoreBuilder.java:addTable(110)) - using custom profile for table: keyTable
2019-10-03 19:50:43,904 [main] INFO  db.DBStoreBuilder (DBStoreBuilder.java:processTables(161)) - Using default column profile:DBProfile.DISK for Table:keyTable
2019-10-03 19:50:43,905 [main] INFO  db.DBStoreBuilder (DBStoreBuilder.java:addTable(110)) - using custom profile for table: deletedTable
2019-10-03 19:50:43,905 [main] INFO  db.DBStoreBuilder (DBStoreBuilder.java:processTables(161)) - Using default column profile:DBProfile.DISK for Table:deletedTable
2019-10-03 19:50:43,905 [main] INFO  db.DBStoreBuilder (DBStoreBuilder.java:addTable(110)) - using custom profile for table: openKeyTable
2019-10-03 19:50:43,905 [main] INFO  db.DBStoreBuilder (DBStoreBuilder.java:processTables(161)) - Using default column profile:DBProfile.DISK for Table:openKeyTable
2019-10-03 19:50:43,906 [main] INFO  db.DBStoreBuilder (DBStoreBuilder.java:addTable(110)) - using custom profile for table: s3Table
2019-10-03 19:50:43,906 [main] INFO  db.DBStoreBuilder (DBStoreBuilder.java:processTables(161)) - Using default column profile:DBProfile.DISK for Table:s3Table
2019-10-03 19:50:43,906 [main] INFO  db.DBStoreBuilder (DBStoreBuilder.java:addTable(110)) - using custom profile for table: multipartInfoTable
2019-10-03 19:50:43,906 [main] INFO  db.DBStoreBuilder (DBStoreBuilder.java:processTables(161)) - Using default column profile:DBProfile.DISK for Table:multipartInfoTable
2019-10-03 19:50:43,907 [main] INFO  db.DBStoreBuilder (DBStoreBuilder.java:addTable(110)) - using custom profile for table: dTokenTable
2019-10-03 19:50:43,907 [main] INFO  db.DBStoreBuilder (DBStoreBuilder.java:processTables(161)) - Using default column profile:DBProfile.DISK for Table:dTokenTable
2019-10-03 19:50:43,907 [main] INFO  db.DBStoreBuilder (DBStoreBuilder.java:addTable(110)) - using custom profile for table: s3SecretTable
2019-10-03 19:50:43,907 [main] INFO  db.DBStoreBuilder (DBStoreBuilder.java:processTables(161)) - Using default column profile:DBProfile.DISK for Table:s3SecretTable
2019-10-03 19:50:43,908 [main] INFO  db.DBStoreBuilder (DBStoreBuilder.java:addTable(110)) - using custom profile for table: prefixTable
2019-10-03 19:50:43,908 [main] INFO  db.DBStoreBuilder (DBStoreBuilder.java:processTables(161)) - Using default column profile:DBProfile.DISK for Table:prefixTable
2019-10-03 19:50:43,908 [main] INFO  db.DBStoreBuilder (DBStoreBuilder.java:addTable(110)) - using custom profile for table: default
2019-10-03 19:50:43,908 [main] INFO  db.DBStoreBuilder (DBStoreBuilder.java:processTables(167)) - Using default column profile:DBProfile.DISK for Table:default
2019-10-03 19:50:43,909 [main] INFO  db.DBStoreBuilder (DBStoreBuilder.java:getDbProfile(198)) - Using default options. DBProfile.DISK
2019-10-03 19:50:44,832 [main] INFO  ipc.CallQueueManager (CallQueueManager.java:<init>(84)) - Using callQueue: class java.util.concurrent.LinkedBlockingQueue, queueCapacity: 2000, scheduler: class org.apache.hadoop.ipc.DefaultRpcScheduler, ipcBackoff: false.
2019-10-03 19:50:44,833 [Socket Reader #1 for port 45661] INFO  ipc.Server (Server.java:run(1074)) - Starting Socket Reader #1 for port 45661
2019-10-03 19:50:44,884 [main] INFO  om.OzoneManager (OzoneManager.java:start(1069)) - OzoneManager RPC server is listening at localhost/127.0.0.1:45661
2019-10-03 19:50:44,884 [main] INFO  impl.MetricsSystemImpl (MetricsSystemImpl.java:init(158)) - OzoneManager metrics system started (again)
2019-10-03 19:50:44,890 [IPC Server Responder] INFO  ipc.Server (Server.java:run(1314)) - IPC Server Responder: starting
2019-10-03 19:50:44,890 [IPC Server listener on 45661] INFO  ipc.Server (Server.java:run(1153)) - IPC Server listener on 45661: starting
2019-10-03 19:50:44,900 [main] INFO  hdfs.DFSUtil (DFSUtil.java:httpServerTemplateForNNAndJN(1641)) - Starting Web-server for ozoneManager at: http://0.0.0.0:0
2019-10-03 19:50:44,905 [main] INFO  server.AuthenticationFilter (AuthenticationFilter.java:constructSecretProvider(240)) - Unable to initialize FileSignerSecretProvider, falling back to use random secrets.
2019-10-03 19:50:44,907 [main] WARN  http.HttpRequestLog (HttpRequestLog.java:getRequestLog(97)) - Jetty request log can only be enabled using Log4j
2019-10-03 19:50:44,911 [main] INFO  http.HttpServer2 (HttpServer2.java:addGlobalFilter(975)) - Added global filter 'safety' (class=org.apache.hadoop.http.HttpServer2$QuotingInputFilter)
2019-10-03 19:50:44,912 [main] INFO  http.HttpServer2 (HttpServer2.java:addFilter(948)) - Added filter static_user_filter (class=org.apache.hadoop.http.lib.StaticUserWebFilter$StaticUserFilter) to context ozoneManager
2019-10-03 19:50:44,912 [main] INFO  http.HttpServer2 (HttpServer2.java:addFilter(958)) - Added filter static_user_filter (class=org.apache.hadoop.http.lib.StaticUserWebFilter$StaticUserFilter) to context static
2019-10-03 19:50:44,912 [main] INFO  http.HttpServer2 (HttpServer2.java:addFilter(958)) - Added filter static_user_filter (class=org.apache.hadoop.http.lib.StaticUserWebFilter$StaticUserFilter) to context logs
2019-10-03 19:50:44,917 [main] INFO  http.HttpServer2 (HttpServer2.java:bindListener(1191)) - Jetty bound to port 42659
2019-10-03 19:50:44,917 [main] INFO  server.Server (Server.java:doStart(351)) - jetty-9.3.25.v20180904, build timestamp: 2018-09-04T21:11:46Z, git hash: 3ce520221d0240229c862b122d2b06c12a625732
2019-10-03 19:50:44,920 [main] INFO  handler.ContextHandler (ContextHandler.java:doStart(781)) - Started o.e.j.s.ServletContextHandler@4c27d39d{/logs,file:///workdir/hadoop-ozone/integration-test/target/log,AVAILABLE}
2019-10-03 19:50:44,921 [main] INFO  handler.ContextHandler (ContextHandler.java:doStart(781)) - Started o.e.j.s.ServletContextHandler@7bde1f3a{/static,file:///workdir/hadoop-ozone/integration-test/target/test-classes/webapps/static,AVAILABLE}
2019-10-03 19:50:44,928 [main] INFO  handler.ContextHandler (ContextHandler.java:doStart(781)) - Started o.e.j.w.WebAppContext@3e48e859{/,file:///workdir/hadoop-ozone/integration-test/target/test-classes/webapps/ozoneManager/,AVAILABLE}{/ozoneManager}
2019-10-03 19:50:44,929 [main] INFO  server.AbstractConnector (AbstractConnector.java:doStart(278)) - Started ServerConnector@31ddd4a4{HTTP/1.1,[http/1.1]}{0.0.0.0:42659}
2019-10-03 19:50:44,930 [main] INFO  server.Server (Server.java:doStart(419)) - Started @5250ms
2019-10-03 19:50:44,931 [main] WARN  impl.MetricsSystemImpl (MetricsSystemImpl.java:register(276)) - Sink prometheus already exists!
2019-10-03 19:50:44,933 [main] INFO  server.BaseHttpServer (BaseHttpServer.java:updateConnectorAddress(215)) - HTTP server of OZONEMANAGER is listening at http://0.0.0.0:42659
2019-10-03 19:50:45,364 [main] INFO  impl.MetricsSystemImpl (MetricsSystemImpl.java:init(158)) - HddsDatanode metrics system started (again)
2019-10-03 19:50:45,420 [main] INFO  ozone.HddsDatanodeService (HddsDatanodeService.java:start(184)) - HddsDatanodeService host:pr-hdds-2230-vt4bl-2581040744 ip:192.168.30.7
2019-10-03 19:50:45,453 [main] INFO  volume.HddsVolume (HddsVolume.java:<init>(176)) - Creating Volume: /workdir/hadoop-ozone/integration-test/target/test-dir/MiniOzoneClusterImpl-e8360eeb-84e3-4554-85c7-51c2c812d0b8/datanode-0/data/containers/hdds of  storage type : DISK and capacity : 1482555576320
2019-10-03 19:50:45,455 [main] INFO  volume.VolumeSet (VolumeSet.java:initializeVolumeSet(170)) - Added Volume : /workdir/hadoop-ozone/integration-test/target/test-dir/MiniOzoneClusterImpl-e8360eeb-84e3-4554-85c7-51c2c812d0b8/datanode-0/data/containers/hdds to VolumeSet
2019-10-03 19:50:45,458 [main] INFO  volume.ThrottledAsyncChecker (ThrottledAsyncChecker.java:schedule(139)) - Scheduling a check for org.apache.hadoop.ozone.container.common.volume.HddsVolume@5136207f
2019-10-03 19:50:45,475 [main] INFO  volume.HddsVolumeChecker (HddsVolumeChecker.java:checkAllVolumes(202)) - Scheduled health check for volume org.apache.hadoop.ozone.container.common.volume.HddsVolume@5136207f
2019-10-03 19:50:45,591 [main] INFO  impl.RaftServerProxy (ConfUtils.java:logGet(43)) - raft.rpc.type = GRPC (default)
2019-10-03 19:50:45,658 [main] INFO  grpc.GrpcFactory (GrpcFactory.java:checkPooledByteBufAllocatorUseCacheForAllThreads(45)) - PERFORMANCE WARNING: useCacheForAllThreads is true that may cause Netty to create a lot garbage objects and, as a result, trigger GC.
	It is recommended to disable useCacheForAllThreads by setting -Dorg.apache.ratis.thirdparty.io.netty.allocator.useCacheForAllThreads=false in command line.
2019-10-03 19:50:45,663 [main] INFO  grpc.GrpcConfigKeys$Server (ConfUtils.java:logGet(43)) - raft.grpc.server.port = 0 (default)
2019-10-03 19:50:45,663 [main] INFO  server.GrpcService (ConfUtils.java:logGet(43)) - raft.grpc.message.size.max = 33570816 (custom)
2019-10-03 19:50:45,665 [main] INFO  server.RaftServerConfigKeys (ConfUtils.java:logGet(43)) - raft.server.log.appender.buffer.byte-limit = 33554432 (custom)
2019-10-03 19:50:45,666 [main] INFO  server.GrpcService (ConfUtils.java:logGet(43)) - raft.grpc.flow.control.window = 1MB (=1048576) (default)
2019-10-03 19:50:45,667 [main] INFO  server.RaftServerConfigKeys (ConfUtils.java:logGet(43)) - raft.server.rpc.request.timeout = 3000ms (default)
2019-10-03 19:50:45,825 [main] INFO  server.RaftServerConfigKeys (ConfUtils.java:logGet(43)) - raft.server.storage.dir = [/workdir/hadoop-ozone/integration-test/target/test-dir/MiniOzoneClusterImpl-e8360eeb-84e3-4554-85c7-51c2c812d0b8/datanode-0/data/ratis] (custom)
2019-10-03 19:50:45,879 [main] INFO  hdfs.DFSUtil (DFSUtil.java:httpServerTemplateForNNAndJN(1641)) - Starting Web-server for hddsDatanode at: http://0.0.0.0:0
2019-10-03 19:50:45,882 [main] INFO  server.AuthenticationFilter (AuthenticationFilter.java:constructSecretProvider(240)) - Unable to initialize FileSignerSecretProvider, falling back to use random secrets.
2019-10-03 19:50:45,883 [main] WARN  http.HttpRequestLog (HttpRequestLog.java:getRequestLog(97)) - Jetty request log can only be enabled using Log4j
2019-10-03 19:50:45,887 [main] INFO  http.HttpServer2 (HttpServer2.java:addGlobalFilter(975)) - Added global filter 'safety' (class=org.apache.hadoop.http.HttpServer2$QuotingInputFilter)
2019-10-03 19:50:45,888 [main] INFO  http.HttpServer2 (HttpServer2.java:addFilter(948)) - Added filter static_user_filter (class=org.apache.hadoop.http.lib.StaticUserWebFilter$StaticUserFilter) to context hddsDatanode
2019-10-03 19:50:45,889 [main] INFO  http.HttpServer2 (HttpServer2.java:addFilter(958)) - Added filter static_user_filter (class=org.apache.hadoop.http.lib.StaticUserWebFilter$StaticUserFilter) to context logs
2019-10-03 19:50:45,889 [main] INFO  http.HttpServer2 (HttpServer2.java:addFilter(958)) - Added filter static_user_filter (class=org.apache.hadoop.http.lib.StaticUserWebFilter$StaticUserFilter) to context static
2019-10-03 19:50:45,890 [main] INFO  http.HttpServer2 (HttpServer2.java:bindListener(1191)) - Jetty bound to port 36508
2019-10-03 19:50:45,891 [main] INFO  server.Server (Server.java:doStart(351)) - jetty-9.3.25.v20180904, build timestamp: 2018-09-04T21:11:46Z, git hash: 3ce520221d0240229c862b122d2b06c12a625732
2019-10-03 19:50:45,894 [main] INFO  handler.ContextHandler (ContextHandler.java:doStart(781)) - Started o.e.j.s.ServletContextHandler@26dc9bd5{/logs,file:///workdir/hadoop-ozone/integration-test/target/log,AVAILABLE}
2019-10-03 19:50:45,895 [main] INFO  handler.ContextHandler (ContextHandler.java:doStart(781)) - Started o.e.j.s.ServletContextHandler@43045f9f{/static,jar:file:/home/user/.m2/repository/org/apache/hadoop/hadoop-hdds-container-service/0.5.0-SNAPSHOT/hadoop-hdds-container-service-0.5.0-SNAPSHOT.jar!/webapps/static,AVAILABLE}
2019-10-03 19:50:45,944 [main] INFO  handler.ContextHandler (ContextHandler.java:doStart(781)) - Started o.e.j.w.WebAppContext@2f5ac102{/,file:///tmp/jetty-0.0.0.0-36508-hddsDatanode-_-any-5416902966723539648.dir/webapp/,AVAILABLE}{/hddsDatanode}
2019-10-03 19:50:45,945 [main] INFO  server.AbstractConnector (AbstractConnector.java:doStart(278)) - Started ServerConnector@5df778c3{HTTP/1.1,[http/1.1]}{0.0.0.0:36508}
2019-10-03 19:50:45,945 [main] INFO  server.Server (Server.java:doStart(419)) - Started @6265ms
2019-10-03 19:50:45,946 [main] WARN  impl.MetricsSystemImpl (MetricsSystemImpl.java:register(276)) - Sink prometheus already exists!
2019-10-03 19:50:45,947 [main] INFO  server.BaseHttpServer (BaseHttpServer.java:updateConnectorAddress(215)) - HTTP server of HDDSDATANODE is listening at http://0.0.0.0:36508
2019-10-03 19:50:45,949 [main] INFO  impl.MetricsSystemImpl (MetricsSystemImpl.java:init(158)) - HddsDatanode metrics system started (again)
2019-10-03 19:50:45,952 [main] INFO  ozone.HddsDatanodeService (HddsDatanodeService.java:start(184)) - HddsDatanodeService host:pr-hdds-2230-vt4bl-2581040744 ip:192.168.30.7
2019-10-03 19:50:45,953 [org.apache.hadoop.util.JvmPauseMonitor$Monitor@4d263ae0] INFO  util.JvmPauseMonitor (JvmPauseMonitor.java:run(188)) - Starting JVM pause monitor
2019-10-03 19:50:45,962 [main] INFO  volume.HddsVolume (HddsVolume.java:<init>(176)) - Creating Volume: /workdir/hadoop-ozone/integration-test/target/test-dir/MiniOzoneClusterImpl-e8360eeb-84e3-4554-85c7-51c2c812d0b8/datanode-1/data/containers/hdds of  storage type : DISK and capacity : 1482555576320
2019-10-03 19:50:45,962 [main] INFO  volume.VolumeSet (VolumeSet.java:initializeVolumeSet(170)) - Added Volume : /workdir/hadoop-ozone/integration-test/target/test-dir/MiniOzoneClusterImpl-e8360eeb-84e3-4554-85c7-51c2c812d0b8/datanode-1/data/containers/hdds to VolumeSet
2019-10-03 19:50:45,963 [main] INFO  volume.ThrottledAsyncChecker (ThrottledAsyncChecker.java:schedule(139)) - Scheduling a check for org.apache.hadoop.ozone.container.common.volume.HddsVolume@22a6e998
2019-10-03 19:50:45,963 [main] INFO  volume.HddsVolumeChecker (HddsVolumeChecker.java:checkAllVolumes(202)) - Scheduled health check for volume org.apache.hadoop.ozone.container.common.volume.HddsVolume@22a6e998
2019-10-03 19:50:45,978 [main] INFO  impl.RaftServerProxy (ConfUtils.java:logGet(43)) - raft.rpc.type = GRPC (default)
2019-10-03 19:50:45,979 [main] INFO  grpc.GrpcFactory (GrpcFactory.java:checkPooledByteBufAllocatorUseCacheForAllThreads(45)) - PERFORMANCE WARNING: useCacheForAllThreads is true that may cause Netty to create a lot garbage objects and, as a result, trigger GC.
	It is recommended to disable useCacheForAllThreads by setting -Dorg.apache.ratis.thirdparty.io.netty.allocator.useCacheForAllThreads=false in command line.
2019-10-03 19:50:45,979 [main] INFO  grpc.GrpcConfigKeys$Server (ConfUtils.java:logGet(43)) - raft.grpc.server.port = 0 (default)
2019-10-03 19:50:45,979 [main] INFO  server.GrpcService (ConfUtils.java:logGet(43)) - raft.grpc.message.size.max = 33570816 (custom)
2019-10-03 19:50:45,980 [main] INFO  server.RaftServerConfigKeys (ConfUtils.java:logGet(43)) - raft.server.log.appender.buffer.byte-limit = 33554432 (custom)
2019-10-03 19:50:45,980 [main] INFO  server.GrpcService (ConfUtils.java:logGet(43)) - raft.grpc.flow.control.window = 1MB (=1048576) (default)
2019-10-03 19:50:45,980 [main] INFO  server.RaftServerConfigKeys (ConfUtils.java:logGet(43)) - raft.server.rpc.request.timeout = 3000ms (default)
2019-10-03 19:50:45,981 [main] INFO  server.RaftServerConfigKeys (ConfUtils.java:logGet(43)) - raft.server.storage.dir = [/workdir/hadoop-ozone/integration-test/target/test-dir/MiniOzoneClusterImpl-e8360eeb-84e3-4554-85c7-51c2c812d0b8/datanode-1/data/ratis] (custom)
2019-10-03 19:50:45,983 [main] INFO  hdfs.DFSUtil (DFSUtil.java:httpServerTemplateForNNAndJN(1641)) - Starting Web-server for hddsDatanode at: http://0.0.0.0:0
2019-10-03 19:50:45,984 [main] INFO  server.AuthenticationFilter (AuthenticationFilter.java:constructSecretProvider(240)) - Unable to initialize FileSignerSecretProvider, falling back to use random secrets.
2019-10-03 19:50:45,984 [main] WARN  http.HttpRequestLog (HttpRequestLog.java:getRequestLog(97)) - Jetty request log can only be enabled using Log4j
2019-10-03 19:50:45,986 [main] INFO  http.HttpServer2 (HttpServer2.java:addGlobalFilter(975)) - Added global filter 'safety' (class=org.apache.hadoop.http.HttpServer2$QuotingInputFilter)
2019-10-03 19:50:45,987 [main] INFO  http.HttpServer2 (HttpServer2.java:addFilter(948)) - Added filter static_user_filter (class=org.apache.hadoop.http.lib.StaticUserWebFilter$StaticUserFilter) to context hddsDatanode
2019-10-03 19:50:45,987 [main] INFO  http.HttpServer2 (HttpServer2.java:addFilter(958)) - Added filter static_user_filter (class=org.apache.hadoop.http.lib.StaticUserWebFilter$StaticUserFilter) to context logs
2019-10-03 19:50:45,987 [main] INFO  http.HttpServer2 (HttpServer2.java:addFilter(958)) - Added filter static_user_filter (class=org.apache.hadoop.http.lib.StaticUserWebFilter$StaticUserFilter) to context static
2019-10-03 19:50:45,988 [main] INFO  http.HttpServer2 (HttpServer2.java:bindListener(1191)) - Jetty bound to port 42222
2019-10-03 19:50:45,988 [main] INFO  server.Server (Server.java:doStart(351)) - jetty-9.3.25.v20180904, build timestamp: 2018-09-04T21:11:46Z, git hash: 3ce520221d0240229c862b122d2b06c12a625732
2019-10-03 19:50:45,993 [main] INFO  handler.ContextHandler (ContextHandler.java:doStart(781)) - Started o.e.j.s.ServletContextHandler@5460b754{/logs,file:///workdir/hadoop-ozone/integration-test/target/log,AVAILABLE}
2019-10-03 19:50:45,994 [main] INFO  handler.ContextHandler (ContextHandler.java:doStart(781)) - Started o.e.j.s.ServletContextHandler@c27a3a2{/static,jar:file:/home/user/.m2/repository/org/apache/hadoop/hadoop-hdds-container-service/0.5.0-SNAPSHOT/hadoop-hdds-container-service-0.5.0-SNAPSHOT.jar!/webapps/static,AVAILABLE}
2019-10-03 19:50:46,024 [main] INFO  handler.ContextHandler (ContextHandler.java:doStart(781)) - Started o.e.j.w.WebAppContext@53e800f9{/,file:///tmp/jetty-0.0.0.0-42222-hddsDatanode-_-any-3339349587745896806.dir/webapp/,AVAILABLE}{/hddsDatanode}
2019-10-03 19:50:46,026 [main] INFO  server.AbstractConnector (AbstractConnector.java:doStart(278)) - Started ServerConnector@337bbfdf{HTTP/1.1,[http/1.1]}{0.0.0.0:42222}
2019-10-03 19:50:46,027 [main] INFO  server.Server (Server.java:doStart(419)) - Started @6347ms
2019-10-03 19:50:46,028 [main] WARN  impl.MetricsSystemImpl (MetricsSystemImpl.java:register(276)) - Sink prometheus already exists!
2019-10-03 19:50:46,029 [main] INFO  server.BaseHttpServer (BaseHttpServer.java:updateConnectorAddress(215)) - HTTP server of HDDSDATANODE is listening at http://0.0.0.0:42222
2019-10-03 19:50:46,029 [main] INFO  impl.MetricsSystemImpl (MetricsSystemImpl.java:init(158)) - HddsDatanode metrics system started (again)
2019-10-03 19:50:46,033 [main] INFO  ozone.HddsDatanodeService (HddsDatanodeService.java:start(184)) - HddsDatanodeService host:pr-hdds-2230-vt4bl-2581040744 ip:192.168.30.7
2019-10-03 19:50:46,033 [org.apache.hadoop.util.JvmPauseMonitor$Monitor@694a0a2c] INFO  util.JvmPauseMonitor (JvmPauseMonitor.java:run(188)) - Starting JVM pause monitor
2019-10-03 19:50:46,043 [main] INFO  volume.HddsVolume (HddsVolume.java:<init>(176)) - Creating Volume: /workdir/hadoop-ozone/integration-test/target/test-dir/MiniOzoneClusterImpl-e8360eeb-84e3-4554-85c7-51c2c812d0b8/datanode-2/data/containers/hdds of  storage type : DISK and capacity : 1482555576320
2019-10-03 19:50:46,044 [main] INFO  volume.VolumeSet (VolumeSet.java:initializeVolumeSet(170)) - Added Volume : /workdir/hadoop-ozone/integration-test/target/test-dir/MiniOzoneClusterImpl-e8360eeb-84e3-4554-85c7-51c2c812d0b8/datanode-2/data/containers/hdds to VolumeSet
2019-10-03 19:50:46,044 [main] INFO  volume.ThrottledAsyncChecker (ThrottledAsyncChecker.java:schedule(139)) - Scheduling a check for org.apache.hadoop.ozone.container.common.volume.HddsVolume@7fe82967
2019-10-03 19:50:46,046 [main] INFO  volume.HddsVolumeChecker (HddsVolumeChecker.java:checkAllVolumes(202)) - Scheduled health check for volume org.apache.hadoop.ozone.container.common.volume.HddsVolume@7fe82967
2019-10-03 19:50:46,066 [main] INFO  impl.RaftServerProxy (ConfUtils.java:logGet(43)) - raft.rpc.type = GRPC (default)
2019-10-03 19:50:46,067 [main] INFO  grpc.GrpcFactory (GrpcFactory.java:checkPooledByteBufAllocatorUseCacheForAllThreads(45)) - PERFORMANCE WARNING: useCacheForAllThreads is true that may cause Netty to create a lot garbage objects and, as a result, trigger GC.
	It is recommended to disable useCacheForAllThreads by setting -Dorg.apache.ratis.thirdparty.io.netty.allocator.useCacheForAllThreads=false in command line.
2019-10-03 19:50:46,067 [main] INFO  grpc.GrpcConfigKeys$Server (ConfUtils.java:logGet(43)) - raft.grpc.server.port = 0 (default)
2019-10-03 19:50:46,067 [main] INFO  server.GrpcService (ConfUtils.java:logGet(43)) - raft.grpc.message.size.max = 33570816 (custom)
2019-10-03 19:50:46,068 [main] INFO  server.RaftServerConfigKeys (ConfUtils.java:logGet(43)) - raft.server.log.appender.buffer.byte-limit = 33554432 (custom)
2019-10-03 19:50:46,068 [main] INFO  server.GrpcService (ConfUtils.java:logGet(43)) - raft.grpc.flow.control.window = 1MB (=1048576) (default)
2019-10-03 19:50:46,069 [main] INFO  server.RaftServerConfigKeys (ConfUtils.java:logGet(43)) - raft.server.rpc.request.timeout = 3000ms (default)
2019-10-03 19:50:46,069 [main] INFO  server.RaftServerConfigKeys (ConfUtils.java:logGet(43)) - raft.server.storage.dir = [/workdir/hadoop-ozone/integration-test/target/test-dir/MiniOzoneClusterImpl-e8360eeb-84e3-4554-85c7-51c2c812d0b8/datanode-2/data/ratis] (custom)
2019-10-03 19:50:46,072 [main] INFO  hdfs.DFSUtil (DFSUtil.java:httpServerTemplateForNNAndJN(1641)) - Starting Web-server for hddsDatanode at: http://0.0.0.0:0
2019-10-03 19:50:46,074 [main] INFO  server.AuthenticationFilter (AuthenticationFilter.java:constructSecretProvider(240)) - Unable to initialize FileSignerSecretProvider, falling back to use random secrets.
2019-10-03 19:50:46,075 [main] WARN  http.HttpRequestLog (HttpRequestLog.java:getRequestLog(97)) - Jetty request log can only be enabled using Log4j
2019-10-03 19:50:46,079 [main] INFO  http.HttpServer2 (HttpServer2.java:addGlobalFilter(975)) - Added global filter 'safety' (class=org.apache.hadoop.http.HttpServer2$QuotingInputFilter)
2019-10-03 19:50:46,080 [main] INFO  http.HttpServer2 (HttpServer2.java:addFilter(948)) - Added filter static_user_filter (class=org.apache.hadoop.http.lib.StaticUserWebFilter$StaticUserFilter) to context hddsDatanode
2019-10-03 19:50:46,080 [main] INFO  http.HttpServer2 (HttpServer2.java:addFilter(958)) - Added filter static_user_filter (class=org.apache.hadoop.http.lib.StaticUserWebFilter$StaticUserFilter) to context static
2019-10-03 19:50:46,080 [main] INFO  http.HttpServer2 (HttpServer2.java:addFilter(958)) - Added filter static_user_filter (class=org.apache.hadoop.http.lib.StaticUserWebFilter$StaticUserFilter) to context logs
2019-10-03 19:50:46,081 [main] INFO  http.HttpServer2 (HttpServer2.java:bindListener(1191)) - Jetty bound to port 40674
2019-10-03 19:50:46,081 [main] INFO  server.Server (Server.java:doStart(351)) - jetty-9.3.25.v20180904, build timestamp: 2018-09-04T21:11:46Z, git hash: 3ce520221d0240229c862b122d2b06c12a625732
2019-10-03 19:50:46,083 [main] INFO  handler.ContextHandler (ContextHandler.java:doStart(781)) - Started o.e.j.s.ServletContextHandler@4d21c56e{/logs,file:///workdir/hadoop-ozone/integration-test/target/log,AVAILABLE}
2019-10-03 19:50:46,084 [main] INFO  handler.ContextHandler (ContextHandler.java:doStart(781)) - Started o.e.j.s.ServletContextHandler@7100dea{/static,jar:file:/home/user/.m2/repository/org/apache/hadoop/hadoop-hdds-container-service/0.5.0-SNAPSHOT/hadoop-hdds-container-service-0.5.0-SNAPSHOT.jar!/webapps/static,AVAILABLE}
2019-10-03 19:50:46,085 [Datanode State Machine Thread - 0] INFO  datanode.InitDatanodeState (InitDatanodeState.java:persistContainerDatanodeDetails(140)) - DatanodeDetails is persisted to /workdir/hadoop-ozone/integration-test/target/test-dir/MiniOzoneClusterImpl-e8360eeb-84e3-4554-85c7-51c2c812d0b8/datanode-0/meta/datanode.id
2019-10-03 19:50:46,089 [Datanode State Machine Thread - 0] INFO  datanode.InitDatanodeState (InitDatanodeState.java:persistContainerDatanodeDetails(140)) - DatanodeDetails is persisted to /workdir/hadoop-ozone/integration-test/target/test-dir/MiniOzoneClusterImpl-e8360eeb-84e3-4554-85c7-51c2c812d0b8/datanode-1/meta/datanode.id
2019-10-03 19:50:46,117 [main] INFO  handler.ContextHandler (ContextHandler.java:doStart(781)) - Started o.e.j.w.WebAppContext@6b350309{/,file:///tmp/jetty-0.0.0.0-40674-hddsDatanode-_-any-5159104410754621220.dir/webapp/,AVAILABLE}{/hddsDatanode}
2019-10-03 19:50:46,118 [main] INFO  server.AbstractConnector (AbstractConnector.java:doStart(278)) - Started ServerConnector@7ecec90d{HTTP/1.1,[http/1.1]}{0.0.0.0:40674}
2019-10-03 19:50:46,118 [main] INFO  server.Server (Server.java:doStart(419)) - Started @6438ms
2019-10-03 19:50:46,119 [main] WARN  impl.MetricsSystemImpl (MetricsSystemImpl.java:register(276)) - Sink prometheus already exists!
2019-10-03 19:50:46,120 [main] INFO  server.BaseHttpServer (BaseHttpServer.java:updateConnectorAddress(215)) - HTTP server of HDDSDATANODE is listening at http://0.0.0.0:40674
2019-10-03 19:50:46,120 [main] INFO  impl.MetricsSystemImpl (MetricsSystemImpl.java:init(158)) - HddsDatanode metrics system started (again)
2019-10-03 19:50:46,124 [main] INFO  ozone.HddsDatanodeService (HddsDatanodeService.java:start(184)) - HddsDatanodeService host:pr-hdds-2230-vt4bl-2581040744 ip:192.168.30.7
2019-10-03 19:50:46,124 [org.apache.hadoop.util.JvmPauseMonitor$Monitor@7f9465d5] INFO  util.JvmPauseMonitor (JvmPauseMonitor.java:run(188)) - Starting JVM pause monitor
2019-10-03 19:50:46,128 [Datanode State Machine Thread - 0] INFO  datanode.InitDatanodeState (InitDatanodeState.java:persistContainerDatanodeDetails(140)) - DatanodeDetails is persisted to /workdir/hadoop-ozone/integration-test/target/test-dir/MiniOzoneClusterImpl-e8360eeb-84e3-4554-85c7-51c2c812d0b8/datanode-2/meta/datanode.id
2019-10-03 19:50:46,133 [main] INFO  volume.HddsVolume (HddsVolume.java:<init>(176)) - Creating Volume: /workdir/hadoop-ozone/integration-test/target/test-dir/MiniOzoneClusterImpl-e8360eeb-84e3-4554-85c7-51c2c812d0b8/datanode-3/data/containers/hdds of  storage type : DISK and capacity : 1482555576320
2019-10-03 19:50:46,133 [main] INFO  volume.VolumeSet (VolumeSet.java:initializeVolumeSet(170)) - Added Volume : /workdir/hadoop-ozone/integration-test/target/test-dir/MiniOzoneClusterImpl-e8360eeb-84e3-4554-85c7-51c2c812d0b8/datanode-3/data/containers/hdds to VolumeSet
2019-10-03 19:50:46,134 [main] INFO  volume.ThrottledAsyncChecker (ThrottledAsyncChecker.java:schedule(139)) - Scheduling a check for org.apache.hadoop.ozone.container.common.volume.HddsVolume@bc042d5
2019-10-03 19:50:46,134 [main] INFO  volume.HddsVolumeChecker (HddsVolumeChecker.java:checkAllVolumes(202)) - Scheduled health check for volume org.apache.hadoop.ozone.container.common.volume.HddsVolume@bc042d5
2019-10-03 19:50:46,149 [main] INFO  impl.RaftServerProxy (ConfUtils.java:logGet(43)) - raft.rpc.type = GRPC (default)
2019-10-03 19:50:46,149 [main] INFO  grpc.GrpcFactory (GrpcFactory.java:checkPooledByteBufAllocatorUseCacheForAllThreads(45)) - PERFORMANCE WARNING: useCacheForAllThreads is true that may cause Netty to create a lot garbage objects and, as a result, trigger GC.
	It is recommended to disable useCacheForAllThreads by setting -Dorg.apache.ratis.thirdparty.io.netty.allocator.useCacheForAllThreads=false in command line.
2019-10-03 19:50:46,150 [main] INFO  grpc.GrpcConfigKeys$Server (ConfUtils.java:logGet(43)) - raft.grpc.server.port = 0 (default)
2019-10-03 19:50:46,150 [main] INFO  server.GrpcService (ConfUtils.java:logGet(43)) - raft.grpc.message.size.max = 33570816 (custom)
2019-10-03 19:50:46,150 [main] INFO  server.RaftServerConfigKeys (ConfUtils.java:logGet(43)) - raft.server.log.appender.buffer.byte-limit = 33554432 (custom)
2019-10-03 19:50:46,150 [main] INFO  server.GrpcService (ConfUtils.java:logGet(43)) - raft.grpc.flow.control.window = 1MB (=1048576) (default)
2019-10-03 19:50:46,151 [main] INFO  server.RaftServerConfigKeys (ConfUtils.java:logGet(43)) - raft.server.rpc.request.timeout = 3000ms (default)
2019-10-03 19:50:46,151 [main] INFO  server.RaftServerConfigKeys (ConfUtils.java:logGet(43)) - raft.server.storage.dir = [/workdir/hadoop-ozone/integration-test/target/test-dir/MiniOzoneClusterImpl-e8360eeb-84e3-4554-85c7-51c2c812d0b8/datanode-3/data/ratis] (custom)
2019-10-03 19:50:46,153 [main] INFO  hdfs.DFSUtil (DFSUtil.java:httpServerTemplateForNNAndJN(1641)) - Starting Web-server for hddsDatanode at: http://0.0.0.0:0
2019-10-03 19:50:46,154 [main] INFO  server.AuthenticationFilter (AuthenticationFilter.java:constructSecretProvider(240)) - Unable to initialize FileSignerSecretProvider, falling back to use random secrets.
2019-10-03 19:50:46,154 [main] WARN  http.HttpRequestLog (HttpRequestLog.java:getRequestLog(97)) - Jetty request log can only be enabled using Log4j
2019-10-03 19:50:46,156 [main] INFO  http.HttpServer2 (HttpServer2.java:addGlobalFilter(975)) - Added global filter 'safety' (class=org.apache.hadoop.http.HttpServer2$QuotingInputFilter)
2019-10-03 19:50:46,157 [main] INFO  http.HttpServer2 (HttpServer2.java:addFilter(948)) - Added filter static_user_filter (class=org.apache.hadoop.http.lib.StaticUserWebFilter$StaticUserFilter) to context hddsDatanode
2019-10-03 19:50:46,157 [main] INFO  http.HttpServer2 (HttpServer2.java:addFilter(958)) - Added filter static_user_filter (class=org.apache.hadoop.http.lib.StaticUserWebFilter$StaticUserFilter) to context logs
2019-10-03 19:50:46,157 [main] INFO  http.HttpServer2 (HttpServer2.java:addFilter(958)) - Added filter static_user_filter (class=org.apache.hadoop.http.lib.StaticUserWebFilter$StaticUserFilter) to context static
2019-10-03 19:50:46,158 [main] INFO  http.HttpServer2 (HttpServer2.java:bindListener(1191)) - Jetty bound to port 33407
2019-10-03 19:50:46,158 [main] INFO  server.Server (Server.java:doStart(351)) - jetty-9.3.25.v20180904, build timestamp: 2018-09-04T21:11:46Z, git hash: 3ce520221d0240229c862b122d2b06c12a625732
2019-10-03 19:50:46,164 [main] INFO  handler.ContextHandler (ContextHandler.java:doStart(781)) - Started o.e.j.s.ServletContextHandler@5e7c141d{/logs,file:///workdir/hadoop-ozone/integration-test/target/log,AVAILABLE}
2019-10-03 19:50:46,165 [main] INFO  handler.ContextHandler (ContextHandler.java:doStart(781)) - Started o.e.j.s.ServletContextHandler@1305c126{/static,jar:file:/home/user/.m2/repository/org/apache/hadoop/hadoop-hdds-container-service/0.5.0-SNAPSHOT/hadoop-hdds-container-service-0.5.0-SNAPSHOT.jar!/webapps/static,AVAILABLE}
2019-10-03 19:50:46,195 [main] INFO  handler.ContextHandler (ContextHandler.java:doStart(781)) - Started o.e.j.w.WebAppContext@518bfd90{/,file:///tmp/jetty-0.0.0.0-33407-hddsDatanode-_-any-8539526560109083884.dir/webapp/,AVAILABLE}{/hddsDatanode}
2019-10-03 19:50:46,196 [main] INFO  server.AbstractConnector (AbstractConnector.java:doStart(278)) - Started ServerConnector@317a118b{HTTP/1.1,[http/1.1]}{0.0.0.0:33407}
2019-10-03 19:50:46,197 [main] INFO  server.Server (Server.java:doStart(419)) - Started @6516ms
2019-10-03 19:50:46,198 [main] WARN  impl.MetricsSystemImpl (MetricsSystemImpl.java:register(276)) - Sink prometheus already exists!
2019-10-03 19:50:46,198 [main] INFO  server.BaseHttpServer (BaseHttpServer.java:updateConnectorAddress(215)) - HTTP server of HDDSDATANODE is listening at http://0.0.0.0:33407
2019-10-03 19:50:46,199 [main] INFO  impl.MetricsSystemImpl (MetricsSystemImpl.java:init(158)) - HddsDatanode metrics system started (again)
2019-10-03 19:50:46,203 [org.apache.hadoop.util.JvmPauseMonitor$Monitor@d6f1130] INFO  util.JvmPauseMonitor (JvmPauseMonitor.java:run(188)) - Starting JVM pause monitor
2019-10-03 19:50:46,203 [main] INFO  ozone.HddsDatanodeService (HddsDatanodeService.java:start(184)) - HddsDatanodeService host:pr-hdds-2230-vt4bl-2581040744 ip:192.168.30.7
2019-10-03 19:50:46,206 [Datanode State Machine Thread - 0] INFO  datanode.InitDatanodeState (InitDatanodeState.java:persistContainerDatanodeDetails(140)) - DatanodeDetails is persisted to /workdir/hadoop-ozone/integration-test/target/test-dir/MiniOzoneClusterImpl-e8360eeb-84e3-4554-85c7-51c2c812d0b8/datanode-3/meta/datanode.id
2019-10-03 19:50:46,211 [main] INFO  volume.HddsVolume (HddsVolume.java:<init>(176)) - Creating Volume: /workdir/hadoop-ozone/integration-test/target/test-dir/MiniOzoneClusterImpl-e8360eeb-84e3-4554-85c7-51c2c812d0b8/datanode-4/data/containers/hdds of  storage type : DISK and capacity : 1482555576320
2019-10-03 19:50:46,212 [main] INFO  volume.VolumeSet (VolumeSet.java:initializeVolumeSet(170)) - Added Volume : /workdir/hadoop-ozone/integration-test/target/test-dir/MiniOzoneClusterImpl-e8360eeb-84e3-4554-85c7-51c2c812d0b8/datanode-4/data/containers/hdds to VolumeSet
2019-10-03 19:50:46,212 [main] INFO  volume.ThrottledAsyncChecker (ThrottledAsyncChecker.java:schedule(139)) - Scheduling a check for org.apache.hadoop.ozone.container.common.volume.HddsVolume@242b6e1a
2019-10-03 19:50:46,213 [main] INFO  volume.HddsVolumeChecker (HddsVolumeChecker.java:checkAllVolumes(202)) - Scheduled health check for volume org.apache.hadoop.ozone.container.common.volume.HddsVolume@242b6e1a
2019-10-03 19:50:46,231 [main] INFO  impl.RaftServerProxy (ConfUtils.java:logGet(43)) - raft.rpc.type = GRPC (default)
2019-10-03 19:50:46,231 [main] INFO  grpc.GrpcFactory (GrpcFactory.java:checkPooledByteBufAllocatorUseCacheForAllThreads(45)) - PERFORMANCE WARNING: useCacheForAllThreads is true that may cause Netty to create a lot garbage objects and, as a result, trigger GC.
	It is recommended to disable useCacheForAllThreads by setting -Dorg.apache.ratis.thirdparty.io.netty.allocator.useCacheForAllThreads=false in command line.
2019-10-03 19:50:46,232 [main] INFO  grpc.GrpcConfigKeys$Server (ConfUtils.java:logGet(43)) - raft.grpc.server.port = 0 (default)
2019-10-03 19:50:46,232 [main] INFO  server.GrpcService (ConfUtils.java:logGet(43)) - raft.grpc.message.size.max = 33570816 (custom)
2019-10-03 19:50:46,232 [main] INFO  server.RaftServerConfigKeys (ConfUtils.java:logGet(43)) - raft.server.log.appender.buffer.byte-limit = 33554432 (custom)
2019-10-03 19:50:46,232 [main] INFO  server.GrpcService (ConfUtils.java:logGet(43)) - raft.grpc.flow.control.window = 1MB (=1048576) (default)
2019-10-03 19:50:46,233 [main] INFO  server.RaftServerConfigKeys (ConfUtils.java:logGet(43)) - raft.server.rpc.request.timeout = 3000ms (default)
2019-10-03 19:50:46,233 [main] INFO  server.RaftServerConfigKeys (ConfUtils.java:logGet(43)) - raft.server.storage.dir = [/workdir/hadoop-ozone/integration-test/target/test-dir/MiniOzoneClusterImpl-e8360eeb-84e3-4554-85c7-51c2c812d0b8/datanode-4/data/ratis] (custom)
2019-10-03 19:50:46,235 [main] INFO  hdfs.DFSUtil (DFSUtil.java:httpServerTemplateForNNAndJN(1641)) - Starting Web-server for hddsDatanode at: http://0.0.0.0:0
2019-10-03 19:50:46,236 [main] INFO  server.AuthenticationFilter (AuthenticationFilter.java:constructSecretProvider(240)) - Unable to initialize FileSignerSecretProvider, falling back to use random secrets.
2019-10-03 19:50:46,237 [main] WARN  http.HttpRequestLog (HttpRequestLog.java:getRequestLog(97)) - Jetty request log can only be enabled using Log4j
2019-10-03 19:50:46,239 [main] INFO  http.HttpServer2 (HttpServer2.java:addGlobalFilter(975)) - Added global filter 'safety' (class=org.apache.hadoop.http.HttpServer2$QuotingInputFilter)
2019-10-03 19:50:46,240 [main] INFO  http.HttpServer2 (HttpServer2.java:addFilter(948)) - Added filter static_user_filter (class=org.apache.hadoop.http.lib.StaticUserWebFilter$StaticUserFilter) to context hddsDatanode
2019-10-03 19:50:46,240 [main] INFO  http.HttpServer2 (HttpServer2.java:addFilter(958)) - Added filter static_user_filter (class=org.apache.hadoop.http.lib.StaticUserWebFilter$StaticUserFilter) to context logs
2019-10-03 19:50:46,240 [main] INFO  http.HttpServer2 (HttpServer2.java:addFilter(958)) - Added filter static_user_filter (class=org.apache.hadoop.http.lib.StaticUserWebFilter$StaticUserFilter) to context static
2019-10-03 19:50:46,241 [main] INFO  http.HttpServer2 (HttpServer2.java:bindListener(1191)) - Jetty bound to port 40918
2019-10-03 19:50:46,241 [main] INFO  server.Server (Server.java:doStart(351)) - jetty-9.3.25.v20180904, build timestamp: 2018-09-04T21:11:46Z, git hash: 3ce520221d0240229c862b122d2b06c12a625732
2019-10-03 19:50:46,244 [main] INFO  handler.ContextHandler (ContextHandler.java:doStart(781)) - Started o.e.j.s.ServletContextHandler@1457fde{/logs,file:///workdir/hadoop-ozone/integration-test/target/log,AVAILABLE}
2019-10-03 19:50:46,244 [main] INFO  handler.ContextHandler (ContextHandler.java:doStart(781)) - Started o.e.j.s.ServletContextHandler@17fa1336{/static,jar:file:/home/user/.m2/repository/org/apache/hadoop/hadoop-hdds-container-service/0.5.0-SNAPSHOT/hadoop-hdds-container-service-0.5.0-SNAPSHOT.jar!/webapps/static,AVAILABLE}
2019-10-03 19:50:46,274 [main] INFO  handler.ContextHandler (ContextHandler.java:doStart(781)) - Started o.e.j.w.WebAppContext@142213d5{/,file:///tmp/jetty-0.0.0.0-40918-hddsDatanode-_-any-2754780898434909795.dir/webapp/,AVAILABLE}{/hddsDatanode}
2019-10-03 19:50:46,275 [main] INFO  server.AbstractConnector (AbstractConnector.java:doStart(278)) - Started ServerConnector@934b52f{HTTP/1.1,[http/1.1]}{0.0.0.0:40918}
2019-10-03 19:50:46,276 [main] INFO  server.Server (Server.java:doStart(419)) - Started @6595ms
2019-10-03 19:50:46,276 [main] WARN  impl.MetricsSystemImpl (MetricsSystemImpl.java:register(276)) - Sink prometheus already exists!
2019-10-03 19:50:46,276 [main] INFO  server.BaseHttpServer (BaseHttpServer.java:updateConnectorAddress(215)) - HTTP server of HDDSDATANODE is listening at http://0.0.0.0:40918
2019-10-03 19:50:46,277 [main] INFO  impl.MetricsSystemImpl (MetricsSystemImpl.java:init(158)) - HddsDatanode metrics system started (again)
2019-10-03 19:50:46,280 [main] INFO  ozone.HddsDatanodeService (HddsDatanodeService.java:start(184)) - HddsDatanodeService host:pr-hdds-2230-vt4bl-2581040744 ip:192.168.30.7
2019-10-03 19:50:46,281 [org.apache.hadoop.util.JvmPauseMonitor$Monitor@2fbdc75b] INFO  util.JvmPauseMonitor (JvmPauseMonitor.java:run(188)) - Starting JVM pause monitor
2019-10-03 19:50:46,284 [Datanode State Machine Thread - 0] INFO  datanode.InitDatanodeState (InitDatanodeState.java:persistContainerDatanodeDetails(140)) - DatanodeDetails is persisted to /workdir/hadoop-ozone/integration-test/target/test-dir/MiniOzoneClusterImpl-e8360eeb-84e3-4554-85c7-51c2c812d0b8/datanode-4/meta/datanode.id
2019-10-03 19:50:46,289 [main] INFO  volume.HddsVolume (HddsVolume.java:<init>(176)) - Creating Volume: /workdir/hadoop-ozone/integration-test/target/test-dir/MiniOzoneClusterImpl-e8360eeb-84e3-4554-85c7-51c2c812d0b8/datanode-5/data/containers/hdds of  storage type : DISK and capacity : 1482555576320
2019-10-03 19:50:46,290 [main] INFO  volume.VolumeSet (VolumeSet.java:initializeVolumeSet(170)) - Added Volume : /workdir/hadoop-ozone/integration-test/target/test-dir/MiniOzoneClusterImpl-e8360eeb-84e3-4554-85c7-51c2c812d0b8/datanode-5/data/containers/hdds to VolumeSet
2019-10-03 19:50:46,290 [main] INFO  volume.ThrottledAsyncChecker (ThrottledAsyncChecker.java:schedule(139)) - Scheduling a check for org.apache.hadoop.ozone.container.common.volume.HddsVolume@6e4f263e
2019-10-03 19:50:46,291 [main] INFO  volume.HddsVolumeChecker (HddsVolumeChecker.java:checkAllVolumes(202)) - Scheduled health check for volume org.apache.hadoop.ozone.container.common.volume.HddsVolume@6e4f263e
2019-10-03 19:50:46,315 [main] INFO  impl.RaftServerProxy (ConfUtils.java:logGet(43)) - raft.rpc.type = GRPC (default)
2019-10-03 19:50:46,316 [main] INFO  grpc.GrpcFactory (GrpcFactory.java:checkPooledByteBufAllocatorUseCacheForAllThreads(45)) - PERFORMANCE WARNING: useCacheForAllThreads is true that may cause Netty to create a lot garbage objects and, as a result, trigger GC.
	It is recommended to disable useCacheForAllThreads by setting -Dorg.apache.ratis.thirdparty.io.netty.allocator.useCacheForAllThreads=false in command line.
2019-10-03 19:50:46,316 [main] INFO  grpc.GrpcConfigKeys$Server (ConfUtils.java:logGet(43)) - raft.grpc.server.port = 0 (default)
2019-10-03 19:50:46,316 [main] INFO  server.GrpcService (ConfUtils.java:logGet(43)) - raft.grpc.message.size.max = 33570816 (custom)
2019-10-03 19:50:46,317 [main] INFO  server.RaftServerConfigKeys (ConfUtils.java:logGet(43)) - raft.server.log.appender.buffer.byte-limit = 33554432 (custom)
2019-10-03 19:50:46,317 [main] INFO  server.GrpcService (ConfUtils.java:logGet(43)) - raft.grpc.flow.control.window = 1MB (=1048576) (default)
2019-10-03 19:50:46,317 [main] INFO  server.RaftServerConfigKeys (ConfUtils.java:logGet(43)) - raft.server.rpc.request.timeout = 3000ms (default)
2019-10-03 19:50:46,318 [main] INFO  server.RaftServerConfigKeys (ConfUtils.java:logGet(43)) - raft.server.storage.dir = [/workdir/hadoop-ozone/integration-test/target/test-dir/MiniOzoneClusterImpl-e8360eeb-84e3-4554-85c7-51c2c812d0b8/datanode-5/data/ratis] (custom)
2019-10-03 19:50:46,320 [main] INFO  hdfs.DFSUtil (DFSUtil.java:httpServerTemplateForNNAndJN(1641)) - Starting Web-server for hddsDatanode at: http://0.0.0.0:0
2019-10-03 19:50:46,322 [main] INFO  server.AuthenticationFilter (AuthenticationFilter.java:constructSecretProvider(240)) - Unable to initialize FileSignerSecretProvider, falling back to use random secrets.
2019-10-03 19:50:46,322 [main] WARN  http.HttpRequestLog (HttpRequestLog.java:getRequestLog(97)) - Jetty request log can only be enabled using Log4j
2019-10-03 19:50:46,324 [main] INFO  http.HttpServer2 (HttpServer2.java:addGlobalFilter(975)) - Added global filter 'safety' (class=org.apache.hadoop.http.HttpServer2$QuotingInputFilter)
2019-10-03 19:50:46,325 [main] INFO  http.HttpServer2 (HttpServer2.java:addFilter(948)) - Added filter static_user_filter (class=org.apache.hadoop.http.lib.StaticUserWebFilter$StaticUserFilter) to context hddsDatanode
2019-10-03 19:50:46,325 [main] INFO  http.HttpServer2 (HttpServer2.java:addFilter(958)) - Added filter static_user_filter (class=org.apache.hadoop.http.lib.StaticUserWebFilter$StaticUserFilter) to context logs
2019-10-03 19:50:46,325 [main] INFO  http.HttpServer2 (HttpServer2.java:addFilter(958)) - Added filter static_user_filter (class=org.apache.hadoop.http.lib.StaticUserWebFilter$StaticUserFilter) to context static
2019-10-03 19:50:46,326 [main] INFO  http.HttpServer2 (HttpServer2.java:bindListener(1191)) - Jetty bound to port 42286
2019-10-03 19:50:46,326 [main] INFO  server.Server (Server.java:doStart(351)) - jetty-9.3.25.v20180904, build timestamp: 2018-09-04T21:11:46Z, git hash: 3ce520221d0240229c862b122d2b06c12a625732
2019-10-03 19:50:46,328 [main] INFO  handler.ContextHandler (ContextHandler.java:doStart(781)) - Started o.e.j.s.ServletContextHandler@7e53339{/logs,file:///workdir/hadoop-ozone/integration-test/target/log,AVAILABLE}
2019-10-03 19:50:46,329 [main] INFO  handler.ContextHandler (ContextHandler.java:doStart(781)) - Started o.e.j.s.ServletContextHandler@31ddb930{/static,jar:file:/home/user/.m2/repository/org/apache/hadoop/hadoop-hdds-container-service/0.5.0-SNAPSHOT/hadoop-hdds-container-service-0.5.0-SNAPSHOT.jar!/webapps/static,AVAILABLE}
2019-10-03 19:50:46,359 [main] INFO  handler.ContextHandler (ContextHandler.java:doStart(781)) - Started o.e.j.w.WebAppContext@2bc378f7{/,file:///tmp/jetty-0.0.0.0-42286-hddsDatanode-_-any-4213630448223055884.dir/webapp/,AVAILABLE}{/hddsDatanode}
2019-10-03 19:50:46,360 [main] INFO  server.AbstractConnector (AbstractConnector.java:doStart(278)) - Started ServerConnector@268cbb86{HTTP/1.1,[http/1.1]}{0.0.0.0:42286}
2019-10-03 19:50:46,361 [main] INFO  server.Server (Server.java:doStart(419)) - Started @6681ms
2019-10-03 19:50:46,361 [main] WARN  impl.MetricsSystemImpl (MetricsSystemImpl.java:register(276)) - Sink prometheus already exists!
2019-10-03 19:50:46,362 [main] INFO  server.BaseHttpServer (BaseHttpServer.java:updateConnectorAddress(215)) - HTTP server of HDDSDATANODE is listening at http://0.0.0.0:42286
2019-10-03 19:50:46,362 [main] INFO  impl.MetricsSystemImpl (MetricsSystemImpl.java:init(158)) - HddsDatanode metrics system started (again)
2019-10-03 19:50:46,367 [org.apache.hadoop.util.JvmPauseMonitor$Monitor@209275b1] INFO  util.JvmPauseMonitor (JvmPauseMonitor.java:run(188)) - Starting JVM pause monitor
2019-10-03 19:50:46,367 [main] INFO  ozone.HddsDatanodeService (HddsDatanodeService.java:start(184)) - HddsDatanodeService host:pr-hdds-2230-vt4bl-2581040744 ip:192.168.30.7
2019-10-03 19:50:46,370 [Datanode State Machine Thread - 0] INFO  datanode.InitDatanodeState (InitDatanodeState.java:persistContainerDatanodeDetails(140)) - DatanodeDetails is persisted to /workdir/hadoop-ozone/integration-test/target/test-dir/MiniOzoneClusterImpl-e8360eeb-84e3-4554-85c7-51c2c812d0b8/datanode-5/meta/datanode.id
2019-10-03 19:50:46,376 [main] INFO  volume.HddsVolume (HddsVolume.java:<init>(176)) - Creating Volume: /workdir/hadoop-ozone/integration-test/target/test-dir/MiniOzoneClusterImpl-e8360eeb-84e3-4554-85c7-51c2c812d0b8/datanode-6/data/containers/hdds of  storage type : DISK and capacity : 1482555576320
2019-10-03 19:50:46,376 [main] INFO  volume.VolumeSet (VolumeSet.java:initializeVolumeSet(170)) - Added Volume : /workdir/hadoop-ozone/integration-test/target/test-dir/MiniOzoneClusterImpl-e8360eeb-84e3-4554-85c7-51c2c812d0b8/datanode-6/data/containers/hdds to VolumeSet
2019-10-03 19:50:46,376 [main] INFO  volume.ThrottledAsyncChecker (ThrottledAsyncChecker.java:schedule(139)) - Scheduling a check for org.apache.hadoop.ozone.container.common.volume.HddsVolume@7afc4db9
2019-10-03 19:50:46,377 [main] INFO  volume.HddsVolumeChecker (HddsVolumeChecker.java:checkAllVolumes(202)) - Scheduled health check for volume org.apache.hadoop.ozone.container.common.volume.HddsVolume@7afc4db9
2019-10-03 19:50:46,392 [main] INFO  impl.RaftServerProxy (ConfUtils.java:logGet(43)) - raft.rpc.type = GRPC (default)
2019-10-03 19:50:46,392 [main] INFO  grpc.GrpcFactory (GrpcFactory.java:checkPooledByteBufAllocatorUseCacheForAllThreads(45)) - PERFORMANCE WARNING: useCacheForAllThreads is true that may cause Netty to create a lot garbage objects and, as a result, trigger GC.
	It is recommended to disable useCacheForAllThreads by setting -Dorg.apache.ratis.thirdparty.io.netty.allocator.useCacheForAllThreads=false in command line.
2019-10-03 19:50:46,392 [main] INFO  grpc.GrpcConfigKeys$Server (ConfUtils.java:logGet(43)) - raft.grpc.server.port = 0 (default)
2019-10-03 19:50:46,393 [main] INFO  server.GrpcService (ConfUtils.java:logGet(43)) - raft.grpc.message.size.max = 33570816 (custom)
2019-10-03 19:50:46,393 [main] INFO  server.RaftServerConfigKeys (ConfUtils.java:logGet(43)) - raft.server.log.appender.buffer.byte-limit = 33554432 (custom)
2019-10-03 19:50:46,393 [main] INFO  server.GrpcService (ConfUtils.java:logGet(43)) - raft.grpc.flow.control.window = 1MB (=1048576) (default)
2019-10-03 19:50:46,393 [main] INFO  server.RaftServerConfigKeys (ConfUtils.java:logGet(43)) - raft.server.rpc.request.timeout = 3000ms (default)
2019-10-03 19:50:46,394 [main] INFO  server.RaftServerConfigKeys (ConfUtils.java:logGet(43)) - raft.server.storage.dir = [/workdir/hadoop-ozone/integration-test/target/test-dir/MiniOzoneClusterImpl-e8360eeb-84e3-4554-85c7-51c2c812d0b8/datanode-6/data/ratis] (custom)
2019-10-03 19:50:46,395 [main] INFO  hdfs.DFSUtil (DFSUtil.java:httpServerTemplateForNNAndJN(1641)) - Starting Web-server for hddsDatanode at: http://0.0.0.0:0
2019-10-03 19:50:46,397 [main] INFO  server.AuthenticationFilter (AuthenticationFilter.java:constructSecretProvider(240)) - Unable to initialize FileSignerSecretProvider, falling back to use random secrets.
2019-10-03 19:50:46,397 [main] WARN  http.HttpRequestLog (HttpRequestLog.java:getRequestLog(97)) - Jetty request log can only be enabled using Log4j
2019-10-03 19:50:46,399 [main] INFO  http.HttpServer2 (HttpServer2.java:addGlobalFilter(975)) - Added global filter 'safety' (class=org.apache.hadoop.http.HttpServer2$QuotingInputFilter)
2019-10-03 19:50:46,400 [main] INFO  http.HttpServer2 (HttpServer2.java:addFilter(948)) - Added filter static_user_filter (class=org.apache.hadoop.http.lib.StaticUserWebFilter$StaticUserFilter) to context hddsDatanode
2019-10-03 19:50:46,400 [main] INFO  http.HttpServer2 (HttpServer2.java:addFilter(958)) - Added filter static_user_filter (class=org.apache.hadoop.http.lib.StaticUserWebFilter$StaticUserFilter) to context logs
2019-10-03 19:50:46,400 [main] INFO  http.HttpServer2 (HttpServer2.java:addFilter(958)) - Added filter static_user_filter (class=org.apache.hadoop.http.lib.StaticUserWebFilter$StaticUserFilter) to context static
2019-10-03 19:50:46,401 [main] INFO  http.HttpServer2 (HttpServer2.java:bindListener(1191)) - Jetty bound to port 43403
2019-10-03 19:50:46,401 [main] INFO  server.Server (Server.java:doStart(351)) - jetty-9.3.25.v20180904, build timestamp: 2018-09-04T21:11:46Z, git hash: 3ce520221d0240229c862b122d2b06c12a625732
2019-10-03 19:50:46,403 [main] INFO  handler.ContextHandler (ContextHandler.java:doStart(781)) - Started o.e.j.s.ServletContextHandler@1ab5f08a{/logs,file:///workdir/hadoop-ozone/integration-test/target/log,AVAILABLE}
2019-10-03 19:50:46,404 [main] INFO  handler.ContextHandler (ContextHandler.java:doStart(781)) - Started o.e.j.s.ServletContextHandler@79a04e5f{/static,jar:file:/home/user/.m2/repository/org/apache/hadoop/hadoop-hdds-container-service/0.5.0-SNAPSHOT/hadoop-hdds-container-service-0.5.0-SNAPSHOT.jar!/webapps/static,AVAILABLE}
2019-10-03 19:50:46,434 [main] INFO  handler.ContextHandler (ContextHandler.java:doStart(781)) - Started o.e.j.w.WebAppContext@5a08efdc{/,file:///tmp/jetty-0.0.0.0-43403-hddsDatanode-_-any-5298758776588965181.dir/webapp/,AVAILABLE}{/hddsDatanode}
2019-10-03 19:50:46,435 [main] INFO  server.AbstractConnector (AbstractConnector.java:doStart(278)) - Started ServerConnector@57272109{HTTP/1.1,[http/1.1]}{0.0.0.0:43403}
2019-10-03 19:50:46,436 [main] INFO  server.Server (Server.java:doStart(419)) - Started @6755ms
2019-10-03 19:50:46,436 [main] WARN  impl.MetricsSystemImpl (MetricsSystemImpl.java:register(276)) - Sink prometheus already exists!
2019-10-03 19:50:46,437 [main] INFO  server.BaseHttpServer (BaseHttpServer.java:updateConnectorAddress(215)) - HTTP server of HDDSDATANODE is listening at http://0.0.0.0:43403
2019-10-03 19:50:46,439 [main] INFO  ozone.MiniOzoneClusterImpl (MiniOzoneClusterImpl.java:lambda$waitForClusterToBeReady$0(147)) - Waiting for cluster to be ready. Got 0 of 7 DN Heartbeats.
2019-10-03 19:50:46,441 [org.apache.hadoop.util.JvmPauseMonitor$Monitor@5ecf9b73] INFO  util.JvmPauseMonitor (JvmPauseMonitor.java:run(188)) - Starting JVM pause monitor
2019-10-03 19:50:46,445 [Datanode State Machine Thread - 0] INFO  datanode.InitDatanodeState (InitDatanodeState.java:persistContainerDatanodeDetails(140)) - DatanodeDetails is persisted to /workdir/hadoop-ozone/integration-test/target/test-dir/MiniOzoneClusterImpl-e8360eeb-84e3-4554-85c7-51c2c812d0b8/datanode-6/meta/datanode.id
2019-10-03 19:50:47,440 [main] INFO  ozone.MiniOzoneClusterImpl (MiniOzoneClusterImpl.java:lambda$waitForClusterToBeReady$0(147)) - Waiting for cluster to be ready. Got 0 of 7 DN Heartbeats.
2019-10-03 19:50:48,067 [Datanode State Machine Thread - 0] INFO  ozoneimpl.OzoneContainer (OzoneContainer.java:start(217)) - Attempting to start container services.
2019-10-03 19:50:48,067 [Datanode State Machine Thread - 0] INFO  ozoneimpl.OzoneContainer (OzoneContainer.java:start(217)) - Attempting to start container services.
2019-10-03 19:50:48,073 [Datanode State Machine Thread - 0] INFO  ozoneimpl.OzoneContainer (OzoneContainer.java:startContainerScrub(179)) - Background container scanner has been disabled.
2019-10-03 19:50:48,073 [Datanode State Machine Thread - 0] INFO  ozoneimpl.OzoneContainer (OzoneContainer.java:startContainerScrub(179)) - Background container scanner has been disabled.
2019-10-03 19:50:48,073 [Datanode State Machine Thread - 0] INFO  ratis.XceiverServerRatis (XceiverServerRatis.java:start(417)) - Starting XceiverServerRatis 67364250-31f9-46a2-8464-4e94057f1238 at port 0
2019-10-03 19:50:48,073 [Datanode State Machine Thread - 0] INFO  ratis.XceiverServerRatis (XceiverServerRatis.java:start(417)) - Starting XceiverServerRatis afe8e0ac-3506-4965-b697-47ccfd644cac at port 0
2019-10-03 19:50:48,114 [Datanode State Machine Thread - 0] INFO  impl.RaftServerProxy (RaftServerProxy.java:lambda$start$3(299)) - afe8e0ac-3506-4965-b697-47ccfd644cac: start RPC server
2019-10-03 19:50:48,114 [Datanode State Machine Thread - 0] INFO  impl.RaftServerProxy (RaftServerProxy.java:lambda$start$3(299)) - 67364250-31f9-46a2-8464-4e94057f1238: start RPC server
2019-10-03 19:50:48,153 [Datanode State Machine Thread - 0] INFO  ozoneimpl.OzoneContainer (OzoneContainer.java:start(217)) - Attempting to start container services.
2019-10-03 19:50:48,165 [Datanode State Machine Thread - 0] INFO  ozoneimpl.OzoneContainer (OzoneContainer.java:startContainerScrub(179)) - Background container scanner has been disabled.
2019-10-03 19:50:48,165 [Datanode State Machine Thread - 0] INFO  ratis.XceiverServerRatis (XceiverServerRatis.java:start(417)) - Starting XceiverServerRatis 26498bb5-537b-43ac-a036-2a46a4ce2e0c at port 0
2019-10-03 19:50:48,175 [Datanode State Machine Thread - 0] INFO  impl.RaftServerProxy (RaftServerProxy.java:lambda$start$3(299)) - 26498bb5-537b-43ac-a036-2a46a4ce2e0c: start RPC server
2019-10-03 19:50:48,230 [Datanode State Machine Thread - 0] INFO  ozoneimpl.OzoneContainer (OzoneContainer.java:start(217)) - Attempting to start container services.
2019-10-03 19:50:48,231 [Datanode State Machine Thread - 0] INFO  ozoneimpl.OzoneContainer (OzoneContainer.java:startContainerScrub(179)) - Background container scanner has been disabled.
2019-10-03 19:50:48,231 [Datanode State Machine Thread - 0] INFO  ratis.XceiverServerRatis (XceiverServerRatis.java:start(417)) - Starting XceiverServerRatis 7424ec9f-bd1c-4bb5-bfbf-0d620c5e1719 at port 0
2019-10-03 19:50:48,245 [Datanode State Machine Thread - 0] INFO  impl.RaftServerProxy (RaftServerProxy.java:lambda$start$3(299)) - 7424ec9f-bd1c-4bb5-bfbf-0d620c5e1719: start RPC server
2019-10-03 19:50:48,298 [Datanode State Machine Thread - 0] INFO  server.GrpcService (GrpcService.java:startImpl(158)) - 67364250-31f9-46a2-8464-4e94057f1238: GrpcService started, listening on 0.0.0.0/0.0.0.0:37800
2019-10-03 19:50:48,296 [Datanode State Machine Thread - 0] INFO  server.GrpcService (GrpcService.java:startImpl(158)) - 26498bb5-537b-43ac-a036-2a46a4ce2e0c: GrpcService started, listening on 0.0.0.0/0.0.0.0:41970
2019-10-03 19:50:48,296 [Datanode State Machine Thread - 0] INFO  server.GrpcService (GrpcService.java:startImpl(158)) - 7424ec9f-bd1c-4bb5-bfbf-0d620c5e1719: GrpcService started, listening on 0.0.0.0/0.0.0.0:37109
2019-10-03 19:50:48,296 [Datanode State Machine Thread - 0] INFO  server.GrpcService (GrpcService.java:startImpl(158)) - afe8e0ac-3506-4965-b697-47ccfd644cac: GrpcService started, listening on 0.0.0.0/0.0.0.0:32847
2019-10-03 19:50:48,298 [Datanode State Machine Thread - 0] INFO  ratis.XceiverServerRatis (XceiverServerRatis.java:start(427)) - XceiverServerRatis 7424ec9f-bd1c-4bb5-bfbf-0d620c5e1719 is started using port 37109
2019-10-03 19:50:48,298 [Datanode State Machine Thread - 0] INFO  ratis.XceiverServerRatis (XceiverServerRatis.java:start(427)) - XceiverServerRatis 26498bb5-537b-43ac-a036-2a46a4ce2e0c is started using port 41970
2019-10-03 19:50:48,298 [Datanode State Machine Thread - 0] INFO  ratis.XceiverServerRatis (XceiverServerRatis.java:start(427)) - XceiverServerRatis 67364250-31f9-46a2-8464-4e94057f1238 is started using port 37800
2019-10-03 19:50:48,298 [Datanode State Machine Thread - 0] INFO  ratis.XceiverServerRatis (XceiverServerRatis.java:start(427)) - XceiverServerRatis afe8e0ac-3506-4965-b697-47ccfd644cac is started using port 32847
2019-10-03 19:50:48,308 [Datanode State Machine Thread - 0] INFO  server.XceiverServerGrpc (XceiverServerGrpc.java:start(149)) - XceiverServerGrpc 7424ec9f-bd1c-4bb5-bfbf-0d620c5e1719 is started using port 37832
2019-10-03 19:50:48,308 [Datanode State Machine Thread - 0] INFO  server.XceiverServerGrpc (XceiverServerGrpc.java:start(149)) - XceiverServerGrpc afe8e0ac-3506-4965-b697-47ccfd644cac is started using port 42717
2019-10-03 19:50:48,309 [Datanode State Machine Thread - 0] INFO  server.XceiverServerGrpc (XceiverServerGrpc.java:start(149)) - XceiverServerGrpc 67364250-31f9-46a2-8464-4e94057f1238 is started using port 32803
2019-10-03 19:50:48,308 [Datanode State Machine Thread - 0] INFO  server.XceiverServerGrpc (XceiverServerGrpc.java:start(149)) - XceiverServerGrpc 26498bb5-537b-43ac-a036-2a46a4ce2e0c is started using port 40735
2019-10-03 19:50:48,314 [Datanode State Machine Thread - 0] INFO  ozoneimpl.OzoneContainer (OzoneContainer.java:start(217)) - Attempting to start container services.
2019-10-03 19:50:48,314 [Datanode State Machine Thread - 0] INFO  ozoneimpl.OzoneContainer (OzoneContainer.java:startContainerScrub(179)) - Background container scanner has been disabled.
2019-10-03 19:50:48,314 [Datanode State Machine Thread - 0] INFO  ratis.XceiverServerRatis (XceiverServerRatis.java:start(417)) - Starting XceiverServerRatis 815a0680-a07b-4bd6-804e-3e4acced2953 at port 0
2019-10-03 19:50:48,325 [Datanode State Machine Thread - 0] INFO  impl.RaftServerProxy (RaftServerProxy.java:lambda$start$3(299)) - 815a0680-a07b-4bd6-804e-3e4acced2953: start RPC server
2019-10-03 19:50:48,328 [Datanode State Machine Thread - 0] INFO  server.GrpcService (GrpcService.java:startImpl(158)) - 815a0680-a07b-4bd6-804e-3e4acced2953: GrpcService started, listening on 0.0.0.0/0.0.0.0:37721
2019-10-03 19:50:48,328 [Datanode State Machine Thread - 0] INFO  ratis.XceiverServerRatis (XceiverServerRatis.java:start(427)) - XceiverServerRatis 815a0680-a07b-4bd6-804e-3e4acced2953 is started using port 37721
2019-10-03 19:50:48,331 [Datanode State Machine Thread - 0] INFO  server.XceiverServerGrpc (XceiverServerGrpc.java:start(149)) - XceiverServerGrpc 815a0680-a07b-4bd6-804e-3e4acced2953 is started using port 38950
2019-10-03 19:50:48,385 [Datanode State Machine Thread - 0] INFO  ozoneimpl.OzoneContainer (OzoneContainer.java:start(217)) - Attempting to start container services.
2019-10-03 19:50:48,385 [Datanode State Machine Thread - 0] INFO  ozoneimpl.OzoneContainer (OzoneContainer.java:startContainerScrub(179)) - Background container scanner has been disabled.
2019-10-03 19:50:48,385 [Datanode State Machine Thread - 0] INFO  ratis.XceiverServerRatis (XceiverServerRatis.java:start(417)) - Starting XceiverServerRatis 61feef45-068b-4276-880f-0be1024e3fc1 at port 0
2019-10-03 19:50:48,392 [Datanode State Machine Thread - 0] INFO  impl.RaftServerProxy (RaftServerProxy.java:lambda$start$3(299)) - 61feef45-068b-4276-880f-0be1024e3fc1: start RPC server
2019-10-03 19:50:48,396 [Datanode State Machine Thread - 0] INFO  server.GrpcService (GrpcService.java:startImpl(158)) - 61feef45-068b-4276-880f-0be1024e3fc1: GrpcService started, listening on 0.0.0.0/0.0.0.0:35945
2019-10-03 19:50:48,397 [Datanode State Machine Thread - 0] INFO  ratis.XceiverServerRatis (XceiverServerRatis.java:start(427)) - XceiverServerRatis 61feef45-068b-4276-880f-0be1024e3fc1 is started using port 35945
2019-10-03 19:50:48,400 [Datanode State Machine Thread - 0] INFO  server.XceiverServerGrpc (XceiverServerGrpc.java:start(149)) - XceiverServerGrpc 61feef45-068b-4276-880f-0be1024e3fc1 is started using port 41005
2019-10-03 19:50:48,441 [main] INFO  ozone.MiniOzoneClusterImpl (MiniOzoneClusterImpl.java:lambda$waitForClusterToBeReady$0(147)) - Waiting for cluster to be ready. Got 0 of 7 DN Heartbeats.
2019-10-03 19:50:48,467 [Datanode State Machine Thread - 0] INFO  ozoneimpl.OzoneContainer (OzoneContainer.java:start(217)) - Attempting to start container services.
2019-10-03 19:50:48,468 [Datanode State Machine Thread - 0] INFO  ozoneimpl.OzoneContainer (OzoneContainer.java:startContainerScrub(179)) - Background container scanner has been disabled.
2019-10-03 19:50:48,468 [Datanode State Machine Thread - 0] INFO  ratis.XceiverServerRatis (XceiverServerRatis.java:start(417)) - Starting XceiverServerRatis af7093ab-e47f-4085-b45e-c80cc6933f27 at port 0
2019-10-03 19:50:48,477 [Datanode State Machine Thread - 0] INFO  impl.RaftServerProxy (RaftServerProxy.java:lambda$start$3(299)) - af7093ab-e47f-4085-b45e-c80cc6933f27: start RPC server
2019-10-03 19:50:48,482 [Datanode State Machine Thread - 0] INFO  server.GrpcService (GrpcService.java:startImpl(158)) - af7093ab-e47f-4085-b45e-c80cc6933f27: GrpcService started, listening on 0.0.0.0/0.0.0.0:33578
2019-10-03 19:50:48,482 [Datanode State Machine Thread - 0] INFO  ratis.XceiverServerRatis (XceiverServerRatis.java:start(427)) - XceiverServerRatis af7093ab-e47f-4085-b45e-c80cc6933f27 is started using port 33578
2019-10-03 19:50:48,487 [Datanode State Machine Thread - 0] INFO  server.XceiverServerGrpc (XceiverServerGrpc.java:start(149)) - XceiverServerGrpc af7093ab-e47f-4085-b45e-c80cc6933f27 is started using port 40852
2019-10-03 19:50:49,443 [main] INFO  ozone.MiniOzoneClusterImpl (MiniOzoneClusterImpl.java:lambda$waitForClusterToBeReady$0(147)) - Waiting for cluster to be ready. Got 0 of 7 DN Heartbeats.
2019-10-03 19:50:50,004 [IPC Server handler 0 on 39251] INFO  net.NetworkTopology (NetworkTopologyImpl.java:add(111)) - Added a new node: /default-rack/afe8e0ac-3506-4965-b697-47ccfd644cac
2019-10-03 19:50:50,005 [IPC Server handler 0 on 39251] INFO  node.SCMNodeManager (SCMNodeManager.java:register(266)) - Registered Data node : afe8e0ac-3506-4965-b697-47ccfd644cac{ip: 192.168.30.7, host: pr-hdds-2230-vt4bl-2581040744, networkLocation: /default-rack, certSerialId: null}
2019-10-03 19:50:50,010 [EventQueue-NodeRegistrationContainerReportForDataNodeSafeModeRule] INFO  safemode.SCMSafeModeManager (DataNodeSafeModeRule.java:process(71)) - SCM in safe mode. 1 DataNodes registered, 1 required.
2019-10-03 19:50:50,010 [EventQueue-NodeRegistrationContainerReportForDataNodeSafeModeRule] INFO  safemode.SCMSafeModeManager (SCMSafeModeManager.java:validateSafeModeExitRules(177)) - ScmSafeModeManager, all rules are successfully validated
2019-10-03 19:50:50,010 [EventQueue-NodeRegistrationContainerReportForDataNodeSafeModeRule] INFO  safemode.SCMSafeModeManager (SCMSafeModeManager.java:exitSafeMode(193)) - SCM exiting safe mode.
2019-10-03 19:50:50,039 [IPC Server handler 1 on 39251] INFO  net.NetworkTopology (NetworkTopologyImpl.java:add(111)) - Added a new node: /default-rack/67364250-31f9-46a2-8464-4e94057f1238
2019-10-03 19:50:50,039 [IPC Server handler 1 on 39251] INFO  node.SCMNodeManager (SCMNodeManager.java:register(266)) - Registered Data node : 67364250-31f9-46a2-8464-4e94057f1238{ip: 192.168.30.7, host: pr-hdds-2230-vt4bl-2581040744, networkLocation: /default-rack, certSerialId: null}
2019-10-03 19:50:50,128 [IPC Server handler 4 on 39251] INFO  net.NetworkTopology (NetworkTopologyImpl.java:add(111)) - Added a new node: /default-rack/26498bb5-537b-43ac-a036-2a46a4ce2e0c
2019-10-03 19:50:50,128 [IPC Server handler 4 on 39251] INFO  node.SCMNodeManager (SCMNodeManager.java:register(266)) - Registered Data node : 26498bb5-537b-43ac-a036-2a46a4ce2e0c{ip: 192.168.30.7, host: pr-hdds-2230-vt4bl-2581040744, networkLocation: /default-rack, certSerialId: null}
2019-10-03 19:50:50,207 [IPC Server handler 5 on 39251] INFO  net.NetworkTopology (NetworkTopologyImpl.java:add(111)) - Added a new node: /default-rack/7424ec9f-bd1c-4bb5-bfbf-0d620c5e1719
2019-10-03 19:50:50,207 [IPC Server handler 5 on 39251] INFO  node.SCMNodeManager (SCMNodeManager.java:register(266)) - Registered Data node : 7424ec9f-bd1c-4bb5-bfbf-0d620c5e1719{ip: 192.168.30.7, host: pr-hdds-2230-vt4bl-2581040744, networkLocation: /default-rack, certSerialId: null}
2019-10-03 19:50:50,284 [IPC Server handler 3 on 39251] INFO  net.NetworkTopology (NetworkTopologyImpl.java:add(111)) - Added a new node: /default-rack/815a0680-a07b-4bd6-804e-3e4acced2953
2019-10-03 19:50:50,284 [IPC Server handler 3 on 39251] INFO  node.SCMNodeManager (SCMNodeManager.java:register(266)) - Registered Data node : 815a0680-a07b-4bd6-804e-3e4acced2953{ip: 192.168.30.7, host: pr-hdds-2230-vt4bl-2581040744, networkLocation: /default-rack, certSerialId: null}
2019-10-03 19:50:50,371 [IPC Server handler 6 on 39251] INFO  net.NetworkTopology (NetworkTopologyImpl.java:add(111)) - Added a new node: /default-rack/61feef45-068b-4276-880f-0be1024e3fc1
2019-10-03 19:50:50,371 [IPC Server handler 6 on 39251] INFO  node.SCMNodeManager (SCMNodeManager.java:register(266)) - Registered Data node : 61feef45-068b-4276-880f-0be1024e3fc1{ip: 192.168.30.7, host: pr-hdds-2230-vt4bl-2581040744, networkLocation: /default-rack, certSerialId: null}
2019-10-03 19:50:50,444 [main] INFO  ozone.MiniOzoneClusterImpl (MiniOzoneClusterImpl.java:lambda$waitForClusterToBeReady$0(147)) - Waiting for cluster to be ready. Got 6 of 7 DN Heartbeats.
2019-10-03 19:50:50,445 [IPC Server handler 7 on 39251] INFO  net.NetworkTopology (NetworkTopologyImpl.java:add(111)) - Added a new node: /default-rack/af7093ab-e47f-4085-b45e-c80cc6933f27
2019-10-03 19:50:50,445 [IPC Server handler 7 on 39251] INFO  node.SCMNodeManager (SCMNodeManager.java:register(266)) - Registered Data node : af7093ab-e47f-4085-b45e-c80cc6933f27{ip: 192.168.30.7, host: pr-hdds-2230-vt4bl-2581040744, networkLocation: /default-rack, certSerialId: null}
2019-10-03 19:50:50,627 [grpc-default-executor-0] INFO  impl.RaftServerProxy (RaftServerProxy.java:addNew(89)) - afe8e0ac-3506-4965-b697-47ccfd644cac: addNew group-A7A674BFDC94:[afe8e0ac-3506-4965-b697-47ccfd644cac:192.168.30.7:32847] returns group-A7A674BFDC94:java.util.concurrent.CompletableFuture@6e37e13[Not completed]
2019-10-03 19:50:50,645 [pool-27-thread-1] INFO  impl.RaftServerImpl (RaftServerImpl.java:<init>(95)) - afe8e0ac-3506-4965-b697-47ccfd644cac: new RaftServerImpl for group-A7A674BFDC94:[afe8e0ac-3506-4965-b697-47ccfd644cac:192.168.30.7:32847] with ContainerStateMachine:uninitialized
2019-10-03 19:50:50,648 [pool-27-thread-1] INFO  server.RaftServerConfigKeys (ConfUtils.java:logGet(43)) - raft.server.rpc.timeout.min = 5s (custom)
2019-10-03 19:50:50,650 [pool-27-thread-1] INFO  server.RaftServerConfigKeys (ConfUtils.java:logGet(43)) - raft.server.rpc.timeout.max = 5200ms (custom)
2019-10-03 19:50:50,650 [pool-27-thread-1] INFO  server.RaftServerConfigKeys (ConfUtils.java:logGet(43)) - raft.server.rpcslowness.timeout = 120s (custom)
2019-10-03 19:50:50,651 [pool-27-thread-1] INFO  server.RaftServerConfigKeys (ConfUtils.java:logGet(43)) - raft.server.sleep.deviation.threshold = 300 (default)
2019-10-03 19:50:50,652 [pool-27-thread-1] INFO  server.RaftServerConfigKeys (ConfUtils.java:logGet(43)) - raft.server.log.appender.install.snapshot.enabled = false (custom)
2019-10-03 19:50:50,663 [pool-27-thread-1] INFO  impl.RaftServerImpl (ServerState.java:<init>(103)) - afe8e0ac-3506-4965-b697-47ccfd644cac@group-A7A674BFDC94: ConfigurationManager, init=-1: [afe8e0ac-3506-4965-b697-47ccfd644cac:192.168.30.7:32847], old=null, confs=<EMPTY_MAP>
2019-10-03 19:50:50,663 [pool-27-thread-1] INFO  server.RaftServerConfigKeys (ConfUtils.java:logGet(43)) - raft.server.storage.dir = [/workdir/hadoop-ozone/integration-test/target/test-dir/MiniOzoneClusterImpl-e8360eeb-84e3-4554-85c7-51c2c812d0b8/datanode-0/data/ratis] (custom)
2019-10-03 19:50:50,672 [pool-27-thread-1] INFO  server.RaftServerConfigKeys (ConfUtils.java:logGet(43)) - raft.server.log.corruption.policy = EXCEPTION (default)
2019-10-03 19:50:50,674 [pool-27-thread-1] INFO  storage.RaftStorageDirectory (RaftStorageDirectory.java:analyzeStorage(246)) - The storage directory /workdir/hadoop-ozone/integration-test/target/test-dir/MiniOzoneClusterImpl-e8360eeb-84e3-4554-85c7-51c2c812d0b8/datanode-0/data/ratis/730c4ab8-88cf-45bd-9c43-a7a674bfdc94 does not exist. Creating ...
2019-10-03 19:50:50,716 [pool-27-thread-1] INFO  storage.RaftStorageDirectory (RaftStorageDirectory.java:tryLock(328)) - Lock on /workdir/hadoop-ozone/integration-test/target/test-dir/MiniOzoneClusterImpl-e8360eeb-84e3-4554-85c7-51c2c812d0b8/datanode-0/data/ratis/730c4ab8-88cf-45bd-9c43-a7a674bfdc94/in_use.lock acquired by nodename 10374@pr-hdds-2230-vt4bl-2581040744
2019-10-03 19:50:50,741 [pool-27-thread-1] INFO  storage.RaftStorage (RaftStorage.java:format(84)) - Storage directory /workdir/hadoop-ozone/integration-test/target/test-dir/MiniOzoneClusterImpl-e8360eeb-84e3-4554-85c7-51c2c812d0b8/datanode-0/data/ratis/730c4ab8-88cf-45bd-9c43-a7a674bfdc94 has been successfully formatted.
2019-10-03 19:50:50,743 [pool-27-thread-1] INFO  ratis.ContainerStateMachine (ContainerStateMachine.java:loadSnapshot(230)) - group-A7A674BFDC94: The snapshot info is null. Setting the last applied indexto:(t:0, i:~)
2019-10-03 19:50:50,744 [pool-27-thread-1] INFO  server.RaftServerConfigKeys (ConfUtils.java:logGet(43)) - raft.server.notification.no-leader.timeout = 120s (custom)
2019-10-03 19:50:50,746 [pool-27-thread-1] INFO  server.RaftServerConfigKeys (ConfUtils.java:logGet(43)) - raft.server.log.use.memory = false (default)
2019-10-03 19:50:50,752 [pool-27-thread-1] INFO  server.RaftServerConfigKeys (ConfUtils.java:logGet(43)) - raft.server.log.purge.gap = 1000000 (custom)
2019-10-03 19:50:50,752 [pool-27-thread-1] INFO  server.RaftServerConfigKeys (ConfUtils.java:logGet(43)) - raft.server.log.appender.buffer.byte-limit = 33554432 (custom)
2019-10-03 19:50:50,754 [pool-27-thread-1] INFO  server.RaftServerConfigKeys (ConfUtils.java:logGet(43)) - raft.server.log.segment.size.max = 1048576 (custom)
2019-10-03 19:50:50,756 [pool-27-thread-1] INFO  impl.MetricsSystemImpl (MetricsSystemImpl.java:init(158)) - ratis metrics system started (again)
2019-10-03 19:50:50,760 [pool-27-thread-1] INFO  metrics.MetricRegistries (MetricRegistriesLoader.java:load(64)) - Loaded MetricRegistries class org.apache.ratis.metrics.impl.MetricRegistriesImpl
2019-10-03 19:50:50,799 [pool-27-thread-1] INFO  server.RaftServerConfigKeys (ConfUtils.java:logGet(43)) - raft.server.log.segment.cache.num.max = 2 (custom)
2019-10-03 19:50:50,805 [pool-27-thread-1] INFO  segmented.SegmentedRaftLogWorker (SegmentedRaftLogWorker.java:<init>(173)) - new afe8e0ac-3506-4965-b697-47ccfd644cac@group-A7A674BFDC94-SegmentedRaftLogWorker for RaftStorage:Storage Directory /workdir/hadoop-ozone/integration-test/target/test-dir/MiniOzoneClusterImpl-e8360eeb-84e3-4554-85c7-51c2c812d0b8/datanode-0/data/ratis/730c4ab8-88cf-45bd-9c43-a7a674bfdc94
2019-10-03 19:50:50,806 [pool-27-thread-1] INFO  server.RaftServerConfigKeys (ConfUtils.java:logGet(43)) - raft.server.log.queue.byte-limit = 2147483647 (custom)
2019-10-03 19:50:50,806 [pool-27-thread-1] INFO  server.RaftServerConfigKeys (ConfUtils.java:logGet(43)) - raft.server.log.queue.element-limit = 1024 (custom)
2019-10-03 19:50:50,807 [pool-27-thread-1] INFO  server.RaftServerConfigKeys (ConfUtils.java:logGet(43)) - raft.server.log.segment.size.max = 1048576 (custom)
2019-10-03 19:50:50,808 [pool-27-thread-1] INFO  server.RaftServerConfigKeys (ConfUtils.java:logGet(43)) - raft.server.log.preallocated.size = 16384 (custom)
2019-10-03 19:50:50,808 [pool-27-thread-1] INFO  server.RaftServerConfigKeys (ConfUtils.java:logGet(43)) - raft.server.log.write.buffer.size = 33554432 (custom)
2019-10-03 19:50:50,809 [pool-27-thread-1] INFO  server.RaftServerConfigKeys (ConfUtils.java:logGet(43)) - raft.server.log.force.sync.num = 128 (default)
2019-10-03 19:50:50,810 [pool-27-thread-1] INFO  server.RaftServerConfigKeys (ConfUtils.java:logGet(43)) - raft.server.log.statemachine.data.sync = true (default)
2019-10-03 19:50:50,810 [pool-27-thread-1] INFO  server.RaftServerConfigKeys (ConfUtils.java:logGet(43)) - raft.server.log.statemachine.data.sync.timeout = 10s (default)
2019-10-03 19:50:50,810 [pool-27-thread-1] INFO  server.RaftServerConfigKeys (ConfUtils.java:logGet(43)) - raft.server.log.statemachine.data.sync.timeout.retry = -1 (default)
2019-10-03 19:50:50,822 [pool-27-thread-1] INFO  server.RaftServerConfigKeys (ConfUtils.java:logGet(43)) - raft.server.log.statemachine.data.caching.enabled = true (custom)
2019-10-03 19:50:50,827 [pool-27-thread-1] INFO  segmented.SegmentedRaftLogWorker (SegmentedRaftLogWorker.java:lambda$new$0(128)) - afe8e0ac-3506-4965-b697-47ccfd644cac@group-A7A674BFDC94-SegmentedRaftLogWorker: flushIndex: setUnconditionally 0 -> -1
2019-10-03 19:50:50,832 [pool-27-thread-1] INFO  server.RaftServerConfigKeys (ConfUtils.java:logGet(43)) - raft.server.snapshot.auto.trigger.enabled = true (custom)
2019-10-03 19:50:50,832 [pool-27-thread-1] INFO  server.RaftServerConfigKeys (ConfUtils.java:logGet(43)) - raft.server.snapshot.auto.trigger.threshold = 10000 (custom)
2019-10-03 19:50:50,833 [pool-27-thread-1] INFO  server.RaftServerConfigKeys (ConfUtils.java:logGet(43)) - raft.server.snapshot.retention.file.num = 5 (custom)
2019-10-03 19:50:50,833 [pool-27-thread-1] INFO  server.RaftServerConfigKeys (ConfUtils.java:logGet(43)) - raft.server.retrycache.expirytime = 600000ms (custom)
2019-10-03 19:50:50,860 [pool-27-thread-1] INFO  impl.RaftServerImpl (RaftServerImpl.java:start(181)) - afe8e0ac-3506-4965-b697-47ccfd644cac@group-A7A674BFDC94: start as a follower, conf=-1: [afe8e0ac-3506-4965-b697-47ccfd644cac:192.168.30.7:32847], old=null
2019-10-03 19:50:50,861 [pool-27-thread-1] INFO  impl.RaftServerImpl (RaftServerImpl.java:setRole(170)) - afe8e0ac-3506-4965-b697-47ccfd644cac@group-A7A674BFDC94: changes role from      null to FOLLOWER at term 0 for startAsFollower
2019-10-03 19:50:50,863 [pool-27-thread-1] INFO  impl.RoleInfo (RoleInfo.java:updateAndGet(143)) - afe8e0ac-3506-4965-b697-47ccfd644cac: start FollowerState
2019-10-03 19:50:50,864 [pool-27-thread-1] INFO  util.JmxRegister (JmxRegister.java:tryRegister(44)) - Successfully registered JMX Bean with object name Ratis:service=RaftServer,group=group-A7A674BFDC94,id=afe8e0ac-3506-4965-b697-47ccfd644cac
2019-10-03 19:50:50,930 [RatisPipelineUtilsThread] INFO  pipeline.PipelineStateManager (PipelineStateManager.java:addPipeline(56)) - Created pipeline Pipeline[ Id: 730c4ab8-88cf-45bd-9c43-a7a674bfdc94, Nodes: afe8e0ac-3506-4965-b697-47ccfd644cac{ip: 192.168.30.7, host: pr-hdds-2230-vt4bl-2581040744, networkLocation: /default-rack, certSerialId: null}, Type:RATIS, Factor:ONE, State:OPEN]
2019-10-03 19:50:50,955 [grpc-default-executor-0] INFO  impl.RaftServerProxy (RaftServerProxy.java:addNew(89)) - 61feef45-068b-4276-880f-0be1024e3fc1: addNew group-810F560AF3CF:[61feef45-068b-4276-880f-0be1024e3fc1:192.168.30.7:35945] returns group-810F560AF3CF:java.util.concurrent.CompletableFuture@444c81da[Not completed]
2019-10-03 19:50:50,998 [pool-77-thread-1] INFO  impl.RaftServerImpl (RaftServerImpl.java:<init>(95)) - 61feef45-068b-4276-880f-0be1024e3fc1: new RaftServerImpl for group-810F560AF3CF:[61feef45-068b-4276-880f-0be1024e3fc1:192.168.30.7:35945] with ContainerStateMachine:uninitialized
2019-10-03 19:50:50,999 [pool-77-thread-1] INFO  server.RaftServerConfigKeys (ConfUtils.java:logGet(43)) - raft.server.rpc.timeout.min = 5s (custom)
2019-10-03 19:50:50,999 [pool-77-thread-1] INFO  server.RaftServerConfigKeys (ConfUtils.java:logGet(43)) - raft.server.rpc.timeout.max = 5200ms (custom)
2019-10-03 19:50:50,999 [pool-77-thread-1] INFO  server.RaftServerConfigKeys (ConfUtils.java:logGet(43)) - raft.server.rpcslowness.timeout = 120s (custom)
2019-10-03 19:50:51,000 [pool-77-thread-1] INFO  server.RaftServerConfigKeys (ConfUtils.java:logGet(43)) - raft.server.sleep.deviation.threshold = 300 (default)
2019-10-03 19:50:51,000 [pool-77-thread-1] INFO  server.RaftServerConfigKeys (ConfUtils.java:logGet(43)) - raft.server.log.appender.install.snapshot.enabled = false (custom)
2019-10-03 19:50:51,000 [pool-77-thread-1] INFO  impl.RaftServerImpl (ServerState.java:<init>(103)) - 61feef45-068b-4276-880f-0be1024e3fc1@group-810F560AF3CF: ConfigurationManager, init=-1: [61feef45-068b-4276-880f-0be1024e3fc1:192.168.30.7:35945], old=null, confs=<EMPTY_MAP>
2019-10-03 19:50:51,000 [pool-77-thread-1] INFO  server.RaftServerConfigKeys (ConfUtils.java:logGet(43)) - raft.server.storage.dir = [/workdir/hadoop-ozone/integration-test/target/test-dir/MiniOzoneClusterImpl-e8360eeb-84e3-4554-85c7-51c2c812d0b8/datanode-5/data/ratis] (custom)
2019-10-03 19:50:51,001 [pool-77-thread-1] INFO  server.RaftServerConfigKeys (ConfUtils.java:logGet(43)) - raft.server.log.corruption.policy = EXCEPTION (default)
2019-10-03 19:50:51,001 [pool-77-thread-1] INFO  storage.RaftStorageDirectory (RaftStorageDirectory.java:analyzeStorage(246)) - The storage directory /workdir/hadoop-ozone/integration-test/target/test-dir/MiniOzoneClusterImpl-e8360eeb-84e3-4554-85c7-51c2c812d0b8/datanode-5/data/ratis/5b582d80-8d55-49a6-9a32-810f560af3cf does not exist. Creating ...
2019-10-03 19:50:51,025 [pool-77-thread-1] INFO  storage.RaftStorageDirectory (RaftStorageDirectory.java:tryLock(328)) - Lock on /workdir/hadoop-ozone/integration-test/target/test-dir/MiniOzoneClusterImpl-e8360eeb-84e3-4554-85c7-51c2c812d0b8/datanode-5/data/ratis/5b582d80-8d55-49a6-9a32-810f560af3cf/in_use.lock acquired by nodename 10374@pr-hdds-2230-vt4bl-2581040744
2019-10-03 19:50:51,051 [pool-77-thread-1] INFO  storage.RaftStorage (RaftStorage.java:format(84)) - Storage directory /workdir/hadoop-ozone/integration-test/target/test-dir/MiniOzoneClusterImpl-e8360eeb-84e3-4554-85c7-51c2c812d0b8/datanode-5/data/ratis/5b582d80-8d55-49a6-9a32-810f560af3cf has been successfully formatted.
2019-10-03 19:50:51,053 [pool-77-thread-1] INFO  ratis.ContainerStateMachine (ContainerStateMachine.java:loadSnapshot(230)) - group-810F560AF3CF: The snapshot info is null. Setting the last applied indexto:(t:0, i:~)
2019-10-03 19:50:51,055 [pool-77-thread-1] INFO  server.RaftServerConfigKeys (ConfUtils.java:logGet(43)) - raft.server.notification.no-leader.timeout = 120s (custom)
2019-10-03 19:50:51,055 [pool-77-thread-1] INFO  server.RaftServerConfigKeys (ConfUtils.java:logGet(43)) - raft.server.log.use.memory = false (default)
2019-10-03 19:50:51,055 [pool-77-thread-1] INFO  server.RaftServerConfigKeys (ConfUtils.java:logGet(43)) - raft.server.log.purge.gap = 1000000 (custom)
2019-10-03 19:50:51,056 [pool-77-thread-1] INFO  server.RaftServerConfigKeys (ConfUtils.java:logGet(43)) - raft.server.log.appender.buffer.byte-limit = 33554432 (custom)
2019-10-03 19:50:51,056 [pool-77-thread-1] INFO  server.RaftServerConfigKeys (ConfUtils.java:logGet(43)) - raft.server.log.segment.size.max = 1048576 (custom)
2019-10-03 19:50:51,062 [pool-77-thread-1] INFO  server.RaftServerConfigKeys (ConfUtils.java:logGet(43)) - raft.server.log.segment.cache.num.max = 2 (custom)
2019-10-03 19:50:51,062 [pool-77-thread-1] INFO  segmented.SegmentedRaftLogWorker (SegmentedRaftLogWorker.java:<init>(173)) - new 61feef45-068b-4276-880f-0be1024e3fc1@group-810F560AF3CF-SegmentedRaftLogWorker for RaftStorage:Storage Directory /workdir/hadoop-ozone/integration-test/target/test-dir/MiniOzoneClusterImpl-e8360eeb-84e3-4554-85c7-51c2c812d0b8/datanode-5/data/ratis/5b582d80-8d55-49a6-9a32-810f560af3cf
2019-10-03 19:50:51,064 [pool-77-thread-1] INFO  server.RaftServerConfigKeys (ConfUtils.java:logGet(43)) - raft.server.log.queue.byte-limit = 2147483647 (custom)
2019-10-03 19:50:51,064 [pool-77-thread-1] INFO  server.RaftServerConfigKeys (ConfUtils.java:logGet(43)) - raft.server.log.queue.element-limit = 1024 (custom)
2019-10-03 19:50:51,064 [pool-77-thread-1] INFO  server.RaftServerConfigKeys (ConfUtils.java:logGet(43)) - raft.server.log.segment.size.max = 1048576 (custom)
2019-10-03 19:50:51,064 [pool-77-thread-1] INFO  server.RaftServerConfigKeys (ConfUtils.java:logGet(43)) - raft.server.log.preallocated.size = 16384 (custom)
2019-10-03 19:50:51,064 [pool-77-thread-1] INFO  server.RaftServerConfigKeys (ConfUtils.java:logGet(43)) - raft.server.log.write.buffer.size = 33554432 (custom)
2019-10-03 19:50:51,064 [pool-77-thread-1] INFO  server.RaftServerConfigKeys (ConfUtils.java:logGet(43)) - raft.server.log.force.sync.num = 128 (default)
2019-10-03 19:50:51,065 [pool-77-thread-1] INFO  server.RaftServerConfigKeys (ConfUtils.java:logGet(43)) - raft.server.log.statemachine.data.sync = true (default)
2019-10-03 19:50:51,065 [pool-77-thread-1] INFO  server.RaftServerConfigKeys (ConfUtils.java:logGet(43)) - raft.server.log.statemachine.data.sync.timeout = 10s (default)
2019-10-03 19:50:51,065 [pool-77-thread-1] INFO  server.RaftServerConfigKeys (ConfUtils.java:logGet(43)) - raft.server.log.statemachine.data.sync.timeout.retry = -1 (default)
2019-10-03 19:50:51,066 [pool-77-thread-1] INFO  server.RaftServerConfigKeys (ConfUtils.java:logGet(43)) - raft.server.log.statemachine.data.caching.enabled = true (custom)
2019-10-03 19:50:51,066 [pool-77-thread-1] INFO  segmented.SegmentedRaftLogWorker (SegmentedRaftLogWorker.java:lambda$new$0(128)) - 61feef45-068b-4276-880f-0be1024e3fc1@group-810F560AF3CF-SegmentedRaftLogWorker: flushIndex: setUnconditionally 0 -> -1
2019-10-03 19:50:51,067 [pool-77-thread-1] INFO  server.RaftServerConfigKeys (ConfUtils.java:logGet(43)) - raft.server.snapshot.auto.trigger.enabled = true (custom)
2019-10-03 19:50:51,067 [pool-77-thread-1] INFO  server.RaftServerConfigKeys (ConfUtils.java:logGet(43)) - raft.server.snapshot.auto.trigger.threshold = 10000 (custom)
2019-10-03 19:50:51,067 [pool-77-thread-1] INFO  server.RaftServerConfigKeys (ConfUtils.java:logGet(43)) - raft.server.snapshot.retention.file.num = 5 (custom)
2019-10-03 19:50:51,067 [pool-77-thread-1] INFO  server.RaftServerConfigKeys (ConfUtils.java:logGet(43)) - raft.server.retrycache.expirytime = 600000ms (custom)
2019-10-03 19:50:51,071 [pool-77-thread-1] INFO  impl.RaftServerImpl (RaftServerImpl.java:start(181)) - 61feef45-068b-4276-880f-0be1024e3fc1@group-810F560AF3CF: start as a follower, conf=-1: [61feef45-068b-4276-880f-0be1024e3fc1:192.168.30.7:35945], old=null
2019-10-03 19:50:51,071 [pool-77-thread-1] INFO  impl.RaftServerImpl (RaftServerImpl.java:setRole(170)) - 61feef45-068b-4276-880f-0be1024e3fc1@group-810F560AF3CF: changes role from      null to FOLLOWER at term 0 for startAsFollower
2019-10-03 19:50:51,072 [pool-77-thread-1] INFO  impl.RoleInfo (RoleInfo.java:updateAndGet(143)) - 61feef45-068b-4276-880f-0be1024e3fc1: start FollowerState
2019-10-03 19:50:51,073 [pool-77-thread-1] INFO  util.JmxRegister (JmxRegister.java:tryRegister(44)) - Successfully registered JMX Bean with object name Ratis:service=RaftServer,group=group-810F560AF3CF,id=61feef45-068b-4276-880f-0be1024e3fc1
2019-10-03 19:50:51,093 [RatisPipelineUtilsThread] INFO  pipeline.PipelineStateManager (PipelineStateManager.java:addPipeline(56)) - Created pipeline Pipeline[ Id: 5b582d80-8d55-49a6-9a32-810f560af3cf, Nodes: 61feef45-068b-4276-880f-0be1024e3fc1{ip: 192.168.30.7, host: pr-hdds-2230-vt4bl-2581040744, networkLocation: /default-rack, certSerialId: null}, Type:RATIS, Factor:ONE, State:OPEN]
2019-10-03 19:50:51,119 [grpc-default-executor-0] INFO  impl.RaftServerProxy (RaftServerProxy.java:addNew(89)) - af7093ab-e47f-4085-b45e-c80cc6933f27: addNew group-5A0D96E827FE:[af7093ab-e47f-4085-b45e-c80cc6933f27:192.168.30.7:33578] returns group-5A0D96E827FE:java.util.concurrent.CompletableFuture@69de2c07[Not completed]
2019-10-03 19:50:51,147 [pool-87-thread-1] INFO  impl.RaftServerImpl (RaftServerImpl.java:<init>(95)) - af7093ab-e47f-4085-b45e-c80cc6933f27: new RaftServerImpl for group-5A0D96E827FE:[af7093ab-e47f-4085-b45e-c80cc6933f27:192.168.30.7:33578] with ContainerStateMachine:uninitialized
2019-10-03 19:50:51,148 [pool-87-thread-1] INFO  server.RaftServerConfigKeys (ConfUtils.java:logGet(43)) - raft.server.rpc.timeout.min = 5s (custom)
2019-10-03 19:50:51,148 [pool-87-thread-1] INFO  server.RaftServerConfigKeys (ConfUtils.java:logGet(43)) - raft.server.rpc.timeout.max = 5200ms (custom)
2019-10-03 19:50:51,148 [pool-87-thread-1] INFO  server.RaftServerConfigKeys (ConfUtils.java:logGet(43)) - raft.server.rpcslowness.timeout = 120s (custom)
2019-10-03 19:50:51,148 [pool-87-thread-1] INFO  server.RaftServerConfigKeys (ConfUtils.java:logGet(43)) - raft.server.sleep.deviation.threshold = 300 (default)
2019-10-03 19:50:51,148 [pool-87-thread-1] INFO  server.RaftServerConfigKeys (ConfUtils.java:logGet(43)) - raft.server.log.appender.install.snapshot.enabled = false (custom)
2019-10-03 19:50:51,148 [pool-87-thread-1] INFO  impl.RaftServerImpl (ServerState.java:<init>(103)) - af7093ab-e47f-4085-b45e-c80cc6933f27@group-5A0D96E827FE: ConfigurationManager, init=-1: [af7093ab-e47f-4085-b45e-c80cc6933f27:192.168.30.7:33578], old=null, confs=<EMPTY_MAP>
2019-10-03 19:50:51,149 [pool-87-thread-1] INFO  server.RaftServerConfigKeys (ConfUtils.java:logGet(43)) - raft.server.storage.dir = [/workdir/hadoop-ozone/integration-test/target/test-dir/MiniOzoneClusterImpl-e8360eeb-84e3-4554-85c7-51c2c812d0b8/datanode-6/data/ratis] (custom)
2019-10-03 19:50:51,149 [pool-87-thread-1] INFO  server.RaftServerConfigKeys (ConfUtils.java:logGet(43)) - raft.server.log.corruption.policy = EXCEPTION (default)
2019-10-03 19:50:51,149 [pool-87-thread-1] INFO  storage.RaftStorageDirectory (RaftStorageDirectory.java:analyzeStorage(246)) - The storage directory /workdir/hadoop-ozone/integration-test/target/test-dir/MiniOzoneClusterImpl-e8360eeb-84e3-4554-85c7-51c2c812d0b8/datanode-6/data/ratis/e11dbaad-0994-4c30-894d-5a0d96e827fe does not exist. Creating ...
2019-10-03 19:50:51,176 [pool-87-thread-1] INFO  storage.RaftStorageDirectory (RaftStorageDirectory.java:tryLock(328)) - Lock on /workdir/hadoop-ozone/integration-test/target/test-dir/MiniOzoneClusterImpl-e8360eeb-84e3-4554-85c7-51c2c812d0b8/datanode-6/data/ratis/e11dbaad-0994-4c30-894d-5a0d96e827fe/in_use.lock acquired by nodename 10374@pr-hdds-2230-vt4bl-2581040744
2019-10-03 19:50:51,201 [pool-87-thread-1] INFO  storage.RaftStorage (RaftStorage.java:format(84)) - Storage directory /workdir/hadoop-ozone/integration-test/target/test-dir/MiniOzoneClusterImpl-e8360eeb-84e3-4554-85c7-51c2c812d0b8/datanode-6/data/ratis/e11dbaad-0994-4c30-894d-5a0d96e827fe has been successfully formatted.
2019-10-03 19:50:51,202 [pool-87-thread-1] INFO  ratis.ContainerStateMachine (ContainerStateMachine.java:loadSnapshot(230)) - group-5A0D96E827FE: The snapshot info is null. Setting the last applied indexto:(t:0, i:~)
2019-10-03 19:50:51,202 [pool-87-thread-1] INFO  server.RaftServerConfigKeys (ConfUtils.java:logGet(43)) - raft.server.notification.no-leader.timeout = 120s (custom)
2019-10-03 19:50:51,202 [pool-87-thread-1] INFO  server.RaftServerConfigKeys (ConfUtils.java:logGet(43)) - raft.server.log.use.memory = false (default)
2019-10-03 19:50:51,202 [pool-87-thread-1] INFO  server.RaftServerConfigKeys (ConfUtils.java:logGet(43)) - raft.server.log.purge.gap = 1000000 (custom)
2019-10-03 19:50:51,202 [pool-87-thread-1] INFO  server.RaftServerConfigKeys (ConfUtils.java:logGet(43)) - raft.server.log.appender.buffer.byte-limit = 33554432 (custom)
2019-10-03 19:50:51,203 [pool-87-thread-1] INFO  server.RaftServerConfigKeys (ConfUtils.java:logGet(43)) - raft.server.log.segment.size.max = 1048576 (custom)
2019-10-03 19:50:51,233 [pool-87-thread-1] INFO  server.RaftServerConfigKeys (ConfUtils.java:logGet(43)) - raft.server.log.segment.cache.num.max = 2 (custom)
2019-10-03 19:50:51,233 [pool-87-thread-1] INFO  segmented.SegmentedRaftLogWorker (SegmentedRaftLogWorker.java:<init>(173)) - new af7093ab-e47f-4085-b45e-c80cc6933f27@group-5A0D96E827FE-SegmentedRaftLogWorker for RaftStorage:Storage Directory /workdir/hadoop-ozone/integration-test/target/test-dir/MiniOzoneClusterImpl-e8360eeb-84e3-4554-85c7-51c2c812d0b8/datanode-6/data/ratis/e11dbaad-0994-4c30-894d-5a0d96e827fe
2019-10-03 19:50:51,234 [pool-87-thread-1] INFO  server.RaftServerConfigKeys (ConfUtils.java:logGet(43)) - raft.server.log.queue.byte-limit = 2147483647 (custom)
2019-10-03 19:50:51,234 [pool-87-thread-1] INFO  server.RaftServerConfigKeys (ConfUtils.java:logGet(43)) - raft.server.log.queue.element-limit = 1024 (custom)
2019-10-03 19:50:51,234 [pool-87-thread-1] INFO  server.RaftServerConfigKeys (ConfUtils.java:logGet(43)) - raft.server.log.segment.size.max = 1048576 (custom)
2019-10-03 19:50:51,234 [pool-87-thread-1] INFO  server.RaftServerConfigKeys (ConfUtils.java:logGet(43)) - raft.server.log.preallocated.size = 16384 (custom)
2019-10-03 19:50:51,234 [pool-87-thread-1] INFO  server.RaftServerConfigKeys (ConfUtils.java:logGet(43)) - raft.server.log.write.buffer.size = 33554432 (custom)
2019-10-03 19:50:51,234 [pool-87-thread-1] INFO  server.RaftServerConfigKeys (ConfUtils.java:logGet(43)) - raft.server.log.force.sync.num = 128 (default)
2019-10-03 19:50:51,234 [pool-87-thread-1] INFO  server.RaftServerConfigKeys (ConfUtils.java:logGet(43)) - raft.server.log.statemachine.data.sync = true (default)
2019-10-03 19:50:51,234 [pool-87-thread-1] INFO  server.RaftServerConfigKeys (ConfUtils.java:logGet(43)) - raft.server.log.statemachine.data.sync.timeout = 10s (default)
2019-10-03 19:50:51,234 [pool-87-thread-1] INFO  server.RaftServerConfigKeys (ConfUtils.java:logGet(43)) - raft.server.log.statemachine.data.sync.timeout.retry = -1 (default)
2019-10-03 19:50:51,235 [pool-87-thread-1] INFO  server.RaftServerConfigKeys (ConfUtils.java:logGet(43)) - raft.server.log.statemachine.data.caching.enabled = true (custom)
2019-10-03 19:50:51,235 [pool-87-thread-1] INFO  segmented.SegmentedRaftLogWorker (SegmentedRaftLogWorker.java:lambda$new$0(128)) - af7093ab-e47f-4085-b45e-c80cc6933f27@group-5A0D96E827FE-SegmentedRaftLogWorker: flushIndex: setUnconditionally 0 -> -1
2019-10-03 19:50:51,236 [pool-87-thread-1] INFO  server.RaftServerConfigKeys (ConfUtils.java:logGet(43)) - raft.server.snapshot.auto.trigger.enabled = true (custom)
2019-10-03 19:50:51,236 [pool-87-thread-1] INFO  server.RaftServerConfigKeys (ConfUtils.java:logGet(43)) - raft.server.snapshot.auto.trigger.threshold = 10000 (custom)
2019-10-03 19:50:51,236 [pool-87-thread-1] INFO  server.RaftServerConfigKeys (ConfUtils.java:logGet(43)) - raft.server.snapshot.retention.file.num = 5 (custom)
2019-10-03 19:50:51,236 [pool-87-thread-1] INFO  server.RaftServerConfigKeys (ConfUtils.java:logGet(43)) - raft.server.retrycache.expirytime = 600000ms (custom)
2019-10-03 19:50:51,240 [pool-87-thread-1] INFO  impl.RaftServerImpl (RaftServerImpl.java:start(181)) - af7093ab-e47f-4085-b45e-c80cc6933f27@group-5A0D96E827FE: start as a follower, conf=-1: [af7093ab-e47f-4085-b45e-c80cc6933f27:192.168.30.7:33578], old=null
2019-10-03 19:50:51,240 [pool-87-thread-1] INFO  impl.RaftServerImpl (RaftServerImpl.java:setRole(170)) - af7093ab-e47f-4085-b45e-c80cc6933f27@group-5A0D96E827FE: changes role from      null to FOLLOWER at term 0 for startAsFollower
2019-10-03 19:50:51,240 [pool-87-thread-1] INFO  impl.RoleInfo (RoleInfo.java:updateAndGet(143)) - af7093ab-e47f-4085-b45e-c80cc6933f27: start FollowerState
2019-10-03 19:50:51,241 [pool-87-thread-1] INFO  util.JmxRegister (JmxRegister.java:tryRegister(44)) - Successfully registered JMX Bean with object name Ratis:service=RaftServer,group=group-5A0D96E827FE,id=af7093ab-e47f-4085-b45e-c80cc6933f27
2019-10-03 19:50:51,258 [RatisPipelineUtilsThread] INFO  pipeline.PipelineStateManager (PipelineStateManager.java:addPipeline(56)) - Created pipeline Pipeline[ Id: e11dbaad-0994-4c30-894d-5a0d96e827fe, Nodes: af7093ab-e47f-4085-b45e-c80cc6933f27{ip: 192.168.30.7, host: pr-hdds-2230-vt4bl-2581040744, networkLocation: /default-rack, certSerialId: null}, Type:RATIS, Factor:ONE, State:OPEN]
2019-10-03 19:50:51,293 [grpc-default-executor-0] INFO  impl.RaftServerProxy (RaftServerProxy.java:addNew(89)) - 7424ec9f-bd1c-4bb5-bfbf-0d620c5e1719: addNew group-4058BA05F08F:[7424ec9f-bd1c-4bb5-bfbf-0d620c5e1719:192.168.30.7:37109] returns group-4058BA05F08F:java.util.concurrent.CompletableFuture@15bbde45[Not completed]
2019-10-03 19:50:51,301 [pool-57-thread-1] INFO  impl.RaftServerImpl (RaftServerImpl.java:<init>(95)) - 7424ec9f-bd1c-4bb5-bfbf-0d620c5e1719: new RaftServerImpl for group-4058BA05F08F:[7424ec9f-bd1c-4bb5-bfbf-0d620c5e1719:192.168.30.7:37109] with ContainerStateMachine:uninitialized
2019-10-03 19:50:51,301 [pool-57-thread-1] INFO  server.RaftServerConfigKeys (ConfUtils.java:logGet(43)) - raft.server.rpc.timeout.min = 5s (custom)
2019-10-03 19:50:51,302 [pool-57-thread-1] INFO  server.RaftServerConfigKeys (ConfUtils.java:logGet(43)) - raft.server.rpc.timeout.max = 5200ms (custom)
2019-10-03 19:50:51,302 [pool-57-thread-1] INFO  server.RaftServerConfigKeys (ConfUtils.java:logGet(43)) - raft.server.rpcslowness.timeout = 120s (custom)
2019-10-03 19:50:51,302 [pool-57-thread-1] INFO  server.RaftServerConfigKeys (ConfUtils.java:logGet(43)) - raft.server.sleep.deviation.threshold = 300 (default)
2019-10-03 19:50:51,303 [pool-57-thread-1] INFO  server.RaftServerConfigKeys (ConfUtils.java:logGet(43)) - raft.server.log.appender.install.snapshot.enabled = false (custom)
2019-10-03 19:50:51,303 [pool-57-thread-1] INFO  impl.RaftServerImpl (ServerState.java:<init>(103)) - 7424ec9f-bd1c-4bb5-bfbf-0d620c5e1719@group-4058BA05F08F: ConfigurationManager, init=-1: [7424ec9f-bd1c-4bb5-bfbf-0d620c5e1719:192.168.30.7:37109], old=null, confs=<EMPTY_MAP>
2019-10-03 19:50:51,303 [pool-57-thread-1] INFO  server.RaftServerConfigKeys (ConfUtils.java:logGet(43)) - raft.server.storage.dir = [/workdir/hadoop-ozone/integration-test/target/test-dir/MiniOzoneClusterImpl-e8360eeb-84e3-4554-85c7-51c2c812d0b8/datanode-3/data/ratis] (custom)
2019-10-03 19:50:51,304 [pool-57-thread-1] INFO  server.RaftServerConfigKeys (ConfUtils.java:logGet(43)) - raft.server.log.corruption.policy = EXCEPTION (default)
2019-10-03 19:50:51,304 [pool-57-thread-1] INFO  storage.RaftStorageDirectory (RaftStorageDirectory.java:analyzeStorage(246)) - The storage directory /workdir/hadoop-ozone/integration-test/target/test-dir/MiniOzoneClusterImpl-e8360eeb-84e3-4554-85c7-51c2c812d0b8/datanode-3/data/ratis/5751452e-0e69-4797-943c-4058ba05f08f does not exist. Creating ...
2019-10-03 19:50:51,335 [pool-57-thread-1] INFO  storage.RaftStorageDirectory (RaftStorageDirectory.java:tryLock(328)) - Lock on /workdir/hadoop-ozone/integration-test/target/test-dir/MiniOzoneClusterImpl-e8360eeb-84e3-4554-85c7-51c2c812d0b8/datanode-3/data/ratis/5751452e-0e69-4797-943c-4058ba05f08f/in_use.lock acquired by nodename 10374@pr-hdds-2230-vt4bl-2581040744
2019-10-03 19:50:51,360 [pool-57-thread-1] INFO  storage.RaftStorage (RaftStorage.java:format(84)) - Storage directory /workdir/hadoop-ozone/integration-test/target/test-dir/MiniOzoneClusterImpl-e8360eeb-84e3-4554-85c7-51c2c812d0b8/datanode-3/data/ratis/5751452e-0e69-4797-943c-4058ba05f08f has been successfully formatted.
2019-10-03 19:50:51,361 [pool-57-thread-1] INFO  ratis.ContainerStateMachine (ContainerStateMachine.java:loadSnapshot(230)) - group-4058BA05F08F: The snapshot info is null. Setting the last applied indexto:(t:0, i:~)
2019-10-03 19:50:51,361 [pool-57-thread-1] INFO  server.RaftServerConfigKeys (ConfUtils.java:logGet(43)) - raft.server.notification.no-leader.timeout = 120s (custom)
2019-10-03 19:50:51,361 [pool-57-thread-1] INFO  server.RaftServerConfigKeys (ConfUtils.java:logGet(43)) - raft.server.log.use.memory = false (default)
2019-10-03 19:50:51,362 [pool-57-thread-1] INFO  server.RaftServerConfigKeys (ConfUtils.java:logGet(43)) - raft.server.log.purge.gap = 1000000 (custom)
2019-10-03 19:50:51,362 [pool-57-thread-1] INFO  server.RaftServerConfigKeys (ConfUtils.java:logGet(43)) - raft.server.log.appender.buffer.byte-limit = 33554432 (custom)
2019-10-03 19:50:51,362 [pool-57-thread-1] INFO  server.RaftServerConfigKeys (ConfUtils.java:logGet(43)) - raft.server.log.segment.size.max = 1048576 (custom)
2019-10-03 19:50:51,369 [pool-57-thread-1] INFO  server.RaftServerConfigKeys (ConfUtils.java:logGet(43)) - raft.server.log.segment.cache.num.max = 2 (custom)
2019-10-03 19:50:51,370 [pool-57-thread-1] INFO  segmented.SegmentedRaftLogWorker (SegmentedRaftLogWorker.java:<init>(173)) - new 7424ec9f-bd1c-4bb5-bfbf-0d620c5e1719@group-4058BA05F08F-SegmentedRaftLogWorker for RaftStorage:Storage Directory /workdir/hadoop-ozone/integration-test/target/test-dir/MiniOzoneClusterImpl-e8360eeb-84e3-4554-85c7-51c2c812d0b8/datanode-3/data/ratis/5751452e-0e69-4797-943c-4058ba05f08f
2019-10-03 19:50:51,370 [pool-57-thread-1] INFO  server.RaftServerConfigKeys (ConfUtils.java:logGet(43)) - raft.server.log.queue.byte-limit = 2147483647 (custom)
2019-10-03 19:50:51,370 [pool-57-thread-1] INFO  server.RaftServerConfigKeys (ConfUtils.java:logGet(43)) - raft.server.log.queue.element-limit = 1024 (custom)
2019-10-03 19:50:51,370 [pool-57-thread-1] INFO  server.RaftServerConfigKeys (ConfUtils.java:logGet(43)) - raft.server.log.segment.size.max = 1048576 (custom)
2019-10-03 19:50:51,370 [pool-57-thread-1] INFO  server.RaftServerConfigKeys (ConfUtils.java:logGet(43)) - raft.server.log.preallocated.size = 16384 (custom)
2019-10-03 19:50:51,371 [pool-57-thread-1] INFO  server.RaftServerConfigKeys (ConfUtils.java:logGet(43)) - raft.server.log.write.buffer.size = 33554432 (custom)
2019-10-03 19:50:51,371 [pool-57-thread-1] INFO  server.RaftServerConfigKeys (ConfUtils.java:logGet(43)) - raft.server.log.force.sync.num = 128 (default)
2019-10-03 19:50:51,371 [pool-57-thread-1] INFO  server.RaftServerConfigKeys (ConfUtils.java:logGet(43)) - raft.server.log.statemachine.data.sync = true (default)
2019-10-03 19:50:51,371 [pool-57-thread-1] INFO  server.RaftServerConfigKeys (ConfUtils.java:logGet(43)) - raft.server.log.statemachine.data.sync.timeout = 10s (default)
2019-10-03 19:50:51,371 [pool-57-thread-1] INFO  server.RaftServerConfigKeys (ConfUtils.java:logGet(43)) - raft.server.log.statemachine.data.sync.timeout.retry = -1 (default)
2019-10-03 19:50:51,372 [pool-57-thread-1] INFO  server.RaftServerConfigKeys (ConfUtils.java:logGet(43)) - raft.server.log.statemachine.data.caching.enabled = true (custom)
2019-10-03 19:50:51,373 [pool-57-thread-1] INFO  segmented.SegmentedRaftLogWorker (SegmentedRaftLogWorker.java:lambda$new$0(128)) - 7424ec9f-bd1c-4bb5-bfbf-0d620c5e1719@group-4058BA05F08F-SegmentedRaftLogWorker: flushIndex: setUnconditionally 0 -> -1
2019-10-03 19:50:51,373 [pool-57-thread-1] INFO  server.RaftServerConfigKeys (ConfUtils.java:logGet(43)) - raft.server.snapshot.auto.trigger.enabled = true (custom)
2019-10-03 19:50:51,373 [pool-57-thread-1] INFO  server.RaftServerConfigKeys (ConfUtils.java:logGet(43)) - raft.server.snapshot.auto.trigger.threshold = 10000 (custom)
2019-10-03 19:50:51,373 [pool-57-thread-1] INFO  server.RaftServerConfigKeys (ConfUtils.java:logGet(43)) - raft.server.snapshot.retention.file.num = 5 (custom)
2019-10-03 19:50:51,374 [pool-57-thread-1] INFO  server.RaftServerConfigKeys (ConfUtils.java:logGet(43)) - raft.server.retrycache.expirytime = 600000ms (custom)
2019-10-03 19:50:51,378 [pool-57-thread-1] INFO  impl.RaftServerImpl (RaftServerImpl.java:start(181)) - 7424ec9f-bd1c-4bb5-bfbf-0d620c5e1719@group-4058BA05F08F: start as a follower, conf=-1: [7424ec9f-bd1c-4bb5-bfbf-0d620c5e1719:192.168.30.7:37109], old=null
2019-10-03 19:50:51,378 [pool-57-thread-1] INFO  impl.RaftServerImpl (RaftServerImpl.java:setRole(170)) - 7424ec9f-bd1c-4bb5-bfbf-0d620c5e1719@group-4058BA05F08F: changes role from      null to FOLLOWER at term 0 for startAsFollower
2019-10-03 19:50:51,378 [pool-57-thread-1] INFO  impl.RoleInfo (RoleInfo.java:updateAndGet(143)) - 7424ec9f-bd1c-4bb5-bfbf-0d620c5e1719: start FollowerState
2019-10-03 19:50:51,379 [pool-57-thread-1] INFO  util.JmxRegister (JmxRegister.java:tryRegister(44)) - Successfully registered JMX Bean with object name Ratis:service=RaftServer,group=group-4058BA05F08F,id=7424ec9f-bd1c-4bb5-bfbf-0d620c5e1719
2019-10-03 19:50:51,395 [RatisPipelineUtilsThread] INFO  pipeline.PipelineStateManager (PipelineStateManager.java:addPipeline(56)) - Created pipeline Pipeline[ Id: 5751452e-0e69-4797-943c-4058ba05f08f, Nodes: 7424ec9f-bd1c-4bb5-bfbf-0d620c5e1719{ip: 192.168.30.7, host: pr-hdds-2230-vt4bl-2581040744, networkLocation: /default-rack, certSerialId: null}, Type:RATIS, Factor:ONE, State:OPEN]
2019-10-03 19:50:51,417 [grpc-default-executor-0] INFO  impl.RaftServerProxy (RaftServerProxy.java:addNew(89)) - 26498bb5-537b-43ac-a036-2a46a4ce2e0c: addNew group-86C2A0D0A158:[26498bb5-537b-43ac-a036-2a46a4ce2e0c:192.168.30.7:41970] returns group-86C2A0D0A158:java.util.concurrent.CompletableFuture@7b470b5[Not completed]
2019-10-03 19:50:51,420 [pool-47-thread-1] INFO  impl.RaftServerImpl (RaftServerImpl.java:<init>(95)) - 26498bb5-537b-43ac-a036-2a46a4ce2e0c: new RaftServerImpl for group-86C2A0D0A158:[26498bb5-537b-43ac-a036-2a46a4ce2e0c:192.168.30.7:41970] with ContainerStateMachine:uninitialized
2019-10-03 19:50:51,420 [pool-47-thread-1] INFO  server.RaftServerConfigKeys (ConfUtils.java:logGet(43)) - raft.server.rpc.timeout.min = 5s (custom)
2019-10-03 19:50:51,420 [pool-47-thread-1] INFO  server.RaftServerConfigKeys (ConfUtils.java:logGet(43)) - raft.server.rpc.timeout.max = 5200ms (custom)
2019-10-03 19:50:51,420 [pool-47-thread-1] INFO  server.RaftServerConfigKeys (ConfUtils.java:logGet(43)) - raft.server.rpcslowness.timeout = 120s (custom)
2019-10-03 19:50:51,420 [pool-47-thread-1] INFO  server.RaftServerConfigKeys (ConfUtils.java:logGet(43)) - raft.server.sleep.deviation.threshold = 300 (default)
2019-10-03 19:50:51,420 [pool-47-thread-1] INFO  server.RaftServerConfigKeys (ConfUtils.java:logGet(43)) - raft.server.log.appender.install.snapshot.enabled = false (custom)
2019-10-03 19:50:51,421 [pool-47-thread-1] INFO  impl.RaftServerImpl (ServerState.java:<init>(103)) - 26498bb5-537b-43ac-a036-2a46a4ce2e0c@group-86C2A0D0A158: ConfigurationManager, init=-1: [26498bb5-537b-43ac-a036-2a46a4ce2e0c:192.168.30.7:41970], old=null, confs=<EMPTY_MAP>
2019-10-03 19:50:51,421 [pool-47-thread-1] INFO  server.RaftServerConfigKeys (ConfUtils.java:logGet(43)) - raft.server.storage.dir = [/workdir/hadoop-ozone/integration-test/target/test-dir/MiniOzoneClusterImpl-e8360eeb-84e3-4554-85c7-51c2c812d0b8/datanode-2/data/ratis] (custom)
2019-10-03 19:50:51,421 [pool-47-thread-1] INFO  server.RaftServerConfigKeys (ConfUtils.java:logGet(43)) - raft.server.log.corruption.policy = EXCEPTION (default)
2019-10-03 19:50:51,422 [pool-47-thread-1] INFO  storage.RaftStorageDirectory (RaftStorageDirectory.java:analyzeStorage(246)) - The storage directory /workdir/hadoop-ozone/integration-test/target/test-dir/MiniOzoneClusterImpl-e8360eeb-84e3-4554-85c7-51c2c812d0b8/datanode-2/data/ratis/83af51e9-91bc-4f20-b9ea-86c2a0d0a158 does not exist. Creating ...
2019-10-03 19:50:51,444 [pool-47-thread-1] INFO  storage.RaftStorageDirectory (RaftStorageDirectory.java:tryLock(328)) - Lock on /workdir/hadoop-ozone/integration-test/target/test-dir/MiniOzoneClusterImpl-e8360eeb-84e3-4554-85c7-51c2c812d0b8/datanode-2/data/ratis/83af51e9-91bc-4f20-b9ea-86c2a0d0a158/in_use.lock acquired by nodename 10374@pr-hdds-2230-vt4bl-2581040744
2019-10-03 19:50:51,444 [main] INFO  ozone.MiniOzoneClusterImpl (MiniOzoneClusterImpl.java:lambda$waitForClusterToBeReady$0(147)) - Cluster is ready. Got 7 of 7 DN Heartbeats.
2019-10-03 19:50:51,469 [pool-47-thread-1] INFO  storage.RaftStorage (RaftStorage.java:format(84)) - Storage directory /workdir/hadoop-ozone/integration-test/target/test-dir/MiniOzoneClusterImpl-e8360eeb-84e3-4554-85c7-51c2c812d0b8/datanode-2/data/ratis/83af51e9-91bc-4f20-b9ea-86c2a0d0a158 has been successfully formatted.
2019-10-03 19:50:51,470 [pool-47-thread-1] INFO  ratis.ContainerStateMachine (ContainerStateMachine.java:loadSnapshot(230)) - group-86C2A0D0A158: The snapshot info is null. Setting the last applied indexto:(t:0, i:~)
2019-10-03 19:50:51,470 [pool-47-thread-1] INFO  server.RaftServerConfigKeys (ConfUtils.java:logGet(43)) - raft.server.notification.no-leader.timeout = 120s (custom)
2019-10-03 19:50:51,470 [pool-47-thread-1] INFO  server.RaftServerConfigKeys (ConfUtils.java:logGet(43)) - raft.server.log.use.memory = false (default)
2019-10-03 19:50:51,470 [pool-47-thread-1] INFO  server.RaftServerConfigKeys (ConfUtils.java:logGet(43)) - raft.server.log.purge.gap = 1000000 (custom)
2019-10-03 19:50:51,470 [pool-47-thread-1] INFO  server.RaftServerConfigKeys (ConfUtils.java:logGet(43)) - raft.server.log.appender.buffer.byte-limit = 33554432 (custom)
2019-10-03 19:50:51,471 [pool-47-thread-1] INFO  server.RaftServerConfigKeys (ConfUtils.java:logGet(43)) - raft.server.log.segment.size.max = 1048576 (custom)
2019-10-03 19:50:51,473 [pool-47-thread-1] INFO  server.RaftServerConfigKeys (ConfUtils.java:logGet(43)) - raft.server.log.segment.cache.num.max = 2 (custom)
2019-10-03 19:50:51,473 [pool-47-thread-1] INFO  segmented.SegmentedRaftLogWorker (SegmentedRaftLogWorker.java:<init>(173)) - new 26498bb5-537b-43ac-a036-2a46a4ce2e0c@group-86C2A0D0A158-SegmentedRaftLogWorker for RaftStorage:Storage Directory /workdir/hadoop-ozone/integration-test/target/test-dir/MiniOzoneClusterImpl-e8360eeb-84e3-4554-85c7-51c2c812d0b8/datanode-2/data/ratis/83af51e9-91bc-4f20-b9ea-86c2a0d0a158
2019-10-03 19:50:51,474 [pool-47-thread-1] INFO  server.RaftServerConfigKeys (ConfUtils.java:logGet(43)) - raft.server.log.queue.byte-limit = 2147483647 (custom)
2019-10-03 19:50:51,474 [pool-47-thread-1] INFO  server.RaftServerConfigKeys (ConfUtils.java:logGet(43)) - raft.server.log.queue.element-limit = 1024 (custom)
2019-10-03 19:50:51,474 [pool-47-thread-1] INFO  server.RaftServerConfigKeys (ConfUtils.java:logGet(43)) - raft.server.log.segment.size.max = 1048576 (custom)
2019-10-03 19:50:51,474 [pool-47-thread-1] INFO  server.RaftServerConfigKeys (ConfUtils.java:logGet(43)) - raft.server.log.preallocated.size = 16384 (custom)
2019-10-03 19:50:51,474 [pool-47-thread-1] INFO  server.RaftServerConfigKeys (ConfUtils.java:logGet(43)) - raft.server.log.write.buffer.size = 33554432 (custom)
2019-10-03 19:50:51,474 [pool-47-thread-1] INFO  server.RaftServerConfigKeys (ConfUtils.java:logGet(43)) - raft.server.log.force.sync.num = 128 (default)
2019-10-03 19:50:51,474 [pool-47-thread-1] INFO  server.RaftServerConfigKeys (ConfUtils.java:logGet(43)) - raft.server.log.statemachine.data.sync = true (default)
2019-10-03 19:50:51,474 [pool-47-thread-1] INFO  server.RaftServerConfigKeys (ConfUtils.java:logGet(43)) - raft.server.log.statemachine.data.sync.timeout = 10s (default)
2019-10-03 19:50:51,475 [pool-47-thread-1] INFO  server.RaftServerConfigKeys (ConfUtils.java:logGet(43)) - raft.server.log.statemachine.data.sync.timeout.retry = -1 (default)
2019-10-03 19:50:51,475 [pool-47-thread-1] INFO  server.RaftServerConfigKeys (ConfUtils.java:logGet(43)) - raft.server.log.statemachine.data.caching.enabled = true (custom)
2019-10-03 19:50:51,475 [pool-47-thread-1] INFO  segmented.SegmentedRaftLogWorker (SegmentedRaftLogWorker.java:lambda$new$0(128)) - 26498bb5-537b-43ac-a036-2a46a4ce2e0c@group-86C2A0D0A158-SegmentedRaftLogWorker: flushIndex: setUnconditionally 0 -> -1
2019-10-03 19:50:51,476 [pool-47-thread-1] INFO  server.RaftServerConfigKeys (ConfUtils.java:logGet(43)) - raft.server.snapshot.auto.trigger.enabled = true (custom)
2019-10-03 19:50:51,476 [pool-47-thread-1] INFO  server.RaftServerConfigKeys (ConfUtils.java:logGet(43)) - raft.server.snapshot.auto.trigger.threshold = 10000 (custom)
2019-10-03 19:50:51,476 [pool-47-thread-1] INFO  server.RaftServerConfigKeys (ConfUtils.java:logGet(43)) - raft.server.snapshot.retention.file.num = 5 (custom)
2019-10-03 19:50:51,476 [pool-47-thread-1] INFO  server.RaftServerConfigKeys (ConfUtils.java:logGet(43)) - raft.server.retrycache.expirytime = 600000ms (custom)
2019-10-03 19:50:51,478 [pool-47-thread-1] INFO  impl.RaftServerImpl (RaftServerImpl.java:start(181)) - 26498bb5-537b-43ac-a036-2a46a4ce2e0c@group-86C2A0D0A158: start as a follower, conf=-1: [26498bb5-537b-43ac-a036-2a46a4ce2e0c:192.168.30.7:41970], old=null
2019-10-03 19:50:51,478 [pool-47-thread-1] INFO  impl.RaftServerImpl (RaftServerImpl.java:setRole(170)) - 26498bb5-537b-43ac-a036-2a46a4ce2e0c@group-86C2A0D0A158: changes role from      null to FOLLOWER at term 0 for startAsFollower
2019-10-03 19:50:51,479 [pool-47-thread-1] INFO  impl.RoleInfo (RoleInfo.java:updateAndGet(143)) - 26498bb5-537b-43ac-a036-2a46a4ce2e0c: start FollowerState
2019-10-03 19:50:51,479 [pool-47-thread-1] INFO  util.JmxRegister (JmxRegister.java:tryRegister(44)) - Successfully registered JMX Bean with object name Ratis:service=RaftServer,group=group-86C2A0D0A158,id=26498bb5-537b-43ac-a036-2a46a4ce2e0c
2019-10-03 19:50:51,499 [RatisPipelineUtilsThread] INFO  pipeline.PipelineStateManager (PipelineStateManager.java:addPipeline(56)) - Created pipeline Pipeline[ Id: 83af51e9-91bc-4f20-b9ea-86c2a0d0a158, Nodes: 26498bb5-537b-43ac-a036-2a46a4ce2e0c{ip: 192.168.30.7, host: pr-hdds-2230-vt4bl-2581040744, networkLocation: /default-rack, certSerialId: null}, Type:RATIS, Factor:ONE, State:OPEN]
2019-10-03 19:50:51,525 [grpc-default-executor-0] INFO  impl.RaftServerProxy (RaftServerProxy.java:addNew(89)) - 67364250-31f9-46a2-8464-4e94057f1238: addNew group-E5FF18095053:[67364250-31f9-46a2-8464-4e94057f1238:192.168.30.7:37800] returns group-E5FF18095053:java.util.concurrent.CompletableFuture@6d0214e5[Not completed]
2019-10-03 19:50:51,527 [pool-37-thread-1] INFO  impl.RaftServerImpl (RaftServerImpl.java:<init>(95)) - 67364250-31f9-46a2-8464-4e94057f1238: new RaftServerImpl for group-E5FF18095053:[67364250-31f9-46a2-8464-4e94057f1238:192.168.30.7:37800] with ContainerStateMachine:uninitialized
2019-10-03 19:50:51,527 [pool-37-thread-1] INFO  server.RaftServerConfigKeys (ConfUtils.java:logGet(43)) - raft.server.rpc.timeout.min = 5s (custom)
2019-10-03 19:50:51,528 [pool-37-thread-1] INFO  server.RaftServerConfigKeys (ConfUtils.java:logGet(43)) - raft.server.rpc.timeout.max = 5200ms (custom)
2019-10-03 19:50:51,528 [pool-37-thread-1] INFO  server.RaftServerConfigKeys (ConfUtils.java:logGet(43)) - raft.server.rpcslowness.timeout = 120s (custom)
2019-10-03 19:50:51,528 [pool-37-thread-1] INFO  server.RaftServerConfigKeys (ConfUtils.java:logGet(43)) - raft.server.sleep.deviation.threshold = 300 (default)
2019-10-03 19:50:51,528 [pool-37-thread-1] INFO  server.RaftServerConfigKeys (ConfUtils.java:logGet(43)) - raft.server.log.appender.install.snapshot.enabled = false (custom)
2019-10-03 19:50:51,528 [pool-37-thread-1] INFO  impl.RaftServerImpl (ServerState.java:<init>(103)) - 67364250-31f9-46a2-8464-4e94057f1238@group-E5FF18095053: ConfigurationManager, init=-1: [67364250-31f9-46a2-8464-4e94057f1238:192.168.30.7:37800], old=null, confs=<EMPTY_MAP>
2019-10-03 19:50:51,528 [pool-37-thread-1] INFO  server.RaftServerConfigKeys (ConfUtils.java:logGet(43)) - raft.server.storage.dir = [/workdir/hadoop-ozone/integration-test/target/test-dir/MiniOzoneClusterImpl-e8360eeb-84e3-4554-85c7-51c2c812d0b8/datanode-1/data/ratis] (custom)
2019-10-03 19:50:51,529 [pool-37-thread-1] INFO  server.RaftServerConfigKeys (ConfUtils.java:logGet(43)) - raft.server.log.corruption.policy = EXCEPTION (default)
2019-10-03 19:50:51,529 [pool-37-thread-1] INFO  storage.RaftStorageDirectory (RaftStorageDirectory.java:analyzeStorage(246)) - The storage directory /workdir/hadoop-ozone/integration-test/target/test-dir/MiniOzoneClusterImpl-e8360eeb-84e3-4554-85c7-51c2c812d0b8/datanode-1/data/ratis/00eb26ab-42e9-4cce-bd1a-e5ff18095053 does not exist. Creating ...
2019-10-03 19:50:51,553 [pool-37-thread-1] INFO  storage.RaftStorageDirectory (RaftStorageDirectory.java:tryLock(328)) - Lock on /workdir/hadoop-ozone/integration-test/target/test-dir/MiniOzoneClusterImpl-e8360eeb-84e3-4554-85c7-51c2c812d0b8/datanode-1/data/ratis/00eb26ab-42e9-4cce-bd1a-e5ff18095053/in_use.lock acquired by nodename 10374@pr-hdds-2230-vt4bl-2581040744
2019-10-03 19:50:51,578 [pool-37-thread-1] INFO  storage.RaftStorage (RaftStorage.java:format(84)) - Storage directory /workdir/hadoop-ozone/integration-test/target/test-dir/MiniOzoneClusterImpl-e8360eeb-84e3-4554-85c7-51c2c812d0b8/datanode-1/data/ratis/00eb26ab-42e9-4cce-bd1a-e5ff18095053 has been successfully formatted.
2019-10-03 19:50:51,579 [pool-37-thread-1] INFO  ratis.ContainerStateMachine (ContainerStateMachine.java:loadSnapshot(230)) - group-E5FF18095053: The snapshot info is null. Setting the last applied indexto:(t:0, i:~)
2019-10-03 19:50:51,579 [pool-37-thread-1] INFO  server.RaftServerConfigKeys (ConfUtils.java:logGet(43)) - raft.server.notification.no-leader.timeout = 120s (custom)
2019-10-03 19:50:51,579 [pool-37-thread-1] INFO  server.RaftServerConfigKeys (ConfUtils.java:logGet(43)) - raft.server.log.use.memory = false (default)
2019-10-03 19:50:51,579 [pool-37-thread-1] INFO  server.RaftServerConfigKeys (ConfUtils.java:logGet(43)) - raft.server.log.purge.gap = 1000000 (custom)
2019-10-03 19:50:51,579 [pool-37-thread-1] INFO  server.RaftServerConfigKeys (ConfUtils.java:logGet(43)) - raft.server.log.appender.buffer.byte-limit = 33554432 (custom)
2019-10-03 19:50:51,580 [pool-37-thread-1] INFO  server.RaftServerConfigKeys (ConfUtils.java:logGet(43)) - raft.server.log.segment.size.max = 1048576 (custom)
2019-10-03 19:50:51,583 [pool-37-thread-1] INFO  server.RaftServerConfigKeys (ConfUtils.java:logGet(43)) - raft.server.log.segment.cache.num.max = 2 (custom)
2019-10-03 19:50:51,583 [pool-37-thread-1] INFO  segmented.SegmentedRaftLogWorker (SegmentedRaftLogWorker.java:<init>(173)) - new 67364250-31f9-46a2-8464-4e94057f1238@group-E5FF18095053-SegmentedRaftLogWorker for RaftStorage:Storage Directory /workdir/hadoop-ozone/integration-test/target/test-dir/MiniOzoneClusterImpl-e8360eeb-84e3-4554-85c7-51c2c812d0b8/datanode-1/data/ratis/00eb26ab-42e9-4cce-bd1a-e5ff18095053
2019-10-03 19:50:51,583 [pool-37-thread-1] INFO  server.RaftServerConfigKeys (ConfUtils.java:logGet(43)) - raft.server.log.queue.byte-limit = 2147483647 (custom)
2019-10-03 19:50:51,583 [pool-37-thread-1] INFO  server.RaftServerConfigKeys (ConfUtils.java:logGet(43)) - raft.server.log.queue.element-limit = 1024 (custom)
2019-10-03 19:50:51,583 [pool-37-thread-1] INFO  server.RaftServerConfigKeys (ConfUtils.java:logGet(43)) - raft.server.log.segment.size.max = 1048576 (custom)
2019-10-03 19:50:51,583 [pool-37-thread-1] INFO  server.RaftServerConfigKeys (ConfUtils.java:logGet(43)) - raft.server.log.preallocated.size = 16384 (custom)
2019-10-03 19:50:51,583 [pool-37-thread-1] INFO  server.RaftServerConfigKeys (ConfUtils.java:logGet(43)) - raft.server.log.write.buffer.size = 33554432 (custom)
2019-10-03 19:50:51,584 [pool-37-thread-1] INFO  server.RaftServerConfigKeys (ConfUtils.java:logGet(43)) - raft.server.log.force.sync.num = 128 (default)
2019-10-03 19:50:51,584 [pool-37-thread-1] INFO  server.RaftServerConfigKeys (ConfUtils.java:logGet(43)) - raft.server.log.statemachine.data.sync = true (default)
2019-10-03 19:50:51,584 [pool-37-thread-1] INFO  server.RaftServerConfigKeys (ConfUtils.java:logGet(43)) - raft.server.log.statemachine.data.sync.timeout = 10s (default)
2019-10-03 19:50:51,584 [pool-37-thread-1] INFO  server.RaftServerConfigKeys (ConfUtils.java:logGet(43)) - raft.server.log.statemachine.data.sync.timeout.retry = -1 (default)
2019-10-03 19:50:51,585 [pool-37-thread-1] INFO  server.RaftServerConfigKeys (ConfUtils.java:logGet(43)) - raft.server.log.statemachine.data.caching.enabled = true (custom)
2019-10-03 19:50:51,585 [pool-37-thread-1] INFO  segmented.SegmentedRaftLogWorker (SegmentedRaftLogWorker.java:lambda$new$0(128)) - 67364250-31f9-46a2-8464-4e94057f1238@group-E5FF18095053-SegmentedRaftLogWorker: flushIndex: setUnconditionally 0 -> -1
2019-10-03 19:50:51,586 [pool-37-thread-1] INFO  server.RaftServerConfigKeys (ConfUtils.java:logGet(43)) - raft.server.snapshot.auto.trigger.enabled = true (custom)
2019-10-03 19:50:51,586 [pool-37-thread-1] INFO  server.RaftServerConfigKeys (ConfUtils.java:logGet(43)) - raft.server.snapshot.auto.trigger.threshold = 10000 (custom)
2019-10-03 19:50:51,586 [pool-37-thread-1] INFO  server.RaftServerConfigKeys (ConfUtils.java:logGet(43)) - raft.server.snapshot.retention.file.num = 5 (custom)
2019-10-03 19:50:51,586 [pool-37-thread-1] INFO  server.RaftServerConfigKeys (ConfUtils.java:logGet(43)) - raft.server.retrycache.expirytime = 600000ms (custom)
2019-10-03 19:50:51,589 [pool-37-thread-1] INFO  impl.RaftServerImpl (RaftServerImpl.java:start(181)) - 67364250-31f9-46a2-8464-4e94057f1238@group-E5FF18095053: start as a follower, conf=-1: [67364250-31f9-46a2-8464-4e94057f1238:192.168.30.7:37800], old=null
2019-10-03 19:50:51,589 [pool-37-thread-1] INFO  impl.RaftServerImpl (RaftServerImpl.java:setRole(170)) - 67364250-31f9-46a2-8464-4e94057f1238@group-E5FF18095053: changes role from      null to FOLLOWER at term 0 for startAsFollower
2019-10-03 19:50:51,589 [pool-37-thread-1] INFO  impl.RoleInfo (RoleInfo.java:updateAndGet(143)) - 67364250-31f9-46a2-8464-4e94057f1238: start FollowerState
2019-10-03 19:50:51,590 [pool-37-thread-1] INFO  util.JmxRegister (JmxRegister.java:tryRegister(44)) - Successfully registered JMX Bean with object name Ratis:service=RaftServer,group=group-E5FF18095053,id=67364250-31f9-46a2-8464-4e94057f1238
2019-10-03 19:50:51,607 [RatisPipelineUtilsThread] INFO  pipeline.PipelineStateManager (PipelineStateManager.java:addPipeline(56)) - Created pipeline Pipeline[ Id: 00eb26ab-42e9-4cce-bd1a-e5ff18095053, Nodes: 67364250-31f9-46a2-8464-4e94057f1238{ip: 192.168.30.7, host: pr-hdds-2230-vt4bl-2581040744, networkLocation: /default-rack, certSerialId: null}, Type:RATIS, Factor:ONE, State:OPEN]
2019-10-03 19:50:51,626 [grpc-default-executor-0] INFO  impl.RaftServerProxy (RaftServerProxy.java:addNew(89)) - 815a0680-a07b-4bd6-804e-3e4acced2953: addNew group-3E34E4AEF714:[815a0680-a07b-4bd6-804e-3e4acced2953:192.168.30.7:37721] returns group-3E34E4AEF714:java.util.concurrent.CompletableFuture@4933ce72[Not completed]
2019-10-03 19:50:51,632 [pool-67-thread-1] INFO  impl.RaftServerImpl (RaftServerImpl.java:<init>(95)) - 815a0680-a07b-4bd6-804e-3e4acced2953: new RaftServerImpl for group-3E34E4AEF714:[815a0680-a07b-4bd6-804e-3e4acced2953:192.168.30.7:37721] with ContainerStateMachine:uninitialized
2019-10-03 19:50:51,633 [pool-67-thread-1] INFO  server.RaftServerConfigKeys (ConfUtils.java:logGet(43)) - raft.server.rpc.timeout.min = 5s (custom)
2019-10-03 19:50:51,633 [pool-67-thread-1] INFO  server.RaftServerConfigKeys (ConfUtils.java:logGet(43)) - raft.server.rpc.timeout.max = 5200ms (custom)
2019-10-03 19:50:51,633 [pool-67-thread-1] INFO  server.RaftServerConfigKeys (ConfUtils.java:logGet(43)) - raft.server.rpcslowness.timeout = 120s (custom)
2019-10-03 19:50:51,633 [pool-67-thread-1] INFO  server.RaftServerConfigKeys (ConfUtils.java:logGet(43)) - raft.server.sleep.deviation.threshold = 300 (default)
2019-10-03 19:50:51,633 [pool-67-thread-1] INFO  server.RaftServerConfigKeys (ConfUtils.java:logGet(43)) - raft.server.log.appender.install.snapshot.enabled = false (custom)
2019-10-03 19:50:51,634 [pool-67-thread-1] INFO  impl.RaftServerImpl (ServerState.java:<init>(103)) - 815a0680-a07b-4bd6-804e-3e4acced2953@group-3E34E4AEF714: ConfigurationManager, init=-1: [815a0680-a07b-4bd6-804e-3e4acced2953:192.168.30.7:37721], old=null, confs=<EMPTY_MAP>
2019-10-03 19:50:51,634 [pool-67-thread-1] INFO  server.RaftServerConfigKeys (ConfUtils.java:logGet(43)) - raft.server.storage.dir = [/workdir/hadoop-ozone/integration-test/target/test-dir/MiniOzoneClusterImpl-e8360eeb-84e3-4554-85c7-51c2c812d0b8/datanode-4/data/ratis] (custom)
2019-10-03 19:50:51,634 [pool-67-thread-1] INFO  server.RaftServerConfigKeys (ConfUtils.java:logGet(43)) - raft.server.log.corruption.policy = EXCEPTION (default)
2019-10-03 19:50:51,635 [pool-67-thread-1] INFO  storage.RaftStorageDirectory (RaftStorageDirectory.java:analyzeStorage(246)) - The storage directory /workdir/hadoop-ozone/integration-test/target/test-dir/MiniOzoneClusterImpl-e8360eeb-84e3-4554-85c7-51c2c812d0b8/datanode-4/data/ratis/96792e47-1a88-4ea5-bf85-3e34e4aef714 does not exist. Creating ...
2019-10-03 19:50:51,662 [pool-67-thread-1] INFO  storage.RaftStorageDirectory (RaftStorageDirectory.java:tryLock(328)) - Lock on /workdir/hadoop-ozone/integration-test/target/test-dir/MiniOzoneClusterImpl-e8360eeb-84e3-4554-85c7-51c2c812d0b8/datanode-4/data/ratis/96792e47-1a88-4ea5-bf85-3e34e4aef714/in_use.lock acquired by nodename 10374@pr-hdds-2230-vt4bl-2581040744
2019-10-03 19:50:51,687 [pool-67-thread-1] INFO  storage.RaftStorage (RaftStorage.java:format(84)) - Storage directory /workdir/hadoop-ozone/integration-test/target/test-dir/MiniOzoneClusterImpl-e8360eeb-84e3-4554-85c7-51c2c812d0b8/datanode-4/data/ratis/96792e47-1a88-4ea5-bf85-3e34e4aef714 has been successfully formatted.
2019-10-03 19:50:51,688 [pool-67-thread-1] INFO  ratis.ContainerStateMachine (ContainerStateMachine.java:loadSnapshot(230)) - group-3E34E4AEF714: The snapshot info is null. Setting the last applied indexto:(t:0, i:~)
2019-10-03 19:50:51,688 [pool-67-thread-1] INFO  server.RaftServerConfigKeys (ConfUtils.java:logGet(43)) - raft.server.notification.no-leader.timeout = 120s (custom)
2019-10-03 19:50:51,688 [pool-67-thread-1] INFO  server.RaftServerConfigKeys (ConfUtils.java:logGet(43)) - raft.server.log.use.memory = false (default)
2019-10-03 19:50:51,689 [pool-67-thread-1] INFO  server.RaftServerConfigKeys (ConfUtils.java:logGet(43)) - raft.server.log.purge.gap = 1000000 (custom)
2019-10-03 19:50:51,689 [pool-67-thread-1] INFO  server.RaftServerConfigKeys (ConfUtils.java:logGet(43)) - raft.server.log.appender.buffer.byte-limit = 33554432 (custom)
2019-10-03 19:50:51,689 [pool-67-thread-1] INFO  server.RaftServerConfigKeys (ConfUtils.java:logGet(43)) - raft.server.log.segment.size.max = 1048576 (custom)
2019-10-03 19:50:51,693 [pool-67-thread-1] INFO  server.RaftServerConfigKeys (ConfUtils.java:logGet(43)) - raft.server.log.segment.cache.num.max = 2 (custom)
2019-10-03 19:50:51,693 [pool-67-thread-1] INFO  segmented.SegmentedRaftLogWorker (SegmentedRaftLogWorker.java:<init>(173)) - new 815a0680-a07b-4bd6-804e-3e4acced2953@group-3E34E4AEF714-SegmentedRaftLogWorker for RaftStorage:Storage Directory /workdir/hadoop-ozone/integration-test/target/test-dir/MiniOzoneClusterImpl-e8360eeb-84e3-4554-85c7-51c2c812d0b8/datanode-4/data/ratis/96792e47-1a88-4ea5-bf85-3e34e4aef714
2019-10-03 19:50:51,693 [pool-67-thread-1] INFO  server.RaftServerConfigKeys (ConfUtils.java:logGet(43)) - raft.server.log.queue.byte-limit = 2147483647 (custom)
2019-10-03 19:50:51,693 [pool-67-thread-1] INFO  server.RaftServerConfigKeys (ConfUtils.java:logGet(43)) - raft.server.log.queue.element-limit = 1024 (custom)
2019-10-03 19:50:51,693 [pool-67-thread-1] INFO  server.RaftServerConfigKeys (ConfUtils.java:logGet(43)) - raft.server.log.segment.size.max = 1048576 (custom)
2019-10-03 19:50:51,694 [pool-67-thread-1] INFO  server.RaftServerConfigKeys (ConfUtils.java:logGet(43)) - raft.server.log.preallocated.size = 16384 (custom)
2019-10-03 19:50:51,694 [pool-67-thread-1] INFO  server.RaftServerConfigKeys (ConfUtils.java:logGet(43)) - raft.server.log.write.buffer.size = 33554432 (custom)
2019-10-03 19:50:51,694 [pool-67-thread-1] INFO  server.RaftServerConfigKeys (ConfUtils.java:logGet(43)) - raft.server.log.force.sync.num = 128 (default)
2019-10-03 19:50:51,694 [pool-67-thread-1] INFO  server.RaftServerConfigKeys (ConfUtils.java:logGet(43)) - raft.server.log.statemachine.data.sync = true (default)
2019-10-03 19:50:51,694 [pool-67-thread-1] INFO  server.RaftServerConfigKeys (ConfUtils.java:logGet(43)) - raft.server.log.statemachine.data.sync.timeout = 10s (default)
2019-10-03 19:50:51,695 [pool-67-thread-1] INFO  server.RaftServerConfigKeys (ConfUtils.java:logGet(43)) - raft.server.log.statemachine.data.sync.timeout.retry = -1 (default)
2019-10-03 19:50:51,695 [pool-67-thread-1] INFO  server.RaftServerConfigKeys (ConfUtils.java:logGet(43)) - raft.server.log.statemachine.data.caching.enabled = true (custom)
2019-10-03 19:50:51,696 [pool-67-thread-1] INFO  segmented.SegmentedRaftLogWorker (SegmentedRaftLogWorker.java:lambda$new$0(128)) - 815a0680-a07b-4bd6-804e-3e4acced2953@group-3E34E4AEF714-SegmentedRaftLogWorker: flushIndex: setUnconditionally 0 -> -1
2019-10-03 19:50:51,696 [pool-67-thread-1] INFO  server.RaftServerConfigKeys (ConfUtils.java:logGet(43)) - raft.server.snapshot.auto.trigger.enabled = true (custom)
2019-10-03 19:50:51,697 [pool-67-thread-1] INFO  server.RaftServerConfigKeys (ConfUtils.java:logGet(43)) - raft.server.snapshot.auto.trigger.threshold = 10000 (custom)
2019-10-03 19:50:51,697 [pool-67-thread-1] INFO  server.RaftServerConfigKeys (ConfUtils.java:logGet(43)) - raft.server.snapshot.retention.file.num = 5 (custom)
2019-10-03 19:50:51,697 [pool-67-thread-1] INFO  server.RaftServerConfigKeys (ConfUtils.java:logGet(43)) - raft.server.retrycache.expirytime = 600000ms (custom)
2019-10-03 19:50:51,700 [pool-67-thread-1] INFO  impl.RaftServerImpl (RaftServerImpl.java:start(181)) - 815a0680-a07b-4bd6-804e-3e4acced2953@group-3E34E4AEF714: start as a follower, conf=-1: [815a0680-a07b-4bd6-804e-3e4acced2953:192.168.30.7:37721], old=null
2019-10-03 19:50:51,700 [pool-67-thread-1] INFO  impl.RaftServerImpl (RaftServerImpl.java:setRole(170)) - 815a0680-a07b-4bd6-804e-3e4acced2953@group-3E34E4AEF714: changes role from      null to FOLLOWER at term 0 for startAsFollower
2019-10-03 19:50:51,701 [pool-67-thread-1] INFO  impl.RoleInfo (RoleInfo.java:updateAndGet(143)) - 815a0680-a07b-4bd6-804e-3e4acced2953: start FollowerState
2019-10-03 19:50:51,701 [pool-67-thread-1] INFO  util.JmxRegister (JmxRegister.java:tryRegister(44)) - Successfully registered JMX Bean with object name Ratis:service=RaftServer,group=group-3E34E4AEF714,id=815a0680-a07b-4bd6-804e-3e4acced2953
2019-10-03 19:50:51,728 [RatisPipelineUtilsThread] INFO  pipeline.PipelineStateManager (PipelineStateManager.java:addPipeline(56)) - Created pipeline Pipeline[ Id: 96792e47-1a88-4ea5-bf85-3e34e4aef714, Nodes: 815a0680-a07b-4bd6-804e-3e4acced2953{ip: 192.168.30.7, host: pr-hdds-2230-vt4bl-2581040744, networkLocation: /default-rack, certSerialId: null}, Type:RATIS, Factor:ONE, State:OPEN]
2019-10-03 19:50:51,791 [grpc-default-executor-1] INFO  impl.RaftServerProxy (RaftServerProxy.java:addNew(89)) - 61feef45-068b-4276-880f-0be1024e3fc1: addNew group-02EC13A97EB0:[afe8e0ac-3506-4965-b697-47ccfd644cac:192.168.30.7:32847, af7093ab-e47f-4085-b45e-c80cc6933f27:192.168.30.7:33578, 61feef45-068b-4276-880f-0be1024e3fc1:192.168.30.7:35945] returns group-02EC13A97EB0:java.util.concurrent.CompletableFuture@4a7189a3[Not completed]
2019-10-03 19:50:51,791 [grpc-default-executor-2] INFO  impl.RaftServerProxy (RaftServerProxy.java:addNew(89)) - af7093ab-e47f-4085-b45e-c80cc6933f27: addNew group-02EC13A97EB0:[afe8e0ac-3506-4965-b697-47ccfd644cac:192.168.30.7:32847, af7093ab-e47f-4085-b45e-c80cc6933f27:192.168.30.7:33578, 61feef45-068b-4276-880f-0be1024e3fc1:192.168.30.7:35945] returns group-02EC13A97EB0:java.util.concurrent.CompletableFuture@657d4bf9[Not completed]
2019-10-03 19:50:51,792 [grpc-default-executor-0] INFO  impl.RaftServerProxy (RaftServerProxy.java:addNew(89)) - afe8e0ac-3506-4965-b697-47ccfd644cac: addNew group-02EC13A97EB0:[afe8e0ac-3506-4965-b697-47ccfd644cac:192.168.30.7:32847, af7093ab-e47f-4085-b45e-c80cc6933f27:192.168.30.7:33578, 61feef45-068b-4276-880f-0be1024e3fc1:192.168.30.7:35945] returns group-02EC13A97EB0:java.util.concurrent.CompletableFuture@5242683b[Not completed]
2019-10-03 19:50:51,794 [pool-87-thread-1] INFO  impl.RaftServerImpl (RaftServerImpl.java:<init>(95)) - af7093ab-e47f-4085-b45e-c80cc6933f27: new RaftServerImpl for group-02EC13A97EB0:[afe8e0ac-3506-4965-b697-47ccfd644cac:192.168.30.7:32847, af7093ab-e47f-4085-b45e-c80cc6933f27:192.168.30.7:33578, 61feef45-068b-4276-880f-0be1024e3fc1:192.168.30.7:35945] with ContainerStateMachine:uninitialized
2019-10-03 19:50:51,795 [pool-87-thread-1] INFO  server.RaftServerConfigKeys (ConfUtils.java:logGet(43)) - raft.server.rpc.timeout.min = 5s (custom)
2019-10-03 19:50:51,795 [pool-87-thread-1] INFO  server.RaftServerConfigKeys (ConfUtils.java:logGet(43)) - raft.server.rpc.timeout.max = 5200ms (custom)
2019-10-03 19:50:51,795 [pool-87-thread-1] INFO  server.RaftServerConfigKeys (ConfUtils.java:logGet(43)) - raft.server.rpcslowness.timeout = 120s (custom)
2019-10-03 19:50:51,795 [pool-87-thread-1] INFO  server.RaftServerConfigKeys (ConfUtils.java:logGet(43)) - raft.server.sleep.deviation.threshold = 300 (default)
2019-10-03 19:50:51,795 [pool-87-thread-1] INFO  server.RaftServerConfigKeys (ConfUtils.java:logGet(43)) - raft.server.log.appender.install.snapshot.enabled = false (custom)
2019-10-03 19:50:51,796 [pool-87-thread-1] INFO  impl.RaftServerImpl (ServerState.java:<init>(103)) - af7093ab-e47f-4085-b45e-c80cc6933f27@group-02EC13A97EB0: ConfigurationManager, init=-1: [afe8e0ac-3506-4965-b697-47ccfd644cac:192.168.30.7:32847, af7093ab-e47f-4085-b45e-c80cc6933f27:192.168.30.7:33578, 61feef45-068b-4276-880f-0be1024e3fc1:192.168.30.7:35945], old=null, confs=<EMPTY_MAP>
2019-10-03 19:50:51,796 [pool-87-thread-1] INFO  server.RaftServerConfigKeys (ConfUtils.java:logGet(43)) - raft.server.storage.dir = [/workdir/hadoop-ozone/integration-test/target/test-dir/MiniOzoneClusterImpl-e8360eeb-84e3-4554-85c7-51c2c812d0b8/datanode-6/data/ratis] (custom)
2019-10-03 19:50:51,796 [pool-77-thread-1] INFO  impl.RaftServerImpl (RaftServerImpl.java:<init>(95)) - 61feef45-068b-4276-880f-0be1024e3fc1: new RaftServerImpl for group-02EC13A97EB0:[afe8e0ac-3506-4965-b697-47ccfd644cac:192.168.30.7:32847, af7093ab-e47f-4085-b45e-c80cc6933f27:192.168.30.7:33578, 61feef45-068b-4276-880f-0be1024e3fc1:192.168.30.7:35945] with ContainerStateMachine:uninitialized
2019-10-03 19:50:51,796 [pool-87-thread-1] INFO  server.RaftServerConfigKeys (ConfUtils.java:logGet(43)) - raft.server.log.corruption.policy = EXCEPTION (default)
2019-10-03 19:50:51,797 [pool-77-thread-1] INFO  server.RaftServerConfigKeys (ConfUtils.java:logGet(43)) - raft.server.rpc.timeout.min = 5s (custom)
2019-10-03 19:50:51,797 [pool-87-thread-1] INFO  storage.RaftStorageDirectory (RaftStorageDirectory.java:analyzeStorage(246)) - The storage directory /workdir/hadoop-ozone/integration-test/target/test-dir/MiniOzoneClusterImpl-e8360eeb-84e3-4554-85c7-51c2c812d0b8/datanode-6/data/ratis/e9691c65-dfdc-4474-9dfd-02ec13a97eb0 does not exist. Creating ...
2019-10-03 19:50:51,797 [pool-77-thread-1] INFO  server.RaftServerConfigKeys (ConfUtils.java:logGet(43)) - raft.server.rpc.timeout.max = 5200ms (custom)
2019-10-03 19:50:51,797 [pool-77-thread-1] INFO  server.RaftServerConfigKeys (ConfUtils.java:logGet(43)) - raft.server.rpcslowness.timeout = 120s (custom)
2019-10-03 19:50:51,798 [pool-77-thread-1] INFO  server.RaftServerConfigKeys (ConfUtils.java:logGet(43)) - raft.server.sleep.deviation.threshold = 300 (default)
2019-10-03 19:50:51,798 [pool-77-thread-1] INFO  server.RaftServerConfigKeys (ConfUtils.java:logGet(43)) - raft.server.log.appender.install.snapshot.enabled = false (custom)
2019-10-03 19:50:51,798 [pool-27-thread-1] INFO  impl.RaftServerImpl (RaftServerImpl.java:<init>(95)) - afe8e0ac-3506-4965-b697-47ccfd644cac: new RaftServerImpl for group-02EC13A97EB0:[afe8e0ac-3506-4965-b697-47ccfd644cac:192.168.30.7:32847, af7093ab-e47f-4085-b45e-c80cc6933f27:192.168.30.7:33578, 61feef45-068b-4276-880f-0be1024e3fc1:192.168.30.7:35945] with ContainerStateMachine:uninitialized
2019-10-03 19:50:51,798 [pool-77-thread-1] INFO  impl.RaftServerImpl (ServerState.java:<init>(103)) - 61feef45-068b-4276-880f-0be1024e3fc1@group-02EC13A97EB0: ConfigurationManager, init=-1: [afe8e0ac-3506-4965-b697-47ccfd644cac:192.168.30.7:32847, af7093ab-e47f-4085-b45e-c80cc6933f27:192.168.30.7:33578, 61feef45-068b-4276-880f-0be1024e3fc1:192.168.30.7:35945], old=null, confs=<EMPTY_MAP>
2019-10-03 19:50:51,798 [pool-27-thread-1] INFO  server.RaftServerConfigKeys (ConfUtils.java:logGet(43)) - raft.server.rpc.timeout.min = 5s (custom)
2019-10-03 19:50:51,799 [pool-27-thread-1] INFO  server.RaftServerConfigKeys (ConfUtils.java:logGet(43)) - raft.server.rpc.timeout.max = 5200ms (custom)
2019-10-03 19:50:51,799 [pool-77-thread-1] INFO  server.RaftServerConfigKeys (ConfUtils.java:logGet(43)) - raft.server.storage.dir = [/workdir/hadoop-ozone/integration-test/target/test-dir/MiniOzoneClusterImpl-e8360eeb-84e3-4554-85c7-51c2c812d0b8/datanode-5/data/ratis] (custom)
2019-10-03 19:50:51,799 [pool-27-thread-1] INFO  server.RaftServerConfigKeys (ConfUtils.java:logGet(43)) - raft.server.rpcslowness.timeout = 120s (custom)
2019-10-03 19:50:51,799 [pool-27-thread-1] INFO  server.RaftServerConfigKeys (ConfUtils.java:logGet(43)) - raft.server.sleep.deviation.threshold = 300 (default)
2019-10-03 19:50:51,799 [pool-27-thread-1] INFO  server.RaftServerConfigKeys (ConfUtils.java:logGet(43)) - raft.server.log.appender.install.snapshot.enabled = false (custom)
2019-10-03 19:50:51,799 [pool-77-thread-1] INFO  server.RaftServerConfigKeys (ConfUtils.java:logGet(43)) - raft.server.log.corruption.policy = EXCEPTION (default)
2019-10-03 19:50:51,799 [pool-27-thread-1] INFO  impl.RaftServerImpl (ServerState.java:<init>(103)) - afe8e0ac-3506-4965-b697-47ccfd644cac@group-02EC13A97EB0: ConfigurationManager, init=-1: [afe8e0ac-3506-4965-b697-47ccfd644cac:192.168.30.7:32847, af7093ab-e47f-4085-b45e-c80cc6933f27:192.168.30.7:33578, 61feef45-068b-4276-880f-0be1024e3fc1:192.168.30.7:35945], old=null, confs=<EMPTY_MAP>
2019-10-03 19:50:51,800 [pool-77-thread-1] INFO  storage.RaftStorageDirectory (RaftStorageDirectory.java:analyzeStorage(246)) - The storage directory /workdir/hadoop-ozone/integration-test/target/test-dir/MiniOzoneClusterImpl-e8360eeb-84e3-4554-85c7-51c2c812d0b8/datanode-5/data/ratis/e9691c65-dfdc-4474-9dfd-02ec13a97eb0 does not exist. Creating ...
2019-10-03 19:50:51,800 [pool-27-thread-1] INFO  server.RaftServerConfigKeys (ConfUtils.java:logGet(43)) - raft.server.storage.dir = [/workdir/hadoop-ozone/integration-test/target/test-dir/MiniOzoneClusterImpl-e8360eeb-84e3-4554-85c7-51c2c812d0b8/datanode-0/data/ratis] (custom)
2019-10-03 19:50:51,800 [pool-27-thread-1] INFO  server.RaftServerConfigKeys (ConfUtils.java:logGet(43)) - raft.server.log.corruption.policy = EXCEPTION (default)
2019-10-03 19:50:51,801 [pool-27-thread-1] INFO  storage.RaftStorageDirectory (RaftStorageDirectory.java:analyzeStorage(246)) - The storage directory /workdir/hadoop-ozone/integration-test/target/test-dir/MiniOzoneClusterImpl-e8360eeb-84e3-4554-85c7-51c2c812d0b8/datanode-0/data/ratis/e9691c65-dfdc-4474-9dfd-02ec13a97eb0 does not exist. Creating ...
2019-10-03 19:50:51,821 [pool-77-thread-1] INFO  storage.RaftStorageDirectory (RaftStorageDirectory.java:tryLock(328)) - Lock on /workdir/hadoop-ozone/integration-test/target/test-dir/MiniOzoneClusterImpl-e8360eeb-84e3-4554-85c7-51c2c812d0b8/datanode-5/data/ratis/e9691c65-dfdc-4474-9dfd-02ec13a97eb0/in_use.lock acquired by nodename 10374@pr-hdds-2230-vt4bl-2581040744
2019-10-03 19:50:51,821 [pool-87-thread-1] INFO  storage.RaftStorageDirectory (RaftStorageDirectory.java:tryLock(328)) - Lock on /workdir/hadoop-ozone/integration-test/target/test-dir/MiniOzoneClusterImpl-e8360eeb-84e3-4554-85c7-51c2c812d0b8/datanode-6/data/ratis/e9691c65-dfdc-4474-9dfd-02ec13a97eb0/in_use.lock acquired by nodename 10374@pr-hdds-2230-vt4bl-2581040744
2019-10-03 19:50:51,821 [pool-27-thread-1] INFO  storage.RaftStorageDirectory (RaftStorageDirectory.java:tryLock(328)) - Lock on /workdir/hadoop-ozone/integration-test/target/test-dir/MiniOzoneClusterImpl-e8360eeb-84e3-4554-85c7-51c2c812d0b8/datanode-0/data/ratis/e9691c65-dfdc-4474-9dfd-02ec13a97eb0/in_use.lock acquired by nodename 10374@pr-hdds-2230-vt4bl-2581040744
2019-10-03 19:50:51,847 [pool-77-thread-1] INFO  storage.RaftStorage (RaftStorage.java:format(84)) - Storage directory /workdir/hadoop-ozone/integration-test/target/test-dir/MiniOzoneClusterImpl-e8360eeb-84e3-4554-85c7-51c2c812d0b8/datanode-5/data/ratis/e9691c65-dfdc-4474-9dfd-02ec13a97eb0 has been successfully formatted.
2019-10-03 19:50:51,847 [pool-87-thread-1] INFO  storage.RaftStorage (RaftStorage.java:format(84)) - Storage directory /workdir/hadoop-ozone/integration-test/target/test-dir/MiniOzoneClusterImpl-e8360eeb-84e3-4554-85c7-51c2c812d0b8/datanode-6/data/ratis/e9691c65-dfdc-4474-9dfd-02ec13a97eb0 has been successfully formatted.
2019-10-03 19:50:51,847 [pool-27-thread-1] INFO  storage.RaftStorage (RaftStorage.java:format(84)) - Storage directory /workdir/hadoop-ozone/integration-test/target/test-dir/MiniOzoneClusterImpl-e8360eeb-84e3-4554-85c7-51c2c812d0b8/datanode-0/data/ratis/e9691c65-dfdc-4474-9dfd-02ec13a97eb0 has been successfully formatted.
2019-10-03 19:50:51,847 [pool-77-thread-1] INFO  ratis.ContainerStateMachine (ContainerStateMachine.java:loadSnapshot(230)) - group-02EC13A97EB0: The snapshot info is null. Setting the last applied indexto:(t:0, i:~)
2019-10-03 19:50:51,848 [pool-87-thread-1] INFO  ratis.ContainerStateMachine (ContainerStateMachine.java:loadSnapshot(230)) - group-02EC13A97EB0: The snapshot info is null. Setting the last applied indexto:(t:0, i:~)
2019-10-03 19:50:51,848 [pool-77-thread-1] INFO  server.RaftServerConfigKeys (ConfUtils.java:logGet(43)) - raft.server.notification.no-leader.timeout = 120s (custom)
2019-10-03 19:50:51,848 [pool-27-thread-1] INFO  ratis.ContainerStateMachine (ContainerStateMachine.java:loadSnapshot(230)) - group-02EC13A97EB0: The snapshot info is null. Setting the last applied indexto:(t:0, i:~)
2019-10-03 19:50:51,848 [pool-77-thread-1] INFO  server.RaftServerConfigKeys (ConfUtils.java:logGet(43)) - raft.server.log.use.memory = false (default)
2019-10-03 19:50:51,848 [pool-87-thread-1] INFO  server.RaftServerConfigKeys (ConfUtils.java:logGet(43)) - raft.server.notification.no-leader.timeout = 120s (custom)
2019-10-03 19:50:51,849 [pool-77-thread-1] INFO  server.RaftServerConfigKeys (ConfUtils.java:logGet(43)) - raft.server.log.purge.gap = 1000000 (custom)
2019-10-03 19:50:51,848 [pool-27-thread-1] INFO  server.RaftServerConfigKeys (ConfUtils.java:logGet(43)) - raft.server.notification.no-leader.timeout = 120s (custom)
2019-10-03 19:50:51,849 [pool-77-thread-1] INFO  server.RaftServerConfigKeys (ConfUtils.java:logGet(43)) - raft.server.log.appender.buffer.byte-limit = 33554432 (custom)
2019-10-03 19:50:51,849 [pool-87-thread-1] INFO  server.RaftServerConfigKeys (ConfUtils.java:logGet(43)) - raft.server.log.use.memory = false (default)
2019-10-03 19:50:51,849 [pool-77-thread-1] INFO  server.RaftServerConfigKeys (ConfUtils.java:logGet(43)) - raft.server.log.segment.size.max = 1048576 (custom)
2019-10-03 19:50:51,849 [pool-27-thread-1] INFO  server.RaftServerConfigKeys (ConfUtils.java:logGet(43)) - raft.server.log.use.memory = false (default)
2019-10-03 19:50:51,850 [pool-77-thread-1] INFO  server.RaftServerConfigKeys (ConfUtils.java:logGet(43)) - raft.server.log.segment.cache.num.max = 2 (custom)
2019-10-03 19:50:51,849 [pool-87-thread-1] INFO  server.RaftServerConfigKeys (ConfUtils.java:logGet(43)) - raft.server.log.purge.gap = 1000000 (custom)
2019-10-03 19:50:51,850 [pool-77-thread-1] INFO  segmented.SegmentedRaftLogWorker (SegmentedRaftLogWorker.java:<init>(173)) - new 61feef45-068b-4276-880f-0be1024e3fc1@group-02EC13A97EB0-SegmentedRaftLogWorker for RaftStorage:Storage Directory /workdir/hadoop-ozone/integration-test/target/test-dir/MiniOzoneClusterImpl-e8360eeb-84e3-4554-85c7-51c2c812d0b8/datanode-5/data/ratis/e9691c65-dfdc-4474-9dfd-02ec13a97eb0
2019-10-03 19:50:51,850 [pool-27-thread-1] INFO  server.RaftServerConfigKeys (ConfUtils.java:logGet(43)) - raft.server.log.purge.gap = 1000000 (custom)
2019-10-03 19:50:51,850 [pool-77-thread-1] INFO  server.RaftServerConfigKeys (ConfUtils.java:logGet(43)) - raft.server.log.queue.byte-limit = 2147483647 (custom)
2019-10-03 19:50:51,850 [pool-87-thread-1] INFO  server.RaftServerConfigKeys (ConfUtils.java:logGet(43)) - raft.server.log.appender.buffer.byte-limit = 33554432 (custom)
2019-10-03 19:50:51,851 [pool-77-thread-1] INFO  server.RaftServerConfigKeys (ConfUtils.java:logGet(43)) - raft.server.log.queue.element-limit = 1024 (custom)
2019-10-03 19:50:51,850 [pool-27-thread-1] INFO  server.RaftServerConfigKeys (ConfUtils.java:logGet(43)) - raft.server.log.appender.buffer.byte-limit = 33554432 (custom)
2019-10-03 19:50:51,851 [pool-77-thread-1] INFO  server.RaftServerConfigKeys (ConfUtils.java:logGet(43)) - raft.server.log.segment.size.max = 1048576 (custom)
2019-10-03 19:50:51,851 [pool-87-thread-1] INFO  server.RaftServerConfigKeys (ConfUtils.java:logGet(43)) - raft.server.log.segment.size.max = 1048576 (custom)
2019-10-03 19:50:51,851 [pool-77-thread-1] INFO  server.RaftServerConfigKeys (ConfUtils.java:logGet(43)) - raft.server.log.preallocated.size = 16384 (custom)
2019-10-03 19:50:51,851 [pool-27-thread-1] INFO  server.RaftServerConfigKeys (ConfUtils.java:logGet(43)) - raft.server.log.segment.size.max = 1048576 (custom)
2019-10-03 19:50:51,852 [pool-77-thread-1] INFO  server.RaftServerConfigKeys (ConfUtils.java:logGet(43)) - raft.server.log.write.buffer.size = 33554432 (custom)
2019-10-03 19:50:51,852 [pool-87-thread-1] INFO  server.RaftServerConfigKeys (ConfUtils.java:logGet(43)) - raft.server.log.segment.cache.num.max = 2 (custom)
2019-10-03 19:50:51,852 [pool-77-thread-1] INFO  server.RaftServerConfigKeys (ConfUtils.java:logGet(43)) - raft.server.log.force.sync.num = 128 (default)
2019-10-03 19:50:51,852 [pool-27-thread-1] INFO  server.RaftServerConfigKeys (ConfUtils.java:logGet(43)) - raft.server.log.segment.cache.num.max = 2 (custom)
2019-10-03 19:50:51,852 [pool-77-thread-1] INFO  server.RaftServerConfigKeys (ConfUtils.java:logGet(43)) - raft.server.log.statemachine.data.sync = true (default)
2019-10-03 19:50:51,852 [pool-87-thread-1] INFO  segmented.SegmentedRaftLogWorker (SegmentedRaftLogWorker.java:<init>(173)) - new af7093ab-e47f-4085-b45e-c80cc6933f27@group-02EC13A97EB0-SegmentedRaftLogWorker for RaftStorage:Storage Directory /workdir/hadoop-ozone/integration-test/target/test-dir/MiniOzoneClusterImpl-e8360eeb-84e3-4554-85c7-51c2c812d0b8/datanode-6/data/ratis/e9691c65-dfdc-4474-9dfd-02ec13a97eb0
2019-10-03 19:50:51,853 [pool-77-thread-1] INFO  server.RaftServerConfigKeys (ConfUtils.java:logGet(43)) - raft.server.log.statemachine.data.sync.timeout = 10s (default)
2019-10-03 19:50:51,853 [pool-27-thread-1] INFO  segmented.SegmentedRaftLogWorker (SegmentedRaftLogWorker.java:<init>(173)) - new afe8e0ac-3506-4965-b697-47ccfd644cac@group-02EC13A97EB0-SegmentedRaftLogWorker for RaftStorage:Storage Directory /workdir/hadoop-ozone/integration-test/target/test-dir/MiniOzoneClusterImpl-e8360eeb-84e3-4554-85c7-51c2c812d0b8/datanode-0/data/ratis/e9691c65-dfdc-4474-9dfd-02ec13a97eb0
2019-10-03 19:50:51,853 [pool-77-thread-1] INFO  server.RaftServerConfigKeys (ConfUtils.java:logGet(43)) - raft.server.log.statemachine.data.sync.timeout.retry = -1 (default)
2019-10-03 19:50:51,853 [pool-87-thread-1] INFO  server.RaftServerConfigKeys (ConfUtils.java:logGet(43)) - raft.server.log.queue.byte-limit = 2147483647 (custom)
2019-10-03 19:50:51,853 [pool-27-thread-1] INFO  server.RaftServerConfigKeys (ConfUtils.java:logGet(43)) - raft.server.log.queue.byte-limit = 2147483647 (custom)
2019-10-03 19:50:51,854 [pool-87-thread-1] INFO  server.RaftServerConfigKeys (ConfUtils.java:logGet(43)) - raft.server.log.queue.element-limit = 1024 (custom)
2019-10-03 19:50:51,854 [pool-77-thread-1] INFO  server.RaftServerConfigKeys (ConfUtils.java:logGet(43)) - raft.server.log.statemachine.data.caching.enabled = true (custom)
2019-10-03 19:50:51,854 [pool-87-thread-1] INFO  server.RaftServerConfigKeys (ConfUtils.java:logGet(43)) - raft.server.log.segment.size.max = 1048576 (custom)
2019-10-03 19:50:51,854 [pool-27-thread-1] INFO  server.RaftServerConfigKeys (ConfUtils.java:logGet(43)) - raft.server.log.queue.element-limit = 1024 (custom)
2019-10-03 19:50:51,854 [pool-77-thread-1] INFO  segmented.SegmentedRaftLogWorker (SegmentedRaftLogWorker.java:lambda$new$0(128)) - 61feef45-068b-4276-880f-0be1024e3fc1@group-02EC13A97EB0-SegmentedRaftLogWorker: flushIndex: setUnconditionally 0 -> -1
2019-10-03 19:50:51,854 [pool-87-thread-1] INFO  server.RaftServerConfigKeys (ConfUtils.java:logGet(43)) - raft.server.log.preallocated.size = 16384 (custom)
2019-10-03 19:50:51,855 [pool-27-thread-1] INFO  server.RaftServerConfigKeys (ConfUtils.java:logGet(43)) - raft.server.log.segment.size.max = 1048576 (custom)
2019-10-03 19:50:51,855 [pool-87-thread-1] INFO  server.RaftServerConfigKeys (ConfUtils.java:logGet(43)) - raft.server.log.write.buffer.size = 33554432 (custom)
2019-10-03 19:50:51,855 [pool-77-thread-1] INFO  server.RaftServerConfigKeys (ConfUtils.java:logGet(43)) - raft.server.snapshot.auto.trigger.enabled = true (custom)
2019-10-03 19:50:51,855 [pool-87-thread-1] INFO  server.RaftServerConfigKeys (ConfUtils.java:logGet(43)) - raft.server.log.force.sync.num = 128 (default)
2019-10-03 19:50:51,855 [pool-27-thread-1] INFO  server.RaftServerConfigKeys (ConfUtils.java:logGet(43)) - raft.server.log.preallocated.size = 16384 (custom)
2019-10-03 19:50:51,856 [pool-87-thread-1] INFO  server.RaftServerConfigKeys (ConfUtils.java:logGet(43)) - raft.server.log.statemachine.data.sync = true (default)
2019-10-03 19:50:51,856 [pool-77-thread-1] INFO  server.RaftServerConfigKeys (ConfUtils.java:logGet(43)) - raft.server.snapshot.auto.trigger.threshold = 10000 (custom)
2019-10-03 19:50:51,856 [pool-87-thread-1] INFO  server.RaftServerConfigKeys (ConfUtils.java:logGet(43)) - raft.server.log.statemachine.data.sync.timeout = 10s (default)
2019-10-03 19:50:51,856 [pool-27-thread-1] INFO  server.RaftServerConfigKeys (ConfUtils.java:logGet(43)) - raft.server.log.write.buffer.size = 33554432 (custom)
2019-10-03 19:50:51,856 [pool-87-thread-1] INFO  server.RaftServerConfigKeys (ConfUtils.java:logGet(43)) - raft.server.log.statemachine.data.sync.timeout.retry = -1 (default)
2019-10-03 19:50:51,856 [pool-77-thread-1] INFO  server.RaftServerConfigKeys (ConfUtils.java:logGet(43)) - raft.server.snapshot.retention.file.num = 5 (custom)
2019-10-03 19:50:51,857 [pool-87-thread-1] INFO  server.RaftServerConfigKeys (ConfUtils.java:logGet(43)) - raft.server.log.statemachine.data.caching.enabled = true (custom)
2019-10-03 19:50:51,857 [pool-27-thread-1] INFO  server.RaftServerConfigKeys (ConfUtils.java:logGet(43)) - raft.server.log.force.sync.num = 128 (default)
2019-10-03 19:50:51,857 [pool-77-thread-1] INFO  server.RaftServerConfigKeys (ConfUtils.java:logGet(43)) - raft.server.retrycache.expirytime = 600000ms (custom)
2019-10-03 19:50:51,857 [pool-27-thread-1] INFO  server.RaftServerConfigKeys (ConfUtils.java:logGet(43)) - raft.server.log.statemachine.data.sync = true (default)
2019-10-03 19:50:51,857 [pool-87-thread-1] INFO  segmented.SegmentedRaftLogWorker (SegmentedRaftLogWorker.java:lambda$new$0(128)) - af7093ab-e47f-4085-b45e-c80cc6933f27@group-02EC13A97EB0-SegmentedRaftLogWorker: flushIndex: setUnconditionally 0 -> -1
2019-10-03 19:50:51,858 [pool-27-thread-1] INFO  server.RaftServerConfigKeys (ConfUtils.java:logGet(43)) - raft.server.log.statemachine.data.sync.timeout = 10s (default)
2019-10-03 19:50:51,858 [pool-27-thread-1] INFO  server.RaftServerConfigKeys (ConfUtils.java:logGet(43)) - raft.server.log.statemachine.data.sync.timeout.retry = -1 (default)
2019-10-03 19:50:51,858 [pool-87-thread-1] INFO  server.RaftServerConfigKeys (ConfUtils.java:logGet(43)) - raft.server.snapshot.auto.trigger.enabled = true (custom)
2019-10-03 19:50:51,858 [pool-27-thread-1] INFO  server.RaftServerConfigKeys (ConfUtils.java:logGet(43)) - raft.server.log.statemachine.data.caching.enabled = true (custom)
2019-10-03 19:50:51,858 [pool-87-thread-1] INFO  server.RaftServerConfigKeys (ConfUtils.java:logGet(43)) - raft.server.snapshot.auto.trigger.threshold = 10000 (custom)
2019-10-03 19:50:51,859 [pool-87-thread-1] INFO  server.RaftServerConfigKeys (ConfUtils.java:logGet(43)) - raft.server.snapshot.retention.file.num = 5 (custom)
2019-10-03 19:50:51,859 [pool-27-thread-1] INFO  segmented.SegmentedRaftLogWorker (SegmentedRaftLogWorker.java:lambda$new$0(128)) - afe8e0ac-3506-4965-b697-47ccfd644cac@group-02EC13A97EB0-SegmentedRaftLogWorker: flushIndex: setUnconditionally 0 -> -1
2019-10-03 19:50:51,859 [pool-87-thread-1] INFO  server.RaftServerConfigKeys (ConfUtils.java:logGet(43)) - raft.server.retrycache.expirytime = 600000ms (custom)
2019-10-03 19:50:51,859 [pool-27-thread-1] INFO  server.RaftServerConfigKeys (ConfUtils.java:logGet(43)) - raft.server.snapshot.auto.trigger.enabled = true (custom)
2019-10-03 19:50:51,859 [pool-27-thread-1] INFO  server.RaftServerConfigKeys (ConfUtils.java:logGet(43)) - raft.server.snapshot.auto.trigger.threshold = 10000 (custom)
2019-10-03 19:50:51,860 [pool-27-thread-1] INFO  server.RaftServerConfigKeys (ConfUtils.java:logGet(43)) - raft.server.snapshot.retention.file.num = 5 (custom)
2019-10-03 19:50:51,860 [pool-27-thread-1] INFO  server.RaftServerConfigKeys (ConfUtils.java:logGet(43)) - raft.server.retrycache.expirytime = 600000ms (custom)
2019-10-03 19:50:51,861 [pool-77-thread-1] INFO  impl.RaftServerImpl (RaftServerImpl.java:start(181)) - 61feef45-068b-4276-880f-0be1024e3fc1@group-02EC13A97EB0: start as a follower, conf=-1: [afe8e0ac-3506-4965-b697-47ccfd644cac:192.168.30.7:32847, af7093ab-e47f-4085-b45e-c80cc6933f27:192.168.30.7:33578, 61feef45-068b-4276-880f-0be1024e3fc1:192.168.30.7:35945], old=null
2019-10-03 19:50:51,862 [pool-77-thread-1] INFO  impl.RaftServerImpl (RaftServerImpl.java:setRole(170)) - 61feef45-068b-4276-880f-0be1024e3fc1@group-02EC13A97EB0: changes role from      null to FOLLOWER at term 0 for startAsFollower
2019-10-03 19:50:51,862 [pool-77-thread-1] INFO  impl.RoleInfo (RoleInfo.java:updateAndGet(143)) - 61feef45-068b-4276-880f-0be1024e3fc1: start FollowerState
2019-10-03 19:50:51,862 [pool-77-thread-1] INFO  util.JmxRegister (JmxRegister.java:tryRegister(44)) - Successfully registered JMX Bean with object name Ratis:service=RaftServer,group=group-02EC13A97EB0,id=61feef45-068b-4276-880f-0be1024e3fc1
2019-10-03 19:50:51,863 [pool-87-thread-1] INFO  impl.RaftServerImpl (RaftServerImpl.java:start(181)) - af7093ab-e47f-4085-b45e-c80cc6933f27@group-02EC13A97EB0: start as a follower, conf=-1: [afe8e0ac-3506-4965-b697-47ccfd644cac:192.168.30.7:32847, af7093ab-e47f-4085-b45e-c80cc6933f27:192.168.30.7:33578, 61feef45-068b-4276-880f-0be1024e3fc1:192.168.30.7:35945], old=null
2019-10-03 19:50:51,863 [pool-87-thread-1] INFO  impl.RaftServerImpl (RaftServerImpl.java:setRole(170)) - af7093ab-e47f-4085-b45e-c80cc6933f27@group-02EC13A97EB0: changes role from      null to FOLLOWER at term 0 for startAsFollower
2019-10-03 19:50:51,866 [pool-87-thread-1] INFO  impl.RoleInfo (RoleInfo.java:updateAndGet(143)) - af7093ab-e47f-4085-b45e-c80cc6933f27: start FollowerState
2019-10-03 19:50:51,867 [pool-27-thread-1] INFO  impl.RaftServerImpl (RaftServerImpl.java:start(181)) - afe8e0ac-3506-4965-b697-47ccfd644cac@group-02EC13A97EB0: start as a follower, conf=-1: [afe8e0ac-3506-4965-b697-47ccfd644cac:192.168.30.7:32847, af7093ab-e47f-4085-b45e-c80cc6933f27:192.168.30.7:33578, 61feef45-068b-4276-880f-0be1024e3fc1:192.168.30.7:35945], old=null
2019-10-03 19:50:51,867 [pool-87-thread-1] INFO  util.JmxRegister (JmxRegister.java:tryRegister(44)) - Successfully registered JMX Bean with object name Ratis:service=RaftServer,group=group-02EC13A97EB0,id=af7093ab-e47f-4085-b45e-c80cc6933f27
2019-10-03 19:50:51,867 [pool-27-thread-1] INFO  impl.RaftServerImpl (RaftServerImpl.java:setRole(170)) - afe8e0ac-3506-4965-b697-47ccfd644cac@group-02EC13A97EB0: changes role from      null to FOLLOWER at term 0 for startAsFollower
2019-10-03 19:50:51,867 [pool-27-thread-1] INFO  impl.RoleInfo (RoleInfo.java:updateAndGet(143)) - afe8e0ac-3506-4965-b697-47ccfd644cac: start FollowerState
2019-10-03 19:50:51,868 [pool-27-thread-1] INFO  util.JmxRegister (JmxRegister.java:tryRegister(44)) - Successfully registered JMX Bean with object name Ratis:service=RaftServer,group=group-02EC13A97EB0,id=afe8e0ac-3506-4965-b697-47ccfd644cac
2019-10-03 19:50:51,895 [RatisPipelineUtilsThread] INFO  pipeline.PipelineStateManager (PipelineStateManager.java:addPipeline(56)) - Created pipeline Pipeline[ Id: e9691c65-dfdc-4474-9dfd-02ec13a97eb0, Nodes: afe8e0ac-3506-4965-b697-47ccfd644cac{ip: 192.168.30.7, host: pr-hdds-2230-vt4bl-2581040744, networkLocation: /default-rack, certSerialId: null}61feef45-068b-4276-880f-0be1024e3fc1{ip: 192.168.30.7, host: pr-hdds-2230-vt4bl-2581040744, networkLocation: /default-rack, certSerialId: null}af7093ab-e47f-4085-b45e-c80cc6933f27{ip: 192.168.30.7, host: pr-hdds-2230-vt4bl-2581040744, networkLocation: /default-rack, certSerialId: null}, Type:RATIS, Factor:THREE, State:OPEN]
2019-10-03 19:50:51,930 [grpc-default-executor-1] INFO  impl.RaftServerProxy (RaftServerProxy.java:addNew(89)) - 7424ec9f-bd1c-4bb5-bfbf-0d620c5e1719: addNew group-5688AC1E1CAC:[26498bb5-537b-43ac-a036-2a46a4ce2e0c:192.168.30.7:41970, 67364250-31f9-46a2-8464-4e94057f1238:192.168.30.7:37800, 7424ec9f-bd1c-4bb5-bfbf-0d620c5e1719:192.168.30.7:37109] returns group-5688AC1E1CAC:java.util.concurrent.CompletableFuture@e3eace[Not completed]
2019-10-03 19:50:51,930 [grpc-default-executor-0] INFO  impl.RaftServerProxy (RaftServerProxy.java:addNew(89)) - 67364250-31f9-46a2-8464-4e94057f1238: addNew group-5688AC1E1CAC:[26498bb5-537b-43ac-a036-2a46a4ce2e0c:192.168.30.7:41970, 67364250-31f9-46a2-8464-4e94057f1238:192.168.30.7:37800, 7424ec9f-bd1c-4bb5-bfbf-0d620c5e1719:192.168.30.7:37109] returns group-5688AC1E1CAC:java.util.concurrent.CompletableFuture@6ba4455e[Not completed]
2019-10-03 19:50:51,931 [grpc-default-executor-2] INFO  impl.RaftServerProxy (RaftServerProxy.java:addNew(89)) - 26498bb5-537b-43ac-a036-2a46a4ce2e0c: addNew group-5688AC1E1CAC:[26498bb5-537b-43ac-a036-2a46a4ce2e0c:192.168.30.7:41970, 67364250-31f9-46a2-8464-4e94057f1238:192.168.30.7:37800, 7424ec9f-bd1c-4bb5-bfbf-0d620c5e1719:192.168.30.7:37109] returns group-5688AC1E1CAC:java.util.concurrent.CompletableFuture@244041c2[Not completed]
2019-10-03 19:50:51,934 [pool-57-thread-1] INFO  impl.RaftServerImpl (RaftServerImpl.java:<init>(95)) - 7424ec9f-bd1c-4bb5-bfbf-0d620c5e1719: new RaftServerImpl for group-5688AC1E1CAC:[26498bb5-537b-43ac-a036-2a46a4ce2e0c:192.168.30.7:41970, 67364250-31f9-46a2-8464-4e94057f1238:192.168.30.7:37800, 7424ec9f-bd1c-4bb5-bfbf-0d620c5e1719:192.168.30.7:37109] with ContainerStateMachine:uninitialized
2019-10-03 19:50:51,934 [pool-57-thread-1] INFO  server.RaftServerConfigKeys (ConfUtils.java:logGet(43)) - raft.server.rpc.timeout.min = 5s (custom)
2019-10-03 19:50:51,934 [pool-57-thread-1] INFO  server.RaftServerConfigKeys (ConfUtils.java:logGet(43)) - raft.server.rpc.timeout.max = 5200ms (custom)
2019-10-03 19:50:51,934 [pool-57-thread-1] INFO  server.RaftServerConfigKeys (ConfUtils.java:logGet(43)) - raft.server.rpcslowness.timeout = 120s (custom)
2019-10-03 19:50:51,935 [pool-57-thread-1] INFO  server.RaftServerConfigKeys (ConfUtils.java:logGet(43)) - raft.server.sleep.deviation.threshold = 300 (default)
2019-10-03 19:50:51,935 [pool-57-thread-1] INFO  server.RaftServerConfigKeys (ConfUtils.java:logGet(43)) - raft.server.log.appender.install.snapshot.enabled = false (custom)
2019-10-03 19:50:51,935 [pool-57-thread-1] INFO  impl.RaftServerImpl (ServerState.java:<init>(103)) - 7424ec9f-bd1c-4bb5-bfbf-0d620c5e1719@group-5688AC1E1CAC: ConfigurationManager, init=-1: [26498bb5-537b-43ac-a036-2a46a4ce2e0c:192.168.30.7:41970, 67364250-31f9-46a2-8464-4e94057f1238:192.168.30.7:37800, 7424ec9f-bd1c-4bb5-bfbf-0d620c5e1719:192.168.30.7:37109], old=null, confs=<EMPTY_MAP>
2019-10-03 19:50:51,935 [pool-57-thread-1] INFO  server.RaftServerConfigKeys (ConfUtils.java:logGet(43)) - raft.server.storage.dir = [/workdir/hadoop-ozone/integration-test/target/test-dir/MiniOzoneClusterImpl-e8360eeb-84e3-4554-85c7-51c2c812d0b8/datanode-3/data/ratis] (custom)
2019-10-03 19:50:51,936 [pool-47-thread-1] INFO  impl.RaftServerImpl (RaftServerImpl.java:<init>(95)) - 26498bb5-537b-43ac-a036-2a46a4ce2e0c: new RaftServerImpl for group-5688AC1E1CAC:[26498bb5-537b-43ac-a036-2a46a4ce2e0c:192.168.30.7:41970, 67364250-31f9-46a2-8464-4e94057f1238:192.168.30.7:37800, 7424ec9f-bd1c-4bb5-bfbf-0d620c5e1719:192.168.30.7:37109] with ContainerStateMachine:uninitialized
2019-10-03 19:50:51,936 [pool-57-thread-1] INFO  server.RaftServerConfigKeys (ConfUtils.java:logGet(43)) - raft.server.log.corruption.policy = EXCEPTION (default)
2019-10-03 19:50:51,936 [pool-47-thread-1] INFO  server.RaftServerConfigKeys (ConfUtils.java:logGet(43)) - raft.server.rpc.timeout.min = 5s (custom)
2019-10-03 19:50:51,936 [pool-57-thread-1] INFO  storage.RaftStorageDirectory (RaftStorageDirectory.java:analyzeStorage(246)) - The storage directory /workdir/hadoop-ozone/integration-test/target/test-dir/MiniOzoneClusterImpl-e8360eeb-84e3-4554-85c7-51c2c812d0b8/datanode-3/data/ratis/2e12f07c-f60e-4195-ad21-5688ac1e1cac does not exist. Creating ...
2019-10-03 19:50:51,936 [pool-47-thread-1] INFO  server.RaftServerConfigKeys (ConfUtils.java:logGet(43)) - raft.server.rpc.timeout.max = 5200ms (custom)
2019-10-03 19:50:51,936 [pool-37-thread-1] INFO  impl.RaftServerImpl (RaftServerImpl.java:<init>(95)) - 67364250-31f9-46a2-8464-4e94057f1238: new RaftServerImpl for group-5688AC1E1CAC:[26498bb5-537b-43ac-a036-2a46a4ce2e0c:192.168.30.7:41970, 67364250-31f9-46a2-8464-4e94057f1238:192.168.30.7:37800, 7424ec9f-bd1c-4bb5-bfbf-0d620c5e1719:192.168.30.7:37109] with ContainerStateMachine:uninitialized
2019-10-03 19:50:51,937 [pool-47-thread-1] INFO  server.RaftServerConfigKeys (ConfUtils.java:logGet(43)) - raft.server.rpcslowness.timeout = 120s (custom)
2019-10-03 19:50:51,937 [pool-37-thread-1] INFO  server.RaftServerConfigKeys (ConfUtils.java:logGet(43)) - raft.server.rpc.timeout.min = 5s (custom)
2019-10-03 19:50:51,937 [pool-47-thread-1] INFO  server.RaftServerConfigKeys (ConfUtils.java:logGet(43)) - raft.server.sleep.deviation.threshold = 300 (default)
2019-10-03 19:50:51,937 [pool-37-thread-1] INFO  server.RaftServerConfigKeys (ConfUtils.java:logGet(43)) - raft.server.rpc.timeout.max = 5200ms (custom)
2019-10-03 19:50:51,937 [pool-47-thread-1] INFO  server.RaftServerConfigKeys (ConfUtils.java:logGet(43)) - raft.server.log.appender.install.snapshot.enabled = false (custom)
2019-10-03 19:50:51,937 [pool-37-thread-1] INFO  server.RaftServerConfigKeys (ConfUtils.java:logGet(43)) - raft.server.rpcslowness.timeout = 120s (custom)
2019-10-03 19:50:51,937 [pool-47-thread-1] INFO  impl.RaftServerImpl (ServerState.java:<init>(103)) - 26498bb5-537b-43ac-a036-2a46a4ce2e0c@group-5688AC1E1CAC: ConfigurationManager, init=-1: [26498bb5-537b-43ac-a036-2a46a4ce2e0c:192.168.30.7:41970, 67364250-31f9-46a2-8464-4e94057f1238:192.168.30.7:37800, 7424ec9f-bd1c-4bb5-bfbf-0d620c5e1719:192.168.30.7:37109], old=null, confs=<EMPTY_MAP>
2019-10-03 19:50:51,937 [pool-37-thread-1] INFO  server.RaftServerConfigKeys (ConfUtils.java:logGet(43)) - raft.server.sleep.deviation.threshold = 300 (default)
2019-10-03 19:50:51,938 [pool-37-thread-1] INFO  server.RaftServerConfigKeys (ConfUtils.java:logGet(43)) - raft.server.log.appender.install.snapshot.enabled = false (custom)
2019-10-03 19:50:51,938 [pool-47-thread-1] INFO  server.RaftServerConfigKeys (ConfUtils.java:logGet(43)) - raft.server.storage.dir = [/workdir/hadoop-ozone/integration-test/target/test-dir/MiniOzoneClusterImpl-e8360eeb-84e3-4554-85c7-51c2c812d0b8/datanode-2/data/ratis] (custom)
2019-10-03 19:50:51,938 [pool-37-thread-1] INFO  impl.RaftServerImpl (ServerState.java:<init>(103)) - 67364250-31f9-46a2-8464-4e94057f1238@group-5688AC1E1CAC: ConfigurationManager, init=-1: [26498bb5-537b-43ac-a036-2a46a4ce2e0c:192.168.30.7:41970, 67364250-31f9-46a2-8464-4e94057f1238:192.168.30.7:37800, 7424ec9f-bd1c-4bb5-bfbf-0d620c5e1719:192.168.30.7:37109], old=null, confs=<EMPTY_MAP>
2019-10-03 19:50:51,938 [pool-37-thread-1] INFO  server.RaftServerConfigKeys (ConfUtils.java:logGet(43)) - raft.server.storage.dir = [/workdir/hadoop-ozone/integration-test/target/test-dir/MiniOzoneClusterImpl-e8360eeb-84e3-4554-85c7-51c2c812d0b8/datanode-1/data/ratis] (custom)
2019-10-03 19:50:51,938 [pool-47-thread-1] INFO  server.RaftServerConfigKeys (ConfUtils.java:logGet(43)) - raft.server.log.corruption.policy = EXCEPTION (default)
2019-10-03 19:50:51,938 [pool-37-thread-1] INFO  server.RaftServerConfigKeys (ConfUtils.java:logGet(43)) - raft.server.log.corruption.policy = EXCEPTION (default)
2019-10-03 19:50:51,938 [pool-47-thread-1] INFO  storage.RaftStorageDirectory (RaftStorageDirectory.java:analyzeStorage(246)) - The storage directory /workdir/hadoop-ozone/integration-test/target/test-dir/MiniOzoneClusterImpl-e8360eeb-84e3-4554-85c7-51c2c812d0b8/datanode-2/data/ratis/2e12f07c-f60e-4195-ad21-5688ac1e1cac does not exist. Creating ...
2019-10-03 19:50:51,938 [pool-37-thread-1] INFO  storage.RaftStorageDirectory (RaftStorageDirectory.java:analyzeStorage(246)) - The storage directory /workdir/hadoop-ozone/integration-test/target/test-dir/MiniOzoneClusterImpl-e8360eeb-84e3-4554-85c7-51c2c812d0b8/datanode-1/data/ratis/2e12f07c-f60e-4195-ad21-5688ac1e1cac does not exist. Creating ...
2019-10-03 19:50:51,964 [pool-57-thread-1] INFO  storage.RaftStorageDirectory (RaftStorageDirectory.java:tryLock(328)) - Lock on /workdir/hadoop-ozone/integration-test/target/test-dir/MiniOzoneClusterImpl-e8360eeb-84e3-4554-85c7-51c2c812d0b8/datanode-3/data/ratis/2e12f07c-f60e-4195-ad21-5688ac1e1cac/in_use.lock acquired by nodename 10374@pr-hdds-2230-vt4bl-2581040744
2019-10-03 19:50:51,964 [pool-47-thread-1] INFO  storage.RaftStorageDirectory (RaftStorageDirectory.java:tryLock(328)) - Lock on /workdir/hadoop-ozone/integration-test/target/test-dir/MiniOzoneClusterImpl-e8360eeb-84e3-4554-85c7-51c2c812d0b8/datanode-2/data/ratis/2e12f07c-f60e-4195-ad21-5688ac1e1cac/in_use.lock acquired by nodename 10374@pr-hdds-2230-vt4bl-2581040744
2019-10-03 19:50:51,964 [pool-37-thread-1] INFO  storage.RaftStorageDirectory (RaftStorageDirectory.java:tryLock(328)) - Lock on /workdir/hadoop-ozone/integration-test/target/test-dir/MiniOzoneClusterImpl-e8360eeb-84e3-4554-85c7-51c2c812d0b8/datanode-1/data/ratis/2e12f07c-f60e-4195-ad21-5688ac1e1cac/in_use.lock acquired by nodename 10374@pr-hdds-2230-vt4bl-2581040744
2019-10-03 19:50:51,990 [pool-37-thread-1] INFO  storage.RaftStorage (RaftStorage.java:format(84)) - Storage directory /workdir/hadoop-ozone/integration-test/target/test-dir/MiniOzoneClusterImpl-e8360eeb-84e3-4554-85c7-51c2c812d0b8/datanode-1/data/ratis/2e12f07c-f60e-4195-ad21-5688ac1e1cac has been successfully formatted.
2019-10-03 19:50:51,990 [pool-47-thread-1] INFO  storage.RaftStorage (RaftStorage.java:format(84)) - Storage directory /workdir/hadoop-ozone/integration-test/target/test-dir/MiniOzoneClusterImpl-e8360eeb-84e3-4554-85c7-51c2c812d0b8/datanode-2/data/ratis/2e12f07c-f60e-4195-ad21-5688ac1e1cac has been successfully formatted.
2019-10-03 19:50:51,990 [pool-37-thread-1] INFO  ratis.ContainerStateMachine (ContainerStateMachine.java:loadSnapshot(230)) - group-5688AC1E1CAC: The snapshot info is null. Setting the last applied indexto:(t:0, i:~)
2019-10-03 19:50:51,990 [pool-57-thread-1] INFO  storage.RaftStorage (RaftStorage.java:format(84)) - Storage directory /workdir/hadoop-ozone/integration-test/target/test-dir/MiniOzoneClusterImpl-e8360eeb-84e3-4554-85c7-51c2c812d0b8/datanode-3/data/ratis/2e12f07c-f60e-4195-ad21-5688ac1e1cac has been successfully formatted.
2019-10-03 19:50:51,990 [pool-47-thread-1] INFO  ratis.ContainerStateMachine (ContainerStateMachine.java:loadSnapshot(230)) - group-5688AC1E1CAC: The snapshot info is null. Setting the last applied indexto:(t:0, i:~)
2019-10-03 19:50:51,990 [pool-37-thread-1] INFO  server.RaftServerConfigKeys (ConfUtils.java:logGet(43)) - raft.server.notification.no-leader.timeout = 120s (custom)
2019-10-03 19:50:51,991 [pool-47-thread-1] INFO  server.RaftServerConfigKeys (ConfUtils.java:logGet(43)) - raft.server.notification.no-leader.timeout = 120s (custom)
2019-10-03 19:50:51,991 [pool-57-thread-1] INFO  ratis.ContainerStateMachine (ContainerStateMachine.java:loadSnapshot(230)) - group-5688AC1E1CAC: The snapshot info is null. Setting the last applied indexto:(t:0, i:~)
2019-10-03 19:50:51,991 [pool-47-thread-1] INFO  server.RaftServerConfigKeys (ConfUtils.java:logGet(43)) - raft.server.log.use.memory = false (default)
2019-10-03 19:50:51,991 [pool-37-thread-1] INFO  server.RaftServerConfigKeys (ConfUtils.java:logGet(43)) - raft.server.log.use.memory = false (default)
2019-10-03 19:50:51,991 [pool-47-thread-1] INFO  server.RaftServerConfigKeys (ConfUtils.java:logGet(43)) - raft.server.log.purge.gap = 1000000 (custom)
2019-10-03 19:50:51,991 [pool-57-thread-1] INFO  server.RaftServerConfigKeys (ConfUtils.java:logGet(43)) - raft.server.notification.no-leader.timeout = 120s (custom)
2019-10-03 19:50:51,992 [pool-47-thread-1] INFO  server.RaftServerConfigKeys (ConfUtils.java:logGet(43)) - raft.server.log.appender.buffer.byte-limit = 33554432 (custom)
2019-10-03 19:50:51,991 [pool-37-thread-1] INFO  server.RaftServerConfigKeys (ConfUtils.java:logGet(43)) - raft.server.log.purge.gap = 1000000 (custom)
2019-10-03 19:50:51,992 [pool-47-thread-1] INFO  server.RaftServerConfigKeys (ConfUtils.java:logGet(43)) - raft.server.log.segment.size.max = 1048576 (custom)
2019-10-03 19:50:51,992 [pool-57-thread-1] INFO  server.RaftServerConfigKeys (ConfUtils.java:logGet(43)) - raft.server.log.use.memory = false (default)
2019-10-03 19:50:51,992 [pool-47-thread-1] INFO  server.RaftServerConfigKeys (ConfUtils.java:logGet(43)) - raft.server.log.segment.cache.num.max = 2 (custom)
2019-10-03 19:50:51,992 [pool-37-thread-1] INFO  server.RaftServerConfigKeys (ConfUtils.java:logGet(43)) - raft.server.log.appender.buffer.byte-limit = 33554432 (custom)
2019-10-03 19:50:51,993 [pool-47-thread-1] INFO  segmented.SegmentedRaftLogWorker (SegmentedRaftLogWorker.java:<init>(173)) - new 26498bb5-537b-43ac-a036-2a46a4ce2e0c@group-5688AC1E1CAC-SegmentedRaftLogWorker for RaftStorage:Storage Directory /workdir/hadoop-ozone/integration-test/target/test-dir/MiniOzoneClusterImpl-e8360eeb-84e3-4554-85c7-51c2c812d0b8/datanode-2/data/ratis/2e12f07c-f60e-4195-ad21-5688ac1e1cac
2019-10-03 19:50:51,993 [pool-57-thread-1] INFO  server.RaftServerConfigKeys (ConfUtils.java:logGet(43)) - raft.server.log.purge.gap = 1000000 (custom)
2019-10-03 19:50:51,993 [pool-47-thread-1] INFO  server.RaftServerConfigKeys (ConfUtils.java:logGet(43)) - raft.server.log.queue.byte-limit = 2147483647 (custom)
2019-10-03 19:50:51,993 [pool-37-thread-1] INFO  server.RaftServerConfigKeys (ConfUtils.java:logGet(43)) - raft.server.log.segment.size.max = 1048576 (custom)
2019-10-03 19:50:51,993 [pool-47-thread-1] INFO  server.RaftServerConfigKeys (ConfUtils.java:logGet(43)) - raft.server.log.queue.element-limit = 1024 (custom)
2019-10-03 19:50:51,993 [pool-57-thread-1] INFO  server.RaftServerConfigKeys (ConfUtils.java:logGet(43)) - raft.server.log.appender.buffer.byte-limit = 33554432 (custom)
2019-10-03 19:50:51,994 [pool-47-thread-1] INFO  server.RaftServerConfigKeys (ConfUtils.java:logGet(43)) - raft.server.log.segment.size.max = 1048576 (custom)
2019-10-03 19:50:51,994 [pool-37-thread-1] INFO  server.RaftServerConfigKeys (ConfUtils.java:logGet(43)) - raft.server.log.segment.cache.num.max = 2 (custom)
2019-10-03 19:50:51,994 [pool-47-thread-1] INFO  server.RaftServerConfigKeys (ConfUtils.java:logGet(43)) - raft.server.log.preallocated.size = 16384 (custom)
2019-10-03 19:50:51,994 [pool-57-thread-1] INFO  server.RaftServerConfigKeys (ConfUtils.java:logGet(43)) - raft.server.log.segment.size.max = 1048576 (custom)
2019-10-03 19:50:51,994 [pool-47-thread-1] INFO  server.RaftServerConfigKeys (ConfUtils.java:logGet(43)) - raft.server.log.write.buffer.size = 33554432 (custom)
2019-10-03 19:50:51,995 [pool-57-thread-1] INFO  server.RaftServerConfigKeys (ConfUtils.java:logGet(43)) - raft.server.log.segment.cache.num.max = 2 (custom)
2019-10-03 19:50:51,994 [pool-37-thread-1] INFO  segmented.SegmentedRaftLogWorker (SegmentedRaftLogWorker.java:<init>(173)) - new 67364250-31f9-46a2-8464-4e94057f1238@group-5688AC1E1CAC-SegmentedRaftLogWorker for RaftStorage:Storage Directory /workdir/hadoop-ozone/integration-test/target/test-dir/MiniOzoneClusterImpl-e8360eeb-84e3-4554-85c7-51c2c812d0b8/datanode-1/data/ratis/2e12f07c-f60e-4195-ad21-5688ac1e1cac
2019-10-03 19:50:51,995 [pool-57-thread-1] INFO  segmented.SegmentedRaftLogWorker (SegmentedRaftLogWorker.java:<init>(173)) - new 7424ec9f-bd1c-4bb5-bfbf-0d620c5e1719@group-5688AC1E1CAC-SegmentedRaftLogWorker for RaftStorage:Storage Directory /workdir/hadoop-ozone/integration-test/target/test-dir/MiniOzoneClusterImpl-e8360eeb-84e3-4554-85c7-51c2c812d0b8/datanode-3/data/ratis/2e12f07c-f60e-4195-ad21-5688ac1e1cac
2019-10-03 19:50:51,995 [pool-47-thread-1] INFO  server.RaftServerConfigKeys (ConfUtils.java:logGet(43)) - raft.server.log.force.sync.num = 128 (default)
2019-10-03 19:50:51,995 [pool-57-thread-1] INFO  server.RaftServerConfigKeys (ConfUtils.java:logGet(43)) - raft.server.log.queue.byte-limit = 2147483647 (custom)
2019-10-03 19:50:51,995 [pool-37-thread-1] INFO  server.RaftServerConfigKeys (ConfUtils.java:logGet(43)) - raft.server.log.queue.byte-limit = 2147483647 (custom)
2019-10-03 19:50:51,996 [pool-57-thread-1] INFO  server.RaftServerConfigKeys (ConfUtils.java:logGet(43)) - raft.server.log.queue.element-limit = 1024 (custom)
2019-10-03 19:50:51,995 [pool-47-thread-1] INFO  server.RaftServerConfigKeys (ConfUtils.java:logGet(43)) - raft.server.log.statemachine.data.sync = true (default)
2019-10-03 19:50:51,996 [pool-57-thread-1] INFO  server.RaftServerConfigKeys (ConfUtils.java:logGet(43)) - raft.server.log.segment.size.max = 1048576 (custom)
2019-10-03 19:50:51,996 [pool-37-thread-1] INFO  server.RaftServerConfigKeys (ConfUtils.java:logGet(43)) - raft.server.log.queue.element-limit = 1024 (custom)
2019-10-03 19:50:51,996 [pool-57-thread-1] INFO  server.RaftServerConfigKeys (ConfUtils.java:logGet(43)) - raft.server.log.preallocated.size = 16384 (custom)
2019-10-03 19:50:51,996 [pool-47-thread-1] INFO  server.RaftServerConfigKeys (ConfUtils.java:logGet(43)) - raft.server.log.statemachine.data.sync.timeout = 10s (default)
2019-10-03 19:50:51,997 [pool-57-thread-1] INFO  server.RaftServerConfigKeys (ConfUtils.java:logGet(43)) - raft.server.log.write.buffer.size = 33554432 (custom)
2019-10-03 19:50:51,996 [pool-37-thread-1] INFO  server.RaftServerConfigKeys (ConfUtils.java:logGet(43)) - raft.server.log.segment.size.max = 1048576 (custom)
2019-10-03 19:50:51,997 [pool-57-thread-1] INFO  server.RaftServerConfigKeys (ConfUtils.java:logGet(43)) - raft.server.log.force.sync.num = 128 (default)
2019-10-03 19:50:51,997 [pool-47-thread-1] INFO  server.RaftServerConfigKeys (ConfUtils.java:logGet(43)) - raft.server.log.statemachine.data.sync.timeout.retry = -1 (default)
2019-10-03 19:50:51,997 [pool-57-thread-1] INFO  server.RaftServerConfigKeys (ConfUtils.java:logGet(43)) - raft.server.log.statemachine.data.sync = true (default)
2019-10-03 19:50:51,997 [pool-37-thread-1] INFO  server.RaftServerConfigKeys (ConfUtils.java:logGet(43)) - raft.server.log.preallocated.size = 16384 (custom)
2019-10-03 19:50:51,998 [pool-57-thread-1] INFO  server.RaftServerConfigKeys (ConfUtils.java:logGet(43)) - raft.server.log.statemachine.data.sync.timeout = 10s (default)
2019-10-03 19:50:51,998 [pool-47-thread-1] INFO  server.RaftServerConfigKeys (ConfUtils.java:logGet(43)) - raft.server.log.statemachine.data.caching.enabled = true (custom)
2019-10-03 19:50:51,998 [pool-57-thread-1] INFO  server.RaftServerConfigKeys (ConfUtils.java:logGet(43)) - raft.server.log.statemachine.data.sync.timeout.retry = -1 (default)
2019-10-03 19:50:51,998 [pool-37-thread-1] INFO  server.RaftServerConfigKeys (ConfUtils.java:logGet(43)) - raft.server.log.write.buffer.size = 33554432 (custom)
2019-10-03 19:50:51,998 [pool-47-thread-1] INFO  segmented.SegmentedRaftLogWorker (SegmentedRaftLogWorker.java:lambda$new$0(128)) - 26498bb5-537b-43ac-a036-2a46a4ce2e0c@group-5688AC1E1CAC-SegmentedRaftLogWorker: flushIndex: setUnconditionally 0 -> -1
2019-10-03 19:50:51,999 [pool-57-thread-1] INFO  server.RaftServerConfigKeys (ConfUtils.java:logGet(43)) - raft.server.log.statemachine.data.caching.enabled = true (custom)
2019-10-03 19:50:51,999 [pool-37-thread-1] INFO  server.RaftServerConfigKeys (ConfUtils.java:logGet(43)) - raft.server.log.force.sync.num = 128 (default)
2019-10-03 19:50:51,999 [pool-47-thread-1] INFO  server.RaftServerConfigKeys (ConfUtils.java:logGet(43)) - raft.server.snapshot.auto.trigger.enabled = true (custom)
2019-10-03 19:50:51,999 [pool-57-thread-1] INFO  segmented.SegmentedRaftLogWorker (SegmentedRaftLogWorker.java:lambda$new$0(128)) - 7424ec9f-bd1c-4bb5-bfbf-0d620c5e1719@group-5688AC1E1CAC-SegmentedRaftLogWorker: flushIndex: setUnconditionally 0 -> -1
2019-10-03 19:50:51,999 [pool-37-thread-1] INFO  server.RaftServerConfigKeys (ConfUtils.java:logGet(43)) - raft.server.log.statemachine.data.sync = true (default)
2019-10-03 19:50:51,999 [pool-47-thread-1] INFO  server.RaftServerConfigKeys (ConfUtils.java:logGet(43)) - raft.server.snapshot.auto.trigger.threshold = 10000 (custom)
2019-10-03 19:50:52,000 [pool-57-thread-1] INFO  server.RaftServerConfigKeys (ConfUtils.java:logGet(43)) - raft.server.snapshot.auto.trigger.enabled = true (custom)
2019-10-03 19:50:52,000 [pool-37-thread-1] INFO  server.RaftServerConfigKeys (ConfUtils.java:logGet(43)) - raft.server.log.statemachine.data.sync.timeout = 10s (default)
2019-10-03 19:50:52,000 [pool-57-thread-1] INFO  server.RaftServerConfigKeys (ConfUtils.java:logGet(43)) - raft.server.snapshot.auto.trigger.threshold = 10000 (custom)
2019-10-03 19:50:52,000 [pool-47-thread-1] INFO  server.RaftServerConfigKeys (ConfUtils.java:logGet(43)) - raft.server.snapshot.retention.file.num = 5 (custom)
2019-10-03 19:50:52,000 [pool-57-thread-1] INFO  server.RaftServerConfigKeys (ConfUtils.java:logGet(43)) - raft.server.snapshot.retention.file.num = 5 (custom)
2019-10-03 19:50:52,001 [pool-47-thread-1] INFO  server.RaftServerConfigKeys (ConfUtils.java:logGet(43)) - raft.server.retrycache.expirytime = 600000ms (custom)
2019-10-03 19:50:52,000 [pool-37-thread-1] INFO  server.RaftServerConfigKeys (ConfUtils.java:logGet(43)) - raft.server.log.statemachine.data.sync.timeout.retry = -1 (default)
2019-10-03 19:50:52,001 [pool-57-thread-1] INFO  server.RaftServerConfigKeys (ConfUtils.java:logGet(43)) - raft.server.retrycache.expirytime = 600000ms (custom)
2019-10-03 19:50:52,001 [pool-37-thread-1] INFO  server.RaftServerConfigKeys (ConfUtils.java:logGet(43)) - raft.server.log.statemachine.data.caching.enabled = true (custom)
2019-10-03 19:50:52,001 [pool-37-thread-1] INFO  segmented.SegmentedRaftLogWorker (SegmentedRaftLogWorker.java:lambda$new$0(128)) - 67364250-31f9-46a2-8464-4e94057f1238@group-5688AC1E1CAC-SegmentedRaftLogWorker: flushIndex: setUnconditionally 0 -> -1
2019-10-03 19:50:52,002 [pool-37-thread-1] INFO  server.RaftServerConfigKeys (ConfUtils.java:logGet(43)) - raft.server.snapshot.auto.trigger.enabled = true (custom)
2019-10-03 19:50:52,002 [pool-37-thread-1] INFO  server.RaftServerConfigKeys (ConfUtils.java:logGet(43)) - raft.server.snapshot.auto.trigger.threshold = 10000 (custom)
2019-10-03 19:50:52,002 [pool-37-thread-1] INFO  server.RaftServerConfigKeys (ConfUtils.java:logGet(43)) - raft.server.snapshot.retention.file.num = 5 (custom)
2019-10-03 19:50:52,002 [pool-37-thread-1] INFO  server.RaftServerConfigKeys (ConfUtils.java:logGet(43)) - raft.server.retrycache.expirytime = 600000ms (custom)
2019-10-03 19:50:52,007 [pool-47-thread-1] INFO  impl.RaftServerImpl (RaftServerImpl.java:start(181)) - 26498bb5-537b-43ac-a036-2a46a4ce2e0c@group-5688AC1E1CAC: start as a follower, conf=-1: [26498bb5-537b-43ac-a036-2a46a4ce2e0c:192.168.30.7:41970, 67364250-31f9-46a2-8464-4e94057f1238:192.168.30.7:37800, 7424ec9f-bd1c-4bb5-bfbf-0d620c5e1719:192.168.30.7:37109], old=null
2019-10-03 19:50:52,007 [pool-47-thread-1] INFO  impl.RaftServerImpl (RaftServerImpl.java:setRole(170)) - 26498bb5-537b-43ac-a036-2a46a4ce2e0c@group-5688AC1E1CAC: changes role from      null to FOLLOWER at term 0 for startAsFollower
2019-10-03 19:50:52,007 [pool-47-thread-1] INFO  impl.RoleInfo (RoleInfo.java:updateAndGet(143)) - 26498bb5-537b-43ac-a036-2a46a4ce2e0c: start FollowerState
2019-10-03 19:50:52,007 [pool-57-thread-1] INFO  impl.RaftServerImpl (RaftServerImpl.java:start(181)) - 7424ec9f-bd1c-4bb5-bfbf-0d620c5e1719@group-5688AC1E1CAC: start as a follower, conf=-1: [26498bb5-537b-43ac-a036-2a46a4ce2e0c:192.168.30.7:41970, 67364250-31f9-46a2-8464-4e94057f1238:192.168.30.7:37800, 7424ec9f-bd1c-4bb5-bfbf-0d620c5e1719:192.168.30.7:37109], old=null
2019-10-03 19:50:52,008 [pool-37-thread-1] INFO  impl.RaftServerImpl (RaftServerImpl.java:start(181)) - 67364250-31f9-46a2-8464-4e94057f1238@group-5688AC1E1CAC: start as a follower, conf=-1: [26498bb5-537b-43ac-a036-2a46a4ce2e0c:192.168.30.7:41970, 67364250-31f9-46a2-8464-4e94057f1238:192.168.30.7:37800, 7424ec9f-bd1c-4bb5-bfbf-0d620c5e1719:192.168.30.7:37109], old=null
2019-10-03 19:50:52,008 [pool-47-thread-1] INFO  util.JmxRegister (JmxRegister.java:tryRegister(44)) - Successfully registered JMX Bean with object name Ratis:service=RaftServer,group=group-5688AC1E1CAC,id=26498bb5-537b-43ac-a036-2a46a4ce2e0c
2019-10-03 19:50:52,008 [pool-57-thread-1] INFO  impl.RaftServerImpl (RaftServerImpl.java:setRole(170)) - 7424ec9f-bd1c-4bb5-bfbf-0d620c5e1719@group-5688AC1E1CAC: changes role from      null to FOLLOWER at term 0 for startAsFollower
2019-10-03 19:50:52,008 [pool-37-thread-1] INFO  impl.RaftServerImpl (RaftServerImpl.java:setRole(170)) - 67364250-31f9-46a2-8464-4e94057f1238@group-5688AC1E1CAC: changes role from      null to FOLLOWER at term 0 for startAsFollower
2019-10-03 19:50:52,008 [pool-57-thread-1] INFO  impl.RoleInfo (RoleInfo.java:updateAndGet(143)) - 7424ec9f-bd1c-4bb5-bfbf-0d620c5e1719: start FollowerState
2019-10-03 19:50:52,008 [pool-37-thread-1] INFO  impl.RoleInfo (RoleInfo.java:updateAndGet(143)) - 67364250-31f9-46a2-8464-4e94057f1238: start FollowerState
2019-10-03 19:50:52,009 [pool-57-thread-1] INFO  util.JmxRegister (JmxRegister.java:tryRegister(44)) - Successfully registered JMX Bean with object name Ratis:service=RaftServer,group=group-5688AC1E1CAC,id=7424ec9f-bd1c-4bb5-bfbf-0d620c5e1719
2019-10-03 19:50:52,009 [pool-37-thread-1] INFO  util.JmxRegister (JmxRegister.java:tryRegister(44)) - Successfully registered JMX Bean with object name Ratis:service=RaftServer,group=group-5688AC1E1CAC,id=67364250-31f9-46a2-8464-4e94057f1238
2019-10-03 19:50:52,033 [RatisPipelineUtilsThread] INFO  pipeline.PipelineStateManager (PipelineStateManager.java:addPipeline(56)) - Created pipeline Pipeline[ Id: 2e12f07c-f60e-4195-ad21-5688ac1e1cac, Nodes: 7424ec9f-bd1c-4bb5-bfbf-0d620c5e1719{ip: 192.168.30.7, host: pr-hdds-2230-vt4bl-2581040744, networkLocation: /default-rack, certSerialId: null}26498bb5-537b-43ac-a036-2a46a4ce2e0c{ip: 192.168.30.7, host: pr-hdds-2230-vt4bl-2581040744, networkLocation: /default-rack, certSerialId: null}67364250-31f9-46a2-8464-4e94057f1238{ip: 192.168.30.7, host: pr-hdds-2230-vt4bl-2581040744, networkLocation: /default-rack, certSerialId: null}, Type:RATIS, Factor:THREE, State:OPEN]
2019-10-03 19:50:52,275 [main] INFO  rpc.RpcClient (RpcClient.java:createVolume(277)) - Creating Volume: watchforcommithandlingtest, with jenkins1000 as owner.
2019-10-03 19:50:52,825 [IPC Server handler 3 on 45661] INFO  volume.OMVolumeCreateRequest (OMVolumeCreateRequest.java:validateAndUpdateCache(193)) - created volume:watchforcommithandlingtest for user:jenkins1000
2019-10-03 19:50:52,938 [main] INFO  rpc.RpcClient (RpcClient.java:createBucket(416)) - Creating Bucket: watchforcommithandlingtest/watchforcommithandlingtest, with Versioning false and Storage Type set to DISK and Encryption set to false 
2019-10-03 19:50:52,988 [main] INFO  ozone.MiniOzoneClusterImpl (MiniOzoneClusterImpl.java:getStorageContainerLocationClient(234)) - Creating StorageContainerLocationProtocol RPC client with address /0.0.0.0:35935
2019-10-03 19:50:53,018 [Thread-238] INFO  container.ReplicationManager (ReplicationManager.java:start(162)) - Starting Replication Monitor Thread.
2019-10-03 19:50:53,019 [ReplicationMonitor] INFO  container.ReplicationManager (ReplicationManager.java:run(225)) - Replication Monitor Thread took 0 milliseconds for processing 0 containers.
2019-10-03 19:50:53,054 [main] INFO  impl.MetricsSystemImpl (MetricsSystemImpl.java:init(158)) - XceiverClientMetrics metrics system started (again)
2019-10-03 19:50:56,008 [Thread-240] INFO  impl.FollowerState (FollowerState.java:run(108)) - afe8e0ac-3506-4965-b697-47ccfd644cac@group-A7A674BFDC94-FollowerState: change to CANDIDATE, lastRpcTime:5146ms, electionTimeout:5145ms
2019-10-03 19:50:56,014 [Thread-240] INFO  impl.RoleInfo (RoleInfo.java:shutdownFollowerState(121)) - afe8e0ac-3506-4965-b697-47ccfd644cac: shutdown FollowerState
2019-10-03 19:50:56,014 [Thread-240] INFO  impl.RaftServerImpl (RaftServerImpl.java:setRole(170)) - afe8e0ac-3506-4965-b697-47ccfd644cac@group-A7A674BFDC94: changes role from  FOLLOWER to CANDIDATE at term 0 for changeToCandidate
2019-10-03 19:50:56,021 [Thread-240] INFO  impl.RoleInfo (RoleInfo.java:updateAndGet(143)) - afe8e0ac-3506-4965-b697-47ccfd644cac: start LeaderElection
2019-10-03 19:50:56,074 [afe8e0ac-3506-4965-b697-47ccfd644cac@group-A7A674BFDC94-LeaderElection1] INFO  impl.LeaderElection (LeaderElection.java:askForVotes(178)) - afe8e0ac-3506-4965-b697-47ccfd644cac@group-A7A674BFDC94-LeaderElection1: begin an election at term 1 for -1: [afe8e0ac-3506-4965-b697-47ccfd644cac:192.168.30.7:32847], old=null
2019-10-03 19:50:56,076 [afe8e0ac-3506-4965-b697-47ccfd644cac@group-A7A674BFDC94-LeaderElection1] INFO  impl.RoleInfo (RoleInfo.java:shutdownLeaderElection(134)) - afe8e0ac-3506-4965-b697-47ccfd644cac: shutdown LeaderElection
2019-10-03 19:50:56,076 [afe8e0ac-3506-4965-b697-47ccfd644cac@group-A7A674BFDC94-LeaderElection1] INFO  impl.RaftServerImpl (RaftServerImpl.java:setRole(170)) - afe8e0ac-3506-4965-b697-47ccfd644cac@group-A7A674BFDC94: changes role from CANDIDATE to LEADER at term 1 for changeToLeader
2019-10-03 19:50:56,077 [afe8e0ac-3506-4965-b697-47ccfd644cac@group-A7A674BFDC94-LeaderElection1] INFO  impl.RaftServerImpl (ServerState.java:setLeader(255)) - afe8e0ac-3506-4965-b697-47ccfd644cac@group-A7A674BFDC94: change Leader from null to afe8e0ac-3506-4965-b697-47ccfd644cac at term 1 for becomeLeader, leader elected after 5332ms
2019-10-03 19:50:56,086 [afe8e0ac-3506-4965-b697-47ccfd644cac@group-A7A674BFDC94-LeaderElection1] INFO  server.RaftServerConfigKeys (ConfUtils.java:logGet(43)) - raft.server.staging.catchup.gap = 1000 (default)
2019-10-03 19:50:56,087 [afe8e0ac-3506-4965-b697-47ccfd644cac@group-A7A674BFDC94-LeaderElection1] INFO  server.RaftServerConfigKeys (ConfUtils.java:logGet(43)) - raft.server.rpc.sleep.time = 25ms (default)
2019-10-03 19:50:56,092 [afe8e0ac-3506-4965-b697-47ccfd644cac@group-A7A674BFDC94-LeaderElection1] INFO  server.RaftServerConfigKeys (ConfUtils.java:logGet(43)) - raft.server.write.element-limit = 4096 (default)
2019-10-03 19:50:56,095 [afe8e0ac-3506-4965-b697-47ccfd644cac@group-A7A674BFDC94-LeaderElection1] INFO  server.RaftServerConfigKeys (ConfUtils.java:logGet(43)) - raft.server.watch.timeout = 10s (default)
2019-10-03 19:50:56,095 [afe8e0ac-3506-4965-b697-47ccfd644cac@group-A7A674BFDC94-LeaderElection1] INFO  server.RaftServerConfigKeys (ConfUtils.java:logGet(43)) - raft.server.watch.timeout.denomination = 1s (default)
2019-10-03 19:50:56,096 [afe8e0ac-3506-4965-b697-47ccfd644cac@group-A7A674BFDC94-LeaderElection1] INFO  server.RaftServerConfigKeys (ConfUtils.java:logGet(43)) - raft.server.watch.element-limit = 65536 (default)
2019-10-03 19:50:56,097 [Thread-243] INFO  impl.FollowerState (FollowerState.java:run(108)) - 61feef45-068b-4276-880f-0be1024e3fc1@group-810F560AF3CF-FollowerState: change to CANDIDATE, lastRpcTime:5025ms, electionTimeout:5024ms
2019-10-03 19:50:56,100 [Thread-243] INFO  impl.RoleInfo (RoleInfo.java:shutdownFollowerState(121)) - 61feef45-068b-4276-880f-0be1024e3fc1: shutdown FollowerState
2019-10-03 19:50:56,100 [Thread-243] INFO  impl.RaftServerImpl (RaftServerImpl.java:setRole(170)) - 61feef45-068b-4276-880f-0be1024e3fc1@group-810F560AF3CF: changes role from  FOLLOWER to CANDIDATE at term 0 for changeToCandidate
2019-10-03 19:50:56,100 [Thread-243] INFO  impl.RoleInfo (RoleInfo.java:updateAndGet(143)) - 61feef45-068b-4276-880f-0be1024e3fc1: start LeaderElection
2019-10-03 19:50:56,116 [afe8e0ac-3506-4965-b697-47ccfd644cac@group-A7A674BFDC94-LeaderElection1] INFO  impl.RoleInfo (RoleInfo.java:updateAndGet(143)) - afe8e0ac-3506-4965-b697-47ccfd644cac: start LeaderState
2019-10-03 19:50:56,133 [61feef45-068b-4276-880f-0be1024e3fc1@group-810F560AF3CF-LeaderElection2] INFO  impl.LeaderElection (LeaderElection.java:askForVotes(178)) - 61feef45-068b-4276-880f-0be1024e3fc1@group-810F560AF3CF-LeaderElection2: begin an election at term 1 for -1: [61feef45-068b-4276-880f-0be1024e3fc1:192.168.30.7:35945], old=null
2019-10-03 19:50:56,141 [61feef45-068b-4276-880f-0be1024e3fc1@group-810F560AF3CF-LeaderElection2] INFO  impl.RoleInfo (RoleInfo.java:shutdownLeaderElection(134)) - 61feef45-068b-4276-880f-0be1024e3fc1: shutdown LeaderElection
2019-10-03 19:50:56,141 [61feef45-068b-4276-880f-0be1024e3fc1@group-810F560AF3CF-LeaderElection2] INFO  impl.RaftServerImpl (RaftServerImpl.java:setRole(170)) - 61feef45-068b-4276-880f-0be1024e3fc1@group-810F560AF3CF: changes role from CANDIDATE to LEADER at term 1 for changeToLeader
2019-10-03 19:50:56,141 [61feef45-068b-4276-880f-0be1024e3fc1@group-810F560AF3CF-LeaderElection2] INFO  impl.RaftServerImpl (ServerState.java:setLeader(255)) - 61feef45-068b-4276-880f-0be1024e3fc1@group-810F560AF3CF: change Leader from null to 61feef45-068b-4276-880f-0be1024e3fc1 at term 1 for becomeLeader, leader elected after 5086ms
2019-10-03 19:50:56,143 [61feef45-068b-4276-880f-0be1024e3fc1@group-810F560AF3CF-LeaderElection2] INFO  server.RaftServerConfigKeys (ConfUtils.java:logGet(43)) - raft.server.staging.catchup.gap = 1000 (default)
2019-10-03 19:50:56,144 [61feef45-068b-4276-880f-0be1024e3fc1@group-810F560AF3CF-LeaderElection2] INFO  server.RaftServerConfigKeys (ConfUtils.java:logGet(43)) - raft.server.rpc.sleep.time = 25ms (default)
2019-10-03 19:50:56,144 [61feef45-068b-4276-880f-0be1024e3fc1@group-810F560AF3CF-LeaderElection2] INFO  server.RaftServerConfigKeys (ConfUtils.java:logGet(43)) - raft.server.write.element-limit = 4096 (default)
2019-10-03 19:50:56,144 [61feef45-068b-4276-880f-0be1024e3fc1@group-810F560AF3CF-LeaderElection2] INFO  server.RaftServerConfigKeys (ConfUtils.java:logGet(43)) - raft.server.watch.timeout = 10s (default)
2019-10-03 19:50:56,144 [61feef45-068b-4276-880f-0be1024e3fc1@group-810F560AF3CF-LeaderElection2] INFO  server.RaftServerConfigKeys (ConfUtils.java:logGet(43)) - raft.server.watch.timeout.denomination = 1s (default)
2019-10-03 19:50:56,144 [61feef45-068b-4276-880f-0be1024e3fc1@group-810F560AF3CF-LeaderElection2] INFO  server.RaftServerConfigKeys (ConfUtils.java:logGet(43)) - raft.server.watch.element-limit = 65536 (default)
2019-10-03 19:50:56,148 [61feef45-068b-4276-880f-0be1024e3fc1@group-810F560AF3CF-LeaderElection2] INFO  impl.RoleInfo (RoleInfo.java:updateAndGet(143)) - 61feef45-068b-4276-880f-0be1024e3fc1: start LeaderState
2019-10-03 19:50:56,157 [afe8e0ac-3506-4965-b697-47ccfd644cac@group-A7A674BFDC94-LeaderElection1] INFO  segmented.SegmentedRaftLogWorker (SegmentedRaftLogWorker.java:startLogSegment(385)) - afe8e0ac-3506-4965-b697-47ccfd644cac@group-A7A674BFDC94-SegmentedRaftLogWorker: Starting segment from index:0
2019-10-03 19:50:56,157 [61feef45-068b-4276-880f-0be1024e3fc1@group-810F560AF3CF-LeaderElection2] INFO  segmented.SegmentedRaftLogWorker (SegmentedRaftLogWorker.java:startLogSegment(385)) - 61feef45-068b-4276-880f-0be1024e3fc1@group-810F560AF3CF-SegmentedRaftLogWorker: Starting segment from index:0
2019-10-03 19:50:56,168 [afe8e0ac-3506-4965-b697-47ccfd644cac@group-A7A674BFDC94-LeaderElection1] INFO  impl.RaftServerImpl (ServerState.java:setRaftConf(356)) - afe8e0ac-3506-4965-b697-47ccfd644cac@group-A7A674BFDC94: set configuration 0: [afe8e0ac-3506-4965-b697-47ccfd644cac:192.168.30.7:32847], old=null at 0
2019-10-03 19:50:56,168 [61feef45-068b-4276-880f-0be1024e3fc1@group-810F560AF3CF-LeaderElection2] INFO  impl.RaftServerImpl (ServerState.java:setRaftConf(356)) - 61feef45-068b-4276-880f-0be1024e3fc1@group-810F560AF3CF: set configuration 0: [61feef45-068b-4276-880f-0be1024e3fc1:192.168.30.7:35945], old=null at 0
2019-10-03 19:50:56,315 [Thread-246] INFO  impl.FollowerState (FollowerState.java:run(108)) - af7093ab-e47f-4085-b45e-c80cc6933f27@group-5A0D96E827FE-FollowerState: change to CANDIDATE, lastRpcTime:5074ms, electionTimeout:5074ms
2019-10-03 19:50:56,315 [Thread-246] INFO  impl.RoleInfo (RoleInfo.java:shutdownFollowerState(121)) - af7093ab-e47f-4085-b45e-c80cc6933f27: shutdown FollowerState
2019-10-03 19:50:56,315 [Thread-246] INFO  impl.RaftServerImpl (RaftServerImpl.java:setRole(170)) - af7093ab-e47f-4085-b45e-c80cc6933f27@group-5A0D96E827FE: changes role from  FOLLOWER to CANDIDATE at term 0 for changeToCandidate
2019-10-03 19:50:56,315 [Thread-246] INFO  impl.RoleInfo (RoleInfo.java:updateAndGet(143)) - af7093ab-e47f-4085-b45e-c80cc6933f27: start LeaderElection
2019-10-03 19:50:56,349 [af7093ab-e47f-4085-b45e-c80cc6933f27@group-5A0D96E827FE-LeaderElection3] INFO  impl.LeaderElection (LeaderElection.java:askForVotes(178)) - af7093ab-e47f-4085-b45e-c80cc6933f27@group-5A0D96E827FE-LeaderElection3: begin an election at term 1 for -1: [af7093ab-e47f-4085-b45e-c80cc6933f27:192.168.30.7:33578], old=null
2019-10-03 19:50:56,351 [af7093ab-e47f-4085-b45e-c80cc6933f27@group-5A0D96E827FE-LeaderElection3] INFO  impl.RoleInfo (RoleInfo.java:shutdownLeaderElection(134)) - af7093ab-e47f-4085-b45e-c80cc6933f27: shutdown LeaderElection
2019-10-03 19:50:56,351 [af7093ab-e47f-4085-b45e-c80cc6933f27@group-5A0D96E827FE-LeaderElection3] INFO  impl.RaftServerImpl (RaftServerImpl.java:setRole(170)) - af7093ab-e47f-4085-b45e-c80cc6933f27@group-5A0D96E827FE: changes role from CANDIDATE to LEADER at term 1 for changeToLeader
2019-10-03 19:50:56,352 [af7093ab-e47f-4085-b45e-c80cc6933f27@group-5A0D96E827FE-LeaderElection3] INFO  impl.RaftServerImpl (ServerState.java:setLeader(255)) - af7093ab-e47f-4085-b45e-c80cc6933f27@group-5A0D96E827FE: change Leader from null to af7093ab-e47f-4085-b45e-c80cc6933f27 at term 1 for becomeLeader, leader elected after 5149ms
2019-10-03 19:50:56,354 [af7093ab-e47f-4085-b45e-c80cc6933f27@group-5A0D96E827FE-LeaderElection3] INFO  server.RaftServerConfigKeys (ConfUtils.java:logGet(43)) - raft.server.staging.catchup.gap = 1000 (default)
2019-10-03 19:50:56,354 [af7093ab-e47f-4085-b45e-c80cc6933f27@group-5A0D96E827FE-LeaderElection3] INFO  server.RaftServerConfigKeys (ConfUtils.java:logGet(43)) - raft.server.rpc.sleep.time = 25ms (default)
2019-10-03 19:50:56,354 [af7093ab-e47f-4085-b45e-c80cc6933f27@group-5A0D96E827FE-LeaderElection3] INFO  server.RaftServerConfigKeys (ConfUtils.java:logGet(43)) - raft.server.write.element-limit = 4096 (default)
2019-10-03 19:50:56,354 [af7093ab-e47f-4085-b45e-c80cc6933f27@group-5A0D96E827FE-LeaderElection3] INFO  server.RaftServerConfigKeys (ConfUtils.java:logGet(43)) - raft.server.watch.timeout = 10s (default)
2019-10-03 19:50:56,354 [af7093ab-e47f-4085-b45e-c80cc6933f27@group-5A0D96E827FE-LeaderElection3] INFO  server.RaftServerConfigKeys (ConfUtils.java:logGet(43)) - raft.server.watch.timeout.denomination = 1s (default)
2019-10-03 19:50:56,355 [af7093ab-e47f-4085-b45e-c80cc6933f27@group-5A0D96E827FE-LeaderElection3] INFO  server.RaftServerConfigKeys (ConfUtils.java:logGet(43)) - raft.server.watch.element-limit = 65536 (default)
2019-10-03 19:50:56,357 [af7093ab-e47f-4085-b45e-c80cc6933f27@group-5A0D96E827FE-LeaderElection3] INFO  impl.RoleInfo (RoleInfo.java:updateAndGet(143)) - af7093ab-e47f-4085-b45e-c80cc6933f27: start LeaderState
2019-10-03 19:50:56,358 [af7093ab-e47f-4085-b45e-c80cc6933f27@group-5A0D96E827FE-LeaderElection3] INFO  segmented.SegmentedRaftLogWorker (SegmentedRaftLogWorker.java:startLogSegment(385)) - af7093ab-e47f-4085-b45e-c80cc6933f27@group-5A0D96E827FE-SegmentedRaftLogWorker: Starting segment from index:0
2019-10-03 19:50:56,358 [af7093ab-e47f-4085-b45e-c80cc6933f27@group-5A0D96E827FE-LeaderElection3] INFO  impl.RaftServerImpl (ServerState.java:setRaftConf(356)) - af7093ab-e47f-4085-b45e-c80cc6933f27@group-5A0D96E827FE: set configuration 0: [af7093ab-e47f-4085-b45e-c80cc6933f27:192.168.30.7:33578], old=null at 0
2019-10-03 19:50:56,467 [afe8e0ac-3506-4965-b697-47ccfd644cac@group-A7A674BFDC94-SegmentedRaftLogWorker] INFO  segmented.SegmentedRaftLogWorker (SegmentedRaftLogWorker.java:execute(574)) - afe8e0ac-3506-4965-b697-47ccfd644cac@group-A7A674BFDC94-SegmentedRaftLogWorker: created new log segment /workdir/hadoop-ozone/integration-test/target/test-dir/MiniOzoneClusterImpl-e8360eeb-84e3-4554-85c7-51c2c812d0b8/datanode-0/data/ratis/730c4ab8-88cf-45bd-9c43-a7a674bfdc94/current/log_inprogress_0
2019-10-03 19:50:56,467 [61feef45-068b-4276-880f-0be1024e3fc1@group-810F560AF3CF-SegmentedRaftLogWorker] INFO  segmented.SegmentedRaftLogWorker (SegmentedRaftLogWorker.java:execute(574)) - 61feef45-068b-4276-880f-0be1024e3fc1@group-810F560AF3CF-SegmentedRaftLogWorker: created new log segment /workdir/hadoop-ozone/integration-test/target/test-dir/MiniOzoneClusterImpl-e8360eeb-84e3-4554-85c7-51c2c812d0b8/datanode-5/data/ratis/5b582d80-8d55-49a6-9a32-810f560af3cf/current/log_inprogress_0
2019-10-03 19:50:56,467 [af7093ab-e47f-4085-b45e-c80cc6933f27@group-5A0D96E827FE-SegmentedRaftLogWorker] INFO  segmented.SegmentedRaftLogWorker (SegmentedRaftLogWorker.java:execute(574)) - af7093ab-e47f-4085-b45e-c80cc6933f27@group-5A0D96E827FE-SegmentedRaftLogWorker: created new log segment /workdir/hadoop-ozone/integration-test/target/test-dir/MiniOzoneClusterImpl-e8360eeb-84e3-4554-85c7-51c2c812d0b8/datanode-6/data/ratis/e11dbaad-0994-4c30-894d-5a0d96e827fe/current/log_inprogress_0
2019-10-03 19:50:56,548 [Thread-249] INFO  impl.FollowerState (FollowerState.java:run(108)) - 7424ec9f-bd1c-4bb5-bfbf-0d620c5e1719@group-4058BA05F08F-FollowerState: change to CANDIDATE, lastRpcTime:5169ms, electionTimeout:5169ms
2019-10-03 19:50:56,548 [Thread-249] INFO  impl.RoleInfo (RoleInfo.java:shutdownFollowerState(121)) - 7424ec9f-bd1c-4bb5-bfbf-0d620c5e1719: shutdown FollowerState
2019-10-03 19:50:56,548 [Thread-249] INFO  impl.RaftServerImpl (RaftServerImpl.java:setRole(170)) - 7424ec9f-bd1c-4bb5-bfbf-0d620c5e1719@group-4058BA05F08F: changes role from  FOLLOWER to CANDIDATE at term 0 for changeToCandidate
2019-10-03 19:50:56,549 [Thread-249] INFO  impl.RoleInfo (RoleInfo.java:updateAndGet(143)) - 7424ec9f-bd1c-4bb5-bfbf-0d620c5e1719: start LeaderElection
2019-10-03 19:50:56,563 [Thread-252] INFO  impl.FollowerState (FollowerState.java:run(108)) - 26498bb5-537b-43ac-a036-2a46a4ce2e0c@group-86C2A0D0A158-FollowerState: change to CANDIDATE, lastRpcTime:5084ms, electionTimeout:5075ms
2019-10-03 19:50:56,564 [Thread-252] INFO  impl.RoleInfo (RoleInfo.java:shutdownFollowerState(121)) - 26498bb5-537b-43ac-a036-2a46a4ce2e0c: shutdown FollowerState
2019-10-03 19:50:56,564 [Thread-252] INFO  impl.RaftServerImpl (RaftServerImpl.java:setRole(170)) - 26498bb5-537b-43ac-a036-2a46a4ce2e0c@group-86C2A0D0A158: changes role from  FOLLOWER to CANDIDATE at term 0 for changeToCandidate
2019-10-03 19:50:56,564 [Thread-252] INFO  impl.RoleInfo (RoleInfo.java:updateAndGet(143)) - 26498bb5-537b-43ac-a036-2a46a4ce2e0c: start LeaderElection
2019-10-03 19:50:56,593 [26498bb5-537b-43ac-a036-2a46a4ce2e0c@group-86C2A0D0A158-LeaderElection5] INFO  impl.LeaderElection (LeaderElection.java:askForVotes(178)) - 26498bb5-537b-43ac-a036-2a46a4ce2e0c@group-86C2A0D0A158-LeaderElection5: begin an election at term 1 for -1: [26498bb5-537b-43ac-a036-2a46a4ce2e0c:192.168.30.7:41970], old=null
2019-10-03 19:50:56,593 [7424ec9f-bd1c-4bb5-bfbf-0d620c5e1719@group-4058BA05F08F-LeaderElection4] INFO  impl.LeaderElection (LeaderElection.java:askForVotes(178)) - 7424ec9f-bd1c-4bb5-bfbf-0d620c5e1719@group-4058BA05F08F-LeaderElection4: begin an election at term 1 for -1: [7424ec9f-bd1c-4bb5-bfbf-0d620c5e1719:192.168.30.7:37109], old=null
2019-10-03 19:50:56,593 [26498bb5-537b-43ac-a036-2a46a4ce2e0c@group-86C2A0D0A158-LeaderElection5] INFO  impl.RoleInfo (RoleInfo.java:shutdownLeaderElection(134)) - 26498bb5-537b-43ac-a036-2a46a4ce2e0c: shutdown LeaderElection
2019-10-03 19:50:56,593 [7424ec9f-bd1c-4bb5-bfbf-0d620c5e1719@group-4058BA05F08F-LeaderElection4] INFO  impl.RoleInfo (RoleInfo.java:shutdownLeaderElection(134)) - 7424ec9f-bd1c-4bb5-bfbf-0d620c5e1719: shutdown LeaderElection
2019-10-03 19:50:56,593 [26498bb5-537b-43ac-a036-2a46a4ce2e0c@group-86C2A0D0A158-LeaderElection5] INFO  impl.RaftServerImpl (RaftServerImpl.java:setRole(170)) - 26498bb5-537b-43ac-a036-2a46a4ce2e0c@group-86C2A0D0A158: changes role from CANDIDATE to LEADER at term 1 for changeToLeader
2019-10-03 19:50:56,593 [7424ec9f-bd1c-4bb5-bfbf-0d620c5e1719@group-4058BA05F08F-LeaderElection4] INFO  impl.RaftServerImpl (RaftServerImpl.java:setRole(170)) - 7424ec9f-bd1c-4bb5-bfbf-0d620c5e1719@group-4058BA05F08F: changes role from CANDIDATE to LEADER at term 1 for changeToLeader
2019-10-03 19:50:56,594 [26498bb5-537b-43ac-a036-2a46a4ce2e0c@group-86C2A0D0A158-LeaderElection5] INFO  impl.RaftServerImpl (ServerState.java:setLeader(255)) - 26498bb5-537b-43ac-a036-2a46a4ce2e0c@group-86C2A0D0A158: change Leader from null to 26498bb5-537b-43ac-a036-2a46a4ce2e0c at term 1 for becomeLeader, leader elected after 5123ms
2019-10-03 19:50:56,594 [7424ec9f-bd1c-4bb5-bfbf-0d620c5e1719@group-4058BA05F08F-LeaderElection4] INFO  impl.RaftServerImpl (ServerState.java:setLeader(255)) - 7424ec9f-bd1c-4bb5-bfbf-0d620c5e1719@group-4058BA05F08F: change Leader from null to 7424ec9f-bd1c-4bb5-bfbf-0d620c5e1719 at term 1 for becomeLeader, leader elected after 5232ms
2019-10-03 19:50:56,596 [7424ec9f-bd1c-4bb5-bfbf-0d620c5e1719@group-4058BA05F08F-LeaderElection4] INFO  server.RaftServerConfigKeys (ConfUtils.java:logGet(43)) - raft.server.staging.catchup.gap = 1000 (default)
2019-10-03 19:50:56,596 [26498bb5-537b-43ac-a036-2a46a4ce2e0c@group-86C2A0D0A158-LeaderElection5] INFO  server.RaftServerConfigKeys (ConfUtils.java:logGet(43)) - raft.server.staging.catchup.gap = 1000 (default)
2019-10-03 19:50:56,596 [7424ec9f-bd1c-4bb5-bfbf-0d620c5e1719@group-4058BA05F08F-LeaderElection4] INFO  server.RaftServerConfigKeys (ConfUtils.java:logGet(43)) - raft.server.rpc.sleep.time = 25ms (default)
2019-10-03 19:50:56,596 [26498bb5-537b-43ac-a036-2a46a4ce2e0c@group-86C2A0D0A158-LeaderElection5] INFO  server.RaftServerConfigKeys (ConfUtils.java:logGet(43)) - raft.server.rpc.sleep.time = 25ms (default)
2019-10-03 19:50:56,597 [7424ec9f-bd1c-4bb5-bfbf-0d620c5e1719@group-4058BA05F08F-LeaderElection4] INFO  server.RaftServerConfigKeys (ConfUtils.java:logGet(43)) - raft.server.write.element-limit = 4096 (default)
2019-10-03 19:50:56,597 [26498bb5-537b-43ac-a036-2a46a4ce2e0c@group-86C2A0D0A158-LeaderElection5] INFO  server.RaftServerConfigKeys (ConfUtils.java:logGet(43)) - raft.server.write.element-limit = 4096 (default)
2019-10-03 19:50:56,597 [7424ec9f-bd1c-4bb5-bfbf-0d620c5e1719@group-4058BA05F08F-LeaderElection4] INFO  server.RaftServerConfigKeys (ConfUtils.java:logGet(43)) - raft.server.watch.timeout = 10s (default)
2019-10-03 19:50:56,597 [26498bb5-537b-43ac-a036-2a46a4ce2e0c@group-86C2A0D0A158-LeaderElection5] INFO  server.RaftServerConfigKeys (ConfUtils.java:logGet(43)) - raft.server.watch.timeout = 10s (default)
2019-10-03 19:50:56,597 [7424ec9f-bd1c-4bb5-bfbf-0d620c5e1719@group-4058BA05F08F-LeaderElection4] INFO  server.RaftServerConfigKeys (ConfUtils.java:logGet(43)) - raft.server.watch.timeout.denomination = 1s (default)
2019-10-03 19:50:56,597 [26498bb5-537b-43ac-a036-2a46a4ce2e0c@group-86C2A0D0A158-LeaderElection5] INFO  server.RaftServerConfigKeys (ConfUtils.java:logGet(43)) - raft.server.watch.timeout.denomination = 1s (default)
2019-10-03 19:50:56,597 [7424ec9f-bd1c-4bb5-bfbf-0d620c5e1719@group-4058BA05F08F-LeaderElection4] INFO  server.RaftServerConfigKeys (ConfUtils.java:logGet(43)) - raft.server.watch.element-limit = 65536 (default)
2019-10-03 19:50:56,597 [26498bb5-537b-43ac-a036-2a46a4ce2e0c@group-86C2A0D0A158-LeaderElection5] INFO  server.RaftServerConfigKeys (ConfUtils.java:logGet(43)) - raft.server.watch.element-limit = 65536 (default)
2019-10-03 19:50:56,601 [7424ec9f-bd1c-4bb5-bfbf-0d620c5e1719@group-4058BA05F08F-LeaderElection4] INFO  impl.RoleInfo (RoleInfo.java:updateAndGet(143)) - 7424ec9f-bd1c-4bb5-bfbf-0d620c5e1719: start LeaderState
2019-10-03 19:50:56,602 [26498bb5-537b-43ac-a036-2a46a4ce2e0c@group-86C2A0D0A158-LeaderElection5] INFO  impl.RoleInfo (RoleInfo.java:updateAndGet(143)) - 26498bb5-537b-43ac-a036-2a46a4ce2e0c: start LeaderState
2019-10-03 19:50:56,602 [7424ec9f-bd1c-4bb5-bfbf-0d620c5e1719@group-4058BA05F08F-LeaderElection4] INFO  segmented.SegmentedRaftLogWorker (SegmentedRaftLogWorker.java:startLogSegment(385)) - 7424ec9f-bd1c-4bb5-bfbf-0d620c5e1719@group-4058BA05F08F-SegmentedRaftLogWorker: Starting segment from index:0
2019-10-03 19:50:56,602 [26498bb5-537b-43ac-a036-2a46a4ce2e0c@group-86C2A0D0A158-LeaderElection5] INFO  segmented.SegmentedRaftLogWorker (SegmentedRaftLogWorker.java:startLogSegment(385)) - 26498bb5-537b-43ac-a036-2a46a4ce2e0c@group-86C2A0D0A158-SegmentedRaftLogWorker: Starting segment from index:0
2019-10-03 19:50:56,603 [7424ec9f-bd1c-4bb5-bfbf-0d620c5e1719@group-4058BA05F08F-LeaderElection4] INFO  impl.RaftServerImpl (ServerState.java:setRaftConf(356)) - 7424ec9f-bd1c-4bb5-bfbf-0d620c5e1719@group-4058BA05F08F: set configuration 0: [7424ec9f-bd1c-4bb5-bfbf-0d620c5e1719:192.168.30.7:37109], old=null at 0
2019-10-03 19:50:56,605 [26498bb5-537b-43ac-a036-2a46a4ce2e0c@group-86C2A0D0A158-LeaderElection5] INFO  impl.RaftServerImpl (ServerState.java:setRaftConf(356)) - 26498bb5-537b-43ac-a036-2a46a4ce2e0c@group-86C2A0D0A158: set configuration 0: [26498bb5-537b-43ac-a036-2a46a4ce2e0c:192.168.30.7:41970], old=null at 0
2019-10-03 19:50:56,660 [26498bb5-537b-43ac-a036-2a46a4ce2e0c@group-86C2A0D0A158-SegmentedRaftLogWorker] INFO  segmented.SegmentedRaftLogWorker (SegmentedRaftLogWorker.java:execute(574)) - 26498bb5-537b-43ac-a036-2a46a4ce2e0c@group-86C2A0D0A158-SegmentedRaftLogWorker: created new log segment /workdir/hadoop-ozone/integration-test/target/test-dir/MiniOzoneClusterImpl-e8360eeb-84e3-4554-85c7-51c2c812d0b8/datanode-2/data/ratis/83af51e9-91bc-4f20-b9ea-86c2a0d0a158/current/log_inprogress_0
2019-10-03 19:50:56,660 [7424ec9f-bd1c-4bb5-bfbf-0d620c5e1719@group-4058BA05F08F-SegmentedRaftLogWorker] INFO  segmented.SegmentedRaftLogWorker (SegmentedRaftLogWorker.java:execute(574)) - 7424ec9f-bd1c-4bb5-bfbf-0d620c5e1719@group-4058BA05F08F-SegmentedRaftLogWorker: created new log segment /workdir/hadoop-ozone/integration-test/target/test-dir/MiniOzoneClusterImpl-e8360eeb-84e3-4554-85c7-51c2c812d0b8/datanode-3/data/ratis/5751452e-0e69-4797-943c-4058ba05f08f/current/log_inprogress_0
2019-10-03 19:50:56,723 [Thread-255] INFO  impl.FollowerState (FollowerState.java:run(108)) - 67364250-31f9-46a2-8464-4e94057f1238@group-E5FF18095053-FollowerState: change to CANDIDATE, lastRpcTime:5133ms, electionTimeout:5133ms
2019-10-03 19:50:56,723 [Thread-255] INFO  impl.RoleInfo (RoleInfo.java:shutdownFollowerState(121)) - 67364250-31f9-46a2-8464-4e94057f1238: shutdown FollowerState
2019-10-03 19:50:56,723 [Thread-255] INFO  impl.RaftServerImpl (RaftServerImpl.java:setRole(170)) - 67364250-31f9-46a2-8464-4e94057f1238@group-E5FF18095053: changes role from  FOLLOWER to CANDIDATE at term 0 for changeToCandidate
2019-10-03 19:50:56,724 [Thread-255] INFO  impl.RoleInfo (RoleInfo.java:updateAndGet(143)) - 67364250-31f9-46a2-8464-4e94057f1238: start LeaderElection
2019-10-03 19:50:56,752 [67364250-31f9-46a2-8464-4e94057f1238@group-E5FF18095053-LeaderElection6] INFO  impl.LeaderElection (LeaderElection.java:askForVotes(178)) - 67364250-31f9-46a2-8464-4e94057f1238@group-E5FF18095053-LeaderElection6: begin an election at term 1 for -1: [67364250-31f9-46a2-8464-4e94057f1238:192.168.30.7:37800], old=null
2019-10-03 19:50:56,752 [67364250-31f9-46a2-8464-4e94057f1238@group-E5FF18095053-LeaderElection6] INFO  impl.RoleInfo (RoleInfo.java:shutdownLeaderElection(134)) - 67364250-31f9-46a2-8464-4e94057f1238: shutdown LeaderElection
2019-10-03 19:50:56,752 [67364250-31f9-46a2-8464-4e94057f1238@group-E5FF18095053-LeaderElection6] INFO  impl.RaftServerImpl (RaftServerImpl.java:setRole(170)) - 67364250-31f9-46a2-8464-4e94057f1238@group-E5FF18095053: changes role from CANDIDATE to LEADER at term 1 for changeToLeader
2019-10-03 19:50:56,752 [67364250-31f9-46a2-8464-4e94057f1238@group-E5FF18095053-LeaderElection6] INFO  impl.RaftServerImpl (ServerState.java:setLeader(255)) - 67364250-31f9-46a2-8464-4e94057f1238@group-E5FF18095053: change Leader from null to 67364250-31f9-46a2-8464-4e94057f1238 at term 1 for becomeLeader, leader elected after 5173ms
2019-10-03 19:50:56,755 [67364250-31f9-46a2-8464-4e94057f1238@group-E5FF18095053-LeaderElection6] INFO  server.RaftServerConfigKeys (ConfUtils.java:logGet(43)) - raft.server.staging.catchup.gap = 1000 (default)
2019-10-03 19:50:56,755 [67364250-31f9-46a2-8464-4e94057f1238@group-E5FF18095053-LeaderElection6] INFO  server.RaftServerConfigKeys (ConfUtils.java:logGet(43)) - raft.server.rpc.sleep.time = 25ms (default)
2019-10-03 19:50:56,755 [67364250-31f9-46a2-8464-4e94057f1238@group-E5FF18095053-LeaderElection6] INFO  server.RaftServerConfigKeys (ConfUtils.java:logGet(43)) - raft.server.write.element-limit = 4096 (default)
2019-10-03 19:50:56,755 [67364250-31f9-46a2-8464-4e94057f1238@group-E5FF18095053-LeaderElection6] INFO  server.RaftServerConfigKeys (ConfUtils.java:logGet(43)) - raft.server.watch.timeout = 10s (default)
2019-10-03 19:50:56,755 [67364250-31f9-46a2-8464-4e94057f1238@group-E5FF18095053-LeaderElection6] INFO  server.RaftServerConfigKeys (ConfUtils.java:logGet(43)) - raft.server.watch.timeout.denomination = 1s (default)
2019-10-03 19:50:56,755 [67364250-31f9-46a2-8464-4e94057f1238@group-E5FF18095053-LeaderElection6] INFO  server.RaftServerConfigKeys (ConfUtils.java:logGet(43)) - raft.server.watch.element-limit = 65536 (default)
2019-10-03 19:50:56,758 [67364250-31f9-46a2-8464-4e94057f1238@group-E5FF18095053-LeaderElection6] INFO  impl.RoleInfo (RoleInfo.java:updateAndGet(143)) - 67364250-31f9-46a2-8464-4e94057f1238: start LeaderState
2019-10-03 19:50:56,758 [67364250-31f9-46a2-8464-4e94057f1238@group-E5FF18095053-LeaderElection6] INFO  segmented.SegmentedRaftLogWorker (SegmentedRaftLogWorker.java:startLogSegment(385)) - 67364250-31f9-46a2-8464-4e94057f1238@group-E5FF18095053-SegmentedRaftLogWorker: Starting segment from index:0
2019-10-03 19:50:56,759 [67364250-31f9-46a2-8464-4e94057f1238@group-E5FF18095053-LeaderElection6] INFO  impl.RaftServerImpl (ServerState.java:setRaftConf(356)) - 67364250-31f9-46a2-8464-4e94057f1238@group-E5FF18095053: set configuration 0: [67364250-31f9-46a2-8464-4e94057f1238:192.168.30.7:37800], old=null at 0
2019-10-03 19:50:56,818 [Thread-258] INFO  impl.FollowerState (FollowerState.java:run(108)) - 815a0680-a07b-4bd6-804e-3e4acced2953@group-3E34E4AEF714-FollowerState: change to CANDIDATE, lastRpcTime:5117ms, electionTimeout:5117ms
2019-10-03 19:50:56,819 [Thread-258] INFO  impl.RoleInfo (RoleInfo.java:shutdownFollowerState(121)) - 815a0680-a07b-4bd6-804e-3e4acced2953: shutdown FollowerState
2019-10-03 19:50:56,819 [Thread-258] INFO  impl.RaftServerImpl (RaftServerImpl.java:setRole(170)) - 815a0680-a07b-4bd6-804e-3e4acced2953@group-3E34E4AEF714: changes role from  FOLLOWER to CANDIDATE at term 0 for changeToCandidate
2019-10-03 19:50:56,819 [Thread-258] INFO  impl.RoleInfo (RoleInfo.java:updateAndGet(143)) - 815a0680-a07b-4bd6-804e-3e4acced2953: start LeaderElection
2019-10-03 19:50:56,827 [67364250-31f9-46a2-8464-4e94057f1238@group-E5FF18095053-SegmentedRaftLogWorker] INFO  segmented.SegmentedRaftLogWorker (SegmentedRaftLogWorker.java:execute(574)) - 67364250-31f9-46a2-8464-4e94057f1238@group-E5FF18095053-SegmentedRaftLogWorker: created new log segment /workdir/hadoop-ozone/integration-test/target/test-dir/MiniOzoneClusterImpl-e8360eeb-84e3-4554-85c7-51c2c812d0b8/datanode-1/data/ratis/00eb26ab-42e9-4cce-bd1a-e5ff18095053/current/log_inprogress_0
2019-10-03 19:50:56,852 [815a0680-a07b-4bd6-804e-3e4acced2953@group-3E34E4AEF714-LeaderElection7] INFO  impl.LeaderElection (LeaderElection.java:askForVotes(178)) - 815a0680-a07b-4bd6-804e-3e4acced2953@group-3E34E4AEF714-LeaderElection7: begin an election at term 1 for -1: [815a0680-a07b-4bd6-804e-3e4acced2953:192.168.30.7:37721], old=null
2019-10-03 19:50:56,853 [815a0680-a07b-4bd6-804e-3e4acced2953@group-3E34E4AEF714-LeaderElection7] INFO  impl.RoleInfo (RoleInfo.java:shutdownLeaderElection(134)) - 815a0680-a07b-4bd6-804e-3e4acced2953: shutdown LeaderElection
2019-10-03 19:50:56,853 [815a0680-a07b-4bd6-804e-3e4acced2953@group-3E34E4AEF714-LeaderElection7] INFO  impl.RaftServerImpl (RaftServerImpl.java:setRole(170)) - 815a0680-a07b-4bd6-804e-3e4acced2953@group-3E34E4AEF714: changes role from CANDIDATE to LEADER at term 1 for changeToLeader
2019-10-03 19:50:56,853 [815a0680-a07b-4bd6-804e-3e4acced2953@group-3E34E4AEF714-LeaderElection7] INFO  impl.RaftServerImpl (ServerState.java:setLeader(255)) - 815a0680-a07b-4bd6-804e-3e4acced2953@group-3E34E4AEF714: change Leader from null to 815a0680-a07b-4bd6-804e-3e4acced2953 at term 1 for becomeLeader, leader elected after 5164ms
2019-10-03 19:50:56,858 [815a0680-a07b-4bd6-804e-3e4acced2953@group-3E34E4AEF714-LeaderElection7] INFO  server.RaftServerConfigKeys (ConfUtils.java:logGet(43)) - raft.server.staging.catchup.gap = 1000 (default)
2019-10-03 19:50:56,859 [815a0680-a07b-4bd6-804e-3e4acced2953@group-3E34E4AEF714-LeaderElection7] INFO  server.RaftServerConfigKeys (ConfUtils.java:logGet(43)) - raft.server.rpc.sleep.time = 25ms (default)
2019-10-03 19:50:56,859 [815a0680-a07b-4bd6-804e-3e4acced2953@group-3E34E4AEF714-LeaderElection7] INFO  server.RaftServerConfigKeys (ConfUtils.java:logGet(43)) - raft.server.write.element-limit = 4096 (default)
2019-10-03 19:50:56,859 [815a0680-a07b-4bd6-804e-3e4acced2953@group-3E34E4AEF714-LeaderElection7] INFO  server.RaftServerConfigKeys (ConfUtils.java:logGet(43)) - raft.server.watch.timeout = 10s (default)
2019-10-03 19:50:56,859 [815a0680-a07b-4bd6-804e-3e4acced2953@group-3E34E4AEF714-LeaderElection7] INFO  server.RaftServerConfigKeys (ConfUtils.java:logGet(43)) - raft.server.watch.timeout.denomination = 1s (default)
2019-10-03 19:50:56,859 [815a0680-a07b-4bd6-804e-3e4acced2953@group-3E34E4AEF714-LeaderElection7] INFO  server.RaftServerConfigKeys (ConfUtils.java:logGet(43)) - raft.server.watch.element-limit = 65536 (default)
2019-10-03 19:50:56,862 [815a0680-a07b-4bd6-804e-3e4acced2953@group-3E34E4AEF714-LeaderElection7] INFO  impl.RoleInfo (RoleInfo.java:updateAndGet(143)) - 815a0680-a07b-4bd6-804e-3e4acced2953: start LeaderState
2019-10-03 19:50:56,862 [815a0680-a07b-4bd6-804e-3e4acced2953@group-3E34E4AEF714-LeaderElection7] INFO  segmented.SegmentedRaftLogWorker (SegmentedRaftLogWorker.java:startLogSegment(385)) - 815a0680-a07b-4bd6-804e-3e4acced2953@group-3E34E4AEF714-SegmentedRaftLogWorker: Starting segment from index:0
2019-10-03 19:50:56,863 [815a0680-a07b-4bd6-804e-3e4acced2953@group-3E34E4AEF714-LeaderElection7] INFO  impl.RaftServerImpl (ServerState.java:setRaftConf(356)) - 815a0680-a07b-4bd6-804e-3e4acced2953@group-3E34E4AEF714: set configuration 0: [815a0680-a07b-4bd6-804e-3e4acced2953:192.168.30.7:37721], old=null at 0
2019-10-03 19:50:56,928 [Thread-266] INFO  impl.FollowerState (FollowerState.java:run(108)) - afe8e0ac-3506-4965-b697-47ccfd644cac@group-02EC13A97EB0-FollowerState: change to CANDIDATE, lastRpcTime:5060ms, electionTimeout:5060ms
2019-10-03 19:50:56,928 [Thread-266] INFO  impl.RoleInfo (RoleInfo.java:shutdownFollowerState(121)) - afe8e0ac-3506-4965-b697-47ccfd644cac: shutdown FollowerState
2019-10-03 19:50:56,928 [Thread-266] INFO  impl.RaftServerImpl (RaftServerImpl.java:setRole(170)) - afe8e0ac-3506-4965-b697-47ccfd644cac@group-02EC13A97EB0: changes role from  FOLLOWER to CANDIDATE at term 0 for changeToCandidate
2019-10-03 19:50:56,929 [Thread-266] INFO  impl.RoleInfo (RoleInfo.java:updateAndGet(143)) - afe8e0ac-3506-4965-b697-47ccfd644cac: start LeaderElection
2019-10-03 19:50:56,936 [815a0680-a07b-4bd6-804e-3e4acced2953@group-3E34E4AEF714-SegmentedRaftLogWorker] INFO  segmented.SegmentedRaftLogWorker (SegmentedRaftLogWorker.java:execute(574)) - 815a0680-a07b-4bd6-804e-3e4acced2953@group-3E34E4AEF714-SegmentedRaftLogWorker: created new log segment /workdir/hadoop-ozone/integration-test/target/test-dir/MiniOzoneClusterImpl-e8360eeb-84e3-4554-85c7-51c2c812d0b8/datanode-4/data/ratis/96792e47-1a88-4ea5-bf85-3e34e4aef714/current/log_inprogress_0
2019-10-03 19:50:56,961 [afe8e0ac-3506-4965-b697-47ccfd644cac@group-02EC13A97EB0-LeaderElection8] INFO  impl.LeaderElection (LeaderElection.java:askForVotes(178)) - afe8e0ac-3506-4965-b697-47ccfd644cac@group-02EC13A97EB0-LeaderElection8: begin an election at term 1 for -1: [afe8e0ac-3506-4965-b697-47ccfd644cac:192.168.30.7:32847, af7093ab-e47f-4085-b45e-c80cc6933f27:192.168.30.7:33578, 61feef45-068b-4276-880f-0be1024e3fc1:192.168.30.7:35945], old=null
2019-10-03 19:50:56,992 [grpc-default-executor-2] INFO  impl.RaftServerImpl (RaftServerImpl.java:setRole(170)) - af7093ab-e47f-4085-b45e-c80cc6933f27@group-02EC13A97EB0: changes role from  FOLLOWER to FOLLOWER at term 1 for recognizeCandidate:afe8e0ac-3506-4965-b697-47ccfd644cac
2019-10-03 19:50:56,992 [grpc-default-executor-0] INFO  impl.RaftServerImpl (RaftServerImpl.java:setRole(170)) - 61feef45-068b-4276-880f-0be1024e3fc1@group-02EC13A97EB0: changes role from  FOLLOWER to FOLLOWER at term 1 for recognizeCandidate:afe8e0ac-3506-4965-b697-47ccfd644cac
2019-10-03 19:50:56,992 [grpc-default-executor-2] INFO  impl.RoleInfo (RoleInfo.java:shutdownFollowerState(121)) - af7093ab-e47f-4085-b45e-c80cc6933f27: shutdown FollowerState
2019-10-03 19:50:56,992 [grpc-default-executor-0] INFO  impl.RoleInfo (RoleInfo.java:shutdownFollowerState(121)) - 61feef45-068b-4276-880f-0be1024e3fc1: shutdown FollowerState
2019-10-03 19:50:56,992 [Thread-265] INFO  impl.FollowerState (FollowerState.java:run(117)) - af7093ab-e47f-4085-b45e-c80cc6933f27@group-02EC13A97EB0-FollowerState was interrupted: java.lang.InterruptedException: sleep interrupted
2019-10-03 19:50:56,992 [grpc-default-executor-2] INFO  impl.RoleInfo (RoleInfo.java:updateAndGet(143)) - af7093ab-e47f-4085-b45e-c80cc6933f27: start FollowerState
2019-10-03 19:50:56,992 [grpc-default-executor-0] INFO  impl.RoleInfo (RoleInfo.java:updateAndGet(143)) - 61feef45-068b-4276-880f-0be1024e3fc1: start FollowerState
2019-10-03 19:50:56,994 [Thread-264] INFO  impl.FollowerState (FollowerState.java:run(117)) - 61feef45-068b-4276-880f-0be1024e3fc1@group-02EC13A97EB0-FollowerState was interrupted: java.lang.InterruptedException: sleep interrupted
2019-10-03 19:50:57,030 [afe8e0ac-3506-4965-b697-47ccfd644cac@group-02EC13A97EB0-LeaderElection8] INFO  impl.LeaderElection (LeaderElection.java:logAndReturn(56)) - afe8e0ac-3506-4965-b697-47ccfd644cac@group-02EC13A97EB0-LeaderElection8: Election PASSED; received 1 response(s) [afe8e0ac-3506-4965-b697-47ccfd644cac<-af7093ab-e47f-4085-b45e-c80cc6933f27#0:OK-t1] and 0 exception(s); afe8e0ac-3506-4965-b697-47ccfd644cac@group-02EC13A97EB0:t1, leader=null, voted=afe8e0ac-3506-4965-b697-47ccfd644cac, raftlog=afe8e0ac-3506-4965-b697-47ccfd644cac@group-02EC13A97EB0-SegmentedRaftLog:OPENED:c-1,f-1,i0, conf=-1: [afe8e0ac-3506-4965-b697-47ccfd644cac:192.168.30.7:32847, af7093ab-e47f-4085-b45e-c80cc6933f27:192.168.30.7:33578, 61feef45-068b-4276-880f-0be1024e3fc1:192.168.30.7:35945], old=null
2019-10-03 19:50:57,030 [afe8e0ac-3506-4965-b697-47ccfd644cac@group-02EC13A97EB0-LeaderElection8] INFO  impl.RoleInfo (RoleInfo.java:shutdownLeaderElection(134)) - afe8e0ac-3506-4965-b697-47ccfd644cac: shutdown LeaderElection
2019-10-03 19:50:57,032 [afe8e0ac-3506-4965-b697-47ccfd644cac@group-02EC13A97EB0-LeaderElection8] INFO  impl.RaftServerImpl (RaftServerImpl.java:setRole(170)) - afe8e0ac-3506-4965-b697-47ccfd644cac@group-02EC13A97EB0: changes role from CANDIDATE to LEADER at term 1 for changeToLeader
2019-10-03 19:50:57,034 [afe8e0ac-3506-4965-b697-47ccfd644cac@group-02EC13A97EB0-LeaderElection8] INFO  impl.RaftServerImpl (ServerState.java:setLeader(255)) - afe8e0ac-3506-4965-b697-47ccfd644cac@group-02EC13A97EB0: change Leader from null to afe8e0ac-3506-4965-b697-47ccfd644cac at term 1 for becomeLeader, leader elected after 5185ms
2019-10-03 19:50:57,034 [afe8e0ac-3506-4965-b697-47ccfd644cac@group-02EC13A97EB0-LeaderElection8] INFO  server.RaftServerConfigKeys (ConfUtils.java:logGet(43)) - raft.server.staging.catchup.gap = 1000 (default)
2019-10-03 19:50:57,034 [afe8e0ac-3506-4965-b697-47ccfd644cac@group-02EC13A97EB0-LeaderElection8] INFO  server.RaftServerConfigKeys (ConfUtils.java:logGet(43)) - raft.server.rpc.sleep.time = 25ms (default)
2019-10-03 19:50:57,034 [afe8e0ac-3506-4965-b697-47ccfd644cac@group-02EC13A97EB0-LeaderElection8] INFO  server.RaftServerConfigKeys (ConfUtils.java:logGet(43)) - raft.server.write.element-limit = 4096 (default)
2019-10-03 19:50:57,034 [afe8e0ac-3506-4965-b697-47ccfd644cac@group-02EC13A97EB0-LeaderElection8] INFO  server.RaftServerConfigKeys (ConfUtils.java:logGet(43)) - raft.server.watch.timeout = 10s (default)
2019-10-03 19:50:57,034 [afe8e0ac-3506-4965-b697-47ccfd644cac@group-02EC13A97EB0-LeaderElection8] INFO  server.RaftServerConfigKeys (ConfUtils.java:logGet(43)) - raft.server.watch.timeout.denomination = 1s (default)
2019-10-03 19:50:57,034 [afe8e0ac-3506-4965-b697-47ccfd644cac@group-02EC13A97EB0-LeaderElection8] INFO  server.RaftServerConfigKeys (ConfUtils.java:logGet(43)) - raft.server.watch.element-limit = 65536 (default)
2019-10-03 19:50:57,040 [afe8e0ac-3506-4965-b697-47ccfd644cac@group-02EC13A97EB0-LeaderElection8] INFO  server.RaftServerConfigKeys (ConfUtils.java:logGet(43)) - raft.server.log.appender.snapshot.chunk.size.max = 16MB (=16777216) (default)
2019-10-03 19:50:57,040 [afe8e0ac-3506-4965-b697-47ccfd644cac@group-02EC13A97EB0-LeaderElection8] INFO  server.RaftServerConfigKeys (ConfUtils.java:logGet(43)) - raft.server.log.appender.buffer.byte-limit = 33554432 (custom)
2019-10-03 19:50:57,040 [afe8e0ac-3506-4965-b697-47ccfd644cac@group-02EC13A97EB0-LeaderElection8] INFO  server.RaftServerConfigKeys (ConfUtils.java:logGet(43)) - raft.server.log.appender.buffer.element-limit = 1 (custom)
2019-10-03 19:50:57,043 [afe8e0ac-3506-4965-b697-47ccfd644cac@group-02EC13A97EB0-LeaderElection8] INFO  grpc.GrpcConfigKeys$Server (ConfUtils.java:logGet(43)) - raft.grpc.server.leader.outstanding.appends.max = 128 (default)
2019-10-03 19:50:57,043 [afe8e0ac-3506-4965-b697-47ccfd644cac@group-02EC13A97EB0-LeaderElection8] INFO  server.RaftServerConfigKeys (ConfUtils.java:logGet(43)) - raft.server.rpc.request.timeout = 3000ms (default)
2019-10-03 19:50:57,043 [afe8e0ac-3506-4965-b697-47ccfd644cac@group-02EC13A97EB0-LeaderElection8] INFO  server.RaftServerConfigKeys (ConfUtils.java:logGet(43)) - raft.server.log.appender.install.snapshot.enabled = false (custom)
2019-10-03 19:50:57,044 [afe8e0ac-3506-4965-b697-47ccfd644cac@group-02EC13A97EB0-LeaderElection8] INFO  server.RaftServerConfigKeys (ConfUtils.java:logGet(43)) - raft.server.log.appender.snapshot.chunk.size.max = 16MB (=16777216) (default)
2019-10-03 19:50:57,044 [afe8e0ac-3506-4965-b697-47ccfd644cac@group-02EC13A97EB0-LeaderElection8] INFO  server.RaftServerConfigKeys (ConfUtils.java:logGet(43)) - raft.server.log.appender.buffer.byte-limit = 33554432 (custom)
2019-10-03 19:50:57,044 [afe8e0ac-3506-4965-b697-47ccfd644cac@group-02EC13A97EB0-LeaderElection8] INFO  server.RaftServerConfigKeys (ConfUtils.java:logGet(43)) - raft.server.log.appender.buffer.element-limit = 1 (custom)
2019-10-03 19:50:57,045 [afe8e0ac-3506-4965-b697-47ccfd644cac@group-02EC13A97EB0-LeaderElection8] INFO  grpc.GrpcConfigKeys$Server (ConfUtils.java:logGet(43)) - raft.grpc.server.leader.outstanding.appends.max = 128 (default)
2019-10-03 19:50:57,045 [afe8e0ac-3506-4965-b697-47ccfd644cac@group-02EC13A97EB0-LeaderElection8] INFO  server.RaftServerConfigKeys (ConfUtils.java:logGet(43)) - raft.server.rpc.request.timeout = 3000ms (default)
2019-10-03 19:50:57,045 [afe8e0ac-3506-4965-b697-47ccfd644cac@group-02EC13A97EB0-LeaderElection8] INFO  server.RaftServerConfigKeys (ConfUtils.java:logGet(43)) - raft.server.log.appender.install.snapshot.enabled = false (custom)
2019-10-03 19:50:57,046 [afe8e0ac-3506-4965-b697-47ccfd644cac@group-02EC13A97EB0-LeaderElection8] INFO  impl.RoleInfo (RoleInfo.java:updateAndGet(143)) - afe8e0ac-3506-4965-b697-47ccfd644cac: start LeaderState
2019-10-03 19:50:57,046 [afe8e0ac-3506-4965-b697-47ccfd644cac@group-02EC13A97EB0-LeaderElection8] INFO  segmented.SegmentedRaftLogWorker (SegmentedRaftLogWorker.java:startLogSegment(385)) - afe8e0ac-3506-4965-b697-47ccfd644cac@group-02EC13A97EB0-SegmentedRaftLogWorker: Starting segment from index:0
2019-10-03 19:50:57,047 [afe8e0ac-3506-4965-b697-47ccfd644cac@group-02EC13A97EB0-LeaderElection8] INFO  impl.RaftServerImpl (ServerState.java:setRaftConf(356)) - afe8e0ac-3506-4965-b697-47ccfd644cac@group-02EC13A97EB0: set configuration 0: [afe8e0ac-3506-4965-b697-47ccfd644cac:192.168.30.7:32847, af7093ab-e47f-4085-b45e-c80cc6933f27:192.168.30.7:33578, 61feef45-068b-4276-880f-0be1024e3fc1:192.168.30.7:35945], old=null at 0
2019-10-03 19:50:57,082 [Thread-274] INFO  impl.FollowerState (FollowerState.java:run(108)) - 7424ec9f-bd1c-4bb5-bfbf-0d620c5e1719@group-5688AC1E1CAC-FollowerState: change to CANDIDATE, lastRpcTime:5073ms, electionTimeout:5067ms
2019-10-03 19:50:57,084 [Thread-274] INFO  impl.RoleInfo (RoleInfo.java:shutdownFollowerState(121)) - 7424ec9f-bd1c-4bb5-bfbf-0d620c5e1719: shutdown FollowerState
2019-10-03 19:50:57,084 [Thread-274] INFO  impl.RaftServerImpl (RaftServerImpl.java:setRole(170)) - 7424ec9f-bd1c-4bb5-bfbf-0d620c5e1719@group-5688AC1E1CAC: changes role from  FOLLOWER to CANDIDATE at term 0 for changeToCandidate
2019-10-03 19:50:57,084 [Thread-274] INFO  impl.RoleInfo (RoleInfo.java:updateAndGet(143)) - 7424ec9f-bd1c-4bb5-bfbf-0d620c5e1719: start LeaderElection
2019-10-03 19:50:57,113 [afe8e0ac-3506-4965-b697-47ccfd644cac@group-02EC13A97EB0-SegmentedRaftLogWorker] INFO  segmented.SegmentedRaftLogWorker (SegmentedRaftLogWorker.java:execute(574)) - afe8e0ac-3506-4965-b697-47ccfd644cac@group-02EC13A97EB0-SegmentedRaftLogWorker: created new log segment /workdir/hadoop-ozone/integration-test/target/test-dir/MiniOzoneClusterImpl-e8360eeb-84e3-4554-85c7-51c2c812d0b8/datanode-0/data/ratis/e9691c65-dfdc-4474-9dfd-02ec13a97eb0/current/log_inprogress_0
2019-10-03 19:50:57,113 [7424ec9f-bd1c-4bb5-bfbf-0d620c5e1719@group-5688AC1E1CAC-LeaderElection9] INFO  impl.LeaderElection (LeaderElection.java:askForVotes(178)) - 7424ec9f-bd1c-4bb5-bfbf-0d620c5e1719@group-5688AC1E1CAC-LeaderElection9: begin an election at term 1 for -1: [26498bb5-537b-43ac-a036-2a46a4ce2e0c:192.168.30.7:41970, 67364250-31f9-46a2-8464-4e94057f1238:192.168.30.7:37800, 7424ec9f-bd1c-4bb5-bfbf-0d620c5e1719:192.168.30.7:37109], old=null
2019-10-03 19:50:57,134 [grpc-default-executor-0] INFO  impl.RaftServerImpl (ServerState.java:setLeader(255)) - 61feef45-068b-4276-880f-0be1024e3fc1@group-02EC13A97EB0: change Leader from null to afe8e0ac-3506-4965-b697-47ccfd644cac at term 1 for appendEntries, leader elected after 5286ms
2019-10-03 19:50:57,134 [grpc-default-executor-2] INFO  impl.RaftServerImpl (ServerState.java:setLeader(255)) - af7093ab-e47f-4085-b45e-c80cc6933f27@group-02EC13A97EB0: change Leader from null to afe8e0ac-3506-4965-b697-47ccfd644cac at term 1 for appendEntries, leader elected after 5286ms
2019-10-03 19:50:57,163 [Thread-275] INFO  impl.FollowerState (FollowerState.java:run(108)) - 67364250-31f9-46a2-8464-4e94057f1238@group-5688AC1E1CAC-FollowerState: change to CANDIDATE, lastRpcTime:5154ms, electionTimeout:5153ms
2019-10-03 19:50:57,163 [Thread-275] INFO  impl.RoleInfo (RoleInfo.java:shutdownFollowerState(121)) - 67364250-31f9-46a2-8464-4e94057f1238: shutdown FollowerState
2019-10-03 19:50:57,163 [Thread-275] INFO  impl.RaftServerImpl (RaftServerImpl.java:setRole(170)) - 67364250-31f9-46a2-8464-4e94057f1238@group-5688AC1E1CAC: changes role from  FOLLOWER to CANDIDATE at term 0 for changeToCandidate
2019-10-03 19:50:57,165 [grpc-default-executor-3] INFO  impl.RaftServerImpl (RaftServerImpl.java:setRole(170)) - 26498bb5-537b-43ac-a036-2a46a4ce2e0c@group-5688AC1E1CAC: changes role from  FOLLOWER to FOLLOWER at term 1 for recognizeCandidate:7424ec9f-bd1c-4bb5-bfbf-0d620c5e1719
2019-10-03 19:50:57,168 [grpc-default-executor-3] INFO  impl.RoleInfo (RoleInfo.java:shutdownFollowerState(121)) - 26498bb5-537b-43ac-a036-2a46a4ce2e0c: shutdown FollowerState
2019-10-03 19:50:57,168 [Thread-275] INFO  impl.RoleInfo (RoleInfo.java:updateAndGet(143)) - 67364250-31f9-46a2-8464-4e94057f1238: start LeaderElection
2019-10-03 19:50:57,168 [grpc-default-executor-3] INFO  impl.RoleInfo (RoleInfo.java:updateAndGet(143)) - 26498bb5-537b-43ac-a036-2a46a4ce2e0c: start FollowerState
2019-10-03 19:50:57,168 [Thread-273] INFO  impl.FollowerState (FollowerState.java:run(117)) - 26498bb5-537b-43ac-a036-2a46a4ce2e0c@group-5688AC1E1CAC-FollowerState was interrupted: java.lang.InterruptedException: sleep interrupted
2019-10-03 19:50:57,171 [grpc-default-executor-1] INFO  impl.RaftServerImpl (RaftServerImpl.java:setRole(170)) - 67364250-31f9-46a2-8464-4e94057f1238@group-5688AC1E1CAC: changes role from CANDIDATE to FOLLOWER at term 1 for recognizeCandidate:7424ec9f-bd1c-4bb5-bfbf-0d620c5e1719
2019-10-03 19:50:57,174 [grpc-default-executor-1] INFO  impl.RoleInfo (RoleInfo.java:shutdownLeaderElection(134)) - 67364250-31f9-46a2-8464-4e94057f1238: shutdown LeaderElection
2019-10-03 19:50:57,175 [grpc-default-executor-1] INFO  impl.RoleInfo (RoleInfo.java:updateAndGet(143)) - 67364250-31f9-46a2-8464-4e94057f1238: start FollowerState
2019-10-03 19:50:57,196 [grpc-default-executor-2] INFO  impl.RaftServerImpl (ServerState.java:setRaftConf(356)) - af7093ab-e47f-4085-b45e-c80cc6933f27@group-02EC13A97EB0: set configuration 0: [afe8e0ac-3506-4965-b697-47ccfd644cac:192.168.30.7:32847, af7093ab-e47f-4085-b45e-c80cc6933f27:192.168.30.7:33578, 61feef45-068b-4276-880f-0be1024e3fc1:192.168.30.7:35945], old=null at 0
2019-10-03 19:50:57,196 [grpc-default-executor-0] INFO  impl.RaftServerImpl (ServerState.java:setRaftConf(356)) - 61feef45-068b-4276-880f-0be1024e3fc1@group-02EC13A97EB0: set configuration 0: [afe8e0ac-3506-4965-b697-47ccfd644cac:192.168.30.7:32847, af7093ab-e47f-4085-b45e-c80cc6933f27:192.168.30.7:33578, 61feef45-068b-4276-880f-0be1024e3fc1:192.168.30.7:35945], old=null at 0
2019-10-03 19:50:57,196 [grpc-default-executor-2] INFO  segmented.SegmentedRaftLogWorker (SegmentedRaftLogWorker.java:startLogSegment(385)) - af7093ab-e47f-4085-b45e-c80cc6933f27@group-02EC13A97EB0-SegmentedRaftLogWorker: Starting segment from index:0
2019-10-03 19:50:57,196 [grpc-default-executor-0] INFO  segmented.SegmentedRaftLogWorker (SegmentedRaftLogWorker.java:startLogSegment(385)) - 61feef45-068b-4276-880f-0be1024e3fc1@group-02EC13A97EB0-SegmentedRaftLogWorker: Starting segment from index:0
2019-10-03 19:50:57,242 [67364250-31f9-46a2-8464-4e94057f1238@group-5688AC1E1CAC-LeaderElection10] INFO  impl.LeaderElection (LeaderElection.java:askForVotes(178)) - 67364250-31f9-46a2-8464-4e94057f1238@group-5688AC1E1CAC-LeaderElection10: begin an election at term 2 for -1: [26498bb5-537b-43ac-a036-2a46a4ce2e0c:192.168.30.7:41970, 67364250-31f9-46a2-8464-4e94057f1238:192.168.30.7:37800, 7424ec9f-bd1c-4bb5-bfbf-0d620c5e1719:192.168.30.7:37109], old=null
2019-10-03 19:50:57,244 [67364250-31f9-46a2-8464-4e94057f1238@group-5688AC1E1CAC-LeaderElection10] INFO  impl.LeaderElection (LeaderElection.java:logAndReturn(56)) - 67364250-31f9-46a2-8464-4e94057f1238@group-5688AC1E1CAC-LeaderElection10: Election REJECTED; received 0 response(s) [] and 0 exception(s); 67364250-31f9-46a2-8464-4e94057f1238@group-5688AC1E1CAC:t2, leader=null, voted=67364250-31f9-46a2-8464-4e94057f1238, raftlog=67364250-31f9-46a2-8464-4e94057f1238@group-5688AC1E1CAC-SegmentedRaftLog:OPENED:c-1,f-1,i0, conf=-1: [26498bb5-537b-43ac-a036-2a46a4ce2e0c:192.168.30.7:41970, 67364250-31f9-46a2-8464-4e94057f1238:192.168.30.7:37800, 7424ec9f-bd1c-4bb5-bfbf-0d620c5e1719:192.168.30.7:37109], old=null
2019-10-03 19:50:57,244 [7424ec9f-bd1c-4bb5-bfbf-0d620c5e1719@group-5688AC1E1CAC-LeaderElection9] INFO  impl.LeaderElection (LeaderElection.java:logAndReturn(56)) - 7424ec9f-bd1c-4bb5-bfbf-0d620c5e1719@group-5688AC1E1CAC-LeaderElection9: Election PASSED; received 2 response(s) [7424ec9f-bd1c-4bb5-bfbf-0d620c5e1719<-26498bb5-537b-43ac-a036-2a46a4ce2e0c#0:OK-t1, 7424ec9f-bd1c-4bb5-bfbf-0d620c5e1719<-67364250-31f9-46a2-8464-4e94057f1238#0:FAIL-t1] and 0 exception(s); 7424ec9f-bd1c-4bb5-bfbf-0d620c5e1719@group-5688AC1E1CAC:t1, leader=null, voted=7424ec9f-bd1c-4bb5-bfbf-0d620c5e1719, raftlog=7424ec9f-bd1c-4bb5-bfbf-0d620c5e1719@group-5688AC1E1CAC-SegmentedRaftLog:OPENED:c-1,f-1,i0, conf=-1: [26498bb5-537b-43ac-a036-2a46a4ce2e0c:192.168.30.7:41970, 67364250-31f9-46a2-8464-4e94057f1238:192.168.30.7:37800, 7424ec9f-bd1c-4bb5-bfbf-0d620c5e1719:192.168.30.7:37109], old=null
2019-10-03 19:50:57,248 [7424ec9f-bd1c-4bb5-bfbf-0d620c5e1719@group-5688AC1E1CAC-LeaderElection9] INFO  impl.RoleInfo (RoleInfo.java:shutdownLeaderElection(134)) - 7424ec9f-bd1c-4bb5-bfbf-0d620c5e1719: shutdown LeaderElection
2019-10-03 19:50:57,251 [7424ec9f-bd1c-4bb5-bfbf-0d620c5e1719@group-5688AC1E1CAC-LeaderElection9] INFO  impl.RaftServerImpl (RaftServerImpl.java:setRole(170)) - 7424ec9f-bd1c-4bb5-bfbf-0d620c5e1719@group-5688AC1E1CAC: changes role from CANDIDATE to LEADER at term 1 for changeToLeader
2019-10-03 19:50:57,253 [7424ec9f-bd1c-4bb5-bfbf-0d620c5e1719@group-5688AC1E1CAC-LeaderElection9] INFO  impl.RaftServerImpl (ServerState.java:setLeader(255)) - 7424ec9f-bd1c-4bb5-bfbf-0d620c5e1719@group-5688AC1E1CAC: change Leader from null to 7424ec9f-bd1c-4bb5-bfbf-0d620c5e1719 at term 1 for becomeLeader, leader elected after 5260ms
2019-10-03 19:50:57,253 [7424ec9f-bd1c-4bb5-bfbf-0d620c5e1719@group-5688AC1E1CAC-LeaderElection9] INFO  server.RaftServerConfigKeys (ConfUtils.java:logGet(43)) - raft.server.staging.catchup.gap = 1000 (default)
2019-10-03 19:50:57,254 [7424ec9f-bd1c-4bb5-bfbf-0d620c5e1719@group-5688AC1E1CAC-LeaderElection9] INFO  server.RaftServerConfigKeys (ConfUtils.java:logGet(43)) - raft.server.rpc.sleep.time = 25ms (default)
2019-10-03 19:50:57,254 [7424ec9f-bd1c-4bb5-bfbf-0d620c5e1719@group-5688AC1E1CAC-LeaderElection9] INFO  server.RaftServerConfigKeys (ConfUtils.java:logGet(43)) - raft.server.write.element-limit = 4096 (default)
2019-10-03 19:50:57,254 [7424ec9f-bd1c-4bb5-bfbf-0d620c5e1719@group-5688AC1E1CAC-LeaderElection9] INFO  server.RaftServerConfigKeys (ConfUtils.java:logGet(43)) - raft.server.watch.timeout = 10s (default)
2019-10-03 19:50:57,254 [7424ec9f-bd1c-4bb5-bfbf-0d620c5e1719@group-5688AC1E1CAC-LeaderElection9] INFO  server.RaftServerConfigKeys (ConfUtils.java:logGet(43)) - raft.server.watch.timeout.denomination = 1s (default)
2019-10-03 19:50:57,254 [7424ec9f-bd1c-4bb5-bfbf-0d620c5e1719@group-5688AC1E1CAC-LeaderElection9] INFO  server.RaftServerConfigKeys (ConfUtils.java:logGet(43)) - raft.server.watch.element-limit = 65536 (default)
2019-10-03 19:50:57,263 [61feef45-068b-4276-880f-0be1024e3fc1@group-02EC13A97EB0-SegmentedRaftLogWorker] INFO  segmented.SegmentedRaftLogWorker (SegmentedRaftLogWorker.java:execute(574)) - 61feef45-068b-4276-880f-0be1024e3fc1@group-02EC13A97EB0-SegmentedRaftLogWorker: created new log segment /workdir/hadoop-ozone/integration-test/target/test-dir/MiniOzoneClusterImpl-e8360eeb-84e3-4554-85c7-51c2c812d0b8/datanode-5/data/ratis/e9691c65-dfdc-4474-9dfd-02ec13a97eb0/current/log_inprogress_0
2019-10-03 19:50:57,263 [af7093ab-e47f-4085-b45e-c80cc6933f27@group-02EC13A97EB0-SegmentedRaftLogWorker] INFO  segmented.SegmentedRaftLogWorker (SegmentedRaftLogWorker.java:execute(574)) - af7093ab-e47f-4085-b45e-c80cc6933f27@group-02EC13A97EB0-SegmentedRaftLogWorker: created new log segment /workdir/hadoop-ozone/integration-test/target/test-dir/MiniOzoneClusterImpl-e8360eeb-84e3-4554-85c7-51c2c812d0b8/datanode-6/data/ratis/e9691c65-dfdc-4474-9dfd-02ec13a97eb0/current/log_inprogress_0
2019-10-03 19:50:57,267 [7424ec9f-bd1c-4bb5-bfbf-0d620c5e1719@group-5688AC1E1CAC-LeaderElection9] INFO  server.RaftServerConfigKeys (ConfUtils.java:logGet(43)) - raft.server.log.appender.snapshot.chunk.size.max = 16MB (=16777216) (default)
2019-10-03 19:50:57,268 [7424ec9f-bd1c-4bb5-bfbf-0d620c5e1719@group-5688AC1E1CAC-LeaderElection9] INFO  server.RaftServerConfigKeys (ConfUtils.java:logGet(43)) - raft.server.log.appender.buffer.byte-limit = 33554432 (custom)
2019-10-03 19:50:57,270 [7424ec9f-bd1c-4bb5-bfbf-0d620c5e1719@group-5688AC1E1CAC-LeaderElection9] INFO  server.RaftServerConfigKeys (ConfUtils.java:logGet(43)) - raft.server.log.appender.buffer.element-limit = 1 (custom)
2019-10-03 19:50:57,271 [grpc-default-executor-3] INFO  impl.RaftServerImpl (RaftServerImpl.java:setRole(170)) - 26498bb5-537b-43ac-a036-2a46a4ce2e0c@group-5688AC1E1CAC: changes role from  FOLLOWER to FOLLOWER at term 2 for recognizeCandidate:67364250-31f9-46a2-8464-4e94057f1238
2019-10-03 19:50:57,271 [7424ec9f-bd1c-4bb5-bfbf-0d620c5e1719@group-5688AC1E1CAC-LeaderElection9] INFO  grpc.GrpcConfigKeys$Server (ConfUtils.java:logGet(43)) - raft.grpc.server.leader.outstanding.appends.max = 128 (default)
2019-10-03 19:50:57,272 [grpc-default-executor-3] INFO  impl.RoleInfo (RoleInfo.java:shutdownFollowerState(121)) - 26498bb5-537b-43ac-a036-2a46a4ce2e0c: shutdown FollowerState
2019-10-03 19:50:57,273 [7424ec9f-bd1c-4bb5-bfbf-0d620c5e1719@group-5688AC1E1CAC-LeaderElection9] INFO  server.RaftServerConfigKeys (ConfUtils.java:logGet(43)) - raft.server.rpc.request.timeout = 3000ms (default)
2019-10-03 19:50:57,273 [Thread-321] INFO  impl.FollowerState (FollowerState.java:run(117)) - 26498bb5-537b-43ac-a036-2a46a4ce2e0c@group-5688AC1E1CAC-FollowerState was interrupted: java.lang.InterruptedException: sleep interrupted
2019-10-03 19:50:57,273 [grpc-default-executor-3] INFO  impl.RoleInfo (RoleInfo.java:updateAndGet(143)) - 26498bb5-537b-43ac-a036-2a46a4ce2e0c: start FollowerState
2019-10-03 19:50:57,273 [7424ec9f-bd1c-4bb5-bfbf-0d620c5e1719@group-5688AC1E1CAC-LeaderElection9] INFO  server.RaftServerConfigKeys (ConfUtils.java:logGet(43)) - raft.server.log.appender.install.snapshot.enabled = false (custom)
2019-10-03 19:50:57,275 [7424ec9f-bd1c-4bb5-bfbf-0d620c5e1719@group-5688AC1E1CAC-LeaderElection9] INFO  server.RaftServerConfigKeys (ConfUtils.java:logGet(43)) - raft.server.log.appender.snapshot.chunk.size.max = 16MB (=16777216) (default)
2019-10-03 19:50:57,275 [7424ec9f-bd1c-4bb5-bfbf-0d620c5e1719@group-5688AC1E1CAC-LeaderElection9] INFO  server.RaftServerConfigKeys (ConfUtils.java:logGet(43)) - raft.server.log.appender.buffer.byte-limit = 33554432 (custom)
2019-10-03 19:50:57,276 [7424ec9f-bd1c-4bb5-bfbf-0d620c5e1719@group-5688AC1E1CAC-LeaderElection9] INFO  server.RaftServerConfigKeys (ConfUtils.java:logGet(43)) - raft.server.log.appender.buffer.element-limit = 1 (custom)
2019-10-03 19:50:57,276 [7424ec9f-bd1c-4bb5-bfbf-0d620c5e1719@group-5688AC1E1CAC-LeaderElection9] INFO  grpc.GrpcConfigKeys$Server (ConfUtils.java:logGet(43)) - raft.grpc.server.leader.outstanding.appends.max = 128 (default)
2019-10-03 19:50:57,276 [7424ec9f-bd1c-4bb5-bfbf-0d620c5e1719@group-5688AC1E1CAC-LeaderElection9] INFO  server.RaftServerConfigKeys (ConfUtils.java:logGet(43)) - raft.server.rpc.request.timeout = 3000ms (default)
2019-10-03 19:50:57,276 [7424ec9f-bd1c-4bb5-bfbf-0d620c5e1719@group-5688AC1E1CAC-LeaderElection9] INFO  server.RaftServerConfigKeys (ConfUtils.java:logGet(43)) - raft.server.log.appender.install.snapshot.enabled = false (custom)
2019-10-03 19:50:57,277 [7424ec9f-bd1c-4bb5-bfbf-0d620c5e1719@group-5688AC1E1CAC-LeaderElection9] INFO  impl.RoleInfo (RoleInfo.java:updateAndGet(143)) - 7424ec9f-bd1c-4bb5-bfbf-0d620c5e1719: start LeaderState
2019-10-03 19:50:57,279 [7424ec9f-bd1c-4bb5-bfbf-0d620c5e1719@group-5688AC1E1CAC-LeaderElection9] INFO  segmented.SegmentedRaftLogWorker (SegmentedRaftLogWorker.java:startLogSegment(385)) - 7424ec9f-bd1c-4bb5-bfbf-0d620c5e1719@group-5688AC1E1CAC-SegmentedRaftLogWorker: Starting segment from index:0
2019-10-03 19:50:57,282 [7424ec9f-bd1c-4bb5-bfbf-0d620c5e1719@group-5688AC1E1CAC-LeaderElection9] INFO  impl.RaftServerImpl (ServerState.java:setRaftConf(356)) - 7424ec9f-bd1c-4bb5-bfbf-0d620c5e1719@group-5688AC1E1CAC: set configuration 0: [26498bb5-537b-43ac-a036-2a46a4ce2e0c:192.168.30.7:41970, 67364250-31f9-46a2-8464-4e94057f1238:192.168.30.7:37800, 7424ec9f-bd1c-4bb5-bfbf-0d620c5e1719:192.168.30.7:37109], old=null at 0
2019-10-03 19:50:57,325 [grpc-default-executor-1] INFO  impl.RaftServerImpl (ServerState.java:setLeader(255)) - 7424ec9f-bd1c-4bb5-bfbf-0d620c5e1719@group-5688AC1E1CAC: change Leader from 7424ec9f-bd1c-4bb5-bfbf-0d620c5e1719 to null at term 2 for updateCurrentTerm
2019-10-03 19:50:57,326 [grpc-default-executor-1] INFO  impl.RaftServerImpl (RaftServerImpl.java:setRole(170)) - 7424ec9f-bd1c-4bb5-bfbf-0d620c5e1719@group-5688AC1E1CAC: changes role from    LEADER to FOLLOWER at term 2 for recognizeCandidate:67364250-31f9-46a2-8464-4e94057f1238
2019-10-03 19:50:57,326 [grpc-default-executor-1] INFO  impl.RoleInfo (RoleInfo.java:shutdownLeaderState(104)) - 7424ec9f-bd1c-4bb5-bfbf-0d620c5e1719: shutdown LeaderState
2019-10-03 19:50:57,333 [org.apache.ratis.server.impl.LogAppender$AppenderDaemon$$Lambda$540/1062822380@26e5c1e9] WARN  server.GrpcLogAppender (GrpcLogAppender.java:mayWait(143)) - 7424ec9f-bd1c-4bb5-bfbf-0d620c5e1719@group-5688AC1E1CAC->67364250-31f9-46a2-8464-4e94057f1238-GrpcLogAppender: Wait interrupted by java.lang.InterruptedException
2019-10-03 19:50:57,335 [org.apache.ratis.server.impl.LogAppender$AppenderDaemon$$Lambda$540/1062822380@1017da9b] WARN  server.GrpcLogAppender (GrpcLogAppender.java:mayWait(143)) - 7424ec9f-bd1c-4bb5-bfbf-0d620c5e1719@group-5688AC1E1CAC->26498bb5-537b-43ac-a036-2a46a4ce2e0c-GrpcLogAppender: Wait interrupted by java.lang.InterruptedException
2019-10-03 19:50:57,336 [grpc-default-executor-1] INFO  impl.PendingRequests (PendingRequests.java:sendNotLeaderResponses(202)) - 7424ec9f-bd1c-4bb5-bfbf-0d620c5e1719@group-5688AC1E1CAC-PendingRequests: sendNotLeaderResponses
2019-10-03 19:50:57,344 [grpc-default-executor-1] INFO  impl.RoleInfo (RoleInfo.java:updateAndGet(143)) - 7424ec9f-bd1c-4bb5-bfbf-0d620c5e1719: start FollowerState
2019-10-03 19:50:57,346 [grpc-default-executor-3] INFO  server.GrpcServerProtocolService (GrpcServerProtocolService.java:onCompleted(113)) - 26498bb5-537b-43ac-a036-2a46a4ce2e0c: Completed APPEND_ENTRIES, lastRequest: 7424ec9f-bd1c-4bb5-bfbf-0d620c5e1719->26498bb5-537b-43ac-a036-2a46a4ce2e0c#0-t1, previous=(t:0, i:0), leaderCommit=-1, initializing? false, entries: <empty>
2019-10-03 19:50:57,346 [grpc-default-executor-2] INFO  server.GrpcServerProtocolService (GrpcServerProtocolService.java:onCompleted(113)) - 67364250-31f9-46a2-8464-4e94057f1238: Completed APPEND_ENTRIES, lastRequest: 7424ec9f-bd1c-4bb5-bfbf-0d620c5e1719->67364250-31f9-46a2-8464-4e94057f1238#0-t1, previous=(t:0, i:0), leaderCommit=-1, initializing? false, entries: <empty>
2019-10-03 19:50:57,358 [7424ec9f-bd1c-4bb5-bfbf-0d620c5e1719@group-5688AC1E1CAC-SegmentedRaftLogWorker] INFO  segmented.SegmentedRaftLogWorker (SegmentedRaftLogWorker.java:execute(574)) - 7424ec9f-bd1c-4bb5-bfbf-0d620c5e1719@group-5688AC1E1CAC-SegmentedRaftLogWorker: created new log segment /workdir/hadoop-ozone/integration-test/target/test-dir/MiniOzoneClusterImpl-e8360eeb-84e3-4554-85c7-51c2c812d0b8/datanode-3/data/ratis/2e12f07c-f60e-4195-ad21-5688ac1e1cac/current/log_inprogress_0
2019-10-03 19:50:57,373 [grpc-default-executor-5] INFO  server.GrpcLogAppender (GrpcLogAppender.java:onCompleted(293)) - 7424ec9f-bd1c-4bb5-bfbf-0d620c5e1719@group-5688AC1E1CAC->67364250-31f9-46a2-8464-4e94057f1238-AppendLogResponseHandler: follower responses appendEntries COMPLETED
2019-10-03 19:50:57,373 [grpc-default-executor-4] INFO  server.GrpcLogAppender (GrpcLogAppender.java:onCompleted(293)) - 7424ec9f-bd1c-4bb5-bfbf-0d620c5e1719@group-5688AC1E1CAC->26498bb5-537b-43ac-a036-2a46a4ce2e0c-AppendLogResponseHandler: follower responses appendEntries COMPLETED
2019-10-03 19:50:57,384 [grpc-default-executor-5] INFO  impl.FollowerInfo (FollowerInfo.java:lambda$new$0(51)) - 7424ec9f-bd1c-4bb5-bfbf-0d620c5e1719@group-5688AC1E1CAC->67364250-31f9-46a2-8464-4e94057f1238: nextIndex: updateUnconditionally 0 -> 0
2019-10-03 19:50:57,385 [grpc-default-executor-4] INFO  impl.FollowerInfo (FollowerInfo.java:lambda$new$0(51)) - 7424ec9f-bd1c-4bb5-bfbf-0d620c5e1719@group-5688AC1E1CAC->26498bb5-537b-43ac-a036-2a46a4ce2e0c: nextIndex: updateUnconditionally 0 -> 0
2019-10-03 19:50:58,649 [Datanode State Machine Thread - 0] INFO  statemachine.DatanodeStateMachine (DatanodeStateMachine.java:lambda$startDaemon$0(350)) - Ozone container server started.
2019-10-03 19:51:02,268 [Thread-322] INFO  impl.FollowerState (FollowerState.java:run(108)) - 67364250-31f9-46a2-8464-4e94057f1238@group-5688AC1E1CAC-FollowerState: change to CANDIDATE, lastRpcTime:5093ms, electionTimeout:5093ms
2019-10-03 19:51:02,269 [Thread-322] INFO  impl.RoleInfo (RoleInfo.java:shutdownFollowerState(121)) - 67364250-31f9-46a2-8464-4e94057f1238: shutdown FollowerState
2019-10-03 19:51:02,269 [Thread-322] INFO  impl.RaftServerImpl (RaftServerImpl.java:setRole(170)) - 67364250-31f9-46a2-8464-4e94057f1238@group-5688AC1E1CAC: changes role from  FOLLOWER to CANDIDATE at term 2 for changeToCandidate
2019-10-03 19:51:02,269 [Thread-322] INFO  impl.RoleInfo (RoleInfo.java:updateAndGet(143)) - 67364250-31f9-46a2-8464-4e94057f1238: start LeaderElection
2019-10-03 19:51:02,297 [67364250-31f9-46a2-8464-4e94057f1238@group-5688AC1E1CAC-LeaderElection11] INFO  impl.LeaderElection (LeaderElection.java:askForVotes(178)) - 67364250-31f9-46a2-8464-4e94057f1238@group-5688AC1E1CAC-LeaderElection11: begin an election at term 3 for -1: [26498bb5-537b-43ac-a036-2a46a4ce2e0c:192.168.30.7:41970, 67364250-31f9-46a2-8464-4e94057f1238:192.168.30.7:37800, 7424ec9f-bd1c-4bb5-bfbf-0d620c5e1719:192.168.30.7:37109], old=null
2019-10-03 19:51:02,309 [grpc-default-executor-4] INFO  impl.RaftServerImpl (RaftServerImpl.java:setRole(170)) - 26498bb5-537b-43ac-a036-2a46a4ce2e0c@group-5688AC1E1CAC: changes role from  FOLLOWER to FOLLOWER at term 3 for recognizeCandidate:67364250-31f9-46a2-8464-4e94057f1238
2019-10-03 19:51:02,309 [grpc-default-executor-2] INFO  impl.RaftServerImpl (RaftServerImpl.java:setRole(170)) - 7424ec9f-bd1c-4bb5-bfbf-0d620c5e1719@group-5688AC1E1CAC: changes role from  FOLLOWER to FOLLOWER at term 3 for recognizeCandidate:67364250-31f9-46a2-8464-4e94057f1238
2019-10-03 19:51:02,309 [grpc-default-executor-4] INFO  impl.RoleInfo (RoleInfo.java:shutdownFollowerState(121)) - 26498bb5-537b-43ac-a036-2a46a4ce2e0c: shutdown FollowerState
2019-10-03 19:51:02,309 [grpc-default-executor-2] INFO  impl.RoleInfo (RoleInfo.java:shutdownFollowerState(121)) - 7424ec9f-bd1c-4bb5-bfbf-0d620c5e1719: shutdown FollowerState
2019-10-03 19:51:02,310 [Thread-327] INFO  impl.FollowerState (FollowerState.java:run(117)) - 26498bb5-537b-43ac-a036-2a46a4ce2e0c@group-5688AC1E1CAC-FollowerState was interrupted: java.lang.InterruptedException: sleep interrupted
2019-10-03 19:51:02,310 [grpc-default-executor-4] INFO  impl.RoleInfo (RoleInfo.java:updateAndGet(143)) - 26498bb5-537b-43ac-a036-2a46a4ce2e0c: start FollowerState
2019-10-03 19:51:02,312 [grpc-default-executor-2] INFO  impl.RoleInfo (RoleInfo.java:updateAndGet(143)) - 7424ec9f-bd1c-4bb5-bfbf-0d620c5e1719: start FollowerState
2019-10-03 19:51:02,311 [Thread-334] INFO  impl.FollowerState (FollowerState.java:run(117)) - 7424ec9f-bd1c-4bb5-bfbf-0d620c5e1719@group-5688AC1E1CAC-FollowerState was interrupted: java.lang.InterruptedException: sleep interrupted
2019-10-03 19:51:02,340 [67364250-31f9-46a2-8464-4e94057f1238@group-5688AC1E1CAC-LeaderElection11] INFO  impl.LeaderElection (LeaderElection.java:logAndReturn(56)) - 67364250-31f9-46a2-8464-4e94057f1238@group-5688AC1E1CAC-LeaderElection11: Election PASSED; received 2 response(s) [67364250-31f9-46a2-8464-4e94057f1238<-26498bb5-537b-43ac-a036-2a46a4ce2e0c#0:OK-t3, 67364250-31f9-46a2-8464-4e94057f1238<-7424ec9f-bd1c-4bb5-bfbf-0d620c5e1719#0:FAIL-t3] and 0 exception(s); 67364250-31f9-46a2-8464-4e94057f1238@group-5688AC1E1CAC:t3, leader=null, voted=67364250-31f9-46a2-8464-4e94057f1238, raftlog=67364250-31f9-46a2-8464-4e94057f1238@group-5688AC1E1CAC-SegmentedRaftLog:OPENED:c-1,f-1,i0, conf=-1: [26498bb5-537b-43ac-a036-2a46a4ce2e0c:192.168.30.7:41970, 67364250-31f9-46a2-8464-4e94057f1238:192.168.30.7:37800, 7424ec9f-bd1c-4bb5-bfbf-0d620c5e1719:192.168.30.7:37109], old=null
2019-10-03 19:51:02,340 [67364250-31f9-46a2-8464-4e94057f1238@group-5688AC1E1CAC-LeaderElection11] INFO  impl.RoleInfo (RoleInfo.java:shutdownLeaderElection(134)) - 67364250-31f9-46a2-8464-4e94057f1238: shutdown LeaderElection
2019-10-03 19:51:02,344 [67364250-31f9-46a2-8464-4e94057f1238@group-5688AC1E1CAC-LeaderElection11] INFO  impl.RaftServerImpl (RaftServerImpl.java:setRole(170)) - 67364250-31f9-46a2-8464-4e94057f1238@group-5688AC1E1CAC: changes role from CANDIDATE to LEADER at term 3 for changeToLeader
2019-10-03 19:51:02,344 [67364250-31f9-46a2-8464-4e94057f1238@group-5688AC1E1CAC-LeaderElection11] INFO  impl.RaftServerImpl (ServerState.java:setLeader(255)) - 67364250-31f9-46a2-8464-4e94057f1238@group-5688AC1E1CAC: change Leader from null to 67364250-31f9-46a2-8464-4e94057f1238 at term 3 for becomeLeader, leader elected after 10353ms
2019-10-03 19:51:02,344 [67364250-31f9-46a2-8464-4e94057f1238@group-5688AC1E1CAC-LeaderElection11] INFO  server.RaftServerConfigKeys (ConfUtils.java:logGet(43)) - raft.server.staging.catchup.gap = 1000 (default)
2019-10-03 19:51:02,345 [67364250-31f9-46a2-8464-4e94057f1238@group-5688AC1E1CAC-LeaderElection11] INFO  server.RaftServerConfigKeys (ConfUtils.java:logGet(43)) - raft.server.rpc.sleep.time = 25ms (default)
2019-10-03 19:51:02,345 [67364250-31f9-46a2-8464-4e94057f1238@group-5688AC1E1CAC-LeaderElection11] INFO  server.RaftServerConfigKeys (ConfUtils.java:logGet(43)) - raft.server.write.element-limit = 4096 (default)
2019-10-03 19:51:02,345 [67364250-31f9-46a2-8464-4e94057f1238@group-5688AC1E1CAC-LeaderElection11] INFO  server.RaftServerConfigKeys (ConfUtils.java:logGet(43)) - raft.server.watch.timeout = 10s (default)
2019-10-03 19:51:02,345 [67364250-31f9-46a2-8464-4e94057f1238@group-5688AC1E1CAC-LeaderElection11] INFO  server.RaftServerConfigKeys (ConfUtils.java:logGet(43)) - raft.server.watch.timeout.denomination = 1s (default)
2019-10-03 19:51:02,345 [67364250-31f9-46a2-8464-4e94057f1238@group-5688AC1E1CAC-LeaderElection11] INFO  server.RaftServerConfigKeys (ConfUtils.java:logGet(43)) - raft.server.watch.element-limit = 65536 (default)
2019-10-03 19:51:02,351 [67364250-31f9-46a2-8464-4e94057f1238@group-5688AC1E1CAC-LeaderElection11] INFO  server.RaftServerConfigKeys (ConfUtils.java:logGet(43)) - raft.server.log.appender.snapshot.chunk.size.max = 16MB (=16777216) (default)
2019-10-03 19:51:02,351 [67364250-31f9-46a2-8464-4e94057f1238@group-5688AC1E1CAC-LeaderElection11] INFO  server.RaftServerConfigKeys (ConfUtils.java:logGet(43)) - raft.server.log.appender.buffer.byte-limit = 33554432 (custom)
2019-10-03 19:51:02,352 [67364250-31f9-46a2-8464-4e94057f1238@group-5688AC1E1CAC-LeaderElection11] INFO  server.RaftServerConfigKeys (ConfUtils.java:logGet(43)) - raft.server.log.appender.buffer.element-limit = 1 (custom)
2019-10-03 19:51:02,352 [67364250-31f9-46a2-8464-4e94057f1238@group-5688AC1E1CAC-LeaderElection11] INFO  grpc.GrpcConfigKeys$Server (ConfUtils.java:logGet(43)) - raft.grpc.server.leader.outstanding.appends.max = 128 (default)
2019-10-03 19:51:02,352 [67364250-31f9-46a2-8464-4e94057f1238@group-5688AC1E1CAC-LeaderElection11] INFO  server.RaftServerConfigKeys (ConfUtils.java:logGet(43)) - raft.server.rpc.request.timeout = 3000ms (default)
2019-10-03 19:51:02,352 [67364250-31f9-46a2-8464-4e94057f1238@group-5688AC1E1CAC-LeaderElection11] INFO  server.RaftServerConfigKeys (ConfUtils.java:logGet(43)) - raft.server.log.appender.install.snapshot.enabled = false (custom)
2019-10-03 19:51:02,353 [67364250-31f9-46a2-8464-4e94057f1238@group-5688AC1E1CAC-LeaderElection11] INFO  server.RaftServerConfigKeys (ConfUtils.java:logGet(43)) - raft.server.log.appender.snapshot.chunk.size.max = 16MB (=16777216) (default)
2019-10-03 19:51:02,353 [67364250-31f9-46a2-8464-4e94057f1238@group-5688AC1E1CAC-LeaderElection11] INFO  server.RaftServerConfigKeys (ConfUtils.java:logGet(43)) - raft.server.log.appender.buffer.byte-limit = 33554432 (custom)
2019-10-03 19:51:02,353 [67364250-31f9-46a2-8464-4e94057f1238@group-5688AC1E1CAC-LeaderElection11] INFO  server.RaftServerConfigKeys (ConfUtils.java:logGet(43)) - raft.server.log.appender.buffer.element-limit = 1 (custom)
2019-10-03 19:51:02,353 [67364250-31f9-46a2-8464-4e94057f1238@group-5688AC1E1CAC-LeaderElection11] INFO  grpc.GrpcConfigKeys$Server (ConfUtils.java:logGet(43)) - raft.grpc.server.leader.outstanding.appends.max = 128 (default)
2019-10-03 19:51:02,353 [67364250-31f9-46a2-8464-4e94057f1238@group-5688AC1E1CAC-LeaderElection11] INFO  server.RaftServerConfigKeys (ConfUtils.java:logGet(43)) - raft.server.rpc.request.timeout = 3000ms (default)
2019-10-03 19:51:02,354 [67364250-31f9-46a2-8464-4e94057f1238@group-5688AC1E1CAC-LeaderElection11] INFO  server.RaftServerConfigKeys (ConfUtils.java:logGet(43)) - raft.server.log.appender.install.snapshot.enabled = false (custom)
2019-10-03 19:51:02,354 [67364250-31f9-46a2-8464-4e94057f1238@group-5688AC1E1CAC-LeaderElection11] INFO  impl.RoleInfo (RoleInfo.java:updateAndGet(143)) - 67364250-31f9-46a2-8464-4e94057f1238: start LeaderState
2019-10-03 19:51:02,354 [67364250-31f9-46a2-8464-4e94057f1238@group-5688AC1E1CAC-LeaderElection11] INFO  segmented.SegmentedRaftLogWorker (SegmentedRaftLogWorker.java:startLogSegment(385)) - 67364250-31f9-46a2-8464-4e94057f1238@group-5688AC1E1CAC-SegmentedRaftLogWorker: Starting segment from index:0
2019-10-03 19:51:02,356 [67364250-31f9-46a2-8464-4e94057f1238@group-5688AC1E1CAC-LeaderElection11] INFO  impl.RaftServerImpl (ServerState.java:setRaftConf(356)) - 67364250-31f9-46a2-8464-4e94057f1238@group-5688AC1E1CAC: set configuration 0: [26498bb5-537b-43ac-a036-2a46a4ce2e0c:192.168.30.7:41970, 67364250-31f9-46a2-8464-4e94057f1238:192.168.30.7:37800, 7424ec9f-bd1c-4bb5-bfbf-0d620c5e1719:192.168.30.7:37109], old=null at 0
2019-10-03 19:51:02,395 [grpc-default-executor-4] INFO  impl.RaftServerImpl (ServerState.java:setLeader(255)) - 7424ec9f-bd1c-4bb5-bfbf-0d620c5e1719@group-5688AC1E1CAC: change Leader from null to 67364250-31f9-46a2-8464-4e94057f1238 at term 3 for appendEntries, leader elected after 5069ms
2019-10-03 19:51:02,398 [grpc-default-executor-2] INFO  impl.RaftServerImpl (ServerState.java:setLeader(255)) - 26498bb5-537b-43ac-a036-2a46a4ce2e0c@group-5688AC1E1CAC: change Leader from null to 67364250-31f9-46a2-8464-4e94057f1238 at term 3 for appendEntries, leader elected after 10404ms
2019-10-03 19:51:02,402 [grpc-default-executor-2] INFO  impl.RaftServerImpl (ServerState.java:setRaftConf(356)) - 7424ec9f-bd1c-4bb5-bfbf-0d620c5e1719@group-5688AC1E1CAC: set configuration 0: [26498bb5-537b-43ac-a036-2a46a4ce2e0c:192.168.30.7:41970, 67364250-31f9-46a2-8464-4e94057f1238:192.168.30.7:37800, 7424ec9f-bd1c-4bb5-bfbf-0d620c5e1719:192.168.30.7:37109], old=null at 0
2019-10-03 19:51:02,402 [grpc-default-executor-4] INFO  impl.RaftServerImpl (ServerState.java:setRaftConf(356)) - 26498bb5-537b-43ac-a036-2a46a4ce2e0c@group-5688AC1E1CAC: set configuration 0: [26498bb5-537b-43ac-a036-2a46a4ce2e0c:192.168.30.7:41970, 67364250-31f9-46a2-8464-4e94057f1238:192.168.30.7:37800, 7424ec9f-bd1c-4bb5-bfbf-0d620c5e1719:192.168.30.7:37109], old=null at 0
2019-10-03 19:51:02,403 [grpc-default-executor-4] INFO  segmented.SegmentedRaftLogWorker (SegmentedRaftLogWorker.java:startLogSegment(385)) - 26498bb5-537b-43ac-a036-2a46a4ce2e0c@group-5688AC1E1CAC-SegmentedRaftLogWorker: Starting segment from index:0
2019-10-03 19:51:02,406 [grpc-default-executor-2] INFO  segmented.SegmentedRaftLogWorker (SegmentedRaftLogWorker.java:truncate(401)) - 7424ec9f-bd1c-4bb5-bfbf-0d620c5e1719@group-5688AC1E1CAC-SegmentedRaftLogWorker: Truncating segments toTruncate: null
  toDelete: [(0, 0) isOpen? true, length=0, newEndIndex=-1], start index 0
2019-10-03 19:51:02,407 [grpc-default-executor-2] INFO  segmented.SegmentedRaftLogWorker (SegmentedRaftLogWorker.java:startLogSegment(385)) - 7424ec9f-bd1c-4bb5-bfbf-0d620c5e1719@group-5688AC1E1CAC-SegmentedRaftLogWorker: Starting segment from index:0
2019-10-03 19:51:02,415 [67364250-31f9-46a2-8464-4e94057f1238@group-5688AC1E1CAC-SegmentedRaftLogWorker] INFO  segmented.SegmentedRaftLogWorker (SegmentedRaftLogWorker.java:execute(574)) - 67364250-31f9-46a2-8464-4e94057f1238@group-5688AC1E1CAC-SegmentedRaftLogWorker: created new log segment /workdir/hadoop-ozone/integration-test/target/test-dir/MiniOzoneClusterImpl-e8360eeb-84e3-4554-85c7-51c2c812d0b8/datanode-1/data/ratis/2e12f07c-f60e-4195-ad21-5688ac1e1cac/current/log_inprogress_0
2019-10-03 19:51:02,415 [7424ec9f-bd1c-4bb5-bfbf-0d620c5e1719@group-5688AC1E1CAC-SegmentedRaftLogWorker] INFO  segmented.SegmentedRaftLogWorker (SegmentedRaftLogWorker.java:execute(638)) - 7424ec9f-bd1c-4bb5-bfbf-0d620c5e1719@group-5688AC1E1CAC-SegmentedRaftLogWorker: Deleted log file /workdir/hadoop-ozone/integration-test/target/test-dir/MiniOzoneClusterImpl-e8360eeb-84e3-4554-85c7-51c2c812d0b8/datanode-3/data/ratis/2e12f07c-f60e-4195-ad21-5688ac1e1cac/current/log_inprogress_0
2019-10-03 19:51:02,416 [7424ec9f-bd1c-4bb5-bfbf-0d620c5e1719@group-5688AC1E1CAC-SegmentedRaftLogWorker] INFO  segmented.SegmentedRaftLogWorker (SegmentedRaftLogWorker.java:lambda$new$0(128)) - 7424ec9f-bd1c-4bb5-bfbf-0d620c5e1719@group-5688AC1E1CAC-SegmentedRaftLogWorker: flushIndex: setUnconditionally 0 -> -1
2019-10-03 19:51:02,478 [26498bb5-537b-43ac-a036-2a46a4ce2e0c@group-5688AC1E1CAC-SegmentedRaftLogWorker] INFO  segmented.SegmentedRaftLogWorker (SegmentedRaftLogWorker.java:execute(574)) - 26498bb5-537b-43ac-a036-2a46a4ce2e0c@group-5688AC1E1CAC-SegmentedRaftLogWorker: created new log segment /workdir/hadoop-ozone/integration-test/target/test-dir/MiniOzoneClusterImpl-e8360eeb-84e3-4554-85c7-51c2c812d0b8/datanode-2/data/ratis/2e12f07c-f60e-4195-ad21-5688ac1e1cac/current/log_inprogress_0
2019-10-03 19:51:02,478 [7424ec9f-bd1c-4bb5-bfbf-0d620c5e1719@group-5688AC1E1CAC-SegmentedRaftLogWorker] INFO  segmented.SegmentedRaftLogWorker (SegmentedRaftLogWorker.java:execute(574)) - 7424ec9f-bd1c-4bb5-bfbf-0d620c5e1719@group-5688AC1E1CAC-SegmentedRaftLogWorker: created new log segment /workdir/hadoop-ozone/integration-test/target/test-dir/MiniOzoneClusterImpl-e8360eeb-84e3-4554-85c7-51c2c812d0b8/datanode-3/data/ratis/2e12f07c-f60e-4195-ad21-5688ac1e1cac/current/log_inprogress_0
2019-10-03 19:51:02,703 [main] INFO  ozoneimpl.OzoneContainer (OzoneContainer.java:stop(231)) - Attempting to stop container services.
2019-10-03 19:51:02,705 [main] INFO  impl.RaftServerProxy (RaftServerProxy.java:lambda$close$4(314)) - afe8e0ac-3506-4965-b697-47ccfd644cac: close
2019-10-03 19:51:02,707 [main] INFO  impl.RaftServerImpl (RaftServerImpl.java:lambda$shutdown$3(247)) - afe8e0ac-3506-4965-b697-47ccfd644cac@group-A7A674BFDC94: shutdown
2019-10-03 19:51:02,708 [main] INFO  util.JmxRegister (JmxRegister.java:unregister(73)) - Successfully un-registered JMX Bean with object name Ratis:service=RaftServer,group=group-A7A674BFDC94,id=afe8e0ac-3506-4965-b697-47ccfd644cac
2019-10-03 19:51:02,708 [main] INFO  impl.RoleInfo (RoleInfo.java:shutdownLeaderState(104)) - afe8e0ac-3506-4965-b697-47ccfd644cac: shutdown LeaderState
2019-10-03 19:51:02,709 [main] INFO  impl.PendingRequests (PendingRequests.java:sendNotLeaderResponses(202)) - afe8e0ac-3506-4965-b697-47ccfd644cac@group-A7A674BFDC94-PendingRequests: sendNotLeaderResponses
2019-10-03 19:51:02,711 [main] INFO  impl.StateMachineUpdater (StateMachineUpdater.java:stopAndJoin(136)) - afe8e0ac-3506-4965-b697-47ccfd644cac@group-A7A674BFDC94-StateMachineUpdater: set stopIndex = 0
2019-10-03 19:51:02,712 [main] INFO  impl.RaftServerImpl (ServerState.java:close(387)) - afe8e0ac-3506-4965-b697-47ccfd644cac@group-A7A674BFDC94: closes. applyIndex: 0
2019-10-03 19:51:02,713 [afe8e0ac-3506-4965-b697-47ccfd644cac@group-A7A674BFDC94-SegmentedRaftLogWorker] INFO  segmented.SegmentedRaftLogWorker (SegmentedRaftLogWorker.java:run(316)) - afe8e0ac-3506-4965-b697-47ccfd644cac@group-A7A674BFDC94-SegmentedRaftLogWorker was interrupted, exiting. There are 0 tasks remaining in the queue.
2019-10-03 19:51:02,717 [main] INFO  segmented.SegmentedRaftLogWorker (SegmentedRaftLogWorker.java:close(224)) - afe8e0ac-3506-4965-b697-47ccfd644cac@group-A7A674BFDC94-SegmentedRaftLogWorker close()
2019-10-03 19:51:02,721 [main] INFO  impl.RaftServerImpl (RaftServerImpl.java:lambda$shutdown$3(247)) - afe8e0ac-3506-4965-b697-47ccfd644cac@group-02EC13A97EB0: shutdown
2019-10-03 19:51:02,721 [main] INFO  util.JmxRegister (JmxRegister.java:unregister(73)) - Successfully un-registered JMX Bean with object name Ratis:service=RaftServer,group=group-02EC13A97EB0,id=afe8e0ac-3506-4965-b697-47ccfd644cac
2019-10-03 19:51:02,722 [main] INFO  impl.RoleInfo (RoleInfo.java:shutdownLeaderState(104)) - afe8e0ac-3506-4965-b697-47ccfd644cac: shutdown LeaderState
2019-10-03 19:51:02,725 [org.apache.ratis.server.impl.LogAppender$AppenderDaemon$$Lambda$540/1062822380@5ae3b8dd] WARN  server.GrpcLogAppender (GrpcLogAppender.java:mayWait(143)) - afe8e0ac-3506-4965-b697-47ccfd644cac@group-02EC13A97EB0->af7093ab-e47f-4085-b45e-c80cc6933f27-GrpcLogAppender: Wait interrupted by java.lang.InterruptedException
2019-10-03 19:51:02,725 [main] INFO  impl.PendingRequests (PendingRequests.java:sendNotLeaderResponses(202)) - afe8e0ac-3506-4965-b697-47ccfd644cac@group-02EC13A97EB0-PendingRequests: sendNotLeaderResponses
2019-10-03 19:51:02,725 [org.apache.ratis.server.impl.LogAppender$AppenderDaemon$$Lambda$540/1062822380@50a03e6d] WARN  server.GrpcLogAppender (GrpcLogAppender.java:mayWait(143)) - afe8e0ac-3506-4965-b697-47ccfd644cac@group-02EC13A97EB0->61feef45-068b-4276-880f-0be1024e3fc1-GrpcLogAppender: Wait interrupted by java.lang.InterruptedException
2019-10-03 19:51:02,734 [main] INFO  impl.StateMachineUpdater (StateMachineUpdater.java:stopAndJoin(136)) - afe8e0ac-3506-4965-b697-47ccfd644cac@group-02EC13A97EB0-StateMachineUpdater: set stopIndex = 2
2019-10-03 19:51:02,735 [afe8e0ac-3506-4965-b697-47ccfd644cac@group-02EC13A97EB0-StateMachineUpdater] INFO  ratis.ContainerStateMachine (ContainerStateMachine.java:takeSnapshot(293)) - group-02EC13A97EB0: Taking a snapshot at:(t:1, i:2) file /workdir/hadoop-ozone/integration-test/target/test-dir/MiniOzoneClusterImpl-e8360eeb-84e3-4554-85c7-51c2c812d0b8/datanode-0/data/ratis/e9691c65-dfdc-4474-9dfd-02ec13a97eb0/sm/snapshot.1_2
2019-10-03 19:51:02,735 [grpc-default-executor-2] INFO  server.GrpcServerProtocolService (GrpcServerProtocolService.java:onCompleted(113)) - af7093ab-e47f-4085-b45e-c80cc6933f27: Completed APPEND_ENTRIES, lastRequest: afe8e0ac-3506-4965-b697-47ccfd644cac->af7093ab-e47f-4085-b45e-c80cc6933f27#5-t1, previous=(t:1, i:2), leaderCommit=2, initializing? false, entries: <empty>
2019-10-03 19:51:02,736 [grpc-default-executor-4] INFO  server.GrpcServerProtocolService (GrpcServerProtocolService.java:onCompleted(113)) - 61feef45-068b-4276-880f-0be1024e3fc1: Completed APPEND_ENTRIES, lastRequest: afe8e0ac-3506-4965-b697-47ccfd644cac->61feef45-068b-4276-880f-0be1024e3fc1#5-t1, previous=(t:1, i:2), leaderCommit=2, initializing? false, entries: <empty>
2019-10-03 19:51:02,738 [grpc-default-executor-5] INFO  server.GrpcLogAppender (GrpcLogAppender.java:onCompleted(293)) - afe8e0ac-3506-4965-b697-47ccfd644cac@group-02EC13A97EB0->af7093ab-e47f-4085-b45e-c80cc6933f27-AppendLogResponseHandler: follower responses appendEntries COMPLETED
2019-10-03 19:51:02,743 [grpc-default-executor-5] INFO  impl.FollowerInfo (FollowerInfo.java:lambda$new$0(51)) - afe8e0ac-3506-4965-b697-47ccfd644cac@group-02EC13A97EB0->af7093ab-e47f-4085-b45e-c80cc6933f27: nextIndex: updateUnconditionally 3 -> 2
2019-10-03 19:51:02,743 [grpc-default-executor-4] INFO  server.GrpcLogAppender (GrpcLogAppender.java:onCompleted(293)) - afe8e0ac-3506-4965-b697-47ccfd644cac@group-02EC13A97EB0->61feef45-068b-4276-880f-0be1024e3fc1-AppendLogResponseHandler: follower responses appendEntries COMPLETED
2019-10-03 19:51:02,746 [grpc-default-executor-4] INFO  impl.FollowerInfo (FollowerInfo.java:lambda$new$0(51)) - afe8e0ac-3506-4965-b697-47ccfd644cac@group-02EC13A97EB0->61feef45-068b-4276-880f-0be1024e3fc1: nextIndex: updateUnconditionally 3 -> 2
2019-10-03 19:51:02,873 [afe8e0ac-3506-4965-b697-47ccfd644cac@group-02EC13A97EB0-StateMachineUpdater] INFO  ratis.ContainerStateMachine (ContainerStateMachine.java:takeSnapshot(304)) - group-02EC13A97EB0: Finished taking a snapshot at:(t:1, i:2) file:/workdir/hadoop-ozone/integration-test/target/test-dir/MiniOzoneClusterImpl-e8360eeb-84e3-4554-85c7-51c2c812d0b8/datanode-0/data/ratis/e9691c65-dfdc-4474-9dfd-02ec13a97eb0/sm/snapshot.1_2 time:139
2019-10-03 19:51:02,875 [afe8e0ac-3506-4965-b697-47ccfd644cac@group-02EC13A97EB0-StateMachineUpdater] INFO  impl.StateMachineUpdater (StateMachineUpdater.java:takeSnapshot(269)) - afe8e0ac-3506-4965-b697-47ccfd644cac@group-02EC13A97EB0-StateMachineUpdater: Took a snapshot at index 2
2019-10-03 19:51:02,878 [afe8e0ac-3506-4965-b697-47ccfd644cac@group-02EC13A97EB0-StateMachineUpdater] INFO  impl.StateMachineUpdater (StateMachineUpdater.java:lambda$new$0(84)) - afe8e0ac-3506-4965-b697-47ccfd644cac@group-02EC13A97EB0-StateMachineUpdater: snapshotIndex: updateIncreasingly -1 -> 2
2019-10-03 19:51:02,888 [main] INFO  impl.RaftServerImpl (ServerState.java:close(387)) - afe8e0ac-3506-4965-b697-47ccfd644cac@group-02EC13A97EB0: closes. applyIndex: 2
2019-10-03 19:51:02,888 [afe8e0ac-3506-4965-b697-47ccfd644cac@group-02EC13A97EB0-SegmentedRaftLogWorker] INFO  segmented.SegmentedRaftLogWorker (SegmentedRaftLogWorker.java:run(316)) - afe8e0ac-3506-4965-b697-47ccfd644cac@group-02EC13A97EB0-SegmentedRaftLogWorker was interrupted, exiting. There are 0 tasks remaining in the queue.
2019-10-03 19:51:02,892 [main] INFO  segmented.SegmentedRaftLogWorker (SegmentedRaftLogWorker.java:close(224)) - afe8e0ac-3506-4965-b697-47ccfd644cac@group-02EC13A97EB0-SegmentedRaftLogWorker close()
2019-10-03 19:51:02,896 [main] INFO  server.GrpcService (GrpcService.java:closeImpl(164)) - afe8e0ac-3506-4965-b697-47ccfd644cac: shutdown server with port 32847 now
2019-10-03 19:51:02,900 [main] INFO  server.GrpcService (GrpcService.java:closeImpl(172)) - afe8e0ac-3506-4965-b697-47ccfd644cac: shutdown server with port 32847 successfully
2019-10-03 19:51:02,904 [refreshUsed-/workdir/hadoop-ozone/integration-test/target/test-dir/MiniOzoneClusterImpl-e8360eeb-84e3-4554-85c7-51c2c812d0b8/datanode-0/data/containers] WARN  fs.CachingGetSpaceUsed (CachingGetSpaceUsed.java:run(183)) - Thread Interrupted waiting to refresh disk information: sleep interrupted
2019-10-03 19:51:02,923 [main] INFO  utils.BackgroundService (BackgroundService.java:shutdown(148)) - Shutting down service BlockDeletingService
2019-10-03 19:51:02,928 [main] INFO  statemachine.DatanodeStateMachine (DatanodeStateMachine.java:stopDaemon(395)) - Ozone container server stopped.
2019-10-03 19:51:02,934 [main] INFO  handler.ContextHandler (ContextHandler.java:doStop(910)) - Stopped o.e.j.w.WebAppContext@2f5ac102{/,null,UNAVAILABLE}{/hddsDatanode}
2019-10-03 19:51:02,939 [main] INFO  server.AbstractConnector (AbstractConnector.java:doStop(318)) - Stopped ServerConnector@5df778c3{HTTP/1.1,[http/1.1]}{0.0.0.0:0}
2019-10-03 19:51:02,940 [main] INFO  handler.ContextHandler (ContextHandler.java:doStop(910)) - Stopped o.e.j.s.ServletContextHandler@43045f9f{/static,jar:file:/home/user/.m2/repository/org/apache/hadoop/hadoop-hdds-container-service/0.5.0-SNAPSHOT/hadoop-hdds-container-service-0.5.0-SNAPSHOT.jar!/webapps/static,UNAVAILABLE}
2019-10-03 19:51:02,940 [main] INFO  handler.ContextHandler (ContextHandler.java:doStop(910)) - Stopped o.e.j.s.ServletContextHandler@26dc9bd5{/logs,file:///workdir/hadoop-ozone/integration-test/target/log,UNAVAILABLE}
2019-10-03 19:51:12,277 [Thread-308] INFO  impl.FollowerState (FollowerState.java:run(108)) - af7093ab-e47f-4085-b45e-c80cc6933f27@group-02EC13A97EB0-FollowerState: change to CANDIDATE, lastRpcTime:9840ms, electionTimeout:5092ms
2019-10-03 19:51:12,278 [Thread-308] INFO  impl.RoleInfo (RoleInfo.java:shutdownFollowerState(121)) - af7093ab-e47f-4085-b45e-c80cc6933f27: shutdown FollowerState
2019-10-03 19:51:12,278 [Thread-308] INFO  impl.RaftServerImpl (RaftServerImpl.java:setRole(170)) - af7093ab-e47f-4085-b45e-c80cc6933f27@group-02EC13A97EB0: changes role from  FOLLOWER to CANDIDATE at term 1 for changeToCandidate
2019-10-03 19:51:12,278 [Thread-308] INFO  impl.RoleInfo (RoleInfo.java:updateAndGet(143)) - af7093ab-e47f-4085-b45e-c80cc6933f27: start LeaderElection
2019-10-03 19:51:12,281 [af7093ab-e47f-4085-b45e-c80cc6933f27@group-02EC13A97EB0-LeaderElection12] INFO  impl.RaftServerImpl (ServerState.java:setLeader(255)) - af7093ab-e47f-4085-b45e-c80cc6933f27@group-02EC13A97EB0: change Leader from afe8e0ac-3506-4965-b697-47ccfd644cac to null at term 1 for initElection
2019-10-03 19:51:12,286 [Thread-309] INFO  impl.FollowerState (FollowerState.java:run(108)) - 61feef45-068b-4276-880f-0be1024e3fc1@group-02EC13A97EB0-FollowerState: change to CANDIDATE, lastRpcTime:9849ms, electionTimeout:5168ms
2019-10-03 19:51:12,287 [Thread-309] INFO  impl.RoleInfo (RoleInfo.java:shutdownFollowerState(121)) - 61feef45-068b-4276-880f-0be1024e3fc1: shutdown FollowerState
2019-10-03 19:51:12,287 [Thread-309] INFO  impl.RaftServerImpl (RaftServerImpl.java:setRole(170)) - 61feef45-068b-4276-880f-0be1024e3fc1@group-02EC13A97EB0: changes role from  FOLLOWER to CANDIDATE at term 1 for changeToCandidate
2019-10-03 19:51:12,287 [Thread-309] INFO  impl.RoleInfo (RoleInfo.java:updateAndGet(143)) - 61feef45-068b-4276-880f-0be1024e3fc1: start LeaderElection
2019-10-03 19:51:12,290 [61feef45-068b-4276-880f-0be1024e3fc1@group-02EC13A97EB0-LeaderElection13] INFO  impl.RaftServerImpl (ServerState.java:setLeader(255)) - 61feef45-068b-4276-880f-0be1024e3fc1@group-02EC13A97EB0: change Leader from afe8e0ac-3506-4965-b697-47ccfd644cac to null at term 1 for initElection
2019-10-03 19:51:12,305 [af7093ab-e47f-4085-b45e-c80cc6933f27@group-02EC13A97EB0-LeaderElection12] INFO  impl.LeaderElection (LeaderElection.java:askForVotes(178)) - af7093ab-e47f-4085-b45e-c80cc6933f27@group-02EC13A97EB0-LeaderElection12: begin an election at term 2 for 0: [afe8e0ac-3506-4965-b697-47ccfd644cac:192.168.30.7:32847, af7093ab-e47f-4085-b45e-c80cc6933f27:192.168.30.7:33578, 61feef45-068b-4276-880f-0be1024e3fc1:192.168.30.7:35945], old=null
2019-10-03 19:51:12,305 [61feef45-068b-4276-880f-0be1024e3fc1@group-02EC13A97EB0-LeaderElection13] INFO  impl.LeaderElection (LeaderElection.java:askForVotes(178)) - 61feef45-068b-4276-880f-0be1024e3fc1@group-02EC13A97EB0-LeaderElection13: begin an election at term 2 for 0: [afe8e0ac-3506-4965-b697-47ccfd644cac:192.168.30.7:32847, af7093ab-e47f-4085-b45e-c80cc6933f27:192.168.30.7:33578, 61feef45-068b-4276-880f-0be1024e3fc1:192.168.30.7:35945], old=null
2019-10-03 19:51:12,324 [af7093ab-e47f-4085-b45e-c80cc6933f27@group-02EC13A97EB0-LeaderElection12] INFO  impl.LeaderElection (LogUtils.java:infoOrTrace(149)) - af7093ab-e47f-4085-b45e-c80cc6933f27@group-02EC13A97EB0-LeaderElection12 got exception when requesting votes: {}
java.util.concurrent.ExecutionException: org.apache.ratis.thirdparty.io.grpc.StatusRuntimeException: UNAVAILABLE: io exception
	at java.util.concurrent.FutureTask.report(FutureTask.java:122)
	at java.util.concurrent.FutureTask.get(FutureTask.java:192)
	at org.apache.ratis.server.impl.LeaderElection.waitForResults(LeaderElection.java:259)
	at org.apache.ratis.server.impl.LeaderElection.askForVotes(LeaderElection.java:197)
	at org.apache.ratis.server.impl.LeaderElection.run(LeaderElection.java:133)
	at java.lang.Thread.run(Thread.java:748)
Caused by: org.apache.ratis.thirdparty.io.grpc.StatusRuntimeException: UNAVAILABLE: io exception
	at org.apache.ratis.thirdparty.io.grpc.stub.ClientCalls.toStatusRuntimeException(ClientCalls.java:233)
	at org.apache.ratis.thirdparty.io.grpc.stub.ClientCalls.getUnchecked(ClientCalls.java:214)
	at org.apache.ratis.thirdparty.io.grpc.stub.ClientCalls.blockingUnaryCall(ClientCalls.java:139)
	at org.apache.ratis.proto.grpc.RaftServerProtocolServiceGrpc$RaftServerProtocolServiceBlockingStub.requestVote(RaftServerProtocolServiceGrpc.java:265)
	at org.apache.ratis.grpc.server.GrpcServerProtocolClient.requestVote(GrpcServerProtocolClient.java:99)
	at org.apache.ratis.grpc.server.GrpcService.requestVote(GrpcService.java:204)
	at org.apache.ratis.server.impl.LeaderElection.lambda$submitRequests$1(LeaderElection.java:234)
	at java.util.concurrent.FutureTask.run(FutureTask.java:266)
	at java.util.concurrent.Executors$RunnableAdapter.call(Executors.java:511)
	at java.util.concurrent.FutureTask.run(FutureTask.java:266)
	at java.util.concurrent.ThreadPoolExecutor.runWorker(ThreadPoolExecutor.java:1149)
	at java.util.concurrent.ThreadPoolExecutor$Worker.run(ThreadPoolExecutor.java:624)
	... 1 more
Caused by: org.apache.ratis.thirdparty.io.netty.channel.AbstractChannel$AnnotatedConnectException: Connection refused: /192.168.30.7:32847
	at sun.nio.ch.SocketChannelImpl.checkConnect(Native Method)
	at sun.nio.ch.SocketChannelImpl.finishConnect(SocketChannelImpl.java:717)
	at org.apache.ratis.thirdparty.io.netty.channel.socket.nio.NioSocketChannel.doFinishConnect(NioSocketChannel.java:327)
	at org.apache.ratis.thirdparty.io.netty.channel.nio.AbstractNioChannel$AbstractNioUnsafe.finishConnect(AbstractNioChannel.java:340)
	at org.apache.ratis.thirdparty.io.netty.channel.nio.NioEventLoop.processSelectedKey(NioEventLoop.java:632)
	at org.apache.ratis.thirdparty.io.netty.channel.nio.NioEventLoop.processSelectedKeysOptimized(NioEventLoop.java:579)
	at org.apache.ratis.thirdparty.io.netty.channel.nio.NioEventLoop.processSelectedKeys(NioEventLoop.java:496)
	at org.apache.ratis.thirdparty.io.netty.channel.nio.NioEventLoop.run(NioEventLoop.java:458)
	at org.apache.ratis.thirdparty.io.netty.util.concurrent.SingleThreadEventExecutor$5.run(SingleThreadEventExecutor.java:897)
	at org.apache.ratis.thirdparty.io.netty.util.concurrent.FastThreadLocalRunnable.run(FastThreadLocalRunnable.java:30)
	... 1 more
Caused by: java.net.ConnectException: Connection refused
	... 11 more
2019-10-03 19:51:12,324 [61feef45-068b-4276-880f-0be1024e3fc1@group-02EC13A97EB0-LeaderElection13] INFO  impl.LeaderElection (LogUtils.java:infoOrTrace(149)) - 61feef45-068b-4276-880f-0be1024e3fc1@group-02EC13A97EB0-LeaderElection13 got exception when requesting votes: {}
java.util.concurrent.ExecutionException: org.apache.ratis.thirdparty.io.grpc.StatusRuntimeException: UNAVAILABLE: io exception
	at java.util.concurrent.FutureTask.report(FutureTask.java:122)
	at java.util.concurrent.FutureTask.get(FutureTask.java:192)
	at org.apache.ratis.server.impl.LeaderElection.waitForResults(LeaderElection.java:259)
	at org.apache.ratis.server.impl.LeaderElection.askForVotes(LeaderElection.java:197)
	at org.apache.ratis.server.impl.LeaderElection.run(LeaderElection.java:133)
	at java.lang.Thread.run(Thread.java:748)
Caused by: org.apache.ratis.thirdparty.io.grpc.StatusRuntimeException: UNAVAILABLE: io exception
	at org.apache.ratis.thirdparty.io.grpc.stub.ClientCalls.toStatusRuntimeException(ClientCalls.java:233)
	at org.apache.ratis.thirdparty.io.grpc.stub.ClientCalls.getUnchecked(ClientCalls.java:214)
	at org.apache.ratis.thirdparty.io.grpc.stub.ClientCalls.blockingUnaryCall(ClientCalls.java:139)
	at org.apache.ratis.proto.grpc.RaftServerProtocolServiceGrpc$RaftServerProtocolServiceBlockingStub.requestVote(RaftServerProtocolServiceGrpc.java:265)
	at org.apache.ratis.grpc.server.GrpcServerProtocolClient.requestVote(GrpcServerProtocolClient.java:99)
	at org.apache.ratis.grpc.server.GrpcService.requestVote(GrpcService.java:204)
	at org.apache.ratis.server.impl.LeaderElection.lambda$submitRequests$1(LeaderElection.java:234)
	at java.util.concurrent.FutureTask.run(FutureTask.java:266)
	at java.util.concurrent.Executors$RunnableAdapter.call(Executors.java:511)
	at java.util.concurrent.FutureTask.run(FutureTask.java:266)
	at java.util.concurrent.ThreadPoolExecutor.runWorker(ThreadPoolExecutor.java:1149)
	at java.util.concurrent.ThreadPoolExecutor$Worker.run(ThreadPoolExecutor.java:624)
	... 1 more
Caused by: org.apache.ratis.thirdparty.io.netty.channel.AbstractChannel$AnnotatedConnectException: Connection refused: /192.168.30.7:32847
	at sun.nio.ch.SocketChannelImpl.checkConnect(Native Method)
	at sun.nio.ch.SocketChannelImpl.finishConnect(SocketChannelImpl.java:717)
	at org.apache.ratis.thirdparty.io.netty.channel.socket.nio.NioSocketChannel.doFinishConnect(NioSocketChannel.java:327)
	at org.apache.ratis.thirdparty.io.netty.channel.nio.AbstractNioChannel$AbstractNioUnsafe.finishConnect(AbstractNioChannel.java:340)
	at org.apache.ratis.thirdparty.io.netty.channel.nio.NioEventLoop.processSelectedKey(NioEventLoop.java:632)
	at org.apache.ratis.thirdparty.io.netty.channel.nio.NioEventLoop.processSelectedKeysOptimized(NioEventLoop.java:579)
	at org.apache.ratis.thirdparty.io.netty.channel.nio.NioEventLoop.processSelectedKeys(NioEventLoop.java:496)
	at org.apache.ratis.thirdparty.io.netty.channel.nio.NioEventLoop.run(NioEventLoop.java:458)
	at org.apache.ratis.thirdparty.io.netty.util.concurrent.SingleThreadEventExecutor$5.run(SingleThreadEventExecutor.java:897)
	at org.apache.ratis.thirdparty.io.netty.util.concurrent.FastThreadLocalRunnable.run(FastThreadLocalRunnable.java:30)
	... 1 more
Caused by: java.net.ConnectException: Connection refused
	... 11 more
2019-10-03 19:51:12,331 [af7093ab-e47f-4085-b45e-c80cc6933f27@group-02EC13A97EB0-LeaderElection12] INFO  impl.LeaderElection (LeaderElection.java:logAndReturn(56)) - af7093ab-e47f-4085-b45e-c80cc6933f27@group-02EC13A97EB0-LeaderElection12: Election REJECTED; received 1 response(s) [af7093ab-e47f-4085-b45e-c80cc6933f27<-61feef45-068b-4276-880f-0be1024e3fc1#0:FAIL-t2] and 1 exception(s); af7093ab-e47f-4085-b45e-c80cc6933f27@group-02EC13A97EB0:t2, leader=null, voted=af7093ab-e47f-4085-b45e-c80cc6933f27, raftlog=af7093ab-e47f-4085-b45e-c80cc6933f27@group-02EC13A97EB0-SegmentedRaftLog:OPENED:c2,f2,i2, conf=0: [afe8e0ac-3506-4965-b697-47ccfd644cac:192.168.30.7:32847, af7093ab-e47f-4085-b45e-c80cc6933f27:192.168.30.7:33578, 61feef45-068b-4276-880f-0be1024e3fc1:192.168.30.7:35945], old=null
2019-10-03 19:51:12,332 [61feef45-068b-4276-880f-0be1024e3fc1@group-02EC13A97EB0-LeaderElection13] INFO  impl.LeaderElection (LeaderElection.java:logAndReturn(56)) - 61feef45-068b-4276-880f-0be1024e3fc1@group-02EC13A97EB0-LeaderElection13: Election REJECTED; received 1 response(s) [61feef45-068b-4276-880f-0be1024e3fc1<-af7093ab-e47f-4085-b45e-c80cc6933f27#0:FAIL-t2] and 1 exception(s); 61feef45-068b-4276-880f-0be1024e3fc1@group-02EC13A97EB0:t2, leader=null, voted=61feef45-068b-4276-880f-0be1024e3fc1, raftlog=61feef45-068b-4276-880f-0be1024e3fc1@group-02EC13A97EB0-SegmentedRaftLog:OPENED:c2,f2,i2, conf=0: [afe8e0ac-3506-4965-b697-47ccfd644cac:192.168.30.7:32847, af7093ab-e47f-4085-b45e-c80cc6933f27:192.168.30.7:33578, 61feef45-068b-4276-880f-0be1024e3fc1:192.168.30.7:35945], old=null
2019-10-03 19:51:12,332 [af7093ab-e47f-4085-b45e-c80cc6933f27@group-02EC13A97EB0-LeaderElection12] INFO  impl.LeaderElection (LogUtils.java:infoOrTrace(149)) -   Exception 0: {}
java.util.concurrent.ExecutionException: org.apache.ratis.thirdparty.io.grpc.StatusRuntimeException: UNAVAILABLE: io exception
	at java.util.concurrent.FutureTask.report(FutureTask.java:122)
	at java.util.concurrent.FutureTask.get(FutureTask.java:192)
	at org.apache.ratis.server.impl.LeaderElection.waitForResults(LeaderElection.java:259)
	at org.apache.ratis.server.impl.LeaderElection.askForVotes(LeaderElection.java:197)
	at org.apache.ratis.server.impl.LeaderElection.run(LeaderElection.java:133)
	at java.lang.Thread.run(Thread.java:748)
Caused by: org.apache.ratis.thirdparty.io.grpc.StatusRuntimeException: UNAVAILABLE: io exception
	at org.apache.ratis.thirdparty.io.grpc.stub.ClientCalls.toStatusRuntimeException(ClientCalls.java:233)
	at org.apache.ratis.thirdparty.io.grpc.stub.ClientCalls.getUnchecked(ClientCalls.java:214)
	at org.apache.ratis.thirdparty.io.grpc.stub.ClientCalls.blockingUnaryCall(ClientCalls.java:139)
	at org.apache.ratis.proto.grpc.RaftServerProtocolServiceGrpc$RaftServerProtocolServiceBlockingStub.requestVote(RaftServerProtocolServiceGrpc.java:265)
	at org.apache.ratis.grpc.server.GrpcServerProtocolClient.requestVote(GrpcServerProtocolClient.java:99)
	at org.apache.ratis.grpc.server.GrpcService.requestVote(GrpcService.java:204)
	at org.apache.ratis.server.impl.LeaderElection.lambda$submitRequests$1(LeaderElection.java:234)
	at java.util.concurrent.FutureTask.run(FutureTask.java:266)
	at java.util.concurrent.Executors$RunnableAdapter.call(Executors.java:511)
	at java.util.concurrent.FutureTask.run(FutureTask.java:266)
	at java.util.concurrent.ThreadPoolExecutor.runWorker(ThreadPoolExecutor.java:1149)
	at java.util.concurrent.ThreadPoolExecutor$Worker.run(ThreadPoolExecutor.java:624)
	... 1 more
Caused by: org.apache.ratis.thirdparty.io.netty.channel.AbstractChannel$AnnotatedConnectException: Connection refused: /192.168.30.7:32847
	at sun.nio.ch.SocketChannelImpl.checkConnect(Native Method)
	at sun.nio.ch.SocketChannelImpl.finishConnect(SocketChannelImpl.java:717)
	at org.apache.ratis.thirdparty.io.netty.channel.socket.nio.NioSocketChannel.doFinishConnect(NioSocketChannel.java:327)
	at org.apache.ratis.thirdparty.io.netty.channel.nio.AbstractNioChannel$AbstractNioUnsafe.finishConnect(AbstractNioChannel.java:340)
	at org.apache.ratis.thirdparty.io.netty.channel.nio.NioEventLoop.processSelectedKey(NioEventLoop.java:632)
	at org.apache.ratis.thirdparty.io.netty.channel.nio.NioEventLoop.processSelectedKeysOptimized(NioEventLoop.java:579)
	at org.apache.ratis.thirdparty.io.netty.channel.nio.NioEventLoop.processSelectedKeys(NioEventLoop.java:496)
	at org.apache.ratis.thirdparty.io.netty.channel.nio.NioEventLoop.run(NioEventLoop.java:458)
	at org.apache.ratis.thirdparty.io.netty.util.concurrent.SingleThreadEventExecutor$5.run(SingleThreadEventExecutor.java:897)
	at org.apache.ratis.thirdparty.io.netty.util.concurrent.FastThreadLocalRunnable.run(FastThreadLocalRunnable.java:30)
	... 1 more
Caused by: java.net.ConnectException: Connection refused
	... 11 more
2019-10-03 19:51:12,334 [61feef45-068b-4276-880f-0be1024e3fc1@group-02EC13A97EB0-LeaderElection13] INFO  impl.LeaderElection (LogUtils.java:infoOrTrace(149)) -   Exception 0: {}
java.util.concurrent.ExecutionException: org.apache.ratis.thirdparty.io.grpc.StatusRuntimeException: UNAVAILABLE: io exception
	at java.util.concurrent.FutureTask.report(FutureTask.java:122)
	at java.util.concurrent.FutureTask.get(FutureTask.java:192)
	at org.apache.ratis.server.impl.LeaderElection.waitForResults(LeaderElection.java:259)
	at org.apache.ratis.server.impl.LeaderElection.askForVotes(LeaderElection.java:197)
	at org.apache.ratis.server.impl.LeaderElection.run(LeaderElection.java:133)
	at java.lang.Thread.run(Thread.java:748)
Caused by: org.apache.ratis.thirdparty.io.grpc.StatusRuntimeException: UNAVAILABLE: io exception
	at org.apache.ratis.thirdparty.io.grpc.stub.ClientCalls.toStatusRuntimeException(ClientCalls.java:233)
	at org.apache.ratis.thirdparty.io.grpc.stub.ClientCalls.getUnchecked(ClientCalls.java:214)
	at org.apache.ratis.thirdparty.io.grpc.stub.ClientCalls.blockingUnaryCall(ClientCalls.java:139)
	at org.apache.ratis.proto.grpc.RaftServerProtocolServiceGrpc$RaftServerProtocolServiceBlockingStub.requestVote(RaftServerProtocolServiceGrpc.java:265)
	at org.apache.ratis.grpc.server.GrpcServerProtocolClient.requestVote(GrpcServerProtocolClient.java:99)
	at org.apache.ratis.grpc.server.GrpcService.requestVote(GrpcService.java:204)
	at org.apache.ratis.server.impl.LeaderElection.lambda$submitRequests$1(LeaderElection.java:234)
	at java.util.concurrent.FutureTask.run(FutureTask.java:266)
	at java.util.concurrent.Executors$RunnableAdapter.call(Executors.java:511)
	at java.util.concurrent.FutureTask.run(FutureTask.java:266)
	at java.util.concurrent.ThreadPoolExecutor.runWorker(ThreadPoolExecutor.java:1149)
	at java.util.concurrent.ThreadPoolExecutor$Worker.run(ThreadPoolExecutor.java:624)
	... 1 more
Caused by: org.apache.ratis.thirdparty.io.netty.channel.AbstractChannel$AnnotatedConnectException: Connection refused: /192.168.30.7:32847
	at sun.nio.ch.SocketChannelImpl.checkConnect(Native Method)
	at sun.nio.ch.SocketChannelImpl.finishConnect(SocketChannelImpl.java:717)
	at org.apache.ratis.thirdparty.io.netty.channel.socket.nio.NioSocketChannel.doFinishConnect(NioSocketChannel.java:327)
	at org.apache.ratis.thirdparty.io.netty.channel.nio.AbstractNioChannel$AbstractNioUnsafe.finishConnect(AbstractNioChannel.java:340)
	at org.apache.ratis.thirdparty.io.netty.channel.nio.NioEventLoop.processSelectedKey(NioEventLoop.java:632)
	at org.apache.ratis.thirdparty.io.netty.channel.nio.NioEventLoop.processSelectedKeysOptimized(NioEventLoop.java:579)
	at org.apache.ratis.thirdparty.io.netty.channel.nio.NioEventLoop.processSelectedKeys(NioEventLoop.java:496)
	at org.apache.ratis.thirdparty.io.netty.channel.nio.NioEventLoop.run(NioEventLoop.java:458)
	at org.apache.ratis.thirdparty.io.netty.util.concurrent.SingleThreadEventExecutor$5.run(SingleThreadEventExecutor.java:897)
	at org.apache.ratis.thirdparty.io.netty.util.concurrent.FastThreadLocalRunnable.run(FastThreadLocalRunnable.java:30)
	... 1 more
Caused by: java.net.ConnectException: Connection refused
	... 11 more
2019-10-03 19:51:12,337 [af7093ab-e47f-4085-b45e-c80cc6933f27@group-02EC13A97EB0-LeaderElection12] INFO  impl.RaftServerImpl (RaftServerImpl.java:setRole(170)) - af7093ab-e47f-4085-b45e-c80cc6933f27@group-02EC13A97EB0: changes role from CANDIDATE to FOLLOWER at term 2 for DISCOVERED_A_NEW_TERM
2019-10-03 19:51:12,338 [61feef45-068b-4276-880f-0be1024e3fc1@group-02EC13A97EB0-LeaderElection13] INFO  impl.RaftServerImpl (RaftServerImpl.java:setRole(170)) - 61feef45-068b-4276-880f-0be1024e3fc1@group-02EC13A97EB0: changes role from CANDIDATE to FOLLOWER at term 2 for DISCOVERED_A_NEW_TERM
2019-10-03 19:51:12,338 [af7093ab-e47f-4085-b45e-c80cc6933f27@group-02EC13A97EB0-LeaderElection12] INFO  impl.RoleInfo (RoleInfo.java:shutdownLeaderElection(134)) - af7093ab-e47f-4085-b45e-c80cc6933f27: shutdown LeaderElection
2019-10-03 19:51:12,338 [61feef45-068b-4276-880f-0be1024e3fc1@group-02EC13A97EB0-LeaderElection13] INFO  impl.RoleInfo (RoleInfo.java:shutdownLeaderElection(134)) - 61feef45-068b-4276-880f-0be1024e3fc1: shutdown LeaderElection
2019-10-03 19:51:12,338 [af7093ab-e47f-4085-b45e-c80cc6933f27@group-02EC13A97EB0-LeaderElection12] INFO  impl.RoleInfo (RoleInfo.java:updateAndGet(143)) - af7093ab-e47f-4085-b45e-c80cc6933f27: start FollowerState
2019-10-03 19:51:12,338 [61feef45-068b-4276-880f-0be1024e3fc1@group-02EC13A97EB0-LeaderElection13] INFO  impl.RoleInfo (RoleInfo.java:updateAndGet(143)) - 61feef45-068b-4276-880f-0be1024e3fc1: start FollowerState
]]></system-out>
    <system-err><![CDATA[ERROR StatusLogger No Log4j 2 configuration file found. Using default configuration (logging only errors to the console), or user programmatically provided configurations. Set system property 'log4j2.debug' to show Log4j 2 internal initialization logging. See https://logging.apache.org/log4j/2.x/manual/configuration.html for instructions on how to configure Log4j 2
]]></system-err>
  </testcase>
</testsuite>