<?xml version="1.0" encoding="UTF-8"?>
<testsuite xmlns:xsi="http://www.w3.org/2001/XMLSchema-instance" xsi:noNamespaceSchemaLocation="https://maven.apache.org/surefire/maven-surefire-plugin/xsd/surefire-test-report.xsd" name="org.apache.hadoop.ozone.client.rpc.TestWatchForCommit" time="276.455" tests="5" errors="1" skipped="0" failures="0">
  <properties>
    <property name="awt.toolkit" value="sun.awt.X11.XToolkit"/>
    <property name="file.encoding.pkg" value="sun.io"/>
    <property name="java.specification.version" value="1.8"/>
    <property name="sun.cpu.isalist" value=""/>
    <property name="sun.jnu.encoding" value="UTF-8"/>
    <property name="java.class.path" value="/workdir/hadoop-ozone/integration-test/target/test-classes:/workdir/hadoop-ozone/integration-test/target/classes:/home/user/.m2/repository/org/apache/hadoop/hadoop-ozone-common/0.5.0-SNAPSHOT/hadoop-ozone-common-0.5.0-SNAPSHOT.jar:/home/user/.m2/repository/org/apache/commons/commons-compress/1.4.1/commons-compress-1.4.1.jar:/home/user/.m2/repository/org/tukaani/xz/1.0/xz-1.0.jar:/home/user/.m2/repository/org/apache/hadoop/hadoop-common/3.2.0/hadoop-common-3.2.0.jar:/home/user/.m2/repository/org/apache/hadoop/hadoop-hdfs/3.2.0/hadoop-hdfs-3.2.0.jar:/home/user/.m2/repository/org/apache/hadoop/hadoop-hdfs-client/3.2.0/hadoop-hdfs-client-3.2.0.jar:/home/user/.m2/repository/com/fasterxml/jackson/core/jackson-annotations/2.9.9/jackson-annotations-2.9.9.jar:/home/user/.m2/repository/org/apache/hadoop/hadoop-hdds-common/0.5.0-SNAPSHOT/hadoop-hdds-common-0.5.0-SNAPSHOT.jar:/home/user/.m2/repository/javax/annotation/javax.annotation-api/1.2/javax.annotation-api-1.2.jar:/home/user/.m2/repository/org/apache/ratis/ratis-server/0.5.0-201fc85-SNAPSHOT/ratis-server-0.5.0-201fc85-SNAPSHOT.jar:/home/user/.m2/repository/org/apache/ratis/ratis-thirdparty-misc/0.2.0/ratis-thirdparty-misc-0.2.0.jar:/home/user/.m2/repository/org/apache/ratis/ratis-proto/0.5.0-201fc85-SNAPSHOT/ratis-proto-0.5.0-201fc85-SNAPSHOT.jar:/home/user/.m2/repository/org/apache/ratis/ratis-common/0.5.0-201fc85-SNAPSHOT/ratis-common-0.5.0-201fc85-SNAPSHOT.jar:/home/user/.m2/repository/org/apache/ratis/ratis-client/0.5.0-201fc85-SNAPSHOT/ratis-client-0.5.0-201fc85-SNAPSHOT.jar:/home/user/.m2/repository/org/apache/ratis/ratis-metrics/0.5.0-201fc85-SNAPSHOT/ratis-metrics-0.5.0-201fc85-SNAPSHOT.jar:/home/user/.m2/repository/com/github/joshelser/dropwizard-metrics-hadoop-metrics2-reporter/0.1.2/dropwizard-metrics-hadoop-metrics2-reporter-0.1.2.jar:/home/user/.m2/repository/io/dropwizard/metrics/metrics-jvm/3.2.5/metrics-jvm-3.2.5.jar:/home/user/.m2/repository/io/dropwizard/metrics/metrics-ganglia/3.2.5/metrics-ganglia-3.2.5.jar:/home/user/.m2/repository/info/ganglia/gmetric4j/gmetric4j/1.0.7/gmetric4j-1.0.7.jar:/home/user/.m2/repository/org/apache/ratis/ratis-netty/0.5.0-201fc85-SNAPSHOT/ratis-netty-0.5.0-201fc85-SNAPSHOT.jar:/home/user/.m2/repository/org/apache/ratis/ratis-grpc/0.5.0-201fc85-SNAPSHOT/ratis-grpc-0.5.0-201fc85-SNAPSHOT.jar:/home/user/.m2/repository/org/rocksdb/rocksdbjni/6.0.1/rocksdbjni-6.0.1.jar:/home/user/.m2/repository/org/apache/logging/log4j/log4j-api/2.11.0/log4j-api-2.11.0.jar:/home/user/.m2/repository/org/apache/logging/log4j/log4j-core/2.11.0/log4j-core-2.11.0.jar:/home/user/.m2/repository/com/lmax/disruptor/3.4.2/disruptor-3.4.2.jar:/home/user/.m2/repository/org/apache/commons/commons-pool2/2.6.0/commons-pool2-2.6.0.jar:/home/user/.m2/repository/org/bouncycastle/bcpkix-jdk15on/1.60/bcpkix-jdk15on-1.60.jar:/home/user/.m2/repository/commons-validator/commons-validator/1.6/commons-validator-1.6.jar:/home/user/.m2/repository/commons-digester/commons-digester/1.8.1/commons-digester-1.8.1.jar:/home/user/.m2/repository/io/jaegertracing/jaeger-client/0.34.0/jaeger-client-0.34.0.jar:/home/user/.m2/repository/io/jaegertracing/jaeger-thrift/0.34.0/jaeger-thrift-0.34.0.jar:/home/user/.m2/repository/org/apache/thrift/libthrift/0.12.0/libthrift-0.12.0.jar:/home/user/.m2/repository/com/squareup/okhttp3/okhttp/3.9.0/okhttp-3.9.0.jar:/home/user/.m2/repository/com/squareup/okio/okio/1.13.0/okio-1.13.0.jar:/home/user/.m2/repository/io/jaegertracing/jaeger-core/0.34.0/jaeger-core-0.34.0.jar:/home/user/.m2/repository/io/jaegertracing/jaeger-tracerresolver/0.34.0/jaeger-tracerresolver-0.34.0.jar:/home/user/.m2/repository/io/opentracing/contrib/opentracing-tracerresolver/0.1.5/opentracing-tracerresolver-0.1.5.jar:/home/user/.m2/repository/io/opentracing/opentracing-util/0.31.0/opentracing-util-0.31.0.jar:/home/user/.m2/repository/io/opentracing/opentracing-api/0.31.0/opentracing-api-0.31.0.jar:/home/user/.m2/repository/io/opentracing/opentracing-noop/0.31.0/opentracing-noop-0.31.0.jar:/home/user/.m2/repository/org/apache/hadoop/hadoop-hdds-server-framework/0.5.0-SNAPSHOT/hadoop-hdds-server-framework-0.5.0-SNAPSHOT.jar:/home/user/.m2/repository/org/apache/hadoop/hadoop-hdds-container-service/0.5.0-SNAPSHOT/hadoop-hdds-container-service-0.5.0-SNAPSHOT.jar:/home/user/.m2/repository/org/apache/hadoop/hadoop-hdds-client/0.5.0-SNAPSHOT/hadoop-hdds-client-0.5.0-SNAPSHOT.jar:/home/user/.m2/repository/org/apache/hadoop/hadoop-hdds-tools/0.5.0-SNAPSHOT/hadoop-hdds-tools-0.5.0-SNAPSHOT.jar:/home/user/.m2/repository/org/apache/hadoop/hadoop-hdds-server-scm/0.5.0-SNAPSHOT/hadoop-hdds-server-scm-0.5.0-SNAPSHOT.jar:/home/user/.m2/repository/org/apache/hadoop/hadoop-hdds-docs/0.5.0-SNAPSHOT/hadoop-hdds-docs-0.5.0-SNAPSHOT.jar:/home/user/.m2/repository/io/dropwizard/metrics/metrics-core/3.2.4/metrics-core-3.2.4.jar:/home/user/.m2/repository/org/hamcrest/hamcrest-all/1.3/hamcrest-all-1.3.jar:/home/user/.m2/repository/org/bouncycastle/bcprov-jdk15on/1.60/bcprov-jdk15on-1.60.jar:/home/user/.m2/repository/info/picocli/picocli/3.9.6/picocli-3.9.6.jar:/home/user/.m2/repository/com/google/protobuf/protobuf-java/2.5.0/protobuf-java-2.5.0.jar:/home/user/.m2/repository/com/google/guava/guava/11.0.2/guava-11.0.2.jar:/home/user/.m2/repository/org/apache/hadoop/hadoop-ozone-ozone-manager/0.5.0-SNAPSHOT/hadoop-ozone-ozone-manager-0.5.0-SNAPSHOT.jar:/home/user/.m2/repository/org/apache/hadoop/hadoop-minikdc/3.2.0/hadoop-minikdc-3.2.0.jar:/home/user/.m2/repository/commons-io/commons-io/2.5/commons-io-2.5.jar:/home/user/.m2/repository/org/apache/kerby/kerb-simplekdc/1.0.1/kerb-simplekdc-1.0.1.jar:/home/user/.m2/repository/org/apache/kerby/kerb-client/1.0.1/kerb-client-1.0.1.jar:/home/user/.m2/repository/org/apache/kerby/kerby-config/1.0.1/kerby-config-1.0.1.jar:/home/user/.m2/repository/org/apache/kerby/kerb-core/1.0.1/kerb-core-1.0.1.jar:/home/user/.m2/repository/org/apache/kerby/kerby-pkix/1.0.1/kerby-pkix-1.0.1.jar:/home/user/.m2/repository/org/apache/kerby/kerby-asn1/1.0.1/kerby-asn1-1.0.1.jar:/home/user/.m2/repository/org/apache/kerby/kerby-util/1.0.1/kerby-util-1.0.1.jar:/home/user/.m2/repository/org/apache/kerby/kerb-common/1.0.1/kerb-common-1.0.1.jar:/home/user/.m2/repository/org/apache/kerby/kerb-crypto/1.0.1/kerb-crypto-1.0.1.jar:/home/user/.m2/repository/org/apache/kerby/kerb-util/1.0.1/kerb-util-1.0.1.jar:/home/user/.m2/repository/org/apache/kerby/token-provider/1.0.1/token-provider-1.0.1.jar:/home/user/.m2/repository/org/apache/kerby/kerb-admin/1.0.1/kerb-admin-1.0.1.jar:/home/user/.m2/repository/org/apache/kerby/kerb-server/1.0.1/kerb-server-1.0.1.jar:/home/user/.m2/repository/org/apache/kerby/kerb-identity/1.0.1/kerb-identity-1.0.1.jar:/home/user/.m2/repository/org/apache/kerby/kerby-xdr/1.0.1/kerby-xdr-1.0.1.jar:/home/user/.m2/repository/org/slf4j/slf4j-log4j12/1.7.25/slf4j-log4j12-1.7.25.jar:/home/user/.m2/repository/org/apache/hadoop/hadoop-ozone-s3gateway/0.5.0-SNAPSHOT/hadoop-ozone-s3gateway-0.5.0-SNAPSHOT.jar:/home/user/.m2/repository/org/jboss/weld/servlet/weld-servlet/2.4.7.Final/weld-servlet-2.4.7.Final.jar:/home/user/.m2/repository/org/glassfish/jersey/containers/jersey-container-servlet-core/2.27/jersey-container-servlet-core-2.27.jar:/home/user/.m2/repository/org/glassfish/hk2/external/javax.inject/2.5.0-b42/javax.inject-2.5.0-b42.jar:/home/user/.m2/repository/org/glassfish/jersey/core/jersey-common/2.27/jersey-common-2.27.jar:/home/user/.m2/repository/org/glassfish/hk2/osgi-resource-locator/1.0.1/osgi-resource-locator-1.0.1.jar:/home/user/.m2/repository/javax/ws/rs/javax.ws.rs-api/2.1/javax.ws.rs-api-2.1.jar:/home/user/.m2/repository/org/glassfish/jersey/ext/cdi/jersey-cdi1x/2.27/jersey-cdi1x-2.27.jar:/home/user/.m2/repository/org/glassfish/jersey/inject/jersey-hk2/2.27/jersey-hk2-2.27.jar:/home/user/.m2/repository/org/glassfish/hk2/hk2-locator/2.5.0-b42/hk2-locator-2.5.0-b42.jar:/home/user/.m2/repository/org/javassist/javassist/3.22.0-CR2/javassist-3.22.0-CR2.jar:/home/user/.m2/repository/org/glassfish/hk2/hk2-api/2.5.0/hk2-api-2.5.0.jar:/home/user/.m2/repository/org/glassfish/hk2/external/jakarta.inject/2.5.0/jakarta.inject-2.5.0.jar:/home/user/.m2/repository/org/glassfish/hk2/hk2-utils/2.5.0/hk2-utils-2.5.0.jar:/home/user/.m2/repository/jakarta/annotation/jakarta.annotation-api/1.3.4/jakarta.annotation-api-1.3.4.jar:/home/user/.m2/repository/org/glassfish/hk2/external/aopalliance-repackaged/2.5.0/aopalliance-repackaged-2.5.0.jar:/home/user/.m2/repository/com/fasterxml/jackson/dataformat/jackson-dataformat-xml/2.9.0/jackson-dataformat-xml-2.9.0.jar:/home/user/.m2/repository/com/fasterxml/jackson/core/jackson-core/2.9.9/jackson-core-2.9.9.jar:/home/user/.m2/repository/com/fasterxml/jackson/module/jackson-module-jaxb-annotations/2.9.9/jackson-module-jaxb-annotations-2.9.9.jar:/home/user/.m2/repository/javax/enterprise/cdi-api/1.2/cdi-api-1.2.jar:/home/user/.m2/repository/javax/el/javax.el-api/3.0.0/javax.el-api-3.0.0.jar:/home/user/.m2/repository/javax/interceptor/javax.interceptor-api/1.2/javax.interceptor-api-1.2.jar:/home/user/.m2/repository/javax/inject/javax.inject/1/javax.inject-1.jar:/home/user/.m2/repository/com/sun/xml/bind/jaxb-impl/2.3.0.1/jaxb-impl-2.3.0.1.jar:/home/user/.m2/repository/com/sun/xml/bind/jaxb-core/2.3.0.1/jaxb-core-2.3.0.1.jar:/home/user/.m2/repository/javax/xml/bind/jaxb-api/2.3.0/jaxb-api-2.3.0.jar:/home/user/.m2/repository/javax/activation/activation/1.1.1/activation-1.1.1.jar:/home/user/.m2/repository/org/apache/hadoop/hadoop-ozone-csi/0.5.0-SNAPSHOT/hadoop-ozone-csi-0.5.0-SNAPSHOT.jar:/home/user/.m2/repository/com/google/protobuf/protobuf-java-util/3.5.1/protobuf-java-util-3.5.1.jar:/home/user/.m2/repository/org/apache/hadoop/hadoop-hdds-config/0.5.0-SNAPSHOT/hadoop-hdds-config-0.5.0-SNAPSHOT.jar:/home/user/.m2/repository/io/grpc/grpc-netty/1.17.1/grpc-netty-1.17.1.jar:/home/user/.m2/repository/io/grpc/grpc-core/1.17.1/grpc-core-1.17.1.jar:/home/user/.m2/repository/io/grpc/grpc-context/1.17.1/grpc-context-1.17.1.jar:/home/user/.m2/repository/com/google/errorprone/error_prone_annotations/2.2.0/error_prone_annotations-2.2.0.jar:/home/user/.m2/repository/org/codehaus/mojo/animal-sniffer-annotations/1.17/animal-sniffer-annotations-1.17.jar:/home/user/.m2/repository/io/opencensus/opencensus-api/0.17.0/opencensus-api-0.17.0.jar:/home/user/.m2/repository/io/opencensus/opencensus-contrib-grpc-metrics/0.17.0/opencensus-contrib-grpc-metrics-0.17.0.jar:/home/user/.m2/repository/io/netty/netty-codec-http2/4.1.30.Final/netty-codec-http2-4.1.30.Final.jar:/home/user/.m2/repository/io/netty/netty-codec-http/4.1.30.Final/netty-codec-http-4.1.30.Final.jar:/home/user/.m2/repository/io/netty/netty-codec/4.1.30.Final/netty-codec-4.1.30.Final.jar:/home/user/.m2/repository/io/netty/netty-handler/4.1.30.Final/netty-handler-4.1.30.Final.jar:/home/user/.m2/repository/io/netty/netty-handler-proxy/4.1.30.Final/netty-handler-proxy-4.1.30.Final.jar:/home/user/.m2/repository/io/netty/netty-codec-socks/4.1.30.Final/netty-codec-socks-4.1.30.Final.jar:/home/user/.m2/repository/io/netty/netty-transport-native-epoll/4.1.30.Final/netty-transport-native-epoll-4.1.30.Final.jar:/home/user/.m2/repository/io/netty/netty-common/4.1.30.Final/netty-common-4.1.30.Final.jar:/home/user/.m2/repository/io/netty/netty-buffer/4.1.30.Final/netty-buffer-4.1.30.Final.jar:/home/user/.m2/repository/io/netty/netty-transport/4.1.30.Final/netty-transport-4.1.30.Final.jar:/home/user/.m2/repository/io/netty/netty-resolver/4.1.30.Final/netty-resolver-4.1.30.Final.jar:/home/user/.m2/repository/io/netty/netty-transport-native-unix-common/4.1.30.Final/netty-transport-native-unix-common-4.1.30.Final.jar:/home/user/.m2/repository/io/grpc/grpc-protobuf/1.17.1/grpc-protobuf-1.17.1.jar:/home/user/.m2/repository/com/google/api/grpc/proto-google-common-protos/1.0.0/proto-google-common-protos-1.0.0.jar:/home/user/.m2/repository/io/grpc/grpc-protobuf-lite/1.17.1/grpc-protobuf-lite-1.17.1.jar:/home/user/.m2/repository/io/grpc/grpc-stub/1.17.1/grpc-stub-1.17.1.jar:/home/user/.m2/repository/org/apache/hadoop/hadoop-ozone-recon/0.5.0-SNAPSHOT/hadoop-ozone-recon-0.5.0-SNAPSHOT.jar:/home/user/.m2/repository/org/apache/hadoop/hadoop-ozone-reconcodegen/0.5.0-SNAPSHOT/hadoop-ozone-reconcodegen-0.5.0-SNAPSHOT.jar:/home/user/.m2/repository/com/google/inject/extensions/guice-multibindings/4.0/guice-multibindings-4.0.jar:/home/user/.m2/repository/com/google/inject/guice/4.0/guice-4.0.jar:/home/user/.m2/repository/aopalliance/aopalliance/1.0/aopalliance-1.0.jar:/home/user/.m2/repository/com/google/inject/extensions/guice-servlet/4.0/guice-servlet-4.0.jar:/home/user/.m2/repository/org/glassfish/jersey/containers/jersey-container-servlet/2.27/jersey-container-servlet-2.27.jar:/home/user/.m2/repository/org/glassfish/hk2/guice-bridge/2.5.0/guice-bridge-2.5.0.jar:/home/user/.m2/repository/org/glassfish/jersey/core/jersey-server/2.27/jersey-server-2.27.jar:/home/user/.m2/repository/org/glassfish/jersey/core/jersey-client/2.27/jersey-client-2.27.jar:/home/user/.m2/repository/org/glassfish/jersey/media/jersey-media-jaxb/2.27/jersey-media-jaxb-2.27.jar:/home/user/.m2/repository/javax/validation/validation-api/1.1.0.Final/validation-api-1.1.0.Final.jar:/home/user/.m2/repository/org/glassfish/jersey/media/jersey-media-json-jackson/2.27/jersey-media-json-jackson-2.27.jar:/home/user/.m2/repository/org/glassfish/jersey/ext/jersey-entity-filtering/2.27/jersey-entity-filtering-2.27.jar:/home/user/.m2/repository/com/google/inject/extensions/guice-assistedinject/4.0/guice-assistedinject-4.0.jar:/home/user/.m2/repository/org/jooq/jooq/3.11.10/jooq-3.11.10.jar:/home/user/.m2/repository/org/jooq/jooq-meta/3.11.10/jooq-meta-3.11.10.jar:/home/user/.m2/repository/org/jooq/jooq-codegen/3.11.10/jooq-codegen-3.11.10.jar:/home/user/.m2/repository/com/jolbox/bonecp/0.8.0.RELEASE/bonecp-0.8.0.RELEASE.jar:/home/user/.m2/repository/org/xerial/sqlite-jdbc/3.25.2/sqlite-jdbc-3.25.2.jar:/home/user/.m2/repository/org/springframework/spring-jdbc/5.1.3.RELEASE/spring-jdbc-5.1.3.RELEASE.jar:/home/user/.m2/repository/org/springframework/spring-beans/5.1.3.RELEASE/spring-beans-5.1.3.RELEASE.jar:/home/user/.m2/repository/org/springframework/spring-core/5.1.3.RELEASE/spring-core-5.1.3.RELEASE.jar:/home/user/.m2/repository/org/springframework/spring-jcl/5.1.3.RELEASE/spring-jcl-5.1.3.RELEASE.jar:/home/user/.m2/repository/org/springframework/spring-tx/5.1.3.RELEASE/spring-tx-5.1.3.RELEASE.jar:/home/user/.m2/repository/org/apache/hadoop/hadoop-ozone-client/0.5.0-SNAPSHOT/hadoop-ozone-client-0.5.0-SNAPSHOT.jar:/home/user/.m2/repository/commons-lang/commons-lang/2.6/commons-lang-2.6.jar:/home/user/.m2/repository/org/apache/hadoop/hadoop-ozone-ozone-manager/0.5.0-SNAPSHOT/hadoop-ozone-ozone-manager-0.5.0-SNAPSHOT-tests.jar:/home/user/.m2/repository/junit/junit/4.11/junit-4.11.jar:/home/user/.m2/repository/org/hamcrest/hamcrest-core/1.3/hamcrest-core-1.3.jar:/home/user/.m2/repository/org/openjdk/jmh/jmh-core/1.19/jmh-core-1.19.jar:/home/user/.m2/repository/net/sf/jopt-simple/jopt-simple/4.6/jopt-simple-4.6.jar:/home/user/.m2/repository/org/apache/commons/commons-math3/3.1.1/commons-math3-3.1.1.jar:/home/user/.m2/repository/org/openjdk/jmh/jmh-generator-annprocess/1.19/jmh-generator-annprocess-1.19.jar:/home/user/.m2/repository/org/mockito/mockito-all/1.8.5/mockito-all-1.8.5.jar:/home/user/.m2/repository/org/apache/hadoop/hadoop-kms/3.2.0/hadoop-kms-3.2.0.jar:/home/user/.m2/repository/org/apache/hadoop/hadoop-auth/3.2.0/hadoop-auth-3.2.0.jar:/home/user/.m2/repository/com/nimbusds/nimbus-jose-jwt/4.41.1/nimbus-jose-jwt-4.41.1.jar:/home/user/.m2/repository/com/github/stephenc/jcip/jcip-annotations/1.0-1/jcip-annotations-1.0-1.jar:/home/user/.m2/repository/net/minidev/json-smart/2.3/json-smart-2.3.jar:/home/user/.m2/repository/net/minidev/accessors-smart/1.2/accessors-smart-1.2.jar:/home/user/.m2/repository/org/ow2/asm/asm/5.0.4/asm-5.0.4.jar:/home/user/.m2/repository/org/apache/curator/curator-framework/2.12.0/curator-framework-2.12.0.jar:/home/user/.m2/repository/com/sun/jersey/jersey-core/1.19/jersey-core-1.19.jar:/home/user/.m2/repository/javax/ws/rs/jsr311-api/1.1.1/jsr311-api-1.1.1.jar:/home/user/.m2/repository/com/sun/jersey/jersey-server/1.19/jersey-server-1.19.jar:/home/user/.m2/repository/javax/servlet/javax.servlet-api/3.1.0/javax.servlet-api-3.1.0.jar:/home/user/.m2/repository/org/eclipse/jetty/jetty-server/9.3.25.v20180904/jetty-server-9.3.25.v20180904.jar:/home/user/.m2/repository/org/eclipse/jetty/jetty-http/9.3.25.v20180904/jetty-http-9.3.25.v20180904.jar:/home/user/.m2/repository/org/eclipse/jetty/jetty-io/9.3.25.v20180904/jetty-io-9.3.25.v20180904.jar:/home/user/.m2/repository/org/eclipse/jetty/jetty-webapp/9.3.25.v20180904/jetty-webapp-9.3.25.v20180904.jar:/home/user/.m2/repository/org/eclipse/jetty/jetty-xml/9.3.25.v20180904/jetty-xml-9.3.25.v20180904.jar:/home/user/.m2/repository/log4j/log4j/1.2.17/log4j-1.2.17.jar:/home/user/.m2/repository/org/slf4j/slf4j-api/1.7.25/slf4j-api-1.7.25.jar:/home/user/.m2/repository/org/slf4j/jul-to-slf4j/1.7.25/jul-to-slf4j-1.7.25.jar:/home/user/.m2/repository/org/eclipse/jetty/jetty-util/9.3.25.v20180904/jetty-util-9.3.25.v20180904.jar:/home/user/.m2/repository/com/fasterxml/jackson/core/jackson-databind/2.9.9/jackson-databind-2.9.9.jar:/home/user/.m2/repository/org/apache/hadoop/hadoop-kms/3.2.0/hadoop-kms-3.2.0-tests.jar:/home/user/.m2/repository/org/apache/hadoop/hadoop-hdds-server-scm/0.5.0-SNAPSHOT/hadoop-hdds-server-scm-0.5.0-SNAPSHOT-tests.jar:/home/user/.m2/repository/org/apache/hadoop/hadoop-hdds-container-service/0.5.0-SNAPSHOT/hadoop-hdds-container-service-0.5.0-SNAPSHOT-tests.jar:/home/user/.m2/repository/org/yaml/snakeyaml/1.16/snakeyaml-1.16.jar:/home/user/.m2/repository/org/apache/hadoop/hadoop-common/3.2.0/hadoop-common-3.2.0-tests.jar:/home/user/.m2/repository/org/apache/hadoop/hadoop-annotations/3.2.0/hadoop-annotations-3.2.0.jar:/usr/lib/jvm/java-1.8-openjdk/jre/../lib/tools.jar:/home/user/.m2/repository/commons-cli/commons-cli/1.2/commons-cli-1.2.jar:/home/user/.m2/repository/org/apache/httpcomponents/httpclient/4.5.2/httpclient-4.5.2.jar:/home/user/.m2/repository/org/apache/httpcomponents/httpcore/4.4.4/httpcore-4.4.4.jar:/home/user/.m2/repository/commons-codec/commons-codec/1.11/commons-codec-1.11.jar:/home/user/.m2/repository/commons-net/commons-net/3.6/commons-net-3.6.jar:/home/user/.m2/repository/commons-collections/commons-collections/3.2.2/commons-collections-3.2.2.jar:/home/user/.m2/repository/org/eclipse/jetty/jetty-servlet/9.3.25.v20180904/jetty-servlet-9.3.25.v20180904.jar:/home/user/.m2/repository/org/eclipse/jetty/jetty-security/9.3.25.v20180904/jetty-security-9.3.25.v20180904.jar:/home/user/.m2/repository/javax/servlet/jsp/jsp-api/2.1/jsp-api-2.1.jar:/home/user/.m2/repository/com/sun/jersey/jersey-servlet/1.19/jersey-servlet-1.19.jar:/home/user/.m2/repository/com/sun/jersey/jersey-json/1.19/jersey-json-1.19.jar:/home/user/.m2/repository/org/codehaus/jettison/jettison/1.1/jettison-1.1.jar:/home/user/.m2/repository/org/codehaus/jackson/jackson-core-asl/1.9.13/jackson-core-asl-1.9.13.jar:/home/user/.m2/repository/org/codehaus/jackson/jackson-mapper-asl/1.9.13/jackson-mapper-asl-1.9.13.jar:/home/user/.m2/repository/org/codehaus/jackson/jackson-jaxrs/1.9.13/jackson-jaxrs-1.9.13.jar:/home/user/.m2/repository/org/codehaus/jackson/jackson-xc/1.9.13/jackson-xc-1.9.13.jar:/home/user/.m2/repository/commons-logging/commons-logging/1.1.3/commons-logging-1.1.3.jar:/home/user/.m2/repository/commons-beanutils/commons-beanutils/1.9.4/commons-beanutils-1.9.4.jar:/home/user/.m2/repository/org/apache/commons/commons-configuration2/2.1.1/commons-configuration2-2.1.1.jar:/home/user/.m2/repository/org/apache/commons/commons-lang3/3.7/commons-lang3-3.7.jar:/home/user/.m2/repository/org/apache/commons/commons-text/1.4/commons-text-1.4.jar:/home/user/.m2/repository/org/apache/avro/avro/1.7.7/avro-1.7.7.jar:/home/user/.m2/repository/com/thoughtworks/paranamer/paranamer/2.3/paranamer-2.3.jar:/home/user/.m2/repository/org/xerial/snappy/snappy-java/1.0.5/snappy-java-1.0.5.jar:/home/user/.m2/repository/com/google/re2j/re2j/1.1/re2j-1.1.jar:/home/user/.m2/repository/com/google/code/gson/gson/2.2.4/gson-2.2.4.jar:/home/user/.m2/repository/com/jcraft/jsch/0.1.54/jsch-0.1.54.jar:/home/user/.m2/repository/org/apache/curator/curator-client/2.12.0/curator-client-2.12.0.jar:/home/user/.m2/repository/org/apache/curator/curator-recipes/2.12.0/curator-recipes-2.12.0.jar:/home/user/.m2/repository/com/google/code/findbugs/jsr305/3.0.0/jsr305-3.0.0.jar:/home/user/.m2/repository/org/apache/htrace/htrace-core4/4.1.0-incubating/htrace-core4-4.1.0-incubating.jar:/home/user/.m2/repository/org/apache/zookeeper/zookeeper/3.4.13/zookeeper-3.4.13.jar:/home/user/.m2/repository/jline/jline/0.9.94/jline-0.9.94.jar:/home/user/.m2/repository/org/apache/yetus/audience-annotations/0.5.0/audience-annotations-0.5.0.jar:/home/user/.m2/repository/org/codehaus/woodstox/stax2-api/3.1.4/stax2-api-3.1.4.jar:/home/user/.m2/repository/com/fasterxml/woodstox/woodstox-core/5.0.3/woodstox-core-5.0.3.jar:/home/user/.m2/repository/dnsjava/dnsjava/2.1.7/dnsjava-2.1.7.jar:/home/user/.m2/repository/org/apache/hadoop/hadoop-hdfs/3.2.0/hadoop-hdfs-3.2.0-tests.jar:/home/user/.m2/repository/org/eclipse/jetty/jetty-util-ajax/9.3.25.v20180904/jetty-util-ajax-9.3.25.v20180904.jar:/home/user/.m2/repository/commons-daemon/commons-daemon/1.0.13/commons-daemon-1.0.13.jar:/home/user/.m2/repository/io/netty/netty/3.10.5.Final/netty-3.10.5.Final.jar:/home/user/.m2/repository/io/netty/netty-all/4.0.52.Final/netty-all-4.0.52.Final.jar:/home/user/.m2/repository/org/fusesource/leveldbjni/leveldbjni-all/1.8/leveldbjni-all-1.8.jar:"/>
    <property name="java.vm.vendor" value="IcedTea"/>
    <property name="sun.arch.data.model" value="64"/>
    <property name="test.build.dir" value="/workdir/hadoop-ozone/integration-test/target/test-dir"/>
    <property name="test.cache.data" value=""/>
    <property name="java.vendor.url" value="https://icedtea.classpath.org"/>
    <property name="user.timezone" value=""/>
    <property name="java.vm.specification.version" value="1.8"/>
    <property name="os.name" value="Linux"/>
    <property name="test.build.data" value="/workdir/hadoop-ozone/integration-test/target/test-dir"/>
    <property name="user.country" value="US"/>
    <property name="sun.java.launcher" value="SUN_STANDARD"/>
    <property name="sun.boot.library.path" value="/usr/lib/jvm/java-1.8-openjdk/jre/lib/amd64"/>
    <property name="sun.java.command" value="/workdir/hadoop-ozone/integration-test/target/surefire/surefirebooter5639660968212795045.jar /workdir/hadoop-ozone/integration-test/target/surefire 2019-10-03T19-07-21_669-jvmRun1 surefire7659265610093861585tmp surefire_613068330519829327718tmp"/>
    <property name="test" value="!TestMiniChaosOzoneCluster"/>
    <property name="surefire.test.class.path" value="/workdir/hadoop-ozone/integration-test/target/test-classes:/workdir/hadoop-ozone/integration-test/target/classes:/home/user/.m2/repository/org/apache/hadoop/hadoop-ozone-common/0.5.0-SNAPSHOT/hadoop-ozone-common-0.5.0-SNAPSHOT.jar:/home/user/.m2/repository/org/apache/commons/commons-compress/1.4.1/commons-compress-1.4.1.jar:/home/user/.m2/repository/org/tukaani/xz/1.0/xz-1.0.jar:/home/user/.m2/repository/org/apache/hadoop/hadoop-common/3.2.0/hadoop-common-3.2.0.jar:/home/user/.m2/repository/org/apache/hadoop/hadoop-hdfs/3.2.0/hadoop-hdfs-3.2.0.jar:/home/user/.m2/repository/org/apache/hadoop/hadoop-hdfs-client/3.2.0/hadoop-hdfs-client-3.2.0.jar:/home/user/.m2/repository/com/fasterxml/jackson/core/jackson-annotations/2.9.9/jackson-annotations-2.9.9.jar:/home/user/.m2/repository/org/apache/hadoop/hadoop-hdds-common/0.5.0-SNAPSHOT/hadoop-hdds-common-0.5.0-SNAPSHOT.jar:/home/user/.m2/repository/javax/annotation/javax.annotation-api/1.2/javax.annotation-api-1.2.jar:/home/user/.m2/repository/org/apache/ratis/ratis-server/0.5.0-201fc85-SNAPSHOT/ratis-server-0.5.0-201fc85-SNAPSHOT.jar:/home/user/.m2/repository/org/apache/ratis/ratis-thirdparty-misc/0.2.0/ratis-thirdparty-misc-0.2.0.jar:/home/user/.m2/repository/org/apache/ratis/ratis-proto/0.5.0-201fc85-SNAPSHOT/ratis-proto-0.5.0-201fc85-SNAPSHOT.jar:/home/user/.m2/repository/org/apache/ratis/ratis-common/0.5.0-201fc85-SNAPSHOT/ratis-common-0.5.0-201fc85-SNAPSHOT.jar:/home/user/.m2/repository/org/apache/ratis/ratis-client/0.5.0-201fc85-SNAPSHOT/ratis-client-0.5.0-201fc85-SNAPSHOT.jar:/home/user/.m2/repository/org/apache/ratis/ratis-metrics/0.5.0-201fc85-SNAPSHOT/ratis-metrics-0.5.0-201fc85-SNAPSHOT.jar:/home/user/.m2/repository/com/github/joshelser/dropwizard-metrics-hadoop-metrics2-reporter/0.1.2/dropwizard-metrics-hadoop-metrics2-reporter-0.1.2.jar:/home/user/.m2/repository/io/dropwizard/metrics/metrics-jvm/3.2.5/metrics-jvm-3.2.5.jar:/home/user/.m2/repository/io/dropwizard/metrics/metrics-ganglia/3.2.5/metrics-ganglia-3.2.5.jar:/home/user/.m2/repository/info/ganglia/gmetric4j/gmetric4j/1.0.7/gmetric4j-1.0.7.jar:/home/user/.m2/repository/org/apache/ratis/ratis-netty/0.5.0-201fc85-SNAPSHOT/ratis-netty-0.5.0-201fc85-SNAPSHOT.jar:/home/user/.m2/repository/org/apache/ratis/ratis-grpc/0.5.0-201fc85-SNAPSHOT/ratis-grpc-0.5.0-201fc85-SNAPSHOT.jar:/home/user/.m2/repository/org/rocksdb/rocksdbjni/6.0.1/rocksdbjni-6.0.1.jar:/home/user/.m2/repository/org/apache/logging/log4j/log4j-api/2.11.0/log4j-api-2.11.0.jar:/home/user/.m2/repository/org/apache/logging/log4j/log4j-core/2.11.0/log4j-core-2.11.0.jar:/home/user/.m2/repository/com/lmax/disruptor/3.4.2/disruptor-3.4.2.jar:/home/user/.m2/repository/org/apache/commons/commons-pool2/2.6.0/commons-pool2-2.6.0.jar:/home/user/.m2/repository/org/bouncycastle/bcpkix-jdk15on/1.60/bcpkix-jdk15on-1.60.jar:/home/user/.m2/repository/commons-validator/commons-validator/1.6/commons-validator-1.6.jar:/home/user/.m2/repository/commons-digester/commons-digester/1.8.1/commons-digester-1.8.1.jar:/home/user/.m2/repository/io/jaegertracing/jaeger-client/0.34.0/jaeger-client-0.34.0.jar:/home/user/.m2/repository/io/jaegertracing/jaeger-thrift/0.34.0/jaeger-thrift-0.34.0.jar:/home/user/.m2/repository/org/apache/thrift/libthrift/0.12.0/libthrift-0.12.0.jar:/home/user/.m2/repository/com/squareup/okhttp3/okhttp/3.9.0/okhttp-3.9.0.jar:/home/user/.m2/repository/com/squareup/okio/okio/1.13.0/okio-1.13.0.jar:/home/user/.m2/repository/io/jaegertracing/jaeger-core/0.34.0/jaeger-core-0.34.0.jar:/home/user/.m2/repository/io/jaegertracing/jaeger-tracerresolver/0.34.0/jaeger-tracerresolver-0.34.0.jar:/home/user/.m2/repository/io/opentracing/contrib/opentracing-tracerresolver/0.1.5/opentracing-tracerresolver-0.1.5.jar:/home/user/.m2/repository/io/opentracing/opentracing-util/0.31.0/opentracing-util-0.31.0.jar:/home/user/.m2/repository/io/opentracing/opentracing-api/0.31.0/opentracing-api-0.31.0.jar:/home/user/.m2/repository/io/opentracing/opentracing-noop/0.31.0/opentracing-noop-0.31.0.jar:/home/user/.m2/repository/org/apache/hadoop/hadoop-hdds-server-framework/0.5.0-SNAPSHOT/hadoop-hdds-server-framework-0.5.0-SNAPSHOT.jar:/home/user/.m2/repository/org/apache/hadoop/hadoop-hdds-container-service/0.5.0-SNAPSHOT/hadoop-hdds-container-service-0.5.0-SNAPSHOT.jar:/home/user/.m2/repository/org/apache/hadoop/hadoop-hdds-client/0.5.0-SNAPSHOT/hadoop-hdds-client-0.5.0-SNAPSHOT.jar:/home/user/.m2/repository/org/apache/hadoop/hadoop-hdds-tools/0.5.0-SNAPSHOT/hadoop-hdds-tools-0.5.0-SNAPSHOT.jar:/home/user/.m2/repository/org/apache/hadoop/hadoop-hdds-server-scm/0.5.0-SNAPSHOT/hadoop-hdds-server-scm-0.5.0-SNAPSHOT.jar:/home/user/.m2/repository/org/apache/hadoop/hadoop-hdds-docs/0.5.0-SNAPSHOT/hadoop-hdds-docs-0.5.0-SNAPSHOT.jar:/home/user/.m2/repository/io/dropwizard/metrics/metrics-core/3.2.4/metrics-core-3.2.4.jar:/home/user/.m2/repository/org/hamcrest/hamcrest-all/1.3/hamcrest-all-1.3.jar:/home/user/.m2/repository/org/bouncycastle/bcprov-jdk15on/1.60/bcprov-jdk15on-1.60.jar:/home/user/.m2/repository/info/picocli/picocli/3.9.6/picocli-3.9.6.jar:/home/user/.m2/repository/com/google/protobuf/protobuf-java/2.5.0/protobuf-java-2.5.0.jar:/home/user/.m2/repository/com/google/guava/guava/11.0.2/guava-11.0.2.jar:/home/user/.m2/repository/org/apache/hadoop/hadoop-ozone-ozone-manager/0.5.0-SNAPSHOT/hadoop-ozone-ozone-manager-0.5.0-SNAPSHOT.jar:/home/user/.m2/repository/org/apache/hadoop/hadoop-minikdc/3.2.0/hadoop-minikdc-3.2.0.jar:/home/user/.m2/repository/commons-io/commons-io/2.5/commons-io-2.5.jar:/home/user/.m2/repository/org/apache/kerby/kerb-simplekdc/1.0.1/kerb-simplekdc-1.0.1.jar:/home/user/.m2/repository/org/apache/kerby/kerb-client/1.0.1/kerb-client-1.0.1.jar:/home/user/.m2/repository/org/apache/kerby/kerby-config/1.0.1/kerby-config-1.0.1.jar:/home/user/.m2/repository/org/apache/kerby/kerb-core/1.0.1/kerb-core-1.0.1.jar:/home/user/.m2/repository/org/apache/kerby/kerby-pkix/1.0.1/kerby-pkix-1.0.1.jar:/home/user/.m2/repository/org/apache/kerby/kerby-asn1/1.0.1/kerby-asn1-1.0.1.jar:/home/user/.m2/repository/org/apache/kerby/kerby-util/1.0.1/kerby-util-1.0.1.jar:/home/user/.m2/repository/org/apache/kerby/kerb-common/1.0.1/kerb-common-1.0.1.jar:/home/user/.m2/repository/org/apache/kerby/kerb-crypto/1.0.1/kerb-crypto-1.0.1.jar:/home/user/.m2/repository/org/apache/kerby/kerb-util/1.0.1/kerb-util-1.0.1.jar:/home/user/.m2/repository/org/apache/kerby/token-provider/1.0.1/token-provider-1.0.1.jar:/home/user/.m2/repository/org/apache/kerby/kerb-admin/1.0.1/kerb-admin-1.0.1.jar:/home/user/.m2/repository/org/apache/kerby/kerb-server/1.0.1/kerb-server-1.0.1.jar:/home/user/.m2/repository/org/apache/kerby/kerb-identity/1.0.1/kerb-identity-1.0.1.jar:/home/user/.m2/repository/org/apache/kerby/kerby-xdr/1.0.1/kerby-xdr-1.0.1.jar:/home/user/.m2/repository/org/slf4j/slf4j-log4j12/1.7.25/slf4j-log4j12-1.7.25.jar:/home/user/.m2/repository/org/apache/hadoop/hadoop-ozone-s3gateway/0.5.0-SNAPSHOT/hadoop-ozone-s3gateway-0.5.0-SNAPSHOT.jar:/home/user/.m2/repository/org/jboss/weld/servlet/weld-servlet/2.4.7.Final/weld-servlet-2.4.7.Final.jar:/home/user/.m2/repository/org/glassfish/jersey/containers/jersey-container-servlet-core/2.27/jersey-container-servlet-core-2.27.jar:/home/user/.m2/repository/org/glassfish/hk2/external/javax.inject/2.5.0-b42/javax.inject-2.5.0-b42.jar:/home/user/.m2/repository/org/glassfish/jersey/core/jersey-common/2.27/jersey-common-2.27.jar:/home/user/.m2/repository/org/glassfish/hk2/osgi-resource-locator/1.0.1/osgi-resource-locator-1.0.1.jar:/home/user/.m2/repository/javax/ws/rs/javax.ws.rs-api/2.1/javax.ws.rs-api-2.1.jar:/home/user/.m2/repository/org/glassfish/jersey/ext/cdi/jersey-cdi1x/2.27/jersey-cdi1x-2.27.jar:/home/user/.m2/repository/org/glassfish/jersey/inject/jersey-hk2/2.27/jersey-hk2-2.27.jar:/home/user/.m2/repository/org/glassfish/hk2/hk2-locator/2.5.0-b42/hk2-locator-2.5.0-b42.jar:/home/user/.m2/repository/org/javassist/javassist/3.22.0-CR2/javassist-3.22.0-CR2.jar:/home/user/.m2/repository/org/glassfish/hk2/hk2-api/2.5.0/hk2-api-2.5.0.jar:/home/user/.m2/repository/org/glassfish/hk2/external/jakarta.inject/2.5.0/jakarta.inject-2.5.0.jar:/home/user/.m2/repository/org/glassfish/hk2/hk2-utils/2.5.0/hk2-utils-2.5.0.jar:/home/user/.m2/repository/jakarta/annotation/jakarta.annotation-api/1.3.4/jakarta.annotation-api-1.3.4.jar:/home/user/.m2/repository/org/glassfish/hk2/external/aopalliance-repackaged/2.5.0/aopalliance-repackaged-2.5.0.jar:/home/user/.m2/repository/com/fasterxml/jackson/dataformat/jackson-dataformat-xml/2.9.0/jackson-dataformat-xml-2.9.0.jar:/home/user/.m2/repository/com/fasterxml/jackson/core/jackson-core/2.9.9/jackson-core-2.9.9.jar:/home/user/.m2/repository/com/fasterxml/jackson/module/jackson-module-jaxb-annotations/2.9.9/jackson-module-jaxb-annotations-2.9.9.jar:/home/user/.m2/repository/javax/enterprise/cdi-api/1.2/cdi-api-1.2.jar:/home/user/.m2/repository/javax/el/javax.el-api/3.0.0/javax.el-api-3.0.0.jar:/home/user/.m2/repository/javax/interceptor/javax.interceptor-api/1.2/javax.interceptor-api-1.2.jar:/home/user/.m2/repository/javax/inject/javax.inject/1/javax.inject-1.jar:/home/user/.m2/repository/com/sun/xml/bind/jaxb-impl/2.3.0.1/jaxb-impl-2.3.0.1.jar:/home/user/.m2/repository/com/sun/xml/bind/jaxb-core/2.3.0.1/jaxb-core-2.3.0.1.jar:/home/user/.m2/repository/javax/xml/bind/jaxb-api/2.3.0/jaxb-api-2.3.0.jar:/home/user/.m2/repository/javax/activation/activation/1.1.1/activation-1.1.1.jar:/home/user/.m2/repository/org/apache/hadoop/hadoop-ozone-csi/0.5.0-SNAPSHOT/hadoop-ozone-csi-0.5.0-SNAPSHOT.jar:/home/user/.m2/repository/com/google/protobuf/protobuf-java-util/3.5.1/protobuf-java-util-3.5.1.jar:/home/user/.m2/repository/org/apache/hadoop/hadoop-hdds-config/0.5.0-SNAPSHOT/hadoop-hdds-config-0.5.0-SNAPSHOT.jar:/home/user/.m2/repository/io/grpc/grpc-netty/1.17.1/grpc-netty-1.17.1.jar:/home/user/.m2/repository/io/grpc/grpc-core/1.17.1/grpc-core-1.17.1.jar:/home/user/.m2/repository/io/grpc/grpc-context/1.17.1/grpc-context-1.17.1.jar:/home/user/.m2/repository/com/google/errorprone/error_prone_annotations/2.2.0/error_prone_annotations-2.2.0.jar:/home/user/.m2/repository/org/codehaus/mojo/animal-sniffer-annotations/1.17/animal-sniffer-annotations-1.17.jar:/home/user/.m2/repository/io/opencensus/opencensus-api/0.17.0/opencensus-api-0.17.0.jar:/home/user/.m2/repository/io/opencensus/opencensus-contrib-grpc-metrics/0.17.0/opencensus-contrib-grpc-metrics-0.17.0.jar:/home/user/.m2/repository/io/netty/netty-codec-http2/4.1.30.Final/netty-codec-http2-4.1.30.Final.jar:/home/user/.m2/repository/io/netty/netty-codec-http/4.1.30.Final/netty-codec-http-4.1.30.Final.jar:/home/user/.m2/repository/io/netty/netty-codec/4.1.30.Final/netty-codec-4.1.30.Final.jar:/home/user/.m2/repository/io/netty/netty-handler/4.1.30.Final/netty-handler-4.1.30.Final.jar:/home/user/.m2/repository/io/netty/netty-handler-proxy/4.1.30.Final/netty-handler-proxy-4.1.30.Final.jar:/home/user/.m2/repository/io/netty/netty-codec-socks/4.1.30.Final/netty-codec-socks-4.1.30.Final.jar:/home/user/.m2/repository/io/netty/netty-transport-native-epoll/4.1.30.Final/netty-transport-native-epoll-4.1.30.Final.jar:/home/user/.m2/repository/io/netty/netty-common/4.1.30.Final/netty-common-4.1.30.Final.jar:/home/user/.m2/repository/io/netty/netty-buffer/4.1.30.Final/netty-buffer-4.1.30.Final.jar:/home/user/.m2/repository/io/netty/netty-transport/4.1.30.Final/netty-transport-4.1.30.Final.jar:/home/user/.m2/repository/io/netty/netty-resolver/4.1.30.Final/netty-resolver-4.1.30.Final.jar:/home/user/.m2/repository/io/netty/netty-transport-native-unix-common/4.1.30.Final/netty-transport-native-unix-common-4.1.30.Final.jar:/home/user/.m2/repository/io/grpc/grpc-protobuf/1.17.1/grpc-protobuf-1.17.1.jar:/home/user/.m2/repository/com/google/api/grpc/proto-google-common-protos/1.0.0/proto-google-common-protos-1.0.0.jar:/home/user/.m2/repository/io/grpc/grpc-protobuf-lite/1.17.1/grpc-protobuf-lite-1.17.1.jar:/home/user/.m2/repository/io/grpc/grpc-stub/1.17.1/grpc-stub-1.17.1.jar:/home/user/.m2/repository/org/apache/hadoop/hadoop-ozone-recon/0.5.0-SNAPSHOT/hadoop-ozone-recon-0.5.0-SNAPSHOT.jar:/home/user/.m2/repository/org/apache/hadoop/hadoop-ozone-reconcodegen/0.5.0-SNAPSHOT/hadoop-ozone-reconcodegen-0.5.0-SNAPSHOT.jar:/home/user/.m2/repository/com/google/inject/extensions/guice-multibindings/4.0/guice-multibindings-4.0.jar:/home/user/.m2/repository/com/google/inject/guice/4.0/guice-4.0.jar:/home/user/.m2/repository/aopalliance/aopalliance/1.0/aopalliance-1.0.jar:/home/user/.m2/repository/com/google/inject/extensions/guice-servlet/4.0/guice-servlet-4.0.jar:/home/user/.m2/repository/org/glassfish/jersey/containers/jersey-container-servlet/2.27/jersey-container-servlet-2.27.jar:/home/user/.m2/repository/org/glassfish/hk2/guice-bridge/2.5.0/guice-bridge-2.5.0.jar:/home/user/.m2/repository/org/glassfish/jersey/core/jersey-server/2.27/jersey-server-2.27.jar:/home/user/.m2/repository/org/glassfish/jersey/core/jersey-client/2.27/jersey-client-2.27.jar:/home/user/.m2/repository/org/glassfish/jersey/media/jersey-media-jaxb/2.27/jersey-media-jaxb-2.27.jar:/home/user/.m2/repository/javax/validation/validation-api/1.1.0.Final/validation-api-1.1.0.Final.jar:/home/user/.m2/repository/org/glassfish/jersey/media/jersey-media-json-jackson/2.27/jersey-media-json-jackson-2.27.jar:/home/user/.m2/repository/org/glassfish/jersey/ext/jersey-entity-filtering/2.27/jersey-entity-filtering-2.27.jar:/home/user/.m2/repository/com/google/inject/extensions/guice-assistedinject/4.0/guice-assistedinject-4.0.jar:/home/user/.m2/repository/org/jooq/jooq/3.11.10/jooq-3.11.10.jar:/home/user/.m2/repository/org/jooq/jooq-meta/3.11.10/jooq-meta-3.11.10.jar:/home/user/.m2/repository/org/jooq/jooq-codegen/3.11.10/jooq-codegen-3.11.10.jar:/home/user/.m2/repository/com/jolbox/bonecp/0.8.0.RELEASE/bonecp-0.8.0.RELEASE.jar:/home/user/.m2/repository/org/xerial/sqlite-jdbc/3.25.2/sqlite-jdbc-3.25.2.jar:/home/user/.m2/repository/org/springframework/spring-jdbc/5.1.3.RELEASE/spring-jdbc-5.1.3.RELEASE.jar:/home/user/.m2/repository/org/springframework/spring-beans/5.1.3.RELEASE/spring-beans-5.1.3.RELEASE.jar:/home/user/.m2/repository/org/springframework/spring-core/5.1.3.RELEASE/spring-core-5.1.3.RELEASE.jar:/home/user/.m2/repository/org/springframework/spring-jcl/5.1.3.RELEASE/spring-jcl-5.1.3.RELEASE.jar:/home/user/.m2/repository/org/springframework/spring-tx/5.1.3.RELEASE/spring-tx-5.1.3.RELEASE.jar:/home/user/.m2/repository/org/apache/hadoop/hadoop-ozone-client/0.5.0-SNAPSHOT/hadoop-ozone-client-0.5.0-SNAPSHOT.jar:/home/user/.m2/repository/commons-lang/commons-lang/2.6/commons-lang-2.6.jar:/home/user/.m2/repository/org/apache/hadoop/hadoop-ozone-ozone-manager/0.5.0-SNAPSHOT/hadoop-ozone-ozone-manager-0.5.0-SNAPSHOT-tests.jar:/home/user/.m2/repository/junit/junit/4.11/junit-4.11.jar:/home/user/.m2/repository/org/hamcrest/hamcrest-core/1.3/hamcrest-core-1.3.jar:/home/user/.m2/repository/org/openjdk/jmh/jmh-core/1.19/jmh-core-1.19.jar:/home/user/.m2/repository/net/sf/jopt-simple/jopt-simple/4.6/jopt-simple-4.6.jar:/home/user/.m2/repository/org/apache/commons/commons-math3/3.1.1/commons-math3-3.1.1.jar:/home/user/.m2/repository/org/openjdk/jmh/jmh-generator-annprocess/1.19/jmh-generator-annprocess-1.19.jar:/home/user/.m2/repository/org/mockito/mockito-all/1.8.5/mockito-all-1.8.5.jar:/home/user/.m2/repository/org/apache/hadoop/hadoop-kms/3.2.0/hadoop-kms-3.2.0.jar:/home/user/.m2/repository/org/apache/hadoop/hadoop-auth/3.2.0/hadoop-auth-3.2.0.jar:/home/user/.m2/repository/com/nimbusds/nimbus-jose-jwt/4.41.1/nimbus-jose-jwt-4.41.1.jar:/home/user/.m2/repository/com/github/stephenc/jcip/jcip-annotations/1.0-1/jcip-annotations-1.0-1.jar:/home/user/.m2/repository/net/minidev/json-smart/2.3/json-smart-2.3.jar:/home/user/.m2/repository/net/minidev/accessors-smart/1.2/accessors-smart-1.2.jar:/home/user/.m2/repository/org/ow2/asm/asm/5.0.4/asm-5.0.4.jar:/home/user/.m2/repository/org/apache/curator/curator-framework/2.12.0/curator-framework-2.12.0.jar:/home/user/.m2/repository/com/sun/jersey/jersey-core/1.19/jersey-core-1.19.jar:/home/user/.m2/repository/javax/ws/rs/jsr311-api/1.1.1/jsr311-api-1.1.1.jar:/home/user/.m2/repository/com/sun/jersey/jersey-server/1.19/jersey-server-1.19.jar:/home/user/.m2/repository/javax/servlet/javax.servlet-api/3.1.0/javax.servlet-api-3.1.0.jar:/home/user/.m2/repository/org/eclipse/jetty/jetty-server/9.3.25.v20180904/jetty-server-9.3.25.v20180904.jar:/home/user/.m2/repository/org/eclipse/jetty/jetty-http/9.3.25.v20180904/jetty-http-9.3.25.v20180904.jar:/home/user/.m2/repository/org/eclipse/jetty/jetty-io/9.3.25.v20180904/jetty-io-9.3.25.v20180904.jar:/home/user/.m2/repository/org/eclipse/jetty/jetty-webapp/9.3.25.v20180904/jetty-webapp-9.3.25.v20180904.jar:/home/user/.m2/repository/org/eclipse/jetty/jetty-xml/9.3.25.v20180904/jetty-xml-9.3.25.v20180904.jar:/home/user/.m2/repository/log4j/log4j/1.2.17/log4j-1.2.17.jar:/home/user/.m2/repository/org/slf4j/slf4j-api/1.7.25/slf4j-api-1.7.25.jar:/home/user/.m2/repository/org/slf4j/jul-to-slf4j/1.7.25/jul-to-slf4j-1.7.25.jar:/home/user/.m2/repository/org/eclipse/jetty/jetty-util/9.3.25.v20180904/jetty-util-9.3.25.v20180904.jar:/home/user/.m2/repository/com/fasterxml/jackson/core/jackson-databind/2.9.9/jackson-databind-2.9.9.jar:/home/user/.m2/repository/org/apache/hadoop/hadoop-kms/3.2.0/hadoop-kms-3.2.0-tests.jar:/home/user/.m2/repository/org/apache/hadoop/hadoop-hdds-server-scm/0.5.0-SNAPSHOT/hadoop-hdds-server-scm-0.5.0-SNAPSHOT-tests.jar:/home/user/.m2/repository/org/apache/hadoop/hadoop-hdds-container-service/0.5.0-SNAPSHOT/hadoop-hdds-container-service-0.5.0-SNAPSHOT-tests.jar:/home/user/.m2/repository/org/yaml/snakeyaml/1.16/snakeyaml-1.16.jar:/home/user/.m2/repository/org/apache/hadoop/hadoop-common/3.2.0/hadoop-common-3.2.0-tests.jar:/home/user/.m2/repository/org/apache/hadoop/hadoop-annotations/3.2.0/hadoop-annotations-3.2.0.jar:/usr/lib/jvm/java-1.8-openjdk/jre/../lib/tools.jar:/home/user/.m2/repository/commons-cli/commons-cli/1.2/commons-cli-1.2.jar:/home/user/.m2/repository/org/apache/httpcomponents/httpclient/4.5.2/httpclient-4.5.2.jar:/home/user/.m2/repository/org/apache/httpcomponents/httpcore/4.4.4/httpcore-4.4.4.jar:/home/user/.m2/repository/commons-codec/commons-codec/1.11/commons-codec-1.11.jar:/home/user/.m2/repository/commons-net/commons-net/3.6/commons-net-3.6.jar:/home/user/.m2/repository/commons-collections/commons-collections/3.2.2/commons-collections-3.2.2.jar:/home/user/.m2/repository/org/eclipse/jetty/jetty-servlet/9.3.25.v20180904/jetty-servlet-9.3.25.v20180904.jar:/home/user/.m2/repository/org/eclipse/jetty/jetty-security/9.3.25.v20180904/jetty-security-9.3.25.v20180904.jar:/home/user/.m2/repository/javax/servlet/jsp/jsp-api/2.1/jsp-api-2.1.jar:/home/user/.m2/repository/com/sun/jersey/jersey-servlet/1.19/jersey-servlet-1.19.jar:/home/user/.m2/repository/com/sun/jersey/jersey-json/1.19/jersey-json-1.19.jar:/home/user/.m2/repository/org/codehaus/jettison/jettison/1.1/jettison-1.1.jar:/home/user/.m2/repository/org/codehaus/jackson/jackson-core-asl/1.9.13/jackson-core-asl-1.9.13.jar:/home/user/.m2/repository/org/codehaus/jackson/jackson-mapper-asl/1.9.13/jackson-mapper-asl-1.9.13.jar:/home/user/.m2/repository/org/codehaus/jackson/jackson-jaxrs/1.9.13/jackson-jaxrs-1.9.13.jar:/home/user/.m2/repository/org/codehaus/jackson/jackson-xc/1.9.13/jackson-xc-1.9.13.jar:/home/user/.m2/repository/commons-logging/commons-logging/1.1.3/commons-logging-1.1.3.jar:/home/user/.m2/repository/commons-beanutils/commons-beanutils/1.9.4/commons-beanutils-1.9.4.jar:/home/user/.m2/repository/org/apache/commons/commons-configuration2/2.1.1/commons-configuration2-2.1.1.jar:/home/user/.m2/repository/org/apache/commons/commons-lang3/3.7/commons-lang3-3.7.jar:/home/user/.m2/repository/org/apache/commons/commons-text/1.4/commons-text-1.4.jar:/home/user/.m2/repository/org/apache/avro/avro/1.7.7/avro-1.7.7.jar:/home/user/.m2/repository/com/thoughtworks/paranamer/paranamer/2.3/paranamer-2.3.jar:/home/user/.m2/repository/org/xerial/snappy/snappy-java/1.0.5/snappy-java-1.0.5.jar:/home/user/.m2/repository/com/google/re2j/re2j/1.1/re2j-1.1.jar:/home/user/.m2/repository/com/google/code/gson/gson/2.2.4/gson-2.2.4.jar:/home/user/.m2/repository/com/jcraft/jsch/0.1.54/jsch-0.1.54.jar:/home/user/.m2/repository/org/apache/curator/curator-client/2.12.0/curator-client-2.12.0.jar:/home/user/.m2/repository/org/apache/curator/curator-recipes/2.12.0/curator-recipes-2.12.0.jar:/home/user/.m2/repository/com/google/code/findbugs/jsr305/3.0.0/jsr305-3.0.0.jar:/home/user/.m2/repository/org/apache/htrace/htrace-core4/4.1.0-incubating/htrace-core4-4.1.0-incubating.jar:/home/user/.m2/repository/org/apache/zookeeper/zookeeper/3.4.13/zookeeper-3.4.13.jar:/home/user/.m2/repository/jline/jline/0.9.94/jline-0.9.94.jar:/home/user/.m2/repository/org/apache/yetus/audience-annotations/0.5.0/audience-annotations-0.5.0.jar:/home/user/.m2/repository/org/codehaus/woodstox/stax2-api/3.1.4/stax2-api-3.1.4.jar:/home/user/.m2/repository/com/fasterxml/woodstox/woodstox-core/5.0.3/woodstox-core-5.0.3.jar:/home/user/.m2/repository/dnsjava/dnsjava/2.1.7/dnsjava-2.1.7.jar:/home/user/.m2/repository/org/apache/hadoop/hadoop-hdfs/3.2.0/hadoop-hdfs-3.2.0-tests.jar:/home/user/.m2/repository/org/eclipse/jetty/jetty-util-ajax/9.3.25.v20180904/jetty-util-ajax-9.3.25.v20180904.jar:/home/user/.m2/repository/commons-daemon/commons-daemon/1.0.13/commons-daemon-1.0.13.jar:/home/user/.m2/repository/io/netty/netty/3.10.5.Final/netty-3.10.5.Final.jar:/home/user/.m2/repository/io/netty/netty-all/4.0.52.Final/netty-all-4.0.52.Final.jar:/home/user/.m2/repository/org/fusesource/leveldbjni/leveldbjni-all/1.8/leveldbjni-all-1.8.jar:"/>
    <property name="sun.cpu.endian" value="little"/>
    <property name="user.home" value="/home/user"/>
    <property name="user.language" value="en"/>
    <property name="java.specification.vendor" value="Oracle Corporation"/>
    <property name="java.home" value="/usr/lib/jvm/java-1.8-openjdk/jre"/>
    <property name="java.security.krb5.conf" value="/workdir/hadoop-ozone/integration-test/target/test-classes/krb5.conf"/>
    <property name="basedir" value="/workdir/hadoop-ozone/integration-test"/>
    <property name="file.separator" value="/"/>
    <property name="line.separator" value="&#10;"/>
    <property name="java.vm.specification.vendor" value="Oracle Corporation"/>
    <property name="java.specification.name" value="Java Platform API Specification"/>
    <property name="java.awt.graphicsenv" value="sun.awt.X11GraphicsEnvironment"/>
    <property name="surefire.real.class.path" value="/workdir/hadoop-ozone/integration-test/target/surefire/surefirebooter5639660968212795045.jar"/>
    <property name="hadoop.log.dir" value="/workdir/hadoop-ozone/integration-test/target/log"/>
    <property name="sun.boot.class.path" value="/usr/lib/jvm/java-1.8-openjdk/jre/lib/resources.jar:/usr/lib/jvm/java-1.8-openjdk/jre/lib/rt.jar:/usr/lib/jvm/java-1.8-openjdk/jre/lib/sunrsasign.jar:/usr/lib/jvm/java-1.8-openjdk/jre/lib/jsse.jar:/usr/lib/jvm/java-1.8-openjdk/jre/lib/jce.jar:/usr/lib/jvm/java-1.8-openjdk/jre/lib/charsets.jar:/usr/lib/jvm/java-1.8-openjdk/jre/lib/jfr.jar:/usr/lib/jvm/java-1.8-openjdk/jre/classes"/>
    <property name="sun.management.compiler" value="HotSpot 64-Bit Tiered Compilers"/>
    <property name="java.runtime.version" value="1.8.0_212-b04"/>
    <property name="java.net.preferIPv4Stack" value="true"/>
    <property name="user.name" value="jenkins1000"/>
    <property name="path.separator" value=":"/>
    <property name="java.security.egd" value="file:///dev/urandom"/>
    <property name="os.version" value="3.10.0-957.12.2.el7.x86_64"/>
    <property name="java.endorsed.dirs" value="/usr/lib/jvm/java-1.8-openjdk/jre/lib/endorsed"/>
    <property name="java.runtime.name" value="OpenJDK Runtime Environment"/>
    <property name="file.encoding" value="UTF-8"/>
    <property name="java.vm.name" value="OpenJDK 64-Bit Server VM"/>
    <property name="test.build.webapps" value=""/>
    <property name="localRepository" value="/home/user/.m2/repository"/>
    <property name="java.vendor.url.bug" value="https://icedtea.classpath.org/bugzilla"/>
    <property name="java.io.tmpdir" value="/tmp"/>
    <property name="require.test.libhadoop" value=""/>
    <property name="java.version" value="1.8.0_212"/>
    <property name="user.dir" value="/workdir/hadoop-ozone/integration-test"/>
    <property name="os.arch" value="amd64"/>
    <property name="java.vm.specification.name" value="Java Virtual Machine Specification"/>
    <property name="test.build.classes" value="/workdir/hadoop-ozone/integration-test/target/test-classes"/>
    <property name="java.awt.printerjob" value="sun.print.PSPrinterJob"/>
    <property name="sun.os.patch.level" value="unknown"/>
    <property name="hadoop.tmp.dir" value="/workdir/hadoop-ozone/integration-test/target/tmp"/>
    <property name="java.library.path" value="/usr/lib/jvm/java-1.8-openjdk/jre/lib/amd64/server:/usr/lib/jvm/java-1.8-openjdk/jre/lib/amd64:/usr/lib/jvm/java-1.8-openjdk/jre/../lib/amd64:/workdir/hadoop-ozone/integration-test/target/native/target/usr/local/lib:/workdir/hadoop-ozone/integration-test/../../hadoop-common-project/hadoop-common/target/native/target/usr/local/lib:/usr/java/packages/lib/amd64:/usr/lib64:/lib64:/lib:/usr/lib"/>
    <property name="java.vm.info" value="mixed mode"/>
    <property name="java.vendor" value="IcedTea"/>
    <property name="java.vm.version" value="25.212-b04"/>
    <property name="java.ext.dirs" value="/usr/lib/jvm/java-1.8-openjdk/jre/lib/ext:/usr/java/packages/lib/ext"/>
    <property name="sun.io.unicode.encoding" value="UnicodeLittle"/>
    <property name="java.class.version" value="52.0"/>
  </properties>
  <testcase name="testWatchForCommitWithKeyWrite" classname="org.apache.hadoop.ozone.client.rpc.TestWatchForCommit" time="91.826"/>
  <testcase name="testWatchForCommitWithSmallerTimeoutValue" classname="org.apache.hadoop.ozone.client.rpc.TestWatchForCommit" time="44.626"/>
  <testcase name="testWatchForCommitForRetryfailure" classname="org.apache.hadoop.ozone.client.rpc.TestWatchForCommit" time="77.462"/>
  <testcase name="testWatchForCommitForGroupMismatchException" classname="org.apache.hadoop.ozone.client.rpc.TestWatchForCommit" time="38.24"/>
  <testcase name="test2WayCommitForTimeoutException" classname="org.apache.hadoop.ozone.client.rpc.TestWatchForCommit" time="24.232">
    <error type="java.util.concurrent.TimeoutException">java.util.concurrent.TimeoutException
	at java.util.concurrent.CompletableFuture.timedGet(CompletableFuture.java:1771)
	at java.util.concurrent.CompletableFuture.get(CompletableFuture.java:1915)
	at org.apache.hadoop.hdds.scm.XceiverClientRatis.watchForCommit(XceiverClientRatis.java:298)
	at org.apache.hadoop.ozone.client.rpc.TestWatchForCommit.test2WayCommitForTimeoutException(TestWatchForCommit.java:391)
	at sun.reflect.NativeMethodAccessorImpl.invoke0(Native Method)
	at sun.reflect.NativeMethodAccessorImpl.invoke(NativeMethodAccessorImpl.java:62)
	at sun.reflect.DelegatingMethodAccessorImpl.invoke(DelegatingMethodAccessorImpl.java:43)
	at java.lang.reflect.Method.invoke(Method.java:498)
	at org.junit.runners.model.FrameworkMethod$1.runReflectiveCall(FrameworkMethod.java:47)
	at org.junit.internal.runners.model.ReflectiveCallable.run(ReflectiveCallable.java:12)
	at org.junit.runners.model.FrameworkMethod.invokeExplosively(FrameworkMethod.java:44)
	at org.junit.internal.runners.statements.InvokeMethod.evaluate(InvokeMethod.java:17)
	at org.junit.runners.ParentRunner.runLeaf(ParentRunner.java:271)
	at org.junit.runners.BlockJUnit4ClassRunner.runChild(BlockJUnit4ClassRunner.java:70)
	at org.junit.runners.BlockJUnit4ClassRunner.runChild(BlockJUnit4ClassRunner.java:50)
	at org.junit.runners.ParentRunner$3.run(ParentRunner.java:238)
	at org.junit.runners.ParentRunner$1.schedule(ParentRunner.java:63)
	at org.junit.runners.ParentRunner.runChildren(ParentRunner.java:236)
	at org.junit.runners.ParentRunner.access$000(ParentRunner.java:53)
	at org.junit.runners.ParentRunner$2.evaluate(ParentRunner.java:229)
	at org.junit.runners.ParentRunner.run(ParentRunner.java:309)
	at org.apache.maven.surefire.junit4.JUnit4Provider.execute(JUnit4Provider.java:365)
	at org.apache.maven.surefire.junit4.JUnit4Provider.executeWithRerun(JUnit4Provider.java:273)
	at org.apache.maven.surefire.junit4.JUnit4Provider.executeTestSet(JUnit4Provider.java:238)
	at org.apache.maven.surefire.junit4.JUnit4Provider.invoke(JUnit4Provider.java:159)
	at org.apache.maven.surefire.booter.ForkedBooter.invokeProviderInSameClassLoader(ForkedBooter.java:384)
	at org.apache.maven.surefire.booter.ForkedBooter.runSuitesInProcess(ForkedBooter.java:345)
	at org.apache.maven.surefire.booter.ForkedBooter.execute(ForkedBooter.java:126)
	at org.apache.maven.surefire.booter.ForkedBooter.main(ForkedBooter.java:418)
</error>
    <system-out><![CDATA[2019-10-03 20:22:19,087 [main] WARN  server.ServerUtils (ServerUtils.java:getScmDbDir(145)) - ozone.scm.db.dirs is not configured. We recommend adding this setting. Falling back to ozone.metadata.dirs instead.
2019-10-03 20:22:19,120 [main] WARN  server.ServerUtils (ServerUtils.java:getScmDbDir(145)) - ozone.scm.db.dirs is not configured. We recommend adding this setting. Falling back to ozone.metadata.dirs instead.
2019-10-03 20:22:19,121 [main] WARN  server.ServerUtils (ServerUtils.java:getScmDbDir(145)) - ozone.scm.db.dirs is not configured. We recommend adding this setting. Falling back to ozone.metadata.dirs instead.
2019-10-03 20:22:19,121 [main] INFO  db.DBStoreBuilder (DBStoreBuilder.java:addTable(110)) - using custom profile for table: deletedBlocks
2019-10-03 20:22:19,122 [main] INFO  db.DBStoreBuilder (DBStoreBuilder.java:processTables(161)) - Using default column profile:DBProfile.DISK for Table:deletedBlocks
2019-10-03 20:22:19,122 [main] INFO  db.DBStoreBuilder (DBStoreBuilder.java:addTable(110)) - using custom profile for table: validCerts
2019-10-03 20:22:19,122 [main] INFO  db.DBStoreBuilder (DBStoreBuilder.java:processTables(161)) - Using default column profile:DBProfile.DISK for Table:validCerts
2019-10-03 20:22:19,122 [main] INFO  db.DBStoreBuilder (DBStoreBuilder.java:addTable(110)) - using custom profile for table: revokedCerts
2019-10-03 20:22:19,122 [main] INFO  db.DBStoreBuilder (DBStoreBuilder.java:processTables(161)) - Using default column profile:DBProfile.DISK for Table:revokedCerts
2019-10-03 20:22:19,122 [main] INFO  db.DBStoreBuilder (DBStoreBuilder.java:addTable(110)) - using custom profile for table: default
2019-10-03 20:22:19,122 [main] INFO  db.DBStoreBuilder (DBStoreBuilder.java:processTables(167)) - Using default column profile:DBProfile.DISK for Table:default
2019-10-03 20:22:19,123 [main] INFO  db.DBStoreBuilder (DBStoreBuilder.java:getDbProfile(198)) - Using default options. DBProfile.DISK
2019-10-03 20:22:19,443 [main] INFO  net.NodeSchemaLoader (NodeSchemaLoader.java:loadSchemaFromFile(125)) - Loading file from sun.misc.CompoundEnumeration@14b275bd
2019-10-03 20:22:19,443 [main] INFO  net.NodeSchemaLoader (NodeSchemaLoader.java:loadSchema(171)) - Loading network topology layer schema file
2019-10-03 20:22:19,448 [main] WARN  server.ServerUtils (ServerUtils.java:sanitizeUserArgs(70)) - ozone.scm.stale.node.interval value = 300000 is larger than max = 100000 based on the key value of ozone.scm.heartbeat.thread.interval, reset to the max value 100000.
2019-10-03 20:22:19,448 [main] WARN  server.ServerUtils (ServerUtils.java:sanitizeUserArgs(70)) - ozone.scm.stale.node.interval value = 300000 is larger than max = 100000 based on the key value of ozone.scm.heartbeat.thread.interval, reset to the max value 100000.
2019-10-03 20:22:19,449 [main] INFO  node.SCMNodeManager (SCMNodeManager.java:<init>(114)) - Entering startup safe mode.
2019-10-03 20:22:19,450 [main] INFO  algorithms.ContainerPlacementPolicyFactory (ContainerPlacementPolicyFactory.java:getPolicy(57)) - Create container placement policy of type org.apache.hadoop.hdds.scm.container.placement.algorithms.SCMContainerPlacementRandom
2019-10-03 20:22:19,450 [main] WARN  server.ServerUtils (ServerUtils.java:getScmDbDir(145)) - ozone.scm.db.dirs is not configured. We recommend adding this setting. Falling back to ozone.metadata.dirs instead.
2019-10-03 20:22:19,685 [main] INFO  pipeline.SCMPipelineManager (SCMPipelineManager.java:initializePipelineState(132)) - No pipeline exists in current db
2019-10-03 20:22:19,685 [main] WARN  server.ServerUtils (ServerUtils.java:getScmDbDir(145)) - ozone.scm.db.dirs is not configured. We recommend adding this setting. Falling back to ozone.metadata.dirs instead.
2019-10-03 20:22:19,822 [main] WARN  events.EventQueue (EventQueue.java:fireEvent(183)) - No event handler registered for event TypedEvent{payloadType=SafeModeStatus, name='SafeModeStatus'}
2019-10-03 20:22:19,823 [main] INFO  ipc.CallQueueManager (CallQueueManager.java:<init>(84)) - Using callQueue: class java.util.concurrent.LinkedBlockingQueue, queueCapacity: 2000, scheduler: class org.apache.hadoop.ipc.DefaultRpcScheduler, ipcBackoff: false.
2019-10-03 20:22:19,824 [Socket Reader #1 for port 40522] INFO  ipc.Server (Server.java:run(1074)) - Starting Socket Reader #1 for port 40522
2019-10-03 20:22:19,827 [main] INFO  ipc.CallQueueManager (CallQueueManager.java:<init>(84)) - Using callQueue: class java.util.concurrent.LinkedBlockingQueue, queueCapacity: 2000, scheduler: class org.apache.hadoop.ipc.DefaultRpcScheduler, ipcBackoff: false.
2019-10-03 20:22:19,828 [Socket Reader #1 for port 35334] INFO  ipc.Server (Server.java:run(1074)) - Starting Socket Reader #1 for port 35334
2019-10-03 20:22:19,830 [main] INFO  ipc.CallQueueManager (CallQueueManager.java:<init>(84)) - Using callQueue: class java.util.concurrent.LinkedBlockingQueue, queueCapacity: 2000, scheduler: class org.apache.hadoop.ipc.DefaultRpcScheduler, ipcBackoff: false.
2019-10-03 20:22:19,830 [Socket Reader #1 for port 37649] INFO  ipc.Server (Server.java:run(1074)) - Starting Socket Reader #1 for port 37649
2019-10-03 20:22:19,833 [main] INFO  hdfs.DFSUtil (DFSUtil.java:httpServerTemplateForNNAndJN(1641)) - Starting Web-server for scm at: http://0.0.0.0:0
2019-10-03 20:22:19,834 [main] INFO  server.AuthenticationFilter (AuthenticationFilter.java:constructSecretProvider(240)) - Unable to initialize FileSignerSecretProvider, falling back to use random secrets.
2019-10-03 20:22:19,835 [main] WARN  http.HttpRequestLog (HttpRequestLog.java:getRequestLog(97)) - Jetty request log can only be enabled using Log4j
2019-10-03 20:22:19,836 [main] INFO  http.HttpServer2 (HttpServer2.java:addGlobalFilter(975)) - Added global filter 'safety' (class=org.apache.hadoop.http.HttpServer2$QuotingInputFilter)
2019-10-03 20:22:19,837 [main] INFO  http.HttpServer2 (HttpServer2.java:addFilter(948)) - Added filter static_user_filter (class=org.apache.hadoop.http.lib.StaticUserWebFilter$StaticUserFilter) to context scm
2019-10-03 20:22:19,837 [main] INFO  http.HttpServer2 (HttpServer2.java:addFilter(958)) - Added filter static_user_filter (class=org.apache.hadoop.http.lib.StaticUserWebFilter$StaticUserFilter) to context logs
2019-10-03 20:22:19,837 [main] INFO  http.HttpServer2 (HttpServer2.java:addFilter(958)) - Added filter static_user_filter (class=org.apache.hadoop.http.lib.StaticUserWebFilter$StaticUserFilter) to context static
2019-10-03 20:22:19,839 [main] INFO  server.StorageContainerManager (StorageContainerManager.java:start(770)) - StorageContainerLocationProtocol RPC server is listening at /0.0.0.0:37649
2019-10-03 20:22:19,841 [main] WARN  impl.MetricsConfig (MetricsConfig.java:loadFirst(134)) - Cannot locate configuration: tried hadoop-metrics2-storagecontainermanager.properties,hadoop-metrics2.properties
2019-10-03 20:22:19,842 [main] INFO  impl.MetricsSystemImpl (MetricsSystemImpl.java:startTimer(374)) - Scheduled Metric snapshot period at 10 second(s).
2019-10-03 20:22:19,842 [main] INFO  impl.MetricsSystemImpl (MetricsSystemImpl.java:start(191)) - StorageContainerManager metrics system started
2019-10-03 20:22:19,914 [main] WARN  impl.MetricsSystemImpl (MetricsSystemImpl.java:register(276)) - Sink prometheus already exists!
2019-10-03 20:22:20,004 [main] INFO  server.SCMClientProtocolServer (SCMClientProtocolServer.java:start(159)) - RPC server for Client  is listening at /0.0.0.0:37649
2019-10-03 20:22:20,005 [IPC Server Responder] INFO  ipc.Server (Server.java:run(1314)) - IPC Server Responder: starting
2019-10-03 20:22:20,005 [IPC Server listener on 37649] INFO  ipc.Server (Server.java:run(1153)) - IPC Server listener on 37649: starting
2019-10-03 20:22:20,009 [main] INFO  server.StorageContainerManager (StorageContainerManager.java:start(780)) - ScmBlockLocationProtocol RPC server is listening at /0.0.0.0:35334
2019-10-03 20:22:20,009 [main] INFO  server.SCMBlockProtocolServer (SCMBlockProtocolServer.java:start(146)) - RPC server for Block Protocol is listening at /0.0.0.0:35334
2019-10-03 20:22:20,009 [IPC Server Responder] INFO  ipc.Server (Server.java:run(1314)) - IPC Server Responder: starting
2019-10-03 20:22:20,009 [IPC Server listener on 35334] INFO  ipc.Server (Server.java:run(1153)) - IPC Server listener on 35334: starting
2019-10-03 20:22:20,015 [main] INFO  server.StorageContainerManager (StorageContainerManager.java:start(784)) - ScmDatanodeProtocl RPC server is listening at /0.0.0.0:40522
2019-10-03 20:22:20,015 [main] INFO  server.SCMDatanodeProtocolServer (SCMDatanodeProtocolServer.java:start(169)) - RPC server for DataNodes is listening at /0.0.0.0:40522
2019-10-03 20:22:20,016 [IPC Server Responder] INFO  ipc.Server (Server.java:run(1314)) - IPC Server Responder: starting
2019-10-03 20:22:20,016 [IPC Server listener on 40522] INFO  ipc.Server (Server.java:run(1153)) - IPC Server listener on 40522: starting
2019-10-03 20:22:20,019 [main] INFO  http.HttpServer2 (HttpServer2.java:bindListener(1191)) - Jetty bound to port 41426
2019-10-03 20:22:20,019 [main] INFO  server.Server (Server.java:doStart(351)) - jetty-9.3.25.v20180904, build timestamp: 2018-09-04T21:11:46Z, git hash: 3ce520221d0240229c862b122d2b06c12a625732
2019-10-03 20:22:20,020 [main] INFO  handler.ContextHandler (ContextHandler.java:doStart(781)) - Started o.e.j.s.ServletContextHandler@679d0be8{/logs,file:///workdir/hadoop-ozone/integration-test/target/log,AVAILABLE}
2019-10-03 20:22:20,021 [main] INFO  handler.ContextHandler (ContextHandler.java:doStart(781)) - Started o.e.j.s.ServletContextHandler@47044f7d{/static,file:///workdir/hadoop-ozone/integration-test/target/test-classes/webapps/static,AVAILABLE}
2019-10-03 20:22:20,024 [main] INFO  handler.ContextHandler (ContextHandler.java:doStart(781)) - Started o.e.j.w.WebAppContext@21edd891{/,file:///workdir/hadoop-ozone/integration-test/target/test-classes/webapps/scm/,AVAILABLE}{/scm}
2019-10-03 20:22:20,024 [main] INFO  server.AbstractConnector (AbstractConnector.java:doStart(278)) - Started ServerConnector@de579ff{HTTP/1.1,[http/1.1]}{0.0.0.0:41426}
2019-10-03 20:22:20,025 [main] INFO  server.Server (Server.java:doStart(419)) - Started @253523ms
2019-10-03 20:22:20,025 [main] WARN  impl.MetricsSystemImpl (MetricsSystemImpl.java:register(276)) - Sink prometheus already exists!
2019-10-03 20:22:20,026 [main] INFO  server.BaseHttpServer (BaseHttpServer.java:updateConnectorAddress(215)) - HTTP server of SCM is listening at http://0.0.0.0:41426
2019-10-03 20:22:20,028 [main] WARN  server.ServerUtils (ServerUtils.java:getDBPath(222)) - ozone.om.db.dirs is not configured. We recommend adding this setting. Falling back to ozone.metadata.dirs instead.
2019-10-03 20:22:20,028 [org.apache.hadoop.util.JvmPauseMonitor$Monitor@2fd39436] INFO  util.JvmPauseMonitor (JvmPauseMonitor.java:run(188)) - Starting JVM pause monitor
2019-10-03 20:22:20,052 [main] INFO  ha.OMHANodeDetails (OMHANodeDetails.java:loadOMHAConfig(190)) - Configuration either no ozone.om.address set. Falling back to the default OM address /127.0.0.1:0
2019-10-03 20:22:20,053 [main] INFO  ha.OMHANodeDetails (OMHANodeDetails.java:getOMNodeDetails(220)) - OM Service ID is not set. Setting it to the default ID: omServiceIdDefault
2019-10-03 20:22:20,053 [main] WARN  server.ServerUtils (ServerUtils.java:getDBPath(222)) - ozone.om.db.dirs is not configured. We recommend adding this setting. Falling back to ozone.metadata.dirs instead.
2019-10-03 20:22:20,054 [main] WARN  server.ServerUtils (ServerUtils.java:getDBPath(222)) - ozone.om.db.dirs is not configured. We recommend adding this setting. Falling back to ozone.metadata.dirs instead.
2019-10-03 20:22:20,062 [main] WARN  server.ServerUtils (ServerUtils.java:getDBPath(222)) - ozone.om.db.dirs is not configured. We recommend adding this setting. Falling back to ozone.metadata.dirs instead.
2019-10-03 20:22:20,062 [main] INFO  db.DBStoreBuilder (DBStoreBuilder.java:addTable(110)) - using custom profile for table: userTable
2019-10-03 20:22:20,063 [main] INFO  db.DBStoreBuilder (DBStoreBuilder.java:processTables(161)) - Using default column profile:DBProfile.DISK for Table:userTable
2019-10-03 20:22:20,063 [main] INFO  db.DBStoreBuilder (DBStoreBuilder.java:addTable(110)) - using custom profile for table: volumeTable
2019-10-03 20:22:20,063 [main] INFO  db.DBStoreBuilder (DBStoreBuilder.java:processTables(161)) - Using default column profile:DBProfile.DISK for Table:volumeTable
2019-10-03 20:22:20,063 [main] INFO  db.DBStoreBuilder (DBStoreBuilder.java:addTable(110)) - using custom profile for table: bucketTable
2019-10-03 20:22:20,064 [main] INFO  db.DBStoreBuilder (DBStoreBuilder.java:processTables(161)) - Using default column profile:DBProfile.DISK for Table:bucketTable
2019-10-03 20:22:20,064 [main] INFO  db.DBStoreBuilder (DBStoreBuilder.java:addTable(110)) - using custom profile for table: keyTable
2019-10-03 20:22:20,064 [main] INFO  db.DBStoreBuilder (DBStoreBuilder.java:processTables(161)) - Using default column profile:DBProfile.DISK for Table:keyTable
2019-10-03 20:22:20,064 [main] INFO  db.DBStoreBuilder (DBStoreBuilder.java:addTable(110)) - using custom profile for table: deletedTable
2019-10-03 20:22:20,065 [main] INFO  db.DBStoreBuilder (DBStoreBuilder.java:processTables(161)) - Using default column profile:DBProfile.DISK for Table:deletedTable
2019-10-03 20:22:20,065 [main] INFO  db.DBStoreBuilder (DBStoreBuilder.java:addTable(110)) - using custom profile for table: openKeyTable
2019-10-03 20:22:20,065 [main] INFO  db.DBStoreBuilder (DBStoreBuilder.java:processTables(161)) - Using default column profile:DBProfile.DISK for Table:openKeyTable
2019-10-03 20:22:20,065 [main] INFO  db.DBStoreBuilder (DBStoreBuilder.java:addTable(110)) - using custom profile for table: s3Table
2019-10-03 20:22:20,066 [main] INFO  db.DBStoreBuilder (DBStoreBuilder.java:processTables(161)) - Using default column profile:DBProfile.DISK for Table:s3Table
2019-10-03 20:22:20,066 [main] INFO  db.DBStoreBuilder (DBStoreBuilder.java:addTable(110)) - using custom profile for table: multipartInfoTable
2019-10-03 20:22:20,066 [main] INFO  db.DBStoreBuilder (DBStoreBuilder.java:processTables(161)) - Using default column profile:DBProfile.DISK for Table:multipartInfoTable
2019-10-03 20:22:20,066 [main] INFO  db.DBStoreBuilder (DBStoreBuilder.java:addTable(110)) - using custom profile for table: dTokenTable
2019-10-03 20:22:20,067 [main] INFO  db.DBStoreBuilder (DBStoreBuilder.java:processTables(161)) - Using default column profile:DBProfile.DISK for Table:dTokenTable
2019-10-03 20:22:20,067 [main] INFO  db.DBStoreBuilder (DBStoreBuilder.java:addTable(110)) - using custom profile for table: s3SecretTable
2019-10-03 20:22:20,067 [main] INFO  db.DBStoreBuilder (DBStoreBuilder.java:processTables(161)) - Using default column profile:DBProfile.DISK for Table:s3SecretTable
2019-10-03 20:22:20,067 [main] INFO  db.DBStoreBuilder (DBStoreBuilder.java:addTable(110)) - using custom profile for table: prefixTable
2019-10-03 20:22:20,068 [main] INFO  db.DBStoreBuilder (DBStoreBuilder.java:processTables(161)) - Using default column profile:DBProfile.DISK for Table:prefixTable
2019-10-03 20:22:20,068 [main] INFO  db.DBStoreBuilder (DBStoreBuilder.java:addTable(110)) - using custom profile for table: default
2019-10-03 20:22:20,068 [main] INFO  db.DBStoreBuilder (DBStoreBuilder.java:processTables(167)) - Using default column profile:DBProfile.DISK for Table:default
2019-10-03 20:22:20,068 [main] INFO  db.DBStoreBuilder (DBStoreBuilder.java:getDbProfile(198)) - Using default options. DBProfile.DISK
2019-10-03 20:22:20,938 [main] INFO  ipc.CallQueueManager (CallQueueManager.java:<init>(84)) - Using callQueue: class java.util.concurrent.LinkedBlockingQueue, queueCapacity: 2000, scheduler: class org.apache.hadoop.ipc.DefaultRpcScheduler, ipcBackoff: false.
2019-10-03 20:22:20,939 [Socket Reader #1 for port 42894] INFO  ipc.Server (Server.java:run(1074)) - Starting Socket Reader #1 for port 42894
2019-10-03 20:22:20,951 [main] INFO  om.OzoneManager (OzoneManager.java:start(1069)) - OzoneManager RPC server is listening at localhost/127.0.0.1:42894
2019-10-03 20:22:20,951 [main] INFO  impl.MetricsSystemImpl (MetricsSystemImpl.java:init(158)) - OzoneManager metrics system started (again)
2019-10-03 20:22:20,952 [IPC Server Responder] INFO  ipc.Server (Server.java:run(1314)) - IPC Server Responder: starting
2019-10-03 20:22:20,952 [IPC Server listener on 42894] INFO  ipc.Server (Server.java:run(1153)) - IPC Server listener on 42894: starting
2019-10-03 20:22:20,957 [main] INFO  hdfs.DFSUtil (DFSUtil.java:httpServerTemplateForNNAndJN(1641)) - Starting Web-server for ozoneManager at: http://0.0.0.0:0
2019-10-03 20:22:20,958 [main] INFO  server.AuthenticationFilter (AuthenticationFilter.java:constructSecretProvider(240)) - Unable to initialize FileSignerSecretProvider, falling back to use random secrets.
2019-10-03 20:22:20,959 [main] WARN  http.HttpRequestLog (HttpRequestLog.java:getRequestLog(97)) - Jetty request log can only be enabled using Log4j
2019-10-03 20:22:20,961 [main] INFO  http.HttpServer2 (HttpServer2.java:addGlobalFilter(975)) - Added global filter 'safety' (class=org.apache.hadoop.http.HttpServer2$QuotingInputFilter)
2019-10-03 20:22:20,961 [main] INFO  http.HttpServer2 (HttpServer2.java:addFilter(948)) - Added filter static_user_filter (class=org.apache.hadoop.http.lib.StaticUserWebFilter$StaticUserFilter) to context ozoneManager
2019-10-03 20:22:20,961 [main] INFO  http.HttpServer2 (HttpServer2.java:addFilter(958)) - Added filter static_user_filter (class=org.apache.hadoop.http.lib.StaticUserWebFilter$StaticUserFilter) to context logs
2019-10-03 20:22:20,962 [main] INFO  http.HttpServer2 (HttpServer2.java:addFilter(958)) - Added filter static_user_filter (class=org.apache.hadoop.http.lib.StaticUserWebFilter$StaticUserFilter) to context static
2019-10-03 20:22:20,962 [main] INFO  http.HttpServer2 (HttpServer2.java:bindListener(1191)) - Jetty bound to port 39783
2019-10-03 20:22:20,963 [main] INFO  server.Server (Server.java:doStart(351)) - jetty-9.3.25.v20180904, build timestamp: 2018-09-04T21:11:46Z, git hash: 3ce520221d0240229c862b122d2b06c12a625732
2019-10-03 20:22:20,964 [main] INFO  handler.ContextHandler (ContextHandler.java:doStart(781)) - Started o.e.j.s.ServletContextHandler@14efa279{/logs,file:///workdir/hadoop-ozone/integration-test/target/log,AVAILABLE}
2019-10-03 20:22:20,965 [main] INFO  handler.ContextHandler (ContextHandler.java:doStart(781)) - Started o.e.j.s.ServletContextHandler@e62319f{/static,file:///workdir/hadoop-ozone/integration-test/target/test-classes/webapps/static,AVAILABLE}
2019-10-03 20:22:20,969 [main] INFO  handler.ContextHandler (ContextHandler.java:doStart(781)) - Started o.e.j.w.WebAppContext@191a0351{/,file:///workdir/hadoop-ozone/integration-test/target/test-classes/webapps/ozoneManager/,AVAILABLE}{/ozoneManager}
2019-10-03 20:22:20,969 [main] INFO  server.AbstractConnector (AbstractConnector.java:doStart(278)) - Started ServerConnector@67328bcb{HTTP/1.1,[http/1.1]}{0.0.0.0:39783}
2019-10-03 20:22:20,971 [main] INFO  server.Server (Server.java:doStart(419)) - Started @254469ms
2019-10-03 20:22:20,971 [main] WARN  impl.MetricsSystemImpl (MetricsSystemImpl.java:register(276)) - Sink prometheus already exists!
2019-10-03 20:22:20,972 [main] INFO  server.BaseHttpServer (BaseHttpServer.java:updateConnectorAddress(215)) - HTTP server of OZONEMANAGER is listening at http://0.0.0.0:39783
2019-10-03 20:22:20,985 [main] INFO  impl.MetricsSystemImpl (MetricsSystemImpl.java:init(158)) - HddsDatanode metrics system started (again)
2019-10-03 20:22:20,988 [main] INFO  ozone.HddsDatanodeService (HddsDatanodeService.java:start(184)) - HddsDatanodeService host:pr-hdds-2230-vt4bl-2581040744 ip:192.168.30.7
2019-10-03 20:22:20,993 [main] INFO  volume.HddsVolume (HddsVolume.java:<init>(176)) - Creating Volume: /workdir/hadoop-ozone/integration-test/target/test-dir/MiniOzoneClusterImpl-c26a5b86-160b-4e95-9b08-3e18975a4a6e/datanode-0/data/containers/hdds of  storage type : DISK and capacity : 1482555576320
2019-10-03 20:22:20,994 [main] INFO  volume.VolumeSet (VolumeSet.java:initializeVolumeSet(170)) - Added Volume : /workdir/hadoop-ozone/integration-test/target/test-dir/MiniOzoneClusterImpl-c26a5b86-160b-4e95-9b08-3e18975a4a6e/datanode-0/data/containers/hdds to VolumeSet
2019-10-03 20:22:20,994 [main] INFO  volume.ThrottledAsyncChecker (ThrottledAsyncChecker.java:schedule(139)) - Scheduling a check for org.apache.hadoop.ozone.container.common.volume.HddsVolume@1118d539
2019-10-03 20:22:20,994 [main] INFO  volume.HddsVolumeChecker (HddsVolumeChecker.java:checkAllVolumes(202)) - Scheduled health check for volume org.apache.hadoop.ozone.container.common.volume.HddsVolume@1118d539
2019-10-03 20:22:21,008 [main] INFO  impl.RaftServerProxy (ConfUtils.java:logGet(43)) - raft.rpc.type = GRPC (default)
2019-10-03 20:22:21,008 [main] INFO  grpc.GrpcFactory (GrpcFactory.java:checkPooledByteBufAllocatorUseCacheForAllThreads(45)) - PERFORMANCE WARNING: useCacheForAllThreads is true that may cause Netty to create a lot garbage objects and, as a result, trigger GC.
	It is recommended to disable useCacheForAllThreads by setting -Dorg.apache.ratis.thirdparty.io.netty.allocator.useCacheForAllThreads=false in command line.
2019-10-03 20:22:21,009 [main] INFO  grpc.GrpcConfigKeys$Server (ConfUtils.java:logGet(43)) - raft.grpc.server.port = 0 (default)
2019-10-03 20:22:21,009 [main] INFO  server.GrpcService (ConfUtils.java:logGet(43)) - raft.grpc.message.size.max = 33570816 (custom)
2019-10-03 20:22:21,009 [main] INFO  server.RaftServerConfigKeys (ConfUtils.java:logGet(43)) - raft.server.log.appender.buffer.byte-limit = 33554432 (custom)
2019-10-03 20:22:21,009 [main] INFO  server.GrpcService (ConfUtils.java:logGet(43)) - raft.grpc.flow.control.window = 1MB (=1048576) (default)
2019-10-03 20:22:21,009 [main] INFO  server.RaftServerConfigKeys (ConfUtils.java:logGet(43)) - raft.server.rpc.request.timeout = 3000ms (default)
2019-10-03 20:22:21,010 [main] INFO  server.RaftServerConfigKeys (ConfUtils.java:logGet(43)) - raft.server.storage.dir = [/workdir/hadoop-ozone/integration-test/target/test-dir/MiniOzoneClusterImpl-c26a5b86-160b-4e95-9b08-3e18975a4a6e/datanode-0/data/ratis] (custom)
2019-10-03 20:22:21,012 [main] INFO  hdfs.DFSUtil (DFSUtil.java:httpServerTemplateForNNAndJN(1641)) - Starting Web-server for hddsDatanode at: http://0.0.0.0:0
2019-10-03 20:22:21,013 [main] INFO  server.AuthenticationFilter (AuthenticationFilter.java:constructSecretProvider(240)) - Unable to initialize FileSignerSecretProvider, falling back to use random secrets.
2019-10-03 20:22:21,013 [main] WARN  http.HttpRequestLog (HttpRequestLog.java:getRequestLog(97)) - Jetty request log can only be enabled using Log4j
2019-10-03 20:22:21,014 [main] INFO  http.HttpServer2 (HttpServer2.java:addGlobalFilter(975)) - Added global filter 'safety' (class=org.apache.hadoop.http.HttpServer2$QuotingInputFilter)
2019-10-03 20:22:21,015 [main] INFO  http.HttpServer2 (HttpServer2.java:addFilter(948)) - Added filter static_user_filter (class=org.apache.hadoop.http.lib.StaticUserWebFilter$StaticUserFilter) to context hddsDatanode
2019-10-03 20:22:21,015 [main] INFO  http.HttpServer2 (HttpServer2.java:addFilter(958)) - Added filter static_user_filter (class=org.apache.hadoop.http.lib.StaticUserWebFilter$StaticUserFilter) to context logs
2019-10-03 20:22:21,015 [main] INFO  http.HttpServer2 (HttpServer2.java:addFilter(958)) - Added filter static_user_filter (class=org.apache.hadoop.http.lib.StaticUserWebFilter$StaticUserFilter) to context static
2019-10-03 20:22:21,015 [main] INFO  http.HttpServer2 (HttpServer2.java:bindListener(1191)) - Jetty bound to port 34425
2019-10-03 20:22:21,016 [main] INFO  server.Server (Server.java:doStart(351)) - jetty-9.3.25.v20180904, build timestamp: 2018-09-04T21:11:46Z, git hash: 3ce520221d0240229c862b122d2b06c12a625732
2019-10-03 20:22:21,017 [main] INFO  handler.ContextHandler (ContextHandler.java:doStart(781)) - Started o.e.j.s.ServletContextHandler@611d0763{/logs,file:///workdir/hadoop-ozone/integration-test/target/log,AVAILABLE}
2019-10-03 20:22:21,017 [main] INFO  handler.ContextHandler (ContextHandler.java:doStart(781)) - Started o.e.j.s.ServletContextHandler@1e226bcd{/static,jar:file:/home/user/.m2/repository/org/apache/hadoop/hadoop-hdds-container-service/0.5.0-SNAPSHOT/hadoop-hdds-container-service-0.5.0-SNAPSHOT.jar!/webapps/static,AVAILABLE}
2019-10-03 20:22:21,044 [main] INFO  handler.ContextHandler (ContextHandler.java:doStart(781)) - Started o.e.j.w.WebAppContext@1bd8afc8{/,file:///tmp/jetty-0.0.0.0-34425-hddsDatanode-_-any-5264622352636820068.dir/webapp/,AVAILABLE}{/hddsDatanode}
2019-10-03 20:22:21,044 [main] INFO  server.AbstractConnector (AbstractConnector.java:doStart(278)) - Started ServerConnector@24134cbc{HTTP/1.1,[http/1.1]}{0.0.0.0:34425}
2019-10-03 20:22:21,045 [main] INFO  server.Server (Server.java:doStart(419)) - Started @254543ms
2019-10-03 20:22:21,046 [main] WARN  impl.MetricsSystemImpl (MetricsSystemImpl.java:register(276)) - Sink prometheus already exists!
2019-10-03 20:22:21,047 [main] INFO  server.BaseHttpServer (BaseHttpServer.java:updateConnectorAddress(215)) - HTTP server of HDDSDATANODE is listening at http://0.0.0.0:34425
2019-10-03 20:22:21,047 [main] INFO  impl.MetricsSystemImpl (MetricsSystemImpl.java:init(158)) - HddsDatanode metrics system started (again)
2019-10-03 20:22:21,050 [org.apache.hadoop.util.JvmPauseMonitor$Monitor@3ff2c3e1] INFO  util.JvmPauseMonitor (JvmPauseMonitor.java:run(188)) - Starting JVM pause monitor
2019-10-03 20:22:21,051 [main] INFO  ozone.HddsDatanodeService (HddsDatanodeService.java:start(184)) - HddsDatanodeService host:pr-hdds-2230-vt4bl-2581040744 ip:192.168.30.7
2019-10-03 20:22:21,051 [Datanode State Machine Thread - 0] INFO  datanode.InitDatanodeState (InitDatanodeState.java:persistContainerDatanodeDetails(140)) - DatanodeDetails is persisted to /workdir/hadoop-ozone/integration-test/target/test-dir/MiniOzoneClusterImpl-c26a5b86-160b-4e95-9b08-3e18975a4a6e/datanode-0/meta/datanode.id
2019-10-03 20:22:21,056 [main] INFO  volume.HddsVolume (HddsVolume.java:<init>(176)) - Creating Volume: /workdir/hadoop-ozone/integration-test/target/test-dir/MiniOzoneClusterImpl-c26a5b86-160b-4e95-9b08-3e18975a4a6e/datanode-1/data/containers/hdds of  storage type : DISK and capacity : 1482555576320
2019-10-03 20:22:21,056 [main] INFO  volume.VolumeSet (VolumeSet.java:initializeVolumeSet(170)) - Added Volume : /workdir/hadoop-ozone/integration-test/target/test-dir/MiniOzoneClusterImpl-c26a5b86-160b-4e95-9b08-3e18975a4a6e/datanode-1/data/containers/hdds to VolumeSet
2019-10-03 20:22:21,057 [main] INFO  volume.ThrottledAsyncChecker (ThrottledAsyncChecker.java:schedule(139)) - Scheduling a check for org.apache.hadoop.ozone.container.common.volume.HddsVolume@7ccd611e
2019-10-03 20:22:21,057 [main] INFO  volume.HddsVolumeChecker (HddsVolumeChecker.java:checkAllVolumes(202)) - Scheduled health check for volume org.apache.hadoop.ozone.container.common.volume.HddsVolume@7ccd611e
2019-10-03 20:22:21,072 [main] INFO  impl.RaftServerProxy (ConfUtils.java:logGet(43)) - raft.rpc.type = GRPC (default)
2019-10-03 20:22:21,072 [main] INFO  grpc.GrpcFactory (GrpcFactory.java:checkPooledByteBufAllocatorUseCacheForAllThreads(45)) - PERFORMANCE WARNING: useCacheForAllThreads is true that may cause Netty to create a lot garbage objects and, as a result, trigger GC.
	It is recommended to disable useCacheForAllThreads by setting -Dorg.apache.ratis.thirdparty.io.netty.allocator.useCacheForAllThreads=false in command line.
2019-10-03 20:22:21,073 [main] INFO  grpc.GrpcConfigKeys$Server (ConfUtils.java:logGet(43)) - raft.grpc.server.port = 0 (default)
2019-10-03 20:22:21,073 [main] INFO  server.GrpcService (ConfUtils.java:logGet(43)) - raft.grpc.message.size.max = 33570816 (custom)
2019-10-03 20:22:21,073 [main] INFO  server.RaftServerConfigKeys (ConfUtils.java:logGet(43)) - raft.server.log.appender.buffer.byte-limit = 33554432 (custom)
2019-10-03 20:22:21,073 [main] INFO  server.GrpcService (ConfUtils.java:logGet(43)) - raft.grpc.flow.control.window = 1MB (=1048576) (default)
2019-10-03 20:22:21,074 [main] INFO  server.RaftServerConfigKeys (ConfUtils.java:logGet(43)) - raft.server.rpc.request.timeout = 3000ms (default)
2019-10-03 20:22:21,074 [main] INFO  server.RaftServerConfigKeys (ConfUtils.java:logGet(43)) - raft.server.storage.dir = [/workdir/hadoop-ozone/integration-test/target/test-dir/MiniOzoneClusterImpl-c26a5b86-160b-4e95-9b08-3e18975a4a6e/datanode-1/data/ratis] (custom)
2019-10-03 20:22:21,076 [main] INFO  hdfs.DFSUtil (DFSUtil.java:httpServerTemplateForNNAndJN(1641)) - Starting Web-server for hddsDatanode at: http://0.0.0.0:0
2019-10-03 20:22:21,077 [main] INFO  server.AuthenticationFilter (AuthenticationFilter.java:constructSecretProvider(240)) - Unable to initialize FileSignerSecretProvider, falling back to use random secrets.
2019-10-03 20:22:21,078 [main] WARN  http.HttpRequestLog (HttpRequestLog.java:getRequestLog(97)) - Jetty request log can only be enabled using Log4j
2019-10-03 20:22:21,079 [main] INFO  http.HttpServer2 (HttpServer2.java:addGlobalFilter(975)) - Added global filter 'safety' (class=org.apache.hadoop.http.HttpServer2$QuotingInputFilter)
2019-10-03 20:22:21,080 [main] INFO  http.HttpServer2 (HttpServer2.java:addFilter(948)) - Added filter static_user_filter (class=org.apache.hadoop.http.lib.StaticUserWebFilter$StaticUserFilter) to context hddsDatanode
2019-10-03 20:22:21,080 [main] INFO  http.HttpServer2 (HttpServer2.java:addFilter(958)) - Added filter static_user_filter (class=org.apache.hadoop.http.lib.StaticUserWebFilter$StaticUserFilter) to context static
2019-10-03 20:22:21,080 [main] INFO  http.HttpServer2 (HttpServer2.java:addFilter(958)) - Added filter static_user_filter (class=org.apache.hadoop.http.lib.StaticUserWebFilter$StaticUserFilter) to context logs
2019-10-03 20:22:21,081 [main] INFO  http.HttpServer2 (HttpServer2.java:bindListener(1191)) - Jetty bound to port 33474
2019-10-03 20:22:21,081 [main] INFO  server.Server (Server.java:doStart(351)) - jetty-9.3.25.v20180904, build timestamp: 2018-09-04T21:11:46Z, git hash: 3ce520221d0240229c862b122d2b06c12a625732
2019-10-03 20:22:21,082 [main] INFO  handler.ContextHandler (ContextHandler.java:doStart(781)) - Started o.e.j.s.ServletContextHandler@382d71c7{/logs,file:///workdir/hadoop-ozone/integration-test/target/log,AVAILABLE}
2019-10-03 20:22:21,087 [main] INFO  handler.ContextHandler (ContextHandler.java:doStart(781)) - Started o.e.j.s.ServletContextHandler@34a20f16{/static,jar:file:/home/user/.m2/repository/org/apache/hadoop/hadoop-hdds-container-service/0.5.0-SNAPSHOT/hadoop-hdds-container-service-0.5.0-SNAPSHOT.jar!/webapps/static,AVAILABLE}
2019-10-03 20:22:21,123 [main] INFO  handler.ContextHandler (ContextHandler.java:doStart(781)) - Started o.e.j.w.WebAppContext@285a4fe3{/,file:///tmp/jetty-0.0.0.0-33474-hddsDatanode-_-any-990036976395776574.dir/webapp/,AVAILABLE}{/hddsDatanode}
2019-10-03 20:22:21,124 [main] INFO  server.AbstractConnector (AbstractConnector.java:doStart(278)) - Started ServerConnector@2589d787{HTTP/1.1,[http/1.1]}{0.0.0.0:33474}
2019-10-03 20:22:21,124 [main] INFO  server.Server (Server.java:doStart(419)) - Started @254622ms
2019-10-03 20:22:21,124 [main] WARN  impl.MetricsSystemImpl (MetricsSystemImpl.java:register(276)) - Sink prometheus already exists!
2019-10-03 20:22:21,126 [main] INFO  server.BaseHttpServer (BaseHttpServer.java:updateConnectorAddress(215)) - HTTP server of HDDSDATANODE is listening at http://0.0.0.0:33474
2019-10-03 20:22:21,127 [main] INFO  impl.MetricsSystemImpl (MetricsSystemImpl.java:init(158)) - HddsDatanode metrics system started (again)
2019-10-03 20:22:21,130 [org.apache.hadoop.util.JvmPauseMonitor$Monitor@69f74700] INFO  util.JvmPauseMonitor (JvmPauseMonitor.java:run(188)) - Starting JVM pause monitor
2019-10-03 20:22:21,131 [Datanode State Machine Thread - 0] INFO  datanode.InitDatanodeState (InitDatanodeState.java:persistContainerDatanodeDetails(140)) - DatanodeDetails is persisted to /workdir/hadoop-ozone/integration-test/target/test-dir/MiniOzoneClusterImpl-c26a5b86-160b-4e95-9b08-3e18975a4a6e/datanode-1/meta/datanode.id
2019-10-03 20:22:21,131 [main] INFO  ozone.HddsDatanodeService (HddsDatanodeService.java:start(184)) - HddsDatanodeService host:pr-hdds-2230-vt4bl-2581040744 ip:192.168.30.7
2019-10-03 20:22:21,136 [main] INFO  volume.HddsVolume (HddsVolume.java:<init>(176)) - Creating Volume: /workdir/hadoop-ozone/integration-test/target/test-dir/MiniOzoneClusterImpl-c26a5b86-160b-4e95-9b08-3e18975a4a6e/datanode-2/data/containers/hdds of  storage type : DISK and capacity : 1482555576320
2019-10-03 20:22:21,137 [main] INFO  volume.VolumeSet (VolumeSet.java:initializeVolumeSet(170)) - Added Volume : /workdir/hadoop-ozone/integration-test/target/test-dir/MiniOzoneClusterImpl-c26a5b86-160b-4e95-9b08-3e18975a4a6e/datanode-2/data/containers/hdds to VolumeSet
2019-10-03 20:22:21,137 [main] INFO  volume.ThrottledAsyncChecker (ThrottledAsyncChecker.java:schedule(139)) - Scheduling a check for org.apache.hadoop.ozone.container.common.volume.HddsVolume@2dc39b53
2019-10-03 20:22:21,137 [main] INFO  volume.HddsVolumeChecker (HddsVolumeChecker.java:checkAllVolumes(202)) - Scheduled health check for volume org.apache.hadoop.ozone.container.common.volume.HddsVolume@2dc39b53
2019-10-03 20:22:21,153 [main] INFO  impl.RaftServerProxy (ConfUtils.java:logGet(43)) - raft.rpc.type = GRPC (default)
2019-10-03 20:22:21,154 [main] INFO  grpc.GrpcFactory (GrpcFactory.java:checkPooledByteBufAllocatorUseCacheForAllThreads(45)) - PERFORMANCE WARNING: useCacheForAllThreads is true that may cause Netty to create a lot garbage objects and, as a result, trigger GC.
	It is recommended to disable useCacheForAllThreads by setting -Dorg.apache.ratis.thirdparty.io.netty.allocator.useCacheForAllThreads=false in command line.
2019-10-03 20:22:21,154 [main] INFO  grpc.GrpcConfigKeys$Server (ConfUtils.java:logGet(43)) - raft.grpc.server.port = 0 (default)
2019-10-03 20:22:21,154 [main] INFO  server.GrpcService (ConfUtils.java:logGet(43)) - raft.grpc.message.size.max = 33570816 (custom)
2019-10-03 20:22:21,154 [main] INFO  server.RaftServerConfigKeys (ConfUtils.java:logGet(43)) - raft.server.log.appender.buffer.byte-limit = 33554432 (custom)
2019-10-03 20:22:21,154 [main] INFO  server.GrpcService (ConfUtils.java:logGet(43)) - raft.grpc.flow.control.window = 1MB (=1048576) (default)
2019-10-03 20:22:21,155 [main] INFO  server.RaftServerConfigKeys (ConfUtils.java:logGet(43)) - raft.server.rpc.request.timeout = 3000ms (default)
2019-10-03 20:22:21,155 [main] INFO  server.RaftServerConfigKeys (ConfUtils.java:logGet(43)) - raft.server.storage.dir = [/workdir/hadoop-ozone/integration-test/target/test-dir/MiniOzoneClusterImpl-c26a5b86-160b-4e95-9b08-3e18975a4a6e/datanode-2/data/ratis] (custom)
2019-10-03 20:22:21,156 [main] INFO  hdfs.DFSUtil (DFSUtil.java:httpServerTemplateForNNAndJN(1641)) - Starting Web-server for hddsDatanode at: http://0.0.0.0:0
2019-10-03 20:22:21,158 [main] INFO  server.AuthenticationFilter (AuthenticationFilter.java:constructSecretProvider(240)) - Unable to initialize FileSignerSecretProvider, falling back to use random secrets.
2019-10-03 20:22:21,158 [main] WARN  http.HttpRequestLog (HttpRequestLog.java:getRequestLog(97)) - Jetty request log can only be enabled using Log4j
2019-10-03 20:22:21,160 [main] INFO  http.HttpServer2 (HttpServer2.java:addGlobalFilter(975)) - Added global filter 'safety' (class=org.apache.hadoop.http.HttpServer2$QuotingInputFilter)
2019-10-03 20:22:21,160 [main] INFO  http.HttpServer2 (HttpServer2.java:addFilter(948)) - Added filter static_user_filter (class=org.apache.hadoop.http.lib.StaticUserWebFilter$StaticUserFilter) to context hddsDatanode
2019-10-03 20:22:21,160 [main] INFO  http.HttpServer2 (HttpServer2.java:addFilter(958)) - Added filter static_user_filter (class=org.apache.hadoop.http.lib.StaticUserWebFilter$StaticUserFilter) to context static
2019-10-03 20:22:21,161 [main] INFO  http.HttpServer2 (HttpServer2.java:addFilter(958)) - Added filter static_user_filter (class=org.apache.hadoop.http.lib.StaticUserWebFilter$StaticUserFilter) to context logs
2019-10-03 20:22:21,161 [main] INFO  http.HttpServer2 (HttpServer2.java:bindListener(1191)) - Jetty bound to port 46082
2019-10-03 20:22:21,162 [main] INFO  server.Server (Server.java:doStart(351)) - jetty-9.3.25.v20180904, build timestamp: 2018-09-04T21:11:46Z, git hash: 3ce520221d0240229c862b122d2b06c12a625732
2019-10-03 20:22:21,163 [main] INFO  handler.ContextHandler (ContextHandler.java:doStart(781)) - Started o.e.j.s.ServletContextHandler@65cc5252{/logs,file:///workdir/hadoop-ozone/integration-test/target/log,AVAILABLE}
2019-10-03 20:22:21,163 [main] INFO  handler.ContextHandler (ContextHandler.java:doStart(781)) - Started o.e.j.s.ServletContextHandler@2dbfa972{/static,jar:file:/home/user/.m2/repository/org/apache/hadoop/hadoop-hdds-container-service/0.5.0-SNAPSHOT/hadoop-hdds-container-service-0.5.0-SNAPSHOT.jar!/webapps/static,AVAILABLE}
2019-10-03 20:22:21,196 [main] INFO  handler.ContextHandler (ContextHandler.java:doStart(781)) - Started o.e.j.w.WebAppContext@251c90f{/,file:///tmp/jetty-0.0.0.0-46082-hddsDatanode-_-any-5011221656520819518.dir/webapp/,AVAILABLE}{/hddsDatanode}
2019-10-03 20:22:21,197 [main] INFO  server.AbstractConnector (AbstractConnector.java:doStart(278)) - Started ServerConnector@6629643d{HTTP/1.1,[http/1.1]}{0.0.0.0:46082}
2019-10-03 20:22:21,199 [main] INFO  server.Server (Server.java:doStart(419)) - Started @254697ms
2019-10-03 20:22:21,199 [main] WARN  impl.MetricsSystemImpl (MetricsSystemImpl.java:register(276)) - Sink prometheus already exists!
2019-10-03 20:22:21,200 [main] INFO  server.BaseHttpServer (BaseHttpServer.java:updateConnectorAddress(215)) - HTTP server of HDDSDATANODE is listening at http://0.0.0.0:46082
2019-10-03 20:22:21,200 [main] INFO  impl.MetricsSystemImpl (MetricsSystemImpl.java:init(158)) - HddsDatanode metrics system started (again)
2019-10-03 20:22:21,201 [org.apache.hadoop.util.JvmPauseMonitor$Monitor@27e04965] INFO  util.JvmPauseMonitor (JvmPauseMonitor.java:run(188)) - Starting JVM pause monitor
2019-10-03 20:22:21,202 [Datanode State Machine Thread - 0] INFO  datanode.InitDatanodeState (InitDatanodeState.java:persistContainerDatanodeDetails(140)) - DatanodeDetails is persisted to /workdir/hadoop-ozone/integration-test/target/test-dir/MiniOzoneClusterImpl-c26a5b86-160b-4e95-9b08-3e18975a4a6e/datanode-2/meta/datanode.id
2019-10-03 20:22:21,207 [main] INFO  ozone.HddsDatanodeService (HddsDatanodeService.java:start(184)) - HddsDatanodeService host:pr-hdds-2230-vt4bl-2581040744 ip:192.168.30.7
2019-10-03 20:22:21,214 [main] INFO  volume.HddsVolume (HddsVolume.java:<init>(176)) - Creating Volume: /workdir/hadoop-ozone/integration-test/target/test-dir/MiniOzoneClusterImpl-c26a5b86-160b-4e95-9b08-3e18975a4a6e/datanode-3/data/containers/hdds of  storage type : DISK and capacity : 1482555576320
2019-10-03 20:22:21,214 [main] INFO  volume.VolumeSet (VolumeSet.java:initializeVolumeSet(170)) - Added Volume : /workdir/hadoop-ozone/integration-test/target/test-dir/MiniOzoneClusterImpl-c26a5b86-160b-4e95-9b08-3e18975a4a6e/datanode-3/data/containers/hdds to VolumeSet
2019-10-03 20:22:21,215 [main] INFO  volume.ThrottledAsyncChecker (ThrottledAsyncChecker.java:schedule(139)) - Scheduling a check for org.apache.hadoop.ozone.container.common.volume.HddsVolume@64f4f12
2019-10-03 20:22:21,215 [main] INFO  volume.HddsVolumeChecker (HddsVolumeChecker.java:checkAllVolumes(202)) - Scheduled health check for volume org.apache.hadoop.ozone.container.common.volume.HddsVolume@64f4f12
2019-10-03 20:22:21,232 [main] INFO  impl.RaftServerProxy (ConfUtils.java:logGet(43)) - raft.rpc.type = GRPC (default)
2019-10-03 20:22:21,232 [main] INFO  grpc.GrpcFactory (GrpcFactory.java:checkPooledByteBufAllocatorUseCacheForAllThreads(45)) - PERFORMANCE WARNING: useCacheForAllThreads is true that may cause Netty to create a lot garbage objects and, as a result, trigger GC.
	It is recommended to disable useCacheForAllThreads by setting -Dorg.apache.ratis.thirdparty.io.netty.allocator.useCacheForAllThreads=false in command line.
2019-10-03 20:22:21,232 [main] INFO  grpc.GrpcConfigKeys$Server (ConfUtils.java:logGet(43)) - raft.grpc.server.port = 0 (default)
2019-10-03 20:22:21,232 [main] INFO  server.GrpcService (ConfUtils.java:logGet(43)) - raft.grpc.message.size.max = 33570816 (custom)
2019-10-03 20:22:21,233 [main] INFO  server.RaftServerConfigKeys (ConfUtils.java:logGet(43)) - raft.server.log.appender.buffer.byte-limit = 33554432 (custom)
2019-10-03 20:22:21,233 [main] INFO  server.GrpcService (ConfUtils.java:logGet(43)) - raft.grpc.flow.control.window = 1MB (=1048576) (default)
2019-10-03 20:22:21,233 [main] INFO  server.RaftServerConfigKeys (ConfUtils.java:logGet(43)) - raft.server.rpc.request.timeout = 3000ms (default)
2019-10-03 20:22:21,234 [main] INFO  server.RaftServerConfigKeys (ConfUtils.java:logGet(43)) - raft.server.storage.dir = [/workdir/hadoop-ozone/integration-test/target/test-dir/MiniOzoneClusterImpl-c26a5b86-160b-4e95-9b08-3e18975a4a6e/datanode-3/data/ratis] (custom)
2019-10-03 20:22:21,235 [main] INFO  hdfs.DFSUtil (DFSUtil.java:httpServerTemplateForNNAndJN(1641)) - Starting Web-server for hddsDatanode at: http://0.0.0.0:0
2019-10-03 20:22:21,236 [main] INFO  server.AuthenticationFilter (AuthenticationFilter.java:constructSecretProvider(240)) - Unable to initialize FileSignerSecretProvider, falling back to use random secrets.
2019-10-03 20:22:21,237 [main] WARN  http.HttpRequestLog (HttpRequestLog.java:getRequestLog(97)) - Jetty request log can only be enabled using Log4j
2019-10-03 20:22:21,238 [main] INFO  http.HttpServer2 (HttpServer2.java:addGlobalFilter(975)) - Added global filter 'safety' (class=org.apache.hadoop.http.HttpServer2$QuotingInputFilter)
2019-10-03 20:22:21,239 [main] INFO  http.HttpServer2 (HttpServer2.java:addFilter(948)) - Added filter static_user_filter (class=org.apache.hadoop.http.lib.StaticUserWebFilter$StaticUserFilter) to context hddsDatanode
2019-10-03 20:22:21,239 [main] INFO  http.HttpServer2 (HttpServer2.java:addFilter(958)) - Added filter static_user_filter (class=org.apache.hadoop.http.lib.StaticUserWebFilter$StaticUserFilter) to context static
2019-10-03 20:22:21,239 [main] INFO  http.HttpServer2 (HttpServer2.java:addFilter(958)) - Added filter static_user_filter (class=org.apache.hadoop.http.lib.StaticUserWebFilter$StaticUserFilter) to context logs
2019-10-03 20:22:21,240 [main] INFO  http.HttpServer2 (HttpServer2.java:bindListener(1191)) - Jetty bound to port 39088
2019-10-03 20:22:21,240 [main] INFO  server.Server (Server.java:doStart(351)) - jetty-9.3.25.v20180904, build timestamp: 2018-09-04T21:11:46Z, git hash: 3ce520221d0240229c862b122d2b06c12a625732
2019-10-03 20:22:21,242 [main] INFO  handler.ContextHandler (ContextHandler.java:doStart(781)) - Started o.e.j.s.ServletContextHandler@5d7dd549{/logs,file:///workdir/hadoop-ozone/integration-test/target/log,AVAILABLE}
2019-10-03 20:22:21,242 [main] INFO  handler.ContextHandler (ContextHandler.java:doStart(781)) - Started o.e.j.s.ServletContextHandler@6459f4ea{/static,jar:file:/home/user/.m2/repository/org/apache/hadoop/hadoop-hdds-container-service/0.5.0-SNAPSHOT/hadoop-hdds-container-service-0.5.0-SNAPSHOT.jar!/webapps/static,AVAILABLE}
2019-10-03 20:22:21,278 [main] INFO  handler.ContextHandler (ContextHandler.java:doStart(781)) - Started o.e.j.w.WebAppContext@581c9bb7{/,file:///tmp/jetty-0.0.0.0-39088-hddsDatanode-_-any-4794952825922411254.dir/webapp/,AVAILABLE}{/hddsDatanode}
2019-10-03 20:22:21,279 [main] INFO  server.AbstractConnector (AbstractConnector.java:doStart(278)) - Started ServerConnector@138f0661{HTTP/1.1,[http/1.1]}{0.0.0.0:39088}
2019-10-03 20:22:21,281 [main] INFO  server.Server (Server.java:doStart(419)) - Started @254779ms
2019-10-03 20:22:21,281 [main] WARN  impl.MetricsSystemImpl (MetricsSystemImpl.java:register(276)) - Sink prometheus already exists!
2019-10-03 20:22:21,282 [main] INFO  server.BaseHttpServer (BaseHttpServer.java:updateConnectorAddress(215)) - HTTP server of HDDSDATANODE is listening at http://0.0.0.0:39088
2019-10-03 20:22:21,282 [main] INFO  impl.MetricsSystemImpl (MetricsSystemImpl.java:init(158)) - HddsDatanode metrics system started (again)
2019-10-03 20:22:21,286 [org.apache.hadoop.util.JvmPauseMonitor$Monitor@3374d8d9] INFO  util.JvmPauseMonitor (JvmPauseMonitor.java:run(188)) - Starting JVM pause monitor
2019-10-03 20:22:21,287 [main] INFO  ozone.HddsDatanodeService (HddsDatanodeService.java:start(184)) - HddsDatanodeService host:pr-hdds-2230-vt4bl-2581040744 ip:192.168.30.7
2019-10-03 20:22:21,287 [Datanode State Machine Thread - 0] INFO  datanode.InitDatanodeState (InitDatanodeState.java:persistContainerDatanodeDetails(140)) - DatanodeDetails is persisted to /workdir/hadoop-ozone/integration-test/target/test-dir/MiniOzoneClusterImpl-c26a5b86-160b-4e95-9b08-3e18975a4a6e/datanode-3/meta/datanode.id
2019-10-03 20:22:21,292 [main] INFO  volume.HddsVolume (HddsVolume.java:<init>(176)) - Creating Volume: /workdir/hadoop-ozone/integration-test/target/test-dir/MiniOzoneClusterImpl-c26a5b86-160b-4e95-9b08-3e18975a4a6e/datanode-4/data/containers/hdds of  storage type : DISK and capacity : 1482555576320
2019-10-03 20:22:21,292 [main] INFO  volume.VolumeSet (VolumeSet.java:initializeVolumeSet(170)) - Added Volume : /workdir/hadoop-ozone/integration-test/target/test-dir/MiniOzoneClusterImpl-c26a5b86-160b-4e95-9b08-3e18975a4a6e/datanode-4/data/containers/hdds to VolumeSet
2019-10-03 20:22:21,293 [main] INFO  volume.ThrottledAsyncChecker (ThrottledAsyncChecker.java:schedule(139)) - Scheduling a check for org.apache.hadoop.ozone.container.common.volume.HddsVolume@6f50d55c
2019-10-03 20:22:21,293 [main] INFO  volume.HddsVolumeChecker (HddsVolumeChecker.java:checkAllVolumes(202)) - Scheduled health check for volume org.apache.hadoop.ozone.container.common.volume.HddsVolume@6f50d55c
2019-10-03 20:22:21,305 [main] INFO  impl.RaftServerProxy (ConfUtils.java:logGet(43)) - raft.rpc.type = GRPC (default)
2019-10-03 20:22:21,305 [main] INFO  grpc.GrpcFactory (GrpcFactory.java:checkPooledByteBufAllocatorUseCacheForAllThreads(45)) - PERFORMANCE WARNING: useCacheForAllThreads is true that may cause Netty to create a lot garbage objects and, as a result, trigger GC.
	It is recommended to disable useCacheForAllThreads by setting -Dorg.apache.ratis.thirdparty.io.netty.allocator.useCacheForAllThreads=false in command line.
2019-10-03 20:22:21,305 [main] INFO  grpc.GrpcConfigKeys$Server (ConfUtils.java:logGet(43)) - raft.grpc.server.port = 0 (default)
2019-10-03 20:22:21,305 [main] INFO  server.GrpcService (ConfUtils.java:logGet(43)) - raft.grpc.message.size.max = 33570816 (custom)
2019-10-03 20:22:21,305 [main] INFO  server.RaftServerConfigKeys (ConfUtils.java:logGet(43)) - raft.server.log.appender.buffer.byte-limit = 33554432 (custom)
2019-10-03 20:22:21,305 [main] INFO  server.GrpcService (ConfUtils.java:logGet(43)) - raft.grpc.flow.control.window = 1MB (=1048576) (default)
2019-10-03 20:22:21,306 [main] INFO  server.RaftServerConfigKeys (ConfUtils.java:logGet(43)) - raft.server.rpc.request.timeout = 3000ms (default)
2019-10-03 20:22:21,306 [main] INFO  server.RaftServerConfigKeys (ConfUtils.java:logGet(43)) - raft.server.storage.dir = [/workdir/hadoop-ozone/integration-test/target/test-dir/MiniOzoneClusterImpl-c26a5b86-160b-4e95-9b08-3e18975a4a6e/datanode-4/data/ratis] (custom)
2019-10-03 20:22:21,307 [main] INFO  hdfs.DFSUtil (DFSUtil.java:httpServerTemplateForNNAndJN(1641)) - Starting Web-server for hddsDatanode at: http://0.0.0.0:0
2019-10-03 20:22:21,308 [main] INFO  server.AuthenticationFilter (AuthenticationFilter.java:constructSecretProvider(240)) - Unable to initialize FileSignerSecretProvider, falling back to use random secrets.
2019-10-03 20:22:21,308 [main] WARN  http.HttpRequestLog (HttpRequestLog.java:getRequestLog(97)) - Jetty request log can only be enabled using Log4j
2019-10-03 20:22:21,309 [main] INFO  http.HttpServer2 (HttpServer2.java:addGlobalFilter(975)) - Added global filter 'safety' (class=org.apache.hadoop.http.HttpServer2$QuotingInputFilter)
2019-10-03 20:22:21,310 [main] INFO  http.HttpServer2 (HttpServer2.java:addFilter(948)) - Added filter static_user_filter (class=org.apache.hadoop.http.lib.StaticUserWebFilter$StaticUserFilter) to context hddsDatanode
2019-10-03 20:22:21,310 [main] INFO  http.HttpServer2 (HttpServer2.java:addFilter(958)) - Added filter static_user_filter (class=org.apache.hadoop.http.lib.StaticUserWebFilter$StaticUserFilter) to context static
2019-10-03 20:22:21,310 [main] INFO  http.HttpServer2 (HttpServer2.java:addFilter(958)) - Added filter static_user_filter (class=org.apache.hadoop.http.lib.StaticUserWebFilter$StaticUserFilter) to context logs
2019-10-03 20:22:21,311 [main] INFO  http.HttpServer2 (HttpServer2.java:bindListener(1191)) - Jetty bound to port 44855
2019-10-03 20:22:21,311 [main] INFO  server.Server (Server.java:doStart(351)) - jetty-9.3.25.v20180904, build timestamp: 2018-09-04T21:11:46Z, git hash: 3ce520221d0240229c862b122d2b06c12a625732
2019-10-03 20:22:21,312 [main] INFO  handler.ContextHandler (ContextHandler.java:doStart(781)) - Started o.e.j.s.ServletContextHandler@7d37ee0c{/logs,file:///workdir/hadoop-ozone/integration-test/target/log,AVAILABLE}
2019-10-03 20:22:21,312 [main] INFO  handler.ContextHandler (ContextHandler.java:doStart(781)) - Started o.e.j.s.ServletContextHandler@4602f874{/static,jar:file:/home/user/.m2/repository/org/apache/hadoop/hadoop-hdds-container-service/0.5.0-SNAPSHOT/hadoop-hdds-container-service-0.5.0-SNAPSHOT.jar!/webapps/static,AVAILABLE}
2019-10-03 20:22:21,339 [main] INFO  handler.ContextHandler (ContextHandler.java:doStart(781)) - Started o.e.j.w.WebAppContext@5d1bdd4a{/,file:///tmp/jetty-0.0.0.0-44855-hddsDatanode-_-any-6047616297274356477.dir/webapp/,AVAILABLE}{/hddsDatanode}
2019-10-03 20:22:21,340 [main] INFO  server.AbstractConnector (AbstractConnector.java:doStart(278)) - Started ServerConnector@6812c8cc{HTTP/1.1,[http/1.1]}{0.0.0.0:44855}
2019-10-03 20:22:21,341 [main] INFO  server.Server (Server.java:doStart(419)) - Started @254839ms
2019-10-03 20:22:21,341 [main] WARN  impl.MetricsSystemImpl (MetricsSystemImpl.java:register(276)) - Sink prometheus already exists!
2019-10-03 20:22:21,342 [main] INFO  server.BaseHttpServer (BaseHttpServer.java:updateConnectorAddress(215)) - HTTP server of HDDSDATANODE is listening at http://0.0.0.0:44855
2019-10-03 20:22:21,342 [main] INFO  impl.MetricsSystemImpl (MetricsSystemImpl.java:init(158)) - HddsDatanode metrics system started (again)
2019-10-03 20:22:21,347 [org.apache.hadoop.util.JvmPauseMonitor$Monitor@5e0f2116] INFO  util.JvmPauseMonitor (JvmPauseMonitor.java:run(188)) - Starting JVM pause monitor
2019-10-03 20:22:21,347 [main] INFO  ozone.HddsDatanodeService (HddsDatanodeService.java:start(184)) - HddsDatanodeService host:pr-hdds-2230-vt4bl-2581040744 ip:192.168.30.7
2019-10-03 20:22:21,348 [Datanode State Machine Thread - 0] INFO  datanode.InitDatanodeState (InitDatanodeState.java:persistContainerDatanodeDetails(140)) - DatanodeDetails is persisted to /workdir/hadoop-ozone/integration-test/target/test-dir/MiniOzoneClusterImpl-c26a5b86-160b-4e95-9b08-3e18975a4a6e/datanode-4/meta/datanode.id
2019-10-03 20:22:21,363 [main] INFO  volume.HddsVolume (HddsVolume.java:<init>(176)) - Creating Volume: /workdir/hadoop-ozone/integration-test/target/test-dir/MiniOzoneClusterImpl-c26a5b86-160b-4e95-9b08-3e18975a4a6e/datanode-5/data/containers/hdds of  storage type : DISK and capacity : 1482555576320
2019-10-03 20:22:21,363 [main] INFO  volume.VolumeSet (VolumeSet.java:initializeVolumeSet(170)) - Added Volume : /workdir/hadoop-ozone/integration-test/target/test-dir/MiniOzoneClusterImpl-c26a5b86-160b-4e95-9b08-3e18975a4a6e/datanode-5/data/containers/hdds to VolumeSet
2019-10-03 20:22:21,363 [main] INFO  volume.ThrottledAsyncChecker (ThrottledAsyncChecker.java:schedule(139)) - Scheduling a check for org.apache.hadoop.ozone.container.common.volume.HddsVolume@546ed2a0
2019-10-03 20:22:21,364 [main] INFO  volume.HddsVolumeChecker (HddsVolumeChecker.java:checkAllVolumes(202)) - Scheduled health check for volume org.apache.hadoop.ozone.container.common.volume.HddsVolume@546ed2a0
2019-10-03 20:22:21,377 [main] INFO  impl.RaftServerProxy (ConfUtils.java:logGet(43)) - raft.rpc.type = GRPC (default)
2019-10-03 20:22:21,377 [main] INFO  grpc.GrpcFactory (GrpcFactory.java:checkPooledByteBufAllocatorUseCacheForAllThreads(45)) - PERFORMANCE WARNING: useCacheForAllThreads is true that may cause Netty to create a lot garbage objects and, as a result, trigger GC.
	It is recommended to disable useCacheForAllThreads by setting -Dorg.apache.ratis.thirdparty.io.netty.allocator.useCacheForAllThreads=false in command line.
2019-10-03 20:22:21,378 [main] INFO  grpc.GrpcConfigKeys$Server (ConfUtils.java:logGet(43)) - raft.grpc.server.port = 0 (default)
2019-10-03 20:22:21,378 [main] INFO  server.GrpcService (ConfUtils.java:logGet(43)) - raft.grpc.message.size.max = 33570816 (custom)
2019-10-03 20:22:21,378 [main] INFO  server.RaftServerConfigKeys (ConfUtils.java:logGet(43)) - raft.server.log.appender.buffer.byte-limit = 33554432 (custom)
2019-10-03 20:22:21,378 [main] INFO  server.GrpcService (ConfUtils.java:logGet(43)) - raft.grpc.flow.control.window = 1MB (=1048576) (default)
2019-10-03 20:22:21,378 [main] INFO  server.RaftServerConfigKeys (ConfUtils.java:logGet(43)) - raft.server.rpc.request.timeout = 3000ms (default)
2019-10-03 20:22:21,379 [main] INFO  server.RaftServerConfigKeys (ConfUtils.java:logGet(43)) - raft.server.storage.dir = [/workdir/hadoop-ozone/integration-test/target/test-dir/MiniOzoneClusterImpl-c26a5b86-160b-4e95-9b08-3e18975a4a6e/datanode-5/data/ratis] (custom)
2019-10-03 20:22:21,380 [main] INFO  hdfs.DFSUtil (DFSUtil.java:httpServerTemplateForNNAndJN(1641)) - Starting Web-server for hddsDatanode at: http://0.0.0.0:0
2019-10-03 20:22:21,381 [main] INFO  server.AuthenticationFilter (AuthenticationFilter.java:constructSecretProvider(240)) - Unable to initialize FileSignerSecretProvider, falling back to use random secrets.
2019-10-03 20:22:21,381 [main] WARN  http.HttpRequestLog (HttpRequestLog.java:getRequestLog(97)) - Jetty request log can only be enabled using Log4j
2019-10-03 20:22:21,383 [main] INFO  http.HttpServer2 (HttpServer2.java:addGlobalFilter(975)) - Added global filter 'safety' (class=org.apache.hadoop.http.HttpServer2$QuotingInputFilter)
2019-10-03 20:22:21,383 [main] INFO  http.HttpServer2 (HttpServer2.java:addFilter(948)) - Added filter static_user_filter (class=org.apache.hadoop.http.lib.StaticUserWebFilter$StaticUserFilter) to context hddsDatanode
2019-10-03 20:22:21,383 [main] INFO  http.HttpServer2 (HttpServer2.java:addFilter(958)) - Added filter static_user_filter (class=org.apache.hadoop.http.lib.StaticUserWebFilter$StaticUserFilter) to context logs
2019-10-03 20:22:21,384 [main] INFO  http.HttpServer2 (HttpServer2.java:addFilter(958)) - Added filter static_user_filter (class=org.apache.hadoop.http.lib.StaticUserWebFilter$StaticUserFilter) to context static
2019-10-03 20:22:21,384 [main] INFO  http.HttpServer2 (HttpServer2.java:bindListener(1191)) - Jetty bound to port 36722
2019-10-03 20:22:21,384 [main] INFO  server.Server (Server.java:doStart(351)) - jetty-9.3.25.v20180904, build timestamp: 2018-09-04T21:11:46Z, git hash: 3ce520221d0240229c862b122d2b06c12a625732
2019-10-03 20:22:21,386 [main] INFO  handler.ContextHandler (ContextHandler.java:doStart(781)) - Started o.e.j.s.ServletContextHandler@143fefaf{/logs,file:///workdir/hadoop-ozone/integration-test/target/log,AVAILABLE}
2019-10-03 20:22:21,386 [main] INFO  handler.ContextHandler (ContextHandler.java:doStart(781)) - Started o.e.j.s.ServletContextHandler@46468f0{/static,jar:file:/home/user/.m2/repository/org/apache/hadoop/hadoop-hdds-container-service/0.5.0-SNAPSHOT/hadoop-hdds-container-service-0.5.0-SNAPSHOT.jar!/webapps/static,AVAILABLE}
2019-10-03 20:22:21,413 [main] INFO  handler.ContextHandler (ContextHandler.java:doStart(781)) - Started o.e.j.w.WebAppContext@75793f17{/,file:///tmp/jetty-0.0.0.0-36722-hddsDatanode-_-any-5022935079761500321.dir/webapp/,AVAILABLE}{/hddsDatanode}
2019-10-03 20:22:21,414 [main] INFO  server.AbstractConnector (AbstractConnector.java:doStart(278)) - Started ServerConnector@4652c74d{HTTP/1.1,[http/1.1]}{0.0.0.0:36722}
2019-10-03 20:22:21,415 [main] INFO  server.Server (Server.java:doStart(419)) - Started @254913ms
2019-10-03 20:22:21,415 [main] WARN  impl.MetricsSystemImpl (MetricsSystemImpl.java:register(276)) - Sink prometheus already exists!
2019-10-03 20:22:21,416 [main] INFO  server.BaseHttpServer (BaseHttpServer.java:updateConnectorAddress(215)) - HTTP server of HDDSDATANODE is listening at http://0.0.0.0:36722
2019-10-03 20:22:21,416 [main] INFO  impl.MetricsSystemImpl (MetricsSystemImpl.java:init(158)) - HddsDatanode metrics system started (again)
2019-10-03 20:22:21,421 [org.apache.hadoop.util.JvmPauseMonitor$Monitor@4170909b] INFO  util.JvmPauseMonitor (JvmPauseMonitor.java:run(188)) - Starting JVM pause monitor
2019-10-03 20:22:21,422 [main] INFO  ozone.HddsDatanodeService (HddsDatanodeService.java:start(184)) - HddsDatanodeService host:pr-hdds-2230-vt4bl-2581040744 ip:192.168.30.7
2019-10-03 20:22:21,422 [Datanode State Machine Thread - 0] INFO  datanode.InitDatanodeState (InitDatanodeState.java:persistContainerDatanodeDetails(140)) - DatanodeDetails is persisted to /workdir/hadoop-ozone/integration-test/target/test-dir/MiniOzoneClusterImpl-c26a5b86-160b-4e95-9b08-3e18975a4a6e/datanode-5/meta/datanode.id
2019-10-03 20:22:21,428 [main] INFO  volume.HddsVolume (HddsVolume.java:<init>(176)) - Creating Volume: /workdir/hadoop-ozone/integration-test/target/test-dir/MiniOzoneClusterImpl-c26a5b86-160b-4e95-9b08-3e18975a4a6e/datanode-6/data/containers/hdds of  storage type : DISK and capacity : 1482555576320
2019-10-03 20:22:21,428 [main] INFO  volume.VolumeSet (VolumeSet.java:initializeVolumeSet(170)) - Added Volume : /workdir/hadoop-ozone/integration-test/target/test-dir/MiniOzoneClusterImpl-c26a5b86-160b-4e95-9b08-3e18975a4a6e/datanode-6/data/containers/hdds to VolumeSet
2019-10-03 20:22:21,428 [main] INFO  volume.ThrottledAsyncChecker (ThrottledAsyncChecker.java:schedule(139)) - Scheduling a check for org.apache.hadoop.ozone.container.common.volume.HddsVolume@234cd86c
2019-10-03 20:22:21,428 [main] INFO  volume.HddsVolumeChecker (HddsVolumeChecker.java:checkAllVolumes(202)) - Scheduled health check for volume org.apache.hadoop.ozone.container.common.volume.HddsVolume@234cd86c
2019-10-03 20:22:21,441 [main] INFO  impl.RaftServerProxy (ConfUtils.java:logGet(43)) - raft.rpc.type = GRPC (default)
2019-10-03 20:22:21,441 [main] INFO  grpc.GrpcFactory (GrpcFactory.java:checkPooledByteBufAllocatorUseCacheForAllThreads(45)) - PERFORMANCE WARNING: useCacheForAllThreads is true that may cause Netty to create a lot garbage objects and, as a result, trigger GC.
	It is recommended to disable useCacheForAllThreads by setting -Dorg.apache.ratis.thirdparty.io.netty.allocator.useCacheForAllThreads=false in command line.
2019-10-03 20:22:21,441 [main] INFO  grpc.GrpcConfigKeys$Server (ConfUtils.java:logGet(43)) - raft.grpc.server.port = 0 (default)
2019-10-03 20:22:21,441 [main] INFO  server.GrpcService (ConfUtils.java:logGet(43)) - raft.grpc.message.size.max = 33570816 (custom)
2019-10-03 20:22:21,441 [main] INFO  server.RaftServerConfigKeys (ConfUtils.java:logGet(43)) - raft.server.log.appender.buffer.byte-limit = 33554432 (custom)
2019-10-03 20:22:21,442 [main] INFO  server.GrpcService (ConfUtils.java:logGet(43)) - raft.grpc.flow.control.window = 1MB (=1048576) (default)
2019-10-03 20:22:21,442 [main] INFO  server.RaftServerConfigKeys (ConfUtils.java:logGet(43)) - raft.server.rpc.request.timeout = 3000ms (default)
2019-10-03 20:22:21,442 [main] INFO  server.RaftServerConfigKeys (ConfUtils.java:logGet(43)) - raft.server.storage.dir = [/workdir/hadoop-ozone/integration-test/target/test-dir/MiniOzoneClusterImpl-c26a5b86-160b-4e95-9b08-3e18975a4a6e/datanode-6/data/ratis] (custom)
2019-10-03 20:22:21,443 [main] INFO  hdfs.DFSUtil (DFSUtil.java:httpServerTemplateForNNAndJN(1641)) - Starting Web-server for hddsDatanode at: http://0.0.0.0:0
2019-10-03 20:22:21,444 [main] INFO  server.AuthenticationFilter (AuthenticationFilter.java:constructSecretProvider(240)) - Unable to initialize FileSignerSecretProvider, falling back to use random secrets.
2019-10-03 20:22:21,445 [main] WARN  http.HttpRequestLog (HttpRequestLog.java:getRequestLog(97)) - Jetty request log can only be enabled using Log4j
2019-10-03 20:22:21,446 [main] INFO  http.HttpServer2 (HttpServer2.java:addGlobalFilter(975)) - Added global filter 'safety' (class=org.apache.hadoop.http.HttpServer2$QuotingInputFilter)
2019-10-03 20:22:21,446 [main] INFO  http.HttpServer2 (HttpServer2.java:addFilter(948)) - Added filter static_user_filter (class=org.apache.hadoop.http.lib.StaticUserWebFilter$StaticUserFilter) to context hddsDatanode
2019-10-03 20:22:21,446 [main] INFO  http.HttpServer2 (HttpServer2.java:addFilter(958)) - Added filter static_user_filter (class=org.apache.hadoop.http.lib.StaticUserWebFilter$StaticUserFilter) to context logs
2019-10-03 20:22:21,446 [main] INFO  http.HttpServer2 (HttpServer2.java:addFilter(958)) - Added filter static_user_filter (class=org.apache.hadoop.http.lib.StaticUserWebFilter$StaticUserFilter) to context static
2019-10-03 20:22:21,447 [main] INFO  http.HttpServer2 (HttpServer2.java:bindListener(1191)) - Jetty bound to port 35734
2019-10-03 20:22:21,447 [main] INFO  server.Server (Server.java:doStart(351)) - jetty-9.3.25.v20180904, build timestamp: 2018-09-04T21:11:46Z, git hash: 3ce520221d0240229c862b122d2b06c12a625732
2019-10-03 20:22:21,448 [main] INFO  handler.ContextHandler (ContextHandler.java:doStart(781)) - Started o.e.j.s.ServletContextHandler@7b6141f0{/logs,file:///workdir/hadoop-ozone/integration-test/target/log,AVAILABLE}
2019-10-03 20:22:21,449 [main] INFO  handler.ContextHandler (ContextHandler.java:doStart(781)) - Started o.e.j.s.ServletContextHandler@70b48eb3{/static,jar:file:/home/user/.m2/repository/org/apache/hadoop/hadoop-hdds-container-service/0.5.0-SNAPSHOT/hadoop-hdds-container-service-0.5.0-SNAPSHOT.jar!/webapps/static,AVAILABLE}
2019-10-03 20:22:21,475 [main] INFO  handler.ContextHandler (ContextHandler.java:doStart(781)) - Started o.e.j.w.WebAppContext@c568f91{/,file:///tmp/jetty-0.0.0.0-35734-hddsDatanode-_-any-9148279610334616157.dir/webapp/,AVAILABLE}{/hddsDatanode}
2019-10-03 20:22:21,476 [main] INFO  server.AbstractConnector (AbstractConnector.java:doStart(278)) - Started ServerConnector@5fd43e58{HTTP/1.1,[http/1.1]}{0.0.0.0:35734}
2019-10-03 20:22:21,477 [main] INFO  server.Server (Server.java:doStart(419)) - Started @254975ms
2019-10-03 20:22:21,478 [main] WARN  impl.MetricsSystemImpl (MetricsSystemImpl.java:register(276)) - Sink prometheus already exists!
2019-10-03 20:22:21,478 [main] INFO  server.BaseHttpServer (BaseHttpServer.java:updateConnectorAddress(215)) - HTTP server of HDDSDATANODE is listening at http://0.0.0.0:35734
2019-10-03 20:22:21,478 [main] INFO  ozone.MiniOzoneClusterImpl (MiniOzoneClusterImpl.java:lambda$waitForClusterToBeReady$0(147)) - Waiting for cluster to be ready. Got 0 of 7 DN Heartbeats.
2019-10-03 20:22:21,479 [org.apache.hadoop.util.JvmPauseMonitor$Monitor@4fe4b13a] INFO  util.JvmPauseMonitor (JvmPauseMonitor.java:run(188)) - Starting JVM pause monitor
2019-10-03 20:22:21,481 [Datanode State Machine Thread - 0] INFO  datanode.InitDatanodeState (InitDatanodeState.java:persistContainerDatanodeDetails(140)) - DatanodeDetails is persisted to /workdir/hadoop-ozone/integration-test/target/test-dir/MiniOzoneClusterImpl-c26a5b86-160b-4e95-9b08-3e18975a4a6e/datanode-6/meta/datanode.id
2019-10-03 20:22:22,479 [main] INFO  ozone.MiniOzoneClusterImpl (MiniOzoneClusterImpl.java:lambda$waitForClusterToBeReady$0(147)) - Waiting for cluster to be ready. Got 0 of 7 DN Heartbeats.
2019-10-03 20:22:23,116 [Datanode State Machine Thread - 0] INFO  ozoneimpl.OzoneContainer (OzoneContainer.java:start(217)) - Attempting to start container services.
2019-10-03 20:22:23,116 [Datanode State Machine Thread - 0] INFO  ozoneimpl.OzoneContainer (OzoneContainer.java:startContainerScrub(179)) - Background container scanner has been disabled.
2019-10-03 20:22:23,117 [Datanode State Machine Thread - 0] INFO  ratis.XceiverServerRatis (XceiverServerRatis.java:start(417)) - Starting XceiverServerRatis 0b33b14d-c869-4690-a2ea-3942a914e80a at port 0
2019-10-03 20:22:23,123 [Datanode State Machine Thread - 0] INFO  impl.RaftServerProxy (RaftServerProxy.java:lambda$start$3(299)) - 0b33b14d-c869-4690-a2ea-3942a914e80a: start RPC server
2019-10-03 20:22:23,124 [Datanode State Machine Thread - 0] INFO  server.GrpcService (GrpcService.java:startImpl(158)) - 0b33b14d-c869-4690-a2ea-3942a914e80a: GrpcService started, listening on 0.0.0.0/0.0.0.0:43773
2019-10-03 20:22:23,125 [Datanode State Machine Thread - 0] INFO  ratis.XceiverServerRatis (XceiverServerRatis.java:start(427)) - XceiverServerRatis 0b33b14d-c869-4690-a2ea-3942a914e80a is started using port 43773
2019-10-03 20:22:23,127 [Datanode State Machine Thread - 0] INFO  server.XceiverServerGrpc (XceiverServerGrpc.java:start(149)) - XceiverServerGrpc 0b33b14d-c869-4690-a2ea-3942a914e80a is started using port 38932
2019-10-03 20:22:23,158 [Datanode State Machine Thread - 0] INFO  ozoneimpl.OzoneContainer (OzoneContainer.java:start(217)) - Attempting to start container services.
2019-10-03 20:22:23,158 [Datanode State Machine Thread - 0] INFO  ozoneimpl.OzoneContainer (OzoneContainer.java:startContainerScrub(179)) - Background container scanner has been disabled.
2019-10-03 20:22:23,158 [Datanode State Machine Thread - 0] INFO  ratis.XceiverServerRatis (XceiverServerRatis.java:start(417)) - Starting XceiverServerRatis e79412df-6cad-4ff9-9624-3cbff68b4f9f at port 0
2019-10-03 20:22:23,164 [Datanode State Machine Thread - 0] INFO  impl.RaftServerProxy (RaftServerProxy.java:lambda$start$3(299)) - e79412df-6cad-4ff9-9624-3cbff68b4f9f: start RPC server
2019-10-03 20:22:23,165 [Datanode State Machine Thread - 0] INFO  server.GrpcService (GrpcService.java:startImpl(158)) - e79412df-6cad-4ff9-9624-3cbff68b4f9f: GrpcService started, listening on 0.0.0.0/0.0.0.0:40307
2019-10-03 20:22:23,165 [Datanode State Machine Thread - 0] INFO  ratis.XceiverServerRatis (XceiverServerRatis.java:start(427)) - XceiverServerRatis e79412df-6cad-4ff9-9624-3cbff68b4f9f is started using port 40307
2019-10-03 20:22:23,165 [Datanode State Machine Thread - 0] INFO  server.XceiverServerGrpc (XceiverServerGrpc.java:start(149)) - XceiverServerGrpc e79412df-6cad-4ff9-9624-3cbff68b4f9f is started using port 36613
2019-10-03 20:22:23,242 [Datanode State Machine Thread - 0] INFO  ozoneimpl.OzoneContainer (OzoneContainer.java:start(217)) - Attempting to start container services.
2019-10-03 20:22:23,242 [Datanode State Machine Thread - 0] INFO  ozoneimpl.OzoneContainer (OzoneContainer.java:startContainerScrub(179)) - Background container scanner has been disabled.
2019-10-03 20:22:23,242 [Datanode State Machine Thread - 0] INFO  ratis.XceiverServerRatis (XceiverServerRatis.java:start(417)) - Starting XceiverServerRatis e4843b48-4806-49b2-aad5-7e0b2db51a98 at port 0
2019-10-03 20:22:23,248 [Datanode State Machine Thread - 0] INFO  impl.RaftServerProxy (RaftServerProxy.java:lambda$start$3(299)) - e4843b48-4806-49b2-aad5-7e0b2db51a98: start RPC server
2019-10-03 20:22:23,249 [Datanode State Machine Thread - 0] INFO  server.GrpcService (GrpcService.java:startImpl(158)) - e4843b48-4806-49b2-aad5-7e0b2db51a98: GrpcService started, listening on 0.0.0.0/0.0.0.0:32945
2019-10-03 20:22:23,249 [Datanode State Machine Thread - 0] INFO  ratis.XceiverServerRatis (XceiverServerRatis.java:start(427)) - XceiverServerRatis e4843b48-4806-49b2-aad5-7e0b2db51a98 is started using port 32945
2019-10-03 20:22:23,250 [Datanode State Machine Thread - 0] INFO  server.XceiverServerGrpc (XceiverServerGrpc.java:start(149)) - XceiverServerGrpc e4843b48-4806-49b2-aad5-7e0b2db51a98 is started using port 37697
2019-10-03 20:22:23,317 [Datanode State Machine Thread - 0] INFO  ozoneimpl.OzoneContainer (OzoneContainer.java:start(217)) - Attempting to start container services.
2019-10-03 20:22:23,318 [Datanode State Machine Thread - 0] INFO  ozoneimpl.OzoneContainer (OzoneContainer.java:startContainerScrub(179)) - Background container scanner has been disabled.
2019-10-03 20:22:23,318 [Datanode State Machine Thread - 0] INFO  ratis.XceiverServerRatis (XceiverServerRatis.java:start(417)) - Starting XceiverServerRatis 290608db-2fe0-4740-9352-ab16bc8555e9 at port 0
2019-10-03 20:22:23,326 [Datanode State Machine Thread - 0] INFO  impl.RaftServerProxy (RaftServerProxy.java:lambda$start$3(299)) - 290608db-2fe0-4740-9352-ab16bc8555e9: start RPC server
2019-10-03 20:22:23,329 [Datanode State Machine Thread - 0] INFO  server.GrpcService (GrpcService.java:startImpl(158)) - 290608db-2fe0-4740-9352-ab16bc8555e9: GrpcService started, listening on 0.0.0.0/0.0.0.0:44302
2019-10-03 20:22:23,329 [Datanode State Machine Thread - 0] INFO  ratis.XceiverServerRatis (XceiverServerRatis.java:start(427)) - XceiverServerRatis 290608db-2fe0-4740-9352-ab16bc8555e9 is started using port 44302
2019-10-03 20:22:23,329 [Datanode State Machine Thread - 0] INFO  server.XceiverServerGrpc (XceiverServerGrpc.java:start(149)) - XceiverServerGrpc 290608db-2fe0-4740-9352-ab16bc8555e9 is started using port 43836
2019-10-03 20:22:23,376 [Datanode State Machine Thread - 0] INFO  ozoneimpl.OzoneContainer (OzoneContainer.java:start(217)) - Attempting to start container services.
2019-10-03 20:22:23,376 [Datanode State Machine Thread - 0] INFO  ozoneimpl.OzoneContainer (OzoneContainer.java:startContainerScrub(179)) - Background container scanner has been disabled.
2019-10-03 20:22:23,376 [Datanode State Machine Thread - 0] INFO  ratis.XceiverServerRatis (XceiverServerRatis.java:start(417)) - Starting XceiverServerRatis 21782bfb-25c9-4d2d-88c9-56014a80f93e at port 0
2019-10-03 20:22:23,382 [Datanode State Machine Thread - 0] INFO  impl.RaftServerProxy (RaftServerProxy.java:lambda$start$3(299)) - 21782bfb-25c9-4d2d-88c9-56014a80f93e: start RPC server
2019-10-03 20:22:23,382 [Datanode State Machine Thread - 0] INFO  server.GrpcService (GrpcService.java:startImpl(158)) - 21782bfb-25c9-4d2d-88c9-56014a80f93e: GrpcService started, listening on 0.0.0.0/0.0.0.0:43514
2019-10-03 20:22:23,382 [Datanode State Machine Thread - 0] INFO  ratis.XceiverServerRatis (XceiverServerRatis.java:start(427)) - XceiverServerRatis 21782bfb-25c9-4d2d-88c9-56014a80f93e is started using port 43514
2019-10-03 20:22:23,385 [Datanode State Machine Thread - 0] INFO  server.XceiverServerGrpc (XceiverServerGrpc.java:start(149)) - XceiverServerGrpc 21782bfb-25c9-4d2d-88c9-56014a80f93e is started using port 40800
2019-10-03 20:22:23,451 [Datanode State Machine Thread - 0] INFO  ozoneimpl.OzoneContainer (OzoneContainer.java:start(217)) - Attempting to start container services.
2019-10-03 20:22:23,452 [Datanode State Machine Thread - 0] INFO  ozoneimpl.OzoneContainer (OzoneContainer.java:startContainerScrub(179)) - Background container scanner has been disabled.
2019-10-03 20:22:23,452 [Datanode State Machine Thread - 0] INFO  ratis.XceiverServerRatis (XceiverServerRatis.java:start(417)) - Starting XceiverServerRatis d3a020a3-99ea-4855-a3b5-cd161cda6181 at port 0
2019-10-03 20:22:23,458 [Datanode State Machine Thread - 0] INFO  impl.RaftServerProxy (RaftServerProxy.java:lambda$start$3(299)) - d3a020a3-99ea-4855-a3b5-cd161cda6181: start RPC server
2019-10-03 20:22:23,461 [Datanode State Machine Thread - 0] INFO  server.GrpcService (GrpcService.java:startImpl(158)) - d3a020a3-99ea-4855-a3b5-cd161cda6181: GrpcService started, listening on 0.0.0.0/0.0.0.0:38302
2019-10-03 20:22:23,461 [Datanode State Machine Thread - 0] INFO  ratis.XceiverServerRatis (XceiverServerRatis.java:start(427)) - XceiverServerRatis d3a020a3-99ea-4855-a3b5-cd161cda6181 is started using port 38302
2019-10-03 20:22:23,465 [Datanode State Machine Thread - 0] INFO  server.XceiverServerGrpc (XceiverServerGrpc.java:start(149)) - XceiverServerGrpc d3a020a3-99ea-4855-a3b5-cd161cda6181 is started using port 42521
2019-10-03 20:22:23,479 [main] INFO  ozone.MiniOzoneClusterImpl (MiniOzoneClusterImpl.java:lambda$waitForClusterToBeReady$0(147)) - Waiting for cluster to be ready. Got 0 of 7 DN Heartbeats.
2019-10-03 20:22:23,510 [Datanode State Machine Thread - 0] INFO  ozoneimpl.OzoneContainer (OzoneContainer.java:start(217)) - Attempting to start container services.
2019-10-03 20:22:23,510 [Datanode State Machine Thread - 0] INFO  ozoneimpl.OzoneContainer (OzoneContainer.java:startContainerScrub(179)) - Background container scanner has been disabled.
2019-10-03 20:22:23,510 [Datanode State Machine Thread - 0] INFO  ratis.XceiverServerRatis (XceiverServerRatis.java:start(417)) - Starting XceiverServerRatis 40a7305f-af30-476b-986a-4ab52d02b5e3 at port 0
2019-10-03 20:22:23,516 [Datanode State Machine Thread - 0] INFO  impl.RaftServerProxy (RaftServerProxy.java:lambda$start$3(299)) - 40a7305f-af30-476b-986a-4ab52d02b5e3: start RPC server
2019-10-03 20:22:23,519 [Datanode State Machine Thread - 0] INFO  server.GrpcService (GrpcService.java:startImpl(158)) - 40a7305f-af30-476b-986a-4ab52d02b5e3: GrpcService started, listening on 0.0.0.0/0.0.0.0:34282
2019-10-03 20:22:23,519 [Datanode State Machine Thread - 0] INFO  ratis.XceiverServerRatis (XceiverServerRatis.java:start(427)) - XceiverServerRatis 40a7305f-af30-476b-986a-4ab52d02b5e3 is started using port 34282
2019-10-03 20:22:23,519 [Datanode State Machine Thread - 0] INFO  server.XceiverServerGrpc (XceiverServerGrpc.java:start(149)) - XceiverServerGrpc 40a7305f-af30-476b-986a-4ab52d02b5e3 is started using port 38837
2019-10-03 20:22:24,480 [main] INFO  ozone.MiniOzoneClusterImpl (MiniOzoneClusterImpl.java:lambda$waitForClusterToBeReady$0(147)) - Waiting for cluster to be ready. Got 0 of 7 DN Heartbeats.
2019-10-03 20:22:25,054 [IPC Server handler 0 on 40522] INFO  net.NetworkTopology (NetworkTopologyImpl.java:add(111)) - Added a new node: /default-rack/0b33b14d-c869-4690-a2ea-3942a914e80a
2019-10-03 20:22:25,056 [IPC Server handler 0 on 40522] INFO  node.SCMNodeManager (SCMNodeManager.java:register(266)) - Registered Data node : 0b33b14d-c869-4690-a2ea-3942a914e80a{ip: 192.168.30.7, host: pr-hdds-2230-vt4bl-2581040744, networkLocation: /default-rack, certSerialId: null}
2019-10-03 20:22:25,057 [EventQueue-NodeRegistrationContainerReportForDataNodeSafeModeRule] INFO  safemode.SCMSafeModeManager (DataNodeSafeModeRule.java:process(71)) - SCM in safe mode. 1 DataNodes registered, 1 required.
2019-10-03 20:22:25,059 [EventQueue-NodeRegistrationContainerReportForDataNodeSafeModeRule] INFO  safemode.SCMSafeModeManager (SCMSafeModeManager.java:validateSafeModeExitRules(177)) - ScmSafeModeManager, all rules are successfully validated
2019-10-03 20:22:25,059 [EventQueue-NodeRegistrationContainerReportForDataNodeSafeModeRule] INFO  safemode.SCMSafeModeManager (SCMSafeModeManager.java:exitSafeMode(193)) - SCM exiting safe mode.
2019-10-03 20:22:25,066 [grpc-default-executor-4] INFO  impl.RaftServerProxy (RaftServerProxy.java:addNew(89)) - 0b33b14d-c869-4690-a2ea-3942a914e80a: addNew group-FD6D1D328C56:[0b33b14d-c869-4690-a2ea-3942a914e80a:192.168.30.7:43773] returns group-FD6D1D328C56:java.util.concurrent.CompletableFuture@20ad6eb8[Not completed]
2019-10-03 20:22:25,067 [pool-383-thread-1] INFO  impl.RaftServerImpl (RaftServerImpl.java:<init>(95)) - 0b33b14d-c869-4690-a2ea-3942a914e80a: new RaftServerImpl for group-FD6D1D328C56:[0b33b14d-c869-4690-a2ea-3942a914e80a:192.168.30.7:43773] with ContainerStateMachine:uninitialized
2019-10-03 20:22:25,068 [pool-383-thread-1] INFO  server.RaftServerConfigKeys (ConfUtils.java:logGet(43)) - raft.server.rpc.timeout.min = 5s (custom)
2019-10-03 20:22:25,068 [pool-383-thread-1] INFO  server.RaftServerConfigKeys (ConfUtils.java:logGet(43)) - raft.server.rpc.timeout.max = 5200ms (custom)
2019-10-03 20:22:25,068 [pool-383-thread-1] INFO  server.RaftServerConfigKeys (ConfUtils.java:logGet(43)) - raft.server.rpcslowness.timeout = 120s (custom)
2019-10-03 20:22:25,068 [pool-383-thread-1] INFO  server.RaftServerConfigKeys (ConfUtils.java:logGet(43)) - raft.server.sleep.deviation.threshold = 300 (default)
2019-10-03 20:22:25,068 [pool-383-thread-1] INFO  server.RaftServerConfigKeys (ConfUtils.java:logGet(43)) - raft.server.log.appender.install.snapshot.enabled = false (custom)
2019-10-03 20:22:25,068 [pool-383-thread-1] INFO  impl.RaftServerImpl (ServerState.java:<init>(103)) - 0b33b14d-c869-4690-a2ea-3942a914e80a@group-FD6D1D328C56: ConfigurationManager, init=-1: [0b33b14d-c869-4690-a2ea-3942a914e80a:192.168.30.7:43773], old=null, confs=<EMPTY_MAP>
2019-10-03 20:22:25,068 [pool-383-thread-1] INFO  server.RaftServerConfigKeys (ConfUtils.java:logGet(43)) - raft.server.storage.dir = [/workdir/hadoop-ozone/integration-test/target/test-dir/MiniOzoneClusterImpl-c26a5b86-160b-4e95-9b08-3e18975a4a6e/datanode-0/data/ratis] (custom)
2019-10-03 20:22:25,069 [pool-383-thread-1] INFO  server.RaftServerConfigKeys (ConfUtils.java:logGet(43)) - raft.server.log.corruption.policy = EXCEPTION (default)
2019-10-03 20:22:25,069 [pool-383-thread-1] INFO  storage.RaftStorageDirectory (RaftStorageDirectory.java:analyzeStorage(246)) - The storage directory /workdir/hadoop-ozone/integration-test/target/test-dir/MiniOzoneClusterImpl-c26a5b86-160b-4e95-9b08-3e18975a4a6e/datanode-0/data/ratis/662142cb-8d97-4290-8710-fd6d1d328c56 does not exist. Creating ...
2019-10-03 20:22:25,132 [IPC Server handler 1 on 40522] INFO  net.NetworkTopology (NetworkTopologyImpl.java:add(111)) - Added a new node: /default-rack/e79412df-6cad-4ff9-9624-3cbff68b4f9f
2019-10-03 20:22:25,132 [IPC Server handler 1 on 40522] INFO  node.SCMNodeManager (SCMNodeManager.java:register(266)) - Registered Data node : e79412df-6cad-4ff9-9624-3cbff68b4f9f{ip: 192.168.30.7, host: pr-hdds-2230-vt4bl-2581040744, networkLocation: /default-rack, certSerialId: null}
2019-10-03 20:22:25,202 [IPC Server handler 3 on 40522] INFO  net.NetworkTopology (NetworkTopologyImpl.java:add(111)) - Added a new node: /default-rack/e4843b48-4806-49b2-aad5-7e0b2db51a98
2019-10-03 20:22:25,202 [IPC Server handler 3 on 40522] INFO  node.SCMNodeManager (SCMNodeManager.java:register(266)) - Registered Data node : e4843b48-4806-49b2-aad5-7e0b2db51a98{ip: 192.168.30.7, host: pr-hdds-2230-vt4bl-2581040744, networkLocation: /default-rack, certSerialId: null}
2019-10-03 20:22:25,288 [IPC Server handler 4 on 40522] INFO  net.NetworkTopology (NetworkTopologyImpl.java:add(111)) - Added a new node: /default-rack/290608db-2fe0-4740-9352-ab16bc8555e9
2019-10-03 20:22:25,288 [IPC Server handler 4 on 40522] INFO  node.SCMNodeManager (SCMNodeManager.java:register(266)) - Registered Data node : 290608db-2fe0-4740-9352-ab16bc8555e9{ip: 192.168.30.7, host: pr-hdds-2230-vt4bl-2581040744, networkLocation: /default-rack, certSerialId: null}
2019-10-03 20:22:25,349 [IPC Server handler 5 on 40522] INFO  net.NetworkTopology (NetworkTopologyImpl.java:add(111)) - Added a new node: /default-rack/21782bfb-25c9-4d2d-88c9-56014a80f93e
2019-10-03 20:22:25,349 [IPC Server handler 5 on 40522] INFO  node.SCMNodeManager (SCMNodeManager.java:register(266)) - Registered Data node : 21782bfb-25c9-4d2d-88c9-56014a80f93e{ip: 192.168.30.7, host: pr-hdds-2230-vt4bl-2581040744, networkLocation: /default-rack, certSerialId: null}
2019-10-03 20:22:25,422 [IPC Server handler 6 on 40522] INFO  net.NetworkTopology (NetworkTopologyImpl.java:add(111)) - Added a new node: /default-rack/d3a020a3-99ea-4855-a3b5-cd161cda6181
2019-10-03 20:22:25,422 [IPC Server handler 6 on 40522] INFO  node.SCMNodeManager (SCMNodeManager.java:register(266)) - Registered Data node : d3a020a3-99ea-4855-a3b5-cd161cda6181{ip: 192.168.30.7, host: pr-hdds-2230-vt4bl-2581040744, networkLocation: /default-rack, certSerialId: null}
2019-10-03 20:22:25,480 [main] INFO  ozone.MiniOzoneClusterImpl (MiniOzoneClusterImpl.java:lambda$waitForClusterToBeReady$0(147)) - Waiting for cluster to be ready. Got 6 of 7 DN Heartbeats.
2019-10-03 20:22:25,481 [IPC Server handler 7 on 40522] INFO  net.NetworkTopology (NetworkTopologyImpl.java:add(111)) - Added a new node: /default-rack/40a7305f-af30-476b-986a-4ab52d02b5e3
2019-10-03 20:22:25,481 [IPC Server handler 7 on 40522] INFO  node.SCMNodeManager (SCMNodeManager.java:register(266)) - Registered Data node : 40a7305f-af30-476b-986a-4ab52d02b5e3{ip: 192.168.30.7, host: pr-hdds-2230-vt4bl-2581040744, networkLocation: /default-rack, certSerialId: null}
2019-10-03 20:22:25,505 [pool-383-thread-1] INFO  storage.RaftStorageDirectory (RaftStorageDirectory.java:tryLock(328)) - Lock on /workdir/hadoop-ozone/integration-test/target/test-dir/MiniOzoneClusterImpl-c26a5b86-160b-4e95-9b08-3e18975a4a6e/datanode-0/data/ratis/662142cb-8d97-4290-8710-fd6d1d328c56/in_use.lock acquired by nodename 12499@pr-hdds-2230-vt4bl-2581040744
2019-10-03 20:22:25,538 [pool-383-thread-1] INFO  storage.RaftStorage (RaftStorage.java:format(84)) - Storage directory /workdir/hadoop-ozone/integration-test/target/test-dir/MiniOzoneClusterImpl-c26a5b86-160b-4e95-9b08-3e18975a4a6e/datanode-0/data/ratis/662142cb-8d97-4290-8710-fd6d1d328c56 has been successfully formatted.
2019-10-03 20:22:25,538 [pool-383-thread-1] INFO  ratis.ContainerStateMachine (ContainerStateMachine.java:loadSnapshot(230)) - group-FD6D1D328C56: The snapshot info is null. Setting the last applied indexto:(t:0, i:~)
2019-10-03 20:22:25,538 [pool-383-thread-1] INFO  server.RaftServerConfigKeys (ConfUtils.java:logGet(43)) - raft.server.notification.no-leader.timeout = 120s (custom)
2019-10-03 20:22:25,538 [pool-383-thread-1] INFO  server.RaftServerConfigKeys (ConfUtils.java:logGet(43)) - raft.server.log.use.memory = false (default)
2019-10-03 20:22:25,538 [pool-383-thread-1] INFO  server.RaftServerConfigKeys (ConfUtils.java:logGet(43)) - raft.server.log.purge.gap = 1000000 (custom)
2019-10-03 20:22:25,538 [pool-383-thread-1] INFO  server.RaftServerConfigKeys (ConfUtils.java:logGet(43)) - raft.server.log.appender.buffer.byte-limit = 33554432 (custom)
2019-10-03 20:22:25,539 [pool-383-thread-1] INFO  server.RaftServerConfigKeys (ConfUtils.java:logGet(43)) - raft.server.log.segment.size.max = 1048576 (custom)
2019-10-03 20:22:25,540 [pool-383-thread-1] INFO  server.RaftServerConfigKeys (ConfUtils.java:logGet(43)) - raft.server.log.segment.cache.num.max = 2 (custom)
2019-10-03 20:22:25,541 [pool-383-thread-1] INFO  segmented.SegmentedRaftLogWorker (SegmentedRaftLogWorker.java:<init>(173)) - new 0b33b14d-c869-4690-a2ea-3942a914e80a@group-FD6D1D328C56-SegmentedRaftLogWorker for RaftStorage:Storage Directory /workdir/hadoop-ozone/integration-test/target/test-dir/MiniOzoneClusterImpl-c26a5b86-160b-4e95-9b08-3e18975a4a6e/datanode-0/data/ratis/662142cb-8d97-4290-8710-fd6d1d328c56
2019-10-03 20:22:25,541 [pool-383-thread-1] INFO  server.RaftServerConfigKeys (ConfUtils.java:logGet(43)) - raft.server.log.queue.byte-limit = 2147483647 (custom)
2019-10-03 20:22:25,541 [pool-383-thread-1] INFO  server.RaftServerConfigKeys (ConfUtils.java:logGet(43)) - raft.server.log.queue.element-limit = 1024 (custom)
2019-10-03 20:22:25,541 [pool-383-thread-1] INFO  server.RaftServerConfigKeys (ConfUtils.java:logGet(43)) - raft.server.log.segment.size.max = 1048576 (custom)
2019-10-03 20:22:25,541 [pool-383-thread-1] INFO  server.RaftServerConfigKeys (ConfUtils.java:logGet(43)) - raft.server.log.preallocated.size = 16384 (custom)
2019-10-03 20:22:25,541 [pool-383-thread-1] INFO  server.RaftServerConfigKeys (ConfUtils.java:logGet(43)) - raft.server.log.write.buffer.size = 33554432 (custom)
2019-10-03 20:22:25,541 [pool-383-thread-1] INFO  server.RaftServerConfigKeys (ConfUtils.java:logGet(43)) - raft.server.log.force.sync.num = 128 (default)
2019-10-03 20:22:25,541 [pool-383-thread-1] INFO  server.RaftServerConfigKeys (ConfUtils.java:logGet(43)) - raft.server.log.statemachine.data.sync = true (default)
2019-10-03 20:22:25,542 [pool-383-thread-1] INFO  server.RaftServerConfigKeys (ConfUtils.java:logGet(43)) - raft.server.log.statemachine.data.sync.timeout = 10s (default)
2019-10-03 20:22:25,542 [pool-383-thread-1] INFO  server.RaftServerConfigKeys (ConfUtils.java:logGet(43)) - raft.server.log.statemachine.data.sync.timeout.retry = -1 (default)
2019-10-03 20:22:25,542 [pool-383-thread-1] INFO  server.RaftServerConfigKeys (ConfUtils.java:logGet(43)) - raft.server.log.statemachine.data.caching.enabled = true (custom)
2019-10-03 20:22:25,542 [pool-383-thread-1] INFO  segmented.SegmentedRaftLogWorker (SegmentedRaftLogWorker.java:lambda$new$0(128)) - 0b33b14d-c869-4690-a2ea-3942a914e80a@group-FD6D1D328C56-SegmentedRaftLogWorker: flushIndex: setUnconditionally 0 -> -1
2019-10-03 20:22:25,543 [pool-383-thread-1] INFO  server.RaftServerConfigKeys (ConfUtils.java:logGet(43)) - raft.server.snapshot.auto.trigger.enabled = true (custom)
2019-10-03 20:22:25,543 [pool-383-thread-1] INFO  server.RaftServerConfigKeys (ConfUtils.java:logGet(43)) - raft.server.snapshot.auto.trigger.threshold = 10000 (custom)
2019-10-03 20:22:25,543 [pool-383-thread-1] INFO  server.RaftServerConfigKeys (ConfUtils.java:logGet(43)) - raft.server.snapshot.retention.file.num = 5 (custom)
2019-10-03 20:22:25,543 [pool-383-thread-1] INFO  server.RaftServerConfigKeys (ConfUtils.java:logGet(43)) - raft.server.retrycache.expirytime = 600000ms (custom)
2019-10-03 20:22:25,545 [pool-383-thread-1] INFO  impl.RaftServerImpl (RaftServerImpl.java:start(181)) - 0b33b14d-c869-4690-a2ea-3942a914e80a@group-FD6D1D328C56: start as a follower, conf=-1: [0b33b14d-c869-4690-a2ea-3942a914e80a:192.168.30.7:43773], old=null
2019-10-03 20:22:25,545 [pool-383-thread-1] INFO  impl.RaftServerImpl (RaftServerImpl.java:setRole(170)) - 0b33b14d-c869-4690-a2ea-3942a914e80a@group-FD6D1D328C56: changes role from      null to FOLLOWER at term 0 for startAsFollower
2019-10-03 20:22:25,545 [pool-383-thread-1] INFO  impl.RoleInfo (RoleInfo.java:updateAndGet(143)) - 0b33b14d-c869-4690-a2ea-3942a914e80a: start FollowerState
2019-10-03 20:22:25,545 [pool-383-thread-1] INFO  util.JmxRegister (JmxRegister.java:tryRegister(44)) - Successfully registered JMX Bean with object name Ratis:service=RaftServer,group=group-FD6D1D328C56,id=0b33b14d-c869-4690-a2ea-3942a914e80a
2019-10-03 20:22:25,549 [RatisPipelineUtilsThread] INFO  pipeline.PipelineStateManager (PipelineStateManager.java:addPipeline(56)) - Created pipeline Pipeline[ Id: 662142cb-8d97-4290-8710-fd6d1d328c56, Nodes: 0b33b14d-c869-4690-a2ea-3942a914e80a{ip: 192.168.30.7, host: pr-hdds-2230-vt4bl-2581040744, networkLocation: /default-rack, certSerialId: null}, Type:RATIS, Factor:ONE, State:OPEN]
2019-10-03 20:22:25,559 [grpc-default-executor-4] INFO  impl.RaftServerProxy (RaftServerProxy.java:addNew(89)) - e79412df-6cad-4ff9-9624-3cbff68b4f9f: addNew group-A2EC2F2B30E6:[e79412df-6cad-4ff9-9624-3cbff68b4f9f:192.168.30.7:40307] returns group-A2EC2F2B30E6:java.util.concurrent.CompletableFuture@5aef62b3[Not completed]
2019-10-03 20:22:25,561 [pool-393-thread-1] INFO  impl.RaftServerImpl (RaftServerImpl.java:<init>(95)) - e79412df-6cad-4ff9-9624-3cbff68b4f9f: new RaftServerImpl for group-A2EC2F2B30E6:[e79412df-6cad-4ff9-9624-3cbff68b4f9f:192.168.30.7:40307] with ContainerStateMachine:uninitialized
2019-10-03 20:22:25,561 [pool-393-thread-1] INFO  server.RaftServerConfigKeys (ConfUtils.java:logGet(43)) - raft.server.rpc.timeout.min = 5s (custom)
2019-10-03 20:22:25,561 [pool-393-thread-1] INFO  server.RaftServerConfigKeys (ConfUtils.java:logGet(43)) - raft.server.rpc.timeout.max = 5200ms (custom)
2019-10-03 20:22:25,561 [pool-393-thread-1] INFO  server.RaftServerConfigKeys (ConfUtils.java:logGet(43)) - raft.server.rpcslowness.timeout = 120s (custom)
2019-10-03 20:22:25,561 [pool-393-thread-1] INFO  server.RaftServerConfigKeys (ConfUtils.java:logGet(43)) - raft.server.sleep.deviation.threshold = 300 (default)
2019-10-03 20:22:25,561 [pool-393-thread-1] INFO  server.RaftServerConfigKeys (ConfUtils.java:logGet(43)) - raft.server.log.appender.install.snapshot.enabled = false (custom)
2019-10-03 20:22:25,561 [pool-393-thread-1] INFO  impl.RaftServerImpl (ServerState.java:<init>(103)) - e79412df-6cad-4ff9-9624-3cbff68b4f9f@group-A2EC2F2B30E6: ConfigurationManager, init=-1: [e79412df-6cad-4ff9-9624-3cbff68b4f9f:192.168.30.7:40307], old=null, confs=<EMPTY_MAP>
2019-10-03 20:22:25,562 [pool-393-thread-1] INFO  server.RaftServerConfigKeys (ConfUtils.java:logGet(43)) - raft.server.storage.dir = [/workdir/hadoop-ozone/integration-test/target/test-dir/MiniOzoneClusterImpl-c26a5b86-160b-4e95-9b08-3e18975a4a6e/datanode-1/data/ratis] (custom)
2019-10-03 20:22:25,562 [pool-393-thread-1] INFO  server.RaftServerConfigKeys (ConfUtils.java:logGet(43)) - raft.server.log.corruption.policy = EXCEPTION (default)
2019-10-03 20:22:25,562 [pool-393-thread-1] INFO  storage.RaftStorageDirectory (RaftStorageDirectory.java:analyzeStorage(246)) - The storage directory /workdir/hadoop-ozone/integration-test/target/test-dir/MiniOzoneClusterImpl-c26a5b86-160b-4e95-9b08-3e18975a4a6e/datanode-1/data/ratis/66a696c4-7112-4ea3-864b-a2ec2f2b30e6 does not exist. Creating ...
2019-10-03 20:22:25,586 [pool-393-thread-1] INFO  storage.RaftStorageDirectory (RaftStorageDirectory.java:tryLock(328)) - Lock on /workdir/hadoop-ozone/integration-test/target/test-dir/MiniOzoneClusterImpl-c26a5b86-160b-4e95-9b08-3e18975a4a6e/datanode-1/data/ratis/66a696c4-7112-4ea3-864b-a2ec2f2b30e6/in_use.lock acquired by nodename 12499@pr-hdds-2230-vt4bl-2581040744
2019-10-03 20:22:25,609 [pool-393-thread-1] INFO  storage.RaftStorage (RaftStorage.java:format(84)) - Storage directory /workdir/hadoop-ozone/integration-test/target/test-dir/MiniOzoneClusterImpl-c26a5b86-160b-4e95-9b08-3e18975a4a6e/datanode-1/data/ratis/66a696c4-7112-4ea3-864b-a2ec2f2b30e6 has been successfully formatted.
2019-10-03 20:22:25,610 [pool-393-thread-1] INFO  ratis.ContainerStateMachine (ContainerStateMachine.java:loadSnapshot(230)) - group-A2EC2F2B30E6: The snapshot info is null. Setting the last applied indexto:(t:0, i:~)
2019-10-03 20:22:25,610 [pool-393-thread-1] INFO  server.RaftServerConfigKeys (ConfUtils.java:logGet(43)) - raft.server.notification.no-leader.timeout = 120s (custom)
2019-10-03 20:22:25,610 [pool-393-thread-1] INFO  server.RaftServerConfigKeys (ConfUtils.java:logGet(43)) - raft.server.log.use.memory = false (default)
2019-10-03 20:22:25,610 [pool-393-thread-1] INFO  server.RaftServerConfigKeys (ConfUtils.java:logGet(43)) - raft.server.log.purge.gap = 1000000 (custom)
2019-10-03 20:22:25,610 [pool-393-thread-1] INFO  server.RaftServerConfigKeys (ConfUtils.java:logGet(43)) - raft.server.log.appender.buffer.byte-limit = 33554432 (custom)
2019-10-03 20:22:25,610 [pool-393-thread-1] INFO  server.RaftServerConfigKeys (ConfUtils.java:logGet(43)) - raft.server.log.segment.size.max = 1048576 (custom)
2019-10-03 20:22:25,612 [pool-393-thread-1] INFO  server.RaftServerConfigKeys (ConfUtils.java:logGet(43)) - raft.server.log.segment.cache.num.max = 2 (custom)
2019-10-03 20:22:25,612 [pool-393-thread-1] INFO  segmented.SegmentedRaftLogWorker (SegmentedRaftLogWorker.java:<init>(173)) - new e79412df-6cad-4ff9-9624-3cbff68b4f9f@group-A2EC2F2B30E6-SegmentedRaftLogWorker for RaftStorage:Storage Directory /workdir/hadoop-ozone/integration-test/target/test-dir/MiniOzoneClusterImpl-c26a5b86-160b-4e95-9b08-3e18975a4a6e/datanode-1/data/ratis/66a696c4-7112-4ea3-864b-a2ec2f2b30e6
2019-10-03 20:22:25,612 [pool-393-thread-1] INFO  server.RaftServerConfigKeys (ConfUtils.java:logGet(43)) - raft.server.log.queue.byte-limit = 2147483647 (custom)
2019-10-03 20:22:25,612 [pool-393-thread-1] INFO  server.RaftServerConfigKeys (ConfUtils.java:logGet(43)) - raft.server.log.queue.element-limit = 1024 (custom)
2019-10-03 20:22:25,612 [pool-393-thread-1] INFO  server.RaftServerConfigKeys (ConfUtils.java:logGet(43)) - raft.server.log.segment.size.max = 1048576 (custom)
2019-10-03 20:22:25,612 [pool-393-thread-1] INFO  server.RaftServerConfigKeys (ConfUtils.java:logGet(43)) - raft.server.log.preallocated.size = 16384 (custom)
2019-10-03 20:22:25,612 [pool-393-thread-1] INFO  server.RaftServerConfigKeys (ConfUtils.java:logGet(43)) - raft.server.log.write.buffer.size = 33554432 (custom)
2019-10-03 20:22:25,612 [pool-393-thread-1] INFO  server.RaftServerConfigKeys (ConfUtils.java:logGet(43)) - raft.server.log.force.sync.num = 128 (default)
2019-10-03 20:22:25,612 [pool-393-thread-1] INFO  server.RaftServerConfigKeys (ConfUtils.java:logGet(43)) - raft.server.log.statemachine.data.sync = true (default)
2019-10-03 20:22:25,613 [pool-393-thread-1] INFO  server.RaftServerConfigKeys (ConfUtils.java:logGet(43)) - raft.server.log.statemachine.data.sync.timeout = 10s (default)
2019-10-03 20:22:25,613 [pool-393-thread-1] INFO  server.RaftServerConfigKeys (ConfUtils.java:logGet(43)) - raft.server.log.statemachine.data.sync.timeout.retry = -1 (default)
2019-10-03 20:22:25,613 [pool-393-thread-1] INFO  server.RaftServerConfigKeys (ConfUtils.java:logGet(43)) - raft.server.log.statemachine.data.caching.enabled = true (custom)
2019-10-03 20:22:25,613 [pool-393-thread-1] INFO  segmented.SegmentedRaftLogWorker (SegmentedRaftLogWorker.java:lambda$new$0(128)) - e79412df-6cad-4ff9-9624-3cbff68b4f9f@group-A2EC2F2B30E6-SegmentedRaftLogWorker: flushIndex: setUnconditionally 0 -> -1
2019-10-03 20:22:25,613 [pool-393-thread-1] INFO  server.RaftServerConfigKeys (ConfUtils.java:logGet(43)) - raft.server.snapshot.auto.trigger.enabled = true (custom)
2019-10-03 20:22:25,614 [pool-393-thread-1] INFO  server.RaftServerConfigKeys (ConfUtils.java:logGet(43)) - raft.server.snapshot.auto.trigger.threshold = 10000 (custom)
2019-10-03 20:22:25,614 [pool-393-thread-1] INFO  server.RaftServerConfigKeys (ConfUtils.java:logGet(43)) - raft.server.snapshot.retention.file.num = 5 (custom)
2019-10-03 20:22:25,614 [pool-393-thread-1] INFO  server.RaftServerConfigKeys (ConfUtils.java:logGet(43)) - raft.server.retrycache.expirytime = 600000ms (custom)
2019-10-03 20:22:25,615 [pool-393-thread-1] INFO  impl.RaftServerImpl (RaftServerImpl.java:start(181)) - e79412df-6cad-4ff9-9624-3cbff68b4f9f@group-A2EC2F2B30E6: start as a follower, conf=-1: [e79412df-6cad-4ff9-9624-3cbff68b4f9f:192.168.30.7:40307], old=null
2019-10-03 20:22:25,615 [pool-393-thread-1] INFO  impl.RaftServerImpl (RaftServerImpl.java:setRole(170)) - e79412df-6cad-4ff9-9624-3cbff68b4f9f@group-A2EC2F2B30E6: changes role from      null to FOLLOWER at term 0 for startAsFollower
2019-10-03 20:22:25,615 [pool-393-thread-1] INFO  impl.RoleInfo (RoleInfo.java:updateAndGet(143)) - e79412df-6cad-4ff9-9624-3cbff68b4f9f: start FollowerState
2019-10-03 20:22:25,616 [pool-393-thread-1] INFO  util.JmxRegister (JmxRegister.java:tryRegister(44)) - Successfully registered JMX Bean with object name Ratis:service=RaftServer,group=group-A2EC2F2B30E6,id=e79412df-6cad-4ff9-9624-3cbff68b4f9f
2019-10-03 20:22:25,619 [RatisPipelineUtilsThread] INFO  pipeline.PipelineStateManager (PipelineStateManager.java:addPipeline(56)) - Created pipeline Pipeline[ Id: 66a696c4-7112-4ea3-864b-a2ec2f2b30e6, Nodes: e79412df-6cad-4ff9-9624-3cbff68b4f9f{ip: 192.168.30.7, host: pr-hdds-2230-vt4bl-2581040744, networkLocation: /default-rack, certSerialId: null}, Type:RATIS, Factor:ONE, State:OPEN]
2019-10-03 20:22:25,633 [grpc-default-executor-4] INFO  impl.RaftServerProxy (RaftServerProxy.java:addNew(89)) - 21782bfb-25c9-4d2d-88c9-56014a80f93e: addNew group-3CAB5F898221:[21782bfb-25c9-4d2d-88c9-56014a80f93e:192.168.30.7:43514] returns group-3CAB5F898221:java.util.concurrent.CompletableFuture@475c1429[Not completed]
2019-10-03 20:22:25,635 [pool-423-thread-1] INFO  impl.RaftServerImpl (RaftServerImpl.java:<init>(95)) - 21782bfb-25c9-4d2d-88c9-56014a80f93e: new RaftServerImpl for group-3CAB5F898221:[21782bfb-25c9-4d2d-88c9-56014a80f93e:192.168.30.7:43514] with ContainerStateMachine:uninitialized
2019-10-03 20:22:25,635 [pool-423-thread-1] INFO  server.RaftServerConfigKeys (ConfUtils.java:logGet(43)) - raft.server.rpc.timeout.min = 5s (custom)
2019-10-03 20:22:25,635 [pool-423-thread-1] INFO  server.RaftServerConfigKeys (ConfUtils.java:logGet(43)) - raft.server.rpc.timeout.max = 5200ms (custom)
2019-10-03 20:22:25,635 [pool-423-thread-1] INFO  server.RaftServerConfigKeys (ConfUtils.java:logGet(43)) - raft.server.rpcslowness.timeout = 120s (custom)
2019-10-03 20:22:25,635 [pool-423-thread-1] INFO  server.RaftServerConfigKeys (ConfUtils.java:logGet(43)) - raft.server.sleep.deviation.threshold = 300 (default)
2019-10-03 20:22:25,636 [pool-423-thread-1] INFO  server.RaftServerConfigKeys (ConfUtils.java:logGet(43)) - raft.server.log.appender.install.snapshot.enabled = false (custom)
2019-10-03 20:22:25,636 [pool-423-thread-1] INFO  impl.RaftServerImpl (ServerState.java:<init>(103)) - 21782bfb-25c9-4d2d-88c9-56014a80f93e@group-3CAB5F898221: ConfigurationManager, init=-1: [21782bfb-25c9-4d2d-88c9-56014a80f93e:192.168.30.7:43514], old=null, confs=<EMPTY_MAP>
2019-10-03 20:22:25,636 [pool-423-thread-1] INFO  server.RaftServerConfigKeys (ConfUtils.java:logGet(43)) - raft.server.storage.dir = [/workdir/hadoop-ozone/integration-test/target/test-dir/MiniOzoneClusterImpl-c26a5b86-160b-4e95-9b08-3e18975a4a6e/datanode-4/data/ratis] (custom)
2019-10-03 20:22:25,636 [pool-423-thread-1] INFO  server.RaftServerConfigKeys (ConfUtils.java:logGet(43)) - raft.server.log.corruption.policy = EXCEPTION (default)
2019-10-03 20:22:25,636 [pool-423-thread-1] INFO  storage.RaftStorageDirectory (RaftStorageDirectory.java:analyzeStorage(246)) - The storage directory /workdir/hadoop-ozone/integration-test/target/test-dir/MiniOzoneClusterImpl-c26a5b86-160b-4e95-9b08-3e18975a4a6e/datanode-4/data/ratis/06517574-2171-4476-a17c-3cab5f898221 does not exist. Creating ...
2019-10-03 20:22:25,659 [pool-423-thread-1] INFO  storage.RaftStorageDirectory (RaftStorageDirectory.java:tryLock(328)) - Lock on /workdir/hadoop-ozone/integration-test/target/test-dir/MiniOzoneClusterImpl-c26a5b86-160b-4e95-9b08-3e18975a4a6e/datanode-4/data/ratis/06517574-2171-4476-a17c-3cab5f898221/in_use.lock acquired by nodename 12499@pr-hdds-2230-vt4bl-2581040744
2019-10-03 20:22:25,679 [pool-423-thread-1] INFO  storage.RaftStorage (RaftStorage.java:format(84)) - Storage directory /workdir/hadoop-ozone/integration-test/target/test-dir/MiniOzoneClusterImpl-c26a5b86-160b-4e95-9b08-3e18975a4a6e/datanode-4/data/ratis/06517574-2171-4476-a17c-3cab5f898221 has been successfully formatted.
2019-10-03 20:22:25,679 [pool-423-thread-1] INFO  ratis.ContainerStateMachine (ContainerStateMachine.java:loadSnapshot(230)) - group-3CAB5F898221: The snapshot info is null. Setting the last applied indexto:(t:0, i:~)
2019-10-03 20:22:25,679 [pool-423-thread-1] INFO  server.RaftServerConfigKeys (ConfUtils.java:logGet(43)) - raft.server.notification.no-leader.timeout = 120s (custom)
2019-10-03 20:22:25,679 [pool-423-thread-1] INFO  server.RaftServerConfigKeys (ConfUtils.java:logGet(43)) - raft.server.log.use.memory = false (default)
2019-10-03 20:22:25,679 [pool-423-thread-1] INFO  server.RaftServerConfigKeys (ConfUtils.java:logGet(43)) - raft.server.log.purge.gap = 1000000 (custom)
2019-10-03 20:22:25,679 [pool-423-thread-1] INFO  server.RaftServerConfigKeys (ConfUtils.java:logGet(43)) - raft.server.log.appender.buffer.byte-limit = 33554432 (custom)
2019-10-03 20:22:25,680 [pool-423-thread-1] INFO  server.RaftServerConfigKeys (ConfUtils.java:logGet(43)) - raft.server.log.segment.size.max = 1048576 (custom)
2019-10-03 20:22:25,681 [pool-423-thread-1] INFO  server.RaftServerConfigKeys (ConfUtils.java:logGet(43)) - raft.server.log.segment.cache.num.max = 2 (custom)
2019-10-03 20:22:25,681 [pool-423-thread-1] INFO  segmented.SegmentedRaftLogWorker (SegmentedRaftLogWorker.java:<init>(173)) - new 21782bfb-25c9-4d2d-88c9-56014a80f93e@group-3CAB5F898221-SegmentedRaftLogWorker for RaftStorage:Storage Directory /workdir/hadoop-ozone/integration-test/target/test-dir/MiniOzoneClusterImpl-c26a5b86-160b-4e95-9b08-3e18975a4a6e/datanode-4/data/ratis/06517574-2171-4476-a17c-3cab5f898221
2019-10-03 20:22:25,681 [pool-423-thread-1] INFO  server.RaftServerConfigKeys (ConfUtils.java:logGet(43)) - raft.server.log.queue.byte-limit = 2147483647 (custom)
2019-10-03 20:22:25,682 [pool-423-thread-1] INFO  server.RaftServerConfigKeys (ConfUtils.java:logGet(43)) - raft.server.log.queue.element-limit = 1024 (custom)
2019-10-03 20:22:25,682 [pool-423-thread-1] INFO  server.RaftServerConfigKeys (ConfUtils.java:logGet(43)) - raft.server.log.segment.size.max = 1048576 (custom)
2019-10-03 20:22:25,682 [pool-423-thread-1] INFO  server.RaftServerConfigKeys (ConfUtils.java:logGet(43)) - raft.server.log.preallocated.size = 16384 (custom)
2019-10-03 20:22:25,682 [pool-423-thread-1] INFO  server.RaftServerConfigKeys (ConfUtils.java:logGet(43)) - raft.server.log.write.buffer.size = 33554432 (custom)
2019-10-03 20:22:25,682 [pool-423-thread-1] INFO  server.RaftServerConfigKeys (ConfUtils.java:logGet(43)) - raft.server.log.force.sync.num = 128 (default)
2019-10-03 20:22:25,682 [pool-423-thread-1] INFO  server.RaftServerConfigKeys (ConfUtils.java:logGet(43)) - raft.server.log.statemachine.data.sync = true (default)
2019-10-03 20:22:25,682 [pool-423-thread-1] INFO  server.RaftServerConfigKeys (ConfUtils.java:logGet(43)) - raft.server.log.statemachine.data.sync.timeout = 10s (default)
2019-10-03 20:22:25,682 [pool-423-thread-1] INFO  server.RaftServerConfigKeys (ConfUtils.java:logGet(43)) - raft.server.log.statemachine.data.sync.timeout.retry = -1 (default)
2019-10-03 20:22:25,683 [pool-423-thread-1] INFO  server.RaftServerConfigKeys (ConfUtils.java:logGet(43)) - raft.server.log.statemachine.data.caching.enabled = true (custom)
2019-10-03 20:22:25,683 [pool-423-thread-1] INFO  segmented.SegmentedRaftLogWorker (SegmentedRaftLogWorker.java:lambda$new$0(128)) - 21782bfb-25c9-4d2d-88c9-56014a80f93e@group-3CAB5F898221-SegmentedRaftLogWorker: flushIndex: setUnconditionally 0 -> -1
2019-10-03 20:22:25,683 [pool-423-thread-1] INFO  server.RaftServerConfigKeys (ConfUtils.java:logGet(43)) - raft.server.snapshot.auto.trigger.enabled = true (custom)
2019-10-03 20:22:25,683 [pool-423-thread-1] INFO  server.RaftServerConfigKeys (ConfUtils.java:logGet(43)) - raft.server.snapshot.auto.trigger.threshold = 10000 (custom)
2019-10-03 20:22:25,683 [pool-423-thread-1] INFO  server.RaftServerConfigKeys (ConfUtils.java:logGet(43)) - raft.server.snapshot.retention.file.num = 5 (custom)
2019-10-03 20:22:25,684 [pool-423-thread-1] INFO  server.RaftServerConfigKeys (ConfUtils.java:logGet(43)) - raft.server.retrycache.expirytime = 600000ms (custom)
2019-10-03 20:22:25,685 [pool-423-thread-1] INFO  impl.RaftServerImpl (RaftServerImpl.java:start(181)) - 21782bfb-25c9-4d2d-88c9-56014a80f93e@group-3CAB5F898221: start as a follower, conf=-1: [21782bfb-25c9-4d2d-88c9-56014a80f93e:192.168.30.7:43514], old=null
2019-10-03 20:22:25,685 [pool-423-thread-1] INFO  impl.RaftServerImpl (RaftServerImpl.java:setRole(170)) - 21782bfb-25c9-4d2d-88c9-56014a80f93e@group-3CAB5F898221: changes role from      null to FOLLOWER at term 0 for startAsFollower
2019-10-03 20:22:25,685 [pool-423-thread-1] INFO  impl.RoleInfo (RoleInfo.java:updateAndGet(143)) - 21782bfb-25c9-4d2d-88c9-56014a80f93e: start FollowerState
2019-10-03 20:22:25,686 [pool-423-thread-1] INFO  util.JmxRegister (JmxRegister.java:tryRegister(44)) - Successfully registered JMX Bean with object name Ratis:service=RaftServer,group=group-3CAB5F898221,id=21782bfb-25c9-4d2d-88c9-56014a80f93e
2019-10-03 20:22:25,689 [RatisPipelineUtilsThread] INFO  pipeline.PipelineStateManager (PipelineStateManager.java:addPipeline(56)) - Created pipeline Pipeline[ Id: 06517574-2171-4476-a17c-3cab5f898221, Nodes: 21782bfb-25c9-4d2d-88c9-56014a80f93e{ip: 192.168.30.7, host: pr-hdds-2230-vt4bl-2581040744, networkLocation: /default-rack, certSerialId: null}, Type:RATIS, Factor:ONE, State:OPEN]
2019-10-03 20:22:25,696 [grpc-default-executor-4] INFO  impl.RaftServerProxy (RaftServerProxy.java:addNew(89)) - d3a020a3-99ea-4855-a3b5-cd161cda6181: addNew group-1537564DA67E:[d3a020a3-99ea-4855-a3b5-cd161cda6181:192.168.30.7:38302] returns group-1537564DA67E:java.util.concurrent.CompletableFuture@5eef746b[Not completed]
2019-10-03 20:22:25,697 [pool-433-thread-1] INFO  impl.RaftServerImpl (RaftServerImpl.java:<init>(95)) - d3a020a3-99ea-4855-a3b5-cd161cda6181: new RaftServerImpl for group-1537564DA67E:[d3a020a3-99ea-4855-a3b5-cd161cda6181:192.168.30.7:38302] with ContainerStateMachine:uninitialized
2019-10-03 20:22:25,697 [pool-433-thread-1] INFO  server.RaftServerConfigKeys (ConfUtils.java:logGet(43)) - raft.server.rpc.timeout.min = 5s (custom)
2019-10-03 20:22:25,697 [pool-433-thread-1] INFO  server.RaftServerConfigKeys (ConfUtils.java:logGet(43)) - raft.server.rpc.timeout.max = 5200ms (custom)
2019-10-03 20:22:25,697 [pool-433-thread-1] INFO  server.RaftServerConfigKeys (ConfUtils.java:logGet(43)) - raft.server.rpcslowness.timeout = 120s (custom)
2019-10-03 20:22:25,697 [pool-433-thread-1] INFO  server.RaftServerConfigKeys (ConfUtils.java:logGet(43)) - raft.server.sleep.deviation.threshold = 300 (default)
2019-10-03 20:22:25,697 [pool-433-thread-1] INFO  server.RaftServerConfigKeys (ConfUtils.java:logGet(43)) - raft.server.log.appender.install.snapshot.enabled = false (custom)
2019-10-03 20:22:25,697 [pool-433-thread-1] INFO  impl.RaftServerImpl (ServerState.java:<init>(103)) - d3a020a3-99ea-4855-a3b5-cd161cda6181@group-1537564DA67E: ConfigurationManager, init=-1: [d3a020a3-99ea-4855-a3b5-cd161cda6181:192.168.30.7:38302], old=null, confs=<EMPTY_MAP>
2019-10-03 20:22:25,697 [pool-433-thread-1] INFO  server.RaftServerConfigKeys (ConfUtils.java:logGet(43)) - raft.server.storage.dir = [/workdir/hadoop-ozone/integration-test/target/test-dir/MiniOzoneClusterImpl-c26a5b86-160b-4e95-9b08-3e18975a4a6e/datanode-5/data/ratis] (custom)
2019-10-03 20:22:25,698 [pool-433-thread-1] INFO  server.RaftServerConfigKeys (ConfUtils.java:logGet(43)) - raft.server.log.corruption.policy = EXCEPTION (default)
2019-10-03 20:22:25,698 [pool-433-thread-1] INFO  storage.RaftStorageDirectory (RaftStorageDirectory.java:analyzeStorage(246)) - The storage directory /workdir/hadoop-ozone/integration-test/target/test-dir/MiniOzoneClusterImpl-c26a5b86-160b-4e95-9b08-3e18975a4a6e/datanode-5/data/ratis/6fe356dc-ecef-4a09-8f7a-1537564da67e does not exist. Creating ...
2019-10-03 20:22:25,721 [pool-433-thread-1] INFO  storage.RaftStorageDirectory (RaftStorageDirectory.java:tryLock(328)) - Lock on /workdir/hadoop-ozone/integration-test/target/test-dir/MiniOzoneClusterImpl-c26a5b86-160b-4e95-9b08-3e18975a4a6e/datanode-5/data/ratis/6fe356dc-ecef-4a09-8f7a-1537564da67e/in_use.lock acquired by nodename 12499@pr-hdds-2230-vt4bl-2581040744
2019-10-03 20:22:25,743 [pool-433-thread-1] INFO  storage.RaftStorage (RaftStorage.java:format(84)) - Storage directory /workdir/hadoop-ozone/integration-test/target/test-dir/MiniOzoneClusterImpl-c26a5b86-160b-4e95-9b08-3e18975a4a6e/datanode-5/data/ratis/6fe356dc-ecef-4a09-8f7a-1537564da67e has been successfully formatted.
2019-10-03 20:22:25,743 [pool-433-thread-1] INFO  ratis.ContainerStateMachine (ContainerStateMachine.java:loadSnapshot(230)) - group-1537564DA67E: The snapshot info is null. Setting the last applied indexto:(t:0, i:~)
2019-10-03 20:22:25,744 [pool-433-thread-1] INFO  server.RaftServerConfigKeys (ConfUtils.java:logGet(43)) - raft.server.notification.no-leader.timeout = 120s (custom)
2019-10-03 20:22:25,744 [pool-433-thread-1] INFO  server.RaftServerConfigKeys (ConfUtils.java:logGet(43)) - raft.server.log.use.memory = false (default)
2019-10-03 20:22:25,744 [pool-433-thread-1] INFO  server.RaftServerConfigKeys (ConfUtils.java:logGet(43)) - raft.server.log.purge.gap = 1000000 (custom)
2019-10-03 20:22:25,744 [pool-433-thread-1] INFO  server.RaftServerConfigKeys (ConfUtils.java:logGet(43)) - raft.server.log.appender.buffer.byte-limit = 33554432 (custom)
2019-10-03 20:22:25,744 [pool-433-thread-1] INFO  server.RaftServerConfigKeys (ConfUtils.java:logGet(43)) - raft.server.log.segment.size.max = 1048576 (custom)
2019-10-03 20:22:25,745 [pool-433-thread-1] INFO  server.RaftServerConfigKeys (ConfUtils.java:logGet(43)) - raft.server.log.segment.cache.num.max = 2 (custom)
2019-10-03 20:22:25,746 [pool-433-thread-1] INFO  segmented.SegmentedRaftLogWorker (SegmentedRaftLogWorker.java:<init>(173)) - new d3a020a3-99ea-4855-a3b5-cd161cda6181@group-1537564DA67E-SegmentedRaftLogWorker for RaftStorage:Storage Directory /workdir/hadoop-ozone/integration-test/target/test-dir/MiniOzoneClusterImpl-c26a5b86-160b-4e95-9b08-3e18975a4a6e/datanode-5/data/ratis/6fe356dc-ecef-4a09-8f7a-1537564da67e
2019-10-03 20:22:25,746 [pool-433-thread-1] INFO  server.RaftServerConfigKeys (ConfUtils.java:logGet(43)) - raft.server.log.queue.byte-limit = 2147483647 (custom)
2019-10-03 20:22:25,746 [pool-433-thread-1] INFO  server.RaftServerConfigKeys (ConfUtils.java:logGet(43)) - raft.server.log.queue.element-limit = 1024 (custom)
2019-10-03 20:22:25,746 [pool-433-thread-1] INFO  server.RaftServerConfigKeys (ConfUtils.java:logGet(43)) - raft.server.log.segment.size.max = 1048576 (custom)
2019-10-03 20:22:25,746 [pool-433-thread-1] INFO  server.RaftServerConfigKeys (ConfUtils.java:logGet(43)) - raft.server.log.preallocated.size = 16384 (custom)
2019-10-03 20:22:25,746 [pool-433-thread-1] INFO  server.RaftServerConfigKeys (ConfUtils.java:logGet(43)) - raft.server.log.write.buffer.size = 33554432 (custom)
2019-10-03 20:22:25,746 [pool-433-thread-1] INFO  server.RaftServerConfigKeys (ConfUtils.java:logGet(43)) - raft.server.log.force.sync.num = 128 (default)
2019-10-03 20:22:25,746 [pool-433-thread-1] INFO  server.RaftServerConfigKeys (ConfUtils.java:logGet(43)) - raft.server.log.statemachine.data.sync = true (default)
2019-10-03 20:22:25,746 [pool-433-thread-1] INFO  server.RaftServerConfigKeys (ConfUtils.java:logGet(43)) - raft.server.log.statemachine.data.sync.timeout = 10s (default)
2019-10-03 20:22:25,746 [pool-433-thread-1] INFO  server.RaftServerConfigKeys (ConfUtils.java:logGet(43)) - raft.server.log.statemachine.data.sync.timeout.retry = -1 (default)
2019-10-03 20:22:25,747 [pool-433-thread-1] INFO  server.RaftServerConfigKeys (ConfUtils.java:logGet(43)) - raft.server.log.statemachine.data.caching.enabled = true (custom)
2019-10-03 20:22:25,747 [pool-433-thread-1] INFO  segmented.SegmentedRaftLogWorker (SegmentedRaftLogWorker.java:lambda$new$0(128)) - d3a020a3-99ea-4855-a3b5-cd161cda6181@group-1537564DA67E-SegmentedRaftLogWorker: flushIndex: setUnconditionally 0 -> -1
2019-10-03 20:22:25,747 [pool-433-thread-1] INFO  server.RaftServerConfigKeys (ConfUtils.java:logGet(43)) - raft.server.snapshot.auto.trigger.enabled = true (custom)
2019-10-03 20:22:25,747 [pool-433-thread-1] INFO  server.RaftServerConfigKeys (ConfUtils.java:logGet(43)) - raft.server.snapshot.auto.trigger.threshold = 10000 (custom)
2019-10-03 20:22:25,747 [pool-433-thread-1] INFO  server.RaftServerConfigKeys (ConfUtils.java:logGet(43)) - raft.server.snapshot.retention.file.num = 5 (custom)
2019-10-03 20:22:25,747 [pool-433-thread-1] INFO  server.RaftServerConfigKeys (ConfUtils.java:logGet(43)) - raft.server.retrycache.expirytime = 600000ms (custom)
2019-10-03 20:22:25,748 [pool-433-thread-1] INFO  impl.RaftServerImpl (RaftServerImpl.java:start(181)) - d3a020a3-99ea-4855-a3b5-cd161cda6181@group-1537564DA67E: start as a follower, conf=-1: [d3a020a3-99ea-4855-a3b5-cd161cda6181:192.168.30.7:38302], old=null
2019-10-03 20:22:25,749 [pool-433-thread-1] INFO  impl.RaftServerImpl (RaftServerImpl.java:setRole(170)) - d3a020a3-99ea-4855-a3b5-cd161cda6181@group-1537564DA67E: changes role from      null to FOLLOWER at term 0 for startAsFollower
2019-10-03 20:22:25,749 [pool-433-thread-1] INFO  impl.RoleInfo (RoleInfo.java:updateAndGet(143)) - d3a020a3-99ea-4855-a3b5-cd161cda6181: start FollowerState
2019-10-03 20:22:25,749 [pool-433-thread-1] INFO  util.JmxRegister (JmxRegister.java:tryRegister(44)) - Successfully registered JMX Bean with object name Ratis:service=RaftServer,group=group-1537564DA67E,id=d3a020a3-99ea-4855-a3b5-cd161cda6181
2019-10-03 20:22:25,752 [RatisPipelineUtilsThread] INFO  pipeline.PipelineStateManager (PipelineStateManager.java:addPipeline(56)) - Created pipeline Pipeline[ Id: 6fe356dc-ecef-4a09-8f7a-1537564da67e, Nodes: d3a020a3-99ea-4855-a3b5-cd161cda6181{ip: 192.168.30.7, host: pr-hdds-2230-vt4bl-2581040744, networkLocation: /default-rack, certSerialId: null}, Type:RATIS, Factor:ONE, State:OPEN]
2019-10-03 20:22:25,758 [grpc-default-executor-4] INFO  impl.RaftServerProxy (RaftServerProxy.java:addNew(89)) - 290608db-2fe0-4740-9352-ab16bc8555e9: addNew group-178C156DE9F9:[290608db-2fe0-4740-9352-ab16bc8555e9:192.168.30.7:44302] returns group-178C156DE9F9:java.util.concurrent.CompletableFuture@1a23580b[Not completed]
2019-10-03 20:22:25,761 [pool-413-thread-1] INFO  impl.RaftServerImpl (RaftServerImpl.java:<init>(95)) - 290608db-2fe0-4740-9352-ab16bc8555e9: new RaftServerImpl for group-178C156DE9F9:[290608db-2fe0-4740-9352-ab16bc8555e9:192.168.30.7:44302] with ContainerStateMachine:uninitialized
2019-10-03 20:22:25,761 [pool-413-thread-1] INFO  server.RaftServerConfigKeys (ConfUtils.java:logGet(43)) - raft.server.rpc.timeout.min = 5s (custom)
2019-10-03 20:22:25,761 [pool-413-thread-1] INFO  server.RaftServerConfigKeys (ConfUtils.java:logGet(43)) - raft.server.rpc.timeout.max = 5200ms (custom)
2019-10-03 20:22:25,761 [pool-413-thread-1] INFO  server.RaftServerConfigKeys (ConfUtils.java:logGet(43)) - raft.server.rpcslowness.timeout = 120s (custom)
2019-10-03 20:22:25,761 [pool-413-thread-1] INFO  server.RaftServerConfigKeys (ConfUtils.java:logGet(43)) - raft.server.sleep.deviation.threshold = 300 (default)
2019-10-03 20:22:25,761 [pool-413-thread-1] INFO  server.RaftServerConfigKeys (ConfUtils.java:logGet(43)) - raft.server.log.appender.install.snapshot.enabled = false (custom)
2019-10-03 20:22:25,762 [pool-413-thread-1] INFO  impl.RaftServerImpl (ServerState.java:<init>(103)) - 290608db-2fe0-4740-9352-ab16bc8555e9@group-178C156DE9F9: ConfigurationManager, init=-1: [290608db-2fe0-4740-9352-ab16bc8555e9:192.168.30.7:44302], old=null, confs=<EMPTY_MAP>
2019-10-03 20:22:25,762 [pool-413-thread-1] INFO  server.RaftServerConfigKeys (ConfUtils.java:logGet(43)) - raft.server.storage.dir = [/workdir/hadoop-ozone/integration-test/target/test-dir/MiniOzoneClusterImpl-c26a5b86-160b-4e95-9b08-3e18975a4a6e/datanode-3/data/ratis] (custom)
2019-10-03 20:22:25,762 [pool-413-thread-1] INFO  server.RaftServerConfigKeys (ConfUtils.java:logGet(43)) - raft.server.log.corruption.policy = EXCEPTION (default)
2019-10-03 20:22:25,762 [pool-413-thread-1] INFO  storage.RaftStorageDirectory (RaftStorageDirectory.java:analyzeStorage(246)) - The storage directory /workdir/hadoop-ozone/integration-test/target/test-dir/MiniOzoneClusterImpl-c26a5b86-160b-4e95-9b08-3e18975a4a6e/datanode-3/data/ratis/94719098-a667-49e0-85dc-178c156de9f9 does not exist. Creating ...
2019-10-03 20:22:25,806 [pool-413-thread-1] INFO  storage.RaftStorageDirectory (RaftStorageDirectory.java:tryLock(328)) - Lock on /workdir/hadoop-ozone/integration-test/target/test-dir/MiniOzoneClusterImpl-c26a5b86-160b-4e95-9b08-3e18975a4a6e/datanode-3/data/ratis/94719098-a667-49e0-85dc-178c156de9f9/in_use.lock acquired by nodename 12499@pr-hdds-2230-vt4bl-2581040744
2019-10-03 20:22:25,851 [pool-413-thread-1] INFO  storage.RaftStorage (RaftStorage.java:format(84)) - Storage directory /workdir/hadoop-ozone/integration-test/target/test-dir/MiniOzoneClusterImpl-c26a5b86-160b-4e95-9b08-3e18975a4a6e/datanode-3/data/ratis/94719098-a667-49e0-85dc-178c156de9f9 has been successfully formatted.
2019-10-03 20:22:25,851 [pool-413-thread-1] INFO  ratis.ContainerStateMachine (ContainerStateMachine.java:loadSnapshot(230)) - group-178C156DE9F9: The snapshot info is null. Setting the last applied indexto:(t:0, i:~)
2019-10-03 20:22:25,852 [pool-413-thread-1] INFO  server.RaftServerConfigKeys (ConfUtils.java:logGet(43)) - raft.server.notification.no-leader.timeout = 120s (custom)
2019-10-03 20:22:25,852 [pool-413-thread-1] INFO  server.RaftServerConfigKeys (ConfUtils.java:logGet(43)) - raft.server.log.use.memory = false (default)
2019-10-03 20:22:25,852 [pool-413-thread-1] INFO  server.RaftServerConfigKeys (ConfUtils.java:logGet(43)) - raft.server.log.purge.gap = 1000000 (custom)
2019-10-03 20:22:25,852 [pool-413-thread-1] INFO  server.RaftServerConfigKeys (ConfUtils.java:logGet(43)) - raft.server.log.appender.buffer.byte-limit = 33554432 (custom)
2019-10-03 20:22:25,852 [pool-413-thread-1] INFO  server.RaftServerConfigKeys (ConfUtils.java:logGet(43)) - raft.server.log.segment.size.max = 1048576 (custom)
2019-10-03 20:22:25,854 [pool-413-thread-1] INFO  server.RaftServerConfigKeys (ConfUtils.java:logGet(43)) - raft.server.log.segment.cache.num.max = 2 (custom)
2019-10-03 20:22:25,854 [pool-413-thread-1] INFO  segmented.SegmentedRaftLogWorker (SegmentedRaftLogWorker.java:<init>(173)) - new 290608db-2fe0-4740-9352-ab16bc8555e9@group-178C156DE9F9-SegmentedRaftLogWorker for RaftStorage:Storage Directory /workdir/hadoop-ozone/integration-test/target/test-dir/MiniOzoneClusterImpl-c26a5b86-160b-4e95-9b08-3e18975a4a6e/datanode-3/data/ratis/94719098-a667-49e0-85dc-178c156de9f9
2019-10-03 20:22:25,854 [pool-413-thread-1] INFO  server.RaftServerConfigKeys (ConfUtils.java:logGet(43)) - raft.server.log.queue.byte-limit = 2147483647 (custom)
2019-10-03 20:22:25,854 [pool-413-thread-1] INFO  server.RaftServerConfigKeys (ConfUtils.java:logGet(43)) - raft.server.log.queue.element-limit = 1024 (custom)
2019-10-03 20:22:25,854 [pool-413-thread-1] INFO  server.RaftServerConfigKeys (ConfUtils.java:logGet(43)) - raft.server.log.segment.size.max = 1048576 (custom)
2019-10-03 20:22:25,855 [pool-413-thread-1] INFO  server.RaftServerConfigKeys (ConfUtils.java:logGet(43)) - raft.server.log.preallocated.size = 16384 (custom)
2019-10-03 20:22:25,855 [pool-413-thread-1] INFO  server.RaftServerConfigKeys (ConfUtils.java:logGet(43)) - raft.server.log.write.buffer.size = 33554432 (custom)
2019-10-03 20:22:25,855 [pool-413-thread-1] INFO  server.RaftServerConfigKeys (ConfUtils.java:logGet(43)) - raft.server.log.force.sync.num = 128 (default)
2019-10-03 20:22:25,855 [pool-413-thread-1] INFO  server.RaftServerConfigKeys (ConfUtils.java:logGet(43)) - raft.server.log.statemachine.data.sync = true (default)
2019-10-03 20:22:25,855 [pool-413-thread-1] INFO  server.RaftServerConfigKeys (ConfUtils.java:logGet(43)) - raft.server.log.statemachine.data.sync.timeout = 10s (default)
2019-10-03 20:22:25,855 [pool-413-thread-1] INFO  server.RaftServerConfigKeys (ConfUtils.java:logGet(43)) - raft.server.log.statemachine.data.sync.timeout.retry = -1 (default)
2019-10-03 20:22:25,856 [pool-413-thread-1] INFO  server.RaftServerConfigKeys (ConfUtils.java:logGet(43)) - raft.server.log.statemachine.data.caching.enabled = true (custom)
2019-10-03 20:22:25,856 [pool-413-thread-1] INFO  segmented.SegmentedRaftLogWorker (SegmentedRaftLogWorker.java:lambda$new$0(128)) - 290608db-2fe0-4740-9352-ab16bc8555e9@group-178C156DE9F9-SegmentedRaftLogWorker: flushIndex: setUnconditionally 0 -> -1
2019-10-03 20:22:25,857 [pool-413-thread-1] INFO  server.RaftServerConfigKeys (ConfUtils.java:logGet(43)) - raft.server.snapshot.auto.trigger.enabled = true (custom)
2019-10-03 20:22:25,857 [pool-413-thread-1] INFO  server.RaftServerConfigKeys (ConfUtils.java:logGet(43)) - raft.server.snapshot.auto.trigger.threshold = 10000 (custom)
2019-10-03 20:22:25,857 [pool-413-thread-1] INFO  server.RaftServerConfigKeys (ConfUtils.java:logGet(43)) - raft.server.snapshot.retention.file.num = 5 (custom)
2019-10-03 20:22:25,857 [pool-413-thread-1] INFO  server.RaftServerConfigKeys (ConfUtils.java:logGet(43)) - raft.server.retrycache.expirytime = 600000ms (custom)
2019-10-03 20:22:25,859 [pool-413-thread-1] INFO  impl.RaftServerImpl (RaftServerImpl.java:start(181)) - 290608db-2fe0-4740-9352-ab16bc8555e9@group-178C156DE9F9: start as a follower, conf=-1: [290608db-2fe0-4740-9352-ab16bc8555e9:192.168.30.7:44302], old=null
2019-10-03 20:22:25,859 [pool-413-thread-1] INFO  impl.RaftServerImpl (RaftServerImpl.java:setRole(170)) - 290608db-2fe0-4740-9352-ab16bc8555e9@group-178C156DE9F9: changes role from      null to FOLLOWER at term 0 for startAsFollower
2019-10-03 20:22:25,859 [pool-413-thread-1] INFO  impl.RoleInfo (RoleInfo.java:updateAndGet(143)) - 290608db-2fe0-4740-9352-ab16bc8555e9: start FollowerState
2019-10-03 20:22:25,860 [pool-413-thread-1] INFO  util.JmxRegister (JmxRegister.java:tryRegister(44)) - Successfully registered JMX Bean with object name Ratis:service=RaftServer,group=group-178C156DE9F9,id=290608db-2fe0-4740-9352-ab16bc8555e9
2019-10-03 20:22:25,863 [RatisPipelineUtilsThread] INFO  pipeline.PipelineStateManager (PipelineStateManager.java:addPipeline(56)) - Created pipeline Pipeline[ Id: 94719098-a667-49e0-85dc-178c156de9f9, Nodes: 290608db-2fe0-4740-9352-ab16bc8555e9{ip: 192.168.30.7, host: pr-hdds-2230-vt4bl-2581040744, networkLocation: /default-rack, certSerialId: null}, Type:RATIS, Factor:ONE, State:OPEN]
2019-10-03 20:22:25,869 [grpc-default-executor-4] INFO  impl.RaftServerProxy (RaftServerProxy.java:addNew(89)) - e4843b48-4806-49b2-aad5-7e0b2db51a98: addNew group-FB484B9152C7:[e4843b48-4806-49b2-aad5-7e0b2db51a98:192.168.30.7:32945] returns group-FB484B9152C7:java.util.concurrent.CompletableFuture@8072be3[Not completed]
2019-10-03 20:22:25,870 [pool-403-thread-1] INFO  impl.RaftServerImpl (RaftServerImpl.java:<init>(95)) - e4843b48-4806-49b2-aad5-7e0b2db51a98: new RaftServerImpl for group-FB484B9152C7:[e4843b48-4806-49b2-aad5-7e0b2db51a98:192.168.30.7:32945] with ContainerStateMachine:uninitialized
2019-10-03 20:22:25,870 [pool-403-thread-1] INFO  server.RaftServerConfigKeys (ConfUtils.java:logGet(43)) - raft.server.rpc.timeout.min = 5s (custom)
2019-10-03 20:22:25,870 [pool-403-thread-1] INFO  server.RaftServerConfigKeys (ConfUtils.java:logGet(43)) - raft.server.rpc.timeout.max = 5200ms (custom)
2019-10-03 20:22:25,870 [pool-403-thread-1] INFO  server.RaftServerConfigKeys (ConfUtils.java:logGet(43)) - raft.server.rpcslowness.timeout = 120s (custom)
2019-10-03 20:22:25,871 [pool-403-thread-1] INFO  server.RaftServerConfigKeys (ConfUtils.java:logGet(43)) - raft.server.sleep.deviation.threshold = 300 (default)
2019-10-03 20:22:25,871 [pool-403-thread-1] INFO  server.RaftServerConfigKeys (ConfUtils.java:logGet(43)) - raft.server.log.appender.install.snapshot.enabled = false (custom)
2019-10-03 20:22:25,871 [pool-403-thread-1] INFO  impl.RaftServerImpl (ServerState.java:<init>(103)) - e4843b48-4806-49b2-aad5-7e0b2db51a98@group-FB484B9152C7: ConfigurationManager, init=-1: [e4843b48-4806-49b2-aad5-7e0b2db51a98:192.168.30.7:32945], old=null, confs=<EMPTY_MAP>
2019-10-03 20:22:25,871 [pool-403-thread-1] INFO  server.RaftServerConfigKeys (ConfUtils.java:logGet(43)) - raft.server.storage.dir = [/workdir/hadoop-ozone/integration-test/target/test-dir/MiniOzoneClusterImpl-c26a5b86-160b-4e95-9b08-3e18975a4a6e/datanode-2/data/ratis] (custom)
2019-10-03 20:22:25,871 [pool-403-thread-1] INFO  server.RaftServerConfigKeys (ConfUtils.java:logGet(43)) - raft.server.log.corruption.policy = EXCEPTION (default)
2019-10-03 20:22:25,871 [pool-403-thread-1] INFO  storage.RaftStorageDirectory (RaftStorageDirectory.java:analyzeStorage(246)) - The storage directory /workdir/hadoop-ozone/integration-test/target/test-dir/MiniOzoneClusterImpl-c26a5b86-160b-4e95-9b08-3e18975a4a6e/datanode-2/data/ratis/6bef3556-7c64-4eea-a38b-fb484b9152c7 does not exist. Creating ...
2019-10-03 20:22:25,894 [pool-403-thread-1] INFO  storage.RaftStorageDirectory (RaftStorageDirectory.java:tryLock(328)) - Lock on /workdir/hadoop-ozone/integration-test/target/test-dir/MiniOzoneClusterImpl-c26a5b86-160b-4e95-9b08-3e18975a4a6e/datanode-2/data/ratis/6bef3556-7c64-4eea-a38b-fb484b9152c7/in_use.lock acquired by nodename 12499@pr-hdds-2230-vt4bl-2581040744
2019-10-03 20:22:25,917 [pool-403-thread-1] INFO  storage.RaftStorage (RaftStorage.java:format(84)) - Storage directory /workdir/hadoop-ozone/integration-test/target/test-dir/MiniOzoneClusterImpl-c26a5b86-160b-4e95-9b08-3e18975a4a6e/datanode-2/data/ratis/6bef3556-7c64-4eea-a38b-fb484b9152c7 has been successfully formatted.
2019-10-03 20:22:25,917 [pool-403-thread-1] INFO  ratis.ContainerStateMachine (ContainerStateMachine.java:loadSnapshot(230)) - group-FB484B9152C7: The snapshot info is null. Setting the last applied indexto:(t:0, i:~)
2019-10-03 20:22:25,918 [pool-403-thread-1] INFO  server.RaftServerConfigKeys (ConfUtils.java:logGet(43)) - raft.server.notification.no-leader.timeout = 120s (custom)
2019-10-03 20:22:25,918 [pool-403-thread-1] INFO  server.RaftServerConfigKeys (ConfUtils.java:logGet(43)) - raft.server.log.use.memory = false (default)
2019-10-03 20:22:25,918 [pool-403-thread-1] INFO  server.RaftServerConfigKeys (ConfUtils.java:logGet(43)) - raft.server.log.purge.gap = 1000000 (custom)
2019-10-03 20:22:25,918 [pool-403-thread-1] INFO  server.RaftServerConfigKeys (ConfUtils.java:logGet(43)) - raft.server.log.appender.buffer.byte-limit = 33554432 (custom)
2019-10-03 20:22:25,918 [pool-403-thread-1] INFO  server.RaftServerConfigKeys (ConfUtils.java:logGet(43)) - raft.server.log.segment.size.max = 1048576 (custom)
2019-10-03 20:22:25,920 [pool-403-thread-1] INFO  server.RaftServerConfigKeys (ConfUtils.java:logGet(43)) - raft.server.log.segment.cache.num.max = 2 (custom)
2019-10-03 20:22:25,920 [pool-403-thread-1] INFO  segmented.SegmentedRaftLogWorker (SegmentedRaftLogWorker.java:<init>(173)) - new e4843b48-4806-49b2-aad5-7e0b2db51a98@group-FB484B9152C7-SegmentedRaftLogWorker for RaftStorage:Storage Directory /workdir/hadoop-ozone/integration-test/target/test-dir/MiniOzoneClusterImpl-c26a5b86-160b-4e95-9b08-3e18975a4a6e/datanode-2/data/ratis/6bef3556-7c64-4eea-a38b-fb484b9152c7
2019-10-03 20:22:25,921 [pool-403-thread-1] INFO  server.RaftServerConfigKeys (ConfUtils.java:logGet(43)) - raft.server.log.queue.byte-limit = 2147483647 (custom)
2019-10-03 20:22:25,921 [pool-403-thread-1] INFO  server.RaftServerConfigKeys (ConfUtils.java:logGet(43)) - raft.server.log.queue.element-limit = 1024 (custom)
2019-10-03 20:22:25,921 [pool-403-thread-1] INFO  server.RaftServerConfigKeys (ConfUtils.java:logGet(43)) - raft.server.log.segment.size.max = 1048576 (custom)
2019-10-03 20:22:25,921 [pool-403-thread-1] INFO  server.RaftServerConfigKeys (ConfUtils.java:logGet(43)) - raft.server.log.preallocated.size = 16384 (custom)
2019-10-03 20:22:25,921 [pool-403-thread-1] INFO  server.RaftServerConfigKeys (ConfUtils.java:logGet(43)) - raft.server.log.write.buffer.size = 33554432 (custom)
2019-10-03 20:22:25,921 [pool-403-thread-1] INFO  server.RaftServerConfigKeys (ConfUtils.java:logGet(43)) - raft.server.log.force.sync.num = 128 (default)
2019-10-03 20:22:25,921 [pool-403-thread-1] INFO  server.RaftServerConfigKeys (ConfUtils.java:logGet(43)) - raft.server.log.statemachine.data.sync = true (default)
2019-10-03 20:22:25,922 [pool-403-thread-1] INFO  server.RaftServerConfigKeys (ConfUtils.java:logGet(43)) - raft.server.log.statemachine.data.sync.timeout = 10s (default)
2019-10-03 20:22:25,922 [pool-403-thread-1] INFO  server.RaftServerConfigKeys (ConfUtils.java:logGet(43)) - raft.server.log.statemachine.data.sync.timeout.retry = -1 (default)
2019-10-03 20:22:25,922 [pool-403-thread-1] INFO  server.RaftServerConfigKeys (ConfUtils.java:logGet(43)) - raft.server.log.statemachine.data.caching.enabled = true (custom)
2019-10-03 20:22:25,922 [pool-403-thread-1] INFO  segmented.SegmentedRaftLogWorker (SegmentedRaftLogWorker.java:lambda$new$0(128)) - e4843b48-4806-49b2-aad5-7e0b2db51a98@group-FB484B9152C7-SegmentedRaftLogWorker: flushIndex: setUnconditionally 0 -> -1
2019-10-03 20:22:25,923 [pool-403-thread-1] INFO  server.RaftServerConfigKeys (ConfUtils.java:logGet(43)) - raft.server.snapshot.auto.trigger.enabled = true (custom)
2019-10-03 20:22:25,923 [pool-403-thread-1] INFO  server.RaftServerConfigKeys (ConfUtils.java:logGet(43)) - raft.server.snapshot.auto.trigger.threshold = 10000 (custom)
2019-10-03 20:22:25,923 [pool-403-thread-1] INFO  server.RaftServerConfigKeys (ConfUtils.java:logGet(43)) - raft.server.snapshot.retention.file.num = 5 (custom)
2019-10-03 20:22:25,924 [pool-403-thread-1] INFO  server.RaftServerConfigKeys (ConfUtils.java:logGet(43)) - raft.server.retrycache.expirytime = 600000ms (custom)
2019-10-03 20:22:25,926 [pool-403-thread-1] INFO  impl.RaftServerImpl (RaftServerImpl.java:start(181)) - e4843b48-4806-49b2-aad5-7e0b2db51a98@group-FB484B9152C7: start as a follower, conf=-1: [e4843b48-4806-49b2-aad5-7e0b2db51a98:192.168.30.7:32945], old=null
2019-10-03 20:22:25,926 [pool-403-thread-1] INFO  impl.RaftServerImpl (RaftServerImpl.java:setRole(170)) - e4843b48-4806-49b2-aad5-7e0b2db51a98@group-FB484B9152C7: changes role from      null to FOLLOWER at term 0 for startAsFollower
2019-10-03 20:22:25,926 [pool-403-thread-1] INFO  impl.RoleInfo (RoleInfo.java:updateAndGet(143)) - e4843b48-4806-49b2-aad5-7e0b2db51a98: start FollowerState
2019-10-03 20:22:25,927 [pool-403-thread-1] INFO  util.JmxRegister (JmxRegister.java:tryRegister(44)) - Successfully registered JMX Bean with object name Ratis:service=RaftServer,group=group-FB484B9152C7,id=e4843b48-4806-49b2-aad5-7e0b2db51a98
2019-10-03 20:22:25,931 [RatisPipelineUtilsThread] INFO  pipeline.PipelineStateManager (PipelineStateManager.java:addPipeline(56)) - Created pipeline Pipeline[ Id: 6bef3556-7c64-4eea-a38b-fb484b9152c7, Nodes: e4843b48-4806-49b2-aad5-7e0b2db51a98{ip: 192.168.30.7, host: pr-hdds-2230-vt4bl-2581040744, networkLocation: /default-rack, certSerialId: null}, Type:RATIS, Factor:ONE, State:OPEN]
2019-10-03 20:22:25,938 [grpc-default-executor-4] INFO  impl.RaftServerProxy (RaftServerProxy.java:addNew(89)) - 40a7305f-af30-476b-986a-4ab52d02b5e3: addNew group-CCC8F02C5B90:[40a7305f-af30-476b-986a-4ab52d02b5e3:192.168.30.7:34282] returns group-CCC8F02C5B90:java.util.concurrent.CompletableFuture@7f90b5b9[Not completed]
2019-10-03 20:22:25,939 [pool-443-thread-1] INFO  impl.RaftServerImpl (RaftServerImpl.java:<init>(95)) - 40a7305f-af30-476b-986a-4ab52d02b5e3: new RaftServerImpl for group-CCC8F02C5B90:[40a7305f-af30-476b-986a-4ab52d02b5e3:192.168.30.7:34282] with ContainerStateMachine:uninitialized
2019-10-03 20:22:25,940 [pool-443-thread-1] INFO  server.RaftServerConfigKeys (ConfUtils.java:logGet(43)) - raft.server.rpc.timeout.min = 5s (custom)
2019-10-03 20:22:25,940 [pool-443-thread-1] INFO  server.RaftServerConfigKeys (ConfUtils.java:logGet(43)) - raft.server.rpc.timeout.max = 5200ms (custom)
2019-10-03 20:22:25,940 [pool-443-thread-1] INFO  server.RaftServerConfigKeys (ConfUtils.java:logGet(43)) - raft.server.rpcslowness.timeout = 120s (custom)
2019-10-03 20:22:25,940 [pool-443-thread-1] INFO  server.RaftServerConfigKeys (ConfUtils.java:logGet(43)) - raft.server.sleep.deviation.threshold = 300 (default)
2019-10-03 20:22:25,940 [pool-443-thread-1] INFO  server.RaftServerConfigKeys (ConfUtils.java:logGet(43)) - raft.server.log.appender.install.snapshot.enabled = false (custom)
2019-10-03 20:22:25,940 [pool-443-thread-1] INFO  impl.RaftServerImpl (ServerState.java:<init>(103)) - 40a7305f-af30-476b-986a-4ab52d02b5e3@group-CCC8F02C5B90: ConfigurationManager, init=-1: [40a7305f-af30-476b-986a-4ab52d02b5e3:192.168.30.7:34282], old=null, confs=<EMPTY_MAP>
2019-10-03 20:22:25,940 [pool-443-thread-1] INFO  server.RaftServerConfigKeys (ConfUtils.java:logGet(43)) - raft.server.storage.dir = [/workdir/hadoop-ozone/integration-test/target/test-dir/MiniOzoneClusterImpl-c26a5b86-160b-4e95-9b08-3e18975a4a6e/datanode-6/data/ratis] (custom)
2019-10-03 20:22:25,940 [pool-443-thread-1] INFO  server.RaftServerConfigKeys (ConfUtils.java:logGet(43)) - raft.server.log.corruption.policy = EXCEPTION (default)
2019-10-03 20:22:25,941 [pool-443-thread-1] INFO  storage.RaftStorageDirectory (RaftStorageDirectory.java:analyzeStorage(246)) - The storage directory /workdir/hadoop-ozone/integration-test/target/test-dir/MiniOzoneClusterImpl-c26a5b86-160b-4e95-9b08-3e18975a4a6e/datanode-6/data/ratis/69f203e4-ae0b-428b-9825-ccc8f02c5b90 does not exist. Creating ...
2019-10-03 20:22:25,964 [pool-443-thread-1] INFO  storage.RaftStorageDirectory (RaftStorageDirectory.java:tryLock(328)) - Lock on /workdir/hadoop-ozone/integration-test/target/test-dir/MiniOzoneClusterImpl-c26a5b86-160b-4e95-9b08-3e18975a4a6e/datanode-6/data/ratis/69f203e4-ae0b-428b-9825-ccc8f02c5b90/in_use.lock acquired by nodename 12499@pr-hdds-2230-vt4bl-2581040744
2019-10-03 20:22:25,987 [pool-443-thread-1] INFO  storage.RaftStorage (RaftStorage.java:format(84)) - Storage directory /workdir/hadoop-ozone/integration-test/target/test-dir/MiniOzoneClusterImpl-c26a5b86-160b-4e95-9b08-3e18975a4a6e/datanode-6/data/ratis/69f203e4-ae0b-428b-9825-ccc8f02c5b90 has been successfully formatted.
2019-10-03 20:22:25,988 [pool-443-thread-1] INFO  ratis.ContainerStateMachine (ContainerStateMachine.java:loadSnapshot(230)) - group-CCC8F02C5B90: The snapshot info is null. Setting the last applied indexto:(t:0, i:~)
2019-10-03 20:22:25,988 [pool-443-thread-1] INFO  server.RaftServerConfigKeys (ConfUtils.java:logGet(43)) - raft.server.notification.no-leader.timeout = 120s (custom)
2019-10-03 20:22:25,988 [pool-443-thread-1] INFO  server.RaftServerConfigKeys (ConfUtils.java:logGet(43)) - raft.server.log.use.memory = false (default)
2019-10-03 20:22:25,988 [pool-443-thread-1] INFO  server.RaftServerConfigKeys (ConfUtils.java:logGet(43)) - raft.server.log.purge.gap = 1000000 (custom)
2019-10-03 20:22:25,988 [pool-443-thread-1] INFO  server.RaftServerConfigKeys (ConfUtils.java:logGet(43)) - raft.server.log.appender.buffer.byte-limit = 33554432 (custom)
2019-10-03 20:22:25,989 [pool-443-thread-1] INFO  server.RaftServerConfigKeys (ConfUtils.java:logGet(43)) - raft.server.log.segment.size.max = 1048576 (custom)
2019-10-03 20:22:25,991 [pool-443-thread-1] INFO  server.RaftServerConfigKeys (ConfUtils.java:logGet(43)) - raft.server.log.segment.cache.num.max = 2 (custom)
2019-10-03 20:22:25,991 [pool-443-thread-1] INFO  segmented.SegmentedRaftLogWorker (SegmentedRaftLogWorker.java:<init>(173)) - new 40a7305f-af30-476b-986a-4ab52d02b5e3@group-CCC8F02C5B90-SegmentedRaftLogWorker for RaftStorage:Storage Directory /workdir/hadoop-ozone/integration-test/target/test-dir/MiniOzoneClusterImpl-c26a5b86-160b-4e95-9b08-3e18975a4a6e/datanode-6/data/ratis/69f203e4-ae0b-428b-9825-ccc8f02c5b90
2019-10-03 20:22:25,991 [pool-443-thread-1] INFO  server.RaftServerConfigKeys (ConfUtils.java:logGet(43)) - raft.server.log.queue.byte-limit = 2147483647 (custom)
2019-10-03 20:22:25,991 [pool-443-thread-1] INFO  server.RaftServerConfigKeys (ConfUtils.java:logGet(43)) - raft.server.log.queue.element-limit = 1024 (custom)
2019-10-03 20:22:25,991 [pool-443-thread-1] INFO  server.RaftServerConfigKeys (ConfUtils.java:logGet(43)) - raft.server.log.segment.size.max = 1048576 (custom)
2019-10-03 20:22:25,991 [pool-443-thread-1] INFO  server.RaftServerConfigKeys (ConfUtils.java:logGet(43)) - raft.server.log.preallocated.size = 16384 (custom)
2019-10-03 20:22:25,991 [pool-443-thread-1] INFO  server.RaftServerConfigKeys (ConfUtils.java:logGet(43)) - raft.server.log.write.buffer.size = 33554432 (custom)
2019-10-03 20:22:25,992 [pool-443-thread-1] INFO  server.RaftServerConfigKeys (ConfUtils.java:logGet(43)) - raft.server.log.force.sync.num = 128 (default)
2019-10-03 20:22:25,992 [pool-443-thread-1] INFO  server.RaftServerConfigKeys (ConfUtils.java:logGet(43)) - raft.server.log.statemachine.data.sync = true (default)
2019-10-03 20:22:25,992 [pool-443-thread-1] INFO  server.RaftServerConfigKeys (ConfUtils.java:logGet(43)) - raft.server.log.statemachine.data.sync.timeout = 10s (default)
2019-10-03 20:22:25,992 [pool-443-thread-1] INFO  server.RaftServerConfigKeys (ConfUtils.java:logGet(43)) - raft.server.log.statemachine.data.sync.timeout.retry = -1 (default)
2019-10-03 20:22:25,992 [pool-443-thread-1] INFO  server.RaftServerConfigKeys (ConfUtils.java:logGet(43)) - raft.server.log.statemachine.data.caching.enabled = true (custom)
2019-10-03 20:22:25,993 [pool-443-thread-1] INFO  segmented.SegmentedRaftLogWorker (SegmentedRaftLogWorker.java:lambda$new$0(128)) - 40a7305f-af30-476b-986a-4ab52d02b5e3@group-CCC8F02C5B90-SegmentedRaftLogWorker: flushIndex: setUnconditionally 0 -> -1
2019-10-03 20:22:25,993 [pool-443-thread-1] INFO  server.RaftServerConfigKeys (ConfUtils.java:logGet(43)) - raft.server.snapshot.auto.trigger.enabled = true (custom)
2019-10-03 20:22:25,993 [pool-443-thread-1] INFO  server.RaftServerConfigKeys (ConfUtils.java:logGet(43)) - raft.server.snapshot.auto.trigger.threshold = 10000 (custom)
2019-10-03 20:22:25,993 [pool-443-thread-1] INFO  server.RaftServerConfigKeys (ConfUtils.java:logGet(43)) - raft.server.snapshot.retention.file.num = 5 (custom)
2019-10-03 20:22:25,993 [pool-443-thread-1] INFO  server.RaftServerConfigKeys (ConfUtils.java:logGet(43)) - raft.server.retrycache.expirytime = 600000ms (custom)
2019-10-03 20:22:25,995 [pool-443-thread-1] INFO  impl.RaftServerImpl (RaftServerImpl.java:start(181)) - 40a7305f-af30-476b-986a-4ab52d02b5e3@group-CCC8F02C5B90: start as a follower, conf=-1: [40a7305f-af30-476b-986a-4ab52d02b5e3:192.168.30.7:34282], old=null
2019-10-03 20:22:25,995 [pool-443-thread-1] INFO  impl.RaftServerImpl (RaftServerImpl.java:setRole(170)) - 40a7305f-af30-476b-986a-4ab52d02b5e3@group-CCC8F02C5B90: changes role from      null to FOLLOWER at term 0 for startAsFollower
2019-10-03 20:22:25,995 [pool-443-thread-1] INFO  impl.RoleInfo (RoleInfo.java:updateAndGet(143)) - 40a7305f-af30-476b-986a-4ab52d02b5e3: start FollowerState
2019-10-03 20:22:25,996 [pool-443-thread-1] INFO  util.JmxRegister (JmxRegister.java:tryRegister(44)) - Successfully registered JMX Bean with object name Ratis:service=RaftServer,group=group-CCC8F02C5B90,id=40a7305f-af30-476b-986a-4ab52d02b5e3
2019-10-03 20:22:25,999 [RatisPipelineUtilsThread] INFO  pipeline.PipelineStateManager (PipelineStateManager.java:addPipeline(56)) - Created pipeline Pipeline[ Id: 69f203e4-ae0b-428b-9825-ccc8f02c5b90, Nodes: 40a7305f-af30-476b-986a-4ab52d02b5e3{ip: 192.168.30.7, host: pr-hdds-2230-vt4bl-2581040744, networkLocation: /default-rack, certSerialId: null}, Type:RATIS, Factor:ONE, State:OPEN]
2019-10-03 20:22:26,021 [grpc-default-executor-7] INFO  impl.RaftServerProxy (RaftServerProxy.java:addNew(89)) - 0b33b14d-c869-4690-a2ea-3942a914e80a: addNew group-DDD8B88BFEC2:[e79412df-6cad-4ff9-9624-3cbff68b4f9f:192.168.30.7:40307, 21782bfb-25c9-4d2d-88c9-56014a80f93e:192.168.30.7:43514, 0b33b14d-c869-4690-a2ea-3942a914e80a:192.168.30.7:43773] returns group-DDD8B88BFEC2:java.util.concurrent.CompletableFuture@4e031aa2[Not completed]
2019-10-03 20:22:26,021 [grpc-default-executor-0] INFO  impl.RaftServerProxy (RaftServerProxy.java:addNew(89)) - e79412df-6cad-4ff9-9624-3cbff68b4f9f: addNew group-DDD8B88BFEC2:[e79412df-6cad-4ff9-9624-3cbff68b4f9f:192.168.30.7:40307, 21782bfb-25c9-4d2d-88c9-56014a80f93e:192.168.30.7:43514, 0b33b14d-c869-4690-a2ea-3942a914e80a:192.168.30.7:43773] returns group-DDD8B88BFEC2:java.util.concurrent.CompletableFuture@701b819f[Not completed]
2019-10-03 20:22:26,021 [grpc-default-executor-4] INFO  impl.RaftServerProxy (RaftServerProxy.java:addNew(89)) - 21782bfb-25c9-4d2d-88c9-56014a80f93e: addNew group-DDD8B88BFEC2:[e79412df-6cad-4ff9-9624-3cbff68b4f9f:192.168.30.7:40307, 21782bfb-25c9-4d2d-88c9-56014a80f93e:192.168.30.7:43514, 0b33b14d-c869-4690-a2ea-3942a914e80a:192.168.30.7:43773] returns group-DDD8B88BFEC2:java.util.concurrent.CompletableFuture@60fc7a25[Not completed]
2019-10-03 20:22:26,022 [pool-393-thread-1] INFO  impl.RaftServerImpl (RaftServerImpl.java:<init>(95)) - e79412df-6cad-4ff9-9624-3cbff68b4f9f: new RaftServerImpl for group-DDD8B88BFEC2:[e79412df-6cad-4ff9-9624-3cbff68b4f9f:192.168.30.7:40307, 21782bfb-25c9-4d2d-88c9-56014a80f93e:192.168.30.7:43514, 0b33b14d-c869-4690-a2ea-3942a914e80a:192.168.30.7:43773] with ContainerStateMachine:uninitialized
2019-10-03 20:22:26,022 [pool-393-thread-1] INFO  server.RaftServerConfigKeys (ConfUtils.java:logGet(43)) - raft.server.rpc.timeout.min = 5s (custom)
2019-10-03 20:22:26,022 [pool-393-thread-1] INFO  server.RaftServerConfigKeys (ConfUtils.java:logGet(43)) - raft.server.rpc.timeout.max = 5200ms (custom)
2019-10-03 20:22:26,022 [pool-383-thread-1] INFO  impl.RaftServerImpl (RaftServerImpl.java:<init>(95)) - 0b33b14d-c869-4690-a2ea-3942a914e80a: new RaftServerImpl for group-DDD8B88BFEC2:[e79412df-6cad-4ff9-9624-3cbff68b4f9f:192.168.30.7:40307, 21782bfb-25c9-4d2d-88c9-56014a80f93e:192.168.30.7:43514, 0b33b14d-c869-4690-a2ea-3942a914e80a:192.168.30.7:43773] with ContainerStateMachine:uninitialized
2019-10-03 20:22:26,022 [pool-393-thread-1] INFO  server.RaftServerConfigKeys (ConfUtils.java:logGet(43)) - raft.server.rpcslowness.timeout = 120s (custom)
2019-10-03 20:22:26,022 [pool-383-thread-1] INFO  server.RaftServerConfigKeys (ConfUtils.java:logGet(43)) - raft.server.rpc.timeout.min = 5s (custom)
2019-10-03 20:22:26,022 [pool-393-thread-1] INFO  server.RaftServerConfigKeys (ConfUtils.java:logGet(43)) - raft.server.sleep.deviation.threshold = 300 (default)
2019-10-03 20:22:26,022 [pool-383-thread-1] INFO  server.RaftServerConfigKeys (ConfUtils.java:logGet(43)) - raft.server.rpc.timeout.max = 5200ms (custom)
2019-10-03 20:22:26,022 [pool-393-thread-1] INFO  server.RaftServerConfigKeys (ConfUtils.java:logGet(43)) - raft.server.log.appender.install.snapshot.enabled = false (custom)
2019-10-03 20:22:26,022 [pool-423-thread-1] INFO  impl.RaftServerImpl (RaftServerImpl.java:<init>(95)) - 21782bfb-25c9-4d2d-88c9-56014a80f93e: new RaftServerImpl for group-DDD8B88BFEC2:[e79412df-6cad-4ff9-9624-3cbff68b4f9f:192.168.30.7:40307, 21782bfb-25c9-4d2d-88c9-56014a80f93e:192.168.30.7:43514, 0b33b14d-c869-4690-a2ea-3942a914e80a:192.168.30.7:43773] with ContainerStateMachine:uninitialized
2019-10-03 20:22:26,023 [pool-393-thread-1] INFO  impl.RaftServerImpl (ServerState.java:<init>(103)) - e79412df-6cad-4ff9-9624-3cbff68b4f9f@group-DDD8B88BFEC2: ConfigurationManager, init=-1: [e79412df-6cad-4ff9-9624-3cbff68b4f9f:192.168.30.7:40307, 21782bfb-25c9-4d2d-88c9-56014a80f93e:192.168.30.7:43514, 0b33b14d-c869-4690-a2ea-3942a914e80a:192.168.30.7:43773], old=null, confs=<EMPTY_MAP>
2019-10-03 20:22:26,023 [pool-383-thread-1] INFO  server.RaftServerConfigKeys (ConfUtils.java:logGet(43)) - raft.server.rpcslowness.timeout = 120s (custom)
2019-10-03 20:22:26,023 [pool-393-thread-1] INFO  server.RaftServerConfigKeys (ConfUtils.java:logGet(43)) - raft.server.storage.dir = [/workdir/hadoop-ozone/integration-test/target/test-dir/MiniOzoneClusterImpl-c26a5b86-160b-4e95-9b08-3e18975a4a6e/datanode-1/data/ratis] (custom)
2019-10-03 20:22:26,023 [pool-423-thread-1] INFO  server.RaftServerConfigKeys (ConfUtils.java:logGet(43)) - raft.server.rpc.timeout.min = 5s (custom)
2019-10-03 20:22:26,023 [pool-383-thread-1] INFO  server.RaftServerConfigKeys (ConfUtils.java:logGet(43)) - raft.server.sleep.deviation.threshold = 300 (default)
2019-10-03 20:22:26,023 [pool-423-thread-1] INFO  server.RaftServerConfigKeys (ConfUtils.java:logGet(43)) - raft.server.rpc.timeout.max = 5200ms (custom)
2019-10-03 20:22:26,023 [pool-393-thread-1] INFO  server.RaftServerConfigKeys (ConfUtils.java:logGet(43)) - raft.server.log.corruption.policy = EXCEPTION (default)
2019-10-03 20:22:26,023 [pool-423-thread-1] INFO  server.RaftServerConfigKeys (ConfUtils.java:logGet(43)) - raft.server.rpcslowness.timeout = 120s (custom)
2019-10-03 20:22:26,023 [pool-393-thread-1] INFO  storage.RaftStorageDirectory (RaftStorageDirectory.java:analyzeStorage(246)) - The storage directory /workdir/hadoop-ozone/integration-test/target/test-dir/MiniOzoneClusterImpl-c26a5b86-160b-4e95-9b08-3e18975a4a6e/datanode-1/data/ratis/68532079-102e-471f-a078-ddd8b88bfec2 does not exist. Creating ...
2019-10-03 20:22:26,023 [pool-383-thread-1] INFO  server.RaftServerConfigKeys (ConfUtils.java:logGet(43)) - raft.server.log.appender.install.snapshot.enabled = false (custom)
2019-10-03 20:22:26,023 [pool-423-thread-1] INFO  server.RaftServerConfigKeys (ConfUtils.java:logGet(43)) - raft.server.sleep.deviation.threshold = 300 (default)
2019-10-03 20:22:26,024 [pool-383-thread-1] INFO  impl.RaftServerImpl (ServerState.java:<init>(103)) - 0b33b14d-c869-4690-a2ea-3942a914e80a@group-DDD8B88BFEC2: ConfigurationManager, init=-1: [e79412df-6cad-4ff9-9624-3cbff68b4f9f:192.168.30.7:40307, 21782bfb-25c9-4d2d-88c9-56014a80f93e:192.168.30.7:43514, 0b33b14d-c869-4690-a2ea-3942a914e80a:192.168.30.7:43773], old=null, confs=<EMPTY_MAP>
2019-10-03 20:22:26,024 [pool-423-thread-1] INFO  server.RaftServerConfigKeys (ConfUtils.java:logGet(43)) - raft.server.log.appender.install.snapshot.enabled = false (custom)
2019-10-03 20:22:26,024 [pool-383-thread-1] INFO  server.RaftServerConfigKeys (ConfUtils.java:logGet(43)) - raft.server.storage.dir = [/workdir/hadoop-ozone/integration-test/target/test-dir/MiniOzoneClusterImpl-c26a5b86-160b-4e95-9b08-3e18975a4a6e/datanode-0/data/ratis] (custom)
2019-10-03 20:22:26,024 [pool-423-thread-1] INFO  impl.RaftServerImpl (ServerState.java:<init>(103)) - 21782bfb-25c9-4d2d-88c9-56014a80f93e@group-DDD8B88BFEC2: ConfigurationManager, init=-1: [e79412df-6cad-4ff9-9624-3cbff68b4f9f:192.168.30.7:40307, 21782bfb-25c9-4d2d-88c9-56014a80f93e:192.168.30.7:43514, 0b33b14d-c869-4690-a2ea-3942a914e80a:192.168.30.7:43773], old=null, confs=<EMPTY_MAP>
2019-10-03 20:22:26,024 [pool-383-thread-1] INFO  server.RaftServerConfigKeys (ConfUtils.java:logGet(43)) - raft.server.log.corruption.policy = EXCEPTION (default)
2019-10-03 20:22:26,024 [pool-423-thread-1] INFO  server.RaftServerConfigKeys (ConfUtils.java:logGet(43)) - raft.server.storage.dir = [/workdir/hadoop-ozone/integration-test/target/test-dir/MiniOzoneClusterImpl-c26a5b86-160b-4e95-9b08-3e18975a4a6e/datanode-4/data/ratis] (custom)
2019-10-03 20:22:26,024 [pool-383-thread-1] INFO  storage.RaftStorageDirectory (RaftStorageDirectory.java:analyzeStorage(246)) - The storage directory /workdir/hadoop-ozone/integration-test/target/test-dir/MiniOzoneClusterImpl-c26a5b86-160b-4e95-9b08-3e18975a4a6e/datanode-0/data/ratis/68532079-102e-471f-a078-ddd8b88bfec2 does not exist. Creating ...
2019-10-03 20:22:26,024 [pool-423-thread-1] INFO  server.RaftServerConfigKeys (ConfUtils.java:logGet(43)) - raft.server.log.corruption.policy = EXCEPTION (default)
2019-10-03 20:22:26,024 [pool-423-thread-1] INFO  storage.RaftStorageDirectory (RaftStorageDirectory.java:analyzeStorage(246)) - The storage directory /workdir/hadoop-ozone/integration-test/target/test-dir/MiniOzoneClusterImpl-c26a5b86-160b-4e95-9b08-3e18975a4a6e/datanode-4/data/ratis/68532079-102e-471f-a078-ddd8b88bfec2 does not exist. Creating ...
2019-10-03 20:22:26,038 [pool-393-thread-1] INFO  storage.RaftStorageDirectory (RaftStorageDirectory.java:tryLock(328)) - Lock on /workdir/hadoop-ozone/integration-test/target/test-dir/MiniOzoneClusterImpl-c26a5b86-160b-4e95-9b08-3e18975a4a6e/datanode-1/data/ratis/68532079-102e-471f-a078-ddd8b88bfec2/in_use.lock acquired by nodename 12499@pr-hdds-2230-vt4bl-2581040744
2019-10-03 20:22:26,038 [pool-423-thread-1] INFO  storage.RaftStorageDirectory (RaftStorageDirectory.java:tryLock(328)) - Lock on /workdir/hadoop-ozone/integration-test/target/test-dir/MiniOzoneClusterImpl-c26a5b86-160b-4e95-9b08-3e18975a4a6e/datanode-4/data/ratis/68532079-102e-471f-a078-ddd8b88bfec2/in_use.lock acquired by nodename 12499@pr-hdds-2230-vt4bl-2581040744
2019-10-03 20:22:26,038 [pool-383-thread-1] INFO  storage.RaftStorageDirectory (RaftStorageDirectory.java:tryLock(328)) - Lock on /workdir/hadoop-ozone/integration-test/target/test-dir/MiniOzoneClusterImpl-c26a5b86-160b-4e95-9b08-3e18975a4a6e/datanode-0/data/ratis/68532079-102e-471f-a078-ddd8b88bfec2/in_use.lock acquired by nodename 12499@pr-hdds-2230-vt4bl-2581040744
2019-10-03 20:22:26,060 [pool-383-thread-1] INFO  storage.RaftStorage (RaftStorage.java:format(84)) - Storage directory /workdir/hadoop-ozone/integration-test/target/test-dir/MiniOzoneClusterImpl-c26a5b86-160b-4e95-9b08-3e18975a4a6e/datanode-0/data/ratis/68532079-102e-471f-a078-ddd8b88bfec2 has been successfully formatted.
2019-10-03 20:22:26,060 [pool-423-thread-1] INFO  storage.RaftStorage (RaftStorage.java:format(84)) - Storage directory /workdir/hadoop-ozone/integration-test/target/test-dir/MiniOzoneClusterImpl-c26a5b86-160b-4e95-9b08-3e18975a4a6e/datanode-4/data/ratis/68532079-102e-471f-a078-ddd8b88bfec2 has been successfully formatted.
2019-10-03 20:22:26,060 [pool-393-thread-1] INFO  storage.RaftStorage (RaftStorage.java:format(84)) - Storage directory /workdir/hadoop-ozone/integration-test/target/test-dir/MiniOzoneClusterImpl-c26a5b86-160b-4e95-9b08-3e18975a4a6e/datanode-1/data/ratis/68532079-102e-471f-a078-ddd8b88bfec2 has been successfully formatted.
2019-10-03 20:22:26,061 [pool-423-thread-1] INFO  ratis.ContainerStateMachine (ContainerStateMachine.java:loadSnapshot(230)) - group-DDD8B88BFEC2: The snapshot info is null. Setting the last applied indexto:(t:0, i:~)
2019-10-03 20:22:26,061 [pool-383-thread-1] INFO  ratis.ContainerStateMachine (ContainerStateMachine.java:loadSnapshot(230)) - group-DDD8B88BFEC2: The snapshot info is null. Setting the last applied indexto:(t:0, i:~)
2019-10-03 20:22:26,061 [pool-423-thread-1] INFO  server.RaftServerConfigKeys (ConfUtils.java:logGet(43)) - raft.server.notification.no-leader.timeout = 120s (custom)
2019-10-03 20:22:26,061 [pool-393-thread-1] INFO  ratis.ContainerStateMachine (ContainerStateMachine.java:loadSnapshot(230)) - group-DDD8B88BFEC2: The snapshot info is null. Setting the last applied indexto:(t:0, i:~)
2019-10-03 20:22:26,061 [pool-423-thread-1] INFO  server.RaftServerConfigKeys (ConfUtils.java:logGet(43)) - raft.server.log.use.memory = false (default)
2019-10-03 20:22:26,061 [pool-383-thread-1] INFO  server.RaftServerConfigKeys (ConfUtils.java:logGet(43)) - raft.server.notification.no-leader.timeout = 120s (custom)
2019-10-03 20:22:26,061 [pool-423-thread-1] INFO  server.RaftServerConfigKeys (ConfUtils.java:logGet(43)) - raft.server.log.purge.gap = 1000000 (custom)
2019-10-03 20:22:26,061 [pool-393-thread-1] INFO  server.RaftServerConfigKeys (ConfUtils.java:logGet(43)) - raft.server.notification.no-leader.timeout = 120s (custom)
2019-10-03 20:22:26,061 [pool-423-thread-1] INFO  server.RaftServerConfigKeys (ConfUtils.java:logGet(43)) - raft.server.log.appender.buffer.byte-limit = 33554432 (custom)
2019-10-03 20:22:26,061 [pool-383-thread-1] INFO  server.RaftServerConfigKeys (ConfUtils.java:logGet(43)) - raft.server.log.use.memory = false (default)
2019-10-03 20:22:26,062 [pool-423-thread-1] INFO  server.RaftServerConfigKeys (ConfUtils.java:logGet(43)) - raft.server.log.segment.size.max = 1048576 (custom)
2019-10-03 20:22:26,062 [pool-393-thread-1] INFO  server.RaftServerConfigKeys (ConfUtils.java:logGet(43)) - raft.server.log.use.memory = false (default)
2019-10-03 20:22:26,062 [pool-423-thread-1] INFO  server.RaftServerConfigKeys (ConfUtils.java:logGet(43)) - raft.server.log.segment.cache.num.max = 2 (custom)
2019-10-03 20:22:26,062 [pool-383-thread-1] INFO  server.RaftServerConfigKeys (ConfUtils.java:logGet(43)) - raft.server.log.purge.gap = 1000000 (custom)
2019-10-03 20:22:26,062 [pool-423-thread-1] INFO  segmented.SegmentedRaftLogWorker (SegmentedRaftLogWorker.java:<init>(173)) - new 21782bfb-25c9-4d2d-88c9-56014a80f93e@group-DDD8B88BFEC2-SegmentedRaftLogWorker for RaftStorage:Storage Directory /workdir/hadoop-ozone/integration-test/target/test-dir/MiniOzoneClusterImpl-c26a5b86-160b-4e95-9b08-3e18975a4a6e/datanode-4/data/ratis/68532079-102e-471f-a078-ddd8b88bfec2
2019-10-03 20:22:26,062 [pool-393-thread-1] INFO  server.RaftServerConfigKeys (ConfUtils.java:logGet(43)) - raft.server.log.purge.gap = 1000000 (custom)
2019-10-03 20:22:26,062 [pool-423-thread-1] INFO  server.RaftServerConfigKeys (ConfUtils.java:logGet(43)) - raft.server.log.queue.byte-limit = 2147483647 (custom)
2019-10-03 20:22:26,062 [pool-383-thread-1] INFO  server.RaftServerConfigKeys (ConfUtils.java:logGet(43)) - raft.server.log.appender.buffer.byte-limit = 33554432 (custom)
2019-10-03 20:22:26,062 [pool-423-thread-1] INFO  server.RaftServerConfigKeys (ConfUtils.java:logGet(43)) - raft.server.log.queue.element-limit = 1024 (custom)
2019-10-03 20:22:26,062 [pool-393-thread-1] INFO  server.RaftServerConfigKeys (ConfUtils.java:logGet(43)) - raft.server.log.appender.buffer.byte-limit = 33554432 (custom)
2019-10-03 20:22:26,063 [pool-423-thread-1] INFO  server.RaftServerConfigKeys (ConfUtils.java:logGet(43)) - raft.server.log.segment.size.max = 1048576 (custom)
2019-10-03 20:22:26,062 [pool-383-thread-1] INFO  server.RaftServerConfigKeys (ConfUtils.java:logGet(43)) - raft.server.log.segment.size.max = 1048576 (custom)
2019-10-03 20:22:26,063 [pool-423-thread-1] INFO  server.RaftServerConfigKeys (ConfUtils.java:logGet(43)) - raft.server.log.preallocated.size = 16384 (custom)
2019-10-03 20:22:26,063 [pool-393-thread-1] INFO  server.RaftServerConfigKeys (ConfUtils.java:logGet(43)) - raft.server.log.segment.size.max = 1048576 (custom)
2019-10-03 20:22:26,063 [pool-423-thread-1] INFO  server.RaftServerConfigKeys (ConfUtils.java:logGet(43)) - raft.server.log.write.buffer.size = 33554432 (custom)
2019-10-03 20:22:26,063 [pool-383-thread-1] INFO  server.RaftServerConfigKeys (ConfUtils.java:logGet(43)) - raft.server.log.segment.cache.num.max = 2 (custom)
2019-10-03 20:22:26,063 [pool-423-thread-1] INFO  server.RaftServerConfigKeys (ConfUtils.java:logGet(43)) - raft.server.log.force.sync.num = 128 (default)
2019-10-03 20:22:26,063 [pool-393-thread-1] INFO  server.RaftServerConfigKeys (ConfUtils.java:logGet(43)) - raft.server.log.segment.cache.num.max = 2 (custom)
2019-10-03 20:22:26,063 [pool-423-thread-1] INFO  server.RaftServerConfigKeys (ConfUtils.java:logGet(43)) - raft.server.log.statemachine.data.sync = true (default)
2019-10-03 20:22:26,063 [pool-383-thread-1] INFO  segmented.SegmentedRaftLogWorker (SegmentedRaftLogWorker.java:<init>(173)) - new 0b33b14d-c869-4690-a2ea-3942a914e80a@group-DDD8B88BFEC2-SegmentedRaftLogWorker for RaftStorage:Storage Directory /workdir/hadoop-ozone/integration-test/target/test-dir/MiniOzoneClusterImpl-c26a5b86-160b-4e95-9b08-3e18975a4a6e/datanode-0/data/ratis/68532079-102e-471f-a078-ddd8b88bfec2
2019-10-03 20:22:26,064 [pool-423-thread-1] INFO  server.RaftServerConfigKeys (ConfUtils.java:logGet(43)) - raft.server.log.statemachine.data.sync.timeout = 10s (default)
2019-10-03 20:22:26,063 [pool-393-thread-1] INFO  segmented.SegmentedRaftLogWorker (SegmentedRaftLogWorker.java:<init>(173)) - new e79412df-6cad-4ff9-9624-3cbff68b4f9f@group-DDD8B88BFEC2-SegmentedRaftLogWorker for RaftStorage:Storage Directory /workdir/hadoop-ozone/integration-test/target/test-dir/MiniOzoneClusterImpl-c26a5b86-160b-4e95-9b08-3e18975a4a6e/datanode-1/data/ratis/68532079-102e-471f-a078-ddd8b88bfec2
2019-10-03 20:22:26,064 [pool-423-thread-1] INFO  server.RaftServerConfigKeys (ConfUtils.java:logGet(43)) - raft.server.log.statemachine.data.sync.timeout.retry = -1 (default)
2019-10-03 20:22:26,064 [pool-383-thread-1] INFO  server.RaftServerConfigKeys (ConfUtils.java:logGet(43)) - raft.server.log.queue.byte-limit = 2147483647 (custom)
2019-10-03 20:22:26,064 [pool-423-thread-1] INFO  server.RaftServerConfigKeys (ConfUtils.java:logGet(43)) - raft.server.log.statemachine.data.caching.enabled = true (custom)
2019-10-03 20:22:26,064 [pool-393-thread-1] INFO  server.RaftServerConfigKeys (ConfUtils.java:logGet(43)) - raft.server.log.queue.byte-limit = 2147483647 (custom)
2019-10-03 20:22:26,064 [pool-423-thread-1] INFO  segmented.SegmentedRaftLogWorker (SegmentedRaftLogWorker.java:lambda$new$0(128)) - 21782bfb-25c9-4d2d-88c9-56014a80f93e@group-DDD8B88BFEC2-SegmentedRaftLogWorker: flushIndex: setUnconditionally 0 -> -1
2019-10-03 20:22:26,064 [pool-383-thread-1] INFO  server.RaftServerConfigKeys (ConfUtils.java:logGet(43)) - raft.server.log.queue.element-limit = 1024 (custom)
2019-10-03 20:22:26,064 [pool-393-thread-1] INFO  server.RaftServerConfigKeys (ConfUtils.java:logGet(43)) - raft.server.log.queue.element-limit = 1024 (custom)
2019-10-03 20:22:26,065 [pool-423-thread-1] INFO  server.RaftServerConfigKeys (ConfUtils.java:logGet(43)) - raft.server.snapshot.auto.trigger.enabled = true (custom)
2019-10-03 20:22:26,064 [pool-383-thread-1] INFO  server.RaftServerConfigKeys (ConfUtils.java:logGet(43)) - raft.server.log.segment.size.max = 1048576 (custom)
2019-10-03 20:22:26,065 [pool-423-thread-1] INFO  server.RaftServerConfigKeys (ConfUtils.java:logGet(43)) - raft.server.snapshot.auto.trigger.threshold = 10000 (custom)
2019-10-03 20:22:26,065 [pool-393-thread-1] INFO  server.RaftServerConfigKeys (ConfUtils.java:logGet(43)) - raft.server.log.segment.size.max = 1048576 (custom)
2019-10-03 20:22:26,065 [pool-423-thread-1] INFO  server.RaftServerConfigKeys (ConfUtils.java:logGet(43)) - raft.server.snapshot.retention.file.num = 5 (custom)
2019-10-03 20:22:26,065 [pool-383-thread-1] INFO  server.RaftServerConfigKeys (ConfUtils.java:logGet(43)) - raft.server.log.preallocated.size = 16384 (custom)
2019-10-03 20:22:26,065 [pool-423-thread-1] INFO  server.RaftServerConfigKeys (ConfUtils.java:logGet(43)) - raft.server.retrycache.expirytime = 600000ms (custom)
2019-10-03 20:22:26,065 [pool-393-thread-1] INFO  server.RaftServerConfigKeys (ConfUtils.java:logGet(43)) - raft.server.log.preallocated.size = 16384 (custom)
2019-10-03 20:22:26,065 [pool-383-thread-1] INFO  server.RaftServerConfigKeys (ConfUtils.java:logGet(43)) - raft.server.log.write.buffer.size = 33554432 (custom)
2019-10-03 20:22:26,065 [pool-393-thread-1] INFO  server.RaftServerConfigKeys (ConfUtils.java:logGet(43)) - raft.server.log.write.buffer.size = 33554432 (custom)
2019-10-03 20:22:26,066 [pool-383-thread-1] INFO  server.RaftServerConfigKeys (ConfUtils.java:logGet(43)) - raft.server.log.force.sync.num = 128 (default)
2019-10-03 20:22:26,066 [pool-393-thread-1] INFO  server.RaftServerConfigKeys (ConfUtils.java:logGet(43)) - raft.server.log.force.sync.num = 128 (default)
2019-10-03 20:22:26,066 [pool-383-thread-1] INFO  server.RaftServerConfigKeys (ConfUtils.java:logGet(43)) - raft.server.log.statemachine.data.sync = true (default)
2019-10-03 20:22:26,066 [pool-393-thread-1] INFO  server.RaftServerConfigKeys (ConfUtils.java:logGet(43)) - raft.server.log.statemachine.data.sync = true (default)
2019-10-03 20:22:26,066 [pool-383-thread-1] INFO  server.RaftServerConfigKeys (ConfUtils.java:logGet(43)) - raft.server.log.statemachine.data.sync.timeout = 10s (default)
2019-10-03 20:22:26,066 [pool-393-thread-1] INFO  server.RaftServerConfigKeys (ConfUtils.java:logGet(43)) - raft.server.log.statemachine.data.sync.timeout = 10s (default)
2019-10-03 20:22:26,066 [pool-383-thread-1] INFO  server.RaftServerConfigKeys (ConfUtils.java:logGet(43)) - raft.server.log.statemachine.data.sync.timeout.retry = -1 (default)
2019-10-03 20:22:26,066 [pool-393-thread-1] INFO  server.RaftServerConfigKeys (ConfUtils.java:logGet(43)) - raft.server.log.statemachine.data.sync.timeout.retry = -1 (default)
2019-10-03 20:22:26,067 [pool-383-thread-1] INFO  server.RaftServerConfigKeys (ConfUtils.java:logGet(43)) - raft.server.log.statemachine.data.caching.enabled = true (custom)
2019-10-03 20:22:26,067 [pool-393-thread-1] INFO  server.RaftServerConfigKeys (ConfUtils.java:logGet(43)) - raft.server.log.statemachine.data.caching.enabled = true (custom)
2019-10-03 20:22:26,067 [pool-423-thread-1] INFO  impl.RaftServerImpl (RaftServerImpl.java:start(181)) - 21782bfb-25c9-4d2d-88c9-56014a80f93e@group-DDD8B88BFEC2: start as a follower, conf=-1: [e79412df-6cad-4ff9-9624-3cbff68b4f9f:192.168.30.7:40307, 21782bfb-25c9-4d2d-88c9-56014a80f93e:192.168.30.7:43514, 0b33b14d-c869-4690-a2ea-3942a914e80a:192.168.30.7:43773], old=null
2019-10-03 20:22:26,067 [pool-383-thread-1] INFO  segmented.SegmentedRaftLogWorker (SegmentedRaftLogWorker.java:lambda$new$0(128)) - 0b33b14d-c869-4690-a2ea-3942a914e80a@group-DDD8B88BFEC2-SegmentedRaftLogWorker: flushIndex: setUnconditionally 0 -> -1
2019-10-03 20:22:26,067 [pool-393-thread-1] INFO  segmented.SegmentedRaftLogWorker (SegmentedRaftLogWorker.java:lambda$new$0(128)) - e79412df-6cad-4ff9-9624-3cbff68b4f9f@group-DDD8B88BFEC2-SegmentedRaftLogWorker: flushIndex: setUnconditionally 0 -> -1
2019-10-03 20:22:26,067 [pool-423-thread-1] INFO  impl.RaftServerImpl (RaftServerImpl.java:setRole(170)) - 21782bfb-25c9-4d2d-88c9-56014a80f93e@group-DDD8B88BFEC2: changes role from      null to FOLLOWER at term 0 for startAsFollower
2019-10-03 20:22:26,067 [pool-383-thread-1] INFO  server.RaftServerConfigKeys (ConfUtils.java:logGet(43)) - raft.server.snapshot.auto.trigger.enabled = true (custom)
2019-10-03 20:22:26,068 [pool-393-thread-1] INFO  server.RaftServerConfigKeys (ConfUtils.java:logGet(43)) - raft.server.snapshot.auto.trigger.enabled = true (custom)
2019-10-03 20:22:26,067 [pool-423-thread-1] INFO  impl.RoleInfo (RoleInfo.java:updateAndGet(143)) - 21782bfb-25c9-4d2d-88c9-56014a80f93e: start FollowerState
2019-10-03 20:22:26,068 [pool-393-thread-1] INFO  server.RaftServerConfigKeys (ConfUtils.java:logGet(43)) - raft.server.snapshot.auto.trigger.threshold = 10000 (custom)
2019-10-03 20:22:26,068 [pool-383-thread-1] INFO  server.RaftServerConfigKeys (ConfUtils.java:logGet(43)) - raft.server.snapshot.auto.trigger.threshold = 10000 (custom)
2019-10-03 20:22:26,068 [pool-393-thread-1] INFO  server.RaftServerConfigKeys (ConfUtils.java:logGet(43)) - raft.server.snapshot.retention.file.num = 5 (custom)
2019-10-03 20:22:26,068 [pool-383-thread-1] INFO  server.RaftServerConfigKeys (ConfUtils.java:logGet(43)) - raft.server.snapshot.retention.file.num = 5 (custom)
2019-10-03 20:22:26,068 [pool-423-thread-1] INFO  util.JmxRegister (JmxRegister.java:tryRegister(44)) - Successfully registered JMX Bean with object name Ratis:service=RaftServer,group=group-DDD8B88BFEC2,id=21782bfb-25c9-4d2d-88c9-56014a80f93e
2019-10-03 20:22:26,068 [pool-383-thread-1] INFO  server.RaftServerConfigKeys (ConfUtils.java:logGet(43)) - raft.server.retrycache.expirytime = 600000ms (custom)
2019-10-03 20:22:26,068 [pool-393-thread-1] INFO  server.RaftServerConfigKeys (ConfUtils.java:logGet(43)) - raft.server.retrycache.expirytime = 600000ms (custom)
2019-10-03 20:22:26,071 [pool-383-thread-1] INFO  impl.RaftServerImpl (RaftServerImpl.java:start(181)) - 0b33b14d-c869-4690-a2ea-3942a914e80a@group-DDD8B88BFEC2: start as a follower, conf=-1: [e79412df-6cad-4ff9-9624-3cbff68b4f9f:192.168.30.7:40307, 21782bfb-25c9-4d2d-88c9-56014a80f93e:192.168.30.7:43514, 0b33b14d-c869-4690-a2ea-3942a914e80a:192.168.30.7:43773], old=null
2019-10-03 20:22:26,071 [pool-383-thread-1] INFO  impl.RaftServerImpl (RaftServerImpl.java:setRole(170)) - 0b33b14d-c869-4690-a2ea-3942a914e80a@group-DDD8B88BFEC2: changes role from      null to FOLLOWER at term 0 for startAsFollower
2019-10-03 20:22:26,071 [pool-393-thread-1] INFO  impl.RaftServerImpl (RaftServerImpl.java:start(181)) - e79412df-6cad-4ff9-9624-3cbff68b4f9f@group-DDD8B88BFEC2: start as a follower, conf=-1: [e79412df-6cad-4ff9-9624-3cbff68b4f9f:192.168.30.7:40307, 21782bfb-25c9-4d2d-88c9-56014a80f93e:192.168.30.7:43514, 0b33b14d-c869-4690-a2ea-3942a914e80a:192.168.30.7:43773], old=null
2019-10-03 20:22:26,071 [pool-383-thread-1] INFO  impl.RoleInfo (RoleInfo.java:updateAndGet(143)) - 0b33b14d-c869-4690-a2ea-3942a914e80a: start FollowerState
2019-10-03 20:22:26,072 [pool-393-thread-1] INFO  impl.RaftServerImpl (RaftServerImpl.java:setRole(170)) - e79412df-6cad-4ff9-9624-3cbff68b4f9f@group-DDD8B88BFEC2: changes role from      null to FOLLOWER at term 0 for startAsFollower
2019-10-03 20:22:26,072 [pool-393-thread-1] INFO  impl.RoleInfo (RoleInfo.java:updateAndGet(143)) - e79412df-6cad-4ff9-9624-3cbff68b4f9f: start FollowerState
2019-10-03 20:22:26,072 [pool-383-thread-1] INFO  util.JmxRegister (JmxRegister.java:tryRegister(44)) - Successfully registered JMX Bean with object name Ratis:service=RaftServer,group=group-DDD8B88BFEC2,id=0b33b14d-c869-4690-a2ea-3942a914e80a
2019-10-03 20:22:26,072 [pool-393-thread-1] INFO  util.JmxRegister (JmxRegister.java:tryRegister(44)) - Successfully registered JMX Bean with object name Ratis:service=RaftServer,group=group-DDD8B88BFEC2,id=e79412df-6cad-4ff9-9624-3cbff68b4f9f
2019-10-03 20:22:26,076 [RatisPipelineUtilsThread] INFO  pipeline.PipelineStateManager (PipelineStateManager.java:addPipeline(56)) - Created pipeline Pipeline[ Id: 68532079-102e-471f-a078-ddd8b88bfec2, Nodes: e79412df-6cad-4ff9-9624-3cbff68b4f9f{ip: 192.168.30.7, host: pr-hdds-2230-vt4bl-2581040744, networkLocation: /default-rack, certSerialId: null}0b33b14d-c869-4690-a2ea-3942a914e80a{ip: 192.168.30.7, host: pr-hdds-2230-vt4bl-2581040744, networkLocation: /default-rack, certSerialId: null}21782bfb-25c9-4d2d-88c9-56014a80f93e{ip: 192.168.30.7, host: pr-hdds-2230-vt4bl-2581040744, networkLocation: /default-rack, certSerialId: null}, Type:RATIS, Factor:THREE, State:OPEN]
2019-10-03 20:22:26,085 [grpc-default-executor-0] INFO  impl.RaftServerProxy (RaftServerProxy.java:addNew(89)) - 290608db-2fe0-4740-9352-ab16bc8555e9: addNew group-BE1AD351796C:[d3a020a3-99ea-4855-a3b5-cd161cda6181:192.168.30.7:38302, 290608db-2fe0-4740-9352-ab16bc8555e9:192.168.30.7:44302, e4843b48-4806-49b2-aad5-7e0b2db51a98:192.168.30.7:32945] returns group-BE1AD351796C:java.util.concurrent.CompletableFuture@33bb4589[Not completed]
2019-10-03 20:22:26,085 [grpc-default-executor-7] INFO  impl.RaftServerProxy (RaftServerProxy.java:addNew(89)) - e4843b48-4806-49b2-aad5-7e0b2db51a98: addNew group-BE1AD351796C:[d3a020a3-99ea-4855-a3b5-cd161cda6181:192.168.30.7:38302, 290608db-2fe0-4740-9352-ab16bc8555e9:192.168.30.7:44302, e4843b48-4806-49b2-aad5-7e0b2db51a98:192.168.30.7:32945] returns group-BE1AD351796C:java.util.concurrent.CompletableFuture@41ba011d[Not completed]
2019-10-03 20:22:26,085 [grpc-default-executor-4] INFO  impl.RaftServerProxy (RaftServerProxy.java:addNew(89)) - d3a020a3-99ea-4855-a3b5-cd161cda6181: addNew group-BE1AD351796C:[d3a020a3-99ea-4855-a3b5-cd161cda6181:192.168.30.7:38302, 290608db-2fe0-4740-9352-ab16bc8555e9:192.168.30.7:44302, e4843b48-4806-49b2-aad5-7e0b2db51a98:192.168.30.7:32945] returns group-BE1AD351796C:java.util.concurrent.CompletableFuture@3d883399[Not completed]
2019-10-03 20:22:26,086 [pool-433-thread-1] INFO  impl.RaftServerImpl (RaftServerImpl.java:<init>(95)) - d3a020a3-99ea-4855-a3b5-cd161cda6181: new RaftServerImpl for group-BE1AD351796C:[d3a020a3-99ea-4855-a3b5-cd161cda6181:192.168.30.7:38302, 290608db-2fe0-4740-9352-ab16bc8555e9:192.168.30.7:44302, e4843b48-4806-49b2-aad5-7e0b2db51a98:192.168.30.7:32945] with ContainerStateMachine:uninitialized
2019-10-03 20:22:26,087 [pool-433-thread-1] INFO  server.RaftServerConfigKeys (ConfUtils.java:logGet(43)) - raft.server.rpc.timeout.min = 5s (custom)
2019-10-03 20:22:26,087 [pool-433-thread-1] INFO  server.RaftServerConfigKeys (ConfUtils.java:logGet(43)) - raft.server.rpc.timeout.max = 5200ms (custom)
2019-10-03 20:22:26,087 [pool-433-thread-1] INFO  server.RaftServerConfigKeys (ConfUtils.java:logGet(43)) - raft.server.rpcslowness.timeout = 120s (custom)
2019-10-03 20:22:26,087 [pool-433-thread-1] INFO  server.RaftServerConfigKeys (ConfUtils.java:logGet(43)) - raft.server.sleep.deviation.threshold = 300 (default)
2019-10-03 20:22:26,087 [pool-433-thread-1] INFO  server.RaftServerConfigKeys (ConfUtils.java:logGet(43)) - raft.server.log.appender.install.snapshot.enabled = false (custom)
2019-10-03 20:22:26,087 [pool-413-thread-1] INFO  impl.RaftServerImpl (RaftServerImpl.java:<init>(95)) - 290608db-2fe0-4740-9352-ab16bc8555e9: new RaftServerImpl for group-BE1AD351796C:[d3a020a3-99ea-4855-a3b5-cd161cda6181:192.168.30.7:38302, 290608db-2fe0-4740-9352-ab16bc8555e9:192.168.30.7:44302, e4843b48-4806-49b2-aad5-7e0b2db51a98:192.168.30.7:32945] with ContainerStateMachine:uninitialized
2019-10-03 20:22:26,087 [pool-433-thread-1] INFO  impl.RaftServerImpl (ServerState.java:<init>(103)) - d3a020a3-99ea-4855-a3b5-cd161cda6181@group-BE1AD351796C: ConfigurationManager, init=-1: [d3a020a3-99ea-4855-a3b5-cd161cda6181:192.168.30.7:38302, 290608db-2fe0-4740-9352-ab16bc8555e9:192.168.30.7:44302, e4843b48-4806-49b2-aad5-7e0b2db51a98:192.168.30.7:32945], old=null, confs=<EMPTY_MAP>
2019-10-03 20:22:26,087 [pool-413-thread-1] INFO  server.RaftServerConfigKeys (ConfUtils.java:logGet(43)) - raft.server.rpc.timeout.min = 5s (custom)
2019-10-03 20:22:26,087 [pool-433-thread-1] INFO  server.RaftServerConfigKeys (ConfUtils.java:logGet(43)) - raft.server.storage.dir = [/workdir/hadoop-ozone/integration-test/target/test-dir/MiniOzoneClusterImpl-c26a5b86-160b-4e95-9b08-3e18975a4a6e/datanode-5/data/ratis] (custom)
2019-10-03 20:22:26,087 [pool-403-thread-1] INFO  impl.RaftServerImpl (RaftServerImpl.java:<init>(95)) - e4843b48-4806-49b2-aad5-7e0b2db51a98: new RaftServerImpl for group-BE1AD351796C:[d3a020a3-99ea-4855-a3b5-cd161cda6181:192.168.30.7:38302, 290608db-2fe0-4740-9352-ab16bc8555e9:192.168.30.7:44302, e4843b48-4806-49b2-aad5-7e0b2db51a98:192.168.30.7:32945] with ContainerStateMachine:uninitialized
2019-10-03 20:22:26,087 [pool-413-thread-1] INFO  server.RaftServerConfigKeys (ConfUtils.java:logGet(43)) - raft.server.rpc.timeout.max = 5200ms (custom)
2019-10-03 20:22:26,088 [pool-433-thread-1] INFO  server.RaftServerConfigKeys (ConfUtils.java:logGet(43)) - raft.server.log.corruption.policy = EXCEPTION (default)
2019-10-03 20:22:26,088 [pool-403-thread-1] INFO  server.RaftServerConfigKeys (ConfUtils.java:logGet(43)) - raft.server.rpc.timeout.min = 5s (custom)
2019-10-03 20:22:26,088 [pool-433-thread-1] INFO  storage.RaftStorageDirectory (RaftStorageDirectory.java:analyzeStorage(246)) - The storage directory /workdir/hadoop-ozone/integration-test/target/test-dir/MiniOzoneClusterImpl-c26a5b86-160b-4e95-9b08-3e18975a4a6e/datanode-5/data/ratis/b060697a-5097-4b28-8ead-be1ad351796c does not exist. Creating ...
2019-10-03 20:22:26,088 [pool-413-thread-1] INFO  server.RaftServerConfigKeys (ConfUtils.java:logGet(43)) - raft.server.rpcslowness.timeout = 120s (custom)
2019-10-03 20:22:26,088 [pool-403-thread-1] INFO  server.RaftServerConfigKeys (ConfUtils.java:logGet(43)) - raft.server.rpc.timeout.max = 5200ms (custom)
2019-10-03 20:22:26,088 [pool-413-thread-1] INFO  server.RaftServerConfigKeys (ConfUtils.java:logGet(43)) - raft.server.sleep.deviation.threshold = 300 (default)
2019-10-03 20:22:26,088 [pool-403-thread-1] INFO  server.RaftServerConfigKeys (ConfUtils.java:logGet(43)) - raft.server.rpcslowness.timeout = 120s (custom)
2019-10-03 20:22:26,088 [pool-413-thread-1] INFO  server.RaftServerConfigKeys (ConfUtils.java:logGet(43)) - raft.server.log.appender.install.snapshot.enabled = false (custom)
2019-10-03 20:22:26,088 [pool-403-thread-1] INFO  server.RaftServerConfigKeys (ConfUtils.java:logGet(43)) - raft.server.sleep.deviation.threshold = 300 (default)
2019-10-03 20:22:26,088 [pool-413-thread-1] INFO  impl.RaftServerImpl (ServerState.java:<init>(103)) - 290608db-2fe0-4740-9352-ab16bc8555e9@group-BE1AD351796C: ConfigurationManager, init=-1: [d3a020a3-99ea-4855-a3b5-cd161cda6181:192.168.30.7:38302, 290608db-2fe0-4740-9352-ab16bc8555e9:192.168.30.7:44302, e4843b48-4806-49b2-aad5-7e0b2db51a98:192.168.30.7:32945], old=null, confs=<EMPTY_MAP>
2019-10-03 20:22:26,089 [pool-403-thread-1] INFO  server.RaftServerConfigKeys (ConfUtils.java:logGet(43)) - raft.server.log.appender.install.snapshot.enabled = false (custom)
2019-10-03 20:22:26,089 [pool-413-thread-1] INFO  server.RaftServerConfigKeys (ConfUtils.java:logGet(43)) - raft.server.storage.dir = [/workdir/hadoop-ozone/integration-test/target/test-dir/MiniOzoneClusterImpl-c26a5b86-160b-4e95-9b08-3e18975a4a6e/datanode-3/data/ratis] (custom)
2019-10-03 20:22:26,089 [pool-403-thread-1] INFO  impl.RaftServerImpl (ServerState.java:<init>(103)) - e4843b48-4806-49b2-aad5-7e0b2db51a98@group-BE1AD351796C: ConfigurationManager, init=-1: [d3a020a3-99ea-4855-a3b5-cd161cda6181:192.168.30.7:38302, 290608db-2fe0-4740-9352-ab16bc8555e9:192.168.30.7:44302, e4843b48-4806-49b2-aad5-7e0b2db51a98:192.168.30.7:32945], old=null, confs=<EMPTY_MAP>
2019-10-03 20:22:26,089 [pool-403-thread-1] INFO  server.RaftServerConfigKeys (ConfUtils.java:logGet(43)) - raft.server.storage.dir = [/workdir/hadoop-ozone/integration-test/target/test-dir/MiniOzoneClusterImpl-c26a5b86-160b-4e95-9b08-3e18975a4a6e/datanode-2/data/ratis] (custom)
2019-10-03 20:22:26,089 [pool-413-thread-1] INFO  server.RaftServerConfigKeys (ConfUtils.java:logGet(43)) - raft.server.log.corruption.policy = EXCEPTION (default)
2019-10-03 20:22:26,089 [pool-403-thread-1] INFO  server.RaftServerConfigKeys (ConfUtils.java:logGet(43)) - raft.server.log.corruption.policy = EXCEPTION (default)
2019-10-03 20:22:26,089 [pool-413-thread-1] INFO  storage.RaftStorageDirectory (RaftStorageDirectory.java:analyzeStorage(246)) - The storage directory /workdir/hadoop-ozone/integration-test/target/test-dir/MiniOzoneClusterImpl-c26a5b86-160b-4e95-9b08-3e18975a4a6e/datanode-3/data/ratis/b060697a-5097-4b28-8ead-be1ad351796c does not exist. Creating ...
2019-10-03 20:22:26,089 [pool-403-thread-1] INFO  storage.RaftStorageDirectory (RaftStorageDirectory.java:analyzeStorage(246)) - The storage directory /workdir/hadoop-ozone/integration-test/target/test-dir/MiniOzoneClusterImpl-c26a5b86-160b-4e95-9b08-3e18975a4a6e/datanode-2/data/ratis/b060697a-5097-4b28-8ead-be1ad351796c does not exist. Creating ...
2019-10-03 20:22:26,120 [pool-403-thread-1] INFO  storage.RaftStorageDirectory (RaftStorageDirectory.java:tryLock(328)) - Lock on /workdir/hadoop-ozone/integration-test/target/test-dir/MiniOzoneClusterImpl-c26a5b86-160b-4e95-9b08-3e18975a4a6e/datanode-2/data/ratis/b060697a-5097-4b28-8ead-be1ad351796c/in_use.lock acquired by nodename 12499@pr-hdds-2230-vt4bl-2581040744
2019-10-03 20:22:26,120 [pool-433-thread-1] INFO  storage.RaftStorageDirectory (RaftStorageDirectory.java:tryLock(328)) - Lock on /workdir/hadoop-ozone/integration-test/target/test-dir/MiniOzoneClusterImpl-c26a5b86-160b-4e95-9b08-3e18975a4a6e/datanode-5/data/ratis/b060697a-5097-4b28-8ead-be1ad351796c/in_use.lock acquired by nodename 12499@pr-hdds-2230-vt4bl-2581040744
2019-10-03 20:22:26,120 [pool-413-thread-1] INFO  storage.RaftStorageDirectory (RaftStorageDirectory.java:tryLock(328)) - Lock on /workdir/hadoop-ozone/integration-test/target/test-dir/MiniOzoneClusterImpl-c26a5b86-160b-4e95-9b08-3e18975a4a6e/datanode-3/data/ratis/b060697a-5097-4b28-8ead-be1ad351796c/in_use.lock acquired by nodename 12499@pr-hdds-2230-vt4bl-2581040744
2019-10-03 20:22:26,146 [pool-413-thread-1] INFO  storage.RaftStorage (RaftStorage.java:format(84)) - Storage directory /workdir/hadoop-ozone/integration-test/target/test-dir/MiniOzoneClusterImpl-c26a5b86-160b-4e95-9b08-3e18975a4a6e/datanode-3/data/ratis/b060697a-5097-4b28-8ead-be1ad351796c has been successfully formatted.
2019-10-03 20:22:26,146 [pool-403-thread-1] INFO  storage.RaftStorage (RaftStorage.java:format(84)) - Storage directory /workdir/hadoop-ozone/integration-test/target/test-dir/MiniOzoneClusterImpl-c26a5b86-160b-4e95-9b08-3e18975a4a6e/datanode-2/data/ratis/b060697a-5097-4b28-8ead-be1ad351796c has been successfully formatted.
2019-10-03 20:22:26,146 [pool-413-thread-1] INFO  ratis.ContainerStateMachine (ContainerStateMachine.java:loadSnapshot(230)) - group-BE1AD351796C: The snapshot info is null. Setting the last applied indexto:(t:0, i:~)
2019-10-03 20:22:26,146 [pool-433-thread-1] INFO  storage.RaftStorage (RaftStorage.java:format(84)) - Storage directory /workdir/hadoop-ozone/integration-test/target/test-dir/MiniOzoneClusterImpl-c26a5b86-160b-4e95-9b08-3e18975a4a6e/datanode-5/data/ratis/b060697a-5097-4b28-8ead-be1ad351796c has been successfully formatted.
2019-10-03 20:22:26,146 [pool-403-thread-1] INFO  ratis.ContainerStateMachine (ContainerStateMachine.java:loadSnapshot(230)) - group-BE1AD351796C: The snapshot info is null. Setting the last applied indexto:(t:0, i:~)
2019-10-03 20:22:26,146 [pool-413-thread-1] INFO  server.RaftServerConfigKeys (ConfUtils.java:logGet(43)) - raft.server.notification.no-leader.timeout = 120s (custom)
2019-10-03 20:22:26,146 [pool-403-thread-1] INFO  server.RaftServerConfigKeys (ConfUtils.java:logGet(43)) - raft.server.notification.no-leader.timeout = 120s (custom)
2019-10-03 20:22:26,146 [pool-433-thread-1] INFO  ratis.ContainerStateMachine (ContainerStateMachine.java:loadSnapshot(230)) - group-BE1AD351796C: The snapshot info is null. Setting the last applied indexto:(t:0, i:~)
2019-10-03 20:22:26,147 [pool-403-thread-1] INFO  server.RaftServerConfigKeys (ConfUtils.java:logGet(43)) - raft.server.log.use.memory = false (default)
2019-10-03 20:22:26,147 [pool-413-thread-1] INFO  server.RaftServerConfigKeys (ConfUtils.java:logGet(43)) - raft.server.log.use.memory = false (default)
2019-10-03 20:22:26,147 [pool-403-thread-1] INFO  server.RaftServerConfigKeys (ConfUtils.java:logGet(43)) - raft.server.log.purge.gap = 1000000 (custom)
2019-10-03 20:22:26,147 [pool-433-thread-1] INFO  server.RaftServerConfigKeys (ConfUtils.java:logGet(43)) - raft.server.notification.no-leader.timeout = 120s (custom)
2019-10-03 20:22:26,147 [pool-403-thread-1] INFO  server.RaftServerConfigKeys (ConfUtils.java:logGet(43)) - raft.server.log.appender.buffer.byte-limit = 33554432 (custom)
2019-10-03 20:22:26,147 [pool-413-thread-1] INFO  server.RaftServerConfigKeys (ConfUtils.java:logGet(43)) - raft.server.log.purge.gap = 1000000 (custom)
2019-10-03 20:22:26,147 [pool-403-thread-1] INFO  server.RaftServerConfigKeys (ConfUtils.java:logGet(43)) - raft.server.log.segment.size.max = 1048576 (custom)
2019-10-03 20:22:26,147 [pool-433-thread-1] INFO  server.RaftServerConfigKeys (ConfUtils.java:logGet(43)) - raft.server.log.use.memory = false (default)
2019-10-03 20:22:26,148 [pool-403-thread-1] INFO  server.RaftServerConfigKeys (ConfUtils.java:logGet(43)) - raft.server.log.segment.cache.num.max = 2 (custom)
2019-10-03 20:22:26,148 [pool-403-thread-1] INFO  segmented.SegmentedRaftLogWorker (SegmentedRaftLogWorker.java:<init>(173)) - new e4843b48-4806-49b2-aad5-7e0b2db51a98@group-BE1AD351796C-SegmentedRaftLogWorker for RaftStorage:Storage Directory /workdir/hadoop-ozone/integration-test/target/test-dir/MiniOzoneClusterImpl-c26a5b86-160b-4e95-9b08-3e18975a4a6e/datanode-2/data/ratis/b060697a-5097-4b28-8ead-be1ad351796c
2019-10-03 20:22:26,147 [pool-413-thread-1] INFO  server.RaftServerConfigKeys (ConfUtils.java:logGet(43)) - raft.server.log.appender.buffer.byte-limit = 33554432 (custom)
2019-10-03 20:22:26,148 [pool-403-thread-1] INFO  server.RaftServerConfigKeys (ConfUtils.java:logGet(43)) - raft.server.log.queue.byte-limit = 2147483647 (custom)
2019-10-03 20:22:26,148 [pool-403-thread-1] INFO  server.RaftServerConfigKeys (ConfUtils.java:logGet(43)) - raft.server.log.queue.element-limit = 1024 (custom)
2019-10-03 20:22:26,148 [pool-433-thread-1] INFO  server.RaftServerConfigKeys (ConfUtils.java:logGet(43)) - raft.server.log.purge.gap = 1000000 (custom)
2019-10-03 20:22:26,148 [pool-403-thread-1] INFO  server.RaftServerConfigKeys (ConfUtils.java:logGet(43)) - raft.server.log.segment.size.max = 1048576 (custom)
2019-10-03 20:22:26,148 [pool-413-thread-1] INFO  server.RaftServerConfigKeys (ConfUtils.java:logGet(43)) - raft.server.log.segment.size.max = 1048576 (custom)
2019-10-03 20:22:26,149 [pool-413-thread-1] INFO  server.RaftServerConfigKeys (ConfUtils.java:logGet(43)) - raft.server.log.segment.cache.num.max = 2 (custom)
2019-10-03 20:22:26,149 [pool-403-thread-1] INFO  server.RaftServerConfigKeys (ConfUtils.java:logGet(43)) - raft.server.log.preallocated.size = 16384 (custom)
2019-10-03 20:22:26,149 [pool-433-thread-1] INFO  server.RaftServerConfigKeys (ConfUtils.java:logGet(43)) - raft.server.log.appender.buffer.byte-limit = 33554432 (custom)
2019-10-03 20:22:26,149 [pool-403-thread-1] INFO  server.RaftServerConfigKeys (ConfUtils.java:logGet(43)) - raft.server.log.write.buffer.size = 33554432 (custom)
2019-10-03 20:22:26,149 [pool-403-thread-1] INFO  server.RaftServerConfigKeys (ConfUtils.java:logGet(43)) - raft.server.log.force.sync.num = 128 (default)
2019-10-03 20:22:26,149 [pool-413-thread-1] INFO  segmented.SegmentedRaftLogWorker (SegmentedRaftLogWorker.java:<init>(173)) - new 290608db-2fe0-4740-9352-ab16bc8555e9@group-BE1AD351796C-SegmentedRaftLogWorker for RaftStorage:Storage Directory /workdir/hadoop-ozone/integration-test/target/test-dir/MiniOzoneClusterImpl-c26a5b86-160b-4e95-9b08-3e18975a4a6e/datanode-3/data/ratis/b060697a-5097-4b28-8ead-be1ad351796c
2019-10-03 20:22:26,149 [pool-403-thread-1] INFO  server.RaftServerConfigKeys (ConfUtils.java:logGet(43)) - raft.server.log.statemachine.data.sync = true (default)
2019-10-03 20:22:26,150 [pool-403-thread-1] INFO  server.RaftServerConfigKeys (ConfUtils.java:logGet(43)) - raft.server.log.statemachine.data.sync.timeout = 10s (default)
2019-10-03 20:22:26,149 [pool-433-thread-1] INFO  server.RaftServerConfigKeys (ConfUtils.java:logGet(43)) - raft.server.log.segment.size.max = 1048576 (custom)
2019-10-03 20:22:26,150 [pool-403-thread-1] INFO  server.RaftServerConfigKeys (ConfUtils.java:logGet(43)) - raft.server.log.statemachine.data.sync.timeout.retry = -1 (default)
2019-10-03 20:22:26,150 [pool-413-thread-1] INFO  server.RaftServerConfigKeys (ConfUtils.java:logGet(43)) - raft.server.log.queue.byte-limit = 2147483647 (custom)
2019-10-03 20:22:26,150 [pool-403-thread-1] INFO  server.RaftServerConfigKeys (ConfUtils.java:logGet(43)) - raft.server.log.statemachine.data.caching.enabled = true (custom)
2019-10-03 20:22:26,150 [pool-433-thread-1] INFO  server.RaftServerConfigKeys (ConfUtils.java:logGet(43)) - raft.server.log.segment.cache.num.max = 2 (custom)
2019-10-03 20:22:26,150 [pool-403-thread-1] INFO  segmented.SegmentedRaftLogWorker (SegmentedRaftLogWorker.java:lambda$new$0(128)) - e4843b48-4806-49b2-aad5-7e0b2db51a98@group-BE1AD351796C-SegmentedRaftLogWorker: flushIndex: setUnconditionally 0 -> -1
2019-10-03 20:22:26,150 [pool-413-thread-1] INFO  server.RaftServerConfigKeys (ConfUtils.java:logGet(43)) - raft.server.log.queue.element-limit = 1024 (custom)
2019-10-03 20:22:26,150 [pool-433-thread-1] INFO  segmented.SegmentedRaftLogWorker (SegmentedRaftLogWorker.java:<init>(173)) - new d3a020a3-99ea-4855-a3b5-cd161cda6181@group-BE1AD351796C-SegmentedRaftLogWorker for RaftStorage:Storage Directory /workdir/hadoop-ozone/integration-test/target/test-dir/MiniOzoneClusterImpl-c26a5b86-160b-4e95-9b08-3e18975a4a6e/datanode-5/data/ratis/b060697a-5097-4b28-8ead-be1ad351796c
2019-10-03 20:22:26,151 [pool-413-thread-1] INFO  server.RaftServerConfigKeys (ConfUtils.java:logGet(43)) - raft.server.log.segment.size.max = 1048576 (custom)
2019-10-03 20:22:26,151 [pool-403-thread-1] INFO  server.RaftServerConfigKeys (ConfUtils.java:logGet(43)) - raft.server.snapshot.auto.trigger.enabled = true (custom)
2019-10-03 20:22:26,151 [pool-413-thread-1] INFO  server.RaftServerConfigKeys (ConfUtils.java:logGet(43)) - raft.server.log.preallocated.size = 16384 (custom)
2019-10-03 20:22:26,151 [pool-433-thread-1] INFO  server.RaftServerConfigKeys (ConfUtils.java:logGet(43)) - raft.server.log.queue.byte-limit = 2147483647 (custom)
2019-10-03 20:22:26,151 [pool-413-thread-1] INFO  server.RaftServerConfigKeys (ConfUtils.java:logGet(43)) - raft.server.log.write.buffer.size = 33554432 (custom)
2019-10-03 20:22:26,151 [pool-403-thread-1] INFO  server.RaftServerConfigKeys (ConfUtils.java:logGet(43)) - raft.server.snapshot.auto.trigger.threshold = 10000 (custom)
2019-10-03 20:22:26,151 [pool-413-thread-1] INFO  server.RaftServerConfigKeys (ConfUtils.java:logGet(43)) - raft.server.log.force.sync.num = 128 (default)
2019-10-03 20:22:26,151 [pool-433-thread-1] INFO  server.RaftServerConfigKeys (ConfUtils.java:logGet(43)) - raft.server.log.queue.element-limit = 1024 (custom)
2019-10-03 20:22:26,151 [pool-413-thread-1] INFO  server.RaftServerConfigKeys (ConfUtils.java:logGet(43)) - raft.server.log.statemachine.data.sync = true (default)
2019-10-03 20:22:26,151 [pool-403-thread-1] INFO  server.RaftServerConfigKeys (ConfUtils.java:logGet(43)) - raft.server.snapshot.retention.file.num = 5 (custom)
2019-10-03 20:22:26,152 [pool-413-thread-1] INFO  server.RaftServerConfigKeys (ConfUtils.java:logGet(43)) - raft.server.log.statemachine.data.sync.timeout = 10s (default)
2019-10-03 20:22:26,152 [pool-433-thread-1] INFO  server.RaftServerConfigKeys (ConfUtils.java:logGet(43)) - raft.server.log.segment.size.max = 1048576 (custom)
2019-10-03 20:22:26,152 [pool-413-thread-1] INFO  server.RaftServerConfigKeys (ConfUtils.java:logGet(43)) - raft.server.log.statemachine.data.sync.timeout.retry = -1 (default)
2019-10-03 20:22:26,152 [pool-403-thread-1] INFO  server.RaftServerConfigKeys (ConfUtils.java:logGet(43)) - raft.server.retrycache.expirytime = 600000ms (custom)
2019-10-03 20:22:26,152 [pool-413-thread-1] INFO  server.RaftServerConfigKeys (ConfUtils.java:logGet(43)) - raft.server.log.statemachine.data.caching.enabled = true (custom)
2019-10-03 20:22:26,152 [pool-433-thread-1] INFO  server.RaftServerConfigKeys (ConfUtils.java:logGet(43)) - raft.server.log.preallocated.size = 16384 (custom)
2019-10-03 20:22:26,152 [pool-413-thread-1] INFO  segmented.SegmentedRaftLogWorker (SegmentedRaftLogWorker.java:lambda$new$0(128)) - 290608db-2fe0-4740-9352-ab16bc8555e9@group-BE1AD351796C-SegmentedRaftLogWorker: flushIndex: setUnconditionally 0 -> -1
2019-10-03 20:22:26,152 [pool-433-thread-1] INFO  server.RaftServerConfigKeys (ConfUtils.java:logGet(43)) - raft.server.log.write.buffer.size = 33554432 (custom)
2019-10-03 20:22:26,153 [pool-433-thread-1] INFO  server.RaftServerConfigKeys (ConfUtils.java:logGet(43)) - raft.server.log.force.sync.num = 128 (default)
2019-10-03 20:22:26,153 [pool-413-thread-1] INFO  server.RaftServerConfigKeys (ConfUtils.java:logGet(43)) - raft.server.snapshot.auto.trigger.enabled = true (custom)
2019-10-03 20:22:26,153 [pool-433-thread-1] INFO  server.RaftServerConfigKeys (ConfUtils.java:logGet(43)) - raft.server.log.statemachine.data.sync = true (default)
2019-10-03 20:22:26,153 [pool-413-thread-1] INFO  server.RaftServerConfigKeys (ConfUtils.java:logGet(43)) - raft.server.snapshot.auto.trigger.threshold = 10000 (custom)
2019-10-03 20:22:26,153 [pool-433-thread-1] INFO  server.RaftServerConfigKeys (ConfUtils.java:logGet(43)) - raft.server.log.statemachine.data.sync.timeout = 10s (default)
2019-10-03 20:22:26,153 [pool-413-thread-1] INFO  server.RaftServerConfigKeys (ConfUtils.java:logGet(43)) - raft.server.snapshot.retention.file.num = 5 (custom)
2019-10-03 20:22:26,153 [pool-403-thread-1] INFO  impl.RaftServerImpl (RaftServerImpl.java:start(181)) - e4843b48-4806-49b2-aad5-7e0b2db51a98@group-BE1AD351796C: start as a follower, conf=-1: [d3a020a3-99ea-4855-a3b5-cd161cda6181:192.168.30.7:38302, 290608db-2fe0-4740-9352-ab16bc8555e9:192.168.30.7:44302, e4843b48-4806-49b2-aad5-7e0b2db51a98:192.168.30.7:32945], old=null
2019-10-03 20:22:26,153 [pool-433-thread-1] INFO  server.RaftServerConfigKeys (ConfUtils.java:logGet(43)) - raft.server.log.statemachine.data.sync.timeout.retry = -1 (default)
2019-10-03 20:22:26,153 [pool-403-thread-1] INFO  impl.RaftServerImpl (RaftServerImpl.java:setRole(170)) - e4843b48-4806-49b2-aad5-7e0b2db51a98@group-BE1AD351796C: changes role from      null to FOLLOWER at term 0 for startAsFollower
2019-10-03 20:22:26,154 [pool-433-thread-1] INFO  server.RaftServerConfigKeys (ConfUtils.java:logGet(43)) - raft.server.log.statemachine.data.caching.enabled = true (custom)
2019-10-03 20:22:26,153 [pool-413-thread-1] INFO  server.RaftServerConfigKeys (ConfUtils.java:logGet(43)) - raft.server.retrycache.expirytime = 600000ms (custom)
2019-10-03 20:22:26,154 [pool-403-thread-1] INFO  impl.RoleInfo (RoleInfo.java:updateAndGet(143)) - e4843b48-4806-49b2-aad5-7e0b2db51a98: start FollowerState
2019-10-03 20:22:26,154 [pool-433-thread-1] INFO  segmented.SegmentedRaftLogWorker (SegmentedRaftLogWorker.java:lambda$new$0(128)) - d3a020a3-99ea-4855-a3b5-cd161cda6181@group-BE1AD351796C-SegmentedRaftLogWorker: flushIndex: setUnconditionally 0 -> -1
2019-10-03 20:22:26,154 [pool-403-thread-1] INFO  util.JmxRegister (JmxRegister.java:tryRegister(44)) - Successfully registered JMX Bean with object name Ratis:service=RaftServer,group=group-BE1AD351796C,id=e4843b48-4806-49b2-aad5-7e0b2db51a98
2019-10-03 20:22:26,154 [pool-433-thread-1] INFO  server.RaftServerConfigKeys (ConfUtils.java:logGet(43)) - raft.server.snapshot.auto.trigger.enabled = true (custom)
2019-10-03 20:22:26,155 [pool-433-thread-1] INFO  server.RaftServerConfigKeys (ConfUtils.java:logGet(43)) - raft.server.snapshot.auto.trigger.threshold = 10000 (custom)
2019-10-03 20:22:26,155 [pool-433-thread-1] INFO  server.RaftServerConfigKeys (ConfUtils.java:logGet(43)) - raft.server.snapshot.retention.file.num = 5 (custom)
2019-10-03 20:22:26,155 [pool-433-thread-1] INFO  server.RaftServerConfigKeys (ConfUtils.java:logGet(43)) - raft.server.retrycache.expirytime = 600000ms (custom)
2019-10-03 20:22:26,157 [pool-413-thread-1] INFO  impl.RaftServerImpl (RaftServerImpl.java:start(181)) - 290608db-2fe0-4740-9352-ab16bc8555e9@group-BE1AD351796C: start as a follower, conf=-1: [d3a020a3-99ea-4855-a3b5-cd161cda6181:192.168.30.7:38302, 290608db-2fe0-4740-9352-ab16bc8555e9:192.168.30.7:44302, e4843b48-4806-49b2-aad5-7e0b2db51a98:192.168.30.7:32945], old=null
2019-10-03 20:22:26,157 [pool-413-thread-1] INFO  impl.RaftServerImpl (RaftServerImpl.java:setRole(170)) - 290608db-2fe0-4740-9352-ab16bc8555e9@group-BE1AD351796C: changes role from      null to FOLLOWER at term 0 for startAsFollower
2019-10-03 20:22:26,157 [pool-413-thread-1] INFO  impl.RoleInfo (RoleInfo.java:updateAndGet(143)) - 290608db-2fe0-4740-9352-ab16bc8555e9: start FollowerState
2019-10-03 20:22:26,157 [pool-413-thread-1] INFO  util.JmxRegister (JmxRegister.java:tryRegister(44)) - Successfully registered JMX Bean with object name Ratis:service=RaftServer,group=group-BE1AD351796C,id=290608db-2fe0-4740-9352-ab16bc8555e9
2019-10-03 20:22:26,158 [pool-433-thread-1] INFO  impl.RaftServerImpl (RaftServerImpl.java:start(181)) - d3a020a3-99ea-4855-a3b5-cd161cda6181@group-BE1AD351796C: start as a follower, conf=-1: [d3a020a3-99ea-4855-a3b5-cd161cda6181:192.168.30.7:38302, 290608db-2fe0-4740-9352-ab16bc8555e9:192.168.30.7:44302, e4843b48-4806-49b2-aad5-7e0b2db51a98:192.168.30.7:32945], old=null
2019-10-03 20:22:26,158 [pool-433-thread-1] INFO  impl.RaftServerImpl (RaftServerImpl.java:setRole(170)) - d3a020a3-99ea-4855-a3b5-cd161cda6181@group-BE1AD351796C: changes role from      null to FOLLOWER at term 0 for startAsFollower
2019-10-03 20:22:26,158 [pool-433-thread-1] INFO  impl.RoleInfo (RoleInfo.java:updateAndGet(143)) - d3a020a3-99ea-4855-a3b5-cd161cda6181: start FollowerState
2019-10-03 20:22:26,158 [pool-433-thread-1] INFO  util.JmxRegister (JmxRegister.java:tryRegister(44)) - Successfully registered JMX Bean with object name Ratis:service=RaftServer,group=group-BE1AD351796C,id=d3a020a3-99ea-4855-a3b5-cd161cda6181
2019-10-03 20:22:26,162 [RatisPipelineUtilsThread] INFO  pipeline.PipelineStateManager (PipelineStateManager.java:addPipeline(56)) - Created pipeline Pipeline[ Id: b060697a-5097-4b28-8ead-be1ad351796c, Nodes: d3a020a3-99ea-4855-a3b5-cd161cda6181{ip: 192.168.30.7, host: pr-hdds-2230-vt4bl-2581040744, networkLocation: /default-rack, certSerialId: null}290608db-2fe0-4740-9352-ab16bc8555e9{ip: 192.168.30.7, host: pr-hdds-2230-vt4bl-2581040744, networkLocation: /default-rack, certSerialId: null}e4843b48-4806-49b2-aad5-7e0b2db51a98{ip: 192.168.30.7, host: pr-hdds-2230-vt4bl-2581040744, networkLocation: /default-rack, certSerialId: null}, Type:RATIS, Factor:THREE, State:OPEN]
2019-10-03 20:22:26,481 [main] INFO  ozone.MiniOzoneClusterImpl (MiniOzoneClusterImpl.java:lambda$waitForClusterToBeReady$0(147)) - Cluster is ready. Got 7 of 7 DN Heartbeats.
2019-10-03 20:22:26,531 [main] INFO  rpc.RpcClient (RpcClient.java:createVolume(277)) - Creating Volume: watchforcommithandlingtest, with jenkins1000 as owner.
2019-10-03 20:22:26,534 [IPC Server handler 1 on 42894] INFO  volume.OMVolumeCreateRequest (OMVolumeCreateRequest.java:validateAndUpdateCache(193)) - created volume:watchforcommithandlingtest for user:jenkins1000
2019-10-03 20:22:26,546 [main] INFO  rpc.RpcClient (RpcClient.java:createBucket(416)) - Creating Bucket: watchforcommithandlingtest/watchforcommithandlingtest, with Versioning false and Storage Type set to DISK and Encryption set to false 
2019-10-03 20:22:26,550 [main] INFO  ozone.MiniOzoneClusterImpl (MiniOzoneClusterImpl.java:getStorageContainerLocationClient(234)) - Creating StorageContainerLocationProtocol RPC client with address /0.0.0.0:37649
2019-10-03 20:22:28,060 [Thread-2347] INFO  container.ReplicationManager (ReplicationManager.java:start(162)) - Starting Replication Monitor Thread.
2019-10-03 20:22:28,065 [ReplicationMonitor] INFO  container.ReplicationManager (ReplicationManager.java:run(225)) - Replication Monitor Thread took 0 milliseconds for processing 1 containers.
2019-10-03 20:22:30,670 [Thread-2349] INFO  impl.FollowerState (FollowerState.java:run(108)) - 0b33b14d-c869-4690-a2ea-3942a914e80a@group-FD6D1D328C56-FollowerState: change to CANDIDATE, lastRpcTime:5124ms, electionTimeout:5124ms
2019-10-03 20:22:30,670 [Thread-2349] INFO  impl.RoleInfo (RoleInfo.java:shutdownFollowerState(121)) - 0b33b14d-c869-4690-a2ea-3942a914e80a: shutdown FollowerState
2019-10-03 20:22:30,670 [Thread-2349] INFO  impl.RaftServerImpl (RaftServerImpl.java:setRole(170)) - 0b33b14d-c869-4690-a2ea-3942a914e80a@group-FD6D1D328C56: changes role from  FOLLOWER to CANDIDATE at term 0 for changeToCandidate
2019-10-03 20:22:30,670 [Thread-2349] INFO  impl.RoleInfo (RoleInfo.java:updateAndGet(143)) - 0b33b14d-c869-4690-a2ea-3942a914e80a: start LeaderElection
2019-10-03 20:22:30,680 [Thread-2352] INFO  impl.FollowerState (FollowerState.java:run(108)) - e79412df-6cad-4ff9-9624-3cbff68b4f9f@group-A2EC2F2B30E6-FollowerState: change to CANDIDATE, lastRpcTime:5064ms, electionTimeout:5064ms
2019-10-03 20:22:30,680 [Thread-2352] INFO  impl.RoleInfo (RoleInfo.java:shutdownFollowerState(121)) - e79412df-6cad-4ff9-9624-3cbff68b4f9f: shutdown FollowerState
2019-10-03 20:22:30,680 [Thread-2352] INFO  impl.RaftServerImpl (RaftServerImpl.java:setRole(170)) - e79412df-6cad-4ff9-9624-3cbff68b4f9f@group-A2EC2F2B30E6: changes role from  FOLLOWER to CANDIDATE at term 0 for changeToCandidate
2019-10-03 20:22:30,680 [Thread-2352] INFO  impl.RoleInfo (RoleInfo.java:updateAndGet(143)) - e79412df-6cad-4ff9-9624-3cbff68b4f9f: start LeaderElection
2019-10-03 20:22:30,698 [0b33b14d-c869-4690-a2ea-3942a914e80a@group-FD6D1D328C56-LeaderElection56] INFO  impl.LeaderElection (LeaderElection.java:askForVotes(178)) - 0b33b14d-c869-4690-a2ea-3942a914e80a@group-FD6D1D328C56-LeaderElection56: begin an election at term 1 for -1: [0b33b14d-c869-4690-a2ea-3942a914e80a:192.168.30.7:43773], old=null
2019-10-03 20:22:30,699 [0b33b14d-c869-4690-a2ea-3942a914e80a@group-FD6D1D328C56-LeaderElection56] INFO  impl.RoleInfo (RoleInfo.java:shutdownLeaderElection(134)) - 0b33b14d-c869-4690-a2ea-3942a914e80a: shutdown LeaderElection
2019-10-03 20:22:30,699 [0b33b14d-c869-4690-a2ea-3942a914e80a@group-FD6D1D328C56-LeaderElection56] INFO  impl.RaftServerImpl (RaftServerImpl.java:setRole(170)) - 0b33b14d-c869-4690-a2ea-3942a914e80a@group-FD6D1D328C56: changes role from CANDIDATE to LEADER at term 1 for changeToLeader
2019-10-03 20:22:30,699 [0b33b14d-c869-4690-a2ea-3942a914e80a@group-FD6D1D328C56-LeaderElection56] INFO  impl.RaftServerImpl (ServerState.java:setLeader(255)) - 0b33b14d-c869-4690-a2ea-3942a914e80a@group-FD6D1D328C56: change Leader from null to 0b33b14d-c869-4690-a2ea-3942a914e80a at term 1 for becomeLeader, leader elected after 5160ms
2019-10-03 20:22:30,699 [0b33b14d-c869-4690-a2ea-3942a914e80a@group-FD6D1D328C56-LeaderElection56] INFO  server.RaftServerConfigKeys (ConfUtils.java:logGet(43)) - raft.server.staging.catchup.gap = 1000 (default)
2019-10-03 20:22:30,699 [0b33b14d-c869-4690-a2ea-3942a914e80a@group-FD6D1D328C56-LeaderElection56] INFO  server.RaftServerConfigKeys (ConfUtils.java:logGet(43)) - raft.server.rpc.sleep.time = 25ms (default)
2019-10-03 20:22:30,699 [0b33b14d-c869-4690-a2ea-3942a914e80a@group-FD6D1D328C56-LeaderElection56] INFO  server.RaftServerConfigKeys (ConfUtils.java:logGet(43)) - raft.server.write.element-limit = 4096 (default)
2019-10-03 20:22:30,699 [0b33b14d-c869-4690-a2ea-3942a914e80a@group-FD6D1D328C56-LeaderElection56] INFO  server.RaftServerConfigKeys (ConfUtils.java:logGet(43)) - raft.server.watch.timeout = 10s (default)
2019-10-03 20:22:30,699 [0b33b14d-c869-4690-a2ea-3942a914e80a@group-FD6D1D328C56-LeaderElection56] INFO  server.RaftServerConfigKeys (ConfUtils.java:logGet(43)) - raft.server.watch.timeout.denomination = 1s (default)
2019-10-03 20:22:30,699 [0b33b14d-c869-4690-a2ea-3942a914e80a@group-FD6D1D328C56-LeaderElection56] INFO  server.RaftServerConfigKeys (ConfUtils.java:logGet(43)) - raft.server.watch.element-limit = 65536 (default)
2019-10-03 20:22:30,701 [0b33b14d-c869-4690-a2ea-3942a914e80a@group-FD6D1D328C56-LeaderElection56] INFO  impl.RoleInfo (RoleInfo.java:updateAndGet(143)) - 0b33b14d-c869-4690-a2ea-3942a914e80a: start LeaderState
2019-10-03 20:22:30,701 [0b33b14d-c869-4690-a2ea-3942a914e80a@group-FD6D1D328C56-LeaderElection56] INFO  segmented.SegmentedRaftLogWorker (SegmentedRaftLogWorker.java:startLogSegment(385)) - 0b33b14d-c869-4690-a2ea-3942a914e80a@group-FD6D1D328C56-SegmentedRaftLogWorker: Starting segment from index:0
2019-10-03 20:22:30,701 [0b33b14d-c869-4690-a2ea-3942a914e80a@group-FD6D1D328C56-LeaderElection56] INFO  impl.RaftServerImpl (ServerState.java:setRaftConf(356)) - 0b33b14d-c869-4690-a2ea-3942a914e80a@group-FD6D1D328C56: set configuration 0: [0b33b14d-c869-4690-a2ea-3942a914e80a:192.168.30.7:43773], old=null at 0
2019-10-03 20:22:30,722 [e79412df-6cad-4ff9-9624-3cbff68b4f9f@group-A2EC2F2B30E6-LeaderElection57] INFO  impl.LeaderElection (LeaderElection.java:askForVotes(178)) - e79412df-6cad-4ff9-9624-3cbff68b4f9f@group-A2EC2F2B30E6-LeaderElection57: begin an election at term 1 for -1: [e79412df-6cad-4ff9-9624-3cbff68b4f9f:192.168.30.7:40307], old=null
2019-10-03 20:22:30,722 [e79412df-6cad-4ff9-9624-3cbff68b4f9f@group-A2EC2F2B30E6-LeaderElection57] INFO  impl.RoleInfo (RoleInfo.java:shutdownLeaderElection(134)) - e79412df-6cad-4ff9-9624-3cbff68b4f9f: shutdown LeaderElection
2019-10-03 20:22:30,722 [e79412df-6cad-4ff9-9624-3cbff68b4f9f@group-A2EC2F2B30E6-LeaderElection57] INFO  impl.RaftServerImpl (RaftServerImpl.java:setRole(170)) - e79412df-6cad-4ff9-9624-3cbff68b4f9f@group-A2EC2F2B30E6: changes role from CANDIDATE to LEADER at term 1 for changeToLeader
2019-10-03 20:22:30,723 [e79412df-6cad-4ff9-9624-3cbff68b4f9f@group-A2EC2F2B30E6-LeaderElection57] INFO  impl.RaftServerImpl (ServerState.java:setLeader(255)) - e79412df-6cad-4ff9-9624-3cbff68b4f9f@group-A2EC2F2B30E6: change Leader from null to e79412df-6cad-4ff9-9624-3cbff68b4f9f at term 1 for becomeLeader, leader elected after 5112ms
2019-10-03 20:22:30,723 [e79412df-6cad-4ff9-9624-3cbff68b4f9f@group-A2EC2F2B30E6-LeaderElection57] INFO  server.RaftServerConfigKeys (ConfUtils.java:logGet(43)) - raft.server.staging.catchup.gap = 1000 (default)
2019-10-03 20:22:30,723 [e79412df-6cad-4ff9-9624-3cbff68b4f9f@group-A2EC2F2B30E6-LeaderElection57] INFO  server.RaftServerConfigKeys (ConfUtils.java:logGet(43)) - raft.server.rpc.sleep.time = 25ms (default)
2019-10-03 20:22:30,723 [e79412df-6cad-4ff9-9624-3cbff68b4f9f@group-A2EC2F2B30E6-LeaderElection57] INFO  server.RaftServerConfigKeys (ConfUtils.java:logGet(43)) - raft.server.write.element-limit = 4096 (default)
2019-10-03 20:22:30,723 [e79412df-6cad-4ff9-9624-3cbff68b4f9f@group-A2EC2F2B30E6-LeaderElection57] INFO  server.RaftServerConfigKeys (ConfUtils.java:logGet(43)) - raft.server.watch.timeout = 10s (default)
2019-10-03 20:22:30,723 [e79412df-6cad-4ff9-9624-3cbff68b4f9f@group-A2EC2F2B30E6-LeaderElection57] INFO  server.RaftServerConfigKeys (ConfUtils.java:logGet(43)) - raft.server.watch.timeout.denomination = 1s (default)
2019-10-03 20:22:30,724 [e79412df-6cad-4ff9-9624-3cbff68b4f9f@group-A2EC2F2B30E6-LeaderElection57] INFO  server.RaftServerConfigKeys (ConfUtils.java:logGet(43)) - raft.server.watch.element-limit = 65536 (default)
2019-10-03 20:22:30,726 [e79412df-6cad-4ff9-9624-3cbff68b4f9f@group-A2EC2F2B30E6-LeaderElection57] INFO  impl.RoleInfo (RoleInfo.java:updateAndGet(143)) - e79412df-6cad-4ff9-9624-3cbff68b4f9f: start LeaderState
2019-10-03 20:22:30,726 [e79412df-6cad-4ff9-9624-3cbff68b4f9f@group-A2EC2F2B30E6-LeaderElection57] INFO  segmented.SegmentedRaftLogWorker (SegmentedRaftLogWorker.java:startLogSegment(385)) - e79412df-6cad-4ff9-9624-3cbff68b4f9f@group-A2EC2F2B30E6-SegmentedRaftLogWorker: Starting segment from index:0
2019-10-03 20:22:30,727 [e79412df-6cad-4ff9-9624-3cbff68b4f9f@group-A2EC2F2B30E6-LeaderElection57] INFO  impl.RaftServerImpl (ServerState.java:setRaftConf(356)) - e79412df-6cad-4ff9-9624-3cbff68b4f9f@group-A2EC2F2B30E6: set configuration 0: [e79412df-6cad-4ff9-9624-3cbff68b4f9f:192.168.30.7:40307], old=null at 0
2019-10-03 20:22:30,744 [Thread-2355] INFO  impl.FollowerState (FollowerState.java:run(108)) - 21782bfb-25c9-4d2d-88c9-56014a80f93e@group-3CAB5F898221-FollowerState: change to CANDIDATE, lastRpcTime:5058ms, electionTimeout:5058ms
2019-10-03 20:22:30,744 [Thread-2355] INFO  impl.RoleInfo (RoleInfo.java:shutdownFollowerState(121)) - 21782bfb-25c9-4d2d-88c9-56014a80f93e: shutdown FollowerState
2019-10-03 20:22:30,744 [Thread-2355] INFO  impl.RaftServerImpl (RaftServerImpl.java:setRole(170)) - 21782bfb-25c9-4d2d-88c9-56014a80f93e@group-3CAB5F898221: changes role from  FOLLOWER to CANDIDATE at term 0 for changeToCandidate
2019-10-03 20:22:30,744 [Thread-2355] INFO  impl.RoleInfo (RoleInfo.java:updateAndGet(143)) - 21782bfb-25c9-4d2d-88c9-56014a80f93e: start LeaderElection
2019-10-03 20:22:30,757 [0b33b14d-c869-4690-a2ea-3942a914e80a@group-FD6D1D328C56-SegmentedRaftLogWorker] INFO  segmented.SegmentedRaftLogWorker (SegmentedRaftLogWorker.java:execute(574)) - 0b33b14d-c869-4690-a2ea-3942a914e80a@group-FD6D1D328C56-SegmentedRaftLogWorker: created new log segment /workdir/hadoop-ozone/integration-test/target/test-dir/MiniOzoneClusterImpl-c26a5b86-160b-4e95-9b08-3e18975a4a6e/datanode-0/data/ratis/662142cb-8d97-4290-8710-fd6d1d328c56/current/log_inprogress_0
2019-10-03 20:22:30,780 [e79412df-6cad-4ff9-9624-3cbff68b4f9f@group-A2EC2F2B30E6-SegmentedRaftLogWorker] INFO  segmented.SegmentedRaftLogWorker (SegmentedRaftLogWorker.java:execute(574)) - e79412df-6cad-4ff9-9624-3cbff68b4f9f@group-A2EC2F2B30E6-SegmentedRaftLogWorker: created new log segment /workdir/hadoop-ozone/integration-test/target/test-dir/MiniOzoneClusterImpl-c26a5b86-160b-4e95-9b08-3e18975a4a6e/datanode-1/data/ratis/66a696c4-7112-4ea3-864b-a2ec2f2b30e6/current/log_inprogress_0
2019-10-03 20:22:30,780 [21782bfb-25c9-4d2d-88c9-56014a80f93e@group-3CAB5F898221-LeaderElection58] INFO  impl.LeaderElection (LeaderElection.java:askForVotes(178)) - 21782bfb-25c9-4d2d-88c9-56014a80f93e@group-3CAB5F898221-LeaderElection58: begin an election at term 1 for -1: [21782bfb-25c9-4d2d-88c9-56014a80f93e:192.168.30.7:43514], old=null
2019-10-03 20:22:30,780 [21782bfb-25c9-4d2d-88c9-56014a80f93e@group-3CAB5F898221-LeaderElection58] INFO  impl.RoleInfo (RoleInfo.java:shutdownLeaderElection(134)) - 21782bfb-25c9-4d2d-88c9-56014a80f93e: shutdown LeaderElection
2019-10-03 20:22:30,780 [21782bfb-25c9-4d2d-88c9-56014a80f93e@group-3CAB5F898221-LeaderElection58] INFO  impl.RaftServerImpl (RaftServerImpl.java:setRole(170)) - 21782bfb-25c9-4d2d-88c9-56014a80f93e@group-3CAB5F898221: changes role from CANDIDATE to LEADER at term 1 for changeToLeader
2019-10-03 20:22:30,780 [21782bfb-25c9-4d2d-88c9-56014a80f93e@group-3CAB5F898221-LeaderElection58] INFO  impl.RaftServerImpl (ServerState.java:setLeader(255)) - 21782bfb-25c9-4d2d-88c9-56014a80f93e@group-3CAB5F898221: change Leader from null to 21782bfb-25c9-4d2d-88c9-56014a80f93e at term 1 for becomeLeader, leader elected after 5101ms
2019-10-03 20:22:30,781 [21782bfb-25c9-4d2d-88c9-56014a80f93e@group-3CAB5F898221-LeaderElection58] INFO  server.RaftServerConfigKeys (ConfUtils.java:logGet(43)) - raft.server.staging.catchup.gap = 1000 (default)
2019-10-03 20:22:30,781 [21782bfb-25c9-4d2d-88c9-56014a80f93e@group-3CAB5F898221-LeaderElection58] INFO  server.RaftServerConfigKeys (ConfUtils.java:logGet(43)) - raft.server.rpc.sleep.time = 25ms (default)
2019-10-03 20:22:30,781 [21782bfb-25c9-4d2d-88c9-56014a80f93e@group-3CAB5F898221-LeaderElection58] INFO  server.RaftServerConfigKeys (ConfUtils.java:logGet(43)) - raft.server.write.element-limit = 4096 (default)
2019-10-03 20:22:30,781 [21782bfb-25c9-4d2d-88c9-56014a80f93e@group-3CAB5F898221-LeaderElection58] INFO  server.RaftServerConfigKeys (ConfUtils.java:logGet(43)) - raft.server.watch.timeout = 10s (default)
2019-10-03 20:22:30,781 [21782bfb-25c9-4d2d-88c9-56014a80f93e@group-3CAB5F898221-LeaderElection58] INFO  server.RaftServerConfigKeys (ConfUtils.java:logGet(43)) - raft.server.watch.timeout.denomination = 1s (default)
2019-10-03 20:22:30,781 [21782bfb-25c9-4d2d-88c9-56014a80f93e@group-3CAB5F898221-LeaderElection58] INFO  server.RaftServerConfigKeys (ConfUtils.java:logGet(43)) - raft.server.watch.element-limit = 65536 (default)
2019-10-03 20:22:30,782 [21782bfb-25c9-4d2d-88c9-56014a80f93e@group-3CAB5F898221-LeaderElection58] INFO  impl.RoleInfo (RoleInfo.java:updateAndGet(143)) - 21782bfb-25c9-4d2d-88c9-56014a80f93e: start LeaderState
2019-10-03 20:22:30,782 [21782bfb-25c9-4d2d-88c9-56014a80f93e@group-3CAB5F898221-LeaderElection58] INFO  segmented.SegmentedRaftLogWorker (SegmentedRaftLogWorker.java:startLogSegment(385)) - 21782bfb-25c9-4d2d-88c9-56014a80f93e@group-3CAB5F898221-SegmentedRaftLogWorker: Starting segment from index:0
2019-10-03 20:22:30,782 [21782bfb-25c9-4d2d-88c9-56014a80f93e@group-3CAB5F898221-LeaderElection58] INFO  impl.RaftServerImpl (ServerState.java:setRaftConf(356)) - 21782bfb-25c9-4d2d-88c9-56014a80f93e@group-3CAB5F898221: set configuration 0: [21782bfb-25c9-4d2d-88c9-56014a80f93e:192.168.30.7:43514], old=null at 0
2019-10-03 20:22:30,837 [21782bfb-25c9-4d2d-88c9-56014a80f93e@group-3CAB5F898221-SegmentedRaftLogWorker] INFO  segmented.SegmentedRaftLogWorker (SegmentedRaftLogWorker.java:execute(574)) - 21782bfb-25c9-4d2d-88c9-56014a80f93e@group-3CAB5F898221-SegmentedRaftLogWorker: created new log segment /workdir/hadoop-ozone/integration-test/target/test-dir/MiniOzoneClusterImpl-c26a5b86-160b-4e95-9b08-3e18975a4a6e/datanode-4/data/ratis/06517574-2171-4476-a17c-3cab5f898221/current/log_inprogress_0
2019-10-03 20:22:30,920 [Thread-2358] INFO  impl.FollowerState (FollowerState.java:run(108)) - d3a020a3-99ea-4855-a3b5-cd161cda6181@group-1537564DA67E-FollowerState: change to CANDIDATE, lastRpcTime:5171ms, electionTimeout:5171ms
2019-10-03 20:22:30,921 [Thread-2358] INFO  impl.RoleInfo (RoleInfo.java:shutdownFollowerState(121)) - d3a020a3-99ea-4855-a3b5-cd161cda6181: shutdown FollowerState
2019-10-03 20:22:30,921 [Thread-2358] INFO  impl.RaftServerImpl (RaftServerImpl.java:setRole(170)) - d3a020a3-99ea-4855-a3b5-cd161cda6181@group-1537564DA67E: changes role from  FOLLOWER to CANDIDATE at term 0 for changeToCandidate
2019-10-03 20:22:30,921 [Thread-2358] INFO  impl.RoleInfo (RoleInfo.java:updateAndGet(143)) - d3a020a3-99ea-4855-a3b5-cd161cda6181: start LeaderElection
2019-10-03 20:22:30,947 [d3a020a3-99ea-4855-a3b5-cd161cda6181@group-1537564DA67E-LeaderElection59] INFO  impl.LeaderElection (LeaderElection.java:askForVotes(178)) - d3a020a3-99ea-4855-a3b5-cd161cda6181@group-1537564DA67E-LeaderElection59: begin an election at term 1 for -1: [d3a020a3-99ea-4855-a3b5-cd161cda6181:192.168.30.7:38302], old=null
2019-10-03 20:22:30,947 [d3a020a3-99ea-4855-a3b5-cd161cda6181@group-1537564DA67E-LeaderElection59] INFO  impl.RoleInfo (RoleInfo.java:shutdownLeaderElection(134)) - d3a020a3-99ea-4855-a3b5-cd161cda6181: shutdown LeaderElection
2019-10-03 20:22:30,947 [d3a020a3-99ea-4855-a3b5-cd161cda6181@group-1537564DA67E-LeaderElection59] INFO  impl.RaftServerImpl (RaftServerImpl.java:setRole(170)) - d3a020a3-99ea-4855-a3b5-cd161cda6181@group-1537564DA67E: changes role from CANDIDATE to LEADER at term 1 for changeToLeader
2019-10-03 20:22:30,947 [d3a020a3-99ea-4855-a3b5-cd161cda6181@group-1537564DA67E-LeaderElection59] INFO  impl.RaftServerImpl (ServerState.java:setLeader(255)) - d3a020a3-99ea-4855-a3b5-cd161cda6181@group-1537564DA67E: change Leader from null to d3a020a3-99ea-4855-a3b5-cd161cda6181 at term 1 for becomeLeader, leader elected after 5203ms
2019-10-03 20:22:30,947 [d3a020a3-99ea-4855-a3b5-cd161cda6181@group-1537564DA67E-LeaderElection59] INFO  server.RaftServerConfigKeys (ConfUtils.java:logGet(43)) - raft.server.staging.catchup.gap = 1000 (default)
2019-10-03 20:22:30,947 [d3a020a3-99ea-4855-a3b5-cd161cda6181@group-1537564DA67E-LeaderElection59] INFO  server.RaftServerConfigKeys (ConfUtils.java:logGet(43)) - raft.server.rpc.sleep.time = 25ms (default)
2019-10-03 20:22:30,947 [d3a020a3-99ea-4855-a3b5-cd161cda6181@group-1537564DA67E-LeaderElection59] INFO  server.RaftServerConfigKeys (ConfUtils.java:logGet(43)) - raft.server.write.element-limit = 4096 (default)
2019-10-03 20:22:30,947 [d3a020a3-99ea-4855-a3b5-cd161cda6181@group-1537564DA67E-LeaderElection59] INFO  server.RaftServerConfigKeys (ConfUtils.java:logGet(43)) - raft.server.watch.timeout = 10s (default)
2019-10-03 20:22:30,947 [d3a020a3-99ea-4855-a3b5-cd161cda6181@group-1537564DA67E-LeaderElection59] INFO  server.RaftServerConfigKeys (ConfUtils.java:logGet(43)) - raft.server.watch.timeout.denomination = 1s (default)
2019-10-03 20:22:30,947 [d3a020a3-99ea-4855-a3b5-cd161cda6181@group-1537564DA67E-LeaderElection59] INFO  server.RaftServerConfigKeys (ConfUtils.java:logGet(43)) - raft.server.watch.element-limit = 65536 (default)
2019-10-03 20:22:30,949 [d3a020a3-99ea-4855-a3b5-cd161cda6181@group-1537564DA67E-LeaderElection59] INFO  impl.RoleInfo (RoleInfo.java:updateAndGet(143)) - d3a020a3-99ea-4855-a3b5-cd161cda6181: start LeaderState
2019-10-03 20:22:30,949 [d3a020a3-99ea-4855-a3b5-cd161cda6181@group-1537564DA67E-LeaderElection59] INFO  segmented.SegmentedRaftLogWorker (SegmentedRaftLogWorker.java:startLogSegment(385)) - d3a020a3-99ea-4855-a3b5-cd161cda6181@group-1537564DA67E-SegmentedRaftLogWorker: Starting segment from index:0
2019-10-03 20:22:30,949 [d3a020a3-99ea-4855-a3b5-cd161cda6181@group-1537564DA67E-LeaderElection59] INFO  impl.RaftServerImpl (ServerState.java:setRaftConf(356)) - d3a020a3-99ea-4855-a3b5-cd161cda6181@group-1537564DA67E: set configuration 0: [d3a020a3-99ea-4855-a3b5-cd161cda6181:192.168.30.7:38302], old=null at 0
2019-10-03 20:22:30,978 [Thread-2364] INFO  impl.FollowerState (FollowerState.java:run(108)) - e4843b48-4806-49b2-aad5-7e0b2db51a98@group-FB484B9152C7-FollowerState: change to CANDIDATE, lastRpcTime:5051ms, electionTimeout:5051ms
2019-10-03 20:22:30,978 [Thread-2364] INFO  impl.RoleInfo (RoleInfo.java:shutdownFollowerState(121)) - e4843b48-4806-49b2-aad5-7e0b2db51a98: shutdown FollowerState
2019-10-03 20:22:30,978 [Thread-2364] INFO  impl.RaftServerImpl (RaftServerImpl.java:setRole(170)) - e4843b48-4806-49b2-aad5-7e0b2db51a98@group-FB484B9152C7: changes role from  FOLLOWER to CANDIDATE at term 0 for changeToCandidate
2019-10-03 20:22:30,978 [Thread-2364] INFO  impl.RoleInfo (RoleInfo.java:updateAndGet(143)) - e4843b48-4806-49b2-aad5-7e0b2db51a98: start LeaderElection
2019-10-03 20:22:30,998 [d3a020a3-99ea-4855-a3b5-cd161cda6181@group-1537564DA67E-SegmentedRaftLogWorker] INFO  segmented.SegmentedRaftLogWorker (SegmentedRaftLogWorker.java:execute(574)) - d3a020a3-99ea-4855-a3b5-cd161cda6181@group-1537564DA67E-SegmentedRaftLogWorker: created new log segment /workdir/hadoop-ozone/integration-test/target/test-dir/MiniOzoneClusterImpl-c26a5b86-160b-4e95-9b08-3e18975a4a6e/datanode-5/data/ratis/6fe356dc-ecef-4a09-8f7a-1537564da67e/current/log_inprogress_0
2019-10-03 20:22:31,017 [Thread-2361] INFO  impl.FollowerState (FollowerState.java:run(108)) - 290608db-2fe0-4740-9352-ab16bc8555e9@group-178C156DE9F9-FollowerState: change to CANDIDATE, lastRpcTime:5157ms, electionTimeout:5157ms
2019-10-03 20:22:31,017 [Thread-2361] INFO  impl.RoleInfo (RoleInfo.java:shutdownFollowerState(121)) - 290608db-2fe0-4740-9352-ab16bc8555e9: shutdown FollowerState
2019-10-03 20:22:31,017 [Thread-2361] INFO  impl.RaftServerImpl (RaftServerImpl.java:setRole(170)) - 290608db-2fe0-4740-9352-ab16bc8555e9@group-178C156DE9F9: changes role from  FOLLOWER to CANDIDATE at term 0 for changeToCandidate
2019-10-03 20:22:31,017 [Thread-2361] INFO  impl.RoleInfo (RoleInfo.java:updateAndGet(143)) - 290608db-2fe0-4740-9352-ab16bc8555e9: start LeaderElection
2019-10-03 20:22:31,024 [e4843b48-4806-49b2-aad5-7e0b2db51a98@group-FB484B9152C7-LeaderElection60] INFO  impl.LeaderElection (LeaderElection.java:askForVotes(178)) - e4843b48-4806-49b2-aad5-7e0b2db51a98@group-FB484B9152C7-LeaderElection60: begin an election at term 1 for -1: [e4843b48-4806-49b2-aad5-7e0b2db51a98:192.168.30.7:32945], old=null
2019-10-03 20:22:31,025 [e4843b48-4806-49b2-aad5-7e0b2db51a98@group-FB484B9152C7-LeaderElection60] INFO  impl.RoleInfo (RoleInfo.java:shutdownLeaderElection(134)) - e4843b48-4806-49b2-aad5-7e0b2db51a98: shutdown LeaderElection
2019-10-03 20:22:31,025 [e4843b48-4806-49b2-aad5-7e0b2db51a98@group-FB484B9152C7-LeaderElection60] INFO  impl.RaftServerImpl (RaftServerImpl.java:setRole(170)) - e4843b48-4806-49b2-aad5-7e0b2db51a98@group-FB484B9152C7: changes role from CANDIDATE to LEADER at term 1 for changeToLeader
2019-10-03 20:22:31,025 [e4843b48-4806-49b2-aad5-7e0b2db51a98@group-FB484B9152C7-LeaderElection60] INFO  impl.RaftServerImpl (ServerState.java:setLeader(255)) - e4843b48-4806-49b2-aad5-7e0b2db51a98@group-FB484B9152C7: change Leader from null to e4843b48-4806-49b2-aad5-7e0b2db51a98 at term 1 for becomeLeader, leader elected after 5107ms
2019-10-03 20:22:31,025 [e4843b48-4806-49b2-aad5-7e0b2db51a98@group-FB484B9152C7-LeaderElection60] INFO  server.RaftServerConfigKeys (ConfUtils.java:logGet(43)) - raft.server.staging.catchup.gap = 1000 (default)
2019-10-03 20:22:31,025 [e4843b48-4806-49b2-aad5-7e0b2db51a98@group-FB484B9152C7-LeaderElection60] INFO  server.RaftServerConfigKeys (ConfUtils.java:logGet(43)) - raft.server.rpc.sleep.time = 25ms (default)
2019-10-03 20:22:31,025 [e4843b48-4806-49b2-aad5-7e0b2db51a98@group-FB484B9152C7-LeaderElection60] INFO  server.RaftServerConfigKeys (ConfUtils.java:logGet(43)) - raft.server.write.element-limit = 4096 (default)
2019-10-03 20:22:31,025 [e4843b48-4806-49b2-aad5-7e0b2db51a98@group-FB484B9152C7-LeaderElection60] INFO  server.RaftServerConfigKeys (ConfUtils.java:logGet(43)) - raft.server.watch.timeout = 10s (default)
2019-10-03 20:22:31,026 [e4843b48-4806-49b2-aad5-7e0b2db51a98@group-FB484B9152C7-LeaderElection60] INFO  server.RaftServerConfigKeys (ConfUtils.java:logGet(43)) - raft.server.watch.timeout.denomination = 1s (default)
2019-10-03 20:22:31,026 [e4843b48-4806-49b2-aad5-7e0b2db51a98@group-FB484B9152C7-LeaderElection60] INFO  server.RaftServerConfigKeys (ConfUtils.java:logGet(43)) - raft.server.watch.element-limit = 65536 (default)
2019-10-03 20:22:31,027 [e4843b48-4806-49b2-aad5-7e0b2db51a98@group-FB484B9152C7-LeaderElection60] INFO  impl.RoleInfo (RoleInfo.java:updateAndGet(143)) - e4843b48-4806-49b2-aad5-7e0b2db51a98: start LeaderState
2019-10-03 20:22:31,027 [e4843b48-4806-49b2-aad5-7e0b2db51a98@group-FB484B9152C7-LeaderElection60] INFO  segmented.SegmentedRaftLogWorker (SegmentedRaftLogWorker.java:startLogSegment(385)) - e4843b48-4806-49b2-aad5-7e0b2db51a98@group-FB484B9152C7-SegmentedRaftLogWorker: Starting segment from index:0
2019-10-03 20:22:31,028 [e4843b48-4806-49b2-aad5-7e0b2db51a98@group-FB484B9152C7-LeaderElection60] INFO  impl.RaftServerImpl (ServerState.java:setRaftConf(356)) - e4843b48-4806-49b2-aad5-7e0b2db51a98@group-FB484B9152C7: set configuration 0: [e4843b48-4806-49b2-aad5-7e0b2db51a98:192.168.30.7:32945], old=null at 0
2019-10-03 20:22:31,050 [290608db-2fe0-4740-9352-ab16bc8555e9@group-178C156DE9F9-LeaderElection61] INFO  impl.LeaderElection (LeaderElection.java:askForVotes(178)) - 290608db-2fe0-4740-9352-ab16bc8555e9@group-178C156DE9F9-LeaderElection61: begin an election at term 1 for -1: [290608db-2fe0-4740-9352-ab16bc8555e9:192.168.30.7:44302], old=null
2019-10-03 20:22:31,050 [290608db-2fe0-4740-9352-ab16bc8555e9@group-178C156DE9F9-LeaderElection61] INFO  impl.RoleInfo (RoleInfo.java:shutdownLeaderElection(134)) - 290608db-2fe0-4740-9352-ab16bc8555e9: shutdown LeaderElection
2019-10-03 20:22:31,050 [290608db-2fe0-4740-9352-ab16bc8555e9@group-178C156DE9F9-LeaderElection61] INFO  impl.RaftServerImpl (RaftServerImpl.java:setRole(170)) - 290608db-2fe0-4740-9352-ab16bc8555e9@group-178C156DE9F9: changes role from CANDIDATE to LEADER at term 1 for changeToLeader
2019-10-03 20:22:31,050 [290608db-2fe0-4740-9352-ab16bc8555e9@group-178C156DE9F9-LeaderElection61] INFO  impl.RaftServerImpl (ServerState.java:setLeader(255)) - 290608db-2fe0-4740-9352-ab16bc8555e9@group-178C156DE9F9: change Leader from null to 290608db-2fe0-4740-9352-ab16bc8555e9 at term 1 for becomeLeader, leader elected after 5198ms
2019-10-03 20:22:31,050 [290608db-2fe0-4740-9352-ab16bc8555e9@group-178C156DE9F9-LeaderElection61] INFO  server.RaftServerConfigKeys (ConfUtils.java:logGet(43)) - raft.server.staging.catchup.gap = 1000 (default)
2019-10-03 20:22:31,050 [290608db-2fe0-4740-9352-ab16bc8555e9@group-178C156DE9F9-LeaderElection61] INFO  server.RaftServerConfigKeys (ConfUtils.java:logGet(43)) - raft.server.rpc.sleep.time = 25ms (default)
2019-10-03 20:22:31,050 [290608db-2fe0-4740-9352-ab16bc8555e9@group-178C156DE9F9-LeaderElection61] INFO  server.RaftServerConfigKeys (ConfUtils.java:logGet(43)) - raft.server.write.element-limit = 4096 (default)
2019-10-03 20:22:31,050 [290608db-2fe0-4740-9352-ab16bc8555e9@group-178C156DE9F9-LeaderElection61] INFO  server.RaftServerConfigKeys (ConfUtils.java:logGet(43)) - raft.server.watch.timeout = 10s (default)
2019-10-03 20:22:31,050 [290608db-2fe0-4740-9352-ab16bc8555e9@group-178C156DE9F9-LeaderElection61] INFO  server.RaftServerConfigKeys (ConfUtils.java:logGet(43)) - raft.server.watch.timeout.denomination = 1s (default)
2019-10-03 20:22:31,051 [290608db-2fe0-4740-9352-ab16bc8555e9@group-178C156DE9F9-LeaderElection61] INFO  server.RaftServerConfigKeys (ConfUtils.java:logGet(43)) - raft.server.watch.element-limit = 65536 (default)
2019-10-03 20:22:31,052 [290608db-2fe0-4740-9352-ab16bc8555e9@group-178C156DE9F9-LeaderElection61] INFO  impl.RoleInfo (RoleInfo.java:updateAndGet(143)) - 290608db-2fe0-4740-9352-ab16bc8555e9: start LeaderState
2019-10-03 20:22:31,052 [290608db-2fe0-4740-9352-ab16bc8555e9@group-178C156DE9F9-LeaderElection61] INFO  segmented.SegmentedRaftLogWorker (SegmentedRaftLogWorker.java:startLogSegment(385)) - 290608db-2fe0-4740-9352-ab16bc8555e9@group-178C156DE9F9-SegmentedRaftLogWorker: Starting segment from index:0
2019-10-03 20:22:31,052 [290608db-2fe0-4740-9352-ab16bc8555e9@group-178C156DE9F9-LeaderElection61] INFO  impl.RaftServerImpl (ServerState.java:setRaftConf(356)) - 290608db-2fe0-4740-9352-ab16bc8555e9@group-178C156DE9F9: set configuration 0: [290608db-2fe0-4740-9352-ab16bc8555e9:192.168.30.7:44302], old=null at 0
2019-10-03 20:22:31,067 [e4843b48-4806-49b2-aad5-7e0b2db51a98@group-FB484B9152C7-SegmentedRaftLogWorker] INFO  segmented.SegmentedRaftLogWorker (SegmentedRaftLogWorker.java:execute(574)) - e4843b48-4806-49b2-aad5-7e0b2db51a98@group-FB484B9152C7-SegmentedRaftLogWorker: created new log segment /workdir/hadoop-ozone/integration-test/target/test-dir/MiniOzoneClusterImpl-c26a5b86-160b-4e95-9b08-3e18975a4a6e/datanode-2/data/ratis/6bef3556-7c64-4eea-a38b-fb484b9152c7/current/log_inprogress_0
2019-10-03 20:22:31,084 [Thread-2370] INFO  impl.FollowerState (FollowerState.java:run(108)) - 21782bfb-25c9-4d2d-88c9-56014a80f93e@group-DDD8B88BFEC2-FollowerState: change to CANDIDATE, lastRpcTime:5016ms, electionTimeout:5016ms
2019-10-03 20:22:31,084 [Thread-2370] INFO  impl.RoleInfo (RoleInfo.java:shutdownFollowerState(121)) - 21782bfb-25c9-4d2d-88c9-56014a80f93e: shutdown FollowerState
2019-10-03 20:22:31,085 [Thread-2370] INFO  impl.RaftServerImpl (RaftServerImpl.java:setRole(170)) - 21782bfb-25c9-4d2d-88c9-56014a80f93e@group-DDD8B88BFEC2: changes role from  FOLLOWER to CANDIDATE at term 0 for changeToCandidate
2019-10-03 20:22:31,085 [Thread-2370] INFO  impl.RoleInfo (RoleInfo.java:updateAndGet(143)) - 21782bfb-25c9-4d2d-88c9-56014a80f93e: start LeaderElection
2019-10-03 20:22:31,092 [290608db-2fe0-4740-9352-ab16bc8555e9@group-178C156DE9F9-SegmentedRaftLogWorker] INFO  segmented.SegmentedRaftLogWorker (SegmentedRaftLogWorker.java:execute(574)) - 290608db-2fe0-4740-9352-ab16bc8555e9@group-178C156DE9F9-SegmentedRaftLogWorker: created new log segment /workdir/hadoop-ozone/integration-test/target/test-dir/MiniOzoneClusterImpl-c26a5b86-160b-4e95-9b08-3e18975a4a6e/datanode-3/data/ratis/94719098-a667-49e0-85dc-178c156de9f9/current/log_inprogress_0
2019-10-03 20:22:31,110 [21782bfb-25c9-4d2d-88c9-56014a80f93e@group-DDD8B88BFEC2-LeaderElection62] INFO  impl.LeaderElection (LeaderElection.java:askForVotes(178)) - 21782bfb-25c9-4d2d-88c9-56014a80f93e@group-DDD8B88BFEC2-LeaderElection62: begin an election at term 1 for -1: [e79412df-6cad-4ff9-9624-3cbff68b4f9f:192.168.30.7:40307, 21782bfb-25c9-4d2d-88c9-56014a80f93e:192.168.30.7:43514, 0b33b14d-c869-4690-a2ea-3942a914e80a:192.168.30.7:43773], old=null
2019-10-03 20:22:31,113 [grpc-default-executor-4] INFO  impl.RaftServerImpl (RaftServerImpl.java:setRole(170)) - 0b33b14d-c869-4690-a2ea-3942a914e80a@group-DDD8B88BFEC2: changes role from  FOLLOWER to FOLLOWER at term 1 for recognizeCandidate:21782bfb-25c9-4d2d-88c9-56014a80f93e
2019-10-03 20:22:31,113 [grpc-default-executor-7] INFO  impl.RaftServerImpl (RaftServerImpl.java:setRole(170)) - e79412df-6cad-4ff9-9624-3cbff68b4f9f@group-DDD8B88BFEC2: changes role from  FOLLOWER to FOLLOWER at term 1 for recognizeCandidate:21782bfb-25c9-4d2d-88c9-56014a80f93e
2019-10-03 20:22:31,113 [grpc-default-executor-4] INFO  impl.RoleInfo (RoleInfo.java:shutdownFollowerState(121)) - 0b33b14d-c869-4690-a2ea-3942a914e80a: shutdown FollowerState
2019-10-03 20:22:31,113 [grpc-default-executor-7] INFO  impl.RoleInfo (RoleInfo.java:shutdownFollowerState(121)) - e79412df-6cad-4ff9-9624-3cbff68b4f9f: shutdown FollowerState
2019-10-03 20:22:31,113 [Thread-2374] INFO  impl.FollowerState (FollowerState.java:run(117)) - 0b33b14d-c869-4690-a2ea-3942a914e80a@group-DDD8B88BFEC2-FollowerState was interrupted: java.lang.InterruptedException: sleep interrupted
2019-10-03 20:22:31,113 [Thread-2375] INFO  impl.FollowerState (FollowerState.java:run(117)) - e79412df-6cad-4ff9-9624-3cbff68b4f9f@group-DDD8B88BFEC2-FollowerState was interrupted: java.lang.InterruptedException: sleep interrupted
2019-10-03 20:22:31,113 [grpc-default-executor-4] INFO  impl.RoleInfo (RoleInfo.java:updateAndGet(143)) - 0b33b14d-c869-4690-a2ea-3942a914e80a: start FollowerState
2019-10-03 20:22:31,113 [grpc-default-executor-7] INFO  impl.RoleInfo (RoleInfo.java:updateAndGet(143)) - e79412df-6cad-4ff9-9624-3cbff68b4f9f: start FollowerState
2019-10-03 20:22:31,136 [21782bfb-25c9-4d2d-88c9-56014a80f93e@group-DDD8B88BFEC2-LeaderElection62] INFO  impl.LeaderElection (LeaderElection.java:logAndReturn(56)) - 21782bfb-25c9-4d2d-88c9-56014a80f93e@group-DDD8B88BFEC2-LeaderElection62: Election PASSED; received 1 response(s) [21782bfb-25c9-4d2d-88c9-56014a80f93e<-e79412df-6cad-4ff9-9624-3cbff68b4f9f#0:OK-t1] and 0 exception(s); 21782bfb-25c9-4d2d-88c9-56014a80f93e@group-DDD8B88BFEC2:t1, leader=null, voted=21782bfb-25c9-4d2d-88c9-56014a80f93e, raftlog=21782bfb-25c9-4d2d-88c9-56014a80f93e@group-DDD8B88BFEC2-SegmentedRaftLog:OPENED:c-1,f-1,i0, conf=-1: [e79412df-6cad-4ff9-9624-3cbff68b4f9f:192.168.30.7:40307, 21782bfb-25c9-4d2d-88c9-56014a80f93e:192.168.30.7:43514, 0b33b14d-c869-4690-a2ea-3942a914e80a:192.168.30.7:43773], old=null
2019-10-03 20:22:31,136 [21782bfb-25c9-4d2d-88c9-56014a80f93e@group-DDD8B88BFEC2-LeaderElection62] INFO  impl.RoleInfo (RoleInfo.java:shutdownLeaderElection(134)) - 21782bfb-25c9-4d2d-88c9-56014a80f93e: shutdown LeaderElection
2019-10-03 20:22:31,136 [21782bfb-25c9-4d2d-88c9-56014a80f93e@group-DDD8B88BFEC2-LeaderElection62] INFO  impl.RaftServerImpl (RaftServerImpl.java:setRole(170)) - 21782bfb-25c9-4d2d-88c9-56014a80f93e@group-DDD8B88BFEC2: changes role from CANDIDATE to LEADER at term 1 for changeToLeader
2019-10-03 20:22:31,137 [21782bfb-25c9-4d2d-88c9-56014a80f93e@group-DDD8B88BFEC2-LeaderElection62] INFO  impl.RaftServerImpl (ServerState.java:setLeader(255)) - 21782bfb-25c9-4d2d-88c9-56014a80f93e@group-DDD8B88BFEC2: change Leader from null to 21782bfb-25c9-4d2d-88c9-56014a80f93e at term 1 for becomeLeader, leader elected after 5075ms
2019-10-03 20:22:31,137 [21782bfb-25c9-4d2d-88c9-56014a80f93e@group-DDD8B88BFEC2-LeaderElection62] INFO  server.RaftServerConfigKeys (ConfUtils.java:logGet(43)) - raft.server.staging.catchup.gap = 1000 (default)
2019-10-03 20:22:31,137 [21782bfb-25c9-4d2d-88c9-56014a80f93e@group-DDD8B88BFEC2-LeaderElection62] INFO  server.RaftServerConfigKeys (ConfUtils.java:logGet(43)) - raft.server.rpc.sleep.time = 25ms (default)
2019-10-03 20:22:31,137 [21782bfb-25c9-4d2d-88c9-56014a80f93e@group-DDD8B88BFEC2-LeaderElection62] INFO  server.RaftServerConfigKeys (ConfUtils.java:logGet(43)) - raft.server.write.element-limit = 4096 (default)
2019-10-03 20:22:31,137 [21782bfb-25c9-4d2d-88c9-56014a80f93e@group-DDD8B88BFEC2-LeaderElection62] INFO  server.RaftServerConfigKeys (ConfUtils.java:logGet(43)) - raft.server.watch.timeout = 10s (default)
2019-10-03 20:22:31,137 [21782bfb-25c9-4d2d-88c9-56014a80f93e@group-DDD8B88BFEC2-LeaderElection62] INFO  server.RaftServerConfigKeys (ConfUtils.java:logGet(43)) - raft.server.watch.timeout.denomination = 1s (default)
2019-10-03 20:22:31,137 [21782bfb-25c9-4d2d-88c9-56014a80f93e@group-DDD8B88BFEC2-LeaderElection62] INFO  server.RaftServerConfigKeys (ConfUtils.java:logGet(43)) - raft.server.watch.element-limit = 65536 (default)
2019-10-03 20:22:31,138 [21782bfb-25c9-4d2d-88c9-56014a80f93e@group-DDD8B88BFEC2-LeaderElection62] INFO  server.RaftServerConfigKeys (ConfUtils.java:logGet(43)) - raft.server.log.appender.snapshot.chunk.size.max = 16MB (=16777216) (default)
2019-10-03 20:22:31,138 [21782bfb-25c9-4d2d-88c9-56014a80f93e@group-DDD8B88BFEC2-LeaderElection62] INFO  server.RaftServerConfigKeys (ConfUtils.java:logGet(43)) - raft.server.log.appender.buffer.byte-limit = 33554432 (custom)
2019-10-03 20:22:31,138 [21782bfb-25c9-4d2d-88c9-56014a80f93e@group-DDD8B88BFEC2-LeaderElection62] INFO  server.RaftServerConfigKeys (ConfUtils.java:logGet(43)) - raft.server.log.appender.buffer.element-limit = 1 (custom)
2019-10-03 20:22:31,138 [21782bfb-25c9-4d2d-88c9-56014a80f93e@group-DDD8B88BFEC2-LeaderElection62] INFO  grpc.GrpcConfigKeys$Server (ConfUtils.java:logGet(43)) - raft.grpc.server.leader.outstanding.appends.max = 128 (default)
2019-10-03 20:22:31,138 [21782bfb-25c9-4d2d-88c9-56014a80f93e@group-DDD8B88BFEC2-LeaderElection62] INFO  server.RaftServerConfigKeys (ConfUtils.java:logGet(43)) - raft.server.rpc.request.timeout = 3000ms (default)
2019-10-03 20:22:31,139 [21782bfb-25c9-4d2d-88c9-56014a80f93e@group-DDD8B88BFEC2-LeaderElection62] INFO  server.RaftServerConfigKeys (ConfUtils.java:logGet(43)) - raft.server.log.appender.install.snapshot.enabled = false (custom)
2019-10-03 20:22:31,139 [21782bfb-25c9-4d2d-88c9-56014a80f93e@group-DDD8B88BFEC2-LeaderElection62] INFO  server.RaftServerConfigKeys (ConfUtils.java:logGet(43)) - raft.server.log.appender.snapshot.chunk.size.max = 16MB (=16777216) (default)
2019-10-03 20:22:31,139 [21782bfb-25c9-4d2d-88c9-56014a80f93e@group-DDD8B88BFEC2-LeaderElection62] INFO  server.RaftServerConfigKeys (ConfUtils.java:logGet(43)) - raft.server.log.appender.buffer.byte-limit = 33554432 (custom)
2019-10-03 20:22:31,139 [21782bfb-25c9-4d2d-88c9-56014a80f93e@group-DDD8B88BFEC2-LeaderElection62] INFO  server.RaftServerConfigKeys (ConfUtils.java:logGet(43)) - raft.server.log.appender.buffer.element-limit = 1 (custom)
2019-10-03 20:22:31,139 [21782bfb-25c9-4d2d-88c9-56014a80f93e@group-DDD8B88BFEC2-LeaderElection62] INFO  grpc.GrpcConfigKeys$Server (ConfUtils.java:logGet(43)) - raft.grpc.server.leader.outstanding.appends.max = 128 (default)
2019-10-03 20:22:31,139 [21782bfb-25c9-4d2d-88c9-56014a80f93e@group-DDD8B88BFEC2-LeaderElection62] INFO  server.RaftServerConfigKeys (ConfUtils.java:logGet(43)) - raft.server.rpc.request.timeout = 3000ms (default)
2019-10-03 20:22:31,139 [21782bfb-25c9-4d2d-88c9-56014a80f93e@group-DDD8B88BFEC2-LeaderElection62] INFO  server.RaftServerConfigKeys (ConfUtils.java:logGet(43)) - raft.server.log.appender.install.snapshot.enabled = false (custom)
2019-10-03 20:22:31,139 [21782bfb-25c9-4d2d-88c9-56014a80f93e@group-DDD8B88BFEC2-LeaderElection62] INFO  impl.RoleInfo (RoleInfo.java:updateAndGet(143)) - 21782bfb-25c9-4d2d-88c9-56014a80f93e: start LeaderState
2019-10-03 20:22:31,139 [21782bfb-25c9-4d2d-88c9-56014a80f93e@group-DDD8B88BFEC2-LeaderElection62] INFO  segmented.SegmentedRaftLogWorker (SegmentedRaftLogWorker.java:startLogSegment(385)) - 21782bfb-25c9-4d2d-88c9-56014a80f93e@group-DDD8B88BFEC2-SegmentedRaftLogWorker: Starting segment from index:0
2019-10-03 20:22:31,140 [21782bfb-25c9-4d2d-88c9-56014a80f93e@group-DDD8B88BFEC2-LeaderElection62] INFO  impl.RaftServerImpl (ServerState.java:setRaftConf(356)) - 21782bfb-25c9-4d2d-88c9-56014a80f93e@group-DDD8B88BFEC2: set configuration 0: [e79412df-6cad-4ff9-9624-3cbff68b4f9f:192.168.30.7:40307, 21782bfb-25c9-4d2d-88c9-56014a80f93e:192.168.30.7:43514, 0b33b14d-c869-4690-a2ea-3942a914e80a:192.168.30.7:43773], old=null at 0
2019-10-03 20:22:31,166 [Thread-2380] INFO  impl.FollowerState (FollowerState.java:run(108)) - e4843b48-4806-49b2-aad5-7e0b2db51a98@group-BE1AD351796C-FollowerState: change to CANDIDATE, lastRpcTime:5012ms, electionTimeout:5012ms
2019-10-03 20:22:31,166 [Thread-2380] INFO  impl.RoleInfo (RoleInfo.java:shutdownFollowerState(121)) - e4843b48-4806-49b2-aad5-7e0b2db51a98: shutdown FollowerState
2019-10-03 20:22:31,167 [Thread-2380] INFO  impl.RaftServerImpl (RaftServerImpl.java:setRole(170)) - e4843b48-4806-49b2-aad5-7e0b2db51a98@group-BE1AD351796C: changes role from  FOLLOWER to CANDIDATE at term 0 for changeToCandidate
2019-10-03 20:22:31,167 [Thread-2380] INFO  impl.RoleInfo (RoleInfo.java:updateAndGet(143)) - e4843b48-4806-49b2-aad5-7e0b2db51a98: start LeaderElection
2019-10-03 20:22:31,169 [grpc-default-executor-4] INFO  impl.RaftServerImpl (ServerState.java:setLeader(255)) - 0b33b14d-c869-4690-a2ea-3942a914e80a@group-DDD8B88BFEC2: change Leader from null to 21782bfb-25c9-4d2d-88c9-56014a80f93e at term 1 for appendEntries, leader elected after 5108ms
2019-10-03 20:22:31,183 [Thread-2367] INFO  impl.FollowerState (FollowerState.java:run(108)) - 40a7305f-af30-476b-986a-4ab52d02b5e3@group-CCC8F02C5B90-FollowerState: change to CANDIDATE, lastRpcTime:5188ms, electionTimeout:5186ms
2019-10-03 20:22:31,184 [grpc-default-executor-7] INFO  impl.RaftServerImpl (ServerState.java:setLeader(255)) - e79412df-6cad-4ff9-9624-3cbff68b4f9f@group-DDD8B88BFEC2: change Leader from null to 21782bfb-25c9-4d2d-88c9-56014a80f93e at term 1 for appendEntries, leader elected after 5122ms
2019-10-03 20:22:31,184 [Thread-2367] INFO  impl.RoleInfo (RoleInfo.java:shutdownFollowerState(121)) - 40a7305f-af30-476b-986a-4ab52d02b5e3: shutdown FollowerState
2019-10-03 20:22:31,184 [Thread-2367] INFO  impl.RaftServerImpl (RaftServerImpl.java:setRole(170)) - 40a7305f-af30-476b-986a-4ab52d02b5e3@group-CCC8F02C5B90: changes role from  FOLLOWER to CANDIDATE at term 0 for changeToCandidate
2019-10-03 20:22:31,187 [Thread-2367] INFO  impl.RoleInfo (RoleInfo.java:updateAndGet(143)) - 40a7305f-af30-476b-986a-4ab52d02b5e3: start LeaderElection
2019-10-03 20:22:31,192 [grpc-default-executor-4] INFO  impl.RaftServerImpl (ServerState.java:setRaftConf(356)) - e79412df-6cad-4ff9-9624-3cbff68b4f9f@group-DDD8B88BFEC2: set configuration 0: [e79412df-6cad-4ff9-9624-3cbff68b4f9f:192.168.30.7:40307, 21782bfb-25c9-4d2d-88c9-56014a80f93e:192.168.30.7:43514, 0b33b14d-c869-4690-a2ea-3942a914e80a:192.168.30.7:43773], old=null at 0
2019-10-03 20:22:31,192 [grpc-default-executor-7] INFO  impl.RaftServerImpl (ServerState.java:setRaftConf(356)) - 0b33b14d-c869-4690-a2ea-3942a914e80a@group-DDD8B88BFEC2: set configuration 0: [e79412df-6cad-4ff9-9624-3cbff68b4f9f:192.168.30.7:40307, 21782bfb-25c9-4d2d-88c9-56014a80f93e:192.168.30.7:43514, 0b33b14d-c869-4690-a2ea-3942a914e80a:192.168.30.7:43773], old=null at 0
2019-10-03 20:22:31,192 [grpc-default-executor-4] INFO  segmented.SegmentedRaftLogWorker (SegmentedRaftLogWorker.java:startLogSegment(385)) - e79412df-6cad-4ff9-9624-3cbff68b4f9f@group-DDD8B88BFEC2-SegmentedRaftLogWorker: Starting segment from index:0
2019-10-03 20:22:31,192 [grpc-default-executor-7] INFO  segmented.SegmentedRaftLogWorker (SegmentedRaftLogWorker.java:startLogSegment(385)) - 0b33b14d-c869-4690-a2ea-3942a914e80a@group-DDD8B88BFEC2-SegmentedRaftLogWorker: Starting segment from index:0
2019-10-03 20:22:31,195 [21782bfb-25c9-4d2d-88c9-56014a80f93e@group-DDD8B88BFEC2-SegmentedRaftLogWorker] INFO  segmented.SegmentedRaftLogWorker (SegmentedRaftLogWorker.java:execute(574)) - 21782bfb-25c9-4d2d-88c9-56014a80f93e@group-DDD8B88BFEC2-SegmentedRaftLogWorker: created new log segment /workdir/hadoop-ozone/integration-test/target/test-dir/MiniOzoneClusterImpl-c26a5b86-160b-4e95-9b08-3e18975a4a6e/datanode-4/data/ratis/68532079-102e-471f-a078-ddd8b88bfec2/current/log_inprogress_0
2019-10-03 20:22:31,212 [40a7305f-af30-476b-986a-4ab52d02b5e3@group-CCC8F02C5B90-LeaderElection64] INFO  impl.LeaderElection (LeaderElection.java:askForVotes(178)) - 40a7305f-af30-476b-986a-4ab52d02b5e3@group-CCC8F02C5B90-LeaderElection64: begin an election at term 1 for -1: [40a7305f-af30-476b-986a-4ab52d02b5e3:192.168.30.7:34282], old=null
2019-10-03 20:22:31,212 [e4843b48-4806-49b2-aad5-7e0b2db51a98@group-BE1AD351796C-LeaderElection63] INFO  impl.LeaderElection (LeaderElection.java:askForVotes(178)) - e4843b48-4806-49b2-aad5-7e0b2db51a98@group-BE1AD351796C-LeaderElection63: begin an election at term 1 for -1: [d3a020a3-99ea-4855-a3b5-cd161cda6181:192.168.30.7:38302, 290608db-2fe0-4740-9352-ab16bc8555e9:192.168.30.7:44302, e4843b48-4806-49b2-aad5-7e0b2db51a98:192.168.30.7:32945], old=null
2019-10-03 20:22:31,213 [40a7305f-af30-476b-986a-4ab52d02b5e3@group-CCC8F02C5B90-LeaderElection64] INFO  impl.RoleInfo (RoleInfo.java:shutdownLeaderElection(134)) - 40a7305f-af30-476b-986a-4ab52d02b5e3: shutdown LeaderElection
2019-10-03 20:22:31,213 [40a7305f-af30-476b-986a-4ab52d02b5e3@group-CCC8F02C5B90-LeaderElection64] INFO  impl.RaftServerImpl (RaftServerImpl.java:setRole(170)) - 40a7305f-af30-476b-986a-4ab52d02b5e3@group-CCC8F02C5B90: changes role from CANDIDATE to LEADER at term 1 for changeToLeader
2019-10-03 20:22:31,213 [40a7305f-af30-476b-986a-4ab52d02b5e3@group-CCC8F02C5B90-LeaderElection64] INFO  impl.RaftServerImpl (ServerState.java:setLeader(255)) - 40a7305f-af30-476b-986a-4ab52d02b5e3@group-CCC8F02C5B90: change Leader from null to 40a7305f-af30-476b-986a-4ab52d02b5e3 at term 1 for becomeLeader, leader elected after 5224ms
2019-10-03 20:22:31,213 [40a7305f-af30-476b-986a-4ab52d02b5e3@group-CCC8F02C5B90-LeaderElection64] INFO  server.RaftServerConfigKeys (ConfUtils.java:logGet(43)) - raft.server.staging.catchup.gap = 1000 (default)
2019-10-03 20:22:31,213 [40a7305f-af30-476b-986a-4ab52d02b5e3@group-CCC8F02C5B90-LeaderElection64] INFO  server.RaftServerConfigKeys (ConfUtils.java:logGet(43)) - raft.server.rpc.sleep.time = 25ms (default)
2019-10-03 20:22:31,213 [40a7305f-af30-476b-986a-4ab52d02b5e3@group-CCC8F02C5B90-LeaderElection64] INFO  server.RaftServerConfigKeys (ConfUtils.java:logGet(43)) - raft.server.write.element-limit = 4096 (default)
2019-10-03 20:22:31,213 [40a7305f-af30-476b-986a-4ab52d02b5e3@group-CCC8F02C5B90-LeaderElection64] INFO  server.RaftServerConfigKeys (ConfUtils.java:logGet(43)) - raft.server.watch.timeout = 10s (default)
2019-10-03 20:22:31,213 [40a7305f-af30-476b-986a-4ab52d02b5e3@group-CCC8F02C5B90-LeaderElection64] INFO  server.RaftServerConfigKeys (ConfUtils.java:logGet(43)) - raft.server.watch.timeout.denomination = 1s (default)
2019-10-03 20:22:31,214 [40a7305f-af30-476b-986a-4ab52d02b5e3@group-CCC8F02C5B90-LeaderElection64] INFO  server.RaftServerConfigKeys (ConfUtils.java:logGet(43)) - raft.server.watch.element-limit = 65536 (default)
2019-10-03 20:22:31,228 [40a7305f-af30-476b-986a-4ab52d02b5e3@group-CCC8F02C5B90-LeaderElection64] INFO  impl.RoleInfo (RoleInfo.java:updateAndGet(143)) - 40a7305f-af30-476b-986a-4ab52d02b5e3: start LeaderState
2019-10-03 20:22:31,228 [40a7305f-af30-476b-986a-4ab52d02b5e3@group-CCC8F02C5B90-LeaderElection64] INFO  segmented.SegmentedRaftLogWorker (SegmentedRaftLogWorker.java:startLogSegment(385)) - 40a7305f-af30-476b-986a-4ab52d02b5e3@group-CCC8F02C5B90-SegmentedRaftLogWorker: Starting segment from index:0
2019-10-03 20:22:31,255 [grpc-default-executor-4] INFO  impl.RaftServerImpl (RaftServerImpl.java:setRole(170)) - d3a020a3-99ea-4855-a3b5-cd161cda6181@group-BE1AD351796C: changes role from  FOLLOWER to FOLLOWER at term 1 for recognizeCandidate:e4843b48-4806-49b2-aad5-7e0b2db51a98
2019-10-03 20:22:31,255 [0b33b14d-c869-4690-a2ea-3942a914e80a@group-DDD8B88BFEC2-SegmentedRaftLogWorker] INFO  segmented.SegmentedRaftLogWorker (SegmentedRaftLogWorker.java:execute(574)) - 0b33b14d-c869-4690-a2ea-3942a914e80a@group-DDD8B88BFEC2-SegmentedRaftLogWorker: created new log segment /workdir/hadoop-ozone/integration-test/target/test-dir/MiniOzoneClusterImpl-c26a5b86-160b-4e95-9b08-3e18975a4a6e/datanode-0/data/ratis/68532079-102e-471f-a078-ddd8b88bfec2/current/log_inprogress_0
2019-10-03 20:22:31,255 [e79412df-6cad-4ff9-9624-3cbff68b4f9f@group-DDD8B88BFEC2-SegmentedRaftLogWorker] INFO  segmented.SegmentedRaftLogWorker (SegmentedRaftLogWorker.java:execute(574)) - e79412df-6cad-4ff9-9624-3cbff68b4f9f@group-DDD8B88BFEC2-SegmentedRaftLogWorker: created new log segment /workdir/hadoop-ozone/integration-test/target/test-dir/MiniOzoneClusterImpl-c26a5b86-160b-4e95-9b08-3e18975a4a6e/datanode-1/data/ratis/68532079-102e-471f-a078-ddd8b88bfec2/current/log_inprogress_0
2019-10-03 20:22:31,258 [grpc-default-executor-7] INFO  impl.RaftServerImpl (RaftServerImpl.java:setRole(170)) - 290608db-2fe0-4740-9352-ab16bc8555e9@group-BE1AD351796C: changes role from  FOLLOWER to FOLLOWER at term 1 for recognizeCandidate:e4843b48-4806-49b2-aad5-7e0b2db51a98
2019-10-03 20:22:31,256 [grpc-default-executor-4] INFO  impl.RoleInfo (RoleInfo.java:shutdownFollowerState(121)) - d3a020a3-99ea-4855-a3b5-cd161cda6181: shutdown FollowerState
2019-10-03 20:22:31,258 [grpc-default-executor-7] INFO  impl.RoleInfo (RoleInfo.java:shutdownFollowerState(121)) - 290608db-2fe0-4740-9352-ab16bc8555e9: shutdown FollowerState
2019-10-03 20:22:31,258 [grpc-default-executor-4] INFO  impl.RoleInfo (RoleInfo.java:updateAndGet(143)) - d3a020a3-99ea-4855-a3b5-cd161cda6181: start FollowerState
2019-10-03 20:22:31,258 [40a7305f-af30-476b-986a-4ab52d02b5e3@group-CCC8F02C5B90-LeaderElection64] INFO  impl.RaftServerImpl (ServerState.java:setRaftConf(356)) - 40a7305f-af30-476b-986a-4ab52d02b5e3@group-CCC8F02C5B90: set configuration 0: [40a7305f-af30-476b-986a-4ab52d02b5e3:192.168.30.7:34282], old=null at 0
2019-10-03 20:22:31,258 [Thread-2382] INFO  impl.FollowerState (FollowerState.java:run(117)) - 290608db-2fe0-4740-9352-ab16bc8555e9@group-BE1AD351796C-FollowerState was interrupted: java.lang.InterruptedException: sleep interrupted
2019-10-03 20:22:31,258 [grpc-default-executor-7] INFO  impl.RoleInfo (RoleInfo.java:updateAndGet(143)) - 290608db-2fe0-4740-9352-ab16bc8555e9: start FollowerState
2019-10-03 20:22:31,258 [Thread-2384] INFO  impl.FollowerState (FollowerState.java:run(117)) - d3a020a3-99ea-4855-a3b5-cd161cda6181@group-BE1AD351796C-FollowerState was interrupted: java.lang.InterruptedException: sleep interrupted
2019-10-03 20:22:31,280 [40a7305f-af30-476b-986a-4ab52d02b5e3@group-CCC8F02C5B90-SegmentedRaftLogWorker] INFO  segmented.SegmentedRaftLogWorker (SegmentedRaftLogWorker.java:execute(574)) - 40a7305f-af30-476b-986a-4ab52d02b5e3@group-CCC8F02C5B90-SegmentedRaftLogWorker: created new log segment /workdir/hadoop-ozone/integration-test/target/test-dir/MiniOzoneClusterImpl-c26a5b86-160b-4e95-9b08-3e18975a4a6e/datanode-6/data/ratis/69f203e4-ae0b-428b-9825-ccc8f02c5b90/current/log_inprogress_0
2019-10-03 20:22:31,281 [e4843b48-4806-49b2-aad5-7e0b2db51a98@group-BE1AD351796C-LeaderElection63] INFO  impl.LeaderElection (LeaderElection.java:logAndReturn(56)) - e4843b48-4806-49b2-aad5-7e0b2db51a98@group-BE1AD351796C-LeaderElection63: Election PASSED; received 1 response(s) [e4843b48-4806-49b2-aad5-7e0b2db51a98<-d3a020a3-99ea-4855-a3b5-cd161cda6181#0:OK-t1] and 0 exception(s); e4843b48-4806-49b2-aad5-7e0b2db51a98@group-BE1AD351796C:t1, leader=null, voted=e4843b48-4806-49b2-aad5-7e0b2db51a98, raftlog=e4843b48-4806-49b2-aad5-7e0b2db51a98@group-BE1AD351796C-SegmentedRaftLog:OPENED:c-1,f-1,i0, conf=-1: [d3a020a3-99ea-4855-a3b5-cd161cda6181:192.168.30.7:38302, 290608db-2fe0-4740-9352-ab16bc8555e9:192.168.30.7:44302, e4843b48-4806-49b2-aad5-7e0b2db51a98:192.168.30.7:32945], old=null
2019-10-03 20:22:31,281 [e4843b48-4806-49b2-aad5-7e0b2db51a98@group-BE1AD351796C-LeaderElection63] INFO  impl.RoleInfo (RoleInfo.java:shutdownLeaderElection(134)) - e4843b48-4806-49b2-aad5-7e0b2db51a98: shutdown LeaderElection
2019-10-03 20:22:31,281 [e4843b48-4806-49b2-aad5-7e0b2db51a98@group-BE1AD351796C-LeaderElection63] INFO  impl.RaftServerImpl (RaftServerImpl.java:setRole(170)) - e4843b48-4806-49b2-aad5-7e0b2db51a98@group-BE1AD351796C: changes role from CANDIDATE to LEADER at term 1 for changeToLeader
2019-10-03 20:22:31,281 [e4843b48-4806-49b2-aad5-7e0b2db51a98@group-BE1AD351796C-LeaderElection63] INFO  impl.RaftServerImpl (ServerState.java:setLeader(255)) - e4843b48-4806-49b2-aad5-7e0b2db51a98@group-BE1AD351796C: change Leader from null to e4843b48-4806-49b2-aad5-7e0b2db51a98 at term 1 for becomeLeader, leader elected after 5134ms
2019-10-03 20:22:31,281 [e4843b48-4806-49b2-aad5-7e0b2db51a98@group-BE1AD351796C-LeaderElection63] INFO  server.RaftServerConfigKeys (ConfUtils.java:logGet(43)) - raft.server.staging.catchup.gap = 1000 (default)
2019-10-03 20:22:31,282 [e4843b48-4806-49b2-aad5-7e0b2db51a98@group-BE1AD351796C-LeaderElection63] INFO  server.RaftServerConfigKeys (ConfUtils.java:logGet(43)) - raft.server.rpc.sleep.time = 25ms (default)
2019-10-03 20:22:31,282 [e4843b48-4806-49b2-aad5-7e0b2db51a98@group-BE1AD351796C-LeaderElection63] INFO  server.RaftServerConfigKeys (ConfUtils.java:logGet(43)) - raft.server.write.element-limit = 4096 (default)
2019-10-03 20:22:31,282 [e4843b48-4806-49b2-aad5-7e0b2db51a98@group-BE1AD351796C-LeaderElection63] INFO  server.RaftServerConfigKeys (ConfUtils.java:logGet(43)) - raft.server.watch.timeout = 10s (default)
2019-10-03 20:22:31,282 [e4843b48-4806-49b2-aad5-7e0b2db51a98@group-BE1AD351796C-LeaderElection63] INFO  server.RaftServerConfigKeys (ConfUtils.java:logGet(43)) - raft.server.watch.timeout.denomination = 1s (default)
2019-10-03 20:22:31,282 [e4843b48-4806-49b2-aad5-7e0b2db51a98@group-BE1AD351796C-LeaderElection63] INFO  server.RaftServerConfigKeys (ConfUtils.java:logGet(43)) - raft.server.watch.element-limit = 65536 (default)
2019-10-03 20:22:31,283 [e4843b48-4806-49b2-aad5-7e0b2db51a98@group-BE1AD351796C-LeaderElection63] INFO  server.RaftServerConfigKeys (ConfUtils.java:logGet(43)) - raft.server.log.appender.snapshot.chunk.size.max = 16MB (=16777216) (default)
2019-10-03 20:22:31,283 [e4843b48-4806-49b2-aad5-7e0b2db51a98@group-BE1AD351796C-LeaderElection63] INFO  server.RaftServerConfigKeys (ConfUtils.java:logGet(43)) - raft.server.log.appender.buffer.byte-limit = 33554432 (custom)
2019-10-03 20:22:31,283 [e4843b48-4806-49b2-aad5-7e0b2db51a98@group-BE1AD351796C-LeaderElection63] INFO  server.RaftServerConfigKeys (ConfUtils.java:logGet(43)) - raft.server.log.appender.buffer.element-limit = 1 (custom)
2019-10-03 20:22:31,283 [e4843b48-4806-49b2-aad5-7e0b2db51a98@group-BE1AD351796C-LeaderElection63] INFO  grpc.GrpcConfigKeys$Server (ConfUtils.java:logGet(43)) - raft.grpc.server.leader.outstanding.appends.max = 128 (default)
2019-10-03 20:22:31,283 [e4843b48-4806-49b2-aad5-7e0b2db51a98@group-BE1AD351796C-LeaderElection63] INFO  server.RaftServerConfigKeys (ConfUtils.java:logGet(43)) - raft.server.rpc.request.timeout = 3000ms (default)
2019-10-03 20:22:31,283 [e4843b48-4806-49b2-aad5-7e0b2db51a98@group-BE1AD351796C-LeaderElection63] INFO  server.RaftServerConfigKeys (ConfUtils.java:logGet(43)) - raft.server.log.appender.install.snapshot.enabled = false (custom)
2019-10-03 20:22:31,284 [e4843b48-4806-49b2-aad5-7e0b2db51a98@group-BE1AD351796C-LeaderElection63] INFO  server.RaftServerConfigKeys (ConfUtils.java:logGet(43)) - raft.server.log.appender.snapshot.chunk.size.max = 16MB (=16777216) (default)
2019-10-03 20:22:31,284 [e4843b48-4806-49b2-aad5-7e0b2db51a98@group-BE1AD351796C-LeaderElection63] INFO  server.RaftServerConfigKeys (ConfUtils.java:logGet(43)) - raft.server.log.appender.buffer.byte-limit = 33554432 (custom)
2019-10-03 20:22:31,284 [e4843b48-4806-49b2-aad5-7e0b2db51a98@group-BE1AD351796C-LeaderElection63] INFO  server.RaftServerConfigKeys (ConfUtils.java:logGet(43)) - raft.server.log.appender.buffer.element-limit = 1 (custom)
2019-10-03 20:22:31,284 [e4843b48-4806-49b2-aad5-7e0b2db51a98@group-BE1AD351796C-LeaderElection63] INFO  grpc.GrpcConfigKeys$Server (ConfUtils.java:logGet(43)) - raft.grpc.server.leader.outstanding.appends.max = 128 (default)
2019-10-03 20:22:31,284 [e4843b48-4806-49b2-aad5-7e0b2db51a98@group-BE1AD351796C-LeaderElection63] INFO  server.RaftServerConfigKeys (ConfUtils.java:logGet(43)) - raft.server.rpc.request.timeout = 3000ms (default)
2019-10-03 20:22:31,284 [e4843b48-4806-49b2-aad5-7e0b2db51a98@group-BE1AD351796C-LeaderElection63] INFO  server.RaftServerConfigKeys (ConfUtils.java:logGet(43)) - raft.server.log.appender.install.snapshot.enabled = false (custom)
2019-10-03 20:22:31,284 [e4843b48-4806-49b2-aad5-7e0b2db51a98@group-BE1AD351796C-LeaderElection63] INFO  impl.RoleInfo (RoleInfo.java:updateAndGet(143)) - e4843b48-4806-49b2-aad5-7e0b2db51a98: start LeaderState
2019-10-03 20:22:31,284 [e4843b48-4806-49b2-aad5-7e0b2db51a98@group-BE1AD351796C-LeaderElection63] INFO  segmented.SegmentedRaftLogWorker (SegmentedRaftLogWorker.java:startLogSegment(385)) - e4843b48-4806-49b2-aad5-7e0b2db51a98@group-BE1AD351796C-SegmentedRaftLogWorker: Starting segment from index:0
2019-10-03 20:22:31,285 [e4843b48-4806-49b2-aad5-7e0b2db51a98@group-BE1AD351796C-LeaderElection63] INFO  impl.RaftServerImpl (ServerState.java:setRaftConf(356)) - e4843b48-4806-49b2-aad5-7e0b2db51a98@group-BE1AD351796C: set configuration 0: [d3a020a3-99ea-4855-a3b5-cd161cda6181:192.168.30.7:38302, 290608db-2fe0-4740-9352-ab16bc8555e9:192.168.30.7:44302, e4843b48-4806-49b2-aad5-7e0b2db51a98:192.168.30.7:32945], old=null at 0
2019-10-03 20:22:31,309 [grpc-default-executor-7] INFO  impl.RaftServerImpl (ServerState.java:setLeader(255)) - d3a020a3-99ea-4855-a3b5-cd161cda6181@group-BE1AD351796C: change Leader from null to e4843b48-4806-49b2-aad5-7e0b2db51a98 at term 1 for appendEntries, leader elected after 5162ms
2019-10-03 20:22:31,309 [grpc-default-executor-4] INFO  impl.RaftServerImpl (ServerState.java:setLeader(255)) - 290608db-2fe0-4740-9352-ab16bc8555e9@group-BE1AD351796C: change Leader from null to e4843b48-4806-49b2-aad5-7e0b2db51a98 at term 1 for appendEntries, leader elected after 5163ms
2019-10-03 20:22:31,311 [grpc-default-executor-7] INFO  impl.RaftServerImpl (ServerState.java:setRaftConf(356)) - 290608db-2fe0-4740-9352-ab16bc8555e9@group-BE1AD351796C: set configuration 0: [d3a020a3-99ea-4855-a3b5-cd161cda6181:192.168.30.7:38302, 290608db-2fe0-4740-9352-ab16bc8555e9:192.168.30.7:44302, e4843b48-4806-49b2-aad5-7e0b2db51a98:192.168.30.7:32945], old=null at 0
2019-10-03 20:22:31,311 [grpc-default-executor-4] INFO  impl.RaftServerImpl (ServerState.java:setRaftConf(356)) - d3a020a3-99ea-4855-a3b5-cd161cda6181@group-BE1AD351796C: set configuration 0: [d3a020a3-99ea-4855-a3b5-cd161cda6181:192.168.30.7:38302, 290608db-2fe0-4740-9352-ab16bc8555e9:192.168.30.7:44302, e4843b48-4806-49b2-aad5-7e0b2db51a98:192.168.30.7:32945], old=null at 0
2019-10-03 20:22:31,311 [grpc-default-executor-7] INFO  segmented.SegmentedRaftLogWorker (SegmentedRaftLogWorker.java:startLogSegment(385)) - 290608db-2fe0-4740-9352-ab16bc8555e9@group-BE1AD351796C-SegmentedRaftLogWorker: Starting segment from index:0
2019-10-03 20:22:31,311 [grpc-default-executor-4] INFO  segmented.SegmentedRaftLogWorker (SegmentedRaftLogWorker.java:startLogSegment(385)) - d3a020a3-99ea-4855-a3b5-cd161cda6181@group-BE1AD351796C-SegmentedRaftLogWorker: Starting segment from index:0
2019-10-03 20:22:31,331 [e4843b48-4806-49b2-aad5-7e0b2db51a98@group-BE1AD351796C-SegmentedRaftLogWorker] INFO  segmented.SegmentedRaftLogWorker (SegmentedRaftLogWorker.java:execute(574)) - e4843b48-4806-49b2-aad5-7e0b2db51a98@group-BE1AD351796C-SegmentedRaftLogWorker: created new log segment /workdir/hadoop-ozone/integration-test/target/test-dir/MiniOzoneClusterImpl-c26a5b86-160b-4e95-9b08-3e18975a4a6e/datanode-2/data/ratis/b060697a-5097-4b28-8ead-be1ad351796c/current/log_inprogress_0
2019-10-03 20:22:31,357 [290608db-2fe0-4740-9352-ab16bc8555e9@group-BE1AD351796C-SegmentedRaftLogWorker] INFO  segmented.SegmentedRaftLogWorker (SegmentedRaftLogWorker.java:execute(574)) - 290608db-2fe0-4740-9352-ab16bc8555e9@group-BE1AD351796C-SegmentedRaftLogWorker: created new log segment /workdir/hadoop-ozone/integration-test/target/test-dir/MiniOzoneClusterImpl-c26a5b86-160b-4e95-9b08-3e18975a4a6e/datanode-3/data/ratis/b060697a-5097-4b28-8ead-be1ad351796c/current/log_inprogress_0
2019-10-03 20:22:31,357 [d3a020a3-99ea-4855-a3b5-cd161cda6181@group-BE1AD351796C-SegmentedRaftLogWorker] INFO  segmented.SegmentedRaftLogWorker (SegmentedRaftLogWorker.java:execute(574)) - d3a020a3-99ea-4855-a3b5-cd161cda6181@group-BE1AD351796C-SegmentedRaftLogWorker: created new log segment /workdir/hadoop-ozone/integration-test/target/test-dir/MiniOzoneClusterImpl-c26a5b86-160b-4e95-9b08-3e18975a4a6e/datanode-5/data/ratis/b060697a-5097-4b28-8ead-be1ad351796c/current/log_inprogress_0
2019-10-03 20:22:31,915 [Datanode State Machine Thread - 0] INFO  statemachine.DatanodeStateMachine (DatanodeStateMachine.java:lambda$startDaemon$0(350)) - Ozone container server started.
2019-10-03 20:22:36,886 [main] INFO  ozoneimpl.OzoneContainer (OzoneContainer.java:stop(231)) - Attempting to stop container services.
2019-10-03 20:22:36,886 [main] INFO  impl.RaftServerProxy (RaftServerProxy.java:lambda$close$4(314)) - e79412df-6cad-4ff9-9624-3cbff68b4f9f: close
2019-10-03 20:22:36,887 [main] INFO  impl.RaftServerImpl (RaftServerImpl.java:lambda$shutdown$3(247)) - e79412df-6cad-4ff9-9624-3cbff68b4f9f@group-DDD8B88BFEC2: shutdown
2019-10-03 20:22:36,887 [ForkJoinPool.commonPool-worker-0] INFO  impl.RaftServerImpl (RaftServerImpl.java:lambda$shutdown$3(247)) - e79412df-6cad-4ff9-9624-3cbff68b4f9f@group-A2EC2F2B30E6: shutdown
2019-10-03 20:22:36,887 [main] INFO  util.JmxRegister (JmxRegister.java:unregister(73)) - Successfully un-registered JMX Bean with object name Ratis:service=RaftServer,group=group-DDD8B88BFEC2,id=e79412df-6cad-4ff9-9624-3cbff68b4f9f
2019-10-03 20:22:36,887 [ForkJoinPool.commonPool-worker-0] INFO  util.JmxRegister (JmxRegister.java:unregister(73)) - Successfully un-registered JMX Bean with object name Ratis:service=RaftServer,group=group-A2EC2F2B30E6,id=e79412df-6cad-4ff9-9624-3cbff68b4f9f
2019-10-03 20:22:36,887 [main] INFO  impl.RoleInfo (RoleInfo.java:shutdownFollowerState(121)) - e79412df-6cad-4ff9-9624-3cbff68b4f9f: shutdown FollowerState
2019-10-03 20:22:36,887 [ForkJoinPool.commonPool-worker-0] INFO  impl.RoleInfo (RoleInfo.java:shutdownLeaderState(104)) - e79412df-6cad-4ff9-9624-3cbff68b4f9f: shutdown LeaderState
2019-10-03 20:22:36,888 [Thread-2417] INFO  impl.FollowerState (FollowerState.java:run(117)) - e79412df-6cad-4ff9-9624-3cbff68b4f9f@group-DDD8B88BFEC2-FollowerState was interrupted: java.lang.InterruptedException: sleep interrupted
2019-10-03 20:22:36,888 [main] INFO  impl.StateMachineUpdater (StateMachineUpdater.java:stopAndJoin(136)) - e79412df-6cad-4ff9-9624-3cbff68b4f9f@group-DDD8B88BFEC2-StateMachineUpdater: set stopIndex = 2
2019-10-03 20:22:36,888 [ForkJoinPool.commonPool-worker-0] INFO  impl.PendingRequests (PendingRequests.java:sendNotLeaderResponses(202)) - e79412df-6cad-4ff9-9624-3cbff68b4f9f@group-A2EC2F2B30E6-PendingRequests: sendNotLeaderResponses
2019-10-03 20:22:36,888 [e79412df-6cad-4ff9-9624-3cbff68b4f9f@group-DDD8B88BFEC2-StateMachineUpdater] INFO  ratis.ContainerStateMachine (ContainerStateMachine.java:takeSnapshot(293)) - group-DDD8B88BFEC2: Taking a snapshot at:(t:1, i:1) file /workdir/hadoop-ozone/integration-test/target/test-dir/MiniOzoneClusterImpl-c26a5b86-160b-4e95-9b08-3e18975a4a6e/datanode-1/data/ratis/68532079-102e-471f-a078-ddd8b88bfec2/sm/snapshot.1_1
2019-10-03 20:22:36,891 [ForkJoinPool.commonPool-worker-0] INFO  impl.StateMachineUpdater (StateMachineUpdater.java:stopAndJoin(136)) - e79412df-6cad-4ff9-9624-3cbff68b4f9f@group-A2EC2F2B30E6-StateMachineUpdater: set stopIndex = 0
2019-10-03 20:22:36,891 [ForkJoinPool.commonPool-worker-0] INFO  impl.RaftServerImpl (ServerState.java:close(387)) - e79412df-6cad-4ff9-9624-3cbff68b4f9f@group-A2EC2F2B30E6: closes. applyIndex: 0
2019-10-03 20:22:36,892 [e79412df-6cad-4ff9-9624-3cbff68b4f9f@group-A2EC2F2B30E6-SegmentedRaftLogWorker] INFO  segmented.SegmentedRaftLogWorker (SegmentedRaftLogWorker.java:run(316)) - e79412df-6cad-4ff9-9624-3cbff68b4f9f@group-A2EC2F2B30E6-SegmentedRaftLogWorker was interrupted, exiting. There are 0 tasks remaining in the queue.
2019-10-03 20:22:36,894 [ForkJoinPool.commonPool-worker-0] INFO  segmented.SegmentedRaftLogWorker (SegmentedRaftLogWorker.java:close(224)) - e79412df-6cad-4ff9-9624-3cbff68b4f9f@group-A2EC2F2B30E6-SegmentedRaftLogWorker close()
2019-10-03 20:22:36,918 [e79412df-6cad-4ff9-9624-3cbff68b4f9f@group-DDD8B88BFEC2-StateMachineUpdater] INFO  ratis.ContainerStateMachine (ContainerStateMachine.java:takeSnapshot(304)) - group-DDD8B88BFEC2: Finished taking a snapshot at:(t:1, i:1) file:/workdir/hadoop-ozone/integration-test/target/test-dir/MiniOzoneClusterImpl-c26a5b86-160b-4e95-9b08-3e18975a4a6e/datanode-1/data/ratis/68532079-102e-471f-a078-ddd8b88bfec2/sm/snapshot.1_1 time:30
2019-10-03 20:22:36,918 [e79412df-6cad-4ff9-9624-3cbff68b4f9f@group-DDD8B88BFEC2-StateMachineUpdater] INFO  impl.StateMachineUpdater (StateMachineUpdater.java:takeSnapshot(269)) - e79412df-6cad-4ff9-9624-3cbff68b4f9f@group-DDD8B88BFEC2-StateMachineUpdater: Took a snapshot at index 1
2019-10-03 20:22:36,918 [e79412df-6cad-4ff9-9624-3cbff68b4f9f@group-DDD8B88BFEC2-StateMachineUpdater] INFO  impl.StateMachineUpdater (StateMachineUpdater.java:lambda$new$0(84)) - e79412df-6cad-4ff9-9624-3cbff68b4f9f@group-DDD8B88BFEC2-StateMachineUpdater: snapshotIndex: updateIncreasingly -1 -> 1
2019-10-03 20:22:36,919 [e79412df-6cad-4ff9-9624-3cbff68b4f9f@group-DDD8B88BFEC2-StateMachineUpdater] INFO  ratis.ContainerStateMachine (ContainerStateMachine.java:takeSnapshot(293)) - group-DDD8B88BFEC2: Taking a snapshot at:(t:1, i:1) file /workdir/hadoop-ozone/integration-test/target/test-dir/MiniOzoneClusterImpl-c26a5b86-160b-4e95-9b08-3e18975a4a6e/datanode-1/data/ratis/68532079-102e-471f-a078-ddd8b88bfec2/sm/snapshot.1_1
2019-10-03 20:22:36,941 [e79412df-6cad-4ff9-9624-3cbff68b4f9f@group-DDD8B88BFEC2-StateMachineUpdater] INFO  ratis.ContainerStateMachine (ContainerStateMachine.java:takeSnapshot(304)) - group-DDD8B88BFEC2: Finished taking a snapshot at:(t:1, i:1) file:/workdir/hadoop-ozone/integration-test/target/test-dir/MiniOzoneClusterImpl-c26a5b86-160b-4e95-9b08-3e18975a4a6e/datanode-1/data/ratis/68532079-102e-471f-a078-ddd8b88bfec2/sm/snapshot.1_1 time:22
2019-10-03 20:22:36,942 [e79412df-6cad-4ff9-9624-3cbff68b4f9f@group-DDD8B88BFEC2-StateMachineUpdater] INFO  impl.StateMachineUpdater (StateMachineUpdater.java:takeSnapshot(269)) - e79412df-6cad-4ff9-9624-3cbff68b4f9f@group-DDD8B88BFEC2-StateMachineUpdater: Took a snapshot at index 1
2019-10-03 20:22:36,942 [e79412df-6cad-4ff9-9624-3cbff68b4f9f@group-DDD8B88BFEC2-StateMachineUpdater] INFO  impl.StateMachineUpdater (StateMachineUpdater.java:lambda$new$0(84)) - e79412df-6cad-4ff9-9624-3cbff68b4f9f@group-DDD8B88BFEC2-StateMachineUpdater: snapshotIndex: updateIncreasingly 1 -> 1
2019-10-03 20:22:36,942 [main] INFO  impl.RaftServerImpl (ServerState.java:close(387)) - e79412df-6cad-4ff9-9624-3cbff68b4f9f@group-DDD8B88BFEC2: closes. applyIndex: 2
2019-10-03 20:22:36,942 [e79412df-6cad-4ff9-9624-3cbff68b4f9f@group-DDD8B88BFEC2-SegmentedRaftLogWorker] INFO  segmented.SegmentedRaftLogWorker (SegmentedRaftLogWorker.java:run(316)) - e79412df-6cad-4ff9-9624-3cbff68b4f9f@group-DDD8B88BFEC2-SegmentedRaftLogWorker was interrupted, exiting. There are 0 tasks remaining in the queue.
2019-10-03 20:22:36,945 [main] INFO  segmented.SegmentedRaftLogWorker (SegmentedRaftLogWorker.java:close(224)) - e79412df-6cad-4ff9-9624-3cbff68b4f9f@group-DDD8B88BFEC2-SegmentedRaftLogWorker close()
2019-10-03 20:22:36,949 [main] INFO  server.GrpcService (GrpcService.java:closeImpl(164)) - e79412df-6cad-4ff9-9624-3cbff68b4f9f: shutdown server with port 40307 now
2019-10-03 20:22:36,949 [grpc-default-executor-7] WARN  server.GrpcServerProtocolService (LogUtils.java:warn(134)) - e79412df-6cad-4ff9-9624-3cbff68b4f9f: installSnapshot onError, lastRequest: 21782bfb-25c9-4d2d-88c9-56014a80f93e->e79412df-6cad-4ff9-9624-3cbff68b4f9f#5-t1, previous=(t:1, i:2), leaderCommit=2, initializing? false, entries: <empty>: org.apache.ratis.thirdparty.io.grpc.StatusRuntimeException: CANCELLED: cancelled before receiving half close
2019-10-03 20:22:36,949 [main] INFO  server.GrpcService (GrpcService.java:closeImpl(172)) - e79412df-6cad-4ff9-9624-3cbff68b4f9f: shutdown server with port 40307 successfully
2019-10-03 20:22:36,949 [grpc-default-executor-4] WARN  server.GrpcLogAppender (LogUtils.java:warn(134)) - 21782bfb-25c9-4d2d-88c9-56014a80f93e@group-DDD8B88BFEC2->e79412df-6cad-4ff9-9624-3cbff68b4f9f-AppendLogResponseHandler: Failed appendEntries: org.apache.ratis.thirdparty.io.grpc.StatusRuntimeException: CANCELLED: HTTP/2 error code: CANCEL
Received Rst Stream
2019-10-03 20:22:36,950 [grpc-default-executor-4] INFO  impl.FollowerInfo (FollowerInfo.java:lambda$new$0(51)) - 21782bfb-25c9-4d2d-88c9-56014a80f93e@group-DDD8B88BFEC2->e79412df-6cad-4ff9-9624-3cbff68b4f9f: nextIndex: updateUnconditionally 3 -> 2
2019-10-03 20:22:36,951 [refreshUsed-/workdir/hadoop-ozone/integration-test/target/test-dir/MiniOzoneClusterImpl-c26a5b86-160b-4e95-9b08-3e18975a4a6e/datanode-1/data/containers] WARN  fs.CachingGetSpaceUsed (CachingGetSpaceUsed.java:run(183)) - Thread Interrupted waiting to refresh disk information: sleep interrupted
2019-10-03 20:22:36,966 [main] INFO  utils.BackgroundService (BackgroundService.java:shutdown(148)) - Shutting down service BlockDeletingService
2019-10-03 20:22:36,972 [main] INFO  statemachine.DatanodeStateMachine (DatanodeStateMachine.java:stopDaemon(395)) - Ozone container server stopped.
2019-10-03 20:22:36,973 [main] INFO  handler.ContextHandler (ContextHandler.java:doStop(910)) - Stopped o.e.j.w.WebAppContext@285a4fe3{/,null,UNAVAILABLE}{/hddsDatanode}
2019-10-03 20:22:36,974 [main] INFO  server.AbstractConnector (AbstractConnector.java:doStop(318)) - Stopped ServerConnector@2589d787{HTTP/1.1,[http/1.1]}{0.0.0.0:0}
2019-10-03 20:22:36,974 [main] INFO  handler.ContextHandler (ContextHandler.java:doStop(910)) - Stopped o.e.j.s.ServletContextHandler@34a20f16{/static,jar:file:/home/user/.m2/repository/org/apache/hadoop/hadoop-hdds-container-service/0.5.0-SNAPSHOT/hadoop-hdds-container-service-0.5.0-SNAPSHOT.jar!/webapps/static,UNAVAILABLE}
2019-10-03 20:22:36,974 [main] INFO  handler.ContextHandler (ContextHandler.java:doStop(910)) - Stopped o.e.j.s.ServletContextHandler@382d71c7{/logs,file:///workdir/hadoop-ozone/integration-test/target/log,UNAVAILABLE}
2019-10-03 20:22:36,984 [grpc-default-executor-7] WARN  server.GrpcLogAppender (LogUtils.java:warn(134)) - 21782bfb-25c9-4d2d-88c9-56014a80f93e@group-DDD8B88BFEC2->e79412df-6cad-4ff9-9624-3cbff68b4f9f-AppendLogResponseHandler: Failed appendEntries: org.apache.ratis.thirdparty.io.grpc.StatusRuntimeException: UNAVAILABLE: io exception
2019-10-03 20:22:36,984 [grpc-default-executor-7] INFO  impl.FollowerInfo (FollowerInfo.java:lambda$new$0(51)) - 21782bfb-25c9-4d2d-88c9-56014a80f93e@group-DDD8B88BFEC2->e79412df-6cad-4ff9-9624-3cbff68b4f9f: nextIndex: updateUnconditionally 3 -> 2
2019-10-03 20:22:36,996 [grpc-default-executor-4] WARN  server.GrpcLogAppender (LogUtils.java:warn(134)) - 21782bfb-25c9-4d2d-88c9-56014a80f93e@group-DDD8B88BFEC2->e79412df-6cad-4ff9-9624-3cbff68b4f9f-AppendLogResponseHandler: Failed appendEntries: org.apache.ratis.thirdparty.io.grpc.StatusRuntimeException: UNAVAILABLE: io exception
2019-10-03 20:22:36,997 [grpc-default-executor-4] INFO  impl.FollowerInfo (FollowerInfo.java:lambda$new$0(51)) - 21782bfb-25c9-4d2d-88c9-56014a80f93e@group-DDD8B88BFEC2->e79412df-6cad-4ff9-9624-3cbff68b4f9f: nextIndex: updateUnconditionally 3 -> 2
2019-10-03 20:22:37,008 [grpc-default-executor-0] WARN  server.GrpcLogAppender (LogUtils.java:warn(134)) - 21782bfb-25c9-4d2d-88c9-56014a80f93e@group-DDD8B88BFEC2->e79412df-6cad-4ff9-9624-3cbff68b4f9f-AppendLogResponseHandler: Failed appendEntries: org.apache.ratis.thirdparty.io.grpc.StatusRuntimeException: UNAVAILABLE: io exception
2019-10-03 20:22:37,009 [grpc-default-executor-0] INFO  impl.FollowerInfo (FollowerInfo.java:lambda$new$0(51)) - 21782bfb-25c9-4d2d-88c9-56014a80f93e@group-DDD8B88BFEC2->e79412df-6cad-4ff9-9624-3cbff68b4f9f: nextIndex: updateUnconditionally 3 -> 2
2019-10-03 20:22:37,020 [EventQueue-IncrementalContainerReportForIncrementalContainerReportHandler] WARN  container.IncrementalContainerReportHandler (AbstractContainerReportHandler.java:updateContainerState(143)) - Container #1 is in OPEN state, but the datanode 21782bfb-25c9-4d2d-88c9-56014a80f93e{ip: 192.168.30.7, host: pr-hdds-2230-vt4bl-2581040744, networkLocation: /default-rack, certSerialId: null} reports an CLOSING replica.
2019-10-03 20:22:37,039 [EventQueue-IncrementalContainerReportForIncrementalContainerReportHandler] WARN  container.IncrementalContainerReportHandler (AbstractContainerReportHandler.java:updateContainerState(143)) - Container #1 is in OPEN state, but the datanode 0b33b14d-c869-4690-a2ea-3942a914e80a{ip: 192.168.30.7, host: pr-hdds-2230-vt4bl-2581040744, networkLocation: /default-rack, certSerialId: null} reports an CLOSING replica.
2019-10-03 20:22:37,127 [RatisApplyTransactionExecutor 1] INFO  interfaces.Container (KeyValueContainer.java:flushAndSyncDB(386)) - Container 1 is synced with bcsId 0.
2019-10-03 20:22:37,221 [RatisApplyTransactionExecutor 1] INFO  interfaces.Container (KeyValueContainer.java:flushAndSyncDB(386)) - Container 1 is synced with bcsId 0.
2019-10-03 20:22:37,237 [RatisApplyTransactionExecutor 1] INFO  interfaces.Container (KeyValueContainer.java:flushAndSyncDB(386)) - Container 1 is synced with bcsId 0.
2019-10-03 20:22:37,237 [RatisApplyTransactionExecutor 1] INFO  interfaces.Container (KeyValueContainer.java:flushAndSyncDB(386)) - Container 1 is synced with bcsId 0.
2019-10-03 20:22:37,254 [RatisApplyTransactionExecutor 1] INFO  interfaces.Container (KeyValueContainer.java:close(335)) - Container 1 is closed with bcsId 0.
2019-10-03 20:22:37,254 [RatisApplyTransactionExecutor 1] INFO  interfaces.Container (KeyValueContainer.java:close(335)) - Container 1 is closed with bcsId 0.
2019-10-03 20:22:37,264 [EventQueue-IncrementalContainerReportForIncrementalContainerReportHandler] WARN  container.IncrementalContainerReportHandler (AbstractContainerReportHandler.java:updateContainerState(143)) - Container #1 is in OPEN state, but the datanode 0b33b14d-c869-4690-a2ea-3942a914e80a{ip: 192.168.30.7, host: pr-hdds-2230-vt4bl-2581040744, networkLocation: /default-rack, certSerialId: null} reports an CLOSED replica.
2019-10-03 20:22:37,264 [EventQueue-IncrementalContainerReportForIncrementalContainerReportHandler] WARN  container.IncrementalContainerReportHandler (AbstractContainerReportHandler.java:updateContainerState(143)) - Container #1 is in OPEN state, but the datanode 21782bfb-25c9-4d2d-88c9-56014a80f93e{ip: 192.168.30.7, host: pr-hdds-2230-vt4bl-2581040744, networkLocation: /default-rack, certSerialId: null} reports an CLOSED replica.
2019-10-03 20:22:39,509 [grpc-default-executor-5] WARN  server.GrpcLogAppender (LogUtils.java:warn(134)) - 21782bfb-25c9-4d2d-88c9-56014a80f93e@group-DDD8B88BFEC2->e79412df-6cad-4ff9-9624-3cbff68b4f9f-AppendLogResponseHandler: Failed appendEntries: org.apache.ratis.thirdparty.io.grpc.StatusRuntimeException: UNAVAILABLE: io exception
2019-10-03 20:22:39,510 [grpc-default-executor-5] INFO  impl.FollowerInfo (FollowerInfo.java:lambda$new$0(51)) - 21782bfb-25c9-4d2d-88c9-56014a80f93e@group-DDD8B88BFEC2->e79412df-6cad-4ff9-9624-3cbff68b4f9f: nextIndex: updateUnconditionally 2 -> 1
2019-10-03 20:22:40,279 [main] WARN  scm.XceiverClientRatis (XceiverClientRatis.java:watchForCommit(292)) - 3 way commit failed on pipeline Pipeline[ Id: 68532079-102e-471f-a078-ddd8b88bfec2, Nodes: e79412df-6cad-4ff9-9624-3cbff68b4f9f{ip: 192.168.30.7, host: pr-hdds-2230-vt4bl-2581040744, networkLocation: /default-rack, certSerialId: null}0b33b14d-c869-4690-a2ea-3942a914e80a{ip: 192.168.30.7, host: pr-hdds-2230-vt4bl-2581040744, networkLocation: /default-rack, certSerialId: null}21782bfb-25c9-4d2d-88c9-56014a80f93e{ip: 192.168.30.7, host: pr-hdds-2230-vt4bl-2581040744, networkLocation: /default-rack, certSerialId: null}, Type:RATIS, Factor:THREE, State:OPEN]
java.util.concurrent.TimeoutException
	at java.util.concurrent.CompletableFuture.timedGet(CompletableFuture.java:1771)
	at java.util.concurrent.CompletableFuture.get(CompletableFuture.java:1915)
	at org.apache.hadoop.hdds.scm.XceiverClientRatis.watchForCommit(XceiverClientRatis.java:289)
	at org.apache.hadoop.ozone.client.rpc.TestWatchForCommit.test2WayCommitForTimeoutException(TestWatchForCommit.java:391)
	at sun.reflect.NativeMethodAccessorImpl.invoke0(Native Method)
	at sun.reflect.NativeMethodAccessorImpl.invoke(NativeMethodAccessorImpl.java:62)
	at sun.reflect.DelegatingMethodAccessorImpl.invoke(DelegatingMethodAccessorImpl.java:43)
	at java.lang.reflect.Method.invoke(Method.java:498)
	at org.junit.runners.model.FrameworkMethod$1.runReflectiveCall(FrameworkMethod.java:47)
	at org.junit.internal.runners.model.ReflectiveCallable.run(ReflectiveCallable.java:12)
	at org.junit.runners.model.FrameworkMethod.invokeExplosively(FrameworkMethod.java:44)
	at org.junit.internal.runners.statements.InvokeMethod.evaluate(InvokeMethod.java:17)
	at org.junit.runners.ParentRunner.runLeaf(ParentRunner.java:271)
	at org.junit.runners.BlockJUnit4ClassRunner.runChild(BlockJUnit4ClassRunner.java:70)
	at org.junit.runners.BlockJUnit4ClassRunner.runChild(BlockJUnit4ClassRunner.java:50)
	at org.junit.runners.ParentRunner$3.run(ParentRunner.java:238)
	at org.junit.runners.ParentRunner$1.schedule(ParentRunner.java:63)
	at org.junit.runners.ParentRunner.runChildren(ParentRunner.java:236)
	at org.junit.runners.ParentRunner.access$000(ParentRunner.java:53)
	at org.junit.runners.ParentRunner$2.evaluate(ParentRunner.java:229)
	at org.junit.runners.ParentRunner.run(ParentRunner.java:309)
	at org.apache.maven.surefire.junit4.JUnit4Provider.execute(JUnit4Provider.java:365)
	at org.apache.maven.surefire.junit4.JUnit4Provider.executeWithRerun(JUnit4Provider.java:273)
	at org.apache.maven.surefire.junit4.JUnit4Provider.executeTestSet(JUnit4Provider.java:238)
	at org.apache.maven.surefire.junit4.JUnit4Provider.invoke(JUnit4Provider.java:159)
	at org.apache.maven.surefire.booter.ForkedBooter.invokeProviderInSameClassLoader(ForkedBooter.java:384)
	at org.apache.maven.surefire.booter.ForkedBooter.runSuitesInProcess(ForkedBooter.java:345)
	at org.apache.maven.surefire.booter.ForkedBooter.execute(ForkedBooter.java:126)
	at org.apache.maven.surefire.booter.ForkedBooter.main(ForkedBooter.java:418)
2019-10-03 20:22:42,010 [grpc-default-executor-0] WARN  server.GrpcLogAppender (LogUtils.java:warn(134)) - 21782bfb-25c9-4d2d-88c9-56014a80f93e@group-DDD8B88BFEC2->e79412df-6cad-4ff9-9624-3cbff68b4f9f-AppendLogResponseHandler: Failed appendEntries: org.apache.ratis.thirdparty.io.grpc.StatusRuntimeException: UNAVAILABLE: io exception
2019-10-03 20:22:42,010 [grpc-default-executor-0] INFO  impl.FollowerInfo (FollowerInfo.java:lambda$new$0(51)) - 21782bfb-25c9-4d2d-88c9-56014a80f93e@group-DDD8B88BFEC2->e79412df-6cad-4ff9-9624-3cbff68b4f9f: nextIndex: updateUnconditionally 1 -> 0
]]></system-out>
    <system-err><![CDATA[Oct 03, 2019 8:22:36 PM org.apache.ratis.thirdparty.io.grpc.internal.SerializingExecutor run
SEVERE: Exception while executing runnable org.apache.ratis.thirdparty.io.grpc.internal.ServerImpl$JumpToApplicationThreadServerStreamListener$1Closed@3783c181
org.apache.ratis.thirdparty.io.grpc.StatusRuntimeException: CANCELLED: call already cancelled
	at org.apache.ratis.thirdparty.io.grpc.Status.asRuntimeException(Status.java:517)
	at org.apache.ratis.thirdparty.io.grpc.stub.ServerCalls$ServerCallStreamObserverImpl.onCompleted(ServerCalls.java:356)
	at org.apache.ratis.grpc.server.GrpcServerProtocolService$ServerRequestStreamObserver.onError(GrpcServerProtocolService.java:121)
	at org.apache.ratis.thirdparty.io.grpc.stub.ServerCalls$StreamingServerCallHandler$StreamingServerCallListener.onCancel(ServerCalls.java:269)
	at org.apache.ratis.thirdparty.io.grpc.internal.ServerCallImpl$ServerStreamListenerImpl.closed(ServerCallImpl.java:293)
	at org.apache.ratis.thirdparty.io.grpc.internal.ServerImpl$JumpToApplicationThreadServerStreamListener$1Closed.runInContext(ServerImpl.java:741)
	at org.apache.ratis.thirdparty.io.grpc.internal.ContextRunnable.run(ContextRunnable.java:37)
	at org.apache.ratis.thirdparty.io.grpc.internal.SerializingExecutor.run(SerializingExecutor.java:123)
	at java.util.concurrent.ThreadPoolExecutor.runWorker(ThreadPoolExecutor.java:1149)
	at java.util.concurrent.ThreadPoolExecutor$Worker.run(ThreadPoolExecutor.java:624)
	at java.lang.Thread.run(Thread.java:748)

]]></system-err>
  </testcase>
</testsuite>