<?xml version="1.0" encoding="UTF-8"?>
<testsuite xmlns:xsi="http://www.w3.org/2001/XMLSchema-instance" xsi:noNamespaceSchemaLocation="https://maven.apache.org/surefire/maven-surefire-plugin/xsd/surefire-test-report.xsd" name="org.apache.hadoop.ozone.client.rpc.TestWatchForCommit" time="249.775" tests="5" errors="1" skipped="0" failures="0">
  <properties>
    <property name="awt.toolkit" value="sun.awt.X11.XToolkit"/>
    <property name="file.encoding.pkg" value="sun.io"/>
    <property name="java.specification.version" value="1.8"/>
    <property name="sun.cpu.isalist" value=""/>
    <property name="sun.jnu.encoding" value="UTF-8"/>
    <property name="java.class.path" value="/workdir/hadoop-ozone/integration-test/target/test-classes:/workdir/hadoop-ozone/integration-test/target/classes:/home/user/.m2/repository/org/apache/hadoop/hadoop-ozone-common/0.5.0-SNAPSHOT/hadoop-ozone-common-0.5.0-SNAPSHOT.jar:/home/user/.m2/repository/org/apache/commons/commons-compress/1.4.1/commons-compress-1.4.1.jar:/home/user/.m2/repository/org/tukaani/xz/1.0/xz-1.0.jar:/home/user/.m2/repository/org/apache/hadoop/hadoop-common/3.2.0/hadoop-common-3.2.0.jar:/home/user/.m2/repository/org/apache/hadoop/hadoop-hdfs/3.2.0/hadoop-hdfs-3.2.0.jar:/home/user/.m2/repository/org/apache/hadoop/hadoop-hdfs-client/3.2.0/hadoop-hdfs-client-3.2.0.jar:/home/user/.m2/repository/com/fasterxml/jackson/core/jackson-annotations/2.9.9/jackson-annotations-2.9.9.jar:/home/user/.m2/repository/org/apache/hadoop/hadoop-hdds-common/0.5.0-SNAPSHOT/hadoop-hdds-common-0.5.0-SNAPSHOT.jar:/home/user/.m2/repository/javax/annotation/javax.annotation-api/1.2/javax.annotation-api-1.2.jar:/home/user/.m2/repository/org/apache/ratis/ratis-server/0.5.0-201fc85-SNAPSHOT/ratis-server-0.5.0-201fc85-SNAPSHOT.jar:/home/user/.m2/repository/org/apache/ratis/ratis-thirdparty-misc/0.2.0/ratis-thirdparty-misc-0.2.0.jar:/home/user/.m2/repository/org/apache/ratis/ratis-proto/0.5.0-201fc85-SNAPSHOT/ratis-proto-0.5.0-201fc85-SNAPSHOT.jar:/home/user/.m2/repository/org/apache/ratis/ratis-common/0.5.0-201fc85-SNAPSHOT/ratis-common-0.5.0-201fc85-SNAPSHOT.jar:/home/user/.m2/repository/org/apache/ratis/ratis-client/0.5.0-201fc85-SNAPSHOT/ratis-client-0.5.0-201fc85-SNAPSHOT.jar:/home/user/.m2/repository/org/apache/ratis/ratis-metrics/0.5.0-201fc85-SNAPSHOT/ratis-metrics-0.5.0-201fc85-SNAPSHOT.jar:/home/user/.m2/repository/com/github/joshelser/dropwizard-metrics-hadoop-metrics2-reporter/0.1.2/dropwizard-metrics-hadoop-metrics2-reporter-0.1.2.jar:/home/user/.m2/repository/io/dropwizard/metrics/metrics-jvm/3.2.5/metrics-jvm-3.2.5.jar:/home/user/.m2/repository/io/dropwizard/metrics/metrics-ganglia/3.2.5/metrics-ganglia-3.2.5.jar:/home/user/.m2/repository/info/ganglia/gmetric4j/gmetric4j/1.0.7/gmetric4j-1.0.7.jar:/home/user/.m2/repository/org/apache/ratis/ratis-netty/0.5.0-201fc85-SNAPSHOT/ratis-netty-0.5.0-201fc85-SNAPSHOT.jar:/home/user/.m2/repository/org/apache/ratis/ratis-grpc/0.5.0-201fc85-SNAPSHOT/ratis-grpc-0.5.0-201fc85-SNAPSHOT.jar:/home/user/.m2/repository/org/rocksdb/rocksdbjni/6.0.1/rocksdbjni-6.0.1.jar:/home/user/.m2/repository/org/apache/logging/log4j/log4j-api/2.11.0/log4j-api-2.11.0.jar:/home/user/.m2/repository/org/apache/logging/log4j/log4j-core/2.11.0/log4j-core-2.11.0.jar:/home/user/.m2/repository/com/lmax/disruptor/3.4.2/disruptor-3.4.2.jar:/home/user/.m2/repository/org/apache/commons/commons-pool2/2.6.0/commons-pool2-2.6.0.jar:/home/user/.m2/repository/org/bouncycastle/bcpkix-jdk15on/1.60/bcpkix-jdk15on-1.60.jar:/home/user/.m2/repository/commons-validator/commons-validator/1.6/commons-validator-1.6.jar:/home/user/.m2/repository/commons-digester/commons-digester/1.8.1/commons-digester-1.8.1.jar:/home/user/.m2/repository/io/jaegertracing/jaeger-client/0.34.0/jaeger-client-0.34.0.jar:/home/user/.m2/repository/io/jaegertracing/jaeger-thrift/0.34.0/jaeger-thrift-0.34.0.jar:/home/user/.m2/repository/org/apache/thrift/libthrift/0.12.0/libthrift-0.12.0.jar:/home/user/.m2/repository/com/squareup/okhttp3/okhttp/3.9.0/okhttp-3.9.0.jar:/home/user/.m2/repository/com/squareup/okio/okio/1.13.0/okio-1.13.0.jar:/home/user/.m2/repository/io/jaegertracing/jaeger-core/0.34.0/jaeger-core-0.34.0.jar:/home/user/.m2/repository/io/jaegertracing/jaeger-tracerresolver/0.34.0/jaeger-tracerresolver-0.34.0.jar:/home/user/.m2/repository/io/opentracing/contrib/opentracing-tracerresolver/0.1.5/opentracing-tracerresolver-0.1.5.jar:/home/user/.m2/repository/io/opentracing/opentracing-util/0.31.0/opentracing-util-0.31.0.jar:/home/user/.m2/repository/io/opentracing/opentracing-api/0.31.0/opentracing-api-0.31.0.jar:/home/user/.m2/repository/io/opentracing/opentracing-noop/0.31.0/opentracing-noop-0.31.0.jar:/home/user/.m2/repository/org/apache/hadoop/hadoop-hdds-server-framework/0.5.0-SNAPSHOT/hadoop-hdds-server-framework-0.5.0-SNAPSHOT.jar:/home/user/.m2/repository/org/apache/hadoop/hadoop-hdds-container-service/0.5.0-SNAPSHOT/hadoop-hdds-container-service-0.5.0-SNAPSHOT.jar:/home/user/.m2/repository/org/apache/hadoop/hadoop-hdds-client/0.5.0-SNAPSHOT/hadoop-hdds-client-0.5.0-SNAPSHOT.jar:/home/user/.m2/repository/org/apache/hadoop/hadoop-hdds-tools/0.5.0-SNAPSHOT/hadoop-hdds-tools-0.5.0-SNAPSHOT.jar:/home/user/.m2/repository/org/apache/hadoop/hadoop-hdds-server-scm/0.5.0-SNAPSHOT/hadoop-hdds-server-scm-0.5.0-SNAPSHOT.jar:/home/user/.m2/repository/org/apache/hadoop/hadoop-hdds-docs/0.5.0-SNAPSHOT/hadoop-hdds-docs-0.5.0-SNAPSHOT.jar:/home/user/.m2/repository/io/dropwizard/metrics/metrics-core/3.2.4/metrics-core-3.2.4.jar:/home/user/.m2/repository/org/hamcrest/hamcrest-all/1.3/hamcrest-all-1.3.jar:/home/user/.m2/repository/org/bouncycastle/bcprov-jdk15on/1.60/bcprov-jdk15on-1.60.jar:/home/user/.m2/repository/info/picocli/picocli/3.9.6/picocli-3.9.6.jar:/home/user/.m2/repository/com/google/protobuf/protobuf-java/2.5.0/protobuf-java-2.5.0.jar:/home/user/.m2/repository/com/google/guava/guava/11.0.2/guava-11.0.2.jar:/home/user/.m2/repository/org/apache/hadoop/hadoop-ozone-ozone-manager/0.5.0-SNAPSHOT/hadoop-ozone-ozone-manager-0.5.0-SNAPSHOT.jar:/home/user/.m2/repository/org/apache/hadoop/hadoop-minikdc/3.2.0/hadoop-minikdc-3.2.0.jar:/home/user/.m2/repository/commons-io/commons-io/2.5/commons-io-2.5.jar:/home/user/.m2/repository/org/apache/kerby/kerb-simplekdc/1.0.1/kerb-simplekdc-1.0.1.jar:/home/user/.m2/repository/org/apache/kerby/kerb-client/1.0.1/kerb-client-1.0.1.jar:/home/user/.m2/repository/org/apache/kerby/kerby-config/1.0.1/kerby-config-1.0.1.jar:/home/user/.m2/repository/org/apache/kerby/kerb-core/1.0.1/kerb-core-1.0.1.jar:/home/user/.m2/repository/org/apache/kerby/kerby-pkix/1.0.1/kerby-pkix-1.0.1.jar:/home/user/.m2/repository/org/apache/kerby/kerby-asn1/1.0.1/kerby-asn1-1.0.1.jar:/home/user/.m2/repository/org/apache/kerby/kerby-util/1.0.1/kerby-util-1.0.1.jar:/home/user/.m2/repository/org/apache/kerby/kerb-common/1.0.1/kerb-common-1.0.1.jar:/home/user/.m2/repository/org/apache/kerby/kerb-crypto/1.0.1/kerb-crypto-1.0.1.jar:/home/user/.m2/repository/org/apache/kerby/kerb-util/1.0.1/kerb-util-1.0.1.jar:/home/user/.m2/repository/org/apache/kerby/token-provider/1.0.1/token-provider-1.0.1.jar:/home/user/.m2/repository/org/apache/kerby/kerb-admin/1.0.1/kerb-admin-1.0.1.jar:/home/user/.m2/repository/org/apache/kerby/kerb-server/1.0.1/kerb-server-1.0.1.jar:/home/user/.m2/repository/org/apache/kerby/kerb-identity/1.0.1/kerb-identity-1.0.1.jar:/home/user/.m2/repository/org/apache/kerby/kerby-xdr/1.0.1/kerby-xdr-1.0.1.jar:/home/user/.m2/repository/org/slf4j/slf4j-log4j12/1.7.25/slf4j-log4j12-1.7.25.jar:/home/user/.m2/repository/org/apache/hadoop/hadoop-ozone-s3gateway/0.5.0-SNAPSHOT/hadoop-ozone-s3gateway-0.5.0-SNAPSHOT.jar:/home/user/.m2/repository/org/jboss/weld/servlet/weld-servlet/2.4.7.Final/weld-servlet-2.4.7.Final.jar:/home/user/.m2/repository/org/glassfish/jersey/containers/jersey-container-servlet-core/2.27/jersey-container-servlet-core-2.27.jar:/home/user/.m2/repository/org/glassfish/hk2/external/javax.inject/2.5.0-b42/javax.inject-2.5.0-b42.jar:/home/user/.m2/repository/org/glassfish/jersey/core/jersey-common/2.27/jersey-common-2.27.jar:/home/user/.m2/repository/org/glassfish/hk2/osgi-resource-locator/1.0.1/osgi-resource-locator-1.0.1.jar:/home/user/.m2/repository/javax/ws/rs/javax.ws.rs-api/2.1/javax.ws.rs-api-2.1.jar:/home/user/.m2/repository/org/glassfish/jersey/ext/cdi/jersey-cdi1x/2.27/jersey-cdi1x-2.27.jar:/home/user/.m2/repository/org/glassfish/jersey/inject/jersey-hk2/2.27/jersey-hk2-2.27.jar:/home/user/.m2/repository/org/glassfish/hk2/hk2-locator/2.5.0-b42/hk2-locator-2.5.0-b42.jar:/home/user/.m2/repository/org/javassist/javassist/3.22.0-CR2/javassist-3.22.0-CR2.jar:/home/user/.m2/repository/org/glassfish/hk2/hk2-api/2.5.0/hk2-api-2.5.0.jar:/home/user/.m2/repository/org/glassfish/hk2/external/jakarta.inject/2.5.0/jakarta.inject-2.5.0.jar:/home/user/.m2/repository/org/glassfish/hk2/hk2-utils/2.5.0/hk2-utils-2.5.0.jar:/home/user/.m2/repository/jakarta/annotation/jakarta.annotation-api/1.3.4/jakarta.annotation-api-1.3.4.jar:/home/user/.m2/repository/org/glassfish/hk2/external/aopalliance-repackaged/2.5.0/aopalliance-repackaged-2.5.0.jar:/home/user/.m2/repository/com/fasterxml/jackson/dataformat/jackson-dataformat-xml/2.9.0/jackson-dataformat-xml-2.9.0.jar:/home/user/.m2/repository/com/fasterxml/jackson/core/jackson-core/2.9.9/jackson-core-2.9.9.jar:/home/user/.m2/repository/com/fasterxml/jackson/module/jackson-module-jaxb-annotations/2.9.9/jackson-module-jaxb-annotations-2.9.9.jar:/home/user/.m2/repository/javax/enterprise/cdi-api/1.2/cdi-api-1.2.jar:/home/user/.m2/repository/javax/el/javax.el-api/3.0.0/javax.el-api-3.0.0.jar:/home/user/.m2/repository/javax/interceptor/javax.interceptor-api/1.2/javax.interceptor-api-1.2.jar:/home/user/.m2/repository/javax/inject/javax.inject/1/javax.inject-1.jar:/home/user/.m2/repository/com/sun/xml/bind/jaxb-impl/2.3.0.1/jaxb-impl-2.3.0.1.jar:/home/user/.m2/repository/com/sun/xml/bind/jaxb-core/2.3.0.1/jaxb-core-2.3.0.1.jar:/home/user/.m2/repository/javax/xml/bind/jaxb-api/2.3.0/jaxb-api-2.3.0.jar:/home/user/.m2/repository/javax/activation/activation/1.1.1/activation-1.1.1.jar:/home/user/.m2/repository/org/apache/hadoop/hadoop-ozone-csi/0.5.0-SNAPSHOT/hadoop-ozone-csi-0.5.0-SNAPSHOT.jar:/home/user/.m2/repository/com/google/protobuf/protobuf-java-util/3.5.1/protobuf-java-util-3.5.1.jar:/home/user/.m2/repository/org/apache/hadoop/hadoop-hdds-config/0.5.0-SNAPSHOT/hadoop-hdds-config-0.5.0-SNAPSHOT.jar:/home/user/.m2/repository/io/grpc/grpc-netty/1.17.1/grpc-netty-1.17.1.jar:/home/user/.m2/repository/io/grpc/grpc-core/1.17.1/grpc-core-1.17.1.jar:/home/user/.m2/repository/io/grpc/grpc-context/1.17.1/grpc-context-1.17.1.jar:/home/user/.m2/repository/com/google/errorprone/error_prone_annotations/2.2.0/error_prone_annotations-2.2.0.jar:/home/user/.m2/repository/org/codehaus/mojo/animal-sniffer-annotations/1.17/animal-sniffer-annotations-1.17.jar:/home/user/.m2/repository/io/opencensus/opencensus-api/0.17.0/opencensus-api-0.17.0.jar:/home/user/.m2/repository/io/opencensus/opencensus-contrib-grpc-metrics/0.17.0/opencensus-contrib-grpc-metrics-0.17.0.jar:/home/user/.m2/repository/io/netty/netty-codec-http2/4.1.30.Final/netty-codec-http2-4.1.30.Final.jar:/home/user/.m2/repository/io/netty/netty-codec-http/4.1.30.Final/netty-codec-http-4.1.30.Final.jar:/home/user/.m2/repository/io/netty/netty-codec/4.1.30.Final/netty-codec-4.1.30.Final.jar:/home/user/.m2/repository/io/netty/netty-handler/4.1.30.Final/netty-handler-4.1.30.Final.jar:/home/user/.m2/repository/io/netty/netty-handler-proxy/4.1.30.Final/netty-handler-proxy-4.1.30.Final.jar:/home/user/.m2/repository/io/netty/netty-codec-socks/4.1.30.Final/netty-codec-socks-4.1.30.Final.jar:/home/user/.m2/repository/io/netty/netty-transport-native-epoll/4.1.30.Final/netty-transport-native-epoll-4.1.30.Final.jar:/home/user/.m2/repository/io/netty/netty-common/4.1.30.Final/netty-common-4.1.30.Final.jar:/home/user/.m2/repository/io/netty/netty-buffer/4.1.30.Final/netty-buffer-4.1.30.Final.jar:/home/user/.m2/repository/io/netty/netty-transport/4.1.30.Final/netty-transport-4.1.30.Final.jar:/home/user/.m2/repository/io/netty/netty-resolver/4.1.30.Final/netty-resolver-4.1.30.Final.jar:/home/user/.m2/repository/io/netty/netty-transport-native-unix-common/4.1.30.Final/netty-transport-native-unix-common-4.1.30.Final.jar:/home/user/.m2/repository/io/grpc/grpc-protobuf/1.17.1/grpc-protobuf-1.17.1.jar:/home/user/.m2/repository/com/google/api/grpc/proto-google-common-protos/1.0.0/proto-google-common-protos-1.0.0.jar:/home/user/.m2/repository/io/grpc/grpc-protobuf-lite/1.17.1/grpc-protobuf-lite-1.17.1.jar:/home/user/.m2/repository/io/grpc/grpc-stub/1.17.1/grpc-stub-1.17.1.jar:/home/user/.m2/repository/org/apache/hadoop/hadoop-ozone-recon/0.5.0-SNAPSHOT/hadoop-ozone-recon-0.5.0-SNAPSHOT.jar:/home/user/.m2/repository/org/apache/hadoop/hadoop-ozone-reconcodegen/0.5.0-SNAPSHOT/hadoop-ozone-reconcodegen-0.5.0-SNAPSHOT.jar:/home/user/.m2/repository/com/google/inject/extensions/guice-multibindings/4.0/guice-multibindings-4.0.jar:/home/user/.m2/repository/com/google/inject/guice/4.0/guice-4.0.jar:/home/user/.m2/repository/aopalliance/aopalliance/1.0/aopalliance-1.0.jar:/home/user/.m2/repository/com/google/inject/extensions/guice-servlet/4.0/guice-servlet-4.0.jar:/home/user/.m2/repository/org/glassfish/jersey/containers/jersey-container-servlet/2.27/jersey-container-servlet-2.27.jar:/home/user/.m2/repository/org/glassfish/hk2/guice-bridge/2.5.0/guice-bridge-2.5.0.jar:/home/user/.m2/repository/org/glassfish/jersey/core/jersey-server/2.27/jersey-server-2.27.jar:/home/user/.m2/repository/org/glassfish/jersey/core/jersey-client/2.27/jersey-client-2.27.jar:/home/user/.m2/repository/org/glassfish/jersey/media/jersey-media-jaxb/2.27/jersey-media-jaxb-2.27.jar:/home/user/.m2/repository/javax/validation/validation-api/1.1.0.Final/validation-api-1.1.0.Final.jar:/home/user/.m2/repository/org/glassfish/jersey/media/jersey-media-json-jackson/2.27/jersey-media-json-jackson-2.27.jar:/home/user/.m2/repository/org/glassfish/jersey/ext/jersey-entity-filtering/2.27/jersey-entity-filtering-2.27.jar:/home/user/.m2/repository/com/google/inject/extensions/guice-assistedinject/4.0/guice-assistedinject-4.0.jar:/home/user/.m2/repository/org/jooq/jooq/3.11.10/jooq-3.11.10.jar:/home/user/.m2/repository/org/jooq/jooq-meta/3.11.10/jooq-meta-3.11.10.jar:/home/user/.m2/repository/org/jooq/jooq-codegen/3.11.10/jooq-codegen-3.11.10.jar:/home/user/.m2/repository/com/jolbox/bonecp/0.8.0.RELEASE/bonecp-0.8.0.RELEASE.jar:/home/user/.m2/repository/org/xerial/sqlite-jdbc/3.25.2/sqlite-jdbc-3.25.2.jar:/home/user/.m2/repository/org/springframework/spring-jdbc/5.1.3.RELEASE/spring-jdbc-5.1.3.RELEASE.jar:/home/user/.m2/repository/org/springframework/spring-beans/5.1.3.RELEASE/spring-beans-5.1.3.RELEASE.jar:/home/user/.m2/repository/org/springframework/spring-core/5.1.3.RELEASE/spring-core-5.1.3.RELEASE.jar:/home/user/.m2/repository/org/springframework/spring-jcl/5.1.3.RELEASE/spring-jcl-5.1.3.RELEASE.jar:/home/user/.m2/repository/org/springframework/spring-tx/5.1.3.RELEASE/spring-tx-5.1.3.RELEASE.jar:/home/user/.m2/repository/org/apache/hadoop/hadoop-ozone-client/0.5.0-SNAPSHOT/hadoop-ozone-client-0.5.0-SNAPSHOT.jar:/home/user/.m2/repository/commons-lang/commons-lang/2.6/commons-lang-2.6.jar:/home/user/.m2/repository/org/apache/hadoop/hadoop-ozone-ozone-manager/0.5.0-SNAPSHOT/hadoop-ozone-ozone-manager-0.5.0-SNAPSHOT-tests.jar:/home/user/.m2/repository/junit/junit/4.11/junit-4.11.jar:/home/user/.m2/repository/org/hamcrest/hamcrest-core/1.3/hamcrest-core-1.3.jar:/home/user/.m2/repository/org/openjdk/jmh/jmh-core/1.19/jmh-core-1.19.jar:/home/user/.m2/repository/net/sf/jopt-simple/jopt-simple/4.6/jopt-simple-4.6.jar:/home/user/.m2/repository/org/apache/commons/commons-math3/3.1.1/commons-math3-3.1.1.jar:/home/user/.m2/repository/org/openjdk/jmh/jmh-generator-annprocess/1.19/jmh-generator-annprocess-1.19.jar:/home/user/.m2/repository/org/mockito/mockito-all/1.8.5/mockito-all-1.8.5.jar:/home/user/.m2/repository/org/apache/hadoop/hadoop-kms/3.2.0/hadoop-kms-3.2.0.jar:/home/user/.m2/repository/org/apache/hadoop/hadoop-auth/3.2.0/hadoop-auth-3.2.0.jar:/home/user/.m2/repository/com/nimbusds/nimbus-jose-jwt/4.41.1/nimbus-jose-jwt-4.41.1.jar:/home/user/.m2/repository/com/github/stephenc/jcip/jcip-annotations/1.0-1/jcip-annotations-1.0-1.jar:/home/user/.m2/repository/net/minidev/json-smart/2.3/json-smart-2.3.jar:/home/user/.m2/repository/net/minidev/accessors-smart/1.2/accessors-smart-1.2.jar:/home/user/.m2/repository/org/ow2/asm/asm/5.0.4/asm-5.0.4.jar:/home/user/.m2/repository/org/apache/curator/curator-framework/2.12.0/curator-framework-2.12.0.jar:/home/user/.m2/repository/com/sun/jersey/jersey-core/1.19/jersey-core-1.19.jar:/home/user/.m2/repository/javax/ws/rs/jsr311-api/1.1.1/jsr311-api-1.1.1.jar:/home/user/.m2/repository/com/sun/jersey/jersey-server/1.19/jersey-server-1.19.jar:/home/user/.m2/repository/javax/servlet/javax.servlet-api/3.1.0/javax.servlet-api-3.1.0.jar:/home/user/.m2/repository/org/eclipse/jetty/jetty-server/9.3.25.v20180904/jetty-server-9.3.25.v20180904.jar:/home/user/.m2/repository/org/eclipse/jetty/jetty-http/9.3.25.v20180904/jetty-http-9.3.25.v20180904.jar:/home/user/.m2/repository/org/eclipse/jetty/jetty-io/9.3.25.v20180904/jetty-io-9.3.25.v20180904.jar:/home/user/.m2/repository/org/eclipse/jetty/jetty-webapp/9.3.25.v20180904/jetty-webapp-9.3.25.v20180904.jar:/home/user/.m2/repository/org/eclipse/jetty/jetty-xml/9.3.25.v20180904/jetty-xml-9.3.25.v20180904.jar:/home/user/.m2/repository/log4j/log4j/1.2.17/log4j-1.2.17.jar:/home/user/.m2/repository/org/slf4j/slf4j-api/1.7.25/slf4j-api-1.7.25.jar:/home/user/.m2/repository/org/slf4j/jul-to-slf4j/1.7.25/jul-to-slf4j-1.7.25.jar:/home/user/.m2/repository/org/eclipse/jetty/jetty-util/9.3.25.v20180904/jetty-util-9.3.25.v20180904.jar:/home/user/.m2/repository/com/fasterxml/jackson/core/jackson-databind/2.9.9/jackson-databind-2.9.9.jar:/home/user/.m2/repository/org/apache/hadoop/hadoop-kms/3.2.0/hadoop-kms-3.2.0-tests.jar:/home/user/.m2/repository/org/apache/hadoop/hadoop-hdds-server-scm/0.5.0-SNAPSHOT/hadoop-hdds-server-scm-0.5.0-SNAPSHOT-tests.jar:/home/user/.m2/repository/org/apache/hadoop/hadoop-hdds-container-service/0.5.0-SNAPSHOT/hadoop-hdds-container-service-0.5.0-SNAPSHOT-tests.jar:/home/user/.m2/repository/org/yaml/snakeyaml/1.16/snakeyaml-1.16.jar:/home/user/.m2/repository/org/apache/hadoop/hadoop-common/3.2.0/hadoop-common-3.2.0-tests.jar:/home/user/.m2/repository/org/apache/hadoop/hadoop-annotations/3.2.0/hadoop-annotations-3.2.0.jar:/usr/lib/jvm/java-1.8-openjdk/jre/../lib/tools.jar:/home/user/.m2/repository/commons-cli/commons-cli/1.2/commons-cli-1.2.jar:/home/user/.m2/repository/org/apache/httpcomponents/httpclient/4.5.2/httpclient-4.5.2.jar:/home/user/.m2/repository/org/apache/httpcomponents/httpcore/4.4.4/httpcore-4.4.4.jar:/home/user/.m2/repository/commons-codec/commons-codec/1.11/commons-codec-1.11.jar:/home/user/.m2/repository/commons-net/commons-net/3.6/commons-net-3.6.jar:/home/user/.m2/repository/commons-collections/commons-collections/3.2.2/commons-collections-3.2.2.jar:/home/user/.m2/repository/org/eclipse/jetty/jetty-servlet/9.3.25.v20180904/jetty-servlet-9.3.25.v20180904.jar:/home/user/.m2/repository/org/eclipse/jetty/jetty-security/9.3.25.v20180904/jetty-security-9.3.25.v20180904.jar:/home/user/.m2/repository/javax/servlet/jsp/jsp-api/2.1/jsp-api-2.1.jar:/home/user/.m2/repository/com/sun/jersey/jersey-servlet/1.19/jersey-servlet-1.19.jar:/home/user/.m2/repository/com/sun/jersey/jersey-json/1.19/jersey-json-1.19.jar:/home/user/.m2/repository/org/codehaus/jettison/jettison/1.1/jettison-1.1.jar:/home/user/.m2/repository/org/codehaus/jackson/jackson-core-asl/1.9.13/jackson-core-asl-1.9.13.jar:/home/user/.m2/repository/org/codehaus/jackson/jackson-mapper-asl/1.9.13/jackson-mapper-asl-1.9.13.jar:/home/user/.m2/repository/org/codehaus/jackson/jackson-jaxrs/1.9.13/jackson-jaxrs-1.9.13.jar:/home/user/.m2/repository/org/codehaus/jackson/jackson-xc/1.9.13/jackson-xc-1.9.13.jar:/home/user/.m2/repository/commons-logging/commons-logging/1.1.3/commons-logging-1.1.3.jar:/home/user/.m2/repository/commons-beanutils/commons-beanutils/1.9.4/commons-beanutils-1.9.4.jar:/home/user/.m2/repository/org/apache/commons/commons-configuration2/2.1.1/commons-configuration2-2.1.1.jar:/home/user/.m2/repository/org/apache/commons/commons-lang3/3.7/commons-lang3-3.7.jar:/home/user/.m2/repository/org/apache/commons/commons-text/1.4/commons-text-1.4.jar:/home/user/.m2/repository/org/apache/avro/avro/1.7.7/avro-1.7.7.jar:/home/user/.m2/repository/com/thoughtworks/paranamer/paranamer/2.3/paranamer-2.3.jar:/home/user/.m2/repository/org/xerial/snappy/snappy-java/1.0.5/snappy-java-1.0.5.jar:/home/user/.m2/repository/com/google/re2j/re2j/1.1/re2j-1.1.jar:/home/user/.m2/repository/com/google/code/gson/gson/2.2.4/gson-2.2.4.jar:/home/user/.m2/repository/com/jcraft/jsch/0.1.54/jsch-0.1.54.jar:/home/user/.m2/repository/org/apache/curator/curator-client/2.12.0/curator-client-2.12.0.jar:/home/user/.m2/repository/org/apache/curator/curator-recipes/2.12.0/curator-recipes-2.12.0.jar:/home/user/.m2/repository/com/google/code/findbugs/jsr305/3.0.0/jsr305-3.0.0.jar:/home/user/.m2/repository/org/apache/htrace/htrace-core4/4.1.0-incubating/htrace-core4-4.1.0-incubating.jar:/home/user/.m2/repository/org/apache/zookeeper/zookeeper/3.4.13/zookeeper-3.4.13.jar:/home/user/.m2/repository/jline/jline/0.9.94/jline-0.9.94.jar:/home/user/.m2/repository/org/apache/yetus/audience-annotations/0.5.0/audience-annotations-0.5.0.jar:/home/user/.m2/repository/org/codehaus/woodstox/stax2-api/3.1.4/stax2-api-3.1.4.jar:/home/user/.m2/repository/com/fasterxml/woodstox/woodstox-core/5.0.3/woodstox-core-5.0.3.jar:/home/user/.m2/repository/dnsjava/dnsjava/2.1.7/dnsjava-2.1.7.jar:/home/user/.m2/repository/org/apache/hadoop/hadoop-hdfs/3.2.0/hadoop-hdfs-3.2.0-tests.jar:/home/user/.m2/repository/org/eclipse/jetty/jetty-util-ajax/9.3.25.v20180904/jetty-util-ajax-9.3.25.v20180904.jar:/home/user/.m2/repository/commons-daemon/commons-daemon/1.0.13/commons-daemon-1.0.13.jar:/home/user/.m2/repository/io/netty/netty/3.10.5.Final/netty-3.10.5.Final.jar:/home/user/.m2/repository/io/netty/netty-all/4.0.52.Final/netty-all-4.0.52.Final.jar:/home/user/.m2/repository/org/fusesource/leveldbjni/leveldbjni-all/1.8/leveldbjni-all-1.8.jar:"/>
    <property name="java.vm.vendor" value="IcedTea"/>
    <property name="sun.arch.data.model" value="64"/>
    <property name="test.build.dir" value="/workdir/hadoop-ozone/integration-test/target/test-dir"/>
    <property name="test.cache.data" value=""/>
    <property name="java.vendor.url" value="https://icedtea.classpath.org"/>
    <property name="user.timezone" value=""/>
    <property name="java.vm.specification.version" value="1.8"/>
    <property name="os.name" value="Linux"/>
    <property name="test.build.data" value="/workdir/hadoop-ozone/integration-test/target/test-dir"/>
    <property name="user.country" value="US"/>
    <property name="sun.java.launcher" value="SUN_STANDARD"/>
    <property name="sun.boot.library.path" value="/usr/lib/jvm/java-1.8-openjdk/jre/lib/amd64"/>
    <property name="sun.java.command" value="/workdir/hadoop-ozone/integration-test/target/surefire/surefirebooter2706903354385238832.jar /workdir/hadoop-ozone/integration-test/target/surefire 2019-10-04T08-32-32_288-jvmRun1 surefire2522359959925797615tmp surefire_625559832436918773413tmp"/>
    <property name="test" value="!TestMiniChaosOzoneCluster"/>
    <property name="surefire.test.class.path" value="/workdir/hadoop-ozone/integration-test/target/test-classes:/workdir/hadoop-ozone/integration-test/target/classes:/home/user/.m2/repository/org/apache/hadoop/hadoop-ozone-common/0.5.0-SNAPSHOT/hadoop-ozone-common-0.5.0-SNAPSHOT.jar:/home/user/.m2/repository/org/apache/commons/commons-compress/1.4.1/commons-compress-1.4.1.jar:/home/user/.m2/repository/org/tukaani/xz/1.0/xz-1.0.jar:/home/user/.m2/repository/org/apache/hadoop/hadoop-common/3.2.0/hadoop-common-3.2.0.jar:/home/user/.m2/repository/org/apache/hadoop/hadoop-hdfs/3.2.0/hadoop-hdfs-3.2.0.jar:/home/user/.m2/repository/org/apache/hadoop/hadoop-hdfs-client/3.2.0/hadoop-hdfs-client-3.2.0.jar:/home/user/.m2/repository/com/fasterxml/jackson/core/jackson-annotations/2.9.9/jackson-annotations-2.9.9.jar:/home/user/.m2/repository/org/apache/hadoop/hadoop-hdds-common/0.5.0-SNAPSHOT/hadoop-hdds-common-0.5.0-SNAPSHOT.jar:/home/user/.m2/repository/javax/annotation/javax.annotation-api/1.2/javax.annotation-api-1.2.jar:/home/user/.m2/repository/org/apache/ratis/ratis-server/0.5.0-201fc85-SNAPSHOT/ratis-server-0.5.0-201fc85-SNAPSHOT.jar:/home/user/.m2/repository/org/apache/ratis/ratis-thirdparty-misc/0.2.0/ratis-thirdparty-misc-0.2.0.jar:/home/user/.m2/repository/org/apache/ratis/ratis-proto/0.5.0-201fc85-SNAPSHOT/ratis-proto-0.5.0-201fc85-SNAPSHOT.jar:/home/user/.m2/repository/org/apache/ratis/ratis-common/0.5.0-201fc85-SNAPSHOT/ratis-common-0.5.0-201fc85-SNAPSHOT.jar:/home/user/.m2/repository/org/apache/ratis/ratis-client/0.5.0-201fc85-SNAPSHOT/ratis-client-0.5.0-201fc85-SNAPSHOT.jar:/home/user/.m2/repository/org/apache/ratis/ratis-metrics/0.5.0-201fc85-SNAPSHOT/ratis-metrics-0.5.0-201fc85-SNAPSHOT.jar:/home/user/.m2/repository/com/github/joshelser/dropwizard-metrics-hadoop-metrics2-reporter/0.1.2/dropwizard-metrics-hadoop-metrics2-reporter-0.1.2.jar:/home/user/.m2/repository/io/dropwizard/metrics/metrics-jvm/3.2.5/metrics-jvm-3.2.5.jar:/home/user/.m2/repository/io/dropwizard/metrics/metrics-ganglia/3.2.5/metrics-ganglia-3.2.5.jar:/home/user/.m2/repository/info/ganglia/gmetric4j/gmetric4j/1.0.7/gmetric4j-1.0.7.jar:/home/user/.m2/repository/org/apache/ratis/ratis-netty/0.5.0-201fc85-SNAPSHOT/ratis-netty-0.5.0-201fc85-SNAPSHOT.jar:/home/user/.m2/repository/org/apache/ratis/ratis-grpc/0.5.0-201fc85-SNAPSHOT/ratis-grpc-0.5.0-201fc85-SNAPSHOT.jar:/home/user/.m2/repository/org/rocksdb/rocksdbjni/6.0.1/rocksdbjni-6.0.1.jar:/home/user/.m2/repository/org/apache/logging/log4j/log4j-api/2.11.0/log4j-api-2.11.0.jar:/home/user/.m2/repository/org/apache/logging/log4j/log4j-core/2.11.0/log4j-core-2.11.0.jar:/home/user/.m2/repository/com/lmax/disruptor/3.4.2/disruptor-3.4.2.jar:/home/user/.m2/repository/org/apache/commons/commons-pool2/2.6.0/commons-pool2-2.6.0.jar:/home/user/.m2/repository/org/bouncycastle/bcpkix-jdk15on/1.60/bcpkix-jdk15on-1.60.jar:/home/user/.m2/repository/commons-validator/commons-validator/1.6/commons-validator-1.6.jar:/home/user/.m2/repository/commons-digester/commons-digester/1.8.1/commons-digester-1.8.1.jar:/home/user/.m2/repository/io/jaegertracing/jaeger-client/0.34.0/jaeger-client-0.34.0.jar:/home/user/.m2/repository/io/jaegertracing/jaeger-thrift/0.34.0/jaeger-thrift-0.34.0.jar:/home/user/.m2/repository/org/apache/thrift/libthrift/0.12.0/libthrift-0.12.0.jar:/home/user/.m2/repository/com/squareup/okhttp3/okhttp/3.9.0/okhttp-3.9.0.jar:/home/user/.m2/repository/com/squareup/okio/okio/1.13.0/okio-1.13.0.jar:/home/user/.m2/repository/io/jaegertracing/jaeger-core/0.34.0/jaeger-core-0.34.0.jar:/home/user/.m2/repository/io/jaegertracing/jaeger-tracerresolver/0.34.0/jaeger-tracerresolver-0.34.0.jar:/home/user/.m2/repository/io/opentracing/contrib/opentracing-tracerresolver/0.1.5/opentracing-tracerresolver-0.1.5.jar:/home/user/.m2/repository/io/opentracing/opentracing-util/0.31.0/opentracing-util-0.31.0.jar:/home/user/.m2/repository/io/opentracing/opentracing-api/0.31.0/opentracing-api-0.31.0.jar:/home/user/.m2/repository/io/opentracing/opentracing-noop/0.31.0/opentracing-noop-0.31.0.jar:/home/user/.m2/repository/org/apache/hadoop/hadoop-hdds-server-framework/0.5.0-SNAPSHOT/hadoop-hdds-server-framework-0.5.0-SNAPSHOT.jar:/home/user/.m2/repository/org/apache/hadoop/hadoop-hdds-container-service/0.5.0-SNAPSHOT/hadoop-hdds-container-service-0.5.0-SNAPSHOT.jar:/home/user/.m2/repository/org/apache/hadoop/hadoop-hdds-client/0.5.0-SNAPSHOT/hadoop-hdds-client-0.5.0-SNAPSHOT.jar:/home/user/.m2/repository/org/apache/hadoop/hadoop-hdds-tools/0.5.0-SNAPSHOT/hadoop-hdds-tools-0.5.0-SNAPSHOT.jar:/home/user/.m2/repository/org/apache/hadoop/hadoop-hdds-server-scm/0.5.0-SNAPSHOT/hadoop-hdds-server-scm-0.5.0-SNAPSHOT.jar:/home/user/.m2/repository/org/apache/hadoop/hadoop-hdds-docs/0.5.0-SNAPSHOT/hadoop-hdds-docs-0.5.0-SNAPSHOT.jar:/home/user/.m2/repository/io/dropwizard/metrics/metrics-core/3.2.4/metrics-core-3.2.4.jar:/home/user/.m2/repository/org/hamcrest/hamcrest-all/1.3/hamcrest-all-1.3.jar:/home/user/.m2/repository/org/bouncycastle/bcprov-jdk15on/1.60/bcprov-jdk15on-1.60.jar:/home/user/.m2/repository/info/picocli/picocli/3.9.6/picocli-3.9.6.jar:/home/user/.m2/repository/com/google/protobuf/protobuf-java/2.5.0/protobuf-java-2.5.0.jar:/home/user/.m2/repository/com/google/guava/guava/11.0.2/guava-11.0.2.jar:/home/user/.m2/repository/org/apache/hadoop/hadoop-ozone-ozone-manager/0.5.0-SNAPSHOT/hadoop-ozone-ozone-manager-0.5.0-SNAPSHOT.jar:/home/user/.m2/repository/org/apache/hadoop/hadoop-minikdc/3.2.0/hadoop-minikdc-3.2.0.jar:/home/user/.m2/repository/commons-io/commons-io/2.5/commons-io-2.5.jar:/home/user/.m2/repository/org/apache/kerby/kerb-simplekdc/1.0.1/kerb-simplekdc-1.0.1.jar:/home/user/.m2/repository/org/apache/kerby/kerb-client/1.0.1/kerb-client-1.0.1.jar:/home/user/.m2/repository/org/apache/kerby/kerby-config/1.0.1/kerby-config-1.0.1.jar:/home/user/.m2/repository/org/apache/kerby/kerb-core/1.0.1/kerb-core-1.0.1.jar:/home/user/.m2/repository/org/apache/kerby/kerby-pkix/1.0.1/kerby-pkix-1.0.1.jar:/home/user/.m2/repository/org/apache/kerby/kerby-asn1/1.0.1/kerby-asn1-1.0.1.jar:/home/user/.m2/repository/org/apache/kerby/kerby-util/1.0.1/kerby-util-1.0.1.jar:/home/user/.m2/repository/org/apache/kerby/kerb-common/1.0.1/kerb-common-1.0.1.jar:/home/user/.m2/repository/org/apache/kerby/kerb-crypto/1.0.1/kerb-crypto-1.0.1.jar:/home/user/.m2/repository/org/apache/kerby/kerb-util/1.0.1/kerb-util-1.0.1.jar:/home/user/.m2/repository/org/apache/kerby/token-provider/1.0.1/token-provider-1.0.1.jar:/home/user/.m2/repository/org/apache/kerby/kerb-admin/1.0.1/kerb-admin-1.0.1.jar:/home/user/.m2/repository/org/apache/kerby/kerb-server/1.0.1/kerb-server-1.0.1.jar:/home/user/.m2/repository/org/apache/kerby/kerb-identity/1.0.1/kerb-identity-1.0.1.jar:/home/user/.m2/repository/org/apache/kerby/kerby-xdr/1.0.1/kerby-xdr-1.0.1.jar:/home/user/.m2/repository/org/slf4j/slf4j-log4j12/1.7.25/slf4j-log4j12-1.7.25.jar:/home/user/.m2/repository/org/apache/hadoop/hadoop-ozone-s3gateway/0.5.0-SNAPSHOT/hadoop-ozone-s3gateway-0.5.0-SNAPSHOT.jar:/home/user/.m2/repository/org/jboss/weld/servlet/weld-servlet/2.4.7.Final/weld-servlet-2.4.7.Final.jar:/home/user/.m2/repository/org/glassfish/jersey/containers/jersey-container-servlet-core/2.27/jersey-container-servlet-core-2.27.jar:/home/user/.m2/repository/org/glassfish/hk2/external/javax.inject/2.5.0-b42/javax.inject-2.5.0-b42.jar:/home/user/.m2/repository/org/glassfish/jersey/core/jersey-common/2.27/jersey-common-2.27.jar:/home/user/.m2/repository/org/glassfish/hk2/osgi-resource-locator/1.0.1/osgi-resource-locator-1.0.1.jar:/home/user/.m2/repository/javax/ws/rs/javax.ws.rs-api/2.1/javax.ws.rs-api-2.1.jar:/home/user/.m2/repository/org/glassfish/jersey/ext/cdi/jersey-cdi1x/2.27/jersey-cdi1x-2.27.jar:/home/user/.m2/repository/org/glassfish/jersey/inject/jersey-hk2/2.27/jersey-hk2-2.27.jar:/home/user/.m2/repository/org/glassfish/hk2/hk2-locator/2.5.0-b42/hk2-locator-2.5.0-b42.jar:/home/user/.m2/repository/org/javassist/javassist/3.22.0-CR2/javassist-3.22.0-CR2.jar:/home/user/.m2/repository/org/glassfish/hk2/hk2-api/2.5.0/hk2-api-2.5.0.jar:/home/user/.m2/repository/org/glassfish/hk2/external/jakarta.inject/2.5.0/jakarta.inject-2.5.0.jar:/home/user/.m2/repository/org/glassfish/hk2/hk2-utils/2.5.0/hk2-utils-2.5.0.jar:/home/user/.m2/repository/jakarta/annotation/jakarta.annotation-api/1.3.4/jakarta.annotation-api-1.3.4.jar:/home/user/.m2/repository/org/glassfish/hk2/external/aopalliance-repackaged/2.5.0/aopalliance-repackaged-2.5.0.jar:/home/user/.m2/repository/com/fasterxml/jackson/dataformat/jackson-dataformat-xml/2.9.0/jackson-dataformat-xml-2.9.0.jar:/home/user/.m2/repository/com/fasterxml/jackson/core/jackson-core/2.9.9/jackson-core-2.9.9.jar:/home/user/.m2/repository/com/fasterxml/jackson/module/jackson-module-jaxb-annotations/2.9.9/jackson-module-jaxb-annotations-2.9.9.jar:/home/user/.m2/repository/javax/enterprise/cdi-api/1.2/cdi-api-1.2.jar:/home/user/.m2/repository/javax/el/javax.el-api/3.0.0/javax.el-api-3.0.0.jar:/home/user/.m2/repository/javax/interceptor/javax.interceptor-api/1.2/javax.interceptor-api-1.2.jar:/home/user/.m2/repository/javax/inject/javax.inject/1/javax.inject-1.jar:/home/user/.m2/repository/com/sun/xml/bind/jaxb-impl/2.3.0.1/jaxb-impl-2.3.0.1.jar:/home/user/.m2/repository/com/sun/xml/bind/jaxb-core/2.3.0.1/jaxb-core-2.3.0.1.jar:/home/user/.m2/repository/javax/xml/bind/jaxb-api/2.3.0/jaxb-api-2.3.0.jar:/home/user/.m2/repository/javax/activation/activation/1.1.1/activation-1.1.1.jar:/home/user/.m2/repository/org/apache/hadoop/hadoop-ozone-csi/0.5.0-SNAPSHOT/hadoop-ozone-csi-0.5.0-SNAPSHOT.jar:/home/user/.m2/repository/com/google/protobuf/protobuf-java-util/3.5.1/protobuf-java-util-3.5.1.jar:/home/user/.m2/repository/org/apache/hadoop/hadoop-hdds-config/0.5.0-SNAPSHOT/hadoop-hdds-config-0.5.0-SNAPSHOT.jar:/home/user/.m2/repository/io/grpc/grpc-netty/1.17.1/grpc-netty-1.17.1.jar:/home/user/.m2/repository/io/grpc/grpc-core/1.17.1/grpc-core-1.17.1.jar:/home/user/.m2/repository/io/grpc/grpc-context/1.17.1/grpc-context-1.17.1.jar:/home/user/.m2/repository/com/google/errorprone/error_prone_annotations/2.2.0/error_prone_annotations-2.2.0.jar:/home/user/.m2/repository/org/codehaus/mojo/animal-sniffer-annotations/1.17/animal-sniffer-annotations-1.17.jar:/home/user/.m2/repository/io/opencensus/opencensus-api/0.17.0/opencensus-api-0.17.0.jar:/home/user/.m2/repository/io/opencensus/opencensus-contrib-grpc-metrics/0.17.0/opencensus-contrib-grpc-metrics-0.17.0.jar:/home/user/.m2/repository/io/netty/netty-codec-http2/4.1.30.Final/netty-codec-http2-4.1.30.Final.jar:/home/user/.m2/repository/io/netty/netty-codec-http/4.1.30.Final/netty-codec-http-4.1.30.Final.jar:/home/user/.m2/repository/io/netty/netty-codec/4.1.30.Final/netty-codec-4.1.30.Final.jar:/home/user/.m2/repository/io/netty/netty-handler/4.1.30.Final/netty-handler-4.1.30.Final.jar:/home/user/.m2/repository/io/netty/netty-handler-proxy/4.1.30.Final/netty-handler-proxy-4.1.30.Final.jar:/home/user/.m2/repository/io/netty/netty-codec-socks/4.1.30.Final/netty-codec-socks-4.1.30.Final.jar:/home/user/.m2/repository/io/netty/netty-transport-native-epoll/4.1.30.Final/netty-transport-native-epoll-4.1.30.Final.jar:/home/user/.m2/repository/io/netty/netty-common/4.1.30.Final/netty-common-4.1.30.Final.jar:/home/user/.m2/repository/io/netty/netty-buffer/4.1.30.Final/netty-buffer-4.1.30.Final.jar:/home/user/.m2/repository/io/netty/netty-transport/4.1.30.Final/netty-transport-4.1.30.Final.jar:/home/user/.m2/repository/io/netty/netty-resolver/4.1.30.Final/netty-resolver-4.1.30.Final.jar:/home/user/.m2/repository/io/netty/netty-transport-native-unix-common/4.1.30.Final/netty-transport-native-unix-common-4.1.30.Final.jar:/home/user/.m2/repository/io/grpc/grpc-protobuf/1.17.1/grpc-protobuf-1.17.1.jar:/home/user/.m2/repository/com/google/api/grpc/proto-google-common-protos/1.0.0/proto-google-common-protos-1.0.0.jar:/home/user/.m2/repository/io/grpc/grpc-protobuf-lite/1.17.1/grpc-protobuf-lite-1.17.1.jar:/home/user/.m2/repository/io/grpc/grpc-stub/1.17.1/grpc-stub-1.17.1.jar:/home/user/.m2/repository/org/apache/hadoop/hadoop-ozone-recon/0.5.0-SNAPSHOT/hadoop-ozone-recon-0.5.0-SNAPSHOT.jar:/home/user/.m2/repository/org/apache/hadoop/hadoop-ozone-reconcodegen/0.5.0-SNAPSHOT/hadoop-ozone-reconcodegen-0.5.0-SNAPSHOT.jar:/home/user/.m2/repository/com/google/inject/extensions/guice-multibindings/4.0/guice-multibindings-4.0.jar:/home/user/.m2/repository/com/google/inject/guice/4.0/guice-4.0.jar:/home/user/.m2/repository/aopalliance/aopalliance/1.0/aopalliance-1.0.jar:/home/user/.m2/repository/com/google/inject/extensions/guice-servlet/4.0/guice-servlet-4.0.jar:/home/user/.m2/repository/org/glassfish/jersey/containers/jersey-container-servlet/2.27/jersey-container-servlet-2.27.jar:/home/user/.m2/repository/org/glassfish/hk2/guice-bridge/2.5.0/guice-bridge-2.5.0.jar:/home/user/.m2/repository/org/glassfish/jersey/core/jersey-server/2.27/jersey-server-2.27.jar:/home/user/.m2/repository/org/glassfish/jersey/core/jersey-client/2.27/jersey-client-2.27.jar:/home/user/.m2/repository/org/glassfish/jersey/media/jersey-media-jaxb/2.27/jersey-media-jaxb-2.27.jar:/home/user/.m2/repository/javax/validation/validation-api/1.1.0.Final/validation-api-1.1.0.Final.jar:/home/user/.m2/repository/org/glassfish/jersey/media/jersey-media-json-jackson/2.27/jersey-media-json-jackson-2.27.jar:/home/user/.m2/repository/org/glassfish/jersey/ext/jersey-entity-filtering/2.27/jersey-entity-filtering-2.27.jar:/home/user/.m2/repository/com/google/inject/extensions/guice-assistedinject/4.0/guice-assistedinject-4.0.jar:/home/user/.m2/repository/org/jooq/jooq/3.11.10/jooq-3.11.10.jar:/home/user/.m2/repository/org/jooq/jooq-meta/3.11.10/jooq-meta-3.11.10.jar:/home/user/.m2/repository/org/jooq/jooq-codegen/3.11.10/jooq-codegen-3.11.10.jar:/home/user/.m2/repository/com/jolbox/bonecp/0.8.0.RELEASE/bonecp-0.8.0.RELEASE.jar:/home/user/.m2/repository/org/xerial/sqlite-jdbc/3.25.2/sqlite-jdbc-3.25.2.jar:/home/user/.m2/repository/org/springframework/spring-jdbc/5.1.3.RELEASE/spring-jdbc-5.1.3.RELEASE.jar:/home/user/.m2/repository/org/springframework/spring-beans/5.1.3.RELEASE/spring-beans-5.1.3.RELEASE.jar:/home/user/.m2/repository/org/springframework/spring-core/5.1.3.RELEASE/spring-core-5.1.3.RELEASE.jar:/home/user/.m2/repository/org/springframework/spring-jcl/5.1.3.RELEASE/spring-jcl-5.1.3.RELEASE.jar:/home/user/.m2/repository/org/springframework/spring-tx/5.1.3.RELEASE/spring-tx-5.1.3.RELEASE.jar:/home/user/.m2/repository/org/apache/hadoop/hadoop-ozone-client/0.5.0-SNAPSHOT/hadoop-ozone-client-0.5.0-SNAPSHOT.jar:/home/user/.m2/repository/commons-lang/commons-lang/2.6/commons-lang-2.6.jar:/home/user/.m2/repository/org/apache/hadoop/hadoop-ozone-ozone-manager/0.5.0-SNAPSHOT/hadoop-ozone-ozone-manager-0.5.0-SNAPSHOT-tests.jar:/home/user/.m2/repository/junit/junit/4.11/junit-4.11.jar:/home/user/.m2/repository/org/hamcrest/hamcrest-core/1.3/hamcrest-core-1.3.jar:/home/user/.m2/repository/org/openjdk/jmh/jmh-core/1.19/jmh-core-1.19.jar:/home/user/.m2/repository/net/sf/jopt-simple/jopt-simple/4.6/jopt-simple-4.6.jar:/home/user/.m2/repository/org/apache/commons/commons-math3/3.1.1/commons-math3-3.1.1.jar:/home/user/.m2/repository/org/openjdk/jmh/jmh-generator-annprocess/1.19/jmh-generator-annprocess-1.19.jar:/home/user/.m2/repository/org/mockito/mockito-all/1.8.5/mockito-all-1.8.5.jar:/home/user/.m2/repository/org/apache/hadoop/hadoop-kms/3.2.0/hadoop-kms-3.2.0.jar:/home/user/.m2/repository/org/apache/hadoop/hadoop-auth/3.2.0/hadoop-auth-3.2.0.jar:/home/user/.m2/repository/com/nimbusds/nimbus-jose-jwt/4.41.1/nimbus-jose-jwt-4.41.1.jar:/home/user/.m2/repository/com/github/stephenc/jcip/jcip-annotations/1.0-1/jcip-annotations-1.0-1.jar:/home/user/.m2/repository/net/minidev/json-smart/2.3/json-smart-2.3.jar:/home/user/.m2/repository/net/minidev/accessors-smart/1.2/accessors-smart-1.2.jar:/home/user/.m2/repository/org/ow2/asm/asm/5.0.4/asm-5.0.4.jar:/home/user/.m2/repository/org/apache/curator/curator-framework/2.12.0/curator-framework-2.12.0.jar:/home/user/.m2/repository/com/sun/jersey/jersey-core/1.19/jersey-core-1.19.jar:/home/user/.m2/repository/javax/ws/rs/jsr311-api/1.1.1/jsr311-api-1.1.1.jar:/home/user/.m2/repository/com/sun/jersey/jersey-server/1.19/jersey-server-1.19.jar:/home/user/.m2/repository/javax/servlet/javax.servlet-api/3.1.0/javax.servlet-api-3.1.0.jar:/home/user/.m2/repository/org/eclipse/jetty/jetty-server/9.3.25.v20180904/jetty-server-9.3.25.v20180904.jar:/home/user/.m2/repository/org/eclipse/jetty/jetty-http/9.3.25.v20180904/jetty-http-9.3.25.v20180904.jar:/home/user/.m2/repository/org/eclipse/jetty/jetty-io/9.3.25.v20180904/jetty-io-9.3.25.v20180904.jar:/home/user/.m2/repository/org/eclipse/jetty/jetty-webapp/9.3.25.v20180904/jetty-webapp-9.3.25.v20180904.jar:/home/user/.m2/repository/org/eclipse/jetty/jetty-xml/9.3.25.v20180904/jetty-xml-9.3.25.v20180904.jar:/home/user/.m2/repository/log4j/log4j/1.2.17/log4j-1.2.17.jar:/home/user/.m2/repository/org/slf4j/slf4j-api/1.7.25/slf4j-api-1.7.25.jar:/home/user/.m2/repository/org/slf4j/jul-to-slf4j/1.7.25/jul-to-slf4j-1.7.25.jar:/home/user/.m2/repository/org/eclipse/jetty/jetty-util/9.3.25.v20180904/jetty-util-9.3.25.v20180904.jar:/home/user/.m2/repository/com/fasterxml/jackson/core/jackson-databind/2.9.9/jackson-databind-2.9.9.jar:/home/user/.m2/repository/org/apache/hadoop/hadoop-kms/3.2.0/hadoop-kms-3.2.0-tests.jar:/home/user/.m2/repository/org/apache/hadoop/hadoop-hdds-server-scm/0.5.0-SNAPSHOT/hadoop-hdds-server-scm-0.5.0-SNAPSHOT-tests.jar:/home/user/.m2/repository/org/apache/hadoop/hadoop-hdds-container-service/0.5.0-SNAPSHOT/hadoop-hdds-container-service-0.5.0-SNAPSHOT-tests.jar:/home/user/.m2/repository/org/yaml/snakeyaml/1.16/snakeyaml-1.16.jar:/home/user/.m2/repository/org/apache/hadoop/hadoop-common/3.2.0/hadoop-common-3.2.0-tests.jar:/home/user/.m2/repository/org/apache/hadoop/hadoop-annotations/3.2.0/hadoop-annotations-3.2.0.jar:/usr/lib/jvm/java-1.8-openjdk/jre/../lib/tools.jar:/home/user/.m2/repository/commons-cli/commons-cli/1.2/commons-cli-1.2.jar:/home/user/.m2/repository/org/apache/httpcomponents/httpclient/4.5.2/httpclient-4.5.2.jar:/home/user/.m2/repository/org/apache/httpcomponents/httpcore/4.4.4/httpcore-4.4.4.jar:/home/user/.m2/repository/commons-codec/commons-codec/1.11/commons-codec-1.11.jar:/home/user/.m2/repository/commons-net/commons-net/3.6/commons-net-3.6.jar:/home/user/.m2/repository/commons-collections/commons-collections/3.2.2/commons-collections-3.2.2.jar:/home/user/.m2/repository/org/eclipse/jetty/jetty-servlet/9.3.25.v20180904/jetty-servlet-9.3.25.v20180904.jar:/home/user/.m2/repository/org/eclipse/jetty/jetty-security/9.3.25.v20180904/jetty-security-9.3.25.v20180904.jar:/home/user/.m2/repository/javax/servlet/jsp/jsp-api/2.1/jsp-api-2.1.jar:/home/user/.m2/repository/com/sun/jersey/jersey-servlet/1.19/jersey-servlet-1.19.jar:/home/user/.m2/repository/com/sun/jersey/jersey-json/1.19/jersey-json-1.19.jar:/home/user/.m2/repository/org/codehaus/jettison/jettison/1.1/jettison-1.1.jar:/home/user/.m2/repository/org/codehaus/jackson/jackson-core-asl/1.9.13/jackson-core-asl-1.9.13.jar:/home/user/.m2/repository/org/codehaus/jackson/jackson-mapper-asl/1.9.13/jackson-mapper-asl-1.9.13.jar:/home/user/.m2/repository/org/codehaus/jackson/jackson-jaxrs/1.9.13/jackson-jaxrs-1.9.13.jar:/home/user/.m2/repository/org/codehaus/jackson/jackson-xc/1.9.13/jackson-xc-1.9.13.jar:/home/user/.m2/repository/commons-logging/commons-logging/1.1.3/commons-logging-1.1.3.jar:/home/user/.m2/repository/commons-beanutils/commons-beanutils/1.9.4/commons-beanutils-1.9.4.jar:/home/user/.m2/repository/org/apache/commons/commons-configuration2/2.1.1/commons-configuration2-2.1.1.jar:/home/user/.m2/repository/org/apache/commons/commons-lang3/3.7/commons-lang3-3.7.jar:/home/user/.m2/repository/org/apache/commons/commons-text/1.4/commons-text-1.4.jar:/home/user/.m2/repository/org/apache/avro/avro/1.7.7/avro-1.7.7.jar:/home/user/.m2/repository/com/thoughtworks/paranamer/paranamer/2.3/paranamer-2.3.jar:/home/user/.m2/repository/org/xerial/snappy/snappy-java/1.0.5/snappy-java-1.0.5.jar:/home/user/.m2/repository/com/google/re2j/re2j/1.1/re2j-1.1.jar:/home/user/.m2/repository/com/google/code/gson/gson/2.2.4/gson-2.2.4.jar:/home/user/.m2/repository/com/jcraft/jsch/0.1.54/jsch-0.1.54.jar:/home/user/.m2/repository/org/apache/curator/curator-client/2.12.0/curator-client-2.12.0.jar:/home/user/.m2/repository/org/apache/curator/curator-recipes/2.12.0/curator-recipes-2.12.0.jar:/home/user/.m2/repository/com/google/code/findbugs/jsr305/3.0.0/jsr305-3.0.0.jar:/home/user/.m2/repository/org/apache/htrace/htrace-core4/4.1.0-incubating/htrace-core4-4.1.0-incubating.jar:/home/user/.m2/repository/org/apache/zookeeper/zookeeper/3.4.13/zookeeper-3.4.13.jar:/home/user/.m2/repository/jline/jline/0.9.94/jline-0.9.94.jar:/home/user/.m2/repository/org/apache/yetus/audience-annotations/0.5.0/audience-annotations-0.5.0.jar:/home/user/.m2/repository/org/codehaus/woodstox/stax2-api/3.1.4/stax2-api-3.1.4.jar:/home/user/.m2/repository/com/fasterxml/woodstox/woodstox-core/5.0.3/woodstox-core-5.0.3.jar:/home/user/.m2/repository/dnsjava/dnsjava/2.1.7/dnsjava-2.1.7.jar:/home/user/.m2/repository/org/apache/hadoop/hadoop-hdfs/3.2.0/hadoop-hdfs-3.2.0-tests.jar:/home/user/.m2/repository/org/eclipse/jetty/jetty-util-ajax/9.3.25.v20180904/jetty-util-ajax-9.3.25.v20180904.jar:/home/user/.m2/repository/commons-daemon/commons-daemon/1.0.13/commons-daemon-1.0.13.jar:/home/user/.m2/repository/io/netty/netty/3.10.5.Final/netty-3.10.5.Final.jar:/home/user/.m2/repository/io/netty/netty-all/4.0.52.Final/netty-all-4.0.52.Final.jar:/home/user/.m2/repository/org/fusesource/leveldbjni/leveldbjni-all/1.8/leveldbjni-all-1.8.jar:"/>
    <property name="sun.cpu.endian" value="little"/>
    <property name="user.home" value="/home/user"/>
    <property name="user.language" value="en"/>
    <property name="java.specification.vendor" value="Oracle Corporation"/>
    <property name="java.home" value="/usr/lib/jvm/java-1.8-openjdk/jre"/>
    <property name="java.security.krb5.conf" value="/workdir/hadoop-ozone/integration-test/target/test-classes/krb5.conf"/>
    <property name="basedir" value="/workdir/hadoop-ozone/integration-test"/>
    <property name="file.separator" value="/"/>
    <property name="line.separator" value="&#10;"/>
    <property name="java.vm.specification.vendor" value="Oracle Corporation"/>
    <property name="java.specification.name" value="Java Platform API Specification"/>
    <property name="java.awt.graphicsenv" value="sun.awt.X11GraphicsEnvironment"/>
    <property name="surefire.real.class.path" value="/workdir/hadoop-ozone/integration-test/target/surefire/surefirebooter2706903354385238832.jar"/>
    <property name="hadoop.log.dir" value="/workdir/hadoop-ozone/integration-test/target/log"/>
    <property name="sun.boot.class.path" value="/usr/lib/jvm/java-1.8-openjdk/jre/lib/resources.jar:/usr/lib/jvm/java-1.8-openjdk/jre/lib/rt.jar:/usr/lib/jvm/java-1.8-openjdk/jre/lib/sunrsasign.jar:/usr/lib/jvm/java-1.8-openjdk/jre/lib/jsse.jar:/usr/lib/jvm/java-1.8-openjdk/jre/lib/jce.jar:/usr/lib/jvm/java-1.8-openjdk/jre/lib/charsets.jar:/usr/lib/jvm/java-1.8-openjdk/jre/lib/jfr.jar:/usr/lib/jvm/java-1.8-openjdk/jre/classes"/>
    <property name="sun.management.compiler" value="HotSpot 64-Bit Tiered Compilers"/>
    <property name="java.runtime.version" value="1.8.0_212-b04"/>
    <property name="java.net.preferIPv4Stack" value="true"/>
    <property name="user.name" value="jenkins1000"/>
    <property name="path.separator" value=":"/>
    <property name="java.security.egd" value="file:///dev/urandom"/>
    <property name="os.version" value="3.10.0-957.12.2.el7.x86_64"/>
    <property name="java.endorsed.dirs" value="/usr/lib/jvm/java-1.8-openjdk/jre/lib/endorsed"/>
    <property name="java.runtime.name" value="OpenJDK Runtime Environment"/>
    <property name="file.encoding" value="UTF-8"/>
    <property name="java.vm.name" value="OpenJDK 64-Bit Server VM"/>
    <property name="test.build.webapps" value=""/>
    <property name="localRepository" value="/home/user/.m2/repository"/>
    <property name="java.vendor.url.bug" value="https://icedtea.classpath.org/bugzilla"/>
    <property name="java.io.tmpdir" value="/tmp"/>
    <property name="require.test.libhadoop" value=""/>
    <property name="java.version" value="1.8.0_212"/>
    <property name="user.dir" value="/workdir/hadoop-ozone/integration-test"/>
    <property name="os.arch" value="amd64"/>
    <property name="java.vm.specification.name" value="Java Virtual Machine Specification"/>
    <property name="test.build.classes" value="/workdir/hadoop-ozone/integration-test/target/test-classes"/>
    <property name="java.awt.printerjob" value="sun.print.PSPrinterJob"/>
    <property name="sun.os.patch.level" value="unknown"/>
    <property name="hadoop.tmp.dir" value="/workdir/hadoop-ozone/integration-test/target/tmp"/>
    <property name="java.library.path" value="/usr/lib/jvm/java-1.8-openjdk/jre/lib/amd64/server:/usr/lib/jvm/java-1.8-openjdk/jre/lib/amd64:/usr/lib/jvm/java-1.8-openjdk/jre/../lib/amd64:/workdir/hadoop-ozone/integration-test/target/native/target/usr/local/lib:/workdir/hadoop-ozone/integration-test/../../hadoop-common-project/hadoop-common/target/native/target/usr/local/lib:/usr/java/packages/lib/amd64:/usr/lib64:/lib64:/lib:/usr/lib"/>
    <property name="java.vm.info" value="mixed mode"/>
    <property name="java.vendor" value="IcedTea"/>
    <property name="java.vm.version" value="25.212-b04"/>
    <property name="java.ext.dirs" value="/usr/lib/jvm/java-1.8-openjdk/jre/lib/ext:/usr/java/packages/lib/ext"/>
    <property name="sun.io.unicode.encoding" value="UnicodeLittle"/>
    <property name="java.class.version" value="52.0"/>
  </properties>
  <testcase name="testWatchForCommitWithKeyWrite" classname="org.apache.hadoop.ozone.client.rpc.TestWatchForCommit" time="75.61"/>
  <testcase name="testWatchForCommitWithSmallerTimeoutValue" classname="org.apache.hadoop.ozone.client.rpc.TestWatchForCommit" time="42.851"/>
  <testcase name="testWatchForCommitForRetryfailure" classname="org.apache.hadoop.ozone.client.rpc.TestWatchForCommit" time="74.827"/>
  <testcase name="testWatchForCommitForGroupMismatchException" classname="org.apache.hadoop.ozone.client.rpc.TestWatchForCommit" time="33.268"/>
  <testcase name="test2WayCommitForTimeoutException" classname="org.apache.hadoop.ozone.client.rpc.TestWatchForCommit" time="23.148">
    <error type="java.util.concurrent.TimeoutException">java.util.concurrent.TimeoutException
	at java.util.concurrent.CompletableFuture.timedGet(CompletableFuture.java:1771)
	at java.util.concurrent.CompletableFuture.get(CompletableFuture.java:1915)
	at org.apache.hadoop.hdds.scm.XceiverClientRatis.watchForCommit(XceiverClientRatis.java:298)
	at org.apache.hadoop.ozone.client.rpc.TestWatchForCommit.test2WayCommitForTimeoutException(TestWatchForCommit.java:391)
	at sun.reflect.NativeMethodAccessorImpl.invoke0(Native Method)
	at sun.reflect.NativeMethodAccessorImpl.invoke(NativeMethodAccessorImpl.java:62)
	at sun.reflect.DelegatingMethodAccessorImpl.invoke(DelegatingMethodAccessorImpl.java:43)
	at java.lang.reflect.Method.invoke(Method.java:498)
	at org.junit.runners.model.FrameworkMethod$1.runReflectiveCall(FrameworkMethod.java:47)
	at org.junit.internal.runners.model.ReflectiveCallable.run(ReflectiveCallable.java:12)
	at org.junit.runners.model.FrameworkMethod.invokeExplosively(FrameworkMethod.java:44)
	at org.junit.internal.runners.statements.InvokeMethod.evaluate(InvokeMethod.java:17)
	at org.junit.runners.ParentRunner.runLeaf(ParentRunner.java:271)
	at org.junit.runners.BlockJUnit4ClassRunner.runChild(BlockJUnit4ClassRunner.java:70)
	at org.junit.runners.BlockJUnit4ClassRunner.runChild(BlockJUnit4ClassRunner.java:50)
	at org.junit.runners.ParentRunner$3.run(ParentRunner.java:238)
	at org.junit.runners.ParentRunner$1.schedule(ParentRunner.java:63)
	at org.junit.runners.ParentRunner.runChildren(ParentRunner.java:236)
	at org.junit.runners.ParentRunner.access$000(ParentRunner.java:53)
	at org.junit.runners.ParentRunner$2.evaluate(ParentRunner.java:229)
	at org.junit.runners.ParentRunner.run(ParentRunner.java:309)
	at org.apache.maven.surefire.junit4.JUnit4Provider.execute(JUnit4Provider.java:365)
	at org.apache.maven.surefire.junit4.JUnit4Provider.executeWithRerun(JUnit4Provider.java:273)
	at org.apache.maven.surefire.junit4.JUnit4Provider.executeTestSet(JUnit4Provider.java:238)
	at org.apache.maven.surefire.junit4.JUnit4Provider.invoke(JUnit4Provider.java:159)
	at org.apache.maven.surefire.booter.ForkedBooter.invokeProviderInSameClassLoader(ForkedBooter.java:384)
	at org.apache.maven.surefire.booter.ForkedBooter.runSuitesInProcess(ForkedBooter.java:345)
	at org.apache.maven.surefire.booter.ForkedBooter.execute(ForkedBooter.java:126)
	at org.apache.maven.surefire.booter.ForkedBooter.main(ForkedBooter.java:418)
</error>
    <system-out><![CDATA[2019-10-04 09:43:25,446 [main] WARN  server.ServerUtils (ServerUtils.java:getScmDbDir(145)) - ozone.scm.db.dirs is not configured. We recommend adding this setting. Falling back to ozone.metadata.dirs instead.
2019-10-04 09:43:25,471 [main] WARN  server.ServerUtils (ServerUtils.java:getScmDbDir(145)) - ozone.scm.db.dirs is not configured. We recommend adding this setting. Falling back to ozone.metadata.dirs instead.
2019-10-04 09:43:25,471 [main] WARN  server.ServerUtils (ServerUtils.java:getScmDbDir(145)) - ozone.scm.db.dirs is not configured. We recommend adding this setting. Falling back to ozone.metadata.dirs instead.
2019-10-04 09:43:25,472 [main] INFO  db.DBStoreBuilder (DBStoreBuilder.java:addTable(117)) - using custom profile for table: deletedBlocks
2019-10-04 09:43:25,472 [main] INFO  db.DBStoreBuilder (DBStoreBuilder.java:processTables(168)) - Using default column profile:DBProfile.DISK for Table:deletedBlocks
2019-10-04 09:43:25,472 [main] INFO  db.DBStoreBuilder (DBStoreBuilder.java:addTable(117)) - using custom profile for table: validCerts
2019-10-04 09:43:25,472 [main] INFO  db.DBStoreBuilder (DBStoreBuilder.java:processTables(168)) - Using default column profile:DBProfile.DISK for Table:validCerts
2019-10-04 09:43:25,473 [main] INFO  db.DBStoreBuilder (DBStoreBuilder.java:addTable(117)) - using custom profile for table: revokedCerts
2019-10-04 09:43:25,473 [main] INFO  db.DBStoreBuilder (DBStoreBuilder.java:processTables(168)) - Using default column profile:DBProfile.DISK for Table:revokedCerts
2019-10-04 09:43:25,473 [main] INFO  db.DBStoreBuilder (DBStoreBuilder.java:addTable(117)) - using custom profile for table: default
2019-10-04 09:43:25,473 [main] INFO  db.DBStoreBuilder (DBStoreBuilder.java:processTables(174)) - Using default column profile:DBProfile.DISK for Table:default
2019-10-04 09:43:25,473 [main] INFO  db.DBStoreBuilder (DBStoreBuilder.java:getDbProfile(205)) - Using default options. DBProfile.DISK
2019-10-04 09:43:25,775 [main] INFO  net.NodeSchemaLoader (NodeSchemaLoader.java:loadSchemaFromFile(125)) - Loading file from sun.misc.CompoundEnumeration@46a123e4
2019-10-04 09:43:25,775 [main] INFO  net.NodeSchemaLoader (NodeSchemaLoader.java:loadSchema(171)) - Loading network topology layer schema file
2019-10-04 09:43:25,782 [main] WARN  server.ServerUtils (ServerUtils.java:sanitizeUserArgs(70)) - ozone.scm.stale.node.interval value = 300000 is larger than max = 100000 based on the key value of ozone.scm.heartbeat.thread.interval, reset to the max value 100000.
2019-10-04 09:43:25,782 [main] WARN  server.ServerUtils (ServerUtils.java:sanitizeUserArgs(70)) - ozone.scm.stale.node.interval value = 300000 is larger than max = 100000 based on the key value of ozone.scm.heartbeat.thread.interval, reset to the max value 100000.
2019-10-04 09:43:25,782 [main] INFO  node.SCMNodeManager (SCMNodeManager.java:<init>(114)) - Entering startup safe mode.
2019-10-04 09:43:25,783 [main] INFO  algorithms.ContainerPlacementPolicyFactory (ContainerPlacementPolicyFactory.java:getPolicy(57)) - Create container placement policy of type org.apache.hadoop.hdds.scm.container.placement.algorithms.SCMContainerPlacementRandom
2019-10-04 09:43:25,784 [main] WARN  server.ServerUtils (ServerUtils.java:getScmDbDir(145)) - ozone.scm.db.dirs is not configured. We recommend adding this setting. Falling back to ozone.metadata.dirs instead.
2019-10-04 09:43:25,886 [main] INFO  pipeline.SCMPipelineManager (SCMPipelineManager.java:initializePipelineState(132)) - No pipeline exists in current db
2019-10-04 09:43:25,887 [main] WARN  server.ServerUtils (ServerUtils.java:getScmDbDir(145)) - ozone.scm.db.dirs is not configured. We recommend adding this setting. Falling back to ozone.metadata.dirs instead.
2019-10-04 09:43:25,977 [main] WARN  events.EventQueue (EventQueue.java:fireEvent(183)) - No event handler registered for event TypedEvent{payloadType=SafeModeStatus, name='SafeModeStatus'}
2019-10-04 09:43:25,978 [main] INFO  ipc.CallQueueManager (CallQueueManager.java:<init>(84)) - Using callQueue: class java.util.concurrent.LinkedBlockingQueue, queueCapacity: 2000, scheduler: class org.apache.hadoop.ipc.DefaultRpcScheduler, ipcBackoff: false.
2019-10-04 09:43:25,979 [Socket Reader #1 for port 46009] INFO  ipc.Server (Server.java:run(1074)) - Starting Socket Reader #1 for port 46009
2019-10-04 09:43:25,981 [main] INFO  ipc.CallQueueManager (CallQueueManager.java:<init>(84)) - Using callQueue: class java.util.concurrent.LinkedBlockingQueue, queueCapacity: 2000, scheduler: class org.apache.hadoop.ipc.DefaultRpcScheduler, ipcBackoff: false.
2019-10-04 09:43:25,982 [Socket Reader #1 for port 39399] INFO  ipc.Server (Server.java:run(1074)) - Starting Socket Reader #1 for port 39399
2019-10-04 09:43:25,984 [main] INFO  ipc.CallQueueManager (CallQueueManager.java:<init>(84)) - Using callQueue: class java.util.concurrent.LinkedBlockingQueue, queueCapacity: 2000, scheduler: class org.apache.hadoop.ipc.DefaultRpcScheduler, ipcBackoff: false.
2019-10-04 09:43:25,984 [Socket Reader #1 for port 39392] INFO  ipc.Server (Server.java:run(1074)) - Starting Socket Reader #1 for port 39392
2019-10-04 09:43:25,988 [main] INFO  hdfs.DFSUtil (DFSUtil.java:httpServerTemplateForNNAndJN(1641)) - Starting Web-server for scm at: http://0.0.0.0:0
2019-10-04 09:43:25,990 [main] INFO  server.AuthenticationFilter (AuthenticationFilter.java:constructSecretProvider(240)) - Unable to initialize FileSignerSecretProvider, falling back to use random secrets.
2019-10-04 09:43:25,991 [main] WARN  http.HttpRequestLog (HttpRequestLog.java:getRequestLog(97)) - Jetty request log can only be enabled using Log4j
2019-10-04 09:43:25,992 [main] INFO  http.HttpServer2 (HttpServer2.java:addGlobalFilter(975)) - Added global filter 'safety' (class=org.apache.hadoop.http.HttpServer2$QuotingInputFilter)
2019-10-04 09:43:25,993 [main] INFO  http.HttpServer2 (HttpServer2.java:addFilter(948)) - Added filter static_user_filter (class=org.apache.hadoop.http.lib.StaticUserWebFilter$StaticUserFilter) to context scm
2019-10-04 09:43:25,993 [main] INFO  http.HttpServer2 (HttpServer2.java:addFilter(958)) - Added filter static_user_filter (class=org.apache.hadoop.http.lib.StaticUserWebFilter$StaticUserFilter) to context logs
2019-10-04 09:43:25,993 [main] INFO  http.HttpServer2 (HttpServer2.java:addFilter(958)) - Added filter static_user_filter (class=org.apache.hadoop.http.lib.StaticUserWebFilter$StaticUserFilter) to context static
2019-10-04 09:43:25,995 [main] INFO  server.StorageContainerManager (StorageContainerManager.java:start(770)) - StorageContainerLocationProtocol RPC server is listening at /0.0.0.0:39392
2019-10-04 09:43:25,997 [main] WARN  impl.MetricsConfig (MetricsConfig.java:loadFirst(134)) - Cannot locate configuration: tried hadoop-metrics2-storagecontainermanager.properties,hadoop-metrics2.properties
2019-10-04 09:43:25,998 [main] INFO  impl.MetricsSystemImpl (MetricsSystemImpl.java:startTimer(374)) - Scheduled Metric snapshot period at 10 second(s).
2019-10-04 09:43:25,998 [main] INFO  impl.MetricsSystemImpl (MetricsSystemImpl.java:start(191)) - StorageContainerManager metrics system started
2019-10-04 09:43:26,057 [main] WARN  impl.MetricsSystemImpl (MetricsSystemImpl.java:register(276)) - Sink prometheus already exists!
2019-10-04 09:43:26,175 [main] INFO  server.SCMClientProtocolServer (SCMClientProtocolServer.java:start(159)) - RPC server for Client  is listening at /0.0.0.0:39392
2019-10-04 09:43:26,176 [IPC Server listener on 39392] INFO  ipc.Server (Server.java:run(1153)) - IPC Server listener on 39392: starting
2019-10-04 09:43:26,176 [IPC Server Responder] INFO  ipc.Server (Server.java:run(1314)) - IPC Server Responder: starting
2019-10-04 09:43:26,180 [main] INFO  server.StorageContainerManager (StorageContainerManager.java:start(780)) - ScmBlockLocationProtocol RPC server is listening at /0.0.0.0:39399
2019-10-04 09:43:26,180 [main] INFO  server.SCMBlockProtocolServer (SCMBlockProtocolServer.java:start(146)) - RPC server for Block Protocol is listening at /0.0.0.0:39399
2019-10-04 09:43:26,181 [IPC Server Responder] INFO  ipc.Server (Server.java:run(1314)) - IPC Server Responder: starting
2019-10-04 09:43:26,181 [IPC Server listener on 39399] INFO  ipc.Server (Server.java:run(1153)) - IPC Server listener on 39399: starting
2019-10-04 09:43:26,187 [main] INFO  server.StorageContainerManager (StorageContainerManager.java:start(784)) - ScmDatanodeProtocl RPC server is listening at /0.0.0.0:46009
2019-10-04 09:43:26,187 [main] INFO  server.SCMDatanodeProtocolServer (SCMDatanodeProtocolServer.java:start(169)) - RPC server for DataNodes is listening at /0.0.0.0:46009
2019-10-04 09:43:26,188 [IPC Server Responder] INFO  ipc.Server (Server.java:run(1314)) - IPC Server Responder: starting
2019-10-04 09:43:26,188 [IPC Server listener on 46009] INFO  ipc.Server (Server.java:run(1153)) - IPC Server listener on 46009: starting
2019-10-04 09:43:26,191 [main] INFO  http.HttpServer2 (HttpServer2.java:bindListener(1191)) - Jetty bound to port 36996
2019-10-04 09:43:26,192 [main] INFO  server.Server (Server.java:doStart(351)) - jetty-9.3.25.v20180904, build timestamp: 2018-09-04T21:11:46Z, git hash: 3ce520221d0240229c862b122d2b06c12a625732
2019-10-04 09:43:26,193 [main] INFO  handler.ContextHandler (ContextHandler.java:doStart(781)) - Started o.e.j.s.ServletContextHandler@7a84788f{/logs,file:///workdir/hadoop-ozone/integration-test/target/log,AVAILABLE}
2019-10-04 09:43:26,194 [main] INFO  handler.ContextHandler (ContextHandler.java:doStart(781)) - Started o.e.j.s.ServletContextHandler@26e0d39c{/static,file:///workdir/hadoop-ozone/integration-test/target/test-classes/webapps/static,AVAILABLE}
2019-10-04 09:43:26,197 [main] INFO  handler.ContextHandler (ContextHandler.java:doStart(781)) - Started o.e.j.w.WebAppContext@4aed311e{/,file:///workdir/hadoop-ozone/integration-test/target/test-classes/webapps/scm/,AVAILABLE}{/scm}
2019-10-04 09:43:26,198 [main] INFO  server.AbstractConnector (AbstractConnector.java:doStart(278)) - Started ServerConnector@4c38cd16{HTTP/1.1,[http/1.1]}{0.0.0.0:36996}
2019-10-04 09:43:26,199 [main] INFO  server.Server (Server.java:doStart(419)) - Started @227746ms
2019-10-04 09:43:26,199 [main] WARN  impl.MetricsSystemImpl (MetricsSystemImpl.java:register(276)) - Sink prometheus already exists!
2019-10-04 09:43:26,200 [main] INFO  server.BaseHttpServer (BaseHttpServer.java:updateConnectorAddress(215)) - HTTP server of SCM is listening at http://0.0.0.0:36996
2019-10-04 09:43:26,200 [main] WARN  server.ServerUtils (ServerUtils.java:getDBPath(222)) - ozone.om.db.dirs is not configured. We recommend adding this setting. Falling back to ozone.metadata.dirs instead.
2019-10-04 09:43:26,201 [org.apache.hadoop.util.JvmPauseMonitor$Monitor@f5bf288] INFO  util.JvmPauseMonitor (JvmPauseMonitor.java:run(188)) - Starting JVM pause monitor
2019-10-04 09:43:26,225 [main] INFO  ha.OMHANodeDetails (OMHANodeDetails.java:loadOMHAConfig(190)) - Configuration either no ozone.om.address set. Falling back to the default OM address /127.0.0.1:0
2019-10-04 09:43:26,225 [main] INFO  ha.OMHANodeDetails (OMHANodeDetails.java:getOMNodeDetails(220)) - OM Service ID is not set. Setting it to the default ID: omServiceIdDefault
2019-10-04 09:43:26,226 [main] WARN  server.ServerUtils (ServerUtils.java:getDBPath(222)) - ozone.om.db.dirs is not configured. We recommend adding this setting. Falling back to ozone.metadata.dirs instead.
2019-10-04 09:43:26,226 [main] WARN  server.ServerUtils (ServerUtils.java:getDBPath(222)) - ozone.om.db.dirs is not configured. We recommend adding this setting. Falling back to ozone.metadata.dirs instead.
2019-10-04 09:43:26,233 [main] WARN  server.ServerUtils (ServerUtils.java:getDBPath(222)) - ozone.om.db.dirs is not configured. We recommend adding this setting. Falling back to ozone.metadata.dirs instead.
2019-10-04 09:43:26,234 [main] INFO  db.DBStoreBuilder (DBStoreBuilder.java:addTable(117)) - using custom profile for table: userTable
2019-10-04 09:43:26,234 [main] INFO  db.DBStoreBuilder (DBStoreBuilder.java:processTables(168)) - Using default column profile:DBProfile.DISK for Table:userTable
2019-10-04 09:43:26,234 [main] INFO  db.DBStoreBuilder (DBStoreBuilder.java:addTable(117)) - using custom profile for table: volumeTable
2019-10-04 09:43:26,234 [main] INFO  db.DBStoreBuilder (DBStoreBuilder.java:processTables(168)) - Using default column profile:DBProfile.DISK for Table:volumeTable
2019-10-04 09:43:26,235 [main] INFO  db.DBStoreBuilder (DBStoreBuilder.java:addTable(117)) - using custom profile for table: bucketTable
2019-10-04 09:43:26,235 [main] INFO  db.DBStoreBuilder (DBStoreBuilder.java:processTables(168)) - Using default column profile:DBProfile.DISK for Table:bucketTable
2019-10-04 09:43:26,235 [main] INFO  db.DBStoreBuilder (DBStoreBuilder.java:addTable(117)) - using custom profile for table: keyTable
2019-10-04 09:43:26,235 [main] INFO  db.DBStoreBuilder (DBStoreBuilder.java:processTables(168)) - Using default column profile:DBProfile.DISK for Table:keyTable
2019-10-04 09:43:26,235 [main] INFO  db.DBStoreBuilder (DBStoreBuilder.java:addTable(117)) - using custom profile for table: deletedTable
2019-10-04 09:43:26,236 [main] INFO  db.DBStoreBuilder (DBStoreBuilder.java:processTables(168)) - Using default column profile:DBProfile.DISK for Table:deletedTable
2019-10-04 09:43:26,236 [main] INFO  db.DBStoreBuilder (DBStoreBuilder.java:addTable(117)) - using custom profile for table: openKeyTable
2019-10-04 09:43:26,236 [main] INFO  db.DBStoreBuilder (DBStoreBuilder.java:processTables(168)) - Using default column profile:DBProfile.DISK for Table:openKeyTable
2019-10-04 09:43:26,236 [main] INFO  db.DBStoreBuilder (DBStoreBuilder.java:addTable(117)) - using custom profile for table: s3Table
2019-10-04 09:43:26,236 [main] INFO  db.DBStoreBuilder (DBStoreBuilder.java:processTables(168)) - Using default column profile:DBProfile.DISK for Table:s3Table
2019-10-04 09:43:26,237 [main] INFO  db.DBStoreBuilder (DBStoreBuilder.java:addTable(117)) - using custom profile for table: multipartInfoTable
2019-10-04 09:43:26,237 [main] INFO  db.DBStoreBuilder (DBStoreBuilder.java:processTables(168)) - Using default column profile:DBProfile.DISK for Table:multipartInfoTable
2019-10-04 09:43:26,237 [main] INFO  db.DBStoreBuilder (DBStoreBuilder.java:addTable(117)) - using custom profile for table: dTokenTable
2019-10-04 09:43:26,237 [main] INFO  db.DBStoreBuilder (DBStoreBuilder.java:processTables(168)) - Using default column profile:DBProfile.DISK for Table:dTokenTable
2019-10-04 09:43:26,238 [main] INFO  db.DBStoreBuilder (DBStoreBuilder.java:addTable(117)) - using custom profile for table: s3SecretTable
2019-10-04 09:43:26,238 [main] INFO  db.DBStoreBuilder (DBStoreBuilder.java:processTables(168)) - Using default column profile:DBProfile.DISK for Table:s3SecretTable
2019-10-04 09:43:26,238 [main] INFO  db.DBStoreBuilder (DBStoreBuilder.java:addTable(117)) - using custom profile for table: prefixTable
2019-10-04 09:43:26,238 [main] INFO  db.DBStoreBuilder (DBStoreBuilder.java:processTables(168)) - Using default column profile:DBProfile.DISK for Table:prefixTable
2019-10-04 09:43:26,238 [main] INFO  db.DBStoreBuilder (DBStoreBuilder.java:addTable(117)) - using custom profile for table: default
2019-10-04 09:43:26,239 [main] INFO  db.DBStoreBuilder (DBStoreBuilder.java:processTables(174)) - Using default column profile:DBProfile.DISK for Table:default
2019-10-04 09:43:26,239 [main] INFO  db.DBStoreBuilder (DBStoreBuilder.java:getDbProfile(205)) - Using default options. DBProfile.DISK
2019-10-04 09:43:26,991 [main] INFO  ipc.CallQueueManager (CallQueueManager.java:<init>(84)) - Using callQueue: class java.util.concurrent.LinkedBlockingQueue, queueCapacity: 2000, scheduler: class org.apache.hadoop.ipc.DefaultRpcScheduler, ipcBackoff: false.
2019-10-04 09:43:26,991 [Socket Reader #1 for port 44179] INFO  ipc.Server (Server.java:run(1074)) - Starting Socket Reader #1 for port 44179
2019-10-04 09:43:27,006 [main] INFO  om.OzoneManager (OzoneManager.java:start(1069)) - OzoneManager RPC server is listening at localhost/127.0.0.1:44179
2019-10-04 09:43:27,006 [main] INFO  impl.MetricsSystemImpl (MetricsSystemImpl.java:init(158)) - OzoneManager metrics system started (again)
2019-10-04 09:43:27,007 [IPC Server Responder] INFO  ipc.Server (Server.java:run(1314)) - IPC Server Responder: starting
2019-10-04 09:43:27,009 [IPC Server listener on 44179] INFO  ipc.Server (Server.java:run(1153)) - IPC Server listener on 44179: starting
2019-10-04 09:43:27,012 [main] INFO  hdfs.DFSUtil (DFSUtil.java:httpServerTemplateForNNAndJN(1641)) - Starting Web-server for ozoneManager at: http://0.0.0.0:0
2019-10-04 09:43:27,013 [main] INFO  server.AuthenticationFilter (AuthenticationFilter.java:constructSecretProvider(240)) - Unable to initialize FileSignerSecretProvider, falling back to use random secrets.
2019-10-04 09:43:27,014 [main] WARN  http.HttpRequestLog (HttpRequestLog.java:getRequestLog(97)) - Jetty request log can only be enabled using Log4j
2019-10-04 09:43:27,015 [main] INFO  http.HttpServer2 (HttpServer2.java:addGlobalFilter(975)) - Added global filter 'safety' (class=org.apache.hadoop.http.HttpServer2$QuotingInputFilter)
2019-10-04 09:43:27,016 [main] INFO  http.HttpServer2 (HttpServer2.java:addFilter(948)) - Added filter static_user_filter (class=org.apache.hadoop.http.lib.StaticUserWebFilter$StaticUserFilter) to context ozoneManager
2019-10-04 09:43:27,016 [main] INFO  http.HttpServer2 (HttpServer2.java:addFilter(958)) - Added filter static_user_filter (class=org.apache.hadoop.http.lib.StaticUserWebFilter$StaticUserFilter) to context static
2019-10-04 09:43:27,016 [main] INFO  http.HttpServer2 (HttpServer2.java:addFilter(958)) - Added filter static_user_filter (class=org.apache.hadoop.http.lib.StaticUserWebFilter$StaticUserFilter) to context logs
2019-10-04 09:43:27,017 [main] INFO  http.HttpServer2 (HttpServer2.java:bindListener(1191)) - Jetty bound to port 46209
2019-10-04 09:43:27,017 [main] INFO  server.Server (Server.java:doStart(351)) - jetty-9.3.25.v20180904, build timestamp: 2018-09-04T21:11:46Z, git hash: 3ce520221d0240229c862b122d2b06c12a625732
2019-10-04 09:43:27,019 [main] INFO  handler.ContextHandler (ContextHandler.java:doStart(781)) - Started o.e.j.s.ServletContextHandler@1a2ac487{/logs,file:///workdir/hadoop-ozone/integration-test/target/log,AVAILABLE}
2019-10-04 09:43:27,019 [main] INFO  handler.ContextHandler (ContextHandler.java:doStart(781)) - Started o.e.j.s.ServletContextHandler@36224f93{/static,file:///workdir/hadoop-ozone/integration-test/target/test-classes/webapps/static,AVAILABLE}
2019-10-04 09:43:27,023 [main] INFO  handler.ContextHandler (ContextHandler.java:doStart(781)) - Started o.e.j.w.WebAppContext@4f114b{/,file:///workdir/hadoop-ozone/integration-test/target/test-classes/webapps/ozoneManager/,AVAILABLE}{/ozoneManager}
2019-10-04 09:43:27,024 [main] INFO  server.AbstractConnector (AbstractConnector.java:doStart(278)) - Started ServerConnector@257f30f7{HTTP/1.1,[http/1.1]}{0.0.0.0:46209}
2019-10-04 09:43:27,025 [main] INFO  server.Server (Server.java:doStart(419)) - Started @228572ms
2019-10-04 09:43:27,025 [main] WARN  impl.MetricsSystemImpl (MetricsSystemImpl.java:register(276)) - Sink prometheus already exists!
2019-10-04 09:43:27,027 [main] INFO  server.BaseHttpServer (BaseHttpServer.java:updateConnectorAddress(215)) - HTTP server of OZONEMANAGER is listening at http://0.0.0.0:46209
2019-10-04 09:43:27,041 [main] INFO  impl.MetricsSystemImpl (MetricsSystemImpl.java:init(158)) - HddsDatanode metrics system started (again)
2019-10-04 09:43:27,045 [main] INFO  ozone.HddsDatanodeService (HddsDatanodeService.java:start(184)) - HddsDatanodeService host:pr-hdds-2238-2sxp6-257983327 ip:192.168.30.6
2019-10-04 09:43:27,052 [main] INFO  volume.HddsVolume (HddsVolume.java:<init>(176)) - Creating Volume: /workdir/hadoop-ozone/integration-test/target/test-dir/MiniOzoneClusterImpl-c65a9f33-2bff-4477-850d-5e53df459c98/datanode-0/data/containers/hdds of  storage type : DISK and capacity : 1482555576320
2019-10-04 09:43:27,053 [main] INFO  volume.VolumeSet (VolumeSet.java:initializeVolumeSet(170)) - Added Volume : /workdir/hadoop-ozone/integration-test/target/test-dir/MiniOzoneClusterImpl-c65a9f33-2bff-4477-850d-5e53df459c98/datanode-0/data/containers/hdds to VolumeSet
2019-10-04 09:43:27,053 [main] INFO  volume.ThrottledAsyncChecker (ThrottledAsyncChecker.java:schedule(139)) - Scheduling a check for org.apache.hadoop.ozone.container.common.volume.HddsVolume@4c18516
2019-10-04 09:43:27,054 [main] INFO  volume.HddsVolumeChecker (HddsVolumeChecker.java:checkAllVolumes(202)) - Scheduled health check for volume org.apache.hadoop.ozone.container.common.volume.HddsVolume@4c18516
2019-10-04 09:43:27,069 [main] INFO  impl.RaftServerProxy (ConfUtils.java:logGet(43)) - raft.rpc.type = GRPC (default)
2019-10-04 09:43:27,069 [main] INFO  grpc.GrpcFactory (GrpcFactory.java:checkPooledByteBufAllocatorUseCacheForAllThreads(45)) - PERFORMANCE WARNING: useCacheForAllThreads is true that may cause Netty to create a lot garbage objects and, as a result, trigger GC.
	It is recommended to disable useCacheForAllThreads by setting -Dorg.apache.ratis.thirdparty.io.netty.allocator.useCacheForAllThreads=false in command line.
2019-10-04 09:43:27,070 [main] INFO  grpc.GrpcConfigKeys$Server (ConfUtils.java:logGet(43)) - raft.grpc.server.port = 0 (default)
2019-10-04 09:43:27,070 [main] INFO  server.GrpcService (ConfUtils.java:logGet(43)) - raft.grpc.message.size.max = 33570816 (custom)
2019-10-04 09:43:27,070 [main] INFO  server.RaftServerConfigKeys (ConfUtils.java:logGet(43)) - raft.server.log.appender.buffer.byte-limit = 33554432 (custom)
2019-10-04 09:43:27,071 [main] INFO  server.GrpcService (ConfUtils.java:logGet(43)) - raft.grpc.flow.control.window = 1MB (=1048576) (default)
2019-10-04 09:43:27,071 [main] INFO  server.RaftServerConfigKeys (ConfUtils.java:logGet(43)) - raft.server.rpc.request.timeout = 3000ms (default)
2019-10-04 09:43:27,072 [main] INFO  server.RaftServerConfigKeys (ConfUtils.java:logGet(43)) - raft.server.storage.dir = [/workdir/hadoop-ozone/integration-test/target/test-dir/MiniOzoneClusterImpl-c65a9f33-2bff-4477-850d-5e53df459c98/datanode-0/data/ratis] (custom)
2019-10-04 09:43:27,073 [main] INFO  hdfs.DFSUtil (DFSUtil.java:httpServerTemplateForNNAndJN(1641)) - Starting Web-server for hddsDatanode at: http://0.0.0.0:0
2019-10-04 09:43:27,074 [main] INFO  server.AuthenticationFilter (AuthenticationFilter.java:constructSecretProvider(240)) - Unable to initialize FileSignerSecretProvider, falling back to use random secrets.
2019-10-04 09:43:27,075 [main] WARN  http.HttpRequestLog (HttpRequestLog.java:getRequestLog(97)) - Jetty request log can only be enabled using Log4j
2019-10-04 09:43:27,077 [main] INFO  http.HttpServer2 (HttpServer2.java:addGlobalFilter(975)) - Added global filter 'safety' (class=org.apache.hadoop.http.HttpServer2$QuotingInputFilter)
2019-10-04 09:43:27,077 [main] INFO  http.HttpServer2 (HttpServer2.java:addFilter(948)) - Added filter static_user_filter (class=org.apache.hadoop.http.lib.StaticUserWebFilter$StaticUserFilter) to context hddsDatanode
2019-10-04 09:43:27,077 [main] INFO  http.HttpServer2 (HttpServer2.java:addFilter(958)) - Added filter static_user_filter (class=org.apache.hadoop.http.lib.StaticUserWebFilter$StaticUserFilter) to context logs
2019-10-04 09:43:27,078 [main] INFO  http.HttpServer2 (HttpServer2.java:addFilter(958)) - Added filter static_user_filter (class=org.apache.hadoop.http.lib.StaticUserWebFilter$StaticUserFilter) to context static
2019-10-04 09:43:27,078 [main] INFO  http.HttpServer2 (HttpServer2.java:bindListener(1191)) - Jetty bound to port 32769
2019-10-04 09:43:27,079 [main] INFO  server.Server (Server.java:doStart(351)) - jetty-9.3.25.v20180904, build timestamp: 2018-09-04T21:11:46Z, git hash: 3ce520221d0240229c862b122d2b06c12a625732
2019-10-04 09:43:27,081 [main] INFO  handler.ContextHandler (ContextHandler.java:doStart(781)) - Started o.e.j.s.ServletContextHandler@7b96de8d{/logs,file:///workdir/hadoop-ozone/integration-test/target/log,AVAILABLE}
2019-10-04 09:43:27,081 [main] INFO  handler.ContextHandler (ContextHandler.java:doStart(781)) - Started o.e.j.s.ServletContextHandler@4dc52559{/static,jar:file:/home/user/.m2/repository/org/apache/hadoop/hadoop-hdds-container-service/0.5.0-SNAPSHOT/hadoop-hdds-container-service-0.5.0-SNAPSHOT.jar!/webapps/static,AVAILABLE}
2019-10-04 09:43:27,120 [main] INFO  handler.ContextHandler (ContextHandler.java:doStart(781)) - Started o.e.j.w.WebAppContext@50598a1a{/,file:///tmp/jetty-0.0.0.0-32769-hddsDatanode-_-any-1606120102151215832.dir/webapp/,AVAILABLE}{/hddsDatanode}
2019-10-04 09:43:27,121 [main] INFO  server.AbstractConnector (AbstractConnector.java:doStart(278)) - Started ServerConnector@14de1901{HTTP/1.1,[http/1.1]}{0.0.0.0:32769}
2019-10-04 09:43:27,122 [main] INFO  server.Server (Server.java:doStart(419)) - Started @228669ms
2019-10-04 09:43:27,122 [main] WARN  impl.MetricsSystemImpl (MetricsSystemImpl.java:register(276)) - Sink prometheus already exists!
2019-10-04 09:43:27,123 [main] INFO  server.BaseHttpServer (BaseHttpServer.java:updateConnectorAddress(215)) - HTTP server of HDDSDATANODE is listening at http://0.0.0.0:32769
2019-10-04 09:43:27,123 [main] INFO  impl.MetricsSystemImpl (MetricsSystemImpl.java:init(158)) - HddsDatanode metrics system started (again)
2019-10-04 09:43:27,127 [org.apache.hadoop.util.JvmPauseMonitor$Monitor@1c7db547] INFO  util.JvmPauseMonitor (JvmPauseMonitor.java:run(188)) - Starting JVM pause monitor
2019-10-04 09:43:27,127 [main] INFO  ozone.HddsDatanodeService (HddsDatanodeService.java:start(184)) - HddsDatanodeService host:pr-hdds-2238-2sxp6-257983327 ip:192.168.30.6
2019-10-04 09:43:27,128 [Datanode State Machine Thread - 0] INFO  datanode.InitDatanodeState (InitDatanodeState.java:persistContainerDatanodeDetails(140)) - DatanodeDetails is persisted to /workdir/hadoop-ozone/integration-test/target/test-dir/MiniOzoneClusterImpl-c65a9f33-2bff-4477-850d-5e53df459c98/datanode-0/meta/datanode.id
2019-10-04 09:43:27,132 [main] INFO  volume.HddsVolume (HddsVolume.java:<init>(176)) - Creating Volume: /workdir/hadoop-ozone/integration-test/target/test-dir/MiniOzoneClusterImpl-c65a9f33-2bff-4477-850d-5e53df459c98/datanode-1/data/containers/hdds of  storage type : DISK and capacity : 1482555576320
2019-10-04 09:43:27,133 [main] INFO  volume.VolumeSet (VolumeSet.java:initializeVolumeSet(170)) - Added Volume : /workdir/hadoop-ozone/integration-test/target/test-dir/MiniOzoneClusterImpl-c65a9f33-2bff-4477-850d-5e53df459c98/datanode-1/data/containers/hdds to VolumeSet
2019-10-04 09:43:27,133 [main] INFO  volume.ThrottledAsyncChecker (ThrottledAsyncChecker.java:schedule(139)) - Scheduling a check for org.apache.hadoop.ozone.container.common.volume.HddsVolume@350da119
2019-10-04 09:43:27,133 [main] INFO  volume.HddsVolumeChecker (HddsVolumeChecker.java:checkAllVolumes(202)) - Scheduled health check for volume org.apache.hadoop.ozone.container.common.volume.HddsVolume@350da119
2019-10-04 09:43:27,147 [main] INFO  impl.RaftServerProxy (ConfUtils.java:logGet(43)) - raft.rpc.type = GRPC (default)
2019-10-04 09:43:27,147 [main] INFO  grpc.GrpcFactory (GrpcFactory.java:checkPooledByteBufAllocatorUseCacheForAllThreads(45)) - PERFORMANCE WARNING: useCacheForAllThreads is true that may cause Netty to create a lot garbage objects and, as a result, trigger GC.
	It is recommended to disable useCacheForAllThreads by setting -Dorg.apache.ratis.thirdparty.io.netty.allocator.useCacheForAllThreads=false in command line.
2019-10-04 09:43:27,147 [main] INFO  grpc.GrpcConfigKeys$Server (ConfUtils.java:logGet(43)) - raft.grpc.server.port = 0 (default)
2019-10-04 09:43:27,148 [main] INFO  server.GrpcService (ConfUtils.java:logGet(43)) - raft.grpc.message.size.max = 33570816 (custom)
2019-10-04 09:43:27,148 [main] INFO  server.RaftServerConfigKeys (ConfUtils.java:logGet(43)) - raft.server.log.appender.buffer.byte-limit = 33554432 (custom)
2019-10-04 09:43:27,148 [main] INFO  server.GrpcService (ConfUtils.java:logGet(43)) - raft.grpc.flow.control.window = 1MB (=1048576) (default)
2019-10-04 09:43:27,148 [main] INFO  server.RaftServerConfigKeys (ConfUtils.java:logGet(43)) - raft.server.rpc.request.timeout = 3000ms (default)
2019-10-04 09:43:27,149 [main] INFO  server.RaftServerConfigKeys (ConfUtils.java:logGet(43)) - raft.server.storage.dir = [/workdir/hadoop-ozone/integration-test/target/test-dir/MiniOzoneClusterImpl-c65a9f33-2bff-4477-850d-5e53df459c98/datanode-1/data/ratis] (custom)
2019-10-04 09:43:27,150 [main] INFO  hdfs.DFSUtil (DFSUtil.java:httpServerTemplateForNNAndJN(1641)) - Starting Web-server for hddsDatanode at: http://0.0.0.0:0
2019-10-04 09:43:27,151 [main] INFO  server.AuthenticationFilter (AuthenticationFilter.java:constructSecretProvider(240)) - Unable to initialize FileSignerSecretProvider, falling back to use random secrets.
2019-10-04 09:43:27,151 [main] WARN  http.HttpRequestLog (HttpRequestLog.java:getRequestLog(97)) - Jetty request log can only be enabled using Log4j
2019-10-04 09:43:27,153 [main] INFO  http.HttpServer2 (HttpServer2.java:addGlobalFilter(975)) - Added global filter 'safety' (class=org.apache.hadoop.http.HttpServer2$QuotingInputFilter)
2019-10-04 09:43:27,153 [main] INFO  http.HttpServer2 (HttpServer2.java:addFilter(948)) - Added filter static_user_filter (class=org.apache.hadoop.http.lib.StaticUserWebFilter$StaticUserFilter) to context hddsDatanode
2019-10-04 09:43:27,154 [main] INFO  http.HttpServer2 (HttpServer2.java:addFilter(958)) - Added filter static_user_filter (class=org.apache.hadoop.http.lib.StaticUserWebFilter$StaticUserFilter) to context static
2019-10-04 09:43:27,154 [main] INFO  http.HttpServer2 (HttpServer2.java:addFilter(958)) - Added filter static_user_filter (class=org.apache.hadoop.http.lib.StaticUserWebFilter$StaticUserFilter) to context logs
2019-10-04 09:43:27,154 [main] INFO  http.HttpServer2 (HttpServer2.java:bindListener(1191)) - Jetty bound to port 39412
2019-10-04 09:43:27,155 [main] INFO  server.Server (Server.java:doStart(351)) - jetty-9.3.25.v20180904, build timestamp: 2018-09-04T21:11:46Z, git hash: 3ce520221d0240229c862b122d2b06c12a625732
2019-10-04 09:43:27,156 [main] INFO  handler.ContextHandler (ContextHandler.java:doStart(781)) - Started o.e.j.s.ServletContextHandler@71936a92{/logs,file:///workdir/hadoop-ozone/integration-test/target/log,AVAILABLE}
2019-10-04 09:43:27,156 [main] INFO  handler.ContextHandler (ContextHandler.java:doStart(781)) - Started o.e.j.s.ServletContextHandler@2dc39b53{/static,jar:file:/home/user/.m2/repository/org/apache/hadoop/hadoop-hdds-container-service/0.5.0-SNAPSHOT/hadoop-hdds-container-service-0.5.0-SNAPSHOT.jar!/webapps/static,AVAILABLE}
2019-10-04 09:43:27,195 [main] INFO  handler.ContextHandler (ContextHandler.java:doStart(781)) - Started o.e.j.w.WebAppContext@675b18ff{/,file:///tmp/jetty-0.0.0.0-39412-hddsDatanode-_-any-2135485408809221692.dir/webapp/,AVAILABLE}{/hddsDatanode}
2019-10-04 09:43:27,195 [main] INFO  server.AbstractConnector (AbstractConnector.java:doStart(278)) - Started ServerConnector@34279b8a{HTTP/1.1,[http/1.1]}{0.0.0.0:39412}
2019-10-04 09:43:27,197 [main] INFO  server.Server (Server.java:doStart(419)) - Started @228744ms
2019-10-04 09:43:27,198 [main] WARN  impl.MetricsSystemImpl (MetricsSystemImpl.java:register(276)) - Sink prometheus already exists!
2019-10-04 09:43:27,198 [main] INFO  server.BaseHttpServer (BaseHttpServer.java:updateConnectorAddress(215)) - HTTP server of HDDSDATANODE is listening at http://0.0.0.0:39412
2019-10-04 09:43:27,199 [main] INFO  impl.MetricsSystemImpl (MetricsSystemImpl.java:init(158)) - HddsDatanode metrics system started (again)
2019-10-04 09:43:27,203 [org.apache.hadoop.util.JvmPauseMonitor$Monitor@67f05e3c] INFO  util.JvmPauseMonitor (JvmPauseMonitor.java:run(188)) - Starting JVM pause monitor
2019-10-04 09:43:27,204 [main] INFO  ozone.HddsDatanodeService (HddsDatanodeService.java:start(184)) - HddsDatanodeService host:pr-hdds-2238-2sxp6-257983327 ip:192.168.30.6
2019-10-04 09:43:27,204 [Datanode State Machine Thread - 0] INFO  datanode.InitDatanodeState (InitDatanodeState.java:persistContainerDatanodeDetails(140)) - DatanodeDetails is persisted to /workdir/hadoop-ozone/integration-test/target/test-dir/MiniOzoneClusterImpl-c65a9f33-2bff-4477-850d-5e53df459c98/datanode-1/meta/datanode.id
2019-10-04 09:43:27,210 [main] INFO  volume.HddsVolume (HddsVolume.java:<init>(176)) - Creating Volume: /workdir/hadoop-ozone/integration-test/target/test-dir/MiniOzoneClusterImpl-c65a9f33-2bff-4477-850d-5e53df459c98/datanode-2/data/containers/hdds of  storage type : DISK and capacity : 1482555576320
2019-10-04 09:43:27,211 [main] INFO  volume.VolumeSet (VolumeSet.java:initializeVolumeSet(170)) - Added Volume : /workdir/hadoop-ozone/integration-test/target/test-dir/MiniOzoneClusterImpl-c65a9f33-2bff-4477-850d-5e53df459c98/datanode-2/data/containers/hdds to VolumeSet
2019-10-04 09:43:27,211 [main] INFO  volume.ThrottledAsyncChecker (ThrottledAsyncChecker.java:schedule(139)) - Scheduling a check for org.apache.hadoop.ozone.container.common.volume.HddsVolume@49a38b1
2019-10-04 09:43:27,211 [main] INFO  volume.HddsVolumeChecker (HddsVolumeChecker.java:checkAllVolumes(202)) - Scheduled health check for volume org.apache.hadoop.ozone.container.common.volume.HddsVolume@49a38b1
2019-10-04 09:43:27,226 [main] INFO  impl.RaftServerProxy (ConfUtils.java:logGet(43)) - raft.rpc.type = GRPC (default)
2019-10-04 09:43:27,227 [main] INFO  grpc.GrpcFactory (GrpcFactory.java:checkPooledByteBufAllocatorUseCacheForAllThreads(45)) - PERFORMANCE WARNING: useCacheForAllThreads is true that may cause Netty to create a lot garbage objects and, as a result, trigger GC.
	It is recommended to disable useCacheForAllThreads by setting -Dorg.apache.ratis.thirdparty.io.netty.allocator.useCacheForAllThreads=false in command line.
2019-10-04 09:43:27,227 [main] INFO  grpc.GrpcConfigKeys$Server (ConfUtils.java:logGet(43)) - raft.grpc.server.port = 0 (default)
2019-10-04 09:43:27,227 [main] INFO  server.GrpcService (ConfUtils.java:logGet(43)) - raft.grpc.message.size.max = 33570816 (custom)
2019-10-04 09:43:27,227 [main] INFO  server.RaftServerConfigKeys (ConfUtils.java:logGet(43)) - raft.server.log.appender.buffer.byte-limit = 33554432 (custom)
2019-10-04 09:43:27,227 [main] INFO  server.GrpcService (ConfUtils.java:logGet(43)) - raft.grpc.flow.control.window = 1MB (=1048576) (default)
2019-10-04 09:43:27,228 [main] INFO  server.RaftServerConfigKeys (ConfUtils.java:logGet(43)) - raft.server.rpc.request.timeout = 3000ms (default)
2019-10-04 09:43:27,228 [main] INFO  server.RaftServerConfigKeys (ConfUtils.java:logGet(43)) - raft.server.storage.dir = [/workdir/hadoop-ozone/integration-test/target/test-dir/MiniOzoneClusterImpl-c65a9f33-2bff-4477-850d-5e53df459c98/datanode-2/data/ratis] (custom)
2019-10-04 09:43:27,229 [main] INFO  hdfs.DFSUtil (DFSUtil.java:httpServerTemplateForNNAndJN(1641)) - Starting Web-server for hddsDatanode at: http://0.0.0.0:0
2019-10-04 09:43:27,230 [main] INFO  server.AuthenticationFilter (AuthenticationFilter.java:constructSecretProvider(240)) - Unable to initialize FileSignerSecretProvider, falling back to use random secrets.
2019-10-04 09:43:27,231 [main] WARN  http.HttpRequestLog (HttpRequestLog.java:getRequestLog(97)) - Jetty request log can only be enabled using Log4j
2019-10-04 09:43:27,232 [main] INFO  http.HttpServer2 (HttpServer2.java:addGlobalFilter(975)) - Added global filter 'safety' (class=org.apache.hadoop.http.HttpServer2$QuotingInputFilter)
2019-10-04 09:43:27,232 [main] INFO  http.HttpServer2 (HttpServer2.java:addFilter(948)) - Added filter static_user_filter (class=org.apache.hadoop.http.lib.StaticUserWebFilter$StaticUserFilter) to context hddsDatanode
2019-10-04 09:43:27,232 [main] INFO  http.HttpServer2 (HttpServer2.java:addFilter(958)) - Added filter static_user_filter (class=org.apache.hadoop.http.lib.StaticUserWebFilter$StaticUserFilter) to context logs
2019-10-04 09:43:27,232 [main] INFO  http.HttpServer2 (HttpServer2.java:addFilter(958)) - Added filter static_user_filter (class=org.apache.hadoop.http.lib.StaticUserWebFilter$StaticUserFilter) to context static
2019-10-04 09:43:27,233 [main] INFO  http.HttpServer2 (HttpServer2.java:bindListener(1191)) - Jetty bound to port 41873
2019-10-04 09:43:27,233 [main] INFO  server.Server (Server.java:doStart(351)) - jetty-9.3.25.v20180904, build timestamp: 2018-09-04T21:11:46Z, git hash: 3ce520221d0240229c862b122d2b06c12a625732
2019-10-04 09:43:27,234 [main] INFO  handler.ContextHandler (ContextHandler.java:doStart(781)) - Started o.e.j.s.ServletContextHandler@50bc3219{/logs,file:///workdir/hadoop-ozone/integration-test/target/log,AVAILABLE}
2019-10-04 09:43:27,235 [main] INFO  handler.ContextHandler (ContextHandler.java:doStart(781)) - Started o.e.j.s.ServletContextHandler@22791b75{/static,jar:file:/home/user/.m2/repository/org/apache/hadoop/hadoop-hdds-container-service/0.5.0-SNAPSHOT/hadoop-hdds-container-service-0.5.0-SNAPSHOT.jar!/webapps/static,AVAILABLE}
2019-10-04 09:43:27,261 [main] INFO  handler.ContextHandler (ContextHandler.java:doStart(781)) - Started o.e.j.w.WebAppContext@342ee097{/,file:///tmp/jetty-0.0.0.0-41873-hddsDatanode-_-any-2898844653002920207.dir/webapp/,AVAILABLE}{/hddsDatanode}
2019-10-04 09:43:27,261 [main] INFO  server.AbstractConnector (AbstractConnector.java:doStart(278)) - Started ServerConnector@6ac45c0c{HTTP/1.1,[http/1.1]}{0.0.0.0:41873}
2019-10-04 09:43:27,263 [main] INFO  server.Server (Server.java:doStart(419)) - Started @228810ms
2019-10-04 09:43:27,263 [main] WARN  impl.MetricsSystemImpl (MetricsSystemImpl.java:register(276)) - Sink prometheus already exists!
2019-10-04 09:43:27,263 [main] INFO  server.BaseHttpServer (BaseHttpServer.java:updateConnectorAddress(215)) - HTTP server of HDDSDATANODE is listening at http://0.0.0.0:41873
2019-10-04 09:43:27,264 [main] INFO  impl.MetricsSystemImpl (MetricsSystemImpl.java:init(158)) - HddsDatanode metrics system started (again)
2019-10-04 09:43:27,268 [org.apache.hadoop.util.JvmPauseMonitor$Monitor@344cf85f] INFO  util.JvmPauseMonitor (JvmPauseMonitor.java:run(188)) - Starting JVM pause monitor
2019-10-04 09:43:27,268 [main] INFO  ozone.HddsDatanodeService (HddsDatanodeService.java:start(184)) - HddsDatanodeService host:pr-hdds-2238-2sxp6-257983327 ip:192.168.30.6
2019-10-04 09:43:27,269 [Datanode State Machine Thread - 0] INFO  datanode.InitDatanodeState (InitDatanodeState.java:persistContainerDatanodeDetails(140)) - DatanodeDetails is persisted to /workdir/hadoop-ozone/integration-test/target/test-dir/MiniOzoneClusterImpl-c65a9f33-2bff-4477-850d-5e53df459c98/datanode-2/meta/datanode.id
2019-10-04 09:43:27,275 [main] INFO  volume.HddsVolume (HddsVolume.java:<init>(176)) - Creating Volume: /workdir/hadoop-ozone/integration-test/target/test-dir/MiniOzoneClusterImpl-c65a9f33-2bff-4477-850d-5e53df459c98/datanode-3/data/containers/hdds of  storage type : DISK and capacity : 1482555576320
2019-10-04 09:43:27,275 [main] INFO  volume.VolumeSet (VolumeSet.java:initializeVolumeSet(170)) - Added Volume : /workdir/hadoop-ozone/integration-test/target/test-dir/MiniOzoneClusterImpl-c65a9f33-2bff-4477-850d-5e53df459c98/datanode-3/data/containers/hdds to VolumeSet
2019-10-04 09:43:27,275 [main] INFO  volume.ThrottledAsyncChecker (ThrottledAsyncChecker.java:schedule(139)) - Scheduling a check for org.apache.hadoop.ozone.container.common.volume.HddsVolume@2b6fb197
2019-10-04 09:43:27,275 [main] INFO  volume.HddsVolumeChecker (HddsVolumeChecker.java:checkAllVolumes(202)) - Scheduled health check for volume org.apache.hadoop.ozone.container.common.volume.HddsVolume@2b6fb197
2019-10-04 09:43:27,288 [main] INFO  impl.RaftServerProxy (ConfUtils.java:logGet(43)) - raft.rpc.type = GRPC (default)
2019-10-04 09:43:27,288 [main] INFO  grpc.GrpcFactory (GrpcFactory.java:checkPooledByteBufAllocatorUseCacheForAllThreads(45)) - PERFORMANCE WARNING: useCacheForAllThreads is true that may cause Netty to create a lot garbage objects and, as a result, trigger GC.
	It is recommended to disable useCacheForAllThreads by setting -Dorg.apache.ratis.thirdparty.io.netty.allocator.useCacheForAllThreads=false in command line.
2019-10-04 09:43:27,288 [main] INFO  grpc.GrpcConfigKeys$Server (ConfUtils.java:logGet(43)) - raft.grpc.server.port = 0 (default)
2019-10-04 09:43:27,289 [main] INFO  server.GrpcService (ConfUtils.java:logGet(43)) - raft.grpc.message.size.max = 33570816 (custom)
2019-10-04 09:43:27,289 [main] INFO  server.RaftServerConfigKeys (ConfUtils.java:logGet(43)) - raft.server.log.appender.buffer.byte-limit = 33554432 (custom)
2019-10-04 09:43:27,289 [main] INFO  server.GrpcService (ConfUtils.java:logGet(43)) - raft.grpc.flow.control.window = 1MB (=1048576) (default)
2019-10-04 09:43:27,289 [main] INFO  server.RaftServerConfigKeys (ConfUtils.java:logGet(43)) - raft.server.rpc.request.timeout = 3000ms (default)
2019-10-04 09:43:27,289 [main] INFO  server.RaftServerConfigKeys (ConfUtils.java:logGet(43)) - raft.server.storage.dir = [/workdir/hadoop-ozone/integration-test/target/test-dir/MiniOzoneClusterImpl-c65a9f33-2bff-4477-850d-5e53df459c98/datanode-3/data/ratis] (custom)
2019-10-04 09:43:27,290 [main] INFO  hdfs.DFSUtil (DFSUtil.java:httpServerTemplateForNNAndJN(1641)) - Starting Web-server for hddsDatanode at: http://0.0.0.0:0
2019-10-04 09:43:27,291 [main] INFO  server.AuthenticationFilter (AuthenticationFilter.java:constructSecretProvider(240)) - Unable to initialize FileSignerSecretProvider, falling back to use random secrets.
2019-10-04 09:43:27,291 [main] WARN  http.HttpRequestLog (HttpRequestLog.java:getRequestLog(97)) - Jetty request log can only be enabled using Log4j
2019-10-04 09:43:27,292 [main] INFO  http.HttpServer2 (HttpServer2.java:addGlobalFilter(975)) - Added global filter 'safety' (class=org.apache.hadoop.http.HttpServer2$QuotingInputFilter)
2019-10-04 09:43:27,293 [main] INFO  http.HttpServer2 (HttpServer2.java:addFilter(948)) - Added filter static_user_filter (class=org.apache.hadoop.http.lib.StaticUserWebFilter$StaticUserFilter) to context hddsDatanode
2019-10-04 09:43:27,293 [main] INFO  http.HttpServer2 (HttpServer2.java:addFilter(958)) - Added filter static_user_filter (class=org.apache.hadoop.http.lib.StaticUserWebFilter$StaticUserFilter) to context static
2019-10-04 09:43:27,293 [main] INFO  http.HttpServer2 (HttpServer2.java:addFilter(958)) - Added filter static_user_filter (class=org.apache.hadoop.http.lib.StaticUserWebFilter$StaticUserFilter) to context logs
2019-10-04 09:43:27,294 [main] INFO  http.HttpServer2 (HttpServer2.java:bindListener(1191)) - Jetty bound to port 34991
2019-10-04 09:43:27,294 [main] INFO  server.Server (Server.java:doStart(351)) - jetty-9.3.25.v20180904, build timestamp: 2018-09-04T21:11:46Z, git hash: 3ce520221d0240229c862b122d2b06c12a625732
2019-10-04 09:43:27,295 [main] INFO  handler.ContextHandler (ContextHandler.java:doStart(781)) - Started o.e.j.s.ServletContextHandler@6c835217{/logs,file:///workdir/hadoop-ozone/integration-test/target/log,AVAILABLE}
2019-10-04 09:43:27,296 [main] INFO  handler.ContextHandler (ContextHandler.java:doStart(781)) - Started o.e.j.s.ServletContextHandler@51888019{/static,jar:file:/home/user/.m2/repository/org/apache/hadoop/hadoop-hdds-container-service/0.5.0-SNAPSHOT/hadoop-hdds-container-service-0.5.0-SNAPSHOT.jar!/webapps/static,AVAILABLE}
2019-10-04 09:43:27,322 [main] INFO  handler.ContextHandler (ContextHandler.java:doStart(781)) - Started o.e.j.w.WebAppContext@3e14d390{/,file:///tmp/jetty-0.0.0.0-34991-hddsDatanode-_-any-4731401874411801065.dir/webapp/,AVAILABLE}{/hddsDatanode}
2019-10-04 09:43:27,322 [main] INFO  server.AbstractConnector (AbstractConnector.java:doStart(278)) - Started ServerConnector@5eb87338{HTTP/1.1,[http/1.1]}{0.0.0.0:34991}
2019-10-04 09:43:27,324 [main] INFO  server.Server (Server.java:doStart(419)) - Started @228871ms
2019-10-04 09:43:27,324 [main] WARN  impl.MetricsSystemImpl (MetricsSystemImpl.java:register(276)) - Sink prometheus already exists!
2019-10-04 09:43:27,324 [main] INFO  server.BaseHttpServer (BaseHttpServer.java:updateConnectorAddress(215)) - HTTP server of HDDSDATANODE is listening at http://0.0.0.0:34991
2019-10-04 09:43:27,325 [main] INFO  impl.MetricsSystemImpl (MetricsSystemImpl.java:init(158)) - HddsDatanode metrics system started (again)
2019-10-04 09:43:27,329 [org.apache.hadoop.util.JvmPauseMonitor$Monitor@1634e99b] INFO  util.JvmPauseMonitor (JvmPauseMonitor.java:run(188)) - Starting JVM pause monitor
2019-10-04 09:43:27,329 [main] INFO  ozone.HddsDatanodeService (HddsDatanodeService.java:start(184)) - HddsDatanodeService host:pr-hdds-2238-2sxp6-257983327 ip:192.168.30.6
2019-10-04 09:43:27,330 [Datanode State Machine Thread - 0] INFO  datanode.InitDatanodeState (InitDatanodeState.java:persistContainerDatanodeDetails(140)) - DatanodeDetails is persisted to /workdir/hadoop-ozone/integration-test/target/test-dir/MiniOzoneClusterImpl-c65a9f33-2bff-4477-850d-5e53df459c98/datanode-3/meta/datanode.id
2019-10-04 09:43:27,336 [main] INFO  volume.HddsVolume (HddsVolume.java:<init>(176)) - Creating Volume: /workdir/hadoop-ozone/integration-test/target/test-dir/MiniOzoneClusterImpl-c65a9f33-2bff-4477-850d-5e53df459c98/datanode-4/data/containers/hdds of  storage type : DISK and capacity : 1482555576320
2019-10-04 09:43:27,336 [main] INFO  volume.VolumeSet (VolumeSet.java:initializeVolumeSet(170)) - Added Volume : /workdir/hadoop-ozone/integration-test/target/test-dir/MiniOzoneClusterImpl-c65a9f33-2bff-4477-850d-5e53df459c98/datanode-4/data/containers/hdds to VolumeSet
2019-10-04 09:43:27,336 [main] INFO  volume.ThrottledAsyncChecker (ThrottledAsyncChecker.java:schedule(139)) - Scheduling a check for org.apache.hadoop.ozone.container.common.volume.HddsVolume@4fd74223
2019-10-04 09:43:27,337 [main] INFO  volume.HddsVolumeChecker (HddsVolumeChecker.java:checkAllVolumes(202)) - Scheduled health check for volume org.apache.hadoop.ozone.container.common.volume.HddsVolume@4fd74223
2019-10-04 09:43:27,349 [main] INFO  impl.RaftServerProxy (ConfUtils.java:logGet(43)) - raft.rpc.type = GRPC (default)
2019-10-04 09:43:27,349 [main] INFO  grpc.GrpcFactory (GrpcFactory.java:checkPooledByteBufAllocatorUseCacheForAllThreads(45)) - PERFORMANCE WARNING: useCacheForAllThreads is true that may cause Netty to create a lot garbage objects and, as a result, trigger GC.
	It is recommended to disable useCacheForAllThreads by setting -Dorg.apache.ratis.thirdparty.io.netty.allocator.useCacheForAllThreads=false in command line.
2019-10-04 09:43:27,349 [main] INFO  grpc.GrpcConfigKeys$Server (ConfUtils.java:logGet(43)) - raft.grpc.server.port = 0 (default)
2019-10-04 09:43:27,349 [main] INFO  server.GrpcService (ConfUtils.java:logGet(43)) - raft.grpc.message.size.max = 33570816 (custom)
2019-10-04 09:43:27,350 [main] INFO  server.RaftServerConfigKeys (ConfUtils.java:logGet(43)) - raft.server.log.appender.buffer.byte-limit = 33554432 (custom)
2019-10-04 09:43:27,350 [main] INFO  server.GrpcService (ConfUtils.java:logGet(43)) - raft.grpc.flow.control.window = 1MB (=1048576) (default)
2019-10-04 09:43:27,350 [main] INFO  server.RaftServerConfigKeys (ConfUtils.java:logGet(43)) - raft.server.rpc.request.timeout = 3000ms (default)
2019-10-04 09:43:27,350 [main] INFO  server.RaftServerConfigKeys (ConfUtils.java:logGet(43)) - raft.server.storage.dir = [/workdir/hadoop-ozone/integration-test/target/test-dir/MiniOzoneClusterImpl-c65a9f33-2bff-4477-850d-5e53df459c98/datanode-4/data/ratis] (custom)
2019-10-04 09:43:27,351 [main] INFO  hdfs.DFSUtil (DFSUtil.java:httpServerTemplateForNNAndJN(1641)) - Starting Web-server for hddsDatanode at: http://0.0.0.0:0
2019-10-04 09:43:27,352 [main] INFO  server.AuthenticationFilter (AuthenticationFilter.java:constructSecretProvider(240)) - Unable to initialize FileSignerSecretProvider, falling back to use random secrets.
2019-10-04 09:43:27,353 [main] WARN  http.HttpRequestLog (HttpRequestLog.java:getRequestLog(97)) - Jetty request log can only be enabled using Log4j
2019-10-04 09:43:27,354 [main] INFO  http.HttpServer2 (HttpServer2.java:addGlobalFilter(975)) - Added global filter 'safety' (class=org.apache.hadoop.http.HttpServer2$QuotingInputFilter)
2019-10-04 09:43:27,354 [main] INFO  http.HttpServer2 (HttpServer2.java:addFilter(948)) - Added filter static_user_filter (class=org.apache.hadoop.http.lib.StaticUserWebFilter$StaticUserFilter) to context hddsDatanode
2019-10-04 09:43:27,355 [main] INFO  http.HttpServer2 (HttpServer2.java:addFilter(958)) - Added filter static_user_filter (class=org.apache.hadoop.http.lib.StaticUserWebFilter$StaticUserFilter) to context logs
2019-10-04 09:43:27,355 [main] INFO  http.HttpServer2 (HttpServer2.java:addFilter(958)) - Added filter static_user_filter (class=org.apache.hadoop.http.lib.StaticUserWebFilter$StaticUserFilter) to context static
2019-10-04 09:43:27,355 [main] INFO  http.HttpServer2 (HttpServer2.java:bindListener(1191)) - Jetty bound to port 36285
2019-10-04 09:43:27,355 [main] INFO  server.Server (Server.java:doStart(351)) - jetty-9.3.25.v20180904, build timestamp: 2018-09-04T21:11:46Z, git hash: 3ce520221d0240229c862b122d2b06c12a625732
2019-10-04 09:43:27,357 [main] INFO  handler.ContextHandler (ContextHandler.java:doStart(781)) - Started o.e.j.s.ServletContextHandler@747f6c5a{/logs,file:///workdir/hadoop-ozone/integration-test/target/log,AVAILABLE}
2019-10-04 09:43:27,357 [main] INFO  handler.ContextHandler (ContextHandler.java:doStart(781)) - Started o.e.j.s.ServletContextHandler@5b48f0f4{/static,jar:file:/home/user/.m2/repository/org/apache/hadoop/hadoop-hdds-container-service/0.5.0-SNAPSHOT/hadoop-hdds-container-service-0.5.0-SNAPSHOT.jar!/webapps/static,AVAILABLE}
2019-10-04 09:43:27,382 [main] INFO  handler.ContextHandler (ContextHandler.java:doStart(781)) - Started o.e.j.w.WebAppContext@6486fe7b{/,file:///tmp/jetty-0.0.0.0-36285-hddsDatanode-_-any-6666666187946833766.dir/webapp/,AVAILABLE}{/hddsDatanode}
2019-10-04 09:43:27,382 [main] INFO  server.AbstractConnector (AbstractConnector.java:doStart(278)) - Started ServerConnector@511da44f{HTTP/1.1,[http/1.1]}{0.0.0.0:36285}
2019-10-04 09:43:27,384 [main] INFO  server.Server (Server.java:doStart(419)) - Started @228931ms
2019-10-04 09:43:27,384 [main] WARN  impl.MetricsSystemImpl (MetricsSystemImpl.java:register(276)) - Sink prometheus already exists!
2019-10-04 09:43:27,384 [main] INFO  server.BaseHttpServer (BaseHttpServer.java:updateConnectorAddress(215)) - HTTP server of HDDSDATANODE is listening at http://0.0.0.0:36285
2019-10-04 09:43:27,385 [main] INFO  impl.MetricsSystemImpl (MetricsSystemImpl.java:init(158)) - HddsDatanode metrics system started (again)
2019-10-04 09:43:27,390 [org.apache.hadoop.util.JvmPauseMonitor$Monitor@41e3b857] INFO  util.JvmPauseMonitor (JvmPauseMonitor.java:run(188)) - Starting JVM pause monitor
2019-10-04 09:43:27,390 [main] INFO  ozone.HddsDatanodeService (HddsDatanodeService.java:start(184)) - HddsDatanodeService host:pr-hdds-2238-2sxp6-257983327 ip:192.168.30.6
2019-10-04 09:43:27,391 [Datanode State Machine Thread - 0] INFO  datanode.InitDatanodeState (InitDatanodeState.java:persistContainerDatanodeDetails(140)) - DatanodeDetails is persisted to /workdir/hadoop-ozone/integration-test/target/test-dir/MiniOzoneClusterImpl-c65a9f33-2bff-4477-850d-5e53df459c98/datanode-4/meta/datanode.id
2019-10-04 09:43:27,396 [main] INFO  volume.HddsVolume (HddsVolume.java:<init>(176)) - Creating Volume: /workdir/hadoop-ozone/integration-test/target/test-dir/MiniOzoneClusterImpl-c65a9f33-2bff-4477-850d-5e53df459c98/datanode-5/data/containers/hdds of  storage type : DISK and capacity : 1482555576320
2019-10-04 09:43:27,397 [main] INFO  volume.VolumeSet (VolumeSet.java:initializeVolumeSet(170)) - Added Volume : /workdir/hadoop-ozone/integration-test/target/test-dir/MiniOzoneClusterImpl-c65a9f33-2bff-4477-850d-5e53df459c98/datanode-5/data/containers/hdds to VolumeSet
2019-10-04 09:43:27,397 [main] INFO  volume.ThrottledAsyncChecker (ThrottledAsyncChecker.java:schedule(139)) - Scheduling a check for org.apache.hadoop.ozone.container.common.volume.HddsVolume@1eeb5818
2019-10-04 09:43:27,397 [main] INFO  volume.HddsVolumeChecker (HddsVolumeChecker.java:checkAllVolumes(202)) - Scheduled health check for volume org.apache.hadoop.ozone.container.common.volume.HddsVolume@1eeb5818
2019-10-04 09:43:27,416 [main] INFO  impl.RaftServerProxy (ConfUtils.java:logGet(43)) - raft.rpc.type = GRPC (default)
2019-10-04 09:43:27,417 [main] INFO  grpc.GrpcFactory (GrpcFactory.java:checkPooledByteBufAllocatorUseCacheForAllThreads(45)) - PERFORMANCE WARNING: useCacheForAllThreads is true that may cause Netty to create a lot garbage objects and, as a result, trigger GC.
	It is recommended to disable useCacheForAllThreads by setting -Dorg.apache.ratis.thirdparty.io.netty.allocator.useCacheForAllThreads=false in command line.
2019-10-04 09:43:27,417 [main] INFO  grpc.GrpcConfigKeys$Server (ConfUtils.java:logGet(43)) - raft.grpc.server.port = 0 (default)
2019-10-04 09:43:27,417 [main] INFO  server.GrpcService (ConfUtils.java:logGet(43)) - raft.grpc.message.size.max = 33570816 (custom)
2019-10-04 09:43:27,417 [main] INFO  server.RaftServerConfigKeys (ConfUtils.java:logGet(43)) - raft.server.log.appender.buffer.byte-limit = 33554432 (custom)
2019-10-04 09:43:27,418 [main] INFO  server.GrpcService (ConfUtils.java:logGet(43)) - raft.grpc.flow.control.window = 1MB (=1048576) (default)
2019-10-04 09:43:27,418 [main] INFO  server.RaftServerConfigKeys (ConfUtils.java:logGet(43)) - raft.server.rpc.request.timeout = 3000ms (default)
2019-10-04 09:43:27,418 [main] INFO  server.RaftServerConfigKeys (ConfUtils.java:logGet(43)) - raft.server.storage.dir = [/workdir/hadoop-ozone/integration-test/target/test-dir/MiniOzoneClusterImpl-c65a9f33-2bff-4477-850d-5e53df459c98/datanode-5/data/ratis] (custom)
2019-10-04 09:43:27,419 [main] INFO  hdfs.DFSUtil (DFSUtil.java:httpServerTemplateForNNAndJN(1641)) - Starting Web-server for hddsDatanode at: http://0.0.0.0:0
2019-10-04 09:43:27,421 [main] INFO  server.AuthenticationFilter (AuthenticationFilter.java:constructSecretProvider(240)) - Unable to initialize FileSignerSecretProvider, falling back to use random secrets.
2019-10-04 09:43:27,421 [main] WARN  http.HttpRequestLog (HttpRequestLog.java:getRequestLog(97)) - Jetty request log can only be enabled using Log4j
2019-10-04 09:43:27,423 [main] INFO  http.HttpServer2 (HttpServer2.java:addGlobalFilter(975)) - Added global filter 'safety' (class=org.apache.hadoop.http.HttpServer2$QuotingInputFilter)
2019-10-04 09:43:27,423 [main] INFO  http.HttpServer2 (HttpServer2.java:addFilter(948)) - Added filter static_user_filter (class=org.apache.hadoop.http.lib.StaticUserWebFilter$StaticUserFilter) to context hddsDatanode
2019-10-04 09:43:27,424 [main] INFO  http.HttpServer2 (HttpServer2.java:addFilter(958)) - Added filter static_user_filter (class=org.apache.hadoop.http.lib.StaticUserWebFilter$StaticUserFilter) to context logs
2019-10-04 09:43:27,424 [main] INFO  http.HttpServer2 (HttpServer2.java:addFilter(958)) - Added filter static_user_filter (class=org.apache.hadoop.http.lib.StaticUserWebFilter$StaticUserFilter) to context static
2019-10-04 09:43:27,424 [main] INFO  http.HttpServer2 (HttpServer2.java:bindListener(1191)) - Jetty bound to port 37582
2019-10-04 09:43:27,425 [main] INFO  server.Server (Server.java:doStart(351)) - jetty-9.3.25.v20180904, build timestamp: 2018-09-04T21:11:46Z, git hash: 3ce520221d0240229c862b122d2b06c12a625732
2019-10-04 09:43:27,427 [main] INFO  handler.ContextHandler (ContextHandler.java:doStart(781)) - Started o.e.j.s.ServletContextHandler@3c18942{/logs,file:///workdir/hadoop-ozone/integration-test/target/log,AVAILABLE}
2019-10-04 09:43:27,427 [main] INFO  handler.ContextHandler (ContextHandler.java:doStart(781)) - Started o.e.j.s.ServletContextHandler@6842c101{/static,jar:file:/home/user/.m2/repository/org/apache/hadoop/hadoop-hdds-container-service/0.5.0-SNAPSHOT/hadoop-hdds-container-service-0.5.0-SNAPSHOT.jar!/webapps/static,AVAILABLE}
2019-10-04 09:43:27,463 [main] INFO  handler.ContextHandler (ContextHandler.java:doStart(781)) - Started o.e.j.w.WebAppContext@194012a2{/,file:///tmp/jetty-0.0.0.0-37582-hddsDatanode-_-any-4016496856025164197.dir/webapp/,AVAILABLE}{/hddsDatanode}
2019-10-04 09:43:27,464 [main] INFO  server.AbstractConnector (AbstractConnector.java:doStart(278)) - Started ServerConnector@55296b50{HTTP/1.1,[http/1.1]}{0.0.0.0:37582}
2019-10-04 09:43:27,465 [main] INFO  server.Server (Server.java:doStart(419)) - Started @229012ms
2019-10-04 09:43:27,465 [main] WARN  impl.MetricsSystemImpl (MetricsSystemImpl.java:register(276)) - Sink prometheus already exists!
2019-10-04 09:43:27,466 [main] INFO  server.BaseHttpServer (BaseHttpServer.java:updateConnectorAddress(215)) - HTTP server of HDDSDATANODE is listening at http://0.0.0.0:37582
2019-10-04 09:43:27,466 [main] INFO  impl.MetricsSystemImpl (MetricsSystemImpl.java:init(158)) - HddsDatanode metrics system started (again)
2019-10-04 09:43:27,473 [main] INFO  ozone.HddsDatanodeService (HddsDatanodeService.java:start(184)) - HddsDatanodeService host:pr-hdds-2238-2sxp6-257983327 ip:192.168.30.6
2019-10-04 09:43:27,473 [org.apache.hadoop.util.JvmPauseMonitor$Monitor@131a2b3c] INFO  util.JvmPauseMonitor (JvmPauseMonitor.java:run(188)) - Starting JVM pause monitor
2019-10-04 09:43:27,475 [Datanode State Machine Thread - 0] INFO  datanode.InitDatanodeState (InitDatanodeState.java:persistContainerDatanodeDetails(140)) - DatanodeDetails is persisted to /workdir/hadoop-ozone/integration-test/target/test-dir/MiniOzoneClusterImpl-c65a9f33-2bff-4477-850d-5e53df459c98/datanode-5/meta/datanode.id
2019-10-04 09:43:27,482 [main] INFO  volume.HddsVolume (HddsVolume.java:<init>(176)) - Creating Volume: /workdir/hadoop-ozone/integration-test/target/test-dir/MiniOzoneClusterImpl-c65a9f33-2bff-4477-850d-5e53df459c98/datanode-6/data/containers/hdds of  storage type : DISK and capacity : 1482555576320
2019-10-04 09:43:27,482 [main] INFO  volume.VolumeSet (VolumeSet.java:initializeVolumeSet(170)) - Added Volume : /workdir/hadoop-ozone/integration-test/target/test-dir/MiniOzoneClusterImpl-c65a9f33-2bff-4477-850d-5e53df459c98/datanode-6/data/containers/hdds to VolumeSet
2019-10-04 09:43:27,483 [main] INFO  volume.ThrottledAsyncChecker (ThrottledAsyncChecker.java:schedule(139)) - Scheduling a check for org.apache.hadoop.ozone.container.common.volume.HddsVolume@5333f08f
2019-10-04 09:43:27,483 [main] INFO  volume.HddsVolumeChecker (HddsVolumeChecker.java:checkAllVolumes(202)) - Scheduled health check for volume org.apache.hadoop.ozone.container.common.volume.HddsVolume@5333f08f
2019-10-04 09:43:27,498 [main] INFO  impl.RaftServerProxy (ConfUtils.java:logGet(43)) - raft.rpc.type = GRPC (default)
2019-10-04 09:43:27,498 [main] INFO  grpc.GrpcFactory (GrpcFactory.java:checkPooledByteBufAllocatorUseCacheForAllThreads(45)) - PERFORMANCE WARNING: useCacheForAllThreads is true that may cause Netty to create a lot garbage objects and, as a result, trigger GC.
	It is recommended to disable useCacheForAllThreads by setting -Dorg.apache.ratis.thirdparty.io.netty.allocator.useCacheForAllThreads=false in command line.
2019-10-04 09:43:27,498 [main] INFO  grpc.GrpcConfigKeys$Server (ConfUtils.java:logGet(43)) - raft.grpc.server.port = 0 (default)
2019-10-04 09:43:27,498 [main] INFO  server.GrpcService (ConfUtils.java:logGet(43)) - raft.grpc.message.size.max = 33570816 (custom)
2019-10-04 09:43:27,498 [main] INFO  server.RaftServerConfigKeys (ConfUtils.java:logGet(43)) - raft.server.log.appender.buffer.byte-limit = 33554432 (custom)
2019-10-04 09:43:27,499 [main] INFO  server.GrpcService (ConfUtils.java:logGet(43)) - raft.grpc.flow.control.window = 1MB (=1048576) (default)
2019-10-04 09:43:27,499 [main] INFO  server.RaftServerConfigKeys (ConfUtils.java:logGet(43)) - raft.server.rpc.request.timeout = 3000ms (default)
2019-10-04 09:43:27,499 [main] INFO  server.RaftServerConfigKeys (ConfUtils.java:logGet(43)) - raft.server.storage.dir = [/workdir/hadoop-ozone/integration-test/target/test-dir/MiniOzoneClusterImpl-c65a9f33-2bff-4477-850d-5e53df459c98/datanode-6/data/ratis] (custom)
2019-10-04 09:43:27,500 [main] INFO  hdfs.DFSUtil (DFSUtil.java:httpServerTemplateForNNAndJN(1641)) - Starting Web-server for hddsDatanode at: http://0.0.0.0:0
2019-10-04 09:43:27,502 [main] INFO  server.AuthenticationFilter (AuthenticationFilter.java:constructSecretProvider(240)) - Unable to initialize FileSignerSecretProvider, falling back to use random secrets.
2019-10-04 09:43:27,502 [main] WARN  http.HttpRequestLog (HttpRequestLog.java:getRequestLog(97)) - Jetty request log can only be enabled using Log4j
2019-10-04 09:43:27,503 [main] INFO  http.HttpServer2 (HttpServer2.java:addGlobalFilter(975)) - Added global filter 'safety' (class=org.apache.hadoop.http.HttpServer2$QuotingInputFilter)
2019-10-04 09:43:27,504 [main] INFO  http.HttpServer2 (HttpServer2.java:addFilter(948)) - Added filter static_user_filter (class=org.apache.hadoop.http.lib.StaticUserWebFilter$StaticUserFilter) to context hddsDatanode
2019-10-04 09:43:27,504 [main] INFO  http.HttpServer2 (HttpServer2.java:addFilter(958)) - Added filter static_user_filter (class=org.apache.hadoop.http.lib.StaticUserWebFilter$StaticUserFilter) to context logs
2019-10-04 09:43:27,504 [main] INFO  http.HttpServer2 (HttpServer2.java:addFilter(958)) - Added filter static_user_filter (class=org.apache.hadoop.http.lib.StaticUserWebFilter$StaticUserFilter) to context static
2019-10-04 09:43:27,504 [main] INFO  http.HttpServer2 (HttpServer2.java:bindListener(1191)) - Jetty bound to port 41380
2019-10-04 09:43:27,505 [main] INFO  server.Server (Server.java:doStart(351)) - jetty-9.3.25.v20180904, build timestamp: 2018-09-04T21:11:46Z, git hash: 3ce520221d0240229c862b122d2b06c12a625732
2019-10-04 09:43:27,506 [main] INFO  handler.ContextHandler (ContextHandler.java:doStart(781)) - Started o.e.j.s.ServletContextHandler@13278a41{/logs,file:///workdir/hadoop-ozone/integration-test/target/log,AVAILABLE}
2019-10-04 09:43:27,507 [main] INFO  handler.ContextHandler (ContextHandler.java:doStart(781)) - Started o.e.j.s.ServletContextHandler@3ab595c8{/static,jar:file:/home/user/.m2/repository/org/apache/hadoop/hadoop-hdds-container-service/0.5.0-SNAPSHOT/hadoop-hdds-container-service-0.5.0-SNAPSHOT.jar!/webapps/static,AVAILABLE}
2019-10-04 09:43:27,537 [main] INFO  handler.ContextHandler (ContextHandler.java:doStart(781)) - Started o.e.j.w.WebAppContext@5c448ef{/,file:///tmp/jetty-0.0.0.0-41380-hddsDatanode-_-any-8518527540555317267.dir/webapp/,AVAILABLE}{/hddsDatanode}
2019-10-04 09:43:27,538 [main] INFO  server.AbstractConnector (AbstractConnector.java:doStart(278)) - Started ServerConnector@703e8050{HTTP/1.1,[http/1.1]}{0.0.0.0:41380}
2019-10-04 09:43:27,542 [main] INFO  server.Server (Server.java:doStart(419)) - Started @229089ms
2019-10-04 09:43:27,542 [main] WARN  impl.MetricsSystemImpl (MetricsSystemImpl.java:register(276)) - Sink prometheus already exists!
2019-10-04 09:43:27,542 [main] INFO  server.BaseHttpServer (BaseHttpServer.java:updateConnectorAddress(215)) - HTTP server of HDDSDATANODE is listening at http://0.0.0.0:41380
2019-10-04 09:43:27,543 [main] INFO  ozone.MiniOzoneClusterImpl (MiniOzoneClusterImpl.java:lambda$waitForClusterToBeReady$0(147)) - Waiting for cluster to be ready. Got 0 of 7 DN Heartbeats.
2019-10-04 09:43:27,544 [org.apache.hadoop.util.JvmPauseMonitor$Monitor@2f482e99] INFO  util.JvmPauseMonitor (JvmPauseMonitor.java:run(188)) - Starting JVM pause monitor
2019-10-04 09:43:27,545 [Datanode State Machine Thread - 0] INFO  datanode.InitDatanodeState (InitDatanodeState.java:persistContainerDatanodeDetails(140)) - DatanodeDetails is persisted to /workdir/hadoop-ozone/integration-test/target/test-dir/MiniOzoneClusterImpl-c65a9f33-2bff-4477-850d-5e53df459c98/datanode-6/meta/datanode.id
2019-10-04 09:43:28,544 [main] INFO  ozone.MiniOzoneClusterImpl (MiniOzoneClusterImpl.java:lambda$waitForClusterToBeReady$0(147)) - Waiting for cluster to be ready. Got 0 of 7 DN Heartbeats.
2019-10-04 09:43:29,187 [Datanode State Machine Thread - 0] INFO  ozoneimpl.OzoneContainer (OzoneContainer.java:start(213)) - Attempting to start container services.
2019-10-04 09:43:29,187 [Datanode State Machine Thread - 0] INFO  ozoneimpl.OzoneContainer (OzoneContainer.java:startContainerScrub(177)) - Background container scanner has been disabled.
2019-10-04 09:43:29,188 [Datanode State Machine Thread - 0] INFO  ratis.XceiverServerRatis (XceiverServerRatis.java:start(417)) - Starting XceiverServerRatis 06ecad9b-3f2c-4924-96d9-8929bbbfb5dd at port 0
2019-10-04 09:43:29,195 [Datanode State Machine Thread - 0] INFO  impl.RaftServerProxy (RaftServerProxy.java:lambda$start$3(299)) - 06ecad9b-3f2c-4924-96d9-8929bbbfb5dd: start RPC server
2019-10-04 09:43:29,198 [Datanode State Machine Thread - 0] INFO  server.GrpcService (GrpcService.java:startImpl(158)) - 06ecad9b-3f2c-4924-96d9-8929bbbfb5dd: GrpcService started, listening on 0.0.0.0/0.0.0.0:35091
2019-10-04 09:43:29,198 [Datanode State Machine Thread - 0] INFO  ratis.XceiverServerRatis (XceiverServerRatis.java:start(427)) - XceiverServerRatis 06ecad9b-3f2c-4924-96d9-8929bbbfb5dd is started using port 35091
2019-10-04 09:43:29,200 [Datanode State Machine Thread - 0] INFO  server.XceiverServerGrpc (XceiverServerGrpc.java:start(149)) - XceiverServerGrpc 06ecad9b-3f2c-4924-96d9-8929bbbfb5dd is started using port 46501
2019-10-04 09:43:29,229 [Datanode State Machine Thread - 0] INFO  ozoneimpl.OzoneContainer (OzoneContainer.java:start(213)) - Attempting to start container services.
2019-10-04 09:43:29,229 [Datanode State Machine Thread - 0] INFO  ozoneimpl.OzoneContainer (OzoneContainer.java:startContainerScrub(177)) - Background container scanner has been disabled.
2019-10-04 09:43:29,229 [Datanode State Machine Thread - 0] INFO  ratis.XceiverServerRatis (XceiverServerRatis.java:start(417)) - Starting XceiverServerRatis 16c950cb-68c6-46ca-881f-c1979330ce10 at port 0
2019-10-04 09:43:29,236 [Datanode State Machine Thread - 0] INFO  impl.RaftServerProxy (RaftServerProxy.java:lambda$start$3(299)) - 16c950cb-68c6-46ca-881f-c1979330ce10: start RPC server
2019-10-04 09:43:29,243 [Datanode State Machine Thread - 0] INFO  server.GrpcService (GrpcService.java:startImpl(158)) - 16c950cb-68c6-46ca-881f-c1979330ce10: GrpcService started, listening on 0.0.0.0/0.0.0.0:36036
2019-10-04 09:43:29,244 [Datanode State Machine Thread - 0] INFO  ratis.XceiverServerRatis (XceiverServerRatis.java:start(427)) - XceiverServerRatis 16c950cb-68c6-46ca-881f-c1979330ce10 is started using port 36036
2019-10-04 09:43:29,244 [Datanode State Machine Thread - 0] INFO  server.XceiverServerGrpc (XceiverServerGrpc.java:start(149)) - XceiverServerGrpc 16c950cb-68c6-46ca-881f-c1979330ce10 is started using port 36821
2019-10-04 09:43:29,294 [Datanode State Machine Thread - 0] INFO  ozoneimpl.OzoneContainer (OzoneContainer.java:start(213)) - Attempting to start container services.
2019-10-04 09:43:29,294 [Datanode State Machine Thread - 0] INFO  ozoneimpl.OzoneContainer (OzoneContainer.java:startContainerScrub(177)) - Background container scanner has been disabled.
2019-10-04 09:43:29,295 [Datanode State Machine Thread - 0] INFO  ratis.XceiverServerRatis (XceiverServerRatis.java:start(417)) - Starting XceiverServerRatis 8fe97c1e-c534-45a4-ab13-671ba8870a46 at port 0
2019-10-04 09:43:29,307 [Datanode State Machine Thread - 0] INFO  impl.RaftServerProxy (RaftServerProxy.java:lambda$start$3(299)) - 8fe97c1e-c534-45a4-ab13-671ba8870a46: start RPC server
2019-10-04 09:43:29,309 [Datanode State Machine Thread - 0] INFO  server.GrpcService (GrpcService.java:startImpl(158)) - 8fe97c1e-c534-45a4-ab13-671ba8870a46: GrpcService started, listening on 0.0.0.0/0.0.0.0:33848
2019-10-04 09:43:29,309 [Datanode State Machine Thread - 0] INFO  ratis.XceiverServerRatis (XceiverServerRatis.java:start(427)) - XceiverServerRatis 8fe97c1e-c534-45a4-ab13-671ba8870a46 is started using port 33848
2019-10-04 09:43:29,317 [Datanode State Machine Thread - 0] INFO  server.XceiverServerGrpc (XceiverServerGrpc.java:start(149)) - XceiverServerGrpc 8fe97c1e-c534-45a4-ab13-671ba8870a46 is started using port 43777
2019-10-04 09:43:29,354 [Datanode State Machine Thread - 0] INFO  ozoneimpl.OzoneContainer (OzoneContainer.java:start(213)) - Attempting to start container services.
2019-10-04 09:43:29,354 [Datanode State Machine Thread - 0] INFO  ozoneimpl.OzoneContainer (OzoneContainer.java:startContainerScrub(177)) - Background container scanner has been disabled.
2019-10-04 09:43:29,355 [Datanode State Machine Thread - 0] INFO  ratis.XceiverServerRatis (XceiverServerRatis.java:start(417)) - Starting XceiverServerRatis c1e70d53-73d9-4656-a6a4-0515e55a50c3 at port 0
2019-10-04 09:43:29,363 [Datanode State Machine Thread - 0] INFO  impl.RaftServerProxy (RaftServerProxy.java:lambda$start$3(299)) - c1e70d53-73d9-4656-a6a4-0515e55a50c3: start RPC server
2019-10-04 09:43:29,366 [Datanode State Machine Thread - 0] INFO  server.GrpcService (GrpcService.java:startImpl(158)) - c1e70d53-73d9-4656-a6a4-0515e55a50c3: GrpcService started, listening on 0.0.0.0/0.0.0.0:35169
2019-10-04 09:43:29,366 [Datanode State Machine Thread - 0] INFO  ratis.XceiverServerRatis (XceiverServerRatis.java:start(427)) - XceiverServerRatis c1e70d53-73d9-4656-a6a4-0515e55a50c3 is started using port 35169
2019-10-04 09:43:29,367 [Datanode State Machine Thread - 0] INFO  server.XceiverServerGrpc (XceiverServerGrpc.java:start(149)) - XceiverServerGrpc c1e70d53-73d9-4656-a6a4-0515e55a50c3 is started using port 37641
2019-10-04 09:43:29,414 [Datanode State Machine Thread - 0] INFO  ozoneimpl.OzoneContainer (OzoneContainer.java:start(213)) - Attempting to start container services.
2019-10-04 09:43:29,414 [Datanode State Machine Thread - 0] INFO  ozoneimpl.OzoneContainer (OzoneContainer.java:startContainerScrub(177)) - Background container scanner has been disabled.
2019-10-04 09:43:29,415 [Datanode State Machine Thread - 0] INFO  ratis.XceiverServerRatis (XceiverServerRatis.java:start(417)) - Starting XceiverServerRatis 73c45829-ef62-467e-a4f4-d0fd0f474f59 at port 0
2019-10-04 09:43:29,422 [Datanode State Machine Thread - 0] INFO  impl.RaftServerProxy (RaftServerProxy.java:lambda$start$3(299)) - 73c45829-ef62-467e-a4f4-d0fd0f474f59: start RPC server
2019-10-04 09:43:29,423 [Datanode State Machine Thread - 0] INFO  server.GrpcService (GrpcService.java:startImpl(158)) - 73c45829-ef62-467e-a4f4-d0fd0f474f59: GrpcService started, listening on 0.0.0.0/0.0.0.0:45100
2019-10-04 09:43:29,423 [Datanode State Machine Thread - 0] INFO  ratis.XceiverServerRatis (XceiverServerRatis.java:start(427)) - XceiverServerRatis 73c45829-ef62-467e-a4f4-d0fd0f474f59 is started using port 45100
2019-10-04 09:43:29,424 [Datanode State Machine Thread - 0] INFO  server.XceiverServerGrpc (XceiverServerGrpc.java:start(149)) - XceiverServerGrpc 73c45829-ef62-467e-a4f4-d0fd0f474f59 is started using port 32817
2019-10-04 09:43:29,496 [Datanode State Machine Thread - 0] INFO  ozoneimpl.OzoneContainer (OzoneContainer.java:start(213)) - Attempting to start container services.
2019-10-04 09:43:29,497 [Datanode State Machine Thread - 0] INFO  ozoneimpl.OzoneContainer (OzoneContainer.java:startContainerScrub(177)) - Background container scanner has been disabled.
2019-10-04 09:43:29,497 [Datanode State Machine Thread - 0] INFO  ratis.XceiverServerRatis (XceiverServerRatis.java:start(417)) - Starting XceiverServerRatis 082ec413-b49a-4801-88e1-09b3e4261059 at port 0
2019-10-04 09:43:29,504 [Datanode State Machine Thread - 0] INFO  impl.RaftServerProxy (RaftServerProxy.java:lambda$start$3(299)) - 082ec413-b49a-4801-88e1-09b3e4261059: start RPC server
2019-10-04 09:43:29,504 [Datanode State Machine Thread - 0] INFO  server.GrpcService (GrpcService.java:startImpl(158)) - 082ec413-b49a-4801-88e1-09b3e4261059: GrpcService started, listening on 0.0.0.0/0.0.0.0:38172
2019-10-04 09:43:29,504 [Datanode State Machine Thread - 0] INFO  ratis.XceiverServerRatis (XceiverServerRatis.java:start(427)) - XceiverServerRatis 082ec413-b49a-4801-88e1-09b3e4261059 is started using port 38172
2019-10-04 09:43:29,505 [Datanode State Machine Thread - 0] INFO  server.XceiverServerGrpc (XceiverServerGrpc.java:start(149)) - XceiverServerGrpc 082ec413-b49a-4801-88e1-09b3e4261059 is started using port 42088
2019-10-04 09:43:29,545 [main] INFO  ozone.MiniOzoneClusterImpl (MiniOzoneClusterImpl.java:lambda$waitForClusterToBeReady$0(147)) - Waiting for cluster to be ready. Got 0 of 7 DN Heartbeats.
2019-10-04 09:43:29,569 [Datanode State Machine Thread - 0] INFO  ozoneimpl.OzoneContainer (OzoneContainer.java:start(213)) - Attempting to start container services.
2019-10-04 09:43:29,569 [Datanode State Machine Thread - 0] INFO  ozoneimpl.OzoneContainer (OzoneContainer.java:startContainerScrub(177)) - Background container scanner has been disabled.
2019-10-04 09:43:29,569 [Datanode State Machine Thread - 0] INFO  ratis.XceiverServerRatis (XceiverServerRatis.java:start(417)) - Starting XceiverServerRatis 908f0e43-5145-4e5a-b10e-86b93a4f4078 at port 0
2019-10-04 09:43:29,577 [Datanode State Machine Thread - 0] INFO  impl.RaftServerProxy (RaftServerProxy.java:lambda$start$3(299)) - 908f0e43-5145-4e5a-b10e-86b93a4f4078: start RPC server
2019-10-04 09:43:29,578 [Datanode State Machine Thread - 0] INFO  server.GrpcService (GrpcService.java:startImpl(158)) - 908f0e43-5145-4e5a-b10e-86b93a4f4078: GrpcService started, listening on 0.0.0.0/0.0.0.0:33856
2019-10-04 09:43:29,578 [Datanode State Machine Thread - 0] INFO  ratis.XceiverServerRatis (XceiverServerRatis.java:start(427)) - XceiverServerRatis 908f0e43-5145-4e5a-b10e-86b93a4f4078 is started using port 33856
2019-10-04 09:43:29,579 [Datanode State Machine Thread - 0] INFO  server.XceiverServerGrpc (XceiverServerGrpc.java:start(149)) - XceiverServerGrpc 908f0e43-5145-4e5a-b10e-86b93a4f4078 is started using port 34017
2019-10-04 09:43:30,546 [main] INFO  ozone.MiniOzoneClusterImpl (MiniOzoneClusterImpl.java:lambda$waitForClusterToBeReady$0(147)) - Waiting for cluster to be ready. Got 0 of 7 DN Heartbeats.
2019-10-04 09:43:31,137 [IPC Server handler 7 on 46009] INFO  net.NetworkTopology (NetworkTopologyImpl.java:add(111)) - Added a new node: /default-rack/06ecad9b-3f2c-4924-96d9-8929bbbfb5dd
2019-10-04 09:43:31,140 [IPC Server handler 7 on 46009] INFO  node.SCMNodeManager (SCMNodeManager.java:register(266)) - Registered Data node : 06ecad9b-3f2c-4924-96d9-8929bbbfb5dd{ip: 192.168.30.6, host: pr-hdds-2238-2sxp6-257983327, networkLocation: /default-rack, certSerialId: null}
2019-10-04 09:43:31,141 [EventQueue-NodeRegistrationContainerReportForDataNodeSafeModeRule] INFO  safemode.SCMSafeModeManager (DataNodeSafeModeRule.java:process(71)) - SCM in safe mode. 1 DataNodes registered, 1 required.
2019-10-04 09:43:31,143 [EventQueue-NodeRegistrationContainerReportForDataNodeSafeModeRule] INFO  safemode.SCMSafeModeManager (SCMSafeModeManager.java:validateSafeModeExitRules(177)) - ScmSafeModeManager, all rules are successfully validated
2019-10-04 09:43:31,144 [EventQueue-NodeRegistrationContainerReportForDataNodeSafeModeRule] INFO  safemode.SCMSafeModeManager (SCMSafeModeManager.java:exitSafeMode(193)) - SCM exiting safe mode.
2019-10-04 09:43:31,158 [grpc-default-executor-0] INFO  impl.RaftServerProxy (RaftServerProxy.java:addNew(89)) - 06ecad9b-3f2c-4924-96d9-8929bbbfb5dd: addNew group-11822827199D:[06ecad9b-3f2c-4924-96d9-8929bbbfb5dd:192.168.30.6:35091] returns group-11822827199D:java.util.concurrent.CompletableFuture@6f3cc36e[Not completed]
2019-10-04 09:43:31,164 [pool-383-thread-1] INFO  impl.RaftServerImpl (RaftServerImpl.java:<init>(95)) - 06ecad9b-3f2c-4924-96d9-8929bbbfb5dd: new RaftServerImpl for group-11822827199D:[06ecad9b-3f2c-4924-96d9-8929bbbfb5dd:192.168.30.6:35091] with ContainerStateMachine:uninitialized
2019-10-04 09:43:31,164 [pool-383-thread-1] INFO  server.RaftServerConfigKeys (ConfUtils.java:logGet(43)) - raft.server.rpc.timeout.min = 5s (custom)
2019-10-04 09:43:31,164 [pool-383-thread-1] INFO  server.RaftServerConfigKeys (ConfUtils.java:logGet(43)) - raft.server.rpc.timeout.max = 5200ms (custom)
2019-10-04 09:43:31,164 [pool-383-thread-1] INFO  server.RaftServerConfigKeys (ConfUtils.java:logGet(43)) - raft.server.rpcslowness.timeout = 120s (custom)
2019-10-04 09:43:31,165 [pool-383-thread-1] INFO  server.RaftServerConfigKeys (ConfUtils.java:logGet(43)) - raft.server.sleep.deviation.threshold = 300 (default)
2019-10-04 09:43:31,165 [pool-383-thread-1] INFO  server.RaftServerConfigKeys (ConfUtils.java:logGet(43)) - raft.server.log.appender.install.snapshot.enabled = false (custom)
2019-10-04 09:43:31,165 [pool-383-thread-1] INFO  impl.RaftServerImpl (ServerState.java:<init>(103)) - 06ecad9b-3f2c-4924-96d9-8929bbbfb5dd@group-11822827199D: ConfigurationManager, init=-1: [06ecad9b-3f2c-4924-96d9-8929bbbfb5dd:192.168.30.6:35091], old=null, confs=<EMPTY_MAP>
2019-10-04 09:43:31,165 [pool-383-thread-1] INFO  server.RaftServerConfigKeys (ConfUtils.java:logGet(43)) - raft.server.storage.dir = [/workdir/hadoop-ozone/integration-test/target/test-dir/MiniOzoneClusterImpl-c65a9f33-2bff-4477-850d-5e53df459c98/datanode-0/data/ratis] (custom)
2019-10-04 09:43:31,166 [pool-383-thread-1] INFO  server.RaftServerConfigKeys (ConfUtils.java:logGet(43)) - raft.server.log.corruption.policy = EXCEPTION (default)
2019-10-04 09:43:31,166 [pool-383-thread-1] INFO  storage.RaftStorageDirectory (RaftStorageDirectory.java:analyzeStorage(246)) - The storage directory /workdir/hadoop-ozone/integration-test/target/test-dir/MiniOzoneClusterImpl-c65a9f33-2bff-4477-850d-5e53df459c98/datanode-0/data/ratis/44e48569-34c3-4eb6-8ff2-11822827199d does not exist. Creating ...
2019-10-04 09:43:31,205 [IPC Server handler 0 on 46009] INFO  net.NetworkTopology (NetworkTopologyImpl.java:add(111)) - Added a new node: /default-rack/16c950cb-68c6-46ca-881f-c1979330ce10
2019-10-04 09:43:31,205 [IPC Server handler 0 on 46009] INFO  node.SCMNodeManager (SCMNodeManager.java:register(266)) - Registered Data node : 16c950cb-68c6-46ca-881f-c1979330ce10{ip: 192.168.30.6, host: pr-hdds-2238-2sxp6-257983327, networkLocation: /default-rack, certSerialId: null}
2019-10-04 09:43:31,210 [pool-383-thread-1] INFO  storage.RaftStorageDirectory (RaftStorageDirectory.java:tryLock(328)) - Lock on /workdir/hadoop-ozone/integration-test/target/test-dir/MiniOzoneClusterImpl-c65a9f33-2bff-4477-850d-5e53df459c98/datanode-0/data/ratis/44e48569-34c3-4eb6-8ff2-11822827199d/in_use.lock acquired by nodename 11593@pr-hdds-2238-2sxp6-257983327
2019-10-04 09:43:31,233 [pool-383-thread-1] INFO  storage.RaftStorage (RaftStorage.java:format(84)) - Storage directory /workdir/hadoop-ozone/integration-test/target/test-dir/MiniOzoneClusterImpl-c65a9f33-2bff-4477-850d-5e53df459c98/datanode-0/data/ratis/44e48569-34c3-4eb6-8ff2-11822827199d has been successfully formatted.
2019-10-04 09:43:31,233 [pool-383-thread-1] INFO  ratis.ContainerStateMachine (ContainerStateMachine.java:loadSnapshot(230)) - group-11822827199D: The snapshot info is null. Setting the last applied indexto:(t:0, i:~)
2019-10-04 09:43:31,234 [pool-383-thread-1] INFO  server.RaftServerConfigKeys (ConfUtils.java:logGet(43)) - raft.server.notification.no-leader.timeout = 120s (custom)
2019-10-04 09:43:31,234 [pool-383-thread-1] INFO  server.RaftServerConfigKeys (ConfUtils.java:logGet(43)) - raft.server.log.use.memory = false (default)
2019-10-04 09:43:31,234 [pool-383-thread-1] INFO  server.RaftServerConfigKeys (ConfUtils.java:logGet(43)) - raft.server.log.purge.gap = 1000000 (custom)
2019-10-04 09:43:31,234 [pool-383-thread-1] INFO  server.RaftServerConfigKeys (ConfUtils.java:logGet(43)) - raft.server.log.appender.buffer.byte-limit = 33554432 (custom)
2019-10-04 09:43:31,234 [pool-383-thread-1] INFO  server.RaftServerConfigKeys (ConfUtils.java:logGet(43)) - raft.server.log.segment.size.max = 1048576 (custom)
2019-10-04 09:43:31,237 [pool-383-thread-1] INFO  server.RaftServerConfigKeys (ConfUtils.java:logGet(43)) - raft.server.log.segment.cache.num.max = 2 (custom)
2019-10-04 09:43:31,237 [pool-383-thread-1] INFO  segmented.SegmentedRaftLogWorker (SegmentedRaftLogWorker.java:<init>(173)) - new 06ecad9b-3f2c-4924-96d9-8929bbbfb5dd@group-11822827199D-SegmentedRaftLogWorker for RaftStorage:Storage Directory /workdir/hadoop-ozone/integration-test/target/test-dir/MiniOzoneClusterImpl-c65a9f33-2bff-4477-850d-5e53df459c98/datanode-0/data/ratis/44e48569-34c3-4eb6-8ff2-11822827199d
2019-10-04 09:43:31,237 [pool-383-thread-1] INFO  server.RaftServerConfigKeys (ConfUtils.java:logGet(43)) - raft.server.log.queue.byte-limit = 2147483647 (custom)
2019-10-04 09:43:31,237 [pool-383-thread-1] INFO  server.RaftServerConfigKeys (ConfUtils.java:logGet(43)) - raft.server.log.queue.element-limit = 1024 (custom)
2019-10-04 09:43:31,238 [pool-383-thread-1] INFO  server.RaftServerConfigKeys (ConfUtils.java:logGet(43)) - raft.server.log.segment.size.max = 1048576 (custom)
2019-10-04 09:43:31,238 [pool-383-thread-1] INFO  server.RaftServerConfigKeys (ConfUtils.java:logGet(43)) - raft.server.log.preallocated.size = 16384 (custom)
2019-10-04 09:43:31,238 [pool-383-thread-1] INFO  server.RaftServerConfigKeys (ConfUtils.java:logGet(43)) - raft.server.log.write.buffer.size = 33554432 (custom)
2019-10-04 09:43:31,238 [pool-383-thread-1] INFO  server.RaftServerConfigKeys (ConfUtils.java:logGet(43)) - raft.server.log.force.sync.num = 128 (default)
2019-10-04 09:43:31,238 [pool-383-thread-1] INFO  server.RaftServerConfigKeys (ConfUtils.java:logGet(43)) - raft.server.log.statemachine.data.sync = true (default)
2019-10-04 09:43:31,238 [pool-383-thread-1] INFO  server.RaftServerConfigKeys (ConfUtils.java:logGet(43)) - raft.server.log.statemachine.data.sync.timeout = 10s (default)
2019-10-04 09:43:31,239 [pool-383-thread-1] INFO  server.RaftServerConfigKeys (ConfUtils.java:logGet(43)) - raft.server.log.statemachine.data.sync.timeout.retry = -1 (default)
2019-10-04 09:43:31,239 [pool-383-thread-1] INFO  server.RaftServerConfigKeys (ConfUtils.java:logGet(43)) - raft.server.log.statemachine.data.caching.enabled = true (custom)
2019-10-04 09:43:31,240 [pool-383-thread-1] INFO  segmented.SegmentedRaftLogWorker (SegmentedRaftLogWorker.java:lambda$new$0(128)) - 06ecad9b-3f2c-4924-96d9-8929bbbfb5dd@group-11822827199D-SegmentedRaftLogWorker: flushIndex: setUnconditionally 0 -> -1
2019-10-04 09:43:31,240 [pool-383-thread-1] INFO  server.RaftServerConfigKeys (ConfUtils.java:logGet(43)) - raft.server.snapshot.auto.trigger.enabled = true (custom)
2019-10-04 09:43:31,240 [pool-383-thread-1] INFO  server.RaftServerConfigKeys (ConfUtils.java:logGet(43)) - raft.server.snapshot.auto.trigger.threshold = 10000 (custom)
2019-10-04 09:43:31,240 [pool-383-thread-1] INFO  server.RaftServerConfigKeys (ConfUtils.java:logGet(43)) - raft.server.snapshot.retention.file.num = 5 (custom)
2019-10-04 09:43:31,241 [pool-383-thread-1] INFO  server.RaftServerConfigKeys (ConfUtils.java:logGet(43)) - raft.server.retrycache.expirytime = 600000ms (custom)
2019-10-04 09:43:31,242 [pool-383-thread-1] INFO  impl.RaftServerImpl (RaftServerImpl.java:start(181)) - 06ecad9b-3f2c-4924-96d9-8929bbbfb5dd@group-11822827199D: start as a follower, conf=-1: [06ecad9b-3f2c-4924-96d9-8929bbbfb5dd:192.168.30.6:35091], old=null
2019-10-04 09:43:31,242 [pool-383-thread-1] INFO  impl.RaftServerImpl (RaftServerImpl.java:setRole(170)) - 06ecad9b-3f2c-4924-96d9-8929bbbfb5dd@group-11822827199D: changes role from      null to FOLLOWER at term 0 for startAsFollower
2019-10-04 09:43:31,243 [pool-383-thread-1] INFO  impl.RoleInfo (RoleInfo.java:updateAndGet(143)) - 06ecad9b-3f2c-4924-96d9-8929bbbfb5dd: start FollowerState
2019-10-04 09:43:31,243 [pool-383-thread-1] INFO  util.JmxRegister (JmxRegister.java:tryRegister(44)) - Successfully registered JMX Bean with object name Ratis:service=RaftServer,group=group-11822827199D,id=06ecad9b-3f2c-4924-96d9-8929bbbfb5dd
2019-10-04 09:43:31,251 [RatisPipelineUtilsThread] INFO  pipeline.PipelineStateManager (PipelineStateManager.java:addPipeline(56)) - Created pipeline Pipeline[ Id: 44e48569-34c3-4eb6-8ff2-11822827199d, Nodes: 06ecad9b-3f2c-4924-96d9-8929bbbfb5dd{ip: 192.168.30.6, host: pr-hdds-2238-2sxp6-257983327, networkLocation: /default-rack, certSerialId: null}, Type:RATIS, Factor:ONE, State:OPEN]
2019-10-04 09:43:31,260 [grpc-default-executor-0] INFO  impl.RaftServerProxy (RaftServerProxy.java:addNew(89)) - 16c950cb-68c6-46ca-881f-c1979330ce10: addNew group-F91995323785:[16c950cb-68c6-46ca-881f-c1979330ce10:192.168.30.6:36036] returns group-F91995323785:java.util.concurrent.CompletableFuture@382b4e04[Not completed]
2019-10-04 09:43:31,262 [pool-393-thread-1] INFO  impl.RaftServerImpl (RaftServerImpl.java:<init>(95)) - 16c950cb-68c6-46ca-881f-c1979330ce10: new RaftServerImpl for group-F91995323785:[16c950cb-68c6-46ca-881f-c1979330ce10:192.168.30.6:36036] with ContainerStateMachine:uninitialized
2019-10-04 09:43:31,263 [pool-393-thread-1] INFO  server.RaftServerConfigKeys (ConfUtils.java:logGet(43)) - raft.server.rpc.timeout.min = 5s (custom)
2019-10-04 09:43:31,263 [pool-393-thread-1] INFO  server.RaftServerConfigKeys (ConfUtils.java:logGet(43)) - raft.server.rpc.timeout.max = 5200ms (custom)
2019-10-04 09:43:31,263 [pool-393-thread-1] INFO  server.RaftServerConfigKeys (ConfUtils.java:logGet(43)) - raft.server.rpcslowness.timeout = 120s (custom)
2019-10-04 09:43:31,263 [pool-393-thread-1] INFO  server.RaftServerConfigKeys (ConfUtils.java:logGet(43)) - raft.server.sleep.deviation.threshold = 300 (default)
2019-10-04 09:43:31,263 [pool-393-thread-1] INFO  server.RaftServerConfigKeys (ConfUtils.java:logGet(43)) - raft.server.log.appender.install.snapshot.enabled = false (custom)
2019-10-04 09:43:31,263 [pool-393-thread-1] INFO  impl.RaftServerImpl (ServerState.java:<init>(103)) - 16c950cb-68c6-46ca-881f-c1979330ce10@group-F91995323785: ConfigurationManager, init=-1: [16c950cb-68c6-46ca-881f-c1979330ce10:192.168.30.6:36036], old=null, confs=<EMPTY_MAP>
2019-10-04 09:43:31,263 [pool-393-thread-1] INFO  server.RaftServerConfigKeys (ConfUtils.java:logGet(43)) - raft.server.storage.dir = [/workdir/hadoop-ozone/integration-test/target/test-dir/MiniOzoneClusterImpl-c65a9f33-2bff-4477-850d-5e53df459c98/datanode-1/data/ratis] (custom)
2019-10-04 09:43:31,264 [pool-393-thread-1] INFO  server.RaftServerConfigKeys (ConfUtils.java:logGet(43)) - raft.server.log.corruption.policy = EXCEPTION (default)
2019-10-04 09:43:31,264 [pool-393-thread-1] INFO  storage.RaftStorageDirectory (RaftStorageDirectory.java:analyzeStorage(246)) - The storage directory /workdir/hadoop-ozone/integration-test/target/test-dir/MiniOzoneClusterImpl-c65a9f33-2bff-4477-850d-5e53df459c98/datanode-1/data/ratis/4cce7db6-bbcb-4ea8-9579-f91995323785 does not exist. Creating ...
2019-10-04 09:43:31,268 [IPC Server handler 2 on 46009] INFO  net.NetworkTopology (NetworkTopologyImpl.java:add(111)) - Added a new node: /default-rack/8fe97c1e-c534-45a4-ab13-671ba8870a46
2019-10-04 09:43:31,268 [IPC Server handler 2 on 46009] INFO  node.SCMNodeManager (SCMNodeManager.java:register(266)) - Registered Data node : 8fe97c1e-c534-45a4-ab13-671ba8870a46{ip: 192.168.30.6, host: pr-hdds-2238-2sxp6-257983327, networkLocation: /default-rack, certSerialId: null}
2019-10-04 09:43:31,287 [pool-393-thread-1] INFO  storage.RaftStorageDirectory (RaftStorageDirectory.java:tryLock(328)) - Lock on /workdir/hadoop-ozone/integration-test/target/test-dir/MiniOzoneClusterImpl-c65a9f33-2bff-4477-850d-5e53df459c98/datanode-1/data/ratis/4cce7db6-bbcb-4ea8-9579-f91995323785/in_use.lock acquired by nodename 11593@pr-hdds-2238-2sxp6-257983327
2019-10-04 09:43:31,311 [pool-393-thread-1] INFO  storage.RaftStorage (RaftStorage.java:format(84)) - Storage directory /workdir/hadoop-ozone/integration-test/target/test-dir/MiniOzoneClusterImpl-c65a9f33-2bff-4477-850d-5e53df459c98/datanode-1/data/ratis/4cce7db6-bbcb-4ea8-9579-f91995323785 has been successfully formatted.
2019-10-04 09:43:31,312 [pool-393-thread-1] INFO  ratis.ContainerStateMachine (ContainerStateMachine.java:loadSnapshot(230)) - group-F91995323785: The snapshot info is null. Setting the last applied indexto:(t:0, i:~)
2019-10-04 09:43:31,312 [pool-393-thread-1] INFO  server.RaftServerConfigKeys (ConfUtils.java:logGet(43)) - raft.server.notification.no-leader.timeout = 120s (custom)
2019-10-04 09:43:31,312 [pool-393-thread-1] INFO  server.RaftServerConfigKeys (ConfUtils.java:logGet(43)) - raft.server.log.use.memory = false (default)
2019-10-04 09:43:31,312 [pool-393-thread-1] INFO  server.RaftServerConfigKeys (ConfUtils.java:logGet(43)) - raft.server.log.purge.gap = 1000000 (custom)
2019-10-04 09:43:31,312 [pool-393-thread-1] INFO  server.RaftServerConfigKeys (ConfUtils.java:logGet(43)) - raft.server.log.appender.buffer.byte-limit = 33554432 (custom)
2019-10-04 09:43:31,313 [pool-393-thread-1] INFO  server.RaftServerConfigKeys (ConfUtils.java:logGet(43)) - raft.server.log.segment.size.max = 1048576 (custom)
2019-10-04 09:43:31,315 [pool-393-thread-1] INFO  server.RaftServerConfigKeys (ConfUtils.java:logGet(43)) - raft.server.log.segment.cache.num.max = 2 (custom)
2019-10-04 09:43:31,315 [pool-393-thread-1] INFO  segmented.SegmentedRaftLogWorker (SegmentedRaftLogWorker.java:<init>(173)) - new 16c950cb-68c6-46ca-881f-c1979330ce10@group-F91995323785-SegmentedRaftLogWorker for RaftStorage:Storage Directory /workdir/hadoop-ozone/integration-test/target/test-dir/MiniOzoneClusterImpl-c65a9f33-2bff-4477-850d-5e53df459c98/datanode-1/data/ratis/4cce7db6-bbcb-4ea8-9579-f91995323785
2019-10-04 09:43:31,315 [pool-393-thread-1] INFO  server.RaftServerConfigKeys (ConfUtils.java:logGet(43)) - raft.server.log.queue.byte-limit = 2147483647 (custom)
2019-10-04 09:43:31,315 [pool-393-thread-1] INFO  server.RaftServerConfigKeys (ConfUtils.java:logGet(43)) - raft.server.log.queue.element-limit = 1024 (custom)
2019-10-04 09:43:31,315 [pool-393-thread-1] INFO  server.RaftServerConfigKeys (ConfUtils.java:logGet(43)) - raft.server.log.segment.size.max = 1048576 (custom)
2019-10-04 09:43:31,315 [pool-393-thread-1] INFO  server.RaftServerConfigKeys (ConfUtils.java:logGet(43)) - raft.server.log.preallocated.size = 16384 (custom)
2019-10-04 09:43:31,315 [pool-393-thread-1] INFO  server.RaftServerConfigKeys (ConfUtils.java:logGet(43)) - raft.server.log.write.buffer.size = 33554432 (custom)
2019-10-04 09:43:31,316 [pool-393-thread-1] INFO  server.RaftServerConfigKeys (ConfUtils.java:logGet(43)) - raft.server.log.force.sync.num = 128 (default)
2019-10-04 09:43:31,316 [pool-393-thread-1] INFO  server.RaftServerConfigKeys (ConfUtils.java:logGet(43)) - raft.server.log.statemachine.data.sync = true (default)
2019-10-04 09:43:31,316 [pool-393-thread-1] INFO  server.RaftServerConfigKeys (ConfUtils.java:logGet(43)) - raft.server.log.statemachine.data.sync.timeout = 10s (default)
2019-10-04 09:43:31,316 [pool-393-thread-1] INFO  server.RaftServerConfigKeys (ConfUtils.java:logGet(43)) - raft.server.log.statemachine.data.sync.timeout.retry = -1 (default)
2019-10-04 09:43:31,316 [pool-393-thread-1] INFO  server.RaftServerConfigKeys (ConfUtils.java:logGet(43)) - raft.server.log.statemachine.data.caching.enabled = true (custom)
2019-10-04 09:43:31,317 [pool-393-thread-1] INFO  segmented.SegmentedRaftLogWorker (SegmentedRaftLogWorker.java:lambda$new$0(128)) - 16c950cb-68c6-46ca-881f-c1979330ce10@group-F91995323785-SegmentedRaftLogWorker: flushIndex: setUnconditionally 0 -> -1
2019-10-04 09:43:31,317 [pool-393-thread-1] INFO  server.RaftServerConfigKeys (ConfUtils.java:logGet(43)) - raft.server.snapshot.auto.trigger.enabled = true (custom)
2019-10-04 09:43:31,317 [pool-393-thread-1] INFO  server.RaftServerConfigKeys (ConfUtils.java:logGet(43)) - raft.server.snapshot.auto.trigger.threshold = 10000 (custom)
2019-10-04 09:43:31,317 [pool-393-thread-1] INFO  server.RaftServerConfigKeys (ConfUtils.java:logGet(43)) - raft.server.snapshot.retention.file.num = 5 (custom)
2019-10-04 09:43:31,317 [pool-393-thread-1] INFO  server.RaftServerConfigKeys (ConfUtils.java:logGet(43)) - raft.server.retrycache.expirytime = 600000ms (custom)
2019-10-04 09:43:31,319 [pool-393-thread-1] INFO  impl.RaftServerImpl (RaftServerImpl.java:start(181)) - 16c950cb-68c6-46ca-881f-c1979330ce10@group-F91995323785: start as a follower, conf=-1: [16c950cb-68c6-46ca-881f-c1979330ce10:192.168.30.6:36036], old=null
2019-10-04 09:43:31,319 [pool-393-thread-1] INFO  impl.RaftServerImpl (RaftServerImpl.java:setRole(170)) - 16c950cb-68c6-46ca-881f-c1979330ce10@group-F91995323785: changes role from      null to FOLLOWER at term 0 for startAsFollower
2019-10-04 09:43:31,319 [pool-393-thread-1] INFO  impl.RoleInfo (RoleInfo.java:updateAndGet(143)) - 16c950cb-68c6-46ca-881f-c1979330ce10: start FollowerState
2019-10-04 09:43:31,320 [pool-393-thread-1] INFO  util.JmxRegister (JmxRegister.java:tryRegister(44)) - Successfully registered JMX Bean with object name Ratis:service=RaftServer,group=group-F91995323785,id=16c950cb-68c6-46ca-881f-c1979330ce10
2019-10-04 09:43:31,327 [RatisPipelineUtilsThread] INFO  pipeline.PipelineStateManager (PipelineStateManager.java:addPipeline(56)) - Created pipeline Pipeline[ Id: 4cce7db6-bbcb-4ea8-9579-f91995323785, Nodes: 16c950cb-68c6-46ca-881f-c1979330ce10{ip: 192.168.30.6, host: pr-hdds-2238-2sxp6-257983327, networkLocation: /default-rack, certSerialId: null}, Type:RATIS, Factor:ONE, State:OPEN]
2019-10-04 09:43:31,330 [IPC Server handler 3 on 46009] INFO  net.NetworkTopology (NetworkTopologyImpl.java:add(111)) - Added a new node: /default-rack/c1e70d53-73d9-4656-a6a4-0515e55a50c3
2019-10-04 09:43:31,331 [IPC Server handler 3 on 46009] INFO  node.SCMNodeManager (SCMNodeManager.java:register(266)) - Registered Data node : c1e70d53-73d9-4656-a6a4-0515e55a50c3{ip: 192.168.30.6, host: pr-hdds-2238-2sxp6-257983327, networkLocation: /default-rack, certSerialId: null}
2019-10-04 09:43:31,334 [grpc-default-executor-0] INFO  impl.RaftServerProxy (RaftServerProxy.java:addNew(89)) - 8fe97c1e-c534-45a4-ab13-671ba8870a46: addNew group-876D5D27E277:[8fe97c1e-c534-45a4-ab13-671ba8870a46:192.168.30.6:33848] returns group-876D5D27E277:java.util.concurrent.CompletableFuture@94619fc[Not completed]
2019-10-04 09:43:31,335 [pool-403-thread-1] INFO  impl.RaftServerImpl (RaftServerImpl.java:<init>(95)) - 8fe97c1e-c534-45a4-ab13-671ba8870a46: new RaftServerImpl for group-876D5D27E277:[8fe97c1e-c534-45a4-ab13-671ba8870a46:192.168.30.6:33848] with ContainerStateMachine:uninitialized
2019-10-04 09:43:31,335 [pool-403-thread-1] INFO  server.RaftServerConfigKeys (ConfUtils.java:logGet(43)) - raft.server.rpc.timeout.min = 5s (custom)
2019-10-04 09:43:31,335 [pool-403-thread-1] INFO  server.RaftServerConfigKeys (ConfUtils.java:logGet(43)) - raft.server.rpc.timeout.max = 5200ms (custom)
2019-10-04 09:43:31,335 [pool-403-thread-1] INFO  server.RaftServerConfigKeys (ConfUtils.java:logGet(43)) - raft.server.rpcslowness.timeout = 120s (custom)
2019-10-04 09:43:31,335 [pool-403-thread-1] INFO  server.RaftServerConfigKeys (ConfUtils.java:logGet(43)) - raft.server.sleep.deviation.threshold = 300 (default)
2019-10-04 09:43:31,335 [pool-403-thread-1] INFO  server.RaftServerConfigKeys (ConfUtils.java:logGet(43)) - raft.server.log.appender.install.snapshot.enabled = false (custom)
2019-10-04 09:43:31,335 [pool-403-thread-1] INFO  impl.RaftServerImpl (ServerState.java:<init>(103)) - 8fe97c1e-c534-45a4-ab13-671ba8870a46@group-876D5D27E277: ConfigurationManager, init=-1: [8fe97c1e-c534-45a4-ab13-671ba8870a46:192.168.30.6:33848], old=null, confs=<EMPTY_MAP>
2019-10-04 09:43:31,336 [pool-403-thread-1] INFO  server.RaftServerConfigKeys (ConfUtils.java:logGet(43)) - raft.server.storage.dir = [/workdir/hadoop-ozone/integration-test/target/test-dir/MiniOzoneClusterImpl-c65a9f33-2bff-4477-850d-5e53df459c98/datanode-2/data/ratis] (custom)
2019-10-04 09:43:31,336 [pool-403-thread-1] INFO  server.RaftServerConfigKeys (ConfUtils.java:logGet(43)) - raft.server.log.corruption.policy = EXCEPTION (default)
2019-10-04 09:43:31,336 [pool-403-thread-1] INFO  storage.RaftStorageDirectory (RaftStorageDirectory.java:analyzeStorage(246)) - The storage directory /workdir/hadoop-ozone/integration-test/target/test-dir/MiniOzoneClusterImpl-c65a9f33-2bff-4477-850d-5e53df459c98/datanode-2/data/ratis/a53716f4-1391-44ce-b545-876d5d27e277 does not exist. Creating ...
2019-10-04 09:43:31,358 [pool-403-thread-1] INFO  storage.RaftStorageDirectory (RaftStorageDirectory.java:tryLock(328)) - Lock on /workdir/hadoop-ozone/integration-test/target/test-dir/MiniOzoneClusterImpl-c65a9f33-2bff-4477-850d-5e53df459c98/datanode-2/data/ratis/a53716f4-1391-44ce-b545-876d5d27e277/in_use.lock acquired by nodename 11593@pr-hdds-2238-2sxp6-257983327
2019-10-04 09:43:31,382 [pool-403-thread-1] INFO  storage.RaftStorage (RaftStorage.java:format(84)) - Storage directory /workdir/hadoop-ozone/integration-test/target/test-dir/MiniOzoneClusterImpl-c65a9f33-2bff-4477-850d-5e53df459c98/datanode-2/data/ratis/a53716f4-1391-44ce-b545-876d5d27e277 has been successfully formatted.
2019-10-04 09:43:31,382 [pool-403-thread-1] INFO  ratis.ContainerStateMachine (ContainerStateMachine.java:loadSnapshot(230)) - group-876D5D27E277: The snapshot info is null. Setting the last applied indexto:(t:0, i:~)
2019-10-04 09:43:31,382 [pool-403-thread-1] INFO  server.RaftServerConfigKeys (ConfUtils.java:logGet(43)) - raft.server.notification.no-leader.timeout = 120s (custom)
2019-10-04 09:43:31,382 [pool-403-thread-1] INFO  server.RaftServerConfigKeys (ConfUtils.java:logGet(43)) - raft.server.log.use.memory = false (default)
2019-10-04 09:43:31,382 [pool-403-thread-1] INFO  server.RaftServerConfigKeys (ConfUtils.java:logGet(43)) - raft.server.log.purge.gap = 1000000 (custom)
2019-10-04 09:43:31,382 [pool-403-thread-1] INFO  server.RaftServerConfigKeys (ConfUtils.java:logGet(43)) - raft.server.log.appender.buffer.byte-limit = 33554432 (custom)
2019-10-04 09:43:31,382 [pool-403-thread-1] INFO  server.RaftServerConfigKeys (ConfUtils.java:logGet(43)) - raft.server.log.segment.size.max = 1048576 (custom)
2019-10-04 09:43:31,385 [pool-403-thread-1] INFO  server.RaftServerConfigKeys (ConfUtils.java:logGet(43)) - raft.server.log.segment.cache.num.max = 2 (custom)
2019-10-04 09:43:31,385 [pool-403-thread-1] INFO  segmented.SegmentedRaftLogWorker (SegmentedRaftLogWorker.java:<init>(173)) - new 8fe97c1e-c534-45a4-ab13-671ba8870a46@group-876D5D27E277-SegmentedRaftLogWorker for RaftStorage:Storage Directory /workdir/hadoop-ozone/integration-test/target/test-dir/MiniOzoneClusterImpl-c65a9f33-2bff-4477-850d-5e53df459c98/datanode-2/data/ratis/a53716f4-1391-44ce-b545-876d5d27e277
2019-10-04 09:43:31,385 [pool-403-thread-1] INFO  server.RaftServerConfigKeys (ConfUtils.java:logGet(43)) - raft.server.log.queue.byte-limit = 2147483647 (custom)
2019-10-04 09:43:31,385 [pool-403-thread-1] INFO  server.RaftServerConfigKeys (ConfUtils.java:logGet(43)) - raft.server.log.queue.element-limit = 1024 (custom)
2019-10-04 09:43:31,385 [pool-403-thread-1] INFO  server.RaftServerConfigKeys (ConfUtils.java:logGet(43)) - raft.server.log.segment.size.max = 1048576 (custom)
2019-10-04 09:43:31,385 [pool-403-thread-1] INFO  server.RaftServerConfigKeys (ConfUtils.java:logGet(43)) - raft.server.log.preallocated.size = 16384 (custom)
2019-10-04 09:43:31,386 [pool-403-thread-1] INFO  server.RaftServerConfigKeys (ConfUtils.java:logGet(43)) - raft.server.log.write.buffer.size = 33554432 (custom)
2019-10-04 09:43:31,386 [pool-403-thread-1] INFO  server.RaftServerConfigKeys (ConfUtils.java:logGet(43)) - raft.server.log.force.sync.num = 128 (default)
2019-10-04 09:43:31,386 [pool-403-thread-1] INFO  server.RaftServerConfigKeys (ConfUtils.java:logGet(43)) - raft.server.log.statemachine.data.sync = true (default)
2019-10-04 09:43:31,386 [pool-403-thread-1] INFO  server.RaftServerConfigKeys (ConfUtils.java:logGet(43)) - raft.server.log.statemachine.data.sync.timeout = 10s (default)
2019-10-04 09:43:31,386 [pool-403-thread-1] INFO  server.RaftServerConfigKeys (ConfUtils.java:logGet(43)) - raft.server.log.statemachine.data.sync.timeout.retry = -1 (default)
2019-10-04 09:43:31,387 [pool-403-thread-1] INFO  server.RaftServerConfigKeys (ConfUtils.java:logGet(43)) - raft.server.log.statemachine.data.caching.enabled = true (custom)
2019-10-04 09:43:31,387 [pool-403-thread-1] INFO  segmented.SegmentedRaftLogWorker (SegmentedRaftLogWorker.java:lambda$new$0(128)) - 8fe97c1e-c534-45a4-ab13-671ba8870a46@group-876D5D27E277-SegmentedRaftLogWorker: flushIndex: setUnconditionally 0 -> -1
2019-10-04 09:43:31,387 [pool-403-thread-1] INFO  server.RaftServerConfigKeys (ConfUtils.java:logGet(43)) - raft.server.snapshot.auto.trigger.enabled = true (custom)
2019-10-04 09:43:31,388 [pool-403-thread-1] INFO  server.RaftServerConfigKeys (ConfUtils.java:logGet(43)) - raft.server.snapshot.auto.trigger.threshold = 10000 (custom)
2019-10-04 09:43:31,388 [pool-403-thread-1] INFO  server.RaftServerConfigKeys (ConfUtils.java:logGet(43)) - raft.server.snapshot.retention.file.num = 5 (custom)
2019-10-04 09:43:31,388 [pool-403-thread-1] INFO  server.RaftServerConfigKeys (ConfUtils.java:logGet(43)) - raft.server.retrycache.expirytime = 600000ms (custom)
2019-10-04 09:43:31,390 [pool-403-thread-1] INFO  impl.RaftServerImpl (RaftServerImpl.java:start(181)) - 8fe97c1e-c534-45a4-ab13-671ba8870a46@group-876D5D27E277: start as a follower, conf=-1: [8fe97c1e-c534-45a4-ab13-671ba8870a46:192.168.30.6:33848], old=null
2019-10-04 09:43:31,390 [pool-403-thread-1] INFO  impl.RaftServerImpl (RaftServerImpl.java:setRole(170)) - 8fe97c1e-c534-45a4-ab13-671ba8870a46@group-876D5D27E277: changes role from      null to FOLLOWER at term 0 for startAsFollower
2019-10-04 09:43:31,390 [pool-403-thread-1] INFO  impl.RoleInfo (RoleInfo.java:updateAndGet(143)) - 8fe97c1e-c534-45a4-ab13-671ba8870a46: start FollowerState
2019-10-04 09:43:31,390 [IPC Server handler 4 on 46009] INFO  net.NetworkTopology (NetworkTopologyImpl.java:add(111)) - Added a new node: /default-rack/73c45829-ef62-467e-a4f4-d0fd0f474f59
2019-10-04 09:43:31,391 [pool-403-thread-1] INFO  util.JmxRegister (JmxRegister.java:tryRegister(44)) - Successfully registered JMX Bean with object name Ratis:service=RaftServer,group=group-876D5D27E277,id=8fe97c1e-c534-45a4-ab13-671ba8870a46
2019-10-04 09:43:31,391 [IPC Server handler 4 on 46009] INFO  node.SCMNodeManager (SCMNodeManager.java:register(266)) - Registered Data node : 73c45829-ef62-467e-a4f4-d0fd0f474f59{ip: 192.168.30.6, host: pr-hdds-2238-2sxp6-257983327, networkLocation: /default-rack, certSerialId: null}
2019-10-04 09:43:31,399 [RatisPipelineUtilsThread] INFO  pipeline.PipelineStateManager (PipelineStateManager.java:addPipeline(56)) - Created pipeline Pipeline[ Id: a53716f4-1391-44ce-b545-876d5d27e277, Nodes: 8fe97c1e-c534-45a4-ab13-671ba8870a46{ip: 192.168.30.6, host: pr-hdds-2238-2sxp6-257983327, networkLocation: /default-rack, certSerialId: null}, Type:RATIS, Factor:ONE, State:OPEN]
2019-10-04 09:43:31,405 [grpc-default-executor-0] INFO  impl.RaftServerProxy (RaftServerProxy.java:addNew(89)) - c1e70d53-73d9-4656-a6a4-0515e55a50c3: addNew group-9D62EA26E590:[c1e70d53-73d9-4656-a6a4-0515e55a50c3:192.168.30.6:35169] returns group-9D62EA26E590:java.util.concurrent.CompletableFuture@66774289[Not completed]
2019-10-04 09:43:31,406 [pool-413-thread-1] INFO  impl.RaftServerImpl (RaftServerImpl.java:<init>(95)) - c1e70d53-73d9-4656-a6a4-0515e55a50c3: new RaftServerImpl for group-9D62EA26E590:[c1e70d53-73d9-4656-a6a4-0515e55a50c3:192.168.30.6:35169] with ContainerStateMachine:uninitialized
2019-10-04 09:43:31,406 [pool-413-thread-1] INFO  server.RaftServerConfigKeys (ConfUtils.java:logGet(43)) - raft.server.rpc.timeout.min = 5s (custom)
2019-10-04 09:43:31,406 [pool-413-thread-1] INFO  server.RaftServerConfigKeys (ConfUtils.java:logGet(43)) - raft.server.rpc.timeout.max = 5200ms (custom)
2019-10-04 09:43:31,406 [pool-413-thread-1] INFO  server.RaftServerConfigKeys (ConfUtils.java:logGet(43)) - raft.server.rpcslowness.timeout = 120s (custom)
2019-10-04 09:43:31,406 [pool-413-thread-1] INFO  server.RaftServerConfigKeys (ConfUtils.java:logGet(43)) - raft.server.sleep.deviation.threshold = 300 (default)
2019-10-04 09:43:31,406 [pool-413-thread-1] INFO  server.RaftServerConfigKeys (ConfUtils.java:logGet(43)) - raft.server.log.appender.install.snapshot.enabled = false (custom)
2019-10-04 09:43:31,407 [pool-413-thread-1] INFO  impl.RaftServerImpl (ServerState.java:<init>(103)) - c1e70d53-73d9-4656-a6a4-0515e55a50c3@group-9D62EA26E590: ConfigurationManager, init=-1: [c1e70d53-73d9-4656-a6a4-0515e55a50c3:192.168.30.6:35169], old=null, confs=<EMPTY_MAP>
2019-10-04 09:43:31,407 [pool-413-thread-1] INFO  server.RaftServerConfigKeys (ConfUtils.java:logGet(43)) - raft.server.storage.dir = [/workdir/hadoop-ozone/integration-test/target/test-dir/MiniOzoneClusterImpl-c65a9f33-2bff-4477-850d-5e53df459c98/datanode-3/data/ratis] (custom)
2019-10-04 09:43:31,407 [pool-413-thread-1] INFO  server.RaftServerConfigKeys (ConfUtils.java:logGet(43)) - raft.server.log.corruption.policy = EXCEPTION (default)
2019-10-04 09:43:31,407 [pool-413-thread-1] INFO  storage.RaftStorageDirectory (RaftStorageDirectory.java:analyzeStorage(246)) - The storage directory /workdir/hadoop-ozone/integration-test/target/test-dir/MiniOzoneClusterImpl-c65a9f33-2bff-4477-850d-5e53df459c98/datanode-3/data/ratis/1720f2c0-e008-44a9-bd09-9d62ea26e590 does not exist. Creating ...
2019-10-04 09:43:31,429 [pool-413-thread-1] INFO  storage.RaftStorageDirectory (RaftStorageDirectory.java:tryLock(328)) - Lock on /workdir/hadoop-ozone/integration-test/target/test-dir/MiniOzoneClusterImpl-c65a9f33-2bff-4477-850d-5e53df459c98/datanode-3/data/ratis/1720f2c0-e008-44a9-bd09-9d62ea26e590/in_use.lock acquired by nodename 11593@pr-hdds-2238-2sxp6-257983327
2019-10-04 09:43:31,465 [pool-413-thread-1] INFO  storage.RaftStorage (RaftStorage.java:format(84)) - Storage directory /workdir/hadoop-ozone/integration-test/target/test-dir/MiniOzoneClusterImpl-c65a9f33-2bff-4477-850d-5e53df459c98/datanode-3/data/ratis/1720f2c0-e008-44a9-bd09-9d62ea26e590 has been successfully formatted.
2019-10-04 09:43:31,465 [pool-413-thread-1] INFO  ratis.ContainerStateMachine (ContainerStateMachine.java:loadSnapshot(230)) - group-9D62EA26E590: The snapshot info is null. Setting the last applied indexto:(t:0, i:~)
2019-10-04 09:43:31,465 [pool-413-thread-1] INFO  server.RaftServerConfigKeys (ConfUtils.java:logGet(43)) - raft.server.notification.no-leader.timeout = 120s (custom)
2019-10-04 09:43:31,465 [pool-413-thread-1] INFO  server.RaftServerConfigKeys (ConfUtils.java:logGet(43)) - raft.server.log.use.memory = false (default)
2019-10-04 09:43:31,465 [pool-413-thread-1] INFO  server.RaftServerConfigKeys (ConfUtils.java:logGet(43)) - raft.server.log.purge.gap = 1000000 (custom)
2019-10-04 09:43:31,465 [pool-413-thread-1] INFO  server.RaftServerConfigKeys (ConfUtils.java:logGet(43)) - raft.server.log.appender.buffer.byte-limit = 33554432 (custom)
2019-10-04 09:43:31,465 [pool-413-thread-1] INFO  server.RaftServerConfigKeys (ConfUtils.java:logGet(43)) - raft.server.log.segment.size.max = 1048576 (custom)
2019-10-04 09:43:31,467 [pool-413-thread-1] INFO  server.RaftServerConfigKeys (ConfUtils.java:logGet(43)) - raft.server.log.segment.cache.num.max = 2 (custom)
2019-10-04 09:43:31,467 [pool-413-thread-1] INFO  segmented.SegmentedRaftLogWorker (SegmentedRaftLogWorker.java:<init>(173)) - new c1e70d53-73d9-4656-a6a4-0515e55a50c3@group-9D62EA26E590-SegmentedRaftLogWorker for RaftStorage:Storage Directory /workdir/hadoop-ozone/integration-test/target/test-dir/MiniOzoneClusterImpl-c65a9f33-2bff-4477-850d-5e53df459c98/datanode-3/data/ratis/1720f2c0-e008-44a9-bd09-9d62ea26e590
2019-10-04 09:43:31,467 [pool-413-thread-1] INFO  server.RaftServerConfigKeys (ConfUtils.java:logGet(43)) - raft.server.log.queue.byte-limit = 2147483647 (custom)
2019-10-04 09:43:31,467 [pool-413-thread-1] INFO  server.RaftServerConfigKeys (ConfUtils.java:logGet(43)) - raft.server.log.queue.element-limit = 1024 (custom)
2019-10-04 09:43:31,467 [pool-413-thread-1] INFO  server.RaftServerConfigKeys (ConfUtils.java:logGet(43)) - raft.server.log.segment.size.max = 1048576 (custom)
2019-10-04 09:43:31,467 [pool-413-thread-1] INFO  server.RaftServerConfigKeys (ConfUtils.java:logGet(43)) - raft.server.log.preallocated.size = 16384 (custom)
2019-10-04 09:43:31,467 [pool-413-thread-1] INFO  server.RaftServerConfigKeys (ConfUtils.java:logGet(43)) - raft.server.log.write.buffer.size = 33554432 (custom)
2019-10-04 09:43:31,467 [pool-413-thread-1] INFO  server.RaftServerConfigKeys (ConfUtils.java:logGet(43)) - raft.server.log.force.sync.num = 128 (default)
2019-10-04 09:43:31,467 [pool-413-thread-1] INFO  server.RaftServerConfigKeys (ConfUtils.java:logGet(43)) - raft.server.log.statemachine.data.sync = true (default)
2019-10-04 09:43:31,467 [pool-413-thread-1] INFO  server.RaftServerConfigKeys (ConfUtils.java:logGet(43)) - raft.server.log.statemachine.data.sync.timeout = 10s (default)
2019-10-04 09:43:31,468 [pool-413-thread-1] INFO  server.RaftServerConfigKeys (ConfUtils.java:logGet(43)) - raft.server.log.statemachine.data.sync.timeout.retry = -1 (default)
2019-10-04 09:43:31,468 [pool-413-thread-1] INFO  server.RaftServerConfigKeys (ConfUtils.java:logGet(43)) - raft.server.log.statemachine.data.caching.enabled = true (custom)
2019-10-04 09:43:31,468 [pool-413-thread-1] INFO  segmented.SegmentedRaftLogWorker (SegmentedRaftLogWorker.java:lambda$new$0(128)) - c1e70d53-73d9-4656-a6a4-0515e55a50c3@group-9D62EA26E590-SegmentedRaftLogWorker: flushIndex: setUnconditionally 0 -> -1
2019-10-04 09:43:31,468 [pool-413-thread-1] INFO  server.RaftServerConfigKeys (ConfUtils.java:logGet(43)) - raft.server.snapshot.auto.trigger.enabled = true (custom)
2019-10-04 09:43:31,468 [pool-413-thread-1] INFO  server.RaftServerConfigKeys (ConfUtils.java:logGet(43)) - raft.server.snapshot.auto.trigger.threshold = 10000 (custom)
2019-10-04 09:43:31,469 [pool-413-thread-1] INFO  server.RaftServerConfigKeys (ConfUtils.java:logGet(43)) - raft.server.snapshot.retention.file.num = 5 (custom)
2019-10-04 09:43:31,469 [pool-413-thread-1] INFO  server.RaftServerConfigKeys (ConfUtils.java:logGet(43)) - raft.server.retrycache.expirytime = 600000ms (custom)
2019-10-04 09:43:31,470 [pool-413-thread-1] INFO  impl.RaftServerImpl (RaftServerImpl.java:start(181)) - c1e70d53-73d9-4656-a6a4-0515e55a50c3@group-9D62EA26E590: start as a follower, conf=-1: [c1e70d53-73d9-4656-a6a4-0515e55a50c3:192.168.30.6:35169], old=null
2019-10-04 09:43:31,470 [pool-413-thread-1] INFO  impl.RaftServerImpl (RaftServerImpl.java:setRole(170)) - c1e70d53-73d9-4656-a6a4-0515e55a50c3@group-9D62EA26E590: changes role from      null to FOLLOWER at term 0 for startAsFollower
2019-10-04 09:43:31,470 [pool-413-thread-1] INFO  impl.RoleInfo (RoleInfo.java:updateAndGet(143)) - c1e70d53-73d9-4656-a6a4-0515e55a50c3: start FollowerState
2019-10-04 09:43:31,470 [pool-413-thread-1] INFO  util.JmxRegister (JmxRegister.java:tryRegister(44)) - Successfully registered JMX Bean with object name Ratis:service=RaftServer,group=group-9D62EA26E590,id=c1e70d53-73d9-4656-a6a4-0515e55a50c3
2019-10-04 09:43:31,477 [IPC Server handler 1 on 46009] INFO  net.NetworkTopology (NetworkTopologyImpl.java:add(111)) - Added a new node: /default-rack/082ec413-b49a-4801-88e1-09b3e4261059
2019-10-04 09:43:31,477 [IPC Server handler 1 on 46009] INFO  node.SCMNodeManager (SCMNodeManager.java:register(266)) - Registered Data node : 082ec413-b49a-4801-88e1-09b3e4261059{ip: 192.168.30.6, host: pr-hdds-2238-2sxp6-257983327, networkLocation: /default-rack, certSerialId: null}
2019-10-04 09:43:31,478 [RatisPipelineUtilsThread] INFO  pipeline.PipelineStateManager (PipelineStateManager.java:addPipeline(56)) - Created pipeline Pipeline[ Id: 1720f2c0-e008-44a9-bd09-9d62ea26e590, Nodes: c1e70d53-73d9-4656-a6a4-0515e55a50c3{ip: 192.168.30.6, host: pr-hdds-2238-2sxp6-257983327, networkLocation: /default-rack, certSerialId: null}, Type:RATIS, Factor:ONE, State:OPEN]
2019-10-04 09:43:31,486 [grpc-default-executor-0] INFO  impl.RaftServerProxy (RaftServerProxy.java:addNew(89)) - 73c45829-ef62-467e-a4f4-d0fd0f474f59: addNew group-A99BF1887E77:[73c45829-ef62-467e-a4f4-d0fd0f474f59:192.168.30.6:45100] returns group-A99BF1887E77:java.util.concurrent.CompletableFuture@6656af37[Not completed]
2019-10-04 09:43:31,487 [pool-423-thread-1] INFO  impl.RaftServerImpl (RaftServerImpl.java:<init>(95)) - 73c45829-ef62-467e-a4f4-d0fd0f474f59: new RaftServerImpl for group-A99BF1887E77:[73c45829-ef62-467e-a4f4-d0fd0f474f59:192.168.30.6:45100] with ContainerStateMachine:uninitialized
2019-10-04 09:43:31,487 [pool-423-thread-1] INFO  server.RaftServerConfigKeys (ConfUtils.java:logGet(43)) - raft.server.rpc.timeout.min = 5s (custom)
2019-10-04 09:43:31,487 [pool-423-thread-1] INFO  server.RaftServerConfigKeys (ConfUtils.java:logGet(43)) - raft.server.rpc.timeout.max = 5200ms (custom)
2019-10-04 09:43:31,487 [pool-423-thread-1] INFO  server.RaftServerConfigKeys (ConfUtils.java:logGet(43)) - raft.server.rpcslowness.timeout = 120s (custom)
2019-10-04 09:43:31,488 [pool-423-thread-1] INFO  server.RaftServerConfigKeys (ConfUtils.java:logGet(43)) - raft.server.sleep.deviation.threshold = 300 (default)
2019-10-04 09:43:31,488 [pool-423-thread-1] INFO  server.RaftServerConfigKeys (ConfUtils.java:logGet(43)) - raft.server.log.appender.install.snapshot.enabled = false (custom)
2019-10-04 09:43:31,488 [pool-423-thread-1] INFO  impl.RaftServerImpl (ServerState.java:<init>(103)) - 73c45829-ef62-467e-a4f4-d0fd0f474f59@group-A99BF1887E77: ConfigurationManager, init=-1: [73c45829-ef62-467e-a4f4-d0fd0f474f59:192.168.30.6:45100], old=null, confs=<EMPTY_MAP>
2019-10-04 09:43:31,488 [pool-423-thread-1] INFO  server.RaftServerConfigKeys (ConfUtils.java:logGet(43)) - raft.server.storage.dir = [/workdir/hadoop-ozone/integration-test/target/test-dir/MiniOzoneClusterImpl-c65a9f33-2bff-4477-850d-5e53df459c98/datanode-4/data/ratis] (custom)
2019-10-04 09:43:31,488 [pool-423-thread-1] INFO  server.RaftServerConfigKeys (ConfUtils.java:logGet(43)) - raft.server.log.corruption.policy = EXCEPTION (default)
2019-10-04 09:43:31,488 [pool-423-thread-1] INFO  storage.RaftStorageDirectory (RaftStorageDirectory.java:analyzeStorage(246)) - The storage directory /workdir/hadoop-ozone/integration-test/target/test-dir/MiniOzoneClusterImpl-c65a9f33-2bff-4477-850d-5e53df459c98/datanode-4/data/ratis/102792a3-86f5-4683-8427-a99bf1887e77 does not exist. Creating ...
2019-10-04 09:43:31,515 [pool-423-thread-1] INFO  storage.RaftStorageDirectory (RaftStorageDirectory.java:tryLock(328)) - Lock on /workdir/hadoop-ozone/integration-test/target/test-dir/MiniOzoneClusterImpl-c65a9f33-2bff-4477-850d-5e53df459c98/datanode-4/data/ratis/102792a3-86f5-4683-8427-a99bf1887e77/in_use.lock acquired by nodename 11593@pr-hdds-2238-2sxp6-257983327
2019-10-04 09:43:31,540 [pool-423-thread-1] INFO  storage.RaftStorage (RaftStorage.java:format(84)) - Storage directory /workdir/hadoop-ozone/integration-test/target/test-dir/MiniOzoneClusterImpl-c65a9f33-2bff-4477-850d-5e53df459c98/datanode-4/data/ratis/102792a3-86f5-4683-8427-a99bf1887e77 has been successfully formatted.
2019-10-04 09:43:31,541 [pool-423-thread-1] INFO  ratis.ContainerStateMachine (ContainerStateMachine.java:loadSnapshot(230)) - group-A99BF1887E77: The snapshot info is null. Setting the last applied indexto:(t:0, i:~)
2019-10-04 09:43:31,541 [pool-423-thread-1] INFO  server.RaftServerConfigKeys (ConfUtils.java:logGet(43)) - raft.server.notification.no-leader.timeout = 120s (custom)
2019-10-04 09:43:31,541 [pool-423-thread-1] INFO  server.RaftServerConfigKeys (ConfUtils.java:logGet(43)) - raft.server.log.use.memory = false (default)
2019-10-04 09:43:31,541 [pool-423-thread-1] INFO  server.RaftServerConfigKeys (ConfUtils.java:logGet(43)) - raft.server.log.purge.gap = 1000000 (custom)
2019-10-04 09:43:31,541 [pool-423-thread-1] INFO  server.RaftServerConfigKeys (ConfUtils.java:logGet(43)) - raft.server.log.appender.buffer.byte-limit = 33554432 (custom)
2019-10-04 09:43:31,541 [pool-423-thread-1] INFO  server.RaftServerConfigKeys (ConfUtils.java:logGet(43)) - raft.server.log.segment.size.max = 1048576 (custom)
2019-10-04 09:43:31,543 [pool-423-thread-1] INFO  server.RaftServerConfigKeys (ConfUtils.java:logGet(43)) - raft.server.log.segment.cache.num.max = 2 (custom)
2019-10-04 09:43:31,543 [pool-423-thread-1] INFO  segmented.SegmentedRaftLogWorker (SegmentedRaftLogWorker.java:<init>(173)) - new 73c45829-ef62-467e-a4f4-d0fd0f474f59@group-A99BF1887E77-SegmentedRaftLogWorker for RaftStorage:Storage Directory /workdir/hadoop-ozone/integration-test/target/test-dir/MiniOzoneClusterImpl-c65a9f33-2bff-4477-850d-5e53df459c98/datanode-4/data/ratis/102792a3-86f5-4683-8427-a99bf1887e77
2019-10-04 09:43:31,544 [pool-423-thread-1] INFO  server.RaftServerConfigKeys (ConfUtils.java:logGet(43)) - raft.server.log.queue.byte-limit = 2147483647 (custom)
2019-10-04 09:43:31,544 [pool-423-thread-1] INFO  server.RaftServerConfigKeys (ConfUtils.java:logGet(43)) - raft.server.log.queue.element-limit = 1024 (custom)
2019-10-04 09:43:31,544 [pool-423-thread-1] INFO  server.RaftServerConfigKeys (ConfUtils.java:logGet(43)) - raft.server.log.segment.size.max = 1048576 (custom)
2019-10-04 09:43:31,544 [pool-423-thread-1] INFO  server.RaftServerConfigKeys (ConfUtils.java:logGet(43)) - raft.server.log.preallocated.size = 16384 (custom)
2019-10-04 09:43:31,544 [pool-423-thread-1] INFO  server.RaftServerConfigKeys (ConfUtils.java:logGet(43)) - raft.server.log.write.buffer.size = 33554432 (custom)
2019-10-04 09:43:31,544 [pool-423-thread-1] INFO  server.RaftServerConfigKeys (ConfUtils.java:logGet(43)) - raft.server.log.force.sync.num = 128 (default)
2019-10-04 09:43:31,544 [pool-423-thread-1] INFO  server.RaftServerConfigKeys (ConfUtils.java:logGet(43)) - raft.server.log.statemachine.data.sync = true (default)
2019-10-04 09:43:31,545 [pool-423-thread-1] INFO  server.RaftServerConfigKeys (ConfUtils.java:logGet(43)) - raft.server.log.statemachine.data.sync.timeout = 10s (default)
2019-10-04 09:43:31,545 [pool-423-thread-1] INFO  server.RaftServerConfigKeys (ConfUtils.java:logGet(43)) - raft.server.log.statemachine.data.sync.timeout.retry = -1 (default)
2019-10-04 09:43:31,545 [IPC Server handler 7 on 46009] INFO  net.NetworkTopology (NetworkTopologyImpl.java:add(111)) - Added a new node: /default-rack/908f0e43-5145-4e5a-b10e-86b93a4f4078
2019-10-04 09:43:31,545 [pool-423-thread-1] INFO  server.RaftServerConfigKeys (ConfUtils.java:logGet(43)) - raft.server.log.statemachine.data.caching.enabled = true (custom)
2019-10-04 09:43:31,545 [IPC Server handler 7 on 46009] INFO  node.SCMNodeManager (SCMNodeManager.java:register(266)) - Registered Data node : 908f0e43-5145-4e5a-b10e-86b93a4f4078{ip: 192.168.30.6, host: pr-hdds-2238-2sxp6-257983327, networkLocation: /default-rack, certSerialId: null}
2019-10-04 09:43:31,546 [pool-423-thread-1] INFO  segmented.SegmentedRaftLogWorker (SegmentedRaftLogWorker.java:lambda$new$0(128)) - 73c45829-ef62-467e-a4f4-d0fd0f474f59@group-A99BF1887E77-SegmentedRaftLogWorker: flushIndex: setUnconditionally 0 -> -1
2019-10-04 09:43:31,546 [pool-423-thread-1] INFO  server.RaftServerConfigKeys (ConfUtils.java:logGet(43)) - raft.server.snapshot.auto.trigger.enabled = true (custom)
2019-10-04 09:43:31,546 [pool-423-thread-1] INFO  server.RaftServerConfigKeys (ConfUtils.java:logGet(43)) - raft.server.snapshot.auto.trigger.threshold = 10000 (custom)
2019-10-04 09:43:31,546 [pool-423-thread-1] INFO  server.RaftServerConfigKeys (ConfUtils.java:logGet(43)) - raft.server.snapshot.retention.file.num = 5 (custom)
2019-10-04 09:43:31,547 [pool-423-thread-1] INFO  server.RaftServerConfigKeys (ConfUtils.java:logGet(43)) - raft.server.retrycache.expirytime = 600000ms (custom)
2019-10-04 09:43:31,548 [main] INFO  ozone.MiniOzoneClusterImpl (MiniOzoneClusterImpl.java:lambda$waitForClusterToBeReady$0(147)) - Cluster is ready. Got 7 of 7 DN Heartbeats.
2019-10-04 09:43:31,549 [pool-423-thread-1] INFO  impl.RaftServerImpl (RaftServerImpl.java:start(181)) - 73c45829-ef62-467e-a4f4-d0fd0f474f59@group-A99BF1887E77: start as a follower, conf=-1: [73c45829-ef62-467e-a4f4-d0fd0f474f59:192.168.30.6:45100], old=null
2019-10-04 09:43:31,549 [pool-423-thread-1] INFO  impl.RaftServerImpl (RaftServerImpl.java:setRole(170)) - 73c45829-ef62-467e-a4f4-d0fd0f474f59@group-A99BF1887E77: changes role from      null to FOLLOWER at term 0 for startAsFollower
2019-10-04 09:43:31,550 [pool-423-thread-1] INFO  impl.RoleInfo (RoleInfo.java:updateAndGet(143)) - 73c45829-ef62-467e-a4f4-d0fd0f474f59: start FollowerState
2019-10-04 09:43:31,550 [pool-423-thread-1] INFO  util.JmxRegister (JmxRegister.java:tryRegister(44)) - Successfully registered JMX Bean with object name Ratis:service=RaftServer,group=group-A99BF1887E77,id=73c45829-ef62-467e-a4f4-d0fd0f474f59
2019-10-04 09:43:31,564 [RatisPipelineUtilsThread] INFO  pipeline.PipelineStateManager (PipelineStateManager.java:addPipeline(56)) - Created pipeline Pipeline[ Id: 102792a3-86f5-4683-8427-a99bf1887e77, Nodes: 73c45829-ef62-467e-a4f4-d0fd0f474f59{ip: 192.168.30.6, host: pr-hdds-2238-2sxp6-257983327, networkLocation: /default-rack, certSerialId: null}, Type:RATIS, Factor:ONE, State:OPEN]
2019-10-04 09:43:31,585 [grpc-default-executor-0] INFO  impl.RaftServerProxy (RaftServerProxy.java:addNew(89)) - 908f0e43-5145-4e5a-b10e-86b93a4f4078: addNew group-956FDB685BD0:[908f0e43-5145-4e5a-b10e-86b93a4f4078:192.168.30.6:33856] returns group-956FDB685BD0:java.util.concurrent.CompletableFuture@2a5d7ea3[Not completed]
2019-10-04 09:43:31,586 [pool-443-thread-1] INFO  impl.RaftServerImpl (RaftServerImpl.java:<init>(95)) - 908f0e43-5145-4e5a-b10e-86b93a4f4078: new RaftServerImpl for group-956FDB685BD0:[908f0e43-5145-4e5a-b10e-86b93a4f4078:192.168.30.6:33856] with ContainerStateMachine:uninitialized
2019-10-04 09:43:31,587 [pool-443-thread-1] INFO  server.RaftServerConfigKeys (ConfUtils.java:logGet(43)) - raft.server.rpc.timeout.min = 5s (custom)
2019-10-04 09:43:31,587 [pool-443-thread-1] INFO  server.RaftServerConfigKeys (ConfUtils.java:logGet(43)) - raft.server.rpc.timeout.max = 5200ms (custom)
2019-10-04 09:43:31,587 [pool-443-thread-1] INFO  server.RaftServerConfigKeys (ConfUtils.java:logGet(43)) - raft.server.rpcslowness.timeout = 120s (custom)
2019-10-04 09:43:31,587 [pool-443-thread-1] INFO  server.RaftServerConfigKeys (ConfUtils.java:logGet(43)) - raft.server.sleep.deviation.threshold = 300 (default)
2019-10-04 09:43:31,587 [pool-443-thread-1] INFO  server.RaftServerConfigKeys (ConfUtils.java:logGet(43)) - raft.server.log.appender.install.snapshot.enabled = false (custom)
2019-10-04 09:43:31,587 [pool-443-thread-1] INFO  impl.RaftServerImpl (ServerState.java:<init>(103)) - 908f0e43-5145-4e5a-b10e-86b93a4f4078@group-956FDB685BD0: ConfigurationManager, init=-1: [908f0e43-5145-4e5a-b10e-86b93a4f4078:192.168.30.6:33856], old=null, confs=<EMPTY_MAP>
2019-10-04 09:43:31,587 [pool-443-thread-1] INFO  server.RaftServerConfigKeys (ConfUtils.java:logGet(43)) - raft.server.storage.dir = [/workdir/hadoop-ozone/integration-test/target/test-dir/MiniOzoneClusterImpl-c65a9f33-2bff-4477-850d-5e53df459c98/datanode-6/data/ratis] (custom)
2019-10-04 09:43:31,588 [pool-443-thread-1] INFO  server.RaftServerConfigKeys (ConfUtils.java:logGet(43)) - raft.server.log.corruption.policy = EXCEPTION (default)
2019-10-04 09:43:31,590 [pool-443-thread-1] INFO  storage.RaftStorageDirectory (RaftStorageDirectory.java:analyzeStorage(246)) - The storage directory /workdir/hadoop-ozone/integration-test/target/test-dir/MiniOzoneClusterImpl-c65a9f33-2bff-4477-850d-5e53df459c98/datanode-6/data/ratis/5db0d372-092e-483f-920e-956fdb685bd0 does not exist. Creating ...
2019-10-04 09:43:31,592 [main] INFO  rpc.RpcClient (RpcClient.java:createVolume(277)) - Creating Volume: watchforcommithandlingtest, with jenkins1000 as owner.
2019-10-04 09:43:31,595 [IPC Server handler 0 on 44179] INFO  volume.OMVolumeCreateRequest (OMVolumeCreateRequest.java:validateAndUpdateCache(193)) - created volume:watchforcommithandlingtest for user:jenkins1000
2019-10-04 09:43:31,606 [main] INFO  rpc.RpcClient (RpcClient.java:createBucket(416)) - Creating Bucket: watchforcommithandlingtest/watchforcommithandlingtest, with Versioning false and Storage Type set to DISK and Encryption set to false 
2019-10-04 09:43:31,616 [main] INFO  ozone.MiniOzoneClusterImpl (MiniOzoneClusterImpl.java:getStorageContainerLocationClient(234)) - Creating StorageContainerLocationProtocol RPC client with address /0.0.0.0:39392
2019-10-04 09:43:31,624 [pool-443-thread-1] INFO  storage.RaftStorageDirectory (RaftStorageDirectory.java:tryLock(328)) - Lock on /workdir/hadoop-ozone/integration-test/target/test-dir/MiniOzoneClusterImpl-c65a9f33-2bff-4477-850d-5e53df459c98/datanode-6/data/ratis/5db0d372-092e-483f-920e-956fdb685bd0/in_use.lock acquired by nodename 11593@pr-hdds-2238-2sxp6-257983327
2019-10-04 09:43:31,649 [pool-443-thread-1] INFO  storage.RaftStorage (RaftStorage.java:format(84)) - Storage directory /workdir/hadoop-ozone/integration-test/target/test-dir/MiniOzoneClusterImpl-c65a9f33-2bff-4477-850d-5e53df459c98/datanode-6/data/ratis/5db0d372-092e-483f-920e-956fdb685bd0 has been successfully formatted.
2019-10-04 09:43:31,650 [pool-443-thread-1] INFO  ratis.ContainerStateMachine (ContainerStateMachine.java:loadSnapshot(230)) - group-956FDB685BD0: The snapshot info is null. Setting the last applied indexto:(t:0, i:~)
2019-10-04 09:43:31,650 [pool-443-thread-1] INFO  server.RaftServerConfigKeys (ConfUtils.java:logGet(43)) - raft.server.notification.no-leader.timeout = 120s (custom)
2019-10-04 09:43:31,650 [pool-443-thread-1] INFO  server.RaftServerConfigKeys (ConfUtils.java:logGet(43)) - raft.server.log.use.memory = false (default)
2019-10-04 09:43:31,650 [pool-443-thread-1] INFO  server.RaftServerConfigKeys (ConfUtils.java:logGet(43)) - raft.server.log.purge.gap = 1000000 (custom)
2019-10-04 09:43:31,650 [pool-443-thread-1] INFO  server.RaftServerConfigKeys (ConfUtils.java:logGet(43)) - raft.server.log.appender.buffer.byte-limit = 33554432 (custom)
2019-10-04 09:43:31,651 [pool-443-thread-1] INFO  server.RaftServerConfigKeys (ConfUtils.java:logGet(43)) - raft.server.log.segment.size.max = 1048576 (custom)
2019-10-04 09:43:31,653 [pool-443-thread-1] INFO  server.RaftServerConfigKeys (ConfUtils.java:logGet(43)) - raft.server.log.segment.cache.num.max = 2 (custom)
2019-10-04 09:43:31,653 [pool-443-thread-1] INFO  segmented.SegmentedRaftLogWorker (SegmentedRaftLogWorker.java:<init>(173)) - new 908f0e43-5145-4e5a-b10e-86b93a4f4078@group-956FDB685BD0-SegmentedRaftLogWorker for RaftStorage:Storage Directory /workdir/hadoop-ozone/integration-test/target/test-dir/MiniOzoneClusterImpl-c65a9f33-2bff-4477-850d-5e53df459c98/datanode-6/data/ratis/5db0d372-092e-483f-920e-956fdb685bd0
2019-10-04 09:43:31,653 [pool-443-thread-1] INFO  server.RaftServerConfigKeys (ConfUtils.java:logGet(43)) - raft.server.log.queue.byte-limit = 2147483647 (custom)
2019-10-04 09:43:31,653 [pool-443-thread-1] INFO  server.RaftServerConfigKeys (ConfUtils.java:logGet(43)) - raft.server.log.queue.element-limit = 1024 (custom)
2019-10-04 09:43:31,653 [pool-443-thread-1] INFO  server.RaftServerConfigKeys (ConfUtils.java:logGet(43)) - raft.server.log.segment.size.max = 1048576 (custom)
2019-10-04 09:43:31,653 [pool-443-thread-1] INFO  server.RaftServerConfigKeys (ConfUtils.java:logGet(43)) - raft.server.log.preallocated.size = 16384 (custom)
2019-10-04 09:43:31,654 [pool-443-thread-1] INFO  server.RaftServerConfigKeys (ConfUtils.java:logGet(43)) - raft.server.log.write.buffer.size = 33554432 (custom)
2019-10-04 09:43:31,654 [pool-443-thread-1] INFO  server.RaftServerConfigKeys (ConfUtils.java:logGet(43)) - raft.server.log.force.sync.num = 128 (default)
2019-10-04 09:43:31,654 [pool-443-thread-1] INFO  server.RaftServerConfigKeys (ConfUtils.java:logGet(43)) - raft.server.log.statemachine.data.sync = true (default)
2019-10-04 09:43:31,654 [pool-443-thread-1] INFO  server.RaftServerConfigKeys (ConfUtils.java:logGet(43)) - raft.server.log.statemachine.data.sync.timeout = 10s (default)
2019-10-04 09:43:31,654 [pool-443-thread-1] INFO  server.RaftServerConfigKeys (ConfUtils.java:logGet(43)) - raft.server.log.statemachine.data.sync.timeout.retry = -1 (default)
2019-10-04 09:43:31,655 [pool-443-thread-1] INFO  server.RaftServerConfigKeys (ConfUtils.java:logGet(43)) - raft.server.log.statemachine.data.caching.enabled = true (custom)
2019-10-04 09:43:31,655 [pool-443-thread-1] INFO  segmented.SegmentedRaftLogWorker (SegmentedRaftLogWorker.java:lambda$new$0(128)) - 908f0e43-5145-4e5a-b10e-86b93a4f4078@group-956FDB685BD0-SegmentedRaftLogWorker: flushIndex: setUnconditionally 0 -> -1
2019-10-04 09:43:31,655 [pool-443-thread-1] INFO  server.RaftServerConfigKeys (ConfUtils.java:logGet(43)) - raft.server.snapshot.auto.trigger.enabled = true (custom)
2019-10-04 09:43:31,656 [pool-443-thread-1] INFO  server.RaftServerConfigKeys (ConfUtils.java:logGet(43)) - raft.server.snapshot.auto.trigger.threshold = 10000 (custom)
2019-10-04 09:43:31,656 [pool-443-thread-1] INFO  server.RaftServerConfigKeys (ConfUtils.java:logGet(43)) - raft.server.snapshot.retention.file.num = 5 (custom)
2019-10-04 09:43:31,656 [pool-443-thread-1] INFO  server.RaftServerConfigKeys (ConfUtils.java:logGet(43)) - raft.server.retrycache.expirytime = 600000ms (custom)
2019-10-04 09:43:31,658 [pool-443-thread-1] INFO  impl.RaftServerImpl (RaftServerImpl.java:start(181)) - 908f0e43-5145-4e5a-b10e-86b93a4f4078@group-956FDB685BD0: start as a follower, conf=-1: [908f0e43-5145-4e5a-b10e-86b93a4f4078:192.168.30.6:33856], old=null
2019-10-04 09:43:31,658 [pool-443-thread-1] INFO  impl.RaftServerImpl (RaftServerImpl.java:setRole(170)) - 908f0e43-5145-4e5a-b10e-86b93a4f4078@group-956FDB685BD0: changes role from      null to FOLLOWER at term 0 for startAsFollower
2019-10-04 09:43:31,658 [pool-443-thread-1] INFO  impl.RoleInfo (RoleInfo.java:updateAndGet(143)) - 908f0e43-5145-4e5a-b10e-86b93a4f4078: start FollowerState
2019-10-04 09:43:31,659 [pool-443-thread-1] INFO  util.JmxRegister (JmxRegister.java:tryRegister(44)) - Successfully registered JMX Bean with object name Ratis:service=RaftServer,group=group-956FDB685BD0,id=908f0e43-5145-4e5a-b10e-86b93a4f4078
2019-10-04 09:43:31,666 [RatisPipelineUtilsThread] INFO  pipeline.PipelineStateManager (PipelineStateManager.java:addPipeline(56)) - Created pipeline Pipeline[ Id: 5db0d372-092e-483f-920e-956fdb685bd0, Nodes: 908f0e43-5145-4e5a-b10e-86b93a4f4078{ip: 192.168.30.6, host: pr-hdds-2238-2sxp6-257983327, networkLocation: /default-rack, certSerialId: null}, Type:RATIS, Factor:ONE, State:OPEN]
2019-10-04 09:43:31,674 [grpc-default-executor-0] INFO  impl.RaftServerProxy (RaftServerProxy.java:addNew(89)) - 082ec413-b49a-4801-88e1-09b3e4261059: addNew group-E1943BA9EAC1:[082ec413-b49a-4801-88e1-09b3e4261059:192.168.30.6:38172] returns group-E1943BA9EAC1:java.util.concurrent.CompletableFuture@3e97b74[Not completed]
2019-10-04 09:43:31,675 [pool-433-thread-1] INFO  impl.RaftServerImpl (RaftServerImpl.java:<init>(95)) - 082ec413-b49a-4801-88e1-09b3e4261059: new RaftServerImpl for group-E1943BA9EAC1:[082ec413-b49a-4801-88e1-09b3e4261059:192.168.30.6:38172] with ContainerStateMachine:uninitialized
2019-10-04 09:43:31,675 [pool-433-thread-1] INFO  server.RaftServerConfigKeys (ConfUtils.java:logGet(43)) - raft.server.rpc.timeout.min = 5s (custom)
2019-10-04 09:43:31,675 [pool-433-thread-1] INFO  server.RaftServerConfigKeys (ConfUtils.java:logGet(43)) - raft.server.rpc.timeout.max = 5200ms (custom)
2019-10-04 09:43:31,675 [pool-433-thread-1] INFO  server.RaftServerConfigKeys (ConfUtils.java:logGet(43)) - raft.server.rpcslowness.timeout = 120s (custom)
2019-10-04 09:43:31,675 [pool-433-thread-1] INFO  server.RaftServerConfigKeys (ConfUtils.java:logGet(43)) - raft.server.sleep.deviation.threshold = 300 (default)
2019-10-04 09:43:31,676 [pool-433-thread-1] INFO  server.RaftServerConfigKeys (ConfUtils.java:logGet(43)) - raft.server.log.appender.install.snapshot.enabled = false (custom)
2019-10-04 09:43:31,676 [pool-433-thread-1] INFO  impl.RaftServerImpl (ServerState.java:<init>(103)) - 082ec413-b49a-4801-88e1-09b3e4261059@group-E1943BA9EAC1: ConfigurationManager, init=-1: [082ec413-b49a-4801-88e1-09b3e4261059:192.168.30.6:38172], old=null, confs=<EMPTY_MAP>
2019-10-04 09:43:31,676 [pool-433-thread-1] INFO  server.RaftServerConfigKeys (ConfUtils.java:logGet(43)) - raft.server.storage.dir = [/workdir/hadoop-ozone/integration-test/target/test-dir/MiniOzoneClusterImpl-c65a9f33-2bff-4477-850d-5e53df459c98/datanode-5/data/ratis] (custom)
2019-10-04 09:43:31,676 [pool-433-thread-1] INFO  server.RaftServerConfigKeys (ConfUtils.java:logGet(43)) - raft.server.log.corruption.policy = EXCEPTION (default)
2019-10-04 09:43:31,676 [pool-433-thread-1] INFO  storage.RaftStorageDirectory (RaftStorageDirectory.java:analyzeStorage(246)) - The storage directory /workdir/hadoop-ozone/integration-test/target/test-dir/MiniOzoneClusterImpl-c65a9f33-2bff-4477-850d-5e53df459c98/datanode-5/data/ratis/3875a63a-2bd9-4296-bba5-e1943ba9eac1 does not exist. Creating ...
2019-10-04 09:43:31,700 [pool-433-thread-1] INFO  storage.RaftStorageDirectory (RaftStorageDirectory.java:tryLock(328)) - Lock on /workdir/hadoop-ozone/integration-test/target/test-dir/MiniOzoneClusterImpl-c65a9f33-2bff-4477-850d-5e53df459c98/datanode-5/data/ratis/3875a63a-2bd9-4296-bba5-e1943ba9eac1/in_use.lock acquired by nodename 11593@pr-hdds-2238-2sxp6-257983327
2019-10-04 09:43:31,721 [pool-433-thread-1] INFO  storage.RaftStorage (RaftStorage.java:format(84)) - Storage directory /workdir/hadoop-ozone/integration-test/target/test-dir/MiniOzoneClusterImpl-c65a9f33-2bff-4477-850d-5e53df459c98/datanode-5/data/ratis/3875a63a-2bd9-4296-bba5-e1943ba9eac1 has been successfully formatted.
2019-10-04 09:43:31,722 [pool-433-thread-1] INFO  ratis.ContainerStateMachine (ContainerStateMachine.java:loadSnapshot(230)) - group-E1943BA9EAC1: The snapshot info is null. Setting the last applied indexto:(t:0, i:~)
2019-10-04 09:43:31,722 [pool-433-thread-1] INFO  server.RaftServerConfigKeys (ConfUtils.java:logGet(43)) - raft.server.notification.no-leader.timeout = 120s (custom)
2019-10-04 09:43:31,722 [pool-433-thread-1] INFO  server.RaftServerConfigKeys (ConfUtils.java:logGet(43)) - raft.server.log.use.memory = false (default)
2019-10-04 09:43:31,722 [pool-433-thread-1] INFO  server.RaftServerConfigKeys (ConfUtils.java:logGet(43)) - raft.server.log.purge.gap = 1000000 (custom)
2019-10-04 09:43:31,722 [pool-433-thread-1] INFO  server.RaftServerConfigKeys (ConfUtils.java:logGet(43)) - raft.server.log.appender.buffer.byte-limit = 33554432 (custom)
2019-10-04 09:43:31,722 [pool-433-thread-1] INFO  server.RaftServerConfigKeys (ConfUtils.java:logGet(43)) - raft.server.log.segment.size.max = 1048576 (custom)
2019-10-04 09:43:31,724 [pool-433-thread-1] INFO  server.RaftServerConfigKeys (ConfUtils.java:logGet(43)) - raft.server.log.segment.cache.num.max = 2 (custom)
2019-10-04 09:43:31,724 [pool-433-thread-1] INFO  segmented.SegmentedRaftLogWorker (SegmentedRaftLogWorker.java:<init>(173)) - new 082ec413-b49a-4801-88e1-09b3e4261059@group-E1943BA9EAC1-SegmentedRaftLogWorker for RaftStorage:Storage Directory /workdir/hadoop-ozone/integration-test/target/test-dir/MiniOzoneClusterImpl-c65a9f33-2bff-4477-850d-5e53df459c98/datanode-5/data/ratis/3875a63a-2bd9-4296-bba5-e1943ba9eac1
2019-10-04 09:43:31,724 [pool-433-thread-1] INFO  server.RaftServerConfigKeys (ConfUtils.java:logGet(43)) - raft.server.log.queue.byte-limit = 2147483647 (custom)
2019-10-04 09:43:31,724 [pool-433-thread-1] INFO  server.RaftServerConfigKeys (ConfUtils.java:logGet(43)) - raft.server.log.queue.element-limit = 1024 (custom)
2019-10-04 09:43:31,724 [pool-433-thread-1] INFO  server.RaftServerConfigKeys (ConfUtils.java:logGet(43)) - raft.server.log.segment.size.max = 1048576 (custom)
2019-10-04 09:43:31,724 [pool-433-thread-1] INFO  server.RaftServerConfigKeys (ConfUtils.java:logGet(43)) - raft.server.log.preallocated.size = 16384 (custom)
2019-10-04 09:43:31,724 [pool-433-thread-1] INFO  server.RaftServerConfigKeys (ConfUtils.java:logGet(43)) - raft.server.log.write.buffer.size = 33554432 (custom)
2019-10-04 09:43:31,724 [pool-433-thread-1] INFO  server.RaftServerConfigKeys (ConfUtils.java:logGet(43)) - raft.server.log.force.sync.num = 128 (default)
2019-10-04 09:43:31,725 [pool-433-thread-1] INFO  server.RaftServerConfigKeys (ConfUtils.java:logGet(43)) - raft.server.log.statemachine.data.sync = true (default)
2019-10-04 09:43:31,725 [pool-433-thread-1] INFO  server.RaftServerConfigKeys (ConfUtils.java:logGet(43)) - raft.server.log.statemachine.data.sync.timeout = 10s (default)
2019-10-04 09:43:31,725 [pool-433-thread-1] INFO  server.RaftServerConfigKeys (ConfUtils.java:logGet(43)) - raft.server.log.statemachine.data.sync.timeout.retry = -1 (default)
2019-10-04 09:43:31,725 [pool-433-thread-1] INFO  server.RaftServerConfigKeys (ConfUtils.java:logGet(43)) - raft.server.log.statemachine.data.caching.enabled = true (custom)
2019-10-04 09:43:31,725 [pool-433-thread-1] INFO  segmented.SegmentedRaftLogWorker (SegmentedRaftLogWorker.java:lambda$new$0(128)) - 082ec413-b49a-4801-88e1-09b3e4261059@group-E1943BA9EAC1-SegmentedRaftLogWorker: flushIndex: setUnconditionally 0 -> -1
2019-10-04 09:43:31,726 [pool-433-thread-1] INFO  server.RaftServerConfigKeys (ConfUtils.java:logGet(43)) - raft.server.snapshot.auto.trigger.enabled = true (custom)
2019-10-04 09:43:31,726 [pool-433-thread-1] INFO  server.RaftServerConfigKeys (ConfUtils.java:logGet(43)) - raft.server.snapshot.auto.trigger.threshold = 10000 (custom)
2019-10-04 09:43:31,726 [pool-433-thread-1] INFO  server.RaftServerConfigKeys (ConfUtils.java:logGet(43)) - raft.server.snapshot.retention.file.num = 5 (custom)
2019-10-04 09:43:31,726 [pool-433-thread-1] INFO  server.RaftServerConfigKeys (ConfUtils.java:logGet(43)) - raft.server.retrycache.expirytime = 600000ms (custom)
2019-10-04 09:43:31,727 [pool-433-thread-1] INFO  impl.RaftServerImpl (RaftServerImpl.java:start(181)) - 082ec413-b49a-4801-88e1-09b3e4261059@group-E1943BA9EAC1: start as a follower, conf=-1: [082ec413-b49a-4801-88e1-09b3e4261059:192.168.30.6:38172], old=null
2019-10-04 09:43:31,727 [pool-433-thread-1] INFO  impl.RaftServerImpl (RaftServerImpl.java:setRole(170)) - 082ec413-b49a-4801-88e1-09b3e4261059@group-E1943BA9EAC1: changes role from      null to FOLLOWER at term 0 for startAsFollower
2019-10-04 09:43:31,727 [pool-433-thread-1] INFO  impl.RoleInfo (RoleInfo.java:updateAndGet(143)) - 082ec413-b49a-4801-88e1-09b3e4261059: start FollowerState
2019-10-04 09:43:31,728 [pool-433-thread-1] INFO  util.JmxRegister (JmxRegister.java:tryRegister(44)) - Successfully registered JMX Bean with object name Ratis:service=RaftServer,group=group-E1943BA9EAC1,id=082ec413-b49a-4801-88e1-09b3e4261059
2019-10-04 09:43:31,734 [RatisPipelineUtilsThread] INFO  pipeline.PipelineStateManager (PipelineStateManager.java:addPipeline(56)) - Created pipeline Pipeline[ Id: 3875a63a-2bd9-4296-bba5-e1943ba9eac1, Nodes: 082ec413-b49a-4801-88e1-09b3e4261059{ip: 192.168.30.6, host: pr-hdds-2238-2sxp6-257983327, networkLocation: /default-rack, certSerialId: null}, Type:RATIS, Factor:ONE, State:OPEN]
2019-10-04 09:43:31,744 [grpc-default-executor-1] INFO  impl.RaftServerProxy (RaftServerProxy.java:addNew(89)) - 16c950cb-68c6-46ca-881f-c1979330ce10: addNew group-8FFF2C24A969:[16c950cb-68c6-46ca-881f-c1979330ce10:192.168.30.6:36036, c1e70d53-73d9-4656-a6a4-0515e55a50c3:192.168.30.6:35169, 908f0e43-5145-4e5a-b10e-86b93a4f4078:192.168.30.6:33856] returns group-8FFF2C24A969:java.util.concurrent.CompletableFuture@67bba208[Not completed]
2019-10-04 09:43:31,744 [grpc-default-executor-0] INFO  impl.RaftServerProxy (RaftServerProxy.java:addNew(89)) - 908f0e43-5145-4e5a-b10e-86b93a4f4078: addNew group-8FFF2C24A969:[16c950cb-68c6-46ca-881f-c1979330ce10:192.168.30.6:36036, c1e70d53-73d9-4656-a6a4-0515e55a50c3:192.168.30.6:35169, 908f0e43-5145-4e5a-b10e-86b93a4f4078:192.168.30.6:33856] returns group-8FFF2C24A969:java.util.concurrent.CompletableFuture@4631914a[Not completed]
2019-10-04 09:43:31,744 [grpc-default-executor-1] INFO  impl.RaftServerProxy (RaftServerProxy.java:addNew(89)) - c1e70d53-73d9-4656-a6a4-0515e55a50c3: addNew group-8FFF2C24A969:[16c950cb-68c6-46ca-881f-c1979330ce10:192.168.30.6:36036, c1e70d53-73d9-4656-a6a4-0515e55a50c3:192.168.30.6:35169, 908f0e43-5145-4e5a-b10e-86b93a4f4078:192.168.30.6:33856] returns group-8FFF2C24A969:java.util.concurrent.CompletableFuture@3e8b10a0[Not completed]
2019-10-04 09:43:31,746 [pool-393-thread-1] INFO  impl.RaftServerImpl (RaftServerImpl.java:<init>(95)) - 16c950cb-68c6-46ca-881f-c1979330ce10: new RaftServerImpl for group-8FFF2C24A969:[16c950cb-68c6-46ca-881f-c1979330ce10:192.168.30.6:36036, c1e70d53-73d9-4656-a6a4-0515e55a50c3:192.168.30.6:35169, 908f0e43-5145-4e5a-b10e-86b93a4f4078:192.168.30.6:33856] with ContainerStateMachine:uninitialized
2019-10-04 09:43:31,746 [pool-393-thread-1] INFO  server.RaftServerConfigKeys (ConfUtils.java:logGet(43)) - raft.server.rpc.timeout.min = 5s (custom)
2019-10-04 09:43:31,746 [pool-393-thread-1] INFO  server.RaftServerConfigKeys (ConfUtils.java:logGet(43)) - raft.server.rpc.timeout.max = 5200ms (custom)
2019-10-04 09:43:31,746 [pool-393-thread-1] INFO  server.RaftServerConfigKeys (ConfUtils.java:logGet(43)) - raft.server.rpcslowness.timeout = 120s (custom)
2019-10-04 09:43:31,747 [pool-393-thread-1] INFO  server.RaftServerConfigKeys (ConfUtils.java:logGet(43)) - raft.server.sleep.deviation.threshold = 300 (default)
2019-10-04 09:43:31,747 [pool-413-thread-1] INFO  impl.RaftServerImpl (RaftServerImpl.java:<init>(95)) - c1e70d53-73d9-4656-a6a4-0515e55a50c3: new RaftServerImpl for group-8FFF2C24A969:[16c950cb-68c6-46ca-881f-c1979330ce10:192.168.30.6:36036, c1e70d53-73d9-4656-a6a4-0515e55a50c3:192.168.30.6:35169, 908f0e43-5145-4e5a-b10e-86b93a4f4078:192.168.30.6:33856] with ContainerStateMachine:uninitialized
2019-10-04 09:43:31,747 [pool-393-thread-1] INFO  server.RaftServerConfigKeys (ConfUtils.java:logGet(43)) - raft.server.log.appender.install.snapshot.enabled = false (custom)
2019-10-04 09:43:31,747 [pool-413-thread-1] INFO  server.RaftServerConfigKeys (ConfUtils.java:logGet(43)) - raft.server.rpc.timeout.min = 5s (custom)
2019-10-04 09:43:31,747 [pool-393-thread-1] INFO  impl.RaftServerImpl (ServerState.java:<init>(103)) - 16c950cb-68c6-46ca-881f-c1979330ce10@group-8FFF2C24A969: ConfigurationManager, init=-1: [16c950cb-68c6-46ca-881f-c1979330ce10:192.168.30.6:36036, c1e70d53-73d9-4656-a6a4-0515e55a50c3:192.168.30.6:35169, 908f0e43-5145-4e5a-b10e-86b93a4f4078:192.168.30.6:33856], old=null, confs=<EMPTY_MAP>
2019-10-04 09:43:31,747 [pool-443-thread-1] INFO  impl.RaftServerImpl (RaftServerImpl.java:<init>(95)) - 908f0e43-5145-4e5a-b10e-86b93a4f4078: new RaftServerImpl for group-8FFF2C24A969:[16c950cb-68c6-46ca-881f-c1979330ce10:192.168.30.6:36036, c1e70d53-73d9-4656-a6a4-0515e55a50c3:192.168.30.6:35169, 908f0e43-5145-4e5a-b10e-86b93a4f4078:192.168.30.6:33856] with ContainerStateMachine:uninitialized
2019-10-04 09:43:31,747 [pool-393-thread-1] INFO  server.RaftServerConfigKeys (ConfUtils.java:logGet(43)) - raft.server.storage.dir = [/workdir/hadoop-ozone/integration-test/target/test-dir/MiniOzoneClusterImpl-c65a9f33-2bff-4477-850d-5e53df459c98/datanode-1/data/ratis] (custom)
2019-10-04 09:43:31,747 [pool-413-thread-1] INFO  server.RaftServerConfigKeys (ConfUtils.java:logGet(43)) - raft.server.rpc.timeout.max = 5200ms (custom)
2019-10-04 09:43:31,747 [pool-443-thread-1] INFO  server.RaftServerConfigKeys (ConfUtils.java:logGet(43)) - raft.server.rpc.timeout.min = 5s (custom)
2019-10-04 09:43:31,748 [pool-393-thread-1] INFO  server.RaftServerConfigKeys (ConfUtils.java:logGet(43)) - raft.server.log.corruption.policy = EXCEPTION (default)
2019-10-04 09:43:31,748 [pool-413-thread-1] INFO  server.RaftServerConfigKeys (ConfUtils.java:logGet(43)) - raft.server.rpcslowness.timeout = 120s (custom)
2019-10-04 09:43:31,748 [pool-393-thread-1] INFO  storage.RaftStorageDirectory (RaftStorageDirectory.java:analyzeStorage(246)) - The storage directory /workdir/hadoop-ozone/integration-test/target/test-dir/MiniOzoneClusterImpl-c65a9f33-2bff-4477-850d-5e53df459c98/datanode-1/data/ratis/d1162413-d1e8-4b30-bc37-8fff2c24a969 does not exist. Creating ...
2019-10-04 09:43:31,748 [pool-443-thread-1] INFO  server.RaftServerConfigKeys (ConfUtils.java:logGet(43)) - raft.server.rpc.timeout.max = 5200ms (custom)
2019-10-04 09:43:31,748 [pool-413-thread-1] INFO  server.RaftServerConfigKeys (ConfUtils.java:logGet(43)) - raft.server.sleep.deviation.threshold = 300 (default)
2019-10-04 09:43:31,748 [pool-443-thread-1] INFO  server.RaftServerConfigKeys (ConfUtils.java:logGet(43)) - raft.server.rpcslowness.timeout = 120s (custom)
2019-10-04 09:43:31,749 [pool-413-thread-1] INFO  server.RaftServerConfigKeys (ConfUtils.java:logGet(43)) - raft.server.log.appender.install.snapshot.enabled = false (custom)
2019-10-04 09:43:31,749 [pool-443-thread-1] INFO  server.RaftServerConfigKeys (ConfUtils.java:logGet(43)) - raft.server.sleep.deviation.threshold = 300 (default)
2019-10-04 09:43:31,749 [pool-413-thread-1] INFO  impl.RaftServerImpl (ServerState.java:<init>(103)) - c1e70d53-73d9-4656-a6a4-0515e55a50c3@group-8FFF2C24A969: ConfigurationManager, init=-1: [16c950cb-68c6-46ca-881f-c1979330ce10:192.168.30.6:36036, c1e70d53-73d9-4656-a6a4-0515e55a50c3:192.168.30.6:35169, 908f0e43-5145-4e5a-b10e-86b93a4f4078:192.168.30.6:33856], old=null, confs=<EMPTY_MAP>
2019-10-04 09:43:31,749 [pool-443-thread-1] INFO  server.RaftServerConfigKeys (ConfUtils.java:logGet(43)) - raft.server.log.appender.install.snapshot.enabled = false (custom)
2019-10-04 09:43:31,749 [pool-413-thread-1] INFO  server.RaftServerConfigKeys (ConfUtils.java:logGet(43)) - raft.server.storage.dir = [/workdir/hadoop-ozone/integration-test/target/test-dir/MiniOzoneClusterImpl-c65a9f33-2bff-4477-850d-5e53df459c98/datanode-3/data/ratis] (custom)
2019-10-04 09:43:31,749 [pool-443-thread-1] INFO  impl.RaftServerImpl (ServerState.java:<init>(103)) - 908f0e43-5145-4e5a-b10e-86b93a4f4078@group-8FFF2C24A969: ConfigurationManager, init=-1: [16c950cb-68c6-46ca-881f-c1979330ce10:192.168.30.6:36036, c1e70d53-73d9-4656-a6a4-0515e55a50c3:192.168.30.6:35169, 908f0e43-5145-4e5a-b10e-86b93a4f4078:192.168.30.6:33856], old=null, confs=<EMPTY_MAP>
2019-10-04 09:43:31,749 [pool-443-thread-1] INFO  server.RaftServerConfigKeys (ConfUtils.java:logGet(43)) - raft.server.storage.dir = [/workdir/hadoop-ozone/integration-test/target/test-dir/MiniOzoneClusterImpl-c65a9f33-2bff-4477-850d-5e53df459c98/datanode-6/data/ratis] (custom)
2019-10-04 09:43:31,749 [pool-413-thread-1] INFO  server.RaftServerConfigKeys (ConfUtils.java:logGet(43)) - raft.server.log.corruption.policy = EXCEPTION (default)
2019-10-04 09:43:31,749 [pool-443-thread-1] INFO  server.RaftServerConfigKeys (ConfUtils.java:logGet(43)) - raft.server.log.corruption.policy = EXCEPTION (default)
2019-10-04 09:43:31,750 [pool-413-thread-1] INFO  storage.RaftStorageDirectory (RaftStorageDirectory.java:analyzeStorage(246)) - The storage directory /workdir/hadoop-ozone/integration-test/target/test-dir/MiniOzoneClusterImpl-c65a9f33-2bff-4477-850d-5e53df459c98/datanode-3/data/ratis/d1162413-d1e8-4b30-bc37-8fff2c24a969 does not exist. Creating ...
2019-10-04 09:43:31,750 [pool-443-thread-1] INFO  storage.RaftStorageDirectory (RaftStorageDirectory.java:analyzeStorage(246)) - The storage directory /workdir/hadoop-ozone/integration-test/target/test-dir/MiniOzoneClusterImpl-c65a9f33-2bff-4477-850d-5e53df459c98/datanode-6/data/ratis/d1162413-d1e8-4b30-bc37-8fff2c24a969 does not exist. Creating ...
2019-10-04 09:43:31,772 [pool-413-thread-1] INFO  storage.RaftStorageDirectory (RaftStorageDirectory.java:tryLock(328)) - Lock on /workdir/hadoop-ozone/integration-test/target/test-dir/MiniOzoneClusterImpl-c65a9f33-2bff-4477-850d-5e53df459c98/datanode-3/data/ratis/d1162413-d1e8-4b30-bc37-8fff2c24a969/in_use.lock acquired by nodename 11593@pr-hdds-2238-2sxp6-257983327
2019-10-04 09:43:31,772 [pool-443-thread-1] INFO  storage.RaftStorageDirectory (RaftStorageDirectory.java:tryLock(328)) - Lock on /workdir/hadoop-ozone/integration-test/target/test-dir/MiniOzoneClusterImpl-c65a9f33-2bff-4477-850d-5e53df459c98/datanode-6/data/ratis/d1162413-d1e8-4b30-bc37-8fff2c24a969/in_use.lock acquired by nodename 11593@pr-hdds-2238-2sxp6-257983327
2019-10-04 09:43:31,772 [pool-393-thread-1] INFO  storage.RaftStorageDirectory (RaftStorageDirectory.java:tryLock(328)) - Lock on /workdir/hadoop-ozone/integration-test/target/test-dir/MiniOzoneClusterImpl-c65a9f33-2bff-4477-850d-5e53df459c98/datanode-1/data/ratis/d1162413-d1e8-4b30-bc37-8fff2c24a969/in_use.lock acquired by nodename 11593@pr-hdds-2238-2sxp6-257983327
2019-10-04 09:43:31,794 [pool-413-thread-1] INFO  storage.RaftStorage (RaftStorage.java:format(84)) - Storage directory /workdir/hadoop-ozone/integration-test/target/test-dir/MiniOzoneClusterImpl-c65a9f33-2bff-4477-850d-5e53df459c98/datanode-3/data/ratis/d1162413-d1e8-4b30-bc37-8fff2c24a969 has been successfully formatted.
2019-10-04 09:43:31,794 [pool-393-thread-1] INFO  storage.RaftStorage (RaftStorage.java:format(84)) - Storage directory /workdir/hadoop-ozone/integration-test/target/test-dir/MiniOzoneClusterImpl-c65a9f33-2bff-4477-850d-5e53df459c98/datanode-1/data/ratis/d1162413-d1e8-4b30-bc37-8fff2c24a969 has been successfully formatted.
2019-10-04 09:43:31,794 [pool-443-thread-1] INFO  storage.RaftStorage (RaftStorage.java:format(84)) - Storage directory /workdir/hadoop-ozone/integration-test/target/test-dir/MiniOzoneClusterImpl-c65a9f33-2bff-4477-850d-5e53df459c98/datanode-6/data/ratis/d1162413-d1e8-4b30-bc37-8fff2c24a969 has been successfully formatted.
2019-10-04 09:43:31,795 [pool-393-thread-1] INFO  ratis.ContainerStateMachine (ContainerStateMachine.java:loadSnapshot(230)) - group-8FFF2C24A969: The snapshot info is null. Setting the last applied indexto:(t:0, i:~)
2019-10-04 09:43:31,795 [pool-413-thread-1] INFO  ratis.ContainerStateMachine (ContainerStateMachine.java:loadSnapshot(230)) - group-8FFF2C24A969: The snapshot info is null. Setting the last applied indexto:(t:0, i:~)
2019-10-04 09:43:31,795 [pool-393-thread-1] INFO  server.RaftServerConfigKeys (ConfUtils.java:logGet(43)) - raft.server.notification.no-leader.timeout = 120s (custom)
2019-10-04 09:43:31,795 [pool-443-thread-1] INFO  ratis.ContainerStateMachine (ContainerStateMachine.java:loadSnapshot(230)) - group-8FFF2C24A969: The snapshot info is null. Setting the last applied indexto:(t:0, i:~)
2019-10-04 09:43:31,795 [pool-393-thread-1] INFO  server.RaftServerConfigKeys (ConfUtils.java:logGet(43)) - raft.server.log.use.memory = false (default)
2019-10-04 09:43:31,795 [pool-413-thread-1] INFO  server.RaftServerConfigKeys (ConfUtils.java:logGet(43)) - raft.server.notification.no-leader.timeout = 120s (custom)
2019-10-04 09:43:31,796 [pool-393-thread-1] INFO  server.RaftServerConfigKeys (ConfUtils.java:logGet(43)) - raft.server.log.purge.gap = 1000000 (custom)
2019-10-04 09:43:31,795 [pool-443-thread-1] INFO  server.RaftServerConfigKeys (ConfUtils.java:logGet(43)) - raft.server.notification.no-leader.timeout = 120s (custom)
2019-10-04 09:43:31,796 [pool-393-thread-1] INFO  server.RaftServerConfigKeys (ConfUtils.java:logGet(43)) - raft.server.log.appender.buffer.byte-limit = 33554432 (custom)
2019-10-04 09:43:31,796 [pool-413-thread-1] INFO  server.RaftServerConfigKeys (ConfUtils.java:logGet(43)) - raft.server.log.use.memory = false (default)
2019-10-04 09:43:31,796 [pool-393-thread-1] INFO  server.RaftServerConfigKeys (ConfUtils.java:logGet(43)) - raft.server.log.segment.size.max = 1048576 (custom)
2019-10-04 09:43:31,796 [pool-443-thread-1] INFO  server.RaftServerConfigKeys (ConfUtils.java:logGet(43)) - raft.server.log.use.memory = false (default)
2019-10-04 09:43:31,796 [pool-393-thread-1] INFO  server.RaftServerConfigKeys (ConfUtils.java:logGet(43)) - raft.server.log.segment.cache.num.max = 2 (custom)
2019-10-04 09:43:31,796 [pool-413-thread-1] INFO  server.RaftServerConfigKeys (ConfUtils.java:logGet(43)) - raft.server.log.purge.gap = 1000000 (custom)
2019-10-04 09:43:31,797 [pool-393-thread-1] INFO  segmented.SegmentedRaftLogWorker (SegmentedRaftLogWorker.java:<init>(173)) - new 16c950cb-68c6-46ca-881f-c1979330ce10@group-8FFF2C24A969-SegmentedRaftLogWorker for RaftStorage:Storage Directory /workdir/hadoop-ozone/integration-test/target/test-dir/MiniOzoneClusterImpl-c65a9f33-2bff-4477-850d-5e53df459c98/datanode-1/data/ratis/d1162413-d1e8-4b30-bc37-8fff2c24a969
2019-10-04 09:43:31,796 [pool-443-thread-1] INFO  server.RaftServerConfigKeys (ConfUtils.java:logGet(43)) - raft.server.log.purge.gap = 1000000 (custom)
2019-10-04 09:43:31,797 [pool-393-thread-1] INFO  server.RaftServerConfigKeys (ConfUtils.java:logGet(43)) - raft.server.log.queue.byte-limit = 2147483647 (custom)
2019-10-04 09:43:31,797 [pool-413-thread-1] INFO  server.RaftServerConfigKeys (ConfUtils.java:logGet(43)) - raft.server.log.appender.buffer.byte-limit = 33554432 (custom)
2019-10-04 09:43:31,797 [pool-393-thread-1] INFO  server.RaftServerConfigKeys (ConfUtils.java:logGet(43)) - raft.server.log.queue.element-limit = 1024 (custom)
2019-10-04 09:43:31,797 [pool-443-thread-1] INFO  server.RaftServerConfigKeys (ConfUtils.java:logGet(43)) - raft.server.log.appender.buffer.byte-limit = 33554432 (custom)
2019-10-04 09:43:31,798 [pool-393-thread-1] INFO  server.RaftServerConfigKeys (ConfUtils.java:logGet(43)) - raft.server.log.segment.size.max = 1048576 (custom)
2019-10-04 09:43:31,798 [pool-393-thread-1] INFO  server.RaftServerConfigKeys (ConfUtils.java:logGet(43)) - raft.server.log.preallocated.size = 16384 (custom)
2019-10-04 09:43:31,797 [pool-413-thread-1] INFO  server.RaftServerConfigKeys (ConfUtils.java:logGet(43)) - raft.server.log.segment.size.max = 1048576 (custom)
2019-10-04 09:43:31,798 [pool-393-thread-1] INFO  server.RaftServerConfigKeys (ConfUtils.java:logGet(43)) - raft.server.log.write.buffer.size = 33554432 (custom)
2019-10-04 09:43:31,798 [pool-443-thread-1] INFO  server.RaftServerConfigKeys (ConfUtils.java:logGet(43)) - raft.server.log.segment.size.max = 1048576 (custom)
2019-10-04 09:43:31,798 [pool-393-thread-1] INFO  server.RaftServerConfigKeys (ConfUtils.java:logGet(43)) - raft.server.log.force.sync.num = 128 (default)
2019-10-04 09:43:31,798 [pool-413-thread-1] INFO  server.RaftServerConfigKeys (ConfUtils.java:logGet(43)) - raft.server.log.segment.cache.num.max = 2 (custom)
2019-10-04 09:43:31,799 [pool-393-thread-1] INFO  server.RaftServerConfigKeys (ConfUtils.java:logGet(43)) - raft.server.log.statemachine.data.sync = true (default)
2019-10-04 09:43:31,798 [pool-443-thread-1] INFO  server.RaftServerConfigKeys (ConfUtils.java:logGet(43)) - raft.server.log.segment.cache.num.max = 2 (custom)
2019-10-04 09:43:31,799 [pool-393-thread-1] INFO  server.RaftServerConfigKeys (ConfUtils.java:logGet(43)) - raft.server.log.statemachine.data.sync.timeout = 10s (default)
2019-10-04 09:43:31,799 [pool-413-thread-1] INFO  segmented.SegmentedRaftLogWorker (SegmentedRaftLogWorker.java:<init>(173)) - new c1e70d53-73d9-4656-a6a4-0515e55a50c3@group-8FFF2C24A969-SegmentedRaftLogWorker for RaftStorage:Storage Directory /workdir/hadoop-ozone/integration-test/target/test-dir/MiniOzoneClusterImpl-c65a9f33-2bff-4477-850d-5e53df459c98/datanode-3/data/ratis/d1162413-d1e8-4b30-bc37-8fff2c24a969
2019-10-04 09:43:31,799 [pool-393-thread-1] INFO  server.RaftServerConfigKeys (ConfUtils.java:logGet(43)) - raft.server.log.statemachine.data.sync.timeout.retry = -1 (default)
2019-10-04 09:43:31,799 [pool-443-thread-1] INFO  segmented.SegmentedRaftLogWorker (SegmentedRaftLogWorker.java:<init>(173)) - new 908f0e43-5145-4e5a-b10e-86b93a4f4078@group-8FFF2C24A969-SegmentedRaftLogWorker for RaftStorage:Storage Directory /workdir/hadoop-ozone/integration-test/target/test-dir/MiniOzoneClusterImpl-c65a9f33-2bff-4477-850d-5e53df459c98/datanode-6/data/ratis/d1162413-d1e8-4b30-bc37-8fff2c24a969
2019-10-04 09:43:31,799 [pool-393-thread-1] INFO  server.RaftServerConfigKeys (ConfUtils.java:logGet(43)) - raft.server.log.statemachine.data.caching.enabled = true (custom)
2019-10-04 09:43:31,799 [pool-413-thread-1] INFO  server.RaftServerConfigKeys (ConfUtils.java:logGet(43)) - raft.server.log.queue.byte-limit = 2147483647 (custom)
2019-10-04 09:43:31,800 [pool-443-thread-1] INFO  server.RaftServerConfigKeys (ConfUtils.java:logGet(43)) - raft.server.log.queue.byte-limit = 2147483647 (custom)
2019-10-04 09:43:31,800 [pool-393-thread-1] INFO  segmented.SegmentedRaftLogWorker (SegmentedRaftLogWorker.java:lambda$new$0(128)) - 16c950cb-68c6-46ca-881f-c1979330ce10@group-8FFF2C24A969-SegmentedRaftLogWorker: flushIndex: setUnconditionally 0 -> -1
2019-10-04 09:43:31,800 [pool-413-thread-1] INFO  server.RaftServerConfigKeys (ConfUtils.java:logGet(43)) - raft.server.log.queue.element-limit = 1024 (custom)
2019-10-04 09:43:31,800 [pool-443-thread-1] INFO  server.RaftServerConfigKeys (ConfUtils.java:logGet(43)) - raft.server.log.queue.element-limit = 1024 (custom)
2019-10-04 09:43:31,800 [pool-393-thread-1] INFO  server.RaftServerConfigKeys (ConfUtils.java:logGet(43)) - raft.server.snapshot.auto.trigger.enabled = true (custom)
2019-10-04 09:43:31,800 [pool-413-thread-1] INFO  server.RaftServerConfigKeys (ConfUtils.java:logGet(43)) - raft.server.log.segment.size.max = 1048576 (custom)
2019-10-04 09:43:31,801 [pool-393-thread-1] INFO  server.RaftServerConfigKeys (ConfUtils.java:logGet(43)) - raft.server.snapshot.auto.trigger.threshold = 10000 (custom)
2019-10-04 09:43:31,801 [pool-443-thread-1] INFO  server.RaftServerConfigKeys (ConfUtils.java:logGet(43)) - raft.server.log.segment.size.max = 1048576 (custom)
2019-10-04 09:43:31,801 [pool-393-thread-1] INFO  server.RaftServerConfigKeys (ConfUtils.java:logGet(43)) - raft.server.snapshot.retention.file.num = 5 (custom)
2019-10-04 09:43:31,801 [pool-413-thread-1] INFO  server.RaftServerConfigKeys (ConfUtils.java:logGet(43)) - raft.server.log.preallocated.size = 16384 (custom)
2019-10-04 09:43:31,801 [pool-393-thread-1] INFO  server.RaftServerConfigKeys (ConfUtils.java:logGet(43)) - raft.server.retrycache.expirytime = 600000ms (custom)
2019-10-04 09:43:31,801 [pool-443-thread-1] INFO  server.RaftServerConfigKeys (ConfUtils.java:logGet(43)) - raft.server.log.preallocated.size = 16384 (custom)
2019-10-04 09:43:31,801 [pool-413-thread-1] INFO  server.RaftServerConfigKeys (ConfUtils.java:logGet(43)) - raft.server.log.write.buffer.size = 33554432 (custom)
2019-10-04 09:43:31,802 [pool-443-thread-1] INFO  server.RaftServerConfigKeys (ConfUtils.java:logGet(43)) - raft.server.log.write.buffer.size = 33554432 (custom)
2019-10-04 09:43:31,802 [pool-413-thread-1] INFO  server.RaftServerConfigKeys (ConfUtils.java:logGet(43)) - raft.server.log.force.sync.num = 128 (default)
2019-10-04 09:43:31,802 [pool-443-thread-1] INFO  server.RaftServerConfigKeys (ConfUtils.java:logGet(43)) - raft.server.log.force.sync.num = 128 (default)
2019-10-04 09:43:31,802 [pool-413-thread-1] INFO  server.RaftServerConfigKeys (ConfUtils.java:logGet(43)) - raft.server.log.statemachine.data.sync = true (default)
2019-10-04 09:43:31,802 [pool-443-thread-1] INFO  server.RaftServerConfigKeys (ConfUtils.java:logGet(43)) - raft.server.log.statemachine.data.sync = true (default)
2019-10-04 09:43:31,802 [pool-413-thread-1] INFO  server.RaftServerConfigKeys (ConfUtils.java:logGet(43)) - raft.server.log.statemachine.data.sync.timeout = 10s (default)
2019-10-04 09:43:31,802 [pool-443-thread-1] INFO  server.RaftServerConfigKeys (ConfUtils.java:logGet(43)) - raft.server.log.statemachine.data.sync.timeout = 10s (default)
2019-10-04 09:43:31,802 [pool-413-thread-1] INFO  server.RaftServerConfigKeys (ConfUtils.java:logGet(43)) - raft.server.log.statemachine.data.sync.timeout.retry = -1 (default)
2019-10-04 09:43:31,803 [pool-443-thread-1] INFO  server.RaftServerConfigKeys (ConfUtils.java:logGet(43)) - raft.server.log.statemachine.data.sync.timeout.retry = -1 (default)
2019-10-04 09:43:31,803 [pool-413-thread-1] INFO  server.RaftServerConfigKeys (ConfUtils.java:logGet(43)) - raft.server.log.statemachine.data.caching.enabled = true (custom)
2019-10-04 09:43:31,803 [pool-443-thread-1] INFO  server.RaftServerConfigKeys (ConfUtils.java:logGet(43)) - raft.server.log.statemachine.data.caching.enabled = true (custom)
2019-10-04 09:43:31,803 [pool-413-thread-1] INFO  segmented.SegmentedRaftLogWorker (SegmentedRaftLogWorker.java:lambda$new$0(128)) - c1e70d53-73d9-4656-a6a4-0515e55a50c3@group-8FFF2C24A969-SegmentedRaftLogWorker: flushIndex: setUnconditionally 0 -> -1
2019-10-04 09:43:31,803 [pool-443-thread-1] INFO  segmented.SegmentedRaftLogWorker (SegmentedRaftLogWorker.java:lambda$new$0(128)) - 908f0e43-5145-4e5a-b10e-86b93a4f4078@group-8FFF2C24A969-SegmentedRaftLogWorker: flushIndex: setUnconditionally 0 -> -1
2019-10-04 09:43:31,804 [pool-413-thread-1] INFO  server.RaftServerConfigKeys (ConfUtils.java:logGet(43)) - raft.server.snapshot.auto.trigger.enabled = true (custom)
2019-10-04 09:43:31,804 [pool-413-thread-1] INFO  server.RaftServerConfigKeys (ConfUtils.java:logGet(43)) - raft.server.snapshot.auto.trigger.threshold = 10000 (custom)
2019-10-04 09:43:31,804 [pool-413-thread-1] INFO  server.RaftServerConfigKeys (ConfUtils.java:logGet(43)) - raft.server.snapshot.retention.file.num = 5 (custom)
2019-10-04 09:43:31,804 [pool-443-thread-1] INFO  server.RaftServerConfigKeys (ConfUtils.java:logGet(43)) - raft.server.snapshot.auto.trigger.enabled = true (custom)
2019-10-04 09:43:31,804 [pool-393-thread-1] INFO  impl.RaftServerImpl (RaftServerImpl.java:start(181)) - 16c950cb-68c6-46ca-881f-c1979330ce10@group-8FFF2C24A969: start as a follower, conf=-1: [16c950cb-68c6-46ca-881f-c1979330ce10:192.168.30.6:36036, c1e70d53-73d9-4656-a6a4-0515e55a50c3:192.168.30.6:35169, 908f0e43-5145-4e5a-b10e-86b93a4f4078:192.168.30.6:33856], old=null
2019-10-04 09:43:31,804 [pool-413-thread-1] INFO  server.RaftServerConfigKeys (ConfUtils.java:logGet(43)) - raft.server.retrycache.expirytime = 600000ms (custom)
2019-10-04 09:43:31,804 [pool-393-thread-1] INFO  impl.RaftServerImpl (RaftServerImpl.java:setRole(170)) - 16c950cb-68c6-46ca-881f-c1979330ce10@group-8FFF2C24A969: changes role from      null to FOLLOWER at term 0 for startAsFollower
2019-10-04 09:43:31,804 [pool-443-thread-1] INFO  server.RaftServerConfigKeys (ConfUtils.java:logGet(43)) - raft.server.snapshot.auto.trigger.threshold = 10000 (custom)
2019-10-04 09:43:31,805 [pool-393-thread-1] INFO  impl.RoleInfo (RoleInfo.java:updateAndGet(143)) - 16c950cb-68c6-46ca-881f-c1979330ce10: start FollowerState
2019-10-04 09:43:31,805 [pool-443-thread-1] INFO  server.RaftServerConfigKeys (ConfUtils.java:logGet(43)) - raft.server.snapshot.retention.file.num = 5 (custom)
2019-10-04 09:43:31,805 [pool-443-thread-1] INFO  server.RaftServerConfigKeys (ConfUtils.java:logGet(43)) - raft.server.retrycache.expirytime = 600000ms (custom)
2019-10-04 09:43:31,805 [pool-393-thread-1] INFO  util.JmxRegister (JmxRegister.java:tryRegister(44)) - Successfully registered JMX Bean with object name Ratis:service=RaftServer,group=group-8FFF2C24A969,id=16c950cb-68c6-46ca-881f-c1979330ce10
2019-10-04 09:43:31,805 [pool-413-thread-1] INFO  impl.RaftServerImpl (RaftServerImpl.java:start(181)) - c1e70d53-73d9-4656-a6a4-0515e55a50c3@group-8FFF2C24A969: start as a follower, conf=-1: [16c950cb-68c6-46ca-881f-c1979330ce10:192.168.30.6:36036, c1e70d53-73d9-4656-a6a4-0515e55a50c3:192.168.30.6:35169, 908f0e43-5145-4e5a-b10e-86b93a4f4078:192.168.30.6:33856], old=null
2019-10-04 09:43:31,806 [pool-413-thread-1] INFO  impl.RaftServerImpl (RaftServerImpl.java:setRole(170)) - c1e70d53-73d9-4656-a6a4-0515e55a50c3@group-8FFF2C24A969: changes role from      null to FOLLOWER at term 0 for startAsFollower
2019-10-04 09:43:31,806 [pool-413-thread-1] INFO  impl.RoleInfo (RoleInfo.java:updateAndGet(143)) - c1e70d53-73d9-4656-a6a4-0515e55a50c3: start FollowerState
2019-10-04 09:43:31,806 [pool-413-thread-1] INFO  util.JmxRegister (JmxRegister.java:tryRegister(44)) - Successfully registered JMX Bean with object name Ratis:service=RaftServer,group=group-8FFF2C24A969,id=c1e70d53-73d9-4656-a6a4-0515e55a50c3
2019-10-04 09:43:31,809 [pool-443-thread-1] INFO  impl.RaftServerImpl (RaftServerImpl.java:start(181)) - 908f0e43-5145-4e5a-b10e-86b93a4f4078@group-8FFF2C24A969: start as a follower, conf=-1: [16c950cb-68c6-46ca-881f-c1979330ce10:192.168.30.6:36036, c1e70d53-73d9-4656-a6a4-0515e55a50c3:192.168.30.6:35169, 908f0e43-5145-4e5a-b10e-86b93a4f4078:192.168.30.6:33856], old=null
2019-10-04 09:43:31,809 [pool-443-thread-1] INFO  impl.RaftServerImpl (RaftServerImpl.java:setRole(170)) - 908f0e43-5145-4e5a-b10e-86b93a4f4078@group-8FFF2C24A969: changes role from      null to FOLLOWER at term 0 for startAsFollower
2019-10-04 09:43:31,809 [pool-443-thread-1] INFO  impl.RoleInfo (RoleInfo.java:updateAndGet(143)) - 908f0e43-5145-4e5a-b10e-86b93a4f4078: start FollowerState
2019-10-04 09:43:31,809 [pool-443-thread-1] INFO  util.JmxRegister (JmxRegister.java:tryRegister(44)) - Successfully registered JMX Bean with object name Ratis:service=RaftServer,group=group-8FFF2C24A969,id=908f0e43-5145-4e5a-b10e-86b93a4f4078
2019-10-04 09:43:31,820 [RatisPipelineUtilsThread] INFO  pipeline.PipelineStateManager (PipelineStateManager.java:addPipeline(56)) - Created pipeline Pipeline[ Id: d1162413-d1e8-4b30-bc37-8fff2c24a969, Nodes: c1e70d53-73d9-4656-a6a4-0515e55a50c3{ip: 192.168.30.6, host: pr-hdds-2238-2sxp6-257983327, networkLocation: /default-rack, certSerialId: null}908f0e43-5145-4e5a-b10e-86b93a4f4078{ip: 192.168.30.6, host: pr-hdds-2238-2sxp6-257983327, networkLocation: /default-rack, certSerialId: null}16c950cb-68c6-46ca-881f-c1979330ce10{ip: 192.168.30.6, host: pr-hdds-2238-2sxp6-257983327, networkLocation: /default-rack, certSerialId: null}, Type:RATIS, Factor:THREE, State:OPEN]
2019-10-04 09:43:31,830 [grpc-default-executor-2] INFO  impl.RaftServerProxy (RaftServerProxy.java:addNew(89)) - 082ec413-b49a-4801-88e1-09b3e4261059: addNew group-9129C55C5D75:[73c45829-ef62-467e-a4f4-d0fd0f474f59:192.168.30.6:45100, 082ec413-b49a-4801-88e1-09b3e4261059:192.168.30.6:38172, 06ecad9b-3f2c-4924-96d9-8929bbbfb5dd:192.168.30.6:35091] returns group-9129C55C5D75:java.util.concurrent.CompletableFuture@21fad356[Not completed]
2019-10-04 09:43:31,830 [grpc-default-executor-1] INFO  impl.RaftServerProxy (RaftServerProxy.java:addNew(89)) - 73c45829-ef62-467e-a4f4-d0fd0f474f59: addNew group-9129C55C5D75:[73c45829-ef62-467e-a4f4-d0fd0f474f59:192.168.30.6:45100, 082ec413-b49a-4801-88e1-09b3e4261059:192.168.30.6:38172, 06ecad9b-3f2c-4924-96d9-8929bbbfb5dd:192.168.30.6:35091] returns group-9129C55C5D75:java.util.concurrent.CompletableFuture@655d51fb[Not completed]
2019-10-04 09:43:31,833 [grpc-default-executor-0] INFO  impl.RaftServerProxy (RaftServerProxy.java:addNew(89)) - 06ecad9b-3f2c-4924-96d9-8929bbbfb5dd: addNew group-9129C55C5D75:[73c45829-ef62-467e-a4f4-d0fd0f474f59:192.168.30.6:45100, 082ec413-b49a-4801-88e1-09b3e4261059:192.168.30.6:38172, 06ecad9b-3f2c-4924-96d9-8929bbbfb5dd:192.168.30.6:35091] returns group-9129C55C5D75:java.util.concurrent.CompletableFuture@49220af3[Not completed]
2019-10-04 09:43:31,834 [pool-433-thread-1] INFO  impl.RaftServerImpl (RaftServerImpl.java:<init>(95)) - 082ec413-b49a-4801-88e1-09b3e4261059: new RaftServerImpl for group-9129C55C5D75:[73c45829-ef62-467e-a4f4-d0fd0f474f59:192.168.30.6:45100, 082ec413-b49a-4801-88e1-09b3e4261059:192.168.30.6:38172, 06ecad9b-3f2c-4924-96d9-8929bbbfb5dd:192.168.30.6:35091] with ContainerStateMachine:uninitialized
2019-10-04 09:43:31,835 [pool-433-thread-1] INFO  server.RaftServerConfigKeys (ConfUtils.java:logGet(43)) - raft.server.rpc.timeout.min = 5s (custom)
2019-10-04 09:43:31,835 [pool-433-thread-1] INFO  server.RaftServerConfigKeys (ConfUtils.java:logGet(43)) - raft.server.rpc.timeout.max = 5200ms (custom)
2019-10-04 09:43:31,835 [pool-433-thread-1] INFO  server.RaftServerConfigKeys (ConfUtils.java:logGet(43)) - raft.server.rpcslowness.timeout = 120s (custom)
2019-10-04 09:43:31,835 [pool-433-thread-1] INFO  server.RaftServerConfigKeys (ConfUtils.java:logGet(43)) - raft.server.sleep.deviation.threshold = 300 (default)
2019-10-04 09:43:31,835 [pool-433-thread-1] INFO  server.RaftServerConfigKeys (ConfUtils.java:logGet(43)) - raft.server.log.appender.install.snapshot.enabled = false (custom)
2019-10-04 09:43:31,835 [pool-383-thread-1] INFO  impl.RaftServerImpl (RaftServerImpl.java:<init>(95)) - 06ecad9b-3f2c-4924-96d9-8929bbbfb5dd: new RaftServerImpl for group-9129C55C5D75:[73c45829-ef62-467e-a4f4-d0fd0f474f59:192.168.30.6:45100, 082ec413-b49a-4801-88e1-09b3e4261059:192.168.30.6:38172, 06ecad9b-3f2c-4924-96d9-8929bbbfb5dd:192.168.30.6:35091] with ContainerStateMachine:uninitialized
2019-10-04 09:43:31,835 [pool-433-thread-1] INFO  impl.RaftServerImpl (ServerState.java:<init>(103)) - 082ec413-b49a-4801-88e1-09b3e4261059@group-9129C55C5D75: ConfigurationManager, init=-1: [73c45829-ef62-467e-a4f4-d0fd0f474f59:192.168.30.6:45100, 082ec413-b49a-4801-88e1-09b3e4261059:192.168.30.6:38172, 06ecad9b-3f2c-4924-96d9-8929bbbfb5dd:192.168.30.6:35091], old=null, confs=<EMPTY_MAP>
2019-10-04 09:43:31,835 [pool-383-thread-1] INFO  server.RaftServerConfigKeys (ConfUtils.java:logGet(43)) - raft.server.rpc.timeout.min = 5s (custom)
2019-10-04 09:43:31,836 [pool-433-thread-1] INFO  server.RaftServerConfigKeys (ConfUtils.java:logGet(43)) - raft.server.storage.dir = [/workdir/hadoop-ozone/integration-test/target/test-dir/MiniOzoneClusterImpl-c65a9f33-2bff-4477-850d-5e53df459c98/datanode-5/data/ratis] (custom)
2019-10-04 09:43:31,836 [pool-383-thread-1] INFO  server.RaftServerConfigKeys (ConfUtils.java:logGet(43)) - raft.server.rpc.timeout.max = 5200ms (custom)
2019-10-04 09:43:31,836 [pool-423-thread-1] INFO  impl.RaftServerImpl (RaftServerImpl.java:<init>(95)) - 73c45829-ef62-467e-a4f4-d0fd0f474f59: new RaftServerImpl for group-9129C55C5D75:[73c45829-ef62-467e-a4f4-d0fd0f474f59:192.168.30.6:45100, 082ec413-b49a-4801-88e1-09b3e4261059:192.168.30.6:38172, 06ecad9b-3f2c-4924-96d9-8929bbbfb5dd:192.168.30.6:35091] with ContainerStateMachine:uninitialized
2019-10-04 09:43:31,836 [pool-433-thread-1] INFO  server.RaftServerConfigKeys (ConfUtils.java:logGet(43)) - raft.server.log.corruption.policy = EXCEPTION (default)
2019-10-04 09:43:31,836 [pool-383-thread-1] INFO  server.RaftServerConfigKeys (ConfUtils.java:logGet(43)) - raft.server.rpcslowness.timeout = 120s (custom)
2019-10-04 09:43:31,836 [pool-433-thread-1] INFO  storage.RaftStorageDirectory (RaftStorageDirectory.java:analyzeStorage(246)) - The storage directory /workdir/hadoop-ozone/integration-test/target/test-dir/MiniOzoneClusterImpl-c65a9f33-2bff-4477-850d-5e53df459c98/datanode-5/data/ratis/6652d59f-869d-47a9-a5ba-9129c55c5d75 does not exist. Creating ...
2019-10-04 09:43:31,836 [pool-423-thread-1] INFO  server.RaftServerConfigKeys (ConfUtils.java:logGet(43)) - raft.server.rpc.timeout.min = 5s (custom)
2019-10-04 09:43:31,836 [pool-383-thread-1] INFO  server.RaftServerConfigKeys (ConfUtils.java:logGet(43)) - raft.server.sleep.deviation.threshold = 300 (default)
2019-10-04 09:43:31,837 [pool-423-thread-1] INFO  server.RaftServerConfigKeys (ConfUtils.java:logGet(43)) - raft.server.rpc.timeout.max = 5200ms (custom)
2019-10-04 09:43:31,837 [pool-383-thread-1] INFO  server.RaftServerConfigKeys (ConfUtils.java:logGet(43)) - raft.server.log.appender.install.snapshot.enabled = false (custom)
2019-10-04 09:43:31,837 [pool-423-thread-1] INFO  server.RaftServerConfigKeys (ConfUtils.java:logGet(43)) - raft.server.rpcslowness.timeout = 120s (custom)
2019-10-04 09:43:31,837 [pool-383-thread-1] INFO  impl.RaftServerImpl (ServerState.java:<init>(103)) - 06ecad9b-3f2c-4924-96d9-8929bbbfb5dd@group-9129C55C5D75: ConfigurationManager, init=-1: [73c45829-ef62-467e-a4f4-d0fd0f474f59:192.168.30.6:45100, 082ec413-b49a-4801-88e1-09b3e4261059:192.168.30.6:38172, 06ecad9b-3f2c-4924-96d9-8929bbbfb5dd:192.168.30.6:35091], old=null, confs=<EMPTY_MAP>
2019-10-04 09:43:31,837 [pool-423-thread-1] INFO  server.RaftServerConfigKeys (ConfUtils.java:logGet(43)) - raft.server.sleep.deviation.threshold = 300 (default)
2019-10-04 09:43:31,837 [pool-383-thread-1] INFO  server.RaftServerConfigKeys (ConfUtils.java:logGet(43)) - raft.server.storage.dir = [/workdir/hadoop-ozone/integration-test/target/test-dir/MiniOzoneClusterImpl-c65a9f33-2bff-4477-850d-5e53df459c98/datanode-0/data/ratis] (custom)
2019-10-04 09:43:31,837 [pool-423-thread-1] INFO  server.RaftServerConfigKeys (ConfUtils.java:logGet(43)) - raft.server.log.appender.install.snapshot.enabled = false (custom)
2019-10-04 09:43:31,838 [pool-383-thread-1] INFO  server.RaftServerConfigKeys (ConfUtils.java:logGet(43)) - raft.server.log.corruption.policy = EXCEPTION (default)
2019-10-04 09:43:31,838 [pool-423-thread-1] INFO  impl.RaftServerImpl (ServerState.java:<init>(103)) - 73c45829-ef62-467e-a4f4-d0fd0f474f59@group-9129C55C5D75: ConfigurationManager, init=-1: [73c45829-ef62-467e-a4f4-d0fd0f474f59:192.168.30.6:45100, 082ec413-b49a-4801-88e1-09b3e4261059:192.168.30.6:38172, 06ecad9b-3f2c-4924-96d9-8929bbbfb5dd:192.168.30.6:35091], old=null, confs=<EMPTY_MAP>
2019-10-04 09:43:31,838 [pool-383-thread-1] INFO  storage.RaftStorageDirectory (RaftStorageDirectory.java:analyzeStorage(246)) - The storage directory /workdir/hadoop-ozone/integration-test/target/test-dir/MiniOzoneClusterImpl-c65a9f33-2bff-4477-850d-5e53df459c98/datanode-0/data/ratis/6652d59f-869d-47a9-a5ba-9129c55c5d75 does not exist. Creating ...
2019-10-04 09:43:31,838 [pool-423-thread-1] INFO  server.RaftServerConfigKeys (ConfUtils.java:logGet(43)) - raft.server.storage.dir = [/workdir/hadoop-ozone/integration-test/target/test-dir/MiniOzoneClusterImpl-c65a9f33-2bff-4477-850d-5e53df459c98/datanode-4/data/ratis] (custom)
2019-10-04 09:43:31,838 [pool-423-thread-1] INFO  server.RaftServerConfigKeys (ConfUtils.java:logGet(43)) - raft.server.log.corruption.policy = EXCEPTION (default)
2019-10-04 09:43:31,839 [pool-423-thread-1] INFO  storage.RaftStorageDirectory (RaftStorageDirectory.java:analyzeStorage(246)) - The storage directory /workdir/hadoop-ozone/integration-test/target/test-dir/MiniOzoneClusterImpl-c65a9f33-2bff-4477-850d-5e53df459c98/datanode-4/data/ratis/6652d59f-869d-47a9-a5ba-9129c55c5d75 does not exist. Creating ...
2019-10-04 09:43:31,859 [pool-423-thread-1] INFO  storage.RaftStorageDirectory (RaftStorageDirectory.java:tryLock(328)) - Lock on /workdir/hadoop-ozone/integration-test/target/test-dir/MiniOzoneClusterImpl-c65a9f33-2bff-4477-850d-5e53df459c98/datanode-4/data/ratis/6652d59f-869d-47a9-a5ba-9129c55c5d75/in_use.lock acquired by nodename 11593@pr-hdds-2238-2sxp6-257983327
2019-10-04 09:43:31,859 [pool-383-thread-1] INFO  storage.RaftStorageDirectory (RaftStorageDirectory.java:tryLock(328)) - Lock on /workdir/hadoop-ozone/integration-test/target/test-dir/MiniOzoneClusterImpl-c65a9f33-2bff-4477-850d-5e53df459c98/datanode-0/data/ratis/6652d59f-869d-47a9-a5ba-9129c55c5d75/in_use.lock acquired by nodename 11593@pr-hdds-2238-2sxp6-257983327
2019-10-04 09:43:31,859 [pool-433-thread-1] INFO  storage.RaftStorageDirectory (RaftStorageDirectory.java:tryLock(328)) - Lock on /workdir/hadoop-ozone/integration-test/target/test-dir/MiniOzoneClusterImpl-c65a9f33-2bff-4477-850d-5e53df459c98/datanode-5/data/ratis/6652d59f-869d-47a9-a5ba-9129c55c5d75/in_use.lock acquired by nodename 11593@pr-hdds-2238-2sxp6-257983327
2019-10-04 09:43:31,882 [pool-423-thread-1] INFO  storage.RaftStorage (RaftStorage.java:format(84)) - Storage directory /workdir/hadoop-ozone/integration-test/target/test-dir/MiniOzoneClusterImpl-c65a9f33-2bff-4477-850d-5e53df459c98/datanode-4/data/ratis/6652d59f-869d-47a9-a5ba-9129c55c5d75 has been successfully formatted.
2019-10-04 09:43:31,882 [pool-383-thread-1] INFO  storage.RaftStorage (RaftStorage.java:format(84)) - Storage directory /workdir/hadoop-ozone/integration-test/target/test-dir/MiniOzoneClusterImpl-c65a9f33-2bff-4477-850d-5e53df459c98/datanode-0/data/ratis/6652d59f-869d-47a9-a5ba-9129c55c5d75 has been successfully formatted.
2019-10-04 09:43:31,882 [pool-433-thread-1] INFO  storage.RaftStorage (RaftStorage.java:format(84)) - Storage directory /workdir/hadoop-ozone/integration-test/target/test-dir/MiniOzoneClusterImpl-c65a9f33-2bff-4477-850d-5e53df459c98/datanode-5/data/ratis/6652d59f-869d-47a9-a5ba-9129c55c5d75 has been successfully formatted.
2019-10-04 09:43:31,883 [pool-383-thread-1] INFO  ratis.ContainerStateMachine (ContainerStateMachine.java:loadSnapshot(230)) - group-9129C55C5D75: The snapshot info is null. Setting the last applied indexto:(t:0, i:~)
2019-10-04 09:43:31,883 [pool-433-thread-1] INFO  ratis.ContainerStateMachine (ContainerStateMachine.java:loadSnapshot(230)) - group-9129C55C5D75: The snapshot info is null. Setting the last applied indexto:(t:0, i:~)
2019-10-04 09:43:31,883 [pool-423-thread-1] INFO  ratis.ContainerStateMachine (ContainerStateMachine.java:loadSnapshot(230)) - group-9129C55C5D75: The snapshot info is null. Setting the last applied indexto:(t:0, i:~)
2019-10-04 09:43:31,883 [pool-433-thread-1] INFO  server.RaftServerConfigKeys (ConfUtils.java:logGet(43)) - raft.server.notification.no-leader.timeout = 120s (custom)
2019-10-04 09:43:31,883 [pool-383-thread-1] INFO  server.RaftServerConfigKeys (ConfUtils.java:logGet(43)) - raft.server.notification.no-leader.timeout = 120s (custom)
2019-10-04 09:43:31,884 [pool-433-thread-1] INFO  server.RaftServerConfigKeys (ConfUtils.java:logGet(43)) - raft.server.log.use.memory = false (default)
2019-10-04 09:43:31,883 [pool-423-thread-1] INFO  server.RaftServerConfigKeys (ConfUtils.java:logGet(43)) - raft.server.notification.no-leader.timeout = 120s (custom)
2019-10-04 09:43:31,884 [pool-433-thread-1] INFO  server.RaftServerConfigKeys (ConfUtils.java:logGet(43)) - raft.server.log.purge.gap = 1000000 (custom)
2019-10-04 09:43:31,884 [pool-383-thread-1] INFO  server.RaftServerConfigKeys (ConfUtils.java:logGet(43)) - raft.server.log.use.memory = false (default)
2019-10-04 09:43:31,884 [pool-433-thread-1] INFO  server.RaftServerConfigKeys (ConfUtils.java:logGet(43)) - raft.server.log.appender.buffer.byte-limit = 33554432 (custom)
2019-10-04 09:43:31,884 [pool-423-thread-1] INFO  server.RaftServerConfigKeys (ConfUtils.java:logGet(43)) - raft.server.log.use.memory = false (default)
2019-10-04 09:43:31,885 [pool-433-thread-1] INFO  server.RaftServerConfigKeys (ConfUtils.java:logGet(43)) - raft.server.log.segment.size.max = 1048576 (custom)
2019-10-04 09:43:31,885 [pool-383-thread-1] INFO  server.RaftServerConfigKeys (ConfUtils.java:logGet(43)) - raft.server.log.purge.gap = 1000000 (custom)
2019-10-04 09:43:31,885 [pool-433-thread-1] INFO  server.RaftServerConfigKeys (ConfUtils.java:logGet(43)) - raft.server.log.segment.cache.num.max = 2 (custom)
2019-10-04 09:43:31,885 [pool-423-thread-1] INFO  server.RaftServerConfigKeys (ConfUtils.java:logGet(43)) - raft.server.log.purge.gap = 1000000 (custom)
2019-10-04 09:43:31,886 [pool-433-thread-1] INFO  segmented.SegmentedRaftLogWorker (SegmentedRaftLogWorker.java:<init>(173)) - new 082ec413-b49a-4801-88e1-09b3e4261059@group-9129C55C5D75-SegmentedRaftLogWorker for RaftStorage:Storage Directory /workdir/hadoop-ozone/integration-test/target/test-dir/MiniOzoneClusterImpl-c65a9f33-2bff-4477-850d-5e53df459c98/datanode-5/data/ratis/6652d59f-869d-47a9-a5ba-9129c55c5d75
2019-10-04 09:43:31,885 [pool-383-thread-1] INFO  server.RaftServerConfigKeys (ConfUtils.java:logGet(43)) - raft.server.log.appender.buffer.byte-limit = 33554432 (custom)
2019-10-04 09:43:31,886 [pool-433-thread-1] INFO  server.RaftServerConfigKeys (ConfUtils.java:logGet(43)) - raft.server.log.queue.byte-limit = 2147483647 (custom)
2019-10-04 09:43:31,886 [pool-433-thread-1] INFO  server.RaftServerConfigKeys (ConfUtils.java:logGet(43)) - raft.server.log.queue.element-limit = 1024 (custom)
2019-10-04 09:43:31,886 [pool-423-thread-1] INFO  server.RaftServerConfigKeys (ConfUtils.java:logGet(43)) - raft.server.log.appender.buffer.byte-limit = 33554432 (custom)
2019-10-04 09:43:31,886 [pool-433-thread-1] INFO  server.RaftServerConfigKeys (ConfUtils.java:logGet(43)) - raft.server.log.segment.size.max = 1048576 (custom)
2019-10-04 09:43:31,886 [pool-383-thread-1] INFO  server.RaftServerConfigKeys (ConfUtils.java:logGet(43)) - raft.server.log.segment.size.max = 1048576 (custom)
2019-10-04 09:43:31,887 [pool-433-thread-1] INFO  server.RaftServerConfigKeys (ConfUtils.java:logGet(43)) - raft.server.log.preallocated.size = 16384 (custom)
2019-10-04 09:43:31,887 [pool-423-thread-1] INFO  server.RaftServerConfigKeys (ConfUtils.java:logGet(43)) - raft.server.log.segment.size.max = 1048576 (custom)
2019-10-04 09:43:31,887 [pool-433-thread-1] INFO  server.RaftServerConfigKeys (ConfUtils.java:logGet(43)) - raft.server.log.write.buffer.size = 33554432 (custom)
2019-10-04 09:43:31,887 [pool-433-thread-1] INFO  server.RaftServerConfigKeys (ConfUtils.java:logGet(43)) - raft.server.log.force.sync.num = 128 (default)
2019-10-04 09:43:31,887 [pool-383-thread-1] INFO  server.RaftServerConfigKeys (ConfUtils.java:logGet(43)) - raft.server.log.segment.cache.num.max = 2 (custom)
2019-10-04 09:43:31,888 [pool-433-thread-1] INFO  server.RaftServerConfigKeys (ConfUtils.java:logGet(43)) - raft.server.log.statemachine.data.sync = true (default)
2019-10-04 09:43:31,887 [pool-423-thread-1] INFO  server.RaftServerConfigKeys (ConfUtils.java:logGet(43)) - raft.server.log.segment.cache.num.max = 2 (custom)
2019-10-04 09:43:31,888 [pool-433-thread-1] INFO  server.RaftServerConfigKeys (ConfUtils.java:logGet(43)) - raft.server.log.statemachine.data.sync.timeout = 10s (default)
2019-10-04 09:43:31,888 [pool-433-thread-1] INFO  server.RaftServerConfigKeys (ConfUtils.java:logGet(43)) - raft.server.log.statemachine.data.sync.timeout.retry = -1 (default)
2019-10-04 09:43:31,888 [pool-383-thread-1] INFO  segmented.SegmentedRaftLogWorker (SegmentedRaftLogWorker.java:<init>(173)) - new 06ecad9b-3f2c-4924-96d9-8929bbbfb5dd@group-9129C55C5D75-SegmentedRaftLogWorker for RaftStorage:Storage Directory /workdir/hadoop-ozone/integration-test/target/test-dir/MiniOzoneClusterImpl-c65a9f33-2bff-4477-850d-5e53df459c98/datanode-0/data/ratis/6652d59f-869d-47a9-a5ba-9129c55c5d75
2019-10-04 09:43:31,889 [pool-433-thread-1] INFO  server.RaftServerConfigKeys (ConfUtils.java:logGet(43)) - raft.server.log.statemachine.data.caching.enabled = true (custom)
2019-10-04 09:43:31,888 [pool-423-thread-1] INFO  segmented.SegmentedRaftLogWorker (SegmentedRaftLogWorker.java:<init>(173)) - new 73c45829-ef62-467e-a4f4-d0fd0f474f59@group-9129C55C5D75-SegmentedRaftLogWorker for RaftStorage:Storage Directory /workdir/hadoop-ozone/integration-test/target/test-dir/MiniOzoneClusterImpl-c65a9f33-2bff-4477-850d-5e53df459c98/datanode-4/data/ratis/6652d59f-869d-47a9-a5ba-9129c55c5d75
2019-10-04 09:43:31,889 [pool-383-thread-1] INFO  server.RaftServerConfigKeys (ConfUtils.java:logGet(43)) - raft.server.log.queue.byte-limit = 2147483647 (custom)
2019-10-04 09:43:31,889 [pool-433-thread-1] INFO  segmented.SegmentedRaftLogWorker (SegmentedRaftLogWorker.java:lambda$new$0(128)) - 082ec413-b49a-4801-88e1-09b3e4261059@group-9129C55C5D75-SegmentedRaftLogWorker: flushIndex: setUnconditionally 0 -> -1
2019-10-04 09:43:31,889 [pool-423-thread-1] INFO  server.RaftServerConfigKeys (ConfUtils.java:logGet(43)) - raft.server.log.queue.byte-limit = 2147483647 (custom)
2019-10-04 09:43:31,889 [pool-383-thread-1] INFO  server.RaftServerConfigKeys (ConfUtils.java:logGet(43)) - raft.server.log.queue.element-limit = 1024 (custom)
2019-10-04 09:43:31,890 [pool-433-thread-1] INFO  server.RaftServerConfigKeys (ConfUtils.java:logGet(43)) - raft.server.snapshot.auto.trigger.enabled = true (custom)
2019-10-04 09:43:31,889 [pool-423-thread-1] INFO  server.RaftServerConfigKeys (ConfUtils.java:logGet(43)) - raft.server.log.queue.element-limit = 1024 (custom)
2019-10-04 09:43:31,890 [pool-433-thread-1] INFO  server.RaftServerConfigKeys (ConfUtils.java:logGet(43)) - raft.server.snapshot.auto.trigger.threshold = 10000 (custom)
2019-10-04 09:43:31,890 [pool-383-thread-1] INFO  server.RaftServerConfigKeys (ConfUtils.java:logGet(43)) - raft.server.log.segment.size.max = 1048576 (custom)
2019-10-04 09:43:31,890 [pool-433-thread-1] INFO  server.RaftServerConfigKeys (ConfUtils.java:logGet(43)) - raft.server.snapshot.retention.file.num = 5 (custom)
2019-10-04 09:43:31,890 [pool-423-thread-1] INFO  server.RaftServerConfigKeys (ConfUtils.java:logGet(43)) - raft.server.log.segment.size.max = 1048576 (custom)
2019-10-04 09:43:31,891 [pool-433-thread-1] INFO  server.RaftServerConfigKeys (ConfUtils.java:logGet(43)) - raft.server.retrycache.expirytime = 600000ms (custom)
2019-10-04 09:43:31,890 [pool-383-thread-1] INFO  server.RaftServerConfigKeys (ConfUtils.java:logGet(43)) - raft.server.log.preallocated.size = 16384 (custom)
2019-10-04 09:43:31,891 [pool-423-thread-1] INFO  server.RaftServerConfigKeys (ConfUtils.java:logGet(43)) - raft.server.log.preallocated.size = 16384 (custom)
2019-10-04 09:43:31,891 [pool-383-thread-1] INFO  server.RaftServerConfigKeys (ConfUtils.java:logGet(43)) - raft.server.log.write.buffer.size = 33554432 (custom)
2019-10-04 09:43:31,891 [pool-423-thread-1] INFO  server.RaftServerConfigKeys (ConfUtils.java:logGet(43)) - raft.server.log.write.buffer.size = 33554432 (custom)
2019-10-04 09:43:31,891 [pool-383-thread-1] INFO  server.RaftServerConfigKeys (ConfUtils.java:logGet(43)) - raft.server.log.force.sync.num = 128 (default)
2019-10-04 09:43:31,892 [pool-423-thread-1] INFO  server.RaftServerConfigKeys (ConfUtils.java:logGet(43)) - raft.server.log.force.sync.num = 128 (default)
2019-10-04 09:43:31,892 [pool-383-thread-1] INFO  server.RaftServerConfigKeys (ConfUtils.java:logGet(43)) - raft.server.log.statemachine.data.sync = true (default)
2019-10-04 09:43:31,892 [pool-423-thread-1] INFO  server.RaftServerConfigKeys (ConfUtils.java:logGet(43)) - raft.server.log.statemachine.data.sync = true (default)
2019-10-04 09:43:31,892 [pool-383-thread-1] INFO  server.RaftServerConfigKeys (ConfUtils.java:logGet(43)) - raft.server.log.statemachine.data.sync.timeout = 10s (default)
2019-10-04 09:43:31,892 [pool-423-thread-1] INFO  server.RaftServerConfigKeys (ConfUtils.java:logGet(43)) - raft.server.log.statemachine.data.sync.timeout = 10s (default)
2019-10-04 09:43:31,892 [pool-383-thread-1] INFO  server.RaftServerConfigKeys (ConfUtils.java:logGet(43)) - raft.server.log.statemachine.data.sync.timeout.retry = -1 (default)
2019-10-04 09:43:31,893 [pool-423-thread-1] INFO  server.RaftServerConfigKeys (ConfUtils.java:logGet(43)) - raft.server.log.statemachine.data.sync.timeout.retry = -1 (default)
2019-10-04 09:43:31,893 [pool-383-thread-1] INFO  server.RaftServerConfigKeys (ConfUtils.java:logGet(43)) - raft.server.log.statemachine.data.caching.enabled = true (custom)
2019-10-04 09:43:31,893 [pool-423-thread-1] INFO  server.RaftServerConfigKeys (ConfUtils.java:logGet(43)) - raft.server.log.statemachine.data.caching.enabled = true (custom)
2019-10-04 09:43:31,893 [pool-433-thread-1] INFO  impl.RaftServerImpl (RaftServerImpl.java:start(181)) - 082ec413-b49a-4801-88e1-09b3e4261059@group-9129C55C5D75: start as a follower, conf=-1: [73c45829-ef62-467e-a4f4-d0fd0f474f59:192.168.30.6:45100, 082ec413-b49a-4801-88e1-09b3e4261059:192.168.30.6:38172, 06ecad9b-3f2c-4924-96d9-8929bbbfb5dd:192.168.30.6:35091], old=null
2019-10-04 09:43:31,893 [pool-383-thread-1] INFO  segmented.SegmentedRaftLogWorker (SegmentedRaftLogWorker.java:lambda$new$0(128)) - 06ecad9b-3f2c-4924-96d9-8929bbbfb5dd@group-9129C55C5D75-SegmentedRaftLogWorker: flushIndex: setUnconditionally 0 -> -1
2019-10-04 09:43:31,893 [pool-423-thread-1] INFO  segmented.SegmentedRaftLogWorker (SegmentedRaftLogWorker.java:lambda$new$0(128)) - 73c45829-ef62-467e-a4f4-d0fd0f474f59@group-9129C55C5D75-SegmentedRaftLogWorker: flushIndex: setUnconditionally 0 -> -1
2019-10-04 09:43:31,893 [pool-433-thread-1] INFO  impl.RaftServerImpl (RaftServerImpl.java:setRole(170)) - 082ec413-b49a-4801-88e1-09b3e4261059@group-9129C55C5D75: changes role from      null to FOLLOWER at term 0 for startAsFollower
2019-10-04 09:43:31,894 [pool-383-thread-1] INFO  server.RaftServerConfigKeys (ConfUtils.java:logGet(43)) - raft.server.snapshot.auto.trigger.enabled = true (custom)
2019-10-04 09:43:31,894 [pool-433-thread-1] INFO  impl.RoleInfo (RoleInfo.java:updateAndGet(143)) - 082ec413-b49a-4801-88e1-09b3e4261059: start FollowerState
2019-10-04 09:43:31,894 [pool-423-thread-1] INFO  server.RaftServerConfigKeys (ConfUtils.java:logGet(43)) - raft.server.snapshot.auto.trigger.enabled = true (custom)
2019-10-04 09:43:31,894 [pool-383-thread-1] INFO  server.RaftServerConfigKeys (ConfUtils.java:logGet(43)) - raft.server.snapshot.auto.trigger.threshold = 10000 (custom)
2019-10-04 09:43:31,894 [pool-433-thread-1] INFO  util.JmxRegister (JmxRegister.java:tryRegister(44)) - Successfully registered JMX Bean with object name Ratis:service=RaftServer,group=group-9129C55C5D75,id=082ec413-b49a-4801-88e1-09b3e4261059
2019-10-04 09:43:31,894 [pool-423-thread-1] INFO  server.RaftServerConfigKeys (ConfUtils.java:logGet(43)) - raft.server.snapshot.auto.trigger.threshold = 10000 (custom)
2019-10-04 09:43:31,894 [pool-383-thread-1] INFO  server.RaftServerConfigKeys (ConfUtils.java:logGet(43)) - raft.server.snapshot.retention.file.num = 5 (custom)
2019-10-04 09:43:31,895 [pool-423-thread-1] INFO  server.RaftServerConfigKeys (ConfUtils.java:logGet(43)) - raft.server.snapshot.retention.file.num = 5 (custom)
2019-10-04 09:43:31,895 [pool-383-thread-1] INFO  server.RaftServerConfigKeys (ConfUtils.java:logGet(43)) - raft.server.retrycache.expirytime = 600000ms (custom)
2019-10-04 09:43:31,895 [pool-423-thread-1] INFO  server.RaftServerConfigKeys (ConfUtils.java:logGet(43)) - raft.server.retrycache.expirytime = 600000ms (custom)
2019-10-04 09:43:31,903 [pool-423-thread-1] INFO  impl.RaftServerImpl (RaftServerImpl.java:start(181)) - 73c45829-ef62-467e-a4f4-d0fd0f474f59@group-9129C55C5D75: start as a follower, conf=-1: [73c45829-ef62-467e-a4f4-d0fd0f474f59:192.168.30.6:45100, 082ec413-b49a-4801-88e1-09b3e4261059:192.168.30.6:38172, 06ecad9b-3f2c-4924-96d9-8929bbbfb5dd:192.168.30.6:35091], old=null
2019-10-04 09:43:31,903 [pool-383-thread-1] INFO  impl.RaftServerImpl (RaftServerImpl.java:start(181)) - 06ecad9b-3f2c-4924-96d9-8929bbbfb5dd@group-9129C55C5D75: start as a follower, conf=-1: [73c45829-ef62-467e-a4f4-d0fd0f474f59:192.168.30.6:45100, 082ec413-b49a-4801-88e1-09b3e4261059:192.168.30.6:38172, 06ecad9b-3f2c-4924-96d9-8929bbbfb5dd:192.168.30.6:35091], old=null
2019-10-04 09:43:31,903 [pool-423-thread-1] INFO  impl.RaftServerImpl (RaftServerImpl.java:setRole(170)) - 73c45829-ef62-467e-a4f4-d0fd0f474f59@group-9129C55C5D75: changes role from      null to FOLLOWER at term 0 for startAsFollower
2019-10-04 09:43:31,903 [pool-383-thread-1] INFO  impl.RaftServerImpl (RaftServerImpl.java:setRole(170)) - 06ecad9b-3f2c-4924-96d9-8929bbbfb5dd@group-9129C55C5D75: changes role from      null to FOLLOWER at term 0 for startAsFollower
2019-10-04 09:43:31,903 [pool-423-thread-1] INFO  impl.RoleInfo (RoleInfo.java:updateAndGet(143)) - 73c45829-ef62-467e-a4f4-d0fd0f474f59: start FollowerState
2019-10-04 09:43:31,903 [pool-383-thread-1] INFO  impl.RoleInfo (RoleInfo.java:updateAndGet(143)) - 06ecad9b-3f2c-4924-96d9-8929bbbfb5dd: start FollowerState
2019-10-04 09:43:31,904 [pool-423-thread-1] INFO  util.JmxRegister (JmxRegister.java:tryRegister(44)) - Successfully registered JMX Bean with object name Ratis:service=RaftServer,group=group-9129C55C5D75,id=73c45829-ef62-467e-a4f4-d0fd0f474f59
2019-10-04 09:43:31,904 [pool-383-thread-1] INFO  util.JmxRegister (JmxRegister.java:tryRegister(44)) - Successfully registered JMX Bean with object name Ratis:service=RaftServer,group=group-9129C55C5D75,id=06ecad9b-3f2c-4924-96d9-8929bbbfb5dd
2019-10-04 09:43:31,916 [RatisPipelineUtilsThread] INFO  pipeline.PipelineStateManager (PipelineStateManager.java:addPipeline(56)) - Created pipeline Pipeline[ Id: 6652d59f-869d-47a9-a5ba-9129c55c5d75, Nodes: 73c45829-ef62-467e-a4f4-d0fd0f474f59{ip: 192.168.30.6, host: pr-hdds-2238-2sxp6-257983327, networkLocation: /default-rack, certSerialId: null}082ec413-b49a-4801-88e1-09b3e4261059{ip: 192.168.30.6, host: pr-hdds-2238-2sxp6-257983327, networkLocation: /default-rack, certSerialId: null}06ecad9b-3f2c-4924-96d9-8929bbbfb5dd{ip: 192.168.30.6, host: pr-hdds-2238-2sxp6-257983327, networkLocation: /default-rack, certSerialId: null}, Type:RATIS, Factor:THREE, State:OPEN]
2019-10-04 09:43:34,145 [Thread-2331] INFO  container.ReplicationManager (ReplicationManager.java:start(162)) - Starting Replication Monitor Thread.
2019-10-04 09:43:34,150 [ReplicationMonitor] INFO  container.ReplicationManager (ReplicationManager.java:run(225)) - Replication Monitor Thread took 1 milliseconds for processing 1 containers.
2019-10-04 09:43:36,321 [Thread-2336] INFO  impl.FollowerState (FollowerState.java:run(108)) - 16c950cb-68c6-46ca-881f-c1979330ce10@group-F91995323785-FollowerState: change to CANDIDATE, lastRpcTime:5001ms, electionTimeout:5001ms
2019-10-04 09:43:36,323 [Thread-2336] INFO  impl.RoleInfo (RoleInfo.java:shutdownFollowerState(121)) - 16c950cb-68c6-46ca-881f-c1979330ce10: shutdown FollowerState
2019-10-04 09:43:36,323 [Thread-2336] INFO  impl.RaftServerImpl (RaftServerImpl.java:setRole(170)) - 16c950cb-68c6-46ca-881f-c1979330ce10@group-F91995323785: changes role from  FOLLOWER to CANDIDATE at term 0 for changeToCandidate
2019-10-04 09:43:36,323 [Thread-2336] INFO  impl.RoleInfo (RoleInfo.java:updateAndGet(143)) - 16c950cb-68c6-46ca-881f-c1979330ce10: start LeaderElection
2019-10-04 09:43:36,354 [16c950cb-68c6-46ca-881f-c1979330ce10@group-F91995323785-LeaderElection67] INFO  impl.LeaderElection (LeaderElection.java:askForVotes(178)) - 16c950cb-68c6-46ca-881f-c1979330ce10@group-F91995323785-LeaderElection67: begin an election at term 1 for -1: [16c950cb-68c6-46ca-881f-c1979330ce10:192.168.30.6:36036], old=null
2019-10-04 09:43:36,355 [16c950cb-68c6-46ca-881f-c1979330ce10@group-F91995323785-LeaderElection67] INFO  impl.RoleInfo (RoleInfo.java:shutdownLeaderElection(134)) - 16c950cb-68c6-46ca-881f-c1979330ce10: shutdown LeaderElection
2019-10-04 09:43:36,355 [16c950cb-68c6-46ca-881f-c1979330ce10@group-F91995323785-LeaderElection67] INFO  impl.RaftServerImpl (RaftServerImpl.java:setRole(170)) - 16c950cb-68c6-46ca-881f-c1979330ce10@group-F91995323785: changes role from CANDIDATE to LEADER at term 1 for changeToLeader
2019-10-04 09:43:36,355 [16c950cb-68c6-46ca-881f-c1979330ce10@group-F91995323785-LeaderElection67] INFO  impl.RaftServerImpl (ServerState.java:setLeader(255)) - 16c950cb-68c6-46ca-881f-c1979330ce10@group-F91995323785: change Leader from null to 16c950cb-68c6-46ca-881f-c1979330ce10 at term 1 for becomeLeader, leader elected after 5043ms
2019-10-04 09:43:36,355 [16c950cb-68c6-46ca-881f-c1979330ce10@group-F91995323785-LeaderElection67] INFO  server.RaftServerConfigKeys (ConfUtils.java:logGet(43)) - raft.server.staging.catchup.gap = 1000 (default)
2019-10-04 09:43:36,356 [16c950cb-68c6-46ca-881f-c1979330ce10@group-F91995323785-LeaderElection67] INFO  server.RaftServerConfigKeys (ConfUtils.java:logGet(43)) - raft.server.rpc.sleep.time = 25ms (default)
2019-10-04 09:43:36,356 [16c950cb-68c6-46ca-881f-c1979330ce10@group-F91995323785-LeaderElection67] INFO  server.RaftServerConfigKeys (ConfUtils.java:logGet(43)) - raft.server.write.element-limit = 4096 (default)
2019-10-04 09:43:36,357 [16c950cb-68c6-46ca-881f-c1979330ce10@group-F91995323785-LeaderElection67] INFO  server.RaftServerConfigKeys (ConfUtils.java:logGet(43)) - raft.server.watch.timeout = 10s (default)
2019-10-04 09:43:36,357 [16c950cb-68c6-46ca-881f-c1979330ce10@group-F91995323785-LeaderElection67] INFO  server.RaftServerConfigKeys (ConfUtils.java:logGet(43)) - raft.server.watch.timeout.denomination = 1s (default)
2019-10-04 09:43:36,357 [16c950cb-68c6-46ca-881f-c1979330ce10@group-F91995323785-LeaderElection67] INFO  server.RaftServerConfigKeys (ConfUtils.java:logGet(43)) - raft.server.watch.element-limit = 65536 (default)
2019-10-04 09:43:36,362 [16c950cb-68c6-46ca-881f-c1979330ce10@group-F91995323785-LeaderElection67] INFO  impl.RoleInfo (RoleInfo.java:updateAndGet(143)) - 16c950cb-68c6-46ca-881f-c1979330ce10: start LeaderState
2019-10-04 09:43:36,362 [16c950cb-68c6-46ca-881f-c1979330ce10@group-F91995323785-LeaderElection67] INFO  segmented.SegmentedRaftLogWorker (SegmentedRaftLogWorker.java:startLogSegment(385)) - 16c950cb-68c6-46ca-881f-c1979330ce10@group-F91995323785-SegmentedRaftLogWorker: Starting segment from index:0
2019-10-04 09:43:36,363 [16c950cb-68c6-46ca-881f-c1979330ce10@group-F91995323785-LeaderElection67] INFO  impl.RaftServerImpl (ServerState.java:setRaftConf(356)) - 16c950cb-68c6-46ca-881f-c1979330ce10@group-F91995323785: set configuration 0: [16c950cb-68c6-46ca-881f-c1979330ce10:192.168.30.6:36036], old=null at 0
2019-10-04 09:43:36,392 [Thread-2333] INFO  impl.FollowerState (FollowerState.java:run(108)) - 06ecad9b-3f2c-4924-96d9-8929bbbfb5dd@group-11822827199D-FollowerState: change to CANDIDATE, lastRpcTime:5149ms, electionTimeout:5149ms
2019-10-04 09:43:36,393 [Thread-2333] INFO  impl.RoleInfo (RoleInfo.java:shutdownFollowerState(121)) - 06ecad9b-3f2c-4924-96d9-8929bbbfb5dd: shutdown FollowerState
2019-10-04 09:43:36,393 [Thread-2333] INFO  impl.RaftServerImpl (RaftServerImpl.java:setRole(170)) - 06ecad9b-3f2c-4924-96d9-8929bbbfb5dd@group-11822827199D: changes role from  FOLLOWER to CANDIDATE at term 0 for changeToCandidate
2019-10-04 09:43:36,393 [Thread-2333] INFO  impl.RoleInfo (RoleInfo.java:updateAndGet(143)) - 06ecad9b-3f2c-4924-96d9-8929bbbfb5dd: start LeaderElection
2019-10-04 09:43:36,406 [16c950cb-68c6-46ca-881f-c1979330ce10@group-F91995323785-SegmentedRaftLogWorker] INFO  segmented.SegmentedRaftLogWorker (SegmentedRaftLogWorker.java:execute(574)) - 16c950cb-68c6-46ca-881f-c1979330ce10@group-F91995323785-SegmentedRaftLogWorker: created new log segment /workdir/hadoop-ozone/integration-test/target/test-dir/MiniOzoneClusterImpl-c65a9f33-2bff-4477-850d-5e53df459c98/datanode-1/data/ratis/4cce7db6-bbcb-4ea8-9579-f91995323785/current/log_inprogress_0
2019-10-04 09:43:36,444 [06ecad9b-3f2c-4924-96d9-8929bbbfb5dd@group-11822827199D-LeaderElection68] INFO  impl.LeaderElection (LeaderElection.java:askForVotes(178)) - 06ecad9b-3f2c-4924-96d9-8929bbbfb5dd@group-11822827199D-LeaderElection68: begin an election at term 1 for -1: [06ecad9b-3f2c-4924-96d9-8929bbbfb5dd:192.168.30.6:35091], old=null
2019-10-04 09:43:36,444 [06ecad9b-3f2c-4924-96d9-8929bbbfb5dd@group-11822827199D-LeaderElection68] INFO  impl.RoleInfo (RoleInfo.java:shutdownLeaderElection(134)) - 06ecad9b-3f2c-4924-96d9-8929bbbfb5dd: shutdown LeaderElection
2019-10-04 09:43:36,444 [06ecad9b-3f2c-4924-96d9-8929bbbfb5dd@group-11822827199D-LeaderElection68] INFO  impl.RaftServerImpl (RaftServerImpl.java:setRole(170)) - 06ecad9b-3f2c-4924-96d9-8929bbbfb5dd@group-11822827199D: changes role from CANDIDATE to LEADER at term 1 for changeToLeader
2019-10-04 09:43:36,444 [06ecad9b-3f2c-4924-96d9-8929bbbfb5dd@group-11822827199D-LeaderElection68] INFO  impl.RaftServerImpl (ServerState.java:setLeader(255)) - 06ecad9b-3f2c-4924-96d9-8929bbbfb5dd@group-11822827199D: change Leader from null to 06ecad9b-3f2c-4924-96d9-8929bbbfb5dd at term 1 for becomeLeader, leader elected after 5210ms
2019-10-04 09:43:36,444 [06ecad9b-3f2c-4924-96d9-8929bbbfb5dd@group-11822827199D-LeaderElection68] INFO  server.RaftServerConfigKeys (ConfUtils.java:logGet(43)) - raft.server.staging.catchup.gap = 1000 (default)
2019-10-04 09:43:36,445 [06ecad9b-3f2c-4924-96d9-8929bbbfb5dd@group-11822827199D-LeaderElection68] INFO  server.RaftServerConfigKeys (ConfUtils.java:logGet(43)) - raft.server.rpc.sleep.time = 25ms (default)
2019-10-04 09:43:36,445 [06ecad9b-3f2c-4924-96d9-8929bbbfb5dd@group-11822827199D-LeaderElection68] INFO  server.RaftServerConfigKeys (ConfUtils.java:logGet(43)) - raft.server.write.element-limit = 4096 (default)
2019-10-04 09:43:36,445 [06ecad9b-3f2c-4924-96d9-8929bbbfb5dd@group-11822827199D-LeaderElection68] INFO  server.RaftServerConfigKeys (ConfUtils.java:logGet(43)) - raft.server.watch.timeout = 10s (default)
2019-10-04 09:43:36,445 [06ecad9b-3f2c-4924-96d9-8929bbbfb5dd@group-11822827199D-LeaderElection68] INFO  server.RaftServerConfigKeys (ConfUtils.java:logGet(43)) - raft.server.watch.timeout.denomination = 1s (default)
2019-10-04 09:43:36,445 [06ecad9b-3f2c-4924-96d9-8929bbbfb5dd@group-11822827199D-LeaderElection68] INFO  server.RaftServerConfigKeys (ConfUtils.java:logGet(43)) - raft.server.watch.element-limit = 65536 (default)
2019-10-04 09:43:36,447 [06ecad9b-3f2c-4924-96d9-8929bbbfb5dd@group-11822827199D-LeaderElection68] INFO  impl.RoleInfo (RoleInfo.java:updateAndGet(143)) - 06ecad9b-3f2c-4924-96d9-8929bbbfb5dd: start LeaderState
2019-10-04 09:43:36,447 [06ecad9b-3f2c-4924-96d9-8929bbbfb5dd@group-11822827199D-LeaderElection68] INFO  segmented.SegmentedRaftLogWorker (SegmentedRaftLogWorker.java:startLogSegment(385)) - 06ecad9b-3f2c-4924-96d9-8929bbbfb5dd@group-11822827199D-SegmentedRaftLogWorker: Starting segment from index:0
2019-10-04 09:43:36,448 [06ecad9b-3f2c-4924-96d9-8929bbbfb5dd@group-11822827199D-LeaderElection68] INFO  impl.RaftServerImpl (ServerState.java:setRaftConf(356)) - 06ecad9b-3f2c-4924-96d9-8929bbbfb5dd@group-11822827199D: set configuration 0: [06ecad9b-3f2c-4924-96d9-8929bbbfb5dd:192.168.30.6:35091], old=null at 0
2019-10-04 09:43:36,502 [06ecad9b-3f2c-4924-96d9-8929bbbfb5dd@group-11822827199D-SegmentedRaftLogWorker] INFO  segmented.SegmentedRaftLogWorker (SegmentedRaftLogWorker.java:execute(574)) - 06ecad9b-3f2c-4924-96d9-8929bbbfb5dd@group-11822827199D-SegmentedRaftLogWorker: created new log segment /workdir/hadoop-ozone/integration-test/target/test-dir/MiniOzoneClusterImpl-c65a9f33-2bff-4477-850d-5e53df459c98/datanode-0/data/ratis/44e48569-34c3-4eb6-8ff2-11822827199d/current/log_inprogress_0
2019-10-04 09:43:36,545 [Thread-2339] INFO  impl.FollowerState (FollowerState.java:run(108)) - 8fe97c1e-c534-45a4-ab13-671ba8870a46@group-876D5D27E277-FollowerState: change to CANDIDATE, lastRpcTime:5154ms, electionTimeout:5154ms
2019-10-04 09:43:36,545 [Thread-2339] INFO  impl.RoleInfo (RoleInfo.java:shutdownFollowerState(121)) - 8fe97c1e-c534-45a4-ab13-671ba8870a46: shutdown FollowerState
2019-10-04 09:43:36,545 [Thread-2339] INFO  impl.RaftServerImpl (RaftServerImpl.java:setRole(170)) - 8fe97c1e-c534-45a4-ab13-671ba8870a46@group-876D5D27E277: changes role from  FOLLOWER to CANDIDATE at term 0 for changeToCandidate
2019-10-04 09:43:36,545 [Thread-2339] INFO  impl.RoleInfo (RoleInfo.java:updateAndGet(143)) - 8fe97c1e-c534-45a4-ab13-671ba8870a46: start LeaderElection
2019-10-04 09:43:36,562 [Thread-2345] INFO  impl.FollowerState (FollowerState.java:run(108)) - 73c45829-ef62-467e-a4f4-d0fd0f474f59@group-A99BF1887E77-FollowerState: change to CANDIDATE, lastRpcTime:5012ms, electionTimeout:5012ms
2019-10-04 09:43:36,562 [Thread-2345] INFO  impl.RoleInfo (RoleInfo.java:shutdownFollowerState(121)) - 73c45829-ef62-467e-a4f4-d0fd0f474f59: shutdown FollowerState
2019-10-04 09:43:36,562 [Thread-2345] INFO  impl.RaftServerImpl (RaftServerImpl.java:setRole(170)) - 73c45829-ef62-467e-a4f4-d0fd0f474f59@group-A99BF1887E77: changes role from  FOLLOWER to CANDIDATE at term 0 for changeToCandidate
2019-10-04 09:43:36,563 [Thread-2345] INFO  impl.RoleInfo (RoleInfo.java:updateAndGet(143)) - 73c45829-ef62-467e-a4f4-d0fd0f474f59: start LeaderElection
2019-10-04 09:43:36,575 [Thread-2342] INFO  impl.FollowerState (FollowerState.java:run(108)) - c1e70d53-73d9-4656-a6a4-0515e55a50c3@group-9D62EA26E590-FollowerState: change to CANDIDATE, lastRpcTime:5104ms, electionTimeout:5104ms
2019-10-04 09:43:36,575 [Thread-2342] INFO  impl.RoleInfo (RoleInfo.java:shutdownFollowerState(121)) - c1e70d53-73d9-4656-a6a4-0515e55a50c3: shutdown FollowerState
2019-10-04 09:43:36,575 [Thread-2342] INFO  impl.RaftServerImpl (RaftServerImpl.java:setRole(170)) - c1e70d53-73d9-4656-a6a4-0515e55a50c3@group-9D62EA26E590: changes role from  FOLLOWER to CANDIDATE at term 0 for changeToCandidate
2019-10-04 09:43:36,575 [Thread-2342] INFO  impl.RoleInfo (RoleInfo.java:updateAndGet(143)) - c1e70d53-73d9-4656-a6a4-0515e55a50c3: start LeaderElection
2019-10-04 09:43:36,578 [8fe97c1e-c534-45a4-ab13-671ba8870a46@group-876D5D27E277-LeaderElection69] INFO  impl.LeaderElection (LeaderElection.java:askForVotes(178)) - 8fe97c1e-c534-45a4-ab13-671ba8870a46@group-876D5D27E277-LeaderElection69: begin an election at term 1 for -1: [8fe97c1e-c534-45a4-ab13-671ba8870a46:192.168.30.6:33848], old=null
2019-10-04 09:43:36,583 [8fe97c1e-c534-45a4-ab13-671ba8870a46@group-876D5D27E277-LeaderElection69] INFO  impl.RoleInfo (RoleInfo.java:shutdownLeaderElection(134)) - 8fe97c1e-c534-45a4-ab13-671ba8870a46: shutdown LeaderElection
2019-10-04 09:43:36,584 [8fe97c1e-c534-45a4-ab13-671ba8870a46@group-876D5D27E277-LeaderElection69] INFO  impl.RaftServerImpl (RaftServerImpl.java:setRole(170)) - 8fe97c1e-c534-45a4-ab13-671ba8870a46@group-876D5D27E277: changes role from CANDIDATE to LEADER at term 1 for changeToLeader
2019-10-04 09:43:36,584 [8fe97c1e-c534-45a4-ab13-671ba8870a46@group-876D5D27E277-LeaderElection69] INFO  impl.RaftServerImpl (ServerState.java:setLeader(255)) - 8fe97c1e-c534-45a4-ab13-671ba8870a46@group-876D5D27E277: change Leader from null to 8fe97c1e-c534-45a4-ab13-671ba8870a46 at term 1 for becomeLeader, leader elected after 5201ms
2019-10-04 09:43:36,584 [8fe97c1e-c534-45a4-ab13-671ba8870a46@group-876D5D27E277-LeaderElection69] INFO  server.RaftServerConfigKeys (ConfUtils.java:logGet(43)) - raft.server.staging.catchup.gap = 1000 (default)
2019-10-04 09:43:36,584 [8fe97c1e-c534-45a4-ab13-671ba8870a46@group-876D5D27E277-LeaderElection69] INFO  server.RaftServerConfigKeys (ConfUtils.java:logGet(43)) - raft.server.rpc.sleep.time = 25ms (default)
2019-10-04 09:43:36,584 [8fe97c1e-c534-45a4-ab13-671ba8870a46@group-876D5D27E277-LeaderElection69] INFO  server.RaftServerConfigKeys (ConfUtils.java:logGet(43)) - raft.server.write.element-limit = 4096 (default)
2019-10-04 09:43:36,584 [8fe97c1e-c534-45a4-ab13-671ba8870a46@group-876D5D27E277-LeaderElection69] INFO  server.RaftServerConfigKeys (ConfUtils.java:logGet(43)) - raft.server.watch.timeout = 10s (default)
2019-10-04 09:43:36,584 [8fe97c1e-c534-45a4-ab13-671ba8870a46@group-876D5D27E277-LeaderElection69] INFO  server.RaftServerConfigKeys (ConfUtils.java:logGet(43)) - raft.server.watch.timeout.denomination = 1s (default)
2019-10-04 09:43:36,584 [8fe97c1e-c534-45a4-ab13-671ba8870a46@group-876D5D27E277-LeaderElection69] INFO  server.RaftServerConfigKeys (ConfUtils.java:logGet(43)) - raft.server.watch.element-limit = 65536 (default)
2019-10-04 09:43:36,586 [8fe97c1e-c534-45a4-ab13-671ba8870a46@group-876D5D27E277-LeaderElection69] INFO  impl.RoleInfo (RoleInfo.java:updateAndGet(143)) - 8fe97c1e-c534-45a4-ab13-671ba8870a46: start LeaderState
2019-10-04 09:43:36,586 [8fe97c1e-c534-45a4-ab13-671ba8870a46@group-876D5D27E277-LeaderElection69] INFO  segmented.SegmentedRaftLogWorker (SegmentedRaftLogWorker.java:startLogSegment(385)) - 8fe97c1e-c534-45a4-ab13-671ba8870a46@group-876D5D27E277-SegmentedRaftLogWorker: Starting segment from index:0
2019-10-04 09:43:36,587 [8fe97c1e-c534-45a4-ab13-671ba8870a46@group-876D5D27E277-LeaderElection69] INFO  impl.RaftServerImpl (ServerState.java:setRaftConf(356)) - 8fe97c1e-c534-45a4-ab13-671ba8870a46@group-876D5D27E277: set configuration 0: [8fe97c1e-c534-45a4-ab13-671ba8870a46:192.168.30.6:33848], old=null at 0
2019-10-04 09:43:36,595 [73c45829-ef62-467e-a4f4-d0fd0f474f59@group-A99BF1887E77-LeaderElection70] INFO  impl.LeaderElection (LeaderElection.java:askForVotes(178)) - 73c45829-ef62-467e-a4f4-d0fd0f474f59@group-A99BF1887E77-LeaderElection70: begin an election at term 1 for -1: [73c45829-ef62-467e-a4f4-d0fd0f474f59:192.168.30.6:45100], old=null
2019-10-04 09:43:36,595 [73c45829-ef62-467e-a4f4-d0fd0f474f59@group-A99BF1887E77-LeaderElection70] INFO  impl.RoleInfo (RoleInfo.java:shutdownLeaderElection(134)) - 73c45829-ef62-467e-a4f4-d0fd0f474f59: shutdown LeaderElection
2019-10-04 09:43:36,595 [73c45829-ef62-467e-a4f4-d0fd0f474f59@group-A99BF1887E77-LeaderElection70] INFO  impl.RaftServerImpl (RaftServerImpl.java:setRole(170)) - 73c45829-ef62-467e-a4f4-d0fd0f474f59@group-A99BF1887E77: changes role from CANDIDATE to LEADER at term 1 for changeToLeader
2019-10-04 09:43:36,595 [73c45829-ef62-467e-a4f4-d0fd0f474f59@group-A99BF1887E77-LeaderElection70] INFO  impl.RaftServerImpl (ServerState.java:setLeader(255)) - 73c45829-ef62-467e-a4f4-d0fd0f474f59@group-A99BF1887E77: change Leader from null to 73c45829-ef62-467e-a4f4-d0fd0f474f59 at term 1 for becomeLeader, leader elected after 5054ms
2019-10-04 09:43:36,596 [73c45829-ef62-467e-a4f4-d0fd0f474f59@group-A99BF1887E77-LeaderElection70] INFO  server.RaftServerConfigKeys (ConfUtils.java:logGet(43)) - raft.server.staging.catchup.gap = 1000 (default)
2019-10-04 09:43:36,596 [73c45829-ef62-467e-a4f4-d0fd0f474f59@group-A99BF1887E77-LeaderElection70] INFO  server.RaftServerConfigKeys (ConfUtils.java:logGet(43)) - raft.server.rpc.sleep.time = 25ms (default)
2019-10-04 09:43:36,596 [73c45829-ef62-467e-a4f4-d0fd0f474f59@group-A99BF1887E77-LeaderElection70] INFO  server.RaftServerConfigKeys (ConfUtils.java:logGet(43)) - raft.server.write.element-limit = 4096 (default)
2019-10-04 09:43:36,596 [73c45829-ef62-467e-a4f4-d0fd0f474f59@group-A99BF1887E77-LeaderElection70] INFO  server.RaftServerConfigKeys (ConfUtils.java:logGet(43)) - raft.server.watch.timeout = 10s (default)
2019-10-04 09:43:36,596 [73c45829-ef62-467e-a4f4-d0fd0f474f59@group-A99BF1887E77-LeaderElection70] INFO  server.RaftServerConfigKeys (ConfUtils.java:logGet(43)) - raft.server.watch.timeout.denomination = 1s (default)
2019-10-04 09:43:36,596 [73c45829-ef62-467e-a4f4-d0fd0f474f59@group-A99BF1887E77-LeaderElection70] INFO  server.RaftServerConfigKeys (ConfUtils.java:logGet(43)) - raft.server.watch.element-limit = 65536 (default)
2019-10-04 09:43:36,599 [73c45829-ef62-467e-a4f4-d0fd0f474f59@group-A99BF1887E77-LeaderElection70] INFO  impl.RoleInfo (RoleInfo.java:updateAndGet(143)) - 73c45829-ef62-467e-a4f4-d0fd0f474f59: start LeaderState
2019-10-04 09:43:36,599 [73c45829-ef62-467e-a4f4-d0fd0f474f59@group-A99BF1887E77-LeaderElection70] INFO  segmented.SegmentedRaftLogWorker (SegmentedRaftLogWorker.java:startLogSegment(385)) - 73c45829-ef62-467e-a4f4-d0fd0f474f59@group-A99BF1887E77-SegmentedRaftLogWorker: Starting segment from index:0
2019-10-04 09:43:36,600 [73c45829-ef62-467e-a4f4-d0fd0f474f59@group-A99BF1887E77-LeaderElection70] INFO  impl.RaftServerImpl (ServerState.java:setRaftConf(356)) - 73c45829-ef62-467e-a4f4-d0fd0f474f59@group-A99BF1887E77: set configuration 0: [73c45829-ef62-467e-a4f4-d0fd0f474f59:192.168.30.6:45100], old=null at 0
2019-10-04 09:43:36,612 [c1e70d53-73d9-4656-a6a4-0515e55a50c3@group-9D62EA26E590-LeaderElection71] INFO  impl.LeaderElection (LeaderElection.java:askForVotes(178)) - c1e70d53-73d9-4656-a6a4-0515e55a50c3@group-9D62EA26E590-LeaderElection71: begin an election at term 1 for -1: [c1e70d53-73d9-4656-a6a4-0515e55a50c3:192.168.30.6:35169], old=null
2019-10-04 09:43:36,612 [c1e70d53-73d9-4656-a6a4-0515e55a50c3@group-9D62EA26E590-LeaderElection71] INFO  impl.RoleInfo (RoleInfo.java:shutdownLeaderElection(134)) - c1e70d53-73d9-4656-a6a4-0515e55a50c3: shutdown LeaderElection
2019-10-04 09:43:36,612 [c1e70d53-73d9-4656-a6a4-0515e55a50c3@group-9D62EA26E590-LeaderElection71] INFO  impl.RaftServerImpl (RaftServerImpl.java:setRole(170)) - c1e70d53-73d9-4656-a6a4-0515e55a50c3@group-9D62EA26E590: changes role from CANDIDATE to LEADER at term 1 for changeToLeader
2019-10-04 09:43:36,612 [c1e70d53-73d9-4656-a6a4-0515e55a50c3@group-9D62EA26E590-LeaderElection71] INFO  impl.RaftServerImpl (ServerState.java:setLeader(255)) - c1e70d53-73d9-4656-a6a4-0515e55a50c3@group-9D62EA26E590: change Leader from null to c1e70d53-73d9-4656-a6a4-0515e55a50c3 at term 1 for becomeLeader, leader elected after 5147ms
2019-10-04 09:43:36,613 [c1e70d53-73d9-4656-a6a4-0515e55a50c3@group-9D62EA26E590-LeaderElection71] INFO  server.RaftServerConfigKeys (ConfUtils.java:logGet(43)) - raft.server.staging.catchup.gap = 1000 (default)
2019-10-04 09:43:36,613 [c1e70d53-73d9-4656-a6a4-0515e55a50c3@group-9D62EA26E590-LeaderElection71] INFO  server.RaftServerConfigKeys (ConfUtils.java:logGet(43)) - raft.server.rpc.sleep.time = 25ms (default)
2019-10-04 09:43:36,613 [c1e70d53-73d9-4656-a6a4-0515e55a50c3@group-9D62EA26E590-LeaderElection71] INFO  server.RaftServerConfigKeys (ConfUtils.java:logGet(43)) - raft.server.write.element-limit = 4096 (default)
2019-10-04 09:43:36,613 [c1e70d53-73d9-4656-a6a4-0515e55a50c3@group-9D62EA26E590-LeaderElection71] INFO  server.RaftServerConfigKeys (ConfUtils.java:logGet(43)) - raft.server.watch.timeout = 10s (default)
2019-10-04 09:43:36,613 [c1e70d53-73d9-4656-a6a4-0515e55a50c3@group-9D62EA26E590-LeaderElection71] INFO  server.RaftServerConfigKeys (ConfUtils.java:logGet(43)) - raft.server.watch.timeout.denomination = 1s (default)
2019-10-04 09:43:36,613 [c1e70d53-73d9-4656-a6a4-0515e55a50c3@group-9D62EA26E590-LeaderElection71] INFO  server.RaftServerConfigKeys (ConfUtils.java:logGet(43)) - raft.server.watch.element-limit = 65536 (default)
2019-10-04 09:43:36,615 [c1e70d53-73d9-4656-a6a4-0515e55a50c3@group-9D62EA26E590-LeaderElection71] INFO  impl.RoleInfo (RoleInfo.java:updateAndGet(143)) - c1e70d53-73d9-4656-a6a4-0515e55a50c3: start LeaderState
2019-10-04 09:43:36,615 [c1e70d53-73d9-4656-a6a4-0515e55a50c3@group-9D62EA26E590-LeaderElection71] INFO  segmented.SegmentedRaftLogWorker (SegmentedRaftLogWorker.java:startLogSegment(385)) - c1e70d53-73d9-4656-a6a4-0515e55a50c3@group-9D62EA26E590-SegmentedRaftLogWorker: Starting segment from index:0
2019-10-04 09:43:36,616 [c1e70d53-73d9-4656-a6a4-0515e55a50c3@group-9D62EA26E590-LeaderElection71] INFO  impl.RaftServerImpl (ServerState.java:setRaftConf(356)) - c1e70d53-73d9-4656-a6a4-0515e55a50c3@group-9D62EA26E590: set configuration 0: [c1e70d53-73d9-4656-a6a4-0515e55a50c3:192.168.30.6:35169], old=null at 0
2019-10-04 09:43:36,646 [8fe97c1e-c534-45a4-ab13-671ba8870a46@group-876D5D27E277-SegmentedRaftLogWorker] INFO  segmented.SegmentedRaftLogWorker (SegmentedRaftLogWorker.java:execute(574)) - 8fe97c1e-c534-45a4-ab13-671ba8870a46@group-876D5D27E277-SegmentedRaftLogWorker: created new log segment /workdir/hadoop-ozone/integration-test/target/test-dir/MiniOzoneClusterImpl-c65a9f33-2bff-4477-850d-5e53df459c98/datanode-2/data/ratis/a53716f4-1391-44ce-b545-876d5d27e277/current/log_inprogress_0
2019-10-04 09:43:36,663 [c1e70d53-73d9-4656-a6a4-0515e55a50c3@group-9D62EA26E590-SegmentedRaftLogWorker] INFO  segmented.SegmentedRaftLogWorker (SegmentedRaftLogWorker.java:execute(574)) - c1e70d53-73d9-4656-a6a4-0515e55a50c3@group-9D62EA26E590-SegmentedRaftLogWorker: created new log segment /workdir/hadoop-ozone/integration-test/target/test-dir/MiniOzoneClusterImpl-c65a9f33-2bff-4477-850d-5e53df459c98/datanode-3/data/ratis/1720f2c0-e008-44a9-bd09-9d62ea26e590/current/log_inprogress_0
2019-10-04 09:43:36,663 [73c45829-ef62-467e-a4f4-d0fd0f474f59@group-A99BF1887E77-SegmentedRaftLogWorker] INFO  segmented.SegmentedRaftLogWorker (SegmentedRaftLogWorker.java:execute(574)) - 73c45829-ef62-467e-a4f4-d0fd0f474f59@group-A99BF1887E77-SegmentedRaftLogWorker: created new log segment /workdir/hadoop-ozone/integration-test/target/test-dir/MiniOzoneClusterImpl-c65a9f33-2bff-4477-850d-5e53df459c98/datanode-4/data/ratis/102792a3-86f5-4683-8427-a99bf1887e77/current/log_inprogress_0
2019-10-04 09:43:36,758 [Thread-2350] INFO  impl.FollowerState (FollowerState.java:run(108)) - 908f0e43-5145-4e5a-b10e-86b93a4f4078@group-956FDB685BD0-FollowerState: change to CANDIDATE, lastRpcTime:5099ms, electionTimeout:5099ms
2019-10-04 09:43:36,758 [Thread-2350] INFO  impl.RoleInfo (RoleInfo.java:shutdownFollowerState(121)) - 908f0e43-5145-4e5a-b10e-86b93a4f4078: shutdown FollowerState
2019-10-04 09:43:36,758 [Thread-2350] INFO  impl.RaftServerImpl (RaftServerImpl.java:setRole(170)) - 908f0e43-5145-4e5a-b10e-86b93a4f4078@group-956FDB685BD0: changes role from  FOLLOWER to CANDIDATE at term 0 for changeToCandidate
2019-10-04 09:43:36,758 [Thread-2350] INFO  impl.RoleInfo (RoleInfo.java:updateAndGet(143)) - 908f0e43-5145-4e5a-b10e-86b93a4f4078: start LeaderElection
2019-10-04 09:43:36,788 [908f0e43-5145-4e5a-b10e-86b93a4f4078@group-956FDB685BD0-LeaderElection72] INFO  impl.LeaderElection (LeaderElection.java:askForVotes(178)) - 908f0e43-5145-4e5a-b10e-86b93a4f4078@group-956FDB685BD0-LeaderElection72: begin an election at term 1 for -1: [908f0e43-5145-4e5a-b10e-86b93a4f4078:192.168.30.6:33856], old=null
2019-10-04 09:43:36,789 [908f0e43-5145-4e5a-b10e-86b93a4f4078@group-956FDB685BD0-LeaderElection72] INFO  impl.RoleInfo (RoleInfo.java:shutdownLeaderElection(134)) - 908f0e43-5145-4e5a-b10e-86b93a4f4078: shutdown LeaderElection
2019-10-04 09:43:36,789 [908f0e43-5145-4e5a-b10e-86b93a4f4078@group-956FDB685BD0-LeaderElection72] INFO  impl.RaftServerImpl (RaftServerImpl.java:setRole(170)) - 908f0e43-5145-4e5a-b10e-86b93a4f4078@group-956FDB685BD0: changes role from CANDIDATE to LEADER at term 1 for changeToLeader
2019-10-04 09:43:36,789 [908f0e43-5145-4e5a-b10e-86b93a4f4078@group-956FDB685BD0-LeaderElection72] INFO  impl.RaftServerImpl (ServerState.java:setLeader(255)) - 908f0e43-5145-4e5a-b10e-86b93a4f4078@group-956FDB685BD0: change Leader from null to 908f0e43-5145-4e5a-b10e-86b93a4f4078 at term 1 for becomeLeader, leader elected after 5139ms
2019-10-04 09:43:36,789 [908f0e43-5145-4e5a-b10e-86b93a4f4078@group-956FDB685BD0-LeaderElection72] INFO  server.RaftServerConfigKeys (ConfUtils.java:logGet(43)) - raft.server.staging.catchup.gap = 1000 (default)
2019-10-04 09:43:36,789 [908f0e43-5145-4e5a-b10e-86b93a4f4078@group-956FDB685BD0-LeaderElection72] INFO  server.RaftServerConfigKeys (ConfUtils.java:logGet(43)) - raft.server.rpc.sleep.time = 25ms (default)
2019-10-04 09:43:36,789 [908f0e43-5145-4e5a-b10e-86b93a4f4078@group-956FDB685BD0-LeaderElection72] INFO  server.RaftServerConfigKeys (ConfUtils.java:logGet(43)) - raft.server.write.element-limit = 4096 (default)
2019-10-04 09:43:36,790 [908f0e43-5145-4e5a-b10e-86b93a4f4078@group-956FDB685BD0-LeaderElection72] INFO  server.RaftServerConfigKeys (ConfUtils.java:logGet(43)) - raft.server.watch.timeout = 10s (default)
2019-10-04 09:43:36,790 [908f0e43-5145-4e5a-b10e-86b93a4f4078@group-956FDB685BD0-LeaderElection72] INFO  server.RaftServerConfigKeys (ConfUtils.java:logGet(43)) - raft.server.watch.timeout.denomination = 1s (default)
2019-10-04 09:43:36,790 [908f0e43-5145-4e5a-b10e-86b93a4f4078@group-956FDB685BD0-LeaderElection72] INFO  server.RaftServerConfigKeys (ConfUtils.java:logGet(43)) - raft.server.watch.element-limit = 65536 (default)
2019-10-04 09:43:36,791 [908f0e43-5145-4e5a-b10e-86b93a4f4078@group-956FDB685BD0-LeaderElection72] INFO  impl.RoleInfo (RoleInfo.java:updateAndGet(143)) - 908f0e43-5145-4e5a-b10e-86b93a4f4078: start LeaderState
2019-10-04 09:43:36,792 [908f0e43-5145-4e5a-b10e-86b93a4f4078@group-956FDB685BD0-LeaderElection72] INFO  segmented.SegmentedRaftLogWorker (SegmentedRaftLogWorker.java:startLogSegment(385)) - 908f0e43-5145-4e5a-b10e-86b93a4f4078@group-956FDB685BD0-SegmentedRaftLogWorker: Starting segment from index:0
2019-10-04 09:43:36,792 [908f0e43-5145-4e5a-b10e-86b93a4f4078@group-956FDB685BD0-LeaderElection72] INFO  impl.RaftServerImpl (ServerState.java:setRaftConf(356)) - 908f0e43-5145-4e5a-b10e-86b93a4f4078@group-956FDB685BD0: set configuration 0: [908f0e43-5145-4e5a-b10e-86b93a4f4078:192.168.30.6:33856], old=null at 0
2019-10-04 09:43:36,803 [Thread-2353] INFO  impl.FollowerState (FollowerState.java:run(108)) - 082ec413-b49a-4801-88e1-09b3e4261059@group-E1943BA9EAC1-FollowerState: change to CANDIDATE, lastRpcTime:5075ms, electionTimeout:5075ms
2019-10-04 09:43:36,803 [Thread-2353] INFO  impl.RoleInfo (RoleInfo.java:shutdownFollowerState(121)) - 082ec413-b49a-4801-88e1-09b3e4261059: shutdown FollowerState
2019-10-04 09:43:36,803 [Thread-2353] INFO  impl.RaftServerImpl (RaftServerImpl.java:setRole(170)) - 082ec413-b49a-4801-88e1-09b3e4261059@group-E1943BA9EAC1: changes role from  FOLLOWER to CANDIDATE at term 0 for changeToCandidate
2019-10-04 09:43:36,803 [Thread-2353] INFO  impl.RoleInfo (RoleInfo.java:updateAndGet(143)) - 082ec413-b49a-4801-88e1-09b3e4261059: start LeaderElection
2019-10-04 09:43:36,818 [Thread-2357] INFO  impl.FollowerState (FollowerState.java:run(108)) - 16c950cb-68c6-46ca-881f-c1979330ce10@group-8FFF2C24A969-FollowerState: change to CANDIDATE, lastRpcTime:5013ms, electionTimeout:5012ms
2019-10-04 09:43:36,821 [Thread-2357] INFO  impl.RoleInfo (RoleInfo.java:shutdownFollowerState(121)) - 16c950cb-68c6-46ca-881f-c1979330ce10: shutdown FollowerState
2019-10-04 09:43:36,822 [Thread-2357] INFO  impl.RaftServerImpl (RaftServerImpl.java:setRole(170)) - 16c950cb-68c6-46ca-881f-c1979330ce10@group-8FFF2C24A969: changes role from  FOLLOWER to CANDIDATE at term 0 for changeToCandidate
2019-10-04 09:43:36,822 [Thread-2357] INFO  impl.RoleInfo (RoleInfo.java:updateAndGet(143)) - 16c950cb-68c6-46ca-881f-c1979330ce10: start LeaderElection
2019-10-04 09:43:36,847 [908f0e43-5145-4e5a-b10e-86b93a4f4078@group-956FDB685BD0-SegmentedRaftLogWorker] INFO  segmented.SegmentedRaftLogWorker (SegmentedRaftLogWorker.java:execute(574)) - 908f0e43-5145-4e5a-b10e-86b93a4f4078@group-956FDB685BD0-SegmentedRaftLogWorker: created new log segment /workdir/hadoop-ozone/integration-test/target/test-dir/MiniOzoneClusterImpl-c65a9f33-2bff-4477-850d-5e53df459c98/datanode-6/data/ratis/5db0d372-092e-483f-920e-956fdb685bd0/current/log_inprogress_0
2019-10-04 09:43:36,847 [16c950cb-68c6-46ca-881f-c1979330ce10@group-8FFF2C24A969-LeaderElection74] INFO  impl.LeaderElection (LeaderElection.java:askForVotes(178)) - 16c950cb-68c6-46ca-881f-c1979330ce10@group-8FFF2C24A969-LeaderElection74: begin an election at term 1 for -1: [16c950cb-68c6-46ca-881f-c1979330ce10:192.168.30.6:36036, c1e70d53-73d9-4656-a6a4-0515e55a50c3:192.168.30.6:35169, 908f0e43-5145-4e5a-b10e-86b93a4f4078:192.168.30.6:33856], old=null
2019-10-04 09:43:36,847 [082ec413-b49a-4801-88e1-09b3e4261059@group-E1943BA9EAC1-LeaderElection73] INFO  impl.LeaderElection (LeaderElection.java:askForVotes(178)) - 082ec413-b49a-4801-88e1-09b3e4261059@group-E1943BA9EAC1-LeaderElection73: begin an election at term 1 for -1: [082ec413-b49a-4801-88e1-09b3e4261059:192.168.30.6:38172], old=null
2019-10-04 09:43:36,848 [082ec413-b49a-4801-88e1-09b3e4261059@group-E1943BA9EAC1-LeaderElection73] INFO  impl.RoleInfo (RoleInfo.java:shutdownLeaderElection(134)) - 082ec413-b49a-4801-88e1-09b3e4261059: shutdown LeaderElection
2019-10-04 09:43:36,848 [082ec413-b49a-4801-88e1-09b3e4261059@group-E1943BA9EAC1-LeaderElection73] INFO  impl.RaftServerImpl (RaftServerImpl.java:setRole(170)) - 082ec413-b49a-4801-88e1-09b3e4261059@group-E1943BA9EAC1: changes role from CANDIDATE to LEADER at term 1 for changeToLeader
2019-10-04 09:43:36,848 [082ec413-b49a-4801-88e1-09b3e4261059@group-E1943BA9EAC1-LeaderElection73] INFO  impl.RaftServerImpl (ServerState.java:setLeader(255)) - 082ec413-b49a-4801-88e1-09b3e4261059@group-E1943BA9EAC1: change Leader from null to 082ec413-b49a-4801-88e1-09b3e4261059 at term 1 for becomeLeader, leader elected after 5126ms
2019-10-04 09:43:36,848 [082ec413-b49a-4801-88e1-09b3e4261059@group-E1943BA9EAC1-LeaderElection73] INFO  server.RaftServerConfigKeys (ConfUtils.java:logGet(43)) - raft.server.staging.catchup.gap = 1000 (default)
2019-10-04 09:43:36,848 [082ec413-b49a-4801-88e1-09b3e4261059@group-E1943BA9EAC1-LeaderElection73] INFO  server.RaftServerConfigKeys (ConfUtils.java:logGet(43)) - raft.server.rpc.sleep.time = 25ms (default)
2019-10-04 09:43:36,848 [082ec413-b49a-4801-88e1-09b3e4261059@group-E1943BA9EAC1-LeaderElection73] INFO  server.RaftServerConfigKeys (ConfUtils.java:logGet(43)) - raft.server.write.element-limit = 4096 (default)
2019-10-04 09:43:36,849 [082ec413-b49a-4801-88e1-09b3e4261059@group-E1943BA9EAC1-LeaderElection73] INFO  server.RaftServerConfigKeys (ConfUtils.java:logGet(43)) - raft.server.watch.timeout = 10s (default)
2019-10-04 09:43:36,849 [082ec413-b49a-4801-88e1-09b3e4261059@group-E1943BA9EAC1-LeaderElection73] INFO  server.RaftServerConfigKeys (ConfUtils.java:logGet(43)) - raft.server.watch.timeout.denomination = 1s (default)
2019-10-04 09:43:36,849 [082ec413-b49a-4801-88e1-09b3e4261059@group-E1943BA9EAC1-LeaderElection73] INFO  server.RaftServerConfigKeys (ConfUtils.java:logGet(43)) - raft.server.watch.element-limit = 65536 (default)
2019-10-04 09:43:36,850 [082ec413-b49a-4801-88e1-09b3e4261059@group-E1943BA9EAC1-LeaderElection73] INFO  impl.RoleInfo (RoleInfo.java:updateAndGet(143)) - 082ec413-b49a-4801-88e1-09b3e4261059: start LeaderState
2019-10-04 09:43:36,850 [082ec413-b49a-4801-88e1-09b3e4261059@group-E1943BA9EAC1-LeaderElection73] INFO  segmented.SegmentedRaftLogWorker (SegmentedRaftLogWorker.java:startLogSegment(385)) - 082ec413-b49a-4801-88e1-09b3e4261059@group-E1943BA9EAC1-SegmentedRaftLogWorker: Starting segment from index:0
2019-10-04 09:43:36,851 [082ec413-b49a-4801-88e1-09b3e4261059@group-E1943BA9EAC1-LeaderElection73] INFO  impl.RaftServerImpl (ServerState.java:setRaftConf(356)) - 082ec413-b49a-4801-88e1-09b3e4261059@group-E1943BA9EAC1: set configuration 0: [082ec413-b49a-4801-88e1-09b3e4261059:192.168.30.6:38172], old=null at 0
2019-10-04 09:43:36,851 [grpc-default-executor-1] INFO  impl.RaftServerImpl (RaftServerImpl.java:setRole(170)) - 908f0e43-5145-4e5a-b10e-86b93a4f4078@group-8FFF2C24A969: changes role from  FOLLOWER to FOLLOWER at term 1 for recognizeCandidate:16c950cb-68c6-46ca-881f-c1979330ce10
2019-10-04 09:43:36,852 [grpc-default-executor-1] INFO  impl.RoleInfo (RoleInfo.java:shutdownFollowerState(121)) - 908f0e43-5145-4e5a-b10e-86b93a4f4078: shutdown FollowerState
2019-10-04 09:43:36,851 [grpc-default-executor-0] INFO  impl.RaftServerImpl (RaftServerImpl.java:setRole(170)) - c1e70d53-73d9-4656-a6a4-0515e55a50c3@group-8FFF2C24A969: changes role from  FOLLOWER to FOLLOWER at term 1 for recognizeCandidate:16c950cb-68c6-46ca-881f-c1979330ce10
2019-10-04 09:43:36,852 [Thread-2360] INFO  impl.FollowerState (FollowerState.java:run(117)) - 908f0e43-5145-4e5a-b10e-86b93a4f4078@group-8FFF2C24A969-FollowerState was interrupted: java.lang.InterruptedException: sleep interrupted
2019-10-04 09:43:36,852 [grpc-default-executor-1] INFO  impl.RoleInfo (RoleInfo.java:updateAndGet(143)) - 908f0e43-5145-4e5a-b10e-86b93a4f4078: start FollowerState
2019-10-04 09:43:36,852 [grpc-default-executor-0] INFO  impl.RoleInfo (RoleInfo.java:shutdownFollowerState(121)) - c1e70d53-73d9-4656-a6a4-0515e55a50c3: shutdown FollowerState
2019-10-04 09:43:36,875 [grpc-default-executor-0] INFO  impl.RoleInfo (RoleInfo.java:updateAndGet(143)) - c1e70d53-73d9-4656-a6a4-0515e55a50c3: start FollowerState
2019-10-04 09:43:36,875 [Thread-2359] INFO  impl.FollowerState (FollowerState.java:run(117)) - c1e70d53-73d9-4656-a6a4-0515e55a50c3@group-8FFF2C24A969-FollowerState was interrupted: java.lang.InterruptedException: sleep interrupted
2019-10-04 09:43:36,897 [082ec413-b49a-4801-88e1-09b3e4261059@group-E1943BA9EAC1-SegmentedRaftLogWorker] INFO  segmented.SegmentedRaftLogWorker (SegmentedRaftLogWorker.java:execute(574)) - 082ec413-b49a-4801-88e1-09b3e4261059@group-E1943BA9EAC1-SegmentedRaftLogWorker: created new log segment /workdir/hadoop-ozone/integration-test/target/test-dir/MiniOzoneClusterImpl-c65a9f33-2bff-4477-850d-5e53df459c98/datanode-5/data/ratis/3875a63a-2bd9-4296-bba5-e1943ba9eac1/current/log_inprogress_0
2019-10-04 09:43:36,920 [16c950cb-68c6-46ca-881f-c1979330ce10@group-8FFF2C24A969-LeaderElection74] INFO  impl.LeaderElection (LeaderElection.java:logAndReturn(56)) - 16c950cb-68c6-46ca-881f-c1979330ce10@group-8FFF2C24A969-LeaderElection74: Election PASSED; received 1 response(s) [16c950cb-68c6-46ca-881f-c1979330ce10<-908f0e43-5145-4e5a-b10e-86b93a4f4078#0:OK-t1] and 0 exception(s); 16c950cb-68c6-46ca-881f-c1979330ce10@group-8FFF2C24A969:t1, leader=null, voted=16c950cb-68c6-46ca-881f-c1979330ce10, raftlog=16c950cb-68c6-46ca-881f-c1979330ce10@group-8FFF2C24A969-SegmentedRaftLog:OPENED:c-1,f-1,i0, conf=-1: [16c950cb-68c6-46ca-881f-c1979330ce10:192.168.30.6:36036, c1e70d53-73d9-4656-a6a4-0515e55a50c3:192.168.30.6:35169, 908f0e43-5145-4e5a-b10e-86b93a4f4078:192.168.30.6:33856], old=null
2019-10-04 09:43:36,920 [16c950cb-68c6-46ca-881f-c1979330ce10@group-8FFF2C24A969-LeaderElection74] INFO  impl.RoleInfo (RoleInfo.java:shutdownLeaderElection(134)) - 16c950cb-68c6-46ca-881f-c1979330ce10: shutdown LeaderElection
2019-10-04 09:43:36,921 [16c950cb-68c6-46ca-881f-c1979330ce10@group-8FFF2C24A969-LeaderElection74] INFO  impl.RaftServerImpl (RaftServerImpl.java:setRole(170)) - 16c950cb-68c6-46ca-881f-c1979330ce10@group-8FFF2C24A969: changes role from CANDIDATE to LEADER at term 1 for changeToLeader
2019-10-04 09:43:36,921 [16c950cb-68c6-46ca-881f-c1979330ce10@group-8FFF2C24A969-LeaderElection74] INFO  impl.RaftServerImpl (ServerState.java:setLeader(255)) - 16c950cb-68c6-46ca-881f-c1979330ce10@group-8FFF2C24A969: change Leader from null to 16c950cb-68c6-46ca-881f-c1979330ce10 at term 1 for becomeLeader, leader elected after 5125ms
2019-10-04 09:43:36,921 [16c950cb-68c6-46ca-881f-c1979330ce10@group-8FFF2C24A969-LeaderElection74] INFO  server.RaftServerConfigKeys (ConfUtils.java:logGet(43)) - raft.server.staging.catchup.gap = 1000 (default)
2019-10-04 09:43:36,921 [16c950cb-68c6-46ca-881f-c1979330ce10@group-8FFF2C24A969-LeaderElection74] INFO  server.RaftServerConfigKeys (ConfUtils.java:logGet(43)) - raft.server.rpc.sleep.time = 25ms (default)
2019-10-04 09:43:36,921 [16c950cb-68c6-46ca-881f-c1979330ce10@group-8FFF2C24A969-LeaderElection74] INFO  server.RaftServerConfigKeys (ConfUtils.java:logGet(43)) - raft.server.write.element-limit = 4096 (default)
2019-10-04 09:43:36,922 [16c950cb-68c6-46ca-881f-c1979330ce10@group-8FFF2C24A969-LeaderElection74] INFO  server.RaftServerConfigKeys (ConfUtils.java:logGet(43)) - raft.server.watch.timeout = 10s (default)
2019-10-04 09:43:36,922 [16c950cb-68c6-46ca-881f-c1979330ce10@group-8FFF2C24A969-LeaderElection74] INFO  server.RaftServerConfigKeys (ConfUtils.java:logGet(43)) - raft.server.watch.timeout.denomination = 1s (default)
2019-10-04 09:43:36,922 [16c950cb-68c6-46ca-881f-c1979330ce10@group-8FFF2C24A969-LeaderElection74] INFO  server.RaftServerConfigKeys (ConfUtils.java:logGet(43)) - raft.server.watch.element-limit = 65536 (default)
2019-10-04 09:43:36,924 [16c950cb-68c6-46ca-881f-c1979330ce10@group-8FFF2C24A969-LeaderElection74] INFO  server.RaftServerConfigKeys (ConfUtils.java:logGet(43)) - raft.server.log.appender.snapshot.chunk.size.max = 16MB (=16777216) (default)
2019-10-04 09:43:36,924 [16c950cb-68c6-46ca-881f-c1979330ce10@group-8FFF2C24A969-LeaderElection74] INFO  server.RaftServerConfigKeys (ConfUtils.java:logGet(43)) - raft.server.log.appender.buffer.byte-limit = 33554432 (custom)
2019-10-04 09:43:36,925 [16c950cb-68c6-46ca-881f-c1979330ce10@group-8FFF2C24A969-LeaderElection74] INFO  server.RaftServerConfigKeys (ConfUtils.java:logGet(43)) - raft.server.log.appender.buffer.element-limit = 1 (custom)
2019-10-04 09:43:36,925 [16c950cb-68c6-46ca-881f-c1979330ce10@group-8FFF2C24A969-LeaderElection74] INFO  grpc.GrpcConfigKeys$Server (ConfUtils.java:logGet(43)) - raft.grpc.server.leader.outstanding.appends.max = 128 (default)
2019-10-04 09:43:36,925 [16c950cb-68c6-46ca-881f-c1979330ce10@group-8FFF2C24A969-LeaderElection74] INFO  server.RaftServerConfigKeys (ConfUtils.java:logGet(43)) - raft.server.rpc.request.timeout = 3000ms (default)
2019-10-04 09:43:36,925 [16c950cb-68c6-46ca-881f-c1979330ce10@group-8FFF2C24A969-LeaderElection74] INFO  server.RaftServerConfigKeys (ConfUtils.java:logGet(43)) - raft.server.log.appender.install.snapshot.enabled = false (custom)
2019-10-04 09:43:36,926 [16c950cb-68c6-46ca-881f-c1979330ce10@group-8FFF2C24A969-LeaderElection74] INFO  server.RaftServerConfigKeys (ConfUtils.java:logGet(43)) - raft.server.log.appender.snapshot.chunk.size.max = 16MB (=16777216) (default)
2019-10-04 09:43:36,926 [16c950cb-68c6-46ca-881f-c1979330ce10@group-8FFF2C24A969-LeaderElection74] INFO  server.RaftServerConfigKeys (ConfUtils.java:logGet(43)) - raft.server.log.appender.buffer.byte-limit = 33554432 (custom)
2019-10-04 09:43:36,926 [16c950cb-68c6-46ca-881f-c1979330ce10@group-8FFF2C24A969-LeaderElection74] INFO  server.RaftServerConfigKeys (ConfUtils.java:logGet(43)) - raft.server.log.appender.buffer.element-limit = 1 (custom)
2019-10-04 09:43:36,926 [16c950cb-68c6-46ca-881f-c1979330ce10@group-8FFF2C24A969-LeaderElection74] INFO  grpc.GrpcConfigKeys$Server (ConfUtils.java:logGet(43)) - raft.grpc.server.leader.outstanding.appends.max = 128 (default)
2019-10-04 09:43:36,927 [16c950cb-68c6-46ca-881f-c1979330ce10@group-8FFF2C24A969-LeaderElection74] INFO  server.RaftServerConfigKeys (ConfUtils.java:logGet(43)) - raft.server.rpc.request.timeout = 3000ms (default)
2019-10-04 09:43:36,927 [16c950cb-68c6-46ca-881f-c1979330ce10@group-8FFF2C24A969-LeaderElection74] INFO  server.RaftServerConfigKeys (ConfUtils.java:logGet(43)) - raft.server.log.appender.install.snapshot.enabled = false (custom)
2019-10-04 09:43:36,927 [16c950cb-68c6-46ca-881f-c1979330ce10@group-8FFF2C24A969-LeaderElection74] INFO  impl.RoleInfo (RoleInfo.java:updateAndGet(143)) - 16c950cb-68c6-46ca-881f-c1979330ce10: start LeaderState
2019-10-04 09:43:36,927 [16c950cb-68c6-46ca-881f-c1979330ce10@group-8FFF2C24A969-LeaderElection74] INFO  segmented.SegmentedRaftLogWorker (SegmentedRaftLogWorker.java:startLogSegment(385)) - 16c950cb-68c6-46ca-881f-c1979330ce10@group-8FFF2C24A969-SegmentedRaftLogWorker: Starting segment from index:0
2019-10-04 09:43:36,928 [16c950cb-68c6-46ca-881f-c1979330ce10@group-8FFF2C24A969-LeaderElection74] INFO  impl.RaftServerImpl (ServerState.java:setRaftConf(356)) - 16c950cb-68c6-46ca-881f-c1979330ce10@group-8FFF2C24A969: set configuration 0: [16c950cb-68c6-46ca-881f-c1979330ce10:192.168.30.6:36036, c1e70d53-73d9-4656-a6a4-0515e55a50c3:192.168.30.6:35169, 908f0e43-5145-4e5a-b10e-86b93a4f4078:192.168.30.6:33856], old=null at 0
2019-10-04 09:43:36,966 [grpc-default-executor-1] INFO  impl.RaftServerImpl (ServerState.java:setLeader(255)) - c1e70d53-73d9-4656-a6a4-0515e55a50c3@group-8FFF2C24A969: change Leader from null to 16c950cb-68c6-46ca-881f-c1979330ce10 at term 1 for appendEntries, leader elected after 5170ms
2019-10-04 09:43:36,969 [Thread-2370] INFO  impl.FollowerState (FollowerState.java:run(108)) - 06ecad9b-3f2c-4924-96d9-8929bbbfb5dd@group-9129C55C5D75-FollowerState: change to CANDIDATE, lastRpcTime:5065ms, electionTimeout:5027ms
2019-10-04 09:43:36,966 [grpc-default-executor-0] INFO  impl.RaftServerImpl (ServerState.java:setLeader(255)) - 908f0e43-5145-4e5a-b10e-86b93a4f4078@group-8FFF2C24A969: change Leader from null to 16c950cb-68c6-46ca-881f-c1979330ce10 at term 1 for appendEntries, leader elected after 5170ms
2019-10-04 09:43:36,969 [Thread-2370] INFO  impl.RoleInfo (RoleInfo.java:shutdownFollowerState(121)) - 06ecad9b-3f2c-4924-96d9-8929bbbfb5dd: shutdown FollowerState
2019-10-04 09:43:36,969 [Thread-2370] INFO  impl.RaftServerImpl (RaftServerImpl.java:setRole(170)) - 06ecad9b-3f2c-4924-96d9-8929bbbfb5dd@group-9129C55C5D75: changes role from  FOLLOWER to CANDIDATE at term 0 for changeToCandidate
2019-10-04 09:43:36,969 [Thread-2370] INFO  impl.RoleInfo (RoleInfo.java:updateAndGet(143)) - 06ecad9b-3f2c-4924-96d9-8929bbbfb5dd: start LeaderElection
2019-10-04 09:43:36,979 [grpc-default-executor-1] INFO  impl.RaftServerImpl (ServerState.java:setRaftConf(356)) - c1e70d53-73d9-4656-a6a4-0515e55a50c3@group-8FFF2C24A969: set configuration 0: [16c950cb-68c6-46ca-881f-c1979330ce10:192.168.30.6:36036, c1e70d53-73d9-4656-a6a4-0515e55a50c3:192.168.30.6:35169, 908f0e43-5145-4e5a-b10e-86b93a4f4078:192.168.30.6:33856], old=null at 0
2019-10-04 09:43:36,979 [grpc-default-executor-0] INFO  impl.RaftServerImpl (ServerState.java:setRaftConf(356)) - 908f0e43-5145-4e5a-b10e-86b93a4f4078@group-8FFF2C24A969: set configuration 0: [16c950cb-68c6-46ca-881f-c1979330ce10:192.168.30.6:36036, c1e70d53-73d9-4656-a6a4-0515e55a50c3:192.168.30.6:35169, 908f0e43-5145-4e5a-b10e-86b93a4f4078:192.168.30.6:33856], old=null at 0
2019-10-04 09:43:36,979 [grpc-default-executor-1] INFO  segmented.SegmentedRaftLogWorker (SegmentedRaftLogWorker.java:startLogSegment(385)) - c1e70d53-73d9-4656-a6a4-0515e55a50c3@group-8FFF2C24A969-SegmentedRaftLogWorker: Starting segment from index:0
2019-10-04 09:43:36,980 [grpc-default-executor-0] INFO  segmented.SegmentedRaftLogWorker (SegmentedRaftLogWorker.java:startLogSegment(385)) - 908f0e43-5145-4e5a-b10e-86b93a4f4078@group-8FFF2C24A969-SegmentedRaftLogWorker: Starting segment from index:0
2019-10-04 09:43:36,990 [16c950cb-68c6-46ca-881f-c1979330ce10@group-8FFF2C24A969-SegmentedRaftLogWorker] INFO  segmented.SegmentedRaftLogWorker (SegmentedRaftLogWorker.java:execute(574)) - 16c950cb-68c6-46ca-881f-c1979330ce10@group-8FFF2C24A969-SegmentedRaftLogWorker: created new log segment /workdir/hadoop-ozone/integration-test/target/test-dir/MiniOzoneClusterImpl-c65a9f33-2bff-4477-850d-5e53df459c98/datanode-1/data/ratis/d1162413-d1e8-4b30-bc37-8fff2c24a969/current/log_inprogress_0
2019-10-04 09:43:37,002 [Thread-2365] INFO  impl.FollowerState (FollowerState.java:run(108)) - 082ec413-b49a-4801-88e1-09b3e4261059@group-9129C55C5D75-FollowerState: change to CANDIDATE, lastRpcTime:5107ms, electionTimeout:5107ms
2019-10-04 09:43:37,002 [Thread-2365] INFO  impl.RoleInfo (RoleInfo.java:shutdownFollowerState(121)) - 082ec413-b49a-4801-88e1-09b3e4261059: shutdown FollowerState
2019-10-04 09:43:37,002 [Thread-2365] INFO  impl.RaftServerImpl (RaftServerImpl.java:setRole(170)) - 082ec413-b49a-4801-88e1-09b3e4261059@group-9129C55C5D75: changes role from  FOLLOWER to CANDIDATE at term 0 for changeToCandidate
2019-10-04 09:43:37,002 [Thread-2365] INFO  impl.RoleInfo (RoleInfo.java:updateAndGet(143)) - 082ec413-b49a-4801-88e1-09b3e4261059: start LeaderElection
2019-10-04 09:43:37,027 [06ecad9b-3f2c-4924-96d9-8929bbbfb5dd@group-9129C55C5D75-LeaderElection75] INFO  impl.LeaderElection (LeaderElection.java:askForVotes(178)) - 06ecad9b-3f2c-4924-96d9-8929bbbfb5dd@group-9129C55C5D75-LeaderElection75: begin an election at term 1 for -1: [73c45829-ef62-467e-a4f4-d0fd0f474f59:192.168.30.6:45100, 082ec413-b49a-4801-88e1-09b3e4261059:192.168.30.6:38172, 06ecad9b-3f2c-4924-96d9-8929bbbfb5dd:192.168.30.6:35091], old=null
2019-10-04 09:43:37,032 [grpc-default-executor-0] INFO  impl.RaftServerImpl (RaftServerImpl.java:setRole(170)) - 73c45829-ef62-467e-a4f4-d0fd0f474f59@group-9129C55C5D75: changes role from  FOLLOWER to FOLLOWER at term 1 for recognizeCandidate:06ecad9b-3f2c-4924-96d9-8929bbbfb5dd
2019-10-04 09:43:37,032 [grpc-default-executor-0] INFO  impl.RoleInfo (RoleInfo.java:shutdownFollowerState(121)) - 73c45829-ef62-467e-a4f4-d0fd0f474f59: shutdown FollowerState
2019-10-04 09:43:37,032 [grpc-default-executor-0] INFO  impl.RoleInfo (RoleInfo.java:updateAndGet(143)) - 73c45829-ef62-467e-a4f4-d0fd0f474f59: start FollowerState
2019-10-04 09:43:37,032 [Thread-2369] INFO  impl.FollowerState (FollowerState.java:run(117)) - 73c45829-ef62-467e-a4f4-d0fd0f474f59@group-9129C55C5D75-FollowerState was interrupted: java.lang.InterruptedException: sleep interrupted
2019-10-04 09:43:37,049 [908f0e43-5145-4e5a-b10e-86b93a4f4078@group-8FFF2C24A969-SegmentedRaftLogWorker] INFO  segmented.SegmentedRaftLogWorker (SegmentedRaftLogWorker.java:execute(574)) - 908f0e43-5145-4e5a-b10e-86b93a4f4078@group-8FFF2C24A969-SegmentedRaftLogWorker: created new log segment /workdir/hadoop-ozone/integration-test/target/test-dir/MiniOzoneClusterImpl-c65a9f33-2bff-4477-850d-5e53df459c98/datanode-6/data/ratis/d1162413-d1e8-4b30-bc37-8fff2c24a969/current/log_inprogress_0
2019-10-04 09:43:37,049 [c1e70d53-73d9-4656-a6a4-0515e55a50c3@group-8FFF2C24A969-SegmentedRaftLogWorker] INFO  segmented.SegmentedRaftLogWorker (SegmentedRaftLogWorker.java:execute(574)) - c1e70d53-73d9-4656-a6a4-0515e55a50c3@group-8FFF2C24A969-SegmentedRaftLogWorker: created new log segment /workdir/hadoop-ozone/integration-test/target/test-dir/MiniOzoneClusterImpl-c65a9f33-2bff-4477-850d-5e53df459c98/datanode-3/data/ratis/d1162413-d1e8-4b30-bc37-8fff2c24a969/current/log_inprogress_0
2019-10-04 09:43:37,049 [082ec413-b49a-4801-88e1-09b3e4261059@group-9129C55C5D75-LeaderElection76] INFO  impl.LeaderElection (LeaderElection.java:askForVotes(178)) - 082ec413-b49a-4801-88e1-09b3e4261059@group-9129C55C5D75-LeaderElection76: begin an election at term 1 for -1: [73c45829-ef62-467e-a4f4-d0fd0f474f59:192.168.30.6:45100, 082ec413-b49a-4801-88e1-09b3e4261059:192.168.30.6:38172, 06ecad9b-3f2c-4924-96d9-8929bbbfb5dd:192.168.30.6:35091], old=null
2019-10-04 09:43:37,072 [06ecad9b-3f2c-4924-96d9-8929bbbfb5dd@group-9129C55C5D75-LeaderElection75] INFO  impl.LeaderElection (LeaderElection.java:logAndReturn(56)) - 06ecad9b-3f2c-4924-96d9-8929bbbfb5dd@group-9129C55C5D75-LeaderElection75: Election PASSED; received 2 response(s) [06ecad9b-3f2c-4924-96d9-8929bbbfb5dd<-73c45829-ef62-467e-a4f4-d0fd0f474f59#0:OK-t1, 06ecad9b-3f2c-4924-96d9-8929bbbfb5dd<-082ec413-b49a-4801-88e1-09b3e4261059#0:FAIL-t1] and 0 exception(s); 06ecad9b-3f2c-4924-96d9-8929bbbfb5dd@group-9129C55C5D75:t1, leader=null, voted=06ecad9b-3f2c-4924-96d9-8929bbbfb5dd, raftlog=06ecad9b-3f2c-4924-96d9-8929bbbfb5dd@group-9129C55C5D75-SegmentedRaftLog:OPENED:c-1,f-1,i0, conf=-1: [73c45829-ef62-467e-a4f4-d0fd0f474f59:192.168.30.6:45100, 082ec413-b49a-4801-88e1-09b3e4261059:192.168.30.6:38172, 06ecad9b-3f2c-4924-96d9-8929bbbfb5dd:192.168.30.6:35091], old=null
2019-10-04 09:43:37,072 [082ec413-b49a-4801-88e1-09b3e4261059@group-9129C55C5D75-LeaderElection76] INFO  impl.LeaderElection (LeaderElection.java:logAndReturn(56)) - 082ec413-b49a-4801-88e1-09b3e4261059@group-9129C55C5D75-LeaderElection76: Election REJECTED; received 2 response(s) [082ec413-b49a-4801-88e1-09b3e4261059<-73c45829-ef62-467e-a4f4-d0fd0f474f59#0:FAIL-t1, 082ec413-b49a-4801-88e1-09b3e4261059<-06ecad9b-3f2c-4924-96d9-8929bbbfb5dd#0:FAIL-t1] and 0 exception(s); 082ec413-b49a-4801-88e1-09b3e4261059@group-9129C55C5D75:t1, leader=null, voted=082ec413-b49a-4801-88e1-09b3e4261059, raftlog=082ec413-b49a-4801-88e1-09b3e4261059@group-9129C55C5D75-SegmentedRaftLog:OPENED:c-1,f-1,i0, conf=-1: [73c45829-ef62-467e-a4f4-d0fd0f474f59:192.168.30.6:45100, 082ec413-b49a-4801-88e1-09b3e4261059:192.168.30.6:38172, 06ecad9b-3f2c-4924-96d9-8929bbbfb5dd:192.168.30.6:35091], old=null
2019-10-04 09:43:37,072 [06ecad9b-3f2c-4924-96d9-8929bbbfb5dd@group-9129C55C5D75-LeaderElection75] INFO  impl.RoleInfo (RoleInfo.java:shutdownLeaderElection(134)) - 06ecad9b-3f2c-4924-96d9-8929bbbfb5dd: shutdown LeaderElection
2019-10-04 09:43:37,075 [082ec413-b49a-4801-88e1-09b3e4261059@group-9129C55C5D75-LeaderElection76] INFO  impl.RaftServerImpl (RaftServerImpl.java:setRole(170)) - 082ec413-b49a-4801-88e1-09b3e4261059@group-9129C55C5D75: changes role from CANDIDATE to FOLLOWER at term 1 for DISCOVERED_A_NEW_TERM
2019-10-04 09:43:37,077 [082ec413-b49a-4801-88e1-09b3e4261059@group-9129C55C5D75-LeaderElection76] INFO  impl.RoleInfo (RoleInfo.java:shutdownLeaderElection(134)) - 082ec413-b49a-4801-88e1-09b3e4261059: shutdown LeaderElection
2019-10-04 09:43:37,077 [082ec413-b49a-4801-88e1-09b3e4261059@group-9129C55C5D75-LeaderElection76] INFO  impl.RoleInfo (RoleInfo.java:updateAndGet(143)) - 082ec413-b49a-4801-88e1-09b3e4261059: start FollowerState
2019-10-04 09:43:37,077 [06ecad9b-3f2c-4924-96d9-8929bbbfb5dd@group-9129C55C5D75-LeaderElection75] INFO  impl.RaftServerImpl (RaftServerImpl.java:setRole(170)) - 06ecad9b-3f2c-4924-96d9-8929bbbfb5dd@group-9129C55C5D75: changes role from CANDIDATE to LEADER at term 1 for changeToLeader
2019-10-04 09:43:37,078 [06ecad9b-3f2c-4924-96d9-8929bbbfb5dd@group-9129C55C5D75-LeaderElection75] INFO  impl.RaftServerImpl (ServerState.java:setLeader(255)) - 06ecad9b-3f2c-4924-96d9-8929bbbfb5dd@group-9129C55C5D75: change Leader from null to 06ecad9b-3f2c-4924-96d9-8929bbbfb5dd at term 1 for becomeLeader, leader elected after 5194ms
2019-10-04 09:43:37,078 [06ecad9b-3f2c-4924-96d9-8929bbbfb5dd@group-9129C55C5D75-LeaderElection75] INFO  server.RaftServerConfigKeys (ConfUtils.java:logGet(43)) - raft.server.staging.catchup.gap = 1000 (default)
2019-10-04 09:43:37,078 [06ecad9b-3f2c-4924-96d9-8929bbbfb5dd@group-9129C55C5D75-LeaderElection75] INFO  server.RaftServerConfigKeys (ConfUtils.java:logGet(43)) - raft.server.rpc.sleep.time = 25ms (default)
2019-10-04 09:43:37,078 [06ecad9b-3f2c-4924-96d9-8929bbbfb5dd@group-9129C55C5D75-LeaderElection75] INFO  server.RaftServerConfigKeys (ConfUtils.java:logGet(43)) - raft.server.write.element-limit = 4096 (default)
2019-10-04 09:43:37,078 [06ecad9b-3f2c-4924-96d9-8929bbbfb5dd@group-9129C55C5D75-LeaderElection75] INFO  server.RaftServerConfigKeys (ConfUtils.java:logGet(43)) - raft.server.watch.timeout = 10s (default)
2019-10-04 09:43:37,078 [06ecad9b-3f2c-4924-96d9-8929bbbfb5dd@group-9129C55C5D75-LeaderElection75] INFO  server.RaftServerConfigKeys (ConfUtils.java:logGet(43)) - raft.server.watch.timeout.denomination = 1s (default)
2019-10-04 09:43:37,079 [06ecad9b-3f2c-4924-96d9-8929bbbfb5dd@group-9129C55C5D75-LeaderElection75] INFO  server.RaftServerConfigKeys (ConfUtils.java:logGet(43)) - raft.server.watch.element-limit = 65536 (default)
2019-10-04 09:43:37,080 [06ecad9b-3f2c-4924-96d9-8929bbbfb5dd@group-9129C55C5D75-LeaderElection75] INFO  server.RaftServerConfigKeys (ConfUtils.java:logGet(43)) - raft.server.log.appender.snapshot.chunk.size.max = 16MB (=16777216) (default)
2019-10-04 09:43:37,081 [06ecad9b-3f2c-4924-96d9-8929bbbfb5dd@group-9129C55C5D75-LeaderElection75] INFO  server.RaftServerConfigKeys (ConfUtils.java:logGet(43)) - raft.server.log.appender.buffer.byte-limit = 33554432 (custom)
2019-10-04 09:43:37,081 [06ecad9b-3f2c-4924-96d9-8929bbbfb5dd@group-9129C55C5D75-LeaderElection75] INFO  server.RaftServerConfigKeys (ConfUtils.java:logGet(43)) - raft.server.log.appender.buffer.element-limit = 1 (custom)
2019-10-04 09:43:37,081 [06ecad9b-3f2c-4924-96d9-8929bbbfb5dd@group-9129C55C5D75-LeaderElection75] INFO  grpc.GrpcConfigKeys$Server (ConfUtils.java:logGet(43)) - raft.grpc.server.leader.outstanding.appends.max = 128 (default)
2019-10-04 09:43:37,081 [06ecad9b-3f2c-4924-96d9-8929bbbfb5dd@group-9129C55C5D75-LeaderElection75] INFO  server.RaftServerConfigKeys (ConfUtils.java:logGet(43)) - raft.server.rpc.request.timeout = 3000ms (default)
2019-10-04 09:43:37,081 [06ecad9b-3f2c-4924-96d9-8929bbbfb5dd@group-9129C55C5D75-LeaderElection75] INFO  server.RaftServerConfigKeys (ConfUtils.java:logGet(43)) - raft.server.log.appender.install.snapshot.enabled = false (custom)
2019-10-04 09:43:37,082 [06ecad9b-3f2c-4924-96d9-8929bbbfb5dd@group-9129C55C5D75-LeaderElection75] INFO  server.RaftServerConfigKeys (ConfUtils.java:logGet(43)) - raft.server.log.appender.snapshot.chunk.size.max = 16MB (=16777216) (default)
2019-10-04 09:43:37,082 [06ecad9b-3f2c-4924-96d9-8929bbbfb5dd@group-9129C55C5D75-LeaderElection75] INFO  server.RaftServerConfigKeys (ConfUtils.java:logGet(43)) - raft.server.log.appender.buffer.byte-limit = 33554432 (custom)
2019-10-04 09:43:37,082 [06ecad9b-3f2c-4924-96d9-8929bbbfb5dd@group-9129C55C5D75-LeaderElection75] INFO  server.RaftServerConfigKeys (ConfUtils.java:logGet(43)) - raft.server.log.appender.buffer.element-limit = 1 (custom)
2019-10-04 09:43:37,082 [06ecad9b-3f2c-4924-96d9-8929bbbfb5dd@group-9129C55C5D75-LeaderElection75] INFO  grpc.GrpcConfigKeys$Server (ConfUtils.java:logGet(43)) - raft.grpc.server.leader.outstanding.appends.max = 128 (default)
2019-10-04 09:43:37,082 [06ecad9b-3f2c-4924-96d9-8929bbbfb5dd@group-9129C55C5D75-LeaderElection75] INFO  server.RaftServerConfigKeys (ConfUtils.java:logGet(43)) - raft.server.rpc.request.timeout = 3000ms (default)
2019-10-04 09:43:37,083 [06ecad9b-3f2c-4924-96d9-8929bbbfb5dd@group-9129C55C5D75-LeaderElection75] INFO  server.RaftServerConfigKeys (ConfUtils.java:logGet(43)) - raft.server.log.appender.install.snapshot.enabled = false (custom)
2019-10-04 09:43:37,083 [06ecad9b-3f2c-4924-96d9-8929bbbfb5dd@group-9129C55C5D75-LeaderElection75] INFO  impl.RoleInfo (RoleInfo.java:updateAndGet(143)) - 06ecad9b-3f2c-4924-96d9-8929bbbfb5dd: start LeaderState
2019-10-04 09:43:37,083 [06ecad9b-3f2c-4924-96d9-8929bbbfb5dd@group-9129C55C5D75-LeaderElection75] INFO  segmented.SegmentedRaftLogWorker (SegmentedRaftLogWorker.java:startLogSegment(385)) - 06ecad9b-3f2c-4924-96d9-8929bbbfb5dd@group-9129C55C5D75-SegmentedRaftLogWorker: Starting segment from index:0
2019-10-04 09:43:37,084 [06ecad9b-3f2c-4924-96d9-8929bbbfb5dd@group-9129C55C5D75-LeaderElection75] INFO  impl.RaftServerImpl (ServerState.java:setRaftConf(356)) - 06ecad9b-3f2c-4924-96d9-8929bbbfb5dd@group-9129C55C5D75: set configuration 0: [73c45829-ef62-467e-a4f4-d0fd0f474f59:192.168.30.6:45100, 082ec413-b49a-4801-88e1-09b3e4261059:192.168.30.6:38172, 06ecad9b-3f2c-4924-96d9-8929bbbfb5dd:192.168.30.6:35091], old=null at 0
2019-10-04 09:43:37,085 [grpc-default-executor-1] INFO  impl.RaftServerImpl (ServerState.java:setLeader(255)) - 73c45829-ef62-467e-a4f4-d0fd0f474f59@group-9129C55C5D75: change Leader from null to 06ecad9b-3f2c-4924-96d9-8929bbbfb5dd at term 1 for appendEntries, leader elected after 5201ms
2019-10-04 09:43:37,085 [grpc-default-executor-0] INFO  impl.RaftServerImpl (ServerState.java:setLeader(255)) - 082ec413-b49a-4801-88e1-09b3e4261059@group-9129C55C5D75: change Leader from null to 06ecad9b-3f2c-4924-96d9-8929bbbfb5dd at term 1 for appendEntries, leader elected after 5201ms
2019-10-04 09:43:37,086 [grpc-default-executor-1] INFO  impl.RaftServerImpl (ServerState.java:setRaftConf(356)) - 73c45829-ef62-467e-a4f4-d0fd0f474f59@group-9129C55C5D75: set configuration 0: [73c45829-ef62-467e-a4f4-d0fd0f474f59:192.168.30.6:45100, 082ec413-b49a-4801-88e1-09b3e4261059:192.168.30.6:38172, 06ecad9b-3f2c-4924-96d9-8929bbbfb5dd:192.168.30.6:35091], old=null at 0
2019-10-04 09:43:37,087 [grpc-default-executor-1] INFO  segmented.SegmentedRaftLogWorker (SegmentedRaftLogWorker.java:startLogSegment(385)) - 73c45829-ef62-467e-a4f4-d0fd0f474f59@group-9129C55C5D75-SegmentedRaftLogWorker: Starting segment from index:0
2019-10-04 09:43:37,087 [grpc-default-executor-0] INFO  impl.RaftServerImpl (ServerState.java:setRaftConf(356)) - 082ec413-b49a-4801-88e1-09b3e4261059@group-9129C55C5D75: set configuration 0: [73c45829-ef62-467e-a4f4-d0fd0f474f59:192.168.30.6:45100, 082ec413-b49a-4801-88e1-09b3e4261059:192.168.30.6:38172, 06ecad9b-3f2c-4924-96d9-8929bbbfb5dd:192.168.30.6:35091], old=null at 0
2019-10-04 09:43:37,087 [grpc-default-executor-0] INFO  segmented.SegmentedRaftLogWorker (SegmentedRaftLogWorker.java:startLogSegment(385)) - 082ec413-b49a-4801-88e1-09b3e4261059@group-9129C55C5D75-SegmentedRaftLogWorker: Starting segment from index:0
2019-10-04 09:43:37,129 [73c45829-ef62-467e-a4f4-d0fd0f474f59@group-9129C55C5D75-SegmentedRaftLogWorker] INFO  segmented.SegmentedRaftLogWorker (SegmentedRaftLogWorker.java:execute(574)) - 73c45829-ef62-467e-a4f4-d0fd0f474f59@group-9129C55C5D75-SegmentedRaftLogWorker: created new log segment /workdir/hadoop-ozone/integration-test/target/test-dir/MiniOzoneClusterImpl-c65a9f33-2bff-4477-850d-5e53df459c98/datanode-4/data/ratis/6652d59f-869d-47a9-a5ba-9129c55c5d75/current/log_inprogress_0
2019-10-04 09:43:37,150 [082ec413-b49a-4801-88e1-09b3e4261059@group-9129C55C5D75-SegmentedRaftLogWorker] INFO  segmented.SegmentedRaftLogWorker (SegmentedRaftLogWorker.java:execute(574)) - 082ec413-b49a-4801-88e1-09b3e4261059@group-9129C55C5D75-SegmentedRaftLogWorker: created new log segment /workdir/hadoop-ozone/integration-test/target/test-dir/MiniOzoneClusterImpl-c65a9f33-2bff-4477-850d-5e53df459c98/datanode-5/data/ratis/6652d59f-869d-47a9-a5ba-9129c55c5d75/current/log_inprogress_0
2019-10-04 09:43:37,150 [06ecad9b-3f2c-4924-96d9-8929bbbfb5dd@group-9129C55C5D75-SegmentedRaftLogWorker] INFO  segmented.SegmentedRaftLogWorker (SegmentedRaftLogWorker.java:execute(574)) - 06ecad9b-3f2c-4924-96d9-8929bbbfb5dd@group-9129C55C5D75-SegmentedRaftLogWorker: created new log segment /workdir/hadoop-ozone/integration-test/target/test-dir/MiniOzoneClusterImpl-c65a9f33-2bff-4477-850d-5e53df459c98/datanode-0/data/ratis/6652d59f-869d-47a9-a5ba-9129c55c5d75/current/log_inprogress_0
2019-10-04 09:43:37,259 [Datanode State Machine Thread - 0] INFO  statemachine.DatanodeStateMachine (DatanodeStateMachine.java:lambda$startDaemon$0(350)) - Ozone container server started.
2019-10-04 09:43:42,231 [main] INFO  ozoneimpl.OzoneContainer (OzoneContainer.java:stop(227)) - Attempting to stop container services.
2019-10-04 09:43:42,232 [main] INFO  impl.RaftServerProxy (RaftServerProxy.java:lambda$close$4(314)) - c1e70d53-73d9-4656-a6a4-0515e55a50c3: close
2019-10-04 09:43:42,233 [main] INFO  impl.RaftServerImpl (RaftServerImpl.java:lambda$shutdown$3(247)) - c1e70d53-73d9-4656-a6a4-0515e55a50c3@group-8FFF2C24A969: shutdown
2019-10-04 09:43:42,233 [main] INFO  util.JmxRegister (JmxRegister.java:unregister(73)) - Successfully un-registered JMX Bean with object name Ratis:service=RaftServer,group=group-8FFF2C24A969,id=c1e70d53-73d9-4656-a6a4-0515e55a50c3
2019-10-04 09:43:42,233 [main] INFO  impl.RoleInfo (RoleInfo.java:shutdownFollowerState(121)) - c1e70d53-73d9-4656-a6a4-0515e55a50c3: shutdown FollowerState
2019-10-04 09:43:42,234 [main] INFO  impl.StateMachineUpdater (StateMachineUpdater.java:stopAndJoin(136)) - c1e70d53-73d9-4656-a6a4-0515e55a50c3@group-8FFF2C24A969-StateMachineUpdater: set stopIndex = 2
2019-10-04 09:43:42,234 [Thread-2403] INFO  impl.FollowerState (FollowerState.java:run(117)) - c1e70d53-73d9-4656-a6a4-0515e55a50c3@group-8FFF2C24A969-FollowerState was interrupted: java.lang.InterruptedException: sleep interrupted
2019-10-04 09:43:42,234 [c1e70d53-73d9-4656-a6a4-0515e55a50c3@group-8FFF2C24A969-StateMachineUpdater] INFO  ratis.ContainerStateMachine (ContainerStateMachine.java:takeSnapshot(293)) - group-8FFF2C24A969: Taking a snapshot at:(t:1, i:1) file /workdir/hadoop-ozone/integration-test/target/test-dir/MiniOzoneClusterImpl-c65a9f33-2bff-4477-850d-5e53df459c98/datanode-3/data/ratis/d1162413-d1e8-4b30-bc37-8fff2c24a969/sm/snapshot.1_1
2019-10-04 09:43:42,273 [c1e70d53-73d9-4656-a6a4-0515e55a50c3@group-8FFF2C24A969-StateMachineUpdater] INFO  ratis.ContainerStateMachine (ContainerStateMachine.java:takeSnapshot(304)) - group-8FFF2C24A969: Finished taking a snapshot at:(t:1, i:1) file:/workdir/hadoop-ozone/integration-test/target/test-dir/MiniOzoneClusterImpl-c65a9f33-2bff-4477-850d-5e53df459c98/datanode-3/data/ratis/d1162413-d1e8-4b30-bc37-8fff2c24a969/sm/snapshot.1_1 time:39
2019-10-04 09:43:42,273 [c1e70d53-73d9-4656-a6a4-0515e55a50c3@group-8FFF2C24A969-StateMachineUpdater] INFO  impl.StateMachineUpdater (StateMachineUpdater.java:takeSnapshot(269)) - c1e70d53-73d9-4656-a6a4-0515e55a50c3@group-8FFF2C24A969-StateMachineUpdater: Took a snapshot at index 1
2019-10-04 09:43:42,273 [c1e70d53-73d9-4656-a6a4-0515e55a50c3@group-8FFF2C24A969-StateMachineUpdater] INFO  impl.StateMachineUpdater (StateMachineUpdater.java:lambda$new$0(84)) - c1e70d53-73d9-4656-a6a4-0515e55a50c3@group-8FFF2C24A969-StateMachineUpdater: snapshotIndex: updateIncreasingly -1 -> 1
2019-10-04 09:43:42,274 [c1e70d53-73d9-4656-a6a4-0515e55a50c3@group-8FFF2C24A969-StateMachineUpdater] INFO  ratis.ContainerStateMachine (ContainerStateMachine.java:takeSnapshot(293)) - group-8FFF2C24A969: Taking a snapshot at:(t:1, i:1) file /workdir/hadoop-ozone/integration-test/target/test-dir/MiniOzoneClusterImpl-c65a9f33-2bff-4477-850d-5e53df459c98/datanode-3/data/ratis/d1162413-d1e8-4b30-bc37-8fff2c24a969/sm/snapshot.1_1
2019-10-04 09:43:42,289 [c1e70d53-73d9-4656-a6a4-0515e55a50c3@group-8FFF2C24A969-StateMachineUpdater] INFO  ratis.ContainerStateMachine (ContainerStateMachine.java:takeSnapshot(304)) - group-8FFF2C24A969: Finished taking a snapshot at:(t:1, i:1) file:/workdir/hadoop-ozone/integration-test/target/test-dir/MiniOzoneClusterImpl-c65a9f33-2bff-4477-850d-5e53df459c98/datanode-3/data/ratis/d1162413-d1e8-4b30-bc37-8fff2c24a969/sm/snapshot.1_1 time:15
2019-10-04 09:43:42,290 [c1e70d53-73d9-4656-a6a4-0515e55a50c3@group-8FFF2C24A969-StateMachineUpdater] INFO  impl.StateMachineUpdater (StateMachineUpdater.java:takeSnapshot(269)) - c1e70d53-73d9-4656-a6a4-0515e55a50c3@group-8FFF2C24A969-StateMachineUpdater: Took a snapshot at index 1
2019-10-04 09:43:42,290 [c1e70d53-73d9-4656-a6a4-0515e55a50c3@group-8FFF2C24A969-StateMachineUpdater] INFO  impl.StateMachineUpdater (StateMachineUpdater.java:lambda$new$0(84)) - c1e70d53-73d9-4656-a6a4-0515e55a50c3@group-8FFF2C24A969-StateMachineUpdater: snapshotIndex: updateIncreasingly 1 -> 1
2019-10-04 09:43:42,290 [main] INFO  impl.RaftServerImpl (ServerState.java:close(387)) - c1e70d53-73d9-4656-a6a4-0515e55a50c3@group-8FFF2C24A969: closes. applyIndex: 2
2019-10-04 09:43:42,291 [c1e70d53-73d9-4656-a6a4-0515e55a50c3@group-8FFF2C24A969-SegmentedRaftLogWorker] INFO  segmented.SegmentedRaftLogWorker (SegmentedRaftLogWorker.java:run(316)) - c1e70d53-73d9-4656-a6a4-0515e55a50c3@group-8FFF2C24A969-SegmentedRaftLogWorker was interrupted, exiting. There are 0 tasks remaining in the queue.
2019-10-04 09:43:42,294 [main] INFO  segmented.SegmentedRaftLogWorker (SegmentedRaftLogWorker.java:close(224)) - c1e70d53-73d9-4656-a6a4-0515e55a50c3@group-8FFF2C24A969-SegmentedRaftLogWorker close()
2019-10-04 09:43:42,314 [main] INFO  impl.RaftServerImpl (RaftServerImpl.java:lambda$shutdown$3(247)) - c1e70d53-73d9-4656-a6a4-0515e55a50c3@group-9D62EA26E590: shutdown
2019-10-04 09:43:42,314 [main] INFO  util.JmxRegister (JmxRegister.java:unregister(73)) - Successfully un-registered JMX Bean with object name Ratis:service=RaftServer,group=group-9D62EA26E590,id=c1e70d53-73d9-4656-a6a4-0515e55a50c3
2019-10-04 09:43:42,314 [main] INFO  impl.RoleInfo (RoleInfo.java:shutdownLeaderState(104)) - c1e70d53-73d9-4656-a6a4-0515e55a50c3: shutdown LeaderState
2019-10-04 09:43:42,315 [main] INFO  impl.PendingRequests (PendingRequests.java:sendNotLeaderResponses(202)) - c1e70d53-73d9-4656-a6a4-0515e55a50c3@group-9D62EA26E590-PendingRequests: sendNotLeaderResponses
2019-10-04 09:43:42,315 [main] INFO  impl.StateMachineUpdater (StateMachineUpdater.java:stopAndJoin(136)) - c1e70d53-73d9-4656-a6a4-0515e55a50c3@group-9D62EA26E590-StateMachineUpdater: set stopIndex = 0
2019-10-04 09:43:42,316 [main] INFO  impl.RaftServerImpl (ServerState.java:close(387)) - c1e70d53-73d9-4656-a6a4-0515e55a50c3@group-9D62EA26E590: closes. applyIndex: 0
2019-10-04 09:43:42,316 [c1e70d53-73d9-4656-a6a4-0515e55a50c3@group-9D62EA26E590-SegmentedRaftLogWorker] INFO  segmented.SegmentedRaftLogWorker (SegmentedRaftLogWorker.java:run(316)) - c1e70d53-73d9-4656-a6a4-0515e55a50c3@group-9D62EA26E590-SegmentedRaftLogWorker was interrupted, exiting. There are 0 tasks remaining in the queue.
2019-10-04 09:43:42,316 [main] INFO  segmented.SegmentedRaftLogWorker (SegmentedRaftLogWorker.java:close(224)) - c1e70d53-73d9-4656-a6a4-0515e55a50c3@group-9D62EA26E590-SegmentedRaftLogWorker close()
2019-10-04 09:43:42,319 [main] INFO  server.GrpcService (GrpcService.java:closeImpl(164)) - c1e70d53-73d9-4656-a6a4-0515e55a50c3: shutdown server with port 35169 now
2019-10-04 09:43:42,321 [grpc-default-executor-2] WARN  server.GrpcServerProtocolService (LogUtils.java:warn(134)) - c1e70d53-73d9-4656-a6a4-0515e55a50c3: installSnapshot onError, lastRequest: 16c950cb-68c6-46ca-881f-c1979330ce10->c1e70d53-73d9-4656-a6a4-0515e55a50c3#5-t1, previous=(t:1, i:2), leaderCommit=2, initializing? false, entries: <empty>: org.apache.ratis.thirdparty.io.grpc.StatusRuntimeException: CANCELLED: cancelled before receiving half close
2019-10-04 09:43:42,322 [grpc-default-executor-1] WARN  server.GrpcLogAppender (LogUtils.java:warn(134)) - 16c950cb-68c6-46ca-881f-c1979330ce10@group-8FFF2C24A969->c1e70d53-73d9-4656-a6a4-0515e55a50c3-AppendLogResponseHandler: Failed appendEntries: org.apache.ratis.thirdparty.io.grpc.StatusRuntimeException: CANCELLED: HTTP/2 error code: CANCEL
Received Rst Stream
2019-10-04 09:43:42,322 [main] INFO  server.GrpcService (GrpcService.java:closeImpl(172)) - c1e70d53-73d9-4656-a6a4-0515e55a50c3: shutdown server with port 35169 successfully
2019-10-04 09:43:42,322 [grpc-default-executor-1] INFO  impl.FollowerInfo (FollowerInfo.java:lambda$new$0(51)) - 16c950cb-68c6-46ca-881f-c1979330ce10@group-8FFF2C24A969->c1e70d53-73d9-4656-a6a4-0515e55a50c3: nextIndex: updateUnconditionally 3 -> 2
2019-10-04 09:43:42,325 [refreshUsed-/workdir/hadoop-ozone/integration-test/target/test-dir/MiniOzoneClusterImpl-c65a9f33-2bff-4477-850d-5e53df459c98/datanode-3/data/containers] WARN  fs.CachingGetSpaceUsed (CachingGetSpaceUsed.java:run(183)) - Thread Interrupted waiting to refresh disk information: sleep interrupted
2019-10-04 09:43:42,338 [main] INFO  utils.BackgroundService (BackgroundService.java:shutdown(148)) - Shutting down service BlockDeletingService
2019-10-04 09:43:42,346 [main] INFO  statemachine.DatanodeStateMachine (DatanodeStateMachine.java:stopDaemon(395)) - Ozone container server stopped.
2019-10-04 09:43:42,347 [main] INFO  handler.ContextHandler (ContextHandler.java:doStop(910)) - Stopped o.e.j.w.WebAppContext@3e14d390{/,null,UNAVAILABLE}{/hddsDatanode}
2019-10-04 09:43:42,348 [main] INFO  server.AbstractConnector (AbstractConnector.java:doStop(318)) - Stopped ServerConnector@5eb87338{HTTP/1.1,[http/1.1]}{0.0.0.0:0}
2019-10-04 09:43:42,348 [main] INFO  handler.ContextHandler (ContextHandler.java:doStop(910)) - Stopped o.e.j.s.ServletContextHandler@51888019{/static,jar:file:/home/user/.m2/repository/org/apache/hadoop/hadoop-hdds-container-service/0.5.0-SNAPSHOT/hadoop-hdds-container-service-0.5.0-SNAPSHOT.jar!/webapps/static,UNAVAILABLE}
2019-10-04 09:43:42,348 [main] INFO  handler.ContextHandler (ContextHandler.java:doStop(910)) - Stopped o.e.j.s.ServletContextHandler@6c835217{/logs,file:///workdir/hadoop-ozone/integration-test/target/log,UNAVAILABLE}
2019-10-04 09:43:42,358 [grpc-default-executor-2] WARN  server.GrpcLogAppender (LogUtils.java:warn(134)) - 16c950cb-68c6-46ca-881f-c1979330ce10@group-8FFF2C24A969->c1e70d53-73d9-4656-a6a4-0515e55a50c3-AppendLogResponseHandler: Failed appendEntries: org.apache.ratis.thirdparty.io.grpc.StatusRuntimeException: UNAVAILABLE: io exception
2019-10-04 09:43:42,358 [grpc-default-executor-2] INFO  impl.FollowerInfo (FollowerInfo.java:lambda$new$0(51)) - 16c950cb-68c6-46ca-881f-c1979330ce10@group-8FFF2C24A969->c1e70d53-73d9-4656-a6a4-0515e55a50c3: nextIndex: updateUnconditionally 3 -> 2
2019-10-04 09:43:42,367 [grpc-default-executor-0] WARN  server.GrpcLogAppender (LogUtils.java:warn(134)) - 16c950cb-68c6-46ca-881f-c1979330ce10@group-8FFF2C24A969->c1e70d53-73d9-4656-a6a4-0515e55a50c3-AppendLogResponseHandler: Failed appendEntries: org.apache.ratis.thirdparty.io.grpc.StatusRuntimeException: UNAVAILABLE: io exception
2019-10-04 09:43:42,367 [grpc-default-executor-0] INFO  impl.FollowerInfo (FollowerInfo.java:lambda$new$0(51)) - 16c950cb-68c6-46ca-881f-c1979330ce10@group-8FFF2C24A969->c1e70d53-73d9-4656-a6a4-0515e55a50c3: nextIndex: updateUnconditionally 3 -> 2
2019-10-04 09:43:42,370 [grpc-default-executor-0] WARN  server.GrpcLogAppender (LogUtils.java:warn(134)) - 16c950cb-68c6-46ca-881f-c1979330ce10@group-8FFF2C24A969->c1e70d53-73d9-4656-a6a4-0515e55a50c3-AppendLogResponseHandler: Failed appendEntries: org.apache.ratis.thirdparty.io.grpc.StatusRuntimeException: UNAVAILABLE: io exception
2019-10-04 09:43:42,370 [grpc-default-executor-0] INFO  impl.FollowerInfo (FollowerInfo.java:lambda$new$0(51)) - 16c950cb-68c6-46ca-881f-c1979330ce10@group-8FFF2C24A969->c1e70d53-73d9-4656-a6a4-0515e55a50c3: nextIndex: updateUnconditionally 3 -> 2
2019-10-04 09:43:42,383 [EventQueue-IncrementalContainerReportForIncrementalContainerReportHandler] WARN  container.IncrementalContainerReportHandler (AbstractContainerReportHandler.java:updateContainerState(143)) - Container #1 is in OPEN state, but the datanode 908f0e43-5145-4e5a-b10e-86b93a4f4078{ip: 192.168.30.6, host: pr-hdds-2238-2sxp6-257983327, networkLocation: /default-rack, certSerialId: null} reports an CLOSING replica.
2019-10-04 09:43:42,384 [EventQueue-IncrementalContainerReportForIncrementalContainerReportHandler] WARN  container.IncrementalContainerReportHandler (AbstractContainerReportHandler.java:updateContainerState(143)) - Container #1 is in OPEN state, but the datanode 16c950cb-68c6-46ca-881f-c1979330ce10{ip: 192.168.30.6, host: pr-hdds-2238-2sxp6-257983327, networkLocation: /default-rack, certSerialId: null} reports an CLOSING replica.
2019-10-04 09:43:42,446 [RatisApplyTransactionExecutor 1] INFO  interfaces.Container (KeyValueContainer.java:flushAndSyncDB(386)) - Container 1 is synced with bcsId 0.
2019-10-04 09:43:42,523 [RatisApplyTransactionExecutor 1] INFO  interfaces.Container (KeyValueContainer.java:flushAndSyncDB(386)) - Container 1 is synced with bcsId 0.
2019-10-04 09:43:42,534 [RatisApplyTransactionExecutor 1] INFO  interfaces.Container (KeyValueContainer.java:flushAndSyncDB(386)) - Container 1 is synced with bcsId 0.
2019-10-04 09:43:42,534 [RatisApplyTransactionExecutor 1] INFO  interfaces.Container (KeyValueContainer.java:flushAndSyncDB(386)) - Container 1 is synced with bcsId 0.
2019-10-04 09:43:42,549 [RatisApplyTransactionExecutor 1] INFO  interfaces.Container (KeyValueContainer.java:close(335)) - Container 1 is closed with bcsId 0.
2019-10-04 09:43:42,549 [RatisApplyTransactionExecutor 1] INFO  interfaces.Container (KeyValueContainer.java:close(335)) - Container 1 is closed with bcsId 0.
2019-10-04 09:43:42,553 [EventQueue-IncrementalContainerReportForIncrementalContainerReportHandler] WARN  container.IncrementalContainerReportHandler (AbstractContainerReportHandler.java:updateContainerState(143)) - Container #1 is in OPEN state, but the datanode 908f0e43-5145-4e5a-b10e-86b93a4f4078{ip: 192.168.30.6, host: pr-hdds-2238-2sxp6-257983327, networkLocation: /default-rack, certSerialId: null} reports an CLOSED replica.
2019-10-04 09:43:42,554 [EventQueue-IncrementalContainerReportForIncrementalContainerReportHandler] WARN  container.IncrementalContainerReportHandler (AbstractContainerReportHandler.java:updateContainerState(143)) - Container #1 is in OPEN state, but the datanode 16c950cb-68c6-46ca-881f-c1979330ce10{ip: 192.168.30.6, host: pr-hdds-2238-2sxp6-257983327, networkLocation: /default-rack, certSerialId: null} reports an CLOSED replica.
2019-10-04 09:43:44,871 [grpc-default-executor-1] WARN  server.GrpcLogAppender (LogUtils.java:warn(134)) - 16c950cb-68c6-46ca-881f-c1979330ce10@group-8FFF2C24A969->c1e70d53-73d9-4656-a6a4-0515e55a50c3-AppendLogResponseHandler: Failed appendEntries: org.apache.ratis.thirdparty.io.grpc.StatusRuntimeException: UNAVAILABLE: io exception
2019-10-04 09:43:44,871 [grpc-default-executor-1] INFO  impl.FollowerInfo (FollowerInfo.java:lambda$new$0(51)) - 16c950cb-68c6-46ca-881f-c1979330ce10@group-8FFF2C24A969->c1e70d53-73d9-4656-a6a4-0515e55a50c3: nextIndex: updateUnconditionally 2 -> 1
2019-10-04 09:43:45,555 [main] WARN  scm.XceiverClientRatis (XceiverClientRatis.java:watchForCommit(292)) - 3 way commit failed on pipeline Pipeline[ Id: d1162413-d1e8-4b30-bc37-8fff2c24a969, Nodes: c1e70d53-73d9-4656-a6a4-0515e55a50c3{ip: 192.168.30.6, host: pr-hdds-2238-2sxp6-257983327, networkLocation: /default-rack, certSerialId: null}908f0e43-5145-4e5a-b10e-86b93a4f4078{ip: 192.168.30.6, host: pr-hdds-2238-2sxp6-257983327, networkLocation: /default-rack, certSerialId: null}16c950cb-68c6-46ca-881f-c1979330ce10{ip: 192.168.30.6, host: pr-hdds-2238-2sxp6-257983327, networkLocation: /default-rack, certSerialId: null}, Type:RATIS, Factor:THREE, State:OPEN]
java.util.concurrent.TimeoutException
	at java.util.concurrent.CompletableFuture.timedGet(CompletableFuture.java:1771)
	at java.util.concurrent.CompletableFuture.get(CompletableFuture.java:1915)
	at org.apache.hadoop.hdds.scm.XceiverClientRatis.watchForCommit(XceiverClientRatis.java:289)
	at org.apache.hadoop.ozone.client.rpc.TestWatchForCommit.test2WayCommitForTimeoutException(TestWatchForCommit.java:391)
	at sun.reflect.NativeMethodAccessorImpl.invoke0(Native Method)
	at sun.reflect.NativeMethodAccessorImpl.invoke(NativeMethodAccessorImpl.java:62)
	at sun.reflect.DelegatingMethodAccessorImpl.invoke(DelegatingMethodAccessorImpl.java:43)
	at java.lang.reflect.Method.invoke(Method.java:498)
	at org.junit.runners.model.FrameworkMethod$1.runReflectiveCall(FrameworkMethod.java:47)
	at org.junit.internal.runners.model.ReflectiveCallable.run(ReflectiveCallable.java:12)
	at org.junit.runners.model.FrameworkMethod.invokeExplosively(FrameworkMethod.java:44)
	at org.junit.internal.runners.statements.InvokeMethod.evaluate(InvokeMethod.java:17)
	at org.junit.runners.ParentRunner.runLeaf(ParentRunner.java:271)
	at org.junit.runners.BlockJUnit4ClassRunner.runChild(BlockJUnit4ClassRunner.java:70)
	at org.junit.runners.BlockJUnit4ClassRunner.runChild(BlockJUnit4ClassRunner.java:50)
	at org.junit.runners.ParentRunner$3.run(ParentRunner.java:238)
	at org.junit.runners.ParentRunner$1.schedule(ParentRunner.java:63)
	at org.junit.runners.ParentRunner.runChildren(ParentRunner.java:236)
	at org.junit.runners.ParentRunner.access$000(ParentRunner.java:53)
	at org.junit.runners.ParentRunner$2.evaluate(ParentRunner.java:229)
	at org.junit.runners.ParentRunner.run(ParentRunner.java:309)
	at org.apache.maven.surefire.junit4.JUnit4Provider.execute(JUnit4Provider.java:365)
	at org.apache.maven.surefire.junit4.JUnit4Provider.executeWithRerun(JUnit4Provider.java:273)
	at org.apache.maven.surefire.junit4.JUnit4Provider.executeTestSet(JUnit4Provider.java:238)
	at org.apache.maven.surefire.junit4.JUnit4Provider.invoke(JUnit4Provider.java:159)
	at org.apache.maven.surefire.booter.ForkedBooter.invokeProviderInSameClassLoader(ForkedBooter.java:384)
	at org.apache.maven.surefire.booter.ForkedBooter.runSuitesInProcess(ForkedBooter.java:345)
	at org.apache.maven.surefire.booter.ForkedBooter.execute(ForkedBooter.java:126)
	at org.apache.maven.surefire.booter.ForkedBooter.main(ForkedBooter.java:418)
2019-10-04 09:43:47,378 [grpc-default-executor-2] WARN  server.GrpcLogAppender (LogUtils.java:warn(134)) - 16c950cb-68c6-46ca-881f-c1979330ce10@group-8FFF2C24A969->c1e70d53-73d9-4656-a6a4-0515e55a50c3-AppendLogResponseHandler: Failed appendEntries: org.apache.ratis.thirdparty.io.grpc.StatusRuntimeException: UNAVAILABLE: io exception
2019-10-04 09:43:47,383 [grpc-default-executor-2] INFO  impl.FollowerInfo (FollowerInfo.java:lambda$new$0(51)) - 16c950cb-68c6-46ca-881f-c1979330ce10@group-8FFF2C24A969->c1e70d53-73d9-4656-a6a4-0515e55a50c3: nextIndex: updateUnconditionally 1 -> 0
]]></system-out>
    <system-err><![CDATA[Oct 04, 2019 9:43:42 AM org.apache.ratis.thirdparty.io.grpc.internal.SerializingExecutor run
SEVERE: Exception while executing runnable org.apache.ratis.thirdparty.io.grpc.internal.ServerImpl$JumpToApplicationThreadServerStreamListener$1Closed@5d7262d3
org.apache.ratis.thirdparty.io.grpc.StatusRuntimeException: CANCELLED: call already cancelled
	at org.apache.ratis.thirdparty.io.grpc.Status.asRuntimeException(Status.java:517)
	at org.apache.ratis.thirdparty.io.grpc.stub.ServerCalls$ServerCallStreamObserverImpl.onCompleted(ServerCalls.java:356)
	at org.apache.ratis.grpc.server.GrpcServerProtocolService$ServerRequestStreamObserver.onError(GrpcServerProtocolService.java:121)
	at org.apache.ratis.thirdparty.io.grpc.stub.ServerCalls$StreamingServerCallHandler$StreamingServerCallListener.onCancel(ServerCalls.java:269)
	at org.apache.ratis.thirdparty.io.grpc.internal.ServerCallImpl$ServerStreamListenerImpl.closed(ServerCallImpl.java:293)
	at org.apache.ratis.thirdparty.io.grpc.internal.ServerImpl$JumpToApplicationThreadServerStreamListener$1Closed.runInContext(ServerImpl.java:741)
	at org.apache.ratis.thirdparty.io.grpc.internal.ContextRunnable.run(ContextRunnable.java:37)
	at org.apache.ratis.thirdparty.io.grpc.internal.SerializingExecutor.run(SerializingExecutor.java:123)
	at java.util.concurrent.ThreadPoolExecutor.runWorker(ThreadPoolExecutor.java:1149)
	at java.util.concurrent.ThreadPoolExecutor$Worker.run(ThreadPoolExecutor.java:624)
	at java.lang.Thread.run(Thread.java:748)

]]></system-err>
  </testcase>
</testsuite>