<?xml version="1.0" encoding="UTF-8"?>
<testsuite xmlns:xsi="http://www.w3.org/2001/XMLSchema-instance" xsi:noNamespaceSchemaLocation="https://maven.apache.org/surefire/maven-surefire-plugin/xsd/surefire-test-report.xsd" name="org.apache.hadoop.ozone.client.rpc.TestDeleteWithSlowFollower" time="134.201" tests="1" errors="0" skipped="0" failures="1">
  <properties>
    <property name="awt.toolkit" value="sun.awt.X11.XToolkit"/>
    <property name="file.encoding.pkg" value="sun.io"/>
    <property name="java.specification.version" value="1.8"/>
    <property name="sun.cpu.isalist" value=""/>
    <property name="sun.jnu.encoding" value="ANSI_X3.4-1968"/>
    <property name="java.class.path" value="/workdir/hadoop-ozone/integration-test/target/test-classes:/workdir/hadoop-ozone/integration-test/target/classes:/home/user/.m2/repository/org/apache/hadoop/hadoop-ozone-common/0.5.0-SNAPSHOT/hadoop-ozone-common-0.5.0-SNAPSHOT.jar:/home/user/.m2/repository/org/apache/commons/commons-compress/1.4.1/commons-compress-1.4.1.jar:/home/user/.m2/repository/org/tukaani/xz/1.0/xz-1.0.jar:/home/user/.m2/repository/org/apache/hadoop/hadoop-common/3.2.0/hadoop-common-3.2.0.jar:/home/user/.m2/repository/org/apache/hadoop/hadoop-hdfs/3.2.0/hadoop-hdfs-3.2.0.jar:/home/user/.m2/repository/org/apache/hadoop/hadoop-hdfs-client/3.2.0/hadoop-hdfs-client-3.2.0.jar:/home/user/.m2/repository/com/fasterxml/jackson/core/jackson-annotations/2.9.9/jackson-annotations-2.9.9.jar:/home/user/.m2/repository/org/apache/hadoop/hadoop-hdds-common/0.5.0-SNAPSHOT/hadoop-hdds-common-0.5.0-SNAPSHOT.jar:/home/user/.m2/repository/javax/annotation/javax.annotation-api/1.2/javax.annotation-api-1.2.jar:/home/user/.m2/repository/org/apache/ratis/ratis-server/0.5.0-3f446aa-SNAPSHOT/ratis-server-0.5.0-3f446aa-SNAPSHOT.jar:/home/user/.m2/repository/org/apache/ratis/ratis-thirdparty-misc/0.2.0/ratis-thirdparty-misc-0.2.0.jar:/home/user/.m2/repository/org/apache/ratis/ratis-proto/0.5.0-3f446aa-SNAPSHOT/ratis-proto-0.5.0-3f446aa-SNAPSHOT.jar:/home/user/.m2/repository/org/apache/ratis/ratis-common/0.5.0-3f446aa-SNAPSHOT/ratis-common-0.5.0-3f446aa-SNAPSHOT.jar:/home/user/.m2/repository/org/apache/ratis/ratis-client/0.5.0-3f446aa-SNAPSHOT/ratis-client-0.5.0-3f446aa-SNAPSHOT.jar:/home/user/.m2/repository/org/apache/ratis/ratis-metrics/0.5.0-3f446aa-SNAPSHOT/ratis-metrics-0.5.0-3f446aa-SNAPSHOT.jar:/home/user/.m2/repository/com/github/joshelser/dropwizard-metrics-hadoop-metrics2-reporter/0.1.2/dropwizard-metrics-hadoop-metrics2-reporter-0.1.2.jar:/home/user/.m2/repository/io/dropwizard/metrics/metrics-jvm/3.2.5/metrics-jvm-3.2.5.jar:/home/user/.m2/repository/io/dropwizard/metrics/metrics-ganglia/3.2.5/metrics-ganglia-3.2.5.jar:/home/user/.m2/repository/info/ganglia/gmetric4j/gmetric4j/1.0.7/gmetric4j-1.0.7.jar:/home/user/.m2/repository/org/apache/ratis/ratis-netty/0.5.0-3f446aa-SNAPSHOT/ratis-netty-0.5.0-3f446aa-SNAPSHOT.jar:/home/user/.m2/repository/org/apache/ratis/ratis-grpc/0.5.0-3f446aa-SNAPSHOT/ratis-grpc-0.5.0-3f446aa-SNAPSHOT.jar:/home/user/.m2/repository/org/rocksdb/rocksdbjni/6.0.1/rocksdbjni-6.0.1.jar:/home/user/.m2/repository/org/apache/logging/log4j/log4j-api/2.11.0/log4j-api-2.11.0.jar:/home/user/.m2/repository/org/apache/logging/log4j/log4j-core/2.11.0/log4j-core-2.11.0.jar:/home/user/.m2/repository/com/lmax/disruptor/3.4.2/disruptor-3.4.2.jar:/home/user/.m2/repository/org/apache/commons/commons-pool2/2.6.0/commons-pool2-2.6.0.jar:/home/user/.m2/repository/org/bouncycastle/bcpkix-jdk15on/1.60/bcpkix-jdk15on-1.60.jar:/home/user/.m2/repository/commons-validator/commons-validator/1.6/commons-validator-1.6.jar:/home/user/.m2/repository/commons-digester/commons-digester/1.8.1/commons-digester-1.8.1.jar:/home/user/.m2/repository/io/jaegertracing/jaeger-client/0.34.0/jaeger-client-0.34.0.jar:/home/user/.m2/repository/io/jaegertracing/jaeger-thrift/0.34.0/jaeger-thrift-0.34.0.jar:/home/user/.m2/repository/org/apache/thrift/libthrift/0.12.0/libthrift-0.12.0.jar:/home/user/.m2/repository/com/squareup/okhttp3/okhttp/3.9.0/okhttp-3.9.0.jar:/home/user/.m2/repository/com/squareup/okio/okio/1.13.0/okio-1.13.0.jar:/home/user/.m2/repository/io/jaegertracing/jaeger-core/0.34.0/jaeger-core-0.34.0.jar:/home/user/.m2/repository/io/jaegertracing/jaeger-tracerresolver/0.34.0/jaeger-tracerresolver-0.34.0.jar:/home/user/.m2/repository/io/opentracing/contrib/opentracing-tracerresolver/0.1.5/opentracing-tracerresolver-0.1.5.jar:/home/user/.m2/repository/io/opentracing/opentracing-util/0.31.0/opentracing-util-0.31.0.jar:/home/user/.m2/repository/io/opentracing/opentracing-api/0.31.0/opentracing-api-0.31.0.jar:/home/user/.m2/repository/io/opentracing/opentracing-noop/0.31.0/opentracing-noop-0.31.0.jar:/home/user/.m2/repository/org/apache/hadoop/hadoop-hdds-server-framework/0.5.0-SNAPSHOT/hadoop-hdds-server-framework-0.5.0-SNAPSHOT.jar:/home/user/.m2/repository/org/apache/hadoop/hadoop-hdds-container-service/0.5.0-SNAPSHOT/hadoop-hdds-container-service-0.5.0-SNAPSHOT.jar:/home/user/.m2/repository/org/apache/hadoop/hadoop-hdds-client/0.5.0-SNAPSHOT/hadoop-hdds-client-0.5.0-SNAPSHOT.jar:/home/user/.m2/repository/org/apache/hadoop/hadoop-hdds-tools/0.5.0-SNAPSHOT/hadoop-hdds-tools-0.5.0-SNAPSHOT.jar:/home/user/.m2/repository/org/apache/hadoop/hadoop-hdds-server-scm/0.5.0-SNAPSHOT/hadoop-hdds-server-scm-0.5.0-SNAPSHOT.jar:/home/user/.m2/repository/org/apache/hadoop/hadoop-hdds-docs/0.5.0-SNAPSHOT/hadoop-hdds-docs-0.5.0-SNAPSHOT.jar:/home/user/.m2/repository/io/dropwizard/metrics/metrics-core/3.2.4/metrics-core-3.2.4.jar:/home/user/.m2/repository/org/hamcrest/hamcrest-all/1.3/hamcrest-all-1.3.jar:/home/user/.m2/repository/org/bouncycastle/bcprov-jdk15on/1.60/bcprov-jdk15on-1.60.jar:/home/user/.m2/repository/info/picocli/picocli/3.9.6/picocli-3.9.6.jar:/home/user/.m2/repository/com/google/protobuf/protobuf-java/2.5.0/protobuf-java-2.5.0.jar:/home/user/.m2/repository/com/google/guava/guava/11.0.2/guava-11.0.2.jar:/home/user/.m2/repository/org/apache/hadoop/hadoop-ozone-ozone-manager/0.5.0-SNAPSHOT/hadoop-ozone-ozone-manager-0.5.0-SNAPSHOT.jar:/home/user/.m2/repository/org/apache/hadoop/hadoop-minikdc/3.2.0/hadoop-minikdc-3.2.0.jar:/home/user/.m2/repository/commons-io/commons-io/2.5/commons-io-2.5.jar:/home/user/.m2/repository/org/apache/kerby/kerb-simplekdc/1.0.1/kerb-simplekdc-1.0.1.jar:/home/user/.m2/repository/org/apache/kerby/kerb-client/1.0.1/kerb-client-1.0.1.jar:/home/user/.m2/repository/org/apache/kerby/kerby-config/1.0.1/kerby-config-1.0.1.jar:/home/user/.m2/repository/org/apache/kerby/kerb-core/1.0.1/kerb-core-1.0.1.jar:/home/user/.m2/repository/org/apache/kerby/kerby-pkix/1.0.1/kerby-pkix-1.0.1.jar:/home/user/.m2/repository/org/apache/kerby/kerby-asn1/1.0.1/kerby-asn1-1.0.1.jar:/home/user/.m2/repository/org/apache/kerby/kerby-util/1.0.1/kerby-util-1.0.1.jar:/home/user/.m2/repository/org/apache/kerby/kerb-common/1.0.1/kerb-common-1.0.1.jar:/home/user/.m2/repository/org/apache/kerby/kerb-crypto/1.0.1/kerb-crypto-1.0.1.jar:/home/user/.m2/repository/org/apache/kerby/kerb-util/1.0.1/kerb-util-1.0.1.jar:/home/user/.m2/repository/org/apache/kerby/token-provider/1.0.1/token-provider-1.0.1.jar:/home/user/.m2/repository/org/apache/kerby/kerb-admin/1.0.1/kerb-admin-1.0.1.jar:/home/user/.m2/repository/org/apache/kerby/kerb-server/1.0.1/kerb-server-1.0.1.jar:/home/user/.m2/repository/org/apache/kerby/kerb-identity/1.0.1/kerb-identity-1.0.1.jar:/home/user/.m2/repository/org/apache/kerby/kerby-xdr/1.0.1/kerby-xdr-1.0.1.jar:/home/user/.m2/repository/org/slf4j/slf4j-log4j12/1.7.25/slf4j-log4j12-1.7.25.jar:/home/user/.m2/repository/org/apache/hadoop/hadoop-ozone-s3gateway/0.5.0-SNAPSHOT/hadoop-ozone-s3gateway-0.5.0-SNAPSHOT.jar:/home/user/.m2/repository/org/jboss/weld/servlet/weld-servlet/2.4.7.Final/weld-servlet-2.4.7.Final.jar:/home/user/.m2/repository/org/glassfish/jersey/containers/jersey-container-servlet-core/2.27/jersey-container-servlet-core-2.27.jar:/home/user/.m2/repository/org/glassfish/hk2/external/javax.inject/2.5.0-b42/javax.inject-2.5.0-b42.jar:/home/user/.m2/repository/org/glassfish/jersey/core/jersey-common/2.27/jersey-common-2.27.jar:/home/user/.m2/repository/org/glassfish/hk2/osgi-resource-locator/1.0.1/osgi-resource-locator-1.0.1.jar:/home/user/.m2/repository/javax/ws/rs/javax.ws.rs-api/2.1/javax.ws.rs-api-2.1.jar:/home/user/.m2/repository/org/glassfish/jersey/ext/cdi/jersey-cdi1x/2.27/jersey-cdi1x-2.27.jar:/home/user/.m2/repository/org/glassfish/jersey/inject/jersey-hk2/2.27/jersey-hk2-2.27.jar:/home/user/.m2/repository/org/glassfish/hk2/hk2-locator/2.5.0-b42/hk2-locator-2.5.0-b42.jar:/home/user/.m2/repository/org/javassist/javassist/3.22.0-CR2/javassist-3.22.0-CR2.jar:/home/user/.m2/repository/org/glassfish/hk2/hk2-api/2.5.0/hk2-api-2.5.0.jar:/home/user/.m2/repository/org/glassfish/hk2/external/jakarta.inject/2.5.0/jakarta.inject-2.5.0.jar:/home/user/.m2/repository/org/glassfish/hk2/hk2-utils/2.5.0/hk2-utils-2.5.0.jar:/home/user/.m2/repository/jakarta/annotation/jakarta.annotation-api/1.3.4/jakarta.annotation-api-1.3.4.jar:/home/user/.m2/repository/org/glassfish/hk2/external/aopalliance-repackaged/2.5.0/aopalliance-repackaged-2.5.0.jar:/home/user/.m2/repository/com/fasterxml/jackson/dataformat/jackson-dataformat-xml/2.9.0/jackson-dataformat-xml-2.9.0.jar:/home/user/.m2/repository/com/fasterxml/jackson/core/jackson-core/2.9.9/jackson-core-2.9.9.jar:/home/user/.m2/repository/com/fasterxml/jackson/module/jackson-module-jaxb-annotations/2.9.9/jackson-module-jaxb-annotations-2.9.9.jar:/home/user/.m2/repository/javax/enterprise/cdi-api/1.2/cdi-api-1.2.jar:/home/user/.m2/repository/javax/el/javax.el-api/3.0.0/javax.el-api-3.0.0.jar:/home/user/.m2/repository/javax/interceptor/javax.interceptor-api/1.2/javax.interceptor-api-1.2.jar:/home/user/.m2/repository/javax/inject/javax.inject/1/javax.inject-1.jar:/home/user/.m2/repository/com/sun/xml/bind/jaxb-impl/2.3.0.1/jaxb-impl-2.3.0.1.jar:/home/user/.m2/repository/com/sun/xml/bind/jaxb-core/2.3.0.1/jaxb-core-2.3.0.1.jar:/home/user/.m2/repository/javax/xml/bind/jaxb-api/2.3.0/jaxb-api-2.3.0.jar:/home/user/.m2/repository/javax/activation/activation/1.1.1/activation-1.1.1.jar:/home/user/.m2/repository/org/apache/hadoop/hadoop-ozone-csi/0.5.0-SNAPSHOT/hadoop-ozone-csi-0.5.0-SNAPSHOT.jar:/home/user/.m2/repository/com/google/protobuf/protobuf-java-util/3.5.1/protobuf-java-util-3.5.1.jar:/home/user/.m2/repository/org/apache/hadoop/hadoop-hdds-config/0.5.0-SNAPSHOT/hadoop-hdds-config-0.5.0-SNAPSHOT.jar:/home/user/.m2/repository/io/grpc/grpc-netty/1.17.1/grpc-netty-1.17.1.jar:/home/user/.m2/repository/io/grpc/grpc-core/1.17.1/grpc-core-1.17.1.jar:/home/user/.m2/repository/io/grpc/grpc-context/1.17.1/grpc-context-1.17.1.jar:/home/user/.m2/repository/com/google/errorprone/error_prone_annotations/2.2.0/error_prone_annotations-2.2.0.jar:/home/user/.m2/repository/org/codehaus/mojo/animal-sniffer-annotations/1.17/animal-sniffer-annotations-1.17.jar:/home/user/.m2/repository/io/opencensus/opencensus-api/0.17.0/opencensus-api-0.17.0.jar:/home/user/.m2/repository/io/opencensus/opencensus-contrib-grpc-metrics/0.17.0/opencensus-contrib-grpc-metrics-0.17.0.jar:/home/user/.m2/repository/io/netty/netty-codec-http2/4.1.30.Final/netty-codec-http2-4.1.30.Final.jar:/home/user/.m2/repository/io/netty/netty-codec-http/4.1.30.Final/netty-codec-http-4.1.30.Final.jar:/home/user/.m2/repository/io/netty/netty-codec/4.1.30.Final/netty-codec-4.1.30.Final.jar:/home/user/.m2/repository/io/netty/netty-handler/4.1.30.Final/netty-handler-4.1.30.Final.jar:/home/user/.m2/repository/io/netty/netty-handler-proxy/4.1.30.Final/netty-handler-proxy-4.1.30.Final.jar:/home/user/.m2/repository/io/netty/netty-codec-socks/4.1.30.Final/netty-codec-socks-4.1.30.Final.jar:/home/user/.m2/repository/io/netty/netty-transport-native-epoll/4.1.30.Final/netty-transport-native-epoll-4.1.30.Final.jar:/home/user/.m2/repository/io/netty/netty-common/4.1.30.Final/netty-common-4.1.30.Final.jar:/home/user/.m2/repository/io/netty/netty-buffer/4.1.30.Final/netty-buffer-4.1.30.Final.jar:/home/user/.m2/repository/io/netty/netty-transport/4.1.30.Final/netty-transport-4.1.30.Final.jar:/home/user/.m2/repository/io/netty/netty-resolver/4.1.30.Final/netty-resolver-4.1.30.Final.jar:/home/user/.m2/repository/io/netty/netty-transport-native-unix-common/4.1.30.Final/netty-transport-native-unix-common-4.1.30.Final.jar:/home/user/.m2/repository/io/grpc/grpc-protobuf/1.17.1/grpc-protobuf-1.17.1.jar:/home/user/.m2/repository/com/google/api/grpc/proto-google-common-protos/1.0.0/proto-google-common-protos-1.0.0.jar:/home/user/.m2/repository/io/grpc/grpc-protobuf-lite/1.17.1/grpc-protobuf-lite-1.17.1.jar:/home/user/.m2/repository/io/grpc/grpc-stub/1.17.1/grpc-stub-1.17.1.jar:/home/user/.m2/repository/org/apache/hadoop/hadoop-ozone-recon/0.5.0-SNAPSHOT/hadoop-ozone-recon-0.5.0-SNAPSHOT.jar:/home/user/.m2/repository/org/apache/hadoop/hadoop-ozone-reconcodegen/0.5.0-SNAPSHOT/hadoop-ozone-reconcodegen-0.5.0-SNAPSHOT.jar:/home/user/.m2/repository/com/google/inject/extensions/guice-multibindings/4.0/guice-multibindings-4.0.jar:/home/user/.m2/repository/com/google/inject/guice/4.0/guice-4.0.jar:/home/user/.m2/repository/aopalliance/aopalliance/1.0/aopalliance-1.0.jar:/home/user/.m2/repository/com/google/inject/extensions/guice-servlet/4.0/guice-servlet-4.0.jar:/home/user/.m2/repository/org/glassfish/jersey/containers/jersey-container-servlet/2.27/jersey-container-servlet-2.27.jar:/home/user/.m2/repository/org/glassfish/hk2/guice-bridge/2.5.0/guice-bridge-2.5.0.jar:/home/user/.m2/repository/org/glassfish/jersey/core/jersey-server/2.27/jersey-server-2.27.jar:/home/user/.m2/repository/org/glassfish/jersey/core/jersey-client/2.27/jersey-client-2.27.jar:/home/user/.m2/repository/org/glassfish/jersey/media/jersey-media-jaxb/2.27/jersey-media-jaxb-2.27.jar:/home/user/.m2/repository/javax/validation/validation-api/1.1.0.Final/validation-api-1.1.0.Final.jar:/home/user/.m2/repository/org/glassfish/jersey/media/jersey-media-json-jackson/2.27/jersey-media-json-jackson-2.27.jar:/home/user/.m2/repository/org/glassfish/jersey/ext/jersey-entity-filtering/2.27/jersey-entity-filtering-2.27.jar:/home/user/.m2/repository/com/google/inject/extensions/guice-assistedinject/4.0/guice-assistedinject-4.0.jar:/home/user/.m2/repository/org/jooq/jooq/3.11.10/jooq-3.11.10.jar:/home/user/.m2/repository/org/jooq/jooq-meta/3.11.10/jooq-meta-3.11.10.jar:/home/user/.m2/repository/org/jooq/jooq-codegen/3.11.10/jooq-codegen-3.11.10.jar:/home/user/.m2/repository/com/jolbox/bonecp/0.8.0.RELEASE/bonecp-0.8.0.RELEASE.jar:/home/user/.m2/repository/org/xerial/sqlite-jdbc/3.25.2/sqlite-jdbc-3.25.2.jar:/home/user/.m2/repository/org/springframework/spring-jdbc/5.1.3.RELEASE/spring-jdbc-5.1.3.RELEASE.jar:/home/user/.m2/repository/org/springframework/spring-beans/5.1.3.RELEASE/spring-beans-5.1.3.RELEASE.jar:/home/user/.m2/repository/org/springframework/spring-core/5.1.3.RELEASE/spring-core-5.1.3.RELEASE.jar:/home/user/.m2/repository/org/springframework/spring-jcl/5.1.3.RELEASE/spring-jcl-5.1.3.RELEASE.jar:/home/user/.m2/repository/org/springframework/spring-tx/5.1.3.RELEASE/spring-tx-5.1.3.RELEASE.jar:/home/user/.m2/repository/org/apache/hadoop/hadoop-ozone-client/0.5.0-SNAPSHOT/hadoop-ozone-client-0.5.0-SNAPSHOT.jar:/home/user/.m2/repository/commons-lang/commons-lang/2.6/commons-lang-2.6.jar:/home/user/.m2/repository/org/apache/hadoop/hadoop-ozone-ozone-manager/0.5.0-SNAPSHOT/hadoop-ozone-ozone-manager-0.5.0-SNAPSHOT-tests.jar:/home/user/.m2/repository/junit/junit/4.11/junit-4.11.jar:/home/user/.m2/repository/org/hamcrest/hamcrest-core/1.3/hamcrest-core-1.3.jar:/home/user/.m2/repository/org/openjdk/jmh/jmh-core/1.19/jmh-core-1.19.jar:/home/user/.m2/repository/net/sf/jopt-simple/jopt-simple/4.6/jopt-simple-4.6.jar:/home/user/.m2/repository/org/apache/commons/commons-math3/3.1.1/commons-math3-3.1.1.jar:/home/user/.m2/repository/org/openjdk/jmh/jmh-generator-annprocess/1.19/jmh-generator-annprocess-1.19.jar:/home/user/.m2/repository/org/mockito/mockito-all/1.8.5/mockito-all-1.8.5.jar:/home/user/.m2/repository/org/apache/hadoop/hadoop-kms/3.2.0/hadoop-kms-3.2.0.jar:/home/user/.m2/repository/org/apache/hadoop/hadoop-auth/3.2.0/hadoop-auth-3.2.0.jar:/home/user/.m2/repository/com/nimbusds/nimbus-jose-jwt/4.41.1/nimbus-jose-jwt-4.41.1.jar:/home/user/.m2/repository/com/github/stephenc/jcip/jcip-annotations/1.0-1/jcip-annotations-1.0-1.jar:/home/user/.m2/repository/net/minidev/json-smart/2.3/json-smart-2.3.jar:/home/user/.m2/repository/net/minidev/accessors-smart/1.2/accessors-smart-1.2.jar:/home/user/.m2/repository/org/ow2/asm/asm/5.0.4/asm-5.0.4.jar:/home/user/.m2/repository/org/apache/curator/curator-framework/2.12.0/curator-framework-2.12.0.jar:/home/user/.m2/repository/com/sun/jersey/jersey-core/1.19/jersey-core-1.19.jar:/home/user/.m2/repository/javax/ws/rs/jsr311-api/1.1.1/jsr311-api-1.1.1.jar:/home/user/.m2/repository/com/sun/jersey/jersey-server/1.19/jersey-server-1.19.jar:/home/user/.m2/repository/javax/servlet/javax.servlet-api/3.1.0/javax.servlet-api-3.1.0.jar:/home/user/.m2/repository/org/eclipse/jetty/jetty-server/9.3.25.v20180904/jetty-server-9.3.25.v20180904.jar:/home/user/.m2/repository/org/eclipse/jetty/jetty-http/9.3.25.v20180904/jetty-http-9.3.25.v20180904.jar:/home/user/.m2/repository/org/eclipse/jetty/jetty-io/9.3.25.v20180904/jetty-io-9.3.25.v20180904.jar:/home/user/.m2/repository/org/eclipse/jetty/jetty-webapp/9.3.25.v20180904/jetty-webapp-9.3.25.v20180904.jar:/home/user/.m2/repository/org/eclipse/jetty/jetty-xml/9.3.25.v20180904/jetty-xml-9.3.25.v20180904.jar:/home/user/.m2/repository/log4j/log4j/1.2.17/log4j-1.2.17.jar:/home/user/.m2/repository/org/slf4j/slf4j-api/1.7.25/slf4j-api-1.7.25.jar:/home/user/.m2/repository/org/slf4j/jul-to-slf4j/1.7.25/jul-to-slf4j-1.7.25.jar:/home/user/.m2/repository/org/eclipse/jetty/jetty-util/9.3.25.v20180904/jetty-util-9.3.25.v20180904.jar:/home/user/.m2/repository/com/fasterxml/jackson/core/jackson-databind/2.9.9/jackson-databind-2.9.9.jar:/home/user/.m2/repository/org/apache/hadoop/hadoop-kms/3.2.0/hadoop-kms-3.2.0-tests.jar:/home/user/.m2/repository/org/apache/hadoop/hadoop-hdds-server-scm/0.5.0-SNAPSHOT/hadoop-hdds-server-scm-0.5.0-SNAPSHOT-tests.jar:/home/user/.m2/repository/org/apache/hadoop/hadoop-hdds-container-service/0.5.0-SNAPSHOT/hadoop-hdds-container-service-0.5.0-SNAPSHOT-tests.jar:/home/user/.m2/repository/org/yaml/snakeyaml/1.16/snakeyaml-1.16.jar:/home/user/.m2/repository/org/apache/hadoop/hadoop-common/3.2.0/hadoop-common-3.2.0-tests.jar:/home/user/.m2/repository/org/apache/hadoop/hadoop-annotations/3.2.0/hadoop-annotations-3.2.0.jar:/usr/lib/jvm/java-1.8.0-openjdk-1.8.0.222.b10-1.el7_7.x86_64/jre/../lib/tools.jar:/home/user/.m2/repository/commons-cli/commons-cli/1.2/commons-cli-1.2.jar:/home/user/.m2/repository/org/apache/httpcomponents/httpclient/4.5.2/httpclient-4.5.2.jar:/home/user/.m2/repository/org/apache/httpcomponents/httpcore/4.4.4/httpcore-4.4.4.jar:/home/user/.m2/repository/commons-codec/commons-codec/1.11/commons-codec-1.11.jar:/home/user/.m2/repository/commons-net/commons-net/3.6/commons-net-3.6.jar:/home/user/.m2/repository/commons-collections/commons-collections/3.2.2/commons-collections-3.2.2.jar:/home/user/.m2/repository/org/eclipse/jetty/jetty-servlet/9.3.25.v20180904/jetty-servlet-9.3.25.v20180904.jar:/home/user/.m2/repository/org/eclipse/jetty/jetty-security/9.3.25.v20180904/jetty-security-9.3.25.v20180904.jar:/home/user/.m2/repository/javax/servlet/jsp/jsp-api/2.1/jsp-api-2.1.jar:/home/user/.m2/repository/com/sun/jersey/jersey-servlet/1.19/jersey-servlet-1.19.jar:/home/user/.m2/repository/com/sun/jersey/jersey-json/1.19/jersey-json-1.19.jar:/home/user/.m2/repository/org/codehaus/jettison/jettison/1.1/jettison-1.1.jar:/home/user/.m2/repository/org/codehaus/jackson/jackson-core-asl/1.9.13/jackson-core-asl-1.9.13.jar:/home/user/.m2/repository/org/codehaus/jackson/jackson-mapper-asl/1.9.13/jackson-mapper-asl-1.9.13.jar:/home/user/.m2/repository/org/codehaus/jackson/jackson-jaxrs/1.9.13/jackson-jaxrs-1.9.13.jar:/home/user/.m2/repository/org/codehaus/jackson/jackson-xc/1.9.13/jackson-xc-1.9.13.jar:/home/user/.m2/repository/commons-logging/commons-logging/1.1.3/commons-logging-1.1.3.jar:/home/user/.m2/repository/commons-beanutils/commons-beanutils/1.9.4/commons-beanutils-1.9.4.jar:/home/user/.m2/repository/org/apache/commons/commons-configuration2/2.1.1/commons-configuration2-2.1.1.jar:/home/user/.m2/repository/org/apache/commons/commons-lang3/3.7/commons-lang3-3.7.jar:/home/user/.m2/repository/org/apache/commons/commons-text/1.4/commons-text-1.4.jar:/home/user/.m2/repository/org/apache/avro/avro/1.7.7/avro-1.7.7.jar:/home/user/.m2/repository/com/thoughtworks/paranamer/paranamer/2.3/paranamer-2.3.jar:/home/user/.m2/repository/org/xerial/snappy/snappy-java/1.0.5/snappy-java-1.0.5.jar:/home/user/.m2/repository/com/google/re2j/re2j/1.1/re2j-1.1.jar:/home/user/.m2/repository/com/google/code/gson/gson/2.2.4/gson-2.2.4.jar:/home/user/.m2/repository/com/jcraft/jsch/0.1.54/jsch-0.1.54.jar:/home/user/.m2/repository/org/apache/curator/curator-client/2.12.0/curator-client-2.12.0.jar:/home/user/.m2/repository/org/apache/curator/curator-recipes/2.12.0/curator-recipes-2.12.0.jar:/home/user/.m2/repository/com/google/code/findbugs/jsr305/3.0.0/jsr305-3.0.0.jar:/home/user/.m2/repository/org/apache/htrace/htrace-core4/4.1.0-incubating/htrace-core4-4.1.0-incubating.jar:/home/user/.m2/repository/org/apache/zookeeper/zookeeper/3.4.13/zookeeper-3.4.13.jar:/home/user/.m2/repository/jline/jline/0.9.94/jline-0.9.94.jar:/home/user/.m2/repository/org/apache/yetus/audience-annotations/0.5.0/audience-annotations-0.5.0.jar:/home/user/.m2/repository/org/codehaus/woodstox/stax2-api/3.1.4/stax2-api-3.1.4.jar:/home/user/.m2/repository/com/fasterxml/woodstox/woodstox-core/5.0.3/woodstox-core-5.0.3.jar:/home/user/.m2/repository/dnsjava/dnsjava/2.1.7/dnsjava-2.1.7.jar:/home/user/.m2/repository/org/apache/hadoop/hadoop-hdfs/3.2.0/hadoop-hdfs-3.2.0-tests.jar:/home/user/.m2/repository/org/eclipse/jetty/jetty-util-ajax/9.3.25.v20180904/jetty-util-ajax-9.3.25.v20180904.jar:/home/user/.m2/repository/commons-daemon/commons-daemon/1.0.13/commons-daemon-1.0.13.jar:/home/user/.m2/repository/io/netty/netty/3.10.5.Final/netty-3.10.5.Final.jar:/home/user/.m2/repository/io/netty/netty-all/4.0.52.Final/netty-all-4.0.52.Final.jar:/home/user/.m2/repository/org/fusesource/leveldbjni/leveldbjni-all/1.8/leveldbjni-all-1.8.jar:"/>
    <property name="java.vm.vendor" value="Oracle Corporation"/>
    <property name="sun.arch.data.model" value="64"/>
    <property name="test.build.dir" value="/workdir/hadoop-ozone/integration-test/target/test-dir"/>
    <property name="test.cache.data" value=""/>
    <property name="java.vendor.url" value="http://java.oracle.com/"/>
    <property name="user.timezone" value=""/>
    <property name="java.vm.specification.version" value="1.8"/>
    <property name="os.name" value="Linux"/>
    <property name="test.build.data" value="/workdir/hadoop-ozone/integration-test/target/test-dir"/>
    <property name="user.country" value="US"/>
    <property name="sun.java.launcher" value="SUN_STANDARD"/>
    <property name="sun.boot.library.path" value="/usr/lib/jvm/java-1.8.0-openjdk-1.8.0.222.b10-1.el7_7.x86_64/jre/lib/amd64"/>
    <property name="sun.java.command" value="/workdir/hadoop-ozone/integration-test/target/surefire/surefirebooter4520332192800914970.jar /workdir/hadoop-ozone/integration-test/target/surefire 2019-10-16T06-16-52_025-jvmRun1 surefire5825593494242738389tmp surefire_261616912583976227613tmp"/>
    <property name="surefire.test.class.path" value="/workdir/hadoop-ozone/integration-test/target/test-classes:/workdir/hadoop-ozone/integration-test/target/classes:/home/user/.m2/repository/org/apache/hadoop/hadoop-ozone-common/0.5.0-SNAPSHOT/hadoop-ozone-common-0.5.0-SNAPSHOT.jar:/home/user/.m2/repository/org/apache/commons/commons-compress/1.4.1/commons-compress-1.4.1.jar:/home/user/.m2/repository/org/tukaani/xz/1.0/xz-1.0.jar:/home/user/.m2/repository/org/apache/hadoop/hadoop-common/3.2.0/hadoop-common-3.2.0.jar:/home/user/.m2/repository/org/apache/hadoop/hadoop-hdfs/3.2.0/hadoop-hdfs-3.2.0.jar:/home/user/.m2/repository/org/apache/hadoop/hadoop-hdfs-client/3.2.0/hadoop-hdfs-client-3.2.0.jar:/home/user/.m2/repository/com/fasterxml/jackson/core/jackson-annotations/2.9.9/jackson-annotations-2.9.9.jar:/home/user/.m2/repository/org/apache/hadoop/hadoop-hdds-common/0.5.0-SNAPSHOT/hadoop-hdds-common-0.5.0-SNAPSHOT.jar:/home/user/.m2/repository/javax/annotation/javax.annotation-api/1.2/javax.annotation-api-1.2.jar:/home/user/.m2/repository/org/apache/ratis/ratis-server/0.5.0-3f446aa-SNAPSHOT/ratis-server-0.5.0-3f446aa-SNAPSHOT.jar:/home/user/.m2/repository/org/apache/ratis/ratis-thirdparty-misc/0.2.0/ratis-thirdparty-misc-0.2.0.jar:/home/user/.m2/repository/org/apache/ratis/ratis-proto/0.5.0-3f446aa-SNAPSHOT/ratis-proto-0.5.0-3f446aa-SNAPSHOT.jar:/home/user/.m2/repository/org/apache/ratis/ratis-common/0.5.0-3f446aa-SNAPSHOT/ratis-common-0.5.0-3f446aa-SNAPSHOT.jar:/home/user/.m2/repository/org/apache/ratis/ratis-client/0.5.0-3f446aa-SNAPSHOT/ratis-client-0.5.0-3f446aa-SNAPSHOT.jar:/home/user/.m2/repository/org/apache/ratis/ratis-metrics/0.5.0-3f446aa-SNAPSHOT/ratis-metrics-0.5.0-3f446aa-SNAPSHOT.jar:/home/user/.m2/repository/com/github/joshelser/dropwizard-metrics-hadoop-metrics2-reporter/0.1.2/dropwizard-metrics-hadoop-metrics2-reporter-0.1.2.jar:/home/user/.m2/repository/io/dropwizard/metrics/metrics-jvm/3.2.5/metrics-jvm-3.2.5.jar:/home/user/.m2/repository/io/dropwizard/metrics/metrics-ganglia/3.2.5/metrics-ganglia-3.2.5.jar:/home/user/.m2/repository/info/ganglia/gmetric4j/gmetric4j/1.0.7/gmetric4j-1.0.7.jar:/home/user/.m2/repository/org/apache/ratis/ratis-netty/0.5.0-3f446aa-SNAPSHOT/ratis-netty-0.5.0-3f446aa-SNAPSHOT.jar:/home/user/.m2/repository/org/apache/ratis/ratis-grpc/0.5.0-3f446aa-SNAPSHOT/ratis-grpc-0.5.0-3f446aa-SNAPSHOT.jar:/home/user/.m2/repository/org/rocksdb/rocksdbjni/6.0.1/rocksdbjni-6.0.1.jar:/home/user/.m2/repository/org/apache/logging/log4j/log4j-api/2.11.0/log4j-api-2.11.0.jar:/home/user/.m2/repository/org/apache/logging/log4j/log4j-core/2.11.0/log4j-core-2.11.0.jar:/home/user/.m2/repository/com/lmax/disruptor/3.4.2/disruptor-3.4.2.jar:/home/user/.m2/repository/org/apache/commons/commons-pool2/2.6.0/commons-pool2-2.6.0.jar:/home/user/.m2/repository/org/bouncycastle/bcpkix-jdk15on/1.60/bcpkix-jdk15on-1.60.jar:/home/user/.m2/repository/commons-validator/commons-validator/1.6/commons-validator-1.6.jar:/home/user/.m2/repository/commons-digester/commons-digester/1.8.1/commons-digester-1.8.1.jar:/home/user/.m2/repository/io/jaegertracing/jaeger-client/0.34.0/jaeger-client-0.34.0.jar:/home/user/.m2/repository/io/jaegertracing/jaeger-thrift/0.34.0/jaeger-thrift-0.34.0.jar:/home/user/.m2/repository/org/apache/thrift/libthrift/0.12.0/libthrift-0.12.0.jar:/home/user/.m2/repository/com/squareup/okhttp3/okhttp/3.9.0/okhttp-3.9.0.jar:/home/user/.m2/repository/com/squareup/okio/okio/1.13.0/okio-1.13.0.jar:/home/user/.m2/repository/io/jaegertracing/jaeger-core/0.34.0/jaeger-core-0.34.0.jar:/home/user/.m2/repository/io/jaegertracing/jaeger-tracerresolver/0.34.0/jaeger-tracerresolver-0.34.0.jar:/home/user/.m2/repository/io/opentracing/contrib/opentracing-tracerresolver/0.1.5/opentracing-tracerresolver-0.1.5.jar:/home/user/.m2/repository/io/opentracing/opentracing-util/0.31.0/opentracing-util-0.31.0.jar:/home/user/.m2/repository/io/opentracing/opentracing-api/0.31.0/opentracing-api-0.31.0.jar:/home/user/.m2/repository/io/opentracing/opentracing-noop/0.31.0/opentracing-noop-0.31.0.jar:/home/user/.m2/repository/org/apache/hadoop/hadoop-hdds-server-framework/0.5.0-SNAPSHOT/hadoop-hdds-server-framework-0.5.0-SNAPSHOT.jar:/home/user/.m2/repository/org/apache/hadoop/hadoop-hdds-container-service/0.5.0-SNAPSHOT/hadoop-hdds-container-service-0.5.0-SNAPSHOT.jar:/home/user/.m2/repository/org/apache/hadoop/hadoop-hdds-client/0.5.0-SNAPSHOT/hadoop-hdds-client-0.5.0-SNAPSHOT.jar:/home/user/.m2/repository/org/apache/hadoop/hadoop-hdds-tools/0.5.0-SNAPSHOT/hadoop-hdds-tools-0.5.0-SNAPSHOT.jar:/home/user/.m2/repository/org/apache/hadoop/hadoop-hdds-server-scm/0.5.0-SNAPSHOT/hadoop-hdds-server-scm-0.5.0-SNAPSHOT.jar:/home/user/.m2/repository/org/apache/hadoop/hadoop-hdds-docs/0.5.0-SNAPSHOT/hadoop-hdds-docs-0.5.0-SNAPSHOT.jar:/home/user/.m2/repository/io/dropwizard/metrics/metrics-core/3.2.4/metrics-core-3.2.4.jar:/home/user/.m2/repository/org/hamcrest/hamcrest-all/1.3/hamcrest-all-1.3.jar:/home/user/.m2/repository/org/bouncycastle/bcprov-jdk15on/1.60/bcprov-jdk15on-1.60.jar:/home/user/.m2/repository/info/picocli/picocli/3.9.6/picocli-3.9.6.jar:/home/user/.m2/repository/com/google/protobuf/protobuf-java/2.5.0/protobuf-java-2.5.0.jar:/home/user/.m2/repository/com/google/guava/guava/11.0.2/guava-11.0.2.jar:/home/user/.m2/repository/org/apache/hadoop/hadoop-ozone-ozone-manager/0.5.0-SNAPSHOT/hadoop-ozone-ozone-manager-0.5.0-SNAPSHOT.jar:/home/user/.m2/repository/org/apache/hadoop/hadoop-minikdc/3.2.0/hadoop-minikdc-3.2.0.jar:/home/user/.m2/repository/commons-io/commons-io/2.5/commons-io-2.5.jar:/home/user/.m2/repository/org/apache/kerby/kerb-simplekdc/1.0.1/kerb-simplekdc-1.0.1.jar:/home/user/.m2/repository/org/apache/kerby/kerb-client/1.0.1/kerb-client-1.0.1.jar:/home/user/.m2/repository/org/apache/kerby/kerby-config/1.0.1/kerby-config-1.0.1.jar:/home/user/.m2/repository/org/apache/kerby/kerb-core/1.0.1/kerb-core-1.0.1.jar:/home/user/.m2/repository/org/apache/kerby/kerby-pkix/1.0.1/kerby-pkix-1.0.1.jar:/home/user/.m2/repository/org/apache/kerby/kerby-asn1/1.0.1/kerby-asn1-1.0.1.jar:/home/user/.m2/repository/org/apache/kerby/kerby-util/1.0.1/kerby-util-1.0.1.jar:/home/user/.m2/repository/org/apache/kerby/kerb-common/1.0.1/kerb-common-1.0.1.jar:/home/user/.m2/repository/org/apache/kerby/kerb-crypto/1.0.1/kerb-crypto-1.0.1.jar:/home/user/.m2/repository/org/apache/kerby/kerb-util/1.0.1/kerb-util-1.0.1.jar:/home/user/.m2/repository/org/apache/kerby/token-provider/1.0.1/token-provider-1.0.1.jar:/home/user/.m2/repository/org/apache/kerby/kerb-admin/1.0.1/kerb-admin-1.0.1.jar:/home/user/.m2/repository/org/apache/kerby/kerb-server/1.0.1/kerb-server-1.0.1.jar:/home/user/.m2/repository/org/apache/kerby/kerb-identity/1.0.1/kerb-identity-1.0.1.jar:/home/user/.m2/repository/org/apache/kerby/kerby-xdr/1.0.1/kerby-xdr-1.0.1.jar:/home/user/.m2/repository/org/slf4j/slf4j-log4j12/1.7.25/slf4j-log4j12-1.7.25.jar:/home/user/.m2/repository/org/apache/hadoop/hadoop-ozone-s3gateway/0.5.0-SNAPSHOT/hadoop-ozone-s3gateway-0.5.0-SNAPSHOT.jar:/home/user/.m2/repository/org/jboss/weld/servlet/weld-servlet/2.4.7.Final/weld-servlet-2.4.7.Final.jar:/home/user/.m2/repository/org/glassfish/jersey/containers/jersey-container-servlet-core/2.27/jersey-container-servlet-core-2.27.jar:/home/user/.m2/repository/org/glassfish/hk2/external/javax.inject/2.5.0-b42/javax.inject-2.5.0-b42.jar:/home/user/.m2/repository/org/glassfish/jersey/core/jersey-common/2.27/jersey-common-2.27.jar:/home/user/.m2/repository/org/glassfish/hk2/osgi-resource-locator/1.0.1/osgi-resource-locator-1.0.1.jar:/home/user/.m2/repository/javax/ws/rs/javax.ws.rs-api/2.1/javax.ws.rs-api-2.1.jar:/home/user/.m2/repository/org/glassfish/jersey/ext/cdi/jersey-cdi1x/2.27/jersey-cdi1x-2.27.jar:/home/user/.m2/repository/org/glassfish/jersey/inject/jersey-hk2/2.27/jersey-hk2-2.27.jar:/home/user/.m2/repository/org/glassfish/hk2/hk2-locator/2.5.0-b42/hk2-locator-2.5.0-b42.jar:/home/user/.m2/repository/org/javassist/javassist/3.22.0-CR2/javassist-3.22.0-CR2.jar:/home/user/.m2/repository/org/glassfish/hk2/hk2-api/2.5.0/hk2-api-2.5.0.jar:/home/user/.m2/repository/org/glassfish/hk2/external/jakarta.inject/2.5.0/jakarta.inject-2.5.0.jar:/home/user/.m2/repository/org/glassfish/hk2/hk2-utils/2.5.0/hk2-utils-2.5.0.jar:/home/user/.m2/repository/jakarta/annotation/jakarta.annotation-api/1.3.4/jakarta.annotation-api-1.3.4.jar:/home/user/.m2/repository/org/glassfish/hk2/external/aopalliance-repackaged/2.5.0/aopalliance-repackaged-2.5.0.jar:/home/user/.m2/repository/com/fasterxml/jackson/dataformat/jackson-dataformat-xml/2.9.0/jackson-dataformat-xml-2.9.0.jar:/home/user/.m2/repository/com/fasterxml/jackson/core/jackson-core/2.9.9/jackson-core-2.9.9.jar:/home/user/.m2/repository/com/fasterxml/jackson/module/jackson-module-jaxb-annotations/2.9.9/jackson-module-jaxb-annotations-2.9.9.jar:/home/user/.m2/repository/javax/enterprise/cdi-api/1.2/cdi-api-1.2.jar:/home/user/.m2/repository/javax/el/javax.el-api/3.0.0/javax.el-api-3.0.0.jar:/home/user/.m2/repository/javax/interceptor/javax.interceptor-api/1.2/javax.interceptor-api-1.2.jar:/home/user/.m2/repository/javax/inject/javax.inject/1/javax.inject-1.jar:/home/user/.m2/repository/com/sun/xml/bind/jaxb-impl/2.3.0.1/jaxb-impl-2.3.0.1.jar:/home/user/.m2/repository/com/sun/xml/bind/jaxb-core/2.3.0.1/jaxb-core-2.3.0.1.jar:/home/user/.m2/repository/javax/xml/bind/jaxb-api/2.3.0/jaxb-api-2.3.0.jar:/home/user/.m2/repository/javax/activation/activation/1.1.1/activation-1.1.1.jar:/home/user/.m2/repository/org/apache/hadoop/hadoop-ozone-csi/0.5.0-SNAPSHOT/hadoop-ozone-csi-0.5.0-SNAPSHOT.jar:/home/user/.m2/repository/com/google/protobuf/protobuf-java-util/3.5.1/protobuf-java-util-3.5.1.jar:/home/user/.m2/repository/org/apache/hadoop/hadoop-hdds-config/0.5.0-SNAPSHOT/hadoop-hdds-config-0.5.0-SNAPSHOT.jar:/home/user/.m2/repository/io/grpc/grpc-netty/1.17.1/grpc-netty-1.17.1.jar:/home/user/.m2/repository/io/grpc/grpc-core/1.17.1/grpc-core-1.17.1.jar:/home/user/.m2/repository/io/grpc/grpc-context/1.17.1/grpc-context-1.17.1.jar:/home/user/.m2/repository/com/google/errorprone/error_prone_annotations/2.2.0/error_prone_annotations-2.2.0.jar:/home/user/.m2/repository/org/codehaus/mojo/animal-sniffer-annotations/1.17/animal-sniffer-annotations-1.17.jar:/home/user/.m2/repository/io/opencensus/opencensus-api/0.17.0/opencensus-api-0.17.0.jar:/home/user/.m2/repository/io/opencensus/opencensus-contrib-grpc-metrics/0.17.0/opencensus-contrib-grpc-metrics-0.17.0.jar:/home/user/.m2/repository/io/netty/netty-codec-http2/4.1.30.Final/netty-codec-http2-4.1.30.Final.jar:/home/user/.m2/repository/io/netty/netty-codec-http/4.1.30.Final/netty-codec-http-4.1.30.Final.jar:/home/user/.m2/repository/io/netty/netty-codec/4.1.30.Final/netty-codec-4.1.30.Final.jar:/home/user/.m2/repository/io/netty/netty-handler/4.1.30.Final/netty-handler-4.1.30.Final.jar:/home/user/.m2/repository/io/netty/netty-handler-proxy/4.1.30.Final/netty-handler-proxy-4.1.30.Final.jar:/home/user/.m2/repository/io/netty/netty-codec-socks/4.1.30.Final/netty-codec-socks-4.1.30.Final.jar:/home/user/.m2/repository/io/netty/netty-transport-native-epoll/4.1.30.Final/netty-transport-native-epoll-4.1.30.Final.jar:/home/user/.m2/repository/io/netty/netty-common/4.1.30.Final/netty-common-4.1.30.Final.jar:/home/user/.m2/repository/io/netty/netty-buffer/4.1.30.Final/netty-buffer-4.1.30.Final.jar:/home/user/.m2/repository/io/netty/netty-transport/4.1.30.Final/netty-transport-4.1.30.Final.jar:/home/user/.m2/repository/io/netty/netty-resolver/4.1.30.Final/netty-resolver-4.1.30.Final.jar:/home/user/.m2/repository/io/netty/netty-transport-native-unix-common/4.1.30.Final/netty-transport-native-unix-common-4.1.30.Final.jar:/home/user/.m2/repository/io/grpc/grpc-protobuf/1.17.1/grpc-protobuf-1.17.1.jar:/home/user/.m2/repository/com/google/api/grpc/proto-google-common-protos/1.0.0/proto-google-common-protos-1.0.0.jar:/home/user/.m2/repository/io/grpc/grpc-protobuf-lite/1.17.1/grpc-protobuf-lite-1.17.1.jar:/home/user/.m2/repository/io/grpc/grpc-stub/1.17.1/grpc-stub-1.17.1.jar:/home/user/.m2/repository/org/apache/hadoop/hadoop-ozone-recon/0.5.0-SNAPSHOT/hadoop-ozone-recon-0.5.0-SNAPSHOT.jar:/home/user/.m2/repository/org/apache/hadoop/hadoop-ozone-reconcodegen/0.5.0-SNAPSHOT/hadoop-ozone-reconcodegen-0.5.0-SNAPSHOT.jar:/home/user/.m2/repository/com/google/inject/extensions/guice-multibindings/4.0/guice-multibindings-4.0.jar:/home/user/.m2/repository/com/google/inject/guice/4.0/guice-4.0.jar:/home/user/.m2/repository/aopalliance/aopalliance/1.0/aopalliance-1.0.jar:/home/user/.m2/repository/com/google/inject/extensions/guice-servlet/4.0/guice-servlet-4.0.jar:/home/user/.m2/repository/org/glassfish/jersey/containers/jersey-container-servlet/2.27/jersey-container-servlet-2.27.jar:/home/user/.m2/repository/org/glassfish/hk2/guice-bridge/2.5.0/guice-bridge-2.5.0.jar:/home/user/.m2/repository/org/glassfish/jersey/core/jersey-server/2.27/jersey-server-2.27.jar:/home/user/.m2/repository/org/glassfish/jersey/core/jersey-client/2.27/jersey-client-2.27.jar:/home/user/.m2/repository/org/glassfish/jersey/media/jersey-media-jaxb/2.27/jersey-media-jaxb-2.27.jar:/home/user/.m2/repository/javax/validation/validation-api/1.1.0.Final/validation-api-1.1.0.Final.jar:/home/user/.m2/repository/org/glassfish/jersey/media/jersey-media-json-jackson/2.27/jersey-media-json-jackson-2.27.jar:/home/user/.m2/repository/org/glassfish/jersey/ext/jersey-entity-filtering/2.27/jersey-entity-filtering-2.27.jar:/home/user/.m2/repository/com/google/inject/extensions/guice-assistedinject/4.0/guice-assistedinject-4.0.jar:/home/user/.m2/repository/org/jooq/jooq/3.11.10/jooq-3.11.10.jar:/home/user/.m2/repository/org/jooq/jooq-meta/3.11.10/jooq-meta-3.11.10.jar:/home/user/.m2/repository/org/jooq/jooq-codegen/3.11.10/jooq-codegen-3.11.10.jar:/home/user/.m2/repository/com/jolbox/bonecp/0.8.0.RELEASE/bonecp-0.8.0.RELEASE.jar:/home/user/.m2/repository/org/xerial/sqlite-jdbc/3.25.2/sqlite-jdbc-3.25.2.jar:/home/user/.m2/repository/org/springframework/spring-jdbc/5.1.3.RELEASE/spring-jdbc-5.1.3.RELEASE.jar:/home/user/.m2/repository/org/springframework/spring-beans/5.1.3.RELEASE/spring-beans-5.1.3.RELEASE.jar:/home/user/.m2/repository/org/springframework/spring-core/5.1.3.RELEASE/spring-core-5.1.3.RELEASE.jar:/home/user/.m2/repository/org/springframework/spring-jcl/5.1.3.RELEASE/spring-jcl-5.1.3.RELEASE.jar:/home/user/.m2/repository/org/springframework/spring-tx/5.1.3.RELEASE/spring-tx-5.1.3.RELEASE.jar:/home/user/.m2/repository/org/apache/hadoop/hadoop-ozone-client/0.5.0-SNAPSHOT/hadoop-ozone-client-0.5.0-SNAPSHOT.jar:/home/user/.m2/repository/commons-lang/commons-lang/2.6/commons-lang-2.6.jar:/home/user/.m2/repository/org/apache/hadoop/hadoop-ozone-ozone-manager/0.5.0-SNAPSHOT/hadoop-ozone-ozone-manager-0.5.0-SNAPSHOT-tests.jar:/home/user/.m2/repository/junit/junit/4.11/junit-4.11.jar:/home/user/.m2/repository/org/hamcrest/hamcrest-core/1.3/hamcrest-core-1.3.jar:/home/user/.m2/repository/org/openjdk/jmh/jmh-core/1.19/jmh-core-1.19.jar:/home/user/.m2/repository/net/sf/jopt-simple/jopt-simple/4.6/jopt-simple-4.6.jar:/home/user/.m2/repository/org/apache/commons/commons-math3/3.1.1/commons-math3-3.1.1.jar:/home/user/.m2/repository/org/openjdk/jmh/jmh-generator-annprocess/1.19/jmh-generator-annprocess-1.19.jar:/home/user/.m2/repository/org/mockito/mockito-all/1.8.5/mockito-all-1.8.5.jar:/home/user/.m2/repository/org/apache/hadoop/hadoop-kms/3.2.0/hadoop-kms-3.2.0.jar:/home/user/.m2/repository/org/apache/hadoop/hadoop-auth/3.2.0/hadoop-auth-3.2.0.jar:/home/user/.m2/repository/com/nimbusds/nimbus-jose-jwt/4.41.1/nimbus-jose-jwt-4.41.1.jar:/home/user/.m2/repository/com/github/stephenc/jcip/jcip-annotations/1.0-1/jcip-annotations-1.0-1.jar:/home/user/.m2/repository/net/minidev/json-smart/2.3/json-smart-2.3.jar:/home/user/.m2/repository/net/minidev/accessors-smart/1.2/accessors-smart-1.2.jar:/home/user/.m2/repository/org/ow2/asm/asm/5.0.4/asm-5.0.4.jar:/home/user/.m2/repository/org/apache/curator/curator-framework/2.12.0/curator-framework-2.12.0.jar:/home/user/.m2/repository/com/sun/jersey/jersey-core/1.19/jersey-core-1.19.jar:/home/user/.m2/repository/javax/ws/rs/jsr311-api/1.1.1/jsr311-api-1.1.1.jar:/home/user/.m2/repository/com/sun/jersey/jersey-server/1.19/jersey-server-1.19.jar:/home/user/.m2/repository/javax/servlet/javax.servlet-api/3.1.0/javax.servlet-api-3.1.0.jar:/home/user/.m2/repository/org/eclipse/jetty/jetty-server/9.3.25.v20180904/jetty-server-9.3.25.v20180904.jar:/home/user/.m2/repository/org/eclipse/jetty/jetty-http/9.3.25.v20180904/jetty-http-9.3.25.v20180904.jar:/home/user/.m2/repository/org/eclipse/jetty/jetty-io/9.3.25.v20180904/jetty-io-9.3.25.v20180904.jar:/home/user/.m2/repository/org/eclipse/jetty/jetty-webapp/9.3.25.v20180904/jetty-webapp-9.3.25.v20180904.jar:/home/user/.m2/repository/org/eclipse/jetty/jetty-xml/9.3.25.v20180904/jetty-xml-9.3.25.v20180904.jar:/home/user/.m2/repository/log4j/log4j/1.2.17/log4j-1.2.17.jar:/home/user/.m2/repository/org/slf4j/slf4j-api/1.7.25/slf4j-api-1.7.25.jar:/home/user/.m2/repository/org/slf4j/jul-to-slf4j/1.7.25/jul-to-slf4j-1.7.25.jar:/home/user/.m2/repository/org/eclipse/jetty/jetty-util/9.3.25.v20180904/jetty-util-9.3.25.v20180904.jar:/home/user/.m2/repository/com/fasterxml/jackson/core/jackson-databind/2.9.9/jackson-databind-2.9.9.jar:/home/user/.m2/repository/org/apache/hadoop/hadoop-kms/3.2.0/hadoop-kms-3.2.0-tests.jar:/home/user/.m2/repository/org/apache/hadoop/hadoop-hdds-server-scm/0.5.0-SNAPSHOT/hadoop-hdds-server-scm-0.5.0-SNAPSHOT-tests.jar:/home/user/.m2/repository/org/apache/hadoop/hadoop-hdds-container-service/0.5.0-SNAPSHOT/hadoop-hdds-container-service-0.5.0-SNAPSHOT-tests.jar:/home/user/.m2/repository/org/yaml/snakeyaml/1.16/snakeyaml-1.16.jar:/home/user/.m2/repository/org/apache/hadoop/hadoop-common/3.2.0/hadoop-common-3.2.0-tests.jar:/home/user/.m2/repository/org/apache/hadoop/hadoop-annotations/3.2.0/hadoop-annotations-3.2.0.jar:/usr/lib/jvm/java-1.8.0-openjdk-1.8.0.222.b10-1.el7_7.x86_64/jre/../lib/tools.jar:/home/user/.m2/repository/commons-cli/commons-cli/1.2/commons-cli-1.2.jar:/home/user/.m2/repository/org/apache/httpcomponents/httpclient/4.5.2/httpclient-4.5.2.jar:/home/user/.m2/repository/org/apache/httpcomponents/httpcore/4.4.4/httpcore-4.4.4.jar:/home/user/.m2/repository/commons-codec/commons-codec/1.11/commons-codec-1.11.jar:/home/user/.m2/repository/commons-net/commons-net/3.6/commons-net-3.6.jar:/home/user/.m2/repository/commons-collections/commons-collections/3.2.2/commons-collections-3.2.2.jar:/home/user/.m2/repository/org/eclipse/jetty/jetty-servlet/9.3.25.v20180904/jetty-servlet-9.3.25.v20180904.jar:/home/user/.m2/repository/org/eclipse/jetty/jetty-security/9.3.25.v20180904/jetty-security-9.3.25.v20180904.jar:/home/user/.m2/repository/javax/servlet/jsp/jsp-api/2.1/jsp-api-2.1.jar:/home/user/.m2/repository/com/sun/jersey/jersey-servlet/1.19/jersey-servlet-1.19.jar:/home/user/.m2/repository/com/sun/jersey/jersey-json/1.19/jersey-json-1.19.jar:/home/user/.m2/repository/org/codehaus/jettison/jettison/1.1/jettison-1.1.jar:/home/user/.m2/repository/org/codehaus/jackson/jackson-core-asl/1.9.13/jackson-core-asl-1.9.13.jar:/home/user/.m2/repository/org/codehaus/jackson/jackson-mapper-asl/1.9.13/jackson-mapper-asl-1.9.13.jar:/home/user/.m2/repository/org/codehaus/jackson/jackson-jaxrs/1.9.13/jackson-jaxrs-1.9.13.jar:/home/user/.m2/repository/org/codehaus/jackson/jackson-xc/1.9.13/jackson-xc-1.9.13.jar:/home/user/.m2/repository/commons-logging/commons-logging/1.1.3/commons-logging-1.1.3.jar:/home/user/.m2/repository/commons-beanutils/commons-beanutils/1.9.4/commons-beanutils-1.9.4.jar:/home/user/.m2/repository/org/apache/commons/commons-configuration2/2.1.1/commons-configuration2-2.1.1.jar:/home/user/.m2/repository/org/apache/commons/commons-lang3/3.7/commons-lang3-3.7.jar:/home/user/.m2/repository/org/apache/commons/commons-text/1.4/commons-text-1.4.jar:/home/user/.m2/repository/org/apache/avro/avro/1.7.7/avro-1.7.7.jar:/home/user/.m2/repository/com/thoughtworks/paranamer/paranamer/2.3/paranamer-2.3.jar:/home/user/.m2/repository/org/xerial/snappy/snappy-java/1.0.5/snappy-java-1.0.5.jar:/home/user/.m2/repository/com/google/re2j/re2j/1.1/re2j-1.1.jar:/home/user/.m2/repository/com/google/code/gson/gson/2.2.4/gson-2.2.4.jar:/home/user/.m2/repository/com/jcraft/jsch/0.1.54/jsch-0.1.54.jar:/home/user/.m2/repository/org/apache/curator/curator-client/2.12.0/curator-client-2.12.0.jar:/home/user/.m2/repository/org/apache/curator/curator-recipes/2.12.0/curator-recipes-2.12.0.jar:/home/user/.m2/repository/com/google/code/findbugs/jsr305/3.0.0/jsr305-3.0.0.jar:/home/user/.m2/repository/org/apache/htrace/htrace-core4/4.1.0-incubating/htrace-core4-4.1.0-incubating.jar:/home/user/.m2/repository/org/apache/zookeeper/zookeeper/3.4.13/zookeeper-3.4.13.jar:/home/user/.m2/repository/jline/jline/0.9.94/jline-0.9.94.jar:/home/user/.m2/repository/org/apache/yetus/audience-annotations/0.5.0/audience-annotations-0.5.0.jar:/home/user/.m2/repository/org/codehaus/woodstox/stax2-api/3.1.4/stax2-api-3.1.4.jar:/home/user/.m2/repository/com/fasterxml/woodstox/woodstox-core/5.0.3/woodstox-core-5.0.3.jar:/home/user/.m2/repository/dnsjava/dnsjava/2.1.7/dnsjava-2.1.7.jar:/home/user/.m2/repository/org/apache/hadoop/hadoop-hdfs/3.2.0/hadoop-hdfs-3.2.0-tests.jar:/home/user/.m2/repository/org/eclipse/jetty/jetty-util-ajax/9.3.25.v20180904/jetty-util-ajax-9.3.25.v20180904.jar:/home/user/.m2/repository/commons-daemon/commons-daemon/1.0.13/commons-daemon-1.0.13.jar:/home/user/.m2/repository/io/netty/netty/3.10.5.Final/netty-3.10.5.Final.jar:/home/user/.m2/repository/io/netty/netty-all/4.0.52.Final/netty-all-4.0.52.Final.jar:/home/user/.m2/repository/org/fusesource/leveldbjni/leveldbjni-all/1.8/leveldbjni-all-1.8.jar:"/>
    <property name="sun.cpu.endian" value="little"/>
    <property name="user.home" value="/home/user"/>
    <property name="user.language" value="en"/>
    <property name="java.specification.vendor" value="Oracle Corporation"/>
    <property name="java.home" value="/usr/lib/jvm/java-1.8.0-openjdk-1.8.0.222.b10-1.el7_7.x86_64/jre"/>
    <property name="surefire.excludesFile" value="/tools/ozone-bad-unit-tests"/>
    <property name="java.security.krb5.conf" value="/workdir/hadoop-ozone/integration-test/target/test-classes/krb5.conf"/>
    <property name="basedir" value="/workdir/hadoop-ozone/integration-test"/>
    <property name="file.separator" value="/"/>
    <property name="line.separator" value="&#10;"/>
    <property name="java.vm.specification.vendor" value="Oracle Corporation"/>
    <property name="java.specification.name" value="Java Platform API Specification"/>
    <property name="java.awt.graphicsenv" value="sun.awt.X11GraphicsEnvironment"/>
    <property name="surefire.real.class.path" value="/workdir/hadoop-ozone/integration-test/target/surefire/surefirebooter4520332192800914970.jar"/>
    <property name="hadoop.log.dir" value="/workdir/hadoop-ozone/integration-test/target/log"/>
    <property name="sun.boot.class.path" value="/usr/lib/jvm/java-1.8.0-openjdk-1.8.0.222.b10-1.el7_7.x86_64/jre/lib/resources.jar:/usr/lib/jvm/java-1.8.0-openjdk-1.8.0.222.b10-1.el7_7.x86_64/jre/lib/rt.jar:/usr/lib/jvm/java-1.8.0-openjdk-1.8.0.222.b10-1.el7_7.x86_64/jre/lib/sunrsasign.jar:/usr/lib/jvm/java-1.8.0-openjdk-1.8.0.222.b10-1.el7_7.x86_64/jre/lib/jsse.jar:/usr/lib/jvm/java-1.8.0-openjdk-1.8.0.222.b10-1.el7_7.x86_64/jre/lib/jce.jar:/usr/lib/jvm/java-1.8.0-openjdk-1.8.0.222.b10-1.el7_7.x86_64/jre/lib/charsets.jar:/usr/lib/jvm/java-1.8.0-openjdk-1.8.0.222.b10-1.el7_7.x86_64/jre/lib/jfr.jar:/usr/lib/jvm/java-1.8.0-openjdk-1.8.0.222.b10-1.el7_7.x86_64/jre/classes"/>
    <property name="sun.management.compiler" value="HotSpot 64-Bit Tiered Compilers"/>
    <property name="java.runtime.version" value="1.8.0_222-b10"/>
    <property name="java.net.preferIPv4Stack" value="true"/>
    <property name="user.name" value="jenkins1000"/>
    <property name="path.separator" value=":"/>
    <property name="java.security.egd" value="file:///dev/urandom"/>
    <property name="os.version" value="3.10.0-957.12.2.el7.x86_64"/>
    <property name="java.endorsed.dirs" value="/usr/lib/jvm/java-1.8.0-openjdk-1.8.0.222.b10-1.el7_7.x86_64/jre/lib/endorsed"/>
    <property name="java.runtime.name" value="OpenJDK Runtime Environment"/>
    <property name="file.encoding" value="ANSI_X3.4-1968"/>
    <property name="java.vm.name" value="OpenJDK 64-Bit Server VM"/>
    <property name="test.build.webapps" value=""/>
    <property name="localRepository" value="/home/user/.m2/repository"/>
    <property name="java.vendor.url.bug" value="http://bugreport.sun.com/bugreport/"/>
    <property name="java.io.tmpdir" value="/tmp"/>
    <property name="require.test.libhadoop" value=""/>
    <property name="java.version" value="1.8.0_222"/>
    <property name="user.dir" value="/workdir/hadoop-ozone/integration-test"/>
    <property name="os.arch" value="amd64"/>
    <property name="java.vm.specification.name" value="Java Virtual Machine Specification"/>
    <property name="test.build.classes" value="/workdir/hadoop-ozone/integration-test/target/test-classes"/>
    <property name="java.awt.printerjob" value="sun.print.PSPrinterJob"/>
    <property name="sun.os.patch.level" value="unknown"/>
    <property name="hadoop.tmp.dir" value="/workdir/hadoop-ozone/integration-test/target/tmp"/>
    <property name="java.library.path" value="/usr/lib:/workdir/hadoop-ozone/integration-test/target/native/target/usr/local/lib:/workdir/hadoop-ozone/integration-test/../../hadoop-common-project/hadoop-common/target/native/target/usr/local/lib:/usr/java/packages/lib/amd64:/usr/lib64:/lib64:/lib:/usr/lib"/>
    <property name="java.vm.info" value="mixed mode"/>
    <property name="java.vendor" value="Oracle Corporation"/>
    <property name="java.vm.version" value="25.222-b10"/>
    <property name="java.ext.dirs" value="/usr/lib/jvm/java-1.8.0-openjdk-1.8.0.222.b10-1.el7_7.x86_64/jre/lib/ext:/usr/java/packages/lib/ext"/>
    <property name="sun.io.unicode.encoding" value="UnicodeLittle"/>
    <property name="java.class.version" value="52.0"/>
  </properties>
  <testcase name="testDeleteKeyWithSlowFollower" classname="org.apache.hadoop.ozone.client.rpc.TestDeleteWithSlowFollower" time="112.634">
    <failure type="java.lang.AssertionError">java.lang.AssertionError
	at org.junit.Assert.fail(Assert.java:86)
	at org.junit.Assert.assertTrue(Assert.java:41)
	at org.junit.Assert.assertTrue(Assert.java:52)
	at org.apache.hadoop.ozone.client.rpc.TestDeleteWithSlowFollower.testDeleteKeyWithSlowFollower(TestDeleteWithSlowFollower.java:265)
	at sun.reflect.NativeMethodAccessorImpl.invoke0(Native Method)
	at sun.reflect.NativeMethodAccessorImpl.invoke(NativeMethodAccessorImpl.java:62)
	at sun.reflect.DelegatingMethodAccessorImpl.invoke(DelegatingMethodAccessorImpl.java:43)
	at java.lang.reflect.Method.invoke(Method.java:498)
	at org.junit.runners.model.FrameworkMethod$1.runReflectiveCall(FrameworkMethod.java:47)
	at org.junit.internal.runners.model.ReflectiveCallable.run(ReflectiveCallable.java:12)
	at org.junit.runners.model.FrameworkMethod.invokeExplosively(FrameworkMethod.java:44)
	at org.junit.internal.runners.statements.InvokeMethod.evaluate(InvokeMethod.java:17)
	at org.junit.runners.ParentRunner.runLeaf(ParentRunner.java:271)
	at org.junit.runners.BlockJUnit4ClassRunner.runChild(BlockJUnit4ClassRunner.java:70)
	at org.junit.runners.BlockJUnit4ClassRunner.runChild(BlockJUnit4ClassRunner.java:50)
	at org.junit.runners.ParentRunner$3.run(ParentRunner.java:238)
	at org.junit.runners.ParentRunner$1.schedule(ParentRunner.java:63)
	at org.junit.runners.ParentRunner.runChildren(ParentRunner.java:236)
	at org.junit.runners.ParentRunner.access$000(ParentRunner.java:53)
	at org.junit.runners.ParentRunner$2.evaluate(ParentRunner.java:229)
	at org.junit.internal.runners.statements.RunBefores.evaluate(RunBefores.java:26)
	at org.junit.internal.runners.statements.RunAfters.evaluate(RunAfters.java:27)
	at org.junit.runners.ParentRunner.run(ParentRunner.java:309)
	at org.apache.maven.surefire.junit4.JUnit4Provider.execute(JUnit4Provider.java:365)
	at org.apache.maven.surefire.junit4.JUnit4Provider.executeWithRerun(JUnit4Provider.java:273)
	at org.apache.maven.surefire.junit4.JUnit4Provider.executeTestSet(JUnit4Provider.java:238)
	at org.apache.maven.surefire.junit4.JUnit4Provider.invoke(JUnit4Provider.java:159)
	at org.apache.maven.surefire.booter.ForkedBooter.invokeProviderInSameClassLoader(ForkedBooter.java:384)
	at org.apache.maven.surefire.booter.ForkedBooter.runSuitesInProcess(ForkedBooter.java:345)
	at org.apache.maven.surefire.booter.ForkedBooter.execute(ForkedBooter.java:126)
	at org.apache.maven.surefire.booter.ForkedBooter.main(ForkedBooter.java:418)
</failure>
    <system-out><![CDATA[2019-10-16 06:58:41,969 [main] WARN  server.ServerUtils (ServerUtils.java:getScmDbDir(145)) - ozone.scm.db.dirs is not configured. We recommend adding this setting. Falling back to ozone.metadata.dirs instead.
2019-10-16 06:58:42,077 [main] WARN  server.ServerUtils (ServerUtils.java:getScmDbDir(145)) - ozone.scm.db.dirs is not configured. We recommend adding this setting. Falling back to ozone.metadata.dirs instead.
2019-10-16 06:58:42,080 [main] WARN  server.ServerUtils (ServerUtils.java:getScmDbDir(145)) - ozone.scm.db.dirs is not configured. We recommend adding this setting. Falling back to ozone.metadata.dirs instead.
2019-10-16 06:58:42,105 [main] INFO  util.log (Log.java:initialized(192)) - Logging initialized @768ms
2019-10-16 06:58:42,191 [main] INFO  db.DBStoreBuilder (DBStoreBuilder.java:addTable(117)) - using custom profile for table: deletedBlocks
2019-10-16 06:58:42,191 [main] INFO  db.DBStoreBuilder (DBStoreBuilder.java:processTables(168)) - Using default column profile:DBProfile.DISK for Table:deletedBlocks
2019-10-16 06:58:42,191 [main] INFO  db.DBStoreBuilder (DBStoreBuilder.java:addTable(117)) - using custom profile for table: validCerts
2019-10-16 06:58:42,191 [main] INFO  db.DBStoreBuilder (DBStoreBuilder.java:processTables(168)) - Using default column profile:DBProfile.DISK for Table:validCerts
2019-10-16 06:58:42,192 [main] INFO  db.DBStoreBuilder (DBStoreBuilder.java:addTable(117)) - using custom profile for table: revokedCerts
2019-10-16 06:58:42,192 [main] INFO  db.DBStoreBuilder (DBStoreBuilder.java:processTables(168)) - Using default column profile:DBProfile.DISK for Table:revokedCerts
2019-10-16 06:58:42,201 [main] INFO  db.DBStoreBuilder (DBStoreBuilder.java:addTable(117)) - using custom profile for table: default
2019-10-16 06:58:42,202 [main] INFO  db.DBStoreBuilder (DBStoreBuilder.java:processTables(174)) - Using default column profile:DBProfile.DISK for Table:default
2019-10-16 06:58:42,203 [main] INFO  db.DBStoreBuilder (DBStoreBuilder.java:getDbProfile(205)) - Using default options. DBProfile.DISK
2019-10-16 06:58:42,413 [main] INFO  net.NodeSchemaLoader (NodeSchemaLoader.java:loadSchemaFromFile(125)) - Loading file from sun.misc.CompoundEnumeration@74235045
2019-10-16 06:58:42,416 [main] INFO  net.NodeSchemaLoader (NodeSchemaLoader.java:loadSchema(171)) - Loading network topology layer schema file
2019-10-16 06:58:42,501 [main] WARN  server.ServerUtils (ServerUtils.java:sanitizeUserArgs(70)) - ozone.scm.stale.node.interval value = 1000000 is larger than max = 100000 based on the key value of ozone.scm.heartbeat.thread.interval, reset to the max value 100000.
2019-10-16 06:58:42,503 [main] WARN  server.ServerUtils (ServerUtils.java:sanitizeUserArgs(70)) - ozone.scm.stale.node.interval value = 1000000 is larger than max = 100000 based on the key value of ozone.scm.heartbeat.thread.interval, reset to the max value 100000.
2019-10-16 06:58:42,506 [main] INFO  node.SCMNodeManager (SCMNodeManager.java:<init>(116)) - Entering startup safe mode.
2019-10-16 06:58:42,572 [main] INFO  algorithms.ContainerPlacementPolicyFactory (ContainerPlacementPolicyFactory.java:getPolicy(57)) - Create container placement policy of type org.apache.hadoop.hdds.scm.container.placement.algorithms.SCMContainerPlacementRandom
2019-10-16 06:58:42,585 [main] WARN  server.ServerUtils (ServerUtils.java:getScmDbDir(145)) - ozone.scm.db.dirs is not configured. We recommend adding this setting. Falling back to ozone.metadata.dirs instead.
2019-10-16 06:58:42,666 [main] INFO  pipeline.SCMPipelineManager (SCMPipelineManager.java:initializePipelineState(132)) - No pipeline exists in current db
2019-10-16 06:58:42,669 [main] WARN  server.ServerUtils (ServerUtils.java:getScmDbDir(145)) - ozone.scm.db.dirs is not configured. We recommend adding this setting. Falling back to ozone.metadata.dirs instead.
2019-10-16 06:58:42,773 [main] WARN  events.EventQueue (EventQueue.java:fireEvent(183)) - No event handler registered for event TypedEvent{payloadType=SafeModeStatus, name='SafeModeStatus'}
2019-10-16 06:58:43,108 [main] INFO  ipc.CallQueueManager (CallQueueManager.java:<init>(84)) - Using callQueue: class java.util.concurrent.LinkedBlockingQueue, queueCapacity: 2000, scheduler: class org.apache.hadoop.ipc.DefaultRpcScheduler, ipcBackoff: false.
2019-10-16 06:58:43,243 [Socket Reader #1 for port 32804] INFO  ipc.Server (Server.java:run(1074)) - Starting Socket Reader #1 for port 32804
2019-10-16 06:58:43,265 [main] INFO  ipc.CallQueueManager (CallQueueManager.java:<init>(84)) - Using callQueue: class java.util.concurrent.LinkedBlockingQueue, queueCapacity: 2000, scheduler: class org.apache.hadoop.ipc.DefaultRpcScheduler, ipcBackoff: false.
2019-10-16 06:58:43,266 [Socket Reader #1 for port 43879] INFO  ipc.Server (Server.java:run(1074)) - Starting Socket Reader #1 for port 43879
2019-10-16 06:58:43,272 [main] INFO  ipc.CallQueueManager (CallQueueManager.java:<init>(84)) - Using callQueue: class java.util.concurrent.LinkedBlockingQueue, queueCapacity: 2000, scheduler: class org.apache.hadoop.ipc.DefaultRpcScheduler, ipcBackoff: false.
2019-10-16 06:58:43,273 [Socket Reader #1 for port 34963] INFO  ipc.Server (Server.java:run(1074)) - Starting Socket Reader #1 for port 34963
2019-10-16 06:58:43,290 [main] INFO  hdfs.DFSUtil (DFSUtil.java:httpServerTemplateForNNAndJN(1641)) - Starting Web-server for scm at: http://0.0.0.0:0
2019-10-16 06:58:43,446 [main] INFO  server.AuthenticationFilter (AuthenticationFilter.java:constructSecretProvider(240)) - Unable to initialize FileSignerSecretProvider, falling back to use random secrets.
2019-10-16 06:58:43,454 [main] WARN  http.HttpRequestLog (HttpRequestLog.java:getRequestLog(97)) - Jetty request log can only be enabled using Log4j
2019-10-16 06:58:43,461 [main] INFO  http.HttpServer2 (HttpServer2.java:addGlobalFilter(975)) - Added global filter 'safety' (class=org.apache.hadoop.http.HttpServer2$QuotingInputFilter)
2019-10-16 06:58:43,464 [main] INFO  http.HttpServer2 (HttpServer2.java:addFilter(948)) - Added filter static_user_filter (class=org.apache.hadoop.http.lib.StaticUserWebFilter$StaticUserFilter) to context scm
2019-10-16 06:58:43,464 [main] INFO  http.HttpServer2 (HttpServer2.java:addFilter(958)) - Added filter static_user_filter (class=org.apache.hadoop.http.lib.StaticUserWebFilter$StaticUserFilter) to context logs
2019-10-16 06:58:43,464 [main] INFO  http.HttpServer2 (HttpServer2.java:addFilter(958)) - Added filter static_user_filter (class=org.apache.hadoop.http.lib.StaticUserWebFilter$StaticUserFilter) to context static
2019-10-16 06:58:43,493 [main] INFO  server.StorageContainerManager (StorageContainerManager.java:start(772)) - StorageContainerLocationProtocol RPC server is listening at /0.0.0.0:34963
2019-10-16 06:58:43,558 [main] WARN  impl.MetricsConfig (MetricsConfig.java:loadFirst(134)) - Cannot locate configuration: tried hadoop-metrics2-storagecontainermanager.properties,hadoop-metrics2.properties
2019-10-16 06:58:43,572 [main] INFO  impl.MetricsSystemImpl (MetricsSystemImpl.java:startTimer(374)) - Scheduled Metric snapshot period at 10 second(s).
2019-10-16 06:58:43,572 [main] INFO  impl.MetricsSystemImpl (MetricsSystemImpl.java:start(191)) - StorageContainerManager metrics system started
2019-10-16 06:58:43,831 [main] INFO  server.SCMClientProtocolServer (SCMClientProtocolServer.java:start(159)) - RPC server for Client  is listening at /0.0.0.0:34963
2019-10-16 06:58:43,832 [IPC Server Responder] INFO  ipc.Server (Server.java:run(1314)) - IPC Server Responder: starting
2019-10-16 06:58:43,832 [IPC Server listener on 34963] INFO  ipc.Server (Server.java:run(1153)) - IPC Server listener on 34963: starting
2019-10-16 06:58:43,835 [main] INFO  server.StorageContainerManager (StorageContainerManager.java:start(782)) - ScmBlockLocationProtocol RPC server is listening at /0.0.0.0:43879
2019-10-16 06:58:43,836 [main] INFO  server.SCMBlockProtocolServer (SCMBlockProtocolServer.java:start(146)) - RPC server for Block Protocol is listening at /0.0.0.0:43879
2019-10-16 06:58:43,836 [IPC Server listener on 43879] INFO  ipc.Server (Server.java:run(1153)) - IPC Server listener on 43879: starting
2019-10-16 06:58:43,836 [IPC Server Responder] INFO  ipc.Server (Server.java:run(1314)) - IPC Server Responder: starting
2019-10-16 06:58:43,838 [main] INFO  server.StorageContainerManager (StorageContainerManager.java:start(786)) - ScmDatanodeProtocl RPC server is listening at /0.0.0.0:32804
2019-10-16 06:58:43,838 [main] INFO  server.SCMDatanodeProtocolServer (SCMDatanodeProtocolServer.java:start(169)) - RPC server for DataNodes is listening at /0.0.0.0:32804
2019-10-16 06:58:43,839 [IPC Server Responder] INFO  ipc.Server (Server.java:run(1314)) - IPC Server Responder: starting
2019-10-16 06:58:43,839 [IPC Server listener on 32804] INFO  ipc.Server (Server.java:run(1153)) - IPC Server listener on 32804: starting
2019-10-16 06:58:43,842 [main] INFO  http.HttpServer2 (HttpServer2.java:bindListener(1191)) - Jetty bound to port 37600
2019-10-16 06:58:43,844 [main] INFO  server.Server (Server.java:doStart(351)) - jetty-9.3.25.v20180904, build timestamp: 2018-09-04T21:11:46Z, git hash: 3ce520221d0240229c862b122d2b06c12a625732
2019-10-16 06:58:43,880 [main] INFO  handler.ContextHandler (ContextHandler.java:doStart(781)) - Started o.e.j.s.ServletContextHandler@42f8285e{/logs,file:///workdir/hadoop-ozone/integration-test/target/log,AVAILABLE}
2019-10-16 06:58:43,881 [main] INFO  handler.ContextHandler (ContextHandler.java:doStart(781)) - Started o.e.j.s.ServletContextHandler@3724af13{/static,file:///workdir/hadoop-ozone/integration-test/target/test-classes/webapps/static,AVAILABLE}
2019-10-16 06:58:43,929 [main] INFO  handler.ContextHandler (ContextHandler.java:doStart(781)) - Started o.e.j.w.WebAppContext@24a1c17f{/,file:///workdir/hadoop-ozone/integration-test/target/test-classes/webapps/scm/,AVAILABLE}{/scm}
2019-10-16 06:58:43,934 [main] INFO  server.AbstractConnector (AbstractConnector.java:doStart(278)) - Started ServerConnector@4d63b624{HTTP/1.1,[http/1.1]}{0.0.0.0:37600}
2019-10-16 06:58:43,935 [main] INFO  server.Server (Server.java:doStart(419)) - Started @2598ms
2019-10-16 06:58:43,937 [main] INFO  impl.MetricsSinkAdapter (MetricsSinkAdapter.java:start(204)) - Sink prometheus started
2019-10-16 06:58:43,937 [main] INFO  impl.MetricsSystemImpl (MetricsSystemImpl.java:registerSink(301)) - Registered sink prometheus
2019-10-16 06:58:43,938 [main] INFO  server.BaseHttpServer (BaseHttpServer.java:updateConnectorAddress(215)) - HTTP server of SCM is listening at http://0.0.0.0:37600
2019-10-16 06:58:43,948 [org.apache.hadoop.util.JvmPauseMonitor$Monitor@4b629f13] INFO  util.JvmPauseMonitor (JvmPauseMonitor.java:run(188)) - Starting JVM pause monitor
2019-10-16 06:58:43,954 [main] WARN  server.ServerUtils (ServerUtils.java:getDBPath(222)) - ozone.om.db.dirs is not configured. We recommend adding this setting. Falling back to ozone.metadata.dirs instead.
2019-10-16 06:58:44,759 [main] INFO  ha.OMHANodeDetails (OMHANodeDetails.java:loadOMHAConfig(190)) - Configuration either no ozone.om.address set. Falling back to the default OM address /127.0.0.1:0
2019-10-16 06:58:44,759 [main] INFO  ha.OMHANodeDetails (OMHANodeDetails.java:getOMNodeDetails(220)) - OM Service ID is not set. Setting it to the default ID: omServiceIdDefault
2019-10-16 06:58:44,762 [main] WARN  server.ServerUtils (ServerUtils.java:getDBPath(222)) - ozone.om.db.dirs is not configured. We recommend adding this setting. Falling back to ozone.metadata.dirs instead.
2019-10-16 06:58:44,762 [main] WARN  server.ServerUtils (ServerUtils.java:getDBPath(222)) - ozone.om.db.dirs is not configured. We recommend adding this setting. Falling back to ozone.metadata.dirs instead.
2019-10-16 06:58:45,393 [main] WARN  server.ServerUtils (ServerUtils.java:getDBPath(222)) - ozone.om.db.dirs is not configured. We recommend adding this setting. Falling back to ozone.metadata.dirs instead.
2019-10-16 06:58:45,401 [main] INFO  db.DBStoreBuilder (DBStoreBuilder.java:addTable(117)) - using custom profile for table: userTable
2019-10-16 06:58:45,401 [main] INFO  db.DBStoreBuilder (DBStoreBuilder.java:processTables(168)) - Using default column profile:DBProfile.DISK for Table:userTable
2019-10-16 06:58:45,401 [main] INFO  db.DBStoreBuilder (DBStoreBuilder.java:addTable(117)) - using custom profile for table: volumeTable
2019-10-16 06:58:45,401 [main] INFO  db.DBStoreBuilder (DBStoreBuilder.java:processTables(168)) - Using default column profile:DBProfile.DISK for Table:volumeTable
2019-10-16 06:58:45,402 [main] INFO  db.DBStoreBuilder (DBStoreBuilder.java:addTable(117)) - using custom profile for table: bucketTable
2019-10-16 06:58:45,402 [main] INFO  db.DBStoreBuilder (DBStoreBuilder.java:processTables(168)) - Using default column profile:DBProfile.DISK for Table:bucketTable
2019-10-16 06:58:45,402 [main] INFO  db.DBStoreBuilder (DBStoreBuilder.java:addTable(117)) - using custom profile for table: keyTable
2019-10-16 06:58:45,402 [main] INFO  db.DBStoreBuilder (DBStoreBuilder.java:processTables(168)) - Using default column profile:DBProfile.DISK for Table:keyTable
2019-10-16 06:58:45,402 [main] INFO  db.DBStoreBuilder (DBStoreBuilder.java:addTable(117)) - using custom profile for table: deletedTable
2019-10-16 06:58:45,403 [main] INFO  db.DBStoreBuilder (DBStoreBuilder.java:processTables(168)) - Using default column profile:DBProfile.DISK for Table:deletedTable
2019-10-16 06:58:45,403 [main] INFO  db.DBStoreBuilder (DBStoreBuilder.java:addTable(117)) - using custom profile for table: openKeyTable
2019-10-16 06:58:45,403 [main] INFO  db.DBStoreBuilder (DBStoreBuilder.java:processTables(168)) - Using default column profile:DBProfile.DISK for Table:openKeyTable
2019-10-16 06:58:45,403 [main] INFO  db.DBStoreBuilder (DBStoreBuilder.java:addTable(117)) - using custom profile for table: s3Table
2019-10-16 06:58:45,403 [main] INFO  db.DBStoreBuilder (DBStoreBuilder.java:processTables(168)) - Using default column profile:DBProfile.DISK for Table:s3Table
2019-10-16 06:58:45,404 [main] INFO  db.DBStoreBuilder (DBStoreBuilder.java:addTable(117)) - using custom profile for table: multipartInfoTable
2019-10-16 06:58:45,404 [main] INFO  db.DBStoreBuilder (DBStoreBuilder.java:processTables(168)) - Using default column profile:DBProfile.DISK for Table:multipartInfoTable
2019-10-16 06:58:45,404 [main] INFO  db.DBStoreBuilder (DBStoreBuilder.java:addTable(117)) - using custom profile for table: dTokenTable
2019-10-16 06:58:45,404 [main] INFO  db.DBStoreBuilder (DBStoreBuilder.java:processTables(168)) - Using default column profile:DBProfile.DISK for Table:dTokenTable
2019-10-16 06:58:45,405 [main] INFO  db.DBStoreBuilder (DBStoreBuilder.java:addTable(117)) - using custom profile for table: s3SecretTable
2019-10-16 06:58:45,405 [main] INFO  db.DBStoreBuilder (DBStoreBuilder.java:processTables(168)) - Using default column profile:DBProfile.DISK for Table:s3SecretTable
2019-10-16 06:58:45,405 [main] INFO  db.DBStoreBuilder (DBStoreBuilder.java:addTable(117)) - using custom profile for table: prefixTable
2019-10-16 06:58:45,405 [main] INFO  db.DBStoreBuilder (DBStoreBuilder.java:processTables(168)) - Using default column profile:DBProfile.DISK for Table:prefixTable
2019-10-16 06:58:45,406 [main] INFO  db.DBStoreBuilder (DBStoreBuilder.java:addTable(117)) - using custom profile for table: default
2019-10-16 06:58:45,406 [main] INFO  db.DBStoreBuilder (DBStoreBuilder.java:processTables(174)) - Using default column profile:DBProfile.DISK for Table:default
2019-10-16 06:58:45,406 [main] INFO  db.DBStoreBuilder (DBStoreBuilder.java:getDbProfile(205)) - Using default options. DBProfile.DISK
2019-10-16 06:58:45,857 [main] INFO  ipc.CallQueueManager (CallQueueManager.java:<init>(84)) - Using callQueue: class java.util.concurrent.LinkedBlockingQueue, queueCapacity: 2000, scheduler: class org.apache.hadoop.ipc.DefaultRpcScheduler, ipcBackoff: false.
2019-10-16 06:58:45,858 [Socket Reader #1 for port 42138] INFO  ipc.Server (Server.java:run(1074)) - Starting Socket Reader #1 for port 42138
2019-10-16 06:58:45,881 [main] INFO  om.OzoneManager (OzoneManager.java:start(1074)) - OzoneManager RPC server is listening at localhost/127.0.0.1:42138
2019-10-16 06:58:45,881 [main] INFO  impl.MetricsSystemImpl (MetricsSystemImpl.java:init(158)) - OzoneManager metrics system started (again)
2019-10-16 06:58:45,890 [IPC Server Responder] INFO  ipc.Server (Server.java:run(1314)) - IPC Server Responder: starting
2019-10-16 06:58:45,890 [IPC Server listener on 42138] INFO  ipc.Server (Server.java:run(1153)) - IPC Server listener on 42138: starting
2019-10-16 06:58:45,898 [main] INFO  hdfs.DFSUtil (DFSUtil.java:httpServerTemplateForNNAndJN(1641)) - Starting Web-server for ozoneManager at: http://0.0.0.0:0
2019-10-16 06:58:45,899 [main] INFO  server.AuthenticationFilter (AuthenticationFilter.java:constructSecretProvider(240)) - Unable to initialize FileSignerSecretProvider, falling back to use random secrets.
2019-10-16 06:58:45,900 [main] WARN  http.HttpRequestLog (HttpRequestLog.java:getRequestLog(97)) - Jetty request log can only be enabled using Log4j
2019-10-16 06:58:45,902 [main] INFO  http.HttpServer2 (HttpServer2.java:addGlobalFilter(975)) - Added global filter 'safety' (class=org.apache.hadoop.http.HttpServer2$QuotingInputFilter)
2019-10-16 06:58:45,903 [main] INFO  http.HttpServer2 (HttpServer2.java:addFilter(948)) - Added filter static_user_filter (class=org.apache.hadoop.http.lib.StaticUserWebFilter$StaticUserFilter) to context ozoneManager
2019-10-16 06:58:45,904 [main] INFO  http.HttpServer2 (HttpServer2.java:addFilter(958)) - Added filter static_user_filter (class=org.apache.hadoop.http.lib.StaticUserWebFilter$StaticUserFilter) to context static
2019-10-16 06:58:45,904 [main] INFO  http.HttpServer2 (HttpServer2.java:addFilter(958)) - Added filter static_user_filter (class=org.apache.hadoop.http.lib.StaticUserWebFilter$StaticUserFilter) to context logs
2019-10-16 06:58:45,906 [main] INFO  http.HttpServer2 (HttpServer2.java:bindListener(1191)) - Jetty bound to port 41228
2019-10-16 06:58:45,907 [main] INFO  server.Server (Server.java:doStart(351)) - jetty-9.3.25.v20180904, build timestamp: 2018-09-04T21:11:46Z, git hash: 3ce520221d0240229c862b122d2b06c12a625732
2019-10-16 06:58:45,909 [main] INFO  handler.ContextHandler (ContextHandler.java:doStart(781)) - Started o.e.j.s.ServletContextHandler@aa10649{/logs,file:///workdir/hadoop-ozone/integration-test/target/log,AVAILABLE}
2019-10-16 06:58:45,910 [main] INFO  handler.ContextHandler (ContextHandler.java:doStart(781)) - Started o.e.j.s.ServletContextHandler@37095ded{/static,file:///workdir/hadoop-ozone/integration-test/target/test-classes/webapps/static,AVAILABLE}
2019-10-16 06:58:45,915 [main] INFO  handler.ContextHandler (ContextHandler.java:doStart(781)) - Started o.e.j.w.WebAppContext@75b3673{/,file:///workdir/hadoop-ozone/integration-test/target/test-classes/webapps/ozoneManager/,AVAILABLE}{/ozoneManager}
2019-10-16 06:58:45,916 [main] INFO  server.AbstractConnector (AbstractConnector.java:doStart(278)) - Started ServerConnector@1bcb79c2{HTTP/1.1,[http/1.1]}{0.0.0.0:41228}
2019-10-16 06:58:45,916 [main] INFO  server.Server (Server.java:doStart(419)) - Started @4579ms
2019-10-16 06:58:45,917 [main] WARN  impl.MetricsSystemImpl (MetricsSystemImpl.java:register(276)) - Sink prometheus already exists!
2019-10-16 06:58:45,918 [main] INFO  server.BaseHttpServer (BaseHttpServer.java:updateConnectorAddress(215)) - HTTP server of OZONEMANAGER is listening at http://0.0.0.0:41228
2019-10-16 06:58:46,180 [main] INFO  impl.MetricsSystemImpl (MetricsSystemImpl.java:init(158)) - HddsDatanode metrics system started (again)
2019-10-16 06:58:46,223 [main] INFO  ozone.HddsDatanodeService (HddsDatanodeService.java:start(184)) - HddsDatanodeService host:pr-hdds-2313-mzbf2-1866299523 ip:192.168.69.68
2019-10-16 06:58:46,254 [main] INFO  volume.HddsVolume (HddsVolume.java:<init>(176)) - Creating Volume: /workdir/hadoop-ozone/integration-test/target/test-dir/MiniOzoneClusterImpl-ed1e4b0b-7f1c-4222-87cd-b4f9b4aaacc0/datanode-0/data/containers/hdds of  storage type : DISK and capacity : 1482555576320
2019-10-16 06:58:46,256 [main] INFO  volume.VolumeSet (VolumeSet.java:initializeVolumeSet(170)) - Added Volume : /workdir/hadoop-ozone/integration-test/target/test-dir/MiniOzoneClusterImpl-ed1e4b0b-7f1c-4222-87cd-b4f9b4aaacc0/datanode-0/data/containers/hdds to VolumeSet
2019-10-16 06:58:46,258 [main] INFO  volume.ThrottledAsyncChecker (ThrottledAsyncChecker.java:schedule(141)) - Scheduling a check for /workdir/hadoop-ozone/integration-test/target/test-dir/MiniOzoneClusterImpl-ed1e4b0b-7f1c-4222-87cd-b4f9b4aaacc0/datanode-0/data/containers/hdds
2019-10-16 06:58:46,282 [main] INFO  volume.HddsVolumeChecker (HddsVolumeChecker.java:checkAllVolumes(204)) - Scheduled health check for volume /workdir/hadoop-ozone/integration-test/target/test-dir/MiniOzoneClusterImpl-ed1e4b0b-7f1c-4222-87cd-b4f9b4aaacc0/datanode-0/data/containers/hdds
2019-10-16 06:58:46,400 [main] INFO  impl.RaftServerProxy (ConfUtils.java:logGet(43)) - raft.rpc.type = GRPC (default)
2019-10-16 06:58:46,485 [main] INFO  grpc.GrpcFactory (GrpcFactory.java:checkPooledByteBufAllocatorUseCacheForAllThreads(45)) - PERFORMANCE WARNING: useCacheForAllThreads is true that may cause Netty to create a lot garbage objects and, as a result, trigger GC.
	It is recommended to disable useCacheForAllThreads by setting -Dorg.apache.ratis.thirdparty.io.netty.allocator.useCacheForAllThreads=false in command line.
2019-10-16 06:58:46,491 [main] INFO  grpc.GrpcConfigKeys$Server (ConfUtils.java:logGet(43)) - raft.grpc.server.port = 0 (default)
2019-10-16 06:58:46,492 [main] INFO  server.GrpcService (ConfUtils.java:logGet(43)) - raft.grpc.message.size.max = 33570816 (custom)
2019-10-16 06:58:46,493 [main] INFO  server.RaftServerConfigKeys (ConfUtils.java:logGet(43)) - raft.server.log.appender.buffer.byte-limit = 33554432 (custom)
2019-10-16 06:58:46,494 [main] INFO  server.GrpcService (ConfUtils.java:logGet(43)) - raft.grpc.flow.control.window = 1MB (=1048576) (default)
2019-10-16 06:58:46,495 [main] INFO  server.RaftServerConfigKeys (ConfUtils.java:logGet(43)) - raft.server.rpc.request.timeout = 3000ms (default)
2019-10-16 06:58:46,653 [main] INFO  server.RaftServerConfigKeys (ConfUtils.java:logGet(43)) - raft.server.storage.dir = [/workdir/hadoop-ozone/integration-test/target/test-dir/MiniOzoneClusterImpl-ed1e4b0b-7f1c-4222-87cd-b4f9b4aaacc0/datanode-0/data/ratis] (custom)
2019-10-16 06:58:46,700 [main] INFO  hdfs.DFSUtil (DFSUtil.java:httpServerTemplateForNNAndJN(1641)) - Starting Web-server for hddsDatanode at: http://0.0.0.0:0
2019-10-16 06:58:46,702 [main] INFO  server.AuthenticationFilter (AuthenticationFilter.java:constructSecretProvider(240)) - Unable to initialize FileSignerSecretProvider, falling back to use random secrets.
2019-10-16 06:58:46,702 [main] WARN  http.HttpRequestLog (HttpRequestLog.java:getRequestLog(97)) - Jetty request log can only be enabled using Log4j
2019-10-16 06:58:46,704 [main] INFO  http.HttpServer2 (HttpServer2.java:addGlobalFilter(975)) - Added global filter 'safety' (class=org.apache.hadoop.http.HttpServer2$QuotingInputFilter)
2019-10-16 06:58:46,705 [main] INFO  http.HttpServer2 (HttpServer2.java:addFilter(948)) - Added filter static_user_filter (class=org.apache.hadoop.http.lib.StaticUserWebFilter$StaticUserFilter) to context hddsDatanode
2019-10-16 06:58:46,705 [main] INFO  http.HttpServer2 (HttpServer2.java:addFilter(958)) - Added filter static_user_filter (class=org.apache.hadoop.http.lib.StaticUserWebFilter$StaticUserFilter) to context logs
2019-10-16 06:58:46,705 [main] INFO  http.HttpServer2 (HttpServer2.java:addFilter(958)) - Added filter static_user_filter (class=org.apache.hadoop.http.lib.StaticUserWebFilter$StaticUserFilter) to context static
2019-10-16 06:58:46,706 [main] INFO  http.HttpServer2 (HttpServer2.java:bindListener(1191)) - Jetty bound to port 34515
2019-10-16 06:58:46,706 [main] INFO  server.Server (Server.java:doStart(351)) - jetty-9.3.25.v20180904, build timestamp: 2018-09-04T21:11:46Z, git hash: 3ce520221d0240229c862b122d2b06c12a625732
2019-10-16 06:58:46,708 [main] INFO  handler.ContextHandler (ContextHandler.java:doStart(781)) - Started o.e.j.s.ServletContextHandler@60cf62ad{/logs,file:///workdir/hadoop-ozone/integration-test/target/log,AVAILABLE}
2019-10-16 06:58:46,709 [main] INFO  handler.ContextHandler (ContextHandler.java:doStart(781)) - Started o.e.j.s.ServletContextHandler@1ac4ccad{/static,jar:file:/home/user/.m2/repository/org/apache/hadoop/hadoop-hdds-container-service/0.5.0-SNAPSHOT/hadoop-hdds-container-service-0.5.0-SNAPSHOT.jar!/webapps/static,AVAILABLE}
2019-10-16 06:58:46,748 [main] INFO  handler.ContextHandler (ContextHandler.java:doStart(781)) - Started o.e.j.w.WebAppContext@de8039f{/,file:///tmp/jetty-0.0.0.0-34515-hddsDatanode-_-any-1008402651579486223.dir/webapp/,AVAILABLE}{/hddsDatanode}
2019-10-16 06:58:46,749 [main] INFO  server.AbstractConnector (AbstractConnector.java:doStart(278)) - Started ServerConnector@1deceb67{HTTP/1.1,[http/1.1]}{0.0.0.0:34515}
2019-10-16 06:58:46,749 [main] INFO  server.Server (Server.java:doStart(419)) - Started @5412ms
2019-10-16 06:58:46,750 [main] WARN  impl.MetricsSystemImpl (MetricsSystemImpl.java:register(276)) - Sink prometheus already exists!
2019-10-16 06:58:46,751 [main] INFO  server.BaseHttpServer (BaseHttpServer.java:updateConnectorAddress(215)) - HTTP server of HDDSDATANODE is listening at http://0.0.0.0:34515
2019-10-16 06:58:46,752 [main] INFO  impl.MetricsSystemImpl (MetricsSystemImpl.java:init(158)) - HddsDatanode metrics system started (again)
2019-10-16 06:58:46,756 [main] INFO  ozone.HddsDatanodeService (HddsDatanodeService.java:start(184)) - HddsDatanodeService host:pr-hdds-2313-mzbf2-1866299523 ip:192.168.69.68
2019-10-16 06:58:46,757 [org.apache.hadoop.util.JvmPauseMonitor$Monitor@1440d0f3] INFO  util.JvmPauseMonitor (JvmPauseMonitor.java:run(188)) - Starting JVM pause monitor
2019-10-16 06:58:46,767 [main] INFO  volume.HddsVolume (HddsVolume.java:<init>(176)) - Creating Volume: /workdir/hadoop-ozone/integration-test/target/test-dir/MiniOzoneClusterImpl-ed1e4b0b-7f1c-4222-87cd-b4f9b4aaacc0/datanode-1/data/containers/hdds of  storage type : DISK and capacity : 1482555576320
2019-10-16 06:58:46,768 [main] INFO  volume.VolumeSet (VolumeSet.java:initializeVolumeSet(170)) - Added Volume : /workdir/hadoop-ozone/integration-test/target/test-dir/MiniOzoneClusterImpl-ed1e4b0b-7f1c-4222-87cd-b4f9b4aaacc0/datanode-1/data/containers/hdds to VolumeSet
2019-10-16 06:58:46,768 [main] INFO  volume.ThrottledAsyncChecker (ThrottledAsyncChecker.java:schedule(141)) - Scheduling a check for /workdir/hadoop-ozone/integration-test/target/test-dir/MiniOzoneClusterImpl-ed1e4b0b-7f1c-4222-87cd-b4f9b4aaacc0/datanode-1/data/containers/hdds
2019-10-16 06:58:46,770 [main] INFO  volume.HddsVolumeChecker (HddsVolumeChecker.java:checkAllVolumes(204)) - Scheduled health check for volume /workdir/hadoop-ozone/integration-test/target/test-dir/MiniOzoneClusterImpl-ed1e4b0b-7f1c-4222-87cd-b4f9b4aaacc0/datanode-1/data/containers/hdds
2019-10-16 06:58:46,790 [main] INFO  impl.RaftServerProxy (ConfUtils.java:logGet(43)) - raft.rpc.type = GRPC (default)
2019-10-16 06:58:46,791 [main] INFO  grpc.GrpcFactory (GrpcFactory.java:checkPooledByteBufAllocatorUseCacheForAllThreads(45)) - PERFORMANCE WARNING: useCacheForAllThreads is true that may cause Netty to create a lot garbage objects and, as a result, trigger GC.
	It is recommended to disable useCacheForAllThreads by setting -Dorg.apache.ratis.thirdparty.io.netty.allocator.useCacheForAllThreads=false in command line.
2019-10-16 06:58:46,791 [main] INFO  grpc.GrpcConfigKeys$Server (ConfUtils.java:logGet(43)) - raft.grpc.server.port = 0 (default)
2019-10-16 06:58:46,792 [main] INFO  server.GrpcService (ConfUtils.java:logGet(43)) - raft.grpc.message.size.max = 33570816 (custom)
2019-10-16 06:58:46,792 [main] INFO  server.RaftServerConfigKeys (ConfUtils.java:logGet(43)) - raft.server.log.appender.buffer.byte-limit = 33554432 (custom)
2019-10-16 06:58:46,792 [main] INFO  server.GrpcService (ConfUtils.java:logGet(43)) - raft.grpc.flow.control.window = 1MB (=1048576) (default)
2019-10-16 06:58:46,793 [main] INFO  server.RaftServerConfigKeys (ConfUtils.java:logGet(43)) - raft.server.rpc.request.timeout = 3000ms (default)
2019-10-16 06:58:46,795 [main] INFO  server.RaftServerConfigKeys (ConfUtils.java:logGet(43)) - raft.server.storage.dir = [/workdir/hadoop-ozone/integration-test/target/test-dir/MiniOzoneClusterImpl-ed1e4b0b-7f1c-4222-87cd-b4f9b4aaacc0/datanode-1/data/ratis] (custom)
2019-10-16 06:58:46,798 [main] INFO  hdfs.DFSUtil (DFSUtil.java:httpServerTemplateForNNAndJN(1641)) - Starting Web-server for hddsDatanode at: http://0.0.0.0:0
2019-10-16 06:58:46,800 [main] INFO  server.AuthenticationFilter (AuthenticationFilter.java:constructSecretProvider(240)) - Unable to initialize FileSignerSecretProvider, falling back to use random secrets.
2019-10-16 06:58:46,801 [main] WARN  http.HttpRequestLog (HttpRequestLog.java:getRequestLog(97)) - Jetty request log can only be enabled using Log4j
2019-10-16 06:58:46,803 [main] INFO  http.HttpServer2 (HttpServer2.java:addGlobalFilter(975)) - Added global filter 'safety' (class=org.apache.hadoop.http.HttpServer2$QuotingInputFilter)
2019-10-16 06:58:46,804 [main] INFO  http.HttpServer2 (HttpServer2.java:addFilter(948)) - Added filter static_user_filter (class=org.apache.hadoop.http.lib.StaticUserWebFilter$StaticUserFilter) to context hddsDatanode
2019-10-16 06:58:46,804 [main] INFO  http.HttpServer2 (HttpServer2.java:addFilter(958)) - Added filter static_user_filter (class=org.apache.hadoop.http.lib.StaticUserWebFilter$StaticUserFilter) to context logs
2019-10-16 06:58:46,805 [main] INFO  http.HttpServer2 (HttpServer2.java:addFilter(958)) - Added filter static_user_filter (class=org.apache.hadoop.http.lib.StaticUserWebFilter$StaticUserFilter) to context static
2019-10-16 06:58:46,806 [main] INFO  http.HttpServer2 (HttpServer2.java:bindListener(1191)) - Jetty bound to port 40439
2019-10-16 06:58:46,806 [main] INFO  server.Server (Server.java:doStart(351)) - jetty-9.3.25.v20180904, build timestamp: 2018-09-04T21:11:46Z, git hash: 3ce520221d0240229c862b122d2b06c12a625732
2019-10-16 06:58:46,810 [main] INFO  handler.ContextHandler (ContextHandler.java:doStart(781)) - Started o.e.j.s.ServletContextHandler@5e65afb6{/logs,file:///workdir/hadoop-ozone/integration-test/target/log,AVAILABLE}
2019-10-16 06:58:46,811 [main] INFO  handler.ContextHandler (ContextHandler.java:doStart(781)) - Started o.e.j.s.ServletContextHandler@8851ce1{/static,jar:file:/home/user/.m2/repository/org/apache/hadoop/hadoop-hdds-container-service/0.5.0-SNAPSHOT/hadoop-hdds-container-service-0.5.0-SNAPSHOT.jar!/webapps/static,AVAILABLE}
2019-10-16 06:58:46,863 [main] INFO  handler.ContextHandler (ContextHandler.java:doStart(781)) - Started o.e.j.w.WebAppContext@7a0ef219{/,file:///tmp/jetty-0.0.0.0-40439-hddsDatanode-_-any-8214346054431240234.dir/webapp/,AVAILABLE}{/hddsDatanode}
2019-10-16 06:58:46,865 [main] INFO  server.AbstractConnector (AbstractConnector.java:doStart(278)) - Started ServerConnector@1b1f5012{HTTP/1.1,[http/1.1]}{0.0.0.0:40439}
2019-10-16 06:58:46,866 [main] INFO  server.Server (Server.java:doStart(419)) - Started @5529ms
2019-10-16 06:58:46,866 [main] WARN  impl.MetricsSystemImpl (MetricsSystemImpl.java:register(276)) - Sink prometheus already exists!
2019-10-16 06:58:46,867 [main] INFO  server.BaseHttpServer (BaseHttpServer.java:updateConnectorAddress(215)) - HTTP server of HDDSDATANODE is listening at http://0.0.0.0:40439
2019-10-16 06:58:46,868 [main] INFO  impl.MetricsSystemImpl (MetricsSystemImpl.java:init(158)) - HddsDatanode metrics system started (again)
2019-10-16 06:58:46,871 [main] INFO  ozone.HddsDatanodeService (HddsDatanodeService.java:start(184)) - HddsDatanodeService host:pr-hdds-2313-mzbf2-1866299523 ip:192.168.69.68
2019-10-16 06:58:46,871 [org.apache.hadoop.util.JvmPauseMonitor$Monitor@d8ea3e0] INFO  util.JvmPauseMonitor (JvmPauseMonitor.java:run(188)) - Starting JVM pause monitor
2019-10-16 06:58:46,875 [Datanode State Machine Thread - 0] INFO  datanode.InitDatanodeState (InitDatanodeState.java:persistContainerDatanodeDetails(140)) - DatanodeDetails is persisted to /workdir/hadoop-ozone/integration-test/target/test-dir/MiniOzoneClusterImpl-ed1e4b0b-7f1c-4222-87cd-b4f9b4aaacc0/datanode-0/meta/datanode.id
2019-10-16 06:58:46,881 [main] INFO  volume.HddsVolume (HddsVolume.java:<init>(176)) - Creating Volume: /workdir/hadoop-ozone/integration-test/target/test-dir/MiniOzoneClusterImpl-ed1e4b0b-7f1c-4222-87cd-b4f9b4aaacc0/datanode-2/data/containers/hdds of  storage type : DISK and capacity : 1482555576320
2019-10-16 06:58:46,881 [main] INFO  volume.VolumeSet (VolumeSet.java:initializeVolumeSet(170)) - Added Volume : /workdir/hadoop-ozone/integration-test/target/test-dir/MiniOzoneClusterImpl-ed1e4b0b-7f1c-4222-87cd-b4f9b4aaacc0/datanode-2/data/containers/hdds to VolumeSet
2019-10-16 06:58:46,881 [main] INFO  volume.ThrottledAsyncChecker (ThrottledAsyncChecker.java:schedule(141)) - Scheduling a check for /workdir/hadoop-ozone/integration-test/target/test-dir/MiniOzoneClusterImpl-ed1e4b0b-7f1c-4222-87cd-b4f9b4aaacc0/datanode-2/data/containers/hdds
2019-10-16 06:58:46,882 [main] INFO  volume.HddsVolumeChecker (HddsVolumeChecker.java:checkAllVolumes(204)) - Scheduled health check for volume /workdir/hadoop-ozone/integration-test/target/test-dir/MiniOzoneClusterImpl-ed1e4b0b-7f1c-4222-87cd-b4f9b4aaacc0/datanode-2/data/containers/hdds
2019-10-16 06:58:46,882 [Datanode State Machine Thread - 0] INFO  datanode.InitDatanodeState (InitDatanodeState.java:persistContainerDatanodeDetails(140)) - DatanodeDetails is persisted to /workdir/hadoop-ozone/integration-test/target/test-dir/MiniOzoneClusterImpl-ed1e4b0b-7f1c-4222-87cd-b4f9b4aaacc0/datanode-1/meta/datanode.id
2019-10-16 06:58:46,897 [main] INFO  impl.RaftServerProxy (ConfUtils.java:logGet(43)) - raft.rpc.type = GRPC (default)
2019-10-16 06:58:46,897 [main] INFO  grpc.GrpcFactory (GrpcFactory.java:checkPooledByteBufAllocatorUseCacheForAllThreads(45)) - PERFORMANCE WARNING: useCacheForAllThreads is true that may cause Netty to create a lot garbage objects and, as a result, trigger GC.
	It is recommended to disable useCacheForAllThreads by setting -Dorg.apache.ratis.thirdparty.io.netty.allocator.useCacheForAllThreads=false in command line.
2019-10-16 06:58:46,897 [main] INFO  grpc.GrpcConfigKeys$Server (ConfUtils.java:logGet(43)) - raft.grpc.server.port = 0 (default)
2019-10-16 06:58:46,898 [main] INFO  server.GrpcService (ConfUtils.java:logGet(43)) - raft.grpc.message.size.max = 33570816 (custom)
2019-10-16 06:58:46,898 [main] INFO  server.RaftServerConfigKeys (ConfUtils.java:logGet(43)) - raft.server.log.appender.buffer.byte-limit = 33554432 (custom)
2019-10-16 06:58:46,898 [main] INFO  server.GrpcService (ConfUtils.java:logGet(43)) - raft.grpc.flow.control.window = 1MB (=1048576) (default)
2019-10-16 06:58:46,898 [main] INFO  server.RaftServerConfigKeys (ConfUtils.java:logGet(43)) - raft.server.rpc.request.timeout = 3000ms (default)
2019-10-16 06:58:46,899 [main] INFO  server.RaftServerConfigKeys (ConfUtils.java:logGet(43)) - raft.server.storage.dir = [/workdir/hadoop-ozone/integration-test/target/test-dir/MiniOzoneClusterImpl-ed1e4b0b-7f1c-4222-87cd-b4f9b4aaacc0/datanode-2/data/ratis] (custom)
2019-10-16 06:58:46,901 [main] INFO  hdfs.DFSUtil (DFSUtil.java:httpServerTemplateForNNAndJN(1641)) - Starting Web-server for hddsDatanode at: http://0.0.0.0:0
2019-10-16 06:58:46,903 [main] INFO  server.AuthenticationFilter (AuthenticationFilter.java:constructSecretProvider(240)) - Unable to initialize FileSignerSecretProvider, falling back to use random secrets.
2019-10-16 06:58:46,903 [main] WARN  http.HttpRequestLog (HttpRequestLog.java:getRequestLog(97)) - Jetty request log can only be enabled using Log4j
2019-10-16 06:58:46,905 [main] INFO  http.HttpServer2 (HttpServer2.java:addGlobalFilter(975)) - Added global filter 'safety' (class=org.apache.hadoop.http.HttpServer2$QuotingInputFilter)
2019-10-16 06:58:46,905 [main] INFO  http.HttpServer2 (HttpServer2.java:addFilter(948)) - Added filter static_user_filter (class=org.apache.hadoop.http.lib.StaticUserWebFilter$StaticUserFilter) to context hddsDatanode
2019-10-16 06:58:46,905 [main] INFO  http.HttpServer2 (HttpServer2.java:addFilter(958)) - Added filter static_user_filter (class=org.apache.hadoop.http.lib.StaticUserWebFilter$StaticUserFilter) to context logs
2019-10-16 06:58:46,906 [main] INFO  http.HttpServer2 (HttpServer2.java:addFilter(958)) - Added filter static_user_filter (class=org.apache.hadoop.http.lib.StaticUserWebFilter$StaticUserFilter) to context static
2019-10-16 06:58:46,906 [main] INFO  http.HttpServer2 (HttpServer2.java:bindListener(1191)) - Jetty bound to port 38060
2019-10-16 06:58:46,907 [main] INFO  server.Server (Server.java:doStart(351)) - jetty-9.3.25.v20180904, build timestamp: 2018-09-04T21:11:46Z, git hash: 3ce520221d0240229c862b122d2b06c12a625732
2019-10-16 06:58:46,909 [main] INFO  handler.ContextHandler (ContextHandler.java:doStart(781)) - Started o.e.j.s.ServletContextHandler@6069dd38{/logs,file:///workdir/hadoop-ozone/integration-test/target/log,AVAILABLE}
2019-10-16 06:58:46,909 [main] INFO  handler.ContextHandler (ContextHandler.java:doStart(781)) - Started o.e.j.s.ServletContextHandler@558756be{/static,jar:file:/home/user/.m2/repository/org/apache/hadoop/hadoop-hdds-container-service/0.5.0-SNAPSHOT/hadoop-hdds-container-service-0.5.0-SNAPSHOT.jar!/webapps/static,AVAILABLE}
2019-10-16 06:58:46,939 [main] INFO  handler.ContextHandler (ContextHandler.java:doStart(781)) - Started o.e.j.w.WebAppContext@54e3658c{/,file:///tmp/jetty-0.0.0.0-38060-hddsDatanode-_-any-5030500390531670000.dir/webapp/,AVAILABLE}{/hddsDatanode}
2019-10-16 06:58:46,939 [main] INFO  server.AbstractConnector (AbstractConnector.java:doStart(278)) - Started ServerConnector@43e9089{HTTP/1.1,[http/1.1]}{0.0.0.0:38060}
2019-10-16 06:58:46,940 [main] INFO  server.Server (Server.java:doStart(419)) - Started @5603ms
2019-10-16 06:58:46,940 [main] WARN  impl.MetricsSystemImpl (MetricsSystemImpl.java:register(276)) - Sink prometheus already exists!
2019-10-16 06:58:46,942 [main] INFO  server.BaseHttpServer (BaseHttpServer.java:updateConnectorAddress(215)) - HTTP server of HDDSDATANODE is listening at http://0.0.0.0:38060
2019-10-16 06:58:46,944 [main] INFO  ozone.MiniOzoneClusterImpl (MiniOzoneClusterImpl.java:lambda$waitForClusterToBeReady$0(147)) - Waiting for cluster to be ready. Got 0 of 3 DN Heartbeats.
2019-10-16 06:58:46,945 [org.apache.hadoop.util.JvmPauseMonitor$Monitor@48a1c598] INFO  util.JvmPauseMonitor (JvmPauseMonitor.java:run(188)) - Starting JVM pause monitor
2019-10-16 06:58:46,947 [Datanode State Machine Thread - 0] INFO  datanode.InitDatanodeState (InitDatanodeState.java:persistContainerDatanodeDetails(140)) - DatanodeDetails is persisted to /workdir/hadoop-ozone/integration-test/target/test-dir/MiniOzoneClusterImpl-ed1e4b0b-7f1c-4222-87cd-b4f9b4aaacc0/datanode-2/meta/datanode.id
2019-10-16 06:58:47,944 [main] INFO  ozone.MiniOzoneClusterImpl (MiniOzoneClusterImpl.java:lambda$waitForClusterToBeReady$0(147)) - Waiting for cluster to be ready. Got 0 of 3 DN Heartbeats.
2019-10-16 06:58:48,847 [Datanode State Machine Thread - 0] INFO  ozoneimpl.OzoneContainer (OzoneContainer.java:start(213)) - Attempting to start container services.
2019-10-16 06:58:48,850 [Datanode State Machine Thread - 0] INFO  ozoneimpl.OzoneContainer (OzoneContainer.java:startContainerScrub(177)) - Background container scanner has been disabled.
2019-10-16 06:58:48,850 [Datanode State Machine Thread - 0] INFO  ratis.XceiverServerRatis (XceiverServerRatis.java:start(418)) - Starting XceiverServerRatis d2d597b7-f29c-4b6e-a1dc-31783afe2111 at port 0
2019-10-16 06:58:48,873 [Datanode State Machine Thread - 0] INFO  impl.RaftServerProxy (RaftServerProxy.java:lambda$start$3(299)) - d2d597b7-f29c-4b6e-a1dc-31783afe2111: start RPC server
2019-10-16 06:58:48,888 [Datanode State Machine Thread - 0] INFO  ozoneimpl.OzoneContainer (OzoneContainer.java:start(213)) - Attempting to start container services.
2019-10-16 06:58:48,893 [Datanode State Machine Thread - 0] INFO  ozoneimpl.OzoneContainer (OzoneContainer.java:startContainerScrub(177)) - Background container scanner has been disabled.
2019-10-16 06:58:48,893 [Datanode State Machine Thread - 0] INFO  ratis.XceiverServerRatis (XceiverServerRatis.java:start(418)) - Starting XceiverServerRatis 433771fa-af38-4628-a40e-96bcd22c3694 at port 0
2019-10-16 06:58:48,904 [Datanode State Machine Thread - 0] INFO  impl.RaftServerProxy (RaftServerProxy.java:lambda$start$3(299)) - 433771fa-af38-4628-a40e-96bcd22c3694: start RPC server
2019-10-16 06:58:48,945 [main] INFO  ozone.MiniOzoneClusterImpl (MiniOzoneClusterImpl.java:lambda$waitForClusterToBeReady$0(147)) - Waiting for cluster to be ready. Got 0 of 3 DN Heartbeats.
2019-10-16 06:58:48,962 [Datanode State Machine Thread - 0] INFO  ozoneimpl.OzoneContainer (OzoneContainer.java:start(213)) - Attempting to start container services.
2019-10-16 06:58:48,963 [Datanode State Machine Thread - 0] INFO  ozoneimpl.OzoneContainer (OzoneContainer.java:startContainerScrub(177)) - Background container scanner has been disabled.
2019-10-16 06:58:48,963 [Datanode State Machine Thread - 0] INFO  ratis.XceiverServerRatis (XceiverServerRatis.java:start(418)) - Starting XceiverServerRatis 4f0a8cce-cba4-44f5-8366-0fb5fb6bef9c at port 0
2019-10-16 06:58:48,971 [Datanode State Machine Thread - 0] INFO  impl.RaftServerProxy (RaftServerProxy.java:lambda$start$3(299)) - 4f0a8cce-cba4-44f5-8366-0fb5fb6bef9c: start RPC server
2019-10-16 06:58:49,002 [Datanode State Machine Thread - 0] INFO  server.GrpcService (GrpcService.java:startImpl(158)) - 4f0a8cce-cba4-44f5-8366-0fb5fb6bef9c: GrpcService started, listening on 0.0.0.0/0.0.0.0:42866
2019-10-16 06:58:49,002 [Datanode State Machine Thread - 0] INFO  server.GrpcService (GrpcService.java:startImpl(158)) - d2d597b7-f29c-4b6e-a1dc-31783afe2111: GrpcService started, listening on 0.0.0.0/0.0.0.0:40938
2019-10-16 06:58:49,002 [Datanode State Machine Thread - 0] INFO  server.GrpcService (GrpcService.java:startImpl(158)) - 433771fa-af38-4628-a40e-96bcd22c3694: GrpcService started, listening on 0.0.0.0/0.0.0.0:34462
2019-10-16 06:58:49,003 [Datanode State Machine Thread - 0] INFO  ratis.XceiverServerRatis (XceiverServerRatis.java:start(428)) - XceiverServerRatis d2d597b7-f29c-4b6e-a1dc-31783afe2111 is started using port 40938
2019-10-16 06:58:49,003 [Datanode State Machine Thread - 0] INFO  ratis.XceiverServerRatis (XceiverServerRatis.java:start(428)) - XceiverServerRatis 4f0a8cce-cba4-44f5-8366-0fb5fb6bef9c is started using port 42866
2019-10-16 06:58:49,004 [Datanode State Machine Thread - 0] INFO  ratis.XceiverServerRatis (XceiverServerRatis.java:start(428)) - XceiverServerRatis 433771fa-af38-4628-a40e-96bcd22c3694 is started using port 34462
2019-10-16 06:58:49,009 [Datanode State Machine Thread - 0] INFO  server.XceiverServerGrpc (XceiverServerGrpc.java:start(149)) - XceiverServerGrpc 4f0a8cce-cba4-44f5-8366-0fb5fb6bef9c is started using port 41004
2019-10-16 06:58:49,009 [Datanode State Machine Thread - 0] INFO  server.XceiverServerGrpc (XceiverServerGrpc.java:start(149)) - XceiverServerGrpc d2d597b7-f29c-4b6e-a1dc-31783afe2111 is started using port 38677
2019-10-16 06:58:49,009 [Datanode State Machine Thread - 0] INFO  server.XceiverServerGrpc (XceiverServerGrpc.java:start(149)) - XceiverServerGrpc 433771fa-af38-4628-a40e-96bcd22c3694 is started using port 38998
2019-10-16 06:58:49,946 [main] INFO  ozone.MiniOzoneClusterImpl (MiniOzoneClusterImpl.java:lambda$waitForClusterToBeReady$0(147)) - Waiting for cluster to be ready. Got 0 of 3 DN Heartbeats.
2019-10-16 06:58:50,789 [IPC Server handler 1 on 32804] INFO  net.NetworkTopology (NetworkTopologyImpl.java:add(111)) - Added a new node: /default-rack/d2d597b7-f29c-4b6e-a1dc-31783afe2111
2019-10-16 06:58:50,791 [IPC Server handler 1 on 32804] INFO  node.SCMNodeManager (SCMNodeManager.java:register(268)) - Registered Data node : d2d597b7-f29c-4b6e-a1dc-31783afe2111{ip: 192.168.69.68, host: pr-hdds-2313-mzbf2-1866299523, networkLocation: /default-rack, certSerialId: null}
2019-10-16 06:58:50,794 [EventQueue-NodeRegistrationContainerReportForDataNodeSafeModeRule] INFO  safemode.SCMSafeModeManager (DataNodeSafeModeRule.java:process(71)) - SCM in safe mode. 1 DataNodes registered, 1 required.
2019-10-16 06:58:50,794 [EventQueue-NodeRegistrationContainerReportForDataNodeSafeModeRule] INFO  safemode.SCMSafeModeManager (SCMSafeModeManager.java:validateSafeModeExitRules(177)) - ScmSafeModeManager, all rules are successfully validated
2019-10-16 06:58:50,794 [EventQueue-NodeRegistrationContainerReportForDataNodeSafeModeRule] INFO  safemode.SCMSafeModeManager (SCMSafeModeManager.java:exitSafeMode(193)) - SCM exiting safe mode.
2019-10-16 06:58:50,875 [IPC Server handler 0 on 32804] INFO  net.NetworkTopology (NetworkTopologyImpl.java:add(111)) - Added a new node: /default-rack/433771fa-af38-4628-a40e-96bcd22c3694
2019-10-16 06:58:50,875 [IPC Server handler 0 on 32804] INFO  node.SCMNodeManager (SCMNodeManager.java:register(268)) - Registered Data node : 433771fa-af38-4628-a40e-96bcd22c3694{ip: 192.168.69.68, host: pr-hdds-2313-mzbf2-1866299523, networkLocation: /default-rack, certSerialId: null}
2019-10-16 06:58:50,946 [main] INFO  ozone.MiniOzoneClusterImpl (MiniOzoneClusterImpl.java:lambda$waitForClusterToBeReady$0(147)) - Waiting for cluster to be ready. Got 2 of 3 DN Heartbeats.
2019-10-16 06:58:50,947 [IPC Server handler 2 on 32804] INFO  net.NetworkTopology (NetworkTopologyImpl.java:add(111)) - Added a new node: /default-rack/4f0a8cce-cba4-44f5-8366-0fb5fb6bef9c
2019-10-16 06:58:50,948 [IPC Server handler 2 on 32804] INFO  node.SCMNodeManager (SCMNodeManager.java:register(268)) - Registered Data node : 4f0a8cce-cba4-44f5-8366-0fb5fb6bef9c{ip: 192.168.69.68, host: pr-hdds-2313-mzbf2-1866299523, networkLocation: /default-rack, certSerialId: null}
2019-10-16 06:58:51,274 [grpc-default-executor-0] INFO  impl.RaftServerProxy (RaftServerProxy.java:addNew(89)) - d2d597b7-f29c-4b6e-a1dc-31783afe2111: addNew group-96BA6F6BF2B0:[d2d597b7-f29c-4b6e-a1dc-31783afe2111:192.168.69.68:40938] returns group-96BA6F6BF2B0:java.util.concurrent.CompletableFuture@43cd4c96[Not completed]
2019-10-16 06:58:51,288 [pool-27-thread-1] INFO  impl.RaftServerImpl (RaftServerImpl.java:<init>(104)) - d2d597b7-f29c-4b6e-a1dc-31783afe2111: new RaftServerImpl for group-96BA6F6BF2B0:[d2d597b7-f29c-4b6e-a1dc-31783afe2111:192.168.69.68:40938] with ContainerStateMachine:uninitialized
2019-10-16 06:58:51,292 [pool-27-thread-1] INFO  server.RaftServerConfigKeys (ConfUtils.java:logGet(43)) - raft.server.rpc.timeout.min = 5s (custom)
2019-10-16 06:58:51,293 [pool-27-thread-1] INFO  server.RaftServerConfigKeys (ConfUtils.java:logGet(43)) - raft.server.rpc.timeout.max = 5200ms (custom)
2019-10-16 06:58:51,293 [pool-27-thread-1] INFO  server.RaftServerConfigKeys (ConfUtils.java:logGet(43)) - raft.server.rpcslowness.timeout = 1000s (custom)
2019-10-16 06:58:51,294 [pool-27-thread-1] INFO  server.RaftServerConfigKeys (ConfUtils.java:logGet(43)) - raft.server.sleep.deviation.threshold = 300 (default)
2019-10-16 06:58:51,294 [pool-27-thread-1] INFO  server.RaftServerConfigKeys (ConfUtils.java:logGet(43)) - raft.server.log.appender.install.snapshot.enabled = false (custom)
2019-10-16 06:58:51,304 [pool-27-thread-1] INFO  impl.RaftServerImpl (ServerState.java:<init>(103)) - d2d597b7-f29c-4b6e-a1dc-31783afe2111@group-96BA6F6BF2B0: ConfigurationManager, init=-1: [d2d597b7-f29c-4b6e-a1dc-31783afe2111:192.168.69.68:40938], old=null, confs=<EMPTY_MAP>
2019-10-16 06:58:51,304 [pool-27-thread-1] INFO  server.RaftServerConfigKeys (ConfUtils.java:logGet(43)) - raft.server.storage.dir = [/workdir/hadoop-ozone/integration-test/target/test-dir/MiniOzoneClusterImpl-ed1e4b0b-7f1c-4222-87cd-b4f9b4aaacc0/datanode-0/data/ratis] (custom)
2019-10-16 06:58:51,312 [pool-27-thread-1] INFO  server.RaftServerConfigKeys (ConfUtils.java:logGet(43)) - raft.server.log.corruption.policy = EXCEPTION (default)
2019-10-16 06:58:51,314 [pool-27-thread-1] INFO  storage.RaftStorageDirectory (RaftStorageDirectory.java:analyzeStorage(246)) - The storage directory /workdir/hadoop-ozone/integration-test/target/test-dir/MiniOzoneClusterImpl-ed1e4b0b-7f1c-4222-87cd-b4f9b4aaacc0/datanode-0/data/ratis/4bc50a9a-1716-4603-a044-96ba6f6bf2b0 does not exist. Creating ...
2019-10-16 06:58:51,331 [pool-27-thread-1] INFO  storage.RaftStorageDirectory (RaftStorageDirectory.java:tryLock(328)) - Lock on /workdir/hadoop-ozone/integration-test/target/test-dir/MiniOzoneClusterImpl-ed1e4b0b-7f1c-4222-87cd-b4f9b4aaacc0/datanode-0/data/ratis/4bc50a9a-1716-4603-a044-96ba6f6bf2b0/in_use.lock acquired by nodename 3289@pr-hdds-2313-mzbf2-1866299523
2019-10-16 06:58:51,347 [pool-27-thread-1] INFO  storage.RaftStorage (RaftStorage.java:format(84)) - Storage directory /workdir/hadoop-ozone/integration-test/target/test-dir/MiniOzoneClusterImpl-ed1e4b0b-7f1c-4222-87cd-b4f9b4aaacc0/datanode-0/data/ratis/4bc50a9a-1716-4603-a044-96ba6f6bf2b0 has been successfully formatted.
2019-10-16 06:58:51,350 [pool-27-thread-1] INFO  ratis.ContainerStateMachine (ContainerStateMachine.java:loadSnapshot(231)) - group-96BA6F6BF2B0: The snapshot info is null. Setting the last applied indexto:(t:0, i:~)
2019-10-16 06:58:51,351 [pool-27-thread-1] INFO  server.RaftServerConfigKeys (ConfUtils.java:logGet(43)) - raft.server.notification.no-leader.timeout = 1000s (custom)
2019-10-16 06:58:51,353 [pool-27-thread-1] INFO  server.RaftServerConfigKeys (ConfUtils.java:logGet(43)) - raft.server.log.use.memory = false (default)
2019-10-16 06:58:51,359 [pool-27-thread-1] INFO  server.RaftServerConfigKeys (ConfUtils.java:logGet(43)) - raft.server.log.purge.gap = 1000000 (custom)
2019-10-16 06:58:51,359 [pool-27-thread-1] INFO  server.RaftServerConfigKeys (ConfUtils.java:logGet(43)) - raft.server.log.appender.buffer.byte-limit = 33554432 (custom)
2019-10-16 06:58:51,361 [pool-27-thread-1] INFO  server.RaftServerConfigKeys (ConfUtils.java:logGet(43)) - raft.server.log.segment.size.max = 1048576 (custom)
2019-10-16 06:58:51,363 [pool-27-thread-1] INFO  impl.MetricsSystemImpl (MetricsSystemImpl.java:init(158)) - ratis metrics system started (again)
2019-10-16 06:58:51,367 [pool-27-thread-1] INFO  metrics.MetricRegistries (MetricRegistriesLoader.java:load(64)) - Loaded MetricRegistries class org.apache.ratis.metrics.impl.MetricRegistriesImpl
2019-10-16 06:58:51,412 [pool-27-thread-1] INFO  server.RaftServerConfigKeys (ConfUtils.java:logGet(43)) - raft.server.log.segment.cache.num.max = 2 (custom)
2019-10-16 06:58:51,420 [pool-27-thread-1] INFO  segmented.SegmentedRaftLogWorker (SegmentedRaftLogWorker.java:<init>(173)) - new d2d597b7-f29c-4b6e-a1dc-31783afe2111@group-96BA6F6BF2B0-SegmentedRaftLogWorker for RaftStorage:Storage Directory /workdir/hadoop-ozone/integration-test/target/test-dir/MiniOzoneClusterImpl-ed1e4b0b-7f1c-4222-87cd-b4f9b4aaacc0/datanode-0/data/ratis/4bc50a9a-1716-4603-a044-96ba6f6bf2b0
2019-10-16 06:58:51,420 [pool-27-thread-1] INFO  server.RaftServerConfigKeys (ConfUtils.java:logGet(43)) - raft.server.log.queue.byte-limit = 2147483647 (custom)
2019-10-16 06:58:51,421 [pool-27-thread-1] INFO  server.RaftServerConfigKeys (ConfUtils.java:logGet(43)) - raft.server.log.queue.element-limit = 1024 (custom)
2019-10-16 06:58:51,423 [pool-27-thread-1] INFO  server.RaftServerConfigKeys (ConfUtils.java:logGet(43)) - raft.server.log.segment.size.max = 1048576 (custom)
2019-10-16 06:58:51,423 [pool-27-thread-1] INFO  server.RaftServerConfigKeys (ConfUtils.java:logGet(43)) - raft.server.log.preallocated.size = 16384 (custom)
2019-10-16 06:58:51,424 [pool-27-thread-1] INFO  server.RaftServerConfigKeys (ConfUtils.java:logGet(43)) - raft.server.log.write.buffer.size = 33554432 (custom)
2019-10-16 06:58:51,424 [pool-27-thread-1] INFO  server.RaftServerConfigKeys (ConfUtils.java:logGet(43)) - raft.server.log.force.sync.num = 128 (default)
2019-10-16 06:58:51,425 [pool-27-thread-1] INFO  server.RaftServerConfigKeys (ConfUtils.java:logGet(43)) - raft.server.log.statemachine.data.sync = true (default)
2019-10-16 06:58:51,426 [pool-27-thread-1] INFO  server.RaftServerConfigKeys (ConfUtils.java:logGet(43)) - raft.server.log.statemachine.data.sync.timeout = 10s (default)
2019-10-16 06:58:51,426 [pool-27-thread-1] INFO  server.RaftServerConfigKeys (ConfUtils.java:logGet(43)) - raft.server.log.statemachine.data.sync.timeout.retry = -1 (default)
2019-10-16 06:58:51,440 [pool-27-thread-1] INFO  server.RaftServerConfigKeys (ConfUtils.java:logGet(43)) - raft.server.log.statemachine.data.caching.enabled = true (custom)
2019-10-16 06:58:51,445 [pool-27-thread-1] INFO  segmented.SegmentedRaftLogWorker (SegmentedRaftLogWorker.java:lambda$new$0(128)) - d2d597b7-f29c-4b6e-a1dc-31783afe2111@group-96BA6F6BF2B0-SegmentedRaftLogWorker: flushIndex: setUnconditionally 0 -> -1
2019-10-16 06:58:51,450 [pool-27-thread-1] INFO  server.RaftServerConfigKeys (ConfUtils.java:logGet(43)) - raft.server.snapshot.auto.trigger.enabled = true (custom)
2019-10-16 06:58:51,451 [pool-27-thread-1] INFO  server.RaftServerConfigKeys (ConfUtils.java:logGet(43)) - raft.server.snapshot.auto.trigger.threshold = 10000 (custom)
2019-10-16 06:58:51,451 [pool-27-thread-1] INFO  server.RaftServerConfigKeys (ConfUtils.java:logGet(43)) - raft.server.snapshot.retention.file.num = 5 (custom)
2019-10-16 06:58:51,452 [pool-27-thread-1] INFO  server.RaftServerConfigKeys (ConfUtils.java:logGet(43)) - raft.server.retrycache.expirytime = 600000ms (custom)
2019-10-16 06:58:51,482 [pool-27-thread-1] INFO  impl.RaftServerImpl (RaftServerImpl.java:start(195)) - d2d597b7-f29c-4b6e-a1dc-31783afe2111@group-96BA6F6BF2B0: start as a follower, conf=-1: [d2d597b7-f29c-4b6e-a1dc-31783afe2111:192.168.69.68:40938], old=null
2019-10-16 06:58:51,483 [pool-27-thread-1] INFO  impl.RaftServerImpl (RaftServerImpl.java:setRole(184)) - d2d597b7-f29c-4b6e-a1dc-31783afe2111@group-96BA6F6BF2B0: changes role from      null to FOLLOWER at term 0 for startAsFollower
2019-10-16 06:58:51,485 [pool-27-thread-1] INFO  impl.RoleInfo (RoleInfo.java:updateAndGet(143)) - d2d597b7-f29c-4b6e-a1dc-31783afe2111: start FollowerState
2019-10-16 06:58:51,486 [pool-27-thread-1] INFO  util.JmxRegister (JmxRegister.java:tryRegister(44)) - Successfully registered JMX Bean with object name Ratis:service=RaftServer,group=group-96BA6F6BF2B0,id=d2d597b7-f29c-4b6e-a1dc-31783afe2111
2019-10-16 06:58:51,544 [RatisPipelineUtilsThread] INFO  pipeline.PipelineStateManager (PipelineStateManager.java:addPipeline(56)) - Created pipeline Pipeline[ Id: 4bc50a9a-1716-4603-a044-96ba6f6bf2b0, Nodes: d2d597b7-f29c-4b6e-a1dc-31783afe2111{ip: 192.168.69.68, host: pr-hdds-2313-mzbf2-1866299523, networkLocation: /default-rack, certSerialId: null}, Type:RATIS, Factor:ONE, State:OPEN]
2019-10-16 06:58:51,559 [grpc-default-executor-0] INFO  impl.RaftServerProxy (RaftServerProxy.java:addNew(89)) - 4f0a8cce-cba4-44f5-8366-0fb5fb6bef9c: addNew group-8191F0FE2924:[4f0a8cce-cba4-44f5-8366-0fb5fb6bef9c:192.168.69.68:42866] returns group-8191F0FE2924:java.util.concurrent.CompletableFuture@5cd23ff5[Not completed]
2019-10-16 06:58:51,573 [Thread-186] INFO  impl.FollowerState (FollowerState.java:run(108)) - d2d597b7-f29c-4b6e-a1dc-31783afe2111@group-96BA6F6BF2B0-FollowerState: change to CANDIDATE, lastRpcTime:86ms, electionTimeout:85ms
2019-10-16 06:58:51,577 [pool-47-thread-1] INFO  impl.RaftServerImpl (RaftServerImpl.java:<init>(104)) - 4f0a8cce-cba4-44f5-8366-0fb5fb6bef9c: new RaftServerImpl for group-8191F0FE2924:[4f0a8cce-cba4-44f5-8366-0fb5fb6bef9c:192.168.69.68:42866] with ContainerStateMachine:uninitialized
2019-10-16 06:58:51,578 [pool-47-thread-1] INFO  server.RaftServerConfigKeys (ConfUtils.java:logGet(43)) - raft.server.rpc.timeout.min = 5s (custom)
2019-10-16 06:58:51,579 [pool-47-thread-1] INFO  server.RaftServerConfigKeys (ConfUtils.java:logGet(43)) - raft.server.rpc.timeout.max = 5200ms (custom)
2019-10-16 06:58:51,579 [Thread-186] INFO  impl.RoleInfo (RoleInfo.java:shutdownFollowerState(121)) - d2d597b7-f29c-4b6e-a1dc-31783afe2111: shutdown FollowerState
2019-10-16 06:58:51,579 [pool-47-thread-1] INFO  server.RaftServerConfigKeys (ConfUtils.java:logGet(43)) - raft.server.rpcslowness.timeout = 1000s (custom)
2019-10-16 06:58:51,579 [Thread-186] INFO  impl.RaftServerImpl (RaftServerImpl.java:setRole(184)) - d2d597b7-f29c-4b6e-a1dc-31783afe2111@group-96BA6F6BF2B0: changes role from  FOLLOWER to CANDIDATE at term 0 for changeToCandidate
2019-10-16 06:58:51,579 [pool-47-thread-1] INFO  server.RaftServerConfigKeys (ConfUtils.java:logGet(43)) - raft.server.sleep.deviation.threshold = 300 (default)
2019-10-16 06:58:51,579 [pool-47-thread-1] INFO  server.RaftServerConfigKeys (ConfUtils.java:logGet(43)) - raft.server.log.appender.install.snapshot.enabled = false (custom)
2019-10-16 06:58:51,580 [pool-47-thread-1] INFO  impl.RaftServerImpl (ServerState.java:<init>(103)) - 4f0a8cce-cba4-44f5-8366-0fb5fb6bef9c@group-8191F0FE2924: ConfigurationManager, init=-1: [4f0a8cce-cba4-44f5-8366-0fb5fb6bef9c:192.168.69.68:42866], old=null, confs=<EMPTY_MAP>
2019-10-16 06:58:51,580 [pool-47-thread-1] INFO  server.RaftServerConfigKeys (ConfUtils.java:logGet(43)) - raft.server.storage.dir = [/workdir/hadoop-ozone/integration-test/target/test-dir/MiniOzoneClusterImpl-ed1e4b0b-7f1c-4222-87cd-b4f9b4aaacc0/datanode-2/data/ratis] (custom)
2019-10-16 06:58:51,580 [pool-47-thread-1] INFO  server.RaftServerConfigKeys (ConfUtils.java:logGet(43)) - raft.server.log.corruption.policy = EXCEPTION (default)
2019-10-16 06:58:51,580 [pool-47-thread-1] INFO  storage.RaftStorageDirectory (RaftStorageDirectory.java:analyzeStorage(246)) - The storage directory /workdir/hadoop-ozone/integration-test/target/test-dir/MiniOzoneClusterImpl-ed1e4b0b-7f1c-4222-87cd-b4f9b4aaacc0/datanode-2/data/ratis/f6b9c1f1-d029-40c7-8c5e-8191f0fe2924 does not exist. Creating ...
2019-10-16 06:58:51,583 [Thread-186] INFO  impl.RoleInfo (RoleInfo.java:updateAndGet(143)) - d2d597b7-f29c-4b6e-a1dc-31783afe2111: start LeaderElection
2019-10-16 06:58:51,595 [pool-47-thread-1] INFO  storage.RaftStorageDirectory (RaftStorageDirectory.java:tryLock(328)) - Lock on /workdir/hadoop-ozone/integration-test/target/test-dir/MiniOzoneClusterImpl-ed1e4b0b-7f1c-4222-87cd-b4f9b4aaacc0/datanode-2/data/ratis/f6b9c1f1-d029-40c7-8c5e-8191f0fe2924/in_use.lock acquired by nodename 3289@pr-hdds-2313-mzbf2-1866299523
2019-10-16 06:58:51,595 [d2d597b7-f29c-4b6e-a1dc-31783afe2111@group-96BA6F6BF2B0-LeaderElection1] INFO  impl.LeaderElection (LeaderElection.java:askForVotes(178)) - d2d597b7-f29c-4b6e-a1dc-31783afe2111@group-96BA6F6BF2B0-LeaderElection1: begin an election at term 1 for -1: [d2d597b7-f29c-4b6e-a1dc-31783afe2111:192.168.69.68:40938], old=null
2019-10-16 06:58:51,596 [d2d597b7-f29c-4b6e-a1dc-31783afe2111@group-96BA6F6BF2B0-LeaderElection1] INFO  impl.RoleInfo (RoleInfo.java:shutdownLeaderElection(134)) - d2d597b7-f29c-4b6e-a1dc-31783afe2111: shutdown LeaderElection
2019-10-16 06:58:51,597 [d2d597b7-f29c-4b6e-a1dc-31783afe2111@group-96BA6F6BF2B0-LeaderElection1] INFO  impl.RaftServerImpl (RaftServerImpl.java:setRole(184)) - d2d597b7-f29c-4b6e-a1dc-31783afe2111@group-96BA6F6BF2B0: changes role from CANDIDATE to LEADER at term 1 for changeToLeader
2019-10-16 06:58:51,597 [d2d597b7-f29c-4b6e-a1dc-31783afe2111@group-96BA6F6BF2B0-LeaderElection1] INFO  impl.RaftServerImpl (ServerState.java:setLeader(256)) - d2d597b7-f29c-4b6e-a1dc-31783afe2111@group-96BA6F6BF2B0: change Leader from null to d2d597b7-f29c-4b6e-a1dc-31783afe2111 at term 1 for becomeLeader, leader elected after 246ms
2019-10-16 06:58:51,601 [d2d597b7-f29c-4b6e-a1dc-31783afe2111@group-96BA6F6BF2B0-LeaderElection1] INFO  server.RaftServerConfigKeys (ConfUtils.java:logGet(43)) - raft.server.staging.catchup.gap = 1000 (default)
2019-10-16 06:58:51,601 [d2d597b7-f29c-4b6e-a1dc-31783afe2111@group-96BA6F6BF2B0-LeaderElection1] INFO  server.RaftServerConfigKeys (ConfUtils.java:logGet(43)) - raft.server.rpc.sleep.time = 25ms (default)
2019-10-16 06:58:51,604 [d2d597b7-f29c-4b6e-a1dc-31783afe2111@group-96BA6F6BF2B0-LeaderElection1] INFO  server.RaftServerConfigKeys (ConfUtils.java:logGet(43)) - raft.server.write.element-limit = 4096 (default)
2019-10-16 06:58:51,606 [d2d597b7-f29c-4b6e-a1dc-31783afe2111@group-96BA6F6BF2B0-LeaderElection1] INFO  server.RaftServerConfigKeys (ConfUtils.java:logGet(43)) - raft.server.watch.timeout = 10s (default)
2019-10-16 06:58:51,606 [d2d597b7-f29c-4b6e-a1dc-31783afe2111@group-96BA6F6BF2B0-LeaderElection1] INFO  server.RaftServerConfigKeys (ConfUtils.java:logGet(43)) - raft.server.watch.timeout.denomination = 1s (default)
2019-10-16 06:58:51,606 [d2d597b7-f29c-4b6e-a1dc-31783afe2111@group-96BA6F6BF2B0-LeaderElection1] INFO  server.RaftServerConfigKeys (ConfUtils.java:logGet(43)) - raft.server.watch.element-limit = 65536 (default)
2019-10-16 06:58:51,608 [pool-47-thread-1] INFO  storage.RaftStorage (RaftStorage.java:format(84)) - Storage directory /workdir/hadoop-ozone/integration-test/target/test-dir/MiniOzoneClusterImpl-ed1e4b0b-7f1c-4222-87cd-b4f9b4aaacc0/datanode-2/data/ratis/f6b9c1f1-d029-40c7-8c5e-8191f0fe2924 has been successfully formatted.
2019-10-16 06:58:51,610 [pool-47-thread-1] INFO  ratis.ContainerStateMachine (ContainerStateMachine.java:loadSnapshot(231)) - group-8191F0FE2924: The snapshot info is null. Setting the last applied indexto:(t:0, i:~)
2019-10-16 06:58:51,610 [pool-47-thread-1] INFO  server.RaftServerConfigKeys (ConfUtils.java:logGet(43)) - raft.server.notification.no-leader.timeout = 1000s (custom)
2019-10-16 06:58:51,610 [pool-47-thread-1] INFO  server.RaftServerConfigKeys (ConfUtils.java:logGet(43)) - raft.server.log.use.memory = false (default)
2019-10-16 06:58:51,610 [pool-47-thread-1] INFO  server.RaftServerConfigKeys (ConfUtils.java:logGet(43)) - raft.server.log.purge.gap = 1000000 (custom)
2019-10-16 06:58:51,611 [pool-47-thread-1] INFO  server.RaftServerConfigKeys (ConfUtils.java:logGet(43)) - raft.server.log.appender.buffer.byte-limit = 33554432 (custom)
2019-10-16 06:58:51,611 [pool-47-thread-1] INFO  server.RaftServerConfigKeys (ConfUtils.java:logGet(43)) - raft.server.log.segment.size.max = 1048576 (custom)
2019-10-16 06:58:51,631 [pool-47-thread-1] INFO  server.RaftServerConfigKeys (ConfUtils.java:logGet(43)) - raft.server.log.segment.cache.num.max = 2 (custom)
2019-10-16 06:58:51,631 [pool-47-thread-1] INFO  segmented.SegmentedRaftLogWorker (SegmentedRaftLogWorker.java:<init>(173)) - new 4f0a8cce-cba4-44f5-8366-0fb5fb6bef9c@group-8191F0FE2924-SegmentedRaftLogWorker for RaftStorage:Storage Directory /workdir/hadoop-ozone/integration-test/target/test-dir/MiniOzoneClusterImpl-ed1e4b0b-7f1c-4222-87cd-b4f9b4aaacc0/datanode-2/data/ratis/f6b9c1f1-d029-40c7-8c5e-8191f0fe2924
2019-10-16 06:58:51,632 [pool-47-thread-1] INFO  server.RaftServerConfigKeys (ConfUtils.java:logGet(43)) - raft.server.log.queue.byte-limit = 2147483647 (custom)
2019-10-16 06:58:51,632 [pool-47-thread-1] INFO  server.RaftServerConfigKeys (ConfUtils.java:logGet(43)) - raft.server.log.queue.element-limit = 1024 (custom)
2019-10-16 06:58:51,632 [pool-47-thread-1] INFO  server.RaftServerConfigKeys (ConfUtils.java:logGet(43)) - raft.server.log.segment.size.max = 1048576 (custom)
2019-10-16 06:58:51,632 [pool-47-thread-1] INFO  server.RaftServerConfigKeys (ConfUtils.java:logGet(43)) - raft.server.log.preallocated.size = 16384 (custom)
2019-10-16 06:58:51,632 [pool-47-thread-1] INFO  server.RaftServerConfigKeys (ConfUtils.java:logGet(43)) - raft.server.log.write.buffer.size = 33554432 (custom)
2019-10-16 06:58:51,632 [pool-47-thread-1] INFO  server.RaftServerConfigKeys (ConfUtils.java:logGet(43)) - raft.server.log.force.sync.num = 128 (default)
2019-10-16 06:58:51,633 [pool-47-thread-1] INFO  server.RaftServerConfigKeys (ConfUtils.java:logGet(43)) - raft.server.log.statemachine.data.sync = true (default)
2019-10-16 06:58:51,633 [pool-47-thread-1] INFO  server.RaftServerConfigKeys (ConfUtils.java:logGet(43)) - raft.server.log.statemachine.data.sync.timeout = 10s (default)
2019-10-16 06:58:51,633 [pool-47-thread-1] INFO  server.RaftServerConfigKeys (ConfUtils.java:logGet(43)) - raft.server.log.statemachine.data.sync.timeout.retry = -1 (default)
2019-10-16 06:58:51,633 [pool-47-thread-1] INFO  server.RaftServerConfigKeys (ConfUtils.java:logGet(43)) - raft.server.log.statemachine.data.caching.enabled = true (custom)
2019-10-16 06:58:51,634 [pool-47-thread-1] INFO  segmented.SegmentedRaftLogWorker (SegmentedRaftLogWorker.java:lambda$new$0(128)) - 4f0a8cce-cba4-44f5-8366-0fb5fb6bef9c@group-8191F0FE2924-SegmentedRaftLogWorker: flushIndex: setUnconditionally 0 -> -1
2019-10-16 06:58:51,634 [pool-47-thread-1] INFO  server.RaftServerConfigKeys (ConfUtils.java:logGet(43)) - raft.server.snapshot.auto.trigger.enabled = true (custom)
2019-10-16 06:58:51,634 [pool-47-thread-1] INFO  server.RaftServerConfigKeys (ConfUtils.java:logGet(43)) - raft.server.snapshot.auto.trigger.threshold = 10000 (custom)
2019-10-16 06:58:51,634 [pool-47-thread-1] INFO  server.RaftServerConfigKeys (ConfUtils.java:logGet(43)) - raft.server.snapshot.retention.file.num = 5 (custom)
2019-10-16 06:58:51,635 [pool-47-thread-1] INFO  server.RaftServerConfigKeys (ConfUtils.java:logGet(43)) - raft.server.retrycache.expirytime = 600000ms (custom)
2019-10-16 06:58:51,637 [d2d597b7-f29c-4b6e-a1dc-31783afe2111@group-96BA6F6BF2B0-LeaderElection1] INFO  impl.RoleInfo (RoleInfo.java:updateAndGet(143)) - d2d597b7-f29c-4b6e-a1dc-31783afe2111: start LeaderState
2019-10-16 06:58:51,641 [pool-47-thread-1] INFO  impl.RaftServerImpl (RaftServerImpl.java:start(195)) - 4f0a8cce-cba4-44f5-8366-0fb5fb6bef9c@group-8191F0FE2924: start as a follower, conf=-1: [4f0a8cce-cba4-44f5-8366-0fb5fb6bef9c:192.168.69.68:42866], old=null
2019-10-16 06:58:51,641 [pool-47-thread-1] INFO  impl.RaftServerImpl (RaftServerImpl.java:setRole(184)) - 4f0a8cce-cba4-44f5-8366-0fb5fb6bef9c@group-8191F0FE2924: changes role from      null to FOLLOWER at term 0 for startAsFollower
2019-10-16 06:58:51,641 [pool-47-thread-1] INFO  impl.RoleInfo (RoleInfo.java:updateAndGet(143)) - 4f0a8cce-cba4-44f5-8366-0fb5fb6bef9c: start FollowerState
2019-10-16 06:58:51,641 [pool-47-thread-1] INFO  util.JmxRegister (JmxRegister.java:tryRegister(44)) - Successfully registered JMX Bean with object name Ratis:service=RaftServer,group=group-8191F0FE2924,id=4f0a8cce-cba4-44f5-8366-0fb5fb6bef9c
2019-10-16 06:58:51,657 [RatisPipelineUtilsThread] INFO  pipeline.PipelineStateManager (PipelineStateManager.java:addPipeline(56)) - Created pipeline Pipeline[ Id: f6b9c1f1-d029-40c7-8c5e-8191f0fe2924, Nodes: 4f0a8cce-cba4-44f5-8366-0fb5fb6bef9c{ip: 192.168.69.68, host: pr-hdds-2313-mzbf2-1866299523, networkLocation: /default-rack, certSerialId: null}, Type:RATIS, Factor:ONE, State:OPEN]
2019-10-16 06:58:51,660 [d2d597b7-f29c-4b6e-a1dc-31783afe2111@group-96BA6F6BF2B0-LeaderElection1] INFO  segmented.SegmentedRaftLogWorker (SegmentedRaftLogWorker.java:startLogSegment(385)) - d2d597b7-f29c-4b6e-a1dc-31783afe2111@group-96BA6F6BF2B0-SegmentedRaftLogWorker: Starting segment from index:0
2019-10-16 06:58:51,676 [grpc-default-executor-0] INFO  impl.RaftServerProxy (RaftServerProxy.java:addNew(89)) - 433771fa-af38-4628-a40e-96bcd22c3694: addNew group-0584787A22C1:[433771fa-af38-4628-a40e-96bcd22c3694:192.168.69.68:34462] returns group-0584787A22C1:java.util.concurrent.CompletableFuture@3453a3ab[Not completed]
2019-10-16 06:58:51,677 [d2d597b7-f29c-4b6e-a1dc-31783afe2111@group-96BA6F6BF2B0-LeaderElection1] INFO  impl.RaftServerImpl (ServerState.java:setRaftConf(357)) - d2d597b7-f29c-4b6e-a1dc-31783afe2111@group-96BA6F6BF2B0: set configuration 0: [d2d597b7-f29c-4b6e-a1dc-31783afe2111:192.168.69.68:40938], old=null at 0
2019-10-16 06:58:51,680 [pool-37-thread-1] INFO  impl.RaftServerImpl (RaftServerImpl.java:<init>(104)) - 433771fa-af38-4628-a40e-96bcd22c3694: new RaftServerImpl for group-0584787A22C1:[433771fa-af38-4628-a40e-96bcd22c3694:192.168.69.68:34462] with ContainerStateMachine:uninitialized
2019-10-16 06:58:51,680 [pool-37-thread-1] INFO  server.RaftServerConfigKeys (ConfUtils.java:logGet(43)) - raft.server.rpc.timeout.min = 5s (custom)
2019-10-16 06:58:51,680 [pool-37-thread-1] INFO  server.RaftServerConfigKeys (ConfUtils.java:logGet(43)) - raft.server.rpc.timeout.max = 5200ms (custom)
2019-10-16 06:58:51,681 [pool-37-thread-1] INFO  server.RaftServerConfigKeys (ConfUtils.java:logGet(43)) - raft.server.rpcslowness.timeout = 1000s (custom)
2019-10-16 06:58:51,681 [pool-37-thread-1] INFO  server.RaftServerConfigKeys (ConfUtils.java:logGet(43)) - raft.server.sleep.deviation.threshold = 300 (default)
2019-10-16 06:58:51,681 [pool-37-thread-1] INFO  server.RaftServerConfigKeys (ConfUtils.java:logGet(43)) - raft.server.log.appender.install.snapshot.enabled = false (custom)
2019-10-16 06:58:51,681 [pool-37-thread-1] INFO  impl.RaftServerImpl (ServerState.java:<init>(103)) - 433771fa-af38-4628-a40e-96bcd22c3694@group-0584787A22C1: ConfigurationManager, init=-1: [433771fa-af38-4628-a40e-96bcd22c3694:192.168.69.68:34462], old=null, confs=<EMPTY_MAP>
2019-10-16 06:58:51,681 [pool-37-thread-1] INFO  server.RaftServerConfigKeys (ConfUtils.java:logGet(43)) - raft.server.storage.dir = [/workdir/hadoop-ozone/integration-test/target/test-dir/MiniOzoneClusterImpl-ed1e4b0b-7f1c-4222-87cd-b4f9b4aaacc0/datanode-1/data/ratis] (custom)
2019-10-16 06:58:51,682 [pool-37-thread-1] INFO  server.RaftServerConfigKeys (ConfUtils.java:logGet(43)) - raft.server.log.corruption.policy = EXCEPTION (default)
2019-10-16 06:58:51,682 [pool-37-thread-1] INFO  storage.RaftStorageDirectory (RaftStorageDirectory.java:analyzeStorage(246)) - The storage directory /workdir/hadoop-ozone/integration-test/target/test-dir/MiniOzoneClusterImpl-ed1e4b0b-7f1c-4222-87cd-b4f9b4aaacc0/datanode-1/data/ratis/2ed8081c-05ec-4908-a7ee-0584787a22c1 does not exist. Creating ...
2019-10-16 06:58:51,697 [pool-37-thread-1] INFO  storage.RaftStorageDirectory (RaftStorageDirectory.java:tryLock(328)) - Lock on /workdir/hadoop-ozone/integration-test/target/test-dir/MiniOzoneClusterImpl-ed1e4b0b-7f1c-4222-87cd-b4f9b4aaacc0/datanode-1/data/ratis/2ed8081c-05ec-4908-a7ee-0584787a22c1/in_use.lock acquired by nodename 3289@pr-hdds-2313-mzbf2-1866299523
2019-10-16 06:58:51,710 [pool-37-thread-1] INFO  storage.RaftStorage (RaftStorage.java:format(84)) - Storage directory /workdir/hadoop-ozone/integration-test/target/test-dir/MiniOzoneClusterImpl-ed1e4b0b-7f1c-4222-87cd-b4f9b4aaacc0/datanode-1/data/ratis/2ed8081c-05ec-4908-a7ee-0584787a22c1 has been successfully formatted.
2019-10-16 06:58:51,710 [pool-37-thread-1] INFO  ratis.ContainerStateMachine (ContainerStateMachine.java:loadSnapshot(231)) - group-0584787A22C1: The snapshot info is null. Setting the last applied indexto:(t:0, i:~)
2019-10-16 06:58:51,710 [pool-37-thread-1] INFO  server.RaftServerConfigKeys (ConfUtils.java:logGet(43)) - raft.server.notification.no-leader.timeout = 1000s (custom)
2019-10-16 06:58:51,710 [pool-37-thread-1] INFO  server.RaftServerConfigKeys (ConfUtils.java:logGet(43)) - raft.server.log.use.memory = false (default)
2019-10-16 06:58:51,711 [pool-37-thread-1] INFO  server.RaftServerConfigKeys (ConfUtils.java:logGet(43)) - raft.server.log.purge.gap = 1000000 (custom)
2019-10-16 06:58:51,711 [pool-37-thread-1] INFO  server.RaftServerConfigKeys (ConfUtils.java:logGet(43)) - raft.server.log.appender.buffer.byte-limit = 33554432 (custom)
2019-10-16 06:58:51,711 [pool-37-thread-1] INFO  server.RaftServerConfigKeys (ConfUtils.java:logGet(43)) - raft.server.log.segment.size.max = 1048576 (custom)
2019-10-16 06:58:51,714 [pool-37-thread-1] INFO  server.RaftServerConfigKeys (ConfUtils.java:logGet(43)) - raft.server.log.segment.cache.num.max = 2 (custom)
2019-10-16 06:58:51,714 [pool-37-thread-1] INFO  segmented.SegmentedRaftLogWorker (SegmentedRaftLogWorker.java:<init>(173)) - new 433771fa-af38-4628-a40e-96bcd22c3694@group-0584787A22C1-SegmentedRaftLogWorker for RaftStorage:Storage Directory /workdir/hadoop-ozone/integration-test/target/test-dir/MiniOzoneClusterImpl-ed1e4b0b-7f1c-4222-87cd-b4f9b4aaacc0/datanode-1/data/ratis/2ed8081c-05ec-4908-a7ee-0584787a22c1
2019-10-16 06:58:51,714 [pool-37-thread-1] INFO  server.RaftServerConfigKeys (ConfUtils.java:logGet(43)) - raft.server.log.queue.byte-limit = 2147483647 (custom)
2019-10-16 06:58:51,714 [pool-37-thread-1] INFO  server.RaftServerConfigKeys (ConfUtils.java:logGet(43)) - raft.server.log.queue.element-limit = 1024 (custom)
2019-10-16 06:58:51,714 [pool-37-thread-1] INFO  server.RaftServerConfigKeys (ConfUtils.java:logGet(43)) - raft.server.log.segment.size.max = 1048576 (custom)
2019-10-16 06:58:51,714 [pool-37-thread-1] INFO  server.RaftServerConfigKeys (ConfUtils.java:logGet(43)) - raft.server.log.preallocated.size = 16384 (custom)
2019-10-16 06:58:51,714 [pool-37-thread-1] INFO  server.RaftServerConfigKeys (ConfUtils.java:logGet(43)) - raft.server.log.write.buffer.size = 33554432 (custom)
2019-10-16 06:58:51,714 [pool-37-thread-1] INFO  server.RaftServerConfigKeys (ConfUtils.java:logGet(43)) - raft.server.log.force.sync.num = 128 (default)
2019-10-16 06:58:51,714 [pool-37-thread-1] INFO  server.RaftServerConfigKeys (ConfUtils.java:logGet(43)) - raft.server.log.statemachine.data.sync = true (default)
2019-10-16 06:58:51,715 [pool-37-thread-1] INFO  server.RaftServerConfigKeys (ConfUtils.java:logGet(43)) - raft.server.log.statemachine.data.sync.timeout = 10s (default)
2019-10-16 06:58:51,715 [pool-37-thread-1] INFO  server.RaftServerConfigKeys (ConfUtils.java:logGet(43)) - raft.server.log.statemachine.data.sync.timeout.retry = -1 (default)
2019-10-16 06:58:51,715 [pool-37-thread-1] INFO  server.RaftServerConfigKeys (ConfUtils.java:logGet(43)) - raft.server.log.statemachine.data.caching.enabled = true (custom)
2019-10-16 06:58:51,716 [pool-37-thread-1] INFO  segmented.SegmentedRaftLogWorker (SegmentedRaftLogWorker.java:lambda$new$0(128)) - 433771fa-af38-4628-a40e-96bcd22c3694@group-0584787A22C1-SegmentedRaftLogWorker: flushIndex: setUnconditionally 0 -> -1
2019-10-16 06:58:51,716 [pool-37-thread-1] INFO  server.RaftServerConfigKeys (ConfUtils.java:logGet(43)) - raft.server.snapshot.auto.trigger.enabled = true (custom)
2019-10-16 06:58:51,716 [pool-37-thread-1] INFO  server.RaftServerConfigKeys (ConfUtils.java:logGet(43)) - raft.server.snapshot.auto.trigger.threshold = 10000 (custom)
2019-10-16 06:58:51,716 [pool-37-thread-1] INFO  server.RaftServerConfigKeys (ConfUtils.java:logGet(43)) - raft.server.snapshot.retention.file.num = 5 (custom)
2019-10-16 06:58:51,716 [pool-37-thread-1] INFO  server.RaftServerConfigKeys (ConfUtils.java:logGet(43)) - raft.server.retrycache.expirytime = 600000ms (custom)
2019-10-16 06:58:51,721 [pool-37-thread-1] INFO  impl.RaftServerImpl (RaftServerImpl.java:start(195)) - 433771fa-af38-4628-a40e-96bcd22c3694@group-0584787A22C1: start as a follower, conf=-1: [433771fa-af38-4628-a40e-96bcd22c3694:192.168.69.68:34462], old=null
2019-10-16 06:58:51,721 [pool-37-thread-1] INFO  impl.RaftServerImpl (RaftServerImpl.java:setRole(184)) - 433771fa-af38-4628-a40e-96bcd22c3694@group-0584787A22C1: changes role from      null to FOLLOWER at term 0 for startAsFollower
2019-10-16 06:58:51,721 [pool-37-thread-1] INFO  impl.RoleInfo (RoleInfo.java:updateAndGet(143)) - 433771fa-af38-4628-a40e-96bcd22c3694: start FollowerState
2019-10-16 06:58:51,721 [pool-37-thread-1] INFO  util.JmxRegister (JmxRegister.java:tryRegister(44)) - Successfully registered JMX Bean with object name Ratis:service=RaftServer,group=group-0584787A22C1,id=433771fa-af38-4628-a40e-96bcd22c3694
2019-10-16 06:58:51,732 [RatisPipelineUtilsThread] INFO  pipeline.PipelineStateManager (PipelineStateManager.java:addPipeline(56)) - Created pipeline Pipeline[ Id: 2ed8081c-05ec-4908-a7ee-0584787a22c1, Nodes: 433771fa-af38-4628-a40e-96bcd22c3694{ip: 192.168.69.68, host: pr-hdds-2313-mzbf2-1866299523, networkLocation: /default-rack, certSerialId: null}, Type:RATIS, Factor:ONE, State:OPEN]
2019-10-16 06:58:51,756 [grpc-default-executor-2] INFO  impl.RaftServerProxy (RaftServerProxy.java:addNew(89)) - d2d597b7-f29c-4b6e-a1dc-31783afe2111: addNew group-767F7A20ABB4:[433771fa-af38-4628-a40e-96bcd22c3694:192.168.69.68:34462, 4f0a8cce-cba4-44f5-8366-0fb5fb6bef9c:192.168.69.68:42866, d2d597b7-f29c-4b6e-a1dc-31783afe2111:192.168.69.68:40938] returns group-767F7A20ABB4:java.util.concurrent.CompletableFuture@79ff9161[Not completed]
2019-10-16 06:58:51,761 [grpc-default-executor-2] INFO  impl.RaftServerProxy (RaftServerProxy.java:addNew(89)) - 433771fa-af38-4628-a40e-96bcd22c3694: addNew group-767F7A20ABB4:[433771fa-af38-4628-a40e-96bcd22c3694:192.168.69.68:34462, 4f0a8cce-cba4-44f5-8366-0fb5fb6bef9c:192.168.69.68:42866, d2d597b7-f29c-4b6e-a1dc-31783afe2111:192.168.69.68:40938] returns group-767F7A20ABB4:java.util.concurrent.CompletableFuture@3cfd103a[Not completed]
2019-10-16 06:58:51,761 [pool-27-thread-1] INFO  impl.RaftServerImpl (RaftServerImpl.java:<init>(104)) - d2d597b7-f29c-4b6e-a1dc-31783afe2111: new RaftServerImpl for group-767F7A20ABB4:[433771fa-af38-4628-a40e-96bcd22c3694:192.168.69.68:34462, 4f0a8cce-cba4-44f5-8366-0fb5fb6bef9c:192.168.69.68:42866, d2d597b7-f29c-4b6e-a1dc-31783afe2111:192.168.69.68:40938] with ContainerStateMachine:uninitialized
2019-10-16 06:58:51,762 [pool-27-thread-1] INFO  server.RaftServerConfigKeys (ConfUtils.java:logGet(43)) - raft.server.rpc.timeout.min = 5s (custom)
2019-10-16 06:58:51,762 [pool-27-thread-1] INFO  server.RaftServerConfigKeys (ConfUtils.java:logGet(43)) - raft.server.rpc.timeout.max = 5200ms (custom)
2019-10-16 06:58:51,763 [pool-27-thread-1] INFO  server.RaftServerConfigKeys (ConfUtils.java:logGet(43)) - raft.server.rpcslowness.timeout = 1000s (custom)
2019-10-16 06:58:51,763 [pool-27-thread-1] INFO  server.RaftServerConfigKeys (ConfUtils.java:logGet(43)) - raft.server.sleep.deviation.threshold = 300 (default)
2019-10-16 06:58:51,763 [pool-27-thread-1] INFO  server.RaftServerConfigKeys (ConfUtils.java:logGet(43)) - raft.server.log.appender.install.snapshot.enabled = false (custom)
2019-10-16 06:58:51,763 [grpc-default-executor-2] INFO  impl.RaftServerProxy (RaftServerProxy.java:addNew(89)) - 4f0a8cce-cba4-44f5-8366-0fb5fb6bef9c: addNew group-767F7A20ABB4:[433771fa-af38-4628-a40e-96bcd22c3694:192.168.69.68:34462, 4f0a8cce-cba4-44f5-8366-0fb5fb6bef9c:192.168.69.68:42866, d2d597b7-f29c-4b6e-a1dc-31783afe2111:192.168.69.68:40938] returns group-767F7A20ABB4:java.util.concurrent.CompletableFuture@70e6b2c6[Not completed]
2019-10-16 06:58:51,763 [pool-27-thread-1] INFO  impl.RaftServerImpl (ServerState.java:<init>(103)) - d2d597b7-f29c-4b6e-a1dc-31783afe2111@group-767F7A20ABB4: ConfigurationManager, init=-1: [433771fa-af38-4628-a40e-96bcd22c3694:192.168.69.68:34462, 4f0a8cce-cba4-44f5-8366-0fb5fb6bef9c:192.168.69.68:42866, d2d597b7-f29c-4b6e-a1dc-31783afe2111:192.168.69.68:40938], old=null, confs=<EMPTY_MAP>
2019-10-16 06:58:51,763 [pool-27-thread-1] INFO  server.RaftServerConfigKeys (ConfUtils.java:logGet(43)) - raft.server.storage.dir = [/workdir/hadoop-ozone/integration-test/target/test-dir/MiniOzoneClusterImpl-ed1e4b0b-7f1c-4222-87cd-b4f9b4aaacc0/datanode-0/data/ratis] (custom)
2019-10-16 06:58:51,763 [pool-37-thread-1] INFO  impl.RaftServerImpl (RaftServerImpl.java:<init>(104)) - 433771fa-af38-4628-a40e-96bcd22c3694: new RaftServerImpl for group-767F7A20ABB4:[433771fa-af38-4628-a40e-96bcd22c3694:192.168.69.68:34462, 4f0a8cce-cba4-44f5-8366-0fb5fb6bef9c:192.168.69.68:42866, d2d597b7-f29c-4b6e-a1dc-31783afe2111:192.168.69.68:40938] with ContainerStateMachine:uninitialized
2019-10-16 06:58:51,764 [pool-37-thread-1] INFO  server.RaftServerConfigKeys (ConfUtils.java:logGet(43)) - raft.server.rpc.timeout.min = 5s (custom)
2019-10-16 06:58:51,764 [pool-27-thread-1] INFO  server.RaftServerConfigKeys (ConfUtils.java:logGet(43)) - raft.server.log.corruption.policy = EXCEPTION (default)
2019-10-16 06:58:51,764 [pool-37-thread-1] INFO  server.RaftServerConfigKeys (ConfUtils.java:logGet(43)) - raft.server.rpc.timeout.max = 5200ms (custom)
2019-10-16 06:58:51,764 [pool-27-thread-1] INFO  storage.RaftStorageDirectory (RaftStorageDirectory.java:analyzeStorage(246)) - The storage directory /workdir/hadoop-ozone/integration-test/target/test-dir/MiniOzoneClusterImpl-ed1e4b0b-7f1c-4222-87cd-b4f9b4aaacc0/datanode-0/data/ratis/f466b838-ca87-44ef-9280-767f7a20abb4 does not exist. Creating ...
2019-10-16 06:58:51,764 [pool-37-thread-1] INFO  server.RaftServerConfigKeys (ConfUtils.java:logGet(43)) - raft.server.rpcslowness.timeout = 1000s (custom)
2019-10-16 06:58:51,764 [pool-47-thread-1] INFO  impl.RaftServerImpl (RaftServerImpl.java:<init>(104)) - 4f0a8cce-cba4-44f5-8366-0fb5fb6bef9c: new RaftServerImpl for group-767F7A20ABB4:[433771fa-af38-4628-a40e-96bcd22c3694:192.168.69.68:34462, 4f0a8cce-cba4-44f5-8366-0fb5fb6bef9c:192.168.69.68:42866, d2d597b7-f29c-4b6e-a1dc-31783afe2111:192.168.69.68:40938] with ContainerStateMachine:uninitialized
2019-10-16 06:58:51,764 [pool-37-thread-1] INFO  server.RaftServerConfigKeys (ConfUtils.java:logGet(43)) - raft.server.sleep.deviation.threshold = 300 (default)
2019-10-16 06:58:51,764 [pool-47-thread-1] INFO  server.RaftServerConfigKeys (ConfUtils.java:logGet(43)) - raft.server.rpc.timeout.min = 5s (custom)
2019-10-16 06:58:51,764 [pool-37-thread-1] INFO  server.RaftServerConfigKeys (ConfUtils.java:logGet(43)) - raft.server.log.appender.install.snapshot.enabled = false (custom)
2019-10-16 06:58:51,765 [pool-47-thread-1] INFO  server.RaftServerConfigKeys (ConfUtils.java:logGet(43)) - raft.server.rpc.timeout.max = 5200ms (custom)
2019-10-16 06:58:51,765 [pool-37-thread-1] INFO  impl.RaftServerImpl (ServerState.java:<init>(103)) - 433771fa-af38-4628-a40e-96bcd22c3694@group-767F7A20ABB4: ConfigurationManager, init=-1: [433771fa-af38-4628-a40e-96bcd22c3694:192.168.69.68:34462, 4f0a8cce-cba4-44f5-8366-0fb5fb6bef9c:192.168.69.68:42866, d2d597b7-f29c-4b6e-a1dc-31783afe2111:192.168.69.68:40938], old=null, confs=<EMPTY_MAP>
2019-10-16 06:58:51,765 [pool-47-thread-1] INFO  server.RaftServerConfigKeys (ConfUtils.java:logGet(43)) - raft.server.rpcslowness.timeout = 1000s (custom)
2019-10-16 06:58:51,765 [pool-37-thread-1] INFO  server.RaftServerConfigKeys (ConfUtils.java:logGet(43)) - raft.server.storage.dir = [/workdir/hadoop-ozone/integration-test/target/test-dir/MiniOzoneClusterImpl-ed1e4b0b-7f1c-4222-87cd-b4f9b4aaacc0/datanode-1/data/ratis] (custom)
2019-10-16 06:58:51,765 [pool-47-thread-1] INFO  server.RaftServerConfigKeys (ConfUtils.java:logGet(43)) - raft.server.sleep.deviation.threshold = 300 (default)
2019-10-16 06:58:51,765 [pool-47-thread-1] INFO  server.RaftServerConfigKeys (ConfUtils.java:logGet(43)) - raft.server.log.appender.install.snapshot.enabled = false (custom)
2019-10-16 06:58:51,765 [pool-37-thread-1] INFO  server.RaftServerConfigKeys (ConfUtils.java:logGet(43)) - raft.server.log.corruption.policy = EXCEPTION (default)
2019-10-16 06:58:51,765 [pool-47-thread-1] INFO  impl.RaftServerImpl (ServerState.java:<init>(103)) - 4f0a8cce-cba4-44f5-8366-0fb5fb6bef9c@group-767F7A20ABB4: ConfigurationManager, init=-1: [433771fa-af38-4628-a40e-96bcd22c3694:192.168.69.68:34462, 4f0a8cce-cba4-44f5-8366-0fb5fb6bef9c:192.168.69.68:42866, d2d597b7-f29c-4b6e-a1dc-31783afe2111:192.168.69.68:40938], old=null, confs=<EMPTY_MAP>
2019-10-16 06:58:51,765 [pool-37-thread-1] INFO  storage.RaftStorageDirectory (RaftStorageDirectory.java:analyzeStorage(246)) - The storage directory /workdir/hadoop-ozone/integration-test/target/test-dir/MiniOzoneClusterImpl-ed1e4b0b-7f1c-4222-87cd-b4f9b4aaacc0/datanode-1/data/ratis/f466b838-ca87-44ef-9280-767f7a20abb4 does not exist. Creating ...
2019-10-16 06:58:51,765 [pool-47-thread-1] INFO  server.RaftServerConfigKeys (ConfUtils.java:logGet(43)) - raft.server.storage.dir = [/workdir/hadoop-ozone/integration-test/target/test-dir/MiniOzoneClusterImpl-ed1e4b0b-7f1c-4222-87cd-b4f9b4aaacc0/datanode-2/data/ratis] (custom)
2019-10-16 06:58:51,766 [pool-47-thread-1] INFO  server.RaftServerConfigKeys (ConfUtils.java:logGet(43)) - raft.server.log.corruption.policy = EXCEPTION (default)
2019-10-16 06:58:51,766 [pool-47-thread-1] INFO  storage.RaftStorageDirectory (RaftStorageDirectory.java:analyzeStorage(246)) - The storage directory /workdir/hadoop-ozone/integration-test/target/test-dir/MiniOzoneClusterImpl-ed1e4b0b-7f1c-4222-87cd-b4f9b4aaacc0/datanode-2/data/ratis/f466b838-ca87-44ef-9280-767f7a20abb4 does not exist. Creating ...
2019-10-16 06:58:51,777 [pool-27-thread-1] INFO  storage.RaftStorageDirectory (RaftStorageDirectory.java:tryLock(328)) - Lock on /workdir/hadoop-ozone/integration-test/target/test-dir/MiniOzoneClusterImpl-ed1e4b0b-7f1c-4222-87cd-b4f9b4aaacc0/datanode-0/data/ratis/f466b838-ca87-44ef-9280-767f7a20abb4/in_use.lock acquired by nodename 3289@pr-hdds-2313-mzbf2-1866299523
2019-10-16 06:58:51,777 [pool-47-thread-1] INFO  storage.RaftStorageDirectory (RaftStorageDirectory.java:tryLock(328)) - Lock on /workdir/hadoop-ozone/integration-test/target/test-dir/MiniOzoneClusterImpl-ed1e4b0b-7f1c-4222-87cd-b4f9b4aaacc0/datanode-2/data/ratis/f466b838-ca87-44ef-9280-767f7a20abb4/in_use.lock acquired by nodename 3289@pr-hdds-2313-mzbf2-1866299523
2019-10-16 06:58:51,777 [pool-37-thread-1] INFO  storage.RaftStorageDirectory (RaftStorageDirectory.java:tryLock(328)) - Lock on /workdir/hadoop-ozone/integration-test/target/test-dir/MiniOzoneClusterImpl-ed1e4b0b-7f1c-4222-87cd-b4f9b4aaacc0/datanode-1/data/ratis/f466b838-ca87-44ef-9280-767f7a20abb4/in_use.lock acquired by nodename 3289@pr-hdds-2313-mzbf2-1866299523
2019-10-16 06:58:51,790 [Thread-191] INFO  impl.FollowerState (FollowerState.java:run(108)) - 4f0a8cce-cba4-44f5-8366-0fb5fb6bef9c@group-8191F0FE2924-FollowerState: change to CANDIDATE, lastRpcTime:149ms, electionTimeout:149ms
2019-10-16 06:58:51,791 [Thread-191] INFO  impl.RoleInfo (RoleInfo.java:shutdownFollowerState(121)) - 4f0a8cce-cba4-44f5-8366-0fb5fb6bef9c: shutdown FollowerState
2019-10-16 06:58:51,791 [Thread-191] INFO  impl.RaftServerImpl (RaftServerImpl.java:setRole(184)) - 4f0a8cce-cba4-44f5-8366-0fb5fb6bef9c@group-8191F0FE2924: changes role from  FOLLOWER to CANDIDATE at term 0 for changeToCandidate
2019-10-16 06:58:51,791 [Thread-191] INFO  impl.RoleInfo (RoleInfo.java:updateAndGet(143)) - 4f0a8cce-cba4-44f5-8366-0fb5fb6bef9c: start LeaderElection
2019-10-16 06:58:51,792 [pool-27-thread-1] INFO  storage.RaftStorage (RaftStorage.java:format(84)) - Storage directory /workdir/hadoop-ozone/integration-test/target/test-dir/MiniOzoneClusterImpl-ed1e4b0b-7f1c-4222-87cd-b4f9b4aaacc0/datanode-0/data/ratis/f466b838-ca87-44ef-9280-767f7a20abb4 has been successfully formatted.
2019-10-16 06:58:51,792 [pool-47-thread-1] INFO  storage.RaftStorage (RaftStorage.java:format(84)) - Storage directory /workdir/hadoop-ozone/integration-test/target/test-dir/MiniOzoneClusterImpl-ed1e4b0b-7f1c-4222-87cd-b4f9b4aaacc0/datanode-2/data/ratis/f466b838-ca87-44ef-9280-767f7a20abb4 has been successfully formatted.
2019-10-16 06:58:51,792 [pool-37-thread-1] INFO  storage.RaftStorage (RaftStorage.java:format(84)) - Storage directory /workdir/hadoop-ozone/integration-test/target/test-dir/MiniOzoneClusterImpl-ed1e4b0b-7f1c-4222-87cd-b4f9b4aaacc0/datanode-1/data/ratis/f466b838-ca87-44ef-9280-767f7a20abb4 has been successfully formatted.
2019-10-16 06:58:51,793 [pool-47-thread-1] INFO  ratis.ContainerStateMachine (ContainerStateMachine.java:loadSnapshot(231)) - group-767F7A20ABB4: The snapshot info is null. Setting the last applied indexto:(t:0, i:~)
2019-10-16 06:58:51,792 [pool-27-thread-1] INFO  ratis.ContainerStateMachine (ContainerStateMachine.java:loadSnapshot(231)) - group-767F7A20ABB4: The snapshot info is null. Setting the last applied indexto:(t:0, i:~)
2019-10-16 06:58:51,794 [pool-37-thread-1] INFO  ratis.ContainerStateMachine (ContainerStateMachine.java:loadSnapshot(231)) - group-767F7A20ABB4: The snapshot info is null. Setting the last applied indexto:(t:0, i:~)
2019-10-16 06:58:51,793 [pool-47-thread-1] INFO  server.RaftServerConfigKeys (ConfUtils.java:logGet(43)) - raft.server.notification.no-leader.timeout = 1000s (custom)
2019-10-16 06:58:51,794 [pool-37-thread-1] INFO  server.RaftServerConfigKeys (ConfUtils.java:logGet(43)) - raft.server.notification.no-leader.timeout = 1000s (custom)
2019-10-16 06:58:51,794 [pool-27-thread-1] INFO  server.RaftServerConfigKeys (ConfUtils.java:logGet(43)) - raft.server.notification.no-leader.timeout = 1000s (custom)
2019-10-16 06:58:51,794 [pool-37-thread-1] INFO  server.RaftServerConfigKeys (ConfUtils.java:logGet(43)) - raft.server.log.use.memory = false (default)
2019-10-16 06:58:51,794 [pool-47-thread-1] INFO  server.RaftServerConfigKeys (ConfUtils.java:logGet(43)) - raft.server.log.use.memory = false (default)
2019-10-16 06:58:51,794 [pool-37-thread-1] INFO  server.RaftServerConfigKeys (ConfUtils.java:logGet(43)) - raft.server.log.purge.gap = 1000000 (custom)
2019-10-16 06:58:51,794 [pool-27-thread-1] INFO  server.RaftServerConfigKeys (ConfUtils.java:logGet(43)) - raft.server.log.use.memory = false (default)
2019-10-16 06:58:51,795 [pool-37-thread-1] INFO  server.RaftServerConfigKeys (ConfUtils.java:logGet(43)) - raft.server.log.appender.buffer.byte-limit = 33554432 (custom)
2019-10-16 06:58:51,794 [pool-47-thread-1] INFO  server.RaftServerConfigKeys (ConfUtils.java:logGet(43)) - raft.server.log.purge.gap = 1000000 (custom)
2019-10-16 06:58:51,795 [pool-37-thread-1] INFO  server.RaftServerConfigKeys (ConfUtils.java:logGet(43)) - raft.server.log.segment.size.max = 1048576 (custom)
2019-10-16 06:58:51,795 [pool-27-thread-1] INFO  server.RaftServerConfigKeys (ConfUtils.java:logGet(43)) - raft.server.log.purge.gap = 1000000 (custom)
2019-10-16 06:58:51,795 [pool-37-thread-1] INFO  server.RaftServerConfigKeys (ConfUtils.java:logGet(43)) - raft.server.log.segment.cache.num.max = 2 (custom)
2019-10-16 06:58:51,795 [pool-47-thread-1] INFO  server.RaftServerConfigKeys (ConfUtils.java:logGet(43)) - raft.server.log.appender.buffer.byte-limit = 33554432 (custom)
2019-10-16 06:58:51,795 [pool-37-thread-1] INFO  segmented.SegmentedRaftLogWorker (SegmentedRaftLogWorker.java:<init>(173)) - new 433771fa-af38-4628-a40e-96bcd22c3694@group-767F7A20ABB4-SegmentedRaftLogWorker for RaftStorage:Storage Directory /workdir/hadoop-ozone/integration-test/target/test-dir/MiniOzoneClusterImpl-ed1e4b0b-7f1c-4222-87cd-b4f9b4aaacc0/datanode-1/data/ratis/f466b838-ca87-44ef-9280-767f7a20abb4
2019-10-16 06:58:51,795 [pool-27-thread-1] INFO  server.RaftServerConfigKeys (ConfUtils.java:logGet(43)) - raft.server.log.appender.buffer.byte-limit = 33554432 (custom)
2019-10-16 06:58:51,795 [pool-37-thread-1] INFO  server.RaftServerConfigKeys (ConfUtils.java:logGet(43)) - raft.server.log.queue.byte-limit = 2147483647 (custom)
2019-10-16 06:58:51,795 [pool-47-thread-1] INFO  server.RaftServerConfigKeys (ConfUtils.java:logGet(43)) - raft.server.log.segment.size.max = 1048576 (custom)
2019-10-16 06:58:51,796 [pool-37-thread-1] INFO  server.RaftServerConfigKeys (ConfUtils.java:logGet(43)) - raft.server.log.queue.element-limit = 1024 (custom)
2019-10-16 06:58:51,796 [pool-27-thread-1] INFO  server.RaftServerConfigKeys (ConfUtils.java:logGet(43)) - raft.server.log.segment.size.max = 1048576 (custom)
2019-10-16 06:58:51,796 [pool-37-thread-1] INFO  server.RaftServerConfigKeys (ConfUtils.java:logGet(43)) - raft.server.log.segment.size.max = 1048576 (custom)
2019-10-16 06:58:51,796 [pool-47-thread-1] INFO  server.RaftServerConfigKeys (ConfUtils.java:logGet(43)) - raft.server.log.segment.cache.num.max = 2 (custom)
2019-10-16 06:58:51,796 [pool-37-thread-1] INFO  server.RaftServerConfigKeys (ConfUtils.java:logGet(43)) - raft.server.log.preallocated.size = 16384 (custom)
2019-10-16 06:58:51,796 [pool-27-thread-1] INFO  server.RaftServerConfigKeys (ConfUtils.java:logGet(43)) - raft.server.log.segment.cache.num.max = 2 (custom)
2019-10-16 06:58:51,796 [pool-37-thread-1] INFO  server.RaftServerConfigKeys (ConfUtils.java:logGet(43)) - raft.server.log.write.buffer.size = 33554432 (custom)
2019-10-16 06:58:51,796 [pool-47-thread-1] INFO  segmented.SegmentedRaftLogWorker (SegmentedRaftLogWorker.java:<init>(173)) - new 4f0a8cce-cba4-44f5-8366-0fb5fb6bef9c@group-767F7A20ABB4-SegmentedRaftLogWorker for RaftStorage:Storage Directory /workdir/hadoop-ozone/integration-test/target/test-dir/MiniOzoneClusterImpl-ed1e4b0b-7f1c-4222-87cd-b4f9b4aaacc0/datanode-2/data/ratis/f466b838-ca87-44ef-9280-767f7a20abb4
2019-10-16 06:58:51,797 [pool-37-thread-1] INFO  server.RaftServerConfigKeys (ConfUtils.java:logGet(43)) - raft.server.log.force.sync.num = 128 (default)
2019-10-16 06:58:51,796 [pool-27-thread-1] INFO  segmented.SegmentedRaftLogWorker (SegmentedRaftLogWorker.java:<init>(173)) - new d2d597b7-f29c-4b6e-a1dc-31783afe2111@group-767F7A20ABB4-SegmentedRaftLogWorker for RaftStorage:Storage Directory /workdir/hadoop-ozone/integration-test/target/test-dir/MiniOzoneClusterImpl-ed1e4b0b-7f1c-4222-87cd-b4f9b4aaacc0/datanode-0/data/ratis/f466b838-ca87-44ef-9280-767f7a20abb4
2019-10-16 06:58:51,797 [pool-37-thread-1] INFO  server.RaftServerConfigKeys (ConfUtils.java:logGet(43)) - raft.server.log.statemachine.data.sync = true (default)
2019-10-16 06:58:51,797 [pool-47-thread-1] INFO  server.RaftServerConfigKeys (ConfUtils.java:logGet(43)) - raft.server.log.queue.byte-limit = 2147483647 (custom)
2019-10-16 06:58:51,797 [pool-37-thread-1] INFO  server.RaftServerConfigKeys (ConfUtils.java:logGet(43)) - raft.server.log.statemachine.data.sync.timeout = 10s (default)
2019-10-16 06:58:51,797 [pool-27-thread-1] INFO  server.RaftServerConfigKeys (ConfUtils.java:logGet(43)) - raft.server.log.queue.byte-limit = 2147483647 (custom)
2019-10-16 06:58:51,797 [pool-37-thread-1] INFO  server.RaftServerConfigKeys (ConfUtils.java:logGet(43)) - raft.server.log.statemachine.data.sync.timeout.retry = -1 (default)
2019-10-16 06:58:51,797 [pool-47-thread-1] INFO  server.RaftServerConfigKeys (ConfUtils.java:logGet(43)) - raft.server.log.queue.element-limit = 1024 (custom)
2019-10-16 06:58:51,797 [pool-27-thread-1] INFO  server.RaftServerConfigKeys (ConfUtils.java:logGet(43)) - raft.server.log.queue.element-limit = 1024 (custom)
2019-10-16 06:58:51,798 [pool-47-thread-1] INFO  server.RaftServerConfigKeys (ConfUtils.java:logGet(43)) - raft.server.log.segment.size.max = 1048576 (custom)
2019-10-16 06:58:51,798 [pool-37-thread-1] INFO  server.RaftServerConfigKeys (ConfUtils.java:logGet(43)) - raft.server.log.statemachine.data.caching.enabled = true (custom)
2019-10-16 06:58:51,798 [pool-47-thread-1] INFO  server.RaftServerConfigKeys (ConfUtils.java:logGet(43)) - raft.server.log.preallocated.size = 16384 (custom)
2019-10-16 06:58:51,798 [pool-27-thread-1] INFO  server.RaftServerConfigKeys (ConfUtils.java:logGet(43)) - raft.server.log.segment.size.max = 1048576 (custom)
2019-10-16 06:58:51,798 [pool-37-thread-1] INFO  segmented.SegmentedRaftLogWorker (SegmentedRaftLogWorker.java:lambda$new$0(128)) - 433771fa-af38-4628-a40e-96bcd22c3694@group-767F7A20ABB4-SegmentedRaftLogWorker: flushIndex: setUnconditionally 0 -> -1
2019-10-16 06:58:51,798 [pool-47-thread-1] INFO  server.RaftServerConfigKeys (ConfUtils.java:logGet(43)) - raft.server.log.write.buffer.size = 33554432 (custom)
2019-10-16 06:58:51,798 [pool-27-thread-1] INFO  server.RaftServerConfigKeys (ConfUtils.java:logGet(43)) - raft.server.log.preallocated.size = 16384 (custom)
2019-10-16 06:58:51,798 [pool-37-thread-1] INFO  server.RaftServerConfigKeys (ConfUtils.java:logGet(43)) - raft.server.snapshot.auto.trigger.enabled = true (custom)
2019-10-16 06:58:51,798 [pool-47-thread-1] INFO  server.RaftServerConfigKeys (ConfUtils.java:logGet(43)) - raft.server.log.force.sync.num = 128 (default)
2019-10-16 06:58:51,799 [pool-37-thread-1] INFO  server.RaftServerConfigKeys (ConfUtils.java:logGet(43)) - raft.server.snapshot.auto.trigger.threshold = 10000 (custom)
2019-10-16 06:58:51,798 [pool-27-thread-1] INFO  server.RaftServerConfigKeys (ConfUtils.java:logGet(43)) - raft.server.log.write.buffer.size = 33554432 (custom)
2019-10-16 06:58:51,799 [pool-37-thread-1] INFO  server.RaftServerConfigKeys (ConfUtils.java:logGet(43)) - raft.server.snapshot.retention.file.num = 5 (custom)
2019-10-16 06:58:51,799 [pool-47-thread-1] INFO  server.RaftServerConfigKeys (ConfUtils.java:logGet(43)) - raft.server.log.statemachine.data.sync = true (default)
2019-10-16 06:58:51,799 [pool-37-thread-1] INFO  server.RaftServerConfigKeys (ConfUtils.java:logGet(43)) - raft.server.retrycache.expirytime = 600000ms (custom)
2019-10-16 06:58:51,799 [pool-27-thread-1] INFO  server.RaftServerConfigKeys (ConfUtils.java:logGet(43)) - raft.server.log.force.sync.num = 128 (default)
2019-10-16 06:58:51,799 [pool-47-thread-1] INFO  server.RaftServerConfigKeys (ConfUtils.java:logGet(43)) - raft.server.log.statemachine.data.sync.timeout = 10s (default)
2019-10-16 06:58:51,799 [pool-27-thread-1] INFO  server.RaftServerConfigKeys (ConfUtils.java:logGet(43)) - raft.server.log.statemachine.data.sync = true (default)
2019-10-16 06:58:51,799 [pool-47-thread-1] INFO  server.RaftServerConfigKeys (ConfUtils.java:logGet(43)) - raft.server.log.statemachine.data.sync.timeout.retry = -1 (default)
2019-10-16 06:58:51,800 [pool-27-thread-1] INFO  server.RaftServerConfigKeys (ConfUtils.java:logGet(43)) - raft.server.log.statemachine.data.sync.timeout = 10s (default)
2019-10-16 06:58:51,800 [pool-27-thread-1] INFO  server.RaftServerConfigKeys (ConfUtils.java:logGet(43)) - raft.server.log.statemachine.data.sync.timeout.retry = -1 (default)
2019-10-16 06:58:51,800 [pool-47-thread-1] INFO  server.RaftServerConfigKeys (ConfUtils.java:logGet(43)) - raft.server.log.statemachine.data.caching.enabled = true (custom)
2019-10-16 06:58:51,800 [pool-27-thread-1] INFO  server.RaftServerConfigKeys (ConfUtils.java:logGet(43)) - raft.server.log.statemachine.data.caching.enabled = true (custom)
2019-10-16 06:58:51,800 [pool-27-thread-1] INFO  segmented.SegmentedRaftLogWorker (SegmentedRaftLogWorker.java:lambda$new$0(128)) - d2d597b7-f29c-4b6e-a1dc-31783afe2111@group-767F7A20ABB4-SegmentedRaftLogWorker: flushIndex: setUnconditionally 0 -> -1
2019-10-16 06:58:51,800 [pool-47-thread-1] INFO  segmented.SegmentedRaftLogWorker (SegmentedRaftLogWorker.java:lambda$new$0(128)) - 4f0a8cce-cba4-44f5-8366-0fb5fb6bef9c@group-767F7A20ABB4-SegmentedRaftLogWorker: flushIndex: setUnconditionally 0 -> -1
2019-10-16 06:58:51,800 [pool-27-thread-1] INFO  server.RaftServerConfigKeys (ConfUtils.java:logGet(43)) - raft.server.snapshot.auto.trigger.enabled = true (custom)
2019-10-16 06:58:51,801 [pool-27-thread-1] INFO  server.RaftServerConfigKeys (ConfUtils.java:logGet(43)) - raft.server.snapshot.auto.trigger.threshold = 10000 (custom)
2019-10-16 06:58:51,801 [pool-47-thread-1] INFO  server.RaftServerConfigKeys (ConfUtils.java:logGet(43)) - raft.server.snapshot.auto.trigger.enabled = true (custom)
2019-10-16 06:58:51,801 [pool-27-thread-1] INFO  server.RaftServerConfigKeys (ConfUtils.java:logGet(43)) - raft.server.snapshot.retention.file.num = 5 (custom)
2019-10-16 06:58:51,801 [pool-47-thread-1] INFO  server.RaftServerConfigKeys (ConfUtils.java:logGet(43)) - raft.server.snapshot.auto.trigger.threshold = 10000 (custom)
2019-10-16 06:58:51,801 [pool-27-thread-1] INFO  server.RaftServerConfigKeys (ConfUtils.java:logGet(43)) - raft.server.retrycache.expirytime = 600000ms (custom)
2019-10-16 06:58:51,801 [pool-47-thread-1] INFO  server.RaftServerConfigKeys (ConfUtils.java:logGet(43)) - raft.server.snapshot.retention.file.num = 5 (custom)
2019-10-16 06:58:51,801 [pool-47-thread-1] INFO  server.RaftServerConfigKeys (ConfUtils.java:logGet(43)) - raft.server.retrycache.expirytime = 600000ms (custom)
2019-10-16 06:58:51,802 [pool-37-thread-1] INFO  impl.RaftServerImpl (RaftServerImpl.java:start(195)) - 433771fa-af38-4628-a40e-96bcd22c3694@group-767F7A20ABB4: start as a follower, conf=-1: [433771fa-af38-4628-a40e-96bcd22c3694:192.168.69.68:34462, 4f0a8cce-cba4-44f5-8366-0fb5fb6bef9c:192.168.69.68:42866, d2d597b7-f29c-4b6e-a1dc-31783afe2111:192.168.69.68:40938], old=null
2019-10-16 06:58:51,802 [pool-37-thread-1] INFO  impl.RaftServerImpl (RaftServerImpl.java:setRole(184)) - 433771fa-af38-4628-a40e-96bcd22c3694@group-767F7A20ABB4: changes role from      null to FOLLOWER at term 0 for startAsFollower
2019-10-16 06:58:51,802 [pool-37-thread-1] INFO  impl.RoleInfo (RoleInfo.java:updateAndGet(143)) - 433771fa-af38-4628-a40e-96bcd22c3694: start FollowerState
2019-10-16 06:58:51,802 [pool-37-thread-1] INFO  util.JmxRegister (JmxRegister.java:tryRegister(44)) - Successfully registered JMX Bean with object name Ratis:service=RaftServer,group=group-767F7A20ABB4,id=433771fa-af38-4628-a40e-96bcd22c3694
2019-10-16 06:58:51,804 [pool-27-thread-1] INFO  impl.RaftServerImpl (RaftServerImpl.java:start(195)) - d2d597b7-f29c-4b6e-a1dc-31783afe2111@group-767F7A20ABB4: start as a follower, conf=-1: [433771fa-af38-4628-a40e-96bcd22c3694:192.168.69.68:34462, 4f0a8cce-cba4-44f5-8366-0fb5fb6bef9c:192.168.69.68:42866, d2d597b7-f29c-4b6e-a1dc-31783afe2111:192.168.69.68:40938], old=null
2019-10-16 06:58:51,804 [pool-27-thread-1] INFO  impl.RaftServerImpl (RaftServerImpl.java:setRole(184)) - d2d597b7-f29c-4b6e-a1dc-31783afe2111@group-767F7A20ABB4: changes role from      null to FOLLOWER at term 0 for startAsFollower
2019-10-16 06:58:51,805 [pool-27-thread-1] INFO  impl.RoleInfo (RoleInfo.java:updateAndGet(143)) - d2d597b7-f29c-4b6e-a1dc-31783afe2111: start FollowerState
2019-10-16 06:58:51,805 [pool-47-thread-1] INFO  impl.RaftServerImpl (RaftServerImpl.java:start(195)) - 4f0a8cce-cba4-44f5-8366-0fb5fb6bef9c@group-767F7A20ABB4: start as a follower, conf=-1: [433771fa-af38-4628-a40e-96bcd22c3694:192.168.69.68:34462, 4f0a8cce-cba4-44f5-8366-0fb5fb6bef9c:192.168.69.68:42866, d2d597b7-f29c-4b6e-a1dc-31783afe2111:192.168.69.68:40938], old=null
2019-10-16 06:58:51,805 [pool-47-thread-1] INFO  impl.RaftServerImpl (RaftServerImpl.java:setRole(184)) - 4f0a8cce-cba4-44f5-8366-0fb5fb6bef9c@group-767F7A20ABB4: changes role from      null to FOLLOWER at term 0 for startAsFollower
2019-10-16 06:58:51,805 [pool-27-thread-1] INFO  util.JmxRegister (JmxRegister.java:tryRegister(44)) - Successfully registered JMX Bean with object name Ratis:service=RaftServer,group=group-767F7A20ABB4,id=d2d597b7-f29c-4b6e-a1dc-31783afe2111
2019-10-16 06:58:51,805 [pool-47-thread-1] INFO  impl.RoleInfo (RoleInfo.java:updateAndGet(143)) - 4f0a8cce-cba4-44f5-8366-0fb5fb6bef9c: start FollowerState
2019-10-16 06:58:51,805 [pool-47-thread-1] INFO  util.JmxRegister (JmxRegister.java:tryRegister(44)) - Successfully registered JMX Bean with object name Ratis:service=RaftServer,group=group-767F7A20ABB4,id=4f0a8cce-cba4-44f5-8366-0fb5fb6bef9c
2019-10-16 06:58:51,806 [4f0a8cce-cba4-44f5-8366-0fb5fb6bef9c@group-8191F0FE2924-LeaderElection2] INFO  impl.LeaderElection (LeaderElection.java:askForVotes(178)) - 4f0a8cce-cba4-44f5-8366-0fb5fb6bef9c@group-8191F0FE2924-LeaderElection2: begin an election at term 1 for -1: [4f0a8cce-cba4-44f5-8366-0fb5fb6bef9c:192.168.69.68:42866], old=null
2019-10-16 06:58:51,807 [4f0a8cce-cba4-44f5-8366-0fb5fb6bef9c@group-8191F0FE2924-LeaderElection2] INFO  impl.RoleInfo (RoleInfo.java:shutdownLeaderElection(134)) - 4f0a8cce-cba4-44f5-8366-0fb5fb6bef9c: shutdown LeaderElection
2019-10-16 06:58:51,808 [4f0a8cce-cba4-44f5-8366-0fb5fb6bef9c@group-8191F0FE2924-LeaderElection2] INFO  impl.RaftServerImpl (RaftServerImpl.java:setRole(184)) - 4f0a8cce-cba4-44f5-8366-0fb5fb6bef9c@group-8191F0FE2924: changes role from CANDIDATE to LEADER at term 1 for changeToLeader
2019-10-16 06:58:51,808 [4f0a8cce-cba4-44f5-8366-0fb5fb6bef9c@group-8191F0FE2924-LeaderElection2] INFO  impl.RaftServerImpl (ServerState.java:setLeader(256)) - 4f0a8cce-cba4-44f5-8366-0fb5fb6bef9c@group-8191F0FE2924: change Leader from null to 4f0a8cce-cba4-44f5-8366-0fb5fb6bef9c at term 1 for becomeLeader, leader elected after 197ms
2019-10-16 06:58:51,809 [4f0a8cce-cba4-44f5-8366-0fb5fb6bef9c@group-8191F0FE2924-LeaderElection2] INFO  server.RaftServerConfigKeys (ConfUtils.java:logGet(43)) - raft.server.staging.catchup.gap = 1000 (default)
2019-10-16 06:58:51,810 [4f0a8cce-cba4-44f5-8366-0fb5fb6bef9c@group-8191F0FE2924-LeaderElection2] INFO  server.RaftServerConfigKeys (ConfUtils.java:logGet(43)) - raft.server.rpc.sleep.time = 25ms (default)
2019-10-16 06:58:51,810 [4f0a8cce-cba4-44f5-8366-0fb5fb6bef9c@group-8191F0FE2924-LeaderElection2] INFO  server.RaftServerConfigKeys (ConfUtils.java:logGet(43)) - raft.server.write.element-limit = 4096 (default)
2019-10-16 06:58:51,811 [4f0a8cce-cba4-44f5-8366-0fb5fb6bef9c@group-8191F0FE2924-LeaderElection2] INFO  server.RaftServerConfigKeys (ConfUtils.java:logGet(43)) - raft.server.watch.timeout = 10s (default)
2019-10-16 06:58:51,811 [4f0a8cce-cba4-44f5-8366-0fb5fb6bef9c@group-8191F0FE2924-LeaderElection2] INFO  server.RaftServerConfigKeys (ConfUtils.java:logGet(43)) - raft.server.watch.timeout.denomination = 1s (default)
2019-10-16 06:58:51,812 [4f0a8cce-cba4-44f5-8366-0fb5fb6bef9c@group-8191F0FE2924-LeaderElection2] INFO  server.RaftServerConfigKeys (ConfUtils.java:logGet(43)) - raft.server.watch.element-limit = 65536 (default)
2019-10-16 06:58:51,816 [Thread-194] INFO  impl.FollowerState (FollowerState.java:run(108)) - 433771fa-af38-4628-a40e-96bcd22c3694@group-0584787A22C1-FollowerState: change to CANDIDATE, lastRpcTime:95ms, electionTimeout:93ms
2019-10-16 06:58:51,817 [Thread-194] INFO  impl.RoleInfo (RoleInfo.java:shutdownFollowerState(121)) - 433771fa-af38-4628-a40e-96bcd22c3694: shutdown FollowerState
2019-10-16 06:58:51,817 [Thread-194] INFO  impl.RaftServerImpl (RaftServerImpl.java:setRole(184)) - 433771fa-af38-4628-a40e-96bcd22c3694@group-0584787A22C1: changes role from  FOLLOWER to CANDIDATE at term 0 for changeToCandidate
2019-10-16 06:58:51,818 [Thread-194] INFO  impl.RoleInfo (RoleInfo.java:updateAndGet(143)) - 433771fa-af38-4628-a40e-96bcd22c3694: start LeaderElection
2019-10-16 06:58:51,827 [4f0a8cce-cba4-44f5-8366-0fb5fb6bef9c@group-8191F0FE2924-LeaderElection2] INFO  impl.RoleInfo (RoleInfo.java:updateAndGet(143)) - 4f0a8cce-cba4-44f5-8366-0fb5fb6bef9c: start LeaderState
2019-10-16 06:58:51,828 [4f0a8cce-cba4-44f5-8366-0fb5fb6bef9c@group-8191F0FE2924-LeaderElection2] INFO  segmented.SegmentedRaftLogWorker (SegmentedRaftLogWorker.java:startLogSegment(385)) - 4f0a8cce-cba4-44f5-8366-0fb5fb6bef9c@group-8191F0FE2924-SegmentedRaftLogWorker: Starting segment from index:0
2019-10-16 06:58:51,828 [4f0a8cce-cba4-44f5-8366-0fb5fb6bef9c@group-8191F0FE2924-LeaderElection2] INFO  impl.RaftServerImpl (ServerState.java:setRaftConf(357)) - 4f0a8cce-cba4-44f5-8366-0fb5fb6bef9c@group-8191F0FE2924: set configuration 0: [4f0a8cce-cba4-44f5-8366-0fb5fb6bef9c:192.168.69.68:42866], old=null at 0
2019-10-16 06:58:51,829 [RatisPipelineUtilsThread] INFO  pipeline.PipelineStateManager (PipelineStateManager.java:addPipeline(56)) - Created pipeline Pipeline[ Id: f466b838-ca87-44ef-9280-767f7a20abb4, Nodes: 4f0a8cce-cba4-44f5-8366-0fb5fb6bef9c{ip: 192.168.69.68, host: pr-hdds-2313-mzbf2-1866299523, networkLocation: /default-rack, certSerialId: null}433771fa-af38-4628-a40e-96bcd22c3694{ip: 192.168.69.68, host: pr-hdds-2313-mzbf2-1866299523, networkLocation: /default-rack, certSerialId: null}d2d597b7-f29c-4b6e-a1dc-31783afe2111{ip: 192.168.69.68, host: pr-hdds-2313-mzbf2-1866299523, networkLocation: /default-rack, certSerialId: null}, Type:RATIS, Factor:THREE, State:OPEN]
2019-10-16 06:58:51,835 [433771fa-af38-4628-a40e-96bcd22c3694@group-0584787A22C1-LeaderElection3] INFO  impl.LeaderElection (LeaderElection.java:askForVotes(178)) - 433771fa-af38-4628-a40e-96bcd22c3694@group-0584787A22C1-LeaderElection3: begin an election at term 1 for -1: [433771fa-af38-4628-a40e-96bcd22c3694:192.168.69.68:34462], old=null
2019-10-16 06:58:51,836 [433771fa-af38-4628-a40e-96bcd22c3694@group-0584787A22C1-LeaderElection3] INFO  impl.RoleInfo (RoleInfo.java:shutdownLeaderElection(134)) - 433771fa-af38-4628-a40e-96bcd22c3694: shutdown LeaderElection
2019-10-16 06:58:51,836 [433771fa-af38-4628-a40e-96bcd22c3694@group-0584787A22C1-LeaderElection3] INFO  impl.RaftServerImpl (RaftServerImpl.java:setRole(184)) - 433771fa-af38-4628-a40e-96bcd22c3694@group-0584787A22C1: changes role from CANDIDATE to LEADER at term 1 for changeToLeader
2019-10-16 06:58:51,836 [433771fa-af38-4628-a40e-96bcd22c3694@group-0584787A22C1-LeaderElection3] INFO  impl.RaftServerImpl (ServerState.java:setLeader(256)) - 433771fa-af38-4628-a40e-96bcd22c3694@group-0584787A22C1: change Leader from null to 433771fa-af38-4628-a40e-96bcd22c3694 at term 1 for becomeLeader, leader elected after 125ms
2019-10-16 06:58:51,836 [433771fa-af38-4628-a40e-96bcd22c3694@group-0584787A22C1-LeaderElection3] INFO  server.RaftServerConfigKeys (ConfUtils.java:logGet(43)) - raft.server.staging.catchup.gap = 1000 (default)
2019-10-16 06:58:51,836 [433771fa-af38-4628-a40e-96bcd22c3694@group-0584787A22C1-LeaderElection3] INFO  server.RaftServerConfigKeys (ConfUtils.java:logGet(43)) - raft.server.rpc.sleep.time = 25ms (default)
2019-10-16 06:58:51,836 [433771fa-af38-4628-a40e-96bcd22c3694@group-0584787A22C1-LeaderElection3] INFO  server.RaftServerConfigKeys (ConfUtils.java:logGet(43)) - raft.server.write.element-limit = 4096 (default)
2019-10-16 06:58:51,837 [433771fa-af38-4628-a40e-96bcd22c3694@group-0584787A22C1-LeaderElection3] INFO  server.RaftServerConfigKeys (ConfUtils.java:logGet(43)) - raft.server.watch.timeout = 10s (default)
2019-10-16 06:58:51,837 [433771fa-af38-4628-a40e-96bcd22c3694@group-0584787A22C1-LeaderElection3] INFO  server.RaftServerConfigKeys (ConfUtils.java:logGet(43)) - raft.server.watch.timeout.denomination = 1s (default)
2019-10-16 06:58:51,837 [433771fa-af38-4628-a40e-96bcd22c3694@group-0584787A22C1-LeaderElection3] INFO  server.RaftServerConfigKeys (ConfUtils.java:logGet(43)) - raft.server.watch.element-limit = 65536 (default)
2019-10-16 06:58:51,839 [433771fa-af38-4628-a40e-96bcd22c3694@group-0584787A22C1-LeaderElection3] INFO  impl.RoleInfo (RoleInfo.java:updateAndGet(143)) - 433771fa-af38-4628-a40e-96bcd22c3694: start LeaderState
2019-10-16 06:58:51,840 [433771fa-af38-4628-a40e-96bcd22c3694@group-0584787A22C1-LeaderElection3] INFO  segmented.SegmentedRaftLogWorker (SegmentedRaftLogWorker.java:startLogSegment(385)) - 433771fa-af38-4628-a40e-96bcd22c3694@group-0584787A22C1-SegmentedRaftLogWorker: Starting segment from index:0
2019-10-16 06:58:51,840 [433771fa-af38-4628-a40e-96bcd22c3694@group-0584787A22C1-LeaderElection3] INFO  impl.RaftServerImpl (ServerState.java:setRaftConf(357)) - 433771fa-af38-4628-a40e-96bcd22c3694@group-0584787A22C1: set configuration 0: [433771fa-af38-4628-a40e-96bcd22c3694:192.168.69.68:34462], old=null at 0
2019-10-16 06:58:51,908 [d2d597b7-f29c-4b6e-a1dc-31783afe2111@group-96BA6F6BF2B0-SegmentedRaftLogWorker] INFO  segmented.SegmentedRaftLogWorker (SegmentedRaftLogWorker.java:execute(576)) - d2d597b7-f29c-4b6e-a1dc-31783afe2111@group-96BA6F6BF2B0-SegmentedRaftLogWorker: created new log segment /workdir/hadoop-ozone/integration-test/target/test-dir/MiniOzoneClusterImpl-ed1e4b0b-7f1c-4222-87cd-b4f9b4aaacc0/datanode-0/data/ratis/4bc50a9a-1716-4603-a044-96ba6f6bf2b0/current/log_inprogress_0
2019-10-16 06:58:51,908 [433771fa-af38-4628-a40e-96bcd22c3694@group-0584787A22C1-SegmentedRaftLogWorker] INFO  segmented.SegmentedRaftLogWorker (SegmentedRaftLogWorker.java:execute(576)) - 433771fa-af38-4628-a40e-96bcd22c3694@group-0584787A22C1-SegmentedRaftLogWorker: created new log segment /workdir/hadoop-ozone/integration-test/target/test-dir/MiniOzoneClusterImpl-ed1e4b0b-7f1c-4222-87cd-b4f9b4aaacc0/datanode-1/data/ratis/2ed8081c-05ec-4908-a7ee-0584787a22c1/current/log_inprogress_0
2019-10-16 06:58:51,908 [4f0a8cce-cba4-44f5-8366-0fb5fb6bef9c@group-8191F0FE2924-SegmentedRaftLogWorker] INFO  segmented.SegmentedRaftLogWorker (SegmentedRaftLogWorker.java:execute(576)) - 4f0a8cce-cba4-44f5-8366-0fb5fb6bef9c@group-8191F0FE2924-SegmentedRaftLogWorker: created new log segment /workdir/hadoop-ozone/integration-test/target/test-dir/MiniOzoneClusterImpl-ed1e4b0b-7f1c-4222-87cd-b4f9b4aaacc0/datanode-2/data/ratis/f6b9c1f1-d029-40c7-8c5e-8191f0fe2924/current/log_inprogress_0
2019-10-16 06:58:51,944 [Thread-200] INFO  impl.FollowerState (FollowerState.java:run(108)) - 433771fa-af38-4628-a40e-96bcd22c3694@group-767F7A20ABB4-FollowerState: change to CANDIDATE, lastRpcTime:141ms, electionTimeout:141ms
2019-10-16 06:58:51,944 [Thread-200] INFO  impl.RoleInfo (RoleInfo.java:shutdownFollowerState(121)) - 433771fa-af38-4628-a40e-96bcd22c3694: shutdown FollowerState
2019-10-16 06:58:51,944 [Thread-200] INFO  impl.RaftServerImpl (RaftServerImpl.java:setRole(184)) - 433771fa-af38-4628-a40e-96bcd22c3694@group-767F7A20ABB4: changes role from  FOLLOWER to CANDIDATE at term 0 for changeToCandidate
2019-10-16 06:58:51,944 [Thread-200] INFO  impl.RoleInfo (RoleInfo.java:updateAndGet(143)) - 433771fa-af38-4628-a40e-96bcd22c3694: start LeaderElection
2019-10-16 06:58:51,947 [main] INFO  ozone.MiniOzoneClusterImpl (MiniOzoneClusterImpl.java:lambda$waitForClusterToBeReady$0(147)) - Cluster is ready. Got 3 of 3 DN Heartbeats.
2019-10-16 06:58:51,949 [Thread-202] INFO  impl.FollowerState (FollowerState.java:run(108)) - 4f0a8cce-cba4-44f5-8366-0fb5fb6bef9c@group-767F7A20ABB4-FollowerState: change to CANDIDATE, lastRpcTime:144ms, electionTimeout:144ms
2019-10-16 06:58:51,950 [Thread-202] INFO  impl.RoleInfo (RoleInfo.java:shutdownFollowerState(121)) - 4f0a8cce-cba4-44f5-8366-0fb5fb6bef9c: shutdown FollowerState
2019-10-16 06:58:51,950 [Thread-202] INFO  impl.RaftServerImpl (RaftServerImpl.java:setRole(184)) - 4f0a8cce-cba4-44f5-8366-0fb5fb6bef9c@group-767F7A20ABB4: changes role from  FOLLOWER to CANDIDATE at term 0 for changeToCandidate
2019-10-16 06:58:51,950 [Thread-202] INFO  impl.RoleInfo (RoleInfo.java:updateAndGet(143)) - 4f0a8cce-cba4-44f5-8366-0fb5fb6bef9c: start LeaderElection
2019-10-16 06:58:51,960 [4f0a8cce-cba4-44f5-8366-0fb5fb6bef9c@group-767F7A20ABB4-LeaderElection5] INFO  impl.LeaderElection (LeaderElection.java:askForVotes(178)) - 4f0a8cce-cba4-44f5-8366-0fb5fb6bef9c@group-767F7A20ABB4-LeaderElection5: begin an election at term 1 for -1: [433771fa-af38-4628-a40e-96bcd22c3694:192.168.69.68:34462, 4f0a8cce-cba4-44f5-8366-0fb5fb6bef9c:192.168.69.68:42866, d2d597b7-f29c-4b6e-a1dc-31783afe2111:192.168.69.68:40938], old=null
2019-10-16 06:58:51,960 [433771fa-af38-4628-a40e-96bcd22c3694@group-767F7A20ABB4-LeaderElection4] INFO  impl.LeaderElection (LeaderElection.java:askForVotes(178)) - 433771fa-af38-4628-a40e-96bcd22c3694@group-767F7A20ABB4-LeaderElection4: begin an election at term 1 for -1: [433771fa-af38-4628-a40e-96bcd22c3694:192.168.69.68:34462, 4f0a8cce-cba4-44f5-8366-0fb5fb6bef9c:192.168.69.68:42866, d2d597b7-f29c-4b6e-a1dc-31783afe2111:192.168.69.68:40938], old=null
2019-10-16 06:58:51,965 [Thread-201] INFO  impl.FollowerState (FollowerState.java:run(108)) - d2d597b7-f29c-4b6e-a1dc-31783afe2111@group-767F7A20ABB4-FollowerState: change to CANDIDATE, lastRpcTime:160ms, electionTimeout:160ms
2019-10-16 06:58:51,965 [Thread-201] INFO  impl.RoleInfo (RoleInfo.java:shutdownFollowerState(121)) - d2d597b7-f29c-4b6e-a1dc-31783afe2111: shutdown FollowerState
2019-10-16 06:58:51,965 [Thread-201] INFO  impl.RaftServerImpl (RaftServerImpl.java:setRole(184)) - d2d597b7-f29c-4b6e-a1dc-31783afe2111@group-767F7A20ABB4: changes role from  FOLLOWER to CANDIDATE at term 0 for changeToCandidate
2019-10-16 06:58:51,966 [Thread-201] INFO  impl.RoleInfo (RoleInfo.java:updateAndGet(143)) - d2d597b7-f29c-4b6e-a1dc-31783afe2111: start LeaderElection
2019-10-16 06:58:51,983 [d2d597b7-f29c-4b6e-a1dc-31783afe2111@group-767F7A20ABB4-LeaderElection6] INFO  impl.LeaderElection (LeaderElection.java:askForVotes(178)) - d2d597b7-f29c-4b6e-a1dc-31783afe2111@group-767F7A20ABB4-LeaderElection6: begin an election at term 1 for -1: [433771fa-af38-4628-a40e-96bcd22c3694:192.168.69.68:34462, 4f0a8cce-cba4-44f5-8366-0fb5fb6bef9c:192.168.69.68:42866, d2d597b7-f29c-4b6e-a1dc-31783afe2111:192.168.69.68:40938], old=null
2019-10-16 06:58:52,025 [433771fa-af38-4628-a40e-96bcd22c3694@group-767F7A20ABB4-LeaderElection4] INFO  impl.LeaderElection (LeaderElection.java:logAndReturn(56)) - 433771fa-af38-4628-a40e-96bcd22c3694@group-767F7A20ABB4-LeaderElection4: Election REJECTED; received 2 response(s) [433771fa-af38-4628-a40e-96bcd22c3694<-4f0a8cce-cba4-44f5-8366-0fb5fb6bef9c#0:FAIL-t1, 433771fa-af38-4628-a40e-96bcd22c3694<-d2d597b7-f29c-4b6e-a1dc-31783afe2111#0:FAIL-t1] and 0 exception(s); 433771fa-af38-4628-a40e-96bcd22c3694@group-767F7A20ABB4:t1, leader=null, voted=433771fa-af38-4628-a40e-96bcd22c3694, raftlog=433771fa-af38-4628-a40e-96bcd22c3694@group-767F7A20ABB4-SegmentedRaftLog:OPENED:c-1,f-1,i0, conf=-1: [433771fa-af38-4628-a40e-96bcd22c3694:192.168.69.68:34462, 4f0a8cce-cba4-44f5-8366-0fb5fb6bef9c:192.168.69.68:42866, d2d597b7-f29c-4b6e-a1dc-31783afe2111:192.168.69.68:40938], old=null
2019-10-16 06:58:52,026 [d2d597b7-f29c-4b6e-a1dc-31783afe2111@group-767F7A20ABB4-LeaderElection6] INFO  impl.LeaderElection (LeaderElection.java:logAndReturn(56)) - d2d597b7-f29c-4b6e-a1dc-31783afe2111@group-767F7A20ABB4-LeaderElection6: Election REJECTED; received 2 response(s) [d2d597b7-f29c-4b6e-a1dc-31783afe2111<-433771fa-af38-4628-a40e-96bcd22c3694#0:FAIL-t1, d2d597b7-f29c-4b6e-a1dc-31783afe2111<-4f0a8cce-cba4-44f5-8366-0fb5fb6bef9c#0:FAIL-t1] and 0 exception(s); d2d597b7-f29c-4b6e-a1dc-31783afe2111@group-767F7A20ABB4:t1, leader=null, voted=d2d597b7-f29c-4b6e-a1dc-31783afe2111, raftlog=d2d597b7-f29c-4b6e-a1dc-31783afe2111@group-767F7A20ABB4-SegmentedRaftLog:OPENED:c-1,f-1,i0, conf=-1: [433771fa-af38-4628-a40e-96bcd22c3694:192.168.69.68:34462, 4f0a8cce-cba4-44f5-8366-0fb5fb6bef9c:192.168.69.68:42866, d2d597b7-f29c-4b6e-a1dc-31783afe2111:192.168.69.68:40938], old=null
2019-10-16 06:58:52,028 [433771fa-af38-4628-a40e-96bcd22c3694@group-767F7A20ABB4-LeaderElection4] INFO  impl.RaftServerImpl (RaftServerImpl.java:setRole(184)) - 433771fa-af38-4628-a40e-96bcd22c3694@group-767F7A20ABB4: changes role from CANDIDATE to FOLLOWER at term 1 for DISCOVERED_A_NEW_TERM
2019-10-16 06:58:52,028 [d2d597b7-f29c-4b6e-a1dc-31783afe2111@group-767F7A20ABB4-LeaderElection6] INFO  impl.RaftServerImpl (RaftServerImpl.java:setRole(184)) - d2d597b7-f29c-4b6e-a1dc-31783afe2111@group-767F7A20ABB4: changes role from CANDIDATE to FOLLOWER at term 1 for DISCOVERED_A_NEW_TERM
2019-10-16 06:58:52,034 [433771fa-af38-4628-a40e-96bcd22c3694@group-767F7A20ABB4-LeaderElection4] INFO  impl.RoleInfo (RoleInfo.java:shutdownLeaderElection(134)) - 433771fa-af38-4628-a40e-96bcd22c3694: shutdown LeaderElection
2019-10-16 06:58:52,034 [d2d597b7-f29c-4b6e-a1dc-31783afe2111@group-767F7A20ABB4-LeaderElection6] INFO  impl.RoleInfo (RoleInfo.java:shutdownLeaderElection(134)) - d2d597b7-f29c-4b6e-a1dc-31783afe2111: shutdown LeaderElection
2019-10-16 06:58:52,035 [433771fa-af38-4628-a40e-96bcd22c3694@group-767F7A20ABB4-LeaderElection4] INFO  impl.RoleInfo (RoleInfo.java:updateAndGet(143)) - 433771fa-af38-4628-a40e-96bcd22c3694: start FollowerState
2019-10-16 06:58:52,035 [d2d597b7-f29c-4b6e-a1dc-31783afe2111@group-767F7A20ABB4-LeaderElection6] INFO  impl.RoleInfo (RoleInfo.java:updateAndGet(143)) - d2d597b7-f29c-4b6e-a1dc-31783afe2111: start FollowerState
2019-10-16 06:58:52,037 [4f0a8cce-cba4-44f5-8366-0fb5fb6bef9c@group-767F7A20ABB4-LeaderElection5] INFO  impl.LeaderElection (LeaderElection.java:logAndReturn(56)) - 4f0a8cce-cba4-44f5-8366-0fb5fb6bef9c@group-767F7A20ABB4-LeaderElection5: Election REJECTED; received 2 response(s) [4f0a8cce-cba4-44f5-8366-0fb5fb6bef9c<-433771fa-af38-4628-a40e-96bcd22c3694#0:FAIL-t1, 4f0a8cce-cba4-44f5-8366-0fb5fb6bef9c<-d2d597b7-f29c-4b6e-a1dc-31783afe2111#0:FAIL-t1] and 0 exception(s); 4f0a8cce-cba4-44f5-8366-0fb5fb6bef9c@group-767F7A20ABB4:t1, leader=null, voted=4f0a8cce-cba4-44f5-8366-0fb5fb6bef9c, raftlog=4f0a8cce-cba4-44f5-8366-0fb5fb6bef9c@group-767F7A20ABB4-SegmentedRaftLog:OPENED:c-1,f-1,i0, conf=-1: [433771fa-af38-4628-a40e-96bcd22c3694:192.168.69.68:34462, 4f0a8cce-cba4-44f5-8366-0fb5fb6bef9c:192.168.69.68:42866, d2d597b7-f29c-4b6e-a1dc-31783afe2111:192.168.69.68:40938], old=null
2019-10-16 06:58:52,037 [4f0a8cce-cba4-44f5-8366-0fb5fb6bef9c@group-767F7A20ABB4-LeaderElection5] INFO  impl.RaftServerImpl (RaftServerImpl.java:setRole(184)) - 4f0a8cce-cba4-44f5-8366-0fb5fb6bef9c@group-767F7A20ABB4: changes role from CANDIDATE to FOLLOWER at term 1 for DISCOVERED_A_NEW_TERM
2019-10-16 06:58:52,037 [4f0a8cce-cba4-44f5-8366-0fb5fb6bef9c@group-767F7A20ABB4-LeaderElection5] INFO  impl.RoleInfo (RoleInfo.java:shutdownLeaderElection(134)) - 4f0a8cce-cba4-44f5-8366-0fb5fb6bef9c: shutdown LeaderElection
2019-10-16 06:58:52,039 [4f0a8cce-cba4-44f5-8366-0fb5fb6bef9c@group-767F7A20ABB4-LeaderElection5] INFO  impl.RoleInfo (RoleInfo.java:updateAndGet(143)) - 4f0a8cce-cba4-44f5-8366-0fb5fb6bef9c: start FollowerState
2019-10-16 06:58:52,135 [Thread-221] INFO  impl.FollowerState (FollowerState.java:run(108)) - 433771fa-af38-4628-a40e-96bcd22c3694@group-767F7A20ABB4-FollowerState: change to CANDIDATE, lastRpcTime:100ms, electionTimeout:99ms
2019-10-16 06:58:52,137 [Thread-221] INFO  impl.RoleInfo (RoleInfo.java:shutdownFollowerState(121)) - 433771fa-af38-4628-a40e-96bcd22c3694: shutdown FollowerState
2019-10-16 06:58:52,137 [Thread-221] INFO  impl.RaftServerImpl (RaftServerImpl.java:setRole(184)) - 433771fa-af38-4628-a40e-96bcd22c3694@group-767F7A20ABB4: changes role from  FOLLOWER to CANDIDATE at term 1 for changeToCandidate
2019-10-16 06:58:52,137 [Thread-221] INFO  impl.RoleInfo (RoleInfo.java:updateAndGet(143)) - 433771fa-af38-4628-a40e-96bcd22c3694: start LeaderElection
2019-10-16 06:58:52,139 [Thread-223] INFO  impl.FollowerState (FollowerState.java:run(108)) - 4f0a8cce-cba4-44f5-8366-0fb5fb6bef9c@group-767F7A20ABB4-FollowerState: change to CANDIDATE, lastRpcTime:100ms, electionTimeout:99ms
2019-10-16 06:58:52,139 [Thread-223] INFO  impl.RoleInfo (RoleInfo.java:shutdownFollowerState(121)) - 4f0a8cce-cba4-44f5-8366-0fb5fb6bef9c: shutdown FollowerState
2019-10-16 06:58:52,139 [Thread-223] INFO  impl.RaftServerImpl (RaftServerImpl.java:setRole(184)) - 4f0a8cce-cba4-44f5-8366-0fb5fb6bef9c@group-767F7A20ABB4: changes role from  FOLLOWER to CANDIDATE at term 1 for changeToCandidate
2019-10-16 06:58:52,140 [Thread-223] INFO  impl.RoleInfo (RoleInfo.java:updateAndGet(143)) - 4f0a8cce-cba4-44f5-8366-0fb5fb6bef9c: start LeaderElection
2019-10-16 06:58:52,153 [4f0a8cce-cba4-44f5-8366-0fb5fb6bef9c@group-767F7A20ABB4-LeaderElection8] INFO  impl.LeaderElection (LeaderElection.java:askForVotes(178)) - 4f0a8cce-cba4-44f5-8366-0fb5fb6bef9c@group-767F7A20ABB4-LeaderElection8: begin an election at term 2 for -1: [433771fa-af38-4628-a40e-96bcd22c3694:192.168.69.68:34462, 4f0a8cce-cba4-44f5-8366-0fb5fb6bef9c:192.168.69.68:42866, d2d597b7-f29c-4b6e-a1dc-31783afe2111:192.168.69.68:40938], old=null
2019-10-16 06:58:52,153 [433771fa-af38-4628-a40e-96bcd22c3694@group-767F7A20ABB4-LeaderElection7] INFO  impl.LeaderElection (LeaderElection.java:askForVotes(178)) - 433771fa-af38-4628-a40e-96bcd22c3694@group-767F7A20ABB4-LeaderElection7: begin an election at term 2 for -1: [433771fa-af38-4628-a40e-96bcd22c3694:192.168.69.68:34462, 4f0a8cce-cba4-44f5-8366-0fb5fb6bef9c:192.168.69.68:42866, d2d597b7-f29c-4b6e-a1dc-31783afe2111:192.168.69.68:40938], old=null
2019-10-16 06:58:52,161 [grpc-default-executor-0] INFO  impl.RaftServerImpl (RaftServerImpl.java:setRole(184)) - d2d597b7-f29c-4b6e-a1dc-31783afe2111@group-767F7A20ABB4: changes role from  FOLLOWER to FOLLOWER at term 2 for recognizeCandidate:433771fa-af38-4628-a40e-96bcd22c3694
2019-10-16 06:58:52,161 [grpc-default-executor-0] INFO  impl.RoleInfo (RoleInfo.java:shutdownFollowerState(121)) - d2d597b7-f29c-4b6e-a1dc-31783afe2111: shutdown FollowerState
2019-10-16 06:58:52,161 [grpc-default-executor-0] INFO  impl.RoleInfo (RoleInfo.java:updateAndGet(143)) - d2d597b7-f29c-4b6e-a1dc-31783afe2111: start FollowerState
2019-10-16 06:58:52,161 [Thread-222] INFO  impl.FollowerState (FollowerState.java:run(117)) - d2d597b7-f29c-4b6e-a1dc-31783afe2111@group-767F7A20ABB4-FollowerState was interrupted: java.lang.InterruptedException: sleep interrupted
2019-10-16 06:58:52,185 [Thread-231] INFO  impl.FollowerState (FollowerState.java:run(108)) - d2d597b7-f29c-4b6e-a1dc-31783afe2111@group-767F7A20ABB4-FollowerState: change to CANDIDATE, lastRpcTime:23ms, electionTimeout:20ms
2019-10-16 06:58:52,185 [Thread-231] INFO  impl.RoleInfo (RoleInfo.java:shutdownFollowerState(121)) - d2d597b7-f29c-4b6e-a1dc-31783afe2111: shutdown FollowerState
2019-10-16 06:58:52,185 [Thread-231] INFO  impl.RaftServerImpl (RaftServerImpl.java:setRole(184)) - d2d597b7-f29c-4b6e-a1dc-31783afe2111@group-767F7A20ABB4: changes role from  FOLLOWER to CANDIDATE at term 2 for changeToCandidate
2019-10-16 06:58:52,186 [Thread-231] INFO  impl.RoleInfo (RoleInfo.java:updateAndGet(143)) - d2d597b7-f29c-4b6e-a1dc-31783afe2111: start LeaderElection
2019-10-16 06:58:52,186 [433771fa-af38-4628-a40e-96bcd22c3694@group-767F7A20ABB4-LeaderElection7] INFO  impl.LeaderElection (LeaderElection.java:logAndReturn(56)) - 433771fa-af38-4628-a40e-96bcd22c3694@group-767F7A20ABB4-LeaderElection7: Election PASSED; received 2 response(s) [433771fa-af38-4628-a40e-96bcd22c3694<-4f0a8cce-cba4-44f5-8366-0fb5fb6bef9c#0:FAIL-t2, 433771fa-af38-4628-a40e-96bcd22c3694<-d2d597b7-f29c-4b6e-a1dc-31783afe2111#0:OK-t2] and 0 exception(s); 433771fa-af38-4628-a40e-96bcd22c3694@group-767F7A20ABB4:t2, leader=null, voted=433771fa-af38-4628-a40e-96bcd22c3694, raftlog=433771fa-af38-4628-a40e-96bcd22c3694@group-767F7A20ABB4-SegmentedRaftLog:OPENED:c-1,f-1,i0, conf=-1: [433771fa-af38-4628-a40e-96bcd22c3694:192.168.69.68:34462, 4f0a8cce-cba4-44f5-8366-0fb5fb6bef9c:192.168.69.68:42866, d2d597b7-f29c-4b6e-a1dc-31783afe2111:192.168.69.68:40938], old=null
2019-10-16 06:58:52,187 [433771fa-af38-4628-a40e-96bcd22c3694@group-767F7A20ABB4-LeaderElection7] INFO  impl.RoleInfo (RoleInfo.java:shutdownLeaderElection(134)) - 433771fa-af38-4628-a40e-96bcd22c3694: shutdown LeaderElection
2019-10-16 06:58:52,188 [433771fa-af38-4628-a40e-96bcd22c3694@group-767F7A20ABB4-LeaderElection7] INFO  impl.RaftServerImpl (RaftServerImpl.java:setRole(184)) - 433771fa-af38-4628-a40e-96bcd22c3694@group-767F7A20ABB4: changes role from CANDIDATE to LEADER at term 2 for changeToLeader
2019-10-16 06:58:52,188 [4f0a8cce-cba4-44f5-8366-0fb5fb6bef9c@group-767F7A20ABB4-LeaderElection8] INFO  impl.LeaderElection (LeaderElection.java:logAndReturn(56)) - 4f0a8cce-cba4-44f5-8366-0fb5fb6bef9c@group-767F7A20ABB4-LeaderElection8: Election REJECTED; received 2 response(s) [4f0a8cce-cba4-44f5-8366-0fb5fb6bef9c<-433771fa-af38-4628-a40e-96bcd22c3694#0:FAIL-t2, 4f0a8cce-cba4-44f5-8366-0fb5fb6bef9c<-d2d597b7-f29c-4b6e-a1dc-31783afe2111#0:FAIL-t2] and 0 exception(s); 4f0a8cce-cba4-44f5-8366-0fb5fb6bef9c@group-767F7A20ABB4:t2, leader=null, voted=4f0a8cce-cba4-44f5-8366-0fb5fb6bef9c, raftlog=4f0a8cce-cba4-44f5-8366-0fb5fb6bef9c@group-767F7A20ABB4-SegmentedRaftLog:OPENED:c-1,f-1,i0, conf=-1: [433771fa-af38-4628-a40e-96bcd22c3694:192.168.69.68:34462, 4f0a8cce-cba4-44f5-8366-0fb5fb6bef9c:192.168.69.68:42866, d2d597b7-f29c-4b6e-a1dc-31783afe2111:192.168.69.68:40938], old=null
2019-10-16 06:58:52,189 [433771fa-af38-4628-a40e-96bcd22c3694@group-767F7A20ABB4-LeaderElection7] INFO  impl.RaftServerImpl (ServerState.java:setLeader(256)) - 433771fa-af38-4628-a40e-96bcd22c3694@group-767F7A20ABB4: change Leader from null to 433771fa-af38-4628-a40e-96bcd22c3694 at term 2 for becomeLeader, leader elected after 395ms
2019-10-16 06:58:52,190 [4f0a8cce-cba4-44f5-8366-0fb5fb6bef9c@group-767F7A20ABB4-LeaderElection8] INFO  impl.RaftServerImpl (RaftServerImpl.java:setRole(184)) - 4f0a8cce-cba4-44f5-8366-0fb5fb6bef9c@group-767F7A20ABB4: changes role from CANDIDATE to FOLLOWER at term 2 for DISCOVERED_A_NEW_TERM
2019-10-16 06:58:52,190 [433771fa-af38-4628-a40e-96bcd22c3694@group-767F7A20ABB4-LeaderElection7] INFO  server.RaftServerConfigKeys (ConfUtils.java:logGet(43)) - raft.server.staging.catchup.gap = 1000 (default)
2019-10-16 06:58:52,191 [4f0a8cce-cba4-44f5-8366-0fb5fb6bef9c@group-767F7A20ABB4-LeaderElection8] INFO  impl.RoleInfo (RoleInfo.java:shutdownLeaderElection(134)) - 4f0a8cce-cba4-44f5-8366-0fb5fb6bef9c: shutdown LeaderElection
2019-10-16 06:58:52,191 [433771fa-af38-4628-a40e-96bcd22c3694@group-767F7A20ABB4-LeaderElection7] INFO  server.RaftServerConfigKeys (ConfUtils.java:logGet(43)) - raft.server.rpc.sleep.time = 25ms (default)
2019-10-16 06:58:52,191 [4f0a8cce-cba4-44f5-8366-0fb5fb6bef9c@group-767F7A20ABB4-LeaderElection8] INFO  impl.RoleInfo (RoleInfo.java:updateAndGet(143)) - 4f0a8cce-cba4-44f5-8366-0fb5fb6bef9c: start FollowerState
2019-10-16 06:58:52,191 [433771fa-af38-4628-a40e-96bcd22c3694@group-767F7A20ABB4-LeaderElection7] INFO  server.RaftServerConfigKeys (ConfUtils.java:logGet(43)) - raft.server.write.element-limit = 4096 (default)
2019-10-16 06:58:52,192 [433771fa-af38-4628-a40e-96bcd22c3694@group-767F7A20ABB4-LeaderElection7] INFO  server.RaftServerConfigKeys (ConfUtils.java:logGet(43)) - raft.server.watch.timeout = 10s (default)
2019-10-16 06:58:52,193 [433771fa-af38-4628-a40e-96bcd22c3694@group-767F7A20ABB4-LeaderElection7] INFO  server.RaftServerConfigKeys (ConfUtils.java:logGet(43)) - raft.server.watch.timeout.denomination = 1s (default)
2019-10-16 06:58:52,193 [433771fa-af38-4628-a40e-96bcd22c3694@group-767F7A20ABB4-LeaderElection7] INFO  server.RaftServerConfigKeys (ConfUtils.java:logGet(43)) - raft.server.watch.element-limit = 65536 (default)
2019-10-16 06:58:52,198 [433771fa-af38-4628-a40e-96bcd22c3694@group-767F7A20ABB4-LeaderElection7] INFO  server.RaftServerConfigKeys (ConfUtils.java:logGet(43)) - raft.server.log.appender.snapshot.chunk.size.max = 16MB (=16777216) (default)
2019-10-16 06:58:52,198 [433771fa-af38-4628-a40e-96bcd22c3694@group-767F7A20ABB4-LeaderElection7] INFO  server.RaftServerConfigKeys (ConfUtils.java:logGet(43)) - raft.server.log.appender.buffer.byte-limit = 33554432 (custom)
2019-10-16 06:58:52,199 [433771fa-af38-4628-a40e-96bcd22c3694@group-767F7A20ABB4-LeaderElection7] INFO  server.RaftServerConfigKeys (ConfUtils.java:logGet(43)) - raft.server.log.appender.buffer.element-limit = 1 (custom)
2019-10-16 06:58:52,202 [433771fa-af38-4628-a40e-96bcd22c3694@group-767F7A20ABB4-LeaderElection7] INFO  grpc.GrpcConfigKeys$Server (ConfUtils.java:logGet(43)) - raft.grpc.server.leader.outstanding.appends.max = 128 (default)
2019-10-16 06:58:52,205 [d2d597b7-f29c-4b6e-a1dc-31783afe2111@group-767F7A20ABB4-LeaderElection9] INFO  impl.LeaderElection (LeaderElection.java:askForVotes(178)) - d2d597b7-f29c-4b6e-a1dc-31783afe2111@group-767F7A20ABB4-LeaderElection9: begin an election at term 3 for -1: [433771fa-af38-4628-a40e-96bcd22c3694:192.168.69.68:34462, 4f0a8cce-cba4-44f5-8366-0fb5fb6bef9c:192.168.69.68:42866, d2d597b7-f29c-4b6e-a1dc-31783afe2111:192.168.69.68:40938], old=null
2019-10-16 06:58:52,205 [433771fa-af38-4628-a40e-96bcd22c3694@group-767F7A20ABB4-LeaderElection7] INFO  server.RaftServerConfigKeys (ConfUtils.java:logGet(43)) - raft.server.rpc.request.timeout = 3000ms (default)
2019-10-16 06:58:52,206 [433771fa-af38-4628-a40e-96bcd22c3694@group-767F7A20ABB4-LeaderElection7] INFO  server.RaftServerConfigKeys (ConfUtils.java:logGet(43)) - raft.server.log.appender.install.snapshot.enabled = false (custom)
2019-10-16 06:58:52,210 [grpc-default-executor-0] INFO  impl.RaftServerImpl (RaftServerImpl.java:setRole(184)) - 4f0a8cce-cba4-44f5-8366-0fb5fb6bef9c@group-767F7A20ABB4: changes role from  FOLLOWER to FOLLOWER at term 3 for recognizeCandidate:d2d597b7-f29c-4b6e-a1dc-31783afe2111
2019-10-16 06:58:52,210 [grpc-default-executor-0] INFO  impl.RoleInfo (RoleInfo.java:shutdownFollowerState(121)) - 4f0a8cce-cba4-44f5-8366-0fb5fb6bef9c: shutdown FollowerState
2019-10-16 06:58:52,211 [Thread-233] INFO  impl.FollowerState (FollowerState.java:run(117)) - 4f0a8cce-cba4-44f5-8366-0fb5fb6bef9c@group-767F7A20ABB4-FollowerState was interrupted: java.lang.InterruptedException: sleep interrupted
2019-10-16 06:58:52,211 [grpc-default-executor-0] INFO  impl.RoleInfo (RoleInfo.java:updateAndGet(143)) - 4f0a8cce-cba4-44f5-8366-0fb5fb6bef9c: start FollowerState
2019-10-16 06:58:52,212 [433771fa-af38-4628-a40e-96bcd22c3694@group-767F7A20ABB4-LeaderElection7] INFO  server.RaftServerConfigKeys (ConfUtils.java:logGet(43)) - raft.server.log.appender.snapshot.chunk.size.max = 16MB (=16777216) (default)
2019-10-16 06:58:52,212 [433771fa-af38-4628-a40e-96bcd22c3694@group-767F7A20ABB4-LeaderElection7] INFO  server.RaftServerConfigKeys (ConfUtils.java:logGet(43)) - raft.server.log.appender.buffer.byte-limit = 33554432 (custom)
2019-10-16 06:58:52,213 [433771fa-af38-4628-a40e-96bcd22c3694@group-767F7A20ABB4-LeaderElection7] INFO  server.RaftServerConfigKeys (ConfUtils.java:logGet(43)) - raft.server.log.appender.buffer.element-limit = 1 (custom)
2019-10-16 06:58:52,213 [433771fa-af38-4628-a40e-96bcd22c3694@group-767F7A20ABB4-LeaderElection7] INFO  grpc.GrpcConfigKeys$Server (ConfUtils.java:logGet(43)) - raft.grpc.server.leader.outstanding.appends.max = 128 (default)
2019-10-16 06:58:52,213 [433771fa-af38-4628-a40e-96bcd22c3694@group-767F7A20ABB4-LeaderElection7] INFO  server.RaftServerConfigKeys (ConfUtils.java:logGet(43)) - raft.server.rpc.request.timeout = 3000ms (default)
2019-10-16 06:58:52,213 [433771fa-af38-4628-a40e-96bcd22c3694@group-767F7A20ABB4-LeaderElection7] INFO  server.RaftServerConfigKeys (ConfUtils.java:logGet(43)) - raft.server.log.appender.install.snapshot.enabled = false (custom)
2019-10-16 06:58:52,219 [433771fa-af38-4628-a40e-96bcd22c3694@group-767F7A20ABB4-LeaderElection7] INFO  impl.RoleInfo (RoleInfo.java:updateAndGet(143)) - 433771fa-af38-4628-a40e-96bcd22c3694: start LeaderState
2019-10-16 06:58:52,222 [433771fa-af38-4628-a40e-96bcd22c3694@group-767F7A20ABB4-LeaderElection7] INFO  segmented.SegmentedRaftLogWorker (SegmentedRaftLogWorker.java:startLogSegment(385)) - 433771fa-af38-4628-a40e-96bcd22c3694@group-767F7A20ABB4-SegmentedRaftLogWorker: Starting segment from index:0
2019-10-16 06:58:52,223 [433771fa-af38-4628-a40e-96bcd22c3694@group-767F7A20ABB4-LeaderElection7] INFO  impl.RaftServerImpl (ServerState.java:setRaftConf(357)) - 433771fa-af38-4628-a40e-96bcd22c3694@group-767F7A20ABB4: set configuration 0: [433771fa-af38-4628-a40e-96bcd22c3694:192.168.69.68:34462, 4f0a8cce-cba4-44f5-8366-0fb5fb6bef9c:192.168.69.68:42866, d2d597b7-f29c-4b6e-a1dc-31783afe2111:192.168.69.68:40938], old=null at 0
2019-10-16 06:58:52,251 [grpc-default-executor-4] INFO  impl.RaftServerImpl (ServerState.java:setLeader(256)) - 433771fa-af38-4628-a40e-96bcd22c3694@group-767F7A20ABB4: change Leader from 433771fa-af38-4628-a40e-96bcd22c3694 to null at term 3 for updateCurrentTerm
2019-10-16 06:58:52,251 [grpc-default-executor-4] INFO  impl.RaftServerImpl (RaftServerImpl.java:setRole(184)) - 433771fa-af38-4628-a40e-96bcd22c3694@group-767F7A20ABB4: changes role from    LEADER to FOLLOWER at term 3 for recognizeCandidate:d2d597b7-f29c-4b6e-a1dc-31783afe2111
2019-10-16 06:58:52,251 [grpc-default-executor-4] INFO  impl.RoleInfo (RoleInfo.java:shutdownLeaderState(104)) - 433771fa-af38-4628-a40e-96bcd22c3694: shutdown LeaderState
2019-10-16 06:58:52,258 [grpc-default-executor-4] INFO  impl.PendingRequests (PendingRequests.java:sendNotLeaderResponses(202)) - 433771fa-af38-4628-a40e-96bcd22c3694@group-767F7A20ABB4-PendingRequests: sendNotLeaderResponses
2019-10-16 06:58:52,260 [d2d597b7-f29c-4b6e-a1dc-31783afe2111@group-767F7A20ABB4-LeaderElection9] INFO  impl.LeaderElection (LeaderElection.java:logAndReturn(56)) - d2d597b7-f29c-4b6e-a1dc-31783afe2111@group-767F7A20ABB4-LeaderElection9: Election PASSED; received 1 response(s) [d2d597b7-f29c-4b6e-a1dc-31783afe2111<-4f0a8cce-cba4-44f5-8366-0fb5fb6bef9c#0:OK-t3] and 0 exception(s); d2d597b7-f29c-4b6e-a1dc-31783afe2111@group-767F7A20ABB4:t3, leader=null, voted=d2d597b7-f29c-4b6e-a1dc-31783afe2111, raftlog=d2d597b7-f29c-4b6e-a1dc-31783afe2111@group-767F7A20ABB4-SegmentedRaftLog:OPENED:c-1,f-1,i0, conf=-1: [433771fa-af38-4628-a40e-96bcd22c3694:192.168.69.68:34462, 4f0a8cce-cba4-44f5-8366-0fb5fb6bef9c:192.168.69.68:42866, d2d597b7-f29c-4b6e-a1dc-31783afe2111:192.168.69.68:40938], old=null
2019-10-16 06:58:52,260 [d2d597b7-f29c-4b6e-a1dc-31783afe2111@group-767F7A20ABB4-LeaderElection9] INFO  impl.RoleInfo (RoleInfo.java:shutdownLeaderElection(134)) - d2d597b7-f29c-4b6e-a1dc-31783afe2111: shutdown LeaderElection
2019-10-16 06:58:52,260 [d2d597b7-f29c-4b6e-a1dc-31783afe2111@group-767F7A20ABB4-LeaderElection9] INFO  impl.RaftServerImpl (RaftServerImpl.java:setRole(184)) - d2d597b7-f29c-4b6e-a1dc-31783afe2111@group-767F7A20ABB4: changes role from CANDIDATE to LEADER at term 3 for changeToLeader
2019-10-16 06:58:52,261 [d2d597b7-f29c-4b6e-a1dc-31783afe2111@group-767F7A20ABB4-LeaderElection9] INFO  impl.RaftServerImpl (ServerState.java:setLeader(256)) - d2d597b7-f29c-4b6e-a1dc-31783afe2111@group-767F7A20ABB4: change Leader from null to d2d597b7-f29c-4b6e-a1dc-31783afe2111 at term 3 for becomeLeader, leader elected after 467ms
2019-10-16 06:58:52,261 [d2d597b7-f29c-4b6e-a1dc-31783afe2111@group-767F7A20ABB4-LeaderElection9] INFO  server.RaftServerConfigKeys (ConfUtils.java:logGet(43)) - raft.server.staging.catchup.gap = 1000 (default)
2019-10-16 06:58:52,261 [d2d597b7-f29c-4b6e-a1dc-31783afe2111@group-767F7A20ABB4-LeaderElection9] INFO  server.RaftServerConfigKeys (ConfUtils.java:logGet(43)) - raft.server.rpc.sleep.time = 25ms (default)
2019-10-16 06:58:52,261 [d2d597b7-f29c-4b6e-a1dc-31783afe2111@group-767F7A20ABB4-LeaderElection9] INFO  server.RaftServerConfigKeys (ConfUtils.java:logGet(43)) - raft.server.write.element-limit = 4096 (default)
2019-10-16 06:58:52,262 [d2d597b7-f29c-4b6e-a1dc-31783afe2111@group-767F7A20ABB4-LeaderElection9] INFO  server.RaftServerConfigKeys (ConfUtils.java:logGet(43)) - raft.server.watch.timeout = 10s (default)
2019-10-16 06:58:52,262 [d2d597b7-f29c-4b6e-a1dc-31783afe2111@group-767F7A20ABB4-LeaderElection9] INFO  server.RaftServerConfigKeys (ConfUtils.java:logGet(43)) - raft.server.watch.timeout.denomination = 1s (default)
2019-10-16 06:58:52,262 [d2d597b7-f29c-4b6e-a1dc-31783afe2111@group-767F7A20ABB4-LeaderElection9] INFO  server.RaftServerConfigKeys (ConfUtils.java:logGet(43)) - raft.server.watch.element-limit = 65536 (default)
2019-10-16 06:58:52,262 [grpc-default-executor-4] INFO  impl.RoleInfo (RoleInfo.java:updateAndGet(143)) - 433771fa-af38-4628-a40e-96bcd22c3694: start FollowerState
2019-10-16 06:58:52,263 [433771fa-af38-4628-a40e-96bcd22c3694@group-767F7A20ABB4-SegmentedRaftLogWorker] INFO  segmented.SegmentedRaftLogWorker (SegmentedRaftLogWorker.java:execute(576)) - 433771fa-af38-4628-a40e-96bcd22c3694@group-767F7A20ABB4-SegmentedRaftLogWorker: created new log segment /workdir/hadoop-ozone/integration-test/target/test-dir/MiniOzoneClusterImpl-ed1e4b0b-7f1c-4222-87cd-b4f9b4aaacc0/datanode-1/data/ratis/f466b838-ca87-44ef-9280-767f7a20abb4/current/log_inprogress_0
2019-10-16 06:58:52,264 [org.apache.ratis.server.impl.LogAppender$AppenderDaemon$$Lambda$439/177553888@4a07a01d] WARN  server.GrpcLogAppender (GrpcLogAppender.java:mayWait(149)) - 433771fa-af38-4628-a40e-96bcd22c3694@group-767F7A20ABB4->d2d597b7-f29c-4b6e-a1dc-31783afe2111-GrpcLogAppender: Wait interrupted by java.lang.InterruptedException
2019-10-16 06:58:52,264 [org.apache.ratis.server.impl.LogAppender$AppenderDaemon$$Lambda$439/177553888@515f9d6b] WARN  server.GrpcLogAppender (GrpcLogAppender.java:mayWait(149)) - 433771fa-af38-4628-a40e-96bcd22c3694@group-767F7A20ABB4->4f0a8cce-cba4-44f5-8366-0fb5fb6bef9c-GrpcLogAppender: Wait interrupted by java.lang.InterruptedException
2019-10-16 06:58:52,269 [d2d597b7-f29c-4b6e-a1dc-31783afe2111@group-767F7A20ABB4-LeaderElection9] INFO  server.RaftServerConfigKeys (ConfUtils.java:logGet(43)) - raft.server.log.appender.snapshot.chunk.size.max = 16MB (=16777216) (default)
2019-10-16 06:58:52,270 [d2d597b7-f29c-4b6e-a1dc-31783afe2111@group-767F7A20ABB4-LeaderElection9] INFO  server.RaftServerConfigKeys (ConfUtils.java:logGet(43)) - raft.server.log.appender.buffer.byte-limit = 33554432 (custom)
2019-10-16 06:58:52,270 [d2d597b7-f29c-4b6e-a1dc-31783afe2111@group-767F7A20ABB4-LeaderElection9] INFO  server.RaftServerConfigKeys (ConfUtils.java:logGet(43)) - raft.server.log.appender.buffer.element-limit = 1 (custom)
2019-10-16 06:58:52,270 [d2d597b7-f29c-4b6e-a1dc-31783afe2111@group-767F7A20ABB4-LeaderElection9] INFO  grpc.GrpcConfigKeys$Server (ConfUtils.java:logGet(43)) - raft.grpc.server.leader.outstanding.appends.max = 128 (default)
2019-10-16 06:58:52,271 [d2d597b7-f29c-4b6e-a1dc-31783afe2111@group-767F7A20ABB4-LeaderElection9] INFO  server.RaftServerConfigKeys (ConfUtils.java:logGet(43)) - raft.server.rpc.request.timeout = 3000ms (default)
2019-10-16 06:58:52,271 [d2d597b7-f29c-4b6e-a1dc-31783afe2111@group-767F7A20ABB4-LeaderElection9] INFO  server.RaftServerConfigKeys (ConfUtils.java:logGet(43)) - raft.server.log.appender.install.snapshot.enabled = false (custom)
2019-10-16 06:58:52,273 [d2d597b7-f29c-4b6e-a1dc-31783afe2111@group-767F7A20ABB4-LeaderElection9] INFO  server.RaftServerConfigKeys (ConfUtils.java:logGet(43)) - raft.server.log.appender.snapshot.chunk.size.max = 16MB (=16777216) (default)
2019-10-16 06:58:52,273 [d2d597b7-f29c-4b6e-a1dc-31783afe2111@group-767F7A20ABB4-LeaderElection9] INFO  server.RaftServerConfigKeys (ConfUtils.java:logGet(43)) - raft.server.log.appender.buffer.byte-limit = 33554432 (custom)
2019-10-16 06:58:52,273 [d2d597b7-f29c-4b6e-a1dc-31783afe2111@group-767F7A20ABB4-LeaderElection9] INFO  server.RaftServerConfigKeys (ConfUtils.java:logGet(43)) - raft.server.log.appender.buffer.element-limit = 1 (custom)
2019-10-16 06:58:52,273 [d2d597b7-f29c-4b6e-a1dc-31783afe2111@group-767F7A20ABB4-LeaderElection9] INFO  grpc.GrpcConfigKeys$Server (ConfUtils.java:logGet(43)) - raft.grpc.server.leader.outstanding.appends.max = 128 (default)
2019-10-16 06:58:52,273 [d2d597b7-f29c-4b6e-a1dc-31783afe2111@group-767F7A20ABB4-LeaderElection9] INFO  server.RaftServerConfigKeys (ConfUtils.java:logGet(43)) - raft.server.rpc.request.timeout = 3000ms (default)
2019-10-16 06:58:52,273 [d2d597b7-f29c-4b6e-a1dc-31783afe2111@group-767F7A20ABB4-LeaderElection9] INFO  server.RaftServerConfigKeys (ConfUtils.java:logGet(43)) - raft.server.log.appender.install.snapshot.enabled = false (custom)
2019-10-16 06:58:52,273 [grpc-default-executor-3] INFO  server.GrpcServerProtocolService (GrpcServerProtocolService.java:onCompleted(113)) - 4f0a8cce-cba4-44f5-8366-0fb5fb6bef9c: Completed APPEND_ENTRIES, lastRequest: null
2019-10-16 06:58:52,273 [grpc-default-executor-0] INFO  server.GrpcServerProtocolService (GrpcServerProtocolService.java:onCompleted(113)) - d2d597b7-f29c-4b6e-a1dc-31783afe2111: Completed APPEND_ENTRIES, lastRequest: null
2019-10-16 06:58:52,276 [grpc-default-executor-0] INFO  server.GrpcLogAppender (GrpcLogAppender.java:onCompleted(308)) - 433771fa-af38-4628-a40e-96bcd22c3694@group-767F7A20ABB4->d2d597b7-f29c-4b6e-a1dc-31783afe2111-AppendLogResponseHandler: follower responses appendEntries COMPLETED
2019-10-16 06:58:52,277 [grpc-default-executor-3] INFO  server.GrpcLogAppender (GrpcLogAppender.java:onCompleted(308)) - 433771fa-af38-4628-a40e-96bcd22c3694@group-767F7A20ABB4->4f0a8cce-cba4-44f5-8366-0fb5fb6bef9c-AppendLogResponseHandler: follower responses appendEntries COMPLETED
2019-10-16 06:58:52,277 [d2d597b7-f29c-4b6e-a1dc-31783afe2111@group-767F7A20ABB4-LeaderElection9] INFO  impl.RoleInfo (RoleInfo.java:updateAndGet(143)) - d2d597b7-f29c-4b6e-a1dc-31783afe2111: start LeaderState
2019-10-16 06:58:52,278 [d2d597b7-f29c-4b6e-a1dc-31783afe2111@group-767F7A20ABB4-LeaderElection9] INFO  segmented.SegmentedRaftLogWorker (SegmentedRaftLogWorker.java:startLogSegment(385)) - d2d597b7-f29c-4b6e-a1dc-31783afe2111@group-767F7A20ABB4-SegmentedRaftLogWorker: Starting segment from index:0
2019-10-16 06:58:52,280 [d2d597b7-f29c-4b6e-a1dc-31783afe2111@group-767F7A20ABB4-LeaderElection9] INFO  impl.RaftServerImpl (ServerState.java:setRaftConf(357)) - d2d597b7-f29c-4b6e-a1dc-31783afe2111@group-767F7A20ABB4: set configuration 0: [433771fa-af38-4628-a40e-96bcd22c3694:192.168.69.68:34462, 4f0a8cce-cba4-44f5-8366-0fb5fb6bef9c:192.168.69.68:42866, d2d597b7-f29c-4b6e-a1dc-31783afe2111:192.168.69.68:40938], old=null at 0
2019-10-16 06:58:52,311 [grpc-default-executor-0] INFO  impl.FollowerInfo (FollowerInfo.java:lambda$new$0(51)) - 433771fa-af38-4628-a40e-96bcd22c3694@group-767F7A20ABB4->d2d597b7-f29c-4b6e-a1dc-31783afe2111: nextIndex: updateUnconditionally 0 -> 0
2019-10-16 06:58:52,312 [grpc-default-executor-3] INFO  impl.FollowerInfo (FollowerInfo.java:lambda$new$0(51)) - 433771fa-af38-4628-a40e-96bcd22c3694@group-767F7A20ABB4->4f0a8cce-cba4-44f5-8366-0fb5fb6bef9c: nextIndex: updateUnconditionally 0 -> 0
2019-10-16 06:58:52,323 [d2d597b7-f29c-4b6e-a1dc-31783afe2111@group-767F7A20ABB4-SegmentedRaftLogWorker] INFO  segmented.SegmentedRaftLogWorker (SegmentedRaftLogWorker.java:execute(576)) - d2d597b7-f29c-4b6e-a1dc-31783afe2111@group-767F7A20ABB4-SegmentedRaftLogWorker: created new log segment /workdir/hadoop-ozone/integration-test/target/test-dir/MiniOzoneClusterImpl-ed1e4b0b-7f1c-4222-87cd-b4f9b4aaacc0/datanode-0/data/ratis/f466b838-ca87-44ef-9280-767f7a20abb4/current/log_inprogress_0
2019-10-16 06:58:52,323 [grpc-default-executor-0] INFO  impl.RaftServerImpl (ServerState.java:setLeader(256)) - 433771fa-af38-4628-a40e-96bcd22c3694@group-767F7A20ABB4: change Leader from null to d2d597b7-f29c-4b6e-a1dc-31783afe2111 at term 3 for appendEntries, leader elected after 72ms
2019-10-16 06:58:52,323 [grpc-default-executor-3] INFO  impl.RaftServerImpl (ServerState.java:setLeader(256)) - 4f0a8cce-cba4-44f5-8366-0fb5fb6bef9c@group-767F7A20ABB4: change Leader from null to d2d597b7-f29c-4b6e-a1dc-31783afe2111 at term 3 for appendEntries, leader elected after 529ms
2019-10-16 06:58:52,344 [grpc-default-executor-0] INFO  impl.RaftServerImpl (ServerState.java:setRaftConf(357)) - 4f0a8cce-cba4-44f5-8366-0fb5fb6bef9c@group-767F7A20ABB4: set configuration 0: [433771fa-af38-4628-a40e-96bcd22c3694:192.168.69.68:34462, 4f0a8cce-cba4-44f5-8366-0fb5fb6bef9c:192.168.69.68:42866, d2d597b7-f29c-4b6e-a1dc-31783afe2111:192.168.69.68:40938], old=null at 0
2019-10-16 06:58:52,344 [grpc-default-executor-3] INFO  impl.RaftServerImpl (ServerState.java:setRaftConf(357)) - 433771fa-af38-4628-a40e-96bcd22c3694@group-767F7A20ABB4: set configuration 0: [433771fa-af38-4628-a40e-96bcd22c3694:192.168.69.68:34462, 4f0a8cce-cba4-44f5-8366-0fb5fb6bef9c:192.168.69.68:42866, d2d597b7-f29c-4b6e-a1dc-31783afe2111:192.168.69.68:40938], old=null at 0
2019-10-16 06:58:52,344 [grpc-default-executor-0] INFO  segmented.SegmentedRaftLogWorker (SegmentedRaftLogWorker.java:startLogSegment(385)) - 4f0a8cce-cba4-44f5-8366-0fb5fb6bef9c@group-767F7A20ABB4-SegmentedRaftLogWorker: Starting segment from index:0
2019-10-16 06:58:52,346 [grpc-default-executor-3] INFO  segmented.SegmentedRaftLogWorker (SegmentedRaftLogWorker.java:truncate(401)) - 433771fa-af38-4628-a40e-96bcd22c3694@group-767F7A20ABB4-SegmentedRaftLogWorker: Truncating segments toTruncate: null
  toDelete: [(0, 0) isOpen? true, length=0, newEndIndex=-1], start index 0
2019-10-16 06:58:52,347 [grpc-default-executor-3] INFO  segmented.SegmentedRaftLogWorker (SegmentedRaftLogWorker.java:startLogSegment(385)) - 433771fa-af38-4628-a40e-96bcd22c3694@group-767F7A20ABB4-SegmentedRaftLogWorker: Starting segment from index:0
2019-10-16 06:58:52,348 [433771fa-af38-4628-a40e-96bcd22c3694@group-767F7A20ABB4-SegmentedRaftLogWorker] INFO  segmented.SegmentedRaftLogWorker (SegmentedRaftLogWorker.java:execute(640)) - 433771fa-af38-4628-a40e-96bcd22c3694@group-767F7A20ABB4-SegmentedRaftLogWorker: Deleted log file /workdir/hadoop-ozone/integration-test/target/test-dir/MiniOzoneClusterImpl-ed1e4b0b-7f1c-4222-87cd-b4f9b4aaacc0/datanode-1/data/ratis/f466b838-ca87-44ef-9280-767f7a20abb4/current/log_inprogress_0
2019-10-16 06:58:52,348 [433771fa-af38-4628-a40e-96bcd22c3694@group-767F7A20ABB4-SegmentedRaftLogWorker] INFO  segmented.SegmentedRaftLogWorker (SegmentedRaftLogWorker.java:lambda$new$0(128)) - 433771fa-af38-4628-a40e-96bcd22c3694@group-767F7A20ABB4-SegmentedRaftLogWorker: flushIndex: setUnconditionally 0 -> -1
2019-10-16 06:58:52,385 [433771fa-af38-4628-a40e-96bcd22c3694@group-767F7A20ABB4-SegmentedRaftLogWorker] INFO  segmented.SegmentedRaftLogWorker (SegmentedRaftLogWorker.java:execute(576)) - 433771fa-af38-4628-a40e-96bcd22c3694@group-767F7A20ABB4-SegmentedRaftLogWorker: created new log segment /workdir/hadoop-ozone/integration-test/target/test-dir/MiniOzoneClusterImpl-ed1e4b0b-7f1c-4222-87cd-b4f9b4aaacc0/datanode-1/data/ratis/f466b838-ca87-44ef-9280-767f7a20abb4/current/log_inprogress_0
2019-10-16 06:58:52,385 [4f0a8cce-cba4-44f5-8366-0fb5fb6bef9c@group-767F7A20ABB4-SegmentedRaftLogWorker] INFO  segmented.SegmentedRaftLogWorker (SegmentedRaftLogWorker.java:execute(576)) - 4f0a8cce-cba4-44f5-8366-0fb5fb6bef9c@group-767F7A20ABB4-SegmentedRaftLogWorker: created new log segment /workdir/hadoop-ozone/integration-test/target/test-dir/MiniOzoneClusterImpl-ed1e4b0b-7f1c-4222-87cd-b4f9b4aaacc0/datanode-2/data/ratis/f466b838-ca87-44ef-9280-767f7a20abb4/current/log_inprogress_0
2019-10-16 06:58:52,871 [main] INFO  rpc.RpcClient (RpcClient.java:createVolume(272)) - Creating Volume: testcontainerstatemachinefailures, with jenkins1000 as owner.
2019-10-16 06:58:52,947 [IPC Server handler 7 on 42138] INFO  volume.OMVolumeCreateRequest (OMVolumeCreateRequest.java:validateAndUpdateCache(193)) - created volume:testcontainerstatemachinefailures for user:jenkins1000
2019-10-16 06:58:52,973 [main] INFO  rpc.RpcClient (RpcClient.java:createBucket(411)) - Creating Bucket: testcontainerstatemachinefailures/testcontainerstatemachinefailures, with Versioning false and Storage Type set to DISK and Encryption set to false 
2019-10-16 06:58:53,124 [main] INFO  impl.MetricsSystemImpl (MetricsSystemImpl.java:init(158)) - XceiverClientMetrics metrics system started (again)
2019-10-16 06:58:53,625 [Datanode State Machine Thread - 0] INFO  statemachine.DatanodeStateMachine (DatanodeStateMachine.java:lambda$startDaemon$0(350)) - Ozone container server started.
2019-10-16 06:58:53,801 [Thread-181] INFO  container.ReplicationManager (ReplicationManager.java:start(162)) - Starting Replication Monitor Thread.
2019-10-16 06:58:53,803 [ReplicationMonitor] INFO  container.ReplicationManager (ReplicationManager.java:run(225)) - Replication Monitor Thread took 0 milliseconds for processing 1 containers.
2019-10-16 06:58:58,571 [main] INFO  ozoneimpl.OzoneContainer (OzoneContainer.java:stop(227)) - Attempting to stop container services.
2019-10-16 06:58:58,572 [main] INFO  impl.RaftServerProxy (RaftServerProxy.java:lambda$close$4(314)) - 4f0a8cce-cba4-44f5-8366-0fb5fb6bef9c: close
2019-10-16 06:58:58,574 [main] INFO  impl.RaftServerImpl (RaftServerImpl.java:lambda$shutdown$3(261)) - 4f0a8cce-cba4-44f5-8366-0fb5fb6bef9c@group-8191F0FE2924: shutdown
2019-10-16 06:58:58,574 [ForkJoinPool.commonPool-worker-0] INFO  impl.RaftServerImpl (RaftServerImpl.java:lambda$shutdown$3(261)) - 4f0a8cce-cba4-44f5-8366-0fb5fb6bef9c@group-767F7A20ABB4: shutdown
2019-10-16 06:58:58,574 [main] INFO  util.JmxRegister (JmxRegister.java:unregister(73)) - Successfully un-registered JMX Bean with object name Ratis:service=RaftServer,group=group-8191F0FE2924,id=4f0a8cce-cba4-44f5-8366-0fb5fb6bef9c
2019-10-16 06:58:58,575 [ForkJoinPool.commonPool-worker-0] INFO  util.JmxRegister (JmxRegister.java:unregister(73)) - Successfully un-registered JMX Bean with object name Ratis:service=RaftServer,group=group-767F7A20ABB4,id=4f0a8cce-cba4-44f5-8366-0fb5fb6bef9c
2019-10-16 06:58:58,575 [main] INFO  impl.RoleInfo (RoleInfo.java:shutdownLeaderState(104)) - 4f0a8cce-cba4-44f5-8366-0fb5fb6bef9c: shutdown LeaderState
2019-10-16 06:58:58,575 [ForkJoinPool.commonPool-worker-0] INFO  impl.RoleInfo (RoleInfo.java:shutdownFollowerState(121)) - 4f0a8cce-cba4-44f5-8366-0fb5fb6bef9c: shutdown FollowerState
2019-10-16 06:58:58,575 [main] INFO  impl.PendingRequests (PendingRequests.java:sendNotLeaderResponses(202)) - 4f0a8cce-cba4-44f5-8366-0fb5fb6bef9c@group-8191F0FE2924-PendingRequests: sendNotLeaderResponses
2019-10-16 06:58:58,577 [4f0a8cce-cba4-44f5-8366-0fb5fb6bef9c@group-767F7A20ABB4-StateMachineUpdater] INFO  ratis.ContainerStateMachine (ContainerStateMachine.java:takeSnapshot(294)) - group-767F7A20ABB4: Taking a snapshot at:(t:3, i:3) file /workdir/hadoop-ozone/integration-test/target/test-dir/MiniOzoneClusterImpl-ed1e4b0b-7f1c-4222-87cd-b4f9b4aaacc0/datanode-2/data/ratis/f466b838-ca87-44ef-9280-767f7a20abb4/sm/snapshot.3_3
2019-10-16 06:58:58,577 [Thread-238] INFO  impl.FollowerState (FollowerState.java:run(117)) - 4f0a8cce-cba4-44f5-8366-0fb5fb6bef9c@group-767F7A20ABB4-FollowerState was interrupted: java.lang.InterruptedException: sleep interrupted
2019-10-16 06:58:58,577 [ForkJoinPool.commonPool-worker-0] INFO  impl.StateMachineUpdater (StateMachineUpdater.java:stopAndJoin(136)) - 4f0a8cce-cba4-44f5-8366-0fb5fb6bef9c@group-767F7A20ABB4-StateMachineUpdater: set stopIndex = 4
2019-10-16 06:58:58,578 [main] INFO  impl.StateMachineUpdater (StateMachineUpdater.java:stopAndJoin(136)) - 4f0a8cce-cba4-44f5-8366-0fb5fb6bef9c@group-8191F0FE2924-StateMachineUpdater: set stopIndex = 0
2019-10-16 06:58:58,579 [main] INFO  impl.RaftServerImpl (ServerState.java:close(388)) - 4f0a8cce-cba4-44f5-8366-0fb5fb6bef9c@group-8191F0FE2924: closes. applyIndex: 0
2019-10-16 06:58:58,581 [4f0a8cce-cba4-44f5-8366-0fb5fb6bef9c@group-8191F0FE2924-SegmentedRaftLogWorker] INFO  segmented.SegmentedRaftLogWorker (SegmentedRaftLogWorker.java:run(316)) - 4f0a8cce-cba4-44f5-8366-0fb5fb6bef9c@group-8191F0FE2924-SegmentedRaftLogWorker was interrupted, exiting. There are 0 tasks remaining in the queue.
2019-10-16 06:58:58,582 [main] INFO  segmented.SegmentedRaftLogWorker (SegmentedRaftLogWorker.java:close(224)) - 4f0a8cce-cba4-44f5-8366-0fb5fb6bef9c@group-8191F0FE2924-SegmentedRaftLogWorker close()
2019-10-16 06:58:58,663 [4f0a8cce-cba4-44f5-8366-0fb5fb6bef9c@group-767F7A20ABB4-StateMachineUpdater] INFO  ratis.ContainerStateMachine (ContainerStateMachine.java:takeSnapshot(305)) - group-767F7A20ABB4: Finished taking a snapshot at:(t:3, i:3) file:/workdir/hadoop-ozone/integration-test/target/test-dir/MiniOzoneClusterImpl-ed1e4b0b-7f1c-4222-87cd-b4f9b4aaacc0/datanode-2/data/ratis/f466b838-ca87-44ef-9280-767f7a20abb4/sm/snapshot.3_3 time:86
2019-10-16 06:58:58,664 [4f0a8cce-cba4-44f5-8366-0fb5fb6bef9c@group-767F7A20ABB4-StateMachineUpdater] INFO  impl.StateMachineUpdater (StateMachineUpdater.java:takeSnapshot(269)) - 4f0a8cce-cba4-44f5-8366-0fb5fb6bef9c@group-767F7A20ABB4-StateMachineUpdater: Took a snapshot at index 3
2019-10-16 06:58:58,664 [4f0a8cce-cba4-44f5-8366-0fb5fb6bef9c@group-767F7A20ABB4-StateMachineUpdater] INFO  impl.StateMachineUpdater (StateMachineUpdater.java:lambda$new$0(84)) - 4f0a8cce-cba4-44f5-8366-0fb5fb6bef9c@group-767F7A20ABB4-StateMachineUpdater: snapshotIndex: updateIncreasingly -1 -> 3
2019-10-16 06:58:58,673 [4f0a8cce-cba4-44f5-8366-0fb5fb6bef9c@group-767F7A20ABB4-StateMachineUpdater] INFO  ratis.ContainerStateMachine (ContainerStateMachine.java:takeSnapshot(294)) - group-767F7A20ABB4: Taking a snapshot at:(t:3, i:3) file /workdir/hadoop-ozone/integration-test/target/test-dir/MiniOzoneClusterImpl-ed1e4b0b-7f1c-4222-87cd-b4f9b4aaacc0/datanode-2/data/ratis/f466b838-ca87-44ef-9280-767f7a20abb4/sm/snapshot.3_3
2019-10-16 06:58:58,685 [4f0a8cce-cba4-44f5-8366-0fb5fb6bef9c@group-767F7A20ABB4-StateMachineUpdater] INFO  ratis.ContainerStateMachine (ContainerStateMachine.java:takeSnapshot(305)) - group-767F7A20ABB4: Finished taking a snapshot at:(t:3, i:3) file:/workdir/hadoop-ozone/integration-test/target/test-dir/MiniOzoneClusterImpl-ed1e4b0b-7f1c-4222-87cd-b4f9b4aaacc0/datanode-2/data/ratis/f466b838-ca87-44ef-9280-767f7a20abb4/sm/snapshot.3_3 time:12
2019-10-16 06:58:58,685 [4f0a8cce-cba4-44f5-8366-0fb5fb6bef9c@group-767F7A20ABB4-StateMachineUpdater] INFO  impl.StateMachineUpdater (StateMachineUpdater.java:takeSnapshot(269)) - 4f0a8cce-cba4-44f5-8366-0fb5fb6bef9c@group-767F7A20ABB4-StateMachineUpdater: Took a snapshot at index 3
2019-10-16 06:58:58,685 [4f0a8cce-cba4-44f5-8366-0fb5fb6bef9c@group-767F7A20ABB4-StateMachineUpdater] INFO  impl.StateMachineUpdater (StateMachineUpdater.java:lambda$new$0(84)) - 4f0a8cce-cba4-44f5-8366-0fb5fb6bef9c@group-767F7A20ABB4-StateMachineUpdater: snapshotIndex: updateIncreasingly 3 -> 3
2019-10-16 06:58:58,686 [ForkJoinPool.commonPool-worker-0] INFO  impl.RaftServerImpl (ServerState.java:close(388)) - 4f0a8cce-cba4-44f5-8366-0fb5fb6bef9c@group-767F7A20ABB4: closes. applyIndex: 4
2019-10-16 06:58:58,686 [4f0a8cce-cba4-44f5-8366-0fb5fb6bef9c@group-767F7A20ABB4-SegmentedRaftLogWorker] INFO  segmented.SegmentedRaftLogWorker (SegmentedRaftLogWorker.java:run(316)) - 4f0a8cce-cba4-44f5-8366-0fb5fb6bef9c@group-767F7A20ABB4-SegmentedRaftLogWorker was interrupted, exiting. There are 0 tasks remaining in the queue.
2019-10-16 06:58:58,688 [ForkJoinPool.commonPool-worker-0] INFO  segmented.SegmentedRaftLogWorker (SegmentedRaftLogWorker.java:close(224)) - 4f0a8cce-cba4-44f5-8366-0fb5fb6bef9c@group-767F7A20ABB4-SegmentedRaftLogWorker close()
2019-10-16 06:58:58,689 [main] INFO  server.GrpcService (GrpcService.java:closeImpl(164)) - 4f0a8cce-cba4-44f5-8366-0fb5fb6bef9c: shutdown server with port 42866 now
2019-10-16 06:58:58,695 [grpc-default-executor-0] WARN  server.GrpcServerProtocolService (LogUtils.java:warn(134)) - 4f0a8cce-cba4-44f5-8366-0fb5fb6bef9c: installSnapshot onError, lastRequest: d2d597b7-f29c-4b6e-a1dc-31783afe2111->4f0a8cce-cba4-44f5-8366-0fb5fb6bef9c#7-t3, previous=(t:3, i:4), leaderCommit=4, initializing? false, entries: <empty>: org.apache.ratis.thirdparty.io.grpc.StatusRuntimeException: CANCELLED: cancelled before receiving half close
2019-10-16 06:58:58,700 [main] INFO  server.GrpcService (GrpcService.java:closeImpl(172)) - 4f0a8cce-cba4-44f5-8366-0fb5fb6bef9c: shutdown server with port 42866 successfully
2019-10-16 06:58:58,701 [grpc-default-executor-3] WARN  server.GrpcLogAppender (LogUtils.java:warn(134)) - d2d597b7-f29c-4b6e-a1dc-31783afe2111@group-767F7A20ABB4->4f0a8cce-cba4-44f5-8366-0fb5fb6bef9c-AppendLogResponseHandler: Failed appendEntries: org.apache.ratis.thirdparty.io.grpc.StatusRuntimeException: CANCELLED: HTTP/2 error code: CANCEL
Received Rst Stream
2019-10-16 06:58:58,703 [refreshUsed-/workdir/hadoop-ozone/integration-test/target/test-dir/MiniOzoneClusterImpl-ed1e4b0b-7f1c-4222-87cd-b4f9b4aaacc0/datanode-2/data/containers] WARN  fs.CachingGetSpaceUsed (CachingGetSpaceUsed.java:run(183)) - Thread Interrupted waiting to refresh disk information: sleep interrupted
2019-10-16 06:58:58,726 [main] INFO  utils.BackgroundService (BackgroundService.java:shutdown(151)) - Shutting down service BlockDeletingService
2019-10-16 06:58:58,730 [main] INFO  statemachine.DatanodeStateMachine (DatanodeStateMachine.java:stopDaemon(395)) - Ozone container server stopped.
2019-10-16 06:58:58,735 [main] INFO  handler.ContextHandler (ContextHandler.java:doStop(910)) - Stopped o.e.j.w.WebAppContext@54e3658c{/,null,UNAVAILABLE}{/hddsDatanode}
2019-10-16 06:58:58,740 [main] INFO  server.AbstractConnector (AbstractConnector.java:doStop(318)) - Stopped ServerConnector@43e9089{HTTP/1.1,[http/1.1]}{0.0.0.0:0}
2019-10-16 06:58:58,741 [main] INFO  handler.ContextHandler (ContextHandler.java:doStop(910)) - Stopped o.e.j.s.ServletContextHandler@558756be{/static,jar:file:/home/user/.m2/repository/org/apache/hadoop/hadoop-hdds-container-service/0.5.0-SNAPSHOT/hadoop-hdds-container-service-0.5.0-SNAPSHOT.jar!/webapps/static,UNAVAILABLE}
2019-10-16 06:58:58,741 [main] INFO  handler.ContextHandler (ContextHandler.java:doStop(910)) - Stopped o.e.j.s.ServletContextHandler@6069dd38{/logs,file:///workdir/hadoop-ozone/integration-test/target/log,UNAVAILABLE}
2019-10-16 06:59:01,748 [java.util.concurrent.ThreadPoolExecutor$Worker@4e0b4352[State = -1, empty queue]] WARN  server.GrpcLogAppender (GrpcLogAppender.java:timeoutAppendRequest(209)) - d2d597b7-f29c-4b6e-a1dc-31783afe2111@group-767F7A20ABB4->4f0a8cce-cba4-44f5-8366-0fb5fb6bef9c-GrpcLogAppender: appendEntries Timeout, request=d2d597b7-f29c-4b6e-a1dc-31783afe2111->4f0a8cce-cba4-44f5-8366-0fb5fb6bef9c#8-t3, previous=(t:3, i:4), leaderCommit=4, initializing? false, entries: size=1, first=(t:3, i:5), STATEMACHINELOGENTRY, client-C8ADB546B70F, cid=8
2019-10-16 06:59:01,749 [java.util.concurrent.ThreadPoolExecutor$Worker@4e0b4352[State = -1, empty queue]] WARN  server.GrpcLogAppender (GrpcLogAppender.java:timeoutAppendRequest(209)) - d2d597b7-f29c-4b6e-a1dc-31783afe2111@group-767F7A20ABB4->4f0a8cce-cba4-44f5-8366-0fb5fb6bef9c-GrpcLogAppender: appendEntries Timeout, request=d2d597b7-f29c-4b6e-a1dc-31783afe2111->4f0a8cce-cba4-44f5-8366-0fb5fb6bef9c#9-t3, previous=(t:3, i:5), leaderCommit=4, initializing? false, entries: size=1, first=(t:3, i:6), STATEMACHINELOGENTRY, client-C8ADB546B70F, cid=9
2019-10-16 06:59:01,761 [java.util.concurrent.ThreadPoolExecutor$Worker@4e0b4352[State = -1, empty queue]] WARN  server.GrpcLogAppender (GrpcLogAppender.java:timeoutAppendRequest(209)) - d2d597b7-f29c-4b6e-a1dc-31783afe2111@group-767F7A20ABB4->4f0a8cce-cba4-44f5-8366-0fb5fb6bef9c-GrpcLogAppender: appendEntries Timeout, request=d2d597b7-f29c-4b6e-a1dc-31783afe2111->4f0a8cce-cba4-44f5-8366-0fb5fb6bef9c#10-t3, previous=(t:3, i:6), leaderCommit=5, initializing? false, entries: size=1, first=(t:3, i:7), METADATAENTRY(c5)
2019-10-16 06:59:01,762 [java.util.concurrent.ThreadPoolExecutor$Worker@4e0b4352[State = -1, empty queue]] WARN  server.GrpcLogAppender (GrpcLogAppender.java:timeoutAppendRequest(209)) - d2d597b7-f29c-4b6e-a1dc-31783afe2111@group-767F7A20ABB4->4f0a8cce-cba4-44f5-8366-0fb5fb6bef9c-GrpcLogAppender: appendEntries Timeout, request=d2d597b7-f29c-4b6e-a1dc-31783afe2111->4f0a8cce-cba4-44f5-8366-0fb5fb6bef9c#11-t3, previous=(t:3, i:7), leaderCommit=6, initializing? false, entries: size=1, first=(t:3, i:8), METADATAENTRY(c6)
2019-10-16 06:59:04,264 [java.util.concurrent.ThreadPoolExecutor$Worker@4e0b4352[State = -1, empty queue]] WARN  server.GrpcLogAppender (GrpcLogAppender.java:timeoutAppendRequest(209)) - d2d597b7-f29c-4b6e-a1dc-31783afe2111@group-767F7A20ABB4->4f0a8cce-cba4-44f5-8366-0fb5fb6bef9c-GrpcLogAppender: appendEntries Timeout, request=d2d597b7-f29c-4b6e-a1dc-31783afe2111->4f0a8cce-cba4-44f5-8366-0fb5fb6bef9c#12-t3, previous=(t:3, i:8), leaderCommit=8, initializing? false, entries: <empty>
2019-10-16 06:59:06,765 [java.util.concurrent.ThreadPoolExecutor$Worker@4e0b4352[State = -1, empty queue]] WARN  server.GrpcLogAppender (GrpcLogAppender.java:timeoutAppendRequest(209)) - d2d597b7-f29c-4b6e-a1dc-31783afe2111@group-767F7A20ABB4->4f0a8cce-cba4-44f5-8366-0fb5fb6bef9c-GrpcLogAppender: appendEntries Timeout, request=d2d597b7-f29c-4b6e-a1dc-31783afe2111->4f0a8cce-cba4-44f5-8366-0fb5fb6bef9c#13-t3, previous=(t:3, i:8), leaderCommit=8, initializing? false, entries: <empty>
2019-10-16 06:59:07,790 [Thread-302] INFO  client.GrpcClientProtocolService (GrpcClientProtocolService.java:lambda$processClientRequest$0(278)) - Failed RaftClientRequest:client-C8ADB546B70F->433771fa-af38-4628-a40e-96bcd22c3694@group-767F7A20ABB4, cid=10, seq=0, Watch-ALL_COMMITTED(6), Message:<EMPTY>, reply=RaftClientReply:client-C8ADB546B70F->433771fa-af38-4628-a40e-96bcd22c3694@group-767F7A20ABB4, cid=10, FAILED org.apache.ratis.protocol.NotLeaderException: Server 433771fa-af38-4628-a40e-96bcd22c3694@group-767F7A20ABB4 is not the leader d2d597b7-f29c-4b6e-a1dc-31783afe2111:192.168.69.68:40938, logIndex=0, commits[433771fa-af38-4628-a40e-96bcd22c3694:c8, 4f0a8cce-cba4-44f5-8366-0fb5fb6bef9c:c4, d2d597b7-f29c-4b6e-a1dc-31783afe2111:c8]
2019-10-16 06:59:08,887 [Thread-306] INFO  client.GrpcClientProtocolService (GrpcClientProtocolService.java:lambda$processClientRequest$0(278)) - Failed RaftClientRequest:client-C8ADB546B70F->d2d597b7-f29c-4b6e-a1dc-31783afe2111@group-767F7A20ABB4, cid=10, seq=0, Watch-ALL_COMMITTED(6), Message:<EMPTY>, reply=RaftClientReply:client-C8ADB546B70F->d2d597b7-f29c-4b6e-a1dc-31783afe2111@group-767F7A20ABB4, cid=10, FAILED org.apache.ratis.protocol.NotReplicatedException: Request with call Id 10 and log index 6 is not yet replicated to ALL_COMMITTED, logIndex=6, commits[d2d597b7-f29c-4b6e-a1dc-31783afe2111:c8, 433771fa-af38-4628-a40e-96bcd22c3694:c8, 4f0a8cce-cba4-44f5-8366-0fb5fb6bef9c:c4]
2019-10-16 06:59:09,267 [java.util.concurrent.ThreadPoolExecutor$Worker@4e0b4352[State = -1, empty queue]] WARN  server.GrpcLogAppender (GrpcLogAppender.java:timeoutAppendRequest(209)) - d2d597b7-f29c-4b6e-a1dc-31783afe2111@group-767F7A20ABB4->4f0a8cce-cba4-44f5-8366-0fb5fb6bef9c-GrpcLogAppender: appendEntries Timeout, request=d2d597b7-f29c-4b6e-a1dc-31783afe2111->4f0a8cce-cba4-44f5-8366-0fb5fb6bef9c#14-t3, previous=(t:3, i:8), leaderCommit=8, initializing? false, entries: <empty>
2019-10-16 06:59:11,767 [java.util.concurrent.ThreadPoolExecutor$Worker@4e0b4352[State = -1, empty queue]] WARN  server.GrpcLogAppender (GrpcLogAppender.java:timeoutAppendRequest(209)) - d2d597b7-f29c-4b6e-a1dc-31783afe2111@group-767F7A20ABB4->4f0a8cce-cba4-44f5-8366-0fb5fb6bef9c-GrpcLogAppender: appendEntries Timeout, request=d2d597b7-f29c-4b6e-a1dc-31783afe2111->4f0a8cce-cba4-44f5-8366-0fb5fb6bef9c#15-t3, previous=(t:3, i:8), leaderCommit=8, initializing? false, entries: <empty>
2019-10-16 06:59:14,269 [java.util.concurrent.ThreadPoolExecutor$Worker@4e0b4352[State = -1, empty queue]] WARN  server.GrpcLogAppender (GrpcLogAppender.java:timeoutAppendRequest(209)) - d2d597b7-f29c-4b6e-a1dc-31783afe2111@group-767F7A20ABB4->4f0a8cce-cba4-44f5-8366-0fb5fb6bef9c-GrpcLogAppender: appendEntries Timeout, request=d2d597b7-f29c-4b6e-a1dc-31783afe2111->4f0a8cce-cba4-44f5-8366-0fb5fb6bef9c#16-t3, previous=(t:3, i:8), leaderCommit=8, initializing? false, entries: <empty>
2019-10-16 06:59:16,769 [java.util.concurrent.ThreadPoolExecutor$Worker@4e0b4352[State = -1, empty queue]] WARN  server.GrpcLogAppender (GrpcLogAppender.java:timeoutAppendRequest(209)) - d2d597b7-f29c-4b6e-a1dc-31783afe2111@group-767F7A20ABB4->4f0a8cce-cba4-44f5-8366-0fb5fb6bef9c-GrpcLogAppender: appendEntries Timeout, request=d2d597b7-f29c-4b6e-a1dc-31783afe2111->4f0a8cce-cba4-44f5-8366-0fb5fb6bef9c#17-t3, previous=(t:3, i:8), leaderCommit=8, initializing? false, entries: <empty>
2019-10-16 06:59:17,842 [Thread-314] INFO  client.GrpcClientProtocolService (GrpcClientProtocolService.java:lambda$processClientRequest$0(278)) - Failed RaftClientRequest:client-C8ADB546B70F->433771fa-af38-4628-a40e-96bcd22c3694@group-767F7A20ABB4, cid=10, seq=0, Watch-ALL_COMMITTED(6), Message:<EMPTY>, reply=RaftClientReply:client-C8ADB546B70F->433771fa-af38-4628-a40e-96bcd22c3694@group-767F7A20ABB4, cid=10, FAILED org.apache.ratis.protocol.NotLeaderException: Server 433771fa-af38-4628-a40e-96bcd22c3694@group-767F7A20ABB4 is not the leader d2d597b7-f29c-4b6e-a1dc-31783afe2111:192.168.69.68:40938, logIndex=0, commits[433771fa-af38-4628-a40e-96bcd22c3694:c8, 4f0a8cce-cba4-44f5-8366-0fb5fb6bef9c:c4, d2d597b7-f29c-4b6e-a1dc-31783afe2111:c8]
2019-10-16 06:59:17,885 [Thread-317] INFO  client.GrpcClientProtocolService (GrpcClientProtocolService.java:lambda$processClientRequest$0(278)) - Failed RaftClientRequest:client-C8ADB546B70F->d2d597b7-f29c-4b6e-a1dc-31783afe2111@group-767F7A20ABB4, cid=10, seq=0, Watch-ALL_COMMITTED(6), Message:<EMPTY>, reply=RaftClientReply:client-C8ADB546B70F->d2d597b7-f29c-4b6e-a1dc-31783afe2111@group-767F7A20ABB4, cid=10, FAILED org.apache.ratis.protocol.NotReplicatedException: Request with call Id 10 and log index 6 is not yet replicated to ALL_COMMITTED, logIndex=6, commits[d2d597b7-f29c-4b6e-a1dc-31783afe2111:c8, 433771fa-af38-4628-a40e-96bcd22c3694:c8, 4f0a8cce-cba4-44f5-8366-0fb5fb6bef9c:c4]
2019-10-16 06:59:19,270 [java.util.concurrent.ThreadPoolExecutor$Worker@4e0b4352[State = -1, empty queue]] WARN  server.GrpcLogAppender (GrpcLogAppender.java:timeoutAppendRequest(209)) - d2d597b7-f29c-4b6e-a1dc-31783afe2111@group-767F7A20ABB4->4f0a8cce-cba4-44f5-8366-0fb5fb6bef9c-GrpcLogAppender: appendEntries Timeout, request=d2d597b7-f29c-4b6e-a1dc-31783afe2111->4f0a8cce-cba4-44f5-8366-0fb5fb6bef9c#18-t3, previous=(t:3, i:8), leaderCommit=8, initializing? false, entries: <empty>
2019-10-16 06:59:21,771 [java.util.concurrent.ThreadPoolExecutor$Worker@4e0b4352[State = -1, empty queue]] WARN  server.GrpcLogAppender (GrpcLogAppender.java:timeoutAppendRequest(209)) - d2d597b7-f29c-4b6e-a1dc-31783afe2111@group-767F7A20ABB4->4f0a8cce-cba4-44f5-8366-0fb5fb6bef9c-GrpcLogAppender: appendEntries Timeout, request=d2d597b7-f29c-4b6e-a1dc-31783afe2111->4f0a8cce-cba4-44f5-8366-0fb5fb6bef9c#19-t3, previous=(t:3, i:8), leaderCommit=8, initializing? false, entries: <empty>
2019-10-16 06:59:24,273 [java.util.concurrent.ThreadPoolExecutor$Worker@4e0b4352[State = -1, empty queue]] WARN  server.GrpcLogAppender (GrpcLogAppender.java:timeoutAppendRequest(209)) - d2d597b7-f29c-4b6e-a1dc-31783afe2111@group-767F7A20ABB4->4f0a8cce-cba4-44f5-8366-0fb5fb6bef9c-GrpcLogAppender: appendEntries Timeout, request=d2d597b7-f29c-4b6e-a1dc-31783afe2111->4f0a8cce-cba4-44f5-8366-0fb5fb6bef9c#20-t3, previous=(t:3, i:8), leaderCommit=8, initializing? false, entries: <empty>
2019-10-16 06:59:26,774 [java.util.concurrent.ThreadPoolExecutor$Worker@4e0b4352[State = -1, empty queue]] WARN  server.GrpcLogAppender (GrpcLogAppender.java:timeoutAppendRequest(209)) - d2d597b7-f29c-4b6e-a1dc-31783afe2111@group-767F7A20ABB4->4f0a8cce-cba4-44f5-8366-0fb5fb6bef9c-GrpcLogAppender: appendEntries Timeout, request=d2d597b7-f29c-4b6e-a1dc-31783afe2111->4f0a8cce-cba4-44f5-8366-0fb5fb6bef9c#21-t3, previous=(t:3, i:8), leaderCommit=8, initializing? false, entries: <empty>
2019-10-16 06:59:27,884 [Thread-326] INFO  client.GrpcClientProtocolService (GrpcClientProtocolService.java:lambda$processClientRequest$0(278)) - Failed RaftClientRequest:client-C8ADB546B70F->d2d597b7-f29c-4b6e-a1dc-31783afe2111@group-767F7A20ABB4, cid=10, seq=0, Watch-ALL_COMMITTED(6), Message:<EMPTY>, reply=RaftClientReply:client-C8ADB546B70F->d2d597b7-f29c-4b6e-a1dc-31783afe2111@group-767F7A20ABB4, cid=10, FAILED org.apache.ratis.protocol.NotReplicatedException: Request with call Id 10 and log index 6 is not yet replicated to ALL_COMMITTED, logIndex=6, commits[d2d597b7-f29c-4b6e-a1dc-31783afe2111:c8, 433771fa-af38-4628-a40e-96bcd22c3694:c8, 4f0a8cce-cba4-44f5-8366-0fb5fb6bef9c:c4]
2019-10-16 06:59:28,777 [main] WARN  scm.XceiverClientRatis (XceiverClientRatis.java:watchForCommit(277)) - 3 way commit failed on pipeline Pipeline[ Id: f466b838-ca87-44ef-9280-767f7a20abb4, Nodes: 4f0a8cce-cba4-44f5-8366-0fb5fb6bef9c{ip: 192.168.69.68, host: pr-hdds-2313-mzbf2-1866299523, networkLocation: /default-rack, certSerialId: null}433771fa-af38-4628-a40e-96bcd22c3694{ip: 192.168.69.68, host: pr-hdds-2313-mzbf2-1866299523, networkLocation: /default-rack, certSerialId: null}d2d597b7-f29c-4b6e-a1dc-31783afe2111{ip: 192.168.69.68, host: pr-hdds-2313-mzbf2-1866299523, networkLocation: /default-rack, certSerialId: null}, Type:RATIS, Factor:THREE, State:OPEN]
java.util.concurrent.TimeoutException
	at java.util.concurrent.CompletableFuture.timedGet(CompletableFuture.java:1771)
	at java.util.concurrent.CompletableFuture.get(CompletableFuture.java:1915)
	at org.apache.hadoop.hdds.scm.XceiverClientRatis.watchForCommit(XceiverClientRatis.java:274)
	at org.apache.hadoop.hdds.scm.storage.CommitWatcher.watchForCommit(CommitWatcher.java:198)
	at org.apache.hadoop.hdds.scm.storage.CommitWatcher.watchOnLastIndex(CommitWatcher.java:161)
	at org.apache.hadoop.hdds.scm.storage.BlockOutputStream.watchForCommit(BlockOutputStream.java:346)
	at org.apache.hadoop.hdds.scm.storage.BlockOutputStream.handleFlush(BlockOutputStream.java:482)
	at org.apache.hadoop.hdds.scm.storage.BlockOutputStream.close(BlockOutputStream.java:496)
	at org.apache.hadoop.ozone.client.io.BlockOutputStreamEntry.close(BlockOutputStreamEntry.java:143)
	at org.apache.hadoop.ozone.client.io.KeyOutputStream.handleFlushOrClose(KeyOutputStream.java:435)
	at org.apache.hadoop.ozone.client.io.KeyOutputStream.close(KeyOutputStream.java:473)
	at org.apache.hadoop.ozone.client.io.OzoneOutputStream.close(OzoneOutputStream.java:60)
	at org.apache.hadoop.ozone.client.rpc.TestDeleteWithSlowFollower.testDeleteKeyWithSlowFollower(TestDeleteWithSlowFollower.java:193)
	at sun.reflect.NativeMethodAccessorImpl.invoke0(Native Method)
	at sun.reflect.NativeMethodAccessorImpl.invoke(NativeMethodAccessorImpl.java:62)
	at sun.reflect.DelegatingMethodAccessorImpl.invoke(DelegatingMethodAccessorImpl.java:43)
	at java.lang.reflect.Method.invoke(Method.java:498)
	at org.junit.runners.model.FrameworkMethod$1.runReflectiveCall(FrameworkMethod.java:47)
	at org.junit.internal.runners.model.ReflectiveCallable.run(ReflectiveCallable.java:12)
	at org.junit.runners.model.FrameworkMethod.invokeExplosively(FrameworkMethod.java:44)
	at org.junit.internal.runners.statements.InvokeMethod.evaluate(InvokeMethod.java:17)
	at org.junit.runners.ParentRunner.runLeaf(ParentRunner.java:271)
	at org.junit.runners.BlockJUnit4ClassRunner.runChild(BlockJUnit4ClassRunner.java:70)
	at org.junit.runners.BlockJUnit4ClassRunner.runChild(BlockJUnit4ClassRunner.java:50)
	at org.junit.runners.ParentRunner$3.run(ParentRunner.java:238)
	at org.junit.runners.ParentRunner$1.schedule(ParentRunner.java:63)
	at org.junit.runners.ParentRunner.runChildren(ParentRunner.java:236)
	at org.junit.runners.ParentRunner.access$000(ParentRunner.java:53)
	at org.junit.runners.ParentRunner$2.evaluate(ParentRunner.java:229)
	at org.junit.internal.runners.statements.RunBefores.evaluate(RunBefores.java:26)
	at org.junit.internal.runners.statements.RunAfters.evaluate(RunAfters.java:27)
	at org.junit.runners.ParentRunner.run(ParentRunner.java:309)
	at org.apache.maven.surefire.junit4.JUnit4Provider.execute(JUnit4Provider.java:365)
	at org.apache.maven.surefire.junit4.JUnit4Provider.executeWithRerun(JUnit4Provider.java:273)
	at org.apache.maven.surefire.junit4.JUnit4Provider.executeTestSet(JUnit4Provider.java:238)
	at org.apache.maven.surefire.junit4.JUnit4Provider.invoke(JUnit4Provider.java:159)
	at org.apache.maven.surefire.booter.ForkedBooter.invokeProviderInSameClassLoader(ForkedBooter.java:384)
	at org.apache.maven.surefire.booter.ForkedBooter.runSuitesInProcess(ForkedBooter.java:345)
	at org.apache.maven.surefire.booter.ForkedBooter.execute(ForkedBooter.java:126)
	at org.apache.maven.surefire.booter.ForkedBooter.main(ForkedBooter.java:418)
2019-10-16 06:59:28,792 [main] INFO  scm.XceiverClientRatis (XceiverClientRatis.java:lambda$watchForCommit$5(295)) - Could not commit index 6 on pipeline Pipeline[ Id: f466b838-ca87-44ef-9280-767f7a20abb4, Nodes: 4f0a8cce-cba4-44f5-8366-0fb5fb6bef9c{ip: 192.168.69.68, host: pr-hdds-2313-mzbf2-1866299523, networkLocation: /default-rack, certSerialId: null}433771fa-af38-4628-a40e-96bcd22c3694{ip: 192.168.69.68, host: pr-hdds-2313-mzbf2-1866299523, networkLocation: /default-rack, certSerialId: null}d2d597b7-f29c-4b6e-a1dc-31783afe2111{ip: 192.168.69.68, host: pr-hdds-2313-mzbf2-1866299523, networkLocation: /default-rack, certSerialId: null}, Type:RATIS, Factor:THREE, State:OPEN] to all the nodes. Server 4f0a8cce-cba4-44f5-8366-0fb5fb6bef9c has failed. Committed by majority.
2019-10-16 06:59:28,792 [main] WARN  storage.BlockOutputStream (BlockOutputStream.java:watchForCommit(352)) - Failed to commit BlockId conID: 1 locID: 102970761743171584 bcsId: 6 on Pipeline[ Id: f466b838-ca87-44ef-9280-767f7a20abb4, Nodes: 4f0a8cce-cba4-44f5-8366-0fb5fb6bef9c{ip: 192.168.69.68, host: pr-hdds-2313-mzbf2-1866299523, networkLocation: /default-rack, certSerialId: null}433771fa-af38-4628-a40e-96bcd22c3694{ip: 192.168.69.68, host: pr-hdds-2313-mzbf2-1866299523, networkLocation: /default-rack, certSerialId: null}d2d597b7-f29c-4b6e-a1dc-31783afe2111{ip: 192.168.69.68, host: pr-hdds-2313-mzbf2-1866299523, networkLocation: /default-rack, certSerialId: null}, Type:RATIS, Factor:THREE, State:OPEN]. Failed nodes: [4f0a8cce-cba4-44f5-8366-0fb5fb6bef9c{ip: null, host: null, networkLocation: /default-rack, certSerialId: null}]
2019-10-16 06:59:29,275 [java.util.concurrent.ThreadPoolExecutor$Worker@4e0b4352[State = -1, empty queue]] WARN  server.GrpcLogAppender (GrpcLogAppender.java:timeoutAppendRequest(209)) - d2d597b7-f29c-4b6e-a1dc-31783afe2111@group-767F7A20ABB4->4f0a8cce-cba4-44f5-8366-0fb5fb6bef9c-GrpcLogAppender: appendEntries Timeout, request=d2d597b7-f29c-4b6e-a1dc-31783afe2111->4f0a8cce-cba4-44f5-8366-0fb5fb6bef9c#22-t3, previous=(t:3, i:8), leaderCommit=8, initializing? false, entries: <empty>
2019-10-16 06:59:29,865 [EventQueue-IncrementalContainerReportForIncrementalContainerReportHandler] WARN  container.IncrementalContainerReportHandler (AbstractContainerReportHandler.java:updateContainerState(145)) - Container #1 is in OPEN state, but the datanode d2d597b7-f29c-4b6e-a1dc-31783afe2111{ip: 192.168.69.68, host: pr-hdds-2313-mzbf2-1866299523, networkLocation: /default-rack, certSerialId: null} reports an CLOSING replica.
2019-10-16 06:59:29,866 [RatisApplyTransactionExecutor 1] INFO  interfaces.Container (KeyValueContainer.java:flushAndSyncDB(386)) - Container 1 is synced with bcsId 6.
2019-10-16 06:59:29,866 [RatisApplyTransactionExecutor 1] INFO  interfaces.Container (KeyValueContainer.java:flushAndSyncDB(386)) - Container 1 is synced with bcsId 6.
2019-10-16 06:59:29,882 [RatisApplyTransactionExecutor 1] INFO  interfaces.Container (KeyValueContainer.java:close(335)) - Container 1 is closed with bcsId 6.
2019-10-16 06:59:29,887 [EventQueue-IncrementalContainerReportForIncrementalContainerReportHandler] WARN  container.IncrementalContainerReportHandler (AbstractContainerReportHandler.java:updateContainerState(145)) - Container #1 is in OPEN state, but the datanode d2d597b7-f29c-4b6e-a1dc-31783afe2111{ip: 192.168.69.68, host: pr-hdds-2313-mzbf2-1866299523, networkLocation: /default-rack, certSerialId: null} reports an CLOSED replica.
2019-10-16 06:59:29,887 [EventQueue-IncrementalContainerReportForIncrementalContainerReportHandler] WARN  container.IncrementalContainerReportHandler (AbstractContainerReportHandler.java:updateContainerState(145)) - Container #1 is in OPEN state, but the datanode 433771fa-af38-4628-a40e-96bcd22c3694{ip: 192.168.69.68, host: pr-hdds-2313-mzbf2-1866299523, networkLocation: /default-rack, certSerialId: null} reports an CLOSING replica.
2019-10-16 06:59:29,894 [RatisApplyTransactionExecutor 1] INFO  interfaces.Container (KeyValueContainer.java:flushAndSyncDB(386)) - Container 1 is synced with bcsId 6.
2019-10-16 06:59:29,895 [RatisApplyTransactionExecutor 1] INFO  interfaces.Container (KeyValueContainer.java:flushAndSyncDB(386)) - Container 1 is synced with bcsId 6.
2019-10-16 06:59:29,912 [RatisApplyTransactionExecutor 1] INFO  interfaces.Container (KeyValueContainer.java:close(335)) - Container 1 is closed with bcsId 6.
2019-10-16 06:59:29,914 [EventQueue-IncrementalContainerReportForIncrementalContainerReportHandler] WARN  container.IncrementalContainerReportHandler (AbstractContainerReportHandler.java:updateContainerState(145)) - Container #1 is in OPEN state, but the datanode 433771fa-af38-4628-a40e-96bcd22c3694{ip: 192.168.69.68, host: pr-hdds-2313-mzbf2-1866299523, networkLocation: /default-rack, certSerialId: null} reports an CLOSED replica.
2019-10-16 06:59:29,927 [IPC Server handler 0 on 43879] INFO  server.SCMBlockProtocolServer (SCMBlockProtocolServer.java:deleteKeyBlocks(212)) - SCM is informed by OM to delete 1 blocks
2019-10-16 06:59:29,927 [IPC Server handler 0 on 43879] INFO  block.BlockManagerImpl (BlockManagerImpl.java:deleteBlocks(285)) - Deleting blocks conID: 1 locID: 102970761743171584 bcsId: 0
2019-10-16 06:59:30,046 [BlockDeletingService#2] WARN  background.BlockDeletingService (BlockDeletingService.java:isDeletionAllowed(187)) - Close Container log Index 6 is not replicated across allthe servers in the pipeline f466b838-ca87-44ef-9280-767f7a20abb4 as the min replicated index is 4. Deletion is not allowed in this container yet.
2019-10-16 06:59:30,047 [BlockDeletingService#0] WARN  background.BlockDeletingService (BlockDeletingService.java:isDeletionAllowed(187)) - Close Container log Index 6 is not replicated across allthe servers in the pipeline f466b838-ca87-44ef-9280-767f7a20abb4 as the min replicated index is 4. Deletion is not allowed in this container yet.
2019-10-16 06:59:30,083 [EventQueue-ContainerReportForContainerReportHandler] WARN  container.ContainerReportHandler (AbstractContainerReportHandler.java:updateContainerState(145)) - Container #1 is in OPEN state, but the datanode d2d597b7-f29c-4b6e-a1dc-31783afe2111{ip: 192.168.69.68, host: pr-hdds-2313-mzbf2-1866299523, networkLocation: /default-rack, certSerialId: null} reports an CLOSED replica.
2019-10-16 06:59:30,113 [EventQueue-ContainerReportForContainerReportHandler] WARN  container.ContainerReportHandler (AbstractContainerReportHandler.java:updateContainerState(145)) - Container #1 is in OPEN state, but the datanode 433771fa-af38-4628-a40e-96bcd22c3694{ip: 192.168.69.68, host: pr-hdds-2313-mzbf2-1866299523, networkLocation: /default-rack, certSerialId: null} reports an CLOSED replica.
2019-10-16 06:59:30,384 [EventQueue-ContainerReportForContainerReportHandler] WARN  container.ContainerReportHandler (AbstractContainerReportHandler.java:updateContainerState(145)) - Container #1 is in OPEN state, but the datanode d2d597b7-f29c-4b6e-a1dc-31783afe2111{ip: 192.168.69.68, host: pr-hdds-2313-mzbf2-1866299523, networkLocation: /default-rack, certSerialId: null} reports an CLOSED replica.
2019-10-16 06:59:30,413 [EventQueue-ContainerReportForContainerReportHandler] WARN  container.ContainerReportHandler (AbstractContainerReportHandler.java:updateContainerState(145)) - Container #1 is in OPEN state, but the datanode 433771fa-af38-4628-a40e-96bcd22c3694{ip: 192.168.69.68, host: pr-hdds-2313-mzbf2-1866299523, networkLocation: /default-rack, certSerialId: null} reports an CLOSED replica.
2019-10-16 06:59:30,684 [EventQueue-ContainerReportForContainerReportHandler] WARN  container.ContainerReportHandler (AbstractContainerReportHandler.java:updateContainerState(145)) - Container #1 is in OPEN state, but the datanode d2d597b7-f29c-4b6e-a1dc-31783afe2111{ip: 192.168.69.68, host: pr-hdds-2313-mzbf2-1866299523, networkLocation: /default-rack, certSerialId: null} reports an CLOSED replica.
2019-10-16 06:59:30,714 [EventQueue-ContainerReportForContainerReportHandler] WARN  container.ContainerReportHandler (AbstractContainerReportHandler.java:updateContainerState(145)) - Container #1 is in OPEN state, but the datanode 433771fa-af38-4628-a40e-96bcd22c3694{ip: 192.168.69.68, host: pr-hdds-2313-mzbf2-1866299523, networkLocation: /default-rack, certSerialId: null} reports an CLOSED replica.
2019-10-16 06:59:31,049 [BlockDeletingService#2] WARN  background.BlockDeletingService (BlockDeletingService.java:isDeletionAllowed(187)) - Close Container log Index 6 is not replicated across allthe servers in the pipeline f466b838-ca87-44ef-9280-767f7a20abb4 as the min replicated index is 4. Deletion is not allowed in this container yet.
2019-10-16 06:59:31,049 [BlockDeletingService#0] WARN  background.BlockDeletingService (BlockDeletingService.java:isDeletionAllowed(187)) - Close Container log Index 6 is not replicated across allthe servers in the pipeline f466b838-ca87-44ef-9280-767f7a20abb4 as the min replicated index is 4. Deletion is not allowed in this container yet.
2019-10-16 06:59:31,084 [EventQueue-ContainerReportForContainerReportHandler] WARN  container.ContainerReportHandler (AbstractContainerReportHandler.java:updateContainerState(145)) - Container #1 is in OPEN state, but the datanode d2d597b7-f29c-4b6e-a1dc-31783afe2111{ip: 192.168.69.68, host: pr-hdds-2313-mzbf2-1866299523, networkLocation: /default-rack, certSerialId: null} reports an CLOSED replica.
2019-10-16 06:59:31,113 [EventQueue-ContainerReportForContainerReportHandler] WARN  container.ContainerReportHandler (AbstractContainerReportHandler.java:updateContainerState(145)) - Container #1 is in OPEN state, but the datanode 433771fa-af38-4628-a40e-96bcd22c3694{ip: 192.168.69.68, host: pr-hdds-2313-mzbf2-1866299523, networkLocation: /default-rack, certSerialId: null} reports an CLOSED replica.
2019-10-16 06:59:31,313 [EventQueue-ContainerReportForContainerReportHandler] WARN  container.ContainerReportHandler (AbstractContainerReportHandler.java:updateContainerState(145)) - Container #1 is in OPEN state, but the datanode 433771fa-af38-4628-a40e-96bcd22c3694{ip: 192.168.69.68, host: pr-hdds-2313-mzbf2-1866299523, networkLocation: /default-rack, certSerialId: null} reports an CLOSED replica.
2019-10-16 06:59:31,384 [EventQueue-ContainerReportForContainerReportHandler] WARN  container.ContainerReportHandler (AbstractContainerReportHandler.java:updateContainerState(145)) - Container #1 is in OPEN state, but the datanode d2d597b7-f29c-4b6e-a1dc-31783afe2111{ip: 192.168.69.68, host: pr-hdds-2313-mzbf2-1866299523, networkLocation: /default-rack, certSerialId: null} reports an CLOSED replica.
2019-10-16 06:59:31,514 [EventQueue-ContainerReportForContainerReportHandler] WARN  container.ContainerReportHandler (AbstractContainerReportHandler.java:updateContainerState(145)) - Container #1 is in OPEN state, but the datanode 433771fa-af38-4628-a40e-96bcd22c3694{ip: 192.168.69.68, host: pr-hdds-2313-mzbf2-1866299523, networkLocation: /default-rack, certSerialId: null} reports an CLOSED replica.
2019-10-16 06:59:31,684 [EventQueue-ContainerReportForContainerReportHandler] WARN  container.ContainerReportHandler (AbstractContainerReportHandler.java:updateContainerState(145)) - Container #1 is in OPEN state, but the datanode d2d597b7-f29c-4b6e-a1dc-31783afe2111{ip: 192.168.69.68, host: pr-hdds-2313-mzbf2-1866299523, networkLocation: /default-rack, certSerialId: null} reports an CLOSED replica.
2019-10-16 06:59:31,776 [java.util.concurrent.ThreadPoolExecutor$Worker@4e0b4352[State = -1, empty queue]] WARN  server.GrpcLogAppender (GrpcLogAppender.java:timeoutAppendRequest(209)) - d2d597b7-f29c-4b6e-a1dc-31783afe2111@group-767F7A20ABB4->4f0a8cce-cba4-44f5-8366-0fb5fb6bef9c-GrpcLogAppender: appendEntries Timeout, request=d2d597b7-f29c-4b6e-a1dc-31783afe2111->4f0a8cce-cba4-44f5-8366-0fb5fb6bef9c#23-t3, previous=(t:3, i:8), leaderCommit=8, initializing? false, entries: <empty>
2019-10-16 06:59:31,815 [EventQueue-ContainerReportForContainerReportHandler] WARN  container.ContainerReportHandler (AbstractContainerReportHandler.java:updateContainerState(145)) - Container #1 is in OPEN state, but the datanode 433771fa-af38-4628-a40e-96bcd22c3694{ip: 192.168.69.68, host: pr-hdds-2313-mzbf2-1866299523, networkLocation: /default-rack, certSerialId: null} reports an CLOSED replica.
2019-10-16 06:59:31,984 [EventQueue-ContainerReportForContainerReportHandler] WARN  container.ContainerReportHandler (AbstractContainerReportHandler.java:updateContainerState(145)) - Container #1 is in OPEN state, but the datanode d2d597b7-f29c-4b6e-a1dc-31783afe2111{ip: 192.168.69.68, host: pr-hdds-2313-mzbf2-1866299523, networkLocation: /default-rack, certSerialId: null} reports an CLOSED replica.
2019-10-16 06:59:32,051 [BlockDeletingService#0] WARN  background.BlockDeletingService (BlockDeletingService.java:isDeletionAllowed(187)) - Close Container log Index 6 is not replicated across allthe servers in the pipeline f466b838-ca87-44ef-9280-767f7a20abb4 as the min replicated index is 4. Deletion is not allowed in this container yet.
2019-10-16 06:59:32,051 [BlockDeletingService#2] WARN  background.BlockDeletingService (BlockDeletingService.java:isDeletionAllowed(187)) - Close Container log Index 6 is not replicated across allthe servers in the pipeline f466b838-ca87-44ef-9280-767f7a20abb4 as the min replicated index is 4. Deletion is not allowed in this container yet.
2019-10-16 06:59:32,115 [EventQueue-ContainerReportForContainerReportHandler] WARN  container.ContainerReportHandler (AbstractContainerReportHandler.java:updateContainerState(145)) - Container #1 is in OPEN state, but the datanode 433771fa-af38-4628-a40e-96bcd22c3694{ip: 192.168.69.68, host: pr-hdds-2313-mzbf2-1866299523, networkLocation: /default-rack, certSerialId: null} reports an CLOSED replica.
2019-10-16 06:59:32,284 [EventQueue-ContainerReportForContainerReportHandler] WARN  container.ContainerReportHandler (AbstractContainerReportHandler.java:updateContainerState(145)) - Container #1 is in OPEN state, but the datanode d2d597b7-f29c-4b6e-a1dc-31783afe2111{ip: 192.168.69.68, host: pr-hdds-2313-mzbf2-1866299523, networkLocation: /default-rack, certSerialId: null} reports an CLOSED replica.
2019-10-16 06:59:32,485 [EventQueue-ContainerReportForContainerReportHandler] WARN  container.ContainerReportHandler (AbstractContainerReportHandler.java:updateContainerState(145)) - Container #1 is in OPEN state, but the datanode d2d597b7-f29c-4b6e-a1dc-31783afe2111{ip: 192.168.69.68, host: pr-hdds-2313-mzbf2-1866299523, networkLocation: /default-rack, certSerialId: null} reports an CLOSED replica.
2019-10-16 06:59:32,516 [EventQueue-ContainerReportForContainerReportHandler] WARN  container.ContainerReportHandler (AbstractContainerReportHandler.java:updateContainerState(145)) - Container #1 is in OPEN state, but the datanode 433771fa-af38-4628-a40e-96bcd22c3694{ip: 192.168.69.68, host: pr-hdds-2313-mzbf2-1866299523, networkLocation: /default-rack, certSerialId: null} reports an CLOSED replica.
2019-10-16 06:59:32,717 [EventQueue-ContainerReportForContainerReportHandler] WARN  container.ContainerReportHandler (AbstractContainerReportHandler.java:updateContainerState(145)) - Container #1 is in OPEN state, but the datanode 433771fa-af38-4628-a40e-96bcd22c3694{ip: 192.168.69.68, host: pr-hdds-2313-mzbf2-1866299523, networkLocation: /default-rack, certSerialId: null} reports an CLOSED replica.
2019-10-16 06:59:32,836 [java.util.concurrent.ThreadPoolExecutor$Worker@4e0b4352[State = -1, empty queue]] WARN  server.GrpcLogAppender (GrpcLogAppender.java:timeoutAppendRequest(209)) - d2d597b7-f29c-4b6e-a1dc-31783afe2111@group-767F7A20ABB4->4f0a8cce-cba4-44f5-8366-0fb5fb6bef9c-GrpcLogAppender: appendEntries Timeout, request=d2d597b7-f29c-4b6e-a1dc-31783afe2111->4f0a8cce-cba4-44f5-8366-0fb5fb6bef9c#24-t3, previous=(t:3, i:8), leaderCommit=8, initializing? false, entries: size=1, first=(t:3, i:9), STATEMACHINELOGENTRY, client-6B3E739D88B7, cid=12
2019-10-16 06:59:32,851 [java.util.concurrent.ThreadPoolExecutor$Worker@4e0b4352[State = -1, empty queue]] WARN  server.GrpcLogAppender (GrpcLogAppender.java:timeoutAppendRequest(209)) - d2d597b7-f29c-4b6e-a1dc-31783afe2111@group-767F7A20ABB4->4f0a8cce-cba4-44f5-8366-0fb5fb6bef9c-GrpcLogAppender: appendEntries Timeout, request=d2d597b7-f29c-4b6e-a1dc-31783afe2111->4f0a8cce-cba4-44f5-8366-0fb5fb6bef9c#25-t3, previous=(t:3, i:9), leaderCommit=9, initializing? false, entries: size=1, first=(t:3, i:10), METADATAENTRY(c9)
2019-10-16 06:59:32,885 [EventQueue-ContainerReportForContainerReportHandler] WARN  container.ContainerReportHandler (AbstractContainerReportHandler.java:updateContainerState(145)) - Container #1 is in OPEN state, but the datanode d2d597b7-f29c-4b6e-a1dc-31783afe2111{ip: 192.168.69.68, host: pr-hdds-2313-mzbf2-1866299523, networkLocation: /default-rack, certSerialId: null} reports an CLOSED replica.
2019-10-16 06:59:32,916 [EventQueue-ContainerReportForContainerReportHandler] WARN  container.ContainerReportHandler (AbstractContainerReportHandler.java:updateContainerState(145)) - Container #1 is in OPEN state, but the datanode 433771fa-af38-4628-a40e-96bcd22c3694{ip: 192.168.69.68, host: pr-hdds-2313-mzbf2-1866299523, networkLocation: /default-rack, certSerialId: null} reports an CLOSED replica.
2019-10-16 06:59:33,053 [BlockDeletingService#2] WARN  background.BlockDeletingService (BlockDeletingService.java:isDeletionAllowed(187)) - Close Container log Index 6 is not replicated across allthe servers in the pipeline f466b838-ca87-44ef-9280-767f7a20abb4 as the min replicated index is 4. Deletion is not allowed in this container yet.
2019-10-16 06:59:33,053 [BlockDeletingService#0] WARN  background.BlockDeletingService (BlockDeletingService.java:isDeletionAllowed(187)) - Close Container log Index 6 is not replicated across allthe servers in the pipeline f466b838-ca87-44ef-9280-767f7a20abb4 as the min replicated index is 4. Deletion is not allowed in this container yet.
2019-10-16 06:59:33,086 [EventQueue-ContainerReportForContainerReportHandler] WARN  container.ContainerReportHandler (AbstractContainerReportHandler.java:updateContainerState(145)) - Container #1 is in OPEN state, but the datanode d2d597b7-f29c-4b6e-a1dc-31783afe2111{ip: 192.168.69.68, host: pr-hdds-2313-mzbf2-1866299523, networkLocation: /default-rack, certSerialId: null} reports an CLOSED replica.
2019-10-16 06:59:33,216 [EventQueue-ContainerReportForContainerReportHandler] WARN  container.ContainerReportHandler (AbstractContainerReportHandler.java:updateContainerState(145)) - Container #1 is in OPEN state, but the datanode 433771fa-af38-4628-a40e-96bcd22c3694{ip: 192.168.69.68, host: pr-hdds-2313-mzbf2-1866299523, networkLocation: /default-rack, certSerialId: null} reports an CLOSED replica.
2019-10-16 06:59:33,286 [EventQueue-ContainerReportForContainerReportHandler] WARN  container.ContainerReportHandler (AbstractContainerReportHandler.java:updateContainerState(145)) - Container #1 is in OPEN state, but the datanode d2d597b7-f29c-4b6e-a1dc-31783afe2111{ip: 192.168.69.68, host: pr-hdds-2313-mzbf2-1866299523, networkLocation: /default-rack, certSerialId: null} reports an CLOSED replica.
2019-10-16 06:59:33,517 [EventQueue-ContainerReportForContainerReportHandler] WARN  container.ContainerReportHandler (AbstractContainerReportHandler.java:updateContainerState(145)) - Container #1 is in OPEN state, but the datanode 433771fa-af38-4628-a40e-96bcd22c3694{ip: 192.168.69.68, host: pr-hdds-2313-mzbf2-1866299523, networkLocation: /default-rack, certSerialId: null} reports an CLOSED replica.
2019-10-16 06:59:33,686 [EventQueue-ContainerReportForContainerReportHandler] WARN  container.ContainerReportHandler (AbstractContainerReportHandler.java:updateContainerState(145)) - Container #1 is in OPEN state, but the datanode d2d597b7-f29c-4b6e-a1dc-31783afe2111{ip: 192.168.69.68, host: pr-hdds-2313-mzbf2-1866299523, networkLocation: /default-rack, certSerialId: null} reports an CLOSED replica.
2019-10-16 06:59:33,817 [EventQueue-ContainerReportForContainerReportHandler] WARN  container.ContainerReportHandler (AbstractContainerReportHandler.java:updateContainerState(145)) - Container #1 is in OPEN state, but the datanode 433771fa-af38-4628-a40e-96bcd22c3694{ip: 192.168.69.68, host: pr-hdds-2313-mzbf2-1866299523, networkLocation: /default-rack, certSerialId: null} reports an CLOSED replica.
2019-10-16 06:59:34,017 [EventQueue-ContainerReportForContainerReportHandler] WARN  container.ContainerReportHandler (AbstractContainerReportHandler.java:updateContainerState(145)) - Container #1 is in OPEN state, but the datanode 433771fa-af38-4628-a40e-96bcd22c3694{ip: 192.168.69.68, host: pr-hdds-2313-mzbf2-1866299523, networkLocation: /default-rack, certSerialId: null} reports an CLOSED replica.
2019-10-16 06:59:34,057 [BlockDeletingService#2] WARN  background.BlockDeletingService (BlockDeletingService.java:isDeletionAllowed(187)) - Close Container log Index 6 is not replicated across allthe servers in the pipeline f466b838-ca87-44ef-9280-767f7a20abb4 as the min replicated index is 4. Deletion is not allowed in this container yet.
2019-10-16 06:59:34,057 [BlockDeletingService#0] WARN  background.BlockDeletingService (BlockDeletingService.java:isDeletionAllowed(187)) - Close Container log Index 6 is not replicated across allthe servers in the pipeline f466b838-ca87-44ef-9280-767f7a20abb4 as the min replicated index is 4. Deletion is not allowed in this container yet.
2019-10-16 06:59:34,086 [EventQueue-ContainerReportForContainerReportHandler] WARN  container.ContainerReportHandler (AbstractContainerReportHandler.java:updateContainerState(145)) - Container #1 is in OPEN state, but the datanode d2d597b7-f29c-4b6e-a1dc-31783afe2111{ip: 192.168.69.68, host: pr-hdds-2313-mzbf2-1866299523, networkLocation: /default-rack, certSerialId: null} reports an CLOSED replica.
2019-10-16 06:59:34,287 [EventQueue-ContainerReportForContainerReportHandler] WARN  container.ContainerReportHandler (AbstractContainerReportHandler.java:updateContainerState(145)) - Container #1 is in OPEN state, but the datanode d2d597b7-f29c-4b6e-a1dc-31783afe2111{ip: 192.168.69.68, host: pr-hdds-2313-mzbf2-1866299523, networkLocation: /default-rack, certSerialId: null} reports an CLOSED replica.
2019-10-16 06:59:34,318 [EventQueue-ContainerReportForContainerReportHandler] WARN  container.ContainerReportHandler (AbstractContainerReportHandler.java:updateContainerState(145)) - Container #1 is in OPEN state, but the datanode 433771fa-af38-4628-a40e-96bcd22c3694{ip: 192.168.69.68, host: pr-hdds-2313-mzbf2-1866299523, networkLocation: /default-rack, certSerialId: null} reports an CLOSED replica.
2019-10-16 06:59:34,620 [EventQueue-ContainerReportForContainerReportHandler] WARN  container.ContainerReportHandler (AbstractContainerReportHandler.java:updateContainerState(145)) - Container #1 is in OPEN state, but the datanode 433771fa-af38-4628-a40e-96bcd22c3694{ip: 192.168.69.68, host: pr-hdds-2313-mzbf2-1866299523, networkLocation: /default-rack, certSerialId: null} reports an CLOSED replica.
2019-10-16 06:59:34,689 [EventQueue-ContainerReportForContainerReportHandler] WARN  container.ContainerReportHandler (AbstractContainerReportHandler.java:updateContainerState(145)) - Container #1 is in OPEN state, but the datanode d2d597b7-f29c-4b6e-a1dc-31783afe2111{ip: 192.168.69.68, host: pr-hdds-2313-mzbf2-1866299523, networkLocation: /default-rack, certSerialId: null} reports an CLOSED replica.
2019-10-16 06:59:34,820 [EventQueue-ContainerReportForContainerReportHandler] WARN  container.ContainerReportHandler (AbstractContainerReportHandler.java:updateContainerState(145)) - Container #1 is in OPEN state, but the datanode 433771fa-af38-4628-a40e-96bcd22c3694{ip: 192.168.69.68, host: pr-hdds-2313-mzbf2-1866299523, networkLocation: /default-rack, certSerialId: null} reports an CLOSED replica.
2019-10-16 06:59:35,020 [EventQueue-ContainerReportForContainerReportHandler] WARN  container.ContainerReportHandler (AbstractContainerReportHandler.java:updateContainerState(145)) - Container #1 is in OPEN state, but the datanode 433771fa-af38-4628-a40e-96bcd22c3694{ip: 192.168.69.68, host: pr-hdds-2313-mzbf2-1866299523, networkLocation: /default-rack, certSerialId: null} reports an CLOSED replica.
2019-10-16 06:59:35,060 [BlockDeletingService#0] WARN  background.BlockDeletingService (BlockDeletingService.java:isDeletionAllowed(187)) - Close Container log Index 6 is not replicated across allthe servers in the pipeline f466b838-ca87-44ef-9280-767f7a20abb4 as the min replicated index is 4. Deletion is not allowed in this container yet.
2019-10-16 06:59:35,060 [BlockDeletingService#2] WARN  background.BlockDeletingService (BlockDeletingService.java:isDeletionAllowed(187)) - Close Container log Index 6 is not replicated across allthe servers in the pipeline f466b838-ca87-44ef-9280-767f7a20abb4 as the min replicated index is 4. Deletion is not allowed in this container yet.
2019-10-16 06:59:35,089 [EventQueue-ContainerReportForContainerReportHandler] WARN  container.ContainerReportHandler (AbstractContainerReportHandler.java:updateContainerState(145)) - Container #1 is in OPEN state, but the datanode d2d597b7-f29c-4b6e-a1dc-31783afe2111{ip: 192.168.69.68, host: pr-hdds-2313-mzbf2-1866299523, networkLocation: /default-rack, certSerialId: null} reports an CLOSED replica.
2019-10-16 06:59:35,352 [java.util.concurrent.ThreadPoolExecutor$Worker@4e0b4352[State = -1, empty queue]] WARN  server.GrpcLogAppender (GrpcLogAppender.java:timeoutAppendRequest(209)) - d2d597b7-f29c-4b6e-a1dc-31783afe2111@group-767F7A20ABB4->4f0a8cce-cba4-44f5-8366-0fb5fb6bef9c-GrpcLogAppender: appendEntries Timeout, request=d2d597b7-f29c-4b6e-a1dc-31783afe2111->4f0a8cce-cba4-44f5-8366-0fb5fb6bef9c#26-t3, previous=(t:3, i:10), leaderCommit=10, initializing? false, entries: <empty>
2019-10-16 06:59:35,390 [EventQueue-ContainerReportForContainerReportHandler] WARN  container.ContainerReportHandler (AbstractContainerReportHandler.java:updateContainerState(145)) - Container #1 is in OPEN state, but the datanode d2d597b7-f29c-4b6e-a1dc-31783afe2111{ip: 192.168.69.68, host: pr-hdds-2313-mzbf2-1866299523, networkLocation: /default-rack, certSerialId: null} reports an CLOSED replica.
2019-10-16 06:59:35,421 [EventQueue-ContainerReportForContainerReportHandler] WARN  container.ContainerReportHandler (AbstractContainerReportHandler.java:updateContainerState(145)) - Container #1 is in OPEN state, but the datanode 433771fa-af38-4628-a40e-96bcd22c3694{ip: 192.168.69.68, host: pr-hdds-2313-mzbf2-1866299523, networkLocation: /default-rack, certSerialId: null} reports an CLOSED replica.
2019-10-16 06:59:35,689 [EventQueue-ContainerReportForContainerReportHandler] WARN  container.ContainerReportHandler (AbstractContainerReportHandler.java:updateContainerState(145)) - Container #1 is in OPEN state, but the datanode d2d597b7-f29c-4b6e-a1dc-31783afe2111{ip: 192.168.69.68, host: pr-hdds-2313-mzbf2-1866299523, networkLocation: /default-rack, certSerialId: null} reports an CLOSED replica.
2019-10-16 06:59:35,721 [EventQueue-ContainerReportForContainerReportHandler] WARN  container.ContainerReportHandler (AbstractContainerReportHandler.java:updateContainerState(145)) - Container #1 is in OPEN state, but the datanode 433771fa-af38-4628-a40e-96bcd22c3694{ip: 192.168.69.68, host: pr-hdds-2313-mzbf2-1866299523, networkLocation: /default-rack, certSerialId: null} reports an CLOSED replica.
2019-10-16 06:59:35,990 [EventQueue-ContainerReportForContainerReportHandler] WARN  container.ContainerReportHandler (AbstractContainerReportHandler.java:updateContainerState(145)) - Container #1 is in OPEN state, but the datanode d2d597b7-f29c-4b6e-a1dc-31783afe2111{ip: 192.168.69.68, host: pr-hdds-2313-mzbf2-1866299523, networkLocation: /default-rack, certSerialId: null} reports an CLOSED replica.
2019-10-16 06:59:36,021 [EventQueue-ContainerReportForContainerReportHandler] WARN  container.ContainerReportHandler (AbstractContainerReportHandler.java:updateContainerState(145)) - Container #1 is in OPEN state, but the datanode 433771fa-af38-4628-a40e-96bcd22c3694{ip: 192.168.69.68, host: pr-hdds-2313-mzbf2-1866299523, networkLocation: /default-rack, certSerialId: null} reports an CLOSED replica.
2019-10-16 06:59:36,063 [BlockDeletingService#2] WARN  background.BlockDeletingService (BlockDeletingService.java:isDeletionAllowed(187)) - Close Container log Index 6 is not replicated across allthe servers in the pipeline f466b838-ca87-44ef-9280-767f7a20abb4 as the min replicated index is 4. Deletion is not allowed in this container yet.
2019-10-16 06:59:36,063 [BlockDeletingService#0] WARN  background.BlockDeletingService (BlockDeletingService.java:isDeletionAllowed(187)) - Close Container log Index 6 is not replicated across allthe servers in the pipeline f466b838-ca87-44ef-9280-767f7a20abb4 as the min replicated index is 4. Deletion is not allowed in this container yet.
2019-10-16 06:59:36,291 [EventQueue-ContainerReportForContainerReportHandler] WARN  container.ContainerReportHandler (AbstractContainerReportHandler.java:updateContainerState(145)) - Container #1 is in OPEN state, but the datanode d2d597b7-f29c-4b6e-a1dc-31783afe2111{ip: 192.168.69.68, host: pr-hdds-2313-mzbf2-1866299523, networkLocation: /default-rack, certSerialId: null} reports an CLOSED replica.
2019-10-16 06:59:36,321 [EventQueue-ContainerReportForContainerReportHandler] WARN  container.ContainerReportHandler (AbstractContainerReportHandler.java:updateContainerState(145)) - Container #1 is in OPEN state, but the datanode 433771fa-af38-4628-a40e-96bcd22c3694{ip: 192.168.69.68, host: pr-hdds-2313-mzbf2-1866299523, networkLocation: /default-rack, certSerialId: null} reports an CLOSED replica.
2019-10-16 06:59:36,691 [EventQueue-ContainerReportForContainerReportHandler] WARN  container.ContainerReportHandler (AbstractContainerReportHandler.java:updateContainerState(145)) - Container #1 is in OPEN state, but the datanode d2d597b7-f29c-4b6e-a1dc-31783afe2111{ip: 192.168.69.68, host: pr-hdds-2313-mzbf2-1866299523, networkLocation: /default-rack, certSerialId: null} reports an CLOSED replica.
2019-10-16 06:59:36,721 [EventQueue-ContainerReportForContainerReportHandler] WARN  container.ContainerReportHandler (AbstractContainerReportHandler.java:updateContainerState(145)) - Container #1 is in OPEN state, but the datanode 433771fa-af38-4628-a40e-96bcd22c3694{ip: 192.168.69.68, host: pr-hdds-2313-mzbf2-1866299523, networkLocation: /default-rack, certSerialId: null} reports an CLOSED replica.
2019-10-16 06:59:36,891 [Thread-356] INFO  client.GrpcClientProtocolService (GrpcClientProtocolService.java:lambda$processClientRequest$0(278)) - Failed RaftClientRequest:client-C8ADB546B70F->433771fa-af38-4628-a40e-96bcd22c3694@group-767F7A20ABB4, cid=10, seq=0, Watch-ALL_COMMITTED(6), Message:<EMPTY>, reply=RaftClientReply:client-C8ADB546B70F->433771fa-af38-4628-a40e-96bcd22c3694@group-767F7A20ABB4, cid=10, FAILED org.apache.ratis.protocol.NotLeaderException: Server 433771fa-af38-4628-a40e-96bcd22c3694@group-767F7A20ABB4 is not the leader d2d597b7-f29c-4b6e-a1dc-31783afe2111:192.168.69.68:40938, logIndex=0, commits[433771fa-af38-4628-a40e-96bcd22c3694:c10, 4f0a8cce-cba4-44f5-8366-0fb5fb6bef9c:c4, d2d597b7-f29c-4b6e-a1dc-31783afe2111:c10]
2019-10-16 06:59:36,892 [EventQueue-ContainerReportForContainerReportHandler] WARN  container.ContainerReportHandler (AbstractContainerReportHandler.java:updateContainerState(145)) - Container #1 is in OPEN state, but the datanode d2d597b7-f29c-4b6e-a1dc-31783afe2111{ip: 192.168.69.68, host: pr-hdds-2313-mzbf2-1866299523, networkLocation: /default-rack, certSerialId: null} reports an CLOSED replica.
2019-10-16 06:59:37,021 [EventQueue-ContainerReportForContainerReportHandler] WARN  container.ContainerReportHandler (AbstractContainerReportHandler.java:updateContainerState(145)) - Container #1 is in OPEN state, but the datanode 433771fa-af38-4628-a40e-96bcd22c3694{ip: 192.168.69.68, host: pr-hdds-2313-mzbf2-1866299523, networkLocation: /default-rack, certSerialId: null} reports an CLOSED replica.
2019-10-16 06:59:37,064 [BlockDeletingService#2] WARN  background.BlockDeletingService (BlockDeletingService.java:isDeletionAllowed(187)) - Close Container log Index 6 is not replicated across allthe servers in the pipeline f466b838-ca87-44ef-9280-767f7a20abb4 as the min replicated index is 4. Deletion is not allowed in this container yet.
2019-10-16 06:59:37,066 [BlockDeletingService#0] WARN  background.BlockDeletingService (BlockDeletingService.java:isDeletionAllowed(187)) - Close Container log Index 6 is not replicated across allthe servers in the pipeline f466b838-ca87-44ef-9280-767f7a20abb4 as the min replicated index is 4. Deletion is not allowed in this container yet.
2019-10-16 06:59:37,092 [EventQueue-ContainerReportForContainerReportHandler] WARN  container.ContainerReportHandler (AbstractContainerReportHandler.java:updateContainerState(145)) - Container #1 is in OPEN state, but the datanode d2d597b7-f29c-4b6e-a1dc-31783afe2111{ip: 192.168.69.68, host: pr-hdds-2313-mzbf2-1866299523, networkLocation: /default-rack, certSerialId: null} reports an CLOSED replica.
2019-10-16 06:59:37,321 [EventQueue-ContainerReportForContainerReportHandler] WARN  container.ContainerReportHandler (AbstractContainerReportHandler.java:updateContainerState(145)) - Container #1 is in OPEN state, but the datanode 433771fa-af38-4628-a40e-96bcd22c3694{ip: 192.168.69.68, host: pr-hdds-2313-mzbf2-1866299523, networkLocation: /default-rack, certSerialId: null} reports an CLOSED replica.
2019-10-16 06:59:37,493 [EventQueue-ContainerReportForContainerReportHandler] WARN  container.ContainerReportHandler (AbstractContainerReportHandler.java:updateContainerState(145)) - Container #1 is in OPEN state, but the datanode d2d597b7-f29c-4b6e-a1dc-31783afe2111{ip: 192.168.69.68, host: pr-hdds-2313-mzbf2-1866299523, networkLocation: /default-rack, certSerialId: null} reports an CLOSED replica.
2019-10-16 06:59:37,522 [EventQueue-ContainerReportForContainerReportHandler] WARN  container.ContainerReportHandler (AbstractContainerReportHandler.java:updateContainerState(145)) - Container #1 is in OPEN state, but the datanode 433771fa-af38-4628-a40e-96bcd22c3694{ip: 192.168.69.68, host: pr-hdds-2313-mzbf2-1866299523, networkLocation: /default-rack, certSerialId: null} reports an CLOSED replica.
2019-10-16 06:59:37,693 [EventQueue-ContainerReportForContainerReportHandler] WARN  container.ContainerReportHandler (AbstractContainerReportHandler.java:updateContainerState(145)) - Container #1 is in OPEN state, but the datanode d2d597b7-f29c-4b6e-a1dc-31783afe2111{ip: 192.168.69.68, host: pr-hdds-2313-mzbf2-1866299523, networkLocation: /default-rack, certSerialId: null} reports an CLOSED replica.
2019-10-16 06:59:37,854 [java.util.concurrent.ThreadPoolExecutor$Worker@4e0b4352[State = -1, empty queue]] WARN  server.GrpcLogAppender (GrpcLogAppender.java:timeoutAppendRequest(209)) - d2d597b7-f29c-4b6e-a1dc-31783afe2111@group-767F7A20ABB4->4f0a8cce-cba4-44f5-8366-0fb5fb6bef9c-GrpcLogAppender: appendEntries Timeout, request=d2d597b7-f29c-4b6e-a1dc-31783afe2111->4f0a8cce-cba4-44f5-8366-0fb5fb6bef9c#27-t3, previous=(t:3, i:10), leaderCommit=10, initializing? false, entries: <empty>
2019-10-16 06:59:37,884 [Thread-362] INFO  client.GrpcClientProtocolService (GrpcClientProtocolService.java:lambda$processClientRequest$0(278)) - Failed RaftClientRequest:client-C8ADB546B70F->d2d597b7-f29c-4b6e-a1dc-31783afe2111@group-767F7A20ABB4, cid=10, seq=0, Watch-ALL_COMMITTED(6), Message:<EMPTY>, reply=RaftClientReply:client-C8ADB546B70F->d2d597b7-f29c-4b6e-a1dc-31783afe2111@group-767F7A20ABB4, cid=10, FAILED org.apache.ratis.protocol.NotReplicatedException: Request with call Id 10 and log index 6 is not yet replicated to ALL_COMMITTED, logIndex=6, commits[d2d597b7-f29c-4b6e-a1dc-31783afe2111:c10, 433771fa-af38-4628-a40e-96bcd22c3694:c10, 4f0a8cce-cba4-44f5-8366-0fb5fb6bef9c:c4]
2019-10-16 06:59:37,921 [EventQueue-ContainerReportForContainerReportHandler] WARN  container.ContainerReportHandler (AbstractContainerReportHandler.java:updateContainerState(145)) - Container #1 is in OPEN state, but the datanode 433771fa-af38-4628-a40e-96bcd22c3694{ip: 192.168.69.68, host: pr-hdds-2313-mzbf2-1866299523, networkLocation: /default-rack, certSerialId: null} reports an CLOSED replica.
2019-10-16 06:59:37,993 [EventQueue-ContainerReportForContainerReportHandler] WARN  container.ContainerReportHandler (AbstractContainerReportHandler.java:updateContainerState(145)) - Container #1 is in OPEN state, but the datanode d2d597b7-f29c-4b6e-a1dc-31783afe2111{ip: 192.168.69.68, host: pr-hdds-2313-mzbf2-1866299523, networkLocation: /default-rack, certSerialId: null} reports an CLOSED replica.
2019-10-16 06:59:38,067 [BlockDeletingService#2] WARN  background.BlockDeletingService (BlockDeletingService.java:isDeletionAllowed(187)) - Close Container log Index 6 is not replicated across allthe servers in the pipeline f466b838-ca87-44ef-9280-767f7a20abb4 as the min replicated index is 4. Deletion is not allowed in this container yet.
2019-10-16 06:59:38,067 [BlockDeletingService#0] WARN  background.BlockDeletingService (BlockDeletingService.java:isDeletionAllowed(187)) - Close Container log Index 6 is not replicated across allthe servers in the pipeline f466b838-ca87-44ef-9280-767f7a20abb4 as the min replicated index is 4. Deletion is not allowed in this container yet.
2019-10-16 06:59:38,121 [EventQueue-ContainerReportForContainerReportHandler] WARN  container.ContainerReportHandler (AbstractContainerReportHandler.java:updateContainerState(145)) - Container #1 is in OPEN state, but the datanode 433771fa-af38-4628-a40e-96bcd22c3694{ip: 192.168.69.68, host: pr-hdds-2313-mzbf2-1866299523, networkLocation: /default-rack, certSerialId: null} reports an CLOSED replica.
2019-10-16 06:59:38,293 [EventQueue-ContainerReportForContainerReportHandler] WARN  container.ContainerReportHandler (AbstractContainerReportHandler.java:updateContainerState(145)) - Container #1 is in OPEN state, but the datanode d2d597b7-f29c-4b6e-a1dc-31783afe2111{ip: 192.168.69.68, host: pr-hdds-2313-mzbf2-1866299523, networkLocation: /default-rack, certSerialId: null} reports an CLOSED replica.
2019-10-16 06:59:38,522 [EventQueue-ContainerReportForContainerReportHandler] WARN  container.ContainerReportHandler (AbstractContainerReportHandler.java:updateContainerState(145)) - Container #1 is in OPEN state, but the datanode 433771fa-af38-4628-a40e-96bcd22c3694{ip: 192.168.69.68, host: pr-hdds-2313-mzbf2-1866299523, networkLocation: /default-rack, certSerialId: null} reports an CLOSED replica.
2019-10-16 06:59:38,593 [EventQueue-ContainerReportForContainerReportHandler] WARN  container.ContainerReportHandler (AbstractContainerReportHandler.java:updateContainerState(145)) - Container #1 is in OPEN state, but the datanode d2d597b7-f29c-4b6e-a1dc-31783afe2111{ip: 192.168.69.68, host: pr-hdds-2313-mzbf2-1866299523, networkLocation: /default-rack, certSerialId: null} reports an CLOSED replica.
2019-10-16 06:59:38,921 [EventQueue-ContainerReportForContainerReportHandler] WARN  container.ContainerReportHandler (AbstractContainerReportHandler.java:updateContainerState(145)) - Container #1 is in OPEN state, but the datanode 433771fa-af38-4628-a40e-96bcd22c3694{ip: 192.168.69.68, host: pr-hdds-2313-mzbf2-1866299523, networkLocation: /default-rack, certSerialId: null} reports an CLOSED replica.
2019-10-16 06:59:38,993 [EventQueue-ContainerReportForContainerReportHandler] WARN  container.ContainerReportHandler (AbstractContainerReportHandler.java:updateContainerState(145)) - Container #1 is in OPEN state, but the datanode d2d597b7-f29c-4b6e-a1dc-31783afe2111{ip: 192.168.69.68, host: pr-hdds-2313-mzbf2-1866299523, networkLocation: /default-rack, certSerialId: null} reports an CLOSED replica.
2019-10-16 06:59:39,072 [BlockDeletingService#0] WARN  background.BlockDeletingService (BlockDeletingService.java:isDeletionAllowed(187)) - Close Container log Index 6 is not replicated across allthe servers in the pipeline f466b838-ca87-44ef-9280-767f7a20abb4 as the min replicated index is 4. Deletion is not allowed in this container yet.
2019-10-16 06:59:39,072 [BlockDeletingService#2] WARN  background.BlockDeletingService (BlockDeletingService.java:isDeletionAllowed(187)) - Close Container log Index 6 is not replicated across allthe servers in the pipeline f466b838-ca87-44ef-9280-767f7a20abb4 as the min replicated index is 4. Deletion is not allowed in this container yet.
2019-10-16 06:59:39,222 [EventQueue-ContainerReportForContainerReportHandler] WARN  container.ContainerReportHandler (AbstractContainerReportHandler.java:updateContainerState(145)) - Container #1 is in OPEN state, but the datanode 433771fa-af38-4628-a40e-96bcd22c3694{ip: 192.168.69.68, host: pr-hdds-2313-mzbf2-1866299523, networkLocation: /default-rack, certSerialId: null} reports an CLOSED replica.
2019-10-16 06:59:39,294 [EventQueue-ContainerReportForContainerReportHandler] WARN  container.ContainerReportHandler (AbstractContainerReportHandler.java:updateContainerState(145)) - Container #1 is in OPEN state, but the datanode d2d597b7-f29c-4b6e-a1dc-31783afe2111{ip: 192.168.69.68, host: pr-hdds-2313-mzbf2-1866299523, networkLocation: /default-rack, certSerialId: null} reports an CLOSED replica.
2019-10-16 06:59:39,622 [EventQueue-ContainerReportForContainerReportHandler] WARN  container.ContainerReportHandler (AbstractContainerReportHandler.java:updateContainerState(145)) - Container #1 is in OPEN state, but the datanode 433771fa-af38-4628-a40e-96bcd22c3694{ip: 192.168.69.68, host: pr-hdds-2313-mzbf2-1866299523, networkLocation: /default-rack, certSerialId: null} reports an CLOSED replica.
2019-10-16 06:59:39,695 [EventQueue-ContainerReportForContainerReportHandler] WARN  container.ContainerReportHandler (AbstractContainerReportHandler.java:updateContainerState(145)) - Container #1 is in OPEN state, but the datanode d2d597b7-f29c-4b6e-a1dc-31783afe2111{ip: 192.168.69.68, host: pr-hdds-2313-mzbf2-1866299523, networkLocation: /default-rack, certSerialId: null} reports an CLOSED replica.
2019-10-16 06:59:39,922 [EventQueue-ContainerReportForContainerReportHandler] WARN  container.ContainerReportHandler (AbstractContainerReportHandler.java:updateContainerState(145)) - Container #1 is in OPEN state, but the datanode 433771fa-af38-4628-a40e-96bcd22c3694{ip: 192.168.69.68, host: pr-hdds-2313-mzbf2-1866299523, networkLocation: /default-rack, certSerialId: null} reports an CLOSED replica.
2019-10-16 06:59:40,074 [BlockDeletingService#0] WARN  background.BlockDeletingService (BlockDeletingService.java:isDeletionAllowed(187)) - Close Container log Index 6 is not replicated across allthe servers in the pipeline f466b838-ca87-44ef-9280-767f7a20abb4 as the min replicated index is 4. Deletion is not allowed in this container yet.
2019-10-16 06:59:40,074 [BlockDeletingService#2] WARN  background.BlockDeletingService (BlockDeletingService.java:isDeletionAllowed(187)) - Close Container log Index 6 is not replicated across allthe servers in the pipeline f466b838-ca87-44ef-9280-767f7a20abb4 as the min replicated index is 4. Deletion is not allowed in this container yet.
2019-10-16 06:59:40,095 [EventQueue-ContainerReportForContainerReportHandler] WARN  container.ContainerReportHandler (AbstractContainerReportHandler.java:updateContainerState(145)) - Container #1 is in OPEN state, but the datanode d2d597b7-f29c-4b6e-a1dc-31783afe2111{ip: 192.168.69.68, host: pr-hdds-2313-mzbf2-1866299523, networkLocation: /default-rack, certSerialId: null} reports an CLOSED replica.
2019-10-16 06:59:40,122 [EventQueue-ContainerReportForContainerReportHandler] WARN  container.ContainerReportHandler (AbstractContainerReportHandler.java:updateContainerState(145)) - Container #1 is in OPEN state, but the datanode 433771fa-af38-4628-a40e-96bcd22c3694{ip: 192.168.69.68, host: pr-hdds-2313-mzbf2-1866299523, networkLocation: /default-rack, certSerialId: null} reports an CLOSED replica.
2019-10-16 06:59:40,356 [java.util.concurrent.ThreadPoolExecutor$Worker@4e0b4352[State = -1, empty queue]] WARN  server.GrpcLogAppender (GrpcLogAppender.java:timeoutAppendRequest(209)) - d2d597b7-f29c-4b6e-a1dc-31783afe2111@group-767F7A20ABB4->4f0a8cce-cba4-44f5-8366-0fb5fb6bef9c-GrpcLogAppender: appendEntries Timeout, request=d2d597b7-f29c-4b6e-a1dc-31783afe2111->4f0a8cce-cba4-44f5-8366-0fb5fb6bef9c#28-t3, previous=(t:3, i:10), leaderCommit=10, initializing? false, entries: <empty>
2019-10-16 06:59:40,422 [EventQueue-ContainerReportForContainerReportHandler] WARN  container.ContainerReportHandler (AbstractContainerReportHandler.java:updateContainerState(145)) - Container #1 is in OPEN state, but the datanode 433771fa-af38-4628-a40e-96bcd22c3694{ip: 192.168.69.68, host: pr-hdds-2313-mzbf2-1866299523, networkLocation: /default-rack, certSerialId: null} reports an CLOSED replica.
2019-10-16 06:59:40,496 [EventQueue-ContainerReportForContainerReportHandler] WARN  container.ContainerReportHandler (AbstractContainerReportHandler.java:updateContainerState(145)) - Container #1 is in OPEN state, but the datanode d2d597b7-f29c-4b6e-a1dc-31783afe2111{ip: 192.168.69.68, host: pr-hdds-2313-mzbf2-1866299523, networkLocation: /default-rack, certSerialId: null} reports an CLOSED replica.
2019-10-16 06:59:40,723 [EventQueue-ContainerReportForContainerReportHandler] WARN  container.ContainerReportHandler (AbstractContainerReportHandler.java:updateContainerState(145)) - Container #1 is in OPEN state, but the datanode 433771fa-af38-4628-a40e-96bcd22c3694{ip: 192.168.69.68, host: pr-hdds-2313-mzbf2-1866299523, networkLocation: /default-rack, certSerialId: null} reports an CLOSED replica.
2019-10-16 06:59:40,797 [EventQueue-ContainerReportForContainerReportHandler] WARN  container.ContainerReportHandler (AbstractContainerReportHandler.java:updateContainerState(145)) - Container #1 is in OPEN state, but the datanode d2d597b7-f29c-4b6e-a1dc-31783afe2111{ip: 192.168.69.68, host: pr-hdds-2313-mzbf2-1866299523, networkLocation: /default-rack, certSerialId: null} reports an CLOSED replica.
2019-10-16 06:59:41,022 [EventQueue-ContainerReportForContainerReportHandler] WARN  container.ContainerReportHandler (AbstractContainerReportHandler.java:updateContainerState(145)) - Container #1 is in OPEN state, but the datanode 433771fa-af38-4628-a40e-96bcd22c3694{ip: 192.168.69.68, host: pr-hdds-2313-mzbf2-1866299523, networkLocation: /default-rack, certSerialId: null} reports an CLOSED replica.
2019-10-16 06:59:41,076 [BlockDeletingService#2] WARN  background.BlockDeletingService (BlockDeletingService.java:isDeletionAllowed(187)) - Close Container log Index 6 is not replicated across allthe servers in the pipeline f466b838-ca87-44ef-9280-767f7a20abb4 as the min replicated index is 4. Deletion is not allowed in this container yet.
2019-10-16 06:59:41,076 [BlockDeletingService#0] WARN  background.BlockDeletingService (BlockDeletingService.java:isDeletionAllowed(187)) - Close Container log Index 6 is not replicated across allthe servers in the pipeline f466b838-ca87-44ef-9280-767f7a20abb4 as the min replicated index is 4. Deletion is not allowed in this container yet.
2019-10-16 06:59:41,097 [EventQueue-ContainerReportForContainerReportHandler] WARN  container.ContainerReportHandler (AbstractContainerReportHandler.java:updateContainerState(145)) - Container #1 is in OPEN state, but the datanode d2d597b7-f29c-4b6e-a1dc-31783afe2111{ip: 192.168.69.68, host: pr-hdds-2313-mzbf2-1866299523, networkLocation: /default-rack, certSerialId: null} reports an CLOSED replica.
2019-10-16 06:59:41,297 [EventQueue-ContainerReportForContainerReportHandler] WARN  container.ContainerReportHandler (AbstractContainerReportHandler.java:updateContainerState(145)) - Container #1 is in OPEN state, but the datanode d2d597b7-f29c-4b6e-a1dc-31783afe2111{ip: 192.168.69.68, host: pr-hdds-2313-mzbf2-1866299523, networkLocation: /default-rack, certSerialId: null} reports an CLOSED replica.
2019-10-16 06:59:41,322 [EventQueue-ContainerReportForContainerReportHandler] WARN  container.ContainerReportHandler (AbstractContainerReportHandler.java:updateContainerState(145)) - Container #1 is in OPEN state, but the datanode 433771fa-af38-4628-a40e-96bcd22c3694{ip: 192.168.69.68, host: pr-hdds-2313-mzbf2-1866299523, networkLocation: /default-rack, certSerialId: null} reports an CLOSED replica.
2019-10-16 06:59:41,598 [EventQueue-ContainerReportForContainerReportHandler] WARN  container.ContainerReportHandler (AbstractContainerReportHandler.java:updateContainerState(145)) - Container #1 is in OPEN state, but the datanode d2d597b7-f29c-4b6e-a1dc-31783afe2111{ip: 192.168.69.68, host: pr-hdds-2313-mzbf2-1866299523, networkLocation: /default-rack, certSerialId: null} reports an CLOSED replica.
2019-10-16 06:59:41,622 [EventQueue-ContainerReportForContainerReportHandler] WARN  container.ContainerReportHandler (AbstractContainerReportHandler.java:updateContainerState(145)) - Container #1 is in OPEN state, but the datanode 433771fa-af38-4628-a40e-96bcd22c3694{ip: 192.168.69.68, host: pr-hdds-2313-mzbf2-1866299523, networkLocation: /default-rack, certSerialId: null} reports an CLOSED replica.
2019-10-16 06:59:41,923 [EventQueue-ContainerReportForContainerReportHandler] WARN  container.ContainerReportHandler (AbstractContainerReportHandler.java:updateContainerState(145)) - Container #1 is in OPEN state, but the datanode 433771fa-af38-4628-a40e-96bcd22c3694{ip: 192.168.69.68, host: pr-hdds-2313-mzbf2-1866299523, networkLocation: /default-rack, certSerialId: null} reports an CLOSED replica.
2019-10-16 06:59:42,000 [EventQueue-ContainerReportForContainerReportHandler] WARN  container.ContainerReportHandler (AbstractContainerReportHandler.java:updateContainerState(145)) - Container #1 is in OPEN state, but the datanode d2d597b7-f29c-4b6e-a1dc-31783afe2111{ip: 192.168.69.68, host: pr-hdds-2313-mzbf2-1866299523, networkLocation: /default-rack, certSerialId: null} reports an CLOSED replica.
2019-10-16 06:59:42,080 [BlockDeletingService#2] WARN  background.BlockDeletingService (BlockDeletingService.java:isDeletionAllowed(187)) - Close Container log Index 6 is not replicated across allthe servers in the pipeline f466b838-ca87-44ef-9280-767f7a20abb4 as the min replicated index is 4. Deletion is not allowed in this container yet.
2019-10-16 06:59:42,080 [BlockDeletingService#0] WARN  background.BlockDeletingService (BlockDeletingService.java:isDeletionAllowed(187)) - Close Container log Index 6 is not replicated across allthe servers in the pipeline f466b838-ca87-44ef-9280-767f7a20abb4 as the min replicated index is 4. Deletion is not allowed in this container yet.
2019-10-16 06:59:42,223 [EventQueue-ContainerReportForContainerReportHandler] WARN  container.ContainerReportHandler (AbstractContainerReportHandler.java:updateContainerState(145)) - Container #1 is in OPEN state, but the datanode 433771fa-af38-4628-a40e-96bcd22c3694{ip: 192.168.69.68, host: pr-hdds-2313-mzbf2-1866299523, networkLocation: /default-rack, certSerialId: null} reports an CLOSED replica.
2019-10-16 06:59:42,297 [EventQueue-ContainerReportForContainerReportHandler] WARN  container.ContainerReportHandler (AbstractContainerReportHandler.java:updateContainerState(145)) - Container #1 is in OPEN state, but the datanode d2d597b7-f29c-4b6e-a1dc-31783afe2111{ip: 192.168.69.68, host: pr-hdds-2313-mzbf2-1866299523, networkLocation: /default-rack, certSerialId: null} reports an CLOSED replica.
2019-10-16 06:59:42,524 [EventQueue-ContainerReportForContainerReportHandler] WARN  container.ContainerReportHandler (AbstractContainerReportHandler.java:updateContainerState(145)) - Container #1 is in OPEN state, but the datanode 433771fa-af38-4628-a40e-96bcd22c3694{ip: 192.168.69.68, host: pr-hdds-2313-mzbf2-1866299523, networkLocation: /default-rack, certSerialId: null} reports an CLOSED replica.
2019-10-16 06:59:42,598 [EventQueue-ContainerReportForContainerReportHandler] WARN  container.ContainerReportHandler (AbstractContainerReportHandler.java:updateContainerState(145)) - Container #1 is in OPEN state, but the datanode d2d597b7-f29c-4b6e-a1dc-31783afe2111{ip: 192.168.69.68, host: pr-hdds-2313-mzbf2-1866299523, networkLocation: /default-rack, certSerialId: null} reports an CLOSED replica.
2019-10-16 06:59:42,725 [EventQueue-ContainerReportForContainerReportHandler] WARN  container.ContainerReportHandler (AbstractContainerReportHandler.java:updateContainerState(145)) - Container #1 is in OPEN state, but the datanode 433771fa-af38-4628-a40e-96bcd22c3694{ip: 192.168.69.68, host: pr-hdds-2313-mzbf2-1866299523, networkLocation: /default-rack, certSerialId: null} reports an CLOSED replica.
2019-10-16 06:59:42,797 [EventQueue-ContainerReportForContainerReportHandler] WARN  container.ContainerReportHandler (AbstractContainerReportHandler.java:updateContainerState(145)) - Container #1 is in OPEN state, but the datanode d2d597b7-f29c-4b6e-a1dc-31783afe2111{ip: 192.168.69.68, host: pr-hdds-2313-mzbf2-1866299523, networkLocation: /default-rack, certSerialId: null} reports an CLOSED replica.
2019-10-16 06:59:42,858 [java.util.concurrent.ThreadPoolExecutor$Worker@4e0b4352[State = -1, empty queue]] WARN  server.GrpcLogAppender (GrpcLogAppender.java:timeoutAppendRequest(209)) - d2d597b7-f29c-4b6e-a1dc-31783afe2111@group-767F7A20ABB4->4f0a8cce-cba4-44f5-8366-0fb5fb6bef9c-GrpcLogAppender: appendEntries Timeout, request=d2d597b7-f29c-4b6e-a1dc-31783afe2111->4f0a8cce-cba4-44f5-8366-0fb5fb6bef9c#29-t3, previous=(t:3, i:10), leaderCommit=10, initializing? false, entries: <empty>
2019-10-16 06:59:42,997 [EventQueue-ContainerReportForContainerReportHandler] WARN  container.ContainerReportHandler (AbstractContainerReportHandler.java:updateContainerState(145)) - Container #1 is in OPEN state, but the datanode d2d597b7-f29c-4b6e-a1dc-31783afe2111{ip: 192.168.69.68, host: pr-hdds-2313-mzbf2-1866299523, networkLocation: /default-rack, certSerialId: null} reports an CLOSED replica.
2019-10-16 06:59:43,082 [BlockDeletingService#0] WARN  background.BlockDeletingService (BlockDeletingService.java:isDeletionAllowed(187)) - Close Container log Index 6 is not replicated across allthe servers in the pipeline f466b838-ca87-44ef-9280-767f7a20abb4 as the min replicated index is 4. Deletion is not allowed in this container yet.
2019-10-16 06:59:43,082 [BlockDeletingService#2] WARN  background.BlockDeletingService (BlockDeletingService.java:isDeletionAllowed(187)) - Close Container log Index 6 is not replicated across allthe servers in the pipeline f466b838-ca87-44ef-9280-767f7a20abb4 as the min replicated index is 4. Deletion is not allowed in this container yet.
2019-10-16 06:59:43,125 [EventQueue-ContainerReportForContainerReportHandler] WARN  container.ContainerReportHandler (AbstractContainerReportHandler.java:updateContainerState(145)) - Container #1 is in OPEN state, but the datanode 433771fa-af38-4628-a40e-96bcd22c3694{ip: 192.168.69.68, host: pr-hdds-2313-mzbf2-1866299523, networkLocation: /default-rack, certSerialId: null} reports an CLOSED replica.
2019-10-16 06:59:43,398 [EventQueue-ContainerReportForContainerReportHandler] WARN  container.ContainerReportHandler (AbstractContainerReportHandler.java:updateContainerState(145)) - Container #1 is in OPEN state, but the datanode d2d597b7-f29c-4b6e-a1dc-31783afe2111{ip: 192.168.69.68, host: pr-hdds-2313-mzbf2-1866299523, networkLocation: /default-rack, certSerialId: null} reports an CLOSED replica.
2019-10-16 06:59:43,425 [EventQueue-ContainerReportForContainerReportHandler] WARN  container.ContainerReportHandler (AbstractContainerReportHandler.java:updateContainerState(145)) - Container #1 is in OPEN state, but the datanode 433771fa-af38-4628-a40e-96bcd22c3694{ip: 192.168.69.68, host: pr-hdds-2313-mzbf2-1866299523, networkLocation: /default-rack, certSerialId: null} reports an CLOSED replica.
2019-10-16 06:59:43,697 [EventQueue-ContainerReportForContainerReportHandler] WARN  container.ContainerReportHandler (AbstractContainerReportHandler.java:updateContainerState(145)) - Container #1 is in OPEN state, but the datanode d2d597b7-f29c-4b6e-a1dc-31783afe2111{ip: 192.168.69.68, host: pr-hdds-2313-mzbf2-1866299523, networkLocation: /default-rack, certSerialId: null} reports an CLOSED replica.
2019-10-16 06:59:43,725 [EventQueue-ContainerReportForContainerReportHandler] WARN  container.ContainerReportHandler (AbstractContainerReportHandler.java:updateContainerState(145)) - Container #1 is in OPEN state, but the datanode 433771fa-af38-4628-a40e-96bcd22c3694{ip: 192.168.69.68, host: pr-hdds-2313-mzbf2-1866299523, networkLocation: /default-rack, certSerialId: null} reports an CLOSED replica.
2019-10-16 06:59:44,025 [EventQueue-ContainerReportForContainerReportHandler] WARN  container.ContainerReportHandler (AbstractContainerReportHandler.java:updateContainerState(145)) - Container #1 is in OPEN state, but the datanode 433771fa-af38-4628-a40e-96bcd22c3694{ip: 192.168.69.68, host: pr-hdds-2313-mzbf2-1866299523, networkLocation: /default-rack, certSerialId: null} reports an CLOSED replica.
2019-10-16 06:59:44,084 [BlockDeletingService#2] WARN  background.BlockDeletingService (BlockDeletingService.java:isDeletionAllowed(187)) - Close Container log Index 6 is not replicated across allthe servers in the pipeline f466b838-ca87-44ef-9280-767f7a20abb4 as the min replicated index is 4. Deletion is not allowed in this container yet.
2019-10-16 06:59:44,084 [BlockDeletingService#0] WARN  background.BlockDeletingService (BlockDeletingService.java:isDeletionAllowed(187)) - Close Container log Index 6 is not replicated across allthe servers in the pipeline f466b838-ca87-44ef-9280-767f7a20abb4 as the min replicated index is 4. Deletion is not allowed in this container yet.
2019-10-16 06:59:44,097 [EventQueue-ContainerReportForContainerReportHandler] WARN  container.ContainerReportHandler (AbstractContainerReportHandler.java:updateContainerState(145)) - Container #1 is in OPEN state, but the datanode d2d597b7-f29c-4b6e-a1dc-31783afe2111{ip: 192.168.69.68, host: pr-hdds-2313-mzbf2-1866299523, networkLocation: /default-rack, certSerialId: null} reports an CLOSED replica.
2019-10-16 06:59:44,298 [EventQueue-ContainerReportForContainerReportHandler] WARN  container.ContainerReportHandler (AbstractContainerReportHandler.java:updateContainerState(145)) - Container #1 is in OPEN state, but the datanode d2d597b7-f29c-4b6e-a1dc-31783afe2111{ip: 192.168.69.68, host: pr-hdds-2313-mzbf2-1866299523, networkLocation: /default-rack, certSerialId: null} reports an CLOSED replica.
2019-10-16 06:59:44,326 [EventQueue-ContainerReportForContainerReportHandler] WARN  container.ContainerReportHandler (AbstractContainerReportHandler.java:updateContainerState(145)) - Container #1 is in OPEN state, but the datanode 433771fa-af38-4628-a40e-96bcd22c3694{ip: 192.168.69.68, host: pr-hdds-2313-mzbf2-1866299523, networkLocation: /default-rack, certSerialId: null} reports an CLOSED replica.
2019-10-16 06:59:44,598 [EventQueue-ContainerReportForContainerReportHandler] WARN  container.ContainerReportHandler (AbstractContainerReportHandler.java:updateContainerState(145)) - Container #1 is in OPEN state, but the datanode d2d597b7-f29c-4b6e-a1dc-31783afe2111{ip: 192.168.69.68, host: pr-hdds-2313-mzbf2-1866299523, networkLocation: /default-rack, certSerialId: null} reports an CLOSED replica.
2019-10-16 06:59:44,626 [EventQueue-ContainerReportForContainerReportHandler] WARN  container.ContainerReportHandler (AbstractContainerReportHandler.java:updateContainerState(145)) - Container #1 is in OPEN state, but the datanode 433771fa-af38-4628-a40e-96bcd22c3694{ip: 192.168.69.68, host: pr-hdds-2313-mzbf2-1866299523, networkLocation: /default-rack, certSerialId: null} reports an CLOSED replica.
2019-10-16 06:59:44,999 [EventQueue-ContainerReportForContainerReportHandler] WARN  container.ContainerReportHandler (AbstractContainerReportHandler.java:updateContainerState(145)) - Container #1 is in OPEN state, but the datanode d2d597b7-f29c-4b6e-a1dc-31783afe2111{ip: 192.168.69.68, host: pr-hdds-2313-mzbf2-1866299523, networkLocation: /default-rack, certSerialId: null} reports an CLOSED replica.
2019-10-16 06:59:45,026 [EventQueue-ContainerReportForContainerReportHandler] WARN  container.ContainerReportHandler (AbstractContainerReportHandler.java:updateContainerState(145)) - Container #1 is in OPEN state, but the datanode 433771fa-af38-4628-a40e-96bcd22c3694{ip: 192.168.69.68, host: pr-hdds-2313-mzbf2-1866299523, networkLocation: /default-rack, certSerialId: null} reports an CLOSED replica.
2019-10-16 06:59:45,086 [BlockDeletingService#0] WARN  background.BlockDeletingService (BlockDeletingService.java:isDeletionAllowed(187)) - Close Container log Index 6 is not replicated across allthe servers in the pipeline f466b838-ca87-44ef-9280-767f7a20abb4 as the min replicated index is 4. Deletion is not allowed in this container yet.
2019-10-16 06:59:45,086 [BlockDeletingService#2] WARN  background.BlockDeletingService (BlockDeletingService.java:isDeletionAllowed(187)) - Close Container log Index 6 is not replicated across allthe servers in the pipeline f466b838-ca87-44ef-9280-767f7a20abb4 as the min replicated index is 4. Deletion is not allowed in this container yet.
2019-10-16 06:59:45,226 [EventQueue-ContainerReportForContainerReportHandler] WARN  container.ContainerReportHandler (AbstractContainerReportHandler.java:updateContainerState(145)) - Container #1 is in OPEN state, but the datanode 433771fa-af38-4628-a40e-96bcd22c3694{ip: 192.168.69.68, host: pr-hdds-2313-mzbf2-1866299523, networkLocation: /default-rack, certSerialId: null} reports an CLOSED replica.
2019-10-16 06:59:45,360 [java.util.concurrent.ThreadPoolExecutor$Worker@4e0b4352[State = -1, empty queue]] WARN  server.GrpcLogAppender (GrpcLogAppender.java:timeoutAppendRequest(209)) - d2d597b7-f29c-4b6e-a1dc-31783afe2111@group-767F7A20ABB4->4f0a8cce-cba4-44f5-8366-0fb5fb6bef9c-GrpcLogAppender: appendEntries Timeout, request=d2d597b7-f29c-4b6e-a1dc-31783afe2111->4f0a8cce-cba4-44f5-8366-0fb5fb6bef9c#30-t3, previous=(t:3, i:10), leaderCommit=10, initializing? false, entries: <empty>
2019-10-16 06:59:45,400 [EventQueue-ContainerReportForContainerReportHandler] WARN  container.ContainerReportHandler (AbstractContainerReportHandler.java:updateContainerState(145)) - Container #1 is in OPEN state, but the datanode d2d597b7-f29c-4b6e-a1dc-31783afe2111{ip: 192.168.69.68, host: pr-hdds-2313-mzbf2-1866299523, networkLocation: /default-rack, certSerialId: null} reports an CLOSED replica.
2019-10-16 06:59:45,426 [EventQueue-ContainerReportForContainerReportHandler] WARN  container.ContainerReportHandler (AbstractContainerReportHandler.java:updateContainerState(145)) - Container #1 is in OPEN state, but the datanode 433771fa-af38-4628-a40e-96bcd22c3694{ip: 192.168.69.68, host: pr-hdds-2313-mzbf2-1866299523, networkLocation: /default-rack, certSerialId: null} reports an CLOSED replica.
2019-10-16 06:59:45,699 [EventQueue-ContainerReportForContainerReportHandler] WARN  container.ContainerReportHandler (AbstractContainerReportHandler.java:updateContainerState(145)) - Container #1 is in OPEN state, but the datanode d2d597b7-f29c-4b6e-a1dc-31783afe2111{ip: 192.168.69.68, host: pr-hdds-2313-mzbf2-1866299523, networkLocation: /default-rack, certSerialId: null} reports an CLOSED replica.
2019-10-16 06:59:45,828 [EventQueue-ContainerReportForContainerReportHandler] WARN  container.ContainerReportHandler (AbstractContainerReportHandler.java:updateContainerState(145)) - Container #1 is in OPEN state, but the datanode 433771fa-af38-4628-a40e-96bcd22c3694{ip: 192.168.69.68, host: pr-hdds-2313-mzbf2-1866299523, networkLocation: /default-rack, certSerialId: null} reports an CLOSED replica.
2019-10-16 06:59:45,926 [Thread-384] INFO  client.GrpcClientProtocolService (GrpcClientProtocolService.java:lambda$processClientRequest$0(278)) - Failed RaftClientRequest:client-C8ADB546B70F->433771fa-af38-4628-a40e-96bcd22c3694@group-767F7A20ABB4, cid=10, seq=0, Watch-ALL_COMMITTED(6), Message:<EMPTY>, reply=RaftClientReply:client-C8ADB546B70F->433771fa-af38-4628-a40e-96bcd22c3694@group-767F7A20ABB4, cid=10, FAILED org.apache.ratis.protocol.NotLeaderException: Server 433771fa-af38-4628-a40e-96bcd22c3694@group-767F7A20ABB4 is not the leader d2d597b7-f29c-4b6e-a1dc-31783afe2111:192.168.69.68:40938, logIndex=0, commits[433771fa-af38-4628-a40e-96bcd22c3694:c10, 4f0a8cce-cba4-44f5-8366-0fb5fb6bef9c:c4, d2d597b7-f29c-4b6e-a1dc-31783afe2111:c10]
2019-10-16 06:59:46,000 [EventQueue-ContainerReportForContainerReportHandler] WARN  container.ContainerReportHandler (AbstractContainerReportHandler.java:updateContainerState(145)) - Container #1 is in OPEN state, but the datanode d2d597b7-f29c-4b6e-a1dc-31783afe2111{ip: 192.168.69.68, host: pr-hdds-2313-mzbf2-1866299523, networkLocation: /default-rack, certSerialId: null} reports an CLOSED replica.
2019-10-16 06:59:46,087 [BlockDeletingService#0] WARN  background.BlockDeletingService (BlockDeletingService.java:isDeletionAllowed(187)) - Close Container log Index 6 is not replicated across allthe servers in the pipeline f466b838-ca87-44ef-9280-767f7a20abb4 as the min replicated index is 4. Deletion is not allowed in this container yet.
2019-10-16 06:59:46,087 [BlockDeletingService#2] WARN  background.BlockDeletingService (BlockDeletingService.java:isDeletionAllowed(187)) - Close Container log Index 6 is not replicated across allthe servers in the pipeline f466b838-ca87-44ef-9280-767f7a20abb4 as the min replicated index is 4. Deletion is not allowed in this container yet.
2019-10-16 06:59:46,128 [EventQueue-ContainerReportForContainerReportHandler] WARN  container.ContainerReportHandler (AbstractContainerReportHandler.java:updateContainerState(145)) - Container #1 is in OPEN state, but the datanode 433771fa-af38-4628-a40e-96bcd22c3694{ip: 192.168.69.68, host: pr-hdds-2313-mzbf2-1866299523, networkLocation: /default-rack, certSerialId: null} reports an CLOSED replica.
2019-10-16 06:59:46,301 [EventQueue-ContainerReportForContainerReportHandler] WARN  container.ContainerReportHandler (AbstractContainerReportHandler.java:updateContainerState(145)) - Container #1 is in OPEN state, but the datanode d2d597b7-f29c-4b6e-a1dc-31783afe2111{ip: 192.168.69.68, host: pr-hdds-2313-mzbf2-1866299523, networkLocation: /default-rack, certSerialId: null} reports an CLOSED replica.
2019-10-16 06:59:46,428 [EventQueue-ContainerReportForContainerReportHandler] WARN  container.ContainerReportHandler (AbstractContainerReportHandler.java:updateContainerState(145)) - Container #1 is in OPEN state, but the datanode 433771fa-af38-4628-a40e-96bcd22c3694{ip: 192.168.69.68, host: pr-hdds-2313-mzbf2-1866299523, networkLocation: /default-rack, certSerialId: null} reports an CLOSED replica.
2019-10-16 06:59:46,602 [EventQueue-ContainerReportForContainerReportHandler] WARN  container.ContainerReportHandler (AbstractContainerReportHandler.java:updateContainerState(145)) - Container #1 is in OPEN state, but the datanode d2d597b7-f29c-4b6e-a1dc-31783afe2111{ip: 192.168.69.68, host: pr-hdds-2313-mzbf2-1866299523, networkLocation: /default-rack, certSerialId: null} reports an CLOSED replica.
2019-10-16 06:59:46,728 [EventQueue-ContainerReportForContainerReportHandler] WARN  container.ContainerReportHandler (AbstractContainerReportHandler.java:updateContainerState(145)) - Container #1 is in OPEN state, but the datanode 433771fa-af38-4628-a40e-96bcd22c3694{ip: 192.168.69.68, host: pr-hdds-2313-mzbf2-1866299523, networkLocation: /default-rack, certSerialId: null} reports an CLOSED replica.
2019-10-16 06:59:46,902 [EventQueue-ContainerReportForContainerReportHandler] WARN  container.ContainerReportHandler (AbstractContainerReportHandler.java:updateContainerState(145)) - Container #1 is in OPEN state, but the datanode d2d597b7-f29c-4b6e-a1dc-31783afe2111{ip: 192.168.69.68, host: pr-hdds-2313-mzbf2-1866299523, networkLocation: /default-rack, certSerialId: null} reports an CLOSED replica.
2019-10-16 06:59:47,028 [EventQueue-ContainerReportForContainerReportHandler] WARN  container.ContainerReportHandler (AbstractContainerReportHandler.java:updateContainerState(145)) - Container #1 is in OPEN state, but the datanode 433771fa-af38-4628-a40e-96bcd22c3694{ip: 192.168.69.68, host: pr-hdds-2313-mzbf2-1866299523, networkLocation: /default-rack, certSerialId: null} reports an CLOSED replica.
2019-10-16 06:59:47,091 [BlockDeletingService#0] WARN  background.BlockDeletingService (BlockDeletingService.java:isDeletionAllowed(187)) - Close Container log Index 6 is not replicated across allthe servers in the pipeline f466b838-ca87-44ef-9280-767f7a20abb4 as the min replicated index is 4. Deletion is not allowed in this container yet.
2019-10-16 06:59:47,091 [BlockDeletingService#2] WARN  background.BlockDeletingService (BlockDeletingService.java:isDeletionAllowed(187)) - Close Container log Index 6 is not replicated across allthe servers in the pipeline f466b838-ca87-44ef-9280-767f7a20abb4 as the min replicated index is 4. Deletion is not allowed in this container yet.
2019-10-16 06:59:47,302 [EventQueue-ContainerReportForContainerReportHandler] WARN  container.ContainerReportHandler (AbstractContainerReportHandler.java:updateContainerState(145)) - Container #1 is in OPEN state, but the datanode d2d597b7-f29c-4b6e-a1dc-31783afe2111{ip: 192.168.69.68, host: pr-hdds-2313-mzbf2-1866299523, networkLocation: /default-rack, certSerialId: null} reports an CLOSED replica.
2019-10-16 06:59:47,428 [EventQueue-ContainerReportForContainerReportHandler] WARN  container.ContainerReportHandler (AbstractContainerReportHandler.java:updateContainerState(145)) - Container #1 is in OPEN state, but the datanode 433771fa-af38-4628-a40e-96bcd22c3694{ip: 192.168.69.68, host: pr-hdds-2313-mzbf2-1866299523, networkLocation: /default-rack, certSerialId: null} reports an CLOSED replica.
2019-10-16 06:59:47,603 [EventQueue-ContainerReportForContainerReportHandler] WARN  container.ContainerReportHandler (AbstractContainerReportHandler.java:updateContainerState(145)) - Container #1 is in OPEN state, but the datanode d2d597b7-f29c-4b6e-a1dc-31783afe2111{ip: 192.168.69.68, host: pr-hdds-2313-mzbf2-1866299523, networkLocation: /default-rack, certSerialId: null} reports an CLOSED replica.
2019-10-16 06:59:47,628 [EventQueue-ContainerReportForContainerReportHandler] WARN  container.ContainerReportHandler (AbstractContainerReportHandler.java:updateContainerState(145)) - Container #1 is in OPEN state, but the datanode 433771fa-af38-4628-a40e-96bcd22c3694{ip: 192.168.69.68, host: pr-hdds-2313-mzbf2-1866299523, networkLocation: /default-rack, certSerialId: null} reports an CLOSED replica.
2019-10-16 06:59:47,861 [java.util.concurrent.ThreadPoolExecutor$Worker@4e0b4352[State = -1, empty queue]] WARN  server.GrpcLogAppender (GrpcLogAppender.java:timeoutAppendRequest(209)) - d2d597b7-f29c-4b6e-a1dc-31783afe2111@group-767F7A20ABB4->4f0a8cce-cba4-44f5-8366-0fb5fb6bef9c-GrpcLogAppender: appendEntries Timeout, request=d2d597b7-f29c-4b6e-a1dc-31783afe2111->4f0a8cce-cba4-44f5-8366-0fb5fb6bef9c#31-t3, previous=(t:3, i:10), leaderCommit=10, initializing? false, entries: <empty>
2019-10-16 06:59:47,884 [Thread-393] INFO  client.GrpcClientProtocolService (GrpcClientProtocolService.java:lambda$processClientRequest$0(278)) - Failed RaftClientRequest:client-C8ADB546B70F->d2d597b7-f29c-4b6e-a1dc-31783afe2111@group-767F7A20ABB4, cid=10, seq=0, Watch-ALL_COMMITTED(6), Message:<EMPTY>, reply=RaftClientReply:client-C8ADB546B70F->d2d597b7-f29c-4b6e-a1dc-31783afe2111@group-767F7A20ABB4, cid=10, FAILED org.apache.ratis.protocol.NotReplicatedException: Request with call Id 10 and log index 6 is not yet replicated to ALL_COMMITTED, logIndex=6, commits[d2d597b7-f29c-4b6e-a1dc-31783afe2111:c10, 433771fa-af38-4628-a40e-96bcd22c3694:c10, 4f0a8cce-cba4-44f5-8366-0fb5fb6bef9c:c4]
2019-10-16 06:59:47,904 [EventQueue-ContainerReportForContainerReportHandler] WARN  container.ContainerReportHandler (AbstractContainerReportHandler.java:updateContainerState(145)) - Container #1 is in OPEN state, but the datanode d2d597b7-f29c-4b6e-a1dc-31783afe2111{ip: 192.168.69.68, host: pr-hdds-2313-mzbf2-1866299523, networkLocation: /default-rack, certSerialId: null} reports an CLOSED replica.
2019-10-16 06:59:48,028 [EventQueue-ContainerReportForContainerReportHandler] WARN  container.ContainerReportHandler (AbstractContainerReportHandler.java:updateContainerState(145)) - Container #1 is in OPEN state, but the datanode 433771fa-af38-4628-a40e-96bcd22c3694{ip: 192.168.69.68, host: pr-hdds-2313-mzbf2-1866299523, networkLocation: /default-rack, certSerialId: null} reports an CLOSED replica.
2019-10-16 06:59:48,093 [BlockDeletingService#0] WARN  background.BlockDeletingService (BlockDeletingService.java:isDeletionAllowed(187)) - Close Container log Index 6 is not replicated across allthe servers in the pipeline f466b838-ca87-44ef-9280-767f7a20abb4 as the min replicated index is 4. Deletion is not allowed in this container yet.
2019-10-16 06:59:48,093 [BlockDeletingService#2] WARN  background.BlockDeletingService (BlockDeletingService.java:isDeletionAllowed(187)) - Close Container log Index 6 is not replicated across allthe servers in the pipeline f466b838-ca87-44ef-9280-767f7a20abb4 as the min replicated index is 4. Deletion is not allowed in this container yet.
2019-10-16 06:59:48,204 [EventQueue-ContainerReportForContainerReportHandler] WARN  container.ContainerReportHandler (AbstractContainerReportHandler.java:updateContainerState(145)) - Container #1 is in OPEN state, but the datanode d2d597b7-f29c-4b6e-a1dc-31783afe2111{ip: 192.168.69.68, host: pr-hdds-2313-mzbf2-1866299523, networkLocation: /default-rack, certSerialId: null} reports an CLOSED replica.
2019-10-16 06:59:48,228 [EventQueue-ContainerReportForContainerReportHandler] WARN  container.ContainerReportHandler (AbstractContainerReportHandler.java:updateContainerState(145)) - Container #1 is in OPEN state, but the datanode 433771fa-af38-4628-a40e-96bcd22c3694{ip: 192.168.69.68, host: pr-hdds-2313-mzbf2-1866299523, networkLocation: /default-rack, certSerialId: null} reports an CLOSED replica.
2019-10-16 06:59:48,404 [EventQueue-ContainerReportForContainerReportHandler] WARN  container.ContainerReportHandler (AbstractContainerReportHandler.java:updateContainerState(145)) - Container #1 is in OPEN state, but the datanode d2d597b7-f29c-4b6e-a1dc-31783afe2111{ip: 192.168.69.68, host: pr-hdds-2313-mzbf2-1866299523, networkLocation: /default-rack, certSerialId: null} reports an CLOSED replica.
2019-10-16 06:59:48,428 [EventQueue-ContainerReportForContainerReportHandler] WARN  container.ContainerReportHandler (AbstractContainerReportHandler.java:updateContainerState(145)) - Container #1 is in OPEN state, but the datanode 433771fa-af38-4628-a40e-96bcd22c3694{ip: 192.168.69.68, host: pr-hdds-2313-mzbf2-1866299523, networkLocation: /default-rack, certSerialId: null} reports an CLOSED replica.
2019-10-16 06:59:48,728 [EventQueue-ContainerReportForContainerReportHandler] WARN  container.ContainerReportHandler (AbstractContainerReportHandler.java:updateContainerState(145)) - Container #1 is in OPEN state, but the datanode 433771fa-af38-4628-a40e-96bcd22c3694{ip: 192.168.69.68, host: pr-hdds-2313-mzbf2-1866299523, networkLocation: /default-rack, certSerialId: null} reports an CLOSED replica.
2019-10-16 06:59:48,804 [EventQueue-ContainerReportForContainerReportHandler] WARN  container.ContainerReportHandler (AbstractContainerReportHandler.java:updateContainerState(145)) - Container #1 is in OPEN state, but the datanode d2d597b7-f29c-4b6e-a1dc-31783afe2111{ip: 192.168.69.68, host: pr-hdds-2313-mzbf2-1866299523, networkLocation: /default-rack, certSerialId: null} reports an CLOSED replica.
2019-10-16 06:59:49,028 [EventQueue-ContainerReportForContainerReportHandler] WARN  container.ContainerReportHandler (AbstractContainerReportHandler.java:updateContainerState(145)) - Container #1 is in OPEN state, but the datanode 433771fa-af38-4628-a40e-96bcd22c3694{ip: 192.168.69.68, host: pr-hdds-2313-mzbf2-1866299523, networkLocation: /default-rack, certSerialId: null} reports an CLOSED replica.
2019-10-16 06:59:49,098 [BlockDeletingService#0] WARN  background.BlockDeletingService (BlockDeletingService.java:isDeletionAllowed(187)) - Close Container log Index 6 is not replicated across allthe servers in the pipeline f466b838-ca87-44ef-9280-767f7a20abb4 as the min replicated index is 4. Deletion is not allowed in this container yet.
2019-10-16 06:59:49,099 [BlockDeletingService#2] WARN  background.BlockDeletingService (BlockDeletingService.java:isDeletionAllowed(187)) - Close Container log Index 6 is not replicated across allthe servers in the pipeline f466b838-ca87-44ef-9280-767f7a20abb4 as the min replicated index is 4. Deletion is not allowed in this container yet.
2019-10-16 06:59:49,104 [EventQueue-ContainerReportForContainerReportHandler] WARN  container.ContainerReportHandler (AbstractContainerReportHandler.java:updateContainerState(145)) - Container #1 is in OPEN state, but the datanode d2d597b7-f29c-4b6e-a1dc-31783afe2111{ip: 192.168.69.68, host: pr-hdds-2313-mzbf2-1866299523, networkLocation: /default-rack, certSerialId: null} reports an CLOSED replica.
2019-10-16 06:59:49,328 [EventQueue-ContainerReportForContainerReportHandler] WARN  container.ContainerReportHandler (AbstractContainerReportHandler.java:updateContainerState(145)) - Container #1 is in OPEN state, but the datanode 433771fa-af38-4628-a40e-96bcd22c3694{ip: 192.168.69.68, host: pr-hdds-2313-mzbf2-1866299523, networkLocation: /default-rack, certSerialId: null} reports an CLOSED replica.
2019-10-16 06:59:49,405 [EventQueue-ContainerReportForContainerReportHandler] WARN  container.ContainerReportHandler (AbstractContainerReportHandler.java:updateContainerState(145)) - Container #1 is in OPEN state, but the datanode d2d597b7-f29c-4b6e-a1dc-31783afe2111{ip: 192.168.69.68, host: pr-hdds-2313-mzbf2-1866299523, networkLocation: /default-rack, certSerialId: null} reports an CLOSED replica.
2019-10-16 06:59:49,628 [EventQueue-ContainerReportForContainerReportHandler] WARN  container.ContainerReportHandler (AbstractContainerReportHandler.java:updateContainerState(145)) - Container #1 is in OPEN state, but the datanode 433771fa-af38-4628-a40e-96bcd22c3694{ip: 192.168.69.68, host: pr-hdds-2313-mzbf2-1866299523, networkLocation: /default-rack, certSerialId: null} reports an CLOSED replica.
2019-10-16 06:59:49,705 [EventQueue-ContainerReportForContainerReportHandler] WARN  container.ContainerReportHandler (AbstractContainerReportHandler.java:updateContainerState(145)) - Container #1 is in OPEN state, but the datanode d2d597b7-f29c-4b6e-a1dc-31783afe2111{ip: 192.168.69.68, host: pr-hdds-2313-mzbf2-1866299523, networkLocation: /default-rack, certSerialId: null} reports an CLOSED replica.
2019-10-16 06:59:49,928 [EventQueue-ContainerReportForContainerReportHandler] WARN  container.ContainerReportHandler (AbstractContainerReportHandler.java:updateContainerState(145)) - Container #1 is in OPEN state, but the datanode 433771fa-af38-4628-a40e-96bcd22c3694{ip: 192.168.69.68, host: pr-hdds-2313-mzbf2-1866299523, networkLocation: /default-rack, certSerialId: null} reports an CLOSED replica.
2019-10-16 06:59:50,005 [EventQueue-ContainerReportForContainerReportHandler] WARN  container.ContainerReportHandler (AbstractContainerReportHandler.java:updateContainerState(145)) - Container #1 is in OPEN state, but the datanode d2d597b7-f29c-4b6e-a1dc-31783afe2111{ip: 192.168.69.68, host: pr-hdds-2313-mzbf2-1866299523, networkLocation: /default-rack, certSerialId: null} reports an CLOSED replica.
2019-10-16 06:59:50,099 [BlockDeletingService#0] WARN  background.BlockDeletingService (BlockDeletingService.java:isDeletionAllowed(187)) - Close Container log Index 6 is not replicated across allthe servers in the pipeline f466b838-ca87-44ef-9280-767f7a20abb4 as the min replicated index is 4. Deletion is not allowed in this container yet.
2019-10-16 06:59:50,100 [BlockDeletingService#2] WARN  background.BlockDeletingService (BlockDeletingService.java:isDeletionAllowed(187)) - Close Container log Index 6 is not replicated across allthe servers in the pipeline f466b838-ca87-44ef-9280-767f7a20abb4 as the min replicated index is 4. Deletion is not allowed in this container yet.
2019-10-16 06:59:50,128 [EventQueue-ContainerReportForContainerReportHandler] WARN  container.ContainerReportHandler (AbstractContainerReportHandler.java:updateContainerState(145)) - Container #1 is in OPEN state, but the datanode 433771fa-af38-4628-a40e-96bcd22c3694{ip: 192.168.69.68, host: pr-hdds-2313-mzbf2-1866299523, networkLocation: /default-rack, certSerialId: null} reports an CLOSED replica.
2019-10-16 06:59:50,305 [EventQueue-ContainerReportForContainerReportHandler] WARN  container.ContainerReportHandler (AbstractContainerReportHandler.java:updateContainerState(145)) - Container #1 is in OPEN state, but the datanode d2d597b7-f29c-4b6e-a1dc-31783afe2111{ip: 192.168.69.68, host: pr-hdds-2313-mzbf2-1866299523, networkLocation: /default-rack, certSerialId: null} reports an CLOSED replica.
2019-10-16 06:59:50,328 [EventQueue-ContainerReportForContainerReportHandler] WARN  container.ContainerReportHandler (AbstractContainerReportHandler.java:updateContainerState(145)) - Container #1 is in OPEN state, but the datanode 433771fa-af38-4628-a40e-96bcd22c3694{ip: 192.168.69.68, host: pr-hdds-2313-mzbf2-1866299523, networkLocation: /default-rack, certSerialId: null} reports an CLOSED replica.
2019-10-16 06:59:50,362 [java.util.concurrent.ThreadPoolExecutor$Worker@4e0b4352[State = -1, empty queue]] WARN  server.GrpcLogAppender (GrpcLogAppender.java:timeoutAppendRequest(209)) - d2d597b7-f29c-4b6e-a1dc-31783afe2111@group-767F7A20ABB4->4f0a8cce-cba4-44f5-8366-0fb5fb6bef9c-GrpcLogAppender: appendEntries Timeout, request=d2d597b7-f29c-4b6e-a1dc-31783afe2111->4f0a8cce-cba4-44f5-8366-0fb5fb6bef9c#32-t3, previous=(t:3, i:10), leaderCommit=10, initializing? false, entries: <empty>
2019-10-16 06:59:50,528 [EventQueue-ContainerReportForContainerReportHandler] WARN  container.ContainerReportHandler (AbstractContainerReportHandler.java:updateContainerState(145)) - Container #1 is in OPEN state, but the datanode 433771fa-af38-4628-a40e-96bcd22c3694{ip: 192.168.69.68, host: pr-hdds-2313-mzbf2-1866299523, networkLocation: /default-rack, certSerialId: null} reports an CLOSED replica.
2019-10-16 06:59:50,605 [EventQueue-ContainerReportForContainerReportHandler] WARN  container.ContainerReportHandler (AbstractContainerReportHandler.java:updateContainerState(145)) - Container #1 is in OPEN state, but the datanode d2d597b7-f29c-4b6e-a1dc-31783afe2111{ip: 192.168.69.68, host: pr-hdds-2313-mzbf2-1866299523, networkLocation: /default-rack, certSerialId: null} reports an CLOSED replica.
2019-10-16 06:59:50,828 [EventQueue-ContainerReportForContainerReportHandler] WARN  container.ContainerReportHandler (AbstractContainerReportHandler.java:updateContainerState(145)) - Container #1 is in OPEN state, but the datanode 433771fa-af38-4628-a40e-96bcd22c3694{ip: 192.168.69.68, host: pr-hdds-2313-mzbf2-1866299523, networkLocation: /default-rack, certSerialId: null} reports an CLOSED replica.
2019-10-16 06:59:50,905 [EventQueue-ContainerReportForContainerReportHandler] WARN  container.ContainerReportHandler (AbstractContainerReportHandler.java:updateContainerState(145)) - Container #1 is in OPEN state, but the datanode d2d597b7-f29c-4b6e-a1dc-31783afe2111{ip: 192.168.69.68, host: pr-hdds-2313-mzbf2-1866299523, networkLocation: /default-rack, certSerialId: null} reports an CLOSED replica.
2019-10-16 06:59:51,101 [BlockDeletingService#0] WARN  background.BlockDeletingService (BlockDeletingService.java:isDeletionAllowed(187)) - Close Container log Index 6 is not replicated across allthe servers in the pipeline f466b838-ca87-44ef-9280-767f7a20abb4 as the min replicated index is 4. Deletion is not allowed in this container yet.
2019-10-16 06:59:51,101 [BlockDeletingService#2] WARN  background.BlockDeletingService (BlockDeletingService.java:isDeletionAllowed(187)) - Close Container log Index 6 is not replicated across allthe servers in the pipeline f466b838-ca87-44ef-9280-767f7a20abb4 as the min replicated index is 4. Deletion is not allowed in this container yet.
2019-10-16 06:59:51,228 [EventQueue-ContainerReportForContainerReportHandler] WARN  container.ContainerReportHandler (AbstractContainerReportHandler.java:updateContainerState(145)) - Container #1 is in OPEN state, but the datanode 433771fa-af38-4628-a40e-96bcd22c3694{ip: 192.168.69.68, host: pr-hdds-2313-mzbf2-1866299523, networkLocation: /default-rack, certSerialId: null} reports an CLOSED replica.
2019-10-16 06:59:51,305 [EventQueue-ContainerReportForContainerReportHandler] WARN  container.ContainerReportHandler (AbstractContainerReportHandler.java:updateContainerState(145)) - Container #1 is in OPEN state, but the datanode d2d597b7-f29c-4b6e-a1dc-31783afe2111{ip: 192.168.69.68, host: pr-hdds-2313-mzbf2-1866299523, networkLocation: /default-rack, certSerialId: null} reports an CLOSED replica.
2019-10-16 06:59:51,428 [EventQueue-ContainerReportForContainerReportHandler] WARN  container.ContainerReportHandler (AbstractContainerReportHandler.java:updateContainerState(145)) - Container #1 is in OPEN state, but the datanode 433771fa-af38-4628-a40e-96bcd22c3694{ip: 192.168.69.68, host: pr-hdds-2313-mzbf2-1866299523, networkLocation: /default-rack, certSerialId: null} reports an CLOSED replica.
2019-10-16 06:59:51,605 [EventQueue-ContainerReportForContainerReportHandler] WARN  container.ContainerReportHandler (AbstractContainerReportHandler.java:updateContainerState(145)) - Container #1 is in OPEN state, but the datanode d2d597b7-f29c-4b6e-a1dc-31783afe2111{ip: 192.168.69.68, host: pr-hdds-2313-mzbf2-1866299523, networkLocation: /default-rack, certSerialId: null} reports an CLOSED replica.
2019-10-16 06:59:51,828 [EventQueue-ContainerReportForContainerReportHandler] WARN  container.ContainerReportHandler (AbstractContainerReportHandler.java:updateContainerState(145)) - Container #1 is in OPEN state, but the datanode 433771fa-af38-4628-a40e-96bcd22c3694{ip: 192.168.69.68, host: pr-hdds-2313-mzbf2-1866299523, networkLocation: /default-rack, certSerialId: null} reports an CLOSED replica.
2019-10-16 06:59:51,906 [EventQueue-ContainerReportForContainerReportHandler] WARN  container.ContainerReportHandler (AbstractContainerReportHandler.java:updateContainerState(145)) - Container #1 is in OPEN state, but the datanode d2d597b7-f29c-4b6e-a1dc-31783afe2111{ip: 192.168.69.68, host: pr-hdds-2313-mzbf2-1866299523, networkLocation: /default-rack, certSerialId: null} reports an CLOSED replica.
2019-10-16 06:59:52,028 [EventQueue-ContainerReportForContainerReportHandler] WARN  container.ContainerReportHandler (AbstractContainerReportHandler.java:updateContainerState(145)) - Container #1 is in OPEN state, but the datanode 433771fa-af38-4628-a40e-96bcd22c3694{ip: 192.168.69.68, host: pr-hdds-2313-mzbf2-1866299523, networkLocation: /default-rack, certSerialId: null} reports an CLOSED replica.
2019-10-16 06:59:52,103 [BlockDeletingService#0] WARN  background.BlockDeletingService (BlockDeletingService.java:isDeletionAllowed(187)) - Close Container log Index 6 is not replicated across allthe servers in the pipeline f466b838-ca87-44ef-9280-767f7a20abb4 as the min replicated index is 4. Deletion is not allowed in this container yet.
2019-10-16 06:59:52,103 [BlockDeletingService#2] WARN  background.BlockDeletingService (BlockDeletingService.java:isDeletionAllowed(187)) - Close Container log Index 6 is not replicated across allthe servers in the pipeline f466b838-ca87-44ef-9280-767f7a20abb4 as the min replicated index is 4. Deletion is not allowed in this container yet.
2019-10-16 06:59:52,106 [EventQueue-ContainerReportForContainerReportHandler] WARN  container.ContainerReportHandler (AbstractContainerReportHandler.java:updateContainerState(145)) - Container #1 is in OPEN state, but the datanode d2d597b7-f29c-4b6e-a1dc-31783afe2111{ip: 192.168.69.68, host: pr-hdds-2313-mzbf2-1866299523, networkLocation: /default-rack, certSerialId: null} reports an CLOSED replica.
2019-10-16 06:59:52,329 [EventQueue-ContainerReportForContainerReportHandler] WARN  container.ContainerReportHandler (AbstractContainerReportHandler.java:updateContainerState(145)) - Container #1 is in OPEN state, but the datanode 433771fa-af38-4628-a40e-96bcd22c3694{ip: 192.168.69.68, host: pr-hdds-2313-mzbf2-1866299523, networkLocation: /default-rack, certSerialId: null} reports an CLOSED replica.
2019-10-16 06:59:52,407 [EventQueue-ContainerReportForContainerReportHandler] WARN  container.ContainerReportHandler (AbstractContainerReportHandler.java:updateContainerState(145)) - Container #1 is in OPEN state, but the datanode d2d597b7-f29c-4b6e-a1dc-31783afe2111{ip: 192.168.69.68, host: pr-hdds-2313-mzbf2-1866299523, networkLocation: /default-rack, certSerialId: null} reports an CLOSED replica.
2019-10-16 06:59:52,607 [EventQueue-ContainerReportForContainerReportHandler] WARN  container.ContainerReportHandler (AbstractContainerReportHandler.java:updateContainerState(145)) - Container #1 is in OPEN state, but the datanode d2d597b7-f29c-4b6e-a1dc-31783afe2111{ip: 192.168.69.68, host: pr-hdds-2313-mzbf2-1866299523, networkLocation: /default-rack, certSerialId: null} reports an CLOSED replica.
2019-10-16 06:59:52,731 [EventQueue-ContainerReportForContainerReportHandler] WARN  container.ContainerReportHandler (AbstractContainerReportHandler.java:updateContainerState(145)) - Container #1 is in OPEN state, but the datanode 433771fa-af38-4628-a40e-96bcd22c3694{ip: 192.168.69.68, host: pr-hdds-2313-mzbf2-1866299523, networkLocation: /default-rack, certSerialId: null} reports an CLOSED replica.
2019-10-16 06:59:52,863 [java.util.concurrent.ThreadPoolExecutor$Worker@4e0b4352[State = -1, empty queue]] WARN  server.GrpcLogAppender (GrpcLogAppender.java:timeoutAppendRequest(209)) - d2d597b7-f29c-4b6e-a1dc-31783afe2111@group-767F7A20ABB4->4f0a8cce-cba4-44f5-8366-0fb5fb6bef9c-GrpcLogAppender: appendEntries Timeout, request=d2d597b7-f29c-4b6e-a1dc-31783afe2111->4f0a8cce-cba4-44f5-8366-0fb5fb6bef9c#33-t3, previous=(t:3, i:10), leaderCommit=10, initializing? false, entries: <empty>
2019-10-16 06:59:53,010 [EventQueue-ContainerReportForContainerReportHandler] WARN  container.ContainerReportHandler (AbstractContainerReportHandler.java:updateContainerState(145)) - Container #1 is in OPEN state, but the datanode d2d597b7-f29c-4b6e-a1dc-31783afe2111{ip: 192.168.69.68, host: pr-hdds-2313-mzbf2-1866299523, networkLocation: /default-rack, certSerialId: null} reports an CLOSED replica.
2019-10-16 06:59:53,030 [EventQueue-ContainerReportForContainerReportHandler] WARN  container.ContainerReportHandler (AbstractContainerReportHandler.java:updateContainerState(145)) - Container #1 is in OPEN state, but the datanode 433771fa-af38-4628-a40e-96bcd22c3694{ip: 192.168.69.68, host: pr-hdds-2313-mzbf2-1866299523, networkLocation: /default-rack, certSerialId: null} reports an CLOSED replica.
2019-10-16 06:59:53,104 [BlockDeletingService#2] WARN  background.BlockDeletingService (BlockDeletingService.java:isDeletionAllowed(187)) - Close Container log Index 6 is not replicated across allthe servers in the pipeline f466b838-ca87-44ef-9280-767f7a20abb4 as the min replicated index is 4. Deletion is not allowed in this container yet.
2019-10-16 06:59:53,104 [BlockDeletingService#0] WARN  background.BlockDeletingService (BlockDeletingService.java:isDeletionAllowed(187)) - Close Container log Index 6 is not replicated across allthe servers in the pipeline f466b838-ca87-44ef-9280-767f7a20abb4 as the min replicated index is 4. Deletion is not allowed in this container yet.
2019-10-16 06:59:53,211 [EventQueue-ContainerReportForContainerReportHandler] WARN  container.ContainerReportHandler (AbstractContainerReportHandler.java:updateContainerState(145)) - Container #1 is in OPEN state, but the datanode d2d597b7-f29c-4b6e-a1dc-31783afe2111{ip: 192.168.69.68, host: pr-hdds-2313-mzbf2-1866299523, networkLocation: /default-rack, certSerialId: null} reports an CLOSED replica.
2019-10-16 06:59:53,330 [EventQueue-ContainerReportForContainerReportHandler] WARN  container.ContainerReportHandler (AbstractContainerReportHandler.java:updateContainerState(145)) - Container #1 is in OPEN state, but the datanode 433771fa-af38-4628-a40e-96bcd22c3694{ip: 192.168.69.68, host: pr-hdds-2313-mzbf2-1866299523, networkLocation: /default-rack, certSerialId: null} reports an CLOSED replica.
2019-10-16 06:59:53,413 [EventQueue-ContainerReportForContainerReportHandler] WARN  container.ContainerReportHandler (AbstractContainerReportHandler.java:updateContainerState(145)) - Container #1 is in OPEN state, but the datanode d2d597b7-f29c-4b6e-a1dc-31783afe2111{ip: 192.168.69.68, host: pr-hdds-2313-mzbf2-1866299523, networkLocation: /default-rack, certSerialId: null} reports an CLOSED replica.
2019-10-16 06:59:53,530 [EventQueue-ContainerReportForContainerReportHandler] WARN  container.ContainerReportHandler (AbstractContainerReportHandler.java:updateContainerState(145)) - Container #1 is in OPEN state, but the datanode 433771fa-af38-4628-a40e-96bcd22c3694{ip: 192.168.69.68, host: pr-hdds-2313-mzbf2-1866299523, networkLocation: /default-rack, certSerialId: null} reports an CLOSED replica.
2019-10-16 06:59:53,730 [EventQueue-ContainerReportForContainerReportHandler] WARN  container.ContainerReportHandler (AbstractContainerReportHandler.java:updateContainerState(145)) - Container #1 is in OPEN state, but the datanode 433771fa-af38-4628-a40e-96bcd22c3694{ip: 192.168.69.68, host: pr-hdds-2313-mzbf2-1866299523, networkLocation: /default-rack, certSerialId: null} reports an CLOSED replica.
2019-10-16 06:59:53,813 [EventQueue-ContainerReportForContainerReportHandler] WARN  container.ContainerReportHandler (AbstractContainerReportHandler.java:updateContainerState(145)) - Container #1 is in OPEN state, but the datanode d2d597b7-f29c-4b6e-a1dc-31783afe2111{ip: 192.168.69.68, host: pr-hdds-2313-mzbf2-1866299523, networkLocation: /default-rack, certSerialId: null} reports an CLOSED replica.
2019-10-16 06:59:54,106 [BlockDeletingService#2] WARN  background.BlockDeletingService (BlockDeletingService.java:isDeletionAllowed(187)) - Close Container log Index 6 is not replicated across allthe servers in the pipeline f466b838-ca87-44ef-9280-767f7a20abb4 as the min replicated index is 4. Deletion is not allowed in this container yet.
2019-10-16 06:59:54,106 [BlockDeletingService#0] WARN  background.BlockDeletingService (BlockDeletingService.java:isDeletionAllowed(187)) - Close Container log Index 6 is not replicated across allthe servers in the pipeline f466b838-ca87-44ef-9280-767f7a20abb4 as the min replicated index is 4. Deletion is not allowed in this container yet.
2019-10-16 06:59:54,114 [EventQueue-ContainerReportForContainerReportHandler] WARN  container.ContainerReportHandler (AbstractContainerReportHandler.java:updateContainerState(145)) - Container #1 is in OPEN state, but the datanode d2d597b7-f29c-4b6e-a1dc-31783afe2111{ip: 192.168.69.68, host: pr-hdds-2313-mzbf2-1866299523, networkLocation: /default-rack, certSerialId: null} reports an CLOSED replica.
2019-10-16 06:59:54,131 [EventQueue-ContainerReportForContainerReportHandler] WARN  container.ContainerReportHandler (AbstractContainerReportHandler.java:updateContainerState(145)) - Container #1 is in OPEN state, but the datanode 433771fa-af38-4628-a40e-96bcd22c3694{ip: 192.168.69.68, host: pr-hdds-2313-mzbf2-1866299523, networkLocation: /default-rack, certSerialId: null} reports an CLOSED replica.
2019-10-16 06:59:54,417 [EventQueue-ContainerReportForContainerReportHandler] WARN  container.ContainerReportHandler (AbstractContainerReportHandler.java:updateContainerState(145)) - Container #1 is in OPEN state, but the datanode d2d597b7-f29c-4b6e-a1dc-31783afe2111{ip: 192.168.69.68, host: pr-hdds-2313-mzbf2-1866299523, networkLocation: /default-rack, certSerialId: null} reports an CLOSED replica.
2019-10-16 06:59:54,531 [EventQueue-ContainerReportForContainerReportHandler] WARN  container.ContainerReportHandler (AbstractContainerReportHandler.java:updateContainerState(145)) - Container #1 is in OPEN state, but the datanode 433771fa-af38-4628-a40e-96bcd22c3694{ip: 192.168.69.68, host: pr-hdds-2313-mzbf2-1866299523, networkLocation: /default-rack, certSerialId: null} reports an CLOSED replica.
2019-10-16 06:59:54,717 [EventQueue-ContainerReportForContainerReportHandler] WARN  container.ContainerReportHandler (AbstractContainerReportHandler.java:updateContainerState(145)) - Container #1 is in OPEN state, but the datanode d2d597b7-f29c-4b6e-a1dc-31783afe2111{ip: 192.168.69.68, host: pr-hdds-2313-mzbf2-1866299523, networkLocation: /default-rack, certSerialId: null} reports an CLOSED replica.
2019-10-16 06:59:54,831 [EventQueue-ContainerReportForContainerReportHandler] WARN  container.ContainerReportHandler (AbstractContainerReportHandler.java:updateContainerState(145)) - Container #1 is in OPEN state, but the datanode 433771fa-af38-4628-a40e-96bcd22c3694{ip: 192.168.69.68, host: pr-hdds-2313-mzbf2-1866299523, networkLocation: /default-rack, certSerialId: null} reports an CLOSED replica.
2019-10-16 06:59:54,962 [Thread-413] INFO  client.GrpcClientProtocolService (GrpcClientProtocolService.java:lambda$processClientRequest$0(278)) - Failed RaftClientRequest:client-C8ADB546B70F->433771fa-af38-4628-a40e-96bcd22c3694@group-767F7A20ABB4, cid=10, seq=0, Watch-ALL_COMMITTED(6), Message:<EMPTY>, reply=RaftClientReply:client-C8ADB546B70F->433771fa-af38-4628-a40e-96bcd22c3694@group-767F7A20ABB4, cid=10, FAILED org.apache.ratis.protocol.NotLeaderException: Server 433771fa-af38-4628-a40e-96bcd22c3694@group-767F7A20ABB4 is not the leader d2d597b7-f29c-4b6e-a1dc-31783afe2111:192.168.69.68:40938, logIndex=0, commits[433771fa-af38-4628-a40e-96bcd22c3694:c10, 4f0a8cce-cba4-44f5-8366-0fb5fb6bef9c:c4, d2d597b7-f29c-4b6e-a1dc-31783afe2111:c10]
2019-10-16 06:59:55,107 [BlockDeletingService#2] WARN  background.BlockDeletingService (BlockDeletingService.java:isDeletionAllowed(187)) - Close Container log Index 6 is not replicated across allthe servers in the pipeline f466b838-ca87-44ef-9280-767f7a20abb4 as the min replicated index is 4. Deletion is not allowed in this container yet.
2019-10-16 06:59:55,107 [BlockDeletingService#0] WARN  background.BlockDeletingService (BlockDeletingService.java:isDeletionAllowed(187)) - Close Container log Index 6 is not replicated across allthe servers in the pipeline f466b838-ca87-44ef-9280-767f7a20abb4 as the min replicated index is 4. Deletion is not allowed in this container yet.
2019-10-16 06:59:55,118 [EventQueue-ContainerReportForContainerReportHandler] WARN  container.ContainerReportHandler (AbstractContainerReportHandler.java:updateContainerState(145)) - Container #1 is in OPEN state, but the datanode d2d597b7-f29c-4b6e-a1dc-31783afe2111{ip: 192.168.69.68, host: pr-hdds-2313-mzbf2-1866299523, networkLocation: /default-rack, certSerialId: null} reports an CLOSED replica.
2019-10-16 06:59:55,232 [EventQueue-ContainerReportForContainerReportHandler] WARN  container.ContainerReportHandler (AbstractContainerReportHandler.java:updateContainerState(145)) - Container #1 is in OPEN state, but the datanode 433771fa-af38-4628-a40e-96bcd22c3694{ip: 192.168.69.68, host: pr-hdds-2313-mzbf2-1866299523, networkLocation: /default-rack, certSerialId: null} reports an CLOSED replica.
2019-10-16 06:59:55,364 [java.util.concurrent.ThreadPoolExecutor$Worker@4e0b4352[State = -1, empty queue]] WARN  server.GrpcLogAppender (GrpcLogAppender.java:timeoutAppendRequest(209)) - d2d597b7-f29c-4b6e-a1dc-31783afe2111@group-767F7A20ABB4->4f0a8cce-cba4-44f5-8366-0fb5fb6bef9c-GrpcLogAppender: appendEntries Timeout, request=d2d597b7-f29c-4b6e-a1dc-31783afe2111->4f0a8cce-cba4-44f5-8366-0fb5fb6bef9c#34-t3, previous=(t:3, i:10), leaderCommit=10, initializing? false, entries: <empty>
2019-10-16 06:59:55,417 [EventQueue-ContainerReportForContainerReportHandler] WARN  container.ContainerReportHandler (AbstractContainerReportHandler.java:updateContainerState(145)) - Container #1 is in OPEN state, but the datanode d2d597b7-f29c-4b6e-a1dc-31783afe2111{ip: 192.168.69.68, host: pr-hdds-2313-mzbf2-1866299523, networkLocation: /default-rack, certSerialId: null} reports an CLOSED replica.
2019-10-16 06:59:55,532 [EventQueue-ContainerReportForContainerReportHandler] WARN  container.ContainerReportHandler (AbstractContainerReportHandler.java:updateContainerState(145)) - Container #1 is in OPEN state, but the datanode 433771fa-af38-4628-a40e-96bcd22c3694{ip: 192.168.69.68, host: pr-hdds-2313-mzbf2-1866299523, networkLocation: /default-rack, certSerialId: null} reports an CLOSED replica.
2019-10-16 06:59:55,617 [EventQueue-ContainerReportForContainerReportHandler] WARN  container.ContainerReportHandler (AbstractContainerReportHandler.java:updateContainerState(145)) - Container #1 is in OPEN state, but the datanode d2d597b7-f29c-4b6e-a1dc-31783afe2111{ip: 192.168.69.68, host: pr-hdds-2313-mzbf2-1866299523, networkLocation: /default-rack, certSerialId: null} reports an CLOSED replica.
2019-10-16 06:59:55,732 [EventQueue-ContainerReportForContainerReportHandler] WARN  container.ContainerReportHandler (AbstractContainerReportHandler.java:updateContainerState(145)) - Container #1 is in OPEN state, but the datanode 433771fa-af38-4628-a40e-96bcd22c3694{ip: 192.168.69.68, host: pr-hdds-2313-mzbf2-1866299523, networkLocation: /default-rack, certSerialId: null} reports an CLOSED replica.
2019-10-16 06:59:55,917 [EventQueue-ContainerReportForContainerReportHandler] WARN  container.ContainerReportHandler (AbstractContainerReportHandler.java:updateContainerState(145)) - Container #1 is in OPEN state, but the datanode d2d597b7-f29c-4b6e-a1dc-31783afe2111{ip: 192.168.69.68, host: pr-hdds-2313-mzbf2-1866299523, networkLocation: /default-rack, certSerialId: null} reports an CLOSED replica.
2019-10-16 06:59:56,032 [EventQueue-ContainerReportForContainerReportHandler] WARN  container.ContainerReportHandler (AbstractContainerReportHandler.java:updateContainerState(145)) - Container #1 is in OPEN state, but the datanode 433771fa-af38-4628-a40e-96bcd22c3694{ip: 192.168.69.68, host: pr-hdds-2313-mzbf2-1866299523, networkLocation: /default-rack, certSerialId: null} reports an CLOSED replica.
2019-10-16 06:59:56,109 [BlockDeletingService#2] WARN  background.BlockDeletingService (BlockDeletingService.java:isDeletionAllowed(187)) - Close Container log Index 6 is not replicated across allthe servers in the pipeline f466b838-ca87-44ef-9280-767f7a20abb4 as the min replicated index is 4. Deletion is not allowed in this container yet.
2019-10-16 06:59:56,110 [BlockDeletingService#0] WARN  background.BlockDeletingService (BlockDeletingService.java:isDeletionAllowed(187)) - Close Container log Index 6 is not replicated across allthe servers in the pipeline f466b838-ca87-44ef-9280-767f7a20abb4 as the min replicated index is 4. Deletion is not allowed in this container yet.
2019-10-16 06:59:56,318 [EventQueue-ContainerReportForContainerReportHandler] WARN  container.ContainerReportHandler (AbstractContainerReportHandler.java:updateContainerState(145)) - Container #1 is in OPEN state, but the datanode d2d597b7-f29c-4b6e-a1dc-31783afe2111{ip: 192.168.69.68, host: pr-hdds-2313-mzbf2-1866299523, networkLocation: /default-rack, certSerialId: null} reports an CLOSED replica.
2019-10-16 06:59:56,332 [EventQueue-ContainerReportForContainerReportHandler] WARN  container.ContainerReportHandler (AbstractContainerReportHandler.java:updateContainerState(145)) - Container #1 is in OPEN state, but the datanode 433771fa-af38-4628-a40e-96bcd22c3694{ip: 192.168.69.68, host: pr-hdds-2313-mzbf2-1866299523, networkLocation: /default-rack, certSerialId: null} reports an CLOSED replica.
2019-10-16 06:59:56,632 [EventQueue-ContainerReportForContainerReportHandler] WARN  container.ContainerReportHandler (AbstractContainerReportHandler.java:updateContainerState(145)) - Container #1 is in OPEN state, but the datanode 433771fa-af38-4628-a40e-96bcd22c3694{ip: 192.168.69.68, host: pr-hdds-2313-mzbf2-1866299523, networkLocation: /default-rack, certSerialId: null} reports an CLOSED replica.
2019-10-16 06:59:56,717 [EventQueue-ContainerReportForContainerReportHandler] WARN  container.ContainerReportHandler (AbstractContainerReportHandler.java:updateContainerState(145)) - Container #1 is in OPEN state, but the datanode d2d597b7-f29c-4b6e-a1dc-31783afe2111{ip: 192.168.69.68, host: pr-hdds-2313-mzbf2-1866299523, networkLocation: /default-rack, certSerialId: null} reports an CLOSED replica.
2019-10-16 06:59:56,832 [EventQueue-ContainerReportForContainerReportHandler] WARN  container.ContainerReportHandler (AbstractContainerReportHandler.java:updateContainerState(145)) - Container #1 is in OPEN state, but the datanode 433771fa-af38-4628-a40e-96bcd22c3694{ip: 192.168.69.68, host: pr-hdds-2313-mzbf2-1866299523, networkLocation: /default-rack, certSerialId: null} reports an CLOSED replica.
2019-10-16 06:59:56,885 [Thread-420] INFO  client.GrpcClientProtocolService (GrpcClientProtocolService.java:lambda$processClientRequest$0(278)) - Failed RaftClientRequest:client-C8ADB546B70F->d2d597b7-f29c-4b6e-a1dc-31783afe2111@group-767F7A20ABB4, cid=10, seq=0, Watch-ALL_COMMITTED(6), Message:<EMPTY>, reply=RaftClientReply:client-C8ADB546B70F->d2d597b7-f29c-4b6e-a1dc-31783afe2111@group-767F7A20ABB4, cid=10, FAILED org.apache.ratis.protocol.NotReplicatedException: Request with call Id 10 and log index 6 is not yet replicated to ALL_COMMITTED, logIndex=6, commits[d2d597b7-f29c-4b6e-a1dc-31783afe2111:c10, 433771fa-af38-4628-a40e-96bcd22c3694:c10, 4f0a8cce-cba4-44f5-8366-0fb5fb6bef9c:c4]
2019-10-16 06:59:57,017 [EventQueue-ContainerReportForContainerReportHandler] WARN  container.ContainerReportHandler (AbstractContainerReportHandler.java:updateContainerState(145)) - Container #1 is in OPEN state, but the datanode d2d597b7-f29c-4b6e-a1dc-31783afe2111{ip: 192.168.69.68, host: pr-hdds-2313-mzbf2-1866299523, networkLocation: /default-rack, certSerialId: null} reports an CLOSED replica.
2019-10-16 06:59:57,111 [BlockDeletingService#2] WARN  background.BlockDeletingService (BlockDeletingService.java:isDeletionAllowed(187)) - Close Container log Index 6 is not replicated across allthe servers in the pipeline f466b838-ca87-44ef-9280-767f7a20abb4 as the min replicated index is 4. Deletion is not allowed in this container yet.
2019-10-16 06:59:57,112 [BlockDeletingService#0] WARN  background.BlockDeletingService (BlockDeletingService.java:isDeletionAllowed(187)) - Close Container log Index 6 is not replicated across allthe servers in the pipeline f466b838-ca87-44ef-9280-767f7a20abb4 as the min replicated index is 4. Deletion is not allowed in this container yet.
2019-10-16 06:59:57,233 [EventQueue-ContainerReportForContainerReportHandler] WARN  container.ContainerReportHandler (AbstractContainerReportHandler.java:updateContainerState(145)) - Container #1 is in OPEN state, but the datanode 433771fa-af38-4628-a40e-96bcd22c3694{ip: 192.168.69.68, host: pr-hdds-2313-mzbf2-1866299523, networkLocation: /default-rack, certSerialId: null} reports an CLOSED replica.
2019-10-16 06:59:57,317 [EventQueue-ContainerReportForContainerReportHandler] WARN  container.ContainerReportHandler (AbstractContainerReportHandler.java:updateContainerState(145)) - Container #1 is in OPEN state, but the datanode d2d597b7-f29c-4b6e-a1dc-31783afe2111{ip: 192.168.69.68, host: pr-hdds-2313-mzbf2-1866299523, networkLocation: /default-rack, certSerialId: null} reports an CLOSED replica.
2019-10-16 06:59:57,432 [EventQueue-ContainerReportForContainerReportHandler] WARN  container.ContainerReportHandler (AbstractContainerReportHandler.java:updateContainerState(145)) - Container #1 is in OPEN state, but the datanode 433771fa-af38-4628-a40e-96bcd22c3694{ip: 192.168.69.68, host: pr-hdds-2313-mzbf2-1866299523, networkLocation: /default-rack, certSerialId: null} reports an CLOSED replica.
2019-10-16 06:59:57,617 [EventQueue-ContainerReportForContainerReportHandler] WARN  container.ContainerReportHandler (AbstractContainerReportHandler.java:updateContainerState(145)) - Container #1 is in OPEN state, but the datanode d2d597b7-f29c-4b6e-a1dc-31783afe2111{ip: 192.168.69.68, host: pr-hdds-2313-mzbf2-1866299523, networkLocation: /default-rack, certSerialId: null} reports an CLOSED replica.
2019-10-16 06:59:57,817 [EventQueue-ContainerReportForContainerReportHandler] WARN  container.ContainerReportHandler (AbstractContainerReportHandler.java:updateContainerState(145)) - Container #1 is in OPEN state, but the datanode d2d597b7-f29c-4b6e-a1dc-31783afe2111{ip: 192.168.69.68, host: pr-hdds-2313-mzbf2-1866299523, networkLocation: /default-rack, certSerialId: null} reports an CLOSED replica.
2019-10-16 06:59:57,832 [EventQueue-ContainerReportForContainerReportHandler] WARN  container.ContainerReportHandler (AbstractContainerReportHandler.java:updateContainerState(145)) - Container #1 is in OPEN state, but the datanode 433771fa-af38-4628-a40e-96bcd22c3694{ip: 192.168.69.68, host: pr-hdds-2313-mzbf2-1866299523, networkLocation: /default-rack, certSerialId: null} reports an CLOSED replica.
2019-10-16 06:59:57,865 [java.util.concurrent.ThreadPoolExecutor$Worker@4e0b4352[State = -1, empty queue]] WARN  server.GrpcLogAppender (GrpcLogAppender.java:timeoutAppendRequest(209)) - d2d597b7-f29c-4b6e-a1dc-31783afe2111@group-767F7A20ABB4->4f0a8cce-cba4-44f5-8366-0fb5fb6bef9c-GrpcLogAppender: appendEntries Timeout, request=d2d597b7-f29c-4b6e-a1dc-31783afe2111->4f0a8cce-cba4-44f5-8366-0fb5fb6bef9c#35-t3, previous=(t:3, i:10), leaderCommit=10, initializing? false, entries: <empty>
2019-10-16 06:59:58,018 [EventQueue-ContainerReportForContainerReportHandler] WARN  container.ContainerReportHandler (AbstractContainerReportHandler.java:updateContainerState(145)) - Container #1 is in OPEN state, but the datanode d2d597b7-f29c-4b6e-a1dc-31783afe2111{ip: 192.168.69.68, host: pr-hdds-2313-mzbf2-1866299523, networkLocation: /default-rack, certSerialId: null} reports an CLOSED replica.
2019-10-16 06:59:58,114 [BlockDeletingService#0] WARN  background.BlockDeletingService (BlockDeletingService.java:isDeletionAllowed(187)) - Close Container log Index 6 is not replicated across allthe servers in the pipeline f466b838-ca87-44ef-9280-767f7a20abb4 as the min replicated index is 4. Deletion is not allowed in this container yet.
2019-10-16 06:59:58,114 [BlockDeletingService#2] WARN  background.BlockDeletingService (BlockDeletingService.java:isDeletionAllowed(187)) - Close Container log Index 6 is not replicated across allthe servers in the pipeline f466b838-ca87-44ef-9280-767f7a20abb4 as the min replicated index is 4. Deletion is not allowed in this container yet.
2019-10-16 06:59:58,132 [EventQueue-ContainerReportForContainerReportHandler] WARN  container.ContainerReportHandler (AbstractContainerReportHandler.java:updateContainerState(145)) - Container #1 is in OPEN state, but the datanode 433771fa-af38-4628-a40e-96bcd22c3694{ip: 192.168.69.68, host: pr-hdds-2313-mzbf2-1866299523, networkLocation: /default-rack, certSerialId: null} reports an CLOSED replica.
2019-10-16 06:59:58,417 [EventQueue-ContainerReportForContainerReportHandler] WARN  container.ContainerReportHandler (AbstractContainerReportHandler.java:updateContainerState(145)) - Container #1 is in OPEN state, but the datanode d2d597b7-f29c-4b6e-a1dc-31783afe2111{ip: 192.168.69.68, host: pr-hdds-2313-mzbf2-1866299523, networkLocation: /default-rack, certSerialId: null} reports an CLOSED replica.
2019-10-16 06:59:58,432 [EventQueue-ContainerReportForContainerReportHandler] WARN  container.ContainerReportHandler (AbstractContainerReportHandler.java:updateContainerState(145)) - Container #1 is in OPEN state, but the datanode 433771fa-af38-4628-a40e-96bcd22c3694{ip: 192.168.69.68, host: pr-hdds-2313-mzbf2-1866299523, networkLocation: /default-rack, certSerialId: null} reports an CLOSED replica.
2019-10-16 06:59:58,717 [EventQueue-ContainerReportForContainerReportHandler] WARN  container.ContainerReportHandler (AbstractContainerReportHandler.java:updateContainerState(145)) - Container #1 is in OPEN state, but the datanode d2d597b7-f29c-4b6e-a1dc-31783afe2111{ip: 192.168.69.68, host: pr-hdds-2313-mzbf2-1866299523, networkLocation: /default-rack, certSerialId: null} reports an CLOSED replica.
2019-10-16 06:59:58,833 [EventQueue-ContainerReportForContainerReportHandler] WARN  container.ContainerReportHandler (AbstractContainerReportHandler.java:updateContainerState(145)) - Container #1 is in OPEN state, but the datanode 433771fa-af38-4628-a40e-96bcd22c3694{ip: 192.168.69.68, host: pr-hdds-2313-mzbf2-1866299523, networkLocation: /default-rack, certSerialId: null} reports an CLOSED replica.
2019-10-16 06:59:58,917 [EventQueue-ContainerReportForContainerReportHandler] WARN  container.ContainerReportHandler (AbstractContainerReportHandler.java:updateContainerState(145)) - Container #1 is in OPEN state, but the datanode d2d597b7-f29c-4b6e-a1dc-31783afe2111{ip: 192.168.69.68, host: pr-hdds-2313-mzbf2-1866299523, networkLocation: /default-rack, certSerialId: null} reports an CLOSED replica.
2019-10-16 06:59:59,117 [BlockDeletingService#0] WARN  background.BlockDeletingService (BlockDeletingService.java:isDeletionAllowed(187)) - Close Container log Index 6 is not replicated across allthe servers in the pipeline f466b838-ca87-44ef-9280-767f7a20abb4 as the min replicated index is 4. Deletion is not allowed in this container yet.
2019-10-16 06:59:59,117 [BlockDeletingService#2] WARN  background.BlockDeletingService (BlockDeletingService.java:isDeletionAllowed(187)) - Close Container log Index 6 is not replicated across allthe servers in the pipeline f466b838-ca87-44ef-9280-767f7a20abb4 as the min replicated index is 4. Deletion is not allowed in this container yet.
2019-10-16 06:59:59,134 [EventQueue-ContainerReportForContainerReportHandler] WARN  container.ContainerReportHandler (AbstractContainerReportHandler.java:updateContainerState(145)) - Container #1 is in OPEN state, but the datanode 433771fa-af38-4628-a40e-96bcd22c3694{ip: 192.168.69.68, host: pr-hdds-2313-mzbf2-1866299523, networkLocation: /default-rack, certSerialId: null} reports an CLOSED replica.
2019-10-16 06:59:59,218 [EventQueue-ContainerReportForContainerReportHandler] WARN  container.ContainerReportHandler (AbstractContainerReportHandler.java:updateContainerState(145)) - Container #1 is in OPEN state, but the datanode d2d597b7-f29c-4b6e-a1dc-31783afe2111{ip: 192.168.69.68, host: pr-hdds-2313-mzbf2-1866299523, networkLocation: /default-rack, certSerialId: null} reports an CLOSED replica.
2019-10-16 06:59:59,418 [EventQueue-ContainerReportForContainerReportHandler] WARN  container.ContainerReportHandler (AbstractContainerReportHandler.java:updateContainerState(145)) - Container #1 is in OPEN state, but the datanode d2d597b7-f29c-4b6e-a1dc-31783afe2111{ip: 192.168.69.68, host: pr-hdds-2313-mzbf2-1866299523, networkLocation: /default-rack, certSerialId: null} reports an CLOSED replica.
2019-10-16 06:59:59,435 [EventQueue-ContainerReportForContainerReportHandler] WARN  container.ContainerReportHandler (AbstractContainerReportHandler.java:updateContainerState(145)) - Container #1 is in OPEN state, but the datanode 433771fa-af38-4628-a40e-96bcd22c3694{ip: 192.168.69.68, host: pr-hdds-2313-mzbf2-1866299523, networkLocation: /default-rack, certSerialId: null} reports an CLOSED replica.
2019-10-16 06:59:59,736 [EventQueue-ContainerReportForContainerReportHandler] WARN  container.ContainerReportHandler (AbstractContainerReportHandler.java:updateContainerState(145)) - Container #1 is in OPEN state, but the datanode 433771fa-af38-4628-a40e-96bcd22c3694{ip: 192.168.69.68, host: pr-hdds-2313-mzbf2-1866299523, networkLocation: /default-rack, certSerialId: null} reports an CLOSED replica.
2019-10-16 06:59:59,819 [EventQueue-ContainerReportForContainerReportHandler] WARN  container.ContainerReportHandler (AbstractContainerReportHandler.java:updateContainerState(145)) - Container #1 is in OPEN state, but the datanode d2d597b7-f29c-4b6e-a1dc-31783afe2111{ip: 192.168.69.68, host: pr-hdds-2313-mzbf2-1866299523, networkLocation: /default-rack, certSerialId: null} reports an CLOSED replica.
2019-10-16 06:59:59,935 [EventQueue-ContainerReportForContainerReportHandler] WARN  container.ContainerReportHandler (AbstractContainerReportHandler.java:updateContainerState(145)) - Container #1 is in OPEN state, but the datanode 433771fa-af38-4628-a40e-96bcd22c3694{ip: 192.168.69.68, host: pr-hdds-2313-mzbf2-1866299523, networkLocation: /default-rack, certSerialId: null} reports an CLOSED replica.
2019-10-16 07:00:00,119 [BlockDeletingService#2] WARN  background.BlockDeletingService (BlockDeletingService.java:isDeletionAllowed(187)) - Close Container log Index 6 is not replicated across allthe servers in the pipeline f466b838-ca87-44ef-9280-767f7a20abb4 as the min replicated index is 4. Deletion is not allowed in this container yet.
2019-10-16 07:00:00,119 [EventQueue-ContainerReportForContainerReportHandler] WARN  container.ContainerReportHandler (AbstractContainerReportHandler.java:updateContainerState(145)) - Container #1 is in OPEN state, but the datanode d2d597b7-f29c-4b6e-a1dc-31783afe2111{ip: 192.168.69.68, host: pr-hdds-2313-mzbf2-1866299523, networkLocation: /default-rack, certSerialId: null} reports an CLOSED replica.
2019-10-16 07:00:00,119 [BlockDeletingService#0] WARN  background.BlockDeletingService (BlockDeletingService.java:isDeletionAllowed(187)) - Close Container log Index 6 is not replicated across allthe servers in the pipeline f466b838-ca87-44ef-9280-767f7a20abb4 as the min replicated index is 4. Deletion is not allowed in this container yet.
2019-10-16 07:00:00,235 [EventQueue-ContainerReportForContainerReportHandler] WARN  container.ContainerReportHandler (AbstractContainerReportHandler.java:updateContainerState(145)) - Container #1 is in OPEN state, but the datanode 433771fa-af38-4628-a40e-96bcd22c3694{ip: 192.168.69.68, host: pr-hdds-2313-mzbf2-1866299523, networkLocation: /default-rack, certSerialId: null} reports an CLOSED replica.
2019-10-16 07:00:00,367 [java.util.concurrent.ThreadPoolExecutor$Worker@4e0b4352[State = -1, empty queue]] WARN  server.GrpcLogAppender (GrpcLogAppender.java:timeoutAppendRequest(209)) - d2d597b7-f29c-4b6e-a1dc-31783afe2111@group-767F7A20ABB4->4f0a8cce-cba4-44f5-8366-0fb5fb6bef9c-GrpcLogAppender: appendEntries Timeout, request=d2d597b7-f29c-4b6e-a1dc-31783afe2111->4f0a8cce-cba4-44f5-8366-0fb5fb6bef9c#36-t3, previous=(t:3, i:10), leaderCommit=10, initializing? false, entries: <empty>
2019-10-16 07:00:00,420 [EventQueue-ContainerReportForContainerReportHandler] WARN  container.ContainerReportHandler (AbstractContainerReportHandler.java:updateContainerState(145)) - Container #1 is in OPEN state, but the datanode d2d597b7-f29c-4b6e-a1dc-31783afe2111{ip: 192.168.69.68, host: pr-hdds-2313-mzbf2-1866299523, networkLocation: /default-rack, certSerialId: null} reports an CLOSED replica.
2019-10-16 07:00:00,435 [EventQueue-ContainerReportForContainerReportHandler] WARN  container.ContainerReportHandler (AbstractContainerReportHandler.java:updateContainerState(145)) - Container #1 is in OPEN state, but the datanode 433771fa-af38-4628-a40e-96bcd22c3694{ip: 192.168.69.68, host: pr-hdds-2313-mzbf2-1866299523, networkLocation: /default-rack, certSerialId: null} reports an CLOSED replica.
2019-10-16 07:00:00,719 [EventQueue-ContainerReportForContainerReportHandler] WARN  container.ContainerReportHandler (AbstractContainerReportHandler.java:updateContainerState(145)) - Container #1 is in OPEN state, but the datanode d2d597b7-f29c-4b6e-a1dc-31783afe2111{ip: 192.168.69.68, host: pr-hdds-2313-mzbf2-1866299523, networkLocation: /default-rack, certSerialId: null} reports an CLOSED replica.
2019-10-16 07:00:00,735 [EventQueue-ContainerReportForContainerReportHandler] WARN  container.ContainerReportHandler (AbstractContainerReportHandler.java:updateContainerState(145)) - Container #1 is in OPEN state, but the datanode 433771fa-af38-4628-a40e-96bcd22c3694{ip: 192.168.69.68, host: pr-hdds-2313-mzbf2-1866299523, networkLocation: /default-rack, certSerialId: null} reports an CLOSED replica.
2019-10-16 07:00:00,935 [EventQueue-ContainerReportForContainerReportHandler] WARN  container.ContainerReportHandler (AbstractContainerReportHandler.java:updateContainerState(145)) - Container #1 is in OPEN state, but the datanode 433771fa-af38-4628-a40e-96bcd22c3694{ip: 192.168.69.68, host: pr-hdds-2313-mzbf2-1866299523, networkLocation: /default-rack, certSerialId: null} reports an CLOSED replica.
2019-10-16 07:00:01,020 [EventQueue-ContainerReportForContainerReportHandler] WARN  container.ContainerReportHandler (AbstractContainerReportHandler.java:updateContainerState(145)) - Container #1 is in OPEN state, but the datanode d2d597b7-f29c-4b6e-a1dc-31783afe2111{ip: 192.168.69.68, host: pr-hdds-2313-mzbf2-1866299523, networkLocation: /default-rack, certSerialId: null} reports an CLOSED replica.
2019-10-16 07:00:01,121 [BlockDeletingService#2] WARN  background.BlockDeletingService (BlockDeletingService.java:isDeletionAllowed(187)) - Close Container log Index 6 is not replicated across allthe servers in the pipeline f466b838-ca87-44ef-9280-767f7a20abb4 as the min replicated index is 4. Deletion is not allowed in this container yet.
2019-10-16 07:00:01,121 [BlockDeletingService#0] WARN  background.BlockDeletingService (BlockDeletingService.java:isDeletionAllowed(187)) - Close Container log Index 6 is not replicated across allthe servers in the pipeline f466b838-ca87-44ef-9280-767f7a20abb4 as the min replicated index is 4. Deletion is not allowed in this container yet.
2019-10-16 07:00:01,336 [EventQueue-ContainerReportForContainerReportHandler] WARN  container.ContainerReportHandler (AbstractContainerReportHandler.java:updateContainerState(145)) - Container #1 is in OPEN state, but the datanode 433771fa-af38-4628-a40e-96bcd22c3694{ip: 192.168.69.68, host: pr-hdds-2313-mzbf2-1866299523, networkLocation: /default-rack, certSerialId: null} reports an CLOSED replica.
2019-10-16 07:00:01,422 [EventQueue-ContainerReportForContainerReportHandler] WARN  container.ContainerReportHandler (AbstractContainerReportHandler.java:updateContainerState(145)) - Container #1 is in OPEN state, but the datanode d2d597b7-f29c-4b6e-a1dc-31783afe2111{ip: 192.168.69.68, host: pr-hdds-2313-mzbf2-1866299523, networkLocation: /default-rack, certSerialId: null} reports an CLOSED replica.
2019-10-16 07:00:01,536 [EventQueue-ContainerReportForContainerReportHandler] WARN  container.ContainerReportHandler (AbstractContainerReportHandler.java:updateContainerState(145)) - Container #1 is in OPEN state, but the datanode 433771fa-af38-4628-a40e-96bcd22c3694{ip: 192.168.69.68, host: pr-hdds-2313-mzbf2-1866299523, networkLocation: /default-rack, certSerialId: null} reports an CLOSED replica.
2019-10-16 07:00:01,621 [EventQueue-ContainerReportForContainerReportHandler] WARN  container.ContainerReportHandler (AbstractContainerReportHandler.java:updateContainerState(145)) - Container #1 is in OPEN state, but the datanode d2d597b7-f29c-4b6e-a1dc-31783afe2111{ip: 192.168.69.68, host: pr-hdds-2313-mzbf2-1866299523, networkLocation: /default-rack, certSerialId: null} reports an CLOSED replica.
2019-10-16 07:00:01,822 [EventQueue-ContainerReportForContainerReportHandler] WARN  container.ContainerReportHandler (AbstractContainerReportHandler.java:updateContainerState(145)) - Container #1 is in OPEN state, but the datanode d2d597b7-f29c-4b6e-a1dc-31783afe2111{ip: 192.168.69.68, host: pr-hdds-2313-mzbf2-1866299523, networkLocation: /default-rack, certSerialId: null} reports an CLOSED replica.
2019-10-16 07:00:01,835 [EventQueue-ContainerReportForContainerReportHandler] WARN  container.ContainerReportHandler (AbstractContainerReportHandler.java:updateContainerState(145)) - Container #1 is in OPEN state, but the datanode 433771fa-af38-4628-a40e-96bcd22c3694{ip: 192.168.69.68, host: pr-hdds-2313-mzbf2-1866299523, networkLocation: /default-rack, certSerialId: null} reports an CLOSED replica.
2019-10-16 07:00:02,036 [EventQueue-ContainerReportForContainerReportHandler] WARN  container.ContainerReportHandler (AbstractContainerReportHandler.java:updateContainerState(145)) - Container #1 is in OPEN state, but the datanode 433771fa-af38-4628-a40e-96bcd22c3694{ip: 192.168.69.68, host: pr-hdds-2313-mzbf2-1866299523, networkLocation: /default-rack, certSerialId: null} reports an CLOSED replica.
2019-10-16 07:00:02,122 [EventQueue-ContainerReportForContainerReportHandler] WARN  container.ContainerReportHandler (AbstractContainerReportHandler.java:updateContainerState(145)) - Container #1 is in OPEN state, but the datanode d2d597b7-f29c-4b6e-a1dc-31783afe2111{ip: 192.168.69.68, host: pr-hdds-2313-mzbf2-1866299523, networkLocation: /default-rack, certSerialId: null} reports an CLOSED replica.
2019-10-16 07:00:02,123 [BlockDeletingService#2] WARN  background.BlockDeletingService (BlockDeletingService.java:isDeletionAllowed(187)) - Close Container log Index 6 is not replicated across allthe servers in the pipeline f466b838-ca87-44ef-9280-767f7a20abb4 as the min replicated index is 4. Deletion is not allowed in this container yet.
2019-10-16 07:00:02,123 [BlockDeletingService#0] WARN  background.BlockDeletingService (BlockDeletingService.java:isDeletionAllowed(187)) - Close Container log Index 6 is not replicated across allthe servers in the pipeline f466b838-ca87-44ef-9280-767f7a20abb4 as the min replicated index is 4. Deletion is not allowed in this container yet.
2019-10-16 07:00:02,236 [EventQueue-ContainerReportForContainerReportHandler] WARN  container.ContainerReportHandler (AbstractContainerReportHandler.java:updateContainerState(145)) - Container #1 is in OPEN state, but the datanode 433771fa-af38-4628-a40e-96bcd22c3694{ip: 192.168.69.68, host: pr-hdds-2313-mzbf2-1866299523, networkLocation: /default-rack, certSerialId: null} reports an CLOSED replica.
2019-10-16 07:00:02,322 [EventQueue-ContainerReportForContainerReportHandler] WARN  container.ContainerReportHandler (AbstractContainerReportHandler.java:updateContainerState(145)) - Container #1 is in OPEN state, but the datanode d2d597b7-f29c-4b6e-a1dc-31783afe2111{ip: 192.168.69.68, host: pr-hdds-2313-mzbf2-1866299523, networkLocation: /default-rack, certSerialId: null} reports an CLOSED replica.
2019-10-16 07:00:02,536 [EventQueue-ContainerReportForContainerReportHandler] WARN  container.ContainerReportHandler (AbstractContainerReportHandler.java:updateContainerState(145)) - Container #1 is in OPEN state, but the datanode 433771fa-af38-4628-a40e-96bcd22c3694{ip: 192.168.69.68, host: pr-hdds-2313-mzbf2-1866299523, networkLocation: /default-rack, certSerialId: null} reports an CLOSED replica.
2019-10-16 07:00:02,622 [EventQueue-ContainerReportForContainerReportHandler] WARN  container.ContainerReportHandler (AbstractContainerReportHandler.java:updateContainerState(145)) - Container #1 is in OPEN state, but the datanode d2d597b7-f29c-4b6e-a1dc-31783afe2111{ip: 192.168.69.68, host: pr-hdds-2313-mzbf2-1866299523, networkLocation: /default-rack, certSerialId: null} reports an CLOSED replica.
2019-10-16 07:00:02,838 [EventQueue-ContainerReportForContainerReportHandler] WARN  container.ContainerReportHandler (AbstractContainerReportHandler.java:updateContainerState(145)) - Container #1 is in OPEN state, but the datanode 433771fa-af38-4628-a40e-96bcd22c3694{ip: 192.168.69.68, host: pr-hdds-2313-mzbf2-1866299523, networkLocation: /default-rack, certSerialId: null} reports an CLOSED replica.
2019-10-16 07:00:02,870 [java.util.concurrent.ThreadPoolExecutor$Worker@4e0b4352[State = -1, empty queue]] WARN  server.GrpcLogAppender (GrpcLogAppender.java:timeoutAppendRequest(209)) - d2d597b7-f29c-4b6e-a1dc-31783afe2111@group-767F7A20ABB4->4f0a8cce-cba4-44f5-8366-0fb5fb6bef9c-GrpcLogAppender: appendEntries Timeout, request=d2d597b7-f29c-4b6e-a1dc-31783afe2111->4f0a8cce-cba4-44f5-8366-0fb5fb6bef9c#37-t3, previous=(t:3, i:10), leaderCommit=10, initializing? false, entries: <empty>
2019-10-16 07:00:03,023 [EventQueue-ContainerReportForContainerReportHandler] WARN  container.ContainerReportHandler (AbstractContainerReportHandler.java:updateContainerState(145)) - Container #1 is in OPEN state, but the datanode d2d597b7-f29c-4b6e-a1dc-31783afe2111{ip: 192.168.69.68, host: pr-hdds-2313-mzbf2-1866299523, networkLocation: /default-rack, certSerialId: null} reports an CLOSED replica.
2019-10-16 07:00:03,126 [BlockDeletingService#2] WARN  background.BlockDeletingService (BlockDeletingService.java:isDeletionAllowed(187)) - Close Container log Index 6 is not replicated across allthe servers in the pipeline f466b838-ca87-44ef-9280-767f7a20abb4 as the min replicated index is 4. Deletion is not allowed in this container yet.
2019-10-16 07:00:03,126 [BlockDeletingService#0] WARN  background.BlockDeletingService (BlockDeletingService.java:isDeletionAllowed(187)) - Close Container log Index 6 is not replicated across allthe servers in the pipeline f466b838-ca87-44ef-9280-767f7a20abb4 as the min replicated index is 4. Deletion is not allowed in this container yet.
2019-10-16 07:00:03,137 [EventQueue-ContainerReportForContainerReportHandler] WARN  container.ContainerReportHandler (AbstractContainerReportHandler.java:updateContainerState(145)) - Container #1 is in OPEN state, but the datanode 433771fa-af38-4628-a40e-96bcd22c3694{ip: 192.168.69.68, host: pr-hdds-2313-mzbf2-1866299523, networkLocation: /default-rack, certSerialId: null} reports an CLOSED replica.
2019-10-16 07:00:03,423 [EventQueue-ContainerReportForContainerReportHandler] WARN  container.ContainerReportHandler (AbstractContainerReportHandler.java:updateContainerState(145)) - Container #1 is in OPEN state, but the datanode d2d597b7-f29c-4b6e-a1dc-31783afe2111{ip: 192.168.69.68, host: pr-hdds-2313-mzbf2-1866299523, networkLocation: /default-rack, certSerialId: null} reports an CLOSED replica.
2019-10-16 07:00:03,437 [EventQueue-ContainerReportForContainerReportHandler] WARN  container.ContainerReportHandler (AbstractContainerReportHandler.java:updateContainerState(145)) - Container #1 is in OPEN state, but the datanode 433771fa-af38-4628-a40e-96bcd22c3694{ip: 192.168.69.68, host: pr-hdds-2313-mzbf2-1866299523, networkLocation: /default-rack, certSerialId: null} reports an CLOSED replica.
2019-10-16 07:00:03,723 [EventQueue-ContainerReportForContainerReportHandler] WARN  container.ContainerReportHandler (AbstractContainerReportHandler.java:updateContainerState(145)) - Container #1 is in OPEN state, but the datanode d2d597b7-f29c-4b6e-a1dc-31783afe2111{ip: 192.168.69.68, host: pr-hdds-2313-mzbf2-1866299523, networkLocation: /default-rack, certSerialId: null} reports an CLOSED replica.
2019-10-16 07:00:03,838 [EventQueue-ContainerReportForContainerReportHandler] WARN  container.ContainerReportHandler (AbstractContainerReportHandler.java:updateContainerState(145)) - Container #1 is in OPEN state, but the datanode 433771fa-af38-4628-a40e-96bcd22c3694{ip: 192.168.69.68, host: pr-hdds-2313-mzbf2-1866299523, networkLocation: /default-rack, certSerialId: null} reports an CLOSED replica.
2019-10-16 07:00:03,999 [Thread-440] INFO  client.GrpcClientProtocolService (GrpcClientProtocolService.java:lambda$processClientRequest$0(278)) - Failed RaftClientRequest:client-C8ADB546B70F->433771fa-af38-4628-a40e-96bcd22c3694@group-767F7A20ABB4, cid=10, seq=0, Watch-ALL_COMMITTED(6), Message:<EMPTY>, reply=RaftClientReply:client-C8ADB546B70F->433771fa-af38-4628-a40e-96bcd22c3694@group-767F7A20ABB4, cid=10, FAILED org.apache.ratis.protocol.NotLeaderException: Server 433771fa-af38-4628-a40e-96bcd22c3694@group-767F7A20ABB4 is not the leader d2d597b7-f29c-4b6e-a1dc-31783afe2111:192.168.69.68:40938, logIndex=0, commits[433771fa-af38-4628-a40e-96bcd22c3694:c10, 4f0a8cce-cba4-44f5-8366-0fb5fb6bef9c:c4, d2d597b7-f29c-4b6e-a1dc-31783afe2111:c10]
2019-10-16 07:00:04,024 [EventQueue-ContainerReportForContainerReportHandler] WARN  container.ContainerReportHandler (AbstractContainerReportHandler.java:updateContainerState(145)) - Container #1 is in OPEN state, but the datanode d2d597b7-f29c-4b6e-a1dc-31783afe2111{ip: 192.168.69.68, host: pr-hdds-2313-mzbf2-1866299523, networkLocation: /default-rack, certSerialId: null} reports an CLOSED replica.
2019-10-16 07:00:04,127 [BlockDeletingService#2] WARN  background.BlockDeletingService (BlockDeletingService.java:isDeletionAllowed(187)) - Close Container log Index 6 is not replicated across allthe servers in the pipeline f466b838-ca87-44ef-9280-767f7a20abb4 as the min replicated index is 4. Deletion is not allowed in this container yet.
2019-10-16 07:00:04,127 [BlockDeletingService#0] WARN  background.BlockDeletingService (BlockDeletingService.java:isDeletionAllowed(187)) - Close Container log Index 6 is not replicated across allthe servers in the pipeline f466b838-ca87-44ef-9280-767f7a20abb4 as the min replicated index is 4. Deletion is not allowed in this container yet.
2019-10-16 07:00:04,138 [EventQueue-ContainerReportForContainerReportHandler] WARN  container.ContainerReportHandler (AbstractContainerReportHandler.java:updateContainerState(145)) - Container #1 is in OPEN state, but the datanode 433771fa-af38-4628-a40e-96bcd22c3694{ip: 192.168.69.68, host: pr-hdds-2313-mzbf2-1866299523, networkLocation: /default-rack, certSerialId: null} reports an CLOSED replica.
2019-10-16 07:00:04,324 [EventQueue-ContainerReportForContainerReportHandler] WARN  container.ContainerReportHandler (AbstractContainerReportHandler.java:updateContainerState(145)) - Container #1 is in OPEN state, but the datanode d2d597b7-f29c-4b6e-a1dc-31783afe2111{ip: 192.168.69.68, host: pr-hdds-2313-mzbf2-1866299523, networkLocation: /default-rack, certSerialId: null} reports an CLOSED replica.
2019-10-16 07:00:04,538 [EventQueue-ContainerReportForContainerReportHandler] WARN  container.ContainerReportHandler (AbstractContainerReportHandler.java:updateContainerState(145)) - Container #1 is in OPEN state, but the datanode 433771fa-af38-4628-a40e-96bcd22c3694{ip: 192.168.69.68, host: pr-hdds-2313-mzbf2-1866299523, networkLocation: /default-rack, certSerialId: null} reports an CLOSED replica.
2019-10-16 07:00:04,624 [EventQueue-ContainerReportForContainerReportHandler] WARN  container.ContainerReportHandler (AbstractContainerReportHandler.java:updateContainerState(145)) - Container #1 is in OPEN state, but the datanode d2d597b7-f29c-4b6e-a1dc-31783afe2111{ip: 192.168.69.68, host: pr-hdds-2313-mzbf2-1866299523, networkLocation: /default-rack, certSerialId: null} reports an CLOSED replica.
2019-10-16 07:00:04,924 [EventQueue-ContainerReportForContainerReportHandler] WARN  container.ContainerReportHandler (AbstractContainerReportHandler.java:updateContainerState(145)) - Container #1 is in OPEN state, but the datanode d2d597b7-f29c-4b6e-a1dc-31783afe2111{ip: 192.168.69.68, host: pr-hdds-2313-mzbf2-1866299523, networkLocation: /default-rack, certSerialId: null} reports an CLOSED replica.
2019-10-16 07:00:04,938 [EventQueue-ContainerReportForContainerReportHandler] WARN  container.ContainerReportHandler (AbstractContainerReportHandler.java:updateContainerState(145)) - Container #1 is in OPEN state, but the datanode 433771fa-af38-4628-a40e-96bcd22c3694{ip: 192.168.69.68, host: pr-hdds-2313-mzbf2-1866299523, networkLocation: /default-rack, certSerialId: null} reports an CLOSED replica.
2019-10-16 07:00:05,131 [BlockDeletingService#0] WARN  background.BlockDeletingService (BlockDeletingService.java:isDeletionAllowed(187)) - Close Container log Index 6 is not replicated across allthe servers in the pipeline f466b838-ca87-44ef-9280-767f7a20abb4 as the min replicated index is 4. Deletion is not allowed in this container yet.
2019-10-16 07:00:05,131 [BlockDeletingService#2] WARN  background.BlockDeletingService (BlockDeletingService.java:isDeletionAllowed(187)) - Close Container log Index 6 is not replicated across allthe servers in the pipeline f466b838-ca87-44ef-9280-767f7a20abb4 as the min replicated index is 4. Deletion is not allowed in this container yet.
2019-10-16 07:00:05,224 [EventQueue-ContainerReportForContainerReportHandler] WARN  container.ContainerReportHandler (AbstractContainerReportHandler.java:updateContainerState(145)) - Container #1 is in OPEN state, but the datanode d2d597b7-f29c-4b6e-a1dc-31783afe2111{ip: 192.168.69.68, host: pr-hdds-2313-mzbf2-1866299523, networkLocation: /default-rack, certSerialId: null} reports an CLOSED replica.
2019-10-16 07:00:05,338 [EventQueue-ContainerReportForContainerReportHandler] WARN  container.ContainerReportHandler (AbstractContainerReportHandler.java:updateContainerState(145)) - Container #1 is in OPEN state, but the datanode 433771fa-af38-4628-a40e-96bcd22c3694{ip: 192.168.69.68, host: pr-hdds-2313-mzbf2-1866299523, networkLocation: /default-rack, certSerialId: null} reports an CLOSED replica.
2019-10-16 07:00:05,372 [java.util.concurrent.ThreadPoolExecutor$Worker@4e0b4352[State = -1, empty queue]] WARN  server.GrpcLogAppender (GrpcLogAppender.java:timeoutAppendRequest(209)) - d2d597b7-f29c-4b6e-a1dc-31783afe2111@group-767F7A20ABB4->4f0a8cce-cba4-44f5-8366-0fb5fb6bef9c-GrpcLogAppender: appendEntries Timeout, request=d2d597b7-f29c-4b6e-a1dc-31783afe2111->4f0a8cce-cba4-44f5-8366-0fb5fb6bef9c#38-t3, previous=(t:3, i:10), leaderCommit=10, initializing? false, entries: <empty>
2019-10-16 07:00:05,539 [EventQueue-ContainerReportForContainerReportHandler] WARN  container.ContainerReportHandler (AbstractContainerReportHandler.java:updateContainerState(145)) - Container #1 is in OPEN state, but the datanode 433771fa-af38-4628-a40e-96bcd22c3694{ip: 192.168.69.68, host: pr-hdds-2313-mzbf2-1866299523, networkLocation: /default-rack, certSerialId: null} reports an CLOSED replica.
2019-10-16 07:00:05,639 [EventQueue-ContainerReportForContainerReportHandler] WARN  container.ContainerReportHandler (AbstractContainerReportHandler.java:updateContainerState(145)) - Container #1 is in OPEN state, but the datanode d2d597b7-f29c-4b6e-a1dc-31783afe2111{ip: 192.168.69.68, host: pr-hdds-2313-mzbf2-1866299523, networkLocation: /default-rack, certSerialId: null} reports an CLOSED replica.
2019-10-16 07:00:05,738 [EventQueue-ContainerReportForContainerReportHandler] WARN  container.ContainerReportHandler (AbstractContainerReportHandler.java:updateContainerState(145)) - Container #1 is in OPEN state, but the datanode 433771fa-af38-4628-a40e-96bcd22c3694{ip: 192.168.69.68, host: pr-hdds-2313-mzbf2-1866299523, networkLocation: /default-rack, certSerialId: null} reports an CLOSED replica.
2019-10-16 07:00:05,886 [Thread-448] INFO  client.GrpcClientProtocolService (GrpcClientProtocolService.java:lambda$processClientRequest$0(278)) - Failed RaftClientRequest:client-C8ADB546B70F->d2d597b7-f29c-4b6e-a1dc-31783afe2111@group-767F7A20ABB4, cid=10, seq=0, Watch-ALL_COMMITTED(6), Message:<EMPTY>, reply=RaftClientReply:client-C8ADB546B70F->d2d597b7-f29c-4b6e-a1dc-31783afe2111@group-767F7A20ABB4, cid=10, FAILED org.apache.ratis.protocol.NotReplicatedException: Request with call Id 10 and log index 6 is not yet replicated to ALL_COMMITTED, logIndex=6, commits[d2d597b7-f29c-4b6e-a1dc-31783afe2111:c10, 433771fa-af38-4628-a40e-96bcd22c3694:c10, 4f0a8cce-cba4-44f5-8366-0fb5fb6bef9c:c4]
2019-10-16 07:00:05,925 [EventQueue-ContainerReportForContainerReportHandler] WARN  container.ContainerReportHandler (AbstractContainerReportHandler.java:updateContainerState(145)) - Container #1 is in OPEN state, but the datanode d2d597b7-f29c-4b6e-a1dc-31783afe2111{ip: 192.168.69.68, host: pr-hdds-2313-mzbf2-1866299523, networkLocation: /default-rack, certSerialId: null} reports an CLOSED replica.
2019-10-16 07:00:06,039 [EventQueue-ContainerReportForContainerReportHandler] WARN  container.ContainerReportHandler (AbstractContainerReportHandler.java:updateContainerState(145)) - Container #1 is in OPEN state, but the datanode 433771fa-af38-4628-a40e-96bcd22c3694{ip: 192.168.69.68, host: pr-hdds-2313-mzbf2-1866299523, networkLocation: /default-rack, certSerialId: null} reports an CLOSED replica.
2019-10-16 07:00:06,133 [BlockDeletingService#2] WARN  background.BlockDeletingService (BlockDeletingService.java:isDeletionAllowed(187)) - Close Container log Index 6 is not replicated across allthe servers in the pipeline f466b838-ca87-44ef-9280-767f7a20abb4 as the min replicated index is 4. Deletion is not allowed in this container yet.
2019-10-16 07:00:06,133 [BlockDeletingService#0] WARN  background.BlockDeletingService (BlockDeletingService.java:isDeletionAllowed(187)) - Close Container log Index 6 is not replicated across allthe servers in the pipeline f466b838-ca87-44ef-9280-767f7a20abb4 as the min replicated index is 4. Deletion is not allowed in this container yet.
2019-10-16 07:00:06,225 [EventQueue-ContainerReportForContainerReportHandler] WARN  container.ContainerReportHandler (AbstractContainerReportHandler.java:updateContainerState(145)) - Container #1 is in OPEN state, but the datanode d2d597b7-f29c-4b6e-a1dc-31783afe2111{ip: 192.168.69.68, host: pr-hdds-2313-mzbf2-1866299523, networkLocation: /default-rack, certSerialId: null} reports an CLOSED replica.
2019-10-16 07:00:06,339 [EventQueue-ContainerReportForContainerReportHandler] WARN  container.ContainerReportHandler (AbstractContainerReportHandler.java:updateContainerState(145)) - Container #1 is in OPEN state, but the datanode 433771fa-af38-4628-a40e-96bcd22c3694{ip: 192.168.69.68, host: pr-hdds-2313-mzbf2-1866299523, networkLocation: /default-rack, certSerialId: null} reports an CLOSED replica.
2019-10-16 07:00:06,625 [EventQueue-ContainerReportForContainerReportHandler] WARN  container.ContainerReportHandler (AbstractContainerReportHandler.java:updateContainerState(145)) - Container #1 is in OPEN state, but the datanode d2d597b7-f29c-4b6e-a1dc-31783afe2111{ip: 192.168.69.68, host: pr-hdds-2313-mzbf2-1866299523, networkLocation: /default-rack, certSerialId: null} reports an CLOSED replica.
2019-10-16 07:00:06,640 [EventQueue-ContainerReportForContainerReportHandler] WARN  container.ContainerReportHandler (AbstractContainerReportHandler.java:updateContainerState(145)) - Container #1 is in OPEN state, but the datanode 433771fa-af38-4628-a40e-96bcd22c3694{ip: 192.168.69.68, host: pr-hdds-2313-mzbf2-1866299523, networkLocation: /default-rack, certSerialId: null} reports an CLOSED replica.
2019-10-16 07:00:06,825 [EventQueue-ContainerReportForContainerReportHandler] WARN  container.ContainerReportHandler (AbstractContainerReportHandler.java:updateContainerState(145)) - Container #1 is in OPEN state, but the datanode d2d597b7-f29c-4b6e-a1dc-31783afe2111{ip: 192.168.69.68, host: pr-hdds-2313-mzbf2-1866299523, networkLocation: /default-rack, certSerialId: null} reports an CLOSED replica.
2019-10-16 07:00:07,025 [EventQueue-ContainerReportForContainerReportHandler] WARN  container.ContainerReportHandler (AbstractContainerReportHandler.java:updateContainerState(145)) - Container #1 is in OPEN state, but the datanode d2d597b7-f29c-4b6e-a1dc-31783afe2111{ip: 192.168.69.68, host: pr-hdds-2313-mzbf2-1866299523, networkLocation: /default-rack, certSerialId: null} reports an CLOSED replica.
2019-10-16 07:00:07,041 [EventQueue-ContainerReportForContainerReportHandler] WARN  container.ContainerReportHandler (AbstractContainerReportHandler.java:updateContainerState(145)) - Container #1 is in OPEN state, but the datanode 433771fa-af38-4628-a40e-96bcd22c3694{ip: 192.168.69.68, host: pr-hdds-2313-mzbf2-1866299523, networkLocation: /default-rack, certSerialId: null} reports an CLOSED replica.
2019-10-16 07:00:07,136 [BlockDeletingService#0] WARN  background.BlockDeletingService (BlockDeletingService.java:isDeletionAllowed(187)) - Close Container log Index 6 is not replicated across allthe servers in the pipeline f466b838-ca87-44ef-9280-767f7a20abb4 as the min replicated index is 4. Deletion is not allowed in this container yet.
2019-10-16 07:00:07,136 [BlockDeletingService#2] WARN  background.BlockDeletingService (BlockDeletingService.java:isDeletionAllowed(187)) - Close Container log Index 6 is not replicated across allthe servers in the pipeline f466b838-ca87-44ef-9280-767f7a20abb4 as the min replicated index is 4. Deletion is not allowed in this container yet.
2019-10-16 07:00:07,225 [EventQueue-ContainerReportForContainerReportHandler] WARN  container.ContainerReportHandler (AbstractContainerReportHandler.java:updateContainerState(145)) - Container #1 is in OPEN state, but the datanode d2d597b7-f29c-4b6e-a1dc-31783afe2111{ip: 192.168.69.68, host: pr-hdds-2313-mzbf2-1866299523, networkLocation: /default-rack, certSerialId: null} reports an CLOSED replica.
2019-10-16 07:00:07,341 [EventQueue-ContainerReportForContainerReportHandler] WARN  container.ContainerReportHandler (AbstractContainerReportHandler.java:updateContainerState(145)) - Container #1 is in OPEN state, but the datanode 433771fa-af38-4628-a40e-96bcd22c3694{ip: 192.168.69.68, host: pr-hdds-2313-mzbf2-1866299523, networkLocation: /default-rack, certSerialId: null} reports an CLOSED replica.
2019-10-16 07:00:07,526 [EventQueue-ContainerReportForContainerReportHandler] WARN  container.ContainerReportHandler (AbstractContainerReportHandler.java:updateContainerState(145)) - Container #1 is in OPEN state, but the datanode d2d597b7-f29c-4b6e-a1dc-31783afe2111{ip: 192.168.69.68, host: pr-hdds-2313-mzbf2-1866299523, networkLocation: /default-rack, certSerialId: null} reports an CLOSED replica.
2019-10-16 07:00:07,641 [EventQueue-ContainerReportForContainerReportHandler] WARN  container.ContainerReportHandler (AbstractContainerReportHandler.java:updateContainerState(145)) - Container #1 is in OPEN state, but the datanode 433771fa-af38-4628-a40e-96bcd22c3694{ip: 192.168.69.68, host: pr-hdds-2313-mzbf2-1866299523, networkLocation: /default-rack, certSerialId: null} reports an CLOSED replica.
2019-10-16 07:00:07,827 [EventQueue-ContainerReportForContainerReportHandler] WARN  container.ContainerReportHandler (AbstractContainerReportHandler.java:updateContainerState(145)) - Container #1 is in OPEN state, but the datanode d2d597b7-f29c-4b6e-a1dc-31783afe2111{ip: 192.168.69.68, host: pr-hdds-2313-mzbf2-1866299523, networkLocation: /default-rack, certSerialId: null} reports an CLOSED replica.
2019-10-16 07:00:07,873 [java.util.concurrent.ThreadPoolExecutor$Worker@4e0b4352[State = -1, empty queue]] WARN  server.GrpcLogAppender (GrpcLogAppender.java:timeoutAppendRequest(209)) - d2d597b7-f29c-4b6e-a1dc-31783afe2111@group-767F7A20ABB4->4f0a8cce-cba4-44f5-8366-0fb5fb6bef9c-GrpcLogAppender: appendEntries Timeout, request=d2d597b7-f29c-4b6e-a1dc-31783afe2111->4f0a8cce-cba4-44f5-8366-0fb5fb6bef9c#39-t3, previous=(t:3, i:10), leaderCommit=10, initializing? false, entries: <empty>
2019-10-16 07:00:08,041 [EventQueue-ContainerReportForContainerReportHandler] WARN  container.ContainerReportHandler (AbstractContainerReportHandler.java:updateContainerState(145)) - Container #1 is in OPEN state, but the datanode 433771fa-af38-4628-a40e-96bcd22c3694{ip: 192.168.69.68, host: pr-hdds-2313-mzbf2-1866299523, networkLocation: /default-rack, certSerialId: null} reports an CLOSED replica.
2019-10-16 07:00:08,127 [EventQueue-ContainerReportForContainerReportHandler] WARN  container.ContainerReportHandler (AbstractContainerReportHandler.java:updateContainerState(145)) - Container #1 is in OPEN state, but the datanode d2d597b7-f29c-4b6e-a1dc-31783afe2111{ip: 192.168.69.68, host: pr-hdds-2313-mzbf2-1866299523, networkLocation: /default-rack, certSerialId: null} reports an CLOSED replica.
2019-10-16 07:00:08,139 [BlockDeletingService#2] WARN  background.BlockDeletingService (BlockDeletingService.java:isDeletionAllowed(187)) - Close Container log Index 6 is not replicated across allthe servers in the pipeline f466b838-ca87-44ef-9280-767f7a20abb4 as the min replicated index is 4. Deletion is not allowed in this container yet.
2019-10-16 07:00:08,139 [BlockDeletingService#0] WARN  background.BlockDeletingService (BlockDeletingService.java:isDeletionAllowed(187)) - Close Container log Index 6 is not replicated across allthe servers in the pipeline f466b838-ca87-44ef-9280-767f7a20abb4 as the min replicated index is 4. Deletion is not allowed in this container yet.
2019-10-16 07:00:08,242 [EventQueue-ContainerReportForContainerReportHandler] WARN  container.ContainerReportHandler (AbstractContainerReportHandler.java:updateContainerState(145)) - Container #1 is in OPEN state, but the datanode 433771fa-af38-4628-a40e-96bcd22c3694{ip: 192.168.69.68, host: pr-hdds-2313-mzbf2-1866299523, networkLocation: /default-rack, certSerialId: null} reports an CLOSED replica.
2019-10-16 07:00:08,327 [EventQueue-ContainerReportForContainerReportHandler] WARN  container.ContainerReportHandler (AbstractContainerReportHandler.java:updateContainerState(145)) - Container #1 is in OPEN state, but the datanode d2d597b7-f29c-4b6e-a1dc-31783afe2111{ip: 192.168.69.68, host: pr-hdds-2313-mzbf2-1866299523, networkLocation: /default-rack, certSerialId: null} reports an CLOSED replica.
2019-10-16 07:00:08,543 [EventQueue-ContainerReportForContainerReportHandler] WARN  container.ContainerReportHandler (AbstractContainerReportHandler.java:updateContainerState(145)) - Container #1 is in OPEN state, but the datanode 433771fa-af38-4628-a40e-96bcd22c3694{ip: 192.168.69.68, host: pr-hdds-2313-mzbf2-1866299523, networkLocation: /default-rack, certSerialId: null} reports an CLOSED replica.
2019-10-16 07:00:08,628 [EventQueue-ContainerReportForContainerReportHandler] WARN  container.ContainerReportHandler (AbstractContainerReportHandler.java:updateContainerState(145)) - Container #1 is in OPEN state, but the datanode d2d597b7-f29c-4b6e-a1dc-31783afe2111{ip: 192.168.69.68, host: pr-hdds-2313-mzbf2-1866299523, networkLocation: /default-rack, certSerialId: null} reports an CLOSED replica.
2019-10-16 07:00:08,843 [EventQueue-ContainerReportForContainerReportHandler] WARN  container.ContainerReportHandler (AbstractContainerReportHandler.java:updateContainerState(145)) - Container #1 is in OPEN state, but the datanode 433771fa-af38-4628-a40e-96bcd22c3694{ip: 192.168.69.68, host: pr-hdds-2313-mzbf2-1866299523, networkLocation: /default-rack, certSerialId: null} reports an CLOSED replica.
2019-10-16 07:00:09,028 [EventQueue-ContainerReportForContainerReportHandler] WARN  container.ContainerReportHandler (AbstractContainerReportHandler.java:updateContainerState(145)) - Container #1 is in OPEN state, but the datanode d2d597b7-f29c-4b6e-a1dc-31783afe2111{ip: 192.168.69.68, host: pr-hdds-2313-mzbf2-1866299523, networkLocation: /default-rack, certSerialId: null} reports an CLOSED replica.
2019-10-16 07:00:09,142 [EventQueue-ContainerReportForContainerReportHandler] WARN  container.ContainerReportHandler (AbstractContainerReportHandler.java:updateContainerState(145)) - Container #1 is in OPEN state, but the datanode 433771fa-af38-4628-a40e-96bcd22c3694{ip: 192.168.69.68, host: pr-hdds-2313-mzbf2-1866299523, networkLocation: /default-rack, certSerialId: null} reports an CLOSED replica.
2019-10-16 07:00:09,142 [BlockDeletingService#2] WARN  background.BlockDeletingService (BlockDeletingService.java:isDeletionAllowed(187)) - Close Container log Index 6 is not replicated across allthe servers in the pipeline f466b838-ca87-44ef-9280-767f7a20abb4 as the min replicated index is 4. Deletion is not allowed in this container yet.
2019-10-16 07:00:09,142 [BlockDeletingService#0] WARN  background.BlockDeletingService (BlockDeletingService.java:isDeletionAllowed(187)) - Close Container log Index 6 is not replicated across allthe servers in the pipeline f466b838-ca87-44ef-9280-767f7a20abb4 as the min replicated index is 4. Deletion is not allowed in this container yet.
2019-10-16 07:00:09,328 [EventQueue-ContainerReportForContainerReportHandler] WARN  container.ContainerReportHandler (AbstractContainerReportHandler.java:updateContainerState(145)) - Container #1 is in OPEN state, but the datanode d2d597b7-f29c-4b6e-a1dc-31783afe2111{ip: 192.168.69.68, host: pr-hdds-2313-mzbf2-1866299523, networkLocation: /default-rack, certSerialId: null} reports an CLOSED replica.
2019-10-16 07:00:09,442 [EventQueue-ContainerReportForContainerReportHandler] WARN  container.ContainerReportHandler (AbstractContainerReportHandler.java:updateContainerState(145)) - Container #1 is in OPEN state, but the datanode 433771fa-af38-4628-a40e-96bcd22c3694{ip: 192.168.69.68, host: pr-hdds-2313-mzbf2-1866299523, networkLocation: /default-rack, certSerialId: null} reports an CLOSED replica.
2019-10-16 07:00:09,628 [EventQueue-ContainerReportForContainerReportHandler] WARN  container.ContainerReportHandler (AbstractContainerReportHandler.java:updateContainerState(145)) - Container #1 is in OPEN state, but the datanode d2d597b7-f29c-4b6e-a1dc-31783afe2111{ip: 192.168.69.68, host: pr-hdds-2313-mzbf2-1866299523, networkLocation: /default-rack, certSerialId: null} reports an CLOSED replica.
2019-10-16 07:00:09,643 [EventQueue-ContainerReportForContainerReportHandler] WARN  container.ContainerReportHandler (AbstractContainerReportHandler.java:updateContainerState(145)) - Container #1 is in OPEN state, but the datanode 433771fa-af38-4628-a40e-96bcd22c3694{ip: 192.168.69.68, host: pr-hdds-2313-mzbf2-1866299523, networkLocation: /default-rack, certSerialId: null} reports an CLOSED replica.
2019-10-16 07:00:09,928 [EventQueue-ContainerReportForContainerReportHandler] WARN  container.ContainerReportHandler (AbstractContainerReportHandler.java:updateContainerState(145)) - Container #1 is in OPEN state, but the datanode d2d597b7-f29c-4b6e-a1dc-31783afe2111{ip: 192.168.69.68, host: pr-hdds-2313-mzbf2-1866299523, networkLocation: /default-rack, certSerialId: null} reports an CLOSED replica.
2019-10-16 07:00:10,043 [EventQueue-ContainerReportForContainerReportHandler] WARN  container.ContainerReportHandler (AbstractContainerReportHandler.java:updateContainerState(145)) - Container #1 is in OPEN state, but the datanode 433771fa-af38-4628-a40e-96bcd22c3694{ip: 192.168.69.68, host: pr-hdds-2313-mzbf2-1866299523, networkLocation: /default-rack, certSerialId: null} reports an CLOSED replica.
2019-10-16 07:00:10,144 [BlockDeletingService#0] WARN  background.BlockDeletingService (BlockDeletingService.java:isDeletionAllowed(187)) - Close Container log Index 6 is not replicated across allthe servers in the pipeline f466b838-ca87-44ef-9280-767f7a20abb4 as the min replicated index is 4. Deletion is not allowed in this container yet.
2019-10-16 07:00:10,144 [BlockDeletingService#2] WARN  background.BlockDeletingService (BlockDeletingService.java:isDeletionAllowed(187)) - Close Container log Index 6 is not replicated across allthe servers in the pipeline f466b838-ca87-44ef-9280-767f7a20abb4 as the min replicated index is 4. Deletion is not allowed in this container yet.
2019-10-16 07:00:10,243 [EventQueue-ContainerReportForContainerReportHandler] WARN  container.ContainerReportHandler (AbstractContainerReportHandler.java:updateContainerState(145)) - Container #1 is in OPEN state, but the datanode 433771fa-af38-4628-a40e-96bcd22c3694{ip: 192.168.69.68, host: pr-hdds-2313-mzbf2-1866299523, networkLocation: /default-rack, certSerialId: null} reports an CLOSED replica.
2019-10-16 07:00:10,328 [EventQueue-ContainerReportForContainerReportHandler] WARN  container.ContainerReportHandler (AbstractContainerReportHandler.java:updateContainerState(145)) - Container #1 is in OPEN state, but the datanode d2d597b7-f29c-4b6e-a1dc-31783afe2111{ip: 192.168.69.68, host: pr-hdds-2313-mzbf2-1866299523, networkLocation: /default-rack, certSerialId: null} reports an CLOSED replica.
2019-10-16 07:00:10,374 [java.util.concurrent.ThreadPoolExecutor$Worker@4e0b4352[State = -1, empty queue]] WARN  server.GrpcLogAppender (GrpcLogAppender.java:timeoutAppendRequest(209)) - d2d597b7-f29c-4b6e-a1dc-31783afe2111@group-767F7A20ABB4->4f0a8cce-cba4-44f5-8366-0fb5fb6bef9c-GrpcLogAppender: appendEntries Timeout, request=d2d597b7-f29c-4b6e-a1dc-31783afe2111->4f0a8cce-cba4-44f5-8366-0fb5fb6bef9c#40-t3, previous=(t:3, i:10), leaderCommit=10, initializing? false, entries: <empty>
2019-10-16 07:00:10,444 [EventQueue-ContainerReportForContainerReportHandler] WARN  container.ContainerReportHandler (AbstractContainerReportHandler.java:updateContainerState(145)) - Container #1 is in OPEN state, but the datanode 433771fa-af38-4628-a40e-96bcd22c3694{ip: 192.168.69.68, host: pr-hdds-2313-mzbf2-1866299523, networkLocation: /default-rack, certSerialId: null} reports an CLOSED replica.
2019-10-16 07:00:10,628 [EventQueue-ContainerReportForContainerReportHandler] WARN  container.ContainerReportHandler (AbstractContainerReportHandler.java:updateContainerState(145)) - Container #1 is in OPEN state, but the datanode d2d597b7-f29c-4b6e-a1dc-31783afe2111{ip: 192.168.69.68, host: pr-hdds-2313-mzbf2-1866299523, networkLocation: /default-rack, certSerialId: null} reports an CLOSED replica.
2019-10-16 07:00:10,845 [EventQueue-ContainerReportForContainerReportHandler] WARN  container.ContainerReportHandler (AbstractContainerReportHandler.java:updateContainerState(145)) - Container #1 is in OPEN state, but the datanode 433771fa-af38-4628-a40e-96bcd22c3694{ip: 192.168.69.68, host: pr-hdds-2313-mzbf2-1866299523, networkLocation: /default-rack, certSerialId: null} reports an CLOSED replica.
2019-10-16 07:00:10,928 [EventQueue-ContainerReportForContainerReportHandler] WARN  container.ContainerReportHandler (AbstractContainerReportHandler.java:updateContainerState(145)) - Container #1 is in OPEN state, but the datanode d2d597b7-f29c-4b6e-a1dc-31783afe2111{ip: 192.168.69.68, host: pr-hdds-2313-mzbf2-1866299523, networkLocation: /default-rack, certSerialId: null} reports an CLOSED replica.
2019-10-16 07:00:11,130 [EventQueue-ContainerReportForContainerReportHandler] WARN  container.ContainerReportHandler (AbstractContainerReportHandler.java:updateContainerState(145)) - Container #1 is in OPEN state, but the datanode d2d597b7-f29c-4b6e-a1dc-31783afe2111{ip: 192.168.69.68, host: pr-hdds-2313-mzbf2-1866299523, networkLocation: /default-rack, certSerialId: null} reports an CLOSED replica.
2019-10-16 07:00:11,147 [BlockDeletingService#2] WARN  background.BlockDeletingService (BlockDeletingService.java:isDeletionAllowed(187)) - Close Container log Index 6 is not replicated across allthe servers in the pipeline f466b838-ca87-44ef-9280-767f7a20abb4 as the min replicated index is 4. Deletion is not allowed in this container yet.
2019-10-16 07:00:11,147 [BlockDeletingService#0] WARN  background.BlockDeletingService (BlockDeletingService.java:isDeletionAllowed(187)) - Close Container log Index 6 is not replicated across allthe servers in the pipeline f466b838-ca87-44ef-9280-767f7a20abb4 as the min replicated index is 4. Deletion is not allowed in this container yet.
2019-10-16 07:00:11,244 [EventQueue-ContainerReportForContainerReportHandler] WARN  container.ContainerReportHandler (AbstractContainerReportHandler.java:updateContainerState(145)) - Container #1 is in OPEN state, but the datanode 433771fa-af38-4628-a40e-96bcd22c3694{ip: 192.168.69.68, host: pr-hdds-2313-mzbf2-1866299523, networkLocation: /default-rack, certSerialId: null} reports an CLOSED replica.
2019-10-16 07:00:11,445 [EventQueue-ContainerReportForContainerReportHandler] WARN  container.ContainerReportHandler (AbstractContainerReportHandler.java:updateContainerState(145)) - Container #1 is in OPEN state, but the datanode 433771fa-af38-4628-a40e-96bcd22c3694{ip: 192.168.69.68, host: pr-hdds-2313-mzbf2-1866299523, networkLocation: /default-rack, certSerialId: null} reports an CLOSED replica.
2019-10-16 07:00:11,528 [EventQueue-ContainerReportForContainerReportHandler] WARN  container.ContainerReportHandler (AbstractContainerReportHandler.java:updateContainerState(145)) - Container #1 is in OPEN state, but the datanode d2d597b7-f29c-4b6e-a1dc-31783afe2111{ip: 192.168.69.68, host: pr-hdds-2313-mzbf2-1866299523, networkLocation: /default-rack, certSerialId: null} reports an CLOSED replica.
2019-10-16 07:00:11,744 [EventQueue-ContainerReportForContainerReportHandler] WARN  container.ContainerReportHandler (AbstractContainerReportHandler.java:updateContainerState(145)) - Container #1 is in OPEN state, but the datanode 433771fa-af38-4628-a40e-96bcd22c3694{ip: 192.168.69.68, host: pr-hdds-2313-mzbf2-1866299523, networkLocation: /default-rack, certSerialId: null} reports an CLOSED replica.
2019-10-16 07:00:11,929 [EventQueue-ContainerReportForContainerReportHandler] WARN  container.ContainerReportHandler (AbstractContainerReportHandler.java:updateContainerState(145)) - Container #1 is in OPEN state, but the datanode d2d597b7-f29c-4b6e-a1dc-31783afe2111{ip: 192.168.69.68, host: pr-hdds-2313-mzbf2-1866299523, networkLocation: /default-rack, certSerialId: null} reports an CLOSED replica.
2019-10-16 07:00:12,044 [EventQueue-ContainerReportForContainerReportHandler] WARN  container.ContainerReportHandler (AbstractContainerReportHandler.java:updateContainerState(145)) - Container #1 is in OPEN state, but the datanode 433771fa-af38-4628-a40e-96bcd22c3694{ip: 192.168.69.68, host: pr-hdds-2313-mzbf2-1866299523, networkLocation: /default-rack, certSerialId: null} reports an CLOSED replica.
2019-10-16 07:00:12,129 [EventQueue-ContainerReportForContainerReportHandler] WARN  container.ContainerReportHandler (AbstractContainerReportHandler.java:updateContainerState(145)) - Container #1 is in OPEN state, but the datanode d2d597b7-f29c-4b6e-a1dc-31783afe2111{ip: 192.168.69.68, host: pr-hdds-2313-mzbf2-1866299523, networkLocation: /default-rack, certSerialId: null} reports an CLOSED replica.
2019-10-16 07:00:12,149 [BlockDeletingService#0] WARN  background.BlockDeletingService (BlockDeletingService.java:isDeletionAllowed(187)) - Close Container log Index 6 is not replicated across allthe servers in the pipeline f466b838-ca87-44ef-9280-767f7a20abb4 as the min replicated index is 4. Deletion is not allowed in this container yet.
2019-10-16 07:00:12,149 [BlockDeletingService#2] WARN  background.BlockDeletingService (BlockDeletingService.java:isDeletionAllowed(187)) - Close Container log Index 6 is not replicated across allthe servers in the pipeline f466b838-ca87-44ef-9280-767f7a20abb4 as the min replicated index is 4. Deletion is not allowed in this container yet.
2019-10-16 07:00:12,429 [EventQueue-ContainerReportForContainerReportHandler] WARN  container.ContainerReportHandler (AbstractContainerReportHandler.java:updateContainerState(145)) - Container #1 is in OPEN state, but the datanode d2d597b7-f29c-4b6e-a1dc-31783afe2111{ip: 192.168.69.68, host: pr-hdds-2313-mzbf2-1866299523, networkLocation: /default-rack, certSerialId: null} reports an CLOSED replica.
2019-10-16 07:00:12,444 [EventQueue-ContainerReportForContainerReportHandler] WARN  container.ContainerReportHandler (AbstractContainerReportHandler.java:updateContainerState(145)) - Container #1 is in OPEN state, but the datanode 433771fa-af38-4628-a40e-96bcd22c3694{ip: 192.168.69.68, host: pr-hdds-2313-mzbf2-1866299523, networkLocation: /default-rack, certSerialId: null} reports an CLOSED replica.
2019-10-16 07:00:12,744 [EventQueue-ContainerReportForContainerReportHandler] WARN  container.ContainerReportHandler (AbstractContainerReportHandler.java:updateContainerState(145)) - Container #1 is in OPEN state, but the datanode 433771fa-af38-4628-a40e-96bcd22c3694{ip: 192.168.69.68, host: pr-hdds-2313-mzbf2-1866299523, networkLocation: /default-rack, certSerialId: null} reports an CLOSED replica.
2019-10-16 07:00:12,830 [EventQueue-ContainerReportForContainerReportHandler] WARN  container.ContainerReportHandler (AbstractContainerReportHandler.java:updateContainerState(145)) - Container #1 is in OPEN state, but the datanode d2d597b7-f29c-4b6e-a1dc-31783afe2111{ip: 192.168.69.68, host: pr-hdds-2313-mzbf2-1866299523, networkLocation: /default-rack, certSerialId: null} reports an CLOSED replica.
2019-10-16 07:00:12,876 [java.util.concurrent.ThreadPoolExecutor$Worker@4e0b4352[State = -1, empty queue]] WARN  server.GrpcLogAppender (GrpcLogAppender.java:timeoutAppendRequest(209)) - d2d597b7-f29c-4b6e-a1dc-31783afe2111@group-767F7A20ABB4->4f0a8cce-cba4-44f5-8366-0fb5fb6bef9c-GrpcLogAppender: appendEntries Timeout, request=d2d597b7-f29c-4b6e-a1dc-31783afe2111->4f0a8cce-cba4-44f5-8366-0fb5fb6bef9c#41-t3, previous=(t:3, i:10), leaderCommit=10, initializing? false, entries: <empty>
2019-10-16 07:00:13,030 [EventQueue-ContainerReportForContainerReportHandler] WARN  container.ContainerReportHandler (AbstractContainerReportHandler.java:updateContainerState(145)) - Container #1 is in OPEN state, but the datanode d2d597b7-f29c-4b6e-a1dc-31783afe2111{ip: 192.168.69.68, host: pr-hdds-2313-mzbf2-1866299523, networkLocation: /default-rack, certSerialId: null} reports an CLOSED replica.
2019-10-16 07:00:13,032 [Thread-468] INFO  client.GrpcClientProtocolService (GrpcClientProtocolService.java:lambda$processClientRequest$0(278)) - Failed RaftClientRequest:client-C8ADB546B70F->433771fa-af38-4628-a40e-96bcd22c3694@group-767F7A20ABB4, cid=10, seq=0, Watch-ALL_COMMITTED(6), Message:<EMPTY>, reply=RaftClientReply:client-C8ADB546B70F->433771fa-af38-4628-a40e-96bcd22c3694@group-767F7A20ABB4, cid=10, FAILED org.apache.ratis.protocol.NotLeaderException: Server 433771fa-af38-4628-a40e-96bcd22c3694@group-767F7A20ABB4 is not the leader d2d597b7-f29c-4b6e-a1dc-31783afe2111:192.168.69.68:40938, logIndex=0, commits[433771fa-af38-4628-a40e-96bcd22c3694:c10, 4f0a8cce-cba4-44f5-8366-0fb5fb6bef9c:c4, d2d597b7-f29c-4b6e-a1dc-31783afe2111:c10]
2019-10-16 07:00:13,145 [EventQueue-ContainerReportForContainerReportHandler] WARN  container.ContainerReportHandler (AbstractContainerReportHandler.java:updateContainerState(145)) - Container #1 is in OPEN state, but the datanode 433771fa-af38-4628-a40e-96bcd22c3694{ip: 192.168.69.68, host: pr-hdds-2313-mzbf2-1866299523, networkLocation: /default-rack, certSerialId: null} reports an CLOSED replica.
2019-10-16 07:00:13,150 [BlockDeletingService#0] WARN  background.BlockDeletingService (BlockDeletingService.java:isDeletionAllowed(187)) - Close Container log Index 6 is not replicated across allthe servers in the pipeline f466b838-ca87-44ef-9280-767f7a20abb4 as the min replicated index is 4. Deletion is not allowed in this container yet.
2019-10-16 07:00:13,152 [BlockDeletingService#2] WARN  background.BlockDeletingService (BlockDeletingService.java:isDeletionAllowed(187)) - Close Container log Index 6 is not replicated across allthe servers in the pipeline f466b838-ca87-44ef-9280-767f7a20abb4 as the min replicated index is 4. Deletion is not allowed in this container yet.
2019-10-16 07:00:13,331 [EventQueue-ContainerReportForContainerReportHandler] WARN  container.ContainerReportHandler (AbstractContainerReportHandler.java:updateContainerState(145)) - Container #1 is in OPEN state, but the datanode d2d597b7-f29c-4b6e-a1dc-31783afe2111{ip: 192.168.69.68, host: pr-hdds-2313-mzbf2-1866299523, networkLocation: /default-rack, certSerialId: null} reports an CLOSED replica.
2019-10-16 07:00:13,445 [EventQueue-ContainerReportForContainerReportHandler] WARN  container.ContainerReportHandler (AbstractContainerReportHandler.java:updateContainerState(145)) - Container #1 is in OPEN state, but the datanode 433771fa-af38-4628-a40e-96bcd22c3694{ip: 192.168.69.68, host: pr-hdds-2313-mzbf2-1866299523, networkLocation: /default-rack, certSerialId: null} reports an CLOSED replica.
2019-10-16 07:00:13,630 [EventQueue-ContainerReportForContainerReportHandler] WARN  container.ContainerReportHandler (AbstractContainerReportHandler.java:updateContainerState(145)) - Container #1 is in OPEN state, but the datanode d2d597b7-f29c-4b6e-a1dc-31783afe2111{ip: 192.168.69.68, host: pr-hdds-2313-mzbf2-1866299523, networkLocation: /default-rack, certSerialId: null} reports an CLOSED replica.
2019-10-16 07:00:13,745 [EventQueue-ContainerReportForContainerReportHandler] WARN  container.ContainerReportHandler (AbstractContainerReportHandler.java:updateContainerState(145)) - Container #1 is in OPEN state, but the datanode 433771fa-af38-4628-a40e-96bcd22c3694{ip: 192.168.69.68, host: pr-hdds-2313-mzbf2-1866299523, networkLocation: /default-rack, certSerialId: null} reports an CLOSED replica.
2019-10-16 07:00:13,830 [EventQueue-ContainerReportForContainerReportHandler] WARN  container.ContainerReportHandler (AbstractContainerReportHandler.java:updateContainerState(145)) - Container #1 is in OPEN state, but the datanode d2d597b7-f29c-4b6e-a1dc-31783afe2111{ip: 192.168.69.68, host: pr-hdds-2313-mzbf2-1866299523, networkLocation: /default-rack, certSerialId: null} reports an CLOSED replica.
2019-10-16 07:00:14,146 [EventQueue-ContainerReportForContainerReportHandler] WARN  container.ContainerReportHandler (AbstractContainerReportHandler.java:updateContainerState(145)) - Container #1 is in OPEN state, but the datanode 433771fa-af38-4628-a40e-96bcd22c3694{ip: 192.168.69.68, host: pr-hdds-2313-mzbf2-1866299523, networkLocation: /default-rack, certSerialId: null} reports an CLOSED replica.
2019-10-16 07:00:14,156 [BlockDeletingService#0] WARN  background.BlockDeletingService (BlockDeletingService.java:isDeletionAllowed(187)) - Close Container log Index 6 is not replicated across allthe servers in the pipeline f466b838-ca87-44ef-9280-767f7a20abb4 as the min replicated index is 4. Deletion is not allowed in this container yet.
2019-10-16 07:00:14,156 [BlockDeletingService#2] WARN  background.BlockDeletingService (BlockDeletingService.java:isDeletionAllowed(187)) - Close Container log Index 6 is not replicated across allthe servers in the pipeline f466b838-ca87-44ef-9280-767f7a20abb4 as the min replicated index is 4. Deletion is not allowed in this container yet.
2019-10-16 07:00:14,230 [EventQueue-ContainerReportForContainerReportHandler] WARN  container.ContainerReportHandler (AbstractContainerReportHandler.java:updateContainerState(145)) - Container #1 is in OPEN state, but the datanode d2d597b7-f29c-4b6e-a1dc-31783afe2111{ip: 192.168.69.68, host: pr-hdds-2313-mzbf2-1866299523, networkLocation: /default-rack, certSerialId: null} reports an CLOSED replica.
2019-10-16 07:00:14,446 [EventQueue-ContainerReportForContainerReportHandler] WARN  container.ContainerReportHandler (AbstractContainerReportHandler.java:updateContainerState(145)) - Container #1 is in OPEN state, but the datanode 433771fa-af38-4628-a40e-96bcd22c3694{ip: 192.168.69.68, host: pr-hdds-2313-mzbf2-1866299523, networkLocation: /default-rack, certSerialId: null} reports an CLOSED replica.
2019-10-16 07:00:14,632 [EventQueue-ContainerReportForContainerReportHandler] WARN  container.ContainerReportHandler (AbstractContainerReportHandler.java:updateContainerState(145)) - Container #1 is in OPEN state, but the datanode d2d597b7-f29c-4b6e-a1dc-31783afe2111{ip: 192.168.69.68, host: pr-hdds-2313-mzbf2-1866299523, networkLocation: /default-rack, certSerialId: null} reports an CLOSED replica.
2019-10-16 07:00:14,746 [EventQueue-ContainerReportForContainerReportHandler] WARN  container.ContainerReportHandler (AbstractContainerReportHandler.java:updateContainerState(145)) - Container #1 is in OPEN state, but the datanode 433771fa-af38-4628-a40e-96bcd22c3694{ip: 192.168.69.68, host: pr-hdds-2313-mzbf2-1866299523, networkLocation: /default-rack, certSerialId: null} reports an CLOSED replica.
2019-10-16 07:00:14,832 [EventQueue-ContainerReportForContainerReportHandler] WARN  container.ContainerReportHandler (AbstractContainerReportHandler.java:updateContainerState(145)) - Container #1 is in OPEN state, but the datanode d2d597b7-f29c-4b6e-a1dc-31783afe2111{ip: 192.168.69.68, host: pr-hdds-2313-mzbf2-1866299523, networkLocation: /default-rack, certSerialId: null} reports an CLOSED replica.
2019-10-16 07:00:14,884 [Thread-475] INFO  client.GrpcClientProtocolService (GrpcClientProtocolService.java:lambda$processClientRequest$0(278)) - Failed RaftClientRequest:client-C8ADB546B70F->d2d597b7-f29c-4b6e-a1dc-31783afe2111@group-767F7A20ABB4, cid=10, seq=0, Watch-ALL_COMMITTED(6), Message:<EMPTY>, reply=RaftClientReply:client-C8ADB546B70F->d2d597b7-f29c-4b6e-a1dc-31783afe2111@group-767F7A20ABB4, cid=10, FAILED org.apache.ratis.protocol.NotReplicatedException: Request with call Id 10 and log index 6 is not yet replicated to ALL_COMMITTED, logIndex=6, commits[d2d597b7-f29c-4b6e-a1dc-31783afe2111:c10, 433771fa-af38-4628-a40e-96bcd22c3694:c10, 4f0a8cce-cba4-44f5-8366-0fb5fb6bef9c:c4]
2019-10-16 07:00:15,046 [EventQueue-ContainerReportForContainerReportHandler] WARN  container.ContainerReportHandler (AbstractContainerReportHandler.java:updateContainerState(145)) - Container #1 is in OPEN state, but the datanode 433771fa-af38-4628-a40e-96bcd22c3694{ip: 192.168.69.68, host: pr-hdds-2313-mzbf2-1866299523, networkLocation: /default-rack, certSerialId: null} reports an CLOSED replica.
2019-10-16 07:00:15,158 [BlockDeletingService#0] WARN  background.BlockDeletingService (BlockDeletingService.java:isDeletionAllowed(187)) - Close Container log Index 6 is not replicated across allthe servers in the pipeline f466b838-ca87-44ef-9280-767f7a20abb4 as the min replicated index is 4. Deletion is not allowed in this container yet.
2019-10-16 07:00:15,158 [BlockDeletingService#2] WARN  background.BlockDeletingService (BlockDeletingService.java:isDeletionAllowed(187)) - Close Container log Index 6 is not replicated across allthe servers in the pipeline f466b838-ca87-44ef-9280-767f7a20abb4 as the min replicated index is 4. Deletion is not allowed in this container yet.
2019-10-16 07:00:15,232 [EventQueue-ContainerReportForContainerReportHandler] WARN  container.ContainerReportHandler (AbstractContainerReportHandler.java:updateContainerState(145)) - Container #1 is in OPEN state, but the datanode d2d597b7-f29c-4b6e-a1dc-31783afe2111{ip: 192.168.69.68, host: pr-hdds-2313-mzbf2-1866299523, networkLocation: /default-rack, certSerialId: null} reports an CLOSED replica.
2019-10-16 07:00:15,347 [EventQueue-ContainerReportForContainerReportHandler] WARN  container.ContainerReportHandler (AbstractContainerReportHandler.java:updateContainerState(145)) - Container #1 is in OPEN state, but the datanode 433771fa-af38-4628-a40e-96bcd22c3694{ip: 192.168.69.68, host: pr-hdds-2313-mzbf2-1866299523, networkLocation: /default-rack, certSerialId: null} reports an CLOSED replica.
2019-10-16 07:00:15,378 [java.util.concurrent.ThreadPoolExecutor$Worker@4e0b4352[State = -1, empty queue]] WARN  server.GrpcLogAppender (GrpcLogAppender.java:timeoutAppendRequest(209)) - d2d597b7-f29c-4b6e-a1dc-31783afe2111@group-767F7A20ABB4->4f0a8cce-cba4-44f5-8366-0fb5fb6bef9c-GrpcLogAppender: appendEntries Timeout, request=d2d597b7-f29c-4b6e-a1dc-31783afe2111->4f0a8cce-cba4-44f5-8366-0fb5fb6bef9c#42-t3, previous=(t:3, i:10), leaderCommit=10, initializing? false, entries: <empty>
2019-10-16 07:00:15,433 [EventQueue-ContainerReportForContainerReportHandler] WARN  container.ContainerReportHandler (AbstractContainerReportHandler.java:updateContainerState(145)) - Container #1 is in OPEN state, but the datanode d2d597b7-f29c-4b6e-a1dc-31783afe2111{ip: 192.168.69.68, host: pr-hdds-2313-mzbf2-1866299523, networkLocation: /default-rack, certSerialId: null} reports an CLOSED replica.
2019-10-16 07:00:15,633 [EventQueue-ContainerReportForContainerReportHandler] WARN  container.ContainerReportHandler (AbstractContainerReportHandler.java:updateContainerState(145)) - Container #1 is in OPEN state, but the datanode d2d597b7-f29c-4b6e-a1dc-31783afe2111{ip: 192.168.69.68, host: pr-hdds-2313-mzbf2-1866299523, networkLocation: /default-rack, certSerialId: null} reports an CLOSED replica.
2019-10-16 07:00:15,649 [EventQueue-ContainerReportForContainerReportHandler] WARN  container.ContainerReportHandler (AbstractContainerReportHandler.java:updateContainerState(145)) - Container #1 is in OPEN state, but the datanode 433771fa-af38-4628-a40e-96bcd22c3694{ip: 192.168.69.68, host: pr-hdds-2313-mzbf2-1866299523, networkLocation: /default-rack, certSerialId: null} reports an CLOSED replica.
2019-10-16 07:00:15,848 [EventQueue-ContainerReportForContainerReportHandler] WARN  container.ContainerReportHandler (AbstractContainerReportHandler.java:updateContainerState(145)) - Container #1 is in OPEN state, but the datanode 433771fa-af38-4628-a40e-96bcd22c3694{ip: 192.168.69.68, host: pr-hdds-2313-mzbf2-1866299523, networkLocation: /default-rack, certSerialId: null} reports an CLOSED replica.
2019-10-16 07:00:15,933 [EventQueue-ContainerReportForContainerReportHandler] WARN  container.ContainerReportHandler (AbstractContainerReportHandler.java:updateContainerState(145)) - Container #1 is in OPEN state, but the datanode d2d597b7-f29c-4b6e-a1dc-31783afe2111{ip: 192.168.69.68, host: pr-hdds-2313-mzbf2-1866299523, networkLocation: /default-rack, certSerialId: null} reports an CLOSED replica.
2019-10-16 07:00:16,149 [EventQueue-ContainerReportForContainerReportHandler] WARN  container.ContainerReportHandler (AbstractContainerReportHandler.java:updateContainerState(145)) - Container #1 is in OPEN state, but the datanode 433771fa-af38-4628-a40e-96bcd22c3694{ip: 192.168.69.68, host: pr-hdds-2313-mzbf2-1866299523, networkLocation: /default-rack, certSerialId: null} reports an CLOSED replica.
2019-10-16 07:00:16,160 [BlockDeletingService#0] WARN  background.BlockDeletingService (BlockDeletingService.java:isDeletionAllowed(187)) - Close Container log Index 6 is not replicated across allthe servers in the pipeline f466b838-ca87-44ef-9280-767f7a20abb4 as the min replicated index is 4. Deletion is not allowed in this container yet.
2019-10-16 07:00:16,160 [BlockDeletingService#2] WARN  background.BlockDeletingService (BlockDeletingService.java:isDeletionAllowed(187)) - Close Container log Index 6 is not replicated across allthe servers in the pipeline f466b838-ca87-44ef-9280-767f7a20abb4 as the min replicated index is 4. Deletion is not allowed in this container yet.
2019-10-16 07:00:16,335 [EventQueue-ContainerReportForContainerReportHandler] WARN  container.ContainerReportHandler (AbstractContainerReportHandler.java:updateContainerState(145)) - Container #1 is in OPEN state, but the datanode d2d597b7-f29c-4b6e-a1dc-31783afe2111{ip: 192.168.69.68, host: pr-hdds-2313-mzbf2-1866299523, networkLocation: /default-rack, certSerialId: null} reports an CLOSED replica.
2019-10-16 07:00:16,349 [EventQueue-ContainerReportForContainerReportHandler] WARN  container.ContainerReportHandler (AbstractContainerReportHandler.java:updateContainerState(145)) - Container #1 is in OPEN state, but the datanode 433771fa-af38-4628-a40e-96bcd22c3694{ip: 192.168.69.68, host: pr-hdds-2313-mzbf2-1866299523, networkLocation: /default-rack, certSerialId: null} reports an CLOSED replica.
2019-10-16 07:00:16,635 [EventQueue-ContainerReportForContainerReportHandler] WARN  container.ContainerReportHandler (AbstractContainerReportHandler.java:updateContainerState(145)) - Container #1 is in OPEN state, but the datanode d2d597b7-f29c-4b6e-a1dc-31783afe2111{ip: 192.168.69.68, host: pr-hdds-2313-mzbf2-1866299523, networkLocation: /default-rack, certSerialId: null} reports an CLOSED replica.
2019-10-16 07:00:16,749 [EventQueue-ContainerReportForContainerReportHandler] WARN  container.ContainerReportHandler (AbstractContainerReportHandler.java:updateContainerState(145)) - Container #1 is in OPEN state, but the datanode 433771fa-af38-4628-a40e-96bcd22c3694{ip: 192.168.69.68, host: pr-hdds-2313-mzbf2-1866299523, networkLocation: /default-rack, certSerialId: null} reports an CLOSED replica.
2019-10-16 07:00:16,949 [EventQueue-ContainerReportForContainerReportHandler] WARN  container.ContainerReportHandler (AbstractContainerReportHandler.java:updateContainerState(145)) - Container #1 is in OPEN state, but the datanode 433771fa-af38-4628-a40e-96bcd22c3694{ip: 192.168.69.68, host: pr-hdds-2313-mzbf2-1866299523, networkLocation: /default-rack, certSerialId: null} reports an CLOSED replica.
2019-10-16 07:00:17,036 [EventQueue-ContainerReportForContainerReportHandler] WARN  container.ContainerReportHandler (AbstractContainerReportHandler.java:updateContainerState(145)) - Container #1 is in OPEN state, but the datanode d2d597b7-f29c-4b6e-a1dc-31783afe2111{ip: 192.168.69.68, host: pr-hdds-2313-mzbf2-1866299523, networkLocation: /default-rack, certSerialId: null} reports an CLOSED replica.
2019-10-16 07:00:17,150 [EventQueue-ContainerReportForContainerReportHandler] WARN  container.ContainerReportHandler (AbstractContainerReportHandler.java:updateContainerState(145)) - Container #1 is in OPEN state, but the datanode 433771fa-af38-4628-a40e-96bcd22c3694{ip: 192.168.69.68, host: pr-hdds-2313-mzbf2-1866299523, networkLocation: /default-rack, certSerialId: null} reports an CLOSED replica.
2019-10-16 07:00:17,162 [BlockDeletingService#0] WARN  background.BlockDeletingService (BlockDeletingService.java:isDeletionAllowed(187)) - Close Container log Index 6 is not replicated across allthe servers in the pipeline f466b838-ca87-44ef-9280-767f7a20abb4 as the min replicated index is 4. Deletion is not allowed in this container yet.
2019-10-16 07:00:17,162 [BlockDeletingService#2] WARN  background.BlockDeletingService (BlockDeletingService.java:isDeletionAllowed(187)) - Close Container log Index 6 is not replicated across allthe servers in the pipeline f466b838-ca87-44ef-9280-767f7a20abb4 as the min replicated index is 4. Deletion is not allowed in this container yet.
2019-10-16 07:00:17,236 [EventQueue-ContainerReportForContainerReportHandler] WARN  container.ContainerReportHandler (AbstractContainerReportHandler.java:updateContainerState(145)) - Container #1 is in OPEN state, but the datanode d2d597b7-f29c-4b6e-a1dc-31783afe2111{ip: 192.168.69.68, host: pr-hdds-2313-mzbf2-1866299523, networkLocation: /default-rack, certSerialId: null} reports an CLOSED replica.
2019-10-16 07:00:17,551 [EventQueue-ContainerReportForContainerReportHandler] WARN  container.ContainerReportHandler (AbstractContainerReportHandler.java:updateContainerState(145)) - Container #1 is in OPEN state, but the datanode 433771fa-af38-4628-a40e-96bcd22c3694{ip: 192.168.69.68, host: pr-hdds-2313-mzbf2-1866299523, networkLocation: /default-rack, certSerialId: null} reports an CLOSED replica.
2019-10-16 07:00:17,637 [EventQueue-ContainerReportForContainerReportHandler] WARN  container.ContainerReportHandler (AbstractContainerReportHandler.java:updateContainerState(145)) - Container #1 is in OPEN state, but the datanode d2d597b7-f29c-4b6e-a1dc-31783afe2111{ip: 192.168.69.68, host: pr-hdds-2313-mzbf2-1866299523, networkLocation: /default-rack, certSerialId: null} reports an CLOSED replica.
2019-10-16 07:00:17,851 [EventQueue-ContainerReportForContainerReportHandler] WARN  container.ContainerReportHandler (AbstractContainerReportHandler.java:updateContainerState(145)) - Container #1 is in OPEN state, but the datanode 433771fa-af38-4628-a40e-96bcd22c3694{ip: 192.168.69.68, host: pr-hdds-2313-mzbf2-1866299523, networkLocation: /default-rack, certSerialId: null} reports an CLOSED replica.
2019-10-16 07:00:17,881 [java.util.concurrent.ThreadPoolExecutor$Worker@4e0b4352[State = -1, empty queue]] WARN  server.GrpcLogAppender (GrpcLogAppender.java:timeoutAppendRequest(209)) - d2d597b7-f29c-4b6e-a1dc-31783afe2111@group-767F7A20ABB4->4f0a8cce-cba4-44f5-8366-0fb5fb6bef9c-GrpcLogAppender: appendEntries Timeout, request=d2d597b7-f29c-4b6e-a1dc-31783afe2111->4f0a8cce-cba4-44f5-8366-0fb5fb6bef9c#43-t3, previous=(t:3, i:10), leaderCommit=10, initializing? false, entries: <empty>
2019-10-16 07:00:17,936 [EventQueue-ContainerReportForContainerReportHandler] WARN  container.ContainerReportHandler (AbstractContainerReportHandler.java:updateContainerState(145)) - Container #1 is in OPEN state, but the datanode d2d597b7-f29c-4b6e-a1dc-31783afe2111{ip: 192.168.69.68, host: pr-hdds-2313-mzbf2-1866299523, networkLocation: /default-rack, certSerialId: null} reports an CLOSED replica.
2019-10-16 07:00:18,164 [BlockDeletingService#0] WARN  background.BlockDeletingService (BlockDeletingService.java:isDeletionAllowed(187)) - Close Container log Index 6 is not replicated across allthe servers in the pipeline f466b838-ca87-44ef-9280-767f7a20abb4 as the min replicated index is 4. Deletion is not allowed in this container yet.
2019-10-16 07:00:18,164 [BlockDeletingService#2] WARN  background.BlockDeletingService (BlockDeletingService.java:isDeletionAllowed(187)) - Close Container log Index 6 is not replicated across allthe servers in the pipeline f466b838-ca87-44ef-9280-767f7a20abb4 as the min replicated index is 4. Deletion is not allowed in this container yet.
2019-10-16 07:00:18,236 [EventQueue-ContainerReportForContainerReportHandler] WARN  container.ContainerReportHandler (AbstractContainerReportHandler.java:updateContainerState(145)) - Container #1 is in OPEN state, but the datanode d2d597b7-f29c-4b6e-a1dc-31783afe2111{ip: 192.168.69.68, host: pr-hdds-2313-mzbf2-1866299523, networkLocation: /default-rack, certSerialId: null} reports an CLOSED replica.
2019-10-16 07:00:18,251 [EventQueue-ContainerReportForContainerReportHandler] WARN  container.ContainerReportHandler (AbstractContainerReportHandler.java:updateContainerState(145)) - Container #1 is in OPEN state, but the datanode 433771fa-af38-4628-a40e-96bcd22c3694{ip: 192.168.69.68, host: pr-hdds-2313-mzbf2-1866299523, networkLocation: /default-rack, certSerialId: null} reports an CLOSED replica.
2019-10-16 07:00:18,636 [EventQueue-ContainerReportForContainerReportHandler] WARN  container.ContainerReportHandler (AbstractContainerReportHandler.java:updateContainerState(145)) - Container #1 is in OPEN state, but the datanode d2d597b7-f29c-4b6e-a1dc-31783afe2111{ip: 192.168.69.68, host: pr-hdds-2313-mzbf2-1866299523, networkLocation: /default-rack, certSerialId: null} reports an CLOSED replica.
2019-10-16 07:00:18,652 [EventQueue-ContainerReportForContainerReportHandler] WARN  container.ContainerReportHandler (AbstractContainerReportHandler.java:updateContainerState(145)) - Container #1 is in OPEN state, but the datanode 433771fa-af38-4628-a40e-96bcd22c3694{ip: 192.168.69.68, host: pr-hdds-2313-mzbf2-1866299523, networkLocation: /default-rack, certSerialId: null} reports an CLOSED replica.
2019-10-16 07:00:19,037 [EventQueue-ContainerReportForContainerReportHandler] WARN  container.ContainerReportHandler (AbstractContainerReportHandler.java:updateContainerState(145)) - Container #1 is in OPEN state, but the datanode d2d597b7-f29c-4b6e-a1dc-31783afe2111{ip: 192.168.69.68, host: pr-hdds-2313-mzbf2-1866299523, networkLocation: /default-rack, certSerialId: null} reports an CLOSED replica.
2019-10-16 07:00:19,052 [EventQueue-ContainerReportForContainerReportHandler] WARN  container.ContainerReportHandler (AbstractContainerReportHandler.java:updateContainerState(145)) - Container #1 is in OPEN state, but the datanode 433771fa-af38-4628-a40e-96bcd22c3694{ip: 192.168.69.68, host: pr-hdds-2313-mzbf2-1866299523, networkLocation: /default-rack, certSerialId: null} reports an CLOSED replica.
2019-10-16 07:00:19,165 [BlockDeletingService#0] WARN  background.BlockDeletingService (BlockDeletingService.java:isDeletionAllowed(187)) - Close Container log Index 6 is not replicated across allthe servers in the pipeline f466b838-ca87-44ef-9280-767f7a20abb4 as the min replicated index is 4. Deletion is not allowed in this container yet.
2019-10-16 07:00:19,165 [BlockDeletingService#2] WARN  background.BlockDeletingService (BlockDeletingService.java:isDeletionAllowed(187)) - Close Container log Index 6 is not replicated across allthe servers in the pipeline f466b838-ca87-44ef-9280-767f7a20abb4 as the min replicated index is 4. Deletion is not allowed in this container yet.
2019-10-16 07:00:19,237 [EventQueue-ContainerReportForContainerReportHandler] WARN  container.ContainerReportHandler (AbstractContainerReportHandler.java:updateContainerState(145)) - Container #1 is in OPEN state, but the datanode d2d597b7-f29c-4b6e-a1dc-31783afe2111{ip: 192.168.69.68, host: pr-hdds-2313-mzbf2-1866299523, networkLocation: /default-rack, certSerialId: null} reports an CLOSED replica.
2019-10-16 07:00:19,252 [EventQueue-ContainerReportForContainerReportHandler] WARN  container.ContainerReportHandler (AbstractContainerReportHandler.java:updateContainerState(145)) - Container #1 is in OPEN state, but the datanode 433771fa-af38-4628-a40e-96bcd22c3694{ip: 192.168.69.68, host: pr-hdds-2313-mzbf2-1866299523, networkLocation: /default-rack, certSerialId: null} reports an CLOSED replica.
2019-10-16 07:00:19,537 [EventQueue-ContainerReportForContainerReportHandler] WARN  container.ContainerReportHandler (AbstractContainerReportHandler.java:updateContainerState(145)) - Container #1 is in OPEN state, but the datanode d2d597b7-f29c-4b6e-a1dc-31783afe2111{ip: 192.168.69.68, host: pr-hdds-2313-mzbf2-1866299523, networkLocation: /default-rack, certSerialId: null} reports an CLOSED replica.
2019-10-16 07:00:19,555 [EventQueue-ContainerReportForContainerReportHandler] WARN  container.ContainerReportHandler (AbstractContainerReportHandler.java:updateContainerState(145)) - Container #1 is in OPEN state, but the datanode 433771fa-af38-4628-a40e-96bcd22c3694{ip: 192.168.69.68, host: pr-hdds-2313-mzbf2-1866299523, networkLocation: /default-rack, certSerialId: null} reports an CLOSED replica.
2019-10-16 07:00:19,854 [EventQueue-ContainerReportForContainerReportHandler] WARN  container.ContainerReportHandler (AbstractContainerReportHandler.java:updateContainerState(145)) - Container #1 is in OPEN state, but the datanode 433771fa-af38-4628-a40e-96bcd22c3694{ip: 192.168.69.68, host: pr-hdds-2313-mzbf2-1866299523, networkLocation: /default-rack, certSerialId: null} reports an CLOSED replica.
2019-10-16 07:00:19,939 [EventQueue-ContainerReportForContainerReportHandler] WARN  container.ContainerReportHandler (AbstractContainerReportHandler.java:updateContainerState(145)) - Container #1 is in OPEN state, but the datanode d2d597b7-f29c-4b6e-a1dc-31783afe2111{ip: 192.168.69.68, host: pr-hdds-2313-mzbf2-1866299523, networkLocation: /default-rack, certSerialId: null} reports an CLOSED replica.
2019-10-16 07:00:20,137 [EventQueue-ContainerReportForContainerReportHandler] WARN  container.ContainerReportHandler (AbstractContainerReportHandler.java:updateContainerState(145)) - Container #1 is in OPEN state, but the datanode d2d597b7-f29c-4b6e-a1dc-31783afe2111{ip: 192.168.69.68, host: pr-hdds-2313-mzbf2-1866299523, networkLocation: /default-rack, certSerialId: null} reports an CLOSED replica.
2019-10-16 07:00:20,154 [EventQueue-ContainerReportForContainerReportHandler] WARN  container.ContainerReportHandler (AbstractContainerReportHandler.java:updateContainerState(145)) - Container #1 is in OPEN state, but the datanode 433771fa-af38-4628-a40e-96bcd22c3694{ip: 192.168.69.68, host: pr-hdds-2313-mzbf2-1866299523, networkLocation: /default-rack, certSerialId: null} reports an CLOSED replica.
2019-10-16 07:00:20,167 [BlockDeletingService#2] WARN  background.BlockDeletingService (BlockDeletingService.java:isDeletionAllowed(187)) - Close Container log Index 6 is not replicated across allthe servers in the pipeline f466b838-ca87-44ef-9280-767f7a20abb4 as the min replicated index is 4. Deletion is not allowed in this container yet.
2019-10-16 07:00:20,167 [BlockDeletingService#0] WARN  background.BlockDeletingService (BlockDeletingService.java:isDeletionAllowed(187)) - Close Container log Index 6 is not replicated across allthe servers in the pipeline f466b838-ca87-44ef-9280-767f7a20abb4 as the min replicated index is 4. Deletion is not allowed in this container yet.
2019-10-16 07:00:20,354 [EventQueue-ContainerReportForContainerReportHandler] WARN  container.ContainerReportHandler (AbstractContainerReportHandler.java:updateContainerState(145)) - Container #1 is in OPEN state, but the datanode 433771fa-af38-4628-a40e-96bcd22c3694{ip: 192.168.69.68, host: pr-hdds-2313-mzbf2-1866299523, networkLocation: /default-rack, certSerialId: null} reports an CLOSED replica.
2019-10-16 07:00:20,383 [java.util.concurrent.ThreadPoolExecutor$Worker@4e0b4352[State = -1, empty queue]] WARN  server.GrpcLogAppender (GrpcLogAppender.java:timeoutAppendRequest(209)) - d2d597b7-f29c-4b6e-a1dc-31783afe2111@group-767F7A20ABB4->4f0a8cce-cba4-44f5-8366-0fb5fb6bef9c-GrpcLogAppender: appendEntries Timeout, request=d2d597b7-f29c-4b6e-a1dc-31783afe2111->4f0a8cce-cba4-44f5-8366-0fb5fb6bef9c#44-t3, previous=(t:3, i:10), leaderCommit=10, initializing? false, entries: <empty>
2019-10-16 07:00:20,538 [EventQueue-ContainerReportForContainerReportHandler] WARN  container.ContainerReportHandler (AbstractContainerReportHandler.java:updateContainerState(145)) - Container #1 is in OPEN state, but the datanode d2d597b7-f29c-4b6e-a1dc-31783afe2111{ip: 192.168.69.68, host: pr-hdds-2313-mzbf2-1866299523, networkLocation: /default-rack, certSerialId: null} reports an CLOSED replica.
2019-10-16 07:00:20,755 [EventQueue-ContainerReportForContainerReportHandler] WARN  container.ContainerReportHandler (AbstractContainerReportHandler.java:updateContainerState(145)) - Container #1 is in OPEN state, but the datanode 433771fa-af38-4628-a40e-96bcd22c3694{ip: 192.168.69.68, host: pr-hdds-2313-mzbf2-1866299523, networkLocation: /default-rack, certSerialId: null} reports an CLOSED replica.
2019-10-16 07:00:20,939 [EventQueue-ContainerReportForContainerReportHandler] WARN  container.ContainerReportHandler (AbstractContainerReportHandler.java:updateContainerState(145)) - Container #1 is in OPEN state, but the datanode d2d597b7-f29c-4b6e-a1dc-31783afe2111{ip: 192.168.69.68, host: pr-hdds-2313-mzbf2-1866299523, networkLocation: /default-rack, certSerialId: null} reports an CLOSED replica.
2019-10-16 07:00:21,055 [EventQueue-ContainerReportForContainerReportHandler] WARN  container.ContainerReportHandler (AbstractContainerReportHandler.java:updateContainerState(145)) - Container #1 is in OPEN state, but the datanode 433771fa-af38-4628-a40e-96bcd22c3694{ip: 192.168.69.68, host: pr-hdds-2313-mzbf2-1866299523, networkLocation: /default-rack, certSerialId: null} reports an CLOSED replica.
2019-10-16 07:00:21,169 [BlockDeletingService#2] WARN  background.BlockDeletingService (BlockDeletingService.java:isDeletionAllowed(187)) - Close Container log Index 6 is not replicated across allthe servers in the pipeline f466b838-ca87-44ef-9280-767f7a20abb4 as the min replicated index is 4. Deletion is not allowed in this container yet.
2019-10-16 07:00:21,169 [BlockDeletingService#0] WARN  background.BlockDeletingService (BlockDeletingService.java:isDeletionAllowed(187)) - Close Container log Index 6 is not replicated across allthe servers in the pipeline f466b838-ca87-44ef-9280-767f7a20abb4 as the min replicated index is 4. Deletion is not allowed in this container yet.
2019-10-16 07:00:21,238 [EventQueue-ContainerReportForContainerReportHandler] WARN  container.ContainerReportHandler (AbstractContainerReportHandler.java:updateContainerState(145)) - Container #1 is in OPEN state, but the datanode d2d597b7-f29c-4b6e-a1dc-31783afe2111{ip: 192.168.69.68, host: pr-hdds-2313-mzbf2-1866299523, networkLocation: /default-rack, certSerialId: null} reports an CLOSED replica.
2019-10-16 07:00:21,355 [EventQueue-ContainerReportForContainerReportHandler] WARN  container.ContainerReportHandler (AbstractContainerReportHandler.java:updateContainerState(145)) - Container #1 is in OPEN state, but the datanode 433771fa-af38-4628-a40e-96bcd22c3694{ip: 192.168.69.68, host: pr-hdds-2313-mzbf2-1866299523, networkLocation: /default-rack, certSerialId: null} reports an CLOSED replica.
2019-10-16 07:00:21,538 [EventQueue-ContainerReportForContainerReportHandler] WARN  container.ContainerReportHandler (AbstractContainerReportHandler.java:updateContainerState(145)) - Container #1 is in OPEN state, but the datanode d2d597b7-f29c-4b6e-a1dc-31783afe2111{ip: 192.168.69.68, host: pr-hdds-2313-mzbf2-1866299523, networkLocation: /default-rack, certSerialId: null} reports an CLOSED replica.
2019-10-16 07:00:21,655 [EventQueue-ContainerReportForContainerReportHandler] WARN  container.ContainerReportHandler (AbstractContainerReportHandler.java:updateContainerState(145)) - Container #1 is in OPEN state, but the datanode 433771fa-af38-4628-a40e-96bcd22c3694{ip: 192.168.69.68, host: pr-hdds-2313-mzbf2-1866299523, networkLocation: /default-rack, certSerialId: null} reports an CLOSED replica.
2019-10-16 07:00:21,839 [EventQueue-ContainerReportForContainerReportHandler] WARN  container.ContainerReportHandler (AbstractContainerReportHandler.java:updateContainerState(145)) - Container #1 is in OPEN state, but the datanode d2d597b7-f29c-4b6e-a1dc-31783afe2111{ip: 192.168.69.68, host: pr-hdds-2313-mzbf2-1866299523, networkLocation: /default-rack, certSerialId: null} reports an CLOSED replica.
2019-10-16 07:00:21,855 [EventQueue-ContainerReportForContainerReportHandler] WARN  container.ContainerReportHandler (AbstractContainerReportHandler.java:updateContainerState(145)) - Container #1 is in OPEN state, but the datanode 433771fa-af38-4628-a40e-96bcd22c3694{ip: 192.168.69.68, host: pr-hdds-2313-mzbf2-1866299523, networkLocation: /default-rack, certSerialId: null} reports an CLOSED replica.
2019-10-16 07:00:22,040 [EventQueue-ContainerReportForContainerReportHandler] WARN  container.ContainerReportHandler (AbstractContainerReportHandler.java:updateContainerState(145)) - Container #1 is in OPEN state, but the datanode d2d597b7-f29c-4b6e-a1dc-31783afe2111{ip: 192.168.69.68, host: pr-hdds-2313-mzbf2-1866299523, networkLocation: /default-rack, certSerialId: null} reports an CLOSED replica.
2019-10-16 07:00:22,068 [Thread-495] INFO  client.GrpcClientProtocolService (GrpcClientProtocolService.java:lambda$processClientRequest$0(278)) - Failed RaftClientRequest:client-C8ADB546B70F->433771fa-af38-4628-a40e-96bcd22c3694@group-767F7A20ABB4, cid=10, seq=0, Watch-ALL_COMMITTED(6), Message:<EMPTY>, reply=RaftClientReply:client-C8ADB546B70F->433771fa-af38-4628-a40e-96bcd22c3694@group-767F7A20ABB4, cid=10, FAILED org.apache.ratis.protocol.NotLeaderException: Server 433771fa-af38-4628-a40e-96bcd22c3694@group-767F7A20ABB4 is not the leader d2d597b7-f29c-4b6e-a1dc-31783afe2111:192.168.69.68:40938, logIndex=0, commits[433771fa-af38-4628-a40e-96bcd22c3694:c10, 4f0a8cce-cba4-44f5-8366-0fb5fb6bef9c:c4, d2d597b7-f29c-4b6e-a1dc-31783afe2111:c10]
2019-10-16 07:00:22,155 [EventQueue-ContainerReportForContainerReportHandler] WARN  container.ContainerReportHandler (AbstractContainerReportHandler.java:updateContainerState(145)) - Container #1 is in OPEN state, but the datanode 433771fa-af38-4628-a40e-96bcd22c3694{ip: 192.168.69.68, host: pr-hdds-2313-mzbf2-1866299523, networkLocation: /default-rack, certSerialId: null} reports an CLOSED replica.
2019-10-16 07:00:22,170 [BlockDeletingService#2] WARN  background.BlockDeletingService (BlockDeletingService.java:isDeletionAllowed(187)) - Close Container log Index 6 is not replicated across allthe servers in the pipeline f466b838-ca87-44ef-9280-767f7a20abb4 as the min replicated index is 4. Deletion is not allowed in this container yet.
2019-10-16 07:00:22,171 [BlockDeletingService#0] WARN  background.BlockDeletingService (BlockDeletingService.java:isDeletionAllowed(187)) - Close Container log Index 6 is not replicated across allthe servers in the pipeline f466b838-ca87-44ef-9280-767f7a20abb4 as the min replicated index is 4. Deletion is not allowed in this container yet.
2019-10-16 07:00:22,240 [EventQueue-ContainerReportForContainerReportHandler] WARN  container.ContainerReportHandler (AbstractContainerReportHandler.java:updateContainerState(145)) - Container #1 is in OPEN state, but the datanode d2d597b7-f29c-4b6e-a1dc-31783afe2111{ip: 192.168.69.68, host: pr-hdds-2313-mzbf2-1866299523, networkLocation: /default-rack, certSerialId: null} reports an CLOSED replica.
2019-10-16 07:00:22,455 [EventQueue-ContainerReportForContainerReportHandler] WARN  container.ContainerReportHandler (AbstractContainerReportHandler.java:updateContainerState(145)) - Container #1 is in OPEN state, but the datanode 433771fa-af38-4628-a40e-96bcd22c3694{ip: 192.168.69.68, host: pr-hdds-2313-mzbf2-1866299523, networkLocation: /default-rack, certSerialId: null} reports an CLOSED replica.
2019-10-16 07:00:22,640 [EventQueue-ContainerReportForContainerReportHandler] WARN  container.ContainerReportHandler (AbstractContainerReportHandler.java:updateContainerState(145)) - Container #1 is in OPEN state, but the datanode d2d597b7-f29c-4b6e-a1dc-31783afe2111{ip: 192.168.69.68, host: pr-hdds-2313-mzbf2-1866299523, networkLocation: /default-rack, certSerialId: null} reports an CLOSED replica.
2019-10-16 07:00:22,656 [EventQueue-ContainerReportForContainerReportHandler] WARN  container.ContainerReportHandler (AbstractContainerReportHandler.java:updateContainerState(145)) - Container #1 is in OPEN state, but the datanode 433771fa-af38-4628-a40e-96bcd22c3694{ip: 192.168.69.68, host: pr-hdds-2313-mzbf2-1866299523, networkLocation: /default-rack, certSerialId: null} reports an CLOSED replica.
2019-10-16 07:00:22,840 [EventQueue-ContainerReportForContainerReportHandler] WARN  container.ContainerReportHandler (AbstractContainerReportHandler.java:updateContainerState(145)) - Container #1 is in OPEN state, but the datanode d2d597b7-f29c-4b6e-a1dc-31783afe2111{ip: 192.168.69.68, host: pr-hdds-2313-mzbf2-1866299523, networkLocation: /default-rack, certSerialId: null} reports an CLOSED replica.
2019-10-16 07:00:22,884 [java.util.concurrent.ThreadPoolExecutor$Worker@4e0b4352[State = -1, empty queue]] WARN  server.GrpcLogAppender (GrpcLogAppender.java:timeoutAppendRequest(209)) - d2d597b7-f29c-4b6e-a1dc-31783afe2111@group-767F7A20ABB4->4f0a8cce-cba4-44f5-8366-0fb5fb6bef9c-GrpcLogAppender: appendEntries Timeout, request=d2d597b7-f29c-4b6e-a1dc-31783afe2111->4f0a8cce-cba4-44f5-8366-0fb5fb6bef9c#45-t3, previous=(t:3, i:10), leaderCommit=10, initializing? false, entries: <empty>
2019-10-16 07:00:22,956 [EventQueue-ContainerReportForContainerReportHandler] WARN  container.ContainerReportHandler (AbstractContainerReportHandler.java:updateContainerState(145)) - Container #1 is in OPEN state, but the datanode 433771fa-af38-4628-a40e-96bcd22c3694{ip: 192.168.69.68, host: pr-hdds-2313-mzbf2-1866299523, networkLocation: /default-rack, certSerialId: null} reports an CLOSED replica.
2019-10-16 07:00:23,172 [BlockDeletingService#2] WARN  background.BlockDeletingService (BlockDeletingService.java:isDeletionAllowed(187)) - Close Container log Index 6 is not replicated across allthe servers in the pipeline f466b838-ca87-44ef-9280-767f7a20abb4 as the min replicated index is 4. Deletion is not allowed in this container yet.
2019-10-16 07:00:23,172 [BlockDeletingService#0] WARN  background.BlockDeletingService (BlockDeletingService.java:isDeletionAllowed(187)) - Close Container log Index 6 is not replicated across allthe servers in the pipeline f466b838-ca87-44ef-9280-767f7a20abb4 as the min replicated index is 4. Deletion is not allowed in this container yet.
2019-10-16 07:00:23,240 [EventQueue-ContainerReportForContainerReportHandler] WARN  container.ContainerReportHandler (AbstractContainerReportHandler.java:updateContainerState(145)) - Container #1 is in OPEN state, but the datanode d2d597b7-f29c-4b6e-a1dc-31783afe2111{ip: 192.168.69.68, host: pr-hdds-2313-mzbf2-1866299523, networkLocation: /default-rack, certSerialId: null} reports an CLOSED replica.
2019-10-16 07:00:23,257 [EventQueue-ContainerReportForContainerReportHandler] WARN  container.ContainerReportHandler (AbstractContainerReportHandler.java:updateContainerState(145)) - Container #1 is in OPEN state, but the datanode 433771fa-af38-4628-a40e-96bcd22c3694{ip: 192.168.69.68, host: pr-hdds-2313-mzbf2-1866299523, networkLocation: /default-rack, certSerialId: null} reports an CLOSED replica.
2019-10-16 07:00:23,542 [EventQueue-ContainerReportForContainerReportHandler] WARN  container.ContainerReportHandler (AbstractContainerReportHandler.java:updateContainerState(145)) - Container #1 is in OPEN state, but the datanode d2d597b7-f29c-4b6e-a1dc-31783afe2111{ip: 192.168.69.68, host: pr-hdds-2313-mzbf2-1866299523, networkLocation: /default-rack, certSerialId: null} reports an CLOSED replica.
2019-10-16 07:00:23,657 [EventQueue-ContainerReportForContainerReportHandler] WARN  container.ContainerReportHandler (AbstractContainerReportHandler.java:updateContainerState(145)) - Container #1 is in OPEN state, but the datanode 433771fa-af38-4628-a40e-96bcd22c3694{ip: 192.168.69.68, host: pr-hdds-2313-mzbf2-1866299523, networkLocation: /default-rack, certSerialId: null} reports an CLOSED replica.
2019-10-16 07:00:23,857 [EventQueue-ContainerReportForContainerReportHandler] WARN  container.ContainerReportHandler (AbstractContainerReportHandler.java:updateContainerState(145)) - Container #1 is in OPEN state, but the datanode 433771fa-af38-4628-a40e-96bcd22c3694{ip: 192.168.69.68, host: pr-hdds-2313-mzbf2-1866299523, networkLocation: /default-rack, certSerialId: null} reports an CLOSED replica.
2019-10-16 07:00:23,884 [Thread-503] INFO  client.GrpcClientProtocolService (GrpcClientProtocolService.java:lambda$processClientRequest$0(278)) - Failed RaftClientRequest:client-C8ADB546B70F->d2d597b7-f29c-4b6e-a1dc-31783afe2111@group-767F7A20ABB4, cid=10, seq=0, Watch-ALL_COMMITTED(6), Message:<EMPTY>, reply=RaftClientReply:client-C8ADB546B70F->d2d597b7-f29c-4b6e-a1dc-31783afe2111@group-767F7A20ABB4, cid=10, FAILED org.apache.ratis.protocol.NotReplicatedException: Request with call Id 10 and log index 6 is not yet replicated to ALL_COMMITTED, logIndex=6, commits[d2d597b7-f29c-4b6e-a1dc-31783afe2111:c10, 433771fa-af38-4628-a40e-96bcd22c3694:c10, 4f0a8cce-cba4-44f5-8366-0fb5fb6bef9c:c4]
2019-10-16 07:00:23,941 [EventQueue-ContainerReportForContainerReportHandler] WARN  container.ContainerReportHandler (AbstractContainerReportHandler.java:updateContainerState(145)) - Container #1 is in OPEN state, but the datanode d2d597b7-f29c-4b6e-a1dc-31783afe2111{ip: 192.168.69.68, host: pr-hdds-2313-mzbf2-1866299523, networkLocation: /default-rack, certSerialId: null} reports an CLOSED replica.
2019-10-16 07:00:24,057 [EventQueue-ContainerReportForContainerReportHandler] WARN  container.ContainerReportHandler (AbstractContainerReportHandler.java:updateContainerState(145)) - Container #1 is in OPEN state, but the datanode 433771fa-af38-4628-a40e-96bcd22c3694{ip: 192.168.69.68, host: pr-hdds-2313-mzbf2-1866299523, networkLocation: /default-rack, certSerialId: null} reports an CLOSED replica.
2019-10-16 07:00:24,174 [BlockDeletingService#2] WARN  background.BlockDeletingService (BlockDeletingService.java:isDeletionAllowed(187)) - Close Container log Index 6 is not replicated across allthe servers in the pipeline f466b838-ca87-44ef-9280-767f7a20abb4 as the min replicated index is 4. Deletion is not allowed in this container yet.
2019-10-16 07:00:24,174 [BlockDeletingService#0] WARN  background.BlockDeletingService (BlockDeletingService.java:isDeletionAllowed(187)) - Close Container log Index 6 is not replicated across allthe servers in the pipeline f466b838-ca87-44ef-9280-767f7a20abb4 as the min replicated index is 4. Deletion is not allowed in this container yet.
2019-10-16 07:00:24,257 [EventQueue-ContainerReportForContainerReportHandler] WARN  container.ContainerReportHandler (AbstractContainerReportHandler.java:updateContainerState(145)) - Container #1 is in OPEN state, but the datanode 433771fa-af38-4628-a40e-96bcd22c3694{ip: 192.168.69.68, host: pr-hdds-2313-mzbf2-1866299523, networkLocation: /default-rack, certSerialId: null} reports an CLOSED replica.
2019-10-16 07:00:24,341 [EventQueue-ContainerReportForContainerReportHandler] WARN  container.ContainerReportHandler (AbstractContainerReportHandler.java:updateContainerState(145)) - Container #1 is in OPEN state, but the datanode d2d597b7-f29c-4b6e-a1dc-31783afe2111{ip: 192.168.69.68, host: pr-hdds-2313-mzbf2-1866299523, networkLocation: /default-rack, certSerialId: null} reports an CLOSED replica.
2019-10-16 07:00:24,557 [EventQueue-ContainerReportForContainerReportHandler] WARN  container.ContainerReportHandler (AbstractContainerReportHandler.java:updateContainerState(145)) - Container #1 is in OPEN state, but the datanode 433771fa-af38-4628-a40e-96bcd22c3694{ip: 192.168.69.68, host: pr-hdds-2313-mzbf2-1866299523, networkLocation: /default-rack, certSerialId: null} reports an CLOSED replica.
2019-10-16 07:00:24,743 [EventQueue-ContainerReportForContainerReportHandler] WARN  container.ContainerReportHandler (AbstractContainerReportHandler.java:updateContainerState(145)) - Container #1 is in OPEN state, but the datanode d2d597b7-f29c-4b6e-a1dc-31783afe2111{ip: 192.168.69.68, host: pr-hdds-2313-mzbf2-1866299523, networkLocation: /default-rack, certSerialId: null} reports an CLOSED replica.
2019-10-16 07:00:24,857 [EventQueue-ContainerReportForContainerReportHandler] WARN  container.ContainerReportHandler (AbstractContainerReportHandler.java:updateContainerState(145)) - Container #1 is in OPEN state, but the datanode 433771fa-af38-4628-a40e-96bcd22c3694{ip: 192.168.69.68, host: pr-hdds-2313-mzbf2-1866299523, networkLocation: /default-rack, certSerialId: null} reports an CLOSED replica.
2019-10-16 07:00:25,143 [EventQueue-ContainerReportForContainerReportHandler] WARN  container.ContainerReportHandler (AbstractContainerReportHandler.java:updateContainerState(145)) - Container #1 is in OPEN state, but the datanode d2d597b7-f29c-4b6e-a1dc-31783afe2111{ip: 192.168.69.68, host: pr-hdds-2313-mzbf2-1866299523, networkLocation: /default-rack, certSerialId: null} reports an CLOSED replica.
2019-10-16 07:00:25,157 [EventQueue-ContainerReportForContainerReportHandler] WARN  container.ContainerReportHandler (AbstractContainerReportHandler.java:updateContainerState(145)) - Container #1 is in OPEN state, but the datanode 433771fa-af38-4628-a40e-96bcd22c3694{ip: 192.168.69.68, host: pr-hdds-2313-mzbf2-1866299523, networkLocation: /default-rack, certSerialId: null} reports an CLOSED replica.
2019-10-16 07:00:25,177 [BlockDeletingService#2] WARN  background.BlockDeletingService (BlockDeletingService.java:isDeletionAllowed(187)) - Close Container log Index 6 is not replicated across allthe servers in the pipeline f466b838-ca87-44ef-9280-767f7a20abb4 as the min replicated index is 4. Deletion is not allowed in this container yet.
2019-10-16 07:00:25,177 [BlockDeletingService#0] WARN  background.BlockDeletingService (BlockDeletingService.java:isDeletionAllowed(187)) - Close Container log Index 6 is not replicated across allthe servers in the pipeline f466b838-ca87-44ef-9280-767f7a20abb4 as the min replicated index is 4. Deletion is not allowed in this container yet.
2019-10-16 07:00:25,343 [EventQueue-ContainerReportForContainerReportHandler] WARN  container.ContainerReportHandler (AbstractContainerReportHandler.java:updateContainerState(145)) - Container #1 is in OPEN state, but the datanode d2d597b7-f29c-4b6e-a1dc-31783afe2111{ip: 192.168.69.68, host: pr-hdds-2313-mzbf2-1866299523, networkLocation: /default-rack, certSerialId: null} reports an CLOSED replica.
2019-10-16 07:00:25,385 [java.util.concurrent.ThreadPoolExecutor$Worker@4e0b4352[State = -1, empty queue]] WARN  server.GrpcLogAppender (GrpcLogAppender.java:timeoutAppendRequest(209)) - d2d597b7-f29c-4b6e-a1dc-31783afe2111@group-767F7A20ABB4->4f0a8cce-cba4-44f5-8366-0fb5fb6bef9c-GrpcLogAppender: appendEntries Timeout, request=d2d597b7-f29c-4b6e-a1dc-31783afe2111->4f0a8cce-cba4-44f5-8366-0fb5fb6bef9c#46-t3, previous=(t:3, i:10), leaderCommit=10, initializing? false, entries: <empty>
2019-10-16 07:00:25,458 [EventQueue-ContainerReportForContainerReportHandler] WARN  container.ContainerReportHandler (AbstractContainerReportHandler.java:updateContainerState(145)) - Container #1 is in OPEN state, but the datanode 433771fa-af38-4628-a40e-96bcd22c3694{ip: 192.168.69.68, host: pr-hdds-2313-mzbf2-1866299523, networkLocation: /default-rack, certSerialId: null} reports an CLOSED replica.
2019-10-16 07:00:25,646 [EventQueue-ContainerReportForContainerReportHandler] WARN  container.ContainerReportHandler (AbstractContainerReportHandler.java:updateContainerState(145)) - Container #1 is in OPEN state, but the datanode d2d597b7-f29c-4b6e-a1dc-31783afe2111{ip: 192.168.69.68, host: pr-hdds-2313-mzbf2-1866299523, networkLocation: /default-rack, certSerialId: null} reports an CLOSED replica.
2019-10-16 07:00:25,658 [EventQueue-ContainerReportForContainerReportHandler] WARN  container.ContainerReportHandler (AbstractContainerReportHandler.java:updateContainerState(145)) - Container #1 is in OPEN state, but the datanode 433771fa-af38-4628-a40e-96bcd22c3694{ip: 192.168.69.68, host: pr-hdds-2313-mzbf2-1866299523, networkLocation: /default-rack, certSerialId: null} reports an CLOSED replica.
2019-10-16 07:00:25,858 [EventQueue-ContainerReportForContainerReportHandler] WARN  container.ContainerReportHandler (AbstractContainerReportHandler.java:updateContainerState(145)) - Container #1 is in OPEN state, but the datanode 433771fa-af38-4628-a40e-96bcd22c3694{ip: 192.168.69.68, host: pr-hdds-2313-mzbf2-1866299523, networkLocation: /default-rack, certSerialId: null} reports an CLOSED replica.
2019-10-16 07:00:25,945 [EventQueue-ContainerReportForContainerReportHandler] WARN  container.ContainerReportHandler (AbstractContainerReportHandler.java:updateContainerState(145)) - Container #1 is in OPEN state, but the datanode d2d597b7-f29c-4b6e-a1dc-31783afe2111{ip: 192.168.69.68, host: pr-hdds-2313-mzbf2-1866299523, networkLocation: /default-rack, certSerialId: null} reports an CLOSED replica.
2019-10-16 07:00:26,145 [EventQueue-ContainerReportForContainerReportHandler] WARN  container.ContainerReportHandler (AbstractContainerReportHandler.java:updateContainerState(145)) - Container #1 is in OPEN state, but the datanode d2d597b7-f29c-4b6e-a1dc-31783afe2111{ip: 192.168.69.68, host: pr-hdds-2313-mzbf2-1866299523, networkLocation: /default-rack, certSerialId: null} reports an CLOSED replica.
2019-10-16 07:00:26,179 [BlockDeletingService#2] WARN  background.BlockDeletingService (BlockDeletingService.java:isDeletionAllowed(187)) - Close Container log Index 6 is not replicated across allthe servers in the pipeline f466b838-ca87-44ef-9280-767f7a20abb4 as the min replicated index is 4. Deletion is not allowed in this container yet.
2019-10-16 07:00:26,179 [BlockDeletingService#0] WARN  background.BlockDeletingService (BlockDeletingService.java:isDeletionAllowed(187)) - Close Container log Index 6 is not replicated across allthe servers in the pipeline f466b838-ca87-44ef-9280-767f7a20abb4 as the min replicated index is 4. Deletion is not allowed in this container yet.
2019-10-16 07:00:26,258 [EventQueue-ContainerReportForContainerReportHandler] WARN  container.ContainerReportHandler (AbstractContainerReportHandler.java:updateContainerState(145)) - Container #1 is in OPEN state, but the datanode 433771fa-af38-4628-a40e-96bcd22c3694{ip: 192.168.69.68, host: pr-hdds-2313-mzbf2-1866299523, networkLocation: /default-rack, certSerialId: null} reports an CLOSED replica.
2019-10-16 07:00:26,345 [EventQueue-ContainerReportForContainerReportHandler] WARN  container.ContainerReportHandler (AbstractContainerReportHandler.java:updateContainerState(145)) - Container #1 is in OPEN state, but the datanode d2d597b7-f29c-4b6e-a1dc-31783afe2111{ip: 192.168.69.68, host: pr-hdds-2313-mzbf2-1866299523, networkLocation: /default-rack, certSerialId: null} reports an CLOSED replica.
2019-10-16 07:00:26,559 [EventQueue-ContainerReportForContainerReportHandler] WARN  container.ContainerReportHandler (AbstractContainerReportHandler.java:updateContainerState(145)) - Container #1 is in OPEN state, but the datanode 433771fa-af38-4628-a40e-96bcd22c3694{ip: 192.168.69.68, host: pr-hdds-2313-mzbf2-1866299523, networkLocation: /default-rack, certSerialId: null} reports an CLOSED replica.
2019-10-16 07:00:26,647 [EventQueue-ContainerReportForContainerReportHandler] WARN  container.ContainerReportHandler (AbstractContainerReportHandler.java:updateContainerState(145)) - Container #1 is in OPEN state, but the datanode d2d597b7-f29c-4b6e-a1dc-31783afe2111{ip: 192.168.69.68, host: pr-hdds-2313-mzbf2-1866299523, networkLocation: /default-rack, certSerialId: null} reports an CLOSED replica.
2019-10-16 07:00:26,946 [EventQueue-ContainerReportForContainerReportHandler] WARN  container.ContainerReportHandler (AbstractContainerReportHandler.java:updateContainerState(145)) - Container #1 is in OPEN state, but the datanode d2d597b7-f29c-4b6e-a1dc-31783afe2111{ip: 192.168.69.68, host: pr-hdds-2313-mzbf2-1866299523, networkLocation: /default-rack, certSerialId: null} reports an CLOSED replica.
2019-10-16 07:00:26,959 [EventQueue-ContainerReportForContainerReportHandler] WARN  container.ContainerReportHandler (AbstractContainerReportHandler.java:updateContainerState(145)) - Container #1 is in OPEN state, but the datanode 433771fa-af38-4628-a40e-96bcd22c3694{ip: 192.168.69.68, host: pr-hdds-2313-mzbf2-1866299523, networkLocation: /default-rack, certSerialId: null} reports an CLOSED replica.
2019-10-16 07:00:27,146 [EventQueue-ContainerReportForContainerReportHandler] WARN  container.ContainerReportHandler (AbstractContainerReportHandler.java:updateContainerState(145)) - Container #1 is in OPEN state, but the datanode d2d597b7-f29c-4b6e-a1dc-31783afe2111{ip: 192.168.69.68, host: pr-hdds-2313-mzbf2-1866299523, networkLocation: /default-rack, certSerialId: null} reports an CLOSED replica.
2019-10-16 07:00:27,159 [EventQueue-ContainerReportForContainerReportHandler] WARN  container.ContainerReportHandler (AbstractContainerReportHandler.java:updateContainerState(145)) - Container #1 is in OPEN state, but the datanode 433771fa-af38-4628-a40e-96bcd22c3694{ip: 192.168.69.68, host: pr-hdds-2313-mzbf2-1866299523, networkLocation: /default-rack, certSerialId: null} reports an CLOSED replica.
2019-10-16 07:00:27,181 [BlockDeletingService#0] WARN  background.BlockDeletingService (BlockDeletingService.java:isDeletionAllowed(187)) - Close Container log Index 6 is not replicated across allthe servers in the pipeline f466b838-ca87-44ef-9280-767f7a20abb4 as the min replicated index is 4. Deletion is not allowed in this container yet.
2019-10-16 07:00:27,181 [BlockDeletingService#2] WARN  background.BlockDeletingService (BlockDeletingService.java:isDeletionAllowed(187)) - Close Container log Index 6 is not replicated across allthe servers in the pipeline f466b838-ca87-44ef-9280-767f7a20abb4 as the min replicated index is 4. Deletion is not allowed in this container yet.
2019-10-16 07:00:27,459 [EventQueue-ContainerReportForContainerReportHandler] WARN  container.ContainerReportHandler (AbstractContainerReportHandler.java:updateContainerState(145)) - Container #1 is in OPEN state, but the datanode 433771fa-af38-4628-a40e-96bcd22c3694{ip: 192.168.69.68, host: pr-hdds-2313-mzbf2-1866299523, networkLocation: /default-rack, certSerialId: null} reports an CLOSED replica.
2019-10-16 07:00:27,546 [EventQueue-ContainerReportForContainerReportHandler] WARN  container.ContainerReportHandler (AbstractContainerReportHandler.java:updateContainerState(145)) - Container #1 is in OPEN state, but the datanode d2d597b7-f29c-4b6e-a1dc-31783afe2111{ip: 192.168.69.68, host: pr-hdds-2313-mzbf2-1866299523, networkLocation: /default-rack, certSerialId: null} reports an CLOSED replica.
2019-10-16 07:00:27,746 [EventQueue-ContainerReportForContainerReportHandler] WARN  container.ContainerReportHandler (AbstractContainerReportHandler.java:updateContainerState(145)) - Container #1 is in OPEN state, but the datanode d2d597b7-f29c-4b6e-a1dc-31783afe2111{ip: 192.168.69.68, host: pr-hdds-2313-mzbf2-1866299523, networkLocation: /default-rack, certSerialId: null} reports an CLOSED replica.
2019-10-16 07:00:27,859 [EventQueue-ContainerReportForContainerReportHandler] WARN  container.ContainerReportHandler (AbstractContainerReportHandler.java:updateContainerState(145)) - Container #1 is in OPEN state, but the datanode 433771fa-af38-4628-a40e-96bcd22c3694{ip: 192.168.69.68, host: pr-hdds-2313-mzbf2-1866299523, networkLocation: /default-rack, certSerialId: null} reports an CLOSED replica.
2019-10-16 07:00:27,887 [java.util.concurrent.ThreadPoolExecutor$Worker@4e0b4352[State = -1, empty queue]] WARN  server.GrpcLogAppender (GrpcLogAppender.java:timeoutAppendRequest(209)) - d2d597b7-f29c-4b6e-a1dc-31783afe2111@group-767F7A20ABB4->4f0a8cce-cba4-44f5-8366-0fb5fb6bef9c-GrpcLogAppender: appendEntries Timeout, request=d2d597b7-f29c-4b6e-a1dc-31783afe2111->4f0a8cce-cba4-44f5-8366-0fb5fb6bef9c#47-t3, previous=(t:3, i:10), leaderCommit=10, initializing? false, entries: <empty>
2019-10-16 07:00:28,059 [EventQueue-ContainerReportForContainerReportHandler] WARN  container.ContainerReportHandler (AbstractContainerReportHandler.java:updateContainerState(145)) - Container #1 is in OPEN state, but the datanode 433771fa-af38-4628-a40e-96bcd22c3694{ip: 192.168.69.68, host: pr-hdds-2313-mzbf2-1866299523, networkLocation: /default-rack, certSerialId: null} reports an CLOSED replica.
2019-10-16 07:00:28,146 [EventQueue-ContainerReportForContainerReportHandler] WARN  container.ContainerReportHandler (AbstractContainerReportHandler.java:updateContainerState(145)) - Container #1 is in OPEN state, but the datanode d2d597b7-f29c-4b6e-a1dc-31783afe2111{ip: 192.168.69.68, host: pr-hdds-2313-mzbf2-1866299523, networkLocation: /default-rack, certSerialId: null} reports an CLOSED replica.
2019-10-16 07:00:28,183 [BlockDeletingService#2] WARN  background.BlockDeletingService (BlockDeletingService.java:isDeletionAllowed(187)) - Close Container log Index 6 is not replicated across allthe servers in the pipeline f466b838-ca87-44ef-9280-767f7a20abb4 as the min replicated index is 4. Deletion is not allowed in this container yet.
2019-10-16 07:00:28,183 [BlockDeletingService#0] WARN  background.BlockDeletingService (BlockDeletingService.java:isDeletionAllowed(187)) - Close Container log Index 6 is not replicated across allthe servers in the pipeline f466b838-ca87-44ef-9280-767f7a20abb4 as the min replicated index is 4. Deletion is not allowed in this container yet.
2019-10-16 07:00:28,358 [EventQueue-ContainerReportForContainerReportHandler] WARN  container.ContainerReportHandler (AbstractContainerReportHandler.java:updateContainerState(145)) - Container #1 is in OPEN state, but the datanode 433771fa-af38-4628-a40e-96bcd22c3694{ip: 192.168.69.68, host: pr-hdds-2313-mzbf2-1866299523, networkLocation: /default-rack, certSerialId: null} reports an CLOSED replica.
2019-10-16 07:00:28,446 [EventQueue-ContainerReportForContainerReportHandler] WARN  container.ContainerReportHandler (AbstractContainerReportHandler.java:updateContainerState(145)) - Container #1 is in OPEN state, but the datanode d2d597b7-f29c-4b6e-a1dc-31783afe2111{ip: 192.168.69.68, host: pr-hdds-2313-mzbf2-1866299523, networkLocation: /default-rack, certSerialId: null} reports an CLOSED replica.
2019-10-16 07:00:28,746 [EventQueue-ContainerReportForContainerReportHandler] WARN  container.ContainerReportHandler (AbstractContainerReportHandler.java:updateContainerState(145)) - Container #1 is in OPEN state, but the datanode d2d597b7-f29c-4b6e-a1dc-31783afe2111{ip: 192.168.69.68, host: pr-hdds-2313-mzbf2-1866299523, networkLocation: /default-rack, certSerialId: null} reports an CLOSED replica.
2019-10-16 07:00:28,759 [EventQueue-ContainerReportForContainerReportHandler] WARN  container.ContainerReportHandler (AbstractContainerReportHandler.java:updateContainerState(145)) - Container #1 is in OPEN state, but the datanode 433771fa-af38-4628-a40e-96bcd22c3694{ip: 192.168.69.68, host: pr-hdds-2313-mzbf2-1866299523, networkLocation: /default-rack, certSerialId: null} reports an CLOSED replica.
2019-10-16 07:00:28,946 [EventQueue-ContainerReportForContainerReportHandler] WARN  container.ContainerReportHandler (AbstractContainerReportHandler.java:updateContainerState(145)) - Container #1 is in OPEN state, but the datanode d2d597b7-f29c-4b6e-a1dc-31783afe2111{ip: 192.168.69.68, host: pr-hdds-2313-mzbf2-1866299523, networkLocation: /default-rack, certSerialId: null} reports an CLOSED replica.
2019-10-16 07:00:29,159 [EventQueue-ContainerReportForContainerReportHandler] WARN  container.ContainerReportHandler (AbstractContainerReportHandler.java:updateContainerState(145)) - Container #1 is in OPEN state, but the datanode 433771fa-af38-4628-a40e-96bcd22c3694{ip: 192.168.69.68, host: pr-hdds-2313-mzbf2-1866299523, networkLocation: /default-rack, certSerialId: null} reports an CLOSED replica.
2019-10-16 07:00:29,185 [BlockDeletingService#2] WARN  background.BlockDeletingService (BlockDeletingService.java:isDeletionAllowed(187)) - Close Container log Index 6 is not replicated across allthe servers in the pipeline f466b838-ca87-44ef-9280-767f7a20abb4 as the min replicated index is 4. Deletion is not allowed in this container yet.
2019-10-16 07:00:29,185 [BlockDeletingService#0] WARN  background.BlockDeletingService (BlockDeletingService.java:isDeletionAllowed(187)) - Close Container log Index 6 is not replicated across allthe servers in the pipeline f466b838-ca87-44ef-9280-767f7a20abb4 as the min replicated index is 4. Deletion is not allowed in this container yet.
2019-10-16 07:00:29,246 [EventQueue-ContainerReportForContainerReportHandler] WARN  container.ContainerReportHandler (AbstractContainerReportHandler.java:updateContainerState(145)) - Container #1 is in OPEN state, but the datanode d2d597b7-f29c-4b6e-a1dc-31783afe2111{ip: 192.168.69.68, host: pr-hdds-2313-mzbf2-1866299523, networkLocation: /default-rack, certSerialId: null} reports an CLOSED replica.
2019-10-16 07:00:29,459 [EventQueue-ContainerReportForContainerReportHandler] WARN  container.ContainerReportHandler (AbstractContainerReportHandler.java:updateContainerState(145)) - Container #1 is in OPEN state, but the datanode 433771fa-af38-4628-a40e-96bcd22c3694{ip: 192.168.69.68, host: pr-hdds-2313-mzbf2-1866299523, networkLocation: /default-rack, certSerialId: null} reports an CLOSED replica.
2019-10-16 07:00:29,547 [EventQueue-ContainerReportForContainerReportHandler] WARN  container.ContainerReportHandler (AbstractContainerReportHandler.java:updateContainerState(145)) - Container #1 is in OPEN state, but the datanode d2d597b7-f29c-4b6e-a1dc-31783afe2111{ip: 192.168.69.68, host: pr-hdds-2313-mzbf2-1866299523, networkLocation: /default-rack, certSerialId: null} reports an CLOSED replica.
2019-10-16 07:00:29,846 [EventQueue-ContainerReportForContainerReportHandler] WARN  container.ContainerReportHandler (AbstractContainerReportHandler.java:updateContainerState(145)) - Container #1 is in OPEN state, but the datanode d2d597b7-f29c-4b6e-a1dc-31783afe2111{ip: 192.168.69.68, host: pr-hdds-2313-mzbf2-1866299523, networkLocation: /default-rack, certSerialId: null} reports an CLOSED replica.
2019-10-16 07:00:29,859 [EventQueue-ContainerReportForContainerReportHandler] WARN  container.ContainerReportHandler (AbstractContainerReportHandler.java:updateContainerState(145)) - Container #1 is in OPEN state, but the datanode 433771fa-af38-4628-a40e-96bcd22c3694{ip: 192.168.69.68, host: pr-hdds-2313-mzbf2-1866299523, networkLocation: /default-rack, certSerialId: null} reports an CLOSED replica.
2019-10-16 07:00:30,146 [EventQueue-ContainerReportForContainerReportHandler] WARN  container.ContainerReportHandler (AbstractContainerReportHandler.java:updateContainerState(145)) - Container #1 is in OPEN state, but the datanode d2d597b7-f29c-4b6e-a1dc-31783afe2111{ip: 192.168.69.68, host: pr-hdds-2313-mzbf2-1866299523, networkLocation: /default-rack, certSerialId: null} reports an CLOSED replica.
2019-10-16 07:00:30,160 [EventQueue-ContainerReportForContainerReportHandler] WARN  container.ContainerReportHandler (AbstractContainerReportHandler.java:updateContainerState(145)) - Container #1 is in OPEN state, but the datanode 433771fa-af38-4628-a40e-96bcd22c3694{ip: 192.168.69.68, host: pr-hdds-2313-mzbf2-1866299523, networkLocation: /default-rack, certSerialId: null} reports an CLOSED replica.
2019-10-16 07:00:30,186 [BlockDeletingService#2] WARN  background.BlockDeletingService (BlockDeletingService.java:isDeletionAllowed(187)) - Close Container log Index 6 is not replicated across allthe servers in the pipeline f466b838-ca87-44ef-9280-767f7a20abb4 as the min replicated index is 4. Deletion is not allowed in this container yet.
2019-10-16 07:00:30,186 [BlockDeletingService#0] WARN  background.BlockDeletingService (BlockDeletingService.java:isDeletionAllowed(187)) - Close Container log Index 6 is not replicated across allthe servers in the pipeline f466b838-ca87-44ef-9280-767f7a20abb4 as the min replicated index is 4. Deletion is not allowed in this container yet.
2019-10-16 07:00:30,388 [java.util.concurrent.ThreadPoolExecutor$Worker@4e0b4352[State = -1, empty queue]] WARN  server.GrpcLogAppender (GrpcLogAppender.java:timeoutAppendRequest(209)) - d2d597b7-f29c-4b6e-a1dc-31783afe2111@group-767F7A20ABB4->4f0a8cce-cba4-44f5-8366-0fb5fb6bef9c-GrpcLogAppender: appendEntries Timeout, request=d2d597b7-f29c-4b6e-a1dc-31783afe2111->4f0a8cce-cba4-44f5-8366-0fb5fb6bef9c#48-t3, previous=(t:3, i:10), leaderCommit=10, initializing? false, entries: <empty>
2019-10-16 07:00:30,460 [EventQueue-ContainerReportForContainerReportHandler] WARN  container.ContainerReportHandler (AbstractContainerReportHandler.java:updateContainerState(145)) - Container #1 is in OPEN state, but the datanode 433771fa-af38-4628-a40e-96bcd22c3694{ip: 192.168.69.68, host: pr-hdds-2313-mzbf2-1866299523, networkLocation: /default-rack, certSerialId: null} reports an CLOSED replica.
2019-10-16 07:00:30,546 [EventQueue-ContainerReportForContainerReportHandler] WARN  container.ContainerReportHandler (AbstractContainerReportHandler.java:updateContainerState(145)) - Container #1 is in OPEN state, but the datanode d2d597b7-f29c-4b6e-a1dc-31783afe2111{ip: 192.168.69.68, host: pr-hdds-2313-mzbf2-1866299523, networkLocation: /default-rack, certSerialId: null} reports an CLOSED replica.
2019-10-16 07:00:30,746 [EventQueue-ContainerReportForContainerReportHandler] WARN  container.ContainerReportHandler (AbstractContainerReportHandler.java:updateContainerState(145)) - Container #1 is in OPEN state, but the datanode d2d597b7-f29c-4b6e-a1dc-31783afe2111{ip: 192.168.69.68, host: pr-hdds-2313-mzbf2-1866299523, networkLocation: /default-rack, certSerialId: null} reports an CLOSED replica.
2019-10-16 07:00:30,861 [EventQueue-ContainerReportForContainerReportHandler] WARN  container.ContainerReportHandler (AbstractContainerReportHandler.java:updateContainerState(145)) - Container #1 is in OPEN state, but the datanode 433771fa-af38-4628-a40e-96bcd22c3694{ip: 192.168.69.68, host: pr-hdds-2313-mzbf2-1866299523, networkLocation: /default-rack, certSerialId: null} reports an CLOSED replica.
2019-10-16 07:00:31,147 [EventQueue-ContainerReportForContainerReportHandler] WARN  container.ContainerReportHandler (AbstractContainerReportHandler.java:updateContainerState(145)) - Container #1 is in OPEN state, but the datanode d2d597b7-f29c-4b6e-a1dc-31783afe2111{ip: 192.168.69.68, host: pr-hdds-2313-mzbf2-1866299523, networkLocation: /default-rack, certSerialId: null} reports an CLOSED replica.
2019-10-16 07:00:31,161 [EventQueue-ContainerReportForContainerReportHandler] WARN  container.ContainerReportHandler (AbstractContainerReportHandler.java:updateContainerState(145)) - Container #1 is in OPEN state, but the datanode 433771fa-af38-4628-a40e-96bcd22c3694{ip: 192.168.69.68, host: pr-hdds-2313-mzbf2-1866299523, networkLocation: /default-rack, certSerialId: null} reports an CLOSED replica.
2019-10-16 07:00:31,188 [BlockDeletingService#2] WARN  background.BlockDeletingService (BlockDeletingService.java:isDeletionAllowed(187)) - Close Container log Index 6 is not replicated across allthe servers in the pipeline f466b838-ca87-44ef-9280-767f7a20abb4 as the min replicated index is 4. Deletion is not allowed in this container yet.
2019-10-16 07:00:31,188 [BlockDeletingService#0] WARN  background.BlockDeletingService (BlockDeletingService.java:isDeletionAllowed(187)) - Close Container log Index 6 is not replicated across allthe servers in the pipeline f466b838-ca87-44ef-9280-767f7a20abb4 as the min replicated index is 4. Deletion is not allowed in this container yet.
2019-10-16 07:00:31,447 [EventQueue-ContainerReportForContainerReportHandler] WARN  container.ContainerReportHandler (AbstractContainerReportHandler.java:updateContainerState(145)) - Container #1 is in OPEN state, but the datanode d2d597b7-f29c-4b6e-a1dc-31783afe2111{ip: 192.168.69.68, host: pr-hdds-2313-mzbf2-1866299523, networkLocation: /default-rack, certSerialId: null} reports an CLOSED replica.
2019-10-16 07:00:31,562 [EventQueue-ContainerReportForContainerReportHandler] WARN  container.ContainerReportHandler (AbstractContainerReportHandler.java:updateContainerState(145)) - Container #1 is in OPEN state, but the datanode 433771fa-af38-4628-a40e-96bcd22c3694{ip: 192.168.69.68, host: pr-hdds-2313-mzbf2-1866299523, networkLocation: /default-rack, certSerialId: null} reports an CLOSED replica.
2019-10-16 07:00:31,847 [EventQueue-ContainerReportForContainerReportHandler] WARN  container.ContainerReportHandler (AbstractContainerReportHandler.java:updateContainerState(145)) - Container #1 is in OPEN state, but the datanode d2d597b7-f29c-4b6e-a1dc-31783afe2111{ip: 192.168.69.68, host: pr-hdds-2313-mzbf2-1866299523, networkLocation: /default-rack, certSerialId: null} reports an CLOSED replica.
2019-10-16 07:00:31,862 [EventQueue-ContainerReportForContainerReportHandler] WARN  container.ContainerReportHandler (AbstractContainerReportHandler.java:updateContainerState(145)) - Container #1 is in OPEN state, but the datanode 433771fa-af38-4628-a40e-96bcd22c3694{ip: 192.168.69.68, host: pr-hdds-2313-mzbf2-1866299523, networkLocation: /default-rack, certSerialId: null} reports an CLOSED replica.
2019-10-16 07:00:32,048 [EventQueue-ContainerReportForContainerReportHandler] WARN  container.ContainerReportHandler (AbstractContainerReportHandler.java:updateContainerState(145)) - Container #1 is in OPEN state, but the datanode d2d597b7-f29c-4b6e-a1dc-31783afe2111{ip: 192.168.69.68, host: pr-hdds-2313-mzbf2-1866299523, networkLocation: /default-rack, certSerialId: null} reports an CLOSED replica.
2019-10-16 07:00:32,062 [EventQueue-ContainerReportForContainerReportHandler] WARN  container.ContainerReportHandler (AbstractContainerReportHandler.java:updateContainerState(145)) - Container #1 is in OPEN state, but the datanode 433771fa-af38-4628-a40e-96bcd22c3694{ip: 192.168.69.68, host: pr-hdds-2313-mzbf2-1866299523, networkLocation: /default-rack, certSerialId: null} reports an CLOSED replica.
2019-10-16 07:00:32,107 [Thread-527] INFO  client.GrpcClientProtocolService (GrpcClientProtocolService.java:lambda$processClientRequest$0(278)) - Failed RaftClientRequest:client-C8ADB546B70F->433771fa-af38-4628-a40e-96bcd22c3694@group-767F7A20ABB4, cid=10, seq=0, Watch-ALL_COMMITTED(6), Message:<EMPTY>, reply=RaftClientReply:client-C8ADB546B70F->433771fa-af38-4628-a40e-96bcd22c3694@group-767F7A20ABB4, cid=10, FAILED org.apache.ratis.protocol.NotLeaderException: Server 433771fa-af38-4628-a40e-96bcd22c3694@group-767F7A20ABB4 is not the leader d2d597b7-f29c-4b6e-a1dc-31783afe2111:192.168.69.68:40938, logIndex=0, commits[433771fa-af38-4628-a40e-96bcd22c3694:c10, 4f0a8cce-cba4-44f5-8366-0fb5fb6bef9c:c4, d2d597b7-f29c-4b6e-a1dc-31783afe2111:c10]
2019-10-16 07:00:32,189 [BlockDeletingService#2] WARN  background.BlockDeletingService (BlockDeletingService.java:isDeletionAllowed(187)) - Close Container log Index 6 is not replicated across allthe servers in the pipeline f466b838-ca87-44ef-9280-767f7a20abb4 as the min replicated index is 4. Deletion is not allowed in this container yet.
2019-10-16 07:00:32,189 [BlockDeletingService#0] WARN  background.BlockDeletingService (BlockDeletingService.java:isDeletionAllowed(187)) - Close Container log Index 6 is not replicated across allthe servers in the pipeline f466b838-ca87-44ef-9280-767f7a20abb4 as the min replicated index is 4. Deletion is not allowed in this container yet.
2019-10-16 07:00:32,448 [EventQueue-ContainerReportForContainerReportHandler] WARN  container.ContainerReportHandler (AbstractContainerReportHandler.java:updateContainerState(145)) - Container #1 is in OPEN state, but the datanode d2d597b7-f29c-4b6e-a1dc-31783afe2111{ip: 192.168.69.68, host: pr-hdds-2313-mzbf2-1866299523, networkLocation: /default-rack, certSerialId: null} reports an CLOSED replica.
2019-10-16 07:00:32,463 [EventQueue-ContainerReportForContainerReportHandler] WARN  container.ContainerReportHandler (AbstractContainerReportHandler.java:updateContainerState(145)) - Container #1 is in OPEN state, but the datanode 433771fa-af38-4628-a40e-96bcd22c3694{ip: 192.168.69.68, host: pr-hdds-2313-mzbf2-1866299523, networkLocation: /default-rack, certSerialId: null} reports an CLOSED replica.
2019-10-16 07:00:32,649 [EventQueue-ContainerReportForContainerReportHandler] WARN  container.ContainerReportHandler (AbstractContainerReportHandler.java:updateContainerState(145)) - Container #1 is in OPEN state, but the datanode d2d597b7-f29c-4b6e-a1dc-31783afe2111{ip: 192.168.69.68, host: pr-hdds-2313-mzbf2-1866299523, networkLocation: /default-rack, certSerialId: null} reports an CLOSED replica.
2019-10-16 07:00:32,762 [EventQueue-ContainerReportForContainerReportHandler] WARN  container.ContainerReportHandler (AbstractContainerReportHandler.java:updateContainerState(145)) - Container #1 is in OPEN state, but the datanode 433771fa-af38-4628-a40e-96bcd22c3694{ip: 192.168.69.68, host: pr-hdds-2313-mzbf2-1866299523, networkLocation: /default-rack, certSerialId: null} reports an CLOSED replica.
2019-10-16 07:00:32,849 [EventQueue-ContainerReportForContainerReportHandler] WARN  container.ContainerReportHandler (AbstractContainerReportHandler.java:updateContainerState(145)) - Container #1 is in OPEN state, but the datanode d2d597b7-f29c-4b6e-a1dc-31783afe2111{ip: 192.168.69.68, host: pr-hdds-2313-mzbf2-1866299523, networkLocation: /default-rack, certSerialId: null} reports an CLOSED replica.
2019-10-16 07:00:32,884 [Thread-533] INFO  client.GrpcClientProtocolService (GrpcClientProtocolService.java:lambda$processClientRequest$0(278)) - Failed RaftClientRequest:client-C8ADB546B70F->d2d597b7-f29c-4b6e-a1dc-31783afe2111@group-767F7A20ABB4, cid=10, seq=0, Watch-ALL_COMMITTED(6), Message:<EMPTY>, reply=RaftClientReply:client-C8ADB546B70F->d2d597b7-f29c-4b6e-a1dc-31783afe2111@group-767F7A20ABB4, cid=10, FAILED org.apache.ratis.protocol.NotReplicatedException: Request with call Id 10 and log index 6 is not yet replicated to ALL_COMMITTED, logIndex=6, commits[d2d597b7-f29c-4b6e-a1dc-31783afe2111:c10, 433771fa-af38-4628-a40e-96bcd22c3694:c10, 4f0a8cce-cba4-44f5-8366-0fb5fb6bef9c:c4]
2019-10-16 07:00:32,889 [java.util.concurrent.ThreadPoolExecutor$Worker@4e0b4352[State = -1, empty queue]] WARN  server.GrpcLogAppender (GrpcLogAppender.java:timeoutAppendRequest(209)) - d2d597b7-f29c-4b6e-a1dc-31783afe2111@group-767F7A20ABB4->4f0a8cce-cba4-44f5-8366-0fb5fb6bef9c-GrpcLogAppender: appendEntries Timeout, request=d2d597b7-f29c-4b6e-a1dc-31783afe2111->4f0a8cce-cba4-44f5-8366-0fb5fb6bef9c#49-t3, previous=(t:3, i:10), leaderCommit=10, initializing? false, entries: <empty>
2019-10-16 07:00:33,049 [EventQueue-ContainerReportForContainerReportHandler] WARN  container.ContainerReportHandler (AbstractContainerReportHandler.java:updateContainerState(145)) - Container #1 is in OPEN state, but the datanode d2d597b7-f29c-4b6e-a1dc-31783afe2111{ip: 192.168.69.68, host: pr-hdds-2313-mzbf2-1866299523, networkLocation: /default-rack, certSerialId: null} reports an CLOSED replica.
2019-10-16 07:00:33,163 [EventQueue-ContainerReportForContainerReportHandler] WARN  container.ContainerReportHandler (AbstractContainerReportHandler.java:updateContainerState(145)) - Container #1 is in OPEN state, but the datanode 433771fa-af38-4628-a40e-96bcd22c3694{ip: 192.168.69.68, host: pr-hdds-2313-mzbf2-1866299523, networkLocation: /default-rack, certSerialId: null} reports an CLOSED replica.
2019-10-16 07:00:33,191 [BlockDeletingService#2] WARN  background.BlockDeletingService (BlockDeletingService.java:isDeletionAllowed(187)) - Close Container log Index 6 is not replicated across allthe servers in the pipeline f466b838-ca87-44ef-9280-767f7a20abb4 as the min replicated index is 4. Deletion is not allowed in this container yet.
2019-10-16 07:00:33,192 [BlockDeletingService#0] WARN  background.BlockDeletingService (BlockDeletingService.java:isDeletionAllowed(187)) - Close Container log Index 6 is not replicated across allthe servers in the pipeline f466b838-ca87-44ef-9280-767f7a20abb4 as the min replicated index is 4. Deletion is not allowed in this container yet.
2019-10-16 07:00:33,349 [EventQueue-ContainerReportForContainerReportHandler] WARN  container.ContainerReportHandler (AbstractContainerReportHandler.java:updateContainerState(145)) - Container #1 is in OPEN state, but the datanode d2d597b7-f29c-4b6e-a1dc-31783afe2111{ip: 192.168.69.68, host: pr-hdds-2313-mzbf2-1866299523, networkLocation: /default-rack, certSerialId: null} reports an CLOSED replica.
2019-10-16 07:00:33,566 [EventQueue-ContainerReportForContainerReportHandler] WARN  container.ContainerReportHandler (AbstractContainerReportHandler.java:updateContainerState(145)) - Container #1 is in OPEN state, but the datanode 433771fa-af38-4628-a40e-96bcd22c3694{ip: 192.168.69.68, host: pr-hdds-2313-mzbf2-1866299523, networkLocation: /default-rack, certSerialId: null} reports an CLOSED replica.
2019-10-16 07:00:33,616 [EventQueue-StaleNodeForStaleNodeHandler] INFO  node.StaleNodeHandler (StaleNodeHandler.java:onMessage(58)) - Datanode 4f0a8cce-cba4-44f5-8366-0fb5fb6bef9c{ip: 192.168.69.68, host: pr-hdds-2313-mzbf2-1866299523, networkLocation: /default-rack, certSerialId: null} moved to stale state. Finalizing its pipelines [PipelineID=f6b9c1f1-d029-40c7-8c5e-8191f0fe2924, PipelineID=f466b838-ca87-44ef-9280-767f7a20abb4]
2019-10-16 07:00:33,617 [EventQueue-StaleNodeForStaleNodeHandler] INFO  pipeline.SCMPipelineManager (SCMPipelineManager.java:finalizeAndDestroyPipeline(315)) - destroying pipeline:Pipeline[ Id: f6b9c1f1-d029-40c7-8c5e-8191f0fe2924, Nodes: 4f0a8cce-cba4-44f5-8366-0fb5fb6bef9c{ip: 192.168.69.68, host: pr-hdds-2313-mzbf2-1866299523, networkLocation: /default-rack, certSerialId: null}, Type:RATIS, Factor:ONE, State:OPEN]
2019-10-16 07:00:33,618 [EventQueue-StaleNodeForStaleNodeHandler] INFO  pipeline.PipelineStateManager (PipelineStateManager.java:finalizePipeline(123)) - Pipeline Pipeline[ Id: f6b9c1f1-d029-40c7-8c5e-8191f0fe2924, Nodes: 4f0a8cce-cba4-44f5-8366-0fb5fb6bef9c{ip: 192.168.69.68, host: pr-hdds-2313-mzbf2-1866299523, networkLocation: /default-rack, certSerialId: null}, Type:RATIS, Factor:ONE, State:CLOSED] moved to CLOSED state
2019-10-16 07:00:33,620 [EventQueue-StaleNodeForStaleNodeHandler] INFO  pipeline.SCMPipelineManager (SCMPipelineManager.java:finalizeAndDestroyPipeline(315)) - destroying pipeline:Pipeline[ Id: f466b838-ca87-44ef-9280-767f7a20abb4, Nodes: 4f0a8cce-cba4-44f5-8366-0fb5fb6bef9c{ip: 192.168.69.68, host: pr-hdds-2313-mzbf2-1866299523, networkLocation: /default-rack, certSerialId: null}433771fa-af38-4628-a40e-96bcd22c3694{ip: 192.168.69.68, host: pr-hdds-2313-mzbf2-1866299523, networkLocation: /default-rack, certSerialId: null}d2d597b7-f29c-4b6e-a1dc-31783afe2111{ip: 192.168.69.68, host: pr-hdds-2313-mzbf2-1866299523, networkLocation: /default-rack, certSerialId: null}, Type:RATIS, Factor:THREE, State:OPEN]
2019-10-16 07:00:33,620 [EventQueue-StaleNodeForStaleNodeHandler] INFO  pipeline.PipelineStateManager (PipelineStateManager.java:finalizePipeline(123)) - Pipeline Pipeline[ Id: f466b838-ca87-44ef-9280-767f7a20abb4, Nodes: 4f0a8cce-cba4-44f5-8366-0fb5fb6bef9c{ip: 192.168.69.68, host: pr-hdds-2313-mzbf2-1866299523, networkLocation: /default-rack, certSerialId: null}433771fa-af38-4628-a40e-96bcd22c3694{ip: 192.168.69.68, host: pr-hdds-2313-mzbf2-1866299523, networkLocation: /default-rack, certSerialId: null}d2d597b7-f29c-4b6e-a1dc-31783afe2111{ip: 192.168.69.68, host: pr-hdds-2313-mzbf2-1866299523, networkLocation: /default-rack, certSerialId: null}, Type:RATIS, Factor:THREE, State:CLOSED] moved to CLOSED state
2019-10-16 07:00:33,621 [EventQueue-CloseContainerForCloseContainerEventHandler] INFO  container.CloseContainerEventHandler (CloseContainerEventHandler.java:onMessage(61)) - Close container Event triggered for container : #1
2019-10-16 07:00:33,649 [EventQueue-ContainerReportForContainerReportHandler] INFO  container.ContainerReportHandler (AbstractContainerReportHandler.java:updateContainerState(178)) - Moving container #1 to CLOSED state, datanode d2d597b7-f29c-4b6e-a1dc-31783afe2111{ip: 192.168.69.68, host: pr-hdds-2313-mzbf2-1866299523, networkLocation: /default-rack, certSerialId: null} reported CLOSED replica.
2019-10-16 07:00:34,026 [SCMBlockDeletingService#0] INFO  block.SCMBlockDeletingService (SCMBlockDeletingService.java:call(184)) - Totally added 3 delete blocks command for 3 datanodes, task elapsed time: 7ms
2019-10-16 07:00:34,051 [EventQueue-PendingDeleteStatusForPendingDeleteHandler] INFO  block.SCMBlockDeletingService (SCMBlockDeletingService.java:handlePendingDeletes(115)) - Block deletion txnID mismatch in datanode d2d597b7-f29c-4b6e-a1dc-31783afe2111 for containerID 1. Datanode delete txnID: 0, SCM txnID: 1
2019-10-16 07:00:34,193 [BlockDeletingService#2] WARN  background.BlockDeletingService (BlockDeletingService.java:isDeletionAllowed(187)) - Close Container log Index 6 is not replicated across allthe servers in the pipeline f466b838-ca87-44ef-9280-767f7a20abb4 as the min replicated index is 4. Deletion is not allowed in this container yet.
2019-10-16 07:00:34,193 [BlockDeletingService#0] WARN  background.BlockDeletingService (BlockDeletingService.java:isDeletionAllowed(187)) - Close Container log Index 6 is not replicated across allthe servers in the pipeline f466b838-ca87-44ef-9280-767f7a20abb4 as the min replicated index is 4. Deletion is not allowed in this container yet.
2019-10-16 07:00:34,250 [EventQueue-PendingDeleteStatusForPendingDeleteHandler] INFO  block.SCMBlockDeletingService (SCMBlockDeletingService.java:handlePendingDeletes(115)) - Block deletion txnID mismatch in datanode d2d597b7-f29c-4b6e-a1dc-31783afe2111 for containerID 1. Datanode delete txnID: 0, SCM txnID: 1
2019-10-16 07:00:34,265 [EventQueue-PendingDeleteStatusForPendingDeleteHandler] INFO  block.SCMBlockDeletingService (SCMBlockDeletingService.java:handlePendingDeletes(115)) - Block deletion txnID mismatch in datanode 433771fa-af38-4628-a40e-96bcd22c3694 for containerID 1. Datanode delete txnID: 0, SCM txnID: 1
2019-10-16 07:00:34,367 [Command processor thread] INFO  commandhandler.DeleteBlocksCommandHandler (DeleteBlocksCommandHandler.java:handle(106)) - Start to delete container blocks, TXIDs=[1(0)], numOfContainers=1, numOfBlocks=1
2019-10-16 07:00:34,651 [EventQueue-PendingDeleteStatusForPendingDeleteHandler] INFO  block.SCMBlockDeletingService (SCMBlockDeletingService.java:handlePendingDeletes(115)) - Block deletion txnID mismatch in datanode d2d597b7-f29c-4b6e-a1dc-31783afe2111 for containerID 1. Datanode delete txnID: 0, SCM txnID: 1
2019-10-16 07:00:34,951 [EventQueue-PendingDeleteStatusForPendingDeleteHandler] INFO  block.SCMBlockDeletingService (SCMBlockDeletingService.java:handlePendingDeletes(115)) - Block deletion txnID mismatch in datanode d2d597b7-f29c-4b6e-a1dc-31783afe2111 for containerID 1. Datanode delete txnID: 0, SCM txnID: 1
2019-10-16 07:00:35,028 [pool-7-thread-1] INFO  commands.RetriableDatanodeEventWatcher (RetriableDatanodeEventWatcher.java:onTimeout(47)) - RetriableDatanodeCommand type=deleteBlocksCommand with id=1571209234026 timed out. Retrying.
2019-10-16 07:00:35,028 [SCMBlockDeletingService#0] INFO  block.SCMBlockDeletingService (SCMBlockDeletingService.java:call(184)) - Totally added 2 delete blocks command for 2 datanodes, task elapsed time: 0ms
2019-10-16 07:00:35,028 [pool-7-thread-2] INFO  commands.RetriableDatanodeEventWatcher (RetriableDatanodeEventWatcher.java:onTimeout(47)) - RetriableDatanodeCommand type=deleteBlocksCommand with id=1571209234024 timed out. Retrying.
2019-10-16 07:00:35,148 [Command processor thread] INFO  commandhandler.DeleteBlocksCommandHandler (DeleteBlocksCommandHandler.java:handle(106)) - Start to delete container blocks, TXIDs=[1(0)], numOfContainers=1, numOfBlocks=1
2019-10-16 07:00:35,150 [Command processor thread] INFO  commandhandler.DeleteBlocksCommandHandler (DeleteBlocksCommandHandler.java:handle(106)) - Start to delete container blocks, TXIDs=[1(2)], numOfContainers=1, numOfBlocks=1
2019-10-16 07:00:35,150 [Command processor thread] INFO  commandhandler.DeleteBlocksCommandHandler (DeleteBlocksCommandHandler.java:handle(106)) - Start to delete container blocks, TXIDs=[1(0)], numOfContainers=1, numOfBlocks=1
2019-10-16 07:00:35,195 [BlockDeletingService#0] WARN  background.BlockDeletingService (BlockDeletingService.java:isDeletionAllowed(187)) - Close Container log Index 6 is not replicated across allthe servers in the pipeline f466b838-ca87-44ef-9280-767f7a20abb4 as the min replicated index is 4. Deletion is not allowed in this container yet.
2019-10-16 07:00:35,195 [BlockDeletingService#2] WARN  background.BlockDeletingService (BlockDeletingService.java:isDeletionAllowed(187)) - Close Container log Index 6 is not replicated across allthe servers in the pipeline f466b838-ca87-44ef-9280-767f7a20abb4 as the min replicated index is 4. Deletion is not allowed in this container yet.
2019-10-16 07:00:35,390 [java.util.concurrent.ThreadPoolExecutor$Worker@4e0b4352[State = -1, empty queue]] WARN  server.GrpcLogAppender (GrpcLogAppender.java:timeoutAppendRequest(209)) - d2d597b7-f29c-4b6e-a1dc-31783afe2111@group-767F7A20ABB4->4f0a8cce-cba4-44f5-8366-0fb5fb6bef9c-GrpcLogAppender: appendEntries Timeout, request=d2d597b7-f29c-4b6e-a1dc-31783afe2111->4f0a8cce-cba4-44f5-8366-0fb5fb6bef9c#50-t3, previous=(t:3, i:10), leaderCommit=10, initializing? false, entries: <empty>
2019-10-16 07:00:35,434 [main] INFO  impl.MetricsSystemImpl (MetricsSystemImpl.java:init(158)) - HddsDatanode metrics system started (again)
2019-10-16 07:00:35,483 [main] INFO  ozone.HddsDatanodeService (HddsDatanodeService.java:start(184)) - HddsDatanodeService host:pr-hdds-2313-mzbf2-1866299523 ip:192.168.69.68
2019-10-16 07:00:35,487 [main] INFO  volume.VolumeUsage (VolumeUsage.java:loadScmUsed(144)) - Cached ScmUsed found for /workdir/hadoop-ozone/integration-test/target/test-dir/MiniOzoneClusterImpl-ed1e4b0b-7f1c-4222-87cd-b4f9b4aaacc0/datanode-2/data/containers : 4096 
2019-10-16 07:00:35,488 [main] INFO  volume.HddsVolume (HddsVolume.java:<init>(176)) - Creating Volume: /workdir/hadoop-ozone/integration-test/target/test-dir/MiniOzoneClusterImpl-ed1e4b0b-7f1c-4222-87cd-b4f9b4aaacc0/datanode-2/data/containers/hdds of  storage type : DISK and capacity : 1482555576320
2019-10-16 07:00:35,488 [main] INFO  volume.VolumeSet (VolumeSet.java:initializeVolumeSet(170)) - Added Volume : /workdir/hadoop-ozone/integration-test/target/test-dir/MiniOzoneClusterImpl-ed1e4b0b-7f1c-4222-87cd-b4f9b4aaacc0/datanode-2/data/containers/hdds to VolumeSet
2019-10-16 07:00:35,489 [main] INFO  volume.ThrottledAsyncChecker (ThrottledAsyncChecker.java:schedule(141)) - Scheduling a check for /workdir/hadoop-ozone/integration-test/target/test-dir/MiniOzoneClusterImpl-ed1e4b0b-7f1c-4222-87cd-b4f9b4aaacc0/datanode-2/data/containers/hdds
2019-10-16 07:00:35,489 [main] INFO  volume.HddsVolumeChecker (HddsVolumeChecker.java:checkAllVolumes(204)) - Scheduled health check for volume /workdir/hadoop-ozone/integration-test/target/test-dir/MiniOzoneClusterImpl-ed1e4b0b-7f1c-4222-87cd-b4f9b4aaacc0/datanode-2/data/containers/hdds
2019-10-16 07:00:35,539 [main] INFO  impl.RaftServerProxy (ConfUtils.java:logGet(43)) - raft.rpc.type = GRPC (default)
2019-10-16 07:00:35,540 [main] INFO  grpc.GrpcFactory (GrpcFactory.java:checkPooledByteBufAllocatorUseCacheForAllThreads(45)) - PERFORMANCE WARNING: useCacheForAllThreads is true that may cause Netty to create a lot garbage objects and, as a result, trigger GC.
	It is recommended to disable useCacheForAllThreads by setting -Dorg.apache.ratis.thirdparty.io.netty.allocator.useCacheForAllThreads=false in command line.
2019-10-16 07:00:35,540 [main] INFO  grpc.GrpcConfigKeys$Server (ConfUtils.java:logGet(43)) - raft.grpc.server.port = 42866 (custom)
2019-10-16 07:00:35,540 [main] INFO  server.GrpcService (ConfUtils.java:logGet(43)) - raft.grpc.message.size.max = 33570816 (custom)
2019-10-16 07:00:35,540 [main] INFO  server.RaftServerConfigKeys (ConfUtils.java:logGet(43)) - raft.server.log.appender.buffer.byte-limit = 33554432 (custom)
2019-10-16 07:00:35,540 [main] INFO  server.GrpcService (ConfUtils.java:logGet(43)) - raft.grpc.flow.control.window = 1MB (=1048576) (default)
2019-10-16 07:00:35,541 [main] INFO  server.RaftServerConfigKeys (ConfUtils.java:logGet(43)) - raft.server.rpc.request.timeout = 3000ms (default)
2019-10-16 07:00:35,541 [main] INFO  server.RaftServerConfigKeys (ConfUtils.java:logGet(43)) - raft.server.storage.dir = [/workdir/hadoop-ozone/integration-test/target/test-dir/MiniOzoneClusterImpl-ed1e4b0b-7f1c-4222-87cd-b4f9b4aaacc0/datanode-2/data/ratis] (custom)
2019-10-16 07:00:35,542 [main] INFO  impl.RaftServerProxy (RaftServerProxy.java:lambda$null$0(191)) - 4f0a8cce-cba4-44f5-8366-0fb5fb6bef9c: found a subdirectory /workdir/hadoop-ozone/integration-test/target/test-dir/MiniOzoneClusterImpl-ed1e4b0b-7f1c-4222-87cd-b4f9b4aaacc0/datanode-2/data/ratis/f466b838-ca87-44ef-9280-767f7a20abb4
2019-10-16 07:00:35,543 [main] INFO  impl.RaftServerProxy (RaftServerProxy.java:addNew(89)) - 4f0a8cce-cba4-44f5-8366-0fb5fb6bef9c: addNew group-767F7A20ABB4:[] returns group-767F7A20ABB4:java.util.concurrent.CompletableFuture@6801b414[Not completed]
2019-10-16 07:00:35,543 [main] INFO  impl.RaftServerProxy (RaftServerProxy.java:lambda$null$0(191)) - 4f0a8cce-cba4-44f5-8366-0fb5fb6bef9c: found a subdirectory /workdir/hadoop-ozone/integration-test/target/test-dir/MiniOzoneClusterImpl-ed1e4b0b-7f1c-4222-87cd-b4f9b4aaacc0/datanode-2/data/ratis/f6b9c1f1-d029-40c7-8c5e-8191f0fe2924
2019-10-16 07:00:35,543 [main] INFO  impl.RaftServerProxy (RaftServerProxy.java:addNew(89)) - 4f0a8cce-cba4-44f5-8366-0fb5fb6bef9c: addNew group-8191F0FE2924:[] returns group-8191F0FE2924:java.util.concurrent.CompletableFuture@177c41d7[Not completed]
2019-10-16 07:00:35,549 [pool-59-thread-1] INFO  impl.RaftServerImpl (RaftServerImpl.java:<init>(104)) - 4f0a8cce-cba4-44f5-8366-0fb5fb6bef9c: new RaftServerImpl for group-767F7A20ABB4:[] with ContainerStateMachine:uninitialized
2019-10-16 07:00:35,549 [main] INFO  hdfs.DFSUtil (DFSUtil.java:httpServerTemplateForNNAndJN(1641)) - Starting Web-server for hddsDatanode at: http://0.0.0.0:38060
2019-10-16 07:00:35,549 [pool-59-thread-1] INFO  server.RaftServerConfigKeys (ConfUtils.java:logGet(43)) - raft.server.rpc.timeout.min = 5s (custom)
2019-10-16 07:00:35,549 [pool-59-thread-1] INFO  server.RaftServerConfigKeys (ConfUtils.java:logGet(43)) - raft.server.rpc.timeout.max = 5200ms (custom)
2019-10-16 07:00:35,550 [pool-59-thread-1] INFO  server.RaftServerConfigKeys (ConfUtils.java:logGet(43)) - raft.server.rpcslowness.timeout = 1000s (custom)
2019-10-16 07:00:35,550 [pool-59-thread-1] INFO  server.RaftServerConfigKeys (ConfUtils.java:logGet(43)) - raft.server.sleep.deviation.threshold = 300 (default)
2019-10-16 07:00:35,550 [pool-59-thread-1] INFO  server.RaftServerConfigKeys (ConfUtils.java:logGet(43)) - raft.server.log.appender.install.snapshot.enabled = false (custom)
2019-10-16 07:00:35,550 [pool-59-thread-1] INFO  impl.RaftServerImpl (ServerState.java:<init>(103)) - 4f0a8cce-cba4-44f5-8366-0fb5fb6bef9c@group-767F7A20ABB4: ConfigurationManager, init=-1: [], old=null, confs=<EMPTY_MAP>
2019-10-16 07:00:35,550 [pool-59-thread-1] INFO  server.RaftServerConfigKeys (ConfUtils.java:logGet(43)) - raft.server.storage.dir = [/workdir/hadoop-ozone/integration-test/target/test-dir/MiniOzoneClusterImpl-ed1e4b0b-7f1c-4222-87cd-b4f9b4aaacc0/datanode-2/data/ratis] (custom)
2019-10-16 07:00:35,551 [pool-59-thread-1] INFO  server.RaftServerConfigKeys (ConfUtils.java:logGet(43)) - raft.server.log.corruption.policy = EXCEPTION (default)
2019-10-16 07:00:35,552 [main] INFO  server.AuthenticationFilter (AuthenticationFilter.java:constructSecretProvider(240)) - Unable to initialize FileSignerSecretProvider, falling back to use random secrets.
2019-10-16 07:00:35,553 [main] WARN  http.HttpRequestLog (HttpRequestLog.java:getRequestLog(97)) - Jetty request log can only be enabled using Log4j
2019-10-16 07:00:35,556 [main] INFO  http.HttpServer2 (HttpServer2.java:addGlobalFilter(975)) - Added global filter 'safety' (class=org.apache.hadoop.http.HttpServer2$QuotingInputFilter)
2019-10-16 07:00:35,557 [main] INFO  http.HttpServer2 (HttpServer2.java:addFilter(948)) - Added filter static_user_filter (class=org.apache.hadoop.http.lib.StaticUserWebFilter$StaticUserFilter) to context hddsDatanode
2019-10-16 07:00:35,557 [main] INFO  http.HttpServer2 (HttpServer2.java:addFilter(958)) - Added filter static_user_filter (class=org.apache.hadoop.http.lib.StaticUserWebFilter$StaticUserFilter) to context static
2019-10-16 07:00:35,557 [main] INFO  http.HttpServer2 (HttpServer2.java:addFilter(958)) - Added filter static_user_filter (class=org.apache.hadoop.http.lib.StaticUserWebFilter$StaticUserFilter) to context logs
2019-10-16 07:00:35,559 [main] INFO  http.HttpServer2 (HttpServer2.java:bindListener(1191)) - Jetty bound to port 38060
2019-10-16 07:00:35,559 [main] INFO  server.Server (Server.java:doStart(351)) - jetty-9.3.25.v20180904, build timestamp: 2018-09-04T21:11:46Z, git hash: 3ce520221d0240229c862b122d2b06c12a625732
2019-10-16 07:00:35,561 [main] INFO  handler.ContextHandler (ContextHandler.java:doStart(781)) - Started o.e.j.s.ServletContextHandler@41a374be{/logs,file:///workdir/hadoop-ozone/integration-test/target/log,AVAILABLE}
2019-10-16 07:00:35,562 [main] INFO  handler.ContextHandler (ContextHandler.java:doStart(781)) - Started o.e.j.s.ServletContextHandler@8cc8cdb{/static,jar:file:/home/user/.m2/repository/org/apache/hadoop/hadoop-hdds-container-service/0.5.0-SNAPSHOT/hadoop-hdds-container-service-0.5.0-SNAPSHOT.jar!/webapps/static,AVAILABLE}
2019-10-16 07:00:35,564 [pool-59-thread-1] INFO  storage.RaftStorageDirectory (RaftStorageDirectory.java:tryLock(328)) - Lock on /workdir/hadoop-ozone/integration-test/target/test-dir/MiniOzoneClusterImpl-ed1e4b0b-7f1c-4222-87cd-b4f9b4aaacc0/datanode-2/data/ratis/f466b838-ca87-44ef-9280-767f7a20abb4/in_use.lock acquired by nodename 3289@pr-hdds-2313-mzbf2-1866299523
2019-10-16 07:00:35,566 [pool-59-thread-1] INFO  ratis.ContainerStateMachine (ContainerStateMachine.java:loadSnapshot(240)) - group-767F7A20ABB4: Setting the last applied index to (t:3, i:3)
2019-10-16 07:00:35,571 [pool-59-thread-1] INFO  impl.RaftServerImpl (ServerState.java:setRaftConf(357)) - 4f0a8cce-cba4-44f5-8366-0fb5fb6bef9c@group-767F7A20ABB4: set configuration 0: [433771fa-af38-4628-a40e-96bcd22c3694:192.168.69.68:34462, 4f0a8cce-cba4-44f5-8366-0fb5fb6bef9c:192.168.69.68:42866, d2d597b7-f29c-4b6e-a1dc-31783afe2111:192.168.69.68:40938], old=null at 0
2019-10-16 07:00:35,572 [pool-59-thread-1] INFO  server.RaftServerConfigKeys (ConfUtils.java:logGet(43)) - raft.server.notification.no-leader.timeout = 1000s (custom)
2019-10-16 07:00:35,572 [pool-59-thread-1] INFO  server.RaftServerConfigKeys (ConfUtils.java:logGet(43)) - raft.server.log.use.memory = false (default)
2019-10-16 07:00:35,572 [pool-59-thread-1] INFO  server.RaftServerConfigKeys (ConfUtils.java:logGet(43)) - raft.server.log.purge.gap = 1000000 (custom)
2019-10-16 07:00:35,572 [pool-59-thread-1] INFO  server.RaftServerConfigKeys (ConfUtils.java:logGet(43)) - raft.server.log.appender.buffer.byte-limit = 33554432 (custom)
2019-10-16 07:00:35,572 [pool-59-thread-1] INFO  server.RaftServerConfigKeys (ConfUtils.java:logGet(43)) - raft.server.log.segment.size.max = 1048576 (custom)
2019-10-16 07:00:35,572 [pool-59-thread-1] INFO  server.RaftServerConfigKeys (ConfUtils.java:logGet(43)) - raft.server.log.segment.cache.num.max = 2 (custom)
2019-10-16 07:00:35,572 [pool-59-thread-1] INFO  segmented.SegmentedRaftLogWorker (SegmentedRaftLogWorker.java:<init>(173)) - new 4f0a8cce-cba4-44f5-8366-0fb5fb6bef9c@group-767F7A20ABB4-SegmentedRaftLogWorker for RaftStorage:Storage Directory /workdir/hadoop-ozone/integration-test/target/test-dir/MiniOzoneClusterImpl-ed1e4b0b-7f1c-4222-87cd-b4f9b4aaacc0/datanode-2/data/ratis/f466b838-ca87-44ef-9280-767f7a20abb4
2019-10-16 07:00:35,573 [pool-59-thread-1] INFO  server.RaftServerConfigKeys (ConfUtils.java:logGet(43)) - raft.server.log.queue.byte-limit = 2147483647 (custom)
2019-10-16 07:00:35,573 [pool-59-thread-1] INFO  server.RaftServerConfigKeys (ConfUtils.java:logGet(43)) - raft.server.log.queue.element-limit = 1024 (custom)
2019-10-16 07:00:35,573 [pool-59-thread-1] INFO  server.RaftServerConfigKeys (ConfUtils.java:logGet(43)) - raft.server.log.segment.size.max = 1048576 (custom)
2019-10-16 07:00:35,573 [pool-59-thread-1] INFO  server.RaftServerConfigKeys (ConfUtils.java:logGet(43)) - raft.server.log.preallocated.size = 16384 (custom)
2019-10-16 07:00:35,573 [pool-59-thread-1] INFO  server.RaftServerConfigKeys (ConfUtils.java:logGet(43)) - raft.server.log.write.buffer.size = 33554432 (custom)
2019-10-16 07:00:35,573 [pool-59-thread-1] INFO  server.RaftServerConfigKeys (ConfUtils.java:logGet(43)) - raft.server.log.force.sync.num = 128 (default)
2019-10-16 07:00:35,573 [pool-59-thread-1] INFO  server.RaftServerConfigKeys (ConfUtils.java:logGet(43)) - raft.server.log.statemachine.data.sync = true (default)
2019-10-16 07:00:35,573 [pool-59-thread-1] INFO  server.RaftServerConfigKeys (ConfUtils.java:logGet(43)) - raft.server.log.statemachine.data.sync.timeout = 10s (default)
2019-10-16 07:00:35,573 [pool-59-thread-1] INFO  server.RaftServerConfigKeys (ConfUtils.java:logGet(43)) - raft.server.log.statemachine.data.sync.timeout.retry = -1 (default)
2019-10-16 07:00:35,574 [pool-59-thread-1] INFO  server.RaftServerConfigKeys (ConfUtils.java:logGet(43)) - raft.server.log.statemachine.data.caching.enabled = true (custom)
2019-10-16 07:00:35,580 [pool-59-thread-1] INFO  impl.RaftServerImpl (ServerState.java:setRaftConf(357)) - 4f0a8cce-cba4-44f5-8366-0fb5fb6bef9c@group-767F7A20ABB4: set configuration 0: [433771fa-af38-4628-a40e-96bcd22c3694:192.168.69.68:34462, 4f0a8cce-cba4-44f5-8366-0fb5fb6bef9c:192.168.69.68:42866, d2d597b7-f29c-4b6e-a1dc-31783afe2111:192.168.69.68:40938], old=null at 0
2019-10-16 07:00:35,581 [pool-59-thread-1] INFO  segmented.LogSegment (LogSegment.java:loadSegment(140)) - Successfully read 5 entries from segment file /workdir/hadoop-ozone/integration-test/target/test-dir/MiniOzoneClusterImpl-ed1e4b0b-7f1c-4222-87cd-b4f9b4aaacc0/datanode-2/data/ratis/f466b838-ca87-44ef-9280-767f7a20abb4/current/log_inprogress_0
2019-10-16 07:00:35,581 [pool-59-thread-1] INFO  segmented.SegmentedRaftLogWorker (SegmentedRaftLogWorker.java:lambda$new$0(128)) - 4f0a8cce-cba4-44f5-8366-0fb5fb6bef9c@group-767F7A20ABB4-SegmentedRaftLogWorker: flushIndex: setUnconditionally 0 -> 4
2019-10-16 07:00:35,606 [main] INFO  handler.ContextHandler (ContextHandler.java:doStart(781)) - Started o.e.j.w.WebAppContext@f1dd5b4{/,file:///tmp/jetty-0.0.0.0-38060-hddsDatanode-_-any-150183852117944246.dir/webapp/,AVAILABLE}{/hddsDatanode}
2019-10-16 07:00:35,607 [main] INFO  server.AbstractConnector (AbstractConnector.java:doStart(278)) - Started ServerConnector@73809e7{HTTP/1.1,[http/1.1]}{0.0.0.0:38060}
2019-10-16 07:00:35,607 [pool-59-thread-1] INFO  raftlog.RaftLog (RaftLog.java:lambda$new$0(61)) - 4f0a8cce-cba4-44f5-8366-0fb5fb6bef9c@group-767F7A20ABB4-SegmentedRaftLog: commitIndex: updateToMax old=3, new=3, updated? false
2019-10-16 07:00:35,608 [main] INFO  server.Server (Server.java:doStart(419)) - Started @114272ms
2019-10-16 07:00:35,609 [main] WARN  impl.MetricsSystemImpl (MetricsSystemImpl.java:register(276)) - Sink prometheus already exists!
2019-10-16 07:00:35,609 [pool-59-thread-1] INFO  server.RaftServerConfigKeys (ConfUtils.java:logGet(43)) - raft.server.snapshot.auto.trigger.enabled = true (custom)
2019-10-16 07:00:35,609 [pool-59-thread-1] INFO  server.RaftServerConfigKeys (ConfUtils.java:logGet(43)) - raft.server.snapshot.auto.trigger.threshold = 10000 (custom)
2019-10-16 07:00:35,609 [pool-59-thread-1] INFO  server.RaftServerConfigKeys (ConfUtils.java:logGet(43)) - raft.server.snapshot.retention.file.num = 5 (custom)
2019-10-16 07:00:35,609 [pool-59-thread-1] INFO  server.RaftServerConfigKeys (ConfUtils.java:logGet(43)) - raft.server.retrycache.expirytime = 600000ms (custom)
2019-10-16 07:00:35,610 [main] INFO  server.BaseHttpServer (BaseHttpServer.java:updateConnectorAddress(215)) - HTTP server of HDDSDATANODE is listening at http://0.0.0.0:38060
2019-10-16 07:00:35,612 [pool-59-thread-1] INFO  impl.RaftServerImpl (RaftServerImpl.java:<init>(104)) - 4f0a8cce-cba4-44f5-8366-0fb5fb6bef9c: new RaftServerImpl for group-8191F0FE2924:[] with ContainerStateMachine:uninitialized
2019-10-16 07:00:35,612 [org.apache.hadoop.util.JvmPauseMonitor$Monitor@51808963] INFO  util.JvmPauseMonitor (JvmPauseMonitor.java:run(188)) - Starting JVM pause monitor
2019-10-16 07:00:35,612 [pool-59-thread-1] INFO  server.RaftServerConfigKeys (ConfUtils.java:logGet(43)) - raft.server.rpc.timeout.min = 5s (custom)
2019-10-16 07:00:35,612 [pool-59-thread-1] INFO  server.RaftServerConfigKeys (ConfUtils.java:logGet(43)) - raft.server.rpc.timeout.max = 5200ms (custom)
2019-10-16 07:00:35,612 [pool-59-thread-1] INFO  server.RaftServerConfigKeys (ConfUtils.java:logGet(43)) - raft.server.rpcslowness.timeout = 1000s (custom)
2019-10-16 07:00:35,613 [pool-59-thread-1] INFO  server.RaftServerConfigKeys (ConfUtils.java:logGet(43)) - raft.server.sleep.deviation.threshold = 300 (default)
2019-10-16 07:00:35,613 [pool-59-thread-1] INFO  server.RaftServerConfigKeys (ConfUtils.java:logGet(43)) - raft.server.log.appender.install.snapshot.enabled = false (custom)
2019-10-16 07:00:35,613 [pool-59-thread-1] INFO  impl.RaftServerImpl (ServerState.java:<init>(103)) - 4f0a8cce-cba4-44f5-8366-0fb5fb6bef9c@group-8191F0FE2924: ConfigurationManager, init=-1: [], old=null, confs=<EMPTY_MAP>
2019-10-16 07:00:35,613 [pool-59-thread-1] INFO  server.RaftServerConfigKeys (ConfUtils.java:logGet(43)) - raft.server.storage.dir = [/workdir/hadoop-ozone/integration-test/target/test-dir/MiniOzoneClusterImpl-ed1e4b0b-7f1c-4222-87cd-b4f9b4aaacc0/datanode-2/data/ratis] (custom)
2019-10-16 07:00:35,613 [pool-59-thread-1] INFO  server.RaftServerConfigKeys (ConfUtils.java:logGet(43)) - raft.server.log.corruption.policy = EXCEPTION (default)
2019-10-16 07:00:35,628 [pool-59-thread-1] INFO  storage.RaftStorageDirectory (RaftStorageDirectory.java:tryLock(328)) - Lock on /workdir/hadoop-ozone/integration-test/target/test-dir/MiniOzoneClusterImpl-ed1e4b0b-7f1c-4222-87cd-b4f9b4aaacc0/datanode-2/data/ratis/f6b9c1f1-d029-40c7-8c5e-8191f0fe2924/in_use.lock acquired by nodename 3289@pr-hdds-2313-mzbf2-1866299523
2019-10-16 07:00:35,629 [pool-59-thread-1] INFO  ratis.ContainerStateMachine (ContainerStateMachine.java:loadSnapshot(231)) - group-8191F0FE2924: The snapshot info is null. Setting the last applied indexto:(t:0, i:~)
2019-10-16 07:00:35,629 [pool-59-thread-1] INFO  server.RaftServerConfigKeys (ConfUtils.java:logGet(43)) - raft.server.notification.no-leader.timeout = 1000s (custom)
2019-10-16 07:00:35,629 [pool-59-thread-1] INFO  server.RaftServerConfigKeys (ConfUtils.java:logGet(43)) - raft.server.log.use.memory = false (default)
2019-10-16 07:00:35,629 [pool-59-thread-1] INFO  server.RaftServerConfigKeys (ConfUtils.java:logGet(43)) - raft.server.log.purge.gap = 1000000 (custom)
2019-10-16 07:00:35,629 [pool-59-thread-1] INFO  server.RaftServerConfigKeys (ConfUtils.java:logGet(43)) - raft.server.log.appender.buffer.byte-limit = 33554432 (custom)
2019-10-16 07:00:35,629 [pool-59-thread-1] INFO  server.RaftServerConfigKeys (ConfUtils.java:logGet(43)) - raft.server.log.segment.size.max = 1048576 (custom)
2019-10-16 07:00:35,629 [pool-59-thread-1] INFO  server.RaftServerConfigKeys (ConfUtils.java:logGet(43)) - raft.server.log.segment.cache.num.max = 2 (custom)
2019-10-16 07:00:35,630 [pool-59-thread-1] INFO  segmented.SegmentedRaftLogWorker (SegmentedRaftLogWorker.java:<init>(173)) - new 4f0a8cce-cba4-44f5-8366-0fb5fb6bef9c@group-8191F0FE2924-SegmentedRaftLogWorker for RaftStorage:Storage Directory /workdir/hadoop-ozone/integration-test/target/test-dir/MiniOzoneClusterImpl-ed1e4b0b-7f1c-4222-87cd-b4f9b4aaacc0/datanode-2/data/ratis/f6b9c1f1-d029-40c7-8c5e-8191f0fe2924
2019-10-16 07:00:35,630 [pool-59-thread-1] INFO  server.RaftServerConfigKeys (ConfUtils.java:logGet(43)) - raft.server.log.queue.byte-limit = 2147483647 (custom)
2019-10-16 07:00:35,630 [pool-59-thread-1] INFO  server.RaftServerConfigKeys (ConfUtils.java:logGet(43)) - raft.server.log.queue.element-limit = 1024 (custom)
2019-10-16 07:00:35,630 [pool-59-thread-1] INFO  server.RaftServerConfigKeys (ConfUtils.java:logGet(43)) - raft.server.log.segment.size.max = 1048576 (custom)
2019-10-16 07:00:35,630 [pool-59-thread-1] INFO  server.RaftServerConfigKeys (ConfUtils.java:logGet(43)) - raft.server.log.preallocated.size = 16384 (custom)
2019-10-16 07:00:35,630 [pool-59-thread-1] INFO  server.RaftServerConfigKeys (ConfUtils.java:logGet(43)) - raft.server.log.write.buffer.size = 33554432 (custom)
2019-10-16 07:00:35,630 [pool-59-thread-1] INFO  server.RaftServerConfigKeys (ConfUtils.java:logGet(43)) - raft.server.log.force.sync.num = 128 (default)
2019-10-16 07:00:35,630 [pool-59-thread-1] INFO  server.RaftServerConfigKeys (ConfUtils.java:logGet(43)) - raft.server.log.statemachine.data.sync = true (default)
2019-10-16 07:00:35,630 [pool-59-thread-1] INFO  server.RaftServerConfigKeys (ConfUtils.java:logGet(43)) - raft.server.log.statemachine.data.sync.timeout = 10s (default)
2019-10-16 07:00:35,630 [pool-59-thread-1] INFO  server.RaftServerConfigKeys (ConfUtils.java:logGet(43)) - raft.server.log.statemachine.data.sync.timeout.retry = -1 (default)
2019-10-16 07:00:35,631 [pool-59-thread-1] INFO  server.RaftServerConfigKeys (ConfUtils.java:logGet(43)) - raft.server.log.statemachine.data.caching.enabled = true (custom)
2019-10-16 07:00:35,632 [pool-59-thread-1] INFO  impl.RaftServerImpl (ServerState.java:setRaftConf(357)) - 4f0a8cce-cba4-44f5-8366-0fb5fb6bef9c@group-8191F0FE2924: set configuration 0: [4f0a8cce-cba4-44f5-8366-0fb5fb6bef9c:192.168.69.68:42866], old=null at 0
2019-10-16 07:00:35,632 [pool-59-thread-1] INFO  segmented.LogSegment (LogSegment.java:loadSegment(140)) - Successfully read 1 entries from segment file /workdir/hadoop-ozone/integration-test/target/test-dir/MiniOzoneClusterImpl-ed1e4b0b-7f1c-4222-87cd-b4f9b4aaacc0/datanode-2/data/ratis/f6b9c1f1-d029-40c7-8c5e-8191f0fe2924/current/log_inprogress_0
2019-10-16 07:00:35,632 [pool-59-thread-1] INFO  segmented.SegmentedRaftLogWorker (SegmentedRaftLogWorker.java:lambda$new$0(128)) - 4f0a8cce-cba4-44f5-8366-0fb5fb6bef9c@group-8191F0FE2924-SegmentedRaftLogWorker: flushIndex: setUnconditionally 0 -> 0
2019-10-16 07:00:35,655 [pool-59-thread-1] INFO  server.RaftServerConfigKeys (ConfUtils.java:logGet(43)) - raft.server.snapshot.auto.trigger.enabled = true (custom)
2019-10-16 07:00:35,656 [pool-59-thread-1] INFO  server.RaftServerConfigKeys (ConfUtils.java:logGet(43)) - raft.server.snapshot.auto.trigger.threshold = 10000 (custom)
2019-10-16 07:00:35,656 [pool-59-thread-1] INFO  server.RaftServerConfigKeys (ConfUtils.java:logGet(43)) - raft.server.snapshot.retention.file.num = 5 (custom)
2019-10-16 07:00:35,656 [pool-59-thread-1] INFO  server.RaftServerConfigKeys (ConfUtils.java:logGet(43)) - raft.server.retrycache.expirytime = 600000ms (custom)
2019-10-16 07:00:36,028 [pool-7-thread-2] INFO  commands.RetriableDatanodeEventWatcher (RetriableDatanodeEventWatcher.java:onTimeout(47)) - RetriableDatanodeCommand type=deleteBlocksCommand with id=1571209234027 timed out. Retrying.
2019-10-16 07:00:36,028 [pool-7-thread-2] INFO  commands.RetriableDatanodeEventWatcher (RetriableDatanodeEventWatcher.java:onTimeout(47)) - RetriableDatanodeCommand type=deleteBlocksCommand with id=1571209234024 timed out. Retrying.
2019-10-16 07:00:36,029 [SCMBlockDeletingService#0] INFO  block.SCMBlockDeletingService (SCMBlockDeletingService.java:call(184)) - Totally added 1 delete blocks command for 1 datanodes, task elapsed time: 0ms
2019-10-16 07:00:36,196 [BlockDeletingService#0] WARN  background.BlockDeletingService (BlockDeletingService.java:isDeletionAllowed(187)) - Close Container log Index 6 is not replicated across allthe servers in the pipeline f466b838-ca87-44ef-9280-767f7a20abb4 as the min replicated index is 4. Deletion is not allowed in this container yet.
2019-10-16 07:00:36,196 [BlockDeletingService#2] WARN  background.BlockDeletingService (BlockDeletingService.java:isDeletionAllowed(187)) - Close Container log Index 6 is not replicated across allthe servers in the pipeline f466b838-ca87-44ef-9280-767f7a20abb4 as the min replicated index is 4. Deletion is not allowed in this container yet.
2019-10-16 07:00:37,029 [pool-7-thread-2] INFO  commands.RetriableDatanodeEventWatcher (RetriableDatanodeEventWatcher.java:onTimeout(47)) - RetriableDatanodeCommand type=deleteBlocksCommand with id=1571209234027 timed out. Retrying.
2019-10-16 07:00:37,029 [pool-7-thread-3] INFO  commands.RetriableDatanodeEventWatcher (RetriableDatanodeEventWatcher.java:onTimeout(47)) - RetriableDatanodeCommand type=deleteBlocksCommand with id=1571209234029 timed out. Retrying.
2019-10-16 07:00:37,030 [pool-7-thread-1] INFO  commands.RetriableDatanodeEventWatcher (RetriableDatanodeEventWatcher.java:onTimeout(47)) - RetriableDatanodeCommand type=deleteBlocksCommand with id=1571209234024 timed out. Retrying.
2019-10-16 07:00:37,030 [SCMBlockDeletingService#0] INFO  block.SCMBlockDeletingService (SCMBlockDeletingService.java:call(184)) - Totally added 1 delete blocks command for 1 datanodes, task elapsed time: 0ms
2019-10-16 07:00:37,197 [BlockDeletingService#0] WARN  background.BlockDeletingService (BlockDeletingService.java:isDeletionAllowed(187)) - Close Container log Index 6 is not replicated across allthe servers in the pipeline f466b838-ca87-44ef-9280-767f7a20abb4 as the min replicated index is 4. Deletion is not allowed in this container yet.
2019-10-16 07:00:37,198 [BlockDeletingService#2] WARN  background.BlockDeletingService (BlockDeletingService.java:isDeletionAllowed(187)) - Close Container log Index 6 is not replicated across allthe servers in the pipeline f466b838-ca87-44ef-9280-767f7a20abb4 as the min replicated index is 4. Deletion is not allowed in this container yet.
2019-10-16 07:00:37,614 [Datanode State Machine Thread - 0] INFO  ozoneimpl.OzoneContainer (OzoneContainer.java:start(213)) - Attempting to start container services.
2019-10-16 07:00:37,616 [Datanode State Machine Thread - 0] INFO  ozoneimpl.OzoneContainer (OzoneContainer.java:startContainerScrub(177)) - Background container scanner has been disabled.
2019-10-16 07:00:37,616 [Datanode State Machine Thread - 0] INFO  ratis.XceiverServerRatis (XceiverServerRatis.java:start(418)) - Starting XceiverServerRatis 4f0a8cce-cba4-44f5-8366-0fb5fb6bef9c at port 42866
2019-10-16 07:00:37,626 [Datanode State Machine Thread - 0] INFO  impl.RaftServerImpl (RaftServerImpl.java:start(195)) - 4f0a8cce-cba4-44f5-8366-0fb5fb6bef9c@group-767F7A20ABB4: start as a follower, conf=0: [433771fa-af38-4628-a40e-96bcd22c3694:192.168.69.68:34462, 4f0a8cce-cba4-44f5-8366-0fb5fb6bef9c:192.168.69.68:42866, d2d597b7-f29c-4b6e-a1dc-31783afe2111:192.168.69.68:40938], old=null
2019-10-16 07:00:37,627 [ForkJoinPool.commonPool-worker-0] INFO  impl.RaftServerImpl (RaftServerImpl.java:start(195)) - 4f0a8cce-cba4-44f5-8366-0fb5fb6bef9c@group-8191F0FE2924: start as a follower, conf=0: [4f0a8cce-cba4-44f5-8366-0fb5fb6bef9c:192.168.69.68:42866], old=null
2019-10-16 07:00:37,627 [Datanode State Machine Thread - 0] INFO  impl.RaftServerImpl (RaftServerImpl.java:setRole(184)) - 4f0a8cce-cba4-44f5-8366-0fb5fb6bef9c@group-767F7A20ABB4: changes role from      null to FOLLOWER at term 3 for startAsFollower
2019-10-16 07:00:37,627 [ForkJoinPool.commonPool-worker-0] INFO  impl.RaftServerImpl (RaftServerImpl.java:setRole(184)) - 4f0a8cce-cba4-44f5-8366-0fb5fb6bef9c@group-8191F0FE2924: changes role from      null to FOLLOWER at term 1 for startAsFollower
2019-10-16 07:00:37,627 [Datanode State Machine Thread - 0] INFO  impl.RoleInfo (RoleInfo.java:updateAndGet(143)) - 4f0a8cce-cba4-44f5-8366-0fb5fb6bef9c: start FollowerState
2019-10-16 07:00:37,627 [ForkJoinPool.commonPool-worker-0] INFO  impl.RoleInfo (RoleInfo.java:updateAndGet(143)) - 4f0a8cce-cba4-44f5-8366-0fb5fb6bef9c: start FollowerState
2019-10-16 07:00:37,628 [Datanode State Machine Thread - 0] INFO  util.JmxRegister (JmxRegister.java:tryRegister(44)) - Successfully registered JMX Bean with object name Ratis:service=RaftServer,group=group-767F7A20ABB4,id=4f0a8cce-cba4-44f5-8366-0fb5fb6bef9c
2019-10-16 07:00:37,628 [ForkJoinPool.commonPool-worker-0] INFO  util.JmxRegister (JmxRegister.java:tryRegister(44)) - Successfully registered JMX Bean with object name Ratis:service=RaftServer,group=group-8191F0FE2924,id=4f0a8cce-cba4-44f5-8366-0fb5fb6bef9c
2019-10-16 07:00:37,630 [Datanode State Machine Thread - 0] INFO  impl.RaftServerProxy (RaftServerProxy.java:lambda$start$3(299)) - 4f0a8cce-cba4-44f5-8366-0fb5fb6bef9c: start RPC server
2019-10-16 07:00:37,632 [Datanode State Machine Thread - 0] INFO  server.GrpcService (GrpcService.java:startImpl(158)) - 4f0a8cce-cba4-44f5-8366-0fb5fb6bef9c: GrpcService started, listening on 0.0.0.0/0.0.0.0:42866
2019-10-16 07:00:37,731 [Thread-571] INFO  impl.FollowerState (FollowerState.java:run(108)) - 4f0a8cce-cba4-44f5-8366-0fb5fb6bef9c@group-8191F0FE2924-FollowerState: change to CANDIDATE, lastRpcTime:103ms, electionTimeout:103ms
2019-10-16 07:00:37,731 [Thread-571] INFO  impl.RoleInfo (RoleInfo.java:shutdownFollowerState(121)) - 4f0a8cce-cba4-44f5-8366-0fb5fb6bef9c: shutdown FollowerState
2019-10-16 07:00:37,731 [Thread-571] INFO  impl.RaftServerImpl (RaftServerImpl.java:setRole(184)) - 4f0a8cce-cba4-44f5-8366-0fb5fb6bef9c@group-8191F0FE2924: changes role from  FOLLOWER to CANDIDATE at term 1 for changeToCandidate
2019-10-16 07:00:37,732 [Thread-571] INFO  impl.RoleInfo (RoleInfo.java:updateAndGet(143)) - 4f0a8cce-cba4-44f5-8366-0fb5fb6bef9c: start LeaderElection
2019-10-16 07:00:37,747 [4f0a8cce-cba4-44f5-8366-0fb5fb6bef9c@group-8191F0FE2924-LeaderElection10] INFO  impl.LeaderElection (LeaderElection.java:askForVotes(178)) - 4f0a8cce-cba4-44f5-8366-0fb5fb6bef9c@group-8191F0FE2924-LeaderElection10: begin an election at term 2 for 0: [4f0a8cce-cba4-44f5-8366-0fb5fb6bef9c:192.168.69.68:42866], old=null
2019-10-16 07:00:37,747 [4f0a8cce-cba4-44f5-8366-0fb5fb6bef9c@group-8191F0FE2924-LeaderElection10] INFO  impl.RoleInfo (RoleInfo.java:shutdownLeaderElection(134)) - 4f0a8cce-cba4-44f5-8366-0fb5fb6bef9c: shutdown LeaderElection
2019-10-16 07:00:37,748 [4f0a8cce-cba4-44f5-8366-0fb5fb6bef9c@group-8191F0FE2924-LeaderElection10] INFO  impl.RaftServerImpl (RaftServerImpl.java:setRole(184)) - 4f0a8cce-cba4-44f5-8366-0fb5fb6bef9c@group-8191F0FE2924: changes role from CANDIDATE to LEADER at term 2 for changeToLeader
2019-10-16 07:00:37,748 [4f0a8cce-cba4-44f5-8366-0fb5fb6bef9c@group-8191F0FE2924-LeaderElection10] INFO  impl.RaftServerImpl (ServerState.java:setLeader(256)) - 4f0a8cce-cba4-44f5-8366-0fb5fb6bef9c@group-8191F0FE2924: change Leader from null to 4f0a8cce-cba4-44f5-8366-0fb5fb6bef9c at term 2 for becomeLeader, leader elected after 2119ms
2019-10-16 07:00:37,749 [4f0a8cce-cba4-44f5-8366-0fb5fb6bef9c@group-8191F0FE2924-LeaderElection10] INFO  server.RaftServerConfigKeys (ConfUtils.java:logGet(43)) - raft.server.staging.catchup.gap = 1000 (default)
2019-10-16 07:00:37,749 [4f0a8cce-cba4-44f5-8366-0fb5fb6bef9c@group-8191F0FE2924-LeaderElection10] INFO  server.RaftServerConfigKeys (ConfUtils.java:logGet(43)) - raft.server.rpc.sleep.time = 25ms (default)
2019-10-16 07:00:37,749 [4f0a8cce-cba4-44f5-8366-0fb5fb6bef9c@group-8191F0FE2924-LeaderElection10] INFO  server.RaftServerConfigKeys (ConfUtils.java:logGet(43)) - raft.server.write.element-limit = 4096 (default)
2019-10-16 07:00:37,750 [4f0a8cce-cba4-44f5-8366-0fb5fb6bef9c@group-8191F0FE2924-LeaderElection10] INFO  server.RaftServerConfigKeys (ConfUtils.java:logGet(43)) - raft.server.watch.timeout = 10s (default)
2019-10-16 07:00:37,750 [4f0a8cce-cba4-44f5-8366-0fb5fb6bef9c@group-8191F0FE2924-LeaderElection10] INFO  server.RaftServerConfigKeys (ConfUtils.java:logGet(43)) - raft.server.watch.timeout.denomination = 1s (default)
2019-10-16 07:00:37,750 [4f0a8cce-cba4-44f5-8366-0fb5fb6bef9c@group-8191F0FE2924-LeaderElection10] INFO  server.RaftServerConfigKeys (ConfUtils.java:logGet(43)) - raft.server.watch.element-limit = 65536 (default)
2019-10-16 07:00:37,751 [4f0a8cce-cba4-44f5-8366-0fb5fb6bef9c@group-8191F0FE2924-LeaderElection10] INFO  impl.RoleInfo (RoleInfo.java:updateAndGet(143)) - 4f0a8cce-cba4-44f5-8366-0fb5fb6bef9c: start LeaderState
2019-10-16 07:00:37,751 [4f0a8cce-cba4-44f5-8366-0fb5fb6bef9c@group-8191F0FE2924-LeaderElection10] INFO  segmented.SegmentedRaftLogWorker (SegmentedRaftLogWorker.java:rollLogSegment(390)) - 4f0a8cce-cba4-44f5-8366-0fb5fb6bef9c@group-8191F0FE2924-SegmentedRaftLogWorker: Rolling segment log-0_0 to index:0
2019-10-16 07:00:37,754 [4f0a8cce-cba4-44f5-8366-0fb5fb6bef9c@group-8191F0FE2924-LeaderElection10] INFO  impl.RaftServerImpl (ServerState.java:setRaftConf(357)) - 4f0a8cce-cba4-44f5-8366-0fb5fb6bef9c@group-8191F0FE2924: set configuration 1: [4f0a8cce-cba4-44f5-8366-0fb5fb6bef9c:192.168.69.68:42866], old=null at 1
2019-10-16 07:00:37,756 [4f0a8cce-cba4-44f5-8366-0fb5fb6bef9c@group-8191F0FE2924-SegmentedRaftLogWorker] INFO  segmented.SegmentedRaftLogWorker (SegmentedRaftLogWorker.java:execute(533)) - 4f0a8cce-cba4-44f5-8366-0fb5fb6bef9c@group-8191F0FE2924-SegmentedRaftLogWorker: Rolled log segment from /workdir/hadoop-ozone/integration-test/target/test-dir/MiniOzoneClusterImpl-ed1e4b0b-7f1c-4222-87cd-b4f9b4aaacc0/datanode-2/data/ratis/f6b9c1f1-d029-40c7-8c5e-8191f0fe2924/current/log_inprogress_0 to /workdir/hadoop-ozone/integration-test/target/test-dir/MiniOzoneClusterImpl-ed1e4b0b-7f1c-4222-87cd-b4f9b4aaacc0/datanode-2/data/ratis/f6b9c1f1-d029-40c7-8c5e-8191f0fe2924/current/log_0-0
2019-10-16 07:00:37,774 [Thread-570] INFO  impl.FollowerState (FollowerState.java:run(108)) - 4f0a8cce-cba4-44f5-8366-0fb5fb6bef9c@group-767F7A20ABB4-FollowerState: change to CANDIDATE, lastRpcTime:146ms, electionTimeout:146ms
2019-10-16 07:00:37,774 [Thread-570] INFO  impl.RoleInfo (RoleInfo.java:shutdownFollowerState(121)) - 4f0a8cce-cba4-44f5-8366-0fb5fb6bef9c: shutdown FollowerState
2019-10-16 07:00:37,774 [Thread-570] INFO  impl.RaftServerImpl (RaftServerImpl.java:setRole(184)) - 4f0a8cce-cba4-44f5-8366-0fb5fb6bef9c@group-767F7A20ABB4: changes role from  FOLLOWER to CANDIDATE at term 3 for changeToCandidate
2019-10-16 07:00:37,774 [Thread-570] INFO  impl.RoleInfo (RoleInfo.java:updateAndGet(143)) - 4f0a8cce-cba4-44f5-8366-0fb5fb6bef9c: start LeaderElection
2019-10-16 07:00:37,804 [4f0a8cce-cba4-44f5-8366-0fb5fb6bef9c@group-8191F0FE2924-SegmentedRaftLogWorker] INFO  segmented.SegmentedRaftLogWorker (SegmentedRaftLogWorker.java:execute(576)) - 4f0a8cce-cba4-44f5-8366-0fb5fb6bef9c@group-8191F0FE2924-SegmentedRaftLogWorker: created new log segment /workdir/hadoop-ozone/integration-test/target/test-dir/MiniOzoneClusterImpl-ed1e4b0b-7f1c-4222-87cd-b4f9b4aaacc0/datanode-2/data/ratis/f6b9c1f1-d029-40c7-8c5e-8191f0fe2924/current/log_inprogress_1
2019-10-16 07:00:37,805 [4f0a8cce-cba4-44f5-8366-0fb5fb6bef9c@group-767F7A20ABB4-LeaderElection11] INFO  impl.LeaderElection (LeaderElection.java:askForVotes(178)) - 4f0a8cce-cba4-44f5-8366-0fb5fb6bef9c@group-767F7A20ABB4-LeaderElection11: begin an election at term 4 for 0: [433771fa-af38-4628-a40e-96bcd22c3694:192.168.69.68:34462, 4f0a8cce-cba4-44f5-8366-0fb5fb6bef9c:192.168.69.68:42866, d2d597b7-f29c-4b6e-a1dc-31783afe2111:192.168.69.68:40938], old=null
2019-10-16 07:00:37,817 [grpc-default-executor-0] INFO  impl.RaftServerImpl (ServerState.java:setLeader(256)) - 433771fa-af38-4628-a40e-96bcd22c3694@group-767F7A20ABB4: change Leader from d2d597b7-f29c-4b6e-a1dc-31783afe2111 to null at term 4 for updateCurrentTerm
2019-10-16 07:00:37,817 [grpc-default-executor-5] INFO  impl.RaftServerImpl (ServerState.java:setLeader(256)) - d2d597b7-f29c-4b6e-a1dc-31783afe2111@group-767F7A20ABB4: change Leader from d2d597b7-f29c-4b6e-a1dc-31783afe2111 to null at term 4 for updateCurrentTerm
2019-10-16 07:00:37,817 [grpc-default-executor-0] INFO  impl.RaftServerImpl (RaftServerImpl.java:setRole(184)) - 433771fa-af38-4628-a40e-96bcd22c3694@group-767F7A20ABB4: changes role from  FOLLOWER to FOLLOWER at term 4 for recognizeCandidate:4f0a8cce-cba4-44f5-8366-0fb5fb6bef9c
2019-10-16 07:00:37,817 [grpc-default-executor-5] INFO  impl.RaftServerImpl (RaftServerImpl.java:setRole(184)) - d2d597b7-f29c-4b6e-a1dc-31783afe2111@group-767F7A20ABB4: changes role from    LEADER to FOLLOWER at term 4 for recognizeCandidate:4f0a8cce-cba4-44f5-8366-0fb5fb6bef9c
2019-10-16 07:00:37,817 [grpc-default-executor-0] INFO  impl.RoleInfo (RoleInfo.java:shutdownFollowerState(121)) - 433771fa-af38-4628-a40e-96bcd22c3694: shutdown FollowerState
2019-10-16 07:00:37,818 [grpc-default-executor-5] INFO  impl.RoleInfo (RoleInfo.java:shutdownLeaderState(104)) - d2d597b7-f29c-4b6e-a1dc-31783afe2111: shutdown LeaderState
2019-10-16 07:00:37,818 [grpc-default-executor-0] INFO  impl.RoleInfo (RoleInfo.java:updateAndGet(143)) - 433771fa-af38-4628-a40e-96bcd22c3694: start FollowerState
2019-10-16 07:00:37,818 [Thread-241] INFO  impl.FollowerState (FollowerState.java:run(117)) - 433771fa-af38-4628-a40e-96bcd22c3694@group-767F7A20ABB4-FollowerState was interrupted: java.lang.InterruptedException: sleep interrupted
2019-10-16 07:00:37,819 [org.apache.ratis.server.impl.LogAppender$AppenderDaemon$$Lambda$439/177553888@c5bd794] WARN  server.GrpcLogAppender (GrpcLogAppender.java:mayWait(149)) - d2d597b7-f29c-4b6e-a1dc-31783afe2111@group-767F7A20ABB4->433771fa-af38-4628-a40e-96bcd22c3694-GrpcLogAppender: Wait interrupted by java.lang.InterruptedException
2019-10-16 07:00:37,820 [org.apache.ratis.server.impl.LogAppender$AppenderDaemon$$Lambda$439/177553888@3d1dff00] WARN  server.GrpcLogAppender (GrpcLogAppender.java:mayWait(149)) - d2d597b7-f29c-4b6e-a1dc-31783afe2111@group-767F7A20ABB4->4f0a8cce-cba4-44f5-8366-0fb5fb6bef9c-GrpcLogAppender: Wait interrupted by java.lang.InterruptedException
2019-10-16 07:00:37,820 [grpc-default-executor-5] INFO  impl.PendingRequests (PendingRequests.java:sendNotLeaderResponses(202)) - d2d597b7-f29c-4b6e-a1dc-31783afe2111@group-767F7A20ABB4-PendingRequests: sendNotLeaderResponses
2019-10-16 07:00:37,822 [grpc-default-executor-4] INFO  server.GrpcServerProtocolService (GrpcServerProtocolService.java:onCompleted(113)) - 433771fa-af38-4628-a40e-96bcd22c3694: Completed APPEND_ENTRIES, lastRequest: d2d597b7-f29c-4b6e-a1dc-31783afe2111->433771fa-af38-4628-a40e-96bcd22c3694#52-t3, previous=(t:3, i:10), leaderCommit=10, initializing? false, entries: <empty>
2019-10-16 07:00:37,823 [Thread-580] INFO  client.GrpcClientProtocolService (GrpcClientProtocolService.java:lambda$processClientRequest$0(278)) - Failed RaftClientRequest:client-C8ADB546B70F->d2d597b7-f29c-4b6e-a1dc-31783afe2111@group-767F7A20ABB4, cid=10, seq=0, Watch-ALL_COMMITTED(6), Message:<EMPTY>, reply=RaftClientReply:client-C8ADB546B70F->d2d597b7-f29c-4b6e-a1dc-31783afe2111@group-767F7A20ABB4, cid=10, FAILED org.apache.ratis.protocol.NotLeaderException: Server d2d597b7-f29c-4b6e-a1dc-31783afe2111@group-767F7A20ABB4 is not the leader, logIndex=0, commits[d2d597b7-f29c-4b6e-a1dc-31783afe2111:c10, 433771fa-af38-4628-a40e-96bcd22c3694:c10, 4f0a8cce-cba4-44f5-8366-0fb5fb6bef9c:c4]
2019-10-16 07:00:37,823 [grpc-default-executor-5] INFO  impl.RoleInfo (RoleInfo.java:updateAndGet(143)) - d2d597b7-f29c-4b6e-a1dc-31783afe2111: start FollowerState
2019-10-16 07:00:37,829 [grpc-default-executor-6] INFO  server.GrpcLogAppender (GrpcLogAppender.java:onCompleted(308)) - d2d597b7-f29c-4b6e-a1dc-31783afe2111@group-767F7A20ABB4->433771fa-af38-4628-a40e-96bcd22c3694-AppendLogResponseHandler: follower responses appendEntries COMPLETED
2019-10-16 07:00:37,832 [grpc-default-executor-6] INFO  impl.FollowerInfo (FollowerInfo.java:lambda$new$0(51)) - d2d597b7-f29c-4b6e-a1dc-31783afe2111@group-767F7A20ABB4->433771fa-af38-4628-a40e-96bcd22c3694: nextIndex: updateUnconditionally 11 -> 10
2019-10-16 07:00:37,860 [4f0a8cce-cba4-44f5-8366-0fb5fb6bef9c@group-767F7A20ABB4-LeaderElection11] INFO  impl.LeaderElection (LeaderElection.java:logAndReturn(56)) - 4f0a8cce-cba4-44f5-8366-0fb5fb6bef9c@group-767F7A20ABB4-LeaderElection11: Election REJECTED; received 2 response(s) [4f0a8cce-cba4-44f5-8366-0fb5fb6bef9c<-433771fa-af38-4628-a40e-96bcd22c3694#0:FAIL-t4, 4f0a8cce-cba4-44f5-8366-0fb5fb6bef9c<-d2d597b7-f29c-4b6e-a1dc-31783afe2111#0:FAIL-t4] and 0 exception(s); 4f0a8cce-cba4-44f5-8366-0fb5fb6bef9c@group-767F7A20ABB4:t4, leader=null, voted=4f0a8cce-cba4-44f5-8366-0fb5fb6bef9c, raftlog=4f0a8cce-cba4-44f5-8366-0fb5fb6bef9c@group-767F7A20ABB4-SegmentedRaftLog:OPENED:c3,f4,i4, conf=0: [433771fa-af38-4628-a40e-96bcd22c3694:192.168.69.68:34462, 4f0a8cce-cba4-44f5-8366-0fb5fb6bef9c:192.168.69.68:42866, d2d597b7-f29c-4b6e-a1dc-31783afe2111:192.168.69.68:40938], old=null
2019-10-16 07:00:37,860 [4f0a8cce-cba4-44f5-8366-0fb5fb6bef9c@group-767F7A20ABB4-LeaderElection11] INFO  impl.RaftServerImpl (RaftServerImpl.java:setRole(184)) - 4f0a8cce-cba4-44f5-8366-0fb5fb6bef9c@group-767F7A20ABB4: changes role from CANDIDATE to FOLLOWER at term 4 for DISCOVERED_A_NEW_TERM
2019-10-16 07:00:37,860 [4f0a8cce-cba4-44f5-8366-0fb5fb6bef9c@group-767F7A20ABB4-LeaderElection11] INFO  impl.RoleInfo (RoleInfo.java:shutdownLeaderElection(134)) - 4f0a8cce-cba4-44f5-8366-0fb5fb6bef9c: shutdown LeaderElection
2019-10-16 07:00:37,861 [4f0a8cce-cba4-44f5-8366-0fb5fb6bef9c@group-767F7A20ABB4-LeaderElection11] INFO  impl.RoleInfo (RoleInfo.java:updateAndGet(143)) - 4f0a8cce-cba4-44f5-8366-0fb5fb6bef9c: start FollowerState
2019-10-16 07:00:37,892 [java.util.concurrent.ThreadPoolExecutor$Worker@4e0b4352[State = -1, empty queue]] WARN  server.GrpcLogAppender (GrpcLogAppender.java:timeoutAppendRequest(209)) - d2d597b7-f29c-4b6e-a1dc-31783afe2111@group-767F7A20ABB4->4f0a8cce-cba4-44f5-8366-0fb5fb6bef9c-GrpcLogAppender: appendEntries Timeout, request=d2d597b7-f29c-4b6e-a1dc-31783afe2111->4f0a8cce-cba4-44f5-8366-0fb5fb6bef9c#51-t3, previous=(t:3, i:10), leaderCommit=10, initializing? false, entries: <empty>
2019-10-16 07:00:38,030 [pool-7-thread-1] INFO  commands.RetriableDatanodeEventWatcher (RetriableDatanodeEventWatcher.java:onTimeout(47)) - RetriableDatanodeCommand type=deleteBlocksCommand with id=1571209234027 timed out. Retrying.
2019-10-16 07:00:38,031 [pool-7-thread-3] INFO  commands.RetriableDatanodeEventWatcher (RetriableDatanodeEventWatcher.java:onTimeout(47)) - RetriableDatanodeCommand type=deleteBlocksCommand with id=1571209234024 timed out. Retrying.
2019-10-16 07:00:38,031 [SCMBlockDeletingService#0] INFO  block.SCMBlockDeletingService (SCMBlockDeletingService.java:call(184)) - Totally added 1 delete blocks command for 1 datanodes, task elapsed time: 0ms
2019-10-16 07:00:38,031 [pool-7-thread-2] INFO  commands.RetriableDatanodeEventWatcher (RetriableDatanodeEventWatcher.java:onTimeout(47)) - RetriableDatanodeCommand type=deleteBlocksCommand with id=1571209234030 timed out. Retrying.
2019-10-16 07:00:38,031 [pool-7-thread-4] INFO  commands.RetriableDatanodeEventWatcher (RetriableDatanodeEventWatcher.java:onTimeout(47)) - RetriableDatanodeCommand type=deleteBlocksCommand with id=1571209234029 timed out. Retrying.
2019-10-16 07:00:38,034 [Thread-582] INFO  impl.FollowerState (FollowerState.java:run(108)) - 4f0a8cce-cba4-44f5-8366-0fb5fb6bef9c@group-767F7A20ABB4-FollowerState: change to CANDIDATE, lastRpcTime:173ms, electionTimeout:172ms
2019-10-16 07:00:38,034 [Thread-582] INFO  impl.RoleInfo (RoleInfo.java:shutdownFollowerState(121)) - 4f0a8cce-cba4-44f5-8366-0fb5fb6bef9c: shutdown FollowerState
2019-10-16 07:00:38,034 [Thread-582] INFO  impl.RaftServerImpl (RaftServerImpl.java:setRole(184)) - 4f0a8cce-cba4-44f5-8366-0fb5fb6bef9c@group-767F7A20ABB4: changes role from  FOLLOWER to CANDIDATE at term 4 for changeToCandidate
2019-10-16 07:00:38,035 [Thread-582] INFO  impl.RoleInfo (RoleInfo.java:updateAndGet(143)) - 4f0a8cce-cba4-44f5-8366-0fb5fb6bef9c: start LeaderElection
2019-10-16 07:00:38,049 [4f0a8cce-cba4-44f5-8366-0fb5fb6bef9c@group-767F7A20ABB4-LeaderElection12] INFO  impl.LeaderElection (LeaderElection.java:askForVotes(178)) - 4f0a8cce-cba4-44f5-8366-0fb5fb6bef9c@group-767F7A20ABB4-LeaderElection12: begin an election at term 5 for 0: [433771fa-af38-4628-a40e-96bcd22c3694:192.168.69.68:34462, 4f0a8cce-cba4-44f5-8366-0fb5fb6bef9c:192.168.69.68:42866, d2d597b7-f29c-4b6e-a1dc-31783afe2111:192.168.69.68:40938], old=null
2019-10-16 07:00:38,053 [grpc-default-executor-5] INFO  impl.RaftServerImpl (RaftServerImpl.java:setRole(184)) - 433771fa-af38-4628-a40e-96bcd22c3694@group-767F7A20ABB4: changes role from  FOLLOWER to FOLLOWER at term 5 for recognizeCandidate:4f0a8cce-cba4-44f5-8366-0fb5fb6bef9c
2019-10-16 07:00:38,054 [grpc-default-executor-5] INFO  impl.RoleInfo (RoleInfo.java:shutdownFollowerState(121)) - 433771fa-af38-4628-a40e-96bcd22c3694: shutdown FollowerState
2019-10-16 07:00:38,054 [grpc-default-executor-6] INFO  impl.RaftServerImpl (RaftServerImpl.java:setRole(184)) - d2d597b7-f29c-4b6e-a1dc-31783afe2111@group-767F7A20ABB4: changes role from  FOLLOWER to FOLLOWER at term 5 for recognizeCandidate:4f0a8cce-cba4-44f5-8366-0fb5fb6bef9c
2019-10-16 07:00:38,054 [Thread-579] INFO  impl.FollowerState (FollowerState.java:run(117)) - 433771fa-af38-4628-a40e-96bcd22c3694@group-767F7A20ABB4-FollowerState was interrupted: java.lang.InterruptedException: sleep interrupted
2019-10-16 07:00:38,054 [grpc-default-executor-6] INFO  impl.RoleInfo (RoleInfo.java:shutdownFollowerState(121)) - d2d597b7-f29c-4b6e-a1dc-31783afe2111: shutdown FollowerState
2019-10-16 07:00:38,054 [grpc-default-executor-5] INFO  impl.RoleInfo (RoleInfo.java:updateAndGet(143)) - 433771fa-af38-4628-a40e-96bcd22c3694: start FollowerState
2019-10-16 07:00:38,055 [grpc-default-executor-6] INFO  impl.RoleInfo (RoleInfo.java:updateAndGet(143)) - d2d597b7-f29c-4b6e-a1dc-31783afe2111: start FollowerState
2019-10-16 07:00:38,055 [Thread-581] INFO  impl.FollowerState (FollowerState.java:run(117)) - d2d597b7-f29c-4b6e-a1dc-31783afe2111@group-767F7A20ABB4-FollowerState was interrupted: java.lang.InterruptedException: sleep interrupted
2019-10-16 07:00:38,083 [4f0a8cce-cba4-44f5-8366-0fb5fb6bef9c@group-767F7A20ABB4-LeaderElection12] INFO  impl.LeaderElection (LeaderElection.java:logAndReturn(56)) - 4f0a8cce-cba4-44f5-8366-0fb5fb6bef9c@group-767F7A20ABB4-LeaderElection12: Election REJECTED; received 2 response(s) [4f0a8cce-cba4-44f5-8366-0fb5fb6bef9c<-433771fa-af38-4628-a40e-96bcd22c3694#0:FAIL-t5, 4f0a8cce-cba4-44f5-8366-0fb5fb6bef9c<-d2d597b7-f29c-4b6e-a1dc-31783afe2111#0:FAIL-t5] and 0 exception(s); 4f0a8cce-cba4-44f5-8366-0fb5fb6bef9c@group-767F7A20ABB4:t5, leader=null, voted=4f0a8cce-cba4-44f5-8366-0fb5fb6bef9c, raftlog=4f0a8cce-cba4-44f5-8366-0fb5fb6bef9c@group-767F7A20ABB4-SegmentedRaftLog:OPENED:c3,f4,i4, conf=0: [433771fa-af38-4628-a40e-96bcd22c3694:192.168.69.68:34462, 4f0a8cce-cba4-44f5-8366-0fb5fb6bef9c:192.168.69.68:42866, d2d597b7-f29c-4b6e-a1dc-31783afe2111:192.168.69.68:40938], old=null
2019-10-16 07:00:38,083 [4f0a8cce-cba4-44f5-8366-0fb5fb6bef9c@group-767F7A20ABB4-LeaderElection12] INFO  impl.RaftServerImpl (RaftServerImpl.java:setRole(184)) - 4f0a8cce-cba4-44f5-8366-0fb5fb6bef9c@group-767F7A20ABB4: changes role from CANDIDATE to FOLLOWER at term 5 for DISCOVERED_A_NEW_TERM
2019-10-16 07:00:38,084 [4f0a8cce-cba4-44f5-8366-0fb5fb6bef9c@group-767F7A20ABB4-LeaderElection12] INFO  impl.RoleInfo (RoleInfo.java:shutdownLeaderElection(134)) - 4f0a8cce-cba4-44f5-8366-0fb5fb6bef9c: shutdown LeaderElection
2019-10-16 07:00:38,084 [4f0a8cce-cba4-44f5-8366-0fb5fb6bef9c@group-767F7A20ABB4-LeaderElection12] INFO  impl.RoleInfo (RoleInfo.java:updateAndGet(143)) - 4f0a8cce-cba4-44f5-8366-0fb5fb6bef9c: start FollowerState
2019-10-16 07:00:38,161 [Thread-588] INFO  impl.FollowerState (FollowerState.java:run(108)) - 4f0a8cce-cba4-44f5-8366-0fb5fb6bef9c@group-767F7A20ABB4-FollowerState: change to CANDIDATE, lastRpcTime:76ms, electionTimeout:75ms
2019-10-16 07:00:38,162 [Thread-588] INFO  impl.RoleInfo (RoleInfo.java:shutdownFollowerState(121)) - 4f0a8cce-cba4-44f5-8366-0fb5fb6bef9c: shutdown FollowerState
2019-10-16 07:00:38,162 [Thread-588] INFO  impl.RaftServerImpl (RaftServerImpl.java:setRole(184)) - 4f0a8cce-cba4-44f5-8366-0fb5fb6bef9c@group-767F7A20ABB4: changes role from  FOLLOWER to CANDIDATE at term 5 for changeToCandidate
2019-10-16 07:00:38,163 [Thread-588] INFO  impl.RoleInfo (RoleInfo.java:updateAndGet(143)) - 4f0a8cce-cba4-44f5-8366-0fb5fb6bef9c: start LeaderElection
2019-10-16 07:00:38,177 [4f0a8cce-cba4-44f5-8366-0fb5fb6bef9c@group-767F7A20ABB4-LeaderElection13] INFO  impl.LeaderElection (LeaderElection.java:askForVotes(178)) - 4f0a8cce-cba4-44f5-8366-0fb5fb6bef9c@group-767F7A20ABB4-LeaderElection13: begin an election at term 6 for 0: [433771fa-af38-4628-a40e-96bcd22c3694:192.168.69.68:34462, 4f0a8cce-cba4-44f5-8366-0fb5fb6bef9c:192.168.69.68:42866, d2d597b7-f29c-4b6e-a1dc-31783afe2111:192.168.69.68:40938], old=null
2019-10-16 07:00:38,182 [grpc-default-executor-6] INFO  impl.RaftServerImpl (RaftServerImpl.java:setRole(184)) - 433771fa-af38-4628-a40e-96bcd22c3694@group-767F7A20ABB4: changes role from  FOLLOWER to FOLLOWER at term 6 for recognizeCandidate:4f0a8cce-cba4-44f5-8366-0fb5fb6bef9c
2019-10-16 07:00:38,182 [grpc-default-executor-6] INFO  impl.RoleInfo (RoleInfo.java:shutdownFollowerState(121)) - 433771fa-af38-4628-a40e-96bcd22c3694: shutdown FollowerState
2019-10-16 07:00:38,183 [Thread-586] INFO  impl.FollowerState (FollowerState.java:run(117)) - 433771fa-af38-4628-a40e-96bcd22c3694@group-767F7A20ABB4-FollowerState was interrupted: java.lang.InterruptedException: sleep interrupted
2019-10-16 07:00:38,183 [grpc-default-executor-6] INFO  impl.RoleInfo (RoleInfo.java:updateAndGet(143)) - 433771fa-af38-4628-a40e-96bcd22c3694: start FollowerState
2019-10-16 07:00:38,183 [grpc-default-executor-5] INFO  impl.RaftServerImpl (RaftServerImpl.java:setRole(184)) - d2d597b7-f29c-4b6e-a1dc-31783afe2111@group-767F7A20ABB4: changes role from  FOLLOWER to FOLLOWER at term 6 for recognizeCandidate:4f0a8cce-cba4-44f5-8366-0fb5fb6bef9c
2019-10-16 07:00:38,188 [grpc-default-executor-5] INFO  impl.RoleInfo (RoleInfo.java:shutdownFollowerState(121)) - d2d597b7-f29c-4b6e-a1dc-31783afe2111: shutdown FollowerState
2019-10-16 07:00:38,188 [Thread-587] INFO  impl.FollowerState (FollowerState.java:run(117)) - d2d597b7-f29c-4b6e-a1dc-31783afe2111@group-767F7A20ABB4-FollowerState was interrupted: java.lang.InterruptedException: sleep interrupted
2019-10-16 07:00:38,188 [grpc-default-executor-5] INFO  impl.RoleInfo (RoleInfo.java:updateAndGet(143)) - d2d597b7-f29c-4b6e-a1dc-31783afe2111: start FollowerState
2019-10-16 07:00:38,199 [BlockDeletingService#0] WARN  background.BlockDeletingService (BlockDeletingService.java:isDeletionAllowed(187)) - Close Container log Index 6 is not replicated across allthe servers in the pipeline f466b838-ca87-44ef-9280-767f7a20abb4 as the min replicated index is 4. Deletion is not allowed in this container yet.
2019-10-16 07:00:38,199 [BlockDeletingService#2] WARN  background.BlockDeletingService (BlockDeletingService.java:isDeletionAllowed(187)) - Close Container log Index 6 is not replicated across allthe servers in the pipeline f466b838-ca87-44ef-9280-767f7a20abb4 as the min replicated index is 4. Deletion is not allowed in this container yet.
2019-10-16 07:00:38,215 [4f0a8cce-cba4-44f5-8366-0fb5fb6bef9c@group-767F7A20ABB4-LeaderElection13] INFO  impl.LeaderElection (LeaderElection.java:logAndReturn(56)) - 4f0a8cce-cba4-44f5-8366-0fb5fb6bef9c@group-767F7A20ABB4-LeaderElection13: Election REJECTED; received 2 response(s) [4f0a8cce-cba4-44f5-8366-0fb5fb6bef9c<-433771fa-af38-4628-a40e-96bcd22c3694#0:FAIL-t6, 4f0a8cce-cba4-44f5-8366-0fb5fb6bef9c<-d2d597b7-f29c-4b6e-a1dc-31783afe2111#0:FAIL-t6] and 0 exception(s); 4f0a8cce-cba4-44f5-8366-0fb5fb6bef9c@group-767F7A20ABB4:t6, leader=null, voted=4f0a8cce-cba4-44f5-8366-0fb5fb6bef9c, raftlog=4f0a8cce-cba4-44f5-8366-0fb5fb6bef9c@group-767F7A20ABB4-SegmentedRaftLog:OPENED:c3,f4,i4, conf=0: [433771fa-af38-4628-a40e-96bcd22c3694:192.168.69.68:34462, 4f0a8cce-cba4-44f5-8366-0fb5fb6bef9c:192.168.69.68:42866, d2d597b7-f29c-4b6e-a1dc-31783afe2111:192.168.69.68:40938], old=null
2019-10-16 07:00:38,215 [4f0a8cce-cba4-44f5-8366-0fb5fb6bef9c@group-767F7A20ABB4-LeaderElection13] INFO  impl.RaftServerImpl (RaftServerImpl.java:setRole(184)) - 4f0a8cce-cba4-44f5-8366-0fb5fb6bef9c@group-767F7A20ABB4: changes role from CANDIDATE to FOLLOWER at term 6 for DISCOVERED_A_NEW_TERM
2019-10-16 07:00:38,217 [4f0a8cce-cba4-44f5-8366-0fb5fb6bef9c@group-767F7A20ABB4-LeaderElection13] INFO  impl.RoleInfo (RoleInfo.java:shutdownLeaderElection(134)) - 4f0a8cce-cba4-44f5-8366-0fb5fb6bef9c: shutdown LeaderElection
2019-10-16 07:00:38,217 [4f0a8cce-cba4-44f5-8366-0fb5fb6bef9c@group-767F7A20ABB4-LeaderElection13] INFO  impl.RoleInfo (RoleInfo.java:updateAndGet(143)) - 4f0a8cce-cba4-44f5-8366-0fb5fb6bef9c: start FollowerState
2019-10-16 07:00:38,231 [Thread-596] INFO  impl.FollowerState (FollowerState.java:run(108)) - 4f0a8cce-cba4-44f5-8366-0fb5fb6bef9c@group-767F7A20ABB4-FollowerState: change to CANDIDATE, lastRpcTime:14ms, electionTimeout:13ms
2019-10-16 07:00:38,232 [Thread-596] INFO  impl.RoleInfo (RoleInfo.java:shutdownFollowerState(121)) - 4f0a8cce-cba4-44f5-8366-0fb5fb6bef9c: shutdown FollowerState
2019-10-16 07:00:38,233 [Thread-596] INFO  impl.RaftServerImpl (RaftServerImpl.java:setRole(184)) - 4f0a8cce-cba4-44f5-8366-0fb5fb6bef9c@group-767F7A20ABB4: changes role from  FOLLOWER to CANDIDATE at term 6 for changeToCandidate
2019-10-16 07:00:38,233 [Thread-596] INFO  impl.RoleInfo (RoleInfo.java:updateAndGet(143)) - 4f0a8cce-cba4-44f5-8366-0fb5fb6bef9c: start LeaderElection
2019-10-16 07:00:38,248 [4f0a8cce-cba4-44f5-8366-0fb5fb6bef9c@group-767F7A20ABB4-LeaderElection14] INFO  impl.LeaderElection (LeaderElection.java:askForVotes(178)) - 4f0a8cce-cba4-44f5-8366-0fb5fb6bef9c@group-767F7A20ABB4-LeaderElection14: begin an election at term 7 for 0: [433771fa-af38-4628-a40e-96bcd22c3694:192.168.69.68:34462, 4f0a8cce-cba4-44f5-8366-0fb5fb6bef9c:192.168.69.68:42866, d2d597b7-f29c-4b6e-a1dc-31783afe2111:192.168.69.68:40938], old=null
2019-10-16 07:00:38,253 [grpc-default-executor-5] INFO  impl.RaftServerImpl (RaftServerImpl.java:setRole(184)) - 433771fa-af38-4628-a40e-96bcd22c3694@group-767F7A20ABB4: changes role from  FOLLOWER to FOLLOWER at term 7 for recognizeCandidate:4f0a8cce-cba4-44f5-8366-0fb5fb6bef9c
2019-10-16 07:00:38,253 [grpc-default-executor-5] INFO  impl.RoleInfo (RoleInfo.java:shutdownFollowerState(121)) - 433771fa-af38-4628-a40e-96bcd22c3694: shutdown FollowerState
2019-10-16 07:00:38,253 [grpc-default-executor-6] INFO  impl.RaftServerImpl (RaftServerImpl.java:setRole(184)) - d2d597b7-f29c-4b6e-a1dc-31783afe2111@group-767F7A20ABB4: changes role from  FOLLOWER to FOLLOWER at term 7 for recognizeCandidate:4f0a8cce-cba4-44f5-8366-0fb5fb6bef9c
2019-10-16 07:00:38,254 [Thread-592] INFO  impl.FollowerState (FollowerState.java:run(117)) - 433771fa-af38-4628-a40e-96bcd22c3694@group-767F7A20ABB4-FollowerState was interrupted: java.lang.InterruptedException: sleep interrupted
2019-10-16 07:00:38,254 [grpc-default-executor-6] INFO  impl.RoleInfo (RoleInfo.java:shutdownFollowerState(121)) - d2d597b7-f29c-4b6e-a1dc-31783afe2111: shutdown FollowerState
2019-10-16 07:00:38,254 [grpc-default-executor-5] INFO  impl.RoleInfo (RoleInfo.java:updateAndGet(143)) - 433771fa-af38-4628-a40e-96bcd22c3694: start FollowerState
2019-10-16 07:00:38,255 [grpc-default-executor-6] INFO  impl.RoleInfo (RoleInfo.java:updateAndGet(143)) - d2d597b7-f29c-4b6e-a1dc-31783afe2111: start FollowerState
2019-10-16 07:00:38,255 [Thread-593] INFO  impl.FollowerState (FollowerState.java:run(117)) - d2d597b7-f29c-4b6e-a1dc-31783afe2111@group-767F7A20ABB4-FollowerState was interrupted: java.lang.InterruptedException: sleep interrupted
2019-10-16 07:00:38,278 [4f0a8cce-cba4-44f5-8366-0fb5fb6bef9c@group-767F7A20ABB4-LeaderElection14] INFO  impl.LeaderElection (LeaderElection.java:logAndReturn(56)) - 4f0a8cce-cba4-44f5-8366-0fb5fb6bef9c@group-767F7A20ABB4-LeaderElection14: Election REJECTED; received 2 response(s) [4f0a8cce-cba4-44f5-8366-0fb5fb6bef9c<-433771fa-af38-4628-a40e-96bcd22c3694#0:FAIL-t7, 4f0a8cce-cba4-44f5-8366-0fb5fb6bef9c<-d2d597b7-f29c-4b6e-a1dc-31783afe2111#0:FAIL-t7] and 0 exception(s); 4f0a8cce-cba4-44f5-8366-0fb5fb6bef9c@group-767F7A20ABB4:t7, leader=null, voted=4f0a8cce-cba4-44f5-8366-0fb5fb6bef9c, raftlog=4f0a8cce-cba4-44f5-8366-0fb5fb6bef9c@group-767F7A20ABB4-SegmentedRaftLog:OPENED:c3,f4,i4, conf=0: [433771fa-af38-4628-a40e-96bcd22c3694:192.168.69.68:34462, 4f0a8cce-cba4-44f5-8366-0fb5fb6bef9c:192.168.69.68:42866, d2d597b7-f29c-4b6e-a1dc-31783afe2111:192.168.69.68:40938], old=null
2019-10-16 07:00:38,278 [4f0a8cce-cba4-44f5-8366-0fb5fb6bef9c@group-767F7A20ABB4-LeaderElection14] INFO  impl.RaftServerImpl (RaftServerImpl.java:setRole(184)) - 4f0a8cce-cba4-44f5-8366-0fb5fb6bef9c@group-767F7A20ABB4: changes role from CANDIDATE to FOLLOWER at term 7 for DISCOVERED_A_NEW_TERM
2019-10-16 07:00:38,279 [4f0a8cce-cba4-44f5-8366-0fb5fb6bef9c@group-767F7A20ABB4-LeaderElection14] INFO  impl.RoleInfo (RoleInfo.java:shutdownLeaderElection(134)) - 4f0a8cce-cba4-44f5-8366-0fb5fb6bef9c: shutdown LeaderElection
2019-10-16 07:00:38,279 [4f0a8cce-cba4-44f5-8366-0fb5fb6bef9c@group-767F7A20ABB4-LeaderElection14] INFO  impl.RoleInfo (RoleInfo.java:updateAndGet(143)) - 4f0a8cce-cba4-44f5-8366-0fb5fb6bef9c: start FollowerState
2019-10-16 07:00:38,346 [Thread-602] INFO  impl.FollowerState (FollowerState.java:run(108)) - 4f0a8cce-cba4-44f5-8366-0fb5fb6bef9c@group-767F7A20ABB4-FollowerState: change to CANDIDATE, lastRpcTime:67ms, electionTimeout:66ms
2019-10-16 07:00:38,347 [Thread-602] INFO  impl.RoleInfo (RoleInfo.java:shutdownFollowerState(121)) - 4f0a8cce-cba4-44f5-8366-0fb5fb6bef9c: shutdown FollowerState
2019-10-16 07:00:38,347 [Thread-602] INFO  impl.RaftServerImpl (RaftServerImpl.java:setRole(184)) - 4f0a8cce-cba4-44f5-8366-0fb5fb6bef9c@group-767F7A20ABB4: changes role from  FOLLOWER to CANDIDATE at term 7 for changeToCandidate
2019-10-16 07:00:38,347 [Thread-602] INFO  impl.RoleInfo (RoleInfo.java:updateAndGet(143)) - 4f0a8cce-cba4-44f5-8366-0fb5fb6bef9c: start LeaderElection
2019-10-16 07:00:38,374 [4f0a8cce-cba4-44f5-8366-0fb5fb6bef9c@group-767F7A20ABB4-LeaderElection15] INFO  impl.LeaderElection (LeaderElection.java:askForVotes(178)) - 4f0a8cce-cba4-44f5-8366-0fb5fb6bef9c@group-767F7A20ABB4-LeaderElection15: begin an election at term 8 for 0: [433771fa-af38-4628-a40e-96bcd22c3694:192.168.69.68:34462, 4f0a8cce-cba4-44f5-8366-0fb5fb6bef9c:192.168.69.68:42866, d2d597b7-f29c-4b6e-a1dc-31783afe2111:192.168.69.68:40938], old=null
2019-10-16 07:00:38,378 [grpc-default-executor-6] INFO  impl.RaftServerImpl (RaftServerImpl.java:setRole(184)) - 433771fa-af38-4628-a40e-96bcd22c3694@group-767F7A20ABB4: changes role from  FOLLOWER to FOLLOWER at term 8 for recognizeCandidate:4f0a8cce-cba4-44f5-8366-0fb5fb6bef9c
2019-10-16 07:00:38,378 [grpc-default-executor-5] INFO  impl.RaftServerImpl (RaftServerImpl.java:setRole(184)) - d2d597b7-f29c-4b6e-a1dc-31783afe2111@group-767F7A20ABB4: changes role from  FOLLOWER to FOLLOWER at term 8 for recognizeCandidate:4f0a8cce-cba4-44f5-8366-0fb5fb6bef9c
2019-10-16 07:00:38,378 [grpc-default-executor-6] INFO  impl.RoleInfo (RoleInfo.java:shutdownFollowerState(121)) - 433771fa-af38-4628-a40e-96bcd22c3694: shutdown FollowerState
2019-10-16 07:00:38,378 [grpc-default-executor-5] INFO  impl.RoleInfo (RoleInfo.java:shutdownFollowerState(121)) - d2d597b7-f29c-4b6e-a1dc-31783afe2111: shutdown FollowerState
2019-10-16 07:00:38,378 [grpc-default-executor-6] INFO  impl.RoleInfo (RoleInfo.java:updateAndGet(143)) - 433771fa-af38-4628-a40e-96bcd22c3694: start FollowerState
2019-10-16 07:00:38,378 [Thread-600] INFO  impl.FollowerState (FollowerState.java:run(117)) - 433771fa-af38-4628-a40e-96bcd22c3694@group-767F7A20ABB4-FollowerState was interrupted: java.lang.InterruptedException: sleep interrupted
2019-10-16 07:00:38,378 [grpc-default-executor-5] INFO  impl.RoleInfo (RoleInfo.java:updateAndGet(143)) - d2d597b7-f29c-4b6e-a1dc-31783afe2111: start FollowerState
2019-10-16 07:00:38,378 [Thread-601] INFO  impl.FollowerState (FollowerState.java:run(117)) - d2d597b7-f29c-4b6e-a1dc-31783afe2111@group-767F7A20ABB4-FollowerState was interrupted: java.lang.InterruptedException: sleep interrupted
2019-10-16 07:00:38,396 [4f0a8cce-cba4-44f5-8366-0fb5fb6bef9c@group-767F7A20ABB4-LeaderElection15] INFO  impl.LeaderElection (LeaderElection.java:logAndReturn(56)) - 4f0a8cce-cba4-44f5-8366-0fb5fb6bef9c@group-767F7A20ABB4-LeaderElection15: Election REJECTED; received 2 response(s) [4f0a8cce-cba4-44f5-8366-0fb5fb6bef9c<-433771fa-af38-4628-a40e-96bcd22c3694#0:FAIL-t8, 4f0a8cce-cba4-44f5-8366-0fb5fb6bef9c<-d2d597b7-f29c-4b6e-a1dc-31783afe2111#0:FAIL-t8] and 0 exception(s); 4f0a8cce-cba4-44f5-8366-0fb5fb6bef9c@group-767F7A20ABB4:t8, leader=null, voted=4f0a8cce-cba4-44f5-8366-0fb5fb6bef9c, raftlog=4f0a8cce-cba4-44f5-8366-0fb5fb6bef9c@group-767F7A20ABB4-SegmentedRaftLog:OPENED:c3,f4,i4, conf=0: [433771fa-af38-4628-a40e-96bcd22c3694:192.168.69.68:34462, 4f0a8cce-cba4-44f5-8366-0fb5fb6bef9c:192.168.69.68:42866, d2d597b7-f29c-4b6e-a1dc-31783afe2111:192.168.69.68:40938], old=null
2019-10-16 07:00:38,396 [4f0a8cce-cba4-44f5-8366-0fb5fb6bef9c@group-767F7A20ABB4-LeaderElection15] INFO  impl.RaftServerImpl (RaftServerImpl.java:setRole(184)) - 4f0a8cce-cba4-44f5-8366-0fb5fb6bef9c@group-767F7A20ABB4: changes role from CANDIDATE to FOLLOWER at term 8 for DISCOVERED_A_NEW_TERM
2019-10-16 07:00:38,397 [4f0a8cce-cba4-44f5-8366-0fb5fb6bef9c@group-767F7A20ABB4-LeaderElection15] INFO  impl.RoleInfo (RoleInfo.java:shutdownLeaderElection(134)) - 4f0a8cce-cba4-44f5-8366-0fb5fb6bef9c: shutdown LeaderElection
2019-10-16 07:00:38,398 [4f0a8cce-cba4-44f5-8366-0fb5fb6bef9c@group-767F7A20ABB4-LeaderElection15] INFO  impl.RoleInfo (RoleInfo.java:updateAndGet(143)) - 4f0a8cce-cba4-44f5-8366-0fb5fb6bef9c: start FollowerState
2019-10-16 07:00:38,488 [Thread-608] INFO  impl.FollowerState (FollowerState.java:run(108)) - 4f0a8cce-cba4-44f5-8366-0fb5fb6bef9c@group-767F7A20ABB4-FollowerState: change to CANDIDATE, lastRpcTime:90ms, electionTimeout:89ms
2019-10-16 07:00:38,489 [Thread-608] INFO  impl.RoleInfo (RoleInfo.java:shutdownFollowerState(121)) - 4f0a8cce-cba4-44f5-8366-0fb5fb6bef9c: shutdown FollowerState
2019-10-16 07:00:38,489 [Thread-608] INFO  impl.RaftServerImpl (RaftServerImpl.java:setRole(184)) - 4f0a8cce-cba4-44f5-8366-0fb5fb6bef9c@group-767F7A20ABB4: changes role from  FOLLOWER to CANDIDATE at term 8 for changeToCandidate
2019-10-16 07:00:38,490 [Thread-608] INFO  impl.RoleInfo (RoleInfo.java:updateAndGet(143)) - 4f0a8cce-cba4-44f5-8366-0fb5fb6bef9c: start LeaderElection
2019-10-16 07:00:38,504 [4f0a8cce-cba4-44f5-8366-0fb5fb6bef9c@group-767F7A20ABB4-LeaderElection16] INFO  impl.LeaderElection (LeaderElection.java:askForVotes(178)) - 4f0a8cce-cba4-44f5-8366-0fb5fb6bef9c@group-767F7A20ABB4-LeaderElection16: begin an election at term 9 for 0: [433771fa-af38-4628-a40e-96bcd22c3694:192.168.69.68:34462, 4f0a8cce-cba4-44f5-8366-0fb5fb6bef9c:192.168.69.68:42866, d2d597b7-f29c-4b6e-a1dc-31783afe2111:192.168.69.68:40938], old=null
2019-10-16 07:00:38,508 [grpc-default-executor-6] INFO  impl.RaftServerImpl (RaftServerImpl.java:setRole(184)) - 433771fa-af38-4628-a40e-96bcd22c3694@group-767F7A20ABB4: changes role from  FOLLOWER to FOLLOWER at term 9 for recognizeCandidate:4f0a8cce-cba4-44f5-8366-0fb5fb6bef9c
2019-10-16 07:00:38,509 [grpc-default-executor-6] INFO  impl.RoleInfo (RoleInfo.java:shutdownFollowerState(121)) - 433771fa-af38-4628-a40e-96bcd22c3694: shutdown FollowerState
2019-10-16 07:00:38,509 [grpc-default-executor-5] INFO  impl.RaftServerImpl (RaftServerImpl.java:setRole(184)) - d2d597b7-f29c-4b6e-a1dc-31783afe2111@group-767F7A20ABB4: changes role from  FOLLOWER to FOLLOWER at term 9 for recognizeCandidate:4f0a8cce-cba4-44f5-8366-0fb5fb6bef9c
2019-10-16 07:00:38,509 [grpc-default-executor-6] INFO  impl.RoleInfo (RoleInfo.java:updateAndGet(143)) - 433771fa-af38-4628-a40e-96bcd22c3694: start FollowerState
2019-10-16 07:00:38,509 [Thread-606] INFO  impl.FollowerState (FollowerState.java:run(117)) - 433771fa-af38-4628-a40e-96bcd22c3694@group-767F7A20ABB4-FollowerState was interrupted: java.lang.InterruptedException: sleep interrupted
2019-10-16 07:00:38,509 [grpc-default-executor-5] INFO  impl.RoleInfo (RoleInfo.java:shutdownFollowerState(121)) - d2d597b7-f29c-4b6e-a1dc-31783afe2111: shutdown FollowerState
2019-10-16 07:00:38,511 [Thread-607] INFO  impl.FollowerState (FollowerState.java:run(117)) - d2d597b7-f29c-4b6e-a1dc-31783afe2111@group-767F7A20ABB4-FollowerState was interrupted: java.lang.InterruptedException: sleep interrupted
2019-10-16 07:00:38,511 [grpc-default-executor-5] INFO  impl.RoleInfo (RoleInfo.java:updateAndGet(143)) - d2d597b7-f29c-4b6e-a1dc-31783afe2111: start FollowerState
2019-10-16 07:00:38,527 [4f0a8cce-cba4-44f5-8366-0fb5fb6bef9c@group-767F7A20ABB4-LeaderElection16] INFO  impl.LeaderElection (LeaderElection.java:logAndReturn(56)) - 4f0a8cce-cba4-44f5-8366-0fb5fb6bef9c@group-767F7A20ABB4-LeaderElection16: Election REJECTED; received 2 response(s) [4f0a8cce-cba4-44f5-8366-0fb5fb6bef9c<-433771fa-af38-4628-a40e-96bcd22c3694#0:FAIL-t9, 4f0a8cce-cba4-44f5-8366-0fb5fb6bef9c<-d2d597b7-f29c-4b6e-a1dc-31783afe2111#0:FAIL-t9] and 0 exception(s); 4f0a8cce-cba4-44f5-8366-0fb5fb6bef9c@group-767F7A20ABB4:t9, leader=null, voted=4f0a8cce-cba4-44f5-8366-0fb5fb6bef9c, raftlog=4f0a8cce-cba4-44f5-8366-0fb5fb6bef9c@group-767F7A20ABB4-SegmentedRaftLog:OPENED:c3,f4,i4, conf=0: [433771fa-af38-4628-a40e-96bcd22c3694:192.168.69.68:34462, 4f0a8cce-cba4-44f5-8366-0fb5fb6bef9c:192.168.69.68:42866, d2d597b7-f29c-4b6e-a1dc-31783afe2111:192.168.69.68:40938], old=null
2019-10-16 07:00:38,527 [4f0a8cce-cba4-44f5-8366-0fb5fb6bef9c@group-767F7A20ABB4-LeaderElection16] INFO  impl.RaftServerImpl (RaftServerImpl.java:setRole(184)) - 4f0a8cce-cba4-44f5-8366-0fb5fb6bef9c@group-767F7A20ABB4: changes role from CANDIDATE to FOLLOWER at term 9 for DISCOVERED_A_NEW_TERM
2019-10-16 07:00:38,532 [4f0a8cce-cba4-44f5-8366-0fb5fb6bef9c@group-767F7A20ABB4-LeaderElection16] INFO  impl.RoleInfo (RoleInfo.java:shutdownLeaderElection(134)) - 4f0a8cce-cba4-44f5-8366-0fb5fb6bef9c: shutdown LeaderElection
2019-10-16 07:00:38,532 [4f0a8cce-cba4-44f5-8366-0fb5fb6bef9c@group-767F7A20ABB4-LeaderElection16] INFO  impl.RoleInfo (RoleInfo.java:updateAndGet(143)) - 4f0a8cce-cba4-44f5-8366-0fb5fb6bef9c: start FollowerState
2019-10-16 07:00:38,655 [Thread-614] INFO  impl.FollowerState (FollowerState.java:run(108)) - 4f0a8cce-cba4-44f5-8366-0fb5fb6bef9c@group-767F7A20ABB4-FollowerState: change to CANDIDATE, lastRpcTime:122ms, electionTimeout:122ms
2019-10-16 07:00:38,656 [Thread-614] INFO  impl.RoleInfo (RoleInfo.java:shutdownFollowerState(121)) - 4f0a8cce-cba4-44f5-8366-0fb5fb6bef9c: shutdown FollowerState
2019-10-16 07:00:38,656 [Thread-614] INFO  impl.RaftServerImpl (RaftServerImpl.java:setRole(184)) - 4f0a8cce-cba4-44f5-8366-0fb5fb6bef9c@group-767F7A20ABB4: changes role from  FOLLOWER to CANDIDATE at term 9 for changeToCandidate
2019-10-16 07:00:38,656 [Thread-614] INFO  impl.RoleInfo (RoleInfo.java:updateAndGet(143)) - 4f0a8cce-cba4-44f5-8366-0fb5fb6bef9c: start LeaderElection
2019-10-16 07:00:38,688 [4f0a8cce-cba4-44f5-8366-0fb5fb6bef9c@group-767F7A20ABB4-LeaderElection17] INFO  impl.LeaderElection (LeaderElection.java:askForVotes(178)) - 4f0a8cce-cba4-44f5-8366-0fb5fb6bef9c@group-767F7A20ABB4-LeaderElection17: begin an election at term 10 for 0: [433771fa-af38-4628-a40e-96bcd22c3694:192.168.69.68:34462, 4f0a8cce-cba4-44f5-8366-0fb5fb6bef9c:192.168.69.68:42866, d2d597b7-f29c-4b6e-a1dc-31783afe2111:192.168.69.68:40938], old=null
2019-10-16 07:00:38,693 [grpc-default-executor-5] INFO  impl.RaftServerImpl (RaftServerImpl.java:setRole(184)) - 433771fa-af38-4628-a40e-96bcd22c3694@group-767F7A20ABB4: changes role from  FOLLOWER to FOLLOWER at term 10 for recognizeCandidate:4f0a8cce-cba4-44f5-8366-0fb5fb6bef9c
2019-10-16 07:00:38,694 [grpc-default-executor-6] INFO  impl.RaftServerImpl (RaftServerImpl.java:setRole(184)) - d2d597b7-f29c-4b6e-a1dc-31783afe2111@group-767F7A20ABB4: changes role from  FOLLOWER to FOLLOWER at term 10 for recognizeCandidate:4f0a8cce-cba4-44f5-8366-0fb5fb6bef9c
2019-10-16 07:00:38,694 [grpc-default-executor-5] INFO  impl.RoleInfo (RoleInfo.java:shutdownFollowerState(121)) - 433771fa-af38-4628-a40e-96bcd22c3694: shutdown FollowerState
2019-10-16 07:00:38,694 [grpc-default-executor-6] INFO  impl.RoleInfo (RoleInfo.java:shutdownFollowerState(121)) - d2d597b7-f29c-4b6e-a1dc-31783afe2111: shutdown FollowerState
2019-10-16 07:00:38,694 [grpc-default-executor-5] INFO  impl.RoleInfo (RoleInfo.java:updateAndGet(143)) - 433771fa-af38-4628-a40e-96bcd22c3694: start FollowerState
2019-10-16 07:00:38,694 [Thread-612] INFO  impl.FollowerState (FollowerState.java:run(117)) - 433771fa-af38-4628-a40e-96bcd22c3694@group-767F7A20ABB4-FollowerState was interrupted: java.lang.InterruptedException: sleep interrupted
2019-10-16 07:00:38,694 [Thread-613] INFO  impl.FollowerState (FollowerState.java:run(117)) - d2d597b7-f29c-4b6e-a1dc-31783afe2111@group-767F7A20ABB4-FollowerState was interrupted: java.lang.InterruptedException: sleep interrupted
2019-10-16 07:00:38,694 [grpc-default-executor-6] INFO  impl.RoleInfo (RoleInfo.java:updateAndGet(143)) - d2d597b7-f29c-4b6e-a1dc-31783afe2111: start FollowerState
2019-10-16 07:00:38,711 [4f0a8cce-cba4-44f5-8366-0fb5fb6bef9c@group-767F7A20ABB4-LeaderElection17] INFO  impl.LeaderElection (LeaderElection.java:logAndReturn(56)) - 4f0a8cce-cba4-44f5-8366-0fb5fb6bef9c@group-767F7A20ABB4-LeaderElection17: Election REJECTED; received 2 response(s) [4f0a8cce-cba4-44f5-8366-0fb5fb6bef9c<-433771fa-af38-4628-a40e-96bcd22c3694#0:FAIL-t10, 4f0a8cce-cba4-44f5-8366-0fb5fb6bef9c<-d2d597b7-f29c-4b6e-a1dc-31783afe2111#0:FAIL-t10] and 0 exception(s); 4f0a8cce-cba4-44f5-8366-0fb5fb6bef9c@group-767F7A20ABB4:t10, leader=null, voted=4f0a8cce-cba4-44f5-8366-0fb5fb6bef9c, raftlog=4f0a8cce-cba4-44f5-8366-0fb5fb6bef9c@group-767F7A20ABB4-SegmentedRaftLog:OPENED:c3,f4,i4, conf=0: [433771fa-af38-4628-a40e-96bcd22c3694:192.168.69.68:34462, 4f0a8cce-cba4-44f5-8366-0fb5fb6bef9c:192.168.69.68:42866, d2d597b7-f29c-4b6e-a1dc-31783afe2111:192.168.69.68:40938], old=null
2019-10-16 07:00:38,712 [4f0a8cce-cba4-44f5-8366-0fb5fb6bef9c@group-767F7A20ABB4-LeaderElection17] INFO  impl.RaftServerImpl (RaftServerImpl.java:setRole(184)) - 4f0a8cce-cba4-44f5-8366-0fb5fb6bef9c@group-767F7A20ABB4: changes role from CANDIDATE to FOLLOWER at term 10 for DISCOVERED_A_NEW_TERM
2019-10-16 07:00:38,712 [4f0a8cce-cba4-44f5-8366-0fb5fb6bef9c@group-767F7A20ABB4-LeaderElection17] INFO  impl.RoleInfo (RoleInfo.java:shutdownLeaderElection(134)) - 4f0a8cce-cba4-44f5-8366-0fb5fb6bef9c: shutdown LeaderElection
2019-10-16 07:00:38,712 [4f0a8cce-cba4-44f5-8366-0fb5fb6bef9c@group-767F7A20ABB4-LeaderElection17] INFO  impl.RoleInfo (RoleInfo.java:updateAndGet(143)) - 4f0a8cce-cba4-44f5-8366-0fb5fb6bef9c: start FollowerState
2019-10-16 07:00:38,844 [Thread-623] INFO  client.GrpcClientProtocolService (GrpcClientProtocolService.java:lambda$processClientRequest$0(278)) - Failed RaftClientRequest:client-C8ADB546B70F->4f0a8cce-cba4-44f5-8366-0fb5fb6bef9c@group-767F7A20ABB4, cid=10, seq=0, Watch-ALL_COMMITTED(6), Message:<EMPTY>, reply=RaftClientReply:client-C8ADB546B70F->4f0a8cce-cba4-44f5-8366-0fb5fb6bef9c@group-767F7A20ABB4, cid=10, FAILED org.apache.ratis.protocol.NotLeaderException: Server 4f0a8cce-cba4-44f5-8366-0fb5fb6bef9c@group-767F7A20ABB4 is not the leader, logIndex=0, commits[4f0a8cce-cba4-44f5-8366-0fb5fb6bef9c:c3]
2019-10-16 07:00:38,888 [Thread-621] INFO  impl.FollowerState (FollowerState.java:run(108)) - 4f0a8cce-cba4-44f5-8366-0fb5fb6bef9c@group-767F7A20ABB4-FollowerState: change to CANDIDATE, lastRpcTime:176ms, electionTimeout:176ms
2019-10-16 07:00:38,889 [Thread-621] INFO  impl.RoleInfo (RoleInfo.java:shutdownFollowerState(121)) - 4f0a8cce-cba4-44f5-8366-0fb5fb6bef9c: shutdown FollowerState
2019-10-16 07:00:38,889 [Thread-621] INFO  impl.RaftServerImpl (RaftServerImpl.java:setRole(184)) - 4f0a8cce-cba4-44f5-8366-0fb5fb6bef9c@group-767F7A20ABB4: changes role from  FOLLOWER to CANDIDATE at term 10 for changeToCandidate
2019-10-16 07:00:38,889 [Thread-621] INFO  impl.RoleInfo (RoleInfo.java:updateAndGet(143)) - 4f0a8cce-cba4-44f5-8366-0fb5fb6bef9c: start LeaderElection
2019-10-16 07:00:38,902 [4f0a8cce-cba4-44f5-8366-0fb5fb6bef9c@group-767F7A20ABB4-LeaderElection18] INFO  impl.LeaderElection (LeaderElection.java:askForVotes(178)) - 4f0a8cce-cba4-44f5-8366-0fb5fb6bef9c@group-767F7A20ABB4-LeaderElection18: begin an election at term 11 for 0: [433771fa-af38-4628-a40e-96bcd22c3694:192.168.69.68:34462, 4f0a8cce-cba4-44f5-8366-0fb5fb6bef9c:192.168.69.68:42866, d2d597b7-f29c-4b6e-a1dc-31783afe2111:192.168.69.68:40938], old=null
2019-10-16 07:00:38,910 [grpc-default-executor-6] INFO  impl.RaftServerImpl (RaftServerImpl.java:setRole(184)) - 433771fa-af38-4628-a40e-96bcd22c3694@group-767F7A20ABB4: changes role from  FOLLOWER to FOLLOWER at term 11 for recognizeCandidate:4f0a8cce-cba4-44f5-8366-0fb5fb6bef9c
2019-10-16 07:00:38,911 [grpc-default-executor-6] INFO  impl.RoleInfo (RoleInfo.java:shutdownFollowerState(121)) - 433771fa-af38-4628-a40e-96bcd22c3694: shutdown FollowerState
2019-10-16 07:00:38,912 [grpc-default-executor-6] INFO  impl.RoleInfo (RoleInfo.java:updateAndGet(143)) - 433771fa-af38-4628-a40e-96bcd22c3694: start FollowerState
2019-10-16 07:00:38,912 [grpc-default-executor-5] INFO  impl.RaftServerImpl (RaftServerImpl.java:setRole(184)) - d2d597b7-f29c-4b6e-a1dc-31783afe2111@group-767F7A20ABB4: changes role from  FOLLOWER to FOLLOWER at term 11 for recognizeCandidate:4f0a8cce-cba4-44f5-8366-0fb5fb6bef9c
2019-10-16 07:00:38,912 [grpc-default-executor-5] INFO  impl.RoleInfo (RoleInfo.java:shutdownFollowerState(121)) - d2d597b7-f29c-4b6e-a1dc-31783afe2111: shutdown FollowerState
2019-10-16 07:00:38,912 [Thread-619] INFO  impl.FollowerState (FollowerState.java:run(117)) - 433771fa-af38-4628-a40e-96bcd22c3694@group-767F7A20ABB4-FollowerState was interrupted: java.lang.InterruptedException: sleep interrupted
2019-10-16 07:00:38,912 [grpc-default-executor-5] INFO  impl.RoleInfo (RoleInfo.java:updateAndGet(143)) - d2d597b7-f29c-4b6e-a1dc-31783afe2111: start FollowerState
2019-10-16 07:00:38,912 [Thread-620] INFO  impl.FollowerState (FollowerState.java:run(117)) - d2d597b7-f29c-4b6e-a1dc-31783afe2111@group-767F7A20ABB4-FollowerState was interrupted: java.lang.InterruptedException: sleep interrupted
2019-10-16 07:00:38,924 [4f0a8cce-cba4-44f5-8366-0fb5fb6bef9c@group-767F7A20ABB4-LeaderElection18] INFO  impl.LeaderElection (LeaderElection.java:logAndReturn(56)) - 4f0a8cce-cba4-44f5-8366-0fb5fb6bef9c@group-767F7A20ABB4-LeaderElection18: Election REJECTED; received 2 response(s) [4f0a8cce-cba4-44f5-8366-0fb5fb6bef9c<-433771fa-af38-4628-a40e-96bcd22c3694#0:FAIL-t11, 4f0a8cce-cba4-44f5-8366-0fb5fb6bef9c<-d2d597b7-f29c-4b6e-a1dc-31783afe2111#0:FAIL-t11] and 0 exception(s); 4f0a8cce-cba4-44f5-8366-0fb5fb6bef9c@group-767F7A20ABB4:t11, leader=null, voted=4f0a8cce-cba4-44f5-8366-0fb5fb6bef9c, raftlog=4f0a8cce-cba4-44f5-8366-0fb5fb6bef9c@group-767F7A20ABB4-SegmentedRaftLog:OPENED:c3,f4,i4, conf=0: [433771fa-af38-4628-a40e-96bcd22c3694:192.168.69.68:34462, 4f0a8cce-cba4-44f5-8366-0fb5fb6bef9c:192.168.69.68:42866, d2d597b7-f29c-4b6e-a1dc-31783afe2111:192.168.69.68:40938], old=null
2019-10-16 07:00:38,925 [4f0a8cce-cba4-44f5-8366-0fb5fb6bef9c@group-767F7A20ABB4-LeaderElection18] INFO  impl.RaftServerImpl (RaftServerImpl.java:setRole(184)) - 4f0a8cce-cba4-44f5-8366-0fb5fb6bef9c@group-767F7A20ABB4: changes role from CANDIDATE to FOLLOWER at term 11 for DISCOVERED_A_NEW_TERM
2019-10-16 07:00:38,925 [4f0a8cce-cba4-44f5-8366-0fb5fb6bef9c@group-767F7A20ABB4-LeaderElection18] INFO  impl.RoleInfo (RoleInfo.java:shutdownLeaderElection(134)) - 4f0a8cce-cba4-44f5-8366-0fb5fb6bef9c: shutdown LeaderElection
2019-10-16 07:00:38,925 [4f0a8cce-cba4-44f5-8366-0fb5fb6bef9c@group-767F7A20ABB4-LeaderElection18] INFO  impl.RoleInfo (RoleInfo.java:updateAndGet(143)) - 4f0a8cce-cba4-44f5-8366-0fb5fb6bef9c: start FollowerState
2019-10-16 07:00:39,032 [pool-7-thread-4] INFO  commands.RetriableDatanodeEventWatcher (RetriableDatanodeEventWatcher.java:onTimeout(47)) - RetriableDatanodeCommand type=deleteBlocksCommand with id=1571209234027 timed out. Retrying.
2019-10-16 07:00:39,033 [SCMBlockDeletingService#0] INFO  block.SCMBlockDeletingService (SCMBlockDeletingService.java:call(184)) - Totally added 1 delete blocks command for 1 datanodes, task elapsed time: 2ms
2019-10-16 07:00:39,033 [pool-7-thread-5] INFO  commands.RetriableDatanodeEventWatcher (RetriableDatanodeEventWatcher.java:onTimeout(47)) - RetriableDatanodeCommand type=deleteBlocksCommand with id=1571209234029 timed out. Retrying.
2019-10-16 07:00:39,034 [pool-7-thread-3] INFO  commands.RetriableDatanodeEventWatcher (RetriableDatanodeEventWatcher.java:onTimeout(47)) - RetriableDatanodeCommand type=deleteBlocksCommand with id=1571209234031 timed out. Retrying.
2019-10-16 07:00:39,034 [pool-7-thread-1] INFO  commands.RetriableDatanodeEventWatcher (RetriableDatanodeEventWatcher.java:onTimeout(47)) - RetriableDatanodeCommand type=deleteBlocksCommand with id=1571209234030 timed out. Retrying.
2019-10-16 07:00:39,034 [pool-7-thread-2] INFO  commands.RetriableDatanodeEventWatcher (RetriableDatanodeEventWatcher.java:onTimeout(47)) - RetriableDatanodeCommand type=deleteBlocksCommand with id=1571209234024 timed out. Retrying.
2019-10-16 07:00:39,070 [Thread-630] INFO  impl.FollowerState (FollowerState.java:run(108)) - 4f0a8cce-cba4-44f5-8366-0fb5fb6bef9c@group-767F7A20ABB4-FollowerState: change to CANDIDATE, lastRpcTime:145ms, electionTimeout:145ms
2019-10-16 07:00:39,071 [Thread-630] INFO  impl.RoleInfo (RoleInfo.java:shutdownFollowerState(121)) - 4f0a8cce-cba4-44f5-8366-0fb5fb6bef9c: shutdown FollowerState
2019-10-16 07:00:39,071 [Thread-630] INFO  impl.RaftServerImpl (RaftServerImpl.java:setRole(184)) - 4f0a8cce-cba4-44f5-8366-0fb5fb6bef9c@group-767F7A20ABB4: changes role from  FOLLOWER to CANDIDATE at term 11 for changeToCandidate
2019-10-16 07:00:39,071 [Thread-630] INFO  impl.RoleInfo (RoleInfo.java:updateAndGet(143)) - 4f0a8cce-cba4-44f5-8366-0fb5fb6bef9c: start LeaderElection
2019-10-16 07:00:39,086 [4f0a8cce-cba4-44f5-8366-0fb5fb6bef9c@group-767F7A20ABB4-LeaderElection19] INFO  impl.LeaderElection (LeaderElection.java:askForVotes(178)) - 4f0a8cce-cba4-44f5-8366-0fb5fb6bef9c@group-767F7A20ABB4-LeaderElection19: begin an election at term 12 for 0: [433771fa-af38-4628-a40e-96bcd22c3694:192.168.69.68:34462, 4f0a8cce-cba4-44f5-8366-0fb5fb6bef9c:192.168.69.68:42866, d2d597b7-f29c-4b6e-a1dc-31783afe2111:192.168.69.68:40938], old=null
2019-10-16 07:00:39,090 [grpc-default-executor-6] INFO  impl.RaftServerImpl (RaftServerImpl.java:setRole(184)) - d2d597b7-f29c-4b6e-a1dc-31783afe2111@group-767F7A20ABB4: changes role from  FOLLOWER to FOLLOWER at term 12 for recognizeCandidate:4f0a8cce-cba4-44f5-8366-0fb5fb6bef9c
2019-10-16 07:00:39,091 [grpc-default-executor-6] INFO  impl.RoleInfo (RoleInfo.java:shutdownFollowerState(121)) - d2d597b7-f29c-4b6e-a1dc-31783afe2111: shutdown FollowerState
2019-10-16 07:00:39,091 [grpc-default-executor-5] INFO  impl.RaftServerImpl (RaftServerImpl.java:setRole(184)) - 433771fa-af38-4628-a40e-96bcd22c3694@group-767F7A20ABB4: changes role from  FOLLOWER to FOLLOWER at term 12 for recognizeCandidate:4f0a8cce-cba4-44f5-8366-0fb5fb6bef9c
2019-10-16 07:00:39,091 [grpc-default-executor-6] INFO  impl.RoleInfo (RoleInfo.java:updateAndGet(143)) - d2d597b7-f29c-4b6e-a1dc-31783afe2111: start FollowerState
2019-10-16 07:00:39,091 [Thread-629] INFO  impl.FollowerState (FollowerState.java:run(117)) - d2d597b7-f29c-4b6e-a1dc-31783afe2111@group-767F7A20ABB4-FollowerState was interrupted: java.lang.InterruptedException: sleep interrupted
2019-10-16 07:00:39,091 [4f0a8cce-cba4-44f5-8366-0fb5fb6bef9c@group-767F7A20ABB4-LeaderElection19] INFO  impl.LeaderElection (LeaderElection.java:logAndReturn(56)) - 4f0a8cce-cba4-44f5-8366-0fb5fb6bef9c@group-767F7A20ABB4-LeaderElection19: Election TIMEOUT; received 0 response(s) [] and 0 exception(s); 4f0a8cce-cba4-44f5-8366-0fb5fb6bef9c@group-767F7A20ABB4:t12, leader=null, voted=4f0a8cce-cba4-44f5-8366-0fb5fb6bef9c, raftlog=4f0a8cce-cba4-44f5-8366-0fb5fb6bef9c@group-767F7A20ABB4-SegmentedRaftLog:OPENED:c3,f4,i4, conf=0: [433771fa-af38-4628-a40e-96bcd22c3694:192.168.69.68:34462, 4f0a8cce-cba4-44f5-8366-0fb5fb6bef9c:192.168.69.68:42866, d2d597b7-f29c-4b6e-a1dc-31783afe2111:192.168.69.68:40938], old=null
2019-10-16 07:00:39,091 [grpc-default-executor-5] INFO  impl.RoleInfo (RoleInfo.java:shutdownFollowerState(121)) - 433771fa-af38-4628-a40e-96bcd22c3694: shutdown FollowerState
2019-10-16 07:00:39,092 [grpc-default-executor-5] INFO  impl.RoleInfo (RoleInfo.java:updateAndGet(143)) - 433771fa-af38-4628-a40e-96bcd22c3694: start FollowerState
2019-10-16 07:00:39,092 [Thread-628] INFO  impl.FollowerState (FollowerState.java:run(117)) - 433771fa-af38-4628-a40e-96bcd22c3694@group-767F7A20ABB4-FollowerState was interrupted: java.lang.InterruptedException: sleep interrupted
2019-10-16 07:00:39,106 [4f0a8cce-cba4-44f5-8366-0fb5fb6bef9c@group-767F7A20ABB4-LeaderElection19] INFO  impl.LeaderElection (LeaderElection.java:askForVotes(178)) - 4f0a8cce-cba4-44f5-8366-0fb5fb6bef9c@group-767F7A20ABB4-LeaderElection19: begin an election at term 13 for 0: [433771fa-af38-4628-a40e-96bcd22c3694:192.168.69.68:34462, 4f0a8cce-cba4-44f5-8366-0fb5fb6bef9c:192.168.69.68:42866, d2d597b7-f29c-4b6e-a1dc-31783afe2111:192.168.69.68:40938], old=null
2019-10-16 07:00:39,111 [grpc-default-executor-5] INFO  impl.RaftServerImpl (RaftServerImpl.java:setRole(184)) - 433771fa-af38-4628-a40e-96bcd22c3694@group-767F7A20ABB4: changes role from  FOLLOWER to FOLLOWER at term 13 for recognizeCandidate:4f0a8cce-cba4-44f5-8366-0fb5fb6bef9c
2019-10-16 07:00:39,111 [grpc-default-executor-6] INFO  impl.RaftServerImpl (RaftServerImpl.java:setRole(184)) - d2d597b7-f29c-4b6e-a1dc-31783afe2111@group-767F7A20ABB4: changes role from  FOLLOWER to FOLLOWER at term 13 for recognizeCandidate:4f0a8cce-cba4-44f5-8366-0fb5fb6bef9c
2019-10-16 07:00:39,111 [grpc-default-executor-5] INFO  impl.RoleInfo (RoleInfo.java:shutdownFollowerState(121)) - 433771fa-af38-4628-a40e-96bcd22c3694: shutdown FollowerState
2019-10-16 07:00:39,111 [grpc-default-executor-6] INFO  impl.RoleInfo (RoleInfo.java:shutdownFollowerState(121)) - d2d597b7-f29c-4b6e-a1dc-31783afe2111: shutdown FollowerState
2019-10-16 07:00:39,112 [grpc-default-executor-5] INFO  impl.RoleInfo (RoleInfo.java:updateAndGet(143)) - 433771fa-af38-4628-a40e-96bcd22c3694: start FollowerState
2019-10-16 07:00:39,112 [Thread-635] INFO  impl.FollowerState (FollowerState.java:run(117)) - 433771fa-af38-4628-a40e-96bcd22c3694@group-767F7A20ABB4-FollowerState was interrupted: java.lang.InterruptedException: sleep interrupted
2019-10-16 07:00:39,112 [grpc-default-executor-6] INFO  impl.RoleInfo (RoleInfo.java:updateAndGet(143)) - d2d597b7-f29c-4b6e-a1dc-31783afe2111: start FollowerState
2019-10-16 07:00:39,112 [Thread-634] INFO  impl.FollowerState (FollowerState.java:run(117)) - d2d597b7-f29c-4b6e-a1dc-31783afe2111@group-767F7A20ABB4-FollowerState was interrupted: java.lang.InterruptedException: sleep interrupted
2019-10-16 07:00:39,137 [4f0a8cce-cba4-44f5-8366-0fb5fb6bef9c@group-767F7A20ABB4-LeaderElection19] INFO  impl.LeaderElection (LeaderElection.java:logAndReturn(56)) - 4f0a8cce-cba4-44f5-8366-0fb5fb6bef9c@group-767F7A20ABB4-LeaderElection19: Election REJECTED; received 2 response(s) [4f0a8cce-cba4-44f5-8366-0fb5fb6bef9c<-433771fa-af38-4628-a40e-96bcd22c3694#0:FAIL-t13, 4f0a8cce-cba4-44f5-8366-0fb5fb6bef9c<-d2d597b7-f29c-4b6e-a1dc-31783afe2111#0:FAIL-t13] and 0 exception(s); 4f0a8cce-cba4-44f5-8366-0fb5fb6bef9c@group-767F7A20ABB4:t13, leader=null, voted=4f0a8cce-cba4-44f5-8366-0fb5fb6bef9c, raftlog=4f0a8cce-cba4-44f5-8366-0fb5fb6bef9c@group-767F7A20ABB4-SegmentedRaftLog:OPENED:c3,f4,i4, conf=0: [433771fa-af38-4628-a40e-96bcd22c3694:192.168.69.68:34462, 4f0a8cce-cba4-44f5-8366-0fb5fb6bef9c:192.168.69.68:42866, d2d597b7-f29c-4b6e-a1dc-31783afe2111:192.168.69.68:40938], old=null
2019-10-16 07:00:39,137 [4f0a8cce-cba4-44f5-8366-0fb5fb6bef9c@group-767F7A20ABB4-LeaderElection19] INFO  impl.RaftServerImpl (RaftServerImpl.java:setRole(184)) - 4f0a8cce-cba4-44f5-8366-0fb5fb6bef9c@group-767F7A20ABB4: changes role from CANDIDATE to FOLLOWER at term 13 for DISCOVERED_A_NEW_TERM
2019-10-16 07:00:39,138 [4f0a8cce-cba4-44f5-8366-0fb5fb6bef9c@group-767F7A20ABB4-LeaderElection19] INFO  impl.RoleInfo (RoleInfo.java:shutdownLeaderElection(134)) - 4f0a8cce-cba4-44f5-8366-0fb5fb6bef9c: shutdown LeaderElection
2019-10-16 07:00:39,138 [4f0a8cce-cba4-44f5-8366-0fb5fb6bef9c@group-767F7A20ABB4-LeaderElection19] INFO  impl.RoleInfo (RoleInfo.java:updateAndGet(143)) - 4f0a8cce-cba4-44f5-8366-0fb5fb6bef9c: start FollowerState
2019-10-16 07:00:39,200 [BlockDeletingService#0] WARN  background.BlockDeletingService (BlockDeletingService.java:isDeletionAllowed(187)) - Close Container log Index 6 is not replicated across allthe servers in the pipeline f466b838-ca87-44ef-9280-767f7a20abb4 as the min replicated index is 4. Deletion is not allowed in this container yet.
2019-10-16 07:00:39,201 [BlockDeletingService#2] WARN  background.BlockDeletingService (BlockDeletingService.java:isDeletionAllowed(187)) - Close Container log Index 6 is not replicated across allthe servers in the pipeline f466b838-ca87-44ef-9280-767f7a20abb4 as the min replicated index is 4. Deletion is not allowed in this container yet.
2019-10-16 07:00:39,254 [Thread-640] INFO  impl.FollowerState (FollowerState.java:run(108)) - 4f0a8cce-cba4-44f5-8366-0fb5fb6bef9c@group-767F7A20ABB4-FollowerState: change to CANDIDATE, lastRpcTime:116ms, electionTimeout:116ms
2019-10-16 07:00:39,254 [Thread-640] INFO  impl.RoleInfo (RoleInfo.java:shutdownFollowerState(121)) - 4f0a8cce-cba4-44f5-8366-0fb5fb6bef9c: shutdown FollowerState
2019-10-16 07:00:39,254 [Thread-640] INFO  impl.RaftServerImpl (RaftServerImpl.java:setRole(184)) - 4f0a8cce-cba4-44f5-8366-0fb5fb6bef9c@group-767F7A20ABB4: changes role from  FOLLOWER to CANDIDATE at term 13 for changeToCandidate
2019-10-16 07:00:39,255 [Thread-640] INFO  impl.RoleInfo (RoleInfo.java:updateAndGet(143)) - 4f0a8cce-cba4-44f5-8366-0fb5fb6bef9c: start LeaderElection
2019-10-16 07:00:39,267 [4f0a8cce-cba4-44f5-8366-0fb5fb6bef9c@group-767F7A20ABB4-LeaderElection20] INFO  impl.LeaderElection (LeaderElection.java:askForVotes(178)) - 4f0a8cce-cba4-44f5-8366-0fb5fb6bef9c@group-767F7A20ABB4-LeaderElection20: begin an election at term 14 for 0: [433771fa-af38-4628-a40e-96bcd22c3694:192.168.69.68:34462, 4f0a8cce-cba4-44f5-8366-0fb5fb6bef9c:192.168.69.68:42866, d2d597b7-f29c-4b6e-a1dc-31783afe2111:192.168.69.68:40938], old=null
2019-10-16 07:00:39,268 [4f0a8cce-cba4-44f5-8366-0fb5fb6bef9c@group-767F7A20ABB4-LeaderElection20] INFO  impl.LeaderElection (LeaderElection.java:logAndReturn(56)) - 4f0a8cce-cba4-44f5-8366-0fb5fb6bef9c@group-767F7A20ABB4-LeaderElection20: Election TIMEOUT; received 0 response(s) [] and 0 exception(s); 4f0a8cce-cba4-44f5-8366-0fb5fb6bef9c@group-767F7A20ABB4:t14, leader=null, voted=4f0a8cce-cba4-44f5-8366-0fb5fb6bef9c, raftlog=4f0a8cce-cba4-44f5-8366-0fb5fb6bef9c@group-767F7A20ABB4-SegmentedRaftLog:OPENED:c3,f4,i4, conf=0: [433771fa-af38-4628-a40e-96bcd22c3694:192.168.69.68:34462, 4f0a8cce-cba4-44f5-8366-0fb5fb6bef9c:192.168.69.68:42866, d2d597b7-f29c-4b6e-a1dc-31783afe2111:192.168.69.68:40938], old=null
2019-10-16 07:00:39,271 [grpc-default-executor-5] INFO  impl.RaftServerImpl (RaftServerImpl.java:setRole(184)) - d2d597b7-f29c-4b6e-a1dc-31783afe2111@group-767F7A20ABB4: changes role from  FOLLOWER to FOLLOWER at term 14 for recognizeCandidate:4f0a8cce-cba4-44f5-8366-0fb5fb6bef9c
2019-10-16 07:00:39,271 [grpc-default-executor-5] INFO  impl.RoleInfo (RoleInfo.java:shutdownFollowerState(121)) - d2d597b7-f29c-4b6e-a1dc-31783afe2111: shutdown FollowerState
2019-10-16 07:00:39,271 [grpc-default-executor-6] INFO  impl.RaftServerImpl (RaftServerImpl.java:setRole(184)) - 433771fa-af38-4628-a40e-96bcd22c3694@group-767F7A20ABB4: changes role from  FOLLOWER to FOLLOWER at term 14 for recognizeCandidate:4f0a8cce-cba4-44f5-8366-0fb5fb6bef9c
2019-10-16 07:00:39,272 [Thread-639] INFO  impl.FollowerState (FollowerState.java:run(117)) - d2d597b7-f29c-4b6e-a1dc-31783afe2111@group-767F7A20ABB4-FollowerState was interrupted: java.lang.InterruptedException: sleep interrupted
2019-10-16 07:00:39,272 [grpc-default-executor-6] INFO  impl.RoleInfo (RoleInfo.java:shutdownFollowerState(121)) - 433771fa-af38-4628-a40e-96bcd22c3694: shutdown FollowerState
2019-10-16 07:00:39,272 [grpc-default-executor-5] INFO  impl.RoleInfo (RoleInfo.java:updateAndGet(143)) - d2d597b7-f29c-4b6e-a1dc-31783afe2111: start FollowerState
2019-10-16 07:00:39,272 [Thread-638] INFO  impl.FollowerState (FollowerState.java:run(117)) - 433771fa-af38-4628-a40e-96bcd22c3694@group-767F7A20ABB4-FollowerState was interrupted: java.lang.InterruptedException: sleep interrupted
2019-10-16 07:00:39,272 [grpc-default-executor-6] INFO  impl.RoleInfo (RoleInfo.java:updateAndGet(143)) - 433771fa-af38-4628-a40e-96bcd22c3694: start FollowerState
2019-10-16 07:00:39,284 [4f0a8cce-cba4-44f5-8366-0fb5fb6bef9c@group-767F7A20ABB4-LeaderElection20] INFO  impl.LeaderElection (LeaderElection.java:askForVotes(178)) - 4f0a8cce-cba4-44f5-8366-0fb5fb6bef9c@group-767F7A20ABB4-LeaderElection20: begin an election at term 15 for 0: [433771fa-af38-4628-a40e-96bcd22c3694:192.168.69.68:34462, 4f0a8cce-cba4-44f5-8366-0fb5fb6bef9c:192.168.69.68:42866, d2d597b7-f29c-4b6e-a1dc-31783afe2111:192.168.69.68:40938], old=null
2019-10-16 07:00:39,287 [grpc-default-executor-5] INFO  impl.RaftServerImpl (RaftServerImpl.java:setRole(184)) - d2d597b7-f29c-4b6e-a1dc-31783afe2111@group-767F7A20ABB4: changes role from  FOLLOWER to FOLLOWER at term 15 for recognizeCandidate:4f0a8cce-cba4-44f5-8366-0fb5fb6bef9c
2019-10-16 07:00:39,287 [grpc-default-executor-6] INFO  impl.RaftServerImpl (RaftServerImpl.java:setRole(184)) - 433771fa-af38-4628-a40e-96bcd22c3694@group-767F7A20ABB4: changes role from  FOLLOWER to FOLLOWER at term 15 for recognizeCandidate:4f0a8cce-cba4-44f5-8366-0fb5fb6bef9c
2019-10-16 07:00:39,287 [grpc-default-executor-5] INFO  impl.RoleInfo (RoleInfo.java:shutdownFollowerState(121)) - d2d597b7-f29c-4b6e-a1dc-31783afe2111: shutdown FollowerState
2019-10-16 07:00:39,287 [grpc-default-executor-6] INFO  impl.RoleInfo (RoleInfo.java:shutdownFollowerState(121)) - 433771fa-af38-4628-a40e-96bcd22c3694: shutdown FollowerState
2019-10-16 07:00:39,288 [Thread-646] INFO  impl.FollowerState (FollowerState.java:run(117)) - d2d597b7-f29c-4b6e-a1dc-31783afe2111@group-767F7A20ABB4-FollowerState was interrupted: java.lang.InterruptedException: sleep interrupted
2019-10-16 07:00:39,288 [grpc-default-executor-5] INFO  impl.RoleInfo (RoleInfo.java:updateAndGet(143)) - d2d597b7-f29c-4b6e-a1dc-31783afe2111: start FollowerState
2019-10-16 07:00:39,288 [grpc-default-executor-6] INFO  impl.RoleInfo (RoleInfo.java:updateAndGet(143)) - 433771fa-af38-4628-a40e-96bcd22c3694: start FollowerState
2019-10-16 07:00:39,288 [Thread-647] INFO  impl.FollowerState (FollowerState.java:run(117)) - 433771fa-af38-4628-a40e-96bcd22c3694@group-767F7A20ABB4-FollowerState was interrupted: java.lang.InterruptedException: sleep interrupted
2019-10-16 07:00:39,297 [4f0a8cce-cba4-44f5-8366-0fb5fb6bef9c@group-767F7A20ABB4-LeaderElection20] INFO  impl.LeaderElection (LeaderElection.java:logAndReturn(56)) - 4f0a8cce-cba4-44f5-8366-0fb5fb6bef9c@group-767F7A20ABB4-LeaderElection20: Election TIMEOUT; received 0 response(s) [] and 0 exception(s); 4f0a8cce-cba4-44f5-8366-0fb5fb6bef9c@group-767F7A20ABB4:t15, leader=null, voted=4f0a8cce-cba4-44f5-8366-0fb5fb6bef9c, raftlog=4f0a8cce-cba4-44f5-8366-0fb5fb6bef9c@group-767F7A20ABB4-SegmentedRaftLog:OPENED:c3,f4,i4, conf=0: [433771fa-af38-4628-a40e-96bcd22c3694:192.168.69.68:34462, 4f0a8cce-cba4-44f5-8366-0fb5fb6bef9c:192.168.69.68:42866, d2d597b7-f29c-4b6e-a1dc-31783afe2111:192.168.69.68:40938], old=null
2019-10-16 07:00:39,302 [4f0a8cce-cba4-44f5-8366-0fb5fb6bef9c@group-767F7A20ABB4-LeaderElection20] INFO  impl.LeaderElection (LeaderElection.java:askForVotes(178)) - 4f0a8cce-cba4-44f5-8366-0fb5fb6bef9c@group-767F7A20ABB4-LeaderElection20: begin an election at term 16 for 0: [433771fa-af38-4628-a40e-96bcd22c3694:192.168.69.68:34462, 4f0a8cce-cba4-44f5-8366-0fb5fb6bef9c:192.168.69.68:42866, d2d597b7-f29c-4b6e-a1dc-31783afe2111:192.168.69.68:40938], old=null
2019-10-16 07:00:39,304 [grpc-default-executor-6] INFO  impl.RaftServerImpl (RaftServerImpl.java:setRole(184)) - 433771fa-af38-4628-a40e-96bcd22c3694@group-767F7A20ABB4: changes role from  FOLLOWER to FOLLOWER at term 16 for recognizeCandidate:4f0a8cce-cba4-44f5-8366-0fb5fb6bef9c
2019-10-16 07:00:39,305 [grpc-default-executor-6] INFO  impl.RoleInfo (RoleInfo.java:shutdownFollowerState(121)) - 433771fa-af38-4628-a40e-96bcd22c3694: shutdown FollowerState
2019-10-16 07:00:39,306 [grpc-default-executor-6] INFO  impl.RoleInfo (RoleInfo.java:updateAndGet(143)) - 433771fa-af38-4628-a40e-96bcd22c3694: start FollowerState
2019-10-16 07:00:39,306 [Thread-651] INFO  impl.FollowerState (FollowerState.java:run(117)) - 433771fa-af38-4628-a40e-96bcd22c3694@group-767F7A20ABB4-FollowerState was interrupted: java.lang.InterruptedException: sleep interrupted
2019-10-16 07:00:39,306 [grpc-default-executor-5] INFO  impl.RaftServerImpl (RaftServerImpl.java:setRole(184)) - d2d597b7-f29c-4b6e-a1dc-31783afe2111@group-767F7A20ABB4: changes role from  FOLLOWER to FOLLOWER at term 16 for recognizeCandidate:4f0a8cce-cba4-44f5-8366-0fb5fb6bef9c
2019-10-16 07:00:39,306 [grpc-default-executor-5] INFO  impl.RoleInfo (RoleInfo.java:shutdownFollowerState(121)) - d2d597b7-f29c-4b6e-a1dc-31783afe2111: shutdown FollowerState
2019-10-16 07:00:39,306 [Thread-650] INFO  impl.FollowerState (FollowerState.java:run(117)) - d2d597b7-f29c-4b6e-a1dc-31783afe2111@group-767F7A20ABB4-FollowerState was interrupted: java.lang.InterruptedException: sleep interrupted
2019-10-16 07:00:39,306 [grpc-default-executor-5] INFO  impl.RoleInfo (RoleInfo.java:updateAndGet(143)) - d2d597b7-f29c-4b6e-a1dc-31783afe2111: start FollowerState
2019-10-16 07:00:39,321 [4f0a8cce-cba4-44f5-8366-0fb5fb6bef9c@group-767F7A20ABB4-LeaderElection20] INFO  impl.LeaderElection (LeaderElection.java:logAndReturn(56)) - 4f0a8cce-cba4-44f5-8366-0fb5fb6bef9c@group-767F7A20ABB4-LeaderElection20: Election REJECTED; received 2 response(s) [4f0a8cce-cba4-44f5-8366-0fb5fb6bef9c<-433771fa-af38-4628-a40e-96bcd22c3694#0:FAIL-t16, 4f0a8cce-cba4-44f5-8366-0fb5fb6bef9c<-d2d597b7-f29c-4b6e-a1dc-31783afe2111#0:FAIL-t16] and 0 exception(s); 4f0a8cce-cba4-44f5-8366-0fb5fb6bef9c@group-767F7A20ABB4:t16, leader=null, voted=4f0a8cce-cba4-44f5-8366-0fb5fb6bef9c, raftlog=4f0a8cce-cba4-44f5-8366-0fb5fb6bef9c@group-767F7A20ABB4-SegmentedRaftLog:OPENED:c3,f4,i4, conf=0: [433771fa-af38-4628-a40e-96bcd22c3694:192.168.69.68:34462, 4f0a8cce-cba4-44f5-8366-0fb5fb6bef9c:192.168.69.68:42866, d2d597b7-f29c-4b6e-a1dc-31783afe2111:192.168.69.68:40938], old=null
2019-10-16 07:00:39,321 [4f0a8cce-cba4-44f5-8366-0fb5fb6bef9c@group-767F7A20ABB4-LeaderElection20] INFO  impl.RaftServerImpl (RaftServerImpl.java:setRole(184)) - 4f0a8cce-cba4-44f5-8366-0fb5fb6bef9c@group-767F7A20ABB4: changes role from CANDIDATE to FOLLOWER at term 16 for DISCOVERED_A_NEW_TERM
2019-10-16 07:00:39,321 [4f0a8cce-cba4-44f5-8366-0fb5fb6bef9c@group-767F7A20ABB4-LeaderElection20] INFO  impl.RoleInfo (RoleInfo.java:shutdownLeaderElection(134)) - 4f0a8cce-cba4-44f5-8366-0fb5fb6bef9c: shutdown LeaderElection
2019-10-16 07:00:39,321 [4f0a8cce-cba4-44f5-8366-0fb5fb6bef9c@group-767F7A20ABB4-LeaderElection20] INFO  impl.RoleInfo (RoleInfo.java:updateAndGet(143)) - 4f0a8cce-cba4-44f5-8366-0fb5fb6bef9c: start FollowerState
2019-10-16 07:00:39,411 [Thread-656] INFO  impl.FollowerState (FollowerState.java:run(108)) - 4f0a8cce-cba4-44f5-8366-0fb5fb6bef9c@group-767F7A20ABB4-FollowerState: change to CANDIDATE, lastRpcTime:89ms, electionTimeout:89ms
2019-10-16 07:00:39,412 [Thread-656] INFO  impl.RoleInfo (RoleInfo.java:shutdownFollowerState(121)) - 4f0a8cce-cba4-44f5-8366-0fb5fb6bef9c: shutdown FollowerState
2019-10-16 07:00:39,412 [Thread-656] INFO  impl.RaftServerImpl (RaftServerImpl.java:setRole(184)) - 4f0a8cce-cba4-44f5-8366-0fb5fb6bef9c@group-767F7A20ABB4: changes role from  FOLLOWER to CANDIDATE at term 16 for changeToCandidate
2019-10-16 07:00:39,412 [Thread-656] INFO  impl.RoleInfo (RoleInfo.java:updateAndGet(143)) - 4f0a8cce-cba4-44f5-8366-0fb5fb6bef9c: start LeaderElection
2019-10-16 07:00:39,425 [4f0a8cce-cba4-44f5-8366-0fb5fb6bef9c@group-767F7A20ABB4-LeaderElection21] INFO  impl.LeaderElection (LeaderElection.java:askForVotes(178)) - 4f0a8cce-cba4-44f5-8366-0fb5fb6bef9c@group-767F7A20ABB4-LeaderElection21: begin an election at term 17 for 0: [433771fa-af38-4628-a40e-96bcd22c3694:192.168.69.68:34462, 4f0a8cce-cba4-44f5-8366-0fb5fb6bef9c:192.168.69.68:42866, d2d597b7-f29c-4b6e-a1dc-31783afe2111:192.168.69.68:40938], old=null
2019-10-16 07:00:39,430 [grpc-default-executor-6] INFO  impl.RaftServerImpl (RaftServerImpl.java:setRole(184)) - 433771fa-af38-4628-a40e-96bcd22c3694@group-767F7A20ABB4: changes role from  FOLLOWER to FOLLOWER at term 17 for recognizeCandidate:4f0a8cce-cba4-44f5-8366-0fb5fb6bef9c
2019-10-16 07:00:39,430 [grpc-default-executor-5] INFO  impl.RaftServerImpl (RaftServerImpl.java:setRole(184)) - d2d597b7-f29c-4b6e-a1dc-31783afe2111@group-767F7A20ABB4: changes role from  FOLLOWER to FOLLOWER at term 17 for recognizeCandidate:4f0a8cce-cba4-44f5-8366-0fb5fb6bef9c
2019-10-16 07:00:39,430 [grpc-default-executor-6] INFO  impl.RoleInfo (RoleInfo.java:shutdownFollowerState(121)) - 433771fa-af38-4628-a40e-96bcd22c3694: shutdown FollowerState
2019-10-16 07:00:39,430 [grpc-default-executor-5] INFO  impl.RoleInfo (RoleInfo.java:shutdownFollowerState(121)) - d2d597b7-f29c-4b6e-a1dc-31783afe2111: shutdown FollowerState
2019-10-16 07:00:39,430 [Thread-654] INFO  impl.FollowerState (FollowerState.java:run(117)) - 433771fa-af38-4628-a40e-96bcd22c3694@group-767F7A20ABB4-FollowerState was interrupted: java.lang.InterruptedException: sleep interrupted
2019-10-16 07:00:39,430 [grpc-default-executor-6] INFO  impl.RoleInfo (RoleInfo.java:updateAndGet(143)) - 433771fa-af38-4628-a40e-96bcd22c3694: start FollowerState
2019-10-16 07:00:39,430 [grpc-default-executor-5] INFO  impl.RoleInfo (RoleInfo.java:updateAndGet(143)) - d2d597b7-f29c-4b6e-a1dc-31783afe2111: start FollowerState
2019-10-16 07:00:39,430 [Thread-655] INFO  impl.FollowerState (FollowerState.java:run(117)) - d2d597b7-f29c-4b6e-a1dc-31783afe2111@group-767F7A20ABB4-FollowerState was interrupted: java.lang.InterruptedException: sleep interrupted
2019-10-16 07:00:39,447 [4f0a8cce-cba4-44f5-8366-0fb5fb6bef9c@group-767F7A20ABB4-LeaderElection21] INFO  impl.LeaderElection (LeaderElection.java:logAndReturn(56)) - 4f0a8cce-cba4-44f5-8366-0fb5fb6bef9c@group-767F7A20ABB4-LeaderElection21: Election REJECTED; received 2 response(s) [4f0a8cce-cba4-44f5-8366-0fb5fb6bef9c<-433771fa-af38-4628-a40e-96bcd22c3694#0:FAIL-t17, 4f0a8cce-cba4-44f5-8366-0fb5fb6bef9c<-d2d597b7-f29c-4b6e-a1dc-31783afe2111#0:FAIL-t17] and 0 exception(s); 4f0a8cce-cba4-44f5-8366-0fb5fb6bef9c@group-767F7A20ABB4:t17, leader=null, voted=4f0a8cce-cba4-44f5-8366-0fb5fb6bef9c, raftlog=4f0a8cce-cba4-44f5-8366-0fb5fb6bef9c@group-767F7A20ABB4-SegmentedRaftLog:OPENED:c3,f4,i4, conf=0: [433771fa-af38-4628-a40e-96bcd22c3694:192.168.69.68:34462, 4f0a8cce-cba4-44f5-8366-0fb5fb6bef9c:192.168.69.68:42866, d2d597b7-f29c-4b6e-a1dc-31783afe2111:192.168.69.68:40938], old=null
2019-10-16 07:00:39,447 [4f0a8cce-cba4-44f5-8366-0fb5fb6bef9c@group-767F7A20ABB4-LeaderElection21] INFO  impl.RaftServerImpl (RaftServerImpl.java:setRole(184)) - 4f0a8cce-cba4-44f5-8366-0fb5fb6bef9c@group-767F7A20ABB4: changes role from CANDIDATE to FOLLOWER at term 17 for DISCOVERED_A_NEW_TERM
2019-10-16 07:00:39,447 [4f0a8cce-cba4-44f5-8366-0fb5fb6bef9c@group-767F7A20ABB4-LeaderElection21] INFO  impl.RoleInfo (RoleInfo.java:shutdownLeaderElection(134)) - 4f0a8cce-cba4-44f5-8366-0fb5fb6bef9c: shutdown LeaderElection
2019-10-16 07:00:39,447 [4f0a8cce-cba4-44f5-8366-0fb5fb6bef9c@group-767F7A20ABB4-LeaderElection21] INFO  impl.RoleInfo (RoleInfo.java:updateAndGet(143)) - 4f0a8cce-cba4-44f5-8366-0fb5fb6bef9c: start FollowerState
2019-10-16 07:00:39,528 [Thread-662] INFO  impl.FollowerState (FollowerState.java:run(108)) - 4f0a8cce-cba4-44f5-8366-0fb5fb6bef9c@group-767F7A20ABB4-FollowerState: change to CANDIDATE, lastRpcTime:80ms, electionTimeout:80ms
2019-10-16 07:00:39,529 [Thread-662] INFO  impl.RoleInfo (RoleInfo.java:shutdownFollowerState(121)) - 4f0a8cce-cba4-44f5-8366-0fb5fb6bef9c: shutdown FollowerState
2019-10-16 07:00:39,529 [Thread-662] INFO  impl.RaftServerImpl (RaftServerImpl.java:setRole(184)) - 4f0a8cce-cba4-44f5-8366-0fb5fb6bef9c@group-767F7A20ABB4: changes role from  FOLLOWER to CANDIDATE at term 17 for changeToCandidate
2019-10-16 07:00:39,529 [Thread-662] INFO  impl.RoleInfo (RoleInfo.java:updateAndGet(143)) - 4f0a8cce-cba4-44f5-8366-0fb5fb6bef9c: start LeaderElection
2019-10-16 07:00:39,543 [4f0a8cce-cba4-44f5-8366-0fb5fb6bef9c@group-767F7A20ABB4-LeaderElection22] INFO  impl.LeaderElection (LeaderElection.java:askForVotes(178)) - 4f0a8cce-cba4-44f5-8366-0fb5fb6bef9c@group-767F7A20ABB4-LeaderElection22: begin an election at term 18 for 0: [433771fa-af38-4628-a40e-96bcd22c3694:192.168.69.68:34462, 4f0a8cce-cba4-44f5-8366-0fb5fb6bef9c:192.168.69.68:42866, d2d597b7-f29c-4b6e-a1dc-31783afe2111:192.168.69.68:40938], old=null
2019-10-16 07:00:39,547 [grpc-default-executor-5] INFO  impl.RaftServerImpl (RaftServerImpl.java:setRole(184)) - 433771fa-af38-4628-a40e-96bcd22c3694@group-767F7A20ABB4: changes role from  FOLLOWER to FOLLOWER at term 18 for recognizeCandidate:4f0a8cce-cba4-44f5-8366-0fb5fb6bef9c
2019-10-16 07:00:39,548 [grpc-default-executor-5] INFO  impl.RoleInfo (RoleInfo.java:shutdownFollowerState(121)) - 433771fa-af38-4628-a40e-96bcd22c3694: shutdown FollowerState
2019-10-16 07:00:39,548 [grpc-default-executor-6] INFO  impl.RaftServerImpl (RaftServerImpl.java:setRole(184)) - d2d597b7-f29c-4b6e-a1dc-31783afe2111@group-767F7A20ABB4: changes role from  FOLLOWER to FOLLOWER at term 18 for recognizeCandidate:4f0a8cce-cba4-44f5-8366-0fb5fb6bef9c
2019-10-16 07:00:39,548 [Thread-660] INFO  impl.FollowerState (FollowerState.java:run(117)) - 433771fa-af38-4628-a40e-96bcd22c3694@group-767F7A20ABB4-FollowerState was interrupted: java.lang.InterruptedException: sleep interrupted
2019-10-16 07:00:39,548 [grpc-default-executor-5] INFO  impl.RoleInfo (RoleInfo.java:updateAndGet(143)) - 433771fa-af38-4628-a40e-96bcd22c3694: start FollowerState
2019-10-16 07:00:39,548 [grpc-default-executor-6] INFO  impl.RoleInfo (RoleInfo.java:shutdownFollowerState(121)) - d2d597b7-f29c-4b6e-a1dc-31783afe2111: shutdown FollowerState
2019-10-16 07:00:39,549 [grpc-default-executor-6] INFO  impl.RoleInfo (RoleInfo.java:updateAndGet(143)) - d2d597b7-f29c-4b6e-a1dc-31783afe2111: start FollowerState
2019-10-16 07:00:39,549 [Thread-661] INFO  impl.FollowerState (FollowerState.java:run(117)) - d2d597b7-f29c-4b6e-a1dc-31783afe2111@group-767F7A20ABB4-FollowerState was interrupted: java.lang.InterruptedException: sleep interrupted
2019-10-16 07:00:39,562 [4f0a8cce-cba4-44f5-8366-0fb5fb6bef9c@group-767F7A20ABB4-LeaderElection22] INFO  impl.LeaderElection (LeaderElection.java:logAndReturn(56)) - 4f0a8cce-cba4-44f5-8366-0fb5fb6bef9c@group-767F7A20ABB4-LeaderElection22: Election REJECTED; received 2 response(s) [4f0a8cce-cba4-44f5-8366-0fb5fb6bef9c<-433771fa-af38-4628-a40e-96bcd22c3694#0:FAIL-t18, 4f0a8cce-cba4-44f5-8366-0fb5fb6bef9c<-d2d597b7-f29c-4b6e-a1dc-31783afe2111#0:FAIL-t18] and 0 exception(s); 4f0a8cce-cba4-44f5-8366-0fb5fb6bef9c@group-767F7A20ABB4:t18, leader=null, voted=4f0a8cce-cba4-44f5-8366-0fb5fb6bef9c, raftlog=4f0a8cce-cba4-44f5-8366-0fb5fb6bef9c@group-767F7A20ABB4-SegmentedRaftLog:OPENED:c3,f4,i4, conf=0: [433771fa-af38-4628-a40e-96bcd22c3694:192.168.69.68:34462, 4f0a8cce-cba4-44f5-8366-0fb5fb6bef9c:192.168.69.68:42866, d2d597b7-f29c-4b6e-a1dc-31783afe2111:192.168.69.68:40938], old=null
2019-10-16 07:00:39,562 [4f0a8cce-cba4-44f5-8366-0fb5fb6bef9c@group-767F7A20ABB4-LeaderElection22] INFO  impl.RaftServerImpl (RaftServerImpl.java:setRole(184)) - 4f0a8cce-cba4-44f5-8366-0fb5fb6bef9c@group-767F7A20ABB4: changes role from CANDIDATE to FOLLOWER at term 18 for DISCOVERED_A_NEW_TERM
2019-10-16 07:00:39,562 [4f0a8cce-cba4-44f5-8366-0fb5fb6bef9c@group-767F7A20ABB4-LeaderElection22] INFO  impl.RoleInfo (RoleInfo.java:shutdownLeaderElection(134)) - 4f0a8cce-cba4-44f5-8366-0fb5fb6bef9c: shutdown LeaderElection
2019-10-16 07:00:39,562 [4f0a8cce-cba4-44f5-8366-0fb5fb6bef9c@group-767F7A20ABB4-LeaderElection22] INFO  impl.RoleInfo (RoleInfo.java:updateAndGet(143)) - 4f0a8cce-cba4-44f5-8366-0fb5fb6bef9c: start FollowerState
2019-10-16 07:00:39,607 [Thread-668] INFO  impl.FollowerState (FollowerState.java:run(108)) - 4f0a8cce-cba4-44f5-8366-0fb5fb6bef9c@group-767F7A20ABB4-FollowerState: change to CANDIDATE, lastRpcTime:44ms, electionTimeout:44ms
2019-10-16 07:00:39,608 [Thread-668] INFO  impl.RoleInfo (RoleInfo.java:shutdownFollowerState(121)) - 4f0a8cce-cba4-44f5-8366-0fb5fb6bef9c: shutdown FollowerState
2019-10-16 07:00:39,608 [Thread-668] INFO  impl.RaftServerImpl (RaftServerImpl.java:setRole(184)) - 4f0a8cce-cba4-44f5-8366-0fb5fb6bef9c@group-767F7A20ABB4: changes role from  FOLLOWER to CANDIDATE at term 18 for changeToCandidate
2019-10-16 07:00:39,608 [Thread-668] INFO  impl.RoleInfo (RoleInfo.java:updateAndGet(143)) - 4f0a8cce-cba4-44f5-8366-0fb5fb6bef9c: start LeaderElection
2019-10-16 07:00:39,613 [EventQueue-PendingDeleteStatusForPendingDeleteHandler] INFO  block.SCMBlockDeletingService (SCMBlockDeletingService.java:handlePendingDeletes(115)) - Block deletion txnID mismatch in datanode 4f0a8cce-cba4-44f5-8366-0fb5fb6bef9c for containerID 1. Datanode delete txnID: 0, SCM txnID: 1
2019-10-16 07:00:39,630 [4f0a8cce-cba4-44f5-8366-0fb5fb6bef9c@group-767F7A20ABB4-LeaderElection23] INFO  impl.LeaderElection (LeaderElection.java:askForVotes(178)) - 4f0a8cce-cba4-44f5-8366-0fb5fb6bef9c@group-767F7A20ABB4-LeaderElection23: begin an election at term 19 for 0: [433771fa-af38-4628-a40e-96bcd22c3694:192.168.69.68:34462, 4f0a8cce-cba4-44f5-8366-0fb5fb6bef9c:192.168.69.68:42866, d2d597b7-f29c-4b6e-a1dc-31783afe2111:192.168.69.68:40938], old=null
2019-10-16 07:00:39,634 [grpc-default-executor-6] INFO  impl.RaftServerImpl (RaftServerImpl.java:setRole(184)) - 433771fa-af38-4628-a40e-96bcd22c3694@group-767F7A20ABB4: changes role from  FOLLOWER to FOLLOWER at term 19 for recognizeCandidate:4f0a8cce-cba4-44f5-8366-0fb5fb6bef9c
2019-10-16 07:00:39,635 [grpc-default-executor-6] INFO  impl.RoleInfo (RoleInfo.java:shutdownFollowerState(121)) - 433771fa-af38-4628-a40e-96bcd22c3694: shutdown FollowerState
2019-10-16 07:00:39,635 [grpc-default-executor-5] INFO  impl.RaftServerImpl (RaftServerImpl.java:setRole(184)) - d2d597b7-f29c-4b6e-a1dc-31783afe2111@group-767F7A20ABB4: changes role from  FOLLOWER to FOLLOWER at term 19 for recognizeCandidate:4f0a8cce-cba4-44f5-8366-0fb5fb6bef9c
2019-10-16 07:00:39,636 [grpc-default-executor-6] INFO  impl.RoleInfo (RoleInfo.java:updateAndGet(143)) - 433771fa-af38-4628-a40e-96bcd22c3694: start FollowerState
2019-10-16 07:00:39,636 [Thread-666] INFO  impl.FollowerState (FollowerState.java:run(117)) - 433771fa-af38-4628-a40e-96bcd22c3694@group-767F7A20ABB4-FollowerState was interrupted: java.lang.InterruptedException: sleep interrupted
2019-10-16 07:00:39,637 [grpc-default-executor-5] INFO  impl.RoleInfo (RoleInfo.java:shutdownFollowerState(121)) - d2d597b7-f29c-4b6e-a1dc-31783afe2111: shutdown FollowerState
2019-10-16 07:00:39,637 [Thread-667] INFO  impl.FollowerState (FollowerState.java:run(117)) - d2d597b7-f29c-4b6e-a1dc-31783afe2111@group-767F7A20ABB4-FollowerState was interrupted: java.lang.InterruptedException: sleep interrupted
2019-10-16 07:00:39,637 [grpc-default-executor-5] INFO  impl.RoleInfo (RoleInfo.java:updateAndGet(143)) - d2d597b7-f29c-4b6e-a1dc-31783afe2111: start FollowerState
2019-10-16 07:00:39,652 [4f0a8cce-cba4-44f5-8366-0fb5fb6bef9c@group-767F7A20ABB4-LeaderElection23] INFO  impl.LeaderElection (LeaderElection.java:logAndReturn(56)) - 4f0a8cce-cba4-44f5-8366-0fb5fb6bef9c@group-767F7A20ABB4-LeaderElection23: Election REJECTED; received 2 response(s) [4f0a8cce-cba4-44f5-8366-0fb5fb6bef9c<-433771fa-af38-4628-a40e-96bcd22c3694#0:FAIL-t19, 4f0a8cce-cba4-44f5-8366-0fb5fb6bef9c<-d2d597b7-f29c-4b6e-a1dc-31783afe2111#0:FAIL-t19] and 0 exception(s); 4f0a8cce-cba4-44f5-8366-0fb5fb6bef9c@group-767F7A20ABB4:t19, leader=null, voted=4f0a8cce-cba4-44f5-8366-0fb5fb6bef9c, raftlog=4f0a8cce-cba4-44f5-8366-0fb5fb6bef9c@group-767F7A20ABB4-SegmentedRaftLog:OPENED:c3,f4,i4, conf=0: [433771fa-af38-4628-a40e-96bcd22c3694:192.168.69.68:34462, 4f0a8cce-cba4-44f5-8366-0fb5fb6bef9c:192.168.69.68:42866, d2d597b7-f29c-4b6e-a1dc-31783afe2111:192.168.69.68:40938], old=null
2019-10-16 07:00:39,652 [4f0a8cce-cba4-44f5-8366-0fb5fb6bef9c@group-767F7A20ABB4-LeaderElection23] INFO  impl.RaftServerImpl (RaftServerImpl.java:setRole(184)) - 4f0a8cce-cba4-44f5-8366-0fb5fb6bef9c@group-767F7A20ABB4: changes role from CANDIDATE to FOLLOWER at term 19 for DISCOVERED_A_NEW_TERM
2019-10-16 07:00:39,652 [4f0a8cce-cba4-44f5-8366-0fb5fb6bef9c@group-767F7A20ABB4-LeaderElection23] INFO  impl.RoleInfo (RoleInfo.java:shutdownLeaderElection(134)) - 4f0a8cce-cba4-44f5-8366-0fb5fb6bef9c: shutdown LeaderElection
2019-10-16 07:00:39,652 [4f0a8cce-cba4-44f5-8366-0fb5fb6bef9c@group-767F7A20ABB4-LeaderElection23] INFO  impl.RoleInfo (RoleInfo.java:updateAndGet(143)) - 4f0a8cce-cba4-44f5-8366-0fb5fb6bef9c: start FollowerState
2019-10-16 07:00:39,680 [Thread-675] INFO  impl.FollowerState (FollowerState.java:run(108)) - 4f0a8cce-cba4-44f5-8366-0fb5fb6bef9c@group-767F7A20ABB4-FollowerState: change to CANDIDATE, lastRpcTime:28ms, electionTimeout:28ms
2019-10-16 07:00:39,681 [Thread-675] INFO  impl.RoleInfo (RoleInfo.java:shutdownFollowerState(121)) - 4f0a8cce-cba4-44f5-8366-0fb5fb6bef9c: shutdown FollowerState
2019-10-16 07:00:39,682 [Thread-675] INFO  impl.RaftServerImpl (RaftServerImpl.java:setRole(184)) - 4f0a8cce-cba4-44f5-8366-0fb5fb6bef9c@group-767F7A20ABB4: changes role from  FOLLOWER to CANDIDATE at term 19 for changeToCandidate
2019-10-16 07:00:39,682 [Thread-675] INFO  impl.RoleInfo (RoleInfo.java:updateAndGet(143)) - 4f0a8cce-cba4-44f5-8366-0fb5fb6bef9c: start LeaderElection
2019-10-16 07:00:39,696 [4f0a8cce-cba4-44f5-8366-0fb5fb6bef9c@group-767F7A20ABB4-LeaderElection24] INFO  impl.LeaderElection (LeaderElection.java:askForVotes(178)) - 4f0a8cce-cba4-44f5-8366-0fb5fb6bef9c@group-767F7A20ABB4-LeaderElection24: begin an election at term 20 for 0: [433771fa-af38-4628-a40e-96bcd22c3694:192.168.69.68:34462, 4f0a8cce-cba4-44f5-8366-0fb5fb6bef9c:192.168.69.68:42866, d2d597b7-f29c-4b6e-a1dc-31783afe2111:192.168.69.68:40938], old=null
2019-10-16 07:00:39,699 [grpc-default-executor-6] INFO  impl.RaftServerImpl (RaftServerImpl.java:setRole(184)) - 433771fa-af38-4628-a40e-96bcd22c3694@group-767F7A20ABB4: changes role from  FOLLOWER to FOLLOWER at term 20 for recognizeCandidate:4f0a8cce-cba4-44f5-8366-0fb5fb6bef9c
2019-10-16 07:00:39,699 [grpc-default-executor-6] INFO  impl.RoleInfo (RoleInfo.java:shutdownFollowerState(121)) - 433771fa-af38-4628-a40e-96bcd22c3694: shutdown FollowerState
2019-10-16 07:00:39,700 [grpc-default-executor-6] INFO  impl.RoleInfo (RoleInfo.java:updateAndGet(143)) - 433771fa-af38-4628-a40e-96bcd22c3694: start FollowerState
2019-10-16 07:00:39,703 [Thread-672] INFO  impl.FollowerState (FollowerState.java:run(117)) - 433771fa-af38-4628-a40e-96bcd22c3694@group-767F7A20ABB4-FollowerState was interrupted: java.lang.InterruptedException: sleep interrupted
2019-10-16 07:00:39,703 [grpc-default-executor-5] INFO  impl.RaftServerImpl (RaftServerImpl.java:setRole(184)) - d2d597b7-f29c-4b6e-a1dc-31783afe2111@group-767F7A20ABB4: changes role from  FOLLOWER to FOLLOWER at term 20 for recognizeCandidate:4f0a8cce-cba4-44f5-8366-0fb5fb6bef9c
2019-10-16 07:00:39,704 [grpc-default-executor-5] INFO  impl.RoleInfo (RoleInfo.java:shutdownFollowerState(121)) - d2d597b7-f29c-4b6e-a1dc-31783afe2111: shutdown FollowerState
2019-10-16 07:00:39,704 [grpc-default-executor-5] INFO  impl.RoleInfo (RoleInfo.java:updateAndGet(143)) - d2d597b7-f29c-4b6e-a1dc-31783afe2111: start FollowerState
2019-10-16 07:00:39,704 [Thread-674] INFO  impl.FollowerState (FollowerState.java:run(117)) - d2d597b7-f29c-4b6e-a1dc-31783afe2111@group-767F7A20ABB4-FollowerState was interrupted: java.lang.InterruptedException: sleep interrupted
2019-10-16 07:00:39,717 [4f0a8cce-cba4-44f5-8366-0fb5fb6bef9c@group-767F7A20ABB4-LeaderElection24] INFO  impl.LeaderElection (LeaderElection.java:logAndReturn(56)) - 4f0a8cce-cba4-44f5-8366-0fb5fb6bef9c@group-767F7A20ABB4-LeaderElection24: Election REJECTED; received 2 response(s) [4f0a8cce-cba4-44f5-8366-0fb5fb6bef9c<-433771fa-af38-4628-a40e-96bcd22c3694#0:FAIL-t20, 4f0a8cce-cba4-44f5-8366-0fb5fb6bef9c<-d2d597b7-f29c-4b6e-a1dc-31783afe2111#0:FAIL-t20] and 0 exception(s); 4f0a8cce-cba4-44f5-8366-0fb5fb6bef9c@group-767F7A20ABB4:t20, leader=null, voted=4f0a8cce-cba4-44f5-8366-0fb5fb6bef9c, raftlog=4f0a8cce-cba4-44f5-8366-0fb5fb6bef9c@group-767F7A20ABB4-SegmentedRaftLog:OPENED:c3,f4,i4, conf=0: [433771fa-af38-4628-a40e-96bcd22c3694:192.168.69.68:34462, 4f0a8cce-cba4-44f5-8366-0fb5fb6bef9c:192.168.69.68:42866, d2d597b7-f29c-4b6e-a1dc-31783afe2111:192.168.69.68:40938], old=null
2019-10-16 07:00:39,717 [4f0a8cce-cba4-44f5-8366-0fb5fb6bef9c@group-767F7A20ABB4-LeaderElection24] INFO  impl.RaftServerImpl (RaftServerImpl.java:setRole(184)) - 4f0a8cce-cba4-44f5-8366-0fb5fb6bef9c@group-767F7A20ABB4: changes role from CANDIDATE to FOLLOWER at term 20 for DISCOVERED_A_NEW_TERM
2019-10-16 07:00:39,718 [4f0a8cce-cba4-44f5-8366-0fb5fb6bef9c@group-767F7A20ABB4-LeaderElection24] INFO  impl.RoleInfo (RoleInfo.java:shutdownLeaderElection(134)) - 4f0a8cce-cba4-44f5-8366-0fb5fb6bef9c: shutdown LeaderElection
2019-10-16 07:00:39,718 [4f0a8cce-cba4-44f5-8366-0fb5fb6bef9c@group-767F7A20ABB4-LeaderElection24] INFO  impl.RoleInfo (RoleInfo.java:updateAndGet(143)) - 4f0a8cce-cba4-44f5-8366-0fb5fb6bef9c: start FollowerState
2019-10-16 07:00:39,745 [Thread-681] INFO  impl.FollowerState (FollowerState.java:run(108)) - 4f0a8cce-cba4-44f5-8366-0fb5fb6bef9c@group-767F7A20ABB4-FollowerState: change to CANDIDATE, lastRpcTime:27ms, electionTimeout:27ms
2019-10-16 07:00:39,746 [Thread-681] INFO  impl.RoleInfo (RoleInfo.java:shutdownFollowerState(121)) - 4f0a8cce-cba4-44f5-8366-0fb5fb6bef9c: shutdown FollowerState
2019-10-16 07:00:39,746 [Thread-681] INFO  impl.RaftServerImpl (RaftServerImpl.java:setRole(184)) - 4f0a8cce-cba4-44f5-8366-0fb5fb6bef9c@group-767F7A20ABB4: changes role from  FOLLOWER to CANDIDATE at term 20 for changeToCandidate
2019-10-16 07:00:39,746 [Thread-681] INFO  impl.RoleInfo (RoleInfo.java:updateAndGet(143)) - 4f0a8cce-cba4-44f5-8366-0fb5fb6bef9c: start LeaderElection
2019-10-16 07:00:39,760 [4f0a8cce-cba4-44f5-8366-0fb5fb6bef9c@group-767F7A20ABB4-LeaderElection25] INFO  impl.LeaderElection (LeaderElection.java:askForVotes(178)) - 4f0a8cce-cba4-44f5-8366-0fb5fb6bef9c@group-767F7A20ABB4-LeaderElection25: begin an election at term 21 for 0: [433771fa-af38-4628-a40e-96bcd22c3694:192.168.69.68:34462, 4f0a8cce-cba4-44f5-8366-0fb5fb6bef9c:192.168.69.68:42866, d2d597b7-f29c-4b6e-a1dc-31783afe2111:192.168.69.68:40938], old=null
2019-10-16 07:00:39,763 [grpc-default-executor-6] INFO  impl.RaftServerImpl (RaftServerImpl.java:setRole(184)) - 433771fa-af38-4628-a40e-96bcd22c3694@group-767F7A20ABB4: changes role from  FOLLOWER to FOLLOWER at term 21 for recognizeCandidate:4f0a8cce-cba4-44f5-8366-0fb5fb6bef9c
2019-10-16 07:00:39,763 [grpc-default-executor-6] INFO  impl.RoleInfo (RoleInfo.java:shutdownFollowerState(121)) - 433771fa-af38-4628-a40e-96bcd22c3694: shutdown FollowerState
2019-10-16 07:00:39,763 [Thread-679] INFO  impl.FollowerState (FollowerState.java:run(117)) - 433771fa-af38-4628-a40e-96bcd22c3694@group-767F7A20ABB4-FollowerState was interrupted: java.lang.InterruptedException: sleep interrupted
2019-10-16 07:00:39,763 [grpc-default-executor-6] INFO  impl.RoleInfo (RoleInfo.java:updateAndGet(143)) - 433771fa-af38-4628-a40e-96bcd22c3694: start FollowerState
2019-10-16 07:00:39,763 [grpc-default-executor-5] INFO  impl.RaftServerImpl (RaftServerImpl.java:setRole(184)) - d2d597b7-f29c-4b6e-a1dc-31783afe2111@group-767F7A20ABB4: changes role from  FOLLOWER to FOLLOWER at term 21 for recognizeCandidate:4f0a8cce-cba4-44f5-8366-0fb5fb6bef9c
2019-10-16 07:00:39,764 [grpc-default-executor-5] INFO  impl.RoleInfo (RoleInfo.java:shutdownFollowerState(121)) - d2d597b7-f29c-4b6e-a1dc-31783afe2111: shutdown FollowerState
2019-10-16 07:00:39,764 [Thread-680] INFO  impl.FollowerState (FollowerState.java:run(117)) - d2d597b7-f29c-4b6e-a1dc-31783afe2111@group-767F7A20ABB4-FollowerState was interrupted: java.lang.InterruptedException: sleep interrupted
2019-10-16 07:00:39,764 [grpc-default-executor-5] INFO  impl.RoleInfo (RoleInfo.java:updateAndGet(143)) - d2d597b7-f29c-4b6e-a1dc-31783afe2111: start FollowerState
2019-10-16 07:00:39,779 [4f0a8cce-cba4-44f5-8366-0fb5fb6bef9c@group-767F7A20ABB4-LeaderElection25] INFO  impl.LeaderElection (LeaderElection.java:logAndReturn(56)) - 4f0a8cce-cba4-44f5-8366-0fb5fb6bef9c@group-767F7A20ABB4-LeaderElection25: Election REJECTED; received 2 response(s) [4f0a8cce-cba4-44f5-8366-0fb5fb6bef9c<-433771fa-af38-4628-a40e-96bcd22c3694#0:FAIL-t21, 4f0a8cce-cba4-44f5-8366-0fb5fb6bef9c<-d2d597b7-f29c-4b6e-a1dc-31783afe2111#0:FAIL-t21] and 0 exception(s); 4f0a8cce-cba4-44f5-8366-0fb5fb6bef9c@group-767F7A20ABB4:t21, leader=null, voted=4f0a8cce-cba4-44f5-8366-0fb5fb6bef9c, raftlog=4f0a8cce-cba4-44f5-8366-0fb5fb6bef9c@group-767F7A20ABB4-SegmentedRaftLog:OPENED:c3,f4,i4, conf=0: [433771fa-af38-4628-a40e-96bcd22c3694:192.168.69.68:34462, 4f0a8cce-cba4-44f5-8366-0fb5fb6bef9c:192.168.69.68:42866, d2d597b7-f29c-4b6e-a1dc-31783afe2111:192.168.69.68:40938], old=null
2019-10-16 07:00:39,779 [4f0a8cce-cba4-44f5-8366-0fb5fb6bef9c@group-767F7A20ABB4-LeaderElection25] INFO  impl.RaftServerImpl (RaftServerImpl.java:setRole(184)) - 4f0a8cce-cba4-44f5-8366-0fb5fb6bef9c@group-767F7A20ABB4: changes role from CANDIDATE to FOLLOWER at term 21 for DISCOVERED_A_NEW_TERM
2019-10-16 07:00:39,779 [4f0a8cce-cba4-44f5-8366-0fb5fb6bef9c@group-767F7A20ABB4-LeaderElection25] INFO  impl.RoleInfo (RoleInfo.java:shutdownLeaderElection(134)) - 4f0a8cce-cba4-44f5-8366-0fb5fb6bef9c: shutdown LeaderElection
2019-10-16 07:00:39,780 [4f0a8cce-cba4-44f5-8366-0fb5fb6bef9c@group-767F7A20ABB4-LeaderElection25] INFO  impl.RoleInfo (RoleInfo.java:updateAndGet(143)) - 4f0a8cce-cba4-44f5-8366-0fb5fb6bef9c: start FollowerState
2019-10-16 07:00:39,862 [Thread-689] INFO  client.GrpcClientProtocolService (GrpcClientProtocolService.java:lambda$processClientRequest$0(278)) - Failed RaftClientRequest:client-C8ADB546B70F->433771fa-af38-4628-a40e-96bcd22c3694@group-767F7A20ABB4, cid=10, seq=0, Watch-ALL_COMMITTED(6), Message:<EMPTY>, reply=RaftClientReply:client-C8ADB546B70F->433771fa-af38-4628-a40e-96bcd22c3694@group-767F7A20ABB4, cid=10, FAILED org.apache.ratis.protocol.NotLeaderException: Server 433771fa-af38-4628-a40e-96bcd22c3694@group-767F7A20ABB4 is not the leader, logIndex=0, commits[433771fa-af38-4628-a40e-96bcd22c3694:c10, 4f0a8cce-cba4-44f5-8366-0fb5fb6bef9c:c4, d2d597b7-f29c-4b6e-a1dc-31783afe2111:c10]
2019-10-16 07:00:39,942 [Thread-687] INFO  impl.FollowerState (FollowerState.java:run(108)) - 4f0a8cce-cba4-44f5-8366-0fb5fb6bef9c@group-767F7A20ABB4-FollowerState: change to CANDIDATE, lastRpcTime:162ms, electionTimeout:162ms
2019-10-16 07:00:39,942 [Thread-687] INFO  impl.RoleInfo (RoleInfo.java:shutdownFollowerState(121)) - 4f0a8cce-cba4-44f5-8366-0fb5fb6bef9c: shutdown FollowerState
2019-10-16 07:00:39,942 [Thread-687] INFO  impl.RaftServerImpl (RaftServerImpl.java:setRole(184)) - 4f0a8cce-cba4-44f5-8366-0fb5fb6bef9c@group-767F7A20ABB4: changes role from  FOLLOWER to CANDIDATE at term 21 for changeToCandidate
2019-10-16 07:00:39,942 [Thread-687] INFO  impl.RoleInfo (RoleInfo.java:updateAndGet(143)) - 4f0a8cce-cba4-44f5-8366-0fb5fb6bef9c: start LeaderElection
2019-10-16 07:00:39,977 [4f0a8cce-cba4-44f5-8366-0fb5fb6bef9c@group-767F7A20ABB4-LeaderElection26] INFO  impl.LeaderElection (LeaderElection.java:askForVotes(178)) - 4f0a8cce-cba4-44f5-8366-0fb5fb6bef9c@group-767F7A20ABB4-LeaderElection26: begin an election at term 22 for 0: [433771fa-af38-4628-a40e-96bcd22c3694:192.168.69.68:34462, 4f0a8cce-cba4-44f5-8366-0fb5fb6bef9c:192.168.69.68:42866, d2d597b7-f29c-4b6e-a1dc-31783afe2111:192.168.69.68:40938], old=null
2019-10-16 07:00:39,980 [grpc-default-executor-5] INFO  impl.RaftServerImpl (RaftServerImpl.java:setRole(184)) - 433771fa-af38-4628-a40e-96bcd22c3694@group-767F7A20ABB4: changes role from  FOLLOWER to FOLLOWER at term 22 for recognizeCandidate:4f0a8cce-cba4-44f5-8366-0fb5fb6bef9c
2019-10-16 07:00:39,980 [grpc-default-executor-5] INFO  impl.RoleInfo (RoleInfo.java:shutdownFollowerState(121)) - 433771fa-af38-4628-a40e-96bcd22c3694: shutdown FollowerState
2019-10-16 07:00:39,981 [grpc-default-executor-5] INFO  impl.RoleInfo (RoleInfo.java:updateAndGet(143)) - 433771fa-af38-4628-a40e-96bcd22c3694: start FollowerState
2019-10-16 07:00:39,981 [Thread-685] INFO  impl.FollowerState (FollowerState.java:run(117)) - 433771fa-af38-4628-a40e-96bcd22c3694@group-767F7A20ABB4-FollowerState was interrupted: java.lang.InterruptedException: sleep interrupted
2019-10-16 07:00:39,981 [grpc-default-executor-6] INFO  impl.RaftServerImpl (RaftServerImpl.java:setRole(184)) - d2d597b7-f29c-4b6e-a1dc-31783afe2111@group-767F7A20ABB4: changes role from  FOLLOWER to FOLLOWER at term 22 for recognizeCandidate:4f0a8cce-cba4-44f5-8366-0fb5fb6bef9c
2019-10-16 07:00:39,981 [grpc-default-executor-6] INFO  impl.RoleInfo (RoleInfo.java:shutdownFollowerState(121)) - d2d597b7-f29c-4b6e-a1dc-31783afe2111: shutdown FollowerState
2019-10-16 07:00:39,981 [Thread-686] INFO  impl.FollowerState (FollowerState.java:run(117)) - d2d597b7-f29c-4b6e-a1dc-31783afe2111@group-767F7A20ABB4-FollowerState was interrupted: java.lang.InterruptedException: sleep interrupted
2019-10-16 07:00:39,981 [grpc-default-executor-6] INFO  impl.RoleInfo (RoleInfo.java:updateAndGet(143)) - d2d597b7-f29c-4b6e-a1dc-31783afe2111: start FollowerState
2019-10-16 07:00:39,995 [4f0a8cce-cba4-44f5-8366-0fb5fb6bef9c@group-767F7A20ABB4-LeaderElection26] INFO  impl.LeaderElection (LeaderElection.java:logAndReturn(56)) - 4f0a8cce-cba4-44f5-8366-0fb5fb6bef9c@group-767F7A20ABB4-LeaderElection26: Election REJECTED; received 2 response(s) [4f0a8cce-cba4-44f5-8366-0fb5fb6bef9c<-433771fa-af38-4628-a40e-96bcd22c3694#0:FAIL-t22, 4f0a8cce-cba4-44f5-8366-0fb5fb6bef9c<-d2d597b7-f29c-4b6e-a1dc-31783afe2111#0:FAIL-t22] and 0 exception(s); 4f0a8cce-cba4-44f5-8366-0fb5fb6bef9c@group-767F7A20ABB4:t22, leader=null, voted=4f0a8cce-cba4-44f5-8366-0fb5fb6bef9c, raftlog=4f0a8cce-cba4-44f5-8366-0fb5fb6bef9c@group-767F7A20ABB4-SegmentedRaftLog:OPENED:c3,f4,i4, conf=0: [433771fa-af38-4628-a40e-96bcd22c3694:192.168.69.68:34462, 4f0a8cce-cba4-44f5-8366-0fb5fb6bef9c:192.168.69.68:42866, d2d597b7-f29c-4b6e-a1dc-31783afe2111:192.168.69.68:40938], old=null
2019-10-16 07:00:39,995 [4f0a8cce-cba4-44f5-8366-0fb5fb6bef9c@group-767F7A20ABB4-LeaderElection26] INFO  impl.RaftServerImpl (RaftServerImpl.java:setRole(184)) - 4f0a8cce-cba4-44f5-8366-0fb5fb6bef9c@group-767F7A20ABB4: changes role from CANDIDATE to FOLLOWER at term 22 for DISCOVERED_A_NEW_TERM
2019-10-16 07:00:39,996 [4f0a8cce-cba4-44f5-8366-0fb5fb6bef9c@group-767F7A20ABB4-LeaderElection26] INFO  impl.RoleInfo (RoleInfo.java:shutdownLeaderElection(134)) - 4f0a8cce-cba4-44f5-8366-0fb5fb6bef9c: shutdown LeaderElection
2019-10-16 07:00:39,996 [4f0a8cce-cba4-44f5-8366-0fb5fb6bef9c@group-767F7A20ABB4-LeaderElection26] INFO  impl.RoleInfo (RoleInfo.java:updateAndGet(143)) - 4f0a8cce-cba4-44f5-8366-0fb5fb6bef9c: start FollowerState
2019-10-16 07:00:40,014 [Thread-696] INFO  impl.FollowerState (FollowerState.java:run(108)) - 4f0a8cce-cba4-44f5-8366-0fb5fb6bef9c@group-767F7A20ABB4-FollowerState: change to CANDIDATE, lastRpcTime:18ms, electionTimeout:18ms
2019-10-16 07:00:40,015 [Thread-696] INFO  impl.RoleInfo (RoleInfo.java:shutdownFollowerState(121)) - 4f0a8cce-cba4-44f5-8366-0fb5fb6bef9c: shutdown FollowerState
2019-10-16 07:00:40,015 [Thread-696] INFO  impl.RaftServerImpl (RaftServerImpl.java:setRole(184)) - 4f0a8cce-cba4-44f5-8366-0fb5fb6bef9c@group-767F7A20ABB4: changes role from  FOLLOWER to CANDIDATE at term 22 for changeToCandidate
2019-10-16 07:00:40,015 [Thread-696] INFO  impl.RoleInfo (RoleInfo.java:updateAndGet(143)) - 4f0a8cce-cba4-44f5-8366-0fb5fb6bef9c: start LeaderElection
2019-10-16 07:00:40,030 [4f0a8cce-cba4-44f5-8366-0fb5fb6bef9c@group-767F7A20ABB4-LeaderElection27] INFO  impl.LeaderElection (LeaderElection.java:askForVotes(178)) - 4f0a8cce-cba4-44f5-8366-0fb5fb6bef9c@group-767F7A20ABB4-LeaderElection27: begin an election at term 23 for 0: [433771fa-af38-4628-a40e-96bcd22c3694:192.168.69.68:34462, 4f0a8cce-cba4-44f5-8366-0fb5fb6bef9c:192.168.69.68:42866, d2d597b7-f29c-4b6e-a1dc-31783afe2111:192.168.69.68:40938], old=null
2019-10-16 07:00:40,032 [pool-7-thread-2] INFO  commands.RetriableDatanodeEventWatcher (RetriableDatanodeEventWatcher.java:onTimeout(47)) - RetriableDatanodeCommand type=deleteBlocksCommand with id=1571209234032 timed out. Retrying.
2019-10-16 07:00:40,032 [grpc-default-executor-6] INFO  impl.RaftServerImpl (RaftServerImpl.java:setRole(184)) - 433771fa-af38-4628-a40e-96bcd22c3694@group-767F7A20ABB4: changes role from  FOLLOWER to FOLLOWER at term 23 for recognizeCandidate:4f0a8cce-cba4-44f5-8366-0fb5fb6bef9c
2019-10-16 07:00:40,033 [grpc-default-executor-6] INFO  impl.RoleInfo (RoleInfo.java:shutdownFollowerState(121)) - 433771fa-af38-4628-a40e-96bcd22c3694: shutdown FollowerState
2019-10-16 07:00:40,033 [grpc-default-executor-5] INFO  impl.RaftServerImpl (RaftServerImpl.java:setRole(184)) - d2d597b7-f29c-4b6e-a1dc-31783afe2111@group-767F7A20ABB4: changes role from  FOLLOWER to FOLLOWER at term 23 for recognizeCandidate:4f0a8cce-cba4-44f5-8366-0fb5fb6bef9c
2019-10-16 07:00:40,033 [grpc-default-executor-6] INFO  impl.RoleInfo (RoleInfo.java:updateAndGet(143)) - 433771fa-af38-4628-a40e-96bcd22c3694: start FollowerState
2019-10-16 07:00:40,033 [Thread-694] INFO  impl.FollowerState (FollowerState.java:run(117)) - 433771fa-af38-4628-a40e-96bcd22c3694@group-767F7A20ABB4-FollowerState was interrupted: java.lang.InterruptedException: sleep interrupted
2019-10-16 07:00:40,033 [grpc-default-executor-5] INFO  impl.RoleInfo (RoleInfo.java:shutdownFollowerState(121)) - d2d597b7-f29c-4b6e-a1dc-31783afe2111: shutdown FollowerState
2019-10-16 07:00:40,033 [Thread-695] INFO  impl.FollowerState (FollowerState.java:run(117)) - d2d597b7-f29c-4b6e-a1dc-31783afe2111@group-767F7A20ABB4-FollowerState was interrupted: java.lang.InterruptedException: sleep interrupted
2019-10-16 07:00:40,033 [grpc-default-executor-5] INFO  impl.RoleInfo (RoleInfo.java:updateAndGet(143)) - d2d597b7-f29c-4b6e-a1dc-31783afe2111: start FollowerState
2019-10-16 07:00:40,034 [pool-7-thread-2] INFO  commands.RetriableDatanodeEventWatcher (RetriableDatanodeEventWatcher.java:onTimeout(47)) - RetriableDatanodeCommand type=deleteBlocksCommand with id=1571209234027 timed out. Retrying.
2019-10-16 07:00:40,034 [SCMBlockDeletingService#0] INFO  block.SCMBlockDeletingService (SCMBlockDeletingService.java:call(184)) - Totally added 1 delete blocks command for 1 datanodes, task elapsed time: 1ms
2019-10-16 07:00:40,034 [pool-7-thread-5] INFO  commands.RetriableDatanodeEventWatcher (RetriableDatanodeEventWatcher.java:onTimeout(47)) - RetriableDatanodeCommand type=deleteBlocksCommand with id=1571209234030 timed out. Retrying.
2019-10-16 07:00:40,035 [pool-7-thread-4] INFO  commands.RetriableDatanodeEventWatcher (RetriableDatanodeEventWatcher.java:onTimeout(47)) - RetriableDatanodeCommand type=deleteBlocksCommand with id=1571209234029 timed out. Retrying.
2019-10-16 07:00:40,035 [pool-7-thread-1] INFO  commands.RetriableDatanodeEventWatcher (RetriableDatanodeEventWatcher.java:onTimeout(47)) - RetriableDatanodeCommand type=deleteBlocksCommand with id=1571209234024 timed out. Retrying.
2019-10-16 07:00:40,035 [pool-7-thread-3] INFO  commands.RetriableDatanodeEventWatcher (RetriableDatanodeEventWatcher.java:onTimeout(47)) - RetriableDatanodeCommand type=deleteBlocksCommand with id=1571209234031 timed out. Retrying.
2019-10-16 07:00:40,049 [4f0a8cce-cba4-44f5-8366-0fb5fb6bef9c@group-767F7A20ABB4-LeaderElection27] INFO  impl.LeaderElection (LeaderElection.java:logAndReturn(56)) - 4f0a8cce-cba4-44f5-8366-0fb5fb6bef9c@group-767F7A20ABB4-LeaderElection27: Election REJECTED; received 2 response(s) [4f0a8cce-cba4-44f5-8366-0fb5fb6bef9c<-433771fa-af38-4628-a40e-96bcd22c3694#0:FAIL-t23, 4f0a8cce-cba4-44f5-8366-0fb5fb6bef9c<-d2d597b7-f29c-4b6e-a1dc-31783afe2111#0:FAIL-t23] and 0 exception(s); 4f0a8cce-cba4-44f5-8366-0fb5fb6bef9c@group-767F7A20ABB4:t23, leader=null, voted=4f0a8cce-cba4-44f5-8366-0fb5fb6bef9c, raftlog=4f0a8cce-cba4-44f5-8366-0fb5fb6bef9c@group-767F7A20ABB4-SegmentedRaftLog:OPENED:c3,f4,i4, conf=0: [433771fa-af38-4628-a40e-96bcd22c3694:192.168.69.68:34462, 4f0a8cce-cba4-44f5-8366-0fb5fb6bef9c:192.168.69.68:42866, d2d597b7-f29c-4b6e-a1dc-31783afe2111:192.168.69.68:40938], old=null
2019-10-16 07:00:40,049 [4f0a8cce-cba4-44f5-8366-0fb5fb6bef9c@group-767F7A20ABB4-LeaderElection27] INFO  impl.RaftServerImpl (RaftServerImpl.java:setRole(184)) - 4f0a8cce-cba4-44f5-8366-0fb5fb6bef9c@group-767F7A20ABB4: changes role from CANDIDATE to FOLLOWER at term 23 for DISCOVERED_A_NEW_TERM
2019-10-16 07:00:40,049 [4f0a8cce-cba4-44f5-8366-0fb5fb6bef9c@group-767F7A20ABB4-LeaderElection27] INFO  impl.RoleInfo (RoleInfo.java:shutdownLeaderElection(134)) - 4f0a8cce-cba4-44f5-8366-0fb5fb6bef9c: shutdown LeaderElection
2019-10-16 07:00:40,049 [4f0a8cce-cba4-44f5-8366-0fb5fb6bef9c@group-767F7A20ABB4-LeaderElection27] INFO  impl.RoleInfo (RoleInfo.java:updateAndGet(143)) - 4f0a8cce-cba4-44f5-8366-0fb5fb6bef9c: start FollowerState
2019-10-16 07:00:40,156 [Thread-702] INFO  impl.FollowerState (FollowerState.java:run(108)) - 4f0a8cce-cba4-44f5-8366-0fb5fb6bef9c@group-767F7A20ABB4-FollowerState: change to CANDIDATE, lastRpcTime:107ms, electionTimeout:107ms
2019-10-16 07:00:40,158 [Thread-702] INFO  impl.RoleInfo (RoleInfo.java:shutdownFollowerState(121)) - 4f0a8cce-cba4-44f5-8366-0fb5fb6bef9c: shutdown FollowerState
2019-10-16 07:00:40,158 [Thread-702] INFO  impl.RaftServerImpl (RaftServerImpl.java:setRole(184)) - 4f0a8cce-cba4-44f5-8366-0fb5fb6bef9c@group-767F7A20ABB4: changes role from  FOLLOWER to CANDIDATE at term 23 for changeToCandidate
2019-10-16 07:00:40,158 [Thread-702] INFO  impl.RoleInfo (RoleInfo.java:updateAndGet(143)) - 4f0a8cce-cba4-44f5-8366-0fb5fb6bef9c: start LeaderElection
2019-10-16 07:00:40,168 [4f0a8cce-cba4-44f5-8366-0fb5fb6bef9c@group-767F7A20ABB4-LeaderElection28] INFO  impl.LeaderElection (LeaderElection.java:askForVotes(178)) - 4f0a8cce-cba4-44f5-8366-0fb5fb6bef9c@group-767F7A20ABB4-LeaderElection28: begin an election at term 24 for 0: [433771fa-af38-4628-a40e-96bcd22c3694:192.168.69.68:34462, 4f0a8cce-cba4-44f5-8366-0fb5fb6bef9c:192.168.69.68:42866, d2d597b7-f29c-4b6e-a1dc-31783afe2111:192.168.69.68:40938], old=null
2019-10-16 07:00:40,171 [grpc-default-executor-5] INFO  impl.RaftServerImpl (RaftServerImpl.java:setRole(184)) - 433771fa-af38-4628-a40e-96bcd22c3694@group-767F7A20ABB4: changes role from  FOLLOWER to FOLLOWER at term 24 for recognizeCandidate:4f0a8cce-cba4-44f5-8366-0fb5fb6bef9c
2019-10-16 07:00:40,171 [grpc-default-executor-5] INFO  impl.RoleInfo (RoleInfo.java:shutdownFollowerState(121)) - 433771fa-af38-4628-a40e-96bcd22c3694: shutdown FollowerState
2019-10-16 07:00:40,171 [grpc-default-executor-6] INFO  impl.RaftServerImpl (RaftServerImpl.java:setRole(184)) - d2d597b7-f29c-4b6e-a1dc-31783afe2111@group-767F7A20ABB4: changes role from  FOLLOWER to FOLLOWER at term 24 for recognizeCandidate:4f0a8cce-cba4-44f5-8366-0fb5fb6bef9c
2019-10-16 07:00:40,171 [Thread-700] INFO  impl.FollowerState (FollowerState.java:run(117)) - 433771fa-af38-4628-a40e-96bcd22c3694@group-767F7A20ABB4-FollowerState was interrupted: java.lang.InterruptedException: sleep interrupted
2019-10-16 07:00:40,171 [grpc-default-executor-5] INFO  impl.RoleInfo (RoleInfo.java:updateAndGet(143)) - 433771fa-af38-4628-a40e-96bcd22c3694: start FollowerState
2019-10-16 07:00:40,172 [grpc-default-executor-6] INFO  impl.RoleInfo (RoleInfo.java:shutdownFollowerState(121)) - d2d597b7-f29c-4b6e-a1dc-31783afe2111: shutdown FollowerState
2019-10-16 07:00:40,172 [Thread-701] INFO  impl.FollowerState (FollowerState.java:run(117)) - d2d597b7-f29c-4b6e-a1dc-31783afe2111@group-767F7A20ABB4-FollowerState was interrupted: java.lang.InterruptedException: sleep interrupted
2019-10-16 07:00:40,172 [grpc-default-executor-6] INFO  impl.RoleInfo (RoleInfo.java:updateAndGet(143)) - d2d597b7-f29c-4b6e-a1dc-31783afe2111: start FollowerState
2019-10-16 07:00:40,186 [4f0a8cce-cba4-44f5-8366-0fb5fb6bef9c@group-767F7A20ABB4-LeaderElection28] INFO  impl.LeaderElection (LeaderElection.java:logAndReturn(56)) - 4f0a8cce-cba4-44f5-8366-0fb5fb6bef9c@group-767F7A20ABB4-LeaderElection28: Election REJECTED; received 2 response(s) [4f0a8cce-cba4-44f5-8366-0fb5fb6bef9c<-433771fa-af38-4628-a40e-96bcd22c3694#0:FAIL-t24, 4f0a8cce-cba4-44f5-8366-0fb5fb6bef9c<-d2d597b7-f29c-4b6e-a1dc-31783afe2111#0:FAIL-t24] and 0 exception(s); 4f0a8cce-cba4-44f5-8366-0fb5fb6bef9c@group-767F7A20ABB4:t24, leader=null, voted=4f0a8cce-cba4-44f5-8366-0fb5fb6bef9c, raftlog=4f0a8cce-cba4-44f5-8366-0fb5fb6bef9c@group-767F7A20ABB4-SegmentedRaftLog:OPENED:c3,f4,i4, conf=0: [433771fa-af38-4628-a40e-96bcd22c3694:192.168.69.68:34462, 4f0a8cce-cba4-44f5-8366-0fb5fb6bef9c:192.168.69.68:42866, d2d597b7-f29c-4b6e-a1dc-31783afe2111:192.168.69.68:40938], old=null
2019-10-16 07:00:40,187 [4f0a8cce-cba4-44f5-8366-0fb5fb6bef9c@group-767F7A20ABB4-LeaderElection28] INFO  impl.RaftServerImpl (RaftServerImpl.java:setRole(184)) - 4f0a8cce-cba4-44f5-8366-0fb5fb6bef9c@group-767F7A20ABB4: changes role from CANDIDATE to FOLLOWER at term 24 for DISCOVERED_A_NEW_TERM
2019-10-16 07:00:40,187 [4f0a8cce-cba4-44f5-8366-0fb5fb6bef9c@group-767F7A20ABB4-LeaderElection28] INFO  impl.RoleInfo (RoleInfo.java:shutdownLeaderElection(134)) - 4f0a8cce-cba4-44f5-8366-0fb5fb6bef9c: shutdown LeaderElection
2019-10-16 07:00:40,187 [4f0a8cce-cba4-44f5-8366-0fb5fb6bef9c@group-767F7A20ABB4-LeaderElection28] INFO  impl.RoleInfo (RoleInfo.java:updateAndGet(143)) - 4f0a8cce-cba4-44f5-8366-0fb5fb6bef9c: start FollowerState
2019-10-16 07:00:40,203 [BlockDeletingService#0] WARN  background.BlockDeletingService (BlockDeletingService.java:isDeletionAllowed(187)) - Close Container log Index 6 is not replicated across allthe servers in the pipeline f466b838-ca87-44ef-9280-767f7a20abb4 as the min replicated index is 4. Deletion is not allowed in this container yet.
2019-10-16 07:00:40,203 [BlockDeletingService#2] WARN  background.BlockDeletingService (BlockDeletingService.java:isDeletionAllowed(187)) - Close Container log Index 6 is not replicated across allthe servers in the pipeline f466b838-ca87-44ef-9280-767f7a20abb4 as the min replicated index is 4. Deletion is not allowed in this container yet.
2019-10-16 07:00:40,365 [Thread-708] INFO  impl.FollowerState (FollowerState.java:run(108)) - 4f0a8cce-cba4-44f5-8366-0fb5fb6bef9c@group-767F7A20ABB4-FollowerState: change to CANDIDATE, lastRpcTime:178ms, electionTimeout:178ms
2019-10-16 07:00:40,365 [Thread-708] INFO  impl.RoleInfo (RoleInfo.java:shutdownFollowerState(121)) - 4f0a8cce-cba4-44f5-8366-0fb5fb6bef9c: shutdown FollowerState
2019-10-16 07:00:40,365 [Thread-708] INFO  impl.RaftServerImpl (RaftServerImpl.java:setRole(184)) - 4f0a8cce-cba4-44f5-8366-0fb5fb6bef9c@group-767F7A20ABB4: changes role from  FOLLOWER to CANDIDATE at term 24 for changeToCandidate
2019-10-16 07:00:40,366 [Thread-708] INFO  impl.RoleInfo (RoleInfo.java:updateAndGet(143)) - 4f0a8cce-cba4-44f5-8366-0fb5fb6bef9c: start LeaderElection
2019-10-16 07:00:40,380 [4f0a8cce-cba4-44f5-8366-0fb5fb6bef9c@group-767F7A20ABB4-LeaderElection29] INFO  impl.LeaderElection (LeaderElection.java:askForVotes(178)) - 4f0a8cce-cba4-44f5-8366-0fb5fb6bef9c@group-767F7A20ABB4-LeaderElection29: begin an election at term 25 for 0: [433771fa-af38-4628-a40e-96bcd22c3694:192.168.69.68:34462, 4f0a8cce-cba4-44f5-8366-0fb5fb6bef9c:192.168.69.68:42866, d2d597b7-f29c-4b6e-a1dc-31783afe2111:192.168.69.68:40938], old=null
2019-10-16 07:00:40,384 [grpc-default-executor-5] INFO  impl.RaftServerImpl (RaftServerImpl.java:setRole(184)) - 433771fa-af38-4628-a40e-96bcd22c3694@group-767F7A20ABB4: changes role from  FOLLOWER to FOLLOWER at term 25 for recognizeCandidate:4f0a8cce-cba4-44f5-8366-0fb5fb6bef9c
2019-10-16 07:00:40,384 [grpc-default-executor-6] INFO  impl.RaftServerImpl (RaftServerImpl.java:setRole(184)) - d2d597b7-f29c-4b6e-a1dc-31783afe2111@group-767F7A20ABB4: changes role from  FOLLOWER to FOLLOWER at term 25 for recognizeCandidate:4f0a8cce-cba4-44f5-8366-0fb5fb6bef9c
2019-10-16 07:00:40,384 [grpc-default-executor-5] INFO  impl.RoleInfo (RoleInfo.java:shutdownFollowerState(121)) - 433771fa-af38-4628-a40e-96bcd22c3694: shutdown FollowerState
2019-10-16 07:00:40,384 [grpc-default-executor-6] INFO  impl.RoleInfo (RoleInfo.java:shutdownFollowerState(121)) - d2d597b7-f29c-4b6e-a1dc-31783afe2111: shutdown FollowerState
2019-10-16 07:00:40,385 [grpc-default-executor-5] INFO  impl.RoleInfo (RoleInfo.java:updateAndGet(143)) - 433771fa-af38-4628-a40e-96bcd22c3694: start FollowerState
2019-10-16 07:00:40,385 [grpc-default-executor-6] INFO  impl.RoleInfo (RoleInfo.java:updateAndGet(143)) - d2d597b7-f29c-4b6e-a1dc-31783afe2111: start FollowerState
2019-10-16 07:00:40,385 [Thread-706] INFO  impl.FollowerState (FollowerState.java:run(117)) - 433771fa-af38-4628-a40e-96bcd22c3694@group-767F7A20ABB4-FollowerState was interrupted: java.lang.InterruptedException: sleep interrupted
2019-10-16 07:00:40,385 [Thread-707] INFO  impl.FollowerState (FollowerState.java:run(117)) - d2d597b7-f29c-4b6e-a1dc-31783afe2111@group-767F7A20ABB4-FollowerState was interrupted: java.lang.InterruptedException: sleep interrupted
2019-10-16 07:00:40,392 [java.util.concurrent.ThreadPoolExecutor$Worker@4e0b4352[State = -1, empty queue]] WARN  server.GrpcLogAppender (GrpcLogAppender.java:timeoutAppendRequest(209)) - d2d597b7-f29c-4b6e-a1dc-31783afe2111@group-767F7A20ABB4->4f0a8cce-cba4-44f5-8366-0fb5fb6bef9c-GrpcLogAppender: appendEntries Timeout, request=d2d597b7-f29c-4b6e-a1dc-31783afe2111->4f0a8cce-cba4-44f5-8366-0fb5fb6bef9c#52-t3, previous=(t:3, i:10), leaderCommit=10, initializing? false, entries: <empty>
2019-10-16 07:00:40,400 [4f0a8cce-cba4-44f5-8366-0fb5fb6bef9c@group-767F7A20ABB4-LeaderElection29] INFO  impl.LeaderElection (LeaderElection.java:logAndReturn(56)) - 4f0a8cce-cba4-44f5-8366-0fb5fb6bef9c@group-767F7A20ABB4-LeaderElection29: Election REJECTED; received 2 response(s) [4f0a8cce-cba4-44f5-8366-0fb5fb6bef9c<-433771fa-af38-4628-a40e-96bcd22c3694#0:FAIL-t25, 4f0a8cce-cba4-44f5-8366-0fb5fb6bef9c<-d2d597b7-f29c-4b6e-a1dc-31783afe2111#0:FAIL-t25] and 0 exception(s); 4f0a8cce-cba4-44f5-8366-0fb5fb6bef9c@group-767F7A20ABB4:t25, leader=null, voted=4f0a8cce-cba4-44f5-8366-0fb5fb6bef9c, raftlog=4f0a8cce-cba4-44f5-8366-0fb5fb6bef9c@group-767F7A20ABB4-SegmentedRaftLog:OPENED:c3,f4,i4, conf=0: [433771fa-af38-4628-a40e-96bcd22c3694:192.168.69.68:34462, 4f0a8cce-cba4-44f5-8366-0fb5fb6bef9c:192.168.69.68:42866, d2d597b7-f29c-4b6e-a1dc-31783afe2111:192.168.69.68:40938], old=null
2019-10-16 07:00:40,400 [4f0a8cce-cba4-44f5-8366-0fb5fb6bef9c@group-767F7A20ABB4-LeaderElection29] INFO  impl.RaftServerImpl (RaftServerImpl.java:setRole(184)) - 4f0a8cce-cba4-44f5-8366-0fb5fb6bef9c@group-767F7A20ABB4: changes role from CANDIDATE to FOLLOWER at term 25 for DISCOVERED_A_NEW_TERM
2019-10-16 07:00:40,401 [4f0a8cce-cba4-44f5-8366-0fb5fb6bef9c@group-767F7A20ABB4-LeaderElection29] INFO  impl.RoleInfo (RoleInfo.java:shutdownLeaderElection(134)) - 4f0a8cce-cba4-44f5-8366-0fb5fb6bef9c: shutdown LeaderElection
2019-10-16 07:00:40,401 [4f0a8cce-cba4-44f5-8366-0fb5fb6bef9c@group-767F7A20ABB4-LeaderElection29] INFO  impl.RoleInfo (RoleInfo.java:updateAndGet(143)) - 4f0a8cce-cba4-44f5-8366-0fb5fb6bef9c: start FollowerState
2019-10-16 07:00:40,489 [Thread-716] INFO  impl.FollowerState (FollowerState.java:run(108)) - 4f0a8cce-cba4-44f5-8366-0fb5fb6bef9c@group-767F7A20ABB4-FollowerState: change to CANDIDATE, lastRpcTime:88ms, electionTimeout:88ms
2019-10-16 07:00:40,491 [Thread-716] INFO  impl.RoleInfo (RoleInfo.java:shutdownFollowerState(121)) - 4f0a8cce-cba4-44f5-8366-0fb5fb6bef9c: shutdown FollowerState
2019-10-16 07:00:40,491 [Thread-716] INFO  impl.RaftServerImpl (RaftServerImpl.java:setRole(184)) - 4f0a8cce-cba4-44f5-8366-0fb5fb6bef9c@group-767F7A20ABB4: changes role from  FOLLOWER to CANDIDATE at term 25 for changeToCandidate
2019-10-16 07:00:40,491 [Thread-716] INFO  impl.RoleInfo (RoleInfo.java:updateAndGet(143)) - 4f0a8cce-cba4-44f5-8366-0fb5fb6bef9c: start LeaderElection
2019-10-16 07:00:40,505 [4f0a8cce-cba4-44f5-8366-0fb5fb6bef9c@group-767F7A20ABB4-LeaderElection30] INFO  impl.LeaderElection (LeaderElection.java:askForVotes(178)) - 4f0a8cce-cba4-44f5-8366-0fb5fb6bef9c@group-767F7A20ABB4-LeaderElection30: begin an election at term 26 for 0: [433771fa-af38-4628-a40e-96bcd22c3694:192.168.69.68:34462, 4f0a8cce-cba4-44f5-8366-0fb5fb6bef9c:192.168.69.68:42866, d2d597b7-f29c-4b6e-a1dc-31783afe2111:192.168.69.68:40938], old=null
2019-10-16 07:00:40,507 [grpc-default-executor-6] INFO  impl.RaftServerImpl (RaftServerImpl.java:setRole(184)) - 433771fa-af38-4628-a40e-96bcd22c3694@group-767F7A20ABB4: changes role from  FOLLOWER to FOLLOWER at term 26 for recognizeCandidate:4f0a8cce-cba4-44f5-8366-0fb5fb6bef9c
2019-10-16 07:00:40,507 [grpc-default-executor-5] INFO  impl.RaftServerImpl (RaftServerImpl.java:setRole(184)) - d2d597b7-f29c-4b6e-a1dc-31783afe2111@group-767F7A20ABB4: changes role from  FOLLOWER to FOLLOWER at term 26 for recognizeCandidate:4f0a8cce-cba4-44f5-8366-0fb5fb6bef9c
2019-10-16 07:00:40,508 [grpc-default-executor-6] INFO  impl.RoleInfo (RoleInfo.java:shutdownFollowerState(121)) - 433771fa-af38-4628-a40e-96bcd22c3694: shutdown FollowerState
2019-10-16 07:00:40,508 [grpc-default-executor-5] INFO  impl.RoleInfo (RoleInfo.java:shutdownFollowerState(121)) - d2d597b7-f29c-4b6e-a1dc-31783afe2111: shutdown FollowerState
2019-10-16 07:00:40,508 [grpc-default-executor-6] INFO  impl.RoleInfo (RoleInfo.java:updateAndGet(143)) - 433771fa-af38-4628-a40e-96bcd22c3694: start FollowerState
2019-10-16 07:00:40,508 [Thread-714] INFO  impl.FollowerState (FollowerState.java:run(117)) - 433771fa-af38-4628-a40e-96bcd22c3694@group-767F7A20ABB4-FollowerState was interrupted: java.lang.InterruptedException: sleep interrupted
2019-10-16 07:00:40,508 [grpc-default-executor-5] INFO  impl.RoleInfo (RoleInfo.java:updateAndGet(143)) - d2d597b7-f29c-4b6e-a1dc-31783afe2111: start FollowerState
2019-10-16 07:00:40,508 [Thread-715] INFO  impl.FollowerState (FollowerState.java:run(117)) - d2d597b7-f29c-4b6e-a1dc-31783afe2111@group-767F7A20ABB4-FollowerState was interrupted: java.lang.InterruptedException: sleep interrupted
2019-10-16 07:00:40,515 [4f0a8cce-cba4-44f5-8366-0fb5fb6bef9c@group-767F7A20ABB4-LeaderElection30] INFO  impl.LeaderElection (LeaderElection.java:logAndReturn(56)) - 4f0a8cce-cba4-44f5-8366-0fb5fb6bef9c@group-767F7A20ABB4-LeaderElection30: Election TIMEOUT; received 0 response(s) [] and 0 exception(s); 4f0a8cce-cba4-44f5-8366-0fb5fb6bef9c@group-767F7A20ABB4:t26, leader=null, voted=4f0a8cce-cba4-44f5-8366-0fb5fb6bef9c, raftlog=4f0a8cce-cba4-44f5-8366-0fb5fb6bef9c@group-767F7A20ABB4-SegmentedRaftLog:OPENED:c3,f4,i4, conf=0: [433771fa-af38-4628-a40e-96bcd22c3694:192.168.69.68:34462, 4f0a8cce-cba4-44f5-8366-0fb5fb6bef9c:192.168.69.68:42866, d2d597b7-f29c-4b6e-a1dc-31783afe2111:192.168.69.68:40938], old=null
2019-10-16 07:00:40,518 [4f0a8cce-cba4-44f5-8366-0fb5fb6bef9c@group-767F7A20ABB4-LeaderElection30] INFO  impl.LeaderElection (LeaderElection.java:askForVotes(178)) - 4f0a8cce-cba4-44f5-8366-0fb5fb6bef9c@group-767F7A20ABB4-LeaderElection30: begin an election at term 27 for 0: [433771fa-af38-4628-a40e-96bcd22c3694:192.168.69.68:34462, 4f0a8cce-cba4-44f5-8366-0fb5fb6bef9c:192.168.69.68:42866, d2d597b7-f29c-4b6e-a1dc-31783afe2111:192.168.69.68:40938], old=null
2019-10-16 07:00:40,521 [grpc-default-executor-6] INFO  impl.RaftServerImpl (RaftServerImpl.java:setRole(184)) - d2d597b7-f29c-4b6e-a1dc-31783afe2111@group-767F7A20ABB4: changes role from  FOLLOWER to FOLLOWER at term 27 for recognizeCandidate:4f0a8cce-cba4-44f5-8366-0fb5fb6bef9c
2019-10-16 07:00:40,522 [grpc-default-executor-5] INFO  impl.RaftServerImpl (RaftServerImpl.java:setRole(184)) - 433771fa-af38-4628-a40e-96bcd22c3694@group-767F7A20ABB4: changes role from  FOLLOWER to FOLLOWER at term 27 for recognizeCandidate:4f0a8cce-cba4-44f5-8366-0fb5fb6bef9c
2019-10-16 07:00:40,522 [grpc-default-executor-6] INFO  impl.RoleInfo (RoleInfo.java:shutdownFollowerState(121)) - d2d597b7-f29c-4b6e-a1dc-31783afe2111: shutdown FollowerState
2019-10-16 07:00:40,522 [grpc-default-executor-5] INFO  impl.RoleInfo (RoleInfo.java:shutdownFollowerState(121)) - 433771fa-af38-4628-a40e-96bcd22c3694: shutdown FollowerState
2019-10-16 07:00:40,522 [Thread-721] INFO  impl.FollowerState (FollowerState.java:run(117)) - d2d597b7-f29c-4b6e-a1dc-31783afe2111@group-767F7A20ABB4-FollowerState was interrupted: java.lang.InterruptedException: sleep interrupted
2019-10-16 07:00:40,523 [grpc-default-executor-5] INFO  impl.RoleInfo (RoleInfo.java:updateAndGet(143)) - 433771fa-af38-4628-a40e-96bcd22c3694: start FollowerState
2019-10-16 07:00:40,523 [Thread-720] INFO  impl.FollowerState (FollowerState.java:run(117)) - 433771fa-af38-4628-a40e-96bcd22c3694@group-767F7A20ABB4-FollowerState was interrupted: java.lang.InterruptedException: sleep interrupted
2019-10-16 07:00:40,523 [grpc-default-executor-6] INFO  impl.RoleInfo (RoleInfo.java:updateAndGet(143)) - d2d597b7-f29c-4b6e-a1dc-31783afe2111: start FollowerState
2019-10-16 07:00:40,531 [4f0a8cce-cba4-44f5-8366-0fb5fb6bef9c@group-767F7A20ABB4-LeaderElection30] INFO  impl.LeaderElection (LeaderElection.java:logAndReturn(56)) - 4f0a8cce-cba4-44f5-8366-0fb5fb6bef9c@group-767F7A20ABB4-LeaderElection30: Election REJECTED; received 2 response(s) [4f0a8cce-cba4-44f5-8366-0fb5fb6bef9c<-433771fa-af38-4628-a40e-96bcd22c3694#0:FAIL-t27, 4f0a8cce-cba4-44f5-8366-0fb5fb6bef9c<-d2d597b7-f29c-4b6e-a1dc-31783afe2111#0:FAIL-t27] and 0 exception(s); 4f0a8cce-cba4-44f5-8366-0fb5fb6bef9c@group-767F7A20ABB4:t27, leader=null, voted=4f0a8cce-cba4-44f5-8366-0fb5fb6bef9c, raftlog=4f0a8cce-cba4-44f5-8366-0fb5fb6bef9c@group-767F7A20ABB4-SegmentedRaftLog:OPENED:c3,f4,i4, conf=0: [433771fa-af38-4628-a40e-96bcd22c3694:192.168.69.68:34462, 4f0a8cce-cba4-44f5-8366-0fb5fb6bef9c:192.168.69.68:42866, d2d597b7-f29c-4b6e-a1dc-31783afe2111:192.168.69.68:40938], old=null
2019-10-16 07:00:40,531 [4f0a8cce-cba4-44f5-8366-0fb5fb6bef9c@group-767F7A20ABB4-LeaderElection30] INFO  impl.RaftServerImpl (RaftServerImpl.java:setRole(184)) - 4f0a8cce-cba4-44f5-8366-0fb5fb6bef9c@group-767F7A20ABB4: changes role from CANDIDATE to FOLLOWER at term 27 for DISCOVERED_A_NEW_TERM
2019-10-16 07:00:40,532 [4f0a8cce-cba4-44f5-8366-0fb5fb6bef9c@group-767F7A20ABB4-LeaderElection30] INFO  impl.RoleInfo (RoleInfo.java:shutdownLeaderElection(134)) - 4f0a8cce-cba4-44f5-8366-0fb5fb6bef9c: shutdown LeaderElection
2019-10-16 07:00:40,532 [4f0a8cce-cba4-44f5-8366-0fb5fb6bef9c@group-767F7A20ABB4-LeaderElection30] INFO  impl.RoleInfo (RoleInfo.java:updateAndGet(143)) - 4f0a8cce-cba4-44f5-8366-0fb5fb6bef9c: start FollowerState
2019-10-16 07:00:40,570 [Thread-726] INFO  impl.FollowerState (FollowerState.java:run(108)) - 4f0a8cce-cba4-44f5-8366-0fb5fb6bef9c@group-767F7A20ABB4-FollowerState: change to CANDIDATE, lastRpcTime:38ms, electionTimeout:38ms
2019-10-16 07:00:40,571 [Thread-726] INFO  impl.RoleInfo (RoleInfo.java:shutdownFollowerState(121)) - 4f0a8cce-cba4-44f5-8366-0fb5fb6bef9c: shutdown FollowerState
2019-10-16 07:00:40,571 [Thread-726] INFO  impl.RaftServerImpl (RaftServerImpl.java:setRole(184)) - 4f0a8cce-cba4-44f5-8366-0fb5fb6bef9c@group-767F7A20ABB4: changes role from  FOLLOWER to CANDIDATE at term 27 for changeToCandidate
2019-10-16 07:00:40,571 [Thread-726] INFO  impl.RoleInfo (RoleInfo.java:updateAndGet(143)) - 4f0a8cce-cba4-44f5-8366-0fb5fb6bef9c: start LeaderElection
2019-10-16 07:00:40,584 [4f0a8cce-cba4-44f5-8366-0fb5fb6bef9c@group-767F7A20ABB4-LeaderElection31] INFO  impl.LeaderElection (LeaderElection.java:askForVotes(178)) - 4f0a8cce-cba4-44f5-8366-0fb5fb6bef9c@group-767F7A20ABB4-LeaderElection31: begin an election at term 28 for 0: [433771fa-af38-4628-a40e-96bcd22c3694:192.168.69.68:34462, 4f0a8cce-cba4-44f5-8366-0fb5fb6bef9c:192.168.69.68:42866, d2d597b7-f29c-4b6e-a1dc-31783afe2111:192.168.69.68:40938], old=null
2019-10-16 07:00:40,586 [grpc-default-executor-5] INFO  impl.RaftServerImpl (RaftServerImpl.java:setRole(184)) - 433771fa-af38-4628-a40e-96bcd22c3694@group-767F7A20ABB4: changes role from  FOLLOWER to FOLLOWER at term 28 for recognizeCandidate:4f0a8cce-cba4-44f5-8366-0fb5fb6bef9c
2019-10-16 07:00:40,586 [grpc-default-executor-6] INFO  impl.RaftServerImpl (RaftServerImpl.java:setRole(184)) - d2d597b7-f29c-4b6e-a1dc-31783afe2111@group-767F7A20ABB4: changes role from  FOLLOWER to FOLLOWER at term 28 for recognizeCandidate:4f0a8cce-cba4-44f5-8366-0fb5fb6bef9c
2019-10-16 07:00:40,586 [grpc-default-executor-6] INFO  impl.RoleInfo (RoleInfo.java:shutdownFollowerState(121)) - d2d597b7-f29c-4b6e-a1dc-31783afe2111: shutdown FollowerState
2019-10-16 07:00:40,586 [grpc-default-executor-5] INFO  impl.RoleInfo (RoleInfo.java:shutdownFollowerState(121)) - 433771fa-af38-4628-a40e-96bcd22c3694: shutdown FollowerState
2019-10-16 07:00:40,587 [grpc-default-executor-6] INFO  impl.RoleInfo (RoleInfo.java:updateAndGet(143)) - d2d597b7-f29c-4b6e-a1dc-31783afe2111: start FollowerState
2019-10-16 07:00:40,587 [Thread-724] INFO  impl.FollowerState (FollowerState.java:run(117)) - d2d597b7-f29c-4b6e-a1dc-31783afe2111@group-767F7A20ABB4-FollowerState was interrupted: java.lang.InterruptedException: sleep interrupted
2019-10-16 07:00:40,587 [grpc-default-executor-5] INFO  impl.RoleInfo (RoleInfo.java:updateAndGet(143)) - 433771fa-af38-4628-a40e-96bcd22c3694: start FollowerState
2019-10-16 07:00:40,587 [Thread-725] INFO  impl.FollowerState (FollowerState.java:run(117)) - 433771fa-af38-4628-a40e-96bcd22c3694@group-767F7A20ABB4-FollowerState was interrupted: java.lang.InterruptedException: sleep interrupted
2019-10-16 07:00:40,602 [4f0a8cce-cba4-44f5-8366-0fb5fb6bef9c@group-767F7A20ABB4-LeaderElection31] INFO  impl.LeaderElection (LeaderElection.java:logAndReturn(56)) - 4f0a8cce-cba4-44f5-8366-0fb5fb6bef9c@group-767F7A20ABB4-LeaderElection31: Election REJECTED; received 2 response(s) [4f0a8cce-cba4-44f5-8366-0fb5fb6bef9c<-433771fa-af38-4628-a40e-96bcd22c3694#0:FAIL-t28, 4f0a8cce-cba4-44f5-8366-0fb5fb6bef9c<-d2d597b7-f29c-4b6e-a1dc-31783afe2111#0:FAIL-t28] and 0 exception(s); 4f0a8cce-cba4-44f5-8366-0fb5fb6bef9c@group-767F7A20ABB4:t28, leader=null, voted=4f0a8cce-cba4-44f5-8366-0fb5fb6bef9c, raftlog=4f0a8cce-cba4-44f5-8366-0fb5fb6bef9c@group-767F7A20ABB4-SegmentedRaftLog:OPENED:c3,f4,i4, conf=0: [433771fa-af38-4628-a40e-96bcd22c3694:192.168.69.68:34462, 4f0a8cce-cba4-44f5-8366-0fb5fb6bef9c:192.168.69.68:42866, d2d597b7-f29c-4b6e-a1dc-31783afe2111:192.168.69.68:40938], old=null
2019-10-16 07:00:40,602 [4f0a8cce-cba4-44f5-8366-0fb5fb6bef9c@group-767F7A20ABB4-LeaderElection31] INFO  impl.RaftServerImpl (RaftServerImpl.java:setRole(184)) - 4f0a8cce-cba4-44f5-8366-0fb5fb6bef9c@group-767F7A20ABB4: changes role from CANDIDATE to FOLLOWER at term 28 for DISCOVERED_A_NEW_TERM
2019-10-16 07:00:40,602 [4f0a8cce-cba4-44f5-8366-0fb5fb6bef9c@group-767F7A20ABB4-LeaderElection31] INFO  impl.RoleInfo (RoleInfo.java:shutdownLeaderElection(134)) - 4f0a8cce-cba4-44f5-8366-0fb5fb6bef9c: shutdown LeaderElection
2019-10-16 07:00:40,602 [4f0a8cce-cba4-44f5-8366-0fb5fb6bef9c@group-767F7A20ABB4-LeaderElection31] INFO  impl.RoleInfo (RoleInfo.java:updateAndGet(143)) - 4f0a8cce-cba4-44f5-8366-0fb5fb6bef9c: start FollowerState
2019-10-16 07:00:40,742 [Thread-732] INFO  impl.FollowerState (FollowerState.java:run(108)) - 4f0a8cce-cba4-44f5-8366-0fb5fb6bef9c@group-767F7A20ABB4-FollowerState: change to CANDIDATE, lastRpcTime:139ms, electionTimeout:139ms
2019-10-16 07:00:40,743 [Thread-732] INFO  impl.RoleInfo (RoleInfo.java:shutdownFollowerState(121)) - 4f0a8cce-cba4-44f5-8366-0fb5fb6bef9c: shutdown FollowerState
2019-10-16 07:00:40,743 [Thread-732] INFO  impl.RaftServerImpl (RaftServerImpl.java:setRole(184)) - 4f0a8cce-cba4-44f5-8366-0fb5fb6bef9c@group-767F7A20ABB4: changes role from  FOLLOWER to CANDIDATE at term 28 for changeToCandidate
2019-10-16 07:00:40,743 [Thread-732] INFO  impl.RoleInfo (RoleInfo.java:updateAndGet(143)) - 4f0a8cce-cba4-44f5-8366-0fb5fb6bef9c: start LeaderElection
2019-10-16 07:00:40,755 [4f0a8cce-cba4-44f5-8366-0fb5fb6bef9c@group-767F7A20ABB4-LeaderElection32] INFO  impl.LeaderElection (LeaderElection.java:askForVotes(178)) - 4f0a8cce-cba4-44f5-8366-0fb5fb6bef9c@group-767F7A20ABB4-LeaderElection32: begin an election at term 29 for 0: [433771fa-af38-4628-a40e-96bcd22c3694:192.168.69.68:34462, 4f0a8cce-cba4-44f5-8366-0fb5fb6bef9c:192.168.69.68:42866, d2d597b7-f29c-4b6e-a1dc-31783afe2111:192.168.69.68:40938], old=null
2019-10-16 07:00:40,758 [grpc-default-executor-5] INFO  impl.RaftServerImpl (RaftServerImpl.java:setRole(184)) - 433771fa-af38-4628-a40e-96bcd22c3694@group-767F7A20ABB4: changes role from  FOLLOWER to FOLLOWER at term 29 for recognizeCandidate:4f0a8cce-cba4-44f5-8366-0fb5fb6bef9c
2019-10-16 07:00:40,758 [grpc-default-executor-6] INFO  impl.RaftServerImpl (RaftServerImpl.java:setRole(184)) - d2d597b7-f29c-4b6e-a1dc-31783afe2111@group-767F7A20ABB4: changes role from  FOLLOWER to FOLLOWER at term 29 for recognizeCandidate:4f0a8cce-cba4-44f5-8366-0fb5fb6bef9c
2019-10-16 07:00:40,758 [grpc-default-executor-5] INFO  impl.RoleInfo (RoleInfo.java:shutdownFollowerState(121)) - 433771fa-af38-4628-a40e-96bcd22c3694: shutdown FollowerState
2019-10-16 07:00:40,758 [grpc-default-executor-6] INFO  impl.RoleInfo (RoleInfo.java:shutdownFollowerState(121)) - d2d597b7-f29c-4b6e-a1dc-31783afe2111: shutdown FollowerState
2019-10-16 07:00:40,759 [grpc-default-executor-5] INFO  impl.RoleInfo (RoleInfo.java:updateAndGet(143)) - 433771fa-af38-4628-a40e-96bcd22c3694: start FollowerState
2019-10-16 07:00:40,759 [Thread-731] INFO  impl.FollowerState (FollowerState.java:run(117)) - 433771fa-af38-4628-a40e-96bcd22c3694@group-767F7A20ABB4-FollowerState was interrupted: java.lang.InterruptedException: sleep interrupted
2019-10-16 07:00:40,759 [Thread-730] INFO  impl.FollowerState (FollowerState.java:run(117)) - d2d597b7-f29c-4b6e-a1dc-31783afe2111@group-767F7A20ABB4-FollowerState was interrupted: java.lang.InterruptedException: sleep interrupted
2019-10-16 07:00:40,759 [grpc-default-executor-6] INFO  impl.RoleInfo (RoleInfo.java:updateAndGet(143)) - d2d597b7-f29c-4b6e-a1dc-31783afe2111: start FollowerState
2019-10-16 07:00:40,766 [4f0a8cce-cba4-44f5-8366-0fb5fb6bef9c@group-767F7A20ABB4-LeaderElection32] INFO  impl.LeaderElection (LeaderElection.java:logAndReturn(56)) - 4f0a8cce-cba4-44f5-8366-0fb5fb6bef9c@group-767F7A20ABB4-LeaderElection32: Election REJECTED; received 2 response(s) [4f0a8cce-cba4-44f5-8366-0fb5fb6bef9c<-433771fa-af38-4628-a40e-96bcd22c3694#0:FAIL-t29, 4f0a8cce-cba4-44f5-8366-0fb5fb6bef9c<-d2d597b7-f29c-4b6e-a1dc-31783afe2111#0:FAIL-t29] and 0 exception(s); 4f0a8cce-cba4-44f5-8366-0fb5fb6bef9c@group-767F7A20ABB4:t29, leader=null, voted=4f0a8cce-cba4-44f5-8366-0fb5fb6bef9c, raftlog=4f0a8cce-cba4-44f5-8366-0fb5fb6bef9c@group-767F7A20ABB4-SegmentedRaftLog:OPENED:c3,f4,i4, conf=0: [433771fa-af38-4628-a40e-96bcd22c3694:192.168.69.68:34462, 4f0a8cce-cba4-44f5-8366-0fb5fb6bef9c:192.168.69.68:42866, d2d597b7-f29c-4b6e-a1dc-31783afe2111:192.168.69.68:40938], old=null
2019-10-16 07:00:40,766 [4f0a8cce-cba4-44f5-8366-0fb5fb6bef9c@group-767F7A20ABB4-LeaderElection32] INFO  impl.RaftServerImpl (RaftServerImpl.java:setRole(184)) - 4f0a8cce-cba4-44f5-8366-0fb5fb6bef9c@group-767F7A20ABB4: changes role from CANDIDATE to FOLLOWER at term 29 for DISCOVERED_A_NEW_TERM
2019-10-16 07:00:40,766 [4f0a8cce-cba4-44f5-8366-0fb5fb6bef9c@group-767F7A20ABB4-LeaderElection32] INFO  impl.RoleInfo (RoleInfo.java:shutdownLeaderElection(134)) - 4f0a8cce-cba4-44f5-8366-0fb5fb6bef9c: shutdown LeaderElection
2019-10-16 07:00:40,767 [4f0a8cce-cba4-44f5-8366-0fb5fb6bef9c@group-767F7A20ABB4-LeaderElection32] INFO  impl.RoleInfo (RoleInfo.java:updateAndGet(143)) - 4f0a8cce-cba4-44f5-8366-0fb5fb6bef9c: start FollowerState
2019-10-16 07:00:40,816 [Thread-739] INFO  impl.FollowerState (FollowerState.java:run(108)) - 4f0a8cce-cba4-44f5-8366-0fb5fb6bef9c@group-767F7A20ABB4-FollowerState: change to CANDIDATE, lastRpcTime:49ms, electionTimeout:49ms
2019-10-16 07:00:40,817 [Thread-739] INFO  impl.RoleInfo (RoleInfo.java:shutdownFollowerState(121)) - 4f0a8cce-cba4-44f5-8366-0fb5fb6bef9c: shutdown FollowerState
2019-10-16 07:00:40,817 [Thread-739] INFO  impl.RaftServerImpl (RaftServerImpl.java:setRole(184)) - 4f0a8cce-cba4-44f5-8366-0fb5fb6bef9c@group-767F7A20ABB4: changes role from  FOLLOWER to CANDIDATE at term 29 for changeToCandidate
2019-10-16 07:00:40,818 [Thread-739] INFO  impl.RoleInfo (RoleInfo.java:updateAndGet(143)) - 4f0a8cce-cba4-44f5-8366-0fb5fb6bef9c: start LeaderElection
2019-10-16 07:00:40,835 [4f0a8cce-cba4-44f5-8366-0fb5fb6bef9c@group-767F7A20ABB4-LeaderElection33] INFO  impl.LeaderElection (LeaderElection.java:askForVotes(178)) - 4f0a8cce-cba4-44f5-8366-0fb5fb6bef9c@group-767F7A20ABB4-LeaderElection33: begin an election at term 30 for 0: [433771fa-af38-4628-a40e-96bcd22c3694:192.168.69.68:34462, 4f0a8cce-cba4-44f5-8366-0fb5fb6bef9c:192.168.69.68:42866, d2d597b7-f29c-4b6e-a1dc-31783afe2111:192.168.69.68:40938], old=null
2019-10-16 07:00:40,838 [grpc-default-executor-6] INFO  impl.RaftServerImpl (RaftServerImpl.java:setRole(184)) - 433771fa-af38-4628-a40e-96bcd22c3694@group-767F7A20ABB4: changes role from  FOLLOWER to FOLLOWER at term 30 for recognizeCandidate:4f0a8cce-cba4-44f5-8366-0fb5fb6bef9c
2019-10-16 07:00:40,838 [grpc-default-executor-5] INFO  impl.RaftServerImpl (RaftServerImpl.java:setRole(184)) - d2d597b7-f29c-4b6e-a1dc-31783afe2111@group-767F7A20ABB4: changes role from  FOLLOWER to FOLLOWER at term 30 for recognizeCandidate:4f0a8cce-cba4-44f5-8366-0fb5fb6bef9c
2019-10-16 07:00:40,838 [grpc-default-executor-6] INFO  impl.RoleInfo (RoleInfo.java:shutdownFollowerState(121)) - 433771fa-af38-4628-a40e-96bcd22c3694: shutdown FollowerState
2019-10-16 07:00:40,838 [grpc-default-executor-5] INFO  impl.RoleInfo (RoleInfo.java:shutdownFollowerState(121)) - d2d597b7-f29c-4b6e-a1dc-31783afe2111: shutdown FollowerState
2019-10-16 07:00:40,838 [Thread-737] INFO  impl.FollowerState (FollowerState.java:run(117)) - 433771fa-af38-4628-a40e-96bcd22c3694@group-767F7A20ABB4-FollowerState was interrupted: java.lang.InterruptedException: sleep interrupted
2019-10-16 07:00:40,838 [grpc-default-executor-6] INFO  impl.RoleInfo (RoleInfo.java:updateAndGet(143)) - 433771fa-af38-4628-a40e-96bcd22c3694: start FollowerState
2019-10-16 07:00:40,839 [grpc-default-executor-5] INFO  impl.RoleInfo (RoleInfo.java:updateAndGet(143)) - d2d597b7-f29c-4b6e-a1dc-31783afe2111: start FollowerState
2019-10-16 07:00:40,839 [Thread-738] INFO  impl.FollowerState (FollowerState.java:run(117)) - d2d597b7-f29c-4b6e-a1dc-31783afe2111@group-767F7A20ABB4-FollowerState was interrupted: java.lang.InterruptedException: sleep interrupted
2019-10-16 07:00:40,872 [4f0a8cce-cba4-44f5-8366-0fb5fb6bef9c@group-767F7A20ABB4-LeaderElection33] INFO  impl.LeaderElection (LeaderElection.java:logAndReturn(56)) - 4f0a8cce-cba4-44f5-8366-0fb5fb6bef9c@group-767F7A20ABB4-LeaderElection33: Election REJECTED; received 2 response(s) [4f0a8cce-cba4-44f5-8366-0fb5fb6bef9c<-433771fa-af38-4628-a40e-96bcd22c3694#0:FAIL-t30, 4f0a8cce-cba4-44f5-8366-0fb5fb6bef9c<-d2d597b7-f29c-4b6e-a1dc-31783afe2111#0:FAIL-t30] and 0 exception(s); 4f0a8cce-cba4-44f5-8366-0fb5fb6bef9c@group-767F7A20ABB4:t30, leader=null, voted=4f0a8cce-cba4-44f5-8366-0fb5fb6bef9c, raftlog=4f0a8cce-cba4-44f5-8366-0fb5fb6bef9c@group-767F7A20ABB4-SegmentedRaftLog:OPENED:c3,f4,i4, conf=0: [433771fa-af38-4628-a40e-96bcd22c3694:192.168.69.68:34462, 4f0a8cce-cba4-44f5-8366-0fb5fb6bef9c:192.168.69.68:42866, d2d597b7-f29c-4b6e-a1dc-31783afe2111:192.168.69.68:40938], old=null
2019-10-16 07:00:40,872 [4f0a8cce-cba4-44f5-8366-0fb5fb6bef9c@group-767F7A20ABB4-LeaderElection33] INFO  impl.RaftServerImpl (RaftServerImpl.java:setRole(184)) - 4f0a8cce-cba4-44f5-8366-0fb5fb6bef9c@group-767F7A20ABB4: changes role from CANDIDATE to FOLLOWER at term 30 for DISCOVERED_A_NEW_TERM
2019-10-16 07:00:40,872 [4f0a8cce-cba4-44f5-8366-0fb5fb6bef9c@group-767F7A20ABB4-LeaderElection33] INFO  impl.RoleInfo (RoleInfo.java:shutdownLeaderElection(134)) - 4f0a8cce-cba4-44f5-8366-0fb5fb6bef9c: shutdown LeaderElection
2019-10-16 07:00:40,874 [4f0a8cce-cba4-44f5-8366-0fb5fb6bef9c@group-767F7A20ABB4-LeaderElection33] INFO  impl.RoleInfo (RoleInfo.java:updateAndGet(143)) - 4f0a8cce-cba4-44f5-8366-0fb5fb6bef9c: start FollowerState
2019-10-16 07:00:40,884 [Thread-747] INFO  client.GrpcClientProtocolService (GrpcClientProtocolService.java:lambda$processClientRequest$0(278)) - Failed RaftClientRequest:client-C8ADB546B70F->4f0a8cce-cba4-44f5-8366-0fb5fb6bef9c@group-767F7A20ABB4, cid=10, seq=0, Watch-ALL_COMMITTED(6), Message:<EMPTY>, reply=RaftClientReply:client-C8ADB546B70F->4f0a8cce-cba4-44f5-8366-0fb5fb6bef9c@group-767F7A20ABB4, cid=10, FAILED org.apache.ratis.protocol.NotLeaderException: Server 4f0a8cce-cba4-44f5-8366-0fb5fb6bef9c@group-767F7A20ABB4 is not the leader, logIndex=0, commits[4f0a8cce-cba4-44f5-8366-0fb5fb6bef9c:c3]
2019-10-16 07:00:41,033 [pool-7-thread-3] INFO  commands.RetriableDatanodeEventWatcher (RetriableDatanodeEventWatcher.java:onTimeout(47)) - RetriableDatanodeCommand type=deleteBlocksCommand with id=1571209234032 timed out. Retrying.
2019-10-16 07:00:41,034 [pool-7-thread-3] INFO  commands.RetriableDatanodeEventWatcher (RetriableDatanodeEventWatcher.java:onTimeout(47)) - RetriableDatanodeCommand type=deleteBlocksCommand with id=1571209234033 timed out. Retrying.
2019-10-16 07:00:41,034 [pool-7-thread-4] INFO  commands.RetriableDatanodeEventWatcher (RetriableDatanodeEventWatcher.java:onTimeout(47)) - RetriableDatanodeCommand type=deleteBlocksCommand with id=1571209234030 timed out. Retrying.
2019-10-16 07:00:41,035 [pool-7-thread-1] INFO  commands.RetriableDatanodeEventWatcher (RetriableDatanodeEventWatcher.java:onTimeout(47)) - RetriableDatanodeCommand type=deleteBlocksCommand with id=1571209234027 timed out. Retrying.
2019-10-16 07:00:41,035 [pool-7-thread-1] INFO  commands.RetriableDatanodeEventWatcher (RetriableDatanodeEventWatcher.java:onTimeout(47)) - RetriableDatanodeCommand type=deleteBlocksCommand with id=1571209234024 timed out. Retrying.
2019-10-16 07:00:41,035 [pool-7-thread-4] INFO  commands.RetriableDatanodeEventWatcher (RetriableDatanodeEventWatcher.java:onTimeout(47)) - RetriableDatanodeCommand type=deleteBlocksCommand with id=1571209234031 timed out. Retrying.
2019-10-16 07:00:41,035 [SCMBlockDeletingService#0] INFO  block.SCMBlockDeletingService (SCMBlockDeletingService.java:call(184)) - Totally added 1 delete blocks command for 1 datanodes, task elapsed time: 1ms
2019-10-16 07:00:41,035 [pool-7-thread-3] INFO  commands.RetriableDatanodeEventWatcher (RetriableDatanodeEventWatcher.java:onTimeout(47)) - RetriableDatanodeCommand type=deleteBlocksCommand with id=1571209234029 timed out. Retrying.
2019-10-16 07:00:41,061 [Thread-745] INFO  impl.FollowerState (FollowerState.java:run(108)) - 4f0a8cce-cba4-44f5-8366-0fb5fb6bef9c@group-767F7A20ABB4-FollowerState: change to CANDIDATE, lastRpcTime:187ms, electionTimeout:187ms
2019-10-16 07:00:41,061 [Thread-745] INFO  impl.RoleInfo (RoleInfo.java:shutdownFollowerState(121)) - 4f0a8cce-cba4-44f5-8366-0fb5fb6bef9c: shutdown FollowerState
2019-10-16 07:00:41,061 [Thread-745] INFO  impl.RaftServerImpl (RaftServerImpl.java:setRole(184)) - 4f0a8cce-cba4-44f5-8366-0fb5fb6bef9c@group-767F7A20ABB4: changes role from  FOLLOWER to CANDIDATE at term 30 for changeToCandidate
2019-10-16 07:00:41,061 [Thread-745] INFO  impl.RoleInfo (RoleInfo.java:updateAndGet(143)) - 4f0a8cce-cba4-44f5-8366-0fb5fb6bef9c: start LeaderElection
2019-10-16 07:00:41,075 [4f0a8cce-cba4-44f5-8366-0fb5fb6bef9c@group-767F7A20ABB4-LeaderElection34] INFO  impl.LeaderElection (LeaderElection.java:askForVotes(178)) - 4f0a8cce-cba4-44f5-8366-0fb5fb6bef9c@group-767F7A20ABB4-LeaderElection34: begin an election at term 31 for 0: [433771fa-af38-4628-a40e-96bcd22c3694:192.168.69.68:34462, 4f0a8cce-cba4-44f5-8366-0fb5fb6bef9c:192.168.69.68:42866, d2d597b7-f29c-4b6e-a1dc-31783afe2111:192.168.69.68:40938], old=null
2019-10-16 07:00:41,077 [grpc-default-executor-6] INFO  impl.RaftServerImpl (RaftServerImpl.java:setRole(184)) - 433771fa-af38-4628-a40e-96bcd22c3694@group-767F7A20ABB4: changes role from  FOLLOWER to FOLLOWER at term 31 for recognizeCandidate:4f0a8cce-cba4-44f5-8366-0fb5fb6bef9c
2019-10-16 07:00:41,077 [grpc-default-executor-6] INFO  impl.RoleInfo (RoleInfo.java:shutdownFollowerState(121)) - 433771fa-af38-4628-a40e-96bcd22c3694: shutdown FollowerState
2019-10-16 07:00:41,077 [Thread-743] INFO  impl.FollowerState (FollowerState.java:run(117)) - 433771fa-af38-4628-a40e-96bcd22c3694@group-767F7A20ABB4-FollowerState was interrupted: java.lang.InterruptedException: sleep interrupted
2019-10-16 07:00:41,077 [grpc-default-executor-6] INFO  impl.RoleInfo (RoleInfo.java:updateAndGet(143)) - 433771fa-af38-4628-a40e-96bcd22c3694: start FollowerState
2019-10-16 07:00:41,077 [grpc-default-executor-5] INFO  impl.RaftServerImpl (RaftServerImpl.java:setRole(184)) - d2d597b7-f29c-4b6e-a1dc-31783afe2111@group-767F7A20ABB4: changes role from  FOLLOWER to FOLLOWER at term 31 for recognizeCandidate:4f0a8cce-cba4-44f5-8366-0fb5fb6bef9c
2019-10-16 07:00:41,078 [grpc-default-executor-5] INFO  impl.RoleInfo (RoleInfo.java:shutdownFollowerState(121)) - d2d597b7-f29c-4b6e-a1dc-31783afe2111: shutdown FollowerState
2019-10-16 07:00:41,078 [grpc-default-executor-5] INFO  impl.RoleInfo (RoleInfo.java:updateAndGet(143)) - d2d597b7-f29c-4b6e-a1dc-31783afe2111: start FollowerState
2019-10-16 07:00:41,078 [Thread-744] INFO  impl.FollowerState (FollowerState.java:run(117)) - d2d597b7-f29c-4b6e-a1dc-31783afe2111@group-767F7A20ABB4-FollowerState was interrupted: java.lang.InterruptedException: sleep interrupted
2019-10-16 07:00:41,093 [4f0a8cce-cba4-44f5-8366-0fb5fb6bef9c@group-767F7A20ABB4-LeaderElection34] INFO  impl.LeaderElection (LeaderElection.java:logAndReturn(56)) - 4f0a8cce-cba4-44f5-8366-0fb5fb6bef9c@group-767F7A20ABB4-LeaderElection34: Election REJECTED; received 2 response(s) [4f0a8cce-cba4-44f5-8366-0fb5fb6bef9c<-433771fa-af38-4628-a40e-96bcd22c3694#0:FAIL-t31, 4f0a8cce-cba4-44f5-8366-0fb5fb6bef9c<-d2d597b7-f29c-4b6e-a1dc-31783afe2111#0:FAIL-t31] and 0 exception(s); 4f0a8cce-cba4-44f5-8366-0fb5fb6bef9c@group-767F7A20ABB4:t31, leader=null, voted=4f0a8cce-cba4-44f5-8366-0fb5fb6bef9c, raftlog=4f0a8cce-cba4-44f5-8366-0fb5fb6bef9c@group-767F7A20ABB4-SegmentedRaftLog:OPENED:c3,f4,i4, conf=0: [433771fa-af38-4628-a40e-96bcd22c3694:192.168.69.68:34462, 4f0a8cce-cba4-44f5-8366-0fb5fb6bef9c:192.168.69.68:42866, d2d597b7-f29c-4b6e-a1dc-31783afe2111:192.168.69.68:40938], old=null
2019-10-16 07:00:41,093 [4f0a8cce-cba4-44f5-8366-0fb5fb6bef9c@group-767F7A20ABB4-LeaderElection34] INFO  impl.RaftServerImpl (RaftServerImpl.java:setRole(184)) - 4f0a8cce-cba4-44f5-8366-0fb5fb6bef9c@group-767F7A20ABB4: changes role from CANDIDATE to FOLLOWER at term 31 for DISCOVERED_A_NEW_TERM
2019-10-16 07:00:41,093 [4f0a8cce-cba4-44f5-8366-0fb5fb6bef9c@group-767F7A20ABB4-LeaderElection34] INFO  impl.RoleInfo (RoleInfo.java:shutdownLeaderElection(134)) - 4f0a8cce-cba4-44f5-8366-0fb5fb6bef9c: shutdown LeaderElection
2019-10-16 07:00:41,094 [4f0a8cce-cba4-44f5-8366-0fb5fb6bef9c@group-767F7A20ABB4-LeaderElection34] INFO  impl.RoleInfo (RoleInfo.java:updateAndGet(143)) - 4f0a8cce-cba4-44f5-8366-0fb5fb6bef9c: start FollowerState
2019-10-16 07:00:41,159 [Thread-754] INFO  impl.FollowerState (FollowerState.java:run(108)) - 4f0a8cce-cba4-44f5-8366-0fb5fb6bef9c@group-767F7A20ABB4-FollowerState: change to CANDIDATE, lastRpcTime:65ms, electionTimeout:65ms
2019-10-16 07:00:41,159 [Thread-754] INFO  impl.RoleInfo (RoleInfo.java:shutdownFollowerState(121)) - 4f0a8cce-cba4-44f5-8366-0fb5fb6bef9c: shutdown FollowerState
2019-10-16 07:00:41,159 [Thread-754] INFO  impl.RaftServerImpl (RaftServerImpl.java:setRole(184)) - 4f0a8cce-cba4-44f5-8366-0fb5fb6bef9c@group-767F7A20ABB4: changes role from  FOLLOWER to CANDIDATE at term 31 for changeToCandidate
2019-10-16 07:00:41,159 [Thread-754] INFO  impl.RoleInfo (RoleInfo.java:updateAndGet(143)) - 4f0a8cce-cba4-44f5-8366-0fb5fb6bef9c: start LeaderElection
2019-10-16 07:00:41,172 [4f0a8cce-cba4-44f5-8366-0fb5fb6bef9c@group-767F7A20ABB4-LeaderElection35] INFO  impl.LeaderElection (LeaderElection.java:askForVotes(178)) - 4f0a8cce-cba4-44f5-8366-0fb5fb6bef9c@group-767F7A20ABB4-LeaderElection35: begin an election at term 32 for 0: [433771fa-af38-4628-a40e-96bcd22c3694:192.168.69.68:34462, 4f0a8cce-cba4-44f5-8366-0fb5fb6bef9c:192.168.69.68:42866, d2d597b7-f29c-4b6e-a1dc-31783afe2111:192.168.69.68:40938], old=null
2019-10-16 07:00:41,174 [grpc-default-executor-6] INFO  impl.RaftServerImpl (RaftServerImpl.java:setRole(184)) - 433771fa-af38-4628-a40e-96bcd22c3694@group-767F7A20ABB4: changes role from  FOLLOWER to FOLLOWER at term 32 for recognizeCandidate:4f0a8cce-cba4-44f5-8366-0fb5fb6bef9c
2019-10-16 07:00:41,175 [grpc-default-executor-6] INFO  impl.RoleInfo (RoleInfo.java:shutdownFollowerState(121)) - 433771fa-af38-4628-a40e-96bcd22c3694: shutdown FollowerState
2019-10-16 07:00:41,175 [grpc-default-executor-5] INFO  impl.RaftServerImpl (RaftServerImpl.java:setRole(184)) - d2d597b7-f29c-4b6e-a1dc-31783afe2111@group-767F7A20ABB4: changes role from  FOLLOWER to FOLLOWER at term 32 for recognizeCandidate:4f0a8cce-cba4-44f5-8366-0fb5fb6bef9c
2019-10-16 07:00:41,175 [grpc-default-executor-6] INFO  impl.RoleInfo (RoleInfo.java:updateAndGet(143)) - 433771fa-af38-4628-a40e-96bcd22c3694: start FollowerState
2019-10-16 07:00:41,175 [Thread-752] INFO  impl.FollowerState (FollowerState.java:run(117)) - 433771fa-af38-4628-a40e-96bcd22c3694@group-767F7A20ABB4-FollowerState was interrupted: java.lang.InterruptedException: sleep interrupted
2019-10-16 07:00:41,175 [grpc-default-executor-5] INFO  impl.RoleInfo (RoleInfo.java:shutdownFollowerState(121)) - d2d597b7-f29c-4b6e-a1dc-31783afe2111: shutdown FollowerState
2019-10-16 07:00:41,175 [Thread-753] INFO  impl.FollowerState (FollowerState.java:run(117)) - d2d597b7-f29c-4b6e-a1dc-31783afe2111@group-767F7A20ABB4-FollowerState was interrupted: java.lang.InterruptedException: sleep interrupted
2019-10-16 07:00:41,175 [grpc-default-executor-5] INFO  impl.RoleInfo (RoleInfo.java:updateAndGet(143)) - d2d597b7-f29c-4b6e-a1dc-31783afe2111: start FollowerState
2019-10-16 07:00:41,190 [4f0a8cce-cba4-44f5-8366-0fb5fb6bef9c@group-767F7A20ABB4-LeaderElection35] INFO  impl.LeaderElection (LeaderElection.java:logAndReturn(56)) - 4f0a8cce-cba4-44f5-8366-0fb5fb6bef9c@group-767F7A20ABB4-LeaderElection35: Election REJECTED; received 2 response(s) [4f0a8cce-cba4-44f5-8366-0fb5fb6bef9c<-433771fa-af38-4628-a40e-96bcd22c3694#0:FAIL-t32, 4f0a8cce-cba4-44f5-8366-0fb5fb6bef9c<-d2d597b7-f29c-4b6e-a1dc-31783afe2111#0:FAIL-t32] and 0 exception(s); 4f0a8cce-cba4-44f5-8366-0fb5fb6bef9c@group-767F7A20ABB4:t32, leader=null, voted=4f0a8cce-cba4-44f5-8366-0fb5fb6bef9c, raftlog=4f0a8cce-cba4-44f5-8366-0fb5fb6bef9c@group-767F7A20ABB4-SegmentedRaftLog:OPENED:c3,f4,i4, conf=0: [433771fa-af38-4628-a40e-96bcd22c3694:192.168.69.68:34462, 4f0a8cce-cba4-44f5-8366-0fb5fb6bef9c:192.168.69.68:42866, d2d597b7-f29c-4b6e-a1dc-31783afe2111:192.168.69.68:40938], old=null
2019-10-16 07:00:41,190 [4f0a8cce-cba4-44f5-8366-0fb5fb6bef9c@group-767F7A20ABB4-LeaderElection35] INFO  impl.RaftServerImpl (RaftServerImpl.java:setRole(184)) - 4f0a8cce-cba4-44f5-8366-0fb5fb6bef9c@group-767F7A20ABB4: changes role from CANDIDATE to FOLLOWER at term 32 for DISCOVERED_A_NEW_TERM
2019-10-16 07:00:41,190 [4f0a8cce-cba4-44f5-8366-0fb5fb6bef9c@group-767F7A20ABB4-LeaderElection35] INFO  impl.RoleInfo (RoleInfo.java:shutdownLeaderElection(134)) - 4f0a8cce-cba4-44f5-8366-0fb5fb6bef9c: shutdown LeaderElection
2019-10-16 07:00:41,190 [4f0a8cce-cba4-44f5-8366-0fb5fb6bef9c@group-767F7A20ABB4-LeaderElection35] INFO  impl.RoleInfo (RoleInfo.java:updateAndGet(143)) - 4f0a8cce-cba4-44f5-8366-0fb5fb6bef9c: start FollowerState
2019-10-16 07:00:41,202 [Thread-760] INFO  impl.FollowerState (FollowerState.java:run(108)) - 4f0a8cce-cba4-44f5-8366-0fb5fb6bef9c@group-767F7A20ABB4-FollowerState: change to CANDIDATE, lastRpcTime:11ms, electionTimeout:11ms
2019-10-16 07:00:41,202 [Thread-760] INFO  impl.RoleInfo (RoleInfo.java:shutdownFollowerState(121)) - 4f0a8cce-cba4-44f5-8366-0fb5fb6bef9c: shutdown FollowerState
2019-10-16 07:00:41,202 [Thread-760] INFO  impl.RaftServerImpl (RaftServerImpl.java:setRole(184)) - 4f0a8cce-cba4-44f5-8366-0fb5fb6bef9c@group-767F7A20ABB4: changes role from  FOLLOWER to CANDIDATE at term 32 for changeToCandidate
2019-10-16 07:00:41,202 [Thread-760] INFO  impl.RoleInfo (RoleInfo.java:updateAndGet(143)) - 4f0a8cce-cba4-44f5-8366-0fb5fb6bef9c: start LeaderElection
2019-10-16 07:00:41,205 [BlockDeletingService#0] WARN  background.BlockDeletingService (BlockDeletingService.java:isDeletionAllowed(187)) - Close Container log Index 6 is not replicated across allthe servers in the pipeline f466b838-ca87-44ef-9280-767f7a20abb4 as the min replicated index is 4. Deletion is not allowed in this container yet.
2019-10-16 07:00:41,205 [BlockDeletingService#2] WARN  background.BlockDeletingService (BlockDeletingService.java:isDeletionAllowed(187)) - Close Container log Index 6 is not replicated across allthe servers in the pipeline f466b838-ca87-44ef-9280-767f7a20abb4 as the min replicated index is 4. Deletion is not allowed in this container yet.
2019-10-16 07:00:41,224 [4f0a8cce-cba4-44f5-8366-0fb5fb6bef9c@group-767F7A20ABB4-LeaderElection36] INFO  impl.LeaderElection (LeaderElection.java:askForVotes(178)) - 4f0a8cce-cba4-44f5-8366-0fb5fb6bef9c@group-767F7A20ABB4-LeaderElection36: begin an election at term 33 for 0: [433771fa-af38-4628-a40e-96bcd22c3694:192.168.69.68:34462, 4f0a8cce-cba4-44f5-8366-0fb5fb6bef9c:192.168.69.68:42866, d2d597b7-f29c-4b6e-a1dc-31783afe2111:192.168.69.68:40938], old=null
2019-10-16 07:00:41,226 [grpc-default-executor-5] INFO  impl.RaftServerImpl (RaftServerImpl.java:setRole(184)) - 433771fa-af38-4628-a40e-96bcd22c3694@group-767F7A20ABB4: changes role from  FOLLOWER to FOLLOWER at term 33 for recognizeCandidate:4f0a8cce-cba4-44f5-8366-0fb5fb6bef9c
2019-10-16 07:00:41,226 [grpc-default-executor-6] INFO  impl.RaftServerImpl (RaftServerImpl.java:setRole(184)) - d2d597b7-f29c-4b6e-a1dc-31783afe2111@group-767F7A20ABB4: changes role from  FOLLOWER to FOLLOWER at term 33 for recognizeCandidate:4f0a8cce-cba4-44f5-8366-0fb5fb6bef9c
2019-10-16 07:00:41,226 [grpc-default-executor-5] INFO  impl.RoleInfo (RoleInfo.java:shutdownFollowerState(121)) - 433771fa-af38-4628-a40e-96bcd22c3694: shutdown FollowerState
2019-10-16 07:00:41,226 [grpc-default-executor-6] INFO  impl.RoleInfo (RoleInfo.java:shutdownFollowerState(121)) - d2d597b7-f29c-4b6e-a1dc-31783afe2111: shutdown FollowerState
2019-10-16 07:00:41,227 [grpc-default-executor-5] INFO  impl.RoleInfo (RoleInfo.java:updateAndGet(143)) - 433771fa-af38-4628-a40e-96bcd22c3694: start FollowerState
2019-10-16 07:00:41,227 [Thread-758] INFO  impl.FollowerState (FollowerState.java:run(117)) - 433771fa-af38-4628-a40e-96bcd22c3694@group-767F7A20ABB4-FollowerState was interrupted: java.lang.InterruptedException: sleep interrupted
2019-10-16 07:00:41,227 [Thread-759] INFO  impl.FollowerState (FollowerState.java:run(117)) - d2d597b7-f29c-4b6e-a1dc-31783afe2111@group-767F7A20ABB4-FollowerState was interrupted: java.lang.InterruptedException: sleep interrupted
2019-10-16 07:00:41,227 [grpc-default-executor-6] INFO  impl.RoleInfo (RoleInfo.java:updateAndGet(143)) - d2d597b7-f29c-4b6e-a1dc-31783afe2111: start FollowerState
2019-10-16 07:00:41,242 [4f0a8cce-cba4-44f5-8366-0fb5fb6bef9c@group-767F7A20ABB4-LeaderElection36] INFO  impl.LeaderElection (LeaderElection.java:logAndReturn(56)) - 4f0a8cce-cba4-44f5-8366-0fb5fb6bef9c@group-767F7A20ABB4-LeaderElection36: Election REJECTED; received 2 response(s) [4f0a8cce-cba4-44f5-8366-0fb5fb6bef9c<-433771fa-af38-4628-a40e-96bcd22c3694#0:FAIL-t33, 4f0a8cce-cba4-44f5-8366-0fb5fb6bef9c<-d2d597b7-f29c-4b6e-a1dc-31783afe2111#0:FAIL-t33] and 0 exception(s); 4f0a8cce-cba4-44f5-8366-0fb5fb6bef9c@group-767F7A20ABB4:t33, leader=null, voted=4f0a8cce-cba4-44f5-8366-0fb5fb6bef9c, raftlog=4f0a8cce-cba4-44f5-8366-0fb5fb6bef9c@group-767F7A20ABB4-SegmentedRaftLog:OPENED:c3,f4,i4, conf=0: [433771fa-af38-4628-a40e-96bcd22c3694:192.168.69.68:34462, 4f0a8cce-cba4-44f5-8366-0fb5fb6bef9c:192.168.69.68:42866, d2d597b7-f29c-4b6e-a1dc-31783afe2111:192.168.69.68:40938], old=null
2019-10-16 07:00:41,242 [4f0a8cce-cba4-44f5-8366-0fb5fb6bef9c@group-767F7A20ABB4-LeaderElection36] INFO  impl.RaftServerImpl (RaftServerImpl.java:setRole(184)) - 4f0a8cce-cba4-44f5-8366-0fb5fb6bef9c@group-767F7A20ABB4: changes role from CANDIDATE to FOLLOWER at term 33 for DISCOVERED_A_NEW_TERM
2019-10-16 07:00:41,242 [4f0a8cce-cba4-44f5-8366-0fb5fb6bef9c@group-767F7A20ABB4-LeaderElection36] INFO  impl.RoleInfo (RoleInfo.java:shutdownLeaderElection(134)) - 4f0a8cce-cba4-44f5-8366-0fb5fb6bef9c: shutdown LeaderElection
2019-10-16 07:00:41,242 [4f0a8cce-cba4-44f5-8366-0fb5fb6bef9c@group-767F7A20ABB4-LeaderElection36] INFO  impl.RoleInfo (RoleInfo.java:updateAndGet(143)) - 4f0a8cce-cba4-44f5-8366-0fb5fb6bef9c: start FollowerState
2019-10-16 07:00:41,432 [Thread-768] INFO  impl.FollowerState (FollowerState.java:run(108)) - 4f0a8cce-cba4-44f5-8366-0fb5fb6bef9c@group-767F7A20ABB4-FollowerState: change to CANDIDATE, lastRpcTime:189ms, electionTimeout:189ms
2019-10-16 07:00:41,432 [Thread-768] INFO  impl.RoleInfo (RoleInfo.java:shutdownFollowerState(121)) - 4f0a8cce-cba4-44f5-8366-0fb5fb6bef9c: shutdown FollowerState
2019-10-16 07:00:41,432 [Thread-768] INFO  impl.RaftServerImpl (RaftServerImpl.java:setRole(184)) - 4f0a8cce-cba4-44f5-8366-0fb5fb6bef9c@group-767F7A20ABB4: changes role from  FOLLOWER to CANDIDATE at term 33 for changeToCandidate
2019-10-16 07:00:41,432 [Thread-768] INFO  impl.RoleInfo (RoleInfo.java:updateAndGet(143)) - 4f0a8cce-cba4-44f5-8366-0fb5fb6bef9c: start LeaderElection
2019-10-16 07:00:41,446 [4f0a8cce-cba4-44f5-8366-0fb5fb6bef9c@group-767F7A20ABB4-LeaderElection37] INFO  impl.LeaderElection (LeaderElection.java:askForVotes(178)) - 4f0a8cce-cba4-44f5-8366-0fb5fb6bef9c@group-767F7A20ABB4-LeaderElection37: begin an election at term 34 for 0: [433771fa-af38-4628-a40e-96bcd22c3694:192.168.69.68:34462, 4f0a8cce-cba4-44f5-8366-0fb5fb6bef9c:192.168.69.68:42866, d2d597b7-f29c-4b6e-a1dc-31783afe2111:192.168.69.68:40938], old=null
2019-10-16 07:00:41,448 [grpc-default-executor-6] INFO  impl.RaftServerImpl (RaftServerImpl.java:setRole(184)) - d2d597b7-f29c-4b6e-a1dc-31783afe2111@group-767F7A20ABB4: changes role from  FOLLOWER to FOLLOWER at term 34 for recognizeCandidate:4f0a8cce-cba4-44f5-8366-0fb5fb6bef9c
2019-10-16 07:00:41,448 [grpc-default-executor-5] INFO  impl.RaftServerImpl (RaftServerImpl.java:setRole(184)) - 433771fa-af38-4628-a40e-96bcd22c3694@group-767F7A20ABB4: changes role from  FOLLOWER to FOLLOWER at term 34 for recognizeCandidate:4f0a8cce-cba4-44f5-8366-0fb5fb6bef9c
2019-10-16 07:00:41,448 [grpc-default-executor-6] INFO  impl.RoleInfo (RoleInfo.java:shutdownFollowerState(121)) - d2d597b7-f29c-4b6e-a1dc-31783afe2111: shutdown FollowerState
2019-10-16 07:00:41,448 [grpc-default-executor-5] INFO  impl.RoleInfo (RoleInfo.java:shutdownFollowerState(121)) - 433771fa-af38-4628-a40e-96bcd22c3694: shutdown FollowerState
2019-10-16 07:00:41,449 [Thread-767] INFO  impl.FollowerState (FollowerState.java:run(117)) - d2d597b7-f29c-4b6e-a1dc-31783afe2111@group-767F7A20ABB4-FollowerState was interrupted: java.lang.InterruptedException: sleep interrupted
2019-10-16 07:00:41,449 [Thread-766] INFO  impl.FollowerState (FollowerState.java:run(117)) - 433771fa-af38-4628-a40e-96bcd22c3694@group-767F7A20ABB4-FollowerState was interrupted: java.lang.InterruptedException: sleep interrupted
2019-10-16 07:00:41,449 [grpc-default-executor-5] INFO  impl.RoleInfo (RoleInfo.java:updateAndGet(143)) - 433771fa-af38-4628-a40e-96bcd22c3694: start FollowerState
2019-10-16 07:00:41,449 [grpc-default-executor-6] INFO  impl.RoleInfo (RoleInfo.java:updateAndGet(143)) - d2d597b7-f29c-4b6e-a1dc-31783afe2111: start FollowerState
2019-10-16 07:00:41,476 [4f0a8cce-cba4-44f5-8366-0fb5fb6bef9c@group-767F7A20ABB4-LeaderElection37] INFO  impl.LeaderElection (LeaderElection.java:logAndReturn(56)) - 4f0a8cce-cba4-44f5-8366-0fb5fb6bef9c@group-767F7A20ABB4-LeaderElection37: Election REJECTED; received 2 response(s) [4f0a8cce-cba4-44f5-8366-0fb5fb6bef9c<-433771fa-af38-4628-a40e-96bcd22c3694#0:FAIL-t34, 4f0a8cce-cba4-44f5-8366-0fb5fb6bef9c<-d2d597b7-f29c-4b6e-a1dc-31783afe2111#0:FAIL-t34] and 0 exception(s); 4f0a8cce-cba4-44f5-8366-0fb5fb6bef9c@group-767F7A20ABB4:t34, leader=null, voted=4f0a8cce-cba4-44f5-8366-0fb5fb6bef9c, raftlog=4f0a8cce-cba4-44f5-8366-0fb5fb6bef9c@group-767F7A20ABB4-SegmentedRaftLog:OPENED:c3,f4,i4, conf=0: [433771fa-af38-4628-a40e-96bcd22c3694:192.168.69.68:34462, 4f0a8cce-cba4-44f5-8366-0fb5fb6bef9c:192.168.69.68:42866, d2d597b7-f29c-4b6e-a1dc-31783afe2111:192.168.69.68:40938], old=null
2019-10-16 07:00:41,476 [4f0a8cce-cba4-44f5-8366-0fb5fb6bef9c@group-767F7A20ABB4-LeaderElection37] INFO  impl.RaftServerImpl (RaftServerImpl.java:setRole(184)) - 4f0a8cce-cba4-44f5-8366-0fb5fb6bef9c@group-767F7A20ABB4: changes role from CANDIDATE to FOLLOWER at term 34 for DISCOVERED_A_NEW_TERM
2019-10-16 07:00:41,476 [4f0a8cce-cba4-44f5-8366-0fb5fb6bef9c@group-767F7A20ABB4-LeaderElection37] INFO  impl.RoleInfo (RoleInfo.java:shutdownLeaderElection(134)) - 4f0a8cce-cba4-44f5-8366-0fb5fb6bef9c: shutdown LeaderElection
2019-10-16 07:00:41,476 [4f0a8cce-cba4-44f5-8366-0fb5fb6bef9c@group-767F7A20ABB4-LeaderElection37] INFO  impl.RoleInfo (RoleInfo.java:updateAndGet(143)) - 4f0a8cce-cba4-44f5-8366-0fb5fb6bef9c: start FollowerState
2019-10-16 07:00:41,525 [Thread-774] INFO  impl.FollowerState (FollowerState.java:run(108)) - 4f0a8cce-cba4-44f5-8366-0fb5fb6bef9c@group-767F7A20ABB4-FollowerState: change to CANDIDATE, lastRpcTime:48ms, electionTimeout:48ms
2019-10-16 07:00:41,525 [Thread-774] INFO  impl.RoleInfo (RoleInfo.java:shutdownFollowerState(121)) - 4f0a8cce-cba4-44f5-8366-0fb5fb6bef9c: shutdown FollowerState
2019-10-16 07:00:41,525 [Thread-774] INFO  impl.RaftServerImpl (RaftServerImpl.java:setRole(184)) - 4f0a8cce-cba4-44f5-8366-0fb5fb6bef9c@group-767F7A20ABB4: changes role from  FOLLOWER to CANDIDATE at term 34 for changeToCandidate
2019-10-16 07:00:41,525 [Thread-774] INFO  impl.RoleInfo (RoleInfo.java:updateAndGet(143)) - 4f0a8cce-cba4-44f5-8366-0fb5fb6bef9c: start LeaderElection
2019-10-16 07:00:41,549 [4f0a8cce-cba4-44f5-8366-0fb5fb6bef9c@group-767F7A20ABB4-LeaderElection38] INFO  impl.LeaderElection (LeaderElection.java:askForVotes(178)) - 4f0a8cce-cba4-44f5-8366-0fb5fb6bef9c@group-767F7A20ABB4-LeaderElection38: begin an election at term 35 for 0: [433771fa-af38-4628-a40e-96bcd22c3694:192.168.69.68:34462, 4f0a8cce-cba4-44f5-8366-0fb5fb6bef9c:192.168.69.68:42866, d2d597b7-f29c-4b6e-a1dc-31783afe2111:192.168.69.68:40938], old=null
2019-10-16 07:00:41,552 [grpc-default-executor-6] INFO  impl.RaftServerImpl (RaftServerImpl.java:setRole(184)) - 433771fa-af38-4628-a40e-96bcd22c3694@group-767F7A20ABB4: changes role from  FOLLOWER to FOLLOWER at term 35 for recognizeCandidate:4f0a8cce-cba4-44f5-8366-0fb5fb6bef9c
2019-10-16 07:00:41,552 [grpc-default-executor-5] INFO  impl.RaftServerImpl (RaftServerImpl.java:setRole(184)) - d2d597b7-f29c-4b6e-a1dc-31783afe2111@group-767F7A20ABB4: changes role from  FOLLOWER to FOLLOWER at term 35 for recognizeCandidate:4f0a8cce-cba4-44f5-8366-0fb5fb6bef9c
2019-10-16 07:00:41,552 [grpc-default-executor-6] INFO  impl.RoleInfo (RoleInfo.java:shutdownFollowerState(121)) - 433771fa-af38-4628-a40e-96bcd22c3694: shutdown FollowerState
2019-10-16 07:00:41,553 [grpc-default-executor-5] INFO  impl.RoleInfo (RoleInfo.java:shutdownFollowerState(121)) - d2d597b7-f29c-4b6e-a1dc-31783afe2111: shutdown FollowerState
2019-10-16 07:00:41,553 [grpc-default-executor-6] INFO  impl.RoleInfo (RoleInfo.java:updateAndGet(143)) - 433771fa-af38-4628-a40e-96bcd22c3694: start FollowerState
2019-10-16 07:00:41,553 [Thread-773] INFO  impl.FollowerState (FollowerState.java:run(117)) - 433771fa-af38-4628-a40e-96bcd22c3694@group-767F7A20ABB4-FollowerState was interrupted: java.lang.InterruptedException: sleep interrupted
2019-10-16 07:00:41,553 [grpc-default-executor-5] INFO  impl.RoleInfo (RoleInfo.java:updateAndGet(143)) - d2d597b7-f29c-4b6e-a1dc-31783afe2111: start FollowerState
2019-10-16 07:00:41,553 [Thread-772] INFO  impl.FollowerState (FollowerState.java:run(117)) - d2d597b7-f29c-4b6e-a1dc-31783afe2111@group-767F7A20ABB4-FollowerState was interrupted: java.lang.InterruptedException: sleep interrupted
2019-10-16 07:00:41,578 [4f0a8cce-cba4-44f5-8366-0fb5fb6bef9c@group-767F7A20ABB4-LeaderElection38] INFO  impl.LeaderElection (LeaderElection.java:logAndReturn(56)) - 4f0a8cce-cba4-44f5-8366-0fb5fb6bef9c@group-767F7A20ABB4-LeaderElection38: Election REJECTED; received 2 response(s) [4f0a8cce-cba4-44f5-8366-0fb5fb6bef9c<-433771fa-af38-4628-a40e-96bcd22c3694#0:FAIL-t35, 4f0a8cce-cba4-44f5-8366-0fb5fb6bef9c<-d2d597b7-f29c-4b6e-a1dc-31783afe2111#0:FAIL-t35] and 0 exception(s); 4f0a8cce-cba4-44f5-8366-0fb5fb6bef9c@group-767F7A20ABB4:t35, leader=null, voted=4f0a8cce-cba4-44f5-8366-0fb5fb6bef9c, raftlog=4f0a8cce-cba4-44f5-8366-0fb5fb6bef9c@group-767F7A20ABB4-SegmentedRaftLog:OPENED:c3,f4,i4, conf=0: [433771fa-af38-4628-a40e-96bcd22c3694:192.168.69.68:34462, 4f0a8cce-cba4-44f5-8366-0fb5fb6bef9c:192.168.69.68:42866, d2d597b7-f29c-4b6e-a1dc-31783afe2111:192.168.69.68:40938], old=null
2019-10-16 07:00:41,579 [4f0a8cce-cba4-44f5-8366-0fb5fb6bef9c@group-767F7A20ABB4-LeaderElection38] INFO  impl.RaftServerImpl (RaftServerImpl.java:setRole(184)) - 4f0a8cce-cba4-44f5-8366-0fb5fb6bef9c@group-767F7A20ABB4: changes role from CANDIDATE to FOLLOWER at term 35 for DISCOVERED_A_NEW_TERM
2019-10-16 07:00:41,579 [4f0a8cce-cba4-44f5-8366-0fb5fb6bef9c@group-767F7A20ABB4-LeaderElection38] INFO  impl.RoleInfo (RoleInfo.java:shutdownLeaderElection(134)) - 4f0a8cce-cba4-44f5-8366-0fb5fb6bef9c: shutdown LeaderElection
2019-10-16 07:00:41,579 [4f0a8cce-cba4-44f5-8366-0fb5fb6bef9c@group-767F7A20ABB4-LeaderElection38] INFO  impl.RoleInfo (RoleInfo.java:updateAndGet(143)) - 4f0a8cce-cba4-44f5-8366-0fb5fb6bef9c: start FollowerState
2019-10-16 07:00:41,612 [EventQueue-PendingDeleteStatusForPendingDeleteHandler] INFO  block.SCMBlockDeletingService (SCMBlockDeletingService.java:handlePendingDeletes(115)) - Block deletion txnID mismatch in datanode 4f0a8cce-cba4-44f5-8366-0fb5fb6bef9c for containerID 1. Datanode delete txnID: 0, SCM txnID: 1
2019-10-16 07:00:41,660 [Thread-780] INFO  impl.FollowerState (FollowerState.java:run(108)) - 4f0a8cce-cba4-44f5-8366-0fb5fb6bef9c@group-767F7A20ABB4-FollowerState: change to CANDIDATE, lastRpcTime:80ms, electionTimeout:80ms
2019-10-16 07:00:41,660 [Thread-780] INFO  impl.RoleInfo (RoleInfo.java:shutdownFollowerState(121)) - 4f0a8cce-cba4-44f5-8366-0fb5fb6bef9c: shutdown FollowerState
2019-10-16 07:00:41,660 [Thread-780] INFO  impl.RaftServerImpl (RaftServerImpl.java:setRole(184)) - 4f0a8cce-cba4-44f5-8366-0fb5fb6bef9c@group-767F7A20ABB4: changes role from  FOLLOWER to CANDIDATE at term 35 for changeToCandidate
2019-10-16 07:00:41,660 [Thread-780] INFO  impl.RoleInfo (RoleInfo.java:updateAndGet(143)) - 4f0a8cce-cba4-44f5-8366-0fb5fb6bef9c: start LeaderElection
2019-10-16 07:00:41,664 [4f0a8cce-cba4-44f5-8366-0fb5fb6bef9c@group-767F7A20ABB4-LeaderElection39] INFO  impl.LeaderElection (LeaderElection.java:askForVotes(178)) - 4f0a8cce-cba4-44f5-8366-0fb5fb6bef9c@group-767F7A20ABB4-LeaderElection39: begin an election at term 36 for 0: [433771fa-af38-4628-a40e-96bcd22c3694:192.168.69.68:34462, 4f0a8cce-cba4-44f5-8366-0fb5fb6bef9c:192.168.69.68:42866, d2d597b7-f29c-4b6e-a1dc-31783afe2111:192.168.69.68:40938], old=null
2019-10-16 07:00:41,670 [grpc-default-executor-6] INFO  impl.RaftServerImpl (RaftServerImpl.java:setRole(184)) - d2d597b7-f29c-4b6e-a1dc-31783afe2111@group-767F7A20ABB4: changes role from  FOLLOWER to FOLLOWER at term 36 for recognizeCandidate:4f0a8cce-cba4-44f5-8366-0fb5fb6bef9c
2019-10-16 07:00:41,670 [grpc-default-executor-5] INFO  impl.RaftServerImpl (RaftServerImpl.java:setRole(184)) - 433771fa-af38-4628-a40e-96bcd22c3694@group-767F7A20ABB4: changes role from  FOLLOWER to FOLLOWER at term 36 for recognizeCandidate:4f0a8cce-cba4-44f5-8366-0fb5fb6bef9c
2019-10-16 07:00:41,670 [grpc-default-executor-6] INFO  impl.RoleInfo (RoleInfo.java:shutdownFollowerState(121)) - d2d597b7-f29c-4b6e-a1dc-31783afe2111: shutdown FollowerState
2019-10-16 07:00:41,670 [grpc-default-executor-4] INFO  impl.RaftServerProxy (RaftServerProxy.java:addNew(89)) - 4f0a8cce-cba4-44f5-8366-0fb5fb6bef9c: addNew group-7456009F3A70:[4f0a8cce-cba4-44f5-8366-0fb5fb6bef9c:192.168.69.68:42866] returns group-7456009F3A70:java.util.concurrent.CompletableFuture@11af593b[Not completed]
2019-10-16 07:00:41,670 [grpc-default-executor-5] INFO  impl.RoleInfo (RoleInfo.java:shutdownFollowerState(121)) - 433771fa-af38-4628-a40e-96bcd22c3694: shutdown FollowerState
2019-10-16 07:00:41,670 [Thread-779] INFO  impl.FollowerState (FollowerState.java:run(117)) - d2d597b7-f29c-4b6e-a1dc-31783afe2111@group-767F7A20ABB4-FollowerState was interrupted: java.lang.InterruptedException: sleep interrupted
2019-10-16 07:00:41,670 [grpc-default-executor-6] INFO  impl.RoleInfo (RoleInfo.java:updateAndGet(143)) - d2d597b7-f29c-4b6e-a1dc-31783afe2111: start FollowerState
2019-10-16 07:00:41,671 [grpc-default-executor-5] INFO  impl.RoleInfo (RoleInfo.java:updateAndGet(143)) - 433771fa-af38-4628-a40e-96bcd22c3694: start FollowerState
2019-10-16 07:00:41,671 [Thread-778] INFO  impl.FollowerState (FollowerState.java:run(117)) - 433771fa-af38-4628-a40e-96bcd22c3694@group-767F7A20ABB4-FollowerState was interrupted: java.lang.InterruptedException: sleep interrupted
2019-10-16 07:00:41,673 [pool-59-thread-1] INFO  impl.RaftServerImpl (RaftServerImpl.java:<init>(104)) - 4f0a8cce-cba4-44f5-8366-0fb5fb6bef9c: new RaftServerImpl for group-7456009F3A70:[4f0a8cce-cba4-44f5-8366-0fb5fb6bef9c:192.168.69.68:42866] with ContainerStateMachine:uninitialized
2019-10-16 07:00:41,673 [pool-59-thread-1] INFO  server.RaftServerConfigKeys (ConfUtils.java:logGet(43)) - raft.server.rpc.timeout.min = 5s (custom)
2019-10-16 07:00:41,674 [pool-59-thread-1] INFO  server.RaftServerConfigKeys (ConfUtils.java:logGet(43)) - raft.server.rpc.timeout.max = 5200ms (custom)
2019-10-16 07:00:41,674 [pool-59-thread-1] INFO  server.RaftServerConfigKeys (ConfUtils.java:logGet(43)) - raft.server.rpcslowness.timeout = 1000s (custom)
2019-10-16 07:00:41,674 [pool-59-thread-1] INFO  server.RaftServerConfigKeys (ConfUtils.java:logGet(43)) - raft.server.sleep.deviation.threshold = 300 (default)
2019-10-16 07:00:41,674 [pool-59-thread-1] INFO  server.RaftServerConfigKeys (ConfUtils.java:logGet(43)) - raft.server.log.appender.install.snapshot.enabled = false (custom)
2019-10-16 07:00:41,674 [pool-59-thread-1] INFO  impl.RaftServerImpl (ServerState.java:<init>(103)) - 4f0a8cce-cba4-44f5-8366-0fb5fb6bef9c@group-7456009F3A70: ConfigurationManager, init=-1: [4f0a8cce-cba4-44f5-8366-0fb5fb6bef9c:192.168.69.68:42866], old=null, confs=<EMPTY_MAP>
2019-10-16 07:00:41,674 [pool-59-thread-1] INFO  server.RaftServerConfigKeys (ConfUtils.java:logGet(43)) - raft.server.storage.dir = [/workdir/hadoop-ozone/integration-test/target/test-dir/MiniOzoneClusterImpl-ed1e4b0b-7f1c-4222-87cd-b4f9b4aaacc0/datanode-2/data/ratis] (custom)
2019-10-16 07:00:41,675 [pool-59-thread-1] INFO  server.RaftServerConfigKeys (ConfUtils.java:logGet(43)) - raft.server.log.corruption.policy = EXCEPTION (default)
2019-10-16 07:00:41,675 [pool-59-thread-1] INFO  storage.RaftStorageDirectory (RaftStorageDirectory.java:analyzeStorage(246)) - The storage directory /workdir/hadoop-ozone/integration-test/target/test-dir/MiniOzoneClusterImpl-ed1e4b0b-7f1c-4222-87cd-b4f9b4aaacc0/datanode-2/data/ratis/c7cdc227-5d7a-4019-ab5b-7456009f3a70 does not exist. Creating ...
2019-10-16 07:00:41,680 [pool-59-thread-1] INFO  storage.RaftStorageDirectory (RaftStorageDirectory.java:tryLock(328)) - Lock on /workdir/hadoop-ozone/integration-test/target/test-dir/MiniOzoneClusterImpl-ed1e4b0b-7f1c-4222-87cd-b4f9b4aaacc0/datanode-2/data/ratis/c7cdc227-5d7a-4019-ab5b-7456009f3a70/in_use.lock acquired by nodename 3289@pr-hdds-2313-mzbf2-1866299523
2019-10-16 07:00:41,681 [4f0a8cce-cba4-44f5-8366-0fb5fb6bef9c@group-767F7A20ABB4-LeaderElection39] INFO  impl.LeaderElection (LeaderElection.java:logAndReturn(56)) - 4f0a8cce-cba4-44f5-8366-0fb5fb6bef9c@group-767F7A20ABB4-LeaderElection39: Election REJECTED; received 2 response(s) [4f0a8cce-cba4-44f5-8366-0fb5fb6bef9c<-433771fa-af38-4628-a40e-96bcd22c3694#0:FAIL-t36, 4f0a8cce-cba4-44f5-8366-0fb5fb6bef9c<-d2d597b7-f29c-4b6e-a1dc-31783afe2111#0:FAIL-t36] and 0 exception(s); 4f0a8cce-cba4-44f5-8366-0fb5fb6bef9c@group-767F7A20ABB4:t36, leader=null, voted=4f0a8cce-cba4-44f5-8366-0fb5fb6bef9c, raftlog=4f0a8cce-cba4-44f5-8366-0fb5fb6bef9c@group-767F7A20ABB4-SegmentedRaftLog:OPENED:c3,f4,i4, conf=0: [433771fa-af38-4628-a40e-96bcd22c3694:192.168.69.68:34462, 4f0a8cce-cba4-44f5-8366-0fb5fb6bef9c:192.168.69.68:42866, d2d597b7-f29c-4b6e-a1dc-31783afe2111:192.168.69.68:40938], old=null
2019-10-16 07:00:41,681 [4f0a8cce-cba4-44f5-8366-0fb5fb6bef9c@group-767F7A20ABB4-LeaderElection39] INFO  impl.RaftServerImpl (RaftServerImpl.java:setRole(184)) - 4f0a8cce-cba4-44f5-8366-0fb5fb6bef9c@group-767F7A20ABB4: changes role from CANDIDATE to FOLLOWER at term 36 for DISCOVERED_A_NEW_TERM
2019-10-16 07:00:41,681 [4f0a8cce-cba4-44f5-8366-0fb5fb6bef9c@group-767F7A20ABB4-LeaderElection39] INFO  impl.RoleInfo (RoleInfo.java:shutdownLeaderElection(134)) - 4f0a8cce-cba4-44f5-8366-0fb5fb6bef9c: shutdown LeaderElection
2019-10-16 07:00:41,681 [4f0a8cce-cba4-44f5-8366-0fb5fb6bef9c@group-767F7A20ABB4-LeaderElection39] INFO  impl.RoleInfo (RoleInfo.java:updateAndGet(143)) - 4f0a8cce-cba4-44f5-8366-0fb5fb6bef9c: start FollowerState
2019-10-16 07:00:41,692 [pool-59-thread-1] INFO  storage.RaftStorage (RaftStorage.java:format(84)) - Storage directory /workdir/hadoop-ozone/integration-test/target/test-dir/MiniOzoneClusterImpl-ed1e4b0b-7f1c-4222-87cd-b4f9b4aaacc0/datanode-2/data/ratis/c7cdc227-5d7a-4019-ab5b-7456009f3a70 has been successfully formatted.
2019-10-16 07:00:41,693 [pool-59-thread-1] INFO  ratis.ContainerStateMachine (ContainerStateMachine.java:loadSnapshot(231)) - group-7456009F3A70: The snapshot info is null. Setting the last applied indexto:(t:0, i:~)
2019-10-16 07:00:41,693 [pool-59-thread-1] INFO  server.RaftServerConfigKeys (ConfUtils.java:logGet(43)) - raft.server.notification.no-leader.timeout = 1000s (custom)
2019-10-16 07:00:41,693 [pool-59-thread-1] INFO  server.RaftServerConfigKeys (ConfUtils.java:logGet(43)) - raft.server.log.use.memory = false (default)
2019-10-16 07:00:41,693 [pool-59-thread-1] INFO  server.RaftServerConfigKeys (ConfUtils.java:logGet(43)) - raft.server.log.purge.gap = 1000000 (custom)
2019-10-16 07:00:41,693 [pool-59-thread-1] INFO  server.RaftServerConfigKeys (ConfUtils.java:logGet(43)) - raft.server.log.appender.buffer.byte-limit = 33554432 (custom)
2019-10-16 07:00:41,693 [pool-59-thread-1] INFO  server.RaftServerConfigKeys (ConfUtils.java:logGet(43)) - raft.server.log.segment.size.max = 1048576 (custom)
2019-10-16 07:00:41,693 [pool-59-thread-1] INFO  server.RaftServerConfigKeys (ConfUtils.java:logGet(43)) - raft.server.log.segment.cache.num.max = 2 (custom)
2019-10-16 07:00:41,693 [pool-59-thread-1] INFO  segmented.SegmentedRaftLogWorker (SegmentedRaftLogWorker.java:<init>(173)) - new 4f0a8cce-cba4-44f5-8366-0fb5fb6bef9c@group-7456009F3A70-SegmentedRaftLogWorker for RaftStorage:Storage Directory /workdir/hadoop-ozone/integration-test/target/test-dir/MiniOzoneClusterImpl-ed1e4b0b-7f1c-4222-87cd-b4f9b4aaacc0/datanode-2/data/ratis/c7cdc227-5d7a-4019-ab5b-7456009f3a70
2019-10-16 07:00:41,694 [pool-59-thread-1] INFO  server.RaftServerConfigKeys (ConfUtils.java:logGet(43)) - raft.server.log.queue.byte-limit = 2147483647 (custom)
2019-10-16 07:00:41,694 [Thread-788] INFO  impl.FollowerState (FollowerState.java:run(108)) - 4f0a8cce-cba4-44f5-8366-0fb5fb6bef9c@group-767F7A20ABB4-FollowerState: change to CANDIDATE, lastRpcTime:12ms, electionTimeout:12ms
2019-10-16 07:00:41,694 [pool-59-thread-1] INFO  server.RaftServerConfigKeys (ConfUtils.java:logGet(43)) - raft.server.log.queue.element-limit = 1024 (custom)
2019-10-16 07:00:41,694 [Thread-788] INFO  impl.RoleInfo (RoleInfo.java:shutdownFollowerState(121)) - 4f0a8cce-cba4-44f5-8366-0fb5fb6bef9c: shutdown FollowerState
2019-10-16 07:00:41,694 [pool-59-thread-1] INFO  server.RaftServerConfigKeys (ConfUtils.java:logGet(43)) - raft.server.log.segment.size.max = 1048576 (custom)
2019-10-16 07:00:41,694 [Thread-788] INFO  impl.RaftServerImpl (RaftServerImpl.java:setRole(184)) - 4f0a8cce-cba4-44f5-8366-0fb5fb6bef9c@group-767F7A20ABB4: changes role from  FOLLOWER to CANDIDATE at term 36 for changeToCandidate
2019-10-16 07:00:41,694 [pool-59-thread-1] INFO  server.RaftServerConfigKeys (ConfUtils.java:logGet(43)) - raft.server.log.preallocated.size = 16384 (custom)
2019-10-16 07:00:41,694 [Thread-788] INFO  impl.RoleInfo (RoleInfo.java:updateAndGet(143)) - 4f0a8cce-cba4-44f5-8366-0fb5fb6bef9c: start LeaderElection
2019-10-16 07:00:41,694 [pool-59-thread-1] INFO  server.RaftServerConfigKeys (ConfUtils.java:logGet(43)) - raft.server.log.write.buffer.size = 33554432 (custom)
2019-10-16 07:00:41,694 [pool-59-thread-1] INFO  server.RaftServerConfigKeys (ConfUtils.java:logGet(43)) - raft.server.log.force.sync.num = 128 (default)
2019-10-16 07:00:41,694 [pool-59-thread-1] INFO  server.RaftServerConfigKeys (ConfUtils.java:logGet(43)) - raft.server.log.statemachine.data.sync = true (default)
2019-10-16 07:00:41,695 [pool-59-thread-1] INFO  server.RaftServerConfigKeys (ConfUtils.java:logGet(43)) - raft.server.log.statemachine.data.sync.timeout = 10s (default)
2019-10-16 07:00:41,695 [pool-59-thread-1] INFO  server.RaftServerConfigKeys (ConfUtils.java:logGet(43)) - raft.server.log.statemachine.data.sync.timeout.retry = -1 (default)
2019-10-16 07:00:41,695 [pool-59-thread-1] INFO  server.RaftServerConfigKeys (ConfUtils.java:logGet(43)) - raft.server.log.statemachine.data.caching.enabled = true (custom)
2019-10-16 07:00:41,695 [pool-59-thread-1] INFO  segmented.SegmentedRaftLogWorker (SegmentedRaftLogWorker.java:lambda$new$0(128)) - 4f0a8cce-cba4-44f5-8366-0fb5fb6bef9c@group-7456009F3A70-SegmentedRaftLogWorker: flushIndex: setUnconditionally 0 -> -1
2019-10-16 07:00:41,695 [pool-59-thread-1] INFO  server.RaftServerConfigKeys (ConfUtils.java:logGet(43)) - raft.server.snapshot.auto.trigger.enabled = true (custom)
2019-10-16 07:00:41,695 [pool-59-thread-1] INFO  server.RaftServerConfigKeys (ConfUtils.java:logGet(43)) - raft.server.snapshot.auto.trigger.threshold = 10000 (custom)
2019-10-16 07:00:41,695 [pool-59-thread-1] INFO  server.RaftServerConfigKeys (ConfUtils.java:logGet(43)) - raft.server.snapshot.retention.file.num = 5 (custom)
2019-10-16 07:00:41,696 [pool-59-thread-1] INFO  server.RaftServerConfigKeys (ConfUtils.java:logGet(43)) - raft.server.retrycache.expirytime = 600000ms (custom)
2019-10-16 07:00:41,698 [pool-59-thread-1] INFO  impl.RaftServerImpl (RaftServerImpl.java:start(195)) - 4f0a8cce-cba4-44f5-8366-0fb5fb6bef9c@group-7456009F3A70: start as a follower, conf=-1: [4f0a8cce-cba4-44f5-8366-0fb5fb6bef9c:192.168.69.68:42866], old=null
2019-10-16 07:00:41,698 [pool-59-thread-1] INFO  impl.RaftServerImpl (RaftServerImpl.java:setRole(184)) - 4f0a8cce-cba4-44f5-8366-0fb5fb6bef9c@group-7456009F3A70: changes role from      null to FOLLOWER at term 0 for startAsFollower
2019-10-16 07:00:41,698 [pool-59-thread-1] INFO  impl.RoleInfo (RoleInfo.java:updateAndGet(143)) - 4f0a8cce-cba4-44f5-8366-0fb5fb6bef9c: start FollowerState
2019-10-16 07:00:41,699 [pool-59-thread-1] INFO  util.JmxRegister (JmxRegister.java:tryRegister(44)) - Successfully registered JMX Bean with object name Ratis:service=RaftServer,group=group-7456009F3A70,id=4f0a8cce-cba4-44f5-8366-0fb5fb6bef9c
2019-10-16 07:00:41,704 [RatisPipelineUtilsThread] INFO  pipeline.PipelineStateManager (PipelineStateManager.java:addPipeline(56)) - Created pipeline Pipeline[ Id: c7cdc227-5d7a-4019-ab5b-7456009f3a70, Nodes: 4f0a8cce-cba4-44f5-8366-0fb5fb6bef9c{ip: 192.168.69.68, host: pr-hdds-2313-mzbf2-1866299523, networkLocation: /default-rack, certSerialId: null}, Type:RATIS, Factor:ONE, State:OPEN]
2019-10-16 07:00:41,707 [4f0a8cce-cba4-44f5-8366-0fb5fb6bef9c@group-767F7A20ABB4-LeaderElection40] INFO  impl.LeaderElection (LeaderElection.java:askForVotes(178)) - 4f0a8cce-cba4-44f5-8366-0fb5fb6bef9c@group-767F7A20ABB4-LeaderElection40: begin an election at term 37 for 0: [433771fa-af38-4628-a40e-96bcd22c3694:192.168.69.68:34462, 4f0a8cce-cba4-44f5-8366-0fb5fb6bef9c:192.168.69.68:42866, d2d597b7-f29c-4b6e-a1dc-31783afe2111:192.168.69.68:40938], old=null
2019-10-16 07:00:41,715 [EventQueue-PendingDeleteStatusForPendingDeleteHandler] INFO  block.SCMBlockDeletingService (SCMBlockDeletingService.java:handlePendingDeletes(115)) - Block deletion txnID mismatch in datanode 4f0a8cce-cba4-44f5-8366-0fb5fb6bef9c for containerID 1. Datanode delete txnID: 0, SCM txnID: 1
2019-10-16 07:00:41,717 [grpc-default-executor-5] INFO  impl.RaftServerImpl (RaftServerImpl.java:setRole(184)) - 433771fa-af38-4628-a40e-96bcd22c3694@group-767F7A20ABB4: changes role from  FOLLOWER to FOLLOWER at term 37 for recognizeCandidate:4f0a8cce-cba4-44f5-8366-0fb5fb6bef9c
2019-10-16 07:00:41,718 [grpc-default-executor-5] INFO  impl.RoleInfo (RoleInfo.java:shutdownFollowerState(121)) - 433771fa-af38-4628-a40e-96bcd22c3694: shutdown FollowerState
2019-10-16 07:00:41,718 [grpc-default-executor-5] INFO  impl.RoleInfo (RoleInfo.java:updateAndGet(143)) - 433771fa-af38-4628-a40e-96bcd22c3694: start FollowerState
2019-10-16 07:00:41,718 [Thread-787] INFO  impl.FollowerState (FollowerState.java:run(117)) - 433771fa-af38-4628-a40e-96bcd22c3694@group-767F7A20ABB4-FollowerState was interrupted: java.lang.InterruptedException: sleep interrupted
2019-10-16 07:00:41,719 [grpc-default-executor-6] INFO  impl.RaftServerImpl (RaftServerImpl.java:setRole(184)) - d2d597b7-f29c-4b6e-a1dc-31783afe2111@group-767F7A20ABB4: changes role from  FOLLOWER to FOLLOWER at term 37 for recognizeCandidate:4f0a8cce-cba4-44f5-8366-0fb5fb6bef9c
2019-10-16 07:00:41,719 [grpc-default-executor-6] INFO  impl.RoleInfo (RoleInfo.java:shutdownFollowerState(121)) - d2d597b7-f29c-4b6e-a1dc-31783afe2111: shutdown FollowerState
2019-10-16 07:00:41,720 [grpc-default-executor-6] INFO  impl.RoleInfo (RoleInfo.java:updateAndGet(143)) - d2d597b7-f29c-4b6e-a1dc-31783afe2111: start FollowerState
2019-10-16 07:00:41,720 [grpc-default-executor-4] INFO  impl.RaftServerProxy (RaftServerProxy.java:addNew(89)) - 433771fa-af38-4628-a40e-96bcd22c3694: addNew group-2CD2AED02A48:[433771fa-af38-4628-a40e-96bcd22c3694:192.168.69.68:34462, 4f0a8cce-cba4-44f5-8366-0fb5fb6bef9c:192.168.69.68:42866, d2d597b7-f29c-4b6e-a1dc-31783afe2111:192.168.69.68:40938] returns group-2CD2AED02A48:java.util.concurrent.CompletableFuture@1b088a15[Not completed]
2019-10-16 07:00:41,720 [4f0a8cce-cba4-44f5-8366-0fb5fb6bef9c@group-767F7A20ABB4-LeaderElection40] INFO  impl.LeaderElection (LeaderElection.java:logAndReturn(56)) - 4f0a8cce-cba4-44f5-8366-0fb5fb6bef9c@group-767F7A20ABB4-LeaderElection40: Election TIMEOUT; received 0 response(s) [] and 0 exception(s); 4f0a8cce-cba4-44f5-8366-0fb5fb6bef9c@group-767F7A20ABB4:t37, leader=null, voted=4f0a8cce-cba4-44f5-8366-0fb5fb6bef9c, raftlog=4f0a8cce-cba4-44f5-8366-0fb5fb6bef9c@group-767F7A20ABB4-SegmentedRaftLog:OPENED:c3,f4,i4, conf=0: [433771fa-af38-4628-a40e-96bcd22c3694:192.168.69.68:34462, 4f0a8cce-cba4-44f5-8366-0fb5fb6bef9c:192.168.69.68:42866, d2d597b7-f29c-4b6e-a1dc-31783afe2111:192.168.69.68:40938], old=null
2019-10-16 07:00:41,720 [Thread-786] INFO  impl.FollowerState (FollowerState.java:run(117)) - d2d597b7-f29c-4b6e-a1dc-31783afe2111@group-767F7A20ABB4-FollowerState was interrupted: java.lang.InterruptedException: sleep interrupted
2019-10-16 07:00:41,720 [grpc-default-executor-0] INFO  impl.RaftServerProxy (RaftServerProxy.java:addNew(89)) - d2d597b7-f29c-4b6e-a1dc-31783afe2111: addNew group-2CD2AED02A48:[433771fa-af38-4628-a40e-96bcd22c3694:192.168.69.68:34462, 4f0a8cce-cba4-44f5-8366-0fb5fb6bef9c:192.168.69.68:42866, d2d597b7-f29c-4b6e-a1dc-31783afe2111:192.168.69.68:40938] returns group-2CD2AED02A48:java.util.concurrent.CompletableFuture@1b068472[Not completed]
2019-10-16 07:00:41,720 [grpc-default-executor-4] INFO  impl.RaftServerProxy (RaftServerProxy.java:addNew(89)) - 4f0a8cce-cba4-44f5-8366-0fb5fb6bef9c: addNew group-2CD2AED02A48:[433771fa-af38-4628-a40e-96bcd22c3694:192.168.69.68:34462, 4f0a8cce-cba4-44f5-8366-0fb5fb6bef9c:192.168.69.68:42866, d2d597b7-f29c-4b6e-a1dc-31783afe2111:192.168.69.68:40938] returns group-2CD2AED02A48:java.util.concurrent.CompletableFuture@5c63252b[Not completed]
2019-10-16 07:00:41,722 [pool-37-thread-1] INFO  impl.RaftServerImpl (RaftServerImpl.java:<init>(104)) - 433771fa-af38-4628-a40e-96bcd22c3694: new RaftServerImpl for group-2CD2AED02A48:[433771fa-af38-4628-a40e-96bcd22c3694:192.168.69.68:34462, 4f0a8cce-cba4-44f5-8366-0fb5fb6bef9c:192.168.69.68:42866, d2d597b7-f29c-4b6e-a1dc-31783afe2111:192.168.69.68:40938] with ContainerStateMachine:uninitialized
2019-10-16 07:00:41,722 [pool-37-thread-1] INFO  server.RaftServerConfigKeys (ConfUtils.java:logGet(43)) - raft.server.rpc.timeout.min = 5s (custom)
2019-10-16 07:00:41,722 [pool-37-thread-1] INFO  server.RaftServerConfigKeys (ConfUtils.java:logGet(43)) - raft.server.rpc.timeout.max = 5200ms (custom)
2019-10-16 07:00:41,722 [pool-37-thread-1] INFO  server.RaftServerConfigKeys (ConfUtils.java:logGet(43)) - raft.server.rpcslowness.timeout = 1000s (custom)
2019-10-16 07:00:41,722 [pool-37-thread-1] INFO  server.RaftServerConfigKeys (ConfUtils.java:logGet(43)) - raft.server.sleep.deviation.threshold = 300 (default)
2019-10-16 07:00:41,722 [pool-37-thread-1] INFO  server.RaftServerConfigKeys (ConfUtils.java:logGet(43)) - raft.server.log.appender.install.snapshot.enabled = false (custom)
2019-10-16 07:00:41,722 [pool-37-thread-1] INFO  impl.RaftServerImpl (ServerState.java:<init>(103)) - 433771fa-af38-4628-a40e-96bcd22c3694@group-2CD2AED02A48: ConfigurationManager, init=-1: [433771fa-af38-4628-a40e-96bcd22c3694:192.168.69.68:34462, 4f0a8cce-cba4-44f5-8366-0fb5fb6bef9c:192.168.69.68:42866, d2d597b7-f29c-4b6e-a1dc-31783afe2111:192.168.69.68:40938], old=null, confs=<EMPTY_MAP>
2019-10-16 07:00:41,722 [pool-37-thread-1] INFO  server.RaftServerConfigKeys (ConfUtils.java:logGet(43)) - raft.server.storage.dir = [/workdir/hadoop-ozone/integration-test/target/test-dir/MiniOzoneClusterImpl-ed1e4b0b-7f1c-4222-87cd-b4f9b4aaacc0/datanode-1/data/ratis] (custom)
2019-10-16 07:00:41,722 [pool-59-thread-1] INFO  impl.RaftServerImpl (RaftServerImpl.java:<init>(104)) - 4f0a8cce-cba4-44f5-8366-0fb5fb6bef9c: new RaftServerImpl for group-2CD2AED02A48:[433771fa-af38-4628-a40e-96bcd22c3694:192.168.69.68:34462, 4f0a8cce-cba4-44f5-8366-0fb5fb6bef9c:192.168.69.68:42866, d2d597b7-f29c-4b6e-a1dc-31783afe2111:192.168.69.68:40938] with ContainerStateMachine:uninitialized
2019-10-16 07:00:41,723 [pool-59-thread-1] INFO  server.RaftServerConfigKeys (ConfUtils.java:logGet(43)) - raft.server.rpc.timeout.min = 5s (custom)
2019-10-16 07:00:41,723 [pool-37-thread-1] INFO  server.RaftServerConfigKeys (ConfUtils.java:logGet(43)) - raft.server.log.corruption.policy = EXCEPTION (default)
2019-10-16 07:00:41,723 [pool-59-thread-1] INFO  server.RaftServerConfigKeys (ConfUtils.java:logGet(43)) - raft.server.rpc.timeout.max = 5200ms (custom)
2019-10-16 07:00:41,723 [pool-37-thread-1] INFO  storage.RaftStorageDirectory (RaftStorageDirectory.java:analyzeStorage(246)) - The storage directory /workdir/hadoop-ozone/integration-test/target/test-dir/MiniOzoneClusterImpl-ed1e4b0b-7f1c-4222-87cd-b4f9b4aaacc0/datanode-1/data/ratis/40a5adea-69b8-4bcd-8a53-2cd2aed02a48 does not exist. Creating ...
2019-10-16 07:00:41,723 [pool-59-thread-1] INFO  server.RaftServerConfigKeys (ConfUtils.java:logGet(43)) - raft.server.rpcslowness.timeout = 1000s (custom)
2019-10-16 07:00:41,723 [pool-59-thread-1] INFO  server.RaftServerConfigKeys (ConfUtils.java:logGet(43)) - raft.server.sleep.deviation.threshold = 300 (default)
2019-10-16 07:00:41,723 [pool-59-thread-1] INFO  server.RaftServerConfigKeys (ConfUtils.java:logGet(43)) - raft.server.log.appender.install.snapshot.enabled = false (custom)
2019-10-16 07:00:41,723 [pool-59-thread-1] INFO  impl.RaftServerImpl (ServerState.java:<init>(103)) - 4f0a8cce-cba4-44f5-8366-0fb5fb6bef9c@group-2CD2AED02A48: ConfigurationManager, init=-1: [433771fa-af38-4628-a40e-96bcd22c3694:192.168.69.68:34462, 4f0a8cce-cba4-44f5-8366-0fb5fb6bef9c:192.168.69.68:42866, d2d597b7-f29c-4b6e-a1dc-31783afe2111:192.168.69.68:40938], old=null, confs=<EMPTY_MAP>
2019-10-16 07:00:41,723 [pool-27-thread-1] INFO  impl.RaftServerImpl (RaftServerImpl.java:<init>(104)) - d2d597b7-f29c-4b6e-a1dc-31783afe2111: new RaftServerImpl for group-2CD2AED02A48:[433771fa-af38-4628-a40e-96bcd22c3694:192.168.69.68:34462, 4f0a8cce-cba4-44f5-8366-0fb5fb6bef9c:192.168.69.68:42866, d2d597b7-f29c-4b6e-a1dc-31783afe2111:192.168.69.68:40938] with ContainerStateMachine:uninitialized
2019-10-16 07:00:41,723 [pool-59-thread-1] INFO  server.RaftServerConfigKeys (ConfUtils.java:logGet(43)) - raft.server.storage.dir = [/workdir/hadoop-ozone/integration-test/target/test-dir/MiniOzoneClusterImpl-ed1e4b0b-7f1c-4222-87cd-b4f9b4aaacc0/datanode-2/data/ratis] (custom)
2019-10-16 07:00:41,723 [pool-27-thread-1] INFO  server.RaftServerConfigKeys (ConfUtils.java:logGet(43)) - raft.server.rpc.timeout.min = 5s (custom)
2019-10-16 07:00:41,724 [pool-27-thread-1] INFO  server.RaftServerConfigKeys (ConfUtils.java:logGet(43)) - raft.server.rpc.timeout.max = 5200ms (custom)
2019-10-16 07:00:41,724 [pool-59-thread-1] INFO  server.RaftServerConfigKeys (ConfUtils.java:logGet(43)) - raft.server.log.corruption.policy = EXCEPTION (default)
2019-10-16 07:00:41,724 [pool-27-thread-1] INFO  server.RaftServerConfigKeys (ConfUtils.java:logGet(43)) - raft.server.rpcslowness.timeout = 1000s (custom)
2019-10-16 07:00:41,724 [pool-59-thread-1] INFO  storage.RaftStorageDirectory (RaftStorageDirectory.java:analyzeStorage(246)) - The storage directory /workdir/hadoop-ozone/integration-test/target/test-dir/MiniOzoneClusterImpl-ed1e4b0b-7f1c-4222-87cd-b4f9b4aaacc0/datanode-2/data/ratis/40a5adea-69b8-4bcd-8a53-2cd2aed02a48 does not exist. Creating ...
2019-10-16 07:00:41,724 [pool-27-thread-1] INFO  server.RaftServerConfigKeys (ConfUtils.java:logGet(43)) - raft.server.sleep.deviation.threshold = 300 (default)
2019-10-16 07:00:41,724 [pool-27-thread-1] INFO  server.RaftServerConfigKeys (ConfUtils.java:logGet(43)) - raft.server.log.appender.install.snapshot.enabled = false (custom)
2019-10-16 07:00:41,724 [pool-27-thread-1] INFO  impl.RaftServerImpl (ServerState.java:<init>(103)) - d2d597b7-f29c-4b6e-a1dc-31783afe2111@group-2CD2AED02A48: ConfigurationManager, init=-1: [433771fa-af38-4628-a40e-96bcd22c3694:192.168.69.68:34462, 4f0a8cce-cba4-44f5-8366-0fb5fb6bef9c:192.168.69.68:42866, d2d597b7-f29c-4b6e-a1dc-31783afe2111:192.168.69.68:40938], old=null, confs=<EMPTY_MAP>
2019-10-16 07:00:41,724 [pool-27-thread-1] INFO  server.RaftServerConfigKeys (ConfUtils.java:logGet(43)) - raft.server.storage.dir = [/workdir/hadoop-ozone/integration-test/target/test-dir/MiniOzoneClusterImpl-ed1e4b0b-7f1c-4222-87cd-b4f9b4aaacc0/datanode-0/data/ratis] (custom)
2019-10-16 07:00:41,724 [pool-27-thread-1] INFO  server.RaftServerConfigKeys (ConfUtils.java:logGet(43)) - raft.server.log.corruption.policy = EXCEPTION (default)
2019-10-16 07:00:41,725 [pool-27-thread-1] INFO  storage.RaftStorageDirectory (RaftStorageDirectory.java:analyzeStorage(246)) - The storage directory /workdir/hadoop-ozone/integration-test/target/test-dir/MiniOzoneClusterImpl-ed1e4b0b-7f1c-4222-87cd-b4f9b4aaacc0/datanode-0/data/ratis/40a5adea-69b8-4bcd-8a53-2cd2aed02a48 does not exist. Creating ...
2019-10-16 07:00:41,731 [pool-27-thread-1] INFO  storage.RaftStorageDirectory (RaftStorageDirectory.java:tryLock(328)) - Lock on /workdir/hadoop-ozone/integration-test/target/test-dir/MiniOzoneClusterImpl-ed1e4b0b-7f1c-4222-87cd-b4f9b4aaacc0/datanode-0/data/ratis/40a5adea-69b8-4bcd-8a53-2cd2aed02a48/in_use.lock acquired by nodename 3289@pr-hdds-2313-mzbf2-1866299523
2019-10-16 07:00:41,731 [pool-37-thread-1] INFO  storage.RaftStorageDirectory (RaftStorageDirectory.java:tryLock(328)) - Lock on /workdir/hadoop-ozone/integration-test/target/test-dir/MiniOzoneClusterImpl-ed1e4b0b-7f1c-4222-87cd-b4f9b4aaacc0/datanode-1/data/ratis/40a5adea-69b8-4bcd-8a53-2cd2aed02a48/in_use.lock acquired by nodename 3289@pr-hdds-2313-mzbf2-1866299523
2019-10-16 07:00:41,731 [pool-59-thread-1] INFO  storage.RaftStorageDirectory (RaftStorageDirectory.java:tryLock(328)) - Lock on /workdir/hadoop-ozone/integration-test/target/test-dir/MiniOzoneClusterImpl-ed1e4b0b-7f1c-4222-87cd-b4f9b4aaacc0/datanode-2/data/ratis/40a5adea-69b8-4bcd-8a53-2cd2aed02a48/in_use.lock acquired by nodename 3289@pr-hdds-2313-mzbf2-1866299523
2019-10-16 07:00:41,732 [4f0a8cce-cba4-44f5-8366-0fb5fb6bef9c@group-767F7A20ABB4-LeaderElection40] INFO  impl.LeaderElection (LeaderElection.java:askForVotes(178)) - 4f0a8cce-cba4-44f5-8366-0fb5fb6bef9c@group-767F7A20ABB4-LeaderElection40: begin an election at term 38 for 0: [433771fa-af38-4628-a40e-96bcd22c3694:192.168.69.68:34462, 4f0a8cce-cba4-44f5-8366-0fb5fb6bef9c:192.168.69.68:42866, d2d597b7-f29c-4b6e-a1dc-31783afe2111:192.168.69.68:40938], old=null
2019-10-16 07:00:41,734 [grpc-default-executor-5] INFO  impl.RaftServerImpl (RaftServerImpl.java:setRole(184)) - d2d597b7-f29c-4b6e-a1dc-31783afe2111@group-767F7A20ABB4: changes role from  FOLLOWER to FOLLOWER at term 38 for recognizeCandidate:4f0a8cce-cba4-44f5-8366-0fb5fb6bef9c
2019-10-16 07:00:41,734 [grpc-default-executor-6] INFO  impl.RaftServerImpl (RaftServerImpl.java:setRole(184)) - 433771fa-af38-4628-a40e-96bcd22c3694@group-767F7A20ABB4: changes role from  FOLLOWER to FOLLOWER at term 38 for recognizeCandidate:4f0a8cce-cba4-44f5-8366-0fb5fb6bef9c
2019-10-16 07:00:41,734 [grpc-default-executor-5] INFO  impl.RoleInfo (RoleInfo.java:shutdownFollowerState(121)) - d2d597b7-f29c-4b6e-a1dc-31783afe2111: shutdown FollowerState
2019-10-16 07:00:41,734 [grpc-default-executor-6] INFO  impl.RoleInfo (RoleInfo.java:shutdownFollowerState(121)) - 433771fa-af38-4628-a40e-96bcd22c3694: shutdown FollowerState
2019-10-16 07:00:41,734 [Thread-796] INFO  impl.FollowerState (FollowerState.java:run(117)) - d2d597b7-f29c-4b6e-a1dc-31783afe2111@group-767F7A20ABB4-FollowerState was interrupted: java.lang.InterruptedException: sleep interrupted
2019-10-16 07:00:41,734 [Thread-795] INFO  impl.FollowerState (FollowerState.java:run(117)) - 433771fa-af38-4628-a40e-96bcd22c3694@group-767F7A20ABB4-FollowerState was interrupted: java.lang.InterruptedException: sleep interrupted
2019-10-16 07:00:41,734 [grpc-default-executor-5] INFO  impl.RoleInfo (RoleInfo.java:updateAndGet(143)) - d2d597b7-f29c-4b6e-a1dc-31783afe2111: start FollowerState
2019-10-16 07:00:41,734 [grpc-default-executor-6] INFO  impl.RoleInfo (RoleInfo.java:updateAndGet(143)) - 433771fa-af38-4628-a40e-96bcd22c3694: start FollowerState
2019-10-16 07:00:41,735 [pool-37-thread-1] INFO  storage.RaftStorage (RaftStorage.java:format(84)) - Storage directory /workdir/hadoop-ozone/integration-test/target/test-dir/MiniOzoneClusterImpl-ed1e4b0b-7f1c-4222-87cd-b4f9b4aaacc0/datanode-1/data/ratis/40a5adea-69b8-4bcd-8a53-2cd2aed02a48 has been successfully formatted.
2019-10-16 07:00:41,735 [pool-27-thread-1] INFO  storage.RaftStorage (RaftStorage.java:format(84)) - Storage directory /workdir/hadoop-ozone/integration-test/target/test-dir/MiniOzoneClusterImpl-ed1e4b0b-7f1c-4222-87cd-b4f9b4aaacc0/datanode-0/data/ratis/40a5adea-69b8-4bcd-8a53-2cd2aed02a48 has been successfully formatted.
2019-10-16 07:00:41,735 [pool-59-thread-1] INFO  storage.RaftStorage (RaftStorage.java:format(84)) - Storage directory /workdir/hadoop-ozone/integration-test/target/test-dir/MiniOzoneClusterImpl-ed1e4b0b-7f1c-4222-87cd-b4f9b4aaacc0/datanode-2/data/ratis/40a5adea-69b8-4bcd-8a53-2cd2aed02a48 has been successfully formatted.
2019-10-16 07:00:41,735 [pool-37-thread-1] INFO  ratis.ContainerStateMachine (ContainerStateMachine.java:loadSnapshot(231)) - group-2CD2AED02A48: The snapshot info is null. Setting the last applied indexto:(t:0, i:~)
2019-10-16 07:00:41,735 [pool-27-thread-1] INFO  ratis.ContainerStateMachine (ContainerStateMachine.java:loadSnapshot(231)) - group-2CD2AED02A48: The snapshot info is null. Setting the last applied indexto:(t:0, i:~)
2019-10-16 07:00:41,735 [pool-59-thread-1] INFO  ratis.ContainerStateMachine (ContainerStateMachine.java:loadSnapshot(231)) - group-2CD2AED02A48: The snapshot info is null. Setting the last applied indexto:(t:0, i:~)
2019-10-16 07:00:41,736 [pool-27-thread-1] INFO  server.RaftServerConfigKeys (ConfUtils.java:logGet(43)) - raft.server.notification.no-leader.timeout = 1000s (custom)
2019-10-16 07:00:41,735 [pool-37-thread-1] INFO  server.RaftServerConfigKeys (ConfUtils.java:logGet(43)) - raft.server.notification.no-leader.timeout = 1000s (custom)
2019-10-16 07:00:41,736 [pool-27-thread-1] INFO  server.RaftServerConfigKeys (ConfUtils.java:logGet(43)) - raft.server.log.use.memory = false (default)
2019-10-16 07:00:41,736 [pool-59-thread-1] INFO  server.RaftServerConfigKeys (ConfUtils.java:logGet(43)) - raft.server.notification.no-leader.timeout = 1000s (custom)
2019-10-16 07:00:41,736 [pool-27-thread-1] INFO  server.RaftServerConfigKeys (ConfUtils.java:logGet(43)) - raft.server.log.purge.gap = 1000000 (custom)
2019-10-16 07:00:41,736 [pool-37-thread-1] INFO  server.RaftServerConfigKeys (ConfUtils.java:logGet(43)) - raft.server.log.use.memory = false (default)
2019-10-16 07:00:41,736 [pool-27-thread-1] INFO  server.RaftServerConfigKeys (ConfUtils.java:logGet(43)) - raft.server.log.appender.buffer.byte-limit = 33554432 (custom)
2019-10-16 07:00:41,736 [pool-59-thread-1] INFO  server.RaftServerConfigKeys (ConfUtils.java:logGet(43)) - raft.server.log.use.memory = false (default)
2019-10-16 07:00:41,736 [pool-27-thread-1] INFO  server.RaftServerConfigKeys (ConfUtils.java:logGet(43)) - raft.server.log.segment.size.max = 1048576 (custom)
2019-10-16 07:00:41,736 [pool-37-thread-1] INFO  server.RaftServerConfigKeys (ConfUtils.java:logGet(43)) - raft.server.log.purge.gap = 1000000 (custom)
2019-10-16 07:00:41,737 [pool-27-thread-1] INFO  server.RaftServerConfigKeys (ConfUtils.java:logGet(43)) - raft.server.log.segment.cache.num.max = 2 (custom)
2019-10-16 07:00:41,737 [pool-59-thread-1] INFO  server.RaftServerConfigKeys (ConfUtils.java:logGet(43)) - raft.server.log.purge.gap = 1000000 (custom)
2019-10-16 07:00:41,737 [pool-27-thread-1] INFO  segmented.SegmentedRaftLogWorker (SegmentedRaftLogWorker.java:<init>(173)) - new d2d597b7-f29c-4b6e-a1dc-31783afe2111@group-2CD2AED02A48-SegmentedRaftLogWorker for RaftStorage:Storage Directory /workdir/hadoop-ozone/integration-test/target/test-dir/MiniOzoneClusterImpl-ed1e4b0b-7f1c-4222-87cd-b4f9b4aaacc0/datanode-0/data/ratis/40a5adea-69b8-4bcd-8a53-2cd2aed02a48
2019-10-16 07:00:41,737 [pool-37-thread-1] INFO  server.RaftServerConfigKeys (ConfUtils.java:logGet(43)) - raft.server.log.appender.buffer.byte-limit = 33554432 (custom)
2019-10-16 07:00:41,737 [pool-27-thread-1] INFO  server.RaftServerConfigKeys (ConfUtils.java:logGet(43)) - raft.server.log.queue.byte-limit = 2147483647 (custom)
2019-10-16 07:00:41,737 [pool-59-thread-1] INFO  server.RaftServerConfigKeys (ConfUtils.java:logGet(43)) - raft.server.log.appender.buffer.byte-limit = 33554432 (custom)
2019-10-16 07:00:41,737 [pool-27-thread-1] INFO  server.RaftServerConfigKeys (ConfUtils.java:logGet(43)) - raft.server.log.queue.element-limit = 1024 (custom)
2019-10-16 07:00:41,737 [pool-37-thread-1] INFO  server.RaftServerConfigKeys (ConfUtils.java:logGet(43)) - raft.server.log.segment.size.max = 1048576 (custom)
2019-10-16 07:00:41,738 [pool-27-thread-1] INFO  server.RaftServerConfigKeys (ConfUtils.java:logGet(43)) - raft.server.log.segment.size.max = 1048576 (custom)
2019-10-16 07:00:41,738 [pool-59-thread-1] INFO  server.RaftServerConfigKeys (ConfUtils.java:logGet(43)) - raft.server.log.segment.size.max = 1048576 (custom)
2019-10-16 07:00:41,738 [pool-27-thread-1] INFO  server.RaftServerConfigKeys (ConfUtils.java:logGet(43)) - raft.server.log.preallocated.size = 16384 (custom)
2019-10-16 07:00:41,738 [pool-37-thread-1] INFO  server.RaftServerConfigKeys (ConfUtils.java:logGet(43)) - raft.server.log.segment.cache.num.max = 2 (custom)
2019-10-16 07:00:41,738 [pool-27-thread-1] INFO  server.RaftServerConfigKeys (ConfUtils.java:logGet(43)) - raft.server.log.write.buffer.size = 33554432 (custom)
2019-10-16 07:00:41,738 [pool-59-thread-1] INFO  server.RaftServerConfigKeys (ConfUtils.java:logGet(43)) - raft.server.log.segment.cache.num.max = 2 (custom)
2019-10-16 07:00:41,738 [pool-27-thread-1] INFO  server.RaftServerConfigKeys (ConfUtils.java:logGet(43)) - raft.server.log.force.sync.num = 128 (default)
2019-10-16 07:00:41,738 [pool-27-thread-1] INFO  server.RaftServerConfigKeys (ConfUtils.java:logGet(43)) - raft.server.log.statemachine.data.sync = true (default)
2019-10-16 07:00:41,738 [pool-37-thread-1] INFO  segmented.SegmentedRaftLogWorker (SegmentedRaftLogWorker.java:<init>(173)) - new 433771fa-af38-4628-a40e-96bcd22c3694@group-2CD2AED02A48-SegmentedRaftLogWorker for RaftStorage:Storage Directory /workdir/hadoop-ozone/integration-test/target/test-dir/MiniOzoneClusterImpl-ed1e4b0b-7f1c-4222-87cd-b4f9b4aaacc0/datanode-1/data/ratis/40a5adea-69b8-4bcd-8a53-2cd2aed02a48
2019-10-16 07:00:41,739 [pool-27-thread-1] INFO  server.RaftServerConfigKeys (ConfUtils.java:logGet(43)) - raft.server.log.statemachine.data.sync.timeout = 10s (default)
2019-10-16 07:00:41,738 [pool-59-thread-1] INFO  segmented.SegmentedRaftLogWorker (SegmentedRaftLogWorker.java:<init>(173)) - new 4f0a8cce-cba4-44f5-8366-0fb5fb6bef9c@group-2CD2AED02A48-SegmentedRaftLogWorker for RaftStorage:Storage Directory /workdir/hadoop-ozone/integration-test/target/test-dir/MiniOzoneClusterImpl-ed1e4b0b-7f1c-4222-87cd-b4f9b4aaacc0/datanode-2/data/ratis/40a5adea-69b8-4bcd-8a53-2cd2aed02a48
2019-10-16 07:00:41,739 [pool-27-thread-1] INFO  server.RaftServerConfigKeys (ConfUtils.java:logGet(43)) - raft.server.log.statemachine.data.sync.timeout.retry = -1 (default)
2019-10-16 07:00:41,739 [pool-37-thread-1] INFO  server.RaftServerConfigKeys (ConfUtils.java:logGet(43)) - raft.server.log.queue.byte-limit = 2147483647 (custom)
2019-10-16 07:00:41,739 [pool-59-thread-1] INFO  server.RaftServerConfigKeys (ConfUtils.java:logGet(43)) - raft.server.log.queue.byte-limit = 2147483647 (custom)
2019-10-16 07:00:41,739 [pool-27-thread-1] INFO  server.RaftServerConfigKeys (ConfUtils.java:logGet(43)) - raft.server.log.statemachine.data.caching.enabled = true (custom)
2019-10-16 07:00:41,739 [pool-37-thread-1] INFO  server.RaftServerConfigKeys (ConfUtils.java:logGet(43)) - raft.server.log.queue.element-limit = 1024 (custom)
2019-10-16 07:00:41,739 [pool-59-thread-1] INFO  server.RaftServerConfigKeys (ConfUtils.java:logGet(43)) - raft.server.log.queue.element-limit = 1024 (custom)
2019-10-16 07:00:41,739 [pool-37-thread-1] INFO  server.RaftServerConfigKeys (ConfUtils.java:logGet(43)) - raft.server.log.segment.size.max = 1048576 (custom)
2019-10-16 07:00:41,740 [pool-27-thread-1] INFO  segmented.SegmentedRaftLogWorker (SegmentedRaftLogWorker.java:lambda$new$0(128)) - d2d597b7-f29c-4b6e-a1dc-31783afe2111@group-2CD2AED02A48-SegmentedRaftLogWorker: flushIndex: setUnconditionally 0 -> -1
2019-10-16 07:00:41,740 [pool-59-thread-1] INFO  server.RaftServerConfigKeys (ConfUtils.java:logGet(43)) - raft.server.log.segment.size.max = 1048576 (custom)
2019-10-16 07:00:41,740 [pool-37-thread-1] INFO  server.RaftServerConfigKeys (ConfUtils.java:logGet(43)) - raft.server.log.preallocated.size = 16384 (custom)
2019-10-16 07:00:41,740 [pool-59-thread-1] INFO  server.RaftServerConfigKeys (ConfUtils.java:logGet(43)) - raft.server.log.preallocated.size = 16384 (custom)
2019-10-16 07:00:41,740 [pool-27-thread-1] INFO  server.RaftServerConfigKeys (ConfUtils.java:logGet(43)) - raft.server.snapshot.auto.trigger.enabled = true (custom)
2019-10-16 07:00:41,740 [pool-37-thread-1] INFO  server.RaftServerConfigKeys (ConfUtils.java:logGet(43)) - raft.server.log.write.buffer.size = 33554432 (custom)
2019-10-16 07:00:41,740 [pool-27-thread-1] INFO  server.RaftServerConfigKeys (ConfUtils.java:logGet(43)) - raft.server.snapshot.auto.trigger.threshold = 10000 (custom)
2019-10-16 07:00:41,740 [pool-59-thread-1] INFO  server.RaftServerConfigKeys (ConfUtils.java:logGet(43)) - raft.server.log.write.buffer.size = 33554432 (custom)
2019-10-16 07:00:41,740 [pool-27-thread-1] INFO  server.RaftServerConfigKeys (ConfUtils.java:logGet(43)) - raft.server.snapshot.retention.file.num = 5 (custom)
2019-10-16 07:00:41,740 [pool-37-thread-1] INFO  server.RaftServerConfigKeys (ConfUtils.java:logGet(43)) - raft.server.log.force.sync.num = 128 (default)
2019-10-16 07:00:41,741 [pool-27-thread-1] INFO  server.RaftServerConfigKeys (ConfUtils.java:logGet(43)) - raft.server.retrycache.expirytime = 600000ms (custom)
2019-10-16 07:00:41,740 [pool-59-thread-1] INFO  server.RaftServerConfigKeys (ConfUtils.java:logGet(43)) - raft.server.log.force.sync.num = 128 (default)
2019-10-16 07:00:41,741 [pool-37-thread-1] INFO  server.RaftServerConfigKeys (ConfUtils.java:logGet(43)) - raft.server.log.statemachine.data.sync = true (default)
2019-10-16 07:00:41,741 [pool-59-thread-1] INFO  server.RaftServerConfigKeys (ConfUtils.java:logGet(43)) - raft.server.log.statemachine.data.sync = true (default)
2019-10-16 07:00:41,741 [pool-37-thread-1] INFO  server.RaftServerConfigKeys (ConfUtils.java:logGet(43)) - raft.server.log.statemachine.data.sync.timeout = 10s (default)
2019-10-16 07:00:41,741 [pool-59-thread-1] INFO  server.RaftServerConfigKeys (ConfUtils.java:logGet(43)) - raft.server.log.statemachine.data.sync.timeout = 10s (default)
2019-10-16 07:00:41,741 [pool-37-thread-1] INFO  server.RaftServerConfigKeys (ConfUtils.java:logGet(43)) - raft.server.log.statemachine.data.sync.timeout.retry = -1 (default)
2019-10-16 07:00:41,741 [pool-59-thread-1] INFO  server.RaftServerConfigKeys (ConfUtils.java:logGet(43)) - raft.server.log.statemachine.data.sync.timeout.retry = -1 (default)
2019-10-16 07:00:41,741 [pool-37-thread-1] INFO  server.RaftServerConfigKeys (ConfUtils.java:logGet(43)) - raft.server.log.statemachine.data.caching.enabled = true (custom)
2019-10-16 07:00:41,741 [pool-59-thread-1] INFO  server.RaftServerConfigKeys (ConfUtils.java:logGet(43)) - raft.server.log.statemachine.data.caching.enabled = true (custom)
2019-10-16 07:00:41,742 [pool-37-thread-1] INFO  segmented.SegmentedRaftLogWorker (SegmentedRaftLogWorker.java:lambda$new$0(128)) - 433771fa-af38-4628-a40e-96bcd22c3694@group-2CD2AED02A48-SegmentedRaftLogWorker: flushIndex: setUnconditionally 0 -> -1
2019-10-16 07:00:41,742 [pool-59-thread-1] INFO  segmented.SegmentedRaftLogWorker (SegmentedRaftLogWorker.java:lambda$new$0(128)) - 4f0a8cce-cba4-44f5-8366-0fb5fb6bef9c@group-2CD2AED02A48-SegmentedRaftLogWorker: flushIndex: setUnconditionally 0 -> -1
2019-10-16 07:00:41,742 [pool-37-thread-1] INFO  server.RaftServerConfigKeys (ConfUtils.java:logGet(43)) - raft.server.snapshot.auto.trigger.enabled = true (custom)
2019-10-16 07:00:41,742 [pool-59-thread-1] INFO  server.RaftServerConfigKeys (ConfUtils.java:logGet(43)) - raft.server.snapshot.auto.trigger.enabled = true (custom)
2019-10-16 07:00:41,742 [pool-37-thread-1] INFO  server.RaftServerConfigKeys (ConfUtils.java:logGet(43)) - raft.server.snapshot.auto.trigger.threshold = 10000 (custom)
2019-10-16 07:00:41,742 [pool-59-thread-1] INFO  server.RaftServerConfigKeys (ConfUtils.java:logGet(43)) - raft.server.snapshot.auto.trigger.threshold = 10000 (custom)
2019-10-16 07:00:41,742 [pool-37-thread-1] INFO  server.RaftServerConfigKeys (ConfUtils.java:logGet(43)) - raft.server.snapshot.retention.file.num = 5 (custom)
2019-10-16 07:00:41,742 [pool-59-thread-1] INFO  server.RaftServerConfigKeys (ConfUtils.java:logGet(43)) - raft.server.snapshot.retention.file.num = 5 (custom)
2019-10-16 07:00:41,742 [pool-37-thread-1] INFO  server.RaftServerConfigKeys (ConfUtils.java:logGet(43)) - raft.server.retrycache.expirytime = 600000ms (custom)
2019-10-16 07:00:41,742 [pool-59-thread-1] INFO  server.RaftServerConfigKeys (ConfUtils.java:logGet(43)) - raft.server.retrycache.expirytime = 600000ms (custom)
2019-10-16 07:00:41,744 [pool-27-thread-1] INFO  impl.RaftServerImpl (RaftServerImpl.java:start(195)) - d2d597b7-f29c-4b6e-a1dc-31783afe2111@group-2CD2AED02A48: start as a follower, conf=-1: [433771fa-af38-4628-a40e-96bcd22c3694:192.168.69.68:34462, 4f0a8cce-cba4-44f5-8366-0fb5fb6bef9c:192.168.69.68:42866, d2d597b7-f29c-4b6e-a1dc-31783afe2111:192.168.69.68:40938], old=null
2019-10-16 07:00:41,744 [pool-27-thread-1] INFO  impl.RaftServerImpl (RaftServerImpl.java:setRole(184)) - d2d597b7-f29c-4b6e-a1dc-31783afe2111@group-2CD2AED02A48: changes role from      null to FOLLOWER at term 0 for startAsFollower
2019-10-16 07:00:41,744 [pool-27-thread-1] INFO  impl.RoleInfo (RoleInfo.java:updateAndGet(143)) - d2d597b7-f29c-4b6e-a1dc-31783afe2111: start FollowerState
2019-10-16 07:00:41,745 [pool-27-thread-1] INFO  util.JmxRegister (JmxRegister.java:tryRegister(44)) - Successfully registered JMX Bean with object name Ratis:service=RaftServer,group=group-2CD2AED02A48,id=d2d597b7-f29c-4b6e-a1dc-31783afe2111
2019-10-16 07:00:41,745 [pool-37-thread-1] INFO  impl.RaftServerImpl (RaftServerImpl.java:start(195)) - 433771fa-af38-4628-a40e-96bcd22c3694@group-2CD2AED02A48: start as a follower, conf=-1: [433771fa-af38-4628-a40e-96bcd22c3694:192.168.69.68:34462, 4f0a8cce-cba4-44f5-8366-0fb5fb6bef9c:192.168.69.68:42866, d2d597b7-f29c-4b6e-a1dc-31783afe2111:192.168.69.68:40938], old=null
2019-10-16 07:00:41,746 [pool-37-thread-1] INFO  impl.RaftServerImpl (RaftServerImpl.java:setRole(184)) - 433771fa-af38-4628-a40e-96bcd22c3694@group-2CD2AED02A48: changes role from      null to FOLLOWER at term 0 for startAsFollower
2019-10-16 07:00:41,746 [pool-59-thread-1] INFO  impl.RaftServerImpl (RaftServerImpl.java:start(195)) - 4f0a8cce-cba4-44f5-8366-0fb5fb6bef9c@group-2CD2AED02A48: start as a follower, conf=-1: [433771fa-af38-4628-a40e-96bcd22c3694:192.168.69.68:34462, 4f0a8cce-cba4-44f5-8366-0fb5fb6bef9c:192.168.69.68:42866, d2d597b7-f29c-4b6e-a1dc-31783afe2111:192.168.69.68:40938], old=null
2019-10-16 07:00:41,746 [pool-37-thread-1] INFO  impl.RoleInfo (RoleInfo.java:updateAndGet(143)) - 433771fa-af38-4628-a40e-96bcd22c3694: start FollowerState
2019-10-16 07:00:41,746 [pool-59-thread-1] INFO  impl.RaftServerImpl (RaftServerImpl.java:setRole(184)) - 4f0a8cce-cba4-44f5-8366-0fb5fb6bef9c@group-2CD2AED02A48: changes role from      null to FOLLOWER at term 0 for startAsFollower
2019-10-16 07:00:41,746 [pool-59-thread-1] INFO  impl.RoleInfo (RoleInfo.java:updateAndGet(143)) - 4f0a8cce-cba4-44f5-8366-0fb5fb6bef9c: start FollowerState
2019-10-16 07:00:41,746 [pool-37-thread-1] INFO  util.JmxRegister (JmxRegister.java:tryRegister(44)) - Successfully registered JMX Bean with object name Ratis:service=RaftServer,group=group-2CD2AED02A48,id=433771fa-af38-4628-a40e-96bcd22c3694
2019-10-16 07:00:41,746 [pool-59-thread-1] INFO  util.JmxRegister (JmxRegister.java:tryRegister(44)) - Successfully registered JMX Bean with object name Ratis:service=RaftServer,group=group-2CD2AED02A48,id=4f0a8cce-cba4-44f5-8366-0fb5fb6bef9c
2019-10-16 07:00:41,760 [4f0a8cce-cba4-44f5-8366-0fb5fb6bef9c@group-767F7A20ABB4-LeaderElection40] INFO  impl.LeaderElection (LeaderElection.java:logAndReturn(56)) - 4f0a8cce-cba4-44f5-8366-0fb5fb6bef9c@group-767F7A20ABB4-LeaderElection40: Election REJECTED; received 2 response(s) [4f0a8cce-cba4-44f5-8366-0fb5fb6bef9c<-433771fa-af38-4628-a40e-96bcd22c3694#0:FAIL-t38, 4f0a8cce-cba4-44f5-8366-0fb5fb6bef9c<-d2d597b7-f29c-4b6e-a1dc-31783afe2111#0:FAIL-t38] and 0 exception(s); 4f0a8cce-cba4-44f5-8366-0fb5fb6bef9c@group-767F7A20ABB4:t38, leader=null, voted=4f0a8cce-cba4-44f5-8366-0fb5fb6bef9c, raftlog=4f0a8cce-cba4-44f5-8366-0fb5fb6bef9c@group-767F7A20ABB4-SegmentedRaftLog:OPENED:c3,f4,i4, conf=0: [433771fa-af38-4628-a40e-96bcd22c3694:192.168.69.68:34462, 4f0a8cce-cba4-44f5-8366-0fb5fb6bef9c:192.168.69.68:42866, d2d597b7-f29c-4b6e-a1dc-31783afe2111:192.168.69.68:40938], old=null
2019-10-16 07:00:41,760 [4f0a8cce-cba4-44f5-8366-0fb5fb6bef9c@group-767F7A20ABB4-LeaderElection40] INFO  impl.RaftServerImpl (RaftServerImpl.java:setRole(184)) - 4f0a8cce-cba4-44f5-8366-0fb5fb6bef9c@group-767F7A20ABB4: changes role from CANDIDATE to FOLLOWER at term 38 for DISCOVERED_A_NEW_TERM
2019-10-16 07:00:41,760 [4f0a8cce-cba4-44f5-8366-0fb5fb6bef9c@group-767F7A20ABB4-LeaderElection40] INFO  impl.RoleInfo (RoleInfo.java:shutdownLeaderElection(134)) - 4f0a8cce-cba4-44f5-8366-0fb5fb6bef9c: shutdown LeaderElection
2019-10-16 07:00:41,760 [4f0a8cce-cba4-44f5-8366-0fb5fb6bef9c@group-767F7A20ABB4-LeaderElection40] INFO  impl.RoleInfo (RoleInfo.java:updateAndGet(143)) - 4f0a8cce-cba4-44f5-8366-0fb5fb6bef9c: start FollowerState
2019-10-16 07:00:41,761 [RatisPipelineUtilsThread] INFO  pipeline.PipelineStateManager (PipelineStateManager.java:addPipeline(56)) - Created pipeline Pipeline[ Id: 40a5adea-69b8-4bcd-8a53-2cd2aed02a48, Nodes: 4f0a8cce-cba4-44f5-8366-0fb5fb6bef9c{ip: 192.168.69.68, host: pr-hdds-2313-mzbf2-1866299523, networkLocation: /default-rack, certSerialId: null}433771fa-af38-4628-a40e-96bcd22c3694{ip: 192.168.69.68, host: pr-hdds-2313-mzbf2-1866299523, networkLocation: /default-rack, certSerialId: null}d2d597b7-f29c-4b6e-a1dc-31783afe2111{ip: 192.168.69.68, host: pr-hdds-2313-mzbf2-1866299523, networkLocation: /default-rack, certSerialId: null}, Type:RATIS, Factor:THREE, State:OPEN]
2019-10-16 07:00:41,789 [Thread-804] INFO  impl.FollowerState (FollowerState.java:run(108)) - d2d597b7-f29c-4b6e-a1dc-31783afe2111@group-2CD2AED02A48-FollowerState: change to CANDIDATE, lastRpcTime:44ms, electionTimeout:44ms
2019-10-16 07:00:41,790 [Thread-804] INFO  impl.RoleInfo (RoleInfo.java:shutdownFollowerState(121)) - d2d597b7-f29c-4b6e-a1dc-31783afe2111: shutdown FollowerState
2019-10-16 07:00:41,790 [Thread-804] INFO  impl.RaftServerImpl (RaftServerImpl.java:setRole(184)) - d2d597b7-f29c-4b6e-a1dc-31783afe2111@group-2CD2AED02A48: changes role from  FOLLOWER to CANDIDATE at term 0 for changeToCandidate
2019-10-16 07:00:41,790 [Thread-804] INFO  impl.RoleInfo (RoleInfo.java:updateAndGet(143)) - d2d597b7-f29c-4b6e-a1dc-31783afe2111: start LeaderElection
2019-10-16 07:00:41,800 [Thread-805] INFO  impl.FollowerState (FollowerState.java:run(108)) - 433771fa-af38-4628-a40e-96bcd22c3694@group-2CD2AED02A48-FollowerState: change to CANDIDATE, lastRpcTime:54ms, electionTimeout:54ms
2019-10-16 07:00:41,800 [Thread-805] INFO  impl.RoleInfo (RoleInfo.java:shutdownFollowerState(121)) - 433771fa-af38-4628-a40e-96bcd22c3694: shutdown FollowerState
2019-10-16 07:00:41,800 [Thread-805] INFO  impl.RaftServerImpl (RaftServerImpl.java:setRole(184)) - 433771fa-af38-4628-a40e-96bcd22c3694@group-2CD2AED02A48: changes role from  FOLLOWER to CANDIDATE at term 0 for changeToCandidate
2019-10-16 07:00:41,801 [Thread-805] INFO  impl.RoleInfo (RoleInfo.java:updateAndGet(143)) - 433771fa-af38-4628-a40e-96bcd22c3694: start LeaderElection
2019-10-16 07:00:41,806 [d2d597b7-f29c-4b6e-a1dc-31783afe2111@group-2CD2AED02A48-LeaderElection41] INFO  impl.LeaderElection (LeaderElection.java:askForVotes(178)) - d2d597b7-f29c-4b6e-a1dc-31783afe2111@group-2CD2AED02A48-LeaderElection41: begin an election at term 1 for -1: [433771fa-af38-4628-a40e-96bcd22c3694:192.168.69.68:34462, 4f0a8cce-cba4-44f5-8366-0fb5fb6bef9c:192.168.69.68:42866, d2d597b7-f29c-4b6e-a1dc-31783afe2111:192.168.69.68:40938], old=null
2019-10-16 07:00:41,806 [433771fa-af38-4628-a40e-96bcd22c3694@group-2CD2AED02A48-LeaderElection42] INFO  impl.LeaderElection (LeaderElection.java:askForVotes(178)) - 433771fa-af38-4628-a40e-96bcd22c3694@group-2CD2AED02A48-LeaderElection42: begin an election at term 1 for -1: [433771fa-af38-4628-a40e-96bcd22c3694:192.168.69.68:34462, 4f0a8cce-cba4-44f5-8366-0fb5fb6bef9c:192.168.69.68:42866, d2d597b7-f29c-4b6e-a1dc-31783afe2111:192.168.69.68:40938], old=null
2019-10-16 07:00:41,812 [Thread-810] INFO  impl.FollowerState (FollowerState.java:run(108)) - 4f0a8cce-cba4-44f5-8366-0fb5fb6bef9c@group-767F7A20ABB4-FollowerState: change to CANDIDATE, lastRpcTime:51ms, electionTimeout:51ms
2019-10-16 07:00:41,812 [Thread-810] INFO  impl.RoleInfo (RoleInfo.java:shutdownFollowerState(121)) - 4f0a8cce-cba4-44f5-8366-0fb5fb6bef9c: shutdown FollowerState
2019-10-16 07:00:41,813 [Thread-791] INFO  impl.FollowerState (FollowerState.java:run(108)) - 4f0a8cce-cba4-44f5-8366-0fb5fb6bef9c@group-7456009F3A70-FollowerState: change to CANDIDATE, lastRpcTime:114ms, electionTimeout:114ms
2019-10-16 07:00:41,814 [Thread-810] INFO  impl.RaftServerImpl (RaftServerImpl.java:setRole(184)) - 4f0a8cce-cba4-44f5-8366-0fb5fb6bef9c@group-767F7A20ABB4: changes role from  FOLLOWER to CANDIDATE at term 38 for changeToCandidate
2019-10-16 07:00:41,816 [Thread-810] INFO  impl.RoleInfo (RoleInfo.java:updateAndGet(143)) - 4f0a8cce-cba4-44f5-8366-0fb5fb6bef9c: start LeaderElection
2019-10-16 07:00:41,816 [Thread-791] INFO  impl.RoleInfo (RoleInfo.java:shutdownFollowerState(121)) - 4f0a8cce-cba4-44f5-8366-0fb5fb6bef9c: shutdown FollowerState
2019-10-16 07:00:41,816 [Thread-791] INFO  impl.RaftServerImpl (RaftServerImpl.java:setRole(184)) - 4f0a8cce-cba4-44f5-8366-0fb5fb6bef9c@group-7456009F3A70: changes role from  FOLLOWER to CANDIDATE at term 0 for changeToCandidate
2019-10-16 07:00:41,816 [Thread-791] INFO  impl.RoleInfo (RoleInfo.java:updateAndGet(143)) - 4f0a8cce-cba4-44f5-8366-0fb5fb6bef9c: start LeaderElection
2019-10-16 07:00:41,824 [grpc-default-executor-5] INFO  impl.RaftServerImpl (RaftServerImpl.java:setRole(184)) - 4f0a8cce-cba4-44f5-8366-0fb5fb6bef9c@group-2CD2AED02A48: changes role from  FOLLOWER to FOLLOWER at term 1 for recognizeCandidate:d2d597b7-f29c-4b6e-a1dc-31783afe2111
2019-10-16 07:00:41,824 [grpc-default-executor-5] INFO  impl.RoleInfo (RoleInfo.java:shutdownFollowerState(121)) - 4f0a8cce-cba4-44f5-8366-0fb5fb6bef9c: shutdown FollowerState
2019-10-16 07:00:41,825 [grpc-default-executor-5] INFO  impl.RoleInfo (RoleInfo.java:updateAndGet(143)) - 4f0a8cce-cba4-44f5-8366-0fb5fb6bef9c: start FollowerState
2019-10-16 07:00:41,825 [Thread-806] INFO  impl.FollowerState (FollowerState.java:run(117)) - 4f0a8cce-cba4-44f5-8366-0fb5fb6bef9c@group-2CD2AED02A48-FollowerState was interrupted: java.lang.InterruptedException: sleep interrupted
2019-10-16 07:00:41,833 [4f0a8cce-cba4-44f5-8366-0fb5fb6bef9c@group-767F7A20ABB4-LeaderElection43] INFO  impl.LeaderElection (LeaderElection.java:askForVotes(178)) - 4f0a8cce-cba4-44f5-8366-0fb5fb6bef9c@group-767F7A20ABB4-LeaderElection43: begin an election at term 39 for 0: [433771fa-af38-4628-a40e-96bcd22c3694:192.168.69.68:34462, 4f0a8cce-cba4-44f5-8366-0fb5fb6bef9c:192.168.69.68:42866, d2d597b7-f29c-4b6e-a1dc-31783afe2111:192.168.69.68:40938], old=null
2019-10-16 07:00:41,833 [4f0a8cce-cba4-44f5-8366-0fb5fb6bef9c@group-7456009F3A70-LeaderElection44] INFO  impl.LeaderElection (LeaderElection.java:askForVotes(178)) - 4f0a8cce-cba4-44f5-8366-0fb5fb6bef9c@group-7456009F3A70-LeaderElection44: begin an election at term 1 for -1: [4f0a8cce-cba4-44f5-8366-0fb5fb6bef9c:192.168.69.68:42866], old=null
2019-10-16 07:00:41,833 [4f0a8cce-cba4-44f5-8366-0fb5fb6bef9c@group-7456009F3A70-LeaderElection44] INFO  impl.RoleInfo (RoleInfo.java:shutdownLeaderElection(134)) - 4f0a8cce-cba4-44f5-8366-0fb5fb6bef9c: shutdown LeaderElection
2019-10-16 07:00:41,834 [4f0a8cce-cba4-44f5-8366-0fb5fb6bef9c@group-7456009F3A70-LeaderElection44] INFO  impl.RaftServerImpl (RaftServerImpl.java:setRole(184)) - 4f0a8cce-cba4-44f5-8366-0fb5fb6bef9c@group-7456009F3A70: changes role from CANDIDATE to LEADER at term 1 for changeToLeader
2019-10-16 07:00:41,835 [4f0a8cce-cba4-44f5-8366-0fb5fb6bef9c@group-7456009F3A70-LeaderElection44] INFO  impl.RaftServerImpl (ServerState.java:setLeader(256)) - 4f0a8cce-cba4-44f5-8366-0fb5fb6bef9c@group-7456009F3A70: change Leader from null to 4f0a8cce-cba4-44f5-8366-0fb5fb6bef9c at term 1 for becomeLeader, leader elected after 142ms
2019-10-16 07:00:41,836 [4f0a8cce-cba4-44f5-8366-0fb5fb6bef9c@group-7456009F3A70-LeaderElection44] INFO  server.RaftServerConfigKeys (ConfUtils.java:logGet(43)) - raft.server.staging.catchup.gap = 1000 (default)
2019-10-16 07:00:41,836 [d2d597b7-f29c-4b6e-a1dc-31783afe2111@group-2CD2AED02A48-LeaderElection41] INFO  impl.LeaderElection (LeaderElection.java:logAndReturn(56)) - d2d597b7-f29c-4b6e-a1dc-31783afe2111@group-2CD2AED02A48-LeaderElection41: Election PASSED; received 2 response(s) [d2d597b7-f29c-4b6e-a1dc-31783afe2111<-433771fa-af38-4628-a40e-96bcd22c3694#0:FAIL-t1, d2d597b7-f29c-4b6e-a1dc-31783afe2111<-4f0a8cce-cba4-44f5-8366-0fb5fb6bef9c#0:OK-t1] and 0 exception(s); d2d597b7-f29c-4b6e-a1dc-31783afe2111@group-2CD2AED02A48:t1, leader=null, voted=d2d597b7-f29c-4b6e-a1dc-31783afe2111, raftlog=d2d597b7-f29c-4b6e-a1dc-31783afe2111@group-2CD2AED02A48-SegmentedRaftLog:OPENED:c-1,f-1,i0, conf=-1: [433771fa-af38-4628-a40e-96bcd22c3694:192.168.69.68:34462, 4f0a8cce-cba4-44f5-8366-0fb5fb6bef9c:192.168.69.68:42866, d2d597b7-f29c-4b6e-a1dc-31783afe2111:192.168.69.68:40938], old=null
2019-10-16 07:00:41,836 [4f0a8cce-cba4-44f5-8366-0fb5fb6bef9c@group-7456009F3A70-LeaderElection44] INFO  server.RaftServerConfigKeys (ConfUtils.java:logGet(43)) - raft.server.rpc.sleep.time = 25ms (default)
2019-10-16 07:00:41,836 [433771fa-af38-4628-a40e-96bcd22c3694@group-2CD2AED02A48-LeaderElection42] INFO  impl.LeaderElection (LeaderElection.java:logAndReturn(56)) - 433771fa-af38-4628-a40e-96bcd22c3694@group-2CD2AED02A48-LeaderElection42: Election REJECTED; received 2 response(s) [433771fa-af38-4628-a40e-96bcd22c3694<-4f0a8cce-cba4-44f5-8366-0fb5fb6bef9c#0:FAIL-t1, 433771fa-af38-4628-a40e-96bcd22c3694<-d2d597b7-f29c-4b6e-a1dc-31783afe2111#0:FAIL-t1] and 0 exception(s); 433771fa-af38-4628-a40e-96bcd22c3694@group-2CD2AED02A48:t1, leader=null, voted=433771fa-af38-4628-a40e-96bcd22c3694, raftlog=433771fa-af38-4628-a40e-96bcd22c3694@group-2CD2AED02A48-SegmentedRaftLog:OPENED:c-1,f-1,i0, conf=-1: [433771fa-af38-4628-a40e-96bcd22c3694:192.168.69.68:34462, 4f0a8cce-cba4-44f5-8366-0fb5fb6bef9c:192.168.69.68:42866, d2d597b7-f29c-4b6e-a1dc-31783afe2111:192.168.69.68:40938], old=null
2019-10-16 07:00:41,836 [d2d597b7-f29c-4b6e-a1dc-31783afe2111@group-2CD2AED02A48-LeaderElection41] INFO  impl.RoleInfo (RoleInfo.java:shutdownLeaderElection(134)) - d2d597b7-f29c-4b6e-a1dc-31783afe2111: shutdown LeaderElection
2019-10-16 07:00:41,836 [433771fa-af38-4628-a40e-96bcd22c3694@group-2CD2AED02A48-LeaderElection42] INFO  impl.RaftServerImpl (RaftServerImpl.java:setRole(184)) - 433771fa-af38-4628-a40e-96bcd22c3694@group-2CD2AED02A48: changes role from CANDIDATE to FOLLOWER at term 1 for DISCOVERED_A_NEW_TERM
2019-10-16 07:00:41,836 [4f0a8cce-cba4-44f5-8366-0fb5fb6bef9c@group-7456009F3A70-LeaderElection44] INFO  server.RaftServerConfigKeys (ConfUtils.java:logGet(43)) - raft.server.write.element-limit = 4096 (default)
2019-10-16 07:00:41,837 [433771fa-af38-4628-a40e-96bcd22c3694@group-2CD2AED02A48-LeaderElection42] INFO  impl.RoleInfo (RoleInfo.java:shutdownLeaderElection(134)) - 433771fa-af38-4628-a40e-96bcd22c3694: shutdown LeaderElection
2019-10-16 07:00:41,837 [4f0a8cce-cba4-44f5-8366-0fb5fb6bef9c@group-7456009F3A70-LeaderElection44] INFO  server.RaftServerConfigKeys (ConfUtils.java:logGet(43)) - raft.server.watch.timeout = 10s (default)
2019-10-16 07:00:41,837 [grpc-default-executor-6] INFO  impl.RaftServerImpl (RaftServerImpl.java:setRole(184)) - 433771fa-af38-4628-a40e-96bcd22c3694@group-767F7A20ABB4: changes role from  FOLLOWER to FOLLOWER at term 39 for recognizeCandidate:4f0a8cce-cba4-44f5-8366-0fb5fb6bef9c
2019-10-16 07:00:41,836 [d2d597b7-f29c-4b6e-a1dc-31783afe2111@group-2CD2AED02A48-LeaderElection41] INFO  impl.RaftServerImpl (RaftServerImpl.java:setRole(184)) - d2d597b7-f29c-4b6e-a1dc-31783afe2111@group-2CD2AED02A48: changes role from CANDIDATE to LEADER at term 1 for changeToLeader
2019-10-16 07:00:41,837 [grpc-default-executor-6] INFO  impl.RoleInfo (RoleInfo.java:shutdownFollowerState(121)) - 433771fa-af38-4628-a40e-96bcd22c3694: shutdown FollowerState
2019-10-16 07:00:41,837 [4f0a8cce-cba4-44f5-8366-0fb5fb6bef9c@group-7456009F3A70-LeaderElection44] INFO  server.RaftServerConfigKeys (ConfUtils.java:logGet(43)) - raft.server.watch.timeout.denomination = 1s (default)
2019-10-16 07:00:41,837 [433771fa-af38-4628-a40e-96bcd22c3694@group-2CD2AED02A48-LeaderElection42] INFO  impl.RoleInfo (RoleInfo.java:updateAndGet(143)) - 433771fa-af38-4628-a40e-96bcd22c3694: start FollowerState
2019-10-16 07:00:41,837 [4f0a8cce-cba4-44f5-8366-0fb5fb6bef9c@group-7456009F3A70-LeaderElection44] INFO  server.RaftServerConfigKeys (ConfUtils.java:logGet(43)) - raft.server.watch.element-limit = 65536 (default)
2019-10-16 07:00:41,837 [grpc-default-executor-5] INFO  impl.RaftServerImpl (RaftServerImpl.java:setRole(184)) - d2d597b7-f29c-4b6e-a1dc-31783afe2111@group-767F7A20ABB4: changes role from  FOLLOWER to FOLLOWER at term 39 for recognizeCandidate:4f0a8cce-cba4-44f5-8366-0fb5fb6bef9c
2019-10-16 07:00:41,837 [Thread-800] INFO  impl.FollowerState (FollowerState.java:run(117)) - 433771fa-af38-4628-a40e-96bcd22c3694@group-767F7A20ABB4-FollowerState was interrupted: java.lang.InterruptedException: sleep interrupted
2019-10-16 07:00:41,837 [grpc-default-executor-6] INFO  impl.RoleInfo (RoleInfo.java:updateAndGet(143)) - 433771fa-af38-4628-a40e-96bcd22c3694: start FollowerState
2019-10-16 07:00:41,837 [d2d597b7-f29c-4b6e-a1dc-31783afe2111@group-2CD2AED02A48-LeaderElection41] INFO  impl.RaftServerImpl (ServerState.java:setLeader(256)) - d2d597b7-f29c-4b6e-a1dc-31783afe2111@group-2CD2AED02A48: change Leader from null to d2d597b7-f29c-4b6e-a1dc-31783afe2111 at term 1 for becomeLeader, leader elected after 101ms
2019-10-16 07:00:41,838 [grpc-default-executor-5] INFO  impl.RoleInfo (RoleInfo.java:shutdownFollowerState(121)) - d2d597b7-f29c-4b6e-a1dc-31783afe2111: shutdown FollowerState
2019-10-16 07:00:41,838 [d2d597b7-f29c-4b6e-a1dc-31783afe2111@group-2CD2AED02A48-LeaderElection41] INFO  server.RaftServerConfigKeys (ConfUtils.java:logGet(43)) - raft.server.staging.catchup.gap = 1000 (default)
2019-10-16 07:00:41,838 [grpc-default-executor-5] INFO  impl.RoleInfo (RoleInfo.java:updateAndGet(143)) - d2d597b7-f29c-4b6e-a1dc-31783afe2111: start FollowerState
2019-10-16 07:00:41,838 [Thread-799] INFO  impl.FollowerState (FollowerState.java:run(117)) - d2d597b7-f29c-4b6e-a1dc-31783afe2111@group-767F7A20ABB4-FollowerState was interrupted: java.lang.InterruptedException: sleep interrupted
2019-10-16 07:00:41,838 [d2d597b7-f29c-4b6e-a1dc-31783afe2111@group-2CD2AED02A48-LeaderElection41] INFO  server.RaftServerConfigKeys (ConfUtils.java:logGet(43)) - raft.server.rpc.sleep.time = 25ms (default)
2019-10-16 07:00:41,839 [d2d597b7-f29c-4b6e-a1dc-31783afe2111@group-2CD2AED02A48-LeaderElection41] INFO  server.RaftServerConfigKeys (ConfUtils.java:logGet(43)) - raft.server.write.element-limit = 4096 (default)
2019-10-16 07:00:41,839 [d2d597b7-f29c-4b6e-a1dc-31783afe2111@group-2CD2AED02A48-LeaderElection41] INFO  server.RaftServerConfigKeys (ConfUtils.java:logGet(43)) - raft.server.watch.timeout = 10s (default)
2019-10-16 07:00:41,839 [d2d597b7-f29c-4b6e-a1dc-31783afe2111@group-2CD2AED02A48-LeaderElection41] INFO  server.RaftServerConfigKeys (ConfUtils.java:logGet(43)) - raft.server.watch.timeout.denomination = 1s (default)
2019-10-16 07:00:41,839 [d2d597b7-f29c-4b6e-a1dc-31783afe2111@group-2CD2AED02A48-LeaderElection41] INFO  server.RaftServerConfigKeys (ConfUtils.java:logGet(43)) - raft.server.watch.element-limit = 65536 (default)
2019-10-16 07:00:41,841 [4f0a8cce-cba4-44f5-8366-0fb5fb6bef9c@group-7456009F3A70-LeaderElection44] INFO  impl.RoleInfo (RoleInfo.java:updateAndGet(143)) - 4f0a8cce-cba4-44f5-8366-0fb5fb6bef9c: start LeaderState
2019-10-16 07:00:41,841 [4f0a8cce-cba4-44f5-8366-0fb5fb6bef9c@group-7456009F3A70-LeaderElection44] INFO  segmented.SegmentedRaftLogWorker (SegmentedRaftLogWorker.java:startLogSegment(385)) - 4f0a8cce-cba4-44f5-8366-0fb5fb6bef9c@group-7456009F3A70-SegmentedRaftLogWorker: Starting segment from index:0
2019-10-16 07:00:41,841 [d2d597b7-f29c-4b6e-a1dc-31783afe2111@group-2CD2AED02A48-LeaderElection41] INFO  server.RaftServerConfigKeys (ConfUtils.java:logGet(43)) - raft.server.log.appender.snapshot.chunk.size.max = 16MB (=16777216) (default)
2019-10-16 07:00:41,841 [d2d597b7-f29c-4b6e-a1dc-31783afe2111@group-2CD2AED02A48-LeaderElection41] INFO  server.RaftServerConfigKeys (ConfUtils.java:logGet(43)) - raft.server.log.appender.buffer.byte-limit = 33554432 (custom)
2019-10-16 07:00:41,841 [d2d597b7-f29c-4b6e-a1dc-31783afe2111@group-2CD2AED02A48-LeaderElection41] INFO  server.RaftServerConfigKeys (ConfUtils.java:logGet(43)) - raft.server.log.appender.buffer.element-limit = 1 (custom)
2019-10-16 07:00:41,841 [4f0a8cce-cba4-44f5-8366-0fb5fb6bef9c@group-7456009F3A70-LeaderElection44] INFO  impl.RaftServerImpl (ServerState.java:setRaftConf(357)) - 4f0a8cce-cba4-44f5-8366-0fb5fb6bef9c@group-7456009F3A70: set configuration 0: [4f0a8cce-cba4-44f5-8366-0fb5fb6bef9c:192.168.69.68:42866], old=null at 0
2019-10-16 07:00:41,841 [d2d597b7-f29c-4b6e-a1dc-31783afe2111@group-2CD2AED02A48-LeaderElection41] INFO  grpc.GrpcConfigKeys$Server (ConfUtils.java:logGet(43)) - raft.grpc.server.leader.outstanding.appends.max = 128 (default)
2019-10-16 07:00:41,842 [d2d597b7-f29c-4b6e-a1dc-31783afe2111@group-2CD2AED02A48-LeaderElection41] INFO  server.RaftServerConfigKeys (ConfUtils.java:logGet(43)) - raft.server.rpc.request.timeout = 3000ms (default)
2019-10-16 07:00:41,842 [d2d597b7-f29c-4b6e-a1dc-31783afe2111@group-2CD2AED02A48-LeaderElection41] INFO  server.RaftServerConfigKeys (ConfUtils.java:logGet(43)) - raft.server.log.appender.install.snapshot.enabled = false (custom)
2019-10-16 07:00:41,843 [d2d597b7-f29c-4b6e-a1dc-31783afe2111@group-2CD2AED02A48-LeaderElection41] INFO  server.RaftServerConfigKeys (ConfUtils.java:logGet(43)) - raft.server.log.appender.snapshot.chunk.size.max = 16MB (=16777216) (default)
2019-10-16 07:00:41,844 [d2d597b7-f29c-4b6e-a1dc-31783afe2111@group-2CD2AED02A48-LeaderElection41] INFO  server.RaftServerConfigKeys (ConfUtils.java:logGet(43)) - raft.server.log.appender.buffer.byte-limit = 33554432 (custom)
2019-10-16 07:00:41,844 [d2d597b7-f29c-4b6e-a1dc-31783afe2111@group-2CD2AED02A48-LeaderElection41] INFO  server.RaftServerConfigKeys (ConfUtils.java:logGet(43)) - raft.server.log.appender.buffer.element-limit = 1 (custom)
2019-10-16 07:00:41,844 [d2d597b7-f29c-4b6e-a1dc-31783afe2111@group-2CD2AED02A48-LeaderElection41] INFO  grpc.GrpcConfigKeys$Server (ConfUtils.java:logGet(43)) - raft.grpc.server.leader.outstanding.appends.max = 128 (default)
2019-10-16 07:00:41,844 [d2d597b7-f29c-4b6e-a1dc-31783afe2111@group-2CD2AED02A48-LeaderElection41] INFO  server.RaftServerConfigKeys (ConfUtils.java:logGet(43)) - raft.server.rpc.request.timeout = 3000ms (default)
2019-10-16 07:00:41,844 [d2d597b7-f29c-4b6e-a1dc-31783afe2111@group-2CD2AED02A48-LeaderElection41] INFO  server.RaftServerConfigKeys (ConfUtils.java:logGet(43)) - raft.server.log.appender.install.snapshot.enabled = false (custom)
2019-10-16 07:00:41,846 [d2d597b7-f29c-4b6e-a1dc-31783afe2111@group-2CD2AED02A48-LeaderElection41] INFO  impl.RoleInfo (RoleInfo.java:updateAndGet(143)) - d2d597b7-f29c-4b6e-a1dc-31783afe2111: start LeaderState
2019-10-16 07:00:41,846 [d2d597b7-f29c-4b6e-a1dc-31783afe2111@group-2CD2AED02A48-LeaderElection41] INFO  segmented.SegmentedRaftLogWorker (SegmentedRaftLogWorker.java:startLogSegment(385)) - d2d597b7-f29c-4b6e-a1dc-31783afe2111@group-2CD2AED02A48-SegmentedRaftLogWorker: Starting segment from index:0
2019-10-16 07:00:41,847 [d2d597b7-f29c-4b6e-a1dc-31783afe2111@group-2CD2AED02A48-LeaderElection41] INFO  impl.RaftServerImpl (ServerState.java:setRaftConf(357)) - d2d597b7-f29c-4b6e-a1dc-31783afe2111@group-2CD2AED02A48: set configuration 0: [433771fa-af38-4628-a40e-96bcd22c3694:192.168.69.68:34462, 4f0a8cce-cba4-44f5-8366-0fb5fb6bef9c:192.168.69.68:42866, d2d597b7-f29c-4b6e-a1dc-31783afe2111:192.168.69.68:40938], old=null at 0
2019-10-16 07:00:41,874 [Thread-819] INFO  impl.FollowerState (FollowerState.java:run(108)) - 4f0a8cce-cba4-44f5-8366-0fb5fb6bef9c@group-2CD2AED02A48-FollowerState: change to CANDIDATE, lastRpcTime:48ms, electionTimeout:26ms
2019-10-16 07:00:41,874 [Thread-819] INFO  impl.RoleInfo (RoleInfo.java:shutdownFollowerState(121)) - 4f0a8cce-cba4-44f5-8366-0fb5fb6bef9c: shutdown FollowerState
2019-10-16 07:00:41,874 [Thread-819] INFO  impl.RaftServerImpl (RaftServerImpl.java:setRole(184)) - 4f0a8cce-cba4-44f5-8366-0fb5fb6bef9c@group-2CD2AED02A48: changes role from  FOLLOWER to CANDIDATE at term 1 for changeToCandidate
2019-10-16 07:00:41,874 [Thread-819] INFO  impl.RoleInfo (RoleInfo.java:updateAndGet(143)) - 4f0a8cce-cba4-44f5-8366-0fb5fb6bef9c: start LeaderElection
2019-10-16 07:00:41,875 [4f0a8cce-cba4-44f5-8366-0fb5fb6bef9c@group-767F7A20ABB4-LeaderElection43] INFO  impl.LeaderElection (LeaderElection.java:logAndReturn(56)) - 4f0a8cce-cba4-44f5-8366-0fb5fb6bef9c@group-767F7A20ABB4-LeaderElection43: Election REJECTED; received 2 response(s) [4f0a8cce-cba4-44f5-8366-0fb5fb6bef9c<-433771fa-af38-4628-a40e-96bcd22c3694#0:FAIL-t39, 4f0a8cce-cba4-44f5-8366-0fb5fb6bef9c<-d2d597b7-f29c-4b6e-a1dc-31783afe2111#0:FAIL-t39] and 0 exception(s); 4f0a8cce-cba4-44f5-8366-0fb5fb6bef9c@group-767F7A20ABB4:t39, leader=null, voted=4f0a8cce-cba4-44f5-8366-0fb5fb6bef9c, raftlog=4f0a8cce-cba4-44f5-8366-0fb5fb6bef9c@group-767F7A20ABB4-SegmentedRaftLog:OPENED:c3,f4,i4, conf=0: [433771fa-af38-4628-a40e-96bcd22c3694:192.168.69.68:34462, 4f0a8cce-cba4-44f5-8366-0fb5fb6bef9c:192.168.69.68:42866, d2d597b7-f29c-4b6e-a1dc-31783afe2111:192.168.69.68:40938], old=null
2019-10-16 07:00:41,875 [4f0a8cce-cba4-44f5-8366-0fb5fb6bef9c@group-767F7A20ABB4-LeaderElection43] INFO  impl.RaftServerImpl (RaftServerImpl.java:setRole(184)) - 4f0a8cce-cba4-44f5-8366-0fb5fb6bef9c@group-767F7A20ABB4: changes role from CANDIDATE to FOLLOWER at term 39 for DISCOVERED_A_NEW_TERM
2019-10-16 07:00:41,875 [4f0a8cce-cba4-44f5-8366-0fb5fb6bef9c@group-767F7A20ABB4-LeaderElection43] INFO  impl.RoleInfo (RoleInfo.java:shutdownLeaderElection(134)) - 4f0a8cce-cba4-44f5-8366-0fb5fb6bef9c: shutdown LeaderElection
2019-10-16 07:00:41,876 [4f0a8cce-cba4-44f5-8366-0fb5fb6bef9c@group-767F7A20ABB4-LeaderElection43] INFO  impl.RoleInfo (RoleInfo.java:updateAndGet(143)) - 4f0a8cce-cba4-44f5-8366-0fb5fb6bef9c: start FollowerState
2019-10-16 07:00:41,876 [grpc-default-executor-6] INFO  impl.RaftServerImpl (ServerState.java:setLeader(256)) - 433771fa-af38-4628-a40e-96bcd22c3694@group-2CD2AED02A48: change Leader from null to d2d597b7-f29c-4b6e-a1dc-31783afe2111 at term 1 for appendEntries, leader elected after 140ms
2019-10-16 07:00:41,878 [grpc-default-executor-6] INFO  impl.RaftServerImpl (ServerState.java:setRaftConf(357)) - 433771fa-af38-4628-a40e-96bcd22c3694@group-2CD2AED02A48: set configuration 0: [433771fa-af38-4628-a40e-96bcd22c3694:192.168.69.68:34462, 4f0a8cce-cba4-44f5-8366-0fb5fb6bef9c:192.168.69.68:42866, d2d597b7-f29c-4b6e-a1dc-31783afe2111:192.168.69.68:40938], old=null at 0
2019-10-16 07:00:41,879 [grpc-default-executor-6] INFO  segmented.SegmentedRaftLogWorker (SegmentedRaftLogWorker.java:startLogSegment(385)) - 433771fa-af38-4628-a40e-96bcd22c3694@group-2CD2AED02A48-SegmentedRaftLogWorker: Starting segment from index:0
2019-10-16 07:00:41,913 [d2d597b7-f29c-4b6e-a1dc-31783afe2111@group-2CD2AED02A48-SegmentedRaftLogWorker] INFO  segmented.SegmentedRaftLogWorker (SegmentedRaftLogWorker.java:execute(576)) - d2d597b7-f29c-4b6e-a1dc-31783afe2111@group-2CD2AED02A48-SegmentedRaftLogWorker: created new log segment /workdir/hadoop-ozone/integration-test/target/test-dir/MiniOzoneClusterImpl-ed1e4b0b-7f1c-4222-87cd-b4f9b4aaacc0/datanode-0/data/ratis/40a5adea-69b8-4bcd-8a53-2cd2aed02a48/current/log_inprogress_0
2019-10-16 07:00:41,913 [4f0a8cce-cba4-44f5-8366-0fb5fb6bef9c@group-7456009F3A70-SegmentedRaftLogWorker] INFO  segmented.SegmentedRaftLogWorker (SegmentedRaftLogWorker.java:execute(576)) - 4f0a8cce-cba4-44f5-8366-0fb5fb6bef9c@group-7456009F3A70-SegmentedRaftLogWorker: created new log segment /workdir/hadoop-ozone/integration-test/target/test-dir/MiniOzoneClusterImpl-ed1e4b0b-7f1c-4222-87cd-b4f9b4aaacc0/datanode-2/data/ratis/c7cdc227-5d7a-4019-ab5b-7456009f3a70/current/log_inprogress_0
2019-10-16 07:00:41,915 [4f0a8cce-cba4-44f5-8366-0fb5fb6bef9c@group-2CD2AED02A48-LeaderElection45] INFO  impl.LeaderElection (LeaderElection.java:askForVotes(178)) - 4f0a8cce-cba4-44f5-8366-0fb5fb6bef9c@group-2CD2AED02A48-LeaderElection45: begin an election at term 2 for -1: [433771fa-af38-4628-a40e-96bcd22c3694:192.168.69.68:34462, 4f0a8cce-cba4-44f5-8366-0fb5fb6bef9c:192.168.69.68:42866, d2d597b7-f29c-4b6e-a1dc-31783afe2111:192.168.69.68:40938], old=null
2019-10-16 07:00:41,917 [Thread-826] INFO  impl.RaftServerImpl (ServerState.java:setLeader(256)) - d2d597b7-f29c-4b6e-a1dc-31783afe2111@group-2CD2AED02A48: change Leader from d2d597b7-f29c-4b6e-a1dc-31783afe2111 to null at term 2 for updateCurrentTerm
2019-10-16 07:00:41,917 [Thread-837] INFO  client.GrpcClientProtocolService (GrpcClientProtocolService.java:lambda$processClientRequest$0(278)) - Failed RaftClientRequest:client-C8ADB546B70F->433771fa-af38-4628-a40e-96bcd22c3694@group-767F7A20ABB4, cid=10, seq=0, Watch-ALL_COMMITTED(6), Message:<EMPTY>, reply=RaftClientReply:client-C8ADB546B70F->433771fa-af38-4628-a40e-96bcd22c3694@group-767F7A20ABB4, cid=10, FAILED org.apache.ratis.protocol.NotLeaderException: Server 433771fa-af38-4628-a40e-96bcd22c3694@group-767F7A20ABB4 is not the leader, logIndex=0, commits[433771fa-af38-4628-a40e-96bcd22c3694:c10, 4f0a8cce-cba4-44f5-8366-0fb5fb6bef9c:c4, d2d597b7-f29c-4b6e-a1dc-31783afe2111:c10]
2019-10-16 07:00:41,917 [Thread-826] INFO  impl.RaftServerImpl (RaftServerImpl.java:setRole(184)) - d2d597b7-f29c-4b6e-a1dc-31783afe2111@group-2CD2AED02A48: changes role from    LEADER to FOLLOWER at term 2 for stepDown
2019-10-16 07:00:41,917 [grpc-default-executor-5] INFO  impl.RaftServerImpl (ServerState.java:setLeader(256)) - 433771fa-af38-4628-a40e-96bcd22c3694@group-2CD2AED02A48: change Leader from d2d597b7-f29c-4b6e-a1dc-31783afe2111 to null at term 2 for updateCurrentTerm
2019-10-16 07:00:41,918 [Thread-826] INFO  impl.RoleInfo (RoleInfo.java:shutdownLeaderState(104)) - d2d597b7-f29c-4b6e-a1dc-31783afe2111: shutdown LeaderState
2019-10-16 07:00:41,919 [grpc-default-executor-5] INFO  impl.RaftServerImpl (RaftServerImpl.java:setRole(184)) - 433771fa-af38-4628-a40e-96bcd22c3694@group-2CD2AED02A48: changes role from  FOLLOWER to FOLLOWER at term 2 for recognizeCandidate:4f0a8cce-cba4-44f5-8366-0fb5fb6bef9c
2019-10-16 07:00:41,920 [org.apache.ratis.server.impl.LogAppender$AppenderDaemon$$Lambda$439/177553888@4080765] WARN  server.GrpcLogAppender (GrpcLogAppender.java:mayWait(149)) - d2d597b7-f29c-4b6e-a1dc-31783afe2111@group-2CD2AED02A48->433771fa-af38-4628-a40e-96bcd22c3694-GrpcLogAppender: Wait interrupted by java.lang.InterruptedException
2019-10-16 07:00:41,920 [org.apache.ratis.server.impl.LogAppender$AppenderDaemon$$Lambda$439/177553888@35466463] WARN  server.GrpcLogAppender (GrpcLogAppender.java:mayWait(149)) - d2d597b7-f29c-4b6e-a1dc-31783afe2111@group-2CD2AED02A48->4f0a8cce-cba4-44f5-8366-0fb5fb6bef9c-GrpcLogAppender: Wait interrupted by java.lang.InterruptedException
2019-10-16 07:00:41,920 [Thread-826] INFO  impl.PendingRequests (PendingRequests.java:sendNotLeaderResponses(202)) - d2d597b7-f29c-4b6e-a1dc-31783afe2111@group-2CD2AED02A48-PendingRequests: sendNotLeaderResponses
2019-10-16 07:00:41,920 [grpc-default-executor-5] INFO  impl.RoleInfo (RoleInfo.java:shutdownFollowerState(121)) - 433771fa-af38-4628-a40e-96bcd22c3694: shutdown FollowerState
2019-10-16 07:00:41,921 [grpc-default-executor-4] INFO  server.GrpcServerProtocolService (GrpcServerProtocolService.java:onCompleted(113)) - 433771fa-af38-4628-a40e-96bcd22c3694: Completed APPEND_ENTRIES, lastRequest: d2d597b7-f29c-4b6e-a1dc-31783afe2111->433771fa-af38-4628-a40e-96bcd22c3694#1-t1, previous=(t:0, i:0), leaderCommit=-1, initializing? false, entries: size=1, first=(t:1, i:0), CONFIGURATIONENTRY
2019-10-16 07:00:41,921 [Thread-826] INFO  impl.RoleInfo (RoleInfo.java:updateAndGet(143)) - d2d597b7-f29c-4b6e-a1dc-31783afe2111: start FollowerState
2019-10-16 07:00:41,921 [grpc-default-executor-5] INFO  impl.RoleInfo (RoleInfo.java:updateAndGet(143)) - 433771fa-af38-4628-a40e-96bcd22c3694: start FollowerState
2019-10-16 07:00:41,921 [Thread-823] INFO  impl.FollowerState (FollowerState.java:run(117)) - 433771fa-af38-4628-a40e-96bcd22c3694@group-2CD2AED02A48-FollowerState was interrupted: java.lang.InterruptedException: sleep interrupted
2019-10-16 07:00:41,921 [grpc-default-executor-0] INFO  server.GrpcServerProtocolService (GrpcServerProtocolService.java:onCompleted(113)) - 4f0a8cce-cba4-44f5-8366-0fb5fb6bef9c: Completed APPEND_ENTRIES, lastRequest: d2d597b7-f29c-4b6e-a1dc-31783afe2111->4f0a8cce-cba4-44f5-8366-0fb5fb6bef9c#0-t1, previous=(t:0, i:0), leaderCommit=-1, initializing? false, entries: <empty>
2019-10-16 07:00:41,923 [grpc-default-executor-8] INFO  server.GrpcLogAppender (GrpcLogAppender.java:onCompleted(308)) - d2d597b7-f29c-4b6e-a1dc-31783afe2111@group-2CD2AED02A48->433771fa-af38-4628-a40e-96bcd22c3694-AppendLogResponseHandler: follower responses appendEntries COMPLETED
2019-10-16 07:00:41,925 [grpc-default-executor-7] INFO  server.GrpcLogAppender (GrpcLogAppender.java:onCompleted(308)) - d2d597b7-f29c-4b6e-a1dc-31783afe2111@group-2CD2AED02A48->4f0a8cce-cba4-44f5-8366-0fb5fb6bef9c-AppendLogResponseHandler: follower responses appendEntries COMPLETED
2019-10-16 07:00:41,925 [grpc-default-executor-8] INFO  impl.FollowerInfo (FollowerInfo.java:lambda$new$0(51)) - d2d597b7-f29c-4b6e-a1dc-31783afe2111@group-2CD2AED02A48->433771fa-af38-4628-a40e-96bcd22c3694: nextIndex: updateUnconditionally 1 -> 0
2019-10-16 07:00:41,926 [grpc-default-executor-7] INFO  impl.FollowerInfo (FollowerInfo.java:lambda$new$0(51)) - d2d597b7-f29c-4b6e-a1dc-31783afe2111@group-2CD2AED02A48->4f0a8cce-cba4-44f5-8366-0fb5fb6bef9c: nextIndex: updateUnconditionally 0 -> 0
2019-10-16 07:00:41,928 [433771fa-af38-4628-a40e-96bcd22c3694@group-2CD2AED02A48-SegmentedRaftLogWorker] INFO  segmented.SegmentedRaftLogWorker (SegmentedRaftLogWorker.java:execute(576)) - 433771fa-af38-4628-a40e-96bcd22c3694@group-2CD2AED02A48-SegmentedRaftLogWorker: created new log segment /workdir/hadoop-ozone/integration-test/target/test-dir/MiniOzoneClusterImpl-ed1e4b0b-7f1c-4222-87cd-b4f9b4aaacc0/datanode-1/data/ratis/40a5adea-69b8-4bcd-8a53-2cd2aed02a48/current/log_inprogress_0
2019-10-16 07:00:41,929 [grpc-default-executor-6] INFO  impl.RaftServerImpl (RaftServerImpl.java:setRole(184)) - d2d597b7-f29c-4b6e-a1dc-31783afe2111@group-2CD2AED02A48: changes role from  FOLLOWER to FOLLOWER at term 2 for recognizeCandidate:4f0a8cce-cba4-44f5-8366-0fb5fb6bef9c
2019-10-16 07:00:41,929 [grpc-default-executor-6] INFO  impl.RoleInfo (RoleInfo.java:shutdownFollowerState(121)) - d2d597b7-f29c-4b6e-a1dc-31783afe2111: shutdown FollowerState
2019-10-16 07:00:41,929 [Thread-838] INFO  impl.FollowerState (FollowerState.java:run(117)) - d2d597b7-f29c-4b6e-a1dc-31783afe2111@group-2CD2AED02A48-FollowerState was interrupted: java.lang.InterruptedException: sleep interrupted
2019-10-16 07:00:41,929 [grpc-default-executor-6] INFO  impl.RoleInfo (RoleInfo.java:updateAndGet(143)) - d2d597b7-f29c-4b6e-a1dc-31783afe2111: start FollowerState
2019-10-16 07:00:41,930 [4f0a8cce-cba4-44f5-8366-0fb5fb6bef9c@group-2CD2AED02A48-LeaderElection45] INFO  impl.LeaderElection (LeaderElection.java:logAndReturn(56)) - 4f0a8cce-cba4-44f5-8366-0fb5fb6bef9c@group-2CD2AED02A48-LeaderElection45: Election REJECTED; received 2 response(s) [4f0a8cce-cba4-44f5-8366-0fb5fb6bef9c<-433771fa-af38-4628-a40e-96bcd22c3694#0:FAIL-t2, 4f0a8cce-cba4-44f5-8366-0fb5fb6bef9c<-d2d597b7-f29c-4b6e-a1dc-31783afe2111#0:FAIL-t2] and 0 exception(s); 4f0a8cce-cba4-44f5-8366-0fb5fb6bef9c@group-2CD2AED02A48:t2, leader=null, voted=4f0a8cce-cba4-44f5-8366-0fb5fb6bef9c, raftlog=4f0a8cce-cba4-44f5-8366-0fb5fb6bef9c@group-2CD2AED02A48-SegmentedRaftLog:OPENED:c-1,f-1,i0, conf=-1: [433771fa-af38-4628-a40e-96bcd22c3694:192.168.69.68:34462, 4f0a8cce-cba4-44f5-8366-0fb5fb6bef9c:192.168.69.68:42866, d2d597b7-f29c-4b6e-a1dc-31783afe2111:192.168.69.68:40938], old=null
2019-10-16 07:00:41,930 [4f0a8cce-cba4-44f5-8366-0fb5fb6bef9c@group-2CD2AED02A48-LeaderElection45] INFO  impl.RaftServerImpl (RaftServerImpl.java:setRole(184)) - 4f0a8cce-cba4-44f5-8366-0fb5fb6bef9c@group-2CD2AED02A48: changes role from CANDIDATE to FOLLOWER at term 2 for DISCOVERED_A_NEW_TERM
2019-10-16 07:00:41,931 [4f0a8cce-cba4-44f5-8366-0fb5fb6bef9c@group-2CD2AED02A48-LeaderElection45] INFO  impl.RoleInfo (RoleInfo.java:shutdownLeaderElection(134)) - 4f0a8cce-cba4-44f5-8366-0fb5fb6bef9c: shutdown LeaderElection
2019-10-16 07:00:41,931 [4f0a8cce-cba4-44f5-8366-0fb5fb6bef9c@group-2CD2AED02A48-LeaderElection45] INFO  impl.RoleInfo (RoleInfo.java:updateAndGet(143)) - 4f0a8cce-cba4-44f5-8366-0fb5fb6bef9c: start FollowerState
2019-10-16 07:00:41,948 [Thread-842] INFO  impl.FollowerState (FollowerState.java:run(108)) - 4f0a8cce-cba4-44f5-8366-0fb5fb6bef9c@group-2CD2AED02A48-FollowerState: change to CANDIDATE, lastRpcTime:17ms, electionTimeout:17ms
2019-10-16 07:00:41,948 [Thread-842] INFO  impl.RoleInfo (RoleInfo.java:shutdownFollowerState(121)) - 4f0a8cce-cba4-44f5-8366-0fb5fb6bef9c: shutdown FollowerState
2019-10-16 07:00:41,948 [Thread-842] INFO  impl.RaftServerImpl (RaftServerImpl.java:setRole(184)) - 4f0a8cce-cba4-44f5-8366-0fb5fb6bef9c@group-2CD2AED02A48: changes role from  FOLLOWER to CANDIDATE at term 2 for changeToCandidate
2019-10-16 07:00:41,949 [Thread-842] INFO  impl.RoleInfo (RoleInfo.java:updateAndGet(143)) - 4f0a8cce-cba4-44f5-8366-0fb5fb6bef9c: start LeaderElection
2019-10-16 07:00:41,969 [4f0a8cce-cba4-44f5-8366-0fb5fb6bef9c@group-2CD2AED02A48-LeaderElection46] INFO  impl.LeaderElection (LeaderElection.java:askForVotes(178)) - 4f0a8cce-cba4-44f5-8366-0fb5fb6bef9c@group-2CD2AED02A48-LeaderElection46: begin an election at term 3 for -1: [433771fa-af38-4628-a40e-96bcd22c3694:192.168.69.68:34462, 4f0a8cce-cba4-44f5-8366-0fb5fb6bef9c:192.168.69.68:42866, d2d597b7-f29c-4b6e-a1dc-31783afe2111:192.168.69.68:40938], old=null
2019-10-16 07:00:41,971 [grpc-default-executor-6] INFO  impl.RaftServerImpl (RaftServerImpl.java:setRole(184)) - 433771fa-af38-4628-a40e-96bcd22c3694@group-2CD2AED02A48: changes role from  FOLLOWER to FOLLOWER at term 3 for recognizeCandidate:4f0a8cce-cba4-44f5-8366-0fb5fb6bef9c
2019-10-16 07:00:41,972 [grpc-default-executor-6] INFO  impl.RoleInfo (RoleInfo.java:shutdownFollowerState(121)) - 433771fa-af38-4628-a40e-96bcd22c3694: shutdown FollowerState
2019-10-16 07:00:41,972 [grpc-default-executor-5] INFO  impl.RaftServerImpl (RaftServerImpl.java:setRole(184)) - d2d597b7-f29c-4b6e-a1dc-31783afe2111@group-2CD2AED02A48: changes role from  FOLLOWER to FOLLOWER at term 3 for recognizeCandidate:4f0a8cce-cba4-44f5-8366-0fb5fb6bef9c
2019-10-16 07:00:41,972 [Thread-839] INFO  impl.FollowerState (FollowerState.java:run(117)) - 433771fa-af38-4628-a40e-96bcd22c3694@group-2CD2AED02A48-FollowerState was interrupted: java.lang.InterruptedException: sleep interrupted
2019-10-16 07:00:41,972 [grpc-default-executor-6] INFO  impl.RoleInfo (RoleInfo.java:updateAndGet(143)) - 433771fa-af38-4628-a40e-96bcd22c3694: start FollowerState
2019-10-16 07:00:41,972 [grpc-default-executor-5] INFO  impl.RoleInfo (RoleInfo.java:shutdownFollowerState(121)) - d2d597b7-f29c-4b6e-a1dc-31783afe2111: shutdown FollowerState
2019-10-16 07:00:41,973 [grpc-default-executor-5] INFO  impl.RoleInfo (RoleInfo.java:updateAndGet(143)) - d2d597b7-f29c-4b6e-a1dc-31783afe2111: start FollowerState
2019-10-16 07:00:41,973 [Thread-841] INFO  impl.FollowerState (FollowerState.java:run(117)) - d2d597b7-f29c-4b6e-a1dc-31783afe2111@group-2CD2AED02A48-FollowerState was interrupted: java.lang.InterruptedException: sleep interrupted
2019-10-16 07:00:41,986 [4f0a8cce-cba4-44f5-8366-0fb5fb6bef9c@group-2CD2AED02A48-LeaderElection46] INFO  impl.LeaderElection (LeaderElection.java:logAndReturn(56)) - 4f0a8cce-cba4-44f5-8366-0fb5fb6bef9c@group-2CD2AED02A48-LeaderElection46: Election TIMEOUT; received 0 response(s) [] and 0 exception(s); 4f0a8cce-cba4-44f5-8366-0fb5fb6bef9c@group-2CD2AED02A48:t3, leader=null, voted=4f0a8cce-cba4-44f5-8366-0fb5fb6bef9c, raftlog=4f0a8cce-cba4-44f5-8366-0fb5fb6bef9c@group-2CD2AED02A48-SegmentedRaftLog:OPENED:c-1,f-1,i0, conf=-1: [433771fa-af38-4628-a40e-96bcd22c3694:192.168.69.68:34462, 4f0a8cce-cba4-44f5-8366-0fb5fb6bef9c:192.168.69.68:42866, d2d597b7-f29c-4b6e-a1dc-31783afe2111:192.168.69.68:40938], old=null
2019-10-16 07:00:41,989 [4f0a8cce-cba4-44f5-8366-0fb5fb6bef9c@group-2CD2AED02A48-LeaderElection46] INFO  impl.LeaderElection (LeaderElection.java:askForVotes(178)) - 4f0a8cce-cba4-44f5-8366-0fb5fb6bef9c@group-2CD2AED02A48-LeaderElection46: begin an election at term 4 for -1: [433771fa-af38-4628-a40e-96bcd22c3694:192.168.69.68:34462, 4f0a8cce-cba4-44f5-8366-0fb5fb6bef9c:192.168.69.68:42866, d2d597b7-f29c-4b6e-a1dc-31783afe2111:192.168.69.68:40938], old=null
2019-10-16 07:00:41,991 [grpc-default-executor-6] INFO  impl.RaftServerImpl (RaftServerImpl.java:setRole(184)) - 433771fa-af38-4628-a40e-96bcd22c3694@group-2CD2AED02A48: changes role from  FOLLOWER to FOLLOWER at term 4 for recognizeCandidate:4f0a8cce-cba4-44f5-8366-0fb5fb6bef9c
2019-10-16 07:00:41,991 [grpc-default-executor-6] INFO  impl.RoleInfo (RoleInfo.java:shutdownFollowerState(121)) - 433771fa-af38-4628-a40e-96bcd22c3694: shutdown FollowerState
2019-10-16 07:00:41,992 [Thread-847] INFO  impl.FollowerState (FollowerState.java:run(117)) - 433771fa-af38-4628-a40e-96bcd22c3694@group-2CD2AED02A48-FollowerState was interrupted: java.lang.InterruptedException: sleep interrupted
2019-10-16 07:00:41,992 [grpc-default-executor-5] INFO  impl.RaftServerImpl (RaftServerImpl.java:setRole(184)) - d2d597b7-f29c-4b6e-a1dc-31783afe2111@group-2CD2AED02A48: changes role from  FOLLOWER to FOLLOWER at term 4 for recognizeCandidate:4f0a8cce-cba4-44f5-8366-0fb5fb6bef9c
2019-10-16 07:00:41,992 [grpc-default-executor-6] INFO  impl.RoleInfo (RoleInfo.java:updateAndGet(143)) - 433771fa-af38-4628-a40e-96bcd22c3694: start FollowerState
2019-10-16 07:00:41,992 [grpc-default-executor-5] INFO  impl.RoleInfo (RoleInfo.java:shutdownFollowerState(121)) - d2d597b7-f29c-4b6e-a1dc-31783afe2111: shutdown FollowerState
2019-10-16 07:00:41,992 [Thread-848] INFO  impl.FollowerState (FollowerState.java:run(117)) - d2d597b7-f29c-4b6e-a1dc-31783afe2111@group-2CD2AED02A48-FollowerState was interrupted: java.lang.InterruptedException: sleep interrupted
2019-10-16 07:00:41,992 [grpc-default-executor-5] INFO  impl.RoleInfo (RoleInfo.java:updateAndGet(143)) - d2d597b7-f29c-4b6e-a1dc-31783afe2111: start FollowerState
2019-10-16 07:00:42,011 [Thread-832] INFO  impl.FollowerState (FollowerState.java:run(108)) - 4f0a8cce-cba4-44f5-8366-0fb5fb6bef9c@group-767F7A20ABB4-FollowerState: change to CANDIDATE, lastRpcTime:135ms, electionTimeout:135ms
2019-10-16 07:00:42,011 [Thread-832] INFO  impl.RoleInfo (RoleInfo.java:shutdownFollowerState(121)) - 4f0a8cce-cba4-44f5-8366-0fb5fb6bef9c: shutdown FollowerState
2019-10-16 07:00:42,011 [Thread-832] INFO  impl.RaftServerImpl (RaftServerImpl.java:setRole(184)) - 4f0a8cce-cba4-44f5-8366-0fb5fb6bef9c@group-767F7A20ABB4: changes role from  FOLLOWER to CANDIDATE at term 39 for changeToCandidate
2019-10-16 07:00:42,011 [Thread-832] INFO  impl.RoleInfo (RoleInfo.java:updateAndGet(143)) - 4f0a8cce-cba4-44f5-8366-0fb5fb6bef9c: start LeaderElection
2019-10-16 07:00:42,019 [4f0a8cce-cba4-44f5-8366-0fb5fb6bef9c@group-2CD2AED02A48-LeaderElection46] INFO  impl.LeaderElection (LeaderElection.java:logAndReturn(56)) - 4f0a8cce-cba4-44f5-8366-0fb5fb6bef9c@group-2CD2AED02A48-LeaderElection46: Election REJECTED; received 2 response(s) [4f0a8cce-cba4-44f5-8366-0fb5fb6bef9c<-433771fa-af38-4628-a40e-96bcd22c3694#0:FAIL-t4, 4f0a8cce-cba4-44f5-8366-0fb5fb6bef9c<-d2d597b7-f29c-4b6e-a1dc-31783afe2111#0:FAIL-t4] and 0 exception(s); 4f0a8cce-cba4-44f5-8366-0fb5fb6bef9c@group-2CD2AED02A48:t4, leader=null, voted=4f0a8cce-cba4-44f5-8366-0fb5fb6bef9c, raftlog=4f0a8cce-cba4-44f5-8366-0fb5fb6bef9c@group-2CD2AED02A48-SegmentedRaftLog:OPENED:c-1,f-1,i0, conf=-1: [433771fa-af38-4628-a40e-96bcd22c3694:192.168.69.68:34462, 4f0a8cce-cba4-44f5-8366-0fb5fb6bef9c:192.168.69.68:42866, d2d597b7-f29c-4b6e-a1dc-31783afe2111:192.168.69.68:40938], old=null
2019-10-16 07:00:42,019 [4f0a8cce-cba4-44f5-8366-0fb5fb6bef9c@group-2CD2AED02A48-LeaderElection46] INFO  impl.RaftServerImpl (RaftServerImpl.java:setRole(184)) - 4f0a8cce-cba4-44f5-8366-0fb5fb6bef9c@group-2CD2AED02A48: changes role from CANDIDATE to FOLLOWER at term 4 for DISCOVERED_A_NEW_TERM
2019-10-16 07:00:42,019 [4f0a8cce-cba4-44f5-8366-0fb5fb6bef9c@group-2CD2AED02A48-LeaderElection46] INFO  impl.RoleInfo (RoleInfo.java:shutdownLeaderElection(134)) - 4f0a8cce-cba4-44f5-8366-0fb5fb6bef9c: shutdown LeaderElection
2019-10-16 07:00:42,019 [4f0a8cce-cba4-44f5-8366-0fb5fb6bef9c@group-2CD2AED02A48-LeaderElection46] INFO  impl.RoleInfo (RoleInfo.java:updateAndGet(143)) - 4f0a8cce-cba4-44f5-8366-0fb5fb6bef9c: start FollowerState
2019-10-16 07:00:42,020 [4f0a8cce-cba4-44f5-8366-0fb5fb6bef9c@group-767F7A20ABB4-LeaderElection47] INFO  impl.LeaderElection (LeaderElection.java:askForVotes(178)) - 4f0a8cce-cba4-44f5-8366-0fb5fb6bef9c@group-767F7A20ABB4-LeaderElection47: begin an election at term 40 for 0: [433771fa-af38-4628-a40e-96bcd22c3694:192.168.69.68:34462, 4f0a8cce-cba4-44f5-8366-0fb5fb6bef9c:192.168.69.68:42866, d2d597b7-f29c-4b6e-a1dc-31783afe2111:192.168.69.68:40938], old=null
2019-10-16 07:00:42,022 [grpc-default-executor-6] INFO  impl.RaftServerImpl (RaftServerImpl.java:setRole(184)) - 433771fa-af38-4628-a40e-96bcd22c3694@group-767F7A20ABB4: changes role from  FOLLOWER to FOLLOWER at term 40 for recognizeCandidate:4f0a8cce-cba4-44f5-8366-0fb5fb6bef9c
2019-10-16 07:00:42,022 [grpc-default-executor-5] INFO  impl.RaftServerImpl (RaftServerImpl.java:setRole(184)) - d2d597b7-f29c-4b6e-a1dc-31783afe2111@group-767F7A20ABB4: changes role from  FOLLOWER to FOLLOWER at term 40 for recognizeCandidate:4f0a8cce-cba4-44f5-8366-0fb5fb6bef9c
2019-10-16 07:00:42,022 [grpc-default-executor-6] INFO  impl.RoleInfo (RoleInfo.java:shutdownFollowerState(121)) - 433771fa-af38-4628-a40e-96bcd22c3694: shutdown FollowerState
2019-10-16 07:00:42,022 [grpc-default-executor-5] INFO  impl.RoleInfo (RoleInfo.java:shutdownFollowerState(121)) - d2d597b7-f29c-4b6e-a1dc-31783afe2111: shutdown FollowerState
2019-10-16 07:00:42,022 [Thread-824] INFO  impl.FollowerState (FollowerState.java:run(117)) - 433771fa-af38-4628-a40e-96bcd22c3694@group-767F7A20ABB4-FollowerState was interrupted: java.lang.InterruptedException: sleep interrupted
2019-10-16 07:00:42,022 [Thread-825] INFO  impl.FollowerState (FollowerState.java:run(117)) - d2d597b7-f29c-4b6e-a1dc-31783afe2111@group-767F7A20ABB4-FollowerState was interrupted: java.lang.InterruptedException: sleep interrupted
2019-10-16 07:00:42,022 [grpc-default-executor-5] INFO  impl.RoleInfo (RoleInfo.java:updateAndGet(143)) - d2d597b7-f29c-4b6e-a1dc-31783afe2111: start FollowerState
2019-10-16 07:00:42,022 [grpc-default-executor-6] INFO  impl.RoleInfo (RoleInfo.java:updateAndGet(143)) - 433771fa-af38-4628-a40e-96bcd22c3694: start FollowerState
2019-10-16 07:00:42,034 [pool-7-thread-3] INFO  commands.RetriableDatanodeEventWatcher (RetriableDatanodeEventWatcher.java:onTimeout(47)) - RetriableDatanodeCommand type=deleteBlocksCommand with id=1571209234032 timed out. Retrying.
2019-10-16 07:00:42,034 [pool-7-thread-3] INFO  commands.RetriableDatanodeEventWatcher (RetriableDatanodeEventWatcher.java:onTimeout(47)) - RetriableDatanodeCommand type=deleteBlocksCommand with id=1571209234033 timed out. Retrying.
2019-10-16 07:00:42,034 [pool-7-thread-4] INFO  commands.RetriableDatanodeEventWatcher (RetriableDatanodeEventWatcher.java:onTimeout(47)) - RetriableDatanodeCommand type=deleteBlocksCommand with id=1571209234027 timed out. Retrying.
2019-10-16 07:00:42,035 [pool-7-thread-1] INFO  commands.RetriableDatanodeEventWatcher (RetriableDatanodeEventWatcher.java:onTimeout(47)) - RetriableDatanodeCommand type=deleteBlocksCommand with id=1571209234030 timed out. Retrying.
2019-10-16 07:00:42,036 [pool-7-thread-3] INFO  commands.RetriableDatanodeEventWatcher (RetriableDatanodeEventWatcher.java:onTimeout(47)) - RetriableDatanodeCommand type=deleteBlocksCommand with id=1571209234031 timed out. Retrying.
2019-10-16 07:00:42,036 [pool-7-thread-1] INFO  commands.RetriableDatanodeEventWatcher (RetriableDatanodeEventWatcher.java:onTimeout(47)) - RetriableDatanodeCommand type=deleteBlocksCommand with id=1571209234034 timed out. Retrying.
2019-10-16 07:00:42,036 [SCMBlockDeletingService#0] INFO  block.SCMBlockDeletingService (SCMBlockDeletingService.java:call(184)) - Totally added 1 delete blocks command for 1 datanodes, task elapsed time: 1ms
2019-10-16 07:00:42,036 [pool-7-thread-4] INFO  commands.RetriableDatanodeEventWatcher (RetriableDatanodeEventWatcher.java:onTimeout(47)) - RetriableDatanodeCommand type=deleteBlocksCommand with id=1571209234024 timed out. Retrying.
2019-10-16 07:00:42,037 [pool-7-thread-5] INFO  commands.RetriableDatanodeEventWatcher (RetriableDatanodeEventWatcher.java:onTimeout(47)) - RetriableDatanodeCommand type=deleteBlocksCommand with id=1571209234029 timed out. Retrying.
2019-10-16 07:00:42,038 [4f0a8cce-cba4-44f5-8366-0fb5fb6bef9c@group-767F7A20ABB4-LeaderElection47] INFO  impl.LeaderElection (LeaderElection.java:logAndReturn(56)) - 4f0a8cce-cba4-44f5-8366-0fb5fb6bef9c@group-767F7A20ABB4-LeaderElection47: Election REJECTED; received 2 response(s) [4f0a8cce-cba4-44f5-8366-0fb5fb6bef9c<-433771fa-af38-4628-a40e-96bcd22c3694#0:FAIL-t40, 4f0a8cce-cba4-44f5-8366-0fb5fb6bef9c<-d2d597b7-f29c-4b6e-a1dc-31783afe2111#0:FAIL-t40] and 0 exception(s); 4f0a8cce-cba4-44f5-8366-0fb5fb6bef9c@group-767F7A20ABB4:t40, leader=null, voted=4f0a8cce-cba4-44f5-8366-0fb5fb6bef9c, raftlog=4f0a8cce-cba4-44f5-8366-0fb5fb6bef9c@group-767F7A20ABB4-SegmentedRaftLog:OPENED:c3,f4,i4, conf=0: [433771fa-af38-4628-a40e-96bcd22c3694:192.168.69.68:34462, 4f0a8cce-cba4-44f5-8366-0fb5fb6bef9c:192.168.69.68:42866, d2d597b7-f29c-4b6e-a1dc-31783afe2111:192.168.69.68:40938], old=null
2019-10-16 07:00:42,038 [4f0a8cce-cba4-44f5-8366-0fb5fb6bef9c@group-767F7A20ABB4-LeaderElection47] INFO  impl.RaftServerImpl (RaftServerImpl.java:setRole(184)) - 4f0a8cce-cba4-44f5-8366-0fb5fb6bef9c@group-767F7A20ABB4: changes role from CANDIDATE to FOLLOWER at term 40 for DISCOVERED_A_NEW_TERM
2019-10-16 07:00:42,038 [4f0a8cce-cba4-44f5-8366-0fb5fb6bef9c@group-767F7A20ABB4-LeaderElection47] INFO  impl.RoleInfo (RoleInfo.java:shutdownLeaderElection(134)) - 4f0a8cce-cba4-44f5-8366-0fb5fb6bef9c: shutdown LeaderElection
2019-10-16 07:00:42,038 [4f0a8cce-cba4-44f5-8366-0fb5fb6bef9c@group-767F7A20ABB4-LeaderElection47] INFO  impl.RoleInfo (RoleInfo.java:updateAndGet(143)) - 4f0a8cce-cba4-44f5-8366-0fb5fb6bef9c: start FollowerState
2019-10-16 07:00:42,115 [EventQueue-PendingDeleteStatusForPendingDeleteHandler] INFO  block.SCMBlockDeletingService (SCMBlockDeletingService.java:handlePendingDeletes(115)) - Block deletion txnID mismatch in datanode 4f0a8cce-cba4-44f5-8366-0fb5fb6bef9c for containerID 1. Datanode delete txnID: 0, SCM txnID: 1
2019-10-16 07:00:42,115 [Thread-859] INFO  impl.FollowerState (FollowerState.java:run(108)) - 4f0a8cce-cba4-44f5-8366-0fb5fb6bef9c@group-767F7A20ABB4-FollowerState: change to CANDIDATE, lastRpcTime:77ms, electionTimeout:77ms
2019-10-16 07:00:42,116 [Thread-859] INFO  impl.RoleInfo (RoleInfo.java:shutdownFollowerState(121)) - 4f0a8cce-cba4-44f5-8366-0fb5fb6bef9c: shutdown FollowerState
2019-10-16 07:00:42,116 [Thread-859] INFO  impl.RaftServerImpl (RaftServerImpl.java:setRole(184)) - 4f0a8cce-cba4-44f5-8366-0fb5fb6bef9c@group-767F7A20ABB4: changes role from  FOLLOWER to CANDIDATE at term 40 for changeToCandidate
2019-10-16 07:00:42,116 [Thread-859] INFO  impl.RoleInfo (RoleInfo.java:updateAndGet(143)) - 4f0a8cce-cba4-44f5-8366-0fb5fb6bef9c: start LeaderElection
2019-10-16 07:00:42,130 [4f0a8cce-cba4-44f5-8366-0fb5fb6bef9c@group-767F7A20ABB4-LeaderElection48] INFO  impl.LeaderElection (LeaderElection.java:askForVotes(178)) - 4f0a8cce-cba4-44f5-8366-0fb5fb6bef9c@group-767F7A20ABB4-LeaderElection48: begin an election at term 41 for 0: [433771fa-af38-4628-a40e-96bcd22c3694:192.168.69.68:34462, 4f0a8cce-cba4-44f5-8366-0fb5fb6bef9c:192.168.69.68:42866, d2d597b7-f29c-4b6e-a1dc-31783afe2111:192.168.69.68:40938], old=null
2019-10-16 07:00:42,132 [grpc-default-executor-5] INFO  impl.RaftServerImpl (RaftServerImpl.java:setRole(184)) - 433771fa-af38-4628-a40e-96bcd22c3694@group-767F7A20ABB4: changes role from  FOLLOWER to FOLLOWER at term 41 for recognizeCandidate:4f0a8cce-cba4-44f5-8366-0fb5fb6bef9c
2019-10-16 07:00:42,133 [grpc-default-executor-5] INFO  impl.RoleInfo (RoleInfo.java:shutdownFollowerState(121)) - 433771fa-af38-4628-a40e-96bcd22c3694: shutdown FollowerState
2019-10-16 07:00:42,133 [grpc-default-executor-6] INFO  impl.RaftServerImpl (RaftServerImpl.java:setRole(184)) - d2d597b7-f29c-4b6e-a1dc-31783afe2111@group-767F7A20ABB4: changes role from  FOLLOWER to FOLLOWER at term 41 for recognizeCandidate:4f0a8cce-cba4-44f5-8366-0fb5fb6bef9c
2019-10-16 07:00:42,133 [grpc-default-executor-6] INFO  impl.RoleInfo (RoleInfo.java:shutdownFollowerState(121)) - d2d597b7-f29c-4b6e-a1dc-31783afe2111: shutdown FollowerState
2019-10-16 07:00:42,133 [grpc-default-executor-5] INFO  impl.RoleInfo (RoleInfo.java:updateAndGet(143)) - 433771fa-af38-4628-a40e-96bcd22c3694: start FollowerState
2019-10-16 07:00:42,133 [Thread-857] INFO  impl.FollowerState (FollowerState.java:run(117)) - 433771fa-af38-4628-a40e-96bcd22c3694@group-767F7A20ABB4-FollowerState was interrupted: java.lang.InterruptedException: sleep interrupted
2019-10-16 07:00:42,133 [Thread-858] INFO  impl.FollowerState (FollowerState.java:run(117)) - d2d597b7-f29c-4b6e-a1dc-31783afe2111@group-767F7A20ABB4-FollowerState was interrupted: java.lang.InterruptedException: sleep interrupted
2019-10-16 07:00:42,133 [grpc-default-executor-6] INFO  impl.RoleInfo (RoleInfo.java:updateAndGet(143)) - d2d597b7-f29c-4b6e-a1dc-31783afe2111: start FollowerState
2019-10-16 07:00:42,148 [4f0a8cce-cba4-44f5-8366-0fb5fb6bef9c@group-767F7A20ABB4-LeaderElection48] INFO  impl.LeaderElection (LeaderElection.java:logAndReturn(56)) - 4f0a8cce-cba4-44f5-8366-0fb5fb6bef9c@group-767F7A20ABB4-LeaderElection48: Election REJECTED; received 2 response(s) [4f0a8cce-cba4-44f5-8366-0fb5fb6bef9c<-433771fa-af38-4628-a40e-96bcd22c3694#0:FAIL-t41, 4f0a8cce-cba4-44f5-8366-0fb5fb6bef9c<-d2d597b7-f29c-4b6e-a1dc-31783afe2111#0:FAIL-t41] and 0 exception(s); 4f0a8cce-cba4-44f5-8366-0fb5fb6bef9c@group-767F7A20ABB4:t41, leader=null, voted=4f0a8cce-cba4-44f5-8366-0fb5fb6bef9c, raftlog=4f0a8cce-cba4-44f5-8366-0fb5fb6bef9c@group-767F7A20ABB4-SegmentedRaftLog:OPENED:c3,f4,i4, conf=0: [433771fa-af38-4628-a40e-96bcd22c3694:192.168.69.68:34462, 4f0a8cce-cba4-44f5-8366-0fb5fb6bef9c:192.168.69.68:42866, d2d597b7-f29c-4b6e-a1dc-31783afe2111:192.168.69.68:40938], old=null
2019-10-16 07:00:42,149 [4f0a8cce-cba4-44f5-8366-0fb5fb6bef9c@group-767F7A20ABB4-LeaderElection48] INFO  impl.RaftServerImpl (RaftServerImpl.java:setRole(184)) - 4f0a8cce-cba4-44f5-8366-0fb5fb6bef9c@group-767F7A20ABB4: changes role from CANDIDATE to FOLLOWER at term 41 for DISCOVERED_A_NEW_TERM
2019-10-16 07:00:42,149 [4f0a8cce-cba4-44f5-8366-0fb5fb6bef9c@group-767F7A20ABB4-LeaderElection48] INFO  impl.RoleInfo (RoleInfo.java:shutdownLeaderElection(134)) - 4f0a8cce-cba4-44f5-8366-0fb5fb6bef9c: shutdown LeaderElection
2019-10-16 07:00:42,149 [4f0a8cce-cba4-44f5-8366-0fb5fb6bef9c@group-767F7A20ABB4-LeaderElection48] INFO  impl.RoleInfo (RoleInfo.java:updateAndGet(143)) - 4f0a8cce-cba4-44f5-8366-0fb5fb6bef9c: start FollowerState
2019-10-16 07:00:42,201 [Thread-854] INFO  impl.FollowerState (FollowerState.java:run(108)) - 4f0a8cce-cba4-44f5-8366-0fb5fb6bef9c@group-2CD2AED02A48-FollowerState: change to CANDIDATE, lastRpcTime:181ms, electionTimeout:181ms
2019-10-16 07:00:42,201 [Thread-854] INFO  impl.RoleInfo (RoleInfo.java:shutdownFollowerState(121)) - 4f0a8cce-cba4-44f5-8366-0fb5fb6bef9c: shutdown FollowerState
2019-10-16 07:00:42,201 [Thread-854] INFO  impl.RaftServerImpl (RaftServerImpl.java:setRole(184)) - 4f0a8cce-cba4-44f5-8366-0fb5fb6bef9c@group-2CD2AED02A48: changes role from  FOLLOWER to CANDIDATE at term 4 for changeToCandidate
2019-10-16 07:00:42,201 [Thread-854] INFO  impl.RoleInfo (RoleInfo.java:updateAndGet(143)) - 4f0a8cce-cba4-44f5-8366-0fb5fb6bef9c: start LeaderElection
2019-10-16 07:00:42,207 [BlockDeletingService#2] WARN  background.BlockDeletingService (BlockDeletingService.java:isDeletionAllowed(187)) - Close Container log Index 6 is not replicated across allthe servers in the pipeline f466b838-ca87-44ef-9280-767f7a20abb4 as the min replicated index is 4. Deletion is not allowed in this container yet.
2019-10-16 07:00:42,207 [BlockDeletingService#0] WARN  background.BlockDeletingService (BlockDeletingService.java:isDeletionAllowed(187)) - Close Container log Index 6 is not replicated across allthe servers in the pipeline f466b838-ca87-44ef-9280-767f7a20abb4 as the min replicated index is 4. Deletion is not allowed in this container yet.
2019-10-16 07:00:42,222 [4f0a8cce-cba4-44f5-8366-0fb5fb6bef9c@group-2CD2AED02A48-LeaderElection49] INFO  impl.LeaderElection (LeaderElection.java:askForVotes(178)) - 4f0a8cce-cba4-44f5-8366-0fb5fb6bef9c@group-2CD2AED02A48-LeaderElection49: begin an election at term 5 for -1: [433771fa-af38-4628-a40e-96bcd22c3694:192.168.69.68:34462, 4f0a8cce-cba4-44f5-8366-0fb5fb6bef9c:192.168.69.68:42866, d2d597b7-f29c-4b6e-a1dc-31783afe2111:192.168.69.68:40938], old=null
2019-10-16 07:00:42,225 [grpc-default-executor-6] INFO  impl.RaftServerImpl (RaftServerImpl.java:setRole(184)) - 433771fa-af38-4628-a40e-96bcd22c3694@group-2CD2AED02A48: changes role from  FOLLOWER to FOLLOWER at term 5 for recognizeCandidate:4f0a8cce-cba4-44f5-8366-0fb5fb6bef9c
2019-10-16 07:00:42,225 [grpc-default-executor-6] INFO  impl.RoleInfo (RoleInfo.java:shutdownFollowerState(121)) - 433771fa-af38-4628-a40e-96bcd22c3694: shutdown FollowerState
2019-10-16 07:00:42,225 [grpc-default-executor-6] INFO  impl.RoleInfo (RoleInfo.java:updateAndGet(143)) - 433771fa-af38-4628-a40e-96bcd22c3694: start FollowerState
2019-10-16 07:00:42,225 [Thread-851] INFO  impl.FollowerState (FollowerState.java:run(117)) - 433771fa-af38-4628-a40e-96bcd22c3694@group-2CD2AED02A48-FollowerState was interrupted: java.lang.InterruptedException: sleep interrupted
2019-10-16 07:00:42,225 [grpc-default-executor-5] INFO  impl.RaftServerImpl (RaftServerImpl.java:setRole(184)) - d2d597b7-f29c-4b6e-a1dc-31783afe2111@group-2CD2AED02A48: changes role from  FOLLOWER to FOLLOWER at term 5 for recognizeCandidate:4f0a8cce-cba4-44f5-8366-0fb5fb6bef9c
2019-10-16 07:00:42,225 [grpc-default-executor-5] INFO  impl.RoleInfo (RoleInfo.java:shutdownFollowerState(121)) - d2d597b7-f29c-4b6e-a1dc-31783afe2111: shutdown FollowerState
2019-10-16 07:00:42,226 [grpc-default-executor-5] INFO  impl.RoleInfo (RoleInfo.java:updateAndGet(143)) - d2d597b7-f29c-4b6e-a1dc-31783afe2111: start FollowerState
2019-10-16 07:00:42,226 [Thread-852] INFO  impl.FollowerState (FollowerState.java:run(117)) - d2d597b7-f29c-4b6e-a1dc-31783afe2111@group-2CD2AED02A48-FollowerState was interrupted: java.lang.InterruptedException: sleep interrupted
2019-10-16 07:00:42,261 [4f0a8cce-cba4-44f5-8366-0fb5fb6bef9c@group-2CD2AED02A48-LeaderElection49] INFO  impl.LeaderElection (LeaderElection.java:logAndReturn(56)) - 4f0a8cce-cba4-44f5-8366-0fb5fb6bef9c@group-2CD2AED02A48-LeaderElection49: Election REJECTED; received 2 response(s) [4f0a8cce-cba4-44f5-8366-0fb5fb6bef9c<-433771fa-af38-4628-a40e-96bcd22c3694#0:FAIL-t5, 4f0a8cce-cba4-44f5-8366-0fb5fb6bef9c<-d2d597b7-f29c-4b6e-a1dc-31783afe2111#0:FAIL-t5] and 0 exception(s); 4f0a8cce-cba4-44f5-8366-0fb5fb6bef9c@group-2CD2AED02A48:t5, leader=null, voted=4f0a8cce-cba4-44f5-8366-0fb5fb6bef9c, raftlog=4f0a8cce-cba4-44f5-8366-0fb5fb6bef9c@group-2CD2AED02A48-SegmentedRaftLog:OPENED:c-1,f-1,i0, conf=-1: [433771fa-af38-4628-a40e-96bcd22c3694:192.168.69.68:34462, 4f0a8cce-cba4-44f5-8366-0fb5fb6bef9c:192.168.69.68:42866, d2d597b7-f29c-4b6e-a1dc-31783afe2111:192.168.69.68:40938], old=null
2019-10-16 07:00:42,261 [4f0a8cce-cba4-44f5-8366-0fb5fb6bef9c@group-2CD2AED02A48-LeaderElection49] INFO  impl.RaftServerImpl (RaftServerImpl.java:setRole(184)) - 4f0a8cce-cba4-44f5-8366-0fb5fb6bef9c@group-2CD2AED02A48: changes role from CANDIDATE to FOLLOWER at term 5 for DISCOVERED_A_NEW_TERM
2019-10-16 07:00:42,262 [4f0a8cce-cba4-44f5-8366-0fb5fb6bef9c@group-2CD2AED02A48-LeaderElection49] INFO  impl.RoleInfo (RoleInfo.java:shutdownLeaderElection(134)) - 4f0a8cce-cba4-44f5-8366-0fb5fb6bef9c: shutdown LeaderElection
2019-10-16 07:00:42,262 [4f0a8cce-cba4-44f5-8366-0fb5fb6bef9c@group-2CD2AED02A48-LeaderElection49] INFO  impl.RoleInfo (RoleInfo.java:updateAndGet(143)) - 4f0a8cce-cba4-44f5-8366-0fb5fb6bef9c: start FollowerState
2019-10-16 07:00:42,332 [Thread-865] INFO  impl.FollowerState (FollowerState.java:run(108)) - 4f0a8cce-cba4-44f5-8366-0fb5fb6bef9c@group-767F7A20ABB4-FollowerState: change to CANDIDATE, lastRpcTime:182ms, electionTimeout:182ms
2019-10-16 07:00:42,332 [Thread-865] INFO  impl.RoleInfo (RoleInfo.java:shutdownFollowerState(121)) - 4f0a8cce-cba4-44f5-8366-0fb5fb6bef9c: shutdown FollowerState
2019-10-16 07:00:42,332 [Thread-865] INFO  impl.RaftServerImpl (RaftServerImpl.java:setRole(184)) - 4f0a8cce-cba4-44f5-8366-0fb5fb6bef9c@group-767F7A20ABB4: changes role from  FOLLOWER to CANDIDATE at term 41 for changeToCandidate
2019-10-16 07:00:42,332 [Thread-865] INFO  impl.RoleInfo (RoleInfo.java:updateAndGet(143)) - 4f0a8cce-cba4-44f5-8366-0fb5fb6bef9c: start LeaderElection
2019-10-16 07:00:42,358 [4f0a8cce-cba4-44f5-8366-0fb5fb6bef9c@group-767F7A20ABB4-LeaderElection50] INFO  impl.LeaderElection (LeaderElection.java:askForVotes(178)) - 4f0a8cce-cba4-44f5-8366-0fb5fb6bef9c@group-767F7A20ABB4-LeaderElection50: begin an election at term 42 for 0: [433771fa-af38-4628-a40e-96bcd22c3694:192.168.69.68:34462, 4f0a8cce-cba4-44f5-8366-0fb5fb6bef9c:192.168.69.68:42866, d2d597b7-f29c-4b6e-a1dc-31783afe2111:192.168.69.68:40938], old=null
2019-10-16 07:00:42,361 [grpc-default-executor-5] INFO  impl.RaftServerImpl (RaftServerImpl.java:setRole(184)) - 433771fa-af38-4628-a40e-96bcd22c3694@group-767F7A20ABB4: changes role from  FOLLOWER to FOLLOWER at term 42 for recognizeCandidate:4f0a8cce-cba4-44f5-8366-0fb5fb6bef9c
2019-10-16 07:00:42,361 [grpc-default-executor-5] INFO  impl.RoleInfo (RoleInfo.java:shutdownFollowerState(121)) - 433771fa-af38-4628-a40e-96bcd22c3694: shutdown FollowerState
2019-10-16 07:00:42,361 [grpc-default-executor-6] INFO  impl.RaftServerImpl (RaftServerImpl.java:setRole(184)) - d2d597b7-f29c-4b6e-a1dc-31783afe2111@group-767F7A20ABB4: changes role from  FOLLOWER to FOLLOWER at term 42 for recognizeCandidate:4f0a8cce-cba4-44f5-8366-0fb5fb6bef9c
2019-10-16 07:00:42,361 [Thread-863] INFO  impl.FollowerState (FollowerState.java:run(117)) - 433771fa-af38-4628-a40e-96bcd22c3694@group-767F7A20ABB4-FollowerState was interrupted: java.lang.InterruptedException: sleep interrupted
2019-10-16 07:00:42,361 [grpc-default-executor-6] INFO  impl.RoleInfo (RoleInfo.java:shutdownFollowerState(121)) - d2d597b7-f29c-4b6e-a1dc-31783afe2111: shutdown FollowerState
2019-10-16 07:00:42,361 [grpc-default-executor-5] INFO  impl.RoleInfo (RoleInfo.java:updateAndGet(143)) - 433771fa-af38-4628-a40e-96bcd22c3694: start FollowerState
2019-10-16 07:00:42,362 [Thread-864] INFO  impl.FollowerState (FollowerState.java:run(117)) - d2d597b7-f29c-4b6e-a1dc-31783afe2111@group-767F7A20ABB4-FollowerState was interrupted: java.lang.InterruptedException: sleep interrupted
2019-10-16 07:00:42,362 [grpc-default-executor-6] INFO  impl.RoleInfo (RoleInfo.java:updateAndGet(143)) - d2d597b7-f29c-4b6e-a1dc-31783afe2111: start FollowerState
2019-10-16 07:00:42,377 [4f0a8cce-cba4-44f5-8366-0fb5fb6bef9c@group-767F7A20ABB4-LeaderElection50] INFO  impl.LeaderElection (LeaderElection.java:logAndReturn(56)) - 4f0a8cce-cba4-44f5-8366-0fb5fb6bef9c@group-767F7A20ABB4-LeaderElection50: Election REJECTED; received 2 response(s) [4f0a8cce-cba4-44f5-8366-0fb5fb6bef9c<-433771fa-af38-4628-a40e-96bcd22c3694#0:FAIL-t42, 4f0a8cce-cba4-44f5-8366-0fb5fb6bef9c<-d2d597b7-f29c-4b6e-a1dc-31783afe2111#0:FAIL-t42] and 0 exception(s); 4f0a8cce-cba4-44f5-8366-0fb5fb6bef9c@group-767F7A20ABB4:t42, leader=null, voted=4f0a8cce-cba4-44f5-8366-0fb5fb6bef9c, raftlog=4f0a8cce-cba4-44f5-8366-0fb5fb6bef9c@group-767F7A20ABB4-SegmentedRaftLog:OPENED:c3,f4,i4, conf=0: [433771fa-af38-4628-a40e-96bcd22c3694:192.168.69.68:34462, 4f0a8cce-cba4-44f5-8366-0fb5fb6bef9c:192.168.69.68:42866, d2d597b7-f29c-4b6e-a1dc-31783afe2111:192.168.69.68:40938], old=null
2019-10-16 07:00:42,377 [4f0a8cce-cba4-44f5-8366-0fb5fb6bef9c@group-767F7A20ABB4-LeaderElection50] INFO  impl.RaftServerImpl (RaftServerImpl.java:setRole(184)) - 4f0a8cce-cba4-44f5-8366-0fb5fb6bef9c@group-767F7A20ABB4: changes role from CANDIDATE to FOLLOWER at term 42 for DISCOVERED_A_NEW_TERM
2019-10-16 07:00:42,377 [4f0a8cce-cba4-44f5-8366-0fb5fb6bef9c@group-767F7A20ABB4-LeaderElection50] INFO  impl.RoleInfo (RoleInfo.java:shutdownLeaderElection(134)) - 4f0a8cce-cba4-44f5-8366-0fb5fb6bef9c: shutdown LeaderElection
2019-10-16 07:00:42,377 [4f0a8cce-cba4-44f5-8366-0fb5fb6bef9c@group-767F7A20ABB4-LeaderElection50] INFO  impl.RoleInfo (RoleInfo.java:updateAndGet(143)) - 4f0a8cce-cba4-44f5-8366-0fb5fb6bef9c: start FollowerState
2019-10-16 07:00:42,407 [Thread-873] INFO  impl.FollowerState (FollowerState.java:run(108)) - 4f0a8cce-cba4-44f5-8366-0fb5fb6bef9c@group-2CD2AED02A48-FollowerState: change to CANDIDATE, lastRpcTime:145ms, electionTimeout:145ms
2019-10-16 07:00:42,407 [Thread-873] INFO  impl.RoleInfo (RoleInfo.java:shutdownFollowerState(121)) - 4f0a8cce-cba4-44f5-8366-0fb5fb6bef9c: shutdown FollowerState
2019-10-16 07:00:42,408 [Thread-873] INFO  impl.RaftServerImpl (RaftServerImpl.java:setRole(184)) - 4f0a8cce-cba4-44f5-8366-0fb5fb6bef9c@group-2CD2AED02A48: changes role from  FOLLOWER to CANDIDATE at term 5 for changeToCandidate
2019-10-16 07:00:42,408 [Thread-873] INFO  impl.RoleInfo (RoleInfo.java:updateAndGet(143)) - 4f0a8cce-cba4-44f5-8366-0fb5fb6bef9c: start LeaderElection
2019-10-16 07:00:42,415 [EventQueue-PendingDeleteStatusForPendingDeleteHandler] INFO  block.SCMBlockDeletingService (SCMBlockDeletingService.java:handlePendingDeletes(115)) - Block deletion txnID mismatch in datanode 4f0a8cce-cba4-44f5-8366-0fb5fb6bef9c for containerID 1. Datanode delete txnID: 0, SCM txnID: 1
2019-10-16 07:00:42,421 [4f0a8cce-cba4-44f5-8366-0fb5fb6bef9c@group-2CD2AED02A48-LeaderElection51] INFO  impl.LeaderElection (LeaderElection.java:askForVotes(178)) - 4f0a8cce-cba4-44f5-8366-0fb5fb6bef9c@group-2CD2AED02A48-LeaderElection51: begin an election at term 6 for -1: [433771fa-af38-4628-a40e-96bcd22c3694:192.168.69.68:34462, 4f0a8cce-cba4-44f5-8366-0fb5fb6bef9c:192.168.69.68:42866, d2d597b7-f29c-4b6e-a1dc-31783afe2111:192.168.69.68:40938], old=null
2019-10-16 07:00:42,424 [grpc-default-executor-6] INFO  impl.RaftServerImpl (RaftServerImpl.java:setRole(184)) - 433771fa-af38-4628-a40e-96bcd22c3694@group-2CD2AED02A48: changes role from  FOLLOWER to FOLLOWER at term 6 for recognizeCandidate:4f0a8cce-cba4-44f5-8366-0fb5fb6bef9c
2019-10-16 07:00:42,424 [grpc-default-executor-5] INFO  impl.RaftServerImpl (RaftServerImpl.java:setRole(184)) - d2d597b7-f29c-4b6e-a1dc-31783afe2111@group-2CD2AED02A48: changes role from  FOLLOWER to FOLLOWER at term 6 for recognizeCandidate:4f0a8cce-cba4-44f5-8366-0fb5fb6bef9c
2019-10-16 07:00:42,424 [grpc-default-executor-6] INFO  impl.RoleInfo (RoleInfo.java:shutdownFollowerState(121)) - 433771fa-af38-4628-a40e-96bcd22c3694: shutdown FollowerState
2019-10-16 07:00:42,424 [grpc-default-executor-5] INFO  impl.RoleInfo (RoleInfo.java:shutdownFollowerState(121)) - d2d597b7-f29c-4b6e-a1dc-31783afe2111: shutdown FollowerState
2019-10-16 07:00:42,424 [Thread-871] INFO  impl.FollowerState (FollowerState.java:run(117)) - 433771fa-af38-4628-a40e-96bcd22c3694@group-2CD2AED02A48-FollowerState was interrupted: java.lang.InterruptedException: sleep interrupted
2019-10-16 07:00:42,424 [grpc-default-executor-6] INFO  impl.RoleInfo (RoleInfo.java:updateAndGet(143)) - 433771fa-af38-4628-a40e-96bcd22c3694: start FollowerState
2019-10-16 07:00:42,425 [Thread-872] INFO  impl.FollowerState (FollowerState.java:run(117)) - d2d597b7-f29c-4b6e-a1dc-31783afe2111@group-2CD2AED02A48-FollowerState was interrupted: java.lang.InterruptedException: sleep interrupted
2019-10-16 07:00:42,425 [grpc-default-executor-5] INFO  impl.RoleInfo (RoleInfo.java:updateAndGet(143)) - d2d597b7-f29c-4b6e-a1dc-31783afe2111: start FollowerState
2019-10-16 07:00:42,434 [Thread-879] INFO  impl.FollowerState (FollowerState.java:run(108)) - 4f0a8cce-cba4-44f5-8366-0fb5fb6bef9c@group-767F7A20ABB4-FollowerState: change to CANDIDATE, lastRpcTime:56ms, electionTimeout:56ms
2019-10-16 07:00:42,434 [Thread-879] INFO  impl.RoleInfo (RoleInfo.java:shutdownFollowerState(121)) - 4f0a8cce-cba4-44f5-8366-0fb5fb6bef9c: shutdown FollowerState
2019-10-16 07:00:42,434 [Thread-879] INFO  impl.RaftServerImpl (RaftServerImpl.java:setRole(184)) - 4f0a8cce-cba4-44f5-8366-0fb5fb6bef9c@group-767F7A20ABB4: changes role from  FOLLOWER to CANDIDATE at term 42 for changeToCandidate
2019-10-16 07:00:42,434 [Thread-879] INFO  impl.RoleInfo (RoleInfo.java:updateAndGet(143)) - 4f0a8cce-cba4-44f5-8366-0fb5fb6bef9c: start LeaderElection
2019-10-16 07:00:42,442 [4f0a8cce-cba4-44f5-8366-0fb5fb6bef9c@group-767F7A20ABB4-LeaderElection52] INFO  impl.LeaderElection (LeaderElection.java:askForVotes(178)) - 4f0a8cce-cba4-44f5-8366-0fb5fb6bef9c@group-767F7A20ABB4-LeaderElection52: begin an election at term 43 for 0: [433771fa-af38-4628-a40e-96bcd22c3694:192.168.69.68:34462, 4f0a8cce-cba4-44f5-8366-0fb5fb6bef9c:192.168.69.68:42866, d2d597b7-f29c-4b6e-a1dc-31783afe2111:192.168.69.68:40938], old=null
2019-10-16 07:00:42,444 [4f0a8cce-cba4-44f5-8366-0fb5fb6bef9c@group-2CD2AED02A48-LeaderElection51] INFO  impl.LeaderElection (LeaderElection.java:logAndReturn(56)) - 4f0a8cce-cba4-44f5-8366-0fb5fb6bef9c@group-2CD2AED02A48-LeaderElection51: Election REJECTED; received 2 response(s) [4f0a8cce-cba4-44f5-8366-0fb5fb6bef9c<-433771fa-af38-4628-a40e-96bcd22c3694#0:FAIL-t6, 4f0a8cce-cba4-44f5-8366-0fb5fb6bef9c<-d2d597b7-f29c-4b6e-a1dc-31783afe2111#0:FAIL-t6] and 0 exception(s); 4f0a8cce-cba4-44f5-8366-0fb5fb6bef9c@group-2CD2AED02A48:t6, leader=null, voted=4f0a8cce-cba4-44f5-8366-0fb5fb6bef9c, raftlog=4f0a8cce-cba4-44f5-8366-0fb5fb6bef9c@group-2CD2AED02A48-SegmentedRaftLog:OPENED:c-1,f-1,i0, conf=-1: [433771fa-af38-4628-a40e-96bcd22c3694:192.168.69.68:34462, 4f0a8cce-cba4-44f5-8366-0fb5fb6bef9c:192.168.69.68:42866, d2d597b7-f29c-4b6e-a1dc-31783afe2111:192.168.69.68:40938], old=null
2019-10-16 07:00:42,445 [4f0a8cce-cba4-44f5-8366-0fb5fb6bef9c@group-2CD2AED02A48-LeaderElection51] INFO  impl.RaftServerImpl (RaftServerImpl.java:setRole(184)) - 4f0a8cce-cba4-44f5-8366-0fb5fb6bef9c@group-2CD2AED02A48: changes role from CANDIDATE to FOLLOWER at term 6 for DISCOVERED_A_NEW_TERM
2019-10-16 07:00:42,445 [4f0a8cce-cba4-44f5-8366-0fb5fb6bef9c@group-2CD2AED02A48-LeaderElection51] INFO  impl.RoleInfo (RoleInfo.java:shutdownLeaderElection(134)) - 4f0a8cce-cba4-44f5-8366-0fb5fb6bef9c: shutdown LeaderElection
2019-10-16 07:00:42,445 [4f0a8cce-cba4-44f5-8366-0fb5fb6bef9c@group-2CD2AED02A48-LeaderElection51] INFO  impl.RoleInfo (RoleInfo.java:updateAndGet(143)) - 4f0a8cce-cba4-44f5-8366-0fb5fb6bef9c: start FollowerState
2019-10-16 07:00:42,445 [grpc-default-executor-6] INFO  impl.RaftServerImpl (RaftServerImpl.java:setRole(184)) - d2d597b7-f29c-4b6e-a1dc-31783afe2111@group-767F7A20ABB4: changes role from  FOLLOWER to FOLLOWER at term 43 for recognizeCandidate:4f0a8cce-cba4-44f5-8366-0fb5fb6bef9c
2019-10-16 07:00:42,445 [grpc-default-executor-6] INFO  impl.RoleInfo (RoleInfo.java:shutdownFollowerState(121)) - d2d597b7-f29c-4b6e-a1dc-31783afe2111: shutdown FollowerState
2019-10-16 07:00:42,445 [grpc-default-executor-5] INFO  impl.RaftServerImpl (RaftServerImpl.java:setRole(184)) - 433771fa-af38-4628-a40e-96bcd22c3694@group-767F7A20ABB4: changes role from  FOLLOWER to FOLLOWER at term 43 for recognizeCandidate:4f0a8cce-cba4-44f5-8366-0fb5fb6bef9c
2019-10-16 07:00:42,445 [Thread-878] INFO  impl.FollowerState (FollowerState.java:run(117)) - d2d597b7-f29c-4b6e-a1dc-31783afe2111@group-767F7A20ABB4-FollowerState was interrupted: java.lang.InterruptedException: sleep interrupted
2019-10-16 07:00:42,445 [grpc-default-executor-6] INFO  impl.RoleInfo (RoleInfo.java:updateAndGet(143)) - d2d597b7-f29c-4b6e-a1dc-31783afe2111: start FollowerState
2019-10-16 07:00:42,446 [grpc-default-executor-5] INFO  impl.RoleInfo (RoleInfo.java:shutdownFollowerState(121)) - 433771fa-af38-4628-a40e-96bcd22c3694: shutdown FollowerState
2019-10-16 07:00:42,446 [grpc-default-executor-5] INFO  impl.RoleInfo (RoleInfo.java:updateAndGet(143)) - 433771fa-af38-4628-a40e-96bcd22c3694: start FollowerState
2019-10-16 07:00:42,446 [Thread-877] INFO  impl.FollowerState (FollowerState.java:run(117)) - 433771fa-af38-4628-a40e-96bcd22c3694@group-767F7A20ABB4-FollowerState was interrupted: java.lang.InterruptedException: sleep interrupted
2019-10-16 07:00:42,485 [4f0a8cce-cba4-44f5-8366-0fb5fb6bef9c@group-767F7A20ABB4-LeaderElection52] INFO  impl.LeaderElection (LeaderElection.java:logAndReturn(56)) - 4f0a8cce-cba4-44f5-8366-0fb5fb6bef9c@group-767F7A20ABB4-LeaderElection52: Election REJECTED; received 2 response(s) [4f0a8cce-cba4-44f5-8366-0fb5fb6bef9c<-433771fa-af38-4628-a40e-96bcd22c3694#0:FAIL-t43, 4f0a8cce-cba4-44f5-8366-0fb5fb6bef9c<-d2d597b7-f29c-4b6e-a1dc-31783afe2111#0:FAIL-t43] and 0 exception(s); 4f0a8cce-cba4-44f5-8366-0fb5fb6bef9c@group-767F7A20ABB4:t43, leader=null, voted=4f0a8cce-cba4-44f5-8366-0fb5fb6bef9c, raftlog=4f0a8cce-cba4-44f5-8366-0fb5fb6bef9c@group-767F7A20ABB4-SegmentedRaftLog:OPENED:c3,f4,i4, conf=0: [433771fa-af38-4628-a40e-96bcd22c3694:192.168.69.68:34462, 4f0a8cce-cba4-44f5-8366-0fb5fb6bef9c:192.168.69.68:42866, d2d597b7-f29c-4b6e-a1dc-31783afe2111:192.168.69.68:40938], old=null
2019-10-16 07:00:42,485 [4f0a8cce-cba4-44f5-8366-0fb5fb6bef9c@group-767F7A20ABB4-LeaderElection52] INFO  impl.RaftServerImpl (RaftServerImpl.java:setRole(184)) - 4f0a8cce-cba4-44f5-8366-0fb5fb6bef9c@group-767F7A20ABB4: changes role from CANDIDATE to FOLLOWER at term 43 for DISCOVERED_A_NEW_TERM
2019-10-16 07:00:42,485 [4f0a8cce-cba4-44f5-8366-0fb5fb6bef9c@group-767F7A20ABB4-LeaderElection52] INFO  impl.RoleInfo (RoleInfo.java:shutdownLeaderElection(134)) - 4f0a8cce-cba4-44f5-8366-0fb5fb6bef9c: shutdown LeaderElection
2019-10-16 07:00:42,485 [4f0a8cce-cba4-44f5-8366-0fb5fb6bef9c@group-767F7A20ABB4-LeaderElection52] INFO  impl.RoleInfo (RoleInfo.java:updateAndGet(143)) - 4f0a8cce-cba4-44f5-8366-0fb5fb6bef9c: start FollowerState
2019-10-16 07:00:42,510 [Thread-891] INFO  impl.FollowerState (FollowerState.java:run(108)) - 4f0a8cce-cba4-44f5-8366-0fb5fb6bef9c@group-767F7A20ABB4-FollowerState: change to CANDIDATE, lastRpcTime:25ms, electionTimeout:25ms
2019-10-16 07:00:42,511 [Thread-891] INFO  impl.RoleInfo (RoleInfo.java:shutdownFollowerState(121)) - 4f0a8cce-cba4-44f5-8366-0fb5fb6bef9c: shutdown FollowerState
2019-10-16 07:00:42,511 [Thread-891] INFO  impl.RaftServerImpl (RaftServerImpl.java:setRole(184)) - 4f0a8cce-cba4-44f5-8366-0fb5fb6bef9c@group-767F7A20ABB4: changes role from  FOLLOWER to CANDIDATE at term 43 for changeToCandidate
2019-10-16 07:00:42,511 [Thread-891] INFO  impl.RoleInfo (RoleInfo.java:updateAndGet(143)) - 4f0a8cce-cba4-44f5-8366-0fb5fb6bef9c: start LeaderElection
2019-10-16 07:00:42,525 [4f0a8cce-cba4-44f5-8366-0fb5fb6bef9c@group-767F7A20ABB4-LeaderElection53] INFO  impl.LeaderElection (LeaderElection.java:askForVotes(178)) - 4f0a8cce-cba4-44f5-8366-0fb5fb6bef9c@group-767F7A20ABB4-LeaderElection53: begin an election at term 44 for 0: [433771fa-af38-4628-a40e-96bcd22c3694:192.168.69.68:34462, 4f0a8cce-cba4-44f5-8366-0fb5fb6bef9c:192.168.69.68:42866, d2d597b7-f29c-4b6e-a1dc-31783afe2111:192.168.69.68:40938], old=null
2019-10-16 07:00:42,528 [grpc-default-executor-6] INFO  impl.RaftServerImpl (RaftServerImpl.java:setRole(184)) - 433771fa-af38-4628-a40e-96bcd22c3694@group-767F7A20ABB4: changes role from  FOLLOWER to FOLLOWER at term 44 for recognizeCandidate:4f0a8cce-cba4-44f5-8366-0fb5fb6bef9c
2019-10-16 07:00:42,528 [grpc-default-executor-6] INFO  impl.RoleInfo (RoleInfo.java:shutdownFollowerState(121)) - 433771fa-af38-4628-a40e-96bcd22c3694: shutdown FollowerState
2019-10-16 07:00:42,528 [grpc-default-executor-5] INFO  impl.RaftServerImpl (RaftServerImpl.java:setRole(184)) - d2d597b7-f29c-4b6e-a1dc-31783afe2111@group-767F7A20ABB4: changes role from  FOLLOWER to FOLLOWER at term 44 for recognizeCandidate:4f0a8cce-cba4-44f5-8366-0fb5fb6bef9c
2019-10-16 07:00:42,528 [Thread-890] INFO  impl.FollowerState (FollowerState.java:run(117)) - 433771fa-af38-4628-a40e-96bcd22c3694@group-767F7A20ABB4-FollowerState was interrupted: java.lang.InterruptedException: sleep interrupted
2019-10-16 07:00:42,528 [grpc-default-executor-6] INFO  impl.RoleInfo (RoleInfo.java:updateAndGet(143)) - 433771fa-af38-4628-a40e-96bcd22c3694: start FollowerState
2019-10-16 07:00:42,528 [grpc-default-executor-5] INFO  impl.RoleInfo (RoleInfo.java:shutdownFollowerState(121)) - d2d597b7-f29c-4b6e-a1dc-31783afe2111: shutdown FollowerState
2019-10-16 07:00:42,529 [grpc-default-executor-5] INFO  impl.RoleInfo (RoleInfo.java:updateAndGet(143)) - d2d597b7-f29c-4b6e-a1dc-31783afe2111: start FollowerState
2019-10-16 07:00:42,529 [Thread-889] INFO  impl.FollowerState (FollowerState.java:run(117)) - d2d597b7-f29c-4b6e-a1dc-31783afe2111@group-767F7A20ABB4-FollowerState was interrupted: java.lang.InterruptedException: sleep interrupted
2019-10-16 07:00:42,543 [4f0a8cce-cba4-44f5-8366-0fb5fb6bef9c@group-767F7A20ABB4-LeaderElection53] INFO  impl.LeaderElection (LeaderElection.java:logAndReturn(56)) - 4f0a8cce-cba4-44f5-8366-0fb5fb6bef9c@group-767F7A20ABB4-LeaderElection53: Election REJECTED; received 2 response(s) [4f0a8cce-cba4-44f5-8366-0fb5fb6bef9c<-433771fa-af38-4628-a40e-96bcd22c3694#0:FAIL-t44, 4f0a8cce-cba4-44f5-8366-0fb5fb6bef9c<-d2d597b7-f29c-4b6e-a1dc-31783afe2111#0:FAIL-t44] and 0 exception(s); 4f0a8cce-cba4-44f5-8366-0fb5fb6bef9c@group-767F7A20ABB4:t44, leader=null, voted=4f0a8cce-cba4-44f5-8366-0fb5fb6bef9c, raftlog=4f0a8cce-cba4-44f5-8366-0fb5fb6bef9c@group-767F7A20ABB4-SegmentedRaftLog:OPENED:c3,f4,i4, conf=0: [433771fa-af38-4628-a40e-96bcd22c3694:192.168.69.68:34462, 4f0a8cce-cba4-44f5-8366-0fb5fb6bef9c:192.168.69.68:42866, d2d597b7-f29c-4b6e-a1dc-31783afe2111:192.168.69.68:40938], old=null
2019-10-16 07:00:42,543 [4f0a8cce-cba4-44f5-8366-0fb5fb6bef9c@group-767F7A20ABB4-LeaderElection53] INFO  impl.RaftServerImpl (RaftServerImpl.java:setRole(184)) - 4f0a8cce-cba4-44f5-8366-0fb5fb6bef9c@group-767F7A20ABB4: changes role from CANDIDATE to FOLLOWER at term 44 for DISCOVERED_A_NEW_TERM
2019-10-16 07:00:42,543 [4f0a8cce-cba4-44f5-8366-0fb5fb6bef9c@group-767F7A20ABB4-LeaderElection53] INFO  impl.RoleInfo (RoleInfo.java:shutdownLeaderElection(134)) - 4f0a8cce-cba4-44f5-8366-0fb5fb6bef9c: shutdown LeaderElection
2019-10-16 07:00:42,543 [4f0a8cce-cba4-44f5-8366-0fb5fb6bef9c@group-767F7A20ABB4-LeaderElection53] INFO  impl.RoleInfo (RoleInfo.java:updateAndGet(143)) - 4f0a8cce-cba4-44f5-8366-0fb5fb6bef9c: start FollowerState
2019-10-16 07:00:42,560 [Thread-888] INFO  impl.FollowerState (FollowerState.java:run(108)) - 4f0a8cce-cba4-44f5-8366-0fb5fb6bef9c@group-2CD2AED02A48-FollowerState: change to CANDIDATE, lastRpcTime:115ms, electionTimeout:115ms
2019-10-16 07:00:42,560 [Thread-888] INFO  impl.RoleInfo (RoleInfo.java:shutdownFollowerState(121)) - 4f0a8cce-cba4-44f5-8366-0fb5fb6bef9c: shutdown FollowerState
2019-10-16 07:00:42,561 [Thread-888] INFO  impl.RaftServerImpl (RaftServerImpl.java:setRole(184)) - 4f0a8cce-cba4-44f5-8366-0fb5fb6bef9c@group-2CD2AED02A48: changes role from  FOLLOWER to CANDIDATE at term 6 for changeToCandidate
2019-10-16 07:00:42,561 [Thread-888] INFO  impl.RoleInfo (RoleInfo.java:updateAndGet(143)) - 4f0a8cce-cba4-44f5-8366-0fb5fb6bef9c: start LeaderElection
2019-10-16 07:00:42,574 [4f0a8cce-cba4-44f5-8366-0fb5fb6bef9c@group-2CD2AED02A48-LeaderElection54] INFO  impl.LeaderElection (LeaderElection.java:askForVotes(178)) - 4f0a8cce-cba4-44f5-8366-0fb5fb6bef9c@group-2CD2AED02A48-LeaderElection54: begin an election at term 7 for -1: [433771fa-af38-4628-a40e-96bcd22c3694:192.168.69.68:34462, 4f0a8cce-cba4-44f5-8366-0fb5fb6bef9c:192.168.69.68:42866, d2d597b7-f29c-4b6e-a1dc-31783afe2111:192.168.69.68:40938], old=null
2019-10-16 07:00:42,576 [grpc-default-executor-6] INFO  impl.RaftServerImpl (RaftServerImpl.java:setRole(184)) - d2d597b7-f29c-4b6e-a1dc-31783afe2111@group-2CD2AED02A48: changes role from  FOLLOWER to FOLLOWER at term 7 for recognizeCandidate:4f0a8cce-cba4-44f5-8366-0fb5fb6bef9c
2019-10-16 07:00:42,577 [grpc-default-executor-5] INFO  impl.RaftServerImpl (RaftServerImpl.java:setRole(184)) - 433771fa-af38-4628-a40e-96bcd22c3694@group-2CD2AED02A48: changes role from  FOLLOWER to FOLLOWER at term 7 for recognizeCandidate:4f0a8cce-cba4-44f5-8366-0fb5fb6bef9c
2019-10-16 07:00:42,577 [grpc-default-executor-6] INFO  impl.RoleInfo (RoleInfo.java:shutdownFollowerState(121)) - d2d597b7-f29c-4b6e-a1dc-31783afe2111: shutdown FollowerState
2019-10-16 07:00:42,577 [grpc-default-executor-5] INFO  impl.RoleInfo (RoleInfo.java:shutdownFollowerState(121)) - 433771fa-af38-4628-a40e-96bcd22c3694: shutdown FollowerState
2019-10-16 07:00:42,577 [Thread-884] INFO  impl.FollowerState (FollowerState.java:run(117)) - d2d597b7-f29c-4b6e-a1dc-31783afe2111@group-2CD2AED02A48-FollowerState was interrupted: java.lang.InterruptedException: sleep interrupted
2019-10-16 07:00:42,577 [grpc-default-executor-6] INFO  impl.RoleInfo (RoleInfo.java:updateAndGet(143)) - d2d597b7-f29c-4b6e-a1dc-31783afe2111: start FollowerState
2019-10-16 07:00:42,577 [Thread-883] INFO  impl.FollowerState (FollowerState.java:run(117)) - 433771fa-af38-4628-a40e-96bcd22c3694@group-2CD2AED02A48-FollowerState was interrupted: java.lang.InterruptedException: sleep interrupted
2019-10-16 07:00:42,577 [grpc-default-executor-5] INFO  impl.RoleInfo (RoleInfo.java:updateAndGet(143)) - 433771fa-af38-4628-a40e-96bcd22c3694: start FollowerState
2019-10-16 07:00:42,586 [Thread-897] INFO  impl.FollowerState (FollowerState.java:run(108)) - 4f0a8cce-cba4-44f5-8366-0fb5fb6bef9c@group-767F7A20ABB4-FollowerState: change to CANDIDATE, lastRpcTime:42ms, electionTimeout:42ms
2019-10-16 07:00:42,586 [Thread-897] INFO  impl.RoleInfo (RoleInfo.java:shutdownFollowerState(121)) - 4f0a8cce-cba4-44f5-8366-0fb5fb6bef9c: shutdown FollowerState
2019-10-16 07:00:42,586 [Thread-897] INFO  impl.RaftServerImpl (RaftServerImpl.java:setRole(184)) - 4f0a8cce-cba4-44f5-8366-0fb5fb6bef9c@group-767F7A20ABB4: changes role from  FOLLOWER to CANDIDATE at term 44 for changeToCandidate
2019-10-16 07:00:42,586 [Thread-897] INFO  impl.RoleInfo (RoleInfo.java:updateAndGet(143)) - 4f0a8cce-cba4-44f5-8366-0fb5fb6bef9c: start LeaderElection
2019-10-16 07:00:42,603 [4f0a8cce-cba4-44f5-8366-0fb5fb6bef9c@group-767F7A20ABB4-LeaderElection55] INFO  impl.LeaderElection (LeaderElection.java:askForVotes(178)) - 4f0a8cce-cba4-44f5-8366-0fb5fb6bef9c@group-767F7A20ABB4-LeaderElection55: begin an election at term 45 for 0: [433771fa-af38-4628-a40e-96bcd22c3694:192.168.69.68:34462, 4f0a8cce-cba4-44f5-8366-0fb5fb6bef9c:192.168.69.68:42866, d2d597b7-f29c-4b6e-a1dc-31783afe2111:192.168.69.68:40938], old=null
2019-10-16 07:00:42,604 [4f0a8cce-cba4-44f5-8366-0fb5fb6bef9c@group-2CD2AED02A48-LeaderElection54] INFO  impl.LeaderElection (LeaderElection.java:logAndReturn(56)) - 4f0a8cce-cba4-44f5-8366-0fb5fb6bef9c@group-2CD2AED02A48-LeaderElection54: Election REJECTED; received 2 response(s) [4f0a8cce-cba4-44f5-8366-0fb5fb6bef9c<-433771fa-af38-4628-a40e-96bcd22c3694#0:FAIL-t7, 4f0a8cce-cba4-44f5-8366-0fb5fb6bef9c<-d2d597b7-f29c-4b6e-a1dc-31783afe2111#0:FAIL-t7] and 0 exception(s); 4f0a8cce-cba4-44f5-8366-0fb5fb6bef9c@group-2CD2AED02A48:t7, leader=null, voted=4f0a8cce-cba4-44f5-8366-0fb5fb6bef9c, raftlog=4f0a8cce-cba4-44f5-8366-0fb5fb6bef9c@group-2CD2AED02A48-SegmentedRaftLog:OPENED:c-1,f-1,i0, conf=-1: [433771fa-af38-4628-a40e-96bcd22c3694:192.168.69.68:34462, 4f0a8cce-cba4-44f5-8366-0fb5fb6bef9c:192.168.69.68:42866, d2d597b7-f29c-4b6e-a1dc-31783afe2111:192.168.69.68:40938], old=null
2019-10-16 07:00:42,604 [4f0a8cce-cba4-44f5-8366-0fb5fb6bef9c@group-2CD2AED02A48-LeaderElection54] INFO  impl.RaftServerImpl (RaftServerImpl.java:setRole(184)) - 4f0a8cce-cba4-44f5-8366-0fb5fb6bef9c@group-2CD2AED02A48: changes role from CANDIDATE to FOLLOWER at term 7 for DISCOVERED_A_NEW_TERM
2019-10-16 07:00:42,604 [4f0a8cce-cba4-44f5-8366-0fb5fb6bef9c@group-2CD2AED02A48-LeaderElection54] INFO  impl.RoleInfo (RoleInfo.java:shutdownLeaderElection(134)) - 4f0a8cce-cba4-44f5-8366-0fb5fb6bef9c: shutdown LeaderElection
2019-10-16 07:00:42,605 [grpc-default-executor-6] INFO  impl.RaftServerImpl (RaftServerImpl.java:setRole(184)) - 433771fa-af38-4628-a40e-96bcd22c3694@group-767F7A20ABB4: changes role from  FOLLOWER to FOLLOWER at term 45 for recognizeCandidate:4f0a8cce-cba4-44f5-8366-0fb5fb6bef9c
2019-10-16 07:00:42,605 [grpc-default-executor-6] INFO  impl.RoleInfo (RoleInfo.java:shutdownFollowerState(121)) - 433771fa-af38-4628-a40e-96bcd22c3694: shutdown FollowerState
2019-10-16 07:00:42,605 [4f0a8cce-cba4-44f5-8366-0fb5fb6bef9c@group-2CD2AED02A48-LeaderElection54] INFO  impl.RoleInfo (RoleInfo.java:updateAndGet(143)) - 4f0a8cce-cba4-44f5-8366-0fb5fb6bef9c: start FollowerState
2019-10-16 07:00:42,605 [grpc-default-executor-6] INFO  impl.RoleInfo (RoleInfo.java:updateAndGet(143)) - 433771fa-af38-4628-a40e-96bcd22c3694: start FollowerState
2019-10-16 07:00:42,605 [grpc-default-executor-5] INFO  impl.RaftServerImpl (RaftServerImpl.java:setRole(184)) - d2d597b7-f29c-4b6e-a1dc-31783afe2111@group-767F7A20ABB4: changes role from  FOLLOWER to FOLLOWER at term 45 for recognizeCandidate:4f0a8cce-cba4-44f5-8366-0fb5fb6bef9c
2019-10-16 07:00:42,605 [Thread-895] INFO  impl.FollowerState (FollowerState.java:run(117)) - 433771fa-af38-4628-a40e-96bcd22c3694@group-767F7A20ABB4-FollowerState was interrupted: java.lang.InterruptedException: sleep interrupted
2019-10-16 07:00:42,605 [grpc-default-executor-5] INFO  impl.RoleInfo (RoleInfo.java:shutdownFollowerState(121)) - d2d597b7-f29c-4b6e-a1dc-31783afe2111: shutdown FollowerState
2019-10-16 07:00:42,606 [Thread-896] INFO  impl.FollowerState (FollowerState.java:run(117)) - d2d597b7-f29c-4b6e-a1dc-31783afe2111@group-767F7A20ABB4-FollowerState was interrupted: java.lang.InterruptedException: sleep interrupted
2019-10-16 07:00:42,606 [grpc-default-executor-5] INFO  impl.RoleInfo (RoleInfo.java:updateAndGet(143)) - d2d597b7-f29c-4b6e-a1dc-31783afe2111: start FollowerState
2019-10-16 07:00:42,615 [4f0a8cce-cba4-44f5-8366-0fb5fb6bef9c@group-767F7A20ABB4-LeaderElection55] INFO  impl.LeaderElection (LeaderElection.java:logAndReturn(56)) - 4f0a8cce-cba4-44f5-8366-0fb5fb6bef9c@group-767F7A20ABB4-LeaderElection55: Election TIMEOUT; received 0 response(s) [] and 0 exception(s); 4f0a8cce-cba4-44f5-8366-0fb5fb6bef9c@group-767F7A20ABB4:t45, leader=null, voted=4f0a8cce-cba4-44f5-8366-0fb5fb6bef9c, raftlog=4f0a8cce-cba4-44f5-8366-0fb5fb6bef9c@group-767F7A20ABB4-SegmentedRaftLog:OPENED:c3,f4,i4, conf=0: [433771fa-af38-4628-a40e-96bcd22c3694:192.168.69.68:34462, 4f0a8cce-cba4-44f5-8366-0fb5fb6bef9c:192.168.69.68:42866, d2d597b7-f29c-4b6e-a1dc-31783afe2111:192.168.69.68:40938], old=null
2019-10-16 07:00:42,616 [EventQueue-PendingDeleteStatusForPendingDeleteHandler] INFO  block.SCMBlockDeletingService (SCMBlockDeletingService.java:handlePendingDeletes(115)) - Block deletion txnID mismatch in datanode 4f0a8cce-cba4-44f5-8366-0fb5fb6bef9c for containerID 1. Datanode delete txnID: 0, SCM txnID: 1
2019-10-16 07:00:42,619 [4f0a8cce-cba4-44f5-8366-0fb5fb6bef9c@group-767F7A20ABB4-LeaderElection55] INFO  impl.LeaderElection (LeaderElection.java:askForVotes(178)) - 4f0a8cce-cba4-44f5-8366-0fb5fb6bef9c@group-767F7A20ABB4-LeaderElection55: begin an election at term 46 for 0: [433771fa-af38-4628-a40e-96bcd22c3694:192.168.69.68:34462, 4f0a8cce-cba4-44f5-8366-0fb5fb6bef9c:192.168.69.68:42866, d2d597b7-f29c-4b6e-a1dc-31783afe2111:192.168.69.68:40938], old=null
2019-10-16 07:00:42,620 [Command processor thread] INFO  commandhandler.DeleteBlocksCommandHandler (DeleteBlocksCommandHandler.java:handle(106)) - Start to delete container blocks, TXIDs=[1(0)], numOfContainers=1, numOfBlocks=1
2019-10-16 07:00:42,620 [Command processor thread] INFO  commandhandler.DeleteBlocksCommandHandler (DeleteBlocksCommandHandler.java:handle(106)) - Start to delete container blocks, TXIDs=[1(2)], numOfContainers=1, numOfBlocks=1
2019-10-16 07:00:42,620 [Command processor thread] INFO  commandhandler.DeleteBlocksCommandHandler (DeleteBlocksCommandHandler.java:handle(106)) - Start to delete container blocks, TXIDs=[1(0)], numOfContainers=1, numOfBlocks=1
2019-10-16 07:00:42,621 [Command processor thread] INFO  commandhandler.DeleteBlocksCommandHandler (DeleteBlocksCommandHandler.java:handle(106)) - Start to delete container blocks, TXIDs=[1(2)], numOfContainers=1, numOfBlocks=1
2019-10-16 07:00:42,621 [Command processor thread] INFO  commandhandler.DeleteBlocksCommandHandler (DeleteBlocksCommandHandler.java:handle(106)) - Start to delete container blocks, TXIDs=[1(0)], numOfContainers=1, numOfBlocks=1
2019-10-16 07:00:42,621 [grpc-default-executor-5] INFO  impl.RaftServerImpl (RaftServerImpl.java:setRole(184)) - 433771fa-af38-4628-a40e-96bcd22c3694@group-767F7A20ABB4: changes role from  FOLLOWER to FOLLOWER at term 46 for recognizeCandidate:4f0a8cce-cba4-44f5-8366-0fb5fb6bef9c
2019-10-16 07:00:42,621 [Command processor thread] INFO  commandhandler.DeleteBlocksCommandHandler (DeleteBlocksCommandHandler.java:handle(106)) - Start to delete container blocks, TXIDs=[1(4)], numOfContainers=1, numOfBlocks=1
2019-10-16 07:00:42,621 [grpc-default-executor-5] INFO  impl.RoleInfo (RoleInfo.java:shutdownFollowerState(121)) - 433771fa-af38-4628-a40e-96bcd22c3694: shutdown FollowerState
2019-10-16 07:00:42,621 [Command processor thread] INFO  commandhandler.DeleteBlocksCommandHandler (DeleteBlocksCommandHandler.java:handle(106)) - Start to delete container blocks, TXIDs=[1(2)], numOfContainers=1, numOfBlocks=1
2019-10-16 07:00:42,621 [grpc-default-executor-5] INFO  impl.RoleInfo (RoleInfo.java:updateAndGet(143)) - 433771fa-af38-4628-a40e-96bcd22c3694: start FollowerState
2019-10-16 07:00:42,621 [Command processor thread] INFO  commandhandler.DeleteBlocksCommandHandler (DeleteBlocksCommandHandler.java:handle(106)) - Start to delete container blocks, TXIDs=[1(4)], numOfContainers=1, numOfBlocks=1
2019-10-16 07:00:42,621 [grpc-default-executor-6] INFO  impl.RaftServerImpl (RaftServerImpl.java:setRole(184)) - d2d597b7-f29c-4b6e-a1dc-31783afe2111@group-767F7A20ABB4: changes role from  FOLLOWER to FOLLOWER at term 46 for recognizeCandidate:4f0a8cce-cba4-44f5-8366-0fb5fb6bef9c
2019-10-16 07:00:42,622 [grpc-default-executor-6] INFO  impl.RoleInfo (RoleInfo.java:shutdownFollowerState(121)) - d2d597b7-f29c-4b6e-a1dc-31783afe2111: shutdown FollowerState
2019-10-16 07:00:42,621 [Thread-907] INFO  impl.FollowerState (FollowerState.java:run(117)) - 433771fa-af38-4628-a40e-96bcd22c3694@group-767F7A20ABB4-FollowerState was interrupted: java.lang.InterruptedException: sleep interrupted
2019-10-16 07:00:42,622 [grpc-default-executor-6] INFO  impl.RoleInfo (RoleInfo.java:updateAndGet(143)) - d2d597b7-f29c-4b6e-a1dc-31783afe2111: start FollowerState
2019-10-16 07:00:42,622 [Thread-908] INFO  impl.FollowerState (FollowerState.java:run(117)) - d2d597b7-f29c-4b6e-a1dc-31783afe2111@group-767F7A20ABB4-FollowerState was interrupted: java.lang.InterruptedException: sleep interrupted
2019-10-16 07:00:42,622 [Command processor thread] INFO  commandhandler.DeleteBlocksCommandHandler (DeleteBlocksCommandHandler.java:handle(106)) - Start to delete container blocks, TXIDs=[1(4)], numOfContainers=1, numOfBlocks=1
2019-10-16 07:00:42,623 [Command processor thread] INFO  commandhandler.DeleteBlocksCommandHandler (DeleteBlocksCommandHandler.java:handle(106)) - Start to delete container blocks, TXIDs=[1(0)], numOfContainers=1, numOfBlocks=1
2019-10-16 07:00:42,623 [Command processor thread] INFO  commandhandler.DeleteBlocksCommandHandler (DeleteBlocksCommandHandler.java:handle(106)) - Start to delete container blocks, TXIDs=[1(4)], numOfContainers=1, numOfBlocks=1
2019-10-16 07:00:42,623 [Command processor thread] INFO  commandhandler.DeleteBlocksCommandHandler (DeleteBlocksCommandHandler.java:handle(106)) - Start to delete container blocks, TXIDs=[1(2)], numOfContainers=1, numOfBlocks=1
2019-10-16 07:00:42,623 [Command processor thread] INFO  commandhandler.DeleteBlocksCommandHandler (DeleteBlocksCommandHandler.java:handle(106)) - Start to delete container blocks, TXIDs=[1(0)], numOfContainers=1, numOfBlocks=1
2019-10-16 07:00:42,623 [Command processor thread] INFO  commandhandler.DeleteBlocksCommandHandler (DeleteBlocksCommandHandler.java:handle(106)) - Start to delete container blocks, TXIDs=[1(4)], numOfContainers=1, numOfBlocks=1
2019-10-16 07:00:42,623 [Command processor thread] INFO  commandhandler.DeleteBlocksCommandHandler (DeleteBlocksCommandHandler.java:handle(106)) - Start to delete container blocks, TXIDs=[1(4)], numOfContainers=1, numOfBlocks=1
2019-10-16 07:00:42,624 [Command processor thread] INFO  commandhandler.DeleteBlocksCommandHandler (DeleteBlocksCommandHandler.java:handle(106)) - Start to delete container blocks, TXIDs=[1(4)], numOfContainers=1, numOfBlocks=1
2019-10-16 07:00:42,624 [Command processor thread] INFO  commandhandler.DeleteBlocksCommandHandler (DeleteBlocksCommandHandler.java:handle(106)) - Start to delete container blocks, TXIDs=[1(2)], numOfContainers=1, numOfBlocks=1
2019-10-16 07:00:42,624 [Command processor thread] INFO  commandhandler.DeleteBlocksCommandHandler (DeleteBlocksCommandHandler.java:handle(106)) - Start to delete container blocks, TXIDs=[1(4)], numOfContainers=1, numOfBlocks=1
2019-10-16 07:00:42,624 [Command processor thread] INFO  commandhandler.DeleteBlocksCommandHandler (DeleteBlocksCommandHandler.java:handle(106)) - Start to delete container blocks, TXIDs=[1(4)], numOfContainers=1, numOfBlocks=1
2019-10-16 07:00:42,624 [Command processor thread] INFO  commandhandler.DeleteBlocksCommandHandler (DeleteBlocksCommandHandler.java:handle(106)) - Start to delete container blocks, TXIDs=[1(4)], numOfContainers=1, numOfBlocks=1
2019-10-16 07:00:42,625 [Command processor thread] INFO  commandhandler.DeleteBlocksCommandHandler (DeleteBlocksCommandHandler.java:handle(106)) - Start to delete container blocks, TXIDs=[1(0)], numOfContainers=1, numOfBlocks=1
2019-10-16 07:00:42,625 [Command processor thread] INFO  commandhandler.DeleteBlocksCommandHandler (DeleteBlocksCommandHandler.java:handle(106)) - Start to delete container blocks, TXIDs=[1(4)], numOfContainers=1, numOfBlocks=1
2019-10-16 07:00:42,625 [Command processor thread] INFO  commandhandler.DeleteBlocksCommandHandler (DeleteBlocksCommandHandler.java:handle(106)) - Start to delete container blocks, TXIDs=[1(4)], numOfContainers=1, numOfBlocks=1
2019-10-16 07:00:42,625 [Command processor thread] INFO  commandhandler.DeleteBlocksCommandHandler (DeleteBlocksCommandHandler.java:handle(106)) - Start to delete container blocks, TXIDs=[1(2)], numOfContainers=1, numOfBlocks=1
2019-10-16 07:00:42,625 [Command processor thread] INFO  commandhandler.DeleteBlocksCommandHandler (DeleteBlocksCommandHandler.java:handle(106)) - Start to delete container blocks, TXIDs=[1(4)], numOfContainers=1, numOfBlocks=1
2019-10-16 07:00:42,626 [Command processor thread] INFO  commandhandler.DeleteBlocksCommandHandler (DeleteBlocksCommandHandler.java:handle(106)) - Start to delete container blocks, TXIDs=[1(4)], numOfContainers=1, numOfBlocks=1
2019-10-16 07:00:42,626 [Command processor thread] INFO  commandhandler.DeleteBlocksCommandHandler (DeleteBlocksCommandHandler.java:handle(106)) - Start to delete container blocks, TXIDs=[1(0)], numOfContainers=1, numOfBlocks=1
2019-10-16 07:00:42,626 [Command processor thread] INFO  commandhandler.DeleteBlocksCommandHandler (DeleteBlocksCommandHandler.java:handle(106)) - Start to delete container blocks, TXIDs=[1(4)], numOfContainers=1, numOfBlocks=1
2019-10-16 07:00:42,626 [Command processor thread] INFO  commandhandler.DeleteBlocksCommandHandler (DeleteBlocksCommandHandler.java:handle(106)) - Start to delete container blocks, TXIDs=[1(4)], numOfContainers=1, numOfBlocks=1
2019-10-16 07:00:42,626 [Command processor thread] INFO  commandhandler.DeleteBlocksCommandHandler (DeleteBlocksCommandHandler.java:handle(106)) - Start to delete container blocks, TXIDs=[1(4)], numOfContainers=1, numOfBlocks=1
2019-10-16 07:00:42,626 [Command processor thread] INFO  commandhandler.DeleteBlocksCommandHandler (DeleteBlocksCommandHandler.java:handle(106)) - Start to delete container blocks, TXIDs=[1(4)], numOfContainers=1, numOfBlocks=1
2019-10-16 07:00:42,627 [Command processor thread] INFO  commandhandler.DeleteBlocksCommandHandler (DeleteBlocksCommandHandler.java:handle(106)) - Start to delete container blocks, TXIDs=[1(2)], numOfContainers=1, numOfBlocks=1
2019-10-16 07:00:42,627 [Command processor thread] INFO  commandhandler.DeleteBlocksCommandHandler (DeleteBlocksCommandHandler.java:handle(106)) - Start to delete container blocks, TXIDs=[1(4)], numOfContainers=1, numOfBlocks=1
2019-10-16 07:00:42,627 [Command processor thread] INFO  commandhandler.DeleteBlocksCommandHandler (DeleteBlocksCommandHandler.java:handle(106)) - Start to delete container blocks, TXIDs=[1(0)], numOfContainers=1, numOfBlocks=1
2019-10-16 07:00:42,627 [Command processor thread] INFO  commandhandler.DeleteBlocksCommandHandler (DeleteBlocksCommandHandler.java:handle(106)) - Start to delete container blocks, TXIDs=[1(4)], numOfContainers=1, numOfBlocks=1
2019-10-16 07:00:42,627 [Command processor thread] INFO  commandhandler.DeleteBlocksCommandHandler (DeleteBlocksCommandHandler.java:handle(106)) - Start to delete container blocks, TXIDs=[1(4)], numOfContainers=1, numOfBlocks=1
2019-10-16 07:00:42,628 [Command processor thread] INFO  commandhandler.DeleteBlocksCommandHandler (DeleteBlocksCommandHandler.java:handle(106)) - Start to delete container blocks, TXIDs=[1(4)], numOfContainers=1, numOfBlocks=1
2019-10-16 07:00:42,628 [Command processor thread] INFO  commandhandler.DeleteBlocksCommandHandler (DeleteBlocksCommandHandler.java:handle(106)) - Start to delete container blocks, TXIDs=[1(4)], numOfContainers=1, numOfBlocks=1
2019-10-16 07:00:42,628 [Command processor thread] INFO  commandhandler.DeleteBlocksCommandHandler (DeleteBlocksCommandHandler.java:handle(106)) - Start to delete container blocks, TXIDs=[1(2)], numOfContainers=1, numOfBlocks=1
2019-10-16 07:00:42,628 [Command processor thread] INFO  commandhandler.DeleteBlocksCommandHandler (DeleteBlocksCommandHandler.java:handle(106)) - Start to delete container blocks, TXIDs=[1(4)], numOfContainers=1, numOfBlocks=1
2019-10-16 07:00:42,628 [Command processor thread] INFO  commandhandler.DeleteBlocksCommandHandler (DeleteBlocksCommandHandler.java:handle(106)) - Start to delete container blocks, TXIDs=[1(40)], numOfContainers=1, numOfBlocks=1
2019-10-16 07:00:42,629 [Command processor thread] INFO  commandhandler.DeleteBlocksCommandHandler (DeleteBlocksCommandHandler.java:handle(106)) - Start to delete container blocks, TXIDs=[1(4)], numOfContainers=1, numOfBlocks=1
2019-10-16 07:00:42,629 [Command processor thread] INFO  commandhandler.DeleteBlocksCommandHandler (DeleteBlocksCommandHandler.java:handle(106)) - Start to delete container blocks, TXIDs=[1(4)], numOfContainers=1, numOfBlocks=1
2019-10-16 07:00:42,629 [Command processor thread] INFO  commandhandler.DeleteBlocksCommandHandler (DeleteBlocksCommandHandler.java:handle(106)) - Start to delete container blocks, TXIDs=[1(0)], numOfContainers=1, numOfBlocks=1
2019-10-16 07:00:42,629 [Command processor thread] INFO  commandhandler.DeleteBlocksCommandHandler (DeleteBlocksCommandHandler.java:handle(106)) - Start to delete container blocks, TXIDs=[1(4)], numOfContainers=1, numOfBlocks=1
2019-10-16 07:00:42,636 [4f0a8cce-cba4-44f5-8366-0fb5fb6bef9c@group-767F7A20ABB4-LeaderElection55] INFO  impl.LeaderElection (LeaderElection.java:logAndReturn(56)) - 4f0a8cce-cba4-44f5-8366-0fb5fb6bef9c@group-767F7A20ABB4-LeaderElection55: Election REJECTED; received 2 response(s) [4f0a8cce-cba4-44f5-8366-0fb5fb6bef9c<-433771fa-af38-4628-a40e-96bcd22c3694#0:FAIL-t46, 4f0a8cce-cba4-44f5-8366-0fb5fb6bef9c<-d2d597b7-f29c-4b6e-a1dc-31783afe2111#0:FAIL-t46] and 0 exception(s); 4f0a8cce-cba4-44f5-8366-0fb5fb6bef9c@group-767F7A20ABB4:t46, leader=null, voted=4f0a8cce-cba4-44f5-8366-0fb5fb6bef9c, raftlog=4f0a8cce-cba4-44f5-8366-0fb5fb6bef9c@group-767F7A20ABB4-SegmentedRaftLog:OPENED:c3,f4,i4, conf=0: [433771fa-af38-4628-a40e-96bcd22c3694:192.168.69.68:34462, 4f0a8cce-cba4-44f5-8366-0fb5fb6bef9c:192.168.69.68:42866, d2d597b7-f29c-4b6e-a1dc-31783afe2111:192.168.69.68:40938], old=null
2019-10-16 07:00:42,636 [4f0a8cce-cba4-44f5-8366-0fb5fb6bef9c@group-767F7A20ABB4-LeaderElection55] INFO  impl.RaftServerImpl (RaftServerImpl.java:setRole(184)) - 4f0a8cce-cba4-44f5-8366-0fb5fb6bef9c@group-767F7A20ABB4: changes role from CANDIDATE to FOLLOWER at term 46 for DISCOVERED_A_NEW_TERM
2019-10-16 07:00:42,636 [4f0a8cce-cba4-44f5-8366-0fb5fb6bef9c@group-767F7A20ABB4-LeaderElection55] INFO  impl.RoleInfo (RoleInfo.java:shutdownLeaderElection(134)) - 4f0a8cce-cba4-44f5-8366-0fb5fb6bef9c: shutdown LeaderElection
2019-10-16 07:00:42,637 [4f0a8cce-cba4-44f5-8366-0fb5fb6bef9c@group-767F7A20ABB4-LeaderElection55] INFO  impl.RoleInfo (RoleInfo.java:updateAndGet(143)) - 4f0a8cce-cba4-44f5-8366-0fb5fb6bef9c: start FollowerState
2019-10-16 07:00:42,659 [Thread-913] INFO  impl.FollowerState (FollowerState.java:run(108)) - 4f0a8cce-cba4-44f5-8366-0fb5fb6bef9c@group-767F7A20ABB4-FollowerState: change to CANDIDATE, lastRpcTime:22ms, electionTimeout:22ms
2019-10-16 07:00:42,659 [Thread-913] INFO  impl.RoleInfo (RoleInfo.java:shutdownFollowerState(121)) - 4f0a8cce-cba4-44f5-8366-0fb5fb6bef9c: shutdown FollowerState
2019-10-16 07:00:42,659 [Thread-913] INFO  impl.RaftServerImpl (RaftServerImpl.java:setRole(184)) - 4f0a8cce-cba4-44f5-8366-0fb5fb6bef9c@group-767F7A20ABB4: changes role from  FOLLOWER to CANDIDATE at term 46 for changeToCandidate
2019-10-16 07:00:42,659 [Thread-913] INFO  impl.RoleInfo (RoleInfo.java:updateAndGet(143)) - 4f0a8cce-cba4-44f5-8366-0fb5fb6bef9c: start LeaderElection
2019-10-16 07:00:42,685 [4f0a8cce-cba4-44f5-8366-0fb5fb6bef9c@group-767F7A20ABB4-LeaderElection56] INFO  impl.LeaderElection (LeaderElection.java:askForVotes(178)) - 4f0a8cce-cba4-44f5-8366-0fb5fb6bef9c@group-767F7A20ABB4-LeaderElection56: begin an election at term 47 for 0: [433771fa-af38-4628-a40e-96bcd22c3694:192.168.69.68:34462, 4f0a8cce-cba4-44f5-8366-0fb5fb6bef9c:192.168.69.68:42866, d2d597b7-f29c-4b6e-a1dc-31783afe2111:192.168.69.68:40938], old=null
2019-10-16 07:00:42,687 [grpc-default-executor-5] INFO  impl.RaftServerImpl (RaftServerImpl.java:setRole(184)) - 433771fa-af38-4628-a40e-96bcd22c3694@group-767F7A20ABB4: changes role from  FOLLOWER to FOLLOWER at term 47 for recognizeCandidate:4f0a8cce-cba4-44f5-8366-0fb5fb6bef9c
2019-10-16 07:00:42,688 [grpc-default-executor-5] INFO  impl.RoleInfo (RoleInfo.java:shutdownFollowerState(121)) - 433771fa-af38-4628-a40e-96bcd22c3694: shutdown FollowerState
2019-10-16 07:00:42,688 [grpc-default-executor-5] INFO  impl.RoleInfo (RoleInfo.java:updateAndGet(143)) - 433771fa-af38-4628-a40e-96bcd22c3694: start FollowerState
2019-10-16 07:00:42,688 [Thread-911] INFO  impl.FollowerState (FollowerState.java:run(117)) - 433771fa-af38-4628-a40e-96bcd22c3694@group-767F7A20ABB4-FollowerState was interrupted: java.lang.InterruptedException: sleep interrupted
2019-10-16 07:00:42,688 [grpc-default-executor-6] INFO  impl.RaftServerImpl (RaftServerImpl.java:setRole(184)) - d2d597b7-f29c-4b6e-a1dc-31783afe2111@group-767F7A20ABB4: changes role from  FOLLOWER to FOLLOWER at term 47 for recognizeCandidate:4f0a8cce-cba4-44f5-8366-0fb5fb6bef9c
2019-10-16 07:00:42,688 [grpc-default-executor-6] INFO  impl.RoleInfo (RoleInfo.java:shutdownFollowerState(121)) - d2d597b7-f29c-4b6e-a1dc-31783afe2111: shutdown FollowerState
2019-10-16 07:00:42,688 [grpc-default-executor-6] INFO  impl.RoleInfo (RoleInfo.java:updateAndGet(143)) - d2d597b7-f29c-4b6e-a1dc-31783afe2111: start FollowerState
2019-10-16 07:00:42,688 [Thread-912] INFO  impl.FollowerState (FollowerState.java:run(117)) - d2d597b7-f29c-4b6e-a1dc-31783afe2111@group-767F7A20ABB4-FollowerState was interrupted: java.lang.InterruptedException: sleep interrupted
2019-10-16 07:00:42,706 [4f0a8cce-cba4-44f5-8366-0fb5fb6bef9c@group-767F7A20ABB4-LeaderElection56] INFO  impl.LeaderElection (LeaderElection.java:logAndReturn(56)) - 4f0a8cce-cba4-44f5-8366-0fb5fb6bef9c@group-767F7A20ABB4-LeaderElection56: Election REJECTED; received 2 response(s) [4f0a8cce-cba4-44f5-8366-0fb5fb6bef9c<-433771fa-af38-4628-a40e-96bcd22c3694#0:FAIL-t47, 4f0a8cce-cba4-44f5-8366-0fb5fb6bef9c<-d2d597b7-f29c-4b6e-a1dc-31783afe2111#0:FAIL-t47] and 0 exception(s); 4f0a8cce-cba4-44f5-8366-0fb5fb6bef9c@group-767F7A20ABB4:t47, leader=null, voted=4f0a8cce-cba4-44f5-8366-0fb5fb6bef9c, raftlog=4f0a8cce-cba4-44f5-8366-0fb5fb6bef9c@group-767F7A20ABB4-SegmentedRaftLog:OPENED:c3,f4,i4, conf=0: [433771fa-af38-4628-a40e-96bcd22c3694:192.168.69.68:34462, 4f0a8cce-cba4-44f5-8366-0fb5fb6bef9c:192.168.69.68:42866, d2d597b7-f29c-4b6e-a1dc-31783afe2111:192.168.69.68:40938], old=null
2019-10-16 07:00:42,706 [Thread-906] INFO  impl.FollowerState (FollowerState.java:run(108)) - 4f0a8cce-cba4-44f5-8366-0fb5fb6bef9c@group-2CD2AED02A48-FollowerState: change to CANDIDATE, lastRpcTime:101ms, electionTimeout:101ms
2019-10-16 07:00:42,706 [4f0a8cce-cba4-44f5-8366-0fb5fb6bef9c@group-767F7A20ABB4-LeaderElection56] INFO  impl.RaftServerImpl (RaftServerImpl.java:setRole(184)) - 4f0a8cce-cba4-44f5-8366-0fb5fb6bef9c@group-767F7A20ABB4: changes role from CANDIDATE to FOLLOWER at term 47 for DISCOVERED_A_NEW_TERM
2019-10-16 07:00:42,707 [Thread-906] INFO  impl.RoleInfo (RoleInfo.java:shutdownFollowerState(121)) - 4f0a8cce-cba4-44f5-8366-0fb5fb6bef9c: shutdown FollowerState
2019-10-16 07:00:42,707 [4f0a8cce-cba4-44f5-8366-0fb5fb6bef9c@group-767F7A20ABB4-LeaderElection56] INFO  impl.RoleInfo (RoleInfo.java:shutdownLeaderElection(134)) - 4f0a8cce-cba4-44f5-8366-0fb5fb6bef9c: shutdown LeaderElection
2019-10-16 07:00:42,707 [Thread-906] INFO  impl.RaftServerImpl (RaftServerImpl.java:setRole(184)) - 4f0a8cce-cba4-44f5-8366-0fb5fb6bef9c@group-2CD2AED02A48: changes role from  FOLLOWER to CANDIDATE at term 7 for changeToCandidate
2019-10-16 07:00:42,707 [4f0a8cce-cba4-44f5-8366-0fb5fb6bef9c@group-767F7A20ABB4-LeaderElection56] INFO  impl.RoleInfo (RoleInfo.java:updateAndGet(143)) - 4f0a8cce-cba4-44f5-8366-0fb5fb6bef9c: start FollowerState
2019-10-16 07:00:42,707 [Thread-906] INFO  impl.RoleInfo (RoleInfo.java:updateAndGet(143)) - 4f0a8cce-cba4-44f5-8366-0fb5fb6bef9c: start LeaderElection
2019-10-16 07:00:42,721 [EventQueue-DeleteBlockStatusForDeletedBlockLogImpl] WARN  block.DeletedBlockLogImpl (DeletedBlockLogImpl.java:commitTransactions(205)) - Transaction txId=1 commit by dnId=4f0a8cce-cba4-44f5-8366-0fb5fb6bef9c for containerID=#1 failed. Corresponding entry not found.
2019-10-16 07:00:42,722 [EventQueue-DeleteBlockStatusForDeletedBlockLogImpl] WARN  block.DeletedBlockLogImpl (DeletedBlockLogImpl.java:commitTransactions(205)) - Transaction txId=1 commit by dnId=4f0a8cce-cba4-44f5-8366-0fb5fb6bef9c for containerID=#1 failed. Corresponding entry not found.
2019-10-16 07:00:42,722 [EventQueue-DeleteBlockStatusForDeletedBlockLogImpl] WARN  block.DeletedBlockLogImpl (DeletedBlockLogImpl.java:commitTransactions(205)) - Transaction txId=1 commit by dnId=4f0a8cce-cba4-44f5-8366-0fb5fb6bef9c for containerID=#1 failed. Corresponding entry not found.
2019-10-16 07:00:42,722 [EventQueue-DeleteBlockStatusForDeletedBlockLogImpl] WARN  block.DeletedBlockLogImpl (DeletedBlockLogImpl.java:commitTransactions(205)) - Transaction txId=1 commit by dnId=4f0a8cce-cba4-44f5-8366-0fb5fb6bef9c for containerID=#1 failed. Corresponding entry not found.
2019-10-16 07:00:42,722 [EventQueue-DeleteBlockStatusForDeletedBlockLogImpl] WARN  block.DeletedBlockLogImpl (DeletedBlockLogImpl.java:commitTransactions(205)) - Transaction txId=1 commit by dnId=4f0a8cce-cba4-44f5-8366-0fb5fb6bef9c for containerID=#1 failed. Corresponding entry not found.
2019-10-16 07:00:42,722 [EventQueue-DeleteBlockStatusForDeletedBlockLogImpl] WARN  block.DeletedBlockLogImpl (DeletedBlockLogImpl.java:commitTransactions(205)) - Transaction txId=1 commit by dnId=4f0a8cce-cba4-44f5-8366-0fb5fb6bef9c for containerID=#1 failed. Corresponding entry not found.
2019-10-16 07:00:42,722 [EventQueue-DeleteBlockStatusForDeletedBlockLogImpl] WARN  block.DeletedBlockLogImpl (DeletedBlockLogImpl.java:commitTransactions(205)) - Transaction txId=1 commit by dnId=4f0a8cce-cba4-44f5-8366-0fb5fb6bef9c for containerID=#1 failed. Corresponding entry not found.
2019-10-16 07:00:42,722 [EventQueue-DeleteBlockStatusForDeletedBlockLogImpl] WARN  block.DeletedBlockLogImpl (DeletedBlockLogImpl.java:commitTransactions(205)) - Transaction txId=1 commit by dnId=4f0a8cce-cba4-44f5-8366-0fb5fb6bef9c for containerID=#1 failed. Corresponding entry not found.
2019-10-16 07:00:42,740 [4f0a8cce-cba4-44f5-8366-0fb5fb6bef9c@group-2CD2AED02A48-LeaderElection57] INFO  impl.LeaderElection (LeaderElection.java:askForVotes(178)) - 4f0a8cce-cba4-44f5-8366-0fb5fb6bef9c@group-2CD2AED02A48-LeaderElection57: begin an election at term 8 for -1: [433771fa-af38-4628-a40e-96bcd22c3694:192.168.69.68:34462, 4f0a8cce-cba4-44f5-8366-0fb5fb6bef9c:192.168.69.68:42866, d2d597b7-f29c-4b6e-a1dc-31783afe2111:192.168.69.68:40938], old=null
2019-10-16 07:00:42,742 [grpc-default-executor-5] INFO  impl.RaftServerImpl (RaftServerImpl.java:setRole(184)) - 433771fa-af38-4628-a40e-96bcd22c3694@group-2CD2AED02A48: changes role from  FOLLOWER to FOLLOWER at term 8 for recognizeCandidate:4f0a8cce-cba4-44f5-8366-0fb5fb6bef9c
2019-10-16 07:00:42,743 [grpc-default-executor-5] INFO  impl.RoleInfo (RoleInfo.java:shutdownFollowerState(121)) - 433771fa-af38-4628-a40e-96bcd22c3694: shutdown FollowerState
2019-10-16 07:00:42,743 [grpc-default-executor-6] INFO  impl.RaftServerImpl (RaftServerImpl.java:setRole(184)) - d2d597b7-f29c-4b6e-a1dc-31783afe2111@group-2CD2AED02A48: changes role from  FOLLOWER to FOLLOWER at term 8 for recognizeCandidate:4f0a8cce-cba4-44f5-8366-0fb5fb6bef9c
2019-10-16 07:00:42,743 [Thread-902] INFO  impl.FollowerState (FollowerState.java:run(117)) - 433771fa-af38-4628-a40e-96bcd22c3694@group-2CD2AED02A48-FollowerState was interrupted: java.lang.InterruptedException: sleep interrupted
2019-10-16 07:00:42,743 [grpc-default-executor-5] INFO  impl.RoleInfo (RoleInfo.java:updateAndGet(143)) - 433771fa-af38-4628-a40e-96bcd22c3694: start FollowerState
2019-10-16 07:00:42,743 [grpc-default-executor-6] INFO  impl.RoleInfo (RoleInfo.java:shutdownFollowerState(121)) - d2d597b7-f29c-4b6e-a1dc-31783afe2111: shutdown FollowerState
2019-10-16 07:00:42,743 [grpc-default-executor-6] INFO  impl.RoleInfo (RoleInfo.java:updateAndGet(143)) - d2d597b7-f29c-4b6e-a1dc-31783afe2111: start FollowerState
2019-10-16 07:00:42,743 [Thread-901] INFO  impl.FollowerState (FollowerState.java:run(117)) - d2d597b7-f29c-4b6e-a1dc-31783afe2111@group-2CD2AED02A48-FollowerState was interrupted: java.lang.InterruptedException: sleep interrupted
2019-10-16 07:00:42,770 [4f0a8cce-cba4-44f5-8366-0fb5fb6bef9c@group-2CD2AED02A48-LeaderElection57] INFO  impl.LeaderElection (LeaderElection.java:logAndReturn(56)) - 4f0a8cce-cba4-44f5-8366-0fb5fb6bef9c@group-2CD2AED02A48-LeaderElection57: Election REJECTED; received 2 response(s) [4f0a8cce-cba4-44f5-8366-0fb5fb6bef9c<-433771fa-af38-4628-a40e-96bcd22c3694#0:FAIL-t8, 4f0a8cce-cba4-44f5-8366-0fb5fb6bef9c<-d2d597b7-f29c-4b6e-a1dc-31783afe2111#0:FAIL-t8] and 0 exception(s); 4f0a8cce-cba4-44f5-8366-0fb5fb6bef9c@group-2CD2AED02A48:t8, leader=null, voted=4f0a8cce-cba4-44f5-8366-0fb5fb6bef9c, raftlog=4f0a8cce-cba4-44f5-8366-0fb5fb6bef9c@group-2CD2AED02A48-SegmentedRaftLog:OPENED:c-1,f-1,i0, conf=-1: [433771fa-af38-4628-a40e-96bcd22c3694:192.168.69.68:34462, 4f0a8cce-cba4-44f5-8366-0fb5fb6bef9c:192.168.69.68:42866, d2d597b7-f29c-4b6e-a1dc-31783afe2111:192.168.69.68:40938], old=null
2019-10-16 07:00:42,770 [4f0a8cce-cba4-44f5-8366-0fb5fb6bef9c@group-2CD2AED02A48-LeaderElection57] INFO  impl.RaftServerImpl (RaftServerImpl.java:setRole(184)) - 4f0a8cce-cba4-44f5-8366-0fb5fb6bef9c@group-2CD2AED02A48: changes role from CANDIDATE to FOLLOWER at term 8 for DISCOVERED_A_NEW_TERM
2019-10-16 07:00:42,770 [4f0a8cce-cba4-44f5-8366-0fb5fb6bef9c@group-2CD2AED02A48-LeaderElection57] INFO  impl.RoleInfo (RoleInfo.java:shutdownLeaderElection(134)) - 4f0a8cce-cba4-44f5-8366-0fb5fb6bef9c: shutdown LeaderElection
2019-10-16 07:00:42,770 [4f0a8cce-cba4-44f5-8366-0fb5fb6bef9c@group-2CD2AED02A48-LeaderElection57] INFO  impl.RoleInfo (RoleInfo.java:updateAndGet(143)) - 4f0a8cce-cba4-44f5-8366-0fb5fb6bef9c: start FollowerState
2019-10-16 07:00:42,799 [Thread-926] INFO  impl.FollowerState (FollowerState.java:run(108)) - 4f0a8cce-cba4-44f5-8366-0fb5fb6bef9c@group-2CD2AED02A48-FollowerState: change to CANDIDATE, lastRpcTime:29ms, electionTimeout:29ms
2019-10-16 07:00:42,800 [Thread-926] INFO  impl.RoleInfo (RoleInfo.java:shutdownFollowerState(121)) - 4f0a8cce-cba4-44f5-8366-0fb5fb6bef9c: shutdown FollowerState
2019-10-16 07:00:42,800 [Thread-926] INFO  impl.RaftServerImpl (RaftServerImpl.java:setRole(184)) - 4f0a8cce-cba4-44f5-8366-0fb5fb6bef9c@group-2CD2AED02A48: changes role from  FOLLOWER to CANDIDATE at term 8 for changeToCandidate
2019-10-16 07:00:42,800 [Thread-926] INFO  impl.RoleInfo (RoleInfo.java:updateAndGet(143)) - 4f0a8cce-cba4-44f5-8366-0fb5fb6bef9c: start LeaderElection
2019-10-16 07:00:42,808 [4f0a8cce-cba4-44f5-8366-0fb5fb6bef9c@group-2CD2AED02A48-LeaderElection58] INFO  impl.LeaderElection (LeaderElection.java:askForVotes(178)) - 4f0a8cce-cba4-44f5-8366-0fb5fb6bef9c@group-2CD2AED02A48-LeaderElection58: begin an election at term 9 for -1: [433771fa-af38-4628-a40e-96bcd22c3694:192.168.69.68:34462, 4f0a8cce-cba4-44f5-8366-0fb5fb6bef9c:192.168.69.68:42866, d2d597b7-f29c-4b6e-a1dc-31783afe2111:192.168.69.68:40938], old=null
2019-10-16 07:00:42,811 [grpc-default-executor-6] INFO  impl.RaftServerImpl (RaftServerImpl.java:setRole(184)) - 433771fa-af38-4628-a40e-96bcd22c3694@group-2CD2AED02A48: changes role from  FOLLOWER to FOLLOWER at term 9 for recognizeCandidate:4f0a8cce-cba4-44f5-8366-0fb5fb6bef9c
2019-10-16 07:00:42,811 [grpc-default-executor-5] INFO  impl.RaftServerImpl (RaftServerImpl.java:setRole(184)) - d2d597b7-f29c-4b6e-a1dc-31783afe2111@group-2CD2AED02A48: changes role from  FOLLOWER to FOLLOWER at term 9 for recognizeCandidate:4f0a8cce-cba4-44f5-8366-0fb5fb6bef9c
2019-10-16 07:00:42,811 [grpc-default-executor-6] INFO  impl.RoleInfo (RoleInfo.java:shutdownFollowerState(121)) - 433771fa-af38-4628-a40e-96bcd22c3694: shutdown FollowerState
2019-10-16 07:00:42,811 [grpc-default-executor-5] INFO  impl.RoleInfo (RoleInfo.java:shutdownFollowerState(121)) - d2d597b7-f29c-4b6e-a1dc-31783afe2111: shutdown FollowerState
2019-10-16 07:00:42,811 [Thread-924] INFO  impl.FollowerState (FollowerState.java:run(117)) - 433771fa-af38-4628-a40e-96bcd22c3694@group-2CD2AED02A48-FollowerState was interrupted: java.lang.InterruptedException: sleep interrupted
2019-10-16 07:00:42,811 [grpc-default-executor-6] INFO  impl.RoleInfo (RoleInfo.java:updateAndGet(143)) - 433771fa-af38-4628-a40e-96bcd22c3694: start FollowerState
2019-10-16 07:00:42,812 [Thread-925] INFO  impl.FollowerState (FollowerState.java:run(117)) - d2d597b7-f29c-4b6e-a1dc-31783afe2111@group-2CD2AED02A48-FollowerState was interrupted: java.lang.InterruptedException: sleep interrupted
2019-10-16 07:00:42,812 [grpc-default-executor-5] INFO  impl.RoleInfo (RoleInfo.java:updateAndGet(143)) - d2d597b7-f29c-4b6e-a1dc-31783afe2111: start FollowerState
2019-10-16 07:00:42,826 [4f0a8cce-cba4-44f5-8366-0fb5fb6bef9c@group-2CD2AED02A48-LeaderElection58] INFO  impl.LeaderElection (LeaderElection.java:logAndReturn(56)) - 4f0a8cce-cba4-44f5-8366-0fb5fb6bef9c@group-2CD2AED02A48-LeaderElection58: Election REJECTED; received 2 response(s) [4f0a8cce-cba4-44f5-8366-0fb5fb6bef9c<-433771fa-af38-4628-a40e-96bcd22c3694#0:FAIL-t9, 4f0a8cce-cba4-44f5-8366-0fb5fb6bef9c<-d2d597b7-f29c-4b6e-a1dc-31783afe2111#0:FAIL-t9] and 0 exception(s); 4f0a8cce-cba4-44f5-8366-0fb5fb6bef9c@group-2CD2AED02A48:t9, leader=null, voted=4f0a8cce-cba4-44f5-8366-0fb5fb6bef9c, raftlog=4f0a8cce-cba4-44f5-8366-0fb5fb6bef9c@group-2CD2AED02A48-SegmentedRaftLog:OPENED:c-1,f-1,i0, conf=-1: [433771fa-af38-4628-a40e-96bcd22c3694:192.168.69.68:34462, 4f0a8cce-cba4-44f5-8366-0fb5fb6bef9c:192.168.69.68:42866, d2d597b7-f29c-4b6e-a1dc-31783afe2111:192.168.69.68:40938], old=null
2019-10-16 07:00:42,826 [4f0a8cce-cba4-44f5-8366-0fb5fb6bef9c@group-2CD2AED02A48-LeaderElection58] INFO  impl.RaftServerImpl (RaftServerImpl.java:setRole(184)) - 4f0a8cce-cba4-44f5-8366-0fb5fb6bef9c@group-2CD2AED02A48: changes role from CANDIDATE to FOLLOWER at term 9 for DISCOVERED_A_NEW_TERM
2019-10-16 07:00:42,826 [4f0a8cce-cba4-44f5-8366-0fb5fb6bef9c@group-2CD2AED02A48-LeaderElection58] INFO  impl.RoleInfo (RoleInfo.java:shutdownLeaderElection(134)) - 4f0a8cce-cba4-44f5-8366-0fb5fb6bef9c: shutdown LeaderElection
2019-10-16 07:00:42,827 [4f0a8cce-cba4-44f5-8366-0fb5fb6bef9c@group-2CD2AED02A48-LeaderElection58] INFO  impl.RoleInfo (RoleInfo.java:updateAndGet(143)) - 4f0a8cce-cba4-44f5-8366-0fb5fb6bef9c: start FollowerState
2019-10-16 07:00:42,832 [Thread-920] INFO  impl.FollowerState (FollowerState.java:run(108)) - 4f0a8cce-cba4-44f5-8366-0fb5fb6bef9c@group-767F7A20ABB4-FollowerState: change to CANDIDATE, lastRpcTime:125ms, electionTimeout:125ms
2019-10-16 07:00:42,833 [Thread-920] INFO  impl.RoleInfo (RoleInfo.java:shutdownFollowerState(121)) - 4f0a8cce-cba4-44f5-8366-0fb5fb6bef9c: shutdown FollowerState
2019-10-16 07:00:42,833 [Thread-920] INFO  impl.RaftServerImpl (RaftServerImpl.java:setRole(184)) - 4f0a8cce-cba4-44f5-8366-0fb5fb6bef9c@group-767F7A20ABB4: changes role from  FOLLOWER to CANDIDATE at term 47 for changeToCandidate
2019-10-16 07:00:42,833 [Thread-920] INFO  impl.RoleInfo (RoleInfo.java:updateAndGet(143)) - 4f0a8cce-cba4-44f5-8366-0fb5fb6bef9c: start LeaderElection
2019-10-16 07:00:42,846 [4f0a8cce-cba4-44f5-8366-0fb5fb6bef9c@group-767F7A20ABB4-LeaderElection59] INFO  impl.LeaderElection (LeaderElection.java:askForVotes(178)) - 4f0a8cce-cba4-44f5-8366-0fb5fb6bef9c@group-767F7A20ABB4-LeaderElection59: begin an election at term 48 for 0: [433771fa-af38-4628-a40e-96bcd22c3694:192.168.69.68:34462, 4f0a8cce-cba4-44f5-8366-0fb5fb6bef9c:192.168.69.68:42866, d2d597b7-f29c-4b6e-a1dc-31783afe2111:192.168.69.68:40938], old=null
2019-10-16 07:00:42,849 [grpc-default-executor-5] INFO  impl.RaftServerImpl (RaftServerImpl.java:setRole(184)) - d2d597b7-f29c-4b6e-a1dc-31783afe2111@group-767F7A20ABB4: changes role from  FOLLOWER to FOLLOWER at term 48 for recognizeCandidate:4f0a8cce-cba4-44f5-8366-0fb5fb6bef9c
2019-10-16 07:00:42,849 [grpc-default-executor-6] INFO  impl.RaftServerImpl (RaftServerImpl.java:setRole(184)) - 433771fa-af38-4628-a40e-96bcd22c3694@group-767F7A20ABB4: changes role from  FOLLOWER to FOLLOWER at term 48 for recognizeCandidate:4f0a8cce-cba4-44f5-8366-0fb5fb6bef9c
2019-10-16 07:00:42,849 [grpc-default-executor-5] INFO  impl.RoleInfo (RoleInfo.java:shutdownFollowerState(121)) - d2d597b7-f29c-4b6e-a1dc-31783afe2111: shutdown FollowerState
2019-10-16 07:00:42,849 [grpc-default-executor-6] INFO  impl.RoleInfo (RoleInfo.java:shutdownFollowerState(121)) - 433771fa-af38-4628-a40e-96bcd22c3694: shutdown FollowerState
2019-10-16 07:00:42,849 [Thread-919] INFO  impl.FollowerState (FollowerState.java:run(117)) - d2d597b7-f29c-4b6e-a1dc-31783afe2111@group-767F7A20ABB4-FollowerState was interrupted: java.lang.InterruptedException: sleep interrupted
2019-10-16 07:00:42,849 [Thread-918] INFO  impl.FollowerState (FollowerState.java:run(117)) - 433771fa-af38-4628-a40e-96bcd22c3694@group-767F7A20ABB4-FollowerState was interrupted: java.lang.InterruptedException: sleep interrupted
2019-10-16 07:00:42,849 [grpc-default-executor-5] INFO  impl.RoleInfo (RoleInfo.java:updateAndGet(143)) - d2d597b7-f29c-4b6e-a1dc-31783afe2111: start FollowerState
2019-10-16 07:00:42,849 [grpc-default-executor-6] INFO  impl.RoleInfo (RoleInfo.java:updateAndGet(143)) - 433771fa-af38-4628-a40e-96bcd22c3694: start FollowerState
2019-10-16 07:00:42,875 [4f0a8cce-cba4-44f5-8366-0fb5fb6bef9c@group-767F7A20ABB4-LeaderElection59] INFO  impl.LeaderElection (LeaderElection.java:logAndReturn(56)) - 4f0a8cce-cba4-44f5-8366-0fb5fb6bef9c@group-767F7A20ABB4-LeaderElection59: Election REJECTED; received 2 response(s) [4f0a8cce-cba4-44f5-8366-0fb5fb6bef9c<-433771fa-af38-4628-a40e-96bcd22c3694#0:FAIL-t48, 4f0a8cce-cba4-44f5-8366-0fb5fb6bef9c<-d2d597b7-f29c-4b6e-a1dc-31783afe2111#0:FAIL-t48] and 0 exception(s); 4f0a8cce-cba4-44f5-8366-0fb5fb6bef9c@group-767F7A20ABB4:t48, leader=null, voted=4f0a8cce-cba4-44f5-8366-0fb5fb6bef9c, raftlog=4f0a8cce-cba4-44f5-8366-0fb5fb6bef9c@group-767F7A20ABB4-SegmentedRaftLog:OPENED:c3,f4,i4, conf=0: [433771fa-af38-4628-a40e-96bcd22c3694:192.168.69.68:34462, 4f0a8cce-cba4-44f5-8366-0fb5fb6bef9c:192.168.69.68:42866, d2d597b7-f29c-4b6e-a1dc-31783afe2111:192.168.69.68:40938], old=null
2019-10-16 07:00:42,876 [4f0a8cce-cba4-44f5-8366-0fb5fb6bef9c@group-767F7A20ABB4-LeaderElection59] INFO  impl.RaftServerImpl (RaftServerImpl.java:setRole(184)) - 4f0a8cce-cba4-44f5-8366-0fb5fb6bef9c@group-767F7A20ABB4: changes role from CANDIDATE to FOLLOWER at term 48 for DISCOVERED_A_NEW_TERM
2019-10-16 07:00:42,876 [4f0a8cce-cba4-44f5-8366-0fb5fb6bef9c@group-767F7A20ABB4-LeaderElection59] INFO  impl.RoleInfo (RoleInfo.java:shutdownLeaderElection(134)) - 4f0a8cce-cba4-44f5-8366-0fb5fb6bef9c: shutdown LeaderElection
2019-10-16 07:00:42,876 [4f0a8cce-cba4-44f5-8366-0fb5fb6bef9c@group-767F7A20ABB4-LeaderElection59] INFO  impl.RoleInfo (RoleInfo.java:updateAndGet(143)) - 4f0a8cce-cba4-44f5-8366-0fb5fb6bef9c: start FollowerState
2019-10-16 07:00:42,937 [Thread-940] INFO  client.GrpcClientProtocolService (GrpcClientProtocolService.java:lambda$processClientRequest$0(278)) - Failed RaftClientRequest:client-C8ADB546B70F->d2d597b7-f29c-4b6e-a1dc-31783afe2111@group-767F7A20ABB4, cid=10, seq=0, Watch-ALL_COMMITTED(6), Message:<EMPTY>, reply=RaftClientReply:client-C8ADB546B70F->d2d597b7-f29c-4b6e-a1dc-31783afe2111@group-767F7A20ABB4, cid=10, FAILED org.apache.ratis.protocol.NotLeaderException: Server d2d597b7-f29c-4b6e-a1dc-31783afe2111@group-767F7A20ABB4 is not the leader, logIndex=0, commits[d2d597b7-f29c-4b6e-a1dc-31783afe2111:c10, 433771fa-af38-4628-a40e-96bcd22c3694:c10, 4f0a8cce-cba4-44f5-8366-0fb5fb6bef9c:c4]
2019-10-16 07:00:42,948 [Thread-938] INFO  impl.FollowerState (FollowerState.java:run(108)) - 4f0a8cce-cba4-44f5-8366-0fb5fb6bef9c@group-767F7A20ABB4-FollowerState: change to CANDIDATE, lastRpcTime:72ms, electionTimeout:72ms
2019-10-16 07:00:42,949 [Thread-938] INFO  impl.RoleInfo (RoleInfo.java:shutdownFollowerState(121)) - 4f0a8cce-cba4-44f5-8366-0fb5fb6bef9c: shutdown FollowerState
2019-10-16 07:00:42,949 [Thread-938] INFO  impl.RaftServerImpl (RaftServerImpl.java:setRole(184)) - 4f0a8cce-cba4-44f5-8366-0fb5fb6bef9c@group-767F7A20ABB4: changes role from  FOLLOWER to CANDIDATE at term 48 for changeToCandidate
2019-10-16 07:00:42,949 [Thread-938] INFO  impl.RoleInfo (RoleInfo.java:updateAndGet(143)) - 4f0a8cce-cba4-44f5-8366-0fb5fb6bef9c: start LeaderElection
2019-10-16 07:00:42,973 [4f0a8cce-cba4-44f5-8366-0fb5fb6bef9c@group-767F7A20ABB4-LeaderElection60] INFO  impl.LeaderElection (LeaderElection.java:askForVotes(178)) - 4f0a8cce-cba4-44f5-8366-0fb5fb6bef9c@group-767F7A20ABB4-LeaderElection60: begin an election at term 49 for 0: [433771fa-af38-4628-a40e-96bcd22c3694:192.168.69.68:34462, 4f0a8cce-cba4-44f5-8366-0fb5fb6bef9c:192.168.69.68:42866, d2d597b7-f29c-4b6e-a1dc-31783afe2111:192.168.69.68:40938], old=null
2019-10-16 07:00:42,976 [grpc-default-executor-6] INFO  impl.RaftServerImpl (RaftServerImpl.java:setRole(184)) - 433771fa-af38-4628-a40e-96bcd22c3694@group-767F7A20ABB4: changes role from  FOLLOWER to FOLLOWER at term 49 for recognizeCandidate:4f0a8cce-cba4-44f5-8366-0fb5fb6bef9c
2019-10-16 07:00:42,976 [grpc-default-executor-5] INFO  impl.RaftServerImpl (RaftServerImpl.java:setRole(184)) - d2d597b7-f29c-4b6e-a1dc-31783afe2111@group-767F7A20ABB4: changes role from  FOLLOWER to FOLLOWER at term 49 for recognizeCandidate:4f0a8cce-cba4-44f5-8366-0fb5fb6bef9c
2019-10-16 07:00:42,976 [grpc-default-executor-6] INFO  impl.RoleInfo (RoleInfo.java:shutdownFollowerState(121)) - 433771fa-af38-4628-a40e-96bcd22c3694: shutdown FollowerState
2019-10-16 07:00:42,976 [grpc-default-executor-5] INFO  impl.RoleInfo (RoleInfo.java:shutdownFollowerState(121)) - d2d597b7-f29c-4b6e-a1dc-31783afe2111: shutdown FollowerState
2019-10-16 07:00:42,977 [grpc-default-executor-6] INFO  impl.RoleInfo (RoleInfo.java:updateAndGet(143)) - 433771fa-af38-4628-a40e-96bcd22c3694: start FollowerState
2019-10-16 07:00:42,977 [Thread-937] INFO  impl.FollowerState (FollowerState.java:run(117)) - 433771fa-af38-4628-a40e-96bcd22c3694@group-767F7A20ABB4-FollowerState was interrupted: java.lang.InterruptedException: sleep interrupted
2019-10-16 07:00:42,977 [Thread-936] INFO  impl.FollowerState (FollowerState.java:run(117)) - d2d597b7-f29c-4b6e-a1dc-31783afe2111@group-767F7A20ABB4-FollowerState was interrupted: java.lang.InterruptedException: sleep interrupted
2019-10-16 07:00:42,977 [grpc-default-executor-5] INFO  impl.RoleInfo (RoleInfo.java:updateAndGet(143)) - d2d597b7-f29c-4b6e-a1dc-31783afe2111: start FollowerState
2019-10-16 07:00:42,990 [4f0a8cce-cba4-44f5-8366-0fb5fb6bef9c@group-767F7A20ABB4-LeaderElection60] INFO  impl.LeaderElection (LeaderElection.java:logAndReturn(56)) - 4f0a8cce-cba4-44f5-8366-0fb5fb6bef9c@group-767F7A20ABB4-LeaderElection60: Election REJECTED; received 2 response(s) [4f0a8cce-cba4-44f5-8366-0fb5fb6bef9c<-433771fa-af38-4628-a40e-96bcd22c3694#0:FAIL-t49, 4f0a8cce-cba4-44f5-8366-0fb5fb6bef9c<-d2d597b7-f29c-4b6e-a1dc-31783afe2111#0:FAIL-t49] and 0 exception(s); 4f0a8cce-cba4-44f5-8366-0fb5fb6bef9c@group-767F7A20ABB4:t49, leader=null, voted=4f0a8cce-cba4-44f5-8366-0fb5fb6bef9c, raftlog=4f0a8cce-cba4-44f5-8366-0fb5fb6bef9c@group-767F7A20ABB4-SegmentedRaftLog:OPENED:c3,f4,i4, conf=0: [433771fa-af38-4628-a40e-96bcd22c3694:192.168.69.68:34462, 4f0a8cce-cba4-44f5-8366-0fb5fb6bef9c:192.168.69.68:42866, d2d597b7-f29c-4b6e-a1dc-31783afe2111:192.168.69.68:40938], old=null
2019-10-16 07:00:42,991 [4f0a8cce-cba4-44f5-8366-0fb5fb6bef9c@group-767F7A20ABB4-LeaderElection60] INFO  impl.RaftServerImpl (RaftServerImpl.java:setRole(184)) - 4f0a8cce-cba4-44f5-8366-0fb5fb6bef9c@group-767F7A20ABB4: changes role from CANDIDATE to FOLLOWER at term 49 for DISCOVERED_A_NEW_TERM
2019-10-16 07:00:42,991 [4f0a8cce-cba4-44f5-8366-0fb5fb6bef9c@group-767F7A20ABB4-LeaderElection60] INFO  impl.RoleInfo (RoleInfo.java:shutdownLeaderElection(134)) - 4f0a8cce-cba4-44f5-8366-0fb5fb6bef9c: shutdown LeaderElection
2019-10-16 07:00:42,991 [4f0a8cce-cba4-44f5-8366-0fb5fb6bef9c@group-767F7A20ABB4-LeaderElection60] INFO  impl.RoleInfo (RoleInfo.java:updateAndGet(143)) - 4f0a8cce-cba4-44f5-8366-0fb5fb6bef9c: start FollowerState
2019-10-16 07:00:43,000 [Thread-932] INFO  impl.FollowerState (FollowerState.java:run(108)) - 4f0a8cce-cba4-44f5-8366-0fb5fb6bef9c@group-2CD2AED02A48-FollowerState: change to CANDIDATE, lastRpcTime:173ms, electionTimeout:173ms
2019-10-16 07:00:43,000 [Thread-932] INFO  impl.RoleInfo (RoleInfo.java:shutdownFollowerState(121)) - 4f0a8cce-cba4-44f5-8366-0fb5fb6bef9c: shutdown FollowerState
2019-10-16 07:00:43,000 [Thread-932] INFO  impl.RaftServerImpl (RaftServerImpl.java:setRole(184)) - 4f0a8cce-cba4-44f5-8366-0fb5fb6bef9c@group-2CD2AED02A48: changes role from  FOLLOWER to CANDIDATE at term 9 for changeToCandidate
2019-10-16 07:00:43,000 [Thread-932] INFO  impl.RoleInfo (RoleInfo.java:updateAndGet(143)) - 4f0a8cce-cba4-44f5-8366-0fb5fb6bef9c: start LeaderElection
2019-10-16 07:00:43,014 [4f0a8cce-cba4-44f5-8366-0fb5fb6bef9c@group-2CD2AED02A48-LeaderElection61] INFO  impl.LeaderElection (LeaderElection.java:askForVotes(178)) - 4f0a8cce-cba4-44f5-8366-0fb5fb6bef9c@group-2CD2AED02A48-LeaderElection61: begin an election at term 10 for -1: [433771fa-af38-4628-a40e-96bcd22c3694:192.168.69.68:34462, 4f0a8cce-cba4-44f5-8366-0fb5fb6bef9c:192.168.69.68:42866, d2d597b7-f29c-4b6e-a1dc-31783afe2111:192.168.69.68:40938], old=null
2019-10-16 07:00:43,017 [grpc-default-executor-5] INFO  impl.RaftServerImpl (RaftServerImpl.java:setRole(184)) - d2d597b7-f29c-4b6e-a1dc-31783afe2111@group-2CD2AED02A48: changes role from  FOLLOWER to FOLLOWER at term 10 for recognizeCandidate:4f0a8cce-cba4-44f5-8366-0fb5fb6bef9c
2019-10-16 07:00:43,017 [grpc-default-executor-6] INFO  impl.RaftServerImpl (RaftServerImpl.java:setRole(184)) - 433771fa-af38-4628-a40e-96bcd22c3694@group-2CD2AED02A48: changes role from  FOLLOWER to FOLLOWER at term 10 for recognizeCandidate:4f0a8cce-cba4-44f5-8366-0fb5fb6bef9c
2019-10-16 07:00:43,017 [grpc-default-executor-5] INFO  impl.RoleInfo (RoleInfo.java:shutdownFollowerState(121)) - d2d597b7-f29c-4b6e-a1dc-31783afe2111: shutdown FollowerState
2019-10-16 07:00:43,017 [grpc-default-executor-6] INFO  impl.RoleInfo (RoleInfo.java:shutdownFollowerState(121)) - 433771fa-af38-4628-a40e-96bcd22c3694: shutdown FollowerState
2019-10-16 07:00:43,017 [Thread-931] INFO  impl.FollowerState (FollowerState.java:run(117)) - d2d597b7-f29c-4b6e-a1dc-31783afe2111@group-2CD2AED02A48-FollowerState was interrupted: java.lang.InterruptedException: sleep interrupted
2019-10-16 07:00:43,017 [grpc-default-executor-5] INFO  impl.RoleInfo (RoleInfo.java:updateAndGet(143)) - d2d597b7-f29c-4b6e-a1dc-31783afe2111: start FollowerState
2019-10-16 07:00:43,017 [Thread-930] INFO  impl.FollowerState (FollowerState.java:run(117)) - 433771fa-af38-4628-a40e-96bcd22c3694@group-2CD2AED02A48-FollowerState was interrupted: java.lang.InterruptedException: sleep interrupted
2019-10-16 07:00:43,017 [grpc-default-executor-6] INFO  impl.RoleInfo (RoleInfo.java:updateAndGet(143)) - 433771fa-af38-4628-a40e-96bcd22c3694: start FollowerState
2019-10-16 07:00:43,045 [4f0a8cce-cba4-44f5-8366-0fb5fb6bef9c@group-2CD2AED02A48-LeaderElection61] INFO  impl.LeaderElection (LeaderElection.java:logAndReturn(56)) - 4f0a8cce-cba4-44f5-8366-0fb5fb6bef9c@group-2CD2AED02A48-LeaderElection61: Election REJECTED; received 2 response(s) [4f0a8cce-cba4-44f5-8366-0fb5fb6bef9c<-433771fa-af38-4628-a40e-96bcd22c3694#0:FAIL-t10, 4f0a8cce-cba4-44f5-8366-0fb5fb6bef9c<-d2d597b7-f29c-4b6e-a1dc-31783afe2111#0:FAIL-t10] and 0 exception(s); 4f0a8cce-cba4-44f5-8366-0fb5fb6bef9c@group-2CD2AED02A48:t10, leader=null, voted=4f0a8cce-cba4-44f5-8366-0fb5fb6bef9c, raftlog=4f0a8cce-cba4-44f5-8366-0fb5fb6bef9c@group-2CD2AED02A48-SegmentedRaftLog:OPENED:c-1,f-1,i0, conf=-1: [433771fa-af38-4628-a40e-96bcd22c3694:192.168.69.68:34462, 4f0a8cce-cba4-44f5-8366-0fb5fb6bef9c:192.168.69.68:42866, d2d597b7-f29c-4b6e-a1dc-31783afe2111:192.168.69.68:40938], old=null
2019-10-16 07:00:43,045 [4f0a8cce-cba4-44f5-8366-0fb5fb6bef9c@group-2CD2AED02A48-LeaderElection61] INFO  impl.RaftServerImpl (RaftServerImpl.java:setRole(184)) - 4f0a8cce-cba4-44f5-8366-0fb5fb6bef9c@group-2CD2AED02A48: changes role from CANDIDATE to FOLLOWER at term 10 for DISCOVERED_A_NEW_TERM
2019-10-16 07:00:43,045 [4f0a8cce-cba4-44f5-8366-0fb5fb6bef9c@group-2CD2AED02A48-LeaderElection61] INFO  impl.RoleInfo (RoleInfo.java:shutdownLeaderElection(134)) - 4f0a8cce-cba4-44f5-8366-0fb5fb6bef9c: shutdown LeaderElection
2019-10-16 07:00:43,045 [4f0a8cce-cba4-44f5-8366-0fb5fb6bef9c@group-2CD2AED02A48-LeaderElection61] INFO  impl.RoleInfo (RoleInfo.java:updateAndGet(143)) - 4f0a8cce-cba4-44f5-8366-0fb5fb6bef9c: start FollowerState
2019-10-16 07:00:43,068 [Thread-953] INFO  impl.FollowerState (FollowerState.java:run(108)) - 4f0a8cce-cba4-44f5-8366-0fb5fb6bef9c@group-2CD2AED02A48-FollowerState: change to CANDIDATE, lastRpcTime:23ms, electionTimeout:23ms
2019-10-16 07:00:43,069 [Thread-953] INFO  impl.RoleInfo (RoleInfo.java:shutdownFollowerState(121)) - 4f0a8cce-cba4-44f5-8366-0fb5fb6bef9c: shutdown FollowerState
2019-10-16 07:00:43,069 [Thread-953] INFO  impl.RaftServerImpl (RaftServerImpl.java:setRole(184)) - 4f0a8cce-cba4-44f5-8366-0fb5fb6bef9c@group-2CD2AED02A48: changes role from  FOLLOWER to CANDIDATE at term 10 for changeToCandidate
2019-10-16 07:00:43,069 [Thread-953] INFO  impl.RoleInfo (RoleInfo.java:updateAndGet(143)) - 4f0a8cce-cba4-44f5-8366-0fb5fb6bef9c: start LeaderElection
2019-10-16 07:00:43,082 [4f0a8cce-cba4-44f5-8366-0fb5fb6bef9c@group-2CD2AED02A48-LeaderElection62] INFO  impl.LeaderElection (LeaderElection.java:askForVotes(178)) - 4f0a8cce-cba4-44f5-8366-0fb5fb6bef9c@group-2CD2AED02A48-LeaderElection62: begin an election at term 11 for -1: [433771fa-af38-4628-a40e-96bcd22c3694:192.168.69.68:34462, 4f0a8cce-cba4-44f5-8366-0fb5fb6bef9c:192.168.69.68:42866, d2d597b7-f29c-4b6e-a1dc-31783afe2111:192.168.69.68:40938], old=null
2019-10-16 07:00:43,084 [grpc-default-executor-6] INFO  impl.RaftServerImpl (RaftServerImpl.java:setRole(184)) - d2d597b7-f29c-4b6e-a1dc-31783afe2111@group-2CD2AED02A48: changes role from  FOLLOWER to FOLLOWER at term 11 for recognizeCandidate:4f0a8cce-cba4-44f5-8366-0fb5fb6bef9c
2019-10-16 07:00:43,085 [grpc-default-executor-6] INFO  impl.RoleInfo (RoleInfo.java:shutdownFollowerState(121)) - d2d597b7-f29c-4b6e-a1dc-31783afe2111: shutdown FollowerState
2019-10-16 07:00:43,085 [grpc-default-executor-5] INFO  impl.RaftServerImpl (RaftServerImpl.java:setRole(184)) - 433771fa-af38-4628-a40e-96bcd22c3694@group-2CD2AED02A48: changes role from  FOLLOWER to FOLLOWER at term 11 for recognizeCandidate:4f0a8cce-cba4-44f5-8366-0fb5fb6bef9c
2019-10-16 07:00:43,085 [Thread-951] INFO  impl.FollowerState (FollowerState.java:run(117)) - d2d597b7-f29c-4b6e-a1dc-31783afe2111@group-2CD2AED02A48-FollowerState was interrupted: java.lang.InterruptedException: sleep interrupted
2019-10-16 07:00:43,085 [grpc-default-executor-6] INFO  impl.RoleInfo (RoleInfo.java:updateAndGet(143)) - d2d597b7-f29c-4b6e-a1dc-31783afe2111: start FollowerState
2019-10-16 07:00:43,085 [grpc-default-executor-5] INFO  impl.RoleInfo (RoleInfo.java:shutdownFollowerState(121)) - 433771fa-af38-4628-a40e-96bcd22c3694: shutdown FollowerState
2019-10-16 07:00:43,085 [Thread-952] INFO  impl.FollowerState (FollowerState.java:run(117)) - 433771fa-af38-4628-a40e-96bcd22c3694@group-2CD2AED02A48-FollowerState was interrupted: java.lang.InterruptedException: sleep interrupted
2019-10-16 07:00:43,085 [grpc-default-executor-5] INFO  impl.RoleInfo (RoleInfo.java:updateAndGet(143)) - 433771fa-af38-4628-a40e-96bcd22c3694: start FollowerState
2019-10-16 07:00:43,099 [4f0a8cce-cba4-44f5-8366-0fb5fb6bef9c@group-2CD2AED02A48-LeaderElection62] INFO  impl.LeaderElection (LeaderElection.java:logAndReturn(56)) - 4f0a8cce-cba4-44f5-8366-0fb5fb6bef9c@group-2CD2AED02A48-LeaderElection62: Election REJECTED; received 2 response(s) [4f0a8cce-cba4-44f5-8366-0fb5fb6bef9c<-433771fa-af38-4628-a40e-96bcd22c3694#0:FAIL-t11, 4f0a8cce-cba4-44f5-8366-0fb5fb6bef9c<-d2d597b7-f29c-4b6e-a1dc-31783afe2111#0:FAIL-t11] and 0 exception(s); 4f0a8cce-cba4-44f5-8366-0fb5fb6bef9c@group-2CD2AED02A48:t11, leader=null, voted=4f0a8cce-cba4-44f5-8366-0fb5fb6bef9c, raftlog=4f0a8cce-cba4-44f5-8366-0fb5fb6bef9c@group-2CD2AED02A48-SegmentedRaftLog:OPENED:c-1,f-1,i0, conf=-1: [433771fa-af38-4628-a40e-96bcd22c3694:192.168.69.68:34462, 4f0a8cce-cba4-44f5-8366-0fb5fb6bef9c:192.168.69.68:42866, d2d597b7-f29c-4b6e-a1dc-31783afe2111:192.168.69.68:40938], old=null
2019-10-16 07:00:43,099 [4f0a8cce-cba4-44f5-8366-0fb5fb6bef9c@group-2CD2AED02A48-LeaderElection62] INFO  impl.RaftServerImpl (RaftServerImpl.java:setRole(184)) - 4f0a8cce-cba4-44f5-8366-0fb5fb6bef9c@group-2CD2AED02A48: changes role from CANDIDATE to FOLLOWER at term 11 for DISCOVERED_A_NEW_TERM
2019-10-16 07:00:43,099 [4f0a8cce-cba4-44f5-8366-0fb5fb6bef9c@group-2CD2AED02A48-LeaderElection62] INFO  impl.RoleInfo (RoleInfo.java:shutdownLeaderElection(134)) - 4f0a8cce-cba4-44f5-8366-0fb5fb6bef9c: shutdown LeaderElection
2019-10-16 07:00:43,099 [4f0a8cce-cba4-44f5-8366-0fb5fb6bef9c@group-2CD2AED02A48-LeaderElection62] INFO  impl.RoleInfo (RoleInfo.java:updateAndGet(143)) - 4f0a8cce-cba4-44f5-8366-0fb5fb6bef9c: start FollowerState
2019-10-16 07:00:43,166 [Thread-947] INFO  impl.FollowerState (FollowerState.java:run(108)) - 4f0a8cce-cba4-44f5-8366-0fb5fb6bef9c@group-767F7A20ABB4-FollowerState: change to CANDIDATE, lastRpcTime:174ms, electionTimeout:174ms
2019-10-16 07:00:43,166 [Thread-947] INFO  impl.RoleInfo (RoleInfo.java:shutdownFollowerState(121)) - 4f0a8cce-cba4-44f5-8366-0fb5fb6bef9c: shutdown FollowerState
2019-10-16 07:00:43,166 [Thread-947] INFO  impl.RaftServerImpl (RaftServerImpl.java:setRole(184)) - 4f0a8cce-cba4-44f5-8366-0fb5fb6bef9c@group-767F7A20ABB4: changes role from  FOLLOWER to CANDIDATE at term 49 for changeToCandidate
2019-10-16 07:00:43,166 [Thread-947] INFO  impl.RoleInfo (RoleInfo.java:updateAndGet(143)) - 4f0a8cce-cba4-44f5-8366-0fb5fb6bef9c: start LeaderElection
2019-10-16 07:00:43,181 [4f0a8cce-cba4-44f5-8366-0fb5fb6bef9c@group-767F7A20ABB4-LeaderElection63] INFO  impl.LeaderElection (LeaderElection.java:askForVotes(178)) - 4f0a8cce-cba4-44f5-8366-0fb5fb6bef9c@group-767F7A20ABB4-LeaderElection63: begin an election at term 50 for 0: [433771fa-af38-4628-a40e-96bcd22c3694:192.168.69.68:34462, 4f0a8cce-cba4-44f5-8366-0fb5fb6bef9c:192.168.69.68:42866, d2d597b7-f29c-4b6e-a1dc-31783afe2111:192.168.69.68:40938], old=null
2019-10-16 07:00:43,184 [grpc-default-executor-6] INFO  impl.RaftServerImpl (RaftServerImpl.java:setRole(184)) - 433771fa-af38-4628-a40e-96bcd22c3694@group-767F7A20ABB4: changes role from  FOLLOWER to FOLLOWER at term 50 for recognizeCandidate:4f0a8cce-cba4-44f5-8366-0fb5fb6bef9c
2019-10-16 07:00:43,184 [grpc-default-executor-6] INFO  impl.RoleInfo (RoleInfo.java:shutdownFollowerState(121)) - 433771fa-af38-4628-a40e-96bcd22c3694: shutdown FollowerState
2019-10-16 07:00:43,184 [grpc-default-executor-5] INFO  impl.RaftServerImpl (RaftServerImpl.java:setRole(184)) - d2d597b7-f29c-4b6e-a1dc-31783afe2111@group-767F7A20ABB4: changes role from  FOLLOWER to FOLLOWER at term 50 for recognizeCandidate:4f0a8cce-cba4-44f5-8366-0fb5fb6bef9c
2019-10-16 07:00:43,184 [Thread-945] INFO  impl.FollowerState (FollowerState.java:run(117)) - 433771fa-af38-4628-a40e-96bcd22c3694@group-767F7A20ABB4-FollowerState was interrupted: java.lang.InterruptedException: sleep interrupted
2019-10-16 07:00:43,184 [grpc-default-executor-6] INFO  impl.RoleInfo (RoleInfo.java:updateAndGet(143)) - 433771fa-af38-4628-a40e-96bcd22c3694: start FollowerState
2019-10-16 07:00:43,185 [grpc-default-executor-5] INFO  impl.RoleInfo (RoleInfo.java:shutdownFollowerState(121)) - d2d597b7-f29c-4b6e-a1dc-31783afe2111: shutdown FollowerState
2019-10-16 07:00:43,185 [Thread-946] INFO  impl.FollowerState (FollowerState.java:run(117)) - d2d597b7-f29c-4b6e-a1dc-31783afe2111@group-767F7A20ABB4-FollowerState was interrupted: java.lang.InterruptedException: sleep interrupted
2019-10-16 07:00:43,185 [grpc-default-executor-5] INFO  impl.RoleInfo (RoleInfo.java:updateAndGet(143)) - d2d597b7-f29c-4b6e-a1dc-31783afe2111: start FollowerState
2019-10-16 07:00:43,202 [4f0a8cce-cba4-44f5-8366-0fb5fb6bef9c@group-767F7A20ABB4-LeaderElection63] INFO  impl.LeaderElection (LeaderElection.java:logAndReturn(56)) - 4f0a8cce-cba4-44f5-8366-0fb5fb6bef9c@group-767F7A20ABB4-LeaderElection63: Election REJECTED; received 2 response(s) [4f0a8cce-cba4-44f5-8366-0fb5fb6bef9c<-433771fa-af38-4628-a40e-96bcd22c3694#0:FAIL-t50, 4f0a8cce-cba4-44f5-8366-0fb5fb6bef9c<-d2d597b7-f29c-4b6e-a1dc-31783afe2111#0:FAIL-t50] and 0 exception(s); 4f0a8cce-cba4-44f5-8366-0fb5fb6bef9c@group-767F7A20ABB4:t50, leader=null, voted=4f0a8cce-cba4-44f5-8366-0fb5fb6bef9c, raftlog=4f0a8cce-cba4-44f5-8366-0fb5fb6bef9c@group-767F7A20ABB4-SegmentedRaftLog:OPENED:c3,f4,i4, conf=0: [433771fa-af38-4628-a40e-96bcd22c3694:192.168.69.68:34462, 4f0a8cce-cba4-44f5-8366-0fb5fb6bef9c:192.168.69.68:42866, d2d597b7-f29c-4b6e-a1dc-31783afe2111:192.168.69.68:40938], old=null
2019-10-16 07:00:43,202 [4f0a8cce-cba4-44f5-8366-0fb5fb6bef9c@group-767F7A20ABB4-LeaderElection63] INFO  impl.RaftServerImpl (RaftServerImpl.java:setRole(184)) - 4f0a8cce-cba4-44f5-8366-0fb5fb6bef9c@group-767F7A20ABB4: changes role from CANDIDATE to FOLLOWER at term 50 for DISCOVERED_A_NEW_TERM
2019-10-16 07:00:43,203 [4f0a8cce-cba4-44f5-8366-0fb5fb6bef9c@group-767F7A20ABB4-LeaderElection63] INFO  impl.RoleInfo (RoleInfo.java:shutdownLeaderElection(134)) - 4f0a8cce-cba4-44f5-8366-0fb5fb6bef9c: shutdown LeaderElection
2019-10-16 07:00:43,203 [4f0a8cce-cba4-44f5-8366-0fb5fb6bef9c@group-767F7A20ABB4-LeaderElection63] INFO  impl.RoleInfo (RoleInfo.java:updateAndGet(143)) - 4f0a8cce-cba4-44f5-8366-0fb5fb6bef9c: start FollowerState
2019-10-16 07:00:43,208 [BlockDeletingService#2] WARN  background.BlockDeletingService (BlockDeletingService.java:isDeletionAllowed(187)) - Close Container log Index 6 is not replicated across allthe servers in the pipeline f466b838-ca87-44ef-9280-767f7a20abb4 as the min replicated index is 4. Deletion is not allowed in this container yet.
2019-10-16 07:00:43,208 [BlockDeletingService#0] WARN  background.BlockDeletingService (BlockDeletingService.java:isDeletionAllowed(187)) - Close Container log Index 6 is not replicated across allthe servers in the pipeline f466b838-ca87-44ef-9280-767f7a20abb4 as the min replicated index is 4. Deletion is not allowed in this container yet.
2019-10-16 07:00:43,256 [Thread-959] INFO  impl.FollowerState (FollowerState.java:run(108)) - 4f0a8cce-cba4-44f5-8366-0fb5fb6bef9c@group-2CD2AED02A48-FollowerState: change to CANDIDATE, lastRpcTime:156ms, electionTimeout:156ms
2019-10-16 07:00:43,256 [Thread-959] INFO  impl.RoleInfo (RoleInfo.java:shutdownFollowerState(121)) - 4f0a8cce-cba4-44f5-8366-0fb5fb6bef9c: shutdown FollowerState
2019-10-16 07:00:43,256 [Thread-959] INFO  impl.RaftServerImpl (RaftServerImpl.java:setRole(184)) - 4f0a8cce-cba4-44f5-8366-0fb5fb6bef9c@group-2CD2AED02A48: changes role from  FOLLOWER to CANDIDATE at term 11 for changeToCandidate
2019-10-16 07:00:43,256 [Thread-959] INFO  impl.RoleInfo (RoleInfo.java:updateAndGet(143)) - 4f0a8cce-cba4-44f5-8366-0fb5fb6bef9c: start LeaderElection
2019-10-16 07:00:43,270 [4f0a8cce-cba4-44f5-8366-0fb5fb6bef9c@group-2CD2AED02A48-LeaderElection64] INFO  impl.LeaderElection (LeaderElection.java:askForVotes(178)) - 4f0a8cce-cba4-44f5-8366-0fb5fb6bef9c@group-2CD2AED02A48-LeaderElection64: begin an election at term 12 for -1: [433771fa-af38-4628-a40e-96bcd22c3694:192.168.69.68:34462, 4f0a8cce-cba4-44f5-8366-0fb5fb6bef9c:192.168.69.68:42866, d2d597b7-f29c-4b6e-a1dc-31783afe2111:192.168.69.68:40938], old=null
2019-10-16 07:00:43,273 [grpc-default-executor-5] INFO  impl.RaftServerImpl (RaftServerImpl.java:setRole(184)) - d2d597b7-f29c-4b6e-a1dc-31783afe2111@group-2CD2AED02A48: changes role from  FOLLOWER to FOLLOWER at term 12 for recognizeCandidate:4f0a8cce-cba4-44f5-8366-0fb5fb6bef9c
2019-10-16 07:00:43,273 [grpc-default-executor-6] INFO  impl.RaftServerImpl (RaftServerImpl.java:setRole(184)) - 433771fa-af38-4628-a40e-96bcd22c3694@group-2CD2AED02A48: changes role from  FOLLOWER to FOLLOWER at term 12 for recognizeCandidate:4f0a8cce-cba4-44f5-8366-0fb5fb6bef9c
2019-10-16 07:00:43,273 [grpc-default-executor-5] INFO  impl.RoleInfo (RoleInfo.java:shutdownFollowerState(121)) - d2d597b7-f29c-4b6e-a1dc-31783afe2111: shutdown FollowerState
2019-10-16 07:00:43,273 [grpc-default-executor-6] INFO  impl.RoleInfo (RoleInfo.java:shutdownFollowerState(121)) - 433771fa-af38-4628-a40e-96bcd22c3694: shutdown FollowerState
2019-10-16 07:00:43,273 [Thread-957] INFO  impl.FollowerState (FollowerState.java:run(117)) - d2d597b7-f29c-4b6e-a1dc-31783afe2111@group-2CD2AED02A48-FollowerState was interrupted: java.lang.InterruptedException: sleep interrupted
2019-10-16 07:00:43,273 [grpc-default-executor-5] INFO  impl.RoleInfo (RoleInfo.java:updateAndGet(143)) - d2d597b7-f29c-4b6e-a1dc-31783afe2111: start FollowerState
2019-10-16 07:00:43,274 [Thread-958] INFO  impl.FollowerState (FollowerState.java:run(117)) - 433771fa-af38-4628-a40e-96bcd22c3694@group-2CD2AED02A48-FollowerState was interrupted: java.lang.InterruptedException: sleep interrupted
2019-10-16 07:00:43,274 [grpc-default-executor-6] INFO  impl.RoleInfo (RoleInfo.java:updateAndGet(143)) - 433771fa-af38-4628-a40e-96bcd22c3694: start FollowerState
2019-10-16 07:00:43,289 [4f0a8cce-cba4-44f5-8366-0fb5fb6bef9c@group-2CD2AED02A48-LeaderElection64] INFO  impl.LeaderElection (LeaderElection.java:logAndReturn(56)) - 4f0a8cce-cba4-44f5-8366-0fb5fb6bef9c@group-2CD2AED02A48-LeaderElection64: Election REJECTED; received 2 response(s) [4f0a8cce-cba4-44f5-8366-0fb5fb6bef9c<-433771fa-af38-4628-a40e-96bcd22c3694#0:FAIL-t12, 4f0a8cce-cba4-44f5-8366-0fb5fb6bef9c<-d2d597b7-f29c-4b6e-a1dc-31783afe2111#0:FAIL-t12] and 0 exception(s); 4f0a8cce-cba4-44f5-8366-0fb5fb6bef9c@group-2CD2AED02A48:t12, leader=null, voted=4f0a8cce-cba4-44f5-8366-0fb5fb6bef9c, raftlog=4f0a8cce-cba4-44f5-8366-0fb5fb6bef9c@group-2CD2AED02A48-SegmentedRaftLog:OPENED:c-1,f-1,i0, conf=-1: [433771fa-af38-4628-a40e-96bcd22c3694:192.168.69.68:34462, 4f0a8cce-cba4-44f5-8366-0fb5fb6bef9c:192.168.69.68:42866, d2d597b7-f29c-4b6e-a1dc-31783afe2111:192.168.69.68:40938], old=null
2019-10-16 07:00:43,289 [4f0a8cce-cba4-44f5-8366-0fb5fb6bef9c@group-2CD2AED02A48-LeaderElection64] INFO  impl.RaftServerImpl (RaftServerImpl.java:setRole(184)) - 4f0a8cce-cba4-44f5-8366-0fb5fb6bef9c@group-2CD2AED02A48: changes role from CANDIDATE to FOLLOWER at term 12 for DISCOVERED_A_NEW_TERM
2019-10-16 07:00:43,289 [4f0a8cce-cba4-44f5-8366-0fb5fb6bef9c@group-2CD2AED02A48-LeaderElection64] INFO  impl.RoleInfo (RoleInfo.java:shutdownLeaderElection(134)) - 4f0a8cce-cba4-44f5-8366-0fb5fb6bef9c: shutdown LeaderElection
2019-10-16 07:00:43,289 [4f0a8cce-cba4-44f5-8366-0fb5fb6bef9c@group-2CD2AED02A48-LeaderElection64] INFO  impl.RoleInfo (RoleInfo.java:updateAndGet(143)) - 4f0a8cce-cba4-44f5-8366-0fb5fb6bef9c: start FollowerState
2019-10-16 07:00:43,340 [Thread-965] INFO  impl.FollowerState (FollowerState.java:run(108)) - 4f0a8cce-cba4-44f5-8366-0fb5fb6bef9c@group-767F7A20ABB4-FollowerState: change to CANDIDATE, lastRpcTime:137ms, electionTimeout:137ms
2019-10-16 07:00:43,340 [Thread-965] INFO  impl.RoleInfo (RoleInfo.java:shutdownFollowerState(121)) - 4f0a8cce-cba4-44f5-8366-0fb5fb6bef9c: shutdown FollowerState
2019-10-16 07:00:43,340 [Thread-965] INFO  impl.RaftServerImpl (RaftServerImpl.java:setRole(184)) - 4f0a8cce-cba4-44f5-8366-0fb5fb6bef9c@group-767F7A20ABB4: changes role from  FOLLOWER to CANDIDATE at term 50 for changeToCandidate
2019-10-16 07:00:43,341 [Thread-965] INFO  impl.RoleInfo (RoleInfo.java:updateAndGet(143)) - 4f0a8cce-cba4-44f5-8366-0fb5fb6bef9c: start LeaderElection
2019-10-16 07:00:43,353 [4f0a8cce-cba4-44f5-8366-0fb5fb6bef9c@group-767F7A20ABB4-LeaderElection65] INFO  impl.LeaderElection (LeaderElection.java:askForVotes(178)) - 4f0a8cce-cba4-44f5-8366-0fb5fb6bef9c@group-767F7A20ABB4-LeaderElection65: begin an election at term 51 for 0: [433771fa-af38-4628-a40e-96bcd22c3694:192.168.69.68:34462, 4f0a8cce-cba4-44f5-8366-0fb5fb6bef9c:192.168.69.68:42866, d2d597b7-f29c-4b6e-a1dc-31783afe2111:192.168.69.68:40938], old=null
2019-10-16 07:00:43,356 [grpc-default-executor-6] INFO  impl.RaftServerImpl (RaftServerImpl.java:setRole(184)) - 433771fa-af38-4628-a40e-96bcd22c3694@group-767F7A20ABB4: changes role from  FOLLOWER to FOLLOWER at term 51 for recognizeCandidate:4f0a8cce-cba4-44f5-8366-0fb5fb6bef9c
2019-10-16 07:00:43,356 [grpc-default-executor-6] INFO  impl.RoleInfo (RoleInfo.java:shutdownFollowerState(121)) - 433771fa-af38-4628-a40e-96bcd22c3694: shutdown FollowerState
2019-10-16 07:00:43,356 [grpc-default-executor-6] INFO  impl.RoleInfo (RoleInfo.java:updateAndGet(143)) - 433771fa-af38-4628-a40e-96bcd22c3694: start FollowerState
2019-10-16 07:00:43,356 [Thread-963] INFO  impl.FollowerState (FollowerState.java:run(117)) - 433771fa-af38-4628-a40e-96bcd22c3694@group-767F7A20ABB4-FollowerState was interrupted: java.lang.InterruptedException: sleep interrupted
2019-10-16 07:00:43,356 [grpc-default-executor-5] INFO  impl.RaftServerImpl (RaftServerImpl.java:setRole(184)) - d2d597b7-f29c-4b6e-a1dc-31783afe2111@group-767F7A20ABB4: changes role from  FOLLOWER to FOLLOWER at term 51 for recognizeCandidate:4f0a8cce-cba4-44f5-8366-0fb5fb6bef9c
2019-10-16 07:00:43,356 [grpc-default-executor-5] INFO  impl.RoleInfo (RoleInfo.java:shutdownFollowerState(121)) - d2d597b7-f29c-4b6e-a1dc-31783afe2111: shutdown FollowerState
2019-10-16 07:00:43,357 [grpc-default-executor-5] INFO  impl.RoleInfo (RoleInfo.java:updateAndGet(143)) - d2d597b7-f29c-4b6e-a1dc-31783afe2111: start FollowerState
2019-10-16 07:00:43,357 [Thread-964] INFO  impl.FollowerState (FollowerState.java:run(117)) - d2d597b7-f29c-4b6e-a1dc-31783afe2111@group-767F7A20ABB4-FollowerState was interrupted: java.lang.InterruptedException: sleep interrupted
2019-10-16 07:00:43,368 [4f0a8cce-cba4-44f5-8366-0fb5fb6bef9c@group-767F7A20ABB4-LeaderElection65] INFO  impl.LeaderElection (LeaderElection.java:logAndReturn(56)) - 4f0a8cce-cba4-44f5-8366-0fb5fb6bef9c@group-767F7A20ABB4-LeaderElection65: Election TIMEOUT; received 0 response(s) [] and 0 exception(s); 4f0a8cce-cba4-44f5-8366-0fb5fb6bef9c@group-767F7A20ABB4:t51, leader=null, voted=4f0a8cce-cba4-44f5-8366-0fb5fb6bef9c, raftlog=4f0a8cce-cba4-44f5-8366-0fb5fb6bef9c@group-767F7A20ABB4-SegmentedRaftLog:OPENED:c3,f4,i4, conf=0: [433771fa-af38-4628-a40e-96bcd22c3694:192.168.69.68:34462, 4f0a8cce-cba4-44f5-8366-0fb5fb6bef9c:192.168.69.68:42866, d2d597b7-f29c-4b6e-a1dc-31783afe2111:192.168.69.68:40938], old=null
2019-10-16 07:00:43,382 [4f0a8cce-cba4-44f5-8366-0fb5fb6bef9c@group-767F7A20ABB4-LeaderElection65] INFO  impl.LeaderElection (LeaderElection.java:askForVotes(178)) - 4f0a8cce-cba4-44f5-8366-0fb5fb6bef9c@group-767F7A20ABB4-LeaderElection65: begin an election at term 52 for 0: [433771fa-af38-4628-a40e-96bcd22c3694:192.168.69.68:34462, 4f0a8cce-cba4-44f5-8366-0fb5fb6bef9c:192.168.69.68:42866, d2d597b7-f29c-4b6e-a1dc-31783afe2111:192.168.69.68:40938], old=null
2019-10-16 07:00:43,385 [grpc-default-executor-5] INFO  impl.RaftServerImpl (RaftServerImpl.java:setRole(184)) - 433771fa-af38-4628-a40e-96bcd22c3694@group-767F7A20ABB4: changes role from  FOLLOWER to FOLLOWER at term 52 for recognizeCandidate:4f0a8cce-cba4-44f5-8366-0fb5fb6bef9c
2019-10-16 07:00:43,385 [grpc-default-executor-5] INFO  impl.RoleInfo (RoleInfo.java:shutdownFollowerState(121)) - 433771fa-af38-4628-a40e-96bcd22c3694: shutdown FollowerState
2019-10-16 07:00:43,386 [grpc-default-executor-6] INFO  impl.RaftServerImpl (RaftServerImpl.java:setRole(184)) - d2d597b7-f29c-4b6e-a1dc-31783afe2111@group-767F7A20ABB4: changes role from  FOLLOWER to FOLLOWER at term 52 for recognizeCandidate:4f0a8cce-cba4-44f5-8366-0fb5fb6bef9c
2019-10-16 07:00:43,386 [Thread-977] INFO  impl.FollowerState (FollowerState.java:run(117)) - 433771fa-af38-4628-a40e-96bcd22c3694@group-767F7A20ABB4-FollowerState was interrupted: java.lang.InterruptedException: sleep interrupted
2019-10-16 07:00:43,386 [grpc-default-executor-5] INFO  impl.RoleInfo (RoleInfo.java:updateAndGet(143)) - 433771fa-af38-4628-a40e-96bcd22c3694: start FollowerState
2019-10-16 07:00:43,386 [grpc-default-executor-6] INFO  impl.RoleInfo (RoleInfo.java:shutdownFollowerState(121)) - d2d597b7-f29c-4b6e-a1dc-31783afe2111: shutdown FollowerState
2019-10-16 07:00:43,386 [grpc-default-executor-6] INFO  impl.RoleInfo (RoleInfo.java:updateAndGet(143)) - d2d597b7-f29c-4b6e-a1dc-31783afe2111: start FollowerState
2019-10-16 07:00:43,386 [Thread-978] INFO  impl.FollowerState (FollowerState.java:run(117)) - d2d597b7-f29c-4b6e-a1dc-31783afe2111@group-767F7A20ABB4-FollowerState was interrupted: java.lang.InterruptedException: sleep interrupted
2019-10-16 07:00:43,413 [4f0a8cce-cba4-44f5-8366-0fb5fb6bef9c@group-767F7A20ABB4-LeaderElection65] INFO  impl.LeaderElection (LeaderElection.java:logAndReturn(56)) - 4f0a8cce-cba4-44f5-8366-0fb5fb6bef9c@group-767F7A20ABB4-LeaderElection65: Election REJECTED; received 2 response(s) [4f0a8cce-cba4-44f5-8366-0fb5fb6bef9c<-433771fa-af38-4628-a40e-96bcd22c3694#0:FAIL-t52, 4f0a8cce-cba4-44f5-8366-0fb5fb6bef9c<-d2d597b7-f29c-4b6e-a1dc-31783afe2111#0:FAIL-t52] and 0 exception(s); 4f0a8cce-cba4-44f5-8366-0fb5fb6bef9c@group-767F7A20ABB4:t52, leader=null, voted=4f0a8cce-cba4-44f5-8366-0fb5fb6bef9c, raftlog=4f0a8cce-cba4-44f5-8366-0fb5fb6bef9c@group-767F7A20ABB4-SegmentedRaftLog:OPENED:c3,f4,i4, conf=0: [433771fa-af38-4628-a40e-96bcd22c3694:192.168.69.68:34462, 4f0a8cce-cba4-44f5-8366-0fb5fb6bef9c:192.168.69.68:42866, d2d597b7-f29c-4b6e-a1dc-31783afe2111:192.168.69.68:40938], old=null
2019-10-16 07:00:43,413 [4f0a8cce-cba4-44f5-8366-0fb5fb6bef9c@group-767F7A20ABB4-LeaderElection65] INFO  impl.RaftServerImpl (RaftServerImpl.java:setRole(184)) - 4f0a8cce-cba4-44f5-8366-0fb5fb6bef9c@group-767F7A20ABB4: changes role from CANDIDATE to FOLLOWER at term 52 for DISCOVERED_A_NEW_TERM
2019-10-16 07:00:43,413 [4f0a8cce-cba4-44f5-8366-0fb5fb6bef9c@group-767F7A20ABB4-LeaderElection65] INFO  impl.RoleInfo (RoleInfo.java:shutdownLeaderElection(134)) - 4f0a8cce-cba4-44f5-8366-0fb5fb6bef9c: shutdown LeaderElection
2019-10-16 07:00:43,413 [4f0a8cce-cba4-44f5-8366-0fb5fb6bef9c@group-767F7A20ABB4-LeaderElection65] INFO  impl.RoleInfo (RoleInfo.java:updateAndGet(143)) - 4f0a8cce-cba4-44f5-8366-0fb5fb6bef9c: start FollowerState
2019-10-16 07:00:43,414 [Thread-973] INFO  impl.FollowerState (FollowerState.java:run(108)) - 4f0a8cce-cba4-44f5-8366-0fb5fb6bef9c@group-2CD2AED02A48-FollowerState: change to CANDIDATE, lastRpcTime:125ms, electionTimeout:125ms
2019-10-16 07:00:43,414 [Thread-973] INFO  impl.RoleInfo (RoleInfo.java:shutdownFollowerState(121)) - 4f0a8cce-cba4-44f5-8366-0fb5fb6bef9c: shutdown FollowerState
2019-10-16 07:00:43,415 [Thread-973] INFO  impl.RaftServerImpl (RaftServerImpl.java:setRole(184)) - 4f0a8cce-cba4-44f5-8366-0fb5fb6bef9c@group-2CD2AED02A48: changes role from  FOLLOWER to CANDIDATE at term 12 for changeToCandidate
2019-10-16 07:00:43,415 [Thread-973] INFO  impl.RoleInfo (RoleInfo.java:updateAndGet(143)) - 4f0a8cce-cba4-44f5-8366-0fb5fb6bef9c: start LeaderElection
2019-10-16 07:00:43,430 [4f0a8cce-cba4-44f5-8366-0fb5fb6bef9c@group-2CD2AED02A48-LeaderElection66] INFO  impl.LeaderElection (LeaderElection.java:askForVotes(178)) - 4f0a8cce-cba4-44f5-8366-0fb5fb6bef9c@group-2CD2AED02A48-LeaderElection66: begin an election at term 13 for -1: [433771fa-af38-4628-a40e-96bcd22c3694:192.168.69.68:34462, 4f0a8cce-cba4-44f5-8366-0fb5fb6bef9c:192.168.69.68:42866, d2d597b7-f29c-4b6e-a1dc-31783afe2111:192.168.69.68:40938], old=null
2019-10-16 07:00:43,432 [grpc-default-executor-6] INFO  impl.RaftServerImpl (RaftServerImpl.java:setRole(184)) - 433771fa-af38-4628-a40e-96bcd22c3694@group-2CD2AED02A48: changes role from  FOLLOWER to FOLLOWER at term 13 for recognizeCandidate:4f0a8cce-cba4-44f5-8366-0fb5fb6bef9c
2019-10-16 07:00:43,433 [grpc-default-executor-6] INFO  impl.RoleInfo (RoleInfo.java:shutdownFollowerState(121)) - 433771fa-af38-4628-a40e-96bcd22c3694: shutdown FollowerState
2019-10-16 07:00:43,433 [Thread-972] INFO  impl.FollowerState (FollowerState.java:run(117)) - 433771fa-af38-4628-a40e-96bcd22c3694@group-2CD2AED02A48-FollowerState was interrupted: java.lang.InterruptedException: sleep interrupted
2019-10-16 07:00:43,433 [grpc-default-executor-6] INFO  impl.RoleInfo (RoleInfo.java:updateAndGet(143)) - 433771fa-af38-4628-a40e-96bcd22c3694: start FollowerState
2019-10-16 07:00:43,433 [grpc-default-executor-5] INFO  impl.RaftServerImpl (RaftServerImpl.java:setRole(184)) - d2d597b7-f29c-4b6e-a1dc-31783afe2111@group-2CD2AED02A48: changes role from  FOLLOWER to FOLLOWER at term 13 for recognizeCandidate:4f0a8cce-cba4-44f5-8366-0fb5fb6bef9c
2019-10-16 07:00:43,433 [grpc-default-executor-5] INFO  impl.RoleInfo (RoleInfo.java:shutdownFollowerState(121)) - d2d597b7-f29c-4b6e-a1dc-31783afe2111: shutdown FollowerState
2019-10-16 07:00:43,434 [grpc-default-executor-5] INFO  impl.RoleInfo (RoleInfo.java:updateAndGet(143)) - d2d597b7-f29c-4b6e-a1dc-31783afe2111: start FollowerState
2019-10-16 07:00:43,434 [Thread-971] INFO  impl.FollowerState (FollowerState.java:run(117)) - d2d597b7-f29c-4b6e-a1dc-31783afe2111@group-2CD2AED02A48-FollowerState was interrupted: java.lang.InterruptedException: sleep interrupted
2019-10-16 07:00:43,448 [4f0a8cce-cba4-44f5-8366-0fb5fb6bef9c@group-2CD2AED02A48-LeaderElection66] INFO  impl.LeaderElection (LeaderElection.java:logAndReturn(56)) - 4f0a8cce-cba4-44f5-8366-0fb5fb6bef9c@group-2CD2AED02A48-LeaderElection66: Election REJECTED; received 2 response(s) [4f0a8cce-cba4-44f5-8366-0fb5fb6bef9c<-433771fa-af38-4628-a40e-96bcd22c3694#0:FAIL-t13, 4f0a8cce-cba4-44f5-8366-0fb5fb6bef9c<-d2d597b7-f29c-4b6e-a1dc-31783afe2111#0:FAIL-t13] and 0 exception(s); 4f0a8cce-cba4-44f5-8366-0fb5fb6bef9c@group-2CD2AED02A48:t13, leader=null, voted=4f0a8cce-cba4-44f5-8366-0fb5fb6bef9c, raftlog=4f0a8cce-cba4-44f5-8366-0fb5fb6bef9c@group-2CD2AED02A48-SegmentedRaftLog:OPENED:c-1,f-1,i0, conf=-1: [433771fa-af38-4628-a40e-96bcd22c3694:192.168.69.68:34462, 4f0a8cce-cba4-44f5-8366-0fb5fb6bef9c:192.168.69.68:42866, d2d597b7-f29c-4b6e-a1dc-31783afe2111:192.168.69.68:40938], old=null
2019-10-16 07:00:43,448 [4f0a8cce-cba4-44f5-8366-0fb5fb6bef9c@group-2CD2AED02A48-LeaderElection66] INFO  impl.RaftServerImpl (RaftServerImpl.java:setRole(184)) - 4f0a8cce-cba4-44f5-8366-0fb5fb6bef9c@group-2CD2AED02A48: changes role from CANDIDATE to FOLLOWER at term 13 for DISCOVERED_A_NEW_TERM
2019-10-16 07:00:43,448 [4f0a8cce-cba4-44f5-8366-0fb5fb6bef9c@group-2CD2AED02A48-LeaderElection66] INFO  impl.RoleInfo (RoleInfo.java:shutdownLeaderElection(134)) - 4f0a8cce-cba4-44f5-8366-0fb5fb6bef9c: shutdown LeaderElection
2019-10-16 07:00:43,449 [4f0a8cce-cba4-44f5-8366-0fb5fb6bef9c@group-2CD2AED02A48-LeaderElection66] INFO  impl.RoleInfo (RoleInfo.java:updateAndGet(143)) - 4f0a8cce-cba4-44f5-8366-0fb5fb6bef9c: start FollowerState
2019-10-16 07:00:43,583 [Thread-983] INFO  impl.FollowerState (FollowerState.java:run(108)) - 4f0a8cce-cba4-44f5-8366-0fb5fb6bef9c@group-767F7A20ABB4-FollowerState: change to CANDIDATE, lastRpcTime:169ms, electionTimeout:169ms
2019-10-16 07:00:43,583 [Thread-983] INFO  impl.RoleInfo (RoleInfo.java:shutdownFollowerState(121)) - 4f0a8cce-cba4-44f5-8366-0fb5fb6bef9c: shutdown FollowerState
2019-10-16 07:00:43,583 [Thread-983] INFO  impl.RaftServerImpl (RaftServerImpl.java:setRole(184)) - 4f0a8cce-cba4-44f5-8366-0fb5fb6bef9c@group-767F7A20ABB4: changes role from  FOLLOWER to CANDIDATE at term 52 for changeToCandidate
2019-10-16 07:00:43,583 [Thread-983] INFO  impl.RoleInfo (RoleInfo.java:updateAndGet(143)) - 4f0a8cce-cba4-44f5-8366-0fb5fb6bef9c: start LeaderElection
2019-10-16 07:00:43,597 [4f0a8cce-cba4-44f5-8366-0fb5fb6bef9c@group-767F7A20ABB4-LeaderElection67] INFO  impl.LeaderElection (LeaderElection.java:askForVotes(178)) - 4f0a8cce-cba4-44f5-8366-0fb5fb6bef9c@group-767F7A20ABB4-LeaderElection67: begin an election at term 53 for 0: [433771fa-af38-4628-a40e-96bcd22c3694:192.168.69.68:34462, 4f0a8cce-cba4-44f5-8366-0fb5fb6bef9c:192.168.69.68:42866, d2d597b7-f29c-4b6e-a1dc-31783afe2111:192.168.69.68:40938], old=null
2019-10-16 07:00:43,598 [Thread-989] INFO  impl.FollowerState (FollowerState.java:run(108)) - 4f0a8cce-cba4-44f5-8366-0fb5fb6bef9c@group-2CD2AED02A48-FollowerState: change to CANDIDATE, lastRpcTime:149ms, electionTimeout:149ms
2019-10-16 07:00:43,598 [Thread-989] INFO  impl.RoleInfo (RoleInfo.java:shutdownFollowerState(121)) - 4f0a8cce-cba4-44f5-8366-0fb5fb6bef9c: shutdown FollowerState
2019-10-16 07:00:43,598 [Thread-989] INFO  impl.RaftServerImpl (RaftServerImpl.java:setRole(184)) - 4f0a8cce-cba4-44f5-8366-0fb5fb6bef9c@group-2CD2AED02A48: changes role from  FOLLOWER to CANDIDATE at term 13 for changeToCandidate
2019-10-16 07:00:43,602 [Thread-989] INFO  impl.RoleInfo (RoleInfo.java:updateAndGet(143)) - 4f0a8cce-cba4-44f5-8366-0fb5fb6bef9c: start LeaderElection
2019-10-16 07:00:43,604 [grpc-default-executor-6] INFO  impl.RaftServerImpl (RaftServerImpl.java:setRole(184)) - 433771fa-af38-4628-a40e-96bcd22c3694@group-767F7A20ABB4: changes role from  FOLLOWER to FOLLOWER at term 53 for recognizeCandidate:4f0a8cce-cba4-44f5-8366-0fb5fb6bef9c
2019-10-16 07:00:43,604 [grpc-default-executor-6] INFO  impl.RoleInfo (RoleInfo.java:shutdownFollowerState(121)) - 433771fa-af38-4628-a40e-96bcd22c3694: shutdown FollowerState
2019-10-16 07:00:43,604 [grpc-default-executor-5] INFO  impl.RaftServerImpl (RaftServerImpl.java:setRole(184)) - d2d597b7-f29c-4b6e-a1dc-31783afe2111@group-767F7A20ABB4: changes role from  FOLLOWER to FOLLOWER at term 53 for recognizeCandidate:4f0a8cce-cba4-44f5-8366-0fb5fb6bef9c
2019-10-16 07:00:43,605 [Thread-981] INFO  impl.FollowerState (FollowerState.java:run(117)) - 433771fa-af38-4628-a40e-96bcd22c3694@group-767F7A20ABB4-FollowerState was interrupted: java.lang.InterruptedException: sleep interrupted
2019-10-16 07:00:43,605 [grpc-default-executor-6] INFO  impl.RoleInfo (RoleInfo.java:updateAndGet(143)) - 433771fa-af38-4628-a40e-96bcd22c3694: start FollowerState
2019-10-16 07:00:43,605 [grpc-default-executor-5] INFO  impl.RoleInfo (RoleInfo.java:shutdownFollowerState(121)) - d2d597b7-f29c-4b6e-a1dc-31783afe2111: shutdown FollowerState
2019-10-16 07:00:43,605 [grpc-default-executor-5] INFO  impl.RoleInfo (RoleInfo.java:updateAndGet(143)) - d2d597b7-f29c-4b6e-a1dc-31783afe2111: start FollowerState
2019-10-16 07:00:43,605 [Thread-982] INFO  impl.FollowerState (FollowerState.java:run(117)) - d2d597b7-f29c-4b6e-a1dc-31783afe2111@group-767F7A20ABB4-FollowerState was interrupted: java.lang.InterruptedException: sleep interrupted
2019-10-16 07:00:43,630 [4f0a8cce-cba4-44f5-8366-0fb5fb6bef9c@group-2CD2AED02A48-LeaderElection68] INFO  impl.LeaderElection (LeaderElection.java:askForVotes(178)) - 4f0a8cce-cba4-44f5-8366-0fb5fb6bef9c@group-2CD2AED02A48-LeaderElection68: begin an election at term 14 for -1: [433771fa-af38-4628-a40e-96bcd22c3694:192.168.69.68:34462, 4f0a8cce-cba4-44f5-8366-0fb5fb6bef9c:192.168.69.68:42866, d2d597b7-f29c-4b6e-a1dc-31783afe2111:192.168.69.68:40938], old=null
2019-10-16 07:00:43,645 [4f0a8cce-cba4-44f5-8366-0fb5fb6bef9c@group-767F7A20ABB4-LeaderElection67] INFO  impl.LeaderElection (LeaderElection.java:logAndReturn(56)) - 4f0a8cce-cba4-44f5-8366-0fb5fb6bef9c@group-767F7A20ABB4-LeaderElection67: Election REJECTED; received 2 response(s) [4f0a8cce-cba4-44f5-8366-0fb5fb6bef9c<-433771fa-af38-4628-a40e-96bcd22c3694#0:FAIL-t53, 4f0a8cce-cba4-44f5-8366-0fb5fb6bef9c<-d2d597b7-f29c-4b6e-a1dc-31783afe2111#0:FAIL-t53] and 0 exception(s); 4f0a8cce-cba4-44f5-8366-0fb5fb6bef9c@group-767F7A20ABB4:t53, leader=null, voted=4f0a8cce-cba4-44f5-8366-0fb5fb6bef9c, raftlog=4f0a8cce-cba4-44f5-8366-0fb5fb6bef9c@group-767F7A20ABB4-SegmentedRaftLog:OPENED:c3,f4,i4, conf=0: [433771fa-af38-4628-a40e-96bcd22c3694:192.168.69.68:34462, 4f0a8cce-cba4-44f5-8366-0fb5fb6bef9c:192.168.69.68:42866, d2d597b7-f29c-4b6e-a1dc-31783afe2111:192.168.69.68:40938], old=null
2019-10-16 07:00:43,645 [4f0a8cce-cba4-44f5-8366-0fb5fb6bef9c@group-767F7A20ABB4-LeaderElection67] INFO  impl.RaftServerImpl (RaftServerImpl.java:setRole(184)) - 4f0a8cce-cba4-44f5-8366-0fb5fb6bef9c@group-767F7A20ABB4: changes role from CANDIDATE to FOLLOWER at term 53 for DISCOVERED_A_NEW_TERM
2019-10-16 07:00:43,646 [4f0a8cce-cba4-44f5-8366-0fb5fb6bef9c@group-767F7A20ABB4-LeaderElection67] INFO  impl.RoleInfo (RoleInfo.java:shutdownLeaderElection(134)) - 4f0a8cce-cba4-44f5-8366-0fb5fb6bef9c: shutdown LeaderElection
2019-10-16 07:00:43,646 [grpc-default-executor-6] INFO  impl.RaftServerImpl (RaftServerImpl.java:setRole(184)) - 433771fa-af38-4628-a40e-96bcd22c3694@group-2CD2AED02A48: changes role from  FOLLOWER to FOLLOWER at term 14 for recognizeCandidate:4f0a8cce-cba4-44f5-8366-0fb5fb6bef9c
2019-10-16 07:00:43,646 [4f0a8cce-cba4-44f5-8366-0fb5fb6bef9c@group-767F7A20ABB4-LeaderElection67] INFO  impl.RoleInfo (RoleInfo.java:updateAndGet(143)) - 4f0a8cce-cba4-44f5-8366-0fb5fb6bef9c: start FollowerState
2019-10-16 07:00:43,646 [grpc-default-executor-5] INFO  impl.RaftServerImpl (RaftServerImpl.java:setRole(184)) - d2d597b7-f29c-4b6e-a1dc-31783afe2111@group-2CD2AED02A48: changes role from  FOLLOWER to FOLLOWER at term 14 for recognizeCandidate:4f0a8cce-cba4-44f5-8366-0fb5fb6bef9c
2019-10-16 07:00:43,646 [grpc-default-executor-6] INFO  impl.RoleInfo (RoleInfo.java:shutdownFollowerState(121)) - 433771fa-af38-4628-a40e-96bcd22c3694: shutdown FollowerState
2019-10-16 07:00:43,646 [grpc-default-executor-5] INFO  impl.RoleInfo (RoleInfo.java:shutdownFollowerState(121)) - d2d597b7-f29c-4b6e-a1dc-31783afe2111: shutdown FollowerState
2019-10-16 07:00:43,646 [Thread-987] INFO  impl.FollowerState (FollowerState.java:run(117)) - 433771fa-af38-4628-a40e-96bcd22c3694@group-2CD2AED02A48-FollowerState was interrupted: java.lang.InterruptedException: sleep interrupted
2019-10-16 07:00:43,646 [grpc-default-executor-6] INFO  impl.RoleInfo (RoleInfo.java:updateAndGet(143)) - 433771fa-af38-4628-a40e-96bcd22c3694: start FollowerState
2019-10-16 07:00:43,647 [Thread-988] INFO  impl.FollowerState (FollowerState.java:run(117)) - d2d597b7-f29c-4b6e-a1dc-31783afe2111@group-2CD2AED02A48-FollowerState was interrupted: java.lang.InterruptedException: sleep interrupted
2019-10-16 07:00:43,647 [grpc-default-executor-5] INFO  impl.RoleInfo (RoleInfo.java:updateAndGet(143)) - d2d597b7-f29c-4b6e-a1dc-31783afe2111: start FollowerState
2019-10-16 07:00:43,673 [4f0a8cce-cba4-44f5-8366-0fb5fb6bef9c@group-2CD2AED02A48-LeaderElection68] INFO  impl.LeaderElection (LeaderElection.java:logAndReturn(56)) - 4f0a8cce-cba4-44f5-8366-0fb5fb6bef9c@group-2CD2AED02A48-LeaderElection68: Election REJECTED; received 2 response(s) [4f0a8cce-cba4-44f5-8366-0fb5fb6bef9c<-433771fa-af38-4628-a40e-96bcd22c3694#0:FAIL-t14, 4f0a8cce-cba4-44f5-8366-0fb5fb6bef9c<-d2d597b7-f29c-4b6e-a1dc-31783afe2111#0:FAIL-t14] and 0 exception(s); 4f0a8cce-cba4-44f5-8366-0fb5fb6bef9c@group-2CD2AED02A48:t14, leader=null, voted=4f0a8cce-cba4-44f5-8366-0fb5fb6bef9c, raftlog=4f0a8cce-cba4-44f5-8366-0fb5fb6bef9c@group-2CD2AED02A48-SegmentedRaftLog:OPENED:c-1,f-1,i0, conf=-1: [433771fa-af38-4628-a40e-96bcd22c3694:192.168.69.68:34462, 4f0a8cce-cba4-44f5-8366-0fb5fb6bef9c:192.168.69.68:42866, d2d597b7-f29c-4b6e-a1dc-31783afe2111:192.168.69.68:40938], old=null
2019-10-16 07:00:43,673 [4f0a8cce-cba4-44f5-8366-0fb5fb6bef9c@group-2CD2AED02A48-LeaderElection68] INFO  impl.RaftServerImpl (RaftServerImpl.java:setRole(184)) - 4f0a8cce-cba4-44f5-8366-0fb5fb6bef9c@group-2CD2AED02A48: changes role from CANDIDATE to FOLLOWER at term 14 for DISCOVERED_A_NEW_TERM
2019-10-16 07:00:43,673 [4f0a8cce-cba4-44f5-8366-0fb5fb6bef9c@group-2CD2AED02A48-LeaderElection68] INFO  impl.RoleInfo (RoleInfo.java:shutdownLeaderElection(134)) - 4f0a8cce-cba4-44f5-8366-0fb5fb6bef9c: shutdown LeaderElection
2019-10-16 07:00:43,674 [4f0a8cce-cba4-44f5-8366-0fb5fb6bef9c@group-2CD2AED02A48-LeaderElection68] INFO  impl.RoleInfo (RoleInfo.java:updateAndGet(143)) - 4f0a8cce-cba4-44f5-8366-0fb5fb6bef9c: start FollowerState
2019-10-16 07:00:43,729 [Thread-999] INFO  impl.FollowerState (FollowerState.java:run(108)) - 4f0a8cce-cba4-44f5-8366-0fb5fb6bef9c@group-767F7A20ABB4-FollowerState: change to CANDIDATE, lastRpcTime:83ms, electionTimeout:83ms
2019-10-16 07:00:43,729 [Thread-999] INFO  impl.RoleInfo (RoleInfo.java:shutdownFollowerState(121)) - 4f0a8cce-cba4-44f5-8366-0fb5fb6bef9c: shutdown FollowerState
2019-10-16 07:00:43,730 [Thread-999] INFO  impl.RaftServerImpl (RaftServerImpl.java:setRole(184)) - 4f0a8cce-cba4-44f5-8366-0fb5fb6bef9c@group-767F7A20ABB4: changes role from  FOLLOWER to CANDIDATE at term 53 for changeToCandidate
2019-10-16 07:00:43,730 [Thread-999] INFO  impl.RoleInfo (RoleInfo.java:updateAndGet(143)) - 4f0a8cce-cba4-44f5-8366-0fb5fb6bef9c: start LeaderElection
2019-10-16 07:00:43,747 [4f0a8cce-cba4-44f5-8366-0fb5fb6bef9c@group-767F7A20ABB4-LeaderElection69] INFO  impl.LeaderElection (LeaderElection.java:askForVotes(178)) - 4f0a8cce-cba4-44f5-8366-0fb5fb6bef9c@group-767F7A20ABB4-LeaderElection69: begin an election at term 54 for 0: [433771fa-af38-4628-a40e-96bcd22c3694:192.168.69.68:34462, 4f0a8cce-cba4-44f5-8366-0fb5fb6bef9c:192.168.69.68:42866, d2d597b7-f29c-4b6e-a1dc-31783afe2111:192.168.69.68:40938], old=null
2019-10-16 07:00:43,750 [grpc-default-executor-5] INFO  impl.RaftServerImpl (RaftServerImpl.java:setRole(184)) - d2d597b7-f29c-4b6e-a1dc-31783afe2111@group-767F7A20ABB4: changes role from  FOLLOWER to FOLLOWER at term 54 for recognizeCandidate:4f0a8cce-cba4-44f5-8366-0fb5fb6bef9c
2019-10-16 07:00:43,750 [grpc-default-executor-6] INFO  impl.RaftServerImpl (RaftServerImpl.java:setRole(184)) - 433771fa-af38-4628-a40e-96bcd22c3694@group-767F7A20ABB4: changes role from  FOLLOWER to FOLLOWER at term 54 for recognizeCandidate:4f0a8cce-cba4-44f5-8366-0fb5fb6bef9c
2019-10-16 07:00:43,750 [grpc-default-executor-5] INFO  impl.RoleInfo (RoleInfo.java:shutdownFollowerState(121)) - d2d597b7-f29c-4b6e-a1dc-31783afe2111: shutdown FollowerState
2019-10-16 07:00:43,750 [grpc-default-executor-6] INFO  impl.RoleInfo (RoleInfo.java:shutdownFollowerState(121)) - 433771fa-af38-4628-a40e-96bcd22c3694: shutdown FollowerState
2019-10-16 07:00:43,750 [grpc-default-executor-5] INFO  impl.RoleInfo (RoleInfo.java:updateAndGet(143)) - d2d597b7-f29c-4b6e-a1dc-31783afe2111: start FollowerState
2019-10-16 07:00:43,750 [Thread-995] INFO  impl.FollowerState (FollowerState.java:run(117)) - d2d597b7-f29c-4b6e-a1dc-31783afe2111@group-767F7A20ABB4-FollowerState was interrupted: java.lang.InterruptedException: sleep interrupted
2019-10-16 07:00:43,750 [Thread-994] INFO  impl.FollowerState (FollowerState.java:run(117)) - 433771fa-af38-4628-a40e-96bcd22c3694@group-767F7A20ABB4-FollowerState was interrupted: java.lang.InterruptedException: sleep interrupted
2019-10-16 07:00:43,750 [grpc-default-executor-6] INFO  impl.RoleInfo (RoleInfo.java:updateAndGet(143)) - 433771fa-af38-4628-a40e-96bcd22c3694: start FollowerState
2019-10-16 07:00:43,765 [4f0a8cce-cba4-44f5-8366-0fb5fb6bef9c@group-767F7A20ABB4-LeaderElection69] INFO  impl.LeaderElection (LeaderElection.java:logAndReturn(56)) - 4f0a8cce-cba4-44f5-8366-0fb5fb6bef9c@group-767F7A20ABB4-LeaderElection69: Election REJECTED; received 2 response(s) [4f0a8cce-cba4-44f5-8366-0fb5fb6bef9c<-433771fa-af38-4628-a40e-96bcd22c3694#0:FAIL-t54, 4f0a8cce-cba4-44f5-8366-0fb5fb6bef9c<-d2d597b7-f29c-4b6e-a1dc-31783afe2111#0:FAIL-t54] and 0 exception(s); 4f0a8cce-cba4-44f5-8366-0fb5fb6bef9c@group-767F7A20ABB4:t54, leader=null, voted=4f0a8cce-cba4-44f5-8366-0fb5fb6bef9c, raftlog=4f0a8cce-cba4-44f5-8366-0fb5fb6bef9c@group-767F7A20ABB4-SegmentedRaftLog:OPENED:c3,f4,i4, conf=0: [433771fa-af38-4628-a40e-96bcd22c3694:192.168.69.68:34462, 4f0a8cce-cba4-44f5-8366-0fb5fb6bef9c:192.168.69.68:42866, d2d597b7-f29c-4b6e-a1dc-31783afe2111:192.168.69.68:40938], old=null
2019-10-16 07:00:43,765 [4f0a8cce-cba4-44f5-8366-0fb5fb6bef9c@group-767F7A20ABB4-LeaderElection69] INFO  impl.RaftServerImpl (RaftServerImpl.java:setRole(184)) - 4f0a8cce-cba4-44f5-8366-0fb5fb6bef9c@group-767F7A20ABB4: changes role from CANDIDATE to FOLLOWER at term 54 for DISCOVERED_A_NEW_TERM
2019-10-16 07:00:43,765 [4f0a8cce-cba4-44f5-8366-0fb5fb6bef9c@group-767F7A20ABB4-LeaderElection69] INFO  impl.RoleInfo (RoleInfo.java:shutdownLeaderElection(134)) - 4f0a8cce-cba4-44f5-8366-0fb5fb6bef9c: shutdown LeaderElection
2019-10-16 07:00:43,766 [4f0a8cce-cba4-44f5-8366-0fb5fb6bef9c@group-767F7A20ABB4-LeaderElection69] INFO  impl.RoleInfo (RoleInfo.java:updateAndGet(143)) - 4f0a8cce-cba4-44f5-8366-0fb5fb6bef9c: start FollowerState
2019-10-16 07:00:43,856 [Thread-1002] INFO  impl.FollowerState (FollowerState.java:run(108)) - 4f0a8cce-cba4-44f5-8366-0fb5fb6bef9c@group-2CD2AED02A48-FollowerState: change to CANDIDATE, lastRpcTime:182ms, electionTimeout:182ms
2019-10-16 07:00:43,856 [Thread-1002] INFO  impl.RoleInfo (RoleInfo.java:shutdownFollowerState(121)) - 4f0a8cce-cba4-44f5-8366-0fb5fb6bef9c: shutdown FollowerState
2019-10-16 07:00:43,856 [Thread-1002] INFO  impl.RaftServerImpl (RaftServerImpl.java:setRole(184)) - 4f0a8cce-cba4-44f5-8366-0fb5fb6bef9c@group-2CD2AED02A48: changes role from  FOLLOWER to CANDIDATE at term 14 for changeToCandidate
2019-10-16 07:00:43,857 [Thread-1002] INFO  impl.RoleInfo (RoleInfo.java:updateAndGet(143)) - 4f0a8cce-cba4-44f5-8366-0fb5fb6bef9c: start LeaderElection
2019-10-16 07:00:43,871 [4f0a8cce-cba4-44f5-8366-0fb5fb6bef9c@group-2CD2AED02A48-LeaderElection70] INFO  impl.LeaderElection (LeaderElection.java:askForVotes(178)) - 4f0a8cce-cba4-44f5-8366-0fb5fb6bef9c@group-2CD2AED02A48-LeaderElection70: begin an election at term 15 for -1: [433771fa-af38-4628-a40e-96bcd22c3694:192.168.69.68:34462, 4f0a8cce-cba4-44f5-8366-0fb5fb6bef9c:192.168.69.68:42866, d2d597b7-f29c-4b6e-a1dc-31783afe2111:192.168.69.68:40938], old=null
2019-10-16 07:00:43,874 [grpc-default-executor-6] INFO  impl.RaftServerImpl (RaftServerImpl.java:setRole(184)) - 433771fa-af38-4628-a40e-96bcd22c3694@group-2CD2AED02A48: changes role from  FOLLOWER to FOLLOWER at term 15 for recognizeCandidate:4f0a8cce-cba4-44f5-8366-0fb5fb6bef9c
2019-10-16 07:00:43,874 [grpc-default-executor-6] INFO  impl.RoleInfo (RoleInfo.java:shutdownFollowerState(121)) - 433771fa-af38-4628-a40e-96bcd22c3694: shutdown FollowerState
2019-10-16 07:00:43,874 [grpc-default-executor-6] INFO  impl.RoleInfo (RoleInfo.java:updateAndGet(143)) - 433771fa-af38-4628-a40e-96bcd22c3694: start FollowerState
2019-10-16 07:00:43,874 [Thread-1000] INFO  impl.FollowerState (FollowerState.java:run(117)) - 433771fa-af38-4628-a40e-96bcd22c3694@group-2CD2AED02A48-FollowerState was interrupted: java.lang.InterruptedException: sleep interrupted
2019-10-16 07:00:43,875 [grpc-default-executor-5] INFO  impl.RaftServerImpl (RaftServerImpl.java:setRole(184)) - d2d597b7-f29c-4b6e-a1dc-31783afe2111@group-2CD2AED02A48: changes role from  FOLLOWER to FOLLOWER at term 15 for recognizeCandidate:4f0a8cce-cba4-44f5-8366-0fb5fb6bef9c
2019-10-16 07:00:43,875 [grpc-default-executor-5] INFO  impl.RoleInfo (RoleInfo.java:shutdownFollowerState(121)) - d2d597b7-f29c-4b6e-a1dc-31783afe2111: shutdown FollowerState
2019-10-16 07:00:43,875 [grpc-default-executor-5] INFO  impl.RoleInfo (RoleInfo.java:updateAndGet(143)) - d2d597b7-f29c-4b6e-a1dc-31783afe2111: start FollowerState
2019-10-16 07:00:43,875 [Thread-1001] INFO  impl.FollowerState (FollowerState.java:run(117)) - d2d597b7-f29c-4b6e-a1dc-31783afe2111@group-2CD2AED02A48-FollowerState was interrupted: java.lang.InterruptedException: sleep interrupted
2019-10-16 07:00:43,888 [4f0a8cce-cba4-44f5-8366-0fb5fb6bef9c@group-2CD2AED02A48-LeaderElection70] INFO  impl.LeaderElection (LeaderElection.java:logAndReturn(56)) - 4f0a8cce-cba4-44f5-8366-0fb5fb6bef9c@group-2CD2AED02A48-LeaderElection70: Election REJECTED; received 2 response(s) [4f0a8cce-cba4-44f5-8366-0fb5fb6bef9c<-433771fa-af38-4628-a40e-96bcd22c3694#0:FAIL-t15, 4f0a8cce-cba4-44f5-8366-0fb5fb6bef9c<-d2d597b7-f29c-4b6e-a1dc-31783afe2111#0:FAIL-t15] and 0 exception(s); 4f0a8cce-cba4-44f5-8366-0fb5fb6bef9c@group-2CD2AED02A48:t15, leader=null, voted=4f0a8cce-cba4-44f5-8366-0fb5fb6bef9c, raftlog=4f0a8cce-cba4-44f5-8366-0fb5fb6bef9c@group-2CD2AED02A48-SegmentedRaftLog:OPENED:c-1,f-1,i0, conf=-1: [433771fa-af38-4628-a40e-96bcd22c3694:192.168.69.68:34462, 4f0a8cce-cba4-44f5-8366-0fb5fb6bef9c:192.168.69.68:42866, d2d597b7-f29c-4b6e-a1dc-31783afe2111:192.168.69.68:40938], old=null
2019-10-16 07:00:43,888 [4f0a8cce-cba4-44f5-8366-0fb5fb6bef9c@group-2CD2AED02A48-LeaderElection70] INFO  impl.RaftServerImpl (RaftServerImpl.java:setRole(184)) - 4f0a8cce-cba4-44f5-8366-0fb5fb6bef9c@group-2CD2AED02A48: changes role from CANDIDATE to FOLLOWER at term 15 for DISCOVERED_A_NEW_TERM
2019-10-16 07:00:43,888 [4f0a8cce-cba4-44f5-8366-0fb5fb6bef9c@group-2CD2AED02A48-LeaderElection70] INFO  impl.RoleInfo (RoleInfo.java:shutdownLeaderElection(134)) - 4f0a8cce-cba4-44f5-8366-0fb5fb6bef9c: shutdown LeaderElection
2019-10-16 07:00:43,888 [4f0a8cce-cba4-44f5-8366-0fb5fb6bef9c@group-2CD2AED02A48-LeaderElection70] INFO  impl.RoleInfo (RoleInfo.java:updateAndGet(143)) - 4f0a8cce-cba4-44f5-8366-0fb5fb6bef9c: start FollowerState
2019-10-16 07:00:43,902 [Thread-1008] INFO  impl.FollowerState (FollowerState.java:run(108)) - 4f0a8cce-cba4-44f5-8366-0fb5fb6bef9c@group-767F7A20ABB4-FollowerState: change to CANDIDATE, lastRpcTime:136ms, electionTimeout:136ms
2019-10-16 07:00:43,902 [Thread-1008] INFO  impl.RoleInfo (RoleInfo.java:shutdownFollowerState(121)) - 4f0a8cce-cba4-44f5-8366-0fb5fb6bef9c: shutdown FollowerState
2019-10-16 07:00:43,902 [Thread-1008] INFO  impl.RaftServerImpl (RaftServerImpl.java:setRole(184)) - 4f0a8cce-cba4-44f5-8366-0fb5fb6bef9c@group-767F7A20ABB4: changes role from  FOLLOWER to CANDIDATE at term 54 for changeToCandidate
2019-10-16 07:00:43,902 [Thread-1008] INFO  impl.RoleInfo (RoleInfo.java:updateAndGet(143)) - 4f0a8cce-cba4-44f5-8366-0fb5fb6bef9c: start LeaderElection
2019-10-16 07:00:43,916 [4f0a8cce-cba4-44f5-8366-0fb5fb6bef9c@group-767F7A20ABB4-LeaderElection71] INFO  impl.LeaderElection (LeaderElection.java:askForVotes(178)) - 4f0a8cce-cba4-44f5-8366-0fb5fb6bef9c@group-767F7A20ABB4-LeaderElection71: begin an election at term 55 for 0: [433771fa-af38-4628-a40e-96bcd22c3694:192.168.69.68:34462, 4f0a8cce-cba4-44f5-8366-0fb5fb6bef9c:192.168.69.68:42866, d2d597b7-f29c-4b6e-a1dc-31783afe2111:192.168.69.68:40938], old=null
2019-10-16 07:00:43,917 [Thread-1014] INFO  impl.FollowerState (FollowerState.java:run(108)) - 4f0a8cce-cba4-44f5-8366-0fb5fb6bef9c@group-2CD2AED02A48-FollowerState: change to CANDIDATE, lastRpcTime:28ms, electionTimeout:28ms
2019-10-16 07:00:43,917 [Thread-1014] INFO  impl.RoleInfo (RoleInfo.java:shutdownFollowerState(121)) - 4f0a8cce-cba4-44f5-8366-0fb5fb6bef9c: shutdown FollowerState
2019-10-16 07:00:43,917 [Thread-1014] INFO  impl.RaftServerImpl (RaftServerImpl.java:setRole(184)) - 4f0a8cce-cba4-44f5-8366-0fb5fb6bef9c@group-2CD2AED02A48: changes role from  FOLLOWER to CANDIDATE at term 15 for changeToCandidate
2019-10-16 07:00:43,917 [Thread-1014] INFO  impl.RoleInfo (RoleInfo.java:updateAndGet(143)) - 4f0a8cce-cba4-44f5-8366-0fb5fb6bef9c: start LeaderElection
2019-10-16 07:00:43,919 [grpc-default-executor-6] INFO  impl.RaftServerImpl (RaftServerImpl.java:setRole(184)) - d2d597b7-f29c-4b6e-a1dc-31783afe2111@group-767F7A20ABB4: changes role from  FOLLOWER to FOLLOWER at term 55 for recognizeCandidate:4f0a8cce-cba4-44f5-8366-0fb5fb6bef9c
2019-10-16 07:00:43,919 [grpc-default-executor-5] INFO  impl.RaftServerImpl (RaftServerImpl.java:setRole(184)) - 433771fa-af38-4628-a40e-96bcd22c3694@group-767F7A20ABB4: changes role from  FOLLOWER to FOLLOWER at term 55 for recognizeCandidate:4f0a8cce-cba4-44f5-8366-0fb5fb6bef9c
2019-10-16 07:00:43,919 [grpc-default-executor-6] INFO  impl.RoleInfo (RoleInfo.java:shutdownFollowerState(121)) - d2d597b7-f29c-4b6e-a1dc-31783afe2111: shutdown FollowerState
2019-10-16 07:00:43,919 [grpc-default-executor-5] INFO  impl.RoleInfo (RoleInfo.java:shutdownFollowerState(121)) - 433771fa-af38-4628-a40e-96bcd22c3694: shutdown FollowerState
2019-10-16 07:00:43,920 [Thread-1006] INFO  impl.FollowerState (FollowerState.java:run(117)) - d2d597b7-f29c-4b6e-a1dc-31783afe2111@group-767F7A20ABB4-FollowerState was interrupted: java.lang.InterruptedException: sleep interrupted
2019-10-16 07:00:43,920 [grpc-default-executor-6] INFO  impl.RoleInfo (RoleInfo.java:updateAndGet(143)) - d2d597b7-f29c-4b6e-a1dc-31783afe2111: start FollowerState
2019-10-16 07:00:43,920 [Thread-1007] INFO  impl.FollowerState (FollowerState.java:run(117)) - 433771fa-af38-4628-a40e-96bcd22c3694@group-767F7A20ABB4-FollowerState was interrupted: java.lang.InterruptedException: sleep interrupted
2019-10-16 07:00:43,920 [grpc-default-executor-5] INFO  impl.RoleInfo (RoleInfo.java:updateAndGet(143)) - 433771fa-af38-4628-a40e-96bcd22c3694: start FollowerState
2019-10-16 07:00:43,944 [4f0a8cce-cba4-44f5-8366-0fb5fb6bef9c@group-2CD2AED02A48-LeaderElection72] INFO  impl.LeaderElection (LeaderElection.java:askForVotes(178)) - 4f0a8cce-cba4-44f5-8366-0fb5fb6bef9c@group-2CD2AED02A48-LeaderElection72: begin an election at term 16 for -1: [433771fa-af38-4628-a40e-96bcd22c3694:192.168.69.68:34462, 4f0a8cce-cba4-44f5-8366-0fb5fb6bef9c:192.168.69.68:42866, d2d597b7-f29c-4b6e-a1dc-31783afe2111:192.168.69.68:40938], old=null
2019-10-16 07:00:43,945 [4f0a8cce-cba4-44f5-8366-0fb5fb6bef9c@group-767F7A20ABB4-LeaderElection71] INFO  impl.LeaderElection (LeaderElection.java:logAndReturn(56)) - 4f0a8cce-cba4-44f5-8366-0fb5fb6bef9c@group-767F7A20ABB4-LeaderElection71: Election REJECTED; received 2 response(s) [4f0a8cce-cba4-44f5-8366-0fb5fb6bef9c<-433771fa-af38-4628-a40e-96bcd22c3694#0:FAIL-t55, 4f0a8cce-cba4-44f5-8366-0fb5fb6bef9c<-d2d597b7-f29c-4b6e-a1dc-31783afe2111#0:FAIL-t55] and 0 exception(s); 4f0a8cce-cba4-44f5-8366-0fb5fb6bef9c@group-767F7A20ABB4:t55, leader=null, voted=4f0a8cce-cba4-44f5-8366-0fb5fb6bef9c, raftlog=4f0a8cce-cba4-44f5-8366-0fb5fb6bef9c@group-767F7A20ABB4-SegmentedRaftLog:OPENED:c3,f4,i4, conf=0: [433771fa-af38-4628-a40e-96bcd22c3694:192.168.69.68:34462, 4f0a8cce-cba4-44f5-8366-0fb5fb6bef9c:192.168.69.68:42866, d2d597b7-f29c-4b6e-a1dc-31783afe2111:192.168.69.68:40938], old=null
2019-10-16 07:00:43,945 [4f0a8cce-cba4-44f5-8366-0fb5fb6bef9c@group-767F7A20ABB4-LeaderElection71] INFO  impl.RaftServerImpl (RaftServerImpl.java:setRole(184)) - 4f0a8cce-cba4-44f5-8366-0fb5fb6bef9c@group-767F7A20ABB4: changes role from CANDIDATE to FOLLOWER at term 55 for DISCOVERED_A_NEW_TERM
2019-10-16 07:00:43,945 [4f0a8cce-cba4-44f5-8366-0fb5fb6bef9c@group-767F7A20ABB4-LeaderElection71] INFO  impl.RoleInfo (RoleInfo.java:shutdownLeaderElection(134)) - 4f0a8cce-cba4-44f5-8366-0fb5fb6bef9c: shutdown LeaderElection
2019-10-16 07:00:43,945 [grpc-default-executor-6] INFO  impl.RaftServerImpl (RaftServerImpl.java:setRole(184)) - 433771fa-af38-4628-a40e-96bcd22c3694@group-2CD2AED02A48: changes role from  FOLLOWER to FOLLOWER at term 16 for recognizeCandidate:4f0a8cce-cba4-44f5-8366-0fb5fb6bef9c
2019-10-16 07:00:43,946 [4f0a8cce-cba4-44f5-8366-0fb5fb6bef9c@group-767F7A20ABB4-LeaderElection71] INFO  impl.RoleInfo (RoleInfo.java:updateAndGet(143)) - 4f0a8cce-cba4-44f5-8366-0fb5fb6bef9c: start FollowerState
2019-10-16 07:00:43,946 [grpc-default-executor-6] INFO  impl.RoleInfo (RoleInfo.java:shutdownFollowerState(121)) - 433771fa-af38-4628-a40e-96bcd22c3694: shutdown FollowerState
2019-10-16 07:00:43,946 [grpc-default-executor-6] INFO  impl.RoleInfo (RoleInfo.java:updateAndGet(143)) - 433771fa-af38-4628-a40e-96bcd22c3694: start FollowerState
2019-10-16 07:00:43,946 [Thread-1012] INFO  impl.FollowerState (FollowerState.java:run(117)) - 433771fa-af38-4628-a40e-96bcd22c3694@group-2CD2AED02A48-FollowerState was interrupted: java.lang.InterruptedException: sleep interrupted
2019-10-16 07:00:43,947 [grpc-default-executor-5] INFO  impl.RaftServerImpl (RaftServerImpl.java:setRole(184)) - d2d597b7-f29c-4b6e-a1dc-31783afe2111@group-2CD2AED02A48: changes role from  FOLLOWER to FOLLOWER at term 16 for recognizeCandidate:4f0a8cce-cba4-44f5-8366-0fb5fb6bef9c
2019-10-16 07:00:43,947 [grpc-default-executor-5] INFO  impl.RoleInfo (RoleInfo.java:shutdownFollowerState(121)) - d2d597b7-f29c-4b6e-a1dc-31783afe2111: shutdown FollowerState
2019-10-16 07:00:43,947 [grpc-default-executor-5] INFO  impl.RoleInfo (RoleInfo.java:updateAndGet(143)) - d2d597b7-f29c-4b6e-a1dc-31783afe2111: start FollowerState
2019-10-16 07:00:43,947 [Thread-1013] INFO  impl.FollowerState (FollowerState.java:run(117)) - d2d597b7-f29c-4b6e-a1dc-31783afe2111@group-2CD2AED02A48-FollowerState was interrupted: java.lang.InterruptedException: sleep interrupted
2019-10-16 07:00:43,953 [Thread-1027] INFO  client.GrpcClientProtocolService (GrpcClientProtocolService.java:lambda$processClientRequest$0(278)) - Failed RaftClientRequest:client-C8ADB546B70F->4f0a8cce-cba4-44f5-8366-0fb5fb6bef9c@group-767F7A20ABB4, cid=10, seq=0, Watch-ALL_COMMITTED(6), Message:<EMPTY>, reply=RaftClientReply:client-C8ADB546B70F->4f0a8cce-cba4-44f5-8366-0fb5fb6bef9c@group-767F7A20ABB4, cid=10, FAILED org.apache.ratis.protocol.NotLeaderException: Server 4f0a8cce-cba4-44f5-8366-0fb5fb6bef9c@group-767F7A20ABB4 is not the leader, logIndex=0, commits[4f0a8cce-cba4-44f5-8366-0fb5fb6bef9c:c3]
2019-10-16 07:00:43,967 [4f0a8cce-cba4-44f5-8366-0fb5fb6bef9c@group-2CD2AED02A48-LeaderElection72] INFO  impl.LeaderElection (LeaderElection.java:logAndReturn(56)) - 4f0a8cce-cba4-44f5-8366-0fb5fb6bef9c@group-2CD2AED02A48-LeaderElection72: Election REJECTED; received 2 response(s) [4f0a8cce-cba4-44f5-8366-0fb5fb6bef9c<-433771fa-af38-4628-a40e-96bcd22c3694#0:FAIL-t16, 4f0a8cce-cba4-44f5-8366-0fb5fb6bef9c<-d2d597b7-f29c-4b6e-a1dc-31783afe2111#0:FAIL-t16] and 0 exception(s); 4f0a8cce-cba4-44f5-8366-0fb5fb6bef9c@group-2CD2AED02A48:t16, leader=null, voted=4f0a8cce-cba4-44f5-8366-0fb5fb6bef9c, raftlog=4f0a8cce-cba4-44f5-8366-0fb5fb6bef9c@group-2CD2AED02A48-SegmentedRaftLog:OPENED:c-1,f-1,i0, conf=-1: [433771fa-af38-4628-a40e-96bcd22c3694:192.168.69.68:34462, 4f0a8cce-cba4-44f5-8366-0fb5fb6bef9c:192.168.69.68:42866, d2d597b7-f29c-4b6e-a1dc-31783afe2111:192.168.69.68:40938], old=null
2019-10-16 07:00:43,968 [4f0a8cce-cba4-44f5-8366-0fb5fb6bef9c@group-2CD2AED02A48-LeaderElection72] INFO  impl.RaftServerImpl (RaftServerImpl.java:setRole(184)) - 4f0a8cce-cba4-44f5-8366-0fb5fb6bef9c@group-2CD2AED02A48: changes role from CANDIDATE to FOLLOWER at term 16 for DISCOVERED_A_NEW_TERM
2019-10-16 07:00:43,968 [4f0a8cce-cba4-44f5-8366-0fb5fb6bef9c@group-2CD2AED02A48-LeaderElection72] INFO  impl.RoleInfo (RoleInfo.java:shutdownLeaderElection(134)) - 4f0a8cce-cba4-44f5-8366-0fb5fb6bef9c: shutdown LeaderElection
2019-10-16 07:00:43,968 [4f0a8cce-cba4-44f5-8366-0fb5fb6bef9c@group-2CD2AED02A48-LeaderElection72] INFO  impl.RoleInfo (RoleInfo.java:updateAndGet(143)) - 4f0a8cce-cba4-44f5-8366-0fb5fb6bef9c: start FollowerState
2019-10-16 07:00:44,006 [Thread-1023] INFO  impl.FollowerState (FollowerState.java:run(108)) - 4f0a8cce-cba4-44f5-8366-0fb5fb6bef9c@group-767F7A20ABB4-FollowerState: change to CANDIDATE, lastRpcTime:60ms, electionTimeout:60ms
2019-10-16 07:00:44,007 [Thread-1023] INFO  impl.RoleInfo (RoleInfo.java:shutdownFollowerState(121)) - 4f0a8cce-cba4-44f5-8366-0fb5fb6bef9c: shutdown FollowerState
2019-10-16 07:00:44,007 [Thread-1023] INFO  impl.RaftServerImpl (RaftServerImpl.java:setRole(184)) - 4f0a8cce-cba4-44f5-8366-0fb5fb6bef9c@group-767F7A20ABB4: changes role from  FOLLOWER to CANDIDATE at term 55 for changeToCandidate
2019-10-16 07:00:44,007 [Thread-1023] INFO  impl.RoleInfo (RoleInfo.java:updateAndGet(143)) - 4f0a8cce-cba4-44f5-8366-0fb5fb6bef9c: start LeaderElection
2019-10-16 07:00:44,021 [4f0a8cce-cba4-44f5-8366-0fb5fb6bef9c@group-767F7A20ABB4-LeaderElection73] INFO  impl.LeaderElection (LeaderElection.java:askForVotes(178)) - 4f0a8cce-cba4-44f5-8366-0fb5fb6bef9c@group-767F7A20ABB4-LeaderElection73: begin an election at term 56 for 0: [433771fa-af38-4628-a40e-96bcd22c3694:192.168.69.68:34462, 4f0a8cce-cba4-44f5-8366-0fb5fb6bef9c:192.168.69.68:42866, d2d597b7-f29c-4b6e-a1dc-31783afe2111:192.168.69.68:40938], old=null
2019-10-16 07:00:44,024 [grpc-default-executor-5] INFO  impl.RaftServerImpl (RaftServerImpl.java:setRole(184)) - 433771fa-af38-4628-a40e-96bcd22c3694@group-767F7A20ABB4: changes role from  FOLLOWER to FOLLOWER at term 56 for recognizeCandidate:4f0a8cce-cba4-44f5-8366-0fb5fb6bef9c
2019-10-16 07:00:44,024 [grpc-default-executor-5] INFO  impl.RoleInfo (RoleInfo.java:shutdownFollowerState(121)) - 433771fa-af38-4628-a40e-96bcd22c3694: shutdown FollowerState
2019-10-16 07:00:44,024 [grpc-default-executor-6] INFO  impl.RaftServerImpl (RaftServerImpl.java:setRole(184)) - d2d597b7-f29c-4b6e-a1dc-31783afe2111@group-767F7A20ABB4: changes role from  FOLLOWER to FOLLOWER at term 56 for recognizeCandidate:4f0a8cce-cba4-44f5-8366-0fb5fb6bef9c
2019-10-16 07:00:44,024 [grpc-default-executor-6] INFO  impl.RoleInfo (RoleInfo.java:shutdownFollowerState(121)) - d2d597b7-f29c-4b6e-a1dc-31783afe2111: shutdown FollowerState
2019-10-16 07:00:44,024 [Thread-1020] INFO  impl.FollowerState (FollowerState.java:run(117)) - 433771fa-af38-4628-a40e-96bcd22c3694@group-767F7A20ABB4-FollowerState was interrupted: java.lang.InterruptedException: sleep interrupted
2019-10-16 07:00:44,024 [grpc-default-executor-5] INFO  impl.RoleInfo (RoleInfo.java:updateAndGet(143)) - 433771fa-af38-4628-a40e-96bcd22c3694: start FollowerState
2019-10-16 07:00:44,024 [grpc-default-executor-6] INFO  impl.RoleInfo (RoleInfo.java:updateAndGet(143)) - d2d597b7-f29c-4b6e-a1dc-31783afe2111: start FollowerState
2019-10-16 07:00:44,024 [Thread-1019] INFO  impl.FollowerState (FollowerState.java:run(117)) - d2d597b7-f29c-4b6e-a1dc-31783afe2111@group-767F7A20ABB4-FollowerState was interrupted: java.lang.InterruptedException: sleep interrupted
2019-10-16 07:00:44,039 [4f0a8cce-cba4-44f5-8366-0fb5fb6bef9c@group-767F7A20ABB4-LeaderElection73] INFO  impl.LeaderElection (LeaderElection.java:logAndReturn(56)) - 4f0a8cce-cba4-44f5-8366-0fb5fb6bef9c@group-767F7A20ABB4-LeaderElection73: Election REJECTED; received 2 response(s) [4f0a8cce-cba4-44f5-8366-0fb5fb6bef9c<-433771fa-af38-4628-a40e-96bcd22c3694#0:FAIL-t56, 4f0a8cce-cba4-44f5-8366-0fb5fb6bef9c<-d2d597b7-f29c-4b6e-a1dc-31783afe2111#0:FAIL-t56] and 0 exception(s); 4f0a8cce-cba4-44f5-8366-0fb5fb6bef9c@group-767F7A20ABB4:t56, leader=null, voted=4f0a8cce-cba4-44f5-8366-0fb5fb6bef9c, raftlog=4f0a8cce-cba4-44f5-8366-0fb5fb6bef9c@group-767F7A20ABB4-SegmentedRaftLog:OPENED:c3,f4,i4, conf=0: [433771fa-af38-4628-a40e-96bcd22c3694:192.168.69.68:34462, 4f0a8cce-cba4-44f5-8366-0fb5fb6bef9c:192.168.69.68:42866, d2d597b7-f29c-4b6e-a1dc-31783afe2111:192.168.69.68:40938], old=null
2019-10-16 07:00:44,039 [4f0a8cce-cba4-44f5-8366-0fb5fb6bef9c@group-767F7A20ABB4-LeaderElection73] INFO  impl.RaftServerImpl (RaftServerImpl.java:setRole(184)) - 4f0a8cce-cba4-44f5-8366-0fb5fb6bef9c@group-767F7A20ABB4: changes role from CANDIDATE to FOLLOWER at term 56 for DISCOVERED_A_NEW_TERM
2019-10-16 07:00:44,040 [4f0a8cce-cba4-44f5-8366-0fb5fb6bef9c@group-767F7A20ABB4-LeaderElection73] INFO  impl.RoleInfo (RoleInfo.java:shutdownLeaderElection(134)) - 4f0a8cce-cba4-44f5-8366-0fb5fb6bef9c: shutdown LeaderElection
2019-10-16 07:00:44,040 [4f0a8cce-cba4-44f5-8366-0fb5fb6bef9c@group-767F7A20ABB4-LeaderElection73] INFO  impl.RoleInfo (RoleInfo.java:updateAndGet(143)) - 4f0a8cce-cba4-44f5-8366-0fb5fb6bef9c: start FollowerState
2019-10-16 07:00:44,166 [Thread-1029] INFO  impl.FollowerState (FollowerState.java:run(108)) - 4f0a8cce-cba4-44f5-8366-0fb5fb6bef9c@group-2CD2AED02A48-FollowerState: change to CANDIDATE, lastRpcTime:198ms, electionTimeout:198ms
2019-10-16 07:00:44,166 [Thread-1029] INFO  impl.RoleInfo (RoleInfo.java:shutdownFollowerState(121)) - 4f0a8cce-cba4-44f5-8366-0fb5fb6bef9c: shutdown FollowerState
2019-10-16 07:00:44,167 [Thread-1029] INFO  impl.RaftServerImpl (RaftServerImpl.java:setRole(184)) - 4f0a8cce-cba4-44f5-8366-0fb5fb6bef9c@group-2CD2AED02A48: changes role from  FOLLOWER to CANDIDATE at term 16 for changeToCandidate
2019-10-16 07:00:44,167 [Thread-1029] INFO  impl.RoleInfo (RoleInfo.java:updateAndGet(143)) - 4f0a8cce-cba4-44f5-8366-0fb5fb6bef9c: start LeaderElection
2019-10-16 07:00:44,180 [4f0a8cce-cba4-44f5-8366-0fb5fb6bef9c@group-2CD2AED02A48-LeaderElection74] INFO  impl.LeaderElection (LeaderElection.java:askForVotes(178)) - 4f0a8cce-cba4-44f5-8366-0fb5fb6bef9c@group-2CD2AED02A48-LeaderElection74: begin an election at term 17 for -1: [433771fa-af38-4628-a40e-96bcd22c3694:192.168.69.68:34462, 4f0a8cce-cba4-44f5-8366-0fb5fb6bef9c:192.168.69.68:42866, d2d597b7-f29c-4b6e-a1dc-31783afe2111:192.168.69.68:40938], old=null
2019-10-16 07:00:44,183 [grpc-default-executor-6] INFO  impl.RaftServerImpl (RaftServerImpl.java:setRole(184)) - d2d597b7-f29c-4b6e-a1dc-31783afe2111@group-2CD2AED02A48: changes role from  FOLLOWER to FOLLOWER at term 17 for recognizeCandidate:4f0a8cce-cba4-44f5-8366-0fb5fb6bef9c
2019-10-16 07:00:44,183 [grpc-default-executor-5] INFO  impl.RaftServerImpl (RaftServerImpl.java:setRole(184)) - 433771fa-af38-4628-a40e-96bcd22c3694@group-2CD2AED02A48: changes role from  FOLLOWER to FOLLOWER at term 17 for recognizeCandidate:4f0a8cce-cba4-44f5-8366-0fb5fb6bef9c
2019-10-16 07:00:44,183 [grpc-default-executor-5] INFO  impl.RoleInfo (RoleInfo.java:shutdownFollowerState(121)) - 433771fa-af38-4628-a40e-96bcd22c3694: shutdown FollowerState
2019-10-16 07:00:44,183 [grpc-default-executor-6] INFO  impl.RoleInfo (RoleInfo.java:shutdownFollowerState(121)) - d2d597b7-f29c-4b6e-a1dc-31783afe2111: shutdown FollowerState
2019-10-16 07:00:44,183 [Thread-1024] INFO  impl.FollowerState (FollowerState.java:run(117)) - 433771fa-af38-4628-a40e-96bcd22c3694@group-2CD2AED02A48-FollowerState was interrupted: java.lang.InterruptedException: sleep interrupted
2019-10-16 07:00:44,183 [grpc-default-executor-5] INFO  impl.RoleInfo (RoleInfo.java:updateAndGet(143)) - 433771fa-af38-4628-a40e-96bcd22c3694: start FollowerState
2019-10-16 07:00:44,183 [Thread-1025] INFO  impl.FollowerState (FollowerState.java:run(117)) - d2d597b7-f29c-4b6e-a1dc-31783afe2111@group-2CD2AED02A48-FollowerState was interrupted: java.lang.InterruptedException: sleep interrupted
2019-10-16 07:00:44,183 [grpc-default-executor-6] INFO  impl.RoleInfo (RoleInfo.java:updateAndGet(143)) - d2d597b7-f29c-4b6e-a1dc-31783afe2111: start FollowerState
2019-10-16 07:00:44,198 [4f0a8cce-cba4-44f5-8366-0fb5fb6bef9c@group-2CD2AED02A48-LeaderElection74] INFO  impl.LeaderElection (LeaderElection.java:logAndReturn(56)) - 4f0a8cce-cba4-44f5-8366-0fb5fb6bef9c@group-2CD2AED02A48-LeaderElection74: Election REJECTED; received 2 response(s) [4f0a8cce-cba4-44f5-8366-0fb5fb6bef9c<-433771fa-af38-4628-a40e-96bcd22c3694#0:FAIL-t17, 4f0a8cce-cba4-44f5-8366-0fb5fb6bef9c<-d2d597b7-f29c-4b6e-a1dc-31783afe2111#0:FAIL-t17] and 0 exception(s); 4f0a8cce-cba4-44f5-8366-0fb5fb6bef9c@group-2CD2AED02A48:t17, leader=null, voted=4f0a8cce-cba4-44f5-8366-0fb5fb6bef9c, raftlog=4f0a8cce-cba4-44f5-8366-0fb5fb6bef9c@group-2CD2AED02A48-SegmentedRaftLog:OPENED:c-1,f-1,i0, conf=-1: [433771fa-af38-4628-a40e-96bcd22c3694:192.168.69.68:34462, 4f0a8cce-cba4-44f5-8366-0fb5fb6bef9c:192.168.69.68:42866, d2d597b7-f29c-4b6e-a1dc-31783afe2111:192.168.69.68:40938], old=null
2019-10-16 07:00:44,198 [4f0a8cce-cba4-44f5-8366-0fb5fb6bef9c@group-2CD2AED02A48-LeaderElection74] INFO  impl.RaftServerImpl (RaftServerImpl.java:setRole(184)) - 4f0a8cce-cba4-44f5-8366-0fb5fb6bef9c@group-2CD2AED02A48: changes role from CANDIDATE to FOLLOWER at term 17 for DISCOVERED_A_NEW_TERM
2019-10-16 07:00:44,198 [4f0a8cce-cba4-44f5-8366-0fb5fb6bef9c@group-2CD2AED02A48-LeaderElection74] INFO  impl.RoleInfo (RoleInfo.java:shutdownLeaderElection(134)) - 4f0a8cce-cba4-44f5-8366-0fb5fb6bef9c: shutdown LeaderElection
2019-10-16 07:00:44,199 [4f0a8cce-cba4-44f5-8366-0fb5fb6bef9c@group-2CD2AED02A48-LeaderElection74] INFO  impl.RoleInfo (RoleInfo.java:updateAndGet(143)) - 4f0a8cce-cba4-44f5-8366-0fb5fb6bef9c: start FollowerState
2019-10-16 07:00:44,209 [BlockDeletingService#2] WARN  background.BlockDeletingService (BlockDeletingService.java:isDeletionAllowed(187)) - Close Container log Index 6 is not replicated across allthe servers in the pipeline f466b838-ca87-44ef-9280-767f7a20abb4 as the min replicated index is 4. Deletion is not allowed in this container yet.
2019-10-16 07:00:44,209 [BlockDeletingService#0] WARN  background.BlockDeletingService (BlockDeletingService.java:isDeletionAllowed(187)) - Close Container log Index 6 is not replicated across allthe servers in the pipeline f466b838-ca87-44ef-9280-767f7a20abb4 as the min replicated index is 4. Deletion is not allowed in this container yet.
2019-10-16 07:00:44,239 [Thread-1035] INFO  impl.FollowerState (FollowerState.java:run(108)) - 4f0a8cce-cba4-44f5-8366-0fb5fb6bef9c@group-767F7A20ABB4-FollowerState: change to CANDIDATE, lastRpcTime:199ms, electionTimeout:199ms
2019-10-16 07:00:44,239 [Thread-1035] INFO  impl.RoleInfo (RoleInfo.java:shutdownFollowerState(121)) - 4f0a8cce-cba4-44f5-8366-0fb5fb6bef9c: shutdown FollowerState
2019-10-16 07:00:44,239 [Thread-1035] INFO  impl.RaftServerImpl (RaftServerImpl.java:setRole(184)) - 4f0a8cce-cba4-44f5-8366-0fb5fb6bef9c@group-767F7A20ABB4: changes role from  FOLLOWER to CANDIDATE at term 56 for changeToCandidate
2019-10-16 07:00:44,240 [Thread-1035] INFO  impl.RoleInfo (RoleInfo.java:updateAndGet(143)) - 4f0a8cce-cba4-44f5-8366-0fb5fb6bef9c: start LeaderElection
2019-10-16 07:00:44,254 [4f0a8cce-cba4-44f5-8366-0fb5fb6bef9c@group-767F7A20ABB4-LeaderElection75] INFO  impl.LeaderElection (LeaderElection.java:askForVotes(178)) - 4f0a8cce-cba4-44f5-8366-0fb5fb6bef9c@group-767F7A20ABB4-LeaderElection75: begin an election at term 57 for 0: [433771fa-af38-4628-a40e-96bcd22c3694:192.168.69.68:34462, 4f0a8cce-cba4-44f5-8366-0fb5fb6bef9c:192.168.69.68:42866, d2d597b7-f29c-4b6e-a1dc-31783afe2111:192.168.69.68:40938], old=null
2019-10-16 07:00:44,256 [grpc-default-executor-6] INFO  impl.RaftServerImpl (RaftServerImpl.java:setRole(184)) - d2d597b7-f29c-4b6e-a1dc-31783afe2111@group-767F7A20ABB4: changes role from  FOLLOWER to FOLLOWER at term 57 for recognizeCandidate:4f0a8cce-cba4-44f5-8366-0fb5fb6bef9c
2019-10-16 07:00:44,256 [grpc-default-executor-5] INFO  impl.RaftServerImpl (RaftServerImpl.java:setRole(184)) - 433771fa-af38-4628-a40e-96bcd22c3694@group-767F7A20ABB4: changes role from  FOLLOWER to FOLLOWER at term 57 for recognizeCandidate:4f0a8cce-cba4-44f5-8366-0fb5fb6bef9c
2019-10-16 07:00:44,256 [grpc-default-executor-6] INFO  impl.RoleInfo (RoleInfo.java:shutdownFollowerState(121)) - d2d597b7-f29c-4b6e-a1dc-31783afe2111: shutdown FollowerState
2019-10-16 07:00:44,257 [grpc-default-executor-5] INFO  impl.RoleInfo (RoleInfo.java:shutdownFollowerState(121)) - 433771fa-af38-4628-a40e-96bcd22c3694: shutdown FollowerState
2019-10-16 07:00:44,257 [grpc-default-executor-6] INFO  impl.RoleInfo (RoleInfo.java:updateAndGet(143)) - d2d597b7-f29c-4b6e-a1dc-31783afe2111: start FollowerState
2019-10-16 07:00:44,257 [Thread-1034] INFO  impl.FollowerState (FollowerState.java:run(117)) - d2d597b7-f29c-4b6e-a1dc-31783afe2111@group-767F7A20ABB4-FollowerState was interrupted: java.lang.InterruptedException: sleep interrupted
2019-10-16 07:00:44,257 [Thread-1033] INFO  impl.FollowerState (FollowerState.java:run(117)) - 433771fa-af38-4628-a40e-96bcd22c3694@group-767F7A20ABB4-FollowerState was interrupted: java.lang.InterruptedException: sleep interrupted
2019-10-16 07:00:44,257 [grpc-default-executor-5] INFO  impl.RoleInfo (RoleInfo.java:updateAndGet(143)) - 433771fa-af38-4628-a40e-96bcd22c3694: start FollowerState
2019-10-16 07:00:44,272 [4f0a8cce-cba4-44f5-8366-0fb5fb6bef9c@group-767F7A20ABB4-LeaderElection75] INFO  impl.LeaderElection (LeaderElection.java:logAndReturn(56)) - 4f0a8cce-cba4-44f5-8366-0fb5fb6bef9c@group-767F7A20ABB4-LeaderElection75: Election REJECTED; received 2 response(s) [4f0a8cce-cba4-44f5-8366-0fb5fb6bef9c<-433771fa-af38-4628-a40e-96bcd22c3694#0:FAIL-t57, 4f0a8cce-cba4-44f5-8366-0fb5fb6bef9c<-d2d597b7-f29c-4b6e-a1dc-31783afe2111#0:FAIL-t57] and 0 exception(s); 4f0a8cce-cba4-44f5-8366-0fb5fb6bef9c@group-767F7A20ABB4:t57, leader=null, voted=4f0a8cce-cba4-44f5-8366-0fb5fb6bef9c, raftlog=4f0a8cce-cba4-44f5-8366-0fb5fb6bef9c@group-767F7A20ABB4-SegmentedRaftLog:OPENED:c3,f4,i4, conf=0: [433771fa-af38-4628-a40e-96bcd22c3694:192.168.69.68:34462, 4f0a8cce-cba4-44f5-8366-0fb5fb6bef9c:192.168.69.68:42866, d2d597b7-f29c-4b6e-a1dc-31783afe2111:192.168.69.68:40938], old=null
2019-10-16 07:00:44,272 [4f0a8cce-cba4-44f5-8366-0fb5fb6bef9c@group-767F7A20ABB4-LeaderElection75] INFO  impl.RaftServerImpl (RaftServerImpl.java:setRole(184)) - 4f0a8cce-cba4-44f5-8366-0fb5fb6bef9c@group-767F7A20ABB4: changes role from CANDIDATE to FOLLOWER at term 57 for DISCOVERED_A_NEW_TERM
2019-10-16 07:00:44,272 [4f0a8cce-cba4-44f5-8366-0fb5fb6bef9c@group-767F7A20ABB4-LeaderElection75] INFO  impl.RoleInfo (RoleInfo.java:shutdownLeaderElection(134)) - 4f0a8cce-cba4-44f5-8366-0fb5fb6bef9c: shutdown LeaderElection
2019-10-16 07:00:44,272 [4f0a8cce-cba4-44f5-8366-0fb5fb6bef9c@group-767F7A20ABB4-LeaderElection75] INFO  impl.RoleInfo (RoleInfo.java:updateAndGet(143)) - 4f0a8cce-cba4-44f5-8366-0fb5fb6bef9c: start FollowerState
2019-10-16 07:00:44,361 [Thread-1041] INFO  impl.FollowerState (FollowerState.java:run(108)) - 4f0a8cce-cba4-44f5-8366-0fb5fb6bef9c@group-2CD2AED02A48-FollowerState: change to CANDIDATE, lastRpcTime:162ms, electionTimeout:162ms
2019-10-16 07:00:44,361 [Thread-1041] INFO  impl.RoleInfo (RoleInfo.java:shutdownFollowerState(121)) - 4f0a8cce-cba4-44f5-8366-0fb5fb6bef9c: shutdown FollowerState
2019-10-16 07:00:44,361 [Thread-1041] INFO  impl.RaftServerImpl (RaftServerImpl.java:setRole(184)) - 4f0a8cce-cba4-44f5-8366-0fb5fb6bef9c@group-2CD2AED02A48: changes role from  FOLLOWER to CANDIDATE at term 17 for changeToCandidate
2019-10-16 07:00:44,361 [Thread-1041] INFO  impl.RoleInfo (RoleInfo.java:updateAndGet(143)) - 4f0a8cce-cba4-44f5-8366-0fb5fb6bef9c: start LeaderElection
2019-10-16 07:00:44,375 [4f0a8cce-cba4-44f5-8366-0fb5fb6bef9c@group-2CD2AED02A48-LeaderElection76] INFO  impl.LeaderElection (LeaderElection.java:askForVotes(178)) - 4f0a8cce-cba4-44f5-8366-0fb5fb6bef9c@group-2CD2AED02A48-LeaderElection76: begin an election at term 18 for -1: [433771fa-af38-4628-a40e-96bcd22c3694:192.168.69.68:34462, 4f0a8cce-cba4-44f5-8366-0fb5fb6bef9c:192.168.69.68:42866, d2d597b7-f29c-4b6e-a1dc-31783afe2111:192.168.69.68:40938], old=null
2019-10-16 07:00:44,377 [grpc-default-executor-6] INFO  impl.RaftServerImpl (RaftServerImpl.java:setRole(184)) - 433771fa-af38-4628-a40e-96bcd22c3694@group-2CD2AED02A48: changes role from  FOLLOWER to FOLLOWER at term 18 for recognizeCandidate:4f0a8cce-cba4-44f5-8366-0fb5fb6bef9c
2019-10-16 07:00:44,377 [grpc-default-executor-5] INFO  impl.RaftServerImpl (RaftServerImpl.java:setRole(184)) - d2d597b7-f29c-4b6e-a1dc-31783afe2111@group-2CD2AED02A48: changes role from  FOLLOWER to FOLLOWER at term 18 for recognizeCandidate:4f0a8cce-cba4-44f5-8366-0fb5fb6bef9c
2019-10-16 07:00:44,378 [grpc-default-executor-6] INFO  impl.RoleInfo (RoleInfo.java:shutdownFollowerState(121)) - 433771fa-af38-4628-a40e-96bcd22c3694: shutdown FollowerState
2019-10-16 07:00:44,378 [grpc-default-executor-5] INFO  impl.RoleInfo (RoleInfo.java:shutdownFollowerState(121)) - d2d597b7-f29c-4b6e-a1dc-31783afe2111: shutdown FollowerState
2019-10-16 07:00:44,378 [Thread-1039] INFO  impl.FollowerState (FollowerState.java:run(117)) - 433771fa-af38-4628-a40e-96bcd22c3694@group-2CD2AED02A48-FollowerState was interrupted: java.lang.InterruptedException: sleep interrupted
2019-10-16 07:00:44,378 [grpc-default-executor-6] INFO  impl.RoleInfo (RoleInfo.java:updateAndGet(143)) - 433771fa-af38-4628-a40e-96bcd22c3694: start FollowerState
2019-10-16 07:00:44,378 [Thread-1040] INFO  impl.FollowerState (FollowerState.java:run(117)) - d2d597b7-f29c-4b6e-a1dc-31783afe2111@group-2CD2AED02A48-FollowerState was interrupted: java.lang.InterruptedException: sleep interrupted
2019-10-16 07:00:44,378 [grpc-default-executor-5] INFO  impl.RoleInfo (RoleInfo.java:updateAndGet(143)) - d2d597b7-f29c-4b6e-a1dc-31783afe2111: start FollowerState
2019-10-16 07:00:44,405 [4f0a8cce-cba4-44f5-8366-0fb5fb6bef9c@group-2CD2AED02A48-LeaderElection76] INFO  impl.LeaderElection (LeaderElection.java:logAndReturn(56)) - 4f0a8cce-cba4-44f5-8366-0fb5fb6bef9c@group-2CD2AED02A48-LeaderElection76: Election REJECTED; received 2 response(s) [4f0a8cce-cba4-44f5-8366-0fb5fb6bef9c<-433771fa-af38-4628-a40e-96bcd22c3694#0:FAIL-t18, 4f0a8cce-cba4-44f5-8366-0fb5fb6bef9c<-d2d597b7-f29c-4b6e-a1dc-31783afe2111#0:FAIL-t18] and 0 exception(s); 4f0a8cce-cba4-44f5-8366-0fb5fb6bef9c@group-2CD2AED02A48:t18, leader=null, voted=4f0a8cce-cba4-44f5-8366-0fb5fb6bef9c, raftlog=4f0a8cce-cba4-44f5-8366-0fb5fb6bef9c@group-2CD2AED02A48-SegmentedRaftLog:OPENED:c-1,f-1,i0, conf=-1: [433771fa-af38-4628-a40e-96bcd22c3694:192.168.69.68:34462, 4f0a8cce-cba4-44f5-8366-0fb5fb6bef9c:192.168.69.68:42866, d2d597b7-f29c-4b6e-a1dc-31783afe2111:192.168.69.68:40938], old=null
2019-10-16 07:00:44,405 [4f0a8cce-cba4-44f5-8366-0fb5fb6bef9c@group-2CD2AED02A48-LeaderElection76] INFO  impl.RaftServerImpl (RaftServerImpl.java:setRole(184)) - 4f0a8cce-cba4-44f5-8366-0fb5fb6bef9c@group-2CD2AED02A48: changes role from CANDIDATE to FOLLOWER at term 18 for DISCOVERED_A_NEW_TERM
2019-10-16 07:00:44,405 [4f0a8cce-cba4-44f5-8366-0fb5fb6bef9c@group-2CD2AED02A48-LeaderElection76] INFO  impl.RoleInfo (RoleInfo.java:shutdownLeaderElection(134)) - 4f0a8cce-cba4-44f5-8366-0fb5fb6bef9c: shutdown LeaderElection
2019-10-16 07:00:44,405 [4f0a8cce-cba4-44f5-8366-0fb5fb6bef9c@group-2CD2AED02A48-LeaderElection76] INFO  impl.RoleInfo (RoleInfo.java:updateAndGet(143)) - 4f0a8cce-cba4-44f5-8366-0fb5fb6bef9c: start FollowerState
2019-10-16 07:00:44,416 [Thread-1049] INFO  impl.FollowerState (FollowerState.java:run(108)) - 4f0a8cce-cba4-44f5-8366-0fb5fb6bef9c@group-767F7A20ABB4-FollowerState: change to CANDIDATE, lastRpcTime:143ms, electionTimeout:143ms
2019-10-16 07:00:44,416 [Thread-1049] INFO  impl.RoleInfo (RoleInfo.java:shutdownFollowerState(121)) - 4f0a8cce-cba4-44f5-8366-0fb5fb6bef9c: shutdown FollowerState
2019-10-16 07:00:44,416 [Thread-1049] INFO  impl.RaftServerImpl (RaftServerImpl.java:setRole(184)) - 4f0a8cce-cba4-44f5-8366-0fb5fb6bef9c@group-767F7A20ABB4: changes role from  FOLLOWER to CANDIDATE at term 57 for changeToCandidate
2019-10-16 07:00:44,416 [Thread-1049] INFO  impl.RoleInfo (RoleInfo.java:updateAndGet(143)) - 4f0a8cce-cba4-44f5-8366-0fb5fb6bef9c: start LeaderElection
2019-10-16 07:00:44,439 [4f0a8cce-cba4-44f5-8366-0fb5fb6bef9c@group-767F7A20ABB4-LeaderElection77] INFO  impl.LeaderElection (LeaderElection.java:askForVotes(178)) - 4f0a8cce-cba4-44f5-8366-0fb5fb6bef9c@group-767F7A20ABB4-LeaderElection77: begin an election at term 58 for 0: [433771fa-af38-4628-a40e-96bcd22c3694:192.168.69.68:34462, 4f0a8cce-cba4-44f5-8366-0fb5fb6bef9c:192.168.69.68:42866, d2d597b7-f29c-4b6e-a1dc-31783afe2111:192.168.69.68:40938], old=null
2019-10-16 07:00:44,442 [grpc-default-executor-6] INFO  impl.RaftServerImpl (RaftServerImpl.java:setRole(184)) - 433771fa-af38-4628-a40e-96bcd22c3694@group-767F7A20ABB4: changes role from  FOLLOWER to FOLLOWER at term 58 for recognizeCandidate:4f0a8cce-cba4-44f5-8366-0fb5fb6bef9c
2019-10-16 07:00:44,443 [grpc-default-executor-6] INFO  impl.RoleInfo (RoleInfo.java:shutdownFollowerState(121)) - 433771fa-af38-4628-a40e-96bcd22c3694: shutdown FollowerState
2019-10-16 07:00:44,443 [grpc-default-executor-5] INFO  impl.RaftServerImpl (RaftServerImpl.java:setRole(184)) - d2d597b7-f29c-4b6e-a1dc-31783afe2111@group-767F7A20ABB4: changes role from  FOLLOWER to FOLLOWER at term 58 for recognizeCandidate:4f0a8cce-cba4-44f5-8366-0fb5fb6bef9c
2019-10-16 07:00:44,443 [Thread-1048] INFO  impl.FollowerState (FollowerState.java:run(117)) - 433771fa-af38-4628-a40e-96bcd22c3694@group-767F7A20ABB4-FollowerState was interrupted: java.lang.InterruptedException: sleep interrupted
2019-10-16 07:00:44,443 [grpc-default-executor-6] INFO  impl.RoleInfo (RoleInfo.java:updateAndGet(143)) - 433771fa-af38-4628-a40e-96bcd22c3694: start FollowerState
2019-10-16 07:00:44,443 [grpc-default-executor-5] INFO  impl.RoleInfo (RoleInfo.java:shutdownFollowerState(121)) - d2d597b7-f29c-4b6e-a1dc-31783afe2111: shutdown FollowerState
2019-10-16 07:00:44,443 [grpc-default-executor-5] INFO  impl.RoleInfo (RoleInfo.java:updateAndGet(143)) - d2d597b7-f29c-4b6e-a1dc-31783afe2111: start FollowerState
2019-10-16 07:00:44,443 [Thread-1047] INFO  impl.FollowerState (FollowerState.java:run(117)) - d2d597b7-f29c-4b6e-a1dc-31783afe2111@group-767F7A20ABB4-FollowerState was interrupted: java.lang.InterruptedException: sleep interrupted
2019-10-16 07:00:44,468 [4f0a8cce-cba4-44f5-8366-0fb5fb6bef9c@group-767F7A20ABB4-LeaderElection77] INFO  impl.LeaderElection (LeaderElection.java:logAndReturn(56)) - 4f0a8cce-cba4-44f5-8366-0fb5fb6bef9c@group-767F7A20ABB4-LeaderElection77: Election REJECTED; received 2 response(s) [4f0a8cce-cba4-44f5-8366-0fb5fb6bef9c<-433771fa-af38-4628-a40e-96bcd22c3694#0:FAIL-t58, 4f0a8cce-cba4-44f5-8366-0fb5fb6bef9c<-d2d597b7-f29c-4b6e-a1dc-31783afe2111#0:FAIL-t58] and 0 exception(s); 4f0a8cce-cba4-44f5-8366-0fb5fb6bef9c@group-767F7A20ABB4:t58, leader=null, voted=4f0a8cce-cba4-44f5-8366-0fb5fb6bef9c, raftlog=4f0a8cce-cba4-44f5-8366-0fb5fb6bef9c@group-767F7A20ABB4-SegmentedRaftLog:OPENED:c3,f4,i4, conf=0: [433771fa-af38-4628-a40e-96bcd22c3694:192.168.69.68:34462, 4f0a8cce-cba4-44f5-8366-0fb5fb6bef9c:192.168.69.68:42866, d2d597b7-f29c-4b6e-a1dc-31783afe2111:192.168.69.68:40938], old=null
2019-10-16 07:00:44,469 [4f0a8cce-cba4-44f5-8366-0fb5fb6bef9c@group-767F7A20ABB4-LeaderElection77] INFO  impl.RaftServerImpl (RaftServerImpl.java:setRole(184)) - 4f0a8cce-cba4-44f5-8366-0fb5fb6bef9c@group-767F7A20ABB4: changes role from CANDIDATE to FOLLOWER at term 58 for DISCOVERED_A_NEW_TERM
2019-10-16 07:00:44,469 [4f0a8cce-cba4-44f5-8366-0fb5fb6bef9c@group-767F7A20ABB4-LeaderElection77] INFO  impl.RoleInfo (RoleInfo.java:shutdownLeaderElection(134)) - 4f0a8cce-cba4-44f5-8366-0fb5fb6bef9c: shutdown LeaderElection
2019-10-16 07:00:44,469 [4f0a8cce-cba4-44f5-8366-0fb5fb6bef9c@group-767F7A20ABB4-LeaderElection77] INFO  impl.RoleInfo (RoleInfo.java:updateAndGet(143)) - 4f0a8cce-cba4-44f5-8366-0fb5fb6bef9c: start FollowerState
2019-10-16 07:00:44,557 [Thread-1055] INFO  impl.FollowerState (FollowerState.java:run(108)) - 4f0a8cce-cba4-44f5-8366-0fb5fb6bef9c@group-2CD2AED02A48-FollowerState: change to CANDIDATE, lastRpcTime:151ms, electionTimeout:151ms
2019-10-16 07:00:44,557 [Thread-1055] INFO  impl.RoleInfo (RoleInfo.java:shutdownFollowerState(121)) - 4f0a8cce-cba4-44f5-8366-0fb5fb6bef9c: shutdown FollowerState
2019-10-16 07:00:44,557 [Thread-1055] INFO  impl.RaftServerImpl (RaftServerImpl.java:setRole(184)) - 4f0a8cce-cba4-44f5-8366-0fb5fb6bef9c@group-2CD2AED02A48: changes role from  FOLLOWER to CANDIDATE at term 18 for changeToCandidate
2019-10-16 07:00:44,557 [Thread-1055] INFO  impl.RoleInfo (RoleInfo.java:updateAndGet(143)) - 4f0a8cce-cba4-44f5-8366-0fb5fb6bef9c: start LeaderElection
2019-10-16 07:00:44,572 [4f0a8cce-cba4-44f5-8366-0fb5fb6bef9c@group-2CD2AED02A48-LeaderElection78] INFO  impl.LeaderElection (LeaderElection.java:askForVotes(178)) - 4f0a8cce-cba4-44f5-8366-0fb5fb6bef9c@group-2CD2AED02A48-LeaderElection78: begin an election at term 19 for -1: [433771fa-af38-4628-a40e-96bcd22c3694:192.168.69.68:34462, 4f0a8cce-cba4-44f5-8366-0fb5fb6bef9c:192.168.69.68:42866, d2d597b7-f29c-4b6e-a1dc-31783afe2111:192.168.69.68:40938], old=null
2019-10-16 07:00:44,574 [grpc-default-executor-5] INFO  impl.RaftServerImpl (RaftServerImpl.java:setRole(184)) - 433771fa-af38-4628-a40e-96bcd22c3694@group-2CD2AED02A48: changes role from  FOLLOWER to FOLLOWER at term 19 for recognizeCandidate:4f0a8cce-cba4-44f5-8366-0fb5fb6bef9c
2019-10-16 07:00:44,574 [grpc-default-executor-5] INFO  impl.RoleInfo (RoleInfo.java:shutdownFollowerState(121)) - 433771fa-af38-4628-a40e-96bcd22c3694: shutdown FollowerState
2019-10-16 07:00:44,574 [grpc-default-executor-5] INFO  impl.RoleInfo (RoleInfo.java:updateAndGet(143)) - 433771fa-af38-4628-a40e-96bcd22c3694: start FollowerState
2019-10-16 07:00:44,574 [grpc-default-executor-6] INFO  impl.RaftServerImpl (RaftServerImpl.java:setRole(184)) - d2d597b7-f29c-4b6e-a1dc-31783afe2111@group-2CD2AED02A48: changes role from  FOLLOWER to FOLLOWER at term 19 for recognizeCandidate:4f0a8cce-cba4-44f5-8366-0fb5fb6bef9c
2019-10-16 07:00:44,574 [Thread-1053] INFO  impl.FollowerState (FollowerState.java:run(117)) - 433771fa-af38-4628-a40e-96bcd22c3694@group-2CD2AED02A48-FollowerState was interrupted: java.lang.InterruptedException: sleep interrupted
2019-10-16 07:00:44,575 [grpc-default-executor-6] INFO  impl.RoleInfo (RoleInfo.java:shutdownFollowerState(121)) - d2d597b7-f29c-4b6e-a1dc-31783afe2111: shutdown FollowerState
2019-10-16 07:00:44,575 [grpc-default-executor-6] INFO  impl.RoleInfo (RoleInfo.java:updateAndGet(143)) - d2d597b7-f29c-4b6e-a1dc-31783afe2111: start FollowerState
2019-10-16 07:00:44,575 [Thread-1054] INFO  impl.FollowerState (FollowerState.java:run(117)) - d2d597b7-f29c-4b6e-a1dc-31783afe2111@group-2CD2AED02A48-FollowerState was interrupted: java.lang.InterruptedException: sleep interrupted
2019-10-16 07:00:44,589 [4f0a8cce-cba4-44f5-8366-0fb5fb6bef9c@group-2CD2AED02A48-LeaderElection78] INFO  impl.LeaderElection (LeaderElection.java:logAndReturn(56)) - 4f0a8cce-cba4-44f5-8366-0fb5fb6bef9c@group-2CD2AED02A48-LeaderElection78: Election REJECTED; received 2 response(s) [4f0a8cce-cba4-44f5-8366-0fb5fb6bef9c<-433771fa-af38-4628-a40e-96bcd22c3694#0:FAIL-t19, 4f0a8cce-cba4-44f5-8366-0fb5fb6bef9c<-d2d597b7-f29c-4b6e-a1dc-31783afe2111#0:FAIL-t19] and 0 exception(s); 4f0a8cce-cba4-44f5-8366-0fb5fb6bef9c@group-2CD2AED02A48:t19, leader=null, voted=4f0a8cce-cba4-44f5-8366-0fb5fb6bef9c, raftlog=4f0a8cce-cba4-44f5-8366-0fb5fb6bef9c@group-2CD2AED02A48-SegmentedRaftLog:OPENED:c-1,f-1,i0, conf=-1: [433771fa-af38-4628-a40e-96bcd22c3694:192.168.69.68:34462, 4f0a8cce-cba4-44f5-8366-0fb5fb6bef9c:192.168.69.68:42866, d2d597b7-f29c-4b6e-a1dc-31783afe2111:192.168.69.68:40938], old=null
2019-10-16 07:00:44,590 [4f0a8cce-cba4-44f5-8366-0fb5fb6bef9c@group-2CD2AED02A48-LeaderElection78] INFO  impl.RaftServerImpl (RaftServerImpl.java:setRole(184)) - 4f0a8cce-cba4-44f5-8366-0fb5fb6bef9c@group-2CD2AED02A48: changes role from CANDIDATE to FOLLOWER at term 19 for DISCOVERED_A_NEW_TERM
2019-10-16 07:00:44,590 [4f0a8cce-cba4-44f5-8366-0fb5fb6bef9c@group-2CD2AED02A48-LeaderElection78] INFO  impl.RoleInfo (RoleInfo.java:shutdownLeaderElection(134)) - 4f0a8cce-cba4-44f5-8366-0fb5fb6bef9c: shutdown LeaderElection
2019-10-16 07:00:44,590 [4f0a8cce-cba4-44f5-8366-0fb5fb6bef9c@group-2CD2AED02A48-LeaderElection78] INFO  impl.RoleInfo (RoleInfo.java:updateAndGet(143)) - 4f0a8cce-cba4-44f5-8366-0fb5fb6bef9c: start FollowerState
2019-10-16 07:00:44,600 [Thread-1061] INFO  impl.FollowerState (FollowerState.java:run(108)) - 4f0a8cce-cba4-44f5-8366-0fb5fb6bef9c@group-767F7A20ABB4-FollowerState: change to CANDIDATE, lastRpcTime:131ms, electionTimeout:131ms
2019-10-16 07:00:44,601 [Thread-1061] INFO  impl.RoleInfo (RoleInfo.java:shutdownFollowerState(121)) - 4f0a8cce-cba4-44f5-8366-0fb5fb6bef9c: shutdown FollowerState
2019-10-16 07:00:44,601 [Thread-1061] INFO  impl.RaftServerImpl (RaftServerImpl.java:setRole(184)) - 4f0a8cce-cba4-44f5-8366-0fb5fb6bef9c@group-767F7A20ABB4: changes role from  FOLLOWER to CANDIDATE at term 58 for changeToCandidate
2019-10-16 07:00:44,601 [Thread-1061] INFO  impl.RoleInfo (RoleInfo.java:updateAndGet(143)) - 4f0a8cce-cba4-44f5-8366-0fb5fb6bef9c: start LeaderElection
2019-10-16 07:00:44,614 [4f0a8cce-cba4-44f5-8366-0fb5fb6bef9c@group-767F7A20ABB4-LeaderElection79] INFO  impl.LeaderElection (LeaderElection.java:askForVotes(178)) - 4f0a8cce-cba4-44f5-8366-0fb5fb6bef9c@group-767F7A20ABB4-LeaderElection79: begin an election at term 59 for 0: [433771fa-af38-4628-a40e-96bcd22c3694:192.168.69.68:34462, 4f0a8cce-cba4-44f5-8366-0fb5fb6bef9c:192.168.69.68:42866, d2d597b7-f29c-4b6e-a1dc-31783afe2111:192.168.69.68:40938], old=null
2019-10-16 07:00:44,617 [grpc-default-executor-6] INFO  impl.RaftServerImpl (RaftServerImpl.java:setRole(184)) - 433771fa-af38-4628-a40e-96bcd22c3694@group-767F7A20ABB4: changes role from  FOLLOWER to FOLLOWER at term 59 for recognizeCandidate:4f0a8cce-cba4-44f5-8366-0fb5fb6bef9c
2019-10-16 07:00:44,617 [grpc-default-executor-5] INFO  impl.RaftServerImpl (RaftServerImpl.java:setRole(184)) - d2d597b7-f29c-4b6e-a1dc-31783afe2111@group-767F7A20ABB4: changes role from  FOLLOWER to FOLLOWER at term 59 for recognizeCandidate:4f0a8cce-cba4-44f5-8366-0fb5fb6bef9c
2019-10-16 07:00:44,617 [grpc-default-executor-6] INFO  impl.RoleInfo (RoleInfo.java:shutdownFollowerState(121)) - 433771fa-af38-4628-a40e-96bcd22c3694: shutdown FollowerState
2019-10-16 07:00:44,617 [grpc-default-executor-5] INFO  impl.RoleInfo (RoleInfo.java:shutdownFollowerState(121)) - d2d597b7-f29c-4b6e-a1dc-31783afe2111: shutdown FollowerState
2019-10-16 07:00:44,617 [Thread-1059] INFO  impl.FollowerState (FollowerState.java:run(117)) - 433771fa-af38-4628-a40e-96bcd22c3694@group-767F7A20ABB4-FollowerState was interrupted: java.lang.InterruptedException: sleep interrupted
2019-10-16 07:00:44,617 [grpc-default-executor-6] INFO  impl.RoleInfo (RoleInfo.java:updateAndGet(143)) - 433771fa-af38-4628-a40e-96bcd22c3694: start FollowerState
2019-10-16 07:00:44,617 [Thread-1060] INFO  impl.FollowerState (FollowerState.java:run(117)) - d2d597b7-f29c-4b6e-a1dc-31783afe2111@group-767F7A20ABB4-FollowerState was interrupted: java.lang.InterruptedException: sleep interrupted
2019-10-16 07:00:44,617 [grpc-default-executor-5] INFO  impl.RoleInfo (RoleInfo.java:updateAndGet(143)) - d2d597b7-f29c-4b6e-a1dc-31783afe2111: start FollowerState
2019-10-16 07:00:44,632 [4f0a8cce-cba4-44f5-8366-0fb5fb6bef9c@group-767F7A20ABB4-LeaderElection79] INFO  impl.LeaderElection (LeaderElection.java:logAndReturn(56)) - 4f0a8cce-cba4-44f5-8366-0fb5fb6bef9c@group-767F7A20ABB4-LeaderElection79: Election REJECTED; received 2 response(s) [4f0a8cce-cba4-44f5-8366-0fb5fb6bef9c<-433771fa-af38-4628-a40e-96bcd22c3694#0:FAIL-t59, 4f0a8cce-cba4-44f5-8366-0fb5fb6bef9c<-d2d597b7-f29c-4b6e-a1dc-31783afe2111#0:FAIL-t59] and 0 exception(s); 4f0a8cce-cba4-44f5-8366-0fb5fb6bef9c@group-767F7A20ABB4:t59, leader=null, voted=4f0a8cce-cba4-44f5-8366-0fb5fb6bef9c, raftlog=4f0a8cce-cba4-44f5-8366-0fb5fb6bef9c@group-767F7A20ABB4-SegmentedRaftLog:OPENED:c3,f4,i4, conf=0: [433771fa-af38-4628-a40e-96bcd22c3694:192.168.69.68:34462, 4f0a8cce-cba4-44f5-8366-0fb5fb6bef9c:192.168.69.68:42866, d2d597b7-f29c-4b6e-a1dc-31783afe2111:192.168.69.68:40938], old=null
2019-10-16 07:00:44,632 [4f0a8cce-cba4-44f5-8366-0fb5fb6bef9c@group-767F7A20ABB4-LeaderElection79] INFO  impl.RaftServerImpl (RaftServerImpl.java:setRole(184)) - 4f0a8cce-cba4-44f5-8366-0fb5fb6bef9c@group-767F7A20ABB4: changes role from CANDIDATE to FOLLOWER at term 59 for DISCOVERED_A_NEW_TERM
2019-10-16 07:00:44,632 [4f0a8cce-cba4-44f5-8366-0fb5fb6bef9c@group-767F7A20ABB4-LeaderElection79] INFO  impl.RoleInfo (RoleInfo.java:shutdownLeaderElection(134)) - 4f0a8cce-cba4-44f5-8366-0fb5fb6bef9c: shutdown LeaderElection
2019-10-16 07:00:44,633 [4f0a8cce-cba4-44f5-8366-0fb5fb6bef9c@group-767F7A20ABB4-LeaderElection79] INFO  impl.RoleInfo (RoleInfo.java:updateAndGet(143)) - 4f0a8cce-cba4-44f5-8366-0fb5fb6bef9c: start FollowerState
2019-10-16 07:00:44,684 [Thread-1067] INFO  impl.FollowerState (FollowerState.java:run(108)) - 4f0a8cce-cba4-44f5-8366-0fb5fb6bef9c@group-2CD2AED02A48-FollowerState: change to CANDIDATE, lastRpcTime:94ms, electionTimeout:94ms
2019-10-16 07:00:44,685 [Thread-1067] INFO  impl.RoleInfo (RoleInfo.java:shutdownFollowerState(121)) - 4f0a8cce-cba4-44f5-8366-0fb5fb6bef9c: shutdown FollowerState
2019-10-16 07:00:44,685 [Thread-1067] INFO  impl.RaftServerImpl (RaftServerImpl.java:setRole(184)) - 4f0a8cce-cba4-44f5-8366-0fb5fb6bef9c@group-2CD2AED02A48: changes role from  FOLLOWER to CANDIDATE at term 19 for changeToCandidate
2019-10-16 07:00:44,685 [Thread-1067] INFO  impl.RoleInfo (RoleInfo.java:updateAndGet(143)) - 4f0a8cce-cba4-44f5-8366-0fb5fb6bef9c: start LeaderElection
2019-10-16 07:00:44,692 [Thread-1073] INFO  impl.FollowerState (FollowerState.java:run(108)) - 4f0a8cce-cba4-44f5-8366-0fb5fb6bef9c@group-767F7A20ABB4-FollowerState: change to CANDIDATE, lastRpcTime:59ms, electionTimeout:59ms
2019-10-16 07:00:44,692 [Thread-1073] INFO  impl.RoleInfo (RoleInfo.java:shutdownFollowerState(121)) - 4f0a8cce-cba4-44f5-8366-0fb5fb6bef9c: shutdown FollowerState
2019-10-16 07:00:44,692 [Thread-1073] INFO  impl.RaftServerImpl (RaftServerImpl.java:setRole(184)) - 4f0a8cce-cba4-44f5-8366-0fb5fb6bef9c@group-767F7A20ABB4: changes role from  FOLLOWER to CANDIDATE at term 59 for changeToCandidate
2019-10-16 07:00:44,692 [Thread-1073] INFO  impl.RoleInfo (RoleInfo.java:updateAndGet(143)) - 4f0a8cce-cba4-44f5-8366-0fb5fb6bef9c: start LeaderElection
2019-10-16 07:00:44,696 [4f0a8cce-cba4-44f5-8366-0fb5fb6bef9c@group-2CD2AED02A48-LeaderElection80] INFO  impl.LeaderElection (LeaderElection.java:askForVotes(178)) - 4f0a8cce-cba4-44f5-8366-0fb5fb6bef9c@group-2CD2AED02A48-LeaderElection80: begin an election at term 20 for -1: [433771fa-af38-4628-a40e-96bcd22c3694:192.168.69.68:34462, 4f0a8cce-cba4-44f5-8366-0fb5fb6bef9c:192.168.69.68:42866, d2d597b7-f29c-4b6e-a1dc-31783afe2111:192.168.69.68:40938], old=null
2019-10-16 07:00:44,700 [grpc-default-executor-6] INFO  impl.RaftServerImpl (RaftServerImpl.java:setRole(184)) - 433771fa-af38-4628-a40e-96bcd22c3694@group-2CD2AED02A48: changes role from  FOLLOWER to FOLLOWER at term 20 for recognizeCandidate:4f0a8cce-cba4-44f5-8366-0fb5fb6bef9c
2019-10-16 07:00:44,700 [grpc-default-executor-5] INFO  impl.RaftServerImpl (RaftServerImpl.java:setRole(184)) - d2d597b7-f29c-4b6e-a1dc-31783afe2111@group-2CD2AED02A48: changes role from  FOLLOWER to FOLLOWER at term 20 for recognizeCandidate:4f0a8cce-cba4-44f5-8366-0fb5fb6bef9c
2019-10-16 07:00:44,700 [grpc-default-executor-6] INFO  impl.RoleInfo (RoleInfo.java:shutdownFollowerState(121)) - 433771fa-af38-4628-a40e-96bcd22c3694: shutdown FollowerState
2019-10-16 07:00:44,700 [grpc-default-executor-5] INFO  impl.RoleInfo (RoleInfo.java:shutdownFollowerState(121)) - d2d597b7-f29c-4b6e-a1dc-31783afe2111: shutdown FollowerState
2019-10-16 07:00:44,700 [Thread-1065] INFO  impl.FollowerState (FollowerState.java:run(117)) - 433771fa-af38-4628-a40e-96bcd22c3694@group-2CD2AED02A48-FollowerState was interrupted: java.lang.InterruptedException: sleep interrupted
2019-10-16 07:00:44,700 [grpc-default-executor-6] INFO  impl.RoleInfo (RoleInfo.java:updateAndGet(143)) - 433771fa-af38-4628-a40e-96bcd22c3694: start FollowerState
2019-10-16 07:00:44,700 [grpc-default-executor-5] INFO  impl.RoleInfo (RoleInfo.java:updateAndGet(143)) - d2d597b7-f29c-4b6e-a1dc-31783afe2111: start FollowerState
2019-10-16 07:00:44,700 [Thread-1066] INFO  impl.FollowerState (FollowerState.java:run(117)) - d2d597b7-f29c-4b6e-a1dc-31783afe2111@group-2CD2AED02A48-FollowerState was interrupted: java.lang.InterruptedException: sleep interrupted
2019-10-16 07:00:44,702 [4f0a8cce-cba4-44f5-8366-0fb5fb6bef9c@group-2CD2AED02A48-LeaderElection80] INFO  impl.LeaderElection (LeaderElection.java:logAndReturn(56)) - 4f0a8cce-cba4-44f5-8366-0fb5fb6bef9c@group-2CD2AED02A48-LeaderElection80: Election TIMEOUT; received 0 response(s) [] and 0 exception(s); 4f0a8cce-cba4-44f5-8366-0fb5fb6bef9c@group-2CD2AED02A48:t20, leader=null, voted=4f0a8cce-cba4-44f5-8366-0fb5fb6bef9c, raftlog=4f0a8cce-cba4-44f5-8366-0fb5fb6bef9c@group-2CD2AED02A48-SegmentedRaftLog:OPENED:c-1,f-1,i0, conf=-1: [433771fa-af38-4628-a40e-96bcd22c3694:192.168.69.68:34462, 4f0a8cce-cba4-44f5-8366-0fb5fb6bef9c:192.168.69.68:42866, d2d597b7-f29c-4b6e-a1dc-31783afe2111:192.168.69.68:40938], old=null
2019-10-16 07:00:44,709 [4f0a8cce-cba4-44f5-8366-0fb5fb6bef9c@group-767F7A20ABB4-LeaderElection81] INFO  impl.LeaderElection (LeaderElection.java:askForVotes(178)) - 4f0a8cce-cba4-44f5-8366-0fb5fb6bef9c@group-767F7A20ABB4-LeaderElection81: begin an election at term 60 for 0: [433771fa-af38-4628-a40e-96bcd22c3694:192.168.69.68:34462, 4f0a8cce-cba4-44f5-8366-0fb5fb6bef9c:192.168.69.68:42866, d2d597b7-f29c-4b6e-a1dc-31783afe2111:192.168.69.68:40938], old=null
2019-10-16 07:00:44,711 [grpc-default-executor-7] INFO  impl.RaftServerImpl (RaftServerImpl.java:setRole(184)) - d2d597b7-f29c-4b6e-a1dc-31783afe2111@group-767F7A20ABB4: changes role from  FOLLOWER to FOLLOWER at term 60 for recognizeCandidate:4f0a8cce-cba4-44f5-8366-0fb5fb6bef9c
2019-10-16 07:00:44,711 [grpc-default-executor-0] INFO  impl.RaftServerImpl (RaftServerImpl.java:setRole(184)) - 433771fa-af38-4628-a40e-96bcd22c3694@group-767F7A20ABB4: changes role from  FOLLOWER to FOLLOWER at term 60 for recognizeCandidate:4f0a8cce-cba4-44f5-8366-0fb5fb6bef9c
2019-10-16 07:00:44,711 [grpc-default-executor-7] INFO  impl.RoleInfo (RoleInfo.java:shutdownFollowerState(121)) - d2d597b7-f29c-4b6e-a1dc-31783afe2111: shutdown FollowerState
2019-10-16 07:00:44,712 [grpc-default-executor-0] INFO  impl.RoleInfo (RoleInfo.java:shutdownFollowerState(121)) - 433771fa-af38-4628-a40e-96bcd22c3694: shutdown FollowerState
2019-10-16 07:00:44,712 [Thread-1072] INFO  impl.FollowerState (FollowerState.java:run(117)) - d2d597b7-f29c-4b6e-a1dc-31783afe2111@group-767F7A20ABB4-FollowerState was interrupted: java.lang.InterruptedException: sleep interrupted
2019-10-16 07:00:44,712 [grpc-default-executor-7] INFO  impl.RoleInfo (RoleInfo.java:updateAndGet(143)) - d2d597b7-f29c-4b6e-a1dc-31783afe2111: start FollowerState
2019-10-16 07:00:44,712 [Thread-1071] INFO  impl.FollowerState (FollowerState.java:run(117)) - 433771fa-af38-4628-a40e-96bcd22c3694@group-767F7A20ABB4-FollowerState was interrupted: java.lang.InterruptedException: sleep interrupted
2019-10-16 07:00:44,712 [4f0a8cce-cba4-44f5-8366-0fb5fb6bef9c@group-767F7A20ABB4-LeaderElection81] INFO  impl.LeaderElection (LeaderElection.java:logAndReturn(56)) - 4f0a8cce-cba4-44f5-8366-0fb5fb6bef9c@group-767F7A20ABB4-LeaderElection81: Election TIMEOUT; received 0 response(s) [] and 0 exception(s); 4f0a8cce-cba4-44f5-8366-0fb5fb6bef9c@group-767F7A20ABB4:t60, leader=null, voted=4f0a8cce-cba4-44f5-8366-0fb5fb6bef9c, raftlog=4f0a8cce-cba4-44f5-8366-0fb5fb6bef9c@group-767F7A20ABB4-SegmentedRaftLog:OPENED:c3,f4,i4, conf=0: [433771fa-af38-4628-a40e-96bcd22c3694:192.168.69.68:34462, 4f0a8cce-cba4-44f5-8366-0fb5fb6bef9c:192.168.69.68:42866, d2d597b7-f29c-4b6e-a1dc-31783afe2111:192.168.69.68:40938], old=null
2019-10-16 07:00:44,712 [grpc-default-executor-0] INFO  impl.RoleInfo (RoleInfo.java:updateAndGet(143)) - 433771fa-af38-4628-a40e-96bcd22c3694: start FollowerState
2019-10-16 07:00:44,738 [4f0a8cce-cba4-44f5-8366-0fb5fb6bef9c@group-2CD2AED02A48-LeaderElection80] INFO  impl.LeaderElection (LeaderElection.java:askForVotes(178)) - 4f0a8cce-cba4-44f5-8366-0fb5fb6bef9c@group-2CD2AED02A48-LeaderElection80: begin an election at term 21 for -1: [433771fa-af38-4628-a40e-96bcd22c3694:192.168.69.68:34462, 4f0a8cce-cba4-44f5-8366-0fb5fb6bef9c:192.168.69.68:42866, d2d597b7-f29c-4b6e-a1dc-31783afe2111:192.168.69.68:40938], old=null
2019-10-16 07:00:44,739 [4f0a8cce-cba4-44f5-8366-0fb5fb6bef9c@group-767F7A20ABB4-LeaderElection81] INFO  impl.LeaderElection (LeaderElection.java:askForVotes(178)) - 4f0a8cce-cba4-44f5-8366-0fb5fb6bef9c@group-767F7A20ABB4-LeaderElection81: begin an election at term 61 for 0: [433771fa-af38-4628-a40e-96bcd22c3694:192.168.69.68:34462, 4f0a8cce-cba4-44f5-8366-0fb5fb6bef9c:192.168.69.68:42866, d2d597b7-f29c-4b6e-a1dc-31783afe2111:192.168.69.68:40938], old=null
2019-10-16 07:00:44,741 [grpc-default-executor-7] INFO  impl.RaftServerImpl (RaftServerImpl.java:setRole(184)) - d2d597b7-f29c-4b6e-a1dc-31783afe2111@group-2CD2AED02A48: changes role from  FOLLOWER to FOLLOWER at term 21 for recognizeCandidate:4f0a8cce-cba4-44f5-8366-0fb5fb6bef9c
2019-10-16 07:00:44,741 [grpc-default-executor-7] INFO  impl.RoleInfo (RoleInfo.java:shutdownFollowerState(121)) - d2d597b7-f29c-4b6e-a1dc-31783afe2111: shutdown FollowerState
2019-10-16 07:00:44,741 [grpc-default-executor-7] INFO  impl.RoleInfo (RoleInfo.java:updateAndGet(143)) - d2d597b7-f29c-4b6e-a1dc-31783afe2111: start FollowerState
2019-10-16 07:00:44,741 [Thread-1080] INFO  impl.FollowerState (FollowerState.java:run(117)) - d2d597b7-f29c-4b6e-a1dc-31783afe2111@group-2CD2AED02A48-FollowerState was interrupted: java.lang.InterruptedException: sleep interrupted
2019-10-16 07:00:44,741 [grpc-default-executor-0] INFO  impl.RaftServerImpl (RaftServerImpl.java:setRole(184)) - d2d597b7-f29c-4b6e-a1dc-31783afe2111@group-767F7A20ABB4: changes role from  FOLLOWER to FOLLOWER at term 61 for recognizeCandidate:4f0a8cce-cba4-44f5-8366-0fb5fb6bef9c
2019-10-16 07:00:44,741 [grpc-default-executor-6] INFO  impl.RaftServerImpl (RaftServerImpl.java:setRole(184)) - 433771fa-af38-4628-a40e-96bcd22c3694@group-2CD2AED02A48: changes role from  FOLLOWER to FOLLOWER at term 21 for recognizeCandidate:4f0a8cce-cba4-44f5-8366-0fb5fb6bef9c
2019-10-16 07:00:44,741 [grpc-default-executor-0] INFO  impl.RoleInfo (RoleInfo.java:shutdownFollowerState(121)) - d2d597b7-f29c-4b6e-a1dc-31783afe2111: shutdown FollowerState
2019-10-16 07:00:44,741 [grpc-default-executor-5] INFO  impl.RaftServerImpl (RaftServerImpl.java:setRole(184)) - 433771fa-af38-4628-a40e-96bcd22c3694@group-767F7A20ABB4: changes role from  FOLLOWER to FOLLOWER at term 61 for recognizeCandidate:4f0a8cce-cba4-44f5-8366-0fb5fb6bef9c
2019-10-16 07:00:44,742 [Thread-1083] INFO  impl.FollowerState (FollowerState.java:run(117)) - d2d597b7-f29c-4b6e-a1dc-31783afe2111@group-767F7A20ABB4-FollowerState was interrupted: java.lang.InterruptedException: sleep interrupted
2019-10-16 07:00:44,742 [grpc-default-executor-0] INFO  impl.RoleInfo (RoleInfo.java:updateAndGet(143)) - d2d597b7-f29c-4b6e-a1dc-31783afe2111: start FollowerState
2019-10-16 07:00:44,741 [grpc-default-executor-6] INFO  impl.RoleInfo (RoleInfo.java:shutdownFollowerState(121)) - 433771fa-af38-4628-a40e-96bcd22c3694: shutdown FollowerState
2019-10-16 07:00:44,742 [grpc-default-executor-5] INFO  impl.RoleInfo (RoleInfo.java:shutdownFollowerState(121)) - 433771fa-af38-4628-a40e-96bcd22c3694: shutdown FollowerState
2019-10-16 07:00:44,742 [Thread-1079] INFO  impl.FollowerState (FollowerState.java:run(117)) - 433771fa-af38-4628-a40e-96bcd22c3694@group-2CD2AED02A48-FollowerState was interrupted: java.lang.InterruptedException: sleep interrupted
2019-10-16 07:00:44,742 [grpc-default-executor-6] INFO  impl.RoleInfo (RoleInfo.java:updateAndGet(143)) - 433771fa-af38-4628-a40e-96bcd22c3694: start FollowerState
2019-10-16 07:00:44,742 [grpc-default-executor-5] INFO  impl.RoleInfo (RoleInfo.java:updateAndGet(143)) - 433771fa-af38-4628-a40e-96bcd22c3694: start FollowerState
2019-10-16 07:00:44,742 [Thread-1084] INFO  impl.FollowerState (FollowerState.java:run(117)) - 433771fa-af38-4628-a40e-96bcd22c3694@group-767F7A20ABB4-FollowerState was interrupted: java.lang.InterruptedException: sleep interrupted
2019-10-16 07:00:44,758 [4f0a8cce-cba4-44f5-8366-0fb5fb6bef9c@group-2CD2AED02A48-LeaderElection80] INFO  impl.LeaderElection (LeaderElection.java:logAndReturn(56)) - 4f0a8cce-cba4-44f5-8366-0fb5fb6bef9c@group-2CD2AED02A48-LeaderElection80: Election TIMEOUT; received 0 response(s) [] and 0 exception(s); 4f0a8cce-cba4-44f5-8366-0fb5fb6bef9c@group-2CD2AED02A48:t21, leader=null, voted=4f0a8cce-cba4-44f5-8366-0fb5fb6bef9c, raftlog=4f0a8cce-cba4-44f5-8366-0fb5fb6bef9c@group-2CD2AED02A48-SegmentedRaftLog:OPENED:c-1,f-1,i0, conf=-1: [433771fa-af38-4628-a40e-96bcd22c3694:192.168.69.68:34462, 4f0a8cce-cba4-44f5-8366-0fb5fb6bef9c:192.168.69.68:42866, d2d597b7-f29c-4b6e-a1dc-31783afe2111:192.168.69.68:40938], old=null
2019-10-16 07:00:44,761 [4f0a8cce-cba4-44f5-8366-0fb5fb6bef9c@group-767F7A20ABB4-LeaderElection81] INFO  impl.LeaderElection (LeaderElection.java:logAndReturn(56)) - 4f0a8cce-cba4-44f5-8366-0fb5fb6bef9c@group-767F7A20ABB4-LeaderElection81: Election REJECTED; received 2 response(s) [4f0a8cce-cba4-44f5-8366-0fb5fb6bef9c<-433771fa-af38-4628-a40e-96bcd22c3694#0:FAIL-t61, 4f0a8cce-cba4-44f5-8366-0fb5fb6bef9c<-d2d597b7-f29c-4b6e-a1dc-31783afe2111#0:FAIL-t61] and 0 exception(s); 4f0a8cce-cba4-44f5-8366-0fb5fb6bef9c@group-767F7A20ABB4:t61, leader=null, voted=4f0a8cce-cba4-44f5-8366-0fb5fb6bef9c, raftlog=4f0a8cce-cba4-44f5-8366-0fb5fb6bef9c@group-767F7A20ABB4-SegmentedRaftLog:OPENED:c3,f4,i4, conf=0: [433771fa-af38-4628-a40e-96bcd22c3694:192.168.69.68:34462, 4f0a8cce-cba4-44f5-8366-0fb5fb6bef9c:192.168.69.68:42866, d2d597b7-f29c-4b6e-a1dc-31783afe2111:192.168.69.68:40938], old=null
2019-10-16 07:00:44,761 [4f0a8cce-cba4-44f5-8366-0fb5fb6bef9c@group-767F7A20ABB4-LeaderElection81] INFO  impl.RaftServerImpl (RaftServerImpl.java:setRole(184)) - 4f0a8cce-cba4-44f5-8366-0fb5fb6bef9c@group-767F7A20ABB4: changes role from CANDIDATE to FOLLOWER at term 61 for DISCOVERED_A_NEW_TERM
2019-10-16 07:00:44,761 [4f0a8cce-cba4-44f5-8366-0fb5fb6bef9c@group-767F7A20ABB4-LeaderElection81] INFO  impl.RoleInfo (RoleInfo.java:shutdownLeaderElection(134)) - 4f0a8cce-cba4-44f5-8366-0fb5fb6bef9c: shutdown LeaderElection
2019-10-16 07:00:44,761 [4f0a8cce-cba4-44f5-8366-0fb5fb6bef9c@group-767F7A20ABB4-LeaderElection81] INFO  impl.RoleInfo (RoleInfo.java:updateAndGet(143)) - 4f0a8cce-cba4-44f5-8366-0fb5fb6bef9c: start FollowerState
2019-10-16 07:00:44,762 [4f0a8cce-cba4-44f5-8366-0fb5fb6bef9c@group-2CD2AED02A48-LeaderElection80] INFO  impl.LeaderElection (LeaderElection.java:askForVotes(178)) - 4f0a8cce-cba4-44f5-8366-0fb5fb6bef9c@group-2CD2AED02A48-LeaderElection80: begin an election at term 22 for -1: [433771fa-af38-4628-a40e-96bcd22c3694:192.168.69.68:34462, 4f0a8cce-cba4-44f5-8366-0fb5fb6bef9c:192.168.69.68:42866, d2d597b7-f29c-4b6e-a1dc-31783afe2111:192.168.69.68:40938], old=null
2019-10-16 07:00:44,764 [grpc-default-executor-5] INFO  impl.RaftServerImpl (RaftServerImpl.java:setRole(184)) - 433771fa-af38-4628-a40e-96bcd22c3694@group-2CD2AED02A48: changes role from  FOLLOWER to FOLLOWER at term 22 for recognizeCandidate:4f0a8cce-cba4-44f5-8366-0fb5fb6bef9c
2019-10-16 07:00:44,764 [grpc-default-executor-5] INFO  impl.RoleInfo (RoleInfo.java:shutdownFollowerState(121)) - 433771fa-af38-4628-a40e-96bcd22c3694: shutdown FollowerState
2019-10-16 07:00:44,764 [grpc-default-executor-0] INFO  impl.RaftServerImpl (RaftServerImpl.java:setRole(184)) - d2d597b7-f29c-4b6e-a1dc-31783afe2111@group-2CD2AED02A48: changes role from  FOLLOWER to FOLLOWER at term 22 for recognizeCandidate:4f0a8cce-cba4-44f5-8366-0fb5fb6bef9c
2019-10-16 07:00:44,764 [Thread-1091] INFO  impl.FollowerState (FollowerState.java:run(117)) - 433771fa-af38-4628-a40e-96bcd22c3694@group-2CD2AED02A48-FollowerState was interrupted: java.lang.InterruptedException: sleep interrupted
2019-10-16 07:00:44,764 [grpc-default-executor-5] INFO  impl.RoleInfo (RoleInfo.java:updateAndGet(143)) - 433771fa-af38-4628-a40e-96bcd22c3694: start FollowerState
2019-10-16 07:00:44,764 [grpc-default-executor-0] INFO  impl.RoleInfo (RoleInfo.java:shutdownFollowerState(121)) - d2d597b7-f29c-4b6e-a1dc-31783afe2111: shutdown FollowerState
2019-10-16 07:00:44,765 [Thread-1089] INFO  impl.FollowerState (FollowerState.java:run(117)) - d2d597b7-f29c-4b6e-a1dc-31783afe2111@group-2CD2AED02A48-FollowerState was interrupted: java.lang.InterruptedException: sleep interrupted
2019-10-16 07:00:44,765 [grpc-default-executor-0] INFO  impl.RoleInfo (RoleInfo.java:updateAndGet(143)) - d2d597b7-f29c-4b6e-a1dc-31783afe2111: start FollowerState
2019-10-16 07:00:44,783 [Thread-1093] INFO  impl.FollowerState (FollowerState.java:run(108)) - 4f0a8cce-cba4-44f5-8366-0fb5fb6bef9c@group-767F7A20ABB4-FollowerState: change to CANDIDATE, lastRpcTime:22ms, electionTimeout:22ms
2019-10-16 07:00:44,783 [Thread-1093] INFO  impl.RoleInfo (RoleInfo.java:shutdownFollowerState(121)) - 4f0a8cce-cba4-44f5-8366-0fb5fb6bef9c: shutdown FollowerState
2019-10-16 07:00:44,784 [Thread-1093] INFO  impl.RaftServerImpl (RaftServerImpl.java:setRole(184)) - 4f0a8cce-cba4-44f5-8366-0fb5fb6bef9c@group-767F7A20ABB4: changes role from  FOLLOWER to CANDIDATE at term 61 for changeToCandidate
2019-10-16 07:00:44,784 [Thread-1093] INFO  impl.RoleInfo (RoleInfo.java:updateAndGet(143)) - 4f0a8cce-cba4-44f5-8366-0fb5fb6bef9c: start LeaderElection
2019-10-16 07:00:44,802 [4f0a8cce-cba4-44f5-8366-0fb5fb6bef9c@group-767F7A20ABB4-LeaderElection82] INFO  impl.LeaderElection (LeaderElection.java:askForVotes(178)) - 4f0a8cce-cba4-44f5-8366-0fb5fb6bef9c@group-767F7A20ABB4-LeaderElection82: begin an election at term 62 for 0: [433771fa-af38-4628-a40e-96bcd22c3694:192.168.69.68:34462, 4f0a8cce-cba4-44f5-8366-0fb5fb6bef9c:192.168.69.68:42866, d2d597b7-f29c-4b6e-a1dc-31783afe2111:192.168.69.68:40938], old=null
2019-10-16 07:00:44,802 [4f0a8cce-cba4-44f5-8366-0fb5fb6bef9c@group-2CD2AED02A48-LeaderElection80] INFO  impl.LeaderElection (LeaderElection.java:logAndReturn(56)) - 4f0a8cce-cba4-44f5-8366-0fb5fb6bef9c@group-2CD2AED02A48-LeaderElection80: Election REJECTED; received 2 response(s) [4f0a8cce-cba4-44f5-8366-0fb5fb6bef9c<-433771fa-af38-4628-a40e-96bcd22c3694#0:FAIL-t22, 4f0a8cce-cba4-44f5-8366-0fb5fb6bef9c<-d2d597b7-f29c-4b6e-a1dc-31783afe2111#0:FAIL-t22] and 0 exception(s); 4f0a8cce-cba4-44f5-8366-0fb5fb6bef9c@group-2CD2AED02A48:t22, leader=null, voted=4f0a8cce-cba4-44f5-8366-0fb5fb6bef9c, raftlog=4f0a8cce-cba4-44f5-8366-0fb5fb6bef9c@group-2CD2AED02A48-SegmentedRaftLog:OPENED:c-1,f-1,i0, conf=-1: [433771fa-af38-4628-a40e-96bcd22c3694:192.168.69.68:34462, 4f0a8cce-cba4-44f5-8366-0fb5fb6bef9c:192.168.69.68:42866, d2d597b7-f29c-4b6e-a1dc-31783afe2111:192.168.69.68:40938], old=null
2019-10-16 07:00:44,803 [4f0a8cce-cba4-44f5-8366-0fb5fb6bef9c@group-2CD2AED02A48-LeaderElection80] INFO  impl.RaftServerImpl (RaftServerImpl.java:setRole(184)) - 4f0a8cce-cba4-44f5-8366-0fb5fb6bef9c@group-2CD2AED02A48: changes role from CANDIDATE to FOLLOWER at term 22 for DISCOVERED_A_NEW_TERM
2019-10-16 07:00:44,803 [4f0a8cce-cba4-44f5-8366-0fb5fb6bef9c@group-2CD2AED02A48-LeaderElection80] INFO  impl.RoleInfo (RoleInfo.java:shutdownLeaderElection(134)) - 4f0a8cce-cba4-44f5-8366-0fb5fb6bef9c: shutdown LeaderElection
2019-10-16 07:00:44,803 [4f0a8cce-cba4-44f5-8366-0fb5fb6bef9c@group-2CD2AED02A48-LeaderElection80] INFO  impl.RoleInfo (RoleInfo.java:updateAndGet(143)) - 4f0a8cce-cba4-44f5-8366-0fb5fb6bef9c: start FollowerState
2019-10-16 07:00:44,803 [grpc-default-executor-0] INFO  impl.RaftServerImpl (RaftServerImpl.java:setRole(184)) - 433771fa-af38-4628-a40e-96bcd22c3694@group-767F7A20ABB4: changes role from  FOLLOWER to FOLLOWER at term 62 for recognizeCandidate:4f0a8cce-cba4-44f5-8366-0fb5fb6bef9c
2019-10-16 07:00:44,804 [grpc-default-executor-0] INFO  impl.RoleInfo (RoleInfo.java:shutdownFollowerState(121)) - 433771fa-af38-4628-a40e-96bcd22c3694: shutdown FollowerState
2019-10-16 07:00:44,804 [grpc-default-executor-0] INFO  impl.RoleInfo (RoleInfo.java:updateAndGet(143)) - 433771fa-af38-4628-a40e-96bcd22c3694: start FollowerState
2019-10-16 07:00:44,804 [grpc-default-executor-5] INFO  impl.RaftServerImpl (RaftServerImpl.java:setRole(184)) - d2d597b7-f29c-4b6e-a1dc-31783afe2111@group-767F7A20ABB4: changes role from  FOLLOWER to FOLLOWER at term 62 for recognizeCandidate:4f0a8cce-cba4-44f5-8366-0fb5fb6bef9c
2019-10-16 07:00:44,804 [Thread-1092] INFO  impl.FollowerState (FollowerState.java:run(117)) - 433771fa-af38-4628-a40e-96bcd22c3694@group-767F7A20ABB4-FollowerState was interrupted: java.lang.InterruptedException: sleep interrupted
2019-10-16 07:00:44,804 [grpc-default-executor-5] INFO  impl.RoleInfo (RoleInfo.java:shutdownFollowerState(121)) - d2d597b7-f29c-4b6e-a1dc-31783afe2111: shutdown FollowerState
2019-10-16 07:00:44,804 [Thread-1090] INFO  impl.FollowerState (FollowerState.java:run(117)) - d2d597b7-f29c-4b6e-a1dc-31783afe2111@group-767F7A20ABB4-FollowerState was interrupted: java.lang.InterruptedException: sleep interrupted
2019-10-16 07:00:44,804 [grpc-default-executor-5] INFO  impl.RoleInfo (RoleInfo.java:updateAndGet(143)) - d2d597b7-f29c-4b6e-a1dc-31783afe2111: start FollowerState
2019-10-16 07:00:44,818 [4f0a8cce-cba4-44f5-8366-0fb5fb6bef9c@group-767F7A20ABB4-LeaderElection82] INFO  impl.LeaderElection (LeaderElection.java:logAndReturn(56)) - 4f0a8cce-cba4-44f5-8366-0fb5fb6bef9c@group-767F7A20ABB4-LeaderElection82: Election REJECTED; received 2 response(s) [4f0a8cce-cba4-44f5-8366-0fb5fb6bef9c<-433771fa-af38-4628-a40e-96bcd22c3694#0:FAIL-t62, 4f0a8cce-cba4-44f5-8366-0fb5fb6bef9c<-d2d597b7-f29c-4b6e-a1dc-31783afe2111#0:FAIL-t62] and 0 exception(s); 4f0a8cce-cba4-44f5-8366-0fb5fb6bef9c@group-767F7A20ABB4:t62, leader=null, voted=4f0a8cce-cba4-44f5-8366-0fb5fb6bef9c, raftlog=4f0a8cce-cba4-44f5-8366-0fb5fb6bef9c@group-767F7A20ABB4-SegmentedRaftLog:OPENED:c3,f4,i4, conf=0: [433771fa-af38-4628-a40e-96bcd22c3694:192.168.69.68:34462, 4f0a8cce-cba4-44f5-8366-0fb5fb6bef9c:192.168.69.68:42866, d2d597b7-f29c-4b6e-a1dc-31783afe2111:192.168.69.68:40938], old=null
2019-10-16 07:00:44,818 [4f0a8cce-cba4-44f5-8366-0fb5fb6bef9c@group-767F7A20ABB4-LeaderElection82] INFO  impl.RaftServerImpl (RaftServerImpl.java:setRole(184)) - 4f0a8cce-cba4-44f5-8366-0fb5fb6bef9c@group-767F7A20ABB4: changes role from CANDIDATE to FOLLOWER at term 62 for DISCOVERED_A_NEW_TERM
2019-10-16 07:00:44,819 [4f0a8cce-cba4-44f5-8366-0fb5fb6bef9c@group-767F7A20ABB4-LeaderElection82] INFO  impl.RoleInfo (RoleInfo.java:shutdownLeaderElection(134)) - 4f0a8cce-cba4-44f5-8366-0fb5fb6bef9c: shutdown LeaderElection
2019-10-16 07:00:44,819 [4f0a8cce-cba4-44f5-8366-0fb5fb6bef9c@group-767F7A20ABB4-LeaderElection82] INFO  impl.RoleInfo (RoleInfo.java:updateAndGet(143)) - 4f0a8cce-cba4-44f5-8366-0fb5fb6bef9c: start FollowerState
2019-10-16 07:00:44,913 [Thread-1101] INFO  impl.FollowerState (FollowerState.java:run(108)) - 4f0a8cce-cba4-44f5-8366-0fb5fb6bef9c@group-2CD2AED02A48-FollowerState: change to CANDIDATE, lastRpcTime:110ms, electionTimeout:110ms
2019-10-16 07:00:44,914 [Thread-1101] INFO  impl.RoleInfo (RoleInfo.java:shutdownFollowerState(121)) - 4f0a8cce-cba4-44f5-8366-0fb5fb6bef9c: shutdown FollowerState
2019-10-16 07:00:44,914 [Thread-1101] INFO  impl.RaftServerImpl (RaftServerImpl.java:setRole(184)) - 4f0a8cce-cba4-44f5-8366-0fb5fb6bef9c@group-2CD2AED02A48: changes role from  FOLLOWER to CANDIDATE at term 22 for changeToCandidate
2019-10-16 07:00:44,914 [Thread-1101] INFO  impl.RoleInfo (RoleInfo.java:updateAndGet(143)) - 4f0a8cce-cba4-44f5-8366-0fb5fb6bef9c: start LeaderElection
2019-10-16 07:00:44,929 [4f0a8cce-cba4-44f5-8366-0fb5fb6bef9c@group-2CD2AED02A48-LeaderElection83] INFO  impl.LeaderElection (LeaderElection.java:askForVotes(178)) - 4f0a8cce-cba4-44f5-8366-0fb5fb6bef9c@group-2CD2AED02A48-LeaderElection83: begin an election at term 23 for -1: [433771fa-af38-4628-a40e-96bcd22c3694:192.168.69.68:34462, 4f0a8cce-cba4-44f5-8366-0fb5fb6bef9c:192.168.69.68:42866, d2d597b7-f29c-4b6e-a1dc-31783afe2111:192.168.69.68:40938], old=null
2019-10-16 07:00:44,932 [grpc-default-executor-5] INFO  impl.RaftServerImpl (RaftServerImpl.java:setRole(184)) - d2d597b7-f29c-4b6e-a1dc-31783afe2111@group-2CD2AED02A48: changes role from  FOLLOWER to FOLLOWER at term 23 for recognizeCandidate:4f0a8cce-cba4-44f5-8366-0fb5fb6bef9c
2019-10-16 07:00:44,932 [grpc-default-executor-0] INFO  impl.RaftServerImpl (RaftServerImpl.java:setRole(184)) - 433771fa-af38-4628-a40e-96bcd22c3694@group-2CD2AED02A48: changes role from  FOLLOWER to FOLLOWER at term 23 for recognizeCandidate:4f0a8cce-cba4-44f5-8366-0fb5fb6bef9c
2019-10-16 07:00:44,932 [grpc-default-executor-5] INFO  impl.RoleInfo (RoleInfo.java:shutdownFollowerState(121)) - d2d597b7-f29c-4b6e-a1dc-31783afe2111: shutdown FollowerState
2019-10-16 07:00:44,932 [grpc-default-executor-0] INFO  impl.RoleInfo (RoleInfo.java:shutdownFollowerState(121)) - 433771fa-af38-4628-a40e-96bcd22c3694: shutdown FollowerState
2019-10-16 07:00:44,932 [Thread-1097] INFO  impl.FollowerState (FollowerState.java:run(117)) - d2d597b7-f29c-4b6e-a1dc-31783afe2111@group-2CD2AED02A48-FollowerState was interrupted: java.lang.InterruptedException: sleep interrupted
2019-10-16 07:00:44,932 [grpc-default-executor-5] INFO  impl.RoleInfo (RoleInfo.java:updateAndGet(143)) - d2d597b7-f29c-4b6e-a1dc-31783afe2111: start FollowerState
2019-10-16 07:00:44,933 [Thread-1096] INFO  impl.FollowerState (FollowerState.java:run(117)) - 433771fa-af38-4628-a40e-96bcd22c3694@group-2CD2AED02A48-FollowerState was interrupted: java.lang.InterruptedException: sleep interrupted
2019-10-16 07:00:44,933 [grpc-default-executor-0] INFO  impl.RoleInfo (RoleInfo.java:updateAndGet(143)) - 433771fa-af38-4628-a40e-96bcd22c3694: start FollowerState
2019-10-16 07:00:44,947 [4f0a8cce-cba4-44f5-8366-0fb5fb6bef9c@group-2CD2AED02A48-LeaderElection83] INFO  impl.LeaderElection (LeaderElection.java:logAndReturn(56)) - 4f0a8cce-cba4-44f5-8366-0fb5fb6bef9c@group-2CD2AED02A48-LeaderElection83: Election REJECTED; received 2 response(s) [4f0a8cce-cba4-44f5-8366-0fb5fb6bef9c<-433771fa-af38-4628-a40e-96bcd22c3694#0:FAIL-t23, 4f0a8cce-cba4-44f5-8366-0fb5fb6bef9c<-d2d597b7-f29c-4b6e-a1dc-31783afe2111#0:FAIL-t23] and 0 exception(s); 4f0a8cce-cba4-44f5-8366-0fb5fb6bef9c@group-2CD2AED02A48:t23, leader=null, voted=4f0a8cce-cba4-44f5-8366-0fb5fb6bef9c, raftlog=4f0a8cce-cba4-44f5-8366-0fb5fb6bef9c@group-2CD2AED02A48-SegmentedRaftLog:OPENED:c-1,f-1,i0, conf=-1: [433771fa-af38-4628-a40e-96bcd22c3694:192.168.69.68:34462, 4f0a8cce-cba4-44f5-8366-0fb5fb6bef9c:192.168.69.68:42866, d2d597b7-f29c-4b6e-a1dc-31783afe2111:192.168.69.68:40938], old=null
2019-10-16 07:00:44,947 [4f0a8cce-cba4-44f5-8366-0fb5fb6bef9c@group-2CD2AED02A48-LeaderElection83] INFO  impl.RaftServerImpl (RaftServerImpl.java:setRole(184)) - 4f0a8cce-cba4-44f5-8366-0fb5fb6bef9c@group-2CD2AED02A48: changes role from CANDIDATE to FOLLOWER at term 23 for DISCOVERED_A_NEW_TERM
2019-10-16 07:00:44,947 [4f0a8cce-cba4-44f5-8366-0fb5fb6bef9c@group-2CD2AED02A48-LeaderElection83] INFO  impl.RoleInfo (RoleInfo.java:shutdownLeaderElection(134)) - 4f0a8cce-cba4-44f5-8366-0fb5fb6bef9c: shutdown LeaderElection
2019-10-16 07:00:44,948 [4f0a8cce-cba4-44f5-8366-0fb5fb6bef9c@group-2CD2AED02A48-LeaderElection83] INFO  impl.RoleInfo (RoleInfo.java:updateAndGet(143)) - 4f0a8cce-cba4-44f5-8366-0fb5fb6bef9c: start FollowerState
2019-10-16 07:00:44,965 [Thread-1112] INFO  client.GrpcClientProtocolService (GrpcClientProtocolService.java:lambda$processClientRequest$0(278)) - Failed RaftClientRequest:client-C8ADB546B70F->d2d597b7-f29c-4b6e-a1dc-31783afe2111@group-767F7A20ABB4, cid=10, seq=0, Watch-ALL_COMMITTED(6), Message:<EMPTY>, reply=RaftClientReply:client-C8ADB546B70F->d2d597b7-f29c-4b6e-a1dc-31783afe2111@group-767F7A20ABB4, cid=10, FAILED org.apache.ratis.protocol.NotLeaderException: Server d2d597b7-f29c-4b6e-a1dc-31783afe2111@group-767F7A20ABB4 is not the leader, logIndex=0, commits[d2d597b7-f29c-4b6e-a1dc-31783afe2111:c10, 433771fa-af38-4628-a40e-96bcd22c3694:c10, 4f0a8cce-cba4-44f5-8366-0fb5fb6bef9c:c4]
2019-10-16 07:00:44,981 [Thread-1104] INFO  impl.FollowerState (FollowerState.java:run(108)) - 4f0a8cce-cba4-44f5-8366-0fb5fb6bef9c@group-767F7A20ABB4-FollowerState: change to CANDIDATE, lastRpcTime:162ms, electionTimeout:162ms
2019-10-16 07:00:44,981 [Thread-1104] INFO  impl.RoleInfo (RoleInfo.java:shutdownFollowerState(121)) - 4f0a8cce-cba4-44f5-8366-0fb5fb6bef9c: shutdown FollowerState
2019-10-16 07:00:44,981 [Thread-1104] INFO  impl.RaftServerImpl (RaftServerImpl.java:setRole(184)) - 4f0a8cce-cba4-44f5-8366-0fb5fb6bef9c@group-767F7A20ABB4: changes role from  FOLLOWER to CANDIDATE at term 62 for changeToCandidate
2019-10-16 07:00:44,981 [Thread-1104] INFO  impl.RoleInfo (RoleInfo.java:updateAndGet(143)) - 4f0a8cce-cba4-44f5-8366-0fb5fb6bef9c: start LeaderElection
2019-10-16 07:00:44,995 [4f0a8cce-cba4-44f5-8366-0fb5fb6bef9c@group-767F7A20ABB4-LeaderElection84] INFO  impl.LeaderElection (LeaderElection.java:askForVotes(178)) - 4f0a8cce-cba4-44f5-8366-0fb5fb6bef9c@group-767F7A20ABB4-LeaderElection84: begin an election at term 63 for 0: [433771fa-af38-4628-a40e-96bcd22c3694:192.168.69.68:34462, 4f0a8cce-cba4-44f5-8366-0fb5fb6bef9c:192.168.69.68:42866, d2d597b7-f29c-4b6e-a1dc-31783afe2111:192.168.69.68:40938], old=null
2019-10-16 07:00:44,997 [grpc-default-executor-5] INFO  impl.RaftServerImpl (RaftServerImpl.java:setRole(184)) - 433771fa-af38-4628-a40e-96bcd22c3694@group-767F7A20ABB4: changes role from  FOLLOWER to FOLLOWER at term 63 for recognizeCandidate:4f0a8cce-cba4-44f5-8366-0fb5fb6bef9c
2019-10-16 07:00:44,997 [grpc-default-executor-0] INFO  impl.RaftServerImpl (RaftServerImpl.java:setRole(184)) - d2d597b7-f29c-4b6e-a1dc-31783afe2111@group-767F7A20ABB4: changes role from  FOLLOWER to FOLLOWER at term 63 for recognizeCandidate:4f0a8cce-cba4-44f5-8366-0fb5fb6bef9c
2019-10-16 07:00:44,998 [grpc-default-executor-0] INFO  impl.RoleInfo (RoleInfo.java:shutdownFollowerState(121)) - d2d597b7-f29c-4b6e-a1dc-31783afe2111: shutdown FollowerState
2019-10-16 07:00:44,998 [grpc-default-executor-5] INFO  impl.RoleInfo (RoleInfo.java:shutdownFollowerState(121)) - 433771fa-af38-4628-a40e-96bcd22c3694: shutdown FollowerState
2019-10-16 07:00:44,998 [Thread-1103] INFO  impl.FollowerState (FollowerState.java:run(117)) - d2d597b7-f29c-4b6e-a1dc-31783afe2111@group-767F7A20ABB4-FollowerState was interrupted: java.lang.InterruptedException: sleep interrupted
2019-10-16 07:00:44,998 [grpc-default-executor-0] INFO  impl.RoleInfo (RoleInfo.java:updateAndGet(143)) - d2d597b7-f29c-4b6e-a1dc-31783afe2111: start FollowerState
2019-10-16 07:00:44,998 [Thread-1102] INFO  impl.FollowerState (FollowerState.java:run(117)) - 433771fa-af38-4628-a40e-96bcd22c3694@group-767F7A20ABB4-FollowerState was interrupted: java.lang.InterruptedException: sleep interrupted
2019-10-16 07:00:44,998 [grpc-default-executor-5] INFO  impl.RoleInfo (RoleInfo.java:updateAndGet(143)) - 433771fa-af38-4628-a40e-96bcd22c3694: start FollowerState
2019-10-16 07:00:45,000 [4f0a8cce-cba4-44f5-8366-0fb5fb6bef9c@group-767F7A20ABB4-LeaderElection84] INFO  impl.LeaderElection (LeaderElection.java:logAndReturn(56)) - 4f0a8cce-cba4-44f5-8366-0fb5fb6bef9c@group-767F7A20ABB4-LeaderElection84: Election TIMEOUT; received 0 response(s) [] and 0 exception(s); 4f0a8cce-cba4-44f5-8366-0fb5fb6bef9c@group-767F7A20ABB4:t63, leader=null, voted=4f0a8cce-cba4-44f5-8366-0fb5fb6bef9c, raftlog=4f0a8cce-cba4-44f5-8366-0fb5fb6bef9c@group-767F7A20ABB4-SegmentedRaftLog:OPENED:c3,f4,i4, conf=0: [433771fa-af38-4628-a40e-96bcd22c3694:192.168.69.68:34462, 4f0a8cce-cba4-44f5-8366-0fb5fb6bef9c:192.168.69.68:42866, d2d597b7-f29c-4b6e-a1dc-31783afe2111:192.168.69.68:40938], old=null
2019-10-16 07:00:45,022 [4f0a8cce-cba4-44f5-8366-0fb5fb6bef9c@group-767F7A20ABB4-LeaderElection84] INFO  impl.LeaderElection (LeaderElection.java:askForVotes(178)) - 4f0a8cce-cba4-44f5-8366-0fb5fb6bef9c@group-767F7A20ABB4-LeaderElection84: begin an election at term 64 for 0: [433771fa-af38-4628-a40e-96bcd22c3694:192.168.69.68:34462, 4f0a8cce-cba4-44f5-8366-0fb5fb6bef9c:192.168.69.68:42866, d2d597b7-f29c-4b6e-a1dc-31783afe2111:192.168.69.68:40938], old=null
2019-10-16 07:00:45,023 [grpc-default-executor-5] INFO  impl.RaftServerImpl (RaftServerImpl.java:setRole(184)) - 433771fa-af38-4628-a40e-96bcd22c3694@group-767F7A20ABB4: changes role from  FOLLOWER to FOLLOWER at term 64 for recognizeCandidate:4f0a8cce-cba4-44f5-8366-0fb5fb6bef9c
2019-10-16 07:00:45,024 [grpc-default-executor-5] INFO  impl.RoleInfo (RoleInfo.java:shutdownFollowerState(121)) - 433771fa-af38-4628-a40e-96bcd22c3694: shutdown FollowerState
2019-10-16 07:00:45,024 [grpc-default-executor-0] INFO  impl.RaftServerImpl (RaftServerImpl.java:setRole(184)) - d2d597b7-f29c-4b6e-a1dc-31783afe2111@group-767F7A20ABB4: changes role from  FOLLOWER to FOLLOWER at term 64 for recognizeCandidate:4f0a8cce-cba4-44f5-8366-0fb5fb6bef9c
2019-10-16 07:00:45,024 [grpc-default-executor-5] INFO  impl.RoleInfo (RoleInfo.java:updateAndGet(143)) - 433771fa-af38-4628-a40e-96bcd22c3694: start FollowerState
2019-10-16 07:00:45,024 [Thread-1118] INFO  impl.FollowerState (FollowerState.java:run(117)) - 433771fa-af38-4628-a40e-96bcd22c3694@group-767F7A20ABB4-FollowerState was interrupted: java.lang.InterruptedException: sleep interrupted
2019-10-16 07:00:45,024 [grpc-default-executor-0] INFO  impl.RoleInfo (RoleInfo.java:shutdownFollowerState(121)) - d2d597b7-f29c-4b6e-a1dc-31783afe2111: shutdown FollowerState
2019-10-16 07:00:45,024 [grpc-default-executor-0] INFO  impl.RoleInfo (RoleInfo.java:updateAndGet(143)) - d2d597b7-f29c-4b6e-a1dc-31783afe2111: start FollowerState
2019-10-16 07:00:45,024 [Thread-1117] INFO  impl.FollowerState (FollowerState.java:run(117)) - d2d597b7-f29c-4b6e-a1dc-31783afe2111@group-767F7A20ABB4-FollowerState was interrupted: java.lang.InterruptedException: sleep interrupted
2019-10-16 07:00:45,035 [4f0a8cce-cba4-44f5-8366-0fb5fb6bef9c@group-767F7A20ABB4-LeaderElection84] INFO  impl.LeaderElection (LeaderElection.java:logAndReturn(56)) - 4f0a8cce-cba4-44f5-8366-0fb5fb6bef9c@group-767F7A20ABB4-LeaderElection84: Election REJECTED; received 2 response(s) [4f0a8cce-cba4-44f5-8366-0fb5fb6bef9c<-433771fa-af38-4628-a40e-96bcd22c3694#0:FAIL-t64, 4f0a8cce-cba4-44f5-8366-0fb5fb6bef9c<-d2d597b7-f29c-4b6e-a1dc-31783afe2111#0:FAIL-t64] and 0 exception(s); 4f0a8cce-cba4-44f5-8366-0fb5fb6bef9c@group-767F7A20ABB4:t64, leader=null, voted=4f0a8cce-cba4-44f5-8366-0fb5fb6bef9c, raftlog=4f0a8cce-cba4-44f5-8366-0fb5fb6bef9c@group-767F7A20ABB4-SegmentedRaftLog:OPENED:c3,f4,i4, conf=0: [433771fa-af38-4628-a40e-96bcd22c3694:192.168.69.68:34462, 4f0a8cce-cba4-44f5-8366-0fb5fb6bef9c:192.168.69.68:42866, d2d597b7-f29c-4b6e-a1dc-31783afe2111:192.168.69.68:40938], old=null
2019-10-16 07:00:45,035 [4f0a8cce-cba4-44f5-8366-0fb5fb6bef9c@group-767F7A20ABB4-LeaderElection84] INFO  impl.RaftServerImpl (RaftServerImpl.java:setRole(184)) - 4f0a8cce-cba4-44f5-8366-0fb5fb6bef9c@group-767F7A20ABB4: changes role from CANDIDATE to FOLLOWER at term 64 for DISCOVERED_A_NEW_TERM
2019-10-16 07:00:45,035 [4f0a8cce-cba4-44f5-8366-0fb5fb6bef9c@group-767F7A20ABB4-LeaderElection84] INFO  impl.RoleInfo (RoleInfo.java:shutdownLeaderElection(134)) - 4f0a8cce-cba4-44f5-8366-0fb5fb6bef9c: shutdown LeaderElection
2019-10-16 07:00:45,035 [4f0a8cce-cba4-44f5-8366-0fb5fb6bef9c@group-767F7A20ABB4-LeaderElection84] INFO  impl.RoleInfo (RoleInfo.java:updateAndGet(143)) - 4f0a8cce-cba4-44f5-8366-0fb5fb6bef9c: start FollowerState
2019-10-16 07:00:45,132 [Thread-1110] INFO  impl.FollowerState (FollowerState.java:run(108)) - 4f0a8cce-cba4-44f5-8366-0fb5fb6bef9c@group-2CD2AED02A48-FollowerState: change to CANDIDATE, lastRpcTime:184ms, electionTimeout:184ms
2019-10-16 07:00:45,132 [Thread-1110] INFO  impl.RoleInfo (RoleInfo.java:shutdownFollowerState(121)) - 4f0a8cce-cba4-44f5-8366-0fb5fb6bef9c: shutdown FollowerState
2019-10-16 07:00:45,132 [Thread-1110] INFO  impl.RaftServerImpl (RaftServerImpl.java:setRole(184)) - 4f0a8cce-cba4-44f5-8366-0fb5fb6bef9c@group-2CD2AED02A48: changes role from  FOLLOWER to CANDIDATE at term 23 for changeToCandidate
2019-10-16 07:00:45,132 [Thread-1110] INFO  impl.RoleInfo (RoleInfo.java:updateAndGet(143)) - 4f0a8cce-cba4-44f5-8366-0fb5fb6bef9c: start LeaderElection
2019-10-16 07:00:45,146 [4f0a8cce-cba4-44f5-8366-0fb5fb6bef9c@group-2CD2AED02A48-LeaderElection85] INFO  impl.LeaderElection (LeaderElection.java:askForVotes(178)) - 4f0a8cce-cba4-44f5-8366-0fb5fb6bef9c@group-2CD2AED02A48-LeaderElection85: begin an election at term 24 for -1: [433771fa-af38-4628-a40e-96bcd22c3694:192.168.69.68:34462, 4f0a8cce-cba4-44f5-8366-0fb5fb6bef9c:192.168.69.68:42866, d2d597b7-f29c-4b6e-a1dc-31783afe2111:192.168.69.68:40938], old=null
2019-10-16 07:00:45,148 [grpc-default-executor-5] INFO  impl.RaftServerImpl (RaftServerImpl.java:setRole(184)) - 433771fa-af38-4628-a40e-96bcd22c3694@group-2CD2AED02A48: changes role from  FOLLOWER to FOLLOWER at term 24 for recognizeCandidate:4f0a8cce-cba4-44f5-8366-0fb5fb6bef9c
2019-10-16 07:00:45,148 [grpc-default-executor-5] INFO  impl.RoleInfo (RoleInfo.java:shutdownFollowerState(121)) - 433771fa-af38-4628-a40e-96bcd22c3694: shutdown FollowerState
2019-10-16 07:00:45,148 [grpc-default-executor-0] INFO  impl.RaftServerImpl (RaftServerImpl.java:setRole(184)) - d2d597b7-f29c-4b6e-a1dc-31783afe2111@group-2CD2AED02A48: changes role from  FOLLOWER to FOLLOWER at term 24 for recognizeCandidate:4f0a8cce-cba4-44f5-8366-0fb5fb6bef9c
2019-10-16 07:00:45,148 [Thread-1109] INFO  impl.FollowerState (FollowerState.java:run(117)) - 433771fa-af38-4628-a40e-96bcd22c3694@group-2CD2AED02A48-FollowerState was interrupted: java.lang.InterruptedException: sleep interrupted
2019-10-16 07:00:45,148 [grpc-default-executor-5] INFO  impl.RoleInfo (RoleInfo.java:updateAndGet(143)) - 433771fa-af38-4628-a40e-96bcd22c3694: start FollowerState
2019-10-16 07:00:45,148 [grpc-default-executor-0] INFO  impl.RoleInfo (RoleInfo.java:shutdownFollowerState(121)) - d2d597b7-f29c-4b6e-a1dc-31783afe2111: shutdown FollowerState
2019-10-16 07:00:45,149 [grpc-default-executor-0] INFO  impl.RoleInfo (RoleInfo.java:updateAndGet(143)) - d2d597b7-f29c-4b6e-a1dc-31783afe2111: start FollowerState
2019-10-16 07:00:45,149 [Thread-1108] INFO  impl.FollowerState (FollowerState.java:run(117)) - d2d597b7-f29c-4b6e-a1dc-31783afe2111@group-2CD2AED02A48-FollowerState was interrupted: java.lang.InterruptedException: sleep interrupted
2019-10-16 07:00:45,163 [4f0a8cce-cba4-44f5-8366-0fb5fb6bef9c@group-2CD2AED02A48-LeaderElection85] INFO  impl.LeaderElection (LeaderElection.java:logAndReturn(56)) - 4f0a8cce-cba4-44f5-8366-0fb5fb6bef9c@group-2CD2AED02A48-LeaderElection85: Election REJECTED; received 2 response(s) [4f0a8cce-cba4-44f5-8366-0fb5fb6bef9c<-433771fa-af38-4628-a40e-96bcd22c3694#0:FAIL-t24, 4f0a8cce-cba4-44f5-8366-0fb5fb6bef9c<-d2d597b7-f29c-4b6e-a1dc-31783afe2111#0:FAIL-t24] and 0 exception(s); 4f0a8cce-cba4-44f5-8366-0fb5fb6bef9c@group-2CD2AED02A48:t24, leader=null, voted=4f0a8cce-cba4-44f5-8366-0fb5fb6bef9c, raftlog=4f0a8cce-cba4-44f5-8366-0fb5fb6bef9c@group-2CD2AED02A48-SegmentedRaftLog:OPENED:c-1,f-1,i0, conf=-1: [433771fa-af38-4628-a40e-96bcd22c3694:192.168.69.68:34462, 4f0a8cce-cba4-44f5-8366-0fb5fb6bef9c:192.168.69.68:42866, d2d597b7-f29c-4b6e-a1dc-31783afe2111:192.168.69.68:40938], old=null
2019-10-16 07:00:45,163 [4f0a8cce-cba4-44f5-8366-0fb5fb6bef9c@group-2CD2AED02A48-LeaderElection85] INFO  impl.RaftServerImpl (RaftServerImpl.java:setRole(184)) - 4f0a8cce-cba4-44f5-8366-0fb5fb6bef9c@group-2CD2AED02A48: changes role from CANDIDATE to FOLLOWER at term 24 for DISCOVERED_A_NEW_TERM
2019-10-16 07:00:45,163 [4f0a8cce-cba4-44f5-8366-0fb5fb6bef9c@group-2CD2AED02A48-LeaderElection85] INFO  impl.RoleInfo (RoleInfo.java:shutdownLeaderElection(134)) - 4f0a8cce-cba4-44f5-8366-0fb5fb6bef9c: shutdown LeaderElection
2019-10-16 07:00:45,163 [4f0a8cce-cba4-44f5-8366-0fb5fb6bef9c@group-2CD2AED02A48-LeaderElection85] INFO  impl.RoleInfo (RoleInfo.java:updateAndGet(143)) - 4f0a8cce-cba4-44f5-8366-0fb5fb6bef9c: start FollowerState
2019-10-16 07:00:45,172 [Thread-1123] INFO  impl.FollowerState (FollowerState.java:run(108)) - 4f0a8cce-cba4-44f5-8366-0fb5fb6bef9c@group-767F7A20ABB4-FollowerState: change to CANDIDATE, lastRpcTime:136ms, electionTimeout:136ms
2019-10-16 07:00:45,172 [Thread-1123] INFO  impl.RoleInfo (RoleInfo.java:shutdownFollowerState(121)) - 4f0a8cce-cba4-44f5-8366-0fb5fb6bef9c: shutdown FollowerState
2019-10-16 07:00:45,172 [Thread-1123] INFO  impl.RaftServerImpl (RaftServerImpl.java:setRole(184)) - 4f0a8cce-cba4-44f5-8366-0fb5fb6bef9c@group-767F7A20ABB4: changes role from  FOLLOWER to CANDIDATE at term 64 for changeToCandidate
2019-10-16 07:00:45,172 [Thread-1123] INFO  impl.RoleInfo (RoleInfo.java:updateAndGet(143)) - 4f0a8cce-cba4-44f5-8366-0fb5fb6bef9c: start LeaderElection
2019-10-16 07:00:45,189 [4f0a8cce-cba4-44f5-8366-0fb5fb6bef9c@group-767F7A20ABB4-LeaderElection86] INFO  impl.LeaderElection (LeaderElection.java:askForVotes(178)) - 4f0a8cce-cba4-44f5-8366-0fb5fb6bef9c@group-767F7A20ABB4-LeaderElection86: begin an election at term 65 for 0: [433771fa-af38-4628-a40e-96bcd22c3694:192.168.69.68:34462, 4f0a8cce-cba4-44f5-8366-0fb5fb6bef9c:192.168.69.68:42866, d2d597b7-f29c-4b6e-a1dc-31783afe2111:192.168.69.68:40938], old=null
2019-10-16 07:00:45,191 [grpc-default-executor-0] INFO  impl.RaftServerImpl (RaftServerImpl.java:setRole(184)) - 433771fa-af38-4628-a40e-96bcd22c3694@group-767F7A20ABB4: changes role from  FOLLOWER to FOLLOWER at term 65 for recognizeCandidate:4f0a8cce-cba4-44f5-8366-0fb5fb6bef9c
2019-10-16 07:00:45,191 [grpc-default-executor-0] INFO  impl.RoleInfo (RoleInfo.java:shutdownFollowerState(121)) - 433771fa-af38-4628-a40e-96bcd22c3694: shutdown FollowerState
2019-10-16 07:00:45,191 [grpc-default-executor-5] INFO  impl.RaftServerImpl (RaftServerImpl.java:setRole(184)) - d2d597b7-f29c-4b6e-a1dc-31783afe2111@group-767F7A20ABB4: changes role from  FOLLOWER to FOLLOWER at term 65 for recognizeCandidate:4f0a8cce-cba4-44f5-8366-0fb5fb6bef9c
2019-10-16 07:00:45,191 [grpc-default-executor-0] INFO  impl.RoleInfo (RoleInfo.java:updateAndGet(143)) - 433771fa-af38-4628-a40e-96bcd22c3694: start FollowerState
2019-10-16 07:00:45,191 [Thread-1121] INFO  impl.FollowerState (FollowerState.java:run(117)) - 433771fa-af38-4628-a40e-96bcd22c3694@group-767F7A20ABB4-FollowerState was interrupted: java.lang.InterruptedException: sleep interrupted
2019-10-16 07:00:45,191 [grpc-default-executor-5] INFO  impl.RoleInfo (RoleInfo.java:shutdownFollowerState(121)) - d2d597b7-f29c-4b6e-a1dc-31783afe2111: shutdown FollowerState
2019-10-16 07:00:45,192 [grpc-default-executor-5] INFO  impl.RoleInfo (RoleInfo.java:updateAndGet(143)) - d2d597b7-f29c-4b6e-a1dc-31783afe2111: start FollowerState
2019-10-16 07:00:45,192 [Thread-1122] INFO  impl.FollowerState (FollowerState.java:run(117)) - d2d597b7-f29c-4b6e-a1dc-31783afe2111@group-767F7A20ABB4-FollowerState was interrupted: java.lang.InterruptedException: sleep interrupted
2019-10-16 07:00:45,206 [4f0a8cce-cba4-44f5-8366-0fb5fb6bef9c@group-767F7A20ABB4-LeaderElection86] INFO  impl.LeaderElection (LeaderElection.java:logAndReturn(56)) - 4f0a8cce-cba4-44f5-8366-0fb5fb6bef9c@group-767F7A20ABB4-LeaderElection86: Election REJECTED; received 2 response(s) [4f0a8cce-cba4-44f5-8366-0fb5fb6bef9c<-433771fa-af38-4628-a40e-96bcd22c3694#0:FAIL-t65, 4f0a8cce-cba4-44f5-8366-0fb5fb6bef9c<-d2d597b7-f29c-4b6e-a1dc-31783afe2111#0:FAIL-t65] and 0 exception(s); 4f0a8cce-cba4-44f5-8366-0fb5fb6bef9c@group-767F7A20ABB4:t65, leader=null, voted=4f0a8cce-cba4-44f5-8366-0fb5fb6bef9c, raftlog=4f0a8cce-cba4-44f5-8366-0fb5fb6bef9c@group-767F7A20ABB4-SegmentedRaftLog:OPENED:c3,f4,i4, conf=0: [433771fa-af38-4628-a40e-96bcd22c3694:192.168.69.68:34462, 4f0a8cce-cba4-44f5-8366-0fb5fb6bef9c:192.168.69.68:42866, d2d597b7-f29c-4b6e-a1dc-31783afe2111:192.168.69.68:40938], old=null
2019-10-16 07:00:45,206 [4f0a8cce-cba4-44f5-8366-0fb5fb6bef9c@group-767F7A20ABB4-LeaderElection86] INFO  impl.RaftServerImpl (RaftServerImpl.java:setRole(184)) - 4f0a8cce-cba4-44f5-8366-0fb5fb6bef9c@group-767F7A20ABB4: changes role from CANDIDATE to FOLLOWER at term 65 for DISCOVERED_A_NEW_TERM
2019-10-16 07:00:45,206 [4f0a8cce-cba4-44f5-8366-0fb5fb6bef9c@group-767F7A20ABB4-LeaderElection86] INFO  impl.RoleInfo (RoleInfo.java:shutdownLeaderElection(134)) - 4f0a8cce-cba4-44f5-8366-0fb5fb6bef9c: shutdown LeaderElection
2019-10-16 07:00:45,206 [4f0a8cce-cba4-44f5-8366-0fb5fb6bef9c@group-767F7A20ABB4-LeaderElection86] INFO  impl.RoleInfo (RoleInfo.java:updateAndGet(143)) - 4f0a8cce-cba4-44f5-8366-0fb5fb6bef9c: start FollowerState
2019-10-16 07:00:45,210 [BlockDeletingService#2] WARN  background.BlockDeletingService (BlockDeletingService.java:isDeletionAllowed(187)) - Close Container log Index 6 is not replicated across allthe servers in the pipeline f466b838-ca87-44ef-9280-767f7a20abb4 as the min replicated index is 4. Deletion is not allowed in this container yet.
2019-10-16 07:00:45,210 [BlockDeletingService#0] WARN  background.BlockDeletingService (BlockDeletingService.java:isDeletionAllowed(187)) - Close Container log Index 6 is not replicated across allthe servers in the pipeline f466b838-ca87-44ef-9280-767f7a20abb4 as the min replicated index is 4. Deletion is not allowed in this container yet.
2019-10-16 07:00:45,313 [Thread-1129] INFO  impl.FollowerState (FollowerState.java:run(108)) - 4f0a8cce-cba4-44f5-8366-0fb5fb6bef9c@group-2CD2AED02A48-FollowerState: change to CANDIDATE, lastRpcTime:149ms, electionTimeout:149ms
2019-10-16 07:00:45,313 [Thread-1129] INFO  impl.RoleInfo (RoleInfo.java:shutdownFollowerState(121)) - 4f0a8cce-cba4-44f5-8366-0fb5fb6bef9c: shutdown FollowerState
2019-10-16 07:00:45,313 [Thread-1129] INFO  impl.RaftServerImpl (RaftServerImpl.java:setRole(184)) - 4f0a8cce-cba4-44f5-8366-0fb5fb6bef9c@group-2CD2AED02A48: changes role from  FOLLOWER to CANDIDATE at term 24 for changeToCandidate
2019-10-16 07:00:45,313 [Thread-1129] INFO  impl.RoleInfo (RoleInfo.java:updateAndGet(143)) - 4f0a8cce-cba4-44f5-8366-0fb5fb6bef9c: start LeaderElection
2019-10-16 07:00:45,329 [4f0a8cce-cba4-44f5-8366-0fb5fb6bef9c@group-2CD2AED02A48-LeaderElection87] INFO  impl.LeaderElection (LeaderElection.java:askForVotes(178)) - 4f0a8cce-cba4-44f5-8366-0fb5fb6bef9c@group-2CD2AED02A48-LeaderElection87: begin an election at term 25 for -1: [433771fa-af38-4628-a40e-96bcd22c3694:192.168.69.68:34462, 4f0a8cce-cba4-44f5-8366-0fb5fb6bef9c:192.168.69.68:42866, d2d597b7-f29c-4b6e-a1dc-31783afe2111:192.168.69.68:40938], old=null
2019-10-16 07:00:45,332 [grpc-default-executor-0] INFO  impl.RaftServerImpl (RaftServerImpl.java:setRole(184)) - 433771fa-af38-4628-a40e-96bcd22c3694@group-2CD2AED02A48: changes role from  FOLLOWER to FOLLOWER at term 25 for recognizeCandidate:4f0a8cce-cba4-44f5-8366-0fb5fb6bef9c
2019-10-16 07:00:45,332 [grpc-default-executor-0] INFO  impl.RoleInfo (RoleInfo.java:shutdownFollowerState(121)) - 433771fa-af38-4628-a40e-96bcd22c3694: shutdown FollowerState
2019-10-16 07:00:45,332 [grpc-default-executor-0] INFO  impl.RoleInfo (RoleInfo.java:updateAndGet(143)) - 433771fa-af38-4628-a40e-96bcd22c3694: start FollowerState
2019-10-16 07:00:45,332 [Thread-1127] INFO  impl.FollowerState (FollowerState.java:run(117)) - 433771fa-af38-4628-a40e-96bcd22c3694@group-2CD2AED02A48-FollowerState was interrupted: java.lang.InterruptedException: sleep interrupted
2019-10-16 07:00:45,332 [grpc-default-executor-5] INFO  impl.RaftServerImpl (RaftServerImpl.java:setRole(184)) - d2d597b7-f29c-4b6e-a1dc-31783afe2111@group-2CD2AED02A48: changes role from  FOLLOWER to FOLLOWER at term 25 for recognizeCandidate:4f0a8cce-cba4-44f5-8366-0fb5fb6bef9c
2019-10-16 07:00:45,332 [grpc-default-executor-5] INFO  impl.RoleInfo (RoleInfo.java:shutdownFollowerState(121)) - d2d597b7-f29c-4b6e-a1dc-31783afe2111: shutdown FollowerState
2019-10-16 07:00:45,333 [grpc-default-executor-5] INFO  impl.RoleInfo (RoleInfo.java:updateAndGet(143)) - d2d597b7-f29c-4b6e-a1dc-31783afe2111: start FollowerState
2019-10-16 07:00:45,333 [Thread-1128] INFO  impl.FollowerState (FollowerState.java:run(117)) - d2d597b7-f29c-4b6e-a1dc-31783afe2111@group-2CD2AED02A48-FollowerState was interrupted: java.lang.InterruptedException: sleep interrupted
2019-10-16 07:00:45,346 [4f0a8cce-cba4-44f5-8366-0fb5fb6bef9c@group-2CD2AED02A48-LeaderElection87] INFO  impl.LeaderElection (LeaderElection.java:logAndReturn(56)) - 4f0a8cce-cba4-44f5-8366-0fb5fb6bef9c@group-2CD2AED02A48-LeaderElection87: Election REJECTED; received 2 response(s) [4f0a8cce-cba4-44f5-8366-0fb5fb6bef9c<-433771fa-af38-4628-a40e-96bcd22c3694#0:FAIL-t25, 4f0a8cce-cba4-44f5-8366-0fb5fb6bef9c<-d2d597b7-f29c-4b6e-a1dc-31783afe2111#0:FAIL-t25] and 0 exception(s); 4f0a8cce-cba4-44f5-8366-0fb5fb6bef9c@group-2CD2AED02A48:t25, leader=null, voted=4f0a8cce-cba4-44f5-8366-0fb5fb6bef9c, raftlog=4f0a8cce-cba4-44f5-8366-0fb5fb6bef9c@group-2CD2AED02A48-SegmentedRaftLog:OPENED:c-1,f-1,i0, conf=-1: [433771fa-af38-4628-a40e-96bcd22c3694:192.168.69.68:34462, 4f0a8cce-cba4-44f5-8366-0fb5fb6bef9c:192.168.69.68:42866, d2d597b7-f29c-4b6e-a1dc-31783afe2111:192.168.69.68:40938], old=null
2019-10-16 07:00:45,347 [4f0a8cce-cba4-44f5-8366-0fb5fb6bef9c@group-2CD2AED02A48-LeaderElection87] INFO  impl.RaftServerImpl (RaftServerImpl.java:setRole(184)) - 4f0a8cce-cba4-44f5-8366-0fb5fb6bef9c@group-2CD2AED02A48: changes role from CANDIDATE to FOLLOWER at term 25 for DISCOVERED_A_NEW_TERM
2019-10-16 07:00:45,347 [4f0a8cce-cba4-44f5-8366-0fb5fb6bef9c@group-2CD2AED02A48-LeaderElection87] INFO  impl.RoleInfo (RoleInfo.java:shutdownLeaderElection(134)) - 4f0a8cce-cba4-44f5-8366-0fb5fb6bef9c: shutdown LeaderElection
2019-10-16 07:00:45,347 [4f0a8cce-cba4-44f5-8366-0fb5fb6bef9c@group-2CD2AED02A48-LeaderElection87] INFO  impl.RoleInfo (RoleInfo.java:updateAndGet(143)) - 4f0a8cce-cba4-44f5-8366-0fb5fb6bef9c: start FollowerState
2019-10-16 07:00:45,403 [Thread-1135] INFO  impl.FollowerState (FollowerState.java:run(108)) - 4f0a8cce-cba4-44f5-8366-0fb5fb6bef9c@group-767F7A20ABB4-FollowerState: change to CANDIDATE, lastRpcTime:196ms, electionTimeout:196ms
2019-10-16 07:00:45,403 [Thread-1135] INFO  impl.RoleInfo (RoleInfo.java:shutdownFollowerState(121)) - 4f0a8cce-cba4-44f5-8366-0fb5fb6bef9c: shutdown FollowerState
2019-10-16 07:00:45,403 [Thread-1135] INFO  impl.RaftServerImpl (RaftServerImpl.java:setRole(184)) - 4f0a8cce-cba4-44f5-8366-0fb5fb6bef9c@group-767F7A20ABB4: changes role from  FOLLOWER to CANDIDATE at term 65 for changeToCandidate
2019-10-16 07:00:45,403 [Thread-1135] INFO  impl.RoleInfo (RoleInfo.java:updateAndGet(143)) - 4f0a8cce-cba4-44f5-8366-0fb5fb6bef9c: start LeaderElection
2019-10-16 07:00:45,424 [4f0a8cce-cba4-44f5-8366-0fb5fb6bef9c@group-767F7A20ABB4-LeaderElection88] INFO  impl.LeaderElection (LeaderElection.java:askForVotes(178)) - 4f0a8cce-cba4-44f5-8366-0fb5fb6bef9c@group-767F7A20ABB4-LeaderElection88: begin an election at term 66 for 0: [433771fa-af38-4628-a40e-96bcd22c3694:192.168.69.68:34462, 4f0a8cce-cba4-44f5-8366-0fb5fb6bef9c:192.168.69.68:42866, d2d597b7-f29c-4b6e-a1dc-31783afe2111:192.168.69.68:40938], old=null
2019-10-16 07:00:45,427 [grpc-default-executor-5] INFO  impl.RaftServerImpl (RaftServerImpl.java:setRole(184)) - 433771fa-af38-4628-a40e-96bcd22c3694@group-767F7A20ABB4: changes role from  FOLLOWER to FOLLOWER at term 66 for recognizeCandidate:4f0a8cce-cba4-44f5-8366-0fb5fb6bef9c
2019-10-16 07:00:45,427 [grpc-default-executor-0] INFO  impl.RaftServerImpl (RaftServerImpl.java:setRole(184)) - d2d597b7-f29c-4b6e-a1dc-31783afe2111@group-767F7A20ABB4: changes role from  FOLLOWER to FOLLOWER at term 66 for recognizeCandidate:4f0a8cce-cba4-44f5-8366-0fb5fb6bef9c
2019-10-16 07:00:45,427 [grpc-default-executor-5] INFO  impl.RoleInfo (RoleInfo.java:shutdownFollowerState(121)) - 433771fa-af38-4628-a40e-96bcd22c3694: shutdown FollowerState
2019-10-16 07:00:45,427 [grpc-default-executor-0] INFO  impl.RoleInfo (RoleInfo.java:shutdownFollowerState(121)) - d2d597b7-f29c-4b6e-a1dc-31783afe2111: shutdown FollowerState
2019-10-16 07:00:45,427 [grpc-default-executor-5] INFO  impl.RoleInfo (RoleInfo.java:updateAndGet(143)) - 433771fa-af38-4628-a40e-96bcd22c3694: start FollowerState
2019-10-16 07:00:45,427 [Thread-1134] INFO  impl.FollowerState (FollowerState.java:run(117)) - d2d597b7-f29c-4b6e-a1dc-31783afe2111@group-767F7A20ABB4-FollowerState was interrupted: java.lang.InterruptedException: sleep interrupted
2019-10-16 07:00:45,427 [Thread-1143] INFO  impl.FollowerState (FollowerState.java:run(108)) - 4f0a8cce-cba4-44f5-8366-0fb5fb6bef9c@group-2CD2AED02A48-FollowerState: change to CANDIDATE, lastRpcTime:80ms, electionTimeout:80ms
2019-10-16 07:00:45,427 [grpc-default-executor-0] INFO  impl.RoleInfo (RoleInfo.java:updateAndGet(143)) - d2d597b7-f29c-4b6e-a1dc-31783afe2111: start FollowerState
2019-10-16 07:00:45,427 [Thread-1133] INFO  impl.FollowerState (FollowerState.java:run(117)) - 433771fa-af38-4628-a40e-96bcd22c3694@group-767F7A20ABB4-FollowerState was interrupted: java.lang.InterruptedException: sleep interrupted
2019-10-16 07:00:45,428 [Thread-1143] INFO  impl.RoleInfo (RoleInfo.java:shutdownFollowerState(121)) - 4f0a8cce-cba4-44f5-8366-0fb5fb6bef9c: shutdown FollowerState
2019-10-16 07:00:45,428 [Thread-1143] INFO  impl.RaftServerImpl (RaftServerImpl.java:setRole(184)) - 4f0a8cce-cba4-44f5-8366-0fb5fb6bef9c@group-2CD2AED02A48: changes role from  FOLLOWER to CANDIDATE at term 25 for changeToCandidate
2019-10-16 07:00:45,428 [Thread-1143] INFO  impl.RoleInfo (RoleInfo.java:updateAndGet(143)) - 4f0a8cce-cba4-44f5-8366-0fb5fb6bef9c: start LeaderElection
2019-10-16 07:00:45,442 [4f0a8cce-cba4-44f5-8366-0fb5fb6bef9c@group-2CD2AED02A48-LeaderElection89] INFO  impl.LeaderElection (LeaderElection.java:askForVotes(178)) - 4f0a8cce-cba4-44f5-8366-0fb5fb6bef9c@group-2CD2AED02A48-LeaderElection89: begin an election at term 26 for -1: [433771fa-af38-4628-a40e-96bcd22c3694:192.168.69.68:34462, 4f0a8cce-cba4-44f5-8366-0fb5fb6bef9c:192.168.69.68:42866, d2d597b7-f29c-4b6e-a1dc-31783afe2111:192.168.69.68:40938], old=null
2019-10-16 07:00:45,443 [4f0a8cce-cba4-44f5-8366-0fb5fb6bef9c@group-767F7A20ABB4-LeaderElection88] INFO  impl.LeaderElection (LeaderElection.java:logAndReturn(56)) - 4f0a8cce-cba4-44f5-8366-0fb5fb6bef9c@group-767F7A20ABB4-LeaderElection88: Election REJECTED; received 2 response(s) [4f0a8cce-cba4-44f5-8366-0fb5fb6bef9c<-433771fa-af38-4628-a40e-96bcd22c3694#0:FAIL-t66, 4f0a8cce-cba4-44f5-8366-0fb5fb6bef9c<-d2d597b7-f29c-4b6e-a1dc-31783afe2111#0:FAIL-t66] and 0 exception(s); 4f0a8cce-cba4-44f5-8366-0fb5fb6bef9c@group-767F7A20ABB4:t66, leader=null, voted=4f0a8cce-cba4-44f5-8366-0fb5fb6bef9c, raftlog=4f0a8cce-cba4-44f5-8366-0fb5fb6bef9c@group-767F7A20ABB4-SegmentedRaftLog:OPENED:c3,f4,i4, conf=0: [433771fa-af38-4628-a40e-96bcd22c3694:192.168.69.68:34462, 4f0a8cce-cba4-44f5-8366-0fb5fb6bef9c:192.168.69.68:42866, d2d597b7-f29c-4b6e-a1dc-31783afe2111:192.168.69.68:40938], old=null
2019-10-16 07:00:45,443 [4f0a8cce-cba4-44f5-8366-0fb5fb6bef9c@group-767F7A20ABB4-LeaderElection88] INFO  impl.RaftServerImpl (RaftServerImpl.java:setRole(184)) - 4f0a8cce-cba4-44f5-8366-0fb5fb6bef9c@group-767F7A20ABB4: changes role from CANDIDATE to FOLLOWER at term 66 for DISCOVERED_A_NEW_TERM
2019-10-16 07:00:45,443 [4f0a8cce-cba4-44f5-8366-0fb5fb6bef9c@group-767F7A20ABB4-LeaderElection88] INFO  impl.RoleInfo (RoleInfo.java:shutdownLeaderElection(134)) - 4f0a8cce-cba4-44f5-8366-0fb5fb6bef9c: shutdown LeaderElection
2019-10-16 07:00:45,444 [4f0a8cce-cba4-44f5-8366-0fb5fb6bef9c@group-767F7A20ABB4-LeaderElection88] INFO  impl.RoleInfo (RoleInfo.java:updateAndGet(143)) - 4f0a8cce-cba4-44f5-8366-0fb5fb6bef9c: start FollowerState
2019-10-16 07:00:45,444 [grpc-default-executor-0] INFO  impl.RaftServerImpl (RaftServerImpl.java:setRole(184)) - 433771fa-af38-4628-a40e-96bcd22c3694@group-2CD2AED02A48: changes role from  FOLLOWER to FOLLOWER at term 26 for recognizeCandidate:4f0a8cce-cba4-44f5-8366-0fb5fb6bef9c
2019-10-16 07:00:45,444 [grpc-default-executor-0] INFO  impl.RoleInfo (RoleInfo.java:shutdownFollowerState(121)) - 433771fa-af38-4628-a40e-96bcd22c3694: shutdown FollowerState
2019-10-16 07:00:45,445 [grpc-default-executor-0] INFO  impl.RoleInfo (RoleInfo.java:updateAndGet(143)) - 433771fa-af38-4628-a40e-96bcd22c3694: start FollowerState
2019-10-16 07:00:45,445 [Thread-1141] INFO  impl.FollowerState (FollowerState.java:run(117)) - 433771fa-af38-4628-a40e-96bcd22c3694@group-2CD2AED02A48-FollowerState was interrupted: java.lang.InterruptedException: sleep interrupted
2019-10-16 07:00:45,445 [grpc-default-executor-5] INFO  impl.RaftServerImpl (RaftServerImpl.java:setRole(184)) - d2d597b7-f29c-4b6e-a1dc-31783afe2111@group-2CD2AED02A48: changes role from  FOLLOWER to FOLLOWER at term 26 for recognizeCandidate:4f0a8cce-cba4-44f5-8366-0fb5fb6bef9c
2019-10-16 07:00:45,445 [grpc-default-executor-5] INFO  impl.RoleInfo (RoleInfo.java:shutdownFollowerState(121)) - d2d597b7-f29c-4b6e-a1dc-31783afe2111: shutdown FollowerState
2019-10-16 07:00:45,445 [grpc-default-executor-5] INFO  impl.RoleInfo (RoleInfo.java:updateAndGet(143)) - d2d597b7-f29c-4b6e-a1dc-31783afe2111: start FollowerState
2019-10-16 07:00:45,445 [Thread-1142] INFO  impl.FollowerState (FollowerState.java:run(117)) - d2d597b7-f29c-4b6e-a1dc-31783afe2111@group-2CD2AED02A48-FollowerState was interrupted: java.lang.InterruptedException: sleep interrupted
2019-10-16 07:00:45,470 [Thread-1152] INFO  impl.FollowerState (FollowerState.java:run(108)) - 4f0a8cce-cba4-44f5-8366-0fb5fb6bef9c@group-767F7A20ABB4-FollowerState: change to CANDIDATE, lastRpcTime:26ms, electionTimeout:26ms
2019-10-16 07:00:45,470 [Thread-1152] INFO  impl.RoleInfo (RoleInfo.java:shutdownFollowerState(121)) - 4f0a8cce-cba4-44f5-8366-0fb5fb6bef9c: shutdown FollowerState
2019-10-16 07:00:45,470 [Thread-1152] INFO  impl.RaftServerImpl (RaftServerImpl.java:setRole(184)) - 4f0a8cce-cba4-44f5-8366-0fb5fb6bef9c@group-767F7A20ABB4: changes role from  FOLLOWER to CANDIDATE at term 66 for changeToCandidate
2019-10-16 07:00:45,470 [Thread-1152] INFO  impl.RoleInfo (RoleInfo.java:updateAndGet(143)) - 4f0a8cce-cba4-44f5-8366-0fb5fb6bef9c: start LeaderElection
2019-10-16 07:00:45,471 [4f0a8cce-cba4-44f5-8366-0fb5fb6bef9c@group-2CD2AED02A48-LeaderElection89] INFO  impl.LeaderElection (LeaderElection.java:logAndReturn(56)) - 4f0a8cce-cba4-44f5-8366-0fb5fb6bef9c@group-2CD2AED02A48-LeaderElection89: Election REJECTED; received 2 response(s) [4f0a8cce-cba4-44f5-8366-0fb5fb6bef9c<-433771fa-af38-4628-a40e-96bcd22c3694#0:FAIL-t26, 4f0a8cce-cba4-44f5-8366-0fb5fb6bef9c<-d2d597b7-f29c-4b6e-a1dc-31783afe2111#0:FAIL-t26] and 0 exception(s); 4f0a8cce-cba4-44f5-8366-0fb5fb6bef9c@group-2CD2AED02A48:t26, leader=null, voted=4f0a8cce-cba4-44f5-8366-0fb5fb6bef9c, raftlog=4f0a8cce-cba4-44f5-8366-0fb5fb6bef9c@group-2CD2AED02A48-SegmentedRaftLog:OPENED:c-1,f-1,i0, conf=-1: [433771fa-af38-4628-a40e-96bcd22c3694:192.168.69.68:34462, 4f0a8cce-cba4-44f5-8366-0fb5fb6bef9c:192.168.69.68:42866, d2d597b7-f29c-4b6e-a1dc-31783afe2111:192.168.69.68:40938], old=null
2019-10-16 07:00:45,472 [4f0a8cce-cba4-44f5-8366-0fb5fb6bef9c@group-2CD2AED02A48-LeaderElection89] INFO  impl.RaftServerImpl (RaftServerImpl.java:setRole(184)) - 4f0a8cce-cba4-44f5-8366-0fb5fb6bef9c@group-2CD2AED02A48: changes role from CANDIDATE to FOLLOWER at term 26 for DISCOVERED_A_NEW_TERM
2019-10-16 07:00:45,472 [4f0a8cce-cba4-44f5-8366-0fb5fb6bef9c@group-2CD2AED02A48-LeaderElection89] INFO  impl.RoleInfo (RoleInfo.java:shutdownLeaderElection(134)) - 4f0a8cce-cba4-44f5-8366-0fb5fb6bef9c: shutdown LeaderElection
2019-10-16 07:00:45,472 [4f0a8cce-cba4-44f5-8366-0fb5fb6bef9c@group-2CD2AED02A48-LeaderElection89] INFO  impl.RoleInfo (RoleInfo.java:updateAndGet(143)) - 4f0a8cce-cba4-44f5-8366-0fb5fb6bef9c: start FollowerState
2019-10-16 07:00:45,496 [4f0a8cce-cba4-44f5-8366-0fb5fb6bef9c@group-767F7A20ABB4-LeaderElection90] INFO  impl.LeaderElection (LeaderElection.java:askForVotes(178)) - 4f0a8cce-cba4-44f5-8366-0fb5fb6bef9c@group-767F7A20ABB4-LeaderElection90: begin an election at term 67 for 0: [433771fa-af38-4628-a40e-96bcd22c3694:192.168.69.68:34462, 4f0a8cce-cba4-44f5-8366-0fb5fb6bef9c:192.168.69.68:42866, d2d597b7-f29c-4b6e-a1dc-31783afe2111:192.168.69.68:40938], old=null
2019-10-16 07:00:45,498 [grpc-default-executor-5] INFO  impl.RaftServerImpl (RaftServerImpl.java:setRole(184)) - 433771fa-af38-4628-a40e-96bcd22c3694@group-767F7A20ABB4: changes role from  FOLLOWER to FOLLOWER at term 67 for recognizeCandidate:4f0a8cce-cba4-44f5-8366-0fb5fb6bef9c
2019-10-16 07:00:45,498 [grpc-default-executor-5] INFO  impl.RoleInfo (RoleInfo.java:shutdownFollowerState(121)) - 433771fa-af38-4628-a40e-96bcd22c3694: shutdown FollowerState
2019-10-16 07:00:45,499 [grpc-default-executor-5] INFO  impl.RoleInfo (RoleInfo.java:updateAndGet(143)) - 433771fa-af38-4628-a40e-96bcd22c3694: start FollowerState
2019-10-16 07:00:45,499 [grpc-default-executor-0] INFO  impl.RaftServerImpl (RaftServerImpl.java:setRole(184)) - d2d597b7-f29c-4b6e-a1dc-31783afe2111@group-767F7A20ABB4: changes role from  FOLLOWER to FOLLOWER at term 67 for recognizeCandidate:4f0a8cce-cba4-44f5-8366-0fb5fb6bef9c
2019-10-16 07:00:45,499 [Thread-1147] INFO  impl.FollowerState (FollowerState.java:run(117)) - 433771fa-af38-4628-a40e-96bcd22c3694@group-767F7A20ABB4-FollowerState was interrupted: java.lang.InterruptedException: sleep interrupted
2019-10-16 07:00:45,499 [grpc-default-executor-0] INFO  impl.RoleInfo (RoleInfo.java:shutdownFollowerState(121)) - d2d597b7-f29c-4b6e-a1dc-31783afe2111: shutdown FollowerState
2019-10-16 07:00:45,499 [grpc-default-executor-0] INFO  impl.RoleInfo (RoleInfo.java:updateAndGet(143)) - d2d597b7-f29c-4b6e-a1dc-31783afe2111: start FollowerState
2019-10-16 07:00:45,499 [Thread-1148] INFO  impl.FollowerState (FollowerState.java:run(117)) - d2d597b7-f29c-4b6e-a1dc-31783afe2111@group-767F7A20ABB4-FollowerState was interrupted: java.lang.InterruptedException: sleep interrupted
2019-10-16 07:00:45,530 [4f0a8cce-cba4-44f5-8366-0fb5fb6bef9c@group-767F7A20ABB4-LeaderElection90] INFO  impl.LeaderElection (LeaderElection.java:logAndReturn(56)) - 4f0a8cce-cba4-44f5-8366-0fb5fb6bef9c@group-767F7A20ABB4-LeaderElection90: Election REJECTED; received 2 response(s) [4f0a8cce-cba4-44f5-8366-0fb5fb6bef9c<-433771fa-af38-4628-a40e-96bcd22c3694#0:FAIL-t67, 4f0a8cce-cba4-44f5-8366-0fb5fb6bef9c<-d2d597b7-f29c-4b6e-a1dc-31783afe2111#0:FAIL-t67] and 0 exception(s); 4f0a8cce-cba4-44f5-8366-0fb5fb6bef9c@group-767F7A20ABB4:t67, leader=null, voted=4f0a8cce-cba4-44f5-8366-0fb5fb6bef9c, raftlog=4f0a8cce-cba4-44f5-8366-0fb5fb6bef9c@group-767F7A20ABB4-SegmentedRaftLog:OPENED:c3,f4,i4, conf=0: [433771fa-af38-4628-a40e-96bcd22c3694:192.168.69.68:34462, 4f0a8cce-cba4-44f5-8366-0fb5fb6bef9c:192.168.69.68:42866, d2d597b7-f29c-4b6e-a1dc-31783afe2111:192.168.69.68:40938], old=null
2019-10-16 07:00:45,530 [4f0a8cce-cba4-44f5-8366-0fb5fb6bef9c@group-767F7A20ABB4-LeaderElection90] INFO  impl.RaftServerImpl (RaftServerImpl.java:setRole(184)) - 4f0a8cce-cba4-44f5-8366-0fb5fb6bef9c@group-767F7A20ABB4: changes role from CANDIDATE to FOLLOWER at term 67 for DISCOVERED_A_NEW_TERM
2019-10-16 07:00:45,530 [4f0a8cce-cba4-44f5-8366-0fb5fb6bef9c@group-767F7A20ABB4-LeaderElection90] INFO  impl.RoleInfo (RoleInfo.java:shutdownLeaderElection(134)) - 4f0a8cce-cba4-44f5-8366-0fb5fb6bef9c: shutdown LeaderElection
2019-10-16 07:00:45,530 [4f0a8cce-cba4-44f5-8366-0fb5fb6bef9c@group-767F7A20ABB4-LeaderElection90] INFO  impl.RoleInfo (RoleInfo.java:updateAndGet(143)) - 4f0a8cce-cba4-44f5-8366-0fb5fb6bef9c: start FollowerState
2019-10-16 07:00:45,534 [Thread-1156] INFO  impl.FollowerState (FollowerState.java:run(108)) - 4f0a8cce-cba4-44f5-8366-0fb5fb6bef9c@group-2CD2AED02A48-FollowerState: change to CANDIDATE, lastRpcTime:62ms, electionTimeout:62ms
2019-10-16 07:00:45,535 [Thread-1156] INFO  impl.RoleInfo (RoleInfo.java:shutdownFollowerState(121)) - 4f0a8cce-cba4-44f5-8366-0fb5fb6bef9c: shutdown FollowerState
2019-10-16 07:00:45,535 [Thread-1156] INFO  impl.RaftServerImpl (RaftServerImpl.java:setRole(184)) - 4f0a8cce-cba4-44f5-8366-0fb5fb6bef9c@group-2CD2AED02A48: changes role from  FOLLOWER to CANDIDATE at term 26 for changeToCandidate
2019-10-16 07:00:45,535 [Thread-1156] INFO  impl.RoleInfo (RoleInfo.java:updateAndGet(143)) - 4f0a8cce-cba4-44f5-8366-0fb5fb6bef9c: start LeaderElection
2019-10-16 07:00:45,561 [4f0a8cce-cba4-44f5-8366-0fb5fb6bef9c@group-2CD2AED02A48-LeaderElection91] INFO  impl.LeaderElection (LeaderElection.java:askForVotes(178)) - 4f0a8cce-cba4-44f5-8366-0fb5fb6bef9c@group-2CD2AED02A48-LeaderElection91: begin an election at term 27 for -1: [433771fa-af38-4628-a40e-96bcd22c3694:192.168.69.68:34462, 4f0a8cce-cba4-44f5-8366-0fb5fb6bef9c:192.168.69.68:42866, d2d597b7-f29c-4b6e-a1dc-31783afe2111:192.168.69.68:40938], old=null
2019-10-16 07:00:45,563 [grpc-default-executor-5] INFO  impl.RaftServerImpl (RaftServerImpl.java:setRole(184)) - 433771fa-af38-4628-a40e-96bcd22c3694@group-2CD2AED02A48: changes role from  FOLLOWER to FOLLOWER at term 27 for recognizeCandidate:4f0a8cce-cba4-44f5-8366-0fb5fb6bef9c
2019-10-16 07:00:45,564 [grpc-default-executor-5] INFO  impl.RoleInfo (RoleInfo.java:shutdownFollowerState(121)) - 433771fa-af38-4628-a40e-96bcd22c3694: shutdown FollowerState
2019-10-16 07:00:45,564 [grpc-default-executor-0] INFO  impl.RaftServerImpl (RaftServerImpl.java:setRole(184)) - d2d597b7-f29c-4b6e-a1dc-31783afe2111@group-2CD2AED02A48: changes role from  FOLLOWER to FOLLOWER at term 27 for recognizeCandidate:4f0a8cce-cba4-44f5-8366-0fb5fb6bef9c
2019-10-16 07:00:45,564 [grpc-default-executor-5] INFO  impl.RoleInfo (RoleInfo.java:updateAndGet(143)) - 433771fa-af38-4628-a40e-96bcd22c3694: start FollowerState
2019-10-16 07:00:45,564 [Thread-1153] INFO  impl.FollowerState (FollowerState.java:run(117)) - 433771fa-af38-4628-a40e-96bcd22c3694@group-2CD2AED02A48-FollowerState was interrupted: java.lang.InterruptedException: sleep interrupted
2019-10-16 07:00:45,564 [grpc-default-executor-0] INFO  impl.RoleInfo (RoleInfo.java:shutdownFollowerState(121)) - d2d597b7-f29c-4b6e-a1dc-31783afe2111: shutdown FollowerState
2019-10-16 07:00:45,565 [grpc-default-executor-0] INFO  impl.RoleInfo (RoleInfo.java:updateAndGet(143)) - d2d597b7-f29c-4b6e-a1dc-31783afe2111: start FollowerState
2019-10-16 07:00:45,565 [Thread-1154] INFO  impl.FollowerState (FollowerState.java:run(117)) - d2d597b7-f29c-4b6e-a1dc-31783afe2111@group-2CD2AED02A48-FollowerState was interrupted: java.lang.InterruptedException: sleep interrupted
2019-10-16 07:00:45,580 [4f0a8cce-cba4-44f5-8366-0fb5fb6bef9c@group-2CD2AED02A48-LeaderElection91] INFO  impl.LeaderElection (LeaderElection.java:logAndReturn(56)) - 4f0a8cce-cba4-44f5-8366-0fb5fb6bef9c@group-2CD2AED02A48-LeaderElection91: Election REJECTED; received 2 response(s) [4f0a8cce-cba4-44f5-8366-0fb5fb6bef9c<-433771fa-af38-4628-a40e-96bcd22c3694#0:FAIL-t27, 4f0a8cce-cba4-44f5-8366-0fb5fb6bef9c<-d2d597b7-f29c-4b6e-a1dc-31783afe2111#0:FAIL-t27] and 0 exception(s); 4f0a8cce-cba4-44f5-8366-0fb5fb6bef9c@group-2CD2AED02A48:t27, leader=null, voted=4f0a8cce-cba4-44f5-8366-0fb5fb6bef9c, raftlog=4f0a8cce-cba4-44f5-8366-0fb5fb6bef9c@group-2CD2AED02A48-SegmentedRaftLog:OPENED:c-1,f-1,i0, conf=-1: [433771fa-af38-4628-a40e-96bcd22c3694:192.168.69.68:34462, 4f0a8cce-cba4-44f5-8366-0fb5fb6bef9c:192.168.69.68:42866, d2d597b7-f29c-4b6e-a1dc-31783afe2111:192.168.69.68:40938], old=null
2019-10-16 07:00:45,580 [4f0a8cce-cba4-44f5-8366-0fb5fb6bef9c@group-2CD2AED02A48-LeaderElection91] INFO  impl.RaftServerImpl (RaftServerImpl.java:setRole(184)) - 4f0a8cce-cba4-44f5-8366-0fb5fb6bef9c@group-2CD2AED02A48: changes role from CANDIDATE to FOLLOWER at term 27 for DISCOVERED_A_NEW_TERM
2019-10-16 07:00:45,580 [4f0a8cce-cba4-44f5-8366-0fb5fb6bef9c@group-2CD2AED02A48-LeaderElection91] INFO  impl.RoleInfo (RoleInfo.java:shutdownLeaderElection(134)) - 4f0a8cce-cba4-44f5-8366-0fb5fb6bef9c: shutdown LeaderElection
2019-10-16 07:00:45,580 [4f0a8cce-cba4-44f5-8366-0fb5fb6bef9c@group-2CD2AED02A48-LeaderElection91] INFO  impl.RoleInfo (RoleInfo.java:updateAndGet(143)) - 4f0a8cce-cba4-44f5-8366-0fb5fb6bef9c: start FollowerState
2019-10-16 07:00:45,599 [Thread-1161] INFO  impl.FollowerState (FollowerState.java:run(108)) - 4f0a8cce-cba4-44f5-8366-0fb5fb6bef9c@group-767F7A20ABB4-FollowerState: change to CANDIDATE, lastRpcTime:68ms, electionTimeout:68ms
2019-10-16 07:00:45,599 [Thread-1161] INFO  impl.RoleInfo (RoleInfo.java:shutdownFollowerState(121)) - 4f0a8cce-cba4-44f5-8366-0fb5fb6bef9c: shutdown FollowerState
2019-10-16 07:00:45,599 [Thread-1161] INFO  impl.RaftServerImpl (RaftServerImpl.java:setRole(184)) - 4f0a8cce-cba4-44f5-8366-0fb5fb6bef9c@group-767F7A20ABB4: changes role from  FOLLOWER to CANDIDATE at term 67 for changeToCandidate
2019-10-16 07:00:45,599 [Thread-1161] INFO  impl.RoleInfo (RoleInfo.java:updateAndGet(143)) - 4f0a8cce-cba4-44f5-8366-0fb5fb6bef9c: start LeaderElection
2019-10-16 07:00:45,613 [4f0a8cce-cba4-44f5-8366-0fb5fb6bef9c@group-767F7A20ABB4-LeaderElection92] INFO  impl.LeaderElection (LeaderElection.java:askForVotes(178)) - 4f0a8cce-cba4-44f5-8366-0fb5fb6bef9c@group-767F7A20ABB4-LeaderElection92: begin an election at term 68 for 0: [433771fa-af38-4628-a40e-96bcd22c3694:192.168.69.68:34462, 4f0a8cce-cba4-44f5-8366-0fb5fb6bef9c:192.168.69.68:42866, d2d597b7-f29c-4b6e-a1dc-31783afe2111:192.168.69.68:40938], old=null
2019-10-16 07:00:45,616 [grpc-default-executor-0] INFO  impl.RaftServerImpl (RaftServerImpl.java:setRole(184)) - 433771fa-af38-4628-a40e-96bcd22c3694@group-767F7A20ABB4: changes role from  FOLLOWER to FOLLOWER at term 68 for recognizeCandidate:4f0a8cce-cba4-44f5-8366-0fb5fb6bef9c
2019-10-16 07:00:45,616 [grpc-default-executor-0] INFO  impl.RoleInfo (RoleInfo.java:shutdownFollowerState(121)) - 433771fa-af38-4628-a40e-96bcd22c3694: shutdown FollowerState
2019-10-16 07:00:45,616 [grpc-default-executor-0] INFO  impl.RoleInfo (RoleInfo.java:updateAndGet(143)) - 433771fa-af38-4628-a40e-96bcd22c3694: start FollowerState
2019-10-16 07:00:45,616 [Thread-1159] INFO  impl.FollowerState (FollowerState.java:run(117)) - 433771fa-af38-4628-a40e-96bcd22c3694@group-767F7A20ABB4-FollowerState was interrupted: java.lang.InterruptedException: sleep interrupted
2019-10-16 07:00:45,616 [grpc-default-executor-5] INFO  impl.RaftServerImpl (RaftServerImpl.java:setRole(184)) - d2d597b7-f29c-4b6e-a1dc-31783afe2111@group-767F7A20ABB4: changes role from  FOLLOWER to FOLLOWER at term 68 for recognizeCandidate:4f0a8cce-cba4-44f5-8366-0fb5fb6bef9c
2019-10-16 07:00:45,617 [grpc-default-executor-5] INFO  impl.RoleInfo (RoleInfo.java:shutdownFollowerState(121)) - d2d597b7-f29c-4b6e-a1dc-31783afe2111: shutdown FollowerState
2019-10-16 07:00:45,617 [grpc-default-executor-5] INFO  impl.RoleInfo (RoleInfo.java:updateAndGet(143)) - d2d597b7-f29c-4b6e-a1dc-31783afe2111: start FollowerState
2019-10-16 07:00:45,617 [Thread-1160] INFO  impl.FollowerState (FollowerState.java:run(117)) - d2d597b7-f29c-4b6e-a1dc-31783afe2111@group-767F7A20ABB4-FollowerState was interrupted: java.lang.InterruptedException: sleep interrupted
]]></system-out>
    <system-err><![CDATA[ERROR StatusLogger No Log4j 2 configuration file found. Using default configuration (logging only errors to the console), or user programmatically provided configurations. Set system property 'log4j2.debug' to show Log4j 2 internal initialization logging. See https://logging.apache.org/log4j/2.x/manual/configuration.html for instructions on how to configure Log4j 2
Oct 16, 2019 6:58:58 AM org.apache.ratis.thirdparty.io.grpc.internal.SerializingExecutor run
SEVERE: Exception while executing runnable org.apache.ratis.thirdparty.io.grpc.internal.ServerImpl$JumpToApplicationThreadServerStreamListener$1Closed@306afa03
org.apache.ratis.thirdparty.io.grpc.StatusRuntimeException: CANCELLED: call already cancelled
	at org.apache.ratis.thirdparty.io.grpc.Status.asRuntimeException(Status.java:517)
	at org.apache.ratis.thirdparty.io.grpc.stub.ServerCalls$ServerCallStreamObserverImpl.onCompleted(ServerCalls.java:356)
	at org.apache.ratis.grpc.server.GrpcServerProtocolService$ServerRequestStreamObserver.onError(GrpcServerProtocolService.java:121)
	at org.apache.ratis.thirdparty.io.grpc.stub.ServerCalls$StreamingServerCallHandler$StreamingServerCallListener.onCancel(ServerCalls.java:269)
	at org.apache.ratis.thirdparty.io.grpc.internal.ServerCallImpl$ServerStreamListenerImpl.closed(ServerCallImpl.java:293)
	at org.apache.ratis.thirdparty.io.grpc.internal.ServerImpl$JumpToApplicationThreadServerStreamListener$1Closed.runInContext(ServerImpl.java:741)
	at org.apache.ratis.thirdparty.io.grpc.internal.ContextRunnable.run(ContextRunnable.java:37)
	at org.apache.ratis.thirdparty.io.grpc.internal.SerializingExecutor.run(SerializingExecutor.java:123)
	at java.util.concurrent.ThreadPoolExecutor.runWorker(ThreadPoolExecutor.java:1149)
	at java.util.concurrent.ThreadPoolExecutor$Worker.run(ThreadPoolExecutor.java:624)
	at java.lang.Thread.run(Thread.java:748)

Oct 16, 2019 6:58:58 AM org.apache.ratis.thirdparty.io.grpc.internal.SerializingExecutor run
SEVERE: Exception while executing runnable org.apache.ratis.thirdparty.io.grpc.internal.ClientCallImpl$ClientStreamListenerImpl$1StreamClosed@84f4c15
java.lang.NullPointerException
	at org.apache.ratis.grpc.server.GrpcLogAppender$AppendLogResponseHandler.onError(GrpcLogAppender.java:303)
	at org.apache.ratis.thirdparty.io.grpc.stub.ClientCalls$StreamObserverToCallListenerAdapter.onClose(ClientCalls.java:434)
	at org.apache.ratis.thirdparty.io.grpc.PartialForwardingClientCallListener.onClose(PartialForwardingClientCallListener.java:39)
	at org.apache.ratis.thirdparty.io.grpc.ForwardingClientCallListener.onClose(ForwardingClientCallListener.java:23)
	at org.apache.ratis.thirdparty.io.grpc.ForwardingClientCallListener$SimpleForwardingClientCallListener.onClose(ForwardingClientCallListener.java:40)
	at org.apache.ratis.thirdparty.io.grpc.internal.CensusStatsModule$StatsClientInterceptor$1$1.onClose(CensusStatsModule.java:678)
	at org.apache.ratis.thirdparty.io.grpc.PartialForwardingClientCallListener.onClose(PartialForwardingClientCallListener.java:39)
	at org.apache.ratis.thirdparty.io.grpc.ForwardingClientCallListener.onClose(ForwardingClientCallListener.java:23)
	at org.apache.ratis.thirdparty.io.grpc.ForwardingClientCallListener$SimpleForwardingClientCallListener.onClose(ForwardingClientCallListener.java:40)
	at org.apache.ratis.thirdparty.io.grpc.internal.CensusTracingModule$TracingClientInterceptor$1$1.onClose(CensusTracingModule.java:397)
	at org.apache.ratis.thirdparty.io.grpc.internal.ClientCallImpl.closeObserver(ClientCallImpl.java:459)
	at org.apache.ratis.thirdparty.io.grpc.internal.ClientCallImpl.access$300(ClientCallImpl.java:63)
	at org.apache.ratis.thirdparty.io.grpc.internal.ClientCallImpl$ClientStreamListenerImpl.close(ClientCallImpl.java:546)
	at org.apache.ratis.thirdparty.io.grpc.internal.ClientCallImpl$ClientStreamListenerImpl.access$600(ClientCallImpl.java:467)
	at org.apache.ratis.thirdparty.io.grpc.internal.ClientCallImpl$ClientStreamListenerImpl$1StreamClosed.runInContext(ClientCallImpl.java:584)
	at org.apache.ratis.thirdparty.io.grpc.internal.ContextRunnable.run(ContextRunnable.java:37)
	at org.apache.ratis.thirdparty.io.grpc.internal.SerializingExecutor.run(SerializingExecutor.java:123)
	at java.util.concurrent.ThreadPoolExecutor.runWorker(ThreadPoolExecutor.java:1149)
	at java.util.concurrent.ThreadPoolExecutor$Worker.run(ThreadPoolExecutor.java:624)
	at java.lang.Thread.run(Thread.java:748)

]]></system-err>
  </testcase>
</testsuite>