<?xml version="1.0" encoding="UTF-8"?>
<testsuite xmlns:xsi="http://www.w3.org/2001/XMLSchema-instance" xsi:noNamespaceSchemaLocation="https://maven.apache.org/surefire/maven-surefire-plugin/xsd/surefire-test-report.xsd" name="org.apache.hadoop.ozone.freon.TestDataValidateWithDummyContainers" time="103.79" tests="3" errors="2" skipped="0" failures="0">
  <properties>
    <property name="awt.toolkit" value="sun.awt.X11.XToolkit"/>
    <property name="file.encoding.pkg" value="sun.io"/>
    <property name="java.specification.version" value="1.8"/>
    <property name="sun.cpu.isalist" value=""/>
    <property name="sun.jnu.encoding" value="ANSI_X3.4-1968"/>
    <property name="java.class.path" value="/workdir/hadoop-ozone/tools/target/test-classes:/workdir/hadoop-ozone/tools/target/classes:/home/user/.m2/repository/org/apache/hadoop/hadoop-ozone-ozone-manager/0.5.0-SNAPSHOT/hadoop-ozone-ozone-manager-0.5.0-SNAPSHOT.jar:/home/user/.m2/repository/org/apache/hadoop/hadoop-hdds-docs/0.5.0-SNAPSHOT/hadoop-hdds-docs-0.5.0-SNAPSHOT.jar:/home/user/.m2/repository/org/bouncycastle/bcprov-jdk15on/1.60/bcprov-jdk15on-1.60.jar:/home/user/.m2/repository/org/apache/hadoop/hadoop-ozone-common/0.5.0-SNAPSHOT/hadoop-ozone-common-0.5.0-SNAPSHOT.jar:/home/user/.m2/repository/org/apache/commons/commons-compress/1.4.1/commons-compress-1.4.1.jar:/home/user/.m2/repository/org/tukaani/xz/1.0/xz-1.0.jar:/home/user/.m2/repository/org/apache/hadoop/hadoop-hdfs-client/3.2.0/hadoop-hdfs-client-3.2.0.jar:/home/user/.m2/repository/com/fasterxml/jackson/core/jackson-annotations/2.9.9/jackson-annotations-2.9.9.jar:/home/user/.m2/repository/org/apache/hadoop/hadoop-hdds-common/0.5.0-SNAPSHOT/hadoop-hdds-common-0.5.0-SNAPSHOT.jar:/home/user/.m2/repository/org/apache/hadoop/hadoop-hdds-config/0.5.0-SNAPSHOT/hadoop-hdds-config-0.5.0-SNAPSHOT.jar:/home/user/.m2/repository/javax/annotation/javax.annotation-api/1.2/javax.annotation-api-1.2.jar:/home/user/.m2/repository/org/apache/ratis/ratis-server/0.5.0-3f446aa-SNAPSHOT/ratis-server-0.5.0-3f446aa-SNAPSHOT.jar:/home/user/.m2/repository/org/apache/ratis/ratis-thirdparty-misc/0.2.0/ratis-thirdparty-misc-0.2.0.jar:/home/user/.m2/repository/org/apache/ratis/ratis-proto/0.5.0-3f446aa-SNAPSHOT/ratis-proto-0.5.0-3f446aa-SNAPSHOT.jar:/home/user/.m2/repository/org/apache/ratis/ratis-common/0.5.0-3f446aa-SNAPSHOT/ratis-common-0.5.0-3f446aa-SNAPSHOT.jar:/home/user/.m2/repository/org/apache/ratis/ratis-client/0.5.0-3f446aa-SNAPSHOT/ratis-client-0.5.0-3f446aa-SNAPSHOT.jar:/home/user/.m2/repository/org/apache/ratis/ratis-metrics/0.5.0-3f446aa-SNAPSHOT/ratis-metrics-0.5.0-3f446aa-SNAPSHOT.jar:/home/user/.m2/repository/com/github/joshelser/dropwizard-metrics-hadoop-metrics2-reporter/0.1.2/dropwizard-metrics-hadoop-metrics2-reporter-0.1.2.jar:/home/user/.m2/repository/io/dropwizard/metrics/metrics-jvm/3.2.5/metrics-jvm-3.2.5.jar:/home/user/.m2/repository/io/dropwizard/metrics/metrics-ganglia/3.2.5/metrics-ganglia-3.2.5.jar:/home/user/.m2/repository/info/ganglia/gmetric4j/gmetric4j/1.0.7/gmetric4j-1.0.7.jar:/home/user/.m2/repository/org/apache/ratis/ratis-netty/0.5.0-3f446aa-SNAPSHOT/ratis-netty-0.5.0-3f446aa-SNAPSHOT.jar:/home/user/.m2/repository/org/apache/ratis/ratis-grpc/0.5.0-3f446aa-SNAPSHOT/ratis-grpc-0.5.0-3f446aa-SNAPSHOT.jar:/home/user/.m2/repository/org/rocksdb/rocksdbjni/6.0.1/rocksdbjni-6.0.1.jar:/home/user/.m2/repository/org/apache/logging/log4j/log4j-api/2.11.0/log4j-api-2.11.0.jar:/home/user/.m2/repository/org/apache/logging/log4j/log4j-core/2.11.0/log4j-core-2.11.0.jar:/home/user/.m2/repository/com/lmax/disruptor/3.4.2/disruptor-3.4.2.jar:/home/user/.m2/repository/org/apache/commons/commons-pool2/2.6.0/commons-pool2-2.6.0.jar:/home/user/.m2/repository/org/bouncycastle/bcpkix-jdk15on/1.60/bcpkix-jdk15on-1.60.jar:/home/user/.m2/repository/commons-validator/commons-validator/1.6/commons-validator-1.6.jar:/home/user/.m2/repository/commons-digester/commons-digester/1.8.1/commons-digester-1.8.1.jar:/home/user/.m2/repository/io/jaegertracing/jaeger-client/0.34.0/jaeger-client-0.34.0.jar:/home/user/.m2/repository/io/jaegertracing/jaeger-thrift/0.34.0/jaeger-thrift-0.34.0.jar:/home/user/.m2/repository/org/apache/thrift/libthrift/0.12.0/libthrift-0.12.0.jar:/home/user/.m2/repository/com/squareup/okhttp3/okhttp/3.9.0/okhttp-3.9.0.jar:/home/user/.m2/repository/com/squareup/okio/okio/1.13.0/okio-1.13.0.jar:/home/user/.m2/repository/io/jaegertracing/jaeger-core/0.34.0/jaeger-core-0.34.0.jar:/home/user/.m2/repository/io/jaegertracing/jaeger-tracerresolver/0.34.0/jaeger-tracerresolver-0.34.0.jar:/home/user/.m2/repository/io/opentracing/contrib/opentracing-tracerresolver/0.1.5/opentracing-tracerresolver-0.1.5.jar:/home/user/.m2/repository/io/opentracing/opentracing-util/0.31.0/opentracing-util-0.31.0.jar:/home/user/.m2/repository/io/opentracing/opentracing-api/0.31.0/opentracing-api-0.31.0.jar:/home/user/.m2/repository/io/opentracing/opentracing-noop/0.31.0/opentracing-noop-0.31.0.jar:/home/user/.m2/repository/org/yaml/snakeyaml/1.16/snakeyaml-1.16.jar:/home/user/.m2/repository/org/apache/hadoop/hadoop-hdds-container-service/0.5.0-SNAPSHOT/hadoop-hdds-container-service-0.5.0-SNAPSHOT.jar:/home/user/.m2/repository/org/apache/hadoop/hadoop-hdds-client/0.5.0-SNAPSHOT/hadoop-hdds-client-0.5.0-SNAPSHOT.jar:/home/user/.m2/repository/org/apache/hadoop/hadoop-hdds-tools/0.5.0-SNAPSHOT/hadoop-hdds-tools-0.5.0-SNAPSHOT.jar:/home/user/.m2/repository/org/xerial/sqlite-jdbc/3.25.2/sqlite-jdbc-3.25.2.jar:/home/user/.m2/repository/org/apache/hadoop/hadoop-hdds-server-scm/0.5.0-SNAPSHOT/hadoop-hdds-server-scm-0.5.0-SNAPSHOT.jar:/home/user/.m2/repository/org/hamcrest/hamcrest-all/1.3/hamcrest-all-1.3.jar:/home/user/.m2/repository/info/picocli/picocli/3.9.6/picocli-3.9.6.jar:/home/user/.m2/repository/com/google/protobuf/protobuf-java/2.5.0/protobuf-java-2.5.0.jar:/home/user/.m2/repository/com/google/guava/guava/11.0.2/guava-11.0.2.jar:/home/user/.m2/repository/org/apache/hadoop/hadoop-ozone-client/0.5.0-SNAPSHOT/hadoop-ozone-client-0.5.0-SNAPSHOT.jar:/workdir/hadoop-ozone/ozonefs/target/classes:/home/user/.m2/repository/org/apache/httpcomponents/httpclient/4.5.2/httpclient-4.5.2.jar:/home/user/.m2/repository/org/apache/httpcomponents/httpcore/4.4.4/httpcore-4.4.4.jar:/home/user/.m2/repository/org/apache/hadoop/hadoop-hdds-server-framework/0.5.0-SNAPSHOT/hadoop-hdds-server-framework-0.5.0-SNAPSHOT.jar:/home/user/.m2/repository/org/apache/hadoop/hadoop-common/3.2.0/hadoop-common-3.2.0.jar:/home/user/.m2/repository/org/apache/hadoop/hadoop-annotations/3.2.0/hadoop-annotations-3.2.0.jar:/usr/lib/jvm/java-1.8.0-openjdk-1.8.0.222.b10-1.el7_7.x86_64/jre/../lib/tools.jar:/home/user/.m2/repository/commons-cli/commons-cli/1.2/commons-cli-1.2.jar:/home/user/.m2/repository/org/apache/commons/commons-math3/3.1.1/commons-math3-3.1.1.jar:/home/user/.m2/repository/commons-codec/commons-codec/1.11/commons-codec-1.11.jar:/home/user/.m2/repository/commons-io/commons-io/2.5/commons-io-2.5.jar:/home/user/.m2/repository/commons-net/commons-net/3.6/commons-net-3.6.jar:/home/user/.m2/repository/commons-collections/commons-collections/3.2.2/commons-collections-3.2.2.jar:/home/user/.m2/repository/javax/servlet/javax.servlet-api/3.1.0/javax.servlet-api-3.1.0.jar:/home/user/.m2/repository/org/eclipse/jetty/jetty-server/9.3.25.v20180904/jetty-server-9.3.25.v20180904.jar:/home/user/.m2/repository/org/eclipse/jetty/jetty-http/9.3.25.v20180904/jetty-http-9.3.25.v20180904.jar:/home/user/.m2/repository/org/eclipse/jetty/jetty-io/9.3.25.v20180904/jetty-io-9.3.25.v20180904.jar:/home/user/.m2/repository/org/eclipse/jetty/jetty-util/9.3.25.v20180904/jetty-util-9.3.25.v20180904.jar:/home/user/.m2/repository/org/eclipse/jetty/jetty-servlet/9.3.25.v20180904/jetty-servlet-9.3.25.v20180904.jar:/home/user/.m2/repository/org/eclipse/jetty/jetty-security/9.3.25.v20180904/jetty-security-9.3.25.v20180904.jar:/home/user/.m2/repository/org/eclipse/jetty/jetty-webapp/9.3.25.v20180904/jetty-webapp-9.3.25.v20180904.jar:/home/user/.m2/repository/org/eclipse/jetty/jetty-xml/9.3.25.v20180904/jetty-xml-9.3.25.v20180904.jar:/home/user/.m2/repository/javax/servlet/jsp/jsp-api/2.1/jsp-api-2.1.jar:/home/user/.m2/repository/com/sun/jersey/jersey-core/1.19/jersey-core-1.19.jar:/home/user/.m2/repository/javax/ws/rs/jsr311-api/1.1.1/jsr311-api-1.1.1.jar:/home/user/.m2/repository/com/sun/jersey/jersey-servlet/1.19/jersey-servlet-1.19.jar:/home/user/.m2/repository/com/sun/jersey/jersey-json/1.19/jersey-json-1.19.jar:/home/user/.m2/repository/org/codehaus/jettison/jettison/1.1/jettison-1.1.jar:/home/user/.m2/repository/com/sun/xml/bind/jaxb-impl/2.3.0.1/jaxb-impl-2.3.0.1.jar:/home/user/.m2/repository/org/codehaus/jackson/jackson-core-asl/1.9.13/jackson-core-asl-1.9.13.jar:/home/user/.m2/repository/org/codehaus/jackson/jackson-mapper-asl/1.9.13/jackson-mapper-asl-1.9.13.jar:/home/user/.m2/repository/org/codehaus/jackson/jackson-jaxrs/1.9.13/jackson-jaxrs-1.9.13.jar:/home/user/.m2/repository/org/codehaus/jackson/jackson-xc/1.9.13/jackson-xc-1.9.13.jar:/home/user/.m2/repository/com/sun/jersey/jersey-server/1.19/jersey-server-1.19.jar:/home/user/.m2/repository/commons-logging/commons-logging/1.1.3/commons-logging-1.1.3.jar:/home/user/.m2/repository/log4j/log4j/1.2.17/log4j-1.2.17.jar:/home/user/.m2/repository/commons-beanutils/commons-beanutils/1.9.4/commons-beanutils-1.9.4.jar:/home/user/.m2/repository/org/apache/commons/commons-configuration2/2.1.1/commons-configuration2-2.1.1.jar:/home/user/.m2/repository/org/apache/commons/commons-lang3/3.7/commons-lang3-3.7.jar:/home/user/.m2/repository/org/apache/commons/commons-text/1.4/commons-text-1.4.jar:/home/user/.m2/repository/org/slf4j/slf4j-api/1.7.25/slf4j-api-1.7.25.jar:/home/user/.m2/repository/org/slf4j/slf4j-log4j12/1.7.25/slf4j-log4j12-1.7.25.jar:/home/user/.m2/repository/org/apache/avro/avro/1.7.7/avro-1.7.7.jar:/home/user/.m2/repository/com/thoughtworks/paranamer/paranamer/2.3/paranamer-2.3.jar:/home/user/.m2/repository/org/xerial/snappy/snappy-java/1.0.5/snappy-java-1.0.5.jar:/home/user/.m2/repository/com/google/re2j/re2j/1.1/re2j-1.1.jar:/home/user/.m2/repository/com/google/code/gson/gson/2.2.4/gson-2.2.4.jar:/home/user/.m2/repository/org/apache/hadoop/hadoop-auth/3.2.0/hadoop-auth-3.2.0.jar:/home/user/.m2/repository/com/nimbusds/nimbus-jose-jwt/4.41.1/nimbus-jose-jwt-4.41.1.jar:/home/user/.m2/repository/com/github/stephenc/jcip/jcip-annotations/1.0-1/jcip-annotations-1.0-1.jar:/home/user/.m2/repository/net/minidev/json-smart/2.3/json-smart-2.3.jar:/home/user/.m2/repository/net/minidev/accessors-smart/1.2/accessors-smart-1.2.jar:/home/user/.m2/repository/org/apache/curator/curator-framework/2.12.0/curator-framework-2.12.0.jar:/home/user/.m2/repository/com/jcraft/jsch/0.1.54/jsch-0.1.54.jar:/home/user/.m2/repository/org/apache/curator/curator-client/2.12.0/curator-client-2.12.0.jar:/home/user/.m2/repository/org/apache/curator/curator-recipes/2.12.0/curator-recipes-2.12.0.jar:/home/user/.m2/repository/com/google/code/findbugs/jsr305/3.0.0/jsr305-3.0.0.jar:/home/user/.m2/repository/org/apache/htrace/htrace-core4/4.1.0-incubating/htrace-core4-4.1.0-incubating.jar:/home/user/.m2/repository/org/apache/zookeeper/zookeeper/3.4.13/zookeeper-3.4.13.jar:/home/user/.m2/repository/jline/jline/0.9.94/jline-0.9.94.jar:/home/user/.m2/repository/org/apache/yetus/audience-annotations/0.5.0/audience-annotations-0.5.0.jar:/home/user/.m2/repository/org/apache/kerby/kerb-simplekdc/1.0.1/kerb-simplekdc-1.0.1.jar:/home/user/.m2/repository/org/apache/kerby/kerb-client/1.0.1/kerb-client-1.0.1.jar:/home/user/.m2/repository/org/apache/kerby/kerby-config/1.0.1/kerby-config-1.0.1.jar:/home/user/.m2/repository/org/apache/kerby/kerb-core/1.0.1/kerb-core-1.0.1.jar:/home/user/.m2/repository/org/apache/kerby/kerby-pkix/1.0.1/kerby-pkix-1.0.1.jar:/home/user/.m2/repository/org/apache/kerby/kerby-asn1/1.0.1/kerby-asn1-1.0.1.jar:/home/user/.m2/repository/org/apache/kerby/kerby-util/1.0.1/kerby-util-1.0.1.jar:/home/user/.m2/repository/org/apache/kerby/kerb-common/1.0.1/kerb-common-1.0.1.jar:/home/user/.m2/repository/org/apache/kerby/kerb-crypto/1.0.1/kerb-crypto-1.0.1.jar:/home/user/.m2/repository/org/apache/kerby/kerb-util/1.0.1/kerb-util-1.0.1.jar:/home/user/.m2/repository/org/apache/kerby/token-provider/1.0.1/token-provider-1.0.1.jar:/home/user/.m2/repository/org/apache/kerby/kerb-admin/1.0.1/kerb-admin-1.0.1.jar:/home/user/.m2/repository/org/apache/kerby/kerb-server/1.0.1/kerb-server-1.0.1.jar:/home/user/.m2/repository/org/apache/kerby/kerb-identity/1.0.1/kerb-identity-1.0.1.jar:/home/user/.m2/repository/org/apache/kerby/kerby-xdr/1.0.1/kerby-xdr-1.0.1.jar:/home/user/.m2/repository/com/fasterxml/jackson/core/jackson-databind/2.9.9/jackson-databind-2.9.9.jar:/home/user/.m2/repository/com/fasterxml/jackson/core/jackson-core/2.9.9/jackson-core-2.9.9.jar:/home/user/.m2/repository/org/codehaus/woodstox/stax2-api/3.1.4/stax2-api-3.1.4.jar:/home/user/.m2/repository/com/fasterxml/woodstox/woodstox-core/5.0.3/woodstox-core-5.0.3.jar:/home/user/.m2/repository/dnsjava/dnsjava/2.1.7/dnsjava-2.1.7.jar:/home/user/.m2/repository/org/apache/hadoop/hadoop-hdfs/3.2.0/hadoop-hdfs-3.2.0.jar:/home/user/.m2/repository/org/eclipse/jetty/jetty-util-ajax/9.3.25.v20180904/jetty-util-ajax-9.3.25.v20180904.jar:/home/user/.m2/repository/commons-daemon/commons-daemon/1.0.13/commons-daemon-1.0.13.jar:/home/user/.m2/repository/io/netty/netty/3.10.5.Final/netty-3.10.5.Final.jar:/home/user/.m2/repository/io/netty/netty-all/4.0.52.Final/netty-all-4.0.52.Final.jar:/home/user/.m2/repository/org/fusesource/leveldbjni/leveldbjni-all/1.8/leveldbjni-all-1.8.jar:/home/user/.m2/repository/com/sun/xml/bind/jaxb-core/2.3.0.1/jaxb-core-2.3.0.1.jar:/home/user/.m2/repository/javax/xml/bind/jaxb-api/2.3.0/jaxb-api-2.3.0.jar:/home/user/.m2/repository/javax/activation/activation/1.1.1/activation-1.1.1.jar:/home/user/.m2/repository/org/openjdk/jmh/jmh-core/1.19/jmh-core-1.19.jar:/home/user/.m2/repository/net/sf/jopt-simple/jopt-simple/4.6/jopt-simple-4.6.jar:/home/user/.m2/repository/org/openjdk/jmh/jmh-generator-annprocess/1.19/jmh-generator-annprocess-1.19.jar:/home/user/.m2/repository/io/dropwizard/metrics/metrics-core/3.2.4/metrics-core-3.2.4.jar:/home/user/.m2/repository/com/amazonaws/aws-java-sdk-s3/1.11.615/aws-java-sdk-s3-1.11.615.jar:/home/user/.m2/repository/com/amazonaws/aws-java-sdk-kms/1.11.615/aws-java-sdk-kms-1.11.615.jar:/home/user/.m2/repository/com/amazonaws/aws-java-sdk-core/1.11.615/aws-java-sdk-core-1.11.615.jar:/home/user/.m2/repository/software/amazon/ion/ion-java/1.0.2/ion-java-1.0.2.jar:/home/user/.m2/repository/com/fasterxml/jackson/dataformat/jackson-dataformat-cbor/2.9.9/jackson-dataformat-cbor-2.9.9.jar:/home/user/.m2/repository/joda-time/joda-time/2.9.9/joda-time-2.9.9.jar:/home/user/.m2/repository/com/amazonaws/jmespath-java/1.11.615/jmespath-java-1.11.615.jar:/home/user/.m2/repository/com/github/spotbugs/spotbugs/3.1.12/spotbugs-3.1.12.jar:/home/user/.m2/repository/org/ow2/asm/asm/5.0.4/asm-5.0.4.jar:/home/user/.m2/repository/org/ow2/asm/asm-analysis/7.0/asm-analysis-7.0.jar:/home/user/.m2/repository/org/ow2/asm/asm-commons/7.0/asm-commons-7.0.jar:/home/user/.m2/repository/org/ow2/asm/asm-tree/7.0/asm-tree-7.0.jar:/home/user/.m2/repository/org/ow2/asm/asm-util/7.0/asm-util-7.0.jar:/home/user/.m2/repository/org/apache/bcel/bcel/6.3/bcel-6.3.jar:/home/user/.m2/repository/net/jcip/jcip-annotations/1.0/jcip-annotations-1.0.jar:/home/user/.m2/repository/org/dom4j/dom4j/2.1.1/dom4j-2.1.1.jar:/home/user/.m2/repository/jaxen/jaxen/1.1.6/jaxen-1.1.6.jar:/home/user/.m2/repository/commons-lang/commons-lang/2.6/commons-lang-2.6.jar:/home/user/.m2/repository/com/github/spotbugs/spotbugs-annotations/3.1.12/spotbugs-annotations-3.1.12.jar:/home/user/.m2/repository/junit/junit/4.11/junit-4.11.jar:/home/user/.m2/repository/org/hamcrest/hamcrest-core/1.3/hamcrest-core-1.3.jar:/home/user/.m2/repository/org/apache/hadoop/hadoop-common/3.2.0/hadoop-common-3.2.0-tests.jar:/workdir/hadoop-ozone/integration-test/target/test-classes:/home/user/.m2/repository/org/apache/hadoop/hadoop-ozone-s3gateway/0.5.0-SNAPSHOT/hadoop-ozone-s3gateway-0.5.0-SNAPSHOT.jar:/home/user/.m2/repository/org/jboss/weld/servlet/weld-servlet/2.4.7.Final/weld-servlet-2.4.7.Final.jar:/home/user/.m2/repository/org/glassfish/jersey/containers/jersey-container-servlet-core/2.27/jersey-container-servlet-core-2.27.jar:/home/user/.m2/repository/org/glassfish/hk2/external/javax.inject/2.5.0-b42/javax.inject-2.5.0-b42.jar:/home/user/.m2/repository/org/glassfish/jersey/core/jersey-common/2.27/jersey-common-2.27.jar:/home/user/.m2/repository/org/glassfish/hk2/osgi-resource-locator/1.0.1/osgi-resource-locator-1.0.1.jar:/home/user/.m2/repository/javax/ws/rs/javax.ws.rs-api/2.1/javax.ws.rs-api-2.1.jar:/home/user/.m2/repository/org/glassfish/jersey/ext/cdi/jersey-cdi1x/2.27/jersey-cdi1x-2.27.jar:/home/user/.m2/repository/org/glassfish/jersey/inject/jersey-hk2/2.27/jersey-hk2-2.27.jar:/home/user/.m2/repository/org/glassfish/hk2/hk2-locator/2.5.0-b42/hk2-locator-2.5.0-b42.jar:/home/user/.m2/repository/org/javassist/javassist/3.22.0-CR2/javassist-3.22.0-CR2.jar:/home/user/.m2/repository/org/glassfish/hk2/hk2-api/2.5.0/hk2-api-2.5.0.jar:/home/user/.m2/repository/org/glassfish/hk2/external/jakarta.inject/2.5.0/jakarta.inject-2.5.0.jar:/home/user/.m2/repository/org/glassfish/hk2/hk2-utils/2.5.0/hk2-utils-2.5.0.jar:/home/user/.m2/repository/jakarta/annotation/jakarta.annotation-api/1.3.4/jakarta.annotation-api-1.3.4.jar:/home/user/.m2/repository/org/glassfish/hk2/external/aopalliance-repackaged/2.5.0/aopalliance-repackaged-2.5.0.jar:/home/user/.m2/repository/com/fasterxml/jackson/dataformat/jackson-dataformat-xml/2.9.0/jackson-dataformat-xml-2.9.0.jar:/home/user/.m2/repository/com/fasterxml/jackson/module/jackson-module-jaxb-annotations/2.9.9/jackson-module-jaxb-annotations-2.9.9.jar:/home/user/.m2/repository/javax/enterprise/cdi-api/1.2/cdi-api-1.2.jar:/home/user/.m2/repository/javax/el/javax.el-api/3.0.0/javax.el-api-3.0.0.jar:/home/user/.m2/repository/javax/interceptor/javax.interceptor-api/1.2/javax.interceptor-api-1.2.jar:/home/user/.m2/repository/javax/inject/javax.inject/1/javax.inject-1.jar:/home/user/.m2/repository/org/apache/hadoop/hadoop-ozone-csi/0.5.0-SNAPSHOT/hadoop-ozone-csi-0.5.0-SNAPSHOT.jar:/home/user/.m2/repository/com/google/protobuf/protobuf-java-util/3.5.1/protobuf-java-util-3.5.1.jar:/home/user/.m2/repository/io/grpc/grpc-netty/1.17.1/grpc-netty-1.17.1.jar:/home/user/.m2/repository/io/grpc/grpc-core/1.17.1/grpc-core-1.17.1.jar:/home/user/.m2/repository/io/grpc/grpc-context/1.17.1/grpc-context-1.17.1.jar:/home/user/.m2/repository/com/google/errorprone/error_prone_annotations/2.2.0/error_prone_annotations-2.2.0.jar:/home/user/.m2/repository/org/codehaus/mojo/animal-sniffer-annotations/1.17/animal-sniffer-annotations-1.17.jar:/home/user/.m2/repository/io/opencensus/opencensus-api/0.17.0/opencensus-api-0.17.0.jar:/home/user/.m2/repository/io/opencensus/opencensus-contrib-grpc-metrics/0.17.0/opencensus-contrib-grpc-metrics-0.17.0.jar:/home/user/.m2/repository/io/netty/netty-codec-http2/4.1.30.Final/netty-codec-http2-4.1.30.Final.jar:/home/user/.m2/repository/io/netty/netty-codec-http/4.1.30.Final/netty-codec-http-4.1.30.Final.jar:/home/user/.m2/repository/io/netty/netty-codec/4.1.30.Final/netty-codec-4.1.30.Final.jar:/home/user/.m2/repository/io/netty/netty-handler/4.1.30.Final/netty-handler-4.1.30.Final.jar:/home/user/.m2/repository/io/netty/netty-handler-proxy/4.1.30.Final/netty-handler-proxy-4.1.30.Final.jar:/home/user/.m2/repository/io/netty/netty-codec-socks/4.1.30.Final/netty-codec-socks-4.1.30.Final.jar:/home/user/.m2/repository/io/netty/netty-transport-native-epoll/4.1.30.Final/netty-transport-native-epoll-4.1.30.Final.jar:/home/user/.m2/repository/io/netty/netty-common/4.1.30.Final/netty-common-4.1.30.Final.jar:/home/user/.m2/repository/io/netty/netty-buffer/4.1.30.Final/netty-buffer-4.1.30.Final.jar:/home/user/.m2/repository/io/netty/netty-transport/4.1.30.Final/netty-transport-4.1.30.Final.jar:/home/user/.m2/repository/io/netty/netty-resolver/4.1.30.Final/netty-resolver-4.1.30.Final.jar:/home/user/.m2/repository/io/netty/netty-transport-native-unix-common/4.1.30.Final/netty-transport-native-unix-common-4.1.30.Final.jar:/home/user/.m2/repository/io/grpc/grpc-protobuf/1.17.1/grpc-protobuf-1.17.1.jar:/home/user/.m2/repository/com/google/api/grpc/proto-google-common-protos/1.0.0/proto-google-common-protos-1.0.0.jar:/home/user/.m2/repository/io/grpc/grpc-protobuf-lite/1.17.1/grpc-protobuf-lite-1.17.1.jar:/home/user/.m2/repository/io/grpc/grpc-stub/1.17.1/grpc-stub-1.17.1.jar:/home/user/.m2/repository/org/apache/hadoop/hadoop-ozone-recon/0.5.0-SNAPSHOT/hadoop-ozone-recon-0.5.0-SNAPSHOT.jar:/home/user/.m2/repository/org/apache/hadoop/hadoop-ozone-reconcodegen/0.5.0-SNAPSHOT/hadoop-ozone-reconcodegen-0.5.0-SNAPSHOT.jar:/home/user/.m2/repository/com/google/inject/extensions/guice-multibindings/4.0/guice-multibindings-4.0.jar:/home/user/.m2/repository/com/google/inject/guice/4.0/guice-4.0.jar:/home/user/.m2/repository/aopalliance/aopalliance/1.0/aopalliance-1.0.jar:/home/user/.m2/repository/com/google/inject/extensions/guice-servlet/4.0/guice-servlet-4.0.jar:/home/user/.m2/repository/org/glassfish/jersey/containers/jersey-container-servlet/2.27/jersey-container-servlet-2.27.jar:/home/user/.m2/repository/org/glassfish/hk2/guice-bridge/2.5.0/guice-bridge-2.5.0.jar:/home/user/.m2/repository/org/glassfish/jersey/core/jersey-server/2.27/jersey-server-2.27.jar:/home/user/.m2/repository/org/glassfish/jersey/core/jersey-client/2.27/jersey-client-2.27.jar:/home/user/.m2/repository/org/glassfish/jersey/media/jersey-media-jaxb/2.27/jersey-media-jaxb-2.27.jar:/home/user/.m2/repository/javax/validation/validation-api/1.1.0.Final/validation-api-1.1.0.Final.jar:/home/user/.m2/repository/org/glassfish/jersey/media/jersey-media-json-jackson/2.27/jersey-media-json-jackson-2.27.jar:/home/user/.m2/repository/org/glassfish/jersey/ext/jersey-entity-filtering/2.27/jersey-entity-filtering-2.27.jar:/home/user/.m2/repository/com/google/inject/extensions/guice-assistedinject/4.0/guice-assistedinject-4.0.jar:/home/user/.m2/repository/org/jooq/jooq/3.11.10/jooq-3.11.10.jar:/home/user/.m2/repository/org/jooq/jooq-meta/3.11.10/jooq-meta-3.11.10.jar:/home/user/.m2/repository/org/jooq/jooq-codegen/3.11.10/jooq-codegen-3.11.10.jar:/home/user/.m2/repository/com/jolbox/bonecp/0.8.0.RELEASE/bonecp-0.8.0.RELEASE.jar:/home/user/.m2/repository/org/springframework/spring-jdbc/5.1.3.RELEASE/spring-jdbc-5.1.3.RELEASE.jar:/home/user/.m2/repository/org/springframework/spring-beans/5.1.3.RELEASE/spring-beans-5.1.3.RELEASE.jar:/home/user/.m2/repository/org/springframework/spring-core/5.1.3.RELEASE/spring-core-5.1.3.RELEASE.jar:/home/user/.m2/repository/org/springframework/spring-jcl/5.1.3.RELEASE/spring-jcl-5.1.3.RELEASE.jar:/home/user/.m2/repository/org/springframework/spring-tx/5.1.3.RELEASE/spring-tx-5.1.3.RELEASE.jar:/home/user/.m2/repository/org/mockito/mockito-core/2.15.0/mockito-core-2.15.0.jar:/home/user/.m2/repository/net/bytebuddy/byte-buddy/1.7.9/byte-buddy-1.7.9.jar:/home/user/.m2/repository/net/bytebuddy/byte-buddy-agent/1.7.9/byte-buddy-agent-1.7.9.jar:/home/user/.m2/repository/org/objenesis/objenesis/1.0/objenesis-1.0.jar:"/>
    <property name="java.vm.vendor" value="Oracle Corporation"/>
    <property name="sun.arch.data.model" value="64"/>
    <property name="test.build.dir" value="/workdir/hadoop-ozone/tools/target/test-dir"/>
    <property name="test.cache.data" value=""/>
    <property name="java.vendor.url" value="http://java.oracle.com/"/>
    <property name="user.timezone" value=""/>
    <property name="java.vm.specification.version" value="1.8"/>
    <property name="os.name" value="Linux"/>
    <property name="test.build.data" value="/workdir/hadoop-ozone/tools/target/test-dir"/>
    <property name="user.country" value="US"/>
    <property name="sun.java.launcher" value="SUN_STANDARD"/>
    <property name="sun.boot.library.path" value="/usr/lib/jvm/java-1.8.0-openjdk-1.8.0.222.b10-1.el7_7.x86_64/jre/lib/amd64"/>
    <property name="sun.java.command" value="/workdir/hadoop-ozone/tools/target/surefire/surefirebooter3347851256393127861.jar /workdir/hadoop-ozone/tools/target/surefire 2019-10-17T00-48-39_694-jvmRun1 surefire8727460672834864239tmp surefire_101898772836197078128tmp"/>
    <property name="surefire.test.class.path" value="/workdir/hadoop-ozone/tools/target/test-classes:/workdir/hadoop-ozone/tools/target/classes:/home/user/.m2/repository/org/apache/hadoop/hadoop-ozone-ozone-manager/0.5.0-SNAPSHOT/hadoop-ozone-ozone-manager-0.5.0-SNAPSHOT.jar:/home/user/.m2/repository/org/apache/hadoop/hadoop-hdds-docs/0.5.0-SNAPSHOT/hadoop-hdds-docs-0.5.0-SNAPSHOT.jar:/home/user/.m2/repository/org/bouncycastle/bcprov-jdk15on/1.60/bcprov-jdk15on-1.60.jar:/home/user/.m2/repository/org/apache/hadoop/hadoop-ozone-common/0.5.0-SNAPSHOT/hadoop-ozone-common-0.5.0-SNAPSHOT.jar:/home/user/.m2/repository/org/apache/commons/commons-compress/1.4.1/commons-compress-1.4.1.jar:/home/user/.m2/repository/org/tukaani/xz/1.0/xz-1.0.jar:/home/user/.m2/repository/org/apache/hadoop/hadoop-hdfs-client/3.2.0/hadoop-hdfs-client-3.2.0.jar:/home/user/.m2/repository/com/fasterxml/jackson/core/jackson-annotations/2.9.9/jackson-annotations-2.9.9.jar:/home/user/.m2/repository/org/apache/hadoop/hadoop-hdds-common/0.5.0-SNAPSHOT/hadoop-hdds-common-0.5.0-SNAPSHOT.jar:/home/user/.m2/repository/org/apache/hadoop/hadoop-hdds-config/0.5.0-SNAPSHOT/hadoop-hdds-config-0.5.0-SNAPSHOT.jar:/home/user/.m2/repository/javax/annotation/javax.annotation-api/1.2/javax.annotation-api-1.2.jar:/home/user/.m2/repository/org/apache/ratis/ratis-server/0.5.0-3f446aa-SNAPSHOT/ratis-server-0.5.0-3f446aa-SNAPSHOT.jar:/home/user/.m2/repository/org/apache/ratis/ratis-thirdparty-misc/0.2.0/ratis-thirdparty-misc-0.2.0.jar:/home/user/.m2/repository/org/apache/ratis/ratis-proto/0.5.0-3f446aa-SNAPSHOT/ratis-proto-0.5.0-3f446aa-SNAPSHOT.jar:/home/user/.m2/repository/org/apache/ratis/ratis-common/0.5.0-3f446aa-SNAPSHOT/ratis-common-0.5.0-3f446aa-SNAPSHOT.jar:/home/user/.m2/repository/org/apache/ratis/ratis-client/0.5.0-3f446aa-SNAPSHOT/ratis-client-0.5.0-3f446aa-SNAPSHOT.jar:/home/user/.m2/repository/org/apache/ratis/ratis-metrics/0.5.0-3f446aa-SNAPSHOT/ratis-metrics-0.5.0-3f446aa-SNAPSHOT.jar:/home/user/.m2/repository/com/github/joshelser/dropwizard-metrics-hadoop-metrics2-reporter/0.1.2/dropwizard-metrics-hadoop-metrics2-reporter-0.1.2.jar:/home/user/.m2/repository/io/dropwizard/metrics/metrics-jvm/3.2.5/metrics-jvm-3.2.5.jar:/home/user/.m2/repository/io/dropwizard/metrics/metrics-ganglia/3.2.5/metrics-ganglia-3.2.5.jar:/home/user/.m2/repository/info/ganglia/gmetric4j/gmetric4j/1.0.7/gmetric4j-1.0.7.jar:/home/user/.m2/repository/org/apache/ratis/ratis-netty/0.5.0-3f446aa-SNAPSHOT/ratis-netty-0.5.0-3f446aa-SNAPSHOT.jar:/home/user/.m2/repository/org/apache/ratis/ratis-grpc/0.5.0-3f446aa-SNAPSHOT/ratis-grpc-0.5.0-3f446aa-SNAPSHOT.jar:/home/user/.m2/repository/org/rocksdb/rocksdbjni/6.0.1/rocksdbjni-6.0.1.jar:/home/user/.m2/repository/org/apache/logging/log4j/log4j-api/2.11.0/log4j-api-2.11.0.jar:/home/user/.m2/repository/org/apache/logging/log4j/log4j-core/2.11.0/log4j-core-2.11.0.jar:/home/user/.m2/repository/com/lmax/disruptor/3.4.2/disruptor-3.4.2.jar:/home/user/.m2/repository/org/apache/commons/commons-pool2/2.6.0/commons-pool2-2.6.0.jar:/home/user/.m2/repository/org/bouncycastle/bcpkix-jdk15on/1.60/bcpkix-jdk15on-1.60.jar:/home/user/.m2/repository/commons-validator/commons-validator/1.6/commons-validator-1.6.jar:/home/user/.m2/repository/commons-digester/commons-digester/1.8.1/commons-digester-1.8.1.jar:/home/user/.m2/repository/io/jaegertracing/jaeger-client/0.34.0/jaeger-client-0.34.0.jar:/home/user/.m2/repository/io/jaegertracing/jaeger-thrift/0.34.0/jaeger-thrift-0.34.0.jar:/home/user/.m2/repository/org/apache/thrift/libthrift/0.12.0/libthrift-0.12.0.jar:/home/user/.m2/repository/com/squareup/okhttp3/okhttp/3.9.0/okhttp-3.9.0.jar:/home/user/.m2/repository/com/squareup/okio/okio/1.13.0/okio-1.13.0.jar:/home/user/.m2/repository/io/jaegertracing/jaeger-core/0.34.0/jaeger-core-0.34.0.jar:/home/user/.m2/repository/io/jaegertracing/jaeger-tracerresolver/0.34.0/jaeger-tracerresolver-0.34.0.jar:/home/user/.m2/repository/io/opentracing/contrib/opentracing-tracerresolver/0.1.5/opentracing-tracerresolver-0.1.5.jar:/home/user/.m2/repository/io/opentracing/opentracing-util/0.31.0/opentracing-util-0.31.0.jar:/home/user/.m2/repository/io/opentracing/opentracing-api/0.31.0/opentracing-api-0.31.0.jar:/home/user/.m2/repository/io/opentracing/opentracing-noop/0.31.0/opentracing-noop-0.31.0.jar:/home/user/.m2/repository/org/yaml/snakeyaml/1.16/snakeyaml-1.16.jar:/home/user/.m2/repository/org/apache/hadoop/hadoop-hdds-container-service/0.5.0-SNAPSHOT/hadoop-hdds-container-service-0.5.0-SNAPSHOT.jar:/home/user/.m2/repository/org/apache/hadoop/hadoop-hdds-client/0.5.0-SNAPSHOT/hadoop-hdds-client-0.5.0-SNAPSHOT.jar:/home/user/.m2/repository/org/apache/hadoop/hadoop-hdds-tools/0.5.0-SNAPSHOT/hadoop-hdds-tools-0.5.0-SNAPSHOT.jar:/home/user/.m2/repository/org/xerial/sqlite-jdbc/3.25.2/sqlite-jdbc-3.25.2.jar:/home/user/.m2/repository/org/apache/hadoop/hadoop-hdds-server-scm/0.5.0-SNAPSHOT/hadoop-hdds-server-scm-0.5.0-SNAPSHOT.jar:/home/user/.m2/repository/org/hamcrest/hamcrest-all/1.3/hamcrest-all-1.3.jar:/home/user/.m2/repository/info/picocli/picocli/3.9.6/picocli-3.9.6.jar:/home/user/.m2/repository/com/google/protobuf/protobuf-java/2.5.0/protobuf-java-2.5.0.jar:/home/user/.m2/repository/com/google/guava/guava/11.0.2/guava-11.0.2.jar:/home/user/.m2/repository/org/apache/hadoop/hadoop-ozone-client/0.5.0-SNAPSHOT/hadoop-ozone-client-0.5.0-SNAPSHOT.jar:/workdir/hadoop-ozone/ozonefs/target/classes:/home/user/.m2/repository/org/apache/httpcomponents/httpclient/4.5.2/httpclient-4.5.2.jar:/home/user/.m2/repository/org/apache/httpcomponents/httpcore/4.4.4/httpcore-4.4.4.jar:/home/user/.m2/repository/org/apache/hadoop/hadoop-hdds-server-framework/0.5.0-SNAPSHOT/hadoop-hdds-server-framework-0.5.0-SNAPSHOT.jar:/home/user/.m2/repository/org/apache/hadoop/hadoop-common/3.2.0/hadoop-common-3.2.0.jar:/home/user/.m2/repository/org/apache/hadoop/hadoop-annotations/3.2.0/hadoop-annotations-3.2.0.jar:/usr/lib/jvm/java-1.8.0-openjdk-1.8.0.222.b10-1.el7_7.x86_64/jre/../lib/tools.jar:/home/user/.m2/repository/commons-cli/commons-cli/1.2/commons-cli-1.2.jar:/home/user/.m2/repository/org/apache/commons/commons-math3/3.1.1/commons-math3-3.1.1.jar:/home/user/.m2/repository/commons-codec/commons-codec/1.11/commons-codec-1.11.jar:/home/user/.m2/repository/commons-io/commons-io/2.5/commons-io-2.5.jar:/home/user/.m2/repository/commons-net/commons-net/3.6/commons-net-3.6.jar:/home/user/.m2/repository/commons-collections/commons-collections/3.2.2/commons-collections-3.2.2.jar:/home/user/.m2/repository/javax/servlet/javax.servlet-api/3.1.0/javax.servlet-api-3.1.0.jar:/home/user/.m2/repository/org/eclipse/jetty/jetty-server/9.3.25.v20180904/jetty-server-9.3.25.v20180904.jar:/home/user/.m2/repository/org/eclipse/jetty/jetty-http/9.3.25.v20180904/jetty-http-9.3.25.v20180904.jar:/home/user/.m2/repository/org/eclipse/jetty/jetty-io/9.3.25.v20180904/jetty-io-9.3.25.v20180904.jar:/home/user/.m2/repository/org/eclipse/jetty/jetty-util/9.3.25.v20180904/jetty-util-9.3.25.v20180904.jar:/home/user/.m2/repository/org/eclipse/jetty/jetty-servlet/9.3.25.v20180904/jetty-servlet-9.3.25.v20180904.jar:/home/user/.m2/repository/org/eclipse/jetty/jetty-security/9.3.25.v20180904/jetty-security-9.3.25.v20180904.jar:/home/user/.m2/repository/org/eclipse/jetty/jetty-webapp/9.3.25.v20180904/jetty-webapp-9.3.25.v20180904.jar:/home/user/.m2/repository/org/eclipse/jetty/jetty-xml/9.3.25.v20180904/jetty-xml-9.3.25.v20180904.jar:/home/user/.m2/repository/javax/servlet/jsp/jsp-api/2.1/jsp-api-2.1.jar:/home/user/.m2/repository/com/sun/jersey/jersey-core/1.19/jersey-core-1.19.jar:/home/user/.m2/repository/javax/ws/rs/jsr311-api/1.1.1/jsr311-api-1.1.1.jar:/home/user/.m2/repository/com/sun/jersey/jersey-servlet/1.19/jersey-servlet-1.19.jar:/home/user/.m2/repository/com/sun/jersey/jersey-json/1.19/jersey-json-1.19.jar:/home/user/.m2/repository/org/codehaus/jettison/jettison/1.1/jettison-1.1.jar:/home/user/.m2/repository/com/sun/xml/bind/jaxb-impl/2.3.0.1/jaxb-impl-2.3.0.1.jar:/home/user/.m2/repository/org/codehaus/jackson/jackson-core-asl/1.9.13/jackson-core-asl-1.9.13.jar:/home/user/.m2/repository/org/codehaus/jackson/jackson-mapper-asl/1.9.13/jackson-mapper-asl-1.9.13.jar:/home/user/.m2/repository/org/codehaus/jackson/jackson-jaxrs/1.9.13/jackson-jaxrs-1.9.13.jar:/home/user/.m2/repository/org/codehaus/jackson/jackson-xc/1.9.13/jackson-xc-1.9.13.jar:/home/user/.m2/repository/com/sun/jersey/jersey-server/1.19/jersey-server-1.19.jar:/home/user/.m2/repository/commons-logging/commons-logging/1.1.3/commons-logging-1.1.3.jar:/home/user/.m2/repository/log4j/log4j/1.2.17/log4j-1.2.17.jar:/home/user/.m2/repository/commons-beanutils/commons-beanutils/1.9.4/commons-beanutils-1.9.4.jar:/home/user/.m2/repository/org/apache/commons/commons-configuration2/2.1.1/commons-configuration2-2.1.1.jar:/home/user/.m2/repository/org/apache/commons/commons-lang3/3.7/commons-lang3-3.7.jar:/home/user/.m2/repository/org/apache/commons/commons-text/1.4/commons-text-1.4.jar:/home/user/.m2/repository/org/slf4j/slf4j-api/1.7.25/slf4j-api-1.7.25.jar:/home/user/.m2/repository/org/slf4j/slf4j-log4j12/1.7.25/slf4j-log4j12-1.7.25.jar:/home/user/.m2/repository/org/apache/avro/avro/1.7.7/avro-1.7.7.jar:/home/user/.m2/repository/com/thoughtworks/paranamer/paranamer/2.3/paranamer-2.3.jar:/home/user/.m2/repository/org/xerial/snappy/snappy-java/1.0.5/snappy-java-1.0.5.jar:/home/user/.m2/repository/com/google/re2j/re2j/1.1/re2j-1.1.jar:/home/user/.m2/repository/com/google/code/gson/gson/2.2.4/gson-2.2.4.jar:/home/user/.m2/repository/org/apache/hadoop/hadoop-auth/3.2.0/hadoop-auth-3.2.0.jar:/home/user/.m2/repository/com/nimbusds/nimbus-jose-jwt/4.41.1/nimbus-jose-jwt-4.41.1.jar:/home/user/.m2/repository/com/github/stephenc/jcip/jcip-annotations/1.0-1/jcip-annotations-1.0-1.jar:/home/user/.m2/repository/net/minidev/json-smart/2.3/json-smart-2.3.jar:/home/user/.m2/repository/net/minidev/accessors-smart/1.2/accessors-smart-1.2.jar:/home/user/.m2/repository/org/apache/curator/curator-framework/2.12.0/curator-framework-2.12.0.jar:/home/user/.m2/repository/com/jcraft/jsch/0.1.54/jsch-0.1.54.jar:/home/user/.m2/repository/org/apache/curator/curator-client/2.12.0/curator-client-2.12.0.jar:/home/user/.m2/repository/org/apache/curator/curator-recipes/2.12.0/curator-recipes-2.12.0.jar:/home/user/.m2/repository/com/google/code/findbugs/jsr305/3.0.0/jsr305-3.0.0.jar:/home/user/.m2/repository/org/apache/htrace/htrace-core4/4.1.0-incubating/htrace-core4-4.1.0-incubating.jar:/home/user/.m2/repository/org/apache/zookeeper/zookeeper/3.4.13/zookeeper-3.4.13.jar:/home/user/.m2/repository/jline/jline/0.9.94/jline-0.9.94.jar:/home/user/.m2/repository/org/apache/yetus/audience-annotations/0.5.0/audience-annotations-0.5.0.jar:/home/user/.m2/repository/org/apache/kerby/kerb-simplekdc/1.0.1/kerb-simplekdc-1.0.1.jar:/home/user/.m2/repository/org/apache/kerby/kerb-client/1.0.1/kerb-client-1.0.1.jar:/home/user/.m2/repository/org/apache/kerby/kerby-config/1.0.1/kerby-config-1.0.1.jar:/home/user/.m2/repository/org/apache/kerby/kerb-core/1.0.1/kerb-core-1.0.1.jar:/home/user/.m2/repository/org/apache/kerby/kerby-pkix/1.0.1/kerby-pkix-1.0.1.jar:/home/user/.m2/repository/org/apache/kerby/kerby-asn1/1.0.1/kerby-asn1-1.0.1.jar:/home/user/.m2/repository/org/apache/kerby/kerby-util/1.0.1/kerby-util-1.0.1.jar:/home/user/.m2/repository/org/apache/kerby/kerb-common/1.0.1/kerb-common-1.0.1.jar:/home/user/.m2/repository/org/apache/kerby/kerb-crypto/1.0.1/kerb-crypto-1.0.1.jar:/home/user/.m2/repository/org/apache/kerby/kerb-util/1.0.1/kerb-util-1.0.1.jar:/home/user/.m2/repository/org/apache/kerby/token-provider/1.0.1/token-provider-1.0.1.jar:/home/user/.m2/repository/org/apache/kerby/kerb-admin/1.0.1/kerb-admin-1.0.1.jar:/home/user/.m2/repository/org/apache/kerby/kerb-server/1.0.1/kerb-server-1.0.1.jar:/home/user/.m2/repository/org/apache/kerby/kerb-identity/1.0.1/kerb-identity-1.0.1.jar:/home/user/.m2/repository/org/apache/kerby/kerby-xdr/1.0.1/kerby-xdr-1.0.1.jar:/home/user/.m2/repository/com/fasterxml/jackson/core/jackson-databind/2.9.9/jackson-databind-2.9.9.jar:/home/user/.m2/repository/com/fasterxml/jackson/core/jackson-core/2.9.9/jackson-core-2.9.9.jar:/home/user/.m2/repository/org/codehaus/woodstox/stax2-api/3.1.4/stax2-api-3.1.4.jar:/home/user/.m2/repository/com/fasterxml/woodstox/woodstox-core/5.0.3/woodstox-core-5.0.3.jar:/home/user/.m2/repository/dnsjava/dnsjava/2.1.7/dnsjava-2.1.7.jar:/home/user/.m2/repository/org/apache/hadoop/hadoop-hdfs/3.2.0/hadoop-hdfs-3.2.0.jar:/home/user/.m2/repository/org/eclipse/jetty/jetty-util-ajax/9.3.25.v20180904/jetty-util-ajax-9.3.25.v20180904.jar:/home/user/.m2/repository/commons-daemon/commons-daemon/1.0.13/commons-daemon-1.0.13.jar:/home/user/.m2/repository/io/netty/netty/3.10.5.Final/netty-3.10.5.Final.jar:/home/user/.m2/repository/io/netty/netty-all/4.0.52.Final/netty-all-4.0.52.Final.jar:/home/user/.m2/repository/org/fusesource/leveldbjni/leveldbjni-all/1.8/leveldbjni-all-1.8.jar:/home/user/.m2/repository/com/sun/xml/bind/jaxb-core/2.3.0.1/jaxb-core-2.3.0.1.jar:/home/user/.m2/repository/javax/xml/bind/jaxb-api/2.3.0/jaxb-api-2.3.0.jar:/home/user/.m2/repository/javax/activation/activation/1.1.1/activation-1.1.1.jar:/home/user/.m2/repository/org/openjdk/jmh/jmh-core/1.19/jmh-core-1.19.jar:/home/user/.m2/repository/net/sf/jopt-simple/jopt-simple/4.6/jopt-simple-4.6.jar:/home/user/.m2/repository/org/openjdk/jmh/jmh-generator-annprocess/1.19/jmh-generator-annprocess-1.19.jar:/home/user/.m2/repository/io/dropwizard/metrics/metrics-core/3.2.4/metrics-core-3.2.4.jar:/home/user/.m2/repository/com/amazonaws/aws-java-sdk-s3/1.11.615/aws-java-sdk-s3-1.11.615.jar:/home/user/.m2/repository/com/amazonaws/aws-java-sdk-kms/1.11.615/aws-java-sdk-kms-1.11.615.jar:/home/user/.m2/repository/com/amazonaws/aws-java-sdk-core/1.11.615/aws-java-sdk-core-1.11.615.jar:/home/user/.m2/repository/software/amazon/ion/ion-java/1.0.2/ion-java-1.0.2.jar:/home/user/.m2/repository/com/fasterxml/jackson/dataformat/jackson-dataformat-cbor/2.9.9/jackson-dataformat-cbor-2.9.9.jar:/home/user/.m2/repository/joda-time/joda-time/2.9.9/joda-time-2.9.9.jar:/home/user/.m2/repository/com/amazonaws/jmespath-java/1.11.615/jmespath-java-1.11.615.jar:/home/user/.m2/repository/com/github/spotbugs/spotbugs/3.1.12/spotbugs-3.1.12.jar:/home/user/.m2/repository/org/ow2/asm/asm/5.0.4/asm-5.0.4.jar:/home/user/.m2/repository/org/ow2/asm/asm-analysis/7.0/asm-analysis-7.0.jar:/home/user/.m2/repository/org/ow2/asm/asm-commons/7.0/asm-commons-7.0.jar:/home/user/.m2/repository/org/ow2/asm/asm-tree/7.0/asm-tree-7.0.jar:/home/user/.m2/repository/org/ow2/asm/asm-util/7.0/asm-util-7.0.jar:/home/user/.m2/repository/org/apache/bcel/bcel/6.3/bcel-6.3.jar:/home/user/.m2/repository/net/jcip/jcip-annotations/1.0/jcip-annotations-1.0.jar:/home/user/.m2/repository/org/dom4j/dom4j/2.1.1/dom4j-2.1.1.jar:/home/user/.m2/repository/jaxen/jaxen/1.1.6/jaxen-1.1.6.jar:/home/user/.m2/repository/commons-lang/commons-lang/2.6/commons-lang-2.6.jar:/home/user/.m2/repository/com/github/spotbugs/spotbugs-annotations/3.1.12/spotbugs-annotations-3.1.12.jar:/home/user/.m2/repository/junit/junit/4.11/junit-4.11.jar:/home/user/.m2/repository/org/hamcrest/hamcrest-core/1.3/hamcrest-core-1.3.jar:/home/user/.m2/repository/org/apache/hadoop/hadoop-common/3.2.0/hadoop-common-3.2.0-tests.jar:/workdir/hadoop-ozone/integration-test/target/test-classes:/home/user/.m2/repository/org/apache/hadoop/hadoop-ozone-s3gateway/0.5.0-SNAPSHOT/hadoop-ozone-s3gateway-0.5.0-SNAPSHOT.jar:/home/user/.m2/repository/org/jboss/weld/servlet/weld-servlet/2.4.7.Final/weld-servlet-2.4.7.Final.jar:/home/user/.m2/repository/org/glassfish/jersey/containers/jersey-container-servlet-core/2.27/jersey-container-servlet-core-2.27.jar:/home/user/.m2/repository/org/glassfish/hk2/external/javax.inject/2.5.0-b42/javax.inject-2.5.0-b42.jar:/home/user/.m2/repository/org/glassfish/jersey/core/jersey-common/2.27/jersey-common-2.27.jar:/home/user/.m2/repository/org/glassfish/hk2/osgi-resource-locator/1.0.1/osgi-resource-locator-1.0.1.jar:/home/user/.m2/repository/javax/ws/rs/javax.ws.rs-api/2.1/javax.ws.rs-api-2.1.jar:/home/user/.m2/repository/org/glassfish/jersey/ext/cdi/jersey-cdi1x/2.27/jersey-cdi1x-2.27.jar:/home/user/.m2/repository/org/glassfish/jersey/inject/jersey-hk2/2.27/jersey-hk2-2.27.jar:/home/user/.m2/repository/org/glassfish/hk2/hk2-locator/2.5.0-b42/hk2-locator-2.5.0-b42.jar:/home/user/.m2/repository/org/javassist/javassist/3.22.0-CR2/javassist-3.22.0-CR2.jar:/home/user/.m2/repository/org/glassfish/hk2/hk2-api/2.5.0/hk2-api-2.5.0.jar:/home/user/.m2/repository/org/glassfish/hk2/external/jakarta.inject/2.5.0/jakarta.inject-2.5.0.jar:/home/user/.m2/repository/org/glassfish/hk2/hk2-utils/2.5.0/hk2-utils-2.5.0.jar:/home/user/.m2/repository/jakarta/annotation/jakarta.annotation-api/1.3.4/jakarta.annotation-api-1.3.4.jar:/home/user/.m2/repository/org/glassfish/hk2/external/aopalliance-repackaged/2.5.0/aopalliance-repackaged-2.5.0.jar:/home/user/.m2/repository/com/fasterxml/jackson/dataformat/jackson-dataformat-xml/2.9.0/jackson-dataformat-xml-2.9.0.jar:/home/user/.m2/repository/com/fasterxml/jackson/module/jackson-module-jaxb-annotations/2.9.9/jackson-module-jaxb-annotations-2.9.9.jar:/home/user/.m2/repository/javax/enterprise/cdi-api/1.2/cdi-api-1.2.jar:/home/user/.m2/repository/javax/el/javax.el-api/3.0.0/javax.el-api-3.0.0.jar:/home/user/.m2/repository/javax/interceptor/javax.interceptor-api/1.2/javax.interceptor-api-1.2.jar:/home/user/.m2/repository/javax/inject/javax.inject/1/javax.inject-1.jar:/home/user/.m2/repository/org/apache/hadoop/hadoop-ozone-csi/0.5.0-SNAPSHOT/hadoop-ozone-csi-0.5.0-SNAPSHOT.jar:/home/user/.m2/repository/com/google/protobuf/protobuf-java-util/3.5.1/protobuf-java-util-3.5.1.jar:/home/user/.m2/repository/io/grpc/grpc-netty/1.17.1/grpc-netty-1.17.1.jar:/home/user/.m2/repository/io/grpc/grpc-core/1.17.1/grpc-core-1.17.1.jar:/home/user/.m2/repository/io/grpc/grpc-context/1.17.1/grpc-context-1.17.1.jar:/home/user/.m2/repository/com/google/errorprone/error_prone_annotations/2.2.0/error_prone_annotations-2.2.0.jar:/home/user/.m2/repository/org/codehaus/mojo/animal-sniffer-annotations/1.17/animal-sniffer-annotations-1.17.jar:/home/user/.m2/repository/io/opencensus/opencensus-api/0.17.0/opencensus-api-0.17.0.jar:/home/user/.m2/repository/io/opencensus/opencensus-contrib-grpc-metrics/0.17.0/opencensus-contrib-grpc-metrics-0.17.0.jar:/home/user/.m2/repository/io/netty/netty-codec-http2/4.1.30.Final/netty-codec-http2-4.1.30.Final.jar:/home/user/.m2/repository/io/netty/netty-codec-http/4.1.30.Final/netty-codec-http-4.1.30.Final.jar:/home/user/.m2/repository/io/netty/netty-codec/4.1.30.Final/netty-codec-4.1.30.Final.jar:/home/user/.m2/repository/io/netty/netty-handler/4.1.30.Final/netty-handler-4.1.30.Final.jar:/home/user/.m2/repository/io/netty/netty-handler-proxy/4.1.30.Final/netty-handler-proxy-4.1.30.Final.jar:/home/user/.m2/repository/io/netty/netty-codec-socks/4.1.30.Final/netty-codec-socks-4.1.30.Final.jar:/home/user/.m2/repository/io/netty/netty-transport-native-epoll/4.1.30.Final/netty-transport-native-epoll-4.1.30.Final.jar:/home/user/.m2/repository/io/netty/netty-common/4.1.30.Final/netty-common-4.1.30.Final.jar:/home/user/.m2/repository/io/netty/netty-buffer/4.1.30.Final/netty-buffer-4.1.30.Final.jar:/home/user/.m2/repository/io/netty/netty-transport/4.1.30.Final/netty-transport-4.1.30.Final.jar:/home/user/.m2/repository/io/netty/netty-resolver/4.1.30.Final/netty-resolver-4.1.30.Final.jar:/home/user/.m2/repository/io/netty/netty-transport-native-unix-common/4.1.30.Final/netty-transport-native-unix-common-4.1.30.Final.jar:/home/user/.m2/repository/io/grpc/grpc-protobuf/1.17.1/grpc-protobuf-1.17.1.jar:/home/user/.m2/repository/com/google/api/grpc/proto-google-common-protos/1.0.0/proto-google-common-protos-1.0.0.jar:/home/user/.m2/repository/io/grpc/grpc-protobuf-lite/1.17.1/grpc-protobuf-lite-1.17.1.jar:/home/user/.m2/repository/io/grpc/grpc-stub/1.17.1/grpc-stub-1.17.1.jar:/home/user/.m2/repository/org/apache/hadoop/hadoop-ozone-recon/0.5.0-SNAPSHOT/hadoop-ozone-recon-0.5.0-SNAPSHOT.jar:/home/user/.m2/repository/org/apache/hadoop/hadoop-ozone-reconcodegen/0.5.0-SNAPSHOT/hadoop-ozone-reconcodegen-0.5.0-SNAPSHOT.jar:/home/user/.m2/repository/com/google/inject/extensions/guice-multibindings/4.0/guice-multibindings-4.0.jar:/home/user/.m2/repository/com/google/inject/guice/4.0/guice-4.0.jar:/home/user/.m2/repository/aopalliance/aopalliance/1.0/aopalliance-1.0.jar:/home/user/.m2/repository/com/google/inject/extensions/guice-servlet/4.0/guice-servlet-4.0.jar:/home/user/.m2/repository/org/glassfish/jersey/containers/jersey-container-servlet/2.27/jersey-container-servlet-2.27.jar:/home/user/.m2/repository/org/glassfish/hk2/guice-bridge/2.5.0/guice-bridge-2.5.0.jar:/home/user/.m2/repository/org/glassfish/jersey/core/jersey-server/2.27/jersey-server-2.27.jar:/home/user/.m2/repository/org/glassfish/jersey/core/jersey-client/2.27/jersey-client-2.27.jar:/home/user/.m2/repository/org/glassfish/jersey/media/jersey-media-jaxb/2.27/jersey-media-jaxb-2.27.jar:/home/user/.m2/repository/javax/validation/validation-api/1.1.0.Final/validation-api-1.1.0.Final.jar:/home/user/.m2/repository/org/glassfish/jersey/media/jersey-media-json-jackson/2.27/jersey-media-json-jackson-2.27.jar:/home/user/.m2/repository/org/glassfish/jersey/ext/jersey-entity-filtering/2.27/jersey-entity-filtering-2.27.jar:/home/user/.m2/repository/com/google/inject/extensions/guice-assistedinject/4.0/guice-assistedinject-4.0.jar:/home/user/.m2/repository/org/jooq/jooq/3.11.10/jooq-3.11.10.jar:/home/user/.m2/repository/org/jooq/jooq-meta/3.11.10/jooq-meta-3.11.10.jar:/home/user/.m2/repository/org/jooq/jooq-codegen/3.11.10/jooq-codegen-3.11.10.jar:/home/user/.m2/repository/com/jolbox/bonecp/0.8.0.RELEASE/bonecp-0.8.0.RELEASE.jar:/home/user/.m2/repository/org/springframework/spring-jdbc/5.1.3.RELEASE/spring-jdbc-5.1.3.RELEASE.jar:/home/user/.m2/repository/org/springframework/spring-beans/5.1.3.RELEASE/spring-beans-5.1.3.RELEASE.jar:/home/user/.m2/repository/org/springframework/spring-core/5.1.3.RELEASE/spring-core-5.1.3.RELEASE.jar:/home/user/.m2/repository/org/springframework/spring-jcl/5.1.3.RELEASE/spring-jcl-5.1.3.RELEASE.jar:/home/user/.m2/repository/org/springframework/spring-tx/5.1.3.RELEASE/spring-tx-5.1.3.RELEASE.jar:/home/user/.m2/repository/org/mockito/mockito-core/2.15.0/mockito-core-2.15.0.jar:/home/user/.m2/repository/net/bytebuddy/byte-buddy/1.7.9/byte-buddy-1.7.9.jar:/home/user/.m2/repository/net/bytebuddy/byte-buddy-agent/1.7.9/byte-buddy-agent-1.7.9.jar:/home/user/.m2/repository/org/objenesis/objenesis/1.0/objenesis-1.0.jar:"/>
    <property name="sun.cpu.endian" value="little"/>
    <property name="user.home" value="/home/user"/>
    <property name="user.language" value="en"/>
    <property name="java.specification.vendor" value="Oracle Corporation"/>
    <property name="java.home" value="/usr/lib/jvm/java-1.8.0-openjdk-1.8.0.222.b10-1.el7_7.x86_64/jre"/>
    <property name="surefire.excludesFile" value="/tools/ozone-bad-unit-tests"/>
    <property name="java.security.krb5.conf" value="/workdir/hadoop-ozone/tools/target/test-classes/krb5.conf"/>
    <property name="basedir" value="/workdir/hadoop-ozone/tools"/>
    <property name="file.separator" value="/"/>
    <property name="line.separator" value="&#10;"/>
    <property name="java.vm.specification.vendor" value="Oracle Corporation"/>
    <property name="java.specification.name" value="Java Platform API Specification"/>
    <property name="java.awt.graphicsenv" value="sun.awt.X11GraphicsEnvironment"/>
    <property name="surefire.real.class.path" value="/workdir/hadoop-ozone/tools/target/surefire/surefirebooter3347851256393127861.jar"/>
    <property name="hadoop.log.dir" value="/workdir/hadoop-ozone/tools/target/log"/>
    <property name="sun.boot.class.path" value="/usr/lib/jvm/java-1.8.0-openjdk-1.8.0.222.b10-1.el7_7.x86_64/jre/lib/resources.jar:/usr/lib/jvm/java-1.8.0-openjdk-1.8.0.222.b10-1.el7_7.x86_64/jre/lib/rt.jar:/usr/lib/jvm/java-1.8.0-openjdk-1.8.0.222.b10-1.el7_7.x86_64/jre/lib/sunrsasign.jar:/usr/lib/jvm/java-1.8.0-openjdk-1.8.0.222.b10-1.el7_7.x86_64/jre/lib/jsse.jar:/usr/lib/jvm/java-1.8.0-openjdk-1.8.0.222.b10-1.el7_7.x86_64/jre/lib/jce.jar:/usr/lib/jvm/java-1.8.0-openjdk-1.8.0.222.b10-1.el7_7.x86_64/jre/lib/charsets.jar:/usr/lib/jvm/java-1.8.0-openjdk-1.8.0.222.b10-1.el7_7.x86_64/jre/lib/jfr.jar:/usr/lib/jvm/java-1.8.0-openjdk-1.8.0.222.b10-1.el7_7.x86_64/jre/classes"/>
    <property name="sun.management.compiler" value="HotSpot 64-Bit Tiered Compilers"/>
    <property name="java.runtime.version" value="1.8.0_222-b10"/>
    <property name="java.net.preferIPv4Stack" value="true"/>
    <property name="user.name" value="jenkins1000"/>
    <property name="path.separator" value=":"/>
    <property name="java.security.egd" value="file:///dev/urandom"/>
    <property name="os.version" value="3.10.0-957.12.2.el7.x86_64"/>
    <property name="java.endorsed.dirs" value="/usr/lib/jvm/java-1.8.0-openjdk-1.8.0.222.b10-1.el7_7.x86_64/jre/lib/endorsed"/>
    <property name="java.runtime.name" value="OpenJDK Runtime Environment"/>
    <property name="file.encoding" value="ANSI_X3.4-1968"/>
    <property name="java.vm.name" value="OpenJDK 64-Bit Server VM"/>
    <property name="test.build.webapps" value=""/>
    <property name="localRepository" value="/home/user/.m2/repository"/>
    <property name="java.vendor.url.bug" value="http://bugreport.sun.com/bugreport/"/>
    <property name="java.io.tmpdir" value="/tmp"/>
    <property name="require.test.libhadoop" value=""/>
    <property name="java.version" value="1.8.0_222"/>
    <property name="user.dir" value="/workdir/hadoop-ozone/tools"/>
    <property name="os.arch" value="amd64"/>
    <property name="java.vm.specification.name" value="Java Virtual Machine Specification"/>
    <property name="test.build.classes" value="/workdir/hadoop-ozone/tools/target/test-classes"/>
    <property name="java.awt.printerjob" value="sun.print.PSPrinterJob"/>
    <property name="sun.os.patch.level" value="unknown"/>
    <property name="hadoop.tmp.dir" value="/workdir/hadoop-ozone/tools/target/tmp"/>
    <property name="java.library.path" value="/usr/lib:/workdir/hadoop-ozone/tools/target/native/target/usr/local/lib:/workdir/hadoop-ozone/tools/../../hadoop-common-project/hadoop-common/target/native/target/usr/local/lib:/usr/java/packages/lib/amd64:/usr/lib64:/lib64:/lib:/usr/lib"/>
    <property name="java.vm.info" value="mixed mode"/>
    <property name="java.vendor" value="Oracle Corporation"/>
    <property name="java.vm.version" value="25.222-b10"/>
    <property name="java.ext.dirs" value="/usr/lib/jvm/java-1.8.0-openjdk-1.8.0.222.b10-1.el7_7.x86_64/jre/lib/ext:/usr/java/packages/lib/ext"/>
    <property name="sun.io.unicode.encoding" value="UnicodeLittle"/>
    <property name="java.class.version" value="52.0"/>
  </properties>
  <testcase name="validateWriteTest" classname="org.apache.hadoop.ozone.freon.TestDataValidateWithDummyContainers" time="0.001"/>
  <testcase name="ratisTestLargeKey" classname="org.apache.hadoop.ozone.freon.TestDataValidateWithDummyContainers" time="70.91">
    <error message="Allocated 0 blocks. Requested 1 blocks" type="INTERNAL_ERROR org.apache.hadoop.ozone.om.exceptions.OMException">INTERNAL_ERROR org.apache.hadoop.ozone.om.exceptions.OMException: Allocated 0 blocks. Requested 1 blocks
	at org.apache.hadoop.ozone.om.protocolPB.OzoneManagerProtocolClientSideTranslatorPB.handleError(OzoneManagerProtocolClientSideTranslatorPB.java:732)
	at org.apache.hadoop.ozone.om.protocolPB.OzoneManagerProtocolClientSideTranslatorPB.allocateBlock(OzoneManagerProtocolClientSideTranslatorPB.java:764)
	at sun.reflect.NativeMethodAccessorImpl.invoke0(Native Method)
	at sun.reflect.NativeMethodAccessorImpl.invoke(NativeMethodAccessorImpl.java:62)
	at sun.reflect.DelegatingMethodAccessorImpl.invoke(DelegatingMethodAccessorImpl.java:43)
	at java.lang.reflect.Method.invoke(Method.java:498)
	at org.apache.hadoop.hdds.tracing.TraceAllMethod.invoke(TraceAllMethod.java:66)
	at com.sun.proxy.$Proxy37.allocateBlock(Unknown Source)
	at org.apache.hadoop.ozone.client.io.BlockOutputStreamEntryPool.allocateNewBlock(BlockOutputStreamEntryPool.java:258)
	at org.apache.hadoop.ozone.client.io.BlockOutputStreamEntryPool.allocateBlockIfNeeded(BlockOutputStreamEntryPool.java:306)
	at org.apache.hadoop.ozone.client.io.KeyOutputStream.handleWrite(KeyOutputStream.java:198)
	at org.apache.hadoop.ozone.client.io.KeyOutputStream.handleRetry(KeyOutputStream.java:375)
	at org.apache.hadoop.ozone.client.io.KeyOutputStream.handleException(KeyOutputStream.java:324)
	at org.apache.hadoop.ozone.client.io.KeyOutputStream.handleWrite(KeyOutputStream.java:228)
	at org.apache.hadoop.ozone.client.io.KeyOutputStream.write(KeyOutputStream.java:190)
	at org.apache.hadoop.ozone.client.io.OzoneOutputStream.write(OzoneOutputStream.java:49)
	at org.apache.hadoop.ozone.freon.RandomKeyGenerator.createKey(RandomKeyGenerator.java:708)
	at org.apache.hadoop.ozone.freon.RandomKeyGenerator.access$1100(RandomKeyGenerator.java:88)
	at org.apache.hadoop.ozone.freon.RandomKeyGenerator$ObjectCreator.run(RandomKeyGenerator.java:615)
	at java.util.concurrent.Executors$RunnableAdapter.call(Executors.java:511)
	at java.util.concurrent.FutureTask.run(FutureTask.java:266)
	at java.util.concurrent.ThreadPoolExecutor.runWorker(ThreadPoolExecutor.java:1149)
	at java.util.concurrent.ThreadPoolExecutor$Worker.run(ThreadPoolExecutor.java:624)
	at java.lang.Thread.run(Thread.java:748)
</error>
    <system-out><![CDATA[2019-10-17 02:19:29,816 [main] INFO  freon.RandomKeyGenerator (RandomKeyGenerator.java:call(258)) - Override validateWrites to false, because hdds.container.chunk.persistdata is set to false.
2019-10-17 02:19:30,665 [main] INFO  freon.RandomKeyGenerator (RandomKeyGenerator.java:call(283)) - Number of Threads: 10
2019-10-17 02:19:30,666 [main] INFO  freon.RandomKeyGenerator (RandomKeyGenerator.java:call(288)) - Number of Volumes: 1.
2019-10-17 02:19:30,666 [main] INFO  freon.RandomKeyGenerator (RandomKeyGenerator.java:call(289)) - Number of Buckets per Volume: 1.
2019-10-17 02:19:30,666 [main] INFO  freon.RandomKeyGenerator (RandomKeyGenerator.java:call(290)) - Number of Keys per Bucket: 1.
2019-10-17 02:19:30,666 [main] INFO  freon.RandomKeyGenerator (RandomKeyGenerator.java:call(291)) - Key size: 20971520 bytes
2019-10-17 02:19:30,666 [main] INFO  freon.RandomKeyGenerator (RandomKeyGenerator.java:call(292)) - Buffer size: 4096 bytes
2019-10-17 02:19:30,666 [main] INFO  freon.RandomKeyGenerator (RandomKeyGenerator.java:call(293)) - validateWrites : false
2019-10-17 02:19:30,670 [main] INFO  freon.RandomKeyGenerator (RandomKeyGenerator.java:call(313)) - Starting progress bar Thread.

 0.00% |?                                                                                                    |  0/1 Time: 0:00:002019-10-17 02:19:30,696 [pool-73-thread-1] INFO  rpc.RpcClient (RpcClient.java:createVolume(272)) - Creating Volume: vol-0-58413, with jenkins1000 as owner.
2019-10-17 02:19:30,782 [IPC Server handler 18 on 39760] INFO  volume.OMVolumeCreateRequest (OMVolumeCreateRequest.java:validateAndUpdateCache(193)) - created volume:vol-0-58413 for user:jenkins1000
2019-10-17 02:19:30,814 [pool-73-thread-2] INFO  rpc.RpcClient (RpcClient.java:createBucket(411)) - Creating Bucket: vol-0-58413/bucket-0-14523, with Versioning false and Storage Type set to DISK and Encryption set to false 
2019-10-17 02:19:30,985 [pool-73-thread-3] INFO  impl.MetricsSystemImpl (MetricsSystemImpl.java:init(158)) - XceiverClientMetrics metrics system started (again)
2019-10-17 02:19:31,318 [pool-26-thread-1] ERROR impl.ChunkManagerImpl (ChunkManagerDummyImpl.java:writeChunk(86)) - data array does not match the length specified. DataLen: 1048576 Byte Array: 1048745
2019-10-17 02:19:31,318 [pool-26-thread-1] ERROR impl.ChunkManagerDummyImpl (ChunkManagerDummyImpl.java:writeChunk(105)) - write data failed. error: {}
org.apache.hadoop.hdds.scm.container.common.helpers.StorageContainerException: data array does not match the length specified. DataLen: 1048576 Byte Array: 1048745
	at org.apache.hadoop.ozone.container.keyvalue.impl.ChunkManagerDummyImpl.writeChunk(ChunkManagerDummyImpl.java:87)
	at org.apache.hadoop.ozone.container.keyvalue.KeyValueHandler.handleWriteChunk(KeyValueHandler.java:696)
	at org.apache.hadoop.ozone.container.keyvalue.KeyValueHandler.handle(KeyValueHandler.java:176)
	at org.apache.hadoop.ozone.container.common.impl.HddsDispatcher.dispatchRequest(HddsDispatcher.java:277)
	at org.apache.hadoop.ozone.container.common.impl.HddsDispatcher.dispatch(HddsDispatcher.java:150)
	at org.apache.hadoop.ozone.container.common.transport.server.ratis.ContainerStateMachine.dispatchCommand(ContainerStateMachine.java:415)
	at org.apache.hadoop.ozone.container.common.transport.server.ratis.ContainerStateMachine.runCommand(ContainerStateMachine.java:425)
	at org.apache.hadoop.ozone.container.common.transport.server.ratis.ContainerStateMachine.lambda$handleWriteChunk$1(ContainerStateMachine.java:460)
	at java.util.concurrent.CompletableFuture$AsyncSupply.run(CompletableFuture.java:1590)
	at java.util.concurrent.ThreadPoolExecutor.runWorker(ThreadPoolExecutor.java:1149)
	at java.util.concurrent.ThreadPoolExecutor$Worker.run(ThreadPoolExecutor.java:624)
	at java.lang.Thread.run(Thread.java:748)
2019-10-17 02:19:31,397 [pool-26-thread-1] INFO  keyvalue.KeyValueHandler (ContainerUtils.java:logAndReturnError(146)) - Operation: WriteChunk : Trace ID: 98d7cb3a23aaba20:7a07f4758274f1a5:51b115c937e00a2f:0 : Message: Internal error:  : Result: CONTAINER_INTERNAL_ERROR
2019-10-17 02:19:31,415 [EventQueue-IncrementalContainerReportForIncrementalContainerReportHandler] WARN  container.IncrementalContainerReportHandler (AbstractContainerReportHandler.java:updateContainerState(145)) - Container #1 is in OPEN state, but the datanode 5459097b-5895-44f9-a57c-1b76b0f7af13{ip: 192.168.157.194, host: pr-hdds-1868-g97gg-2149769003, networkLocation: /default-rack, certSerialId: null} reports an UNHEALTHY replica.
02:19:31.420 [pool-26-thread-1] ERROR DNAudit - user=null | ip=null | op=WRITE_CHUNK {blockData=conID: 1 locID: 102975325529505792 bcsId: 0} | ret=FAILURE
java.lang.Exception: Internal error: 
	at org.apache.hadoop.ozone.container.common.impl.HddsDispatcher.dispatchRequest(HddsDispatcher.java:332) ~[hadoop-hdds-container-service-0.5.0-SNAPSHOT.jar:?]
	at org.apache.hadoop.ozone.container.common.impl.HddsDispatcher.dispatch(HddsDispatcher.java:150) ~[hadoop-hdds-container-service-0.5.0-SNAPSHOT.jar:?]
	at org.apache.hadoop.ozone.container.common.transport.server.ratis.ContainerStateMachine.dispatchCommand(ContainerStateMachine.java:415) ~[hadoop-hdds-container-service-0.5.0-SNAPSHOT.jar:?]
	at org.apache.hadoop.ozone.container.common.transport.server.ratis.ContainerStateMachine.runCommand(ContainerStateMachine.java:425) ~[hadoop-hdds-container-service-0.5.0-SNAPSHOT.jar:?]
	at org.apache.hadoop.ozone.container.common.transport.server.ratis.ContainerStateMachine.lambda$handleWriteChunk$1(ContainerStateMachine.java:460) ~[hadoop-hdds-container-service-0.5.0-SNAPSHOT.jar:?]
	at java.util.concurrent.CompletableFuture$AsyncSupply.run(CompletableFuture.java:1590) [?:1.8.0_222]
	at java.util.concurrent.ThreadPoolExecutor.runWorker(ThreadPoolExecutor.java:1149) [?:1.8.0_222]
	at java.util.concurrent.ThreadPoolExecutor$Worker.run(ThreadPoolExecutor.java:624) [?:1.8.0_222]
	at java.lang.Thread.run(Thread.java:748) [?:1.8.0_222]
2019-10-17 02:19:31,432 [pool-26-thread-1] ERROR ratis.ContainerStateMachine (ContainerStateMachine.java:lambda$handleWriteChunk$2(482)) - group-D7585C27C4DD: writeChunk writeStateMachineData failed: blockIdcontainerID: 1
localID: 102975325529505792
blockCommitSequenceId: 0
 logIndex 1 chunkName 102975325529505792_chunk_1 Error message: Internal error:  Container Result: CONTAINER_INTERNAL_ERROR
2019-10-17 02:19:31,439 [5459097b-5895-44f9-a57c-1b76b0f7af13@group-D7585C27C4DD-SegmentedRaftLogWorker] ERROR ratis.XceiverServerRatis (XceiverServerRatis.java:triggerPipelineClose(588)) - pipeline Action CLOSE  on pipeline PipelineID=7529abe8-2273-4bbb-8e7a-d7585c27c4dd.Reason : Internal error: 
2019-10-17 02:19:31,440 [5459097b-5895-44f9-a57c-1b76b0f7af13@group-D7585C27C4DD-SegmentedRaftLogWorker] ERROR ratis.XceiverServerRatis (XceiverServerRatis.java:triggerPipelineClose(588)) - pipeline Action CLOSE  on pipeline PipelineID=7529abe8-2273-4bbb-8e7a-d7585c27c4dd.Reason : Log already failed at index 1 for task WriteLog:1: (t:1, i:1), STATEMACHINELOGENTRY, client-E7106578B2A3, cid=14
2019-10-17 02:19:31,443 [EventQueue-PipelineActionsForPipelineActionHandler] ERROR pipeline.PipelineActionHandler (PipelineActionHandler.java:onMessage(60)) - Received pipeline action CLOSE for Pipeline[ Id: 7529abe8-2273-4bbb-8e7a-d7585c27c4dd, Nodes: 5459097b-5895-44f9-a57c-1b76b0f7af13{ip: 192.168.157.194, host: pr-hdds-1868-g97gg-2149769003, networkLocation: /default-rack, certSerialId: null}f349c4dc-e0f5-43f3-b014-e61370cb1add{ip: 192.168.157.194, host: pr-hdds-1868-g97gg-2149769003, networkLocation: /default-rack, certSerialId: null}13e6f2a0-7b74-4c29-b613-54a9ac99ca5d{ip: 192.168.157.194, host: pr-hdds-1868-g97gg-2149769003, networkLocation: /default-rack, certSerialId: null}, Type:RATIS, Factor:THREE, State:OPEN] from datanode 5459097b-5895-44f9-a57c-1b76b0f7af13{ip: 192.168.157.194, host: pr-hdds-1868-g97gg-2149769003, networkLocation: /default-rack, certSerialId: null}. Reason : Internal error: 
2019-10-17 02:19:31,443 [EventQueue-PipelineActionsForPipelineActionHandler] INFO  pipeline.SCMPipelineManager (SCMPipelineManager.java:finalizeAndDestroyPipeline(315)) - destroying pipeline:Pipeline[ Id: 7529abe8-2273-4bbb-8e7a-d7585c27c4dd, Nodes: 5459097b-5895-44f9-a57c-1b76b0f7af13{ip: 192.168.157.194, host: pr-hdds-1868-g97gg-2149769003, networkLocation: /default-rack, certSerialId: null}f349c4dc-e0f5-43f3-b014-e61370cb1add{ip: 192.168.157.194, host: pr-hdds-1868-g97gg-2149769003, networkLocation: /default-rack, certSerialId: null}13e6f2a0-7b74-4c29-b613-54a9ac99ca5d{ip: 192.168.157.194, host: pr-hdds-1868-g97gg-2149769003, networkLocation: /default-rack, certSerialId: null}, Type:RATIS, Factor:THREE, State:OPEN]
2019-10-17 02:19:31,443 [EventQueue-PipelineActionsForPipelineActionHandler] INFO  pipeline.PipelineStateManager (PipelineStateManager.java:finalizePipeline(121)) - Pipeline Pipeline[ Id: 7529abe8-2273-4bbb-8e7a-d7585c27c4dd, Nodes: 5459097b-5895-44f9-a57c-1b76b0f7af13{ip: 192.168.157.194, host: pr-hdds-1868-g97gg-2149769003, networkLocation: /default-rack, certSerialId: null}f349c4dc-e0f5-43f3-b014-e61370cb1add{ip: 192.168.157.194, host: pr-hdds-1868-g97gg-2149769003, networkLocation: /default-rack, certSerialId: null}13e6f2a0-7b74-4c29-b613-54a9ac99ca5d{ip: 192.168.157.194, host: pr-hdds-1868-g97gg-2149769003, networkLocation: /default-rack, certSerialId: null}, Type:RATIS, Factor:THREE, State:CLOSED] moved to CLOSED state
2019-10-17 02:19:31,445 [EventQueue-CloseContainerForCloseContainerEventHandler] INFO  container.CloseContainerEventHandler (CloseContainerEventHandler.java:onMessage(61)) - Close container Event triggered for container : #1
2019-10-17 02:19:31,450 [EventQueue-CloseContainerForCloseContainerEventHandler] INFO  container.CloseContainerEventHandler (CloseContainerEventHandler.java:onMessage(61)) - Close container Event triggered for container : #1
2019-10-17 02:19:31,450 [EventQueue-CloseContainerForCloseContainerEventHandler] INFO  container.CloseContainerEventHandler (CloseContainerEventHandler.java:onMessage(61)) - Close container Event triggered for container : #2
2019-10-17 02:19:31,450 [EventQueue-CloseContainerForCloseContainerEventHandler] INFO  container.CloseContainerEventHandler (CloseContainerEventHandler.java:onMessage(61)) - Close container Event triggered for container : #3
 0.00% |?                                                                                                    |  0/1 Time: 0:00:012019-10-17 02:19:32,492 [Command processor thread] ERROR commandhandler.CloseContainerCommandHandler (CloseContainerCommandHandler.java:handle(84)) - Container #2 does not exist in datanode. Container close failed.
2019-10-17 02:19:32,494 [Command processor thread] ERROR commandhandler.CloseContainerCommandHandler (CloseContainerCommandHandler.java:handle(84)) - Container #2 does not exist in datanode. Container close failed.
2019-10-17 02:19:32,495 [Command processor thread] ERROR commandhandler.CloseContainerCommandHandler (CloseContainerCommandHandler.java:handle(84)) - Container #3 does not exist in datanode. Container close failed.
2019-10-17 02:19:32,495 [Command processor thread] ERROR commandhandler.CloseContainerCommandHandler (CloseContainerCommandHandler.java:handle(84)) - Container #3 does not exist in datanode. Container close failed.
 0.00% |?                                                                                                    |  0/1 Time: 0:00:022019-10-17 02:19:33,439 [Command processor thread] ERROR commandhandler.CloseContainerCommandHandler (CloseContainerCommandHandler.java:handle(84)) - Container #2 does not exist in datanode. Container close failed.
2019-10-17 02:19:33,440 [Command processor thread] ERROR commandhandler.CloseContainerCommandHandler (CloseContainerCommandHandler.java:handle(84)) - Container #3 does not exist in datanode. Container close failed.
 0.00% |?                                                                                                    |  0/1 Time: 0:00:03 0.00% |?                                                                                                    |  0/1 Time: 0:00:04 0.00% |?                                                                                                    |  0/1 Time: 0:00:05 0.00% |?                                                                                                    |  0/1 Time: 0:00:06 0.00% |?                                                                                                    |  0/1 Time: 0:00:07 0.00% |?                                                                                                    |  0/1 Time: 0:00:08 0.00% |?                                                                                                    |  0/1 Time: 0:00:09 0.00% |?                                                                                                    |  0/1 Time: 0:00:10 0.00% |?                                                                                                    |  0/1 Time: 0:00:11 0.00% |?                                                                                                    |  0/1 Time: 0:00:12 0.00% |?                                                                                                    |  0/1 Time: 0:00:13 0.00% |?                                                                                                    |  0/1 Time: 0:00:14 0.00% |?                                                                                                    |  0/1 Time: 0:00:15 0.00% |?                                                                                                    |  0/1 Time: 0:00:16 0.00% |?                                                                                                    |  0/1 Time: 0:00:17 0.00% |?                                                                                                    |  0/1 Time: 0:00:18 0.00% |?                                                                                                    |  0/1 Time: 0:00:19 0.00% |?                                                                                                    |  0/1 Time: 0:00:20 0.00% |?                                                                                                    |  0/1 Time: 0:00:21 0.00% |?                                                                                                    |  0/1 Time: 0:00:22 0.00% |?                                                                                                    |  0/1 Time: 0:00:23 0.00% |?                                                                                                    |  0/1 Time: 0:00:24 0.00% |?                                                                                                    |  0/1 Time: 0:00:25 0.00% |?                                                                                                    |  0/1 Time: 0:00:26 0.00% |?                                                                                                    |  0/1 Time: 0:00:27 0.00% |?                                                                                                    |  0/1 Time: 0:00:28 0.00% |?                                                                                                    |  0/1 Time: 0:00:29 0.00% |?                                                                                                    |  0/1 Time: 0:00:30 0.00% |?                                                                                                    |  0/1 Time: 0:00:31 0.00% |?                                                                                                    |  0/1 Time: 0:00:32 0.00% |?                                                                                                    |  0/1 Time: 0:00:33 0.00% |?                                                                                                    |  0/1 Time: 0:00:34 0.00% |?                                                                                                    |  0/1 Time: 0:00:35 0.00% |?                                                                                                    |  0/1 Time: 0:00:36 0.00% |?                                                                                                    |  0/1 Time: 0:00:37 0.00% |?                                                                                                    |  0/1 Time: 0:00:38 0.00% |?                                                                                                    |  0/1 Time: 0:00:39 0.00% |?                                                                                                    |  0/1 Time: 0:00:40 0.00% |?                                                                                                    |  0/1 Time: 0:00:41 0.00% |?                                                                                                    |  0/1 Time: 0:00:42 0.00% |?                                                                                                    |  0/1 Time: 0:00:43 0.00% |?                                                                                                    |  0/1 Time: 0:00:44 0.00% |?                                                                                                    |  0/1 Time: 0:00:45 0.00% |?                                                                                                    |  0/1 Time: 0:00:46 0.00% |?                                                                                                    |  0/1 Time: 0:00:47 0.00% |?                                                                                                    |  0/1 Time: 0:00:48 0.00% |?                                                                                                    |  0/1 Time: 0:00:49 0.00% |?                                                                                                    |  0/1 Time: 0:00:50 0.00% |?                                                                                                    |  0/1 Time: 0:00:51 0.00% |?                                                                                                    |  0/1 Time: 0:00:52 0.00% |?                                                                                                    |  0/1 Time: 0:00:53 0.00% |?                                                                                                    |  0/1 Time: 0:00:54 0.00% |?                                                                                                    |  0/1 Time: 0:00:55 0.00% |?                                                                                                    |  0/1 Time: 0:00:56 0.00% |?                                                                                                    |  0/1 Time: 0:00:57 0.00% |?                                                                                                    |  0/1 Time: 0:00:58 0.00% |?                                                                                                    |  0/1 Time: 0:00:59 0.00% |?                                                                                                    |  0/1 Time: 0:01:00 0.00% |?                                                                                                    |  0/1 Time: 0:01:01 0.00% |?                                                                                                    |  0/1 Time: 0:01:02 0.00% |?                                                                                                    |  0/1 Time: 0:01:03 0.00% |?                                                                                                    |  0/1 Time: 0:01:04 0.00% |?                                                                                                    |  0/1 Time: 0:01:05 0.00% |?                                                                                                    |  0/1 Time: 0:01:062019-10-17 02:20:37,456 [grpc-default-executor-3] INFO  impl.RaftServerProxy (RaftServerProxy.java:remove(95)) - 5459097b-5895-44f9-a57c-1b76b0f7af13: remove    LEADER 5459097b-5895-44f9-a57c-1b76b0f7af13@group-D7585C27C4DD:t1, leader=5459097b-5895-44f9-a57c-1b76b0f7af13, voted=5459097b-5895-44f9-a57c-1b76b0f7af13, raftlog=5459097b-5895-44f9-a57c-1b76b0f7af13@group-D7585C27C4DD-SegmentedRaftLog:OPENED:c0,f0,i2, conf=0: [f349c4dc-e0f5-43f3-b014-e61370cb1add:192.168.157.194:39280, 13e6f2a0-7b74-4c29-b613-54a9ac99ca5d:192.168.157.194:32860, 5459097b-5895-44f9-a57c-1b76b0f7af13:192.168.157.194:35032], old=null RUNNING
2019-10-17 02:20:37,457 [grpc-default-executor-3] INFO  impl.RaftServerImpl (RaftServerImpl.java:lambda$shutdown$3(261)) - 5459097b-5895-44f9-a57c-1b76b0f7af13@group-D7585C27C4DD: shutdown
2019-10-17 02:20:37,457 [grpc-default-executor-3] INFO  util.JmxRegister (JmxRegister.java:unregister(73)) - Successfully un-registered JMX Bean with object name Ratis:service=RaftServer,group=group-D7585C27C4DD,id=5459097b-5895-44f9-a57c-1b76b0f7af13
2019-10-17 02:20:37,458 [grpc-default-executor-3] INFO  impl.RoleInfo (RoleInfo.java:shutdownLeaderState(104)) - 5459097b-5895-44f9-a57c-1b76b0f7af13: shutdown LeaderState
2019-10-17 02:20:37,460 [org.apache.ratis.server.impl.LogAppender$AppenderDaemon$$Lambda$422/551139436@7fbb143] WARN  server.GrpcLogAppender (GrpcLogAppender.java:mayWait(149)) - 5459097b-5895-44f9-a57c-1b76b0f7af13@group-D7585C27C4DD->f349c4dc-e0f5-43f3-b014-e61370cb1add-GrpcLogAppender: Wait interrupted by java.lang.InterruptedException
2019-10-17 02:20:37,461 [grpc-default-executor-3] INFO  impl.PendingRequests (PendingRequests.java:sendNotLeaderResponses(202)) - 5459097b-5895-44f9-a57c-1b76b0f7af13@group-D7585C27C4DD-PendingRequests: sendNotLeaderResponses
2019-10-17 02:20:37,461 [org.apache.ratis.server.impl.LogAppender$AppenderDaemon$$Lambda$422/551139436@36b63210] WARN  server.GrpcLogAppender (GrpcLogAppender.java:mayWait(149)) - 5459097b-5895-44f9-a57c-1b76b0f7af13@group-D7585C27C4DD->13e6f2a0-7b74-4c29-b613-54a9ac99ca5d-GrpcLogAppender: Wait interrupted by java.lang.InterruptedException
2019-10-17 02:20:37,463 [grpc-default-executor-0] INFO  server.GrpcServerProtocolService (GrpcServerProtocolService.java:onCompleted(113)) - f349c4dc-e0f5-43f3-b014-e61370cb1add: Completed APPEND_ENTRIES, lastRequest: 5459097b-5895-44f9-a57c-1b76b0f7af13->f349c4dc-e0f5-43f3-b014-e61370cb1add#29-t1, previous=(t:1, i:2), leaderCommit=0, initializing? false, entries: <empty>
2019-10-17 02:20:37,464 [grpc-default-executor-0] INFO  server.GrpcLogAppender (GrpcLogAppender.java:onCompleted(308)) - 5459097b-5895-44f9-a57c-1b76b0f7af13@group-D7585C27C4DD->f349c4dc-e0f5-43f3-b014-e61370cb1add-AppendLogResponseHandler: follower responses appendEntries COMPLETED
2019-10-17 02:20:37,464 [grpc-default-executor-4] INFO  server.GrpcServerProtocolService (GrpcServerProtocolService.java:onCompleted(113)) - 13e6f2a0-7b74-4c29-b613-54a9ac99ca5d: Completed APPEND_ENTRIES, lastRequest: 5459097b-5895-44f9-a57c-1b76b0f7af13->13e6f2a0-7b74-4c29-b613-54a9ac99ca5d#29-t1, previous=(t:1, i:2), leaderCommit=0, initializing? false, entries: <empty>
2019-10-17 02:20:37,476 [grpc-default-executor-0] INFO  impl.FollowerInfo (FollowerInfo.java:lambda$new$0(51)) - 5459097b-5895-44f9-a57c-1b76b0f7af13@group-D7585C27C4DD->f349c4dc-e0f5-43f3-b014-e61370cb1add: nextIndex: updateUnconditionally 3 -> 2
2019-10-17 02:20:37,476 [grpc-default-executor-6] INFO  server.GrpcLogAppender (GrpcLogAppender.java:onCompleted(308)) - 5459097b-5895-44f9-a57c-1b76b0f7af13@group-D7585C27C4DD->13e6f2a0-7b74-4c29-b613-54a9ac99ca5d-AppendLogResponseHandler: follower responses appendEntries COMPLETED
2019-10-17 02:20:37,480 [grpc-default-executor-6] INFO  impl.FollowerInfo (FollowerInfo.java:lambda$new$0(51)) - 5459097b-5895-44f9-a57c-1b76b0f7af13@group-D7585C27C4DD->13e6f2a0-7b74-4c29-b613-54a9ac99ca5d: nextIndex: updateUnconditionally 3 -> 2
2019-10-17 02:20:37,484 [grpc-default-executor-3] INFO  impl.StateMachineUpdater (StateMachineUpdater.java:stopAndJoin(136)) - 5459097b-5895-44f9-a57c-1b76b0f7af13@group-D7585C27C4DD-StateMachineUpdater: set stopIndex = 0
2019-10-17 02:20:37,485 [grpc-default-executor-3] INFO  impl.RaftServerImpl (ServerState.java:close(388)) - 5459097b-5895-44f9-a57c-1b76b0f7af13@group-D7585C27C4DD: closes. applyIndex: 0
2019-10-17 02:20:37,487 [5459097b-5895-44f9-a57c-1b76b0f7af13@group-D7585C27C4DD-SegmentedRaftLogWorker] INFO  segmented.SegmentedRaftLogWorker (SegmentedRaftLogWorker.java:run(316)) - 5459097b-5895-44f9-a57c-1b76b0f7af13@group-D7585C27C4DD-SegmentedRaftLogWorker was interrupted, exiting. There are 0 tasks remaining in the queue.
2019-10-17 02:20:37,488 [grpc-default-executor-3] INFO  segmented.SegmentedRaftLogWorker (SegmentedRaftLogWorker.java:close(224)) - 5459097b-5895-44f9-a57c-1b76b0f7af13@group-D7585C27C4DD-SegmentedRaftLogWorker close()
2019-10-17 02:20:37,501 [grpc-default-executor-3] INFO  impl.RaftServerProxy (RaftServerProxy.java:remove(95)) - f349c4dc-e0f5-43f3-b014-e61370cb1add: remove  FOLLOWER f349c4dc-e0f5-43f3-b014-e61370cb1add@group-D7585C27C4DD:t1, leader=5459097b-5895-44f9-a57c-1b76b0f7af13, voted=5459097b-5895-44f9-a57c-1b76b0f7af13, raftlog=f349c4dc-e0f5-43f3-b014-e61370cb1add@group-D7585C27C4DD-SegmentedRaftLog:OPENED:c0,f2,i2, conf=0: [f349c4dc-e0f5-43f3-b014-e61370cb1add:192.168.157.194:39280, 13e6f2a0-7b74-4c29-b613-54a9ac99ca5d:192.168.157.194:32860, 5459097b-5895-44f9-a57c-1b76b0f7af13:192.168.157.194:35032], old=null RUNNING
2019-10-17 02:20:37,502 [grpc-default-executor-3] INFO  impl.RaftServerImpl (RaftServerImpl.java:lambda$shutdown$3(261)) - f349c4dc-e0f5-43f3-b014-e61370cb1add@group-D7585C27C4DD: shutdown
2019-10-17 02:20:37,502 [grpc-default-executor-3] INFO  util.JmxRegister (JmxRegister.java:unregister(73)) - Successfully un-registered JMX Bean with object name Ratis:service=RaftServer,group=group-D7585C27C4DD,id=f349c4dc-e0f5-43f3-b014-e61370cb1add
2019-10-17 02:20:37,502 [grpc-default-executor-3] INFO  impl.RoleInfo (RoleInfo.java:shutdownFollowerState(121)) - f349c4dc-e0f5-43f3-b014-e61370cb1add: shutdown FollowerState
2019-10-17 02:20:37,502 [grpc-default-executor-3] INFO  impl.StateMachineUpdater (StateMachineUpdater.java:stopAndJoin(136)) - f349c4dc-e0f5-43f3-b014-e61370cb1add@group-D7585C27C4DD-StateMachineUpdater: set stopIndex = 0
2019-10-17 02:20:37,502 [Thread-348] INFO  impl.FollowerState (FollowerState.java:run(117)) - f349c4dc-e0f5-43f3-b014-e61370cb1add@group-D7585C27C4DD-FollowerState was interrupted: java.lang.InterruptedException: sleep interrupted
2019-10-17 02:20:37,503 [grpc-default-executor-3] INFO  impl.RaftServerImpl (ServerState.java:close(388)) - f349c4dc-e0f5-43f3-b014-e61370cb1add@group-D7585C27C4DD: closes. applyIndex: 0
2019-10-17 02:20:37,503 [f349c4dc-e0f5-43f3-b014-e61370cb1add@group-D7585C27C4DD-SegmentedRaftLogWorker] INFO  segmented.SegmentedRaftLogWorker (SegmentedRaftLogWorker.java:run(316)) - f349c4dc-e0f5-43f3-b014-e61370cb1add@group-D7585C27C4DD-SegmentedRaftLogWorker was interrupted, exiting. There are 0 tasks remaining in the queue.
2019-10-17 02:20:37,504 [grpc-default-executor-3] INFO  segmented.SegmentedRaftLogWorker (SegmentedRaftLogWorker.java:close(224)) - f349c4dc-e0f5-43f3-b014-e61370cb1add@group-D7585C27C4DD-SegmentedRaftLogWorker close()
2019-10-17 02:20:37,558 [grpc-default-executor-3] INFO  interfaces.Container (KeyValueContainer.java:flushAndSyncDB(386)) - Container 1 is synced with bcsId 0.
2019-10-17 02:20:37,558 [grpc-default-executor-3] INFO  interfaces.Container (KeyValueContainer.java:flushAndSyncDB(386)) - Container 1 is synced with bcsId 0.
2019-10-17 02:20:37,576 [EventQueue-IncrementalContainerReportForIncrementalContainerReportHandler] INFO  container.IncrementalContainerReportHandler (AbstractContainerReportHandler.java:updateContainerState(171)) - Moving container #1 to QUASI_CLOSED state, datanode f349c4dc-e0f5-43f3-b014-e61370cb1add{ip: 192.168.157.194, host: pr-hdds-1868-g97gg-2149769003, networkLocation: /default-rack, certSerialId: null} reported QUASI_CLOSED replica.
2019-10-17 02:20:37,581 [grpc-default-executor-3] INFO  impl.RaftServerProxy (RaftServerProxy.java:remove(95)) - 13e6f2a0-7b74-4c29-b613-54a9ac99ca5d: remove  FOLLOWER 13e6f2a0-7b74-4c29-b613-54a9ac99ca5d@group-D7585C27C4DD:t1, leader=5459097b-5895-44f9-a57c-1b76b0f7af13, voted=5459097b-5895-44f9-a57c-1b76b0f7af13, raftlog=13e6f2a0-7b74-4c29-b613-54a9ac99ca5d@group-D7585C27C4DD-SegmentedRaftLog:OPENED:c0,f2,i2, conf=0: [f349c4dc-e0f5-43f3-b014-e61370cb1add:192.168.157.194:39280, 13e6f2a0-7b74-4c29-b613-54a9ac99ca5d:192.168.157.194:32860, 5459097b-5895-44f9-a57c-1b76b0f7af13:192.168.157.194:35032], old=null RUNNING
2019-10-17 02:20:37,581 [grpc-default-executor-3] INFO  impl.RaftServerImpl (RaftServerImpl.java:lambda$shutdown$3(261)) - 13e6f2a0-7b74-4c29-b613-54a9ac99ca5d@group-D7585C27C4DD: shutdown
2019-10-17 02:20:37,581 [grpc-default-executor-3] INFO  util.JmxRegister (JmxRegister.java:unregister(73)) - Successfully un-registered JMX Bean with object name Ratis:service=RaftServer,group=group-D7585C27C4DD,id=13e6f2a0-7b74-4c29-b613-54a9ac99ca5d
2019-10-17 02:20:37,582 [grpc-default-executor-3] INFO  impl.RoleInfo (RoleInfo.java:shutdownFollowerState(121)) - 13e6f2a0-7b74-4c29-b613-54a9ac99ca5d: shutdown FollowerState
2019-10-17 02:20:37,582 [grpc-default-executor-3] INFO  impl.StateMachineUpdater (StateMachineUpdater.java:stopAndJoin(136)) - 13e6f2a0-7b74-4c29-b613-54a9ac99ca5d@group-D7585C27C4DD-StateMachineUpdater: set stopIndex = 0
2019-10-17 02:20:37,582 [Thread-347] INFO  impl.FollowerState (FollowerState.java:run(117)) - 13e6f2a0-7b74-4c29-b613-54a9ac99ca5d@group-D7585C27C4DD-FollowerState was interrupted: java.lang.InterruptedException: sleep interrupted
2019-10-17 02:20:37,583 [grpc-default-executor-3] INFO  impl.RaftServerImpl (ServerState.java:close(388)) - 13e6f2a0-7b74-4c29-b613-54a9ac99ca5d@group-D7585C27C4DD: closes. applyIndex: 0
2019-10-17 02:20:37,583 [13e6f2a0-7b74-4c29-b613-54a9ac99ca5d@group-D7585C27C4DD-SegmentedRaftLogWorker] INFO  segmented.SegmentedRaftLogWorker (SegmentedRaftLogWorker.java:run(316)) - 13e6f2a0-7b74-4c29-b613-54a9ac99ca5d@group-D7585C27C4DD-SegmentedRaftLogWorker was interrupted, exiting. There are 0 tasks remaining in the queue.
2019-10-17 02:20:37,584 [grpc-default-executor-3] INFO  segmented.SegmentedRaftLogWorker (SegmentedRaftLogWorker.java:close(224)) - 13e6f2a0-7b74-4c29-b613-54a9ac99ca5d@group-D7585C27C4DD-SegmentedRaftLogWorker close()
2019-10-17 02:20:37,646 [grpc-default-executor-3] INFO  interfaces.Container (KeyValueContainer.java:flushAndSyncDB(386)) - Container 1 is synced with bcsId 0.
2019-10-17 02:20:37,646 [grpc-default-executor-3] INFO  interfaces.Container (KeyValueContainer.java:flushAndSyncDB(386)) - Container 1 is synced with bcsId 0.
2019-10-17 02:20:37,664 [RatisPipelineUtilsThread] INFO  pipeline.PipelineStateManager (PipelineStateManager.java:removePipeline(106)) - Pipeline Pipeline[ Id: 7529abe8-2273-4bbb-8e7a-d7585c27c4dd, Nodes: 5459097b-5895-44f9-a57c-1b76b0f7af13{ip: 192.168.157.194, host: pr-hdds-1868-g97gg-2149769003, networkLocation: /default-rack, certSerialId: null}f349c4dc-e0f5-43f3-b014-e61370cb1add{ip: 192.168.157.194, host: pr-hdds-1868-g97gg-2149769003, networkLocation: /default-rack, certSerialId: null}13e6f2a0-7b74-4c29-b613-54a9ac99ca5d{ip: 192.168.157.194, host: pr-hdds-1868-g97gg-2149769003, networkLocation: /default-rack, certSerialId: null}, Type:RATIS, Factor:THREE, State:CLOSED] removed from db
2019-10-17 02:20:37,680 [grpc-default-executor-6] INFO  impl.RaftServerProxy (RaftServerProxy.java:addNew(89)) - f349c4dc-e0f5-43f3-b014-e61370cb1add: addNew group-D7C8F5BEB75A:[f349c4dc-e0f5-43f3-b014-e61370cb1add:192.168.157.194:39280, 13e6f2a0-7b74-4c29-b613-54a9ac99ca5d:192.168.157.194:32860, 5459097b-5895-44f9-a57c-1b76b0f7af13:192.168.157.194:35032] returns group-D7C8F5BEB75A:java.util.concurrent.CompletableFuture@6ad9abaf[Not completed]
2019-10-17 02:20:37,680 [grpc-default-executor-0] INFO  impl.RaftServerProxy (RaftServerProxy.java:addNew(89)) - 13e6f2a0-7b74-4c29-b613-54a9ac99ca5d: addNew group-D7C8F5BEB75A:[f349c4dc-e0f5-43f3-b014-e61370cb1add:192.168.157.194:39280, 13e6f2a0-7b74-4c29-b613-54a9ac99ca5d:192.168.157.194:32860, 5459097b-5895-44f9-a57c-1b76b0f7af13:192.168.157.194:35032] returns group-D7C8F5BEB75A:java.util.concurrent.CompletableFuture@61d05818[Not completed]
2019-10-17 02:20:37,682 [grpc-default-executor-0] INFO  impl.RaftServerProxy (RaftServerProxy.java:addNew(89)) - 5459097b-5895-44f9-a57c-1b76b0f7af13: addNew group-D7C8F5BEB75A:[f349c4dc-e0f5-43f3-b014-e61370cb1add:192.168.157.194:39280, 13e6f2a0-7b74-4c29-b613-54a9ac99ca5d:192.168.157.194:32860, 5459097b-5895-44f9-a57c-1b76b0f7af13:192.168.157.194:35032] returns group-D7C8F5BEB75A:java.util.concurrent.CompletableFuture@5c23f72[Not completed]
2019-10-17 02:20:37,683 [pool-47-thread-1] INFO  impl.RaftServerImpl (RaftServerImpl.java:<init>(104)) - f349c4dc-e0f5-43f3-b014-e61370cb1add: new RaftServerImpl for group-D7C8F5BEB75A:[f349c4dc-e0f5-43f3-b014-e61370cb1add:192.168.157.194:39280, 13e6f2a0-7b74-4c29-b613-54a9ac99ca5d:192.168.157.194:32860, 5459097b-5895-44f9-a57c-1b76b0f7af13:192.168.157.194:35032] with ContainerStateMachine:uninitialized
2019-10-17 02:20:37,683 [pool-47-thread-1] INFO  server.RaftServerConfigKeys (ConfUtils.java:logGet(43)) - raft.server.rpc.timeout.min = 5s (custom)
2019-10-17 02:20:37,683 [pool-47-thread-1] INFO  server.RaftServerConfigKeys (ConfUtils.java:logGet(43)) - raft.server.rpc.timeout.max = 5200ms (custom)
2019-10-17 02:20:37,683 [pool-47-thread-1] INFO  server.RaftServerConfigKeys (ConfUtils.java:logGet(43)) - raft.server.rpcslowness.timeout = 120s (custom)
2019-10-17 02:20:37,683 [pool-47-thread-1] INFO  server.RaftServerConfigKeys (ConfUtils.java:logGet(43)) - raft.server.sleep.deviation.threshold = 300 (default)
2019-10-17 02:20:37,684 [pool-47-thread-1] INFO  server.RaftServerConfigKeys (ConfUtils.java:logGet(43)) - raft.server.log.appender.install.snapshot.enabled = false (custom)
2019-10-17 02:20:37,684 [pool-47-thread-1] INFO  impl.RaftServerImpl (ServerState.java:<init>(103)) - f349c4dc-e0f5-43f3-b014-e61370cb1add@group-D7C8F5BEB75A: ConfigurationManager, init=-1: [f349c4dc-e0f5-43f3-b014-e61370cb1add:192.168.157.194:39280, 13e6f2a0-7b74-4c29-b613-54a9ac99ca5d:192.168.157.194:32860, 5459097b-5895-44f9-a57c-1b76b0f7af13:192.168.157.194:35032], old=null, confs=<EMPTY_MAP>
2019-10-17 02:20:37,684 [pool-27-thread-1] INFO  impl.RaftServerImpl (RaftServerImpl.java:<init>(104)) - 5459097b-5895-44f9-a57c-1b76b0f7af13: new RaftServerImpl for group-D7C8F5BEB75A:[f349c4dc-e0f5-43f3-b014-e61370cb1add:192.168.157.194:39280, 13e6f2a0-7b74-4c29-b613-54a9ac99ca5d:192.168.157.194:32860, 5459097b-5895-44f9-a57c-1b76b0f7af13:192.168.157.194:35032] with ContainerStateMachine:uninitialized
2019-10-17 02:20:37,684 [pool-47-thread-1] INFO  server.RaftServerConfigKeys (ConfUtils.java:logGet(43)) - raft.server.storage.dir = [/workdir/hadoop-ozone/tools/target/test-dir/MiniOzoneClusterImpl-1621c73c-e138-4460-b72a-fef3cb598a20/datanode-2/data/ratis] (custom)
2019-10-17 02:20:37,684 [pool-27-thread-1] INFO  server.RaftServerConfigKeys (ConfUtils.java:logGet(43)) - raft.server.rpc.timeout.min = 5s (custom)
2019-10-17 02:20:37,684 [pool-27-thread-1] INFO  server.RaftServerConfigKeys (ConfUtils.java:logGet(43)) - raft.server.rpc.timeout.max = 5200ms (custom)
2019-10-17 02:20:37,684 [pool-47-thread-1] INFO  server.RaftServerConfigKeys (ConfUtils.java:logGet(43)) - raft.server.log.corruption.policy = EXCEPTION (default)
2019-10-17 02:20:37,684 [pool-27-thread-1] INFO  server.RaftServerConfigKeys (ConfUtils.java:logGet(43)) - raft.server.rpcslowness.timeout = 120s (custom)
2019-10-17 02:20:37,684 [pool-27-thread-1] INFO  server.RaftServerConfigKeys (ConfUtils.java:logGet(43)) - raft.server.sleep.deviation.threshold = 300 (default)
2019-10-17 02:20:37,684 [pool-47-thread-1] INFO  storage.RaftStorageDirectory (RaftStorageDirectory.java:analyzeStorage(246)) - The storage directory /workdir/hadoop-ozone/tools/target/test-dir/MiniOzoneClusterImpl-1621c73c-e138-4460-b72a-fef3cb598a20/datanode-2/data/ratis/82967e71-bcdb-463f-a028-d7c8f5beb75a does not exist. Creating ...
2019-10-17 02:20:37,685 [pool-27-thread-1] INFO  server.RaftServerConfigKeys (ConfUtils.java:logGet(43)) - raft.server.log.appender.install.snapshot.enabled = false (custom)
2019-10-17 02:20:37,685 [pool-27-thread-1] INFO  impl.RaftServerImpl (ServerState.java:<init>(103)) - 5459097b-5895-44f9-a57c-1b76b0f7af13@group-D7C8F5BEB75A: ConfigurationManager, init=-1: [f349c4dc-e0f5-43f3-b014-e61370cb1add:192.168.157.194:39280, 13e6f2a0-7b74-4c29-b613-54a9ac99ca5d:192.168.157.194:32860, 5459097b-5895-44f9-a57c-1b76b0f7af13:192.168.157.194:35032], old=null, confs=<EMPTY_MAP>
2019-10-17 02:20:37,685 [pool-37-thread-1] INFO  impl.RaftServerImpl (RaftServerImpl.java:<init>(104)) - 13e6f2a0-7b74-4c29-b613-54a9ac99ca5d: new RaftServerImpl for group-D7C8F5BEB75A:[f349c4dc-e0f5-43f3-b014-e61370cb1add:192.168.157.194:39280, 13e6f2a0-7b74-4c29-b613-54a9ac99ca5d:192.168.157.194:32860, 5459097b-5895-44f9-a57c-1b76b0f7af13:192.168.157.194:35032] with ContainerStateMachine:uninitialized
2019-10-17 02:20:37,685 [pool-27-thread-1] INFO  server.RaftServerConfigKeys (ConfUtils.java:logGet(43)) - raft.server.storage.dir = [/workdir/hadoop-ozone/tools/target/test-dir/MiniOzoneClusterImpl-1621c73c-e138-4460-b72a-fef3cb598a20/datanode-0/data/ratis] (custom)
2019-10-17 02:20:37,685 [pool-37-thread-1] INFO  server.RaftServerConfigKeys (ConfUtils.java:logGet(43)) - raft.server.rpc.timeout.min = 5s (custom)
2019-10-17 02:20:37,685 [pool-27-thread-1] INFO  server.RaftServerConfigKeys (ConfUtils.java:logGet(43)) - raft.server.log.corruption.policy = EXCEPTION (default)
2019-10-17 02:20:37,685 [pool-37-thread-1] INFO  server.RaftServerConfigKeys (ConfUtils.java:logGet(43)) - raft.server.rpc.timeout.max = 5200ms (custom)
2019-10-17 02:20:37,685 [pool-27-thread-1] INFO  storage.RaftStorageDirectory (RaftStorageDirectory.java:analyzeStorage(246)) - The storage directory /workdir/hadoop-ozone/tools/target/test-dir/MiniOzoneClusterImpl-1621c73c-e138-4460-b72a-fef3cb598a20/datanode-0/data/ratis/82967e71-bcdb-463f-a028-d7c8f5beb75a does not exist. Creating ...
2019-10-17 02:20:37,686 [pool-37-thread-1] INFO  server.RaftServerConfigKeys (ConfUtils.java:logGet(43)) - raft.server.rpcslowness.timeout = 120s (custom)
2019-10-17 02:20:37,686 [pool-37-thread-1] INFO  server.RaftServerConfigKeys (ConfUtils.java:logGet(43)) - raft.server.sleep.deviation.threshold = 300 (default)
2019-10-17 02:20:37,686 [pool-37-thread-1] INFO  server.RaftServerConfigKeys (ConfUtils.java:logGet(43)) - raft.server.log.appender.install.snapshot.enabled = false (custom)
2019-10-17 02:20:37,686 [pool-37-thread-1] INFO  impl.RaftServerImpl (ServerState.java:<init>(103)) - 13e6f2a0-7b74-4c29-b613-54a9ac99ca5d@group-D7C8F5BEB75A: ConfigurationManager, init=-1: [f349c4dc-e0f5-43f3-b014-e61370cb1add:192.168.157.194:39280, 13e6f2a0-7b74-4c29-b613-54a9ac99ca5d:192.168.157.194:32860, 5459097b-5895-44f9-a57c-1b76b0f7af13:192.168.157.194:35032], old=null, confs=<EMPTY_MAP>
2019-10-17 02:20:37,686 [pool-37-thread-1] INFO  server.RaftServerConfigKeys (ConfUtils.java:logGet(43)) - raft.server.storage.dir = [/workdir/hadoop-ozone/tools/target/test-dir/MiniOzoneClusterImpl-1621c73c-e138-4460-b72a-fef3cb598a20/datanode-1/data/ratis] (custom)
2019-10-17 02:20:37,687 [pool-37-thread-1] INFO  server.RaftServerConfigKeys (ConfUtils.java:logGet(43)) - raft.server.log.corruption.policy = EXCEPTION (default)
2019-10-17 02:20:37,687 [pool-37-thread-1] INFO  storage.RaftStorageDirectory (RaftStorageDirectory.java:analyzeStorage(246)) - The storage directory /workdir/hadoop-ozone/tools/target/test-dir/MiniOzoneClusterImpl-1621c73c-e138-4460-b72a-fef3cb598a20/datanode-1/data/ratis/82967e71-bcdb-463f-a028-d7c8f5beb75a does not exist. Creating ...
2019-10-17 02:20:37,698 [pool-27-thread-1] INFO  storage.RaftStorageDirectory (RaftStorageDirectory.java:tryLock(328)) - Lock on /workdir/hadoop-ozone/tools/target/test-dir/MiniOzoneClusterImpl-1621c73c-e138-4460-b72a-fef3cb598a20/datanode-0/data/ratis/82967e71-bcdb-463f-a028-d7c8f5beb75a/in_use.lock acquired by nodename 9225@pr-hdds-1868-g97gg-2149769003
2019-10-17 02:20:37,698 [pool-37-thread-1] INFO  storage.RaftStorageDirectory (RaftStorageDirectory.java:tryLock(328)) - Lock on /workdir/hadoop-ozone/tools/target/test-dir/MiniOzoneClusterImpl-1621c73c-e138-4460-b72a-fef3cb598a20/datanode-1/data/ratis/82967e71-bcdb-463f-a028-d7c8f5beb75a/in_use.lock acquired by nodename 9225@pr-hdds-1868-g97gg-2149769003
2019-10-17 02:20:37,698 [pool-47-thread-1] INFO  storage.RaftStorageDirectory (RaftStorageDirectory.java:tryLock(328)) - Lock on /workdir/hadoop-ozone/tools/target/test-dir/MiniOzoneClusterImpl-1621c73c-e138-4460-b72a-fef3cb598a20/datanode-2/data/ratis/82967e71-bcdb-463f-a028-d7c8f5beb75a/in_use.lock acquired by nodename 9225@pr-hdds-1868-g97gg-2149769003
 0.00% |?                                                                                                    |  0/1 Time: 0:01:072019-10-17 02:20:37,712 [pool-47-thread-1] INFO  storage.RaftStorage (RaftStorage.java:format(84)) - Storage directory /workdir/hadoop-ozone/tools/target/test-dir/MiniOzoneClusterImpl-1621c73c-e138-4460-b72a-fef3cb598a20/datanode-2/data/ratis/82967e71-bcdb-463f-a028-d7c8f5beb75a has been successfully formatted.
2019-10-17 02:20:37,712 [pool-27-thread-1] INFO  storage.RaftStorage (RaftStorage.java:format(84)) - Storage directory /workdir/hadoop-ozone/tools/target/test-dir/MiniOzoneClusterImpl-1621c73c-e138-4460-b72a-fef3cb598a20/datanode-0/data/ratis/82967e71-bcdb-463f-a028-d7c8f5beb75a has been successfully formatted.
2019-10-17 02:20:37,712 [pool-37-thread-1] INFO  storage.RaftStorage (RaftStorage.java:format(84)) - Storage directory /workdir/hadoop-ozone/tools/target/test-dir/MiniOzoneClusterImpl-1621c73c-e138-4460-b72a-fef3cb598a20/datanode-1/data/ratis/82967e71-bcdb-463f-a028-d7c8f5beb75a has been successfully formatted.
2019-10-17 02:20:37,712 [pool-47-thread-1] INFO  ratis.ContainerStateMachine (ContainerStateMachine.java:loadSnapshot(233)) - group-D7C8F5BEB75A: The snapshot info is null. Setting the last applied indexto:(t:0, i:~)
2019-10-17 02:20:37,712 [pool-27-thread-1] INFO  ratis.ContainerStateMachine (ContainerStateMachine.java:loadSnapshot(233)) - group-D7C8F5BEB75A: The snapshot info is null. Setting the last applied indexto:(t:0, i:~)
2019-10-17 02:20:37,713 [pool-47-thread-1] INFO  server.RaftServerConfigKeys (ConfUtils.java:logGet(43)) - raft.server.notification.no-leader.timeout = 120s (custom)
2019-10-17 02:20:37,712 [pool-37-thread-1] INFO  ratis.ContainerStateMachine (ContainerStateMachine.java:loadSnapshot(233)) - group-D7C8F5BEB75A: The snapshot info is null. Setting the last applied indexto:(t:0, i:~)
2019-10-17 02:20:37,713 [pool-47-thread-1] INFO  server.RaftServerConfigKeys (ConfUtils.java:logGet(43)) - raft.server.log.use.memory = false (default)
2019-10-17 02:20:37,713 [pool-27-thread-1] INFO  server.RaftServerConfigKeys (ConfUtils.java:logGet(43)) - raft.server.notification.no-leader.timeout = 120s (custom)
2019-10-17 02:20:37,713 [pool-47-thread-1] INFO  server.RaftServerConfigKeys (ConfUtils.java:logGet(43)) - raft.server.log.purge.gap = 1000000 (custom)
2019-10-17 02:20:37,713 [pool-37-thread-1] INFO  server.RaftServerConfigKeys (ConfUtils.java:logGet(43)) - raft.server.notification.no-leader.timeout = 120s (custom)
2019-10-17 02:20:37,713 [pool-47-thread-1] INFO  server.RaftServerConfigKeys (ConfUtils.java:logGet(43)) - raft.server.log.appender.buffer.byte-limit = 33554432 (custom)
2019-10-17 02:20:37,713 [pool-27-thread-1] INFO  server.RaftServerConfigKeys (ConfUtils.java:logGet(43)) - raft.server.log.use.memory = false (default)
2019-10-17 02:20:37,713 [pool-47-thread-1] INFO  server.RaftServerConfigKeys (ConfUtils.java:logGet(43)) - raft.server.log.segment.size.max = 1048576 (custom)
2019-10-17 02:20:37,713 [pool-37-thread-1] INFO  server.RaftServerConfigKeys (ConfUtils.java:logGet(43)) - raft.server.log.use.memory = false (default)
2019-10-17 02:20:37,714 [pool-47-thread-1] INFO  server.RaftServerConfigKeys (ConfUtils.java:logGet(43)) - raft.server.log.segment.cache.num.max = 2 (custom)
2019-10-17 02:20:37,714 [pool-27-thread-1] INFO  server.RaftServerConfigKeys (ConfUtils.java:logGet(43)) - raft.server.log.purge.gap = 1000000 (custom)
2019-10-17 02:20:37,714 [pool-47-thread-1] INFO  segmented.SegmentedRaftLogWorker (SegmentedRaftLogWorker.java:<init>(173)) - new f349c4dc-e0f5-43f3-b014-e61370cb1add@group-D7C8F5BEB75A-SegmentedRaftLogWorker for RaftStorage:Storage Directory /workdir/hadoop-ozone/tools/target/test-dir/MiniOzoneClusterImpl-1621c73c-e138-4460-b72a-fef3cb598a20/datanode-2/data/ratis/82967e71-bcdb-463f-a028-d7c8f5beb75a
2019-10-17 02:20:37,714 [pool-37-thread-1] INFO  server.RaftServerConfigKeys (ConfUtils.java:logGet(43)) - raft.server.log.purge.gap = 1000000 (custom)
2019-10-17 02:20:37,714 [pool-47-thread-1] INFO  server.RaftServerConfigKeys (ConfUtils.java:logGet(43)) - raft.server.log.queue.byte-limit = 2147483647 (custom)
2019-10-17 02:20:37,714 [pool-27-thread-1] INFO  server.RaftServerConfigKeys (ConfUtils.java:logGet(43)) - raft.server.log.appender.buffer.byte-limit = 33554432 (custom)
2019-10-17 02:20:37,714 [pool-47-thread-1] INFO  server.RaftServerConfigKeys (ConfUtils.java:logGet(43)) - raft.server.log.queue.element-limit = 1024 (custom)
2019-10-17 02:20:37,714 [pool-37-thread-1] INFO  server.RaftServerConfigKeys (ConfUtils.java:logGet(43)) - raft.server.log.appender.buffer.byte-limit = 33554432 (custom)
2019-10-17 02:20:37,714 [pool-47-thread-1] INFO  server.RaftServerConfigKeys (ConfUtils.java:logGet(43)) - raft.server.log.segment.size.max = 1048576 (custom)
2019-10-17 02:20:37,714 [pool-27-thread-1] INFO  server.RaftServerConfigKeys (ConfUtils.java:logGet(43)) - raft.server.log.segment.size.max = 1048576 (custom)
2019-10-17 02:20:37,715 [pool-47-thread-1] INFO  server.RaftServerConfigKeys (ConfUtils.java:logGet(43)) - raft.server.log.preallocated.size = 16384 (custom)
2019-10-17 02:20:37,715 [pool-37-thread-1] INFO  server.RaftServerConfigKeys (ConfUtils.java:logGet(43)) - raft.server.log.segment.size.max = 1048576 (custom)
2019-10-17 02:20:37,715 [pool-47-thread-1] INFO  server.RaftServerConfigKeys (ConfUtils.java:logGet(43)) - raft.server.log.write.buffer.size = 33554432 (custom)
2019-10-17 02:20:37,715 [pool-27-thread-1] INFO  server.RaftServerConfigKeys (ConfUtils.java:logGet(43)) - raft.server.log.segment.cache.num.max = 2 (custom)
2019-10-17 02:20:37,715 [pool-47-thread-1] INFO  server.RaftServerConfigKeys (ConfUtils.java:logGet(43)) - raft.server.log.force.sync.num = 128 (default)
2019-10-17 02:20:37,715 [pool-37-thread-1] INFO  server.RaftServerConfigKeys (ConfUtils.java:logGet(43)) - raft.server.log.segment.cache.num.max = 2 (custom)
2019-10-17 02:20:37,715 [pool-47-thread-1] INFO  server.RaftServerConfigKeys (ConfUtils.java:logGet(43)) - raft.server.log.statemachine.data.sync = true (default)
2019-10-17 02:20:37,715 [pool-27-thread-1] INFO  segmented.SegmentedRaftLogWorker (SegmentedRaftLogWorker.java:<init>(173)) - new 5459097b-5895-44f9-a57c-1b76b0f7af13@group-D7C8F5BEB75A-SegmentedRaftLogWorker for RaftStorage:Storage Directory /workdir/hadoop-ozone/tools/target/test-dir/MiniOzoneClusterImpl-1621c73c-e138-4460-b72a-fef3cb598a20/datanode-0/data/ratis/82967e71-bcdb-463f-a028-d7c8f5beb75a
2019-10-17 02:20:37,715 [pool-47-thread-1] INFO  server.RaftServerConfigKeys (ConfUtils.java:logGet(43)) - raft.server.log.statemachine.data.sync.timeout = 10s (default)
2019-10-17 02:20:37,715 [pool-37-thread-1] INFO  segmented.SegmentedRaftLogWorker (SegmentedRaftLogWorker.java:<init>(173)) - new 13e6f2a0-7b74-4c29-b613-54a9ac99ca5d@group-D7C8F5BEB75A-SegmentedRaftLogWorker for RaftStorage:Storage Directory /workdir/hadoop-ozone/tools/target/test-dir/MiniOzoneClusterImpl-1621c73c-e138-4460-b72a-fef3cb598a20/datanode-1/data/ratis/82967e71-bcdb-463f-a028-d7c8f5beb75a
2019-10-17 02:20:37,716 [pool-47-thread-1] INFO  server.RaftServerConfigKeys (ConfUtils.java:logGet(43)) - raft.server.log.statemachine.data.sync.timeout.retry = -1 (default)
2019-10-17 02:20:37,716 [pool-27-thread-1] INFO  server.RaftServerConfigKeys (ConfUtils.java:logGet(43)) - raft.server.log.queue.byte-limit = 2147483647 (custom)
2019-10-17 02:20:37,716 [pool-37-thread-1] INFO  server.RaftServerConfigKeys (ConfUtils.java:logGet(43)) - raft.server.log.queue.byte-limit = 2147483647 (custom)
2019-10-17 02:20:37,716 [pool-27-thread-1] INFO  server.RaftServerConfigKeys (ConfUtils.java:logGet(43)) - raft.server.log.queue.element-limit = 1024 (custom)
2019-10-17 02:20:37,716 [pool-47-thread-1] INFO  server.RaftServerConfigKeys (ConfUtils.java:logGet(43)) - raft.server.log.statemachine.data.caching.enabled = true (custom)
2019-10-17 02:20:37,716 [pool-27-thread-1] INFO  server.RaftServerConfigKeys (ConfUtils.java:logGet(43)) - raft.server.log.segment.size.max = 1048576 (custom)
2019-10-17 02:20:37,716 [pool-37-thread-1] INFO  server.RaftServerConfigKeys (ConfUtils.java:logGet(43)) - raft.server.log.queue.element-limit = 1024 (custom)
2019-10-17 02:20:37,717 [pool-47-thread-1] INFO  segmented.SegmentedRaftLogWorker (SegmentedRaftLogWorker.java:lambda$new$0(128)) - f349c4dc-e0f5-43f3-b014-e61370cb1add@group-D7C8F5BEB75A-SegmentedRaftLogWorker: flushIndex: setUnconditionally 0 -> -1
2019-10-17 02:20:37,716 [pool-27-thread-1] INFO  server.RaftServerConfigKeys (ConfUtils.java:logGet(43)) - raft.server.log.preallocated.size = 16384 (custom)
2019-10-17 02:20:37,717 [pool-37-thread-1] INFO  server.RaftServerConfigKeys (ConfUtils.java:logGet(43)) - raft.server.log.segment.size.max = 1048576 (custom)
2019-10-17 02:20:37,717 [pool-47-thread-1] INFO  server.RaftServerConfigKeys (ConfUtils.java:logGet(43)) - raft.server.snapshot.auto.trigger.enabled = true (custom)
2019-10-17 02:20:37,717 [pool-27-thread-1] INFO  server.RaftServerConfigKeys (ConfUtils.java:logGet(43)) - raft.server.log.write.buffer.size = 33554432 (custom)
2019-10-17 02:20:37,717 [pool-47-thread-1] INFO  server.RaftServerConfigKeys (ConfUtils.java:logGet(43)) - raft.server.snapshot.auto.trigger.threshold = 10000 (custom)
2019-10-17 02:20:37,717 [pool-37-thread-1] INFO  server.RaftServerConfigKeys (ConfUtils.java:logGet(43)) - raft.server.log.preallocated.size = 16384 (custom)
2019-10-17 02:20:37,717 [pool-47-thread-1] INFO  server.RaftServerConfigKeys (ConfUtils.java:logGet(43)) - raft.server.snapshot.retention.file.num = 5 (custom)
2019-10-17 02:20:37,717 [pool-27-thread-1] INFO  server.RaftServerConfigKeys (ConfUtils.java:logGet(43)) - raft.server.log.force.sync.num = 128 (default)
2019-10-17 02:20:37,718 [pool-47-thread-1] INFO  server.RaftServerConfigKeys (ConfUtils.java:logGet(43)) - raft.server.retrycache.expirytime = 600000ms (custom)
2019-10-17 02:20:37,717 [pool-37-thread-1] INFO  server.RaftServerConfigKeys (ConfUtils.java:logGet(43)) - raft.server.log.write.buffer.size = 33554432 (custom)
2019-10-17 02:20:37,718 [pool-27-thread-1] INFO  server.RaftServerConfigKeys (ConfUtils.java:logGet(43)) - raft.server.log.statemachine.data.sync = true (default)
2019-10-17 02:20:37,718 [pool-37-thread-1] INFO  server.RaftServerConfigKeys (ConfUtils.java:logGet(43)) - raft.server.log.force.sync.num = 128 (default)
2019-10-17 02:20:37,718 [pool-27-thread-1] INFO  server.RaftServerConfigKeys (ConfUtils.java:logGet(43)) - raft.server.log.statemachine.data.sync.timeout = 10s (default)
2019-10-17 02:20:37,718 [pool-37-thread-1] INFO  server.RaftServerConfigKeys (ConfUtils.java:logGet(43)) - raft.server.log.statemachine.data.sync = true (default)
2019-10-17 02:20:37,718 [pool-27-thread-1] INFO  server.RaftServerConfigKeys (ConfUtils.java:logGet(43)) - raft.server.log.statemachine.data.sync.timeout.retry = -1 (default)
2019-10-17 02:20:37,718 [pool-37-thread-1] INFO  server.RaftServerConfigKeys (ConfUtils.java:logGet(43)) - raft.server.log.statemachine.data.sync.timeout = 10s (default)
2019-10-17 02:20:37,719 [pool-37-thread-1] INFO  server.RaftServerConfigKeys (ConfUtils.java:logGet(43)) - raft.server.log.statemachine.data.sync.timeout.retry = -1 (default)
2019-10-17 02:20:37,719 [pool-27-thread-1] INFO  server.RaftServerConfigKeys (ConfUtils.java:logGet(43)) - raft.server.log.statemachine.data.caching.enabled = true (custom)
2019-10-17 02:20:37,719 [pool-37-thread-1] INFO  server.RaftServerConfigKeys (ConfUtils.java:logGet(43)) - raft.server.log.statemachine.data.caching.enabled = true (custom)
2019-10-17 02:20:37,719 [pool-27-thread-1] INFO  segmented.SegmentedRaftLogWorker (SegmentedRaftLogWorker.java:lambda$new$0(128)) - 5459097b-5895-44f9-a57c-1b76b0f7af13@group-D7C8F5BEB75A-SegmentedRaftLogWorker: flushIndex: setUnconditionally 0 -> -1
2019-10-17 02:20:37,719 [pool-37-thread-1] INFO  segmented.SegmentedRaftLogWorker (SegmentedRaftLogWorker.java:lambda$new$0(128)) - 13e6f2a0-7b74-4c29-b613-54a9ac99ca5d@group-D7C8F5BEB75A-SegmentedRaftLogWorker: flushIndex: setUnconditionally 0 -> -1
2019-10-17 02:20:37,719 [pool-27-thread-1] INFO  server.RaftServerConfigKeys (ConfUtils.java:logGet(43)) - raft.server.snapshot.auto.trigger.enabled = true (custom)
2019-10-17 02:20:37,720 [pool-37-thread-1] INFO  server.RaftServerConfigKeys (ConfUtils.java:logGet(43)) - raft.server.snapshot.auto.trigger.enabled = true (custom)
2019-10-17 02:20:37,720 [pool-27-thread-1] INFO  server.RaftServerConfigKeys (ConfUtils.java:logGet(43)) - raft.server.snapshot.auto.trigger.threshold = 10000 (custom)
2019-10-17 02:20:37,720 [pool-37-thread-1] INFO  server.RaftServerConfigKeys (ConfUtils.java:logGet(43)) - raft.server.snapshot.auto.trigger.threshold = 10000 (custom)
2019-10-17 02:20:37,720 [pool-27-thread-1] INFO  server.RaftServerConfigKeys (ConfUtils.java:logGet(43)) - raft.server.snapshot.retention.file.num = 5 (custom)
2019-10-17 02:20:37,720 [pool-37-thread-1] INFO  server.RaftServerConfigKeys (ConfUtils.java:logGet(43)) - raft.server.snapshot.retention.file.num = 5 (custom)
2019-10-17 02:20:37,720 [pool-27-thread-1] INFO  server.RaftServerConfigKeys (ConfUtils.java:logGet(43)) - raft.server.retrycache.expirytime = 600000ms (custom)
2019-10-17 02:20:37,720 [pool-37-thread-1] INFO  server.RaftServerConfigKeys (ConfUtils.java:logGet(43)) - raft.server.retrycache.expirytime = 600000ms (custom)
2019-10-17 02:20:37,721 [pool-47-thread-1] INFO  impl.RaftServerImpl (RaftServerImpl.java:start(195)) - f349c4dc-e0f5-43f3-b014-e61370cb1add@group-D7C8F5BEB75A: start as a follower, conf=-1: [f349c4dc-e0f5-43f3-b014-e61370cb1add:192.168.157.194:39280, 13e6f2a0-7b74-4c29-b613-54a9ac99ca5d:192.168.157.194:32860, 5459097b-5895-44f9-a57c-1b76b0f7af13:192.168.157.194:35032], old=null
2019-10-17 02:20:37,721 [pool-47-thread-1] INFO  impl.RaftServerImpl (RaftServerImpl.java:setRole(184)) - f349c4dc-e0f5-43f3-b014-e61370cb1add@group-D7C8F5BEB75A: changes role from      null to FOLLOWER at term 0 for startAsFollower
2019-10-17 02:20:37,721 [pool-47-thread-1] INFO  impl.RoleInfo (RoleInfo.java:updateAndGet(143)) - f349c4dc-e0f5-43f3-b014-e61370cb1add: start FollowerState
2019-10-17 02:20:37,721 [pool-47-thread-1] INFO  util.JmxRegister (JmxRegister.java:tryRegister(44)) - Successfully registered JMX Bean with object name Ratis:service=RaftServer,group=group-D7C8F5BEB75A,id=f349c4dc-e0f5-43f3-b014-e61370cb1add
2019-10-17 02:20:37,724 [pool-27-thread-1] INFO  impl.RaftServerImpl (RaftServerImpl.java:start(195)) - 5459097b-5895-44f9-a57c-1b76b0f7af13@group-D7C8F5BEB75A: start as a follower, conf=-1: [f349c4dc-e0f5-43f3-b014-e61370cb1add:192.168.157.194:39280, 13e6f2a0-7b74-4c29-b613-54a9ac99ca5d:192.168.157.194:32860, 5459097b-5895-44f9-a57c-1b76b0f7af13:192.168.157.194:35032], old=null
2019-10-17 02:20:37,725 [pool-27-thread-1] INFO  impl.RaftServerImpl (RaftServerImpl.java:setRole(184)) - 5459097b-5895-44f9-a57c-1b76b0f7af13@group-D7C8F5BEB75A: changes role from      null to FOLLOWER at term 0 for startAsFollower
2019-10-17 02:20:37,725 [pool-27-thread-1] INFO  impl.RoleInfo (RoleInfo.java:updateAndGet(143)) - 5459097b-5895-44f9-a57c-1b76b0f7af13: start FollowerState
2019-10-17 02:20:37,725 [pool-37-thread-1] INFO  impl.RaftServerImpl (RaftServerImpl.java:start(195)) - 13e6f2a0-7b74-4c29-b613-54a9ac99ca5d@group-D7C8F5BEB75A: start as a follower, conf=-1: [f349c4dc-e0f5-43f3-b014-e61370cb1add:192.168.157.194:39280, 13e6f2a0-7b74-4c29-b613-54a9ac99ca5d:192.168.157.194:32860, 5459097b-5895-44f9-a57c-1b76b0f7af13:192.168.157.194:35032], old=null
2019-10-17 02:20:37,725 [pool-37-thread-1] INFO  impl.RaftServerImpl (RaftServerImpl.java:setRole(184)) - 13e6f2a0-7b74-4c29-b613-54a9ac99ca5d@group-D7C8F5BEB75A: changes role from      null to FOLLOWER at term 0 for startAsFollower
2019-10-17 02:20:37,725 [pool-27-thread-1] INFO  util.JmxRegister (JmxRegister.java:tryRegister(44)) - Successfully registered JMX Bean with object name Ratis:service=RaftServer,group=group-D7C8F5BEB75A,id=5459097b-5895-44f9-a57c-1b76b0f7af13
2019-10-17 02:20:37,725 [pool-37-thread-1] INFO  impl.RoleInfo (RoleInfo.java:updateAndGet(143)) - 13e6f2a0-7b74-4c29-b613-54a9ac99ca5d: start FollowerState
2019-10-17 02:20:37,726 [pool-37-thread-1] INFO  util.JmxRegister (JmxRegister.java:tryRegister(44)) - Successfully registered JMX Bean with object name Ratis:service=RaftServer,group=group-D7C8F5BEB75A,id=13e6f2a0-7b74-4c29-b613-54a9ac99ca5d
2019-10-17 02:20:37,734 [RatisPipelineUtilsThread] INFO  pipeline.PipelineStateManager (PipelineStateManager.java:addPipeline(55)) - Created pipeline Pipeline[ Id: 82967e71-bcdb-463f-a028-d7c8f5beb75a, Nodes: 5459097b-5895-44f9-a57c-1b76b0f7af13{ip: 192.168.157.194, host: pr-hdds-1868-g97gg-2149769003, networkLocation: /default-rack, certSerialId: null}f349c4dc-e0f5-43f3-b014-e61370cb1add{ip: 192.168.157.194, host: pr-hdds-1868-g97gg-2149769003, networkLocation: /default-rack, certSerialId: null}13e6f2a0-7b74-4c29-b613-54a9ac99ca5d{ip: 192.168.157.194, host: pr-hdds-1868-g97gg-2149769003, networkLocation: /default-rack, certSerialId: null}, Type:RATIS, Factor:THREE, State:ALLOCATED]
2019-10-17 02:20:37,748 [Thread-461] INFO  impl.FollowerState (FollowerState.java:run(108)) - f349c4dc-e0f5-43f3-b014-e61370cb1add@group-D7C8F5BEB75A-FollowerState: change to CANDIDATE, lastRpcTime:27ms, electionTimeout:27ms
2019-10-17 02:20:37,749 [Thread-461] INFO  impl.RoleInfo (RoleInfo.java:shutdownFollowerState(121)) - f349c4dc-e0f5-43f3-b014-e61370cb1add: shutdown FollowerState
2019-10-17 02:20:37,749 [Thread-461] INFO  impl.RaftServerImpl (RaftServerImpl.java:setRole(184)) - f349c4dc-e0f5-43f3-b014-e61370cb1add@group-D7C8F5BEB75A: changes role from  FOLLOWER to CANDIDATE at term 0 for changeToCandidate
2019-10-17 02:20:37,749 [Thread-461] INFO  impl.RoleInfo (RoleInfo.java:updateAndGet(143)) - f349c4dc-e0f5-43f3-b014-e61370cb1add: start LeaderElection
2019-10-17 02:20:37,765 [f349c4dc-e0f5-43f3-b014-e61370cb1add@group-D7C8F5BEB75A-LeaderElection20] INFO  impl.LeaderElection (LeaderElection.java:askForVotes(178)) - f349c4dc-e0f5-43f3-b014-e61370cb1add@group-D7C8F5BEB75A-LeaderElection20: begin an election at term 1 for -1: [f349c4dc-e0f5-43f3-b014-e61370cb1add:192.168.157.194:39280, 13e6f2a0-7b74-4c29-b613-54a9ac99ca5d:192.168.157.194:32860, 5459097b-5895-44f9-a57c-1b76b0f7af13:192.168.157.194:35032], old=null
2019-10-17 02:20:37,772 [grpc-default-executor-0] INFO  impl.RaftServerImpl (RaftServerImpl.java:setRole(184)) - 13e6f2a0-7b74-4c29-b613-54a9ac99ca5d@group-D7C8F5BEB75A: changes role from  FOLLOWER to FOLLOWER at term 1 for recognizeCandidate:f349c4dc-e0f5-43f3-b014-e61370cb1add
2019-10-17 02:20:37,773 [grpc-default-executor-6] INFO  impl.RaftServerImpl (RaftServerImpl.java:setRole(184)) - 5459097b-5895-44f9-a57c-1b76b0f7af13@group-D7C8F5BEB75A: changes role from  FOLLOWER to FOLLOWER at term 1 for recognizeCandidate:f349c4dc-e0f5-43f3-b014-e61370cb1add
2019-10-17 02:20:37,773 [grpc-default-executor-0] INFO  impl.RoleInfo (RoleInfo.java:shutdownFollowerState(121)) - 13e6f2a0-7b74-4c29-b613-54a9ac99ca5d: shutdown FollowerState
2019-10-17 02:20:37,773 [grpc-default-executor-6] INFO  impl.RoleInfo (RoleInfo.java:shutdownFollowerState(121)) - 5459097b-5895-44f9-a57c-1b76b0f7af13: shutdown FollowerState
2019-10-17 02:20:37,774 [grpc-default-executor-0] INFO  impl.RoleInfo (RoleInfo.java:updateAndGet(143)) - 13e6f2a0-7b74-4c29-b613-54a9ac99ca5d: start FollowerState
2019-10-17 02:20:37,774 [Thread-463] INFO  impl.FollowerState (FollowerState.java:run(117)) - 13e6f2a0-7b74-4c29-b613-54a9ac99ca5d@group-D7C8F5BEB75A-FollowerState was interrupted: java.lang.InterruptedException: sleep interrupted
2019-10-17 02:20:37,774 [grpc-default-executor-6] INFO  impl.RoleInfo (RoleInfo.java:updateAndGet(143)) - 5459097b-5895-44f9-a57c-1b76b0f7af13: start FollowerState
2019-10-17 02:20:37,774 [Thread-462] INFO  impl.FollowerState (FollowerState.java:run(117)) - 5459097b-5895-44f9-a57c-1b76b0f7af13@group-D7C8F5BEB75A-FollowerState was interrupted: java.lang.InterruptedException: sleep interrupted
2019-10-17 02:20:37,788 [Thread-471] INFO  impl.FollowerState (FollowerState.java:run(108)) - 5459097b-5895-44f9-a57c-1b76b0f7af13@group-D7C8F5BEB75A-FollowerState: change to CANDIDATE, lastRpcTime:14ms, electionTimeout:6ms
2019-10-17 02:20:37,788 [Thread-471] INFO  impl.RoleInfo (RoleInfo.java:shutdownFollowerState(121)) - 5459097b-5895-44f9-a57c-1b76b0f7af13: shutdown FollowerState
2019-10-17 02:20:37,789 [Thread-471] INFO  impl.RaftServerImpl (RaftServerImpl.java:setRole(184)) - 5459097b-5895-44f9-a57c-1b76b0f7af13@group-D7C8F5BEB75A: changes role from  FOLLOWER to CANDIDATE at term 1 for changeToCandidate
2019-10-17 02:20:37,790 [Thread-471] INFO  impl.RoleInfo (RoleInfo.java:updateAndGet(143)) - 5459097b-5895-44f9-a57c-1b76b0f7af13: start LeaderElection
2019-10-17 02:20:37,790 [f349c4dc-e0f5-43f3-b014-e61370cb1add@group-D7C8F5BEB75A-LeaderElection20] INFO  impl.LeaderElection (LeaderElection.java:logAndReturn(56)) - f349c4dc-e0f5-43f3-b014-e61370cb1add@group-D7C8F5BEB75A-LeaderElection20: Election PASSED; received 1 response(s) [f349c4dc-e0f5-43f3-b014-e61370cb1add<-13e6f2a0-7b74-4c29-b613-54a9ac99ca5d#0:OK-t1] and 0 exception(s); f349c4dc-e0f5-43f3-b014-e61370cb1add@group-D7C8F5BEB75A:t1, leader=null, voted=f349c4dc-e0f5-43f3-b014-e61370cb1add, raftlog=f349c4dc-e0f5-43f3-b014-e61370cb1add@group-D7C8F5BEB75A-SegmentedRaftLog:OPENED:c-1,f-1,i0, conf=-1: [f349c4dc-e0f5-43f3-b014-e61370cb1add:192.168.157.194:39280, 13e6f2a0-7b74-4c29-b613-54a9ac99ca5d:192.168.157.194:32860, 5459097b-5895-44f9-a57c-1b76b0f7af13:192.168.157.194:35032], old=null
2019-10-17 02:20:37,790 [f349c4dc-e0f5-43f3-b014-e61370cb1add@group-D7C8F5BEB75A-LeaderElection20] INFO  impl.RoleInfo (RoleInfo.java:shutdownLeaderElection(134)) - f349c4dc-e0f5-43f3-b014-e61370cb1add: shutdown LeaderElection
2019-10-17 02:20:37,790 [f349c4dc-e0f5-43f3-b014-e61370cb1add@group-D7C8F5BEB75A-LeaderElection20] INFO  impl.RaftServerImpl (RaftServerImpl.java:setRole(184)) - f349c4dc-e0f5-43f3-b014-e61370cb1add@group-D7C8F5BEB75A: changes role from CANDIDATE to LEADER at term 1 for changeToLeader
2019-10-17 02:20:37,790 [f349c4dc-e0f5-43f3-b014-e61370cb1add@group-D7C8F5BEB75A-LeaderElection20] INFO  ratis.XceiverServerRatis (XceiverServerRatis.java:handleLeaderChangedNotification(699)) - Leader change notification received for group: group-D7C8F5BEB75A with new leaderId: f349c4dc-e0f5-43f3-b014-e61370cb1add
2019-10-17 02:20:37,791 [f349c4dc-e0f5-43f3-b014-e61370cb1add@group-D7C8F5BEB75A-LeaderElection20] INFO  impl.RaftServerImpl (ServerState.java:setLeader(256)) - f349c4dc-e0f5-43f3-b014-e61370cb1add@group-D7C8F5BEB75A: change Leader from null to f349c4dc-e0f5-43f3-b014-e61370cb1add at term 1 for becomeLeader, leader elected after 77ms
2019-10-17 02:20:37,791 [f349c4dc-e0f5-43f3-b014-e61370cb1add@group-D7C8F5BEB75A-LeaderElection20] INFO  server.RaftServerConfigKeys (ConfUtils.java:logGet(43)) - raft.server.staging.catchup.gap = 1000 (default)
2019-10-17 02:20:37,791 [f349c4dc-e0f5-43f3-b014-e61370cb1add@group-D7C8F5BEB75A-LeaderElection20] INFO  server.RaftServerConfigKeys (ConfUtils.java:logGet(43)) - raft.server.rpc.sleep.time = 25ms (default)
2019-10-17 02:20:37,791 [f349c4dc-e0f5-43f3-b014-e61370cb1add@group-D7C8F5BEB75A-LeaderElection20] INFO  server.RaftServerConfigKeys (ConfUtils.java:logGet(43)) - raft.server.write.element-limit = 4096 (default)
2019-10-17 02:20:37,791 [f349c4dc-e0f5-43f3-b014-e61370cb1add@group-D7C8F5BEB75A-LeaderElection20] INFO  server.RaftServerConfigKeys (ConfUtils.java:logGet(43)) - raft.server.watch.timeout = 10s (default)
2019-10-17 02:20:37,792 [f349c4dc-e0f5-43f3-b014-e61370cb1add@group-D7C8F5BEB75A-LeaderElection20] INFO  server.RaftServerConfigKeys (ConfUtils.java:logGet(43)) - raft.server.watch.timeout.denomination = 1s (default)
2019-10-17 02:20:37,792 [f349c4dc-e0f5-43f3-b014-e61370cb1add@group-D7C8F5BEB75A-LeaderElection20] INFO  server.RaftServerConfigKeys (ConfUtils.java:logGet(43)) - raft.server.watch.element-limit = 65536 (default)
2019-10-17 02:20:37,792 [EventQueue-PipelineReportForPipelineReportHandler] INFO  pipeline.PipelineReportHandler (PipelineReportHandler.java:processPipelineReport(119)) - Pipeline PipelineID=82967e71-bcdb-463f-a028-d7c8f5beb75a reported by f349c4dc-e0f5-43f3-b014-e61370cb1add{ip: 192.168.157.194, host: pr-hdds-1868-g97gg-2149769003, networkLocation: /default-rack, certSerialId: null} with leaderId f349c4dc-e0f5-43f3-b014-e61370cb1add
2019-10-17 02:20:37,797 [f349c4dc-e0f5-43f3-b014-e61370cb1add@group-D7C8F5BEB75A-LeaderElection20] INFO  server.RaftServerConfigKeys (ConfUtils.java:logGet(43)) - raft.server.log.appender.snapshot.chunk.size.max = 16MB (=16777216) (default)
2019-10-17 02:20:37,797 [f349c4dc-e0f5-43f3-b014-e61370cb1add@group-D7C8F5BEB75A-LeaderElection20] INFO  server.RaftServerConfigKeys (ConfUtils.java:logGet(43)) - raft.server.log.appender.buffer.byte-limit = 33554432 (custom)
2019-10-17 02:20:37,797 [f349c4dc-e0f5-43f3-b014-e61370cb1add@group-D7C8F5BEB75A-LeaderElection20] INFO  server.RaftServerConfigKeys (ConfUtils.java:logGet(43)) - raft.server.log.appender.buffer.element-limit = 1 (custom)
2019-10-17 02:20:37,798 [f349c4dc-e0f5-43f3-b014-e61370cb1add@group-D7C8F5BEB75A-LeaderElection20] INFO  grpc.GrpcConfigKeys$Server (ConfUtils.java:logGet(43)) - raft.grpc.server.leader.outstanding.appends.max = 128 (default)
2019-10-17 02:20:37,798 [f349c4dc-e0f5-43f3-b014-e61370cb1add@group-D7C8F5BEB75A-LeaderElection20] INFO  server.RaftServerConfigKeys (ConfUtils.java:logGet(43)) - raft.server.rpc.request.timeout = 3000ms (default)
2019-10-17 02:20:37,798 [f349c4dc-e0f5-43f3-b014-e61370cb1add@group-D7C8F5BEB75A-LeaderElection20] INFO  server.RaftServerConfigKeys (ConfUtils.java:logGet(43)) - raft.server.log.appender.install.snapshot.enabled = false (custom)
2019-10-17 02:20:37,802 [f349c4dc-e0f5-43f3-b014-e61370cb1add@group-D7C8F5BEB75A-LeaderElection20] INFO  server.RaftServerConfigKeys (ConfUtils.java:logGet(43)) - raft.server.log.appender.snapshot.chunk.size.max = 16MB (=16777216) (default)
2019-10-17 02:20:37,802 [f349c4dc-e0f5-43f3-b014-e61370cb1add@group-D7C8F5BEB75A-LeaderElection20] INFO  server.RaftServerConfigKeys (ConfUtils.java:logGet(43)) - raft.server.log.appender.buffer.byte-limit = 33554432 (custom)
2019-10-17 02:20:37,802 [f349c4dc-e0f5-43f3-b014-e61370cb1add@group-D7C8F5BEB75A-LeaderElection20] INFO  server.RaftServerConfigKeys (ConfUtils.java:logGet(43)) - raft.server.log.appender.buffer.element-limit = 1 (custom)
2019-10-17 02:20:37,802 [f349c4dc-e0f5-43f3-b014-e61370cb1add@group-D7C8F5BEB75A-LeaderElection20] INFO  grpc.GrpcConfigKeys$Server (ConfUtils.java:logGet(43)) - raft.grpc.server.leader.outstanding.appends.max = 128 (default)
2019-10-17 02:20:37,802 [5459097b-5895-44f9-a57c-1b76b0f7af13@group-D7C8F5BEB75A-LeaderElection21] INFO  impl.LeaderElection (LeaderElection.java:askForVotes(178)) - 5459097b-5895-44f9-a57c-1b76b0f7af13@group-D7C8F5BEB75A-LeaderElection21: begin an election at term 2 for -1: [f349c4dc-e0f5-43f3-b014-e61370cb1add:192.168.157.194:39280, 13e6f2a0-7b74-4c29-b613-54a9ac99ca5d:192.168.157.194:32860, 5459097b-5895-44f9-a57c-1b76b0f7af13:192.168.157.194:35032], old=null
2019-10-17 02:20:37,803 [f349c4dc-e0f5-43f3-b014-e61370cb1add@group-D7C8F5BEB75A-LeaderElection20] INFO  server.RaftServerConfigKeys (ConfUtils.java:logGet(43)) - raft.server.rpc.request.timeout = 3000ms (default)
2019-10-17 02:20:37,803 [f349c4dc-e0f5-43f3-b014-e61370cb1add@group-D7C8F5BEB75A-LeaderElection20] INFO  server.RaftServerConfigKeys (ConfUtils.java:logGet(43)) - raft.server.log.appender.install.snapshot.enabled = false (custom)
2019-10-17 02:20:37,811 [f349c4dc-e0f5-43f3-b014-e61370cb1add@group-D7C8F5BEB75A-LeaderElection20] INFO  impl.RoleInfo (RoleInfo.java:updateAndGet(143)) - f349c4dc-e0f5-43f3-b014-e61370cb1add: start LeaderState
2019-10-17 02:20:37,811 [f349c4dc-e0f5-43f3-b014-e61370cb1add@group-D7C8F5BEB75A-LeaderElection20] INFO  segmented.SegmentedRaftLogWorker (SegmentedRaftLogWorker.java:startLogSegment(385)) - f349c4dc-e0f5-43f3-b014-e61370cb1add@group-D7C8F5BEB75A-SegmentedRaftLogWorker: Starting segment from index:0
2019-10-17 02:20:37,812 [grpc-default-executor-0] INFO  impl.RaftServerImpl (RaftServerImpl.java:setRole(184)) - 13e6f2a0-7b74-4c29-b613-54a9ac99ca5d@group-D7C8F5BEB75A: changes role from  FOLLOWER to FOLLOWER at term 2 for recognizeCandidate:5459097b-5895-44f9-a57c-1b76b0f7af13
2019-10-17 02:20:37,812 [grpc-default-executor-0] INFO  impl.RoleInfo (RoleInfo.java:shutdownFollowerState(121)) - 13e6f2a0-7b74-4c29-b613-54a9ac99ca5d: shutdown FollowerState
2019-10-17 02:20:37,812 [Thread-470] INFO  impl.FollowerState (FollowerState.java:run(117)) - 13e6f2a0-7b74-4c29-b613-54a9ac99ca5d@group-D7C8F5BEB75A-FollowerState was interrupted: java.lang.InterruptedException: sleep interrupted
2019-10-17 02:20:37,812 [f349c4dc-e0f5-43f3-b014-e61370cb1add@group-D7C8F5BEB75A-LeaderElection20] INFO  impl.RaftServerImpl (ServerState.java:setRaftConf(357)) - f349c4dc-e0f5-43f3-b014-e61370cb1add@group-D7C8F5BEB75A: set configuration 0: [f349c4dc-e0f5-43f3-b014-e61370cb1add:192.168.157.194:39280, 13e6f2a0-7b74-4c29-b613-54a9ac99ca5d:192.168.157.194:32860, 5459097b-5895-44f9-a57c-1b76b0f7af13:192.168.157.194:35032], old=null at 0
2019-10-17 02:20:37,812 [grpc-default-executor-0] INFO  impl.RoleInfo (RoleInfo.java:updateAndGet(143)) - 13e6f2a0-7b74-4c29-b613-54a9ac99ca5d: start FollowerState
2019-10-17 02:20:37,813 [grpc-default-executor-6] INFO  impl.RaftServerImpl (ServerState.java:setLeader(256)) - f349c4dc-e0f5-43f3-b014-e61370cb1add@group-D7C8F5BEB75A: change Leader from f349c4dc-e0f5-43f3-b014-e61370cb1add to null at term 2 for updateCurrentTerm
2019-10-17 02:20:37,813 [grpc-default-executor-6] INFO  impl.RaftServerImpl (RaftServerImpl.java:setRole(184)) - f349c4dc-e0f5-43f3-b014-e61370cb1add@group-D7C8F5BEB75A: changes role from    LEADER to FOLLOWER at term 2 for recognizeCandidate:5459097b-5895-44f9-a57c-1b76b0f7af13
2019-10-17 02:20:37,813 [grpc-default-executor-6] INFO  impl.RoleInfo (RoleInfo.java:shutdownLeaderState(104)) - f349c4dc-e0f5-43f3-b014-e61370cb1add: shutdown LeaderState
2019-10-17 02:20:37,845 [grpc-default-executor-6] INFO  impl.PendingRequests (PendingRequests.java:sendNotLeaderResponses(202)) - f349c4dc-e0f5-43f3-b014-e61370cb1add@group-D7C8F5BEB75A-PendingRequests: sendNotLeaderResponses
2019-10-17 02:20:37,845 [org.apache.ratis.server.impl.LogAppender$AppenderDaemon$$Lambda$422/551139436@c99f75] WARN  server.GrpcLogAppender (GrpcLogAppender.java:mayWait(149)) - f349c4dc-e0f5-43f3-b014-e61370cb1add@group-D7C8F5BEB75A->13e6f2a0-7b74-4c29-b613-54a9ac99ca5d-GrpcLogAppender: Wait interrupted by java.lang.InterruptedException
2019-10-17 02:20:37,846 [grpc-default-executor-6] INFO  impl.RoleInfo (RoleInfo.java:updateAndGet(143)) - f349c4dc-e0f5-43f3-b014-e61370cb1add: start FollowerState
2019-10-17 02:20:37,846 [org.apache.ratis.server.impl.LogAppender$AppenderDaemon$$Lambda$422/551139436@3183392a] WARN  server.GrpcLogAppender (GrpcLogAppender.java:mayWait(149)) - f349c4dc-e0f5-43f3-b014-e61370cb1add@group-D7C8F5BEB75A->5459097b-5895-44f9-a57c-1b76b0f7af13-GrpcLogAppender: Wait interrupted by java.lang.InterruptedException
2019-10-17 02:20:37,847 [grpc-default-executor-4] INFO  server.GrpcServerProtocolService (GrpcServerProtocolService.java:onCompleted(113)) - 5459097b-5895-44f9-a57c-1b76b0f7af13: Completed APPEND_ENTRIES, lastRequest: f349c4dc-e0f5-43f3-b014-e61370cb1add->5459097b-5895-44f9-a57c-1b76b0f7af13#0-t1, previous=(t:0, i:0), leaderCommit=-1, initializing? false, entries: <empty>
2019-10-17 02:20:37,858 [f349c4dc-e0f5-43f3-b014-e61370cb1add@group-D7C8F5BEB75A-SegmentedRaftLogWorker] INFO  segmented.SegmentedRaftLogWorker (SegmentedRaftLogWorker.java:execute(576)) - f349c4dc-e0f5-43f3-b014-e61370cb1add@group-D7C8F5BEB75A-SegmentedRaftLogWorker: created new log segment /workdir/hadoop-ozone/tools/target/test-dir/MiniOzoneClusterImpl-1621c73c-e138-4460-b72a-fef3cb598a20/datanode-2/data/ratis/82967e71-bcdb-463f-a028-d7c8f5beb75a/current/log_inprogress_0
2019-10-17 02:20:37,858 [grpc-default-executor-4] INFO  server.GrpcLogAppender (GrpcLogAppender.java:onCompleted(308)) - f349c4dc-e0f5-43f3-b014-e61370cb1add@group-D7C8F5BEB75A->5459097b-5895-44f9-a57c-1b76b0f7af13-AppendLogResponseHandler: follower responses appendEntries COMPLETED
2019-10-17 02:20:37,860 [grpc-default-executor-3] INFO  server.GrpcServerProtocolService (GrpcServerProtocolService.java:onCompleted(113)) - 13e6f2a0-7b74-4c29-b613-54a9ac99ca5d: Completed APPEND_ENTRIES, lastRequest: f349c4dc-e0f5-43f3-b014-e61370cb1add->13e6f2a0-7b74-4c29-b613-54a9ac99ca5d#0-t1, previous=(t:0, i:0), leaderCommit=-1, initializing? false, entries: <empty>
2019-10-17 02:20:37,864 [grpc-default-executor-4] INFO  impl.FollowerInfo (FollowerInfo.java:lambda$new$0(51)) - f349c4dc-e0f5-43f3-b014-e61370cb1add@group-D7C8F5BEB75A->5459097b-5895-44f9-a57c-1b76b0f7af13: nextIndex: updateUnconditionally 0 -> 0
2019-10-17 02:20:37,865 [5459097b-5895-44f9-a57c-1b76b0f7af13@group-D7C8F5BEB75A-LeaderElection21] INFO  impl.LeaderElection (LeaderElection.java:logAndReturn(56)) - 5459097b-5895-44f9-a57c-1b76b0f7af13@group-D7C8F5BEB75A-LeaderElection21: Election PASSED; received 1 response(s) [5459097b-5895-44f9-a57c-1b76b0f7af13<-13e6f2a0-7b74-4c29-b613-54a9ac99ca5d#0:OK-t2] and 0 exception(s); 5459097b-5895-44f9-a57c-1b76b0f7af13@group-D7C8F5BEB75A:t2, leader=null, voted=5459097b-5895-44f9-a57c-1b76b0f7af13, raftlog=5459097b-5895-44f9-a57c-1b76b0f7af13@group-D7C8F5BEB75A-SegmentedRaftLog:OPENED:c-1,f-1,i0, conf=-1: [f349c4dc-e0f5-43f3-b014-e61370cb1add:192.168.157.194:39280, 13e6f2a0-7b74-4c29-b613-54a9ac99ca5d:192.168.157.194:32860, 5459097b-5895-44f9-a57c-1b76b0f7af13:192.168.157.194:35032], old=null
2019-10-17 02:20:37,865 [5459097b-5895-44f9-a57c-1b76b0f7af13@group-D7C8F5BEB75A-LeaderElection21] INFO  impl.RoleInfo (RoleInfo.java:shutdownLeaderElection(134)) - 5459097b-5895-44f9-a57c-1b76b0f7af13: shutdown LeaderElection
2019-10-17 02:20:37,865 [5459097b-5895-44f9-a57c-1b76b0f7af13@group-D7C8F5BEB75A-LeaderElection21] INFO  impl.RaftServerImpl (RaftServerImpl.java:setRole(184)) - 5459097b-5895-44f9-a57c-1b76b0f7af13@group-D7C8F5BEB75A: changes role from CANDIDATE to LEADER at term 2 for changeToLeader
2019-10-17 02:20:37,865 [5459097b-5895-44f9-a57c-1b76b0f7af13@group-D7C8F5BEB75A-LeaderElection21] INFO  ratis.XceiverServerRatis (XceiverServerRatis.java:handleLeaderChangedNotification(699)) - Leader change notification received for group: group-D7C8F5BEB75A with new leaderId: 5459097b-5895-44f9-a57c-1b76b0f7af13
2019-10-17 02:20:37,865 [5459097b-5895-44f9-a57c-1b76b0f7af13@group-D7C8F5BEB75A-LeaderElection21] INFO  impl.RaftServerImpl (ServerState.java:setLeader(256)) - 5459097b-5895-44f9-a57c-1b76b0f7af13@group-D7C8F5BEB75A: change Leader from null to 5459097b-5895-44f9-a57c-1b76b0f7af13 at term 2 for becomeLeader, leader elected after 152ms
2019-10-17 02:20:37,865 [5459097b-5895-44f9-a57c-1b76b0f7af13@group-D7C8F5BEB75A-LeaderElection21] INFO  server.RaftServerConfigKeys (ConfUtils.java:logGet(43)) - raft.server.staging.catchup.gap = 1000 (default)
2019-10-17 02:20:37,866 [grpc-default-executor-4] INFO  server.GrpcLogAppender (GrpcLogAppender.java:onCompleted(308)) - f349c4dc-e0f5-43f3-b014-e61370cb1add@group-D7C8F5BEB75A->13e6f2a0-7b74-4c29-b613-54a9ac99ca5d-AppendLogResponseHandler: follower responses appendEntries COMPLETED
2019-10-17 02:20:37,866 [5459097b-5895-44f9-a57c-1b76b0f7af13@group-D7C8F5BEB75A-LeaderElection21] INFO  server.RaftServerConfigKeys (ConfUtils.java:logGet(43)) - raft.server.rpc.sleep.time = 25ms (default)
2019-10-17 02:20:37,868 [5459097b-5895-44f9-a57c-1b76b0f7af13@group-D7C8F5BEB75A-LeaderElection21] INFO  server.RaftServerConfigKeys (ConfUtils.java:logGet(43)) - raft.server.write.element-limit = 4096 (default)
2019-10-17 02:20:37,868 [5459097b-5895-44f9-a57c-1b76b0f7af13@group-D7C8F5BEB75A-LeaderElection21] INFO  server.RaftServerConfigKeys (ConfUtils.java:logGet(43)) - raft.server.watch.timeout = 10s (default)
2019-10-17 02:20:37,868 [grpc-default-executor-4] INFO  impl.FollowerInfo (FollowerInfo.java:lambda$new$0(51)) - f349c4dc-e0f5-43f3-b014-e61370cb1add@group-D7C8F5BEB75A->13e6f2a0-7b74-4c29-b613-54a9ac99ca5d: nextIndex: updateUnconditionally 0 -> 0
2019-10-17 02:20:37,868 [EventQueue-PipelineReportForPipelineReportHandler] INFO  pipeline.PipelineReportHandler (PipelineReportHandler.java:processPipelineReport(119)) - Pipeline PipelineID=82967e71-bcdb-463f-a028-d7c8f5beb75a reported by 5459097b-5895-44f9-a57c-1b76b0f7af13{ip: 192.168.157.194, host: pr-hdds-1868-g97gg-2149769003, networkLocation: /default-rack, certSerialId: null} with leaderId 5459097b-5895-44f9-a57c-1b76b0f7af13
2019-10-17 02:20:37,868 [Thread-478] INFO  impl.FollowerState (FollowerState.java:run(108)) - 13e6f2a0-7b74-4c29-b613-54a9ac99ca5d@group-D7C8F5BEB75A-FollowerState: change to CANDIDATE, lastRpcTime:55ms, electionTimeout:55ms
2019-10-17 02:20:37,868 [5459097b-5895-44f9-a57c-1b76b0f7af13@group-D7C8F5BEB75A-LeaderElection21] INFO  server.RaftServerConfigKeys (ConfUtils.java:logGet(43)) - raft.server.watch.timeout.denomination = 1s (default)
2019-10-17 02:20:37,868 [Thread-478] INFO  impl.RoleInfo (RoleInfo.java:shutdownFollowerState(121)) - 13e6f2a0-7b74-4c29-b613-54a9ac99ca5d: shutdown FollowerState
2019-10-17 02:20:37,868 [5459097b-5895-44f9-a57c-1b76b0f7af13@group-D7C8F5BEB75A-LeaderElection21] INFO  server.RaftServerConfigKeys (ConfUtils.java:logGet(43)) - raft.server.watch.element-limit = 65536 (default)
2019-10-17 02:20:37,868 [Thread-478] INFO  impl.RaftServerImpl (RaftServerImpl.java:setRole(184)) - 13e6f2a0-7b74-4c29-b613-54a9ac99ca5d@group-D7C8F5BEB75A: changes role from  FOLLOWER to CANDIDATE at term 2 for changeToCandidate
2019-10-17 02:20:37,869 [Thread-478] INFO  impl.RoleInfo (RoleInfo.java:updateAndGet(143)) - 13e6f2a0-7b74-4c29-b613-54a9ac99ca5d: start LeaderElection
2019-10-17 02:20:37,870 [5459097b-5895-44f9-a57c-1b76b0f7af13@group-D7C8F5BEB75A-LeaderElection21] INFO  server.RaftServerConfigKeys (ConfUtils.java:logGet(43)) - raft.server.log.appender.snapshot.chunk.size.max = 16MB (=16777216) (default)
2019-10-17 02:20:37,870 [5459097b-5895-44f9-a57c-1b76b0f7af13@group-D7C8F5BEB75A-LeaderElection21] INFO  server.RaftServerConfigKeys (ConfUtils.java:logGet(43)) - raft.server.log.appender.buffer.byte-limit = 33554432 (custom)
2019-10-17 02:20:37,871 [5459097b-5895-44f9-a57c-1b76b0f7af13@group-D7C8F5BEB75A-LeaderElection21] INFO  server.RaftServerConfigKeys (ConfUtils.java:logGet(43)) - raft.server.log.appender.buffer.element-limit = 1 (custom)
2019-10-17 02:20:37,871 [5459097b-5895-44f9-a57c-1b76b0f7af13@group-D7C8F5BEB75A-LeaderElection21] INFO  grpc.GrpcConfigKeys$Server (ConfUtils.java:logGet(43)) - raft.grpc.server.leader.outstanding.appends.max = 128 (default)
2019-10-17 02:20:37,871 [5459097b-5895-44f9-a57c-1b76b0f7af13@group-D7C8F5BEB75A-LeaderElection21] INFO  server.RaftServerConfigKeys (ConfUtils.java:logGet(43)) - raft.server.rpc.request.timeout = 3000ms (default)
2019-10-17 02:20:37,871 [5459097b-5895-44f9-a57c-1b76b0f7af13@group-D7C8F5BEB75A-LeaderElection21] INFO  server.RaftServerConfigKeys (ConfUtils.java:logGet(43)) - raft.server.log.appender.install.snapshot.enabled = false (custom)
2019-10-17 02:20:37,872 [5459097b-5895-44f9-a57c-1b76b0f7af13@group-D7C8F5BEB75A-LeaderElection21] INFO  server.RaftServerConfigKeys (ConfUtils.java:logGet(43)) - raft.server.log.appender.snapshot.chunk.size.max = 16MB (=16777216) (default)
2019-10-17 02:20:37,873 [5459097b-5895-44f9-a57c-1b76b0f7af13@group-D7C8F5BEB75A-LeaderElection21] INFO  server.RaftServerConfigKeys (ConfUtils.java:logGet(43)) - raft.server.log.appender.buffer.byte-limit = 33554432 (custom)
2019-10-17 02:20:37,873 [5459097b-5895-44f9-a57c-1b76b0f7af13@group-D7C8F5BEB75A-LeaderElection21] INFO  server.RaftServerConfigKeys (ConfUtils.java:logGet(43)) - raft.server.log.appender.buffer.element-limit = 1 (custom)
2019-10-17 02:20:37,873 [5459097b-5895-44f9-a57c-1b76b0f7af13@group-D7C8F5BEB75A-LeaderElection21] INFO  grpc.GrpcConfigKeys$Server (ConfUtils.java:logGet(43)) - raft.grpc.server.leader.outstanding.appends.max = 128 (default)
2019-10-17 02:20:37,873 [5459097b-5895-44f9-a57c-1b76b0f7af13@group-D7C8F5BEB75A-LeaderElection21] INFO  server.RaftServerConfigKeys (ConfUtils.java:logGet(43)) - raft.server.rpc.request.timeout = 3000ms (default)
2019-10-17 02:20:37,873 [5459097b-5895-44f9-a57c-1b76b0f7af13@group-D7C8F5BEB75A-LeaderElection21] INFO  server.RaftServerConfigKeys (ConfUtils.java:logGet(43)) - raft.server.log.appender.install.snapshot.enabled = false (custom)
2019-10-17 02:20:37,875 [5459097b-5895-44f9-a57c-1b76b0f7af13@group-D7C8F5BEB75A-LeaderElection21] INFO  impl.RoleInfo (RoleInfo.java:updateAndGet(143)) - 5459097b-5895-44f9-a57c-1b76b0f7af13: start LeaderState
2019-10-17 02:20:37,875 [5459097b-5895-44f9-a57c-1b76b0f7af13@group-D7C8F5BEB75A-LeaderElection21] INFO  segmented.SegmentedRaftLogWorker (SegmentedRaftLogWorker.java:startLogSegment(385)) - 5459097b-5895-44f9-a57c-1b76b0f7af13@group-D7C8F5BEB75A-SegmentedRaftLogWorker: Starting segment from index:0
2019-10-17 02:20:37,876 [5459097b-5895-44f9-a57c-1b76b0f7af13@group-D7C8F5BEB75A-LeaderElection21] INFO  impl.RaftServerImpl (ServerState.java:setRaftConf(357)) - 5459097b-5895-44f9-a57c-1b76b0f7af13@group-D7C8F5BEB75A: set configuration 0: [f349c4dc-e0f5-43f3-b014-e61370cb1add:192.168.157.194:39280, 13e6f2a0-7b74-4c29-b613-54a9ac99ca5d:192.168.157.194:32860, 5459097b-5895-44f9-a57c-1b76b0f7af13:192.168.157.194:35032], old=null at 0
2019-10-17 02:20:37,877 [grpc-default-executor-4] INFO  ratis.XceiverServerRatis (XceiverServerRatis.java:handleLeaderChangedNotification(699)) - Leader change notification received for group: group-D7C8F5BEB75A with new leaderId: 5459097b-5895-44f9-a57c-1b76b0f7af13
2019-10-17 02:20:37,878 [grpc-default-executor-4] INFO  impl.RaftServerImpl (ServerState.java:setLeader(256)) - f349c4dc-e0f5-43f3-b014-e61370cb1add@group-D7C8F5BEB75A: change Leader from null to 5459097b-5895-44f9-a57c-1b76b0f7af13 at term 2 for appendEntries, leader elected after 64ms
2019-10-17 02:20:37,878 [EventQueue-PipelineReportForPipelineReportHandler] INFO  pipeline.PipelineReportHandler (PipelineReportHandler.java:processPipelineReport(119)) - Pipeline PipelineID=82967e71-bcdb-463f-a028-d7c8f5beb75a reported by f349c4dc-e0f5-43f3-b014-e61370cb1add{ip: 192.168.157.194, host: pr-hdds-1868-g97gg-2149769003, networkLocation: /default-rack, certSerialId: null} with leaderId 5459097b-5895-44f9-a57c-1b76b0f7af13
2019-10-17 02:20:37,878 [13e6f2a0-7b74-4c29-b613-54a9ac99ca5d@group-D7C8F5BEB75A-LeaderElection22] INFO  impl.LeaderElection (LeaderElection.java:askForVotes(178)) - 13e6f2a0-7b74-4c29-b613-54a9ac99ca5d@group-D7C8F5BEB75A-LeaderElection22: begin an election at term 3 for -1: [f349c4dc-e0f5-43f3-b014-e61370cb1add:192.168.157.194:39280, 13e6f2a0-7b74-4c29-b613-54a9ac99ca5d:192.168.157.194:32860, 5459097b-5895-44f9-a57c-1b76b0f7af13:192.168.157.194:35032], old=null
2019-10-17 02:20:37,879 [Thread-482] INFO  impl.RaftServerImpl (ServerState.java:setLeader(256)) - 5459097b-5895-44f9-a57c-1b76b0f7af13@group-D7C8F5BEB75A: change Leader from 5459097b-5895-44f9-a57c-1b76b0f7af13 to null at term 3 for updateCurrentTerm
2019-10-17 02:20:37,880 [Thread-482] INFO  impl.RaftServerImpl (RaftServerImpl.java:setRole(184)) - 5459097b-5895-44f9-a57c-1b76b0f7af13@group-D7C8F5BEB75A: changes role from    LEADER to FOLLOWER at term 3 for stepDown
2019-10-17 02:20:37,880 [Thread-482] INFO  impl.RoleInfo (RoleInfo.java:shutdownLeaderState(104)) - 5459097b-5895-44f9-a57c-1b76b0f7af13: shutdown LeaderState
2019-10-17 02:20:37,906 [org.apache.ratis.server.impl.LogAppender$AppenderDaemon$$Lambda$422/551139436@21f9c35e] WARN  server.GrpcLogAppender (GrpcLogAppender.java:mayWait(149)) - 5459097b-5895-44f9-a57c-1b76b0f7af13@group-D7C8F5BEB75A->13e6f2a0-7b74-4c29-b613-54a9ac99ca5d-GrpcLogAppender: Wait interrupted by java.lang.InterruptedException
2019-10-17 02:20:37,906 [org.apache.ratis.server.impl.LogAppender$AppenderDaemon$$Lambda$422/551139436@10231779] WARN  server.GrpcLogAppender (GrpcLogAppender.java:mayWait(149)) - 5459097b-5895-44f9-a57c-1b76b0f7af13@group-D7C8F5BEB75A->f349c4dc-e0f5-43f3-b014-e61370cb1add-GrpcLogAppender: Wait interrupted by java.lang.InterruptedException
2019-10-17 02:20:37,906 [Thread-482] INFO  impl.PendingRequests (PendingRequests.java:sendNotLeaderResponses(202)) - 5459097b-5895-44f9-a57c-1b76b0f7af13@group-D7C8F5BEB75A-PendingRequests: sendNotLeaderResponses
2019-10-17 02:20:37,906 [grpc-default-executor-4] INFO  impl.RaftServerImpl (ServerState.java:setRaftConf(357)) - f349c4dc-e0f5-43f3-b014-e61370cb1add@group-D7C8F5BEB75A: set configuration 0: [f349c4dc-e0f5-43f3-b014-e61370cb1add:192.168.157.194:39280, 13e6f2a0-7b74-4c29-b613-54a9ac99ca5d:192.168.157.194:32860, 5459097b-5895-44f9-a57c-1b76b0f7af13:192.168.157.194:35032], old=null at 0
2019-10-17 02:20:37,906 [grpc-default-executor-0] INFO  server.GrpcServerProtocolService (GrpcServerProtocolService.java:onCompleted(113)) - 13e6f2a0-7b74-4c29-b613-54a9ac99ca5d: Completed APPEND_ENTRIES, lastRequest: 5459097b-5895-44f9-a57c-1b76b0f7af13->13e6f2a0-7b74-4c29-b613-54a9ac99ca5d#0-t2, previous=(t:0, i:0), leaderCommit=-1, initializing? false, entries: <empty>
2019-10-17 02:20:37,907 [grpc-default-executor-3] INFO  impl.RaftServerImpl (ServerState.java:setLeader(256)) - f349c4dc-e0f5-43f3-b014-e61370cb1add@group-D7C8F5BEB75A: change Leader from 5459097b-5895-44f9-a57c-1b76b0f7af13 to null at term 3 for updateCurrentTerm
2019-10-17 02:20:37,906 [Thread-482] INFO  impl.RoleInfo (RoleInfo.java:updateAndGet(143)) - 5459097b-5895-44f9-a57c-1b76b0f7af13: start FollowerState
2019-10-17 02:20:37,907 [grpc-default-executor-0] INFO  server.GrpcLogAppender (GrpcLogAppender.java:onCompleted(308)) - 5459097b-5895-44f9-a57c-1b76b0f7af13@group-D7C8F5BEB75A->13e6f2a0-7b74-4c29-b613-54a9ac99ca5d-AppendLogResponseHandler: follower responses appendEntries COMPLETED
2019-10-17 02:20:37,907 [grpc-default-executor-3] INFO  impl.RaftServerImpl (RaftServerImpl.java:setRole(184)) - f349c4dc-e0f5-43f3-b014-e61370cb1add@group-D7C8F5BEB75A: changes role from  FOLLOWER to FOLLOWER at term 3 for recognizeCandidate:13e6f2a0-7b74-4c29-b613-54a9ac99ca5d
2019-10-17 02:20:37,908 [grpc-default-executor-3] INFO  impl.RoleInfo (RoleInfo.java:shutdownFollowerState(121)) - f349c4dc-e0f5-43f3-b014-e61370cb1add: shutdown FollowerState
2019-10-17 02:20:37,908 [grpc-default-executor-0] INFO  impl.FollowerInfo (FollowerInfo.java:lambda$new$0(51)) - 5459097b-5895-44f9-a57c-1b76b0f7af13@group-D7C8F5BEB75A->13e6f2a0-7b74-4c29-b613-54a9ac99ca5d: nextIndex: updateUnconditionally 0 -> 0
2019-10-17 02:20:37,909 [grpc-default-executor-3] INFO  impl.RoleInfo (RoleInfo.java:updateAndGet(143)) - f349c4dc-e0f5-43f3-b014-e61370cb1add: start FollowerState
2019-10-17 02:20:37,909 [Thread-480] INFO  impl.FollowerState (FollowerState.java:run(117)) - f349c4dc-e0f5-43f3-b014-e61370cb1add@group-D7C8F5BEB75A-FollowerState was interrupted: java.lang.InterruptedException: sleep interrupted
2019-10-17 02:20:37,910 [grpc-default-executor-4] INFO  segmented.SegmentedRaftLogWorker (SegmentedRaftLogWorker.java:truncate(401)) - f349c4dc-e0f5-43f3-b014-e61370cb1add@group-D7C8F5BEB75A-SegmentedRaftLogWorker: Truncating segments toTruncate: null
  toDelete: [(0, 0) isOpen? true, length=0, newEndIndex=-1], start index 0
2019-10-17 02:20:37,911 [grpc-default-executor-4] INFO  segmented.SegmentedRaftLogWorker (SegmentedRaftLogWorker.java:startLogSegment(385)) - f349c4dc-e0f5-43f3-b014-e61370cb1add@group-D7C8F5BEB75A-SegmentedRaftLogWorker: Starting segment from index:0
2019-10-17 02:20:37,912 [f349c4dc-e0f5-43f3-b014-e61370cb1add@group-D7C8F5BEB75A-SegmentedRaftLogWorker] INFO  segmented.SegmentedRaftLogWorker (SegmentedRaftLogWorker.java:execute(640)) - f349c4dc-e0f5-43f3-b014-e61370cb1add@group-D7C8F5BEB75A-SegmentedRaftLogWorker: Deleted log file /workdir/hadoop-ozone/tools/target/test-dir/MiniOzoneClusterImpl-1621c73c-e138-4460-b72a-fef3cb598a20/datanode-2/data/ratis/82967e71-bcdb-463f-a028-d7c8f5beb75a/current/log_inprogress_0
2019-10-17 02:20:37,912 [grpc-default-executor-4] INFO  server.GrpcServerProtocolService (GrpcServerProtocolService.java:onCompleted(113)) - f349c4dc-e0f5-43f3-b014-e61370cb1add: Completed APPEND_ENTRIES, lastRequest: 5459097b-5895-44f9-a57c-1b76b0f7af13->f349c4dc-e0f5-43f3-b014-e61370cb1add#1-t2, previous=(t:0, i:0), leaderCommit=-1, initializing? false, entries: size=1, first=(t:2, i:0), CONFIGURATIONENTRY
2019-10-17 02:20:37,912 [f349c4dc-e0f5-43f3-b014-e61370cb1add@group-D7C8F5BEB75A-SegmentedRaftLogWorker] INFO  segmented.SegmentedRaftLogWorker (SegmentedRaftLogWorker.java:lambda$new$0(128)) - f349c4dc-e0f5-43f3-b014-e61370cb1add@group-D7C8F5BEB75A-SegmentedRaftLogWorker: flushIndex: setUnconditionally 0 -> -1
2019-10-17 02:20:37,913 [grpc-default-executor-4] INFO  server.GrpcLogAppender (GrpcLogAppender.java:onCompleted(308)) - 5459097b-5895-44f9-a57c-1b76b0f7af13@group-D7C8F5BEB75A->f349c4dc-e0f5-43f3-b014-e61370cb1add-AppendLogResponseHandler: follower responses appendEntries COMPLETED
2019-10-17 02:20:37,946 [5459097b-5895-44f9-a57c-1b76b0f7af13@group-D7C8F5BEB75A-SegmentedRaftLogWorker] INFO  segmented.SegmentedRaftLogWorker (SegmentedRaftLogWorker.java:execute(576)) - 5459097b-5895-44f9-a57c-1b76b0f7af13@group-D7C8F5BEB75A-SegmentedRaftLogWorker: created new log segment /workdir/hadoop-ozone/tools/target/test-dir/MiniOzoneClusterImpl-1621c73c-e138-4460-b72a-fef3cb598a20/datanode-0/data/ratis/82967e71-bcdb-463f-a028-d7c8f5beb75a/current/log_inprogress_0
2019-10-17 02:20:37,948 [grpc-default-executor-6] INFO  impl.RaftServerImpl (RaftServerImpl.java:setRole(184)) - 5459097b-5895-44f9-a57c-1b76b0f7af13@group-D7C8F5BEB75A: changes role from  FOLLOWER to FOLLOWER at term 3 for recognizeCandidate:13e6f2a0-7b74-4c29-b613-54a9ac99ca5d
2019-10-17 02:20:37,948 [grpc-default-executor-6] INFO  impl.RoleInfo (RoleInfo.java:shutdownFollowerState(121)) - 5459097b-5895-44f9-a57c-1b76b0f7af13: shutdown FollowerState
2019-10-17 02:20:37,948 [grpc-default-executor-4] INFO  impl.FollowerInfo (FollowerInfo.java:lambda$new$0(51)) - 5459097b-5895-44f9-a57c-1b76b0f7af13@group-D7C8F5BEB75A->f349c4dc-e0f5-43f3-b014-e61370cb1add: nextIndex: updateUnconditionally 1 -> 0
2019-10-17 02:20:37,948 [grpc-default-executor-6] INFO  impl.RoleInfo (RoleInfo.java:updateAndGet(143)) - 5459097b-5895-44f9-a57c-1b76b0f7af13: start FollowerState
2019-10-17 02:20:37,948 [Thread-491] INFO  impl.FollowerState (FollowerState.java:run(117)) - 5459097b-5895-44f9-a57c-1b76b0f7af13@group-D7C8F5BEB75A-FollowerState was interrupted: java.lang.InterruptedException: sleep interrupted
2019-10-17 02:20:37,950 [13e6f2a0-7b74-4c29-b613-54a9ac99ca5d@group-D7C8F5BEB75A-LeaderElection22] INFO  impl.LeaderElection (LeaderElection.java:logAndReturn(56)) - 13e6f2a0-7b74-4c29-b613-54a9ac99ca5d@group-D7C8F5BEB75A-LeaderElection22: Election REJECTED; received 2 response(s) [13e6f2a0-7b74-4c29-b613-54a9ac99ca5d<-f349c4dc-e0f5-43f3-b014-e61370cb1add#0:FAIL-t3, 13e6f2a0-7b74-4c29-b613-54a9ac99ca5d<-5459097b-5895-44f9-a57c-1b76b0f7af13#0:FAIL-t3] and 0 exception(s); 13e6f2a0-7b74-4c29-b613-54a9ac99ca5d@group-D7C8F5BEB75A:t3, leader=null, voted=13e6f2a0-7b74-4c29-b613-54a9ac99ca5d, raftlog=13e6f2a0-7b74-4c29-b613-54a9ac99ca5d@group-D7C8F5BEB75A-SegmentedRaftLog:OPENED:c-1,f-1,i0, conf=-1: [f349c4dc-e0f5-43f3-b014-e61370cb1add:192.168.157.194:39280, 13e6f2a0-7b74-4c29-b613-54a9ac99ca5d:192.168.157.194:32860, 5459097b-5895-44f9-a57c-1b76b0f7af13:192.168.157.194:35032], old=null
2019-10-17 02:20:37,950 [13e6f2a0-7b74-4c29-b613-54a9ac99ca5d@group-D7C8F5BEB75A-LeaderElection22] INFO  impl.RaftServerImpl (RaftServerImpl.java:setRole(184)) - 13e6f2a0-7b74-4c29-b613-54a9ac99ca5d@group-D7C8F5BEB75A: changes role from CANDIDATE to FOLLOWER at term 3 for DISCOVERED_A_NEW_TERM
2019-10-17 02:20:37,950 [13e6f2a0-7b74-4c29-b613-54a9ac99ca5d@group-D7C8F5BEB75A-LeaderElection22] INFO  impl.RoleInfo (RoleInfo.java:shutdownLeaderElection(134)) - 13e6f2a0-7b74-4c29-b613-54a9ac99ca5d: shutdown LeaderElection
2019-10-17 02:20:37,950 [13e6f2a0-7b74-4c29-b613-54a9ac99ca5d@group-D7C8F5BEB75A-LeaderElection22] INFO  impl.RoleInfo (RoleInfo.java:updateAndGet(143)) - 13e6f2a0-7b74-4c29-b613-54a9ac99ca5d: start FollowerState
2019-10-17 02:20:37,959 [f349c4dc-e0f5-43f3-b014-e61370cb1add@group-D7C8F5BEB75A-SegmentedRaftLogWorker] INFO  segmented.SegmentedRaftLogWorker (SegmentedRaftLogWorker.java:execute(576)) - f349c4dc-e0f5-43f3-b014-e61370cb1add@group-D7C8F5BEB75A-SegmentedRaftLogWorker: created new log segment /workdir/hadoop-ozone/tools/target/test-dir/MiniOzoneClusterImpl-1621c73c-e138-4460-b72a-fef3cb598a20/datanode-2/data/ratis/82967e71-bcdb-463f-a028-d7c8f5beb75a/current/log_inprogress_0
2019-10-17 02:20:38,148 [Thread-494] INFO  impl.FollowerState (FollowerState.java:run(108)) - 13e6f2a0-7b74-4c29-b613-54a9ac99ca5d@group-D7C8F5BEB75A-FollowerState: change to CANDIDATE, lastRpcTime:197ms, electionTimeout:197ms
2019-10-17 02:20:38,148 [Thread-494] INFO  impl.RoleInfo (RoleInfo.java:shutdownFollowerState(121)) - 13e6f2a0-7b74-4c29-b613-54a9ac99ca5d: shutdown FollowerState
2019-10-17 02:20:38,148 [Thread-494] INFO  impl.RaftServerImpl (RaftServerImpl.java:setRole(184)) - 13e6f2a0-7b74-4c29-b613-54a9ac99ca5d@group-D7C8F5BEB75A: changes role from  FOLLOWER to CANDIDATE at term 3 for changeToCandidate
2019-10-17 02:20:38,148 [Thread-494] INFO  impl.RoleInfo (RoleInfo.java:updateAndGet(143)) - 13e6f2a0-7b74-4c29-b613-54a9ac99ca5d: start LeaderElection
2019-10-17 02:20:38,175 [13e6f2a0-7b74-4c29-b613-54a9ac99ca5d@group-D7C8F5BEB75A-LeaderElection23] INFO  impl.LeaderElection (LeaderElection.java:askForVotes(178)) - 13e6f2a0-7b74-4c29-b613-54a9ac99ca5d@group-D7C8F5BEB75A-LeaderElection23: begin an election at term 4 for -1: [f349c4dc-e0f5-43f3-b014-e61370cb1add:192.168.157.194:39280, 13e6f2a0-7b74-4c29-b613-54a9ac99ca5d:192.168.157.194:32860, 5459097b-5895-44f9-a57c-1b76b0f7af13:192.168.157.194:35032], old=null
2019-10-17 02:20:38,178 [grpc-default-executor-6] INFO  impl.RaftServerImpl (RaftServerImpl.java:setRole(184)) - 5459097b-5895-44f9-a57c-1b76b0f7af13@group-D7C8F5BEB75A: changes role from  FOLLOWER to FOLLOWER at term 4 for recognizeCandidate:13e6f2a0-7b74-4c29-b613-54a9ac99ca5d
2019-10-17 02:20:38,178 [grpc-default-executor-6] INFO  impl.RoleInfo (RoleInfo.java:shutdownFollowerState(121)) - 5459097b-5895-44f9-a57c-1b76b0f7af13: shutdown FollowerState
2019-10-17 02:20:38,178 [Thread-493] INFO  impl.FollowerState (FollowerState.java:run(117)) - 5459097b-5895-44f9-a57c-1b76b0f7af13@group-D7C8F5BEB75A-FollowerState was interrupted: java.lang.InterruptedException: sleep interrupted
2019-10-17 02:20:38,178 [grpc-default-executor-3] INFO  impl.RaftServerImpl (RaftServerImpl.java:setRole(184)) - f349c4dc-e0f5-43f3-b014-e61370cb1add@group-D7C8F5BEB75A: changes role from  FOLLOWER to FOLLOWER at term 4 for recognizeCandidate:13e6f2a0-7b74-4c29-b613-54a9ac99ca5d
2019-10-17 02:20:38,178 [grpc-default-executor-6] INFO  impl.RoleInfo (RoleInfo.java:updateAndGet(143)) - 5459097b-5895-44f9-a57c-1b76b0f7af13: start FollowerState
2019-10-17 02:20:38,179 [grpc-default-executor-3] INFO  impl.RoleInfo (RoleInfo.java:shutdownFollowerState(121)) - f349c4dc-e0f5-43f3-b014-e61370cb1add: shutdown FollowerState
2019-10-17 02:20:38,179 [Thread-492] INFO  impl.FollowerState (FollowerState.java:run(117)) - f349c4dc-e0f5-43f3-b014-e61370cb1add@group-D7C8F5BEB75A-FollowerState was interrupted: java.lang.InterruptedException: sleep interrupted
2019-10-17 02:20:38,179 [grpc-default-executor-3] INFO  impl.RoleInfo (RoleInfo.java:updateAndGet(143)) - f349c4dc-e0f5-43f3-b014-e61370cb1add: start FollowerState
2019-10-17 02:20:38,194 [13e6f2a0-7b74-4c29-b613-54a9ac99ca5d@group-D7C8F5BEB75A-LeaderElection23] INFO  impl.LeaderElection (LeaderElection.java:logAndReturn(56)) - 13e6f2a0-7b74-4c29-b613-54a9ac99ca5d@group-D7C8F5BEB75A-LeaderElection23: Election REJECTED; received 2 response(s) [13e6f2a0-7b74-4c29-b613-54a9ac99ca5d<-f349c4dc-e0f5-43f3-b014-e61370cb1add#0:FAIL-t4, 13e6f2a0-7b74-4c29-b613-54a9ac99ca5d<-5459097b-5895-44f9-a57c-1b76b0f7af13#0:FAIL-t4] and 0 exception(s); 13e6f2a0-7b74-4c29-b613-54a9ac99ca5d@group-D7C8F5BEB75A:t4, leader=null, voted=13e6f2a0-7b74-4c29-b613-54a9ac99ca5d, raftlog=13e6f2a0-7b74-4c29-b613-54a9ac99ca5d@group-D7C8F5BEB75A-SegmentedRaftLog:OPENED:c-1,f-1,i0, conf=-1: [f349c4dc-e0f5-43f3-b014-e61370cb1add:192.168.157.194:39280, 13e6f2a0-7b74-4c29-b613-54a9ac99ca5d:192.168.157.194:32860, 5459097b-5895-44f9-a57c-1b76b0f7af13:192.168.157.194:35032], old=null
2019-10-17 02:20:38,194 [13e6f2a0-7b74-4c29-b613-54a9ac99ca5d@group-D7C8F5BEB75A-LeaderElection23] INFO  impl.RaftServerImpl (RaftServerImpl.java:setRole(184)) - 13e6f2a0-7b74-4c29-b613-54a9ac99ca5d@group-D7C8F5BEB75A: changes role from CANDIDATE to FOLLOWER at term 4 for DISCOVERED_A_NEW_TERM
2019-10-17 02:20:38,194 [13e6f2a0-7b74-4c29-b613-54a9ac99ca5d@group-D7C8F5BEB75A-LeaderElection23] INFO  impl.RoleInfo (RoleInfo.java:shutdownLeaderElection(134)) - 13e6f2a0-7b74-4c29-b613-54a9ac99ca5d: shutdown LeaderElection
2019-10-17 02:20:38,194 [13e6f2a0-7b74-4c29-b613-54a9ac99ca5d@group-D7C8F5BEB75A-LeaderElection23] INFO  impl.RoleInfo (RoleInfo.java:updateAndGet(143)) - 13e6f2a0-7b74-4c29-b613-54a9ac99ca5d: start FollowerState
2019-10-17 02:20:38,236 [Thread-501] INFO  impl.FollowerState (FollowerState.java:run(108)) - 13e6f2a0-7b74-4c29-b613-54a9ac99ca5d@group-D7C8F5BEB75A-FollowerState: change to CANDIDATE, lastRpcTime:41ms, electionTimeout:41ms
2019-10-17 02:20:38,237 [Thread-501] INFO  impl.RoleInfo (RoleInfo.java:shutdownFollowerState(121)) - 13e6f2a0-7b74-4c29-b613-54a9ac99ca5d: shutdown FollowerState
2019-10-17 02:20:38,238 [Thread-501] INFO  impl.RaftServerImpl (RaftServerImpl.java:setRole(184)) - 13e6f2a0-7b74-4c29-b613-54a9ac99ca5d@group-D7C8F5BEB75A: changes role from  FOLLOWER to CANDIDATE at term 4 for changeToCandidate
2019-10-17 02:20:38,238 [Thread-501] INFO  impl.RoleInfo (RoleInfo.java:updateAndGet(143)) - 13e6f2a0-7b74-4c29-b613-54a9ac99ca5d: start LeaderElection
2019-10-17 02:20:38,251 [13e6f2a0-7b74-4c29-b613-54a9ac99ca5d@group-D7C8F5BEB75A-LeaderElection24] INFO  impl.LeaderElection (LeaderElection.java:askForVotes(178)) - 13e6f2a0-7b74-4c29-b613-54a9ac99ca5d@group-D7C8F5BEB75A-LeaderElection24: begin an election at term 5 for -1: [f349c4dc-e0f5-43f3-b014-e61370cb1add:192.168.157.194:39280, 13e6f2a0-7b74-4c29-b613-54a9ac99ca5d:192.168.157.194:32860, 5459097b-5895-44f9-a57c-1b76b0f7af13:192.168.157.194:35032], old=null
2019-10-17 02:20:38,254 [grpc-default-executor-6] INFO  impl.RaftServerImpl (RaftServerImpl.java:setRole(184)) - f349c4dc-e0f5-43f3-b014-e61370cb1add@group-D7C8F5BEB75A: changes role from  FOLLOWER to FOLLOWER at term 5 for recognizeCandidate:13e6f2a0-7b74-4c29-b613-54a9ac99ca5d
2019-10-17 02:20:38,254 [grpc-default-executor-6] INFO  impl.RoleInfo (RoleInfo.java:shutdownFollowerState(121)) - f349c4dc-e0f5-43f3-b014-e61370cb1add: shutdown FollowerState
2019-10-17 02:20:38,254 [grpc-default-executor-6] INFO  impl.RoleInfo (RoleInfo.java:updateAndGet(143)) - f349c4dc-e0f5-43f3-b014-e61370cb1add: start FollowerState
2019-10-17 02:20:38,254 [Thread-500] INFO  impl.FollowerState (FollowerState.java:run(117)) - f349c4dc-e0f5-43f3-b014-e61370cb1add@group-D7C8F5BEB75A-FollowerState was interrupted: java.lang.InterruptedException: sleep interrupted
2019-10-17 02:20:38,254 [grpc-default-executor-3] INFO  impl.RaftServerImpl (RaftServerImpl.java:setRole(184)) - 5459097b-5895-44f9-a57c-1b76b0f7af13@group-D7C8F5BEB75A: changes role from  FOLLOWER to FOLLOWER at term 5 for recognizeCandidate:13e6f2a0-7b74-4c29-b613-54a9ac99ca5d
2019-10-17 02:20:38,254 [grpc-default-executor-3] INFO  impl.RoleInfo (RoleInfo.java:shutdownFollowerState(121)) - 5459097b-5895-44f9-a57c-1b76b0f7af13: shutdown FollowerState
2019-10-17 02:20:38,255 [grpc-default-executor-3] INFO  impl.RoleInfo (RoleInfo.java:updateAndGet(143)) - 5459097b-5895-44f9-a57c-1b76b0f7af13: start FollowerState
2019-10-17 02:20:38,255 [Thread-499] INFO  impl.FollowerState (FollowerState.java:run(117)) - 5459097b-5895-44f9-a57c-1b76b0f7af13@group-D7C8F5BEB75A-FollowerState was interrupted: java.lang.InterruptedException: sleep interrupted
2019-10-17 02:20:38,261 [13e6f2a0-7b74-4c29-b613-54a9ac99ca5d@group-D7C8F5BEB75A-LeaderElection24] INFO  impl.LeaderElection (LeaderElection.java:logAndReturn(56)) - 13e6f2a0-7b74-4c29-b613-54a9ac99ca5d@group-D7C8F5BEB75A-LeaderElection24: Election TIMEOUT; received 0 response(s) [] and 0 exception(s); 13e6f2a0-7b74-4c29-b613-54a9ac99ca5d@group-D7C8F5BEB75A:t5, leader=null, voted=13e6f2a0-7b74-4c29-b613-54a9ac99ca5d, raftlog=13e6f2a0-7b74-4c29-b613-54a9ac99ca5d@group-D7C8F5BEB75A-SegmentedRaftLog:OPENED:c-1,f-1,i0, conf=-1: [f349c4dc-e0f5-43f3-b014-e61370cb1add:192.168.157.194:39280, 13e6f2a0-7b74-4c29-b613-54a9ac99ca5d:192.168.157.194:32860, 5459097b-5895-44f9-a57c-1b76b0f7af13:192.168.157.194:35032], old=null
2019-10-17 02:20:38,267 [13e6f2a0-7b74-4c29-b613-54a9ac99ca5d@group-D7C8F5BEB75A-LeaderElection24] INFO  impl.LeaderElection (LeaderElection.java:askForVotes(178)) - 13e6f2a0-7b74-4c29-b613-54a9ac99ca5d@group-D7C8F5BEB75A-LeaderElection24: begin an election at term 6 for -1: [f349c4dc-e0f5-43f3-b014-e61370cb1add:192.168.157.194:39280, 13e6f2a0-7b74-4c29-b613-54a9ac99ca5d:192.168.157.194:32860, 5459097b-5895-44f9-a57c-1b76b0f7af13:192.168.157.194:35032], old=null
2019-10-17 02:20:38,269 [grpc-default-executor-6] INFO  impl.RaftServerImpl (RaftServerImpl.java:setRole(184)) - 5459097b-5895-44f9-a57c-1b76b0f7af13@group-D7C8F5BEB75A: changes role from  FOLLOWER to FOLLOWER at term 6 for recognizeCandidate:13e6f2a0-7b74-4c29-b613-54a9ac99ca5d
2019-10-17 02:20:38,270 [grpc-default-executor-6] INFO  impl.RoleInfo (RoleInfo.java:shutdownFollowerState(121)) - 5459097b-5895-44f9-a57c-1b76b0f7af13: shutdown FollowerState
2019-10-17 02:20:38,271 [grpc-default-executor-6] INFO  impl.RoleInfo (RoleInfo.java:updateAndGet(143)) - 5459097b-5895-44f9-a57c-1b76b0f7af13: start FollowerState
2019-10-17 02:20:38,271 [grpc-default-executor-3] INFO  impl.RaftServerImpl (RaftServerImpl.java:setRole(184)) - f349c4dc-e0f5-43f3-b014-e61370cb1add@group-D7C8F5BEB75A: changes role from  FOLLOWER to FOLLOWER at term 6 for recognizeCandidate:13e6f2a0-7b74-4c29-b613-54a9ac99ca5d
2019-10-17 02:20:38,271 [Thread-506] INFO  impl.FollowerState (FollowerState.java:run(117)) - 5459097b-5895-44f9-a57c-1b76b0f7af13@group-D7C8F5BEB75A-FollowerState was interrupted: java.lang.InterruptedException: sleep interrupted
2019-10-17 02:20:38,271 [grpc-default-executor-3] INFO  impl.RoleInfo (RoleInfo.java:shutdownFollowerState(121)) - f349c4dc-e0f5-43f3-b014-e61370cb1add: shutdown FollowerState
2019-10-17 02:20:38,271 [Thread-505] INFO  impl.FollowerState (FollowerState.java:run(117)) - f349c4dc-e0f5-43f3-b014-e61370cb1add@group-D7C8F5BEB75A-FollowerState was interrupted: java.lang.InterruptedException: sleep interrupted
2019-10-17 02:20:38,271 [grpc-default-executor-3] INFO  impl.RoleInfo (RoleInfo.java:updateAndGet(143)) - f349c4dc-e0f5-43f3-b014-e61370cb1add: start FollowerState
2019-10-17 02:20:38,285 [13e6f2a0-7b74-4c29-b613-54a9ac99ca5d@group-D7C8F5BEB75A-LeaderElection24] INFO  impl.LeaderElection (LeaderElection.java:logAndReturn(56)) - 13e6f2a0-7b74-4c29-b613-54a9ac99ca5d@group-D7C8F5BEB75A-LeaderElection24: Election REJECTED; received 2 response(s) [13e6f2a0-7b74-4c29-b613-54a9ac99ca5d<-f349c4dc-e0f5-43f3-b014-e61370cb1add#0:FAIL-t6, 13e6f2a0-7b74-4c29-b613-54a9ac99ca5d<-5459097b-5895-44f9-a57c-1b76b0f7af13#0:FAIL-t6] and 0 exception(s); 13e6f2a0-7b74-4c29-b613-54a9ac99ca5d@group-D7C8F5BEB75A:t6, leader=null, voted=13e6f2a0-7b74-4c29-b613-54a9ac99ca5d, raftlog=13e6f2a0-7b74-4c29-b613-54a9ac99ca5d@group-D7C8F5BEB75A-SegmentedRaftLog:OPENED:c-1,f-1,i0, conf=-1: [f349c4dc-e0f5-43f3-b014-e61370cb1add:192.168.157.194:39280, 13e6f2a0-7b74-4c29-b613-54a9ac99ca5d:192.168.157.194:32860, 5459097b-5895-44f9-a57c-1b76b0f7af13:192.168.157.194:35032], old=null
2019-10-17 02:20:38,285 [13e6f2a0-7b74-4c29-b613-54a9ac99ca5d@group-D7C8F5BEB75A-LeaderElection24] INFO  impl.RaftServerImpl (RaftServerImpl.java:setRole(184)) - 13e6f2a0-7b74-4c29-b613-54a9ac99ca5d@group-D7C8F5BEB75A: changes role from CANDIDATE to FOLLOWER at term 6 for DISCOVERED_A_NEW_TERM
2019-10-17 02:20:38,285 [13e6f2a0-7b74-4c29-b613-54a9ac99ca5d@group-D7C8F5BEB75A-LeaderElection24] INFO  impl.RoleInfo (RoleInfo.java:shutdownLeaderElection(134)) - 13e6f2a0-7b74-4c29-b613-54a9ac99ca5d: shutdown LeaderElection
2019-10-17 02:20:38,285 [13e6f2a0-7b74-4c29-b613-54a9ac99ca5d@group-D7C8F5BEB75A-LeaderElection24] INFO  impl.RoleInfo (RoleInfo.java:updateAndGet(143)) - 13e6f2a0-7b74-4c29-b613-54a9ac99ca5d: start FollowerState
2019-10-17 02:20:38,470 [Thread-511] INFO  impl.FollowerState (FollowerState.java:run(108)) - 13e6f2a0-7b74-4c29-b613-54a9ac99ca5d@group-D7C8F5BEB75A-FollowerState: change to CANDIDATE, lastRpcTime:185ms, electionTimeout:185ms
2019-10-17 02:20:38,472 [Thread-511] INFO  impl.RoleInfo (RoleInfo.java:shutdownFollowerState(121)) - 13e6f2a0-7b74-4c29-b613-54a9ac99ca5d: shutdown FollowerState
2019-10-17 02:20:38,472 [Thread-511] INFO  impl.RaftServerImpl (RaftServerImpl.java:setRole(184)) - 13e6f2a0-7b74-4c29-b613-54a9ac99ca5d@group-D7C8F5BEB75A: changes role from  FOLLOWER to CANDIDATE at term 6 for changeToCandidate
2019-10-17 02:20:38,473 [Thread-511] INFO  impl.RoleInfo (RoleInfo.java:updateAndGet(143)) - 13e6f2a0-7b74-4c29-b613-54a9ac99ca5d: start LeaderElection
2019-10-17 02:20:38,478 [13e6f2a0-7b74-4c29-b613-54a9ac99ca5d@group-D7C8F5BEB75A-LeaderElection25] INFO  impl.LeaderElection (LeaderElection.java:askForVotes(178)) - 13e6f2a0-7b74-4c29-b613-54a9ac99ca5d@group-D7C8F5BEB75A-LeaderElection25: begin an election at term 7 for -1: [f349c4dc-e0f5-43f3-b014-e61370cb1add:192.168.157.194:39280, 13e6f2a0-7b74-4c29-b613-54a9ac99ca5d:192.168.157.194:32860, 5459097b-5895-44f9-a57c-1b76b0f7af13:192.168.157.194:35032], old=null
2019-10-17 02:20:38,481 [grpc-default-executor-6] INFO  impl.RaftServerImpl (RaftServerImpl.java:setRole(184)) - 5459097b-5895-44f9-a57c-1b76b0f7af13@group-D7C8F5BEB75A: changes role from  FOLLOWER to FOLLOWER at term 7 for recognizeCandidate:13e6f2a0-7b74-4c29-b613-54a9ac99ca5d
2019-10-17 02:20:38,481 [grpc-default-executor-3] INFO  impl.RaftServerImpl (RaftServerImpl.java:setRole(184)) - f349c4dc-e0f5-43f3-b014-e61370cb1add@group-D7C8F5BEB75A: changes role from  FOLLOWER to FOLLOWER at term 7 for recognizeCandidate:13e6f2a0-7b74-4c29-b613-54a9ac99ca5d
2019-10-17 02:20:38,481 [grpc-default-executor-6] INFO  impl.RoleInfo (RoleInfo.java:shutdownFollowerState(121)) - 5459097b-5895-44f9-a57c-1b76b0f7af13: shutdown FollowerState
2019-10-17 02:20:38,481 [grpc-default-executor-3] INFO  impl.RoleInfo (RoleInfo.java:shutdownFollowerState(121)) - f349c4dc-e0f5-43f3-b014-e61370cb1add: shutdown FollowerState
2019-10-17 02:20:38,481 [Thread-509] INFO  impl.FollowerState (FollowerState.java:run(117)) - 5459097b-5895-44f9-a57c-1b76b0f7af13@group-D7C8F5BEB75A-FollowerState was interrupted: java.lang.InterruptedException: sleep interrupted
2019-10-17 02:20:38,481 [grpc-default-executor-6] INFO  impl.RoleInfo (RoleInfo.java:updateAndGet(143)) - 5459097b-5895-44f9-a57c-1b76b0f7af13: start FollowerState
2019-10-17 02:20:38,482 [Thread-510] INFO  impl.FollowerState (FollowerState.java:run(117)) - f349c4dc-e0f5-43f3-b014-e61370cb1add@group-D7C8F5BEB75A-FollowerState was interrupted: java.lang.InterruptedException: sleep interrupted
2019-10-17 02:20:38,481 [grpc-default-executor-3] INFO  impl.RoleInfo (RoleInfo.java:updateAndGet(143)) - f349c4dc-e0f5-43f3-b014-e61370cb1add: start FollowerState
2019-10-17 02:20:38,497 [13e6f2a0-7b74-4c29-b613-54a9ac99ca5d@group-D7C8F5BEB75A-LeaderElection25] INFO  impl.LeaderElection (LeaderElection.java:logAndReturn(56)) - 13e6f2a0-7b74-4c29-b613-54a9ac99ca5d@group-D7C8F5BEB75A-LeaderElection25: Election REJECTED; received 2 response(s) [13e6f2a0-7b74-4c29-b613-54a9ac99ca5d<-f349c4dc-e0f5-43f3-b014-e61370cb1add#0:FAIL-t7, 13e6f2a0-7b74-4c29-b613-54a9ac99ca5d<-5459097b-5895-44f9-a57c-1b76b0f7af13#0:FAIL-t7] and 0 exception(s); 13e6f2a0-7b74-4c29-b613-54a9ac99ca5d@group-D7C8F5BEB75A:t7, leader=null, voted=13e6f2a0-7b74-4c29-b613-54a9ac99ca5d, raftlog=13e6f2a0-7b74-4c29-b613-54a9ac99ca5d@group-D7C8F5BEB75A-SegmentedRaftLog:OPENED:c-1,f-1,i0, conf=-1: [f349c4dc-e0f5-43f3-b014-e61370cb1add:192.168.157.194:39280, 13e6f2a0-7b74-4c29-b613-54a9ac99ca5d:192.168.157.194:32860, 5459097b-5895-44f9-a57c-1b76b0f7af13:192.168.157.194:35032], old=null
2019-10-17 02:20:38,497 [13e6f2a0-7b74-4c29-b613-54a9ac99ca5d@group-D7C8F5BEB75A-LeaderElection25] INFO  impl.RaftServerImpl (RaftServerImpl.java:setRole(184)) - 13e6f2a0-7b74-4c29-b613-54a9ac99ca5d@group-D7C8F5BEB75A: changes role from CANDIDATE to FOLLOWER at term 7 for DISCOVERED_A_NEW_TERM
2019-10-17 02:20:38,497 [13e6f2a0-7b74-4c29-b613-54a9ac99ca5d@group-D7C8F5BEB75A-LeaderElection25] INFO  impl.RoleInfo (RoleInfo.java:shutdownLeaderElection(134)) - 13e6f2a0-7b74-4c29-b613-54a9ac99ca5d: shutdown LeaderElection
2019-10-17 02:20:38,497 [13e6f2a0-7b74-4c29-b613-54a9ac99ca5d@group-D7C8F5BEB75A-LeaderElection25] INFO  impl.RoleInfo (RoleInfo.java:updateAndGet(143)) - 13e6f2a0-7b74-4c29-b613-54a9ac99ca5d: start FollowerState
2019-10-17 02:20:38,522 [pool-73-thread-3] WARN  io.KeyOutputStream (KeyOutputStream.java:handleException(274)) - Encountered exception java.io.IOException: Unexpected Storage Container Exception: java.util.concurrent.CompletionException: java.util.concurrent.CompletionException: org.apache.ratis.protocol.GroupMismatchException: f349c4dc-e0f5-43f3-b014-e61370cb1add: group-D7585C27C4DD not found. on the pipeline Pipeline[ Id: 7529abe8-2273-4bbb-8e7a-d7585c27c4dd, Nodes: 5459097b-5895-44f9-a57c-1b76b0f7af13{ip: 192.168.157.194, host: pr-hdds-1868-g97gg-2149769003, networkLocation: /default-rack, certSerialId: null}f349c4dc-e0f5-43f3-b014-e61370cb1add{ip: 192.168.157.194, host: pr-hdds-1868-g97gg-2149769003, networkLocation: /default-rack, certSerialId: null}13e6f2a0-7b74-4c29-b613-54a9ac99ca5d{ip: 192.168.157.194, host: pr-hdds-1868-g97gg-2149769003, networkLocation: /default-rack, certSerialId: null}, Type:RATIS, Factor:THREE, State:OPEN]. The last committed block length is 0, uncommitted data length is 2097152 retry count 0
2019-10-17 02:20:38,551 [IPC Server handler 2 on 36371] WARN  block.BlockManagerImpl (BlockManagerImpl.java:allocateBlock(200)) - Pipeline creation failed for type:RATIS factor:THREE. Retrying get pipelines call once.
org.apache.hadoop.hdds.scm.pipeline.InsufficientDatanodesException: Cannot create pipeline of factor 3 using 2 nodes.
	at org.apache.hadoop.hdds.scm.pipeline.RatisPipelineProvider.create(RatisPipelineProvider.java:153)
	at org.apache.hadoop.hdds.scm.pipeline.PipelineFactory.create(PipelineFactory.java:58)
	at org.apache.hadoop.hdds.scm.pipeline.SCMPipelineManager.createPipeline(SCMPipelineManager.java:155)
	at org.apache.hadoop.hdds.scm.block.BlockManagerImpl.allocateBlock(BlockManagerImpl.java:198)
	at org.apache.hadoop.hdds.scm.server.SCMBlockProtocolServer.allocateBlock(SCMBlockProtocolServer.java:182)
	at org.apache.hadoop.hdds.scm.protocol.ScmBlockLocationProtocolServerSideTranslatorPB.allocateScmBlock(ScmBlockLocationProtocolServerSideTranslatorPB.java:159)
	at org.apache.hadoop.hdds.scm.protocol.ScmBlockLocationProtocolServerSideTranslatorPB.processMessage(ScmBlockLocationProtocolServerSideTranslatorPB.java:117)
	at org.apache.hadoop.hdds.server.OzoneProtocolMessageDispatcher.processRequest(OzoneProtocolMessageDispatcher.java:72)
	at org.apache.hadoop.hdds.scm.protocol.ScmBlockLocationProtocolServerSideTranslatorPB.send(ScmBlockLocationProtocolServerSideTranslatorPB.java:98)
	at org.apache.hadoop.hdds.protocol.proto.ScmBlockLocationProtocolProtos$ScmBlockLocationProtocolService$2.callBlockingMethod(ScmBlockLocationProtocolProtos.java:13157)
	at org.apache.hadoop.ipc.ProtobufRpcEngine$Server$ProtoBufRpcInvoker.call(ProtobufRpcEngine.java:524)
	at org.apache.hadoop.ipc.RPC$Server.call(RPC.java:1025)
	at org.apache.hadoop.ipc.Server$RpcCall.run(Server.java:876)
	at org.apache.hadoop.ipc.Server$RpcCall.run(Server.java:822)
	at java.security.AccessController.doPrivileged(Native Method)
	at javax.security.auth.Subject.doAs(Subject.java:422)
	at org.apache.hadoop.security.UserGroupInformation.doAs(UserGroupInformation.java:1730)
	at org.apache.hadoop.ipc.Server$Handler.run(Server.java:2682)
2019-10-17 02:20:38,551 [IPC Server handler 2 on 36371] INFO  block.BlockManagerImpl (BlockManagerImpl.java:allocateBlock(212)) - Could not find available pipeline of type:RATIS and factor:THREE even after retrying
2019-10-17 02:20:38,551 [IPC Server handler 2 on 36371] ERROR block.BlockManagerImpl (BlockManagerImpl.java:allocateBlock(236)) - Unable to allocate a block for the size: 4194304, type: RATIS, factor: THREE
2019-10-17 02:20:38,555 [pool-73-thread-3] ERROR io.BlockOutputStreamEntryPool (BlockOutputStreamEntryPool.java:allocateBlockIfNeeded(309)) - Try to allocate more blocks for write failed, already allocated 0 blocks for this write.
INTERNAL_ERROR org.apache.hadoop.ozone.om.exceptions.OMException: Allocated 0 blocks. Requested 1 blocks
	at org.apache.hadoop.ozone.om.protocolPB.OzoneManagerProtocolClientSideTranslatorPB.handleError(OzoneManagerProtocolClientSideTranslatorPB.java:732)
	at org.apache.hadoop.ozone.om.protocolPB.OzoneManagerProtocolClientSideTranslatorPB.allocateBlock(OzoneManagerProtocolClientSideTranslatorPB.java:764)
	at sun.reflect.NativeMethodAccessorImpl.invoke0(Native Method)
	at sun.reflect.NativeMethodAccessorImpl.invoke(NativeMethodAccessorImpl.java:62)
	at sun.reflect.DelegatingMethodAccessorImpl.invoke(DelegatingMethodAccessorImpl.java:43)
	at java.lang.reflect.Method.invoke(Method.java:498)
	at org.apache.hadoop.hdds.tracing.TraceAllMethod.invoke(TraceAllMethod.java:66)
	at com.sun.proxy.$Proxy37.allocateBlock(Unknown Source)
	at org.apache.hadoop.ozone.client.io.BlockOutputStreamEntryPool.allocateNewBlock(BlockOutputStreamEntryPool.java:258)
	at org.apache.hadoop.ozone.client.io.BlockOutputStreamEntryPool.allocateBlockIfNeeded(BlockOutputStreamEntryPool.java:306)
	at org.apache.hadoop.ozone.client.io.KeyOutputStream.handleWrite(KeyOutputStream.java:198)
	at org.apache.hadoop.ozone.client.io.KeyOutputStream.handleRetry(KeyOutputStream.java:375)
	at org.apache.hadoop.ozone.client.io.KeyOutputStream.handleException(KeyOutputStream.java:324)
	at org.apache.hadoop.ozone.client.io.KeyOutputStream.handleWrite(KeyOutputStream.java:228)
	at org.apache.hadoop.ozone.client.io.KeyOutputStream.write(KeyOutputStream.java:190)
	at org.apache.hadoop.ozone.client.io.OzoneOutputStream.write(OzoneOutputStream.java:49)
	at org.apache.hadoop.ozone.freon.RandomKeyGenerator.createKey(RandomKeyGenerator.java:708)
	at org.apache.hadoop.ozone.freon.RandomKeyGenerator.access$1100(RandomKeyGenerator.java:88)
	at org.apache.hadoop.ozone.freon.RandomKeyGenerator$ObjectCreator.run(RandomKeyGenerator.java:615)
	at java.util.concurrent.Executors$RunnableAdapter.call(Executors.java:511)
	at java.util.concurrent.FutureTask.run(FutureTask.java:266)
	at java.util.concurrent.ThreadPoolExecutor.runWorker(ThreadPoolExecutor.java:1149)
	at java.util.concurrent.ThreadPoolExecutor$Worker.run(ThreadPoolExecutor.java:624)
	at java.lang.Thread.run(Thread.java:748)
2019-10-17 02:20:38,557 [pool-73-thread-3] ERROR freon.RandomKeyGenerator (RandomKeyGenerator.java:createKey(733)) - Exception while adding key: key-0-80403 in bucket: bucket-0-14523 of volume: vol-0-58413.
INTERNAL_ERROR org.apache.hadoop.ozone.om.exceptions.OMException: Allocated 0 blocks. Requested 1 blocks
	at org.apache.hadoop.ozone.om.protocolPB.OzoneManagerProtocolClientSideTranslatorPB.handleError(OzoneManagerProtocolClientSideTranslatorPB.java:732)
	at org.apache.hadoop.ozone.om.protocolPB.OzoneManagerProtocolClientSideTranslatorPB.allocateBlock(OzoneManagerProtocolClientSideTranslatorPB.java:764)
	at sun.reflect.NativeMethodAccessorImpl.invoke0(Native Method)
	at sun.reflect.NativeMethodAccessorImpl.invoke(NativeMethodAccessorImpl.java:62)
	at sun.reflect.DelegatingMethodAccessorImpl.invoke(DelegatingMethodAccessorImpl.java:43)
	at java.lang.reflect.Method.invoke(Method.java:498)
	at org.apache.hadoop.hdds.tracing.TraceAllMethod.invoke(TraceAllMethod.java:66)
	at com.sun.proxy.$Proxy37.allocateBlock(Unknown Source)
	at org.apache.hadoop.ozone.client.io.BlockOutputStreamEntryPool.allocateNewBlock(BlockOutputStreamEntryPool.java:258)
	at org.apache.hadoop.ozone.client.io.BlockOutputStreamEntryPool.allocateBlockIfNeeded(BlockOutputStreamEntryPool.java:306)
	at org.apache.hadoop.ozone.client.io.KeyOutputStream.handleWrite(KeyOutputStream.java:198)
	at org.apache.hadoop.ozone.client.io.KeyOutputStream.handleRetry(KeyOutputStream.java:375)
	at org.apache.hadoop.ozone.client.io.KeyOutputStream.handleException(KeyOutputStream.java:324)
	at org.apache.hadoop.ozone.client.io.KeyOutputStream.handleWrite(KeyOutputStream.java:228)
	at org.apache.hadoop.ozone.client.io.KeyOutputStream.write(KeyOutputStream.java:190)
	at org.apache.hadoop.ozone.client.io.OzoneOutputStream.write(OzoneOutputStream.java:49)
	at org.apache.hadoop.ozone.freon.RandomKeyGenerator.createKey(RandomKeyGenerator.java:708)
	at org.apache.hadoop.ozone.freon.RandomKeyGenerator.access$1100(RandomKeyGenerator.java:88)
	at org.apache.hadoop.ozone.freon.RandomKeyGenerator$ObjectCreator.run(RandomKeyGenerator.java:615)
	at java.util.concurrent.Executors$RunnableAdapter.call(Executors.java:511)
	at java.util.concurrent.FutureTask.run(FutureTask.java:266)
	at java.util.concurrent.ThreadPoolExecutor.runWorker(ThreadPoolExecutor.java:1149)
	at java.util.concurrent.ThreadPoolExecutor$Worker.run(ThreadPoolExecutor.java:624)
	at java.lang.Thread.run(Thread.java:748)
2019-10-17 02:20:38,682 [Thread-518] INFO  impl.FollowerState (FollowerState.java:run(108)) - 13e6f2a0-7b74-4c29-b613-54a9ac99ca5d@group-D7C8F5BEB75A-FollowerState: change to CANDIDATE, lastRpcTime:184ms, electionTimeout:184ms
2019-10-17 02:20:38,682 [Thread-518] INFO  impl.RoleInfo (RoleInfo.java:shutdownFollowerState(121)) - 13e6f2a0-7b74-4c29-b613-54a9ac99ca5d: shutdown FollowerState
2019-10-17 02:20:38,682 [Thread-518] INFO  impl.RaftServerImpl (RaftServerImpl.java:setRole(184)) - 13e6f2a0-7b74-4c29-b613-54a9ac99ca5d@group-D7C8F5BEB75A: changes role from  FOLLOWER to CANDIDATE at term 7 for changeToCandidate
2019-10-17 02:20:38,682 [Thread-518] INFO  impl.RoleInfo (RoleInfo.java:updateAndGet(143)) - 13e6f2a0-7b74-4c29-b613-54a9ac99ca5d: start LeaderElection
2019-10-17 02:20:38,697 [13e6f2a0-7b74-4c29-b613-54a9ac99ca5d@group-D7C8F5BEB75A-LeaderElection26] INFO  impl.LeaderElection (LeaderElection.java:askForVotes(178)) - 13e6f2a0-7b74-4c29-b613-54a9ac99ca5d@group-D7C8F5BEB75A-LeaderElection26: begin an election at term 8 for -1: [f349c4dc-e0f5-43f3-b014-e61370cb1add:192.168.157.194:39280, 13e6f2a0-7b74-4c29-b613-54a9ac99ca5d:192.168.157.194:32860, 5459097b-5895-44f9-a57c-1b76b0f7af13:192.168.157.194:35032], old=null
2019-10-17 02:20:38,700 [grpc-default-executor-6] INFO  impl.RaftServerImpl (RaftServerImpl.java:setRole(184)) - 5459097b-5895-44f9-a57c-1b76b0f7af13@group-D7C8F5BEB75A: changes role from  FOLLOWER to FOLLOWER at term 8 for recognizeCandidate:13e6f2a0-7b74-4c29-b613-54a9ac99ca5d
2019-10-17 02:20:38,700 [grpc-default-executor-4] INFO  impl.RaftServerImpl (RaftServerImpl.java:setRole(184)) - f349c4dc-e0f5-43f3-b014-e61370cb1add@group-D7C8F5BEB75A: changes role from  FOLLOWER to FOLLOWER at term 8 for recognizeCandidate:13e6f2a0-7b74-4c29-b613-54a9ac99ca5d
2019-10-17 02:20:38,700 [grpc-default-executor-6] INFO  impl.RoleInfo (RoleInfo.java:shutdownFollowerState(121)) - 5459097b-5895-44f9-a57c-1b76b0f7af13: shutdown FollowerState
2019-10-17 02:20:38,700 [grpc-default-executor-4] INFO  impl.RoleInfo (RoleInfo.java:shutdownFollowerState(121)) - f349c4dc-e0f5-43f3-b014-e61370cb1add: shutdown FollowerState
2019-10-17 02:20:38,700 [Thread-515] INFO  impl.FollowerState (FollowerState.java:run(117)) - 5459097b-5895-44f9-a57c-1b76b0f7af13@group-D7C8F5BEB75A-FollowerState was interrupted: java.lang.InterruptedException: sleep interrupted
2019-10-17 02:20:38,700 [grpc-default-executor-6] INFO  impl.RoleInfo (RoleInfo.java:updateAndGet(143)) - 5459097b-5895-44f9-a57c-1b76b0f7af13: start FollowerState
2019-10-17 02:20:38,700 [grpc-default-executor-4] INFO  impl.RoleInfo (RoleInfo.java:updateAndGet(143)) - f349c4dc-e0f5-43f3-b014-e61370cb1add: start FollowerState
2019-10-17 02:20:38,700 [Thread-516] INFO  impl.FollowerState (FollowerState.java:run(117)) - f349c4dc-e0f5-43f3-b014-e61370cb1add@group-D7C8F5BEB75A-FollowerState was interrupted: java.lang.InterruptedException: sleep interrupted
 0.00% |?                                                                                                    |  0/1 Time: 0:01:082019-10-17 02:20:38,715 [13e6f2a0-7b74-4c29-b613-54a9ac99ca5d@group-D7C8F5BEB75A-LeaderElection26] INFO  impl.LeaderElection (LeaderElection.java:logAndReturn(56)) - 13e6f2a0-7b74-4c29-b613-54a9ac99ca5d@group-D7C8F5BEB75A-LeaderElection26: Election REJECTED; received 2 response(s) [13e6f2a0-7b74-4c29-b613-54a9ac99ca5d<-f349c4dc-e0f5-43f3-b014-e61370cb1add#0:FAIL-t8, 13e6f2a0-7b74-4c29-b613-54a9ac99ca5d<-5459097b-5895-44f9-a57c-1b76b0f7af13#0:FAIL-t8] and 0 exception(s); 13e6f2a0-7b74-4c29-b613-54a9ac99ca5d@group-D7C8F5BEB75A:t8, leader=null, voted=13e6f2a0-7b74-4c29-b613-54a9ac99ca5d, raftlog=13e6f2a0-7b74-4c29-b613-54a9ac99ca5d@group-D7C8F5BEB75A-SegmentedRaftLog:OPENED:c-1,f-1,i0, conf=-1: [f349c4dc-e0f5-43f3-b014-e61370cb1add:192.168.157.194:39280, 13e6f2a0-7b74-4c29-b613-54a9ac99ca5d:192.168.157.194:32860, 5459097b-5895-44f9-a57c-1b76b0f7af13:192.168.157.194:35032], old=null
2019-10-17 02:20:38,715 [13e6f2a0-7b74-4c29-b613-54a9ac99ca5d@group-D7C8F5BEB75A-LeaderElection26] INFO  impl.RaftServerImpl (RaftServerImpl.java:setRole(184)) - 13e6f2a0-7b74-4c29-b613-54a9ac99ca5d@group-D7C8F5BEB75A: changes role from CANDIDATE to FOLLOWER at term 8 for DISCOVERED_A_NEW_TERM
2019-10-17 02:20:38,715 [13e6f2a0-7b74-4c29-b613-54a9ac99ca5d@group-D7C8F5BEB75A-LeaderElection26] INFO  impl.RoleInfo (RoleInfo.java:shutdownLeaderElection(134)) - 13e6f2a0-7b74-4c29-b613-54a9ac99ca5d: shutdown LeaderElection
2019-10-17 02:20:38,715 [13e6f2a0-7b74-4c29-b613-54a9ac99ca5d@group-D7C8F5BEB75A-LeaderElection26] INFO  impl.RoleInfo (RoleInfo.java:updateAndGet(143)) - 13e6f2a0-7b74-4c29-b613-54a9ac99ca5d: start FollowerState
2019-10-17 02:20:38,743 [Thread-526] INFO  impl.FollowerState (FollowerState.java:run(108)) - 13e6f2a0-7b74-4c29-b613-54a9ac99ca5d@group-D7C8F5BEB75A-FollowerState: change to CANDIDATE, lastRpcTime:27ms, electionTimeout:27ms
2019-10-17 02:20:38,744 [Thread-526] INFO  impl.RoleInfo (RoleInfo.java:shutdownFollowerState(121)) - 13e6f2a0-7b74-4c29-b613-54a9ac99ca5d: shutdown FollowerState
2019-10-17 02:20:38,744 [Thread-526] INFO  impl.RaftServerImpl (RaftServerImpl.java:setRole(184)) - 13e6f2a0-7b74-4c29-b613-54a9ac99ca5d@group-D7C8F5BEB75A: changes role from  FOLLOWER to CANDIDATE at term 8 for changeToCandidate
2019-10-17 02:20:38,744 [Thread-526] INFO  impl.RoleInfo (RoleInfo.java:updateAndGet(143)) - 13e6f2a0-7b74-4c29-b613-54a9ac99ca5d: start LeaderElection
2019-10-17 02:20:38,750 [13e6f2a0-7b74-4c29-b613-54a9ac99ca5d@group-D7C8F5BEB75A-LeaderElection27] INFO  impl.LeaderElection (LeaderElection.java:askForVotes(178)) - 13e6f2a0-7b74-4c29-b613-54a9ac99ca5d@group-D7C8F5BEB75A-LeaderElection27: begin an election at term 9 for -1: [f349c4dc-e0f5-43f3-b014-e61370cb1add:192.168.157.194:39280, 13e6f2a0-7b74-4c29-b613-54a9ac99ca5d:192.168.157.194:32860, 5459097b-5895-44f9-a57c-1b76b0f7af13:192.168.157.194:35032], old=null
2019-10-17 02:20:38,753 [grpc-default-executor-6] INFO  impl.RaftServerImpl (RaftServerImpl.java:setRole(184)) - f349c4dc-e0f5-43f3-b014-e61370cb1add@group-D7C8F5BEB75A: changes role from  FOLLOWER to FOLLOWER at term 9 for recognizeCandidate:13e6f2a0-7b74-4c29-b613-54a9ac99ca5d
2019-10-17 02:20:38,753 [grpc-default-executor-6] INFO  impl.RoleInfo (RoleInfo.java:shutdownFollowerState(121)) - f349c4dc-e0f5-43f3-b014-e61370cb1add: shutdown FollowerState
2019-10-17 02:20:38,753 [Thread-525] INFO  impl.FollowerState (FollowerState.java:run(117)) - f349c4dc-e0f5-43f3-b014-e61370cb1add@group-D7C8F5BEB75A-FollowerState was interrupted: java.lang.InterruptedException: sleep interrupted
2019-10-17 02:20:38,753 [grpc-default-executor-4] INFO  impl.RaftServerImpl (RaftServerImpl.java:setRole(184)) - 5459097b-5895-44f9-a57c-1b76b0f7af13@group-D7C8F5BEB75A: changes role from  FOLLOWER to FOLLOWER at term 9 for recognizeCandidate:13e6f2a0-7b74-4c29-b613-54a9ac99ca5d
2019-10-17 02:20:38,753 [grpc-default-executor-6] INFO  impl.RoleInfo (RoleInfo.java:updateAndGet(143)) - f349c4dc-e0f5-43f3-b014-e61370cb1add: start FollowerState
2019-10-17 02:20:38,753 [grpc-default-executor-4] INFO  impl.RoleInfo (RoleInfo.java:shutdownFollowerState(121)) - 5459097b-5895-44f9-a57c-1b76b0f7af13: shutdown FollowerState
2019-10-17 02:20:38,754 [Thread-524] INFO  impl.FollowerState (FollowerState.java:run(117)) - 5459097b-5895-44f9-a57c-1b76b0f7af13@group-D7C8F5BEB75A-FollowerState was interrupted: java.lang.InterruptedException: sleep interrupted
2019-10-17 02:20:38,754 [grpc-default-executor-4] INFO  impl.RoleInfo (RoleInfo.java:updateAndGet(143)) - 5459097b-5895-44f9-a57c-1b76b0f7af13: start FollowerState
2019-10-17 02:20:38,768 [13e6f2a0-7b74-4c29-b613-54a9ac99ca5d@group-D7C8F5BEB75A-LeaderElection27] INFO  impl.LeaderElection (LeaderElection.java:logAndReturn(56)) - 13e6f2a0-7b74-4c29-b613-54a9ac99ca5d@group-D7C8F5BEB75A-LeaderElection27: Election REJECTED; received 2 response(s) [13e6f2a0-7b74-4c29-b613-54a9ac99ca5d<-f349c4dc-e0f5-43f3-b014-e61370cb1add#0:FAIL-t9, 13e6f2a0-7b74-4c29-b613-54a9ac99ca5d<-5459097b-5895-44f9-a57c-1b76b0f7af13#0:FAIL-t9] and 0 exception(s); 13e6f2a0-7b74-4c29-b613-54a9ac99ca5d@group-D7C8F5BEB75A:t9, leader=null, voted=13e6f2a0-7b74-4c29-b613-54a9ac99ca5d, raftlog=13e6f2a0-7b74-4c29-b613-54a9ac99ca5d@group-D7C8F5BEB75A-SegmentedRaftLog:OPENED:c-1,f-1,i0, conf=-1: [f349c4dc-e0f5-43f3-b014-e61370cb1add:192.168.157.194:39280, 13e6f2a0-7b74-4c29-b613-54a9ac99ca5d:192.168.157.194:32860, 5459097b-5895-44f9-a57c-1b76b0f7af13:192.168.157.194:35032], old=null
2019-10-17 02:20:38,768 [13e6f2a0-7b74-4c29-b613-54a9ac99ca5d@group-D7C8F5BEB75A-LeaderElection27] INFO  impl.RaftServerImpl (RaftServerImpl.java:setRole(184)) - 13e6f2a0-7b74-4c29-b613-54a9ac99ca5d@group-D7C8F5BEB75A: changes role from CANDIDATE to FOLLOWER at term 9 for DISCOVERED_A_NEW_TERM
2019-10-17 02:20:38,769 [13e6f2a0-7b74-4c29-b613-54a9ac99ca5d@group-D7C8F5BEB75A-LeaderElection27] INFO  impl.RoleInfo (RoleInfo.java:shutdownLeaderElection(134)) - 13e6f2a0-7b74-4c29-b613-54a9ac99ca5d: shutdown LeaderElection
2019-10-17 02:20:38,769 [13e6f2a0-7b74-4c29-b613-54a9ac99ca5d@group-D7C8F5BEB75A-LeaderElection27] INFO  impl.RoleInfo (RoleInfo.java:updateAndGet(143)) - 13e6f2a0-7b74-4c29-b613-54a9ac99ca5d: start FollowerState
2019-10-17 02:20:38,822 [Thread-532] INFO  impl.FollowerState (FollowerState.java:run(108)) - 13e6f2a0-7b74-4c29-b613-54a9ac99ca5d@group-D7C8F5BEB75A-FollowerState: change to CANDIDATE, lastRpcTime:53ms, electionTimeout:53ms
2019-10-17 02:20:38,824 [Thread-532] INFO  impl.RoleInfo (RoleInfo.java:shutdownFollowerState(121)) - 13e6f2a0-7b74-4c29-b613-54a9ac99ca5d: shutdown FollowerState
2019-10-17 02:20:38,824 [Thread-532] INFO  impl.RaftServerImpl (RaftServerImpl.java:setRole(184)) - 13e6f2a0-7b74-4c29-b613-54a9ac99ca5d@group-D7C8F5BEB75A: changes role from  FOLLOWER to CANDIDATE at term 9 for changeToCandidate
2019-10-17 02:20:38,824 [Thread-532] INFO  impl.RoleInfo (RoleInfo.java:updateAndGet(143)) - 13e6f2a0-7b74-4c29-b613-54a9ac99ca5d: start LeaderElection
2019-10-17 02:20:38,838 [13e6f2a0-7b74-4c29-b613-54a9ac99ca5d@group-D7C8F5BEB75A-LeaderElection28] INFO  impl.LeaderElection (LeaderElection.java:askForVotes(178)) - 13e6f2a0-7b74-4c29-b613-54a9ac99ca5d@group-D7C8F5BEB75A-LeaderElection28: begin an election at term 10 for -1: [f349c4dc-e0f5-43f3-b014-e61370cb1add:192.168.157.194:39280, 13e6f2a0-7b74-4c29-b613-54a9ac99ca5d:192.168.157.194:32860, 5459097b-5895-44f9-a57c-1b76b0f7af13:192.168.157.194:35032], old=null
2019-10-17 02:20:38,841 [grpc-default-executor-4] INFO  impl.RaftServerImpl (RaftServerImpl.java:setRole(184)) - f349c4dc-e0f5-43f3-b014-e61370cb1add@group-D7C8F5BEB75A: changes role from  FOLLOWER to FOLLOWER at term 10 for recognizeCandidate:13e6f2a0-7b74-4c29-b613-54a9ac99ca5d
2019-10-17 02:20:38,841 [grpc-default-executor-4] INFO  impl.RoleInfo (RoleInfo.java:shutdownFollowerState(121)) - f349c4dc-e0f5-43f3-b014-e61370cb1add: shutdown FollowerState
2019-10-17 02:20:38,841 [grpc-default-executor-4] INFO  impl.RoleInfo (RoleInfo.java:updateAndGet(143)) - f349c4dc-e0f5-43f3-b014-e61370cb1add: start FollowerState
2019-10-17 02:20:38,841 [Thread-530] INFO  impl.FollowerState (FollowerState.java:run(117)) - f349c4dc-e0f5-43f3-b014-e61370cb1add@group-D7C8F5BEB75A-FollowerState was interrupted: java.lang.InterruptedException: sleep interrupted
2019-10-17 02:20:38,842 [grpc-default-executor-6] INFO  impl.RaftServerImpl (RaftServerImpl.java:setRole(184)) - 5459097b-5895-44f9-a57c-1b76b0f7af13@group-D7C8F5BEB75A: changes role from  FOLLOWER to FOLLOWER at term 10 for recognizeCandidate:13e6f2a0-7b74-4c29-b613-54a9ac99ca5d
2019-10-17 02:20:38,842 [grpc-default-executor-6] INFO  impl.RoleInfo (RoleInfo.java:shutdownFollowerState(121)) - 5459097b-5895-44f9-a57c-1b76b0f7af13: shutdown FollowerState
2019-10-17 02:20:38,842 [grpc-default-executor-6] INFO  impl.RoleInfo (RoleInfo.java:updateAndGet(143)) - 5459097b-5895-44f9-a57c-1b76b0f7af13: start FollowerState
2019-10-17 02:20:38,842 [Thread-531] INFO  impl.FollowerState (FollowerState.java:run(117)) - 5459097b-5895-44f9-a57c-1b76b0f7af13@group-D7C8F5BEB75A-FollowerState was interrupted: java.lang.InterruptedException: sleep interrupted
2019-10-17 02:20:38,858 [13e6f2a0-7b74-4c29-b613-54a9ac99ca5d@group-D7C8F5BEB75A-LeaderElection28] INFO  impl.LeaderElection (LeaderElection.java:logAndReturn(56)) - 13e6f2a0-7b74-4c29-b613-54a9ac99ca5d@group-D7C8F5BEB75A-LeaderElection28: Election REJECTED; received 2 response(s) [13e6f2a0-7b74-4c29-b613-54a9ac99ca5d<-f349c4dc-e0f5-43f3-b014-e61370cb1add#0:FAIL-t10, 13e6f2a0-7b74-4c29-b613-54a9ac99ca5d<-5459097b-5895-44f9-a57c-1b76b0f7af13#0:FAIL-t10] and 0 exception(s); 13e6f2a0-7b74-4c29-b613-54a9ac99ca5d@group-D7C8F5BEB75A:t10, leader=null, voted=13e6f2a0-7b74-4c29-b613-54a9ac99ca5d, raftlog=13e6f2a0-7b74-4c29-b613-54a9ac99ca5d@group-D7C8F5BEB75A-SegmentedRaftLog:OPENED:c-1,f-1,i0, conf=-1: [f349c4dc-e0f5-43f3-b014-e61370cb1add:192.168.157.194:39280, 13e6f2a0-7b74-4c29-b613-54a9ac99ca5d:192.168.157.194:32860, 5459097b-5895-44f9-a57c-1b76b0f7af13:192.168.157.194:35032], old=null
2019-10-17 02:20:38,858 [13e6f2a0-7b74-4c29-b613-54a9ac99ca5d@group-D7C8F5BEB75A-LeaderElection28] INFO  impl.RaftServerImpl (RaftServerImpl.java:setRole(184)) - 13e6f2a0-7b74-4c29-b613-54a9ac99ca5d@group-D7C8F5BEB75A: changes role from CANDIDATE to FOLLOWER at term 10 for DISCOVERED_A_NEW_TERM
2019-10-17 02:20:38,858 [13e6f2a0-7b74-4c29-b613-54a9ac99ca5d@group-D7C8F5BEB75A-LeaderElection28] INFO  impl.RoleInfo (RoleInfo.java:shutdownLeaderElection(134)) - 13e6f2a0-7b74-4c29-b613-54a9ac99ca5d: shutdown LeaderElection
2019-10-17 02:20:38,858 [13e6f2a0-7b74-4c29-b613-54a9ac99ca5d@group-D7C8F5BEB75A-LeaderElection28] INFO  impl.RoleInfo (RoleInfo.java:updateAndGet(143)) - 13e6f2a0-7b74-4c29-b613-54a9ac99ca5d: start FollowerState
2019-10-17 02:20:38,954 [Thread-538] INFO  impl.FollowerState (FollowerState.java:run(108)) - 13e6f2a0-7b74-4c29-b613-54a9ac99ca5d@group-D7C8F5BEB75A-FollowerState: change to CANDIDATE, lastRpcTime:95ms, electionTimeout:95ms
2019-10-17 02:20:38,956 [Thread-538] INFO  impl.RoleInfo (RoleInfo.java:shutdownFollowerState(121)) - 13e6f2a0-7b74-4c29-b613-54a9ac99ca5d: shutdown FollowerState
2019-10-17 02:20:38,956 [Thread-538] INFO  impl.RaftServerImpl (RaftServerImpl.java:setRole(184)) - 13e6f2a0-7b74-4c29-b613-54a9ac99ca5d@group-D7C8F5BEB75A: changes role from  FOLLOWER to CANDIDATE at term 10 for changeToCandidate
2019-10-17 02:20:38,956 [Thread-538] INFO  impl.RoleInfo (RoleInfo.java:updateAndGet(143)) - 13e6f2a0-7b74-4c29-b613-54a9ac99ca5d: start LeaderElection
2019-10-17 02:20:38,969 [13e6f2a0-7b74-4c29-b613-54a9ac99ca5d@group-D7C8F5BEB75A-LeaderElection29] INFO  impl.LeaderElection (LeaderElection.java:askForVotes(178)) - 13e6f2a0-7b74-4c29-b613-54a9ac99ca5d@group-D7C8F5BEB75A-LeaderElection29: begin an election at term 11 for -1: [f349c4dc-e0f5-43f3-b014-e61370cb1add:192.168.157.194:39280, 13e6f2a0-7b74-4c29-b613-54a9ac99ca5d:192.168.157.194:32860, 5459097b-5895-44f9-a57c-1b76b0f7af13:192.168.157.194:35032], old=null
2019-10-17 02:20:38,972 [grpc-default-executor-4] INFO  impl.RaftServerImpl (RaftServerImpl.java:setRole(184)) - f349c4dc-e0f5-43f3-b014-e61370cb1add@group-D7C8F5BEB75A: changes role from  FOLLOWER to FOLLOWER at term 11 for recognizeCandidate:13e6f2a0-7b74-4c29-b613-54a9ac99ca5d
2019-10-17 02:20:38,972 [grpc-default-executor-6] INFO  impl.RaftServerImpl (RaftServerImpl.java:setRole(184)) - 5459097b-5895-44f9-a57c-1b76b0f7af13@group-D7C8F5BEB75A: changes role from  FOLLOWER to FOLLOWER at term 11 for recognizeCandidate:13e6f2a0-7b74-4c29-b613-54a9ac99ca5d
2019-10-17 02:20:38,973 [grpc-default-executor-4] INFO  impl.RoleInfo (RoleInfo.java:shutdownFollowerState(121)) - f349c4dc-e0f5-43f3-b014-e61370cb1add: shutdown FollowerState
2019-10-17 02:20:38,973 [grpc-default-executor-6] INFO  impl.RoleInfo (RoleInfo.java:shutdownFollowerState(121)) - 5459097b-5895-44f9-a57c-1b76b0f7af13: shutdown FollowerState
2019-10-17 02:20:38,973 [Thread-536] INFO  impl.FollowerState (FollowerState.java:run(117)) - f349c4dc-e0f5-43f3-b014-e61370cb1add@group-D7C8F5BEB75A-FollowerState was interrupted: java.lang.InterruptedException: sleep interrupted
2019-10-17 02:20:38,973 [grpc-default-executor-4] INFO  impl.RoleInfo (RoleInfo.java:updateAndGet(143)) - f349c4dc-e0f5-43f3-b014-e61370cb1add: start FollowerState
2019-10-17 02:20:38,973 [Thread-537] INFO  impl.FollowerState (FollowerState.java:run(117)) - 5459097b-5895-44f9-a57c-1b76b0f7af13@group-D7C8F5BEB75A-FollowerState was interrupted: java.lang.InterruptedException: sleep interrupted
2019-10-17 02:20:38,973 [grpc-default-executor-6] INFO  impl.RoleInfo (RoleInfo.java:updateAndGet(143)) - 5459097b-5895-44f9-a57c-1b76b0f7af13: start FollowerState
2019-10-17 02:20:38,990 [13e6f2a0-7b74-4c29-b613-54a9ac99ca5d@group-D7C8F5BEB75A-LeaderElection29] INFO  impl.LeaderElection (LeaderElection.java:logAndReturn(56)) - 13e6f2a0-7b74-4c29-b613-54a9ac99ca5d@group-D7C8F5BEB75A-LeaderElection29: Election REJECTED; received 2 response(s) [13e6f2a0-7b74-4c29-b613-54a9ac99ca5d<-f349c4dc-e0f5-43f3-b014-e61370cb1add#0:FAIL-t11, 13e6f2a0-7b74-4c29-b613-54a9ac99ca5d<-5459097b-5895-44f9-a57c-1b76b0f7af13#0:FAIL-t11] and 0 exception(s); 13e6f2a0-7b74-4c29-b613-54a9ac99ca5d@group-D7C8F5BEB75A:t11, leader=null, voted=13e6f2a0-7b74-4c29-b613-54a9ac99ca5d, raftlog=13e6f2a0-7b74-4c29-b613-54a9ac99ca5d@group-D7C8F5BEB75A-SegmentedRaftLog:OPENED:c-1,f-1,i0, conf=-1: [f349c4dc-e0f5-43f3-b014-e61370cb1add:192.168.157.194:39280, 13e6f2a0-7b74-4c29-b613-54a9ac99ca5d:192.168.157.194:32860, 5459097b-5895-44f9-a57c-1b76b0f7af13:192.168.157.194:35032], old=null
2019-10-17 02:20:38,991 [13e6f2a0-7b74-4c29-b613-54a9ac99ca5d@group-D7C8F5BEB75A-LeaderElection29] INFO  impl.RaftServerImpl (RaftServerImpl.java:setRole(184)) - 13e6f2a0-7b74-4c29-b613-54a9ac99ca5d@group-D7C8F5BEB75A: changes role from CANDIDATE to FOLLOWER at term 11 for DISCOVERED_A_NEW_TERM
2019-10-17 02:20:38,991 [13e6f2a0-7b74-4c29-b613-54a9ac99ca5d@group-D7C8F5BEB75A-LeaderElection29] INFO  impl.RoleInfo (RoleInfo.java:shutdownLeaderElection(134)) - 13e6f2a0-7b74-4c29-b613-54a9ac99ca5d: shutdown LeaderElection
2019-10-17 02:20:38,991 [13e6f2a0-7b74-4c29-b613-54a9ac99ca5d@group-D7C8F5BEB75A-LeaderElection29] INFO  impl.RoleInfo (RoleInfo.java:updateAndGet(143)) - 13e6f2a0-7b74-4c29-b613-54a9ac99ca5d: start FollowerState
2019-10-17 02:20:39,067 [Thread-544] INFO  impl.FollowerState (FollowerState.java:run(108)) - 13e6f2a0-7b74-4c29-b613-54a9ac99ca5d@group-D7C8F5BEB75A-FollowerState: change to CANDIDATE, lastRpcTime:76ms, electionTimeout:76ms
2019-10-17 02:20:39,069 [Thread-544] INFO  impl.RoleInfo (RoleInfo.java:shutdownFollowerState(121)) - 13e6f2a0-7b74-4c29-b613-54a9ac99ca5d: shutdown FollowerState
2019-10-17 02:20:39,070 [Thread-544] INFO  impl.RaftServerImpl (RaftServerImpl.java:setRole(184)) - 13e6f2a0-7b74-4c29-b613-54a9ac99ca5d@group-D7C8F5BEB75A: changes role from  FOLLOWER to CANDIDATE at term 11 for changeToCandidate
2019-10-17 02:20:39,070 [Thread-544] INFO  impl.RoleInfo (RoleInfo.java:updateAndGet(143)) - 13e6f2a0-7b74-4c29-b613-54a9ac99ca5d: start LeaderElection
2019-10-17 02:20:39,083 [13e6f2a0-7b74-4c29-b613-54a9ac99ca5d@group-D7C8F5BEB75A-LeaderElection30] INFO  impl.LeaderElection (LeaderElection.java:askForVotes(178)) - 13e6f2a0-7b74-4c29-b613-54a9ac99ca5d@group-D7C8F5BEB75A-LeaderElection30: begin an election at term 12 for -1: [f349c4dc-e0f5-43f3-b014-e61370cb1add:192.168.157.194:39280, 13e6f2a0-7b74-4c29-b613-54a9ac99ca5d:192.168.157.194:32860, 5459097b-5895-44f9-a57c-1b76b0f7af13:192.168.157.194:35032], old=null
2019-10-17 02:20:39,086 [grpc-default-executor-6] INFO  impl.RaftServerImpl (RaftServerImpl.java:setRole(184)) - 5459097b-5895-44f9-a57c-1b76b0f7af13@group-D7C8F5BEB75A: changes role from  FOLLOWER to FOLLOWER at term 12 for recognizeCandidate:13e6f2a0-7b74-4c29-b613-54a9ac99ca5d
2019-10-17 02:20:39,086 [grpc-default-executor-6] INFO  impl.RoleInfo (RoleInfo.java:shutdownFollowerState(121)) - 5459097b-5895-44f9-a57c-1b76b0f7af13: shutdown FollowerState
2019-10-17 02:20:39,086 [grpc-default-executor-6] INFO  impl.RoleInfo (RoleInfo.java:updateAndGet(143)) - 5459097b-5895-44f9-a57c-1b76b0f7af13: start FollowerState
2019-10-17 02:20:39,087 [Thread-543] INFO  impl.FollowerState (FollowerState.java:run(117)) - 5459097b-5895-44f9-a57c-1b76b0f7af13@group-D7C8F5BEB75A-FollowerState was interrupted: java.lang.InterruptedException: sleep interrupted
2019-10-17 02:20:39,088 [grpc-default-executor-4] INFO  impl.RaftServerImpl (RaftServerImpl.java:setRole(184)) - f349c4dc-e0f5-43f3-b014-e61370cb1add@group-D7C8F5BEB75A: changes role from  FOLLOWER to FOLLOWER at term 12 for recognizeCandidate:13e6f2a0-7b74-4c29-b613-54a9ac99ca5d
2019-10-17 02:20:39,088 [grpc-default-executor-4] INFO  impl.RoleInfo (RoleInfo.java:shutdownFollowerState(121)) - f349c4dc-e0f5-43f3-b014-e61370cb1add: shutdown FollowerState
2019-10-17 02:20:39,088 [grpc-default-executor-4] INFO  impl.RoleInfo (RoleInfo.java:updateAndGet(143)) - f349c4dc-e0f5-43f3-b014-e61370cb1add: start FollowerState
2019-10-17 02:20:39,088 [Thread-542] INFO  impl.FollowerState (FollowerState.java:run(117)) - f349c4dc-e0f5-43f3-b014-e61370cb1add@group-D7C8F5BEB75A-FollowerState was interrupted: java.lang.InterruptedException: sleep interrupted
2019-10-17 02:20:39,102 [13e6f2a0-7b74-4c29-b613-54a9ac99ca5d@group-D7C8F5BEB75A-LeaderElection30] INFO  impl.LeaderElection (LeaderElection.java:logAndReturn(56)) - 13e6f2a0-7b74-4c29-b613-54a9ac99ca5d@group-D7C8F5BEB75A-LeaderElection30: Election TIMEOUT; received 0 response(s) [] and 0 exception(s); 13e6f2a0-7b74-4c29-b613-54a9ac99ca5d@group-D7C8F5BEB75A:t12, leader=null, voted=13e6f2a0-7b74-4c29-b613-54a9ac99ca5d, raftlog=13e6f2a0-7b74-4c29-b613-54a9ac99ca5d@group-D7C8F5BEB75A-SegmentedRaftLog:OPENED:c-1,f-1,i0, conf=-1: [f349c4dc-e0f5-43f3-b014-e61370cb1add:192.168.157.194:39280, 13e6f2a0-7b74-4c29-b613-54a9ac99ca5d:192.168.157.194:32860, 5459097b-5895-44f9-a57c-1b76b0f7af13:192.168.157.194:35032], old=null
2019-10-17 02:20:39,116 [13e6f2a0-7b74-4c29-b613-54a9ac99ca5d@group-D7C8F5BEB75A-LeaderElection30] INFO  impl.LeaderElection (LeaderElection.java:askForVotes(178)) - 13e6f2a0-7b74-4c29-b613-54a9ac99ca5d@group-D7C8F5BEB75A-LeaderElection30: begin an election at term 13 for -1: [f349c4dc-e0f5-43f3-b014-e61370cb1add:192.168.157.194:39280, 13e6f2a0-7b74-4c29-b613-54a9ac99ca5d:192.168.157.194:32860, 5459097b-5895-44f9-a57c-1b76b0f7af13:192.168.157.194:35032], old=null
2019-10-17 02:20:39,118 [grpc-default-executor-6] INFO  impl.RaftServerImpl (RaftServerImpl.java:setRole(184)) - f349c4dc-e0f5-43f3-b014-e61370cb1add@group-D7C8F5BEB75A: changes role from  FOLLOWER to FOLLOWER at term 13 for recognizeCandidate:13e6f2a0-7b74-4c29-b613-54a9ac99ca5d
2019-10-17 02:20:39,118 [grpc-default-executor-4] INFO  impl.RaftServerImpl (RaftServerImpl.java:setRole(184)) - 5459097b-5895-44f9-a57c-1b76b0f7af13@group-D7C8F5BEB75A: changes role from  FOLLOWER to FOLLOWER at term 13 for recognizeCandidate:13e6f2a0-7b74-4c29-b613-54a9ac99ca5d
2019-10-17 02:20:39,120 [grpc-default-executor-6] INFO  impl.RoleInfo (RoleInfo.java:shutdownFollowerState(121)) - f349c4dc-e0f5-43f3-b014-e61370cb1add: shutdown FollowerState
2019-10-17 02:20:39,121 [grpc-default-executor-4] INFO  impl.RoleInfo (RoleInfo.java:shutdownFollowerState(121)) - 5459097b-5895-44f9-a57c-1b76b0f7af13: shutdown FollowerState
2019-10-17 02:20:39,121 [grpc-default-executor-4] INFO  impl.RoleInfo (RoleInfo.java:updateAndGet(143)) - 5459097b-5895-44f9-a57c-1b76b0f7af13: start FollowerState
2019-10-17 02:20:39,121 [grpc-default-executor-6] INFO  impl.RoleInfo (RoleInfo.java:updateAndGet(143)) - f349c4dc-e0f5-43f3-b014-e61370cb1add: start FollowerState
2019-10-17 02:20:39,121 [Thread-549] INFO  impl.FollowerState (FollowerState.java:run(117)) - f349c4dc-e0f5-43f3-b014-e61370cb1add@group-D7C8F5BEB75A-FollowerState was interrupted: java.lang.InterruptedException: sleep interrupted
2019-10-17 02:20:39,121 [Thread-548] INFO  impl.FollowerState (FollowerState.java:run(117)) - 5459097b-5895-44f9-a57c-1b76b0f7af13@group-D7C8F5BEB75A-FollowerState was interrupted: java.lang.InterruptedException: sleep interrupted
2019-10-17 02:20:39,135 [13e6f2a0-7b74-4c29-b613-54a9ac99ca5d@group-D7C8F5BEB75A-LeaderElection30] INFO  impl.LeaderElection (LeaderElection.java:logAndReturn(56)) - 13e6f2a0-7b74-4c29-b613-54a9ac99ca5d@group-D7C8F5BEB75A-LeaderElection30: Election REJECTED; received 2 response(s) [13e6f2a0-7b74-4c29-b613-54a9ac99ca5d<-f349c4dc-e0f5-43f3-b014-e61370cb1add#0:FAIL-t13, 13e6f2a0-7b74-4c29-b613-54a9ac99ca5d<-5459097b-5895-44f9-a57c-1b76b0f7af13#0:FAIL-t13] and 0 exception(s); 13e6f2a0-7b74-4c29-b613-54a9ac99ca5d@group-D7C8F5BEB75A:t13, leader=null, voted=13e6f2a0-7b74-4c29-b613-54a9ac99ca5d, raftlog=13e6f2a0-7b74-4c29-b613-54a9ac99ca5d@group-D7C8F5BEB75A-SegmentedRaftLog:OPENED:c-1,f-1,i0, conf=-1: [f349c4dc-e0f5-43f3-b014-e61370cb1add:192.168.157.194:39280, 13e6f2a0-7b74-4c29-b613-54a9ac99ca5d:192.168.157.194:32860, 5459097b-5895-44f9-a57c-1b76b0f7af13:192.168.157.194:35032], old=null
2019-10-17 02:20:39,136 [13e6f2a0-7b74-4c29-b613-54a9ac99ca5d@group-D7C8F5BEB75A-LeaderElection30] INFO  impl.RaftServerImpl (RaftServerImpl.java:setRole(184)) - 13e6f2a0-7b74-4c29-b613-54a9ac99ca5d@group-D7C8F5BEB75A: changes role from CANDIDATE to FOLLOWER at term 13 for DISCOVERED_A_NEW_TERM
2019-10-17 02:20:39,136 [13e6f2a0-7b74-4c29-b613-54a9ac99ca5d@group-D7C8F5BEB75A-LeaderElection30] INFO  impl.RoleInfo (RoleInfo.java:shutdownLeaderElection(134)) - 13e6f2a0-7b74-4c29-b613-54a9ac99ca5d: shutdown LeaderElection
2019-10-17 02:20:39,136 [13e6f2a0-7b74-4c29-b613-54a9ac99ca5d@group-D7C8F5BEB75A-LeaderElection30] INFO  impl.RoleInfo (RoleInfo.java:updateAndGet(143)) - 13e6f2a0-7b74-4c29-b613-54a9ac99ca5d: start FollowerState
2019-10-17 02:20:39,136 [Thread-554] INFO  impl.FollowerState (FollowerState.java:run(108)) - 13e6f2a0-7b74-4c29-b613-54a9ac99ca5d@group-D7C8F5BEB75A-FollowerState: change to CANDIDATE, lastRpcTime:0ms, electionTimeout:0ms
2019-10-17 02:20:39,137 [Thread-554] INFO  impl.RoleInfo (RoleInfo.java:shutdownFollowerState(121)) - 13e6f2a0-7b74-4c29-b613-54a9ac99ca5d: shutdown FollowerState
2019-10-17 02:20:39,137 [Thread-554] INFO  impl.RaftServerImpl (RaftServerImpl.java:setRole(184)) - 13e6f2a0-7b74-4c29-b613-54a9ac99ca5d@group-D7C8F5BEB75A: changes role from  FOLLOWER to CANDIDATE at term 13 for changeToCandidate
2019-10-17 02:20:39,138 [Thread-554] INFO  impl.RoleInfo (RoleInfo.java:updateAndGet(143)) - 13e6f2a0-7b74-4c29-b613-54a9ac99ca5d: start LeaderElection
2019-10-17 02:20:39,151 [13e6f2a0-7b74-4c29-b613-54a9ac99ca5d@group-D7C8F5BEB75A-LeaderElection31] INFO  impl.LeaderElection (LeaderElection.java:askForVotes(178)) - 13e6f2a0-7b74-4c29-b613-54a9ac99ca5d@group-D7C8F5BEB75A-LeaderElection31: begin an election at term 14 for -1: [f349c4dc-e0f5-43f3-b014-e61370cb1add:192.168.157.194:39280, 13e6f2a0-7b74-4c29-b613-54a9ac99ca5d:192.168.157.194:32860, 5459097b-5895-44f9-a57c-1b76b0f7af13:192.168.157.194:35032], old=null
2019-10-17 02:20:39,153 [grpc-default-executor-6] INFO  impl.RaftServerImpl (RaftServerImpl.java:setRole(184)) - f349c4dc-e0f5-43f3-b014-e61370cb1add@group-D7C8F5BEB75A: changes role from  FOLLOWER to FOLLOWER at term 14 for recognizeCandidate:13e6f2a0-7b74-4c29-b613-54a9ac99ca5d
2019-10-17 02:20:39,153 [grpc-default-executor-6] INFO  impl.RoleInfo (RoleInfo.java:shutdownFollowerState(121)) - f349c4dc-e0f5-43f3-b014-e61370cb1add: shutdown FollowerState
2019-10-17 02:20:39,153 [grpc-default-executor-6] INFO  impl.RoleInfo (RoleInfo.java:updateAndGet(143)) - f349c4dc-e0f5-43f3-b014-e61370cb1add: start FollowerState
2019-10-17 02:20:39,153 [grpc-default-executor-4] INFO  impl.RaftServerImpl (RaftServerImpl.java:setRole(184)) - 5459097b-5895-44f9-a57c-1b76b0f7af13@group-D7C8F5BEB75A: changes role from  FOLLOWER to FOLLOWER at term 14 for recognizeCandidate:13e6f2a0-7b74-4c29-b613-54a9ac99ca5d
2019-10-17 02:20:39,153 [Thread-552] INFO  impl.FollowerState (FollowerState.java:run(117)) - f349c4dc-e0f5-43f3-b014-e61370cb1add@group-D7C8F5BEB75A-FollowerState was interrupted: java.lang.InterruptedException: sleep interrupted
2019-10-17 02:20:39,154 [grpc-default-executor-4] INFO  impl.RoleInfo (RoleInfo.java:shutdownFollowerState(121)) - 5459097b-5895-44f9-a57c-1b76b0f7af13: shutdown FollowerState
2019-10-17 02:20:39,154 [grpc-default-executor-4] INFO  impl.RoleInfo (RoleInfo.java:updateAndGet(143)) - 5459097b-5895-44f9-a57c-1b76b0f7af13: start FollowerState
2019-10-17 02:20:39,154 [Thread-553] INFO  impl.FollowerState (FollowerState.java:run(117)) - 5459097b-5895-44f9-a57c-1b76b0f7af13@group-D7C8F5BEB75A-FollowerState was interrupted: java.lang.InterruptedException: sleep interrupted
2019-10-17 02:20:39,193 [13e6f2a0-7b74-4c29-b613-54a9ac99ca5d@group-D7C8F5BEB75A-LeaderElection31] INFO  impl.LeaderElection (LeaderElection.java:logAndReturn(56)) - 13e6f2a0-7b74-4c29-b613-54a9ac99ca5d@group-D7C8F5BEB75A-LeaderElection31: Election REJECTED; received 2 response(s) [13e6f2a0-7b74-4c29-b613-54a9ac99ca5d<-f349c4dc-e0f5-43f3-b014-e61370cb1add#0:FAIL-t14, 13e6f2a0-7b74-4c29-b613-54a9ac99ca5d<-5459097b-5895-44f9-a57c-1b76b0f7af13#0:FAIL-t14] and 0 exception(s); 13e6f2a0-7b74-4c29-b613-54a9ac99ca5d@group-D7C8F5BEB75A:t14, leader=null, voted=13e6f2a0-7b74-4c29-b613-54a9ac99ca5d, raftlog=13e6f2a0-7b74-4c29-b613-54a9ac99ca5d@group-D7C8F5BEB75A-SegmentedRaftLog:OPENED:c-1,f-1,i0, conf=-1: [f349c4dc-e0f5-43f3-b014-e61370cb1add:192.168.157.194:39280, 13e6f2a0-7b74-4c29-b613-54a9ac99ca5d:192.168.157.194:32860, 5459097b-5895-44f9-a57c-1b76b0f7af13:192.168.157.194:35032], old=null
2019-10-17 02:20:39,194 [13e6f2a0-7b74-4c29-b613-54a9ac99ca5d@group-D7C8F5BEB75A-LeaderElection31] INFO  impl.RaftServerImpl (RaftServerImpl.java:setRole(184)) - 13e6f2a0-7b74-4c29-b613-54a9ac99ca5d@group-D7C8F5BEB75A: changes role from CANDIDATE to FOLLOWER at term 14 for DISCOVERED_A_NEW_TERM
2019-10-17 02:20:39,194 [13e6f2a0-7b74-4c29-b613-54a9ac99ca5d@group-D7C8F5BEB75A-LeaderElection31] INFO  impl.RoleInfo (RoleInfo.java:shutdownLeaderElection(134)) - 13e6f2a0-7b74-4c29-b613-54a9ac99ca5d: shutdown LeaderElection
2019-10-17 02:20:39,194 [13e6f2a0-7b74-4c29-b613-54a9ac99ca5d@group-D7C8F5BEB75A-LeaderElection31] INFO  impl.RoleInfo (RoleInfo.java:updateAndGet(143)) - 13e6f2a0-7b74-4c29-b613-54a9ac99ca5d: start FollowerState
2019-10-17 02:20:39,307 [Thread-560] INFO  impl.FollowerState (FollowerState.java:run(108)) - 13e6f2a0-7b74-4c29-b613-54a9ac99ca5d@group-D7C8F5BEB75A-FollowerState: change to CANDIDATE, lastRpcTime:112ms, electionTimeout:112ms
2019-10-17 02:20:39,322 [Thread-560] INFO  impl.RoleInfo (RoleInfo.java:shutdownFollowerState(121)) - 13e6f2a0-7b74-4c29-b613-54a9ac99ca5d: shutdown FollowerState
2019-10-17 02:20:39,323 [Thread-560] INFO  impl.RaftServerImpl (RaftServerImpl.java:setRole(184)) - 13e6f2a0-7b74-4c29-b613-54a9ac99ca5d@group-D7C8F5BEB75A: changes role from  FOLLOWER to CANDIDATE at term 14 for changeToCandidate
2019-10-17 02:20:39,330 [Thread-560] INFO  impl.RoleInfo (RoleInfo.java:updateAndGet(143)) - 13e6f2a0-7b74-4c29-b613-54a9ac99ca5d: start LeaderElection
2019-10-17 02:20:39,368 [13e6f2a0-7b74-4c29-b613-54a9ac99ca5d@group-D7C8F5BEB75A-LeaderElection32] INFO  impl.LeaderElection (LeaderElection.java:askForVotes(178)) - 13e6f2a0-7b74-4c29-b613-54a9ac99ca5d@group-D7C8F5BEB75A-LeaderElection32: begin an election at term 15 for -1: [f349c4dc-e0f5-43f3-b014-e61370cb1add:192.168.157.194:39280, 13e6f2a0-7b74-4c29-b613-54a9ac99ca5d:192.168.157.194:32860, 5459097b-5895-44f9-a57c-1b76b0f7af13:192.168.157.194:35032], old=null
2019-10-17 02:20:39,371 [grpc-default-executor-4] INFO  impl.RaftServerImpl (RaftServerImpl.java:setRole(184)) - 5459097b-5895-44f9-a57c-1b76b0f7af13@group-D7C8F5BEB75A: changes role from  FOLLOWER to FOLLOWER at term 15 for recognizeCandidate:13e6f2a0-7b74-4c29-b613-54a9ac99ca5d
2019-10-17 02:20:39,371 [grpc-default-executor-4] INFO  impl.RoleInfo (RoleInfo.java:shutdownFollowerState(121)) - 5459097b-5895-44f9-a57c-1b76b0f7af13: shutdown FollowerState
2019-10-17 02:20:39,372 [Thread-559] INFO  impl.FollowerState (FollowerState.java:run(117)) - 5459097b-5895-44f9-a57c-1b76b0f7af13@group-D7C8F5BEB75A-FollowerState was interrupted: java.lang.InterruptedException: sleep interrupted
2019-10-17 02:20:39,372 [grpc-default-executor-4] INFO  impl.RoleInfo (RoleInfo.java:updateAndGet(143)) - 5459097b-5895-44f9-a57c-1b76b0f7af13: start FollowerState
2019-10-17 02:20:39,372 [grpc-default-executor-6] INFO  impl.RaftServerImpl (RaftServerImpl.java:setRole(184)) - f349c4dc-e0f5-43f3-b014-e61370cb1add@group-D7C8F5BEB75A: changes role from  FOLLOWER to FOLLOWER at term 15 for recognizeCandidate:13e6f2a0-7b74-4c29-b613-54a9ac99ca5d
2019-10-17 02:20:39,372 [grpc-default-executor-6] INFO  impl.RoleInfo (RoleInfo.java:shutdownFollowerState(121)) - f349c4dc-e0f5-43f3-b014-e61370cb1add: shutdown FollowerState
2019-10-17 02:20:39,372 [grpc-default-executor-6] INFO  impl.RoleInfo (RoleInfo.java:updateAndGet(143)) - f349c4dc-e0f5-43f3-b014-e61370cb1add: start FollowerState
2019-10-17 02:20:39,372 [Thread-558] INFO  impl.FollowerState (FollowerState.java:run(117)) - f349c4dc-e0f5-43f3-b014-e61370cb1add@group-D7C8F5BEB75A-FollowerState was interrupted: java.lang.InterruptedException: sleep interrupted
2019-10-17 02:20:39,380 [13e6f2a0-7b74-4c29-b613-54a9ac99ca5d@group-D7C8F5BEB75A-LeaderElection32] INFO  impl.LeaderElection (LeaderElection.java:logAndReturn(56)) - 13e6f2a0-7b74-4c29-b613-54a9ac99ca5d@group-D7C8F5BEB75A-LeaderElection32: Election REJECTED; received 2 response(s) [13e6f2a0-7b74-4c29-b613-54a9ac99ca5d<-f349c4dc-e0f5-43f3-b014-e61370cb1add#0:FAIL-t15, 13e6f2a0-7b74-4c29-b613-54a9ac99ca5d<-5459097b-5895-44f9-a57c-1b76b0f7af13#0:FAIL-t15] and 0 exception(s); 13e6f2a0-7b74-4c29-b613-54a9ac99ca5d@group-D7C8F5BEB75A:t15, leader=null, voted=13e6f2a0-7b74-4c29-b613-54a9ac99ca5d, raftlog=13e6f2a0-7b74-4c29-b613-54a9ac99ca5d@group-D7C8F5BEB75A-SegmentedRaftLog:OPENED:c-1,f-1,i0, conf=-1: [f349c4dc-e0f5-43f3-b014-e61370cb1add:192.168.157.194:39280, 13e6f2a0-7b74-4c29-b613-54a9ac99ca5d:192.168.157.194:32860, 5459097b-5895-44f9-a57c-1b76b0f7af13:192.168.157.194:35032], old=null
2019-10-17 02:20:39,380 [13e6f2a0-7b74-4c29-b613-54a9ac99ca5d@group-D7C8F5BEB75A-LeaderElection32] INFO  impl.RaftServerImpl (RaftServerImpl.java:setRole(184)) - 13e6f2a0-7b74-4c29-b613-54a9ac99ca5d@group-D7C8F5BEB75A: changes role from CANDIDATE to FOLLOWER at term 15 for DISCOVERED_A_NEW_TERM
2019-10-17 02:20:39,380 [13e6f2a0-7b74-4c29-b613-54a9ac99ca5d@group-D7C8F5BEB75A-LeaderElection32] INFO  impl.RoleInfo (RoleInfo.java:shutdownLeaderElection(134)) - 13e6f2a0-7b74-4c29-b613-54a9ac99ca5d: shutdown LeaderElection
2019-10-17 02:20:39,380 [13e6f2a0-7b74-4c29-b613-54a9ac99ca5d@group-D7C8F5BEB75A-LeaderElection32] INFO  impl.RoleInfo (RoleInfo.java:updateAndGet(143)) - 13e6f2a0-7b74-4c29-b613-54a9ac99ca5d: start FollowerState
2019-10-17 02:20:39,384 [Thread-566] INFO  impl.FollowerState (FollowerState.java:run(108)) - 13e6f2a0-7b74-4c29-b613-54a9ac99ca5d@group-D7C8F5BEB75A-FollowerState: change to CANDIDATE, lastRpcTime:4ms, electionTimeout:4ms
2019-10-17 02:20:39,386 [Thread-566] INFO  impl.RoleInfo (RoleInfo.java:shutdownFollowerState(121)) - 13e6f2a0-7b74-4c29-b613-54a9ac99ca5d: shutdown FollowerState
2019-10-17 02:20:39,386 [Thread-566] INFO  impl.RaftServerImpl (RaftServerImpl.java:setRole(184)) - 13e6f2a0-7b74-4c29-b613-54a9ac99ca5d@group-D7C8F5BEB75A: changes role from  FOLLOWER to CANDIDATE at term 15 for changeToCandidate
2019-10-17 02:20:39,386 [Thread-566] INFO  impl.RoleInfo (RoleInfo.java:updateAndGet(143)) - 13e6f2a0-7b74-4c29-b613-54a9ac99ca5d: start LeaderElection
2019-10-17 02:20:39,407 [13e6f2a0-7b74-4c29-b613-54a9ac99ca5d@group-D7C8F5BEB75A-LeaderElection33] INFO  impl.LeaderElection (LeaderElection.java:askForVotes(178)) - 13e6f2a0-7b74-4c29-b613-54a9ac99ca5d@group-D7C8F5BEB75A-LeaderElection33: begin an election at term 16 for -1: [f349c4dc-e0f5-43f3-b014-e61370cb1add:192.168.157.194:39280, 13e6f2a0-7b74-4c29-b613-54a9ac99ca5d:192.168.157.194:32860, 5459097b-5895-44f9-a57c-1b76b0f7af13:192.168.157.194:35032], old=null
2019-10-17 02:20:39,409 [grpc-default-executor-6] INFO  impl.RaftServerImpl (RaftServerImpl.java:setRole(184)) - 5459097b-5895-44f9-a57c-1b76b0f7af13@group-D7C8F5BEB75A: changes role from  FOLLOWER to FOLLOWER at term 16 for recognizeCandidate:13e6f2a0-7b74-4c29-b613-54a9ac99ca5d
2019-10-17 02:20:39,409 [grpc-default-executor-4] INFO  impl.RaftServerImpl (RaftServerImpl.java:setRole(184)) - f349c4dc-e0f5-43f3-b014-e61370cb1add@group-D7C8F5BEB75A: changes role from  FOLLOWER to FOLLOWER at term 16 for recognizeCandidate:13e6f2a0-7b74-4c29-b613-54a9ac99ca5d
2019-10-17 02:20:39,409 [grpc-default-executor-6] INFO  impl.RoleInfo (RoleInfo.java:shutdownFollowerState(121)) - 5459097b-5895-44f9-a57c-1b76b0f7af13: shutdown FollowerState
2019-10-17 02:20:39,410 [grpc-default-executor-4] INFO  impl.RoleInfo (RoleInfo.java:shutdownFollowerState(121)) - f349c4dc-e0f5-43f3-b014-e61370cb1add: shutdown FollowerState
2019-10-17 02:20:39,410 [Thread-564] INFO  impl.FollowerState (FollowerState.java:run(117)) - 5459097b-5895-44f9-a57c-1b76b0f7af13@group-D7C8F5BEB75A-FollowerState was interrupted: java.lang.InterruptedException: sleep interrupted
2019-10-17 02:20:39,410 [Thread-565] INFO  impl.FollowerState (FollowerState.java:run(117)) - f349c4dc-e0f5-43f3-b014-e61370cb1add@group-D7C8F5BEB75A-FollowerState was interrupted: java.lang.InterruptedException: sleep interrupted
2019-10-17 02:20:39,410 [grpc-default-executor-6] INFO  impl.RoleInfo (RoleInfo.java:updateAndGet(143)) - 5459097b-5895-44f9-a57c-1b76b0f7af13: start FollowerState
2019-10-17 02:20:39,410 [grpc-default-executor-4] INFO  impl.RoleInfo (RoleInfo.java:updateAndGet(143)) - f349c4dc-e0f5-43f3-b014-e61370cb1add: start FollowerState
2019-10-17 02:20:39,418 [13e6f2a0-7b74-4c29-b613-54a9ac99ca5d@group-D7C8F5BEB75A-LeaderElection33] INFO  impl.LeaderElection (LeaderElection.java:logAndReturn(56)) - 13e6f2a0-7b74-4c29-b613-54a9ac99ca5d@group-D7C8F5BEB75A-LeaderElection33: Election REJECTED; received 2 response(s) [13e6f2a0-7b74-4c29-b613-54a9ac99ca5d<-f349c4dc-e0f5-43f3-b014-e61370cb1add#0:FAIL-t16, 13e6f2a0-7b74-4c29-b613-54a9ac99ca5d<-5459097b-5895-44f9-a57c-1b76b0f7af13#0:FAIL-t16] and 0 exception(s); 13e6f2a0-7b74-4c29-b613-54a9ac99ca5d@group-D7C8F5BEB75A:t16, leader=null, voted=13e6f2a0-7b74-4c29-b613-54a9ac99ca5d, raftlog=13e6f2a0-7b74-4c29-b613-54a9ac99ca5d@group-D7C8F5BEB75A-SegmentedRaftLog:OPENED:c-1,f-1,i0, conf=-1: [f349c4dc-e0f5-43f3-b014-e61370cb1add:192.168.157.194:39280, 13e6f2a0-7b74-4c29-b613-54a9ac99ca5d:192.168.157.194:32860, 5459097b-5895-44f9-a57c-1b76b0f7af13:192.168.157.194:35032], old=null
2019-10-17 02:20:39,418 [13e6f2a0-7b74-4c29-b613-54a9ac99ca5d@group-D7C8F5BEB75A-LeaderElection33] INFO  impl.RaftServerImpl (RaftServerImpl.java:setRole(184)) - 13e6f2a0-7b74-4c29-b613-54a9ac99ca5d@group-D7C8F5BEB75A: changes role from CANDIDATE to FOLLOWER at term 16 for DISCOVERED_A_NEW_TERM
2019-10-17 02:20:39,418 [13e6f2a0-7b74-4c29-b613-54a9ac99ca5d@group-D7C8F5BEB75A-LeaderElection33] INFO  impl.RoleInfo (RoleInfo.java:shutdownLeaderElection(134)) - 13e6f2a0-7b74-4c29-b613-54a9ac99ca5d: shutdown LeaderElection
2019-10-17 02:20:39,418 [13e6f2a0-7b74-4c29-b613-54a9ac99ca5d@group-D7C8F5BEB75A-LeaderElection33] INFO  impl.RoleInfo (RoleInfo.java:updateAndGet(143)) - 13e6f2a0-7b74-4c29-b613-54a9ac99ca5d: start FollowerState
2019-10-17 02:20:39,527 [Thread-572] INFO  impl.FollowerState (FollowerState.java:run(108)) - 13e6f2a0-7b74-4c29-b613-54a9ac99ca5d@group-D7C8F5BEB75A-FollowerState: change to CANDIDATE, lastRpcTime:109ms, electionTimeout:109ms
2019-10-17 02:20:39,529 [Thread-572] INFO  impl.RoleInfo (RoleInfo.java:shutdownFollowerState(121)) - 13e6f2a0-7b74-4c29-b613-54a9ac99ca5d: shutdown FollowerState
2019-10-17 02:20:39,529 [Thread-572] INFO  impl.RaftServerImpl (RaftServerImpl.java:setRole(184)) - 13e6f2a0-7b74-4c29-b613-54a9ac99ca5d@group-D7C8F5BEB75A: changes role from  FOLLOWER to CANDIDATE at term 16 for changeToCandidate
2019-10-17 02:20:39,529 [Thread-572] INFO  impl.RoleInfo (RoleInfo.java:updateAndGet(143)) - 13e6f2a0-7b74-4c29-b613-54a9ac99ca5d: start LeaderElection
2019-10-17 02:20:39,543 [13e6f2a0-7b74-4c29-b613-54a9ac99ca5d@group-D7C8F5BEB75A-LeaderElection34] INFO  impl.LeaderElection (LeaderElection.java:askForVotes(178)) - 13e6f2a0-7b74-4c29-b613-54a9ac99ca5d@group-D7C8F5BEB75A-LeaderElection34: begin an election at term 17 for -1: [f349c4dc-e0f5-43f3-b014-e61370cb1add:192.168.157.194:39280, 13e6f2a0-7b74-4c29-b613-54a9ac99ca5d:192.168.157.194:32860, 5459097b-5895-44f9-a57c-1b76b0f7af13:192.168.157.194:35032], old=null
2019-10-17 02:20:39,545 [grpc-default-executor-4] INFO  impl.RaftServerImpl (RaftServerImpl.java:setRole(184)) - f349c4dc-e0f5-43f3-b014-e61370cb1add@group-D7C8F5BEB75A: changes role from  FOLLOWER to FOLLOWER at term 17 for recognizeCandidate:13e6f2a0-7b74-4c29-b613-54a9ac99ca5d
2019-10-17 02:20:39,545 [grpc-default-executor-6] INFO  impl.RaftServerImpl (RaftServerImpl.java:setRole(184)) - 5459097b-5895-44f9-a57c-1b76b0f7af13@group-D7C8F5BEB75A: changes role from  FOLLOWER to FOLLOWER at term 17 for recognizeCandidate:13e6f2a0-7b74-4c29-b613-54a9ac99ca5d
2019-10-17 02:20:39,546 [grpc-default-executor-4] INFO  impl.RoleInfo (RoleInfo.java:shutdownFollowerState(121)) - f349c4dc-e0f5-43f3-b014-e61370cb1add: shutdown FollowerState
2019-10-17 02:20:39,546 [grpc-default-executor-6] INFO  impl.RoleInfo (RoleInfo.java:shutdownFollowerState(121)) - 5459097b-5895-44f9-a57c-1b76b0f7af13: shutdown FollowerState
2019-10-17 02:20:39,546 [grpc-default-executor-6] INFO  impl.RoleInfo (RoleInfo.java:updateAndGet(143)) - 5459097b-5895-44f9-a57c-1b76b0f7af13: start FollowerState
2019-10-17 02:20:39,546 [Thread-571] INFO  impl.FollowerState (FollowerState.java:run(117)) - f349c4dc-e0f5-43f3-b014-e61370cb1add@group-D7C8F5BEB75A-FollowerState was interrupted: java.lang.InterruptedException: sleep interrupted
2019-10-17 02:20:39,546 [Thread-570] INFO  impl.FollowerState (FollowerState.java:run(117)) - 5459097b-5895-44f9-a57c-1b76b0f7af13@group-D7C8F5BEB75A-FollowerState was interrupted: java.lang.InterruptedException: sleep interrupted
2019-10-17 02:20:39,546 [grpc-default-executor-4] INFO  impl.RoleInfo (RoleInfo.java:updateAndGet(143)) - f349c4dc-e0f5-43f3-b014-e61370cb1add: start FollowerState
2019-10-17 02:20:39,562 [13e6f2a0-7b74-4c29-b613-54a9ac99ca5d@group-D7C8F5BEB75A-LeaderElection34] INFO  impl.LeaderElection (LeaderElection.java:logAndReturn(56)) - 13e6f2a0-7b74-4c29-b613-54a9ac99ca5d@group-D7C8F5BEB75A-LeaderElection34: Election REJECTED; received 2 response(s) [13e6f2a0-7b74-4c29-b613-54a9ac99ca5d<-f349c4dc-e0f5-43f3-b014-e61370cb1add#0:FAIL-t17, 13e6f2a0-7b74-4c29-b613-54a9ac99ca5d<-5459097b-5895-44f9-a57c-1b76b0f7af13#0:FAIL-t17] and 0 exception(s); 13e6f2a0-7b74-4c29-b613-54a9ac99ca5d@group-D7C8F5BEB75A:t17, leader=null, voted=13e6f2a0-7b74-4c29-b613-54a9ac99ca5d, raftlog=13e6f2a0-7b74-4c29-b613-54a9ac99ca5d@group-D7C8F5BEB75A-SegmentedRaftLog:OPENED:c-1,f-1,i0, conf=-1: [f349c4dc-e0f5-43f3-b014-e61370cb1add:192.168.157.194:39280, 13e6f2a0-7b74-4c29-b613-54a9ac99ca5d:192.168.157.194:32860, 5459097b-5895-44f9-a57c-1b76b0f7af13:192.168.157.194:35032], old=null
2019-10-17 02:20:39,562 [13e6f2a0-7b74-4c29-b613-54a9ac99ca5d@group-D7C8F5BEB75A-LeaderElection34] INFO  impl.RaftServerImpl (RaftServerImpl.java:setRole(184)) - 13e6f2a0-7b74-4c29-b613-54a9ac99ca5d@group-D7C8F5BEB75A: changes role from CANDIDATE to FOLLOWER at term 17 for DISCOVERED_A_NEW_TERM
2019-10-17 02:20:39,562 [13e6f2a0-7b74-4c29-b613-54a9ac99ca5d@group-D7C8F5BEB75A-LeaderElection34] INFO  impl.RoleInfo (RoleInfo.java:shutdownLeaderElection(134)) - 13e6f2a0-7b74-4c29-b613-54a9ac99ca5d: shutdown LeaderElection
2019-10-17 02:20:39,562 [13e6f2a0-7b74-4c29-b613-54a9ac99ca5d@group-D7C8F5BEB75A-LeaderElection34] INFO  impl.RoleInfo (RoleInfo.java:updateAndGet(143)) - 13e6f2a0-7b74-4c29-b613-54a9ac99ca5d: start FollowerState
 0.00% |?                                                                                                    |  0/1 Time: 0:01:092019-10-17 02:20:39,762 [Thread-578] INFO  impl.FollowerState (FollowerState.java:run(108)) - 13e6f2a0-7b74-4c29-b613-54a9ac99ca5d@group-D7C8F5BEB75A-FollowerState: change to CANDIDATE, lastRpcTime:199ms, electionTimeout:199ms
2019-10-17 02:20:39,763 [Thread-578] INFO  impl.RoleInfo (RoleInfo.java:shutdownFollowerState(121)) - 13e6f2a0-7b74-4c29-b613-54a9ac99ca5d: shutdown FollowerState
2019-10-17 02:20:39,763 [Thread-578] INFO  impl.RaftServerImpl (RaftServerImpl.java:setRole(184)) - 13e6f2a0-7b74-4c29-b613-54a9ac99ca5d@group-D7C8F5BEB75A: changes role from  FOLLOWER to CANDIDATE at term 17 for changeToCandidate
2019-10-17 02:20:39,763 [Thread-578] INFO  impl.RoleInfo (RoleInfo.java:updateAndGet(143)) - 13e6f2a0-7b74-4c29-b613-54a9ac99ca5d: start LeaderElection
2019-10-17 02:20:39,777 [13e6f2a0-7b74-4c29-b613-54a9ac99ca5d@group-D7C8F5BEB75A-LeaderElection35] INFO  impl.LeaderElection (LeaderElection.java:askForVotes(178)) - 13e6f2a0-7b74-4c29-b613-54a9ac99ca5d@group-D7C8F5BEB75A-LeaderElection35: begin an election at term 18 for -1: [f349c4dc-e0f5-43f3-b014-e61370cb1add:192.168.157.194:39280, 13e6f2a0-7b74-4c29-b613-54a9ac99ca5d:192.168.157.194:32860, 5459097b-5895-44f9-a57c-1b76b0f7af13:192.168.157.194:35032], old=null
2019-10-17 02:20:39,779 [grpc-default-executor-6] INFO  impl.RaftServerImpl (RaftServerImpl.java:setRole(184)) - f349c4dc-e0f5-43f3-b014-e61370cb1add@group-D7C8F5BEB75A: changes role from  FOLLOWER to FOLLOWER at term 18 for recognizeCandidate:13e6f2a0-7b74-4c29-b613-54a9ac99ca5d
2019-10-17 02:20:39,779 [grpc-default-executor-4] INFO  impl.RaftServerImpl (RaftServerImpl.java:setRole(184)) - 5459097b-5895-44f9-a57c-1b76b0f7af13@group-D7C8F5BEB75A: changes role from  FOLLOWER to FOLLOWER at term 18 for recognizeCandidate:13e6f2a0-7b74-4c29-b613-54a9ac99ca5d
2019-10-17 02:20:39,779 [grpc-default-executor-6] INFO  impl.RoleInfo (RoleInfo.java:shutdownFollowerState(121)) - f349c4dc-e0f5-43f3-b014-e61370cb1add: shutdown FollowerState
2019-10-17 02:20:39,780 [grpc-default-executor-4] INFO  impl.RoleInfo (RoleInfo.java:shutdownFollowerState(121)) - 5459097b-5895-44f9-a57c-1b76b0f7af13: shutdown FollowerState
2019-10-17 02:20:39,780 [Thread-577] INFO  impl.FollowerState (FollowerState.java:run(117)) - f349c4dc-e0f5-43f3-b014-e61370cb1add@group-D7C8F5BEB75A-FollowerState was interrupted: java.lang.InterruptedException: sleep interrupted
2019-10-17 02:20:39,780 [grpc-default-executor-6] INFO  impl.RoleInfo (RoleInfo.java:updateAndGet(143)) - f349c4dc-e0f5-43f3-b014-e61370cb1add: start FollowerState
2019-10-17 02:20:39,780 [grpc-default-executor-4] INFO  impl.RoleInfo (RoleInfo.java:updateAndGet(143)) - 5459097b-5895-44f9-a57c-1b76b0f7af13: start FollowerState
2019-10-17 02:20:39,780 [Thread-576] INFO  impl.FollowerState (FollowerState.java:run(117)) - 5459097b-5895-44f9-a57c-1b76b0f7af13@group-D7C8F5BEB75A-FollowerState was interrupted: java.lang.InterruptedException: sleep interrupted
2019-10-17 02:20:39,782 [13e6f2a0-7b74-4c29-b613-54a9ac99ca5d@group-D7C8F5BEB75A-LeaderElection35] INFO  impl.LeaderElection (LeaderElection.java:logAndReturn(56)) - 13e6f2a0-7b74-4c29-b613-54a9ac99ca5d@group-D7C8F5BEB75A-LeaderElection35: Election TIMEOUT; received 0 response(s) [] and 0 exception(s); 13e6f2a0-7b74-4c29-b613-54a9ac99ca5d@group-D7C8F5BEB75A:t18, leader=null, voted=13e6f2a0-7b74-4c29-b613-54a9ac99ca5d, raftlog=13e6f2a0-7b74-4c29-b613-54a9ac99ca5d@group-D7C8F5BEB75A-SegmentedRaftLog:OPENED:c-1,f-1,i0, conf=-1: [f349c4dc-e0f5-43f3-b014-e61370cb1add:192.168.157.194:39280, 13e6f2a0-7b74-4c29-b613-54a9ac99ca5d:192.168.157.194:32860, 5459097b-5895-44f9-a57c-1b76b0f7af13:192.168.157.194:35032], old=null
2019-10-17 02:20:39,790 [13e6f2a0-7b74-4c29-b613-54a9ac99ca5d@group-D7C8F5BEB75A-LeaderElection35] INFO  impl.LeaderElection (LeaderElection.java:askForVotes(178)) - 13e6f2a0-7b74-4c29-b613-54a9ac99ca5d@group-D7C8F5BEB75A-LeaderElection35: begin an election at term 19 for -1: [f349c4dc-e0f5-43f3-b014-e61370cb1add:192.168.157.194:39280, 13e6f2a0-7b74-4c29-b613-54a9ac99ca5d:192.168.157.194:32860, 5459097b-5895-44f9-a57c-1b76b0f7af13:192.168.157.194:35032], old=null
2019-10-17 02:20:39,792 [grpc-default-executor-4] INFO  impl.RaftServerImpl (RaftServerImpl.java:setRole(184)) - f349c4dc-e0f5-43f3-b014-e61370cb1add@group-D7C8F5BEB75A: changes role from  FOLLOWER to FOLLOWER at term 19 for recognizeCandidate:13e6f2a0-7b74-4c29-b613-54a9ac99ca5d
2019-10-17 02:20:39,793 [grpc-default-executor-6] INFO  impl.RaftServerImpl (RaftServerImpl.java:setRole(184)) - 5459097b-5895-44f9-a57c-1b76b0f7af13@group-D7C8F5BEB75A: changes role from  FOLLOWER to FOLLOWER at term 19 for recognizeCandidate:13e6f2a0-7b74-4c29-b613-54a9ac99ca5d
2019-10-17 02:20:39,793 [grpc-default-executor-4] INFO  impl.RoleInfo (RoleInfo.java:shutdownFollowerState(121)) - f349c4dc-e0f5-43f3-b014-e61370cb1add: shutdown FollowerState
2019-10-17 02:20:39,793 [grpc-default-executor-6] INFO  impl.RoleInfo (RoleInfo.java:shutdownFollowerState(121)) - 5459097b-5895-44f9-a57c-1b76b0f7af13: shutdown FollowerState
2019-10-17 02:20:39,793 [grpc-default-executor-4] INFO  impl.RoleInfo (RoleInfo.java:updateAndGet(143)) - f349c4dc-e0f5-43f3-b014-e61370cb1add: start FollowerState
2019-10-17 02:20:39,793 [Thread-582] INFO  impl.FollowerState (FollowerState.java:run(117)) - f349c4dc-e0f5-43f3-b014-e61370cb1add@group-D7C8F5BEB75A-FollowerState was interrupted: java.lang.InterruptedException: sleep interrupted
2019-10-17 02:20:39,793 [grpc-default-executor-6] INFO  impl.RoleInfo (RoleInfo.java:updateAndGet(143)) - 5459097b-5895-44f9-a57c-1b76b0f7af13: start FollowerState
2019-10-17 02:20:39,793 [Thread-583] INFO  impl.FollowerState (FollowerState.java:run(117)) - 5459097b-5895-44f9-a57c-1b76b0f7af13@group-D7C8F5BEB75A-FollowerState was interrupted: java.lang.InterruptedException: sleep interrupted
2019-10-17 02:20:39,808 [13e6f2a0-7b74-4c29-b613-54a9ac99ca5d@group-D7C8F5BEB75A-LeaderElection35] INFO  impl.LeaderElection (LeaderElection.java:logAndReturn(56)) - 13e6f2a0-7b74-4c29-b613-54a9ac99ca5d@group-D7C8F5BEB75A-LeaderElection35: Election REJECTED; received 2 response(s) [13e6f2a0-7b74-4c29-b613-54a9ac99ca5d<-f349c4dc-e0f5-43f3-b014-e61370cb1add#0:FAIL-t19, 13e6f2a0-7b74-4c29-b613-54a9ac99ca5d<-5459097b-5895-44f9-a57c-1b76b0f7af13#0:FAIL-t19] and 0 exception(s); 13e6f2a0-7b74-4c29-b613-54a9ac99ca5d@group-D7C8F5BEB75A:t19, leader=null, voted=13e6f2a0-7b74-4c29-b613-54a9ac99ca5d, raftlog=13e6f2a0-7b74-4c29-b613-54a9ac99ca5d@group-D7C8F5BEB75A-SegmentedRaftLog:OPENED:c-1,f-1,i0, conf=-1: [f349c4dc-e0f5-43f3-b014-e61370cb1add:192.168.157.194:39280, 13e6f2a0-7b74-4c29-b613-54a9ac99ca5d:192.168.157.194:32860, 5459097b-5895-44f9-a57c-1b76b0f7af13:192.168.157.194:35032], old=null
2019-10-17 02:20:39,808 [13e6f2a0-7b74-4c29-b613-54a9ac99ca5d@group-D7C8F5BEB75A-LeaderElection35] INFO  impl.RaftServerImpl (RaftServerImpl.java:setRole(184)) - 13e6f2a0-7b74-4c29-b613-54a9ac99ca5d@group-D7C8F5BEB75A: changes role from CANDIDATE to FOLLOWER at term 19 for DISCOVERED_A_NEW_TERM
2019-10-17 02:20:39,808 [13e6f2a0-7b74-4c29-b613-54a9ac99ca5d@group-D7C8F5BEB75A-LeaderElection35] INFO  impl.RoleInfo (RoleInfo.java:shutdownLeaderElection(134)) - 13e6f2a0-7b74-4c29-b613-54a9ac99ca5d: shutdown LeaderElection
2019-10-17 02:20:39,808 [13e6f2a0-7b74-4c29-b613-54a9ac99ca5d@group-D7C8F5BEB75A-LeaderElection35] INFO  impl.RoleInfo (RoleInfo.java:updateAndGet(143)) - 13e6f2a0-7b74-4c29-b613-54a9ac99ca5d: start FollowerState
2019-10-17 02:20:39,822 [Thread-588] INFO  impl.FollowerState (FollowerState.java:run(108)) - 13e6f2a0-7b74-4c29-b613-54a9ac99ca5d@group-D7C8F5BEB75A-FollowerState: change to CANDIDATE, lastRpcTime:14ms, electionTimeout:14ms
2019-10-17 02:20:39,823 [Thread-588] INFO  impl.RoleInfo (RoleInfo.java:shutdownFollowerState(121)) - 13e6f2a0-7b74-4c29-b613-54a9ac99ca5d: shutdown FollowerState
2019-10-17 02:20:39,824 [Thread-588] INFO  impl.RaftServerImpl (RaftServerImpl.java:setRole(184)) - 13e6f2a0-7b74-4c29-b613-54a9ac99ca5d@group-D7C8F5BEB75A: changes role from  FOLLOWER to CANDIDATE at term 19 for changeToCandidate
2019-10-17 02:20:39,824 [Thread-588] INFO  impl.RoleInfo (RoleInfo.java:updateAndGet(143)) - 13e6f2a0-7b74-4c29-b613-54a9ac99ca5d: start LeaderElection
2019-10-17 02:20:39,837 [13e6f2a0-7b74-4c29-b613-54a9ac99ca5d@group-D7C8F5BEB75A-LeaderElection36] INFO  impl.LeaderElection (LeaderElection.java:askForVotes(178)) - 13e6f2a0-7b74-4c29-b613-54a9ac99ca5d@group-D7C8F5BEB75A-LeaderElection36: begin an election at term 20 for -1: [f349c4dc-e0f5-43f3-b014-e61370cb1add:192.168.157.194:39280, 13e6f2a0-7b74-4c29-b613-54a9ac99ca5d:192.168.157.194:32860, 5459097b-5895-44f9-a57c-1b76b0f7af13:192.168.157.194:35032], old=null
2019-10-17 02:20:39,839 [grpc-default-executor-6] INFO  impl.RaftServerImpl (RaftServerImpl.java:setRole(184)) - 5459097b-5895-44f9-a57c-1b76b0f7af13@group-D7C8F5BEB75A: changes role from  FOLLOWER to FOLLOWER at term 20 for recognizeCandidate:13e6f2a0-7b74-4c29-b613-54a9ac99ca5d
2019-10-17 02:20:39,839 [grpc-default-executor-4] INFO  impl.RaftServerImpl (RaftServerImpl.java:setRole(184)) - f349c4dc-e0f5-43f3-b014-e61370cb1add@group-D7C8F5BEB75A: changes role from  FOLLOWER to FOLLOWER at term 20 for recognizeCandidate:13e6f2a0-7b74-4c29-b613-54a9ac99ca5d
2019-10-17 02:20:39,840 [grpc-default-executor-6] INFO  impl.RoleInfo (RoleInfo.java:shutdownFollowerState(121)) - 5459097b-5895-44f9-a57c-1b76b0f7af13: shutdown FollowerState
2019-10-17 02:20:39,840 [grpc-default-executor-4] INFO  impl.RoleInfo (RoleInfo.java:shutdownFollowerState(121)) - f349c4dc-e0f5-43f3-b014-e61370cb1add: shutdown FollowerState
2019-10-17 02:20:39,840 [grpc-default-executor-6] INFO  impl.RoleInfo (RoleInfo.java:updateAndGet(143)) - 5459097b-5895-44f9-a57c-1b76b0f7af13: start FollowerState
2019-10-17 02:20:39,840 [Thread-586] INFO  impl.FollowerState (FollowerState.java:run(117)) - f349c4dc-e0f5-43f3-b014-e61370cb1add@group-D7C8F5BEB75A-FollowerState was interrupted: java.lang.InterruptedException: sleep interrupted
2019-10-17 02:20:39,840 [grpc-default-executor-4] INFO  impl.RoleInfo (RoleInfo.java:updateAndGet(143)) - f349c4dc-e0f5-43f3-b014-e61370cb1add: start FollowerState
2019-10-17 02:20:39,840 [Thread-587] INFO  impl.FollowerState (FollowerState.java:run(117)) - 5459097b-5895-44f9-a57c-1b76b0f7af13@group-D7C8F5BEB75A-FollowerState was interrupted: java.lang.InterruptedException: sleep interrupted
2019-10-17 02:20:39,855 [13e6f2a0-7b74-4c29-b613-54a9ac99ca5d@group-D7C8F5BEB75A-LeaderElection36] INFO  impl.LeaderElection (LeaderElection.java:logAndReturn(56)) - 13e6f2a0-7b74-4c29-b613-54a9ac99ca5d@group-D7C8F5BEB75A-LeaderElection36: Election REJECTED; received 2 response(s) [13e6f2a0-7b74-4c29-b613-54a9ac99ca5d<-f349c4dc-e0f5-43f3-b014-e61370cb1add#0:FAIL-t20, 13e6f2a0-7b74-4c29-b613-54a9ac99ca5d<-5459097b-5895-44f9-a57c-1b76b0f7af13#0:FAIL-t20] and 0 exception(s); 13e6f2a0-7b74-4c29-b613-54a9ac99ca5d@group-D7C8F5BEB75A:t20, leader=null, voted=13e6f2a0-7b74-4c29-b613-54a9ac99ca5d, raftlog=13e6f2a0-7b74-4c29-b613-54a9ac99ca5d@group-D7C8F5BEB75A-SegmentedRaftLog:OPENED:c-1,f-1,i0, conf=-1: [f349c4dc-e0f5-43f3-b014-e61370cb1add:192.168.157.194:39280, 13e6f2a0-7b74-4c29-b613-54a9ac99ca5d:192.168.157.194:32860, 5459097b-5895-44f9-a57c-1b76b0f7af13:192.168.157.194:35032], old=null
2019-10-17 02:20:39,855 [13e6f2a0-7b74-4c29-b613-54a9ac99ca5d@group-D7C8F5BEB75A-LeaderElection36] INFO  impl.RaftServerImpl (RaftServerImpl.java:setRole(184)) - 13e6f2a0-7b74-4c29-b613-54a9ac99ca5d@group-D7C8F5BEB75A: changes role from CANDIDATE to FOLLOWER at term 20 for DISCOVERED_A_NEW_TERM
2019-10-17 02:20:39,856 [13e6f2a0-7b74-4c29-b613-54a9ac99ca5d@group-D7C8F5BEB75A-LeaderElection36] INFO  impl.RoleInfo (RoleInfo.java:shutdownLeaderElection(134)) - 13e6f2a0-7b74-4c29-b613-54a9ac99ca5d: shutdown LeaderElection
2019-10-17 02:20:39,856 [13e6f2a0-7b74-4c29-b613-54a9ac99ca5d@group-D7C8F5BEB75A-LeaderElection36] INFO  impl.RoleInfo (RoleInfo.java:updateAndGet(143)) - 13e6f2a0-7b74-4c29-b613-54a9ac99ca5d: start FollowerState
2019-10-17 02:20:39,878 [Thread-594] INFO  impl.FollowerState (FollowerState.java:run(108)) - 13e6f2a0-7b74-4c29-b613-54a9ac99ca5d@group-D7C8F5BEB75A-FollowerState: change to CANDIDATE, lastRpcTime:22ms, electionTimeout:22ms
2019-10-17 02:20:39,880 [Thread-594] INFO  impl.RoleInfo (RoleInfo.java:shutdownFollowerState(121)) - 13e6f2a0-7b74-4c29-b613-54a9ac99ca5d: shutdown FollowerState
2019-10-17 02:20:39,880 [Thread-594] INFO  impl.RaftServerImpl (RaftServerImpl.java:setRole(184)) - 13e6f2a0-7b74-4c29-b613-54a9ac99ca5d@group-D7C8F5BEB75A: changes role from  FOLLOWER to CANDIDATE at term 20 for changeToCandidate
2019-10-17 02:20:39,880 [Thread-594] INFO  impl.RoleInfo (RoleInfo.java:updateAndGet(143)) - 13e6f2a0-7b74-4c29-b613-54a9ac99ca5d: start LeaderElection
2019-10-17 02:20:39,893 [13e6f2a0-7b74-4c29-b613-54a9ac99ca5d@group-D7C8F5BEB75A-LeaderElection37] INFO  impl.LeaderElection (LeaderElection.java:askForVotes(178)) - 13e6f2a0-7b74-4c29-b613-54a9ac99ca5d@group-D7C8F5BEB75A-LeaderElection37: begin an election at term 21 for -1: [f349c4dc-e0f5-43f3-b014-e61370cb1add:192.168.157.194:39280, 13e6f2a0-7b74-4c29-b613-54a9ac99ca5d:192.168.157.194:32860, 5459097b-5895-44f9-a57c-1b76b0f7af13:192.168.157.194:35032], old=null
2019-10-17 02:20:39,896 [grpc-default-executor-6] INFO  impl.RaftServerImpl (RaftServerImpl.java:setRole(184)) - 5459097b-5895-44f9-a57c-1b76b0f7af13@group-D7C8F5BEB75A: changes role from  FOLLOWER to FOLLOWER at term 21 for recognizeCandidate:13e6f2a0-7b74-4c29-b613-54a9ac99ca5d
2019-10-17 02:20:39,896 [grpc-default-executor-4] INFO  impl.RaftServerImpl (RaftServerImpl.java:setRole(184)) - f349c4dc-e0f5-43f3-b014-e61370cb1add@group-D7C8F5BEB75A: changes role from  FOLLOWER to FOLLOWER at term 21 for recognizeCandidate:13e6f2a0-7b74-4c29-b613-54a9ac99ca5d
2019-10-17 02:20:39,896 [grpc-default-executor-6] INFO  impl.RoleInfo (RoleInfo.java:shutdownFollowerState(121)) - 5459097b-5895-44f9-a57c-1b76b0f7af13: shutdown FollowerState
2019-10-17 02:20:39,896 [grpc-default-executor-4] INFO  impl.RoleInfo (RoleInfo.java:shutdownFollowerState(121)) - f349c4dc-e0f5-43f3-b014-e61370cb1add: shutdown FollowerState
2019-10-17 02:20:39,896 [Thread-592] INFO  impl.FollowerState (FollowerState.java:run(117)) - 5459097b-5895-44f9-a57c-1b76b0f7af13@group-D7C8F5BEB75A-FollowerState was interrupted: java.lang.InterruptedException: sleep interrupted
2019-10-17 02:20:39,896 [grpc-default-executor-6] INFO  impl.RoleInfo (RoleInfo.java:updateAndGet(143)) - 5459097b-5895-44f9-a57c-1b76b0f7af13: start FollowerState
2019-10-17 02:20:39,896 [Thread-593] INFO  impl.FollowerState (FollowerState.java:run(117)) - f349c4dc-e0f5-43f3-b014-e61370cb1add@group-D7C8F5BEB75A-FollowerState was interrupted: java.lang.InterruptedException: sleep interrupted
2019-10-17 02:20:39,896 [grpc-default-executor-4] INFO  impl.RoleInfo (RoleInfo.java:updateAndGet(143)) - f349c4dc-e0f5-43f3-b014-e61370cb1add: start FollowerState
2019-10-17 02:20:39,902 [13e6f2a0-7b74-4c29-b613-54a9ac99ca5d@group-D7C8F5BEB75A-LeaderElection37] INFO  impl.LeaderElection (LeaderElection.java:logAndReturn(56)) - 13e6f2a0-7b74-4c29-b613-54a9ac99ca5d@group-D7C8F5BEB75A-LeaderElection37: Election TIMEOUT; received 0 response(s) [] and 0 exception(s); 13e6f2a0-7b74-4c29-b613-54a9ac99ca5d@group-D7C8F5BEB75A:t21, leader=null, voted=13e6f2a0-7b74-4c29-b613-54a9ac99ca5d, raftlog=13e6f2a0-7b74-4c29-b613-54a9ac99ca5d@group-D7C8F5BEB75A-SegmentedRaftLog:OPENED:c-1,f-1,i0, conf=-1: [f349c4dc-e0f5-43f3-b014-e61370cb1add:192.168.157.194:39280, 13e6f2a0-7b74-4c29-b613-54a9ac99ca5d:192.168.157.194:32860, 5459097b-5895-44f9-a57c-1b76b0f7af13:192.168.157.194:35032], old=null
2019-10-17 02:20:39,910 [13e6f2a0-7b74-4c29-b613-54a9ac99ca5d@group-D7C8F5BEB75A-LeaderElection37] INFO  impl.LeaderElection (LeaderElection.java:askForVotes(178)) - 13e6f2a0-7b74-4c29-b613-54a9ac99ca5d@group-D7C8F5BEB75A-LeaderElection37: begin an election at term 22 for -1: [f349c4dc-e0f5-43f3-b014-e61370cb1add:192.168.157.194:39280, 13e6f2a0-7b74-4c29-b613-54a9ac99ca5d:192.168.157.194:32860, 5459097b-5895-44f9-a57c-1b76b0f7af13:192.168.157.194:35032], old=null
2019-10-17 02:20:39,913 [grpc-default-executor-4] INFO  impl.RaftServerImpl (RaftServerImpl.java:setRole(184)) - f349c4dc-e0f5-43f3-b014-e61370cb1add@group-D7C8F5BEB75A: changes role from  FOLLOWER to FOLLOWER at term 22 for recognizeCandidate:13e6f2a0-7b74-4c29-b613-54a9ac99ca5d
2019-10-17 02:20:39,915 [grpc-default-executor-4] INFO  impl.RoleInfo (RoleInfo.java:shutdownFollowerState(121)) - f349c4dc-e0f5-43f3-b014-e61370cb1add: shutdown FollowerState
2019-10-17 02:20:39,915 [grpc-default-executor-4] INFO  impl.RoleInfo (RoleInfo.java:updateAndGet(143)) - f349c4dc-e0f5-43f3-b014-e61370cb1add: start FollowerState
2019-10-17 02:20:39,915 [Thread-599] INFO  impl.FollowerState (FollowerState.java:run(117)) - f349c4dc-e0f5-43f3-b014-e61370cb1add@group-D7C8F5BEB75A-FollowerState was interrupted: java.lang.InterruptedException: sleep interrupted
2019-10-17 02:20:39,917 [grpc-default-executor-6] INFO  impl.RaftServerImpl (RaftServerImpl.java:setRole(184)) - 5459097b-5895-44f9-a57c-1b76b0f7af13@group-D7C8F5BEB75A: changes role from  FOLLOWER to FOLLOWER at term 22 for recognizeCandidate:13e6f2a0-7b74-4c29-b613-54a9ac99ca5d
2019-10-17 02:20:39,917 [grpc-default-executor-6] INFO  impl.RoleInfo (RoleInfo.java:shutdownFollowerState(121)) - 5459097b-5895-44f9-a57c-1b76b0f7af13: shutdown FollowerState
2019-10-17 02:20:39,917 [grpc-default-executor-6] INFO  impl.RoleInfo (RoleInfo.java:updateAndGet(143)) - 5459097b-5895-44f9-a57c-1b76b0f7af13: start FollowerState
2019-10-17 02:20:39,917 [Thread-598] INFO  impl.FollowerState (FollowerState.java:run(117)) - 5459097b-5895-44f9-a57c-1b76b0f7af13@group-D7C8F5BEB75A-FollowerState was interrupted: java.lang.InterruptedException: sleep interrupted
2019-10-17 02:20:39,928 [13e6f2a0-7b74-4c29-b613-54a9ac99ca5d@group-D7C8F5BEB75A-LeaderElection37] INFO  impl.LeaderElection (LeaderElection.java:logAndReturn(56)) - 13e6f2a0-7b74-4c29-b613-54a9ac99ca5d@group-D7C8F5BEB75A-LeaderElection37: Election REJECTED; received 2 response(s) [13e6f2a0-7b74-4c29-b613-54a9ac99ca5d<-f349c4dc-e0f5-43f3-b014-e61370cb1add#0:FAIL-t22, 13e6f2a0-7b74-4c29-b613-54a9ac99ca5d<-5459097b-5895-44f9-a57c-1b76b0f7af13#0:FAIL-t22] and 0 exception(s); 13e6f2a0-7b74-4c29-b613-54a9ac99ca5d@group-D7C8F5BEB75A:t22, leader=null, voted=13e6f2a0-7b74-4c29-b613-54a9ac99ca5d, raftlog=13e6f2a0-7b74-4c29-b613-54a9ac99ca5d@group-D7C8F5BEB75A-SegmentedRaftLog:OPENED:c-1,f-1,i0, conf=-1: [f349c4dc-e0f5-43f3-b014-e61370cb1add:192.168.157.194:39280, 13e6f2a0-7b74-4c29-b613-54a9ac99ca5d:192.168.157.194:32860, 5459097b-5895-44f9-a57c-1b76b0f7af13:192.168.157.194:35032], old=null
2019-10-17 02:20:39,928 [13e6f2a0-7b74-4c29-b613-54a9ac99ca5d@group-D7C8F5BEB75A-LeaderElection37] INFO  impl.RaftServerImpl (RaftServerImpl.java:setRole(184)) - 13e6f2a0-7b74-4c29-b613-54a9ac99ca5d@group-D7C8F5BEB75A: changes role from CANDIDATE to FOLLOWER at term 22 for DISCOVERED_A_NEW_TERM
2019-10-17 02:20:39,928 [13e6f2a0-7b74-4c29-b613-54a9ac99ca5d@group-D7C8F5BEB75A-LeaderElection37] INFO  impl.RoleInfo (RoleInfo.java:shutdownLeaderElection(134)) - 13e6f2a0-7b74-4c29-b613-54a9ac99ca5d: shutdown LeaderElection
2019-10-17 02:20:39,929 [13e6f2a0-7b74-4c29-b613-54a9ac99ca5d@group-D7C8F5BEB75A-LeaderElection37] INFO  impl.RoleInfo (RoleInfo.java:updateAndGet(143)) - 13e6f2a0-7b74-4c29-b613-54a9ac99ca5d: start FollowerState
2019-10-17 02:20:40,040 [Thread-604] INFO  impl.FollowerState (FollowerState.java:run(108)) - 13e6f2a0-7b74-4c29-b613-54a9ac99ca5d@group-D7C8F5BEB75A-FollowerState: change to CANDIDATE, lastRpcTime:111ms, electionTimeout:111ms
2019-10-17 02:20:40,042 [Thread-604] INFO  impl.RoleInfo (RoleInfo.java:shutdownFollowerState(121)) - 13e6f2a0-7b74-4c29-b613-54a9ac99ca5d: shutdown FollowerState
2019-10-17 02:20:40,042 [Thread-604] INFO  impl.RaftServerImpl (RaftServerImpl.java:setRole(184)) - 13e6f2a0-7b74-4c29-b613-54a9ac99ca5d@group-D7C8F5BEB75A: changes role from  FOLLOWER to CANDIDATE at term 22 for changeToCandidate
2019-10-17 02:20:40,042 [Thread-604] INFO  impl.RoleInfo (RoleInfo.java:updateAndGet(143)) - 13e6f2a0-7b74-4c29-b613-54a9ac99ca5d: start LeaderElection
2019-10-17 02:20:40,055 [13e6f2a0-7b74-4c29-b613-54a9ac99ca5d@group-D7C8F5BEB75A-LeaderElection38] INFO  impl.LeaderElection (LeaderElection.java:askForVotes(178)) - 13e6f2a0-7b74-4c29-b613-54a9ac99ca5d@group-D7C8F5BEB75A-LeaderElection38: begin an election at term 23 for -1: [f349c4dc-e0f5-43f3-b014-e61370cb1add:192.168.157.194:39280, 13e6f2a0-7b74-4c29-b613-54a9ac99ca5d:192.168.157.194:32860, 5459097b-5895-44f9-a57c-1b76b0f7af13:192.168.157.194:35032], old=null
2019-10-17 02:20:40,057 [grpc-default-executor-4] INFO  impl.RaftServerImpl (RaftServerImpl.java:setRole(184)) - f349c4dc-e0f5-43f3-b014-e61370cb1add@group-D7C8F5BEB75A: changes role from  FOLLOWER to FOLLOWER at term 23 for recognizeCandidate:13e6f2a0-7b74-4c29-b613-54a9ac99ca5d
2019-10-17 02:20:40,057 [grpc-default-executor-4] INFO  impl.RoleInfo (RoleInfo.java:shutdownFollowerState(121)) - f349c4dc-e0f5-43f3-b014-e61370cb1add: shutdown FollowerState
2019-10-17 02:20:40,058 [grpc-default-executor-6] INFO  impl.RaftServerImpl (RaftServerImpl.java:setRole(184)) - 5459097b-5895-44f9-a57c-1b76b0f7af13@group-D7C8F5BEB75A: changes role from  FOLLOWER to FOLLOWER at term 23 for recognizeCandidate:13e6f2a0-7b74-4c29-b613-54a9ac99ca5d
2019-10-17 02:20:40,058 [grpc-default-executor-4] INFO  impl.RoleInfo (RoleInfo.java:updateAndGet(143)) - f349c4dc-e0f5-43f3-b014-e61370cb1add: start FollowerState
2019-10-17 02:20:40,058 [Thread-602] INFO  impl.FollowerState (FollowerState.java:run(117)) - f349c4dc-e0f5-43f3-b014-e61370cb1add@group-D7C8F5BEB75A-FollowerState was interrupted: java.lang.InterruptedException: sleep interrupted
2019-10-17 02:20:40,058 [grpc-default-executor-6] INFO  impl.RoleInfo (RoleInfo.java:shutdownFollowerState(121)) - 5459097b-5895-44f9-a57c-1b76b0f7af13: shutdown FollowerState
2019-10-17 02:20:40,058 [grpc-default-executor-6] INFO  impl.RoleInfo (RoleInfo.java:updateAndGet(143)) - 5459097b-5895-44f9-a57c-1b76b0f7af13: start FollowerState
2019-10-17 02:20:40,058 [Thread-603] INFO  impl.FollowerState (FollowerState.java:run(117)) - 5459097b-5895-44f9-a57c-1b76b0f7af13@group-D7C8F5BEB75A-FollowerState was interrupted: java.lang.InterruptedException: sleep interrupted
2019-10-17 02:20:40,070 [13e6f2a0-7b74-4c29-b613-54a9ac99ca5d@group-D7C8F5BEB75A-LeaderElection38] INFO  impl.LeaderElection (LeaderElection.java:logAndReturn(56)) - 13e6f2a0-7b74-4c29-b613-54a9ac99ca5d@group-D7C8F5BEB75A-LeaderElection38: Election REJECTED; received 2 response(s) [13e6f2a0-7b74-4c29-b613-54a9ac99ca5d<-f349c4dc-e0f5-43f3-b014-e61370cb1add#0:FAIL-t23, 13e6f2a0-7b74-4c29-b613-54a9ac99ca5d<-5459097b-5895-44f9-a57c-1b76b0f7af13#0:FAIL-t23] and 0 exception(s); 13e6f2a0-7b74-4c29-b613-54a9ac99ca5d@group-D7C8F5BEB75A:t23, leader=null, voted=13e6f2a0-7b74-4c29-b613-54a9ac99ca5d, raftlog=13e6f2a0-7b74-4c29-b613-54a9ac99ca5d@group-D7C8F5BEB75A-SegmentedRaftLog:OPENED:c-1,f-1,i0, conf=-1: [f349c4dc-e0f5-43f3-b014-e61370cb1add:192.168.157.194:39280, 13e6f2a0-7b74-4c29-b613-54a9ac99ca5d:192.168.157.194:32860, 5459097b-5895-44f9-a57c-1b76b0f7af13:192.168.157.194:35032], old=null
2019-10-17 02:20:40,070 [13e6f2a0-7b74-4c29-b613-54a9ac99ca5d@group-D7C8F5BEB75A-LeaderElection38] INFO  impl.RaftServerImpl (RaftServerImpl.java:setRole(184)) - 13e6f2a0-7b74-4c29-b613-54a9ac99ca5d@group-D7C8F5BEB75A: changes role from CANDIDATE to FOLLOWER at term 23 for DISCOVERED_A_NEW_TERM
2019-10-17 02:20:40,070 [13e6f2a0-7b74-4c29-b613-54a9ac99ca5d@group-D7C8F5BEB75A-LeaderElection38] INFO  impl.RoleInfo (RoleInfo.java:shutdownLeaderElection(134)) - 13e6f2a0-7b74-4c29-b613-54a9ac99ca5d: shutdown LeaderElection
2019-10-17 02:20:40,070 [13e6f2a0-7b74-4c29-b613-54a9ac99ca5d@group-D7C8F5BEB75A-LeaderElection38] INFO  impl.RoleInfo (RoleInfo.java:updateAndGet(143)) - 13e6f2a0-7b74-4c29-b613-54a9ac99ca5d: start FollowerState
2019-10-17 02:20:40,152 [Thread-610] INFO  impl.FollowerState (FollowerState.java:run(108)) - 13e6f2a0-7b74-4c29-b613-54a9ac99ca5d@group-D7C8F5BEB75A-FollowerState: change to CANDIDATE, lastRpcTime:82ms, electionTimeout:82ms
2019-10-17 02:20:40,154 [Thread-610] INFO  impl.RoleInfo (RoleInfo.java:shutdownFollowerState(121)) - 13e6f2a0-7b74-4c29-b613-54a9ac99ca5d: shutdown FollowerState
2019-10-17 02:20:40,154 [Thread-610] INFO  impl.RaftServerImpl (RaftServerImpl.java:setRole(184)) - 13e6f2a0-7b74-4c29-b613-54a9ac99ca5d@group-D7C8F5BEB75A: changes role from  FOLLOWER to CANDIDATE at term 23 for changeToCandidate
2019-10-17 02:20:40,154 [Thread-610] INFO  impl.RoleInfo (RoleInfo.java:updateAndGet(143)) - 13e6f2a0-7b74-4c29-b613-54a9ac99ca5d: start LeaderElection
2019-10-17 02:20:40,168 [13e6f2a0-7b74-4c29-b613-54a9ac99ca5d@group-D7C8F5BEB75A-LeaderElection39] INFO  impl.LeaderElection (LeaderElection.java:askForVotes(178)) - 13e6f2a0-7b74-4c29-b613-54a9ac99ca5d@group-D7C8F5BEB75A-LeaderElection39: begin an election at term 24 for -1: [f349c4dc-e0f5-43f3-b014-e61370cb1add:192.168.157.194:39280, 13e6f2a0-7b74-4c29-b613-54a9ac99ca5d:192.168.157.194:32860, 5459097b-5895-44f9-a57c-1b76b0f7af13:192.168.157.194:35032], old=null
2019-10-17 02:20:40,172 [grpc-default-executor-6] INFO  impl.RaftServerImpl (RaftServerImpl.java:setRole(184)) - 5459097b-5895-44f9-a57c-1b76b0f7af13@group-D7C8F5BEB75A: changes role from  FOLLOWER to FOLLOWER at term 24 for recognizeCandidate:13e6f2a0-7b74-4c29-b613-54a9ac99ca5d
2019-10-17 02:20:40,172 [grpc-default-executor-4] INFO  impl.RaftServerImpl (RaftServerImpl.java:setRole(184)) - f349c4dc-e0f5-43f3-b014-e61370cb1add@group-D7C8F5BEB75A: changes role from  FOLLOWER to FOLLOWER at term 24 for recognizeCandidate:13e6f2a0-7b74-4c29-b613-54a9ac99ca5d
2019-10-17 02:20:40,172 [grpc-default-executor-6] INFO  impl.RoleInfo (RoleInfo.java:shutdownFollowerState(121)) - 5459097b-5895-44f9-a57c-1b76b0f7af13: shutdown FollowerState
2019-10-17 02:20:40,172 [grpc-default-executor-4] INFO  impl.RoleInfo (RoleInfo.java:shutdownFollowerState(121)) - f349c4dc-e0f5-43f3-b014-e61370cb1add: shutdown FollowerState
2019-10-17 02:20:40,172 [Thread-609] INFO  impl.FollowerState (FollowerState.java:run(117)) - 5459097b-5895-44f9-a57c-1b76b0f7af13@group-D7C8F5BEB75A-FollowerState was interrupted: java.lang.InterruptedException: sleep interrupted
2019-10-17 02:20:40,172 [grpc-default-executor-6] INFO  impl.RoleInfo (RoleInfo.java:updateAndGet(143)) - 5459097b-5895-44f9-a57c-1b76b0f7af13: start FollowerState
2019-10-17 02:20:40,172 [Thread-608] INFO  impl.FollowerState (FollowerState.java:run(117)) - f349c4dc-e0f5-43f3-b014-e61370cb1add@group-D7C8F5BEB75A-FollowerState was interrupted: java.lang.InterruptedException: sleep interrupted
2019-10-17 02:20:40,172 [grpc-default-executor-4] INFO  impl.RoleInfo (RoleInfo.java:updateAndGet(143)) - f349c4dc-e0f5-43f3-b014-e61370cb1add: start FollowerState
2019-10-17 02:20:40,187 [13e6f2a0-7b74-4c29-b613-54a9ac99ca5d@group-D7C8F5BEB75A-LeaderElection39] INFO  impl.LeaderElection (LeaderElection.java:logAndReturn(56)) - 13e6f2a0-7b74-4c29-b613-54a9ac99ca5d@group-D7C8F5BEB75A-LeaderElection39: Election REJECTED; received 2 response(s) [13e6f2a0-7b74-4c29-b613-54a9ac99ca5d<-f349c4dc-e0f5-43f3-b014-e61370cb1add#0:FAIL-t24, 13e6f2a0-7b74-4c29-b613-54a9ac99ca5d<-5459097b-5895-44f9-a57c-1b76b0f7af13#0:FAIL-t24] and 0 exception(s); 13e6f2a0-7b74-4c29-b613-54a9ac99ca5d@group-D7C8F5BEB75A:t24, leader=null, voted=13e6f2a0-7b74-4c29-b613-54a9ac99ca5d, raftlog=13e6f2a0-7b74-4c29-b613-54a9ac99ca5d@group-D7C8F5BEB75A-SegmentedRaftLog:OPENED:c-1,f-1,i0, conf=-1: [f349c4dc-e0f5-43f3-b014-e61370cb1add:192.168.157.194:39280, 13e6f2a0-7b74-4c29-b613-54a9ac99ca5d:192.168.157.194:32860, 5459097b-5895-44f9-a57c-1b76b0f7af13:192.168.157.194:35032], old=null
2019-10-17 02:20:40,187 [13e6f2a0-7b74-4c29-b613-54a9ac99ca5d@group-D7C8F5BEB75A-LeaderElection39] INFO  impl.RaftServerImpl (RaftServerImpl.java:setRole(184)) - 13e6f2a0-7b74-4c29-b613-54a9ac99ca5d@group-D7C8F5BEB75A: changes role from CANDIDATE to FOLLOWER at term 24 for DISCOVERED_A_NEW_TERM
2019-10-17 02:20:40,187 [13e6f2a0-7b74-4c29-b613-54a9ac99ca5d@group-D7C8F5BEB75A-LeaderElection39] INFO  impl.RoleInfo (RoleInfo.java:shutdownLeaderElection(134)) - 13e6f2a0-7b74-4c29-b613-54a9ac99ca5d: shutdown LeaderElection
2019-10-17 02:20:40,188 [13e6f2a0-7b74-4c29-b613-54a9ac99ca5d@group-D7C8F5BEB75A-LeaderElection39] INFO  impl.RoleInfo (RoleInfo.java:updateAndGet(143)) - 13e6f2a0-7b74-4c29-b613-54a9ac99ca5d: start FollowerState
2019-10-17 02:20:40,230 [Thread-616] INFO  impl.FollowerState (FollowerState.java:run(108)) - 13e6f2a0-7b74-4c29-b613-54a9ac99ca5d@group-D7C8F5BEB75A-FollowerState: change to CANDIDATE, lastRpcTime:42ms, electionTimeout:42ms
2019-10-17 02:20:40,232 [Thread-616] INFO  impl.RoleInfo (RoleInfo.java:shutdownFollowerState(121)) - 13e6f2a0-7b74-4c29-b613-54a9ac99ca5d: shutdown FollowerState
2019-10-17 02:20:40,232 [Thread-616] INFO  impl.RaftServerImpl (RaftServerImpl.java:setRole(184)) - 13e6f2a0-7b74-4c29-b613-54a9ac99ca5d@group-D7C8F5BEB75A: changes role from  FOLLOWER to CANDIDATE at term 24 for changeToCandidate
2019-10-17 02:20:40,232 [Thread-616] INFO  impl.RoleInfo (RoleInfo.java:updateAndGet(143)) - 13e6f2a0-7b74-4c29-b613-54a9ac99ca5d: start LeaderElection
2019-10-17 02:20:40,245 [13e6f2a0-7b74-4c29-b613-54a9ac99ca5d@group-D7C8F5BEB75A-LeaderElection40] INFO  impl.LeaderElection (LeaderElection.java:askForVotes(178)) - 13e6f2a0-7b74-4c29-b613-54a9ac99ca5d@group-D7C8F5BEB75A-LeaderElection40: begin an election at term 25 for -1: [f349c4dc-e0f5-43f3-b014-e61370cb1add:192.168.157.194:39280, 13e6f2a0-7b74-4c29-b613-54a9ac99ca5d:192.168.157.194:32860, 5459097b-5895-44f9-a57c-1b76b0f7af13:192.168.157.194:35032], old=null
2019-10-17 02:20:40,248 [grpc-default-executor-6] INFO  impl.RaftServerImpl (RaftServerImpl.java:setRole(184)) - 5459097b-5895-44f9-a57c-1b76b0f7af13@group-D7C8F5BEB75A: changes role from  FOLLOWER to FOLLOWER at term 25 for recognizeCandidate:13e6f2a0-7b74-4c29-b613-54a9ac99ca5d
2019-10-17 02:20:40,248 [grpc-default-executor-4] INFO  impl.RaftServerImpl (RaftServerImpl.java:setRole(184)) - f349c4dc-e0f5-43f3-b014-e61370cb1add@group-D7C8F5BEB75A: changes role from  FOLLOWER to FOLLOWER at term 25 for recognizeCandidate:13e6f2a0-7b74-4c29-b613-54a9ac99ca5d
2019-10-17 02:20:40,248 [grpc-default-executor-6] INFO  impl.RoleInfo (RoleInfo.java:shutdownFollowerState(121)) - 5459097b-5895-44f9-a57c-1b76b0f7af13: shutdown FollowerState
2019-10-17 02:20:40,248 [grpc-default-executor-4] INFO  impl.RoleInfo (RoleInfo.java:shutdownFollowerState(121)) - f349c4dc-e0f5-43f3-b014-e61370cb1add: shutdown FollowerState
2019-10-17 02:20:40,248 [grpc-default-executor-6] INFO  impl.RoleInfo (RoleInfo.java:updateAndGet(143)) - 5459097b-5895-44f9-a57c-1b76b0f7af13: start FollowerState
2019-10-17 02:20:40,248 [Thread-614] INFO  impl.FollowerState (FollowerState.java:run(117)) - 5459097b-5895-44f9-a57c-1b76b0f7af13@group-D7C8F5BEB75A-FollowerState was interrupted: java.lang.InterruptedException: sleep interrupted
2019-10-17 02:20:40,248 [grpc-default-executor-4] INFO  impl.RoleInfo (RoleInfo.java:updateAndGet(143)) - f349c4dc-e0f5-43f3-b014-e61370cb1add: start FollowerState
2019-10-17 02:20:40,248 [Thread-615] INFO  impl.FollowerState (FollowerState.java:run(117)) - f349c4dc-e0f5-43f3-b014-e61370cb1add@group-D7C8F5BEB75A-FollowerState was interrupted: java.lang.InterruptedException: sleep interrupted
2019-10-17 02:20:40,261 [13e6f2a0-7b74-4c29-b613-54a9ac99ca5d@group-D7C8F5BEB75A-LeaderElection40] INFO  impl.LeaderElection (LeaderElection.java:logAndReturn(56)) - 13e6f2a0-7b74-4c29-b613-54a9ac99ca5d@group-D7C8F5BEB75A-LeaderElection40: Election REJECTED; received 2 response(s) [13e6f2a0-7b74-4c29-b613-54a9ac99ca5d<-f349c4dc-e0f5-43f3-b014-e61370cb1add#0:FAIL-t25, 13e6f2a0-7b74-4c29-b613-54a9ac99ca5d<-5459097b-5895-44f9-a57c-1b76b0f7af13#0:FAIL-t25] and 0 exception(s); 13e6f2a0-7b74-4c29-b613-54a9ac99ca5d@group-D7C8F5BEB75A:t25, leader=null, voted=13e6f2a0-7b74-4c29-b613-54a9ac99ca5d, raftlog=13e6f2a0-7b74-4c29-b613-54a9ac99ca5d@group-D7C8F5BEB75A-SegmentedRaftLog:OPENED:c-1,f-1,i0, conf=-1: [f349c4dc-e0f5-43f3-b014-e61370cb1add:192.168.157.194:39280, 13e6f2a0-7b74-4c29-b613-54a9ac99ca5d:192.168.157.194:32860, 5459097b-5895-44f9-a57c-1b76b0f7af13:192.168.157.194:35032], old=null
2019-10-17 02:20:40,262 [13e6f2a0-7b74-4c29-b613-54a9ac99ca5d@group-D7C8F5BEB75A-LeaderElection40] INFO  impl.RaftServerImpl (RaftServerImpl.java:setRole(184)) - 13e6f2a0-7b74-4c29-b613-54a9ac99ca5d@group-D7C8F5BEB75A: changes role from CANDIDATE to FOLLOWER at term 25 for DISCOVERED_A_NEW_TERM
2019-10-17 02:20:40,262 [13e6f2a0-7b74-4c29-b613-54a9ac99ca5d@group-D7C8F5BEB75A-LeaderElection40] INFO  impl.RoleInfo (RoleInfo.java:shutdownLeaderElection(134)) - 13e6f2a0-7b74-4c29-b613-54a9ac99ca5d: shutdown LeaderElection
2019-10-17 02:20:40,262 [13e6f2a0-7b74-4c29-b613-54a9ac99ca5d@group-D7C8F5BEB75A-LeaderElection40] INFO  impl.RoleInfo (RoleInfo.java:updateAndGet(143)) - 13e6f2a0-7b74-4c29-b613-54a9ac99ca5d: start FollowerState
2019-10-17 02:20:40,402 [Thread-622] INFO  impl.FollowerState (FollowerState.java:run(108)) - 13e6f2a0-7b74-4c29-b613-54a9ac99ca5d@group-D7C8F5BEB75A-FollowerState: change to CANDIDATE, lastRpcTime:140ms, electionTimeout:140ms
2019-10-17 02:20:40,404 [Thread-622] INFO  impl.RoleInfo (RoleInfo.java:shutdownFollowerState(121)) - 13e6f2a0-7b74-4c29-b613-54a9ac99ca5d: shutdown FollowerState
2019-10-17 02:20:40,404 [Thread-622] INFO  impl.RaftServerImpl (RaftServerImpl.java:setRole(184)) - 13e6f2a0-7b74-4c29-b613-54a9ac99ca5d@group-D7C8F5BEB75A: changes role from  FOLLOWER to CANDIDATE at term 25 for changeToCandidate
2019-10-17 02:20:40,404 [Thread-622] INFO  impl.RoleInfo (RoleInfo.java:updateAndGet(143)) - 13e6f2a0-7b74-4c29-b613-54a9ac99ca5d: start LeaderElection
2019-10-17 02:20:40,417 [13e6f2a0-7b74-4c29-b613-54a9ac99ca5d@group-D7C8F5BEB75A-LeaderElection41] INFO  impl.LeaderElection (LeaderElection.java:askForVotes(178)) - 13e6f2a0-7b74-4c29-b613-54a9ac99ca5d@group-D7C8F5BEB75A-LeaderElection41: begin an election at term 26 for -1: [f349c4dc-e0f5-43f3-b014-e61370cb1add:192.168.157.194:39280, 13e6f2a0-7b74-4c29-b613-54a9ac99ca5d:192.168.157.194:32860, 5459097b-5895-44f9-a57c-1b76b0f7af13:192.168.157.194:35032], old=null
2019-10-17 02:20:40,419 [grpc-default-executor-6] INFO  impl.RaftServerImpl (RaftServerImpl.java:setRole(184)) - f349c4dc-e0f5-43f3-b014-e61370cb1add@group-D7C8F5BEB75A: changes role from  FOLLOWER to FOLLOWER at term 26 for recognizeCandidate:13e6f2a0-7b74-4c29-b613-54a9ac99ca5d
2019-10-17 02:20:40,419 [grpc-default-executor-6] INFO  impl.RoleInfo (RoleInfo.java:shutdownFollowerState(121)) - f349c4dc-e0f5-43f3-b014-e61370cb1add: shutdown FollowerState
2019-10-17 02:20:40,419 [grpc-default-executor-6] INFO  impl.RoleInfo (RoleInfo.java:updateAndGet(143)) - f349c4dc-e0f5-43f3-b014-e61370cb1add: start FollowerState
2019-10-17 02:20:40,419 [Thread-621] INFO  impl.FollowerState (FollowerState.java:run(117)) - f349c4dc-e0f5-43f3-b014-e61370cb1add@group-D7C8F5BEB75A-FollowerState was interrupted: java.lang.InterruptedException: sleep interrupted
2019-10-17 02:20:40,420 [grpc-default-executor-4] INFO  impl.RaftServerImpl (RaftServerImpl.java:setRole(184)) - 5459097b-5895-44f9-a57c-1b76b0f7af13@group-D7C8F5BEB75A: changes role from  FOLLOWER to FOLLOWER at term 26 for recognizeCandidate:13e6f2a0-7b74-4c29-b613-54a9ac99ca5d
2019-10-17 02:20:40,420 [grpc-default-executor-4] INFO  impl.RoleInfo (RoleInfo.java:shutdownFollowerState(121)) - 5459097b-5895-44f9-a57c-1b76b0f7af13: shutdown FollowerState
2019-10-17 02:20:40,420 [Thread-620] INFO  impl.FollowerState (FollowerState.java:run(117)) - 5459097b-5895-44f9-a57c-1b76b0f7af13@group-D7C8F5BEB75A-FollowerState was interrupted: java.lang.InterruptedException: sleep interrupted
2019-10-17 02:20:40,420 [grpc-default-executor-4] INFO  impl.RoleInfo (RoleInfo.java:updateAndGet(143)) - 5459097b-5895-44f9-a57c-1b76b0f7af13: start FollowerState
2019-10-17 02:20:40,434 [13e6f2a0-7b74-4c29-b613-54a9ac99ca5d@group-D7C8F5BEB75A-LeaderElection41] INFO  impl.LeaderElection (LeaderElection.java:logAndReturn(56)) - 13e6f2a0-7b74-4c29-b613-54a9ac99ca5d@group-D7C8F5BEB75A-LeaderElection41: Election REJECTED; received 2 response(s) [13e6f2a0-7b74-4c29-b613-54a9ac99ca5d<-f349c4dc-e0f5-43f3-b014-e61370cb1add#0:FAIL-t26, 13e6f2a0-7b74-4c29-b613-54a9ac99ca5d<-5459097b-5895-44f9-a57c-1b76b0f7af13#0:FAIL-t26] and 0 exception(s); 13e6f2a0-7b74-4c29-b613-54a9ac99ca5d@group-D7C8F5BEB75A:t26, leader=null, voted=13e6f2a0-7b74-4c29-b613-54a9ac99ca5d, raftlog=13e6f2a0-7b74-4c29-b613-54a9ac99ca5d@group-D7C8F5BEB75A-SegmentedRaftLog:OPENED:c-1,f-1,i0, conf=-1: [f349c4dc-e0f5-43f3-b014-e61370cb1add:192.168.157.194:39280, 13e6f2a0-7b74-4c29-b613-54a9ac99ca5d:192.168.157.194:32860, 5459097b-5895-44f9-a57c-1b76b0f7af13:192.168.157.194:35032], old=null
2019-10-17 02:20:40,435 [13e6f2a0-7b74-4c29-b613-54a9ac99ca5d@group-D7C8F5BEB75A-LeaderElection41] INFO  impl.RaftServerImpl (RaftServerImpl.java:setRole(184)) - 13e6f2a0-7b74-4c29-b613-54a9ac99ca5d@group-D7C8F5BEB75A: changes role from CANDIDATE to FOLLOWER at term 26 for DISCOVERED_A_NEW_TERM
2019-10-17 02:20:40,435 [13e6f2a0-7b74-4c29-b613-54a9ac99ca5d@group-D7C8F5BEB75A-LeaderElection41] INFO  impl.RoleInfo (RoleInfo.java:shutdownLeaderElection(134)) - 13e6f2a0-7b74-4c29-b613-54a9ac99ca5d: shutdown LeaderElection
2019-10-17 02:20:40,435 [13e6f2a0-7b74-4c29-b613-54a9ac99ca5d@group-D7C8F5BEB75A-LeaderElection41] INFO  impl.RoleInfo (RoleInfo.java:updateAndGet(143)) - 13e6f2a0-7b74-4c29-b613-54a9ac99ca5d: start FollowerState
2019-10-17 02:20:40,584 [Thread-628] INFO  impl.FollowerState (FollowerState.java:run(108)) - 13e6f2a0-7b74-4c29-b613-54a9ac99ca5d@group-D7C8F5BEB75A-FollowerState: change to CANDIDATE, lastRpcTime:149ms, electionTimeout:149ms
2019-10-17 02:20:40,585 [Thread-628] INFO  impl.RoleInfo (RoleInfo.java:shutdownFollowerState(121)) - 13e6f2a0-7b74-4c29-b613-54a9ac99ca5d: shutdown FollowerState
2019-10-17 02:20:40,585 [Thread-628] INFO  impl.RaftServerImpl (RaftServerImpl.java:setRole(184)) - 13e6f2a0-7b74-4c29-b613-54a9ac99ca5d@group-D7C8F5BEB75A: changes role from  FOLLOWER to CANDIDATE at term 26 for changeToCandidate
2019-10-17 02:20:40,586 [Thread-628] INFO  impl.RoleInfo (RoleInfo.java:updateAndGet(143)) - 13e6f2a0-7b74-4c29-b613-54a9ac99ca5d: start LeaderElection
2019-10-17 02:20:40,599 [13e6f2a0-7b74-4c29-b613-54a9ac99ca5d@group-D7C8F5BEB75A-LeaderElection42] INFO  impl.LeaderElection (LeaderElection.java:askForVotes(178)) - 13e6f2a0-7b74-4c29-b613-54a9ac99ca5d@group-D7C8F5BEB75A-LeaderElection42: begin an election at term 27 for -1: [f349c4dc-e0f5-43f3-b014-e61370cb1add:192.168.157.194:39280, 13e6f2a0-7b74-4c29-b613-54a9ac99ca5d:192.168.157.194:32860, 5459097b-5895-44f9-a57c-1b76b0f7af13:192.168.157.194:35032], old=null
2019-10-17 02:20:40,602 [grpc-default-executor-4] INFO  impl.RaftServerImpl (RaftServerImpl.java:setRole(184)) - 5459097b-5895-44f9-a57c-1b76b0f7af13@group-D7C8F5BEB75A: changes role from  FOLLOWER to FOLLOWER at term 27 for recognizeCandidate:13e6f2a0-7b74-4c29-b613-54a9ac99ca5d
2019-10-17 02:20:40,602 [grpc-default-executor-6] INFO  impl.RaftServerImpl (RaftServerImpl.java:setRole(184)) - f349c4dc-e0f5-43f3-b014-e61370cb1add@group-D7C8F5BEB75A: changes role from  FOLLOWER to FOLLOWER at term 27 for recognizeCandidate:13e6f2a0-7b74-4c29-b613-54a9ac99ca5d
2019-10-17 02:20:40,602 [grpc-default-executor-4] INFO  impl.RoleInfo (RoleInfo.java:shutdownFollowerState(121)) - 5459097b-5895-44f9-a57c-1b76b0f7af13: shutdown FollowerState
2019-10-17 02:20:40,602 [grpc-default-executor-6] INFO  impl.RoleInfo (RoleInfo.java:shutdownFollowerState(121)) - f349c4dc-e0f5-43f3-b014-e61370cb1add: shutdown FollowerState
2019-10-17 02:20:40,602 [grpc-default-executor-4] INFO  impl.RoleInfo (RoleInfo.java:updateAndGet(143)) - 5459097b-5895-44f9-a57c-1b76b0f7af13: start FollowerState
2019-10-17 02:20:40,602 [Thread-627] INFO  impl.FollowerState (FollowerState.java:run(117)) - 5459097b-5895-44f9-a57c-1b76b0f7af13@group-D7C8F5BEB75A-FollowerState was interrupted: java.lang.InterruptedException: sleep interrupted
2019-10-17 02:20:40,602 [grpc-default-executor-6] INFO  impl.RoleInfo (RoleInfo.java:updateAndGet(143)) - f349c4dc-e0f5-43f3-b014-e61370cb1add: start FollowerState
2019-10-17 02:20:40,602 [Thread-626] INFO  impl.FollowerState (FollowerState.java:run(117)) - f349c4dc-e0f5-43f3-b014-e61370cb1add@group-D7C8F5BEB75A-FollowerState was interrupted: java.lang.InterruptedException: sleep interrupted
2019-10-17 02:20:40,613 [13e6f2a0-7b74-4c29-b613-54a9ac99ca5d@group-D7C8F5BEB75A-LeaderElection42] INFO  impl.LeaderElection (LeaderElection.java:logAndReturn(56)) - 13e6f2a0-7b74-4c29-b613-54a9ac99ca5d@group-D7C8F5BEB75A-LeaderElection42: Election REJECTED; received 2 response(s) [13e6f2a0-7b74-4c29-b613-54a9ac99ca5d<-f349c4dc-e0f5-43f3-b014-e61370cb1add#0:FAIL-t27, 13e6f2a0-7b74-4c29-b613-54a9ac99ca5d<-5459097b-5895-44f9-a57c-1b76b0f7af13#0:FAIL-t27] and 0 exception(s); 13e6f2a0-7b74-4c29-b613-54a9ac99ca5d@group-D7C8F5BEB75A:t27, leader=null, voted=13e6f2a0-7b74-4c29-b613-54a9ac99ca5d, raftlog=13e6f2a0-7b74-4c29-b613-54a9ac99ca5d@group-D7C8F5BEB75A-SegmentedRaftLog:OPENED:c-1,f-1,i0, conf=-1: [f349c4dc-e0f5-43f3-b014-e61370cb1add:192.168.157.194:39280, 13e6f2a0-7b74-4c29-b613-54a9ac99ca5d:192.168.157.194:32860, 5459097b-5895-44f9-a57c-1b76b0f7af13:192.168.157.194:35032], old=null
2019-10-17 02:20:40,613 [13e6f2a0-7b74-4c29-b613-54a9ac99ca5d@group-D7C8F5BEB75A-LeaderElection42] INFO  impl.RaftServerImpl (RaftServerImpl.java:setRole(184)) - 13e6f2a0-7b74-4c29-b613-54a9ac99ca5d@group-D7C8F5BEB75A: changes role from CANDIDATE to FOLLOWER at term 27 for DISCOVERED_A_NEW_TERM
2019-10-17 02:20:40,614 [13e6f2a0-7b74-4c29-b613-54a9ac99ca5d@group-D7C8F5BEB75A-LeaderElection42] INFO  impl.RoleInfo (RoleInfo.java:shutdownLeaderElection(134)) - 13e6f2a0-7b74-4c29-b613-54a9ac99ca5d: shutdown LeaderElection
2019-10-17 02:20:40,614 [13e6f2a0-7b74-4c29-b613-54a9ac99ca5d@group-D7C8F5BEB75A-LeaderElection42] INFO  impl.RoleInfo (RoleInfo.java:updateAndGet(143)) - 13e6f2a0-7b74-4c29-b613-54a9ac99ca5d: start FollowerState
2019-10-17 02:20:40,661 [Thread-634] INFO  impl.FollowerState (FollowerState.java:run(108)) - 13e6f2a0-7b74-4c29-b613-54a9ac99ca5d@group-D7C8F5BEB75A-FollowerState: change to CANDIDATE, lastRpcTime:47ms, electionTimeout:47ms
2019-10-17 02:20:40,664 [Thread-634] INFO  impl.RoleInfo (RoleInfo.java:shutdownFollowerState(121)) - 13e6f2a0-7b74-4c29-b613-54a9ac99ca5d: shutdown FollowerState
2019-10-17 02:20:40,664 [Thread-634] INFO  impl.RaftServerImpl (RaftServerImpl.java:setRole(184)) - 13e6f2a0-7b74-4c29-b613-54a9ac99ca5d@group-D7C8F5BEB75A: changes role from  FOLLOWER to CANDIDATE at term 27 for changeToCandidate
2019-10-17 02:20:40,664 [Thread-634] INFO  impl.RoleInfo (RoleInfo.java:updateAndGet(143)) - 13e6f2a0-7b74-4c29-b613-54a9ac99ca5d: start LeaderElection
2019-10-17 02:20:40,678 [13e6f2a0-7b74-4c29-b613-54a9ac99ca5d@group-D7C8F5BEB75A-LeaderElection43] INFO  impl.LeaderElection (LeaderElection.java:askForVotes(178)) - 13e6f2a0-7b74-4c29-b613-54a9ac99ca5d@group-D7C8F5BEB75A-LeaderElection43: begin an election at term 28 for -1: [f349c4dc-e0f5-43f3-b014-e61370cb1add:192.168.157.194:39280, 13e6f2a0-7b74-4c29-b613-54a9ac99ca5d:192.168.157.194:32860, 5459097b-5895-44f9-a57c-1b76b0f7af13:192.168.157.194:35032], old=null
2019-10-17 02:20:40,678 [13e6f2a0-7b74-4c29-b613-54a9ac99ca5d@group-D7C8F5BEB75A-LeaderElection43] INFO  impl.LeaderElection (LeaderElection.java:logAndReturn(56)) - 13e6f2a0-7b74-4c29-b613-54a9ac99ca5d@group-D7C8F5BEB75A-LeaderElection43: Election TIMEOUT; received 0 response(s) [] and 0 exception(s); 13e6f2a0-7b74-4c29-b613-54a9ac99ca5d@group-D7C8F5BEB75A:t28, leader=null, voted=13e6f2a0-7b74-4c29-b613-54a9ac99ca5d, raftlog=13e6f2a0-7b74-4c29-b613-54a9ac99ca5d@group-D7C8F5BEB75A-SegmentedRaftLog:OPENED:c-1,f-1,i0, conf=-1: [f349c4dc-e0f5-43f3-b014-e61370cb1add:192.168.157.194:39280, 13e6f2a0-7b74-4c29-b613-54a9ac99ca5d:192.168.157.194:32860, 5459097b-5895-44f9-a57c-1b76b0f7af13:192.168.157.194:35032], old=null
2019-10-17 02:20:40,680 [grpc-default-executor-6] INFO  impl.RaftServerImpl (RaftServerImpl.java:setRole(184)) - f349c4dc-e0f5-43f3-b014-e61370cb1add@group-D7C8F5BEB75A: changes role from  FOLLOWER to FOLLOWER at term 28 for recognizeCandidate:13e6f2a0-7b74-4c29-b613-54a9ac99ca5d
2019-10-17 02:20:40,680 [grpc-default-executor-4] INFO  impl.RaftServerImpl (RaftServerImpl.java:setRole(184)) - 5459097b-5895-44f9-a57c-1b76b0f7af13@group-D7C8F5BEB75A: changes role from  FOLLOWER to FOLLOWER at term 28 for recognizeCandidate:13e6f2a0-7b74-4c29-b613-54a9ac99ca5d
2019-10-17 02:20:40,680 [grpc-default-executor-6] INFO  impl.RoleInfo (RoleInfo.java:shutdownFollowerState(121)) - f349c4dc-e0f5-43f3-b014-e61370cb1add: shutdown FollowerState
2019-10-17 02:20:40,682 [grpc-default-executor-4] INFO  impl.RoleInfo (RoleInfo.java:shutdownFollowerState(121)) - 5459097b-5895-44f9-a57c-1b76b0f7af13: shutdown FollowerState
2019-10-17 02:20:40,682 [grpc-default-executor-6] INFO  impl.RoleInfo (RoleInfo.java:updateAndGet(143)) - f349c4dc-e0f5-43f3-b014-e61370cb1add: start FollowerState
2019-10-17 02:20:40,682 [Thread-633] INFO  impl.FollowerState (FollowerState.java:run(117)) - f349c4dc-e0f5-43f3-b014-e61370cb1add@group-D7C8F5BEB75A-FollowerState was interrupted: java.lang.InterruptedException: sleep interrupted
2019-10-17 02:20:40,682 [Thread-632] INFO  impl.FollowerState (FollowerState.java:run(117)) - 5459097b-5895-44f9-a57c-1b76b0f7af13@group-D7C8F5BEB75A-FollowerState was interrupted: java.lang.InterruptedException: sleep interrupted
2019-10-17 02:20:40,682 [grpc-default-executor-4] INFO  impl.RoleInfo (RoleInfo.java:updateAndGet(143)) - 5459097b-5895-44f9-a57c-1b76b0f7af13: start FollowerState
2019-10-17 02:20:40,691 [13e6f2a0-7b74-4c29-b613-54a9ac99ca5d@group-D7C8F5BEB75A-LeaderElection43] INFO  impl.LeaderElection (LeaderElection.java:askForVotes(178)) - 13e6f2a0-7b74-4c29-b613-54a9ac99ca5d@group-D7C8F5BEB75A-LeaderElection43: begin an election at term 29 for -1: [f349c4dc-e0f5-43f3-b014-e61370cb1add:192.168.157.194:39280, 13e6f2a0-7b74-4c29-b613-54a9ac99ca5d:192.168.157.194:32860, 5459097b-5895-44f9-a57c-1b76b0f7af13:192.168.157.194:35032], old=null
2019-10-17 02:20:40,694 [grpc-default-executor-6] INFO  impl.RaftServerImpl (RaftServerImpl.java:setRole(184)) - f349c4dc-e0f5-43f3-b014-e61370cb1add@group-D7C8F5BEB75A: changes role from  FOLLOWER to FOLLOWER at term 29 for recognizeCandidate:13e6f2a0-7b74-4c29-b613-54a9ac99ca5d
2019-10-17 02:20:40,694 [grpc-default-executor-4] INFO  impl.RaftServerImpl (RaftServerImpl.java:setRole(184)) - 5459097b-5895-44f9-a57c-1b76b0f7af13@group-D7C8F5BEB75A: changes role from  FOLLOWER to FOLLOWER at term 29 for recognizeCandidate:13e6f2a0-7b74-4c29-b613-54a9ac99ca5d
2019-10-17 02:20:40,694 [grpc-default-executor-6] INFO  impl.RoleInfo (RoleInfo.java:shutdownFollowerState(121)) - f349c4dc-e0f5-43f3-b014-e61370cb1add: shutdown FollowerState
2019-10-17 02:20:40,694 [grpc-default-executor-4] INFO  impl.RoleInfo (RoleInfo.java:shutdownFollowerState(121)) - 5459097b-5895-44f9-a57c-1b76b0f7af13: shutdown FollowerState
2019-10-17 02:20:40,694 [Thread-638] INFO  impl.FollowerState (FollowerState.java:run(117)) - f349c4dc-e0f5-43f3-b014-e61370cb1add@group-D7C8F5BEB75A-FollowerState was interrupted: java.lang.InterruptedException: sleep interrupted
2019-10-17 02:20:40,695 [grpc-default-executor-4] INFO  impl.RoleInfo (RoleInfo.java:updateAndGet(143)) - 5459097b-5895-44f9-a57c-1b76b0f7af13: start FollowerState
2019-10-17 02:20:40,694 [grpc-default-executor-6] INFO  impl.RoleInfo (RoleInfo.java:updateAndGet(143)) - f349c4dc-e0f5-43f3-b014-e61370cb1add: start FollowerState
2019-10-17 02:20:40,695 [Thread-639] INFO  impl.FollowerState (FollowerState.java:run(117)) - 5459097b-5895-44f9-a57c-1b76b0f7af13@group-D7C8F5BEB75A-FollowerState was interrupted: java.lang.InterruptedException: sleep interrupted
 100.00% |?????????????????????????????????????????????????????????????????????????????????????????????????????|  1/1 Time: 0:01:10
2019-10-17 02:20:40,712 [13e6f2a0-7b74-4c29-b613-54a9ac99ca5d@group-D7C8F5BEB75A-LeaderElection43] INFO  impl.LeaderElection (LeaderElection.java:logAndReturn(56)) - 13e6f2a0-7b74-4c29-b613-54a9ac99ca5d@group-D7C8F5BEB75A-LeaderElection43: Election REJECTED; received 2 response(s) [13e6f2a0-7b74-4c29-b613-54a9ac99ca5d<-f349c4dc-e0f5-43f3-b014-e61370cb1add#0:FAIL-t29, 13e6f2a0-7b74-4c29-b613-54a9ac99ca5d<-5459097b-5895-44f9-a57c-1b76b0f7af13#0:FAIL-t29] and 0 exception(s); 13e6f2a0-7b74-4c29-b613-54a9ac99ca5d@group-D7C8F5BEB75A:t29, leader=null, voted=13e6f2a0-7b74-4c29-b613-54a9ac99ca5d, raftlog=13e6f2a0-7b74-4c29-b613-54a9ac99ca5d@group-D7C8F5BEB75A-SegmentedRaftLog:OPENED:c-1,f-1,i0, conf=-1: [f349c4dc-e0f5-43f3-b014-e61370cb1add:192.168.157.194:39280, 13e6f2a0-7b74-4c29-b613-54a9ac99ca5d:192.168.157.194:32860, 5459097b-5895-44f9-a57c-1b76b0f7af13:192.168.157.194:35032], old=null
2019-10-17 02:20:40,712 [13e6f2a0-7b74-4c29-b613-54a9ac99ca5d@group-D7C8F5BEB75A-LeaderElection43] INFO  impl.RaftServerImpl (RaftServerImpl.java:setRole(184)) - 13e6f2a0-7b74-4c29-b613-54a9ac99ca5d@group-D7C8F5BEB75A: changes role from CANDIDATE to FOLLOWER at term 29 for DISCOVERED_A_NEW_TERM
2019-10-17 02:20:40,712 [13e6f2a0-7b74-4c29-b613-54a9ac99ca5d@group-D7C8F5BEB75A-LeaderElection43] INFO  impl.RoleInfo (RoleInfo.java:shutdownLeaderElection(134)) - 13e6f2a0-7b74-4c29-b613-54a9ac99ca5d: shutdown LeaderElection
2019-10-17 02:20:40,712 [13e6f2a0-7b74-4c29-b613-54a9ac99ca5d@group-D7C8F5BEB75A-LeaderElection43] INFO  impl.RoleInfo (RoleInfo.java:updateAndGet(143)) - 13e6f2a0-7b74-4c29-b613-54a9ac99ca5d: start FollowerState
]]></system-out>
  </testcase>
  <testcase name="standaloneTestLargeKey" classname="org.apache.hadoop.ozone.freon.TestDataValidateWithDummyContainers" time="5.019">
    <error message="Allocated 0 blocks. Requested 5 blocks" type="INTERNAL_ERROR org.apache.hadoop.ozone.om.exceptions.OMException">INTERNAL_ERROR org.apache.hadoop.ozone.om.exceptions.OMException: Allocated 0 blocks. Requested 5 blocks
	at org.apache.hadoop.ozone.om.protocolPB.OzoneManagerProtocolClientSideTranslatorPB.handleError(OzoneManagerProtocolClientSideTranslatorPB.java:732)
	at org.apache.hadoop.ozone.om.protocolPB.OzoneManagerProtocolClientSideTranslatorPB.openKey(OzoneManagerProtocolClientSideTranslatorPB.java:723)
	at sun.reflect.NativeMethodAccessorImpl.invoke0(Native Method)
	at sun.reflect.NativeMethodAccessorImpl.invoke(NativeMethodAccessorImpl.java:62)
	at sun.reflect.DelegatingMethodAccessorImpl.invoke(DelegatingMethodAccessorImpl.java:43)
	at java.lang.reflect.Method.invoke(Method.java:498)
	at org.apache.hadoop.hdds.tracing.TraceAllMethod.invoke(TraceAllMethod.java:66)
	at com.sun.proxy.$Proxy37.openKey(Unknown Source)
	at org.apache.hadoop.ozone.client.rpc.RpcClient.createKey(RpcClient.java:614)
	at org.apache.hadoop.ozone.client.OzoneBucket.createKey(OzoneBucket.java:325)
	at org.apache.hadoop.ozone.freon.RandomKeyGenerator.createKey(RandomKeyGenerator.java:695)
	at org.apache.hadoop.ozone.freon.RandomKeyGenerator.access$1100(RandomKeyGenerator.java:88)
	at org.apache.hadoop.ozone.freon.RandomKeyGenerator$ObjectCreator.run(RandomKeyGenerator.java:615)
	at java.util.concurrent.Executors$RunnableAdapter.call(Executors.java:511)
	at java.util.concurrent.FutureTask.run(FutureTask.java:266)
	at java.util.concurrent.ThreadPoolExecutor.runWorker(ThreadPoolExecutor.java:1149)
	at java.util.concurrent.ThreadPoolExecutor$Worker.run(ThreadPoolExecutor.java:624)
	at java.lang.Thread.run(Thread.java:748)
</error>
    <system-out><![CDATA[2019-10-17 02:20:40,720 [main] INFO  freon.RandomKeyGenerator (RandomKeyGenerator.java:call(258)) - Override validateWrites to false, because hdds.container.chunk.persistdata is set to false.
2019-10-17 02:20:40,735 [main] INFO  freon.RandomKeyGenerator (RandomKeyGenerator.java:call(283)) - Number of Threads: 10
2019-10-17 02:20:40,735 [main] INFO  freon.RandomKeyGenerator (RandomKeyGenerator.java:call(288)) - Number of Volumes: 1.
2019-10-17 02:20:40,735 [main] INFO  freon.RandomKeyGenerator (RandomKeyGenerator.java:call(289)) - Number of Buckets per Volume: 1.
2019-10-17 02:20:40,735 [main] INFO  freon.RandomKeyGenerator (RandomKeyGenerator.java:call(290)) - Number of Keys per Bucket: 1.
2019-10-17 02:20:40,735 [main] INFO  freon.RandomKeyGenerator (RandomKeyGenerator.java:call(291)) - Key size: 20971520 bytes
2019-10-17 02:20:40,735 [main] INFO  freon.RandomKeyGenerator (RandomKeyGenerator.java:call(292)) - Buffer size: 4096 bytes
2019-10-17 02:20:40,735 [main] INFO  freon.RandomKeyGenerator (RandomKeyGenerator.java:call(293)) - validateWrites : false
2019-10-17 02:20:40,736 [main] INFO  freon.RandomKeyGenerator (RandomKeyGenerator.java:call(313)) - Starting progress bar Thread.

2019-10-17 02:20:40,736 [pool-75-thread-1] INFO  rpc.RpcClient (RpcClient.java:createVolume(272)) - Creating Volume: vol-0-39928, with jenkins1000 as owner.
 0.00% |?                                                                                                    |  0/1 Time: 0:00:002019-10-17 02:20:40,740 [IPC Server handler 17 on 39760] INFO  volume.OMVolumeCreateRequest (OMVolumeCreateRequest.java:validateAndUpdateCache(193)) - created volume:vol-0-39928 for user:jenkins1000
2019-10-17 02:20:40,746 [pool-75-thread-2] INFO  rpc.RpcClient (RpcClient.java:createBucket(411)) - Creating Bucket: vol-0-39928/bucket-0-75754, with Versioning false and Storage Type set to DISK and Encryption set to false 
2019-10-17 02:20:40,759 [IPC Server handler 0 on 36371] WARN  block.BlockManagerImpl (BlockManagerImpl.java:allocateBlock(200)) - Pipeline creation failed for type:RATIS factor:THREE. Retrying get pipelines call once.
org.apache.hadoop.hdds.scm.pipeline.InsufficientDatanodesException: Cannot create pipeline of factor 3 using 2 nodes.
	at org.apache.hadoop.hdds.scm.pipeline.RatisPipelineProvider.create(RatisPipelineProvider.java:153)
	at org.apache.hadoop.hdds.scm.pipeline.PipelineFactory.create(PipelineFactory.java:58)
	at org.apache.hadoop.hdds.scm.pipeline.SCMPipelineManager.createPipeline(SCMPipelineManager.java:155)
	at org.apache.hadoop.hdds.scm.block.BlockManagerImpl.allocateBlock(BlockManagerImpl.java:198)
	at org.apache.hadoop.hdds.scm.server.SCMBlockProtocolServer.allocateBlock(SCMBlockProtocolServer.java:182)
	at org.apache.hadoop.hdds.scm.protocol.ScmBlockLocationProtocolServerSideTranslatorPB.allocateScmBlock(ScmBlockLocationProtocolServerSideTranslatorPB.java:159)
	at org.apache.hadoop.hdds.scm.protocol.ScmBlockLocationProtocolServerSideTranslatorPB.processMessage(ScmBlockLocationProtocolServerSideTranslatorPB.java:117)
	at org.apache.hadoop.hdds.server.OzoneProtocolMessageDispatcher.processRequest(OzoneProtocolMessageDispatcher.java:72)
	at org.apache.hadoop.hdds.scm.protocol.ScmBlockLocationProtocolServerSideTranslatorPB.send(ScmBlockLocationProtocolServerSideTranslatorPB.java:98)
	at org.apache.hadoop.hdds.protocol.proto.ScmBlockLocationProtocolProtos$ScmBlockLocationProtocolService$2.callBlockingMethod(ScmBlockLocationProtocolProtos.java:13157)
	at org.apache.hadoop.ipc.ProtobufRpcEngine$Server$ProtoBufRpcInvoker.call(ProtobufRpcEngine.java:524)
	at org.apache.hadoop.ipc.RPC$Server.call(RPC.java:1025)
	at org.apache.hadoop.ipc.Server$RpcCall.run(Server.java:876)
	at org.apache.hadoop.ipc.Server$RpcCall.run(Server.java:822)
	at java.security.AccessController.doPrivileged(Native Method)
	at javax.security.auth.Subject.doAs(Subject.java:422)
	at org.apache.hadoop.security.UserGroupInformation.doAs(UserGroupInformation.java:1730)
	at org.apache.hadoop.ipc.Server$Handler.run(Server.java:2682)
2019-10-17 02:20:40,759 [IPC Server handler 0 on 36371] INFO  block.BlockManagerImpl (BlockManagerImpl.java:allocateBlock(212)) - Could not find available pipeline of type:RATIS and factor:THREE even after retrying
2019-10-17 02:20:40,759 [IPC Server handler 0 on 36371] ERROR block.BlockManagerImpl (BlockManagerImpl.java:allocateBlock(236)) - Unable to allocate a block for the size: 4194304, type: RATIS, factor: THREE
2019-10-17 02:20:40,761 [IPC Server handler 0 on 36371] WARN  block.BlockManagerImpl (BlockManagerImpl.java:allocateBlock(200)) - Pipeline creation failed for type:RATIS factor:THREE. Retrying get pipelines call once.
org.apache.hadoop.hdds.scm.pipeline.InsufficientDatanodesException: Cannot create pipeline of factor 3 using 2 nodes.
	at org.apache.hadoop.hdds.scm.pipeline.RatisPipelineProvider.create(RatisPipelineProvider.java:153)
	at org.apache.hadoop.hdds.scm.pipeline.PipelineFactory.create(PipelineFactory.java:58)
	at org.apache.hadoop.hdds.scm.pipeline.SCMPipelineManager.createPipeline(SCMPipelineManager.java:155)
	at org.apache.hadoop.hdds.scm.block.BlockManagerImpl.allocateBlock(BlockManagerImpl.java:198)
	at org.apache.hadoop.hdds.scm.server.SCMBlockProtocolServer.allocateBlock(SCMBlockProtocolServer.java:182)
	at org.apache.hadoop.hdds.scm.protocol.ScmBlockLocationProtocolServerSideTranslatorPB.allocateScmBlock(ScmBlockLocationProtocolServerSideTranslatorPB.java:159)
	at org.apache.hadoop.hdds.scm.protocol.ScmBlockLocationProtocolServerSideTranslatorPB.processMessage(ScmBlockLocationProtocolServerSideTranslatorPB.java:117)
	at org.apache.hadoop.hdds.server.OzoneProtocolMessageDispatcher.processRequest(OzoneProtocolMessageDispatcher.java:72)
	at org.apache.hadoop.hdds.scm.protocol.ScmBlockLocationProtocolServerSideTranslatorPB.send(ScmBlockLocationProtocolServerSideTranslatorPB.java:98)
	at org.apache.hadoop.hdds.protocol.proto.ScmBlockLocationProtocolProtos$ScmBlockLocationProtocolService$2.callBlockingMethod(ScmBlockLocationProtocolProtos.java:13157)
	at org.apache.hadoop.ipc.ProtobufRpcEngine$Server$ProtoBufRpcInvoker.call(ProtobufRpcEngine.java:524)
	at org.apache.hadoop.ipc.RPC$Server.call(RPC.java:1025)
	at org.apache.hadoop.ipc.Server$RpcCall.run(Server.java:876)
	at org.apache.hadoop.ipc.Server$RpcCall.run(Server.java:822)
	at java.security.AccessController.doPrivileged(Native Method)
	at javax.security.auth.Subject.doAs(Subject.java:422)
	at org.apache.hadoop.security.UserGroupInformation.doAs(UserGroupInformation.java:1730)
	at org.apache.hadoop.ipc.Server$Handler.run(Server.java:2682)
2019-10-17 02:20:40,761 [IPC Server handler 0 on 36371] INFO  block.BlockManagerImpl (BlockManagerImpl.java:allocateBlock(212)) - Could not find available pipeline of type:RATIS and factor:THREE even after retrying
2019-10-17 02:20:40,761 [IPC Server handler 0 on 36371] ERROR block.BlockManagerImpl (BlockManagerImpl.java:allocateBlock(236)) - Unable to allocate a block for the size: 4194304, type: RATIS, factor: THREE
2019-10-17 02:20:40,762 [IPC Server handler 0 on 36371] WARN  block.BlockManagerImpl (BlockManagerImpl.java:allocateBlock(200)) - Pipeline creation failed for type:RATIS factor:THREE. Retrying get pipelines call once.
org.apache.hadoop.hdds.scm.pipeline.InsufficientDatanodesException: Cannot create pipeline of factor 3 using 2 nodes.
	at org.apache.hadoop.hdds.scm.pipeline.RatisPipelineProvider.create(RatisPipelineProvider.java:153)
	at org.apache.hadoop.hdds.scm.pipeline.PipelineFactory.create(PipelineFactory.java:58)
	at org.apache.hadoop.hdds.scm.pipeline.SCMPipelineManager.createPipeline(SCMPipelineManager.java:155)
	at org.apache.hadoop.hdds.scm.block.BlockManagerImpl.allocateBlock(BlockManagerImpl.java:198)
	at org.apache.hadoop.hdds.scm.server.SCMBlockProtocolServer.allocateBlock(SCMBlockProtocolServer.java:182)
	at org.apache.hadoop.hdds.scm.protocol.ScmBlockLocationProtocolServerSideTranslatorPB.allocateScmBlock(ScmBlockLocationProtocolServerSideTranslatorPB.java:159)
	at org.apache.hadoop.hdds.scm.protocol.ScmBlockLocationProtocolServerSideTranslatorPB.processMessage(ScmBlockLocationProtocolServerSideTranslatorPB.java:117)
	at org.apache.hadoop.hdds.server.OzoneProtocolMessageDispatcher.processRequest(OzoneProtocolMessageDispatcher.java:72)
	at org.apache.hadoop.hdds.scm.protocol.ScmBlockLocationProtocolServerSideTranslatorPB.send(ScmBlockLocationProtocolServerSideTranslatorPB.java:98)
	at org.apache.hadoop.hdds.protocol.proto.ScmBlockLocationProtocolProtos$ScmBlockLocationProtocolService$2.callBlockingMethod(ScmBlockLocationProtocolProtos.java:13157)
	at org.apache.hadoop.ipc.ProtobufRpcEngine$Server$ProtoBufRpcInvoker.call(ProtobufRpcEngine.java:524)
	at org.apache.hadoop.ipc.RPC$Server.call(RPC.java:1025)
	at org.apache.hadoop.ipc.Server$RpcCall.run(Server.java:876)
	at org.apache.hadoop.ipc.Server$RpcCall.run(Server.java:822)
	at java.security.AccessController.doPrivileged(Native Method)
	at javax.security.auth.Subject.doAs(Subject.java:422)
	at org.apache.hadoop.security.UserGroupInformation.doAs(UserGroupInformation.java:1730)
	at org.apache.hadoop.ipc.Server$Handler.run(Server.java:2682)
2019-10-17 02:20:40,763 [IPC Server handler 0 on 36371] INFO  block.BlockManagerImpl (BlockManagerImpl.java:allocateBlock(212)) - Could not find available pipeline of type:RATIS and factor:THREE even after retrying
2019-10-17 02:20:40,763 [IPC Server handler 0 on 36371] ERROR block.BlockManagerImpl (BlockManagerImpl.java:allocateBlock(236)) - Unable to allocate a block for the size: 4194304, type: RATIS, factor: THREE
2019-10-17 02:20:40,764 [IPC Server handler 0 on 36371] WARN  block.BlockManagerImpl (BlockManagerImpl.java:allocateBlock(200)) - Pipeline creation failed for type:RATIS factor:THREE. Retrying get pipelines call once.
org.apache.hadoop.hdds.scm.pipeline.InsufficientDatanodesException: Cannot create pipeline of factor 3 using 2 nodes.
	at org.apache.hadoop.hdds.scm.pipeline.RatisPipelineProvider.create(RatisPipelineProvider.java:153)
	at org.apache.hadoop.hdds.scm.pipeline.PipelineFactory.create(PipelineFactory.java:58)
	at org.apache.hadoop.hdds.scm.pipeline.SCMPipelineManager.createPipeline(SCMPipelineManager.java:155)
	at org.apache.hadoop.hdds.scm.block.BlockManagerImpl.allocateBlock(BlockManagerImpl.java:198)
	at org.apache.hadoop.hdds.scm.server.SCMBlockProtocolServer.allocateBlock(SCMBlockProtocolServer.java:182)
	at org.apache.hadoop.hdds.scm.protocol.ScmBlockLocationProtocolServerSideTranslatorPB.allocateScmBlock(ScmBlockLocationProtocolServerSideTranslatorPB.java:159)
	at org.apache.hadoop.hdds.scm.protocol.ScmBlockLocationProtocolServerSideTranslatorPB.processMessage(ScmBlockLocationProtocolServerSideTranslatorPB.java:117)
	at org.apache.hadoop.hdds.server.OzoneProtocolMessageDispatcher.processRequest(OzoneProtocolMessageDispatcher.java:72)
	at org.apache.hadoop.hdds.scm.protocol.ScmBlockLocationProtocolServerSideTranslatorPB.send(ScmBlockLocationProtocolServerSideTranslatorPB.java:98)
	at org.apache.hadoop.hdds.protocol.proto.ScmBlockLocationProtocolProtos$ScmBlockLocationProtocolService$2.callBlockingMethod(ScmBlockLocationProtocolProtos.java:13157)
	at org.apache.hadoop.ipc.ProtobufRpcEngine$Server$ProtoBufRpcInvoker.call(ProtobufRpcEngine.java:524)
	at org.apache.hadoop.ipc.RPC$Server.call(RPC.java:1025)
	at org.apache.hadoop.ipc.Server$RpcCall.run(Server.java:876)
	at org.apache.hadoop.ipc.Server$RpcCall.run(Server.java:822)
	at java.security.AccessController.doPrivileged(Native Method)
	at javax.security.auth.Subject.doAs(Subject.java:422)
	at org.apache.hadoop.security.UserGroupInformation.doAs(UserGroupInformation.java:1730)
	at org.apache.hadoop.ipc.Server$Handler.run(Server.java:2682)
2019-10-17 02:20:40,765 [IPC Server handler 0 on 36371] INFO  block.BlockManagerImpl (BlockManagerImpl.java:allocateBlock(212)) - Could not find available pipeline of type:RATIS and factor:THREE even after retrying
2019-10-17 02:20:40,765 [IPC Server handler 0 on 36371] ERROR block.BlockManagerImpl (BlockManagerImpl.java:allocateBlock(236)) - Unable to allocate a block for the size: 4194304, type: RATIS, factor: THREE
2019-10-17 02:20:40,766 [IPC Server handler 0 on 36371] WARN  block.BlockManagerImpl (BlockManagerImpl.java:allocateBlock(200)) - Pipeline creation failed for type:RATIS factor:THREE. Retrying get pipelines call once.
org.apache.hadoop.hdds.scm.pipeline.InsufficientDatanodesException: Cannot create pipeline of factor 3 using 2 nodes.
	at org.apache.hadoop.hdds.scm.pipeline.RatisPipelineProvider.create(RatisPipelineProvider.java:153)
	at org.apache.hadoop.hdds.scm.pipeline.PipelineFactory.create(PipelineFactory.java:58)
	at org.apache.hadoop.hdds.scm.pipeline.SCMPipelineManager.createPipeline(SCMPipelineManager.java:155)
	at org.apache.hadoop.hdds.scm.block.BlockManagerImpl.allocateBlock(BlockManagerImpl.java:198)
	at org.apache.hadoop.hdds.scm.server.SCMBlockProtocolServer.allocateBlock(SCMBlockProtocolServer.java:182)
	at org.apache.hadoop.hdds.scm.protocol.ScmBlockLocationProtocolServerSideTranslatorPB.allocateScmBlock(ScmBlockLocationProtocolServerSideTranslatorPB.java:159)
	at org.apache.hadoop.hdds.scm.protocol.ScmBlockLocationProtocolServerSideTranslatorPB.processMessage(ScmBlockLocationProtocolServerSideTranslatorPB.java:117)
	at org.apache.hadoop.hdds.server.OzoneProtocolMessageDispatcher.processRequest(OzoneProtocolMessageDispatcher.java:72)
	at org.apache.hadoop.hdds.scm.protocol.ScmBlockLocationProtocolServerSideTranslatorPB.send(ScmBlockLocationProtocolServerSideTranslatorPB.java:98)
	at org.apache.hadoop.hdds.protocol.proto.ScmBlockLocationProtocolProtos$ScmBlockLocationProtocolService$2.callBlockingMethod(ScmBlockLocationProtocolProtos.java:13157)
	at org.apache.hadoop.ipc.ProtobufRpcEngine$Server$ProtoBufRpcInvoker.call(ProtobufRpcEngine.java:524)
	at org.apache.hadoop.ipc.RPC$Server.call(RPC.java:1025)
	at org.apache.hadoop.ipc.Server$RpcCall.run(Server.java:876)
	at org.apache.hadoop.ipc.Server$RpcCall.run(Server.java:822)
	at java.security.AccessController.doPrivileged(Native Method)
	at javax.security.auth.Subject.doAs(Subject.java:422)
	at org.apache.hadoop.security.UserGroupInformation.doAs(UserGroupInformation.java:1730)
	at org.apache.hadoop.ipc.Server$Handler.run(Server.java:2682)
2019-10-17 02:20:40,766 [IPC Server handler 0 on 36371] INFO  block.BlockManagerImpl (BlockManagerImpl.java:allocateBlock(212)) - Could not find available pipeline of type:RATIS and factor:THREE even after retrying
2019-10-17 02:20:40,766 [IPC Server handler 0 on 36371] ERROR block.BlockManagerImpl (BlockManagerImpl.java:allocateBlock(236)) - Unable to allocate a block for the size: 4194304, type: RATIS, factor: THREE
2019-10-17 02:20:40,768 [pool-75-thread-3] ERROR freon.RandomKeyGenerator (RandomKeyGenerator.java:createKey(733)) - Exception while adding key: key-0-57865 in bucket: bucket-0-75754 of volume: vol-0-39928.
INTERNAL_ERROR org.apache.hadoop.ozone.om.exceptions.OMException: Allocated 0 blocks. Requested 5 blocks
	at org.apache.hadoop.ozone.om.protocolPB.OzoneManagerProtocolClientSideTranslatorPB.handleError(OzoneManagerProtocolClientSideTranslatorPB.java:732)
	at org.apache.hadoop.ozone.om.protocolPB.OzoneManagerProtocolClientSideTranslatorPB.openKey(OzoneManagerProtocolClientSideTranslatorPB.java:723)
	at sun.reflect.NativeMethodAccessorImpl.invoke0(Native Method)
	at sun.reflect.NativeMethodAccessorImpl.invoke(NativeMethodAccessorImpl.java:62)
	at sun.reflect.DelegatingMethodAccessorImpl.invoke(DelegatingMethodAccessorImpl.java:43)
	at java.lang.reflect.Method.invoke(Method.java:498)
	at org.apache.hadoop.hdds.tracing.TraceAllMethod.invoke(TraceAllMethod.java:66)
	at com.sun.proxy.$Proxy37.openKey(Unknown Source)
	at org.apache.hadoop.ozone.client.rpc.RpcClient.createKey(RpcClient.java:614)
	at org.apache.hadoop.ozone.client.OzoneBucket.createKey(OzoneBucket.java:325)
	at org.apache.hadoop.ozone.freon.RandomKeyGenerator.createKey(RandomKeyGenerator.java:695)
	at org.apache.hadoop.ozone.freon.RandomKeyGenerator.access$1100(RandomKeyGenerator.java:88)
	at org.apache.hadoop.ozone.freon.RandomKeyGenerator$ObjectCreator.run(RandomKeyGenerator.java:615)
	at java.util.concurrent.Executors$RunnableAdapter.call(Executors.java:511)
	at java.util.concurrent.FutureTask.run(FutureTask.java:266)
	at java.util.concurrent.ThreadPoolExecutor.runWorker(ThreadPoolExecutor.java:1149)
	at java.util.concurrent.ThreadPoolExecutor$Worker.run(ThreadPoolExecutor.java:624)
	at java.lang.Thread.run(Thread.java:748)
2019-10-17 02:20:40,782 [Thread-644] INFO  impl.FollowerState (FollowerState.java:run(108)) - 13e6f2a0-7b74-4c29-b613-54a9ac99ca5d@group-D7C8F5BEB75A-FollowerState: change to CANDIDATE, lastRpcTime:69ms, electionTimeout:69ms
2019-10-17 02:20:40,782 [Thread-644] INFO  impl.RoleInfo (RoleInfo.java:shutdownFollowerState(121)) - 13e6f2a0-7b74-4c29-b613-54a9ac99ca5d: shutdown FollowerState
2019-10-17 02:20:40,782 [Thread-644] INFO  impl.RaftServerImpl (RaftServerImpl.java:setRole(184)) - 13e6f2a0-7b74-4c29-b613-54a9ac99ca5d@group-D7C8F5BEB75A: changes role from  FOLLOWER to CANDIDATE at term 29 for changeToCandidate
2019-10-17 02:20:40,782 [Thread-644] INFO  impl.RoleInfo (RoleInfo.java:updateAndGet(143)) - 13e6f2a0-7b74-4c29-b613-54a9ac99ca5d: start LeaderElection
2019-10-17 02:20:40,795 [13e6f2a0-7b74-4c29-b613-54a9ac99ca5d@group-D7C8F5BEB75A-LeaderElection44] INFO  impl.LeaderElection (LeaderElection.java:askForVotes(178)) - 13e6f2a0-7b74-4c29-b613-54a9ac99ca5d@group-D7C8F5BEB75A-LeaderElection44: begin an election at term 30 for -1: [f349c4dc-e0f5-43f3-b014-e61370cb1add:192.168.157.194:39280, 13e6f2a0-7b74-4c29-b613-54a9ac99ca5d:192.168.157.194:32860, 5459097b-5895-44f9-a57c-1b76b0f7af13:192.168.157.194:35032], old=null
2019-10-17 02:20:40,798 [grpc-default-executor-6] INFO  impl.RaftServerImpl (RaftServerImpl.java:setRole(184)) - 5459097b-5895-44f9-a57c-1b76b0f7af13@group-D7C8F5BEB75A: changes role from  FOLLOWER to FOLLOWER at term 30 for recognizeCandidate:13e6f2a0-7b74-4c29-b613-54a9ac99ca5d
2019-10-17 02:20:40,798 [grpc-default-executor-6] INFO  impl.RoleInfo (RoleInfo.java:shutdownFollowerState(121)) - 5459097b-5895-44f9-a57c-1b76b0f7af13: shutdown FollowerState
2019-10-17 02:20:40,798 [grpc-default-executor-6] INFO  impl.RoleInfo (RoleInfo.java:updateAndGet(143)) - 5459097b-5895-44f9-a57c-1b76b0f7af13: start FollowerState
2019-10-17 02:20:40,798 [Thread-643] INFO  impl.FollowerState (FollowerState.java:run(117)) - 5459097b-5895-44f9-a57c-1b76b0f7af13@group-D7C8F5BEB75A-FollowerState was interrupted: java.lang.InterruptedException: sleep interrupted
2019-10-17 02:20:40,798 [grpc-default-executor-4] INFO  impl.RaftServerImpl (RaftServerImpl.java:setRole(184)) - f349c4dc-e0f5-43f3-b014-e61370cb1add@group-D7C8F5BEB75A: changes role from  FOLLOWER to FOLLOWER at term 30 for recognizeCandidate:13e6f2a0-7b74-4c29-b613-54a9ac99ca5d
2019-10-17 02:20:40,798 [grpc-default-executor-4] INFO  impl.RoleInfo (RoleInfo.java:shutdownFollowerState(121)) - f349c4dc-e0f5-43f3-b014-e61370cb1add: shutdown FollowerState
2019-10-17 02:20:40,798 [grpc-default-executor-4] INFO  impl.RoleInfo (RoleInfo.java:updateAndGet(143)) - f349c4dc-e0f5-43f3-b014-e61370cb1add: start FollowerState
2019-10-17 02:20:40,798 [Thread-642] INFO  impl.FollowerState (FollowerState.java:run(117)) - f349c4dc-e0f5-43f3-b014-e61370cb1add@group-D7C8F5BEB75A-FollowerState was interrupted: java.lang.InterruptedException: sleep interrupted
2019-10-17 02:20:40,814 [13e6f2a0-7b74-4c29-b613-54a9ac99ca5d@group-D7C8F5BEB75A-LeaderElection44] INFO  impl.LeaderElection (LeaderElection.java:logAndReturn(56)) - 13e6f2a0-7b74-4c29-b613-54a9ac99ca5d@group-D7C8F5BEB75A-LeaderElection44: Election REJECTED; received 2 response(s) [13e6f2a0-7b74-4c29-b613-54a9ac99ca5d<-f349c4dc-e0f5-43f3-b014-e61370cb1add#0:FAIL-t30, 13e6f2a0-7b74-4c29-b613-54a9ac99ca5d<-5459097b-5895-44f9-a57c-1b76b0f7af13#0:FAIL-t30] and 0 exception(s); 13e6f2a0-7b74-4c29-b613-54a9ac99ca5d@group-D7C8F5BEB75A:t30, leader=null, voted=13e6f2a0-7b74-4c29-b613-54a9ac99ca5d, raftlog=13e6f2a0-7b74-4c29-b613-54a9ac99ca5d@group-D7C8F5BEB75A-SegmentedRaftLog:OPENED:c-1,f-1,i0, conf=-1: [f349c4dc-e0f5-43f3-b014-e61370cb1add:192.168.157.194:39280, 13e6f2a0-7b74-4c29-b613-54a9ac99ca5d:192.168.157.194:32860, 5459097b-5895-44f9-a57c-1b76b0f7af13:192.168.157.194:35032], old=null
2019-10-17 02:20:40,815 [13e6f2a0-7b74-4c29-b613-54a9ac99ca5d@group-D7C8F5BEB75A-LeaderElection44] INFO  impl.RaftServerImpl (RaftServerImpl.java:setRole(184)) - 13e6f2a0-7b74-4c29-b613-54a9ac99ca5d@group-D7C8F5BEB75A: changes role from CANDIDATE to FOLLOWER at term 30 for DISCOVERED_A_NEW_TERM
2019-10-17 02:20:40,815 [13e6f2a0-7b74-4c29-b613-54a9ac99ca5d@group-D7C8F5BEB75A-LeaderElection44] INFO  impl.RoleInfo (RoleInfo.java:shutdownLeaderElection(134)) - 13e6f2a0-7b74-4c29-b613-54a9ac99ca5d: shutdown LeaderElection
2019-10-17 02:20:40,815 [13e6f2a0-7b74-4c29-b613-54a9ac99ca5d@group-D7C8F5BEB75A-LeaderElection44] INFO  impl.RoleInfo (RoleInfo.java:updateAndGet(143)) - 13e6f2a0-7b74-4c29-b613-54a9ac99ca5d: start FollowerState
2019-10-17 02:20:40,900 [Thread-653] INFO  impl.FollowerState (FollowerState.java:run(108)) - 13e6f2a0-7b74-4c29-b613-54a9ac99ca5d@group-D7C8F5BEB75A-FollowerState: change to CANDIDATE, lastRpcTime:85ms, electionTimeout:85ms
2019-10-17 02:20:40,901 [Thread-653] INFO  impl.RoleInfo (RoleInfo.java:shutdownFollowerState(121)) - 13e6f2a0-7b74-4c29-b613-54a9ac99ca5d: shutdown FollowerState
2019-10-17 02:20:40,902 [Thread-653] INFO  impl.RaftServerImpl (RaftServerImpl.java:setRole(184)) - 13e6f2a0-7b74-4c29-b613-54a9ac99ca5d@group-D7C8F5BEB75A: changes role from  FOLLOWER to CANDIDATE at term 30 for changeToCandidate
2019-10-17 02:20:40,902 [Thread-653] INFO  impl.RoleInfo (RoleInfo.java:updateAndGet(143)) - 13e6f2a0-7b74-4c29-b613-54a9ac99ca5d: start LeaderElection
2019-10-17 02:20:40,915 [13e6f2a0-7b74-4c29-b613-54a9ac99ca5d@group-D7C8F5BEB75A-LeaderElection45] INFO  impl.LeaderElection (LeaderElection.java:askForVotes(178)) - 13e6f2a0-7b74-4c29-b613-54a9ac99ca5d@group-D7C8F5BEB75A-LeaderElection45: begin an election at term 31 for -1: [f349c4dc-e0f5-43f3-b014-e61370cb1add:192.168.157.194:39280, 13e6f2a0-7b74-4c29-b613-54a9ac99ca5d:192.168.157.194:32860, 5459097b-5895-44f9-a57c-1b76b0f7af13:192.168.157.194:35032], old=null
2019-10-17 02:20:40,917 [grpc-default-executor-4] INFO  impl.RaftServerImpl (RaftServerImpl.java:setRole(184)) - f349c4dc-e0f5-43f3-b014-e61370cb1add@group-D7C8F5BEB75A: changes role from  FOLLOWER to FOLLOWER at term 31 for recognizeCandidate:13e6f2a0-7b74-4c29-b613-54a9ac99ca5d
2019-10-17 02:20:40,917 [grpc-default-executor-4] INFO  impl.RoleInfo (RoleInfo.java:shutdownFollowerState(121)) - f349c4dc-e0f5-43f3-b014-e61370cb1add: shutdown FollowerState
2019-10-17 02:20:40,918 [grpc-default-executor-4] INFO  impl.RoleInfo (RoleInfo.java:updateAndGet(143)) - f349c4dc-e0f5-43f3-b014-e61370cb1add: start FollowerState
2019-10-17 02:20:40,918 [grpc-default-executor-6] INFO  impl.RaftServerImpl (RaftServerImpl.java:setRole(184)) - 5459097b-5895-44f9-a57c-1b76b0f7af13@group-D7C8F5BEB75A: changes role from  FOLLOWER to FOLLOWER at term 31 for recognizeCandidate:13e6f2a0-7b74-4c29-b613-54a9ac99ca5d
2019-10-17 02:20:40,918 [Thread-652] INFO  impl.FollowerState (FollowerState.java:run(117)) - f349c4dc-e0f5-43f3-b014-e61370cb1add@group-D7C8F5BEB75A-FollowerState was interrupted: java.lang.InterruptedException: sleep interrupted
2019-10-17 02:20:40,918 [grpc-default-executor-6] INFO  impl.RoleInfo (RoleInfo.java:shutdownFollowerState(121)) - 5459097b-5895-44f9-a57c-1b76b0f7af13: shutdown FollowerState
2019-10-17 02:20:40,918 [grpc-default-executor-6] INFO  impl.RoleInfo (RoleInfo.java:updateAndGet(143)) - 5459097b-5895-44f9-a57c-1b76b0f7af13: start FollowerState
2019-10-17 02:20:40,918 [Thread-651] INFO  impl.FollowerState (FollowerState.java:run(117)) - 5459097b-5895-44f9-a57c-1b76b0f7af13@group-D7C8F5BEB75A-FollowerState was interrupted: java.lang.InterruptedException: sleep interrupted
2019-10-17 02:20:40,932 [13e6f2a0-7b74-4c29-b613-54a9ac99ca5d@group-D7C8F5BEB75A-LeaderElection45] INFO  impl.LeaderElection (LeaderElection.java:logAndReturn(56)) - 13e6f2a0-7b74-4c29-b613-54a9ac99ca5d@group-D7C8F5BEB75A-LeaderElection45: Election REJECTED; received 2 response(s) [13e6f2a0-7b74-4c29-b613-54a9ac99ca5d<-f349c4dc-e0f5-43f3-b014-e61370cb1add#0:FAIL-t31, 13e6f2a0-7b74-4c29-b613-54a9ac99ca5d<-5459097b-5895-44f9-a57c-1b76b0f7af13#0:FAIL-t31] and 0 exception(s); 13e6f2a0-7b74-4c29-b613-54a9ac99ca5d@group-D7C8F5BEB75A:t31, leader=null, voted=13e6f2a0-7b74-4c29-b613-54a9ac99ca5d, raftlog=13e6f2a0-7b74-4c29-b613-54a9ac99ca5d@group-D7C8F5BEB75A-SegmentedRaftLog:OPENED:c-1,f-1,i0, conf=-1: [f349c4dc-e0f5-43f3-b014-e61370cb1add:192.168.157.194:39280, 13e6f2a0-7b74-4c29-b613-54a9ac99ca5d:192.168.157.194:32860, 5459097b-5895-44f9-a57c-1b76b0f7af13:192.168.157.194:35032], old=null
2019-10-17 02:20:40,932 [13e6f2a0-7b74-4c29-b613-54a9ac99ca5d@group-D7C8F5BEB75A-LeaderElection45] INFO  impl.RaftServerImpl (RaftServerImpl.java:setRole(184)) - 13e6f2a0-7b74-4c29-b613-54a9ac99ca5d@group-D7C8F5BEB75A: changes role from CANDIDATE to FOLLOWER at term 31 for DISCOVERED_A_NEW_TERM
2019-10-17 02:20:40,932 [13e6f2a0-7b74-4c29-b613-54a9ac99ca5d@group-D7C8F5BEB75A-LeaderElection45] INFO  impl.RoleInfo (RoleInfo.java:shutdownLeaderElection(134)) - 13e6f2a0-7b74-4c29-b613-54a9ac99ca5d: shutdown LeaderElection
2019-10-17 02:20:40,932 [13e6f2a0-7b74-4c29-b613-54a9ac99ca5d@group-D7C8F5BEB75A-LeaderElection45] INFO  impl.RoleInfo (RoleInfo.java:updateAndGet(143)) - 13e6f2a0-7b74-4c29-b613-54a9ac99ca5d: start FollowerState
2019-10-17 02:20:41,020 [Thread-659] INFO  impl.FollowerState (FollowerState.java:run(108)) - 13e6f2a0-7b74-4c29-b613-54a9ac99ca5d@group-D7C8F5BEB75A-FollowerState: change to CANDIDATE, lastRpcTime:87ms, electionTimeout:87ms
2019-10-17 02:20:41,021 [Thread-659] INFO  impl.RoleInfo (RoleInfo.java:shutdownFollowerState(121)) - 13e6f2a0-7b74-4c29-b613-54a9ac99ca5d: shutdown FollowerState
2019-10-17 02:20:41,022 [Thread-659] INFO  impl.RaftServerImpl (RaftServerImpl.java:setRole(184)) - 13e6f2a0-7b74-4c29-b613-54a9ac99ca5d@group-D7C8F5BEB75A: changes role from  FOLLOWER to CANDIDATE at term 31 for changeToCandidate
2019-10-17 02:20:41,022 [Thread-659] INFO  impl.RoleInfo (RoleInfo.java:updateAndGet(143)) - 13e6f2a0-7b74-4c29-b613-54a9ac99ca5d: start LeaderElection
2019-10-17 02:20:41,035 [13e6f2a0-7b74-4c29-b613-54a9ac99ca5d@group-D7C8F5BEB75A-LeaderElection46] INFO  impl.LeaderElection (LeaderElection.java:askForVotes(178)) - 13e6f2a0-7b74-4c29-b613-54a9ac99ca5d@group-D7C8F5BEB75A-LeaderElection46: begin an election at term 32 for -1: [f349c4dc-e0f5-43f3-b014-e61370cb1add:192.168.157.194:39280, 13e6f2a0-7b74-4c29-b613-54a9ac99ca5d:192.168.157.194:32860, 5459097b-5895-44f9-a57c-1b76b0f7af13:192.168.157.194:35032], old=null
2019-10-17 02:20:41,038 [grpc-default-executor-4] INFO  impl.RaftServerImpl (RaftServerImpl.java:setRole(184)) - 5459097b-5895-44f9-a57c-1b76b0f7af13@group-D7C8F5BEB75A: changes role from  FOLLOWER to FOLLOWER at term 32 for recognizeCandidate:13e6f2a0-7b74-4c29-b613-54a9ac99ca5d
2019-10-17 02:20:41,038 [grpc-default-executor-4] INFO  impl.RoleInfo (RoleInfo.java:shutdownFollowerState(121)) - 5459097b-5895-44f9-a57c-1b76b0f7af13: shutdown FollowerState
2019-10-17 02:20:41,038 [grpc-default-executor-6] INFO  impl.RaftServerImpl (RaftServerImpl.java:setRole(184)) - f349c4dc-e0f5-43f3-b014-e61370cb1add@group-D7C8F5BEB75A: changes role from  FOLLOWER to FOLLOWER at term 32 for recognizeCandidate:13e6f2a0-7b74-4c29-b613-54a9ac99ca5d
2019-10-17 02:20:41,038 [Thread-658] INFO  impl.FollowerState (FollowerState.java:run(117)) - 5459097b-5895-44f9-a57c-1b76b0f7af13@group-D7C8F5BEB75A-FollowerState was interrupted: java.lang.InterruptedException: sleep interrupted
2019-10-17 02:20:41,038 [grpc-default-executor-4] INFO  impl.RoleInfo (RoleInfo.java:updateAndGet(143)) - 5459097b-5895-44f9-a57c-1b76b0f7af13: start FollowerState
2019-10-17 02:20:41,038 [grpc-default-executor-6] INFO  impl.RoleInfo (RoleInfo.java:shutdownFollowerState(121)) - f349c4dc-e0f5-43f3-b014-e61370cb1add: shutdown FollowerState
2019-10-17 02:20:41,039 [grpc-default-executor-6] INFO  impl.RoleInfo (RoleInfo.java:updateAndGet(143)) - f349c4dc-e0f5-43f3-b014-e61370cb1add: start FollowerState
2019-10-17 02:20:41,039 [Thread-657] INFO  impl.FollowerState (FollowerState.java:run(117)) - f349c4dc-e0f5-43f3-b014-e61370cb1add@group-D7C8F5BEB75A-FollowerState was interrupted: java.lang.InterruptedException: sleep interrupted
2019-10-17 02:20:41,055 [13e6f2a0-7b74-4c29-b613-54a9ac99ca5d@group-D7C8F5BEB75A-LeaderElection46] INFO  impl.LeaderElection (LeaderElection.java:logAndReturn(56)) - 13e6f2a0-7b74-4c29-b613-54a9ac99ca5d@group-D7C8F5BEB75A-LeaderElection46: Election REJECTED; received 2 response(s) [13e6f2a0-7b74-4c29-b613-54a9ac99ca5d<-f349c4dc-e0f5-43f3-b014-e61370cb1add#0:FAIL-t32, 13e6f2a0-7b74-4c29-b613-54a9ac99ca5d<-5459097b-5895-44f9-a57c-1b76b0f7af13#0:FAIL-t32] and 0 exception(s); 13e6f2a0-7b74-4c29-b613-54a9ac99ca5d@group-D7C8F5BEB75A:t32, leader=null, voted=13e6f2a0-7b74-4c29-b613-54a9ac99ca5d, raftlog=13e6f2a0-7b74-4c29-b613-54a9ac99ca5d@group-D7C8F5BEB75A-SegmentedRaftLog:OPENED:c-1,f-1,i0, conf=-1: [f349c4dc-e0f5-43f3-b014-e61370cb1add:192.168.157.194:39280, 13e6f2a0-7b74-4c29-b613-54a9ac99ca5d:192.168.157.194:32860, 5459097b-5895-44f9-a57c-1b76b0f7af13:192.168.157.194:35032], old=null
2019-10-17 02:20:41,055 [13e6f2a0-7b74-4c29-b613-54a9ac99ca5d@group-D7C8F5BEB75A-LeaderElection46] INFO  impl.RaftServerImpl (RaftServerImpl.java:setRole(184)) - 13e6f2a0-7b74-4c29-b613-54a9ac99ca5d@group-D7C8F5BEB75A: changes role from CANDIDATE to FOLLOWER at term 32 for DISCOVERED_A_NEW_TERM
2019-10-17 02:20:41,055 [13e6f2a0-7b74-4c29-b613-54a9ac99ca5d@group-D7C8F5BEB75A-LeaderElection46] INFO  impl.RoleInfo (RoleInfo.java:shutdownLeaderElection(134)) - 13e6f2a0-7b74-4c29-b613-54a9ac99ca5d: shutdown LeaderElection
2019-10-17 02:20:41,055 [13e6f2a0-7b74-4c29-b613-54a9ac99ca5d@group-D7C8F5BEB75A-LeaderElection46] INFO  impl.RoleInfo (RoleInfo.java:updateAndGet(143)) - 13e6f2a0-7b74-4c29-b613-54a9ac99ca5d: start FollowerState
2019-10-17 02:20:41,134 [Thread-665] INFO  impl.FollowerState (FollowerState.java:run(108)) - 13e6f2a0-7b74-4c29-b613-54a9ac99ca5d@group-D7C8F5BEB75A-FollowerState: change to CANDIDATE, lastRpcTime:78ms, electionTimeout:78ms
2019-10-17 02:20:41,136 [Thread-665] INFO  impl.RoleInfo (RoleInfo.java:shutdownFollowerState(121)) - 13e6f2a0-7b74-4c29-b613-54a9ac99ca5d: shutdown FollowerState
2019-10-17 02:20:41,136 [Thread-665] INFO  impl.RaftServerImpl (RaftServerImpl.java:setRole(184)) - 13e6f2a0-7b74-4c29-b613-54a9ac99ca5d@group-D7C8F5BEB75A: changes role from  FOLLOWER to CANDIDATE at term 32 for changeToCandidate
2019-10-17 02:20:41,137 [Thread-665] INFO  impl.RoleInfo (RoleInfo.java:updateAndGet(143)) - 13e6f2a0-7b74-4c29-b613-54a9ac99ca5d: start LeaderElection
2019-10-17 02:20:41,151 [13e6f2a0-7b74-4c29-b613-54a9ac99ca5d@group-D7C8F5BEB75A-LeaderElection47] INFO  impl.LeaderElection (LeaderElection.java:askForVotes(178)) - 13e6f2a0-7b74-4c29-b613-54a9ac99ca5d@group-D7C8F5BEB75A-LeaderElection47: begin an election at term 33 for -1: [f349c4dc-e0f5-43f3-b014-e61370cb1add:192.168.157.194:39280, 13e6f2a0-7b74-4c29-b613-54a9ac99ca5d:192.168.157.194:32860, 5459097b-5895-44f9-a57c-1b76b0f7af13:192.168.157.194:35032], old=null
2019-10-17 02:20:41,154 [grpc-default-executor-6] INFO  impl.RaftServerImpl (RaftServerImpl.java:setRole(184)) - f349c4dc-e0f5-43f3-b014-e61370cb1add@group-D7C8F5BEB75A: changes role from  FOLLOWER to FOLLOWER at term 33 for recognizeCandidate:13e6f2a0-7b74-4c29-b613-54a9ac99ca5d
2019-10-17 02:20:41,154 [grpc-default-executor-6] INFO  impl.RoleInfo (RoleInfo.java:shutdownFollowerState(121)) - f349c4dc-e0f5-43f3-b014-e61370cb1add: shutdown FollowerState
2019-10-17 02:20:41,154 [grpc-default-executor-6] INFO  impl.RoleInfo (RoleInfo.java:updateAndGet(143)) - f349c4dc-e0f5-43f3-b014-e61370cb1add: start FollowerState
2019-10-17 02:20:41,154 [Thread-664] INFO  impl.FollowerState (FollowerState.java:run(117)) - f349c4dc-e0f5-43f3-b014-e61370cb1add@group-D7C8F5BEB75A-FollowerState was interrupted: java.lang.InterruptedException: sleep interrupted
2019-10-17 02:20:41,155 [grpc-default-executor-4] INFO  impl.RaftServerImpl (RaftServerImpl.java:setRole(184)) - 5459097b-5895-44f9-a57c-1b76b0f7af13@group-D7C8F5BEB75A: changes role from  FOLLOWER to FOLLOWER at term 33 for recognizeCandidate:13e6f2a0-7b74-4c29-b613-54a9ac99ca5d
2019-10-17 02:20:41,155 [grpc-default-executor-4] INFO  impl.RoleInfo (RoleInfo.java:shutdownFollowerState(121)) - 5459097b-5895-44f9-a57c-1b76b0f7af13: shutdown FollowerState
2019-10-17 02:20:41,155 [grpc-default-executor-4] INFO  impl.RoleInfo (RoleInfo.java:updateAndGet(143)) - 5459097b-5895-44f9-a57c-1b76b0f7af13: start FollowerState
2019-10-17 02:20:41,155 [Thread-663] INFO  impl.FollowerState (FollowerState.java:run(117)) - 5459097b-5895-44f9-a57c-1b76b0f7af13@group-D7C8F5BEB75A-FollowerState was interrupted: java.lang.InterruptedException: sleep interrupted
2019-10-17 02:20:41,173 [13e6f2a0-7b74-4c29-b613-54a9ac99ca5d@group-D7C8F5BEB75A-LeaderElection47] INFO  impl.LeaderElection (LeaderElection.java:logAndReturn(56)) - 13e6f2a0-7b74-4c29-b613-54a9ac99ca5d@group-D7C8F5BEB75A-LeaderElection47: Election REJECTED; received 2 response(s) [13e6f2a0-7b74-4c29-b613-54a9ac99ca5d<-f349c4dc-e0f5-43f3-b014-e61370cb1add#0:FAIL-t33, 13e6f2a0-7b74-4c29-b613-54a9ac99ca5d<-5459097b-5895-44f9-a57c-1b76b0f7af13#0:FAIL-t33] and 0 exception(s); 13e6f2a0-7b74-4c29-b613-54a9ac99ca5d@group-D7C8F5BEB75A:t33, leader=null, voted=13e6f2a0-7b74-4c29-b613-54a9ac99ca5d, raftlog=13e6f2a0-7b74-4c29-b613-54a9ac99ca5d@group-D7C8F5BEB75A-SegmentedRaftLog:OPENED:c-1,f-1,i0, conf=-1: [f349c4dc-e0f5-43f3-b014-e61370cb1add:192.168.157.194:39280, 13e6f2a0-7b74-4c29-b613-54a9ac99ca5d:192.168.157.194:32860, 5459097b-5895-44f9-a57c-1b76b0f7af13:192.168.157.194:35032], old=null
2019-10-17 02:20:41,173 [13e6f2a0-7b74-4c29-b613-54a9ac99ca5d@group-D7C8F5BEB75A-LeaderElection47] INFO  impl.RaftServerImpl (RaftServerImpl.java:setRole(184)) - 13e6f2a0-7b74-4c29-b613-54a9ac99ca5d@group-D7C8F5BEB75A: changes role from CANDIDATE to FOLLOWER at term 33 for DISCOVERED_A_NEW_TERM
2019-10-17 02:20:41,173 [13e6f2a0-7b74-4c29-b613-54a9ac99ca5d@group-D7C8F5BEB75A-LeaderElection47] INFO  impl.RoleInfo (RoleInfo.java:shutdownLeaderElection(134)) - 13e6f2a0-7b74-4c29-b613-54a9ac99ca5d: shutdown LeaderElection
2019-10-17 02:20:41,173 [13e6f2a0-7b74-4c29-b613-54a9ac99ca5d@group-D7C8F5BEB75A-LeaderElection47] INFO  impl.RoleInfo (RoleInfo.java:updateAndGet(143)) - 13e6f2a0-7b74-4c29-b613-54a9ac99ca5d: start FollowerState
2019-10-17 02:20:41,293 [Thread-671] INFO  impl.FollowerState (FollowerState.java:run(108)) - 13e6f2a0-7b74-4c29-b613-54a9ac99ca5d@group-D7C8F5BEB75A-FollowerState: change to CANDIDATE, lastRpcTime:119ms, electionTimeout:119ms
2019-10-17 02:20:41,299 [Thread-671] INFO  impl.RoleInfo (RoleInfo.java:shutdownFollowerState(121)) - 13e6f2a0-7b74-4c29-b613-54a9ac99ca5d: shutdown FollowerState
2019-10-17 02:20:41,299 [Thread-671] INFO  impl.RaftServerImpl (RaftServerImpl.java:setRole(184)) - 13e6f2a0-7b74-4c29-b613-54a9ac99ca5d@group-D7C8F5BEB75A: changes role from  FOLLOWER to CANDIDATE at term 33 for changeToCandidate
2019-10-17 02:20:41,299 [Thread-671] INFO  impl.RoleInfo (RoleInfo.java:updateAndGet(143)) - 13e6f2a0-7b74-4c29-b613-54a9ac99ca5d: start LeaderElection
2019-10-17 02:20:41,314 [13e6f2a0-7b74-4c29-b613-54a9ac99ca5d@group-D7C8F5BEB75A-LeaderElection48] INFO  impl.LeaderElection (LeaderElection.java:askForVotes(178)) - 13e6f2a0-7b74-4c29-b613-54a9ac99ca5d@group-D7C8F5BEB75A-LeaderElection48: begin an election at term 34 for -1: [f349c4dc-e0f5-43f3-b014-e61370cb1add:192.168.157.194:39280, 13e6f2a0-7b74-4c29-b613-54a9ac99ca5d:192.168.157.194:32860, 5459097b-5895-44f9-a57c-1b76b0f7af13:192.168.157.194:35032], old=null
2019-10-17 02:20:41,315 [13e6f2a0-7b74-4c29-b613-54a9ac99ca5d@group-D7C8F5BEB75A-LeaderElection48] INFO  impl.LeaderElection (LeaderElection.java:logAndReturn(56)) - 13e6f2a0-7b74-4c29-b613-54a9ac99ca5d@group-D7C8F5BEB75A-LeaderElection48: Election TIMEOUT; received 0 response(s) [] and 0 exception(s); 13e6f2a0-7b74-4c29-b613-54a9ac99ca5d@group-D7C8F5BEB75A:t34, leader=null, voted=13e6f2a0-7b74-4c29-b613-54a9ac99ca5d, raftlog=13e6f2a0-7b74-4c29-b613-54a9ac99ca5d@group-D7C8F5BEB75A-SegmentedRaftLog:OPENED:c-1,f-1,i0, conf=-1: [f349c4dc-e0f5-43f3-b014-e61370cb1add:192.168.157.194:39280, 13e6f2a0-7b74-4c29-b613-54a9ac99ca5d:192.168.157.194:32860, 5459097b-5895-44f9-a57c-1b76b0f7af13:192.168.157.194:35032], old=null
2019-10-17 02:20:41,317 [grpc-default-executor-4] INFO  impl.RaftServerImpl (RaftServerImpl.java:setRole(184)) - f349c4dc-e0f5-43f3-b014-e61370cb1add@group-D7C8F5BEB75A: changes role from  FOLLOWER to FOLLOWER at term 34 for recognizeCandidate:13e6f2a0-7b74-4c29-b613-54a9ac99ca5d
2019-10-17 02:20:41,317 [grpc-default-executor-6] INFO  impl.RaftServerImpl (RaftServerImpl.java:setRole(184)) - 5459097b-5895-44f9-a57c-1b76b0f7af13@group-D7C8F5BEB75A: changes role from  FOLLOWER to FOLLOWER at term 34 for recognizeCandidate:13e6f2a0-7b74-4c29-b613-54a9ac99ca5d
2019-10-17 02:20:41,317 [grpc-default-executor-4] INFO  impl.RoleInfo (RoleInfo.java:shutdownFollowerState(121)) - f349c4dc-e0f5-43f3-b014-e61370cb1add: shutdown FollowerState
2019-10-17 02:20:41,317 [grpc-default-executor-6] INFO  impl.RoleInfo (RoleInfo.java:shutdownFollowerState(121)) - 5459097b-5895-44f9-a57c-1b76b0f7af13: shutdown FollowerState
2019-10-17 02:20:41,317 [Thread-669] INFO  impl.FollowerState (FollowerState.java:run(117)) - f349c4dc-e0f5-43f3-b014-e61370cb1add@group-D7C8F5BEB75A-FollowerState was interrupted: java.lang.InterruptedException: sleep interrupted
2019-10-17 02:20:41,317 [grpc-default-executor-4] INFO  impl.RoleInfo (RoleInfo.java:updateAndGet(143)) - f349c4dc-e0f5-43f3-b014-e61370cb1add: start FollowerState
2019-10-17 02:20:41,317 [Thread-670] INFO  impl.FollowerState (FollowerState.java:run(117)) - 5459097b-5895-44f9-a57c-1b76b0f7af13@group-D7C8F5BEB75A-FollowerState was interrupted: java.lang.InterruptedException: sleep interrupted
2019-10-17 02:20:41,317 [grpc-default-executor-6] INFO  impl.RoleInfo (RoleInfo.java:updateAndGet(143)) - 5459097b-5895-44f9-a57c-1b76b0f7af13: start FollowerState
2019-10-17 02:20:41,329 [13e6f2a0-7b74-4c29-b613-54a9ac99ca5d@group-D7C8F5BEB75A-LeaderElection48] INFO  impl.LeaderElection (LeaderElection.java:askForVotes(178)) - 13e6f2a0-7b74-4c29-b613-54a9ac99ca5d@group-D7C8F5BEB75A-LeaderElection48: begin an election at term 35 for -1: [f349c4dc-e0f5-43f3-b014-e61370cb1add:192.168.157.194:39280, 13e6f2a0-7b74-4c29-b613-54a9ac99ca5d:192.168.157.194:32860, 5459097b-5895-44f9-a57c-1b76b0f7af13:192.168.157.194:35032], old=null
2019-10-17 02:20:41,332 [grpc-default-executor-4] INFO  impl.RaftServerImpl (RaftServerImpl.java:setRole(184)) - f349c4dc-e0f5-43f3-b014-e61370cb1add@group-D7C8F5BEB75A: changes role from  FOLLOWER to FOLLOWER at term 35 for recognizeCandidate:13e6f2a0-7b74-4c29-b613-54a9ac99ca5d
2019-10-17 02:20:41,332 [grpc-default-executor-4] INFO  impl.RoleInfo (RoleInfo.java:shutdownFollowerState(121)) - f349c4dc-e0f5-43f3-b014-e61370cb1add: shutdown FollowerState
2019-10-17 02:20:41,332 [grpc-default-executor-6] INFO  impl.RaftServerImpl (RaftServerImpl.java:setRole(184)) - 5459097b-5895-44f9-a57c-1b76b0f7af13@group-D7C8F5BEB75A: changes role from  FOLLOWER to FOLLOWER at term 35 for recognizeCandidate:13e6f2a0-7b74-4c29-b613-54a9ac99ca5d
2019-10-17 02:20:41,332 [grpc-default-executor-4] INFO  impl.RoleInfo (RoleInfo.java:updateAndGet(143)) - f349c4dc-e0f5-43f3-b014-e61370cb1add: start FollowerState
2019-10-17 02:20:41,332 [Thread-675] INFO  impl.FollowerState (FollowerState.java:run(117)) - f349c4dc-e0f5-43f3-b014-e61370cb1add@group-D7C8F5BEB75A-FollowerState was interrupted: java.lang.InterruptedException: sleep interrupted
2019-10-17 02:20:41,333 [grpc-default-executor-6] INFO  impl.RoleInfo (RoleInfo.java:shutdownFollowerState(121)) - 5459097b-5895-44f9-a57c-1b76b0f7af13: shutdown FollowerState
2019-10-17 02:20:41,333 [Thread-676] INFO  impl.FollowerState (FollowerState.java:run(117)) - 5459097b-5895-44f9-a57c-1b76b0f7af13@group-D7C8F5BEB75A-FollowerState was interrupted: java.lang.InterruptedException: sleep interrupted
2019-10-17 02:20:41,333 [grpc-default-executor-6] INFO  impl.RoleInfo (RoleInfo.java:updateAndGet(143)) - 5459097b-5895-44f9-a57c-1b76b0f7af13: start FollowerState
2019-10-17 02:20:41,348 [13e6f2a0-7b74-4c29-b613-54a9ac99ca5d@group-D7C8F5BEB75A-LeaderElection48] INFO  impl.LeaderElection (LeaderElection.java:logAndReturn(56)) - 13e6f2a0-7b74-4c29-b613-54a9ac99ca5d@group-D7C8F5BEB75A-LeaderElection48: Election REJECTED; received 2 response(s) [13e6f2a0-7b74-4c29-b613-54a9ac99ca5d<-f349c4dc-e0f5-43f3-b014-e61370cb1add#0:FAIL-t35, 13e6f2a0-7b74-4c29-b613-54a9ac99ca5d<-5459097b-5895-44f9-a57c-1b76b0f7af13#0:FAIL-t35] and 0 exception(s); 13e6f2a0-7b74-4c29-b613-54a9ac99ca5d@group-D7C8F5BEB75A:t35, leader=null, voted=13e6f2a0-7b74-4c29-b613-54a9ac99ca5d, raftlog=13e6f2a0-7b74-4c29-b613-54a9ac99ca5d@group-D7C8F5BEB75A-SegmentedRaftLog:OPENED:c-1,f-1,i0, conf=-1: [f349c4dc-e0f5-43f3-b014-e61370cb1add:192.168.157.194:39280, 13e6f2a0-7b74-4c29-b613-54a9ac99ca5d:192.168.157.194:32860, 5459097b-5895-44f9-a57c-1b76b0f7af13:192.168.157.194:35032], old=null
2019-10-17 02:20:41,348 [13e6f2a0-7b74-4c29-b613-54a9ac99ca5d@group-D7C8F5BEB75A-LeaderElection48] INFO  impl.RaftServerImpl (RaftServerImpl.java:setRole(184)) - 13e6f2a0-7b74-4c29-b613-54a9ac99ca5d@group-D7C8F5BEB75A: changes role from CANDIDATE to FOLLOWER at term 35 for DISCOVERED_A_NEW_TERM
2019-10-17 02:20:41,348 [13e6f2a0-7b74-4c29-b613-54a9ac99ca5d@group-D7C8F5BEB75A-LeaderElection48] INFO  impl.RoleInfo (RoleInfo.java:shutdownLeaderElection(134)) - 13e6f2a0-7b74-4c29-b613-54a9ac99ca5d: shutdown LeaderElection
2019-10-17 02:20:41,349 [13e6f2a0-7b74-4c29-b613-54a9ac99ca5d@group-D7C8F5BEB75A-LeaderElection48] INFO  impl.RoleInfo (RoleInfo.java:updateAndGet(143)) - 13e6f2a0-7b74-4c29-b613-54a9ac99ca5d: start FollowerState
2019-10-17 02:20:41,425 [Thread-681] INFO  impl.FollowerState (FollowerState.java:run(108)) - 13e6f2a0-7b74-4c29-b613-54a9ac99ca5d@group-D7C8F5BEB75A-FollowerState: change to CANDIDATE, lastRpcTime:76ms, electionTimeout:76ms
2019-10-17 02:20:41,425 [Thread-681] INFO  impl.RoleInfo (RoleInfo.java:shutdownFollowerState(121)) - 13e6f2a0-7b74-4c29-b613-54a9ac99ca5d: shutdown FollowerState
2019-10-17 02:20:41,425 [Thread-681] INFO  impl.RaftServerImpl (RaftServerImpl.java:setRole(184)) - 13e6f2a0-7b74-4c29-b613-54a9ac99ca5d@group-D7C8F5BEB75A: changes role from  FOLLOWER to CANDIDATE at term 35 for changeToCandidate
2019-10-17 02:20:41,426 [Thread-681] INFO  impl.RoleInfo (RoleInfo.java:updateAndGet(143)) - 13e6f2a0-7b74-4c29-b613-54a9ac99ca5d: start LeaderElection
2019-10-17 02:20:41,440 [13e6f2a0-7b74-4c29-b613-54a9ac99ca5d@group-D7C8F5BEB75A-LeaderElection49] INFO  impl.LeaderElection (LeaderElection.java:askForVotes(178)) - 13e6f2a0-7b74-4c29-b613-54a9ac99ca5d@group-D7C8F5BEB75A-LeaderElection49: begin an election at term 36 for -1: [f349c4dc-e0f5-43f3-b014-e61370cb1add:192.168.157.194:39280, 13e6f2a0-7b74-4c29-b613-54a9ac99ca5d:192.168.157.194:32860, 5459097b-5895-44f9-a57c-1b76b0f7af13:192.168.157.194:35032], old=null
2019-10-17 02:20:41,442 [grpc-default-executor-4] INFO  impl.RaftServerImpl (RaftServerImpl.java:setRole(184)) - f349c4dc-e0f5-43f3-b014-e61370cb1add@group-D7C8F5BEB75A: changes role from  FOLLOWER to FOLLOWER at term 36 for recognizeCandidate:13e6f2a0-7b74-4c29-b613-54a9ac99ca5d
2019-10-17 02:20:41,442 [grpc-default-executor-6] INFO  impl.RaftServerImpl (RaftServerImpl.java:setRole(184)) - 5459097b-5895-44f9-a57c-1b76b0f7af13@group-D7C8F5BEB75A: changes role from  FOLLOWER to FOLLOWER at term 36 for recognizeCandidate:13e6f2a0-7b74-4c29-b613-54a9ac99ca5d
2019-10-17 02:20:41,442 [grpc-default-executor-4] INFO  impl.RoleInfo (RoleInfo.java:shutdownFollowerState(121)) - f349c4dc-e0f5-43f3-b014-e61370cb1add: shutdown FollowerState
2019-10-17 02:20:41,443 [grpc-default-executor-6] INFO  impl.RoleInfo (RoleInfo.java:shutdownFollowerState(121)) - 5459097b-5895-44f9-a57c-1b76b0f7af13: shutdown FollowerState
2019-10-17 02:20:41,443 [Thread-679] INFO  impl.FollowerState (FollowerState.java:run(117)) - f349c4dc-e0f5-43f3-b014-e61370cb1add@group-D7C8F5BEB75A-FollowerState was interrupted: java.lang.InterruptedException: sleep interrupted
2019-10-17 02:20:41,443 [grpc-default-executor-4] INFO  impl.RoleInfo (RoleInfo.java:updateAndGet(143)) - f349c4dc-e0f5-43f3-b014-e61370cb1add: start FollowerState
2019-10-17 02:20:41,443 [Thread-680] INFO  impl.FollowerState (FollowerState.java:run(117)) - 5459097b-5895-44f9-a57c-1b76b0f7af13@group-D7C8F5BEB75A-FollowerState was interrupted: java.lang.InterruptedException: sleep interrupted
2019-10-17 02:20:41,443 [grpc-default-executor-6] INFO  impl.RoleInfo (RoleInfo.java:updateAndGet(143)) - 5459097b-5895-44f9-a57c-1b76b0f7af13: start FollowerState
2019-10-17 02:20:41,458 [13e6f2a0-7b74-4c29-b613-54a9ac99ca5d@group-D7C8F5BEB75A-LeaderElection49] INFO  impl.LeaderElection (LeaderElection.java:logAndReturn(56)) - 13e6f2a0-7b74-4c29-b613-54a9ac99ca5d@group-D7C8F5BEB75A-LeaderElection49: Election REJECTED; received 2 response(s) [13e6f2a0-7b74-4c29-b613-54a9ac99ca5d<-f349c4dc-e0f5-43f3-b014-e61370cb1add#0:FAIL-t36, 13e6f2a0-7b74-4c29-b613-54a9ac99ca5d<-5459097b-5895-44f9-a57c-1b76b0f7af13#0:FAIL-t36] and 0 exception(s); 13e6f2a0-7b74-4c29-b613-54a9ac99ca5d@group-D7C8F5BEB75A:t36, leader=null, voted=13e6f2a0-7b74-4c29-b613-54a9ac99ca5d, raftlog=13e6f2a0-7b74-4c29-b613-54a9ac99ca5d@group-D7C8F5BEB75A-SegmentedRaftLog:OPENED:c-1,f-1,i0, conf=-1: [f349c4dc-e0f5-43f3-b014-e61370cb1add:192.168.157.194:39280, 13e6f2a0-7b74-4c29-b613-54a9ac99ca5d:192.168.157.194:32860, 5459097b-5895-44f9-a57c-1b76b0f7af13:192.168.157.194:35032], old=null
2019-10-17 02:20:41,458 [13e6f2a0-7b74-4c29-b613-54a9ac99ca5d@group-D7C8F5BEB75A-LeaderElection49] INFO  impl.RaftServerImpl (RaftServerImpl.java:setRole(184)) - 13e6f2a0-7b74-4c29-b613-54a9ac99ca5d@group-D7C8F5BEB75A: changes role from CANDIDATE to FOLLOWER at term 36 for DISCOVERED_A_NEW_TERM
2019-10-17 02:20:41,458 [13e6f2a0-7b74-4c29-b613-54a9ac99ca5d@group-D7C8F5BEB75A-LeaderElection49] INFO  impl.RoleInfo (RoleInfo.java:shutdownLeaderElection(134)) - 13e6f2a0-7b74-4c29-b613-54a9ac99ca5d: shutdown LeaderElection
2019-10-17 02:20:41,459 [13e6f2a0-7b74-4c29-b613-54a9ac99ca5d@group-D7C8F5BEB75A-LeaderElection49] INFO  impl.RoleInfo (RoleInfo.java:updateAndGet(143)) - 13e6f2a0-7b74-4c29-b613-54a9ac99ca5d: start FollowerState
2019-10-17 02:20:41,620 [Thread-687] INFO  impl.FollowerState (FollowerState.java:run(108)) - 13e6f2a0-7b74-4c29-b613-54a9ac99ca5d@group-D7C8F5BEB75A-FollowerState: change to CANDIDATE, lastRpcTime:161ms, electionTimeout:161ms
2019-10-17 02:20:41,620 [Thread-687] INFO  impl.RoleInfo (RoleInfo.java:shutdownFollowerState(121)) - 13e6f2a0-7b74-4c29-b613-54a9ac99ca5d: shutdown FollowerState
2019-10-17 02:20:41,620 [Thread-687] INFO  impl.RaftServerImpl (RaftServerImpl.java:setRole(184)) - 13e6f2a0-7b74-4c29-b613-54a9ac99ca5d@group-D7C8F5BEB75A: changes role from  FOLLOWER to CANDIDATE at term 36 for changeToCandidate
2019-10-17 02:20:41,620 [Thread-687] INFO  impl.RoleInfo (RoleInfo.java:updateAndGet(143)) - 13e6f2a0-7b74-4c29-b613-54a9ac99ca5d: start LeaderElection
2019-10-17 02:20:41,635 [13e6f2a0-7b74-4c29-b613-54a9ac99ca5d@group-D7C8F5BEB75A-LeaderElection50] INFO  impl.LeaderElection (LeaderElection.java:askForVotes(178)) - 13e6f2a0-7b74-4c29-b613-54a9ac99ca5d@group-D7C8F5BEB75A-LeaderElection50: begin an election at term 37 for -1: [f349c4dc-e0f5-43f3-b014-e61370cb1add:192.168.157.194:39280, 13e6f2a0-7b74-4c29-b613-54a9ac99ca5d:192.168.157.194:32860, 5459097b-5895-44f9-a57c-1b76b0f7af13:192.168.157.194:35032], old=null
2019-10-17 02:20:41,637 [grpc-default-executor-4] INFO  impl.RaftServerImpl (RaftServerImpl.java:setRole(184)) - f349c4dc-e0f5-43f3-b014-e61370cb1add@group-D7C8F5BEB75A: changes role from  FOLLOWER to FOLLOWER at term 37 for recognizeCandidate:13e6f2a0-7b74-4c29-b613-54a9ac99ca5d
2019-10-17 02:20:41,637 [grpc-default-executor-4] INFO  impl.RoleInfo (RoleInfo.java:shutdownFollowerState(121)) - f349c4dc-e0f5-43f3-b014-e61370cb1add: shutdown FollowerState
2019-10-17 02:20:41,637 [grpc-default-executor-4] INFO  impl.RoleInfo (RoleInfo.java:updateAndGet(143)) - f349c4dc-e0f5-43f3-b014-e61370cb1add: start FollowerState
2019-10-17 02:20:41,637 [Thread-685] INFO  impl.FollowerState (FollowerState.java:run(117)) - f349c4dc-e0f5-43f3-b014-e61370cb1add@group-D7C8F5BEB75A-FollowerState was interrupted: java.lang.InterruptedException: sleep interrupted
2019-10-17 02:20:41,637 [grpc-default-executor-6] INFO  impl.RaftServerImpl (RaftServerImpl.java:setRole(184)) - 5459097b-5895-44f9-a57c-1b76b0f7af13@group-D7C8F5BEB75A: changes role from  FOLLOWER to FOLLOWER at term 37 for recognizeCandidate:13e6f2a0-7b74-4c29-b613-54a9ac99ca5d
2019-10-17 02:20:41,638 [grpc-default-executor-6] INFO  impl.RoleInfo (RoleInfo.java:shutdownFollowerState(121)) - 5459097b-5895-44f9-a57c-1b76b0f7af13: shutdown FollowerState
2019-10-17 02:20:41,638 [grpc-default-executor-6] INFO  impl.RoleInfo (RoleInfo.java:updateAndGet(143)) - 5459097b-5895-44f9-a57c-1b76b0f7af13: start FollowerState
2019-10-17 02:20:41,638 [Thread-686] INFO  impl.FollowerState (FollowerState.java:run(117)) - 5459097b-5895-44f9-a57c-1b76b0f7af13@group-D7C8F5BEB75A-FollowerState was interrupted: java.lang.InterruptedException: sleep interrupted
2019-10-17 02:20:41,652 [13e6f2a0-7b74-4c29-b613-54a9ac99ca5d@group-D7C8F5BEB75A-LeaderElection50] INFO  impl.LeaderElection (LeaderElection.java:logAndReturn(56)) - 13e6f2a0-7b74-4c29-b613-54a9ac99ca5d@group-D7C8F5BEB75A-LeaderElection50: Election REJECTED; received 2 response(s) [13e6f2a0-7b74-4c29-b613-54a9ac99ca5d<-f349c4dc-e0f5-43f3-b014-e61370cb1add#0:FAIL-t37, 13e6f2a0-7b74-4c29-b613-54a9ac99ca5d<-5459097b-5895-44f9-a57c-1b76b0f7af13#0:FAIL-t37] and 0 exception(s); 13e6f2a0-7b74-4c29-b613-54a9ac99ca5d@group-D7C8F5BEB75A:t37, leader=null, voted=13e6f2a0-7b74-4c29-b613-54a9ac99ca5d, raftlog=13e6f2a0-7b74-4c29-b613-54a9ac99ca5d@group-D7C8F5BEB75A-SegmentedRaftLog:OPENED:c-1,f-1,i0, conf=-1: [f349c4dc-e0f5-43f3-b014-e61370cb1add:192.168.157.194:39280, 13e6f2a0-7b74-4c29-b613-54a9ac99ca5d:192.168.157.194:32860, 5459097b-5895-44f9-a57c-1b76b0f7af13:192.168.157.194:35032], old=null
2019-10-17 02:20:41,652 [13e6f2a0-7b74-4c29-b613-54a9ac99ca5d@group-D7C8F5BEB75A-LeaderElection50] INFO  impl.RaftServerImpl (RaftServerImpl.java:setRole(184)) - 13e6f2a0-7b74-4c29-b613-54a9ac99ca5d@group-D7C8F5BEB75A: changes role from CANDIDATE to FOLLOWER at term 37 for DISCOVERED_A_NEW_TERM
2019-10-17 02:20:41,652 [13e6f2a0-7b74-4c29-b613-54a9ac99ca5d@group-D7C8F5BEB75A-LeaderElection50] INFO  impl.RoleInfo (RoleInfo.java:shutdownLeaderElection(134)) - 13e6f2a0-7b74-4c29-b613-54a9ac99ca5d: shutdown LeaderElection
2019-10-17 02:20:41,653 [13e6f2a0-7b74-4c29-b613-54a9ac99ca5d@group-D7C8F5BEB75A-LeaderElection50] INFO  impl.RoleInfo (RoleInfo.java:updateAndGet(143)) - 13e6f2a0-7b74-4c29-b613-54a9ac99ca5d: start FollowerState
 0.00% |?                                                                                                    |  0/1 Time: 0:00:012019-10-17 02:20:41,756 [Thread-693] INFO  impl.FollowerState (FollowerState.java:run(108)) - 13e6f2a0-7b74-4c29-b613-54a9ac99ca5d@group-D7C8F5BEB75A-FollowerState: change to CANDIDATE, lastRpcTime:103ms, electionTimeout:103ms
2019-10-17 02:20:41,756 [Thread-693] INFO  impl.RoleInfo (RoleInfo.java:shutdownFollowerState(121)) - 13e6f2a0-7b74-4c29-b613-54a9ac99ca5d: shutdown FollowerState
2019-10-17 02:20:41,756 [Thread-693] INFO  impl.RaftServerImpl (RaftServerImpl.java:setRole(184)) - 13e6f2a0-7b74-4c29-b613-54a9ac99ca5d@group-D7C8F5BEB75A: changes role from  FOLLOWER to CANDIDATE at term 37 for changeToCandidate
2019-10-17 02:20:41,756 [Thread-693] INFO  impl.RoleInfo (RoleInfo.java:updateAndGet(143)) - 13e6f2a0-7b74-4c29-b613-54a9ac99ca5d: start LeaderElection
2019-10-17 02:20:41,770 [13e6f2a0-7b74-4c29-b613-54a9ac99ca5d@group-D7C8F5BEB75A-LeaderElection51] INFO  impl.LeaderElection (LeaderElection.java:askForVotes(178)) - 13e6f2a0-7b74-4c29-b613-54a9ac99ca5d@group-D7C8F5BEB75A-LeaderElection51: begin an election at term 38 for -1: [f349c4dc-e0f5-43f3-b014-e61370cb1add:192.168.157.194:39280, 13e6f2a0-7b74-4c29-b613-54a9ac99ca5d:192.168.157.194:32860, 5459097b-5895-44f9-a57c-1b76b0f7af13:192.168.157.194:35032], old=null
2019-10-17 02:20:41,772 [grpc-default-executor-6] INFO  impl.RaftServerImpl (RaftServerImpl.java:setRole(184)) - f349c4dc-e0f5-43f3-b014-e61370cb1add@group-D7C8F5BEB75A: changes role from  FOLLOWER to FOLLOWER at term 38 for recognizeCandidate:13e6f2a0-7b74-4c29-b613-54a9ac99ca5d
2019-10-17 02:20:41,772 [grpc-default-executor-6] INFO  impl.RoleInfo (RoleInfo.java:shutdownFollowerState(121)) - f349c4dc-e0f5-43f3-b014-e61370cb1add: shutdown FollowerState
2019-10-17 02:20:41,772 [grpc-default-executor-6] INFO  impl.RoleInfo (RoleInfo.java:updateAndGet(143)) - f349c4dc-e0f5-43f3-b014-e61370cb1add: start FollowerState
2019-10-17 02:20:41,772 [Thread-691] INFO  impl.FollowerState (FollowerState.java:run(117)) - f349c4dc-e0f5-43f3-b014-e61370cb1add@group-D7C8F5BEB75A-FollowerState was interrupted: java.lang.InterruptedException: sleep interrupted
2019-10-17 02:20:41,772 [grpc-default-executor-4] INFO  impl.RaftServerImpl (RaftServerImpl.java:setRole(184)) - 5459097b-5895-44f9-a57c-1b76b0f7af13@group-D7C8F5BEB75A: changes role from  FOLLOWER to FOLLOWER at term 38 for recognizeCandidate:13e6f2a0-7b74-4c29-b613-54a9ac99ca5d
2019-10-17 02:20:41,772 [grpc-default-executor-4] INFO  impl.RoleInfo (RoleInfo.java:shutdownFollowerState(121)) - 5459097b-5895-44f9-a57c-1b76b0f7af13: shutdown FollowerState
2019-10-17 02:20:41,773 [grpc-default-executor-4] INFO  impl.RoleInfo (RoleInfo.java:updateAndGet(143)) - 5459097b-5895-44f9-a57c-1b76b0f7af13: start FollowerState
2019-10-17 02:20:41,773 [Thread-692] INFO  impl.FollowerState (FollowerState.java:run(117)) - 5459097b-5895-44f9-a57c-1b76b0f7af13@group-D7C8F5BEB75A-FollowerState was interrupted: java.lang.InterruptedException: sleep interrupted
2019-10-17 02:20:41,787 [13e6f2a0-7b74-4c29-b613-54a9ac99ca5d@group-D7C8F5BEB75A-LeaderElection51] INFO  impl.LeaderElection (LeaderElection.java:logAndReturn(56)) - 13e6f2a0-7b74-4c29-b613-54a9ac99ca5d@group-D7C8F5BEB75A-LeaderElection51: Election TIMEOUT; received 0 response(s) [] and 0 exception(s); 13e6f2a0-7b74-4c29-b613-54a9ac99ca5d@group-D7C8F5BEB75A:t38, leader=null, voted=13e6f2a0-7b74-4c29-b613-54a9ac99ca5d, raftlog=13e6f2a0-7b74-4c29-b613-54a9ac99ca5d@group-D7C8F5BEB75A-SegmentedRaftLog:OPENED:c-1,f-1,i0, conf=-1: [f349c4dc-e0f5-43f3-b014-e61370cb1add:192.168.157.194:39280, 13e6f2a0-7b74-4c29-b613-54a9ac99ca5d:192.168.157.194:32860, 5459097b-5895-44f9-a57c-1b76b0f7af13:192.168.157.194:35032], old=null
2019-10-17 02:20:41,800 [13e6f2a0-7b74-4c29-b613-54a9ac99ca5d@group-D7C8F5BEB75A-LeaderElection51] INFO  impl.LeaderElection (LeaderElection.java:askForVotes(178)) - 13e6f2a0-7b74-4c29-b613-54a9ac99ca5d@group-D7C8F5BEB75A-LeaderElection51: begin an election at term 39 for -1: [f349c4dc-e0f5-43f3-b014-e61370cb1add:192.168.157.194:39280, 13e6f2a0-7b74-4c29-b613-54a9ac99ca5d:192.168.157.194:32860, 5459097b-5895-44f9-a57c-1b76b0f7af13:192.168.157.194:35032], old=null
2019-10-17 02:20:41,802 [grpc-default-executor-6] INFO  impl.RaftServerImpl (RaftServerImpl.java:setRole(184)) - f349c4dc-e0f5-43f3-b014-e61370cb1add@group-D7C8F5BEB75A: changes role from  FOLLOWER to FOLLOWER at term 39 for recognizeCandidate:13e6f2a0-7b74-4c29-b613-54a9ac99ca5d
2019-10-17 02:20:41,802 [grpc-default-executor-6] INFO  impl.RoleInfo (RoleInfo.java:shutdownFollowerState(121)) - f349c4dc-e0f5-43f3-b014-e61370cb1add: shutdown FollowerState
2019-10-17 02:20:41,802 [grpc-default-executor-4] INFO  impl.RaftServerImpl (RaftServerImpl.java:setRole(184)) - 5459097b-5895-44f9-a57c-1b76b0f7af13@group-D7C8F5BEB75A: changes role from  FOLLOWER to FOLLOWER at term 39 for recognizeCandidate:13e6f2a0-7b74-4c29-b613-54a9ac99ca5d
2019-10-17 02:20:41,802 [Thread-697] INFO  impl.FollowerState (FollowerState.java:run(117)) - f349c4dc-e0f5-43f3-b014-e61370cb1add@group-D7C8F5BEB75A-FollowerState was interrupted: java.lang.InterruptedException: sleep interrupted
2019-10-17 02:20:41,802 [grpc-default-executor-6] INFO  impl.RoleInfo (RoleInfo.java:updateAndGet(143)) - f349c4dc-e0f5-43f3-b014-e61370cb1add: start FollowerState
2019-10-17 02:20:41,802 [grpc-default-executor-4] INFO  impl.RoleInfo (RoleInfo.java:shutdownFollowerState(121)) - 5459097b-5895-44f9-a57c-1b76b0f7af13: shutdown FollowerState
2019-10-17 02:20:41,803 [grpc-default-executor-4] INFO  impl.RoleInfo (RoleInfo.java:updateAndGet(143)) - 5459097b-5895-44f9-a57c-1b76b0f7af13: start FollowerState
2019-10-17 02:20:41,803 [Thread-698] INFO  impl.FollowerState (FollowerState.java:run(117)) - 5459097b-5895-44f9-a57c-1b76b0f7af13@group-D7C8F5BEB75A-FollowerState was interrupted: java.lang.InterruptedException: sleep interrupted
2019-10-17 02:20:41,818 [13e6f2a0-7b74-4c29-b613-54a9ac99ca5d@group-D7C8F5BEB75A-LeaderElection51] INFO  impl.LeaderElection (LeaderElection.java:logAndReturn(56)) - 13e6f2a0-7b74-4c29-b613-54a9ac99ca5d@group-D7C8F5BEB75A-LeaderElection51: Election REJECTED; received 2 response(s) [13e6f2a0-7b74-4c29-b613-54a9ac99ca5d<-f349c4dc-e0f5-43f3-b014-e61370cb1add#0:FAIL-t39, 13e6f2a0-7b74-4c29-b613-54a9ac99ca5d<-5459097b-5895-44f9-a57c-1b76b0f7af13#0:FAIL-t39] and 0 exception(s); 13e6f2a0-7b74-4c29-b613-54a9ac99ca5d@group-D7C8F5BEB75A:t39, leader=null, voted=13e6f2a0-7b74-4c29-b613-54a9ac99ca5d, raftlog=13e6f2a0-7b74-4c29-b613-54a9ac99ca5d@group-D7C8F5BEB75A-SegmentedRaftLog:OPENED:c-1,f-1,i0, conf=-1: [f349c4dc-e0f5-43f3-b014-e61370cb1add:192.168.157.194:39280, 13e6f2a0-7b74-4c29-b613-54a9ac99ca5d:192.168.157.194:32860, 5459097b-5895-44f9-a57c-1b76b0f7af13:192.168.157.194:35032], old=null
2019-10-17 02:20:41,818 [13e6f2a0-7b74-4c29-b613-54a9ac99ca5d@group-D7C8F5BEB75A-LeaderElection51] INFO  impl.RaftServerImpl (RaftServerImpl.java:setRole(184)) - 13e6f2a0-7b74-4c29-b613-54a9ac99ca5d@group-D7C8F5BEB75A: changes role from CANDIDATE to FOLLOWER at term 39 for DISCOVERED_A_NEW_TERM
2019-10-17 02:20:41,819 [13e6f2a0-7b74-4c29-b613-54a9ac99ca5d@group-D7C8F5BEB75A-LeaderElection51] INFO  impl.RoleInfo (RoleInfo.java:shutdownLeaderElection(134)) - 13e6f2a0-7b74-4c29-b613-54a9ac99ca5d: shutdown LeaderElection
2019-10-17 02:20:41,819 [13e6f2a0-7b74-4c29-b613-54a9ac99ca5d@group-D7C8F5BEB75A-LeaderElection51] INFO  impl.RoleInfo (RoleInfo.java:updateAndGet(143)) - 13e6f2a0-7b74-4c29-b613-54a9ac99ca5d: start FollowerState
2019-10-17 02:20:41,919 [Thread-703] INFO  impl.FollowerState (FollowerState.java:run(108)) - 13e6f2a0-7b74-4c29-b613-54a9ac99ca5d@group-D7C8F5BEB75A-FollowerState: change to CANDIDATE, lastRpcTime:100ms, electionTimeout:100ms
2019-10-17 02:20:41,919 [Thread-703] INFO  impl.RoleInfo (RoleInfo.java:shutdownFollowerState(121)) - 13e6f2a0-7b74-4c29-b613-54a9ac99ca5d: shutdown FollowerState
2019-10-17 02:20:41,919 [Thread-703] INFO  impl.RaftServerImpl (RaftServerImpl.java:setRole(184)) - 13e6f2a0-7b74-4c29-b613-54a9ac99ca5d@group-D7C8F5BEB75A: changes role from  FOLLOWER to CANDIDATE at term 39 for changeToCandidate
2019-10-17 02:20:41,919 [Thread-703] INFO  impl.RoleInfo (RoleInfo.java:updateAndGet(143)) - 13e6f2a0-7b74-4c29-b613-54a9ac99ca5d: start LeaderElection
2019-10-17 02:20:41,933 [13e6f2a0-7b74-4c29-b613-54a9ac99ca5d@group-D7C8F5BEB75A-LeaderElection52] INFO  impl.LeaderElection (LeaderElection.java:askForVotes(178)) - 13e6f2a0-7b74-4c29-b613-54a9ac99ca5d@group-D7C8F5BEB75A-LeaderElection52: begin an election at term 40 for -1: [f349c4dc-e0f5-43f3-b014-e61370cb1add:192.168.157.194:39280, 13e6f2a0-7b74-4c29-b613-54a9ac99ca5d:192.168.157.194:32860, 5459097b-5895-44f9-a57c-1b76b0f7af13:192.168.157.194:35032], old=null
2019-10-17 02:20:41,935 [grpc-default-executor-6] INFO  impl.RaftServerImpl (RaftServerImpl.java:setRole(184)) - f349c4dc-e0f5-43f3-b014-e61370cb1add@group-D7C8F5BEB75A: changes role from  FOLLOWER to FOLLOWER at term 40 for recognizeCandidate:13e6f2a0-7b74-4c29-b613-54a9ac99ca5d
2019-10-17 02:20:41,935 [grpc-default-executor-6] INFO  impl.RoleInfo (RoleInfo.java:shutdownFollowerState(121)) - f349c4dc-e0f5-43f3-b014-e61370cb1add: shutdown FollowerState
2019-10-17 02:20:41,936 [Thread-701] INFO  impl.FollowerState (FollowerState.java:run(117)) - f349c4dc-e0f5-43f3-b014-e61370cb1add@group-D7C8F5BEB75A-FollowerState was interrupted: java.lang.InterruptedException: sleep interrupted
2019-10-17 02:20:41,936 [grpc-default-executor-6] INFO  impl.RoleInfo (RoleInfo.java:updateAndGet(143)) - f349c4dc-e0f5-43f3-b014-e61370cb1add: start FollowerState
2019-10-17 02:20:41,936 [grpc-default-executor-4] INFO  impl.RaftServerImpl (RaftServerImpl.java:setRole(184)) - 5459097b-5895-44f9-a57c-1b76b0f7af13@group-D7C8F5BEB75A: changes role from  FOLLOWER to FOLLOWER at term 40 for recognizeCandidate:13e6f2a0-7b74-4c29-b613-54a9ac99ca5d
2019-10-17 02:20:41,936 [grpc-default-executor-4] INFO  impl.RoleInfo (RoleInfo.java:shutdownFollowerState(121)) - 5459097b-5895-44f9-a57c-1b76b0f7af13: shutdown FollowerState
2019-10-17 02:20:41,937 [Thread-702] INFO  impl.FollowerState (FollowerState.java:run(117)) - 5459097b-5895-44f9-a57c-1b76b0f7af13@group-D7C8F5BEB75A-FollowerState was interrupted: java.lang.InterruptedException: sleep interrupted
2019-10-17 02:20:41,937 [grpc-default-executor-4] INFO  impl.RoleInfo (RoleInfo.java:updateAndGet(143)) - 5459097b-5895-44f9-a57c-1b76b0f7af13: start FollowerState
2019-10-17 02:20:41,956 [13e6f2a0-7b74-4c29-b613-54a9ac99ca5d@group-D7C8F5BEB75A-LeaderElection52] INFO  impl.LeaderElection (LeaderElection.java:logAndReturn(56)) - 13e6f2a0-7b74-4c29-b613-54a9ac99ca5d@group-D7C8F5BEB75A-LeaderElection52: Election REJECTED; received 2 response(s) [13e6f2a0-7b74-4c29-b613-54a9ac99ca5d<-f349c4dc-e0f5-43f3-b014-e61370cb1add#0:FAIL-t40, 13e6f2a0-7b74-4c29-b613-54a9ac99ca5d<-5459097b-5895-44f9-a57c-1b76b0f7af13#0:FAIL-t40] and 0 exception(s); 13e6f2a0-7b74-4c29-b613-54a9ac99ca5d@group-D7C8F5BEB75A:t40, leader=null, voted=13e6f2a0-7b74-4c29-b613-54a9ac99ca5d, raftlog=13e6f2a0-7b74-4c29-b613-54a9ac99ca5d@group-D7C8F5BEB75A-SegmentedRaftLog:OPENED:c-1,f-1,i0, conf=-1: [f349c4dc-e0f5-43f3-b014-e61370cb1add:192.168.157.194:39280, 13e6f2a0-7b74-4c29-b613-54a9ac99ca5d:192.168.157.194:32860, 5459097b-5895-44f9-a57c-1b76b0f7af13:192.168.157.194:35032], old=null
2019-10-17 02:20:41,956 [13e6f2a0-7b74-4c29-b613-54a9ac99ca5d@group-D7C8F5BEB75A-LeaderElection52] INFO  impl.RaftServerImpl (RaftServerImpl.java:setRole(184)) - 13e6f2a0-7b74-4c29-b613-54a9ac99ca5d@group-D7C8F5BEB75A: changes role from CANDIDATE to FOLLOWER at term 40 for DISCOVERED_A_NEW_TERM
2019-10-17 02:20:41,956 [13e6f2a0-7b74-4c29-b613-54a9ac99ca5d@group-D7C8F5BEB75A-LeaderElection52] INFO  impl.RoleInfo (RoleInfo.java:shutdownLeaderElection(134)) - 13e6f2a0-7b74-4c29-b613-54a9ac99ca5d: shutdown LeaderElection
2019-10-17 02:20:41,956 [13e6f2a0-7b74-4c29-b613-54a9ac99ca5d@group-D7C8F5BEB75A-LeaderElection52] INFO  impl.RoleInfo (RoleInfo.java:updateAndGet(143)) - 13e6f2a0-7b74-4c29-b613-54a9ac99ca5d: start FollowerState
2019-10-17 02:20:41,988 [Thread-709] INFO  impl.FollowerState (FollowerState.java:run(108)) - 13e6f2a0-7b74-4c29-b613-54a9ac99ca5d@group-D7C8F5BEB75A-FollowerState: change to CANDIDATE, lastRpcTime:32ms, electionTimeout:32ms
2019-10-17 02:20:41,988 [Thread-709] INFO  impl.RoleInfo (RoleInfo.java:shutdownFollowerState(121)) - 13e6f2a0-7b74-4c29-b613-54a9ac99ca5d: shutdown FollowerState
2019-10-17 02:20:41,989 [Thread-709] INFO  impl.RaftServerImpl (RaftServerImpl.java:setRole(184)) - 13e6f2a0-7b74-4c29-b613-54a9ac99ca5d@group-D7C8F5BEB75A: changes role from  FOLLOWER to CANDIDATE at term 40 for changeToCandidate
2019-10-17 02:20:41,989 [Thread-709] INFO  impl.RoleInfo (RoleInfo.java:updateAndGet(143)) - 13e6f2a0-7b74-4c29-b613-54a9ac99ca5d: start LeaderElection
2019-10-17 02:20:42,002 [13e6f2a0-7b74-4c29-b613-54a9ac99ca5d@group-D7C8F5BEB75A-LeaderElection53] INFO  impl.LeaderElection (LeaderElection.java:askForVotes(178)) - 13e6f2a0-7b74-4c29-b613-54a9ac99ca5d@group-D7C8F5BEB75A-LeaderElection53: begin an election at term 41 for -1: [f349c4dc-e0f5-43f3-b014-e61370cb1add:192.168.157.194:39280, 13e6f2a0-7b74-4c29-b613-54a9ac99ca5d:192.168.157.194:32860, 5459097b-5895-44f9-a57c-1b76b0f7af13:192.168.157.194:35032], old=null
2019-10-17 02:20:42,004 [grpc-default-executor-4] INFO  impl.RaftServerImpl (RaftServerImpl.java:setRole(184)) - f349c4dc-e0f5-43f3-b014-e61370cb1add@group-D7C8F5BEB75A: changes role from  FOLLOWER to FOLLOWER at term 41 for recognizeCandidate:13e6f2a0-7b74-4c29-b613-54a9ac99ca5d
2019-10-17 02:20:42,004 [grpc-default-executor-4] INFO  impl.RoleInfo (RoleInfo.java:shutdownFollowerState(121)) - f349c4dc-e0f5-43f3-b014-e61370cb1add: shutdown FollowerState
2019-10-17 02:20:42,004 [grpc-default-executor-6] INFO  impl.RaftServerImpl (RaftServerImpl.java:setRole(184)) - 5459097b-5895-44f9-a57c-1b76b0f7af13@group-D7C8F5BEB75A: changes role from  FOLLOWER to FOLLOWER at term 41 for recognizeCandidate:13e6f2a0-7b74-4c29-b613-54a9ac99ca5d
2019-10-17 02:20:42,004 [grpc-default-executor-4] INFO  impl.RoleInfo (RoleInfo.java:updateAndGet(143)) - f349c4dc-e0f5-43f3-b014-e61370cb1add: start FollowerState
2019-10-17 02:20:42,004 [Thread-707] INFO  impl.FollowerState (FollowerState.java:run(117)) - f349c4dc-e0f5-43f3-b014-e61370cb1add@group-D7C8F5BEB75A-FollowerState was interrupted: java.lang.InterruptedException: sleep interrupted
2019-10-17 02:20:42,004 [grpc-default-executor-6] INFO  impl.RoleInfo (RoleInfo.java:shutdownFollowerState(121)) - 5459097b-5895-44f9-a57c-1b76b0f7af13: shutdown FollowerState
2019-10-17 02:20:42,005 [Thread-708] INFO  impl.FollowerState (FollowerState.java:run(117)) - 5459097b-5895-44f9-a57c-1b76b0f7af13@group-D7C8F5BEB75A-FollowerState was interrupted: java.lang.InterruptedException: sleep interrupted
2019-10-17 02:20:42,005 [grpc-default-executor-6] INFO  impl.RoleInfo (RoleInfo.java:updateAndGet(143)) - 5459097b-5895-44f9-a57c-1b76b0f7af13: start FollowerState
2019-10-17 02:20:42,020 [13e6f2a0-7b74-4c29-b613-54a9ac99ca5d@group-D7C8F5BEB75A-LeaderElection53] INFO  impl.LeaderElection (LeaderElection.java:logAndReturn(56)) - 13e6f2a0-7b74-4c29-b613-54a9ac99ca5d@group-D7C8F5BEB75A-LeaderElection53: Election REJECTED; received 2 response(s) [13e6f2a0-7b74-4c29-b613-54a9ac99ca5d<-f349c4dc-e0f5-43f3-b014-e61370cb1add#0:FAIL-t41, 13e6f2a0-7b74-4c29-b613-54a9ac99ca5d<-5459097b-5895-44f9-a57c-1b76b0f7af13#0:FAIL-t41] and 0 exception(s); 13e6f2a0-7b74-4c29-b613-54a9ac99ca5d@group-D7C8F5BEB75A:t41, leader=null, voted=13e6f2a0-7b74-4c29-b613-54a9ac99ca5d, raftlog=13e6f2a0-7b74-4c29-b613-54a9ac99ca5d@group-D7C8F5BEB75A-SegmentedRaftLog:OPENED:c-1,f-1,i0, conf=-1: [f349c4dc-e0f5-43f3-b014-e61370cb1add:192.168.157.194:39280, 13e6f2a0-7b74-4c29-b613-54a9ac99ca5d:192.168.157.194:32860, 5459097b-5895-44f9-a57c-1b76b0f7af13:192.168.157.194:35032], old=null
2019-10-17 02:20:42,020 [13e6f2a0-7b74-4c29-b613-54a9ac99ca5d@group-D7C8F5BEB75A-LeaderElection53] INFO  impl.RaftServerImpl (RaftServerImpl.java:setRole(184)) - 13e6f2a0-7b74-4c29-b613-54a9ac99ca5d@group-D7C8F5BEB75A: changes role from CANDIDATE to FOLLOWER at term 41 for DISCOVERED_A_NEW_TERM
2019-10-17 02:20:42,020 [13e6f2a0-7b74-4c29-b613-54a9ac99ca5d@group-D7C8F5BEB75A-LeaderElection53] INFO  impl.RoleInfo (RoleInfo.java:shutdownLeaderElection(134)) - 13e6f2a0-7b74-4c29-b613-54a9ac99ca5d: shutdown LeaderElection
2019-10-17 02:20:42,020 [13e6f2a0-7b74-4c29-b613-54a9ac99ca5d@group-D7C8F5BEB75A-LeaderElection53] INFO  impl.RoleInfo (RoleInfo.java:updateAndGet(143)) - 13e6f2a0-7b74-4c29-b613-54a9ac99ca5d: start FollowerState
2019-10-17 02:20:42,149 [Thread-715] INFO  impl.FollowerState (FollowerState.java:run(108)) - 13e6f2a0-7b74-4c29-b613-54a9ac99ca5d@group-D7C8F5BEB75A-FollowerState: change to CANDIDATE, lastRpcTime:128ms, electionTimeout:128ms
2019-10-17 02:20:42,149 [Thread-715] INFO  impl.RoleInfo (RoleInfo.java:shutdownFollowerState(121)) - 13e6f2a0-7b74-4c29-b613-54a9ac99ca5d: shutdown FollowerState
2019-10-17 02:20:42,149 [Thread-715] INFO  impl.RaftServerImpl (RaftServerImpl.java:setRole(184)) - 13e6f2a0-7b74-4c29-b613-54a9ac99ca5d@group-D7C8F5BEB75A: changes role from  FOLLOWER to CANDIDATE at term 41 for changeToCandidate
2019-10-17 02:20:42,149 [Thread-715] INFO  impl.RoleInfo (RoleInfo.java:updateAndGet(143)) - 13e6f2a0-7b74-4c29-b613-54a9ac99ca5d: start LeaderElection
2019-10-17 02:20:42,162 [13e6f2a0-7b74-4c29-b613-54a9ac99ca5d@group-D7C8F5BEB75A-LeaderElection54] INFO  impl.LeaderElection (LeaderElection.java:askForVotes(178)) - 13e6f2a0-7b74-4c29-b613-54a9ac99ca5d@group-D7C8F5BEB75A-LeaderElection54: begin an election at term 42 for -1: [f349c4dc-e0f5-43f3-b014-e61370cb1add:192.168.157.194:39280, 13e6f2a0-7b74-4c29-b613-54a9ac99ca5d:192.168.157.194:32860, 5459097b-5895-44f9-a57c-1b76b0f7af13:192.168.157.194:35032], old=null
2019-10-17 02:20:42,164 [grpc-default-executor-6] INFO  impl.RaftServerImpl (RaftServerImpl.java:setRole(184)) - f349c4dc-e0f5-43f3-b014-e61370cb1add@group-D7C8F5BEB75A: changes role from  FOLLOWER to FOLLOWER at term 42 for recognizeCandidate:13e6f2a0-7b74-4c29-b613-54a9ac99ca5d
2019-10-17 02:20:42,164 [grpc-default-executor-6] INFO  impl.RoleInfo (RoleInfo.java:shutdownFollowerState(121)) - f349c4dc-e0f5-43f3-b014-e61370cb1add: shutdown FollowerState
2019-10-17 02:20:42,165 [Thread-713] INFO  impl.FollowerState (FollowerState.java:run(117)) - f349c4dc-e0f5-43f3-b014-e61370cb1add@group-D7C8F5BEB75A-FollowerState was interrupted: java.lang.InterruptedException: sleep interrupted
2019-10-17 02:20:42,165 [grpc-default-executor-6] INFO  impl.RoleInfo (RoleInfo.java:updateAndGet(143)) - f349c4dc-e0f5-43f3-b014-e61370cb1add: start FollowerState
2019-10-17 02:20:42,165 [grpc-default-executor-4] INFO  impl.RaftServerImpl (RaftServerImpl.java:setRole(184)) - 5459097b-5895-44f9-a57c-1b76b0f7af13@group-D7C8F5BEB75A: changes role from  FOLLOWER to FOLLOWER at term 42 for recognizeCandidate:13e6f2a0-7b74-4c29-b613-54a9ac99ca5d
2019-10-17 02:20:42,165 [grpc-default-executor-4] INFO  impl.RoleInfo (RoleInfo.java:shutdownFollowerState(121)) - 5459097b-5895-44f9-a57c-1b76b0f7af13: shutdown FollowerState
2019-10-17 02:20:42,165 [Thread-714] INFO  impl.FollowerState (FollowerState.java:run(117)) - 5459097b-5895-44f9-a57c-1b76b0f7af13@group-D7C8F5BEB75A-FollowerState was interrupted: java.lang.InterruptedException: sleep interrupted
2019-10-17 02:20:42,165 [grpc-default-executor-4] INFO  impl.RoleInfo (RoleInfo.java:updateAndGet(143)) - 5459097b-5895-44f9-a57c-1b76b0f7af13: start FollowerState
2019-10-17 02:20:42,180 [13e6f2a0-7b74-4c29-b613-54a9ac99ca5d@group-D7C8F5BEB75A-LeaderElection54] INFO  impl.LeaderElection (LeaderElection.java:logAndReturn(56)) - 13e6f2a0-7b74-4c29-b613-54a9ac99ca5d@group-D7C8F5BEB75A-LeaderElection54: Election REJECTED; received 2 response(s) [13e6f2a0-7b74-4c29-b613-54a9ac99ca5d<-f349c4dc-e0f5-43f3-b014-e61370cb1add#0:FAIL-t42, 13e6f2a0-7b74-4c29-b613-54a9ac99ca5d<-5459097b-5895-44f9-a57c-1b76b0f7af13#0:FAIL-t42] and 0 exception(s); 13e6f2a0-7b74-4c29-b613-54a9ac99ca5d@group-D7C8F5BEB75A:t42, leader=null, voted=13e6f2a0-7b74-4c29-b613-54a9ac99ca5d, raftlog=13e6f2a0-7b74-4c29-b613-54a9ac99ca5d@group-D7C8F5BEB75A-SegmentedRaftLog:OPENED:c-1,f-1,i0, conf=-1: [f349c4dc-e0f5-43f3-b014-e61370cb1add:192.168.157.194:39280, 13e6f2a0-7b74-4c29-b613-54a9ac99ca5d:192.168.157.194:32860, 5459097b-5895-44f9-a57c-1b76b0f7af13:192.168.157.194:35032], old=null
2019-10-17 02:20:42,180 [13e6f2a0-7b74-4c29-b613-54a9ac99ca5d@group-D7C8F5BEB75A-LeaderElection54] INFO  impl.RaftServerImpl (RaftServerImpl.java:setRole(184)) - 13e6f2a0-7b74-4c29-b613-54a9ac99ca5d@group-D7C8F5BEB75A: changes role from CANDIDATE to FOLLOWER at term 42 for DISCOVERED_A_NEW_TERM
2019-10-17 02:20:42,181 [13e6f2a0-7b74-4c29-b613-54a9ac99ca5d@group-D7C8F5BEB75A-LeaderElection54] INFO  impl.RoleInfo (RoleInfo.java:shutdownLeaderElection(134)) - 13e6f2a0-7b74-4c29-b613-54a9ac99ca5d: shutdown LeaderElection
2019-10-17 02:20:42,181 [13e6f2a0-7b74-4c29-b613-54a9ac99ca5d@group-D7C8F5BEB75A-LeaderElection54] INFO  impl.RoleInfo (RoleInfo.java:updateAndGet(143)) - 13e6f2a0-7b74-4c29-b613-54a9ac99ca5d: start FollowerState
2019-10-17 02:20:42,259 [Thread-721] INFO  impl.FollowerState (FollowerState.java:run(108)) - 13e6f2a0-7b74-4c29-b613-54a9ac99ca5d@group-D7C8F5BEB75A-FollowerState: change to CANDIDATE, lastRpcTime:78ms, electionTimeout:78ms
2019-10-17 02:20:42,259 [Thread-721] INFO  impl.RoleInfo (RoleInfo.java:shutdownFollowerState(121)) - 13e6f2a0-7b74-4c29-b613-54a9ac99ca5d: shutdown FollowerState
2019-10-17 02:20:42,259 [Thread-721] INFO  impl.RaftServerImpl (RaftServerImpl.java:setRole(184)) - 13e6f2a0-7b74-4c29-b613-54a9ac99ca5d@group-D7C8F5BEB75A: changes role from  FOLLOWER to CANDIDATE at term 42 for changeToCandidate
2019-10-17 02:20:42,259 [Thread-721] INFO  impl.RoleInfo (RoleInfo.java:updateAndGet(143)) - 13e6f2a0-7b74-4c29-b613-54a9ac99ca5d: start LeaderElection
2019-10-17 02:20:42,273 [13e6f2a0-7b74-4c29-b613-54a9ac99ca5d@group-D7C8F5BEB75A-LeaderElection55] INFO  impl.LeaderElection (LeaderElection.java:askForVotes(178)) - 13e6f2a0-7b74-4c29-b613-54a9ac99ca5d@group-D7C8F5BEB75A-LeaderElection55: begin an election at term 43 for -1: [f349c4dc-e0f5-43f3-b014-e61370cb1add:192.168.157.194:39280, 13e6f2a0-7b74-4c29-b613-54a9ac99ca5d:192.168.157.194:32860, 5459097b-5895-44f9-a57c-1b76b0f7af13:192.168.157.194:35032], old=null
2019-10-17 02:20:42,276 [grpc-default-executor-4] INFO  impl.RaftServerImpl (RaftServerImpl.java:setRole(184)) - f349c4dc-e0f5-43f3-b014-e61370cb1add@group-D7C8F5BEB75A: changes role from  FOLLOWER to FOLLOWER at term 43 for recognizeCandidate:13e6f2a0-7b74-4c29-b613-54a9ac99ca5d
2019-10-17 02:20:42,276 [grpc-default-executor-4] INFO  impl.RoleInfo (RoleInfo.java:shutdownFollowerState(121)) - f349c4dc-e0f5-43f3-b014-e61370cb1add: shutdown FollowerState
2019-10-17 02:20:42,276 [Thread-719] INFO  impl.FollowerState (FollowerState.java:run(117)) - f349c4dc-e0f5-43f3-b014-e61370cb1add@group-D7C8F5BEB75A-FollowerState was interrupted: java.lang.InterruptedException: sleep interrupted
2019-10-17 02:20:42,276 [grpc-default-executor-4] INFO  impl.RoleInfo (RoleInfo.java:updateAndGet(143)) - f349c4dc-e0f5-43f3-b014-e61370cb1add: start FollowerState
2019-10-17 02:20:42,277 [grpc-default-executor-6] INFO  impl.RaftServerImpl (RaftServerImpl.java:setRole(184)) - 5459097b-5895-44f9-a57c-1b76b0f7af13@group-D7C8F5BEB75A: changes role from  FOLLOWER to FOLLOWER at term 43 for recognizeCandidate:13e6f2a0-7b74-4c29-b613-54a9ac99ca5d
2019-10-17 02:20:42,277 [grpc-default-executor-6] INFO  impl.RoleInfo (RoleInfo.java:shutdownFollowerState(121)) - 5459097b-5895-44f9-a57c-1b76b0f7af13: shutdown FollowerState
2019-10-17 02:20:42,277 [Thread-720] INFO  impl.FollowerState (FollowerState.java:run(117)) - 5459097b-5895-44f9-a57c-1b76b0f7af13@group-D7C8F5BEB75A-FollowerState was interrupted: java.lang.InterruptedException: sleep interrupted
2019-10-17 02:20:42,277 [grpc-default-executor-6] INFO  impl.RoleInfo (RoleInfo.java:updateAndGet(143)) - 5459097b-5895-44f9-a57c-1b76b0f7af13: start FollowerState
2019-10-17 02:20:42,293 [13e6f2a0-7b74-4c29-b613-54a9ac99ca5d@group-D7C8F5BEB75A-LeaderElection55] INFO  impl.LeaderElection (LeaderElection.java:logAndReturn(56)) - 13e6f2a0-7b74-4c29-b613-54a9ac99ca5d@group-D7C8F5BEB75A-LeaderElection55: Election REJECTED; received 2 response(s) [13e6f2a0-7b74-4c29-b613-54a9ac99ca5d<-f349c4dc-e0f5-43f3-b014-e61370cb1add#0:FAIL-t43, 13e6f2a0-7b74-4c29-b613-54a9ac99ca5d<-5459097b-5895-44f9-a57c-1b76b0f7af13#0:FAIL-t43] and 0 exception(s); 13e6f2a0-7b74-4c29-b613-54a9ac99ca5d@group-D7C8F5BEB75A:t43, leader=null, voted=13e6f2a0-7b74-4c29-b613-54a9ac99ca5d, raftlog=13e6f2a0-7b74-4c29-b613-54a9ac99ca5d@group-D7C8F5BEB75A-SegmentedRaftLog:OPENED:c-1,f-1,i0, conf=-1: [f349c4dc-e0f5-43f3-b014-e61370cb1add:192.168.157.194:39280, 13e6f2a0-7b74-4c29-b613-54a9ac99ca5d:192.168.157.194:32860, 5459097b-5895-44f9-a57c-1b76b0f7af13:192.168.157.194:35032], old=null
2019-10-17 02:20:42,293 [13e6f2a0-7b74-4c29-b613-54a9ac99ca5d@group-D7C8F5BEB75A-LeaderElection55] INFO  impl.RaftServerImpl (RaftServerImpl.java:setRole(184)) - 13e6f2a0-7b74-4c29-b613-54a9ac99ca5d@group-D7C8F5BEB75A: changes role from CANDIDATE to FOLLOWER at term 43 for DISCOVERED_A_NEW_TERM
2019-10-17 02:20:42,293 [13e6f2a0-7b74-4c29-b613-54a9ac99ca5d@group-D7C8F5BEB75A-LeaderElection55] INFO  impl.RoleInfo (RoleInfo.java:shutdownLeaderElection(134)) - 13e6f2a0-7b74-4c29-b613-54a9ac99ca5d: shutdown LeaderElection
2019-10-17 02:20:42,294 [13e6f2a0-7b74-4c29-b613-54a9ac99ca5d@group-D7C8F5BEB75A-LeaderElection55] INFO  impl.RoleInfo (RoleInfo.java:updateAndGet(143)) - 13e6f2a0-7b74-4c29-b613-54a9ac99ca5d: start FollowerState
2019-10-17 02:20:42,338 [Thread-727] INFO  impl.FollowerState (FollowerState.java:run(108)) - 13e6f2a0-7b74-4c29-b613-54a9ac99ca5d@group-D7C8F5BEB75A-FollowerState: change to CANDIDATE, lastRpcTime:44ms, electionTimeout:44ms
2019-10-17 02:20:42,338 [Thread-727] INFO  impl.RoleInfo (RoleInfo.java:shutdownFollowerState(121)) - 13e6f2a0-7b74-4c29-b613-54a9ac99ca5d: shutdown FollowerState
2019-10-17 02:20:42,338 [Thread-727] INFO  impl.RaftServerImpl (RaftServerImpl.java:setRole(184)) - 13e6f2a0-7b74-4c29-b613-54a9ac99ca5d@group-D7C8F5BEB75A: changes role from  FOLLOWER to CANDIDATE at term 43 for changeToCandidate
2019-10-17 02:20:42,338 [Thread-727] INFO  impl.RoleInfo (RoleInfo.java:updateAndGet(143)) - 13e6f2a0-7b74-4c29-b613-54a9ac99ca5d: start LeaderElection
2019-10-17 02:20:42,353 [13e6f2a0-7b74-4c29-b613-54a9ac99ca5d@group-D7C8F5BEB75A-LeaderElection56] INFO  impl.LeaderElection (LeaderElection.java:askForVotes(178)) - 13e6f2a0-7b74-4c29-b613-54a9ac99ca5d@group-D7C8F5BEB75A-LeaderElection56: begin an election at term 44 for -1: [f349c4dc-e0f5-43f3-b014-e61370cb1add:192.168.157.194:39280, 13e6f2a0-7b74-4c29-b613-54a9ac99ca5d:192.168.157.194:32860, 5459097b-5895-44f9-a57c-1b76b0f7af13:192.168.157.194:35032], old=null
2019-10-17 02:20:42,355 [grpc-default-executor-4] INFO  impl.RaftServerImpl (RaftServerImpl.java:setRole(184)) - 5459097b-5895-44f9-a57c-1b76b0f7af13@group-D7C8F5BEB75A: changes role from  FOLLOWER to FOLLOWER at term 44 for recognizeCandidate:13e6f2a0-7b74-4c29-b613-54a9ac99ca5d
2019-10-17 02:20:42,355 [grpc-default-executor-4] INFO  impl.RoleInfo (RoleInfo.java:shutdownFollowerState(121)) - 5459097b-5895-44f9-a57c-1b76b0f7af13: shutdown FollowerState
2019-10-17 02:20:42,355 [grpc-default-executor-4] INFO  impl.RoleInfo (RoleInfo.java:updateAndGet(143)) - 5459097b-5895-44f9-a57c-1b76b0f7af13: start FollowerState
2019-10-17 02:20:42,356 [Thread-726] INFO  impl.FollowerState (FollowerState.java:run(117)) - 5459097b-5895-44f9-a57c-1b76b0f7af13@group-D7C8F5BEB75A-FollowerState was interrupted: java.lang.InterruptedException: sleep interrupted
2019-10-17 02:20:42,355 [grpc-default-executor-6] INFO  impl.RaftServerImpl (RaftServerImpl.java:setRole(184)) - f349c4dc-e0f5-43f3-b014-e61370cb1add@group-D7C8F5BEB75A: changes role from  FOLLOWER to FOLLOWER at term 44 for recognizeCandidate:13e6f2a0-7b74-4c29-b613-54a9ac99ca5d
2019-10-17 02:20:42,356 [grpc-default-executor-6] INFO  impl.RoleInfo (RoleInfo.java:shutdownFollowerState(121)) - f349c4dc-e0f5-43f3-b014-e61370cb1add: shutdown FollowerState
2019-10-17 02:20:42,356 [Thread-725] INFO  impl.FollowerState (FollowerState.java:run(117)) - f349c4dc-e0f5-43f3-b014-e61370cb1add@group-D7C8F5BEB75A-FollowerState was interrupted: java.lang.InterruptedException: sleep interrupted
2019-10-17 02:20:42,356 [grpc-default-executor-6] INFO  impl.RoleInfo (RoleInfo.java:updateAndGet(143)) - f349c4dc-e0f5-43f3-b014-e61370cb1add: start FollowerState
2019-10-17 02:20:42,370 [13e6f2a0-7b74-4c29-b613-54a9ac99ca5d@group-D7C8F5BEB75A-LeaderElection56] INFO  impl.LeaderElection (LeaderElection.java:logAndReturn(56)) - 13e6f2a0-7b74-4c29-b613-54a9ac99ca5d@group-D7C8F5BEB75A-LeaderElection56: Election REJECTED; received 2 response(s) [13e6f2a0-7b74-4c29-b613-54a9ac99ca5d<-f349c4dc-e0f5-43f3-b014-e61370cb1add#0:FAIL-t44, 13e6f2a0-7b74-4c29-b613-54a9ac99ca5d<-5459097b-5895-44f9-a57c-1b76b0f7af13#0:FAIL-t44] and 0 exception(s); 13e6f2a0-7b74-4c29-b613-54a9ac99ca5d@group-D7C8F5BEB75A:t44, leader=null, voted=13e6f2a0-7b74-4c29-b613-54a9ac99ca5d, raftlog=13e6f2a0-7b74-4c29-b613-54a9ac99ca5d@group-D7C8F5BEB75A-SegmentedRaftLog:OPENED:c-1,f-1,i0, conf=-1: [f349c4dc-e0f5-43f3-b014-e61370cb1add:192.168.157.194:39280, 13e6f2a0-7b74-4c29-b613-54a9ac99ca5d:192.168.157.194:32860, 5459097b-5895-44f9-a57c-1b76b0f7af13:192.168.157.194:35032], old=null
2019-10-17 02:20:42,370 [13e6f2a0-7b74-4c29-b613-54a9ac99ca5d@group-D7C8F5BEB75A-LeaderElection56] INFO  impl.RaftServerImpl (RaftServerImpl.java:setRole(184)) - 13e6f2a0-7b74-4c29-b613-54a9ac99ca5d@group-D7C8F5BEB75A: changes role from CANDIDATE to FOLLOWER at term 44 for DISCOVERED_A_NEW_TERM
2019-10-17 02:20:42,370 [13e6f2a0-7b74-4c29-b613-54a9ac99ca5d@group-D7C8F5BEB75A-LeaderElection56] INFO  impl.RoleInfo (RoleInfo.java:shutdownLeaderElection(134)) - 13e6f2a0-7b74-4c29-b613-54a9ac99ca5d: shutdown LeaderElection
2019-10-17 02:20:42,371 [13e6f2a0-7b74-4c29-b613-54a9ac99ca5d@group-D7C8F5BEB75A-LeaderElection56] INFO  impl.RoleInfo (RoleInfo.java:updateAndGet(143)) - 13e6f2a0-7b74-4c29-b613-54a9ac99ca5d: start FollowerState
2019-10-17 02:20:42,475 [Thread-733] INFO  impl.FollowerState (FollowerState.java:run(108)) - 13e6f2a0-7b74-4c29-b613-54a9ac99ca5d@group-D7C8F5BEB75A-FollowerState: change to CANDIDATE, lastRpcTime:104ms, electionTimeout:104ms
2019-10-17 02:20:42,475 [Thread-733] INFO  impl.RoleInfo (RoleInfo.java:shutdownFollowerState(121)) - 13e6f2a0-7b74-4c29-b613-54a9ac99ca5d: shutdown FollowerState
2019-10-17 02:20:42,475 [Thread-733] INFO  impl.RaftServerImpl (RaftServerImpl.java:setRole(184)) - 13e6f2a0-7b74-4c29-b613-54a9ac99ca5d@group-D7C8F5BEB75A: changes role from  FOLLOWER to CANDIDATE at term 44 for changeToCandidate
2019-10-17 02:20:42,475 [Thread-733] INFO  impl.RoleInfo (RoleInfo.java:updateAndGet(143)) - 13e6f2a0-7b74-4c29-b613-54a9ac99ca5d: start LeaderElection
2019-10-17 02:20:42,489 [13e6f2a0-7b74-4c29-b613-54a9ac99ca5d@group-D7C8F5BEB75A-LeaderElection57] INFO  impl.LeaderElection (LeaderElection.java:askForVotes(178)) - 13e6f2a0-7b74-4c29-b613-54a9ac99ca5d@group-D7C8F5BEB75A-LeaderElection57: begin an election at term 45 for -1: [f349c4dc-e0f5-43f3-b014-e61370cb1add:192.168.157.194:39280, 13e6f2a0-7b74-4c29-b613-54a9ac99ca5d:192.168.157.194:32860, 5459097b-5895-44f9-a57c-1b76b0f7af13:192.168.157.194:35032], old=null
2019-10-17 02:20:42,490 [grpc-default-executor-4] INFO  impl.RaftServerImpl (RaftServerImpl.java:setRole(184)) - f349c4dc-e0f5-43f3-b014-e61370cb1add@group-D7C8F5BEB75A: changes role from  FOLLOWER to FOLLOWER at term 45 for recognizeCandidate:13e6f2a0-7b74-4c29-b613-54a9ac99ca5d
2019-10-17 02:20:42,491 [grpc-default-executor-4] INFO  impl.RoleInfo (RoleInfo.java:shutdownFollowerState(121)) - f349c4dc-e0f5-43f3-b014-e61370cb1add: shutdown FollowerState
2019-10-17 02:20:42,491 [grpc-default-executor-4] INFO  impl.RoleInfo (RoleInfo.java:updateAndGet(143)) - f349c4dc-e0f5-43f3-b014-e61370cb1add: start FollowerState
2019-10-17 02:20:42,491 [Thread-732] INFO  impl.FollowerState (FollowerState.java:run(117)) - f349c4dc-e0f5-43f3-b014-e61370cb1add@group-D7C8F5BEB75A-FollowerState was interrupted: java.lang.InterruptedException: sleep interrupted
2019-10-17 02:20:42,491 [grpc-default-executor-6] INFO  impl.RaftServerImpl (RaftServerImpl.java:setRole(184)) - 5459097b-5895-44f9-a57c-1b76b0f7af13@group-D7C8F5BEB75A: changes role from  FOLLOWER to FOLLOWER at term 45 for recognizeCandidate:13e6f2a0-7b74-4c29-b613-54a9ac99ca5d
2019-10-17 02:20:42,491 [grpc-default-executor-6] INFO  impl.RoleInfo (RoleInfo.java:shutdownFollowerState(121)) - 5459097b-5895-44f9-a57c-1b76b0f7af13: shutdown FollowerState
2019-10-17 02:20:42,492 [Thread-731] INFO  impl.FollowerState (FollowerState.java:run(117)) - 5459097b-5895-44f9-a57c-1b76b0f7af13@group-D7C8F5BEB75A-FollowerState was interrupted: java.lang.InterruptedException: sleep interrupted
2019-10-17 02:20:42,492 [grpc-default-executor-6] INFO  impl.RoleInfo (RoleInfo.java:updateAndGet(143)) - 5459097b-5895-44f9-a57c-1b76b0f7af13: start FollowerState
2019-10-17 02:20:42,507 [13e6f2a0-7b74-4c29-b613-54a9ac99ca5d@group-D7C8F5BEB75A-LeaderElection57] INFO  impl.LeaderElection (LeaderElection.java:logAndReturn(56)) - 13e6f2a0-7b74-4c29-b613-54a9ac99ca5d@group-D7C8F5BEB75A-LeaderElection57: Election REJECTED; received 2 response(s) [13e6f2a0-7b74-4c29-b613-54a9ac99ca5d<-f349c4dc-e0f5-43f3-b014-e61370cb1add#0:FAIL-t45, 13e6f2a0-7b74-4c29-b613-54a9ac99ca5d<-5459097b-5895-44f9-a57c-1b76b0f7af13#0:FAIL-t45] and 0 exception(s); 13e6f2a0-7b74-4c29-b613-54a9ac99ca5d@group-D7C8F5BEB75A:t45, leader=null, voted=13e6f2a0-7b74-4c29-b613-54a9ac99ca5d, raftlog=13e6f2a0-7b74-4c29-b613-54a9ac99ca5d@group-D7C8F5BEB75A-SegmentedRaftLog:OPENED:c-1,f-1,i0, conf=-1: [f349c4dc-e0f5-43f3-b014-e61370cb1add:192.168.157.194:39280, 13e6f2a0-7b74-4c29-b613-54a9ac99ca5d:192.168.157.194:32860, 5459097b-5895-44f9-a57c-1b76b0f7af13:192.168.157.194:35032], old=null
2019-10-17 02:20:42,507 [13e6f2a0-7b74-4c29-b613-54a9ac99ca5d@group-D7C8F5BEB75A-LeaderElection57] INFO  impl.RaftServerImpl (RaftServerImpl.java:setRole(184)) - 13e6f2a0-7b74-4c29-b613-54a9ac99ca5d@group-D7C8F5BEB75A: changes role from CANDIDATE to FOLLOWER at term 45 for DISCOVERED_A_NEW_TERM
2019-10-17 02:20:42,507 [13e6f2a0-7b74-4c29-b613-54a9ac99ca5d@group-D7C8F5BEB75A-LeaderElection57] INFO  impl.RoleInfo (RoleInfo.java:shutdownLeaderElection(134)) - 13e6f2a0-7b74-4c29-b613-54a9ac99ca5d: shutdown LeaderElection
2019-10-17 02:20:42,507 [13e6f2a0-7b74-4c29-b613-54a9ac99ca5d@group-D7C8F5BEB75A-LeaderElection57] INFO  impl.RoleInfo (RoleInfo.java:updateAndGet(143)) - 13e6f2a0-7b74-4c29-b613-54a9ac99ca5d: start FollowerState
2019-10-17 02:20:42,559 [Thread-739] INFO  impl.FollowerState (FollowerState.java:run(108)) - 13e6f2a0-7b74-4c29-b613-54a9ac99ca5d@group-D7C8F5BEB75A-FollowerState: change to CANDIDATE, lastRpcTime:51ms, electionTimeout:51ms
2019-10-17 02:20:42,559 [Thread-739] INFO  impl.RoleInfo (RoleInfo.java:shutdownFollowerState(121)) - 13e6f2a0-7b74-4c29-b613-54a9ac99ca5d: shutdown FollowerState
2019-10-17 02:20:42,559 [Thread-739] INFO  impl.RaftServerImpl (RaftServerImpl.java:setRole(184)) - 13e6f2a0-7b74-4c29-b613-54a9ac99ca5d@group-D7C8F5BEB75A: changes role from  FOLLOWER to CANDIDATE at term 45 for changeToCandidate
2019-10-17 02:20:42,559 [Thread-739] INFO  impl.RoleInfo (RoleInfo.java:updateAndGet(143)) - 13e6f2a0-7b74-4c29-b613-54a9ac99ca5d: start LeaderElection
2019-10-17 02:20:42,572 [13e6f2a0-7b74-4c29-b613-54a9ac99ca5d@group-D7C8F5BEB75A-LeaderElection58] INFO  impl.LeaderElection (LeaderElection.java:askForVotes(178)) - 13e6f2a0-7b74-4c29-b613-54a9ac99ca5d@group-D7C8F5BEB75A-LeaderElection58: begin an election at term 46 for -1: [f349c4dc-e0f5-43f3-b014-e61370cb1add:192.168.157.194:39280, 13e6f2a0-7b74-4c29-b613-54a9ac99ca5d:192.168.157.194:32860, 5459097b-5895-44f9-a57c-1b76b0f7af13:192.168.157.194:35032], old=null
2019-10-17 02:20:42,575 [grpc-default-executor-4] INFO  impl.RaftServerImpl (RaftServerImpl.java:setRole(184)) - 5459097b-5895-44f9-a57c-1b76b0f7af13@group-D7C8F5BEB75A: changes role from  FOLLOWER to FOLLOWER at term 46 for recognizeCandidate:13e6f2a0-7b74-4c29-b613-54a9ac99ca5d
2019-10-17 02:20:42,575 [grpc-default-executor-6] INFO  impl.RaftServerImpl (RaftServerImpl.java:setRole(184)) - f349c4dc-e0f5-43f3-b014-e61370cb1add@group-D7C8F5BEB75A: changes role from  FOLLOWER to FOLLOWER at term 46 for recognizeCandidate:13e6f2a0-7b74-4c29-b613-54a9ac99ca5d
2019-10-17 02:20:42,575 [grpc-default-executor-4] INFO  impl.RoleInfo (RoleInfo.java:shutdownFollowerState(121)) - 5459097b-5895-44f9-a57c-1b76b0f7af13: shutdown FollowerState
2019-10-17 02:20:42,575 [grpc-default-executor-6] INFO  impl.RoleInfo (RoleInfo.java:shutdownFollowerState(121)) - f349c4dc-e0f5-43f3-b014-e61370cb1add: shutdown FollowerState
2019-10-17 02:20:42,575 [Thread-738] INFO  impl.FollowerState (FollowerState.java:run(117)) - 5459097b-5895-44f9-a57c-1b76b0f7af13@group-D7C8F5BEB75A-FollowerState was interrupted: java.lang.InterruptedException: sleep interrupted
2019-10-17 02:20:42,575 [grpc-default-executor-4] INFO  impl.RoleInfo (RoleInfo.java:updateAndGet(143)) - 5459097b-5895-44f9-a57c-1b76b0f7af13: start FollowerState
2019-10-17 02:20:42,575 [Thread-737] INFO  impl.FollowerState (FollowerState.java:run(117)) - f349c4dc-e0f5-43f3-b014-e61370cb1add@group-D7C8F5BEB75A-FollowerState was interrupted: java.lang.InterruptedException: sleep interrupted
2019-10-17 02:20:42,575 [grpc-default-executor-6] INFO  impl.RoleInfo (RoleInfo.java:updateAndGet(143)) - f349c4dc-e0f5-43f3-b014-e61370cb1add: start FollowerState
2019-10-17 02:20:42,590 [13e6f2a0-7b74-4c29-b613-54a9ac99ca5d@group-D7C8F5BEB75A-LeaderElection58] INFO  impl.LeaderElection (LeaderElection.java:logAndReturn(56)) - 13e6f2a0-7b74-4c29-b613-54a9ac99ca5d@group-D7C8F5BEB75A-LeaderElection58: Election REJECTED; received 2 response(s) [13e6f2a0-7b74-4c29-b613-54a9ac99ca5d<-f349c4dc-e0f5-43f3-b014-e61370cb1add#0:FAIL-t46, 13e6f2a0-7b74-4c29-b613-54a9ac99ca5d<-5459097b-5895-44f9-a57c-1b76b0f7af13#0:FAIL-t46] and 0 exception(s); 13e6f2a0-7b74-4c29-b613-54a9ac99ca5d@group-D7C8F5BEB75A:t46, leader=null, voted=13e6f2a0-7b74-4c29-b613-54a9ac99ca5d, raftlog=13e6f2a0-7b74-4c29-b613-54a9ac99ca5d@group-D7C8F5BEB75A-SegmentedRaftLog:OPENED:c-1,f-1,i0, conf=-1: [f349c4dc-e0f5-43f3-b014-e61370cb1add:192.168.157.194:39280, 13e6f2a0-7b74-4c29-b613-54a9ac99ca5d:192.168.157.194:32860, 5459097b-5895-44f9-a57c-1b76b0f7af13:192.168.157.194:35032], old=null
2019-10-17 02:20:42,590 [13e6f2a0-7b74-4c29-b613-54a9ac99ca5d@group-D7C8F5BEB75A-LeaderElection58] INFO  impl.RaftServerImpl (RaftServerImpl.java:setRole(184)) - 13e6f2a0-7b74-4c29-b613-54a9ac99ca5d@group-D7C8F5BEB75A: changes role from CANDIDATE to FOLLOWER at term 46 for DISCOVERED_A_NEW_TERM
2019-10-17 02:20:42,590 [13e6f2a0-7b74-4c29-b613-54a9ac99ca5d@group-D7C8F5BEB75A-LeaderElection58] INFO  impl.RoleInfo (RoleInfo.java:shutdownLeaderElection(134)) - 13e6f2a0-7b74-4c29-b613-54a9ac99ca5d: shutdown LeaderElection
2019-10-17 02:20:42,590 [13e6f2a0-7b74-4c29-b613-54a9ac99ca5d@group-D7C8F5BEB75A-LeaderElection58] INFO  impl.RoleInfo (RoleInfo.java:updateAndGet(143)) - 13e6f2a0-7b74-4c29-b613-54a9ac99ca5d: start FollowerState
2019-10-17 02:20:42,695 [Thread-745] INFO  impl.FollowerState (FollowerState.java:run(108)) - 13e6f2a0-7b74-4c29-b613-54a9ac99ca5d@group-D7C8F5BEB75A-FollowerState: change to CANDIDATE, lastRpcTime:104ms, electionTimeout:104ms
2019-10-17 02:20:42,695 [Thread-745] INFO  impl.RoleInfo (RoleInfo.java:shutdownFollowerState(121)) - 13e6f2a0-7b74-4c29-b613-54a9ac99ca5d: shutdown FollowerState
2019-10-17 02:20:42,695 [Thread-745] INFO  impl.RaftServerImpl (RaftServerImpl.java:setRole(184)) - 13e6f2a0-7b74-4c29-b613-54a9ac99ca5d@group-D7C8F5BEB75A: changes role from  FOLLOWER to CANDIDATE at term 46 for changeToCandidate
2019-10-17 02:20:42,695 [Thread-745] INFO  impl.RoleInfo (RoleInfo.java:updateAndGet(143)) - 13e6f2a0-7b74-4c29-b613-54a9ac99ca5d: start LeaderElection
2019-10-17 02:20:42,710 [13e6f2a0-7b74-4c29-b613-54a9ac99ca5d@group-D7C8F5BEB75A-LeaderElection59] INFO  impl.LeaderElection (LeaderElection.java:askForVotes(178)) - 13e6f2a0-7b74-4c29-b613-54a9ac99ca5d@group-D7C8F5BEB75A-LeaderElection59: begin an election at term 47 for -1: [f349c4dc-e0f5-43f3-b014-e61370cb1add:192.168.157.194:39280, 13e6f2a0-7b74-4c29-b613-54a9ac99ca5d:192.168.157.194:32860, 5459097b-5895-44f9-a57c-1b76b0f7af13:192.168.157.194:35032], old=null
2019-10-17 02:20:42,712 [grpc-default-executor-6] INFO  impl.RaftServerImpl (RaftServerImpl.java:setRole(184)) - f349c4dc-e0f5-43f3-b014-e61370cb1add@group-D7C8F5BEB75A: changes role from  FOLLOWER to FOLLOWER at term 47 for recognizeCandidate:13e6f2a0-7b74-4c29-b613-54a9ac99ca5d
2019-10-17 02:20:42,712 [grpc-default-executor-4] INFO  impl.RaftServerImpl (RaftServerImpl.java:setRole(184)) - 5459097b-5895-44f9-a57c-1b76b0f7af13@group-D7C8F5BEB75A: changes role from  FOLLOWER to FOLLOWER at term 47 for recognizeCandidate:13e6f2a0-7b74-4c29-b613-54a9ac99ca5d
2019-10-17 02:20:42,713 [grpc-default-executor-6] INFO  impl.RoleInfo (RoleInfo.java:shutdownFollowerState(121)) - f349c4dc-e0f5-43f3-b014-e61370cb1add: shutdown FollowerState
2019-10-17 02:20:42,713 [grpc-default-executor-4] INFO  impl.RoleInfo (RoleInfo.java:shutdownFollowerState(121)) - 5459097b-5895-44f9-a57c-1b76b0f7af13: shutdown FollowerState
2019-10-17 02:20:42,713 [Thread-744] INFO  impl.FollowerState (FollowerState.java:run(117)) - f349c4dc-e0f5-43f3-b014-e61370cb1add@group-D7C8F5BEB75A-FollowerState was interrupted: java.lang.InterruptedException: sleep interrupted
2019-10-17 02:20:42,713 [grpc-default-executor-6] INFO  impl.RoleInfo (RoleInfo.java:updateAndGet(143)) - f349c4dc-e0f5-43f3-b014-e61370cb1add: start FollowerState
2019-10-17 02:20:42,713 [Thread-743] INFO  impl.FollowerState (FollowerState.java:run(117)) - 5459097b-5895-44f9-a57c-1b76b0f7af13@group-D7C8F5BEB75A-FollowerState was interrupted: java.lang.InterruptedException: sleep interrupted
2019-10-17 02:20:42,713 [grpc-default-executor-4] INFO  impl.RoleInfo (RoleInfo.java:updateAndGet(143)) - 5459097b-5895-44f9-a57c-1b76b0f7af13: start FollowerState
 0.00% |?                                                                                                    |  0/1 Time: 0:00:022019-10-17 02:20:42,751 [13e6f2a0-7b74-4c29-b613-54a9ac99ca5d@group-D7C8F5BEB75A-LeaderElection59] INFO  impl.LeaderElection (LeaderElection.java:logAndReturn(56)) - 13e6f2a0-7b74-4c29-b613-54a9ac99ca5d@group-D7C8F5BEB75A-LeaderElection59: Election REJECTED; received 2 response(s) [13e6f2a0-7b74-4c29-b613-54a9ac99ca5d<-f349c4dc-e0f5-43f3-b014-e61370cb1add#0:FAIL-t47, 13e6f2a0-7b74-4c29-b613-54a9ac99ca5d<-5459097b-5895-44f9-a57c-1b76b0f7af13#0:FAIL-t47] and 0 exception(s); 13e6f2a0-7b74-4c29-b613-54a9ac99ca5d@group-D7C8F5BEB75A:t47, leader=null, voted=13e6f2a0-7b74-4c29-b613-54a9ac99ca5d, raftlog=13e6f2a0-7b74-4c29-b613-54a9ac99ca5d@group-D7C8F5BEB75A-SegmentedRaftLog:OPENED:c-1,f-1,i0, conf=-1: [f349c4dc-e0f5-43f3-b014-e61370cb1add:192.168.157.194:39280, 13e6f2a0-7b74-4c29-b613-54a9ac99ca5d:192.168.157.194:32860, 5459097b-5895-44f9-a57c-1b76b0f7af13:192.168.157.194:35032], old=null
2019-10-17 02:20:42,751 [13e6f2a0-7b74-4c29-b613-54a9ac99ca5d@group-D7C8F5BEB75A-LeaderElection59] INFO  impl.RaftServerImpl (RaftServerImpl.java:setRole(184)) - 13e6f2a0-7b74-4c29-b613-54a9ac99ca5d@group-D7C8F5BEB75A: changes role from CANDIDATE to FOLLOWER at term 47 for DISCOVERED_A_NEW_TERM
2019-10-17 02:20:42,751 [13e6f2a0-7b74-4c29-b613-54a9ac99ca5d@group-D7C8F5BEB75A-LeaderElection59] INFO  impl.RoleInfo (RoleInfo.java:shutdownLeaderElection(134)) - 13e6f2a0-7b74-4c29-b613-54a9ac99ca5d: shutdown LeaderElection
2019-10-17 02:20:42,752 [13e6f2a0-7b74-4c29-b613-54a9ac99ca5d@group-D7C8F5BEB75A-LeaderElection59] INFO  impl.RoleInfo (RoleInfo.java:updateAndGet(143)) - 13e6f2a0-7b74-4c29-b613-54a9ac99ca5d: start FollowerState
2019-10-17 02:20:42,759 [Thread-751] INFO  impl.FollowerState (FollowerState.java:run(108)) - 13e6f2a0-7b74-4c29-b613-54a9ac99ca5d@group-D7C8F5BEB75A-FollowerState: change to CANDIDATE, lastRpcTime:7ms, electionTimeout:7ms
2019-10-17 02:20:42,759 [Thread-751] INFO  impl.RoleInfo (RoleInfo.java:shutdownFollowerState(121)) - 13e6f2a0-7b74-4c29-b613-54a9ac99ca5d: shutdown FollowerState
2019-10-17 02:20:42,759 [Thread-751] INFO  impl.RaftServerImpl (RaftServerImpl.java:setRole(184)) - 13e6f2a0-7b74-4c29-b613-54a9ac99ca5d@group-D7C8F5BEB75A: changes role from  FOLLOWER to CANDIDATE at term 47 for changeToCandidate
2019-10-17 02:20:42,760 [Thread-751] INFO  impl.RoleInfo (RoleInfo.java:updateAndGet(143)) - 13e6f2a0-7b74-4c29-b613-54a9ac99ca5d: start LeaderElection
2019-10-17 02:20:42,773 [13e6f2a0-7b74-4c29-b613-54a9ac99ca5d@group-D7C8F5BEB75A-LeaderElection60] INFO  impl.LeaderElection (LeaderElection.java:askForVotes(178)) - 13e6f2a0-7b74-4c29-b613-54a9ac99ca5d@group-D7C8F5BEB75A-LeaderElection60: begin an election at term 48 for -1: [f349c4dc-e0f5-43f3-b014-e61370cb1add:192.168.157.194:39280, 13e6f2a0-7b74-4c29-b613-54a9ac99ca5d:192.168.157.194:32860, 5459097b-5895-44f9-a57c-1b76b0f7af13:192.168.157.194:35032], old=null
2019-10-17 02:20:42,775 [grpc-default-executor-4] INFO  impl.RaftServerImpl (RaftServerImpl.java:setRole(184)) - 5459097b-5895-44f9-a57c-1b76b0f7af13@group-D7C8F5BEB75A: changes role from  FOLLOWER to FOLLOWER at term 48 for recognizeCandidate:13e6f2a0-7b74-4c29-b613-54a9ac99ca5d
2019-10-17 02:20:42,776 [grpc-default-executor-6] INFO  impl.RaftServerImpl (RaftServerImpl.java:setRole(184)) - f349c4dc-e0f5-43f3-b014-e61370cb1add@group-D7C8F5BEB75A: changes role from  FOLLOWER to FOLLOWER at term 48 for recognizeCandidate:13e6f2a0-7b74-4c29-b613-54a9ac99ca5d
2019-10-17 02:20:42,776 [grpc-default-executor-4] INFO  impl.RoleInfo (RoleInfo.java:shutdownFollowerState(121)) - 5459097b-5895-44f9-a57c-1b76b0f7af13: shutdown FollowerState
2019-10-17 02:20:42,776 [grpc-default-executor-6] INFO  impl.RoleInfo (RoleInfo.java:shutdownFollowerState(121)) - f349c4dc-e0f5-43f3-b014-e61370cb1add: shutdown FollowerState
2019-10-17 02:20:42,776 [Thread-750] INFO  impl.FollowerState (FollowerState.java:run(117)) - 5459097b-5895-44f9-a57c-1b76b0f7af13@group-D7C8F5BEB75A-FollowerState was interrupted: java.lang.InterruptedException: sleep interrupted
2019-10-17 02:20:42,776 [grpc-default-executor-4] INFO  impl.RoleInfo (RoleInfo.java:updateAndGet(143)) - 5459097b-5895-44f9-a57c-1b76b0f7af13: start FollowerState
2019-10-17 02:20:42,776 [Thread-749] INFO  impl.FollowerState (FollowerState.java:run(117)) - f349c4dc-e0f5-43f3-b014-e61370cb1add@group-D7C8F5BEB75A-FollowerState was interrupted: java.lang.InterruptedException: sleep interrupted
2019-10-17 02:20:42,776 [grpc-default-executor-6] INFO  impl.RoleInfo (RoleInfo.java:updateAndGet(143)) - f349c4dc-e0f5-43f3-b014-e61370cb1add: start FollowerState
2019-10-17 02:20:42,791 [13e6f2a0-7b74-4c29-b613-54a9ac99ca5d@group-D7C8F5BEB75A-LeaderElection60] INFO  impl.LeaderElection (LeaderElection.java:logAndReturn(56)) - 13e6f2a0-7b74-4c29-b613-54a9ac99ca5d@group-D7C8F5BEB75A-LeaderElection60: Election REJECTED; received 2 response(s) [13e6f2a0-7b74-4c29-b613-54a9ac99ca5d<-f349c4dc-e0f5-43f3-b014-e61370cb1add#0:FAIL-t48, 13e6f2a0-7b74-4c29-b613-54a9ac99ca5d<-5459097b-5895-44f9-a57c-1b76b0f7af13#0:FAIL-t48] and 0 exception(s); 13e6f2a0-7b74-4c29-b613-54a9ac99ca5d@group-D7C8F5BEB75A:t48, leader=null, voted=13e6f2a0-7b74-4c29-b613-54a9ac99ca5d, raftlog=13e6f2a0-7b74-4c29-b613-54a9ac99ca5d@group-D7C8F5BEB75A-SegmentedRaftLog:OPENED:c-1,f-1,i0, conf=-1: [f349c4dc-e0f5-43f3-b014-e61370cb1add:192.168.157.194:39280, 13e6f2a0-7b74-4c29-b613-54a9ac99ca5d:192.168.157.194:32860, 5459097b-5895-44f9-a57c-1b76b0f7af13:192.168.157.194:35032], old=null
2019-10-17 02:20:42,791 [13e6f2a0-7b74-4c29-b613-54a9ac99ca5d@group-D7C8F5BEB75A-LeaderElection60] INFO  impl.RaftServerImpl (RaftServerImpl.java:setRole(184)) - 13e6f2a0-7b74-4c29-b613-54a9ac99ca5d@group-D7C8F5BEB75A: changes role from CANDIDATE to FOLLOWER at term 48 for DISCOVERED_A_NEW_TERM
2019-10-17 02:20:42,791 [13e6f2a0-7b74-4c29-b613-54a9ac99ca5d@group-D7C8F5BEB75A-LeaderElection60] INFO  impl.RoleInfo (RoleInfo.java:shutdownLeaderElection(134)) - 13e6f2a0-7b74-4c29-b613-54a9ac99ca5d: shutdown LeaderElection
2019-10-17 02:20:42,791 [13e6f2a0-7b74-4c29-b613-54a9ac99ca5d@group-D7C8F5BEB75A-LeaderElection60] INFO  impl.RoleInfo (RoleInfo.java:updateAndGet(143)) - 13e6f2a0-7b74-4c29-b613-54a9ac99ca5d: start FollowerState
2019-10-17 02:20:42,875 [Thread-757] INFO  impl.FollowerState (FollowerState.java:run(108)) - 13e6f2a0-7b74-4c29-b613-54a9ac99ca5d@group-D7C8F5BEB75A-FollowerState: change to CANDIDATE, lastRpcTime:83ms, electionTimeout:83ms
2019-10-17 02:20:42,875 [Thread-757] INFO  impl.RoleInfo (RoleInfo.java:shutdownFollowerState(121)) - 13e6f2a0-7b74-4c29-b613-54a9ac99ca5d: shutdown FollowerState
2019-10-17 02:20:42,875 [Thread-757] INFO  impl.RaftServerImpl (RaftServerImpl.java:setRole(184)) - 13e6f2a0-7b74-4c29-b613-54a9ac99ca5d@group-D7C8F5BEB75A: changes role from  FOLLOWER to CANDIDATE at term 48 for changeToCandidate
2019-10-17 02:20:42,875 [Thread-757] INFO  impl.RoleInfo (RoleInfo.java:updateAndGet(143)) - 13e6f2a0-7b74-4c29-b613-54a9ac99ca5d: start LeaderElection
2019-10-17 02:20:42,889 [13e6f2a0-7b74-4c29-b613-54a9ac99ca5d@group-D7C8F5BEB75A-LeaderElection61] INFO  impl.LeaderElection (LeaderElection.java:askForVotes(178)) - 13e6f2a0-7b74-4c29-b613-54a9ac99ca5d@group-D7C8F5BEB75A-LeaderElection61: begin an election at term 49 for -1: [f349c4dc-e0f5-43f3-b014-e61370cb1add:192.168.157.194:39280, 13e6f2a0-7b74-4c29-b613-54a9ac99ca5d:192.168.157.194:32860, 5459097b-5895-44f9-a57c-1b76b0f7af13:192.168.157.194:35032], old=null
2019-10-17 02:20:42,891 [grpc-default-executor-4] INFO  impl.RaftServerImpl (RaftServerImpl.java:setRole(184)) - f349c4dc-e0f5-43f3-b014-e61370cb1add@group-D7C8F5BEB75A: changes role from  FOLLOWER to FOLLOWER at term 49 for recognizeCandidate:13e6f2a0-7b74-4c29-b613-54a9ac99ca5d
2019-10-17 02:20:42,891 [grpc-default-executor-4] INFO  impl.RoleInfo (RoleInfo.java:shutdownFollowerState(121)) - f349c4dc-e0f5-43f3-b014-e61370cb1add: shutdown FollowerState
2019-10-17 02:20:42,891 [grpc-default-executor-4] INFO  impl.RoleInfo (RoleInfo.java:updateAndGet(143)) - f349c4dc-e0f5-43f3-b014-e61370cb1add: start FollowerState
2019-10-17 02:20:42,891 [Thread-756] INFO  impl.FollowerState (FollowerState.java:run(117)) - f349c4dc-e0f5-43f3-b014-e61370cb1add@group-D7C8F5BEB75A-FollowerState was interrupted: java.lang.InterruptedException: sleep interrupted
2019-10-17 02:20:42,891 [grpc-default-executor-6] INFO  impl.RaftServerImpl (RaftServerImpl.java:setRole(184)) - 5459097b-5895-44f9-a57c-1b76b0f7af13@group-D7C8F5BEB75A: changes role from  FOLLOWER to FOLLOWER at term 49 for recognizeCandidate:13e6f2a0-7b74-4c29-b613-54a9ac99ca5d
2019-10-17 02:20:42,892 [grpc-default-executor-6] INFO  impl.RoleInfo (RoleInfo.java:shutdownFollowerState(121)) - 5459097b-5895-44f9-a57c-1b76b0f7af13: shutdown FollowerState
2019-10-17 02:20:42,892 [grpc-default-executor-6] INFO  impl.RoleInfo (RoleInfo.java:updateAndGet(143)) - 5459097b-5895-44f9-a57c-1b76b0f7af13: start FollowerState
2019-10-17 02:20:42,892 [Thread-755] INFO  impl.FollowerState (FollowerState.java:run(117)) - 5459097b-5895-44f9-a57c-1b76b0f7af13@group-D7C8F5BEB75A-FollowerState was interrupted: java.lang.InterruptedException: sleep interrupted
2019-10-17 02:20:42,906 [13e6f2a0-7b74-4c29-b613-54a9ac99ca5d@group-D7C8F5BEB75A-LeaderElection61] INFO  impl.LeaderElection (LeaderElection.java:logAndReturn(56)) - 13e6f2a0-7b74-4c29-b613-54a9ac99ca5d@group-D7C8F5BEB75A-LeaderElection61: Election REJECTED; received 2 response(s) [13e6f2a0-7b74-4c29-b613-54a9ac99ca5d<-f349c4dc-e0f5-43f3-b014-e61370cb1add#0:FAIL-t49, 13e6f2a0-7b74-4c29-b613-54a9ac99ca5d<-5459097b-5895-44f9-a57c-1b76b0f7af13#0:FAIL-t49] and 0 exception(s); 13e6f2a0-7b74-4c29-b613-54a9ac99ca5d@group-D7C8F5BEB75A:t49, leader=null, voted=13e6f2a0-7b74-4c29-b613-54a9ac99ca5d, raftlog=13e6f2a0-7b74-4c29-b613-54a9ac99ca5d@group-D7C8F5BEB75A-SegmentedRaftLog:OPENED:c-1,f-1,i0, conf=-1: [f349c4dc-e0f5-43f3-b014-e61370cb1add:192.168.157.194:39280, 13e6f2a0-7b74-4c29-b613-54a9ac99ca5d:192.168.157.194:32860, 5459097b-5895-44f9-a57c-1b76b0f7af13:192.168.157.194:35032], old=null
2019-10-17 02:20:42,906 [13e6f2a0-7b74-4c29-b613-54a9ac99ca5d@group-D7C8F5BEB75A-LeaderElection61] INFO  impl.RaftServerImpl (RaftServerImpl.java:setRole(184)) - 13e6f2a0-7b74-4c29-b613-54a9ac99ca5d@group-D7C8F5BEB75A: changes role from CANDIDATE to FOLLOWER at term 49 for DISCOVERED_A_NEW_TERM
2019-10-17 02:20:42,906 [13e6f2a0-7b74-4c29-b613-54a9ac99ca5d@group-D7C8F5BEB75A-LeaderElection61] INFO  impl.RoleInfo (RoleInfo.java:shutdownLeaderElection(134)) - 13e6f2a0-7b74-4c29-b613-54a9ac99ca5d: shutdown LeaderElection
2019-10-17 02:20:42,907 [13e6f2a0-7b74-4c29-b613-54a9ac99ca5d@group-D7C8F5BEB75A-LeaderElection61] INFO  impl.RoleInfo (RoleInfo.java:updateAndGet(143)) - 13e6f2a0-7b74-4c29-b613-54a9ac99ca5d: start FollowerState
2019-10-17 02:20:42,953 [Thread-763] INFO  impl.FollowerState (FollowerState.java:run(108)) - 13e6f2a0-7b74-4c29-b613-54a9ac99ca5d@group-D7C8F5BEB75A-FollowerState: change to CANDIDATE, lastRpcTime:46ms, electionTimeout:46ms
2019-10-17 02:20:42,953 [Thread-763] INFO  impl.RoleInfo (RoleInfo.java:shutdownFollowerState(121)) - 13e6f2a0-7b74-4c29-b613-54a9ac99ca5d: shutdown FollowerState
2019-10-17 02:20:42,953 [Thread-763] INFO  impl.RaftServerImpl (RaftServerImpl.java:setRole(184)) - 13e6f2a0-7b74-4c29-b613-54a9ac99ca5d@group-D7C8F5BEB75A: changes role from  FOLLOWER to CANDIDATE at term 49 for changeToCandidate
2019-10-17 02:20:42,953 [Thread-763] INFO  impl.RoleInfo (RoleInfo.java:updateAndGet(143)) - 13e6f2a0-7b74-4c29-b613-54a9ac99ca5d: start LeaderElection
2019-10-17 02:20:42,975 [13e6f2a0-7b74-4c29-b613-54a9ac99ca5d@group-D7C8F5BEB75A-LeaderElection62] INFO  impl.LeaderElection (LeaderElection.java:askForVotes(178)) - 13e6f2a0-7b74-4c29-b613-54a9ac99ca5d@group-D7C8F5BEB75A-LeaderElection62: begin an election at term 50 for -1: [f349c4dc-e0f5-43f3-b014-e61370cb1add:192.168.157.194:39280, 13e6f2a0-7b74-4c29-b613-54a9ac99ca5d:192.168.157.194:32860, 5459097b-5895-44f9-a57c-1b76b0f7af13:192.168.157.194:35032], old=null
2019-10-17 02:20:42,978 [grpc-default-executor-6] INFO  impl.RaftServerImpl (RaftServerImpl.java:setRole(184)) - 5459097b-5895-44f9-a57c-1b76b0f7af13@group-D7C8F5BEB75A: changes role from  FOLLOWER to FOLLOWER at term 50 for recognizeCandidate:13e6f2a0-7b74-4c29-b613-54a9ac99ca5d
2019-10-17 02:20:42,978 [grpc-default-executor-6] INFO  impl.RoleInfo (RoleInfo.java:shutdownFollowerState(121)) - 5459097b-5895-44f9-a57c-1b76b0f7af13: shutdown FollowerState
2019-10-17 02:20:42,978 [grpc-default-executor-6] INFO  impl.RoleInfo (RoleInfo.java:updateAndGet(143)) - 5459097b-5895-44f9-a57c-1b76b0f7af13: start FollowerState
2019-10-17 02:20:42,978 [Thread-762] INFO  impl.FollowerState (FollowerState.java:run(117)) - 5459097b-5895-44f9-a57c-1b76b0f7af13@group-D7C8F5BEB75A-FollowerState was interrupted: java.lang.InterruptedException: sleep interrupted
2019-10-17 02:20:42,978 [grpc-default-executor-4] INFO  impl.RaftServerImpl (RaftServerImpl.java:setRole(184)) - f349c4dc-e0f5-43f3-b014-e61370cb1add@group-D7C8F5BEB75A: changes role from  FOLLOWER to FOLLOWER at term 50 for recognizeCandidate:13e6f2a0-7b74-4c29-b613-54a9ac99ca5d
2019-10-17 02:20:42,978 [grpc-default-executor-4] INFO  impl.RoleInfo (RoleInfo.java:shutdownFollowerState(121)) - f349c4dc-e0f5-43f3-b014-e61370cb1add: shutdown FollowerState
2019-10-17 02:20:42,979 [Thread-761] INFO  impl.FollowerState (FollowerState.java:run(117)) - f349c4dc-e0f5-43f3-b014-e61370cb1add@group-D7C8F5BEB75A-FollowerState was interrupted: java.lang.InterruptedException: sleep interrupted
2019-10-17 02:20:42,979 [grpc-default-executor-4] INFO  impl.RoleInfo (RoleInfo.java:updateAndGet(143)) - f349c4dc-e0f5-43f3-b014-e61370cb1add: start FollowerState
2019-10-17 02:20:42,998 [13e6f2a0-7b74-4c29-b613-54a9ac99ca5d@group-D7C8F5BEB75A-LeaderElection62] INFO  impl.LeaderElection (LeaderElection.java:logAndReturn(56)) - 13e6f2a0-7b74-4c29-b613-54a9ac99ca5d@group-D7C8F5BEB75A-LeaderElection62: Election REJECTED; received 2 response(s) [13e6f2a0-7b74-4c29-b613-54a9ac99ca5d<-f349c4dc-e0f5-43f3-b014-e61370cb1add#0:FAIL-t50, 13e6f2a0-7b74-4c29-b613-54a9ac99ca5d<-5459097b-5895-44f9-a57c-1b76b0f7af13#0:FAIL-t50] and 0 exception(s); 13e6f2a0-7b74-4c29-b613-54a9ac99ca5d@group-D7C8F5BEB75A:t50, leader=null, voted=13e6f2a0-7b74-4c29-b613-54a9ac99ca5d, raftlog=13e6f2a0-7b74-4c29-b613-54a9ac99ca5d@group-D7C8F5BEB75A-SegmentedRaftLog:OPENED:c-1,f-1,i0, conf=-1: [f349c4dc-e0f5-43f3-b014-e61370cb1add:192.168.157.194:39280, 13e6f2a0-7b74-4c29-b613-54a9ac99ca5d:192.168.157.194:32860, 5459097b-5895-44f9-a57c-1b76b0f7af13:192.168.157.194:35032], old=null
2019-10-17 02:20:42,998 [13e6f2a0-7b74-4c29-b613-54a9ac99ca5d@group-D7C8F5BEB75A-LeaderElection62] INFO  impl.RaftServerImpl (RaftServerImpl.java:setRole(184)) - 13e6f2a0-7b74-4c29-b613-54a9ac99ca5d@group-D7C8F5BEB75A: changes role from CANDIDATE to FOLLOWER at term 50 for DISCOVERED_A_NEW_TERM
2019-10-17 02:20:42,998 [13e6f2a0-7b74-4c29-b613-54a9ac99ca5d@group-D7C8F5BEB75A-LeaderElection62] INFO  impl.RoleInfo (RoleInfo.java:shutdownLeaderElection(134)) - 13e6f2a0-7b74-4c29-b613-54a9ac99ca5d: shutdown LeaderElection
2019-10-17 02:20:42,998 [13e6f2a0-7b74-4c29-b613-54a9ac99ca5d@group-D7C8F5BEB75A-LeaderElection62] INFO  impl.RoleInfo (RoleInfo.java:updateAndGet(143)) - 13e6f2a0-7b74-4c29-b613-54a9ac99ca5d: start FollowerState
2019-10-17 02:20:43,189 [Thread-769] INFO  impl.FollowerState (FollowerState.java:run(108)) - 13e6f2a0-7b74-4c29-b613-54a9ac99ca5d@group-D7C8F5BEB75A-FollowerState: change to CANDIDATE, lastRpcTime:191ms, electionTimeout:191ms
2019-10-17 02:20:43,190 [Thread-769] INFO  impl.RoleInfo (RoleInfo.java:shutdownFollowerState(121)) - 13e6f2a0-7b74-4c29-b613-54a9ac99ca5d: shutdown FollowerState
2019-10-17 02:20:43,190 [Thread-769] INFO  impl.RaftServerImpl (RaftServerImpl.java:setRole(184)) - 13e6f2a0-7b74-4c29-b613-54a9ac99ca5d@group-D7C8F5BEB75A: changes role from  FOLLOWER to CANDIDATE at term 50 for changeToCandidate
2019-10-17 02:20:43,190 [Thread-769] INFO  impl.RoleInfo (RoleInfo.java:updateAndGet(143)) - 13e6f2a0-7b74-4c29-b613-54a9ac99ca5d: start LeaderElection
2019-10-17 02:20:43,204 [13e6f2a0-7b74-4c29-b613-54a9ac99ca5d@group-D7C8F5BEB75A-LeaderElection63] INFO  impl.LeaderElection (LeaderElection.java:askForVotes(178)) - 13e6f2a0-7b74-4c29-b613-54a9ac99ca5d@group-D7C8F5BEB75A-LeaderElection63: begin an election at term 51 for -1: [f349c4dc-e0f5-43f3-b014-e61370cb1add:192.168.157.194:39280, 13e6f2a0-7b74-4c29-b613-54a9ac99ca5d:192.168.157.194:32860, 5459097b-5895-44f9-a57c-1b76b0f7af13:192.168.157.194:35032], old=null
2019-10-17 02:20:43,207 [grpc-default-executor-6] INFO  impl.RaftServerImpl (RaftServerImpl.java:setRole(184)) - f349c4dc-e0f5-43f3-b014-e61370cb1add@group-D7C8F5BEB75A: changes role from  FOLLOWER to FOLLOWER at term 51 for recognizeCandidate:13e6f2a0-7b74-4c29-b613-54a9ac99ca5d
2019-10-17 02:20:43,207 [grpc-default-executor-4] INFO  impl.RaftServerImpl (RaftServerImpl.java:setRole(184)) - 5459097b-5895-44f9-a57c-1b76b0f7af13@group-D7C8F5BEB75A: changes role from  FOLLOWER to FOLLOWER at term 51 for recognizeCandidate:13e6f2a0-7b74-4c29-b613-54a9ac99ca5d
2019-10-17 02:20:43,207 [grpc-default-executor-6] INFO  impl.RoleInfo (RoleInfo.java:shutdownFollowerState(121)) - f349c4dc-e0f5-43f3-b014-e61370cb1add: shutdown FollowerState
2019-10-17 02:20:43,208 [grpc-default-executor-4] INFO  impl.RoleInfo (RoleInfo.java:shutdownFollowerState(121)) - 5459097b-5895-44f9-a57c-1b76b0f7af13: shutdown FollowerState
2019-10-17 02:20:43,208 [Thread-768] INFO  impl.FollowerState (FollowerState.java:run(117)) - f349c4dc-e0f5-43f3-b014-e61370cb1add@group-D7C8F5BEB75A-FollowerState was interrupted: java.lang.InterruptedException: sleep interrupted
2019-10-17 02:20:43,208 [Thread-767] INFO  impl.FollowerState (FollowerState.java:run(117)) - 5459097b-5895-44f9-a57c-1b76b0f7af13@group-D7C8F5BEB75A-FollowerState was interrupted: java.lang.InterruptedException: sleep interrupted
2019-10-17 02:20:43,208 [grpc-default-executor-6] INFO  impl.RoleInfo (RoleInfo.java:updateAndGet(143)) - f349c4dc-e0f5-43f3-b014-e61370cb1add: start FollowerState
2019-10-17 02:20:43,208 [grpc-default-executor-4] INFO  impl.RoleInfo (RoleInfo.java:updateAndGet(143)) - 5459097b-5895-44f9-a57c-1b76b0f7af13: start FollowerState
2019-10-17 02:20:43,223 [13e6f2a0-7b74-4c29-b613-54a9ac99ca5d@group-D7C8F5BEB75A-LeaderElection63] INFO  impl.LeaderElection (LeaderElection.java:logAndReturn(56)) - 13e6f2a0-7b74-4c29-b613-54a9ac99ca5d@group-D7C8F5BEB75A-LeaderElection63: Election REJECTED; received 2 response(s) [13e6f2a0-7b74-4c29-b613-54a9ac99ca5d<-f349c4dc-e0f5-43f3-b014-e61370cb1add#0:FAIL-t51, 13e6f2a0-7b74-4c29-b613-54a9ac99ca5d<-5459097b-5895-44f9-a57c-1b76b0f7af13#0:FAIL-t51] and 0 exception(s); 13e6f2a0-7b74-4c29-b613-54a9ac99ca5d@group-D7C8F5BEB75A:t51, leader=null, voted=13e6f2a0-7b74-4c29-b613-54a9ac99ca5d, raftlog=13e6f2a0-7b74-4c29-b613-54a9ac99ca5d@group-D7C8F5BEB75A-SegmentedRaftLog:OPENED:c-1,f-1,i0, conf=-1: [f349c4dc-e0f5-43f3-b014-e61370cb1add:192.168.157.194:39280, 13e6f2a0-7b74-4c29-b613-54a9ac99ca5d:192.168.157.194:32860, 5459097b-5895-44f9-a57c-1b76b0f7af13:192.168.157.194:35032], old=null
2019-10-17 02:20:43,223 [13e6f2a0-7b74-4c29-b613-54a9ac99ca5d@group-D7C8F5BEB75A-LeaderElection63] INFO  impl.RaftServerImpl (RaftServerImpl.java:setRole(184)) - 13e6f2a0-7b74-4c29-b613-54a9ac99ca5d@group-D7C8F5BEB75A: changes role from CANDIDATE to FOLLOWER at term 51 for DISCOVERED_A_NEW_TERM
2019-10-17 02:20:43,223 [13e6f2a0-7b74-4c29-b613-54a9ac99ca5d@group-D7C8F5BEB75A-LeaderElection63] INFO  impl.RoleInfo (RoleInfo.java:shutdownLeaderElection(134)) - 13e6f2a0-7b74-4c29-b613-54a9ac99ca5d: shutdown LeaderElection
2019-10-17 02:20:43,223 [13e6f2a0-7b74-4c29-b613-54a9ac99ca5d@group-D7C8F5BEB75A-LeaderElection63] INFO  impl.RoleInfo (RoleInfo.java:updateAndGet(143)) - 13e6f2a0-7b74-4c29-b613-54a9ac99ca5d: start FollowerState
2019-10-17 02:20:43,261 [Thread-775] INFO  impl.FollowerState (FollowerState.java:run(108)) - 13e6f2a0-7b74-4c29-b613-54a9ac99ca5d@group-D7C8F5BEB75A-FollowerState: change to CANDIDATE, lastRpcTime:37ms, electionTimeout:37ms
2019-10-17 02:20:43,261 [Thread-775] INFO  impl.RoleInfo (RoleInfo.java:shutdownFollowerState(121)) - 13e6f2a0-7b74-4c29-b613-54a9ac99ca5d: shutdown FollowerState
2019-10-17 02:20:43,261 [Thread-775] INFO  impl.RaftServerImpl (RaftServerImpl.java:setRole(184)) - 13e6f2a0-7b74-4c29-b613-54a9ac99ca5d@group-D7C8F5BEB75A: changes role from  FOLLOWER to CANDIDATE at term 51 for changeToCandidate
2019-10-17 02:20:43,261 [Thread-775] INFO  impl.RoleInfo (RoleInfo.java:updateAndGet(143)) - 13e6f2a0-7b74-4c29-b613-54a9ac99ca5d: start LeaderElection
2019-10-17 02:20:43,295 [13e6f2a0-7b74-4c29-b613-54a9ac99ca5d@group-D7C8F5BEB75A-LeaderElection64] INFO  impl.LeaderElection (LeaderElection.java:askForVotes(178)) - 13e6f2a0-7b74-4c29-b613-54a9ac99ca5d@group-D7C8F5BEB75A-LeaderElection64: begin an election at term 52 for -1: [f349c4dc-e0f5-43f3-b014-e61370cb1add:192.168.157.194:39280, 13e6f2a0-7b74-4c29-b613-54a9ac99ca5d:192.168.157.194:32860, 5459097b-5895-44f9-a57c-1b76b0f7af13:192.168.157.194:35032], old=null
2019-10-17 02:20:43,297 [grpc-default-executor-6] INFO  impl.RaftServerImpl (RaftServerImpl.java:setRole(184)) - 5459097b-5895-44f9-a57c-1b76b0f7af13@group-D7C8F5BEB75A: changes role from  FOLLOWER to FOLLOWER at term 52 for recognizeCandidate:13e6f2a0-7b74-4c29-b613-54a9ac99ca5d
2019-10-17 02:20:43,297 [grpc-default-executor-4] INFO  impl.RaftServerImpl (RaftServerImpl.java:setRole(184)) - f349c4dc-e0f5-43f3-b014-e61370cb1add@group-D7C8F5BEB75A: changes role from  FOLLOWER to FOLLOWER at term 52 for recognizeCandidate:13e6f2a0-7b74-4c29-b613-54a9ac99ca5d
2019-10-17 02:20:43,297 [grpc-default-executor-6] INFO  impl.RoleInfo (RoleInfo.java:shutdownFollowerState(121)) - 5459097b-5895-44f9-a57c-1b76b0f7af13: shutdown FollowerState
2019-10-17 02:20:43,297 [grpc-default-executor-4] INFO  impl.RoleInfo (RoleInfo.java:shutdownFollowerState(121)) - f349c4dc-e0f5-43f3-b014-e61370cb1add: shutdown FollowerState
2019-10-17 02:20:43,297 [grpc-default-executor-6] INFO  impl.RoleInfo (RoleInfo.java:updateAndGet(143)) - 5459097b-5895-44f9-a57c-1b76b0f7af13: start FollowerState
2019-10-17 02:20:43,297 [Thread-774] INFO  impl.FollowerState (FollowerState.java:run(117)) - 5459097b-5895-44f9-a57c-1b76b0f7af13@group-D7C8F5BEB75A-FollowerState was interrupted: java.lang.InterruptedException: sleep interrupted
2019-10-17 02:20:43,298 [grpc-default-executor-4] INFO  impl.RoleInfo (RoleInfo.java:updateAndGet(143)) - f349c4dc-e0f5-43f3-b014-e61370cb1add: start FollowerState
2019-10-17 02:20:43,298 [Thread-773] INFO  impl.FollowerState (FollowerState.java:run(117)) - f349c4dc-e0f5-43f3-b014-e61370cb1add@group-D7C8F5BEB75A-FollowerState was interrupted: java.lang.InterruptedException: sleep interrupted
2019-10-17 02:20:43,310 [13e6f2a0-7b74-4c29-b613-54a9ac99ca5d@group-D7C8F5BEB75A-LeaderElection64] INFO  impl.LeaderElection (LeaderElection.java:logAndReturn(56)) - 13e6f2a0-7b74-4c29-b613-54a9ac99ca5d@group-D7C8F5BEB75A-LeaderElection64: Election REJECTED; received 2 response(s) [13e6f2a0-7b74-4c29-b613-54a9ac99ca5d<-f349c4dc-e0f5-43f3-b014-e61370cb1add#0:FAIL-t52, 13e6f2a0-7b74-4c29-b613-54a9ac99ca5d<-5459097b-5895-44f9-a57c-1b76b0f7af13#0:FAIL-t52] and 0 exception(s); 13e6f2a0-7b74-4c29-b613-54a9ac99ca5d@group-D7C8F5BEB75A:t52, leader=null, voted=13e6f2a0-7b74-4c29-b613-54a9ac99ca5d, raftlog=13e6f2a0-7b74-4c29-b613-54a9ac99ca5d@group-D7C8F5BEB75A-SegmentedRaftLog:OPENED:c-1,f-1,i0, conf=-1: [f349c4dc-e0f5-43f3-b014-e61370cb1add:192.168.157.194:39280, 13e6f2a0-7b74-4c29-b613-54a9ac99ca5d:192.168.157.194:32860, 5459097b-5895-44f9-a57c-1b76b0f7af13:192.168.157.194:35032], old=null
2019-10-17 02:20:43,310 [13e6f2a0-7b74-4c29-b613-54a9ac99ca5d@group-D7C8F5BEB75A-LeaderElection64] INFO  impl.RaftServerImpl (RaftServerImpl.java:setRole(184)) - 13e6f2a0-7b74-4c29-b613-54a9ac99ca5d@group-D7C8F5BEB75A: changes role from CANDIDATE to FOLLOWER at term 52 for DISCOVERED_A_NEW_TERM
2019-10-17 02:20:43,310 [13e6f2a0-7b74-4c29-b613-54a9ac99ca5d@group-D7C8F5BEB75A-LeaderElection64] INFO  impl.RoleInfo (RoleInfo.java:shutdownLeaderElection(134)) - 13e6f2a0-7b74-4c29-b613-54a9ac99ca5d: shutdown LeaderElection
2019-10-17 02:20:43,310 [13e6f2a0-7b74-4c29-b613-54a9ac99ca5d@group-D7C8F5BEB75A-LeaderElection64] INFO  impl.RoleInfo (RoleInfo.java:updateAndGet(143)) - 13e6f2a0-7b74-4c29-b613-54a9ac99ca5d: start FollowerState
2019-10-17 02:20:43,404 [Thread-781] INFO  impl.FollowerState (FollowerState.java:run(108)) - 13e6f2a0-7b74-4c29-b613-54a9ac99ca5d@group-D7C8F5BEB75A-FollowerState: change to CANDIDATE, lastRpcTime:93ms, electionTimeout:93ms
2019-10-17 02:20:43,404 [Thread-781] INFO  impl.RoleInfo (RoleInfo.java:shutdownFollowerState(121)) - 13e6f2a0-7b74-4c29-b613-54a9ac99ca5d: shutdown FollowerState
2019-10-17 02:20:43,404 [Thread-781] INFO  impl.RaftServerImpl (RaftServerImpl.java:setRole(184)) - 13e6f2a0-7b74-4c29-b613-54a9ac99ca5d@group-D7C8F5BEB75A: changes role from  FOLLOWER to CANDIDATE at term 52 for changeToCandidate
2019-10-17 02:20:43,404 [Thread-781] INFO  impl.RoleInfo (RoleInfo.java:updateAndGet(143)) - 13e6f2a0-7b74-4c29-b613-54a9ac99ca5d: start LeaderElection
2019-10-17 02:20:43,418 [13e6f2a0-7b74-4c29-b613-54a9ac99ca5d@group-D7C8F5BEB75A-LeaderElection65] INFO  impl.LeaderElection (LeaderElection.java:askForVotes(178)) - 13e6f2a0-7b74-4c29-b613-54a9ac99ca5d@group-D7C8F5BEB75A-LeaderElection65: begin an election at term 53 for -1: [f349c4dc-e0f5-43f3-b014-e61370cb1add:192.168.157.194:39280, 13e6f2a0-7b74-4c29-b613-54a9ac99ca5d:192.168.157.194:32860, 5459097b-5895-44f9-a57c-1b76b0f7af13:192.168.157.194:35032], old=null
2019-10-17 02:20:43,421 [grpc-default-executor-4] INFO  impl.RaftServerImpl (RaftServerImpl.java:setRole(184)) - 5459097b-5895-44f9-a57c-1b76b0f7af13@group-D7C8F5BEB75A: changes role from  FOLLOWER to FOLLOWER at term 53 for recognizeCandidate:13e6f2a0-7b74-4c29-b613-54a9ac99ca5d
2019-10-17 02:20:43,421 [grpc-default-executor-6] INFO  impl.RaftServerImpl (RaftServerImpl.java:setRole(184)) - f349c4dc-e0f5-43f3-b014-e61370cb1add@group-D7C8F5BEB75A: changes role from  FOLLOWER to FOLLOWER at term 53 for recognizeCandidate:13e6f2a0-7b74-4c29-b613-54a9ac99ca5d
2019-10-17 02:20:43,421 [grpc-default-executor-4] INFO  impl.RoleInfo (RoleInfo.java:shutdownFollowerState(121)) - 5459097b-5895-44f9-a57c-1b76b0f7af13: shutdown FollowerState
2019-10-17 02:20:43,421 [grpc-default-executor-6] INFO  impl.RoleInfo (RoleInfo.java:shutdownFollowerState(121)) - f349c4dc-e0f5-43f3-b014-e61370cb1add: shutdown FollowerState
2019-10-17 02:20:43,421 [Thread-779] INFO  impl.FollowerState (FollowerState.java:run(117)) - 5459097b-5895-44f9-a57c-1b76b0f7af13@group-D7C8F5BEB75A-FollowerState was interrupted: java.lang.InterruptedException: sleep interrupted
2019-10-17 02:20:43,421 [grpc-default-executor-4] INFO  impl.RoleInfo (RoleInfo.java:updateAndGet(143)) - 5459097b-5895-44f9-a57c-1b76b0f7af13: start FollowerState
2019-10-17 02:20:43,421 [Thread-780] INFO  impl.FollowerState (FollowerState.java:run(117)) - f349c4dc-e0f5-43f3-b014-e61370cb1add@group-D7C8F5BEB75A-FollowerState was interrupted: java.lang.InterruptedException: sleep interrupted
2019-10-17 02:20:43,421 [grpc-default-executor-6] INFO  impl.RoleInfo (RoleInfo.java:updateAndGet(143)) - f349c4dc-e0f5-43f3-b014-e61370cb1add: start FollowerState
2019-10-17 02:20:43,436 [13e6f2a0-7b74-4c29-b613-54a9ac99ca5d@group-D7C8F5BEB75A-LeaderElection65] INFO  impl.LeaderElection (LeaderElection.java:logAndReturn(56)) - 13e6f2a0-7b74-4c29-b613-54a9ac99ca5d@group-D7C8F5BEB75A-LeaderElection65: Election REJECTED; received 2 response(s) [13e6f2a0-7b74-4c29-b613-54a9ac99ca5d<-f349c4dc-e0f5-43f3-b014-e61370cb1add#0:FAIL-t53, 13e6f2a0-7b74-4c29-b613-54a9ac99ca5d<-5459097b-5895-44f9-a57c-1b76b0f7af13#0:FAIL-t53] and 0 exception(s); 13e6f2a0-7b74-4c29-b613-54a9ac99ca5d@group-D7C8F5BEB75A:t53, leader=null, voted=13e6f2a0-7b74-4c29-b613-54a9ac99ca5d, raftlog=13e6f2a0-7b74-4c29-b613-54a9ac99ca5d@group-D7C8F5BEB75A-SegmentedRaftLog:OPENED:c-1,f-1,i0, conf=-1: [f349c4dc-e0f5-43f3-b014-e61370cb1add:192.168.157.194:39280, 13e6f2a0-7b74-4c29-b613-54a9ac99ca5d:192.168.157.194:32860, 5459097b-5895-44f9-a57c-1b76b0f7af13:192.168.157.194:35032], old=null
2019-10-17 02:20:43,436 [13e6f2a0-7b74-4c29-b613-54a9ac99ca5d@group-D7C8F5BEB75A-LeaderElection65] INFO  impl.RaftServerImpl (RaftServerImpl.java:setRole(184)) - 13e6f2a0-7b74-4c29-b613-54a9ac99ca5d@group-D7C8F5BEB75A: changes role from CANDIDATE to FOLLOWER at term 53 for DISCOVERED_A_NEW_TERM
2019-10-17 02:20:43,436 [13e6f2a0-7b74-4c29-b613-54a9ac99ca5d@group-D7C8F5BEB75A-LeaderElection65] INFO  impl.RoleInfo (RoleInfo.java:shutdownLeaderElection(134)) - 13e6f2a0-7b74-4c29-b613-54a9ac99ca5d: shutdown LeaderElection
2019-10-17 02:20:43,437 [13e6f2a0-7b74-4c29-b613-54a9ac99ca5d@group-D7C8F5BEB75A-LeaderElection65] INFO  impl.RoleInfo (RoleInfo.java:updateAndGet(143)) - 13e6f2a0-7b74-4c29-b613-54a9ac99ca5d: start FollowerState
2019-10-17 02:20:43,587 [Thread-787] INFO  impl.FollowerState (FollowerState.java:run(108)) - 13e6f2a0-7b74-4c29-b613-54a9ac99ca5d@group-D7C8F5BEB75A-FollowerState: change to CANDIDATE, lastRpcTime:150ms, electionTimeout:150ms
2019-10-17 02:20:43,587 [Thread-787] INFO  impl.RoleInfo (RoleInfo.java:shutdownFollowerState(121)) - 13e6f2a0-7b74-4c29-b613-54a9ac99ca5d: shutdown FollowerState
2019-10-17 02:20:43,587 [Thread-787] INFO  impl.RaftServerImpl (RaftServerImpl.java:setRole(184)) - 13e6f2a0-7b74-4c29-b613-54a9ac99ca5d@group-D7C8F5BEB75A: changes role from  FOLLOWER to CANDIDATE at term 53 for changeToCandidate
2019-10-17 02:20:43,588 [Thread-787] INFO  impl.RoleInfo (RoleInfo.java:updateAndGet(143)) - 13e6f2a0-7b74-4c29-b613-54a9ac99ca5d: start LeaderElection
2019-10-17 02:20:43,602 [13e6f2a0-7b74-4c29-b613-54a9ac99ca5d@group-D7C8F5BEB75A-LeaderElection66] INFO  impl.LeaderElection (LeaderElection.java:askForVotes(178)) - 13e6f2a0-7b74-4c29-b613-54a9ac99ca5d@group-D7C8F5BEB75A-LeaderElection66: begin an election at term 54 for -1: [f349c4dc-e0f5-43f3-b014-e61370cb1add:192.168.157.194:39280, 13e6f2a0-7b74-4c29-b613-54a9ac99ca5d:192.168.157.194:32860, 5459097b-5895-44f9-a57c-1b76b0f7af13:192.168.157.194:35032], old=null
2019-10-17 02:20:43,604 [grpc-default-executor-4] INFO  impl.RaftServerImpl (RaftServerImpl.java:setRole(184)) - f349c4dc-e0f5-43f3-b014-e61370cb1add@group-D7C8F5BEB75A: changes role from  FOLLOWER to FOLLOWER at term 54 for recognizeCandidate:13e6f2a0-7b74-4c29-b613-54a9ac99ca5d
2019-10-17 02:20:43,604 [grpc-default-executor-6] INFO  impl.RaftServerImpl (RaftServerImpl.java:setRole(184)) - 5459097b-5895-44f9-a57c-1b76b0f7af13@group-D7C8F5BEB75A: changes role from  FOLLOWER to FOLLOWER at term 54 for recognizeCandidate:13e6f2a0-7b74-4c29-b613-54a9ac99ca5d
2019-10-17 02:20:43,605 [grpc-default-executor-4] INFO  impl.RoleInfo (RoleInfo.java:shutdownFollowerState(121)) - f349c4dc-e0f5-43f3-b014-e61370cb1add: shutdown FollowerState
2019-10-17 02:20:43,605 [grpc-default-executor-6] INFO  impl.RoleInfo (RoleInfo.java:shutdownFollowerState(121)) - 5459097b-5895-44f9-a57c-1b76b0f7af13: shutdown FollowerState
2019-10-17 02:20:43,605 [Thread-786] INFO  impl.FollowerState (FollowerState.java:run(117)) - f349c4dc-e0f5-43f3-b014-e61370cb1add@group-D7C8F5BEB75A-FollowerState was interrupted: java.lang.InterruptedException: sleep interrupted
2019-10-17 02:20:43,605 [grpc-default-executor-4] INFO  impl.RoleInfo (RoleInfo.java:updateAndGet(143)) - f349c4dc-e0f5-43f3-b014-e61370cb1add: start FollowerState
2019-10-17 02:20:43,605 [Thread-785] INFO  impl.FollowerState (FollowerState.java:run(117)) - 5459097b-5895-44f9-a57c-1b76b0f7af13@group-D7C8F5BEB75A-FollowerState was interrupted: java.lang.InterruptedException: sleep interrupted
2019-10-17 02:20:43,605 [grpc-default-executor-6] INFO  impl.RoleInfo (RoleInfo.java:updateAndGet(143)) - 5459097b-5895-44f9-a57c-1b76b0f7af13: start FollowerState
2019-10-17 02:20:43,620 [13e6f2a0-7b74-4c29-b613-54a9ac99ca5d@group-D7C8F5BEB75A-LeaderElection66] INFO  impl.LeaderElection (LeaderElection.java:logAndReturn(56)) - 13e6f2a0-7b74-4c29-b613-54a9ac99ca5d@group-D7C8F5BEB75A-LeaderElection66: Election REJECTED; received 2 response(s) [13e6f2a0-7b74-4c29-b613-54a9ac99ca5d<-f349c4dc-e0f5-43f3-b014-e61370cb1add#0:FAIL-t54, 13e6f2a0-7b74-4c29-b613-54a9ac99ca5d<-5459097b-5895-44f9-a57c-1b76b0f7af13#0:FAIL-t54] and 0 exception(s); 13e6f2a0-7b74-4c29-b613-54a9ac99ca5d@group-D7C8F5BEB75A:t54, leader=null, voted=13e6f2a0-7b74-4c29-b613-54a9ac99ca5d, raftlog=13e6f2a0-7b74-4c29-b613-54a9ac99ca5d@group-D7C8F5BEB75A-SegmentedRaftLog:OPENED:c-1,f-1,i0, conf=-1: [f349c4dc-e0f5-43f3-b014-e61370cb1add:192.168.157.194:39280, 13e6f2a0-7b74-4c29-b613-54a9ac99ca5d:192.168.157.194:32860, 5459097b-5895-44f9-a57c-1b76b0f7af13:192.168.157.194:35032], old=null
2019-10-17 02:20:43,620 [13e6f2a0-7b74-4c29-b613-54a9ac99ca5d@group-D7C8F5BEB75A-LeaderElection66] INFO  impl.RaftServerImpl (RaftServerImpl.java:setRole(184)) - 13e6f2a0-7b74-4c29-b613-54a9ac99ca5d@group-D7C8F5BEB75A: changes role from CANDIDATE to FOLLOWER at term 54 for DISCOVERED_A_NEW_TERM
2019-10-17 02:20:43,620 [13e6f2a0-7b74-4c29-b613-54a9ac99ca5d@group-D7C8F5BEB75A-LeaderElection66] INFO  impl.RoleInfo (RoleInfo.java:shutdownLeaderElection(134)) - 13e6f2a0-7b74-4c29-b613-54a9ac99ca5d: shutdown LeaderElection
2019-10-17 02:20:43,620 [13e6f2a0-7b74-4c29-b613-54a9ac99ca5d@group-D7C8F5BEB75A-LeaderElection66] INFO  impl.RoleInfo (RoleInfo.java:updateAndGet(143)) - 13e6f2a0-7b74-4c29-b613-54a9ac99ca5d: start FollowerState
2019-10-17 02:20:43,735 [Thread-793] INFO  impl.FollowerState (FollowerState.java:run(108)) - 13e6f2a0-7b74-4c29-b613-54a9ac99ca5d@group-D7C8F5BEB75A-FollowerState: change to CANDIDATE, lastRpcTime:114ms, electionTimeout:114ms
2019-10-17 02:20:43,736 [Thread-793] INFO  impl.RoleInfo (RoleInfo.java:shutdownFollowerState(121)) - 13e6f2a0-7b74-4c29-b613-54a9ac99ca5d: shutdown FollowerState
2019-10-17 02:20:43,736 [Thread-793] INFO  impl.RaftServerImpl (RaftServerImpl.java:setRole(184)) - 13e6f2a0-7b74-4c29-b613-54a9ac99ca5d@group-D7C8F5BEB75A: changes role from  FOLLOWER to CANDIDATE at term 54 for changeToCandidate
2019-10-17 02:20:43,736 [Thread-793] INFO  impl.RoleInfo (RoleInfo.java:updateAndGet(143)) - 13e6f2a0-7b74-4c29-b613-54a9ac99ca5d: start LeaderElection
 0.00% |?                                                                                                    |  0/1 Time: 0:00:032019-10-17 02:20:43,749 [13e6f2a0-7b74-4c29-b613-54a9ac99ca5d@group-D7C8F5BEB75A-LeaderElection67] INFO  impl.LeaderElection (LeaderElection.java:askForVotes(178)) - 13e6f2a0-7b74-4c29-b613-54a9ac99ca5d@group-D7C8F5BEB75A-LeaderElection67: begin an election at term 55 for -1: [f349c4dc-e0f5-43f3-b014-e61370cb1add:192.168.157.194:39280, 13e6f2a0-7b74-4c29-b613-54a9ac99ca5d:192.168.157.194:32860, 5459097b-5895-44f9-a57c-1b76b0f7af13:192.168.157.194:35032], old=null
2019-10-17 02:20:43,752 [grpc-default-executor-4] INFO  impl.RaftServerImpl (RaftServerImpl.java:setRole(184)) - 5459097b-5895-44f9-a57c-1b76b0f7af13@group-D7C8F5BEB75A: changes role from  FOLLOWER to FOLLOWER at term 55 for recognizeCandidate:13e6f2a0-7b74-4c29-b613-54a9ac99ca5d
2019-10-17 02:20:43,752 [grpc-default-executor-6] INFO  impl.RaftServerImpl (RaftServerImpl.java:setRole(184)) - f349c4dc-e0f5-43f3-b014-e61370cb1add@group-D7C8F5BEB75A: changes role from  FOLLOWER to FOLLOWER at term 55 for recognizeCandidate:13e6f2a0-7b74-4c29-b613-54a9ac99ca5d
2019-10-17 02:20:43,752 [grpc-default-executor-4] INFO  impl.RoleInfo (RoleInfo.java:shutdownFollowerState(121)) - 5459097b-5895-44f9-a57c-1b76b0f7af13: shutdown FollowerState
2019-10-17 02:20:43,752 [grpc-default-executor-6] INFO  impl.RoleInfo (RoleInfo.java:shutdownFollowerState(121)) - f349c4dc-e0f5-43f3-b014-e61370cb1add: shutdown FollowerState
2019-10-17 02:20:43,752 [grpc-default-executor-4] INFO  impl.RoleInfo (RoleInfo.java:updateAndGet(143)) - 5459097b-5895-44f9-a57c-1b76b0f7af13: start FollowerState
2019-10-17 02:20:43,752 [Thread-792] INFO  impl.FollowerState (FollowerState.java:run(117)) - 5459097b-5895-44f9-a57c-1b76b0f7af13@group-D7C8F5BEB75A-FollowerState was interrupted: java.lang.InterruptedException: sleep interrupted
2019-10-17 02:20:43,752 [Thread-791] INFO  impl.FollowerState (FollowerState.java:run(117)) - f349c4dc-e0f5-43f3-b014-e61370cb1add@group-D7C8F5BEB75A-FollowerState was interrupted: java.lang.InterruptedException: sleep interrupted
2019-10-17 02:20:43,752 [grpc-default-executor-6] INFO  impl.RoleInfo (RoleInfo.java:updateAndGet(143)) - f349c4dc-e0f5-43f3-b014-e61370cb1add: start FollowerState
2019-10-17 02:20:43,768 [13e6f2a0-7b74-4c29-b613-54a9ac99ca5d@group-D7C8F5BEB75A-LeaderElection67] INFO  impl.LeaderElection (LeaderElection.java:logAndReturn(56)) - 13e6f2a0-7b74-4c29-b613-54a9ac99ca5d@group-D7C8F5BEB75A-LeaderElection67: Election REJECTED; received 2 response(s) [13e6f2a0-7b74-4c29-b613-54a9ac99ca5d<-f349c4dc-e0f5-43f3-b014-e61370cb1add#0:FAIL-t55, 13e6f2a0-7b74-4c29-b613-54a9ac99ca5d<-5459097b-5895-44f9-a57c-1b76b0f7af13#0:FAIL-t55] and 0 exception(s); 13e6f2a0-7b74-4c29-b613-54a9ac99ca5d@group-D7C8F5BEB75A:t55, leader=null, voted=13e6f2a0-7b74-4c29-b613-54a9ac99ca5d, raftlog=13e6f2a0-7b74-4c29-b613-54a9ac99ca5d@group-D7C8F5BEB75A-SegmentedRaftLog:OPENED:c-1,f-1,i0, conf=-1: [f349c4dc-e0f5-43f3-b014-e61370cb1add:192.168.157.194:39280, 13e6f2a0-7b74-4c29-b613-54a9ac99ca5d:192.168.157.194:32860, 5459097b-5895-44f9-a57c-1b76b0f7af13:192.168.157.194:35032], old=null
2019-10-17 02:20:43,768 [13e6f2a0-7b74-4c29-b613-54a9ac99ca5d@group-D7C8F5BEB75A-LeaderElection67] INFO  impl.RaftServerImpl (RaftServerImpl.java:setRole(184)) - 13e6f2a0-7b74-4c29-b613-54a9ac99ca5d@group-D7C8F5BEB75A: changes role from CANDIDATE to FOLLOWER at term 55 for DISCOVERED_A_NEW_TERM
2019-10-17 02:20:43,768 [13e6f2a0-7b74-4c29-b613-54a9ac99ca5d@group-D7C8F5BEB75A-LeaderElection67] INFO  impl.RoleInfo (RoleInfo.java:shutdownLeaderElection(134)) - 13e6f2a0-7b74-4c29-b613-54a9ac99ca5d: shutdown LeaderElection
2019-10-17 02:20:43,768 [13e6f2a0-7b74-4c29-b613-54a9ac99ca5d@group-D7C8F5BEB75A-LeaderElection67] INFO  impl.RoleInfo (RoleInfo.java:updateAndGet(143)) - 13e6f2a0-7b74-4c29-b613-54a9ac99ca5d: start FollowerState
2019-10-17 02:20:43,852 [Thread-799] INFO  impl.FollowerState (FollowerState.java:run(108)) - 13e6f2a0-7b74-4c29-b613-54a9ac99ca5d@group-D7C8F5BEB75A-FollowerState: change to CANDIDATE, lastRpcTime:84ms, electionTimeout:84ms
2019-10-17 02:20:43,853 [Thread-799] INFO  impl.RoleInfo (RoleInfo.java:shutdownFollowerState(121)) - 13e6f2a0-7b74-4c29-b613-54a9ac99ca5d: shutdown FollowerState
2019-10-17 02:20:43,853 [Thread-799] INFO  impl.RaftServerImpl (RaftServerImpl.java:setRole(184)) - 13e6f2a0-7b74-4c29-b613-54a9ac99ca5d@group-D7C8F5BEB75A: changes role from  FOLLOWER to CANDIDATE at term 55 for changeToCandidate
2019-10-17 02:20:43,853 [Thread-799] INFO  impl.RoleInfo (RoleInfo.java:updateAndGet(143)) - 13e6f2a0-7b74-4c29-b613-54a9ac99ca5d: start LeaderElection
2019-10-17 02:20:43,867 [13e6f2a0-7b74-4c29-b613-54a9ac99ca5d@group-D7C8F5BEB75A-LeaderElection68] INFO  impl.LeaderElection (LeaderElection.java:askForVotes(178)) - 13e6f2a0-7b74-4c29-b613-54a9ac99ca5d@group-D7C8F5BEB75A-LeaderElection68: begin an election at term 56 for -1: [f349c4dc-e0f5-43f3-b014-e61370cb1add:192.168.157.194:39280, 13e6f2a0-7b74-4c29-b613-54a9ac99ca5d:192.168.157.194:32860, 5459097b-5895-44f9-a57c-1b76b0f7af13:192.168.157.194:35032], old=null
2019-10-17 02:20:43,869 [grpc-default-executor-6] INFO  impl.RaftServerImpl (RaftServerImpl.java:setRole(184)) - f349c4dc-e0f5-43f3-b014-e61370cb1add@group-D7C8F5BEB75A: changes role from  FOLLOWER to FOLLOWER at term 56 for recognizeCandidate:13e6f2a0-7b74-4c29-b613-54a9ac99ca5d
2019-10-17 02:20:43,869 [grpc-default-executor-6] INFO  impl.RoleInfo (RoleInfo.java:shutdownFollowerState(121)) - f349c4dc-e0f5-43f3-b014-e61370cb1add: shutdown FollowerState
2019-10-17 02:20:43,869 [Thread-798] INFO  impl.FollowerState (FollowerState.java:run(117)) - f349c4dc-e0f5-43f3-b014-e61370cb1add@group-D7C8F5BEB75A-FollowerState was interrupted: java.lang.InterruptedException: sleep interrupted
2019-10-17 02:20:43,869 [grpc-default-executor-6] INFO  impl.RoleInfo (RoleInfo.java:updateAndGet(143)) - f349c4dc-e0f5-43f3-b014-e61370cb1add: start FollowerState
2019-10-17 02:20:43,870 [grpc-default-executor-4] INFO  impl.RaftServerImpl (RaftServerImpl.java:setRole(184)) - 5459097b-5895-44f9-a57c-1b76b0f7af13@group-D7C8F5BEB75A: changes role from  FOLLOWER to FOLLOWER at term 56 for recognizeCandidate:13e6f2a0-7b74-4c29-b613-54a9ac99ca5d
2019-10-17 02:20:43,870 [grpc-default-executor-4] INFO  impl.RoleInfo (RoleInfo.java:shutdownFollowerState(121)) - 5459097b-5895-44f9-a57c-1b76b0f7af13: shutdown FollowerState
2019-10-17 02:20:43,870 [grpc-default-executor-4] INFO  impl.RoleInfo (RoleInfo.java:updateAndGet(143)) - 5459097b-5895-44f9-a57c-1b76b0f7af13: start FollowerState
2019-10-17 02:20:43,870 [Thread-797] INFO  impl.FollowerState (FollowerState.java:run(117)) - 5459097b-5895-44f9-a57c-1b76b0f7af13@group-D7C8F5BEB75A-FollowerState was interrupted: java.lang.InterruptedException: sleep interrupted
2019-10-17 02:20:43,884 [13e6f2a0-7b74-4c29-b613-54a9ac99ca5d@group-D7C8F5BEB75A-LeaderElection68] INFO  impl.LeaderElection (LeaderElection.java:logAndReturn(56)) - 13e6f2a0-7b74-4c29-b613-54a9ac99ca5d@group-D7C8F5BEB75A-LeaderElection68: Election REJECTED; received 2 response(s) [13e6f2a0-7b74-4c29-b613-54a9ac99ca5d<-f349c4dc-e0f5-43f3-b014-e61370cb1add#0:FAIL-t56, 13e6f2a0-7b74-4c29-b613-54a9ac99ca5d<-5459097b-5895-44f9-a57c-1b76b0f7af13#0:FAIL-t56] and 0 exception(s); 13e6f2a0-7b74-4c29-b613-54a9ac99ca5d@group-D7C8F5BEB75A:t56, leader=null, voted=13e6f2a0-7b74-4c29-b613-54a9ac99ca5d, raftlog=13e6f2a0-7b74-4c29-b613-54a9ac99ca5d@group-D7C8F5BEB75A-SegmentedRaftLog:OPENED:c-1,f-1,i0, conf=-1: [f349c4dc-e0f5-43f3-b014-e61370cb1add:192.168.157.194:39280, 13e6f2a0-7b74-4c29-b613-54a9ac99ca5d:192.168.157.194:32860, 5459097b-5895-44f9-a57c-1b76b0f7af13:192.168.157.194:35032], old=null
2019-10-17 02:20:43,884 [13e6f2a0-7b74-4c29-b613-54a9ac99ca5d@group-D7C8F5BEB75A-LeaderElection68] INFO  impl.RaftServerImpl (RaftServerImpl.java:setRole(184)) - 13e6f2a0-7b74-4c29-b613-54a9ac99ca5d@group-D7C8F5BEB75A: changes role from CANDIDATE to FOLLOWER at term 56 for DISCOVERED_A_NEW_TERM
2019-10-17 02:20:43,884 [13e6f2a0-7b74-4c29-b613-54a9ac99ca5d@group-D7C8F5BEB75A-LeaderElection68] INFO  impl.RoleInfo (RoleInfo.java:shutdownLeaderElection(134)) - 13e6f2a0-7b74-4c29-b613-54a9ac99ca5d: shutdown LeaderElection
2019-10-17 02:20:43,884 [13e6f2a0-7b74-4c29-b613-54a9ac99ca5d@group-D7C8F5BEB75A-LeaderElection68] INFO  impl.RoleInfo (RoleInfo.java:updateAndGet(143)) - 13e6f2a0-7b74-4c29-b613-54a9ac99ca5d: start FollowerState
2019-10-17 02:20:43,900 [Thread-805] INFO  impl.FollowerState (FollowerState.java:run(108)) - 13e6f2a0-7b74-4c29-b613-54a9ac99ca5d@group-D7C8F5BEB75A-FollowerState: change to CANDIDATE, lastRpcTime:16ms, electionTimeout:16ms
2019-10-17 02:20:43,900 [Thread-805] INFO  impl.RoleInfo (RoleInfo.java:shutdownFollowerState(121)) - 13e6f2a0-7b74-4c29-b613-54a9ac99ca5d: shutdown FollowerState
2019-10-17 02:20:43,900 [Thread-805] INFO  impl.RaftServerImpl (RaftServerImpl.java:setRole(184)) - 13e6f2a0-7b74-4c29-b613-54a9ac99ca5d@group-D7C8F5BEB75A: changes role from  FOLLOWER to CANDIDATE at term 56 for changeToCandidate
2019-10-17 02:20:43,901 [Thread-805] INFO  impl.RoleInfo (RoleInfo.java:updateAndGet(143)) - 13e6f2a0-7b74-4c29-b613-54a9ac99ca5d: start LeaderElection
2019-10-17 02:20:43,914 [13e6f2a0-7b74-4c29-b613-54a9ac99ca5d@group-D7C8F5BEB75A-LeaderElection69] INFO  impl.LeaderElection (LeaderElection.java:askForVotes(178)) - 13e6f2a0-7b74-4c29-b613-54a9ac99ca5d@group-D7C8F5BEB75A-LeaderElection69: begin an election at term 57 for -1: [f349c4dc-e0f5-43f3-b014-e61370cb1add:192.168.157.194:39280, 13e6f2a0-7b74-4c29-b613-54a9ac99ca5d:192.168.157.194:32860, 5459097b-5895-44f9-a57c-1b76b0f7af13:192.168.157.194:35032], old=null
2019-10-17 02:20:43,916 [grpc-default-executor-6] INFO  impl.RaftServerImpl (RaftServerImpl.java:setRole(184)) - f349c4dc-e0f5-43f3-b014-e61370cb1add@group-D7C8F5BEB75A: changes role from  FOLLOWER to FOLLOWER at term 57 for recognizeCandidate:13e6f2a0-7b74-4c29-b613-54a9ac99ca5d
2019-10-17 02:20:43,916 [grpc-default-executor-6] INFO  impl.RoleInfo (RoleInfo.java:shutdownFollowerState(121)) - f349c4dc-e0f5-43f3-b014-e61370cb1add: shutdown FollowerState
2019-10-17 02:20:43,916 [grpc-default-executor-4] INFO  impl.RaftServerImpl (RaftServerImpl.java:setRole(184)) - 5459097b-5895-44f9-a57c-1b76b0f7af13@group-D7C8F5BEB75A: changes role from  FOLLOWER to FOLLOWER at term 57 for recognizeCandidate:13e6f2a0-7b74-4c29-b613-54a9ac99ca5d
2019-10-17 02:20:43,916 [grpc-default-executor-4] INFO  impl.RoleInfo (RoleInfo.java:shutdownFollowerState(121)) - 5459097b-5895-44f9-a57c-1b76b0f7af13: shutdown FollowerState
2019-10-17 02:20:43,916 [Thread-803] INFO  impl.FollowerState (FollowerState.java:run(117)) - f349c4dc-e0f5-43f3-b014-e61370cb1add@group-D7C8F5BEB75A-FollowerState was interrupted: java.lang.InterruptedException: sleep interrupted
2019-10-17 02:20:43,916 [grpc-default-executor-6] INFO  impl.RoleInfo (RoleInfo.java:updateAndGet(143)) - f349c4dc-e0f5-43f3-b014-e61370cb1add: start FollowerState
2019-10-17 02:20:43,916 [Thread-804] INFO  impl.FollowerState (FollowerState.java:run(117)) - 5459097b-5895-44f9-a57c-1b76b0f7af13@group-D7C8F5BEB75A-FollowerState was interrupted: java.lang.InterruptedException: sleep interrupted
2019-10-17 02:20:43,916 [grpc-default-executor-4] INFO  impl.RoleInfo (RoleInfo.java:updateAndGet(143)) - 5459097b-5895-44f9-a57c-1b76b0f7af13: start FollowerState
2019-10-17 02:20:43,934 [13e6f2a0-7b74-4c29-b613-54a9ac99ca5d@group-D7C8F5BEB75A-LeaderElection69] INFO  impl.LeaderElection (LeaderElection.java:logAndReturn(56)) - 13e6f2a0-7b74-4c29-b613-54a9ac99ca5d@group-D7C8F5BEB75A-LeaderElection69: Election REJECTED; received 2 response(s) [13e6f2a0-7b74-4c29-b613-54a9ac99ca5d<-f349c4dc-e0f5-43f3-b014-e61370cb1add#0:FAIL-t57, 13e6f2a0-7b74-4c29-b613-54a9ac99ca5d<-5459097b-5895-44f9-a57c-1b76b0f7af13#0:FAIL-t57] and 0 exception(s); 13e6f2a0-7b74-4c29-b613-54a9ac99ca5d@group-D7C8F5BEB75A:t57, leader=null, voted=13e6f2a0-7b74-4c29-b613-54a9ac99ca5d, raftlog=13e6f2a0-7b74-4c29-b613-54a9ac99ca5d@group-D7C8F5BEB75A-SegmentedRaftLog:OPENED:c-1,f-1,i0, conf=-1: [f349c4dc-e0f5-43f3-b014-e61370cb1add:192.168.157.194:39280, 13e6f2a0-7b74-4c29-b613-54a9ac99ca5d:192.168.157.194:32860, 5459097b-5895-44f9-a57c-1b76b0f7af13:192.168.157.194:35032], old=null
2019-10-17 02:20:43,935 [13e6f2a0-7b74-4c29-b613-54a9ac99ca5d@group-D7C8F5BEB75A-LeaderElection69] INFO  impl.RaftServerImpl (RaftServerImpl.java:setRole(184)) - 13e6f2a0-7b74-4c29-b613-54a9ac99ca5d@group-D7C8F5BEB75A: changes role from CANDIDATE to FOLLOWER at term 57 for DISCOVERED_A_NEW_TERM
2019-10-17 02:20:43,935 [13e6f2a0-7b74-4c29-b613-54a9ac99ca5d@group-D7C8F5BEB75A-LeaderElection69] INFO  impl.RoleInfo (RoleInfo.java:shutdownLeaderElection(134)) - 13e6f2a0-7b74-4c29-b613-54a9ac99ca5d: shutdown LeaderElection
2019-10-17 02:20:43,935 [13e6f2a0-7b74-4c29-b613-54a9ac99ca5d@group-D7C8F5BEB75A-LeaderElection69] INFO  impl.RoleInfo (RoleInfo.java:updateAndGet(143)) - 13e6f2a0-7b74-4c29-b613-54a9ac99ca5d: start FollowerState
2019-10-17 02:20:44,005 [Thread-811] INFO  impl.FollowerState (FollowerState.java:run(108)) - 13e6f2a0-7b74-4c29-b613-54a9ac99ca5d@group-D7C8F5BEB75A-FollowerState: change to CANDIDATE, lastRpcTime:70ms, electionTimeout:70ms
2019-10-17 02:20:44,005 [Thread-811] INFO  impl.RoleInfo (RoleInfo.java:shutdownFollowerState(121)) - 13e6f2a0-7b74-4c29-b613-54a9ac99ca5d: shutdown FollowerState
2019-10-17 02:20:44,006 [Thread-811] INFO  impl.RaftServerImpl (RaftServerImpl.java:setRole(184)) - 13e6f2a0-7b74-4c29-b613-54a9ac99ca5d@group-D7C8F5BEB75A: changes role from  FOLLOWER to CANDIDATE at term 57 for changeToCandidate
2019-10-17 02:20:44,006 [Thread-811] INFO  impl.RoleInfo (RoleInfo.java:updateAndGet(143)) - 13e6f2a0-7b74-4c29-b613-54a9ac99ca5d: start LeaderElection
2019-10-17 02:20:44,020 [13e6f2a0-7b74-4c29-b613-54a9ac99ca5d@group-D7C8F5BEB75A-LeaderElection70] INFO  impl.LeaderElection (LeaderElection.java:askForVotes(178)) - 13e6f2a0-7b74-4c29-b613-54a9ac99ca5d@group-D7C8F5BEB75A-LeaderElection70: begin an election at term 58 for -1: [f349c4dc-e0f5-43f3-b014-e61370cb1add:192.168.157.194:39280, 13e6f2a0-7b74-4c29-b613-54a9ac99ca5d:192.168.157.194:32860, 5459097b-5895-44f9-a57c-1b76b0f7af13:192.168.157.194:35032], old=null
2019-10-17 02:20:44,022 [grpc-default-executor-4] INFO  impl.RaftServerImpl (RaftServerImpl.java:setRole(184)) - f349c4dc-e0f5-43f3-b014-e61370cb1add@group-D7C8F5BEB75A: changes role from  FOLLOWER to FOLLOWER at term 58 for recognizeCandidate:13e6f2a0-7b74-4c29-b613-54a9ac99ca5d
2019-10-17 02:20:44,022 [grpc-default-executor-4] INFO  impl.RoleInfo (RoleInfo.java:shutdownFollowerState(121)) - f349c4dc-e0f5-43f3-b014-e61370cb1add: shutdown FollowerState
2019-10-17 02:20:44,022 [grpc-default-executor-4] INFO  impl.RoleInfo (RoleInfo.java:updateAndGet(143)) - f349c4dc-e0f5-43f3-b014-e61370cb1add: start FollowerState
2019-10-17 02:20:44,022 [grpc-default-executor-6] INFO  impl.RaftServerImpl (RaftServerImpl.java:setRole(184)) - 5459097b-5895-44f9-a57c-1b76b0f7af13@group-D7C8F5BEB75A: changes role from  FOLLOWER to FOLLOWER at term 58 for recognizeCandidate:13e6f2a0-7b74-4c29-b613-54a9ac99ca5d
2019-10-17 02:20:44,022 [Thread-809] INFO  impl.FollowerState (FollowerState.java:run(117)) - f349c4dc-e0f5-43f3-b014-e61370cb1add@group-D7C8F5BEB75A-FollowerState was interrupted: java.lang.InterruptedException: sleep interrupted
2019-10-17 02:20:44,022 [grpc-default-executor-6] INFO  impl.RoleInfo (RoleInfo.java:shutdownFollowerState(121)) - 5459097b-5895-44f9-a57c-1b76b0f7af13: shutdown FollowerState
2019-10-17 02:20:44,023 [13e6f2a0-7b74-4c29-b613-54a9ac99ca5d@group-D7C8F5BEB75A-LeaderElection70] INFO  impl.LeaderElection (LeaderElection.java:logAndReturn(56)) - 13e6f2a0-7b74-4c29-b613-54a9ac99ca5d@group-D7C8F5BEB75A-LeaderElection70: Election TIMEOUT; received 0 response(s) [] and 0 exception(s); 13e6f2a0-7b74-4c29-b613-54a9ac99ca5d@group-D7C8F5BEB75A:t58, leader=null, voted=13e6f2a0-7b74-4c29-b613-54a9ac99ca5d, raftlog=13e6f2a0-7b74-4c29-b613-54a9ac99ca5d@group-D7C8F5BEB75A-SegmentedRaftLog:OPENED:c-1,f-1,i0, conf=-1: [f349c4dc-e0f5-43f3-b014-e61370cb1add:192.168.157.194:39280, 13e6f2a0-7b74-4c29-b613-54a9ac99ca5d:192.168.157.194:32860, 5459097b-5895-44f9-a57c-1b76b0f7af13:192.168.157.194:35032], old=null
2019-10-17 02:20:44,023 [grpc-default-executor-6] INFO  impl.RoleInfo (RoleInfo.java:updateAndGet(143)) - 5459097b-5895-44f9-a57c-1b76b0f7af13: start FollowerState
2019-10-17 02:20:44,023 [Thread-810] INFO  impl.FollowerState (FollowerState.java:run(117)) - 5459097b-5895-44f9-a57c-1b76b0f7af13@group-D7C8F5BEB75A-FollowerState was interrupted: java.lang.InterruptedException: sleep interrupted
2019-10-17 02:20:44,047 [13e6f2a0-7b74-4c29-b613-54a9ac99ca5d@group-D7C8F5BEB75A-LeaderElection70] INFO  impl.LeaderElection (LeaderElection.java:askForVotes(178)) - 13e6f2a0-7b74-4c29-b613-54a9ac99ca5d@group-D7C8F5BEB75A-LeaderElection70: begin an election at term 59 for -1: [f349c4dc-e0f5-43f3-b014-e61370cb1add:192.168.157.194:39280, 13e6f2a0-7b74-4c29-b613-54a9ac99ca5d:192.168.157.194:32860, 5459097b-5895-44f9-a57c-1b76b0f7af13:192.168.157.194:35032], old=null
2019-10-17 02:20:44,050 [grpc-default-executor-4] INFO  impl.RaftServerImpl (RaftServerImpl.java:setRole(184)) - 5459097b-5895-44f9-a57c-1b76b0f7af13@group-D7C8F5BEB75A: changes role from  FOLLOWER to FOLLOWER at term 59 for recognizeCandidate:13e6f2a0-7b74-4c29-b613-54a9ac99ca5d
2019-10-17 02:20:44,050 [grpc-default-executor-4] INFO  impl.RoleInfo (RoleInfo.java:shutdownFollowerState(121)) - 5459097b-5895-44f9-a57c-1b76b0f7af13: shutdown FollowerState
2019-10-17 02:20:44,050 [grpc-default-executor-6] INFO  impl.RaftServerImpl (RaftServerImpl.java:setRole(184)) - f349c4dc-e0f5-43f3-b014-e61370cb1add@group-D7C8F5BEB75A: changes role from  FOLLOWER to FOLLOWER at term 59 for recognizeCandidate:13e6f2a0-7b74-4c29-b613-54a9ac99ca5d
2019-10-17 02:20:44,050 [Thread-816] INFO  impl.FollowerState (FollowerState.java:run(117)) - 5459097b-5895-44f9-a57c-1b76b0f7af13@group-D7C8F5BEB75A-FollowerState was interrupted: java.lang.InterruptedException: sleep interrupted
2019-10-17 02:20:44,050 [grpc-default-executor-4] INFO  impl.RoleInfo (RoleInfo.java:updateAndGet(143)) - 5459097b-5895-44f9-a57c-1b76b0f7af13: start FollowerState
2019-10-17 02:20:44,050 [grpc-default-executor-6] INFO  impl.RoleInfo (RoleInfo.java:shutdownFollowerState(121)) - f349c4dc-e0f5-43f3-b014-e61370cb1add: shutdown FollowerState
2019-10-17 02:20:44,051 [grpc-default-executor-6] INFO  impl.RoleInfo (RoleInfo.java:updateAndGet(143)) - f349c4dc-e0f5-43f3-b014-e61370cb1add: start FollowerState
2019-10-17 02:20:44,051 [Thread-815] INFO  impl.FollowerState (FollowerState.java:run(117)) - f349c4dc-e0f5-43f3-b014-e61370cb1add@group-D7C8F5BEB75A-FollowerState was interrupted: java.lang.InterruptedException: sleep interrupted
2019-10-17 02:20:44,075 [13e6f2a0-7b74-4c29-b613-54a9ac99ca5d@group-D7C8F5BEB75A-LeaderElection70] INFO  impl.LeaderElection (LeaderElection.java:logAndReturn(56)) - 13e6f2a0-7b74-4c29-b613-54a9ac99ca5d@group-D7C8F5BEB75A-LeaderElection70: Election REJECTED; received 2 response(s) [13e6f2a0-7b74-4c29-b613-54a9ac99ca5d<-f349c4dc-e0f5-43f3-b014-e61370cb1add#0:FAIL-t59, 13e6f2a0-7b74-4c29-b613-54a9ac99ca5d<-5459097b-5895-44f9-a57c-1b76b0f7af13#0:FAIL-t59] and 0 exception(s); 13e6f2a0-7b74-4c29-b613-54a9ac99ca5d@group-D7C8F5BEB75A:t59, leader=null, voted=13e6f2a0-7b74-4c29-b613-54a9ac99ca5d, raftlog=13e6f2a0-7b74-4c29-b613-54a9ac99ca5d@group-D7C8F5BEB75A-SegmentedRaftLog:OPENED:c-1,f-1,i0, conf=-1: [f349c4dc-e0f5-43f3-b014-e61370cb1add:192.168.157.194:39280, 13e6f2a0-7b74-4c29-b613-54a9ac99ca5d:192.168.157.194:32860, 5459097b-5895-44f9-a57c-1b76b0f7af13:192.168.157.194:35032], old=null
2019-10-17 02:20:44,075 [13e6f2a0-7b74-4c29-b613-54a9ac99ca5d@group-D7C8F5BEB75A-LeaderElection70] INFO  impl.RaftServerImpl (RaftServerImpl.java:setRole(184)) - 13e6f2a0-7b74-4c29-b613-54a9ac99ca5d@group-D7C8F5BEB75A: changes role from CANDIDATE to FOLLOWER at term 59 for DISCOVERED_A_NEW_TERM
2019-10-17 02:20:44,075 [13e6f2a0-7b74-4c29-b613-54a9ac99ca5d@group-D7C8F5BEB75A-LeaderElection70] INFO  impl.RoleInfo (RoleInfo.java:shutdownLeaderElection(134)) - 13e6f2a0-7b74-4c29-b613-54a9ac99ca5d: shutdown LeaderElection
2019-10-17 02:20:44,075 [13e6f2a0-7b74-4c29-b613-54a9ac99ca5d@group-D7C8F5BEB75A-LeaderElection70] INFO  impl.RoleInfo (RoleInfo.java:updateAndGet(143)) - 13e6f2a0-7b74-4c29-b613-54a9ac99ca5d: start FollowerState
2019-10-17 02:20:44,183 [Thread-821] INFO  impl.FollowerState (FollowerState.java:run(108)) - 13e6f2a0-7b74-4c29-b613-54a9ac99ca5d@group-D7C8F5BEB75A-FollowerState: change to CANDIDATE, lastRpcTime:107ms, electionTimeout:107ms
2019-10-17 02:20:44,183 [Thread-821] INFO  impl.RoleInfo (RoleInfo.java:shutdownFollowerState(121)) - 13e6f2a0-7b74-4c29-b613-54a9ac99ca5d: shutdown FollowerState
2019-10-17 02:20:44,183 [Thread-821] INFO  impl.RaftServerImpl (RaftServerImpl.java:setRole(184)) - 13e6f2a0-7b74-4c29-b613-54a9ac99ca5d@group-D7C8F5BEB75A: changes role from  FOLLOWER to CANDIDATE at term 59 for changeToCandidate
2019-10-17 02:20:44,183 [Thread-821] INFO  impl.RoleInfo (RoleInfo.java:updateAndGet(143)) - 13e6f2a0-7b74-4c29-b613-54a9ac99ca5d: start LeaderElection
2019-10-17 02:20:44,197 [13e6f2a0-7b74-4c29-b613-54a9ac99ca5d@group-D7C8F5BEB75A-LeaderElection71] INFO  impl.LeaderElection (LeaderElection.java:askForVotes(178)) - 13e6f2a0-7b74-4c29-b613-54a9ac99ca5d@group-D7C8F5BEB75A-LeaderElection71: begin an election at term 60 for -1: [f349c4dc-e0f5-43f3-b014-e61370cb1add:192.168.157.194:39280, 13e6f2a0-7b74-4c29-b613-54a9ac99ca5d:192.168.157.194:32860, 5459097b-5895-44f9-a57c-1b76b0f7af13:192.168.157.194:35032], old=null
2019-10-17 02:20:44,199 [grpc-default-executor-6] INFO  impl.RaftServerImpl (RaftServerImpl.java:setRole(184)) - 5459097b-5895-44f9-a57c-1b76b0f7af13@group-D7C8F5BEB75A: changes role from  FOLLOWER to FOLLOWER at term 60 for recognizeCandidate:13e6f2a0-7b74-4c29-b613-54a9ac99ca5d
2019-10-17 02:20:44,199 [grpc-default-executor-6] INFO  impl.RoleInfo (RoleInfo.java:shutdownFollowerState(121)) - 5459097b-5895-44f9-a57c-1b76b0f7af13: shutdown FollowerState
2019-10-17 02:20:44,200 [grpc-default-executor-4] INFO  impl.RaftServerImpl (RaftServerImpl.java:setRole(184)) - f349c4dc-e0f5-43f3-b014-e61370cb1add@group-D7C8F5BEB75A: changes role from  FOLLOWER to FOLLOWER at term 60 for recognizeCandidate:13e6f2a0-7b74-4c29-b613-54a9ac99ca5d
2019-10-17 02:20:44,200 [grpc-default-executor-6] INFO  impl.RoleInfo (RoleInfo.java:updateAndGet(143)) - 5459097b-5895-44f9-a57c-1b76b0f7af13: start FollowerState
2019-10-17 02:20:44,200 [Thread-819] INFO  impl.FollowerState (FollowerState.java:run(117)) - 5459097b-5895-44f9-a57c-1b76b0f7af13@group-D7C8F5BEB75A-FollowerState was interrupted: java.lang.InterruptedException: sleep interrupted
2019-10-17 02:20:44,200 [grpc-default-executor-4] INFO  impl.RoleInfo (RoleInfo.java:shutdownFollowerState(121)) - f349c4dc-e0f5-43f3-b014-e61370cb1add: shutdown FollowerState
2019-10-17 02:20:44,200 [grpc-default-executor-4] INFO  impl.RoleInfo (RoleInfo.java:updateAndGet(143)) - f349c4dc-e0f5-43f3-b014-e61370cb1add: start FollowerState
2019-10-17 02:20:44,200 [Thread-820] INFO  impl.FollowerState (FollowerState.java:run(117)) - f349c4dc-e0f5-43f3-b014-e61370cb1add@group-D7C8F5BEB75A-FollowerState was interrupted: java.lang.InterruptedException: sleep interrupted
2019-10-17 02:20:44,215 [13e6f2a0-7b74-4c29-b613-54a9ac99ca5d@group-D7C8F5BEB75A-LeaderElection71] INFO  impl.LeaderElection (LeaderElection.java:logAndReturn(56)) - 13e6f2a0-7b74-4c29-b613-54a9ac99ca5d@group-D7C8F5BEB75A-LeaderElection71: Election REJECTED; received 2 response(s) [13e6f2a0-7b74-4c29-b613-54a9ac99ca5d<-f349c4dc-e0f5-43f3-b014-e61370cb1add#0:FAIL-t60, 13e6f2a0-7b74-4c29-b613-54a9ac99ca5d<-5459097b-5895-44f9-a57c-1b76b0f7af13#0:FAIL-t60] and 0 exception(s); 13e6f2a0-7b74-4c29-b613-54a9ac99ca5d@group-D7C8F5BEB75A:t60, leader=null, voted=13e6f2a0-7b74-4c29-b613-54a9ac99ca5d, raftlog=13e6f2a0-7b74-4c29-b613-54a9ac99ca5d@group-D7C8F5BEB75A-SegmentedRaftLog:OPENED:c-1,f-1,i0, conf=-1: [f349c4dc-e0f5-43f3-b014-e61370cb1add:192.168.157.194:39280, 13e6f2a0-7b74-4c29-b613-54a9ac99ca5d:192.168.157.194:32860, 5459097b-5895-44f9-a57c-1b76b0f7af13:192.168.157.194:35032], old=null
2019-10-17 02:20:44,215 [13e6f2a0-7b74-4c29-b613-54a9ac99ca5d@group-D7C8F5BEB75A-LeaderElection71] INFO  impl.RaftServerImpl (RaftServerImpl.java:setRole(184)) - 13e6f2a0-7b74-4c29-b613-54a9ac99ca5d@group-D7C8F5BEB75A: changes role from CANDIDATE to FOLLOWER at term 60 for DISCOVERED_A_NEW_TERM
2019-10-17 02:20:44,215 [13e6f2a0-7b74-4c29-b613-54a9ac99ca5d@group-D7C8F5BEB75A-LeaderElection71] INFO  impl.RoleInfo (RoleInfo.java:shutdownLeaderElection(134)) - 13e6f2a0-7b74-4c29-b613-54a9ac99ca5d: shutdown LeaderElection
2019-10-17 02:20:44,215 [13e6f2a0-7b74-4c29-b613-54a9ac99ca5d@group-D7C8F5BEB75A-LeaderElection71] INFO  impl.RoleInfo (RoleInfo.java:updateAndGet(143)) - 13e6f2a0-7b74-4c29-b613-54a9ac99ca5d: start FollowerState
2019-10-17 02:20:44,286 [Thread-827] INFO  impl.FollowerState (FollowerState.java:run(108)) - 13e6f2a0-7b74-4c29-b613-54a9ac99ca5d@group-D7C8F5BEB75A-FollowerState: change to CANDIDATE, lastRpcTime:71ms, electionTimeout:71ms
2019-10-17 02:20:44,286 [Thread-827] INFO  impl.RoleInfo (RoleInfo.java:shutdownFollowerState(121)) - 13e6f2a0-7b74-4c29-b613-54a9ac99ca5d: shutdown FollowerState
2019-10-17 02:20:44,287 [Thread-827] INFO  impl.RaftServerImpl (RaftServerImpl.java:setRole(184)) - 13e6f2a0-7b74-4c29-b613-54a9ac99ca5d@group-D7C8F5BEB75A: changes role from  FOLLOWER to CANDIDATE at term 60 for changeToCandidate
2019-10-17 02:20:44,287 [Thread-827] INFO  impl.RoleInfo (RoleInfo.java:updateAndGet(143)) - 13e6f2a0-7b74-4c29-b613-54a9ac99ca5d: start LeaderElection
2019-10-17 02:20:44,300 [13e6f2a0-7b74-4c29-b613-54a9ac99ca5d@group-D7C8F5BEB75A-LeaderElection72] INFO  impl.LeaderElection (LeaderElection.java:askForVotes(178)) - 13e6f2a0-7b74-4c29-b613-54a9ac99ca5d@group-D7C8F5BEB75A-LeaderElection72: begin an election at term 61 for -1: [f349c4dc-e0f5-43f3-b014-e61370cb1add:192.168.157.194:39280, 13e6f2a0-7b74-4c29-b613-54a9ac99ca5d:192.168.157.194:32860, 5459097b-5895-44f9-a57c-1b76b0f7af13:192.168.157.194:35032], old=null
2019-10-17 02:20:44,302 [grpc-default-executor-4] INFO  impl.RaftServerImpl (RaftServerImpl.java:setRole(184)) - f349c4dc-e0f5-43f3-b014-e61370cb1add@group-D7C8F5BEB75A: changes role from  FOLLOWER to FOLLOWER at term 61 for recognizeCandidate:13e6f2a0-7b74-4c29-b613-54a9ac99ca5d
2019-10-17 02:20:44,302 [grpc-default-executor-6] INFO  impl.RaftServerImpl (RaftServerImpl.java:setRole(184)) - 5459097b-5895-44f9-a57c-1b76b0f7af13@group-D7C8F5BEB75A: changes role from  FOLLOWER to FOLLOWER at term 61 for recognizeCandidate:13e6f2a0-7b74-4c29-b613-54a9ac99ca5d
2019-10-17 02:20:44,302 [grpc-default-executor-4] INFO  impl.RoleInfo (RoleInfo.java:shutdownFollowerState(121)) - f349c4dc-e0f5-43f3-b014-e61370cb1add: shutdown FollowerState
2019-10-17 02:20:44,302 [grpc-default-executor-6] INFO  impl.RoleInfo (RoleInfo.java:shutdownFollowerState(121)) - 5459097b-5895-44f9-a57c-1b76b0f7af13: shutdown FollowerState
2019-10-17 02:20:44,303 [Thread-826] INFO  impl.FollowerState (FollowerState.java:run(117)) - f349c4dc-e0f5-43f3-b014-e61370cb1add@group-D7C8F5BEB75A-FollowerState was interrupted: java.lang.InterruptedException: sleep interrupted
2019-10-17 02:20:44,302 [grpc-default-executor-4] INFO  impl.RoleInfo (RoleInfo.java:updateAndGet(143)) - f349c4dc-e0f5-43f3-b014-e61370cb1add: start FollowerState
2019-10-17 02:20:44,303 [Thread-825] INFO  impl.FollowerState (FollowerState.java:run(117)) - 5459097b-5895-44f9-a57c-1b76b0f7af13@group-D7C8F5BEB75A-FollowerState was interrupted: java.lang.InterruptedException: sleep interrupted
2019-10-17 02:20:44,303 [grpc-default-executor-6] INFO  impl.RoleInfo (RoleInfo.java:updateAndGet(143)) - 5459097b-5895-44f9-a57c-1b76b0f7af13: start FollowerState
2019-10-17 02:20:44,318 [13e6f2a0-7b74-4c29-b613-54a9ac99ca5d@group-D7C8F5BEB75A-LeaderElection72] INFO  impl.LeaderElection (LeaderElection.java:logAndReturn(56)) - 13e6f2a0-7b74-4c29-b613-54a9ac99ca5d@group-D7C8F5BEB75A-LeaderElection72: Election REJECTED; received 2 response(s) [13e6f2a0-7b74-4c29-b613-54a9ac99ca5d<-f349c4dc-e0f5-43f3-b014-e61370cb1add#0:FAIL-t61, 13e6f2a0-7b74-4c29-b613-54a9ac99ca5d<-5459097b-5895-44f9-a57c-1b76b0f7af13#0:FAIL-t61] and 0 exception(s); 13e6f2a0-7b74-4c29-b613-54a9ac99ca5d@group-D7C8F5BEB75A:t61, leader=null, voted=13e6f2a0-7b74-4c29-b613-54a9ac99ca5d, raftlog=13e6f2a0-7b74-4c29-b613-54a9ac99ca5d@group-D7C8F5BEB75A-SegmentedRaftLog:OPENED:c-1,f-1,i0, conf=-1: [f349c4dc-e0f5-43f3-b014-e61370cb1add:192.168.157.194:39280, 13e6f2a0-7b74-4c29-b613-54a9ac99ca5d:192.168.157.194:32860, 5459097b-5895-44f9-a57c-1b76b0f7af13:192.168.157.194:35032], old=null
2019-10-17 02:20:44,318 [13e6f2a0-7b74-4c29-b613-54a9ac99ca5d@group-D7C8F5BEB75A-LeaderElection72] INFO  impl.RaftServerImpl (RaftServerImpl.java:setRole(184)) - 13e6f2a0-7b74-4c29-b613-54a9ac99ca5d@group-D7C8F5BEB75A: changes role from CANDIDATE to FOLLOWER at term 61 for DISCOVERED_A_NEW_TERM
2019-10-17 02:20:44,319 [13e6f2a0-7b74-4c29-b613-54a9ac99ca5d@group-D7C8F5BEB75A-LeaderElection72] INFO  impl.RoleInfo (RoleInfo.java:shutdownLeaderElection(134)) - 13e6f2a0-7b74-4c29-b613-54a9ac99ca5d: shutdown LeaderElection
2019-10-17 02:20:44,319 [13e6f2a0-7b74-4c29-b613-54a9ac99ca5d@group-D7C8F5BEB75A-LeaderElection72] INFO  impl.RoleInfo (RoleInfo.java:updateAndGet(143)) - 13e6f2a0-7b74-4c29-b613-54a9ac99ca5d: start FollowerState
2019-10-17 02:20:44,394 [Thread-833] INFO  impl.FollowerState (FollowerState.java:run(108)) - 13e6f2a0-7b74-4c29-b613-54a9ac99ca5d@group-D7C8F5BEB75A-FollowerState: change to CANDIDATE, lastRpcTime:75ms, electionTimeout:75ms
2019-10-17 02:20:44,394 [Thread-833] INFO  impl.RoleInfo (RoleInfo.java:shutdownFollowerState(121)) - 13e6f2a0-7b74-4c29-b613-54a9ac99ca5d: shutdown FollowerState
2019-10-17 02:20:44,394 [Thread-833] INFO  impl.RaftServerImpl (RaftServerImpl.java:setRole(184)) - 13e6f2a0-7b74-4c29-b613-54a9ac99ca5d@group-D7C8F5BEB75A: changes role from  FOLLOWER to CANDIDATE at term 61 for changeToCandidate
2019-10-17 02:20:44,394 [Thread-833] INFO  impl.RoleInfo (RoleInfo.java:updateAndGet(143)) - 13e6f2a0-7b74-4c29-b613-54a9ac99ca5d: start LeaderElection
2019-10-17 02:20:44,409 [13e6f2a0-7b74-4c29-b613-54a9ac99ca5d@group-D7C8F5BEB75A-LeaderElection73] INFO  impl.LeaderElection (LeaderElection.java:askForVotes(178)) - 13e6f2a0-7b74-4c29-b613-54a9ac99ca5d@group-D7C8F5BEB75A-LeaderElection73: begin an election at term 62 for -1: [f349c4dc-e0f5-43f3-b014-e61370cb1add:192.168.157.194:39280, 13e6f2a0-7b74-4c29-b613-54a9ac99ca5d:192.168.157.194:32860, 5459097b-5895-44f9-a57c-1b76b0f7af13:192.168.157.194:35032], old=null
2019-10-17 02:20:44,411 [grpc-default-executor-6] INFO  impl.RaftServerImpl (RaftServerImpl.java:setRole(184)) - f349c4dc-e0f5-43f3-b014-e61370cb1add@group-D7C8F5BEB75A: changes role from  FOLLOWER to FOLLOWER at term 62 for recognizeCandidate:13e6f2a0-7b74-4c29-b613-54a9ac99ca5d
2019-10-17 02:20:44,411 [grpc-default-executor-4] INFO  impl.RaftServerImpl (RaftServerImpl.java:setRole(184)) - 5459097b-5895-44f9-a57c-1b76b0f7af13@group-D7C8F5BEB75A: changes role from  FOLLOWER to FOLLOWER at term 62 for recognizeCandidate:13e6f2a0-7b74-4c29-b613-54a9ac99ca5d
2019-10-17 02:20:44,411 [grpc-default-executor-4] INFO  impl.RoleInfo (RoleInfo.java:shutdownFollowerState(121)) - 5459097b-5895-44f9-a57c-1b76b0f7af13: shutdown FollowerState
2019-10-17 02:20:44,411 [grpc-default-executor-6] INFO  impl.RoleInfo (RoleInfo.java:shutdownFollowerState(121)) - f349c4dc-e0f5-43f3-b014-e61370cb1add: shutdown FollowerState
2019-10-17 02:20:44,411 [Thread-832] INFO  impl.FollowerState (FollowerState.java:run(117)) - 5459097b-5895-44f9-a57c-1b76b0f7af13@group-D7C8F5BEB75A-FollowerState was interrupted: java.lang.InterruptedException: sleep interrupted
2019-10-17 02:20:44,412 [Thread-831] INFO  impl.FollowerState (FollowerState.java:run(117)) - f349c4dc-e0f5-43f3-b014-e61370cb1add@group-D7C8F5BEB75A-FollowerState was interrupted: java.lang.InterruptedException: sleep interrupted
2019-10-17 02:20:44,411 [grpc-default-executor-4] INFO  impl.RoleInfo (RoleInfo.java:updateAndGet(143)) - 5459097b-5895-44f9-a57c-1b76b0f7af13: start FollowerState
2019-10-17 02:20:44,412 [grpc-default-executor-6] INFO  impl.RoleInfo (RoleInfo.java:updateAndGet(143)) - f349c4dc-e0f5-43f3-b014-e61370cb1add: start FollowerState
2019-10-17 02:20:44,427 [13e6f2a0-7b74-4c29-b613-54a9ac99ca5d@group-D7C8F5BEB75A-LeaderElection73] INFO  impl.LeaderElection (LeaderElection.java:logAndReturn(56)) - 13e6f2a0-7b74-4c29-b613-54a9ac99ca5d@group-D7C8F5BEB75A-LeaderElection73: Election REJECTED; received 2 response(s) [13e6f2a0-7b74-4c29-b613-54a9ac99ca5d<-f349c4dc-e0f5-43f3-b014-e61370cb1add#0:FAIL-t62, 13e6f2a0-7b74-4c29-b613-54a9ac99ca5d<-5459097b-5895-44f9-a57c-1b76b0f7af13#0:FAIL-t62] and 0 exception(s); 13e6f2a0-7b74-4c29-b613-54a9ac99ca5d@group-D7C8F5BEB75A:t62, leader=null, voted=13e6f2a0-7b74-4c29-b613-54a9ac99ca5d, raftlog=13e6f2a0-7b74-4c29-b613-54a9ac99ca5d@group-D7C8F5BEB75A-SegmentedRaftLog:OPENED:c-1,f-1,i0, conf=-1: [f349c4dc-e0f5-43f3-b014-e61370cb1add:192.168.157.194:39280, 13e6f2a0-7b74-4c29-b613-54a9ac99ca5d:192.168.157.194:32860, 5459097b-5895-44f9-a57c-1b76b0f7af13:192.168.157.194:35032], old=null
2019-10-17 02:20:44,427 [13e6f2a0-7b74-4c29-b613-54a9ac99ca5d@group-D7C8F5BEB75A-LeaderElection73] INFO  impl.RaftServerImpl (RaftServerImpl.java:setRole(184)) - 13e6f2a0-7b74-4c29-b613-54a9ac99ca5d@group-D7C8F5BEB75A: changes role from CANDIDATE to FOLLOWER at term 62 for DISCOVERED_A_NEW_TERM
2019-10-17 02:20:44,427 [13e6f2a0-7b74-4c29-b613-54a9ac99ca5d@group-D7C8F5BEB75A-LeaderElection73] INFO  impl.RoleInfo (RoleInfo.java:shutdownLeaderElection(134)) - 13e6f2a0-7b74-4c29-b613-54a9ac99ca5d: shutdown LeaderElection
2019-10-17 02:20:44,427 [13e6f2a0-7b74-4c29-b613-54a9ac99ca5d@group-D7C8F5BEB75A-LeaderElection73] INFO  impl.RoleInfo (RoleInfo.java:updateAndGet(143)) - 13e6f2a0-7b74-4c29-b613-54a9ac99ca5d: start FollowerState
2019-10-17 02:20:44,582 [Thread-839] INFO  impl.FollowerState (FollowerState.java:run(108)) - 13e6f2a0-7b74-4c29-b613-54a9ac99ca5d@group-D7C8F5BEB75A-FollowerState: change to CANDIDATE, lastRpcTime:154ms, electionTimeout:154ms
2019-10-17 02:20:44,582 [Thread-839] INFO  impl.RoleInfo (RoleInfo.java:shutdownFollowerState(121)) - 13e6f2a0-7b74-4c29-b613-54a9ac99ca5d: shutdown FollowerState
2019-10-17 02:20:44,582 [Thread-839] INFO  impl.RaftServerImpl (RaftServerImpl.java:setRole(184)) - 13e6f2a0-7b74-4c29-b613-54a9ac99ca5d@group-D7C8F5BEB75A: changes role from  FOLLOWER to CANDIDATE at term 62 for changeToCandidate
2019-10-17 02:20:44,582 [Thread-839] INFO  impl.RoleInfo (RoleInfo.java:updateAndGet(143)) - 13e6f2a0-7b74-4c29-b613-54a9ac99ca5d: start LeaderElection
2019-10-17 02:20:44,596 [13e6f2a0-7b74-4c29-b613-54a9ac99ca5d@group-D7C8F5BEB75A-LeaderElection74] INFO  impl.LeaderElection (LeaderElection.java:askForVotes(178)) - 13e6f2a0-7b74-4c29-b613-54a9ac99ca5d@group-D7C8F5BEB75A-LeaderElection74: begin an election at term 63 for -1: [f349c4dc-e0f5-43f3-b014-e61370cb1add:192.168.157.194:39280, 13e6f2a0-7b74-4c29-b613-54a9ac99ca5d:192.168.157.194:32860, 5459097b-5895-44f9-a57c-1b76b0f7af13:192.168.157.194:35032], old=null
2019-10-17 02:20:44,598 [grpc-default-executor-6] INFO  impl.RaftServerImpl (RaftServerImpl.java:setRole(184)) - f349c4dc-e0f5-43f3-b014-e61370cb1add@group-D7C8F5BEB75A: changes role from  FOLLOWER to FOLLOWER at term 63 for recognizeCandidate:13e6f2a0-7b74-4c29-b613-54a9ac99ca5d
2019-10-17 02:20:44,598 [grpc-default-executor-4] INFO  impl.RaftServerImpl (RaftServerImpl.java:setRole(184)) - 5459097b-5895-44f9-a57c-1b76b0f7af13@group-D7C8F5BEB75A: changes role from  FOLLOWER to FOLLOWER at term 63 for recognizeCandidate:13e6f2a0-7b74-4c29-b613-54a9ac99ca5d
2019-10-17 02:20:44,598 [grpc-default-executor-4] INFO  impl.RoleInfo (RoleInfo.java:shutdownFollowerState(121)) - 5459097b-5895-44f9-a57c-1b76b0f7af13: shutdown FollowerState
2019-10-17 02:20:44,598 [grpc-default-executor-6] INFO  impl.RoleInfo (RoleInfo.java:shutdownFollowerState(121)) - f349c4dc-e0f5-43f3-b014-e61370cb1add: shutdown FollowerState
2019-10-17 02:20:44,598 [Thread-837] INFO  impl.FollowerState (FollowerState.java:run(117)) - 5459097b-5895-44f9-a57c-1b76b0f7af13@group-D7C8F5BEB75A-FollowerState was interrupted: java.lang.InterruptedException: sleep interrupted
2019-10-17 02:20:44,598 [grpc-default-executor-4] INFO  impl.RoleInfo (RoleInfo.java:updateAndGet(143)) - 5459097b-5895-44f9-a57c-1b76b0f7af13: start FollowerState
2019-10-17 02:20:44,599 [Thread-838] INFO  impl.FollowerState (FollowerState.java:run(117)) - f349c4dc-e0f5-43f3-b014-e61370cb1add@group-D7C8F5BEB75A-FollowerState was interrupted: java.lang.InterruptedException: sleep interrupted
2019-10-17 02:20:44,599 [grpc-default-executor-6] INFO  impl.RoleInfo (RoleInfo.java:updateAndGet(143)) - f349c4dc-e0f5-43f3-b014-e61370cb1add: start FollowerState
2019-10-17 02:20:44,602 [13e6f2a0-7b74-4c29-b613-54a9ac99ca5d@group-D7C8F5BEB75A-LeaderElection74] INFO  impl.LeaderElection (LeaderElection.java:logAndReturn(56)) - 13e6f2a0-7b74-4c29-b613-54a9ac99ca5d@group-D7C8F5BEB75A-LeaderElection74: Election TIMEOUT; received 0 response(s) [] and 0 exception(s); 13e6f2a0-7b74-4c29-b613-54a9ac99ca5d@group-D7C8F5BEB75A:t63, leader=null, voted=13e6f2a0-7b74-4c29-b613-54a9ac99ca5d, raftlog=13e6f2a0-7b74-4c29-b613-54a9ac99ca5d@group-D7C8F5BEB75A-SegmentedRaftLog:OPENED:c-1,f-1,i0, conf=-1: [f349c4dc-e0f5-43f3-b014-e61370cb1add:192.168.157.194:39280, 13e6f2a0-7b74-4c29-b613-54a9ac99ca5d:192.168.157.194:32860, 5459097b-5895-44f9-a57c-1b76b0f7af13:192.168.157.194:35032], old=null
2019-10-17 02:20:44,612 [13e6f2a0-7b74-4c29-b613-54a9ac99ca5d@group-D7C8F5BEB75A-LeaderElection74] INFO  impl.LeaderElection (LeaderElection.java:askForVotes(178)) - 13e6f2a0-7b74-4c29-b613-54a9ac99ca5d@group-D7C8F5BEB75A-LeaderElection74: begin an election at term 64 for -1: [f349c4dc-e0f5-43f3-b014-e61370cb1add:192.168.157.194:39280, 13e6f2a0-7b74-4c29-b613-54a9ac99ca5d:192.168.157.194:32860, 5459097b-5895-44f9-a57c-1b76b0f7af13:192.168.157.194:35032], old=null
2019-10-17 02:20:44,614 [grpc-default-executor-6] INFO  impl.RaftServerImpl (RaftServerImpl.java:setRole(184)) - f349c4dc-e0f5-43f3-b014-e61370cb1add@group-D7C8F5BEB75A: changes role from  FOLLOWER to FOLLOWER at term 64 for recognizeCandidate:13e6f2a0-7b74-4c29-b613-54a9ac99ca5d
2019-10-17 02:20:44,614 [grpc-default-executor-4] INFO  impl.RaftServerImpl (RaftServerImpl.java:setRole(184)) - 5459097b-5895-44f9-a57c-1b76b0f7af13@group-D7C8F5BEB75A: changes role from  FOLLOWER to FOLLOWER at term 64 for recognizeCandidate:13e6f2a0-7b74-4c29-b613-54a9ac99ca5d
2019-10-17 02:20:44,614 [grpc-default-executor-4] INFO  impl.RoleInfo (RoleInfo.java:shutdownFollowerState(121)) - 5459097b-5895-44f9-a57c-1b76b0f7af13: shutdown FollowerState
2019-10-17 02:20:44,614 [grpc-default-executor-6] INFO  impl.RoleInfo (RoleInfo.java:shutdownFollowerState(121)) - f349c4dc-e0f5-43f3-b014-e61370cb1add: shutdown FollowerState
2019-10-17 02:20:44,614 [Thread-843] INFO  impl.FollowerState (FollowerState.java:run(117)) - 5459097b-5895-44f9-a57c-1b76b0f7af13@group-D7C8F5BEB75A-FollowerState was interrupted: java.lang.InterruptedException: sleep interrupted
2019-10-17 02:20:44,614 [grpc-default-executor-4] INFO  impl.RoleInfo (RoleInfo.java:updateAndGet(143)) - 5459097b-5895-44f9-a57c-1b76b0f7af13: start FollowerState
2019-10-17 02:20:44,614 [grpc-default-executor-6] INFO  impl.RoleInfo (RoleInfo.java:updateAndGet(143)) - f349c4dc-e0f5-43f3-b014-e61370cb1add: start FollowerState
2019-10-17 02:20:44,614 [Thread-844] INFO  impl.FollowerState (FollowerState.java:run(117)) - f349c4dc-e0f5-43f3-b014-e61370cb1add@group-D7C8F5BEB75A-FollowerState was interrupted: java.lang.InterruptedException: sleep interrupted
2019-10-17 02:20:44,629 [13e6f2a0-7b74-4c29-b613-54a9ac99ca5d@group-D7C8F5BEB75A-LeaderElection74] INFO  impl.LeaderElection (LeaderElection.java:logAndReturn(56)) - 13e6f2a0-7b74-4c29-b613-54a9ac99ca5d@group-D7C8F5BEB75A-LeaderElection74: Election REJECTED; received 2 response(s) [13e6f2a0-7b74-4c29-b613-54a9ac99ca5d<-f349c4dc-e0f5-43f3-b014-e61370cb1add#0:FAIL-t64, 13e6f2a0-7b74-4c29-b613-54a9ac99ca5d<-5459097b-5895-44f9-a57c-1b76b0f7af13#0:FAIL-t64] and 0 exception(s); 13e6f2a0-7b74-4c29-b613-54a9ac99ca5d@group-D7C8F5BEB75A:t64, leader=null, voted=13e6f2a0-7b74-4c29-b613-54a9ac99ca5d, raftlog=13e6f2a0-7b74-4c29-b613-54a9ac99ca5d@group-D7C8F5BEB75A-SegmentedRaftLog:OPENED:c-1,f-1,i0, conf=-1: [f349c4dc-e0f5-43f3-b014-e61370cb1add:192.168.157.194:39280, 13e6f2a0-7b74-4c29-b613-54a9ac99ca5d:192.168.157.194:32860, 5459097b-5895-44f9-a57c-1b76b0f7af13:192.168.157.194:35032], old=null
2019-10-17 02:20:44,629 [13e6f2a0-7b74-4c29-b613-54a9ac99ca5d@group-D7C8F5BEB75A-LeaderElection74] INFO  impl.RaftServerImpl (RaftServerImpl.java:setRole(184)) - 13e6f2a0-7b74-4c29-b613-54a9ac99ca5d@group-D7C8F5BEB75A: changes role from CANDIDATE to FOLLOWER at term 64 for DISCOVERED_A_NEW_TERM
2019-10-17 02:20:44,629 [13e6f2a0-7b74-4c29-b613-54a9ac99ca5d@group-D7C8F5BEB75A-LeaderElection74] INFO  impl.RoleInfo (RoleInfo.java:shutdownLeaderElection(134)) - 13e6f2a0-7b74-4c29-b613-54a9ac99ca5d: shutdown LeaderElection
2019-10-17 02:20:44,629 [13e6f2a0-7b74-4c29-b613-54a9ac99ca5d@group-D7C8F5BEB75A-LeaderElection74] INFO  impl.RoleInfo (RoleInfo.java:updateAndGet(143)) - 13e6f2a0-7b74-4c29-b613-54a9ac99ca5d: start FollowerState
2019-10-17 02:20:44,655 [Thread-849] INFO  impl.FollowerState (FollowerState.java:run(108)) - 13e6f2a0-7b74-4c29-b613-54a9ac99ca5d@group-D7C8F5BEB75A-FollowerState: change to CANDIDATE, lastRpcTime:25ms, electionTimeout:25ms
2019-10-17 02:20:44,655 [Thread-849] INFO  impl.RoleInfo (RoleInfo.java:shutdownFollowerState(121)) - 13e6f2a0-7b74-4c29-b613-54a9ac99ca5d: shutdown FollowerState
2019-10-17 02:20:44,655 [Thread-849] INFO  impl.RaftServerImpl (RaftServerImpl.java:setRole(184)) - 13e6f2a0-7b74-4c29-b613-54a9ac99ca5d@group-D7C8F5BEB75A: changes role from  FOLLOWER to CANDIDATE at term 64 for changeToCandidate
2019-10-17 02:20:44,655 [Thread-849] INFO  impl.RoleInfo (RoleInfo.java:updateAndGet(143)) - 13e6f2a0-7b74-4c29-b613-54a9ac99ca5d: start LeaderElection
2019-10-17 02:20:44,668 [13e6f2a0-7b74-4c29-b613-54a9ac99ca5d@group-D7C8F5BEB75A-LeaderElection75] INFO  impl.LeaderElection (LeaderElection.java:askForVotes(178)) - 13e6f2a0-7b74-4c29-b613-54a9ac99ca5d@group-D7C8F5BEB75A-LeaderElection75: begin an election at term 65 for -1: [f349c4dc-e0f5-43f3-b014-e61370cb1add:192.168.157.194:39280, 13e6f2a0-7b74-4c29-b613-54a9ac99ca5d:192.168.157.194:32860, 5459097b-5895-44f9-a57c-1b76b0f7af13:192.168.157.194:35032], old=null
2019-10-17 02:20:44,670 [grpc-default-executor-6] INFO  impl.RaftServerImpl (RaftServerImpl.java:setRole(184)) - f349c4dc-e0f5-43f3-b014-e61370cb1add@group-D7C8F5BEB75A: changes role from  FOLLOWER to FOLLOWER at term 65 for recognizeCandidate:13e6f2a0-7b74-4c29-b613-54a9ac99ca5d
2019-10-17 02:20:44,670 [grpc-default-executor-6] INFO  impl.RoleInfo (RoleInfo.java:shutdownFollowerState(121)) - f349c4dc-e0f5-43f3-b014-e61370cb1add: shutdown FollowerState
2019-10-17 02:20:44,670 [grpc-default-executor-6] INFO  impl.RoleInfo (RoleInfo.java:updateAndGet(143)) - f349c4dc-e0f5-43f3-b014-e61370cb1add: start FollowerState
2019-10-17 02:20:44,670 [Thread-848] INFO  impl.FollowerState (FollowerState.java:run(117)) - f349c4dc-e0f5-43f3-b014-e61370cb1add@group-D7C8F5BEB75A-FollowerState was interrupted: java.lang.InterruptedException: sleep interrupted
2019-10-17 02:20:44,671 [grpc-default-executor-4] INFO  impl.RaftServerImpl (RaftServerImpl.java:setRole(184)) - 5459097b-5895-44f9-a57c-1b76b0f7af13@group-D7C8F5BEB75A: changes role from  FOLLOWER to FOLLOWER at term 65 for recognizeCandidate:13e6f2a0-7b74-4c29-b613-54a9ac99ca5d
2019-10-17 02:20:44,671 [grpc-default-executor-4] INFO  impl.RoleInfo (RoleInfo.java:shutdownFollowerState(121)) - 5459097b-5895-44f9-a57c-1b76b0f7af13: shutdown FollowerState
2019-10-17 02:20:44,671 [grpc-default-executor-4] INFO  impl.RoleInfo (RoleInfo.java:updateAndGet(143)) - 5459097b-5895-44f9-a57c-1b76b0f7af13: start FollowerState
2019-10-17 02:20:44,671 [Thread-847] INFO  impl.FollowerState (FollowerState.java:run(117)) - 5459097b-5895-44f9-a57c-1b76b0f7af13@group-D7C8F5BEB75A-FollowerState was interrupted: java.lang.InterruptedException: sleep interrupted
2019-10-17 02:20:44,685 [13e6f2a0-7b74-4c29-b613-54a9ac99ca5d@group-D7C8F5BEB75A-LeaderElection75] INFO  impl.LeaderElection (LeaderElection.java:logAndReturn(56)) - 13e6f2a0-7b74-4c29-b613-54a9ac99ca5d@group-D7C8F5BEB75A-LeaderElection75: Election REJECTED; received 2 response(s) [13e6f2a0-7b74-4c29-b613-54a9ac99ca5d<-f349c4dc-e0f5-43f3-b014-e61370cb1add#0:FAIL-t65, 13e6f2a0-7b74-4c29-b613-54a9ac99ca5d<-5459097b-5895-44f9-a57c-1b76b0f7af13#0:FAIL-t65] and 0 exception(s); 13e6f2a0-7b74-4c29-b613-54a9ac99ca5d@group-D7C8F5BEB75A:t65, leader=null, voted=13e6f2a0-7b74-4c29-b613-54a9ac99ca5d, raftlog=13e6f2a0-7b74-4c29-b613-54a9ac99ca5d@group-D7C8F5BEB75A-SegmentedRaftLog:OPENED:c-1,f-1,i0, conf=-1: [f349c4dc-e0f5-43f3-b014-e61370cb1add:192.168.157.194:39280, 13e6f2a0-7b74-4c29-b613-54a9ac99ca5d:192.168.157.194:32860, 5459097b-5895-44f9-a57c-1b76b0f7af13:192.168.157.194:35032], old=null
2019-10-17 02:20:44,686 [13e6f2a0-7b74-4c29-b613-54a9ac99ca5d@group-D7C8F5BEB75A-LeaderElection75] INFO  impl.RaftServerImpl (RaftServerImpl.java:setRole(184)) - 13e6f2a0-7b74-4c29-b613-54a9ac99ca5d@group-D7C8F5BEB75A: changes role from CANDIDATE to FOLLOWER at term 65 for DISCOVERED_A_NEW_TERM
2019-10-17 02:20:44,686 [13e6f2a0-7b74-4c29-b613-54a9ac99ca5d@group-D7C8F5BEB75A-LeaderElection75] INFO  impl.RoleInfo (RoleInfo.java:shutdownLeaderElection(134)) - 13e6f2a0-7b74-4c29-b613-54a9ac99ca5d: shutdown LeaderElection
2019-10-17 02:20:44,686 [13e6f2a0-7b74-4c29-b613-54a9ac99ca5d@group-D7C8F5BEB75A-LeaderElection75] INFO  impl.RoleInfo (RoleInfo.java:updateAndGet(143)) - 13e6f2a0-7b74-4c29-b613-54a9ac99ca5d: start FollowerState
2019-10-17 02:20:44,710 [Thread-855] INFO  impl.FollowerState (FollowerState.java:run(108)) - 13e6f2a0-7b74-4c29-b613-54a9ac99ca5d@group-D7C8F5BEB75A-FollowerState: change to CANDIDATE, lastRpcTime:24ms, electionTimeout:24ms
2019-10-17 02:20:44,710 [Thread-855] INFO  impl.RoleInfo (RoleInfo.java:shutdownFollowerState(121)) - 13e6f2a0-7b74-4c29-b613-54a9ac99ca5d: shutdown FollowerState
2019-10-17 02:20:44,710 [Thread-855] INFO  impl.RaftServerImpl (RaftServerImpl.java:setRole(184)) - 13e6f2a0-7b74-4c29-b613-54a9ac99ca5d@group-D7C8F5BEB75A: changes role from  FOLLOWER to CANDIDATE at term 65 for changeToCandidate
2019-10-17 02:20:44,710 [Thread-855] INFO  impl.RoleInfo (RoleInfo.java:updateAndGet(143)) - 13e6f2a0-7b74-4c29-b613-54a9ac99ca5d: start LeaderElection
2019-10-17 02:20:44,724 [13e6f2a0-7b74-4c29-b613-54a9ac99ca5d@group-D7C8F5BEB75A-LeaderElection76] INFO  impl.LeaderElection (LeaderElection.java:askForVotes(178)) - 13e6f2a0-7b74-4c29-b613-54a9ac99ca5d@group-D7C8F5BEB75A-LeaderElection76: begin an election at term 66 for -1: [f349c4dc-e0f5-43f3-b014-e61370cb1add:192.168.157.194:39280, 13e6f2a0-7b74-4c29-b613-54a9ac99ca5d:192.168.157.194:32860, 5459097b-5895-44f9-a57c-1b76b0f7af13:192.168.157.194:35032], old=null
2019-10-17 02:20:44,725 [grpc-default-executor-4] INFO  impl.RaftServerImpl (RaftServerImpl.java:setRole(184)) - f349c4dc-e0f5-43f3-b014-e61370cb1add@group-D7C8F5BEB75A: changes role from  FOLLOWER to FOLLOWER at term 66 for recognizeCandidate:13e6f2a0-7b74-4c29-b613-54a9ac99ca5d
2019-10-17 02:20:44,725 [grpc-default-executor-4] INFO  impl.RoleInfo (RoleInfo.java:shutdownFollowerState(121)) - f349c4dc-e0f5-43f3-b014-e61370cb1add: shutdown FollowerState
2019-10-17 02:20:44,725 [grpc-default-executor-4] INFO  impl.RoleInfo (RoleInfo.java:updateAndGet(143)) - f349c4dc-e0f5-43f3-b014-e61370cb1add: start FollowerState
2019-10-17 02:20:44,725 [Thread-853] INFO  impl.FollowerState (FollowerState.java:run(117)) - f349c4dc-e0f5-43f3-b014-e61370cb1add@group-D7C8F5BEB75A-FollowerState was interrupted: java.lang.InterruptedException: sleep interrupted
2019-10-17 02:20:44,727 [grpc-default-executor-6] INFO  impl.RaftServerImpl (RaftServerImpl.java:setRole(184)) - 5459097b-5895-44f9-a57c-1b76b0f7af13@group-D7C8F5BEB75A: changes role from  FOLLOWER to FOLLOWER at term 66 for recognizeCandidate:13e6f2a0-7b74-4c29-b613-54a9ac99ca5d
2019-10-17 02:20:44,727 [grpc-default-executor-6] INFO  impl.RoleInfo (RoleInfo.java:shutdownFollowerState(121)) - 5459097b-5895-44f9-a57c-1b76b0f7af13: shutdown FollowerState
2019-10-17 02:20:44,727 [grpc-default-executor-6] INFO  impl.RoleInfo (RoleInfo.java:updateAndGet(143)) - 5459097b-5895-44f9-a57c-1b76b0f7af13: start FollowerState
2019-10-17 02:20:44,727 [Thread-854] INFO  impl.FollowerState (FollowerState.java:run(117)) - 5459097b-5895-44f9-a57c-1b76b0f7af13@group-D7C8F5BEB75A-FollowerState was interrupted: java.lang.InterruptedException: sleep interrupted
2019-10-17 02:20:44,729 [13e6f2a0-7b74-4c29-b613-54a9ac99ca5d@group-D7C8F5BEB75A-LeaderElection76] INFO  impl.LeaderElection (LeaderElection.java:logAndReturn(56)) - 13e6f2a0-7b74-4c29-b613-54a9ac99ca5d@group-D7C8F5BEB75A-LeaderElection76: Election TIMEOUT; received 0 response(s) [] and 0 exception(s); 13e6f2a0-7b74-4c29-b613-54a9ac99ca5d@group-D7C8F5BEB75A:t66, leader=null, voted=13e6f2a0-7b74-4c29-b613-54a9ac99ca5d, raftlog=13e6f2a0-7b74-4c29-b613-54a9ac99ca5d@group-D7C8F5BEB75A-SegmentedRaftLog:OPENED:c-1,f-1,i0, conf=-1: [f349c4dc-e0f5-43f3-b014-e61370cb1add:192.168.157.194:39280, 13e6f2a0-7b74-4c29-b613-54a9ac99ca5d:192.168.157.194:32860, 5459097b-5895-44f9-a57c-1b76b0f7af13:192.168.157.194:35032], old=null
 0.00% |?                                                                                                    |  0/1 Time: 0:00:042019-10-17 02:20:44,739 [13e6f2a0-7b74-4c29-b613-54a9ac99ca5d@group-D7C8F5BEB75A-LeaderElection76] INFO  impl.LeaderElection (LeaderElection.java:askForVotes(178)) - 13e6f2a0-7b74-4c29-b613-54a9ac99ca5d@group-D7C8F5BEB75A-LeaderElection76: begin an election at term 67 for -1: [f349c4dc-e0f5-43f3-b014-e61370cb1add:192.168.157.194:39280, 13e6f2a0-7b74-4c29-b613-54a9ac99ca5d:192.168.157.194:32860, 5459097b-5895-44f9-a57c-1b76b0f7af13:192.168.157.194:35032], old=null
2019-10-17 02:20:44,741 [grpc-default-executor-6] INFO  impl.RaftServerImpl (RaftServerImpl.java:setRole(184)) - f349c4dc-e0f5-43f3-b014-e61370cb1add@group-D7C8F5BEB75A: changes role from  FOLLOWER to FOLLOWER at term 67 for recognizeCandidate:13e6f2a0-7b74-4c29-b613-54a9ac99ca5d
2019-10-17 02:20:44,741 [grpc-default-executor-6] INFO  impl.RoleInfo (RoleInfo.java:shutdownFollowerState(121)) - f349c4dc-e0f5-43f3-b014-e61370cb1add: shutdown FollowerState
2019-10-17 02:20:44,741 [grpc-default-executor-4] INFO  impl.RaftServerImpl (RaftServerImpl.java:setRole(184)) - 5459097b-5895-44f9-a57c-1b76b0f7af13@group-D7C8F5BEB75A: changes role from  FOLLOWER to FOLLOWER at term 67 for recognizeCandidate:13e6f2a0-7b74-4c29-b613-54a9ac99ca5d
2019-10-17 02:20:44,741 [grpc-default-executor-4] INFO  impl.RoleInfo (RoleInfo.java:shutdownFollowerState(121)) - 5459097b-5895-44f9-a57c-1b76b0f7af13: shutdown FollowerState
2019-10-17 02:20:44,741 [Thread-859] INFO  impl.FollowerState (FollowerState.java:run(117)) - f349c4dc-e0f5-43f3-b014-e61370cb1add@group-D7C8F5BEB75A-FollowerState was interrupted: java.lang.InterruptedException: sleep interrupted
2019-10-17 02:20:44,741 [grpc-default-executor-6] INFO  impl.RoleInfo (RoleInfo.java:updateAndGet(143)) - f349c4dc-e0f5-43f3-b014-e61370cb1add: start FollowerState
2019-10-17 02:20:44,741 [Thread-860] INFO  impl.FollowerState (FollowerState.java:run(117)) - 5459097b-5895-44f9-a57c-1b76b0f7af13@group-D7C8F5BEB75A-FollowerState was interrupted: java.lang.InterruptedException: sleep interrupted
2019-10-17 02:20:44,741 [grpc-default-executor-4] INFO  impl.RoleInfo (RoleInfo.java:updateAndGet(143)) - 5459097b-5895-44f9-a57c-1b76b0f7af13: start FollowerState
2019-10-17 02:20:44,756 [13e6f2a0-7b74-4c29-b613-54a9ac99ca5d@group-D7C8F5BEB75A-LeaderElection76] INFO  impl.LeaderElection (LeaderElection.java:logAndReturn(56)) - 13e6f2a0-7b74-4c29-b613-54a9ac99ca5d@group-D7C8F5BEB75A-LeaderElection76: Election REJECTED; received 2 response(s) [13e6f2a0-7b74-4c29-b613-54a9ac99ca5d<-f349c4dc-e0f5-43f3-b014-e61370cb1add#0:FAIL-t67, 13e6f2a0-7b74-4c29-b613-54a9ac99ca5d<-5459097b-5895-44f9-a57c-1b76b0f7af13#0:FAIL-t67] and 0 exception(s); 13e6f2a0-7b74-4c29-b613-54a9ac99ca5d@group-D7C8F5BEB75A:t67, leader=null, voted=13e6f2a0-7b74-4c29-b613-54a9ac99ca5d, raftlog=13e6f2a0-7b74-4c29-b613-54a9ac99ca5d@group-D7C8F5BEB75A-SegmentedRaftLog:OPENED:c-1,f-1,i0, conf=-1: [f349c4dc-e0f5-43f3-b014-e61370cb1add:192.168.157.194:39280, 13e6f2a0-7b74-4c29-b613-54a9ac99ca5d:192.168.157.194:32860, 5459097b-5895-44f9-a57c-1b76b0f7af13:192.168.157.194:35032], old=null
2019-10-17 02:20:44,756 [13e6f2a0-7b74-4c29-b613-54a9ac99ca5d@group-D7C8F5BEB75A-LeaderElection76] INFO  impl.RaftServerImpl (RaftServerImpl.java:setRole(184)) - 13e6f2a0-7b74-4c29-b613-54a9ac99ca5d@group-D7C8F5BEB75A: changes role from CANDIDATE to FOLLOWER at term 67 for DISCOVERED_A_NEW_TERM
2019-10-17 02:20:44,756 [13e6f2a0-7b74-4c29-b613-54a9ac99ca5d@group-D7C8F5BEB75A-LeaderElection76] INFO  impl.RoleInfo (RoleInfo.java:shutdownLeaderElection(134)) - 13e6f2a0-7b74-4c29-b613-54a9ac99ca5d: shutdown LeaderElection
2019-10-17 02:20:44,757 [13e6f2a0-7b74-4c29-b613-54a9ac99ca5d@group-D7C8F5BEB75A-LeaderElection76] INFO  impl.RoleInfo (RoleInfo.java:updateAndGet(143)) - 13e6f2a0-7b74-4c29-b613-54a9ac99ca5d: start FollowerState
2019-10-17 02:20:44,942 [Thread-865] INFO  impl.FollowerState (FollowerState.java:run(108)) - 13e6f2a0-7b74-4c29-b613-54a9ac99ca5d@group-D7C8F5BEB75A-FollowerState: change to CANDIDATE, lastRpcTime:185ms, electionTimeout:185ms
2019-10-17 02:20:44,942 [Thread-865] INFO  impl.RoleInfo (RoleInfo.java:shutdownFollowerState(121)) - 13e6f2a0-7b74-4c29-b613-54a9ac99ca5d: shutdown FollowerState
2019-10-17 02:20:44,942 [Thread-865] INFO  impl.RaftServerImpl (RaftServerImpl.java:setRole(184)) - 13e6f2a0-7b74-4c29-b613-54a9ac99ca5d@group-D7C8F5BEB75A: changes role from  FOLLOWER to CANDIDATE at term 67 for changeToCandidate
2019-10-17 02:20:44,943 [Thread-865] INFO  impl.RoleInfo (RoleInfo.java:updateAndGet(143)) - 13e6f2a0-7b74-4c29-b613-54a9ac99ca5d: start LeaderElection
2019-10-17 02:20:44,957 [13e6f2a0-7b74-4c29-b613-54a9ac99ca5d@group-D7C8F5BEB75A-LeaderElection77] INFO  impl.LeaderElection (LeaderElection.java:askForVotes(178)) - 13e6f2a0-7b74-4c29-b613-54a9ac99ca5d@group-D7C8F5BEB75A-LeaderElection77: begin an election at term 68 for -1: [f349c4dc-e0f5-43f3-b014-e61370cb1add:192.168.157.194:39280, 13e6f2a0-7b74-4c29-b613-54a9ac99ca5d:192.168.157.194:32860, 5459097b-5895-44f9-a57c-1b76b0f7af13:192.168.157.194:35032], old=null
2019-10-17 02:20:44,962 [grpc-default-executor-6] INFO  impl.RaftServerImpl (RaftServerImpl.java:setRole(184)) - 5459097b-5895-44f9-a57c-1b76b0f7af13@group-D7C8F5BEB75A: changes role from  FOLLOWER to FOLLOWER at term 68 for recognizeCandidate:13e6f2a0-7b74-4c29-b613-54a9ac99ca5d
2019-10-17 02:20:44,962 [grpc-default-executor-6] INFO  impl.RoleInfo (RoleInfo.java:shutdownFollowerState(121)) - 5459097b-5895-44f9-a57c-1b76b0f7af13: shutdown FollowerState
2019-10-17 02:20:44,962 [grpc-default-executor-4] INFO  impl.RaftServerImpl (RaftServerImpl.java:setRole(184)) - f349c4dc-e0f5-43f3-b014-e61370cb1add@group-D7C8F5BEB75A: changes role from  FOLLOWER to FOLLOWER at term 68 for recognizeCandidate:13e6f2a0-7b74-4c29-b613-54a9ac99ca5d
2019-10-17 02:20:44,962 [Thread-864] INFO  impl.FollowerState (FollowerState.java:run(117)) - 5459097b-5895-44f9-a57c-1b76b0f7af13@group-D7C8F5BEB75A-FollowerState was interrupted: java.lang.InterruptedException: sleep interrupted
2019-10-17 02:20:44,962 [grpc-default-executor-6] INFO  impl.RoleInfo (RoleInfo.java:updateAndGet(143)) - 5459097b-5895-44f9-a57c-1b76b0f7af13: start FollowerState
2019-10-17 02:20:44,962 [grpc-default-executor-4] INFO  impl.RoleInfo (RoleInfo.java:shutdownFollowerState(121)) - f349c4dc-e0f5-43f3-b014-e61370cb1add: shutdown FollowerState
2019-10-17 02:20:44,963 [grpc-default-executor-4] INFO  impl.RoleInfo (RoleInfo.java:updateAndGet(143)) - f349c4dc-e0f5-43f3-b014-e61370cb1add: start FollowerState
2019-10-17 02:20:44,963 [Thread-863] INFO  impl.FollowerState (FollowerState.java:run(117)) - f349c4dc-e0f5-43f3-b014-e61370cb1add@group-D7C8F5BEB75A-FollowerState was interrupted: java.lang.InterruptedException: sleep interrupted
2019-10-17 02:20:44,978 [13e6f2a0-7b74-4c29-b613-54a9ac99ca5d@group-D7C8F5BEB75A-LeaderElection77] INFO  impl.LeaderElection (LeaderElection.java:logAndReturn(56)) - 13e6f2a0-7b74-4c29-b613-54a9ac99ca5d@group-D7C8F5BEB75A-LeaderElection77: Election REJECTED; received 2 response(s) [13e6f2a0-7b74-4c29-b613-54a9ac99ca5d<-f349c4dc-e0f5-43f3-b014-e61370cb1add#0:FAIL-t68, 13e6f2a0-7b74-4c29-b613-54a9ac99ca5d<-5459097b-5895-44f9-a57c-1b76b0f7af13#0:FAIL-t68] and 0 exception(s); 13e6f2a0-7b74-4c29-b613-54a9ac99ca5d@group-D7C8F5BEB75A:t68, leader=null, voted=13e6f2a0-7b74-4c29-b613-54a9ac99ca5d, raftlog=13e6f2a0-7b74-4c29-b613-54a9ac99ca5d@group-D7C8F5BEB75A-SegmentedRaftLog:OPENED:c-1,f-1,i0, conf=-1: [f349c4dc-e0f5-43f3-b014-e61370cb1add:192.168.157.194:39280, 13e6f2a0-7b74-4c29-b613-54a9ac99ca5d:192.168.157.194:32860, 5459097b-5895-44f9-a57c-1b76b0f7af13:192.168.157.194:35032], old=null
2019-10-17 02:20:44,979 [13e6f2a0-7b74-4c29-b613-54a9ac99ca5d@group-D7C8F5BEB75A-LeaderElection77] INFO  impl.RaftServerImpl (RaftServerImpl.java:setRole(184)) - 13e6f2a0-7b74-4c29-b613-54a9ac99ca5d@group-D7C8F5BEB75A: changes role from CANDIDATE to FOLLOWER at term 68 for DISCOVERED_A_NEW_TERM
2019-10-17 02:20:44,979 [13e6f2a0-7b74-4c29-b613-54a9ac99ca5d@group-D7C8F5BEB75A-LeaderElection77] INFO  impl.RoleInfo (RoleInfo.java:shutdownLeaderElection(134)) - 13e6f2a0-7b74-4c29-b613-54a9ac99ca5d: shutdown LeaderElection
2019-10-17 02:20:44,979 [13e6f2a0-7b74-4c29-b613-54a9ac99ca5d@group-D7C8F5BEB75A-LeaderElection77] INFO  impl.RoleInfo (RoleInfo.java:updateAndGet(143)) - 13e6f2a0-7b74-4c29-b613-54a9ac99ca5d: start FollowerState
2019-10-17 02:20:45,018 [Thread-871] INFO  impl.FollowerState (FollowerState.java:run(108)) - 13e6f2a0-7b74-4c29-b613-54a9ac99ca5d@group-D7C8F5BEB75A-FollowerState: change to CANDIDATE, lastRpcTime:39ms, electionTimeout:39ms
2019-10-17 02:20:45,018 [Thread-871] INFO  impl.RoleInfo (RoleInfo.java:shutdownFollowerState(121)) - 13e6f2a0-7b74-4c29-b613-54a9ac99ca5d: shutdown FollowerState
2019-10-17 02:20:45,018 [Thread-871] INFO  impl.RaftServerImpl (RaftServerImpl.java:setRole(184)) - 13e6f2a0-7b74-4c29-b613-54a9ac99ca5d@group-D7C8F5BEB75A: changes role from  FOLLOWER to CANDIDATE at term 68 for changeToCandidate
2019-10-17 02:20:45,018 [Thread-871] INFO  impl.RoleInfo (RoleInfo.java:updateAndGet(143)) - 13e6f2a0-7b74-4c29-b613-54a9ac99ca5d: start LeaderElection
2019-10-17 02:20:45,032 [13e6f2a0-7b74-4c29-b613-54a9ac99ca5d@group-D7C8F5BEB75A-LeaderElection78] INFO  impl.LeaderElection (LeaderElection.java:askForVotes(178)) - 13e6f2a0-7b74-4c29-b613-54a9ac99ca5d@group-D7C8F5BEB75A-LeaderElection78: begin an election at term 69 for -1: [f349c4dc-e0f5-43f3-b014-e61370cb1add:192.168.157.194:39280, 13e6f2a0-7b74-4c29-b613-54a9ac99ca5d:192.168.157.194:32860, 5459097b-5895-44f9-a57c-1b76b0f7af13:192.168.157.194:35032], old=null
2019-10-17 02:20:45,034 [grpc-default-executor-4] INFO  impl.RaftServerImpl (RaftServerImpl.java:setRole(184)) - 5459097b-5895-44f9-a57c-1b76b0f7af13@group-D7C8F5BEB75A: changes role from  FOLLOWER to FOLLOWER at term 69 for recognizeCandidate:13e6f2a0-7b74-4c29-b613-54a9ac99ca5d
2019-10-17 02:20:45,034 [grpc-default-executor-4] INFO  impl.RoleInfo (RoleInfo.java:shutdownFollowerState(121)) - 5459097b-5895-44f9-a57c-1b76b0f7af13: shutdown FollowerState
2019-10-17 02:20:45,034 [grpc-default-executor-4] INFO  impl.RoleInfo (RoleInfo.java:updateAndGet(143)) - 5459097b-5895-44f9-a57c-1b76b0f7af13: start FollowerState
2019-10-17 02:20:45,034 [Thread-869] INFO  impl.FollowerState (FollowerState.java:run(117)) - 5459097b-5895-44f9-a57c-1b76b0f7af13@group-D7C8F5BEB75A-FollowerState was interrupted: java.lang.InterruptedException: sleep interrupted
2019-10-17 02:20:45,034 [grpc-default-executor-6] INFO  impl.RaftServerImpl (RaftServerImpl.java:setRole(184)) - f349c4dc-e0f5-43f3-b014-e61370cb1add@group-D7C8F5BEB75A: changes role from  FOLLOWER to FOLLOWER at term 69 for recognizeCandidate:13e6f2a0-7b74-4c29-b613-54a9ac99ca5d
2019-10-17 02:20:45,034 [grpc-default-executor-6] INFO  impl.RoleInfo (RoleInfo.java:shutdownFollowerState(121)) - f349c4dc-e0f5-43f3-b014-e61370cb1add: shutdown FollowerState
2019-10-17 02:20:45,035 [grpc-default-executor-6] INFO  impl.RoleInfo (RoleInfo.java:updateAndGet(143)) - f349c4dc-e0f5-43f3-b014-e61370cb1add: start FollowerState
2019-10-17 02:20:45,035 [Thread-870] INFO  impl.FollowerState (FollowerState.java:run(117)) - f349c4dc-e0f5-43f3-b014-e61370cb1add@group-D7C8F5BEB75A-FollowerState was interrupted: java.lang.InterruptedException: sleep interrupted
2019-10-17 02:20:45,049 [13e6f2a0-7b74-4c29-b613-54a9ac99ca5d@group-D7C8F5BEB75A-LeaderElection78] INFO  impl.LeaderElection (LeaderElection.java:logAndReturn(56)) - 13e6f2a0-7b74-4c29-b613-54a9ac99ca5d@group-D7C8F5BEB75A-LeaderElection78: Election REJECTED; received 2 response(s) [13e6f2a0-7b74-4c29-b613-54a9ac99ca5d<-f349c4dc-e0f5-43f3-b014-e61370cb1add#0:FAIL-t69, 13e6f2a0-7b74-4c29-b613-54a9ac99ca5d<-5459097b-5895-44f9-a57c-1b76b0f7af13#0:FAIL-t69] and 0 exception(s); 13e6f2a0-7b74-4c29-b613-54a9ac99ca5d@group-D7C8F5BEB75A:t69, leader=null, voted=13e6f2a0-7b74-4c29-b613-54a9ac99ca5d, raftlog=13e6f2a0-7b74-4c29-b613-54a9ac99ca5d@group-D7C8F5BEB75A-SegmentedRaftLog:OPENED:c-1,f-1,i0, conf=-1: [f349c4dc-e0f5-43f3-b014-e61370cb1add:192.168.157.194:39280, 13e6f2a0-7b74-4c29-b613-54a9ac99ca5d:192.168.157.194:32860, 5459097b-5895-44f9-a57c-1b76b0f7af13:192.168.157.194:35032], old=null
2019-10-17 02:20:45,049 [13e6f2a0-7b74-4c29-b613-54a9ac99ca5d@group-D7C8F5BEB75A-LeaderElection78] INFO  impl.RaftServerImpl (RaftServerImpl.java:setRole(184)) - 13e6f2a0-7b74-4c29-b613-54a9ac99ca5d@group-D7C8F5BEB75A: changes role from CANDIDATE to FOLLOWER at term 69 for DISCOVERED_A_NEW_TERM
2019-10-17 02:20:45,049 [13e6f2a0-7b74-4c29-b613-54a9ac99ca5d@group-D7C8F5BEB75A-LeaderElection78] INFO  impl.RoleInfo (RoleInfo.java:shutdownLeaderElection(134)) - 13e6f2a0-7b74-4c29-b613-54a9ac99ca5d: shutdown LeaderElection
2019-10-17 02:20:45,050 [13e6f2a0-7b74-4c29-b613-54a9ac99ca5d@group-D7C8F5BEB75A-LeaderElection78] INFO  impl.RoleInfo (RoleInfo.java:updateAndGet(143)) - 13e6f2a0-7b74-4c29-b613-54a9ac99ca5d: start FollowerState
2019-10-17 02:20:45,140 [Thread-877] INFO  impl.FollowerState (FollowerState.java:run(108)) - 13e6f2a0-7b74-4c29-b613-54a9ac99ca5d@group-D7C8F5BEB75A-FollowerState: change to CANDIDATE, lastRpcTime:90ms, electionTimeout:90ms
2019-10-17 02:20:45,140 [Thread-877] INFO  impl.RoleInfo (RoleInfo.java:shutdownFollowerState(121)) - 13e6f2a0-7b74-4c29-b613-54a9ac99ca5d: shutdown FollowerState
2019-10-17 02:20:45,140 [Thread-877] INFO  impl.RaftServerImpl (RaftServerImpl.java:setRole(184)) - 13e6f2a0-7b74-4c29-b613-54a9ac99ca5d@group-D7C8F5BEB75A: changes role from  FOLLOWER to CANDIDATE at term 69 for changeToCandidate
2019-10-17 02:20:45,141 [Thread-877] INFO  impl.RoleInfo (RoleInfo.java:updateAndGet(143)) - 13e6f2a0-7b74-4c29-b613-54a9ac99ca5d: start LeaderElection
2019-10-17 02:20:45,155 [13e6f2a0-7b74-4c29-b613-54a9ac99ca5d@group-D7C8F5BEB75A-LeaderElection79] INFO  impl.LeaderElection (LeaderElection.java:askForVotes(178)) - 13e6f2a0-7b74-4c29-b613-54a9ac99ca5d@group-D7C8F5BEB75A-LeaderElection79: begin an election at term 70 for -1: [f349c4dc-e0f5-43f3-b014-e61370cb1add:192.168.157.194:39280, 13e6f2a0-7b74-4c29-b613-54a9ac99ca5d:192.168.157.194:32860, 5459097b-5895-44f9-a57c-1b76b0f7af13:192.168.157.194:35032], old=null
2019-10-17 02:20:45,158 [grpc-default-executor-6] INFO  impl.RaftServerImpl (RaftServerImpl.java:setRole(184)) - f349c4dc-e0f5-43f3-b014-e61370cb1add@group-D7C8F5BEB75A: changes role from  FOLLOWER to FOLLOWER at term 70 for recognizeCandidate:13e6f2a0-7b74-4c29-b613-54a9ac99ca5d
2019-10-17 02:20:45,158 [grpc-default-executor-4] INFO  impl.RaftServerImpl (RaftServerImpl.java:setRole(184)) - 5459097b-5895-44f9-a57c-1b76b0f7af13@group-D7C8F5BEB75A: changes role from  FOLLOWER to FOLLOWER at term 70 for recognizeCandidate:13e6f2a0-7b74-4c29-b613-54a9ac99ca5d
2019-10-17 02:20:45,158 [grpc-default-executor-6] INFO  impl.RoleInfo (RoleInfo.java:shutdownFollowerState(121)) - f349c4dc-e0f5-43f3-b014-e61370cb1add: shutdown FollowerState
2019-10-17 02:20:45,158 [grpc-default-executor-4] INFO  impl.RoleInfo (RoleInfo.java:shutdownFollowerState(121)) - 5459097b-5895-44f9-a57c-1b76b0f7af13: shutdown FollowerState
2019-10-17 02:20:45,158 [grpc-default-executor-6] INFO  impl.RoleInfo (RoleInfo.java:updateAndGet(143)) - f349c4dc-e0f5-43f3-b014-e61370cb1add: start FollowerState
2019-10-17 02:20:45,158 [Thread-876] INFO  impl.FollowerState (FollowerState.java:run(117)) - f349c4dc-e0f5-43f3-b014-e61370cb1add@group-D7C8F5BEB75A-FollowerState was interrupted: java.lang.InterruptedException: sleep interrupted
2019-10-17 02:20:45,159 [Thread-875] INFO  impl.FollowerState (FollowerState.java:run(117)) - 5459097b-5895-44f9-a57c-1b76b0f7af13@group-D7C8F5BEB75A-FollowerState was interrupted: java.lang.InterruptedException: sleep interrupted
2019-10-17 02:20:45,159 [grpc-default-executor-4] INFO  impl.RoleInfo (RoleInfo.java:updateAndGet(143)) - 5459097b-5895-44f9-a57c-1b76b0f7af13: start FollowerState
2019-10-17 02:20:45,202 [13e6f2a0-7b74-4c29-b613-54a9ac99ca5d@group-D7C8F5BEB75A-LeaderElection79] INFO  impl.LeaderElection (LeaderElection.java:logAndReturn(56)) - 13e6f2a0-7b74-4c29-b613-54a9ac99ca5d@group-D7C8F5BEB75A-LeaderElection79: Election REJECTED; received 2 response(s) [13e6f2a0-7b74-4c29-b613-54a9ac99ca5d<-f349c4dc-e0f5-43f3-b014-e61370cb1add#0:FAIL-t70, 13e6f2a0-7b74-4c29-b613-54a9ac99ca5d<-5459097b-5895-44f9-a57c-1b76b0f7af13#0:FAIL-t70] and 0 exception(s); 13e6f2a0-7b74-4c29-b613-54a9ac99ca5d@group-D7C8F5BEB75A:t70, leader=null, voted=13e6f2a0-7b74-4c29-b613-54a9ac99ca5d, raftlog=13e6f2a0-7b74-4c29-b613-54a9ac99ca5d@group-D7C8F5BEB75A-SegmentedRaftLog:OPENED:c-1,f-1,i0, conf=-1: [f349c4dc-e0f5-43f3-b014-e61370cb1add:192.168.157.194:39280, 13e6f2a0-7b74-4c29-b613-54a9ac99ca5d:192.168.157.194:32860, 5459097b-5895-44f9-a57c-1b76b0f7af13:192.168.157.194:35032], old=null
2019-10-17 02:20:45,202 [13e6f2a0-7b74-4c29-b613-54a9ac99ca5d@group-D7C8F5BEB75A-LeaderElection79] INFO  impl.RaftServerImpl (RaftServerImpl.java:setRole(184)) - 13e6f2a0-7b74-4c29-b613-54a9ac99ca5d@group-D7C8F5BEB75A: changes role from CANDIDATE to FOLLOWER at term 70 for DISCOVERED_A_NEW_TERM
2019-10-17 02:20:45,202 [13e6f2a0-7b74-4c29-b613-54a9ac99ca5d@group-D7C8F5BEB75A-LeaderElection79] INFO  impl.RoleInfo (RoleInfo.java:shutdownLeaderElection(134)) - 13e6f2a0-7b74-4c29-b613-54a9ac99ca5d: shutdown LeaderElection
2019-10-17 02:20:45,202 [13e6f2a0-7b74-4c29-b613-54a9ac99ca5d@group-D7C8F5BEB75A-LeaderElection79] INFO  impl.RoleInfo (RoleInfo.java:updateAndGet(143)) - 13e6f2a0-7b74-4c29-b613-54a9ac99ca5d: start FollowerState
2019-10-17 02:20:45,251 [Thread-883] INFO  impl.FollowerState (FollowerState.java:run(108)) - 13e6f2a0-7b74-4c29-b613-54a9ac99ca5d@group-D7C8F5BEB75A-FollowerState: change to CANDIDATE, lastRpcTime:48ms, electionTimeout:48ms
2019-10-17 02:20:45,251 [Thread-883] INFO  impl.RoleInfo (RoleInfo.java:shutdownFollowerState(121)) - 13e6f2a0-7b74-4c29-b613-54a9ac99ca5d: shutdown FollowerState
2019-10-17 02:20:45,251 [Thread-883] INFO  impl.RaftServerImpl (RaftServerImpl.java:setRole(184)) - 13e6f2a0-7b74-4c29-b613-54a9ac99ca5d@group-D7C8F5BEB75A: changes role from  FOLLOWER to CANDIDATE at term 70 for changeToCandidate
2019-10-17 02:20:45,251 [Thread-883] INFO  impl.RoleInfo (RoleInfo.java:updateAndGet(143)) - 13e6f2a0-7b74-4c29-b613-54a9ac99ca5d: start LeaderElection
2019-10-17 02:20:45,265 [13e6f2a0-7b74-4c29-b613-54a9ac99ca5d@group-D7C8F5BEB75A-LeaderElection80] INFO  impl.LeaderElection (LeaderElection.java:askForVotes(178)) - 13e6f2a0-7b74-4c29-b613-54a9ac99ca5d@group-D7C8F5BEB75A-LeaderElection80: begin an election at term 71 for -1: [f349c4dc-e0f5-43f3-b014-e61370cb1add:192.168.157.194:39280, 13e6f2a0-7b74-4c29-b613-54a9ac99ca5d:192.168.157.194:32860, 5459097b-5895-44f9-a57c-1b76b0f7af13:192.168.157.194:35032], old=null
2019-10-17 02:20:45,267 [grpc-default-executor-6] INFO  impl.RaftServerImpl (RaftServerImpl.java:setRole(184)) - f349c4dc-e0f5-43f3-b014-e61370cb1add@group-D7C8F5BEB75A: changes role from  FOLLOWER to FOLLOWER at term 71 for recognizeCandidate:13e6f2a0-7b74-4c29-b613-54a9ac99ca5d
2019-10-17 02:20:45,267 [grpc-default-executor-6] INFO  impl.RoleInfo (RoleInfo.java:shutdownFollowerState(121)) - f349c4dc-e0f5-43f3-b014-e61370cb1add: shutdown FollowerState
2019-10-17 02:20:45,267 [grpc-default-executor-4] INFO  impl.RaftServerImpl (RaftServerImpl.java:setRole(184)) - 5459097b-5895-44f9-a57c-1b76b0f7af13@group-D7C8F5BEB75A: changes role from  FOLLOWER to FOLLOWER at term 71 for recognizeCandidate:13e6f2a0-7b74-4c29-b613-54a9ac99ca5d
2019-10-17 02:20:45,268 [Thread-881] INFO  impl.FollowerState (FollowerState.java:run(117)) - f349c4dc-e0f5-43f3-b014-e61370cb1add@group-D7C8F5BEB75A-FollowerState was interrupted: java.lang.InterruptedException: sleep interrupted
2019-10-17 02:20:45,268 [grpc-default-executor-6] INFO  impl.RoleInfo (RoleInfo.java:updateAndGet(143)) - f349c4dc-e0f5-43f3-b014-e61370cb1add: start FollowerState
2019-10-17 02:20:45,268 [grpc-default-executor-4] INFO  impl.RoleInfo (RoleInfo.java:shutdownFollowerState(121)) - 5459097b-5895-44f9-a57c-1b76b0f7af13: shutdown FollowerState
2019-10-17 02:20:45,268 [grpc-default-executor-4] INFO  impl.RoleInfo (RoleInfo.java:updateAndGet(143)) - 5459097b-5895-44f9-a57c-1b76b0f7af13: start FollowerState
2019-10-17 02:20:45,268 [Thread-882] INFO  impl.FollowerState (FollowerState.java:run(117)) - 5459097b-5895-44f9-a57c-1b76b0f7af13@group-D7C8F5BEB75A-FollowerState was interrupted: java.lang.InterruptedException: sleep interrupted
2019-10-17 02:20:45,282 [13e6f2a0-7b74-4c29-b613-54a9ac99ca5d@group-D7C8F5BEB75A-LeaderElection80] INFO  impl.LeaderElection (LeaderElection.java:logAndReturn(56)) - 13e6f2a0-7b74-4c29-b613-54a9ac99ca5d@group-D7C8F5BEB75A-LeaderElection80: Election REJECTED; received 2 response(s) [13e6f2a0-7b74-4c29-b613-54a9ac99ca5d<-f349c4dc-e0f5-43f3-b014-e61370cb1add#0:FAIL-t71, 13e6f2a0-7b74-4c29-b613-54a9ac99ca5d<-5459097b-5895-44f9-a57c-1b76b0f7af13#0:FAIL-t71] and 0 exception(s); 13e6f2a0-7b74-4c29-b613-54a9ac99ca5d@group-D7C8F5BEB75A:t71, leader=null, voted=13e6f2a0-7b74-4c29-b613-54a9ac99ca5d, raftlog=13e6f2a0-7b74-4c29-b613-54a9ac99ca5d@group-D7C8F5BEB75A-SegmentedRaftLog:OPENED:c-1,f-1,i0, conf=-1: [f349c4dc-e0f5-43f3-b014-e61370cb1add:192.168.157.194:39280, 13e6f2a0-7b74-4c29-b613-54a9ac99ca5d:192.168.157.194:32860, 5459097b-5895-44f9-a57c-1b76b0f7af13:192.168.157.194:35032], old=null
2019-10-17 02:20:45,282 [13e6f2a0-7b74-4c29-b613-54a9ac99ca5d@group-D7C8F5BEB75A-LeaderElection80] INFO  impl.RaftServerImpl (RaftServerImpl.java:setRole(184)) - 13e6f2a0-7b74-4c29-b613-54a9ac99ca5d@group-D7C8F5BEB75A: changes role from CANDIDATE to FOLLOWER at term 71 for DISCOVERED_A_NEW_TERM
2019-10-17 02:20:45,283 [13e6f2a0-7b74-4c29-b613-54a9ac99ca5d@group-D7C8F5BEB75A-LeaderElection80] INFO  impl.RoleInfo (RoleInfo.java:shutdownLeaderElection(134)) - 13e6f2a0-7b74-4c29-b613-54a9ac99ca5d: shutdown LeaderElection
2019-10-17 02:20:45,283 [13e6f2a0-7b74-4c29-b613-54a9ac99ca5d@group-D7C8F5BEB75A-LeaderElection80] INFO  impl.RoleInfo (RoleInfo.java:updateAndGet(143)) - 13e6f2a0-7b74-4c29-b613-54a9ac99ca5d: start FollowerState
2019-10-17 02:20:45,408 [Thread-889] INFO  impl.FollowerState (FollowerState.java:run(108)) - 13e6f2a0-7b74-4c29-b613-54a9ac99ca5d@group-D7C8F5BEB75A-FollowerState: change to CANDIDATE, lastRpcTime:125ms, electionTimeout:125ms
2019-10-17 02:20:45,408 [Thread-889] INFO  impl.RoleInfo (RoleInfo.java:shutdownFollowerState(121)) - 13e6f2a0-7b74-4c29-b613-54a9ac99ca5d: shutdown FollowerState
2019-10-17 02:20:45,408 [Thread-889] INFO  impl.RaftServerImpl (RaftServerImpl.java:setRole(184)) - 13e6f2a0-7b74-4c29-b613-54a9ac99ca5d@group-D7C8F5BEB75A: changes role from  FOLLOWER to CANDIDATE at term 71 for changeToCandidate
2019-10-17 02:20:45,409 [Thread-889] INFO  impl.RoleInfo (RoleInfo.java:updateAndGet(143)) - 13e6f2a0-7b74-4c29-b613-54a9ac99ca5d: start LeaderElection
2019-10-17 02:20:45,424 [13e6f2a0-7b74-4c29-b613-54a9ac99ca5d@group-D7C8F5BEB75A-LeaderElection81] INFO  impl.LeaderElection (LeaderElection.java:askForVotes(178)) - 13e6f2a0-7b74-4c29-b613-54a9ac99ca5d@group-D7C8F5BEB75A-LeaderElection81: begin an election at term 72 for -1: [f349c4dc-e0f5-43f3-b014-e61370cb1add:192.168.157.194:39280, 13e6f2a0-7b74-4c29-b613-54a9ac99ca5d:192.168.157.194:32860, 5459097b-5895-44f9-a57c-1b76b0f7af13:192.168.157.194:35032], old=null
2019-10-17 02:20:45,427 [grpc-default-executor-4] INFO  impl.RaftServerImpl (RaftServerImpl.java:setRole(184)) - 5459097b-5895-44f9-a57c-1b76b0f7af13@group-D7C8F5BEB75A: changes role from  FOLLOWER to FOLLOWER at term 72 for recognizeCandidate:13e6f2a0-7b74-4c29-b613-54a9ac99ca5d
2019-10-17 02:20:45,427 [grpc-default-executor-4] INFO  impl.RoleInfo (RoleInfo.java:shutdownFollowerState(121)) - 5459097b-5895-44f9-a57c-1b76b0f7af13: shutdown FollowerState
2019-10-17 02:20:45,427 [grpc-default-executor-6] INFO  impl.RaftServerImpl (RaftServerImpl.java:setRole(184)) - f349c4dc-e0f5-43f3-b014-e61370cb1add@group-D7C8F5BEB75A: changes role from  FOLLOWER to FOLLOWER at term 72 for recognizeCandidate:13e6f2a0-7b74-4c29-b613-54a9ac99ca5d
2019-10-17 02:20:45,427 [Thread-888] INFO  impl.FollowerState (FollowerState.java:run(117)) - 5459097b-5895-44f9-a57c-1b76b0f7af13@group-D7C8F5BEB75A-FollowerState was interrupted: java.lang.InterruptedException: sleep interrupted
2019-10-17 02:20:45,427 [grpc-default-executor-4] INFO  impl.RoleInfo (RoleInfo.java:updateAndGet(143)) - 5459097b-5895-44f9-a57c-1b76b0f7af13: start FollowerState
2019-10-17 02:20:45,427 [grpc-default-executor-6] INFO  impl.RoleInfo (RoleInfo.java:shutdownFollowerState(121)) - f349c4dc-e0f5-43f3-b014-e61370cb1add: shutdown FollowerState
2019-10-17 02:20:45,428 [Thread-887] INFO  impl.FollowerState (FollowerState.java:run(117)) - f349c4dc-e0f5-43f3-b014-e61370cb1add@group-D7C8F5BEB75A-FollowerState was interrupted: java.lang.InterruptedException: sleep interrupted
2019-10-17 02:20:45,428 [grpc-default-executor-6] INFO  impl.RoleInfo (RoleInfo.java:updateAndGet(143)) - f349c4dc-e0f5-43f3-b014-e61370cb1add: start FollowerState
2019-10-17 02:20:45,443 [13e6f2a0-7b74-4c29-b613-54a9ac99ca5d@group-D7C8F5BEB75A-LeaderElection81] INFO  impl.LeaderElection (LeaderElection.java:logAndReturn(56)) - 13e6f2a0-7b74-4c29-b613-54a9ac99ca5d@group-D7C8F5BEB75A-LeaderElection81: Election REJECTED; received 2 response(s) [13e6f2a0-7b74-4c29-b613-54a9ac99ca5d<-f349c4dc-e0f5-43f3-b014-e61370cb1add#0:FAIL-t72, 13e6f2a0-7b74-4c29-b613-54a9ac99ca5d<-5459097b-5895-44f9-a57c-1b76b0f7af13#0:FAIL-t72] and 0 exception(s); 13e6f2a0-7b74-4c29-b613-54a9ac99ca5d@group-D7C8F5BEB75A:t72, leader=null, voted=13e6f2a0-7b74-4c29-b613-54a9ac99ca5d, raftlog=13e6f2a0-7b74-4c29-b613-54a9ac99ca5d@group-D7C8F5BEB75A-SegmentedRaftLog:OPENED:c-1,f-1,i0, conf=-1: [f349c4dc-e0f5-43f3-b014-e61370cb1add:192.168.157.194:39280, 13e6f2a0-7b74-4c29-b613-54a9ac99ca5d:192.168.157.194:32860, 5459097b-5895-44f9-a57c-1b76b0f7af13:192.168.157.194:35032], old=null
2019-10-17 02:20:45,443 [13e6f2a0-7b74-4c29-b613-54a9ac99ca5d@group-D7C8F5BEB75A-LeaderElection81] INFO  impl.RaftServerImpl (RaftServerImpl.java:setRole(184)) - 13e6f2a0-7b74-4c29-b613-54a9ac99ca5d@group-D7C8F5BEB75A: changes role from CANDIDATE to FOLLOWER at term 72 for DISCOVERED_A_NEW_TERM
2019-10-17 02:20:45,443 [13e6f2a0-7b74-4c29-b613-54a9ac99ca5d@group-D7C8F5BEB75A-LeaderElection81] INFO  impl.RoleInfo (RoleInfo.java:shutdownLeaderElection(134)) - 13e6f2a0-7b74-4c29-b613-54a9ac99ca5d: shutdown LeaderElection
2019-10-17 02:20:45,443 [13e6f2a0-7b74-4c29-b613-54a9ac99ca5d@group-D7C8F5BEB75A-LeaderElection81] INFO  impl.RoleInfo (RoleInfo.java:updateAndGet(143)) - 13e6f2a0-7b74-4c29-b613-54a9ac99ca5d: start FollowerState
2019-10-17 02:20:45,453 [Thread-895] INFO  impl.FollowerState (FollowerState.java:run(108)) - 13e6f2a0-7b74-4c29-b613-54a9ac99ca5d@group-D7C8F5BEB75A-FollowerState: change to CANDIDATE, lastRpcTime:9ms, electionTimeout:9ms
2019-10-17 02:20:45,453 [Thread-895] INFO  impl.RoleInfo (RoleInfo.java:shutdownFollowerState(121)) - 13e6f2a0-7b74-4c29-b613-54a9ac99ca5d: shutdown FollowerState
2019-10-17 02:20:45,453 [Thread-895] INFO  impl.RaftServerImpl (RaftServerImpl.java:setRole(184)) - 13e6f2a0-7b74-4c29-b613-54a9ac99ca5d@group-D7C8F5BEB75A: changes role from  FOLLOWER to CANDIDATE at term 72 for changeToCandidate
2019-10-17 02:20:45,453 [Thread-895] INFO  impl.RoleInfo (RoleInfo.java:updateAndGet(143)) - 13e6f2a0-7b74-4c29-b613-54a9ac99ca5d: start LeaderElection
2019-10-17 02:20:45,467 [13e6f2a0-7b74-4c29-b613-54a9ac99ca5d@group-D7C8F5BEB75A-LeaderElection82] INFO  impl.LeaderElection (LeaderElection.java:askForVotes(178)) - 13e6f2a0-7b74-4c29-b613-54a9ac99ca5d@group-D7C8F5BEB75A-LeaderElection82: begin an election at term 73 for -1: [f349c4dc-e0f5-43f3-b014-e61370cb1add:192.168.157.194:39280, 13e6f2a0-7b74-4c29-b613-54a9ac99ca5d:192.168.157.194:32860, 5459097b-5895-44f9-a57c-1b76b0f7af13:192.168.157.194:35032], old=null
2019-10-17 02:20:45,468 [grpc-default-executor-4] INFO  impl.RaftServerImpl (RaftServerImpl.java:setRole(184)) - f349c4dc-e0f5-43f3-b014-e61370cb1add@group-D7C8F5BEB75A: changes role from  FOLLOWER to FOLLOWER at term 73 for recognizeCandidate:13e6f2a0-7b74-4c29-b613-54a9ac99ca5d
2019-10-17 02:20:45,468 [grpc-default-executor-4] INFO  impl.RoleInfo (RoleInfo.java:shutdownFollowerState(121)) - f349c4dc-e0f5-43f3-b014-e61370cb1add: shutdown FollowerState
2019-10-17 02:20:45,468 [grpc-default-executor-4] INFO  impl.RoleInfo (RoleInfo.java:updateAndGet(143)) - f349c4dc-e0f5-43f3-b014-e61370cb1add: start FollowerState
2019-10-17 02:20:45,468 [Thread-894] INFO  impl.FollowerState (FollowerState.java:run(117)) - f349c4dc-e0f5-43f3-b014-e61370cb1add@group-D7C8F5BEB75A-FollowerState was interrupted: java.lang.InterruptedException: sleep interrupted
2019-10-17 02:20:45,469 [grpc-default-executor-6] INFO  impl.RaftServerImpl (RaftServerImpl.java:setRole(184)) - 5459097b-5895-44f9-a57c-1b76b0f7af13@group-D7C8F5BEB75A: changes role from  FOLLOWER to FOLLOWER at term 73 for recognizeCandidate:13e6f2a0-7b74-4c29-b613-54a9ac99ca5d
2019-10-17 02:20:45,469 [grpc-default-executor-6] INFO  impl.RoleInfo (RoleInfo.java:shutdownFollowerState(121)) - 5459097b-5895-44f9-a57c-1b76b0f7af13: shutdown FollowerState
2019-10-17 02:20:45,469 [grpc-default-executor-6] INFO  impl.RoleInfo (RoleInfo.java:updateAndGet(143)) - 5459097b-5895-44f9-a57c-1b76b0f7af13: start FollowerState
2019-10-17 02:20:45,469 [Thread-893] INFO  impl.FollowerState (FollowerState.java:run(117)) - 5459097b-5895-44f9-a57c-1b76b0f7af13@group-D7C8F5BEB75A-FollowerState was interrupted: java.lang.InterruptedException: sleep interrupted
2019-10-17 02:20:45,482 [13e6f2a0-7b74-4c29-b613-54a9ac99ca5d@group-D7C8F5BEB75A-LeaderElection82] INFO  impl.LeaderElection (LeaderElection.java:logAndReturn(56)) - 13e6f2a0-7b74-4c29-b613-54a9ac99ca5d@group-D7C8F5BEB75A-LeaderElection82: Election REJECTED; received 2 response(s) [13e6f2a0-7b74-4c29-b613-54a9ac99ca5d<-f349c4dc-e0f5-43f3-b014-e61370cb1add#0:FAIL-t73, 13e6f2a0-7b74-4c29-b613-54a9ac99ca5d<-5459097b-5895-44f9-a57c-1b76b0f7af13#0:FAIL-t73] and 0 exception(s); 13e6f2a0-7b74-4c29-b613-54a9ac99ca5d@group-D7C8F5BEB75A:t73, leader=null, voted=13e6f2a0-7b74-4c29-b613-54a9ac99ca5d, raftlog=13e6f2a0-7b74-4c29-b613-54a9ac99ca5d@group-D7C8F5BEB75A-SegmentedRaftLog:OPENED:c-1,f-1,i0, conf=-1: [f349c4dc-e0f5-43f3-b014-e61370cb1add:192.168.157.194:39280, 13e6f2a0-7b74-4c29-b613-54a9ac99ca5d:192.168.157.194:32860, 5459097b-5895-44f9-a57c-1b76b0f7af13:192.168.157.194:35032], old=null
2019-10-17 02:20:45,483 [13e6f2a0-7b74-4c29-b613-54a9ac99ca5d@group-D7C8F5BEB75A-LeaderElection82] INFO  impl.RaftServerImpl (RaftServerImpl.java:setRole(184)) - 13e6f2a0-7b74-4c29-b613-54a9ac99ca5d@group-D7C8F5BEB75A: changes role from CANDIDATE to FOLLOWER at term 73 for DISCOVERED_A_NEW_TERM
2019-10-17 02:20:45,483 [13e6f2a0-7b74-4c29-b613-54a9ac99ca5d@group-D7C8F5BEB75A-LeaderElection82] INFO  impl.RoleInfo (RoleInfo.java:shutdownLeaderElection(134)) - 13e6f2a0-7b74-4c29-b613-54a9ac99ca5d: shutdown LeaderElection
2019-10-17 02:20:45,483 [13e6f2a0-7b74-4c29-b613-54a9ac99ca5d@group-D7C8F5BEB75A-LeaderElection82] INFO  impl.RoleInfo (RoleInfo.java:updateAndGet(143)) - 13e6f2a0-7b74-4c29-b613-54a9ac99ca5d: start FollowerState
2019-10-17 02:20:45,606 [Thread-901] INFO  impl.FollowerState (FollowerState.java:run(108)) - 13e6f2a0-7b74-4c29-b613-54a9ac99ca5d@group-D7C8F5BEB75A-FollowerState: change to CANDIDATE, lastRpcTime:123ms, electionTimeout:123ms
2019-10-17 02:20:45,606 [Thread-901] INFO  impl.RoleInfo (RoleInfo.java:shutdownFollowerState(121)) - 13e6f2a0-7b74-4c29-b613-54a9ac99ca5d: shutdown FollowerState
2019-10-17 02:20:45,606 [Thread-901] INFO  impl.RaftServerImpl (RaftServerImpl.java:setRole(184)) - 13e6f2a0-7b74-4c29-b613-54a9ac99ca5d@group-D7C8F5BEB75A: changes role from  FOLLOWER to CANDIDATE at term 73 for changeToCandidate
2019-10-17 02:20:45,607 [Thread-901] INFO  impl.RoleInfo (RoleInfo.java:updateAndGet(143)) - 13e6f2a0-7b74-4c29-b613-54a9ac99ca5d: start LeaderElection
2019-10-17 02:20:45,620 [13e6f2a0-7b74-4c29-b613-54a9ac99ca5d@group-D7C8F5BEB75A-LeaderElection83] INFO  impl.LeaderElection (LeaderElection.java:askForVotes(178)) - 13e6f2a0-7b74-4c29-b613-54a9ac99ca5d@group-D7C8F5BEB75A-LeaderElection83: begin an election at term 74 for -1: [f349c4dc-e0f5-43f3-b014-e61370cb1add:192.168.157.194:39280, 13e6f2a0-7b74-4c29-b613-54a9ac99ca5d:192.168.157.194:32860, 5459097b-5895-44f9-a57c-1b76b0f7af13:192.168.157.194:35032], old=null
2019-10-17 02:20:45,622 [grpc-default-executor-4] INFO  impl.RaftServerImpl (RaftServerImpl.java:setRole(184)) - f349c4dc-e0f5-43f3-b014-e61370cb1add@group-D7C8F5BEB75A: changes role from  FOLLOWER to FOLLOWER at term 74 for recognizeCandidate:13e6f2a0-7b74-4c29-b613-54a9ac99ca5d
2019-10-17 02:20:45,622 [grpc-default-executor-6] INFO  impl.RaftServerImpl (RaftServerImpl.java:setRole(184)) - 5459097b-5895-44f9-a57c-1b76b0f7af13@group-D7C8F5BEB75A: changes role from  FOLLOWER to FOLLOWER at term 74 for recognizeCandidate:13e6f2a0-7b74-4c29-b613-54a9ac99ca5d
2019-10-17 02:20:45,622 [grpc-default-executor-6] INFO  impl.RoleInfo (RoleInfo.java:shutdownFollowerState(121)) - 5459097b-5895-44f9-a57c-1b76b0f7af13: shutdown FollowerState
2019-10-17 02:20:45,622 [grpc-default-executor-4] INFO  impl.RoleInfo (RoleInfo.java:shutdownFollowerState(121)) - f349c4dc-e0f5-43f3-b014-e61370cb1add: shutdown FollowerState
2019-10-17 02:20:45,622 [Thread-900] INFO  impl.FollowerState (FollowerState.java:run(117)) - 5459097b-5895-44f9-a57c-1b76b0f7af13@group-D7C8F5BEB75A-FollowerState was interrupted: java.lang.InterruptedException: sleep interrupted
2019-10-17 02:20:45,622 [grpc-default-executor-6] INFO  impl.RoleInfo (RoleInfo.java:updateAndGet(143)) - 5459097b-5895-44f9-a57c-1b76b0f7af13: start FollowerState
2019-10-17 02:20:45,622 [Thread-899] INFO  impl.FollowerState (FollowerState.java:run(117)) - f349c4dc-e0f5-43f3-b014-e61370cb1add@group-D7C8F5BEB75A-FollowerState was interrupted: java.lang.InterruptedException: sleep interrupted
2019-10-17 02:20:45,622 [grpc-default-executor-4] INFO  impl.RoleInfo (RoleInfo.java:updateAndGet(143)) - f349c4dc-e0f5-43f3-b014-e61370cb1add: start FollowerState
2019-10-17 02:20:45,639 [13e6f2a0-7b74-4c29-b613-54a9ac99ca5d@group-D7C8F5BEB75A-LeaderElection83] INFO  impl.LeaderElection (LeaderElection.java:logAndReturn(56)) - 13e6f2a0-7b74-4c29-b613-54a9ac99ca5d@group-D7C8F5BEB75A-LeaderElection83: Election REJECTED; received 2 response(s) [13e6f2a0-7b74-4c29-b613-54a9ac99ca5d<-f349c4dc-e0f5-43f3-b014-e61370cb1add#0:FAIL-t74, 13e6f2a0-7b74-4c29-b613-54a9ac99ca5d<-5459097b-5895-44f9-a57c-1b76b0f7af13#0:FAIL-t74] and 0 exception(s); 13e6f2a0-7b74-4c29-b613-54a9ac99ca5d@group-D7C8F5BEB75A:t74, leader=null, voted=13e6f2a0-7b74-4c29-b613-54a9ac99ca5d, raftlog=13e6f2a0-7b74-4c29-b613-54a9ac99ca5d@group-D7C8F5BEB75A-SegmentedRaftLog:OPENED:c-1,f-1,i0, conf=-1: [f349c4dc-e0f5-43f3-b014-e61370cb1add:192.168.157.194:39280, 13e6f2a0-7b74-4c29-b613-54a9ac99ca5d:192.168.157.194:32860, 5459097b-5895-44f9-a57c-1b76b0f7af13:192.168.157.194:35032], old=null
2019-10-17 02:20:45,639 [13e6f2a0-7b74-4c29-b613-54a9ac99ca5d@group-D7C8F5BEB75A-LeaderElection83] INFO  impl.RaftServerImpl (RaftServerImpl.java:setRole(184)) - 13e6f2a0-7b74-4c29-b613-54a9ac99ca5d@group-D7C8F5BEB75A: changes role from CANDIDATE to FOLLOWER at term 74 for DISCOVERED_A_NEW_TERM
2019-10-17 02:20:45,640 [13e6f2a0-7b74-4c29-b613-54a9ac99ca5d@group-D7C8F5BEB75A-LeaderElection83] INFO  impl.RoleInfo (RoleInfo.java:shutdownLeaderElection(134)) - 13e6f2a0-7b74-4c29-b613-54a9ac99ca5d: shutdown LeaderElection
2019-10-17 02:20:45,640 [13e6f2a0-7b74-4c29-b613-54a9ac99ca5d@group-D7C8F5BEB75A-LeaderElection83] INFO  impl.RoleInfo (RoleInfo.java:updateAndGet(143)) - 13e6f2a0-7b74-4c29-b613-54a9ac99ca5d: start FollowerState
 100.00% |?????????????????????????????????????????????????????????????????????????????????????????????????????|  1/1 Time: 0:00:05
]]></system-out>
  </testcase>
</testsuite>