<?xml version="1.0" encoding="UTF-8"?>
<testsuite xmlns:xsi="http://www.w3.org/2001/XMLSchema-instance" xsi:noNamespaceSchemaLocation="https://maven.apache.org/surefire/maven-surefire-plugin/xsd/surefire-test-report.xsd" name="org.apache.hadoop.ozone.freon.TestFreonWithPipelineDestroy" time="43.018" tests="1" errors="1" skipped="0" failures="0">
  <properties>
    <property name="awt.toolkit" value="sun.awt.X11.XToolkit"/>
    <property name="file.encoding.pkg" value="sun.io"/>
    <property name="java.specification.version" value="1.8"/>
    <property name="sun.cpu.isalist" value=""/>
    <property name="sun.jnu.encoding" value="ANSI_X3.4-1968"/>
    <property name="java.class.path" value="/workdir/hadoop-ozone/tools/target/test-classes:/workdir/hadoop-ozone/tools/target/classes:/home/user/.m2/repository/org/apache/hadoop/hadoop-ozone-ozone-manager/0.5.0-SNAPSHOT/hadoop-ozone-ozone-manager-0.5.0-SNAPSHOT.jar:/home/user/.m2/repository/org/apache/hadoop/hadoop-hdds-docs/0.5.0-SNAPSHOT/hadoop-hdds-docs-0.5.0-SNAPSHOT.jar:/home/user/.m2/repository/org/bouncycastle/bcprov-jdk15on/1.60/bcprov-jdk15on-1.60.jar:/home/user/.m2/repository/org/apache/hadoop/hadoop-ozone-common/0.5.0-SNAPSHOT/hadoop-ozone-common-0.5.0-SNAPSHOT.jar:/home/user/.m2/repository/org/apache/commons/commons-compress/1.4.1/commons-compress-1.4.1.jar:/home/user/.m2/repository/org/tukaani/xz/1.0/xz-1.0.jar:/home/user/.m2/repository/org/apache/hadoop/hadoop-hdfs-client/3.2.0/hadoop-hdfs-client-3.2.0.jar:/home/user/.m2/repository/com/fasterxml/jackson/core/jackson-annotations/2.9.9/jackson-annotations-2.9.9.jar:/home/user/.m2/repository/org/apache/hadoop/hadoop-hdds-common/0.5.0-SNAPSHOT/hadoop-hdds-common-0.5.0-SNAPSHOT.jar:/home/user/.m2/repository/org/apache/hadoop/hadoop-hdds-config/0.5.0-SNAPSHOT/hadoop-hdds-config-0.5.0-SNAPSHOT.jar:/home/user/.m2/repository/javax/annotation/javax.annotation-api/1.2/javax.annotation-api-1.2.jar:/home/user/.m2/repository/org/apache/ratis/ratis-server/0.5.0-3f446aa-SNAPSHOT/ratis-server-0.5.0-3f446aa-SNAPSHOT.jar:/home/user/.m2/repository/org/apache/ratis/ratis-thirdparty-misc/0.2.0/ratis-thirdparty-misc-0.2.0.jar:/home/user/.m2/repository/org/apache/ratis/ratis-proto/0.5.0-3f446aa-SNAPSHOT/ratis-proto-0.5.0-3f446aa-SNAPSHOT.jar:/home/user/.m2/repository/org/apache/ratis/ratis-common/0.5.0-3f446aa-SNAPSHOT/ratis-common-0.5.0-3f446aa-SNAPSHOT.jar:/home/user/.m2/repository/org/apache/ratis/ratis-client/0.5.0-3f446aa-SNAPSHOT/ratis-client-0.5.0-3f446aa-SNAPSHOT.jar:/home/user/.m2/repository/org/apache/ratis/ratis-metrics/0.5.0-3f446aa-SNAPSHOT/ratis-metrics-0.5.0-3f446aa-SNAPSHOT.jar:/home/user/.m2/repository/com/github/joshelser/dropwizard-metrics-hadoop-metrics2-reporter/0.1.2/dropwizard-metrics-hadoop-metrics2-reporter-0.1.2.jar:/home/user/.m2/repository/io/dropwizard/metrics/metrics-jvm/3.2.5/metrics-jvm-3.2.5.jar:/home/user/.m2/repository/io/dropwizard/metrics/metrics-ganglia/3.2.5/metrics-ganglia-3.2.5.jar:/home/user/.m2/repository/info/ganglia/gmetric4j/gmetric4j/1.0.7/gmetric4j-1.0.7.jar:/home/user/.m2/repository/org/apache/ratis/ratis-netty/0.5.0-3f446aa-SNAPSHOT/ratis-netty-0.5.0-3f446aa-SNAPSHOT.jar:/home/user/.m2/repository/org/apache/ratis/ratis-grpc/0.5.0-3f446aa-SNAPSHOT/ratis-grpc-0.5.0-3f446aa-SNAPSHOT.jar:/home/user/.m2/repository/org/rocksdb/rocksdbjni/6.0.1/rocksdbjni-6.0.1.jar:/home/user/.m2/repository/org/apache/logging/log4j/log4j-api/2.11.0/log4j-api-2.11.0.jar:/home/user/.m2/repository/org/apache/logging/log4j/log4j-core/2.11.0/log4j-core-2.11.0.jar:/home/user/.m2/repository/com/lmax/disruptor/3.4.2/disruptor-3.4.2.jar:/home/user/.m2/repository/org/apache/commons/commons-pool2/2.6.0/commons-pool2-2.6.0.jar:/home/user/.m2/repository/org/bouncycastle/bcpkix-jdk15on/1.60/bcpkix-jdk15on-1.60.jar:/home/user/.m2/repository/commons-validator/commons-validator/1.6/commons-validator-1.6.jar:/home/user/.m2/repository/commons-digester/commons-digester/1.8.1/commons-digester-1.8.1.jar:/home/user/.m2/repository/io/jaegertracing/jaeger-client/0.34.0/jaeger-client-0.34.0.jar:/home/user/.m2/repository/io/jaegertracing/jaeger-thrift/0.34.0/jaeger-thrift-0.34.0.jar:/home/user/.m2/repository/org/apache/thrift/libthrift/0.12.0/libthrift-0.12.0.jar:/home/user/.m2/repository/com/squareup/okhttp3/okhttp/3.9.0/okhttp-3.9.0.jar:/home/user/.m2/repository/com/squareup/okio/okio/1.13.0/okio-1.13.0.jar:/home/user/.m2/repository/io/jaegertracing/jaeger-core/0.34.0/jaeger-core-0.34.0.jar:/home/user/.m2/repository/io/jaegertracing/jaeger-tracerresolver/0.34.0/jaeger-tracerresolver-0.34.0.jar:/home/user/.m2/repository/io/opentracing/contrib/opentracing-tracerresolver/0.1.5/opentracing-tracerresolver-0.1.5.jar:/home/user/.m2/repository/io/opentracing/opentracing-util/0.31.0/opentracing-util-0.31.0.jar:/home/user/.m2/repository/io/opentracing/opentracing-api/0.31.0/opentracing-api-0.31.0.jar:/home/user/.m2/repository/io/opentracing/opentracing-noop/0.31.0/opentracing-noop-0.31.0.jar:/home/user/.m2/repository/org/yaml/snakeyaml/1.16/snakeyaml-1.16.jar:/home/user/.m2/repository/org/apache/hadoop/hadoop-hdds-container-service/0.5.0-SNAPSHOT/hadoop-hdds-container-service-0.5.0-SNAPSHOT.jar:/home/user/.m2/repository/org/apache/hadoop/hadoop-hdds-client/0.5.0-SNAPSHOT/hadoop-hdds-client-0.5.0-SNAPSHOT.jar:/home/user/.m2/repository/org/apache/hadoop/hadoop-hdds-tools/0.5.0-SNAPSHOT/hadoop-hdds-tools-0.5.0-SNAPSHOT.jar:/home/user/.m2/repository/org/xerial/sqlite-jdbc/3.25.2/sqlite-jdbc-3.25.2.jar:/home/user/.m2/repository/org/apache/hadoop/hadoop-hdds-server-scm/0.5.0-SNAPSHOT/hadoop-hdds-server-scm-0.5.0-SNAPSHOT.jar:/home/user/.m2/repository/org/hamcrest/hamcrest-all/1.3/hamcrest-all-1.3.jar:/home/user/.m2/repository/info/picocli/picocli/3.9.6/picocli-3.9.6.jar:/home/user/.m2/repository/com/google/protobuf/protobuf-java/2.5.0/protobuf-java-2.5.0.jar:/home/user/.m2/repository/com/google/guava/guava/11.0.2/guava-11.0.2.jar:/home/user/.m2/repository/org/apache/hadoop/hadoop-ozone-client/0.5.0-SNAPSHOT/hadoop-ozone-client-0.5.0-SNAPSHOT.jar:/workdir/hadoop-ozone/ozonefs/target/classes:/home/user/.m2/repository/org/apache/httpcomponents/httpclient/4.5.2/httpclient-4.5.2.jar:/home/user/.m2/repository/org/apache/httpcomponents/httpcore/4.4.4/httpcore-4.4.4.jar:/home/user/.m2/repository/org/apache/hadoop/hadoop-hdds-server-framework/0.5.0-SNAPSHOT/hadoop-hdds-server-framework-0.5.0-SNAPSHOT.jar:/home/user/.m2/repository/org/apache/hadoop/hadoop-common/3.2.0/hadoop-common-3.2.0.jar:/home/user/.m2/repository/org/apache/hadoop/hadoop-annotations/3.2.0/hadoop-annotations-3.2.0.jar:/usr/lib/jvm/java-1.8.0-openjdk-1.8.0.222.b10-1.el7_7.x86_64/jre/../lib/tools.jar:/home/user/.m2/repository/commons-cli/commons-cli/1.2/commons-cli-1.2.jar:/home/user/.m2/repository/org/apache/commons/commons-math3/3.1.1/commons-math3-3.1.1.jar:/home/user/.m2/repository/commons-codec/commons-codec/1.11/commons-codec-1.11.jar:/home/user/.m2/repository/commons-io/commons-io/2.5/commons-io-2.5.jar:/home/user/.m2/repository/commons-net/commons-net/3.6/commons-net-3.6.jar:/home/user/.m2/repository/commons-collections/commons-collections/3.2.2/commons-collections-3.2.2.jar:/home/user/.m2/repository/javax/servlet/javax.servlet-api/3.1.0/javax.servlet-api-3.1.0.jar:/home/user/.m2/repository/org/eclipse/jetty/jetty-server/9.3.25.v20180904/jetty-server-9.3.25.v20180904.jar:/home/user/.m2/repository/org/eclipse/jetty/jetty-http/9.3.25.v20180904/jetty-http-9.3.25.v20180904.jar:/home/user/.m2/repository/org/eclipse/jetty/jetty-io/9.3.25.v20180904/jetty-io-9.3.25.v20180904.jar:/home/user/.m2/repository/org/eclipse/jetty/jetty-util/9.3.25.v20180904/jetty-util-9.3.25.v20180904.jar:/home/user/.m2/repository/org/eclipse/jetty/jetty-servlet/9.3.25.v20180904/jetty-servlet-9.3.25.v20180904.jar:/home/user/.m2/repository/org/eclipse/jetty/jetty-security/9.3.25.v20180904/jetty-security-9.3.25.v20180904.jar:/home/user/.m2/repository/org/eclipse/jetty/jetty-webapp/9.3.25.v20180904/jetty-webapp-9.3.25.v20180904.jar:/home/user/.m2/repository/org/eclipse/jetty/jetty-xml/9.3.25.v20180904/jetty-xml-9.3.25.v20180904.jar:/home/user/.m2/repository/javax/servlet/jsp/jsp-api/2.1/jsp-api-2.1.jar:/home/user/.m2/repository/com/sun/jersey/jersey-core/1.19/jersey-core-1.19.jar:/home/user/.m2/repository/javax/ws/rs/jsr311-api/1.1.1/jsr311-api-1.1.1.jar:/home/user/.m2/repository/com/sun/jersey/jersey-servlet/1.19/jersey-servlet-1.19.jar:/home/user/.m2/repository/com/sun/jersey/jersey-json/1.19/jersey-json-1.19.jar:/home/user/.m2/repository/org/codehaus/jettison/jettison/1.1/jettison-1.1.jar:/home/user/.m2/repository/com/sun/xml/bind/jaxb-impl/2.3.0.1/jaxb-impl-2.3.0.1.jar:/home/user/.m2/repository/org/codehaus/jackson/jackson-core-asl/1.9.13/jackson-core-asl-1.9.13.jar:/home/user/.m2/repository/org/codehaus/jackson/jackson-mapper-asl/1.9.13/jackson-mapper-asl-1.9.13.jar:/home/user/.m2/repository/org/codehaus/jackson/jackson-jaxrs/1.9.13/jackson-jaxrs-1.9.13.jar:/home/user/.m2/repository/org/codehaus/jackson/jackson-xc/1.9.13/jackson-xc-1.9.13.jar:/home/user/.m2/repository/com/sun/jersey/jersey-server/1.19/jersey-server-1.19.jar:/home/user/.m2/repository/commons-logging/commons-logging/1.1.3/commons-logging-1.1.3.jar:/home/user/.m2/repository/log4j/log4j/1.2.17/log4j-1.2.17.jar:/home/user/.m2/repository/commons-beanutils/commons-beanutils/1.9.4/commons-beanutils-1.9.4.jar:/home/user/.m2/repository/org/apache/commons/commons-configuration2/2.1.1/commons-configuration2-2.1.1.jar:/home/user/.m2/repository/org/apache/commons/commons-lang3/3.7/commons-lang3-3.7.jar:/home/user/.m2/repository/org/apache/commons/commons-text/1.4/commons-text-1.4.jar:/home/user/.m2/repository/org/slf4j/slf4j-api/1.7.25/slf4j-api-1.7.25.jar:/home/user/.m2/repository/org/slf4j/slf4j-log4j12/1.7.25/slf4j-log4j12-1.7.25.jar:/home/user/.m2/repository/org/apache/avro/avro/1.7.7/avro-1.7.7.jar:/home/user/.m2/repository/com/thoughtworks/paranamer/paranamer/2.3/paranamer-2.3.jar:/home/user/.m2/repository/org/xerial/snappy/snappy-java/1.0.5/snappy-java-1.0.5.jar:/home/user/.m2/repository/com/google/re2j/re2j/1.1/re2j-1.1.jar:/home/user/.m2/repository/com/google/code/gson/gson/2.2.4/gson-2.2.4.jar:/home/user/.m2/repository/org/apache/hadoop/hadoop-auth/3.2.0/hadoop-auth-3.2.0.jar:/home/user/.m2/repository/com/nimbusds/nimbus-jose-jwt/4.41.1/nimbus-jose-jwt-4.41.1.jar:/home/user/.m2/repository/com/github/stephenc/jcip/jcip-annotations/1.0-1/jcip-annotations-1.0-1.jar:/home/user/.m2/repository/net/minidev/json-smart/2.3/json-smart-2.3.jar:/home/user/.m2/repository/net/minidev/accessors-smart/1.2/accessors-smart-1.2.jar:/home/user/.m2/repository/org/apache/curator/curator-framework/2.12.0/curator-framework-2.12.0.jar:/home/user/.m2/repository/com/jcraft/jsch/0.1.54/jsch-0.1.54.jar:/home/user/.m2/repository/org/apache/curator/curator-client/2.12.0/curator-client-2.12.0.jar:/home/user/.m2/repository/org/apache/curator/curator-recipes/2.12.0/curator-recipes-2.12.0.jar:/home/user/.m2/repository/com/google/code/findbugs/jsr305/3.0.0/jsr305-3.0.0.jar:/home/user/.m2/repository/org/apache/htrace/htrace-core4/4.1.0-incubating/htrace-core4-4.1.0-incubating.jar:/home/user/.m2/repository/org/apache/zookeeper/zookeeper/3.4.13/zookeeper-3.4.13.jar:/home/user/.m2/repository/jline/jline/0.9.94/jline-0.9.94.jar:/home/user/.m2/repository/org/apache/yetus/audience-annotations/0.5.0/audience-annotations-0.5.0.jar:/home/user/.m2/repository/org/apache/kerby/kerb-simplekdc/1.0.1/kerb-simplekdc-1.0.1.jar:/home/user/.m2/repository/org/apache/kerby/kerb-client/1.0.1/kerb-client-1.0.1.jar:/home/user/.m2/repository/org/apache/kerby/kerby-config/1.0.1/kerby-config-1.0.1.jar:/home/user/.m2/repository/org/apache/kerby/kerb-core/1.0.1/kerb-core-1.0.1.jar:/home/user/.m2/repository/org/apache/kerby/kerby-pkix/1.0.1/kerby-pkix-1.0.1.jar:/home/user/.m2/repository/org/apache/kerby/kerby-asn1/1.0.1/kerby-asn1-1.0.1.jar:/home/user/.m2/repository/org/apache/kerby/kerby-util/1.0.1/kerby-util-1.0.1.jar:/home/user/.m2/repository/org/apache/kerby/kerb-common/1.0.1/kerb-common-1.0.1.jar:/home/user/.m2/repository/org/apache/kerby/kerb-crypto/1.0.1/kerb-crypto-1.0.1.jar:/home/user/.m2/repository/org/apache/kerby/kerb-util/1.0.1/kerb-util-1.0.1.jar:/home/user/.m2/repository/org/apache/kerby/token-provider/1.0.1/token-provider-1.0.1.jar:/home/user/.m2/repository/org/apache/kerby/kerb-admin/1.0.1/kerb-admin-1.0.1.jar:/home/user/.m2/repository/org/apache/kerby/kerb-server/1.0.1/kerb-server-1.0.1.jar:/home/user/.m2/repository/org/apache/kerby/kerb-identity/1.0.1/kerb-identity-1.0.1.jar:/home/user/.m2/repository/org/apache/kerby/kerby-xdr/1.0.1/kerby-xdr-1.0.1.jar:/home/user/.m2/repository/com/fasterxml/jackson/core/jackson-databind/2.9.9/jackson-databind-2.9.9.jar:/home/user/.m2/repository/com/fasterxml/jackson/core/jackson-core/2.9.9/jackson-core-2.9.9.jar:/home/user/.m2/repository/org/codehaus/woodstox/stax2-api/3.1.4/stax2-api-3.1.4.jar:/home/user/.m2/repository/com/fasterxml/woodstox/woodstox-core/5.0.3/woodstox-core-5.0.3.jar:/home/user/.m2/repository/dnsjava/dnsjava/2.1.7/dnsjava-2.1.7.jar:/home/user/.m2/repository/org/apache/hadoop/hadoop-hdfs/3.2.0/hadoop-hdfs-3.2.0.jar:/home/user/.m2/repository/org/eclipse/jetty/jetty-util-ajax/9.3.25.v20180904/jetty-util-ajax-9.3.25.v20180904.jar:/home/user/.m2/repository/commons-daemon/commons-daemon/1.0.13/commons-daemon-1.0.13.jar:/home/user/.m2/repository/io/netty/netty/3.10.5.Final/netty-3.10.5.Final.jar:/home/user/.m2/repository/io/netty/netty-all/4.0.52.Final/netty-all-4.0.52.Final.jar:/home/user/.m2/repository/org/fusesource/leveldbjni/leveldbjni-all/1.8/leveldbjni-all-1.8.jar:/home/user/.m2/repository/com/sun/xml/bind/jaxb-core/2.3.0.1/jaxb-core-2.3.0.1.jar:/home/user/.m2/repository/javax/xml/bind/jaxb-api/2.3.0/jaxb-api-2.3.0.jar:/home/user/.m2/repository/javax/activation/activation/1.1.1/activation-1.1.1.jar:/home/user/.m2/repository/org/openjdk/jmh/jmh-core/1.19/jmh-core-1.19.jar:/home/user/.m2/repository/net/sf/jopt-simple/jopt-simple/4.6/jopt-simple-4.6.jar:/home/user/.m2/repository/org/openjdk/jmh/jmh-generator-annprocess/1.19/jmh-generator-annprocess-1.19.jar:/home/user/.m2/repository/io/dropwizard/metrics/metrics-core/3.2.4/metrics-core-3.2.4.jar:/home/user/.m2/repository/com/amazonaws/aws-java-sdk-s3/1.11.615/aws-java-sdk-s3-1.11.615.jar:/home/user/.m2/repository/com/amazonaws/aws-java-sdk-kms/1.11.615/aws-java-sdk-kms-1.11.615.jar:/home/user/.m2/repository/com/amazonaws/aws-java-sdk-core/1.11.615/aws-java-sdk-core-1.11.615.jar:/home/user/.m2/repository/software/amazon/ion/ion-java/1.0.2/ion-java-1.0.2.jar:/home/user/.m2/repository/com/fasterxml/jackson/dataformat/jackson-dataformat-cbor/2.9.9/jackson-dataformat-cbor-2.9.9.jar:/home/user/.m2/repository/joda-time/joda-time/2.9.9/joda-time-2.9.9.jar:/home/user/.m2/repository/com/amazonaws/jmespath-java/1.11.615/jmespath-java-1.11.615.jar:/home/user/.m2/repository/com/github/spotbugs/spotbugs/3.1.12/spotbugs-3.1.12.jar:/home/user/.m2/repository/org/ow2/asm/asm/5.0.4/asm-5.0.4.jar:/home/user/.m2/repository/org/ow2/asm/asm-analysis/7.0/asm-analysis-7.0.jar:/home/user/.m2/repository/org/ow2/asm/asm-commons/7.0/asm-commons-7.0.jar:/home/user/.m2/repository/org/ow2/asm/asm-tree/7.0/asm-tree-7.0.jar:/home/user/.m2/repository/org/ow2/asm/asm-util/7.0/asm-util-7.0.jar:/home/user/.m2/repository/org/apache/bcel/bcel/6.3/bcel-6.3.jar:/home/user/.m2/repository/net/jcip/jcip-annotations/1.0/jcip-annotations-1.0.jar:/home/user/.m2/repository/org/dom4j/dom4j/2.1.1/dom4j-2.1.1.jar:/home/user/.m2/repository/jaxen/jaxen/1.1.6/jaxen-1.1.6.jar:/home/user/.m2/repository/commons-lang/commons-lang/2.6/commons-lang-2.6.jar:/home/user/.m2/repository/com/github/spotbugs/spotbugs-annotations/3.1.12/spotbugs-annotations-3.1.12.jar:/home/user/.m2/repository/junit/junit/4.11/junit-4.11.jar:/home/user/.m2/repository/org/hamcrest/hamcrest-core/1.3/hamcrest-core-1.3.jar:/home/user/.m2/repository/org/apache/hadoop/hadoop-common/3.2.0/hadoop-common-3.2.0-tests.jar:/workdir/hadoop-ozone/integration-test/target/test-classes:/home/user/.m2/repository/org/apache/hadoop/hadoop-ozone-s3gateway/0.5.0-SNAPSHOT/hadoop-ozone-s3gateway-0.5.0-SNAPSHOT.jar:/home/user/.m2/repository/org/jboss/weld/servlet/weld-servlet/2.4.7.Final/weld-servlet-2.4.7.Final.jar:/home/user/.m2/repository/org/glassfish/jersey/containers/jersey-container-servlet-core/2.27/jersey-container-servlet-core-2.27.jar:/home/user/.m2/repository/org/glassfish/hk2/external/javax.inject/2.5.0-b42/javax.inject-2.5.0-b42.jar:/home/user/.m2/repository/org/glassfish/jersey/core/jersey-common/2.27/jersey-common-2.27.jar:/home/user/.m2/repository/org/glassfish/hk2/osgi-resource-locator/1.0.1/osgi-resource-locator-1.0.1.jar:/home/user/.m2/repository/javax/ws/rs/javax.ws.rs-api/2.1/javax.ws.rs-api-2.1.jar:/home/user/.m2/repository/org/glassfish/jersey/ext/cdi/jersey-cdi1x/2.27/jersey-cdi1x-2.27.jar:/home/user/.m2/repository/org/glassfish/jersey/inject/jersey-hk2/2.27/jersey-hk2-2.27.jar:/home/user/.m2/repository/org/glassfish/hk2/hk2-locator/2.5.0-b42/hk2-locator-2.5.0-b42.jar:/home/user/.m2/repository/org/javassist/javassist/3.22.0-CR2/javassist-3.22.0-CR2.jar:/home/user/.m2/repository/org/glassfish/hk2/hk2-api/2.5.0/hk2-api-2.5.0.jar:/home/user/.m2/repository/org/glassfish/hk2/external/jakarta.inject/2.5.0/jakarta.inject-2.5.0.jar:/home/user/.m2/repository/org/glassfish/hk2/hk2-utils/2.5.0/hk2-utils-2.5.0.jar:/home/user/.m2/repository/jakarta/annotation/jakarta.annotation-api/1.3.4/jakarta.annotation-api-1.3.4.jar:/home/user/.m2/repository/org/glassfish/hk2/external/aopalliance-repackaged/2.5.0/aopalliance-repackaged-2.5.0.jar:/home/user/.m2/repository/com/fasterxml/jackson/dataformat/jackson-dataformat-xml/2.9.0/jackson-dataformat-xml-2.9.0.jar:/home/user/.m2/repository/com/fasterxml/jackson/module/jackson-module-jaxb-annotations/2.9.9/jackson-module-jaxb-annotations-2.9.9.jar:/home/user/.m2/repository/javax/enterprise/cdi-api/1.2/cdi-api-1.2.jar:/home/user/.m2/repository/javax/el/javax.el-api/3.0.0/javax.el-api-3.0.0.jar:/home/user/.m2/repository/javax/interceptor/javax.interceptor-api/1.2/javax.interceptor-api-1.2.jar:/home/user/.m2/repository/javax/inject/javax.inject/1/javax.inject-1.jar:/home/user/.m2/repository/org/apache/hadoop/hadoop-ozone-csi/0.5.0-SNAPSHOT/hadoop-ozone-csi-0.5.0-SNAPSHOT.jar:/home/user/.m2/repository/com/google/protobuf/protobuf-java-util/3.5.1/protobuf-java-util-3.5.1.jar:/home/user/.m2/repository/io/grpc/grpc-netty/1.17.1/grpc-netty-1.17.1.jar:/home/user/.m2/repository/io/grpc/grpc-core/1.17.1/grpc-core-1.17.1.jar:/home/user/.m2/repository/io/grpc/grpc-context/1.17.1/grpc-context-1.17.1.jar:/home/user/.m2/repository/com/google/errorprone/error_prone_annotations/2.2.0/error_prone_annotations-2.2.0.jar:/home/user/.m2/repository/org/codehaus/mojo/animal-sniffer-annotations/1.17/animal-sniffer-annotations-1.17.jar:/home/user/.m2/repository/io/opencensus/opencensus-api/0.17.0/opencensus-api-0.17.0.jar:/home/user/.m2/repository/io/opencensus/opencensus-contrib-grpc-metrics/0.17.0/opencensus-contrib-grpc-metrics-0.17.0.jar:/home/user/.m2/repository/io/netty/netty-codec-http2/4.1.30.Final/netty-codec-http2-4.1.30.Final.jar:/home/user/.m2/repository/io/netty/netty-codec-http/4.1.30.Final/netty-codec-http-4.1.30.Final.jar:/home/user/.m2/repository/io/netty/netty-codec/4.1.30.Final/netty-codec-4.1.30.Final.jar:/home/user/.m2/repository/io/netty/netty-handler/4.1.30.Final/netty-handler-4.1.30.Final.jar:/home/user/.m2/repository/io/netty/netty-handler-proxy/4.1.30.Final/netty-handler-proxy-4.1.30.Final.jar:/home/user/.m2/repository/io/netty/netty-codec-socks/4.1.30.Final/netty-codec-socks-4.1.30.Final.jar:/home/user/.m2/repository/io/netty/netty-transport-native-epoll/4.1.30.Final/netty-transport-native-epoll-4.1.30.Final.jar:/home/user/.m2/repository/io/netty/netty-common/4.1.30.Final/netty-common-4.1.30.Final.jar:/home/user/.m2/repository/io/netty/netty-buffer/4.1.30.Final/netty-buffer-4.1.30.Final.jar:/home/user/.m2/repository/io/netty/netty-transport/4.1.30.Final/netty-transport-4.1.30.Final.jar:/home/user/.m2/repository/io/netty/netty-resolver/4.1.30.Final/netty-resolver-4.1.30.Final.jar:/home/user/.m2/repository/io/netty/netty-transport-native-unix-common/4.1.30.Final/netty-transport-native-unix-common-4.1.30.Final.jar:/home/user/.m2/repository/io/grpc/grpc-protobuf/1.17.1/grpc-protobuf-1.17.1.jar:/home/user/.m2/repository/com/google/api/grpc/proto-google-common-protos/1.0.0/proto-google-common-protos-1.0.0.jar:/home/user/.m2/repository/io/grpc/grpc-protobuf-lite/1.17.1/grpc-protobuf-lite-1.17.1.jar:/home/user/.m2/repository/io/grpc/grpc-stub/1.17.1/grpc-stub-1.17.1.jar:/home/user/.m2/repository/org/apache/hadoop/hadoop-ozone-recon/0.5.0-SNAPSHOT/hadoop-ozone-recon-0.5.0-SNAPSHOT.jar:/home/user/.m2/repository/org/apache/hadoop/hadoop-ozone-reconcodegen/0.5.0-SNAPSHOT/hadoop-ozone-reconcodegen-0.5.0-SNAPSHOT.jar:/home/user/.m2/repository/com/google/inject/extensions/guice-multibindings/4.0/guice-multibindings-4.0.jar:/home/user/.m2/repository/com/google/inject/guice/4.0/guice-4.0.jar:/home/user/.m2/repository/aopalliance/aopalliance/1.0/aopalliance-1.0.jar:/home/user/.m2/repository/com/google/inject/extensions/guice-servlet/4.0/guice-servlet-4.0.jar:/home/user/.m2/repository/org/glassfish/jersey/containers/jersey-container-servlet/2.27/jersey-container-servlet-2.27.jar:/home/user/.m2/repository/org/glassfish/hk2/guice-bridge/2.5.0/guice-bridge-2.5.0.jar:/home/user/.m2/repository/org/glassfish/jersey/core/jersey-server/2.27/jersey-server-2.27.jar:/home/user/.m2/repository/org/glassfish/jersey/core/jersey-client/2.27/jersey-client-2.27.jar:/home/user/.m2/repository/org/glassfish/jersey/media/jersey-media-jaxb/2.27/jersey-media-jaxb-2.27.jar:/home/user/.m2/repository/javax/validation/validation-api/1.1.0.Final/validation-api-1.1.0.Final.jar:/home/user/.m2/repository/org/glassfish/jersey/media/jersey-media-json-jackson/2.27/jersey-media-json-jackson-2.27.jar:/home/user/.m2/repository/org/glassfish/jersey/ext/jersey-entity-filtering/2.27/jersey-entity-filtering-2.27.jar:/home/user/.m2/repository/com/google/inject/extensions/guice-assistedinject/4.0/guice-assistedinject-4.0.jar:/home/user/.m2/repository/org/jooq/jooq/3.11.10/jooq-3.11.10.jar:/home/user/.m2/repository/org/jooq/jooq-meta/3.11.10/jooq-meta-3.11.10.jar:/home/user/.m2/repository/org/jooq/jooq-codegen/3.11.10/jooq-codegen-3.11.10.jar:/home/user/.m2/repository/com/jolbox/bonecp/0.8.0.RELEASE/bonecp-0.8.0.RELEASE.jar:/home/user/.m2/repository/org/springframework/spring-jdbc/5.1.3.RELEASE/spring-jdbc-5.1.3.RELEASE.jar:/home/user/.m2/repository/org/springframework/spring-beans/5.1.3.RELEASE/spring-beans-5.1.3.RELEASE.jar:/home/user/.m2/repository/org/springframework/spring-core/5.1.3.RELEASE/spring-core-5.1.3.RELEASE.jar:/home/user/.m2/repository/org/springframework/spring-jcl/5.1.3.RELEASE/spring-jcl-5.1.3.RELEASE.jar:/home/user/.m2/repository/org/springframework/spring-tx/5.1.3.RELEASE/spring-tx-5.1.3.RELEASE.jar:/home/user/.m2/repository/org/mockito/mockito-core/2.15.0/mockito-core-2.15.0.jar:/home/user/.m2/repository/net/bytebuddy/byte-buddy/1.7.9/byte-buddy-1.7.9.jar:/home/user/.m2/repository/net/bytebuddy/byte-buddy-agent/1.7.9/byte-buddy-agent-1.7.9.jar:/home/user/.m2/repository/org/objenesis/objenesis/1.0/objenesis-1.0.jar:"/>
    <property name="java.vm.vendor" value="Oracle Corporation"/>
    <property name="sun.arch.data.model" value="64"/>
    <property name="test.build.dir" value="/workdir/hadoop-ozone/tools/target/test-dir"/>
    <property name="test.cache.data" value=""/>
    <property name="java.vendor.url" value="http://java.oracle.com/"/>
    <property name="user.timezone" value=""/>
    <property name="java.vm.specification.version" value="1.8"/>
    <property name="os.name" value="Linux"/>
    <property name="test.build.data" value="/workdir/hadoop-ozone/tools/target/test-dir"/>
    <property name="user.country" value="US"/>
    <property name="sun.java.launcher" value="SUN_STANDARD"/>
    <property name="sun.boot.library.path" value="/usr/lib/jvm/java-1.8.0-openjdk-1.8.0.222.b10-1.el7_7.x86_64/jre/lib/amd64"/>
    <property name="sun.java.command" value="/workdir/hadoop-ozone/tools/target/surefire/surefirebooter3439370636730900994.jar /workdir/hadoop-ozone/tools/target/surefire 2019-10-17T00-48-39_694-jvmRun1 surefire173553539537848575tmp surefire_1003200836964933364186tmp"/>
    <property name="surefire.test.class.path" value="/workdir/hadoop-ozone/tools/target/test-classes:/workdir/hadoop-ozone/tools/target/classes:/home/user/.m2/repository/org/apache/hadoop/hadoop-ozone-ozone-manager/0.5.0-SNAPSHOT/hadoop-ozone-ozone-manager-0.5.0-SNAPSHOT.jar:/home/user/.m2/repository/org/apache/hadoop/hadoop-hdds-docs/0.5.0-SNAPSHOT/hadoop-hdds-docs-0.5.0-SNAPSHOT.jar:/home/user/.m2/repository/org/bouncycastle/bcprov-jdk15on/1.60/bcprov-jdk15on-1.60.jar:/home/user/.m2/repository/org/apache/hadoop/hadoop-ozone-common/0.5.0-SNAPSHOT/hadoop-ozone-common-0.5.0-SNAPSHOT.jar:/home/user/.m2/repository/org/apache/commons/commons-compress/1.4.1/commons-compress-1.4.1.jar:/home/user/.m2/repository/org/tukaani/xz/1.0/xz-1.0.jar:/home/user/.m2/repository/org/apache/hadoop/hadoop-hdfs-client/3.2.0/hadoop-hdfs-client-3.2.0.jar:/home/user/.m2/repository/com/fasterxml/jackson/core/jackson-annotations/2.9.9/jackson-annotations-2.9.9.jar:/home/user/.m2/repository/org/apache/hadoop/hadoop-hdds-common/0.5.0-SNAPSHOT/hadoop-hdds-common-0.5.0-SNAPSHOT.jar:/home/user/.m2/repository/org/apache/hadoop/hadoop-hdds-config/0.5.0-SNAPSHOT/hadoop-hdds-config-0.5.0-SNAPSHOT.jar:/home/user/.m2/repository/javax/annotation/javax.annotation-api/1.2/javax.annotation-api-1.2.jar:/home/user/.m2/repository/org/apache/ratis/ratis-server/0.5.0-3f446aa-SNAPSHOT/ratis-server-0.5.0-3f446aa-SNAPSHOT.jar:/home/user/.m2/repository/org/apache/ratis/ratis-thirdparty-misc/0.2.0/ratis-thirdparty-misc-0.2.0.jar:/home/user/.m2/repository/org/apache/ratis/ratis-proto/0.5.0-3f446aa-SNAPSHOT/ratis-proto-0.5.0-3f446aa-SNAPSHOT.jar:/home/user/.m2/repository/org/apache/ratis/ratis-common/0.5.0-3f446aa-SNAPSHOT/ratis-common-0.5.0-3f446aa-SNAPSHOT.jar:/home/user/.m2/repository/org/apache/ratis/ratis-client/0.5.0-3f446aa-SNAPSHOT/ratis-client-0.5.0-3f446aa-SNAPSHOT.jar:/home/user/.m2/repository/org/apache/ratis/ratis-metrics/0.5.0-3f446aa-SNAPSHOT/ratis-metrics-0.5.0-3f446aa-SNAPSHOT.jar:/home/user/.m2/repository/com/github/joshelser/dropwizard-metrics-hadoop-metrics2-reporter/0.1.2/dropwizard-metrics-hadoop-metrics2-reporter-0.1.2.jar:/home/user/.m2/repository/io/dropwizard/metrics/metrics-jvm/3.2.5/metrics-jvm-3.2.5.jar:/home/user/.m2/repository/io/dropwizard/metrics/metrics-ganglia/3.2.5/metrics-ganglia-3.2.5.jar:/home/user/.m2/repository/info/ganglia/gmetric4j/gmetric4j/1.0.7/gmetric4j-1.0.7.jar:/home/user/.m2/repository/org/apache/ratis/ratis-netty/0.5.0-3f446aa-SNAPSHOT/ratis-netty-0.5.0-3f446aa-SNAPSHOT.jar:/home/user/.m2/repository/org/apache/ratis/ratis-grpc/0.5.0-3f446aa-SNAPSHOT/ratis-grpc-0.5.0-3f446aa-SNAPSHOT.jar:/home/user/.m2/repository/org/rocksdb/rocksdbjni/6.0.1/rocksdbjni-6.0.1.jar:/home/user/.m2/repository/org/apache/logging/log4j/log4j-api/2.11.0/log4j-api-2.11.0.jar:/home/user/.m2/repository/org/apache/logging/log4j/log4j-core/2.11.0/log4j-core-2.11.0.jar:/home/user/.m2/repository/com/lmax/disruptor/3.4.2/disruptor-3.4.2.jar:/home/user/.m2/repository/org/apache/commons/commons-pool2/2.6.0/commons-pool2-2.6.0.jar:/home/user/.m2/repository/org/bouncycastle/bcpkix-jdk15on/1.60/bcpkix-jdk15on-1.60.jar:/home/user/.m2/repository/commons-validator/commons-validator/1.6/commons-validator-1.6.jar:/home/user/.m2/repository/commons-digester/commons-digester/1.8.1/commons-digester-1.8.1.jar:/home/user/.m2/repository/io/jaegertracing/jaeger-client/0.34.0/jaeger-client-0.34.0.jar:/home/user/.m2/repository/io/jaegertracing/jaeger-thrift/0.34.0/jaeger-thrift-0.34.0.jar:/home/user/.m2/repository/org/apache/thrift/libthrift/0.12.0/libthrift-0.12.0.jar:/home/user/.m2/repository/com/squareup/okhttp3/okhttp/3.9.0/okhttp-3.9.0.jar:/home/user/.m2/repository/com/squareup/okio/okio/1.13.0/okio-1.13.0.jar:/home/user/.m2/repository/io/jaegertracing/jaeger-core/0.34.0/jaeger-core-0.34.0.jar:/home/user/.m2/repository/io/jaegertracing/jaeger-tracerresolver/0.34.0/jaeger-tracerresolver-0.34.0.jar:/home/user/.m2/repository/io/opentracing/contrib/opentracing-tracerresolver/0.1.5/opentracing-tracerresolver-0.1.5.jar:/home/user/.m2/repository/io/opentracing/opentracing-util/0.31.0/opentracing-util-0.31.0.jar:/home/user/.m2/repository/io/opentracing/opentracing-api/0.31.0/opentracing-api-0.31.0.jar:/home/user/.m2/repository/io/opentracing/opentracing-noop/0.31.0/opentracing-noop-0.31.0.jar:/home/user/.m2/repository/org/yaml/snakeyaml/1.16/snakeyaml-1.16.jar:/home/user/.m2/repository/org/apache/hadoop/hadoop-hdds-container-service/0.5.0-SNAPSHOT/hadoop-hdds-container-service-0.5.0-SNAPSHOT.jar:/home/user/.m2/repository/org/apache/hadoop/hadoop-hdds-client/0.5.0-SNAPSHOT/hadoop-hdds-client-0.5.0-SNAPSHOT.jar:/home/user/.m2/repository/org/apache/hadoop/hadoop-hdds-tools/0.5.0-SNAPSHOT/hadoop-hdds-tools-0.5.0-SNAPSHOT.jar:/home/user/.m2/repository/org/xerial/sqlite-jdbc/3.25.2/sqlite-jdbc-3.25.2.jar:/home/user/.m2/repository/org/apache/hadoop/hadoop-hdds-server-scm/0.5.0-SNAPSHOT/hadoop-hdds-server-scm-0.5.0-SNAPSHOT.jar:/home/user/.m2/repository/org/hamcrest/hamcrest-all/1.3/hamcrest-all-1.3.jar:/home/user/.m2/repository/info/picocli/picocli/3.9.6/picocli-3.9.6.jar:/home/user/.m2/repository/com/google/protobuf/protobuf-java/2.5.0/protobuf-java-2.5.0.jar:/home/user/.m2/repository/com/google/guava/guava/11.0.2/guava-11.0.2.jar:/home/user/.m2/repository/org/apache/hadoop/hadoop-ozone-client/0.5.0-SNAPSHOT/hadoop-ozone-client-0.5.0-SNAPSHOT.jar:/workdir/hadoop-ozone/ozonefs/target/classes:/home/user/.m2/repository/org/apache/httpcomponents/httpclient/4.5.2/httpclient-4.5.2.jar:/home/user/.m2/repository/org/apache/httpcomponents/httpcore/4.4.4/httpcore-4.4.4.jar:/home/user/.m2/repository/org/apache/hadoop/hadoop-hdds-server-framework/0.5.0-SNAPSHOT/hadoop-hdds-server-framework-0.5.0-SNAPSHOT.jar:/home/user/.m2/repository/org/apache/hadoop/hadoop-common/3.2.0/hadoop-common-3.2.0.jar:/home/user/.m2/repository/org/apache/hadoop/hadoop-annotations/3.2.0/hadoop-annotations-3.2.0.jar:/usr/lib/jvm/java-1.8.0-openjdk-1.8.0.222.b10-1.el7_7.x86_64/jre/../lib/tools.jar:/home/user/.m2/repository/commons-cli/commons-cli/1.2/commons-cli-1.2.jar:/home/user/.m2/repository/org/apache/commons/commons-math3/3.1.1/commons-math3-3.1.1.jar:/home/user/.m2/repository/commons-codec/commons-codec/1.11/commons-codec-1.11.jar:/home/user/.m2/repository/commons-io/commons-io/2.5/commons-io-2.5.jar:/home/user/.m2/repository/commons-net/commons-net/3.6/commons-net-3.6.jar:/home/user/.m2/repository/commons-collections/commons-collections/3.2.2/commons-collections-3.2.2.jar:/home/user/.m2/repository/javax/servlet/javax.servlet-api/3.1.0/javax.servlet-api-3.1.0.jar:/home/user/.m2/repository/org/eclipse/jetty/jetty-server/9.3.25.v20180904/jetty-server-9.3.25.v20180904.jar:/home/user/.m2/repository/org/eclipse/jetty/jetty-http/9.3.25.v20180904/jetty-http-9.3.25.v20180904.jar:/home/user/.m2/repository/org/eclipse/jetty/jetty-io/9.3.25.v20180904/jetty-io-9.3.25.v20180904.jar:/home/user/.m2/repository/org/eclipse/jetty/jetty-util/9.3.25.v20180904/jetty-util-9.3.25.v20180904.jar:/home/user/.m2/repository/org/eclipse/jetty/jetty-servlet/9.3.25.v20180904/jetty-servlet-9.3.25.v20180904.jar:/home/user/.m2/repository/org/eclipse/jetty/jetty-security/9.3.25.v20180904/jetty-security-9.3.25.v20180904.jar:/home/user/.m2/repository/org/eclipse/jetty/jetty-webapp/9.3.25.v20180904/jetty-webapp-9.3.25.v20180904.jar:/home/user/.m2/repository/org/eclipse/jetty/jetty-xml/9.3.25.v20180904/jetty-xml-9.3.25.v20180904.jar:/home/user/.m2/repository/javax/servlet/jsp/jsp-api/2.1/jsp-api-2.1.jar:/home/user/.m2/repository/com/sun/jersey/jersey-core/1.19/jersey-core-1.19.jar:/home/user/.m2/repository/javax/ws/rs/jsr311-api/1.1.1/jsr311-api-1.1.1.jar:/home/user/.m2/repository/com/sun/jersey/jersey-servlet/1.19/jersey-servlet-1.19.jar:/home/user/.m2/repository/com/sun/jersey/jersey-json/1.19/jersey-json-1.19.jar:/home/user/.m2/repository/org/codehaus/jettison/jettison/1.1/jettison-1.1.jar:/home/user/.m2/repository/com/sun/xml/bind/jaxb-impl/2.3.0.1/jaxb-impl-2.3.0.1.jar:/home/user/.m2/repository/org/codehaus/jackson/jackson-core-asl/1.9.13/jackson-core-asl-1.9.13.jar:/home/user/.m2/repository/org/codehaus/jackson/jackson-mapper-asl/1.9.13/jackson-mapper-asl-1.9.13.jar:/home/user/.m2/repository/org/codehaus/jackson/jackson-jaxrs/1.9.13/jackson-jaxrs-1.9.13.jar:/home/user/.m2/repository/org/codehaus/jackson/jackson-xc/1.9.13/jackson-xc-1.9.13.jar:/home/user/.m2/repository/com/sun/jersey/jersey-server/1.19/jersey-server-1.19.jar:/home/user/.m2/repository/commons-logging/commons-logging/1.1.3/commons-logging-1.1.3.jar:/home/user/.m2/repository/log4j/log4j/1.2.17/log4j-1.2.17.jar:/home/user/.m2/repository/commons-beanutils/commons-beanutils/1.9.4/commons-beanutils-1.9.4.jar:/home/user/.m2/repository/org/apache/commons/commons-configuration2/2.1.1/commons-configuration2-2.1.1.jar:/home/user/.m2/repository/org/apache/commons/commons-lang3/3.7/commons-lang3-3.7.jar:/home/user/.m2/repository/org/apache/commons/commons-text/1.4/commons-text-1.4.jar:/home/user/.m2/repository/org/slf4j/slf4j-api/1.7.25/slf4j-api-1.7.25.jar:/home/user/.m2/repository/org/slf4j/slf4j-log4j12/1.7.25/slf4j-log4j12-1.7.25.jar:/home/user/.m2/repository/org/apache/avro/avro/1.7.7/avro-1.7.7.jar:/home/user/.m2/repository/com/thoughtworks/paranamer/paranamer/2.3/paranamer-2.3.jar:/home/user/.m2/repository/org/xerial/snappy/snappy-java/1.0.5/snappy-java-1.0.5.jar:/home/user/.m2/repository/com/google/re2j/re2j/1.1/re2j-1.1.jar:/home/user/.m2/repository/com/google/code/gson/gson/2.2.4/gson-2.2.4.jar:/home/user/.m2/repository/org/apache/hadoop/hadoop-auth/3.2.0/hadoop-auth-3.2.0.jar:/home/user/.m2/repository/com/nimbusds/nimbus-jose-jwt/4.41.1/nimbus-jose-jwt-4.41.1.jar:/home/user/.m2/repository/com/github/stephenc/jcip/jcip-annotations/1.0-1/jcip-annotations-1.0-1.jar:/home/user/.m2/repository/net/minidev/json-smart/2.3/json-smart-2.3.jar:/home/user/.m2/repository/net/minidev/accessors-smart/1.2/accessors-smart-1.2.jar:/home/user/.m2/repository/org/apache/curator/curator-framework/2.12.0/curator-framework-2.12.0.jar:/home/user/.m2/repository/com/jcraft/jsch/0.1.54/jsch-0.1.54.jar:/home/user/.m2/repository/org/apache/curator/curator-client/2.12.0/curator-client-2.12.0.jar:/home/user/.m2/repository/org/apache/curator/curator-recipes/2.12.0/curator-recipes-2.12.0.jar:/home/user/.m2/repository/com/google/code/findbugs/jsr305/3.0.0/jsr305-3.0.0.jar:/home/user/.m2/repository/org/apache/htrace/htrace-core4/4.1.0-incubating/htrace-core4-4.1.0-incubating.jar:/home/user/.m2/repository/org/apache/zookeeper/zookeeper/3.4.13/zookeeper-3.4.13.jar:/home/user/.m2/repository/jline/jline/0.9.94/jline-0.9.94.jar:/home/user/.m2/repository/org/apache/yetus/audience-annotations/0.5.0/audience-annotations-0.5.0.jar:/home/user/.m2/repository/org/apache/kerby/kerb-simplekdc/1.0.1/kerb-simplekdc-1.0.1.jar:/home/user/.m2/repository/org/apache/kerby/kerb-client/1.0.1/kerb-client-1.0.1.jar:/home/user/.m2/repository/org/apache/kerby/kerby-config/1.0.1/kerby-config-1.0.1.jar:/home/user/.m2/repository/org/apache/kerby/kerb-core/1.0.1/kerb-core-1.0.1.jar:/home/user/.m2/repository/org/apache/kerby/kerby-pkix/1.0.1/kerby-pkix-1.0.1.jar:/home/user/.m2/repository/org/apache/kerby/kerby-asn1/1.0.1/kerby-asn1-1.0.1.jar:/home/user/.m2/repository/org/apache/kerby/kerby-util/1.0.1/kerby-util-1.0.1.jar:/home/user/.m2/repository/org/apache/kerby/kerb-common/1.0.1/kerb-common-1.0.1.jar:/home/user/.m2/repository/org/apache/kerby/kerb-crypto/1.0.1/kerb-crypto-1.0.1.jar:/home/user/.m2/repository/org/apache/kerby/kerb-util/1.0.1/kerb-util-1.0.1.jar:/home/user/.m2/repository/org/apache/kerby/token-provider/1.0.1/token-provider-1.0.1.jar:/home/user/.m2/repository/org/apache/kerby/kerb-admin/1.0.1/kerb-admin-1.0.1.jar:/home/user/.m2/repository/org/apache/kerby/kerb-server/1.0.1/kerb-server-1.0.1.jar:/home/user/.m2/repository/org/apache/kerby/kerb-identity/1.0.1/kerb-identity-1.0.1.jar:/home/user/.m2/repository/org/apache/kerby/kerby-xdr/1.0.1/kerby-xdr-1.0.1.jar:/home/user/.m2/repository/com/fasterxml/jackson/core/jackson-databind/2.9.9/jackson-databind-2.9.9.jar:/home/user/.m2/repository/com/fasterxml/jackson/core/jackson-core/2.9.9/jackson-core-2.9.9.jar:/home/user/.m2/repository/org/codehaus/woodstox/stax2-api/3.1.4/stax2-api-3.1.4.jar:/home/user/.m2/repository/com/fasterxml/woodstox/woodstox-core/5.0.3/woodstox-core-5.0.3.jar:/home/user/.m2/repository/dnsjava/dnsjava/2.1.7/dnsjava-2.1.7.jar:/home/user/.m2/repository/org/apache/hadoop/hadoop-hdfs/3.2.0/hadoop-hdfs-3.2.0.jar:/home/user/.m2/repository/org/eclipse/jetty/jetty-util-ajax/9.3.25.v20180904/jetty-util-ajax-9.3.25.v20180904.jar:/home/user/.m2/repository/commons-daemon/commons-daemon/1.0.13/commons-daemon-1.0.13.jar:/home/user/.m2/repository/io/netty/netty/3.10.5.Final/netty-3.10.5.Final.jar:/home/user/.m2/repository/io/netty/netty-all/4.0.52.Final/netty-all-4.0.52.Final.jar:/home/user/.m2/repository/org/fusesource/leveldbjni/leveldbjni-all/1.8/leveldbjni-all-1.8.jar:/home/user/.m2/repository/com/sun/xml/bind/jaxb-core/2.3.0.1/jaxb-core-2.3.0.1.jar:/home/user/.m2/repository/javax/xml/bind/jaxb-api/2.3.0/jaxb-api-2.3.0.jar:/home/user/.m2/repository/javax/activation/activation/1.1.1/activation-1.1.1.jar:/home/user/.m2/repository/org/openjdk/jmh/jmh-core/1.19/jmh-core-1.19.jar:/home/user/.m2/repository/net/sf/jopt-simple/jopt-simple/4.6/jopt-simple-4.6.jar:/home/user/.m2/repository/org/openjdk/jmh/jmh-generator-annprocess/1.19/jmh-generator-annprocess-1.19.jar:/home/user/.m2/repository/io/dropwizard/metrics/metrics-core/3.2.4/metrics-core-3.2.4.jar:/home/user/.m2/repository/com/amazonaws/aws-java-sdk-s3/1.11.615/aws-java-sdk-s3-1.11.615.jar:/home/user/.m2/repository/com/amazonaws/aws-java-sdk-kms/1.11.615/aws-java-sdk-kms-1.11.615.jar:/home/user/.m2/repository/com/amazonaws/aws-java-sdk-core/1.11.615/aws-java-sdk-core-1.11.615.jar:/home/user/.m2/repository/software/amazon/ion/ion-java/1.0.2/ion-java-1.0.2.jar:/home/user/.m2/repository/com/fasterxml/jackson/dataformat/jackson-dataformat-cbor/2.9.9/jackson-dataformat-cbor-2.9.9.jar:/home/user/.m2/repository/joda-time/joda-time/2.9.9/joda-time-2.9.9.jar:/home/user/.m2/repository/com/amazonaws/jmespath-java/1.11.615/jmespath-java-1.11.615.jar:/home/user/.m2/repository/com/github/spotbugs/spotbugs/3.1.12/spotbugs-3.1.12.jar:/home/user/.m2/repository/org/ow2/asm/asm/5.0.4/asm-5.0.4.jar:/home/user/.m2/repository/org/ow2/asm/asm-analysis/7.0/asm-analysis-7.0.jar:/home/user/.m2/repository/org/ow2/asm/asm-commons/7.0/asm-commons-7.0.jar:/home/user/.m2/repository/org/ow2/asm/asm-tree/7.0/asm-tree-7.0.jar:/home/user/.m2/repository/org/ow2/asm/asm-util/7.0/asm-util-7.0.jar:/home/user/.m2/repository/org/apache/bcel/bcel/6.3/bcel-6.3.jar:/home/user/.m2/repository/net/jcip/jcip-annotations/1.0/jcip-annotations-1.0.jar:/home/user/.m2/repository/org/dom4j/dom4j/2.1.1/dom4j-2.1.1.jar:/home/user/.m2/repository/jaxen/jaxen/1.1.6/jaxen-1.1.6.jar:/home/user/.m2/repository/commons-lang/commons-lang/2.6/commons-lang-2.6.jar:/home/user/.m2/repository/com/github/spotbugs/spotbugs-annotations/3.1.12/spotbugs-annotations-3.1.12.jar:/home/user/.m2/repository/junit/junit/4.11/junit-4.11.jar:/home/user/.m2/repository/org/hamcrest/hamcrest-core/1.3/hamcrest-core-1.3.jar:/home/user/.m2/repository/org/apache/hadoop/hadoop-common/3.2.0/hadoop-common-3.2.0-tests.jar:/workdir/hadoop-ozone/integration-test/target/test-classes:/home/user/.m2/repository/org/apache/hadoop/hadoop-ozone-s3gateway/0.5.0-SNAPSHOT/hadoop-ozone-s3gateway-0.5.0-SNAPSHOT.jar:/home/user/.m2/repository/org/jboss/weld/servlet/weld-servlet/2.4.7.Final/weld-servlet-2.4.7.Final.jar:/home/user/.m2/repository/org/glassfish/jersey/containers/jersey-container-servlet-core/2.27/jersey-container-servlet-core-2.27.jar:/home/user/.m2/repository/org/glassfish/hk2/external/javax.inject/2.5.0-b42/javax.inject-2.5.0-b42.jar:/home/user/.m2/repository/org/glassfish/jersey/core/jersey-common/2.27/jersey-common-2.27.jar:/home/user/.m2/repository/org/glassfish/hk2/osgi-resource-locator/1.0.1/osgi-resource-locator-1.0.1.jar:/home/user/.m2/repository/javax/ws/rs/javax.ws.rs-api/2.1/javax.ws.rs-api-2.1.jar:/home/user/.m2/repository/org/glassfish/jersey/ext/cdi/jersey-cdi1x/2.27/jersey-cdi1x-2.27.jar:/home/user/.m2/repository/org/glassfish/jersey/inject/jersey-hk2/2.27/jersey-hk2-2.27.jar:/home/user/.m2/repository/org/glassfish/hk2/hk2-locator/2.5.0-b42/hk2-locator-2.5.0-b42.jar:/home/user/.m2/repository/org/javassist/javassist/3.22.0-CR2/javassist-3.22.0-CR2.jar:/home/user/.m2/repository/org/glassfish/hk2/hk2-api/2.5.0/hk2-api-2.5.0.jar:/home/user/.m2/repository/org/glassfish/hk2/external/jakarta.inject/2.5.0/jakarta.inject-2.5.0.jar:/home/user/.m2/repository/org/glassfish/hk2/hk2-utils/2.5.0/hk2-utils-2.5.0.jar:/home/user/.m2/repository/jakarta/annotation/jakarta.annotation-api/1.3.4/jakarta.annotation-api-1.3.4.jar:/home/user/.m2/repository/org/glassfish/hk2/external/aopalliance-repackaged/2.5.0/aopalliance-repackaged-2.5.0.jar:/home/user/.m2/repository/com/fasterxml/jackson/dataformat/jackson-dataformat-xml/2.9.0/jackson-dataformat-xml-2.9.0.jar:/home/user/.m2/repository/com/fasterxml/jackson/module/jackson-module-jaxb-annotations/2.9.9/jackson-module-jaxb-annotations-2.9.9.jar:/home/user/.m2/repository/javax/enterprise/cdi-api/1.2/cdi-api-1.2.jar:/home/user/.m2/repository/javax/el/javax.el-api/3.0.0/javax.el-api-3.0.0.jar:/home/user/.m2/repository/javax/interceptor/javax.interceptor-api/1.2/javax.interceptor-api-1.2.jar:/home/user/.m2/repository/javax/inject/javax.inject/1/javax.inject-1.jar:/home/user/.m2/repository/org/apache/hadoop/hadoop-ozone-csi/0.5.0-SNAPSHOT/hadoop-ozone-csi-0.5.0-SNAPSHOT.jar:/home/user/.m2/repository/com/google/protobuf/protobuf-java-util/3.5.1/protobuf-java-util-3.5.1.jar:/home/user/.m2/repository/io/grpc/grpc-netty/1.17.1/grpc-netty-1.17.1.jar:/home/user/.m2/repository/io/grpc/grpc-core/1.17.1/grpc-core-1.17.1.jar:/home/user/.m2/repository/io/grpc/grpc-context/1.17.1/grpc-context-1.17.1.jar:/home/user/.m2/repository/com/google/errorprone/error_prone_annotations/2.2.0/error_prone_annotations-2.2.0.jar:/home/user/.m2/repository/org/codehaus/mojo/animal-sniffer-annotations/1.17/animal-sniffer-annotations-1.17.jar:/home/user/.m2/repository/io/opencensus/opencensus-api/0.17.0/opencensus-api-0.17.0.jar:/home/user/.m2/repository/io/opencensus/opencensus-contrib-grpc-metrics/0.17.0/opencensus-contrib-grpc-metrics-0.17.0.jar:/home/user/.m2/repository/io/netty/netty-codec-http2/4.1.30.Final/netty-codec-http2-4.1.30.Final.jar:/home/user/.m2/repository/io/netty/netty-codec-http/4.1.30.Final/netty-codec-http-4.1.30.Final.jar:/home/user/.m2/repository/io/netty/netty-codec/4.1.30.Final/netty-codec-4.1.30.Final.jar:/home/user/.m2/repository/io/netty/netty-handler/4.1.30.Final/netty-handler-4.1.30.Final.jar:/home/user/.m2/repository/io/netty/netty-handler-proxy/4.1.30.Final/netty-handler-proxy-4.1.30.Final.jar:/home/user/.m2/repository/io/netty/netty-codec-socks/4.1.30.Final/netty-codec-socks-4.1.30.Final.jar:/home/user/.m2/repository/io/netty/netty-transport-native-epoll/4.1.30.Final/netty-transport-native-epoll-4.1.30.Final.jar:/home/user/.m2/repository/io/netty/netty-common/4.1.30.Final/netty-common-4.1.30.Final.jar:/home/user/.m2/repository/io/netty/netty-buffer/4.1.30.Final/netty-buffer-4.1.30.Final.jar:/home/user/.m2/repository/io/netty/netty-transport/4.1.30.Final/netty-transport-4.1.30.Final.jar:/home/user/.m2/repository/io/netty/netty-resolver/4.1.30.Final/netty-resolver-4.1.30.Final.jar:/home/user/.m2/repository/io/netty/netty-transport-native-unix-common/4.1.30.Final/netty-transport-native-unix-common-4.1.30.Final.jar:/home/user/.m2/repository/io/grpc/grpc-protobuf/1.17.1/grpc-protobuf-1.17.1.jar:/home/user/.m2/repository/com/google/api/grpc/proto-google-common-protos/1.0.0/proto-google-common-protos-1.0.0.jar:/home/user/.m2/repository/io/grpc/grpc-protobuf-lite/1.17.1/grpc-protobuf-lite-1.17.1.jar:/home/user/.m2/repository/io/grpc/grpc-stub/1.17.1/grpc-stub-1.17.1.jar:/home/user/.m2/repository/org/apache/hadoop/hadoop-ozone-recon/0.5.0-SNAPSHOT/hadoop-ozone-recon-0.5.0-SNAPSHOT.jar:/home/user/.m2/repository/org/apache/hadoop/hadoop-ozone-reconcodegen/0.5.0-SNAPSHOT/hadoop-ozone-reconcodegen-0.5.0-SNAPSHOT.jar:/home/user/.m2/repository/com/google/inject/extensions/guice-multibindings/4.0/guice-multibindings-4.0.jar:/home/user/.m2/repository/com/google/inject/guice/4.0/guice-4.0.jar:/home/user/.m2/repository/aopalliance/aopalliance/1.0/aopalliance-1.0.jar:/home/user/.m2/repository/com/google/inject/extensions/guice-servlet/4.0/guice-servlet-4.0.jar:/home/user/.m2/repository/org/glassfish/jersey/containers/jersey-container-servlet/2.27/jersey-container-servlet-2.27.jar:/home/user/.m2/repository/org/glassfish/hk2/guice-bridge/2.5.0/guice-bridge-2.5.0.jar:/home/user/.m2/repository/org/glassfish/jersey/core/jersey-server/2.27/jersey-server-2.27.jar:/home/user/.m2/repository/org/glassfish/jersey/core/jersey-client/2.27/jersey-client-2.27.jar:/home/user/.m2/repository/org/glassfish/jersey/media/jersey-media-jaxb/2.27/jersey-media-jaxb-2.27.jar:/home/user/.m2/repository/javax/validation/validation-api/1.1.0.Final/validation-api-1.1.0.Final.jar:/home/user/.m2/repository/org/glassfish/jersey/media/jersey-media-json-jackson/2.27/jersey-media-json-jackson-2.27.jar:/home/user/.m2/repository/org/glassfish/jersey/ext/jersey-entity-filtering/2.27/jersey-entity-filtering-2.27.jar:/home/user/.m2/repository/com/google/inject/extensions/guice-assistedinject/4.0/guice-assistedinject-4.0.jar:/home/user/.m2/repository/org/jooq/jooq/3.11.10/jooq-3.11.10.jar:/home/user/.m2/repository/org/jooq/jooq-meta/3.11.10/jooq-meta-3.11.10.jar:/home/user/.m2/repository/org/jooq/jooq-codegen/3.11.10/jooq-codegen-3.11.10.jar:/home/user/.m2/repository/com/jolbox/bonecp/0.8.0.RELEASE/bonecp-0.8.0.RELEASE.jar:/home/user/.m2/repository/org/springframework/spring-jdbc/5.1.3.RELEASE/spring-jdbc-5.1.3.RELEASE.jar:/home/user/.m2/repository/org/springframework/spring-beans/5.1.3.RELEASE/spring-beans-5.1.3.RELEASE.jar:/home/user/.m2/repository/org/springframework/spring-core/5.1.3.RELEASE/spring-core-5.1.3.RELEASE.jar:/home/user/.m2/repository/org/springframework/spring-jcl/5.1.3.RELEASE/spring-jcl-5.1.3.RELEASE.jar:/home/user/.m2/repository/org/springframework/spring-tx/5.1.3.RELEASE/spring-tx-5.1.3.RELEASE.jar:/home/user/.m2/repository/org/mockito/mockito-core/2.15.0/mockito-core-2.15.0.jar:/home/user/.m2/repository/net/bytebuddy/byte-buddy/1.7.9/byte-buddy-1.7.9.jar:/home/user/.m2/repository/net/bytebuddy/byte-buddy-agent/1.7.9/byte-buddy-agent-1.7.9.jar:/home/user/.m2/repository/org/objenesis/objenesis/1.0/objenesis-1.0.jar:"/>
    <property name="sun.cpu.endian" value="little"/>
    <property name="user.home" value="/home/user"/>
    <property name="user.language" value="en"/>
    <property name="java.specification.vendor" value="Oracle Corporation"/>
    <property name="java.home" value="/usr/lib/jvm/java-1.8.0-openjdk-1.8.0.222.b10-1.el7_7.x86_64/jre"/>
    <property name="surefire.excludesFile" value="/tools/ozone-bad-unit-tests"/>
    <property name="java.security.krb5.conf" value="/workdir/hadoop-ozone/tools/target/test-classes/krb5.conf"/>
    <property name="basedir" value="/workdir/hadoop-ozone/tools"/>
    <property name="file.separator" value="/"/>
    <property name="line.separator" value="&#10;"/>
    <property name="java.vm.specification.vendor" value="Oracle Corporation"/>
    <property name="java.specification.name" value="Java Platform API Specification"/>
    <property name="java.awt.graphicsenv" value="sun.awt.X11GraphicsEnvironment"/>
    <property name="surefire.real.class.path" value="/workdir/hadoop-ozone/tools/target/surefire/surefirebooter3439370636730900994.jar"/>
    <property name="hadoop.log.dir" value="/workdir/hadoop-ozone/tools/target/log"/>
    <property name="sun.boot.class.path" value="/usr/lib/jvm/java-1.8.0-openjdk-1.8.0.222.b10-1.el7_7.x86_64/jre/lib/resources.jar:/usr/lib/jvm/java-1.8.0-openjdk-1.8.0.222.b10-1.el7_7.x86_64/jre/lib/rt.jar:/usr/lib/jvm/java-1.8.0-openjdk-1.8.0.222.b10-1.el7_7.x86_64/jre/lib/sunrsasign.jar:/usr/lib/jvm/java-1.8.0-openjdk-1.8.0.222.b10-1.el7_7.x86_64/jre/lib/jsse.jar:/usr/lib/jvm/java-1.8.0-openjdk-1.8.0.222.b10-1.el7_7.x86_64/jre/lib/jce.jar:/usr/lib/jvm/java-1.8.0-openjdk-1.8.0.222.b10-1.el7_7.x86_64/jre/lib/charsets.jar:/usr/lib/jvm/java-1.8.0-openjdk-1.8.0.222.b10-1.el7_7.x86_64/jre/lib/jfr.jar:/usr/lib/jvm/java-1.8.0-openjdk-1.8.0.222.b10-1.el7_7.x86_64/jre/classes"/>
    <property name="sun.management.compiler" value="HotSpot 64-Bit Tiered Compilers"/>
    <property name="java.runtime.version" value="1.8.0_222-b10"/>
    <property name="java.net.preferIPv4Stack" value="true"/>
    <property name="user.name" value="jenkins1000"/>
    <property name="path.separator" value=":"/>
    <property name="java.security.egd" value="file:///dev/urandom"/>
    <property name="os.version" value="3.10.0-957.12.2.el7.x86_64"/>
    <property name="java.endorsed.dirs" value="/usr/lib/jvm/java-1.8.0-openjdk-1.8.0.222.b10-1.el7_7.x86_64/jre/lib/endorsed"/>
    <property name="java.runtime.name" value="OpenJDK Runtime Environment"/>
    <property name="file.encoding" value="ANSI_X3.4-1968"/>
    <property name="java.vm.name" value="OpenJDK 64-Bit Server VM"/>
    <property name="test.build.webapps" value=""/>
    <property name="localRepository" value="/home/user/.m2/repository"/>
    <property name="java.vendor.url.bug" value="http://bugreport.sun.com/bugreport/"/>
    <property name="java.io.tmpdir" value="/tmp"/>
    <property name="require.test.libhadoop" value=""/>
    <property name="java.version" value="1.8.0_222"/>
    <property name="user.dir" value="/workdir/hadoop-ozone/tools"/>
    <property name="os.arch" value="amd64"/>
    <property name="java.vm.specification.name" value="Java Virtual Machine Specification"/>
    <property name="test.build.classes" value="/workdir/hadoop-ozone/tools/target/test-classes"/>
    <property name="java.awt.printerjob" value="sun.print.PSPrinterJob"/>
    <property name="sun.os.patch.level" value="unknown"/>
    <property name="hadoop.tmp.dir" value="/workdir/hadoop-ozone/tools/target/tmp"/>
    <property name="java.library.path" value="/usr/lib:/workdir/hadoop-ozone/tools/target/native/target/usr/local/lib:/workdir/hadoop-ozone/tools/../../hadoop-common-project/hadoop-common/target/native/target/usr/local/lib:/usr/java/packages/lib/amd64:/usr/lib64:/lib64:/lib:/usr/lib"/>
    <property name="java.vm.info" value="mixed mode"/>
    <property name="java.vendor" value="Oracle Corporation"/>
    <property name="java.vm.version" value="25.222-b10"/>
    <property name="java.ext.dirs" value="/usr/lib/jvm/java-1.8.0-openjdk-1.8.0.222.b10-1.el7_7.x86_64/jre/lib/ext:/usr/java/packages/lib/ext"/>
    <property name="sun.io.unicode.encoding" value="UnicodeLittle"/>
    <property name="java.class.version" value="52.0"/>
  </properties>
  <testcase name="testRestart" classname="org.apache.hadoop.ozone.freon.TestFreonWithPipelineDestroy" time="21.488">
    <error message="Allocated 0 blocks. Requested 5 blocks" type="INTERNAL_ERROR org.apache.hadoop.ozone.om.exceptions.OMException">INTERNAL_ERROR org.apache.hadoop.ozone.om.exceptions.OMException: Allocated 0 blocks. Requested 5 blocks
	at org.apache.hadoop.ozone.om.protocolPB.OzoneManagerProtocolClientSideTranslatorPB.handleError(OzoneManagerProtocolClientSideTranslatorPB.java:732)
	at org.apache.hadoop.ozone.om.protocolPB.OzoneManagerProtocolClientSideTranslatorPB.openKey(OzoneManagerProtocolClientSideTranslatorPB.java:723)
	at sun.reflect.NativeMethodAccessorImpl.invoke0(Native Method)
	at sun.reflect.NativeMethodAccessorImpl.invoke(NativeMethodAccessorImpl.java:62)
	at sun.reflect.DelegatingMethodAccessorImpl.invoke(DelegatingMethodAccessorImpl.java:43)
	at java.lang.reflect.Method.invoke(Method.java:498)
	at org.apache.hadoop.hdds.tracing.TraceAllMethod.invoke(TraceAllMethod.java:66)
	at com.sun.proxy.$Proxy37.openKey(Unknown Source)
	at org.apache.hadoop.ozone.client.rpc.RpcClient.createKey(RpcClient.java:614)
	at org.apache.hadoop.ozone.client.OzoneBucket.createKey(OzoneBucket.java:325)
	at org.apache.hadoop.ozone.freon.RandomKeyGenerator.createKey(RandomKeyGenerator.java:695)
	at org.apache.hadoop.ozone.freon.RandomKeyGenerator.access$1100(RandomKeyGenerator.java:88)
	at org.apache.hadoop.ozone.freon.RandomKeyGenerator$ObjectCreator.run(RandomKeyGenerator.java:615)
	at java.util.concurrent.Executors$RunnableAdapter.call(Executors.java:511)
	at java.util.concurrent.FutureTask.run(FutureTask.java:266)
	at java.util.concurrent.ThreadPoolExecutor.runWorker(ThreadPoolExecutor.java:1149)
	at java.util.concurrent.ThreadPoolExecutor$Worker.run(ThreadPoolExecutor.java:624)
	at java.lang.Thread.run(Thread.java:748)
</error>
    <system-out><![CDATA[2019-10-17 02:18:33,757 [main] WARN  server.ServerUtils (ServerUtils.java:getScmDbDir(145)) - ozone.scm.db.dirs is not configured. We recommend adding this setting. Falling back to ozone.metadata.dirs instead.
2019-10-17 02:18:33,849 [main] WARN  server.ServerUtils (ServerUtils.java:getScmDbDir(145)) - ozone.scm.db.dirs is not configured. We recommend adding this setting. Falling back to ozone.metadata.dirs instead.
2019-10-17 02:18:33,852 [main] WARN  server.ServerUtils (ServerUtils.java:getScmDbDir(145)) - ozone.scm.db.dirs is not configured. We recommend adding this setting. Falling back to ozone.metadata.dirs instead.
2019-10-17 02:18:33,876 [main] INFO  util.log (Log.java:initialized(192)) - Logging initialized @822ms
2019-10-17 02:18:33,969 [main] INFO  db.DBStoreBuilder (DBStoreBuilder.java:addTable(117)) - using custom profile for table: deletedBlocks
2019-10-17 02:18:33,969 [main] INFO  db.DBStoreBuilder (DBStoreBuilder.java:processTables(168)) - Using default column profile:DBProfile.DISK for Table:deletedBlocks
2019-10-17 02:18:33,970 [main] INFO  db.DBStoreBuilder (DBStoreBuilder.java:addTable(117)) - using custom profile for table: validCerts
2019-10-17 02:18:33,970 [main] INFO  db.DBStoreBuilder (DBStoreBuilder.java:processTables(168)) - Using default column profile:DBProfile.DISK for Table:validCerts
2019-10-17 02:18:33,970 [main] INFO  db.DBStoreBuilder (DBStoreBuilder.java:addTable(117)) - using custom profile for table: revokedCerts
2019-10-17 02:18:33,970 [main] INFO  db.DBStoreBuilder (DBStoreBuilder.java:processTables(168)) - Using default column profile:DBProfile.DISK for Table:revokedCerts
2019-10-17 02:18:33,981 [main] INFO  db.DBStoreBuilder (DBStoreBuilder.java:addTable(117)) - using custom profile for table: default
2019-10-17 02:18:33,981 [main] INFO  db.DBStoreBuilder (DBStoreBuilder.java:processTables(174)) - Using default column profile:DBProfile.DISK for Table:default
2019-10-17 02:18:33,983 [main] INFO  db.DBStoreBuilder (DBStoreBuilder.java:getDbProfile(205)) - Using default options. DBProfile.DISK
2019-10-17 02:18:34,242 [main] INFO  net.NodeSchemaLoader (NodeSchemaLoader.java:loadSchemaFromFile(125)) - Loading file from sun.misc.CompoundEnumeration@3754a4bf
2019-10-17 02:18:34,244 [main] INFO  net.NodeSchemaLoader (NodeSchemaLoader.java:loadSchema(171)) - Loading network topology layer schema file
2019-10-17 02:18:34,305 [main] INFO  node.SCMNodeManager (SCMNodeManager.java:<init>(116)) - Entering startup safe mode.
2019-10-17 02:18:34,367 [main] INFO  algorithms.ContainerPlacementPolicyFactory (ContainerPlacementPolicyFactory.java:getPolicy(57)) - Create container placement policy of type org.apache.hadoop.hdds.scm.container.placement.algorithms.SCMContainerPlacementRandom
2019-10-17 02:18:34,380 [main] WARN  server.ServerUtils (ServerUtils.java:getScmDbDir(145)) - ozone.scm.db.dirs is not configured. We recommend adding this setting. Falling back to ozone.metadata.dirs instead.
2019-10-17 02:18:34,485 [main] INFO  pipeline.SCMPipelineManager (SCMPipelineManager.java:initializePipelineState(132)) - No pipeline exists in current db
2019-10-17 02:18:34,489 [main] WARN  server.ServerUtils (ServerUtils.java:getScmDbDir(145)) - ozone.scm.db.dirs is not configured. We recommend adding this setting. Falling back to ozone.metadata.dirs instead.
2019-10-17 02:18:34,628 [main] WARN  events.EventQueue (EventQueue.java:fireEvent(183)) - No event handler registered for event TypedEvent{payloadType=SafeModeStatus, name='SafeModeStatus'}
2019-10-17 02:18:34,982 [main] INFO  ipc.CallQueueManager (CallQueueManager.java:<init>(84)) - Using callQueue: class java.util.concurrent.LinkedBlockingQueue, queueCapacity: 2000, scheduler: class org.apache.hadoop.ipc.DefaultRpcScheduler, ipcBackoff: false.
2019-10-17 02:18:35,106 [Socket Reader #1 for port 33730] INFO  ipc.Server (Server.java:run(1074)) - Starting Socket Reader #1 for port 33730
2019-10-17 02:18:35,130 [main] INFO  ipc.CallQueueManager (CallQueueManager.java:<init>(84)) - Using callQueue: class java.util.concurrent.LinkedBlockingQueue, queueCapacity: 2000, scheduler: class org.apache.hadoop.ipc.DefaultRpcScheduler, ipcBackoff: false.
2019-10-17 02:18:35,131 [Socket Reader #1 for port 41318] INFO  ipc.Server (Server.java:run(1074)) - Starting Socket Reader #1 for port 41318
2019-10-17 02:18:35,139 [main] INFO  ipc.CallQueueManager (CallQueueManager.java:<init>(84)) - Using callQueue: class java.util.concurrent.LinkedBlockingQueue, queueCapacity: 2000, scheduler: class org.apache.hadoop.ipc.DefaultRpcScheduler, ipcBackoff: false.
2019-10-17 02:18:35,139 [Socket Reader #1 for port 34480] INFO  ipc.Server (Server.java:run(1074)) - Starting Socket Reader #1 for port 34480
2019-10-17 02:18:35,161 [main] INFO  hdfs.DFSUtil (DFSUtil.java:httpServerTemplateForNNAndJN(1641)) - Starting Web-server for scm at: http://0.0.0.0:0
2019-10-17 02:18:35,276 [main] INFO  server.AuthenticationFilter (AuthenticationFilter.java:constructSecretProvider(240)) - Unable to initialize FileSignerSecretProvider, falling back to use random secrets.
2019-10-17 02:18:35,291 [main] WARN  http.HttpRequestLog (HttpRequestLog.java:getRequestLog(97)) - Jetty request log can only be enabled using Log4j
2019-10-17 02:18:35,300 [main] INFO  http.HttpServer2 (HttpServer2.java:addGlobalFilter(975)) - Added global filter 'safety' (class=org.apache.hadoop.http.HttpServer2$QuotingInputFilter)
2019-10-17 02:18:35,303 [main] INFO  http.HttpServer2 (HttpServer2.java:addFilter(948)) - Added filter static_user_filter (class=org.apache.hadoop.http.lib.StaticUserWebFilter$StaticUserFilter) to context scm
2019-10-17 02:18:35,303 [main] INFO  http.HttpServer2 (HttpServer2.java:addFilter(958)) - Added filter static_user_filter (class=org.apache.hadoop.http.lib.StaticUserWebFilter$StaticUserFilter) to context logs
2019-10-17 02:18:35,303 [main] INFO  http.HttpServer2 (HttpServer2.java:addFilter(958)) - Added filter static_user_filter (class=org.apache.hadoop.http.lib.StaticUserWebFilter$StaticUserFilter) to context static
2019-10-17 02:18:35,330 [main] INFO  server.StorageContainerManager (StorageContainerManager.java:start(772)) - StorageContainerLocationProtocol RPC server is listening at /0.0.0.0:34480
2019-10-17 02:18:35,381 [main] WARN  impl.MetricsConfig (MetricsConfig.java:loadFirst(134)) - Cannot locate configuration: tried hadoop-metrics2-storagecontainermanager.properties,hadoop-metrics2.properties
2019-10-17 02:18:35,394 [main] INFO  impl.MetricsSystemImpl (MetricsSystemImpl.java:startTimer(374)) - Scheduled Metric snapshot period at 10 second(s).
2019-10-17 02:18:35,394 [main] INFO  impl.MetricsSystemImpl (MetricsSystemImpl.java:start(191)) - StorageContainerManager metrics system started
2019-10-17 02:18:35,587 [main] INFO  server.SCMClientProtocolServer (SCMClientProtocolServer.java:start(159)) - RPC server for Client  is listening at /0.0.0.0:34480
2019-10-17 02:18:35,588 [IPC Server Responder] INFO  ipc.Server (Server.java:run(1314)) - IPC Server Responder: starting
2019-10-17 02:18:35,588 [IPC Server listener on 34480] INFO  ipc.Server (Server.java:run(1153)) - IPC Server listener on 34480: starting
2019-10-17 02:18:35,590 [main] INFO  server.StorageContainerManager (StorageContainerManager.java:start(782)) - ScmBlockLocationProtocol RPC server is listening at /0.0.0.0:41318
2019-10-17 02:18:35,591 [main] INFO  server.SCMBlockProtocolServer (SCMBlockProtocolServer.java:start(146)) - RPC server for Block Protocol is listening at /0.0.0.0:41318
2019-10-17 02:18:35,591 [IPC Server Responder] INFO  ipc.Server (Server.java:run(1314)) - IPC Server Responder: starting
2019-10-17 02:18:35,591 [IPC Server listener on 41318] INFO  ipc.Server (Server.java:run(1153)) - IPC Server listener on 41318: starting
2019-10-17 02:18:35,593 [main] INFO  server.StorageContainerManager (StorageContainerManager.java:start(786)) - ScmDatanodeProtocl RPC server is listening at /0.0.0.0:33730
2019-10-17 02:18:35,594 [main] INFO  server.SCMDatanodeProtocolServer (SCMDatanodeProtocolServer.java:start(169)) - RPC server for DataNodes is listening at /0.0.0.0:33730
2019-10-17 02:18:35,594 [IPC Server Responder] INFO  ipc.Server (Server.java:run(1314)) - IPC Server Responder: starting
2019-10-17 02:18:35,594 [IPC Server listener on 33730] INFO  ipc.Server (Server.java:run(1153)) - IPC Server listener on 33730: starting
2019-10-17 02:18:35,597 [main] INFO  http.HttpServer2 (HttpServer2.java:bindListener(1191)) - Jetty bound to port 45668
2019-10-17 02:18:35,599 [main] INFO  server.Server (Server.java:doStart(351)) - jetty-9.3.25.v20180904, build timestamp: 2018-09-04T21:11:46Z, git hash: 3ce520221d0240229c862b122d2b06c12a625732
2019-10-17 02:18:35,627 [main] INFO  handler.ContextHandler (ContextHandler.java:doStart(781)) - Started o.e.j.s.ServletContextHandler@61c9c3fd{/logs,file:///workdir/hadoop-ozone/tools/target/log,AVAILABLE}
2019-10-17 02:18:35,627 [main] INFO  handler.ContextHandler (ContextHandler.java:doStart(781)) - Started o.e.j.s.ServletContextHandler@302a07d{/static,jar:file:/home/user/.m2/repository/org/apache/hadoop/hadoop-hdds-server-scm/0.5.0-SNAPSHOT/hadoop-hdds-server-scm-0.5.0-SNAPSHOT.jar!/webapps/static,AVAILABLE}
2019-10-17 02:18:35,687 [main] INFO  handler.ContextHandler (ContextHandler.java:doStart(781)) - Started o.e.j.w.WebAppContext@46ab18da{/,file:///tmp/jetty-0.0.0.0-45668-scm-_-any-6546672787502004961.dir/webapp/,AVAILABLE}{/scm}
2019-10-17 02:18:35,691 [main] INFO  server.AbstractConnector (AbstractConnector.java:doStart(278)) - Started ServerConnector@2af616d3{HTTP/1.1,[http/1.1]}{0.0.0.0:45668}
2019-10-17 02:18:35,691 [main] INFO  server.Server (Server.java:doStart(419)) - Started @2637ms
2019-10-17 02:18:35,693 [main] INFO  impl.MetricsSinkAdapter (MetricsSinkAdapter.java:start(204)) - Sink prometheus started
2019-10-17 02:18:35,693 [main] INFO  impl.MetricsSystemImpl (MetricsSystemImpl.java:registerSink(301)) - Registered sink prometheus
2019-10-17 02:18:35,695 [main] INFO  server.BaseHttpServer (BaseHttpServer.java:updateConnectorAddress(215)) - HTTP server of SCM is listening at http://0.0.0.0:45668
2019-10-17 02:18:35,700 [org.apache.hadoop.util.JvmPauseMonitor$Monitor@226f885f] INFO  util.JvmPauseMonitor (JvmPauseMonitor.java:run(188)) - Starting JVM pause monitor
2019-10-17 02:18:35,702 [main] WARN  server.ServerUtils (ServerUtils.java:getDBPath(222)) - ozone.om.db.dirs is not configured. We recommend adding this setting. Falling back to ozone.metadata.dirs instead.
2019-10-17 02:18:35,843 [main] INFO  ha.OMHANodeDetails (OMHANodeDetails.java:loadOMHAConfig(190)) - Configuration either no ozone.om.address set. Falling back to the default OM address /127.0.0.1:0
2019-10-17 02:18:35,843 [main] INFO  ha.OMHANodeDetails (OMHANodeDetails.java:getOMNodeDetails(220)) - OM Service ID is not set. Setting it to the default ID: omServiceIdDefault
2019-10-17 02:18:35,845 [main] WARN  server.ServerUtils (ServerUtils.java:getDBPath(222)) - ozone.om.db.dirs is not configured. We recommend adding this setting. Falling back to ozone.metadata.dirs instead.
2019-10-17 02:18:35,846 [main] WARN  server.ServerUtils (ServerUtils.java:getDBPath(222)) - ozone.om.db.dirs is not configured. We recommend adding this setting. Falling back to ozone.metadata.dirs instead.
2019-10-17 02:18:36,436 [main] WARN  server.ServerUtils (ServerUtils.java:getDBPath(222)) - ozone.om.db.dirs is not configured. We recommend adding this setting. Falling back to ozone.metadata.dirs instead.
2019-10-17 02:18:36,444 [main] INFO  db.DBStoreBuilder (DBStoreBuilder.java:addTable(117)) - using custom profile for table: userTable
2019-10-17 02:18:36,444 [main] INFO  db.DBStoreBuilder (DBStoreBuilder.java:processTables(168)) - Using default column profile:DBProfile.DISK for Table:userTable
2019-10-17 02:18:36,444 [main] INFO  db.DBStoreBuilder (DBStoreBuilder.java:addTable(117)) - using custom profile for table: volumeTable
2019-10-17 02:18:36,444 [main] INFO  db.DBStoreBuilder (DBStoreBuilder.java:processTables(168)) - Using default column profile:DBProfile.DISK for Table:volumeTable
2019-10-17 02:18:36,445 [main] INFO  db.DBStoreBuilder (DBStoreBuilder.java:addTable(117)) - using custom profile for table: bucketTable
2019-10-17 02:18:36,445 [main] INFO  db.DBStoreBuilder (DBStoreBuilder.java:processTables(168)) - Using default column profile:DBProfile.DISK for Table:bucketTable
2019-10-17 02:18:36,445 [main] INFO  db.DBStoreBuilder (DBStoreBuilder.java:addTable(117)) - using custom profile for table: keyTable
2019-10-17 02:18:36,445 [main] INFO  db.DBStoreBuilder (DBStoreBuilder.java:processTables(168)) - Using default column profile:DBProfile.DISK for Table:keyTable
2019-10-17 02:18:36,446 [main] INFO  db.DBStoreBuilder (DBStoreBuilder.java:addTable(117)) - using custom profile for table: deletedTable
2019-10-17 02:18:36,446 [main] INFO  db.DBStoreBuilder (DBStoreBuilder.java:processTables(168)) - Using default column profile:DBProfile.DISK for Table:deletedTable
2019-10-17 02:18:36,446 [main] INFO  db.DBStoreBuilder (DBStoreBuilder.java:addTable(117)) - using custom profile for table: openKeyTable
2019-10-17 02:18:36,446 [main] INFO  db.DBStoreBuilder (DBStoreBuilder.java:processTables(168)) - Using default column profile:DBProfile.DISK for Table:openKeyTable
2019-10-17 02:18:36,446 [main] INFO  db.DBStoreBuilder (DBStoreBuilder.java:addTable(117)) - using custom profile for table: s3Table
2019-10-17 02:18:36,447 [main] INFO  db.DBStoreBuilder (DBStoreBuilder.java:processTables(168)) - Using default column profile:DBProfile.DISK for Table:s3Table
2019-10-17 02:18:36,447 [main] INFO  db.DBStoreBuilder (DBStoreBuilder.java:addTable(117)) - using custom profile for table: multipartInfoTable
2019-10-17 02:18:36,447 [main] INFO  db.DBStoreBuilder (DBStoreBuilder.java:processTables(168)) - Using default column profile:DBProfile.DISK for Table:multipartInfoTable
2019-10-17 02:18:36,447 [main] INFO  db.DBStoreBuilder (DBStoreBuilder.java:addTable(117)) - using custom profile for table: dTokenTable
2019-10-17 02:18:36,447 [main] INFO  db.DBStoreBuilder (DBStoreBuilder.java:processTables(168)) - Using default column profile:DBProfile.DISK for Table:dTokenTable
2019-10-17 02:18:36,448 [main] INFO  db.DBStoreBuilder (DBStoreBuilder.java:addTable(117)) - using custom profile for table: s3SecretTable
2019-10-17 02:18:36,448 [main] INFO  db.DBStoreBuilder (DBStoreBuilder.java:processTables(168)) - Using default column profile:DBProfile.DISK for Table:s3SecretTable
2019-10-17 02:18:36,448 [main] INFO  db.DBStoreBuilder (DBStoreBuilder.java:addTable(117)) - using custom profile for table: prefixTable
2019-10-17 02:18:36,448 [main] INFO  db.DBStoreBuilder (DBStoreBuilder.java:processTables(168)) - Using default column profile:DBProfile.DISK for Table:prefixTable
2019-10-17 02:18:36,449 [main] INFO  db.DBStoreBuilder (DBStoreBuilder.java:addTable(117)) - using custom profile for table: default
2019-10-17 02:18:36,449 [main] INFO  db.DBStoreBuilder (DBStoreBuilder.java:processTables(174)) - Using default column profile:DBProfile.DISK for Table:default
2019-10-17 02:18:36,449 [main] INFO  db.DBStoreBuilder (DBStoreBuilder.java:getDbProfile(205)) - Using default options. DBProfile.DISK
2019-10-17 02:18:36,994 [main] INFO  ipc.CallQueueManager (CallQueueManager.java:<init>(84)) - Using callQueue: class java.util.concurrent.LinkedBlockingQueue, queueCapacity: 2000, scheduler: class org.apache.hadoop.ipc.DefaultRpcScheduler, ipcBackoff: false.
2019-10-17 02:18:36,995 [Socket Reader #1 for port 42878] INFO  ipc.Server (Server.java:run(1074)) - Starting Socket Reader #1 for port 42878
2019-10-17 02:18:37,014 [main] INFO  om.OzoneManager (OzoneManager.java:start(1071)) - OzoneManager RPC server is listening at localhost/127.0.0.1:42878
2019-10-17 02:18:37,015 [main] INFO  impl.MetricsSystemImpl (MetricsSystemImpl.java:init(158)) - OzoneManager metrics system started (again)
2019-10-17 02:18:37,021 [IPC Server Responder] INFO  ipc.Server (Server.java:run(1314)) - IPC Server Responder: starting
2019-10-17 02:18:37,021 [IPC Server listener on 42878] INFO  ipc.Server (Server.java:run(1153)) - IPC Server listener on 42878: starting
2019-10-17 02:18:37,026 [main] INFO  hdfs.DFSUtil (DFSUtil.java:httpServerTemplateForNNAndJN(1641)) - Starting Web-server for ozoneManager at: http://0.0.0.0:0
2019-10-17 02:18:37,028 [main] INFO  server.AuthenticationFilter (AuthenticationFilter.java:constructSecretProvider(240)) - Unable to initialize FileSignerSecretProvider, falling back to use random secrets.
2019-10-17 02:18:37,029 [main] WARN  http.HttpRequestLog (HttpRequestLog.java:getRequestLog(97)) - Jetty request log can only be enabled using Log4j
2019-10-17 02:18:37,032 [main] INFO  http.HttpServer2 (HttpServer2.java:addGlobalFilter(975)) - Added global filter 'safety' (class=org.apache.hadoop.http.HttpServer2$QuotingInputFilter)
2019-10-17 02:18:37,033 [main] INFO  http.HttpServer2 (HttpServer2.java:addFilter(948)) - Added filter static_user_filter (class=org.apache.hadoop.http.lib.StaticUserWebFilter$StaticUserFilter) to context ozoneManager
2019-10-17 02:18:37,034 [main] INFO  http.HttpServer2 (HttpServer2.java:addFilter(958)) - Added filter static_user_filter (class=org.apache.hadoop.http.lib.StaticUserWebFilter$StaticUserFilter) to context static
2019-10-17 02:18:37,034 [main] INFO  http.HttpServer2 (HttpServer2.java:addFilter(958)) - Added filter static_user_filter (class=org.apache.hadoop.http.lib.StaticUserWebFilter$StaticUserFilter) to context logs
2019-10-17 02:18:37,038 [main] INFO  http.HttpServer2 (HttpServer2.java:bindListener(1191)) - Jetty bound to port 38426
2019-10-17 02:18:37,038 [main] INFO  server.Server (Server.java:doStart(351)) - jetty-9.3.25.v20180904, build timestamp: 2018-09-04T21:11:46Z, git hash: 3ce520221d0240229c862b122d2b06c12a625732
2019-10-17 02:18:37,042 [main] INFO  handler.ContextHandler (ContextHandler.java:doStart(781)) - Started o.e.j.s.ServletContextHandler@7e46d648{/logs,file:///workdir/hadoop-ozone/tools/target/log,AVAILABLE}
2019-10-17 02:18:37,043 [main] INFO  handler.ContextHandler (ContextHandler.java:doStart(781)) - Started o.e.j.s.ServletContextHandler@2b0b4d53{/static,jar:file:/home/user/.m2/repository/org/apache/hadoop/hadoop-ozone-ozone-manager/0.5.0-SNAPSHOT/hadoop-ozone-ozone-manager-0.5.0-SNAPSHOT.jar!/webapps/static,AVAILABLE}
2019-10-17 02:18:37,113 [main] INFO  handler.ContextHandler (ContextHandler.java:doStart(781)) - Started o.e.j.w.WebAppContext@4bee18dc{/,file:///tmp/jetty-0.0.0.0-38426-ozoneManager-_-any-2300788743945829639.dir/webapp/,AVAILABLE}{/ozoneManager}
2019-10-17 02:18:37,114 [main] INFO  server.AbstractConnector (AbstractConnector.java:doStart(278)) - Started ServerConnector@44f3fe83{HTTP/1.1,[http/1.1]}{0.0.0.0:38426}
2019-10-17 02:18:37,114 [main] INFO  server.Server (Server.java:doStart(419)) - Started @4061ms
2019-10-17 02:18:37,115 [main] WARN  impl.MetricsSystemImpl (MetricsSystemImpl.java:register(276)) - Sink prometheus already exists!
2019-10-17 02:18:37,116 [main] INFO  server.BaseHttpServer (BaseHttpServer.java:updateConnectorAddress(215)) - HTTP server of OZONEMANAGER is listening at http://0.0.0.0:38426
2019-10-17 02:18:37,415 [main] INFO  impl.MetricsSystemImpl (MetricsSystemImpl.java:init(158)) - HddsDatanode metrics system started (again)
2019-10-17 02:18:37,460 [main] INFO  ozone.HddsDatanodeService (HddsDatanodeService.java:start(184)) - HddsDatanodeService host:pr-hdds-1868-g97gg-2149769003 ip:192.168.157.194
2019-10-17 02:18:37,492 [main] INFO  volume.HddsVolume (HddsVolume.java:<init>(176)) - Creating Volume: /workdir/hadoop-ozone/tools/target/test-dir/MiniOzoneClusterImpl-48d4d914-35c7-4cf3-b630-f98a64bbf180/datanode-0/data/containers/hdds of  storage type : DISK and capacity : 1482555576320
2019-10-17 02:18:37,494 [main] INFO  volume.VolumeSet (VolumeSet.java:initializeVolumeSet(170)) - Added Volume : /workdir/hadoop-ozone/tools/target/test-dir/MiniOzoneClusterImpl-48d4d914-35c7-4cf3-b630-f98a64bbf180/datanode-0/data/containers/hdds to VolumeSet
2019-10-17 02:18:37,497 [main] INFO  volume.ThrottledAsyncChecker (ThrottledAsyncChecker.java:schedule(141)) - Scheduling a check for /workdir/hadoop-ozone/tools/target/test-dir/MiniOzoneClusterImpl-48d4d914-35c7-4cf3-b630-f98a64bbf180/datanode-0/data/containers/hdds
2019-10-17 02:18:37,513 [main] INFO  volume.HddsVolumeChecker (HddsVolumeChecker.java:checkAllVolumes(204)) - Scheduled health check for volume /workdir/hadoop-ozone/tools/target/test-dir/MiniOzoneClusterImpl-48d4d914-35c7-4cf3-b630-f98a64bbf180/datanode-0/data/containers/hdds
2019-10-17 02:18:37,614 [main] INFO  impl.RaftServerProxy (ConfUtils.java:logGet(43)) - raft.rpc.type = GRPC (default)
2019-10-17 02:18:37,672 [main] INFO  grpc.GrpcFactory (GrpcFactory.java:checkPooledByteBufAllocatorUseCacheForAllThreads(45)) - PERFORMANCE WARNING: useCacheForAllThreads is true that may cause Netty to create a lot garbage objects and, as a result, trigger GC.
	It is recommended to disable useCacheForAllThreads by setting -Dorg.apache.ratis.thirdparty.io.netty.allocator.useCacheForAllThreads=false in command line.
2019-10-17 02:18:37,677 [main] INFO  grpc.GrpcConfigKeys$Server (ConfUtils.java:logGet(43)) - raft.grpc.server.port = 0 (default)
2019-10-17 02:18:37,678 [main] INFO  server.GrpcService (ConfUtils.java:logGet(43)) - raft.grpc.message.size.max = 33570816 (custom)
2019-10-17 02:18:37,679 [main] INFO  server.RaftServerConfigKeys (ConfUtils.java:logGet(43)) - raft.server.log.appender.buffer.byte-limit = 33554432 (custom)
2019-10-17 02:18:37,680 [main] INFO  server.GrpcService (ConfUtils.java:logGet(43)) - raft.grpc.flow.control.window = 1MB (=1048576) (default)
2019-10-17 02:18:37,681 [main] INFO  server.RaftServerConfigKeys (ConfUtils.java:logGet(43)) - raft.server.rpc.request.timeout = 3000ms (default)
2019-10-17 02:18:37,829 [main] INFO  server.RaftServerConfigKeys (ConfUtils.java:logGet(43)) - raft.server.storage.dir = [/workdir/hadoop-ozone/tools/target/test-dir/MiniOzoneClusterImpl-48d4d914-35c7-4cf3-b630-f98a64bbf180/datanode-0/data/ratis] (custom)
2019-10-17 02:18:37,874 [main] INFO  hdfs.DFSUtil (DFSUtil.java:httpServerTemplateForNNAndJN(1641)) - Starting Web-server for hddsDatanode at: http://0.0.0.0:0
2019-10-17 02:18:37,876 [main] INFO  server.AuthenticationFilter (AuthenticationFilter.java:constructSecretProvider(240)) - Unable to initialize FileSignerSecretProvider, falling back to use random secrets.
2019-10-17 02:18:37,876 [main] WARN  http.HttpRequestLog (HttpRequestLog.java:getRequestLog(97)) - Jetty request log can only be enabled using Log4j
2019-10-17 02:18:37,878 [main] INFO  http.HttpServer2 (HttpServer2.java:addGlobalFilter(975)) - Added global filter 'safety' (class=org.apache.hadoop.http.HttpServer2$QuotingInputFilter)
2019-10-17 02:18:37,878 [main] INFO  http.HttpServer2 (HttpServer2.java:addFilter(948)) - Added filter static_user_filter (class=org.apache.hadoop.http.lib.StaticUserWebFilter$StaticUserFilter) to context hddsDatanode
2019-10-17 02:18:37,879 [main] INFO  http.HttpServer2 (HttpServer2.java:addFilter(958)) - Added filter static_user_filter (class=org.apache.hadoop.http.lib.StaticUserWebFilter$StaticUserFilter) to context static
2019-10-17 02:18:37,879 [main] INFO  http.HttpServer2 (HttpServer2.java:addFilter(958)) - Added filter static_user_filter (class=org.apache.hadoop.http.lib.StaticUserWebFilter$StaticUserFilter) to context logs
2019-10-17 02:18:37,880 [main] INFO  http.HttpServer2 (HttpServer2.java:bindListener(1191)) - Jetty bound to port 45061
2019-10-17 02:18:37,880 [main] INFO  server.Server (Server.java:doStart(351)) - jetty-9.3.25.v20180904, build timestamp: 2018-09-04T21:11:46Z, git hash: 3ce520221d0240229c862b122d2b06c12a625732
2019-10-17 02:18:37,882 [main] INFO  handler.ContextHandler (ContextHandler.java:doStart(781)) - Started o.e.j.s.ServletContextHandler@de8039f{/logs,file:///workdir/hadoop-ozone/tools/target/log,AVAILABLE}
2019-10-17 02:18:37,883 [main] INFO  handler.ContextHandler (ContextHandler.java:doStart(781)) - Started o.e.j.s.ServletContextHandler@582a764a{/static,jar:file:/home/user/.m2/repository/org/apache/hadoop/hadoop-hdds-container-service/0.5.0-SNAPSHOT/hadoop-hdds-container-service-0.5.0-SNAPSHOT.jar!/webapps/static,AVAILABLE}
2019-10-17 02:18:37,912 [main] INFO  handler.ContextHandler (ContextHandler.java:doStart(781)) - Started o.e.j.w.WebAppContext@554f0dfb{/,file:///tmp/jetty-0.0.0.0-45061-hddsDatanode-_-any-2176510178288658628.dir/webapp/,AVAILABLE}{/hddsDatanode}
2019-10-17 02:18:37,912 [main] INFO  server.AbstractConnector (AbstractConnector.java:doStart(278)) - Started ServerConnector@1f7076bc{HTTP/1.1,[http/1.1]}{0.0.0.0:45061}
2019-10-17 02:18:37,913 [main] INFO  server.Server (Server.java:doStart(419)) - Started @4859ms
2019-10-17 02:18:37,914 [main] WARN  impl.MetricsSystemImpl (MetricsSystemImpl.java:register(276)) - Sink prometheus already exists!
2019-10-17 02:18:37,915 [main] INFO  server.BaseHttpServer (BaseHttpServer.java:updateConnectorAddress(215)) - HTTP server of HDDSDATANODE is listening at http://0.0.0.0:45061
2019-10-17 02:18:37,915 [main] INFO  impl.MetricsSystemImpl (MetricsSystemImpl.java:init(158)) - HddsDatanode metrics system started (again)
2019-10-17 02:18:37,917 [main] INFO  ozone.HddsDatanodeService (HddsDatanodeService.java:start(184)) - HddsDatanodeService host:pr-hdds-1868-g97gg-2149769003 ip:192.168.157.194
2019-10-17 02:18:37,920 [org.apache.hadoop.util.JvmPauseMonitor$Monitor@14012bdb] INFO  util.JvmPauseMonitor (JvmPauseMonitor.java:run(188)) - Starting JVM pause monitor
2019-10-17 02:18:37,927 [main] INFO  volume.HddsVolume (HddsVolume.java:<init>(176)) - Creating Volume: /workdir/hadoop-ozone/tools/target/test-dir/MiniOzoneClusterImpl-48d4d914-35c7-4cf3-b630-f98a64bbf180/datanode-1/data/containers/hdds of  storage type : DISK and capacity : 1482555576320
2019-10-17 02:18:37,928 [main] INFO  volume.VolumeSet (VolumeSet.java:initializeVolumeSet(170)) - Added Volume : /workdir/hadoop-ozone/tools/target/test-dir/MiniOzoneClusterImpl-48d4d914-35c7-4cf3-b630-f98a64bbf180/datanode-1/data/containers/hdds to VolumeSet
2019-10-17 02:18:37,928 [main] INFO  volume.ThrottledAsyncChecker (ThrottledAsyncChecker.java:schedule(141)) - Scheduling a check for /workdir/hadoop-ozone/tools/target/test-dir/MiniOzoneClusterImpl-48d4d914-35c7-4cf3-b630-f98a64bbf180/datanode-1/data/containers/hdds
2019-10-17 02:18:37,928 [main] INFO  volume.HddsVolumeChecker (HddsVolumeChecker.java:checkAllVolumes(204)) - Scheduled health check for volume /workdir/hadoop-ozone/tools/target/test-dir/MiniOzoneClusterImpl-48d4d914-35c7-4cf3-b630-f98a64bbf180/datanode-1/data/containers/hdds
2019-10-17 02:18:37,942 [main] INFO  impl.RaftServerProxy (ConfUtils.java:logGet(43)) - raft.rpc.type = GRPC (default)
2019-10-17 02:18:37,942 [main] INFO  grpc.GrpcFactory (GrpcFactory.java:checkPooledByteBufAllocatorUseCacheForAllThreads(45)) - PERFORMANCE WARNING: useCacheForAllThreads is true that may cause Netty to create a lot garbage objects and, as a result, trigger GC.
	It is recommended to disable useCacheForAllThreads by setting -Dorg.apache.ratis.thirdparty.io.netty.allocator.useCacheForAllThreads=false in command line.
2019-10-17 02:18:37,942 [main] INFO  grpc.GrpcConfigKeys$Server (ConfUtils.java:logGet(43)) - raft.grpc.server.port = 0 (default)
2019-10-17 02:18:37,942 [main] INFO  server.GrpcService (ConfUtils.java:logGet(43)) - raft.grpc.message.size.max = 33570816 (custom)
2019-10-17 02:18:37,943 [main] INFO  server.RaftServerConfigKeys (ConfUtils.java:logGet(43)) - raft.server.log.appender.buffer.byte-limit = 33554432 (custom)
2019-10-17 02:18:37,943 [main] INFO  server.GrpcService (ConfUtils.java:logGet(43)) - raft.grpc.flow.control.window = 1MB (=1048576) (default)
2019-10-17 02:18:37,943 [main] INFO  server.RaftServerConfigKeys (ConfUtils.java:logGet(43)) - raft.server.rpc.request.timeout = 3000ms (default)
2019-10-17 02:18:37,944 [main] INFO  server.RaftServerConfigKeys (ConfUtils.java:logGet(43)) - raft.server.storage.dir = [/workdir/hadoop-ozone/tools/target/test-dir/MiniOzoneClusterImpl-48d4d914-35c7-4cf3-b630-f98a64bbf180/datanode-1/data/ratis] (custom)
2019-10-17 02:18:37,945 [main] INFO  hdfs.DFSUtil (DFSUtil.java:httpServerTemplateForNNAndJN(1641)) - Starting Web-server for hddsDatanode at: http://0.0.0.0:0
2019-10-17 02:18:37,946 [main] INFO  server.AuthenticationFilter (AuthenticationFilter.java:constructSecretProvider(240)) - Unable to initialize FileSignerSecretProvider, falling back to use random secrets.
2019-10-17 02:18:37,947 [main] WARN  http.HttpRequestLog (HttpRequestLog.java:getRequestLog(97)) - Jetty request log can only be enabled using Log4j
2019-10-17 02:18:37,948 [main] INFO  http.HttpServer2 (HttpServer2.java:addGlobalFilter(975)) - Added global filter 'safety' (class=org.apache.hadoop.http.HttpServer2$QuotingInputFilter)
2019-10-17 02:18:37,949 [main] INFO  http.HttpServer2 (HttpServer2.java:addFilter(948)) - Added filter static_user_filter (class=org.apache.hadoop.http.lib.StaticUserWebFilter$StaticUserFilter) to context hddsDatanode
2019-10-17 02:18:37,949 [main] INFO  http.HttpServer2 (HttpServer2.java:addFilter(958)) - Added filter static_user_filter (class=org.apache.hadoop.http.lib.StaticUserWebFilter$StaticUserFilter) to context static
2019-10-17 02:18:37,949 [main] INFO  http.HttpServer2 (HttpServer2.java:addFilter(958)) - Added filter static_user_filter (class=org.apache.hadoop.http.lib.StaticUserWebFilter$StaticUserFilter) to context logs
2019-10-17 02:18:37,950 [main] INFO  http.HttpServer2 (HttpServer2.java:bindListener(1191)) - Jetty bound to port 38483
2019-10-17 02:18:37,950 [main] INFO  server.Server (Server.java:doStart(351)) - jetty-9.3.25.v20180904, build timestamp: 2018-09-04T21:11:46Z, git hash: 3ce520221d0240229c862b122d2b06c12a625732
2019-10-17 02:18:37,952 [main] INFO  handler.ContextHandler (ContextHandler.java:doStart(781)) - Started o.e.j.s.ServletContextHandler@1b1f5012{/logs,file:///workdir/hadoop-ozone/tools/target/log,AVAILABLE}
2019-10-17 02:18:37,953 [main] INFO  handler.ContextHandler (ContextHandler.java:doStart(781)) - Started o.e.j.s.ServletContextHandler@4a734c04{/static,jar:file:/home/user/.m2/repository/org/apache/hadoop/hadoop-hdds-container-service/0.5.0-SNAPSHOT/hadoop-hdds-container-service-0.5.0-SNAPSHOT.jar!/webapps/static,AVAILABLE}
2019-10-17 02:18:37,982 [main] INFO  handler.ContextHandler (ContextHandler.java:doStart(781)) - Started o.e.j.w.WebAppContext@262816a8{/,file:///tmp/jetty-0.0.0.0-38483-hddsDatanode-_-any-4188021761595314966.dir/webapp/,AVAILABLE}{/hddsDatanode}
2019-10-17 02:18:37,983 [main] INFO  server.AbstractConnector (AbstractConnector.java:doStart(278)) - Started ServerConnector@1effd53c{HTTP/1.1,[http/1.1]}{0.0.0.0:38483}
2019-10-17 02:18:37,983 [main] INFO  server.Server (Server.java:doStart(419)) - Started @4929ms
2019-10-17 02:18:37,983 [main] WARN  impl.MetricsSystemImpl (MetricsSystemImpl.java:register(276)) - Sink prometheus already exists!
2019-10-17 02:18:37,984 [main] INFO  server.BaseHttpServer (BaseHttpServer.java:updateConnectorAddress(215)) - HTTP server of HDDSDATANODE is listening at http://0.0.0.0:38483
2019-10-17 02:18:37,985 [main] INFO  impl.MetricsSystemImpl (MetricsSystemImpl.java:init(158)) - HddsDatanode metrics system started (again)
2019-10-17 02:18:37,987 [main] INFO  ozone.HddsDatanodeService (HddsDatanodeService.java:start(184)) - HddsDatanodeService host:pr-hdds-1868-g97gg-2149769003 ip:192.168.157.194
2019-10-17 02:18:37,987 [org.apache.hadoop.util.JvmPauseMonitor$Monitor@6b52ed02] INFO  util.JvmPauseMonitor (JvmPauseMonitor.java:run(188)) - Starting JVM pause monitor
2019-10-17 02:18:37,995 [main] INFO  volume.HddsVolume (HddsVolume.java:<init>(176)) - Creating Volume: /workdir/hadoop-ozone/tools/target/test-dir/MiniOzoneClusterImpl-48d4d914-35c7-4cf3-b630-f98a64bbf180/datanode-2/data/containers/hdds of  storage type : DISK and capacity : 1482555576320
2019-10-17 02:18:37,995 [main] INFO  volume.VolumeSet (VolumeSet.java:initializeVolumeSet(170)) - Added Volume : /workdir/hadoop-ozone/tools/target/test-dir/MiniOzoneClusterImpl-48d4d914-35c7-4cf3-b630-f98a64bbf180/datanode-2/data/containers/hdds to VolumeSet
2019-10-17 02:18:37,996 [main] INFO  volume.ThrottledAsyncChecker (ThrottledAsyncChecker.java:schedule(141)) - Scheduling a check for /workdir/hadoop-ozone/tools/target/test-dir/MiniOzoneClusterImpl-48d4d914-35c7-4cf3-b630-f98a64bbf180/datanode-2/data/containers/hdds
2019-10-17 02:18:37,996 [main] INFO  volume.HddsVolumeChecker (HddsVolumeChecker.java:checkAllVolumes(204)) - Scheduled health check for volume /workdir/hadoop-ozone/tools/target/test-dir/MiniOzoneClusterImpl-48d4d914-35c7-4cf3-b630-f98a64bbf180/datanode-2/data/containers/hdds
2019-10-17 02:18:38,009 [main] INFO  impl.RaftServerProxy (ConfUtils.java:logGet(43)) - raft.rpc.type = GRPC (default)
2019-10-17 02:18:38,009 [main] INFO  grpc.GrpcFactory (GrpcFactory.java:checkPooledByteBufAllocatorUseCacheForAllThreads(45)) - PERFORMANCE WARNING: useCacheForAllThreads is true that may cause Netty to create a lot garbage objects and, as a result, trigger GC.
	It is recommended to disable useCacheForAllThreads by setting -Dorg.apache.ratis.thirdparty.io.netty.allocator.useCacheForAllThreads=false in command line.
2019-10-17 02:18:38,010 [main] INFO  grpc.GrpcConfigKeys$Server (ConfUtils.java:logGet(43)) - raft.grpc.server.port = 0 (default)
2019-10-17 02:18:38,010 [main] INFO  server.GrpcService (ConfUtils.java:logGet(43)) - raft.grpc.message.size.max = 33570816 (custom)
2019-10-17 02:18:38,010 [main] INFO  server.RaftServerConfigKeys (ConfUtils.java:logGet(43)) - raft.server.log.appender.buffer.byte-limit = 33554432 (custom)
2019-10-17 02:18:38,010 [main] INFO  server.GrpcService (ConfUtils.java:logGet(43)) - raft.grpc.flow.control.window = 1MB (=1048576) (default)
2019-10-17 02:18:38,010 [main] INFO  server.RaftServerConfigKeys (ConfUtils.java:logGet(43)) - raft.server.rpc.request.timeout = 3000ms (default)
2019-10-17 02:18:38,011 [main] INFO  server.RaftServerConfigKeys (ConfUtils.java:logGet(43)) - raft.server.storage.dir = [/workdir/hadoop-ozone/tools/target/test-dir/MiniOzoneClusterImpl-48d4d914-35c7-4cf3-b630-f98a64bbf180/datanode-2/data/ratis] (custom)
2019-10-17 02:18:38,013 [main] INFO  hdfs.DFSUtil (DFSUtil.java:httpServerTemplateForNNAndJN(1641)) - Starting Web-server for hddsDatanode at: http://0.0.0.0:0
2019-10-17 02:18:38,014 [main] INFO  server.AuthenticationFilter (AuthenticationFilter.java:constructSecretProvider(240)) - Unable to initialize FileSignerSecretProvider, falling back to use random secrets.
2019-10-17 02:18:38,014 [main] WARN  http.HttpRequestLog (HttpRequestLog.java:getRequestLog(97)) - Jetty request log can only be enabled using Log4j
2019-10-17 02:18:38,016 [main] INFO  http.HttpServer2 (HttpServer2.java:addGlobalFilter(975)) - Added global filter 'safety' (class=org.apache.hadoop.http.HttpServer2$QuotingInputFilter)
2019-10-17 02:18:38,017 [main] INFO  http.HttpServer2 (HttpServer2.java:addFilter(948)) - Added filter static_user_filter (class=org.apache.hadoop.http.lib.StaticUserWebFilter$StaticUserFilter) to context hddsDatanode
2019-10-17 02:18:38,017 [main] INFO  http.HttpServer2 (HttpServer2.java:addFilter(958)) - Added filter static_user_filter (class=org.apache.hadoop.http.lib.StaticUserWebFilter$StaticUserFilter) to context logs
2019-10-17 02:18:38,017 [main] INFO  http.HttpServer2 (HttpServer2.java:addFilter(958)) - Added filter static_user_filter (class=org.apache.hadoop.http.lib.StaticUserWebFilter$StaticUserFilter) to context static
2019-10-17 02:18:38,018 [main] INFO  http.HttpServer2 (HttpServer2.java:bindListener(1191)) - Jetty bound to port 34539
2019-10-17 02:18:38,018 [main] INFO  server.Server (Server.java:doStart(351)) - jetty-9.3.25.v20180904, build timestamp: 2018-09-04T21:11:46Z, git hash: 3ce520221d0240229c862b122d2b06c12a625732
2019-10-17 02:18:38,021 [main] INFO  handler.ContextHandler (ContextHandler.java:doStart(781)) - Started o.e.j.s.ServletContextHandler@352c44a8{/logs,file:///workdir/hadoop-ozone/tools/target/log,AVAILABLE}
2019-10-17 02:18:38,022 [main] INFO  handler.ContextHandler (ContextHandler.java:doStart(781)) - Started o.e.j.s.ServletContextHandler@a66e580{/static,jar:file:/home/user/.m2/repository/org/apache/hadoop/hadoop-hdds-container-service/0.5.0-SNAPSHOT/hadoop-hdds-container-service-0.5.0-SNAPSHOT.jar!/webapps/static,AVAILABLE}
2019-10-17 02:18:38,023 [Datanode State Machine Thread - 0] INFO  datanode.InitDatanodeState (InitDatanodeState.java:persistContainerDatanodeDetails(140)) - DatanodeDetails is persisted to /workdir/hadoop-ozone/tools/target/test-dir/MiniOzoneClusterImpl-48d4d914-35c7-4cf3-b630-f98a64bbf180/datanode-0/meta/datanode.id
2019-10-17 02:18:38,027 [Datanode State Machine Thread - 0] INFO  datanode.InitDatanodeState (InitDatanodeState.java:persistContainerDatanodeDetails(140)) - DatanodeDetails is persisted to /workdir/hadoop-ozone/tools/target/test-dir/MiniOzoneClusterImpl-48d4d914-35c7-4cf3-b630-f98a64bbf180/datanode-1/meta/datanode.id
2019-10-17 02:18:38,059 [main] INFO  handler.ContextHandler (ContextHandler.java:doStart(781)) - Started o.e.j.w.WebAppContext@cb7fa71{/,file:///tmp/jetty-0.0.0.0-34539-hddsDatanode-_-any-7692156506696048381.dir/webapp/,AVAILABLE}{/hddsDatanode}
2019-10-17 02:18:38,060 [main] INFO  server.AbstractConnector (AbstractConnector.java:doStart(278)) - Started ServerConnector@3dffc764{HTTP/1.1,[http/1.1]}{0.0.0.0:34539}
2019-10-17 02:18:38,061 [main] INFO  server.Server (Server.java:doStart(419)) - Started @5007ms
2019-10-17 02:18:38,063 [main] WARN  impl.MetricsSystemImpl (MetricsSystemImpl.java:register(276)) - Sink prometheus already exists!
2019-10-17 02:18:38,064 [main] INFO  server.BaseHttpServer (BaseHttpServer.java:updateConnectorAddress(215)) - HTTP server of HDDSDATANODE is listening at http://0.0.0.0:34539
2019-10-17 02:18:38,065 [main] INFO  ozone.MiniOzoneClusterImpl (MiniOzoneClusterImpl.java:lambda$waitForClusterToBeReady$2(172)) - Waiting for cluster to be ready. Got 0 of 3 DN Heartbeats.
2019-10-17 02:18:38,067 [org.apache.hadoop.util.JvmPauseMonitor$Monitor@3a9ad7c5] INFO  util.JvmPauseMonitor (JvmPauseMonitor.java:run(188)) - Starting JVM pause monitor
2019-10-17 02:18:38,069 [Datanode State Machine Thread - 0] INFO  datanode.InitDatanodeState (InitDatanodeState.java:persistContainerDatanodeDetails(140)) - DatanodeDetails is persisted to /workdir/hadoop-ozone/tools/target/test-dir/MiniOzoneClusterImpl-48d4d914-35c7-4cf3-b630-f98a64bbf180/datanode-2/meta/datanode.id
2019-10-17 02:18:39,066 [main] INFO  ozone.MiniOzoneClusterImpl (MiniOzoneClusterImpl.java:lambda$waitForClusterToBeReady$2(172)) - Waiting for cluster to be ready. Got 0 of 3 DN Heartbeats.
2019-10-17 02:18:40,009 [Datanode State Machine Thread - 0] INFO  ozoneimpl.OzoneContainer (OzoneContainer.java:start(213)) - Attempting to start container services.
2019-10-17 02:18:40,009 [Datanode State Machine Thread - 0] INFO  ozoneimpl.OzoneContainer (OzoneContainer.java:start(213)) - Attempting to start container services.
2019-10-17 02:18:40,012 [Datanode State Machine Thread - 0] INFO  ozoneimpl.OzoneContainer (OzoneContainer.java:startContainerScrub(177)) - Background container scanner has been disabled.
2019-10-17 02:18:40,012 [Datanode State Machine Thread - 0] INFO  ozoneimpl.OzoneContainer (OzoneContainer.java:startContainerScrub(177)) - Background container scanner has been disabled.
2019-10-17 02:18:40,012 [Datanode State Machine Thread - 0] INFO  ratis.XceiverServerRatis (XceiverServerRatis.java:start(424)) - Starting XceiverServerRatis bf166244-8880-4b0f-9be5-11fb29082dcb at port 0
2019-10-17 02:18:40,012 [Datanode State Machine Thread - 0] INFO  ratis.XceiverServerRatis (XceiverServerRatis.java:start(424)) - Starting XceiverServerRatis 33d40637-531b-47e9-8a2e-802b577efd6f at port 0
2019-10-17 02:18:40,039 [Datanode State Machine Thread - 0] INFO  impl.RaftServerProxy (RaftServerProxy.java:lambda$start$3(299)) - bf166244-8880-4b0f-9be5-11fb29082dcb: start RPC server
2019-10-17 02:18:40,039 [Datanode State Machine Thread - 0] INFO  impl.RaftServerProxy (RaftServerProxy.java:lambda$start$3(299)) - 33d40637-531b-47e9-8a2e-802b577efd6f: start RPC server
2019-10-17 02:18:40,066 [main] INFO  ozone.MiniOzoneClusterImpl (MiniOzoneClusterImpl.java:lambda$waitForClusterToBeReady$2(172)) - Waiting for cluster to be ready. Got 0 of 3 DN Heartbeats.
2019-10-17 02:18:40,082 [Datanode State Machine Thread - 0] INFO  ozoneimpl.OzoneContainer (OzoneContainer.java:start(213)) - Attempting to start container services.
2019-10-17 02:18:40,086 [Datanode State Machine Thread - 0] INFO  ozoneimpl.OzoneContainer (OzoneContainer.java:startContainerScrub(177)) - Background container scanner has been disabled.
2019-10-17 02:18:40,086 [Datanode State Machine Thread - 0] INFO  ratis.XceiverServerRatis (XceiverServerRatis.java:start(424)) - Starting XceiverServerRatis 389ddf04-1777-44a1-860a-c678eeab2358 at port 0
2019-10-17 02:18:40,096 [Datanode State Machine Thread - 0] INFO  impl.RaftServerProxy (RaftServerProxy.java:lambda$start$3(299)) - 389ddf04-1777-44a1-860a-c678eeab2358: start RPC server
2019-10-17 02:18:40,167 [Datanode State Machine Thread - 0] INFO  server.GrpcService (GrpcService.java:startImpl(158)) - bf166244-8880-4b0f-9be5-11fb29082dcb: GrpcService started, listening on 0.0.0.0/0.0.0.0:44285
2019-10-17 02:18:40,167 [Datanode State Machine Thread - 0] INFO  server.GrpcService (GrpcService.java:startImpl(158)) - 33d40637-531b-47e9-8a2e-802b577efd6f: GrpcService started, listening on 0.0.0.0/0.0.0.0:40644
2019-10-17 02:18:40,167 [Datanode State Machine Thread - 0] INFO  server.GrpcService (GrpcService.java:startImpl(158)) - 389ddf04-1777-44a1-860a-c678eeab2358: GrpcService started, listening on 0.0.0.0/0.0.0.0:44119
2019-10-17 02:18:40,168 [Datanode State Machine Thread - 0] INFO  ratis.XceiverServerRatis (XceiverServerRatis.java:start(434)) - XceiverServerRatis 33d40637-531b-47e9-8a2e-802b577efd6f is started using port 40644
2019-10-17 02:18:40,168 [Datanode State Machine Thread - 0] INFO  ratis.XceiverServerRatis (XceiverServerRatis.java:start(434)) - XceiverServerRatis bf166244-8880-4b0f-9be5-11fb29082dcb is started using port 44285
2019-10-17 02:18:40,168 [Datanode State Machine Thread - 0] INFO  ratis.XceiverServerRatis (XceiverServerRatis.java:start(434)) - XceiverServerRatis 389ddf04-1777-44a1-860a-c678eeab2358 is started using port 44119
2019-10-17 02:18:40,172 [Datanode State Machine Thread - 0] INFO  server.XceiverServerGrpc (XceiverServerGrpc.java:start(149)) - XceiverServerGrpc 389ddf04-1777-44a1-860a-c678eeab2358 is started using port 37346
2019-10-17 02:18:40,173 [Datanode State Machine Thread - 0] INFO  server.XceiverServerGrpc (XceiverServerGrpc.java:start(149)) - XceiverServerGrpc 33d40637-531b-47e9-8a2e-802b577efd6f is started using port 44519
2019-10-17 02:18:40,172 [Datanode State Machine Thread - 0] INFO  server.XceiverServerGrpc (XceiverServerGrpc.java:start(149)) - XceiverServerGrpc bf166244-8880-4b0f-9be5-11fb29082dcb is started using port 38199
2019-10-17 02:18:41,066 [main] INFO  ozone.MiniOzoneClusterImpl (MiniOzoneClusterImpl.java:lambda$waitForClusterToBeReady$2(172)) - Waiting for cluster to be ready. Got 0 of 3 DN Heartbeats.
2019-10-17 02:18:41,958 [IPC Server handler 0 on 33730] INFO  net.NetworkTopology (NetworkTopologyImpl.java:add(111)) - Added a new node: /default-rack/33d40637-531b-47e9-8a2e-802b577efd6f
2019-10-17 02:18:41,959 [IPC Server handler 0 on 33730] INFO  node.SCMNodeManager (SCMNodeManager.java:register(268)) - Registered Data node : 33d40637-531b-47e9-8a2e-802b577efd6f{ip: 192.168.157.194, host: pr-hdds-1868-g97gg-2149769003, networkLocation: /default-rack, certSerialId: null}
2019-10-17 02:18:41,962 [EventQueue-NodeRegistrationContainerReportForDataNodeSafeModeRule] INFO  safemode.SCMSafeModeManager (DataNodeSafeModeRule.java:process(71)) - SCM in safe mode. 1 DataNodes registered, 1 required.
2019-10-17 02:18:41,962 [EventQueue-NodeRegistrationContainerReportForDataNodeSafeModeRule] INFO  safemode.SCMSafeModeManager (SCMSafeModeManager.java:validateSafeModeExitRules(177)) - ScmSafeModeManager, all rules are successfully validated
2019-10-17 02:18:41,962 [EventQueue-NodeRegistrationContainerReportForDataNodeSafeModeRule] INFO  safemode.SCMSafeModeManager (SCMSafeModeManager.java:exitSafeMode(193)) - SCM exiting safe mode.
2019-10-17 02:18:41,990 [IPC Server handler 1 on 33730] INFO  net.NetworkTopology (NetworkTopologyImpl.java:add(111)) - Added a new node: /default-rack/bf166244-8880-4b0f-9be5-11fb29082dcb
2019-10-17 02:18:41,991 [IPC Server handler 1 on 33730] INFO  node.SCMNodeManager (SCMNodeManager.java:register(268)) - Registered Data node : bf166244-8880-4b0f-9be5-11fb29082dcb{ip: 192.168.157.194, host: pr-hdds-1868-g97gg-2149769003, networkLocation: /default-rack, certSerialId: null}
2019-10-17 02:18:42,069 [IPC Server handler 3 on 33730] INFO  net.NetworkTopology (NetworkTopologyImpl.java:add(111)) - Added a new node: /default-rack/389ddf04-1777-44a1-860a-c678eeab2358
2019-10-17 02:18:42,070 [IPC Server handler 3 on 33730] INFO  node.SCMNodeManager (SCMNodeManager.java:register(268)) - Registered Data node : 389ddf04-1777-44a1-860a-c678eeab2358{ip: 192.168.157.194, host: pr-hdds-1868-g97gg-2149769003, networkLocation: /default-rack, certSerialId: null}
2019-10-17 02:18:42,426 [grpc-default-executor-0] INFO  impl.RaftServerProxy (RaftServerProxy.java:addNew(89)) - 33d40637-531b-47e9-8a2e-802b577efd6f: addNew group-561EE7A679D1:[33d40637-531b-47e9-8a2e-802b577efd6f:192.168.157.194:40644] returns group-561EE7A679D1:java.util.concurrent.CompletableFuture@73f26480[Not completed]
2019-10-17 02:18:42,442 [pool-27-thread-1] INFO  impl.RaftServerImpl (RaftServerImpl.java:<init>(104)) - 33d40637-531b-47e9-8a2e-802b577efd6f: new RaftServerImpl for group-561EE7A679D1:[33d40637-531b-47e9-8a2e-802b577efd6f:192.168.157.194:40644] with ContainerStateMachine:uninitialized
2019-10-17 02:18:42,444 [pool-27-thread-1] INFO  server.RaftServerConfigKeys (ConfUtils.java:logGet(43)) - raft.server.rpc.timeout.min = 5s (custom)
2019-10-17 02:18:42,445 [pool-27-thread-1] INFO  server.RaftServerConfigKeys (ConfUtils.java:logGet(43)) - raft.server.rpc.timeout.max = 5200ms (custom)
2019-10-17 02:18:42,446 [pool-27-thread-1] INFO  server.RaftServerConfigKeys (ConfUtils.java:logGet(43)) - raft.server.rpcslowness.timeout = 120s (custom)
2019-10-17 02:18:42,446 [pool-27-thread-1] INFO  server.RaftServerConfigKeys (ConfUtils.java:logGet(43)) - raft.server.sleep.deviation.threshold = 300 (default)
2019-10-17 02:18:42,447 [pool-27-thread-1] INFO  server.RaftServerConfigKeys (ConfUtils.java:logGet(43)) - raft.server.log.appender.install.snapshot.enabled = false (custom)
2019-10-17 02:18:42,457 [pool-27-thread-1] INFO  impl.RaftServerImpl (ServerState.java:<init>(103)) - 33d40637-531b-47e9-8a2e-802b577efd6f@group-561EE7A679D1: ConfigurationManager, init=-1: [33d40637-531b-47e9-8a2e-802b577efd6f:192.168.157.194:40644], old=null, confs=<EMPTY_MAP>
2019-10-17 02:18:42,459 [pool-27-thread-1] INFO  server.RaftServerConfigKeys (ConfUtils.java:logGet(43)) - raft.server.storage.dir = [/workdir/hadoop-ozone/tools/target/test-dir/MiniOzoneClusterImpl-48d4d914-35c7-4cf3-b630-f98a64bbf180/datanode-0/data/ratis] (custom)
2019-10-17 02:18:42,467 [pool-27-thread-1] INFO  server.RaftServerConfigKeys (ConfUtils.java:logGet(43)) - raft.server.log.corruption.policy = EXCEPTION (default)
2019-10-17 02:18:42,470 [pool-27-thread-1] INFO  storage.RaftStorageDirectory (RaftStorageDirectory.java:analyzeStorage(246)) - The storage directory /workdir/hadoop-ozone/tools/target/test-dir/MiniOzoneClusterImpl-48d4d914-35c7-4cf3-b630-f98a64bbf180/datanode-0/data/ratis/4d3c0ceb-4fa4-4465-9b92-561ee7a679d1 does not exist. Creating ...
2019-10-17 02:18:42,500 [pool-27-thread-1] INFO  storage.RaftStorageDirectory (RaftStorageDirectory.java:tryLock(328)) - Lock on /workdir/hadoop-ozone/tools/target/test-dir/MiniOzoneClusterImpl-48d4d914-35c7-4cf3-b630-f98a64bbf180/datanode-0/data/ratis/4d3c0ceb-4fa4-4465-9b92-561ee7a679d1/in_use.lock acquired by nodename 7295@pr-hdds-1868-g97gg-2149769003
2019-10-17 02:18:42,527 [pool-27-thread-1] INFO  storage.RaftStorage (RaftStorage.java:format(84)) - Storage directory /workdir/hadoop-ozone/tools/target/test-dir/MiniOzoneClusterImpl-48d4d914-35c7-4cf3-b630-f98a64bbf180/datanode-0/data/ratis/4d3c0ceb-4fa4-4465-9b92-561ee7a679d1 has been successfully formatted.
2019-10-17 02:18:42,530 [pool-27-thread-1] INFO  ratis.ContainerStateMachine (ContainerStateMachine.java:loadSnapshot(233)) - group-561EE7A679D1: The snapshot info is null. Setting the last applied indexto:(t:0, i:~)
2019-10-17 02:18:42,530 [pool-27-thread-1] INFO  server.RaftServerConfigKeys (ConfUtils.java:logGet(43)) - raft.server.notification.no-leader.timeout = 120s (custom)
2019-10-17 02:18:42,532 [pool-27-thread-1] INFO  server.RaftServerConfigKeys (ConfUtils.java:logGet(43)) - raft.server.log.use.memory = false (default)
2019-10-17 02:18:42,537 [pool-27-thread-1] INFO  server.RaftServerConfigKeys (ConfUtils.java:logGet(43)) - raft.server.log.purge.gap = 1000000 (custom)
2019-10-17 02:18:42,537 [pool-27-thread-1] INFO  server.RaftServerConfigKeys (ConfUtils.java:logGet(43)) - raft.server.log.appender.buffer.byte-limit = 33554432 (custom)
2019-10-17 02:18:42,539 [pool-27-thread-1] INFO  server.RaftServerConfigKeys (ConfUtils.java:logGet(43)) - raft.server.log.segment.size.max = 1048576 (custom)
2019-10-17 02:18:42,541 [pool-27-thread-1] INFO  impl.MetricsSystemImpl (MetricsSystemImpl.java:init(158)) - ratis metrics system started (again)
2019-10-17 02:18:42,544 [pool-27-thread-1] INFO  metrics.MetricRegistries (MetricRegistriesLoader.java:load(64)) - Loaded MetricRegistries class org.apache.ratis.metrics.impl.MetricRegistriesImpl
2019-10-17 02:18:42,579 [pool-27-thread-1] INFO  server.RaftServerConfigKeys (ConfUtils.java:logGet(43)) - raft.server.log.segment.cache.num.max = 2 (custom)
2019-10-17 02:18:42,583 [pool-27-thread-1] INFO  segmented.SegmentedRaftLogWorker (SegmentedRaftLogWorker.java:<init>(173)) - new 33d40637-531b-47e9-8a2e-802b577efd6f@group-561EE7A679D1-SegmentedRaftLogWorker for RaftStorage:Storage Directory /workdir/hadoop-ozone/tools/target/test-dir/MiniOzoneClusterImpl-48d4d914-35c7-4cf3-b630-f98a64bbf180/datanode-0/data/ratis/4d3c0ceb-4fa4-4465-9b92-561ee7a679d1
2019-10-17 02:18:42,584 [pool-27-thread-1] INFO  server.RaftServerConfigKeys (ConfUtils.java:logGet(43)) - raft.server.log.queue.byte-limit = 2147483647 (custom)
2019-10-17 02:18:42,584 [pool-27-thread-1] INFO  server.RaftServerConfigKeys (ConfUtils.java:logGet(43)) - raft.server.log.queue.element-limit = 1024 (custom)
2019-10-17 02:18:42,585 [pool-27-thread-1] INFO  server.RaftServerConfigKeys (ConfUtils.java:logGet(43)) - raft.server.log.segment.size.max = 1048576 (custom)
2019-10-17 02:18:42,585 [pool-27-thread-1] INFO  server.RaftServerConfigKeys (ConfUtils.java:logGet(43)) - raft.server.log.preallocated.size = 16384 (custom)
2019-10-17 02:18:42,586 [pool-27-thread-1] INFO  server.RaftServerConfigKeys (ConfUtils.java:logGet(43)) - raft.server.log.write.buffer.size = 33554432 (custom)
2019-10-17 02:18:42,586 [pool-27-thread-1] INFO  server.RaftServerConfigKeys (ConfUtils.java:logGet(43)) - raft.server.log.force.sync.num = 128 (default)
2019-10-17 02:18:42,587 [pool-27-thread-1] INFO  server.RaftServerConfigKeys (ConfUtils.java:logGet(43)) - raft.server.log.statemachine.data.sync = true (default)
2019-10-17 02:18:42,587 [pool-27-thread-1] INFO  server.RaftServerConfigKeys (ConfUtils.java:logGet(43)) - raft.server.log.statemachine.data.sync.timeout = 10s (default)
2019-10-17 02:18:42,588 [pool-27-thread-1] INFO  server.RaftServerConfigKeys (ConfUtils.java:logGet(43)) - raft.server.log.statemachine.data.sync.timeout.retry = -1 (default)
2019-10-17 02:18:42,599 [pool-27-thread-1] INFO  server.RaftServerConfigKeys (ConfUtils.java:logGet(43)) - raft.server.log.statemachine.data.caching.enabled = true (custom)
2019-10-17 02:18:42,603 [pool-27-thread-1] INFO  segmented.SegmentedRaftLogWorker (SegmentedRaftLogWorker.java:lambda$new$0(128)) - 33d40637-531b-47e9-8a2e-802b577efd6f@group-561EE7A679D1-SegmentedRaftLogWorker: flushIndex: setUnconditionally 0 -> -1
2019-10-17 02:18:42,607 [pool-27-thread-1] INFO  server.RaftServerConfigKeys (ConfUtils.java:logGet(43)) - raft.server.snapshot.auto.trigger.enabled = true (custom)
2019-10-17 02:18:42,608 [pool-27-thread-1] INFO  server.RaftServerConfigKeys (ConfUtils.java:logGet(43)) - raft.server.snapshot.auto.trigger.threshold = 10000 (custom)
2019-10-17 02:18:42,608 [pool-27-thread-1] INFO  server.RaftServerConfigKeys (ConfUtils.java:logGet(43)) - raft.server.snapshot.retention.file.num = 5 (custom)
2019-10-17 02:18:42,609 [pool-27-thread-1] INFO  server.RaftServerConfigKeys (ConfUtils.java:logGet(43)) - raft.server.retrycache.expirytime = 600000ms (custom)
2019-10-17 02:18:42,633 [pool-27-thread-1] INFO  impl.RaftServerImpl (RaftServerImpl.java:start(195)) - 33d40637-531b-47e9-8a2e-802b577efd6f@group-561EE7A679D1: start as a follower, conf=-1: [33d40637-531b-47e9-8a2e-802b577efd6f:192.168.157.194:40644], old=null
2019-10-17 02:18:42,634 [pool-27-thread-1] INFO  impl.RaftServerImpl (RaftServerImpl.java:setRole(184)) - 33d40637-531b-47e9-8a2e-802b577efd6f@group-561EE7A679D1: changes role from      null to FOLLOWER at term 0 for startAsFollower
2019-10-17 02:18:42,635 [pool-27-thread-1] INFO  impl.RoleInfo (RoleInfo.java:updateAndGet(143)) - 33d40637-531b-47e9-8a2e-802b577efd6f: start FollowerState
2019-10-17 02:18:42,637 [pool-27-thread-1] INFO  util.JmxRegister (JmxRegister.java:tryRegister(44)) - Successfully registered JMX Bean with object name Ratis:service=RaftServer,group=group-561EE7A679D1,id=33d40637-531b-47e9-8a2e-802b577efd6f
2019-10-17 02:18:42,674 [Thread-180] INFO  impl.FollowerState (FollowerState.java:run(108)) - 33d40637-531b-47e9-8a2e-802b577efd6f@group-561EE7A679D1-FollowerState: change to CANDIDATE, lastRpcTime:38ms, electionTimeout:38ms
2019-10-17 02:18:42,678 [Thread-180] INFO  impl.RoleInfo (RoleInfo.java:shutdownFollowerState(121)) - 33d40637-531b-47e9-8a2e-802b577efd6f: shutdown FollowerState
2019-10-17 02:18:42,679 [Thread-180] INFO  impl.RaftServerImpl (RaftServerImpl.java:setRole(184)) - 33d40637-531b-47e9-8a2e-802b577efd6f@group-561EE7A679D1: changes role from  FOLLOWER to CANDIDATE at term 0 for changeToCandidate
2019-10-17 02:18:42,685 [Thread-180] INFO  impl.RoleInfo (RoleInfo.java:updateAndGet(143)) - 33d40637-531b-47e9-8a2e-802b577efd6f: start LeaderElection
2019-10-17 02:18:42,695 [33d40637-531b-47e9-8a2e-802b577efd6f@group-561EE7A679D1-LeaderElection1] INFO  impl.LeaderElection (LeaderElection.java:askForVotes(178)) - 33d40637-531b-47e9-8a2e-802b577efd6f@group-561EE7A679D1-LeaderElection1: begin an election at term 1 for -1: [33d40637-531b-47e9-8a2e-802b577efd6f:192.168.157.194:40644], old=null
2019-10-17 02:18:42,697 [33d40637-531b-47e9-8a2e-802b577efd6f@group-561EE7A679D1-LeaderElection1] INFO  impl.RoleInfo (RoleInfo.java:shutdownLeaderElection(134)) - 33d40637-531b-47e9-8a2e-802b577efd6f: shutdown LeaderElection
2019-10-17 02:18:42,698 [33d40637-531b-47e9-8a2e-802b577efd6f@group-561EE7A679D1-LeaderElection1] INFO  impl.RaftServerImpl (RaftServerImpl.java:setRole(184)) - 33d40637-531b-47e9-8a2e-802b577efd6f@group-561EE7A679D1: changes role from CANDIDATE to LEADER at term 1 for changeToLeader
2019-10-17 02:18:42,698 [33d40637-531b-47e9-8a2e-802b577efd6f@group-561EE7A679D1-LeaderElection1] INFO  ratis.XceiverServerRatis (XceiverServerRatis.java:handleLeaderChangedNotification(699)) - Leader change notification received for group: group-561EE7A679D1 with new leaderId: 33d40637-531b-47e9-8a2e-802b577efd6f
2019-10-17 02:18:42,701 [33d40637-531b-47e9-8a2e-802b577efd6f@group-561EE7A679D1-LeaderElection1] INFO  impl.RaftServerImpl (ServerState.java:setLeader(256)) - 33d40637-531b-47e9-8a2e-802b577efd6f@group-561EE7A679D1: change Leader from null to 33d40637-531b-47e9-8a2e-802b577efd6f at term 1 for becomeLeader, leader elected after 167ms
2019-10-17 02:18:42,705 [RatisPipelineUtilsThread] INFO  pipeline.PipelineStateManager (PipelineStateManager.java:addPipeline(55)) - Created pipeline Pipeline[ Id: 4d3c0ceb-4fa4-4465-9b92-561ee7a679d1, Nodes: 33d40637-531b-47e9-8a2e-802b577efd6f{ip: 192.168.157.194, host: pr-hdds-1868-g97gg-2149769003, networkLocation: /default-rack, certSerialId: null}, Type:RATIS, Factor:ONE, State:ALLOCATED]
2019-10-17 02:18:42,707 [33d40637-531b-47e9-8a2e-802b577efd6f@group-561EE7A679D1-LeaderElection1] INFO  server.RaftServerConfigKeys (ConfUtils.java:logGet(43)) - raft.server.staging.catchup.gap = 1000 (default)
2019-10-17 02:18:42,707 [33d40637-531b-47e9-8a2e-802b577efd6f@group-561EE7A679D1-LeaderElection1] INFO  server.RaftServerConfigKeys (ConfUtils.java:logGet(43)) - raft.server.rpc.sleep.time = 25ms (default)
2019-10-17 02:18:42,713 [33d40637-531b-47e9-8a2e-802b577efd6f@group-561EE7A679D1-LeaderElection1] INFO  server.RaftServerConfigKeys (ConfUtils.java:logGet(43)) - raft.server.write.element-limit = 4096 (default)
2019-10-17 02:18:42,718 [33d40637-531b-47e9-8a2e-802b577efd6f@group-561EE7A679D1-LeaderElection1] INFO  server.RaftServerConfigKeys (ConfUtils.java:logGet(43)) - raft.server.watch.timeout = 10s (default)
2019-10-17 02:18:42,718 [33d40637-531b-47e9-8a2e-802b577efd6f@group-561EE7A679D1-LeaderElection1] INFO  server.RaftServerConfigKeys (ConfUtils.java:logGet(43)) - raft.server.watch.timeout.denomination = 1s (default)
2019-10-17 02:18:42,719 [33d40637-531b-47e9-8a2e-802b577efd6f@group-561EE7A679D1-LeaderElection1] INFO  server.RaftServerConfigKeys (ConfUtils.java:logGet(43)) - raft.server.watch.element-limit = 65536 (default)
2019-10-17 02:18:42,725 [grpc-default-executor-0] INFO  impl.RaftServerProxy (RaftServerProxy.java:addNew(89)) - bf166244-8880-4b0f-9be5-11fb29082dcb: addNew group-B1BFDD9519A8:[bf166244-8880-4b0f-9be5-11fb29082dcb:192.168.157.194:44285] returns group-B1BFDD9519A8:java.util.concurrent.CompletableFuture@484b4de[Not completed]
2019-10-17 02:18:42,755 [pool-37-thread-1] INFO  impl.RaftServerImpl (RaftServerImpl.java:<init>(104)) - bf166244-8880-4b0f-9be5-11fb29082dcb: new RaftServerImpl for group-B1BFDD9519A8:[bf166244-8880-4b0f-9be5-11fb29082dcb:192.168.157.194:44285] with ContainerStateMachine:uninitialized
2019-10-17 02:18:42,756 [pool-37-thread-1] INFO  server.RaftServerConfigKeys (ConfUtils.java:logGet(43)) - raft.server.rpc.timeout.min = 5s (custom)
2019-10-17 02:18:42,756 [pool-37-thread-1] INFO  server.RaftServerConfigKeys (ConfUtils.java:logGet(43)) - raft.server.rpc.timeout.max = 5200ms (custom)
2019-10-17 02:18:42,757 [pool-37-thread-1] INFO  server.RaftServerConfigKeys (ConfUtils.java:logGet(43)) - raft.server.rpcslowness.timeout = 120s (custom)
2019-10-17 02:18:42,757 [pool-37-thread-1] INFO  server.RaftServerConfigKeys (ConfUtils.java:logGet(43)) - raft.server.sleep.deviation.threshold = 300 (default)
2019-10-17 02:18:42,757 [pool-37-thread-1] INFO  server.RaftServerConfigKeys (ConfUtils.java:logGet(43)) - raft.server.log.appender.install.snapshot.enabled = false (custom)
2019-10-17 02:18:42,757 [pool-37-thread-1] INFO  impl.RaftServerImpl (ServerState.java:<init>(103)) - bf166244-8880-4b0f-9be5-11fb29082dcb@group-B1BFDD9519A8: ConfigurationManager, init=-1: [bf166244-8880-4b0f-9be5-11fb29082dcb:192.168.157.194:44285], old=null, confs=<EMPTY_MAP>
2019-10-17 02:18:42,757 [pool-37-thread-1] INFO  server.RaftServerConfigKeys (ConfUtils.java:logGet(43)) - raft.server.storage.dir = [/workdir/hadoop-ozone/tools/target/test-dir/MiniOzoneClusterImpl-48d4d914-35c7-4cf3-b630-f98a64bbf180/datanode-1/data/ratis] (custom)
2019-10-17 02:18:42,758 [pool-37-thread-1] INFO  server.RaftServerConfigKeys (ConfUtils.java:logGet(43)) - raft.server.log.corruption.policy = EXCEPTION (default)
2019-10-17 02:18:42,758 [pool-37-thread-1] INFO  storage.RaftStorageDirectory (RaftStorageDirectory.java:analyzeStorage(246)) - The storage directory /workdir/hadoop-ozone/tools/target/test-dir/MiniOzoneClusterImpl-48d4d914-35c7-4cf3-b630-f98a64bbf180/datanode-1/data/ratis/c71c827b-8ae1-464e-84ff-b1bfdd9519a8 does not exist. Creating ...
2019-10-17 02:18:42,768 [33d40637-531b-47e9-8a2e-802b577efd6f@group-561EE7A679D1-LeaderElection1] INFO  impl.RoleInfo (RoleInfo.java:updateAndGet(143)) - 33d40637-531b-47e9-8a2e-802b577efd6f: start LeaderState
2019-10-17 02:18:42,772 [pool-37-thread-1] INFO  storage.RaftStorageDirectory (RaftStorageDirectory.java:tryLock(328)) - Lock on /workdir/hadoop-ozone/tools/target/test-dir/MiniOzoneClusterImpl-48d4d914-35c7-4cf3-b630-f98a64bbf180/datanode-1/data/ratis/c71c827b-8ae1-464e-84ff-b1bfdd9519a8/in_use.lock acquired by nodename 7295@pr-hdds-1868-g97gg-2149769003
2019-10-17 02:18:42,787 [pool-37-thread-1] INFO  storage.RaftStorage (RaftStorage.java:format(84)) - Storage directory /workdir/hadoop-ozone/tools/target/test-dir/MiniOzoneClusterImpl-48d4d914-35c7-4cf3-b630-f98a64bbf180/datanode-1/data/ratis/c71c827b-8ae1-464e-84ff-b1bfdd9519a8 has been successfully formatted.
2019-10-17 02:18:42,788 [pool-37-thread-1] INFO  ratis.ContainerStateMachine (ContainerStateMachine.java:loadSnapshot(233)) - group-B1BFDD9519A8: The snapshot info is null. Setting the last applied indexto:(t:0, i:~)
2019-10-17 02:18:42,789 [pool-37-thread-1] INFO  server.RaftServerConfigKeys (ConfUtils.java:logGet(43)) - raft.server.notification.no-leader.timeout = 120s (custom)
2019-10-17 02:18:42,789 [pool-37-thread-1] INFO  server.RaftServerConfigKeys (ConfUtils.java:logGet(43)) - raft.server.log.use.memory = false (default)
2019-10-17 02:18:42,789 [pool-37-thread-1] INFO  server.RaftServerConfigKeys (ConfUtils.java:logGet(43)) - raft.server.log.purge.gap = 1000000 (custom)
2019-10-17 02:18:42,789 [pool-37-thread-1] INFO  server.RaftServerConfigKeys (ConfUtils.java:logGet(43)) - raft.server.log.appender.buffer.byte-limit = 33554432 (custom)
2019-10-17 02:18:42,789 [pool-37-thread-1] INFO  server.RaftServerConfigKeys (ConfUtils.java:logGet(43)) - raft.server.log.segment.size.max = 1048576 (custom)
2019-10-17 02:18:42,798 [33d40637-531b-47e9-8a2e-802b577efd6f@group-561EE7A679D1-LeaderElection1] INFO  segmented.SegmentedRaftLogWorker (SegmentedRaftLogWorker.java:startLogSegment(385)) - 33d40637-531b-47e9-8a2e-802b577efd6f@group-561EE7A679D1-SegmentedRaftLogWorker: Starting segment from index:0
2019-10-17 02:18:42,820 [pool-37-thread-1] INFO  server.RaftServerConfigKeys (ConfUtils.java:logGet(43)) - raft.server.log.segment.cache.num.max = 2 (custom)
2019-10-17 02:18:42,821 [pool-37-thread-1] INFO  segmented.SegmentedRaftLogWorker (SegmentedRaftLogWorker.java:<init>(173)) - new bf166244-8880-4b0f-9be5-11fb29082dcb@group-B1BFDD9519A8-SegmentedRaftLogWorker for RaftStorage:Storage Directory /workdir/hadoop-ozone/tools/target/test-dir/MiniOzoneClusterImpl-48d4d914-35c7-4cf3-b630-f98a64bbf180/datanode-1/data/ratis/c71c827b-8ae1-464e-84ff-b1bfdd9519a8
2019-10-17 02:18:42,821 [pool-37-thread-1] INFO  server.RaftServerConfigKeys (ConfUtils.java:logGet(43)) - raft.server.log.queue.byte-limit = 2147483647 (custom)
2019-10-17 02:18:42,821 [pool-37-thread-1] INFO  server.RaftServerConfigKeys (ConfUtils.java:logGet(43)) - raft.server.log.queue.element-limit = 1024 (custom)
2019-10-17 02:18:42,821 [pool-37-thread-1] INFO  server.RaftServerConfigKeys (ConfUtils.java:logGet(43)) - raft.server.log.segment.size.max = 1048576 (custom)
2019-10-17 02:18:42,821 [pool-37-thread-1] INFO  server.RaftServerConfigKeys (ConfUtils.java:logGet(43)) - raft.server.log.preallocated.size = 16384 (custom)
2019-10-17 02:18:42,822 [pool-37-thread-1] INFO  server.RaftServerConfigKeys (ConfUtils.java:logGet(43)) - raft.server.log.write.buffer.size = 33554432 (custom)
2019-10-17 02:18:42,822 [pool-37-thread-1] INFO  server.RaftServerConfigKeys (ConfUtils.java:logGet(43)) - raft.server.log.force.sync.num = 128 (default)
2019-10-17 02:18:42,822 [pool-37-thread-1] INFO  server.RaftServerConfigKeys (ConfUtils.java:logGet(43)) - raft.server.log.statemachine.data.sync = true (default)
2019-10-17 02:18:42,822 [pool-37-thread-1] INFO  server.RaftServerConfigKeys (ConfUtils.java:logGet(43)) - raft.server.log.statemachine.data.sync.timeout = 10s (default)
2019-10-17 02:18:42,822 [pool-37-thread-1] INFO  server.RaftServerConfigKeys (ConfUtils.java:logGet(43)) - raft.server.log.statemachine.data.sync.timeout.retry = -1 (default)
2019-10-17 02:18:42,823 [pool-37-thread-1] INFO  server.RaftServerConfigKeys (ConfUtils.java:logGet(43)) - raft.server.log.statemachine.data.caching.enabled = true (custom)
2019-10-17 02:18:42,824 [pool-37-thread-1] INFO  segmented.SegmentedRaftLogWorker (SegmentedRaftLogWorker.java:lambda$new$0(128)) - bf166244-8880-4b0f-9be5-11fb29082dcb@group-B1BFDD9519A8-SegmentedRaftLogWorker: flushIndex: setUnconditionally 0 -> -1
2019-10-17 02:18:42,824 [pool-37-thread-1] INFO  server.RaftServerConfigKeys (ConfUtils.java:logGet(43)) - raft.server.snapshot.auto.trigger.enabled = true (custom)
2019-10-17 02:18:42,824 [pool-37-thread-1] INFO  server.RaftServerConfigKeys (ConfUtils.java:logGet(43)) - raft.server.snapshot.auto.trigger.threshold = 10000 (custom)
2019-10-17 02:18:42,825 [pool-37-thread-1] INFO  server.RaftServerConfigKeys (ConfUtils.java:logGet(43)) - raft.server.snapshot.retention.file.num = 5 (custom)
2019-10-17 02:18:42,825 [pool-37-thread-1] INFO  server.RaftServerConfigKeys (ConfUtils.java:logGet(43)) - raft.server.retrycache.expirytime = 600000ms (custom)
2019-10-17 02:18:42,828 [33d40637-531b-47e9-8a2e-802b577efd6f@group-561EE7A679D1-LeaderElection1] INFO  impl.RaftServerImpl (ServerState.java:setRaftConf(357)) - 33d40637-531b-47e9-8a2e-802b577efd6f@group-561EE7A679D1: set configuration 0: [33d40637-531b-47e9-8a2e-802b577efd6f:192.168.157.194:40644], old=null at 0
2019-10-17 02:18:42,834 [pool-37-thread-1] INFO  impl.RaftServerImpl (RaftServerImpl.java:start(195)) - bf166244-8880-4b0f-9be5-11fb29082dcb@group-B1BFDD9519A8: start as a follower, conf=-1: [bf166244-8880-4b0f-9be5-11fb29082dcb:192.168.157.194:44285], old=null
2019-10-17 02:18:42,835 [pool-37-thread-1] INFO  impl.RaftServerImpl (RaftServerImpl.java:setRole(184)) - bf166244-8880-4b0f-9be5-11fb29082dcb@group-B1BFDD9519A8: changes role from      null to FOLLOWER at term 0 for startAsFollower
2019-10-17 02:18:42,835 [pool-37-thread-1] INFO  impl.RoleInfo (RoleInfo.java:updateAndGet(143)) - bf166244-8880-4b0f-9be5-11fb29082dcb: start FollowerState
2019-10-17 02:18:42,835 [pool-37-thread-1] INFO  util.JmxRegister (JmxRegister.java:tryRegister(44)) - Successfully registered JMX Bean with object name Ratis:service=RaftServer,group=group-B1BFDD9519A8,id=bf166244-8880-4b0f-9be5-11fb29082dcb
2019-10-17 02:18:42,850 [RatisPipelineUtilsThread] INFO  pipeline.PipelineStateManager (PipelineStateManager.java:addPipeline(55)) - Created pipeline Pipeline[ Id: c71c827b-8ae1-464e-84ff-b1bfdd9519a8, Nodes: bf166244-8880-4b0f-9be5-11fb29082dcb{ip: 192.168.157.194, host: pr-hdds-1868-g97gg-2149769003, networkLocation: /default-rack, certSerialId: null}, Type:RATIS, Factor:ONE, State:ALLOCATED]
2019-10-17 02:18:42,866 [grpc-default-executor-0] INFO  impl.RaftServerProxy (RaftServerProxy.java:addNew(89)) - 389ddf04-1777-44a1-860a-c678eeab2358: addNew group-79552B9A0B04:[389ddf04-1777-44a1-860a-c678eeab2358:192.168.157.194:44119] returns group-79552B9A0B04:java.util.concurrent.CompletableFuture@1e28d44c[Not completed]
2019-10-17 02:18:42,867 [pool-47-thread-1] INFO  impl.RaftServerImpl (RaftServerImpl.java:<init>(104)) - 389ddf04-1777-44a1-860a-c678eeab2358: new RaftServerImpl for group-79552B9A0B04:[389ddf04-1777-44a1-860a-c678eeab2358:192.168.157.194:44119] with ContainerStateMachine:uninitialized
2019-10-17 02:18:42,868 [pool-47-thread-1] INFO  server.RaftServerConfigKeys (ConfUtils.java:logGet(43)) - raft.server.rpc.timeout.min = 5s (custom)
2019-10-17 02:18:42,868 [pool-47-thread-1] INFO  server.RaftServerConfigKeys (ConfUtils.java:logGet(43)) - raft.server.rpc.timeout.max = 5200ms (custom)
2019-10-17 02:18:42,869 [pool-47-thread-1] INFO  server.RaftServerConfigKeys (ConfUtils.java:logGet(43)) - raft.server.rpcslowness.timeout = 120s (custom)
2019-10-17 02:18:42,869 [pool-47-thread-1] INFO  server.RaftServerConfigKeys (ConfUtils.java:logGet(43)) - raft.server.sleep.deviation.threshold = 300 (default)
2019-10-17 02:18:42,869 [pool-47-thread-1] INFO  server.RaftServerConfigKeys (ConfUtils.java:logGet(43)) - raft.server.log.appender.install.snapshot.enabled = false (custom)
2019-10-17 02:18:42,869 [pool-47-thread-1] INFO  impl.RaftServerImpl (ServerState.java:<init>(103)) - 389ddf04-1777-44a1-860a-c678eeab2358@group-79552B9A0B04: ConfigurationManager, init=-1: [389ddf04-1777-44a1-860a-c678eeab2358:192.168.157.194:44119], old=null, confs=<EMPTY_MAP>
2019-10-17 02:18:42,869 [pool-47-thread-1] INFO  server.RaftServerConfigKeys (ConfUtils.java:logGet(43)) - raft.server.storage.dir = [/workdir/hadoop-ozone/tools/target/test-dir/MiniOzoneClusterImpl-48d4d914-35c7-4cf3-b630-f98a64bbf180/datanode-2/data/ratis] (custom)
2019-10-17 02:18:42,869 [pool-47-thread-1] INFO  server.RaftServerConfigKeys (ConfUtils.java:logGet(43)) - raft.server.log.corruption.policy = EXCEPTION (default)
2019-10-17 02:18:42,870 [pool-47-thread-1] INFO  storage.RaftStorageDirectory (RaftStorageDirectory.java:analyzeStorage(246)) - The storage directory /workdir/hadoop-ozone/tools/target/test-dir/MiniOzoneClusterImpl-48d4d914-35c7-4cf3-b630-f98a64bbf180/datanode-2/data/ratis/7e41723e-b75c-4785-a516-79552b9a0b04 does not exist. Creating ...
2019-10-17 02:18:42,895 [pool-47-thread-1] INFO  storage.RaftStorageDirectory (RaftStorageDirectory.java:tryLock(328)) - Lock on /workdir/hadoop-ozone/tools/target/test-dir/MiniOzoneClusterImpl-48d4d914-35c7-4cf3-b630-f98a64bbf180/datanode-2/data/ratis/7e41723e-b75c-4785-a516-79552b9a0b04/in_use.lock acquired by nodename 7295@pr-hdds-1868-g97gg-2149769003
2019-10-17 02:18:42,908 [pool-47-thread-1] INFO  storage.RaftStorage (RaftStorage.java:format(84)) - Storage directory /workdir/hadoop-ozone/tools/target/test-dir/MiniOzoneClusterImpl-48d4d914-35c7-4cf3-b630-f98a64bbf180/datanode-2/data/ratis/7e41723e-b75c-4785-a516-79552b9a0b04 has been successfully formatted.
2019-10-17 02:18:42,908 [pool-47-thread-1] INFO  ratis.ContainerStateMachine (ContainerStateMachine.java:loadSnapshot(233)) - group-79552B9A0B04: The snapshot info is null. Setting the last applied indexto:(t:0, i:~)
2019-10-17 02:18:42,909 [pool-47-thread-1] INFO  server.RaftServerConfigKeys (ConfUtils.java:logGet(43)) - raft.server.notification.no-leader.timeout = 120s (custom)
2019-10-17 02:18:42,909 [pool-47-thread-1] INFO  server.RaftServerConfigKeys (ConfUtils.java:logGet(43)) - raft.server.log.use.memory = false (default)
2019-10-17 02:18:42,909 [pool-47-thread-1] INFO  server.RaftServerConfigKeys (ConfUtils.java:logGet(43)) - raft.server.log.purge.gap = 1000000 (custom)
2019-10-17 02:18:42,909 [pool-47-thread-1] INFO  server.RaftServerConfigKeys (ConfUtils.java:logGet(43)) - raft.server.log.appender.buffer.byte-limit = 33554432 (custom)
2019-10-17 02:18:42,909 [pool-47-thread-1] INFO  server.RaftServerConfigKeys (ConfUtils.java:logGet(43)) - raft.server.log.segment.size.max = 1048576 (custom)
2019-10-17 02:18:42,912 [pool-47-thread-1] INFO  server.RaftServerConfigKeys (ConfUtils.java:logGet(43)) - raft.server.log.segment.cache.num.max = 2 (custom)
2019-10-17 02:18:42,913 [pool-47-thread-1] INFO  segmented.SegmentedRaftLogWorker (SegmentedRaftLogWorker.java:<init>(173)) - new 389ddf04-1777-44a1-860a-c678eeab2358@group-79552B9A0B04-SegmentedRaftLogWorker for RaftStorage:Storage Directory /workdir/hadoop-ozone/tools/target/test-dir/MiniOzoneClusterImpl-48d4d914-35c7-4cf3-b630-f98a64bbf180/datanode-2/data/ratis/7e41723e-b75c-4785-a516-79552b9a0b04
2019-10-17 02:18:42,913 [pool-47-thread-1] INFO  server.RaftServerConfigKeys (ConfUtils.java:logGet(43)) - raft.server.log.queue.byte-limit = 2147483647 (custom)
2019-10-17 02:18:42,913 [pool-47-thread-1] INFO  server.RaftServerConfigKeys (ConfUtils.java:logGet(43)) - raft.server.log.queue.element-limit = 1024 (custom)
2019-10-17 02:18:42,913 [pool-47-thread-1] INFO  server.RaftServerConfigKeys (ConfUtils.java:logGet(43)) - raft.server.log.segment.size.max = 1048576 (custom)
2019-10-17 02:18:42,913 [pool-47-thread-1] INFO  server.RaftServerConfigKeys (ConfUtils.java:logGet(43)) - raft.server.log.preallocated.size = 16384 (custom)
2019-10-17 02:18:42,913 [pool-47-thread-1] INFO  server.RaftServerConfigKeys (ConfUtils.java:logGet(43)) - raft.server.log.write.buffer.size = 33554432 (custom)
2019-10-17 02:18:42,913 [pool-47-thread-1] INFO  server.RaftServerConfigKeys (ConfUtils.java:logGet(43)) - raft.server.log.force.sync.num = 128 (default)
2019-10-17 02:18:42,913 [pool-47-thread-1] INFO  server.RaftServerConfigKeys (ConfUtils.java:logGet(43)) - raft.server.log.statemachine.data.sync = true (default)
2019-10-17 02:18:42,914 [pool-47-thread-1] INFO  server.RaftServerConfigKeys (ConfUtils.java:logGet(43)) - raft.server.log.statemachine.data.sync.timeout = 10s (default)
2019-10-17 02:18:42,914 [pool-47-thread-1] INFO  server.RaftServerConfigKeys (ConfUtils.java:logGet(43)) - raft.server.log.statemachine.data.sync.timeout.retry = -1 (default)
2019-10-17 02:18:42,914 [pool-47-thread-1] INFO  server.RaftServerConfigKeys (ConfUtils.java:logGet(43)) - raft.server.log.statemachine.data.caching.enabled = true (custom)
2019-10-17 02:18:42,915 [pool-47-thread-1] INFO  segmented.SegmentedRaftLogWorker (SegmentedRaftLogWorker.java:lambda$new$0(128)) - 389ddf04-1777-44a1-860a-c678eeab2358@group-79552B9A0B04-SegmentedRaftLogWorker: flushIndex: setUnconditionally 0 -> -1
2019-10-17 02:18:42,915 [pool-47-thread-1] INFO  server.RaftServerConfigKeys (ConfUtils.java:logGet(43)) - raft.server.snapshot.auto.trigger.enabled = true (custom)
2019-10-17 02:18:42,915 [pool-47-thread-1] INFO  server.RaftServerConfigKeys (ConfUtils.java:logGet(43)) - raft.server.snapshot.auto.trigger.threshold = 10000 (custom)
2019-10-17 02:18:42,915 [pool-47-thread-1] INFO  server.RaftServerConfigKeys (ConfUtils.java:logGet(43)) - raft.server.snapshot.retention.file.num = 5 (custom)
2019-10-17 02:18:42,915 [pool-47-thread-1] INFO  server.RaftServerConfigKeys (ConfUtils.java:logGet(43)) - raft.server.retrycache.expirytime = 600000ms (custom)
2019-10-17 02:18:42,920 [pool-47-thread-1] INFO  impl.RaftServerImpl (RaftServerImpl.java:start(195)) - 389ddf04-1777-44a1-860a-c678eeab2358@group-79552B9A0B04: start as a follower, conf=-1: [389ddf04-1777-44a1-860a-c678eeab2358:192.168.157.194:44119], old=null
2019-10-17 02:18:42,920 [pool-47-thread-1] INFO  impl.RaftServerImpl (RaftServerImpl.java:setRole(184)) - 389ddf04-1777-44a1-860a-c678eeab2358@group-79552B9A0B04: changes role from      null to FOLLOWER at term 0 for startAsFollower
2019-10-17 02:18:42,921 [pool-47-thread-1] INFO  impl.RoleInfo (RoleInfo.java:updateAndGet(143)) - 389ddf04-1777-44a1-860a-c678eeab2358: start FollowerState
2019-10-17 02:18:42,921 [pool-47-thread-1] INFO  util.JmxRegister (JmxRegister.java:tryRegister(44)) - Successfully registered JMX Bean with object name Ratis:service=RaftServer,group=group-79552B9A0B04,id=389ddf04-1777-44a1-860a-c678eeab2358
2019-10-17 02:18:42,922 [Thread-185] INFO  impl.FollowerState (FollowerState.java:run(108)) - bf166244-8880-4b0f-9be5-11fb29082dcb@group-B1BFDD9519A8-FollowerState: change to CANDIDATE, lastRpcTime:87ms, electionTimeout:87ms
2019-10-17 02:18:42,923 [Thread-185] INFO  impl.RoleInfo (RoleInfo.java:shutdownFollowerState(121)) - bf166244-8880-4b0f-9be5-11fb29082dcb: shutdown FollowerState
2019-10-17 02:18:42,924 [Thread-185] INFO  impl.RaftServerImpl (RaftServerImpl.java:setRole(184)) - bf166244-8880-4b0f-9be5-11fb29082dcb@group-B1BFDD9519A8: changes role from  FOLLOWER to CANDIDATE at term 0 for changeToCandidate
2019-10-17 02:18:42,924 [Thread-185] INFO  impl.RoleInfo (RoleInfo.java:updateAndGet(143)) - bf166244-8880-4b0f-9be5-11fb29082dcb: start LeaderElection
2019-10-17 02:18:42,934 [RatisPipelineUtilsThread] INFO  pipeline.PipelineStateManager (PipelineStateManager.java:addPipeline(55)) - Created pipeline Pipeline[ Id: 7e41723e-b75c-4785-a516-79552b9a0b04, Nodes: 389ddf04-1777-44a1-860a-c678eeab2358{ip: 192.168.157.194, host: pr-hdds-1868-g97gg-2149769003, networkLocation: /default-rack, certSerialId: null}, Type:RATIS, Factor:ONE, State:ALLOCATED]
2019-10-17 02:18:42,939 [bf166244-8880-4b0f-9be5-11fb29082dcb@group-B1BFDD9519A8-LeaderElection2] INFO  impl.LeaderElection (LeaderElection.java:askForVotes(178)) - bf166244-8880-4b0f-9be5-11fb29082dcb@group-B1BFDD9519A8-LeaderElection2: begin an election at term 1 for -1: [bf166244-8880-4b0f-9be5-11fb29082dcb:192.168.157.194:44285], old=null
2019-10-17 02:18:42,942 [bf166244-8880-4b0f-9be5-11fb29082dcb@group-B1BFDD9519A8-LeaderElection2] INFO  impl.RoleInfo (RoleInfo.java:shutdownLeaderElection(134)) - bf166244-8880-4b0f-9be5-11fb29082dcb: shutdown LeaderElection
2019-10-17 02:18:42,942 [bf166244-8880-4b0f-9be5-11fb29082dcb@group-B1BFDD9519A8-LeaderElection2] INFO  impl.RaftServerImpl (RaftServerImpl.java:setRole(184)) - bf166244-8880-4b0f-9be5-11fb29082dcb@group-B1BFDD9519A8: changes role from CANDIDATE to LEADER at term 1 for changeToLeader
2019-10-17 02:18:42,942 [bf166244-8880-4b0f-9be5-11fb29082dcb@group-B1BFDD9519A8-LeaderElection2] INFO  ratis.XceiverServerRatis (XceiverServerRatis.java:handleLeaderChangedNotification(699)) - Leader change notification received for group: group-B1BFDD9519A8 with new leaderId: bf166244-8880-4b0f-9be5-11fb29082dcb
2019-10-17 02:18:42,944 [bf166244-8880-4b0f-9be5-11fb29082dcb@group-B1BFDD9519A8-LeaderElection2] INFO  impl.RaftServerImpl (ServerState.java:setLeader(256)) - bf166244-8880-4b0f-9be5-11fb29082dcb@group-B1BFDD9519A8: change Leader from null to bf166244-8880-4b0f-9be5-11fb29082dcb at term 1 for becomeLeader, leader elected after 153ms
2019-10-17 02:18:42,945 [bf166244-8880-4b0f-9be5-11fb29082dcb@group-B1BFDD9519A8-LeaderElection2] INFO  server.RaftServerConfigKeys (ConfUtils.java:logGet(43)) - raft.server.staging.catchup.gap = 1000 (default)
2019-10-17 02:18:42,946 [bf166244-8880-4b0f-9be5-11fb29082dcb@group-B1BFDD9519A8-LeaderElection2] INFO  server.RaftServerConfigKeys (ConfUtils.java:logGet(43)) - raft.server.rpc.sleep.time = 25ms (default)
2019-10-17 02:18:42,947 [bf166244-8880-4b0f-9be5-11fb29082dcb@group-B1BFDD9519A8-LeaderElection2] INFO  server.RaftServerConfigKeys (ConfUtils.java:logGet(43)) - raft.server.write.element-limit = 4096 (default)
2019-10-17 02:18:42,951 [bf166244-8880-4b0f-9be5-11fb29082dcb@group-B1BFDD9519A8-LeaderElection2] INFO  server.RaftServerConfigKeys (ConfUtils.java:logGet(43)) - raft.server.watch.timeout = 10s (default)
2019-10-17 02:18:42,951 [bf166244-8880-4b0f-9be5-11fb29082dcb@group-B1BFDD9519A8-LeaderElection2] INFO  server.RaftServerConfigKeys (ConfUtils.java:logGet(43)) - raft.server.watch.timeout.denomination = 1s (default)
2019-10-17 02:18:42,951 [bf166244-8880-4b0f-9be5-11fb29082dcb@group-B1BFDD9519A8-LeaderElection2] INFO  server.RaftServerConfigKeys (ConfUtils.java:logGet(43)) - raft.server.watch.element-limit = 65536 (default)
2019-10-17 02:18:42,965 [grpc-default-executor-1] INFO  impl.RaftServerProxy (RaftServerProxy.java:addNew(89)) - 33d40637-531b-47e9-8a2e-802b577efd6f: addNew group-8AC12130EEF9:[bf166244-8880-4b0f-9be5-11fb29082dcb:192.168.157.194:44285, 33d40637-531b-47e9-8a2e-802b577efd6f:192.168.157.194:40644, 389ddf04-1777-44a1-860a-c678eeab2358:192.168.157.194:44119] returns group-8AC12130EEF9:java.util.concurrent.CompletableFuture@2553aa64[Not completed]
2019-10-17 02:18:42,965 [bf166244-8880-4b0f-9be5-11fb29082dcb@group-B1BFDD9519A8-LeaderElection2] INFO  impl.RoleInfo (RoleInfo.java:updateAndGet(143)) - bf166244-8880-4b0f-9be5-11fb29082dcb: start LeaderState
2019-10-17 02:18:42,966 [grpc-default-executor-2] INFO  impl.RaftServerProxy (RaftServerProxy.java:addNew(89)) - 389ddf04-1777-44a1-860a-c678eeab2358: addNew group-8AC12130EEF9:[bf166244-8880-4b0f-9be5-11fb29082dcb:192.168.157.194:44285, 33d40637-531b-47e9-8a2e-802b577efd6f:192.168.157.194:40644, 389ddf04-1777-44a1-860a-c678eeab2358:192.168.157.194:44119] returns group-8AC12130EEF9:java.util.concurrent.CompletableFuture@6d4b3db4[Not completed]
2019-10-17 02:18:42,966 [grpc-default-executor-0] INFO  impl.RaftServerProxy (RaftServerProxy.java:addNew(89)) - bf166244-8880-4b0f-9be5-11fb29082dcb: addNew group-8AC12130EEF9:[bf166244-8880-4b0f-9be5-11fb29082dcb:192.168.157.194:44285, 33d40637-531b-47e9-8a2e-802b577efd6f:192.168.157.194:40644, 389ddf04-1777-44a1-860a-c678eeab2358:192.168.157.194:44119] returns group-8AC12130EEF9:java.util.concurrent.CompletableFuture@234397c6[Not completed]
2019-10-17 02:18:42,966 [bf166244-8880-4b0f-9be5-11fb29082dcb@group-B1BFDD9519A8-LeaderElection2] INFO  segmented.SegmentedRaftLogWorker (SegmentedRaftLogWorker.java:startLogSegment(385)) - bf166244-8880-4b0f-9be5-11fb29082dcb@group-B1BFDD9519A8-SegmentedRaftLogWorker: Starting segment from index:0
2019-10-17 02:18:42,966 [Thread-188] INFO  impl.FollowerState (FollowerState.java:run(108)) - 389ddf04-1777-44a1-860a-c678eeab2358@group-79552B9A0B04-FollowerState: change to CANDIDATE, lastRpcTime:45ms, electionTimeout:45ms
2019-10-17 02:18:42,967 [Thread-188] INFO  impl.RoleInfo (RoleInfo.java:shutdownFollowerState(121)) - 389ddf04-1777-44a1-860a-c678eeab2358: shutdown FollowerState
2019-10-17 02:18:42,967 [bf166244-8880-4b0f-9be5-11fb29082dcb@group-B1BFDD9519A8-LeaderElection2] INFO  impl.RaftServerImpl (ServerState.java:setRaftConf(357)) - bf166244-8880-4b0f-9be5-11fb29082dcb@group-B1BFDD9519A8: set configuration 0: [bf166244-8880-4b0f-9be5-11fb29082dcb:192.168.157.194:44285], old=null at 0
2019-10-17 02:18:42,967 [Thread-188] INFO  impl.RaftServerImpl (RaftServerImpl.java:setRole(184)) - 389ddf04-1777-44a1-860a-c678eeab2358@group-79552B9A0B04: changes role from  FOLLOWER to CANDIDATE at term 0 for changeToCandidate
2019-10-17 02:18:42,968 [pool-27-thread-1] INFO  impl.RaftServerImpl (RaftServerImpl.java:<init>(104)) - 33d40637-531b-47e9-8a2e-802b577efd6f: new RaftServerImpl for group-8AC12130EEF9:[bf166244-8880-4b0f-9be5-11fb29082dcb:192.168.157.194:44285, 33d40637-531b-47e9-8a2e-802b577efd6f:192.168.157.194:40644, 389ddf04-1777-44a1-860a-c678eeab2358:192.168.157.194:44119] with ContainerStateMachine:uninitialized
2019-10-17 02:18:42,968 [Thread-188] INFO  impl.RoleInfo (RoleInfo.java:updateAndGet(143)) - 389ddf04-1777-44a1-860a-c678eeab2358: start LeaderElection
2019-10-17 02:18:42,968 [pool-27-thread-1] INFO  server.RaftServerConfigKeys (ConfUtils.java:logGet(43)) - raft.server.rpc.timeout.min = 5s (custom)
2019-10-17 02:18:42,968 [pool-27-thread-1] INFO  server.RaftServerConfigKeys (ConfUtils.java:logGet(43)) - raft.server.rpc.timeout.max = 5200ms (custom)
2019-10-17 02:18:42,969 [pool-27-thread-1] INFO  server.RaftServerConfigKeys (ConfUtils.java:logGet(43)) - raft.server.rpcslowness.timeout = 120s (custom)
2019-10-17 02:18:42,970 [pool-27-thread-1] INFO  server.RaftServerConfigKeys (ConfUtils.java:logGet(43)) - raft.server.sleep.deviation.threshold = 300 (default)
2019-10-17 02:18:42,970 [pool-27-thread-1] INFO  server.RaftServerConfigKeys (ConfUtils.java:logGet(43)) - raft.server.log.appender.install.snapshot.enabled = false (custom)
2019-10-17 02:18:42,970 [pool-37-thread-1] INFO  impl.RaftServerImpl (RaftServerImpl.java:<init>(104)) - bf166244-8880-4b0f-9be5-11fb29082dcb: new RaftServerImpl for group-8AC12130EEF9:[bf166244-8880-4b0f-9be5-11fb29082dcb:192.168.157.194:44285, 33d40637-531b-47e9-8a2e-802b577efd6f:192.168.157.194:40644, 389ddf04-1777-44a1-860a-c678eeab2358:192.168.157.194:44119] with ContainerStateMachine:uninitialized
2019-10-17 02:18:42,971 [pool-27-thread-1] INFO  impl.RaftServerImpl (ServerState.java:<init>(103)) - 33d40637-531b-47e9-8a2e-802b577efd6f@group-8AC12130EEF9: ConfigurationManager, init=-1: [bf166244-8880-4b0f-9be5-11fb29082dcb:192.168.157.194:44285, 33d40637-531b-47e9-8a2e-802b577efd6f:192.168.157.194:40644, 389ddf04-1777-44a1-860a-c678eeab2358:192.168.157.194:44119], old=null, confs=<EMPTY_MAP>
2019-10-17 02:18:42,971 [pool-37-thread-1] INFO  server.RaftServerConfigKeys (ConfUtils.java:logGet(43)) - raft.server.rpc.timeout.min = 5s (custom)
2019-10-17 02:18:42,971 [pool-27-thread-1] INFO  server.RaftServerConfigKeys (ConfUtils.java:logGet(43)) - raft.server.storage.dir = [/workdir/hadoop-ozone/tools/target/test-dir/MiniOzoneClusterImpl-48d4d914-35c7-4cf3-b630-f98a64bbf180/datanode-0/data/ratis] (custom)
2019-10-17 02:18:42,971 [pool-47-thread-1] INFO  impl.RaftServerImpl (RaftServerImpl.java:<init>(104)) - 389ddf04-1777-44a1-860a-c678eeab2358: new RaftServerImpl for group-8AC12130EEF9:[bf166244-8880-4b0f-9be5-11fb29082dcb:192.168.157.194:44285, 33d40637-531b-47e9-8a2e-802b577efd6f:192.168.157.194:40644, 389ddf04-1777-44a1-860a-c678eeab2358:192.168.157.194:44119] with ContainerStateMachine:uninitialized
2019-10-17 02:18:42,971 [pool-37-thread-1] INFO  server.RaftServerConfigKeys (ConfUtils.java:logGet(43)) - raft.server.rpc.timeout.max = 5200ms (custom)
2019-10-17 02:18:42,971 [pool-47-thread-1] INFO  server.RaftServerConfigKeys (ConfUtils.java:logGet(43)) - raft.server.rpc.timeout.min = 5s (custom)
2019-10-17 02:18:42,971 [pool-37-thread-1] INFO  server.RaftServerConfigKeys (ConfUtils.java:logGet(43)) - raft.server.rpcslowness.timeout = 120s (custom)
2019-10-17 02:18:42,971 [pool-27-thread-1] INFO  server.RaftServerConfigKeys (ConfUtils.java:logGet(43)) - raft.server.log.corruption.policy = EXCEPTION (default)
2019-10-17 02:18:42,972 [pool-37-thread-1] INFO  server.RaftServerConfigKeys (ConfUtils.java:logGet(43)) - raft.server.sleep.deviation.threshold = 300 (default)
2019-10-17 02:18:42,972 [pool-27-thread-1] INFO  storage.RaftStorageDirectory (RaftStorageDirectory.java:analyzeStorage(246)) - The storage directory /workdir/hadoop-ozone/tools/target/test-dir/MiniOzoneClusterImpl-48d4d914-35c7-4cf3-b630-f98a64bbf180/datanode-0/data/ratis/ff11583e-de0a-46c8-b7ad-8ac12130eef9 does not exist. Creating ...
2019-10-17 02:18:42,971 [pool-47-thread-1] INFO  server.RaftServerConfigKeys (ConfUtils.java:logGet(43)) - raft.server.rpc.timeout.max = 5200ms (custom)
2019-10-17 02:18:42,972 [pool-37-thread-1] INFO  server.RaftServerConfigKeys (ConfUtils.java:logGet(43)) - raft.server.log.appender.install.snapshot.enabled = false (custom)
2019-10-17 02:18:42,972 [pool-47-thread-1] INFO  server.RaftServerConfigKeys (ConfUtils.java:logGet(43)) - raft.server.rpcslowness.timeout = 120s (custom)
2019-10-17 02:18:42,972 [pool-37-thread-1] INFO  impl.RaftServerImpl (ServerState.java:<init>(103)) - bf166244-8880-4b0f-9be5-11fb29082dcb@group-8AC12130EEF9: ConfigurationManager, init=-1: [bf166244-8880-4b0f-9be5-11fb29082dcb:192.168.157.194:44285, 33d40637-531b-47e9-8a2e-802b577efd6f:192.168.157.194:40644, 389ddf04-1777-44a1-860a-c678eeab2358:192.168.157.194:44119], old=null, confs=<EMPTY_MAP>
2019-10-17 02:18:42,972 [pool-47-thread-1] INFO  server.RaftServerConfigKeys (ConfUtils.java:logGet(43)) - raft.server.sleep.deviation.threshold = 300 (default)
2019-10-17 02:18:42,973 [pool-47-thread-1] INFO  server.RaftServerConfigKeys (ConfUtils.java:logGet(43)) - raft.server.log.appender.install.snapshot.enabled = false (custom)
2019-10-17 02:18:42,973 [pool-37-thread-1] INFO  server.RaftServerConfigKeys (ConfUtils.java:logGet(43)) - raft.server.storage.dir = [/workdir/hadoop-ozone/tools/target/test-dir/MiniOzoneClusterImpl-48d4d914-35c7-4cf3-b630-f98a64bbf180/datanode-1/data/ratis] (custom)
2019-10-17 02:18:42,973 [pool-47-thread-1] INFO  impl.RaftServerImpl (ServerState.java:<init>(103)) - 389ddf04-1777-44a1-860a-c678eeab2358@group-8AC12130EEF9: ConfigurationManager, init=-1: [bf166244-8880-4b0f-9be5-11fb29082dcb:192.168.157.194:44285, 33d40637-531b-47e9-8a2e-802b577efd6f:192.168.157.194:40644, 389ddf04-1777-44a1-860a-c678eeab2358:192.168.157.194:44119], old=null, confs=<EMPTY_MAP>
2019-10-17 02:18:42,973 [pool-47-thread-1] INFO  server.RaftServerConfigKeys (ConfUtils.java:logGet(43)) - raft.server.storage.dir = [/workdir/hadoop-ozone/tools/target/test-dir/MiniOzoneClusterImpl-48d4d914-35c7-4cf3-b630-f98a64bbf180/datanode-2/data/ratis] (custom)
2019-10-17 02:18:42,973 [pool-37-thread-1] INFO  server.RaftServerConfigKeys (ConfUtils.java:logGet(43)) - raft.server.log.corruption.policy = EXCEPTION (default)
2019-10-17 02:18:42,973 [pool-47-thread-1] INFO  server.RaftServerConfigKeys (ConfUtils.java:logGet(43)) - raft.server.log.corruption.policy = EXCEPTION (default)
2019-10-17 02:18:42,973 [pool-37-thread-1] INFO  storage.RaftStorageDirectory (RaftStorageDirectory.java:analyzeStorage(246)) - The storage directory /workdir/hadoop-ozone/tools/target/test-dir/MiniOzoneClusterImpl-48d4d914-35c7-4cf3-b630-f98a64bbf180/datanode-1/data/ratis/ff11583e-de0a-46c8-b7ad-8ac12130eef9 does not exist. Creating ...
2019-10-17 02:18:42,973 [pool-47-thread-1] INFO  storage.RaftStorageDirectory (RaftStorageDirectory.java:analyzeStorage(246)) - The storage directory /workdir/hadoop-ozone/tools/target/test-dir/MiniOzoneClusterImpl-48d4d914-35c7-4cf3-b630-f98a64bbf180/datanode-2/data/ratis/ff11583e-de0a-46c8-b7ad-8ac12130eef9 does not exist. Creating ...
2019-10-17 02:18:42,997 [pool-37-thread-1] INFO  storage.RaftStorageDirectory (RaftStorageDirectory.java:tryLock(328)) - Lock on /workdir/hadoop-ozone/tools/target/test-dir/MiniOzoneClusterImpl-48d4d914-35c7-4cf3-b630-f98a64bbf180/datanode-1/data/ratis/ff11583e-de0a-46c8-b7ad-8ac12130eef9/in_use.lock acquired by nodename 7295@pr-hdds-1868-g97gg-2149769003
2019-10-17 02:18:42,997 [389ddf04-1777-44a1-860a-c678eeab2358@group-79552B9A0B04-LeaderElection3] INFO  impl.LeaderElection (LeaderElection.java:askForVotes(178)) - 389ddf04-1777-44a1-860a-c678eeab2358@group-79552B9A0B04-LeaderElection3: begin an election at term 1 for -1: [389ddf04-1777-44a1-860a-c678eeab2358:192.168.157.194:44119], old=null
2019-10-17 02:18:42,997 [pool-47-thread-1] INFO  storage.RaftStorageDirectory (RaftStorageDirectory.java:tryLock(328)) - Lock on /workdir/hadoop-ozone/tools/target/test-dir/MiniOzoneClusterImpl-48d4d914-35c7-4cf3-b630-f98a64bbf180/datanode-2/data/ratis/ff11583e-de0a-46c8-b7ad-8ac12130eef9/in_use.lock acquired by nodename 7295@pr-hdds-1868-g97gg-2149769003
2019-10-17 02:18:42,998 [389ddf04-1777-44a1-860a-c678eeab2358@group-79552B9A0B04-LeaderElection3] INFO  impl.RoleInfo (RoleInfo.java:shutdownLeaderElection(134)) - 389ddf04-1777-44a1-860a-c678eeab2358: shutdown LeaderElection
2019-10-17 02:18:42,998 [pool-27-thread-1] INFO  storage.RaftStorageDirectory (RaftStorageDirectory.java:tryLock(328)) - Lock on /workdir/hadoop-ozone/tools/target/test-dir/MiniOzoneClusterImpl-48d4d914-35c7-4cf3-b630-f98a64bbf180/datanode-0/data/ratis/ff11583e-de0a-46c8-b7ad-8ac12130eef9/in_use.lock acquired by nodename 7295@pr-hdds-1868-g97gg-2149769003
2019-10-17 02:18:42,998 [389ddf04-1777-44a1-860a-c678eeab2358@group-79552B9A0B04-LeaderElection3] INFO  impl.RaftServerImpl (RaftServerImpl.java:setRole(184)) - 389ddf04-1777-44a1-860a-c678eeab2358@group-79552B9A0B04: changes role from CANDIDATE to LEADER at term 1 for changeToLeader
2019-10-17 02:18:42,998 [389ddf04-1777-44a1-860a-c678eeab2358@group-79552B9A0B04-LeaderElection3] INFO  ratis.XceiverServerRatis (XceiverServerRatis.java:handleLeaderChangedNotification(699)) - Leader change notification received for group: group-79552B9A0B04 with new leaderId: 389ddf04-1777-44a1-860a-c678eeab2358
2019-10-17 02:18:42,999 [389ddf04-1777-44a1-860a-c678eeab2358@group-79552B9A0B04-LeaderElection3] INFO  impl.RaftServerImpl (ServerState.java:setLeader(256)) - 389ddf04-1777-44a1-860a-c678eeab2358@group-79552B9A0B04: change Leader from null to 389ddf04-1777-44a1-860a-c678eeab2358 at term 1 for becomeLeader, leader elected after 89ms
2019-10-17 02:18:42,999 [389ddf04-1777-44a1-860a-c678eeab2358@group-79552B9A0B04-LeaderElection3] INFO  server.RaftServerConfigKeys (ConfUtils.java:logGet(43)) - raft.server.staging.catchup.gap = 1000 (default)
2019-10-17 02:18:43,000 [389ddf04-1777-44a1-860a-c678eeab2358@group-79552B9A0B04-LeaderElection3] INFO  server.RaftServerConfigKeys (ConfUtils.java:logGet(43)) - raft.server.rpc.sleep.time = 25ms (default)
2019-10-17 02:18:43,000 [389ddf04-1777-44a1-860a-c678eeab2358@group-79552B9A0B04-LeaderElection3] INFO  server.RaftServerConfigKeys (ConfUtils.java:logGet(43)) - raft.server.write.element-limit = 4096 (default)
2019-10-17 02:18:43,001 [389ddf04-1777-44a1-860a-c678eeab2358@group-79552B9A0B04-LeaderElection3] INFO  server.RaftServerConfigKeys (ConfUtils.java:logGet(43)) - raft.server.watch.timeout = 10s (default)
2019-10-17 02:18:43,001 [389ddf04-1777-44a1-860a-c678eeab2358@group-79552B9A0B04-LeaderElection3] INFO  server.RaftServerConfigKeys (ConfUtils.java:logGet(43)) - raft.server.watch.timeout.denomination = 1s (default)
2019-10-17 02:18:43,002 [389ddf04-1777-44a1-860a-c678eeab2358@group-79552B9A0B04-LeaderElection3] INFO  server.RaftServerConfigKeys (ConfUtils.java:logGet(43)) - raft.server.watch.element-limit = 65536 (default)
2019-10-17 02:18:43,006 [389ddf04-1777-44a1-860a-c678eeab2358@group-79552B9A0B04-LeaderElection3] INFO  impl.RoleInfo (RoleInfo.java:updateAndGet(143)) - 389ddf04-1777-44a1-860a-c678eeab2358: start LeaderState
2019-10-17 02:18:43,006 [389ddf04-1777-44a1-860a-c678eeab2358@group-79552B9A0B04-LeaderElection3] INFO  segmented.SegmentedRaftLogWorker (SegmentedRaftLogWorker.java:startLogSegment(385)) - 389ddf04-1777-44a1-860a-c678eeab2358@group-79552B9A0B04-SegmentedRaftLogWorker: Starting segment from index:0
2019-10-17 02:18:43,007 [389ddf04-1777-44a1-860a-c678eeab2358@group-79552B9A0B04-LeaderElection3] INFO  impl.RaftServerImpl (ServerState.java:setRaftConf(357)) - 389ddf04-1777-44a1-860a-c678eeab2358@group-79552B9A0B04: set configuration 0: [389ddf04-1777-44a1-860a-c678eeab2358:192.168.157.194:44119], old=null at 0
2019-10-17 02:18:43,011 [pool-47-thread-1] INFO  storage.RaftStorage (RaftStorage.java:format(84)) - Storage directory /workdir/hadoop-ozone/tools/target/test-dir/MiniOzoneClusterImpl-48d4d914-35c7-4cf3-b630-f98a64bbf180/datanode-2/data/ratis/ff11583e-de0a-46c8-b7ad-8ac12130eef9 has been successfully formatted.
2019-10-17 02:18:43,011 [pool-27-thread-1] INFO  storage.RaftStorage (RaftStorage.java:format(84)) - Storage directory /workdir/hadoop-ozone/tools/target/test-dir/MiniOzoneClusterImpl-48d4d914-35c7-4cf3-b630-f98a64bbf180/datanode-0/data/ratis/ff11583e-de0a-46c8-b7ad-8ac12130eef9 has been successfully formatted.
2019-10-17 02:18:43,011 [pool-37-thread-1] INFO  storage.RaftStorage (RaftStorage.java:format(84)) - Storage directory /workdir/hadoop-ozone/tools/target/test-dir/MiniOzoneClusterImpl-48d4d914-35c7-4cf3-b630-f98a64bbf180/datanode-1/data/ratis/ff11583e-de0a-46c8-b7ad-8ac12130eef9 has been successfully formatted.
2019-10-17 02:18:43,012 [pool-47-thread-1] INFO  ratis.ContainerStateMachine (ContainerStateMachine.java:loadSnapshot(233)) - group-8AC12130EEF9: The snapshot info is null. Setting the last applied indexto:(t:0, i:~)
2019-10-17 02:18:43,012 [pool-27-thread-1] INFO  ratis.ContainerStateMachine (ContainerStateMachine.java:loadSnapshot(233)) - group-8AC12130EEF9: The snapshot info is null. Setting the last applied indexto:(t:0, i:~)
2019-10-17 02:18:43,012 [pool-37-thread-1] INFO  ratis.ContainerStateMachine (ContainerStateMachine.java:loadSnapshot(233)) - group-8AC12130EEF9: The snapshot info is null. Setting the last applied indexto:(t:0, i:~)
2019-10-17 02:18:43,012 [pool-47-thread-1] INFO  server.RaftServerConfigKeys (ConfUtils.java:logGet(43)) - raft.server.notification.no-leader.timeout = 120s (custom)
2019-10-17 02:18:43,012 [pool-37-thread-1] INFO  server.RaftServerConfigKeys (ConfUtils.java:logGet(43)) - raft.server.notification.no-leader.timeout = 120s (custom)
2019-10-17 02:18:43,012 [pool-27-thread-1] INFO  server.RaftServerConfigKeys (ConfUtils.java:logGet(43)) - raft.server.notification.no-leader.timeout = 120s (custom)
2019-10-17 02:18:43,013 [pool-37-thread-1] INFO  server.RaftServerConfigKeys (ConfUtils.java:logGet(43)) - raft.server.log.use.memory = false (default)
2019-10-17 02:18:43,013 [pool-47-thread-1] INFO  server.RaftServerConfigKeys (ConfUtils.java:logGet(43)) - raft.server.log.use.memory = false (default)
2019-10-17 02:18:43,013 [pool-37-thread-1] INFO  server.RaftServerConfigKeys (ConfUtils.java:logGet(43)) - raft.server.log.purge.gap = 1000000 (custom)
2019-10-17 02:18:43,013 [pool-27-thread-1] INFO  server.RaftServerConfigKeys (ConfUtils.java:logGet(43)) - raft.server.log.use.memory = false (default)
2019-10-17 02:18:43,013 [pool-37-thread-1] INFO  server.RaftServerConfigKeys (ConfUtils.java:logGet(43)) - raft.server.log.appender.buffer.byte-limit = 33554432 (custom)
2019-10-17 02:18:43,013 [pool-47-thread-1] INFO  server.RaftServerConfigKeys (ConfUtils.java:logGet(43)) - raft.server.log.purge.gap = 1000000 (custom)
2019-10-17 02:18:43,014 [pool-37-thread-1] INFO  server.RaftServerConfigKeys (ConfUtils.java:logGet(43)) - raft.server.log.segment.size.max = 1048576 (custom)
2019-10-17 02:18:43,014 [pool-27-thread-1] INFO  server.RaftServerConfigKeys (ConfUtils.java:logGet(43)) - raft.server.log.purge.gap = 1000000 (custom)
2019-10-17 02:18:43,014 [pool-37-thread-1] INFO  server.RaftServerConfigKeys (ConfUtils.java:logGet(43)) - raft.server.log.segment.cache.num.max = 2 (custom)
2019-10-17 02:18:43,014 [pool-47-thread-1] INFO  server.RaftServerConfigKeys (ConfUtils.java:logGet(43)) - raft.server.log.appender.buffer.byte-limit = 33554432 (custom)
2019-10-17 02:18:43,015 [pool-37-thread-1] INFO  segmented.SegmentedRaftLogWorker (SegmentedRaftLogWorker.java:<init>(173)) - new bf166244-8880-4b0f-9be5-11fb29082dcb@group-8AC12130EEF9-SegmentedRaftLogWorker for RaftStorage:Storage Directory /workdir/hadoop-ozone/tools/target/test-dir/MiniOzoneClusterImpl-48d4d914-35c7-4cf3-b630-f98a64bbf180/datanode-1/data/ratis/ff11583e-de0a-46c8-b7ad-8ac12130eef9
2019-10-17 02:18:43,014 [pool-27-thread-1] INFO  server.RaftServerConfigKeys (ConfUtils.java:logGet(43)) - raft.server.log.appender.buffer.byte-limit = 33554432 (custom)
2019-10-17 02:18:43,015 [pool-37-thread-1] INFO  server.RaftServerConfigKeys (ConfUtils.java:logGet(43)) - raft.server.log.queue.byte-limit = 2147483647 (custom)
2019-10-17 02:18:43,015 [pool-47-thread-1] INFO  server.RaftServerConfigKeys (ConfUtils.java:logGet(43)) - raft.server.log.segment.size.max = 1048576 (custom)
2019-10-17 02:18:43,015 [pool-37-thread-1] INFO  server.RaftServerConfigKeys (ConfUtils.java:logGet(43)) - raft.server.log.queue.element-limit = 1024 (custom)
2019-10-17 02:18:43,015 [pool-27-thread-1] INFO  server.RaftServerConfigKeys (ConfUtils.java:logGet(43)) - raft.server.log.segment.size.max = 1048576 (custom)
2019-10-17 02:18:43,016 [pool-37-thread-1] INFO  server.RaftServerConfigKeys (ConfUtils.java:logGet(43)) - raft.server.log.segment.size.max = 1048576 (custom)
2019-10-17 02:18:43,016 [pool-27-thread-1] INFO  server.RaftServerConfigKeys (ConfUtils.java:logGet(43)) - raft.server.log.segment.cache.num.max = 2 (custom)
2019-10-17 02:18:43,016 [pool-47-thread-1] INFO  server.RaftServerConfigKeys (ConfUtils.java:logGet(43)) - raft.server.log.segment.cache.num.max = 2 (custom)
2019-10-17 02:18:43,016 [pool-27-thread-1] INFO  segmented.SegmentedRaftLogWorker (SegmentedRaftLogWorker.java:<init>(173)) - new 33d40637-531b-47e9-8a2e-802b577efd6f@group-8AC12130EEF9-SegmentedRaftLogWorker for RaftStorage:Storage Directory /workdir/hadoop-ozone/tools/target/test-dir/MiniOzoneClusterImpl-48d4d914-35c7-4cf3-b630-f98a64bbf180/datanode-0/data/ratis/ff11583e-de0a-46c8-b7ad-8ac12130eef9
2019-10-17 02:18:43,016 [pool-37-thread-1] INFO  server.RaftServerConfigKeys (ConfUtils.java:logGet(43)) - raft.server.log.preallocated.size = 16384 (custom)
2019-10-17 02:18:43,016 [pool-27-thread-1] INFO  server.RaftServerConfigKeys (ConfUtils.java:logGet(43)) - raft.server.log.queue.byte-limit = 2147483647 (custom)
2019-10-17 02:18:43,016 [pool-47-thread-1] INFO  segmented.SegmentedRaftLogWorker (SegmentedRaftLogWorker.java:<init>(173)) - new 389ddf04-1777-44a1-860a-c678eeab2358@group-8AC12130EEF9-SegmentedRaftLogWorker for RaftStorage:Storage Directory /workdir/hadoop-ozone/tools/target/test-dir/MiniOzoneClusterImpl-48d4d914-35c7-4cf3-b630-f98a64bbf180/datanode-2/data/ratis/ff11583e-de0a-46c8-b7ad-8ac12130eef9
2019-10-17 02:18:43,017 [pool-27-thread-1] INFO  server.RaftServerConfigKeys (ConfUtils.java:logGet(43)) - raft.server.log.queue.element-limit = 1024 (custom)
2019-10-17 02:18:43,017 [pool-37-thread-1] INFO  server.RaftServerConfigKeys (ConfUtils.java:logGet(43)) - raft.server.log.write.buffer.size = 33554432 (custom)
2019-10-17 02:18:43,017 [pool-27-thread-1] INFO  server.RaftServerConfigKeys (ConfUtils.java:logGet(43)) - raft.server.log.segment.size.max = 1048576 (custom)
2019-10-17 02:18:43,017 [pool-47-thread-1] INFO  server.RaftServerConfigKeys (ConfUtils.java:logGet(43)) - raft.server.log.queue.byte-limit = 2147483647 (custom)
2019-10-17 02:18:43,017 [pool-27-thread-1] INFO  server.RaftServerConfigKeys (ConfUtils.java:logGet(43)) - raft.server.log.preallocated.size = 16384 (custom)
2019-10-17 02:18:43,017 [pool-37-thread-1] INFO  server.RaftServerConfigKeys (ConfUtils.java:logGet(43)) - raft.server.log.force.sync.num = 128 (default)
2019-10-17 02:18:43,018 [pool-27-thread-1] INFO  server.RaftServerConfigKeys (ConfUtils.java:logGet(43)) - raft.server.log.write.buffer.size = 33554432 (custom)
2019-10-17 02:18:43,018 [pool-47-thread-1] INFO  server.RaftServerConfigKeys (ConfUtils.java:logGet(43)) - raft.server.log.queue.element-limit = 1024 (custom)
2019-10-17 02:18:43,018 [pool-27-thread-1] INFO  server.RaftServerConfigKeys (ConfUtils.java:logGet(43)) - raft.server.log.force.sync.num = 128 (default)
2019-10-17 02:18:43,018 [pool-37-thread-1] INFO  server.RaftServerConfigKeys (ConfUtils.java:logGet(43)) - raft.server.log.statemachine.data.sync = true (default)
2019-10-17 02:18:43,019 [pool-27-thread-1] INFO  server.RaftServerConfigKeys (ConfUtils.java:logGet(43)) - raft.server.log.statemachine.data.sync = true (default)
2019-10-17 02:18:43,018 [pool-47-thread-1] INFO  server.RaftServerConfigKeys (ConfUtils.java:logGet(43)) - raft.server.log.segment.size.max = 1048576 (custom)
2019-10-17 02:18:43,019 [pool-27-thread-1] INFO  server.RaftServerConfigKeys (ConfUtils.java:logGet(43)) - raft.server.log.statemachine.data.sync.timeout = 10s (default)
2019-10-17 02:18:43,019 [pool-37-thread-1] INFO  server.RaftServerConfigKeys (ConfUtils.java:logGet(43)) - raft.server.log.statemachine.data.sync.timeout = 10s (default)
2019-10-17 02:18:43,019 [pool-27-thread-1] INFO  server.RaftServerConfigKeys (ConfUtils.java:logGet(43)) - raft.server.log.statemachine.data.sync.timeout.retry = -1 (default)
2019-10-17 02:18:43,019 [pool-47-thread-1] INFO  server.RaftServerConfigKeys (ConfUtils.java:logGet(43)) - raft.server.log.preallocated.size = 16384 (custom)
2019-10-17 02:18:43,019 [pool-37-thread-1] INFO  server.RaftServerConfigKeys (ConfUtils.java:logGet(43)) - raft.server.log.statemachine.data.sync.timeout.retry = -1 (default)
2019-10-17 02:18:43,020 [pool-47-thread-1] INFO  server.RaftServerConfigKeys (ConfUtils.java:logGet(43)) - raft.server.log.write.buffer.size = 33554432 (custom)
2019-10-17 02:18:43,020 [pool-27-thread-1] INFO  server.RaftServerConfigKeys (ConfUtils.java:logGet(43)) - raft.server.log.statemachine.data.caching.enabled = true (custom)
2019-10-17 02:18:43,020 [pool-37-thread-1] INFO  server.RaftServerConfigKeys (ConfUtils.java:logGet(43)) - raft.server.log.statemachine.data.caching.enabled = true (custom)
2019-10-17 02:18:43,020 [pool-47-thread-1] INFO  server.RaftServerConfigKeys (ConfUtils.java:logGet(43)) - raft.server.log.force.sync.num = 128 (default)
2019-10-17 02:18:43,021 [pool-47-thread-1] INFO  server.RaftServerConfigKeys (ConfUtils.java:logGet(43)) - raft.server.log.statemachine.data.sync = true (default)
2019-10-17 02:18:43,021 [pool-37-thread-1] INFO  segmented.SegmentedRaftLogWorker (SegmentedRaftLogWorker.java:lambda$new$0(128)) - bf166244-8880-4b0f-9be5-11fb29082dcb@group-8AC12130EEF9-SegmentedRaftLogWorker: flushIndex: setUnconditionally 0 -> -1
2019-10-17 02:18:43,021 [pool-27-thread-1] INFO  segmented.SegmentedRaftLogWorker (SegmentedRaftLogWorker.java:lambda$new$0(128)) - 33d40637-531b-47e9-8a2e-802b577efd6f@group-8AC12130EEF9-SegmentedRaftLogWorker: flushIndex: setUnconditionally 0 -> -1
2019-10-17 02:18:43,021 [pool-37-thread-1] INFO  server.RaftServerConfigKeys (ConfUtils.java:logGet(43)) - raft.server.snapshot.auto.trigger.enabled = true (custom)
2019-10-17 02:18:43,021 [pool-47-thread-1] INFO  server.RaftServerConfigKeys (ConfUtils.java:logGet(43)) - raft.server.log.statemachine.data.sync.timeout = 10s (default)
2019-10-17 02:18:43,022 [pool-37-thread-1] INFO  server.RaftServerConfigKeys (ConfUtils.java:logGet(43)) - raft.server.snapshot.auto.trigger.threshold = 10000 (custom)
2019-10-17 02:18:43,022 [pool-47-thread-1] INFO  server.RaftServerConfigKeys (ConfUtils.java:logGet(43)) - raft.server.log.statemachine.data.sync.timeout.retry = -1 (default)
2019-10-17 02:18:43,022 [pool-27-thread-1] INFO  server.RaftServerConfigKeys (ConfUtils.java:logGet(43)) - raft.server.snapshot.auto.trigger.enabled = true (custom)
2019-10-17 02:18:43,022 [pool-47-thread-1] INFO  server.RaftServerConfigKeys (ConfUtils.java:logGet(43)) - raft.server.log.statemachine.data.caching.enabled = true (custom)
2019-10-17 02:18:43,022 [pool-37-thread-1] INFO  server.RaftServerConfigKeys (ConfUtils.java:logGet(43)) - raft.server.snapshot.retention.file.num = 5 (custom)
2019-10-17 02:18:43,022 [pool-27-thread-1] INFO  server.RaftServerConfigKeys (ConfUtils.java:logGet(43)) - raft.server.snapshot.auto.trigger.threshold = 10000 (custom)
2019-10-17 02:18:43,023 [pool-37-thread-1] INFO  server.RaftServerConfigKeys (ConfUtils.java:logGet(43)) - raft.server.retrycache.expirytime = 600000ms (custom)
2019-10-17 02:18:43,023 [pool-27-thread-1] INFO  server.RaftServerConfigKeys (ConfUtils.java:logGet(43)) - raft.server.snapshot.retention.file.num = 5 (custom)
2019-10-17 02:18:43,023 [pool-47-thread-1] INFO  segmented.SegmentedRaftLogWorker (SegmentedRaftLogWorker.java:lambda$new$0(128)) - 389ddf04-1777-44a1-860a-c678eeab2358@group-8AC12130EEF9-SegmentedRaftLogWorker: flushIndex: setUnconditionally 0 -> -1
2019-10-17 02:18:43,023 [pool-27-thread-1] INFO  server.RaftServerConfigKeys (ConfUtils.java:logGet(43)) - raft.server.retrycache.expirytime = 600000ms (custom)
2019-10-17 02:18:43,023 [pool-47-thread-1] INFO  server.RaftServerConfigKeys (ConfUtils.java:logGet(43)) - raft.server.snapshot.auto.trigger.enabled = true (custom)
2019-10-17 02:18:43,024 [pool-47-thread-1] INFO  server.RaftServerConfigKeys (ConfUtils.java:logGet(43)) - raft.server.snapshot.auto.trigger.threshold = 10000 (custom)
2019-10-17 02:18:43,024 [pool-47-thread-1] INFO  server.RaftServerConfigKeys (ConfUtils.java:logGet(43)) - raft.server.snapshot.retention.file.num = 5 (custom)
2019-10-17 02:18:43,024 [pool-47-thread-1] INFO  server.RaftServerConfigKeys (ConfUtils.java:logGet(43)) - raft.server.retrycache.expirytime = 600000ms (custom)
2019-10-17 02:18:43,029 [pool-37-thread-1] INFO  impl.RaftServerImpl (RaftServerImpl.java:start(195)) - bf166244-8880-4b0f-9be5-11fb29082dcb@group-8AC12130EEF9: start as a follower, conf=-1: [bf166244-8880-4b0f-9be5-11fb29082dcb:192.168.157.194:44285, 33d40637-531b-47e9-8a2e-802b577efd6f:192.168.157.194:40644, 389ddf04-1777-44a1-860a-c678eeab2358:192.168.157.194:44119], old=null
2019-10-17 02:18:43,029 [pool-37-thread-1] INFO  impl.RaftServerImpl (RaftServerImpl.java:setRole(184)) - bf166244-8880-4b0f-9be5-11fb29082dcb@group-8AC12130EEF9: changes role from      null to FOLLOWER at term 0 for startAsFollower
2019-10-17 02:18:43,029 [pool-37-thread-1] INFO  impl.RoleInfo (RoleInfo.java:updateAndGet(143)) - bf166244-8880-4b0f-9be5-11fb29082dcb: start FollowerState
2019-10-17 02:18:43,029 [pool-27-thread-1] INFO  impl.RaftServerImpl (RaftServerImpl.java:start(195)) - 33d40637-531b-47e9-8a2e-802b577efd6f@group-8AC12130EEF9: start as a follower, conf=-1: [bf166244-8880-4b0f-9be5-11fb29082dcb:192.168.157.194:44285, 33d40637-531b-47e9-8a2e-802b577efd6f:192.168.157.194:40644, 389ddf04-1777-44a1-860a-c678eeab2358:192.168.157.194:44119], old=null
2019-10-17 02:18:43,029 [pool-47-thread-1] INFO  impl.RaftServerImpl (RaftServerImpl.java:start(195)) - 389ddf04-1777-44a1-860a-c678eeab2358@group-8AC12130EEF9: start as a follower, conf=-1: [bf166244-8880-4b0f-9be5-11fb29082dcb:192.168.157.194:44285, 33d40637-531b-47e9-8a2e-802b577efd6f:192.168.157.194:40644, 389ddf04-1777-44a1-860a-c678eeab2358:192.168.157.194:44119], old=null
2019-10-17 02:18:43,029 [pool-27-thread-1] INFO  impl.RaftServerImpl (RaftServerImpl.java:setRole(184)) - 33d40637-531b-47e9-8a2e-802b577efd6f@group-8AC12130EEF9: changes role from      null to FOLLOWER at term 0 for startAsFollower
2019-10-17 02:18:43,030 [pool-47-thread-1] INFO  impl.RaftServerImpl (RaftServerImpl.java:setRole(184)) - 389ddf04-1777-44a1-860a-c678eeab2358@group-8AC12130EEF9: changes role from      null to FOLLOWER at term 0 for startAsFollower
2019-10-17 02:18:43,030 [pool-27-thread-1] INFO  impl.RoleInfo (RoleInfo.java:updateAndGet(143)) - 33d40637-531b-47e9-8a2e-802b577efd6f: start FollowerState
2019-10-17 02:18:43,030 [pool-37-thread-1] INFO  util.JmxRegister (JmxRegister.java:tryRegister(44)) - Successfully registered JMX Bean with object name Ratis:service=RaftServer,group=group-8AC12130EEF9,id=bf166244-8880-4b0f-9be5-11fb29082dcb
2019-10-17 02:18:43,030 [pool-47-thread-1] INFO  impl.RoleInfo (RoleInfo.java:updateAndGet(143)) - 389ddf04-1777-44a1-860a-c678eeab2358: start FollowerState
2019-10-17 02:18:43,030 [pool-27-thread-1] INFO  util.JmxRegister (JmxRegister.java:tryRegister(44)) - Successfully registered JMX Bean with object name Ratis:service=RaftServer,group=group-8AC12130EEF9,id=33d40637-531b-47e9-8a2e-802b577efd6f
2019-10-17 02:18:43,031 [pool-47-thread-1] INFO  util.JmxRegister (JmxRegister.java:tryRegister(44)) - Successfully registered JMX Bean with object name Ratis:service=RaftServer,group=group-8AC12130EEF9,id=389ddf04-1777-44a1-860a-c678eeab2358
2019-10-17 02:18:43,073 [RatisPipelineUtilsThread] INFO  pipeline.PipelineStateManager (PipelineStateManager.java:addPipeline(55)) - Created pipeline Pipeline[ Id: ff11583e-de0a-46c8-b7ad-8ac12130eef9, Nodes: bf166244-8880-4b0f-9be5-11fb29082dcb{ip: 192.168.157.194, host: pr-hdds-1868-g97gg-2149769003, networkLocation: /default-rack, certSerialId: null}33d40637-531b-47e9-8a2e-802b577efd6f{ip: 192.168.157.194, host: pr-hdds-1868-g97gg-2149769003, networkLocation: /default-rack, certSerialId: null}389ddf04-1777-44a1-860a-c678eeab2358{ip: 192.168.157.194, host: pr-hdds-1868-g97gg-2149769003, networkLocation: /default-rack, certSerialId: null}, Type:RATIS, Factor:THREE, State:ALLOCATED]
2019-10-17 02:18:43,075 [main] INFO  ozone.MiniOzoneClusterImpl (MiniOzoneClusterImpl.java:lambda$waitForClusterToBeReady$2(164)) - Waiting for 4 number of pipelines out of 4, to report a leader.
2019-10-17 02:18:43,075 [Thread-199] INFO  impl.FollowerState (FollowerState.java:run(108)) - 389ddf04-1777-44a1-860a-c678eeab2358@group-8AC12130EEF9-FollowerState: change to CANDIDATE, lastRpcTime:44ms, electionTimeout:44ms
2019-10-17 02:18:43,075 [EventQueue-PipelineReportForPipelineReportHandler] INFO  pipeline.PipelineReportHandler (PipelineReportHandler.java:processPipelineReport(119)) - Pipeline PipelineID=4d3c0ceb-4fa4-4465-9b92-561ee7a679d1 reported by 33d40637-531b-47e9-8a2e-802b577efd6f{ip: 192.168.157.194, host: pr-hdds-1868-g97gg-2149769003, networkLocation: /default-rack, certSerialId: null} with leaderId 33d40637-531b-47e9-8a2e-802b577efd6f
2019-10-17 02:18:43,076 [Thread-199] INFO  impl.RoleInfo (RoleInfo.java:shutdownFollowerState(121)) - 389ddf04-1777-44a1-860a-c678eeab2358: shutdown FollowerState
2019-10-17 02:18:43,076 [Thread-199] INFO  impl.RaftServerImpl (RaftServerImpl.java:setRole(184)) - 389ddf04-1777-44a1-860a-c678eeab2358@group-8AC12130EEF9: changes role from  FOLLOWER to CANDIDATE at term 0 for changeToCandidate
2019-10-17 02:18:43,076 [Thread-199] INFO  impl.RoleInfo (RoleInfo.java:updateAndGet(143)) - 389ddf04-1777-44a1-860a-c678eeab2358: start LeaderElection
2019-10-17 02:18:43,083 [EventQueue-PipelineReportForPipelineReportHandler] INFO  pipeline.PipelineStateManager (PipelineStateManager.java:openPipeline(134)) - Pipeline Pipeline[ Id: 4d3c0ceb-4fa4-4465-9b92-561ee7a679d1, Nodes: 33d40637-531b-47e9-8a2e-802b577efd6f{ip: 192.168.157.194, host: pr-hdds-1868-g97gg-2149769003, networkLocation: /default-rack, certSerialId: null}, Type:RATIS, Factor:ONE, State:OPEN] moved to OPEN state
2019-10-17 02:18:43,083 [EventQueue-PipelineReportForPipelineReportHandler] INFO  pipeline.PipelineReportHandler (PipelineReportHandler.java:processPipelineReport(119)) - Pipeline PipelineID=c71c827b-8ae1-464e-84ff-b1bfdd9519a8 reported by bf166244-8880-4b0f-9be5-11fb29082dcb{ip: 192.168.157.194, host: pr-hdds-1868-g97gg-2149769003, networkLocation: /default-rack, certSerialId: null} with leaderId bf166244-8880-4b0f-9be5-11fb29082dcb
2019-10-17 02:18:43,083 [EventQueue-PipelineReportForPipelineReportHandler] INFO  pipeline.PipelineStateManager (PipelineStateManager.java:openPipeline(134)) - Pipeline Pipeline[ Id: c71c827b-8ae1-464e-84ff-b1bfdd9519a8, Nodes: bf166244-8880-4b0f-9be5-11fb29082dcb{ip: 192.168.157.194, host: pr-hdds-1868-g97gg-2149769003, networkLocation: /default-rack, certSerialId: null}, Type:RATIS, Factor:ONE, State:OPEN] moved to OPEN state
2019-10-17 02:18:43,084 [EventQueue-PipelineReportForPipelineReportHandler] INFO  pipeline.PipelineReportHandler (PipelineReportHandler.java:processPipelineReport(119)) - Pipeline PipelineID=ff11583e-de0a-46c8-b7ad-8ac12130eef9 reported by 389ddf04-1777-44a1-860a-c678eeab2358{ip: 192.168.157.194, host: pr-hdds-1868-g97gg-2149769003, networkLocation: /default-rack, certSerialId: null} with leaderId 
2019-10-17 02:18:43,084 [EventQueue-PipelineReportForPipelineReportHandler] INFO  pipeline.PipelineReportHandler (PipelineReportHandler.java:processPipelineReport(119)) - Pipeline PipelineID=7e41723e-b75c-4785-a516-79552b9a0b04 reported by 389ddf04-1777-44a1-860a-c678eeab2358{ip: 192.168.157.194, host: pr-hdds-1868-g97gg-2149769003, networkLocation: /default-rack, certSerialId: null} with leaderId 389ddf04-1777-44a1-860a-c678eeab2358
2019-10-17 02:18:43,084 [EventQueue-PipelineReportForPipelineReportHandler] INFO  pipeline.PipelineStateManager (PipelineStateManager.java:openPipeline(134)) - Pipeline Pipeline[ Id: 7e41723e-b75c-4785-a516-79552b9a0b04, Nodes: 389ddf04-1777-44a1-860a-c678eeab2358{ip: 192.168.157.194, host: pr-hdds-1868-g97gg-2149769003, networkLocation: /default-rack, certSerialId: null}, Type:RATIS, Factor:ONE, State:OPEN] moved to OPEN state
2019-10-17 02:18:43,088 [33d40637-531b-47e9-8a2e-802b577efd6f@group-561EE7A679D1-SegmentedRaftLogWorker] INFO  segmented.SegmentedRaftLogWorker (SegmentedRaftLogWorker.java:execute(576)) - 33d40637-531b-47e9-8a2e-802b577efd6f@group-561EE7A679D1-SegmentedRaftLogWorker: created new log segment /workdir/hadoop-ozone/tools/target/test-dir/MiniOzoneClusterImpl-48d4d914-35c7-4cf3-b630-f98a64bbf180/datanode-0/data/ratis/4d3c0ceb-4fa4-4465-9b92-561ee7a679d1/current/log_inprogress_0
2019-10-17 02:18:43,088 [389ddf04-1777-44a1-860a-c678eeab2358@group-79552B9A0B04-SegmentedRaftLogWorker] INFO  segmented.SegmentedRaftLogWorker (SegmentedRaftLogWorker.java:execute(576)) - 389ddf04-1777-44a1-860a-c678eeab2358@group-79552B9A0B04-SegmentedRaftLogWorker: created new log segment /workdir/hadoop-ozone/tools/target/test-dir/MiniOzoneClusterImpl-48d4d914-35c7-4cf3-b630-f98a64bbf180/datanode-2/data/ratis/7e41723e-b75c-4785-a516-79552b9a0b04/current/log_inprogress_0
2019-10-17 02:18:43,088 [bf166244-8880-4b0f-9be5-11fb29082dcb@group-B1BFDD9519A8-SegmentedRaftLogWorker] INFO  segmented.SegmentedRaftLogWorker (SegmentedRaftLogWorker.java:execute(576)) - bf166244-8880-4b0f-9be5-11fb29082dcb@group-B1BFDD9519A8-SegmentedRaftLogWorker: created new log segment /workdir/hadoop-ozone/tools/target/test-dir/MiniOzoneClusterImpl-48d4d914-35c7-4cf3-b630-f98a64bbf180/datanode-1/data/ratis/c71c827b-8ae1-464e-84ff-b1bfdd9519a8/current/log_inprogress_0
2019-10-17 02:18:43,091 [389ddf04-1777-44a1-860a-c678eeab2358@group-8AC12130EEF9-LeaderElection4] INFO  impl.LeaderElection (LeaderElection.java:askForVotes(178)) - 389ddf04-1777-44a1-860a-c678eeab2358@group-8AC12130EEF9-LeaderElection4: begin an election at term 1 for -1: [bf166244-8880-4b0f-9be5-11fb29082dcb:192.168.157.194:44285, 33d40637-531b-47e9-8a2e-802b577efd6f:192.168.157.194:40644, 389ddf04-1777-44a1-860a-c678eeab2358:192.168.157.194:44119], old=null
2019-10-17 02:18:43,121 [grpc-default-executor-2] INFO  impl.RaftServerImpl (RaftServerImpl.java:setRole(184)) - 33d40637-531b-47e9-8a2e-802b577efd6f@group-8AC12130EEF9: changes role from  FOLLOWER to FOLLOWER at term 1 for recognizeCandidate:389ddf04-1777-44a1-860a-c678eeab2358
2019-10-17 02:18:43,121 [grpc-default-executor-0] INFO  impl.RaftServerImpl (RaftServerImpl.java:setRole(184)) - bf166244-8880-4b0f-9be5-11fb29082dcb@group-8AC12130EEF9: changes role from  FOLLOWER to FOLLOWER at term 1 for recognizeCandidate:389ddf04-1777-44a1-860a-c678eeab2358
2019-10-17 02:18:43,121 [grpc-default-executor-2] INFO  impl.RoleInfo (RoleInfo.java:shutdownFollowerState(121)) - 33d40637-531b-47e9-8a2e-802b577efd6f: shutdown FollowerState
2019-10-17 02:18:43,121 [grpc-default-executor-0] INFO  impl.RoleInfo (RoleInfo.java:shutdownFollowerState(121)) - bf166244-8880-4b0f-9be5-11fb29082dcb: shutdown FollowerState
2019-10-17 02:18:43,122 [grpc-default-executor-2] INFO  impl.RoleInfo (RoleInfo.java:updateAndGet(143)) - 33d40637-531b-47e9-8a2e-802b577efd6f: start FollowerState
2019-10-17 02:18:43,122 [Thread-198] INFO  impl.FollowerState (FollowerState.java:run(117)) - 33d40637-531b-47e9-8a2e-802b577efd6f@group-8AC12130EEF9-FollowerState was interrupted: java.lang.InterruptedException: sleep interrupted
2019-10-17 02:18:43,122 [grpc-default-executor-0] INFO  impl.RoleInfo (RoleInfo.java:updateAndGet(143)) - bf166244-8880-4b0f-9be5-11fb29082dcb: start FollowerState
2019-10-17 02:18:43,161 [389ddf04-1777-44a1-860a-c678eeab2358@group-8AC12130EEF9-LeaderElection4] INFO  impl.LeaderElection (LeaderElection.java:logAndReturn(56)) - 389ddf04-1777-44a1-860a-c678eeab2358@group-8AC12130EEF9-LeaderElection4: Election PASSED; received 1 response(s) [389ddf04-1777-44a1-860a-c678eeab2358<-bf166244-8880-4b0f-9be5-11fb29082dcb#0:OK-t1] and 0 exception(s); 389ddf04-1777-44a1-860a-c678eeab2358@group-8AC12130EEF9:t1, leader=null, voted=389ddf04-1777-44a1-860a-c678eeab2358, raftlog=389ddf04-1777-44a1-860a-c678eeab2358@group-8AC12130EEF9-SegmentedRaftLog:OPENED:c-1,f-1,i0, conf=-1: [bf166244-8880-4b0f-9be5-11fb29082dcb:192.168.157.194:44285, 33d40637-531b-47e9-8a2e-802b577efd6f:192.168.157.194:40644, 389ddf04-1777-44a1-860a-c678eeab2358:192.168.157.194:44119], old=null
2019-10-17 02:18:43,161 [389ddf04-1777-44a1-860a-c678eeab2358@group-8AC12130EEF9-LeaderElection4] INFO  impl.RoleInfo (RoleInfo.java:shutdownLeaderElection(134)) - 389ddf04-1777-44a1-860a-c678eeab2358: shutdown LeaderElection
2019-10-17 02:18:43,162 [389ddf04-1777-44a1-860a-c678eeab2358@group-8AC12130EEF9-LeaderElection4] INFO  impl.RaftServerImpl (RaftServerImpl.java:setRole(184)) - 389ddf04-1777-44a1-860a-c678eeab2358@group-8AC12130EEF9: changes role from CANDIDATE to LEADER at term 1 for changeToLeader
2019-10-17 02:18:43,162 [389ddf04-1777-44a1-860a-c678eeab2358@group-8AC12130EEF9-LeaderElection4] INFO  ratis.XceiverServerRatis (XceiverServerRatis.java:handleLeaderChangedNotification(699)) - Leader change notification received for group: group-8AC12130EEF9 with new leaderId: 389ddf04-1777-44a1-860a-c678eeab2358
2019-10-17 02:18:43,162 [389ddf04-1777-44a1-860a-c678eeab2358@group-8AC12130EEF9-LeaderElection4] INFO  impl.RaftServerImpl (ServerState.java:setLeader(256)) - 389ddf04-1777-44a1-860a-c678eeab2358@group-8AC12130EEF9: change Leader from null to 389ddf04-1777-44a1-860a-c678eeab2358 at term 1 for becomeLeader, leader elected after 150ms
2019-10-17 02:18:43,162 [389ddf04-1777-44a1-860a-c678eeab2358@group-8AC12130EEF9-LeaderElection4] INFO  server.RaftServerConfigKeys (ConfUtils.java:logGet(43)) - raft.server.staging.catchup.gap = 1000 (default)
2019-10-17 02:18:43,163 [389ddf04-1777-44a1-860a-c678eeab2358@group-8AC12130EEF9-LeaderElection4] INFO  server.RaftServerConfigKeys (ConfUtils.java:logGet(43)) - raft.server.rpc.sleep.time = 25ms (default)
2019-10-17 02:18:43,163 [389ddf04-1777-44a1-860a-c678eeab2358@group-8AC12130EEF9-LeaderElection4] INFO  server.RaftServerConfigKeys (ConfUtils.java:logGet(43)) - raft.server.write.element-limit = 4096 (default)
2019-10-17 02:18:43,163 [389ddf04-1777-44a1-860a-c678eeab2358@group-8AC12130EEF9-LeaderElection4] INFO  server.RaftServerConfigKeys (ConfUtils.java:logGet(43)) - raft.server.watch.timeout = 10s (default)
2019-10-17 02:18:43,164 [389ddf04-1777-44a1-860a-c678eeab2358@group-8AC12130EEF9-LeaderElection4] INFO  server.RaftServerConfigKeys (ConfUtils.java:logGet(43)) - raft.server.watch.timeout.denomination = 1s (default)
2019-10-17 02:18:43,164 [389ddf04-1777-44a1-860a-c678eeab2358@group-8AC12130EEF9-LeaderElection4] INFO  server.RaftServerConfigKeys (ConfUtils.java:logGet(43)) - raft.server.watch.element-limit = 65536 (default)
2019-10-17 02:18:43,165 [EventQueue-PipelineReportForPipelineReportHandler] INFO  pipeline.PipelineReportHandler (PipelineReportHandler.java:processPipelineReport(119)) - Pipeline PipelineID=ff11583e-de0a-46c8-b7ad-8ac12130eef9 reported by 389ddf04-1777-44a1-860a-c678eeab2358{ip: 192.168.157.194, host: pr-hdds-1868-g97gg-2149769003, networkLocation: /default-rack, certSerialId: null} with leaderId 389ddf04-1777-44a1-860a-c678eeab2358
2019-10-17 02:18:43,168 [389ddf04-1777-44a1-860a-c678eeab2358@group-8AC12130EEF9-LeaderElection4] INFO  server.RaftServerConfigKeys (ConfUtils.java:logGet(43)) - raft.server.log.appender.snapshot.chunk.size.max = 16MB (=16777216) (default)
2019-10-17 02:18:43,168 [389ddf04-1777-44a1-860a-c678eeab2358@group-8AC12130EEF9-LeaderElection4] INFO  server.RaftServerConfigKeys (ConfUtils.java:logGet(43)) - raft.server.log.appender.buffer.byte-limit = 33554432 (custom)
2019-10-17 02:18:43,169 [389ddf04-1777-44a1-860a-c678eeab2358@group-8AC12130EEF9-LeaderElection4] INFO  server.RaftServerConfigKeys (ConfUtils.java:logGet(43)) - raft.server.log.appender.buffer.element-limit = 1 (custom)
2019-10-17 02:18:43,171 [389ddf04-1777-44a1-860a-c678eeab2358@group-8AC12130EEF9-LeaderElection4] INFO  grpc.GrpcConfigKeys$Server (ConfUtils.java:logGet(43)) - raft.grpc.server.leader.outstanding.appends.max = 128 (default)
2019-10-17 02:18:43,172 [389ddf04-1777-44a1-860a-c678eeab2358@group-8AC12130EEF9-LeaderElection4] INFO  server.RaftServerConfigKeys (ConfUtils.java:logGet(43)) - raft.server.rpc.request.timeout = 3000ms (default)
2019-10-17 02:18:43,172 [389ddf04-1777-44a1-860a-c678eeab2358@group-8AC12130EEF9-LeaderElection4] INFO  server.RaftServerConfigKeys (ConfUtils.java:logGet(43)) - raft.server.log.appender.install.snapshot.enabled = false (custom)
2019-10-17 02:18:43,175 [389ddf04-1777-44a1-860a-c678eeab2358@group-8AC12130EEF9-LeaderElection4] INFO  server.RaftServerConfigKeys (ConfUtils.java:logGet(43)) - raft.server.log.appender.snapshot.chunk.size.max = 16MB (=16777216) (default)
2019-10-17 02:18:43,175 [389ddf04-1777-44a1-860a-c678eeab2358@group-8AC12130EEF9-LeaderElection4] INFO  server.RaftServerConfigKeys (ConfUtils.java:logGet(43)) - raft.server.log.appender.buffer.byte-limit = 33554432 (custom)
2019-10-17 02:18:43,175 [389ddf04-1777-44a1-860a-c678eeab2358@group-8AC12130EEF9-LeaderElection4] INFO  server.RaftServerConfigKeys (ConfUtils.java:logGet(43)) - raft.server.log.appender.buffer.element-limit = 1 (custom)
2019-10-17 02:18:43,176 [389ddf04-1777-44a1-860a-c678eeab2358@group-8AC12130EEF9-LeaderElection4] INFO  grpc.GrpcConfigKeys$Server (ConfUtils.java:logGet(43)) - raft.grpc.server.leader.outstanding.appends.max = 128 (default)
2019-10-17 02:18:43,176 [389ddf04-1777-44a1-860a-c678eeab2358@group-8AC12130EEF9-LeaderElection4] INFO  server.RaftServerConfigKeys (ConfUtils.java:logGet(43)) - raft.server.rpc.request.timeout = 3000ms (default)
2019-10-17 02:18:43,176 [389ddf04-1777-44a1-860a-c678eeab2358@group-8AC12130EEF9-LeaderElection4] INFO  server.RaftServerConfigKeys (ConfUtils.java:logGet(43)) - raft.server.log.appender.install.snapshot.enabled = false (custom)
2019-10-17 02:18:43,180 [389ddf04-1777-44a1-860a-c678eeab2358@group-8AC12130EEF9-LeaderElection4] INFO  impl.RoleInfo (RoleInfo.java:updateAndGet(143)) - 389ddf04-1777-44a1-860a-c678eeab2358: start LeaderState
2019-10-17 02:18:43,180 [389ddf04-1777-44a1-860a-c678eeab2358@group-8AC12130EEF9-LeaderElection4] INFO  segmented.SegmentedRaftLogWorker (SegmentedRaftLogWorker.java:startLogSegment(385)) - 389ddf04-1777-44a1-860a-c678eeab2358@group-8AC12130EEF9-SegmentedRaftLogWorker: Starting segment from index:0
2019-10-17 02:18:43,181 [389ddf04-1777-44a1-860a-c678eeab2358@group-8AC12130EEF9-LeaderElection4] INFO  impl.RaftServerImpl (ServerState.java:setRaftConf(357)) - 389ddf04-1777-44a1-860a-c678eeab2358@group-8AC12130EEF9: set configuration 0: [bf166244-8880-4b0f-9be5-11fb29082dcb:192.168.157.194:44285, 33d40637-531b-47e9-8a2e-802b577efd6f:192.168.157.194:40644, 389ddf04-1777-44a1-860a-c678eeab2358:192.168.157.194:44119], old=null at 0
2019-10-17 02:18:43,210 [Thread-207] INFO  impl.FollowerState (FollowerState.java:run(108)) - bf166244-8880-4b0f-9be5-11fb29082dcb@group-8AC12130EEF9-FollowerState: change to CANDIDATE, lastRpcTime:88ms, electionTimeout:63ms
2019-10-17 02:18:43,210 [Thread-207] INFO  impl.RoleInfo (RoleInfo.java:shutdownFollowerState(121)) - bf166244-8880-4b0f-9be5-11fb29082dcb: shutdown FollowerState
2019-10-17 02:18:43,210 [Thread-207] INFO  impl.RaftServerImpl (RaftServerImpl.java:setRole(184)) - bf166244-8880-4b0f-9be5-11fb29082dcb@group-8AC12130EEF9: changes role from  FOLLOWER to CANDIDATE at term 1 for changeToCandidate
2019-10-17 02:18:43,211 [Thread-207] INFO  impl.RoleInfo (RoleInfo.java:updateAndGet(143)) - bf166244-8880-4b0f-9be5-11fb29082dcb: start LeaderElection
2019-10-17 02:18:43,225 [389ddf04-1777-44a1-860a-c678eeab2358@group-8AC12130EEF9-SegmentedRaftLogWorker] INFO  segmented.SegmentedRaftLogWorker (SegmentedRaftLogWorker.java:execute(576)) - 389ddf04-1777-44a1-860a-c678eeab2358@group-8AC12130EEF9-SegmentedRaftLogWorker: created new log segment /workdir/hadoop-ozone/tools/target/test-dir/MiniOzoneClusterImpl-48d4d914-35c7-4cf3-b630-f98a64bbf180/datanode-2/data/ratis/ff11583e-de0a-46c8-b7ad-8ac12130eef9/current/log_inprogress_0
2019-10-17 02:18:43,225 [bf166244-8880-4b0f-9be5-11fb29082dcb@group-8AC12130EEF9-LeaderElection5] INFO  impl.LeaderElection (LeaderElection.java:askForVotes(178)) - bf166244-8880-4b0f-9be5-11fb29082dcb@group-8AC12130EEF9-LeaderElection5: begin an election at term 2 for -1: [bf166244-8880-4b0f-9be5-11fb29082dcb:192.168.157.194:44285, 33d40637-531b-47e9-8a2e-802b577efd6f:192.168.157.194:40644, 389ddf04-1777-44a1-860a-c678eeab2358:192.168.157.194:44119], old=null
2019-10-17 02:18:43,235 [grpc-default-executor-0] INFO  ratis.XceiverServerRatis (XceiverServerRatis.java:handleLeaderChangedNotification(699)) - Leader change notification received for group: group-8AC12130EEF9 with new leaderId: 389ddf04-1777-44a1-860a-c678eeab2358
2019-10-17 02:18:43,236 [grpc-default-executor-0] INFO  impl.RaftServerImpl (ServerState.java:setLeader(256)) - 33d40637-531b-47e9-8a2e-802b577efd6f@group-8AC12130EEF9: change Leader from null to 389ddf04-1777-44a1-860a-c678eeab2358 at term 1 for appendEntries, leader elected after 222ms
2019-10-17 02:18:43,238 [grpc-default-executor-3] INFO  impl.RaftServerImpl (ServerState.java:setLeader(256)) - 389ddf04-1777-44a1-860a-c678eeab2358@group-8AC12130EEF9: change Leader from 389ddf04-1777-44a1-860a-c678eeab2358 to null at term 2 for updateCurrentTerm
2019-10-17 02:18:43,238 [grpc-default-executor-3] INFO  impl.RaftServerImpl (RaftServerImpl.java:setRole(184)) - 389ddf04-1777-44a1-860a-c678eeab2358@group-8AC12130EEF9: changes role from    LEADER to FOLLOWER at term 2 for recognizeCandidate:bf166244-8880-4b0f-9be5-11fb29082dcb
2019-10-17 02:18:43,238 [grpc-default-executor-3] INFO  impl.RoleInfo (RoleInfo.java:shutdownLeaderState(104)) - 389ddf04-1777-44a1-860a-c678eeab2358: shutdown LeaderState
2019-10-17 02:18:43,239 [EventQueue-PipelineReportForPipelineReportHandler] INFO  pipeline.PipelineReportHandler (PipelineReportHandler.java:processPipelineReport(119)) - Pipeline PipelineID=ff11583e-de0a-46c8-b7ad-8ac12130eef9 reported by 33d40637-531b-47e9-8a2e-802b577efd6f{ip: 192.168.157.194, host: pr-hdds-1868-g97gg-2149769003, networkLocation: /default-rack, certSerialId: null} with leaderId 389ddf04-1777-44a1-860a-c678eeab2358
2019-10-17 02:18:43,240 [org.apache.ratis.server.impl.LogAppender$AppenderDaemon$$Lambda$441/1995119391@1fdb4ddb] WARN  server.GrpcLogAppender (GrpcLogAppender.java:mayWait(149)) - 389ddf04-1777-44a1-860a-c678eeab2358@group-8AC12130EEF9->bf166244-8880-4b0f-9be5-11fb29082dcb-GrpcLogAppender: Wait interrupted by java.lang.InterruptedException
2019-10-17 02:18:43,241 [org.apache.ratis.server.impl.LogAppender$AppenderDaemon$$Lambda$441/1995119391@2ef6c578] WARN  server.GrpcLogAppender (GrpcLogAppender.java:mayWait(149)) - 389ddf04-1777-44a1-860a-c678eeab2358@group-8AC12130EEF9->33d40637-531b-47e9-8a2e-802b577efd6f-GrpcLogAppender: Wait interrupted by java.lang.InterruptedException
2019-10-17 02:18:43,243 [grpc-default-executor-1] INFO  impl.RaftServerImpl (ServerState.java:setLeader(256)) - 33d40637-531b-47e9-8a2e-802b577efd6f@group-8AC12130EEF9: change Leader from 389ddf04-1777-44a1-860a-c678eeab2358 to null at term 2 for updateCurrentTerm
2019-10-17 02:18:43,244 [grpc-default-executor-1] INFO  impl.RaftServerImpl (RaftServerImpl.java:setRole(184)) - 33d40637-531b-47e9-8a2e-802b577efd6f@group-8AC12130EEF9: changes role from  FOLLOWER to FOLLOWER at term 2 for recognizeCandidate:bf166244-8880-4b0f-9be5-11fb29082dcb
2019-10-17 02:18:43,244 [grpc-default-executor-1] INFO  impl.RoleInfo (RoleInfo.java:shutdownFollowerState(121)) - 33d40637-531b-47e9-8a2e-802b577efd6f: shutdown FollowerState
2019-10-17 02:18:43,244 [grpc-default-executor-3] INFO  impl.PendingRequests (PendingRequests.java:sendNotLeaderResponses(202)) - 389ddf04-1777-44a1-860a-c678eeab2358@group-8AC12130EEF9-PendingRequests: sendNotLeaderResponses
2019-10-17 02:18:43,246 [Thread-206] INFO  impl.FollowerState (FollowerState.java:run(117)) - 33d40637-531b-47e9-8a2e-802b577efd6f@group-8AC12130EEF9-FollowerState was interrupted: java.lang.InterruptedException: sleep interrupted
2019-10-17 02:18:43,246 [grpc-default-executor-1] INFO  impl.RoleInfo (RoleInfo.java:updateAndGet(143)) - 33d40637-531b-47e9-8a2e-802b577efd6f: start FollowerState
2019-10-17 02:18:43,248 [grpc-default-executor-3] INFO  impl.RoleInfo (RoleInfo.java:updateAndGet(143)) - 389ddf04-1777-44a1-860a-c678eeab2358: start FollowerState
2019-10-17 02:18:43,248 [grpc-default-executor-2] INFO  server.GrpcServerProtocolService (GrpcServerProtocolService.java:onCompleted(113)) - bf166244-8880-4b0f-9be5-11fb29082dcb: Completed APPEND_ENTRIES, lastRequest: 389ddf04-1777-44a1-860a-c678eeab2358->bf166244-8880-4b0f-9be5-11fb29082dcb#0-t1, previous=(t:0, i:0), leaderCommit=-1, initializing? false, entries: <empty>
2019-10-17 02:18:43,259 [grpc-default-executor-4] INFO  server.GrpcLogAppender (GrpcLogAppender.java:onCompleted(308)) - 389ddf04-1777-44a1-860a-c678eeab2358@group-8AC12130EEF9->bf166244-8880-4b0f-9be5-11fb29082dcb-AppendLogResponseHandler: follower responses appendEntries COMPLETED
2019-10-17 02:18:43,261 [grpc-default-executor-0] INFO  server.GrpcServerProtocolService (GrpcServerProtocolService.java:onCompleted(113)) - 33d40637-531b-47e9-8a2e-802b577efd6f: Completed APPEND_ENTRIES, lastRequest: 389ddf04-1777-44a1-860a-c678eeab2358->33d40637-531b-47e9-8a2e-802b577efd6f#0-t1, previous=(t:0, i:0), leaderCommit=-1, initializing? false, entries: <empty>
2019-10-17 02:18:43,264 [grpc-default-executor-4] INFO  impl.FollowerInfo (FollowerInfo.java:lambda$new$0(51)) - 389ddf04-1777-44a1-860a-c678eeab2358@group-8AC12130EEF9->bf166244-8880-4b0f-9be5-11fb29082dcb: nextIndex: updateUnconditionally 0 -> 0
2019-10-17 02:18:43,266 [bf166244-8880-4b0f-9be5-11fb29082dcb@group-8AC12130EEF9-LeaderElection5] INFO  impl.LeaderElection (LeaderElection.java:logAndReturn(56)) - bf166244-8880-4b0f-9be5-11fb29082dcb@group-8AC12130EEF9-LeaderElection5: Election PASSED; received 2 response(s) [bf166244-8880-4b0f-9be5-11fb29082dcb<-389ddf04-1777-44a1-860a-c678eeab2358#0:FAIL-t2, bf166244-8880-4b0f-9be5-11fb29082dcb<-33d40637-531b-47e9-8a2e-802b577efd6f#0:OK-t2] and 0 exception(s); bf166244-8880-4b0f-9be5-11fb29082dcb@group-8AC12130EEF9:t2, leader=null, voted=bf166244-8880-4b0f-9be5-11fb29082dcb, raftlog=bf166244-8880-4b0f-9be5-11fb29082dcb@group-8AC12130EEF9-SegmentedRaftLog:OPENED:c-1,f-1,i0, conf=-1: [bf166244-8880-4b0f-9be5-11fb29082dcb:192.168.157.194:44285, 33d40637-531b-47e9-8a2e-802b577efd6f:192.168.157.194:40644, 389ddf04-1777-44a1-860a-c678eeab2358:192.168.157.194:44119], old=null
2019-10-17 02:18:43,266 [bf166244-8880-4b0f-9be5-11fb29082dcb@group-8AC12130EEF9-LeaderElection5] INFO  impl.RoleInfo (RoleInfo.java:shutdownLeaderElection(134)) - bf166244-8880-4b0f-9be5-11fb29082dcb: shutdown LeaderElection
2019-10-17 02:18:43,266 [bf166244-8880-4b0f-9be5-11fb29082dcb@group-8AC12130EEF9-LeaderElection5] INFO  impl.RaftServerImpl (RaftServerImpl.java:setRole(184)) - bf166244-8880-4b0f-9be5-11fb29082dcb@group-8AC12130EEF9: changes role from CANDIDATE to LEADER at term 2 for changeToLeader
2019-10-17 02:18:43,266 [bf166244-8880-4b0f-9be5-11fb29082dcb@group-8AC12130EEF9-LeaderElection5] INFO  ratis.XceiverServerRatis (XceiverServerRatis.java:handleLeaderChangedNotification(699)) - Leader change notification received for group: group-8AC12130EEF9 with new leaderId: bf166244-8880-4b0f-9be5-11fb29082dcb
2019-10-17 02:18:43,267 [bf166244-8880-4b0f-9be5-11fb29082dcb@group-8AC12130EEF9-LeaderElection5] INFO  impl.RaftServerImpl (ServerState.java:setLeader(256)) - bf166244-8880-4b0f-9be5-11fb29082dcb@group-8AC12130EEF9: change Leader from null to bf166244-8880-4b0f-9be5-11fb29082dcb at term 2 for becomeLeader, leader elected after 254ms
2019-10-17 02:18:43,267 [bf166244-8880-4b0f-9be5-11fb29082dcb@group-8AC12130EEF9-LeaderElection5] INFO  server.RaftServerConfigKeys (ConfUtils.java:logGet(43)) - raft.server.staging.catchup.gap = 1000 (default)
2019-10-17 02:18:43,267 [bf166244-8880-4b0f-9be5-11fb29082dcb@group-8AC12130EEF9-LeaderElection5] INFO  server.RaftServerConfigKeys (ConfUtils.java:logGet(43)) - raft.server.rpc.sleep.time = 25ms (default)
2019-10-17 02:18:43,268 [bf166244-8880-4b0f-9be5-11fb29082dcb@group-8AC12130EEF9-LeaderElection5] INFO  server.RaftServerConfigKeys (ConfUtils.java:logGet(43)) - raft.server.write.element-limit = 4096 (default)
2019-10-17 02:18:43,268 [bf166244-8880-4b0f-9be5-11fb29082dcb@group-8AC12130EEF9-LeaderElection5] INFO  server.RaftServerConfigKeys (ConfUtils.java:logGet(43)) - raft.server.watch.timeout = 10s (default)
2019-10-17 02:18:43,268 [bf166244-8880-4b0f-9be5-11fb29082dcb@group-8AC12130EEF9-LeaderElection5] INFO  server.RaftServerConfigKeys (ConfUtils.java:logGet(43)) - raft.server.watch.timeout.denomination = 1s (default)
2019-10-17 02:18:43,268 [bf166244-8880-4b0f-9be5-11fb29082dcb@group-8AC12130EEF9-LeaderElection5] INFO  server.RaftServerConfigKeys (ConfUtils.java:logGet(43)) - raft.server.watch.element-limit = 65536 (default)
2019-10-17 02:18:43,269 [EventQueue-PipelineReportForPipelineReportHandler] INFO  pipeline.PipelineReportHandler (PipelineReportHandler.java:processPipelineReport(119)) - Pipeline PipelineID=ff11583e-de0a-46c8-b7ad-8ac12130eef9 reported by bf166244-8880-4b0f-9be5-11fb29082dcb{ip: 192.168.157.194, host: pr-hdds-1868-g97gg-2149769003, networkLocation: /default-rack, certSerialId: null} with leaderId bf166244-8880-4b0f-9be5-11fb29082dcb
2019-10-17 02:18:43,271 [grpc-default-executor-4] INFO  server.GrpcLogAppender (GrpcLogAppender.java:onCompleted(308)) - 389ddf04-1777-44a1-860a-c678eeab2358@group-8AC12130EEF9->33d40637-531b-47e9-8a2e-802b577efd6f-AppendLogResponseHandler: follower responses appendEntries COMPLETED
2019-10-17 02:18:43,271 [bf166244-8880-4b0f-9be5-11fb29082dcb@group-8AC12130EEF9-LeaderElection5] INFO  server.RaftServerConfigKeys (ConfUtils.java:logGet(43)) - raft.server.log.appender.snapshot.chunk.size.max = 16MB (=16777216) (default)
2019-10-17 02:18:43,271 [bf166244-8880-4b0f-9be5-11fb29082dcb@group-8AC12130EEF9-LeaderElection5] INFO  server.RaftServerConfigKeys (ConfUtils.java:logGet(43)) - raft.server.log.appender.buffer.byte-limit = 33554432 (custom)
2019-10-17 02:18:43,272 [bf166244-8880-4b0f-9be5-11fb29082dcb@group-8AC12130EEF9-LeaderElection5] INFO  server.RaftServerConfigKeys (ConfUtils.java:logGet(43)) - raft.server.log.appender.buffer.element-limit = 1 (custom)
2019-10-17 02:18:43,272 [grpc-default-executor-4] INFO  impl.FollowerInfo (FollowerInfo.java:lambda$new$0(51)) - 389ddf04-1777-44a1-860a-c678eeab2358@group-8AC12130EEF9->33d40637-531b-47e9-8a2e-802b577efd6f: nextIndex: updateUnconditionally 0 -> 0
2019-10-17 02:18:43,272 [bf166244-8880-4b0f-9be5-11fb29082dcb@group-8AC12130EEF9-LeaderElection5] INFO  grpc.GrpcConfigKeys$Server (ConfUtils.java:logGet(43)) - raft.grpc.server.leader.outstanding.appends.max = 128 (default)
2019-10-17 02:18:43,272 [bf166244-8880-4b0f-9be5-11fb29082dcb@group-8AC12130EEF9-LeaderElection5] INFO  server.RaftServerConfigKeys (ConfUtils.java:logGet(43)) - raft.server.rpc.request.timeout = 3000ms (default)
2019-10-17 02:18:43,273 [bf166244-8880-4b0f-9be5-11fb29082dcb@group-8AC12130EEF9-LeaderElection5] INFO  server.RaftServerConfigKeys (ConfUtils.java:logGet(43)) - raft.server.log.appender.install.snapshot.enabled = false (custom)
2019-10-17 02:18:43,275 [bf166244-8880-4b0f-9be5-11fb29082dcb@group-8AC12130EEF9-LeaderElection5] INFO  server.RaftServerConfigKeys (ConfUtils.java:logGet(43)) - raft.server.log.appender.snapshot.chunk.size.max = 16MB (=16777216) (default)
2019-10-17 02:18:43,275 [bf166244-8880-4b0f-9be5-11fb29082dcb@group-8AC12130EEF9-LeaderElection5] INFO  server.RaftServerConfigKeys (ConfUtils.java:logGet(43)) - raft.server.log.appender.buffer.byte-limit = 33554432 (custom)
2019-10-17 02:18:43,275 [bf166244-8880-4b0f-9be5-11fb29082dcb@group-8AC12130EEF9-LeaderElection5] INFO  server.RaftServerConfigKeys (ConfUtils.java:logGet(43)) - raft.server.log.appender.buffer.element-limit = 1 (custom)
2019-10-17 02:18:43,275 [bf166244-8880-4b0f-9be5-11fb29082dcb@group-8AC12130EEF9-LeaderElection5] INFO  grpc.GrpcConfigKeys$Server (ConfUtils.java:logGet(43)) - raft.grpc.server.leader.outstanding.appends.max = 128 (default)
2019-10-17 02:18:43,275 [bf166244-8880-4b0f-9be5-11fb29082dcb@group-8AC12130EEF9-LeaderElection5] INFO  server.RaftServerConfigKeys (ConfUtils.java:logGet(43)) - raft.server.rpc.request.timeout = 3000ms (default)
2019-10-17 02:18:43,276 [bf166244-8880-4b0f-9be5-11fb29082dcb@group-8AC12130EEF9-LeaderElection5] INFO  server.RaftServerConfigKeys (ConfUtils.java:logGet(43)) - raft.server.log.appender.install.snapshot.enabled = false (custom)
2019-10-17 02:18:43,278 [bf166244-8880-4b0f-9be5-11fb29082dcb@group-8AC12130EEF9-LeaderElection5] INFO  impl.RoleInfo (RoleInfo.java:updateAndGet(143)) - bf166244-8880-4b0f-9be5-11fb29082dcb: start LeaderState
2019-10-17 02:18:43,278 [bf166244-8880-4b0f-9be5-11fb29082dcb@group-8AC12130EEF9-LeaderElection5] INFO  segmented.SegmentedRaftLogWorker (SegmentedRaftLogWorker.java:startLogSegment(385)) - bf166244-8880-4b0f-9be5-11fb29082dcb@group-8AC12130EEF9-SegmentedRaftLogWorker: Starting segment from index:0
2019-10-17 02:18:43,279 [bf166244-8880-4b0f-9be5-11fb29082dcb@group-8AC12130EEF9-LeaderElection5] INFO  impl.RaftServerImpl (ServerState.java:setRaftConf(357)) - bf166244-8880-4b0f-9be5-11fb29082dcb@group-8AC12130EEF9: set configuration 0: [bf166244-8880-4b0f-9be5-11fb29082dcb:192.168.157.194:44285, 33d40637-531b-47e9-8a2e-802b577efd6f:192.168.157.194:40644, 389ddf04-1777-44a1-860a-c678eeab2358:192.168.157.194:44119], old=null at 0
2019-10-17 02:18:43,309 [grpc-default-executor-4] INFO  ratis.XceiverServerRatis (XceiverServerRatis.java:handleLeaderChangedNotification(699)) - Leader change notification received for group: group-8AC12130EEF9 with new leaderId: bf166244-8880-4b0f-9be5-11fb29082dcb
2019-10-17 02:18:43,310 [grpc-default-executor-0] INFO  ratis.XceiverServerRatis (XceiverServerRatis.java:handleLeaderChangedNotification(699)) - Leader change notification received for group: group-8AC12130EEF9 with new leaderId: bf166244-8880-4b0f-9be5-11fb29082dcb
2019-10-17 02:18:43,310 [grpc-default-executor-4] INFO  impl.RaftServerImpl (ServerState.java:setLeader(256)) - 33d40637-531b-47e9-8a2e-802b577efd6f@group-8AC12130EEF9: change Leader from null to bf166244-8880-4b0f-9be5-11fb29082dcb at term 2 for appendEntries, leader elected after 65ms
2019-10-17 02:18:43,310 [grpc-default-executor-0] INFO  impl.RaftServerImpl (ServerState.java:setLeader(256)) - 389ddf04-1777-44a1-860a-c678eeab2358@group-8AC12130EEF9: change Leader from null to bf166244-8880-4b0f-9be5-11fb29082dcb at term 2 for appendEntries, leader elected after 71ms
2019-10-17 02:18:43,314 [EventQueue-PipelineReportForPipelineReportHandler] INFO  pipeline.PipelineReportHandler (PipelineReportHandler.java:processPipelineReport(119)) - Pipeline PipelineID=ff11583e-de0a-46c8-b7ad-8ac12130eef9 reported by 33d40637-531b-47e9-8a2e-802b577efd6f{ip: 192.168.157.194, host: pr-hdds-1868-g97gg-2149769003, networkLocation: /default-rack, certSerialId: null} with leaderId bf166244-8880-4b0f-9be5-11fb29082dcb
2019-10-17 02:18:43,314 [EventQueue-PipelineReportForPipelineReportHandler] INFO  pipeline.PipelineReportHandler (PipelineReportHandler.java:processPipelineReport(119)) - Pipeline PipelineID=ff11583e-de0a-46c8-b7ad-8ac12130eef9 reported by 389ddf04-1777-44a1-860a-c678eeab2358{ip: 192.168.157.194, host: pr-hdds-1868-g97gg-2149769003, networkLocation: /default-rack, certSerialId: null} with leaderId bf166244-8880-4b0f-9be5-11fb29082dcb
2019-10-17 02:18:43,314 [EventQueue-PipelineReportForPipelineReportHandler] INFO  pipeline.PipelineStateManager (PipelineStateManager.java:openPipeline(134)) - Pipeline Pipeline[ Id: ff11583e-de0a-46c8-b7ad-8ac12130eef9, Nodes: bf166244-8880-4b0f-9be5-11fb29082dcb{ip: 192.168.157.194, host: pr-hdds-1868-g97gg-2149769003, networkLocation: /default-rack, certSerialId: null}33d40637-531b-47e9-8a2e-802b577efd6f{ip: 192.168.157.194, host: pr-hdds-1868-g97gg-2149769003, networkLocation: /default-rack, certSerialId: null}389ddf04-1777-44a1-860a-c678eeab2358{ip: 192.168.157.194, host: pr-hdds-1868-g97gg-2149769003, networkLocation: /default-rack, certSerialId: null}, Type:RATIS, Factor:THREE, State:OPEN] moved to OPEN state
2019-10-17 02:18:43,323 [grpc-default-executor-0] INFO  impl.RaftServerImpl (ServerState.java:setRaftConf(357)) - 389ddf04-1777-44a1-860a-c678eeab2358@group-8AC12130EEF9: set configuration 0: [bf166244-8880-4b0f-9be5-11fb29082dcb:192.168.157.194:44285, 33d40637-531b-47e9-8a2e-802b577efd6f:192.168.157.194:40644, 389ddf04-1777-44a1-860a-c678eeab2358:192.168.157.194:44119], old=null at 0
2019-10-17 02:18:43,323 [grpc-default-executor-4] INFO  impl.RaftServerImpl (ServerState.java:setRaftConf(357)) - 33d40637-531b-47e9-8a2e-802b577efd6f@group-8AC12130EEF9: set configuration 0: [bf166244-8880-4b0f-9be5-11fb29082dcb:192.168.157.194:44285, 33d40637-531b-47e9-8a2e-802b577efd6f:192.168.157.194:40644, 389ddf04-1777-44a1-860a-c678eeab2358:192.168.157.194:44119], old=null at 0
2019-10-17 02:18:43,324 [grpc-default-executor-4] INFO  segmented.SegmentedRaftLogWorker (SegmentedRaftLogWorker.java:startLogSegment(385)) - 33d40637-531b-47e9-8a2e-802b577efd6f@group-8AC12130EEF9-SegmentedRaftLogWorker: Starting segment from index:0
2019-10-17 02:18:43,326 [grpc-default-executor-0] INFO  segmented.SegmentedRaftLogWorker (SegmentedRaftLogWorker.java:truncate(401)) - 389ddf04-1777-44a1-860a-c678eeab2358@group-8AC12130EEF9-SegmentedRaftLogWorker: Truncating segments toTruncate: null
  toDelete: [(0, 0) isOpen? true, length=0, newEndIndex=-1], start index 0
2019-10-17 02:18:43,353 [bf166244-8880-4b0f-9be5-11fb29082dcb@group-8AC12130EEF9-SegmentedRaftLogWorker] INFO  segmented.SegmentedRaftLogWorker (SegmentedRaftLogWorker.java:execute(576)) - bf166244-8880-4b0f-9be5-11fb29082dcb@group-8AC12130EEF9-SegmentedRaftLogWorker: created new log segment /workdir/hadoop-ozone/tools/target/test-dir/MiniOzoneClusterImpl-48d4d914-35c7-4cf3-b630-f98a64bbf180/datanode-1/data/ratis/ff11583e-de0a-46c8-b7ad-8ac12130eef9/current/log_inprogress_0
2019-10-17 02:18:43,354 [grpc-default-executor-0] INFO  segmented.SegmentedRaftLogWorker (SegmentedRaftLogWorker.java:startLogSegment(385)) - 389ddf04-1777-44a1-860a-c678eeab2358@group-8AC12130EEF9-SegmentedRaftLogWorker: Starting segment from index:0
2019-10-17 02:18:43,362 [389ddf04-1777-44a1-860a-c678eeab2358@group-8AC12130EEF9-SegmentedRaftLogWorker] INFO  segmented.SegmentedRaftLogWorker (SegmentedRaftLogWorker.java:execute(640)) - 389ddf04-1777-44a1-860a-c678eeab2358@group-8AC12130EEF9-SegmentedRaftLogWorker: Deleted log file /workdir/hadoop-ozone/tools/target/test-dir/MiniOzoneClusterImpl-48d4d914-35c7-4cf3-b630-f98a64bbf180/datanode-2/data/ratis/ff11583e-de0a-46c8-b7ad-8ac12130eef9/current/log_inprogress_0
2019-10-17 02:18:43,362 [389ddf04-1777-44a1-860a-c678eeab2358@group-8AC12130EEF9-SegmentedRaftLogWorker] INFO  segmented.SegmentedRaftLogWorker (SegmentedRaftLogWorker.java:lambda$new$0(128)) - 389ddf04-1777-44a1-860a-c678eeab2358@group-8AC12130EEF9-SegmentedRaftLogWorker: flushIndex: setUnconditionally 0 -> -1
2019-10-17 02:18:43,386 [33d40637-531b-47e9-8a2e-802b577efd6f@group-8AC12130EEF9-SegmentedRaftLogWorker] INFO  segmented.SegmentedRaftLogWorker (SegmentedRaftLogWorker.java:execute(576)) - 33d40637-531b-47e9-8a2e-802b577efd6f@group-8AC12130EEF9-SegmentedRaftLogWorker: created new log segment /workdir/hadoop-ozone/tools/target/test-dir/MiniOzoneClusterImpl-48d4d914-35c7-4cf3-b630-f98a64bbf180/datanode-0/data/ratis/ff11583e-de0a-46c8-b7ad-8ac12130eef9/current/log_inprogress_0
2019-10-17 02:18:43,422 [389ddf04-1777-44a1-860a-c678eeab2358@group-8AC12130EEF9-SegmentedRaftLogWorker] INFO  segmented.SegmentedRaftLogWorker (SegmentedRaftLogWorker.java:execute(576)) - 389ddf04-1777-44a1-860a-c678eeab2358@group-8AC12130EEF9-SegmentedRaftLogWorker: created new log segment /workdir/hadoop-ozone/tools/target/test-dir/MiniOzoneClusterImpl-48d4d914-35c7-4cf3-b630-f98a64bbf180/datanode-2/data/ratis/ff11583e-de0a-46c8-b7ad-8ac12130eef9/current/log_inprogress_0
2019-10-17 02:18:44,075 [main] INFO  ozone.MiniOzoneClusterImpl (MiniOzoneClusterImpl.java:lambda$waitForClusterToBeReady$2(172)) - Cluster is ready. Got 3 of 3 DN Heartbeats.
2019-10-17 02:18:44,954 [main] INFO  freon.RandomKeyGenerator (RandomKeyGenerator.java:call(283)) - Number of Threads: 10
2019-10-17 02:18:44,956 [main] INFO  freon.RandomKeyGenerator (RandomKeyGenerator.java:call(288)) - Number of Volumes: 1.
2019-10-17 02:18:44,956 [main] INFO  freon.RandomKeyGenerator (RandomKeyGenerator.java:call(289)) - Number of Buckets per Volume: 1.
2019-10-17 02:18:44,956 [main] INFO  freon.RandomKeyGenerator (RandomKeyGenerator.java:call(290)) - Number of Keys per Bucket: 1.
2019-10-17 02:18:44,956 [main] INFO  freon.RandomKeyGenerator (RandomKeyGenerator.java:call(291)) - Key size: 20971520 bytes
2019-10-17 02:18:44,956 [main] INFO  freon.RandomKeyGenerator (RandomKeyGenerator.java:call(292)) - Buffer size: 4096 bytes
2019-10-17 02:18:44,957 [main] INFO  freon.RandomKeyGenerator (RandomKeyGenerator.java:call(293)) - validateWrites : true
2019-10-17 02:18:44,964 [main] INFO  freon.RandomKeyGenerator (RandomKeyGenerator.java:call(307)) - Data validation is enabled.
2019-10-17 02:18:44,968 [main] INFO  freon.RandomKeyGenerator (RandomKeyGenerator.java:call(313)) - Starting progress bar Thread.

2019-10-17 02:18:44,969 [Thread-178] INFO  container.ReplicationManager (ReplicationManager.java:start(162)) - Starting Replication Monitor Thread.
2019-10-17 02:18:44,972 [ReplicationMonitor] INFO  container.ReplicationManager (ReplicationManager.java:run(225)) - Replication Monitor Thread took 1 milliseconds for processing 0 containers.
 0.00% |?                                                                                                    |  0/1 Time: 0:00:002019-10-17 02:18:44,996 [pool-53-thread-1] INFO  rpc.RpcClient (RpcClient.java:createVolume(272)) - Creating Volume: vol-0-70942, with jenkins1000 as owner.
2019-10-17 02:18:45,087 [IPC Server handler 0 on 42878] INFO  volume.OMVolumeCreateRequest (OMVolumeCreateRequest.java:validateAndUpdateCache(193)) - created volume:vol-0-70942 for user:jenkins1000
2019-10-17 02:18:45,114 [pool-53-thread-2] INFO  rpc.RpcClient (RpcClient.java:createBucket(411)) - Creating Bucket: vol-0-70942/bucket-0-50155, with Versioning false and Storage Type set to DISK and Encryption set to false 
2019-10-17 02:18:45,265 [pool-53-thread-3] INFO  impl.MetricsSystemImpl (MetricsSystemImpl.java:init(158)) - XceiverClientMetrics metrics system started (again)
 0.00% |?                                                                                                    |  0/1 Time: 0:00:01 0.00% |?                                                                                                    |  0/1 Time: 0:00:02 0.00% |?                                                                                                    |  0/1 Time: 0:00:03 0.00% |?                                                                                                    |  0/1 Time: 0:00:04 100.00% |?????????????????????????????????????????????????????????????????????????????????????????????????????|  1/1 Time: 0:00:05
2019-10-17 02:18:54,863 [main] INFO  pipeline.SCMPipelineManager (SCMPipelineManager.java:finalizeAndDestroyPipeline(315)) - destroying pipeline:Pipeline[ Id: ff11583e-de0a-46c8-b7ad-8ac12130eef9, Nodes: bf166244-8880-4b0f-9be5-11fb29082dcb{ip: 192.168.157.194, host: pr-hdds-1868-g97gg-2149769003, networkLocation: /default-rack, certSerialId: null}33d40637-531b-47e9-8a2e-802b577efd6f{ip: 192.168.157.194, host: pr-hdds-1868-g97gg-2149769003, networkLocation: /default-rack, certSerialId: null}389ddf04-1777-44a1-860a-c678eeab2358{ip: 192.168.157.194, host: pr-hdds-1868-g97gg-2149769003, networkLocation: /default-rack, certSerialId: null}, Type:RATIS, Factor:THREE, State:OPEN]
2019-10-17 02:18:54,864 [main] INFO  pipeline.PipelineStateManager (PipelineStateManager.java:finalizePipeline(121)) - Pipeline Pipeline[ Id: ff11583e-de0a-46c8-b7ad-8ac12130eef9, Nodes: bf166244-8880-4b0f-9be5-11fb29082dcb{ip: 192.168.157.194, host: pr-hdds-1868-g97gg-2149769003, networkLocation: /default-rack, certSerialId: null}33d40637-531b-47e9-8a2e-802b577efd6f{ip: 192.168.157.194, host: pr-hdds-1868-g97gg-2149769003, networkLocation: /default-rack, certSerialId: null}389ddf04-1777-44a1-860a-c678eeab2358{ip: 192.168.157.194, host: pr-hdds-1868-g97gg-2149769003, networkLocation: /default-rack, certSerialId: null}, Type:RATIS, Factor:THREE, State:CLOSED] moved to CLOSED state
2019-10-17 02:18:54,865 [EventQueue-CloseContainerForCloseContainerEventHandler] INFO  container.CloseContainerEventHandler (CloseContainerEventHandler.java:onMessage(61)) - Close container Event triggered for container : #1
2019-10-17 02:18:54,870 [EventQueue-CloseContainerForCloseContainerEventHandler] INFO  container.CloseContainerEventHandler (CloseContainerEventHandler.java:onMessage(61)) - Close container Event triggered for container : #2
2019-10-17 02:18:54,870 [EventQueue-CloseContainerForCloseContainerEventHandler] INFO  container.CloseContainerEventHandler (CloseContainerEventHandler.java:onMessage(61)) - Close container Event triggered for container : #3
2019-10-17 02:18:54,881 [grpc-default-executor-3] INFO  impl.RaftServerProxy (RaftServerProxy.java:remove(95)) - bf166244-8880-4b0f-9be5-11fb29082dcb: remove    LEADER bf166244-8880-4b0f-9be5-11fb29082dcb@group-8AC12130EEF9:t2, leader=bf166244-8880-4b0f-9be5-11fb29082dcb, voted=bf166244-8880-4b0f-9be5-11fb29082dcb, raftlog=bf166244-8880-4b0f-9be5-11fb29082dcb@group-8AC12130EEF9-SegmentedRaftLog:OPENED:c76,f76,i76, conf=0: [bf166244-8880-4b0f-9be5-11fb29082dcb:192.168.157.194:44285, 33d40637-531b-47e9-8a2e-802b577efd6f:192.168.157.194:40644, 389ddf04-1777-44a1-860a-c678eeab2358:192.168.157.194:44119], old=null RUNNING
2019-10-17 02:18:54,884 [grpc-default-executor-3] INFO  impl.RaftServerImpl (RaftServerImpl.java:lambda$shutdown$3(261)) - bf166244-8880-4b0f-9be5-11fb29082dcb@group-8AC12130EEF9: shutdown
2019-10-17 02:18:54,885 [grpc-default-executor-3] INFO  util.JmxRegister (JmxRegister.java:unregister(73)) - Successfully un-registered JMX Bean with object name Ratis:service=RaftServer,group=group-8AC12130EEF9,id=bf166244-8880-4b0f-9be5-11fb29082dcb
2019-10-17 02:18:54,885 [grpc-default-executor-3] INFO  impl.RoleInfo (RoleInfo.java:shutdownLeaderState(104)) - bf166244-8880-4b0f-9be5-11fb29082dcb: shutdown LeaderState
2019-10-17 02:18:54,886 [grpc-default-executor-3] INFO  impl.PendingRequests (PendingRequests.java:sendNotLeaderResponses(202)) - bf166244-8880-4b0f-9be5-11fb29082dcb@group-8AC12130EEF9-PendingRequests: sendNotLeaderResponses
2019-10-17 02:18:54,887 [org.apache.ratis.server.impl.LogAppender$AppenderDaemon$$Lambda$441/1995119391@2f158b7] WARN  server.GrpcLogAppender (GrpcLogAppender.java:mayWait(149)) - bf166244-8880-4b0f-9be5-11fb29082dcb@group-8AC12130EEF9->389ddf04-1777-44a1-860a-c678eeab2358-GrpcLogAppender: Wait interrupted by java.lang.InterruptedException
2019-10-17 02:18:54,886 [org.apache.ratis.server.impl.LogAppender$AppenderDaemon$$Lambda$441/1995119391@33888cbc] WARN  server.GrpcLogAppender (GrpcLogAppender.java:mayWait(149)) - bf166244-8880-4b0f-9be5-11fb29082dcb@group-8AC12130EEF9->33d40637-531b-47e9-8a2e-802b577efd6f-GrpcLogAppender: Wait interrupted by java.lang.InterruptedException
2019-10-17 02:18:54,889 [grpc-default-executor-3] INFO  impl.StateMachineUpdater (StateMachineUpdater.java:stopAndJoin(136)) - bf166244-8880-4b0f-9be5-11fb29082dcb@group-8AC12130EEF9-StateMachineUpdater: set stopIndex = 76
2019-10-17 02:18:54,890 [bf166244-8880-4b0f-9be5-11fb29082dcb@group-8AC12130EEF9-StateMachineUpdater] INFO  ratis.ContainerStateMachine (ContainerStateMachine.java:takeSnapshot(296)) - group-8AC12130EEF9: Taking a snapshot at:(t:2, i:75) file /workdir/hadoop-ozone/tools/target/test-dir/MiniOzoneClusterImpl-48d4d914-35c7-4cf3-b630-f98a64bbf180/datanode-1/data/ratis/ff11583e-de0a-46c8-b7ad-8ac12130eef9/sm/snapshot.2_75
2019-10-17 02:18:54,890 [grpc-default-executor-1] INFO  server.GrpcServerProtocolService (GrpcServerProtocolService.java:onCompleted(113)) - 33d40637-531b-47e9-8a2e-802b577efd6f: Completed APPEND_ENTRIES, lastRequest: bf166244-8880-4b0f-9be5-11fb29082dcb->33d40637-531b-47e9-8a2e-802b577efd6f#80-t2, previous=(t:2, i:76), leaderCommit=76, initializing? false, entries: <empty>
2019-10-17 02:18:54,890 [grpc-default-executor-4] INFO  server.GrpcServerProtocolService (GrpcServerProtocolService.java:onCompleted(113)) - 389ddf04-1777-44a1-860a-c678eeab2358: Completed APPEND_ENTRIES, lastRequest: bf166244-8880-4b0f-9be5-11fb29082dcb->389ddf04-1777-44a1-860a-c678eeab2358#80-t2, previous=(t:2, i:76), leaderCommit=76, initializing? false, entries: <empty>
2019-10-17 02:18:54,892 [grpc-default-executor-4] INFO  server.GrpcLogAppender (GrpcLogAppender.java:onCompleted(308)) - bf166244-8880-4b0f-9be5-11fb29082dcb@group-8AC12130EEF9->33d40637-531b-47e9-8a2e-802b577efd6f-AppendLogResponseHandler: follower responses appendEntries COMPLETED
2019-10-17 02:18:54,893 [grpc-default-executor-1] INFO  server.GrpcLogAppender (GrpcLogAppender.java:onCompleted(308)) - bf166244-8880-4b0f-9be5-11fb29082dcb@group-8AC12130EEF9->389ddf04-1777-44a1-860a-c678eeab2358-AppendLogResponseHandler: follower responses appendEntries COMPLETED
2019-10-17 02:18:54,894 [grpc-default-executor-4] INFO  impl.FollowerInfo (FollowerInfo.java:lambda$new$0(51)) - bf166244-8880-4b0f-9be5-11fb29082dcb@group-8AC12130EEF9->33d40637-531b-47e9-8a2e-802b577efd6f: nextIndex: updateUnconditionally 77 -> 76
2019-10-17 02:18:54,896 [grpc-default-executor-1] INFO  impl.FollowerInfo (FollowerInfo.java:lambda$new$0(51)) - bf166244-8880-4b0f-9be5-11fb29082dcb@group-8AC12130EEF9->389ddf04-1777-44a1-860a-c678eeab2358: nextIndex: updateUnconditionally 77 -> 76
2019-10-17 02:18:54,981 [bf166244-8880-4b0f-9be5-11fb29082dcb@group-8AC12130EEF9-StateMachineUpdater] INFO  ratis.ContainerStateMachine (ContainerStateMachine.java:takeSnapshot(307)) - group-8AC12130EEF9: Finished taking a snapshot at:(t:2, i:75) file:/workdir/hadoop-ozone/tools/target/test-dir/MiniOzoneClusterImpl-48d4d914-35c7-4cf3-b630-f98a64bbf180/datanode-1/data/ratis/ff11583e-de0a-46c8-b7ad-8ac12130eef9/sm/snapshot.2_75 time:91
2019-10-17 02:18:54,983 [bf166244-8880-4b0f-9be5-11fb29082dcb@group-8AC12130EEF9-StateMachineUpdater] INFO  impl.StateMachineUpdater (StateMachineUpdater.java:takeSnapshot(269)) - bf166244-8880-4b0f-9be5-11fb29082dcb@group-8AC12130EEF9-StateMachineUpdater: Took a snapshot at index 75
2019-10-17 02:18:54,984 [bf166244-8880-4b0f-9be5-11fb29082dcb@group-8AC12130EEF9-StateMachineUpdater] INFO  impl.StateMachineUpdater (StateMachineUpdater.java:lambda$new$0(84)) - bf166244-8880-4b0f-9be5-11fb29082dcb@group-8AC12130EEF9-StateMachineUpdater: snapshotIndex: updateIncreasingly -1 -> 75
2019-10-17 02:18:54,986 [bf166244-8880-4b0f-9be5-11fb29082dcb@group-8AC12130EEF9-StateMachineUpdater] INFO  ratis.ContainerStateMachine (ContainerStateMachine.java:takeSnapshot(296)) - group-8AC12130EEF9: Taking a snapshot at:(t:2, i:75) file /workdir/hadoop-ozone/tools/target/test-dir/MiniOzoneClusterImpl-48d4d914-35c7-4cf3-b630-f98a64bbf180/datanode-1/data/ratis/ff11583e-de0a-46c8-b7ad-8ac12130eef9/sm/snapshot.2_75
2019-10-17 02:18:54,997 [bf166244-8880-4b0f-9be5-11fb29082dcb@group-8AC12130EEF9-StateMachineUpdater] INFO  ratis.ContainerStateMachine (ContainerStateMachine.java:takeSnapshot(307)) - group-8AC12130EEF9: Finished taking a snapshot at:(t:2, i:75) file:/workdir/hadoop-ozone/tools/target/test-dir/MiniOzoneClusterImpl-48d4d914-35c7-4cf3-b630-f98a64bbf180/datanode-1/data/ratis/ff11583e-de0a-46c8-b7ad-8ac12130eef9/sm/snapshot.2_75 time:10
2019-10-17 02:18:54,997 [bf166244-8880-4b0f-9be5-11fb29082dcb@group-8AC12130EEF9-StateMachineUpdater] INFO  impl.StateMachineUpdater (StateMachineUpdater.java:takeSnapshot(269)) - bf166244-8880-4b0f-9be5-11fb29082dcb@group-8AC12130EEF9-StateMachineUpdater: Took a snapshot at index 75
2019-10-17 02:18:54,997 [bf166244-8880-4b0f-9be5-11fb29082dcb@group-8AC12130EEF9-StateMachineUpdater] INFO  impl.StateMachineUpdater (StateMachineUpdater.java:lambda$new$0(84)) - bf166244-8880-4b0f-9be5-11fb29082dcb@group-8AC12130EEF9-StateMachineUpdater: snapshotIndex: updateIncreasingly 75 -> 75
2019-10-17 02:18:54,997 [grpc-default-executor-3] INFO  impl.RaftServerImpl (ServerState.java:close(388)) - bf166244-8880-4b0f-9be5-11fb29082dcb@group-8AC12130EEF9: closes. applyIndex: 76
2019-10-17 02:18:54,999 [bf166244-8880-4b0f-9be5-11fb29082dcb@group-8AC12130EEF9-SegmentedRaftLogWorker] INFO  segmented.SegmentedRaftLogWorker (SegmentedRaftLogWorker.java:run(316)) - bf166244-8880-4b0f-9be5-11fb29082dcb@group-8AC12130EEF9-SegmentedRaftLogWorker was interrupted, exiting. There are 0 tasks remaining in the queue.
2019-10-17 02:18:55,000 [grpc-default-executor-3] INFO  segmented.SegmentedRaftLogWorker (SegmentedRaftLogWorker.java:close(224)) - bf166244-8880-4b0f-9be5-11fb29082dcb@group-8AC12130EEF9-SegmentedRaftLogWorker close()
2019-10-17 02:18:55,032 [grpc-default-executor-3] INFO  interfaces.Container (KeyValueContainer.java:flushAndSyncDB(386)) - Container 1 is synced with bcsId 59.
2019-10-17 02:18:55,032 [grpc-default-executor-3] INFO  interfaces.Container (KeyValueContainer.java:flushAndSyncDB(386)) - Container 1 is synced with bcsId 59.
2019-10-17 02:18:55,052 [EventQueue-IncrementalContainerReportForIncrementalContainerReportHandler] INFO  container.IncrementalContainerReportHandler (AbstractContainerReportHandler.java:updateContainerState(171)) - Moving container #1 to QUASI_CLOSED state, datanode bf166244-8880-4b0f-9be5-11fb29082dcb{ip: 192.168.157.194, host: pr-hdds-1868-g97gg-2149769003, networkLocation: /default-rack, certSerialId: null} reported QUASI_CLOSED replica.
2019-10-17 02:18:55,064 [grpc-default-executor-3] INFO  interfaces.Container (KeyValueContainer.java:flushAndSyncDB(386)) - Container 2 is synced with bcsId 75.
2019-10-17 02:18:55,065 [grpc-default-executor-3] INFO  interfaces.Container (KeyValueContainer.java:flushAndSyncDB(386)) - Container 2 is synced with bcsId 75.
2019-10-17 02:18:55,078 [EventQueue-IncrementalContainerReportForIncrementalContainerReportHandler] INFO  container.IncrementalContainerReportHandler (AbstractContainerReportHandler.java:updateContainerState(171)) - Moving container #2 to QUASI_CLOSED state, datanode bf166244-8880-4b0f-9be5-11fb29082dcb{ip: 192.168.157.194, host: pr-hdds-1868-g97gg-2149769003, networkLocation: /default-rack, certSerialId: null} reported QUASI_CLOSED replica.
2019-10-17 02:18:55,095 [grpc-default-executor-3] INFO  interfaces.Container (KeyValueContainer.java:flushAndSyncDB(386)) - Container 3 is synced with bcsId 41.
2019-10-17 02:18:55,095 [grpc-default-executor-3] INFO  interfaces.Container (KeyValueContainer.java:flushAndSyncDB(386)) - Container 3 is synced with bcsId 41.
2019-10-17 02:18:55,111 [EventQueue-IncrementalContainerReportForIncrementalContainerReportHandler] INFO  container.IncrementalContainerReportHandler (AbstractContainerReportHandler.java:updateContainerState(171)) - Moving container #3 to QUASI_CLOSED state, datanode bf166244-8880-4b0f-9be5-11fb29082dcb{ip: 192.168.157.194, host: pr-hdds-1868-g97gg-2149769003, networkLocation: /default-rack, certSerialId: null} reported QUASI_CLOSED replica.
2019-10-17 02:18:55,123 [grpc-default-executor-3] INFO  impl.RaftServerProxy (RaftServerProxy.java:remove(95)) - 33d40637-531b-47e9-8a2e-802b577efd6f: remove  FOLLOWER 33d40637-531b-47e9-8a2e-802b577efd6f@group-8AC12130EEF9:t2, leader=bf166244-8880-4b0f-9be5-11fb29082dcb, voted=bf166244-8880-4b0f-9be5-11fb29082dcb, raftlog=33d40637-531b-47e9-8a2e-802b577efd6f@group-8AC12130EEF9-SegmentedRaftLog:OPENED:c76,f76,i76, conf=0: [bf166244-8880-4b0f-9be5-11fb29082dcb:192.168.157.194:44285, 33d40637-531b-47e9-8a2e-802b577efd6f:192.168.157.194:40644, 389ddf04-1777-44a1-860a-c678eeab2358:192.168.157.194:44119], old=null RUNNING
2019-10-17 02:18:55,124 [grpc-default-executor-3] INFO  impl.RaftServerImpl (RaftServerImpl.java:lambda$shutdown$3(261)) - 33d40637-531b-47e9-8a2e-802b577efd6f@group-8AC12130EEF9: shutdown
2019-10-17 02:18:55,124 [grpc-default-executor-3] INFO  util.JmxRegister (JmxRegister.java:unregister(73)) - Successfully un-registered JMX Bean with object name Ratis:service=RaftServer,group=group-8AC12130EEF9,id=33d40637-531b-47e9-8a2e-802b577efd6f
2019-10-17 02:18:55,124 [grpc-default-executor-3] INFO  impl.RoleInfo (RoleInfo.java:shutdownFollowerState(121)) - 33d40637-531b-47e9-8a2e-802b577efd6f: shutdown FollowerState
2019-10-17 02:18:55,124 [grpc-default-executor-3] INFO  impl.StateMachineUpdater (StateMachineUpdater.java:stopAndJoin(136)) - 33d40637-531b-47e9-8a2e-802b577efd6f@group-8AC12130EEF9-StateMachineUpdater: set stopIndex = 76
2019-10-17 02:18:55,124 [33d40637-531b-47e9-8a2e-802b577efd6f@group-8AC12130EEF9-StateMachineUpdater] INFO  ratis.ContainerStateMachine (ContainerStateMachine.java:takeSnapshot(296)) - group-8AC12130EEF9: Taking a snapshot at:(t:2, i:75) file /workdir/hadoop-ozone/tools/target/test-dir/MiniOzoneClusterImpl-48d4d914-35c7-4cf3-b630-f98a64bbf180/datanode-0/data/ratis/ff11583e-de0a-46c8-b7ad-8ac12130eef9/sm/snapshot.2_75
2019-10-17 02:18:55,124 [Thread-217] INFO  impl.FollowerState (FollowerState.java:run(117)) - 33d40637-531b-47e9-8a2e-802b577efd6f@group-8AC12130EEF9-FollowerState was interrupted: java.lang.InterruptedException: sleep interrupted
2019-10-17 02:18:55,137 [33d40637-531b-47e9-8a2e-802b577efd6f@group-8AC12130EEF9-StateMachineUpdater] INFO  ratis.ContainerStateMachine (ContainerStateMachine.java:takeSnapshot(307)) - group-8AC12130EEF9: Finished taking a snapshot at:(t:2, i:75) file:/workdir/hadoop-ozone/tools/target/test-dir/MiniOzoneClusterImpl-48d4d914-35c7-4cf3-b630-f98a64bbf180/datanode-0/data/ratis/ff11583e-de0a-46c8-b7ad-8ac12130eef9/sm/snapshot.2_75 time:12
2019-10-17 02:18:55,137 [33d40637-531b-47e9-8a2e-802b577efd6f@group-8AC12130EEF9-StateMachineUpdater] INFO  impl.StateMachineUpdater (StateMachineUpdater.java:takeSnapshot(269)) - 33d40637-531b-47e9-8a2e-802b577efd6f@group-8AC12130EEF9-StateMachineUpdater: Took a snapshot at index 75
2019-10-17 02:18:55,137 [33d40637-531b-47e9-8a2e-802b577efd6f@group-8AC12130EEF9-StateMachineUpdater] INFO  impl.StateMachineUpdater (StateMachineUpdater.java:lambda$new$0(84)) - 33d40637-531b-47e9-8a2e-802b577efd6f@group-8AC12130EEF9-StateMachineUpdater: snapshotIndex: updateIncreasingly -1 -> 75
2019-10-17 02:18:55,137 [33d40637-531b-47e9-8a2e-802b577efd6f@group-8AC12130EEF9-StateMachineUpdater] INFO  ratis.ContainerStateMachine (ContainerStateMachine.java:takeSnapshot(296)) - group-8AC12130EEF9: Taking a snapshot at:(t:2, i:75) file /workdir/hadoop-ozone/tools/target/test-dir/MiniOzoneClusterImpl-48d4d914-35c7-4cf3-b630-f98a64bbf180/datanode-0/data/ratis/ff11583e-de0a-46c8-b7ad-8ac12130eef9/sm/snapshot.2_75
2019-10-17 02:18:55,148 [33d40637-531b-47e9-8a2e-802b577efd6f@group-8AC12130EEF9-StateMachineUpdater] INFO  ratis.ContainerStateMachine (ContainerStateMachine.java:takeSnapshot(307)) - group-8AC12130EEF9: Finished taking a snapshot at:(t:2, i:75) file:/workdir/hadoop-ozone/tools/target/test-dir/MiniOzoneClusterImpl-48d4d914-35c7-4cf3-b630-f98a64bbf180/datanode-0/data/ratis/ff11583e-de0a-46c8-b7ad-8ac12130eef9/sm/snapshot.2_75 time:11
2019-10-17 02:18:55,148 [33d40637-531b-47e9-8a2e-802b577efd6f@group-8AC12130EEF9-StateMachineUpdater] INFO  impl.StateMachineUpdater (StateMachineUpdater.java:takeSnapshot(269)) - 33d40637-531b-47e9-8a2e-802b577efd6f@group-8AC12130EEF9-StateMachineUpdater: Took a snapshot at index 75
2019-10-17 02:18:55,148 [33d40637-531b-47e9-8a2e-802b577efd6f@group-8AC12130EEF9-StateMachineUpdater] INFO  impl.StateMachineUpdater (StateMachineUpdater.java:lambda$new$0(84)) - 33d40637-531b-47e9-8a2e-802b577efd6f@group-8AC12130EEF9-StateMachineUpdater: snapshotIndex: updateIncreasingly 75 -> 75
2019-10-17 02:18:55,149 [grpc-default-executor-3] INFO  impl.RaftServerImpl (ServerState.java:close(388)) - 33d40637-531b-47e9-8a2e-802b577efd6f@group-8AC12130EEF9: closes. applyIndex: 76
2019-10-17 02:18:55,149 [33d40637-531b-47e9-8a2e-802b577efd6f@group-8AC12130EEF9-SegmentedRaftLogWorker] INFO  segmented.SegmentedRaftLogWorker (SegmentedRaftLogWorker.java:run(316)) - 33d40637-531b-47e9-8a2e-802b577efd6f@group-8AC12130EEF9-SegmentedRaftLogWorker was interrupted, exiting. There are 0 tasks remaining in the queue.
2019-10-17 02:18:55,150 [grpc-default-executor-3] INFO  segmented.SegmentedRaftLogWorker (SegmentedRaftLogWorker.java:close(224)) - 33d40637-531b-47e9-8a2e-802b577efd6f@group-8AC12130EEF9-SegmentedRaftLogWorker close()
2019-10-17 02:18:55,162 [grpc-default-executor-3] INFO  interfaces.Container (KeyValueContainer.java:flushAndSyncDB(386)) - Container 1 is synced with bcsId 59.
2019-10-17 02:18:55,162 [grpc-default-executor-3] INFO  interfaces.Container (KeyValueContainer.java:flushAndSyncDB(386)) - Container 1 is synced with bcsId 59.
2019-10-17 02:18:55,200 [grpc-default-executor-3] INFO  interfaces.Container (KeyValueContainer.java:flushAndSyncDB(386)) - Container 2 is synced with bcsId 75.
2019-10-17 02:18:55,200 [grpc-default-executor-3] INFO  interfaces.Container (KeyValueContainer.java:flushAndSyncDB(386)) - Container 2 is synced with bcsId 75.
2019-10-17 02:18:55,221 [grpc-default-executor-3] INFO  interfaces.Container (KeyValueContainer.java:flushAndSyncDB(386)) - Container 3 is synced with bcsId 41.
2019-10-17 02:18:55,221 [grpc-default-executor-3] INFO  interfaces.Container (KeyValueContainer.java:flushAndSyncDB(386)) - Container 3 is synced with bcsId 41.
2019-10-17 02:18:55,243 [grpc-default-executor-3] INFO  impl.RaftServerProxy (RaftServerProxy.java:remove(95)) - 389ddf04-1777-44a1-860a-c678eeab2358: remove  FOLLOWER 389ddf04-1777-44a1-860a-c678eeab2358@group-8AC12130EEF9:t2, leader=bf166244-8880-4b0f-9be5-11fb29082dcb, voted=null, raftlog=389ddf04-1777-44a1-860a-c678eeab2358@group-8AC12130EEF9-SegmentedRaftLog:OPENED:c76,f76,i76, conf=0: [bf166244-8880-4b0f-9be5-11fb29082dcb:192.168.157.194:44285, 33d40637-531b-47e9-8a2e-802b577efd6f:192.168.157.194:40644, 389ddf04-1777-44a1-860a-c678eeab2358:192.168.157.194:44119], old=null RUNNING
2019-10-17 02:18:55,243 [grpc-default-executor-3] INFO  impl.RaftServerImpl (RaftServerImpl.java:lambda$shutdown$3(261)) - 389ddf04-1777-44a1-860a-c678eeab2358@group-8AC12130EEF9: shutdown
2019-10-17 02:18:55,244 [grpc-default-executor-3] INFO  util.JmxRegister (JmxRegister.java:unregister(73)) - Successfully un-registered JMX Bean with object name Ratis:service=RaftServer,group=group-8AC12130EEF9,id=389ddf04-1777-44a1-860a-c678eeab2358
2019-10-17 02:18:55,244 [grpc-default-executor-3] INFO  impl.RoleInfo (RoleInfo.java:shutdownFollowerState(121)) - 389ddf04-1777-44a1-860a-c678eeab2358: shutdown FollowerState
2019-10-17 02:18:55,244 [grpc-default-executor-3] INFO  impl.StateMachineUpdater (StateMachineUpdater.java:stopAndJoin(136)) - 389ddf04-1777-44a1-860a-c678eeab2358@group-8AC12130EEF9-StateMachineUpdater: set stopIndex = 76
2019-10-17 02:18:55,244 [389ddf04-1777-44a1-860a-c678eeab2358@group-8AC12130EEF9-StateMachineUpdater] INFO  ratis.ContainerStateMachine (ContainerStateMachine.java:takeSnapshot(296)) - group-8AC12130EEF9: Taking a snapshot at:(t:2, i:75) file /workdir/hadoop-ozone/tools/target/test-dir/MiniOzoneClusterImpl-48d4d914-35c7-4cf3-b630-f98a64bbf180/datanode-2/data/ratis/ff11583e-de0a-46c8-b7ad-8ac12130eef9/sm/snapshot.2_75
2019-10-17 02:18:55,244 [Thread-218] INFO  impl.FollowerState (FollowerState.java:run(117)) - 389ddf04-1777-44a1-860a-c678eeab2358@group-8AC12130EEF9-FollowerState was interrupted: java.lang.InterruptedException: sleep interrupted
2019-10-17 02:18:55,256 [389ddf04-1777-44a1-860a-c678eeab2358@group-8AC12130EEF9-StateMachineUpdater] INFO  ratis.ContainerStateMachine (ContainerStateMachine.java:takeSnapshot(307)) - group-8AC12130EEF9: Finished taking a snapshot at:(t:2, i:75) file:/workdir/hadoop-ozone/tools/target/test-dir/MiniOzoneClusterImpl-48d4d914-35c7-4cf3-b630-f98a64bbf180/datanode-2/data/ratis/ff11583e-de0a-46c8-b7ad-8ac12130eef9/sm/snapshot.2_75 time:12
2019-10-17 02:18:55,257 [389ddf04-1777-44a1-860a-c678eeab2358@group-8AC12130EEF9-StateMachineUpdater] INFO  impl.StateMachineUpdater (StateMachineUpdater.java:takeSnapshot(269)) - 389ddf04-1777-44a1-860a-c678eeab2358@group-8AC12130EEF9-StateMachineUpdater: Took a snapshot at index 75
2019-10-17 02:18:55,257 [389ddf04-1777-44a1-860a-c678eeab2358@group-8AC12130EEF9-StateMachineUpdater] INFO  impl.StateMachineUpdater (StateMachineUpdater.java:lambda$new$0(84)) - 389ddf04-1777-44a1-860a-c678eeab2358@group-8AC12130EEF9-StateMachineUpdater: snapshotIndex: updateIncreasingly -1 -> 75
2019-10-17 02:18:55,257 [389ddf04-1777-44a1-860a-c678eeab2358@group-8AC12130EEF9-StateMachineUpdater] INFO  ratis.ContainerStateMachine (ContainerStateMachine.java:takeSnapshot(296)) - group-8AC12130EEF9: Taking a snapshot at:(t:2, i:75) file /workdir/hadoop-ozone/tools/target/test-dir/MiniOzoneClusterImpl-48d4d914-35c7-4cf3-b630-f98a64bbf180/datanode-2/data/ratis/ff11583e-de0a-46c8-b7ad-8ac12130eef9/sm/snapshot.2_75
2019-10-17 02:18:55,276 [389ddf04-1777-44a1-860a-c678eeab2358@group-8AC12130EEF9-StateMachineUpdater] INFO  ratis.ContainerStateMachine (ContainerStateMachine.java:takeSnapshot(307)) - group-8AC12130EEF9: Finished taking a snapshot at:(t:2, i:75) file:/workdir/hadoop-ozone/tools/target/test-dir/MiniOzoneClusterImpl-48d4d914-35c7-4cf3-b630-f98a64bbf180/datanode-2/data/ratis/ff11583e-de0a-46c8-b7ad-8ac12130eef9/sm/snapshot.2_75 time:19
2019-10-17 02:18:55,276 [389ddf04-1777-44a1-860a-c678eeab2358@group-8AC12130EEF9-StateMachineUpdater] INFO  impl.StateMachineUpdater (StateMachineUpdater.java:takeSnapshot(269)) - 389ddf04-1777-44a1-860a-c678eeab2358@group-8AC12130EEF9-StateMachineUpdater: Took a snapshot at index 75
2019-10-17 02:18:55,276 [389ddf04-1777-44a1-860a-c678eeab2358@group-8AC12130EEF9-StateMachineUpdater] INFO  impl.StateMachineUpdater (StateMachineUpdater.java:lambda$new$0(84)) - 389ddf04-1777-44a1-860a-c678eeab2358@group-8AC12130EEF9-StateMachineUpdater: snapshotIndex: updateIncreasingly 75 -> 75
2019-10-17 02:18:55,277 [grpc-default-executor-3] INFO  impl.RaftServerImpl (ServerState.java:close(388)) - 389ddf04-1777-44a1-860a-c678eeab2358@group-8AC12130EEF9: closes. applyIndex: 76
2019-10-17 02:18:55,277 [389ddf04-1777-44a1-860a-c678eeab2358@group-8AC12130EEF9-SegmentedRaftLogWorker] INFO  segmented.SegmentedRaftLogWorker (SegmentedRaftLogWorker.java:run(316)) - 389ddf04-1777-44a1-860a-c678eeab2358@group-8AC12130EEF9-SegmentedRaftLogWorker was interrupted, exiting. There are 0 tasks remaining in the queue.
2019-10-17 02:18:55,278 [grpc-default-executor-3] INFO  segmented.SegmentedRaftLogWorker (SegmentedRaftLogWorker.java:close(224)) - 389ddf04-1777-44a1-860a-c678eeab2358@group-8AC12130EEF9-SegmentedRaftLogWorker close()
2019-10-17 02:18:55,310 [grpc-default-executor-3] INFO  interfaces.Container (KeyValueContainer.java:flushAndSyncDB(386)) - Container 1 is synced with bcsId 59.
2019-10-17 02:18:55,310 [grpc-default-executor-3] INFO  interfaces.Container (KeyValueContainer.java:flushAndSyncDB(386)) - Container 1 is synced with bcsId 59.
2019-10-17 02:18:55,352 [grpc-default-executor-3] INFO  interfaces.Container (KeyValueContainer.java:flushAndSyncDB(386)) - Container 2 is synced with bcsId 75.
2019-10-17 02:18:55,352 [grpc-default-executor-3] INFO  interfaces.Container (KeyValueContainer.java:flushAndSyncDB(386)) - Container 2 is synced with bcsId 75.
2019-10-17 02:18:55,403 [grpc-default-executor-3] INFO  interfaces.Container (KeyValueContainer.java:flushAndSyncDB(386)) - Container 3 is synced with bcsId 41.
2019-10-17 02:18:55,403 [grpc-default-executor-3] INFO  interfaces.Container (KeyValueContainer.java:flushAndSyncDB(386)) - Container 3 is synced with bcsId 41.
2019-10-17 02:18:55,412 [main] INFO  pipeline.PipelineStateManager (PipelineStateManager.java:removePipeline(106)) - Pipeline Pipeline[ Id: ff11583e-de0a-46c8-b7ad-8ac12130eef9, Nodes: bf166244-8880-4b0f-9be5-11fb29082dcb{ip: 192.168.157.194, host: pr-hdds-1868-g97gg-2149769003, networkLocation: /default-rack, certSerialId: null}33d40637-531b-47e9-8a2e-802b577efd6f{ip: 192.168.157.194, host: pr-hdds-1868-g97gg-2149769003, networkLocation: /default-rack, certSerialId: null}389ddf04-1777-44a1-860a-c678eeab2358{ip: 192.168.157.194, host: pr-hdds-1868-g97gg-2149769003, networkLocation: /default-rack, certSerialId: null}, Type:RATIS, Factor:THREE, State:CLOSED] removed from db
2019-10-17 02:18:55,438 [grpc-default-executor-1] INFO  impl.RaftServerProxy (RaftServerProxy.java:addNew(89)) - 389ddf04-1777-44a1-860a-c678eeab2358: addNew group-5A011987FEB2:[bf166244-8880-4b0f-9be5-11fb29082dcb:192.168.157.194:44285, 33d40637-531b-47e9-8a2e-802b577efd6f:192.168.157.194:40644, 389ddf04-1777-44a1-860a-c678eeab2358:192.168.157.194:44119] returns group-5A011987FEB2:java.util.concurrent.CompletableFuture@be25022[Not completed]
2019-10-17 02:18:55,439 [grpc-default-executor-3] INFO  impl.RaftServerProxy (RaftServerProxy.java:addNew(89)) - 33d40637-531b-47e9-8a2e-802b577efd6f: addNew group-5A011987FEB2:[bf166244-8880-4b0f-9be5-11fb29082dcb:192.168.157.194:44285, 33d40637-531b-47e9-8a2e-802b577efd6f:192.168.157.194:40644, 389ddf04-1777-44a1-860a-c678eeab2358:192.168.157.194:44119] returns group-5A011987FEB2:java.util.concurrent.CompletableFuture@1019ce7a[Not completed]
2019-10-17 02:18:55,440 [grpc-default-executor-4] INFO  impl.RaftServerProxy (RaftServerProxy.java:addNew(89)) - bf166244-8880-4b0f-9be5-11fb29082dcb: addNew group-5A011987FEB2:[bf166244-8880-4b0f-9be5-11fb29082dcb:192.168.157.194:44285, 33d40637-531b-47e9-8a2e-802b577efd6f:192.168.157.194:40644, 389ddf04-1777-44a1-860a-c678eeab2358:192.168.157.194:44119] returns group-5A011987FEB2:java.util.concurrent.CompletableFuture@411c399e[Not completed]
2019-10-17 02:18:55,447 [pool-27-thread-1] INFO  impl.RaftServerImpl (RaftServerImpl.java:<init>(104)) - 33d40637-531b-47e9-8a2e-802b577efd6f: new RaftServerImpl for group-5A011987FEB2:[bf166244-8880-4b0f-9be5-11fb29082dcb:192.168.157.194:44285, 33d40637-531b-47e9-8a2e-802b577efd6f:192.168.157.194:40644, 389ddf04-1777-44a1-860a-c678eeab2358:192.168.157.194:44119] with ContainerStateMachine:uninitialized
2019-10-17 02:18:55,448 [pool-27-thread-1] INFO  server.RaftServerConfigKeys (ConfUtils.java:logGet(43)) - raft.server.rpc.timeout.min = 5s (custom)
2019-10-17 02:18:55,448 [pool-27-thread-1] INFO  server.RaftServerConfigKeys (ConfUtils.java:logGet(43)) - raft.server.rpc.timeout.max = 5200ms (custom)
2019-10-17 02:18:55,448 [pool-37-thread-1] INFO  impl.RaftServerImpl (RaftServerImpl.java:<init>(104)) - bf166244-8880-4b0f-9be5-11fb29082dcb: new RaftServerImpl for group-5A011987FEB2:[bf166244-8880-4b0f-9be5-11fb29082dcb:192.168.157.194:44285, 33d40637-531b-47e9-8a2e-802b577efd6f:192.168.157.194:40644, 389ddf04-1777-44a1-860a-c678eeab2358:192.168.157.194:44119] with ContainerStateMachine:uninitialized
2019-10-17 02:18:55,448 [pool-27-thread-1] INFO  server.RaftServerConfigKeys (ConfUtils.java:logGet(43)) - raft.server.rpcslowness.timeout = 120s (custom)
2019-10-17 02:18:55,449 [pool-37-thread-1] INFO  server.RaftServerConfigKeys (ConfUtils.java:logGet(43)) - raft.server.rpc.timeout.min = 5s (custom)
2019-10-17 02:18:55,449 [pool-27-thread-1] INFO  server.RaftServerConfigKeys (ConfUtils.java:logGet(43)) - raft.server.sleep.deviation.threshold = 300 (default)
2019-10-17 02:18:55,449 [pool-37-thread-1] INFO  server.RaftServerConfigKeys (ConfUtils.java:logGet(43)) - raft.server.rpc.timeout.max = 5200ms (custom)
2019-10-17 02:18:55,449 [pool-27-thread-1] INFO  server.RaftServerConfigKeys (ConfUtils.java:logGet(43)) - raft.server.log.appender.install.snapshot.enabled = false (custom)
2019-10-17 02:18:55,449 [pool-37-thread-1] INFO  server.RaftServerConfigKeys (ConfUtils.java:logGet(43)) - raft.server.rpcslowness.timeout = 120s (custom)
2019-10-17 02:18:55,449 [pool-47-thread-1] INFO  impl.RaftServerImpl (RaftServerImpl.java:<init>(104)) - 389ddf04-1777-44a1-860a-c678eeab2358: new RaftServerImpl for group-5A011987FEB2:[bf166244-8880-4b0f-9be5-11fb29082dcb:192.168.157.194:44285, 33d40637-531b-47e9-8a2e-802b577efd6f:192.168.157.194:40644, 389ddf04-1777-44a1-860a-c678eeab2358:192.168.157.194:44119] with ContainerStateMachine:uninitialized
2019-10-17 02:18:55,450 [pool-37-thread-1] INFO  server.RaftServerConfigKeys (ConfUtils.java:logGet(43)) - raft.server.sleep.deviation.threshold = 300 (default)
2019-10-17 02:18:55,450 [pool-27-thread-1] INFO  impl.RaftServerImpl (ServerState.java:<init>(103)) - 33d40637-531b-47e9-8a2e-802b577efd6f@group-5A011987FEB2: ConfigurationManager, init=-1: [bf166244-8880-4b0f-9be5-11fb29082dcb:192.168.157.194:44285, 33d40637-531b-47e9-8a2e-802b577efd6f:192.168.157.194:40644, 389ddf04-1777-44a1-860a-c678eeab2358:192.168.157.194:44119], old=null, confs=<EMPTY_MAP>
2019-10-17 02:18:55,450 [pool-37-thread-1] INFO  server.RaftServerConfigKeys (ConfUtils.java:logGet(43)) - raft.server.log.appender.install.snapshot.enabled = false (custom)
2019-10-17 02:18:55,450 [pool-47-thread-1] INFO  server.RaftServerConfigKeys (ConfUtils.java:logGet(43)) - raft.server.rpc.timeout.min = 5s (custom)
2019-10-17 02:18:55,451 [pool-27-thread-1] INFO  server.RaftServerConfigKeys (ConfUtils.java:logGet(43)) - raft.server.storage.dir = [/workdir/hadoop-ozone/tools/target/test-dir/MiniOzoneClusterImpl-48d4d914-35c7-4cf3-b630-f98a64bbf180/datanode-0/data/ratis] (custom)
2019-10-17 02:18:55,451 [pool-37-thread-1] INFO  impl.RaftServerImpl (ServerState.java:<init>(103)) - bf166244-8880-4b0f-9be5-11fb29082dcb@group-5A011987FEB2: ConfigurationManager, init=-1: [bf166244-8880-4b0f-9be5-11fb29082dcb:192.168.157.194:44285, 33d40637-531b-47e9-8a2e-802b577efd6f:192.168.157.194:40644, 389ddf04-1777-44a1-860a-c678eeab2358:192.168.157.194:44119], old=null, confs=<EMPTY_MAP>
2019-10-17 02:18:55,451 [pool-47-thread-1] INFO  server.RaftServerConfigKeys (ConfUtils.java:logGet(43)) - raft.server.rpc.timeout.max = 5200ms (custom)
2019-10-17 02:18:55,451 [pool-37-thread-1] INFO  server.RaftServerConfigKeys (ConfUtils.java:logGet(43)) - raft.server.storage.dir = [/workdir/hadoop-ozone/tools/target/test-dir/MiniOzoneClusterImpl-48d4d914-35c7-4cf3-b630-f98a64bbf180/datanode-1/data/ratis] (custom)
2019-10-17 02:18:55,451 [pool-47-thread-1] INFO  server.RaftServerConfigKeys (ConfUtils.java:logGet(43)) - raft.server.rpcslowness.timeout = 120s (custom)
2019-10-17 02:18:55,451 [pool-27-thread-1] INFO  server.RaftServerConfigKeys (ConfUtils.java:logGet(43)) - raft.server.log.corruption.policy = EXCEPTION (default)
2019-10-17 02:18:55,451 [pool-37-thread-1] INFO  server.RaftServerConfigKeys (ConfUtils.java:logGet(43)) - raft.server.log.corruption.policy = EXCEPTION (default)
2019-10-17 02:18:55,451 [pool-47-thread-1] INFO  server.RaftServerConfigKeys (ConfUtils.java:logGet(43)) - raft.server.sleep.deviation.threshold = 300 (default)
2019-10-17 02:18:55,452 [pool-37-thread-1] INFO  storage.RaftStorageDirectory (RaftStorageDirectory.java:analyzeStorage(246)) - The storage directory /workdir/hadoop-ozone/tools/target/test-dir/MiniOzoneClusterImpl-48d4d914-35c7-4cf3-b630-f98a64bbf180/datanode-1/data/ratis/32b71fb6-4c0a-4f90-a325-5a011987feb2 does not exist. Creating ...
2019-10-17 02:18:55,452 [pool-27-thread-1] INFO  storage.RaftStorageDirectory (RaftStorageDirectory.java:analyzeStorage(246)) - The storage directory /workdir/hadoop-ozone/tools/target/test-dir/MiniOzoneClusterImpl-48d4d914-35c7-4cf3-b630-f98a64bbf180/datanode-0/data/ratis/32b71fb6-4c0a-4f90-a325-5a011987feb2 does not exist. Creating ...
2019-10-17 02:18:55,452 [pool-47-thread-1] INFO  server.RaftServerConfigKeys (ConfUtils.java:logGet(43)) - raft.server.log.appender.install.snapshot.enabled = false (custom)
2019-10-17 02:18:55,452 [pool-47-thread-1] INFO  impl.RaftServerImpl (ServerState.java:<init>(103)) - 389ddf04-1777-44a1-860a-c678eeab2358@group-5A011987FEB2: ConfigurationManager, init=-1: [bf166244-8880-4b0f-9be5-11fb29082dcb:192.168.157.194:44285, 33d40637-531b-47e9-8a2e-802b577efd6f:192.168.157.194:40644, 389ddf04-1777-44a1-860a-c678eeab2358:192.168.157.194:44119], old=null, confs=<EMPTY_MAP>
2019-10-17 02:18:55,452 [pool-47-thread-1] INFO  server.RaftServerConfigKeys (ConfUtils.java:logGet(43)) - raft.server.storage.dir = [/workdir/hadoop-ozone/tools/target/test-dir/MiniOzoneClusterImpl-48d4d914-35c7-4cf3-b630-f98a64bbf180/datanode-2/data/ratis] (custom)
2019-10-17 02:18:55,453 [pool-47-thread-1] INFO  server.RaftServerConfigKeys (ConfUtils.java:logGet(43)) - raft.server.log.corruption.policy = EXCEPTION (default)
2019-10-17 02:18:55,453 [pool-47-thread-1] INFO  storage.RaftStorageDirectory (RaftStorageDirectory.java:analyzeStorage(246)) - The storage directory /workdir/hadoop-ozone/tools/target/test-dir/MiniOzoneClusterImpl-48d4d914-35c7-4cf3-b630-f98a64bbf180/datanode-2/data/ratis/32b71fb6-4c0a-4f90-a325-5a011987feb2 does not exist. Creating ...
2019-10-17 02:18:55,464 [pool-47-thread-1] INFO  storage.RaftStorageDirectory (RaftStorageDirectory.java:tryLock(328)) - Lock on /workdir/hadoop-ozone/tools/target/test-dir/MiniOzoneClusterImpl-48d4d914-35c7-4cf3-b630-f98a64bbf180/datanode-2/data/ratis/32b71fb6-4c0a-4f90-a325-5a011987feb2/in_use.lock acquired by nodename 7295@pr-hdds-1868-g97gg-2149769003
2019-10-17 02:18:55,464 [pool-37-thread-1] INFO  storage.RaftStorageDirectory (RaftStorageDirectory.java:tryLock(328)) - Lock on /workdir/hadoop-ozone/tools/target/test-dir/MiniOzoneClusterImpl-48d4d914-35c7-4cf3-b630-f98a64bbf180/datanode-1/data/ratis/32b71fb6-4c0a-4f90-a325-5a011987feb2/in_use.lock acquired by nodename 7295@pr-hdds-1868-g97gg-2149769003
2019-10-17 02:18:55,464 [pool-27-thread-1] INFO  storage.RaftStorageDirectory (RaftStorageDirectory.java:tryLock(328)) - Lock on /workdir/hadoop-ozone/tools/target/test-dir/MiniOzoneClusterImpl-48d4d914-35c7-4cf3-b630-f98a64bbf180/datanode-0/data/ratis/32b71fb6-4c0a-4f90-a325-5a011987feb2/in_use.lock acquired by nodename 7295@pr-hdds-1868-g97gg-2149769003
2019-10-17 02:18:55,477 [pool-47-thread-1] INFO  storage.RaftStorage (RaftStorage.java:format(84)) - Storage directory /workdir/hadoop-ozone/tools/target/test-dir/MiniOzoneClusterImpl-48d4d914-35c7-4cf3-b630-f98a64bbf180/datanode-2/data/ratis/32b71fb6-4c0a-4f90-a325-5a011987feb2 has been successfully formatted.
2019-10-17 02:18:55,477 [pool-27-thread-1] INFO  storage.RaftStorage (RaftStorage.java:format(84)) - Storage directory /workdir/hadoop-ozone/tools/target/test-dir/MiniOzoneClusterImpl-48d4d914-35c7-4cf3-b630-f98a64bbf180/datanode-0/data/ratis/32b71fb6-4c0a-4f90-a325-5a011987feb2 has been successfully formatted.
2019-10-17 02:18:55,477 [pool-37-thread-1] INFO  storage.RaftStorage (RaftStorage.java:format(84)) - Storage directory /workdir/hadoop-ozone/tools/target/test-dir/MiniOzoneClusterImpl-48d4d914-35c7-4cf3-b630-f98a64bbf180/datanode-1/data/ratis/32b71fb6-4c0a-4f90-a325-5a011987feb2 has been successfully formatted.
2019-10-17 02:18:55,477 [pool-47-thread-1] INFO  ratis.ContainerStateMachine (ContainerStateMachine.java:loadSnapshot(233)) - group-5A011987FEB2: The snapshot info is null. Setting the last applied indexto:(t:0, i:~)
2019-10-17 02:18:55,477 [pool-27-thread-1] INFO  ratis.ContainerStateMachine (ContainerStateMachine.java:loadSnapshot(233)) - group-5A011987FEB2: The snapshot info is null. Setting the last applied indexto:(t:0, i:~)
2019-10-17 02:18:55,477 [pool-47-thread-1] INFO  server.RaftServerConfigKeys (ConfUtils.java:logGet(43)) - raft.server.notification.no-leader.timeout = 120s (custom)
2019-10-17 02:18:55,477 [pool-37-thread-1] INFO  ratis.ContainerStateMachine (ContainerStateMachine.java:loadSnapshot(233)) - group-5A011987FEB2: The snapshot info is null. Setting the last applied indexto:(t:0, i:~)
2019-10-17 02:18:55,477 [pool-47-thread-1] INFO  server.RaftServerConfigKeys (ConfUtils.java:logGet(43)) - raft.server.log.use.memory = false (default)
2019-10-17 02:18:55,477 [pool-27-thread-1] INFO  server.RaftServerConfigKeys (ConfUtils.java:logGet(43)) - raft.server.notification.no-leader.timeout = 120s (custom)
2019-10-17 02:18:55,478 [pool-47-thread-1] INFO  server.RaftServerConfigKeys (ConfUtils.java:logGet(43)) - raft.server.log.purge.gap = 1000000 (custom)
2019-10-17 02:18:55,477 [pool-37-thread-1] INFO  server.RaftServerConfigKeys (ConfUtils.java:logGet(43)) - raft.server.notification.no-leader.timeout = 120s (custom)
2019-10-17 02:18:55,478 [pool-47-thread-1] INFO  server.RaftServerConfigKeys (ConfUtils.java:logGet(43)) - raft.server.log.appender.buffer.byte-limit = 33554432 (custom)
2019-10-17 02:18:55,478 [pool-27-thread-1] INFO  server.RaftServerConfigKeys (ConfUtils.java:logGet(43)) - raft.server.log.use.memory = false (default)
2019-10-17 02:18:55,478 [pool-47-thread-1] INFO  server.RaftServerConfigKeys (ConfUtils.java:logGet(43)) - raft.server.log.segment.size.max = 1048576 (custom)
2019-10-17 02:18:55,478 [pool-37-thread-1] INFO  server.RaftServerConfigKeys (ConfUtils.java:logGet(43)) - raft.server.log.use.memory = false (default)
2019-10-17 02:18:55,478 [pool-47-thread-1] INFO  server.RaftServerConfigKeys (ConfUtils.java:logGet(43)) - raft.server.log.segment.cache.num.max = 2 (custom)
2019-10-17 02:18:55,478 [pool-27-thread-1] INFO  server.RaftServerConfigKeys (ConfUtils.java:logGet(43)) - raft.server.log.purge.gap = 1000000 (custom)
2019-10-17 02:18:55,478 [pool-47-thread-1] INFO  segmented.SegmentedRaftLogWorker (SegmentedRaftLogWorker.java:<init>(173)) - new 389ddf04-1777-44a1-860a-c678eeab2358@group-5A011987FEB2-SegmentedRaftLogWorker for RaftStorage:Storage Directory /workdir/hadoop-ozone/tools/target/test-dir/MiniOzoneClusterImpl-48d4d914-35c7-4cf3-b630-f98a64bbf180/datanode-2/data/ratis/32b71fb6-4c0a-4f90-a325-5a011987feb2
2019-10-17 02:18:55,478 [pool-37-thread-1] INFO  server.RaftServerConfigKeys (ConfUtils.java:logGet(43)) - raft.server.log.purge.gap = 1000000 (custom)
2019-10-17 02:18:55,479 [pool-47-thread-1] INFO  server.RaftServerConfigKeys (ConfUtils.java:logGet(43)) - raft.server.log.queue.byte-limit = 2147483647 (custom)
2019-10-17 02:18:55,479 [pool-27-thread-1] INFO  server.RaftServerConfigKeys (ConfUtils.java:logGet(43)) - raft.server.log.appender.buffer.byte-limit = 33554432 (custom)
2019-10-17 02:18:55,479 [pool-47-thread-1] INFO  server.RaftServerConfigKeys (ConfUtils.java:logGet(43)) - raft.server.log.queue.element-limit = 1024 (custom)
2019-10-17 02:18:55,479 [pool-37-thread-1] INFO  server.RaftServerConfigKeys (ConfUtils.java:logGet(43)) - raft.server.log.appender.buffer.byte-limit = 33554432 (custom)
2019-10-17 02:18:55,479 [pool-47-thread-1] INFO  server.RaftServerConfigKeys (ConfUtils.java:logGet(43)) - raft.server.log.segment.size.max = 1048576 (custom)
2019-10-17 02:18:55,479 [pool-27-thread-1] INFO  server.RaftServerConfigKeys (ConfUtils.java:logGet(43)) - raft.server.log.segment.size.max = 1048576 (custom)
2019-10-17 02:18:55,479 [pool-47-thread-1] INFO  server.RaftServerConfigKeys (ConfUtils.java:logGet(43)) - raft.server.log.preallocated.size = 16384 (custom)
2019-10-17 02:18:55,479 [pool-27-thread-1] INFO  server.RaftServerConfigKeys (ConfUtils.java:logGet(43)) - raft.server.log.segment.cache.num.max = 2 (custom)
2019-10-17 02:18:55,479 [pool-37-thread-1] INFO  server.RaftServerConfigKeys (ConfUtils.java:logGet(43)) - raft.server.log.segment.size.max = 1048576 (custom)
2019-10-17 02:18:55,480 [pool-27-thread-1] INFO  segmented.SegmentedRaftLogWorker (SegmentedRaftLogWorker.java:<init>(173)) - new 33d40637-531b-47e9-8a2e-802b577efd6f@group-5A011987FEB2-SegmentedRaftLogWorker for RaftStorage:Storage Directory /workdir/hadoop-ozone/tools/target/test-dir/MiniOzoneClusterImpl-48d4d914-35c7-4cf3-b630-f98a64bbf180/datanode-0/data/ratis/32b71fb6-4c0a-4f90-a325-5a011987feb2
2019-10-17 02:18:55,479 [pool-47-thread-1] INFO  server.RaftServerConfigKeys (ConfUtils.java:logGet(43)) - raft.server.log.write.buffer.size = 33554432 (custom)
2019-10-17 02:18:55,480 [pool-27-thread-1] INFO  server.RaftServerConfigKeys (ConfUtils.java:logGet(43)) - raft.server.log.queue.byte-limit = 2147483647 (custom)
2019-10-17 02:18:55,480 [pool-37-thread-1] INFO  server.RaftServerConfigKeys (ConfUtils.java:logGet(43)) - raft.server.log.segment.cache.num.max = 2 (custom)
2019-10-17 02:18:55,480 [pool-27-thread-1] INFO  server.RaftServerConfigKeys (ConfUtils.java:logGet(43)) - raft.server.log.queue.element-limit = 1024 (custom)
2019-10-17 02:18:55,480 [pool-47-thread-1] INFO  server.RaftServerConfigKeys (ConfUtils.java:logGet(43)) - raft.server.log.force.sync.num = 128 (default)
2019-10-17 02:18:55,480 [pool-27-thread-1] INFO  server.RaftServerConfigKeys (ConfUtils.java:logGet(43)) - raft.server.log.segment.size.max = 1048576 (custom)
2019-10-17 02:18:55,480 [pool-37-thread-1] INFO  segmented.SegmentedRaftLogWorker (SegmentedRaftLogWorker.java:<init>(173)) - new bf166244-8880-4b0f-9be5-11fb29082dcb@group-5A011987FEB2-SegmentedRaftLogWorker for RaftStorage:Storage Directory /workdir/hadoop-ozone/tools/target/test-dir/MiniOzoneClusterImpl-48d4d914-35c7-4cf3-b630-f98a64bbf180/datanode-1/data/ratis/32b71fb6-4c0a-4f90-a325-5a011987feb2
2019-10-17 02:18:55,481 [pool-27-thread-1] INFO  server.RaftServerConfigKeys (ConfUtils.java:logGet(43)) - raft.server.log.preallocated.size = 16384 (custom)
2019-10-17 02:18:55,480 [pool-47-thread-1] INFO  server.RaftServerConfigKeys (ConfUtils.java:logGet(43)) - raft.server.log.statemachine.data.sync = true (default)
2019-10-17 02:18:55,481 [pool-27-thread-1] INFO  server.RaftServerConfigKeys (ConfUtils.java:logGet(43)) - raft.server.log.write.buffer.size = 33554432 (custom)
2019-10-17 02:18:55,481 [pool-37-thread-1] INFO  server.RaftServerConfigKeys (ConfUtils.java:logGet(43)) - raft.server.log.queue.byte-limit = 2147483647 (custom)
2019-10-17 02:18:55,481 [pool-27-thread-1] INFO  server.RaftServerConfigKeys (ConfUtils.java:logGet(43)) - raft.server.log.force.sync.num = 128 (default)
2019-10-17 02:18:55,481 [pool-47-thread-1] INFO  server.RaftServerConfigKeys (ConfUtils.java:logGet(43)) - raft.server.log.statemachine.data.sync.timeout = 10s (default)
2019-10-17 02:18:55,481 [pool-27-thread-1] INFO  server.RaftServerConfigKeys (ConfUtils.java:logGet(43)) - raft.server.log.statemachine.data.sync = true (default)
2019-10-17 02:18:55,481 [pool-37-thread-1] INFO  server.RaftServerConfigKeys (ConfUtils.java:logGet(43)) - raft.server.log.queue.element-limit = 1024 (custom)
2019-10-17 02:18:55,481 [pool-27-thread-1] INFO  server.RaftServerConfigKeys (ConfUtils.java:logGet(43)) - raft.server.log.statemachine.data.sync.timeout = 10s (default)
2019-10-17 02:18:55,481 [pool-47-thread-1] INFO  server.RaftServerConfigKeys (ConfUtils.java:logGet(43)) - raft.server.log.statemachine.data.sync.timeout.retry = -1 (default)
2019-10-17 02:18:55,482 [pool-27-thread-1] INFO  server.RaftServerConfigKeys (ConfUtils.java:logGet(43)) - raft.server.log.statemachine.data.sync.timeout.retry = -1 (default)
2019-10-17 02:18:55,482 [pool-37-thread-1] INFO  server.RaftServerConfigKeys (ConfUtils.java:logGet(43)) - raft.server.log.segment.size.max = 1048576 (custom)
2019-10-17 02:18:55,482 [pool-27-thread-1] INFO  server.RaftServerConfigKeys (ConfUtils.java:logGet(43)) - raft.server.log.statemachine.data.caching.enabled = true (custom)
2019-10-17 02:18:55,482 [pool-47-thread-1] INFO  server.RaftServerConfigKeys (ConfUtils.java:logGet(43)) - raft.server.log.statemachine.data.caching.enabled = true (custom)
2019-10-17 02:18:55,482 [pool-37-thread-1] INFO  server.RaftServerConfigKeys (ConfUtils.java:logGet(43)) - raft.server.log.preallocated.size = 16384 (custom)
2019-10-17 02:18:55,482 [pool-37-thread-1] INFO  server.RaftServerConfigKeys (ConfUtils.java:logGet(43)) - raft.server.log.write.buffer.size = 33554432 (custom)
2019-10-17 02:18:55,482 [pool-47-thread-1] INFO  segmented.SegmentedRaftLogWorker (SegmentedRaftLogWorker.java:lambda$new$0(128)) - 389ddf04-1777-44a1-860a-c678eeab2358@group-5A011987FEB2-SegmentedRaftLogWorker: flushIndex: setUnconditionally 0 -> -1
2019-10-17 02:18:55,482 [pool-27-thread-1] INFO  segmented.SegmentedRaftLogWorker (SegmentedRaftLogWorker.java:lambda$new$0(128)) - 33d40637-531b-47e9-8a2e-802b577efd6f@group-5A011987FEB2-SegmentedRaftLogWorker: flushIndex: setUnconditionally 0 -> -1
2019-10-17 02:18:55,482 [pool-37-thread-1] INFO  server.RaftServerConfigKeys (ConfUtils.java:logGet(43)) - raft.server.log.force.sync.num = 128 (default)
2019-10-17 02:18:55,483 [pool-27-thread-1] INFO  server.RaftServerConfigKeys (ConfUtils.java:logGet(43)) - raft.server.snapshot.auto.trigger.enabled = true (custom)
2019-10-17 02:18:55,483 [pool-47-thread-1] INFO  server.RaftServerConfigKeys (ConfUtils.java:logGet(43)) - raft.server.snapshot.auto.trigger.enabled = true (custom)
2019-10-17 02:18:55,483 [pool-27-thread-1] INFO  server.RaftServerConfigKeys (ConfUtils.java:logGet(43)) - raft.server.snapshot.auto.trigger.threshold = 10000 (custom)
2019-10-17 02:18:55,483 [pool-37-thread-1] INFO  server.RaftServerConfigKeys (ConfUtils.java:logGet(43)) - raft.server.log.statemachine.data.sync = true (default)
2019-10-17 02:18:55,483 [pool-27-thread-1] INFO  server.RaftServerConfigKeys (ConfUtils.java:logGet(43)) - raft.server.snapshot.retention.file.num = 5 (custom)
2019-10-17 02:18:55,483 [pool-47-thread-1] INFO  server.RaftServerConfigKeys (ConfUtils.java:logGet(43)) - raft.server.snapshot.auto.trigger.threshold = 10000 (custom)
2019-10-17 02:18:55,483 [pool-27-thread-1] INFO  server.RaftServerConfigKeys (ConfUtils.java:logGet(43)) - raft.server.retrycache.expirytime = 600000ms (custom)
2019-10-17 02:18:55,483 [pool-37-thread-1] INFO  server.RaftServerConfigKeys (ConfUtils.java:logGet(43)) - raft.server.log.statemachine.data.sync.timeout = 10s (default)
2019-10-17 02:18:55,484 [pool-47-thread-1] INFO  server.RaftServerConfigKeys (ConfUtils.java:logGet(43)) - raft.server.snapshot.retention.file.num = 5 (custom)
2019-10-17 02:18:55,484 [pool-37-thread-1] INFO  server.RaftServerConfigKeys (ConfUtils.java:logGet(43)) - raft.server.log.statemachine.data.sync.timeout.retry = -1 (default)
2019-10-17 02:18:55,484 [pool-47-thread-1] INFO  server.RaftServerConfigKeys (ConfUtils.java:logGet(43)) - raft.server.retrycache.expirytime = 600000ms (custom)
2019-10-17 02:18:55,484 [pool-37-thread-1] INFO  server.RaftServerConfigKeys (ConfUtils.java:logGet(43)) - raft.server.log.statemachine.data.caching.enabled = true (custom)
2019-10-17 02:18:55,484 [pool-37-thread-1] INFO  segmented.SegmentedRaftLogWorker (SegmentedRaftLogWorker.java:lambda$new$0(128)) - bf166244-8880-4b0f-9be5-11fb29082dcb@group-5A011987FEB2-SegmentedRaftLogWorker: flushIndex: setUnconditionally 0 -> -1
2019-10-17 02:18:55,485 [pool-37-thread-1] INFO  server.RaftServerConfigKeys (ConfUtils.java:logGet(43)) - raft.server.snapshot.auto.trigger.enabled = true (custom)
2019-10-17 02:18:55,485 [pool-37-thread-1] INFO  server.RaftServerConfigKeys (ConfUtils.java:logGet(43)) - raft.server.snapshot.auto.trigger.threshold = 10000 (custom)
2019-10-17 02:18:55,485 [pool-37-thread-1] INFO  server.RaftServerConfigKeys (ConfUtils.java:logGet(43)) - raft.server.snapshot.retention.file.num = 5 (custom)
2019-10-17 02:18:55,485 [pool-37-thread-1] INFO  server.RaftServerConfigKeys (ConfUtils.java:logGet(43)) - raft.server.retrycache.expirytime = 600000ms (custom)
2019-10-17 02:18:55,488 [pool-27-thread-1] INFO  impl.RaftServerImpl (RaftServerImpl.java:start(195)) - 33d40637-531b-47e9-8a2e-802b577efd6f@group-5A011987FEB2: start as a follower, conf=-1: [bf166244-8880-4b0f-9be5-11fb29082dcb:192.168.157.194:44285, 33d40637-531b-47e9-8a2e-802b577efd6f:192.168.157.194:40644, 389ddf04-1777-44a1-860a-c678eeab2358:192.168.157.194:44119], old=null
2019-10-17 02:18:55,488 [pool-47-thread-1] INFO  impl.RaftServerImpl (RaftServerImpl.java:start(195)) - 389ddf04-1777-44a1-860a-c678eeab2358@group-5A011987FEB2: start as a follower, conf=-1: [bf166244-8880-4b0f-9be5-11fb29082dcb:192.168.157.194:44285, 33d40637-531b-47e9-8a2e-802b577efd6f:192.168.157.194:40644, 389ddf04-1777-44a1-860a-c678eeab2358:192.168.157.194:44119], old=null
2019-10-17 02:18:55,488 [pool-27-thread-1] INFO  impl.RaftServerImpl (RaftServerImpl.java:setRole(184)) - 33d40637-531b-47e9-8a2e-802b577efd6f@group-5A011987FEB2: changes role from      null to FOLLOWER at term 0 for startAsFollower
2019-10-17 02:18:55,489 [pool-47-thread-1] INFO  impl.RaftServerImpl (RaftServerImpl.java:setRole(184)) - 389ddf04-1777-44a1-860a-c678eeab2358@group-5A011987FEB2: changes role from      null to FOLLOWER at term 0 for startAsFollower
2019-10-17 02:18:55,489 [pool-27-thread-1] INFO  impl.RoleInfo (RoleInfo.java:updateAndGet(143)) - 33d40637-531b-47e9-8a2e-802b577efd6f: start FollowerState
2019-10-17 02:18:55,489 [pool-47-thread-1] INFO  impl.RoleInfo (RoleInfo.java:updateAndGet(143)) - 389ddf04-1777-44a1-860a-c678eeab2358: start FollowerState
2019-10-17 02:18:55,489 [pool-37-thread-1] INFO  impl.RaftServerImpl (RaftServerImpl.java:start(195)) - bf166244-8880-4b0f-9be5-11fb29082dcb@group-5A011987FEB2: start as a follower, conf=-1: [bf166244-8880-4b0f-9be5-11fb29082dcb:192.168.157.194:44285, 33d40637-531b-47e9-8a2e-802b577efd6f:192.168.157.194:40644, 389ddf04-1777-44a1-860a-c678eeab2358:192.168.157.194:44119], old=null
2019-10-17 02:18:55,489 [pool-37-thread-1] INFO  impl.RaftServerImpl (RaftServerImpl.java:setRole(184)) - bf166244-8880-4b0f-9be5-11fb29082dcb@group-5A011987FEB2: changes role from      null to FOLLOWER at term 0 for startAsFollower
2019-10-17 02:18:55,489 [pool-27-thread-1] INFO  util.JmxRegister (JmxRegister.java:tryRegister(44)) - Successfully registered JMX Bean with object name Ratis:service=RaftServer,group=group-5A011987FEB2,id=33d40637-531b-47e9-8a2e-802b577efd6f
2019-10-17 02:18:55,489 [pool-47-thread-1] INFO  util.JmxRegister (JmxRegister.java:tryRegister(44)) - Successfully registered JMX Bean with object name Ratis:service=RaftServer,group=group-5A011987FEB2,id=389ddf04-1777-44a1-860a-c678eeab2358
2019-10-17 02:18:55,489 [pool-37-thread-1] INFO  impl.RoleInfo (RoleInfo.java:updateAndGet(143)) - bf166244-8880-4b0f-9be5-11fb29082dcb: start FollowerState
2019-10-17 02:18:55,490 [pool-37-thread-1] INFO  util.JmxRegister (JmxRegister.java:tryRegister(44)) - Successfully registered JMX Bean with object name Ratis:service=RaftServer,group=group-5A011987FEB2,id=bf166244-8880-4b0f-9be5-11fb29082dcb
2019-10-17 02:18:55,501 [RatisPipelineUtilsThread] INFO  pipeline.PipelineStateManager (PipelineStateManager.java:addPipeline(55)) - Created pipeline Pipeline[ Id: 32b71fb6-4c0a-4f90-a325-5a011987feb2, Nodes: bf166244-8880-4b0f-9be5-11fb29082dcb{ip: 192.168.157.194, host: pr-hdds-1868-g97gg-2149769003, networkLocation: /default-rack, certSerialId: null}33d40637-531b-47e9-8a2e-802b577efd6f{ip: 192.168.157.194, host: pr-hdds-1868-g97gg-2149769003, networkLocation: /default-rack, certSerialId: null}389ddf04-1777-44a1-860a-c678eeab2358{ip: 192.168.157.194, host: pr-hdds-1868-g97gg-2149769003, networkLocation: /default-rack, certSerialId: null}, Type:RATIS, Factor:THREE, State:ALLOCATED]
2019-10-17 02:18:55,516 [Thread-467] INFO  impl.FollowerState (FollowerState.java:run(108)) - 33d40637-531b-47e9-8a2e-802b577efd6f@group-5A011987FEB2-FollowerState: change to CANDIDATE, lastRpcTime:27ms, electionTimeout:27ms
2019-10-17 02:18:55,516 [Thread-467] INFO  impl.RoleInfo (RoleInfo.java:shutdownFollowerState(121)) - 33d40637-531b-47e9-8a2e-802b577efd6f: shutdown FollowerState
2019-10-17 02:18:55,516 [Thread-467] INFO  impl.RaftServerImpl (RaftServerImpl.java:setRole(184)) - 33d40637-531b-47e9-8a2e-802b577efd6f@group-5A011987FEB2: changes role from  FOLLOWER to CANDIDATE at term 0 for changeToCandidate
2019-10-17 02:18:55,516 [Thread-467] INFO  impl.RoleInfo (RoleInfo.java:updateAndGet(143)) - 33d40637-531b-47e9-8a2e-802b577efd6f: start LeaderElection
2019-10-17 02:18:55,530 [Thread-468] INFO  impl.FollowerState (FollowerState.java:run(108)) - 389ddf04-1777-44a1-860a-c678eeab2358@group-5A011987FEB2-FollowerState: change to CANDIDATE, lastRpcTime:41ms, electionTimeout:41ms
2019-10-17 02:18:55,531 [Thread-468] INFO  impl.RoleInfo (RoleInfo.java:shutdownFollowerState(121)) - 389ddf04-1777-44a1-860a-c678eeab2358: shutdown FollowerState
2019-10-17 02:18:55,531 [Thread-468] INFO  impl.RaftServerImpl (RaftServerImpl.java:setRole(184)) - 389ddf04-1777-44a1-860a-c678eeab2358@group-5A011987FEB2: changes role from  FOLLOWER to CANDIDATE at term 0 for changeToCandidate
2019-10-17 02:18:55,531 [Thread-468] INFO  impl.RoleInfo (RoleInfo.java:updateAndGet(143)) - 389ddf04-1777-44a1-860a-c678eeab2358: start LeaderElection
2019-10-17 02:18:55,531 [33d40637-531b-47e9-8a2e-802b577efd6f@group-5A011987FEB2-LeaderElection6] INFO  impl.LeaderElection (LeaderElection.java:askForVotes(178)) - 33d40637-531b-47e9-8a2e-802b577efd6f@group-5A011987FEB2-LeaderElection6: begin an election at term 1 for -1: [bf166244-8880-4b0f-9be5-11fb29082dcb:192.168.157.194:44285, 33d40637-531b-47e9-8a2e-802b577efd6f:192.168.157.194:40644, 389ddf04-1777-44a1-860a-c678eeab2358:192.168.157.194:44119], old=null
2019-10-17 02:18:55,543 [grpc-default-executor-4] INFO  impl.RaftServerImpl (RaftServerImpl.java:setRole(184)) - bf166244-8880-4b0f-9be5-11fb29082dcb@group-5A011987FEB2: changes role from  FOLLOWER to FOLLOWER at term 1 for recognizeCandidate:33d40637-531b-47e9-8a2e-802b577efd6f
2019-10-17 02:18:55,544 [grpc-default-executor-4] INFO  impl.RoleInfo (RoleInfo.java:shutdownFollowerState(121)) - bf166244-8880-4b0f-9be5-11fb29082dcb: shutdown FollowerState
2019-10-17 02:18:55,544 [Thread-469] INFO  impl.FollowerState (FollowerState.java:run(117)) - bf166244-8880-4b0f-9be5-11fb29082dcb@group-5A011987FEB2-FollowerState was interrupted: java.lang.InterruptedException: sleep interrupted
2019-10-17 02:18:55,544 [grpc-default-executor-4] INFO  impl.RoleInfo (RoleInfo.java:updateAndGet(143)) - bf166244-8880-4b0f-9be5-11fb29082dcb: start FollowerState
2019-10-17 02:18:55,552 [main] INFO  freon.RandomKeyGenerator (RandomKeyGenerator.java:call(283)) - Number of Threads: 10
2019-10-17 02:18:55,552 [main] INFO  freon.RandomKeyGenerator (RandomKeyGenerator.java:call(288)) - Number of Volumes: 1.
2019-10-17 02:18:55,552 [main] INFO  freon.RandomKeyGenerator (RandomKeyGenerator.java:call(289)) - Number of Buckets per Volume: 1.
2019-10-17 02:18:55,553 [main] INFO  freon.RandomKeyGenerator (RandomKeyGenerator.java:call(290)) - Number of Keys per Bucket: 1.
2019-10-17 02:18:55,553 [main] INFO  freon.RandomKeyGenerator (RandomKeyGenerator.java:call(291)) - Key size: 20971520 bytes
2019-10-17 02:18:55,553 [main] INFO  freon.RandomKeyGenerator (RandomKeyGenerator.java:call(292)) - Buffer size: 4096 bytes
2019-10-17 02:18:55,553 [main] INFO  freon.RandomKeyGenerator (RandomKeyGenerator.java:call(293)) - validateWrites : true
2019-10-17 02:18:55,554 [main] INFO  freon.RandomKeyGenerator (RandomKeyGenerator.java:call(307)) - Data validation is enabled.
2019-10-17 02:18:55,554 [pool-59-thread-1] INFO  rpc.RpcClient (RpcClient.java:createVolume(272)) - Creating Volume: vol-0-93566, with jenkins1000 as owner.
2019-10-17 02:18:55,554 [main] INFO  freon.RandomKeyGenerator (RandomKeyGenerator.java:call(313)) - Starting progress bar Thread.

 0.00% |?                                                                                                    |  0/1 Time: 0:00:002019-10-17 02:18:55,558 [IPC Server handler 7 on 42878] INFO  volume.OMVolumeCreateRequest (OMVolumeCreateRequest.java:validateAndUpdateCache(193)) - created volume:vol-0-93566 for user:jenkins1000
2019-10-17 02:18:55,560 [389ddf04-1777-44a1-860a-c678eeab2358@group-5A011987FEB2-LeaderElection7] INFO  impl.LeaderElection (LeaderElection.java:askForVotes(178)) - 389ddf04-1777-44a1-860a-c678eeab2358@group-5A011987FEB2-LeaderElection7: begin an election at term 1 for -1: [bf166244-8880-4b0f-9be5-11fb29082dcb:192.168.157.194:44285, 33d40637-531b-47e9-8a2e-802b577efd6f:192.168.157.194:40644, 389ddf04-1777-44a1-860a-c678eeab2358:192.168.157.194:44119], old=null
2019-10-17 02:18:55,565 [33d40637-531b-47e9-8a2e-802b577efd6f@group-5A011987FEB2-LeaderElection6] INFO  impl.LeaderElection (LeaderElection.java:logAndReturn(56)) - 33d40637-531b-47e9-8a2e-802b577efd6f@group-5A011987FEB2-LeaderElection6: Election PASSED; received 2 response(s) [33d40637-531b-47e9-8a2e-802b577efd6f<-bf166244-8880-4b0f-9be5-11fb29082dcb#0:OK-t1, 33d40637-531b-47e9-8a2e-802b577efd6f<-389ddf04-1777-44a1-860a-c678eeab2358#0:FAIL-t1] and 0 exception(s); 33d40637-531b-47e9-8a2e-802b577efd6f@group-5A011987FEB2:t1, leader=null, voted=33d40637-531b-47e9-8a2e-802b577efd6f, raftlog=33d40637-531b-47e9-8a2e-802b577efd6f@group-5A011987FEB2-SegmentedRaftLog:OPENED:c-1,f-1,i0, conf=-1: [bf166244-8880-4b0f-9be5-11fb29082dcb:192.168.157.194:44285, 33d40637-531b-47e9-8a2e-802b577efd6f:192.168.157.194:40644, 389ddf04-1777-44a1-860a-c678eeab2358:192.168.157.194:44119], old=null
2019-10-17 02:18:55,565 [33d40637-531b-47e9-8a2e-802b577efd6f@group-5A011987FEB2-LeaderElection6] INFO  impl.RoleInfo (RoleInfo.java:shutdownLeaderElection(134)) - 33d40637-531b-47e9-8a2e-802b577efd6f: shutdown LeaderElection
2019-10-17 02:18:55,567 [33d40637-531b-47e9-8a2e-802b577efd6f@group-5A011987FEB2-LeaderElection6] INFO  impl.RaftServerImpl (RaftServerImpl.java:setRole(184)) - 33d40637-531b-47e9-8a2e-802b577efd6f@group-5A011987FEB2: changes role from CANDIDATE to LEADER at term 1 for changeToLeader
2019-10-17 02:18:55,567 [33d40637-531b-47e9-8a2e-802b577efd6f@group-5A011987FEB2-LeaderElection6] INFO  ratis.XceiverServerRatis (XceiverServerRatis.java:handleLeaderChangedNotification(699)) - Leader change notification received for group: group-5A011987FEB2 with new leaderId: 33d40637-531b-47e9-8a2e-802b577efd6f
2019-10-17 02:18:55,567 [33d40637-531b-47e9-8a2e-802b577efd6f@group-5A011987FEB2-LeaderElection6] INFO  impl.RaftServerImpl (ServerState.java:setLeader(256)) - 33d40637-531b-47e9-8a2e-802b577efd6f@group-5A011987FEB2: change Leader from null to 33d40637-531b-47e9-8a2e-802b577efd6f at term 1 for becomeLeader, leader elected after 89ms
2019-10-17 02:18:55,567 [33d40637-531b-47e9-8a2e-802b577efd6f@group-5A011987FEB2-LeaderElection6] INFO  server.RaftServerConfigKeys (ConfUtils.java:logGet(43)) - raft.server.staging.catchup.gap = 1000 (default)
2019-10-17 02:18:55,567 [33d40637-531b-47e9-8a2e-802b577efd6f@group-5A011987FEB2-LeaderElection6] INFO  server.RaftServerConfigKeys (ConfUtils.java:logGet(43)) - raft.server.rpc.sleep.time = 25ms (default)
2019-10-17 02:18:55,568 [33d40637-531b-47e9-8a2e-802b577efd6f@group-5A011987FEB2-LeaderElection6] INFO  server.RaftServerConfigKeys (ConfUtils.java:logGet(43)) - raft.server.write.element-limit = 4096 (default)
2019-10-17 02:18:55,568 [33d40637-531b-47e9-8a2e-802b577efd6f@group-5A011987FEB2-LeaderElection6] INFO  server.RaftServerConfigKeys (ConfUtils.java:logGet(43)) - raft.server.watch.timeout = 10s (default)
2019-10-17 02:18:55,568 [33d40637-531b-47e9-8a2e-802b577efd6f@group-5A011987FEB2-LeaderElection6] INFO  server.RaftServerConfigKeys (ConfUtils.java:logGet(43)) - raft.server.watch.timeout.denomination = 1s (default)
2019-10-17 02:18:55,568 [33d40637-531b-47e9-8a2e-802b577efd6f@group-5A011987FEB2-LeaderElection6] INFO  server.RaftServerConfigKeys (ConfUtils.java:logGet(43)) - raft.server.watch.element-limit = 65536 (default)
2019-10-17 02:18:55,568 [EventQueue-PipelineReportForPipelineReportHandler] INFO  pipeline.PipelineReportHandler (PipelineReportHandler.java:processPipelineReport(119)) - Pipeline PipelineID=32b71fb6-4c0a-4f90-a325-5a011987feb2 reported by 33d40637-531b-47e9-8a2e-802b577efd6f{ip: 192.168.157.194, host: pr-hdds-1868-g97gg-2149769003, networkLocation: /default-rack, certSerialId: null} with leaderId 33d40637-531b-47e9-8a2e-802b577efd6f
2019-10-17 02:18:55,571 [Thread-477] INFO  impl.FollowerState (FollowerState.java:run(108)) - bf166244-8880-4b0f-9be5-11fb29082dcb@group-5A011987FEB2-FollowerState: change to CANDIDATE, lastRpcTime:27ms, electionTimeout:26ms
2019-10-17 02:18:55,572 [Thread-477] INFO  impl.RoleInfo (RoleInfo.java:shutdownFollowerState(121)) - bf166244-8880-4b0f-9be5-11fb29082dcb: shutdown FollowerState
2019-10-17 02:18:55,572 [Thread-477] INFO  impl.RaftServerImpl (RaftServerImpl.java:setRole(184)) - bf166244-8880-4b0f-9be5-11fb29082dcb@group-5A011987FEB2: changes role from  FOLLOWER to CANDIDATE at term 1 for changeToCandidate
2019-10-17 02:18:55,572 [Thread-477] INFO  impl.RoleInfo (RoleInfo.java:updateAndGet(143)) - bf166244-8880-4b0f-9be5-11fb29082dcb: start LeaderElection
2019-10-17 02:18:55,574 [pool-59-thread-3] INFO  rpc.RpcClient (RpcClient.java:createBucket(411)) - Creating Bucket: vol-0-93566/bucket-0-22517, with Versioning false and Storage Type set to DISK and Encryption set to false 
2019-10-17 02:18:55,574 [33d40637-531b-47e9-8a2e-802b577efd6f@group-5A011987FEB2-LeaderElection6] INFO  server.RaftServerConfigKeys (ConfUtils.java:logGet(43)) - raft.server.log.appender.snapshot.chunk.size.max = 16MB (=16777216) (default)
2019-10-17 02:18:55,575 [33d40637-531b-47e9-8a2e-802b577efd6f@group-5A011987FEB2-LeaderElection6] INFO  server.RaftServerConfigKeys (ConfUtils.java:logGet(43)) - raft.server.log.appender.buffer.byte-limit = 33554432 (custom)
2019-10-17 02:18:55,575 [33d40637-531b-47e9-8a2e-802b577efd6f@group-5A011987FEB2-LeaderElection6] INFO  server.RaftServerConfigKeys (ConfUtils.java:logGet(43)) - raft.server.log.appender.buffer.element-limit = 1 (custom)
2019-10-17 02:18:55,575 [33d40637-531b-47e9-8a2e-802b577efd6f@group-5A011987FEB2-LeaderElection6] INFO  grpc.GrpcConfigKeys$Server (ConfUtils.java:logGet(43)) - raft.grpc.server.leader.outstanding.appends.max = 128 (default)
2019-10-17 02:18:55,575 [33d40637-531b-47e9-8a2e-802b577efd6f@group-5A011987FEB2-LeaderElection6] INFO  server.RaftServerConfigKeys (ConfUtils.java:logGet(43)) - raft.server.rpc.request.timeout = 3000ms (default)
2019-10-17 02:18:55,575 [33d40637-531b-47e9-8a2e-802b577efd6f@group-5A011987FEB2-LeaderElection6] INFO  server.RaftServerConfigKeys (ConfUtils.java:logGet(43)) - raft.server.log.appender.install.snapshot.enabled = false (custom)
2019-10-17 02:18:55,578 [33d40637-531b-47e9-8a2e-802b577efd6f@group-5A011987FEB2-LeaderElection6] INFO  server.RaftServerConfigKeys (ConfUtils.java:logGet(43)) - raft.server.log.appender.snapshot.chunk.size.max = 16MB (=16777216) (default)
2019-10-17 02:18:55,578 [33d40637-531b-47e9-8a2e-802b577efd6f@group-5A011987FEB2-LeaderElection6] INFO  server.RaftServerConfigKeys (ConfUtils.java:logGet(43)) - raft.server.log.appender.buffer.byte-limit = 33554432 (custom)
2019-10-17 02:18:55,578 [33d40637-531b-47e9-8a2e-802b577efd6f@group-5A011987FEB2-LeaderElection6] INFO  server.RaftServerConfigKeys (ConfUtils.java:logGet(43)) - raft.server.log.appender.buffer.element-limit = 1 (custom)
2019-10-17 02:18:55,578 [33d40637-531b-47e9-8a2e-802b577efd6f@group-5A011987FEB2-LeaderElection6] INFO  grpc.GrpcConfigKeys$Server (ConfUtils.java:logGet(43)) - raft.grpc.server.leader.outstanding.appends.max = 128 (default)
2019-10-17 02:18:55,579 [33d40637-531b-47e9-8a2e-802b577efd6f@group-5A011987FEB2-LeaderElection6] INFO  server.RaftServerConfigKeys (ConfUtils.java:logGet(43)) - raft.server.rpc.request.timeout = 3000ms (default)
2019-10-17 02:18:55,579 [33d40637-531b-47e9-8a2e-802b577efd6f@group-5A011987FEB2-LeaderElection6] INFO  server.RaftServerConfigKeys (ConfUtils.java:logGet(43)) - raft.server.log.appender.install.snapshot.enabled = false (custom)
2019-10-17 02:18:55,581 [33d40637-531b-47e9-8a2e-802b577efd6f@group-5A011987FEB2-LeaderElection6] INFO  impl.RoleInfo (RoleInfo.java:updateAndGet(143)) - 33d40637-531b-47e9-8a2e-802b577efd6f: start LeaderState
2019-10-17 02:18:55,581 [33d40637-531b-47e9-8a2e-802b577efd6f@group-5A011987FEB2-LeaderElection6] INFO  segmented.SegmentedRaftLogWorker (SegmentedRaftLogWorker.java:startLogSegment(385)) - 33d40637-531b-47e9-8a2e-802b577efd6f@group-5A011987FEB2-SegmentedRaftLogWorker: Starting segment from index:0
2019-10-17 02:18:55,582 [33d40637-531b-47e9-8a2e-802b577efd6f@group-5A011987FEB2-LeaderElection6] INFO  impl.RaftServerImpl (ServerState.java:setRaftConf(357)) - 33d40637-531b-47e9-8a2e-802b577efd6f@group-5A011987FEB2: set configuration 0: [bf166244-8880-4b0f-9be5-11fb29082dcb:192.168.157.194:44285, 33d40637-531b-47e9-8a2e-802b577efd6f:192.168.157.194:40644, 389ddf04-1777-44a1-860a-c678eeab2358:192.168.157.194:44119], old=null at 0
2019-10-17 02:18:55,609 [grpc-default-executor-3] INFO  impl.RaftServerImpl (RaftServerImpl.java:requestVote(776)) - 33d40637-531b-47e9-8a2e-802b577efd6f@group-5A011987FEB2-   LEADER: Withhold vote from candidate 389ddf04-1777-44a1-860a-c678eeab2358 with term 1. State: leader=33d40637-531b-47e9-8a2e-802b577efd6f, term=1, lastRpcElapsed=null
2019-10-17 02:18:55,609 [bf166244-8880-4b0f-9be5-11fb29082dcb@group-5A011987FEB2-LeaderElection8] INFO  impl.LeaderElection (LeaderElection.java:askForVotes(178)) - bf166244-8880-4b0f-9be5-11fb29082dcb@group-5A011987FEB2-LeaderElection8: begin an election at term 2 for -1: [bf166244-8880-4b0f-9be5-11fb29082dcb:192.168.157.194:44285, 33d40637-531b-47e9-8a2e-802b577efd6f:192.168.157.194:40644, 389ddf04-1777-44a1-860a-c678eeab2358:192.168.157.194:44119], old=null
2019-10-17 02:18:55,614 [389ddf04-1777-44a1-860a-c678eeab2358@group-5A011987FEB2-LeaderElection7] INFO  impl.LeaderElection (LeaderElection.java:logAndReturn(56)) - 389ddf04-1777-44a1-860a-c678eeab2358@group-5A011987FEB2-LeaderElection7: Election REJECTED; received 2 response(s) [389ddf04-1777-44a1-860a-c678eeab2358<-bf166244-8880-4b0f-9be5-11fb29082dcb#0:FAIL-t1, 389ddf04-1777-44a1-860a-c678eeab2358<-33d40637-531b-47e9-8a2e-802b577efd6f#0:FAIL-t1] and 0 exception(s); 389ddf04-1777-44a1-860a-c678eeab2358@group-5A011987FEB2:t1, leader=null, voted=389ddf04-1777-44a1-860a-c678eeab2358, raftlog=389ddf04-1777-44a1-860a-c678eeab2358@group-5A011987FEB2-SegmentedRaftLog:OPENED:c-1,f-1,i0, conf=-1: [bf166244-8880-4b0f-9be5-11fb29082dcb:192.168.157.194:44285, 33d40637-531b-47e9-8a2e-802b577efd6f:192.168.157.194:40644, 389ddf04-1777-44a1-860a-c678eeab2358:192.168.157.194:44119], old=null
2019-10-17 02:18:55,614 [grpc-default-executor-3] INFO  impl.RaftServerImpl (RaftServerImpl.java:setRole(184)) - 389ddf04-1777-44a1-860a-c678eeab2358@group-5A011987FEB2: changes role from CANDIDATE to FOLLOWER at term 1 for appendEntries
2019-10-17 02:18:55,614 [grpc-default-executor-3] INFO  impl.RoleInfo (RoleInfo.java:shutdownLeaderElection(134)) - 389ddf04-1777-44a1-860a-c678eeab2358: shutdown LeaderElection
2019-10-17 02:18:55,614 [grpc-default-executor-3] INFO  impl.RoleInfo (RoleInfo.java:updateAndGet(143)) - 389ddf04-1777-44a1-860a-c678eeab2358: start FollowerState
2019-10-17 02:18:55,614 [grpc-default-executor-3] INFO  ratis.XceiverServerRatis (XceiverServerRatis.java:handleLeaderChangedNotification(699)) - Leader change notification received for group: group-5A011987FEB2 with new leaderId: 33d40637-531b-47e9-8a2e-802b577efd6f
2019-10-17 02:18:55,615 [grpc-default-executor-3] INFO  impl.RaftServerImpl (ServerState.java:setLeader(256)) - 389ddf04-1777-44a1-860a-c678eeab2358@group-5A011987FEB2: change Leader from null to 33d40637-531b-47e9-8a2e-802b577efd6f at term 1 for appendEntries, leader elected after 137ms
2019-10-17 02:18:55,615 [Thread-483] INFO  impl.RaftServerImpl (ServerState.java:setLeader(256)) - 33d40637-531b-47e9-8a2e-802b577efd6f@group-5A011987FEB2: change Leader from 33d40637-531b-47e9-8a2e-802b577efd6f to null at term 2 for updateCurrentTerm
2019-10-17 02:18:55,618 [33d40637-531b-47e9-8a2e-802b577efd6f@group-5A011987FEB2-SegmentedRaftLogWorker] INFO  segmented.SegmentedRaftLogWorker (SegmentedRaftLogWorker.java:execute(576)) - 33d40637-531b-47e9-8a2e-802b577efd6f@group-5A011987FEB2-SegmentedRaftLogWorker: created new log segment /workdir/hadoop-ozone/tools/target/test-dir/MiniOzoneClusterImpl-48d4d914-35c7-4cf3-b630-f98a64bbf180/datanode-0/data/ratis/32b71fb6-4c0a-4f90-a325-5a011987feb2/current/log_inprogress_0
2019-10-17 02:18:55,618 [EventQueue-PipelineReportForPipelineReportHandler] INFO  pipeline.PipelineReportHandler (PipelineReportHandler.java:processPipelineReport(119)) - Pipeline PipelineID=32b71fb6-4c0a-4f90-a325-5a011987feb2 reported by 389ddf04-1777-44a1-860a-c678eeab2358{ip: 192.168.157.194, host: pr-hdds-1868-g97gg-2149769003, networkLocation: /default-rack, certSerialId: null} with leaderId 33d40637-531b-47e9-8a2e-802b577efd6f
2019-10-17 02:18:55,618 [Thread-483] INFO  impl.RaftServerImpl (RaftServerImpl.java:setRole(184)) - 33d40637-531b-47e9-8a2e-802b577efd6f@group-5A011987FEB2: changes role from    LEADER to FOLLOWER at term 2 for stepDown
2019-10-17 02:18:55,619 [Thread-483] INFO  impl.RoleInfo (RoleInfo.java:shutdownLeaderState(104)) - 33d40637-531b-47e9-8a2e-802b577efd6f: shutdown LeaderState
2019-10-17 02:18:55,621 [org.apache.ratis.server.impl.LogAppender$AppenderDaemon$$Lambda$441/1995119391@1d03b56d] WARN  server.GrpcLogAppender (GrpcLogAppender.java:mayWait(149)) - 33d40637-531b-47e9-8a2e-802b577efd6f@group-5A011987FEB2->389ddf04-1777-44a1-860a-c678eeab2358-GrpcLogAppender: Wait interrupted by java.lang.InterruptedException
2019-10-17 02:18:55,621 [org.apache.ratis.server.impl.LogAppender$AppenderDaemon$$Lambda$441/1995119391@2c659b97] WARN  server.GrpcLogAppender (GrpcLogAppender.java:mayWait(149)) - 33d40637-531b-47e9-8a2e-802b577efd6f@group-5A011987FEB2->bf166244-8880-4b0f-9be5-11fb29082dcb-GrpcLogAppender: Wait interrupted by java.lang.InterruptedException
2019-10-17 02:18:55,621 [Thread-483] INFO  impl.PendingRequests (PendingRequests.java:sendNotLeaderResponses(202)) - 33d40637-531b-47e9-8a2e-802b577efd6f@group-5A011987FEB2-PendingRequests: sendNotLeaderResponses
2019-10-17 02:18:55,623 [grpc-default-executor-0] INFO  impl.RaftServerImpl (ServerState.java:setRaftConf(357)) - 389ddf04-1777-44a1-860a-c678eeab2358@group-5A011987FEB2: set configuration 0: [bf166244-8880-4b0f-9be5-11fb29082dcb:192.168.157.194:44285, 33d40637-531b-47e9-8a2e-802b577efd6f:192.168.157.194:40644, 389ddf04-1777-44a1-860a-c678eeab2358:192.168.157.194:44119], old=null at 0
2019-10-17 02:18:55,623 [Thread-483] INFO  impl.RoleInfo (RoleInfo.java:updateAndGet(143)) - 33d40637-531b-47e9-8a2e-802b577efd6f: start FollowerState
2019-10-17 02:18:55,623 [grpc-default-executor-0] INFO  segmented.SegmentedRaftLogWorker (SegmentedRaftLogWorker.java:startLogSegment(385)) - 389ddf04-1777-44a1-860a-c678eeab2358@group-5A011987FEB2-SegmentedRaftLogWorker: Starting segment from index:0
2019-10-17 02:18:55,623 [grpc-default-executor-3] INFO  impl.RaftServerImpl (ServerState.java:setLeader(256)) - 389ddf04-1777-44a1-860a-c678eeab2358@group-5A011987FEB2: change Leader from 33d40637-531b-47e9-8a2e-802b577efd6f to null at term 2 for updateCurrentTerm
2019-10-17 02:18:55,623 [grpc-default-executor-4] INFO  server.GrpcServerProtocolService (GrpcServerProtocolService.java:onCompleted(113)) - bf166244-8880-4b0f-9be5-11fb29082dcb: Completed APPEND_ENTRIES, lastRequest: 33d40637-531b-47e9-8a2e-802b577efd6f->bf166244-8880-4b0f-9be5-11fb29082dcb#0-t1, previous=(t:0, i:0), leaderCommit=-1, initializing? false, entries: <empty>
2019-10-17 02:18:55,624 [grpc-default-executor-3] INFO  impl.RaftServerImpl (RaftServerImpl.java:setRole(184)) - 389ddf04-1777-44a1-860a-c678eeab2358@group-5A011987FEB2: changes role from  FOLLOWER to FOLLOWER at term 2 for recognizeCandidate:bf166244-8880-4b0f-9be5-11fb29082dcb
2019-10-17 02:18:55,624 [grpc-default-executor-0] INFO  server.GrpcServerProtocolService (GrpcServerProtocolService.java:onCompleted(113)) - 389ddf04-1777-44a1-860a-c678eeab2358: Completed APPEND_ENTRIES, lastRequest: 33d40637-531b-47e9-8a2e-802b577efd6f->389ddf04-1777-44a1-860a-c678eeab2358#1-t1, previous=(t:0, i:0), leaderCommit=-1, initializing? false, entries: size=1, first=(t:1, i:0), CONFIGURATIONENTRY
2019-10-17 02:18:55,624 [grpc-default-executor-3] INFO  impl.RoleInfo (RoleInfo.java:shutdownFollowerState(121)) - 389ddf04-1777-44a1-860a-c678eeab2358: shutdown FollowerState
2019-10-17 02:18:55,625 [grpc-default-executor-4] INFO  server.GrpcLogAppender (GrpcLogAppender.java:onCompleted(308)) - 33d40637-531b-47e9-8a2e-802b577efd6f@group-5A011987FEB2->bf166244-8880-4b0f-9be5-11fb29082dcb-AppendLogResponseHandler: follower responses appendEntries COMPLETED
2019-10-17 02:18:55,625 [grpc-default-executor-3] INFO  impl.RoleInfo (RoleInfo.java:updateAndGet(143)) - 389ddf04-1777-44a1-860a-c678eeab2358: start FollowerState
2019-10-17 02:18:55,625 [Thread-491] INFO  impl.FollowerState (FollowerState.java:run(117)) - 389ddf04-1777-44a1-860a-c678eeab2358@group-5A011987FEB2-FollowerState was interrupted: java.lang.InterruptedException: sleep interrupted
2019-10-17 02:18:55,651 [IPC Server handler 19 on 41318] WARN  block.BlockManagerImpl (BlockManagerImpl.java:allocateBlock(200)) - Pipeline creation failed for type:RATIS factor:THREE. Retrying get pipelines call once.
org.apache.hadoop.hdds.scm.pipeline.InsufficientDatanodesException: Cannot create pipeline of factor 3 using 0 nodes.
	at org.apache.hadoop.hdds.scm.pipeline.RatisPipelineProvider.create(RatisPipelineProvider.java:153)
	at org.apache.hadoop.hdds.scm.pipeline.PipelineFactory.create(PipelineFactory.java:58)
	at org.apache.hadoop.hdds.scm.pipeline.SCMPipelineManager.createPipeline(SCMPipelineManager.java:155)
	at org.apache.hadoop.hdds.scm.block.BlockManagerImpl.allocateBlock(BlockManagerImpl.java:198)
	at org.apache.hadoop.hdds.scm.server.SCMBlockProtocolServer.allocateBlock(SCMBlockProtocolServer.java:182)
	at org.apache.hadoop.hdds.scm.protocol.ScmBlockLocationProtocolServerSideTranslatorPB.allocateScmBlock(ScmBlockLocationProtocolServerSideTranslatorPB.java:159)
	at org.apache.hadoop.hdds.scm.protocol.ScmBlockLocationProtocolServerSideTranslatorPB.processMessage(ScmBlockLocationProtocolServerSideTranslatorPB.java:117)
	at org.apache.hadoop.hdds.server.OzoneProtocolMessageDispatcher.processRequest(OzoneProtocolMessageDispatcher.java:72)
	at org.apache.hadoop.hdds.scm.protocol.ScmBlockLocationProtocolServerSideTranslatorPB.send(ScmBlockLocationProtocolServerSideTranslatorPB.java:98)
	at org.apache.hadoop.hdds.protocol.proto.ScmBlockLocationProtocolProtos$ScmBlockLocationProtocolService$2.callBlockingMethod(ScmBlockLocationProtocolProtos.java:13157)
	at org.apache.hadoop.ipc.ProtobufRpcEngine$Server$ProtoBufRpcInvoker.call(ProtobufRpcEngine.java:524)
	at org.apache.hadoop.ipc.RPC$Server.call(RPC.java:1025)
	at org.apache.hadoop.ipc.Server$RpcCall.run(Server.java:876)
	at org.apache.hadoop.ipc.Server$RpcCall.run(Server.java:822)
	at java.security.AccessController.doPrivileged(Native Method)
	at javax.security.auth.Subject.doAs(Subject.java:422)
	at org.apache.hadoop.security.UserGroupInformation.doAs(UserGroupInformation.java:1730)
	at org.apache.hadoop.ipc.Server$Handler.run(Server.java:2682)
2019-10-17 02:18:55,651 [grpc-default-executor-0] INFO  server.GrpcLogAppender (GrpcLogAppender.java:onCompleted(308)) - 33d40637-531b-47e9-8a2e-802b577efd6f@group-5A011987FEB2->389ddf04-1777-44a1-860a-c678eeab2358-AppendLogResponseHandler: follower responses appendEntries COMPLETED
2019-10-17 02:18:55,651 [grpc-default-executor-1] INFO  impl.RaftServerImpl (RaftServerImpl.java:setRole(184)) - 33d40637-531b-47e9-8a2e-802b577efd6f@group-5A011987FEB2: changes role from  FOLLOWER to FOLLOWER at term 2 for recognizeCandidate:bf166244-8880-4b0f-9be5-11fb29082dcb
2019-10-17 02:18:55,655 [IPC Server handler 19 on 41318] INFO  block.BlockManagerImpl (BlockManagerImpl.java:allocateBlock(212)) - Could not find available pipeline of type:RATIS and factor:THREE even after retrying
2019-10-17 02:18:55,652 [grpc-default-executor-4] INFO  impl.FollowerInfo (FollowerInfo.java:lambda$new$0(51)) - 33d40637-531b-47e9-8a2e-802b577efd6f@group-5A011987FEB2->bf166244-8880-4b0f-9be5-11fb29082dcb: nextIndex: updateUnconditionally 0 -> 0
2019-10-17 02:18:55,656 [IPC Server handler 19 on 41318] ERROR block.BlockManagerImpl (BlockManagerImpl.java:allocateBlock(236)) - Unable to allocate a block for the size: 4194304, type: RATIS, factor: THREE
2019-10-17 02:18:55,656 [grpc-default-executor-1] INFO  impl.RoleInfo (RoleInfo.java:shutdownFollowerState(121)) - 33d40637-531b-47e9-8a2e-802b577efd6f: shutdown FollowerState
2019-10-17 02:18:55,656 [grpc-default-executor-0] INFO  impl.FollowerInfo (FollowerInfo.java:lambda$new$0(51)) - 33d40637-531b-47e9-8a2e-802b577efd6f@group-5A011987FEB2->389ddf04-1777-44a1-860a-c678eeab2358: nextIndex: updateUnconditionally 1 -> 0
2019-10-17 02:18:55,656 [grpc-default-executor-1] INFO  impl.RoleInfo (RoleInfo.java:updateAndGet(143)) - 33d40637-531b-47e9-8a2e-802b577efd6f: start FollowerState
2019-10-17 02:18:55,656 [Thread-494] INFO  impl.FollowerState (FollowerState.java:run(117)) - 33d40637-531b-47e9-8a2e-802b577efd6f@group-5A011987FEB2-FollowerState was interrupted: java.lang.InterruptedException: sleep interrupted
2019-10-17 02:18:55,656 [IPC Server handler 19 on 41318] WARN  block.BlockManagerImpl (BlockManagerImpl.java:allocateBlock(200)) - Pipeline creation failed for type:RATIS factor:THREE. Retrying get pipelines call once.
org.apache.hadoop.hdds.scm.pipeline.InsufficientDatanodesException: Cannot create pipeline of factor 3 using 0 nodes.
	at org.apache.hadoop.hdds.scm.pipeline.RatisPipelineProvider.create(RatisPipelineProvider.java:153)
	at org.apache.hadoop.hdds.scm.pipeline.PipelineFactory.create(PipelineFactory.java:58)
	at org.apache.hadoop.hdds.scm.pipeline.SCMPipelineManager.createPipeline(SCMPipelineManager.java:155)
	at org.apache.hadoop.hdds.scm.block.BlockManagerImpl.allocateBlock(BlockManagerImpl.java:198)
	at org.apache.hadoop.hdds.scm.server.SCMBlockProtocolServer.allocateBlock(SCMBlockProtocolServer.java:182)
	at org.apache.hadoop.hdds.scm.protocol.ScmBlockLocationProtocolServerSideTranslatorPB.allocateScmBlock(ScmBlockLocationProtocolServerSideTranslatorPB.java:159)
	at org.apache.hadoop.hdds.scm.protocol.ScmBlockLocationProtocolServerSideTranslatorPB.processMessage(ScmBlockLocationProtocolServerSideTranslatorPB.java:117)
	at org.apache.hadoop.hdds.server.OzoneProtocolMessageDispatcher.processRequest(OzoneProtocolMessageDispatcher.java:72)
	at org.apache.hadoop.hdds.scm.protocol.ScmBlockLocationProtocolServerSideTranslatorPB.send(ScmBlockLocationProtocolServerSideTranslatorPB.java:98)
	at org.apache.hadoop.hdds.protocol.proto.ScmBlockLocationProtocolProtos$ScmBlockLocationProtocolService$2.callBlockingMethod(ScmBlockLocationProtocolProtos.java:13157)
	at org.apache.hadoop.ipc.ProtobufRpcEngine$Server$ProtoBufRpcInvoker.call(ProtobufRpcEngine.java:524)
	at org.apache.hadoop.ipc.RPC$Server.call(RPC.java:1025)
	at org.apache.hadoop.ipc.Server$RpcCall.run(Server.java:876)
	at org.apache.hadoop.ipc.Server$RpcCall.run(Server.java:822)
	at java.security.AccessController.doPrivileged(Native Method)
	at javax.security.auth.Subject.doAs(Subject.java:422)
	at org.apache.hadoop.security.UserGroupInformation.doAs(UserGroupInformation.java:1730)
	at org.apache.hadoop.ipc.Server$Handler.run(Server.java:2682)
2019-10-17 02:18:55,658 [IPC Server handler 19 on 41318] INFO  block.BlockManagerImpl (BlockManagerImpl.java:allocateBlock(212)) - Could not find available pipeline of type:RATIS and factor:THREE even after retrying
2019-10-17 02:18:55,659 [IPC Server handler 19 on 41318] ERROR block.BlockManagerImpl (BlockManagerImpl.java:allocateBlock(236)) - Unable to allocate a block for the size: 4194304, type: RATIS, factor: THREE
2019-10-17 02:18:55,659 [IPC Server handler 19 on 41318] WARN  block.BlockManagerImpl (BlockManagerImpl.java:allocateBlock(200)) - Pipeline creation failed for type:RATIS factor:THREE. Retrying get pipelines call once.
org.apache.hadoop.hdds.scm.pipeline.InsufficientDatanodesException: Cannot create pipeline of factor 3 using 0 nodes.
	at org.apache.hadoop.hdds.scm.pipeline.RatisPipelineProvider.create(RatisPipelineProvider.java:153)
	at org.apache.hadoop.hdds.scm.pipeline.PipelineFactory.create(PipelineFactory.java:58)
	at org.apache.hadoop.hdds.scm.pipeline.SCMPipelineManager.createPipeline(SCMPipelineManager.java:155)
	at org.apache.hadoop.hdds.scm.block.BlockManagerImpl.allocateBlock(BlockManagerImpl.java:198)
	at org.apache.hadoop.hdds.scm.server.SCMBlockProtocolServer.allocateBlock(SCMBlockProtocolServer.java:182)
	at org.apache.hadoop.hdds.scm.protocol.ScmBlockLocationProtocolServerSideTranslatorPB.allocateScmBlock(ScmBlockLocationProtocolServerSideTranslatorPB.java:159)
	at org.apache.hadoop.hdds.scm.protocol.ScmBlockLocationProtocolServerSideTranslatorPB.processMessage(ScmBlockLocationProtocolServerSideTranslatorPB.java:117)
	at org.apache.hadoop.hdds.server.OzoneProtocolMessageDispatcher.processRequest(OzoneProtocolMessageDispatcher.java:72)
	at org.apache.hadoop.hdds.scm.protocol.ScmBlockLocationProtocolServerSideTranslatorPB.send(ScmBlockLocationProtocolServerSideTranslatorPB.java:98)
	at org.apache.hadoop.hdds.protocol.proto.ScmBlockLocationProtocolProtos$ScmBlockLocationProtocolService$2.callBlockingMethod(ScmBlockLocationProtocolProtos.java:13157)
	at org.apache.hadoop.ipc.ProtobufRpcEngine$Server$ProtoBufRpcInvoker.call(ProtobufRpcEngine.java:524)
	at org.apache.hadoop.ipc.RPC$Server.call(RPC.java:1025)
	at org.apache.hadoop.ipc.Server$RpcCall.run(Server.java:876)
	at org.apache.hadoop.ipc.Server$RpcCall.run(Server.java:822)
	at java.security.AccessController.doPrivileged(Native Method)
	at javax.security.auth.Subject.doAs(Subject.java:422)
	at org.apache.hadoop.security.UserGroupInformation.doAs(UserGroupInformation.java:1730)
	at org.apache.hadoop.ipc.Server$Handler.run(Server.java:2682)
2019-10-17 02:18:55,660 [IPC Server handler 19 on 41318] INFO  block.BlockManagerImpl (BlockManagerImpl.java:allocateBlock(212)) - Could not find available pipeline of type:RATIS and factor:THREE even after retrying
2019-10-17 02:18:55,660 [IPC Server handler 19 on 41318] ERROR block.BlockManagerImpl (BlockManagerImpl.java:allocateBlock(236)) - Unable to allocate a block for the size: 4194304, type: RATIS, factor: THREE
2019-10-17 02:18:55,660 [IPC Server handler 19 on 41318] WARN  block.BlockManagerImpl (BlockManagerImpl.java:allocateBlock(200)) - Pipeline creation failed for type:RATIS factor:THREE. Retrying get pipelines call once.
org.apache.hadoop.hdds.scm.pipeline.InsufficientDatanodesException: Cannot create pipeline of factor 3 using 0 nodes.
	at org.apache.hadoop.hdds.scm.pipeline.RatisPipelineProvider.create(RatisPipelineProvider.java:153)
	at org.apache.hadoop.hdds.scm.pipeline.PipelineFactory.create(PipelineFactory.java:58)
	at org.apache.hadoop.hdds.scm.pipeline.SCMPipelineManager.createPipeline(SCMPipelineManager.java:155)
	at org.apache.hadoop.hdds.scm.block.BlockManagerImpl.allocateBlock(BlockManagerImpl.java:198)
	at org.apache.hadoop.hdds.scm.server.SCMBlockProtocolServer.allocateBlock(SCMBlockProtocolServer.java:182)
	at org.apache.hadoop.hdds.scm.protocol.ScmBlockLocationProtocolServerSideTranslatorPB.allocateScmBlock(ScmBlockLocationProtocolServerSideTranslatorPB.java:159)
	at org.apache.hadoop.hdds.scm.protocol.ScmBlockLocationProtocolServerSideTranslatorPB.processMessage(ScmBlockLocationProtocolServerSideTranslatorPB.java:117)
	at org.apache.hadoop.hdds.server.OzoneProtocolMessageDispatcher.processRequest(OzoneProtocolMessageDispatcher.java:72)
	at org.apache.hadoop.hdds.scm.protocol.ScmBlockLocationProtocolServerSideTranslatorPB.send(ScmBlockLocationProtocolServerSideTranslatorPB.java:98)
	at org.apache.hadoop.hdds.protocol.proto.ScmBlockLocationProtocolProtos$ScmBlockLocationProtocolService$2.callBlockingMethod(ScmBlockLocationProtocolProtos.java:13157)
	at org.apache.hadoop.ipc.ProtobufRpcEngine$Server$ProtoBufRpcInvoker.call(ProtobufRpcEngine.java:524)
	at org.apache.hadoop.ipc.RPC$Server.call(RPC.java:1025)
	at org.apache.hadoop.ipc.Server$RpcCall.run(Server.java:876)
	at org.apache.hadoop.ipc.Server$RpcCall.run(Server.java:822)
	at java.security.AccessController.doPrivileged(Native Method)
	at javax.security.auth.Subject.doAs(Subject.java:422)
	at org.apache.hadoop.security.UserGroupInformation.doAs(UserGroupInformation.java:1730)
	at org.apache.hadoop.ipc.Server$Handler.run(Server.java:2682)
2019-10-17 02:18:55,661 [IPC Server handler 19 on 41318] INFO  block.BlockManagerImpl (BlockManagerImpl.java:allocateBlock(212)) - Could not find available pipeline of type:RATIS and factor:THREE even after retrying
2019-10-17 02:18:55,661 [IPC Server handler 19 on 41318] ERROR block.BlockManagerImpl (BlockManagerImpl.java:allocateBlock(236)) - Unable to allocate a block for the size: 4194304, type: RATIS, factor: THREE
2019-10-17 02:18:55,661 [IPC Server handler 19 on 41318] WARN  block.BlockManagerImpl (BlockManagerImpl.java:allocateBlock(200)) - Pipeline creation failed for type:RATIS factor:THREE. Retrying get pipelines call once.
org.apache.hadoop.hdds.scm.pipeline.InsufficientDatanodesException: Cannot create pipeline of factor 3 using 0 nodes.
	at org.apache.hadoop.hdds.scm.pipeline.RatisPipelineProvider.create(RatisPipelineProvider.java:153)
	at org.apache.hadoop.hdds.scm.pipeline.PipelineFactory.create(PipelineFactory.java:58)
	at org.apache.hadoop.hdds.scm.pipeline.SCMPipelineManager.createPipeline(SCMPipelineManager.java:155)
	at org.apache.hadoop.hdds.scm.block.BlockManagerImpl.allocateBlock(BlockManagerImpl.java:198)
	at org.apache.hadoop.hdds.scm.server.SCMBlockProtocolServer.allocateBlock(SCMBlockProtocolServer.java:182)
	at org.apache.hadoop.hdds.scm.protocol.ScmBlockLocationProtocolServerSideTranslatorPB.allocateScmBlock(ScmBlockLocationProtocolServerSideTranslatorPB.java:159)
	at org.apache.hadoop.hdds.scm.protocol.ScmBlockLocationProtocolServerSideTranslatorPB.processMessage(ScmBlockLocationProtocolServerSideTranslatorPB.java:117)
	at org.apache.hadoop.hdds.server.OzoneProtocolMessageDispatcher.processRequest(OzoneProtocolMessageDispatcher.java:72)
	at org.apache.hadoop.hdds.scm.protocol.ScmBlockLocationProtocolServerSideTranslatorPB.send(ScmBlockLocationProtocolServerSideTranslatorPB.java:98)
	at org.apache.hadoop.hdds.protocol.proto.ScmBlockLocationProtocolProtos$ScmBlockLocationProtocolService$2.callBlockingMethod(ScmBlockLocationProtocolProtos.java:13157)
	at org.apache.hadoop.ipc.ProtobufRpcEngine$Server$ProtoBufRpcInvoker.call(ProtobufRpcEngine.java:524)
	at org.apache.hadoop.ipc.RPC$Server.call(RPC.java:1025)
	at org.apache.hadoop.ipc.Server$RpcCall.run(Server.java:876)
	at org.apache.hadoop.ipc.Server$RpcCall.run(Server.java:822)
	at java.security.AccessController.doPrivileged(Native Method)
	at javax.security.auth.Subject.doAs(Subject.java:422)
	at org.apache.hadoop.security.UserGroupInformation.doAs(UserGroupInformation.java:1730)
	at org.apache.hadoop.ipc.Server$Handler.run(Server.java:2682)
2019-10-17 02:18:55,662 [IPC Server handler 19 on 41318] INFO  block.BlockManagerImpl (BlockManagerImpl.java:allocateBlock(212)) - Could not find available pipeline of type:RATIS and factor:THREE even after retrying
2019-10-17 02:18:55,662 [IPC Server handler 19 on 41318] ERROR block.BlockManagerImpl (BlockManagerImpl.java:allocateBlock(236)) - Unable to allocate a block for the size: 4194304, type: RATIS, factor: THREE
2019-10-17 02:18:55,663 [389ddf04-1777-44a1-860a-c678eeab2358@group-5A011987FEB2-SegmentedRaftLogWorker] INFO  segmented.SegmentedRaftLogWorker (SegmentedRaftLogWorker.java:execute(576)) - 389ddf04-1777-44a1-860a-c678eeab2358@group-5A011987FEB2-SegmentedRaftLogWorker: created new log segment /workdir/hadoop-ozone/tools/target/test-dir/MiniOzoneClusterImpl-48d4d914-35c7-4cf3-b630-f98a64bbf180/datanode-2/data/ratis/32b71fb6-4c0a-4f90-a325-5a011987feb2/current/log_inprogress_0
2019-10-17 02:18:55,665 [pool-59-thread-2] ERROR freon.RandomKeyGenerator (RandomKeyGenerator.java:createKey(733)) - Exception while adding key: key-0-96897 in bucket: bucket-0-22517 of volume: vol-0-93566.
INTERNAL_ERROR org.apache.hadoop.ozone.om.exceptions.OMException: Allocated 0 blocks. Requested 5 blocks
	at org.apache.hadoop.ozone.om.protocolPB.OzoneManagerProtocolClientSideTranslatorPB.handleError(OzoneManagerProtocolClientSideTranslatorPB.java:732)
	at org.apache.hadoop.ozone.om.protocolPB.OzoneManagerProtocolClientSideTranslatorPB.openKey(OzoneManagerProtocolClientSideTranslatorPB.java:723)
	at sun.reflect.NativeMethodAccessorImpl.invoke0(Native Method)
	at sun.reflect.NativeMethodAccessorImpl.invoke(NativeMethodAccessorImpl.java:62)
	at sun.reflect.DelegatingMethodAccessorImpl.invoke(DelegatingMethodAccessorImpl.java:43)
	at java.lang.reflect.Method.invoke(Method.java:498)
	at org.apache.hadoop.hdds.tracing.TraceAllMethod.invoke(TraceAllMethod.java:66)
	at com.sun.proxy.$Proxy37.openKey(Unknown Source)
	at org.apache.hadoop.ozone.client.rpc.RpcClient.createKey(RpcClient.java:614)
	at org.apache.hadoop.ozone.client.OzoneBucket.createKey(OzoneBucket.java:325)
	at org.apache.hadoop.ozone.freon.RandomKeyGenerator.createKey(RandomKeyGenerator.java:695)
	at org.apache.hadoop.ozone.freon.RandomKeyGenerator.access$1100(RandomKeyGenerator.java:88)
	at org.apache.hadoop.ozone.freon.RandomKeyGenerator$ObjectCreator.run(RandomKeyGenerator.java:615)
	at java.util.concurrent.Executors$RunnableAdapter.call(Executors.java:511)
	at java.util.concurrent.FutureTask.run(FutureTask.java:266)
	at java.util.concurrent.ThreadPoolExecutor.runWorker(ThreadPoolExecutor.java:1149)
	at java.util.concurrent.ThreadPoolExecutor$Worker.run(ThreadPoolExecutor.java:624)
	at java.lang.Thread.run(Thread.java:748)
2019-10-17 02:18:55,666 [bf166244-8880-4b0f-9be5-11fb29082dcb@group-5A011987FEB2-LeaderElection8] INFO  impl.LeaderElection (LeaderElection.java:logAndReturn(56)) - bf166244-8880-4b0f-9be5-11fb29082dcb@group-5A011987FEB2-LeaderElection8: Election REJECTED; received 2 response(s) [bf166244-8880-4b0f-9be5-11fb29082dcb<-33d40637-531b-47e9-8a2e-802b577efd6f#0:FAIL-t2, bf166244-8880-4b0f-9be5-11fb29082dcb<-389ddf04-1777-44a1-860a-c678eeab2358#0:FAIL-t2] and 0 exception(s); bf166244-8880-4b0f-9be5-11fb29082dcb@group-5A011987FEB2:t2, leader=null, voted=bf166244-8880-4b0f-9be5-11fb29082dcb, raftlog=bf166244-8880-4b0f-9be5-11fb29082dcb@group-5A011987FEB2-SegmentedRaftLog:OPENED:c-1,f-1,i0, conf=-1: [bf166244-8880-4b0f-9be5-11fb29082dcb:192.168.157.194:44285, 33d40637-531b-47e9-8a2e-802b577efd6f:192.168.157.194:40644, 389ddf04-1777-44a1-860a-c678eeab2358:192.168.157.194:44119], old=null
2019-10-17 02:18:55,667 [bf166244-8880-4b0f-9be5-11fb29082dcb@group-5A011987FEB2-LeaderElection8] INFO  impl.RaftServerImpl (RaftServerImpl.java:setRole(184)) - bf166244-8880-4b0f-9be5-11fb29082dcb@group-5A011987FEB2: changes role from CANDIDATE to FOLLOWER at term 2 for DISCOVERED_A_NEW_TERM
2019-10-17 02:18:55,667 [bf166244-8880-4b0f-9be5-11fb29082dcb@group-5A011987FEB2-LeaderElection8] INFO  impl.RoleInfo (RoleInfo.java:shutdownLeaderElection(134)) - bf166244-8880-4b0f-9be5-11fb29082dcb: shutdown LeaderElection
2019-10-17 02:18:55,668 [bf166244-8880-4b0f-9be5-11fb29082dcb@group-5A011987FEB2-LeaderElection8] INFO  impl.RoleInfo (RoleInfo.java:updateAndGet(143)) - bf166244-8880-4b0f-9be5-11fb29082dcb: start FollowerState
2019-10-17 02:18:55,681 [Thread-498] INFO  impl.FollowerState (FollowerState.java:run(108)) - bf166244-8880-4b0f-9be5-11fb29082dcb@group-5A011987FEB2-FollowerState: change to CANDIDATE, lastRpcTime:13ms, electionTimeout:12ms
2019-10-17 02:18:55,682 [Thread-498] INFO  impl.RoleInfo (RoleInfo.java:shutdownFollowerState(121)) - bf166244-8880-4b0f-9be5-11fb29082dcb: shutdown FollowerState
2019-10-17 02:18:55,682 [Thread-498] INFO  impl.RaftServerImpl (RaftServerImpl.java:setRole(184)) - bf166244-8880-4b0f-9be5-11fb29082dcb@group-5A011987FEB2: changes role from  FOLLOWER to CANDIDATE at term 2 for changeToCandidate
2019-10-17 02:18:55,683 [Thread-498] INFO  impl.RoleInfo (RoleInfo.java:updateAndGet(143)) - bf166244-8880-4b0f-9be5-11fb29082dcb: start LeaderElection
2019-10-17 02:18:55,697 [bf166244-8880-4b0f-9be5-11fb29082dcb@group-5A011987FEB2-LeaderElection9] INFO  impl.LeaderElection (LeaderElection.java:askForVotes(178)) - bf166244-8880-4b0f-9be5-11fb29082dcb@group-5A011987FEB2-LeaderElection9: begin an election at term 3 for -1: [bf166244-8880-4b0f-9be5-11fb29082dcb:192.168.157.194:44285, 33d40637-531b-47e9-8a2e-802b577efd6f:192.168.157.194:40644, 389ddf04-1777-44a1-860a-c678eeab2358:192.168.157.194:44119], old=null
2019-10-17 02:18:55,701 [grpc-default-executor-3] INFO  impl.RaftServerImpl (RaftServerImpl.java:setRole(184)) - 33d40637-531b-47e9-8a2e-802b577efd6f@group-5A011987FEB2: changes role from  FOLLOWER to FOLLOWER at term 3 for recognizeCandidate:bf166244-8880-4b0f-9be5-11fb29082dcb
2019-10-17 02:18:55,701 [grpc-default-executor-1] INFO  impl.RaftServerImpl (RaftServerImpl.java:setRole(184)) - 389ddf04-1777-44a1-860a-c678eeab2358@group-5A011987FEB2: changes role from  FOLLOWER to FOLLOWER at term 3 for recognizeCandidate:bf166244-8880-4b0f-9be5-11fb29082dcb
2019-10-17 02:18:55,701 [grpc-default-executor-3] INFO  impl.RoleInfo (RoleInfo.java:shutdownFollowerState(121)) - 33d40637-531b-47e9-8a2e-802b577efd6f: shutdown FollowerState
2019-10-17 02:18:55,701 [grpc-default-executor-1] INFO  impl.RoleInfo (RoleInfo.java:shutdownFollowerState(121)) - 389ddf04-1777-44a1-860a-c678eeab2358: shutdown FollowerState
2019-10-17 02:18:55,702 [grpc-default-executor-3] INFO  impl.RoleInfo (RoleInfo.java:updateAndGet(143)) - 33d40637-531b-47e9-8a2e-802b577efd6f: start FollowerState
2019-10-17 02:18:55,702 [Thread-495] INFO  impl.FollowerState (FollowerState.java:run(117)) - 389ddf04-1777-44a1-860a-c678eeab2358@group-5A011987FEB2-FollowerState was interrupted: java.lang.InterruptedException: sleep interrupted
2019-10-17 02:18:55,702 [grpc-default-executor-1] INFO  impl.RoleInfo (RoleInfo.java:updateAndGet(143)) - 389ddf04-1777-44a1-860a-c678eeab2358: start FollowerState
2019-10-17 02:18:55,702 [Thread-496] INFO  impl.FollowerState (FollowerState.java:run(117)) - 33d40637-531b-47e9-8a2e-802b577efd6f@group-5A011987FEB2-FollowerState was interrupted: java.lang.InterruptedException: sleep interrupted
2019-10-17 02:18:55,718 [bf166244-8880-4b0f-9be5-11fb29082dcb@group-5A011987FEB2-LeaderElection9] INFO  impl.LeaderElection (LeaderElection.java:logAndReturn(56)) - bf166244-8880-4b0f-9be5-11fb29082dcb@group-5A011987FEB2-LeaderElection9: Election REJECTED; received 2 response(s) [bf166244-8880-4b0f-9be5-11fb29082dcb<-389ddf04-1777-44a1-860a-c678eeab2358#0:FAIL-t3, bf166244-8880-4b0f-9be5-11fb29082dcb<-33d40637-531b-47e9-8a2e-802b577efd6f#0:FAIL-t3] and 0 exception(s); bf166244-8880-4b0f-9be5-11fb29082dcb@group-5A011987FEB2:t3, leader=null, voted=bf166244-8880-4b0f-9be5-11fb29082dcb, raftlog=bf166244-8880-4b0f-9be5-11fb29082dcb@group-5A011987FEB2-SegmentedRaftLog:OPENED:c-1,f-1,i0, conf=-1: [bf166244-8880-4b0f-9be5-11fb29082dcb:192.168.157.194:44285, 33d40637-531b-47e9-8a2e-802b577efd6f:192.168.157.194:40644, 389ddf04-1777-44a1-860a-c678eeab2358:192.168.157.194:44119], old=null
2019-10-17 02:18:55,718 [bf166244-8880-4b0f-9be5-11fb29082dcb@group-5A011987FEB2-LeaderElection9] INFO  impl.RaftServerImpl (RaftServerImpl.java:setRole(184)) - bf166244-8880-4b0f-9be5-11fb29082dcb@group-5A011987FEB2: changes role from CANDIDATE to FOLLOWER at term 3 for DISCOVERED_A_NEW_TERM
2019-10-17 02:18:55,720 [bf166244-8880-4b0f-9be5-11fb29082dcb@group-5A011987FEB2-LeaderElection9] INFO  impl.RoleInfo (RoleInfo.java:shutdownLeaderElection(134)) - bf166244-8880-4b0f-9be5-11fb29082dcb: shutdown LeaderElection
2019-10-17 02:18:55,720 [bf166244-8880-4b0f-9be5-11fb29082dcb@group-5A011987FEB2-LeaderElection9] INFO  impl.RoleInfo (RoleInfo.java:updateAndGet(143)) - bf166244-8880-4b0f-9be5-11fb29082dcb: start FollowerState
2019-10-17 02:18:55,817 [Thread-504] INFO  impl.FollowerState (FollowerState.java:run(108)) - bf166244-8880-4b0f-9be5-11fb29082dcb@group-5A011987FEB2-FollowerState: change to CANDIDATE, lastRpcTime:97ms, electionTimeout:96ms
2019-10-17 02:18:55,818 [Thread-504] INFO  impl.RoleInfo (RoleInfo.java:shutdownFollowerState(121)) - bf166244-8880-4b0f-9be5-11fb29082dcb: shutdown FollowerState
2019-10-17 02:18:55,819 [Thread-504] INFO  impl.RaftServerImpl (RaftServerImpl.java:setRole(184)) - bf166244-8880-4b0f-9be5-11fb29082dcb@group-5A011987FEB2: changes role from  FOLLOWER to CANDIDATE at term 3 for changeToCandidate
2019-10-17 02:18:55,819 [Thread-504] INFO  impl.RoleInfo (RoleInfo.java:updateAndGet(143)) - bf166244-8880-4b0f-9be5-11fb29082dcb: start LeaderElection
2019-10-17 02:18:55,830 [bf166244-8880-4b0f-9be5-11fb29082dcb@group-5A011987FEB2-LeaderElection10] INFO  impl.LeaderElection (LeaderElection.java:askForVotes(178)) - bf166244-8880-4b0f-9be5-11fb29082dcb@group-5A011987FEB2-LeaderElection10: begin an election at term 4 for -1: [bf166244-8880-4b0f-9be5-11fb29082dcb:192.168.157.194:44285, 33d40637-531b-47e9-8a2e-802b577efd6f:192.168.157.194:40644, 389ddf04-1777-44a1-860a-c678eeab2358:192.168.157.194:44119], old=null
2019-10-17 02:18:55,834 [grpc-default-executor-3] INFO  impl.RaftServerImpl (RaftServerImpl.java:setRole(184)) - 389ddf04-1777-44a1-860a-c678eeab2358@group-5A011987FEB2: changes role from  FOLLOWER to FOLLOWER at term 4 for recognizeCandidate:bf166244-8880-4b0f-9be5-11fb29082dcb
2019-10-17 02:18:55,834 [grpc-default-executor-1] INFO  impl.RaftServerImpl (RaftServerImpl.java:setRole(184)) - 33d40637-531b-47e9-8a2e-802b577efd6f@group-5A011987FEB2: changes role from  FOLLOWER to FOLLOWER at term 4 for recognizeCandidate:bf166244-8880-4b0f-9be5-11fb29082dcb
2019-10-17 02:18:55,834 [grpc-default-executor-3] INFO  impl.RoleInfo (RoleInfo.java:shutdownFollowerState(121)) - 389ddf04-1777-44a1-860a-c678eeab2358: shutdown FollowerState
2019-10-17 02:18:55,834 [grpc-default-executor-1] INFO  impl.RoleInfo (RoleInfo.java:shutdownFollowerState(121)) - 33d40637-531b-47e9-8a2e-802b577efd6f: shutdown FollowerState
2019-10-17 02:18:55,835 [grpc-default-executor-3] INFO  impl.RoleInfo (RoleInfo.java:updateAndGet(143)) - 389ddf04-1777-44a1-860a-c678eeab2358: start FollowerState
2019-10-17 02:18:55,835 [Thread-503] INFO  impl.FollowerState (FollowerState.java:run(117)) - 389ddf04-1777-44a1-860a-c678eeab2358@group-5A011987FEB2-FollowerState was interrupted: java.lang.InterruptedException: sleep interrupted
2019-10-17 02:18:55,835 [grpc-default-executor-1] INFO  impl.RoleInfo (RoleInfo.java:updateAndGet(143)) - 33d40637-531b-47e9-8a2e-802b577efd6f: start FollowerState
2019-10-17 02:18:55,835 [Thread-502] INFO  impl.FollowerState (FollowerState.java:run(117)) - 33d40637-531b-47e9-8a2e-802b577efd6f@group-5A011987FEB2-FollowerState was interrupted: java.lang.InterruptedException: sleep interrupted
2019-10-17 02:18:55,851 [bf166244-8880-4b0f-9be5-11fb29082dcb@group-5A011987FEB2-LeaderElection10] INFO  impl.LeaderElection (LeaderElection.java:logAndReturn(56)) - bf166244-8880-4b0f-9be5-11fb29082dcb@group-5A011987FEB2-LeaderElection10: Election REJECTED; received 2 response(s) [bf166244-8880-4b0f-9be5-11fb29082dcb<-33d40637-531b-47e9-8a2e-802b577efd6f#0:FAIL-t4, bf166244-8880-4b0f-9be5-11fb29082dcb<-389ddf04-1777-44a1-860a-c678eeab2358#0:FAIL-t4] and 0 exception(s); bf166244-8880-4b0f-9be5-11fb29082dcb@group-5A011987FEB2:t4, leader=null, voted=bf166244-8880-4b0f-9be5-11fb29082dcb, raftlog=bf166244-8880-4b0f-9be5-11fb29082dcb@group-5A011987FEB2-SegmentedRaftLog:OPENED:c-1,f-1,i0, conf=-1: [bf166244-8880-4b0f-9be5-11fb29082dcb:192.168.157.194:44285, 33d40637-531b-47e9-8a2e-802b577efd6f:192.168.157.194:40644, 389ddf04-1777-44a1-860a-c678eeab2358:192.168.157.194:44119], old=null
2019-10-17 02:18:55,851 [bf166244-8880-4b0f-9be5-11fb29082dcb@group-5A011987FEB2-LeaderElection10] INFO  impl.RaftServerImpl (RaftServerImpl.java:setRole(184)) - bf166244-8880-4b0f-9be5-11fb29082dcb@group-5A011987FEB2: changes role from CANDIDATE to FOLLOWER at term 4 for DISCOVERED_A_NEW_TERM
2019-10-17 02:18:55,852 [bf166244-8880-4b0f-9be5-11fb29082dcb@group-5A011987FEB2-LeaderElection10] INFO  impl.RoleInfo (RoleInfo.java:shutdownLeaderElection(134)) - bf166244-8880-4b0f-9be5-11fb29082dcb: shutdown LeaderElection
2019-10-17 02:18:55,852 [bf166244-8880-4b0f-9be5-11fb29082dcb@group-5A011987FEB2-LeaderElection10] INFO  impl.RoleInfo (RoleInfo.java:updateAndGet(143)) - bf166244-8880-4b0f-9be5-11fb29082dcb: start FollowerState
2019-10-17 02:18:55,928 [Thread-510] INFO  impl.FollowerState (FollowerState.java:run(108)) - bf166244-8880-4b0f-9be5-11fb29082dcb@group-5A011987FEB2-FollowerState: change to CANDIDATE, lastRpcTime:75ms, electionTimeout:74ms
2019-10-17 02:18:55,929 [Thread-510] INFO  impl.RoleInfo (RoleInfo.java:shutdownFollowerState(121)) - bf166244-8880-4b0f-9be5-11fb29082dcb: shutdown FollowerState
2019-10-17 02:18:55,929 [Thread-510] INFO  impl.RaftServerImpl (RaftServerImpl.java:setRole(184)) - bf166244-8880-4b0f-9be5-11fb29082dcb@group-5A011987FEB2: changes role from  FOLLOWER to CANDIDATE at term 4 for changeToCandidate
2019-10-17 02:18:55,929 [Thread-510] INFO  impl.RoleInfo (RoleInfo.java:updateAndGet(143)) - bf166244-8880-4b0f-9be5-11fb29082dcb: start LeaderElection
2019-10-17 02:18:56,413 [bf166244-8880-4b0f-9be5-11fb29082dcb@group-5A011987FEB2-LeaderElection11] INFO  impl.LeaderElection (LeaderElection.java:askForVotes(178)) - bf166244-8880-4b0f-9be5-11fb29082dcb@group-5A011987FEB2-LeaderElection11: begin an election at term 5 for -1: [bf166244-8880-4b0f-9be5-11fb29082dcb:192.168.157.194:44285, 33d40637-531b-47e9-8a2e-802b577efd6f:192.168.157.194:40644, 389ddf04-1777-44a1-860a-c678eeab2358:192.168.157.194:44119], old=null
2019-10-17 02:18:56,418 [grpc-default-executor-3] INFO  impl.RaftServerImpl (RaftServerImpl.java:setRole(184)) - 33d40637-531b-47e9-8a2e-802b577efd6f@group-5A011987FEB2: changes role from  FOLLOWER to FOLLOWER at term 5 for recognizeCandidate:bf166244-8880-4b0f-9be5-11fb29082dcb
2019-10-17 02:18:56,419 [grpc-default-executor-1] INFO  impl.RaftServerImpl (RaftServerImpl.java:setRole(184)) - 389ddf04-1777-44a1-860a-c678eeab2358@group-5A011987FEB2: changes role from  FOLLOWER to FOLLOWER at term 5 for recognizeCandidate:bf166244-8880-4b0f-9be5-11fb29082dcb
2019-10-17 02:18:56,419 [grpc-default-executor-3] INFO  impl.RoleInfo (RoleInfo.java:shutdownFollowerState(121)) - 33d40637-531b-47e9-8a2e-802b577efd6f: shutdown FollowerState
2019-10-17 02:18:56,419 [grpc-default-executor-1] INFO  impl.RoleInfo (RoleInfo.java:shutdownFollowerState(121)) - 389ddf04-1777-44a1-860a-c678eeab2358: shutdown FollowerState
2019-10-17 02:18:56,419 [grpc-default-executor-3] INFO  impl.RoleInfo (RoleInfo.java:updateAndGet(143)) - 33d40637-531b-47e9-8a2e-802b577efd6f: start FollowerState
2019-10-17 02:18:56,419 [Thread-508] INFO  impl.FollowerState (FollowerState.java:run(117)) - 389ddf04-1777-44a1-860a-c678eeab2358@group-5A011987FEB2-FollowerState was interrupted: java.lang.InterruptedException: sleep interrupted
2019-10-17 02:18:56,419 [grpc-default-executor-1] INFO  impl.RoleInfo (RoleInfo.java:updateAndGet(143)) - 389ddf04-1777-44a1-860a-c678eeab2358: start FollowerState
2019-10-17 02:18:56,419 [Thread-509] INFO  impl.FollowerState (FollowerState.java:run(117)) - 33d40637-531b-47e9-8a2e-802b577efd6f@group-5A011987FEB2-FollowerState was interrupted: java.lang.InterruptedException: sleep interrupted
2019-10-17 02:18:56,437 [bf166244-8880-4b0f-9be5-11fb29082dcb@group-5A011987FEB2-LeaderElection11] INFO  impl.LeaderElection (LeaderElection.java:logAndReturn(56)) - bf166244-8880-4b0f-9be5-11fb29082dcb@group-5A011987FEB2-LeaderElection11: Election REJECTED; received 2 response(s) [bf166244-8880-4b0f-9be5-11fb29082dcb<-389ddf04-1777-44a1-860a-c678eeab2358#0:FAIL-t5, bf166244-8880-4b0f-9be5-11fb29082dcb<-33d40637-531b-47e9-8a2e-802b577efd6f#0:FAIL-t5] and 0 exception(s); bf166244-8880-4b0f-9be5-11fb29082dcb@group-5A011987FEB2:t5, leader=null, voted=bf166244-8880-4b0f-9be5-11fb29082dcb, raftlog=bf166244-8880-4b0f-9be5-11fb29082dcb@group-5A011987FEB2-SegmentedRaftLog:OPENED:c-1,f-1,i0, conf=-1: [bf166244-8880-4b0f-9be5-11fb29082dcb:192.168.157.194:44285, 33d40637-531b-47e9-8a2e-802b577efd6f:192.168.157.194:40644, 389ddf04-1777-44a1-860a-c678eeab2358:192.168.157.194:44119], old=null
2019-10-17 02:18:56,438 [bf166244-8880-4b0f-9be5-11fb29082dcb@group-5A011987FEB2-LeaderElection11] INFO  impl.RaftServerImpl (RaftServerImpl.java:setRole(184)) - bf166244-8880-4b0f-9be5-11fb29082dcb@group-5A011987FEB2: changes role from CANDIDATE to FOLLOWER at term 5 for DISCOVERED_A_NEW_TERM
2019-10-17 02:18:56,439 [bf166244-8880-4b0f-9be5-11fb29082dcb@group-5A011987FEB2-LeaderElection11] INFO  impl.RoleInfo (RoleInfo.java:shutdownLeaderElection(134)) - bf166244-8880-4b0f-9be5-11fb29082dcb: shutdown LeaderElection
2019-10-17 02:18:56,439 [bf166244-8880-4b0f-9be5-11fb29082dcb@group-5A011987FEB2-LeaderElection11] INFO  impl.RoleInfo (RoleInfo.java:updateAndGet(143)) - bf166244-8880-4b0f-9be5-11fb29082dcb: start FollowerState
2019-10-17 02:18:56,476 [Thread-516] INFO  impl.FollowerState (FollowerState.java:run(108)) - bf166244-8880-4b0f-9be5-11fb29082dcb@group-5A011987FEB2-FollowerState: change to CANDIDATE, lastRpcTime:37ms, electionTimeout:36ms
2019-10-17 02:18:56,477 [Thread-516] INFO  impl.RoleInfo (RoleInfo.java:shutdownFollowerState(121)) - bf166244-8880-4b0f-9be5-11fb29082dcb: shutdown FollowerState
2019-10-17 02:18:56,477 [Thread-516] INFO  impl.RaftServerImpl (RaftServerImpl.java:setRole(184)) - bf166244-8880-4b0f-9be5-11fb29082dcb@group-5A011987FEB2: changes role from  FOLLOWER to CANDIDATE at term 5 for changeToCandidate
2019-10-17 02:18:56,478 [Thread-516] INFO  impl.RoleInfo (RoleInfo.java:updateAndGet(143)) - bf166244-8880-4b0f-9be5-11fb29082dcb: start LeaderElection
2019-10-17 02:18:56,485 [bf166244-8880-4b0f-9be5-11fb29082dcb@group-5A011987FEB2-LeaderElection12] INFO  impl.LeaderElection (LeaderElection.java:askForVotes(178)) - bf166244-8880-4b0f-9be5-11fb29082dcb@group-5A011987FEB2-LeaderElection12: begin an election at term 6 for -1: [bf166244-8880-4b0f-9be5-11fb29082dcb:192.168.157.194:44285, 33d40637-531b-47e9-8a2e-802b577efd6f:192.168.157.194:40644, 389ddf04-1777-44a1-860a-c678eeab2358:192.168.157.194:44119], old=null
2019-10-17 02:18:56,492 [grpc-default-executor-3] INFO  impl.RaftServerImpl (RaftServerImpl.java:setRole(184)) - 33d40637-531b-47e9-8a2e-802b577efd6f@group-5A011987FEB2: changes role from  FOLLOWER to FOLLOWER at term 6 for recognizeCandidate:bf166244-8880-4b0f-9be5-11fb29082dcb
2019-10-17 02:18:56,492 [grpc-default-executor-3] INFO  impl.RoleInfo (RoleInfo.java:shutdownFollowerState(121)) - 33d40637-531b-47e9-8a2e-802b577efd6f: shutdown FollowerState
2019-10-17 02:18:56,492 [grpc-default-executor-1] INFO  impl.RaftServerImpl (RaftServerImpl.java:setRole(184)) - 389ddf04-1777-44a1-860a-c678eeab2358@group-5A011987FEB2: changes role from  FOLLOWER to FOLLOWER at term 6 for recognizeCandidate:bf166244-8880-4b0f-9be5-11fb29082dcb
2019-10-17 02:18:56,492 [Thread-514] INFO  impl.FollowerState (FollowerState.java:run(117)) - 33d40637-531b-47e9-8a2e-802b577efd6f@group-5A011987FEB2-FollowerState was interrupted: java.lang.InterruptedException: sleep interrupted
2019-10-17 02:18:56,492 [grpc-default-executor-3] INFO  impl.RoleInfo (RoleInfo.java:updateAndGet(143)) - 33d40637-531b-47e9-8a2e-802b577efd6f: start FollowerState
2019-10-17 02:18:56,492 [grpc-default-executor-1] INFO  impl.RoleInfo (RoleInfo.java:shutdownFollowerState(121)) - 389ddf04-1777-44a1-860a-c678eeab2358: shutdown FollowerState
2019-10-17 02:18:56,494 [grpc-default-executor-1] INFO  impl.RoleInfo (RoleInfo.java:updateAndGet(143)) - 389ddf04-1777-44a1-860a-c678eeab2358: start FollowerState
2019-10-17 02:18:56,494 [Thread-515] INFO  impl.FollowerState (FollowerState.java:run(117)) - 389ddf04-1777-44a1-860a-c678eeab2358@group-5A011987FEB2-FollowerState was interrupted: java.lang.InterruptedException: sleep interrupted
2019-10-17 02:18:56,502 [bf166244-8880-4b0f-9be5-11fb29082dcb@group-5A011987FEB2-LeaderElection12] INFO  impl.LeaderElection (LeaderElection.java:logAndReturn(56)) - bf166244-8880-4b0f-9be5-11fb29082dcb@group-5A011987FEB2-LeaderElection12: Election REJECTED; received 2 response(s) [bf166244-8880-4b0f-9be5-11fb29082dcb<-389ddf04-1777-44a1-860a-c678eeab2358#0:FAIL-t6, bf166244-8880-4b0f-9be5-11fb29082dcb<-33d40637-531b-47e9-8a2e-802b577efd6f#0:FAIL-t6] and 0 exception(s); bf166244-8880-4b0f-9be5-11fb29082dcb@group-5A011987FEB2:t6, leader=null, voted=bf166244-8880-4b0f-9be5-11fb29082dcb, raftlog=bf166244-8880-4b0f-9be5-11fb29082dcb@group-5A011987FEB2-SegmentedRaftLog:OPENED:c-1,f-1,i0, conf=-1: [bf166244-8880-4b0f-9be5-11fb29082dcb:192.168.157.194:44285, 33d40637-531b-47e9-8a2e-802b577efd6f:192.168.157.194:40644, 389ddf04-1777-44a1-860a-c678eeab2358:192.168.157.194:44119], old=null
2019-10-17 02:18:56,503 [bf166244-8880-4b0f-9be5-11fb29082dcb@group-5A011987FEB2-LeaderElection12] INFO  impl.RaftServerImpl (RaftServerImpl.java:setRole(184)) - bf166244-8880-4b0f-9be5-11fb29082dcb@group-5A011987FEB2: changes role from CANDIDATE to FOLLOWER at term 6 for DISCOVERED_A_NEW_TERM
2019-10-17 02:18:56,504 [bf166244-8880-4b0f-9be5-11fb29082dcb@group-5A011987FEB2-LeaderElection12] INFO  impl.RoleInfo (RoleInfo.java:shutdownLeaderElection(134)) - bf166244-8880-4b0f-9be5-11fb29082dcb: shutdown LeaderElection
2019-10-17 02:18:56,504 [bf166244-8880-4b0f-9be5-11fb29082dcb@group-5A011987FEB2-LeaderElection12] INFO  impl.RoleInfo (RoleInfo.java:updateAndGet(143)) - bf166244-8880-4b0f-9be5-11fb29082dcb: start FollowerState
 0.00% |?                                                                                                    |  0/1 Time: 0:00:012019-10-17 02:18:56,580 [Thread-522] INFO  impl.FollowerState (FollowerState.java:run(108)) - bf166244-8880-4b0f-9be5-11fb29082dcb@group-5A011987FEB2-FollowerState: change to CANDIDATE, lastRpcTime:76ms, electionTimeout:75ms
2019-10-17 02:18:56,581 [Thread-522] INFO  impl.RoleInfo (RoleInfo.java:shutdownFollowerState(121)) - bf166244-8880-4b0f-9be5-11fb29082dcb: shutdown FollowerState
2019-10-17 02:18:56,581 [Thread-522] INFO  impl.RaftServerImpl (RaftServerImpl.java:setRole(184)) - bf166244-8880-4b0f-9be5-11fb29082dcb@group-5A011987FEB2: changes role from  FOLLOWER to CANDIDATE at term 6 for changeToCandidate
2019-10-17 02:18:56,582 [Thread-522] INFO  impl.RoleInfo (RoleInfo.java:updateAndGet(143)) - bf166244-8880-4b0f-9be5-11fb29082dcb: start LeaderElection
2019-10-17 02:18:56,589 [bf166244-8880-4b0f-9be5-11fb29082dcb@group-5A011987FEB2-LeaderElection13] INFO  impl.LeaderElection (LeaderElection.java:askForVotes(178)) - bf166244-8880-4b0f-9be5-11fb29082dcb@group-5A011987FEB2-LeaderElection13: begin an election at term 7 for -1: [bf166244-8880-4b0f-9be5-11fb29082dcb:192.168.157.194:44285, 33d40637-531b-47e9-8a2e-802b577efd6f:192.168.157.194:40644, 389ddf04-1777-44a1-860a-c678eeab2358:192.168.157.194:44119], old=null
2019-10-17 02:18:56,593 [grpc-default-executor-3] INFO  impl.RaftServerImpl (RaftServerImpl.java:setRole(184)) - 33d40637-531b-47e9-8a2e-802b577efd6f@group-5A011987FEB2: changes role from  FOLLOWER to FOLLOWER at term 7 for recognizeCandidate:bf166244-8880-4b0f-9be5-11fb29082dcb
2019-10-17 02:18:56,593 [grpc-default-executor-3] INFO  impl.RoleInfo (RoleInfo.java:shutdownFollowerState(121)) - 33d40637-531b-47e9-8a2e-802b577efd6f: shutdown FollowerState
2019-10-17 02:18:56,593 [grpc-default-executor-1] INFO  impl.RaftServerImpl (RaftServerImpl.java:setRole(184)) - 389ddf04-1777-44a1-860a-c678eeab2358@group-5A011987FEB2: changes role from  FOLLOWER to FOLLOWER at term 7 for recognizeCandidate:bf166244-8880-4b0f-9be5-11fb29082dcb
2019-10-17 02:18:56,593 [Thread-520] INFO  impl.FollowerState (FollowerState.java:run(117)) - 33d40637-531b-47e9-8a2e-802b577efd6f@group-5A011987FEB2-FollowerState was interrupted: java.lang.InterruptedException: sleep interrupted
2019-10-17 02:18:56,593 [grpc-default-executor-3] INFO  impl.RoleInfo (RoleInfo.java:updateAndGet(143)) - 33d40637-531b-47e9-8a2e-802b577efd6f: start FollowerState
2019-10-17 02:18:56,593 [grpc-default-executor-1] INFO  impl.RoleInfo (RoleInfo.java:shutdownFollowerState(121)) - 389ddf04-1777-44a1-860a-c678eeab2358: shutdown FollowerState
2019-10-17 02:18:56,594 [grpc-default-executor-1] INFO  impl.RoleInfo (RoleInfo.java:updateAndGet(143)) - 389ddf04-1777-44a1-860a-c678eeab2358: start FollowerState
2019-10-17 02:18:56,595 [Thread-521] INFO  impl.FollowerState (FollowerState.java:run(117)) - 389ddf04-1777-44a1-860a-c678eeab2358@group-5A011987FEB2-FollowerState was interrupted: java.lang.InterruptedException: sleep interrupted
2019-10-17 02:18:56,602 [bf166244-8880-4b0f-9be5-11fb29082dcb@group-5A011987FEB2-LeaderElection13] INFO  impl.LeaderElection (LeaderElection.java:logAndReturn(56)) - bf166244-8880-4b0f-9be5-11fb29082dcb@group-5A011987FEB2-LeaderElection13: Election REJECTED; received 2 response(s) [bf166244-8880-4b0f-9be5-11fb29082dcb<-389ddf04-1777-44a1-860a-c678eeab2358#0:FAIL-t7, bf166244-8880-4b0f-9be5-11fb29082dcb<-33d40637-531b-47e9-8a2e-802b577efd6f#0:FAIL-t7] and 0 exception(s); bf166244-8880-4b0f-9be5-11fb29082dcb@group-5A011987FEB2:t7, leader=null, voted=bf166244-8880-4b0f-9be5-11fb29082dcb, raftlog=bf166244-8880-4b0f-9be5-11fb29082dcb@group-5A011987FEB2-SegmentedRaftLog:OPENED:c-1,f-1,i0, conf=-1: [bf166244-8880-4b0f-9be5-11fb29082dcb:192.168.157.194:44285, 33d40637-531b-47e9-8a2e-802b577efd6f:192.168.157.194:40644, 389ddf04-1777-44a1-860a-c678eeab2358:192.168.157.194:44119], old=null
2019-10-17 02:18:56,602 [bf166244-8880-4b0f-9be5-11fb29082dcb@group-5A011987FEB2-LeaderElection13] INFO  impl.RaftServerImpl (RaftServerImpl.java:setRole(184)) - bf166244-8880-4b0f-9be5-11fb29082dcb@group-5A011987FEB2: changes role from CANDIDATE to FOLLOWER at term 7 for DISCOVERED_A_NEW_TERM
2019-10-17 02:18:56,603 [bf166244-8880-4b0f-9be5-11fb29082dcb@group-5A011987FEB2-LeaderElection13] INFO  impl.RoleInfo (RoleInfo.java:shutdownLeaderElection(134)) - bf166244-8880-4b0f-9be5-11fb29082dcb: shutdown LeaderElection
2019-10-17 02:18:56,603 [bf166244-8880-4b0f-9be5-11fb29082dcb@group-5A011987FEB2-LeaderElection13] INFO  impl.RoleInfo (RoleInfo.java:updateAndGet(143)) - bf166244-8880-4b0f-9be5-11fb29082dcb: start FollowerState
2019-10-17 02:18:56,619 [Thread-528] INFO  impl.FollowerState (FollowerState.java:run(108)) - bf166244-8880-4b0f-9be5-11fb29082dcb@group-5A011987FEB2-FollowerState: change to CANDIDATE, lastRpcTime:15ms, electionTimeout:14ms
2019-10-17 02:18:56,619 [Thread-528] INFO  impl.RoleInfo (RoleInfo.java:shutdownFollowerState(121)) - bf166244-8880-4b0f-9be5-11fb29082dcb: shutdown FollowerState
2019-10-17 02:18:56,620 [Thread-528] INFO  impl.RaftServerImpl (RaftServerImpl.java:setRole(184)) - bf166244-8880-4b0f-9be5-11fb29082dcb@group-5A011987FEB2: changes role from  FOLLOWER to CANDIDATE at term 7 for changeToCandidate
2019-10-17 02:18:56,620 [Thread-528] INFO  impl.RoleInfo (RoleInfo.java:updateAndGet(143)) - bf166244-8880-4b0f-9be5-11fb29082dcb: start LeaderElection
2019-10-17 02:18:56,634 [bf166244-8880-4b0f-9be5-11fb29082dcb@group-5A011987FEB2-LeaderElection14] INFO  impl.LeaderElection (LeaderElection.java:askForVotes(178)) - bf166244-8880-4b0f-9be5-11fb29082dcb@group-5A011987FEB2-LeaderElection14: begin an election at term 8 for -1: [bf166244-8880-4b0f-9be5-11fb29082dcb:192.168.157.194:44285, 33d40637-531b-47e9-8a2e-802b577efd6f:192.168.157.194:40644, 389ddf04-1777-44a1-860a-c678eeab2358:192.168.157.194:44119], old=null
2019-10-17 02:18:56,636 [grpc-default-executor-3] INFO  impl.RaftServerImpl (RaftServerImpl.java:setRole(184)) - 33d40637-531b-47e9-8a2e-802b577efd6f@group-5A011987FEB2: changes role from  FOLLOWER to FOLLOWER at term 8 for recognizeCandidate:bf166244-8880-4b0f-9be5-11fb29082dcb
2019-10-17 02:18:56,636 [grpc-default-executor-1] INFO  impl.RaftServerImpl (RaftServerImpl.java:setRole(184)) - 389ddf04-1777-44a1-860a-c678eeab2358@group-5A011987FEB2: changes role from  FOLLOWER to FOLLOWER at term 8 for recognizeCandidate:bf166244-8880-4b0f-9be5-11fb29082dcb
2019-10-17 02:18:56,636 [grpc-default-executor-3] INFO  impl.RoleInfo (RoleInfo.java:shutdownFollowerState(121)) - 33d40637-531b-47e9-8a2e-802b577efd6f: shutdown FollowerState
2019-10-17 02:18:56,636 [grpc-default-executor-1] INFO  impl.RoleInfo (RoleInfo.java:shutdownFollowerState(121)) - 389ddf04-1777-44a1-860a-c678eeab2358: shutdown FollowerState
2019-10-17 02:18:56,637 [Thread-526] INFO  impl.FollowerState (FollowerState.java:run(117)) - 33d40637-531b-47e9-8a2e-802b577efd6f@group-5A011987FEB2-FollowerState was interrupted: java.lang.InterruptedException: sleep interrupted
2019-10-17 02:18:56,637 [grpc-default-executor-3] INFO  impl.RoleInfo (RoleInfo.java:updateAndGet(143)) - 33d40637-531b-47e9-8a2e-802b577efd6f: start FollowerState
2019-10-17 02:18:56,637 [Thread-527] INFO  impl.FollowerState (FollowerState.java:run(117)) - 389ddf04-1777-44a1-860a-c678eeab2358@group-5A011987FEB2-FollowerState was interrupted: java.lang.InterruptedException: sleep interrupted
2019-10-17 02:18:56,637 [grpc-default-executor-1] INFO  impl.RoleInfo (RoleInfo.java:updateAndGet(143)) - 389ddf04-1777-44a1-860a-c678eeab2358: start FollowerState
2019-10-17 02:18:56,649 [bf166244-8880-4b0f-9be5-11fb29082dcb@group-5A011987FEB2-LeaderElection14] INFO  impl.LeaderElection (LeaderElection.java:logAndReturn(56)) - bf166244-8880-4b0f-9be5-11fb29082dcb@group-5A011987FEB2-LeaderElection14: Election REJECTED; received 2 response(s) [bf166244-8880-4b0f-9be5-11fb29082dcb<-389ddf04-1777-44a1-860a-c678eeab2358#0:FAIL-t8, bf166244-8880-4b0f-9be5-11fb29082dcb<-33d40637-531b-47e9-8a2e-802b577efd6f#0:FAIL-t8] and 0 exception(s); bf166244-8880-4b0f-9be5-11fb29082dcb@group-5A011987FEB2:t8, leader=null, voted=bf166244-8880-4b0f-9be5-11fb29082dcb, raftlog=bf166244-8880-4b0f-9be5-11fb29082dcb@group-5A011987FEB2-SegmentedRaftLog:OPENED:c-1,f-1,i0, conf=-1: [bf166244-8880-4b0f-9be5-11fb29082dcb:192.168.157.194:44285, 33d40637-531b-47e9-8a2e-802b577efd6f:192.168.157.194:40644, 389ddf04-1777-44a1-860a-c678eeab2358:192.168.157.194:44119], old=null
2019-10-17 02:18:56,650 [bf166244-8880-4b0f-9be5-11fb29082dcb@group-5A011987FEB2-LeaderElection14] INFO  impl.RaftServerImpl (RaftServerImpl.java:setRole(184)) - bf166244-8880-4b0f-9be5-11fb29082dcb@group-5A011987FEB2: changes role from CANDIDATE to FOLLOWER at term 8 for DISCOVERED_A_NEW_TERM
2019-10-17 02:18:56,650 [bf166244-8880-4b0f-9be5-11fb29082dcb@group-5A011987FEB2-LeaderElection14] INFO  impl.RoleInfo (RoleInfo.java:shutdownLeaderElection(134)) - bf166244-8880-4b0f-9be5-11fb29082dcb: shutdown LeaderElection
2019-10-17 02:18:56,651 [bf166244-8880-4b0f-9be5-11fb29082dcb@group-5A011987FEB2-LeaderElection14] INFO  impl.RoleInfo (RoleInfo.java:updateAndGet(143)) - bf166244-8880-4b0f-9be5-11fb29082dcb: start FollowerState
2019-10-17 02:18:56,835 [Thread-534] INFO  impl.FollowerState (FollowerState.java:run(108)) - bf166244-8880-4b0f-9be5-11fb29082dcb@group-5A011987FEB2-FollowerState: change to CANDIDATE, lastRpcTime:184ms, electionTimeout:181ms
2019-10-17 02:18:56,839 [Thread-534] INFO  impl.RoleInfo (RoleInfo.java:shutdownFollowerState(121)) - bf166244-8880-4b0f-9be5-11fb29082dcb: shutdown FollowerState
2019-10-17 02:18:56,839 [Thread-534] INFO  impl.RaftServerImpl (RaftServerImpl.java:setRole(184)) - bf166244-8880-4b0f-9be5-11fb29082dcb@group-5A011987FEB2: changes role from  FOLLOWER to CANDIDATE at term 8 for changeToCandidate
2019-10-17 02:18:56,839 [Thread-534] INFO  impl.RoleInfo (RoleInfo.java:updateAndGet(143)) - bf166244-8880-4b0f-9be5-11fb29082dcb: start LeaderElection
2019-10-17 02:18:56,869 [bf166244-8880-4b0f-9be5-11fb29082dcb@group-5A011987FEB2-LeaderElection15] INFO  impl.LeaderElection (LeaderElection.java:askForVotes(178)) - bf166244-8880-4b0f-9be5-11fb29082dcb@group-5A011987FEB2-LeaderElection15: begin an election at term 9 for -1: [bf166244-8880-4b0f-9be5-11fb29082dcb:192.168.157.194:44285, 33d40637-531b-47e9-8a2e-802b577efd6f:192.168.157.194:40644, 389ddf04-1777-44a1-860a-c678eeab2358:192.168.157.194:44119], old=null
2019-10-17 02:18:56,872 [grpc-default-executor-1] INFO  impl.RaftServerImpl (RaftServerImpl.java:setRole(184)) - 33d40637-531b-47e9-8a2e-802b577efd6f@group-5A011987FEB2: changes role from  FOLLOWER to FOLLOWER at term 9 for recognizeCandidate:bf166244-8880-4b0f-9be5-11fb29082dcb
2019-10-17 02:18:56,873 [grpc-default-executor-1] INFO  impl.RoleInfo (RoleInfo.java:shutdownFollowerState(121)) - 33d40637-531b-47e9-8a2e-802b577efd6f: shutdown FollowerState
2019-10-17 02:18:56,873 [grpc-default-executor-3] INFO  impl.RaftServerImpl (RaftServerImpl.java:setRole(184)) - 389ddf04-1777-44a1-860a-c678eeab2358@group-5A011987FEB2: changes role from  FOLLOWER to FOLLOWER at term 9 for recognizeCandidate:bf166244-8880-4b0f-9be5-11fb29082dcb
2019-10-17 02:18:56,873 [Thread-532] INFO  impl.FollowerState (FollowerState.java:run(117)) - 33d40637-531b-47e9-8a2e-802b577efd6f@group-5A011987FEB2-FollowerState was interrupted: java.lang.InterruptedException: sleep interrupted
2019-10-17 02:18:56,873 [grpc-default-executor-1] INFO  impl.RoleInfo (RoleInfo.java:updateAndGet(143)) - 33d40637-531b-47e9-8a2e-802b577efd6f: start FollowerState
2019-10-17 02:18:56,873 [grpc-default-executor-3] INFO  impl.RoleInfo (RoleInfo.java:shutdownFollowerState(121)) - 389ddf04-1777-44a1-860a-c678eeab2358: shutdown FollowerState
2019-10-17 02:18:56,874 [Thread-533] INFO  impl.FollowerState (FollowerState.java:run(117)) - 389ddf04-1777-44a1-860a-c678eeab2358@group-5A011987FEB2-FollowerState was interrupted: java.lang.InterruptedException: sleep interrupted
2019-10-17 02:18:56,874 [grpc-default-executor-3] INFO  impl.RoleInfo (RoleInfo.java:updateAndGet(143)) - 389ddf04-1777-44a1-860a-c678eeab2358: start FollowerState
2019-10-17 02:18:56,882 [bf166244-8880-4b0f-9be5-11fb29082dcb@group-5A011987FEB2-LeaderElection15] INFO  impl.LeaderElection (LeaderElection.java:logAndReturn(56)) - bf166244-8880-4b0f-9be5-11fb29082dcb@group-5A011987FEB2-LeaderElection15: Election REJECTED; received 2 response(s) [bf166244-8880-4b0f-9be5-11fb29082dcb<-389ddf04-1777-44a1-860a-c678eeab2358#0:FAIL-t9, bf166244-8880-4b0f-9be5-11fb29082dcb<-33d40637-531b-47e9-8a2e-802b577efd6f#0:FAIL-t9] and 0 exception(s); bf166244-8880-4b0f-9be5-11fb29082dcb@group-5A011987FEB2:t9, leader=null, voted=bf166244-8880-4b0f-9be5-11fb29082dcb, raftlog=bf166244-8880-4b0f-9be5-11fb29082dcb@group-5A011987FEB2-SegmentedRaftLog:OPENED:c-1,f-1,i0, conf=-1: [bf166244-8880-4b0f-9be5-11fb29082dcb:192.168.157.194:44285, 33d40637-531b-47e9-8a2e-802b577efd6f:192.168.157.194:40644, 389ddf04-1777-44a1-860a-c678eeab2358:192.168.157.194:44119], old=null
2019-10-17 02:18:56,882 [bf166244-8880-4b0f-9be5-11fb29082dcb@group-5A011987FEB2-LeaderElection15] INFO  impl.RaftServerImpl (RaftServerImpl.java:setRole(184)) - bf166244-8880-4b0f-9be5-11fb29082dcb@group-5A011987FEB2: changes role from CANDIDATE to FOLLOWER at term 9 for DISCOVERED_A_NEW_TERM
2019-10-17 02:18:56,882 [bf166244-8880-4b0f-9be5-11fb29082dcb@group-5A011987FEB2-LeaderElection15] INFO  impl.RoleInfo (RoleInfo.java:shutdownLeaderElection(134)) - bf166244-8880-4b0f-9be5-11fb29082dcb: shutdown LeaderElection
2019-10-17 02:18:56,882 [bf166244-8880-4b0f-9be5-11fb29082dcb@group-5A011987FEB2-LeaderElection15] INFO  impl.RoleInfo (RoleInfo.java:updateAndGet(143)) - bf166244-8880-4b0f-9be5-11fb29082dcb: start FollowerState
2019-10-17 02:18:56,903 [Thread-540] INFO  impl.FollowerState (FollowerState.java:run(108)) - bf166244-8880-4b0f-9be5-11fb29082dcb@group-5A011987FEB2-FollowerState: change to CANDIDATE, lastRpcTime:20ms, electionTimeout:20ms
2019-10-17 02:18:56,904 [Thread-540] INFO  impl.RoleInfo (RoleInfo.java:shutdownFollowerState(121)) - bf166244-8880-4b0f-9be5-11fb29082dcb: shutdown FollowerState
2019-10-17 02:18:56,904 [Thread-540] INFO  impl.RaftServerImpl (RaftServerImpl.java:setRole(184)) - bf166244-8880-4b0f-9be5-11fb29082dcb@group-5A011987FEB2: changes role from  FOLLOWER to CANDIDATE at term 9 for changeToCandidate
2019-10-17 02:18:56,904 [Thread-540] INFO  impl.RoleInfo (RoleInfo.java:updateAndGet(143)) - bf166244-8880-4b0f-9be5-11fb29082dcb: start LeaderElection
2019-10-17 02:18:56,919 [bf166244-8880-4b0f-9be5-11fb29082dcb@group-5A011987FEB2-LeaderElection16] INFO  impl.LeaderElection (LeaderElection.java:askForVotes(178)) - bf166244-8880-4b0f-9be5-11fb29082dcb@group-5A011987FEB2-LeaderElection16: begin an election at term 10 for -1: [bf166244-8880-4b0f-9be5-11fb29082dcb:192.168.157.194:44285, 33d40637-531b-47e9-8a2e-802b577efd6f:192.168.157.194:40644, 389ddf04-1777-44a1-860a-c678eeab2358:192.168.157.194:44119], old=null
2019-10-17 02:18:56,921 [grpc-default-executor-1] INFO  impl.RaftServerImpl (RaftServerImpl.java:setRole(184)) - 33d40637-531b-47e9-8a2e-802b577efd6f@group-5A011987FEB2: changes role from  FOLLOWER to FOLLOWER at term 10 for recognizeCandidate:bf166244-8880-4b0f-9be5-11fb29082dcb
2019-10-17 02:18:56,921 [grpc-default-executor-3] INFO  impl.RaftServerImpl (RaftServerImpl.java:setRole(184)) - 389ddf04-1777-44a1-860a-c678eeab2358@group-5A011987FEB2: changes role from  FOLLOWER to FOLLOWER at term 10 for recognizeCandidate:bf166244-8880-4b0f-9be5-11fb29082dcb
2019-10-17 02:18:56,921 [grpc-default-executor-1] INFO  impl.RoleInfo (RoleInfo.java:shutdownFollowerState(121)) - 33d40637-531b-47e9-8a2e-802b577efd6f: shutdown FollowerState
2019-10-17 02:18:56,922 [grpc-default-executor-3] INFO  impl.RoleInfo (RoleInfo.java:shutdownFollowerState(121)) - 389ddf04-1777-44a1-860a-c678eeab2358: shutdown FollowerState
2019-10-17 02:18:56,922 [Thread-538] INFO  impl.FollowerState (FollowerState.java:run(117)) - 33d40637-531b-47e9-8a2e-802b577efd6f@group-5A011987FEB2-FollowerState was interrupted: java.lang.InterruptedException: sleep interrupted
2019-10-17 02:18:56,922 [Thread-539] INFO  impl.FollowerState (FollowerState.java:run(117)) - 389ddf04-1777-44a1-860a-c678eeab2358@group-5A011987FEB2-FollowerState was interrupted: java.lang.InterruptedException: sleep interrupted
2019-10-17 02:18:56,922 [grpc-default-executor-1] INFO  impl.RoleInfo (RoleInfo.java:updateAndGet(143)) - 33d40637-531b-47e9-8a2e-802b577efd6f: start FollowerState
2019-10-17 02:18:56,922 [grpc-default-executor-3] INFO  impl.RoleInfo (RoleInfo.java:updateAndGet(143)) - 389ddf04-1777-44a1-860a-c678eeab2358: start FollowerState
2019-10-17 02:18:56,945 [bf166244-8880-4b0f-9be5-11fb29082dcb@group-5A011987FEB2-LeaderElection16] INFO  impl.LeaderElection (LeaderElection.java:logAndReturn(56)) - bf166244-8880-4b0f-9be5-11fb29082dcb@group-5A011987FEB2-LeaderElection16: Election REJECTED; received 2 response(s) [bf166244-8880-4b0f-9be5-11fb29082dcb<-33d40637-531b-47e9-8a2e-802b577efd6f#0:FAIL-t10, bf166244-8880-4b0f-9be5-11fb29082dcb<-389ddf04-1777-44a1-860a-c678eeab2358#0:FAIL-t10] and 0 exception(s); bf166244-8880-4b0f-9be5-11fb29082dcb@group-5A011987FEB2:t10, leader=null, voted=bf166244-8880-4b0f-9be5-11fb29082dcb, raftlog=bf166244-8880-4b0f-9be5-11fb29082dcb@group-5A011987FEB2-SegmentedRaftLog:OPENED:c-1,f-1,i0, conf=-1: [bf166244-8880-4b0f-9be5-11fb29082dcb:192.168.157.194:44285, 33d40637-531b-47e9-8a2e-802b577efd6f:192.168.157.194:40644, 389ddf04-1777-44a1-860a-c678eeab2358:192.168.157.194:44119], old=null
2019-10-17 02:18:56,945 [bf166244-8880-4b0f-9be5-11fb29082dcb@group-5A011987FEB2-LeaderElection16] INFO  impl.RaftServerImpl (RaftServerImpl.java:setRole(184)) - bf166244-8880-4b0f-9be5-11fb29082dcb@group-5A011987FEB2: changes role from CANDIDATE to FOLLOWER at term 10 for DISCOVERED_A_NEW_TERM
2019-10-17 02:18:56,945 [bf166244-8880-4b0f-9be5-11fb29082dcb@group-5A011987FEB2-LeaderElection16] INFO  impl.RoleInfo (RoleInfo.java:shutdownLeaderElection(134)) - bf166244-8880-4b0f-9be5-11fb29082dcb: shutdown LeaderElection
2019-10-17 02:18:56,945 [bf166244-8880-4b0f-9be5-11fb29082dcb@group-5A011987FEB2-LeaderElection16] INFO  impl.RoleInfo (RoleInfo.java:updateAndGet(143)) - bf166244-8880-4b0f-9be5-11fb29082dcb: start FollowerState
2019-10-17 02:18:57,116 [Thread-546] INFO  impl.FollowerState (FollowerState.java:run(108)) - bf166244-8880-4b0f-9be5-11fb29082dcb@group-5A011987FEB2-FollowerState: change to CANDIDATE, lastRpcTime:170ms, electionTimeout:170ms
2019-10-17 02:18:57,117 [Thread-546] INFO  impl.RoleInfo (RoleInfo.java:shutdownFollowerState(121)) - bf166244-8880-4b0f-9be5-11fb29082dcb: shutdown FollowerState
2019-10-17 02:18:57,117 [Thread-546] INFO  impl.RaftServerImpl (RaftServerImpl.java:setRole(184)) - bf166244-8880-4b0f-9be5-11fb29082dcb@group-5A011987FEB2: changes role from  FOLLOWER to CANDIDATE at term 10 for changeToCandidate
2019-10-17 02:18:57,117 [Thread-546] INFO  impl.RoleInfo (RoleInfo.java:updateAndGet(143)) - bf166244-8880-4b0f-9be5-11fb29082dcb: start LeaderElection
2019-10-17 02:18:57,144 [bf166244-8880-4b0f-9be5-11fb29082dcb@group-5A011987FEB2-LeaderElection17] INFO  impl.LeaderElection (LeaderElection.java:askForVotes(178)) - bf166244-8880-4b0f-9be5-11fb29082dcb@group-5A011987FEB2-LeaderElection17: begin an election at term 11 for -1: [bf166244-8880-4b0f-9be5-11fb29082dcb:192.168.157.194:44285, 33d40637-531b-47e9-8a2e-802b577efd6f:192.168.157.194:40644, 389ddf04-1777-44a1-860a-c678eeab2358:192.168.157.194:44119], old=null
2019-10-17 02:18:57,148 [grpc-default-executor-1] INFO  impl.RaftServerImpl (RaftServerImpl.java:setRole(184)) - 33d40637-531b-47e9-8a2e-802b577efd6f@group-5A011987FEB2: changes role from  FOLLOWER to FOLLOWER at term 11 for recognizeCandidate:bf166244-8880-4b0f-9be5-11fb29082dcb
2019-10-17 02:18:57,148 [grpc-default-executor-3] INFO  impl.RaftServerImpl (RaftServerImpl.java:setRole(184)) - 389ddf04-1777-44a1-860a-c678eeab2358@group-5A011987FEB2: changes role from  FOLLOWER to FOLLOWER at term 11 for recognizeCandidate:bf166244-8880-4b0f-9be5-11fb29082dcb
2019-10-17 02:18:57,148 [grpc-default-executor-1] INFO  impl.RoleInfo (RoleInfo.java:shutdownFollowerState(121)) - 33d40637-531b-47e9-8a2e-802b577efd6f: shutdown FollowerState
2019-10-17 02:18:57,148 [grpc-default-executor-3] INFO  impl.RoleInfo (RoleInfo.java:shutdownFollowerState(121)) - 389ddf04-1777-44a1-860a-c678eeab2358: shutdown FollowerState
2019-10-17 02:18:57,148 [grpc-default-executor-1] INFO  impl.RoleInfo (RoleInfo.java:updateAndGet(143)) - 33d40637-531b-47e9-8a2e-802b577efd6f: start FollowerState
2019-10-17 02:18:57,148 [grpc-default-executor-3] INFO  impl.RoleInfo (RoleInfo.java:updateAndGet(143)) - 389ddf04-1777-44a1-860a-c678eeab2358: start FollowerState
2019-10-17 02:18:57,148 [Thread-545] INFO  impl.FollowerState (FollowerState.java:run(117)) - 389ddf04-1777-44a1-860a-c678eeab2358@group-5A011987FEB2-FollowerState was interrupted: java.lang.InterruptedException: sleep interrupted
2019-10-17 02:18:57,148 [Thread-544] INFO  impl.FollowerState (FollowerState.java:run(117)) - 33d40637-531b-47e9-8a2e-802b577efd6f@group-5A011987FEB2-FollowerState was interrupted: java.lang.InterruptedException: sleep interrupted
2019-10-17 02:18:57,166 [bf166244-8880-4b0f-9be5-11fb29082dcb@group-5A011987FEB2-LeaderElection17] INFO  impl.LeaderElection (LeaderElection.java:logAndReturn(56)) - bf166244-8880-4b0f-9be5-11fb29082dcb@group-5A011987FEB2-LeaderElection17: Election REJECTED; received 2 response(s) [bf166244-8880-4b0f-9be5-11fb29082dcb<-389ddf04-1777-44a1-860a-c678eeab2358#0:FAIL-t11, bf166244-8880-4b0f-9be5-11fb29082dcb<-33d40637-531b-47e9-8a2e-802b577efd6f#0:FAIL-t11] and 0 exception(s); bf166244-8880-4b0f-9be5-11fb29082dcb@group-5A011987FEB2:t11, leader=null, voted=bf166244-8880-4b0f-9be5-11fb29082dcb, raftlog=bf166244-8880-4b0f-9be5-11fb29082dcb@group-5A011987FEB2-SegmentedRaftLog:OPENED:c-1,f-1,i0, conf=-1: [bf166244-8880-4b0f-9be5-11fb29082dcb:192.168.157.194:44285, 33d40637-531b-47e9-8a2e-802b577efd6f:192.168.157.194:40644, 389ddf04-1777-44a1-860a-c678eeab2358:192.168.157.194:44119], old=null
2019-10-17 02:18:57,166 [bf166244-8880-4b0f-9be5-11fb29082dcb@group-5A011987FEB2-LeaderElection17] INFO  impl.RaftServerImpl (RaftServerImpl.java:setRole(184)) - bf166244-8880-4b0f-9be5-11fb29082dcb@group-5A011987FEB2: changes role from CANDIDATE to FOLLOWER at term 11 for DISCOVERED_A_NEW_TERM
2019-10-17 02:18:57,166 [bf166244-8880-4b0f-9be5-11fb29082dcb@group-5A011987FEB2-LeaderElection17] INFO  impl.RoleInfo (RoleInfo.java:shutdownLeaderElection(134)) - bf166244-8880-4b0f-9be5-11fb29082dcb: shutdown LeaderElection
2019-10-17 02:18:57,167 [bf166244-8880-4b0f-9be5-11fb29082dcb@group-5A011987FEB2-LeaderElection17] INFO  impl.RoleInfo (RoleInfo.java:updateAndGet(143)) - bf166244-8880-4b0f-9be5-11fb29082dcb: start FollowerState
2019-10-17 02:18:57,244 [Thread-552] INFO  impl.FollowerState (FollowerState.java:run(108)) - bf166244-8880-4b0f-9be5-11fb29082dcb@group-5A011987FEB2-FollowerState: change to CANDIDATE, lastRpcTime:77ms, electionTimeout:77ms
2019-10-17 02:18:57,246 [Thread-552] INFO  impl.RoleInfo (RoleInfo.java:shutdownFollowerState(121)) - bf166244-8880-4b0f-9be5-11fb29082dcb: shutdown FollowerState
2019-10-17 02:18:57,246 [Thread-552] INFO  impl.RaftServerImpl (RaftServerImpl.java:setRole(184)) - bf166244-8880-4b0f-9be5-11fb29082dcb@group-5A011987FEB2: changes role from  FOLLOWER to CANDIDATE at term 11 for changeToCandidate
2019-10-17 02:18:57,246 [Thread-552] INFO  impl.RoleInfo (RoleInfo.java:updateAndGet(143)) - bf166244-8880-4b0f-9be5-11fb29082dcb: start LeaderElection
2019-10-17 02:18:57,268 [bf166244-8880-4b0f-9be5-11fb29082dcb@group-5A011987FEB2-LeaderElection18] INFO  impl.LeaderElection (LeaderElection.java:askForVotes(178)) - bf166244-8880-4b0f-9be5-11fb29082dcb@group-5A011987FEB2-LeaderElection18: begin an election at term 12 for -1: [bf166244-8880-4b0f-9be5-11fb29082dcb:192.168.157.194:44285, 33d40637-531b-47e9-8a2e-802b577efd6f:192.168.157.194:40644, 389ddf04-1777-44a1-860a-c678eeab2358:192.168.157.194:44119], old=null
2019-10-17 02:18:57,271 [grpc-default-executor-3] INFO  impl.RaftServerImpl (RaftServerImpl.java:setRole(184)) - 33d40637-531b-47e9-8a2e-802b577efd6f@group-5A011987FEB2: changes role from  FOLLOWER to FOLLOWER at term 12 for recognizeCandidate:bf166244-8880-4b0f-9be5-11fb29082dcb
2019-10-17 02:18:57,272 [grpc-default-executor-1] INFO  impl.RaftServerImpl (RaftServerImpl.java:setRole(184)) - 389ddf04-1777-44a1-860a-c678eeab2358@group-5A011987FEB2: changes role from  FOLLOWER to FOLLOWER at term 12 for recognizeCandidate:bf166244-8880-4b0f-9be5-11fb29082dcb
2019-10-17 02:18:57,272 [grpc-default-executor-3] INFO  impl.RoleInfo (RoleInfo.java:shutdownFollowerState(121)) - 33d40637-531b-47e9-8a2e-802b577efd6f: shutdown FollowerState
2019-10-17 02:18:57,272 [grpc-default-executor-1] INFO  impl.RoleInfo (RoleInfo.java:shutdownFollowerState(121)) - 389ddf04-1777-44a1-860a-c678eeab2358: shutdown FollowerState
2019-10-17 02:18:57,272 [grpc-default-executor-3] INFO  impl.RoleInfo (RoleInfo.java:updateAndGet(143)) - 33d40637-531b-47e9-8a2e-802b577efd6f: start FollowerState
2019-10-17 02:18:57,272 [Thread-550] INFO  impl.FollowerState (FollowerState.java:run(117)) - 33d40637-531b-47e9-8a2e-802b577efd6f@group-5A011987FEB2-FollowerState was interrupted: java.lang.InterruptedException: sleep interrupted
2019-10-17 02:18:57,272 [grpc-default-executor-1] INFO  impl.RoleInfo (RoleInfo.java:updateAndGet(143)) - 389ddf04-1777-44a1-860a-c678eeab2358: start FollowerState
2019-10-17 02:18:57,272 [Thread-551] INFO  impl.FollowerState (FollowerState.java:run(117)) - 389ddf04-1777-44a1-860a-c678eeab2358@group-5A011987FEB2-FollowerState was interrupted: java.lang.InterruptedException: sleep interrupted
2019-10-17 02:18:57,288 [bf166244-8880-4b0f-9be5-11fb29082dcb@group-5A011987FEB2-LeaderElection18] INFO  impl.LeaderElection (LeaderElection.java:logAndReturn(56)) - bf166244-8880-4b0f-9be5-11fb29082dcb@group-5A011987FEB2-LeaderElection18: Election REJECTED; received 2 response(s) [bf166244-8880-4b0f-9be5-11fb29082dcb<-33d40637-531b-47e9-8a2e-802b577efd6f#0:FAIL-t12, bf166244-8880-4b0f-9be5-11fb29082dcb<-389ddf04-1777-44a1-860a-c678eeab2358#0:FAIL-t12] and 0 exception(s); bf166244-8880-4b0f-9be5-11fb29082dcb@group-5A011987FEB2:t12, leader=null, voted=bf166244-8880-4b0f-9be5-11fb29082dcb, raftlog=bf166244-8880-4b0f-9be5-11fb29082dcb@group-5A011987FEB2-SegmentedRaftLog:OPENED:c-1,f-1,i0, conf=-1: [bf166244-8880-4b0f-9be5-11fb29082dcb:192.168.157.194:44285, 33d40637-531b-47e9-8a2e-802b577efd6f:192.168.157.194:40644, 389ddf04-1777-44a1-860a-c678eeab2358:192.168.157.194:44119], old=null
2019-10-17 02:18:57,288 [bf166244-8880-4b0f-9be5-11fb29082dcb@group-5A011987FEB2-LeaderElection18] INFO  impl.RaftServerImpl (RaftServerImpl.java:setRole(184)) - bf166244-8880-4b0f-9be5-11fb29082dcb@group-5A011987FEB2: changes role from CANDIDATE to FOLLOWER at term 12 for DISCOVERED_A_NEW_TERM
2019-10-17 02:18:57,288 [bf166244-8880-4b0f-9be5-11fb29082dcb@group-5A011987FEB2-LeaderElection18] INFO  impl.RoleInfo (RoleInfo.java:shutdownLeaderElection(134)) - bf166244-8880-4b0f-9be5-11fb29082dcb: shutdown LeaderElection
2019-10-17 02:18:57,288 [bf166244-8880-4b0f-9be5-11fb29082dcb@group-5A011987FEB2-LeaderElection18] INFO  impl.RoleInfo (RoleInfo.java:updateAndGet(143)) - bf166244-8880-4b0f-9be5-11fb29082dcb: start FollowerState
2019-10-17 02:18:57,317 [Thread-558] INFO  impl.FollowerState (FollowerState.java:run(108)) - bf166244-8880-4b0f-9be5-11fb29082dcb@group-5A011987FEB2-FollowerState: change to CANDIDATE, lastRpcTime:29ms, electionTimeout:29ms
2019-10-17 02:18:57,319 [Thread-558] INFO  impl.RoleInfo (RoleInfo.java:shutdownFollowerState(121)) - bf166244-8880-4b0f-9be5-11fb29082dcb: shutdown FollowerState
2019-10-17 02:18:57,319 [Thread-558] INFO  impl.RaftServerImpl (RaftServerImpl.java:setRole(184)) - bf166244-8880-4b0f-9be5-11fb29082dcb@group-5A011987FEB2: changes role from  FOLLOWER to CANDIDATE at term 12 for changeToCandidate
2019-10-17 02:18:57,319 [Thread-558] INFO  impl.RoleInfo (RoleInfo.java:updateAndGet(143)) - bf166244-8880-4b0f-9be5-11fb29082dcb: start LeaderElection
2019-10-17 02:18:57,333 [bf166244-8880-4b0f-9be5-11fb29082dcb@group-5A011987FEB2-LeaderElection19] INFO  impl.LeaderElection (LeaderElection.java:askForVotes(178)) - bf166244-8880-4b0f-9be5-11fb29082dcb@group-5A011987FEB2-LeaderElection19: begin an election at term 13 for -1: [bf166244-8880-4b0f-9be5-11fb29082dcb:192.168.157.194:44285, 33d40637-531b-47e9-8a2e-802b577efd6f:192.168.157.194:40644, 389ddf04-1777-44a1-860a-c678eeab2358:192.168.157.194:44119], old=null
2019-10-17 02:18:57,335 [grpc-default-executor-3] INFO  impl.RaftServerImpl (RaftServerImpl.java:setRole(184)) - 389ddf04-1777-44a1-860a-c678eeab2358@group-5A011987FEB2: changes role from  FOLLOWER to FOLLOWER at term 13 for recognizeCandidate:bf166244-8880-4b0f-9be5-11fb29082dcb
2019-10-17 02:18:57,335 [grpc-default-executor-1] INFO  impl.RaftServerImpl (RaftServerImpl.java:setRole(184)) - 33d40637-531b-47e9-8a2e-802b577efd6f@group-5A011987FEB2: changes role from  FOLLOWER to FOLLOWER at term 13 for recognizeCandidate:bf166244-8880-4b0f-9be5-11fb29082dcb
2019-10-17 02:18:57,336 [grpc-default-executor-3] INFO  impl.RoleInfo (RoleInfo.java:shutdownFollowerState(121)) - 389ddf04-1777-44a1-860a-c678eeab2358: shutdown FollowerState
2019-10-17 02:18:57,336 [grpc-default-executor-1] INFO  impl.RoleInfo (RoleInfo.java:shutdownFollowerState(121)) - 33d40637-531b-47e9-8a2e-802b577efd6f: shutdown FollowerState
2019-10-17 02:18:57,336 [Thread-557] INFO  impl.FollowerState (FollowerState.java:run(117)) - 389ddf04-1777-44a1-860a-c678eeab2358@group-5A011987FEB2-FollowerState was interrupted: java.lang.InterruptedException: sleep interrupted
2019-10-17 02:18:57,336 [Thread-556] INFO  impl.FollowerState (FollowerState.java:run(117)) - 33d40637-531b-47e9-8a2e-802b577efd6f@group-5A011987FEB2-FollowerState was interrupted: java.lang.InterruptedException: sleep interrupted
2019-10-17 02:18:57,336 [grpc-default-executor-3] INFO  impl.RoleInfo (RoleInfo.java:updateAndGet(143)) - 389ddf04-1777-44a1-860a-c678eeab2358: start FollowerState
2019-10-17 02:18:57,336 [grpc-default-executor-1] INFO  impl.RoleInfo (RoleInfo.java:updateAndGet(143)) - 33d40637-531b-47e9-8a2e-802b577efd6f: start FollowerState
2019-10-17 02:18:57,351 [bf166244-8880-4b0f-9be5-11fb29082dcb@group-5A011987FEB2-LeaderElection19] INFO  impl.LeaderElection (LeaderElection.java:logAndReturn(56)) - bf166244-8880-4b0f-9be5-11fb29082dcb@group-5A011987FEB2-LeaderElection19: Election REJECTED; received 2 response(s) [bf166244-8880-4b0f-9be5-11fb29082dcb<-389ddf04-1777-44a1-860a-c678eeab2358#0:FAIL-t13, bf166244-8880-4b0f-9be5-11fb29082dcb<-33d40637-531b-47e9-8a2e-802b577efd6f#0:FAIL-t13] and 0 exception(s); bf166244-8880-4b0f-9be5-11fb29082dcb@group-5A011987FEB2:t13, leader=null, voted=bf166244-8880-4b0f-9be5-11fb29082dcb, raftlog=bf166244-8880-4b0f-9be5-11fb29082dcb@group-5A011987FEB2-SegmentedRaftLog:OPENED:c-1,f-1,i0, conf=-1: [bf166244-8880-4b0f-9be5-11fb29082dcb:192.168.157.194:44285, 33d40637-531b-47e9-8a2e-802b577efd6f:192.168.157.194:40644, 389ddf04-1777-44a1-860a-c678eeab2358:192.168.157.194:44119], old=null
2019-10-17 02:18:57,352 [bf166244-8880-4b0f-9be5-11fb29082dcb@group-5A011987FEB2-LeaderElection19] INFO  impl.RaftServerImpl (RaftServerImpl.java:setRole(184)) - bf166244-8880-4b0f-9be5-11fb29082dcb@group-5A011987FEB2: changes role from CANDIDATE to FOLLOWER at term 13 for DISCOVERED_A_NEW_TERM
2019-10-17 02:18:57,352 [bf166244-8880-4b0f-9be5-11fb29082dcb@group-5A011987FEB2-LeaderElection19] INFO  impl.RoleInfo (RoleInfo.java:shutdownLeaderElection(134)) - bf166244-8880-4b0f-9be5-11fb29082dcb: shutdown LeaderElection
2019-10-17 02:18:57,352 [bf166244-8880-4b0f-9be5-11fb29082dcb@group-5A011987FEB2-LeaderElection19] INFO  impl.RoleInfo (RoleInfo.java:updateAndGet(143)) - bf166244-8880-4b0f-9be5-11fb29082dcb: start FollowerState
2019-10-17 02:18:57,424 [Thread-564] INFO  impl.FollowerState (FollowerState.java:run(108)) - bf166244-8880-4b0f-9be5-11fb29082dcb@group-5A011987FEB2-FollowerState: change to CANDIDATE, lastRpcTime:71ms, electionTimeout:71ms
2019-10-17 02:18:57,425 [Thread-564] INFO  impl.RoleInfo (RoleInfo.java:shutdownFollowerState(121)) - bf166244-8880-4b0f-9be5-11fb29082dcb: shutdown FollowerState
2019-10-17 02:18:57,425 [Thread-564] INFO  impl.RaftServerImpl (RaftServerImpl.java:setRole(184)) - bf166244-8880-4b0f-9be5-11fb29082dcb@group-5A011987FEB2: changes role from  FOLLOWER to CANDIDATE at term 13 for changeToCandidate
2019-10-17 02:18:57,425 [Thread-564] INFO  impl.RoleInfo (RoleInfo.java:updateAndGet(143)) - bf166244-8880-4b0f-9be5-11fb29082dcb: start LeaderElection
2019-10-17 02:18:57,439 [bf166244-8880-4b0f-9be5-11fb29082dcb@group-5A011987FEB2-LeaderElection20] INFO  impl.LeaderElection (LeaderElection.java:askForVotes(178)) - bf166244-8880-4b0f-9be5-11fb29082dcb@group-5A011987FEB2-LeaderElection20: begin an election at term 14 for -1: [bf166244-8880-4b0f-9be5-11fb29082dcb:192.168.157.194:44285, 33d40637-531b-47e9-8a2e-802b577efd6f:192.168.157.194:40644, 389ddf04-1777-44a1-860a-c678eeab2358:192.168.157.194:44119], old=null
2019-10-17 02:18:57,441 [grpc-default-executor-3] INFO  impl.RaftServerImpl (RaftServerImpl.java:setRole(184)) - 33d40637-531b-47e9-8a2e-802b577efd6f@group-5A011987FEB2: changes role from  FOLLOWER to FOLLOWER at term 14 for recognizeCandidate:bf166244-8880-4b0f-9be5-11fb29082dcb
2019-10-17 02:18:57,441 [grpc-default-executor-3] INFO  impl.RoleInfo (RoleInfo.java:shutdownFollowerState(121)) - 33d40637-531b-47e9-8a2e-802b577efd6f: shutdown FollowerState
2019-10-17 02:18:57,441 [grpc-default-executor-1] INFO  impl.RaftServerImpl (RaftServerImpl.java:setRole(184)) - 389ddf04-1777-44a1-860a-c678eeab2358@group-5A011987FEB2: changes role from  FOLLOWER to FOLLOWER at term 14 for recognizeCandidate:bf166244-8880-4b0f-9be5-11fb29082dcb
2019-10-17 02:18:57,442 [Thread-563] INFO  impl.FollowerState (FollowerState.java:run(117)) - 33d40637-531b-47e9-8a2e-802b577efd6f@group-5A011987FEB2-FollowerState was interrupted: java.lang.InterruptedException: sleep interrupted
2019-10-17 02:18:57,442 [grpc-default-executor-3] INFO  impl.RoleInfo (RoleInfo.java:updateAndGet(143)) - 33d40637-531b-47e9-8a2e-802b577efd6f: start FollowerState
2019-10-17 02:18:57,442 [grpc-default-executor-1] INFO  impl.RoleInfo (RoleInfo.java:shutdownFollowerState(121)) - 389ddf04-1777-44a1-860a-c678eeab2358: shutdown FollowerState
2019-10-17 02:18:57,442 [grpc-default-executor-1] INFO  impl.RoleInfo (RoleInfo.java:updateAndGet(143)) - 389ddf04-1777-44a1-860a-c678eeab2358: start FollowerState
2019-10-17 02:18:57,442 [Thread-562] INFO  impl.FollowerState (FollowerState.java:run(117)) - 389ddf04-1777-44a1-860a-c678eeab2358@group-5A011987FEB2-FollowerState was interrupted: java.lang.InterruptedException: sleep interrupted
2019-10-17 02:18:57,470 [bf166244-8880-4b0f-9be5-11fb29082dcb@group-5A011987FEB2-LeaderElection20] INFO  impl.LeaderElection (LeaderElection.java:logAndReturn(56)) - bf166244-8880-4b0f-9be5-11fb29082dcb@group-5A011987FEB2-LeaderElection20: Election REJECTED; received 2 response(s) [bf166244-8880-4b0f-9be5-11fb29082dcb<-389ddf04-1777-44a1-860a-c678eeab2358#0:FAIL-t14, bf166244-8880-4b0f-9be5-11fb29082dcb<-33d40637-531b-47e9-8a2e-802b577efd6f#0:FAIL-t14] and 0 exception(s); bf166244-8880-4b0f-9be5-11fb29082dcb@group-5A011987FEB2:t14, leader=null, voted=bf166244-8880-4b0f-9be5-11fb29082dcb, raftlog=bf166244-8880-4b0f-9be5-11fb29082dcb@group-5A011987FEB2-SegmentedRaftLog:OPENED:c-1,f-1,i0, conf=-1: [bf166244-8880-4b0f-9be5-11fb29082dcb:192.168.157.194:44285, 33d40637-531b-47e9-8a2e-802b577efd6f:192.168.157.194:40644, 389ddf04-1777-44a1-860a-c678eeab2358:192.168.157.194:44119], old=null
2019-10-17 02:18:57,470 [bf166244-8880-4b0f-9be5-11fb29082dcb@group-5A011987FEB2-LeaderElection20] INFO  impl.RaftServerImpl (RaftServerImpl.java:setRole(184)) - bf166244-8880-4b0f-9be5-11fb29082dcb@group-5A011987FEB2: changes role from CANDIDATE to FOLLOWER at term 14 for DISCOVERED_A_NEW_TERM
2019-10-17 02:18:57,470 [bf166244-8880-4b0f-9be5-11fb29082dcb@group-5A011987FEB2-LeaderElection20] INFO  impl.RoleInfo (RoleInfo.java:shutdownLeaderElection(134)) - bf166244-8880-4b0f-9be5-11fb29082dcb: shutdown LeaderElection
2019-10-17 02:18:57,470 [bf166244-8880-4b0f-9be5-11fb29082dcb@group-5A011987FEB2-LeaderElection20] INFO  impl.RoleInfo (RoleInfo.java:updateAndGet(143)) - bf166244-8880-4b0f-9be5-11fb29082dcb: start FollowerState
 0.00% |?                                                                                                    |  0/1 Time: 0:00:022019-10-17 02:18:57,646 [Thread-570] INFO  impl.FollowerState (FollowerState.java:run(108)) - bf166244-8880-4b0f-9be5-11fb29082dcb@group-5A011987FEB2-FollowerState: change to CANDIDATE, lastRpcTime:175ms, electionTimeout:175ms
2019-10-17 02:18:57,648 [Thread-570] INFO  impl.RoleInfo (RoleInfo.java:shutdownFollowerState(121)) - bf166244-8880-4b0f-9be5-11fb29082dcb: shutdown FollowerState
2019-10-17 02:18:57,648 [Thread-570] INFO  impl.RaftServerImpl (RaftServerImpl.java:setRole(184)) - bf166244-8880-4b0f-9be5-11fb29082dcb@group-5A011987FEB2: changes role from  FOLLOWER to CANDIDATE at term 14 for changeToCandidate
2019-10-17 02:18:57,648 [Thread-570] INFO  impl.RoleInfo (RoleInfo.java:updateAndGet(143)) - bf166244-8880-4b0f-9be5-11fb29082dcb: start LeaderElection
2019-10-17 02:18:57,662 [bf166244-8880-4b0f-9be5-11fb29082dcb@group-5A011987FEB2-LeaderElection21] INFO  impl.LeaderElection (LeaderElection.java:askForVotes(178)) - bf166244-8880-4b0f-9be5-11fb29082dcb@group-5A011987FEB2-LeaderElection21: begin an election at term 15 for -1: [bf166244-8880-4b0f-9be5-11fb29082dcb:192.168.157.194:44285, 33d40637-531b-47e9-8a2e-802b577efd6f:192.168.157.194:40644, 389ddf04-1777-44a1-860a-c678eeab2358:192.168.157.194:44119], old=null
2019-10-17 02:18:57,665 [grpc-default-executor-1] INFO  impl.RaftServerImpl (RaftServerImpl.java:setRole(184)) - 389ddf04-1777-44a1-860a-c678eeab2358@group-5A011987FEB2: changes role from  FOLLOWER to FOLLOWER at term 15 for recognizeCandidate:bf166244-8880-4b0f-9be5-11fb29082dcb
2019-10-17 02:18:57,665 [grpc-default-executor-3] INFO  impl.RaftServerImpl (RaftServerImpl.java:setRole(184)) - 33d40637-531b-47e9-8a2e-802b577efd6f@group-5A011987FEB2: changes role from  FOLLOWER to FOLLOWER at term 15 for recognizeCandidate:bf166244-8880-4b0f-9be5-11fb29082dcb
2019-10-17 02:18:57,665 [grpc-default-executor-1] INFO  impl.RoleInfo (RoleInfo.java:shutdownFollowerState(121)) - 389ddf04-1777-44a1-860a-c678eeab2358: shutdown FollowerState
2019-10-17 02:18:57,666 [grpc-default-executor-3] INFO  impl.RoleInfo (RoleInfo.java:shutdownFollowerState(121)) - 33d40637-531b-47e9-8a2e-802b577efd6f: shutdown FollowerState
2019-10-17 02:18:57,666 [grpc-default-executor-1] INFO  impl.RoleInfo (RoleInfo.java:updateAndGet(143)) - 389ddf04-1777-44a1-860a-c678eeab2358: start FollowerState
2019-10-17 02:18:57,666 [Thread-569] INFO  impl.FollowerState (FollowerState.java:run(117)) - 389ddf04-1777-44a1-860a-c678eeab2358@group-5A011987FEB2-FollowerState was interrupted: java.lang.InterruptedException: sleep interrupted
2019-10-17 02:18:57,666 [Thread-568] INFO  impl.FollowerState (FollowerState.java:run(117)) - 33d40637-531b-47e9-8a2e-802b577efd6f@group-5A011987FEB2-FollowerState was interrupted: java.lang.InterruptedException: sleep interrupted
2019-10-17 02:18:57,666 [grpc-default-executor-3] INFO  impl.RoleInfo (RoleInfo.java:updateAndGet(143)) - 33d40637-531b-47e9-8a2e-802b577efd6f: start FollowerState
2019-10-17 02:18:57,681 [bf166244-8880-4b0f-9be5-11fb29082dcb@group-5A011987FEB2-LeaderElection21] INFO  impl.LeaderElection (LeaderElection.java:logAndReturn(56)) - bf166244-8880-4b0f-9be5-11fb29082dcb@group-5A011987FEB2-LeaderElection21: Election REJECTED; received 2 response(s) [bf166244-8880-4b0f-9be5-11fb29082dcb<-389ddf04-1777-44a1-860a-c678eeab2358#0:FAIL-t15, bf166244-8880-4b0f-9be5-11fb29082dcb<-33d40637-531b-47e9-8a2e-802b577efd6f#0:FAIL-t15] and 0 exception(s); bf166244-8880-4b0f-9be5-11fb29082dcb@group-5A011987FEB2:t15, leader=null, voted=bf166244-8880-4b0f-9be5-11fb29082dcb, raftlog=bf166244-8880-4b0f-9be5-11fb29082dcb@group-5A011987FEB2-SegmentedRaftLog:OPENED:c-1,f-1,i0, conf=-1: [bf166244-8880-4b0f-9be5-11fb29082dcb:192.168.157.194:44285, 33d40637-531b-47e9-8a2e-802b577efd6f:192.168.157.194:40644, 389ddf04-1777-44a1-860a-c678eeab2358:192.168.157.194:44119], old=null
2019-10-17 02:18:57,681 [bf166244-8880-4b0f-9be5-11fb29082dcb@group-5A011987FEB2-LeaderElection21] INFO  impl.RaftServerImpl (RaftServerImpl.java:setRole(184)) - bf166244-8880-4b0f-9be5-11fb29082dcb@group-5A011987FEB2: changes role from CANDIDATE to FOLLOWER at term 15 for DISCOVERED_A_NEW_TERM
2019-10-17 02:18:57,682 [bf166244-8880-4b0f-9be5-11fb29082dcb@group-5A011987FEB2-LeaderElection21] INFO  impl.RoleInfo (RoleInfo.java:shutdownLeaderElection(134)) - bf166244-8880-4b0f-9be5-11fb29082dcb: shutdown LeaderElection
2019-10-17 02:18:57,682 [bf166244-8880-4b0f-9be5-11fb29082dcb@group-5A011987FEB2-LeaderElection21] INFO  impl.RoleInfo (RoleInfo.java:updateAndGet(143)) - bf166244-8880-4b0f-9be5-11fb29082dcb: start FollowerState
2019-10-17 02:18:57,834 [Thread-576] INFO  impl.FollowerState (FollowerState.java:run(108)) - bf166244-8880-4b0f-9be5-11fb29082dcb@group-5A011987FEB2-FollowerState: change to CANDIDATE, lastRpcTime:152ms, electionTimeout:152ms
2019-10-17 02:18:57,836 [Thread-576] INFO  impl.RoleInfo (RoleInfo.java:shutdownFollowerState(121)) - bf166244-8880-4b0f-9be5-11fb29082dcb: shutdown FollowerState
2019-10-17 02:18:57,836 [Thread-576] INFO  impl.RaftServerImpl (RaftServerImpl.java:setRole(184)) - bf166244-8880-4b0f-9be5-11fb29082dcb@group-5A011987FEB2: changes role from  FOLLOWER to CANDIDATE at term 15 for changeToCandidate
2019-10-17 02:18:57,836 [Thread-576] INFO  impl.RoleInfo (RoleInfo.java:updateAndGet(143)) - bf166244-8880-4b0f-9be5-11fb29082dcb: start LeaderElection
2019-10-17 02:18:57,850 [bf166244-8880-4b0f-9be5-11fb29082dcb@group-5A011987FEB2-LeaderElection22] INFO  impl.LeaderElection (LeaderElection.java:askForVotes(178)) - bf166244-8880-4b0f-9be5-11fb29082dcb@group-5A011987FEB2-LeaderElection22: begin an election at term 16 for -1: [bf166244-8880-4b0f-9be5-11fb29082dcb:192.168.157.194:44285, 33d40637-531b-47e9-8a2e-802b577efd6f:192.168.157.194:40644, 389ddf04-1777-44a1-860a-c678eeab2358:192.168.157.194:44119], old=null
2019-10-17 02:18:57,852 [grpc-default-executor-3] INFO  impl.RaftServerImpl (RaftServerImpl.java:setRole(184)) - 33d40637-531b-47e9-8a2e-802b577efd6f@group-5A011987FEB2: changes role from  FOLLOWER to FOLLOWER at term 16 for recognizeCandidate:bf166244-8880-4b0f-9be5-11fb29082dcb
2019-10-17 02:18:57,852 [grpc-default-executor-1] INFO  impl.RaftServerImpl (RaftServerImpl.java:setRole(184)) - 389ddf04-1777-44a1-860a-c678eeab2358@group-5A011987FEB2: changes role from  FOLLOWER to FOLLOWER at term 16 for recognizeCandidate:bf166244-8880-4b0f-9be5-11fb29082dcb
2019-10-17 02:18:57,852 [grpc-default-executor-3] INFO  impl.RoleInfo (RoleInfo.java:shutdownFollowerState(121)) - 33d40637-531b-47e9-8a2e-802b577efd6f: shutdown FollowerState
2019-10-17 02:18:57,853 [grpc-default-executor-1] INFO  impl.RoleInfo (RoleInfo.java:shutdownFollowerState(121)) - 389ddf04-1777-44a1-860a-c678eeab2358: shutdown FollowerState
2019-10-17 02:18:57,853 [Thread-575] INFO  impl.FollowerState (FollowerState.java:run(117)) - 33d40637-531b-47e9-8a2e-802b577efd6f@group-5A011987FEB2-FollowerState was interrupted: java.lang.InterruptedException: sleep interrupted
2019-10-17 02:18:57,853 [grpc-default-executor-3] INFO  impl.RoleInfo (RoleInfo.java:updateAndGet(143)) - 33d40637-531b-47e9-8a2e-802b577efd6f: start FollowerState
2019-10-17 02:18:57,853 [grpc-default-executor-1] INFO  impl.RoleInfo (RoleInfo.java:updateAndGet(143)) - 389ddf04-1777-44a1-860a-c678eeab2358: start FollowerState
2019-10-17 02:18:57,853 [Thread-574] INFO  impl.FollowerState (FollowerState.java:run(117)) - 389ddf04-1777-44a1-860a-c678eeab2358@group-5A011987FEB2-FollowerState was interrupted: java.lang.InterruptedException: sleep interrupted
2019-10-17 02:18:57,876 [bf166244-8880-4b0f-9be5-11fb29082dcb@group-5A011987FEB2-LeaderElection22] INFO  impl.LeaderElection (LeaderElection.java:logAndReturn(56)) - bf166244-8880-4b0f-9be5-11fb29082dcb@group-5A011987FEB2-LeaderElection22: Election REJECTED; received 2 response(s) [bf166244-8880-4b0f-9be5-11fb29082dcb<-33d40637-531b-47e9-8a2e-802b577efd6f#0:FAIL-t16, bf166244-8880-4b0f-9be5-11fb29082dcb<-389ddf04-1777-44a1-860a-c678eeab2358#0:FAIL-t16] and 0 exception(s); bf166244-8880-4b0f-9be5-11fb29082dcb@group-5A011987FEB2:t16, leader=null, voted=bf166244-8880-4b0f-9be5-11fb29082dcb, raftlog=bf166244-8880-4b0f-9be5-11fb29082dcb@group-5A011987FEB2-SegmentedRaftLog:OPENED:c-1,f-1,i0, conf=-1: [bf166244-8880-4b0f-9be5-11fb29082dcb:192.168.157.194:44285, 33d40637-531b-47e9-8a2e-802b577efd6f:192.168.157.194:40644, 389ddf04-1777-44a1-860a-c678eeab2358:192.168.157.194:44119], old=null
2019-10-17 02:18:57,876 [bf166244-8880-4b0f-9be5-11fb29082dcb@group-5A011987FEB2-LeaderElection22] INFO  impl.RaftServerImpl (RaftServerImpl.java:setRole(184)) - bf166244-8880-4b0f-9be5-11fb29082dcb@group-5A011987FEB2: changes role from CANDIDATE to FOLLOWER at term 16 for DISCOVERED_A_NEW_TERM
2019-10-17 02:18:57,876 [bf166244-8880-4b0f-9be5-11fb29082dcb@group-5A011987FEB2-LeaderElection22] INFO  impl.RoleInfo (RoleInfo.java:shutdownLeaderElection(134)) - bf166244-8880-4b0f-9be5-11fb29082dcb: shutdown LeaderElection
2019-10-17 02:18:57,877 [bf166244-8880-4b0f-9be5-11fb29082dcb@group-5A011987FEB2-LeaderElection22] INFO  impl.RoleInfo (RoleInfo.java:updateAndGet(143)) - bf166244-8880-4b0f-9be5-11fb29082dcb: start FollowerState
2019-10-17 02:18:57,973 [Thread-582] INFO  impl.FollowerState (FollowerState.java:run(108)) - bf166244-8880-4b0f-9be5-11fb29082dcb@group-5A011987FEB2-FollowerState: change to CANDIDATE, lastRpcTime:96ms, electionTimeout:96ms
2019-10-17 02:18:57,975 [Thread-582] INFO  impl.RoleInfo (RoleInfo.java:shutdownFollowerState(121)) - bf166244-8880-4b0f-9be5-11fb29082dcb: shutdown FollowerState
2019-10-17 02:18:57,975 [Thread-582] INFO  impl.RaftServerImpl (RaftServerImpl.java:setRole(184)) - bf166244-8880-4b0f-9be5-11fb29082dcb@group-5A011987FEB2: changes role from  FOLLOWER to CANDIDATE at term 16 for changeToCandidate
2019-10-17 02:18:57,975 [Thread-582] INFO  impl.RoleInfo (RoleInfo.java:updateAndGet(143)) - bf166244-8880-4b0f-9be5-11fb29082dcb: start LeaderElection
2019-10-17 02:18:57,989 [bf166244-8880-4b0f-9be5-11fb29082dcb@group-5A011987FEB2-LeaderElection23] INFO  impl.LeaderElection (LeaderElection.java:askForVotes(178)) - bf166244-8880-4b0f-9be5-11fb29082dcb@group-5A011987FEB2-LeaderElection23: begin an election at term 17 for -1: [bf166244-8880-4b0f-9be5-11fb29082dcb:192.168.157.194:44285, 33d40637-531b-47e9-8a2e-802b577efd6f:192.168.157.194:40644, 389ddf04-1777-44a1-860a-c678eeab2358:192.168.157.194:44119], old=null
2019-10-17 02:18:57,994 [grpc-default-executor-3] INFO  impl.RaftServerImpl (RaftServerImpl.java:setRole(184)) - 33d40637-531b-47e9-8a2e-802b577efd6f@group-5A011987FEB2: changes role from  FOLLOWER to FOLLOWER at term 17 for recognizeCandidate:bf166244-8880-4b0f-9be5-11fb29082dcb
2019-10-17 02:18:57,994 [grpc-default-executor-1] INFO  impl.RaftServerImpl (RaftServerImpl.java:setRole(184)) - 389ddf04-1777-44a1-860a-c678eeab2358@group-5A011987FEB2: changes role from  FOLLOWER to FOLLOWER at term 17 for recognizeCandidate:bf166244-8880-4b0f-9be5-11fb29082dcb
2019-10-17 02:18:57,994 [grpc-default-executor-3] INFO  impl.RoleInfo (RoleInfo.java:shutdownFollowerState(121)) - 33d40637-531b-47e9-8a2e-802b577efd6f: shutdown FollowerState
2019-10-17 02:18:57,994 [grpc-default-executor-1] INFO  impl.RoleInfo (RoleInfo.java:shutdownFollowerState(121)) - 389ddf04-1777-44a1-860a-c678eeab2358: shutdown FollowerState
2019-10-17 02:18:57,995 [Thread-580] INFO  impl.FollowerState (FollowerState.java:run(117)) - 33d40637-531b-47e9-8a2e-802b577efd6f@group-5A011987FEB2-FollowerState was interrupted: java.lang.InterruptedException: sleep interrupted
2019-10-17 02:18:57,995 [Thread-581] INFO  impl.FollowerState (FollowerState.java:run(117)) - 389ddf04-1777-44a1-860a-c678eeab2358@group-5A011987FEB2-FollowerState was interrupted: java.lang.InterruptedException: sleep interrupted
2019-10-17 02:18:57,994 [grpc-default-executor-3] INFO  impl.RoleInfo (RoleInfo.java:updateAndGet(143)) - 33d40637-531b-47e9-8a2e-802b577efd6f: start FollowerState
2019-10-17 02:18:57,995 [grpc-default-executor-1] INFO  impl.RoleInfo (RoleInfo.java:updateAndGet(143)) - 389ddf04-1777-44a1-860a-c678eeab2358: start FollowerState
2019-10-17 02:18:58,011 [bf166244-8880-4b0f-9be5-11fb29082dcb@group-5A011987FEB2-LeaderElection23] INFO  impl.LeaderElection (LeaderElection.java:logAndReturn(56)) - bf166244-8880-4b0f-9be5-11fb29082dcb@group-5A011987FEB2-LeaderElection23: Election REJECTED; received 2 response(s) [bf166244-8880-4b0f-9be5-11fb29082dcb<-33d40637-531b-47e9-8a2e-802b577efd6f#0:FAIL-t17, bf166244-8880-4b0f-9be5-11fb29082dcb<-389ddf04-1777-44a1-860a-c678eeab2358#0:FAIL-t17] and 0 exception(s); bf166244-8880-4b0f-9be5-11fb29082dcb@group-5A011987FEB2:t17, leader=null, voted=bf166244-8880-4b0f-9be5-11fb29082dcb, raftlog=bf166244-8880-4b0f-9be5-11fb29082dcb@group-5A011987FEB2-SegmentedRaftLog:OPENED:c-1,f-1,i0, conf=-1: [bf166244-8880-4b0f-9be5-11fb29082dcb:192.168.157.194:44285, 33d40637-531b-47e9-8a2e-802b577efd6f:192.168.157.194:40644, 389ddf04-1777-44a1-860a-c678eeab2358:192.168.157.194:44119], old=null
2019-10-17 02:18:58,011 [bf166244-8880-4b0f-9be5-11fb29082dcb@group-5A011987FEB2-LeaderElection23] INFO  impl.RaftServerImpl (RaftServerImpl.java:setRole(184)) - bf166244-8880-4b0f-9be5-11fb29082dcb@group-5A011987FEB2: changes role from CANDIDATE to FOLLOWER at term 17 for DISCOVERED_A_NEW_TERM
2019-10-17 02:18:58,011 [bf166244-8880-4b0f-9be5-11fb29082dcb@group-5A011987FEB2-LeaderElection23] INFO  impl.RoleInfo (RoleInfo.java:shutdownLeaderElection(134)) - bf166244-8880-4b0f-9be5-11fb29082dcb: shutdown LeaderElection
2019-10-17 02:18:58,011 [bf166244-8880-4b0f-9be5-11fb29082dcb@group-5A011987FEB2-LeaderElection23] INFO  impl.RoleInfo (RoleInfo.java:updateAndGet(143)) - bf166244-8880-4b0f-9be5-11fb29082dcb: start FollowerState
2019-10-17 02:18:58,110 [Thread-588] INFO  impl.FollowerState (FollowerState.java:run(108)) - bf166244-8880-4b0f-9be5-11fb29082dcb@group-5A011987FEB2-FollowerState: change to CANDIDATE, lastRpcTime:98ms, electionTimeout:98ms
2019-10-17 02:18:58,111 [Thread-588] INFO  impl.RoleInfo (RoleInfo.java:shutdownFollowerState(121)) - bf166244-8880-4b0f-9be5-11fb29082dcb: shutdown FollowerState
2019-10-17 02:18:58,111 [Thread-588] INFO  impl.RaftServerImpl (RaftServerImpl.java:setRole(184)) - bf166244-8880-4b0f-9be5-11fb29082dcb@group-5A011987FEB2: changes role from  FOLLOWER to CANDIDATE at term 17 for changeToCandidate
2019-10-17 02:18:58,112 [Thread-588] INFO  impl.RoleInfo (RoleInfo.java:updateAndGet(143)) - bf166244-8880-4b0f-9be5-11fb29082dcb: start LeaderElection
2019-10-17 02:18:58,126 [bf166244-8880-4b0f-9be5-11fb29082dcb@group-5A011987FEB2-LeaderElection24] INFO  impl.LeaderElection (LeaderElection.java:askForVotes(178)) - bf166244-8880-4b0f-9be5-11fb29082dcb@group-5A011987FEB2-LeaderElection24: begin an election at term 18 for -1: [bf166244-8880-4b0f-9be5-11fb29082dcb:192.168.157.194:44285, 33d40637-531b-47e9-8a2e-802b577efd6f:192.168.157.194:40644, 389ddf04-1777-44a1-860a-c678eeab2358:192.168.157.194:44119], old=null
2019-10-17 02:18:58,129 [grpc-default-executor-1] INFO  impl.RaftServerImpl (RaftServerImpl.java:setRole(184)) - 33d40637-531b-47e9-8a2e-802b577efd6f@group-5A011987FEB2: changes role from  FOLLOWER to FOLLOWER at term 18 for recognizeCandidate:bf166244-8880-4b0f-9be5-11fb29082dcb
2019-10-17 02:18:58,129 [grpc-default-executor-3] INFO  impl.RaftServerImpl (RaftServerImpl.java:setRole(184)) - 389ddf04-1777-44a1-860a-c678eeab2358@group-5A011987FEB2: changes role from  FOLLOWER to FOLLOWER at term 18 for recognizeCandidate:bf166244-8880-4b0f-9be5-11fb29082dcb
2019-10-17 02:18:58,129 [grpc-default-executor-1] INFO  impl.RoleInfo (RoleInfo.java:shutdownFollowerState(121)) - 33d40637-531b-47e9-8a2e-802b577efd6f: shutdown FollowerState
2019-10-17 02:18:58,129 [grpc-default-executor-3] INFO  impl.RoleInfo (RoleInfo.java:shutdownFollowerState(121)) - 389ddf04-1777-44a1-860a-c678eeab2358: shutdown FollowerState
2019-10-17 02:18:58,129 [Thread-586] INFO  impl.FollowerState (FollowerState.java:run(117)) - 33d40637-531b-47e9-8a2e-802b577efd6f@group-5A011987FEB2-FollowerState was interrupted: java.lang.InterruptedException: sleep interrupted
2019-10-17 02:18:58,129 [grpc-default-executor-1] INFO  impl.RoleInfo (RoleInfo.java:updateAndGet(143)) - 33d40637-531b-47e9-8a2e-802b577efd6f: start FollowerState
2019-10-17 02:18:58,129 [Thread-587] INFO  impl.FollowerState (FollowerState.java:run(117)) - 389ddf04-1777-44a1-860a-c678eeab2358@group-5A011987FEB2-FollowerState was interrupted: java.lang.InterruptedException: sleep interrupted
2019-10-17 02:18:58,129 [grpc-default-executor-3] INFO  impl.RoleInfo (RoleInfo.java:updateAndGet(143)) - 389ddf04-1777-44a1-860a-c678eeab2358: start FollowerState
2019-10-17 02:18:58,144 [bf166244-8880-4b0f-9be5-11fb29082dcb@group-5A011987FEB2-LeaderElection24] INFO  impl.LeaderElection (LeaderElection.java:logAndReturn(56)) - bf166244-8880-4b0f-9be5-11fb29082dcb@group-5A011987FEB2-LeaderElection24: Election REJECTED; received 2 response(s) [bf166244-8880-4b0f-9be5-11fb29082dcb<-389ddf04-1777-44a1-860a-c678eeab2358#0:FAIL-t18, bf166244-8880-4b0f-9be5-11fb29082dcb<-33d40637-531b-47e9-8a2e-802b577efd6f#0:FAIL-t18] and 0 exception(s); bf166244-8880-4b0f-9be5-11fb29082dcb@group-5A011987FEB2:t18, leader=null, voted=bf166244-8880-4b0f-9be5-11fb29082dcb, raftlog=bf166244-8880-4b0f-9be5-11fb29082dcb@group-5A011987FEB2-SegmentedRaftLog:OPENED:c-1,f-1,i0, conf=-1: [bf166244-8880-4b0f-9be5-11fb29082dcb:192.168.157.194:44285, 33d40637-531b-47e9-8a2e-802b577efd6f:192.168.157.194:40644, 389ddf04-1777-44a1-860a-c678eeab2358:192.168.157.194:44119], old=null
2019-10-17 02:18:58,145 [bf166244-8880-4b0f-9be5-11fb29082dcb@group-5A011987FEB2-LeaderElection24] INFO  impl.RaftServerImpl (RaftServerImpl.java:setRole(184)) - bf166244-8880-4b0f-9be5-11fb29082dcb@group-5A011987FEB2: changes role from CANDIDATE to FOLLOWER at term 18 for DISCOVERED_A_NEW_TERM
2019-10-17 02:18:58,145 [bf166244-8880-4b0f-9be5-11fb29082dcb@group-5A011987FEB2-LeaderElection24] INFO  impl.RoleInfo (RoleInfo.java:shutdownLeaderElection(134)) - bf166244-8880-4b0f-9be5-11fb29082dcb: shutdown LeaderElection
2019-10-17 02:18:58,145 [bf166244-8880-4b0f-9be5-11fb29082dcb@group-5A011987FEB2-LeaderElection24] INFO  impl.RoleInfo (RoleInfo.java:updateAndGet(143)) - bf166244-8880-4b0f-9be5-11fb29082dcb: start FollowerState
2019-10-17 02:18:58,295 [Thread-594] INFO  impl.FollowerState (FollowerState.java:run(108)) - bf166244-8880-4b0f-9be5-11fb29082dcb@group-5A011987FEB2-FollowerState: change to CANDIDATE, lastRpcTime:150ms, electionTimeout:150ms
2019-10-17 02:18:58,297 [Thread-594] INFO  impl.RoleInfo (RoleInfo.java:shutdownFollowerState(121)) - bf166244-8880-4b0f-9be5-11fb29082dcb: shutdown FollowerState
2019-10-17 02:18:58,297 [Thread-594] INFO  impl.RaftServerImpl (RaftServerImpl.java:setRole(184)) - bf166244-8880-4b0f-9be5-11fb29082dcb@group-5A011987FEB2: changes role from  FOLLOWER to CANDIDATE at term 18 for changeToCandidate
2019-10-17 02:18:58,297 [Thread-594] INFO  impl.RoleInfo (RoleInfo.java:updateAndGet(143)) - bf166244-8880-4b0f-9be5-11fb29082dcb: start LeaderElection
2019-10-17 02:18:58,323 [bf166244-8880-4b0f-9be5-11fb29082dcb@group-5A011987FEB2-LeaderElection25] INFO  impl.LeaderElection (LeaderElection.java:askForVotes(178)) - bf166244-8880-4b0f-9be5-11fb29082dcb@group-5A011987FEB2-LeaderElection25: begin an election at term 19 for -1: [bf166244-8880-4b0f-9be5-11fb29082dcb:192.168.157.194:44285, 33d40637-531b-47e9-8a2e-802b577efd6f:192.168.157.194:40644, 389ddf04-1777-44a1-860a-c678eeab2358:192.168.157.194:44119], old=null
2019-10-17 02:18:58,326 [grpc-default-executor-3] INFO  impl.RaftServerImpl (RaftServerImpl.java:setRole(184)) - 33d40637-531b-47e9-8a2e-802b577efd6f@group-5A011987FEB2: changes role from  FOLLOWER to FOLLOWER at term 19 for recognizeCandidate:bf166244-8880-4b0f-9be5-11fb29082dcb
2019-10-17 02:18:58,326 [grpc-default-executor-1] INFO  impl.RaftServerImpl (RaftServerImpl.java:setRole(184)) - 389ddf04-1777-44a1-860a-c678eeab2358@group-5A011987FEB2: changes role from  FOLLOWER to FOLLOWER at term 19 for recognizeCandidate:bf166244-8880-4b0f-9be5-11fb29082dcb
2019-10-17 02:18:58,326 [grpc-default-executor-3] INFO  impl.RoleInfo (RoleInfo.java:shutdownFollowerState(121)) - 33d40637-531b-47e9-8a2e-802b577efd6f: shutdown FollowerState
2019-10-17 02:18:58,326 [grpc-default-executor-1] INFO  impl.RoleInfo (RoleInfo.java:shutdownFollowerState(121)) - 389ddf04-1777-44a1-860a-c678eeab2358: shutdown FollowerState
2019-10-17 02:18:58,326 [Thread-592] INFO  impl.FollowerState (FollowerState.java:run(117)) - 33d40637-531b-47e9-8a2e-802b577efd6f@group-5A011987FEB2-FollowerState was interrupted: java.lang.InterruptedException: sleep interrupted
2019-10-17 02:18:58,326 [grpc-default-executor-3] INFO  impl.RoleInfo (RoleInfo.java:updateAndGet(143)) - 33d40637-531b-47e9-8a2e-802b577efd6f: start FollowerState
2019-10-17 02:18:58,326 [Thread-593] INFO  impl.FollowerState (FollowerState.java:run(117)) - 389ddf04-1777-44a1-860a-c678eeab2358@group-5A011987FEB2-FollowerState was interrupted: java.lang.InterruptedException: sleep interrupted
2019-10-17 02:18:58,326 [grpc-default-executor-1] INFO  impl.RoleInfo (RoleInfo.java:updateAndGet(143)) - 389ddf04-1777-44a1-860a-c678eeab2358: start FollowerState
2019-10-17 02:18:58,341 [bf166244-8880-4b0f-9be5-11fb29082dcb@group-5A011987FEB2-LeaderElection25] INFO  impl.LeaderElection (LeaderElection.java:logAndReturn(56)) - bf166244-8880-4b0f-9be5-11fb29082dcb@group-5A011987FEB2-LeaderElection25: Election REJECTED; received 2 response(s) [bf166244-8880-4b0f-9be5-11fb29082dcb<-389ddf04-1777-44a1-860a-c678eeab2358#0:FAIL-t19, bf166244-8880-4b0f-9be5-11fb29082dcb<-33d40637-531b-47e9-8a2e-802b577efd6f#0:FAIL-t19] and 0 exception(s); bf166244-8880-4b0f-9be5-11fb29082dcb@group-5A011987FEB2:t19, leader=null, voted=bf166244-8880-4b0f-9be5-11fb29082dcb, raftlog=bf166244-8880-4b0f-9be5-11fb29082dcb@group-5A011987FEB2-SegmentedRaftLog:OPENED:c-1,f-1,i0, conf=-1: [bf166244-8880-4b0f-9be5-11fb29082dcb:192.168.157.194:44285, 33d40637-531b-47e9-8a2e-802b577efd6f:192.168.157.194:40644, 389ddf04-1777-44a1-860a-c678eeab2358:192.168.157.194:44119], old=null
2019-10-17 02:18:58,342 [bf166244-8880-4b0f-9be5-11fb29082dcb@group-5A011987FEB2-LeaderElection25] INFO  impl.RaftServerImpl (RaftServerImpl.java:setRole(184)) - bf166244-8880-4b0f-9be5-11fb29082dcb@group-5A011987FEB2: changes role from CANDIDATE to FOLLOWER at term 19 for DISCOVERED_A_NEW_TERM
2019-10-17 02:18:58,342 [bf166244-8880-4b0f-9be5-11fb29082dcb@group-5A011987FEB2-LeaderElection25] INFO  impl.RoleInfo (RoleInfo.java:shutdownLeaderElection(134)) - bf166244-8880-4b0f-9be5-11fb29082dcb: shutdown LeaderElection
2019-10-17 02:18:58,342 [bf166244-8880-4b0f-9be5-11fb29082dcb@group-5A011987FEB2-LeaderElection25] INFO  impl.RoleInfo (RoleInfo.java:updateAndGet(143)) - bf166244-8880-4b0f-9be5-11fb29082dcb: start FollowerState
2019-10-17 02:18:58,487 [Thread-600] INFO  impl.FollowerState (FollowerState.java:run(108)) - bf166244-8880-4b0f-9be5-11fb29082dcb@group-5A011987FEB2-FollowerState: change to CANDIDATE, lastRpcTime:144ms, electionTimeout:144ms
2019-10-17 02:18:58,488 [Thread-600] INFO  impl.RoleInfo (RoleInfo.java:shutdownFollowerState(121)) - bf166244-8880-4b0f-9be5-11fb29082dcb: shutdown FollowerState
2019-10-17 02:18:58,488 [Thread-600] INFO  impl.RaftServerImpl (RaftServerImpl.java:setRole(184)) - bf166244-8880-4b0f-9be5-11fb29082dcb@group-5A011987FEB2: changes role from  FOLLOWER to CANDIDATE at term 19 for changeToCandidate
2019-10-17 02:18:58,489 [Thread-600] INFO  impl.RoleInfo (RoleInfo.java:updateAndGet(143)) - bf166244-8880-4b0f-9be5-11fb29082dcb: start LeaderElection
2019-10-17 02:18:58,502 [bf166244-8880-4b0f-9be5-11fb29082dcb@group-5A011987FEB2-LeaderElection26] INFO  impl.LeaderElection (LeaderElection.java:askForVotes(178)) - bf166244-8880-4b0f-9be5-11fb29082dcb@group-5A011987FEB2-LeaderElection26: begin an election at term 20 for -1: [bf166244-8880-4b0f-9be5-11fb29082dcb:192.168.157.194:44285, 33d40637-531b-47e9-8a2e-802b577efd6f:192.168.157.194:40644, 389ddf04-1777-44a1-860a-c678eeab2358:192.168.157.194:44119], old=null
2019-10-17 02:18:58,506 [grpc-default-executor-3] INFO  impl.RaftServerImpl (RaftServerImpl.java:setRole(184)) - 33d40637-531b-47e9-8a2e-802b577efd6f@group-5A011987FEB2: changes role from  FOLLOWER to FOLLOWER at term 20 for recognizeCandidate:bf166244-8880-4b0f-9be5-11fb29082dcb
2019-10-17 02:18:58,506 [grpc-default-executor-3] INFO  impl.RoleInfo (RoleInfo.java:shutdownFollowerState(121)) - 33d40637-531b-47e9-8a2e-802b577efd6f: shutdown FollowerState
2019-10-17 02:18:58,506 [grpc-default-executor-1] INFO  impl.RaftServerImpl (RaftServerImpl.java:setRole(184)) - 389ddf04-1777-44a1-860a-c678eeab2358@group-5A011987FEB2: changes role from  FOLLOWER to FOLLOWER at term 20 for recognizeCandidate:bf166244-8880-4b0f-9be5-11fb29082dcb
2019-10-17 02:18:58,506 [Thread-598] INFO  impl.FollowerState (FollowerState.java:run(117)) - 33d40637-531b-47e9-8a2e-802b577efd6f@group-5A011987FEB2-FollowerState was interrupted: java.lang.InterruptedException: sleep interrupted
2019-10-17 02:18:58,506 [grpc-default-executor-3] INFO  impl.RoleInfo (RoleInfo.java:updateAndGet(143)) - 33d40637-531b-47e9-8a2e-802b577efd6f: start FollowerState
2019-10-17 02:18:58,506 [grpc-default-executor-1] INFO  impl.RoleInfo (RoleInfo.java:shutdownFollowerState(121)) - 389ddf04-1777-44a1-860a-c678eeab2358: shutdown FollowerState
2019-10-17 02:18:58,506 [grpc-default-executor-1] INFO  impl.RoleInfo (RoleInfo.java:updateAndGet(143)) - 389ddf04-1777-44a1-860a-c678eeab2358: start FollowerState
2019-10-17 02:18:58,507 [Thread-599] INFO  impl.FollowerState (FollowerState.java:run(117)) - 389ddf04-1777-44a1-860a-c678eeab2358@group-5A011987FEB2-FollowerState was interrupted: java.lang.InterruptedException: sleep interrupted
2019-10-17 02:18:58,532 [bf166244-8880-4b0f-9be5-11fb29082dcb@group-5A011987FEB2-LeaderElection26] INFO  impl.LeaderElection (LeaderElection.java:logAndReturn(56)) - bf166244-8880-4b0f-9be5-11fb29082dcb@group-5A011987FEB2-LeaderElection26: Election REJECTED; received 2 response(s) [bf166244-8880-4b0f-9be5-11fb29082dcb<-389ddf04-1777-44a1-860a-c678eeab2358#0:FAIL-t20, bf166244-8880-4b0f-9be5-11fb29082dcb<-33d40637-531b-47e9-8a2e-802b577efd6f#0:FAIL-t20] and 0 exception(s); bf166244-8880-4b0f-9be5-11fb29082dcb@group-5A011987FEB2:t20, leader=null, voted=bf166244-8880-4b0f-9be5-11fb29082dcb, raftlog=bf166244-8880-4b0f-9be5-11fb29082dcb@group-5A011987FEB2-SegmentedRaftLog:OPENED:c-1,f-1,i0, conf=-1: [bf166244-8880-4b0f-9be5-11fb29082dcb:192.168.157.194:44285, 33d40637-531b-47e9-8a2e-802b577efd6f:192.168.157.194:40644, 389ddf04-1777-44a1-860a-c678eeab2358:192.168.157.194:44119], old=null
2019-10-17 02:18:58,532 [bf166244-8880-4b0f-9be5-11fb29082dcb@group-5A011987FEB2-LeaderElection26] INFO  impl.RaftServerImpl (RaftServerImpl.java:setRole(184)) - bf166244-8880-4b0f-9be5-11fb29082dcb@group-5A011987FEB2: changes role from CANDIDATE to FOLLOWER at term 20 for DISCOVERED_A_NEW_TERM
2019-10-17 02:18:58,533 [bf166244-8880-4b0f-9be5-11fb29082dcb@group-5A011987FEB2-LeaderElection26] INFO  impl.RoleInfo (RoleInfo.java:shutdownLeaderElection(134)) - bf166244-8880-4b0f-9be5-11fb29082dcb: shutdown LeaderElection
2019-10-17 02:18:58,533 [bf166244-8880-4b0f-9be5-11fb29082dcb@group-5A011987FEB2-LeaderElection26] INFO  impl.RoleInfo (RoleInfo.java:updateAndGet(143)) - bf166244-8880-4b0f-9be5-11fb29082dcb: start FollowerState
 0.00% |?                                                                                                    |  0/1 Time: 0:00:032019-10-17 02:18:58,733 [Thread-606] INFO  impl.FollowerState (FollowerState.java:run(108)) - bf166244-8880-4b0f-9be5-11fb29082dcb@group-5A011987FEB2-FollowerState: change to CANDIDATE, lastRpcTime:200ms, electionTimeout:200ms
2019-10-17 02:18:58,735 [Thread-606] INFO  impl.RoleInfo (RoleInfo.java:shutdownFollowerState(121)) - bf166244-8880-4b0f-9be5-11fb29082dcb: shutdown FollowerState
2019-10-17 02:18:58,735 [Thread-606] INFO  impl.RaftServerImpl (RaftServerImpl.java:setRole(184)) - bf166244-8880-4b0f-9be5-11fb29082dcb@group-5A011987FEB2: changes role from  FOLLOWER to CANDIDATE at term 20 for changeToCandidate
2019-10-17 02:18:58,735 [Thread-606] INFO  impl.RoleInfo (RoleInfo.java:updateAndGet(143)) - bf166244-8880-4b0f-9be5-11fb29082dcb: start LeaderElection
2019-10-17 02:18:58,762 [bf166244-8880-4b0f-9be5-11fb29082dcb@group-5A011987FEB2-LeaderElection27] INFO  impl.LeaderElection (LeaderElection.java:askForVotes(178)) - bf166244-8880-4b0f-9be5-11fb29082dcb@group-5A011987FEB2-LeaderElection27: begin an election at term 21 for -1: [bf166244-8880-4b0f-9be5-11fb29082dcb:192.168.157.194:44285, 33d40637-531b-47e9-8a2e-802b577efd6f:192.168.157.194:40644, 389ddf04-1777-44a1-860a-c678eeab2358:192.168.157.194:44119], old=null
2019-10-17 02:18:58,765 [grpc-default-executor-1] INFO  impl.RaftServerImpl (RaftServerImpl.java:setRole(184)) - 33d40637-531b-47e9-8a2e-802b577efd6f@group-5A011987FEB2: changes role from  FOLLOWER to FOLLOWER at term 21 for recognizeCandidate:bf166244-8880-4b0f-9be5-11fb29082dcb
2019-10-17 02:18:58,765 [grpc-default-executor-3] INFO  impl.RaftServerImpl (RaftServerImpl.java:setRole(184)) - 389ddf04-1777-44a1-860a-c678eeab2358@group-5A011987FEB2: changes role from  FOLLOWER to FOLLOWER at term 21 for recognizeCandidate:bf166244-8880-4b0f-9be5-11fb29082dcb
2019-10-17 02:18:58,765 [grpc-default-executor-1] INFO  impl.RoleInfo (RoleInfo.java:shutdownFollowerState(121)) - 33d40637-531b-47e9-8a2e-802b577efd6f: shutdown FollowerState
2019-10-17 02:18:58,765 [grpc-default-executor-3] INFO  impl.RoleInfo (RoleInfo.java:shutdownFollowerState(121)) - 389ddf04-1777-44a1-860a-c678eeab2358: shutdown FollowerState
2019-10-17 02:18:58,765 [grpc-default-executor-1] INFO  impl.RoleInfo (RoleInfo.java:updateAndGet(143)) - 33d40637-531b-47e9-8a2e-802b577efd6f: start FollowerState
2019-10-17 02:18:58,765 [grpc-default-executor-3] INFO  impl.RoleInfo (RoleInfo.java:updateAndGet(143)) - 389ddf04-1777-44a1-860a-c678eeab2358: start FollowerState
2019-10-17 02:18:58,765 [Thread-604] INFO  impl.FollowerState (FollowerState.java:run(117)) - 33d40637-531b-47e9-8a2e-802b577efd6f@group-5A011987FEB2-FollowerState was interrupted: java.lang.InterruptedException: sleep interrupted
2019-10-17 02:18:58,766 [Thread-605] INFO  impl.FollowerState (FollowerState.java:run(117)) - 389ddf04-1777-44a1-860a-c678eeab2358@group-5A011987FEB2-FollowerState was interrupted: java.lang.InterruptedException: sleep interrupted
2019-10-17 02:18:58,786 [bf166244-8880-4b0f-9be5-11fb29082dcb@group-5A011987FEB2-LeaderElection27] INFO  impl.LeaderElection (LeaderElection.java:logAndReturn(56)) - bf166244-8880-4b0f-9be5-11fb29082dcb@group-5A011987FEB2-LeaderElection27: Election REJECTED; received 2 response(s) [bf166244-8880-4b0f-9be5-11fb29082dcb<-389ddf04-1777-44a1-860a-c678eeab2358#0:FAIL-t21, bf166244-8880-4b0f-9be5-11fb29082dcb<-33d40637-531b-47e9-8a2e-802b577efd6f#0:FAIL-t21] and 0 exception(s); bf166244-8880-4b0f-9be5-11fb29082dcb@group-5A011987FEB2:t21, leader=null, voted=bf166244-8880-4b0f-9be5-11fb29082dcb, raftlog=bf166244-8880-4b0f-9be5-11fb29082dcb@group-5A011987FEB2-SegmentedRaftLog:OPENED:c-1,f-1,i0, conf=-1: [bf166244-8880-4b0f-9be5-11fb29082dcb:192.168.157.194:44285, 33d40637-531b-47e9-8a2e-802b577efd6f:192.168.157.194:40644, 389ddf04-1777-44a1-860a-c678eeab2358:192.168.157.194:44119], old=null
2019-10-17 02:18:58,786 [bf166244-8880-4b0f-9be5-11fb29082dcb@group-5A011987FEB2-LeaderElection27] INFO  impl.RaftServerImpl (RaftServerImpl.java:setRole(184)) - bf166244-8880-4b0f-9be5-11fb29082dcb@group-5A011987FEB2: changes role from CANDIDATE to FOLLOWER at term 21 for DISCOVERED_A_NEW_TERM
2019-10-17 02:18:58,786 [bf166244-8880-4b0f-9be5-11fb29082dcb@group-5A011987FEB2-LeaderElection27] INFO  impl.RoleInfo (RoleInfo.java:shutdownLeaderElection(134)) - bf166244-8880-4b0f-9be5-11fb29082dcb: shutdown LeaderElection
2019-10-17 02:18:58,787 [bf166244-8880-4b0f-9be5-11fb29082dcb@group-5A011987FEB2-LeaderElection27] INFO  impl.RoleInfo (RoleInfo.java:updateAndGet(143)) - bf166244-8880-4b0f-9be5-11fb29082dcb: start FollowerState
2019-10-17 02:18:58,926 [Thread-612] INFO  impl.FollowerState (FollowerState.java:run(108)) - bf166244-8880-4b0f-9be5-11fb29082dcb@group-5A011987FEB2-FollowerState: change to CANDIDATE, lastRpcTime:139ms, electionTimeout:139ms
2019-10-17 02:18:58,927 [Thread-612] INFO  impl.RoleInfo (RoleInfo.java:shutdownFollowerState(121)) - bf166244-8880-4b0f-9be5-11fb29082dcb: shutdown FollowerState
2019-10-17 02:18:58,928 [Thread-612] INFO  impl.RaftServerImpl (RaftServerImpl.java:setRole(184)) - bf166244-8880-4b0f-9be5-11fb29082dcb@group-5A011987FEB2: changes role from  FOLLOWER to CANDIDATE at term 21 for changeToCandidate
2019-10-17 02:18:58,928 [Thread-612] INFO  impl.RoleInfo (RoleInfo.java:updateAndGet(143)) - bf166244-8880-4b0f-9be5-11fb29082dcb: start LeaderElection
2019-10-17 02:18:58,942 [bf166244-8880-4b0f-9be5-11fb29082dcb@group-5A011987FEB2-LeaderElection28] INFO  impl.LeaderElection (LeaderElection.java:askForVotes(178)) - bf166244-8880-4b0f-9be5-11fb29082dcb@group-5A011987FEB2-LeaderElection28: begin an election at term 22 for -1: [bf166244-8880-4b0f-9be5-11fb29082dcb:192.168.157.194:44285, 33d40637-531b-47e9-8a2e-802b577efd6f:192.168.157.194:40644, 389ddf04-1777-44a1-860a-c678eeab2358:192.168.157.194:44119], old=null
2019-10-17 02:18:58,945 [grpc-default-executor-1] INFO  impl.RaftServerImpl (RaftServerImpl.java:setRole(184)) - 33d40637-531b-47e9-8a2e-802b577efd6f@group-5A011987FEB2: changes role from  FOLLOWER to FOLLOWER at term 22 for recognizeCandidate:bf166244-8880-4b0f-9be5-11fb29082dcb
2019-10-17 02:18:58,945 [grpc-default-executor-1] INFO  impl.RoleInfo (RoleInfo.java:shutdownFollowerState(121)) - 33d40637-531b-47e9-8a2e-802b577efd6f: shutdown FollowerState
2019-10-17 02:18:58,945 [grpc-default-executor-3] INFO  impl.RaftServerImpl (RaftServerImpl.java:setRole(184)) - 389ddf04-1777-44a1-860a-c678eeab2358@group-5A011987FEB2: changes role from  FOLLOWER to FOLLOWER at term 22 for recognizeCandidate:bf166244-8880-4b0f-9be5-11fb29082dcb
2019-10-17 02:18:58,945 [Thread-610] INFO  impl.FollowerState (FollowerState.java:run(117)) - 33d40637-531b-47e9-8a2e-802b577efd6f@group-5A011987FEB2-FollowerState was interrupted: java.lang.InterruptedException: sleep interrupted
2019-10-17 02:18:58,945 [grpc-default-executor-1] INFO  impl.RoleInfo (RoleInfo.java:updateAndGet(143)) - 33d40637-531b-47e9-8a2e-802b577efd6f: start FollowerState
2019-10-17 02:18:58,945 [grpc-default-executor-3] INFO  impl.RoleInfo (RoleInfo.java:shutdownFollowerState(121)) - 389ddf04-1777-44a1-860a-c678eeab2358: shutdown FollowerState
2019-10-17 02:18:58,946 [grpc-default-executor-3] INFO  impl.RoleInfo (RoleInfo.java:updateAndGet(143)) - 389ddf04-1777-44a1-860a-c678eeab2358: start FollowerState
2019-10-17 02:18:58,946 [Thread-611] INFO  impl.FollowerState (FollowerState.java:run(117)) - 389ddf04-1777-44a1-860a-c678eeab2358@group-5A011987FEB2-FollowerState was interrupted: java.lang.InterruptedException: sleep interrupted
2019-10-17 02:18:58,961 [bf166244-8880-4b0f-9be5-11fb29082dcb@group-5A011987FEB2-LeaderElection28] INFO  impl.LeaderElection (LeaderElection.java:logAndReturn(56)) - bf166244-8880-4b0f-9be5-11fb29082dcb@group-5A011987FEB2-LeaderElection28: Election REJECTED; received 2 response(s) [bf166244-8880-4b0f-9be5-11fb29082dcb<-389ddf04-1777-44a1-860a-c678eeab2358#0:FAIL-t22, bf166244-8880-4b0f-9be5-11fb29082dcb<-33d40637-531b-47e9-8a2e-802b577efd6f#0:FAIL-t22] and 0 exception(s); bf166244-8880-4b0f-9be5-11fb29082dcb@group-5A011987FEB2:t22, leader=null, voted=bf166244-8880-4b0f-9be5-11fb29082dcb, raftlog=bf166244-8880-4b0f-9be5-11fb29082dcb@group-5A011987FEB2-SegmentedRaftLog:OPENED:c-1,f-1,i0, conf=-1: [bf166244-8880-4b0f-9be5-11fb29082dcb:192.168.157.194:44285, 33d40637-531b-47e9-8a2e-802b577efd6f:192.168.157.194:40644, 389ddf04-1777-44a1-860a-c678eeab2358:192.168.157.194:44119], old=null
2019-10-17 02:18:58,961 [bf166244-8880-4b0f-9be5-11fb29082dcb@group-5A011987FEB2-LeaderElection28] INFO  impl.RaftServerImpl (RaftServerImpl.java:setRole(184)) - bf166244-8880-4b0f-9be5-11fb29082dcb@group-5A011987FEB2: changes role from CANDIDATE to FOLLOWER at term 22 for DISCOVERED_A_NEW_TERM
2019-10-17 02:18:58,961 [bf166244-8880-4b0f-9be5-11fb29082dcb@group-5A011987FEB2-LeaderElection28] INFO  impl.RoleInfo (RoleInfo.java:shutdownLeaderElection(134)) - bf166244-8880-4b0f-9be5-11fb29082dcb: shutdown LeaderElection
2019-10-17 02:18:58,962 [bf166244-8880-4b0f-9be5-11fb29082dcb@group-5A011987FEB2-LeaderElection28] INFO  impl.RoleInfo (RoleInfo.java:updateAndGet(143)) - bf166244-8880-4b0f-9be5-11fb29082dcb: start FollowerState
2019-10-17 02:18:59,061 [Thread-618] INFO  impl.FollowerState (FollowerState.java:run(108)) - bf166244-8880-4b0f-9be5-11fb29082dcb@group-5A011987FEB2-FollowerState: change to CANDIDATE, lastRpcTime:99ms, electionTimeout:99ms
2019-10-17 02:18:59,063 [Thread-618] INFO  impl.RoleInfo (RoleInfo.java:shutdownFollowerState(121)) - bf166244-8880-4b0f-9be5-11fb29082dcb: shutdown FollowerState
2019-10-17 02:18:59,063 [Thread-618] INFO  impl.RaftServerImpl (RaftServerImpl.java:setRole(184)) - bf166244-8880-4b0f-9be5-11fb29082dcb@group-5A011987FEB2: changes role from  FOLLOWER to CANDIDATE at term 22 for changeToCandidate
2019-10-17 02:18:59,063 [Thread-618] INFO  impl.RoleInfo (RoleInfo.java:updateAndGet(143)) - bf166244-8880-4b0f-9be5-11fb29082dcb: start LeaderElection
2019-10-17 02:18:59,087 [bf166244-8880-4b0f-9be5-11fb29082dcb@group-5A011987FEB2-LeaderElection29] INFO  impl.LeaderElection (LeaderElection.java:askForVotes(178)) - bf166244-8880-4b0f-9be5-11fb29082dcb@group-5A011987FEB2-LeaderElection29: begin an election at term 23 for -1: [bf166244-8880-4b0f-9be5-11fb29082dcb:192.168.157.194:44285, 33d40637-531b-47e9-8a2e-802b577efd6f:192.168.157.194:40644, 389ddf04-1777-44a1-860a-c678eeab2358:192.168.157.194:44119], old=null
2019-10-17 02:18:59,090 [grpc-default-executor-1] INFO  impl.RaftServerImpl (RaftServerImpl.java:setRole(184)) - 389ddf04-1777-44a1-860a-c678eeab2358@group-5A011987FEB2: changes role from  FOLLOWER to FOLLOWER at term 23 for recognizeCandidate:bf166244-8880-4b0f-9be5-11fb29082dcb
2019-10-17 02:18:59,090 [grpc-default-executor-3] INFO  impl.RaftServerImpl (RaftServerImpl.java:setRole(184)) - 33d40637-531b-47e9-8a2e-802b577efd6f@group-5A011987FEB2: changes role from  FOLLOWER to FOLLOWER at term 23 for recognizeCandidate:bf166244-8880-4b0f-9be5-11fb29082dcb
2019-10-17 02:18:59,090 [grpc-default-executor-1] INFO  impl.RoleInfo (RoleInfo.java:shutdownFollowerState(121)) - 389ddf04-1777-44a1-860a-c678eeab2358: shutdown FollowerState
2019-10-17 02:18:59,090 [grpc-default-executor-3] INFO  impl.RoleInfo (RoleInfo.java:shutdownFollowerState(121)) - 33d40637-531b-47e9-8a2e-802b577efd6f: shutdown FollowerState
2019-10-17 02:18:59,090 [Thread-617] INFO  impl.FollowerState (FollowerState.java:run(117)) - 389ddf04-1777-44a1-860a-c678eeab2358@group-5A011987FEB2-FollowerState was interrupted: java.lang.InterruptedException: sleep interrupted
2019-10-17 02:18:59,090 [grpc-default-executor-1] INFO  impl.RoleInfo (RoleInfo.java:updateAndGet(143)) - 389ddf04-1777-44a1-860a-c678eeab2358: start FollowerState
2019-10-17 02:18:59,090 [Thread-616] INFO  impl.FollowerState (FollowerState.java:run(117)) - 33d40637-531b-47e9-8a2e-802b577efd6f@group-5A011987FEB2-FollowerState was interrupted: java.lang.InterruptedException: sleep interrupted
2019-10-17 02:18:59,090 [grpc-default-executor-3] INFO  impl.RoleInfo (RoleInfo.java:updateAndGet(143)) - 33d40637-531b-47e9-8a2e-802b577efd6f: start FollowerState
2019-10-17 02:18:59,105 [bf166244-8880-4b0f-9be5-11fb29082dcb@group-5A011987FEB2-LeaderElection29] INFO  impl.LeaderElection (LeaderElection.java:logAndReturn(56)) - bf166244-8880-4b0f-9be5-11fb29082dcb@group-5A011987FEB2-LeaderElection29: Election REJECTED; received 2 response(s) [bf166244-8880-4b0f-9be5-11fb29082dcb<-389ddf04-1777-44a1-860a-c678eeab2358#0:FAIL-t23, bf166244-8880-4b0f-9be5-11fb29082dcb<-33d40637-531b-47e9-8a2e-802b577efd6f#0:FAIL-t23] and 0 exception(s); bf166244-8880-4b0f-9be5-11fb29082dcb@group-5A011987FEB2:t23, leader=null, voted=bf166244-8880-4b0f-9be5-11fb29082dcb, raftlog=bf166244-8880-4b0f-9be5-11fb29082dcb@group-5A011987FEB2-SegmentedRaftLog:OPENED:c-1,f-1,i0, conf=-1: [bf166244-8880-4b0f-9be5-11fb29082dcb:192.168.157.194:44285, 33d40637-531b-47e9-8a2e-802b577efd6f:192.168.157.194:40644, 389ddf04-1777-44a1-860a-c678eeab2358:192.168.157.194:44119], old=null
2019-10-17 02:18:59,105 [bf166244-8880-4b0f-9be5-11fb29082dcb@group-5A011987FEB2-LeaderElection29] INFO  impl.RaftServerImpl (RaftServerImpl.java:setRole(184)) - bf166244-8880-4b0f-9be5-11fb29082dcb@group-5A011987FEB2: changes role from CANDIDATE to FOLLOWER at term 23 for DISCOVERED_A_NEW_TERM
2019-10-17 02:18:59,105 [bf166244-8880-4b0f-9be5-11fb29082dcb@group-5A011987FEB2-LeaderElection29] INFO  impl.RoleInfo (RoleInfo.java:shutdownLeaderElection(134)) - bf166244-8880-4b0f-9be5-11fb29082dcb: shutdown LeaderElection
2019-10-17 02:18:59,105 [bf166244-8880-4b0f-9be5-11fb29082dcb@group-5A011987FEB2-LeaderElection29] INFO  impl.RoleInfo (RoleInfo.java:updateAndGet(143)) - bf166244-8880-4b0f-9be5-11fb29082dcb: start FollowerState
2019-10-17 02:18:59,119 [Thread-624] INFO  impl.FollowerState (FollowerState.java:run(108)) - bf166244-8880-4b0f-9be5-11fb29082dcb@group-5A011987FEB2-FollowerState: change to CANDIDATE, lastRpcTime:13ms, electionTimeout:13ms
2019-10-17 02:18:59,121 [Thread-624] INFO  impl.RoleInfo (RoleInfo.java:shutdownFollowerState(121)) - bf166244-8880-4b0f-9be5-11fb29082dcb: shutdown FollowerState
2019-10-17 02:18:59,121 [Thread-624] INFO  impl.RaftServerImpl (RaftServerImpl.java:setRole(184)) - bf166244-8880-4b0f-9be5-11fb29082dcb@group-5A011987FEB2: changes role from  FOLLOWER to CANDIDATE at term 23 for changeToCandidate
2019-10-17 02:18:59,121 [Thread-624] INFO  impl.RoleInfo (RoleInfo.java:updateAndGet(143)) - bf166244-8880-4b0f-9be5-11fb29082dcb: start LeaderElection
2019-10-17 02:18:59,147 [bf166244-8880-4b0f-9be5-11fb29082dcb@group-5A011987FEB2-LeaderElection30] INFO  impl.LeaderElection (LeaderElection.java:askForVotes(178)) - bf166244-8880-4b0f-9be5-11fb29082dcb@group-5A011987FEB2-LeaderElection30: begin an election at term 24 for -1: [bf166244-8880-4b0f-9be5-11fb29082dcb:192.168.157.194:44285, 33d40637-531b-47e9-8a2e-802b577efd6f:192.168.157.194:40644, 389ddf04-1777-44a1-860a-c678eeab2358:192.168.157.194:44119], old=null
2019-10-17 02:18:59,150 [grpc-default-executor-1] INFO  impl.RaftServerImpl (RaftServerImpl.java:setRole(184)) - 33d40637-531b-47e9-8a2e-802b577efd6f@group-5A011987FEB2: changes role from  FOLLOWER to FOLLOWER at term 24 for recognizeCandidate:bf166244-8880-4b0f-9be5-11fb29082dcb
2019-10-17 02:18:59,150 [grpc-default-executor-3] INFO  impl.RaftServerImpl (RaftServerImpl.java:setRole(184)) - 389ddf04-1777-44a1-860a-c678eeab2358@group-5A011987FEB2: changes role from  FOLLOWER to FOLLOWER at term 24 for recognizeCandidate:bf166244-8880-4b0f-9be5-11fb29082dcb
2019-10-17 02:18:59,151 [grpc-default-executor-1] INFO  impl.RoleInfo (RoleInfo.java:shutdownFollowerState(121)) - 33d40637-531b-47e9-8a2e-802b577efd6f: shutdown FollowerState
2019-10-17 02:18:59,151 [grpc-default-executor-3] INFO  impl.RoleInfo (RoleInfo.java:shutdownFollowerState(121)) - 389ddf04-1777-44a1-860a-c678eeab2358: shutdown FollowerState
2019-10-17 02:18:59,151 [grpc-default-executor-3] INFO  impl.RoleInfo (RoleInfo.java:updateAndGet(143)) - 389ddf04-1777-44a1-860a-c678eeab2358: start FollowerState
2019-10-17 02:18:59,151 [Thread-623] INFO  impl.FollowerState (FollowerState.java:run(117)) - 33d40637-531b-47e9-8a2e-802b577efd6f@group-5A011987FEB2-FollowerState was interrupted: java.lang.InterruptedException: sleep interrupted
2019-10-17 02:18:59,151 [Thread-622] INFO  impl.FollowerState (FollowerState.java:run(117)) - 389ddf04-1777-44a1-860a-c678eeab2358@group-5A011987FEB2-FollowerState was interrupted: java.lang.InterruptedException: sleep interrupted
2019-10-17 02:18:59,151 [grpc-default-executor-1] INFO  impl.RoleInfo (RoleInfo.java:updateAndGet(143)) - 33d40637-531b-47e9-8a2e-802b577efd6f: start FollowerState
2019-10-17 02:18:59,166 [bf166244-8880-4b0f-9be5-11fb29082dcb@group-5A011987FEB2-LeaderElection30] INFO  impl.LeaderElection (LeaderElection.java:logAndReturn(56)) - bf166244-8880-4b0f-9be5-11fb29082dcb@group-5A011987FEB2-LeaderElection30: Election REJECTED; received 2 response(s) [bf166244-8880-4b0f-9be5-11fb29082dcb<-389ddf04-1777-44a1-860a-c678eeab2358#0:FAIL-t24, bf166244-8880-4b0f-9be5-11fb29082dcb<-33d40637-531b-47e9-8a2e-802b577efd6f#0:FAIL-t24] and 0 exception(s); bf166244-8880-4b0f-9be5-11fb29082dcb@group-5A011987FEB2:t24, leader=null, voted=bf166244-8880-4b0f-9be5-11fb29082dcb, raftlog=bf166244-8880-4b0f-9be5-11fb29082dcb@group-5A011987FEB2-SegmentedRaftLog:OPENED:c-1,f-1,i0, conf=-1: [bf166244-8880-4b0f-9be5-11fb29082dcb:192.168.157.194:44285, 33d40637-531b-47e9-8a2e-802b577efd6f:192.168.157.194:40644, 389ddf04-1777-44a1-860a-c678eeab2358:192.168.157.194:44119], old=null
2019-10-17 02:18:59,166 [bf166244-8880-4b0f-9be5-11fb29082dcb@group-5A011987FEB2-LeaderElection30] INFO  impl.RaftServerImpl (RaftServerImpl.java:setRole(184)) - bf166244-8880-4b0f-9be5-11fb29082dcb@group-5A011987FEB2: changes role from CANDIDATE to FOLLOWER at term 24 for DISCOVERED_A_NEW_TERM
2019-10-17 02:18:59,166 [bf166244-8880-4b0f-9be5-11fb29082dcb@group-5A011987FEB2-LeaderElection30] INFO  impl.RoleInfo (RoleInfo.java:shutdownLeaderElection(134)) - bf166244-8880-4b0f-9be5-11fb29082dcb: shutdown LeaderElection
2019-10-17 02:18:59,166 [bf166244-8880-4b0f-9be5-11fb29082dcb@group-5A011987FEB2-LeaderElection30] INFO  impl.RoleInfo (RoleInfo.java:updateAndGet(143)) - bf166244-8880-4b0f-9be5-11fb29082dcb: start FollowerState
2019-10-17 02:18:59,257 [Thread-630] INFO  impl.FollowerState (FollowerState.java:run(108)) - bf166244-8880-4b0f-9be5-11fb29082dcb@group-5A011987FEB2-FollowerState: change to CANDIDATE, lastRpcTime:90ms, electionTimeout:90ms
2019-10-17 02:18:59,258 [Thread-630] INFO  impl.RoleInfo (RoleInfo.java:shutdownFollowerState(121)) - bf166244-8880-4b0f-9be5-11fb29082dcb: shutdown FollowerState
2019-10-17 02:18:59,258 [Thread-630] INFO  impl.RaftServerImpl (RaftServerImpl.java:setRole(184)) - bf166244-8880-4b0f-9be5-11fb29082dcb@group-5A011987FEB2: changes role from  FOLLOWER to CANDIDATE at term 24 for changeToCandidate
2019-10-17 02:18:59,259 [Thread-630] INFO  impl.RoleInfo (RoleInfo.java:updateAndGet(143)) - bf166244-8880-4b0f-9be5-11fb29082dcb: start LeaderElection
2019-10-17 02:18:59,272 [bf166244-8880-4b0f-9be5-11fb29082dcb@group-5A011987FEB2-LeaderElection31] INFO  impl.LeaderElection (LeaderElection.java:askForVotes(178)) - bf166244-8880-4b0f-9be5-11fb29082dcb@group-5A011987FEB2-LeaderElection31: begin an election at term 25 for -1: [bf166244-8880-4b0f-9be5-11fb29082dcb:192.168.157.194:44285, 33d40637-531b-47e9-8a2e-802b577efd6f:192.168.157.194:40644, 389ddf04-1777-44a1-860a-c678eeab2358:192.168.157.194:44119], old=null
2019-10-17 02:18:59,274 [grpc-default-executor-3] INFO  impl.RaftServerImpl (RaftServerImpl.java:setRole(184)) - 33d40637-531b-47e9-8a2e-802b577efd6f@group-5A011987FEB2: changes role from  FOLLOWER to FOLLOWER at term 25 for recognizeCandidate:bf166244-8880-4b0f-9be5-11fb29082dcb
2019-10-17 02:18:59,275 [grpc-default-executor-3] INFO  impl.RoleInfo (RoleInfo.java:shutdownFollowerState(121)) - 33d40637-531b-47e9-8a2e-802b577efd6f: shutdown FollowerState
2019-10-17 02:18:59,275 [grpc-default-executor-3] INFO  impl.RoleInfo (RoleInfo.java:updateAndGet(143)) - 33d40637-531b-47e9-8a2e-802b577efd6f: start FollowerState
2019-10-17 02:18:59,275 [Thread-629] INFO  impl.FollowerState (FollowerState.java:run(117)) - 33d40637-531b-47e9-8a2e-802b577efd6f@group-5A011987FEB2-FollowerState was interrupted: java.lang.InterruptedException: sleep interrupted
2019-10-17 02:18:59,275 [grpc-default-executor-1] INFO  impl.RaftServerImpl (RaftServerImpl.java:setRole(184)) - 389ddf04-1777-44a1-860a-c678eeab2358@group-5A011987FEB2: changes role from  FOLLOWER to FOLLOWER at term 25 for recognizeCandidate:bf166244-8880-4b0f-9be5-11fb29082dcb
2019-10-17 02:18:59,275 [grpc-default-executor-1] INFO  impl.RoleInfo (RoleInfo.java:shutdownFollowerState(121)) - 389ddf04-1777-44a1-860a-c678eeab2358: shutdown FollowerState
2019-10-17 02:18:59,276 [grpc-default-executor-1] INFO  impl.RoleInfo (RoleInfo.java:updateAndGet(143)) - 389ddf04-1777-44a1-860a-c678eeab2358: start FollowerState
2019-10-17 02:18:59,276 [Thread-628] INFO  impl.FollowerState (FollowerState.java:run(117)) - 389ddf04-1777-44a1-860a-c678eeab2358@group-5A011987FEB2-FollowerState was interrupted: java.lang.InterruptedException: sleep interrupted
2019-10-17 02:18:59,289 [bf166244-8880-4b0f-9be5-11fb29082dcb@group-5A011987FEB2-LeaderElection31] INFO  impl.LeaderElection (LeaderElection.java:logAndReturn(56)) - bf166244-8880-4b0f-9be5-11fb29082dcb@group-5A011987FEB2-LeaderElection31: Election REJECTED; received 2 response(s) [bf166244-8880-4b0f-9be5-11fb29082dcb<-389ddf04-1777-44a1-860a-c678eeab2358#0:FAIL-t25, bf166244-8880-4b0f-9be5-11fb29082dcb<-33d40637-531b-47e9-8a2e-802b577efd6f#0:FAIL-t25] and 0 exception(s); bf166244-8880-4b0f-9be5-11fb29082dcb@group-5A011987FEB2:t25, leader=null, voted=bf166244-8880-4b0f-9be5-11fb29082dcb, raftlog=bf166244-8880-4b0f-9be5-11fb29082dcb@group-5A011987FEB2-SegmentedRaftLog:OPENED:c-1,f-1,i0, conf=-1: [bf166244-8880-4b0f-9be5-11fb29082dcb:192.168.157.194:44285, 33d40637-531b-47e9-8a2e-802b577efd6f:192.168.157.194:40644, 389ddf04-1777-44a1-860a-c678eeab2358:192.168.157.194:44119], old=null
2019-10-17 02:18:59,289 [bf166244-8880-4b0f-9be5-11fb29082dcb@group-5A011987FEB2-LeaderElection31] INFO  impl.RaftServerImpl (RaftServerImpl.java:setRole(184)) - bf166244-8880-4b0f-9be5-11fb29082dcb@group-5A011987FEB2: changes role from CANDIDATE to FOLLOWER at term 25 for DISCOVERED_A_NEW_TERM
2019-10-17 02:18:59,290 [bf166244-8880-4b0f-9be5-11fb29082dcb@group-5A011987FEB2-LeaderElection31] INFO  impl.RoleInfo (RoleInfo.java:shutdownLeaderElection(134)) - bf166244-8880-4b0f-9be5-11fb29082dcb: shutdown LeaderElection
2019-10-17 02:18:59,290 [bf166244-8880-4b0f-9be5-11fb29082dcb@group-5A011987FEB2-LeaderElection31] INFO  impl.RoleInfo (RoleInfo.java:updateAndGet(143)) - bf166244-8880-4b0f-9be5-11fb29082dcb: start FollowerState
2019-10-17 02:18:59,322 [Thread-636] INFO  impl.FollowerState (FollowerState.java:run(108)) - bf166244-8880-4b0f-9be5-11fb29082dcb@group-5A011987FEB2-FollowerState: change to CANDIDATE, lastRpcTime:32ms, electionTimeout:32ms
2019-10-17 02:18:59,324 [Thread-636] INFO  impl.RoleInfo (RoleInfo.java:shutdownFollowerState(121)) - bf166244-8880-4b0f-9be5-11fb29082dcb: shutdown FollowerState
2019-10-17 02:18:59,324 [Thread-636] INFO  impl.RaftServerImpl (RaftServerImpl.java:setRole(184)) - bf166244-8880-4b0f-9be5-11fb29082dcb@group-5A011987FEB2: changes role from  FOLLOWER to CANDIDATE at term 25 for changeToCandidate
2019-10-17 02:18:59,324 [Thread-636] INFO  impl.RoleInfo (RoleInfo.java:updateAndGet(143)) - bf166244-8880-4b0f-9be5-11fb29082dcb: start LeaderElection
2019-10-17 02:18:59,337 [bf166244-8880-4b0f-9be5-11fb29082dcb@group-5A011987FEB2-LeaderElection32] INFO  impl.LeaderElection (LeaderElection.java:askForVotes(178)) - bf166244-8880-4b0f-9be5-11fb29082dcb@group-5A011987FEB2-LeaderElection32: begin an election at term 26 for -1: [bf166244-8880-4b0f-9be5-11fb29082dcb:192.168.157.194:44285, 33d40637-531b-47e9-8a2e-802b577efd6f:192.168.157.194:40644, 389ddf04-1777-44a1-860a-c678eeab2358:192.168.157.194:44119], old=null
2019-10-17 02:18:59,340 [grpc-default-executor-3] INFO  impl.RaftServerImpl (RaftServerImpl.java:setRole(184)) - 33d40637-531b-47e9-8a2e-802b577efd6f@group-5A011987FEB2: changes role from  FOLLOWER to FOLLOWER at term 26 for recognizeCandidate:bf166244-8880-4b0f-9be5-11fb29082dcb
2019-10-17 02:18:59,340 [grpc-default-executor-1] INFO  impl.RaftServerImpl (RaftServerImpl.java:setRole(184)) - 389ddf04-1777-44a1-860a-c678eeab2358@group-5A011987FEB2: changes role from  FOLLOWER to FOLLOWER at term 26 for recognizeCandidate:bf166244-8880-4b0f-9be5-11fb29082dcb
2019-10-17 02:18:59,340 [grpc-default-executor-3] INFO  impl.RoleInfo (RoleInfo.java:shutdownFollowerState(121)) - 33d40637-531b-47e9-8a2e-802b577efd6f: shutdown FollowerState
2019-10-17 02:18:59,340 [grpc-default-executor-1] INFO  impl.RoleInfo (RoleInfo.java:shutdownFollowerState(121)) - 389ddf04-1777-44a1-860a-c678eeab2358: shutdown FollowerState
2019-10-17 02:18:59,340 [Thread-634] INFO  impl.FollowerState (FollowerState.java:run(117)) - 33d40637-531b-47e9-8a2e-802b577efd6f@group-5A011987FEB2-FollowerState was interrupted: java.lang.InterruptedException: sleep interrupted
2019-10-17 02:18:59,340 [grpc-default-executor-3] INFO  impl.RoleInfo (RoleInfo.java:updateAndGet(143)) - 33d40637-531b-47e9-8a2e-802b577efd6f: start FollowerState
2019-10-17 02:18:59,340 [Thread-635] INFO  impl.FollowerState (FollowerState.java:run(117)) - 389ddf04-1777-44a1-860a-c678eeab2358@group-5A011987FEB2-FollowerState was interrupted: java.lang.InterruptedException: sleep interrupted
2019-10-17 02:18:59,340 [grpc-default-executor-1] INFO  impl.RoleInfo (RoleInfo.java:updateAndGet(143)) - 389ddf04-1777-44a1-860a-c678eeab2358: start FollowerState
2019-10-17 02:18:59,358 [bf166244-8880-4b0f-9be5-11fb29082dcb@group-5A011987FEB2-LeaderElection32] INFO  impl.LeaderElection (LeaderElection.java:logAndReturn(56)) - bf166244-8880-4b0f-9be5-11fb29082dcb@group-5A011987FEB2-LeaderElection32: Election REJECTED; received 2 response(s) [bf166244-8880-4b0f-9be5-11fb29082dcb<-389ddf04-1777-44a1-860a-c678eeab2358#0:FAIL-t26, bf166244-8880-4b0f-9be5-11fb29082dcb<-33d40637-531b-47e9-8a2e-802b577efd6f#0:FAIL-t26] and 0 exception(s); bf166244-8880-4b0f-9be5-11fb29082dcb@group-5A011987FEB2:t26, leader=null, voted=bf166244-8880-4b0f-9be5-11fb29082dcb, raftlog=bf166244-8880-4b0f-9be5-11fb29082dcb@group-5A011987FEB2-SegmentedRaftLog:OPENED:c-1,f-1,i0, conf=-1: [bf166244-8880-4b0f-9be5-11fb29082dcb:192.168.157.194:44285, 33d40637-531b-47e9-8a2e-802b577efd6f:192.168.157.194:40644, 389ddf04-1777-44a1-860a-c678eeab2358:192.168.157.194:44119], old=null
2019-10-17 02:18:59,358 [bf166244-8880-4b0f-9be5-11fb29082dcb@group-5A011987FEB2-LeaderElection32] INFO  impl.RaftServerImpl (RaftServerImpl.java:setRole(184)) - bf166244-8880-4b0f-9be5-11fb29082dcb@group-5A011987FEB2: changes role from CANDIDATE to FOLLOWER at term 26 for DISCOVERED_A_NEW_TERM
2019-10-17 02:18:59,358 [bf166244-8880-4b0f-9be5-11fb29082dcb@group-5A011987FEB2-LeaderElection32] INFO  impl.RoleInfo (RoleInfo.java:shutdownLeaderElection(134)) - bf166244-8880-4b0f-9be5-11fb29082dcb: shutdown LeaderElection
2019-10-17 02:18:59,358 [bf166244-8880-4b0f-9be5-11fb29082dcb@group-5A011987FEB2-LeaderElection32] INFO  impl.RoleInfo (RoleInfo.java:updateAndGet(143)) - bf166244-8880-4b0f-9be5-11fb29082dcb: start FollowerState
2019-10-17 02:18:59,466 [Thread-642] INFO  impl.FollowerState (FollowerState.java:run(108)) - bf166244-8880-4b0f-9be5-11fb29082dcb@group-5A011987FEB2-FollowerState: change to CANDIDATE, lastRpcTime:107ms, electionTimeout:107ms
2019-10-17 02:18:59,467 [Thread-642] INFO  impl.RoleInfo (RoleInfo.java:shutdownFollowerState(121)) - bf166244-8880-4b0f-9be5-11fb29082dcb: shutdown FollowerState
2019-10-17 02:18:59,467 [Thread-642] INFO  impl.RaftServerImpl (RaftServerImpl.java:setRole(184)) - bf166244-8880-4b0f-9be5-11fb29082dcb@group-5A011987FEB2: changes role from  FOLLOWER to CANDIDATE at term 26 for changeToCandidate
2019-10-17 02:18:59,467 [Thread-642] INFO  impl.RoleInfo (RoleInfo.java:updateAndGet(143)) - bf166244-8880-4b0f-9be5-11fb29082dcb: start LeaderElection
2019-10-17 02:18:59,481 [bf166244-8880-4b0f-9be5-11fb29082dcb@group-5A011987FEB2-LeaderElection33] INFO  impl.LeaderElection (LeaderElection.java:askForVotes(178)) - bf166244-8880-4b0f-9be5-11fb29082dcb@group-5A011987FEB2-LeaderElection33: begin an election at term 27 for -1: [bf166244-8880-4b0f-9be5-11fb29082dcb:192.168.157.194:44285, 33d40637-531b-47e9-8a2e-802b577efd6f:192.168.157.194:40644, 389ddf04-1777-44a1-860a-c678eeab2358:192.168.157.194:44119], old=null
2019-10-17 02:18:59,483 [grpc-default-executor-3] INFO  impl.RaftServerImpl (RaftServerImpl.java:setRole(184)) - 33d40637-531b-47e9-8a2e-802b577efd6f@group-5A011987FEB2: changes role from  FOLLOWER to FOLLOWER at term 27 for recognizeCandidate:bf166244-8880-4b0f-9be5-11fb29082dcb
2019-10-17 02:18:59,484 [grpc-default-executor-3] INFO  impl.RoleInfo (RoleInfo.java:shutdownFollowerState(121)) - 33d40637-531b-47e9-8a2e-802b577efd6f: shutdown FollowerState
2019-10-17 02:18:59,484 [grpc-default-executor-1] INFO  impl.RaftServerImpl (RaftServerImpl.java:setRole(184)) - 389ddf04-1777-44a1-860a-c678eeab2358@group-5A011987FEB2: changes role from  FOLLOWER to FOLLOWER at term 27 for recognizeCandidate:bf166244-8880-4b0f-9be5-11fb29082dcb
2019-10-17 02:18:59,484 [Thread-640] INFO  impl.FollowerState (FollowerState.java:run(117)) - 33d40637-531b-47e9-8a2e-802b577efd6f@group-5A011987FEB2-FollowerState was interrupted: java.lang.InterruptedException: sleep interrupted
2019-10-17 02:18:59,484 [grpc-default-executor-3] INFO  impl.RoleInfo (RoleInfo.java:updateAndGet(143)) - 33d40637-531b-47e9-8a2e-802b577efd6f: start FollowerState
2019-10-17 02:18:59,484 [grpc-default-executor-1] INFO  impl.RoleInfo (RoleInfo.java:shutdownFollowerState(121)) - 389ddf04-1777-44a1-860a-c678eeab2358: shutdown FollowerState
2019-10-17 02:18:59,484 [grpc-default-executor-1] INFO  impl.RoleInfo (RoleInfo.java:updateAndGet(143)) - 389ddf04-1777-44a1-860a-c678eeab2358: start FollowerState
2019-10-17 02:18:59,485 [Thread-641] INFO  impl.FollowerState (FollowerState.java:run(117)) - 389ddf04-1777-44a1-860a-c678eeab2358@group-5A011987FEB2-FollowerState was interrupted: java.lang.InterruptedException: sleep interrupted
2019-10-17 02:18:59,499 [bf166244-8880-4b0f-9be5-11fb29082dcb@group-5A011987FEB2-LeaderElection33] INFO  impl.LeaderElection (LeaderElection.java:logAndReturn(56)) - bf166244-8880-4b0f-9be5-11fb29082dcb@group-5A011987FEB2-LeaderElection33: Election REJECTED; received 2 response(s) [bf166244-8880-4b0f-9be5-11fb29082dcb<-389ddf04-1777-44a1-860a-c678eeab2358#0:FAIL-t27, bf166244-8880-4b0f-9be5-11fb29082dcb<-33d40637-531b-47e9-8a2e-802b577efd6f#0:FAIL-t27] and 0 exception(s); bf166244-8880-4b0f-9be5-11fb29082dcb@group-5A011987FEB2:t27, leader=null, voted=bf166244-8880-4b0f-9be5-11fb29082dcb, raftlog=bf166244-8880-4b0f-9be5-11fb29082dcb@group-5A011987FEB2-SegmentedRaftLog:OPENED:c-1,f-1,i0, conf=-1: [bf166244-8880-4b0f-9be5-11fb29082dcb:192.168.157.194:44285, 33d40637-531b-47e9-8a2e-802b577efd6f:192.168.157.194:40644, 389ddf04-1777-44a1-860a-c678eeab2358:192.168.157.194:44119], old=null
2019-10-17 02:18:59,499 [bf166244-8880-4b0f-9be5-11fb29082dcb@group-5A011987FEB2-LeaderElection33] INFO  impl.RaftServerImpl (RaftServerImpl.java:setRole(184)) - bf166244-8880-4b0f-9be5-11fb29082dcb@group-5A011987FEB2: changes role from CANDIDATE to FOLLOWER at term 27 for DISCOVERED_A_NEW_TERM
2019-10-17 02:18:59,500 [bf166244-8880-4b0f-9be5-11fb29082dcb@group-5A011987FEB2-LeaderElection33] INFO  impl.RoleInfo (RoleInfo.java:shutdownLeaderElection(134)) - bf166244-8880-4b0f-9be5-11fb29082dcb: shutdown LeaderElection
2019-10-17 02:18:59,500 [bf166244-8880-4b0f-9be5-11fb29082dcb@group-5A011987FEB2-LeaderElection33] INFO  impl.RoleInfo (RoleInfo.java:updateAndGet(143)) - bf166244-8880-4b0f-9be5-11fb29082dcb: start FollowerState
 0.00% |?                                                                                                    |  0/1 Time: 0:00:042019-10-17 02:18:59,623 [Thread-648] INFO  impl.FollowerState (FollowerState.java:run(108)) - bf166244-8880-4b0f-9be5-11fb29082dcb@group-5A011987FEB2-FollowerState: change to CANDIDATE, lastRpcTime:123ms, electionTimeout:123ms
2019-10-17 02:18:59,628 [Thread-648] INFO  impl.RoleInfo (RoleInfo.java:shutdownFollowerState(121)) - bf166244-8880-4b0f-9be5-11fb29082dcb: shutdown FollowerState
2019-10-17 02:18:59,628 [Thread-648] INFO  impl.RaftServerImpl (RaftServerImpl.java:setRole(184)) - bf166244-8880-4b0f-9be5-11fb29082dcb@group-5A011987FEB2: changes role from  FOLLOWER to CANDIDATE at term 27 for changeToCandidate
2019-10-17 02:18:59,628 [Thread-648] INFO  impl.RoleInfo (RoleInfo.java:updateAndGet(143)) - bf166244-8880-4b0f-9be5-11fb29082dcb: start LeaderElection
2019-10-17 02:18:59,642 [bf166244-8880-4b0f-9be5-11fb29082dcb@group-5A011987FEB2-LeaderElection34] INFO  impl.LeaderElection (LeaderElection.java:askForVotes(178)) - bf166244-8880-4b0f-9be5-11fb29082dcb@group-5A011987FEB2-LeaderElection34: begin an election at term 28 for -1: [bf166244-8880-4b0f-9be5-11fb29082dcb:192.168.157.194:44285, 33d40637-531b-47e9-8a2e-802b577efd6f:192.168.157.194:40644, 389ddf04-1777-44a1-860a-c678eeab2358:192.168.157.194:44119], old=null
2019-10-17 02:18:59,644 [grpc-default-executor-1] INFO  impl.RaftServerImpl (RaftServerImpl.java:setRole(184)) - 33d40637-531b-47e9-8a2e-802b577efd6f@group-5A011987FEB2: changes role from  FOLLOWER to FOLLOWER at term 28 for recognizeCandidate:bf166244-8880-4b0f-9be5-11fb29082dcb
2019-10-17 02:18:59,645 [grpc-default-executor-3] INFO  impl.RaftServerImpl (RaftServerImpl.java:setRole(184)) - 389ddf04-1777-44a1-860a-c678eeab2358@group-5A011987FEB2: changes role from  FOLLOWER to FOLLOWER at term 28 for recognizeCandidate:bf166244-8880-4b0f-9be5-11fb29082dcb
2019-10-17 02:18:59,645 [grpc-default-executor-1] INFO  impl.RoleInfo (RoleInfo.java:shutdownFollowerState(121)) - 33d40637-531b-47e9-8a2e-802b577efd6f: shutdown FollowerState
2019-10-17 02:18:59,645 [grpc-default-executor-3] INFO  impl.RoleInfo (RoleInfo.java:shutdownFollowerState(121)) - 389ddf04-1777-44a1-860a-c678eeab2358: shutdown FollowerState
2019-10-17 02:18:59,645 [Thread-646] INFO  impl.FollowerState (FollowerState.java:run(117)) - 33d40637-531b-47e9-8a2e-802b577efd6f@group-5A011987FEB2-FollowerState was interrupted: java.lang.InterruptedException: sleep interrupted
2019-10-17 02:18:59,645 [Thread-647] INFO  impl.FollowerState (FollowerState.java:run(117)) - 389ddf04-1777-44a1-860a-c678eeab2358@group-5A011987FEB2-FollowerState was interrupted: java.lang.InterruptedException: sleep interrupted
2019-10-17 02:18:59,645 [grpc-default-executor-1] INFO  impl.RoleInfo (RoleInfo.java:updateAndGet(143)) - 33d40637-531b-47e9-8a2e-802b577efd6f: start FollowerState
2019-10-17 02:18:59,645 [grpc-default-executor-3] INFO  impl.RoleInfo (RoleInfo.java:updateAndGet(143)) - 389ddf04-1777-44a1-860a-c678eeab2358: start FollowerState
2019-10-17 02:18:59,661 [bf166244-8880-4b0f-9be5-11fb29082dcb@group-5A011987FEB2-LeaderElection34] INFO  impl.LeaderElection (LeaderElection.java:logAndReturn(56)) - bf166244-8880-4b0f-9be5-11fb29082dcb@group-5A011987FEB2-LeaderElection34: Election REJECTED; received 2 response(s) [bf166244-8880-4b0f-9be5-11fb29082dcb<-33d40637-531b-47e9-8a2e-802b577efd6f#0:FAIL-t28, bf166244-8880-4b0f-9be5-11fb29082dcb<-389ddf04-1777-44a1-860a-c678eeab2358#0:FAIL-t28] and 0 exception(s); bf166244-8880-4b0f-9be5-11fb29082dcb@group-5A011987FEB2:t28, leader=null, voted=bf166244-8880-4b0f-9be5-11fb29082dcb, raftlog=bf166244-8880-4b0f-9be5-11fb29082dcb@group-5A011987FEB2-SegmentedRaftLog:OPENED:c-1,f-1,i0, conf=-1: [bf166244-8880-4b0f-9be5-11fb29082dcb:192.168.157.194:44285, 33d40637-531b-47e9-8a2e-802b577efd6f:192.168.157.194:40644, 389ddf04-1777-44a1-860a-c678eeab2358:192.168.157.194:44119], old=null
2019-10-17 02:18:59,661 [bf166244-8880-4b0f-9be5-11fb29082dcb@group-5A011987FEB2-LeaderElection34] INFO  impl.RaftServerImpl (RaftServerImpl.java:setRole(184)) - bf166244-8880-4b0f-9be5-11fb29082dcb@group-5A011987FEB2: changes role from CANDIDATE to FOLLOWER at term 28 for DISCOVERED_A_NEW_TERM
2019-10-17 02:18:59,661 [bf166244-8880-4b0f-9be5-11fb29082dcb@group-5A011987FEB2-LeaderElection34] INFO  impl.RoleInfo (RoleInfo.java:shutdownLeaderElection(134)) - bf166244-8880-4b0f-9be5-11fb29082dcb: shutdown LeaderElection
2019-10-17 02:18:59,661 [bf166244-8880-4b0f-9be5-11fb29082dcb@group-5A011987FEB2-LeaderElection34] INFO  impl.RoleInfo (RoleInfo.java:updateAndGet(143)) - bf166244-8880-4b0f-9be5-11fb29082dcb: start FollowerState
2019-10-17 02:18:59,842 [Thread-654] INFO  impl.FollowerState (FollowerState.java:run(108)) - bf166244-8880-4b0f-9be5-11fb29082dcb@group-5A011987FEB2-FollowerState: change to CANDIDATE, lastRpcTime:181ms, electionTimeout:181ms
2019-10-17 02:18:59,843 [Thread-654] INFO  impl.RoleInfo (RoleInfo.java:shutdownFollowerState(121)) - bf166244-8880-4b0f-9be5-11fb29082dcb: shutdown FollowerState
2019-10-17 02:18:59,843 [Thread-654] INFO  impl.RaftServerImpl (RaftServerImpl.java:setRole(184)) - bf166244-8880-4b0f-9be5-11fb29082dcb@group-5A011987FEB2: changes role from  FOLLOWER to CANDIDATE at term 28 for changeToCandidate
2019-10-17 02:18:59,843 [Thread-654] INFO  impl.RoleInfo (RoleInfo.java:updateAndGet(143)) - bf166244-8880-4b0f-9be5-11fb29082dcb: start LeaderElection
2019-10-17 02:18:59,857 [bf166244-8880-4b0f-9be5-11fb29082dcb@group-5A011987FEB2-LeaderElection35] INFO  impl.LeaderElection (LeaderElection.java:askForVotes(178)) - bf166244-8880-4b0f-9be5-11fb29082dcb@group-5A011987FEB2-LeaderElection35: begin an election at term 29 for -1: [bf166244-8880-4b0f-9be5-11fb29082dcb:192.168.157.194:44285, 33d40637-531b-47e9-8a2e-802b577efd6f:192.168.157.194:40644, 389ddf04-1777-44a1-860a-c678eeab2358:192.168.157.194:44119], old=null
2019-10-17 02:18:59,860 [grpc-default-executor-1] INFO  impl.RaftServerImpl (RaftServerImpl.java:setRole(184)) - 33d40637-531b-47e9-8a2e-802b577efd6f@group-5A011987FEB2: changes role from  FOLLOWER to FOLLOWER at term 29 for recognizeCandidate:bf166244-8880-4b0f-9be5-11fb29082dcb
2019-10-17 02:18:59,860 [grpc-default-executor-3] INFO  impl.RaftServerImpl (RaftServerImpl.java:setRole(184)) - 389ddf04-1777-44a1-860a-c678eeab2358@group-5A011987FEB2: changes role from  FOLLOWER to FOLLOWER at term 29 for recognizeCandidate:bf166244-8880-4b0f-9be5-11fb29082dcb
2019-10-17 02:18:59,860 [grpc-default-executor-1] INFO  impl.RoleInfo (RoleInfo.java:shutdownFollowerState(121)) - 33d40637-531b-47e9-8a2e-802b577efd6f: shutdown FollowerState
2019-10-17 02:18:59,860 [grpc-default-executor-3] INFO  impl.RoleInfo (RoleInfo.java:shutdownFollowerState(121)) - 389ddf04-1777-44a1-860a-c678eeab2358: shutdown FollowerState
2019-10-17 02:18:59,861 [grpc-default-executor-1] INFO  impl.RoleInfo (RoleInfo.java:updateAndGet(143)) - 33d40637-531b-47e9-8a2e-802b577efd6f: start FollowerState
2019-10-17 02:18:59,861 [Thread-653] INFO  impl.FollowerState (FollowerState.java:run(117)) - 389ddf04-1777-44a1-860a-c678eeab2358@group-5A011987FEB2-FollowerState was interrupted: java.lang.InterruptedException: sleep interrupted
2019-10-17 02:18:59,861 [grpc-default-executor-3] INFO  impl.RoleInfo (RoleInfo.java:updateAndGet(143)) - 389ddf04-1777-44a1-860a-c678eeab2358: start FollowerState
2019-10-17 02:18:59,861 [Thread-652] INFO  impl.FollowerState (FollowerState.java:run(117)) - 33d40637-531b-47e9-8a2e-802b577efd6f@group-5A011987FEB2-FollowerState was interrupted: java.lang.InterruptedException: sleep interrupted
2019-10-17 02:18:59,875 [bf166244-8880-4b0f-9be5-11fb29082dcb@group-5A011987FEB2-LeaderElection35] INFO  impl.LeaderElection (LeaderElection.java:logAndReturn(56)) - bf166244-8880-4b0f-9be5-11fb29082dcb@group-5A011987FEB2-LeaderElection35: Election REJECTED; received 2 response(s) [bf166244-8880-4b0f-9be5-11fb29082dcb<-389ddf04-1777-44a1-860a-c678eeab2358#0:FAIL-t29, bf166244-8880-4b0f-9be5-11fb29082dcb<-33d40637-531b-47e9-8a2e-802b577efd6f#0:FAIL-t29] and 0 exception(s); bf166244-8880-4b0f-9be5-11fb29082dcb@group-5A011987FEB2:t29, leader=null, voted=bf166244-8880-4b0f-9be5-11fb29082dcb, raftlog=bf166244-8880-4b0f-9be5-11fb29082dcb@group-5A011987FEB2-SegmentedRaftLog:OPENED:c-1,f-1,i0, conf=-1: [bf166244-8880-4b0f-9be5-11fb29082dcb:192.168.157.194:44285, 33d40637-531b-47e9-8a2e-802b577efd6f:192.168.157.194:40644, 389ddf04-1777-44a1-860a-c678eeab2358:192.168.157.194:44119], old=null
2019-10-17 02:18:59,875 [bf166244-8880-4b0f-9be5-11fb29082dcb@group-5A011987FEB2-LeaderElection35] INFO  impl.RaftServerImpl (RaftServerImpl.java:setRole(184)) - bf166244-8880-4b0f-9be5-11fb29082dcb@group-5A011987FEB2: changes role from CANDIDATE to FOLLOWER at term 29 for DISCOVERED_A_NEW_TERM
2019-10-17 02:18:59,875 [bf166244-8880-4b0f-9be5-11fb29082dcb@group-5A011987FEB2-LeaderElection35] INFO  impl.RoleInfo (RoleInfo.java:shutdownLeaderElection(134)) - bf166244-8880-4b0f-9be5-11fb29082dcb: shutdown LeaderElection
2019-10-17 02:18:59,876 [bf166244-8880-4b0f-9be5-11fb29082dcb@group-5A011987FEB2-LeaderElection35] INFO  impl.RoleInfo (RoleInfo.java:updateAndGet(143)) - bf166244-8880-4b0f-9be5-11fb29082dcb: start FollowerState
2019-10-17 02:19:00,016 [Thread-660] INFO  impl.FollowerState (FollowerState.java:run(108)) - bf166244-8880-4b0f-9be5-11fb29082dcb@group-5A011987FEB2-FollowerState: change to CANDIDATE, lastRpcTime:140ms, electionTimeout:140ms
2019-10-17 02:19:00,016 [Thread-660] INFO  impl.RoleInfo (RoleInfo.java:shutdownFollowerState(121)) - bf166244-8880-4b0f-9be5-11fb29082dcb: shutdown FollowerState
2019-10-17 02:19:00,016 [Thread-660] INFO  impl.RaftServerImpl (RaftServerImpl.java:setRole(184)) - bf166244-8880-4b0f-9be5-11fb29082dcb@group-5A011987FEB2: changes role from  FOLLOWER to CANDIDATE at term 29 for changeToCandidate
2019-10-17 02:19:00,017 [Thread-660] INFO  impl.RoleInfo (RoleInfo.java:updateAndGet(143)) - bf166244-8880-4b0f-9be5-11fb29082dcb: start LeaderElection
2019-10-17 02:19:00,031 [bf166244-8880-4b0f-9be5-11fb29082dcb@group-5A011987FEB2-LeaderElection36] INFO  impl.LeaderElection (LeaderElection.java:askForVotes(178)) - bf166244-8880-4b0f-9be5-11fb29082dcb@group-5A011987FEB2-LeaderElection36: begin an election at term 30 for -1: [bf166244-8880-4b0f-9be5-11fb29082dcb:192.168.157.194:44285, 33d40637-531b-47e9-8a2e-802b577efd6f:192.168.157.194:40644, 389ddf04-1777-44a1-860a-c678eeab2358:192.168.157.194:44119], old=null
2019-10-17 02:19:00,033 [bf166244-8880-4b0f-9be5-11fb29082dcb@group-5A011987FEB2-LeaderElection36] INFO  impl.LeaderElection (LeaderElection.java:logAndReturn(56)) - bf166244-8880-4b0f-9be5-11fb29082dcb@group-5A011987FEB2-LeaderElection36: Election TIMEOUT; received 0 response(s) [] and 0 exception(s); bf166244-8880-4b0f-9be5-11fb29082dcb@group-5A011987FEB2:t30, leader=null, voted=bf166244-8880-4b0f-9be5-11fb29082dcb, raftlog=bf166244-8880-4b0f-9be5-11fb29082dcb@group-5A011987FEB2-SegmentedRaftLog:OPENED:c-1,f-1,i0, conf=-1: [bf166244-8880-4b0f-9be5-11fb29082dcb:192.168.157.194:44285, 33d40637-531b-47e9-8a2e-802b577efd6f:192.168.157.194:40644, 389ddf04-1777-44a1-860a-c678eeab2358:192.168.157.194:44119], old=null
2019-10-17 02:19:00,033 [grpc-default-executor-1] INFO  impl.RaftServerImpl (RaftServerImpl.java:setRole(184)) - 389ddf04-1777-44a1-860a-c678eeab2358@group-5A011987FEB2: changes role from  FOLLOWER to FOLLOWER at term 30 for recognizeCandidate:bf166244-8880-4b0f-9be5-11fb29082dcb
2019-10-17 02:19:00,034 [grpc-default-executor-1] INFO  impl.RoleInfo (RoleInfo.java:shutdownFollowerState(121)) - 389ddf04-1777-44a1-860a-c678eeab2358: shutdown FollowerState
2019-10-17 02:19:00,034 [grpc-default-executor-3] INFO  impl.RaftServerImpl (RaftServerImpl.java:setRole(184)) - 33d40637-531b-47e9-8a2e-802b577efd6f@group-5A011987FEB2: changes role from  FOLLOWER to FOLLOWER at term 30 for recognizeCandidate:bf166244-8880-4b0f-9be5-11fb29082dcb
2019-10-17 02:19:00,034 [Thread-659] INFO  impl.FollowerState (FollowerState.java:run(117)) - 389ddf04-1777-44a1-860a-c678eeab2358@group-5A011987FEB2-FollowerState was interrupted: java.lang.InterruptedException: sleep interrupted
2019-10-17 02:19:00,034 [grpc-default-executor-1] INFO  impl.RoleInfo (RoleInfo.java:updateAndGet(143)) - 389ddf04-1777-44a1-860a-c678eeab2358: start FollowerState
2019-10-17 02:19:00,034 [grpc-default-executor-3] INFO  impl.RoleInfo (RoleInfo.java:shutdownFollowerState(121)) - 33d40637-531b-47e9-8a2e-802b577efd6f: shutdown FollowerState
2019-10-17 02:19:00,035 [grpc-default-executor-3] INFO  impl.RoleInfo (RoleInfo.java:updateAndGet(143)) - 33d40637-531b-47e9-8a2e-802b577efd6f: start FollowerState
2019-10-17 02:19:00,035 [Thread-658] INFO  impl.FollowerState (FollowerState.java:run(117)) - 33d40637-531b-47e9-8a2e-802b577efd6f@group-5A011987FEB2-FollowerState was interrupted: java.lang.InterruptedException: sleep interrupted
2019-10-17 02:19:00,047 [bf166244-8880-4b0f-9be5-11fb29082dcb@group-5A011987FEB2-LeaderElection36] INFO  impl.LeaderElection (LeaderElection.java:askForVotes(178)) - bf166244-8880-4b0f-9be5-11fb29082dcb@group-5A011987FEB2-LeaderElection36: begin an election at term 31 for -1: [bf166244-8880-4b0f-9be5-11fb29082dcb:192.168.157.194:44285, 33d40637-531b-47e9-8a2e-802b577efd6f:192.168.157.194:40644, 389ddf04-1777-44a1-860a-c678eeab2358:192.168.157.194:44119], old=null
2019-10-17 02:19:00,049 [grpc-default-executor-1] INFO  impl.RaftServerImpl (RaftServerImpl.java:setRole(184)) - 33d40637-531b-47e9-8a2e-802b577efd6f@group-5A011987FEB2: changes role from  FOLLOWER to FOLLOWER at term 31 for recognizeCandidate:bf166244-8880-4b0f-9be5-11fb29082dcb
2019-10-17 02:19:00,049 [grpc-default-executor-1] INFO  impl.RoleInfo (RoleInfo.java:shutdownFollowerState(121)) - 33d40637-531b-47e9-8a2e-802b577efd6f: shutdown FollowerState
2019-10-17 02:19:00,049 [Thread-665] INFO  impl.FollowerState (FollowerState.java:run(117)) - 33d40637-531b-47e9-8a2e-802b577efd6f@group-5A011987FEB2-FollowerState was interrupted: java.lang.InterruptedException: sleep interrupted
2019-10-17 02:19:00,049 [grpc-default-executor-1] INFO  impl.RoleInfo (RoleInfo.java:updateAndGet(143)) - 33d40637-531b-47e9-8a2e-802b577efd6f: start FollowerState
2019-10-17 02:19:00,049 [grpc-default-executor-3] INFO  impl.RaftServerImpl (RaftServerImpl.java:setRole(184)) - 389ddf04-1777-44a1-860a-c678eeab2358@group-5A011987FEB2: changes role from  FOLLOWER to FOLLOWER at term 31 for recognizeCandidate:bf166244-8880-4b0f-9be5-11fb29082dcb
2019-10-17 02:19:00,049 [grpc-default-executor-3] INFO  impl.RoleInfo (RoleInfo.java:shutdownFollowerState(121)) - 389ddf04-1777-44a1-860a-c678eeab2358: shutdown FollowerState
2019-10-17 02:19:00,050 [grpc-default-executor-3] INFO  impl.RoleInfo (RoleInfo.java:updateAndGet(143)) - 389ddf04-1777-44a1-860a-c678eeab2358: start FollowerState
2019-10-17 02:19:00,050 [Thread-664] INFO  impl.FollowerState (FollowerState.java:run(117)) - 389ddf04-1777-44a1-860a-c678eeab2358@group-5A011987FEB2-FollowerState was interrupted: java.lang.InterruptedException: sleep interrupted
2019-10-17 02:19:00,063 [bf166244-8880-4b0f-9be5-11fb29082dcb@group-5A011987FEB2-LeaderElection36] INFO  impl.LeaderElection (LeaderElection.java:logAndReturn(56)) - bf166244-8880-4b0f-9be5-11fb29082dcb@group-5A011987FEB2-LeaderElection36: Election REJECTED; received 2 response(s) [bf166244-8880-4b0f-9be5-11fb29082dcb<-389ddf04-1777-44a1-860a-c678eeab2358#0:FAIL-t31, bf166244-8880-4b0f-9be5-11fb29082dcb<-33d40637-531b-47e9-8a2e-802b577efd6f#0:FAIL-t31] and 0 exception(s); bf166244-8880-4b0f-9be5-11fb29082dcb@group-5A011987FEB2:t31, leader=null, voted=bf166244-8880-4b0f-9be5-11fb29082dcb, raftlog=bf166244-8880-4b0f-9be5-11fb29082dcb@group-5A011987FEB2-SegmentedRaftLog:OPENED:c-1,f-1,i0, conf=-1: [bf166244-8880-4b0f-9be5-11fb29082dcb:192.168.157.194:44285, 33d40637-531b-47e9-8a2e-802b577efd6f:192.168.157.194:40644, 389ddf04-1777-44a1-860a-c678eeab2358:192.168.157.194:44119], old=null
2019-10-17 02:19:00,063 [bf166244-8880-4b0f-9be5-11fb29082dcb@group-5A011987FEB2-LeaderElection36] INFO  impl.RaftServerImpl (RaftServerImpl.java:setRole(184)) - bf166244-8880-4b0f-9be5-11fb29082dcb@group-5A011987FEB2: changes role from CANDIDATE to FOLLOWER at term 31 for DISCOVERED_A_NEW_TERM
2019-10-17 02:19:00,064 [bf166244-8880-4b0f-9be5-11fb29082dcb@group-5A011987FEB2-LeaderElection36] INFO  impl.RoleInfo (RoleInfo.java:shutdownLeaderElection(134)) - bf166244-8880-4b0f-9be5-11fb29082dcb: shutdown LeaderElection
2019-10-17 02:19:00,064 [bf166244-8880-4b0f-9be5-11fb29082dcb@group-5A011987FEB2-LeaderElection36] INFO  impl.RoleInfo (RoleInfo.java:updateAndGet(143)) - bf166244-8880-4b0f-9be5-11fb29082dcb: start FollowerState
2019-10-17 02:19:00,213 [Thread-670] INFO  impl.FollowerState (FollowerState.java:run(108)) - bf166244-8880-4b0f-9be5-11fb29082dcb@group-5A011987FEB2-FollowerState: change to CANDIDATE, lastRpcTime:149ms, electionTimeout:149ms
2019-10-17 02:19:00,213 [Thread-670] INFO  impl.RoleInfo (RoleInfo.java:shutdownFollowerState(121)) - bf166244-8880-4b0f-9be5-11fb29082dcb: shutdown FollowerState
2019-10-17 02:19:00,214 [Thread-670] INFO  impl.RaftServerImpl (RaftServerImpl.java:setRole(184)) - bf166244-8880-4b0f-9be5-11fb29082dcb@group-5A011987FEB2: changes role from  FOLLOWER to CANDIDATE at term 31 for changeToCandidate
2019-10-17 02:19:00,214 [Thread-670] INFO  impl.RoleInfo (RoleInfo.java:updateAndGet(143)) - bf166244-8880-4b0f-9be5-11fb29082dcb: start LeaderElection
2019-10-17 02:19:00,228 [bf166244-8880-4b0f-9be5-11fb29082dcb@group-5A011987FEB2-LeaderElection37] INFO  impl.LeaderElection (LeaderElection.java:askForVotes(178)) - bf166244-8880-4b0f-9be5-11fb29082dcb@group-5A011987FEB2-LeaderElection37: begin an election at term 32 for -1: [bf166244-8880-4b0f-9be5-11fb29082dcb:192.168.157.194:44285, 33d40637-531b-47e9-8a2e-802b577efd6f:192.168.157.194:40644, 389ddf04-1777-44a1-860a-c678eeab2358:192.168.157.194:44119], old=null
2019-10-17 02:19:00,230 [grpc-default-executor-1] INFO  impl.RaftServerImpl (RaftServerImpl.java:setRole(184)) - 33d40637-531b-47e9-8a2e-802b577efd6f@group-5A011987FEB2: changes role from  FOLLOWER to FOLLOWER at term 32 for recognizeCandidate:bf166244-8880-4b0f-9be5-11fb29082dcb
2019-10-17 02:19:00,231 [grpc-default-executor-1] INFO  impl.RoleInfo (RoleInfo.java:shutdownFollowerState(121)) - 33d40637-531b-47e9-8a2e-802b577efd6f: shutdown FollowerState
2019-10-17 02:19:00,231 [grpc-default-executor-1] INFO  impl.RoleInfo (RoleInfo.java:updateAndGet(143)) - 33d40637-531b-47e9-8a2e-802b577efd6f: start FollowerState
2019-10-17 02:19:00,231 [Thread-668] INFO  impl.FollowerState (FollowerState.java:run(117)) - 33d40637-531b-47e9-8a2e-802b577efd6f@group-5A011987FEB2-FollowerState was interrupted: java.lang.InterruptedException: sleep interrupted
2019-10-17 02:19:00,231 [grpc-default-executor-3] INFO  impl.RaftServerImpl (RaftServerImpl.java:setRole(184)) - 389ddf04-1777-44a1-860a-c678eeab2358@group-5A011987FEB2: changes role from  FOLLOWER to FOLLOWER at term 32 for recognizeCandidate:bf166244-8880-4b0f-9be5-11fb29082dcb
2019-10-17 02:19:00,231 [grpc-default-executor-3] INFO  impl.RoleInfo (RoleInfo.java:shutdownFollowerState(121)) - 389ddf04-1777-44a1-860a-c678eeab2358: shutdown FollowerState
2019-10-17 02:19:00,232 [grpc-default-executor-3] INFO  impl.RoleInfo (RoleInfo.java:updateAndGet(143)) - 389ddf04-1777-44a1-860a-c678eeab2358: start FollowerState
2019-10-17 02:19:00,232 [Thread-669] INFO  impl.FollowerState (FollowerState.java:run(117)) - 389ddf04-1777-44a1-860a-c678eeab2358@group-5A011987FEB2-FollowerState was interrupted: java.lang.InterruptedException: sleep interrupted
2019-10-17 02:19:00,238 [bf166244-8880-4b0f-9be5-11fb29082dcb@group-5A011987FEB2-LeaderElection37] INFO  impl.LeaderElection (LeaderElection.java:logAndReturn(56)) - bf166244-8880-4b0f-9be5-11fb29082dcb@group-5A011987FEB2-LeaderElection37: Election TIMEOUT; received 0 response(s) [] and 0 exception(s); bf166244-8880-4b0f-9be5-11fb29082dcb@group-5A011987FEB2:t32, leader=null, voted=bf166244-8880-4b0f-9be5-11fb29082dcb, raftlog=bf166244-8880-4b0f-9be5-11fb29082dcb@group-5A011987FEB2-SegmentedRaftLog:OPENED:c-1,f-1,i0, conf=-1: [bf166244-8880-4b0f-9be5-11fb29082dcb:192.168.157.194:44285, 33d40637-531b-47e9-8a2e-802b577efd6f:192.168.157.194:40644, 389ddf04-1777-44a1-860a-c678eeab2358:192.168.157.194:44119], old=null
2019-10-17 02:19:00,245 [bf166244-8880-4b0f-9be5-11fb29082dcb@group-5A011987FEB2-LeaderElection37] INFO  impl.LeaderElection (LeaderElection.java:askForVotes(178)) - bf166244-8880-4b0f-9be5-11fb29082dcb@group-5A011987FEB2-LeaderElection37: begin an election at term 33 for -1: [bf166244-8880-4b0f-9be5-11fb29082dcb:192.168.157.194:44285, 33d40637-531b-47e9-8a2e-802b577efd6f:192.168.157.194:40644, 389ddf04-1777-44a1-860a-c678eeab2358:192.168.157.194:44119], old=null
2019-10-17 02:19:00,247 [grpc-default-executor-1] INFO  impl.RaftServerImpl (RaftServerImpl.java:setRole(184)) - 33d40637-531b-47e9-8a2e-802b577efd6f@group-5A011987FEB2: changes role from  FOLLOWER to FOLLOWER at term 33 for recognizeCandidate:bf166244-8880-4b0f-9be5-11fb29082dcb
2019-10-17 02:19:00,247 [grpc-default-executor-1] INFO  impl.RoleInfo (RoleInfo.java:shutdownFollowerState(121)) - 33d40637-531b-47e9-8a2e-802b577efd6f: shutdown FollowerState
2019-10-17 02:19:00,247 [grpc-default-executor-1] INFO  impl.RoleInfo (RoleInfo.java:updateAndGet(143)) - 33d40637-531b-47e9-8a2e-802b577efd6f: start FollowerState
2019-10-17 02:19:00,247 [Thread-674] INFO  impl.FollowerState (FollowerState.java:run(117)) - 33d40637-531b-47e9-8a2e-802b577efd6f@group-5A011987FEB2-FollowerState was interrupted: java.lang.InterruptedException: sleep interrupted
2019-10-17 02:19:00,248 [grpc-default-executor-3] INFO  impl.RaftServerImpl (RaftServerImpl.java:setRole(184)) - 389ddf04-1777-44a1-860a-c678eeab2358@group-5A011987FEB2: changes role from  FOLLOWER to FOLLOWER at term 33 for recognizeCandidate:bf166244-8880-4b0f-9be5-11fb29082dcb
2019-10-17 02:19:00,248 [grpc-default-executor-3] INFO  impl.RoleInfo (RoleInfo.java:shutdownFollowerState(121)) - 389ddf04-1777-44a1-860a-c678eeab2358: shutdown FollowerState
2019-10-17 02:19:00,248 [grpc-default-executor-3] INFO  impl.RoleInfo (RoleInfo.java:updateAndGet(143)) - 389ddf04-1777-44a1-860a-c678eeab2358: start FollowerState
2019-10-17 02:19:00,248 [Thread-675] INFO  impl.FollowerState (FollowerState.java:run(117)) - 389ddf04-1777-44a1-860a-c678eeab2358@group-5A011987FEB2-FollowerState was interrupted: java.lang.InterruptedException: sleep interrupted
2019-10-17 02:19:00,262 [bf166244-8880-4b0f-9be5-11fb29082dcb@group-5A011987FEB2-LeaderElection37] INFO  impl.LeaderElection (LeaderElection.java:logAndReturn(56)) - bf166244-8880-4b0f-9be5-11fb29082dcb@group-5A011987FEB2-LeaderElection37: Election REJECTED; received 2 response(s) [bf166244-8880-4b0f-9be5-11fb29082dcb<-389ddf04-1777-44a1-860a-c678eeab2358#0:FAIL-t33, bf166244-8880-4b0f-9be5-11fb29082dcb<-33d40637-531b-47e9-8a2e-802b577efd6f#0:FAIL-t33] and 0 exception(s); bf166244-8880-4b0f-9be5-11fb29082dcb@group-5A011987FEB2:t33, leader=null, voted=bf166244-8880-4b0f-9be5-11fb29082dcb, raftlog=bf166244-8880-4b0f-9be5-11fb29082dcb@group-5A011987FEB2-SegmentedRaftLog:OPENED:c-1,f-1,i0, conf=-1: [bf166244-8880-4b0f-9be5-11fb29082dcb:192.168.157.194:44285, 33d40637-531b-47e9-8a2e-802b577efd6f:192.168.157.194:40644, 389ddf04-1777-44a1-860a-c678eeab2358:192.168.157.194:44119], old=null
2019-10-17 02:19:00,262 [bf166244-8880-4b0f-9be5-11fb29082dcb@group-5A011987FEB2-LeaderElection37] INFO  impl.RaftServerImpl (RaftServerImpl.java:setRole(184)) - bf166244-8880-4b0f-9be5-11fb29082dcb@group-5A011987FEB2: changes role from CANDIDATE to FOLLOWER at term 33 for DISCOVERED_A_NEW_TERM
2019-10-17 02:19:00,262 [bf166244-8880-4b0f-9be5-11fb29082dcb@group-5A011987FEB2-LeaderElection37] INFO  impl.RoleInfo (RoleInfo.java:shutdownLeaderElection(134)) - bf166244-8880-4b0f-9be5-11fb29082dcb: shutdown LeaderElection
2019-10-17 02:19:00,262 [bf166244-8880-4b0f-9be5-11fb29082dcb@group-5A011987FEB2-LeaderElection37] INFO  impl.RoleInfo (RoleInfo.java:updateAndGet(143)) - bf166244-8880-4b0f-9be5-11fb29082dcb: start FollowerState
2019-10-17 02:19:00,351 [Thread-680] INFO  impl.FollowerState (FollowerState.java:run(108)) - bf166244-8880-4b0f-9be5-11fb29082dcb@group-5A011987FEB2-FollowerState: change to CANDIDATE, lastRpcTime:88ms, electionTimeout:88ms
2019-10-17 02:19:00,351 [Thread-680] INFO  impl.RoleInfo (RoleInfo.java:shutdownFollowerState(121)) - bf166244-8880-4b0f-9be5-11fb29082dcb: shutdown FollowerState
2019-10-17 02:19:00,351 [Thread-680] INFO  impl.RaftServerImpl (RaftServerImpl.java:setRole(184)) - bf166244-8880-4b0f-9be5-11fb29082dcb@group-5A011987FEB2: changes role from  FOLLOWER to CANDIDATE at term 33 for changeToCandidate
2019-10-17 02:19:00,351 [Thread-680] INFO  impl.RoleInfo (RoleInfo.java:updateAndGet(143)) - bf166244-8880-4b0f-9be5-11fb29082dcb: start LeaderElection
2019-10-17 02:19:00,373 [bf166244-8880-4b0f-9be5-11fb29082dcb@group-5A011987FEB2-LeaderElection38] INFO  impl.LeaderElection (LeaderElection.java:askForVotes(178)) - bf166244-8880-4b0f-9be5-11fb29082dcb@group-5A011987FEB2-LeaderElection38: begin an election at term 34 for -1: [bf166244-8880-4b0f-9be5-11fb29082dcb:192.168.157.194:44285, 33d40637-531b-47e9-8a2e-802b577efd6f:192.168.157.194:40644, 389ddf04-1777-44a1-860a-c678eeab2358:192.168.157.194:44119], old=null
2019-10-17 02:19:00,375 [grpc-default-executor-3] INFO  impl.RaftServerImpl (RaftServerImpl.java:setRole(184)) - 33d40637-531b-47e9-8a2e-802b577efd6f@group-5A011987FEB2: changes role from  FOLLOWER to FOLLOWER at term 34 for recognizeCandidate:bf166244-8880-4b0f-9be5-11fb29082dcb
2019-10-17 02:19:00,375 [grpc-default-executor-3] INFO  impl.RoleInfo (RoleInfo.java:shutdownFollowerState(121)) - 33d40637-531b-47e9-8a2e-802b577efd6f: shutdown FollowerState
2019-10-17 02:19:00,375 [grpc-default-executor-3] INFO  impl.RoleInfo (RoleInfo.java:updateAndGet(143)) - 33d40637-531b-47e9-8a2e-802b577efd6f: start FollowerState
2019-10-17 02:19:00,375 [grpc-default-executor-1] INFO  impl.RaftServerImpl (RaftServerImpl.java:setRole(184)) - 389ddf04-1777-44a1-860a-c678eeab2358@group-5A011987FEB2: changes role from  FOLLOWER to FOLLOWER at term 34 for recognizeCandidate:bf166244-8880-4b0f-9be5-11fb29082dcb
2019-10-17 02:19:00,375 [Thread-678] INFO  impl.FollowerState (FollowerState.java:run(117)) - 33d40637-531b-47e9-8a2e-802b577efd6f@group-5A011987FEB2-FollowerState was interrupted: java.lang.InterruptedException: sleep interrupted
2019-10-17 02:19:00,375 [grpc-default-executor-1] INFO  impl.RoleInfo (RoleInfo.java:shutdownFollowerState(121)) - 389ddf04-1777-44a1-860a-c678eeab2358: shutdown FollowerState
2019-10-17 02:19:00,376 [grpc-default-executor-1] INFO  impl.RoleInfo (RoleInfo.java:updateAndGet(143)) - 389ddf04-1777-44a1-860a-c678eeab2358: start FollowerState
2019-10-17 02:19:00,376 [Thread-679] INFO  impl.FollowerState (FollowerState.java:run(117)) - 389ddf04-1777-44a1-860a-c678eeab2358@group-5A011987FEB2-FollowerState was interrupted: java.lang.InterruptedException: sleep interrupted
2019-10-17 02:19:00,390 [bf166244-8880-4b0f-9be5-11fb29082dcb@group-5A011987FEB2-LeaderElection38] INFO  impl.LeaderElection (LeaderElection.java:logAndReturn(56)) - bf166244-8880-4b0f-9be5-11fb29082dcb@group-5A011987FEB2-LeaderElection38: Election REJECTED; received 2 response(s) [bf166244-8880-4b0f-9be5-11fb29082dcb<-389ddf04-1777-44a1-860a-c678eeab2358#0:FAIL-t34, bf166244-8880-4b0f-9be5-11fb29082dcb<-33d40637-531b-47e9-8a2e-802b577efd6f#0:FAIL-t34] and 0 exception(s); bf166244-8880-4b0f-9be5-11fb29082dcb@group-5A011987FEB2:t34, leader=null, voted=bf166244-8880-4b0f-9be5-11fb29082dcb, raftlog=bf166244-8880-4b0f-9be5-11fb29082dcb@group-5A011987FEB2-SegmentedRaftLog:OPENED:c-1,f-1,i0, conf=-1: [bf166244-8880-4b0f-9be5-11fb29082dcb:192.168.157.194:44285, 33d40637-531b-47e9-8a2e-802b577efd6f:192.168.157.194:40644, 389ddf04-1777-44a1-860a-c678eeab2358:192.168.157.194:44119], old=null
2019-10-17 02:19:00,390 [bf166244-8880-4b0f-9be5-11fb29082dcb@group-5A011987FEB2-LeaderElection38] INFO  impl.RaftServerImpl (RaftServerImpl.java:setRole(184)) - bf166244-8880-4b0f-9be5-11fb29082dcb@group-5A011987FEB2: changes role from CANDIDATE to FOLLOWER at term 34 for DISCOVERED_A_NEW_TERM
2019-10-17 02:19:00,390 [bf166244-8880-4b0f-9be5-11fb29082dcb@group-5A011987FEB2-LeaderElection38] INFO  impl.RoleInfo (RoleInfo.java:shutdownLeaderElection(134)) - bf166244-8880-4b0f-9be5-11fb29082dcb: shutdown LeaderElection
2019-10-17 02:19:00,391 [bf166244-8880-4b0f-9be5-11fb29082dcb@group-5A011987FEB2-LeaderElection38] INFO  impl.RoleInfo (RoleInfo.java:updateAndGet(143)) - bf166244-8880-4b0f-9be5-11fb29082dcb: start FollowerState
2019-10-17 02:19:00,555 [Thread-686] INFO  impl.FollowerState (FollowerState.java:run(108)) - bf166244-8880-4b0f-9be5-11fb29082dcb@group-5A011987FEB2-FollowerState: change to CANDIDATE, lastRpcTime:164ms, electionTimeout:164ms
2019-10-17 02:19:00,555 [Thread-686] INFO  impl.RoleInfo (RoleInfo.java:shutdownFollowerState(121)) - bf166244-8880-4b0f-9be5-11fb29082dcb: shutdown FollowerState
2019-10-17 02:19:00,555 [Thread-686] INFO  impl.RaftServerImpl (RaftServerImpl.java:setRole(184)) - bf166244-8880-4b0f-9be5-11fb29082dcb@group-5A011987FEB2: changes role from  FOLLOWER to CANDIDATE at term 34 for changeToCandidate
2019-10-17 02:19:00,556 [Thread-686] INFO  impl.RoleInfo (RoleInfo.java:updateAndGet(143)) - bf166244-8880-4b0f-9be5-11fb29082dcb: start LeaderElection
 100.00% |?????????????????????????????????????????????????????????????????????????????????????????????????????|  1/1 Time: 0:00:05
2019-10-17 02:19:00,570 [bf166244-8880-4b0f-9be5-11fb29082dcb@group-5A011987FEB2-LeaderElection39] INFO  impl.LeaderElection (LeaderElection.java:askForVotes(178)) - bf166244-8880-4b0f-9be5-11fb29082dcb@group-5A011987FEB2-LeaderElection39: begin an election at term 35 for -1: [bf166244-8880-4b0f-9be5-11fb29082dcb:192.168.157.194:44285, 33d40637-531b-47e9-8a2e-802b577efd6f:192.168.157.194:40644, 389ddf04-1777-44a1-860a-c678eeab2358:192.168.157.194:44119], old=null
2019-10-17 02:19:00,572 [grpc-default-executor-3] INFO  impl.RaftServerImpl (RaftServerImpl.java:setRole(184)) - 33d40637-531b-47e9-8a2e-802b577efd6f@group-5A011987FEB2: changes role from  FOLLOWER to FOLLOWER at term 35 for recognizeCandidate:bf166244-8880-4b0f-9be5-11fb29082dcb
2019-10-17 02:19:00,572 [grpc-default-executor-1] INFO  impl.RaftServerImpl (RaftServerImpl.java:setRole(184)) - 389ddf04-1777-44a1-860a-c678eeab2358@group-5A011987FEB2: changes role from  FOLLOWER to FOLLOWER at term 35 for recognizeCandidate:bf166244-8880-4b0f-9be5-11fb29082dcb
2019-10-17 02:19:00,572 [grpc-default-executor-3] INFO  impl.RoleInfo (RoleInfo.java:shutdownFollowerState(121)) - 33d40637-531b-47e9-8a2e-802b577efd6f: shutdown FollowerState
2019-10-17 02:19:00,572 [grpc-default-executor-1] INFO  impl.RoleInfo (RoleInfo.java:shutdownFollowerState(121)) - 389ddf04-1777-44a1-860a-c678eeab2358: shutdown FollowerState
2019-10-17 02:19:00,573 [Thread-684] INFO  impl.FollowerState (FollowerState.java:run(117)) - 33d40637-531b-47e9-8a2e-802b577efd6f@group-5A011987FEB2-FollowerState was interrupted: java.lang.InterruptedException: sleep interrupted
2019-10-17 02:19:00,573 [grpc-default-executor-3] INFO  impl.RoleInfo (RoleInfo.java:updateAndGet(143)) - 33d40637-531b-47e9-8a2e-802b577efd6f: start FollowerState
2019-10-17 02:19:00,573 [Thread-685] INFO  impl.FollowerState (FollowerState.java:run(117)) - 389ddf04-1777-44a1-860a-c678eeab2358@group-5A011987FEB2-FollowerState was interrupted: java.lang.InterruptedException: sleep interrupted
2019-10-17 02:19:00,573 [grpc-default-executor-1] INFO  impl.RoleInfo (RoleInfo.java:updateAndGet(143)) - 389ddf04-1777-44a1-860a-c678eeab2358: start FollowerState
2019-10-17 02:19:00,588 [bf166244-8880-4b0f-9be5-11fb29082dcb@group-5A011987FEB2-LeaderElection39] INFO  impl.LeaderElection (LeaderElection.java:logAndReturn(56)) - bf166244-8880-4b0f-9be5-11fb29082dcb@group-5A011987FEB2-LeaderElection39: Election REJECTED; received 2 response(s) [bf166244-8880-4b0f-9be5-11fb29082dcb<-389ddf04-1777-44a1-860a-c678eeab2358#0:FAIL-t35, bf166244-8880-4b0f-9be5-11fb29082dcb<-33d40637-531b-47e9-8a2e-802b577efd6f#0:FAIL-t35] and 0 exception(s); bf166244-8880-4b0f-9be5-11fb29082dcb@group-5A011987FEB2:t35, leader=null, voted=bf166244-8880-4b0f-9be5-11fb29082dcb, raftlog=bf166244-8880-4b0f-9be5-11fb29082dcb@group-5A011987FEB2-SegmentedRaftLog:OPENED:c-1,f-1,i0, conf=-1: [bf166244-8880-4b0f-9be5-11fb29082dcb:192.168.157.194:44285, 33d40637-531b-47e9-8a2e-802b577efd6f:192.168.157.194:40644, 389ddf04-1777-44a1-860a-c678eeab2358:192.168.157.194:44119], old=null
2019-10-17 02:19:00,588 [bf166244-8880-4b0f-9be5-11fb29082dcb@group-5A011987FEB2-LeaderElection39] INFO  impl.RaftServerImpl (RaftServerImpl.java:setRole(184)) - bf166244-8880-4b0f-9be5-11fb29082dcb@group-5A011987FEB2: changes role from CANDIDATE to FOLLOWER at term 35 for DISCOVERED_A_NEW_TERM
2019-10-17 02:19:00,588 [bf166244-8880-4b0f-9be5-11fb29082dcb@group-5A011987FEB2-LeaderElection39] INFO  impl.RoleInfo (RoleInfo.java:shutdownLeaderElection(134)) - bf166244-8880-4b0f-9be5-11fb29082dcb: shutdown LeaderElection
2019-10-17 02:19:00,588 [bf166244-8880-4b0f-9be5-11fb29082dcb@group-5A011987FEB2-LeaderElection39] INFO  impl.RoleInfo (RoleInfo.java:updateAndGet(143)) - bf166244-8880-4b0f-9be5-11fb29082dcb: start FollowerState
2019-10-17 02:19:00,782 [Thread-692] INFO  impl.FollowerState (FollowerState.java:run(108)) - bf166244-8880-4b0f-9be5-11fb29082dcb@group-5A011987FEB2-FollowerState: change to CANDIDATE, lastRpcTime:193ms, electionTimeout:193ms
2019-10-17 02:19:00,782 [Thread-692] INFO  impl.RoleInfo (RoleInfo.java:shutdownFollowerState(121)) - bf166244-8880-4b0f-9be5-11fb29082dcb: shutdown FollowerState
2019-10-17 02:19:00,782 [Thread-692] INFO  impl.RaftServerImpl (RaftServerImpl.java:setRole(184)) - bf166244-8880-4b0f-9be5-11fb29082dcb@group-5A011987FEB2: changes role from  FOLLOWER to CANDIDATE at term 35 for changeToCandidate
2019-10-17 02:19:00,782 [Thread-692] INFO  impl.RoleInfo (RoleInfo.java:updateAndGet(143)) - bf166244-8880-4b0f-9be5-11fb29082dcb: start LeaderElection
2019-10-17 02:19:00,796 [bf166244-8880-4b0f-9be5-11fb29082dcb@group-5A011987FEB2-LeaderElection40] INFO  impl.LeaderElection (LeaderElection.java:askForVotes(178)) - bf166244-8880-4b0f-9be5-11fb29082dcb@group-5A011987FEB2-LeaderElection40: begin an election at term 36 for -1: [bf166244-8880-4b0f-9be5-11fb29082dcb:192.168.157.194:44285, 33d40637-531b-47e9-8a2e-802b577efd6f:192.168.157.194:40644, 389ddf04-1777-44a1-860a-c678eeab2358:192.168.157.194:44119], old=null
2019-10-17 02:19:00,798 [grpc-default-executor-1] INFO  impl.RaftServerImpl (RaftServerImpl.java:setRole(184)) - 33d40637-531b-47e9-8a2e-802b577efd6f@group-5A011987FEB2: changes role from  FOLLOWER to FOLLOWER at term 36 for recognizeCandidate:bf166244-8880-4b0f-9be5-11fb29082dcb
2019-10-17 02:19:00,798 [grpc-default-executor-3] INFO  impl.RaftServerImpl (RaftServerImpl.java:setRole(184)) - 389ddf04-1777-44a1-860a-c678eeab2358@group-5A011987FEB2: changes role from  FOLLOWER to FOLLOWER at term 36 for recognizeCandidate:bf166244-8880-4b0f-9be5-11fb29082dcb
2019-10-17 02:19:00,798 [grpc-default-executor-1] INFO  impl.RoleInfo (RoleInfo.java:shutdownFollowerState(121)) - 33d40637-531b-47e9-8a2e-802b577efd6f: shutdown FollowerState
2019-10-17 02:19:00,799 [grpc-default-executor-3] INFO  impl.RoleInfo (RoleInfo.java:shutdownFollowerState(121)) - 389ddf04-1777-44a1-860a-c678eeab2358: shutdown FollowerState
2019-10-17 02:19:00,799 [Thread-690] INFO  impl.FollowerState (FollowerState.java:run(117)) - 33d40637-531b-47e9-8a2e-802b577efd6f@group-5A011987FEB2-FollowerState was interrupted: java.lang.InterruptedException: sleep interrupted
2019-10-17 02:19:00,799 [grpc-default-executor-1] INFO  impl.RoleInfo (RoleInfo.java:updateAndGet(143)) - 33d40637-531b-47e9-8a2e-802b577efd6f: start FollowerState
2019-10-17 02:19:00,799 [Thread-691] INFO  impl.FollowerState (FollowerState.java:run(117)) - 389ddf04-1777-44a1-860a-c678eeab2358@group-5A011987FEB2-FollowerState was interrupted: java.lang.InterruptedException: sleep interrupted
2019-10-17 02:19:00,799 [grpc-default-executor-3] INFO  impl.RoleInfo (RoleInfo.java:updateAndGet(143)) - 389ddf04-1777-44a1-860a-c678eeab2358: start FollowerState
2019-10-17 02:19:00,815 [bf166244-8880-4b0f-9be5-11fb29082dcb@group-5A011987FEB2-LeaderElection40] INFO  impl.LeaderElection (LeaderElection.java:logAndReturn(56)) - bf166244-8880-4b0f-9be5-11fb29082dcb@group-5A011987FEB2-LeaderElection40: Election REJECTED; received 2 response(s) [bf166244-8880-4b0f-9be5-11fb29082dcb<-389ddf04-1777-44a1-860a-c678eeab2358#0:FAIL-t36, bf166244-8880-4b0f-9be5-11fb29082dcb<-33d40637-531b-47e9-8a2e-802b577efd6f#0:FAIL-t36] and 0 exception(s); bf166244-8880-4b0f-9be5-11fb29082dcb@group-5A011987FEB2:t36, leader=null, voted=bf166244-8880-4b0f-9be5-11fb29082dcb, raftlog=bf166244-8880-4b0f-9be5-11fb29082dcb@group-5A011987FEB2-SegmentedRaftLog:OPENED:c-1,f-1,i0, conf=-1: [bf166244-8880-4b0f-9be5-11fb29082dcb:192.168.157.194:44285, 33d40637-531b-47e9-8a2e-802b577efd6f:192.168.157.194:40644, 389ddf04-1777-44a1-860a-c678eeab2358:192.168.157.194:44119], old=null
2019-10-17 02:19:00,816 [bf166244-8880-4b0f-9be5-11fb29082dcb@group-5A011987FEB2-LeaderElection40] INFO  impl.RaftServerImpl (RaftServerImpl.java:setRole(184)) - bf166244-8880-4b0f-9be5-11fb29082dcb@group-5A011987FEB2: changes role from CANDIDATE to FOLLOWER at term 36 for DISCOVERED_A_NEW_TERM
2019-10-17 02:19:00,816 [bf166244-8880-4b0f-9be5-11fb29082dcb@group-5A011987FEB2-LeaderElection40] INFO  impl.RoleInfo (RoleInfo.java:shutdownLeaderElection(134)) - bf166244-8880-4b0f-9be5-11fb29082dcb: shutdown LeaderElection
2019-10-17 02:19:00,816 [bf166244-8880-4b0f-9be5-11fb29082dcb@group-5A011987FEB2-LeaderElection40] INFO  impl.RoleInfo (RoleInfo.java:updateAndGet(143)) - bf166244-8880-4b0f-9be5-11fb29082dcb: start FollowerState
2019-10-17 02:19:01,012 [Thread-698] INFO  impl.FollowerState (FollowerState.java:run(108)) - bf166244-8880-4b0f-9be5-11fb29082dcb@group-5A011987FEB2-FollowerState: change to CANDIDATE, lastRpcTime:196ms, electionTimeout:196ms
2019-10-17 02:19:01,013 [Thread-698] INFO  impl.RoleInfo (RoleInfo.java:shutdownFollowerState(121)) - bf166244-8880-4b0f-9be5-11fb29082dcb: shutdown FollowerState
2019-10-17 02:19:01,013 [Thread-698] INFO  impl.RaftServerImpl (RaftServerImpl.java:setRole(184)) - bf166244-8880-4b0f-9be5-11fb29082dcb@group-5A011987FEB2: changes role from  FOLLOWER to CANDIDATE at term 36 for changeToCandidate
2019-10-17 02:19:01,013 [Thread-698] INFO  impl.RoleInfo (RoleInfo.java:updateAndGet(143)) - bf166244-8880-4b0f-9be5-11fb29082dcb: start LeaderElection
2019-10-17 02:19:01,253 [bf166244-8880-4b0f-9be5-11fb29082dcb@group-5A011987FEB2-LeaderElection41] INFO  impl.LeaderElection (LeaderElection.java:askForVotes(178)) - bf166244-8880-4b0f-9be5-11fb29082dcb@group-5A011987FEB2-LeaderElection41: begin an election at term 37 for -1: [bf166244-8880-4b0f-9be5-11fb29082dcb:192.168.157.194:44285, 33d40637-531b-47e9-8a2e-802b577efd6f:192.168.157.194:40644, 389ddf04-1777-44a1-860a-c678eeab2358:192.168.157.194:44119], old=null
2019-10-17 02:19:01,256 [grpc-default-executor-1] INFO  impl.RaftServerImpl (RaftServerImpl.java:setRole(184)) - 33d40637-531b-47e9-8a2e-802b577efd6f@group-5A011987FEB2: changes role from  FOLLOWER to FOLLOWER at term 37 for recognizeCandidate:bf166244-8880-4b0f-9be5-11fb29082dcb
2019-10-17 02:19:01,256 [grpc-default-executor-3] INFO  impl.RaftServerImpl (RaftServerImpl.java:setRole(184)) - 389ddf04-1777-44a1-860a-c678eeab2358@group-5A011987FEB2: changes role from  FOLLOWER to FOLLOWER at term 37 for recognizeCandidate:bf166244-8880-4b0f-9be5-11fb29082dcb
2019-10-17 02:19:01,256 [grpc-default-executor-1] INFO  impl.RoleInfo (RoleInfo.java:shutdownFollowerState(121)) - 33d40637-531b-47e9-8a2e-802b577efd6f: shutdown FollowerState
2019-10-17 02:19:01,257 [grpc-default-executor-3] INFO  impl.RoleInfo (RoleInfo.java:shutdownFollowerState(121)) - 389ddf04-1777-44a1-860a-c678eeab2358: shutdown FollowerState
2019-10-17 02:19:01,257 [Thread-696] INFO  impl.FollowerState (FollowerState.java:run(117)) - 33d40637-531b-47e9-8a2e-802b577efd6f@group-5A011987FEB2-FollowerState was interrupted: java.lang.InterruptedException: sleep interrupted
2019-10-17 02:19:01,257 [Thread-697] INFO  impl.FollowerState (FollowerState.java:run(117)) - 389ddf04-1777-44a1-860a-c678eeab2358@group-5A011987FEB2-FollowerState was interrupted: java.lang.InterruptedException: sleep interrupted
2019-10-17 02:19:01,257 [grpc-default-executor-1] INFO  impl.RoleInfo (RoleInfo.java:updateAndGet(143)) - 33d40637-531b-47e9-8a2e-802b577efd6f: start FollowerState
2019-10-17 02:19:01,257 [grpc-default-executor-3] INFO  impl.RoleInfo (RoleInfo.java:updateAndGet(143)) - 389ddf04-1777-44a1-860a-c678eeab2358: start FollowerState
2019-10-17 02:19:01,266 [bf166244-8880-4b0f-9be5-11fb29082dcb@group-5A011987FEB2-LeaderElection41] INFO  impl.LeaderElection (LeaderElection.java:logAndReturn(56)) - bf166244-8880-4b0f-9be5-11fb29082dcb@group-5A011987FEB2-LeaderElection41: Election REJECTED; received 2 response(s) [bf166244-8880-4b0f-9be5-11fb29082dcb<-389ddf04-1777-44a1-860a-c678eeab2358#0:FAIL-t37, bf166244-8880-4b0f-9be5-11fb29082dcb<-33d40637-531b-47e9-8a2e-802b577efd6f#0:FAIL-t37] and 0 exception(s); bf166244-8880-4b0f-9be5-11fb29082dcb@group-5A011987FEB2:t37, leader=null, voted=bf166244-8880-4b0f-9be5-11fb29082dcb, raftlog=bf166244-8880-4b0f-9be5-11fb29082dcb@group-5A011987FEB2-SegmentedRaftLog:OPENED:c-1,f-1,i0, conf=-1: [bf166244-8880-4b0f-9be5-11fb29082dcb:192.168.157.194:44285, 33d40637-531b-47e9-8a2e-802b577efd6f:192.168.157.194:40644, 389ddf04-1777-44a1-860a-c678eeab2358:192.168.157.194:44119], old=null
2019-10-17 02:19:01,266 [bf166244-8880-4b0f-9be5-11fb29082dcb@group-5A011987FEB2-LeaderElection41] INFO  impl.RaftServerImpl (RaftServerImpl.java:setRole(184)) - bf166244-8880-4b0f-9be5-11fb29082dcb@group-5A011987FEB2: changes role from CANDIDATE to FOLLOWER at term 37 for DISCOVERED_A_NEW_TERM
2019-10-17 02:19:01,267 [bf166244-8880-4b0f-9be5-11fb29082dcb@group-5A011987FEB2-LeaderElection41] INFO  impl.RoleInfo (RoleInfo.java:shutdownLeaderElection(134)) - bf166244-8880-4b0f-9be5-11fb29082dcb: shutdown LeaderElection
2019-10-17 02:19:01,267 [bf166244-8880-4b0f-9be5-11fb29082dcb@group-5A011987FEB2-LeaderElection41] INFO  impl.RoleInfo (RoleInfo.java:updateAndGet(143)) - bf166244-8880-4b0f-9be5-11fb29082dcb: start FollowerState
2019-10-17 02:19:01,349 [Thread-704] INFO  impl.FollowerState (FollowerState.java:run(108)) - bf166244-8880-4b0f-9be5-11fb29082dcb@group-5A011987FEB2-FollowerState: change to CANDIDATE, lastRpcTime:82ms, electionTimeout:82ms
2019-10-17 02:19:01,349 [Thread-704] INFO  impl.RoleInfo (RoleInfo.java:shutdownFollowerState(121)) - bf166244-8880-4b0f-9be5-11fb29082dcb: shutdown FollowerState
2019-10-17 02:19:01,349 [Thread-704] INFO  impl.RaftServerImpl (RaftServerImpl.java:setRole(184)) - bf166244-8880-4b0f-9be5-11fb29082dcb@group-5A011987FEB2: changes role from  FOLLOWER to CANDIDATE at term 37 for changeToCandidate
2019-10-17 02:19:01,349 [Thread-704] INFO  impl.RoleInfo (RoleInfo.java:updateAndGet(143)) - bf166244-8880-4b0f-9be5-11fb29082dcb: start LeaderElection
2019-10-17 02:19:01,363 [bf166244-8880-4b0f-9be5-11fb29082dcb@group-5A011987FEB2-LeaderElection42] INFO  impl.LeaderElection (LeaderElection.java:askForVotes(178)) - bf166244-8880-4b0f-9be5-11fb29082dcb@group-5A011987FEB2-LeaderElection42: begin an election at term 38 for -1: [bf166244-8880-4b0f-9be5-11fb29082dcb:192.168.157.194:44285, 33d40637-531b-47e9-8a2e-802b577efd6f:192.168.157.194:40644, 389ddf04-1777-44a1-860a-c678eeab2358:192.168.157.194:44119], old=null
2019-10-17 02:19:01,365 [grpc-default-executor-1] INFO  impl.RaftServerImpl (RaftServerImpl.java:setRole(184)) - 33d40637-531b-47e9-8a2e-802b577efd6f@group-5A011987FEB2: changes role from  FOLLOWER to FOLLOWER at term 38 for recognizeCandidate:bf166244-8880-4b0f-9be5-11fb29082dcb
2019-10-17 02:19:01,365 [grpc-default-executor-3] INFO  impl.RaftServerImpl (RaftServerImpl.java:setRole(184)) - 389ddf04-1777-44a1-860a-c678eeab2358@group-5A011987FEB2: changes role from  FOLLOWER to FOLLOWER at term 38 for recognizeCandidate:bf166244-8880-4b0f-9be5-11fb29082dcb
2019-10-17 02:19:01,366 [grpc-default-executor-1] INFO  impl.RoleInfo (RoleInfo.java:shutdownFollowerState(121)) - 33d40637-531b-47e9-8a2e-802b577efd6f: shutdown FollowerState
2019-10-17 02:19:01,366 [grpc-default-executor-3] INFO  impl.RoleInfo (RoleInfo.java:shutdownFollowerState(121)) - 389ddf04-1777-44a1-860a-c678eeab2358: shutdown FollowerState
2019-10-17 02:19:01,366 [Thread-702] INFO  impl.FollowerState (FollowerState.java:run(117)) - 33d40637-531b-47e9-8a2e-802b577efd6f@group-5A011987FEB2-FollowerState was interrupted: java.lang.InterruptedException: sleep interrupted
2019-10-17 02:19:01,366 [grpc-default-executor-1] INFO  impl.RoleInfo (RoleInfo.java:updateAndGet(143)) - 33d40637-531b-47e9-8a2e-802b577efd6f: start FollowerState
2019-10-17 02:19:01,366 [Thread-703] INFO  impl.FollowerState (FollowerState.java:run(117)) - 389ddf04-1777-44a1-860a-c678eeab2358@group-5A011987FEB2-FollowerState was interrupted: java.lang.InterruptedException: sleep interrupted
2019-10-17 02:19:01,366 [grpc-default-executor-3] INFO  impl.RoleInfo (RoleInfo.java:updateAndGet(143)) - 389ddf04-1777-44a1-860a-c678eeab2358: start FollowerState
2019-10-17 02:19:01,381 [bf166244-8880-4b0f-9be5-11fb29082dcb@group-5A011987FEB2-LeaderElection42] INFO  impl.LeaderElection (LeaderElection.java:logAndReturn(56)) - bf166244-8880-4b0f-9be5-11fb29082dcb@group-5A011987FEB2-LeaderElection42: Election REJECTED; received 2 response(s) [bf166244-8880-4b0f-9be5-11fb29082dcb<-389ddf04-1777-44a1-860a-c678eeab2358#0:FAIL-t38, bf166244-8880-4b0f-9be5-11fb29082dcb<-33d40637-531b-47e9-8a2e-802b577efd6f#0:FAIL-t38] and 0 exception(s); bf166244-8880-4b0f-9be5-11fb29082dcb@group-5A011987FEB2:t38, leader=null, voted=bf166244-8880-4b0f-9be5-11fb29082dcb, raftlog=bf166244-8880-4b0f-9be5-11fb29082dcb@group-5A011987FEB2-SegmentedRaftLog:OPENED:c-1,f-1,i0, conf=-1: [bf166244-8880-4b0f-9be5-11fb29082dcb:192.168.157.194:44285, 33d40637-531b-47e9-8a2e-802b577efd6f:192.168.157.194:40644, 389ddf04-1777-44a1-860a-c678eeab2358:192.168.157.194:44119], old=null
2019-10-17 02:19:01,382 [bf166244-8880-4b0f-9be5-11fb29082dcb@group-5A011987FEB2-LeaderElection42] INFO  impl.RaftServerImpl (RaftServerImpl.java:setRole(184)) - bf166244-8880-4b0f-9be5-11fb29082dcb@group-5A011987FEB2: changes role from CANDIDATE to FOLLOWER at term 38 for DISCOVERED_A_NEW_TERM
2019-10-17 02:19:01,382 [bf166244-8880-4b0f-9be5-11fb29082dcb@group-5A011987FEB2-LeaderElection42] INFO  impl.RoleInfo (RoleInfo.java:shutdownLeaderElection(134)) - bf166244-8880-4b0f-9be5-11fb29082dcb: shutdown LeaderElection
2019-10-17 02:19:01,382 [bf166244-8880-4b0f-9be5-11fb29082dcb@group-5A011987FEB2-LeaderElection42] INFO  impl.RoleInfo (RoleInfo.java:updateAndGet(143)) - bf166244-8880-4b0f-9be5-11fb29082dcb: start FollowerState
2019-10-17 02:19:01,441 [Thread-710] INFO  impl.FollowerState (FollowerState.java:run(108)) - bf166244-8880-4b0f-9be5-11fb29082dcb@group-5A011987FEB2-FollowerState: change to CANDIDATE, lastRpcTime:59ms, electionTimeout:59ms
2019-10-17 02:19:01,442 [Thread-710] INFO  impl.RoleInfo (RoleInfo.java:shutdownFollowerState(121)) - bf166244-8880-4b0f-9be5-11fb29082dcb: shutdown FollowerState
2019-10-17 02:19:01,442 [Thread-710] INFO  impl.RaftServerImpl (RaftServerImpl.java:setRole(184)) - bf166244-8880-4b0f-9be5-11fb29082dcb@group-5A011987FEB2: changes role from  FOLLOWER to CANDIDATE at term 38 for changeToCandidate
2019-10-17 02:19:01,442 [Thread-710] INFO  impl.RoleInfo (RoleInfo.java:updateAndGet(143)) - bf166244-8880-4b0f-9be5-11fb29082dcb: start LeaderElection
2019-10-17 02:19:01,455 [bf166244-8880-4b0f-9be5-11fb29082dcb@group-5A011987FEB2-LeaderElection43] INFO  impl.LeaderElection (LeaderElection.java:askForVotes(178)) - bf166244-8880-4b0f-9be5-11fb29082dcb@group-5A011987FEB2-LeaderElection43: begin an election at term 39 for -1: [bf166244-8880-4b0f-9be5-11fb29082dcb:192.168.157.194:44285, 33d40637-531b-47e9-8a2e-802b577efd6f:192.168.157.194:40644, 389ddf04-1777-44a1-860a-c678eeab2358:192.168.157.194:44119], old=null
2019-10-17 02:19:01,458 [grpc-default-executor-1] INFO  impl.RaftServerImpl (RaftServerImpl.java:setRole(184)) - 389ddf04-1777-44a1-860a-c678eeab2358@group-5A011987FEB2: changes role from  FOLLOWER to FOLLOWER at term 39 for recognizeCandidate:bf166244-8880-4b0f-9be5-11fb29082dcb
2019-10-17 02:19:01,458 [grpc-default-executor-3] INFO  impl.RaftServerImpl (RaftServerImpl.java:setRole(184)) - 33d40637-531b-47e9-8a2e-802b577efd6f@group-5A011987FEB2: changes role from  FOLLOWER to FOLLOWER at term 39 for recognizeCandidate:bf166244-8880-4b0f-9be5-11fb29082dcb
2019-10-17 02:19:01,458 [grpc-default-executor-1] INFO  impl.RoleInfo (RoleInfo.java:shutdownFollowerState(121)) - 389ddf04-1777-44a1-860a-c678eeab2358: shutdown FollowerState
2019-10-17 02:19:01,458 [grpc-default-executor-3] INFO  impl.RoleInfo (RoleInfo.java:shutdownFollowerState(121)) - 33d40637-531b-47e9-8a2e-802b577efd6f: shutdown FollowerState
2019-10-17 02:19:01,458 [Thread-709] INFO  impl.FollowerState (FollowerState.java:run(117)) - 389ddf04-1777-44a1-860a-c678eeab2358@group-5A011987FEB2-FollowerState was interrupted: java.lang.InterruptedException: sleep interrupted
2019-10-17 02:19:01,458 [grpc-default-executor-1] INFO  impl.RoleInfo (RoleInfo.java:updateAndGet(143)) - 389ddf04-1777-44a1-860a-c678eeab2358: start FollowerState
2019-10-17 02:19:01,459 [Thread-708] INFO  impl.FollowerState (FollowerState.java:run(117)) - 33d40637-531b-47e9-8a2e-802b577efd6f@group-5A011987FEB2-FollowerState was interrupted: java.lang.InterruptedException: sleep interrupted
2019-10-17 02:19:01,459 [grpc-default-executor-3] INFO  impl.RoleInfo (RoleInfo.java:updateAndGet(143)) - 33d40637-531b-47e9-8a2e-802b577efd6f: start FollowerState
2019-10-17 02:19:01,459 [bf166244-8880-4b0f-9be5-11fb29082dcb@group-5A011987FEB2-LeaderElection43] INFO  impl.LeaderElection (LeaderElection.java:logAndReturn(56)) - bf166244-8880-4b0f-9be5-11fb29082dcb@group-5A011987FEB2-LeaderElection43: Election TIMEOUT; received 0 response(s) [] and 0 exception(s); bf166244-8880-4b0f-9be5-11fb29082dcb@group-5A011987FEB2:t39, leader=null, voted=bf166244-8880-4b0f-9be5-11fb29082dcb, raftlog=bf166244-8880-4b0f-9be5-11fb29082dcb@group-5A011987FEB2-SegmentedRaftLog:OPENED:c-1,f-1,i0, conf=-1: [bf166244-8880-4b0f-9be5-11fb29082dcb:192.168.157.194:44285, 33d40637-531b-47e9-8a2e-802b577efd6f:192.168.157.194:40644, 389ddf04-1777-44a1-860a-c678eeab2358:192.168.157.194:44119], old=null
2019-10-17 02:19:01,473 [bf166244-8880-4b0f-9be5-11fb29082dcb@group-5A011987FEB2-LeaderElection43] INFO  impl.LeaderElection (LeaderElection.java:askForVotes(178)) - bf166244-8880-4b0f-9be5-11fb29082dcb@group-5A011987FEB2-LeaderElection43: begin an election at term 40 for -1: [bf166244-8880-4b0f-9be5-11fb29082dcb:192.168.157.194:44285, 33d40637-531b-47e9-8a2e-802b577efd6f:192.168.157.194:40644, 389ddf04-1777-44a1-860a-c678eeab2358:192.168.157.194:44119], old=null
2019-10-17 02:19:01,475 [grpc-default-executor-3] INFO  impl.RaftServerImpl (RaftServerImpl.java:setRole(184)) - 389ddf04-1777-44a1-860a-c678eeab2358@group-5A011987FEB2: changes role from  FOLLOWER to FOLLOWER at term 40 for recognizeCandidate:bf166244-8880-4b0f-9be5-11fb29082dcb
2019-10-17 02:19:01,476 [grpc-default-executor-3] INFO  impl.RoleInfo (RoleInfo.java:shutdownFollowerState(121)) - 389ddf04-1777-44a1-860a-c678eeab2358: shutdown FollowerState
2019-10-17 02:19:01,476 [grpc-default-executor-1] INFO  impl.RaftServerImpl (RaftServerImpl.java:setRole(184)) - 33d40637-531b-47e9-8a2e-802b577efd6f@group-5A011987FEB2: changes role from  FOLLOWER to FOLLOWER at term 40 for recognizeCandidate:bf166244-8880-4b0f-9be5-11fb29082dcb
2019-10-17 02:19:01,476 [Thread-714] INFO  impl.FollowerState (FollowerState.java:run(117)) - 389ddf04-1777-44a1-860a-c678eeab2358@group-5A011987FEB2-FollowerState was interrupted: java.lang.InterruptedException: sleep interrupted
2019-10-17 02:19:01,476 [grpc-default-executor-1] INFO  impl.RoleInfo (RoleInfo.java:shutdownFollowerState(121)) - 33d40637-531b-47e9-8a2e-802b577efd6f: shutdown FollowerState
2019-10-17 02:19:01,476 [grpc-default-executor-3] INFO  impl.RoleInfo (RoleInfo.java:updateAndGet(143)) - 389ddf04-1777-44a1-860a-c678eeab2358: start FollowerState
2019-10-17 02:19:01,476 [Thread-715] INFO  impl.FollowerState (FollowerState.java:run(117)) - 33d40637-531b-47e9-8a2e-802b577efd6f@group-5A011987FEB2-FollowerState was interrupted: java.lang.InterruptedException: sleep interrupted
2019-10-17 02:19:01,476 [grpc-default-executor-1] INFO  impl.RoleInfo (RoleInfo.java:updateAndGet(143)) - 33d40637-531b-47e9-8a2e-802b577efd6f: start FollowerState
2019-10-17 02:19:01,491 [bf166244-8880-4b0f-9be5-11fb29082dcb@group-5A011987FEB2-LeaderElection43] INFO  impl.LeaderElection (LeaderElection.java:logAndReturn(56)) - bf166244-8880-4b0f-9be5-11fb29082dcb@group-5A011987FEB2-LeaderElection43: Election REJECTED; received 2 response(s) [bf166244-8880-4b0f-9be5-11fb29082dcb<-33d40637-531b-47e9-8a2e-802b577efd6f#0:FAIL-t40, bf166244-8880-4b0f-9be5-11fb29082dcb<-389ddf04-1777-44a1-860a-c678eeab2358#0:FAIL-t40] and 0 exception(s); bf166244-8880-4b0f-9be5-11fb29082dcb@group-5A011987FEB2:t40, leader=null, voted=bf166244-8880-4b0f-9be5-11fb29082dcb, raftlog=bf166244-8880-4b0f-9be5-11fb29082dcb@group-5A011987FEB2-SegmentedRaftLog:OPENED:c-1,f-1,i0, conf=-1: [bf166244-8880-4b0f-9be5-11fb29082dcb:192.168.157.194:44285, 33d40637-531b-47e9-8a2e-802b577efd6f:192.168.157.194:40644, 389ddf04-1777-44a1-860a-c678eeab2358:192.168.157.194:44119], old=null
2019-10-17 02:19:01,491 [bf166244-8880-4b0f-9be5-11fb29082dcb@group-5A011987FEB2-LeaderElection43] INFO  impl.RaftServerImpl (RaftServerImpl.java:setRole(184)) - bf166244-8880-4b0f-9be5-11fb29082dcb@group-5A011987FEB2: changes role from CANDIDATE to FOLLOWER at term 40 for DISCOVERED_A_NEW_TERM
2019-10-17 02:19:01,491 [bf166244-8880-4b0f-9be5-11fb29082dcb@group-5A011987FEB2-LeaderElection43] INFO  impl.RoleInfo (RoleInfo.java:shutdownLeaderElection(134)) - bf166244-8880-4b0f-9be5-11fb29082dcb: shutdown LeaderElection
2019-10-17 02:19:01,491 [bf166244-8880-4b0f-9be5-11fb29082dcb@group-5A011987FEB2-LeaderElection43] INFO  impl.RoleInfo (RoleInfo.java:updateAndGet(143)) - bf166244-8880-4b0f-9be5-11fb29082dcb: start FollowerState
2019-10-17 02:19:01,510 [Thread-720] INFO  impl.FollowerState (FollowerState.java:run(108)) - bf166244-8880-4b0f-9be5-11fb29082dcb@group-5A011987FEB2-FollowerState: change to CANDIDATE, lastRpcTime:18ms, electionTimeout:18ms
2019-10-17 02:19:01,510 [Thread-720] INFO  impl.RoleInfo (RoleInfo.java:shutdownFollowerState(121)) - bf166244-8880-4b0f-9be5-11fb29082dcb: shutdown FollowerState
2019-10-17 02:19:01,510 [Thread-720] INFO  impl.RaftServerImpl (RaftServerImpl.java:setRole(184)) - bf166244-8880-4b0f-9be5-11fb29082dcb@group-5A011987FEB2: changes role from  FOLLOWER to CANDIDATE at term 40 for changeToCandidate
2019-10-17 02:19:01,510 [Thread-720] INFO  impl.RoleInfo (RoleInfo.java:updateAndGet(143)) - bf166244-8880-4b0f-9be5-11fb29082dcb: start LeaderElection
2019-10-17 02:19:01,524 [bf166244-8880-4b0f-9be5-11fb29082dcb@group-5A011987FEB2-LeaderElection44] INFO  impl.LeaderElection (LeaderElection.java:askForVotes(178)) - bf166244-8880-4b0f-9be5-11fb29082dcb@group-5A011987FEB2-LeaderElection44: begin an election at term 41 for -1: [bf166244-8880-4b0f-9be5-11fb29082dcb:192.168.157.194:44285, 33d40637-531b-47e9-8a2e-802b577efd6f:192.168.157.194:40644, 389ddf04-1777-44a1-860a-c678eeab2358:192.168.157.194:44119], old=null
2019-10-17 02:19:01,525 [grpc-default-executor-1] INFO  impl.RaftServerImpl (RaftServerImpl.java:setRole(184)) - 33d40637-531b-47e9-8a2e-802b577efd6f@group-5A011987FEB2: changes role from  FOLLOWER to FOLLOWER at term 41 for recognizeCandidate:bf166244-8880-4b0f-9be5-11fb29082dcb
2019-10-17 02:19:01,526 [grpc-default-executor-1] INFO  impl.RoleInfo (RoleInfo.java:shutdownFollowerState(121)) - 33d40637-531b-47e9-8a2e-802b577efd6f: shutdown FollowerState
2019-10-17 02:19:01,526 [grpc-default-executor-1] INFO  impl.RoleInfo (RoleInfo.java:updateAndGet(143)) - 33d40637-531b-47e9-8a2e-802b577efd6f: start FollowerState
2019-10-17 02:19:01,526 [grpc-default-executor-3] INFO  impl.RaftServerImpl (RaftServerImpl.java:setRole(184)) - 389ddf04-1777-44a1-860a-c678eeab2358@group-5A011987FEB2: changes role from  FOLLOWER to FOLLOWER at term 41 for recognizeCandidate:bf166244-8880-4b0f-9be5-11fb29082dcb
2019-10-17 02:19:01,526 [Thread-719] INFO  impl.FollowerState (FollowerState.java:run(117)) - 33d40637-531b-47e9-8a2e-802b577efd6f@group-5A011987FEB2-FollowerState was interrupted: java.lang.InterruptedException: sleep interrupted
2019-10-17 02:19:01,526 [grpc-default-executor-3] INFO  impl.RoleInfo (RoleInfo.java:shutdownFollowerState(121)) - 389ddf04-1777-44a1-860a-c678eeab2358: shutdown FollowerState
2019-10-17 02:19:01,526 [grpc-default-executor-3] INFO  impl.RoleInfo (RoleInfo.java:updateAndGet(143)) - 389ddf04-1777-44a1-860a-c678eeab2358: start FollowerState
2019-10-17 02:19:01,527 [Thread-718] INFO  impl.FollowerState (FollowerState.java:run(117)) - 389ddf04-1777-44a1-860a-c678eeab2358@group-5A011987FEB2-FollowerState was interrupted: java.lang.InterruptedException: sleep interrupted
2019-10-17 02:19:01,545 [bf166244-8880-4b0f-9be5-11fb29082dcb@group-5A011987FEB2-LeaderElection44] INFO  impl.LeaderElection (LeaderElection.java:logAndReturn(56)) - bf166244-8880-4b0f-9be5-11fb29082dcb@group-5A011987FEB2-LeaderElection44: Election REJECTED; received 2 response(s) [bf166244-8880-4b0f-9be5-11fb29082dcb<-389ddf04-1777-44a1-860a-c678eeab2358#0:FAIL-t41, bf166244-8880-4b0f-9be5-11fb29082dcb<-33d40637-531b-47e9-8a2e-802b577efd6f#0:FAIL-t41] and 0 exception(s); bf166244-8880-4b0f-9be5-11fb29082dcb@group-5A011987FEB2:t41, leader=null, voted=bf166244-8880-4b0f-9be5-11fb29082dcb, raftlog=bf166244-8880-4b0f-9be5-11fb29082dcb@group-5A011987FEB2-SegmentedRaftLog:OPENED:c-1,f-1,i0, conf=-1: [bf166244-8880-4b0f-9be5-11fb29082dcb:192.168.157.194:44285, 33d40637-531b-47e9-8a2e-802b577efd6f:192.168.157.194:40644, 389ddf04-1777-44a1-860a-c678eeab2358:192.168.157.194:44119], old=null
2019-10-17 02:19:01,545 [bf166244-8880-4b0f-9be5-11fb29082dcb@group-5A011987FEB2-LeaderElection44] INFO  impl.RaftServerImpl (RaftServerImpl.java:setRole(184)) - bf166244-8880-4b0f-9be5-11fb29082dcb@group-5A011987FEB2: changes role from CANDIDATE to FOLLOWER at term 41 for DISCOVERED_A_NEW_TERM
2019-10-17 02:19:01,545 [bf166244-8880-4b0f-9be5-11fb29082dcb@group-5A011987FEB2-LeaderElection44] INFO  impl.RoleInfo (RoleInfo.java:shutdownLeaderElection(134)) - bf166244-8880-4b0f-9be5-11fb29082dcb: shutdown LeaderElection
2019-10-17 02:19:01,545 [bf166244-8880-4b0f-9be5-11fb29082dcb@group-5A011987FEB2-LeaderElection44] INFO  impl.RoleInfo (RoleInfo.java:updateAndGet(143)) - bf166244-8880-4b0f-9be5-11fb29082dcb: start FollowerState
2019-10-17 02:19:01,741 [Thread-726] INFO  impl.FollowerState (FollowerState.java:run(108)) - bf166244-8880-4b0f-9be5-11fb29082dcb@group-5A011987FEB2-FollowerState: change to CANDIDATE, lastRpcTime:195ms, electionTimeout:195ms
2019-10-17 02:19:01,741 [Thread-726] INFO  impl.RoleInfo (RoleInfo.java:shutdownFollowerState(121)) - bf166244-8880-4b0f-9be5-11fb29082dcb: shutdown FollowerState
2019-10-17 02:19:01,741 [Thread-726] INFO  impl.RaftServerImpl (RaftServerImpl.java:setRole(184)) - bf166244-8880-4b0f-9be5-11fb29082dcb@group-5A011987FEB2: changes role from  FOLLOWER to CANDIDATE at term 41 for changeToCandidate
2019-10-17 02:19:01,741 [Thread-726] INFO  impl.RoleInfo (RoleInfo.java:updateAndGet(143)) - bf166244-8880-4b0f-9be5-11fb29082dcb: start LeaderElection
2019-10-17 02:19:01,755 [bf166244-8880-4b0f-9be5-11fb29082dcb@group-5A011987FEB2-LeaderElection45] INFO  impl.LeaderElection (LeaderElection.java:askForVotes(178)) - bf166244-8880-4b0f-9be5-11fb29082dcb@group-5A011987FEB2-LeaderElection45: begin an election at term 42 for -1: [bf166244-8880-4b0f-9be5-11fb29082dcb:192.168.157.194:44285, 33d40637-531b-47e9-8a2e-802b577efd6f:192.168.157.194:40644, 389ddf04-1777-44a1-860a-c678eeab2358:192.168.157.194:44119], old=null
2019-10-17 02:19:01,757 [grpc-default-executor-1] INFO  impl.RaftServerImpl (RaftServerImpl.java:setRole(184)) - 33d40637-531b-47e9-8a2e-802b577efd6f@group-5A011987FEB2: changes role from  FOLLOWER to FOLLOWER at term 42 for recognizeCandidate:bf166244-8880-4b0f-9be5-11fb29082dcb
2019-10-17 02:19:01,758 [grpc-default-executor-1] INFO  impl.RoleInfo (RoleInfo.java:shutdownFollowerState(121)) - 33d40637-531b-47e9-8a2e-802b577efd6f: shutdown FollowerState
2019-10-17 02:19:01,758 [grpc-default-executor-3] INFO  impl.RaftServerImpl (RaftServerImpl.java:setRole(184)) - 389ddf04-1777-44a1-860a-c678eeab2358@group-5A011987FEB2: changes role from  FOLLOWER to FOLLOWER at term 42 for recognizeCandidate:bf166244-8880-4b0f-9be5-11fb29082dcb
2019-10-17 02:19:01,758 [Thread-724] INFO  impl.FollowerState (FollowerState.java:run(117)) - 33d40637-531b-47e9-8a2e-802b577efd6f@group-5A011987FEB2-FollowerState was interrupted: java.lang.InterruptedException: sleep interrupted
2019-10-17 02:19:01,758 [grpc-default-executor-1] INFO  impl.RoleInfo (RoleInfo.java:updateAndGet(143)) - 33d40637-531b-47e9-8a2e-802b577efd6f: start FollowerState
2019-10-17 02:19:01,758 [grpc-default-executor-3] INFO  impl.RoleInfo (RoleInfo.java:shutdownFollowerState(121)) - 389ddf04-1777-44a1-860a-c678eeab2358: shutdown FollowerState
2019-10-17 02:19:01,758 [grpc-default-executor-3] INFO  impl.RoleInfo (RoleInfo.java:updateAndGet(143)) - 389ddf04-1777-44a1-860a-c678eeab2358: start FollowerState
2019-10-17 02:19:01,759 [Thread-725] INFO  impl.FollowerState (FollowerState.java:run(117)) - 389ddf04-1777-44a1-860a-c678eeab2358@group-5A011987FEB2-FollowerState was interrupted: java.lang.InterruptedException: sleep interrupted
2019-10-17 02:19:01,773 [bf166244-8880-4b0f-9be5-11fb29082dcb@group-5A011987FEB2-LeaderElection45] INFO  impl.LeaderElection (LeaderElection.java:logAndReturn(56)) - bf166244-8880-4b0f-9be5-11fb29082dcb@group-5A011987FEB2-LeaderElection45: Election REJECTED; received 2 response(s) [bf166244-8880-4b0f-9be5-11fb29082dcb<-389ddf04-1777-44a1-860a-c678eeab2358#0:FAIL-t42, bf166244-8880-4b0f-9be5-11fb29082dcb<-33d40637-531b-47e9-8a2e-802b577efd6f#0:FAIL-t42] and 0 exception(s); bf166244-8880-4b0f-9be5-11fb29082dcb@group-5A011987FEB2:t42, leader=null, voted=bf166244-8880-4b0f-9be5-11fb29082dcb, raftlog=bf166244-8880-4b0f-9be5-11fb29082dcb@group-5A011987FEB2-SegmentedRaftLog:OPENED:c-1,f-1,i0, conf=-1: [bf166244-8880-4b0f-9be5-11fb29082dcb:192.168.157.194:44285, 33d40637-531b-47e9-8a2e-802b577efd6f:192.168.157.194:40644, 389ddf04-1777-44a1-860a-c678eeab2358:192.168.157.194:44119], old=null
2019-10-17 02:19:01,774 [bf166244-8880-4b0f-9be5-11fb29082dcb@group-5A011987FEB2-LeaderElection45] INFO  impl.RaftServerImpl (RaftServerImpl.java:setRole(184)) - bf166244-8880-4b0f-9be5-11fb29082dcb@group-5A011987FEB2: changes role from CANDIDATE to FOLLOWER at term 42 for DISCOVERED_A_NEW_TERM
2019-10-17 02:19:01,774 [bf166244-8880-4b0f-9be5-11fb29082dcb@group-5A011987FEB2-LeaderElection45] INFO  impl.RoleInfo (RoleInfo.java:shutdownLeaderElection(134)) - bf166244-8880-4b0f-9be5-11fb29082dcb: shutdown LeaderElection
2019-10-17 02:19:01,774 [bf166244-8880-4b0f-9be5-11fb29082dcb@group-5A011987FEB2-LeaderElection45] INFO  impl.RoleInfo (RoleInfo.java:updateAndGet(143)) - bf166244-8880-4b0f-9be5-11fb29082dcb: start FollowerState
2019-10-17 02:19:01,834 [Thread-732] INFO  impl.FollowerState (FollowerState.java:run(108)) - bf166244-8880-4b0f-9be5-11fb29082dcb@group-5A011987FEB2-FollowerState: change to CANDIDATE, lastRpcTime:60ms, electionTimeout:60ms
2019-10-17 02:19:01,835 [Thread-732] INFO  impl.RoleInfo (RoleInfo.java:shutdownFollowerState(121)) - bf166244-8880-4b0f-9be5-11fb29082dcb: shutdown FollowerState
2019-10-17 02:19:01,835 [Thread-732] INFO  impl.RaftServerImpl (RaftServerImpl.java:setRole(184)) - bf166244-8880-4b0f-9be5-11fb29082dcb@group-5A011987FEB2: changes role from  FOLLOWER to CANDIDATE at term 42 for changeToCandidate
2019-10-17 02:19:01,835 [Thread-732] INFO  impl.RoleInfo (RoleInfo.java:updateAndGet(143)) - bf166244-8880-4b0f-9be5-11fb29082dcb: start LeaderElection
2019-10-17 02:19:01,849 [bf166244-8880-4b0f-9be5-11fb29082dcb@group-5A011987FEB2-LeaderElection46] INFO  impl.LeaderElection (LeaderElection.java:askForVotes(178)) - bf166244-8880-4b0f-9be5-11fb29082dcb@group-5A011987FEB2-LeaderElection46: begin an election at term 43 for -1: [bf166244-8880-4b0f-9be5-11fb29082dcb:192.168.157.194:44285, 33d40637-531b-47e9-8a2e-802b577efd6f:192.168.157.194:40644, 389ddf04-1777-44a1-860a-c678eeab2358:192.168.157.194:44119], old=null
2019-10-17 02:19:01,851 [grpc-default-executor-1] INFO  impl.RaftServerImpl (RaftServerImpl.java:setRole(184)) - 33d40637-531b-47e9-8a2e-802b577efd6f@group-5A011987FEB2: changes role from  FOLLOWER to FOLLOWER at term 43 for recognizeCandidate:bf166244-8880-4b0f-9be5-11fb29082dcb
2019-10-17 02:19:01,851 [grpc-default-executor-1] INFO  impl.RoleInfo (RoleInfo.java:shutdownFollowerState(121)) - 33d40637-531b-47e9-8a2e-802b577efd6f: shutdown FollowerState
2019-10-17 02:19:01,851 [grpc-default-executor-3] INFO  impl.RaftServerImpl (RaftServerImpl.java:setRole(184)) - 389ddf04-1777-44a1-860a-c678eeab2358@group-5A011987FEB2: changes role from  FOLLOWER to FOLLOWER at term 43 for recognizeCandidate:bf166244-8880-4b0f-9be5-11fb29082dcb
2019-10-17 02:19:01,852 [Thread-730] INFO  impl.FollowerState (FollowerState.java:run(117)) - 33d40637-531b-47e9-8a2e-802b577efd6f@group-5A011987FEB2-FollowerState was interrupted: java.lang.InterruptedException: sleep interrupted
2019-10-17 02:19:01,852 [grpc-default-executor-1] INFO  impl.RoleInfo (RoleInfo.java:updateAndGet(143)) - 33d40637-531b-47e9-8a2e-802b577efd6f: start FollowerState
2019-10-17 02:19:01,852 [grpc-default-executor-3] INFO  impl.RoleInfo (RoleInfo.java:shutdownFollowerState(121)) - 389ddf04-1777-44a1-860a-c678eeab2358: shutdown FollowerState
2019-10-17 02:19:01,852 [grpc-default-executor-3] INFO  impl.RoleInfo (RoleInfo.java:updateAndGet(143)) - 389ddf04-1777-44a1-860a-c678eeab2358: start FollowerState
2019-10-17 02:19:01,852 [Thread-731] INFO  impl.FollowerState (FollowerState.java:run(117)) - 389ddf04-1777-44a1-860a-c678eeab2358@group-5A011987FEB2-FollowerState was interrupted: java.lang.InterruptedException: sleep interrupted
2019-10-17 02:19:01,867 [bf166244-8880-4b0f-9be5-11fb29082dcb@group-5A011987FEB2-LeaderElection46] INFO  impl.LeaderElection (LeaderElection.java:logAndReturn(56)) - bf166244-8880-4b0f-9be5-11fb29082dcb@group-5A011987FEB2-LeaderElection46: Election REJECTED; received 2 response(s) [bf166244-8880-4b0f-9be5-11fb29082dcb<-389ddf04-1777-44a1-860a-c678eeab2358#0:FAIL-t43, bf166244-8880-4b0f-9be5-11fb29082dcb<-33d40637-531b-47e9-8a2e-802b577efd6f#0:FAIL-t43] and 0 exception(s); bf166244-8880-4b0f-9be5-11fb29082dcb@group-5A011987FEB2:t43, leader=null, voted=bf166244-8880-4b0f-9be5-11fb29082dcb, raftlog=bf166244-8880-4b0f-9be5-11fb29082dcb@group-5A011987FEB2-SegmentedRaftLog:OPENED:c-1,f-1,i0, conf=-1: [bf166244-8880-4b0f-9be5-11fb29082dcb:192.168.157.194:44285, 33d40637-531b-47e9-8a2e-802b577efd6f:192.168.157.194:40644, 389ddf04-1777-44a1-860a-c678eeab2358:192.168.157.194:44119], old=null
2019-10-17 02:19:01,867 [bf166244-8880-4b0f-9be5-11fb29082dcb@group-5A011987FEB2-LeaderElection46] INFO  impl.RaftServerImpl (RaftServerImpl.java:setRole(184)) - bf166244-8880-4b0f-9be5-11fb29082dcb@group-5A011987FEB2: changes role from CANDIDATE to FOLLOWER at term 43 for DISCOVERED_A_NEW_TERM
2019-10-17 02:19:01,867 [bf166244-8880-4b0f-9be5-11fb29082dcb@group-5A011987FEB2-LeaderElection46] INFO  impl.RoleInfo (RoleInfo.java:shutdownLeaderElection(134)) - bf166244-8880-4b0f-9be5-11fb29082dcb: shutdown LeaderElection
2019-10-17 02:19:01,867 [bf166244-8880-4b0f-9be5-11fb29082dcb@group-5A011987FEB2-LeaderElection46] INFO  impl.RoleInfo (RoleInfo.java:updateAndGet(143)) - bf166244-8880-4b0f-9be5-11fb29082dcb: start FollowerState
2019-10-17 02:19:01,926 [Thread-738] INFO  impl.FollowerState (FollowerState.java:run(108)) - bf166244-8880-4b0f-9be5-11fb29082dcb@group-5A011987FEB2-FollowerState: change to CANDIDATE, lastRpcTime:58ms, electionTimeout:58ms
2019-10-17 02:19:01,926 [Thread-738] INFO  impl.RoleInfo (RoleInfo.java:shutdownFollowerState(121)) - bf166244-8880-4b0f-9be5-11fb29082dcb: shutdown FollowerState
2019-10-17 02:19:01,926 [Thread-738] INFO  impl.RaftServerImpl (RaftServerImpl.java:setRole(184)) - bf166244-8880-4b0f-9be5-11fb29082dcb@group-5A011987FEB2: changes role from  FOLLOWER to CANDIDATE at term 43 for changeToCandidate
2019-10-17 02:19:01,926 [Thread-738] INFO  impl.RoleInfo (RoleInfo.java:updateAndGet(143)) - bf166244-8880-4b0f-9be5-11fb29082dcb: start LeaderElection
2019-10-17 02:19:01,941 [bf166244-8880-4b0f-9be5-11fb29082dcb@group-5A011987FEB2-LeaderElection47] INFO  impl.LeaderElection (LeaderElection.java:askForVotes(178)) - bf166244-8880-4b0f-9be5-11fb29082dcb@group-5A011987FEB2-LeaderElection47: begin an election at term 44 for -1: [bf166244-8880-4b0f-9be5-11fb29082dcb:192.168.157.194:44285, 33d40637-531b-47e9-8a2e-802b577efd6f:192.168.157.194:40644, 389ddf04-1777-44a1-860a-c678eeab2358:192.168.157.194:44119], old=null
2019-10-17 02:19:01,943 [grpc-default-executor-3] INFO  impl.RaftServerImpl (RaftServerImpl.java:setRole(184)) - 33d40637-531b-47e9-8a2e-802b577efd6f@group-5A011987FEB2: changes role from  FOLLOWER to FOLLOWER at term 44 for recognizeCandidate:bf166244-8880-4b0f-9be5-11fb29082dcb
2019-10-17 02:19:01,944 [grpc-default-executor-3] INFO  impl.RoleInfo (RoleInfo.java:shutdownFollowerState(121)) - 33d40637-531b-47e9-8a2e-802b577efd6f: shutdown FollowerState
2019-10-17 02:19:01,944 [grpc-default-executor-1] INFO  impl.RaftServerImpl (RaftServerImpl.java:setRole(184)) - 389ddf04-1777-44a1-860a-c678eeab2358@group-5A011987FEB2: changes role from  FOLLOWER to FOLLOWER at term 44 for recognizeCandidate:bf166244-8880-4b0f-9be5-11fb29082dcb
2019-10-17 02:19:01,944 [Thread-736] INFO  impl.FollowerState (FollowerState.java:run(117)) - 33d40637-531b-47e9-8a2e-802b577efd6f@group-5A011987FEB2-FollowerState was interrupted: java.lang.InterruptedException: sleep interrupted
2019-10-17 02:19:01,944 [grpc-default-executor-3] INFO  impl.RoleInfo (RoleInfo.java:updateAndGet(143)) - 33d40637-531b-47e9-8a2e-802b577efd6f: start FollowerState
2019-10-17 02:19:01,944 [grpc-default-executor-1] INFO  impl.RoleInfo (RoleInfo.java:shutdownFollowerState(121)) - 389ddf04-1777-44a1-860a-c678eeab2358: shutdown FollowerState
2019-10-17 02:19:01,945 [grpc-default-executor-1] INFO  impl.RoleInfo (RoleInfo.java:updateAndGet(143)) - 389ddf04-1777-44a1-860a-c678eeab2358: start FollowerState
2019-10-17 02:19:01,945 [Thread-737] INFO  impl.FollowerState (FollowerState.java:run(117)) - 389ddf04-1777-44a1-860a-c678eeab2358@group-5A011987FEB2-FollowerState was interrupted: java.lang.InterruptedException: sleep interrupted
2019-10-17 02:19:01,961 [bf166244-8880-4b0f-9be5-11fb29082dcb@group-5A011987FEB2-LeaderElection47] INFO  impl.LeaderElection (LeaderElection.java:logAndReturn(56)) - bf166244-8880-4b0f-9be5-11fb29082dcb@group-5A011987FEB2-LeaderElection47: Election REJECTED; received 2 response(s) [bf166244-8880-4b0f-9be5-11fb29082dcb<-389ddf04-1777-44a1-860a-c678eeab2358#0:FAIL-t44, bf166244-8880-4b0f-9be5-11fb29082dcb<-33d40637-531b-47e9-8a2e-802b577efd6f#0:FAIL-t44] and 0 exception(s); bf166244-8880-4b0f-9be5-11fb29082dcb@group-5A011987FEB2:t44, leader=null, voted=bf166244-8880-4b0f-9be5-11fb29082dcb, raftlog=bf166244-8880-4b0f-9be5-11fb29082dcb@group-5A011987FEB2-SegmentedRaftLog:OPENED:c-1,f-1,i0, conf=-1: [bf166244-8880-4b0f-9be5-11fb29082dcb:192.168.157.194:44285, 33d40637-531b-47e9-8a2e-802b577efd6f:192.168.157.194:40644, 389ddf04-1777-44a1-860a-c678eeab2358:192.168.157.194:44119], old=null
2019-10-17 02:19:01,961 [bf166244-8880-4b0f-9be5-11fb29082dcb@group-5A011987FEB2-LeaderElection47] INFO  impl.RaftServerImpl (RaftServerImpl.java:setRole(184)) - bf166244-8880-4b0f-9be5-11fb29082dcb@group-5A011987FEB2: changes role from CANDIDATE to FOLLOWER at term 44 for DISCOVERED_A_NEW_TERM
2019-10-17 02:19:01,961 [bf166244-8880-4b0f-9be5-11fb29082dcb@group-5A011987FEB2-LeaderElection47] INFO  impl.RoleInfo (RoleInfo.java:shutdownLeaderElection(134)) - bf166244-8880-4b0f-9be5-11fb29082dcb: shutdown LeaderElection
2019-10-17 02:19:01,962 [bf166244-8880-4b0f-9be5-11fb29082dcb@group-5A011987FEB2-LeaderElection47] INFO  impl.RoleInfo (RoleInfo.java:updateAndGet(143)) - bf166244-8880-4b0f-9be5-11fb29082dcb: start FollowerState
2019-10-17 02:19:02,160 [Thread-744] INFO  impl.FollowerState (FollowerState.java:run(108)) - bf166244-8880-4b0f-9be5-11fb29082dcb@group-5A011987FEB2-FollowerState: change to CANDIDATE, lastRpcTime:198ms, electionTimeout:198ms
2019-10-17 02:19:02,160 [Thread-744] INFO  impl.RoleInfo (RoleInfo.java:shutdownFollowerState(121)) - bf166244-8880-4b0f-9be5-11fb29082dcb: shutdown FollowerState
2019-10-17 02:19:02,160 [Thread-744] INFO  impl.RaftServerImpl (RaftServerImpl.java:setRole(184)) - bf166244-8880-4b0f-9be5-11fb29082dcb@group-5A011987FEB2: changes role from  FOLLOWER to CANDIDATE at term 44 for changeToCandidate
2019-10-17 02:19:02,161 [Thread-744] INFO  impl.RoleInfo (RoleInfo.java:updateAndGet(143)) - bf166244-8880-4b0f-9be5-11fb29082dcb: start LeaderElection
2019-10-17 02:19:02,175 [bf166244-8880-4b0f-9be5-11fb29082dcb@group-5A011987FEB2-LeaderElection48] INFO  impl.LeaderElection (LeaderElection.java:askForVotes(178)) - bf166244-8880-4b0f-9be5-11fb29082dcb@group-5A011987FEB2-LeaderElection48: begin an election at term 45 for -1: [bf166244-8880-4b0f-9be5-11fb29082dcb:192.168.157.194:44285, 33d40637-531b-47e9-8a2e-802b577efd6f:192.168.157.194:40644, 389ddf04-1777-44a1-860a-c678eeab2358:192.168.157.194:44119], old=null
2019-10-17 02:19:02,177 [grpc-default-executor-1] INFO  impl.RaftServerImpl (RaftServerImpl.java:setRole(184)) - 33d40637-531b-47e9-8a2e-802b577efd6f@group-5A011987FEB2: changes role from  FOLLOWER to FOLLOWER at term 45 for recognizeCandidate:bf166244-8880-4b0f-9be5-11fb29082dcb
2019-10-17 02:19:02,178 [grpc-default-executor-1] INFO  impl.RoleInfo (RoleInfo.java:shutdownFollowerState(121)) - 33d40637-531b-47e9-8a2e-802b577efd6f: shutdown FollowerState
2019-10-17 02:19:02,178 [grpc-default-executor-3] INFO  impl.RaftServerImpl (RaftServerImpl.java:setRole(184)) - 389ddf04-1777-44a1-860a-c678eeab2358@group-5A011987FEB2: changes role from  FOLLOWER to FOLLOWER at term 45 for recognizeCandidate:bf166244-8880-4b0f-9be5-11fb29082dcb
2019-10-17 02:19:02,178 [Thread-742] INFO  impl.FollowerState (FollowerState.java:run(117)) - 33d40637-531b-47e9-8a2e-802b577efd6f@group-5A011987FEB2-FollowerState was interrupted: java.lang.InterruptedException: sleep interrupted
2019-10-17 02:19:02,178 [grpc-default-executor-1] INFO  impl.RoleInfo (RoleInfo.java:updateAndGet(143)) - 33d40637-531b-47e9-8a2e-802b577efd6f: start FollowerState
2019-10-17 02:19:02,178 [grpc-default-executor-3] INFO  impl.RoleInfo (RoleInfo.java:shutdownFollowerState(121)) - 389ddf04-1777-44a1-860a-c678eeab2358: shutdown FollowerState
2019-10-17 02:19:02,179 [grpc-default-executor-3] INFO  impl.RoleInfo (RoleInfo.java:updateAndGet(143)) - 389ddf04-1777-44a1-860a-c678eeab2358: start FollowerState
2019-10-17 02:19:02,179 [Thread-743] INFO  impl.FollowerState (FollowerState.java:run(117)) - 389ddf04-1777-44a1-860a-c678eeab2358@group-5A011987FEB2-FollowerState was interrupted: java.lang.InterruptedException: sleep interrupted
2019-10-17 02:19:02,193 [bf166244-8880-4b0f-9be5-11fb29082dcb@group-5A011987FEB2-LeaderElection48] INFO  impl.LeaderElection (LeaderElection.java:logAndReturn(56)) - bf166244-8880-4b0f-9be5-11fb29082dcb@group-5A011987FEB2-LeaderElection48: Election REJECTED; received 2 response(s) [bf166244-8880-4b0f-9be5-11fb29082dcb<-389ddf04-1777-44a1-860a-c678eeab2358#0:FAIL-t45, bf166244-8880-4b0f-9be5-11fb29082dcb<-33d40637-531b-47e9-8a2e-802b577efd6f#0:FAIL-t45] and 0 exception(s); bf166244-8880-4b0f-9be5-11fb29082dcb@group-5A011987FEB2:t45, leader=null, voted=bf166244-8880-4b0f-9be5-11fb29082dcb, raftlog=bf166244-8880-4b0f-9be5-11fb29082dcb@group-5A011987FEB2-SegmentedRaftLog:OPENED:c-1,f-1,i0, conf=-1: [bf166244-8880-4b0f-9be5-11fb29082dcb:192.168.157.194:44285, 33d40637-531b-47e9-8a2e-802b577efd6f:192.168.157.194:40644, 389ddf04-1777-44a1-860a-c678eeab2358:192.168.157.194:44119], old=null
2019-10-17 02:19:02,194 [bf166244-8880-4b0f-9be5-11fb29082dcb@group-5A011987FEB2-LeaderElection48] INFO  impl.RaftServerImpl (RaftServerImpl.java:setRole(184)) - bf166244-8880-4b0f-9be5-11fb29082dcb@group-5A011987FEB2: changes role from CANDIDATE to FOLLOWER at term 45 for DISCOVERED_A_NEW_TERM
2019-10-17 02:19:02,194 [bf166244-8880-4b0f-9be5-11fb29082dcb@group-5A011987FEB2-LeaderElection48] INFO  impl.RoleInfo (RoleInfo.java:shutdownLeaderElection(134)) - bf166244-8880-4b0f-9be5-11fb29082dcb: shutdown LeaderElection
2019-10-17 02:19:02,194 [bf166244-8880-4b0f-9be5-11fb29082dcb@group-5A011987FEB2-LeaderElection48] INFO  impl.RoleInfo (RoleInfo.java:updateAndGet(143)) - bf166244-8880-4b0f-9be5-11fb29082dcb: start FollowerState
2019-10-17 02:19:02,388 [Thread-750] INFO  impl.FollowerState (FollowerState.java:run(108)) - bf166244-8880-4b0f-9be5-11fb29082dcb@group-5A011987FEB2-FollowerState: change to CANDIDATE, lastRpcTime:194ms, electionTimeout:194ms
2019-10-17 02:19:02,388 [Thread-750] INFO  impl.RoleInfo (RoleInfo.java:shutdownFollowerState(121)) - bf166244-8880-4b0f-9be5-11fb29082dcb: shutdown FollowerState
2019-10-17 02:19:02,389 [Thread-750] INFO  impl.RaftServerImpl (RaftServerImpl.java:setRole(184)) - bf166244-8880-4b0f-9be5-11fb29082dcb@group-5A011987FEB2: changes role from  FOLLOWER to CANDIDATE at term 45 for changeToCandidate
2019-10-17 02:19:02,389 [Thread-750] INFO  impl.RoleInfo (RoleInfo.java:updateAndGet(143)) - bf166244-8880-4b0f-9be5-11fb29082dcb: start LeaderElection
2019-10-17 02:19:02,402 [bf166244-8880-4b0f-9be5-11fb29082dcb@group-5A011987FEB2-LeaderElection49] INFO  impl.LeaderElection (LeaderElection.java:askForVotes(178)) - bf166244-8880-4b0f-9be5-11fb29082dcb@group-5A011987FEB2-LeaderElection49: begin an election at term 46 for -1: [bf166244-8880-4b0f-9be5-11fb29082dcb:192.168.157.194:44285, 33d40637-531b-47e9-8a2e-802b577efd6f:192.168.157.194:40644, 389ddf04-1777-44a1-860a-c678eeab2358:192.168.157.194:44119], old=null
2019-10-17 02:19:02,405 [grpc-default-executor-3] INFO  impl.RaftServerImpl (RaftServerImpl.java:setRole(184)) - 33d40637-531b-47e9-8a2e-802b577efd6f@group-5A011987FEB2: changes role from  FOLLOWER to FOLLOWER at term 46 for recognizeCandidate:bf166244-8880-4b0f-9be5-11fb29082dcb
2019-10-17 02:19:02,405 [grpc-default-executor-1] INFO  impl.RaftServerImpl (RaftServerImpl.java:setRole(184)) - 389ddf04-1777-44a1-860a-c678eeab2358@group-5A011987FEB2: changes role from  FOLLOWER to FOLLOWER at term 46 for recognizeCandidate:bf166244-8880-4b0f-9be5-11fb29082dcb
2019-10-17 02:19:02,405 [grpc-default-executor-3] INFO  impl.RoleInfo (RoleInfo.java:shutdownFollowerState(121)) - 33d40637-531b-47e9-8a2e-802b577efd6f: shutdown FollowerState
2019-10-17 02:19:02,405 [grpc-default-executor-1] INFO  impl.RoleInfo (RoleInfo.java:shutdownFollowerState(121)) - 389ddf04-1777-44a1-860a-c678eeab2358: shutdown FollowerState
2019-10-17 02:19:02,405 [grpc-default-executor-3] INFO  impl.RoleInfo (RoleInfo.java:updateAndGet(143)) - 33d40637-531b-47e9-8a2e-802b577efd6f: start FollowerState
2019-10-17 02:19:02,405 [Thread-748] INFO  impl.FollowerState (FollowerState.java:run(117)) - 33d40637-531b-47e9-8a2e-802b577efd6f@group-5A011987FEB2-FollowerState was interrupted: java.lang.InterruptedException: sleep interrupted
2019-10-17 02:19:02,405 [grpc-default-executor-1] INFO  impl.RoleInfo (RoleInfo.java:updateAndGet(143)) - 389ddf04-1777-44a1-860a-c678eeab2358: start FollowerState
2019-10-17 02:19:02,405 [Thread-749] INFO  impl.FollowerState (FollowerState.java:run(117)) - 389ddf04-1777-44a1-860a-c678eeab2358@group-5A011987FEB2-FollowerState was interrupted: java.lang.InterruptedException: sleep interrupted
2019-10-17 02:19:02,421 [bf166244-8880-4b0f-9be5-11fb29082dcb@group-5A011987FEB2-LeaderElection49] INFO  impl.LeaderElection (LeaderElection.java:logAndReturn(56)) - bf166244-8880-4b0f-9be5-11fb29082dcb@group-5A011987FEB2-LeaderElection49: Election REJECTED; received 2 response(s) [bf166244-8880-4b0f-9be5-11fb29082dcb<-389ddf04-1777-44a1-860a-c678eeab2358#0:FAIL-t46, bf166244-8880-4b0f-9be5-11fb29082dcb<-33d40637-531b-47e9-8a2e-802b577efd6f#0:FAIL-t46] and 0 exception(s); bf166244-8880-4b0f-9be5-11fb29082dcb@group-5A011987FEB2:t46, leader=null, voted=bf166244-8880-4b0f-9be5-11fb29082dcb, raftlog=bf166244-8880-4b0f-9be5-11fb29082dcb@group-5A011987FEB2-SegmentedRaftLog:OPENED:c-1,f-1,i0, conf=-1: [bf166244-8880-4b0f-9be5-11fb29082dcb:192.168.157.194:44285, 33d40637-531b-47e9-8a2e-802b577efd6f:192.168.157.194:40644, 389ddf04-1777-44a1-860a-c678eeab2358:192.168.157.194:44119], old=null
2019-10-17 02:19:02,421 [bf166244-8880-4b0f-9be5-11fb29082dcb@group-5A011987FEB2-LeaderElection49] INFO  impl.RaftServerImpl (RaftServerImpl.java:setRole(184)) - bf166244-8880-4b0f-9be5-11fb29082dcb@group-5A011987FEB2: changes role from CANDIDATE to FOLLOWER at term 46 for DISCOVERED_A_NEW_TERM
2019-10-17 02:19:02,421 [bf166244-8880-4b0f-9be5-11fb29082dcb@group-5A011987FEB2-LeaderElection49] INFO  impl.RoleInfo (RoleInfo.java:shutdownLeaderElection(134)) - bf166244-8880-4b0f-9be5-11fb29082dcb: shutdown LeaderElection
2019-10-17 02:19:02,421 [bf166244-8880-4b0f-9be5-11fb29082dcb@group-5A011987FEB2-LeaderElection49] INFO  impl.RoleInfo (RoleInfo.java:updateAndGet(143)) - bf166244-8880-4b0f-9be5-11fb29082dcb: start FollowerState
2019-10-17 02:19:02,573 [Thread-756] INFO  impl.FollowerState (FollowerState.java:run(108)) - bf166244-8880-4b0f-9be5-11fb29082dcb@group-5A011987FEB2-FollowerState: change to CANDIDATE, lastRpcTime:152ms, electionTimeout:152ms
2019-10-17 02:19:02,574 [Thread-756] INFO  impl.RoleInfo (RoleInfo.java:shutdownFollowerState(121)) - bf166244-8880-4b0f-9be5-11fb29082dcb: shutdown FollowerState
2019-10-17 02:19:02,574 [Thread-756] INFO  impl.RaftServerImpl (RaftServerImpl.java:setRole(184)) - bf166244-8880-4b0f-9be5-11fb29082dcb@group-5A011987FEB2: changes role from  FOLLOWER to CANDIDATE at term 46 for changeToCandidate
2019-10-17 02:19:02,574 [Thread-756] INFO  impl.RoleInfo (RoleInfo.java:updateAndGet(143)) - bf166244-8880-4b0f-9be5-11fb29082dcb: start LeaderElection
2019-10-17 02:19:02,588 [bf166244-8880-4b0f-9be5-11fb29082dcb@group-5A011987FEB2-LeaderElection50] INFO  impl.LeaderElection (LeaderElection.java:askForVotes(178)) - bf166244-8880-4b0f-9be5-11fb29082dcb@group-5A011987FEB2-LeaderElection50: begin an election at term 47 for -1: [bf166244-8880-4b0f-9be5-11fb29082dcb:192.168.157.194:44285, 33d40637-531b-47e9-8a2e-802b577efd6f:192.168.157.194:40644, 389ddf04-1777-44a1-860a-c678eeab2358:192.168.157.194:44119], old=null
2019-10-17 02:19:02,591 [grpc-default-executor-3] INFO  impl.RaftServerImpl (RaftServerImpl.java:setRole(184)) - 33d40637-531b-47e9-8a2e-802b577efd6f@group-5A011987FEB2: changes role from  FOLLOWER to FOLLOWER at term 47 for recognizeCandidate:bf166244-8880-4b0f-9be5-11fb29082dcb
2019-10-17 02:19:02,591 [grpc-default-executor-1] INFO  impl.RaftServerImpl (RaftServerImpl.java:setRole(184)) - 389ddf04-1777-44a1-860a-c678eeab2358@group-5A011987FEB2: changes role from  FOLLOWER to FOLLOWER at term 47 for recognizeCandidate:bf166244-8880-4b0f-9be5-11fb29082dcb
2019-10-17 02:19:02,591 [grpc-default-executor-3] INFO  impl.RoleInfo (RoleInfo.java:shutdownFollowerState(121)) - 33d40637-531b-47e9-8a2e-802b577efd6f: shutdown FollowerState
2019-10-17 02:19:02,591 [grpc-default-executor-1] INFO  impl.RoleInfo (RoleInfo.java:shutdownFollowerState(121)) - 389ddf04-1777-44a1-860a-c678eeab2358: shutdown FollowerState
2019-10-17 02:19:02,592 [grpc-default-executor-3] INFO  impl.RoleInfo (RoleInfo.java:updateAndGet(143)) - 33d40637-531b-47e9-8a2e-802b577efd6f: start FollowerState
2019-10-17 02:19:02,592 [Thread-755] INFO  impl.FollowerState (FollowerState.java:run(117)) - 389ddf04-1777-44a1-860a-c678eeab2358@group-5A011987FEB2-FollowerState was interrupted: java.lang.InterruptedException: sleep interrupted
2019-10-17 02:19:02,592 [grpc-default-executor-1] INFO  impl.RoleInfo (RoleInfo.java:updateAndGet(143)) - 389ddf04-1777-44a1-860a-c678eeab2358: start FollowerState
2019-10-17 02:19:02,592 [Thread-754] INFO  impl.FollowerState (FollowerState.java:run(117)) - 33d40637-531b-47e9-8a2e-802b577efd6f@group-5A011987FEB2-FollowerState was interrupted: java.lang.InterruptedException: sleep interrupted
2019-10-17 02:19:02,607 [bf166244-8880-4b0f-9be5-11fb29082dcb@group-5A011987FEB2-LeaderElection50] INFO  impl.LeaderElection (LeaderElection.java:logAndReturn(56)) - bf166244-8880-4b0f-9be5-11fb29082dcb@group-5A011987FEB2-LeaderElection50: Election REJECTED; received 2 response(s) [bf166244-8880-4b0f-9be5-11fb29082dcb<-389ddf04-1777-44a1-860a-c678eeab2358#0:FAIL-t47, bf166244-8880-4b0f-9be5-11fb29082dcb<-33d40637-531b-47e9-8a2e-802b577efd6f#0:FAIL-t47] and 0 exception(s); bf166244-8880-4b0f-9be5-11fb29082dcb@group-5A011987FEB2:t47, leader=null, voted=bf166244-8880-4b0f-9be5-11fb29082dcb, raftlog=bf166244-8880-4b0f-9be5-11fb29082dcb@group-5A011987FEB2-SegmentedRaftLog:OPENED:c-1,f-1,i0, conf=-1: [bf166244-8880-4b0f-9be5-11fb29082dcb:192.168.157.194:44285, 33d40637-531b-47e9-8a2e-802b577efd6f:192.168.157.194:40644, 389ddf04-1777-44a1-860a-c678eeab2358:192.168.157.194:44119], old=null
2019-10-17 02:19:02,607 [bf166244-8880-4b0f-9be5-11fb29082dcb@group-5A011987FEB2-LeaderElection50] INFO  impl.RaftServerImpl (RaftServerImpl.java:setRole(184)) - bf166244-8880-4b0f-9be5-11fb29082dcb@group-5A011987FEB2: changes role from CANDIDATE to FOLLOWER at term 47 for DISCOVERED_A_NEW_TERM
2019-10-17 02:19:02,607 [bf166244-8880-4b0f-9be5-11fb29082dcb@group-5A011987FEB2-LeaderElection50] INFO  impl.RoleInfo (RoleInfo.java:shutdownLeaderElection(134)) - bf166244-8880-4b0f-9be5-11fb29082dcb: shutdown LeaderElection
2019-10-17 02:19:02,607 [bf166244-8880-4b0f-9be5-11fb29082dcb@group-5A011987FEB2-LeaderElection50] INFO  impl.RoleInfo (RoleInfo.java:updateAndGet(143)) - bf166244-8880-4b0f-9be5-11fb29082dcb: start FollowerState
2019-10-17 02:19:02,805 [Thread-762] INFO  impl.FollowerState (FollowerState.java:run(108)) - bf166244-8880-4b0f-9be5-11fb29082dcb@group-5A011987FEB2-FollowerState: change to CANDIDATE, lastRpcTime:197ms, electionTimeout:197ms
2019-10-17 02:19:02,805 [Thread-762] INFO  impl.RoleInfo (RoleInfo.java:shutdownFollowerState(121)) - bf166244-8880-4b0f-9be5-11fb29082dcb: shutdown FollowerState
2019-10-17 02:19:02,805 [Thread-762] INFO  impl.RaftServerImpl (RaftServerImpl.java:setRole(184)) - bf166244-8880-4b0f-9be5-11fb29082dcb@group-5A011987FEB2: changes role from  FOLLOWER to CANDIDATE at term 47 for changeToCandidate
2019-10-17 02:19:02,805 [Thread-762] INFO  impl.RoleInfo (RoleInfo.java:updateAndGet(143)) - bf166244-8880-4b0f-9be5-11fb29082dcb: start LeaderElection
2019-10-17 02:19:02,819 [bf166244-8880-4b0f-9be5-11fb29082dcb@group-5A011987FEB2-LeaderElection51] INFO  impl.LeaderElection (LeaderElection.java:askForVotes(178)) - bf166244-8880-4b0f-9be5-11fb29082dcb@group-5A011987FEB2-LeaderElection51: begin an election at term 48 for -1: [bf166244-8880-4b0f-9be5-11fb29082dcb:192.168.157.194:44285, 33d40637-531b-47e9-8a2e-802b577efd6f:192.168.157.194:40644, 389ddf04-1777-44a1-860a-c678eeab2358:192.168.157.194:44119], old=null
2019-10-17 02:19:02,822 [grpc-default-executor-1] INFO  impl.RaftServerImpl (RaftServerImpl.java:setRole(184)) - 33d40637-531b-47e9-8a2e-802b577efd6f@group-5A011987FEB2: changes role from  FOLLOWER to FOLLOWER at term 48 for recognizeCandidate:bf166244-8880-4b0f-9be5-11fb29082dcb
2019-10-17 02:19:02,822 [grpc-default-executor-1] INFO  impl.RoleInfo (RoleInfo.java:shutdownFollowerState(121)) - 33d40637-531b-47e9-8a2e-802b577efd6f: shutdown FollowerState
2019-10-17 02:19:02,822 [grpc-default-executor-3] INFO  impl.RaftServerImpl (RaftServerImpl.java:setRole(184)) - 389ddf04-1777-44a1-860a-c678eeab2358@group-5A011987FEB2: changes role from  FOLLOWER to FOLLOWER at term 48 for recognizeCandidate:bf166244-8880-4b0f-9be5-11fb29082dcb
2019-10-17 02:19:02,822 [Thread-760] INFO  impl.FollowerState (FollowerState.java:run(117)) - 33d40637-531b-47e9-8a2e-802b577efd6f@group-5A011987FEB2-FollowerState was interrupted: java.lang.InterruptedException: sleep interrupted
2019-10-17 02:19:02,822 [grpc-default-executor-1] INFO  impl.RoleInfo (RoleInfo.java:updateAndGet(143)) - 33d40637-531b-47e9-8a2e-802b577efd6f: start FollowerState
2019-10-17 02:19:02,822 [grpc-default-executor-3] INFO  impl.RoleInfo (RoleInfo.java:shutdownFollowerState(121)) - 389ddf04-1777-44a1-860a-c678eeab2358: shutdown FollowerState
2019-10-17 02:19:02,823 [grpc-default-executor-3] INFO  impl.RoleInfo (RoleInfo.java:updateAndGet(143)) - 389ddf04-1777-44a1-860a-c678eeab2358: start FollowerState
2019-10-17 02:19:02,823 [Thread-761] INFO  impl.FollowerState (FollowerState.java:run(117)) - 389ddf04-1777-44a1-860a-c678eeab2358@group-5A011987FEB2-FollowerState was interrupted: java.lang.InterruptedException: sleep interrupted
2019-10-17 02:19:02,839 [bf166244-8880-4b0f-9be5-11fb29082dcb@group-5A011987FEB2-LeaderElection51] INFO  impl.LeaderElection (LeaderElection.java:logAndReturn(56)) - bf166244-8880-4b0f-9be5-11fb29082dcb@group-5A011987FEB2-LeaderElection51: Election REJECTED; received 2 response(s) [bf166244-8880-4b0f-9be5-11fb29082dcb<-33d40637-531b-47e9-8a2e-802b577efd6f#0:FAIL-t48, bf166244-8880-4b0f-9be5-11fb29082dcb<-389ddf04-1777-44a1-860a-c678eeab2358#0:FAIL-t48] and 0 exception(s); bf166244-8880-4b0f-9be5-11fb29082dcb@group-5A011987FEB2:t48, leader=null, voted=bf166244-8880-4b0f-9be5-11fb29082dcb, raftlog=bf166244-8880-4b0f-9be5-11fb29082dcb@group-5A011987FEB2-SegmentedRaftLog:OPENED:c-1,f-1,i0, conf=-1: [bf166244-8880-4b0f-9be5-11fb29082dcb:192.168.157.194:44285, 33d40637-531b-47e9-8a2e-802b577efd6f:192.168.157.194:40644, 389ddf04-1777-44a1-860a-c678eeab2358:192.168.157.194:44119], old=null
2019-10-17 02:19:02,839 [bf166244-8880-4b0f-9be5-11fb29082dcb@group-5A011987FEB2-LeaderElection51] INFO  impl.RaftServerImpl (RaftServerImpl.java:setRole(184)) - bf166244-8880-4b0f-9be5-11fb29082dcb@group-5A011987FEB2: changes role from CANDIDATE to FOLLOWER at term 48 for DISCOVERED_A_NEW_TERM
2019-10-17 02:19:02,839 [bf166244-8880-4b0f-9be5-11fb29082dcb@group-5A011987FEB2-LeaderElection51] INFO  impl.RoleInfo (RoleInfo.java:shutdownLeaderElection(134)) - bf166244-8880-4b0f-9be5-11fb29082dcb: shutdown LeaderElection
2019-10-17 02:19:02,839 [bf166244-8880-4b0f-9be5-11fb29082dcb@group-5A011987FEB2-LeaderElection51] INFO  impl.RoleInfo (RoleInfo.java:updateAndGet(143)) - bf166244-8880-4b0f-9be5-11fb29082dcb: start FollowerState
2019-10-17 02:19:02,962 [Thread-768] INFO  impl.FollowerState (FollowerState.java:run(108)) - bf166244-8880-4b0f-9be5-11fb29082dcb@group-5A011987FEB2-FollowerState: change to CANDIDATE, lastRpcTime:122ms, electionTimeout:122ms
2019-10-17 02:19:02,962 [Thread-768] INFO  impl.RoleInfo (RoleInfo.java:shutdownFollowerState(121)) - bf166244-8880-4b0f-9be5-11fb29082dcb: shutdown FollowerState
2019-10-17 02:19:02,962 [Thread-768] INFO  impl.RaftServerImpl (RaftServerImpl.java:setRole(184)) - bf166244-8880-4b0f-9be5-11fb29082dcb@group-5A011987FEB2: changes role from  FOLLOWER to CANDIDATE at term 48 for changeToCandidate
2019-10-17 02:19:02,962 [Thread-768] INFO  impl.RoleInfo (RoleInfo.java:updateAndGet(143)) - bf166244-8880-4b0f-9be5-11fb29082dcb: start LeaderElection
2019-10-17 02:19:02,968 [bf166244-8880-4b0f-9be5-11fb29082dcb@group-5A011987FEB2-LeaderElection52] INFO  impl.LeaderElection (LeaderElection.java:askForVotes(178)) - bf166244-8880-4b0f-9be5-11fb29082dcb@group-5A011987FEB2-LeaderElection52: begin an election at term 49 for -1: [bf166244-8880-4b0f-9be5-11fb29082dcb:192.168.157.194:44285, 33d40637-531b-47e9-8a2e-802b577efd6f:192.168.157.194:40644, 389ddf04-1777-44a1-860a-c678eeab2358:192.168.157.194:44119], old=null
2019-10-17 02:19:02,971 [grpc-default-executor-3] INFO  impl.RaftServerImpl (RaftServerImpl.java:setRole(184)) - 33d40637-531b-47e9-8a2e-802b577efd6f@group-5A011987FEB2: changes role from  FOLLOWER to FOLLOWER at term 49 for recognizeCandidate:bf166244-8880-4b0f-9be5-11fb29082dcb
2019-10-17 02:19:02,971 [grpc-default-executor-3] INFO  impl.RoleInfo (RoleInfo.java:shutdownFollowerState(121)) - 33d40637-531b-47e9-8a2e-802b577efd6f: shutdown FollowerState
2019-10-17 02:19:02,971 [grpc-default-executor-1] INFO  impl.RaftServerImpl (RaftServerImpl.java:setRole(184)) - 389ddf04-1777-44a1-860a-c678eeab2358@group-5A011987FEB2: changes role from  FOLLOWER to FOLLOWER at term 49 for recognizeCandidate:bf166244-8880-4b0f-9be5-11fb29082dcb
2019-10-17 02:19:02,971 [grpc-default-executor-3] INFO  impl.RoleInfo (RoleInfo.java:updateAndGet(143)) - 33d40637-531b-47e9-8a2e-802b577efd6f: start FollowerState
2019-10-17 02:19:02,971 [Thread-766] INFO  impl.FollowerState (FollowerState.java:run(117)) - 33d40637-531b-47e9-8a2e-802b577efd6f@group-5A011987FEB2-FollowerState was interrupted: java.lang.InterruptedException: sleep interrupted
2019-10-17 02:19:02,971 [grpc-default-executor-1] INFO  impl.RoleInfo (RoleInfo.java:shutdownFollowerState(121)) - 389ddf04-1777-44a1-860a-c678eeab2358: shutdown FollowerState
2019-10-17 02:19:02,972 [grpc-default-executor-1] INFO  impl.RoleInfo (RoleInfo.java:updateAndGet(143)) - 389ddf04-1777-44a1-860a-c678eeab2358: start FollowerState
2019-10-17 02:19:02,972 [Thread-767] INFO  impl.FollowerState (FollowerState.java:run(117)) - 389ddf04-1777-44a1-860a-c678eeab2358@group-5A011987FEB2-FollowerState was interrupted: java.lang.InterruptedException: sleep interrupted
2019-10-17 02:19:02,987 [bf166244-8880-4b0f-9be5-11fb29082dcb@group-5A011987FEB2-LeaderElection52] INFO  impl.LeaderElection (LeaderElection.java:logAndReturn(56)) - bf166244-8880-4b0f-9be5-11fb29082dcb@group-5A011987FEB2-LeaderElection52: Election REJECTED; received 2 response(s) [bf166244-8880-4b0f-9be5-11fb29082dcb<-389ddf04-1777-44a1-860a-c678eeab2358#0:FAIL-t49, bf166244-8880-4b0f-9be5-11fb29082dcb<-33d40637-531b-47e9-8a2e-802b577efd6f#0:FAIL-t49] and 0 exception(s); bf166244-8880-4b0f-9be5-11fb29082dcb@group-5A011987FEB2:t49, leader=null, voted=bf166244-8880-4b0f-9be5-11fb29082dcb, raftlog=bf166244-8880-4b0f-9be5-11fb29082dcb@group-5A011987FEB2-SegmentedRaftLog:OPENED:c-1,f-1,i0, conf=-1: [bf166244-8880-4b0f-9be5-11fb29082dcb:192.168.157.194:44285, 33d40637-531b-47e9-8a2e-802b577efd6f:192.168.157.194:40644, 389ddf04-1777-44a1-860a-c678eeab2358:192.168.157.194:44119], old=null
2019-10-17 02:19:02,987 [bf166244-8880-4b0f-9be5-11fb29082dcb@group-5A011987FEB2-LeaderElection52] INFO  impl.RaftServerImpl (RaftServerImpl.java:setRole(184)) - bf166244-8880-4b0f-9be5-11fb29082dcb@group-5A011987FEB2: changes role from CANDIDATE to FOLLOWER at term 49 for DISCOVERED_A_NEW_TERM
2019-10-17 02:19:02,987 [bf166244-8880-4b0f-9be5-11fb29082dcb@group-5A011987FEB2-LeaderElection52] INFO  impl.RoleInfo (RoleInfo.java:shutdownLeaderElection(134)) - bf166244-8880-4b0f-9be5-11fb29082dcb: shutdown LeaderElection
2019-10-17 02:19:02,987 [bf166244-8880-4b0f-9be5-11fb29082dcb@group-5A011987FEB2-LeaderElection52] INFO  impl.RoleInfo (RoleInfo.java:updateAndGet(143)) - bf166244-8880-4b0f-9be5-11fb29082dcb: start FollowerState
2019-10-17 02:19:03,163 [Thread-774] INFO  impl.FollowerState (FollowerState.java:run(108)) - bf166244-8880-4b0f-9be5-11fb29082dcb@group-5A011987FEB2-FollowerState: change to CANDIDATE, lastRpcTime:175ms, electionTimeout:175ms
2019-10-17 02:19:03,163 [Thread-774] INFO  impl.RoleInfo (RoleInfo.java:shutdownFollowerState(121)) - bf166244-8880-4b0f-9be5-11fb29082dcb: shutdown FollowerState
2019-10-17 02:19:03,163 [Thread-774] INFO  impl.RaftServerImpl (RaftServerImpl.java:setRole(184)) - bf166244-8880-4b0f-9be5-11fb29082dcb@group-5A011987FEB2: changes role from  FOLLOWER to CANDIDATE at term 49 for changeToCandidate
2019-10-17 02:19:03,164 [Thread-774] INFO  impl.RoleInfo (RoleInfo.java:updateAndGet(143)) - bf166244-8880-4b0f-9be5-11fb29082dcb: start LeaderElection
2019-10-17 02:19:03,178 [bf166244-8880-4b0f-9be5-11fb29082dcb@group-5A011987FEB2-LeaderElection53] INFO  impl.LeaderElection (LeaderElection.java:askForVotes(178)) - bf166244-8880-4b0f-9be5-11fb29082dcb@group-5A011987FEB2-LeaderElection53: begin an election at term 50 for -1: [bf166244-8880-4b0f-9be5-11fb29082dcb:192.168.157.194:44285, 33d40637-531b-47e9-8a2e-802b577efd6f:192.168.157.194:40644, 389ddf04-1777-44a1-860a-c678eeab2358:192.168.157.194:44119], old=null
2019-10-17 02:19:03,182 [grpc-default-executor-1] INFO  impl.RaftServerImpl (RaftServerImpl.java:setRole(184)) - 389ddf04-1777-44a1-860a-c678eeab2358@group-5A011987FEB2: changes role from  FOLLOWER to FOLLOWER at term 50 for recognizeCandidate:bf166244-8880-4b0f-9be5-11fb29082dcb
2019-10-17 02:19:03,182 [grpc-default-executor-3] INFO  impl.RaftServerImpl (RaftServerImpl.java:setRole(184)) - 33d40637-531b-47e9-8a2e-802b577efd6f@group-5A011987FEB2: changes role from  FOLLOWER to FOLLOWER at term 50 for recognizeCandidate:bf166244-8880-4b0f-9be5-11fb29082dcb
2019-10-17 02:19:03,182 [grpc-default-executor-1] INFO  impl.RoleInfo (RoleInfo.java:shutdownFollowerState(121)) - 389ddf04-1777-44a1-860a-c678eeab2358: shutdown FollowerState
2019-10-17 02:19:03,182 [grpc-default-executor-3] INFO  impl.RoleInfo (RoleInfo.java:shutdownFollowerState(121)) - 33d40637-531b-47e9-8a2e-802b577efd6f: shutdown FollowerState
2019-10-17 02:19:03,182 [Thread-773] INFO  impl.FollowerState (FollowerState.java:run(117)) - 389ddf04-1777-44a1-860a-c678eeab2358@group-5A011987FEB2-FollowerState was interrupted: java.lang.InterruptedException: sleep interrupted
2019-10-17 02:19:03,183 [Thread-772] INFO  impl.FollowerState (FollowerState.java:run(117)) - 33d40637-531b-47e9-8a2e-802b577efd6f@group-5A011987FEB2-FollowerState was interrupted: java.lang.InterruptedException: sleep interrupted
2019-10-17 02:19:03,182 [grpc-default-executor-1] INFO  impl.RoleInfo (RoleInfo.java:updateAndGet(143)) - 389ddf04-1777-44a1-860a-c678eeab2358: start FollowerState
2019-10-17 02:19:03,183 [bf166244-8880-4b0f-9be5-11fb29082dcb@group-5A011987FEB2-LeaderElection53] INFO  impl.LeaderElection (LeaderElection.java:logAndReturn(56)) - bf166244-8880-4b0f-9be5-11fb29082dcb@group-5A011987FEB2-LeaderElection53: Election TIMEOUT; received 0 response(s) [] and 0 exception(s); bf166244-8880-4b0f-9be5-11fb29082dcb@group-5A011987FEB2:t50, leader=null, voted=bf166244-8880-4b0f-9be5-11fb29082dcb, raftlog=bf166244-8880-4b0f-9be5-11fb29082dcb@group-5A011987FEB2-SegmentedRaftLog:OPENED:c-1,f-1,i0, conf=-1: [bf166244-8880-4b0f-9be5-11fb29082dcb:192.168.157.194:44285, 33d40637-531b-47e9-8a2e-802b577efd6f:192.168.157.194:40644, 389ddf04-1777-44a1-860a-c678eeab2358:192.168.157.194:44119], old=null
2019-10-17 02:19:03,183 [grpc-default-executor-3] INFO  impl.RoleInfo (RoleInfo.java:updateAndGet(143)) - 33d40637-531b-47e9-8a2e-802b577efd6f: start FollowerState
2019-10-17 02:19:03,197 [bf166244-8880-4b0f-9be5-11fb29082dcb@group-5A011987FEB2-LeaderElection53] INFO  impl.LeaderElection (LeaderElection.java:askForVotes(178)) - bf166244-8880-4b0f-9be5-11fb29082dcb@group-5A011987FEB2-LeaderElection53: begin an election at term 51 for -1: [bf166244-8880-4b0f-9be5-11fb29082dcb:192.168.157.194:44285, 33d40637-531b-47e9-8a2e-802b577efd6f:192.168.157.194:40644, 389ddf04-1777-44a1-860a-c678eeab2358:192.168.157.194:44119], old=null
2019-10-17 02:19:03,199 [grpc-default-executor-1] INFO  impl.RaftServerImpl (RaftServerImpl.java:setRole(184)) - 33d40637-531b-47e9-8a2e-802b577efd6f@group-5A011987FEB2: changes role from  FOLLOWER to FOLLOWER at term 51 for recognizeCandidate:bf166244-8880-4b0f-9be5-11fb29082dcb
2019-10-17 02:19:03,199 [grpc-default-executor-3] INFO  impl.RaftServerImpl (RaftServerImpl.java:setRole(184)) - 389ddf04-1777-44a1-860a-c678eeab2358@group-5A011987FEB2: changes role from  FOLLOWER to FOLLOWER at term 51 for recognizeCandidate:bf166244-8880-4b0f-9be5-11fb29082dcb
2019-10-17 02:19:03,199 [grpc-default-executor-1] INFO  impl.RoleInfo (RoleInfo.java:shutdownFollowerState(121)) - 33d40637-531b-47e9-8a2e-802b577efd6f: shutdown FollowerState
2019-10-17 02:19:03,199 [grpc-default-executor-3] INFO  impl.RoleInfo (RoleInfo.java:shutdownFollowerState(121)) - 389ddf04-1777-44a1-860a-c678eeab2358: shutdown FollowerState
2019-10-17 02:19:03,199 [Thread-779] INFO  impl.FollowerState (FollowerState.java:run(117)) - 33d40637-531b-47e9-8a2e-802b577efd6f@group-5A011987FEB2-FollowerState was interrupted: java.lang.InterruptedException: sleep interrupted
2019-10-17 02:19:03,199 [grpc-default-executor-1] INFO  impl.RoleInfo (RoleInfo.java:updateAndGet(143)) - 33d40637-531b-47e9-8a2e-802b577efd6f: start FollowerState
2019-10-17 02:19:03,200 [grpc-default-executor-3] INFO  impl.RoleInfo (RoleInfo.java:updateAndGet(143)) - 389ddf04-1777-44a1-860a-c678eeab2358: start FollowerState
2019-10-17 02:19:03,200 [Thread-778] INFO  impl.FollowerState (FollowerState.java:run(117)) - 389ddf04-1777-44a1-860a-c678eeab2358@group-5A011987FEB2-FollowerState was interrupted: java.lang.InterruptedException: sleep interrupted
2019-10-17 02:19:03,202 [bf166244-8880-4b0f-9be5-11fb29082dcb@group-5A011987FEB2-LeaderElection53] INFO  impl.LeaderElection (LeaderElection.java:logAndReturn(56)) - bf166244-8880-4b0f-9be5-11fb29082dcb@group-5A011987FEB2-LeaderElection53: Election TIMEOUT; received 0 response(s) [] and 0 exception(s); bf166244-8880-4b0f-9be5-11fb29082dcb@group-5A011987FEB2:t51, leader=null, voted=bf166244-8880-4b0f-9be5-11fb29082dcb, raftlog=bf166244-8880-4b0f-9be5-11fb29082dcb@group-5A011987FEB2-SegmentedRaftLog:OPENED:c-1,f-1,i0, conf=-1: [bf166244-8880-4b0f-9be5-11fb29082dcb:192.168.157.194:44285, 33d40637-531b-47e9-8a2e-802b577efd6f:192.168.157.194:40644, 389ddf04-1777-44a1-860a-c678eeab2358:192.168.157.194:44119], old=null
2019-10-17 02:19:03,213 [bf166244-8880-4b0f-9be5-11fb29082dcb@group-5A011987FEB2-LeaderElection53] INFO  impl.LeaderElection (LeaderElection.java:askForVotes(178)) - bf166244-8880-4b0f-9be5-11fb29082dcb@group-5A011987FEB2-LeaderElection53: begin an election at term 52 for -1: [bf166244-8880-4b0f-9be5-11fb29082dcb:192.168.157.194:44285, 33d40637-531b-47e9-8a2e-802b577efd6f:192.168.157.194:40644, 389ddf04-1777-44a1-860a-c678eeab2358:192.168.157.194:44119], old=null
2019-10-17 02:19:03,215 [grpc-default-executor-3] INFO  impl.RaftServerImpl (RaftServerImpl.java:setRole(184)) - 33d40637-531b-47e9-8a2e-802b577efd6f@group-5A011987FEB2: changes role from  FOLLOWER to FOLLOWER at term 52 for recognizeCandidate:bf166244-8880-4b0f-9be5-11fb29082dcb
2019-10-17 02:19:03,215 [grpc-default-executor-3] INFO  impl.RoleInfo (RoleInfo.java:shutdownFollowerState(121)) - 33d40637-531b-47e9-8a2e-802b577efd6f: shutdown FollowerState
2019-10-17 02:19:03,215 [grpc-default-executor-3] INFO  impl.RoleInfo (RoleInfo.java:updateAndGet(143)) - 33d40637-531b-47e9-8a2e-802b577efd6f: start FollowerState
2019-10-17 02:19:03,215 [Thread-782] INFO  impl.FollowerState (FollowerState.java:run(117)) - 33d40637-531b-47e9-8a2e-802b577efd6f@group-5A011987FEB2-FollowerState was interrupted: java.lang.InterruptedException: sleep interrupted
2019-10-17 02:19:03,216 [grpc-default-executor-1] INFO  impl.RaftServerImpl (RaftServerImpl.java:setRole(184)) - 389ddf04-1777-44a1-860a-c678eeab2358@group-5A011987FEB2: changes role from  FOLLOWER to FOLLOWER at term 52 for recognizeCandidate:bf166244-8880-4b0f-9be5-11fb29082dcb
2019-10-17 02:19:03,216 [grpc-default-executor-1] INFO  impl.RoleInfo (RoleInfo.java:shutdownFollowerState(121)) - 389ddf04-1777-44a1-860a-c678eeab2358: shutdown FollowerState
2019-10-17 02:19:03,216 [grpc-default-executor-1] INFO  impl.RoleInfo (RoleInfo.java:updateAndGet(143)) - 389ddf04-1777-44a1-860a-c678eeab2358: start FollowerState
2019-10-17 02:19:03,216 [Thread-783] INFO  impl.FollowerState (FollowerState.java:run(117)) - 389ddf04-1777-44a1-860a-c678eeab2358@group-5A011987FEB2-FollowerState was interrupted: java.lang.InterruptedException: sleep interrupted
2019-10-17 02:19:03,230 [bf166244-8880-4b0f-9be5-11fb29082dcb@group-5A011987FEB2-LeaderElection53] INFO  impl.LeaderElection (LeaderElection.java:logAndReturn(56)) - bf166244-8880-4b0f-9be5-11fb29082dcb@group-5A011987FEB2-LeaderElection53: Election REJECTED; received 2 response(s) [bf166244-8880-4b0f-9be5-11fb29082dcb<-389ddf04-1777-44a1-860a-c678eeab2358#0:FAIL-t52, bf166244-8880-4b0f-9be5-11fb29082dcb<-33d40637-531b-47e9-8a2e-802b577efd6f#0:FAIL-t52] and 0 exception(s); bf166244-8880-4b0f-9be5-11fb29082dcb@group-5A011987FEB2:t52, leader=null, voted=bf166244-8880-4b0f-9be5-11fb29082dcb, raftlog=bf166244-8880-4b0f-9be5-11fb29082dcb@group-5A011987FEB2-SegmentedRaftLog:OPENED:c-1,f-1,i0, conf=-1: [bf166244-8880-4b0f-9be5-11fb29082dcb:192.168.157.194:44285, 33d40637-531b-47e9-8a2e-802b577efd6f:192.168.157.194:40644, 389ddf04-1777-44a1-860a-c678eeab2358:192.168.157.194:44119], old=null
2019-10-17 02:19:03,230 [bf166244-8880-4b0f-9be5-11fb29082dcb@group-5A011987FEB2-LeaderElection53] INFO  impl.RaftServerImpl (RaftServerImpl.java:setRole(184)) - bf166244-8880-4b0f-9be5-11fb29082dcb@group-5A011987FEB2: changes role from CANDIDATE to FOLLOWER at term 52 for DISCOVERED_A_NEW_TERM
2019-10-17 02:19:03,230 [bf166244-8880-4b0f-9be5-11fb29082dcb@group-5A011987FEB2-LeaderElection53] INFO  impl.RoleInfo (RoleInfo.java:shutdownLeaderElection(134)) - bf166244-8880-4b0f-9be5-11fb29082dcb: shutdown LeaderElection
2019-10-17 02:19:03,230 [bf166244-8880-4b0f-9be5-11fb29082dcb@group-5A011987FEB2-LeaderElection53] INFO  impl.RoleInfo (RoleInfo.java:updateAndGet(143)) - bf166244-8880-4b0f-9be5-11fb29082dcb: start FollowerState
2019-10-17 02:19:03,402 [Thread-788] INFO  impl.FollowerState (FollowerState.java:run(108)) - bf166244-8880-4b0f-9be5-11fb29082dcb@group-5A011987FEB2-FollowerState: change to CANDIDATE, lastRpcTime:171ms, electionTimeout:171ms
2019-10-17 02:19:03,402 [Thread-788] INFO  impl.RoleInfo (RoleInfo.java:shutdownFollowerState(121)) - bf166244-8880-4b0f-9be5-11fb29082dcb: shutdown FollowerState
2019-10-17 02:19:03,402 [Thread-788] INFO  impl.RaftServerImpl (RaftServerImpl.java:setRole(184)) - bf166244-8880-4b0f-9be5-11fb29082dcb@group-5A011987FEB2: changes role from  FOLLOWER to CANDIDATE at term 52 for changeToCandidate
2019-10-17 02:19:03,402 [Thread-788] INFO  impl.RoleInfo (RoleInfo.java:updateAndGet(143)) - bf166244-8880-4b0f-9be5-11fb29082dcb: start LeaderElection
2019-10-17 02:19:03,416 [bf166244-8880-4b0f-9be5-11fb29082dcb@group-5A011987FEB2-LeaderElection54] INFO  impl.LeaderElection (LeaderElection.java:askForVotes(178)) - bf166244-8880-4b0f-9be5-11fb29082dcb@group-5A011987FEB2-LeaderElection54: begin an election at term 53 for -1: [bf166244-8880-4b0f-9be5-11fb29082dcb:192.168.157.194:44285, 33d40637-531b-47e9-8a2e-802b577efd6f:192.168.157.194:40644, 389ddf04-1777-44a1-860a-c678eeab2358:192.168.157.194:44119], old=null
2019-10-17 02:19:03,418 [grpc-default-executor-3] INFO  impl.RaftServerImpl (RaftServerImpl.java:setRole(184)) - 389ddf04-1777-44a1-860a-c678eeab2358@group-5A011987FEB2: changes role from  FOLLOWER to FOLLOWER at term 53 for recognizeCandidate:bf166244-8880-4b0f-9be5-11fb29082dcb
2019-10-17 02:19:03,418 [grpc-default-executor-3] INFO  impl.RoleInfo (RoleInfo.java:shutdownFollowerState(121)) - 389ddf04-1777-44a1-860a-c678eeab2358: shutdown FollowerState
2019-10-17 02:19:03,418 [grpc-default-executor-1] INFO  impl.RaftServerImpl (RaftServerImpl.java:setRole(184)) - 33d40637-531b-47e9-8a2e-802b577efd6f@group-5A011987FEB2: changes role from  FOLLOWER to FOLLOWER at term 53 for recognizeCandidate:bf166244-8880-4b0f-9be5-11fb29082dcb
2019-10-17 02:19:03,418 [Thread-787] INFO  impl.FollowerState (FollowerState.java:run(117)) - 389ddf04-1777-44a1-860a-c678eeab2358@group-5A011987FEB2-FollowerState was interrupted: java.lang.InterruptedException: sleep interrupted
2019-10-17 02:19:03,418 [grpc-default-executor-3] INFO  impl.RoleInfo (RoleInfo.java:updateAndGet(143)) - 389ddf04-1777-44a1-860a-c678eeab2358: start FollowerState
2019-10-17 02:19:03,419 [grpc-default-executor-1] INFO  impl.RoleInfo (RoleInfo.java:shutdownFollowerState(121)) - 33d40637-531b-47e9-8a2e-802b577efd6f: shutdown FollowerState
2019-10-17 02:19:03,419 [grpc-default-executor-1] INFO  impl.RoleInfo (RoleInfo.java:updateAndGet(143)) - 33d40637-531b-47e9-8a2e-802b577efd6f: start FollowerState
2019-10-17 02:19:03,419 [Thread-786] INFO  impl.FollowerState (FollowerState.java:run(117)) - 33d40637-531b-47e9-8a2e-802b577efd6f@group-5A011987FEB2-FollowerState was interrupted: java.lang.InterruptedException: sleep interrupted
2019-10-17 02:19:03,423 [bf166244-8880-4b0f-9be5-11fb29082dcb@group-5A011987FEB2-LeaderElection54] INFO  impl.LeaderElection (LeaderElection.java:logAndReturn(56)) - bf166244-8880-4b0f-9be5-11fb29082dcb@group-5A011987FEB2-LeaderElection54: Election TIMEOUT; received 0 response(s) [] and 0 exception(s); bf166244-8880-4b0f-9be5-11fb29082dcb@group-5A011987FEB2:t53, leader=null, voted=bf166244-8880-4b0f-9be5-11fb29082dcb, raftlog=bf166244-8880-4b0f-9be5-11fb29082dcb@group-5A011987FEB2-SegmentedRaftLog:OPENED:c-1,f-1,i0, conf=-1: [bf166244-8880-4b0f-9be5-11fb29082dcb:192.168.157.194:44285, 33d40637-531b-47e9-8a2e-802b577efd6f:192.168.157.194:40644, 389ddf04-1777-44a1-860a-c678eeab2358:192.168.157.194:44119], old=null
2019-10-17 02:19:03,433 [bf166244-8880-4b0f-9be5-11fb29082dcb@group-5A011987FEB2-LeaderElection54] INFO  impl.LeaderElection (LeaderElection.java:askForVotes(178)) - bf166244-8880-4b0f-9be5-11fb29082dcb@group-5A011987FEB2-LeaderElection54: begin an election at term 54 for -1: [bf166244-8880-4b0f-9be5-11fb29082dcb:192.168.157.194:44285, 33d40637-531b-47e9-8a2e-802b577efd6f:192.168.157.194:40644, 389ddf04-1777-44a1-860a-c678eeab2358:192.168.157.194:44119], old=null
2019-10-17 02:19:03,434 [grpc-default-executor-1] INFO  impl.RaftServerImpl (RaftServerImpl.java:setRole(184)) - 33d40637-531b-47e9-8a2e-802b577efd6f@group-5A011987FEB2: changes role from  FOLLOWER to FOLLOWER at term 54 for recognizeCandidate:bf166244-8880-4b0f-9be5-11fb29082dcb
2019-10-17 02:19:03,434 [grpc-default-executor-1] INFO  impl.RoleInfo (RoleInfo.java:shutdownFollowerState(121)) - 33d40637-531b-47e9-8a2e-802b577efd6f: shutdown FollowerState
2019-10-17 02:19:03,434 [grpc-default-executor-1] INFO  impl.RoleInfo (RoleInfo.java:updateAndGet(143)) - 33d40637-531b-47e9-8a2e-802b577efd6f: start FollowerState
2019-10-17 02:19:03,435 [Thread-793] INFO  impl.FollowerState (FollowerState.java:run(117)) - 33d40637-531b-47e9-8a2e-802b577efd6f@group-5A011987FEB2-FollowerState was interrupted: java.lang.InterruptedException: sleep interrupted
2019-10-17 02:19:03,435 [grpc-default-executor-3] INFO  impl.RaftServerImpl (RaftServerImpl.java:setRole(184)) - 389ddf04-1777-44a1-860a-c678eeab2358@group-5A011987FEB2: changes role from  FOLLOWER to FOLLOWER at term 54 for recognizeCandidate:bf166244-8880-4b0f-9be5-11fb29082dcb
2019-10-17 02:19:03,435 [grpc-default-executor-3] INFO  impl.RoleInfo (RoleInfo.java:shutdownFollowerState(121)) - 389ddf04-1777-44a1-860a-c678eeab2358: shutdown FollowerState
2019-10-17 02:19:03,435 [grpc-default-executor-3] INFO  impl.RoleInfo (RoleInfo.java:updateAndGet(143)) - 389ddf04-1777-44a1-860a-c678eeab2358: start FollowerState
2019-10-17 02:19:03,435 [Thread-792] INFO  impl.FollowerState (FollowerState.java:run(117)) - 389ddf04-1777-44a1-860a-c678eeab2358@group-5A011987FEB2-FollowerState was interrupted: java.lang.InterruptedException: sleep interrupted
2019-10-17 02:19:03,449 [bf166244-8880-4b0f-9be5-11fb29082dcb@group-5A011987FEB2-LeaderElection54] INFO  impl.LeaderElection (LeaderElection.java:logAndReturn(56)) - bf166244-8880-4b0f-9be5-11fb29082dcb@group-5A011987FEB2-LeaderElection54: Election REJECTED; received 2 response(s) [bf166244-8880-4b0f-9be5-11fb29082dcb<-389ddf04-1777-44a1-860a-c678eeab2358#0:FAIL-t54, bf166244-8880-4b0f-9be5-11fb29082dcb<-33d40637-531b-47e9-8a2e-802b577efd6f#0:FAIL-t54] and 0 exception(s); bf166244-8880-4b0f-9be5-11fb29082dcb@group-5A011987FEB2:t54, leader=null, voted=bf166244-8880-4b0f-9be5-11fb29082dcb, raftlog=bf166244-8880-4b0f-9be5-11fb29082dcb@group-5A011987FEB2-SegmentedRaftLog:OPENED:c-1,f-1,i0, conf=-1: [bf166244-8880-4b0f-9be5-11fb29082dcb:192.168.157.194:44285, 33d40637-531b-47e9-8a2e-802b577efd6f:192.168.157.194:40644, 389ddf04-1777-44a1-860a-c678eeab2358:192.168.157.194:44119], old=null
2019-10-17 02:19:03,450 [bf166244-8880-4b0f-9be5-11fb29082dcb@group-5A011987FEB2-LeaderElection54] INFO  impl.RaftServerImpl (RaftServerImpl.java:setRole(184)) - bf166244-8880-4b0f-9be5-11fb29082dcb@group-5A011987FEB2: changes role from CANDIDATE to FOLLOWER at term 54 for DISCOVERED_A_NEW_TERM
2019-10-17 02:19:03,450 [bf166244-8880-4b0f-9be5-11fb29082dcb@group-5A011987FEB2-LeaderElection54] INFO  impl.RoleInfo (RoleInfo.java:shutdownLeaderElection(134)) - bf166244-8880-4b0f-9be5-11fb29082dcb: shutdown LeaderElection
2019-10-17 02:19:03,450 [bf166244-8880-4b0f-9be5-11fb29082dcb@group-5A011987FEB2-LeaderElection54] INFO  impl.RoleInfo (RoleInfo.java:updateAndGet(143)) - bf166244-8880-4b0f-9be5-11fb29082dcb: start FollowerState
2019-10-17 02:19:03,593 [Thread-798] INFO  impl.FollowerState (FollowerState.java:run(108)) - bf166244-8880-4b0f-9be5-11fb29082dcb@group-5A011987FEB2-FollowerState: change to CANDIDATE, lastRpcTime:143ms, electionTimeout:143ms
2019-10-17 02:19:03,593 [Thread-798] INFO  impl.RoleInfo (RoleInfo.java:shutdownFollowerState(121)) - bf166244-8880-4b0f-9be5-11fb29082dcb: shutdown FollowerState
2019-10-17 02:19:03,594 [Thread-798] INFO  impl.RaftServerImpl (RaftServerImpl.java:setRole(184)) - bf166244-8880-4b0f-9be5-11fb29082dcb@group-5A011987FEB2: changes role from  FOLLOWER to CANDIDATE at term 54 for changeToCandidate
2019-10-17 02:19:03,594 [Thread-798] INFO  impl.RoleInfo (RoleInfo.java:updateAndGet(143)) - bf166244-8880-4b0f-9be5-11fb29082dcb: start LeaderElection
2019-10-17 02:19:03,608 [bf166244-8880-4b0f-9be5-11fb29082dcb@group-5A011987FEB2-LeaderElection55] INFO  impl.LeaderElection (LeaderElection.java:askForVotes(178)) - bf166244-8880-4b0f-9be5-11fb29082dcb@group-5A011987FEB2-LeaderElection55: begin an election at term 55 for -1: [bf166244-8880-4b0f-9be5-11fb29082dcb:192.168.157.194:44285, 33d40637-531b-47e9-8a2e-802b577efd6f:192.168.157.194:40644, 389ddf04-1777-44a1-860a-c678eeab2358:192.168.157.194:44119], old=null
2019-10-17 02:19:03,610 [grpc-default-executor-3] INFO  impl.RaftServerImpl (RaftServerImpl.java:setRole(184)) - 33d40637-531b-47e9-8a2e-802b577efd6f@group-5A011987FEB2: changes role from  FOLLOWER to FOLLOWER at term 55 for recognizeCandidate:bf166244-8880-4b0f-9be5-11fb29082dcb
2019-10-17 02:19:03,610 [grpc-default-executor-3] INFO  impl.RoleInfo (RoleInfo.java:shutdownFollowerState(121)) - 33d40637-531b-47e9-8a2e-802b577efd6f: shutdown FollowerState
2019-10-17 02:19:03,610 [grpc-default-executor-1] INFO  impl.RaftServerImpl (RaftServerImpl.java:setRole(184)) - 389ddf04-1777-44a1-860a-c678eeab2358@group-5A011987FEB2: changes role from  FOLLOWER to FOLLOWER at term 55 for recognizeCandidate:bf166244-8880-4b0f-9be5-11fb29082dcb
2019-10-17 02:19:03,610 [grpc-default-executor-1] INFO  impl.RoleInfo (RoleInfo.java:shutdownFollowerState(121)) - 389ddf04-1777-44a1-860a-c678eeab2358: shutdown FollowerState
2019-10-17 02:19:03,610 [Thread-796] INFO  impl.FollowerState (FollowerState.java:run(117)) - 33d40637-531b-47e9-8a2e-802b577efd6f@group-5A011987FEB2-FollowerState was interrupted: java.lang.InterruptedException: sleep interrupted
2019-10-17 02:19:03,610 [grpc-default-executor-3] INFO  impl.RoleInfo (RoleInfo.java:updateAndGet(143)) - 33d40637-531b-47e9-8a2e-802b577efd6f: start FollowerState
2019-10-17 02:19:03,611 [Thread-797] INFO  impl.FollowerState (FollowerState.java:run(117)) - 389ddf04-1777-44a1-860a-c678eeab2358@group-5A011987FEB2-FollowerState was interrupted: java.lang.InterruptedException: sleep interrupted
2019-10-17 02:19:03,610 [grpc-default-executor-1] INFO  impl.RoleInfo (RoleInfo.java:updateAndGet(143)) - 389ddf04-1777-44a1-860a-c678eeab2358: start FollowerState
2019-10-17 02:19:03,626 [bf166244-8880-4b0f-9be5-11fb29082dcb@group-5A011987FEB2-LeaderElection55] INFO  impl.LeaderElection (LeaderElection.java:logAndReturn(56)) - bf166244-8880-4b0f-9be5-11fb29082dcb@group-5A011987FEB2-LeaderElection55: Election REJECTED; received 2 response(s) [bf166244-8880-4b0f-9be5-11fb29082dcb<-389ddf04-1777-44a1-860a-c678eeab2358#0:FAIL-t55, bf166244-8880-4b0f-9be5-11fb29082dcb<-33d40637-531b-47e9-8a2e-802b577efd6f#0:FAIL-t55] and 0 exception(s); bf166244-8880-4b0f-9be5-11fb29082dcb@group-5A011987FEB2:t55, leader=null, voted=bf166244-8880-4b0f-9be5-11fb29082dcb, raftlog=bf166244-8880-4b0f-9be5-11fb29082dcb@group-5A011987FEB2-SegmentedRaftLog:OPENED:c-1,f-1,i0, conf=-1: [bf166244-8880-4b0f-9be5-11fb29082dcb:192.168.157.194:44285, 33d40637-531b-47e9-8a2e-802b577efd6f:192.168.157.194:40644, 389ddf04-1777-44a1-860a-c678eeab2358:192.168.157.194:44119], old=null
2019-10-17 02:19:03,626 [bf166244-8880-4b0f-9be5-11fb29082dcb@group-5A011987FEB2-LeaderElection55] INFO  impl.RaftServerImpl (RaftServerImpl.java:setRole(184)) - bf166244-8880-4b0f-9be5-11fb29082dcb@group-5A011987FEB2: changes role from CANDIDATE to FOLLOWER at term 55 for DISCOVERED_A_NEW_TERM
2019-10-17 02:19:03,626 [bf166244-8880-4b0f-9be5-11fb29082dcb@group-5A011987FEB2-LeaderElection55] INFO  impl.RoleInfo (RoleInfo.java:shutdownLeaderElection(134)) - bf166244-8880-4b0f-9be5-11fb29082dcb: shutdown LeaderElection
2019-10-17 02:19:03,626 [bf166244-8880-4b0f-9be5-11fb29082dcb@group-5A011987FEB2-LeaderElection55] INFO  impl.RoleInfo (RoleInfo.java:updateAndGet(143)) - bf166244-8880-4b0f-9be5-11fb29082dcb: start FollowerState
2019-10-17 02:19:03,742 [Thread-804] INFO  impl.FollowerState (FollowerState.java:run(108)) - bf166244-8880-4b0f-9be5-11fb29082dcb@group-5A011987FEB2-FollowerState: change to CANDIDATE, lastRpcTime:115ms, electionTimeout:115ms
2019-10-17 02:19:03,742 [Thread-804] INFO  impl.RoleInfo (RoleInfo.java:shutdownFollowerState(121)) - bf166244-8880-4b0f-9be5-11fb29082dcb: shutdown FollowerState
2019-10-17 02:19:03,742 [Thread-804] INFO  impl.RaftServerImpl (RaftServerImpl.java:setRole(184)) - bf166244-8880-4b0f-9be5-11fb29082dcb@group-5A011987FEB2: changes role from  FOLLOWER to CANDIDATE at term 55 for changeToCandidate
2019-10-17 02:19:03,742 [Thread-804] INFO  impl.RoleInfo (RoleInfo.java:updateAndGet(143)) - bf166244-8880-4b0f-9be5-11fb29082dcb: start LeaderElection
2019-10-17 02:19:03,755 [bf166244-8880-4b0f-9be5-11fb29082dcb@group-5A011987FEB2-LeaderElection56] INFO  impl.LeaderElection (LeaderElection.java:askForVotes(178)) - bf166244-8880-4b0f-9be5-11fb29082dcb@group-5A011987FEB2-LeaderElection56: begin an election at term 56 for -1: [bf166244-8880-4b0f-9be5-11fb29082dcb:192.168.157.194:44285, 33d40637-531b-47e9-8a2e-802b577efd6f:192.168.157.194:40644, 389ddf04-1777-44a1-860a-c678eeab2358:192.168.157.194:44119], old=null
2019-10-17 02:19:03,758 [grpc-default-executor-1] INFO  impl.RaftServerImpl (RaftServerImpl.java:setRole(184)) - 33d40637-531b-47e9-8a2e-802b577efd6f@group-5A011987FEB2: changes role from  FOLLOWER to FOLLOWER at term 56 for recognizeCandidate:bf166244-8880-4b0f-9be5-11fb29082dcb
2019-10-17 02:19:03,758 [grpc-default-executor-3] INFO  impl.RaftServerImpl (RaftServerImpl.java:setRole(184)) - 389ddf04-1777-44a1-860a-c678eeab2358@group-5A011987FEB2: changes role from  FOLLOWER to FOLLOWER at term 56 for recognizeCandidate:bf166244-8880-4b0f-9be5-11fb29082dcb
2019-10-17 02:19:03,758 [grpc-default-executor-1] INFO  impl.RoleInfo (RoleInfo.java:shutdownFollowerState(121)) - 33d40637-531b-47e9-8a2e-802b577efd6f: shutdown FollowerState
2019-10-17 02:19:03,758 [grpc-default-executor-3] INFO  impl.RoleInfo (RoleInfo.java:shutdownFollowerState(121)) - 389ddf04-1777-44a1-860a-c678eeab2358: shutdown FollowerState
2019-10-17 02:19:03,758 [Thread-802] INFO  impl.FollowerState (FollowerState.java:run(117)) - 33d40637-531b-47e9-8a2e-802b577efd6f@group-5A011987FEB2-FollowerState was interrupted: java.lang.InterruptedException: sleep interrupted
2019-10-17 02:19:03,758 [grpc-default-executor-1] INFO  impl.RoleInfo (RoleInfo.java:updateAndGet(143)) - 33d40637-531b-47e9-8a2e-802b577efd6f: start FollowerState
2019-10-17 02:19:03,758 [Thread-803] INFO  impl.FollowerState (FollowerState.java:run(117)) - 389ddf04-1777-44a1-860a-c678eeab2358@group-5A011987FEB2-FollowerState was interrupted: java.lang.InterruptedException: sleep interrupted
2019-10-17 02:19:03,758 [grpc-default-executor-3] INFO  impl.RoleInfo (RoleInfo.java:updateAndGet(143)) - 389ddf04-1777-44a1-860a-c678eeab2358: start FollowerState
2019-10-17 02:19:03,780 [bf166244-8880-4b0f-9be5-11fb29082dcb@group-5A011987FEB2-LeaderElection56] INFO  impl.LeaderElection (LeaderElection.java:logAndReturn(56)) - bf166244-8880-4b0f-9be5-11fb29082dcb@group-5A011987FEB2-LeaderElection56: Election REJECTED; received 2 response(s) [bf166244-8880-4b0f-9be5-11fb29082dcb<-389ddf04-1777-44a1-860a-c678eeab2358#0:FAIL-t56, bf166244-8880-4b0f-9be5-11fb29082dcb<-33d40637-531b-47e9-8a2e-802b577efd6f#0:FAIL-t56] and 0 exception(s); bf166244-8880-4b0f-9be5-11fb29082dcb@group-5A011987FEB2:t56, leader=null, voted=bf166244-8880-4b0f-9be5-11fb29082dcb, raftlog=bf166244-8880-4b0f-9be5-11fb29082dcb@group-5A011987FEB2-SegmentedRaftLog:OPENED:c-1,f-1,i0, conf=-1: [bf166244-8880-4b0f-9be5-11fb29082dcb:192.168.157.194:44285, 33d40637-531b-47e9-8a2e-802b577efd6f:192.168.157.194:40644, 389ddf04-1777-44a1-860a-c678eeab2358:192.168.157.194:44119], old=null
2019-10-17 02:19:03,780 [bf166244-8880-4b0f-9be5-11fb29082dcb@group-5A011987FEB2-LeaderElection56] INFO  impl.RaftServerImpl (RaftServerImpl.java:setRole(184)) - bf166244-8880-4b0f-9be5-11fb29082dcb@group-5A011987FEB2: changes role from CANDIDATE to FOLLOWER at term 56 for DISCOVERED_A_NEW_TERM
2019-10-17 02:19:03,780 [bf166244-8880-4b0f-9be5-11fb29082dcb@group-5A011987FEB2-LeaderElection56] INFO  impl.RoleInfo (RoleInfo.java:shutdownLeaderElection(134)) - bf166244-8880-4b0f-9be5-11fb29082dcb: shutdown LeaderElection
2019-10-17 02:19:03,781 [bf166244-8880-4b0f-9be5-11fb29082dcb@group-5A011987FEB2-LeaderElection56] INFO  impl.RoleInfo (RoleInfo.java:updateAndGet(143)) - bf166244-8880-4b0f-9be5-11fb29082dcb: start FollowerState
2019-10-17 02:19:03,788 [Thread-810] INFO  impl.FollowerState (FollowerState.java:run(108)) - bf166244-8880-4b0f-9be5-11fb29082dcb@group-5A011987FEB2-FollowerState: change to CANDIDATE, lastRpcTime:7ms, electionTimeout:7ms
2019-10-17 02:19:03,788 [Thread-810] INFO  impl.RoleInfo (RoleInfo.java:shutdownFollowerState(121)) - bf166244-8880-4b0f-9be5-11fb29082dcb: shutdown FollowerState
2019-10-17 02:19:03,788 [Thread-810] INFO  impl.RaftServerImpl (RaftServerImpl.java:setRole(184)) - bf166244-8880-4b0f-9be5-11fb29082dcb@group-5A011987FEB2: changes role from  FOLLOWER to CANDIDATE at term 56 for changeToCandidate
2019-10-17 02:19:03,788 [Thread-810] INFO  impl.RoleInfo (RoleInfo.java:updateAndGet(143)) - bf166244-8880-4b0f-9be5-11fb29082dcb: start LeaderElection
2019-10-17 02:19:03,802 [bf166244-8880-4b0f-9be5-11fb29082dcb@group-5A011987FEB2-LeaderElection57] INFO  impl.LeaderElection (LeaderElection.java:askForVotes(178)) - bf166244-8880-4b0f-9be5-11fb29082dcb@group-5A011987FEB2-LeaderElection57: begin an election at term 57 for -1: [bf166244-8880-4b0f-9be5-11fb29082dcb:192.168.157.194:44285, 33d40637-531b-47e9-8a2e-802b577efd6f:192.168.157.194:40644, 389ddf04-1777-44a1-860a-c678eeab2358:192.168.157.194:44119], old=null
2019-10-17 02:19:03,804 [grpc-default-executor-1] INFO  impl.RaftServerImpl (RaftServerImpl.java:setRole(184)) - 33d40637-531b-47e9-8a2e-802b577efd6f@group-5A011987FEB2: changes role from  FOLLOWER to FOLLOWER at term 57 for recognizeCandidate:bf166244-8880-4b0f-9be5-11fb29082dcb
2019-10-17 02:19:03,804 [grpc-default-executor-1] INFO  impl.RoleInfo (RoleInfo.java:shutdownFollowerState(121)) - 33d40637-531b-47e9-8a2e-802b577efd6f: shutdown FollowerState
2019-10-17 02:19:03,804 [grpc-default-executor-3] INFO  impl.RaftServerImpl (RaftServerImpl.java:setRole(184)) - 389ddf04-1777-44a1-860a-c678eeab2358@group-5A011987FEB2: changes role from  FOLLOWER to FOLLOWER at term 57 for recognizeCandidate:bf166244-8880-4b0f-9be5-11fb29082dcb
2019-10-17 02:19:03,804 [Thread-808] INFO  impl.FollowerState (FollowerState.java:run(117)) - 33d40637-531b-47e9-8a2e-802b577efd6f@group-5A011987FEB2-FollowerState was interrupted: java.lang.InterruptedException: sleep interrupted
2019-10-17 02:19:03,804 [grpc-default-executor-1] INFO  impl.RoleInfo (RoleInfo.java:updateAndGet(143)) - 33d40637-531b-47e9-8a2e-802b577efd6f: start FollowerState
2019-10-17 02:19:03,804 [grpc-default-executor-3] INFO  impl.RoleInfo (RoleInfo.java:shutdownFollowerState(121)) - 389ddf04-1777-44a1-860a-c678eeab2358: shutdown FollowerState
2019-10-17 02:19:03,805 [grpc-default-executor-3] INFO  impl.RoleInfo (RoleInfo.java:updateAndGet(143)) - 389ddf04-1777-44a1-860a-c678eeab2358: start FollowerState
2019-10-17 02:19:03,805 [Thread-809] INFO  impl.FollowerState (FollowerState.java:run(117)) - 389ddf04-1777-44a1-860a-c678eeab2358@group-5A011987FEB2-FollowerState was interrupted: java.lang.InterruptedException: sleep interrupted
2019-10-17 02:19:03,807 [bf166244-8880-4b0f-9be5-11fb29082dcb@group-5A011987FEB2-LeaderElection57] INFO  impl.LeaderElection (LeaderElection.java:logAndReturn(56)) - bf166244-8880-4b0f-9be5-11fb29082dcb@group-5A011987FEB2-LeaderElection57: Election TIMEOUT; received 0 response(s) [] and 0 exception(s); bf166244-8880-4b0f-9be5-11fb29082dcb@group-5A011987FEB2:t57, leader=null, voted=bf166244-8880-4b0f-9be5-11fb29082dcb, raftlog=bf166244-8880-4b0f-9be5-11fb29082dcb@group-5A011987FEB2-SegmentedRaftLog:OPENED:c-1,f-1,i0, conf=-1: [bf166244-8880-4b0f-9be5-11fb29082dcb:192.168.157.194:44285, 33d40637-531b-47e9-8a2e-802b577efd6f:192.168.157.194:40644, 389ddf04-1777-44a1-860a-c678eeab2358:192.168.157.194:44119], old=null
2019-10-17 02:19:03,818 [bf166244-8880-4b0f-9be5-11fb29082dcb@group-5A011987FEB2-LeaderElection57] INFO  impl.LeaderElection (LeaderElection.java:askForVotes(178)) - bf166244-8880-4b0f-9be5-11fb29082dcb@group-5A011987FEB2-LeaderElection57: begin an election at term 58 for -1: [bf166244-8880-4b0f-9be5-11fb29082dcb:192.168.157.194:44285, 33d40637-531b-47e9-8a2e-802b577efd6f:192.168.157.194:40644, 389ddf04-1777-44a1-860a-c678eeab2358:192.168.157.194:44119], old=null
2019-10-17 02:19:03,820 [grpc-default-executor-3] INFO  impl.RaftServerImpl (RaftServerImpl.java:setRole(184)) - 33d40637-531b-47e9-8a2e-802b577efd6f@group-5A011987FEB2: changes role from  FOLLOWER to FOLLOWER at term 58 for recognizeCandidate:bf166244-8880-4b0f-9be5-11fb29082dcb
2019-10-17 02:19:03,820 [grpc-default-executor-3] INFO  impl.RoleInfo (RoleInfo.java:shutdownFollowerState(121)) - 33d40637-531b-47e9-8a2e-802b577efd6f: shutdown FollowerState
2019-10-17 02:19:03,820 [grpc-default-executor-1] INFO  impl.RaftServerImpl (RaftServerImpl.java:setRole(184)) - 389ddf04-1777-44a1-860a-c678eeab2358@group-5A011987FEB2: changes role from  FOLLOWER to FOLLOWER at term 58 for recognizeCandidate:bf166244-8880-4b0f-9be5-11fb29082dcb
2019-10-17 02:19:03,820 [Thread-814] INFO  impl.FollowerState (FollowerState.java:run(117)) - 33d40637-531b-47e9-8a2e-802b577efd6f@group-5A011987FEB2-FollowerState was interrupted: java.lang.InterruptedException: sleep interrupted
2019-10-17 02:19:03,820 [grpc-default-executor-3] INFO  impl.RoleInfo (RoleInfo.java:updateAndGet(143)) - 33d40637-531b-47e9-8a2e-802b577efd6f: start FollowerState
2019-10-17 02:19:03,820 [grpc-default-executor-1] INFO  impl.RoleInfo (RoleInfo.java:shutdownFollowerState(121)) - 389ddf04-1777-44a1-860a-c678eeab2358: shutdown FollowerState
2019-10-17 02:19:03,821 [grpc-default-executor-1] INFO  impl.RoleInfo (RoleInfo.java:updateAndGet(143)) - 389ddf04-1777-44a1-860a-c678eeab2358: start FollowerState
2019-10-17 02:19:03,821 [Thread-815] INFO  impl.FollowerState (FollowerState.java:run(117)) - 389ddf04-1777-44a1-860a-c678eeab2358@group-5A011987FEB2-FollowerState was interrupted: java.lang.InterruptedException: sleep interrupted
2019-10-17 02:19:03,835 [bf166244-8880-4b0f-9be5-11fb29082dcb@group-5A011987FEB2-LeaderElection57] INFO  impl.LeaderElection (LeaderElection.java:logAndReturn(56)) - bf166244-8880-4b0f-9be5-11fb29082dcb@group-5A011987FEB2-LeaderElection57: Election REJECTED; received 2 response(s) [bf166244-8880-4b0f-9be5-11fb29082dcb<-389ddf04-1777-44a1-860a-c678eeab2358#0:FAIL-t58, bf166244-8880-4b0f-9be5-11fb29082dcb<-33d40637-531b-47e9-8a2e-802b577efd6f#0:FAIL-t58] and 0 exception(s); bf166244-8880-4b0f-9be5-11fb29082dcb@group-5A011987FEB2:t58, leader=null, voted=bf166244-8880-4b0f-9be5-11fb29082dcb, raftlog=bf166244-8880-4b0f-9be5-11fb29082dcb@group-5A011987FEB2-SegmentedRaftLog:OPENED:c-1,f-1,i0, conf=-1: [bf166244-8880-4b0f-9be5-11fb29082dcb:192.168.157.194:44285, 33d40637-531b-47e9-8a2e-802b577efd6f:192.168.157.194:40644, 389ddf04-1777-44a1-860a-c678eeab2358:192.168.157.194:44119], old=null
2019-10-17 02:19:03,835 [bf166244-8880-4b0f-9be5-11fb29082dcb@group-5A011987FEB2-LeaderElection57] INFO  impl.RaftServerImpl (RaftServerImpl.java:setRole(184)) - bf166244-8880-4b0f-9be5-11fb29082dcb@group-5A011987FEB2: changes role from CANDIDATE to FOLLOWER at term 58 for DISCOVERED_A_NEW_TERM
2019-10-17 02:19:03,835 [bf166244-8880-4b0f-9be5-11fb29082dcb@group-5A011987FEB2-LeaderElection57] INFO  impl.RoleInfo (RoleInfo.java:shutdownLeaderElection(134)) - bf166244-8880-4b0f-9be5-11fb29082dcb: shutdown LeaderElection
2019-10-17 02:19:03,836 [bf166244-8880-4b0f-9be5-11fb29082dcb@group-5A011987FEB2-LeaderElection57] INFO  impl.RoleInfo (RoleInfo.java:updateAndGet(143)) - bf166244-8880-4b0f-9be5-11fb29082dcb: start FollowerState
2019-10-17 02:19:03,901 [Thread-820] INFO  impl.FollowerState (FollowerState.java:run(108)) - bf166244-8880-4b0f-9be5-11fb29082dcb@group-5A011987FEB2-FollowerState: change to CANDIDATE, lastRpcTime:65ms, electionTimeout:65ms
2019-10-17 02:19:03,901 [Thread-820] INFO  impl.RoleInfo (RoleInfo.java:shutdownFollowerState(121)) - bf166244-8880-4b0f-9be5-11fb29082dcb: shutdown FollowerState
2019-10-17 02:19:03,901 [Thread-820] INFO  impl.RaftServerImpl (RaftServerImpl.java:setRole(184)) - bf166244-8880-4b0f-9be5-11fb29082dcb@group-5A011987FEB2: changes role from  FOLLOWER to CANDIDATE at term 58 for changeToCandidate
2019-10-17 02:19:03,901 [Thread-820] INFO  impl.RoleInfo (RoleInfo.java:updateAndGet(143)) - bf166244-8880-4b0f-9be5-11fb29082dcb: start LeaderElection
2019-10-17 02:19:03,916 [bf166244-8880-4b0f-9be5-11fb29082dcb@group-5A011987FEB2-LeaderElection58] INFO  impl.LeaderElection (LeaderElection.java:askForVotes(178)) - bf166244-8880-4b0f-9be5-11fb29082dcb@group-5A011987FEB2-LeaderElection58: begin an election at term 59 for -1: [bf166244-8880-4b0f-9be5-11fb29082dcb:192.168.157.194:44285, 33d40637-531b-47e9-8a2e-802b577efd6f:192.168.157.194:40644, 389ddf04-1777-44a1-860a-c678eeab2358:192.168.157.194:44119], old=null
2019-10-17 02:19:03,918 [grpc-default-executor-3] INFO  impl.RaftServerImpl (RaftServerImpl.java:setRole(184)) - 33d40637-531b-47e9-8a2e-802b577efd6f@group-5A011987FEB2: changes role from  FOLLOWER to FOLLOWER at term 59 for recognizeCandidate:bf166244-8880-4b0f-9be5-11fb29082dcb
2019-10-17 02:19:03,918 [grpc-default-executor-3] INFO  impl.RoleInfo (RoleInfo.java:shutdownFollowerState(121)) - 33d40637-531b-47e9-8a2e-802b577efd6f: shutdown FollowerState
2019-10-17 02:19:03,918 [grpc-default-executor-3] INFO  impl.RoleInfo (RoleInfo.java:updateAndGet(143)) - 33d40637-531b-47e9-8a2e-802b577efd6f: start FollowerState
2019-10-17 02:19:03,918 [grpc-default-executor-1] INFO  impl.RaftServerImpl (RaftServerImpl.java:setRole(184)) - 389ddf04-1777-44a1-860a-c678eeab2358@group-5A011987FEB2: changes role from  FOLLOWER to FOLLOWER at term 59 for recognizeCandidate:bf166244-8880-4b0f-9be5-11fb29082dcb
2019-10-17 02:19:03,918 [Thread-818] INFO  impl.FollowerState (FollowerState.java:run(117)) - 33d40637-531b-47e9-8a2e-802b577efd6f@group-5A011987FEB2-FollowerState was interrupted: java.lang.InterruptedException: sleep interrupted
2019-10-17 02:19:03,919 [grpc-default-executor-1] INFO  impl.RoleInfo (RoleInfo.java:shutdownFollowerState(121)) - 389ddf04-1777-44a1-860a-c678eeab2358: shutdown FollowerState
2019-10-17 02:19:03,919 [grpc-default-executor-1] INFO  impl.RoleInfo (RoleInfo.java:updateAndGet(143)) - 389ddf04-1777-44a1-860a-c678eeab2358: start FollowerState
2019-10-17 02:19:03,919 [Thread-819] INFO  impl.FollowerState (FollowerState.java:run(117)) - 389ddf04-1777-44a1-860a-c678eeab2358@group-5A011987FEB2-FollowerState was interrupted: java.lang.InterruptedException: sleep interrupted
2019-10-17 02:19:03,921 [bf166244-8880-4b0f-9be5-11fb29082dcb@group-5A011987FEB2-LeaderElection58] INFO  impl.LeaderElection (LeaderElection.java:logAndReturn(56)) - bf166244-8880-4b0f-9be5-11fb29082dcb@group-5A011987FEB2-LeaderElection58: Election TIMEOUT; received 0 response(s) [] and 0 exception(s); bf166244-8880-4b0f-9be5-11fb29082dcb@group-5A011987FEB2:t59, leader=null, voted=bf166244-8880-4b0f-9be5-11fb29082dcb, raftlog=bf166244-8880-4b0f-9be5-11fb29082dcb@group-5A011987FEB2-SegmentedRaftLog:OPENED:c-1,f-1,i0, conf=-1: [bf166244-8880-4b0f-9be5-11fb29082dcb:192.168.157.194:44285, 33d40637-531b-47e9-8a2e-802b577efd6f:192.168.157.194:40644, 389ddf04-1777-44a1-860a-c678eeab2358:192.168.157.194:44119], old=null
2019-10-17 02:19:03,933 [bf166244-8880-4b0f-9be5-11fb29082dcb@group-5A011987FEB2-LeaderElection58] INFO  impl.LeaderElection (LeaderElection.java:askForVotes(178)) - bf166244-8880-4b0f-9be5-11fb29082dcb@group-5A011987FEB2-LeaderElection58: begin an election at term 60 for -1: [bf166244-8880-4b0f-9be5-11fb29082dcb:192.168.157.194:44285, 33d40637-531b-47e9-8a2e-802b577efd6f:192.168.157.194:40644, 389ddf04-1777-44a1-860a-c678eeab2358:192.168.157.194:44119], old=null
2019-10-17 02:19:03,935 [grpc-default-executor-1] INFO  impl.RaftServerImpl (RaftServerImpl.java:setRole(184)) - 33d40637-531b-47e9-8a2e-802b577efd6f@group-5A011987FEB2: changes role from  FOLLOWER to FOLLOWER at term 60 for recognizeCandidate:bf166244-8880-4b0f-9be5-11fb29082dcb
2019-10-17 02:19:03,935 [grpc-default-executor-1] INFO  impl.RoleInfo (RoleInfo.java:shutdownFollowerState(121)) - 33d40637-531b-47e9-8a2e-802b577efd6f: shutdown FollowerState
2019-10-17 02:19:03,935 [grpc-default-executor-1] INFO  impl.RoleInfo (RoleInfo.java:updateAndGet(143)) - 33d40637-531b-47e9-8a2e-802b577efd6f: start FollowerState
2019-10-17 02:19:03,935 [Thread-824] INFO  impl.FollowerState (FollowerState.java:run(117)) - 33d40637-531b-47e9-8a2e-802b577efd6f@group-5A011987FEB2-FollowerState was interrupted: java.lang.InterruptedException: sleep interrupted
2019-10-17 02:19:03,935 [grpc-default-executor-3] INFO  impl.RaftServerImpl (RaftServerImpl.java:setRole(184)) - 389ddf04-1777-44a1-860a-c678eeab2358@group-5A011987FEB2: changes role from  FOLLOWER to FOLLOWER at term 60 for recognizeCandidate:bf166244-8880-4b0f-9be5-11fb29082dcb
2019-10-17 02:19:03,935 [grpc-default-executor-3] INFO  impl.RoleInfo (RoleInfo.java:shutdownFollowerState(121)) - 389ddf04-1777-44a1-860a-c678eeab2358: shutdown FollowerState
2019-10-17 02:19:03,936 [grpc-default-executor-3] INFO  impl.RoleInfo (RoleInfo.java:updateAndGet(143)) - 389ddf04-1777-44a1-860a-c678eeab2358: start FollowerState
2019-10-17 02:19:03,936 [Thread-825] INFO  impl.FollowerState (FollowerState.java:run(117)) - 389ddf04-1777-44a1-860a-c678eeab2358@group-5A011987FEB2-FollowerState was interrupted: java.lang.InterruptedException: sleep interrupted
2019-10-17 02:19:03,941 [bf166244-8880-4b0f-9be5-11fb29082dcb@group-5A011987FEB2-LeaderElection58] INFO  impl.LeaderElection (LeaderElection.java:logAndReturn(56)) - bf166244-8880-4b0f-9be5-11fb29082dcb@group-5A011987FEB2-LeaderElection58: Election TIMEOUT; received 0 response(s) [] and 0 exception(s); bf166244-8880-4b0f-9be5-11fb29082dcb@group-5A011987FEB2:t60, leader=null, voted=bf166244-8880-4b0f-9be5-11fb29082dcb, raftlog=bf166244-8880-4b0f-9be5-11fb29082dcb@group-5A011987FEB2-SegmentedRaftLog:OPENED:c-1,f-1,i0, conf=-1: [bf166244-8880-4b0f-9be5-11fb29082dcb:192.168.157.194:44285, 33d40637-531b-47e9-8a2e-802b577efd6f:192.168.157.194:40644, 389ddf04-1777-44a1-860a-c678eeab2358:192.168.157.194:44119], old=null
2019-10-17 02:19:03,949 [bf166244-8880-4b0f-9be5-11fb29082dcb@group-5A011987FEB2-LeaderElection58] INFO  impl.LeaderElection (LeaderElection.java:askForVotes(178)) - bf166244-8880-4b0f-9be5-11fb29082dcb@group-5A011987FEB2-LeaderElection58: begin an election at term 61 for -1: [bf166244-8880-4b0f-9be5-11fb29082dcb:192.168.157.194:44285, 33d40637-531b-47e9-8a2e-802b577efd6f:192.168.157.194:40644, 389ddf04-1777-44a1-860a-c678eeab2358:192.168.157.194:44119], old=null
2019-10-17 02:19:03,951 [grpc-default-executor-3] INFO  impl.RaftServerImpl (RaftServerImpl.java:setRole(184)) - 33d40637-531b-47e9-8a2e-802b577efd6f@group-5A011987FEB2: changes role from  FOLLOWER to FOLLOWER at term 61 for recognizeCandidate:bf166244-8880-4b0f-9be5-11fb29082dcb
2019-10-17 02:19:03,951 [grpc-default-executor-1] INFO  impl.RaftServerImpl (RaftServerImpl.java:setRole(184)) - 389ddf04-1777-44a1-860a-c678eeab2358@group-5A011987FEB2: changes role from  FOLLOWER to FOLLOWER at term 61 for recognizeCandidate:bf166244-8880-4b0f-9be5-11fb29082dcb
2019-10-17 02:19:03,951 [grpc-default-executor-3] INFO  impl.RoleInfo (RoleInfo.java:shutdownFollowerState(121)) - 33d40637-531b-47e9-8a2e-802b577efd6f: shutdown FollowerState
2019-10-17 02:19:03,951 [grpc-default-executor-1] INFO  impl.RoleInfo (RoleInfo.java:shutdownFollowerState(121)) - 389ddf04-1777-44a1-860a-c678eeab2358: shutdown FollowerState
2019-10-17 02:19:03,951 [Thread-828] INFO  impl.FollowerState (FollowerState.java:run(117)) - 33d40637-531b-47e9-8a2e-802b577efd6f@group-5A011987FEB2-FollowerState was interrupted: java.lang.InterruptedException: sleep interrupted
2019-10-17 02:19:03,951 [grpc-default-executor-3] INFO  impl.RoleInfo (RoleInfo.java:updateAndGet(143)) - 33d40637-531b-47e9-8a2e-802b577efd6f: start FollowerState
2019-10-17 02:19:03,951 [Thread-829] INFO  impl.FollowerState (FollowerState.java:run(117)) - 389ddf04-1777-44a1-860a-c678eeab2358@group-5A011987FEB2-FollowerState was interrupted: java.lang.InterruptedException: sleep interrupted
2019-10-17 02:19:03,951 [grpc-default-executor-1] INFO  impl.RoleInfo (RoleInfo.java:updateAndGet(143)) - 389ddf04-1777-44a1-860a-c678eeab2358: start FollowerState
2019-10-17 02:19:03,967 [bf166244-8880-4b0f-9be5-11fb29082dcb@group-5A011987FEB2-LeaderElection58] INFO  impl.LeaderElection (LeaderElection.java:logAndReturn(56)) - bf166244-8880-4b0f-9be5-11fb29082dcb@group-5A011987FEB2-LeaderElection58: Election REJECTED; received 2 response(s) [bf166244-8880-4b0f-9be5-11fb29082dcb<-33d40637-531b-47e9-8a2e-802b577efd6f#0:FAIL-t61, bf166244-8880-4b0f-9be5-11fb29082dcb<-389ddf04-1777-44a1-860a-c678eeab2358#0:FAIL-t61] and 0 exception(s); bf166244-8880-4b0f-9be5-11fb29082dcb@group-5A011987FEB2:t61, leader=null, voted=bf166244-8880-4b0f-9be5-11fb29082dcb, raftlog=bf166244-8880-4b0f-9be5-11fb29082dcb@group-5A011987FEB2-SegmentedRaftLog:OPENED:c-1,f-1,i0, conf=-1: [bf166244-8880-4b0f-9be5-11fb29082dcb:192.168.157.194:44285, 33d40637-531b-47e9-8a2e-802b577efd6f:192.168.157.194:40644, 389ddf04-1777-44a1-860a-c678eeab2358:192.168.157.194:44119], old=null
2019-10-17 02:19:03,967 [bf166244-8880-4b0f-9be5-11fb29082dcb@group-5A011987FEB2-LeaderElection58] INFO  impl.RaftServerImpl (RaftServerImpl.java:setRole(184)) - bf166244-8880-4b0f-9be5-11fb29082dcb@group-5A011987FEB2: changes role from CANDIDATE to FOLLOWER at term 61 for DISCOVERED_A_NEW_TERM
2019-10-17 02:19:03,967 [bf166244-8880-4b0f-9be5-11fb29082dcb@group-5A011987FEB2-LeaderElection58] INFO  impl.RoleInfo (RoleInfo.java:shutdownLeaderElection(134)) - bf166244-8880-4b0f-9be5-11fb29082dcb: shutdown LeaderElection
2019-10-17 02:19:03,967 [bf166244-8880-4b0f-9be5-11fb29082dcb@group-5A011987FEB2-LeaderElection58] INFO  impl.RoleInfo (RoleInfo.java:updateAndGet(143)) - bf166244-8880-4b0f-9be5-11fb29082dcb: start FollowerState
2019-10-17 02:19:04,104 [Thread-834] INFO  impl.FollowerState (FollowerState.java:run(108)) - bf166244-8880-4b0f-9be5-11fb29082dcb@group-5A011987FEB2-FollowerState: change to CANDIDATE, lastRpcTime:136ms, electionTimeout:136ms
2019-10-17 02:19:04,104 [Thread-834] INFO  impl.RoleInfo (RoleInfo.java:shutdownFollowerState(121)) - bf166244-8880-4b0f-9be5-11fb29082dcb: shutdown FollowerState
2019-10-17 02:19:04,104 [Thread-834] INFO  impl.RaftServerImpl (RaftServerImpl.java:setRole(184)) - bf166244-8880-4b0f-9be5-11fb29082dcb@group-5A011987FEB2: changes role from  FOLLOWER to CANDIDATE at term 61 for changeToCandidate
2019-10-17 02:19:04,104 [Thread-834] INFO  impl.RoleInfo (RoleInfo.java:updateAndGet(143)) - bf166244-8880-4b0f-9be5-11fb29082dcb: start LeaderElection
2019-10-17 02:19:04,119 [bf166244-8880-4b0f-9be5-11fb29082dcb@group-5A011987FEB2-LeaderElection59] INFO  impl.LeaderElection (LeaderElection.java:askForVotes(178)) - bf166244-8880-4b0f-9be5-11fb29082dcb@group-5A011987FEB2-LeaderElection59: begin an election at term 62 for -1: [bf166244-8880-4b0f-9be5-11fb29082dcb:192.168.157.194:44285, 33d40637-531b-47e9-8a2e-802b577efd6f:192.168.157.194:40644, 389ddf04-1777-44a1-860a-c678eeab2358:192.168.157.194:44119], old=null
2019-10-17 02:19:04,121 [grpc-default-executor-1] INFO  impl.RaftServerImpl (RaftServerImpl.java:setRole(184)) - 33d40637-531b-47e9-8a2e-802b577efd6f@group-5A011987FEB2: changes role from  FOLLOWER to FOLLOWER at term 62 for recognizeCandidate:bf166244-8880-4b0f-9be5-11fb29082dcb
2019-10-17 02:19:04,121 [grpc-default-executor-1] INFO  impl.RoleInfo (RoleInfo.java:shutdownFollowerState(121)) - 33d40637-531b-47e9-8a2e-802b577efd6f: shutdown FollowerState
2019-10-17 02:19:04,121 [grpc-default-executor-3] INFO  impl.RaftServerImpl (RaftServerImpl.java:setRole(184)) - 389ddf04-1777-44a1-860a-c678eeab2358@group-5A011987FEB2: changes role from  FOLLOWER to FOLLOWER at term 62 for recognizeCandidate:bf166244-8880-4b0f-9be5-11fb29082dcb
2019-10-17 02:19:04,121 [Thread-832] INFO  impl.FollowerState (FollowerState.java:run(117)) - 33d40637-531b-47e9-8a2e-802b577efd6f@group-5A011987FEB2-FollowerState was interrupted: java.lang.InterruptedException: sleep interrupted
2019-10-17 02:19:04,121 [grpc-default-executor-1] INFO  impl.RoleInfo (RoleInfo.java:updateAndGet(143)) - 33d40637-531b-47e9-8a2e-802b577efd6f: start FollowerState
2019-10-17 02:19:04,121 [grpc-default-executor-3] INFO  impl.RoleInfo (RoleInfo.java:shutdownFollowerState(121)) - 389ddf04-1777-44a1-860a-c678eeab2358: shutdown FollowerState
2019-10-17 02:19:04,122 [Thread-833] INFO  impl.FollowerState (FollowerState.java:run(117)) - 389ddf04-1777-44a1-860a-c678eeab2358@group-5A011987FEB2-FollowerState was interrupted: java.lang.InterruptedException: sleep interrupted
2019-10-17 02:19:04,122 [grpc-default-executor-3] INFO  impl.RoleInfo (RoleInfo.java:updateAndGet(143)) - 389ddf04-1777-44a1-860a-c678eeab2358: start FollowerState
2019-10-17 02:19:04,137 [bf166244-8880-4b0f-9be5-11fb29082dcb@group-5A011987FEB2-LeaderElection59] INFO  impl.LeaderElection (LeaderElection.java:logAndReturn(56)) - bf166244-8880-4b0f-9be5-11fb29082dcb@group-5A011987FEB2-LeaderElection59: Election REJECTED; received 2 response(s) [bf166244-8880-4b0f-9be5-11fb29082dcb<-33d40637-531b-47e9-8a2e-802b577efd6f#0:FAIL-t62, bf166244-8880-4b0f-9be5-11fb29082dcb<-389ddf04-1777-44a1-860a-c678eeab2358#0:FAIL-t62] and 0 exception(s); bf166244-8880-4b0f-9be5-11fb29082dcb@group-5A011987FEB2:t62, leader=null, voted=bf166244-8880-4b0f-9be5-11fb29082dcb, raftlog=bf166244-8880-4b0f-9be5-11fb29082dcb@group-5A011987FEB2-SegmentedRaftLog:OPENED:c-1,f-1,i0, conf=-1: [bf166244-8880-4b0f-9be5-11fb29082dcb:192.168.157.194:44285, 33d40637-531b-47e9-8a2e-802b577efd6f:192.168.157.194:40644, 389ddf04-1777-44a1-860a-c678eeab2358:192.168.157.194:44119], old=null
2019-10-17 02:19:04,137 [bf166244-8880-4b0f-9be5-11fb29082dcb@group-5A011987FEB2-LeaderElection59] INFO  impl.RaftServerImpl (RaftServerImpl.java:setRole(184)) - bf166244-8880-4b0f-9be5-11fb29082dcb@group-5A011987FEB2: changes role from CANDIDATE to FOLLOWER at term 62 for DISCOVERED_A_NEW_TERM
2019-10-17 02:19:04,137 [bf166244-8880-4b0f-9be5-11fb29082dcb@group-5A011987FEB2-LeaderElection59] INFO  impl.RoleInfo (RoleInfo.java:shutdownLeaderElection(134)) - bf166244-8880-4b0f-9be5-11fb29082dcb: shutdown LeaderElection
2019-10-17 02:19:04,137 [bf166244-8880-4b0f-9be5-11fb29082dcb@group-5A011987FEB2-LeaderElection59] INFO  impl.RoleInfo (RoleInfo.java:updateAndGet(143)) - bf166244-8880-4b0f-9be5-11fb29082dcb: start FollowerState
2019-10-17 02:19:04,258 [Thread-840] INFO  impl.FollowerState (FollowerState.java:run(108)) - bf166244-8880-4b0f-9be5-11fb29082dcb@group-5A011987FEB2-FollowerState: change to CANDIDATE, lastRpcTime:120ms, electionTimeout:120ms
2019-10-17 02:19:04,258 [Thread-840] INFO  impl.RoleInfo (RoleInfo.java:shutdownFollowerState(121)) - bf166244-8880-4b0f-9be5-11fb29082dcb: shutdown FollowerState
2019-10-17 02:19:04,258 [Thread-840] INFO  impl.RaftServerImpl (RaftServerImpl.java:setRole(184)) - bf166244-8880-4b0f-9be5-11fb29082dcb@group-5A011987FEB2: changes role from  FOLLOWER to CANDIDATE at term 62 for changeToCandidate
2019-10-17 02:19:04,258 [Thread-840] INFO  impl.RoleInfo (RoleInfo.java:updateAndGet(143)) - bf166244-8880-4b0f-9be5-11fb29082dcb: start LeaderElection
2019-10-17 02:19:04,284 [bf166244-8880-4b0f-9be5-11fb29082dcb@group-5A011987FEB2-LeaderElection60] INFO  impl.LeaderElection (LeaderElection.java:askForVotes(178)) - bf166244-8880-4b0f-9be5-11fb29082dcb@group-5A011987FEB2-LeaderElection60: begin an election at term 63 for -1: [bf166244-8880-4b0f-9be5-11fb29082dcb:192.168.157.194:44285, 33d40637-531b-47e9-8a2e-802b577efd6f:192.168.157.194:40644, 389ddf04-1777-44a1-860a-c678eeab2358:192.168.157.194:44119], old=null
2019-10-17 02:19:04,287 [grpc-default-executor-1] INFO  impl.RaftServerImpl (RaftServerImpl.java:setRole(184)) - 389ddf04-1777-44a1-860a-c678eeab2358@group-5A011987FEB2: changes role from  FOLLOWER to FOLLOWER at term 63 for recognizeCandidate:bf166244-8880-4b0f-9be5-11fb29082dcb
2019-10-17 02:19:04,287 [grpc-default-executor-3] INFO  impl.RaftServerImpl (RaftServerImpl.java:setRole(184)) - 33d40637-531b-47e9-8a2e-802b577efd6f@group-5A011987FEB2: changes role from  FOLLOWER to FOLLOWER at term 63 for recognizeCandidate:bf166244-8880-4b0f-9be5-11fb29082dcb
2019-10-17 02:19:04,287 [grpc-default-executor-1] INFO  impl.RoleInfo (RoleInfo.java:shutdownFollowerState(121)) - 389ddf04-1777-44a1-860a-c678eeab2358: shutdown FollowerState
2019-10-17 02:19:04,287 [grpc-default-executor-3] INFO  impl.RoleInfo (RoleInfo.java:shutdownFollowerState(121)) - 33d40637-531b-47e9-8a2e-802b577efd6f: shutdown FollowerState
2019-10-17 02:19:04,288 [Thread-839] INFO  impl.FollowerState (FollowerState.java:run(117)) - 389ddf04-1777-44a1-860a-c678eeab2358@group-5A011987FEB2-FollowerState was interrupted: java.lang.InterruptedException: sleep interrupted
2019-10-17 02:19:04,288 [Thread-838] INFO  impl.FollowerState (FollowerState.java:run(117)) - 33d40637-531b-47e9-8a2e-802b577efd6f@group-5A011987FEB2-FollowerState was interrupted: java.lang.InterruptedException: sleep interrupted
2019-10-17 02:19:04,288 [grpc-default-executor-1] INFO  impl.RoleInfo (RoleInfo.java:updateAndGet(143)) - 389ddf04-1777-44a1-860a-c678eeab2358: start FollowerState
2019-10-17 02:19:04,288 [grpc-default-executor-3] INFO  impl.RoleInfo (RoleInfo.java:updateAndGet(143)) - 33d40637-531b-47e9-8a2e-802b577efd6f: start FollowerState
2019-10-17 02:19:04,315 [bf166244-8880-4b0f-9be5-11fb29082dcb@group-5A011987FEB2-LeaderElection60] INFO  impl.LeaderElection (LeaderElection.java:logAndReturn(56)) - bf166244-8880-4b0f-9be5-11fb29082dcb@group-5A011987FEB2-LeaderElection60: Election REJECTED; received 2 response(s) [bf166244-8880-4b0f-9be5-11fb29082dcb<-389ddf04-1777-44a1-860a-c678eeab2358#0:FAIL-t63, bf166244-8880-4b0f-9be5-11fb29082dcb<-33d40637-531b-47e9-8a2e-802b577efd6f#0:FAIL-t63] and 0 exception(s); bf166244-8880-4b0f-9be5-11fb29082dcb@group-5A011987FEB2:t63, leader=null, voted=bf166244-8880-4b0f-9be5-11fb29082dcb, raftlog=bf166244-8880-4b0f-9be5-11fb29082dcb@group-5A011987FEB2-SegmentedRaftLog:OPENED:c-1,f-1,i0, conf=-1: [bf166244-8880-4b0f-9be5-11fb29082dcb:192.168.157.194:44285, 33d40637-531b-47e9-8a2e-802b577efd6f:192.168.157.194:40644, 389ddf04-1777-44a1-860a-c678eeab2358:192.168.157.194:44119], old=null
2019-10-17 02:19:04,315 [bf166244-8880-4b0f-9be5-11fb29082dcb@group-5A011987FEB2-LeaderElection60] INFO  impl.RaftServerImpl (RaftServerImpl.java:setRole(184)) - bf166244-8880-4b0f-9be5-11fb29082dcb@group-5A011987FEB2: changes role from CANDIDATE to FOLLOWER at term 63 for DISCOVERED_A_NEW_TERM
2019-10-17 02:19:04,315 [bf166244-8880-4b0f-9be5-11fb29082dcb@group-5A011987FEB2-LeaderElection60] INFO  impl.RoleInfo (RoleInfo.java:shutdownLeaderElection(134)) - bf166244-8880-4b0f-9be5-11fb29082dcb: shutdown LeaderElection
2019-10-17 02:19:04,315 [bf166244-8880-4b0f-9be5-11fb29082dcb@group-5A011987FEB2-LeaderElection60] INFO  impl.RoleInfo (RoleInfo.java:updateAndGet(143)) - bf166244-8880-4b0f-9be5-11fb29082dcb: start FollowerState
2019-10-17 02:19:04,473 [Thread-846] INFO  impl.FollowerState (FollowerState.java:run(108)) - bf166244-8880-4b0f-9be5-11fb29082dcb@group-5A011987FEB2-FollowerState: change to CANDIDATE, lastRpcTime:157ms, electionTimeout:157ms
2019-10-17 02:19:04,473 [Thread-846] INFO  impl.RoleInfo (RoleInfo.java:shutdownFollowerState(121)) - bf166244-8880-4b0f-9be5-11fb29082dcb: shutdown FollowerState
2019-10-17 02:19:04,473 [Thread-846] INFO  impl.RaftServerImpl (RaftServerImpl.java:setRole(184)) - bf166244-8880-4b0f-9be5-11fb29082dcb@group-5A011987FEB2: changes role from  FOLLOWER to CANDIDATE at term 63 for changeToCandidate
2019-10-17 02:19:04,473 [Thread-846] INFO  impl.RoleInfo (RoleInfo.java:updateAndGet(143)) - bf166244-8880-4b0f-9be5-11fb29082dcb: start LeaderElection
2019-10-17 02:19:04,490 [bf166244-8880-4b0f-9be5-11fb29082dcb@group-5A011987FEB2-LeaderElection61] INFO  impl.LeaderElection (LeaderElection.java:askForVotes(178)) - bf166244-8880-4b0f-9be5-11fb29082dcb@group-5A011987FEB2-LeaderElection61: begin an election at term 64 for -1: [bf166244-8880-4b0f-9be5-11fb29082dcb:192.168.157.194:44285, 33d40637-531b-47e9-8a2e-802b577efd6f:192.168.157.194:40644, 389ddf04-1777-44a1-860a-c678eeab2358:192.168.157.194:44119], old=null
2019-10-17 02:19:04,493 [grpc-default-executor-1] INFO  impl.RaftServerImpl (RaftServerImpl.java:setRole(184)) - 33d40637-531b-47e9-8a2e-802b577efd6f@group-5A011987FEB2: changes role from  FOLLOWER to FOLLOWER at term 64 for recognizeCandidate:bf166244-8880-4b0f-9be5-11fb29082dcb
2019-10-17 02:19:04,493 [grpc-default-executor-1] INFO  impl.RoleInfo (RoleInfo.java:shutdownFollowerState(121)) - 33d40637-531b-47e9-8a2e-802b577efd6f: shutdown FollowerState
2019-10-17 02:19:04,493 [grpc-default-executor-3] INFO  impl.RaftServerImpl (RaftServerImpl.java:setRole(184)) - 389ddf04-1777-44a1-860a-c678eeab2358@group-5A011987FEB2: changes role from  FOLLOWER to FOLLOWER at term 64 for recognizeCandidate:bf166244-8880-4b0f-9be5-11fb29082dcb
2019-10-17 02:19:04,493 [Thread-845] INFO  impl.FollowerState (FollowerState.java:run(117)) - 33d40637-531b-47e9-8a2e-802b577efd6f@group-5A011987FEB2-FollowerState was interrupted: java.lang.InterruptedException: sleep interrupted
2019-10-17 02:19:04,493 [grpc-default-executor-1] INFO  impl.RoleInfo (RoleInfo.java:updateAndGet(143)) - 33d40637-531b-47e9-8a2e-802b577efd6f: start FollowerState
2019-10-17 02:19:04,493 [grpc-default-executor-3] INFO  impl.RoleInfo (RoleInfo.java:shutdownFollowerState(121)) - 389ddf04-1777-44a1-860a-c678eeab2358: shutdown FollowerState
2019-10-17 02:19:04,494 [grpc-default-executor-3] INFO  impl.RoleInfo (RoleInfo.java:updateAndGet(143)) - 389ddf04-1777-44a1-860a-c678eeab2358: start FollowerState
2019-10-17 02:19:04,494 [Thread-844] INFO  impl.FollowerState (FollowerState.java:run(117)) - 389ddf04-1777-44a1-860a-c678eeab2358@group-5A011987FEB2-FollowerState was interrupted: java.lang.InterruptedException: sleep interrupted
2019-10-17 02:19:04,508 [bf166244-8880-4b0f-9be5-11fb29082dcb@group-5A011987FEB2-LeaderElection61] INFO  impl.LeaderElection (LeaderElection.java:logAndReturn(56)) - bf166244-8880-4b0f-9be5-11fb29082dcb@group-5A011987FEB2-LeaderElection61: Election REJECTED; received 2 response(s) [bf166244-8880-4b0f-9be5-11fb29082dcb<-389ddf04-1777-44a1-860a-c678eeab2358#0:FAIL-t64, bf166244-8880-4b0f-9be5-11fb29082dcb<-33d40637-531b-47e9-8a2e-802b577efd6f#0:FAIL-t64] and 0 exception(s); bf166244-8880-4b0f-9be5-11fb29082dcb@group-5A011987FEB2:t64, leader=null, voted=bf166244-8880-4b0f-9be5-11fb29082dcb, raftlog=bf166244-8880-4b0f-9be5-11fb29082dcb@group-5A011987FEB2-SegmentedRaftLog:OPENED:c-1,f-1,i0, conf=-1: [bf166244-8880-4b0f-9be5-11fb29082dcb:192.168.157.194:44285, 33d40637-531b-47e9-8a2e-802b577efd6f:192.168.157.194:40644, 389ddf04-1777-44a1-860a-c678eeab2358:192.168.157.194:44119], old=null
2019-10-17 02:19:04,508 [bf166244-8880-4b0f-9be5-11fb29082dcb@group-5A011987FEB2-LeaderElection61] INFO  impl.RaftServerImpl (RaftServerImpl.java:setRole(184)) - bf166244-8880-4b0f-9be5-11fb29082dcb@group-5A011987FEB2: changes role from CANDIDATE to FOLLOWER at term 64 for DISCOVERED_A_NEW_TERM
2019-10-17 02:19:04,508 [bf166244-8880-4b0f-9be5-11fb29082dcb@group-5A011987FEB2-LeaderElection61] INFO  impl.RoleInfo (RoleInfo.java:shutdownLeaderElection(134)) - bf166244-8880-4b0f-9be5-11fb29082dcb: shutdown LeaderElection
2019-10-17 02:19:04,509 [bf166244-8880-4b0f-9be5-11fb29082dcb@group-5A011987FEB2-LeaderElection61] INFO  impl.RoleInfo (RoleInfo.java:updateAndGet(143)) - bf166244-8880-4b0f-9be5-11fb29082dcb: start FollowerState
2019-10-17 02:19:04,590 [Thread-852] INFO  impl.FollowerState (FollowerState.java:run(108)) - bf166244-8880-4b0f-9be5-11fb29082dcb@group-5A011987FEB2-FollowerState: change to CANDIDATE, lastRpcTime:81ms, electionTimeout:81ms
2019-10-17 02:19:04,590 [Thread-852] INFO  impl.RoleInfo (RoleInfo.java:shutdownFollowerState(121)) - bf166244-8880-4b0f-9be5-11fb29082dcb: shutdown FollowerState
2019-10-17 02:19:04,590 [Thread-852] INFO  impl.RaftServerImpl (RaftServerImpl.java:setRole(184)) - bf166244-8880-4b0f-9be5-11fb29082dcb@group-5A011987FEB2: changes role from  FOLLOWER to CANDIDATE at term 64 for changeToCandidate
2019-10-17 02:19:04,591 [Thread-852] INFO  impl.RoleInfo (RoleInfo.java:updateAndGet(143)) - bf166244-8880-4b0f-9be5-11fb29082dcb: start LeaderElection
2019-10-17 02:19:04,616 [bf166244-8880-4b0f-9be5-11fb29082dcb@group-5A011987FEB2-LeaderElection62] INFO  impl.LeaderElection (LeaderElection.java:askForVotes(178)) - bf166244-8880-4b0f-9be5-11fb29082dcb@group-5A011987FEB2-LeaderElection62: begin an election at term 65 for -1: [bf166244-8880-4b0f-9be5-11fb29082dcb:192.168.157.194:44285, 33d40637-531b-47e9-8a2e-802b577efd6f:192.168.157.194:40644, 389ddf04-1777-44a1-860a-c678eeab2358:192.168.157.194:44119], old=null
2019-10-17 02:19:04,619 [grpc-default-executor-1] INFO  impl.RaftServerImpl (RaftServerImpl.java:setRole(184)) - 33d40637-531b-47e9-8a2e-802b577efd6f@group-5A011987FEB2: changes role from  FOLLOWER to FOLLOWER at term 65 for recognizeCandidate:bf166244-8880-4b0f-9be5-11fb29082dcb
2019-10-17 02:19:04,619 [grpc-default-executor-3] INFO  impl.RaftServerImpl (RaftServerImpl.java:setRole(184)) - 389ddf04-1777-44a1-860a-c678eeab2358@group-5A011987FEB2: changes role from  FOLLOWER to FOLLOWER at term 65 for recognizeCandidate:bf166244-8880-4b0f-9be5-11fb29082dcb
2019-10-17 02:19:04,619 [grpc-default-executor-1] INFO  impl.RoleInfo (RoleInfo.java:shutdownFollowerState(121)) - 33d40637-531b-47e9-8a2e-802b577efd6f: shutdown FollowerState
2019-10-17 02:19:04,619 [grpc-default-executor-3] INFO  impl.RoleInfo (RoleInfo.java:shutdownFollowerState(121)) - 389ddf04-1777-44a1-860a-c678eeab2358: shutdown FollowerState
2019-10-17 02:19:04,619 [Thread-850] INFO  impl.FollowerState (FollowerState.java:run(117)) - 33d40637-531b-47e9-8a2e-802b577efd6f@group-5A011987FEB2-FollowerState was interrupted: java.lang.InterruptedException: sleep interrupted
2019-10-17 02:19:04,619 [grpc-default-executor-3] INFO  impl.RoleInfo (RoleInfo.java:updateAndGet(143)) - 389ddf04-1777-44a1-860a-c678eeab2358: start FollowerState
2019-10-17 02:19:04,619 [grpc-default-executor-1] INFO  impl.RoleInfo (RoleInfo.java:updateAndGet(143)) - 33d40637-531b-47e9-8a2e-802b577efd6f: start FollowerState
2019-10-17 02:19:04,619 [Thread-851] INFO  impl.FollowerState (FollowerState.java:run(117)) - 389ddf04-1777-44a1-860a-c678eeab2358@group-5A011987FEB2-FollowerState was interrupted: java.lang.InterruptedException: sleep interrupted
2019-10-17 02:19:04,637 [bf166244-8880-4b0f-9be5-11fb29082dcb@group-5A011987FEB2-LeaderElection62] INFO  impl.LeaderElection (LeaderElection.java:logAndReturn(56)) - bf166244-8880-4b0f-9be5-11fb29082dcb@group-5A011987FEB2-LeaderElection62: Election REJECTED; received 2 response(s) [bf166244-8880-4b0f-9be5-11fb29082dcb<-389ddf04-1777-44a1-860a-c678eeab2358#0:FAIL-t65, bf166244-8880-4b0f-9be5-11fb29082dcb<-33d40637-531b-47e9-8a2e-802b577efd6f#0:FAIL-t65] and 0 exception(s); bf166244-8880-4b0f-9be5-11fb29082dcb@group-5A011987FEB2:t65, leader=null, voted=bf166244-8880-4b0f-9be5-11fb29082dcb, raftlog=bf166244-8880-4b0f-9be5-11fb29082dcb@group-5A011987FEB2-SegmentedRaftLog:OPENED:c-1,f-1,i0, conf=-1: [bf166244-8880-4b0f-9be5-11fb29082dcb:192.168.157.194:44285, 33d40637-531b-47e9-8a2e-802b577efd6f:192.168.157.194:40644, 389ddf04-1777-44a1-860a-c678eeab2358:192.168.157.194:44119], old=null
2019-10-17 02:19:04,637 [bf166244-8880-4b0f-9be5-11fb29082dcb@group-5A011987FEB2-LeaderElection62] INFO  impl.RaftServerImpl (RaftServerImpl.java:setRole(184)) - bf166244-8880-4b0f-9be5-11fb29082dcb@group-5A011987FEB2: changes role from CANDIDATE to FOLLOWER at term 65 for DISCOVERED_A_NEW_TERM
2019-10-17 02:19:04,637 [bf166244-8880-4b0f-9be5-11fb29082dcb@group-5A011987FEB2-LeaderElection62] INFO  impl.RoleInfo (RoleInfo.java:shutdownLeaderElection(134)) - bf166244-8880-4b0f-9be5-11fb29082dcb: shutdown LeaderElection
2019-10-17 02:19:04,637 [bf166244-8880-4b0f-9be5-11fb29082dcb@group-5A011987FEB2-LeaderElection62] INFO  impl.RoleInfo (RoleInfo.java:updateAndGet(143)) - bf166244-8880-4b0f-9be5-11fb29082dcb: start FollowerState
2019-10-17 02:19:04,681 [Thread-858] INFO  impl.FollowerState (FollowerState.java:run(108)) - bf166244-8880-4b0f-9be5-11fb29082dcb@group-5A011987FEB2-FollowerState: change to CANDIDATE, lastRpcTime:43ms, electionTimeout:43ms
2019-10-17 02:19:04,681 [Thread-858] INFO  impl.RoleInfo (RoleInfo.java:shutdownFollowerState(121)) - bf166244-8880-4b0f-9be5-11fb29082dcb: shutdown FollowerState
2019-10-17 02:19:04,681 [Thread-858] INFO  impl.RaftServerImpl (RaftServerImpl.java:setRole(184)) - bf166244-8880-4b0f-9be5-11fb29082dcb@group-5A011987FEB2: changes role from  FOLLOWER to CANDIDATE at term 65 for changeToCandidate
2019-10-17 02:19:04,681 [Thread-858] INFO  impl.RoleInfo (RoleInfo.java:updateAndGet(143)) - bf166244-8880-4b0f-9be5-11fb29082dcb: start LeaderElection
2019-10-17 02:19:04,695 [bf166244-8880-4b0f-9be5-11fb29082dcb@group-5A011987FEB2-LeaderElection63] INFO  impl.LeaderElection (LeaderElection.java:askForVotes(178)) - bf166244-8880-4b0f-9be5-11fb29082dcb@group-5A011987FEB2-LeaderElection63: begin an election at term 66 for -1: [bf166244-8880-4b0f-9be5-11fb29082dcb:192.168.157.194:44285, 33d40637-531b-47e9-8a2e-802b577efd6f:192.168.157.194:40644, 389ddf04-1777-44a1-860a-c678eeab2358:192.168.157.194:44119], old=null
2019-10-17 02:19:04,698 [grpc-default-executor-1] INFO  impl.RaftServerImpl (RaftServerImpl.java:setRole(184)) - 33d40637-531b-47e9-8a2e-802b577efd6f@group-5A011987FEB2: changes role from  FOLLOWER to FOLLOWER at term 66 for recognizeCandidate:bf166244-8880-4b0f-9be5-11fb29082dcb
2019-10-17 02:19:04,698 [grpc-default-executor-1] INFO  impl.RoleInfo (RoleInfo.java:shutdownFollowerState(121)) - 33d40637-531b-47e9-8a2e-802b577efd6f: shutdown FollowerState
2019-10-17 02:19:04,698 [grpc-default-executor-3] INFO  impl.RaftServerImpl (RaftServerImpl.java:setRole(184)) - 389ddf04-1777-44a1-860a-c678eeab2358@group-5A011987FEB2: changes role from  FOLLOWER to FOLLOWER at term 66 for recognizeCandidate:bf166244-8880-4b0f-9be5-11fb29082dcb
2019-10-17 02:19:04,698 [Thread-856] INFO  impl.FollowerState (FollowerState.java:run(117)) - 33d40637-531b-47e9-8a2e-802b577efd6f@group-5A011987FEB2-FollowerState was interrupted: java.lang.InterruptedException: sleep interrupted
2019-10-17 02:19:04,698 [grpc-default-executor-1] INFO  impl.RoleInfo (RoleInfo.java:updateAndGet(143)) - 33d40637-531b-47e9-8a2e-802b577efd6f: start FollowerState
2019-10-17 02:19:04,698 [grpc-default-executor-3] INFO  impl.RoleInfo (RoleInfo.java:shutdownFollowerState(121)) - 389ddf04-1777-44a1-860a-c678eeab2358: shutdown FollowerState
2019-10-17 02:19:04,699 [grpc-default-executor-3] INFO  impl.RoleInfo (RoleInfo.java:updateAndGet(143)) - 389ddf04-1777-44a1-860a-c678eeab2358: start FollowerState
2019-10-17 02:19:04,699 [Thread-857] INFO  impl.FollowerState (FollowerState.java:run(117)) - 389ddf04-1777-44a1-860a-c678eeab2358@group-5A011987FEB2-FollowerState was interrupted: java.lang.InterruptedException: sleep interrupted
2019-10-17 02:19:04,714 [bf166244-8880-4b0f-9be5-11fb29082dcb@group-5A011987FEB2-LeaderElection63] INFO  impl.LeaderElection (LeaderElection.java:logAndReturn(56)) - bf166244-8880-4b0f-9be5-11fb29082dcb@group-5A011987FEB2-LeaderElection63: Election REJECTED; received 2 response(s) [bf166244-8880-4b0f-9be5-11fb29082dcb<-389ddf04-1777-44a1-860a-c678eeab2358#0:FAIL-t66, bf166244-8880-4b0f-9be5-11fb29082dcb<-33d40637-531b-47e9-8a2e-802b577efd6f#0:FAIL-t66] and 0 exception(s); bf166244-8880-4b0f-9be5-11fb29082dcb@group-5A011987FEB2:t66, leader=null, voted=bf166244-8880-4b0f-9be5-11fb29082dcb, raftlog=bf166244-8880-4b0f-9be5-11fb29082dcb@group-5A011987FEB2-SegmentedRaftLog:OPENED:c-1,f-1,i0, conf=-1: [bf166244-8880-4b0f-9be5-11fb29082dcb:192.168.157.194:44285, 33d40637-531b-47e9-8a2e-802b577efd6f:192.168.157.194:40644, 389ddf04-1777-44a1-860a-c678eeab2358:192.168.157.194:44119], old=null
2019-10-17 02:19:04,714 [bf166244-8880-4b0f-9be5-11fb29082dcb@group-5A011987FEB2-LeaderElection63] INFO  impl.RaftServerImpl (RaftServerImpl.java:setRole(184)) - bf166244-8880-4b0f-9be5-11fb29082dcb@group-5A011987FEB2: changes role from CANDIDATE to FOLLOWER at term 66 for DISCOVERED_A_NEW_TERM
2019-10-17 02:19:04,715 [bf166244-8880-4b0f-9be5-11fb29082dcb@group-5A011987FEB2-LeaderElection63] INFO  impl.RoleInfo (RoleInfo.java:shutdownLeaderElection(134)) - bf166244-8880-4b0f-9be5-11fb29082dcb: shutdown LeaderElection
2019-10-17 02:19:04,715 [bf166244-8880-4b0f-9be5-11fb29082dcb@group-5A011987FEB2-LeaderElection63] INFO  impl.RoleInfo (RoleInfo.java:updateAndGet(143)) - bf166244-8880-4b0f-9be5-11fb29082dcb: start FollowerState
2019-10-17 02:19:04,774 [Thread-864] INFO  impl.FollowerState (FollowerState.java:run(108)) - bf166244-8880-4b0f-9be5-11fb29082dcb@group-5A011987FEB2-FollowerState: change to CANDIDATE, lastRpcTime:59ms, electionTimeout:59ms
2019-10-17 02:19:04,774 [Thread-864] INFO  impl.RoleInfo (RoleInfo.java:shutdownFollowerState(121)) - bf166244-8880-4b0f-9be5-11fb29082dcb: shutdown FollowerState
2019-10-17 02:19:04,774 [Thread-864] INFO  impl.RaftServerImpl (RaftServerImpl.java:setRole(184)) - bf166244-8880-4b0f-9be5-11fb29082dcb@group-5A011987FEB2: changes role from  FOLLOWER to CANDIDATE at term 66 for changeToCandidate
2019-10-17 02:19:04,775 [Thread-864] INFO  impl.RoleInfo (RoleInfo.java:updateAndGet(143)) - bf166244-8880-4b0f-9be5-11fb29082dcb: start LeaderElection
2019-10-17 02:19:04,797 [bf166244-8880-4b0f-9be5-11fb29082dcb@group-5A011987FEB2-LeaderElection64] INFO  impl.LeaderElection (LeaderElection.java:askForVotes(178)) - bf166244-8880-4b0f-9be5-11fb29082dcb@group-5A011987FEB2-LeaderElection64: begin an election at term 67 for -1: [bf166244-8880-4b0f-9be5-11fb29082dcb:192.168.157.194:44285, 33d40637-531b-47e9-8a2e-802b577efd6f:192.168.157.194:40644, 389ddf04-1777-44a1-860a-c678eeab2358:192.168.157.194:44119], old=null
2019-10-17 02:19:04,799 [grpc-default-executor-3] INFO  impl.RaftServerImpl (RaftServerImpl.java:setRole(184)) - 33d40637-531b-47e9-8a2e-802b577efd6f@group-5A011987FEB2: changes role from  FOLLOWER to FOLLOWER at term 67 for recognizeCandidate:bf166244-8880-4b0f-9be5-11fb29082dcb
2019-10-17 02:19:04,800 [grpc-default-executor-3] INFO  impl.RoleInfo (RoleInfo.java:shutdownFollowerState(121)) - 33d40637-531b-47e9-8a2e-802b577efd6f: shutdown FollowerState
2019-10-17 02:19:04,800 [grpc-default-executor-3] INFO  impl.RoleInfo (RoleInfo.java:updateAndGet(143)) - 33d40637-531b-47e9-8a2e-802b577efd6f: start FollowerState
2019-10-17 02:19:04,800 [Thread-862] INFO  impl.FollowerState (FollowerState.java:run(117)) - 33d40637-531b-47e9-8a2e-802b577efd6f@group-5A011987FEB2-FollowerState was interrupted: java.lang.InterruptedException: sleep interrupted
2019-10-17 02:19:04,800 [grpc-default-executor-1] INFO  impl.RaftServerImpl (RaftServerImpl.java:setRole(184)) - 389ddf04-1777-44a1-860a-c678eeab2358@group-5A011987FEB2: changes role from  FOLLOWER to FOLLOWER at term 67 for recognizeCandidate:bf166244-8880-4b0f-9be5-11fb29082dcb
2019-10-17 02:19:04,800 [grpc-default-executor-1] INFO  impl.RoleInfo (RoleInfo.java:shutdownFollowerState(121)) - 389ddf04-1777-44a1-860a-c678eeab2358: shutdown FollowerState
2019-10-17 02:19:04,800 [Thread-863] INFO  impl.FollowerState (FollowerState.java:run(117)) - 389ddf04-1777-44a1-860a-c678eeab2358@group-5A011987FEB2-FollowerState was interrupted: java.lang.InterruptedException: sleep interrupted
2019-10-17 02:19:04,800 [grpc-default-executor-1] INFO  impl.RoleInfo (RoleInfo.java:updateAndGet(143)) - 389ddf04-1777-44a1-860a-c678eeab2358: start FollowerState
2019-10-17 02:19:04,815 [bf166244-8880-4b0f-9be5-11fb29082dcb@group-5A011987FEB2-LeaderElection64] INFO  impl.LeaderElection (LeaderElection.java:logAndReturn(56)) - bf166244-8880-4b0f-9be5-11fb29082dcb@group-5A011987FEB2-LeaderElection64: Election REJECTED; received 2 response(s) [bf166244-8880-4b0f-9be5-11fb29082dcb<-33d40637-531b-47e9-8a2e-802b577efd6f#0:FAIL-t67, bf166244-8880-4b0f-9be5-11fb29082dcb<-389ddf04-1777-44a1-860a-c678eeab2358#0:FAIL-t67] and 0 exception(s); bf166244-8880-4b0f-9be5-11fb29082dcb@group-5A011987FEB2:t67, leader=null, voted=bf166244-8880-4b0f-9be5-11fb29082dcb, raftlog=bf166244-8880-4b0f-9be5-11fb29082dcb@group-5A011987FEB2-SegmentedRaftLog:OPENED:c-1,f-1,i0, conf=-1: [bf166244-8880-4b0f-9be5-11fb29082dcb:192.168.157.194:44285, 33d40637-531b-47e9-8a2e-802b577efd6f:192.168.157.194:40644, 389ddf04-1777-44a1-860a-c678eeab2358:192.168.157.194:44119], old=null
2019-10-17 02:19:04,815 [bf166244-8880-4b0f-9be5-11fb29082dcb@group-5A011987FEB2-LeaderElection64] INFO  impl.RaftServerImpl (RaftServerImpl.java:setRole(184)) - bf166244-8880-4b0f-9be5-11fb29082dcb@group-5A011987FEB2: changes role from CANDIDATE to FOLLOWER at term 67 for DISCOVERED_A_NEW_TERM
2019-10-17 02:19:04,815 [bf166244-8880-4b0f-9be5-11fb29082dcb@group-5A011987FEB2-LeaderElection64] INFO  impl.RoleInfo (RoleInfo.java:shutdownLeaderElection(134)) - bf166244-8880-4b0f-9be5-11fb29082dcb: shutdown LeaderElection
2019-10-17 02:19:04,815 [bf166244-8880-4b0f-9be5-11fb29082dcb@group-5A011987FEB2-LeaderElection64] INFO  impl.RoleInfo (RoleInfo.java:updateAndGet(143)) - bf166244-8880-4b0f-9be5-11fb29082dcb: start FollowerState
2019-10-17 02:19:04,970 [Thread-870] INFO  impl.FollowerState (FollowerState.java:run(108)) - bf166244-8880-4b0f-9be5-11fb29082dcb@group-5A011987FEB2-FollowerState: change to CANDIDATE, lastRpcTime:154ms, electionTimeout:154ms
2019-10-17 02:19:04,970 [Thread-870] INFO  impl.RoleInfo (RoleInfo.java:shutdownFollowerState(121)) - bf166244-8880-4b0f-9be5-11fb29082dcb: shutdown FollowerState
2019-10-17 02:19:04,970 [Thread-870] INFO  impl.RaftServerImpl (RaftServerImpl.java:setRole(184)) - bf166244-8880-4b0f-9be5-11fb29082dcb@group-5A011987FEB2: changes role from  FOLLOWER to CANDIDATE at term 67 for changeToCandidate
2019-10-17 02:19:04,970 [Thread-870] INFO  impl.RoleInfo (RoleInfo.java:updateAndGet(143)) - bf166244-8880-4b0f-9be5-11fb29082dcb: start LeaderElection
2019-10-17 02:19:04,996 [bf166244-8880-4b0f-9be5-11fb29082dcb@group-5A011987FEB2-LeaderElection65] INFO  impl.LeaderElection (LeaderElection.java:askForVotes(178)) - bf166244-8880-4b0f-9be5-11fb29082dcb@group-5A011987FEB2-LeaderElection65: begin an election at term 68 for -1: [bf166244-8880-4b0f-9be5-11fb29082dcb:192.168.157.194:44285, 33d40637-531b-47e9-8a2e-802b577efd6f:192.168.157.194:40644, 389ddf04-1777-44a1-860a-c678eeab2358:192.168.157.194:44119], old=null
2019-10-17 02:19:04,999 [grpc-default-executor-3] INFO  impl.RaftServerImpl (RaftServerImpl.java:setRole(184)) - 33d40637-531b-47e9-8a2e-802b577efd6f@group-5A011987FEB2: changes role from  FOLLOWER to FOLLOWER at term 68 for recognizeCandidate:bf166244-8880-4b0f-9be5-11fb29082dcb
2019-10-17 02:19:04,999 [grpc-default-executor-1] INFO  impl.RaftServerImpl (RaftServerImpl.java:setRole(184)) - 389ddf04-1777-44a1-860a-c678eeab2358@group-5A011987FEB2: changes role from  FOLLOWER to FOLLOWER at term 68 for recognizeCandidate:bf166244-8880-4b0f-9be5-11fb29082dcb
2019-10-17 02:19:05,000 [grpc-default-executor-3] INFO  impl.RoleInfo (RoleInfo.java:shutdownFollowerState(121)) - 33d40637-531b-47e9-8a2e-802b577efd6f: shutdown FollowerState
2019-10-17 02:19:05,000 [grpc-default-executor-1] INFO  impl.RoleInfo (RoleInfo.java:shutdownFollowerState(121)) - 389ddf04-1777-44a1-860a-c678eeab2358: shutdown FollowerState
2019-10-17 02:19:05,000 [Thread-868] INFO  impl.FollowerState (FollowerState.java:run(117)) - 33d40637-531b-47e9-8a2e-802b577efd6f@group-5A011987FEB2-FollowerState was interrupted: java.lang.InterruptedException: sleep interrupted
2019-10-17 02:19:05,000 [grpc-default-executor-3] INFO  impl.RoleInfo (RoleInfo.java:updateAndGet(143)) - 33d40637-531b-47e9-8a2e-802b577efd6f: start FollowerState
2019-10-17 02:19:05,000 [Thread-869] INFO  impl.FollowerState (FollowerState.java:run(117)) - 389ddf04-1777-44a1-860a-c678eeab2358@group-5A011987FEB2-FollowerState was interrupted: java.lang.InterruptedException: sleep interrupted
2019-10-17 02:19:05,000 [grpc-default-executor-1] INFO  impl.RoleInfo (RoleInfo.java:updateAndGet(143)) - 389ddf04-1777-44a1-860a-c678eeab2358: start FollowerState
2019-10-17 02:19:05,016 [bf166244-8880-4b0f-9be5-11fb29082dcb@group-5A011987FEB2-LeaderElection65] INFO  impl.LeaderElection (LeaderElection.java:logAndReturn(56)) - bf166244-8880-4b0f-9be5-11fb29082dcb@group-5A011987FEB2-LeaderElection65: Election REJECTED; received 2 response(s) [bf166244-8880-4b0f-9be5-11fb29082dcb<-389ddf04-1777-44a1-860a-c678eeab2358#0:FAIL-t68, bf166244-8880-4b0f-9be5-11fb29082dcb<-33d40637-531b-47e9-8a2e-802b577efd6f#0:FAIL-t68] and 0 exception(s); bf166244-8880-4b0f-9be5-11fb29082dcb@group-5A011987FEB2:t68, leader=null, voted=bf166244-8880-4b0f-9be5-11fb29082dcb, raftlog=bf166244-8880-4b0f-9be5-11fb29082dcb@group-5A011987FEB2-SegmentedRaftLog:OPENED:c-1,f-1,i0, conf=-1: [bf166244-8880-4b0f-9be5-11fb29082dcb:192.168.157.194:44285, 33d40637-531b-47e9-8a2e-802b577efd6f:192.168.157.194:40644, 389ddf04-1777-44a1-860a-c678eeab2358:192.168.157.194:44119], old=null
2019-10-17 02:19:05,016 [bf166244-8880-4b0f-9be5-11fb29082dcb@group-5A011987FEB2-LeaderElection65] INFO  impl.RaftServerImpl (RaftServerImpl.java:setRole(184)) - bf166244-8880-4b0f-9be5-11fb29082dcb@group-5A011987FEB2: changes role from CANDIDATE to FOLLOWER at term 68 for DISCOVERED_A_NEW_TERM
2019-10-17 02:19:05,016 [bf166244-8880-4b0f-9be5-11fb29082dcb@group-5A011987FEB2-LeaderElection65] INFO  impl.RoleInfo (RoleInfo.java:shutdownLeaderElection(134)) - bf166244-8880-4b0f-9be5-11fb29082dcb: shutdown LeaderElection
2019-10-17 02:19:05,017 [bf166244-8880-4b0f-9be5-11fb29082dcb@group-5A011987FEB2-LeaderElection65] INFO  impl.RoleInfo (RoleInfo.java:updateAndGet(143)) - bf166244-8880-4b0f-9be5-11fb29082dcb: start FollowerState
2019-10-17 02:19:05,138 [Thread-876] INFO  impl.FollowerState (FollowerState.java:run(108)) - bf166244-8880-4b0f-9be5-11fb29082dcb@group-5A011987FEB2-FollowerState: change to CANDIDATE, lastRpcTime:121ms, electionTimeout:121ms
2019-10-17 02:19:05,138 [Thread-876] INFO  impl.RoleInfo (RoleInfo.java:shutdownFollowerState(121)) - bf166244-8880-4b0f-9be5-11fb29082dcb: shutdown FollowerState
2019-10-17 02:19:05,139 [Thread-876] INFO  impl.RaftServerImpl (RaftServerImpl.java:setRole(184)) - bf166244-8880-4b0f-9be5-11fb29082dcb@group-5A011987FEB2: changes role from  FOLLOWER to CANDIDATE at term 68 for changeToCandidate
2019-10-17 02:19:05,139 [Thread-876] INFO  impl.RoleInfo (RoleInfo.java:updateAndGet(143)) - bf166244-8880-4b0f-9be5-11fb29082dcb: start LeaderElection
2019-10-17 02:19:05,165 [bf166244-8880-4b0f-9be5-11fb29082dcb@group-5A011987FEB2-LeaderElection66] INFO  impl.LeaderElection (LeaderElection.java:askForVotes(178)) - bf166244-8880-4b0f-9be5-11fb29082dcb@group-5A011987FEB2-LeaderElection66: begin an election at term 69 for -1: [bf166244-8880-4b0f-9be5-11fb29082dcb:192.168.157.194:44285, 33d40637-531b-47e9-8a2e-802b577efd6f:192.168.157.194:40644, 389ddf04-1777-44a1-860a-c678eeab2358:192.168.157.194:44119], old=null
2019-10-17 02:19:05,171 [grpc-default-executor-3] INFO  impl.RaftServerImpl (RaftServerImpl.java:setRole(184)) - 33d40637-531b-47e9-8a2e-802b577efd6f@group-5A011987FEB2: changes role from  FOLLOWER to FOLLOWER at term 69 for recognizeCandidate:bf166244-8880-4b0f-9be5-11fb29082dcb
2019-10-17 02:19:05,171 [grpc-default-executor-1] INFO  impl.RaftServerImpl (RaftServerImpl.java:setRole(184)) - 389ddf04-1777-44a1-860a-c678eeab2358@group-5A011987FEB2: changes role from  FOLLOWER to FOLLOWER at term 69 for recognizeCandidate:bf166244-8880-4b0f-9be5-11fb29082dcb
2019-10-17 02:19:05,171 [grpc-default-executor-3] INFO  impl.RoleInfo (RoleInfo.java:shutdownFollowerState(121)) - 33d40637-531b-47e9-8a2e-802b577efd6f: shutdown FollowerState
2019-10-17 02:19:05,171 [grpc-default-executor-1] INFO  impl.RoleInfo (RoleInfo.java:shutdownFollowerState(121)) - 389ddf04-1777-44a1-860a-c678eeab2358: shutdown FollowerState
2019-10-17 02:19:05,172 [Thread-874] INFO  impl.FollowerState (FollowerState.java:run(117)) - 33d40637-531b-47e9-8a2e-802b577efd6f@group-5A011987FEB2-FollowerState was interrupted: java.lang.InterruptedException: sleep interrupted
2019-10-17 02:19:05,172 [grpc-default-executor-1] INFO  impl.RoleInfo (RoleInfo.java:updateAndGet(143)) - 389ddf04-1777-44a1-860a-c678eeab2358: start FollowerState
2019-10-17 02:19:05,172 [grpc-default-executor-3] INFO  impl.RoleInfo (RoleInfo.java:updateAndGet(143)) - 33d40637-531b-47e9-8a2e-802b577efd6f: start FollowerState
2019-10-17 02:19:05,172 [Thread-875] INFO  impl.FollowerState (FollowerState.java:run(117)) - 389ddf04-1777-44a1-860a-c678eeab2358@group-5A011987FEB2-FollowerState was interrupted: java.lang.InterruptedException: sleep interrupted
2019-10-17 02:19:05,190 [bf166244-8880-4b0f-9be5-11fb29082dcb@group-5A011987FEB2-LeaderElection66] INFO  impl.LeaderElection (LeaderElection.java:logAndReturn(56)) - bf166244-8880-4b0f-9be5-11fb29082dcb@group-5A011987FEB2-LeaderElection66: Election REJECTED; received 2 response(s) [bf166244-8880-4b0f-9be5-11fb29082dcb<-33d40637-531b-47e9-8a2e-802b577efd6f#0:FAIL-t69, bf166244-8880-4b0f-9be5-11fb29082dcb<-389ddf04-1777-44a1-860a-c678eeab2358#0:FAIL-t69] and 0 exception(s); bf166244-8880-4b0f-9be5-11fb29082dcb@group-5A011987FEB2:t69, leader=null, voted=bf166244-8880-4b0f-9be5-11fb29082dcb, raftlog=bf166244-8880-4b0f-9be5-11fb29082dcb@group-5A011987FEB2-SegmentedRaftLog:OPENED:c-1,f-1,i0, conf=-1: [bf166244-8880-4b0f-9be5-11fb29082dcb:192.168.157.194:44285, 33d40637-531b-47e9-8a2e-802b577efd6f:192.168.157.194:40644, 389ddf04-1777-44a1-860a-c678eeab2358:192.168.157.194:44119], old=null
2019-10-17 02:19:05,190 [bf166244-8880-4b0f-9be5-11fb29082dcb@group-5A011987FEB2-LeaderElection66] INFO  impl.RaftServerImpl (RaftServerImpl.java:setRole(184)) - bf166244-8880-4b0f-9be5-11fb29082dcb@group-5A011987FEB2: changes role from CANDIDATE to FOLLOWER at term 69 for DISCOVERED_A_NEW_TERM
2019-10-17 02:19:05,191 [bf166244-8880-4b0f-9be5-11fb29082dcb@group-5A011987FEB2-LeaderElection66] INFO  impl.RoleInfo (RoleInfo.java:shutdownLeaderElection(134)) - bf166244-8880-4b0f-9be5-11fb29082dcb: shutdown LeaderElection
2019-10-17 02:19:05,191 [bf166244-8880-4b0f-9be5-11fb29082dcb@group-5A011987FEB2-LeaderElection66] INFO  impl.RoleInfo (RoleInfo.java:updateAndGet(143)) - bf166244-8880-4b0f-9be5-11fb29082dcb: start FollowerState
2019-10-17 02:19:05,282 [Thread-882] INFO  impl.FollowerState (FollowerState.java:run(108)) - bf166244-8880-4b0f-9be5-11fb29082dcb@group-5A011987FEB2-FollowerState: change to CANDIDATE, lastRpcTime:91ms, electionTimeout:91ms
2019-10-17 02:19:05,282 [Thread-882] INFO  impl.RoleInfo (RoleInfo.java:shutdownFollowerState(121)) - bf166244-8880-4b0f-9be5-11fb29082dcb: shutdown FollowerState
2019-10-17 02:19:05,282 [Thread-882] INFO  impl.RaftServerImpl (RaftServerImpl.java:setRole(184)) - bf166244-8880-4b0f-9be5-11fb29082dcb@group-5A011987FEB2: changes role from  FOLLOWER to CANDIDATE at term 69 for changeToCandidate
2019-10-17 02:19:05,283 [Thread-882] INFO  impl.RoleInfo (RoleInfo.java:updateAndGet(143)) - bf166244-8880-4b0f-9be5-11fb29082dcb: start LeaderElection
2019-10-17 02:19:05,309 [bf166244-8880-4b0f-9be5-11fb29082dcb@group-5A011987FEB2-LeaderElection67] INFO  impl.LeaderElection (LeaderElection.java:askForVotes(178)) - bf166244-8880-4b0f-9be5-11fb29082dcb@group-5A011987FEB2-LeaderElection67: begin an election at term 70 for -1: [bf166244-8880-4b0f-9be5-11fb29082dcb:192.168.157.194:44285, 33d40637-531b-47e9-8a2e-802b577efd6f:192.168.157.194:40644, 389ddf04-1777-44a1-860a-c678eeab2358:192.168.157.194:44119], old=null
2019-10-17 02:19:05,312 [grpc-default-executor-1] INFO  impl.RaftServerImpl (RaftServerImpl.java:setRole(184)) - 33d40637-531b-47e9-8a2e-802b577efd6f@group-5A011987FEB2: changes role from  FOLLOWER to FOLLOWER at term 70 for recognizeCandidate:bf166244-8880-4b0f-9be5-11fb29082dcb
2019-10-17 02:19:05,312 [grpc-default-executor-3] INFO  impl.RaftServerImpl (RaftServerImpl.java:setRole(184)) - 389ddf04-1777-44a1-860a-c678eeab2358@group-5A011987FEB2: changes role from  FOLLOWER to FOLLOWER at term 70 for recognizeCandidate:bf166244-8880-4b0f-9be5-11fb29082dcb
2019-10-17 02:19:05,312 [grpc-default-executor-1] INFO  impl.RoleInfo (RoleInfo.java:shutdownFollowerState(121)) - 33d40637-531b-47e9-8a2e-802b577efd6f: shutdown FollowerState
2019-10-17 02:19:05,312 [grpc-default-executor-3] INFO  impl.RoleInfo (RoleInfo.java:shutdownFollowerState(121)) - 389ddf04-1777-44a1-860a-c678eeab2358: shutdown FollowerState
2019-10-17 02:19:05,313 [Thread-880] INFO  impl.FollowerState (FollowerState.java:run(117)) - 33d40637-531b-47e9-8a2e-802b577efd6f@group-5A011987FEB2-FollowerState was interrupted: java.lang.InterruptedException: sleep interrupted
2019-10-17 02:19:05,312 [grpc-default-executor-1] INFO  impl.RoleInfo (RoleInfo.java:updateAndGet(143)) - 33d40637-531b-47e9-8a2e-802b577efd6f: start FollowerState
2019-10-17 02:19:05,313 [Thread-881] INFO  impl.FollowerState (FollowerState.java:run(117)) - 389ddf04-1777-44a1-860a-c678eeab2358@group-5A011987FEB2-FollowerState was interrupted: java.lang.InterruptedException: sleep interrupted
2019-10-17 02:19:05,313 [grpc-default-executor-3] INFO  impl.RoleInfo (RoleInfo.java:updateAndGet(143)) - 389ddf04-1777-44a1-860a-c678eeab2358: start FollowerState
2019-10-17 02:19:05,330 [bf166244-8880-4b0f-9be5-11fb29082dcb@group-5A011987FEB2-LeaderElection67] INFO  impl.LeaderElection (LeaderElection.java:logAndReturn(56)) - bf166244-8880-4b0f-9be5-11fb29082dcb@group-5A011987FEB2-LeaderElection67: Election REJECTED; received 2 response(s) [bf166244-8880-4b0f-9be5-11fb29082dcb<-389ddf04-1777-44a1-860a-c678eeab2358#0:FAIL-t70, bf166244-8880-4b0f-9be5-11fb29082dcb<-33d40637-531b-47e9-8a2e-802b577efd6f#0:FAIL-t70] and 0 exception(s); bf166244-8880-4b0f-9be5-11fb29082dcb@group-5A011987FEB2:t70, leader=null, voted=bf166244-8880-4b0f-9be5-11fb29082dcb, raftlog=bf166244-8880-4b0f-9be5-11fb29082dcb@group-5A011987FEB2-SegmentedRaftLog:OPENED:c-1,f-1,i0, conf=-1: [bf166244-8880-4b0f-9be5-11fb29082dcb:192.168.157.194:44285, 33d40637-531b-47e9-8a2e-802b577efd6f:192.168.157.194:40644, 389ddf04-1777-44a1-860a-c678eeab2358:192.168.157.194:44119], old=null
2019-10-17 02:19:05,330 [bf166244-8880-4b0f-9be5-11fb29082dcb@group-5A011987FEB2-LeaderElection67] INFO  impl.RaftServerImpl (RaftServerImpl.java:setRole(184)) - bf166244-8880-4b0f-9be5-11fb29082dcb@group-5A011987FEB2: changes role from CANDIDATE to FOLLOWER at term 70 for DISCOVERED_A_NEW_TERM
2019-10-17 02:19:05,330 [bf166244-8880-4b0f-9be5-11fb29082dcb@group-5A011987FEB2-LeaderElection67] INFO  impl.RoleInfo (RoleInfo.java:shutdownLeaderElection(134)) - bf166244-8880-4b0f-9be5-11fb29082dcb: shutdown LeaderElection
2019-10-17 02:19:05,330 [bf166244-8880-4b0f-9be5-11fb29082dcb@group-5A011987FEB2-LeaderElection67] INFO  impl.RoleInfo (RoleInfo.java:updateAndGet(143)) - bf166244-8880-4b0f-9be5-11fb29082dcb: start FollowerState
2019-10-17 02:19:05,494 [Thread-888] INFO  impl.FollowerState (FollowerState.java:run(108)) - bf166244-8880-4b0f-9be5-11fb29082dcb@group-5A011987FEB2-FollowerState: change to CANDIDATE, lastRpcTime:163ms, electionTimeout:163ms
2019-10-17 02:19:05,494 [Thread-888] INFO  impl.RoleInfo (RoleInfo.java:shutdownFollowerState(121)) - bf166244-8880-4b0f-9be5-11fb29082dcb: shutdown FollowerState
2019-10-17 02:19:05,494 [Thread-888] INFO  impl.RaftServerImpl (RaftServerImpl.java:setRole(184)) - bf166244-8880-4b0f-9be5-11fb29082dcb@group-5A011987FEB2: changes role from  FOLLOWER to CANDIDATE at term 70 for changeToCandidate
2019-10-17 02:19:05,494 [Thread-888] INFO  impl.RoleInfo (RoleInfo.java:updateAndGet(143)) - bf166244-8880-4b0f-9be5-11fb29082dcb: start LeaderElection
2019-10-17 02:19:05,520 [bf166244-8880-4b0f-9be5-11fb29082dcb@group-5A011987FEB2-LeaderElection68] INFO  impl.LeaderElection (LeaderElection.java:askForVotes(178)) - bf166244-8880-4b0f-9be5-11fb29082dcb@group-5A011987FEB2-LeaderElection68: begin an election at term 71 for -1: [bf166244-8880-4b0f-9be5-11fb29082dcb:192.168.157.194:44285, 33d40637-531b-47e9-8a2e-802b577efd6f:192.168.157.194:40644, 389ddf04-1777-44a1-860a-c678eeab2358:192.168.157.194:44119], old=null
2019-10-17 02:19:05,522 [grpc-default-executor-1] INFO  impl.RaftServerImpl (RaftServerImpl.java:setRole(184)) - 33d40637-531b-47e9-8a2e-802b577efd6f@group-5A011987FEB2: changes role from  FOLLOWER to FOLLOWER at term 71 for recognizeCandidate:bf166244-8880-4b0f-9be5-11fb29082dcb
2019-10-17 02:19:05,522 [grpc-default-executor-3] INFO  impl.RaftServerImpl (RaftServerImpl.java:setRole(184)) - 389ddf04-1777-44a1-860a-c678eeab2358@group-5A011987FEB2: changes role from  FOLLOWER to FOLLOWER at term 71 for recognizeCandidate:bf166244-8880-4b0f-9be5-11fb29082dcb
2019-10-17 02:19:05,523 [grpc-default-executor-3] INFO  impl.RoleInfo (RoleInfo.java:shutdownFollowerState(121)) - 389ddf04-1777-44a1-860a-c678eeab2358: shutdown FollowerState
2019-10-17 02:19:05,523 [grpc-default-executor-1] INFO  impl.RoleInfo (RoleInfo.java:shutdownFollowerState(121)) - 33d40637-531b-47e9-8a2e-802b577efd6f: shutdown FollowerState
2019-10-17 02:19:05,523 [Thread-887] INFO  impl.FollowerState (FollowerState.java:run(117)) - 389ddf04-1777-44a1-860a-c678eeab2358@group-5A011987FEB2-FollowerState was interrupted: java.lang.InterruptedException: sleep interrupted
2019-10-17 02:19:05,523 [Thread-886] INFO  impl.FollowerState (FollowerState.java:run(117)) - 33d40637-531b-47e9-8a2e-802b577efd6f@group-5A011987FEB2-FollowerState was interrupted: java.lang.InterruptedException: sleep interrupted
2019-10-17 02:19:05,523 [grpc-default-executor-3] INFO  impl.RoleInfo (RoleInfo.java:updateAndGet(143)) - 389ddf04-1777-44a1-860a-c678eeab2358: start FollowerState
2019-10-17 02:19:05,523 [grpc-default-executor-1] INFO  impl.RoleInfo (RoleInfo.java:updateAndGet(143)) - 33d40637-531b-47e9-8a2e-802b577efd6f: start FollowerState
2019-10-17 02:19:05,540 [bf166244-8880-4b0f-9be5-11fb29082dcb@group-5A011987FEB2-LeaderElection68] INFO  impl.LeaderElection (LeaderElection.java:logAndReturn(56)) - bf166244-8880-4b0f-9be5-11fb29082dcb@group-5A011987FEB2-LeaderElection68: Election REJECTED; received 2 response(s) [bf166244-8880-4b0f-9be5-11fb29082dcb<-33d40637-531b-47e9-8a2e-802b577efd6f#0:FAIL-t71, bf166244-8880-4b0f-9be5-11fb29082dcb<-389ddf04-1777-44a1-860a-c678eeab2358#0:FAIL-t71] and 0 exception(s); bf166244-8880-4b0f-9be5-11fb29082dcb@group-5A011987FEB2:t71, leader=null, voted=bf166244-8880-4b0f-9be5-11fb29082dcb, raftlog=bf166244-8880-4b0f-9be5-11fb29082dcb@group-5A011987FEB2-SegmentedRaftLog:OPENED:c-1,f-1,i0, conf=-1: [bf166244-8880-4b0f-9be5-11fb29082dcb:192.168.157.194:44285, 33d40637-531b-47e9-8a2e-802b577efd6f:192.168.157.194:40644, 389ddf04-1777-44a1-860a-c678eeab2358:192.168.157.194:44119], old=null
2019-10-17 02:19:05,540 [bf166244-8880-4b0f-9be5-11fb29082dcb@group-5A011987FEB2-LeaderElection68] INFO  impl.RaftServerImpl (RaftServerImpl.java:setRole(184)) - bf166244-8880-4b0f-9be5-11fb29082dcb@group-5A011987FEB2: changes role from CANDIDATE to FOLLOWER at term 71 for DISCOVERED_A_NEW_TERM
2019-10-17 02:19:05,540 [bf166244-8880-4b0f-9be5-11fb29082dcb@group-5A011987FEB2-LeaderElection68] INFO  impl.RoleInfo (RoleInfo.java:shutdownLeaderElection(134)) - bf166244-8880-4b0f-9be5-11fb29082dcb: shutdown LeaderElection
2019-10-17 02:19:05,540 [bf166244-8880-4b0f-9be5-11fb29082dcb@group-5A011987FEB2-LeaderElection68] INFO  impl.RoleInfo (RoleInfo.java:updateAndGet(143)) - bf166244-8880-4b0f-9be5-11fb29082dcb: start FollowerState
]]></system-out>
    <system-err><![CDATA[ERROR StatusLogger No Log4j 2 configuration file found. Using default configuration (logging only errors to the console), or user programmatically provided configurations. Set system property 'log4j2.debug' to show Log4j 2 internal initialization logging. See https://logging.apache.org/log4j/2.x/manual/configuration.html for instructions on how to configure Log4j 2
]]></system-err>
  </testcase>
</testsuite>