<?xml version="1.0" encoding="UTF-8"?>
<testsuite xmlns:xsi="http://www.w3.org/2001/XMLSchema-instance" xsi:noNamespaceSchemaLocation="https://maven.apache.org/surefire/maven-surefire-plugin/xsd/surefire-test-report.xsd" name="org.apache.hadoop.fs.ozone.TestOzoneFSInputStream" time="121.755" tests="2" errors="2" skipped="0" failures="0">
  <properties>
    <property name="awt.toolkit" value="sun.awt.X11.XToolkit"/>
    <property name="file.encoding.pkg" value="sun.io"/>
    <property name="java.specification.version" value="1.8"/>
    <property name="sun.cpu.isalist" value=""/>
    <property name="sun.jnu.encoding" value="UTF-8"/>
    <property name="java.class.path" value="/workdir/hadoop-ozone/ozonefs/target/test-classes:/workdir/hadoop-ozone/ozonefs/target/classes:/home/user/.m2/repository/org/apache/hadoop/hadoop-common/3.2.0/hadoop-common-3.2.0.jar:/home/user/.m2/repository/org/apache/hadoop/hadoop-annotations/3.2.0/hadoop-annotations-3.2.0.jar:/usr/lib/jvm/java-1.8-openjdk/jre/../lib/tools.jar:/home/user/.m2/repository/com/google/guava/guava/11.0.2/guava-11.0.2.jar:/home/user/.m2/repository/commons-cli/commons-cli/1.2/commons-cli-1.2.jar:/home/user/.m2/repository/org/apache/commons/commons-math3/3.1.1/commons-math3-3.1.1.jar:/home/user/.m2/repository/commons-codec/commons-codec/1.11/commons-codec-1.11.jar:/home/user/.m2/repository/commons-io/commons-io/2.5/commons-io-2.5.jar:/home/user/.m2/repository/commons-net/commons-net/3.6/commons-net-3.6.jar:/home/user/.m2/repository/commons-collections/commons-collections/3.2.2/commons-collections-3.2.2.jar:/home/user/.m2/repository/javax/servlet/javax.servlet-api/3.1.0/javax.servlet-api-3.1.0.jar:/home/user/.m2/repository/org/eclipse/jetty/jetty-server/9.3.25.v20180904/jetty-server-9.3.25.v20180904.jar:/home/user/.m2/repository/org/eclipse/jetty/jetty-http/9.3.25.v20180904/jetty-http-9.3.25.v20180904.jar:/home/user/.m2/repository/org/eclipse/jetty/jetty-io/9.3.25.v20180904/jetty-io-9.3.25.v20180904.jar:/home/user/.m2/repository/org/eclipse/jetty/jetty-util/9.3.25.v20180904/jetty-util-9.3.25.v20180904.jar:/home/user/.m2/repository/org/eclipse/jetty/jetty-servlet/9.3.25.v20180904/jetty-servlet-9.3.25.v20180904.jar:/home/user/.m2/repository/org/eclipse/jetty/jetty-security/9.3.25.v20180904/jetty-security-9.3.25.v20180904.jar:/home/user/.m2/repository/org/eclipse/jetty/jetty-webapp/9.3.25.v20180904/jetty-webapp-9.3.25.v20180904.jar:/home/user/.m2/repository/org/eclipse/jetty/jetty-xml/9.3.25.v20180904/jetty-xml-9.3.25.v20180904.jar:/home/user/.m2/repository/javax/servlet/jsp/jsp-api/2.1/jsp-api-2.1.jar:/home/user/.m2/repository/com/sun/jersey/jersey-core/1.19/jersey-core-1.19.jar:/home/user/.m2/repository/javax/ws/rs/jsr311-api/1.1.1/jsr311-api-1.1.1.jar:/home/user/.m2/repository/com/sun/jersey/jersey-servlet/1.19/jersey-servlet-1.19.jar:/home/user/.m2/repository/com/sun/jersey/jersey-json/1.19/jersey-json-1.19.jar:/home/user/.m2/repository/org/codehaus/jettison/jettison/1.1/jettison-1.1.jar:/home/user/.m2/repository/com/sun/xml/bind/jaxb-impl/2.3.0.1/jaxb-impl-2.3.0.1.jar:/home/user/.m2/repository/org/codehaus/jackson/jackson-core-asl/1.9.13/jackson-core-asl-1.9.13.jar:/home/user/.m2/repository/org/codehaus/jackson/jackson-mapper-asl/1.9.13/jackson-mapper-asl-1.9.13.jar:/home/user/.m2/repository/org/codehaus/jackson/jackson-jaxrs/1.9.13/jackson-jaxrs-1.9.13.jar:/home/user/.m2/repository/org/codehaus/jackson/jackson-xc/1.9.13/jackson-xc-1.9.13.jar:/home/user/.m2/repository/com/sun/jersey/jersey-server/1.19/jersey-server-1.19.jar:/home/user/.m2/repository/commons-logging/commons-logging/1.1.3/commons-logging-1.1.3.jar:/home/user/.m2/repository/log4j/log4j/1.2.17/log4j-1.2.17.jar:/home/user/.m2/repository/commons-beanutils/commons-beanutils/1.9.4/commons-beanutils-1.9.4.jar:/home/user/.m2/repository/org/apache/commons/commons-configuration2/2.1.1/commons-configuration2-2.1.1.jar:/home/user/.m2/repository/org/apache/commons/commons-lang3/3.7/commons-lang3-3.7.jar:/home/user/.m2/repository/org/apache/commons/commons-text/1.4/commons-text-1.4.jar:/home/user/.m2/repository/org/slf4j/slf4j-api/1.7.25/slf4j-api-1.7.25.jar:/home/user/.m2/repository/org/slf4j/slf4j-log4j12/1.7.25/slf4j-log4j12-1.7.25.jar:/home/user/.m2/repository/org/apache/avro/avro/1.7.7/avro-1.7.7.jar:/home/user/.m2/repository/com/thoughtworks/paranamer/paranamer/2.3/paranamer-2.3.jar:/home/user/.m2/repository/org/xerial/snappy/snappy-java/1.0.5/snappy-java-1.0.5.jar:/home/user/.m2/repository/com/google/re2j/re2j/1.1/re2j-1.1.jar:/home/user/.m2/repository/com/google/protobuf/protobuf-java/2.5.0/protobuf-java-2.5.0.jar:/home/user/.m2/repository/com/google/code/gson/gson/2.2.4/gson-2.2.4.jar:/home/user/.m2/repository/org/apache/hadoop/hadoop-auth/3.2.0/hadoop-auth-3.2.0.jar:/home/user/.m2/repository/com/nimbusds/nimbus-jose-jwt/4.41.1/nimbus-jose-jwt-4.41.1.jar:/home/user/.m2/repository/com/github/stephenc/jcip/jcip-annotations/1.0-1/jcip-annotations-1.0-1.jar:/home/user/.m2/repository/net/minidev/json-smart/2.3/json-smart-2.3.jar:/home/user/.m2/repository/net/minidev/accessors-smart/1.2/accessors-smart-1.2.jar:/home/user/.m2/repository/org/apache/curator/curator-framework/2.12.0/curator-framework-2.12.0.jar:/home/user/.m2/repository/com/jcraft/jsch/0.1.54/jsch-0.1.54.jar:/home/user/.m2/repository/org/apache/curator/curator-client/2.12.0/curator-client-2.12.0.jar:/home/user/.m2/repository/org/apache/curator/curator-recipes/2.12.0/curator-recipes-2.12.0.jar:/home/user/.m2/repository/com/google/code/findbugs/jsr305/3.0.0/jsr305-3.0.0.jar:/home/user/.m2/repository/org/apache/htrace/htrace-core4/4.1.0-incubating/htrace-core4-4.1.0-incubating.jar:/home/user/.m2/repository/org/apache/zookeeper/zookeeper/3.4.13/zookeeper-3.4.13.jar:/home/user/.m2/repository/jline/jline/0.9.94/jline-0.9.94.jar:/home/user/.m2/repository/org/apache/yetus/audience-annotations/0.5.0/audience-annotations-0.5.0.jar:/home/user/.m2/repository/org/apache/commons/commons-compress/1.4.1/commons-compress-1.4.1.jar:/home/user/.m2/repository/org/tukaani/xz/1.0/xz-1.0.jar:/home/user/.m2/repository/org/apache/kerby/kerb-simplekdc/1.0.1/kerb-simplekdc-1.0.1.jar:/home/user/.m2/repository/org/apache/kerby/kerb-client/1.0.1/kerb-client-1.0.1.jar:/home/user/.m2/repository/org/apache/kerby/kerby-config/1.0.1/kerby-config-1.0.1.jar:/home/user/.m2/repository/org/apache/kerby/kerb-core/1.0.1/kerb-core-1.0.1.jar:/home/user/.m2/repository/org/apache/kerby/kerby-pkix/1.0.1/kerby-pkix-1.0.1.jar:/home/user/.m2/repository/org/apache/kerby/kerby-asn1/1.0.1/kerby-asn1-1.0.1.jar:/home/user/.m2/repository/org/apache/kerby/kerby-util/1.0.1/kerby-util-1.0.1.jar:/home/user/.m2/repository/org/apache/kerby/kerb-common/1.0.1/kerb-common-1.0.1.jar:/home/user/.m2/repository/org/apache/kerby/kerb-crypto/1.0.1/kerb-crypto-1.0.1.jar:/home/user/.m2/repository/org/apache/kerby/kerb-util/1.0.1/kerb-util-1.0.1.jar:/home/user/.m2/repository/org/apache/kerby/token-provider/1.0.1/token-provider-1.0.1.jar:/home/user/.m2/repository/org/apache/kerby/kerb-admin/1.0.1/kerb-admin-1.0.1.jar:/home/user/.m2/repository/org/apache/kerby/kerb-server/1.0.1/kerb-server-1.0.1.jar:/home/user/.m2/repository/org/apache/kerby/kerb-identity/1.0.1/kerb-identity-1.0.1.jar:/home/user/.m2/repository/org/apache/kerby/kerby-xdr/1.0.1/kerby-xdr-1.0.1.jar:/home/user/.m2/repository/com/fasterxml/jackson/core/jackson-databind/2.9.9/jackson-databind-2.9.9.jar:/home/user/.m2/repository/com/fasterxml/jackson/core/jackson-annotations/2.9.9/jackson-annotations-2.9.9.jar:/home/user/.m2/repository/com/fasterxml/jackson/core/jackson-core/2.9.9/jackson-core-2.9.9.jar:/home/user/.m2/repository/org/codehaus/woodstox/stax2-api/3.1.4/stax2-api-3.1.4.jar:/home/user/.m2/repository/com/fasterxml/woodstox/woodstox-core/5.0.3/woodstox-core-5.0.3.jar:/home/user/.m2/repository/dnsjava/dnsjava/2.1.7/dnsjava-2.1.7.jar:/home/user/.m2/repository/org/apache/hadoop/hadoop-hdfs/3.2.0/hadoop-hdfs-3.2.0.jar:/home/user/.m2/repository/org/eclipse/jetty/jetty-util-ajax/9.3.25.v20180904/jetty-util-ajax-9.3.25.v20180904.jar:/home/user/.m2/repository/commons-daemon/commons-daemon/1.0.13/commons-daemon-1.0.13.jar:/home/user/.m2/repository/io/netty/netty/3.10.5.Final/netty-3.10.5.Final.jar:/home/user/.m2/repository/io/netty/netty-all/4.0.52.Final/netty-all-4.0.52.Final.jar:/home/user/.m2/repository/org/fusesource/leveldbjni/leveldbjni-all/1.8/leveldbjni-all-1.8.jar:/home/user/.m2/repository/org/apache/hadoop/hadoop-hdds-common/0.5.0-SNAPSHOT/hadoop-hdds-common-0.5.0-SNAPSHOT.jar:/home/user/.m2/repository/org/apache/hadoop/hadoop-hdds-config/0.5.0-SNAPSHOT/hadoop-hdds-config-0.5.0-SNAPSHOT.jar:/home/user/.m2/repository/javax/annotation/javax.annotation-api/1.2/javax.annotation-api-1.2.jar:/home/user/.m2/repository/org/apache/ratis/ratis-server/0.4.0/ratis-server-0.4.0.jar:/home/user/.m2/repository/org/apache/ratis/ratis-thirdparty-misc/0.2.0/ratis-thirdparty-misc-0.2.0.jar:/home/user/.m2/repository/org/apache/ratis/ratis-proto/0.4.0/ratis-proto-0.4.0.jar:/home/user/.m2/repository/org/apache/ratis/ratis-common/0.4.0/ratis-common-0.4.0.jar:/home/user/.m2/repository/org/apache/ratis/ratis-client/0.4.0/ratis-client-0.4.0.jar:/home/user/.m2/repository/org/apache/ratis/ratis-metrics/0.4.0/ratis-metrics-0.4.0.jar:/home/user/.m2/repository/com/github/joshelser/dropwizard-metrics-hadoop-metrics2-reporter/0.1.2/dropwizard-metrics-hadoop-metrics2-reporter-0.1.2.jar:/home/user/.m2/repository/io/dropwizard/metrics/metrics-jvm/3.2.5/metrics-jvm-3.2.5.jar:/home/user/.m2/repository/io/dropwizard/metrics/metrics-ganglia/3.2.5/metrics-ganglia-3.2.5.jar:/home/user/.m2/repository/info/ganglia/gmetric4j/gmetric4j/1.0.7/gmetric4j-1.0.7.jar:/home/user/.m2/repository/org/apache/ratis/ratis-netty/0.4.0/ratis-netty-0.4.0.jar:/home/user/.m2/repository/org/apache/ratis/ratis-grpc/0.4.0/ratis-grpc-0.4.0.jar:/home/user/.m2/repository/org/rocksdb/rocksdbjni/6.0.1/rocksdbjni-6.0.1.jar:/home/user/.m2/repository/org/apache/logging/log4j/log4j-api/2.11.0/log4j-api-2.11.0.jar:/home/user/.m2/repository/org/apache/logging/log4j/log4j-core/2.11.0/log4j-core-2.11.0.jar:/home/user/.m2/repository/com/lmax/disruptor/3.4.2/disruptor-3.4.2.jar:/home/user/.m2/repository/org/apache/commons/commons-pool2/2.6.0/commons-pool2-2.6.0.jar:/home/user/.m2/repository/org/bouncycastle/bcpkix-jdk15on/1.60/bcpkix-jdk15on-1.60.jar:/home/user/.m2/repository/commons-validator/commons-validator/1.6/commons-validator-1.6.jar:/home/user/.m2/repository/commons-digester/commons-digester/1.8.1/commons-digester-1.8.1.jar:/home/user/.m2/repository/io/jaegertracing/jaeger-client/0.34.0/jaeger-client-0.34.0.jar:/home/user/.m2/repository/io/jaegertracing/jaeger-thrift/0.34.0/jaeger-thrift-0.34.0.jar:/home/user/.m2/repository/org/apache/thrift/libthrift/0.12.0/libthrift-0.12.0.jar:/home/user/.m2/repository/com/squareup/okhttp3/okhttp/3.9.0/okhttp-3.9.0.jar:/home/user/.m2/repository/com/squareup/okio/okio/1.13.0/okio-1.13.0.jar:/home/user/.m2/repository/io/jaegertracing/jaeger-core/0.34.0/jaeger-core-0.34.0.jar:/home/user/.m2/repository/io/jaegertracing/jaeger-tracerresolver/0.34.0/jaeger-tracerresolver-0.34.0.jar:/home/user/.m2/repository/io/opentracing/contrib/opentracing-tracerresolver/0.1.5/opentracing-tracerresolver-0.1.5.jar:/home/user/.m2/repository/io/opentracing/opentracing-util/0.31.0/opentracing-util-0.31.0.jar:/home/user/.m2/repository/io/opentracing/opentracing-api/0.31.0/opentracing-api-0.31.0.jar:/home/user/.m2/repository/io/opentracing/opentracing-noop/0.31.0/opentracing-noop-0.31.0.jar:/home/user/.m2/repository/org/yaml/snakeyaml/1.16/snakeyaml-1.16.jar:/home/user/.m2/repository/org/apache/hadoop/hadoop-hdfs-client/3.2.0/hadoop-hdfs-client-3.2.0.jar:/home/user/.m2/repository/info/picocli/picocli/3.9.6/picocli-3.9.6.jar:/home/user/.m2/repository/org/apache/hadoop/hadoop-hdds-server-scm/0.5.0-SNAPSHOT/hadoop-hdds-server-scm-0.5.0-SNAPSHOT.jar:/home/user/.m2/repository/org/apache/hadoop/hadoop-hdds-docs/0.5.0-SNAPSHOT/hadoop-hdds-docs-0.5.0-SNAPSHOT.jar:/home/user/.m2/repository/io/dropwizard/metrics/metrics-core/3.2.4/metrics-core-3.2.4.jar:/home/user/.m2/repository/org/hamcrest/hamcrest-all/1.3/hamcrest-all-1.3.jar:/home/user/.m2/repository/org/bouncycastle/bcprov-jdk15on/1.60/bcprov-jdk15on-1.60.jar:/home/user/.m2/repository/org/apache/hadoop/hadoop-hdds-server-framework/0.5.0-SNAPSHOT/hadoop-hdds-server-framework-0.5.0-SNAPSHOT.jar:/home/user/.m2/repository/org/apache/hadoop/hadoop-ozone-ozone-manager/0.5.0-SNAPSHOT/hadoop-ozone-ozone-manager-0.5.0-SNAPSHOT.jar:/home/user/.m2/repository/org/apache/hadoop/hadoop-hdds-container-service/0.5.0-SNAPSHOT/hadoop-hdds-container-service-0.5.0-SNAPSHOT.jar:/home/user/.m2/repository/org/apache/hadoop/hadoop-hdds-client/0.5.0-SNAPSHOT/hadoop-hdds-client-0.5.0-SNAPSHOT.jar:/home/user/.m2/repository/org/apache/hadoop/hadoop-ozone-common/0.5.0-SNAPSHOT/hadoop-ozone-common-0.5.0-SNAPSHOT.jar:/home/user/.m2/repository/org/apache/hadoop/hadoop-hdds-tools/0.5.0-SNAPSHOT/hadoop-hdds-tools-0.5.0-SNAPSHOT.jar:/home/user/.m2/repository/org/xerial/sqlite-jdbc/3.25.2/sqlite-jdbc-3.25.2.jar:/home/user/.m2/repository/org/apache/httpcomponents/httpclient/4.5.2/httpclient-4.5.2.jar:/home/user/.m2/repository/org/apache/httpcomponents/httpcore/4.4.4/httpcore-4.4.4.jar:/home/user/.m2/repository/com/github/spotbugs/spotbugs/3.1.12/spotbugs-3.1.12.jar:/home/user/.m2/repository/org/ow2/asm/asm/5.0.4/asm-5.0.4.jar:/home/user/.m2/repository/org/ow2/asm/asm-analysis/7.0/asm-analysis-7.0.jar:/home/user/.m2/repository/org/ow2/asm/asm-commons/7.0/asm-commons-7.0.jar:/home/user/.m2/repository/org/ow2/asm/asm-tree/7.0/asm-tree-7.0.jar:/home/user/.m2/repository/org/ow2/asm/asm-util/7.0/asm-util-7.0.jar:/home/user/.m2/repository/org/apache/bcel/bcel/6.3/bcel-6.3.jar:/home/user/.m2/repository/net/jcip/jcip-annotations/1.0/jcip-annotations-1.0.jar:/home/user/.m2/repository/org/dom4j/dom4j/2.1.1/dom4j-2.1.1.jar:/home/user/.m2/repository/jaxen/jaxen/1.1.6/jaxen-1.1.6.jar:/home/user/.m2/repository/commons-lang/commons-lang/2.6/commons-lang-2.6.jar:/home/user/.m2/repository/com/github/spotbugs/spotbugs-annotations/3.1.12/spotbugs-annotations-3.1.12.jar:/home/user/.m2/repository/org/apache/hadoop/hadoop-common/3.2.0/hadoop-common-3.2.0-tests.jar:/home/user/.m2/repository/org/apache/hadoop/hadoop-ozone-client/0.5.0-SNAPSHOT/hadoop-ozone-client-0.5.0-SNAPSHOT.jar:/home/user/.m2/repository/org/apache/hadoop/hadoop-hdfs/3.2.0/hadoop-hdfs-3.2.0-tests.jar:/workdir/hadoop-ozone/integration-test/target/test-classes:/home/user/.m2/repository/org/apache/hadoop/hadoop-ozone-s3gateway/0.5.0-SNAPSHOT/hadoop-ozone-s3gateway-0.5.0-SNAPSHOT.jar:/home/user/.m2/repository/org/jboss/weld/servlet/weld-servlet/2.4.7.Final/weld-servlet-2.4.7.Final.jar:/home/user/.m2/repository/org/glassfish/jersey/containers/jersey-container-servlet-core/2.27/jersey-container-servlet-core-2.27.jar:/home/user/.m2/repository/org/glassfish/hk2/external/javax.inject/2.5.0-b42/javax.inject-2.5.0-b42.jar:/home/user/.m2/repository/org/glassfish/jersey/core/jersey-common/2.27/jersey-common-2.27.jar:/home/user/.m2/repository/org/glassfish/hk2/osgi-resource-locator/1.0.1/osgi-resource-locator-1.0.1.jar:/home/user/.m2/repository/javax/ws/rs/javax.ws.rs-api/2.1/javax.ws.rs-api-2.1.jar:/home/user/.m2/repository/org/glassfish/jersey/ext/cdi/jersey-cdi1x/2.27/jersey-cdi1x-2.27.jar:/home/user/.m2/repository/org/glassfish/jersey/inject/jersey-hk2/2.27/jersey-hk2-2.27.jar:/home/user/.m2/repository/org/glassfish/hk2/hk2-locator/2.5.0-b42/hk2-locator-2.5.0-b42.jar:/home/user/.m2/repository/org/javassist/javassist/3.22.0-CR2/javassist-3.22.0-CR2.jar:/home/user/.m2/repository/org/glassfish/hk2/hk2-api/2.5.0/hk2-api-2.5.0.jar:/home/user/.m2/repository/org/glassfish/hk2/external/jakarta.inject/2.5.0/jakarta.inject-2.5.0.jar:/home/user/.m2/repository/org/glassfish/hk2/hk2-utils/2.5.0/hk2-utils-2.5.0.jar:/home/user/.m2/repository/jakarta/annotation/jakarta.annotation-api/1.3.4/jakarta.annotation-api-1.3.4.jar:/home/user/.m2/repository/org/glassfish/hk2/external/aopalliance-repackaged/2.5.0/aopalliance-repackaged-2.5.0.jar:/home/user/.m2/repository/com/fasterxml/jackson/dataformat/jackson-dataformat-xml/2.9.0/jackson-dataformat-xml-2.9.0.jar:/home/user/.m2/repository/com/fasterxml/jackson/module/jackson-module-jaxb-annotations/2.9.9/jackson-module-jaxb-annotations-2.9.9.jar:/home/user/.m2/repository/javax/enterprise/cdi-api/1.2/cdi-api-1.2.jar:/home/user/.m2/repository/javax/el/javax.el-api/3.0.0/javax.el-api-3.0.0.jar:/home/user/.m2/repository/javax/interceptor/javax.interceptor-api/1.2/javax.interceptor-api-1.2.jar:/home/user/.m2/repository/javax/inject/javax.inject/1/javax.inject-1.jar:/home/user/.m2/repository/com/sun/xml/bind/jaxb-core/2.3.0.1/jaxb-core-2.3.0.1.jar:/home/user/.m2/repository/javax/xml/bind/jaxb-api/2.3.0/jaxb-api-2.3.0.jar:/home/user/.m2/repository/javax/activation/activation/1.1.1/activation-1.1.1.jar:/home/user/.m2/repository/org/apache/hadoop/hadoop-ozone-csi/0.5.0-SNAPSHOT/hadoop-ozone-csi-0.5.0-SNAPSHOT.jar:/home/user/.m2/repository/com/google/protobuf/protobuf-java-util/3.5.1/protobuf-java-util-3.5.1.jar:/home/user/.m2/repository/io/grpc/grpc-netty/1.17.1/grpc-netty-1.17.1.jar:/home/user/.m2/repository/io/grpc/grpc-core/1.17.1/grpc-core-1.17.1.jar:/home/user/.m2/repository/io/grpc/grpc-context/1.17.1/grpc-context-1.17.1.jar:/home/user/.m2/repository/com/google/errorprone/error_prone_annotations/2.2.0/error_prone_annotations-2.2.0.jar:/home/user/.m2/repository/org/codehaus/mojo/animal-sniffer-annotations/1.17/animal-sniffer-annotations-1.17.jar:/home/user/.m2/repository/io/opencensus/opencensus-api/0.17.0/opencensus-api-0.17.0.jar:/home/user/.m2/repository/io/opencensus/opencensus-contrib-grpc-metrics/0.17.0/opencensus-contrib-grpc-metrics-0.17.0.jar:/home/user/.m2/repository/io/netty/netty-codec-http2/4.1.30.Final/netty-codec-http2-4.1.30.Final.jar:/home/user/.m2/repository/io/netty/netty-codec-http/4.1.30.Final/netty-codec-http-4.1.30.Final.jar:/home/user/.m2/repository/io/netty/netty-codec/4.1.30.Final/netty-codec-4.1.30.Final.jar:/home/user/.m2/repository/io/netty/netty-handler/4.1.30.Final/netty-handler-4.1.30.Final.jar:/home/user/.m2/repository/io/netty/netty-handler-proxy/4.1.30.Final/netty-handler-proxy-4.1.30.Final.jar:/home/user/.m2/repository/io/netty/netty-codec-socks/4.1.30.Final/netty-codec-socks-4.1.30.Final.jar:/home/user/.m2/repository/io/netty/netty-transport-native-epoll/4.1.30.Final/netty-transport-native-epoll-4.1.30.Final.jar:/home/user/.m2/repository/io/netty/netty-common/4.1.30.Final/netty-common-4.1.30.Final.jar:/home/user/.m2/repository/io/netty/netty-buffer/4.1.30.Final/netty-buffer-4.1.30.Final.jar:/home/user/.m2/repository/io/netty/netty-transport/4.1.30.Final/netty-transport-4.1.30.Final.jar:/home/user/.m2/repository/io/netty/netty-resolver/4.1.30.Final/netty-resolver-4.1.30.Final.jar:/home/user/.m2/repository/io/netty/netty-transport-native-unix-common/4.1.30.Final/netty-transport-native-unix-common-4.1.30.Final.jar:/home/user/.m2/repository/io/grpc/grpc-protobuf/1.17.1/grpc-protobuf-1.17.1.jar:/home/user/.m2/repository/com/google/api/grpc/proto-google-common-protos/1.0.0/proto-google-common-protos-1.0.0.jar:/home/user/.m2/repository/io/grpc/grpc-protobuf-lite/1.17.1/grpc-protobuf-lite-1.17.1.jar:/home/user/.m2/repository/io/grpc/grpc-stub/1.17.1/grpc-stub-1.17.1.jar:/home/user/.m2/repository/org/apache/hadoop/hadoop-ozone-recon/0.5.0-SNAPSHOT/hadoop-ozone-recon-0.5.0-SNAPSHOT.jar:/home/user/.m2/repository/org/apache/hadoop/hadoop-ozone-reconcodegen/0.5.0-SNAPSHOT/hadoop-ozone-reconcodegen-0.5.0-SNAPSHOT.jar:/home/user/.m2/repository/com/google/inject/extensions/guice-multibindings/4.0/guice-multibindings-4.0.jar:/home/user/.m2/repository/com/google/inject/guice/4.0/guice-4.0.jar:/home/user/.m2/repository/aopalliance/aopalliance/1.0/aopalliance-1.0.jar:/home/user/.m2/repository/org/glassfish/jersey/containers/jersey-container-servlet/2.27/jersey-container-servlet-2.27.jar:/home/user/.m2/repository/org/glassfish/hk2/guice-bridge/2.5.0/guice-bridge-2.5.0.jar:/home/user/.m2/repository/org/glassfish/jersey/core/jersey-server/2.27/jersey-server-2.27.jar:/home/user/.m2/repository/org/glassfish/jersey/core/jersey-client/2.27/jersey-client-2.27.jar:/home/user/.m2/repository/org/glassfish/jersey/media/jersey-media-jaxb/2.27/jersey-media-jaxb-2.27.jar:/home/user/.m2/repository/javax/validation/validation-api/1.1.0.Final/validation-api-1.1.0.Final.jar:/home/user/.m2/repository/org/glassfish/jersey/media/jersey-media-json-jackson/2.27/jersey-media-json-jackson-2.27.jar:/home/user/.m2/repository/org/glassfish/jersey/ext/jersey-entity-filtering/2.27/jersey-entity-filtering-2.27.jar:/home/user/.m2/repository/com/google/inject/extensions/guice-assistedinject/4.0/guice-assistedinject-4.0.jar:/home/user/.m2/repository/org/jooq/jooq/3.11.10/jooq-3.11.10.jar:/home/user/.m2/repository/org/jooq/jooq-meta/3.11.10/jooq-meta-3.11.10.jar:/home/user/.m2/repository/org/jooq/jooq-codegen/3.11.10/jooq-codegen-3.11.10.jar:/home/user/.m2/repository/com/jolbox/bonecp/0.8.0.RELEASE/bonecp-0.8.0.RELEASE.jar:/home/user/.m2/repository/org/springframework/spring-jdbc/5.1.3.RELEASE/spring-jdbc-5.1.3.RELEASE.jar:/home/user/.m2/repository/org/springframework/spring-beans/5.1.3.RELEASE/spring-beans-5.1.3.RELEASE.jar:/home/user/.m2/repository/org/springframework/spring-core/5.1.3.RELEASE/spring-core-5.1.3.RELEASE.jar:/home/user/.m2/repository/org/springframework/spring-jcl/5.1.3.RELEASE/spring-jcl-5.1.3.RELEASE.jar:/home/user/.m2/repository/org/springframework/spring-tx/5.1.3.RELEASE/spring-tx-5.1.3.RELEASE.jar:/home/user/.m2/repository/org/mockito/mockito-all/1.10.19/mockito-all-1.10.19.jar:/home/user/.m2/repository/junit/junit/4.11/junit-4.11.jar:/home/user/.m2/repository/org/hamcrest/hamcrest-core/1.3/hamcrest-core-1.3.jar:/home/user/.m2/repository/org/apache/hadoop/hadoop-distcp/3.2.0/hadoop-distcp-3.2.0.jar:/home/user/.m2/repository/org/apache/hadoop/hadoop-distcp/3.2.0/hadoop-distcp-3.2.0-tests.jar:/home/user/.m2/repository/org/apache/hadoop/hadoop-mapreduce-client-jobclient/3.2.0/hadoop-mapreduce-client-jobclient-3.2.0.jar:/home/user/.m2/repository/org/apache/hadoop/hadoop-mapreduce-client-common/3.2.0/hadoop-mapreduce-client-common-3.2.0.jar:/home/user/.m2/repository/org/apache/hadoop/hadoop-yarn-common/3.2.0/hadoop-yarn-common-3.2.0.jar:/home/user/.m2/repository/org/apache/hadoop/hadoop-yarn-api/3.2.0/hadoop-yarn-api-3.2.0.jar:/home/user/.m2/repository/com/sun/jersey/jersey-client/1.19/jersey-client-1.19.jar:/home/user/.m2/repository/com/sun/jersey/contribs/jersey-guice/1.19/jersey-guice-1.19.jar:/home/user/.m2/repository/com/fasterxml/jackson/jaxrs/jackson-jaxrs-json-provider/2.9.9/jackson-jaxrs-json-provider-2.9.9.jar:/home/user/.m2/repository/com/fasterxml/jackson/jaxrs/jackson-jaxrs-base/2.9.9/jackson-jaxrs-base-2.9.9.jar:/home/user/.m2/repository/org/apache/hadoop/hadoop-yarn-client/3.2.0/hadoop-yarn-client-3.2.0.jar:/home/user/.m2/repository/org/apache/hadoop/hadoop-mapreduce-client-core/3.2.0/hadoop-mapreduce-client-core-3.2.0.jar:/home/user/.m2/repository/com/google/inject/extensions/guice-servlet/4.0/guice-servlet-4.0.jar:/home/user/.m2/repository/org/powermock/powermock-module-junit4/1.6.5/powermock-module-junit4-1.6.5.jar:/home/user/.m2/repository/org/powermock/powermock-module-junit4-common/1.6.5/powermock-module-junit4-common-1.6.5.jar:/home/user/.m2/repository/org/powermock/powermock-core/1.6.5/powermock-core-1.6.5.jar:/home/user/.m2/repository/org/powermock/powermock-reflect/1.6.5/powermock-reflect-1.6.5.jar:/home/user/.m2/repository/org/powermock/powermock-api-mockito/1.6.5/powermock-api-mockito-1.6.5.jar:/home/user/.m2/repository/org/mockito/mockito-core/1.10.19/mockito-core-1.10.19.jar:/home/user/.m2/repository/org/objenesis/objenesis/1.0/objenesis-1.0.jar:/home/user/.m2/repository/org/powermock/powermock-api-mockito-common/1.6.5/powermock-api-mockito-common-1.6.5.jar:/home/user/.m2/repository/org/powermock/powermock-api-support/1.6.5/powermock-api-support-1.6.5.jar:"/>
    <property name="java.vm.vendor" value="IcedTea"/>
    <property name="sun.arch.data.model" value="64"/>
    <property name="test.build.dir" value="/workdir/hadoop-ozone/ozonefs/target/test-dir"/>
    <property name="test.cache.data" value=""/>
    <property name="java.vendor.url" value="https://icedtea.classpath.org"/>
    <property name="user.timezone" value=""/>
    <property name="java.vm.specification.version" value="1.8"/>
    <property name="os.name" value="Linux"/>
    <property name="test.build.data" value="/workdir/hadoop-ozone/ozonefs/target/test-dir"/>
    <property name="user.country" value="US"/>
    <property name="sun.java.launcher" value="SUN_STANDARD"/>
    <property name="sun.boot.library.path" value="/usr/lib/jvm/java-1.8-openjdk/jre/lib/amd64"/>
    <property name="sun.java.command" value="/workdir/hadoop-ozone/ozonefs/target/surefire/surefirebooter5538787982706950575.jar /workdir/hadoop-ozone/ozonefs/target/surefire 2019-09-28T00-05-52_052-jvmRun1 surefire2318074393240070080tmp surefire_1054150722107294320668tmp"/>
    <property name="test" value="!TestMiniChaosOzoneCluster"/>
    <property name="surefire.test.class.path" value="/workdir/hadoop-ozone/ozonefs/target/test-classes:/workdir/hadoop-ozone/ozonefs/target/classes:/home/user/.m2/repository/org/apache/hadoop/hadoop-common/3.2.0/hadoop-common-3.2.0.jar:/home/user/.m2/repository/org/apache/hadoop/hadoop-annotations/3.2.0/hadoop-annotations-3.2.0.jar:/usr/lib/jvm/java-1.8-openjdk/jre/../lib/tools.jar:/home/user/.m2/repository/com/google/guava/guava/11.0.2/guava-11.0.2.jar:/home/user/.m2/repository/commons-cli/commons-cli/1.2/commons-cli-1.2.jar:/home/user/.m2/repository/org/apache/commons/commons-math3/3.1.1/commons-math3-3.1.1.jar:/home/user/.m2/repository/commons-codec/commons-codec/1.11/commons-codec-1.11.jar:/home/user/.m2/repository/commons-io/commons-io/2.5/commons-io-2.5.jar:/home/user/.m2/repository/commons-net/commons-net/3.6/commons-net-3.6.jar:/home/user/.m2/repository/commons-collections/commons-collections/3.2.2/commons-collections-3.2.2.jar:/home/user/.m2/repository/javax/servlet/javax.servlet-api/3.1.0/javax.servlet-api-3.1.0.jar:/home/user/.m2/repository/org/eclipse/jetty/jetty-server/9.3.25.v20180904/jetty-server-9.3.25.v20180904.jar:/home/user/.m2/repository/org/eclipse/jetty/jetty-http/9.3.25.v20180904/jetty-http-9.3.25.v20180904.jar:/home/user/.m2/repository/org/eclipse/jetty/jetty-io/9.3.25.v20180904/jetty-io-9.3.25.v20180904.jar:/home/user/.m2/repository/org/eclipse/jetty/jetty-util/9.3.25.v20180904/jetty-util-9.3.25.v20180904.jar:/home/user/.m2/repository/org/eclipse/jetty/jetty-servlet/9.3.25.v20180904/jetty-servlet-9.3.25.v20180904.jar:/home/user/.m2/repository/org/eclipse/jetty/jetty-security/9.3.25.v20180904/jetty-security-9.3.25.v20180904.jar:/home/user/.m2/repository/org/eclipse/jetty/jetty-webapp/9.3.25.v20180904/jetty-webapp-9.3.25.v20180904.jar:/home/user/.m2/repository/org/eclipse/jetty/jetty-xml/9.3.25.v20180904/jetty-xml-9.3.25.v20180904.jar:/home/user/.m2/repository/javax/servlet/jsp/jsp-api/2.1/jsp-api-2.1.jar:/home/user/.m2/repository/com/sun/jersey/jersey-core/1.19/jersey-core-1.19.jar:/home/user/.m2/repository/javax/ws/rs/jsr311-api/1.1.1/jsr311-api-1.1.1.jar:/home/user/.m2/repository/com/sun/jersey/jersey-servlet/1.19/jersey-servlet-1.19.jar:/home/user/.m2/repository/com/sun/jersey/jersey-json/1.19/jersey-json-1.19.jar:/home/user/.m2/repository/org/codehaus/jettison/jettison/1.1/jettison-1.1.jar:/home/user/.m2/repository/com/sun/xml/bind/jaxb-impl/2.3.0.1/jaxb-impl-2.3.0.1.jar:/home/user/.m2/repository/org/codehaus/jackson/jackson-core-asl/1.9.13/jackson-core-asl-1.9.13.jar:/home/user/.m2/repository/org/codehaus/jackson/jackson-mapper-asl/1.9.13/jackson-mapper-asl-1.9.13.jar:/home/user/.m2/repository/org/codehaus/jackson/jackson-jaxrs/1.9.13/jackson-jaxrs-1.9.13.jar:/home/user/.m2/repository/org/codehaus/jackson/jackson-xc/1.9.13/jackson-xc-1.9.13.jar:/home/user/.m2/repository/com/sun/jersey/jersey-server/1.19/jersey-server-1.19.jar:/home/user/.m2/repository/commons-logging/commons-logging/1.1.3/commons-logging-1.1.3.jar:/home/user/.m2/repository/log4j/log4j/1.2.17/log4j-1.2.17.jar:/home/user/.m2/repository/commons-beanutils/commons-beanutils/1.9.4/commons-beanutils-1.9.4.jar:/home/user/.m2/repository/org/apache/commons/commons-configuration2/2.1.1/commons-configuration2-2.1.1.jar:/home/user/.m2/repository/org/apache/commons/commons-lang3/3.7/commons-lang3-3.7.jar:/home/user/.m2/repository/org/apache/commons/commons-text/1.4/commons-text-1.4.jar:/home/user/.m2/repository/org/slf4j/slf4j-api/1.7.25/slf4j-api-1.7.25.jar:/home/user/.m2/repository/org/slf4j/slf4j-log4j12/1.7.25/slf4j-log4j12-1.7.25.jar:/home/user/.m2/repository/org/apache/avro/avro/1.7.7/avro-1.7.7.jar:/home/user/.m2/repository/com/thoughtworks/paranamer/paranamer/2.3/paranamer-2.3.jar:/home/user/.m2/repository/org/xerial/snappy/snappy-java/1.0.5/snappy-java-1.0.5.jar:/home/user/.m2/repository/com/google/re2j/re2j/1.1/re2j-1.1.jar:/home/user/.m2/repository/com/google/protobuf/protobuf-java/2.5.0/protobuf-java-2.5.0.jar:/home/user/.m2/repository/com/google/code/gson/gson/2.2.4/gson-2.2.4.jar:/home/user/.m2/repository/org/apache/hadoop/hadoop-auth/3.2.0/hadoop-auth-3.2.0.jar:/home/user/.m2/repository/com/nimbusds/nimbus-jose-jwt/4.41.1/nimbus-jose-jwt-4.41.1.jar:/home/user/.m2/repository/com/github/stephenc/jcip/jcip-annotations/1.0-1/jcip-annotations-1.0-1.jar:/home/user/.m2/repository/net/minidev/json-smart/2.3/json-smart-2.3.jar:/home/user/.m2/repository/net/minidev/accessors-smart/1.2/accessors-smart-1.2.jar:/home/user/.m2/repository/org/apache/curator/curator-framework/2.12.0/curator-framework-2.12.0.jar:/home/user/.m2/repository/com/jcraft/jsch/0.1.54/jsch-0.1.54.jar:/home/user/.m2/repository/org/apache/curator/curator-client/2.12.0/curator-client-2.12.0.jar:/home/user/.m2/repository/org/apache/curator/curator-recipes/2.12.0/curator-recipes-2.12.0.jar:/home/user/.m2/repository/com/google/code/findbugs/jsr305/3.0.0/jsr305-3.0.0.jar:/home/user/.m2/repository/org/apache/htrace/htrace-core4/4.1.0-incubating/htrace-core4-4.1.0-incubating.jar:/home/user/.m2/repository/org/apache/zookeeper/zookeeper/3.4.13/zookeeper-3.4.13.jar:/home/user/.m2/repository/jline/jline/0.9.94/jline-0.9.94.jar:/home/user/.m2/repository/org/apache/yetus/audience-annotations/0.5.0/audience-annotations-0.5.0.jar:/home/user/.m2/repository/org/apache/commons/commons-compress/1.4.1/commons-compress-1.4.1.jar:/home/user/.m2/repository/org/tukaani/xz/1.0/xz-1.0.jar:/home/user/.m2/repository/org/apache/kerby/kerb-simplekdc/1.0.1/kerb-simplekdc-1.0.1.jar:/home/user/.m2/repository/org/apache/kerby/kerb-client/1.0.1/kerb-client-1.0.1.jar:/home/user/.m2/repository/org/apache/kerby/kerby-config/1.0.1/kerby-config-1.0.1.jar:/home/user/.m2/repository/org/apache/kerby/kerb-core/1.0.1/kerb-core-1.0.1.jar:/home/user/.m2/repository/org/apache/kerby/kerby-pkix/1.0.1/kerby-pkix-1.0.1.jar:/home/user/.m2/repository/org/apache/kerby/kerby-asn1/1.0.1/kerby-asn1-1.0.1.jar:/home/user/.m2/repository/org/apache/kerby/kerby-util/1.0.1/kerby-util-1.0.1.jar:/home/user/.m2/repository/org/apache/kerby/kerb-common/1.0.1/kerb-common-1.0.1.jar:/home/user/.m2/repository/org/apache/kerby/kerb-crypto/1.0.1/kerb-crypto-1.0.1.jar:/home/user/.m2/repository/org/apache/kerby/kerb-util/1.0.1/kerb-util-1.0.1.jar:/home/user/.m2/repository/org/apache/kerby/token-provider/1.0.1/token-provider-1.0.1.jar:/home/user/.m2/repository/org/apache/kerby/kerb-admin/1.0.1/kerb-admin-1.0.1.jar:/home/user/.m2/repository/org/apache/kerby/kerb-server/1.0.1/kerb-server-1.0.1.jar:/home/user/.m2/repository/org/apache/kerby/kerb-identity/1.0.1/kerb-identity-1.0.1.jar:/home/user/.m2/repository/org/apache/kerby/kerby-xdr/1.0.1/kerby-xdr-1.0.1.jar:/home/user/.m2/repository/com/fasterxml/jackson/core/jackson-databind/2.9.9/jackson-databind-2.9.9.jar:/home/user/.m2/repository/com/fasterxml/jackson/core/jackson-annotations/2.9.9/jackson-annotations-2.9.9.jar:/home/user/.m2/repository/com/fasterxml/jackson/core/jackson-core/2.9.9/jackson-core-2.9.9.jar:/home/user/.m2/repository/org/codehaus/woodstox/stax2-api/3.1.4/stax2-api-3.1.4.jar:/home/user/.m2/repository/com/fasterxml/woodstox/woodstox-core/5.0.3/woodstox-core-5.0.3.jar:/home/user/.m2/repository/dnsjava/dnsjava/2.1.7/dnsjava-2.1.7.jar:/home/user/.m2/repository/org/apache/hadoop/hadoop-hdfs/3.2.0/hadoop-hdfs-3.2.0.jar:/home/user/.m2/repository/org/eclipse/jetty/jetty-util-ajax/9.3.25.v20180904/jetty-util-ajax-9.3.25.v20180904.jar:/home/user/.m2/repository/commons-daemon/commons-daemon/1.0.13/commons-daemon-1.0.13.jar:/home/user/.m2/repository/io/netty/netty/3.10.5.Final/netty-3.10.5.Final.jar:/home/user/.m2/repository/io/netty/netty-all/4.0.52.Final/netty-all-4.0.52.Final.jar:/home/user/.m2/repository/org/fusesource/leveldbjni/leveldbjni-all/1.8/leveldbjni-all-1.8.jar:/home/user/.m2/repository/org/apache/hadoop/hadoop-hdds-common/0.5.0-SNAPSHOT/hadoop-hdds-common-0.5.0-SNAPSHOT.jar:/home/user/.m2/repository/org/apache/hadoop/hadoop-hdds-config/0.5.0-SNAPSHOT/hadoop-hdds-config-0.5.0-SNAPSHOT.jar:/home/user/.m2/repository/javax/annotation/javax.annotation-api/1.2/javax.annotation-api-1.2.jar:/home/user/.m2/repository/org/apache/ratis/ratis-server/0.4.0/ratis-server-0.4.0.jar:/home/user/.m2/repository/org/apache/ratis/ratis-thirdparty-misc/0.2.0/ratis-thirdparty-misc-0.2.0.jar:/home/user/.m2/repository/org/apache/ratis/ratis-proto/0.4.0/ratis-proto-0.4.0.jar:/home/user/.m2/repository/org/apache/ratis/ratis-common/0.4.0/ratis-common-0.4.0.jar:/home/user/.m2/repository/org/apache/ratis/ratis-client/0.4.0/ratis-client-0.4.0.jar:/home/user/.m2/repository/org/apache/ratis/ratis-metrics/0.4.0/ratis-metrics-0.4.0.jar:/home/user/.m2/repository/com/github/joshelser/dropwizard-metrics-hadoop-metrics2-reporter/0.1.2/dropwizard-metrics-hadoop-metrics2-reporter-0.1.2.jar:/home/user/.m2/repository/io/dropwizard/metrics/metrics-jvm/3.2.5/metrics-jvm-3.2.5.jar:/home/user/.m2/repository/io/dropwizard/metrics/metrics-ganglia/3.2.5/metrics-ganglia-3.2.5.jar:/home/user/.m2/repository/info/ganglia/gmetric4j/gmetric4j/1.0.7/gmetric4j-1.0.7.jar:/home/user/.m2/repository/org/apache/ratis/ratis-netty/0.4.0/ratis-netty-0.4.0.jar:/home/user/.m2/repository/org/apache/ratis/ratis-grpc/0.4.0/ratis-grpc-0.4.0.jar:/home/user/.m2/repository/org/rocksdb/rocksdbjni/6.0.1/rocksdbjni-6.0.1.jar:/home/user/.m2/repository/org/apache/logging/log4j/log4j-api/2.11.0/log4j-api-2.11.0.jar:/home/user/.m2/repository/org/apache/logging/log4j/log4j-core/2.11.0/log4j-core-2.11.0.jar:/home/user/.m2/repository/com/lmax/disruptor/3.4.2/disruptor-3.4.2.jar:/home/user/.m2/repository/org/apache/commons/commons-pool2/2.6.0/commons-pool2-2.6.0.jar:/home/user/.m2/repository/org/bouncycastle/bcpkix-jdk15on/1.60/bcpkix-jdk15on-1.60.jar:/home/user/.m2/repository/commons-validator/commons-validator/1.6/commons-validator-1.6.jar:/home/user/.m2/repository/commons-digester/commons-digester/1.8.1/commons-digester-1.8.1.jar:/home/user/.m2/repository/io/jaegertracing/jaeger-client/0.34.0/jaeger-client-0.34.0.jar:/home/user/.m2/repository/io/jaegertracing/jaeger-thrift/0.34.0/jaeger-thrift-0.34.0.jar:/home/user/.m2/repository/org/apache/thrift/libthrift/0.12.0/libthrift-0.12.0.jar:/home/user/.m2/repository/com/squareup/okhttp3/okhttp/3.9.0/okhttp-3.9.0.jar:/home/user/.m2/repository/com/squareup/okio/okio/1.13.0/okio-1.13.0.jar:/home/user/.m2/repository/io/jaegertracing/jaeger-core/0.34.0/jaeger-core-0.34.0.jar:/home/user/.m2/repository/io/jaegertracing/jaeger-tracerresolver/0.34.0/jaeger-tracerresolver-0.34.0.jar:/home/user/.m2/repository/io/opentracing/contrib/opentracing-tracerresolver/0.1.5/opentracing-tracerresolver-0.1.5.jar:/home/user/.m2/repository/io/opentracing/opentracing-util/0.31.0/opentracing-util-0.31.0.jar:/home/user/.m2/repository/io/opentracing/opentracing-api/0.31.0/opentracing-api-0.31.0.jar:/home/user/.m2/repository/io/opentracing/opentracing-noop/0.31.0/opentracing-noop-0.31.0.jar:/home/user/.m2/repository/org/yaml/snakeyaml/1.16/snakeyaml-1.16.jar:/home/user/.m2/repository/org/apache/hadoop/hadoop-hdfs-client/3.2.0/hadoop-hdfs-client-3.2.0.jar:/home/user/.m2/repository/info/picocli/picocli/3.9.6/picocli-3.9.6.jar:/home/user/.m2/repository/org/apache/hadoop/hadoop-hdds-server-scm/0.5.0-SNAPSHOT/hadoop-hdds-server-scm-0.5.0-SNAPSHOT.jar:/home/user/.m2/repository/org/apache/hadoop/hadoop-hdds-docs/0.5.0-SNAPSHOT/hadoop-hdds-docs-0.5.0-SNAPSHOT.jar:/home/user/.m2/repository/io/dropwizard/metrics/metrics-core/3.2.4/metrics-core-3.2.4.jar:/home/user/.m2/repository/org/hamcrest/hamcrest-all/1.3/hamcrest-all-1.3.jar:/home/user/.m2/repository/org/bouncycastle/bcprov-jdk15on/1.60/bcprov-jdk15on-1.60.jar:/home/user/.m2/repository/org/apache/hadoop/hadoop-hdds-server-framework/0.5.0-SNAPSHOT/hadoop-hdds-server-framework-0.5.0-SNAPSHOT.jar:/home/user/.m2/repository/org/apache/hadoop/hadoop-ozone-ozone-manager/0.5.0-SNAPSHOT/hadoop-ozone-ozone-manager-0.5.0-SNAPSHOT.jar:/home/user/.m2/repository/org/apache/hadoop/hadoop-hdds-container-service/0.5.0-SNAPSHOT/hadoop-hdds-container-service-0.5.0-SNAPSHOT.jar:/home/user/.m2/repository/org/apache/hadoop/hadoop-hdds-client/0.5.0-SNAPSHOT/hadoop-hdds-client-0.5.0-SNAPSHOT.jar:/home/user/.m2/repository/org/apache/hadoop/hadoop-ozone-common/0.5.0-SNAPSHOT/hadoop-ozone-common-0.5.0-SNAPSHOT.jar:/home/user/.m2/repository/org/apache/hadoop/hadoop-hdds-tools/0.5.0-SNAPSHOT/hadoop-hdds-tools-0.5.0-SNAPSHOT.jar:/home/user/.m2/repository/org/xerial/sqlite-jdbc/3.25.2/sqlite-jdbc-3.25.2.jar:/home/user/.m2/repository/org/apache/httpcomponents/httpclient/4.5.2/httpclient-4.5.2.jar:/home/user/.m2/repository/org/apache/httpcomponents/httpcore/4.4.4/httpcore-4.4.4.jar:/home/user/.m2/repository/com/github/spotbugs/spotbugs/3.1.12/spotbugs-3.1.12.jar:/home/user/.m2/repository/org/ow2/asm/asm/5.0.4/asm-5.0.4.jar:/home/user/.m2/repository/org/ow2/asm/asm-analysis/7.0/asm-analysis-7.0.jar:/home/user/.m2/repository/org/ow2/asm/asm-commons/7.0/asm-commons-7.0.jar:/home/user/.m2/repository/org/ow2/asm/asm-tree/7.0/asm-tree-7.0.jar:/home/user/.m2/repository/org/ow2/asm/asm-util/7.0/asm-util-7.0.jar:/home/user/.m2/repository/org/apache/bcel/bcel/6.3/bcel-6.3.jar:/home/user/.m2/repository/net/jcip/jcip-annotations/1.0/jcip-annotations-1.0.jar:/home/user/.m2/repository/org/dom4j/dom4j/2.1.1/dom4j-2.1.1.jar:/home/user/.m2/repository/jaxen/jaxen/1.1.6/jaxen-1.1.6.jar:/home/user/.m2/repository/commons-lang/commons-lang/2.6/commons-lang-2.6.jar:/home/user/.m2/repository/com/github/spotbugs/spotbugs-annotations/3.1.12/spotbugs-annotations-3.1.12.jar:/home/user/.m2/repository/org/apache/hadoop/hadoop-common/3.2.0/hadoop-common-3.2.0-tests.jar:/home/user/.m2/repository/org/apache/hadoop/hadoop-ozone-client/0.5.0-SNAPSHOT/hadoop-ozone-client-0.5.0-SNAPSHOT.jar:/home/user/.m2/repository/org/apache/hadoop/hadoop-hdfs/3.2.0/hadoop-hdfs-3.2.0-tests.jar:/workdir/hadoop-ozone/integration-test/target/test-classes:/home/user/.m2/repository/org/apache/hadoop/hadoop-ozone-s3gateway/0.5.0-SNAPSHOT/hadoop-ozone-s3gateway-0.5.0-SNAPSHOT.jar:/home/user/.m2/repository/org/jboss/weld/servlet/weld-servlet/2.4.7.Final/weld-servlet-2.4.7.Final.jar:/home/user/.m2/repository/org/glassfish/jersey/containers/jersey-container-servlet-core/2.27/jersey-container-servlet-core-2.27.jar:/home/user/.m2/repository/org/glassfish/hk2/external/javax.inject/2.5.0-b42/javax.inject-2.5.0-b42.jar:/home/user/.m2/repository/org/glassfish/jersey/core/jersey-common/2.27/jersey-common-2.27.jar:/home/user/.m2/repository/org/glassfish/hk2/osgi-resource-locator/1.0.1/osgi-resource-locator-1.0.1.jar:/home/user/.m2/repository/javax/ws/rs/javax.ws.rs-api/2.1/javax.ws.rs-api-2.1.jar:/home/user/.m2/repository/org/glassfish/jersey/ext/cdi/jersey-cdi1x/2.27/jersey-cdi1x-2.27.jar:/home/user/.m2/repository/org/glassfish/jersey/inject/jersey-hk2/2.27/jersey-hk2-2.27.jar:/home/user/.m2/repository/org/glassfish/hk2/hk2-locator/2.5.0-b42/hk2-locator-2.5.0-b42.jar:/home/user/.m2/repository/org/javassist/javassist/3.22.0-CR2/javassist-3.22.0-CR2.jar:/home/user/.m2/repository/org/glassfish/hk2/hk2-api/2.5.0/hk2-api-2.5.0.jar:/home/user/.m2/repository/org/glassfish/hk2/external/jakarta.inject/2.5.0/jakarta.inject-2.5.0.jar:/home/user/.m2/repository/org/glassfish/hk2/hk2-utils/2.5.0/hk2-utils-2.5.0.jar:/home/user/.m2/repository/jakarta/annotation/jakarta.annotation-api/1.3.4/jakarta.annotation-api-1.3.4.jar:/home/user/.m2/repository/org/glassfish/hk2/external/aopalliance-repackaged/2.5.0/aopalliance-repackaged-2.5.0.jar:/home/user/.m2/repository/com/fasterxml/jackson/dataformat/jackson-dataformat-xml/2.9.0/jackson-dataformat-xml-2.9.0.jar:/home/user/.m2/repository/com/fasterxml/jackson/module/jackson-module-jaxb-annotations/2.9.9/jackson-module-jaxb-annotations-2.9.9.jar:/home/user/.m2/repository/javax/enterprise/cdi-api/1.2/cdi-api-1.2.jar:/home/user/.m2/repository/javax/el/javax.el-api/3.0.0/javax.el-api-3.0.0.jar:/home/user/.m2/repository/javax/interceptor/javax.interceptor-api/1.2/javax.interceptor-api-1.2.jar:/home/user/.m2/repository/javax/inject/javax.inject/1/javax.inject-1.jar:/home/user/.m2/repository/com/sun/xml/bind/jaxb-core/2.3.0.1/jaxb-core-2.3.0.1.jar:/home/user/.m2/repository/javax/xml/bind/jaxb-api/2.3.0/jaxb-api-2.3.0.jar:/home/user/.m2/repository/javax/activation/activation/1.1.1/activation-1.1.1.jar:/home/user/.m2/repository/org/apache/hadoop/hadoop-ozone-csi/0.5.0-SNAPSHOT/hadoop-ozone-csi-0.5.0-SNAPSHOT.jar:/home/user/.m2/repository/com/google/protobuf/protobuf-java-util/3.5.1/protobuf-java-util-3.5.1.jar:/home/user/.m2/repository/io/grpc/grpc-netty/1.17.1/grpc-netty-1.17.1.jar:/home/user/.m2/repository/io/grpc/grpc-core/1.17.1/grpc-core-1.17.1.jar:/home/user/.m2/repository/io/grpc/grpc-context/1.17.1/grpc-context-1.17.1.jar:/home/user/.m2/repository/com/google/errorprone/error_prone_annotations/2.2.0/error_prone_annotations-2.2.0.jar:/home/user/.m2/repository/org/codehaus/mojo/animal-sniffer-annotations/1.17/animal-sniffer-annotations-1.17.jar:/home/user/.m2/repository/io/opencensus/opencensus-api/0.17.0/opencensus-api-0.17.0.jar:/home/user/.m2/repository/io/opencensus/opencensus-contrib-grpc-metrics/0.17.0/opencensus-contrib-grpc-metrics-0.17.0.jar:/home/user/.m2/repository/io/netty/netty-codec-http2/4.1.30.Final/netty-codec-http2-4.1.30.Final.jar:/home/user/.m2/repository/io/netty/netty-codec-http/4.1.30.Final/netty-codec-http-4.1.30.Final.jar:/home/user/.m2/repository/io/netty/netty-codec/4.1.30.Final/netty-codec-4.1.30.Final.jar:/home/user/.m2/repository/io/netty/netty-handler/4.1.30.Final/netty-handler-4.1.30.Final.jar:/home/user/.m2/repository/io/netty/netty-handler-proxy/4.1.30.Final/netty-handler-proxy-4.1.30.Final.jar:/home/user/.m2/repository/io/netty/netty-codec-socks/4.1.30.Final/netty-codec-socks-4.1.30.Final.jar:/home/user/.m2/repository/io/netty/netty-transport-native-epoll/4.1.30.Final/netty-transport-native-epoll-4.1.30.Final.jar:/home/user/.m2/repository/io/netty/netty-common/4.1.30.Final/netty-common-4.1.30.Final.jar:/home/user/.m2/repository/io/netty/netty-buffer/4.1.30.Final/netty-buffer-4.1.30.Final.jar:/home/user/.m2/repository/io/netty/netty-transport/4.1.30.Final/netty-transport-4.1.30.Final.jar:/home/user/.m2/repository/io/netty/netty-resolver/4.1.30.Final/netty-resolver-4.1.30.Final.jar:/home/user/.m2/repository/io/netty/netty-transport-native-unix-common/4.1.30.Final/netty-transport-native-unix-common-4.1.30.Final.jar:/home/user/.m2/repository/io/grpc/grpc-protobuf/1.17.1/grpc-protobuf-1.17.1.jar:/home/user/.m2/repository/com/google/api/grpc/proto-google-common-protos/1.0.0/proto-google-common-protos-1.0.0.jar:/home/user/.m2/repository/io/grpc/grpc-protobuf-lite/1.17.1/grpc-protobuf-lite-1.17.1.jar:/home/user/.m2/repository/io/grpc/grpc-stub/1.17.1/grpc-stub-1.17.1.jar:/home/user/.m2/repository/org/apache/hadoop/hadoop-ozone-recon/0.5.0-SNAPSHOT/hadoop-ozone-recon-0.5.0-SNAPSHOT.jar:/home/user/.m2/repository/org/apache/hadoop/hadoop-ozone-reconcodegen/0.5.0-SNAPSHOT/hadoop-ozone-reconcodegen-0.5.0-SNAPSHOT.jar:/home/user/.m2/repository/com/google/inject/extensions/guice-multibindings/4.0/guice-multibindings-4.0.jar:/home/user/.m2/repository/com/google/inject/guice/4.0/guice-4.0.jar:/home/user/.m2/repository/aopalliance/aopalliance/1.0/aopalliance-1.0.jar:/home/user/.m2/repository/org/glassfish/jersey/containers/jersey-container-servlet/2.27/jersey-container-servlet-2.27.jar:/home/user/.m2/repository/org/glassfish/hk2/guice-bridge/2.5.0/guice-bridge-2.5.0.jar:/home/user/.m2/repository/org/glassfish/jersey/core/jersey-server/2.27/jersey-server-2.27.jar:/home/user/.m2/repository/org/glassfish/jersey/core/jersey-client/2.27/jersey-client-2.27.jar:/home/user/.m2/repository/org/glassfish/jersey/media/jersey-media-jaxb/2.27/jersey-media-jaxb-2.27.jar:/home/user/.m2/repository/javax/validation/validation-api/1.1.0.Final/validation-api-1.1.0.Final.jar:/home/user/.m2/repository/org/glassfish/jersey/media/jersey-media-json-jackson/2.27/jersey-media-json-jackson-2.27.jar:/home/user/.m2/repository/org/glassfish/jersey/ext/jersey-entity-filtering/2.27/jersey-entity-filtering-2.27.jar:/home/user/.m2/repository/com/google/inject/extensions/guice-assistedinject/4.0/guice-assistedinject-4.0.jar:/home/user/.m2/repository/org/jooq/jooq/3.11.10/jooq-3.11.10.jar:/home/user/.m2/repository/org/jooq/jooq-meta/3.11.10/jooq-meta-3.11.10.jar:/home/user/.m2/repository/org/jooq/jooq-codegen/3.11.10/jooq-codegen-3.11.10.jar:/home/user/.m2/repository/com/jolbox/bonecp/0.8.0.RELEASE/bonecp-0.8.0.RELEASE.jar:/home/user/.m2/repository/org/springframework/spring-jdbc/5.1.3.RELEASE/spring-jdbc-5.1.3.RELEASE.jar:/home/user/.m2/repository/org/springframework/spring-beans/5.1.3.RELEASE/spring-beans-5.1.3.RELEASE.jar:/home/user/.m2/repository/org/springframework/spring-core/5.1.3.RELEASE/spring-core-5.1.3.RELEASE.jar:/home/user/.m2/repository/org/springframework/spring-jcl/5.1.3.RELEASE/spring-jcl-5.1.3.RELEASE.jar:/home/user/.m2/repository/org/springframework/spring-tx/5.1.3.RELEASE/spring-tx-5.1.3.RELEASE.jar:/home/user/.m2/repository/org/mockito/mockito-all/1.10.19/mockito-all-1.10.19.jar:/home/user/.m2/repository/junit/junit/4.11/junit-4.11.jar:/home/user/.m2/repository/org/hamcrest/hamcrest-core/1.3/hamcrest-core-1.3.jar:/home/user/.m2/repository/org/apache/hadoop/hadoop-distcp/3.2.0/hadoop-distcp-3.2.0.jar:/home/user/.m2/repository/org/apache/hadoop/hadoop-distcp/3.2.0/hadoop-distcp-3.2.0-tests.jar:/home/user/.m2/repository/org/apache/hadoop/hadoop-mapreduce-client-jobclient/3.2.0/hadoop-mapreduce-client-jobclient-3.2.0.jar:/home/user/.m2/repository/org/apache/hadoop/hadoop-mapreduce-client-common/3.2.0/hadoop-mapreduce-client-common-3.2.0.jar:/home/user/.m2/repository/org/apache/hadoop/hadoop-yarn-common/3.2.0/hadoop-yarn-common-3.2.0.jar:/home/user/.m2/repository/org/apache/hadoop/hadoop-yarn-api/3.2.0/hadoop-yarn-api-3.2.0.jar:/home/user/.m2/repository/com/sun/jersey/jersey-client/1.19/jersey-client-1.19.jar:/home/user/.m2/repository/com/sun/jersey/contribs/jersey-guice/1.19/jersey-guice-1.19.jar:/home/user/.m2/repository/com/fasterxml/jackson/jaxrs/jackson-jaxrs-json-provider/2.9.9/jackson-jaxrs-json-provider-2.9.9.jar:/home/user/.m2/repository/com/fasterxml/jackson/jaxrs/jackson-jaxrs-base/2.9.9/jackson-jaxrs-base-2.9.9.jar:/home/user/.m2/repository/org/apache/hadoop/hadoop-yarn-client/3.2.0/hadoop-yarn-client-3.2.0.jar:/home/user/.m2/repository/org/apache/hadoop/hadoop-mapreduce-client-core/3.2.0/hadoop-mapreduce-client-core-3.2.0.jar:/home/user/.m2/repository/com/google/inject/extensions/guice-servlet/4.0/guice-servlet-4.0.jar:/home/user/.m2/repository/org/powermock/powermock-module-junit4/1.6.5/powermock-module-junit4-1.6.5.jar:/home/user/.m2/repository/org/powermock/powermock-module-junit4-common/1.6.5/powermock-module-junit4-common-1.6.5.jar:/home/user/.m2/repository/org/powermock/powermock-core/1.6.5/powermock-core-1.6.5.jar:/home/user/.m2/repository/org/powermock/powermock-reflect/1.6.5/powermock-reflect-1.6.5.jar:/home/user/.m2/repository/org/powermock/powermock-api-mockito/1.6.5/powermock-api-mockito-1.6.5.jar:/home/user/.m2/repository/org/mockito/mockito-core/1.10.19/mockito-core-1.10.19.jar:/home/user/.m2/repository/org/objenesis/objenesis/1.0/objenesis-1.0.jar:/home/user/.m2/repository/org/powermock/powermock-api-mockito-common/1.6.5/powermock-api-mockito-common-1.6.5.jar:/home/user/.m2/repository/org/powermock/powermock-api-support/1.6.5/powermock-api-support-1.6.5.jar:"/>
    <property name="sun.cpu.endian" value="little"/>
    <property name="user.home" value="/home/user"/>
    <property name="user.language" value="en"/>
    <property name="java.specification.vendor" value="Oracle Corporation"/>
    <property name="java.home" value="/usr/lib/jvm/java-1.8-openjdk/jre"/>
    <property name="java.security.krb5.conf" value="/workdir/hadoop-ozone/ozonefs/target/test-classes/krb5.conf"/>
    <property name="basedir" value="/workdir/hadoop-ozone/ozonefs"/>
    <property name="file.separator" value="/"/>
    <property name="line.separator" value="&#10;"/>
    <property name="java.vm.specification.vendor" value="Oracle Corporation"/>
    <property name="java.specification.name" value="Java Platform API Specification"/>
    <property name="java.awt.graphicsenv" value="sun.awt.X11GraphicsEnvironment"/>
    <property name="surefire.real.class.path" value="/workdir/hadoop-ozone/ozonefs/target/surefire/surefirebooter5538787982706950575.jar"/>
    <property name="hadoop.log.dir" value="/workdir/hadoop-ozone/ozonefs/target/log"/>
    <property name="sun.boot.class.path" value="/usr/lib/jvm/java-1.8-openjdk/jre/lib/resources.jar:/usr/lib/jvm/java-1.8-openjdk/jre/lib/rt.jar:/usr/lib/jvm/java-1.8-openjdk/jre/lib/sunrsasign.jar:/usr/lib/jvm/java-1.8-openjdk/jre/lib/jsse.jar:/usr/lib/jvm/java-1.8-openjdk/jre/lib/jce.jar:/usr/lib/jvm/java-1.8-openjdk/jre/lib/charsets.jar:/usr/lib/jvm/java-1.8-openjdk/jre/lib/jfr.jar:/usr/lib/jvm/java-1.8-openjdk/jre/classes"/>
    <property name="sun.management.compiler" value="HotSpot 64-Bit Tiered Compilers"/>
    <property name="java.runtime.version" value="1.8.0_212-b04"/>
    <property name="java.net.preferIPv4Stack" value="true"/>
    <property name="user.name" value="jenkins1000"/>
    <property name="path.separator" value=":"/>
    <property name="java.security.egd" value="file:///dev/urandom"/>
    <property name="os.version" value="3.10.0-957.12.2.el7.x86_64"/>
    <property name="java.endorsed.dirs" value="/usr/lib/jvm/java-1.8-openjdk/jre/lib/endorsed"/>
    <property name="java.runtime.name" value="OpenJDK Runtime Environment"/>
    <property name="file.encoding" value="UTF-8"/>
    <property name="java.vm.name" value="OpenJDK 64-Bit Server VM"/>
    <property name="test.build.webapps" value=""/>
    <property name="localRepository" value="/home/user/.m2/repository"/>
    <property name="java.vendor.url.bug" value="https://icedtea.classpath.org/bugzilla"/>
    <property name="java.io.tmpdir" value="/tmp"/>
    <property name="require.test.libhadoop" value=""/>
    <property name="java.version" value="1.8.0_212"/>
    <property name="user.dir" value="/workdir/hadoop-ozone/ozonefs"/>
    <property name="os.arch" value="amd64"/>
    <property name="java.vm.specification.name" value="Java Virtual Machine Specification"/>
    <property name="test.build.classes" value="/workdir/hadoop-ozone/ozonefs/target/test-classes"/>
    <property name="java.awt.printerjob" value="sun.print.PSPrinterJob"/>
    <property name="sun.os.patch.level" value="unknown"/>
    <property name="hadoop.tmp.dir" value="/workdir/hadoop-ozone/ozonefs/target/tmp"/>
    <property name="java.library.path" value="/usr/lib/jvm/java-1.8-openjdk/jre/lib/amd64/server:/usr/lib/jvm/java-1.8-openjdk/jre/lib/amd64:/usr/lib/jvm/java-1.8-openjdk/jre/../lib/amd64:/workdir/hadoop-ozone/ozonefs/target/native/target/usr/local/lib:/workdir/hadoop-ozone/ozonefs/../../hadoop-common-project/hadoop-common/target/native/target/usr/local/lib:/usr/java/packages/lib/amd64:/usr/lib64:/lib64:/lib:/usr/lib"/>
    <property name="java.vm.info" value="mixed mode"/>
    <property name="java.vendor" value="IcedTea"/>
    <property name="java.vm.version" value="25.212-b04"/>
    <property name="java.ext.dirs" value="/usr/lib/jvm/java-1.8-openjdk/jre/lib/ext:/usr/java/packages/lib/ext"/>
    <property name="sun.io.unicode.encoding" value="UnicodeLittle"/>
    <property name="java.class.version" value="52.0"/>
  </properties>
  <testcase name="org.apache.hadoop.fs.ozone.TestOzoneFSInputStream" classname="org.apache.hadoop.fs.ozone.TestOzoneFSInputStream" time="121.754">
    <error message="Connection refused" type="java.net.ConnectException"><![CDATA[java.net.ConnectException: Connection refused
	at sun.nio.ch.SocketChannelImpl.checkConnect(Native Method)
	at sun.nio.ch.SocketChannelImpl.finishConnect(SocketChannelImpl.java:717)
	at org.apache.hadoop.net.SocketIOWithTimeout.connect(SocketIOWithTimeout.java:206)
	at org.apache.hadoop.net.NetUtils.connect(NetUtils.java:531)
	at org.apache.hadoop.ipc.Client$Connection.setupConnection(Client.java:690)
	at org.apache.hadoop.ipc.Client$Connection.setupIOstreams(Client.java:794)
	at org.apache.hadoop.ipc.Client$Connection.access$3700(Client.java:411)
	at org.apache.hadoop.ipc.Client.getConnection(Client.java:1572)
	at org.apache.hadoop.ipc.Client.call(Client.java:1403)
	at org.apache.hadoop.ipc.Client.call(Client.java:1367)
	at org.apache.hadoop.ipc.ProtobufRpcEngine$Invoker.invoke(ProtobufRpcEngine.java:228)
	at org.apache.hadoop.ipc.ProtobufRpcEngine$Invoker.invoke(ProtobufRpcEngine.java:116)
	at com.sun.proxy.$Proxy36.submitRequest(Unknown Source)
	at sun.reflect.NativeMethodAccessorImpl.invoke0(Native Method)
	at sun.reflect.NativeMethodAccessorImpl.invoke(NativeMethodAccessorImpl.java:62)
	at sun.reflect.DelegatingMethodAccessorImpl.invoke(DelegatingMethodAccessorImpl.java:43)
	at java.lang.reflect.Method.invoke(Method.java:498)
	at org.apache.hadoop.io.retry.RetryInvocationHandler.invokeMethod(RetryInvocationHandler.java:422)
	at org.apache.hadoop.io.retry.RetryInvocationHandler$Call.invokeMethod(RetryInvocationHandler.java:165)
	at org.apache.hadoop.io.retry.RetryInvocationHandler$Call.invoke(RetryInvocationHandler.java:157)
	at org.apache.hadoop.io.retry.RetryInvocationHandler$Call.invokeOnce(RetryInvocationHandler.java:95)
	at org.apache.hadoop.io.retry.RetryInvocationHandler.invoke(RetryInvocationHandler.java:359)
	at com.sun.proxy.$Proxy36.submitRequest(Unknown Source)
	at org.apache.hadoop.ozone.om.protocolPB.OzoneManagerProtocolClientSideTranslatorPB.submitRequest(OzoneManagerProtocolClientSideTranslatorPB.java:338)
	at org.apache.hadoop.ozone.om.protocolPB.OzoneManagerProtocolClientSideTranslatorPB.getServiceInfo(OzoneManagerProtocolClientSideTranslatorPB.java:1223)
	at sun.reflect.NativeMethodAccessorImpl.invoke0(Native Method)
	at sun.reflect.NativeMethodAccessorImpl.invoke(NativeMethodAccessorImpl.java:62)
	at sun.reflect.DelegatingMethodAccessorImpl.invoke(DelegatingMethodAccessorImpl.java:43)
	at java.lang.reflect.Method.invoke(Method.java:498)
	at org.apache.hadoop.hdds.tracing.TraceAllMethod.invoke(TraceAllMethod.java:66)
	at com.sun.proxy.$Proxy37.getServiceInfo(Unknown Source)
	at org.apache.hadoop.ozone.client.rpc.RpcClient.<init>(RpcClient.java:154)
	at org.apache.hadoop.ozone.client.OzoneClientFactory.getClientProtocol(OzoneClientFactory.java:256)
	at org.apache.hadoop.ozone.client.OzoneClientFactory.getClientProtocol(OzoneClientFactory.java:239)
	at org.apache.hadoop.ozone.client.OzoneClientFactory.getClient(OzoneClientFactory.java:75)
	at org.apache.hadoop.ozone.MiniOzoneClusterImpl.getClient(MiniOzoneClusterImpl.java:212)
	at org.apache.hadoop.ozone.TestDataUtil.createVolumeAndBucket(TestDataUtil.java:51)
	at org.apache.hadoop.ozone.TestDataUtil.createVolumeAndBucket(TestDataUtil.java:93)
	at org.apache.hadoop.fs.ozone.TestOzoneFSInputStream.init(TestOzoneFSInputStream.java:72)
	at sun.reflect.NativeMethodAccessorImpl.invoke0(Native Method)
	at sun.reflect.NativeMethodAccessorImpl.invoke(NativeMethodAccessorImpl.java:62)
	at sun.reflect.DelegatingMethodAccessorImpl.invoke(DelegatingMethodAccessorImpl.java:43)
	at java.lang.reflect.Method.invoke(Method.java:498)
	at org.junit.runners.model.FrameworkMethod$1.runReflectiveCall(FrameworkMethod.java:47)
	at org.junit.internal.runners.model.ReflectiveCallable.run(ReflectiveCallable.java:12)
	at org.junit.runners.model.FrameworkMethod.invokeExplosively(FrameworkMethod.java:44)
	at org.junit.internal.runners.statements.RunBefores.evaluate(RunBefores.java:24)
	at org.junit.internal.runners.statements.RunAfters.evaluate(RunAfters.java:27)
	at org.junit.runners.ParentRunner.run(ParentRunner.java:309)
	at org.apache.maven.surefire.junit4.JUnit4Provider.execute(JUnit4Provider.java:365)
	at org.apache.maven.surefire.junit4.JUnit4Provider.executeWithRerun(JUnit4Provider.java:273)
	at org.apache.maven.surefire.junit4.JUnit4Provider.executeTestSet(JUnit4Provider.java:238)
	at org.apache.maven.surefire.junit4.JUnit4Provider.invoke(JUnit4Provider.java:159)
	at org.apache.maven.surefire.booter.ForkedBooter.invokeProviderInSameClassLoader(ForkedBooter.java:384)
	at org.apache.maven.surefire.booter.ForkedBooter.runSuitesInProcess(ForkedBooter.java:345)
	at org.apache.maven.surefire.booter.ForkedBooter.execute(ForkedBooter.java:126)
	at org.apache.maven.surefire.booter.ForkedBooter.main(ForkedBooter.java:418)
]]></error>
    <system-out><![CDATA[2019-09-28 05:20:01,050 [main] WARN  server.ServerUtils (ServerUtils.java:getScmDbDir(145)) - ozone.scm.db.dirs is not configured. We recommend adding this setting. Falling back to ozone.metadata.dirs instead.
2019-09-28 05:20:01,146 [main] WARN  server.ServerUtils (ServerUtils.java:getScmDbDir(145)) - ozone.scm.db.dirs is not configured. We recommend adding this setting. Falling back to ozone.metadata.dirs instead.
2019-09-28 05:20:01,149 [main] WARN  server.ServerUtils (ServerUtils.java:getScmDbDir(145)) - ozone.scm.db.dirs is not configured. We recommend adding this setting. Falling back to ozone.metadata.dirs instead.
2019-09-28 05:20:01,166 [main] INFO  util.log (Log.java:initialized(192)) - Logging initialized @887ms
2019-09-28 05:20:01,266 [main] INFO  db.DBStoreBuilder (DBStoreBuilder.java:addTable(110)) - using custom profile for table: deletedBlocks
2019-09-28 05:20:01,267 [main] INFO  db.DBStoreBuilder (DBStoreBuilder.java:processTables(161)) - Using default column profile:DBProfile.DISK for Table:deletedBlocks
2019-09-28 05:20:01,267 [main] INFO  db.DBStoreBuilder (DBStoreBuilder.java:addTable(110)) - using custom profile for table: validCerts
2019-09-28 05:20:01,267 [main] INFO  db.DBStoreBuilder (DBStoreBuilder.java:processTables(161)) - Using default column profile:DBProfile.DISK for Table:validCerts
2019-09-28 05:20:01,268 [main] INFO  db.DBStoreBuilder (DBStoreBuilder.java:addTable(110)) - using custom profile for table: revokedCerts
2019-09-28 05:20:01,268 [main] INFO  db.DBStoreBuilder (DBStoreBuilder.java:processTables(161)) - Using default column profile:DBProfile.DISK for Table:revokedCerts
2019-09-28 05:20:01,280 [main] INFO  db.DBStoreBuilder (DBStoreBuilder.java:addTable(110)) - using custom profile for table: default
2019-09-28 05:20:01,280 [main] INFO  db.DBStoreBuilder (DBStoreBuilder.java:processTables(167)) - Using default column profile:DBProfile.DISK for Table:default
2019-09-28 05:20:01,281 [main] INFO  db.DBStoreBuilder (DBStoreBuilder.java:getDbProfile(198)) - Using default options. DBProfile.DISK
2019-09-28 05:20:01,591 [main] INFO  net.NodeSchemaLoader (NodeSchemaLoader.java:loadSchemaFromFile(125)) - Loading file from sun.misc.CompoundEnumeration@30c15d8b
2019-09-28 05:20:01,593 [main] INFO  net.NodeSchemaLoader (NodeSchemaLoader.java:loadSchema(171)) - Loading network topology layer schema file
2019-09-28 05:20:01,666 [main] WARN  server.ServerUtils (ServerUtils.java:sanitizeUserArgs(70)) - ozone.scm.stale.node.interval value = 300000 is larger than max = 100000 based on the key value of ozone.scm.heartbeat.thread.interval, reset to the max value 100000.
2019-09-28 05:20:01,668 [main] WARN  server.ServerUtils (ServerUtils.java:sanitizeUserArgs(70)) - ozone.scm.stale.node.interval value = 300000 is larger than max = 100000 based on the key value of ozone.scm.heartbeat.thread.interval, reset to the max value 100000.
2019-09-28 05:20:01,671 [main] INFO  node.SCMNodeManager (SCMNodeManager.java:<init>(114)) - Entering startup safe mode.
2019-09-28 05:20:01,804 [main] INFO  algorithms.ContainerPlacementPolicyFactory (ContainerPlacementPolicyFactory.java:getPolicy(57)) - Create container placement policy of type org.apache.hadoop.hdds.scm.container.placement.algorithms.SCMContainerPlacementRandom
2019-09-28 05:20:01,820 [main] WARN  server.ServerUtils (ServerUtils.java:getScmDbDir(145)) - ozone.scm.db.dirs is not configured. We recommend adding this setting. Falling back to ozone.metadata.dirs instead.
2019-09-28 05:20:02,277 [main] INFO  pipeline.SCMPipelineManager (SCMPipelineManager.java:initializePipelineState(132)) - No pipeline exists in current db
2019-09-28 05:20:02,280 [main] WARN  server.ServerUtils (ServerUtils.java:getScmDbDir(145)) - ozone.scm.db.dirs is not configured. We recommend adding this setting. Falling back to ozone.metadata.dirs instead.
2019-09-28 05:20:02,424 [main] WARN  events.EventQueue (EventQueue.java:fireEvent(183)) - No event handler registered for event TypedEvent{payloadType=SafeModeStatus, name='SafeModeStatus'}
2019-09-28 05:20:02,830 [main] INFO  ipc.CallQueueManager (CallQueueManager.java:<init>(84)) - Using callQueue: class java.util.concurrent.LinkedBlockingQueue, queueCapacity: 2000, scheduler: class org.apache.hadoop.ipc.DefaultRpcScheduler, ipcBackoff: false.
2019-09-28 05:20:02,987 [Socket Reader #1 for port 38445] INFO  ipc.Server (Server.java:run(1074)) - Starting Socket Reader #1 for port 38445
2019-09-28 05:20:03,024 [main] INFO  ipc.CallQueueManager (CallQueueManager.java:<init>(84)) - Using callQueue: class java.util.concurrent.LinkedBlockingQueue, queueCapacity: 2000, scheduler: class org.apache.hadoop.ipc.DefaultRpcScheduler, ipcBackoff: false.
2019-09-28 05:20:03,025 [Socket Reader #1 for port 44449] INFO  ipc.Server (Server.java:run(1074)) - Starting Socket Reader #1 for port 44449
2019-09-28 05:20:03,036 [main] INFO  ipc.CallQueueManager (CallQueueManager.java:<init>(84)) - Using callQueue: class java.util.concurrent.LinkedBlockingQueue, queueCapacity: 2000, scheduler: class org.apache.hadoop.ipc.DefaultRpcScheduler, ipcBackoff: false.
2019-09-28 05:20:03,036 [Socket Reader #1 for port 35341] INFO  ipc.Server (Server.java:run(1074)) - Starting Socket Reader #1 for port 35341
2019-09-28 05:20:03,060 [main] INFO  hdfs.DFSUtil (DFSUtil.java:httpServerTemplateForNNAndJN(1641)) - Starting Web-server for scm at: http://0.0.0.0:0
2019-09-28 05:20:03,170 [main] INFO  server.AuthenticationFilter (AuthenticationFilter.java:constructSecretProvider(240)) - Unable to initialize FileSignerSecretProvider, falling back to use random secrets.
2019-09-28 05:20:03,184 [main] WARN  http.HttpRequestLog (HttpRequestLog.java:getRequestLog(97)) - Jetty request log can only be enabled using Log4j
2019-09-28 05:20:03,193 [main] INFO  http.HttpServer2 (HttpServer2.java:addGlobalFilter(975)) - Added global filter 'safety' (class=org.apache.hadoop.http.HttpServer2$QuotingInputFilter)
2019-09-28 05:20:03,195 [main] INFO  http.HttpServer2 (HttpServer2.java:addFilter(948)) - Added filter static_user_filter (class=org.apache.hadoop.http.lib.StaticUserWebFilter$StaticUserFilter) to context scm
2019-09-28 05:20:03,196 [main] INFO  http.HttpServer2 (HttpServer2.java:addFilter(958)) - Added filter static_user_filter (class=org.apache.hadoop.http.lib.StaticUserWebFilter$StaticUserFilter) to context static
2019-09-28 05:20:03,196 [main] INFO  http.HttpServer2 (HttpServer2.java:addFilter(958)) - Added filter static_user_filter (class=org.apache.hadoop.http.lib.StaticUserWebFilter$StaticUserFilter) to context logs
2019-09-28 05:20:03,219 [main] INFO  server.StorageContainerManager (StorageContainerManager.java:start(770)) - StorageContainerLocationProtocol RPC server is listening at /0.0.0.0:35341
2019-09-28 05:20:03,263 [main] WARN  impl.MetricsConfig (MetricsConfig.java:loadFirst(134)) - Cannot locate configuration: tried hadoop-metrics2-storagecontainermanager.properties,hadoop-metrics2.properties
2019-09-28 05:20:03,275 [main] INFO  impl.MetricsSystemImpl (MetricsSystemImpl.java:startTimer(374)) - Scheduled Metric snapshot period at 10 second(s).
2019-09-28 05:20:03,275 [main] INFO  impl.MetricsSystemImpl (MetricsSystemImpl.java:start(191)) - StorageContainerManager metrics system started
2019-09-28 05:20:03,465 [main] INFO  server.SCMClientProtocolServer (SCMClientProtocolServer.java:start(150)) - RPC server for Client  is listening at /0.0.0.0:35341
2019-09-28 05:20:03,466 [IPC Server Responder] INFO  ipc.Server (Server.java:run(1314)) - IPC Server Responder: starting
2019-09-28 05:20:03,466 [IPC Server listener on 35341] INFO  ipc.Server (Server.java:run(1153)) - IPC Server listener on 35341: starting
2019-09-28 05:20:03,469 [main] INFO  server.StorageContainerManager (StorageContainerManager.java:start(780)) - ScmBlockLocationProtocol RPC server is listening at /0.0.0.0:44449
2019-09-28 05:20:03,470 [main] INFO  server.SCMBlockProtocolServer (SCMBlockProtocolServer.java:start(146)) - RPC server for Block Protocol is listening at /0.0.0.0:44449
2019-09-28 05:20:03,470 [IPC Server Responder] INFO  ipc.Server (Server.java:run(1314)) - IPC Server Responder: starting
2019-09-28 05:20:03,470 [IPC Server listener on 44449] INFO  ipc.Server (Server.java:run(1153)) - IPC Server listener on 44449: starting
2019-09-28 05:20:03,472 [main] INFO  server.StorageContainerManager (StorageContainerManager.java:start(784)) - ScmDatanodeProtocl RPC server is listening at /0.0.0.0:38445
2019-09-28 05:20:03,473 [main] INFO  server.SCMDatanodeProtocolServer (SCMDatanodeProtocolServer.java:start(191)) - RPC server for DataNodes is listening at /0.0.0.0:38445
2019-09-28 05:20:03,473 [IPC Server Responder] INFO  ipc.Server (Server.java:run(1314)) - IPC Server Responder: starting
2019-09-28 05:20:03,473 [IPC Server listener on 38445] INFO  ipc.Server (Server.java:run(1153)) - IPC Server listener on 38445: starting
2019-09-28 05:20:03,477 [main] INFO  http.HttpServer2 (HttpServer2.java:bindListener(1191)) - Jetty bound to port 36863
2019-09-28 05:20:03,478 [main] INFO  server.Server (Server.java:doStart(351)) - jetty-9.3.25.v20180904, build timestamp: 2018-09-04T21:11:46Z, git hash: 3ce520221d0240229c862b122d2b06c12a625732
2019-09-28 05:20:03,508 [main] INFO  handler.ContextHandler (ContextHandler.java:doStart(781)) - Started o.e.j.s.ServletContextHandler@6c5945a7{/logs,file:///workdir/hadoop-ozone/ozonefs/target/log,AVAILABLE}
2019-09-28 05:20:03,508 [main] INFO  handler.ContextHandler (ContextHandler.java:doStart(781)) - Started o.e.j.s.ServletContextHandler@7ac2e39b{/static,jar:file:/home/user/.m2/repository/org/apache/hadoop/hadoop-hdds-server-scm/0.5.0-SNAPSHOT/hadoop-hdds-server-scm-0.5.0-SNAPSHOT.jar!/webapps/static,AVAILABLE}
2019-09-28 05:20:03,567 [main] INFO  handler.ContextHandler (ContextHandler.java:doStart(781)) - Started o.e.j.w.WebAppContext@51768776{/,file:///tmp/jetty-0.0.0.0-36863-scm-_-any-190061558404592422.dir/webapp/,AVAILABLE}{/scm}
2019-09-28 05:20:03,571 [main] INFO  server.AbstractConnector (AbstractConnector.java:doStart(278)) - Started ServerConnector@30b34287{HTTP/1.1,[http/1.1]}{0.0.0.0:36863}
2019-09-28 05:20:03,571 [main] INFO  server.Server (Server.java:doStart(419)) - Started @3292ms
2019-09-28 05:20:03,573 [main] INFO  impl.MetricsSinkAdapter (MetricsSinkAdapter.java:start(204)) - Sink prometheus started
2019-09-28 05:20:03,573 [main] INFO  impl.MetricsSystemImpl (MetricsSystemImpl.java:registerSink(301)) - Registered sink prometheus
2019-09-28 05:20:03,574 [main] INFO  server.BaseHttpServer (BaseHttpServer.java:updateConnectorAddress(215)) - HTTP server of SCM is listening at http://0.0.0.0:36863
2019-09-28 05:20:03,580 [org.apache.hadoop.util.JvmPauseMonitor$Monitor@13579834] INFO  util.JvmPauseMonitor (JvmPauseMonitor.java:run(188)) - Starting JVM pause monitor
2019-09-28 05:20:03,584 [main] WARN  server.ServerUtils (ServerUtils.java:getDBPath(222)) - ozone.om.db.dirs is not configured. We recommend adding this setting. Falling back to ozone.metadata.dirs instead.
2019-09-28 05:20:03,668 [main] INFO  ha.OMHANodeDetails (OMHANodeDetails.java:loadOMHAConfig(190)) - Configuration either no ozone.om.address set. Falling back to the default OM address /127.0.0.1:0
2019-09-28 05:20:03,668 [main] INFO  ha.OMHANodeDetails (OMHANodeDetails.java:getOMNodeDetails(220)) - OM Service ID is not set. Setting it to the default ID: omServiceIdDefault
2019-09-28 05:20:03,670 [main] WARN  server.ServerUtils (ServerUtils.java:getDBPath(222)) - ozone.om.db.dirs is not configured. We recommend adding this setting. Falling back to ozone.metadata.dirs instead.
2019-09-28 05:20:03,670 [main] WARN  server.ServerUtils (ServerUtils.java:getDBPath(222)) - ozone.om.db.dirs is not configured. We recommend adding this setting. Falling back to ozone.metadata.dirs instead.
2019-09-28 05:20:04,270 [main] WARN  server.ServerUtils (ServerUtils.java:getDBPath(222)) - ozone.om.db.dirs is not configured. We recommend adding this setting. Falling back to ozone.metadata.dirs instead.
2019-09-28 05:20:04,278 [main] INFO  db.DBStoreBuilder (DBStoreBuilder.java:addTable(110)) - using custom profile for table: userTable
2019-09-28 05:20:04,278 [main] INFO  db.DBStoreBuilder (DBStoreBuilder.java:processTables(161)) - Using default column profile:DBProfile.DISK for Table:userTable
2019-09-28 05:20:04,279 [main] INFO  db.DBStoreBuilder (DBStoreBuilder.java:addTable(110)) - using custom profile for table: volumeTable
2019-09-28 05:20:04,279 [main] INFO  db.DBStoreBuilder (DBStoreBuilder.java:processTables(161)) - Using default column profile:DBProfile.DISK for Table:volumeTable
2019-09-28 05:20:04,279 [main] INFO  db.DBStoreBuilder (DBStoreBuilder.java:addTable(110)) - using custom profile for table: bucketTable
2019-09-28 05:20:04,279 [main] INFO  db.DBStoreBuilder (DBStoreBuilder.java:processTables(161)) - Using default column profile:DBProfile.DISK for Table:bucketTable
2019-09-28 05:20:04,280 [main] INFO  db.DBStoreBuilder (DBStoreBuilder.java:addTable(110)) - using custom profile for table: keyTable
2019-09-28 05:20:04,280 [main] INFO  db.DBStoreBuilder (DBStoreBuilder.java:processTables(161)) - Using default column profile:DBProfile.DISK for Table:keyTable
2019-09-28 05:20:04,280 [main] INFO  db.DBStoreBuilder (DBStoreBuilder.java:addTable(110)) - using custom profile for table: deletedTable
2019-09-28 05:20:04,280 [main] INFO  db.DBStoreBuilder (DBStoreBuilder.java:processTables(161)) - Using default column profile:DBProfile.DISK for Table:deletedTable
2019-09-28 05:20:04,280 [main] INFO  db.DBStoreBuilder (DBStoreBuilder.java:addTable(110)) - using custom profile for table: openKeyTable
2019-09-28 05:20:04,280 [main] INFO  db.DBStoreBuilder (DBStoreBuilder.java:processTables(161)) - Using default column profile:DBProfile.DISK for Table:openKeyTable
2019-09-28 05:20:04,281 [main] INFO  db.DBStoreBuilder (DBStoreBuilder.java:addTable(110)) - using custom profile for table: s3Table
2019-09-28 05:20:04,281 [main] INFO  db.DBStoreBuilder (DBStoreBuilder.java:processTables(161)) - Using default column profile:DBProfile.DISK for Table:s3Table
2019-09-28 05:20:04,281 [main] INFO  db.DBStoreBuilder (DBStoreBuilder.java:addTable(110)) - using custom profile for table: multipartInfoTable
2019-09-28 05:20:04,281 [main] INFO  db.DBStoreBuilder (DBStoreBuilder.java:processTables(161)) - Using default column profile:DBProfile.DISK for Table:multipartInfoTable
2019-09-28 05:20:04,282 [main] INFO  db.DBStoreBuilder (DBStoreBuilder.java:addTable(110)) - using custom profile for table: dTokenTable
2019-09-28 05:20:04,282 [main] INFO  db.DBStoreBuilder (DBStoreBuilder.java:processTables(161)) - Using default column profile:DBProfile.DISK for Table:dTokenTable
2019-09-28 05:20:04,282 [main] INFO  db.DBStoreBuilder (DBStoreBuilder.java:addTable(110)) - using custom profile for table: s3SecretTable
2019-09-28 05:20:04,282 [main] INFO  db.DBStoreBuilder (DBStoreBuilder.java:processTables(161)) - Using default column profile:DBProfile.DISK for Table:s3SecretTable
2019-09-28 05:20:04,283 [main] INFO  db.DBStoreBuilder (DBStoreBuilder.java:addTable(110)) - using custom profile for table: prefixTable
2019-09-28 05:20:04,283 [main] INFO  db.DBStoreBuilder (DBStoreBuilder.java:processTables(161)) - Using default column profile:DBProfile.DISK for Table:prefixTable
2019-09-28 05:20:04,283 [main] INFO  db.DBStoreBuilder (DBStoreBuilder.java:addTable(110)) - using custom profile for table: default
2019-09-28 05:20:04,283 [main] INFO  db.DBStoreBuilder (DBStoreBuilder.java:processTables(167)) - Using default column profile:DBProfile.DISK for Table:default
2019-09-28 05:20:04,283 [main] INFO  db.DBStoreBuilder (DBStoreBuilder.java:getDbProfile(198)) - Using default options. DBProfile.DISK
2019-09-28 05:20:04,949 [main] INFO  ipc.CallQueueManager (CallQueueManager.java:<init>(84)) - Using callQueue: class java.util.concurrent.LinkedBlockingQueue, queueCapacity: 2000, scheduler: class org.apache.hadoop.ipc.DefaultRpcScheduler, ipcBackoff: false.
2019-09-28 05:20:04,950 [Socket Reader #1 for port 40178] INFO  ipc.Server (Server.java:run(1074)) - Starting Socket Reader #1 for port 40178
2019-09-28 05:20:04,977 [main] INFO  om.OzoneManager (OzoneManager.java:start(1069)) - OzoneManager RPC server is listening at localhost/127.0.0.1:40178
2019-09-28 05:20:04,977 [main] INFO  impl.MetricsSystemImpl (MetricsSystemImpl.java:init(158)) - OzoneManager metrics system started (again)
2019-09-28 05:20:04,978 [IPC Server Responder] INFO  ipc.Server (Server.java:run(1314)) - IPC Server Responder: starting
2019-09-28 05:20:04,979 [IPC Server listener on 40178] INFO  ipc.Server (Server.java:run(1153)) - IPC Server listener on 40178: starting
2019-09-28 05:20:04,984 [main] INFO  hdfs.DFSUtil (DFSUtil.java:httpServerTemplateForNNAndJN(1641)) - Starting Web-server for ozoneManager at: http://0.0.0.0:0
2019-09-28 05:20:04,987 [main] INFO  server.AuthenticationFilter (AuthenticationFilter.java:constructSecretProvider(240)) - Unable to initialize FileSignerSecretProvider, falling back to use random secrets.
2019-09-28 05:20:04,988 [main] WARN  http.HttpRequestLog (HttpRequestLog.java:getRequestLog(97)) - Jetty request log can only be enabled using Log4j
2019-09-28 05:20:04,992 [main] INFO  http.HttpServer2 (HttpServer2.java:addGlobalFilter(975)) - Added global filter 'safety' (class=org.apache.hadoop.http.HttpServer2$QuotingInputFilter)
2019-09-28 05:20:04,994 [main] INFO  http.HttpServer2 (HttpServer2.java:addFilter(948)) - Added filter static_user_filter (class=org.apache.hadoop.http.lib.StaticUserWebFilter$StaticUserFilter) to context ozoneManager
2019-09-28 05:20:04,994 [main] INFO  http.HttpServer2 (HttpServer2.java:addFilter(958)) - Added filter static_user_filter (class=org.apache.hadoop.http.lib.StaticUserWebFilter$StaticUserFilter) to context static
2019-09-28 05:20:04,995 [main] INFO  http.HttpServer2 (HttpServer2.java:addFilter(958)) - Added filter static_user_filter (class=org.apache.hadoop.http.lib.StaticUserWebFilter$StaticUserFilter) to context logs
2019-09-28 05:20:04,998 [main] INFO  http.HttpServer2 (HttpServer2.java:bindListener(1191)) - Jetty bound to port 35494
2019-09-28 05:20:04,998 [main] INFO  server.Server (Server.java:doStart(351)) - jetty-9.3.25.v20180904, build timestamp: 2018-09-04T21:11:46Z, git hash: 3ce520221d0240229c862b122d2b06c12a625732
2019-09-28 05:20:05,001 [main] INFO  handler.ContextHandler (ContextHandler.java:doStart(781)) - Started o.e.j.s.ServletContextHandler@6e1f8469{/logs,file:///workdir/hadoop-ozone/ozonefs/target/log,AVAILABLE}
2019-09-28 05:20:05,002 [main] INFO  handler.ContextHandler (ContextHandler.java:doStart(781)) - Started o.e.j.s.ServletContextHandler@3b6c624{/static,jar:file:/home/user/.m2/repository/org/apache/hadoop/hadoop-ozone-ozone-manager/0.5.0-SNAPSHOT/hadoop-ozone-ozone-manager-0.5.0-SNAPSHOT.jar!/webapps/static,AVAILABLE}
2019-09-28 05:20:05,068 [main] INFO  handler.ContextHandler (ContextHandler.java:doStart(781)) - Started o.e.j.w.WebAppContext@78e89bfe{/,file:///tmp/jetty-0.0.0.0-35494-ozoneManager-_-any-6853031329860620494.dir/webapp/,AVAILABLE}{/ozoneManager}
2019-09-28 05:20:05,069 [main] INFO  server.AbstractConnector (AbstractConnector.java:doStart(278)) - Started ServerConnector@652ce654{HTTP/1.1,[http/1.1]}{0.0.0.0:35494}
2019-09-28 05:20:05,070 [main] INFO  server.Server (Server.java:doStart(419)) - Started @4791ms
2019-09-28 05:20:05,070 [main] WARN  impl.MetricsSystemImpl (MetricsSystemImpl.java:register(276)) - Sink prometheus already exists!
2019-09-28 05:20:05,071 [main] INFO  server.BaseHttpServer (BaseHttpServer.java:updateConnectorAddress(215)) - HTTP server of OZONEMANAGER is listening at http://0.0.0.0:35494
2019-09-28 05:20:05,412 [main] INFO  impl.MetricsSystemImpl (MetricsSystemImpl.java:init(158)) - HddsDatanode metrics system started (again)
2019-09-28 05:20:05,468 [main] INFO  ozone.HddsDatanodeService (HddsDatanodeService.java:start(184)) - HddsDatanodeService host:pr-hdds-2162-8g7kw-3348123894 ip:192.168.151.82
2019-09-28 05:20:05,503 [main] INFO  volume.HddsVolume (HddsVolume.java:<init>(176)) - Creating Volume: /workdir/hadoop-ozone/ozonefs/target/test-dir/MiniOzoneClusterImpl-e9b0d3cb-1d9a-4496-a942-908b9fc97c2b/datanode-0/data/containers/hdds of  storage type : DISK and capacity : 1482555576320
2019-09-28 05:20:05,505 [main] INFO  volume.VolumeSet (VolumeSet.java:initializeVolumeSet(170)) - Added Volume : /workdir/hadoop-ozone/ozonefs/target/test-dir/MiniOzoneClusterImpl-e9b0d3cb-1d9a-4496-a942-908b9fc97c2b/datanode-0/data/containers/hdds to VolumeSet
2019-09-28 05:20:05,508 [main] INFO  volume.ThrottledAsyncChecker (ThrottledAsyncChecker.java:schedule(139)) - Scheduling a check for org.apache.hadoop.ozone.container.common.volume.HddsVolume@b965857
2019-09-28 05:20:05,525 [main] INFO  volume.HddsVolumeChecker (HddsVolumeChecker.java:checkAllVolumes(202)) - Scheduled health check for volume org.apache.hadoop.ozone.container.common.volume.HddsVolume@b965857
2019-09-28 05:20:05,637 [main] INFO  impl.RaftServerProxy (ConfUtils.java:logGet(43)) - raft.rpc.type = GRPC (default)
2019-09-28 05:20:05,709 [main] INFO  grpc.GrpcFactory (GrpcFactory.java:checkPooledByteBufAllocatorUseCacheForAllThreads(45)) - PERFORMANCE WARNING: useCacheForAllThreads is true that may cause Netty to create a lot garbage objects and, as a result, trigger GC.
	It is recommended to disable useCacheForAllThreads by setting -Dorg.apache.ratis.thirdparty.io.netty.allocator.useCacheForAllThreads=false in command line.
2019-09-28 05:20:05,714 [main] INFO  grpc.GrpcConfigKeys$Server (ConfUtils.java:logGet(43)) - raft.grpc.server.port = 0 (default)
2019-09-28 05:20:05,715 [main] INFO  server.GrpcService (ConfUtils.java:logGet(43)) - raft.grpc.message.size.max = 33570816 (custom)
2019-09-28 05:20:05,716 [main] INFO  server.RaftServerConfigKeys (ConfUtils.java:logGet(43)) - raft.server.log.appender.buffer.byte-limit = 33554432 (custom)
2019-09-28 05:20:05,717 [main] INFO  server.GrpcService (ConfUtils.java:logGet(43)) - raft.grpc.flow.control.window = 1MB (=1048576) (default)
2019-09-28 05:20:05,718 [main] INFO  server.RaftServerConfigKeys (ConfUtils.java:logGet(43)) - raft.server.rpc.request.timeout = 3000ms (default)
2019-09-28 05:20:05,897 [main] INFO  server.RaftServerConfigKeys (ConfUtils.java:logGet(43)) - raft.server.storage.dir = [/workdir/hadoop-ozone/ozonefs/target/test-dir/MiniOzoneClusterImpl-e9b0d3cb-1d9a-4496-a942-908b9fc97c2b/datanode-0/data/ratis] (custom)
2019-09-28 05:20:05,958 [main] INFO  hdfs.DFSUtil (DFSUtil.java:httpServerTemplateForNNAndJN(1641)) - Starting Web-server for hddsDatanode at: http://0.0.0.0:0
2019-09-28 05:20:05,960 [main] INFO  server.AuthenticationFilter (AuthenticationFilter.java:constructSecretProvider(240)) - Unable to initialize FileSignerSecretProvider, falling back to use random secrets.
2019-09-28 05:20:05,961 [main] WARN  http.HttpRequestLog (HttpRequestLog.java:getRequestLog(97)) - Jetty request log can only be enabled using Log4j
2019-09-28 05:20:05,963 [main] INFO  http.HttpServer2 (HttpServer2.java:addGlobalFilter(975)) - Added global filter 'safety' (class=org.apache.hadoop.http.HttpServer2$QuotingInputFilter)
2019-09-28 05:20:05,964 [main] INFO  http.HttpServer2 (HttpServer2.java:addFilter(948)) - Added filter static_user_filter (class=org.apache.hadoop.http.lib.StaticUserWebFilter$StaticUserFilter) to context hddsDatanode
2019-09-28 05:20:05,964 [main] INFO  http.HttpServer2 (HttpServer2.java:addFilter(958)) - Added filter static_user_filter (class=org.apache.hadoop.http.lib.StaticUserWebFilter$StaticUserFilter) to context static
2019-09-28 05:20:05,964 [main] INFO  http.HttpServer2 (HttpServer2.java:addFilter(958)) - Added filter static_user_filter (class=org.apache.hadoop.http.lib.StaticUserWebFilter$StaticUserFilter) to context logs
2019-09-28 05:20:05,965 [main] INFO  http.HttpServer2 (HttpServer2.java:bindListener(1191)) - Jetty bound to port 40481
2019-09-28 05:20:05,965 [main] INFO  server.Server (Server.java:doStart(351)) - jetty-9.3.25.v20180904, build timestamp: 2018-09-04T21:11:46Z, git hash: 3ce520221d0240229c862b122d2b06c12a625732
2019-09-28 05:20:05,967 [main] INFO  handler.ContextHandler (ContextHandler.java:doStart(781)) - Started o.e.j.s.ServletContextHandler@434514d8{/logs,file:///workdir/hadoop-ozone/ozonefs/target/log,AVAILABLE}
2019-09-28 05:20:05,968 [main] INFO  handler.ContextHandler (ContextHandler.java:doStart(781)) - Started o.e.j.s.ServletContextHandler@4613311f{/static,jar:file:/home/user/.m2/repository/org/apache/hadoop/hadoop-hdds-container-service/0.5.0-SNAPSHOT/hadoop-hdds-container-service-0.5.0-SNAPSHOT.jar!/webapps/static,AVAILABLE}
2019-09-28 05:20:05,996 [main] INFO  handler.ContextHandler (ContextHandler.java:doStart(781)) - Started o.e.j.w.WebAppContext@642f9a77{/,file:///tmp/jetty-0.0.0.0-40481-hddsDatanode-_-any-6895616481188277597.dir/webapp/,AVAILABLE}{/hddsDatanode}
2019-09-28 05:20:05,997 [main] INFO  server.AbstractConnector (AbstractConnector.java:doStart(278)) - Started ServerConnector@23f3da8b{HTTP/1.1,[http/1.1]}{0.0.0.0:40481}
2019-09-28 05:20:05,998 [main] INFO  server.Server (Server.java:doStart(419)) - Started @5719ms
2019-09-28 05:20:05,998 [main] WARN  impl.MetricsSystemImpl (MetricsSystemImpl.java:register(276)) - Sink prometheus already exists!
2019-09-28 05:20:05,999 [main] INFO  server.BaseHttpServer (BaseHttpServer.java:updateConnectorAddress(215)) - HTTP server of HDDSDATANODE is listening at http://0.0.0.0:40481
2019-09-28 05:20:06,000 [main] INFO  impl.MetricsSystemImpl (MetricsSystemImpl.java:init(158)) - HddsDatanode metrics system started (again)
2019-09-28 05:20:06,003 [main] INFO  ozone.HddsDatanodeService (HddsDatanodeService.java:start(184)) - HddsDatanodeService host:pr-hdds-2162-8g7kw-3348123894 ip:192.168.151.82
2019-09-28 05:20:06,006 [org.apache.hadoop.util.JvmPauseMonitor$Monitor@316d751] INFO  util.JvmPauseMonitor (JvmPauseMonitor.java:run(188)) - Starting JVM pause monitor
2019-09-28 05:20:06,011 [main] INFO  volume.HddsVolume (HddsVolume.java:<init>(176)) - Creating Volume: /workdir/hadoop-ozone/ozonefs/target/test-dir/MiniOzoneClusterImpl-e9b0d3cb-1d9a-4496-a942-908b9fc97c2b/datanode-1/data/containers/hdds of  storage type : DISK and capacity : 1482555576320
2019-09-28 05:20:06,011 [main] INFO  volume.VolumeSet (VolumeSet.java:initializeVolumeSet(170)) - Added Volume : /workdir/hadoop-ozone/ozonefs/target/test-dir/MiniOzoneClusterImpl-e9b0d3cb-1d9a-4496-a942-908b9fc97c2b/datanode-1/data/containers/hdds to VolumeSet
2019-09-28 05:20:06,012 [main] INFO  volume.ThrottledAsyncChecker (ThrottledAsyncChecker.java:schedule(139)) - Scheduling a check for org.apache.hadoop.ozone.container.common.volume.HddsVolume@181b8c4b
2019-09-28 05:20:06,012 [main] INFO  volume.HddsVolumeChecker (HddsVolumeChecker.java:checkAllVolumes(202)) - Scheduled health check for volume org.apache.hadoop.ozone.container.common.volume.HddsVolume@181b8c4b
2019-09-28 05:20:06,033 [main] INFO  impl.RaftServerProxy (ConfUtils.java:logGet(43)) - raft.rpc.type = GRPC (default)
2019-09-28 05:20:06,033 [main] INFO  grpc.GrpcFactory (GrpcFactory.java:checkPooledByteBufAllocatorUseCacheForAllThreads(45)) - PERFORMANCE WARNING: useCacheForAllThreads is true that may cause Netty to create a lot garbage objects and, as a result, trigger GC.
	It is recommended to disable useCacheForAllThreads by setting -Dorg.apache.ratis.thirdparty.io.netty.allocator.useCacheForAllThreads=false in command line.
2019-09-28 05:20:06,034 [main] INFO  grpc.GrpcConfigKeys$Server (ConfUtils.java:logGet(43)) - raft.grpc.server.port = 0 (default)
2019-09-28 05:20:06,034 [main] INFO  server.GrpcService (ConfUtils.java:logGet(43)) - raft.grpc.message.size.max = 33570816 (custom)
2019-09-28 05:20:06,034 [main] INFO  server.RaftServerConfigKeys (ConfUtils.java:logGet(43)) - raft.server.log.appender.buffer.byte-limit = 33554432 (custom)
2019-09-28 05:20:06,034 [main] INFO  server.GrpcService (ConfUtils.java:logGet(43)) - raft.grpc.flow.control.window = 1MB (=1048576) (default)
2019-09-28 05:20:06,034 [main] INFO  server.RaftServerConfigKeys (ConfUtils.java:logGet(43)) - raft.server.rpc.request.timeout = 3000ms (default)
2019-09-28 05:20:06,035 [main] INFO  server.RaftServerConfigKeys (ConfUtils.java:logGet(43)) - raft.server.storage.dir = [/workdir/hadoop-ozone/ozonefs/target/test-dir/MiniOzoneClusterImpl-e9b0d3cb-1d9a-4496-a942-908b9fc97c2b/datanode-1/data/ratis] (custom)
2019-09-28 05:20:06,037 [main] INFO  hdfs.DFSUtil (DFSUtil.java:httpServerTemplateForNNAndJN(1641)) - Starting Web-server for hddsDatanode at: http://0.0.0.0:0
2019-09-28 05:20:06,038 [main] INFO  server.AuthenticationFilter (AuthenticationFilter.java:constructSecretProvider(240)) - Unable to initialize FileSignerSecretProvider, falling back to use random secrets.
2019-09-28 05:20:06,039 [main] WARN  http.HttpRequestLog (HttpRequestLog.java:getRequestLog(97)) - Jetty request log can only be enabled using Log4j
2019-09-28 05:20:06,041 [main] INFO  http.HttpServer2 (HttpServer2.java:addGlobalFilter(975)) - Added global filter 'safety' (class=org.apache.hadoop.http.HttpServer2$QuotingInputFilter)
2019-09-28 05:20:06,042 [main] INFO  http.HttpServer2 (HttpServer2.java:addFilter(948)) - Added filter static_user_filter (class=org.apache.hadoop.http.lib.StaticUserWebFilter$StaticUserFilter) to context hddsDatanode
2019-09-28 05:20:06,042 [main] INFO  http.HttpServer2 (HttpServer2.java:addFilter(958)) - Added filter static_user_filter (class=org.apache.hadoop.http.lib.StaticUserWebFilter$StaticUserFilter) to context logs
2019-09-28 05:20:06,042 [main] INFO  http.HttpServer2 (HttpServer2.java:addFilter(958)) - Added filter static_user_filter (class=org.apache.hadoop.http.lib.StaticUserWebFilter$StaticUserFilter) to context static
2019-09-28 05:20:06,043 [main] INFO  http.HttpServer2 (HttpServer2.java:bindListener(1191)) - Jetty bound to port 45363
2019-09-28 05:20:06,043 [main] INFO  server.Server (Server.java:doStart(351)) - jetty-9.3.25.v20180904, build timestamp: 2018-09-04T21:11:46Z, git hash: 3ce520221d0240229c862b122d2b06c12a625732
2019-09-28 05:20:06,046 [main] INFO  handler.ContextHandler (ContextHandler.java:doStart(781)) - Started o.e.j.s.ServletContextHandler@3f0d6038{/logs,file:///workdir/hadoop-ozone/ozonefs/target/log,AVAILABLE}
2019-09-28 05:20:06,047 [main] INFO  handler.ContextHandler (ContextHandler.java:doStart(781)) - Started o.e.j.s.ServletContextHandler@58f39564{/static,jar:file:/home/user/.m2/repository/org/apache/hadoop/hadoop-hdds-container-service/0.5.0-SNAPSHOT/hadoop-hdds-container-service-0.5.0-SNAPSHOT.jar!/webapps/static,AVAILABLE}
2019-09-28 05:20:06,075 [main] INFO  handler.ContextHandler (ContextHandler.java:doStart(781)) - Started o.e.j.w.WebAppContext@618ff5c2{/,file:///tmp/jetty-0.0.0.0-45363-hddsDatanode-_-any-1311752270567508442.dir/webapp/,AVAILABLE}{/hddsDatanode}
2019-09-28 05:20:06,075 [main] INFO  server.AbstractConnector (AbstractConnector.java:doStart(278)) - Started ServerConnector@16727bf0{HTTP/1.1,[http/1.1]}{0.0.0.0:45363}
2019-09-28 05:20:06,076 [main] INFO  server.Server (Server.java:doStart(419)) - Started @5797ms
2019-09-28 05:20:06,077 [main] WARN  impl.MetricsSystemImpl (MetricsSystemImpl.java:register(276)) - Sink prometheus already exists!
2019-09-28 05:20:06,078 [main] INFO  server.BaseHttpServer (BaseHttpServer.java:updateConnectorAddress(215)) - HTTP server of HDDSDATANODE is listening at http://0.0.0.0:45363
2019-09-28 05:20:06,078 [main] INFO  impl.MetricsSystemImpl (MetricsSystemImpl.java:init(158)) - HddsDatanode metrics system started (again)
2019-09-28 05:20:06,080 [main] INFO  ozone.HddsDatanodeService (HddsDatanodeService.java:start(184)) - HddsDatanodeService host:pr-hdds-2162-8g7kw-3348123894 ip:192.168.151.82
2019-09-28 05:20:06,081 [org.apache.hadoop.util.JvmPauseMonitor$Monitor@1cbe61a1] INFO  util.JvmPauseMonitor (JvmPauseMonitor.java:run(188)) - Starting JVM pause monitor
2019-09-28 05:20:06,088 [main] INFO  volume.HddsVolume (HddsVolume.java:<init>(176)) - Creating Volume: /workdir/hadoop-ozone/ozonefs/target/test-dir/MiniOzoneClusterImpl-e9b0d3cb-1d9a-4496-a942-908b9fc97c2b/datanode-2/data/containers/hdds of  storage type : DISK and capacity : 1482555576320
2019-09-28 05:20:06,088 [main] INFO  volume.VolumeSet (VolumeSet.java:initializeVolumeSet(170)) - Added Volume : /workdir/hadoop-ozone/ozonefs/target/test-dir/MiniOzoneClusterImpl-e9b0d3cb-1d9a-4496-a942-908b9fc97c2b/datanode-2/data/containers/hdds to VolumeSet
2019-09-28 05:20:06,089 [main] INFO  volume.ThrottledAsyncChecker (ThrottledAsyncChecker.java:schedule(139)) - Scheduling a check for org.apache.hadoop.ozone.container.common.volume.HddsVolume@934b52f
2019-09-28 05:20:06,089 [main] INFO  volume.HddsVolumeChecker (HddsVolumeChecker.java:checkAllVolumes(202)) - Scheduled health check for volume org.apache.hadoop.ozone.container.common.volume.HddsVolume@934b52f
2019-09-28 05:20:06,109 [main] INFO  impl.RaftServerProxy (ConfUtils.java:logGet(43)) - raft.rpc.type = GRPC (default)
2019-09-28 05:20:06,109 [main] INFO  grpc.GrpcFactory (GrpcFactory.java:checkPooledByteBufAllocatorUseCacheForAllThreads(45)) - PERFORMANCE WARNING: useCacheForAllThreads is true that may cause Netty to create a lot garbage objects and, as a result, trigger GC.
	It is recommended to disable useCacheForAllThreads by setting -Dorg.apache.ratis.thirdparty.io.netty.allocator.useCacheForAllThreads=false in command line.
2019-09-28 05:20:06,109 [main] INFO  grpc.GrpcConfigKeys$Server (ConfUtils.java:logGet(43)) - raft.grpc.server.port = 0 (default)
2019-09-28 05:20:06,110 [main] INFO  server.GrpcService (ConfUtils.java:logGet(43)) - raft.grpc.message.size.max = 33570816 (custom)
2019-09-28 05:20:06,110 [main] INFO  server.RaftServerConfigKeys (ConfUtils.java:logGet(43)) - raft.server.log.appender.buffer.byte-limit = 33554432 (custom)
2019-09-28 05:20:06,110 [main] INFO  server.GrpcService (ConfUtils.java:logGet(43)) - raft.grpc.flow.control.window = 1MB (=1048576) (default)
2019-09-28 05:20:06,110 [main] INFO  server.RaftServerConfigKeys (ConfUtils.java:logGet(43)) - raft.server.rpc.request.timeout = 3000ms (default)
2019-09-28 05:20:06,111 [main] INFO  server.RaftServerConfigKeys (ConfUtils.java:logGet(43)) - raft.server.storage.dir = [/workdir/hadoop-ozone/ozonefs/target/test-dir/MiniOzoneClusterImpl-e9b0d3cb-1d9a-4496-a942-908b9fc97c2b/datanode-2/data/ratis] (custom)
2019-09-28 05:20:06,113 [main] INFO  hdfs.DFSUtil (DFSUtil.java:httpServerTemplateForNNAndJN(1641)) - Starting Web-server for hddsDatanode at: http://0.0.0.0:0
2019-09-28 05:20:06,114 [main] INFO  server.AuthenticationFilter (AuthenticationFilter.java:constructSecretProvider(240)) - Unable to initialize FileSignerSecretProvider, falling back to use random secrets.
2019-09-28 05:20:06,115 [main] WARN  http.HttpRequestLog (HttpRequestLog.java:getRequestLog(97)) - Jetty request log can only be enabled using Log4j
2019-09-28 05:20:06,116 [main] INFO  http.HttpServer2 (HttpServer2.java:addGlobalFilter(975)) - Added global filter 'safety' (class=org.apache.hadoop.http.HttpServer2$QuotingInputFilter)
2019-09-28 05:20:06,117 [main] INFO  http.HttpServer2 (HttpServer2.java:addFilter(948)) - Added filter static_user_filter (class=org.apache.hadoop.http.lib.StaticUserWebFilter$StaticUserFilter) to context hddsDatanode
2019-09-28 05:20:06,117 [main] INFO  http.HttpServer2 (HttpServer2.java:addFilter(958)) - Added filter static_user_filter (class=org.apache.hadoop.http.lib.StaticUserWebFilter$StaticUserFilter) to context logs
2019-09-28 05:20:06,117 [main] INFO  http.HttpServer2 (HttpServer2.java:addFilter(958)) - Added filter static_user_filter (class=org.apache.hadoop.http.lib.StaticUserWebFilter$StaticUserFilter) to context static
2019-09-28 05:20:06,118 [main] INFO  http.HttpServer2 (HttpServer2.java:bindListener(1191)) - Jetty bound to port 33094
2019-09-28 05:20:06,118 [main] INFO  server.Server (Server.java:doStart(351)) - jetty-9.3.25.v20180904, build timestamp: 2018-09-04T21:11:46Z, git hash: 3ce520221d0240229c862b122d2b06c12a625732
2019-09-28 05:20:06,121 [main] INFO  handler.ContextHandler (ContextHandler.java:doStart(781)) - Started o.e.j.s.ServletContextHandler@4596f8f3{/logs,file:///workdir/hadoop-ozone/ozonefs/target/log,AVAILABLE}
2019-09-28 05:20:06,121 [main] INFO  handler.ContextHandler (ContextHandler.java:doStart(781)) - Started o.e.j.s.ServletContextHandler@117d32e{/static,jar:file:/home/user/.m2/repository/org/apache/hadoop/hadoop-hdds-container-service/0.5.0-SNAPSHOT/hadoop-hdds-container-service-0.5.0-SNAPSHOT.jar!/webapps/static,AVAILABLE}
2019-09-28 05:20:06,126 [Datanode State Machine Thread - 0] INFO  datanode.InitDatanodeState (InitDatanodeState.java:persistContainerDatanodeDetails(140)) - DatanodeDetails is persisted to /workdir/hadoop-ozone/ozonefs/target/test-dir/MiniOzoneClusterImpl-e9b0d3cb-1d9a-4496-a942-908b9fc97c2b/datanode-0/meta/datanode.id
2019-09-28 05:20:06,130 [Datanode State Machine Thread - 0] INFO  datanode.InitDatanodeState (InitDatanodeState.java:persistContainerDatanodeDetails(140)) - DatanodeDetails is persisted to /workdir/hadoop-ozone/ozonefs/target/test-dir/MiniOzoneClusterImpl-e9b0d3cb-1d9a-4496-a942-908b9fc97c2b/datanode-1/meta/datanode.id
2019-09-28 05:20:06,150 [main] INFO  handler.ContextHandler (ContextHandler.java:doStart(781)) - Started o.e.j.w.WebAppContext@3c83468e{/,file:///tmp/jetty-0.0.0.0-33094-hddsDatanode-_-any-1169459959461030431.dir/webapp/,AVAILABLE}{/hddsDatanode}
2019-09-28 05:20:06,151 [main] INFO  server.AbstractConnector (AbstractConnector.java:doStart(278)) - Started ServerConnector@272ce069{HTTP/1.1,[http/1.1]}{0.0.0.0:33094}
2019-09-28 05:20:06,152 [main] INFO  server.Server (Server.java:doStart(419)) - Started @5873ms
2019-09-28 05:20:06,152 [main] WARN  impl.MetricsSystemImpl (MetricsSystemImpl.java:register(276)) - Sink prometheus already exists!
2019-09-28 05:20:06,153 [main] INFO  server.BaseHttpServer (BaseHttpServer.java:updateConnectorAddress(215)) - HTTP server of HDDSDATANODE is listening at http://0.0.0.0:33094
2019-09-28 05:20:06,153 [main] INFO  impl.MetricsSystemImpl (MetricsSystemImpl.java:init(158)) - HddsDatanode metrics system started (again)
2019-09-28 05:20:06,156 [main] INFO  ozone.HddsDatanodeService (HddsDatanodeService.java:start(184)) - HddsDatanodeService host:pr-hdds-2162-8g7kw-3348123894 ip:192.168.151.82
2019-09-28 05:20:06,156 [org.apache.hadoop.util.JvmPauseMonitor$Monitor@1db9dffd] INFO  util.JvmPauseMonitor (JvmPauseMonitor.java:run(188)) - Starting JVM pause monitor
2019-09-28 05:20:06,159 [Datanode State Machine Thread - 0] INFO  datanode.InitDatanodeState (InitDatanodeState.java:persistContainerDatanodeDetails(140)) - DatanodeDetails is persisted to /workdir/hadoop-ozone/ozonefs/target/test-dir/MiniOzoneClusterImpl-e9b0d3cb-1d9a-4496-a942-908b9fc97c2b/datanode-2/meta/datanode.id
2019-09-28 05:20:06,163 [main] INFO  volume.HddsVolume (HddsVolume.java:<init>(176)) - Creating Volume: /workdir/hadoop-ozone/ozonefs/target/test-dir/MiniOzoneClusterImpl-e9b0d3cb-1d9a-4496-a942-908b9fc97c2b/datanode-3/data/containers/hdds of  storage type : DISK and capacity : 1482555576320
2019-09-28 05:20:06,163 [main] INFO  volume.VolumeSet (VolumeSet.java:initializeVolumeSet(170)) - Added Volume : /workdir/hadoop-ozone/ozonefs/target/test-dir/MiniOzoneClusterImpl-e9b0d3cb-1d9a-4496-a942-908b9fc97c2b/datanode-3/data/containers/hdds to VolumeSet
2019-09-28 05:20:06,163 [main] INFO  volume.ThrottledAsyncChecker (ThrottledAsyncChecker.java:schedule(139)) - Scheduling a check for org.apache.hadoop.ozone.container.common.volume.HddsVolume@254f906e
2019-09-28 05:20:06,164 [main] INFO  volume.HddsVolumeChecker (HddsVolumeChecker.java:checkAllVolumes(202)) - Scheduled health check for volume org.apache.hadoop.ozone.container.common.volume.HddsVolume@254f906e
2019-09-28 05:20:06,182 [main] INFO  impl.RaftServerProxy (ConfUtils.java:logGet(43)) - raft.rpc.type = GRPC (default)
2019-09-28 05:20:06,183 [main] INFO  grpc.GrpcFactory (GrpcFactory.java:checkPooledByteBufAllocatorUseCacheForAllThreads(45)) - PERFORMANCE WARNING: useCacheForAllThreads is true that may cause Netty to create a lot garbage objects and, as a result, trigger GC.
	It is recommended to disable useCacheForAllThreads by setting -Dorg.apache.ratis.thirdparty.io.netty.allocator.useCacheForAllThreads=false in command line.
2019-09-28 05:20:06,183 [main] INFO  grpc.GrpcConfigKeys$Server (ConfUtils.java:logGet(43)) - raft.grpc.server.port = 0 (default)
2019-09-28 05:20:06,183 [main] INFO  server.GrpcService (ConfUtils.java:logGet(43)) - raft.grpc.message.size.max = 33570816 (custom)
2019-09-28 05:20:06,183 [main] INFO  server.RaftServerConfigKeys (ConfUtils.java:logGet(43)) - raft.server.log.appender.buffer.byte-limit = 33554432 (custom)
2019-09-28 05:20:06,183 [main] INFO  server.GrpcService (ConfUtils.java:logGet(43)) - raft.grpc.flow.control.window = 1MB (=1048576) (default)
2019-09-28 05:20:06,184 [main] INFO  server.RaftServerConfigKeys (ConfUtils.java:logGet(43)) - raft.server.rpc.request.timeout = 3000ms (default)
2019-09-28 05:20:06,184 [main] INFO  server.RaftServerConfigKeys (ConfUtils.java:logGet(43)) - raft.server.storage.dir = [/workdir/hadoop-ozone/ozonefs/target/test-dir/MiniOzoneClusterImpl-e9b0d3cb-1d9a-4496-a942-908b9fc97c2b/datanode-3/data/ratis] (custom)
2019-09-28 05:20:06,186 [main] INFO  hdfs.DFSUtil (DFSUtil.java:httpServerTemplateForNNAndJN(1641)) - Starting Web-server for hddsDatanode at: http://0.0.0.0:0
2019-09-28 05:20:06,187 [main] INFO  server.AuthenticationFilter (AuthenticationFilter.java:constructSecretProvider(240)) - Unable to initialize FileSignerSecretProvider, falling back to use random secrets.
2019-09-28 05:20:06,187 [main] WARN  http.HttpRequestLog (HttpRequestLog.java:getRequestLog(97)) - Jetty request log can only be enabled using Log4j
2019-09-28 05:20:06,189 [main] INFO  http.HttpServer2 (HttpServer2.java:addGlobalFilter(975)) - Added global filter 'safety' (class=org.apache.hadoop.http.HttpServer2$QuotingInputFilter)
2019-09-28 05:20:06,190 [main] INFO  http.HttpServer2 (HttpServer2.java:addFilter(948)) - Added filter static_user_filter (class=org.apache.hadoop.http.lib.StaticUserWebFilter$StaticUserFilter) to context hddsDatanode
2019-09-28 05:20:06,190 [main] INFO  http.HttpServer2 (HttpServer2.java:addFilter(958)) - Added filter static_user_filter (class=org.apache.hadoop.http.lib.StaticUserWebFilter$StaticUserFilter) to context logs
2019-09-28 05:20:06,190 [main] INFO  http.HttpServer2 (HttpServer2.java:addFilter(958)) - Added filter static_user_filter (class=org.apache.hadoop.http.lib.StaticUserWebFilter$StaticUserFilter) to context static
2019-09-28 05:20:06,191 [main] INFO  http.HttpServer2 (HttpServer2.java:bindListener(1191)) - Jetty bound to port 33514
2019-09-28 05:20:06,191 [main] INFO  server.Server (Server.java:doStart(351)) - jetty-9.3.25.v20180904, build timestamp: 2018-09-04T21:11:46Z, git hash: 3ce520221d0240229c862b122d2b06c12a625732
2019-09-28 05:20:06,194 [main] INFO  handler.ContextHandler (ContextHandler.java:doStart(781)) - Started o.e.j.s.ServletContextHandler@623ebac7{/logs,file:///workdir/hadoop-ozone/ozonefs/target/log,AVAILABLE}
2019-09-28 05:20:06,194 [main] INFO  handler.ContextHandler (ContextHandler.java:doStart(781)) - Started o.e.j.s.ServletContextHandler@1ab5f08a{/static,jar:file:/home/user/.m2/repository/org/apache/hadoop/hadoop-hdds-container-service/0.5.0-SNAPSHOT/hadoop-hdds-container-service-0.5.0-SNAPSHOT.jar!/webapps/static,AVAILABLE}
2019-09-28 05:20:06,221 [main] INFO  handler.ContextHandler (ContextHandler.java:doStart(781)) - Started o.e.j.w.WebAppContext@26350ea2{/,file:///tmp/jetty-0.0.0.0-33514-hddsDatanode-_-any-838335699645228674.dir/webapp/,AVAILABLE}{/hddsDatanode}
2019-09-28 05:20:06,222 [main] INFO  server.AbstractConnector (AbstractConnector.java:doStart(278)) - Started ServerConnector@1e9469b8{HTTP/1.1,[http/1.1]}{0.0.0.0:33514}
2019-09-28 05:20:06,223 [main] INFO  server.Server (Server.java:doStart(419)) - Started @5944ms
2019-09-28 05:20:06,223 [main] WARN  impl.MetricsSystemImpl (MetricsSystemImpl.java:register(276)) - Sink prometheus already exists!
2019-09-28 05:20:06,223 [main] INFO  server.BaseHttpServer (BaseHttpServer.java:updateConnectorAddress(215)) - HTTP server of HDDSDATANODE is listening at http://0.0.0.0:33514
2019-09-28 05:20:06,224 [main] INFO  impl.MetricsSystemImpl (MetricsSystemImpl.java:init(158)) - HddsDatanode metrics system started (again)
2019-09-28 05:20:06,227 [main] INFO  ozone.HddsDatanodeService (HddsDatanodeService.java:start(184)) - HddsDatanodeService host:pr-hdds-2162-8g7kw-3348123894 ip:192.168.151.82
2019-09-28 05:20:06,228 [org.apache.hadoop.util.JvmPauseMonitor$Monitor@6cdf47c3] INFO  util.JvmPauseMonitor (JvmPauseMonitor.java:run(188)) - Starting JVM pause monitor
2019-09-28 05:20:06,232 [Datanode State Machine Thread - 0] INFO  datanode.InitDatanodeState (InitDatanodeState.java:persistContainerDatanodeDetails(140)) - DatanodeDetails is persisted to /workdir/hadoop-ozone/ozonefs/target/test-dir/MiniOzoneClusterImpl-e9b0d3cb-1d9a-4496-a942-908b9fc97c2b/datanode-3/meta/datanode.id
2019-09-28 05:20:06,236 [main] INFO  volume.HddsVolume (HddsVolume.java:<init>(176)) - Creating Volume: /workdir/hadoop-ozone/ozonefs/target/test-dir/MiniOzoneClusterImpl-e9b0d3cb-1d9a-4496-a942-908b9fc97c2b/datanode-4/data/containers/hdds of  storage type : DISK and capacity : 1482555576320
2019-09-28 05:20:06,236 [main] INFO  volume.VolumeSet (VolumeSet.java:initializeVolumeSet(170)) - Added Volume : /workdir/hadoop-ozone/ozonefs/target/test-dir/MiniOzoneClusterImpl-e9b0d3cb-1d9a-4496-a942-908b9fc97c2b/datanode-4/data/containers/hdds to VolumeSet
2019-09-28 05:20:06,237 [main] INFO  volume.ThrottledAsyncChecker (ThrottledAsyncChecker.java:schedule(139)) - Scheduling a check for org.apache.hadoop.ozone.container.common.volume.HddsVolume@6c841199
2019-09-28 05:20:06,237 [main] INFO  volume.HddsVolumeChecker (HddsVolumeChecker.java:checkAllVolumes(202)) - Scheduled health check for volume org.apache.hadoop.ozone.container.common.volume.HddsVolume@6c841199
2019-09-28 05:20:06,258 [main] INFO  impl.RaftServerProxy (ConfUtils.java:logGet(43)) - raft.rpc.type = GRPC (default)
2019-09-28 05:20:06,258 [main] INFO  grpc.GrpcFactory (GrpcFactory.java:checkPooledByteBufAllocatorUseCacheForAllThreads(45)) - PERFORMANCE WARNING: useCacheForAllThreads is true that may cause Netty to create a lot garbage objects and, as a result, trigger GC.
	It is recommended to disable useCacheForAllThreads by setting -Dorg.apache.ratis.thirdparty.io.netty.allocator.useCacheForAllThreads=false in command line.
2019-09-28 05:20:06,258 [main] INFO  grpc.GrpcConfigKeys$Server (ConfUtils.java:logGet(43)) - raft.grpc.server.port = 0 (default)
2019-09-28 05:20:06,258 [main] INFO  server.GrpcService (ConfUtils.java:logGet(43)) - raft.grpc.message.size.max = 33570816 (custom)
2019-09-28 05:20:06,259 [main] INFO  server.RaftServerConfigKeys (ConfUtils.java:logGet(43)) - raft.server.log.appender.buffer.byte-limit = 33554432 (custom)
2019-09-28 05:20:06,259 [main] INFO  server.GrpcService (ConfUtils.java:logGet(43)) - raft.grpc.flow.control.window = 1MB (=1048576) (default)
2019-09-28 05:20:06,259 [main] INFO  server.RaftServerConfigKeys (ConfUtils.java:logGet(43)) - raft.server.rpc.request.timeout = 3000ms (default)
2019-09-28 05:20:06,260 [main] INFO  server.RaftServerConfigKeys (ConfUtils.java:logGet(43)) - raft.server.storage.dir = [/workdir/hadoop-ozone/ozonefs/target/test-dir/MiniOzoneClusterImpl-e9b0d3cb-1d9a-4496-a942-908b9fc97c2b/datanode-4/data/ratis] (custom)
2019-09-28 05:20:06,261 [main] INFO  hdfs.DFSUtil (DFSUtil.java:httpServerTemplateForNNAndJN(1641)) - Starting Web-server for hddsDatanode at: http://0.0.0.0:0
2019-09-28 05:20:06,262 [main] INFO  server.AuthenticationFilter (AuthenticationFilter.java:constructSecretProvider(240)) - Unable to initialize FileSignerSecretProvider, falling back to use random secrets.
2019-09-28 05:20:06,263 [main] WARN  http.HttpRequestLog (HttpRequestLog.java:getRequestLog(97)) - Jetty request log can only be enabled using Log4j
2019-09-28 05:20:06,265 [main] INFO  http.HttpServer2 (HttpServer2.java:addGlobalFilter(975)) - Added global filter 'safety' (class=org.apache.hadoop.http.HttpServer2$QuotingInputFilter)
2019-09-28 05:20:06,266 [main] INFO  http.HttpServer2 (HttpServer2.java:addFilter(948)) - Added filter static_user_filter (class=org.apache.hadoop.http.lib.StaticUserWebFilter$StaticUserFilter) to context hddsDatanode
2019-09-28 05:20:06,266 [main] INFO  http.HttpServer2 (HttpServer2.java:addFilter(958)) - Added filter static_user_filter (class=org.apache.hadoop.http.lib.StaticUserWebFilter$StaticUserFilter) to context logs
2019-09-28 05:20:06,266 [main] INFO  http.HttpServer2 (HttpServer2.java:addFilter(958)) - Added filter static_user_filter (class=org.apache.hadoop.http.lib.StaticUserWebFilter$StaticUserFilter) to context static
2019-09-28 05:20:06,267 [main] INFO  http.HttpServer2 (HttpServer2.java:bindListener(1191)) - Jetty bound to port 43439
2019-09-28 05:20:06,267 [main] INFO  server.Server (Server.java:doStart(351)) - jetty-9.3.25.v20180904, build timestamp: 2018-09-04T21:11:46Z, git hash: 3ce520221d0240229c862b122d2b06c12a625732
2019-09-28 05:20:06,269 [main] INFO  handler.ContextHandler (ContextHandler.java:doStart(781)) - Started o.e.j.s.ServletContextHandler@29a98d9f{/logs,file:///workdir/hadoop-ozone/ozonefs/target/log,AVAILABLE}
2019-09-28 05:20:06,269 [main] INFO  handler.ContextHandler (ContextHandler.java:doStart(781)) - Started o.e.j.s.ServletContextHandler@544e8149{/static,jar:file:/home/user/.m2/repository/org/apache/hadoop/hadoop-hdds-container-service/0.5.0-SNAPSHOT/hadoop-hdds-container-service-0.5.0-SNAPSHOT.jar!/webapps/static,AVAILABLE}
2019-09-28 05:20:06,297 [main] INFO  handler.ContextHandler (ContextHandler.java:doStart(781)) - Started o.e.j.w.WebAppContext@57f9b467{/,file:///tmp/jetty-0.0.0.0-43439-hddsDatanode-_-any-2108595925450506743.dir/webapp/,AVAILABLE}{/hddsDatanode}
2019-09-28 05:20:06,298 [main] INFO  server.AbstractConnector (AbstractConnector.java:doStart(278)) - Started ServerConnector@6d5c2745{HTTP/1.1,[http/1.1]}{0.0.0.0:43439}
2019-09-28 05:20:06,299 [main] INFO  server.Server (Server.java:doStart(419)) - Started @6020ms
2019-09-28 05:20:06,299 [main] WARN  impl.MetricsSystemImpl (MetricsSystemImpl.java:register(276)) - Sink prometheus already exists!
2019-09-28 05:20:06,300 [main] INFO  server.BaseHttpServer (BaseHttpServer.java:updateConnectorAddress(215)) - HTTP server of HDDSDATANODE is listening at http://0.0.0.0:43439
2019-09-28 05:20:06,300 [main] INFO  impl.MetricsSystemImpl (MetricsSystemImpl.java:init(158)) - HddsDatanode metrics system started (again)
2019-09-28 05:20:06,302 [org.apache.hadoop.util.JvmPauseMonitor$Monitor@4d034f01] INFO  util.JvmPauseMonitor (JvmPauseMonitor.java:run(188)) - Starting JVM pause monitor
2019-09-28 05:20:06,302 [main] INFO  ozone.HddsDatanodeService (HddsDatanodeService.java:start(184)) - HddsDatanodeService host:pr-hdds-2162-8g7kw-3348123894 ip:192.168.151.82
2019-09-28 05:20:06,306 [Datanode State Machine Thread - 0] INFO  datanode.InitDatanodeState (InitDatanodeState.java:persistContainerDatanodeDetails(140)) - DatanodeDetails is persisted to /workdir/hadoop-ozone/ozonefs/target/test-dir/MiniOzoneClusterImpl-e9b0d3cb-1d9a-4496-a942-908b9fc97c2b/datanode-4/meta/datanode.id
2019-09-28 05:20:06,312 [main] INFO  volume.HddsVolume (HddsVolume.java:<init>(176)) - Creating Volume: /workdir/hadoop-ozone/ozonefs/target/test-dir/MiniOzoneClusterImpl-e9b0d3cb-1d9a-4496-a942-908b9fc97c2b/datanode-5/data/containers/hdds of  storage type : DISK and capacity : 1482555576320
2019-09-28 05:20:06,312 [main] INFO  volume.VolumeSet (VolumeSet.java:initializeVolumeSet(170)) - Added Volume : /workdir/hadoop-ozone/ozonefs/target/test-dir/MiniOzoneClusterImpl-e9b0d3cb-1d9a-4496-a942-908b9fc97c2b/datanode-5/data/containers/hdds to VolumeSet
2019-09-28 05:20:06,312 [main] INFO  volume.ThrottledAsyncChecker (ThrottledAsyncChecker.java:schedule(139)) - Scheduling a check for org.apache.hadoop.ozone.container.common.volume.HddsVolume@5a3a1bf9
2019-09-28 05:20:06,313 [main] INFO  volume.HddsVolumeChecker (HddsVolumeChecker.java:checkAllVolumes(202)) - Scheduled health check for volume org.apache.hadoop.ozone.container.common.volume.HddsVolume@5a3a1bf9
2019-09-28 05:20:06,333 [main] INFO  impl.RaftServerProxy (ConfUtils.java:logGet(43)) - raft.rpc.type = GRPC (default)
2019-09-28 05:20:06,333 [main] INFO  grpc.GrpcFactory (GrpcFactory.java:checkPooledByteBufAllocatorUseCacheForAllThreads(45)) - PERFORMANCE WARNING: useCacheForAllThreads is true that may cause Netty to create a lot garbage objects and, as a result, trigger GC.
	It is recommended to disable useCacheForAllThreads by setting -Dorg.apache.ratis.thirdparty.io.netty.allocator.useCacheForAllThreads=false in command line.
2019-09-28 05:20:06,333 [main] INFO  grpc.GrpcConfigKeys$Server (ConfUtils.java:logGet(43)) - raft.grpc.server.port = 0 (default)
2019-09-28 05:20:06,333 [main] INFO  server.GrpcService (ConfUtils.java:logGet(43)) - raft.grpc.message.size.max = 33570816 (custom)
2019-09-28 05:20:06,333 [main] INFO  server.RaftServerConfigKeys (ConfUtils.java:logGet(43)) - raft.server.log.appender.buffer.byte-limit = 33554432 (custom)
2019-09-28 05:20:06,334 [main] INFO  server.GrpcService (ConfUtils.java:logGet(43)) - raft.grpc.flow.control.window = 1MB (=1048576) (default)
2019-09-28 05:20:06,334 [main] INFO  server.RaftServerConfigKeys (ConfUtils.java:logGet(43)) - raft.server.rpc.request.timeout = 3000ms (default)
2019-09-28 05:20:06,334 [main] INFO  server.RaftServerConfigKeys (ConfUtils.java:logGet(43)) - raft.server.storage.dir = [/workdir/hadoop-ozone/ozonefs/target/test-dir/MiniOzoneClusterImpl-e9b0d3cb-1d9a-4496-a942-908b9fc97c2b/datanode-5/data/ratis] (custom)
2019-09-28 05:20:06,336 [main] INFO  hdfs.DFSUtil (DFSUtil.java:httpServerTemplateForNNAndJN(1641)) - Starting Web-server for hddsDatanode at: http://0.0.0.0:0
2019-09-28 05:20:06,337 [main] INFO  server.AuthenticationFilter (AuthenticationFilter.java:constructSecretProvider(240)) - Unable to initialize FileSignerSecretProvider, falling back to use random secrets.
2019-09-28 05:20:06,338 [main] WARN  http.HttpRequestLog (HttpRequestLog.java:getRequestLog(97)) - Jetty request log can only be enabled using Log4j
2019-09-28 05:20:06,339 [main] INFO  http.HttpServer2 (HttpServer2.java:addGlobalFilter(975)) - Added global filter 'safety' (class=org.apache.hadoop.http.HttpServer2$QuotingInputFilter)
2019-09-28 05:20:06,340 [main] INFO  http.HttpServer2 (HttpServer2.java:addFilter(948)) - Added filter static_user_filter (class=org.apache.hadoop.http.lib.StaticUserWebFilter$StaticUserFilter) to context hddsDatanode
2019-09-28 05:20:06,340 [main] INFO  http.HttpServer2 (HttpServer2.java:addFilter(958)) - Added filter static_user_filter (class=org.apache.hadoop.http.lib.StaticUserWebFilter$StaticUserFilter) to context logs
2019-09-28 05:20:06,340 [main] INFO  http.HttpServer2 (HttpServer2.java:addFilter(958)) - Added filter static_user_filter (class=org.apache.hadoop.http.lib.StaticUserWebFilter$StaticUserFilter) to context static
2019-09-28 05:20:06,341 [main] INFO  http.HttpServer2 (HttpServer2.java:bindListener(1191)) - Jetty bound to port 40560
2019-09-28 05:20:06,341 [main] INFO  server.Server (Server.java:doStart(351)) - jetty-9.3.25.v20180904, build timestamp: 2018-09-04T21:11:46Z, git hash: 3ce520221d0240229c862b122d2b06c12a625732
2019-09-28 05:20:06,343 [main] INFO  handler.ContextHandler (ContextHandler.java:doStart(781)) - Started o.e.j.s.ServletContextHandler@6ae62c7e{/logs,file:///workdir/hadoop-ozone/ozonefs/target/log,AVAILABLE}
2019-09-28 05:20:06,343 [main] INFO  handler.ContextHandler (ContextHandler.java:doStart(781)) - Started o.e.j.s.ServletContextHandler@37c36608{/static,jar:file:/home/user/.m2/repository/org/apache/hadoop/hadoop-hdds-container-service/0.5.0-SNAPSHOT/hadoop-hdds-container-service-0.5.0-SNAPSHOT.jar!/webapps/static,AVAILABLE}
2019-09-28 05:20:06,371 [main] INFO  handler.ContextHandler (ContextHandler.java:doStart(781)) - Started o.e.j.w.WebAppContext@2dd0f797{/,file:///tmp/jetty-0.0.0.0-40560-hddsDatanode-_-any-388395004358339073.dir/webapp/,AVAILABLE}{/hddsDatanode}
2019-09-28 05:20:06,372 [main] INFO  server.AbstractConnector (AbstractConnector.java:doStart(278)) - Started ServerConnector@67064bdc{HTTP/1.1,[http/1.1]}{0.0.0.0:40560}
2019-09-28 05:20:06,373 [main] INFO  server.Server (Server.java:doStart(419)) - Started @6094ms
2019-09-28 05:20:06,373 [main] WARN  impl.MetricsSystemImpl (MetricsSystemImpl.java:register(276)) - Sink prometheus already exists!
2019-09-28 05:20:06,373 [main] INFO  server.BaseHttpServer (BaseHttpServer.java:updateConnectorAddress(215)) - HTTP server of HDDSDATANODE is listening at http://0.0.0.0:40560
2019-09-28 05:20:06,374 [main] INFO  impl.MetricsSystemImpl (MetricsSystemImpl.java:init(158)) - HddsDatanode metrics system started (again)
2019-09-28 05:20:06,377 [org.apache.hadoop.util.JvmPauseMonitor$Monitor@39307d6d] INFO  util.JvmPauseMonitor (JvmPauseMonitor.java:run(188)) - Starting JVM pause monitor
2019-09-28 05:20:06,377 [main] INFO  ozone.HddsDatanodeService (HddsDatanodeService.java:start(184)) - HddsDatanodeService host:pr-hdds-2162-8g7kw-3348123894 ip:192.168.151.82
2019-09-28 05:20:06,381 [Datanode State Machine Thread - 0] INFO  datanode.InitDatanodeState (InitDatanodeState.java:persistContainerDatanodeDetails(140)) - DatanodeDetails is persisted to /workdir/hadoop-ozone/ozonefs/target/test-dir/MiniOzoneClusterImpl-e9b0d3cb-1d9a-4496-a942-908b9fc97c2b/datanode-5/meta/datanode.id
2019-09-28 05:20:06,385 [main] INFO  volume.HddsVolume (HddsVolume.java:<init>(176)) - Creating Volume: /workdir/hadoop-ozone/ozonefs/target/test-dir/MiniOzoneClusterImpl-e9b0d3cb-1d9a-4496-a942-908b9fc97c2b/datanode-6/data/containers/hdds of  storage type : DISK and capacity : 1482555576320
2019-09-28 05:20:06,385 [main] INFO  volume.VolumeSet (VolumeSet.java:initializeVolumeSet(170)) - Added Volume : /workdir/hadoop-ozone/ozonefs/target/test-dir/MiniOzoneClusterImpl-e9b0d3cb-1d9a-4496-a942-908b9fc97c2b/datanode-6/data/containers/hdds to VolumeSet
2019-09-28 05:20:06,386 [main] INFO  volume.ThrottledAsyncChecker (ThrottledAsyncChecker.java:schedule(139)) - Scheduling a check for org.apache.hadoop.ozone.container.common.volume.HddsVolume@4e49ce2b
2019-09-28 05:20:06,386 [main] INFO  volume.HddsVolumeChecker (HddsVolumeChecker.java:checkAllVolumes(202)) - Scheduled health check for volume org.apache.hadoop.ozone.container.common.volume.HddsVolume@4e49ce2b
2019-09-28 05:20:06,409 [main] INFO  impl.RaftServerProxy (ConfUtils.java:logGet(43)) - raft.rpc.type = GRPC (default)
2019-09-28 05:20:06,409 [main] INFO  grpc.GrpcFactory (GrpcFactory.java:checkPooledByteBufAllocatorUseCacheForAllThreads(45)) - PERFORMANCE WARNING: useCacheForAllThreads is true that may cause Netty to create a lot garbage objects and, as a result, trigger GC.
	It is recommended to disable useCacheForAllThreads by setting -Dorg.apache.ratis.thirdparty.io.netty.allocator.useCacheForAllThreads=false in command line.
2019-09-28 05:20:06,409 [main] INFO  grpc.GrpcConfigKeys$Server (ConfUtils.java:logGet(43)) - raft.grpc.server.port = 0 (default)
2019-09-28 05:20:06,409 [main] INFO  server.GrpcService (ConfUtils.java:logGet(43)) - raft.grpc.message.size.max = 33570816 (custom)
2019-09-28 05:20:06,410 [main] INFO  server.RaftServerConfigKeys (ConfUtils.java:logGet(43)) - raft.server.log.appender.buffer.byte-limit = 33554432 (custom)
2019-09-28 05:20:06,410 [main] INFO  server.GrpcService (ConfUtils.java:logGet(43)) - raft.grpc.flow.control.window = 1MB (=1048576) (default)
2019-09-28 05:20:06,410 [main] INFO  server.RaftServerConfigKeys (ConfUtils.java:logGet(43)) - raft.server.rpc.request.timeout = 3000ms (default)
2019-09-28 05:20:06,411 [main] INFO  server.RaftServerConfigKeys (ConfUtils.java:logGet(43)) - raft.server.storage.dir = [/workdir/hadoop-ozone/ozonefs/target/test-dir/MiniOzoneClusterImpl-e9b0d3cb-1d9a-4496-a942-908b9fc97c2b/datanode-6/data/ratis] (custom)
2019-09-28 05:20:06,412 [main] INFO  hdfs.DFSUtil (DFSUtil.java:httpServerTemplateForNNAndJN(1641)) - Starting Web-server for hddsDatanode at: http://0.0.0.0:0
2019-09-28 05:20:06,413 [main] INFO  server.AuthenticationFilter (AuthenticationFilter.java:constructSecretProvider(240)) - Unable to initialize FileSignerSecretProvider, falling back to use random secrets.
2019-09-28 05:20:06,414 [main] WARN  http.HttpRequestLog (HttpRequestLog.java:getRequestLog(97)) - Jetty request log can only be enabled using Log4j
2019-09-28 05:20:06,415 [main] INFO  http.HttpServer2 (HttpServer2.java:addGlobalFilter(975)) - Added global filter 'safety' (class=org.apache.hadoop.http.HttpServer2$QuotingInputFilter)
2019-09-28 05:20:06,416 [main] INFO  http.HttpServer2 (HttpServer2.java:addFilter(948)) - Added filter static_user_filter (class=org.apache.hadoop.http.lib.StaticUserWebFilter$StaticUserFilter) to context hddsDatanode
2019-09-28 05:20:06,416 [main] INFO  http.HttpServer2 (HttpServer2.java:addFilter(958)) - Added filter static_user_filter (class=org.apache.hadoop.http.lib.StaticUserWebFilter$StaticUserFilter) to context logs
2019-09-28 05:20:06,417 [main] INFO  http.HttpServer2 (HttpServer2.java:addFilter(958)) - Added filter static_user_filter (class=org.apache.hadoop.http.lib.StaticUserWebFilter$StaticUserFilter) to context static
2019-09-28 05:20:06,417 [main] INFO  http.HttpServer2 (HttpServer2.java:bindListener(1191)) - Jetty bound to port 43471
2019-09-28 05:20:06,417 [main] INFO  server.Server (Server.java:doStart(351)) - jetty-9.3.25.v20180904, build timestamp: 2018-09-04T21:11:46Z, git hash: 3ce520221d0240229c862b122d2b06c12a625732
2019-09-28 05:20:06,419 [main] INFO  handler.ContextHandler (ContextHandler.java:doStart(781)) - Started o.e.j.s.ServletContextHandler@4375b013{/logs,file:///workdir/hadoop-ozone/ozonefs/target/log,AVAILABLE}
2019-09-28 05:20:06,419 [main] INFO  handler.ContextHandler (ContextHandler.java:doStart(781)) - Started o.e.j.s.ServletContextHandler@4f5b08d{/static,jar:file:/home/user/.m2/repository/org/apache/hadoop/hadoop-hdds-container-service/0.5.0-SNAPSHOT/hadoop-hdds-container-service-0.5.0-SNAPSHOT.jar!/webapps/static,AVAILABLE}
2019-09-28 05:20:06,447 [main] INFO  handler.ContextHandler (ContextHandler.java:doStart(781)) - Started o.e.j.w.WebAppContext@61bfc9bf{/,file:///tmp/jetty-0.0.0.0-43471-hddsDatanode-_-any-7067069688205771832.dir/webapp/,AVAILABLE}{/hddsDatanode}
2019-09-28 05:20:06,447 [main] INFO  server.AbstractConnector (AbstractConnector.java:doStart(278)) - Started ServerConnector@2c7106d9{HTTP/1.1,[http/1.1]}{0.0.0.0:43471}
2019-09-28 05:20:06,448 [main] INFO  server.Server (Server.java:doStart(419)) - Started @6170ms
2019-09-28 05:20:06,448 [main] WARN  impl.MetricsSystemImpl (MetricsSystemImpl.java:register(276)) - Sink prometheus already exists!
2019-09-28 05:20:06,449 [main] INFO  server.BaseHttpServer (BaseHttpServer.java:updateConnectorAddress(215)) - HTTP server of HDDSDATANODE is listening at http://0.0.0.0:43471
2019-09-28 05:20:06,449 [main] INFO  impl.MetricsSystemImpl (MetricsSystemImpl.java:init(158)) - HddsDatanode metrics system started (again)
2019-09-28 05:20:06,454 [main] INFO  ozone.HddsDatanodeService (HddsDatanodeService.java:start(184)) - HddsDatanodeService host:pr-hdds-2162-8g7kw-3348123894 ip:192.168.151.82
2019-09-28 05:20:06,455 [org.apache.hadoop.util.JvmPauseMonitor$Monitor@122c37e9] INFO  util.JvmPauseMonitor (JvmPauseMonitor.java:run(188)) - Starting JVM pause monitor
2019-09-28 05:20:06,458 [Datanode State Machine Thread - 0] INFO  datanode.InitDatanodeState (InitDatanodeState.java:persistContainerDatanodeDetails(140)) - DatanodeDetails is persisted to /workdir/hadoop-ozone/ozonefs/target/test-dir/MiniOzoneClusterImpl-e9b0d3cb-1d9a-4496-a942-908b9fc97c2b/datanode-6/meta/datanode.id
2019-09-28 05:20:06,463 [main] INFO  volume.HddsVolume (HddsVolume.java:<init>(176)) - Creating Volume: /workdir/hadoop-ozone/ozonefs/target/test-dir/MiniOzoneClusterImpl-e9b0d3cb-1d9a-4496-a942-908b9fc97c2b/datanode-7/data/containers/hdds of  storage type : DISK and capacity : 1482555576320
2019-09-28 05:20:06,464 [main] INFO  volume.VolumeSet (VolumeSet.java:initializeVolumeSet(170)) - Added Volume : /workdir/hadoop-ozone/ozonefs/target/test-dir/MiniOzoneClusterImpl-e9b0d3cb-1d9a-4496-a942-908b9fc97c2b/datanode-7/data/containers/hdds to VolumeSet
2019-09-28 05:20:06,464 [main] INFO  volume.ThrottledAsyncChecker (ThrottledAsyncChecker.java:schedule(139)) - Scheduling a check for org.apache.hadoop.ozone.container.common.volume.HddsVolume@d613308
2019-09-28 05:20:06,464 [main] INFO  volume.HddsVolumeChecker (HddsVolumeChecker.java:checkAllVolumes(202)) - Scheduled health check for volume org.apache.hadoop.ozone.container.common.volume.HddsVolume@d613308
2019-09-28 05:20:06,483 [main] INFO  impl.RaftServerProxy (ConfUtils.java:logGet(43)) - raft.rpc.type = GRPC (default)
2019-09-28 05:20:06,483 [main] INFO  grpc.GrpcFactory (GrpcFactory.java:checkPooledByteBufAllocatorUseCacheForAllThreads(45)) - PERFORMANCE WARNING: useCacheForAllThreads is true that may cause Netty to create a lot garbage objects and, as a result, trigger GC.
	It is recommended to disable useCacheForAllThreads by setting -Dorg.apache.ratis.thirdparty.io.netty.allocator.useCacheForAllThreads=false in command line.
2019-09-28 05:20:06,484 [main] INFO  grpc.GrpcConfigKeys$Server (ConfUtils.java:logGet(43)) - raft.grpc.server.port = 0 (default)
2019-09-28 05:20:06,484 [main] INFO  server.GrpcService (ConfUtils.java:logGet(43)) - raft.grpc.message.size.max = 33570816 (custom)
2019-09-28 05:20:06,484 [main] INFO  server.RaftServerConfigKeys (ConfUtils.java:logGet(43)) - raft.server.log.appender.buffer.byte-limit = 33554432 (custom)
2019-09-28 05:20:06,484 [main] INFO  server.GrpcService (ConfUtils.java:logGet(43)) - raft.grpc.flow.control.window = 1MB (=1048576) (default)
2019-09-28 05:20:06,484 [main] INFO  server.RaftServerConfigKeys (ConfUtils.java:logGet(43)) - raft.server.rpc.request.timeout = 3000ms (default)
2019-09-28 05:20:06,485 [main] INFO  server.RaftServerConfigKeys (ConfUtils.java:logGet(43)) - raft.server.storage.dir = [/workdir/hadoop-ozone/ozonefs/target/test-dir/MiniOzoneClusterImpl-e9b0d3cb-1d9a-4496-a942-908b9fc97c2b/datanode-7/data/ratis] (custom)
2019-09-28 05:20:06,486 [main] INFO  hdfs.DFSUtil (DFSUtil.java:httpServerTemplateForNNAndJN(1641)) - Starting Web-server for hddsDatanode at: http://0.0.0.0:0
2019-09-28 05:20:06,487 [main] INFO  server.AuthenticationFilter (AuthenticationFilter.java:constructSecretProvider(240)) - Unable to initialize FileSignerSecretProvider, falling back to use random secrets.
2019-09-28 05:20:06,488 [main] WARN  http.HttpRequestLog (HttpRequestLog.java:getRequestLog(97)) - Jetty request log can only be enabled using Log4j
2019-09-28 05:20:06,489 [main] INFO  http.HttpServer2 (HttpServer2.java:addGlobalFilter(975)) - Added global filter 'safety' (class=org.apache.hadoop.http.HttpServer2$QuotingInputFilter)
2019-09-28 05:20:06,490 [main] INFO  http.HttpServer2 (HttpServer2.java:addFilter(948)) - Added filter static_user_filter (class=org.apache.hadoop.http.lib.StaticUserWebFilter$StaticUserFilter) to context hddsDatanode
2019-09-28 05:20:06,490 [main] INFO  http.HttpServer2 (HttpServer2.java:addFilter(958)) - Added filter static_user_filter (class=org.apache.hadoop.http.lib.StaticUserWebFilter$StaticUserFilter) to context static
2019-09-28 05:20:06,490 [main] INFO  http.HttpServer2 (HttpServer2.java:addFilter(958)) - Added filter static_user_filter (class=org.apache.hadoop.http.lib.StaticUserWebFilter$StaticUserFilter) to context logs
2019-09-28 05:20:06,491 [main] INFO  http.HttpServer2 (HttpServer2.java:bindListener(1191)) - Jetty bound to port 38559
2019-09-28 05:20:06,491 [main] INFO  server.Server (Server.java:doStart(351)) - jetty-9.3.25.v20180904, build timestamp: 2018-09-04T21:11:46Z, git hash: 3ce520221d0240229c862b122d2b06c12a625732
2019-09-28 05:20:06,493 [main] INFO  handler.ContextHandler (ContextHandler.java:doStart(781)) - Started o.e.j.s.ServletContextHandler@358ab600{/logs,file:///workdir/hadoop-ozone/ozonefs/target/log,AVAILABLE}
2019-09-28 05:20:06,493 [main] INFO  handler.ContextHandler (ContextHandler.java:doStart(781)) - Started o.e.j.s.ServletContextHandler@44065156{/static,jar:file:/home/user/.m2/repository/org/apache/hadoop/hadoop-hdds-container-service/0.5.0-SNAPSHOT/hadoop-hdds-container-service-0.5.0-SNAPSHOT.jar!/webapps/static,AVAILABLE}
2019-09-28 05:20:06,520 [main] INFO  handler.ContextHandler (ContextHandler.java:doStart(781)) - Started o.e.j.w.WebAppContext@2e1ddc90{/,file:///tmp/jetty-0.0.0.0-38559-hddsDatanode-_-any-4809050791567175076.dir/webapp/,AVAILABLE}{/hddsDatanode}
2019-09-28 05:20:06,521 [main] INFO  server.AbstractConnector (AbstractConnector.java:doStart(278)) - Started ServerConnector@5b7c8930{HTTP/1.1,[http/1.1]}{0.0.0.0:38559}
2019-09-28 05:20:06,522 [main] INFO  server.Server (Server.java:doStart(419)) - Started @6243ms
2019-09-28 05:20:06,522 [main] WARN  impl.MetricsSystemImpl (MetricsSystemImpl.java:register(276)) - Sink prometheus already exists!
2019-09-28 05:20:06,523 [main] INFO  server.BaseHttpServer (BaseHttpServer.java:updateConnectorAddress(215)) - HTTP server of HDDSDATANODE is listening at http://0.0.0.0:38559
2019-09-28 05:20:06,523 [main] INFO  impl.MetricsSystemImpl (MetricsSystemImpl.java:init(158)) - HddsDatanode metrics system started (again)
2019-09-28 05:20:06,527 [main] INFO  ozone.HddsDatanodeService (HddsDatanodeService.java:start(184)) - HddsDatanodeService host:pr-hdds-2162-8g7kw-3348123894 ip:192.168.151.82
2019-09-28 05:20:06,527 [org.apache.hadoop.util.JvmPauseMonitor$Monitor@2bf723ca] INFO  util.JvmPauseMonitor (JvmPauseMonitor.java:run(188)) - Starting JVM pause monitor
2019-09-28 05:20:06,530 [Datanode State Machine Thread - 0] INFO  datanode.InitDatanodeState (InitDatanodeState.java:persistContainerDatanodeDetails(140)) - DatanodeDetails is persisted to /workdir/hadoop-ozone/ozonefs/target/test-dir/MiniOzoneClusterImpl-e9b0d3cb-1d9a-4496-a942-908b9fc97c2b/datanode-7/meta/datanode.id
2019-09-28 05:20:06,537 [main] INFO  volume.HddsVolume (HddsVolume.java:<init>(176)) - Creating Volume: /workdir/hadoop-ozone/ozonefs/target/test-dir/MiniOzoneClusterImpl-e9b0d3cb-1d9a-4496-a942-908b9fc97c2b/datanode-8/data/containers/hdds of  storage type : DISK and capacity : 1482555576320
2019-09-28 05:20:06,538 [main] INFO  volume.VolumeSet (VolumeSet.java:initializeVolumeSet(170)) - Added Volume : /workdir/hadoop-ozone/ozonefs/target/test-dir/MiniOzoneClusterImpl-e9b0d3cb-1d9a-4496-a942-908b9fc97c2b/datanode-8/data/containers/hdds to VolumeSet
2019-09-28 05:20:06,538 [main] INFO  volume.ThrottledAsyncChecker (ThrottledAsyncChecker.java:schedule(139)) - Scheduling a check for org.apache.hadoop.ozone.container.common.volume.HddsVolume@4b4eced1
2019-09-28 05:20:06,538 [main] INFO  volume.HddsVolumeChecker (HddsVolumeChecker.java:checkAllVolumes(202)) - Scheduled health check for volume org.apache.hadoop.ozone.container.common.volume.HddsVolume@4b4eced1
2019-09-28 05:20:06,556 [main] INFO  impl.RaftServerProxy (ConfUtils.java:logGet(43)) - raft.rpc.type = GRPC (default)
2019-09-28 05:20:06,556 [main] INFO  grpc.GrpcFactory (GrpcFactory.java:checkPooledByteBufAllocatorUseCacheForAllThreads(45)) - PERFORMANCE WARNING: useCacheForAllThreads is true that may cause Netty to create a lot garbage objects and, as a result, trigger GC.
	It is recommended to disable useCacheForAllThreads by setting -Dorg.apache.ratis.thirdparty.io.netty.allocator.useCacheForAllThreads=false in command line.
2019-09-28 05:20:06,556 [main] INFO  grpc.GrpcConfigKeys$Server (ConfUtils.java:logGet(43)) - raft.grpc.server.port = 0 (default)
2019-09-28 05:20:06,557 [main] INFO  server.GrpcService (ConfUtils.java:logGet(43)) - raft.grpc.message.size.max = 33570816 (custom)
2019-09-28 05:20:06,557 [main] INFO  server.RaftServerConfigKeys (ConfUtils.java:logGet(43)) - raft.server.log.appender.buffer.byte-limit = 33554432 (custom)
2019-09-28 05:20:06,557 [main] INFO  server.GrpcService (ConfUtils.java:logGet(43)) - raft.grpc.flow.control.window = 1MB (=1048576) (default)
2019-09-28 05:20:06,557 [main] INFO  server.RaftServerConfigKeys (ConfUtils.java:logGet(43)) - raft.server.rpc.request.timeout = 3000ms (default)
2019-09-28 05:20:06,558 [main] INFO  server.RaftServerConfigKeys (ConfUtils.java:logGet(43)) - raft.server.storage.dir = [/workdir/hadoop-ozone/ozonefs/target/test-dir/MiniOzoneClusterImpl-e9b0d3cb-1d9a-4496-a942-908b9fc97c2b/datanode-8/data/ratis] (custom)
2019-09-28 05:20:06,559 [main] INFO  hdfs.DFSUtil (DFSUtil.java:httpServerTemplateForNNAndJN(1641)) - Starting Web-server for hddsDatanode at: http://0.0.0.0:0
2019-09-28 05:20:06,561 [main] INFO  server.AuthenticationFilter (AuthenticationFilter.java:constructSecretProvider(240)) - Unable to initialize FileSignerSecretProvider, falling back to use random secrets.
2019-09-28 05:20:06,561 [main] WARN  http.HttpRequestLog (HttpRequestLog.java:getRequestLog(97)) - Jetty request log can only be enabled using Log4j
2019-09-28 05:20:06,562 [main] INFO  http.HttpServer2 (HttpServer2.java:addGlobalFilter(975)) - Added global filter 'safety' (class=org.apache.hadoop.http.HttpServer2$QuotingInputFilter)
2019-09-28 05:20:06,563 [main] INFO  http.HttpServer2 (HttpServer2.java:addFilter(948)) - Added filter static_user_filter (class=org.apache.hadoop.http.lib.StaticUserWebFilter$StaticUserFilter) to context hddsDatanode
2019-09-28 05:20:06,563 [main] INFO  http.HttpServer2 (HttpServer2.java:addFilter(958)) - Added filter static_user_filter (class=org.apache.hadoop.http.lib.StaticUserWebFilter$StaticUserFilter) to context logs
2019-09-28 05:20:06,563 [main] INFO  http.HttpServer2 (HttpServer2.java:addFilter(958)) - Added filter static_user_filter (class=org.apache.hadoop.http.lib.StaticUserWebFilter$StaticUserFilter) to context static
2019-09-28 05:20:06,564 [main] INFO  http.HttpServer2 (HttpServer2.java:bindListener(1191)) - Jetty bound to port 43084
2019-09-28 05:20:06,564 [main] INFO  server.Server (Server.java:doStart(351)) - jetty-9.3.25.v20180904, build timestamp: 2018-09-04T21:11:46Z, git hash: 3ce520221d0240229c862b122d2b06c12a625732
2019-09-28 05:20:06,566 [main] INFO  handler.ContextHandler (ContextHandler.java:doStart(781)) - Started o.e.j.s.ServletContextHandler@d1d8e1a{/logs,file:///workdir/hadoop-ozone/ozonefs/target/log,AVAILABLE}
2019-09-28 05:20:06,566 [main] INFO  handler.ContextHandler (ContextHandler.java:doStart(781)) - Started o.e.j.s.ServletContextHandler@3b48e183{/static,jar:file:/home/user/.m2/repository/org/apache/hadoop/hadoop-hdds-container-service/0.5.0-SNAPSHOT/hadoop-hdds-container-service-0.5.0-SNAPSHOT.jar!/webapps/static,AVAILABLE}
2019-09-28 05:20:06,593 [main] INFO  handler.ContextHandler (ContextHandler.java:doStart(781)) - Started o.e.j.w.WebAppContext@2d64c100{/,file:///tmp/jetty-0.0.0.0-43084-hddsDatanode-_-any-1744910558462721695.dir/webapp/,AVAILABLE}{/hddsDatanode}
2019-09-28 05:20:06,593 [main] INFO  server.AbstractConnector (AbstractConnector.java:doStart(278)) - Started ServerConnector@69d45cca{HTTP/1.1,[http/1.1]}{0.0.0.0:43084}
2019-09-28 05:20:06,594 [main] INFO  server.Server (Server.java:doStart(419)) - Started @6316ms
2019-09-28 05:20:06,594 [main] WARN  impl.MetricsSystemImpl (MetricsSystemImpl.java:register(276)) - Sink prometheus already exists!
2019-09-28 05:20:06,595 [main] INFO  server.BaseHttpServer (BaseHttpServer.java:updateConnectorAddress(215)) - HTTP server of HDDSDATANODE is listening at http://0.0.0.0:43084
2019-09-28 05:20:06,595 [main] INFO  impl.MetricsSystemImpl (MetricsSystemImpl.java:init(158)) - HddsDatanode metrics system started (again)
2019-09-28 05:20:06,600 [org.apache.hadoop.util.JvmPauseMonitor$Monitor@2e8e8760] INFO  util.JvmPauseMonitor (JvmPauseMonitor.java:run(188)) - Starting JVM pause monitor
2019-09-28 05:20:06,601 [main] INFO  ozone.HddsDatanodeService (HddsDatanodeService.java:start(184)) - HddsDatanodeService host:pr-hdds-2162-8g7kw-3348123894 ip:192.168.151.82
2019-09-28 05:20:06,603 [Datanode State Machine Thread - 0] INFO  datanode.InitDatanodeState (InitDatanodeState.java:persistContainerDatanodeDetails(140)) - DatanodeDetails is persisted to /workdir/hadoop-ozone/ozonefs/target/test-dir/MiniOzoneClusterImpl-e9b0d3cb-1d9a-4496-a942-908b9fc97c2b/datanode-8/meta/datanode.id
2019-09-28 05:20:06,610 [main] INFO  volume.HddsVolume (HddsVolume.java:<init>(176)) - Creating Volume: /workdir/hadoop-ozone/ozonefs/target/test-dir/MiniOzoneClusterImpl-e9b0d3cb-1d9a-4496-a942-908b9fc97c2b/datanode-9/data/containers/hdds of  storage type : DISK and capacity : 1482555576320
2019-09-28 05:20:06,610 [main] INFO  volume.VolumeSet (VolumeSet.java:initializeVolumeSet(170)) - Added Volume : /workdir/hadoop-ozone/ozonefs/target/test-dir/MiniOzoneClusterImpl-e9b0d3cb-1d9a-4496-a942-908b9fc97c2b/datanode-9/data/containers/hdds to VolumeSet
2019-09-28 05:20:06,610 [main] INFO  volume.ThrottledAsyncChecker (ThrottledAsyncChecker.java:schedule(139)) - Scheduling a check for org.apache.hadoop.ozone.container.common.volume.HddsVolume@12fe1f28
2019-09-28 05:20:06,610 [main] INFO  volume.HddsVolumeChecker (HddsVolumeChecker.java:checkAllVolumes(202)) - Scheduled health check for volume org.apache.hadoop.ozone.container.common.volume.HddsVolume@12fe1f28
2019-09-28 05:20:06,628 [main] INFO  impl.RaftServerProxy (ConfUtils.java:logGet(43)) - raft.rpc.type = GRPC (default)
2019-09-28 05:20:06,628 [main] INFO  grpc.GrpcFactory (GrpcFactory.java:checkPooledByteBufAllocatorUseCacheForAllThreads(45)) - PERFORMANCE WARNING: useCacheForAllThreads is true that may cause Netty to create a lot garbage objects and, as a result, trigger GC.
	It is recommended to disable useCacheForAllThreads by setting -Dorg.apache.ratis.thirdparty.io.netty.allocator.useCacheForAllThreads=false in command line.
2019-09-28 05:20:06,628 [main] INFO  grpc.GrpcConfigKeys$Server (ConfUtils.java:logGet(43)) - raft.grpc.server.port = 0 (default)
2019-09-28 05:20:06,628 [main] INFO  server.GrpcService (ConfUtils.java:logGet(43)) - raft.grpc.message.size.max = 33570816 (custom)
2019-09-28 05:20:06,629 [main] INFO  server.RaftServerConfigKeys (ConfUtils.java:logGet(43)) - raft.server.log.appender.buffer.byte-limit = 33554432 (custom)
2019-09-28 05:20:06,629 [main] INFO  server.GrpcService (ConfUtils.java:logGet(43)) - raft.grpc.flow.control.window = 1MB (=1048576) (default)
2019-09-28 05:20:06,629 [main] INFO  server.RaftServerConfigKeys (ConfUtils.java:logGet(43)) - raft.server.rpc.request.timeout = 3000ms (default)
2019-09-28 05:20:06,629 [main] INFO  server.RaftServerConfigKeys (ConfUtils.java:logGet(43)) - raft.server.storage.dir = [/workdir/hadoop-ozone/ozonefs/target/test-dir/MiniOzoneClusterImpl-e9b0d3cb-1d9a-4496-a942-908b9fc97c2b/datanode-9/data/ratis] (custom)
2019-09-28 05:20:06,631 [main] INFO  hdfs.DFSUtil (DFSUtil.java:httpServerTemplateForNNAndJN(1641)) - Starting Web-server for hddsDatanode at: http://0.0.0.0:0
2019-09-28 05:20:06,632 [main] INFO  server.AuthenticationFilter (AuthenticationFilter.java:constructSecretProvider(240)) - Unable to initialize FileSignerSecretProvider, falling back to use random secrets.
2019-09-28 05:20:06,632 [main] WARN  http.HttpRequestLog (HttpRequestLog.java:getRequestLog(97)) - Jetty request log can only be enabled using Log4j
2019-09-28 05:20:06,634 [main] INFO  http.HttpServer2 (HttpServer2.java:addGlobalFilter(975)) - Added global filter 'safety' (class=org.apache.hadoop.http.HttpServer2$QuotingInputFilter)
2019-09-28 05:20:06,634 [main] INFO  http.HttpServer2 (HttpServer2.java:addFilter(948)) - Added filter static_user_filter (class=org.apache.hadoop.http.lib.StaticUserWebFilter$StaticUserFilter) to context hddsDatanode
2019-09-28 05:20:06,635 [main] INFO  http.HttpServer2 (HttpServer2.java:addFilter(958)) - Added filter static_user_filter (class=org.apache.hadoop.http.lib.StaticUserWebFilter$StaticUserFilter) to context static
2019-09-28 05:20:06,635 [main] INFO  http.HttpServer2 (HttpServer2.java:addFilter(958)) - Added filter static_user_filter (class=org.apache.hadoop.http.lib.StaticUserWebFilter$StaticUserFilter) to context logs
2019-09-28 05:20:06,635 [main] INFO  http.HttpServer2 (HttpServer2.java:bindListener(1191)) - Jetty bound to port 35405
2019-09-28 05:20:06,635 [main] INFO  server.Server (Server.java:doStart(351)) - jetty-9.3.25.v20180904, build timestamp: 2018-09-04T21:11:46Z, git hash: 3ce520221d0240229c862b122d2b06c12a625732
2019-09-28 05:20:06,637 [main] INFO  handler.ContextHandler (ContextHandler.java:doStart(781)) - Started o.e.j.s.ServletContextHandler@77681ce4{/logs,file:///workdir/hadoop-ozone/ozonefs/target/log,AVAILABLE}
2019-09-28 05:20:06,637 [main] INFO  handler.ContextHandler (ContextHandler.java:doStart(781)) - Started o.e.j.s.ServletContextHandler@6f76c2cc{/static,jar:file:/home/user/.m2/repository/org/apache/hadoop/hadoop-hdds-container-service/0.5.0-SNAPSHOT/hadoop-hdds-container-service-0.5.0-SNAPSHOT.jar!/webapps/static,AVAILABLE}
2019-09-28 05:20:06,665 [main] INFO  handler.ContextHandler (ContextHandler.java:doStart(781)) - Started o.e.j.w.WebAppContext@28bdbe88{/,file:///tmp/jetty-0.0.0.0-35405-hddsDatanode-_-any-7165522830902732602.dir/webapp/,AVAILABLE}{/hddsDatanode}
2019-09-28 05:20:06,666 [main] INFO  server.AbstractConnector (AbstractConnector.java:doStart(278)) - Started ServerConnector@6a87026{HTTP/1.1,[http/1.1]}{0.0.0.0:35405}
2019-09-28 05:20:06,667 [main] INFO  server.Server (Server.java:doStart(419)) - Started @6388ms
2019-09-28 05:20:06,667 [main] WARN  impl.MetricsSystemImpl (MetricsSystemImpl.java:register(276)) - Sink prometheus already exists!
2019-09-28 05:20:06,668 [main] INFO  server.BaseHttpServer (BaseHttpServer.java:updateConnectorAddress(215)) - HTTP server of HDDSDATANODE is listening at http://0.0.0.0:35405
2019-09-28 05:20:06,672 [main] INFO  ozone.MiniOzoneClusterImpl (MiniOzoneClusterImpl.java:lambda$waitForClusterToBeReady$0(147)) - Waiting for cluster to be ready. Got 0 of 10 DN Heartbeats.
2019-09-28 05:20:06,673 [org.apache.hadoop.util.JvmPauseMonitor$Monitor@38c522d6] INFO  util.JvmPauseMonitor (JvmPauseMonitor.java:run(188)) - Starting JVM pause monitor
2019-09-28 05:20:06,677 [Datanode State Machine Thread - 0] INFO  datanode.InitDatanodeState (InitDatanodeState.java:persistContainerDatanodeDetails(140)) - DatanodeDetails is persisted to /workdir/hadoop-ozone/ozonefs/target/test-dir/MiniOzoneClusterImpl-e9b0d3cb-1d9a-4496-a942-908b9fc97c2b/datanode-9/meta/datanode.id
2019-09-28 05:20:07,673 [main] INFO  ozone.MiniOzoneClusterImpl (MiniOzoneClusterImpl.java:lambda$waitForClusterToBeReady$0(147)) - Waiting for cluster to be ready. Got 0 of 10 DN Heartbeats.
2019-09-28 05:20:08,066 [Datanode State Machine Thread - 0] INFO  ozoneimpl.OzoneContainer (OzoneContainer.java:start(217)) - Attempting to start container services.
2019-09-28 05:20:08,067 [Datanode State Machine Thread - 0] INFO  ozoneimpl.OzoneContainer (OzoneContainer.java:startContainerScrub(179)) - Background container scanner has been disabled.
2019-09-28 05:20:08,068 [Datanode State Machine Thread - 0] INFO  ratis.XceiverServerRatis (XceiverServerRatis.java:start(411)) - Starting XceiverServerRatis 5f286e7f-19f8-4729-a00b-ef22147f3cdc at port 0
2019-09-28 05:20:08,086 [Datanode State Machine Thread - 0] INFO  impl.RaftServerProxy (RaftServerProxy.java:lambda$start$3(299)) - 5f286e7f-19f8-4729-a00b-ef22147f3cdc: start RPC server
2019-09-28 05:20:08,100 [Datanode State Machine Thread - 0] INFO  ozoneimpl.OzoneContainer (OzoneContainer.java:start(217)) - Attempting to start container services.
2019-09-28 05:20:08,107 [Datanode State Machine Thread - 0] INFO  ozoneimpl.OzoneContainer (OzoneContainer.java:startContainerScrub(179)) - Background container scanner has been disabled.
2019-09-28 05:20:08,107 [Datanode State Machine Thread - 0] INFO  ratis.XceiverServerRatis (XceiverServerRatis.java:start(411)) - Starting XceiverServerRatis df93b021-79d7-434f-92a0-2f93bc69c3ad at port 0
2019-09-28 05:20:08,120 [Datanode State Machine Thread - 0] INFO  impl.RaftServerProxy (RaftServerProxy.java:lambda$start$3(299)) - df93b021-79d7-434f-92a0-2f93bc69c3ad: start RPC server
2019-09-28 05:20:08,173 [Datanode State Machine Thread - 0] INFO  ozoneimpl.OzoneContainer (OzoneContainer.java:start(217)) - Attempting to start container services.
2019-09-28 05:20:08,173 [Datanode State Machine Thread - 0] INFO  ozoneimpl.OzoneContainer (OzoneContainer.java:startContainerScrub(179)) - Background container scanner has been disabled.
2019-09-28 05:20:08,173 [Datanode State Machine Thread - 0] INFO  ratis.XceiverServerRatis (XceiverServerRatis.java:start(411)) - Starting XceiverServerRatis 8e781dd0-206b-4bcd-9fba-4b95742bd983 at port 0
2019-09-28 05:20:08,181 [Datanode State Machine Thread - 0] INFO  impl.RaftServerProxy (RaftServerProxy.java:lambda$start$3(299)) - 8e781dd0-206b-4bcd-9fba-4b95742bd983: start RPC server
2019-09-28 05:20:08,247 [Datanode State Machine Thread - 0] INFO  ozoneimpl.OzoneContainer (OzoneContainer.java:start(217)) - Attempting to start container services.
2019-09-28 05:20:08,247 [Datanode State Machine Thread - 0] INFO  ozoneimpl.OzoneContainer (OzoneContainer.java:startContainerScrub(179)) - Background container scanner has been disabled.
2019-09-28 05:20:08,248 [Datanode State Machine Thread - 0] INFO  ratis.XceiverServerRatis (XceiverServerRatis.java:start(411)) - Starting XceiverServerRatis 2281b324-f854-4a95-af39-03dc79ba966d at port 0
2019-09-28 05:20:08,265 [Datanode State Machine Thread - 0] INFO  impl.RaftServerProxy (RaftServerProxy.java:lambda$start$3(299)) - 2281b324-f854-4a95-af39-03dc79ba966d: start RPC server
2019-09-28 05:20:08,265 [Datanode State Machine Thread - 0] INFO  server.GrpcService (GrpcService.java:startImpl(158)) - df93b021-79d7-434f-92a0-2f93bc69c3ad: GrpcService started, listening on 0.0.0.0/0.0.0.0:40601
2019-09-28 05:20:08,265 [Datanode State Machine Thread - 0] INFO  server.GrpcService (GrpcService.java:startImpl(158)) - 8e781dd0-206b-4bcd-9fba-4b95742bd983: GrpcService started, listening on 0.0.0.0/0.0.0.0:36797
2019-09-28 05:20:08,265 [Datanode State Machine Thread - 0] INFO  server.GrpcService (GrpcService.java:startImpl(158)) - 5f286e7f-19f8-4729-a00b-ef22147f3cdc: GrpcService started, listening on 0.0.0.0/0.0.0.0:36144
2019-09-28 05:20:08,267 [Datanode State Machine Thread - 0] INFO  ratis.XceiverServerRatis (XceiverServerRatis.java:start(421)) - XceiverServerRatis 8e781dd0-206b-4bcd-9fba-4b95742bd983 is started using port 36797
2019-09-28 05:20:08,266 [Datanode State Machine Thread - 0] INFO  ratis.XceiverServerRatis (XceiverServerRatis.java:start(421)) - XceiverServerRatis df93b021-79d7-434f-92a0-2f93bc69c3ad is started using port 40601
2019-09-28 05:20:08,268 [Datanode State Machine Thread - 0] INFO  server.GrpcService (GrpcService.java:startImpl(158)) - 2281b324-f854-4a95-af39-03dc79ba966d: GrpcService started, listening on 0.0.0.0/0.0.0.0:46286
2019-09-28 05:20:08,268 [Datanode State Machine Thread - 0] INFO  ratis.XceiverServerRatis (XceiverServerRatis.java:start(421)) - XceiverServerRatis 5f286e7f-19f8-4729-a00b-ef22147f3cdc is started using port 36144
2019-09-28 05:20:08,269 [Datanode State Machine Thread - 0] INFO  ratis.XceiverServerRatis (XceiverServerRatis.java:start(421)) - XceiverServerRatis 2281b324-f854-4a95-af39-03dc79ba966d is started using port 46286
2019-09-28 05:20:08,278 [Datanode State Machine Thread - 0] INFO  server.XceiverServerGrpc (XceiverServerGrpc.java:start(149)) - XceiverServerGrpc 8e781dd0-206b-4bcd-9fba-4b95742bd983 is started using port 41957
2019-09-28 05:20:08,278 [Datanode State Machine Thread - 0] INFO  server.XceiverServerGrpc (XceiverServerGrpc.java:start(149)) - XceiverServerGrpc 2281b324-f854-4a95-af39-03dc79ba966d is started using port 33925
2019-09-28 05:20:08,279 [Datanode State Machine Thread - 0] INFO  server.XceiverServerGrpc (XceiverServerGrpc.java:start(149)) - XceiverServerGrpc df93b021-79d7-434f-92a0-2f93bc69c3ad is started using port 34960
2019-09-28 05:20:08,279 [Datanode State Machine Thread - 0] INFO  server.XceiverServerGrpc (XceiverServerGrpc.java:start(149)) - XceiverServerGrpc 5f286e7f-19f8-4729-a00b-ef22147f3cdc is started using port 34457
2019-09-28 05:20:08,318 [Datanode State Machine Thread - 0] INFO  ozoneimpl.OzoneContainer (OzoneContainer.java:start(217)) - Attempting to start container services.
2019-09-28 05:20:08,318 [Datanode State Machine Thread - 0] INFO  ozoneimpl.OzoneContainer (OzoneContainer.java:startContainerScrub(179)) - Background container scanner has been disabled.
2019-09-28 05:20:08,319 [Datanode State Machine Thread - 0] INFO  ratis.XceiverServerRatis (XceiverServerRatis.java:start(411)) - Starting XceiverServerRatis b872e21c-1358-4bb4-b15c-ab96323b2cb2 at port 0
2019-09-28 05:20:08,324 [Datanode State Machine Thread - 0] INFO  impl.RaftServerProxy (RaftServerProxy.java:lambda$start$3(299)) - b872e21c-1358-4bb4-b15c-ab96323b2cb2: start RPC server
2019-09-28 05:20:08,327 [Datanode State Machine Thread - 0] INFO  server.GrpcService (GrpcService.java:startImpl(158)) - b872e21c-1358-4bb4-b15c-ab96323b2cb2: GrpcService started, listening on 0.0.0.0/0.0.0.0:40730
2019-09-28 05:20:08,328 [Datanode State Machine Thread - 0] INFO  ratis.XceiverServerRatis (XceiverServerRatis.java:start(421)) - XceiverServerRatis b872e21c-1358-4bb4-b15c-ab96323b2cb2 is started using port 40730
2019-09-28 05:20:08,331 [Datanode State Machine Thread - 0] INFO  server.XceiverServerGrpc (XceiverServerGrpc.java:start(149)) - XceiverServerGrpc b872e21c-1358-4bb4-b15c-ab96323b2cb2 is started using port 34649
2019-09-28 05:20:08,394 [Datanode State Machine Thread - 0] INFO  ozoneimpl.OzoneContainer (OzoneContainer.java:start(217)) - Attempting to start container services.
2019-09-28 05:20:08,394 [Datanode State Machine Thread - 0] INFO  ozoneimpl.OzoneContainer (OzoneContainer.java:startContainerScrub(179)) - Background container scanner has been disabled.
2019-09-28 05:20:08,395 [Datanode State Machine Thread - 0] INFO  ratis.XceiverServerRatis (XceiverServerRatis.java:start(411)) - Starting XceiverServerRatis 0ba2b8dd-18f6-415c-ba16-f29fd4260be6 at port 0
2019-09-28 05:20:08,402 [Datanode State Machine Thread - 0] INFO  impl.RaftServerProxy (RaftServerProxy.java:lambda$start$3(299)) - 0ba2b8dd-18f6-415c-ba16-f29fd4260be6: start RPC server
2019-09-28 05:20:08,406 [Datanode State Machine Thread - 0] INFO  server.GrpcService (GrpcService.java:startImpl(158)) - 0ba2b8dd-18f6-415c-ba16-f29fd4260be6: GrpcService started, listening on 0.0.0.0/0.0.0.0:40559
2019-09-28 05:20:08,406 [Datanode State Machine Thread - 0] INFO  ratis.XceiverServerRatis (XceiverServerRatis.java:start(421)) - XceiverServerRatis 0ba2b8dd-18f6-415c-ba16-f29fd4260be6 is started using port 40559
2019-09-28 05:20:08,410 [Datanode State Machine Thread - 0] INFO  server.XceiverServerGrpc (XceiverServerGrpc.java:start(149)) - XceiverServerGrpc 0ba2b8dd-18f6-415c-ba16-f29fd4260be6 is started using port 43654
2019-09-28 05:20:08,471 [Datanode State Machine Thread - 0] INFO  ozoneimpl.OzoneContainer (OzoneContainer.java:start(217)) - Attempting to start container services.
2019-09-28 05:20:08,472 [Datanode State Machine Thread - 0] INFO  ozoneimpl.OzoneContainer (OzoneContainer.java:startContainerScrub(179)) - Background container scanner has been disabled.
2019-09-28 05:20:08,472 [Datanode State Machine Thread - 0] INFO  ratis.XceiverServerRatis (XceiverServerRatis.java:start(411)) - Starting XceiverServerRatis 3146fa5d-e5c6-4e63-841a-7d53ea24ae40 at port 0
2019-09-28 05:20:08,478 [Datanode State Machine Thread - 0] INFO  impl.RaftServerProxy (RaftServerProxy.java:lambda$start$3(299)) - 3146fa5d-e5c6-4e63-841a-7d53ea24ae40: start RPC server
2019-09-28 05:20:08,483 [Datanode State Machine Thread - 0] INFO  server.GrpcService (GrpcService.java:startImpl(158)) - 3146fa5d-e5c6-4e63-841a-7d53ea24ae40: GrpcService started, listening on 0.0.0.0/0.0.0.0:37509
2019-09-28 05:20:08,483 [Datanode State Machine Thread - 0] INFO  ratis.XceiverServerRatis (XceiverServerRatis.java:start(421)) - XceiverServerRatis 3146fa5d-e5c6-4e63-841a-7d53ea24ae40 is started using port 37509
2019-09-28 05:20:08,489 [Datanode State Machine Thread - 0] INFO  server.XceiverServerGrpc (XceiverServerGrpc.java:start(149)) - XceiverServerGrpc 3146fa5d-e5c6-4e63-841a-7d53ea24ae40 is started using port 34420
2019-09-28 05:20:08,544 [Datanode State Machine Thread - 0] INFO  ozoneimpl.OzoneContainer (OzoneContainer.java:start(217)) - Attempting to start container services.
2019-09-28 05:20:08,545 [Datanode State Machine Thread - 0] INFO  ozoneimpl.OzoneContainer (OzoneContainer.java:startContainerScrub(179)) - Background container scanner has been disabled.
2019-09-28 05:20:08,545 [Datanode State Machine Thread - 0] INFO  ratis.XceiverServerRatis (XceiverServerRatis.java:start(411)) - Starting XceiverServerRatis 2c46d123-7bf4-4340-80ca-a2d1885ebc1e at port 0
2019-09-28 05:20:08,552 [Datanode State Machine Thread - 0] INFO  impl.RaftServerProxy (RaftServerProxy.java:lambda$start$3(299)) - 2c46d123-7bf4-4340-80ca-a2d1885ebc1e: start RPC server
2019-09-28 05:20:08,557 [Datanode State Machine Thread - 0] INFO  server.GrpcService (GrpcService.java:startImpl(158)) - 2c46d123-7bf4-4340-80ca-a2d1885ebc1e: GrpcService started, listening on 0.0.0.0/0.0.0.0:37073
2019-09-28 05:20:08,557 [Datanode State Machine Thread - 0] INFO  ratis.XceiverServerRatis (XceiverServerRatis.java:start(421)) - XceiverServerRatis 2c46d123-7bf4-4340-80ca-a2d1885ebc1e is started using port 37073
2019-09-28 05:20:08,562 [Datanode State Machine Thread - 0] INFO  server.XceiverServerGrpc (XceiverServerGrpc.java:start(149)) - XceiverServerGrpc 2c46d123-7bf4-4340-80ca-a2d1885ebc1e is started using port 43689
2019-09-28 05:20:08,616 [Datanode State Machine Thread - 0] INFO  ozoneimpl.OzoneContainer (OzoneContainer.java:start(217)) - Attempting to start container services.
2019-09-28 05:20:08,616 [Datanode State Machine Thread - 0] INFO  ozoneimpl.OzoneContainer (OzoneContainer.java:startContainerScrub(179)) - Background container scanner has been disabled.
2019-09-28 05:20:08,616 [Datanode State Machine Thread - 0] INFO  ratis.XceiverServerRatis (XceiverServerRatis.java:start(411)) - Starting XceiverServerRatis 41214e76-7810-48ed-8d90-f7ee0082eb9b at port 0
2019-09-28 05:20:08,623 [Datanode State Machine Thread - 0] INFO  impl.RaftServerProxy (RaftServerProxy.java:lambda$start$3(299)) - 41214e76-7810-48ed-8d90-f7ee0082eb9b: start RPC server
2019-09-28 05:20:08,629 [Datanode State Machine Thread - 0] INFO  server.GrpcService (GrpcService.java:startImpl(158)) - 41214e76-7810-48ed-8d90-f7ee0082eb9b: GrpcService started, listening on 0.0.0.0/0.0.0.0:43991
2019-09-28 05:20:08,629 [Datanode State Machine Thread - 0] INFO  ratis.XceiverServerRatis (XceiverServerRatis.java:start(421)) - XceiverServerRatis 41214e76-7810-48ed-8d90-f7ee0082eb9b is started using port 43991
2019-09-28 05:20:08,645 [Datanode State Machine Thread - 0] INFO  server.XceiverServerGrpc (XceiverServerGrpc.java:start(149)) - XceiverServerGrpc 41214e76-7810-48ed-8d90-f7ee0082eb9b is started using port 44622
2019-09-28 05:20:08,674 [main] INFO  ozone.MiniOzoneClusterImpl (MiniOzoneClusterImpl.java:lambda$waitForClusterToBeReady$0(147)) - Waiting for cluster to be ready. Got 0 of 10 DN Heartbeats.
2019-09-28 05:20:08,689 [Datanode State Machine Thread - 0] INFO  ozoneimpl.OzoneContainer (OzoneContainer.java:start(217)) - Attempting to start container services.
2019-09-28 05:20:08,689 [Datanode State Machine Thread - 0] INFO  ozoneimpl.OzoneContainer (OzoneContainer.java:startContainerScrub(179)) - Background container scanner has been disabled.
2019-09-28 05:20:08,689 [Datanode State Machine Thread - 0] INFO  ratis.XceiverServerRatis (XceiverServerRatis.java:start(411)) - Starting XceiverServerRatis 1081e6c3-a479-41d4-bd3b-fa3b39302f1a at port 0
2019-09-28 05:20:08,729 [Datanode State Machine Thread - 0] INFO  impl.RaftServerProxy (RaftServerProxy.java:lambda$start$3(299)) - 1081e6c3-a479-41d4-bd3b-fa3b39302f1a: start RPC server
2019-09-28 05:20:08,745 [Datanode State Machine Thread - 0] INFO  server.GrpcService (GrpcService.java:startImpl(158)) - 1081e6c3-a479-41d4-bd3b-fa3b39302f1a: GrpcService started, listening on 0.0.0.0/0.0.0.0:41993
2019-09-28 05:20:08,746 [Datanode State Machine Thread - 0] INFO  ratis.XceiverServerRatis (XceiverServerRatis.java:start(421)) - XceiverServerRatis 1081e6c3-a479-41d4-bd3b-fa3b39302f1a is started using port 41993
2019-09-28 05:20:08,765 [Datanode State Machine Thread - 0] INFO  server.XceiverServerGrpc (XceiverServerGrpc.java:start(149)) - XceiverServerGrpc 1081e6c3-a479-41d4-bd3b-fa3b39302f1a is started using port 36499
2019-09-28 05:20:09,675 [main] INFO  ozone.MiniOzoneClusterImpl (MiniOzoneClusterImpl.java:lambda$waitForClusterToBeReady$0(147)) - Waiting for cluster to be ready. Got 0 of 10 DN Heartbeats.
2019-09-28 05:20:10,048 [IPC Server handler 3 on 38445] INFO  net.NetworkTopology (NetworkTopologyImpl.java:add(111)) - Added a new node: /default-rack/5f286e7f-19f8-4729-a00b-ef22147f3cdc
2019-09-28 05:20:10,048 [IPC Server handler 3 on 38445] INFO  node.SCMNodeManager (SCMNodeManager.java:register(266)) - Registered Data node : 5f286e7f-19f8-4729-a00b-ef22147f3cdc{ip: 192.168.151.82, host: pr-hdds-2162-8g7kw-3348123894, networkLocation: /default-rack, certSerialId: null}
2019-09-28 05:20:10,055 [EventQueue-NodeRegistrationContainerReportForDataNodeSafeModeRule] INFO  safemode.SCMSafeModeManager (DataNodeSafeModeRule.java:process(71)) - SCM in safe mode. 1 DataNodes registered, 1 required.
2019-09-28 05:20:10,056 [EventQueue-NodeRegistrationContainerReportForDataNodeSafeModeRule] INFO  safemode.SCMSafeModeManager (SCMSafeModeManager.java:validateSafeModeExitRules(177)) - ScmSafeModeManager, all rules are successfully validated
2019-09-28 05:20:10,056 [EventQueue-NodeRegistrationContainerReportForDataNodeSafeModeRule] INFO  safemode.SCMSafeModeManager (SCMSafeModeManager.java:exitSafeMode(193)) - SCM exiting safe mode.
2019-09-28 05:20:10,087 [IPC Server handler 4 on 38445] INFO  net.NetworkTopology (NetworkTopologyImpl.java:add(111)) - Added a new node: /default-rack/df93b021-79d7-434f-92a0-2f93bc69c3ad
2019-09-28 05:20:10,087 [IPC Server handler 4 on 38445] INFO  node.SCMNodeManager (SCMNodeManager.java:register(266)) - Registered Data node : df93b021-79d7-434f-92a0-2f93bc69c3ad{ip: 192.168.151.82, host: pr-hdds-2162-8g7kw-3348123894, networkLocation: /default-rack, certSerialId: null}
2019-09-28 05:20:10,160 [IPC Server handler 5 on 38445] INFO  net.NetworkTopology (NetworkTopologyImpl.java:add(111)) - Added a new node: /default-rack/8e781dd0-206b-4bcd-9fba-4b95742bd983
2019-09-28 05:20:10,160 [IPC Server handler 5 on 38445] INFO  node.SCMNodeManager (SCMNodeManager.java:register(266)) - Registered Data node : 8e781dd0-206b-4bcd-9fba-4b95742bd983{ip: 192.168.151.82, host: pr-hdds-2162-8g7kw-3348123894, networkLocation: /default-rack, certSerialId: null}
2019-09-28 05:20:10,232 [IPC Server handler 6 on 38445] INFO  net.NetworkTopology (NetworkTopologyImpl.java:add(111)) - Added a new node: /default-rack/2281b324-f854-4a95-af39-03dc79ba966d
2019-09-28 05:20:10,232 [IPC Server handler 6 on 38445] INFO  node.SCMNodeManager (SCMNodeManager.java:register(266)) - Registered Data node : 2281b324-f854-4a95-af39-03dc79ba966d{ip: 192.168.151.82, host: pr-hdds-2162-8g7kw-3348123894, networkLocation: /default-rack, certSerialId: null}
2019-09-28 05:20:10,308 [IPC Server handler 7 on 38445] INFO  net.NetworkTopology (NetworkTopologyImpl.java:add(111)) - Added a new node: /default-rack/b872e21c-1358-4bb4-b15c-ab96323b2cb2
2019-09-28 05:20:10,309 [IPC Server handler 7 on 38445] INFO  node.SCMNodeManager (SCMNodeManager.java:register(266)) - Registered Data node : b872e21c-1358-4bb4-b15c-ab96323b2cb2{ip: 192.168.151.82, host: pr-hdds-2162-8g7kw-3348123894, networkLocation: /default-rack, certSerialId: null}
2019-09-28 05:20:10,382 [IPC Server handler 8 on 38445] INFO  net.NetworkTopology (NetworkTopologyImpl.java:add(111)) - Added a new node: /default-rack/0ba2b8dd-18f6-415c-ba16-f29fd4260be6
2019-09-28 05:20:10,382 [IPC Server handler 8 on 38445] INFO  node.SCMNodeManager (SCMNodeManager.java:register(266)) - Registered Data node : 0ba2b8dd-18f6-415c-ba16-f29fd4260be6{ip: 192.168.151.82, host: pr-hdds-2162-8g7kw-3348123894, networkLocation: /default-rack, certSerialId: null}
2019-09-28 05:20:10,473 [IPC Server handler 9 on 38445] INFO  net.NetworkTopology (NetworkTopologyImpl.java:add(111)) - Added a new node: /default-rack/3146fa5d-e5c6-4e63-841a-7d53ea24ae40
2019-09-28 05:20:10,473 [IPC Server handler 9 on 38445] INFO  node.SCMNodeManager (SCMNodeManager.java:register(266)) - Registered Data node : 3146fa5d-e5c6-4e63-841a-7d53ea24ae40{ip: 192.168.151.82, host: pr-hdds-2162-8g7kw-3348123894, networkLocation: /default-rack, certSerialId: null}
2019-09-28 05:20:10,532 [IPC Server handler 1 on 38445] INFO  net.NetworkTopology (NetworkTopologyImpl.java:add(111)) - Added a new node: /default-rack/2c46d123-7bf4-4340-80ca-a2d1885ebc1e
2019-09-28 05:20:10,532 [IPC Server handler 1 on 38445] INFO  node.SCMNodeManager (SCMNodeManager.java:register(266)) - Registered Data node : 2c46d123-7bf4-4340-80ca-a2d1885ebc1e{ip: 192.168.151.82, host: pr-hdds-2162-8g7kw-3348123894, networkLocation: /default-rack, certSerialId: null}
2019-09-28 05:20:10,603 [IPC Server handler 2 on 38445] INFO  net.NetworkTopology (NetworkTopologyImpl.java:add(111)) - Added a new node: /default-rack/41214e76-7810-48ed-8d90-f7ee0082eb9b
2019-09-28 05:20:10,604 [IPC Server handler 2 on 38445] INFO  node.SCMNodeManager (SCMNodeManager.java:register(266)) - Registered Data node : 41214e76-7810-48ed-8d90-f7ee0082eb9b{ip: 192.168.151.82, host: pr-hdds-2162-8g7kw-3348123894, networkLocation: /default-rack, certSerialId: null}
2019-09-28 05:20:10,658 [grpc-default-executor-0] INFO  impl.RaftServerProxy (RaftServerProxy.java:addNew(89)) - 5f286e7f-19f8-4729-a00b-ef22147f3cdc: addNew group-3552DA693E32:[5f286e7f-19f8-4729-a00b-ef22147f3cdc:192.168.151.82:36144] returns group-3552DA693E32:java.util.concurrent.CompletableFuture@77e5cdb5[Not completed]
2019-09-28 05:20:10,693 [main] INFO  ozone.MiniOzoneClusterImpl (MiniOzoneClusterImpl.java:lambda$waitForClusterToBeReady$0(147)) - Waiting for cluster to be ready. Got 9 of 10 DN Heartbeats.
2019-09-28 05:20:10,709 [IPC Server handler 3 on 38445] INFO  net.NetworkTopology (NetworkTopologyImpl.java:add(111)) - Added a new node: /default-rack/1081e6c3-a479-41d4-bd3b-fa3b39302f1a
2019-09-28 05:20:10,709 [IPC Server handler 3 on 38445] INFO  node.SCMNodeManager (SCMNodeManager.java:register(266)) - Registered Data node : 1081e6c3-a479-41d4-bd3b-fa3b39302f1a{ip: 192.168.151.82, host: pr-hdds-2162-8g7kw-3348123894, networkLocation: /default-rack, certSerialId: null}
2019-09-28 05:20:10,719 [pool-27-thread-1] INFO  impl.RaftServerImpl (RaftServerImpl.java:<init>(95)) - 5f286e7f-19f8-4729-a00b-ef22147f3cdc: new RaftServerImpl for group-3552DA693E32:[5f286e7f-19f8-4729-a00b-ef22147f3cdc:192.168.151.82:36144] with ContainerStateMachine:uninitialized
2019-09-28 05:20:10,721 [pool-27-thread-1] INFO  server.RaftServerConfigKeys (ConfUtils.java:logGet(43)) - raft.server.rpc.timeout.min = 5s (custom)
2019-09-28 05:20:10,723 [pool-27-thread-1] INFO  server.RaftServerConfigKeys (ConfUtils.java:logGet(43)) - raft.server.rpc.timeout.max = 5200ms (custom)
2019-09-28 05:20:10,723 [pool-27-thread-1] INFO  server.RaftServerConfigKeys (ConfUtils.java:logGet(43)) - raft.server.rpcslowness.timeout = 120s (custom)
2019-09-28 05:20:10,724 [pool-27-thread-1] INFO  server.RaftServerConfigKeys (ConfUtils.java:logGet(43)) - raft.server.sleep.deviation.threshold = 300 (default)
2019-09-28 05:20:10,725 [pool-27-thread-1] INFO  server.RaftServerConfigKeys (ConfUtils.java:logGet(43)) - raft.server.log.appender.install.snapshot.enabled = false (custom)
2019-09-28 05:20:10,735 [pool-27-thread-1] INFO  impl.RaftServerImpl (ServerState.java:<init>(103)) - 5f286e7f-19f8-4729-a00b-ef22147f3cdc@group-3552DA693E32: ConfigurationManager, init=-1: [5f286e7f-19f8-4729-a00b-ef22147f3cdc:192.168.151.82:36144], old=null, confs=<EMPTY_MAP>
2019-09-28 05:20:10,735 [pool-27-thread-1] INFO  server.RaftServerConfigKeys (ConfUtils.java:logGet(43)) - raft.server.storage.dir = [/workdir/hadoop-ozone/ozonefs/target/test-dir/MiniOzoneClusterImpl-e9b0d3cb-1d9a-4496-a942-908b9fc97c2b/datanode-0/data/ratis] (custom)
2019-09-28 05:20:10,743 [pool-27-thread-1] INFO  storage.RaftStorageDirectory (RaftStorageDirectory.java:analyzeStorage(246)) - The storage directory /workdir/hadoop-ozone/ozonefs/target/test-dir/MiniOzoneClusterImpl-e9b0d3cb-1d9a-4496-a942-908b9fc97c2b/datanode-0/data/ratis/88c9f71b-5859-48df-bdce-3552da693e32 does not exist. Creating ...
2019-09-28 05:20:10,761 [pool-27-thread-1] INFO  storage.RaftStorageDirectory (RaftStorageDirectory.java:tryLock(328)) - Lock on /workdir/hadoop-ozone/ozonefs/target/test-dir/MiniOzoneClusterImpl-e9b0d3cb-1d9a-4496-a942-908b9fc97c2b/datanode-0/data/ratis/88c9f71b-5859-48df-bdce-3552da693e32/in_use.lock acquired by nodename 9033@pr-hdds-2162-8g7kw-3348123894
2019-09-28 05:20:10,779 [pool-27-thread-1] INFO  storage.RaftStorage (RaftStorage.java:format(72)) - Storage directory /workdir/hadoop-ozone/ozonefs/target/test-dir/MiniOzoneClusterImpl-e9b0d3cb-1d9a-4496-a942-908b9fc97c2b/datanode-0/data/ratis/88c9f71b-5859-48df-bdce-3552da693e32 has been successfully formatted.
2019-09-28 05:20:10,782 [pool-27-thread-1] INFO  ratis.ContainerStateMachine (ContainerStateMachine.java:loadSnapshot(230)) - group-3552DA693E32: The snapshot info is null. Setting the last applied indexto:(t:0, i:~)
2019-09-28 05:20:10,782 [pool-27-thread-1] INFO  server.RaftServerConfigKeys (ConfUtils.java:logGet(43)) - raft.server.notification.no-leader.timeout = 120s (custom)
2019-09-28 05:20:10,785 [pool-27-thread-1] INFO  server.RaftServerConfigKeys (ConfUtils.java:logGet(43)) - raft.server.log.use.memory = false (default)
2019-09-28 05:20:10,793 [pool-27-thread-1] INFO  server.RaftServerConfigKeys (ConfUtils.java:logGet(43)) - raft.server.log.purge.gap = 1000000 (custom)
2019-09-28 05:20:10,793 [pool-27-thread-1] INFO  server.RaftServerConfigKeys (ConfUtils.java:logGet(43)) - raft.server.log.appender.buffer.byte-limit = 33554432 (custom)
2019-09-28 05:20:10,797 [pool-27-thread-1] INFO  server.RaftServerConfigKeys (ConfUtils.java:logGet(43)) - raft.server.log.segment.size.max = 1048576 (custom)
2019-09-28 05:20:10,803 [pool-27-thread-1] INFO  server.RaftServerConfigKeys (ConfUtils.java:logGet(43)) - raft.server.log.segment.cache.num.max = 2 (custom)
2019-09-28 05:20:10,810 [pool-27-thread-1] INFO  segmented.SegmentedRaftLogWorker (SegmentedRaftLogWorker.java:<init>(172)) - new 5f286e7f-19f8-4729-a00b-ef22147f3cdc@group-3552DA693E32-SegmentedRaftLogWorker for RaftStorage:Storage Directory /workdir/hadoop-ozone/ozonefs/target/test-dir/MiniOzoneClusterImpl-e9b0d3cb-1d9a-4496-a942-908b9fc97c2b/datanode-0/data/ratis/88c9f71b-5859-48df-bdce-3552da693e32
2019-09-28 05:20:10,812 [pool-27-thread-1] INFO  impl.MetricsSystemImpl (MetricsSystemImpl.java:init(158)) - ratis metrics system started (again)
2019-09-28 05:20:10,820 [pool-27-thread-1] INFO  metrics.MetricRegistries (MetricRegistriesLoader.java:load(64)) - Loaded MetricRegistries class org.apache.ratis.metrics.impl.MetricRegistriesImpl
2019-09-28 05:20:10,857 [pool-27-thread-1] INFO  server.RaftServerConfigKeys (ConfUtils.java:logGet(43)) - raft.server.log.queue.byte-limit = 2147483647 (custom)
2019-09-28 05:20:10,857 [pool-27-thread-1] INFO  server.RaftServerConfigKeys (ConfUtils.java:logGet(43)) - raft.server.log.queue.element-limit = 1024 (custom)
2019-09-28 05:20:10,861 [pool-27-thread-1] INFO  server.RaftServerConfigKeys (ConfUtils.java:logGet(43)) - raft.server.log.segment.size.max = 1048576 (custom)
2019-09-28 05:20:10,861 [pool-27-thread-1] INFO  server.RaftServerConfigKeys (ConfUtils.java:logGet(43)) - raft.server.log.preallocated.size = 16384 (custom)
2019-09-28 05:20:10,862 [pool-27-thread-1] INFO  server.RaftServerConfigKeys (ConfUtils.java:logGet(43)) - raft.server.log.write.buffer.size = 33554432 (custom)
2019-09-28 05:20:10,862 [pool-27-thread-1] INFO  server.RaftServerConfigKeys (ConfUtils.java:logGet(43)) - raft.server.log.force.sync.num = 128 (default)
2019-09-28 05:20:10,863 [pool-27-thread-1] INFO  server.RaftServerConfigKeys (ConfUtils.java:logGet(43)) - raft.server.log.statemachine.data.sync = true (default)
2019-09-28 05:20:10,864 [pool-27-thread-1] INFO  server.RaftServerConfigKeys (ConfUtils.java:logGet(43)) - raft.server.log.statemachine.data.sync.timeout = 10s (default)
2019-09-28 05:20:10,864 [pool-27-thread-1] INFO  server.RaftServerConfigKeys (ConfUtils.java:logGet(43)) - raft.server.log.statemachine.data.sync.timeout.retry = -1 (default)
2019-09-28 05:20:10,874 [pool-27-thread-1] INFO  server.RaftServerConfigKeys (ConfUtils.java:logGet(43)) - raft.server.log.statemachine.data.caching.enabled = true (custom)
2019-09-28 05:20:10,878 [pool-27-thread-1] INFO  segmented.SegmentedRaftLogWorker (SegmentedRaftLogWorker.java:lambda$new$0(132)) - 5f286e7f-19f8-4729-a00b-ef22147f3cdc@group-3552DA693E32-SegmentedRaftLogWorker: flushIndex: setUnconditionally 0 -> -1
2019-09-28 05:20:10,883 [pool-27-thread-1] INFO  server.RaftServerConfigKeys (ConfUtils.java:logGet(43)) - raft.server.snapshot.auto.trigger.enabled = true (custom)
2019-09-28 05:20:10,883 [pool-27-thread-1] INFO  server.RaftServerConfigKeys (ConfUtils.java:logGet(43)) - raft.server.snapshot.auto.trigger.threshold = 10000 (custom)
2019-09-28 05:20:10,884 [pool-27-thread-1] INFO  server.RaftServerConfigKeys (ConfUtils.java:logGet(43)) - raft.server.snapshot.retention.num.files = 5 (custom)
2019-09-28 05:20:10,884 [pool-27-thread-1] INFO  server.RaftServerConfigKeys (ConfUtils.java:logGet(43)) - raft.server.retrycache.expirytime = 600000ms (custom)
2019-09-28 05:20:10,912 [pool-27-thread-1] INFO  impl.RaftServerImpl (RaftServerImpl.java:start(185)) - 5f286e7f-19f8-4729-a00b-ef22147f3cdc@group-3552DA693E32: start as a follower, conf=-1: [5f286e7f-19f8-4729-a00b-ef22147f3cdc:192.168.151.82:36144], old=null
2019-09-28 05:20:10,914 [pool-27-thread-1] INFO  impl.RaftServerImpl (RaftServerImpl.java:setRole(174)) - 5f286e7f-19f8-4729-a00b-ef22147f3cdc@group-3552DA693E32: changes role from      null to FOLLOWER at term 0 for startAsFollower
2019-09-28 05:20:10,915 [pool-27-thread-1] INFO  impl.RoleInfo (RoleInfo.java:updateAndGet(143)) - 5f286e7f-19f8-4729-a00b-ef22147f3cdc: start FollowerState
2019-09-28 05:20:10,917 [pool-27-thread-1] INFO  util.JmxRegister (JmxRegister.java:tryRegister(44)) - Successfully registered JMX Bean with object name Ratis:service=RaftServer,group=group-3552DA693E32,id=5f286e7f-19f8-4729-a00b-ef22147f3cdc
2019-09-28 05:20:10,994 [RatisPipelineUtilsThread] INFO  pipeline.PipelineStateManager (PipelineStateManager.java:addPipeline(56)) - Created pipeline Pipeline[ Id: 88c9f71b-5859-48df-bdce-3552da693e32, Nodes: 5f286e7f-19f8-4729-a00b-ef22147f3cdc{ip: 192.168.151.82, host: pr-hdds-2162-8g7kw-3348123894, networkLocation: /default-rack, certSerialId: null}, Type:RATIS, Factor:ONE, State:OPEN]
2019-09-28 05:20:11,023 [grpc-default-executor-0] INFO  impl.RaftServerProxy (RaftServerProxy.java:addNew(89)) - b872e21c-1358-4bb4-b15c-ab96323b2cb2: addNew group-173836C1F402:[b872e21c-1358-4bb4-b15c-ab96323b2cb2:192.168.151.82:40730] returns group-173836C1F402:java.util.concurrent.CompletableFuture@734b2e7b[Not completed]
2019-09-28 05:20:11,095 [pool-67-thread-1] INFO  impl.RaftServerImpl (RaftServerImpl.java:<init>(95)) - b872e21c-1358-4bb4-b15c-ab96323b2cb2: new RaftServerImpl for group-173836C1F402:[b872e21c-1358-4bb4-b15c-ab96323b2cb2:192.168.151.82:40730] with ContainerStateMachine:uninitialized
2019-09-28 05:20:11,097 [pool-67-thread-1] INFO  server.RaftServerConfigKeys (ConfUtils.java:logGet(43)) - raft.server.rpc.timeout.min = 5s (custom)
2019-09-28 05:20:11,097 [pool-67-thread-1] INFO  server.RaftServerConfigKeys (ConfUtils.java:logGet(43)) - raft.server.rpc.timeout.max = 5200ms (custom)
2019-09-28 05:20:11,097 [pool-67-thread-1] INFO  server.RaftServerConfigKeys (ConfUtils.java:logGet(43)) - raft.server.rpcslowness.timeout = 120s (custom)
2019-09-28 05:20:11,097 [pool-67-thread-1] INFO  server.RaftServerConfigKeys (ConfUtils.java:logGet(43)) - raft.server.sleep.deviation.threshold = 300 (default)
2019-09-28 05:20:11,098 [pool-67-thread-1] INFO  server.RaftServerConfigKeys (ConfUtils.java:logGet(43)) - raft.server.log.appender.install.snapshot.enabled = false (custom)
2019-09-28 05:20:11,098 [pool-67-thread-1] INFO  impl.RaftServerImpl (ServerState.java:<init>(103)) - b872e21c-1358-4bb4-b15c-ab96323b2cb2@group-173836C1F402: ConfigurationManager, init=-1: [b872e21c-1358-4bb4-b15c-ab96323b2cb2:192.168.151.82:40730], old=null, confs=<EMPTY_MAP>
2019-09-28 05:20:11,098 [pool-67-thread-1] INFO  server.RaftServerConfigKeys (ConfUtils.java:logGet(43)) - raft.server.storage.dir = [/workdir/hadoop-ozone/ozonefs/target/test-dir/MiniOzoneClusterImpl-e9b0d3cb-1d9a-4496-a942-908b9fc97c2b/datanode-4/data/ratis] (custom)
2019-09-28 05:20:11,098 [pool-67-thread-1] INFO  storage.RaftStorageDirectory (RaftStorageDirectory.java:analyzeStorage(246)) - The storage directory /workdir/hadoop-ozone/ozonefs/target/test-dir/MiniOzoneClusterImpl-e9b0d3cb-1d9a-4496-a942-908b9fc97c2b/datanode-4/data/ratis/66674730-f1f6-40fe-b297-173836c1f402 does not exist. Creating ...
2019-09-28 05:20:11,113 [pool-67-thread-1] INFO  storage.RaftStorageDirectory (RaftStorageDirectory.java:tryLock(328)) - Lock on /workdir/hadoop-ozone/ozonefs/target/test-dir/MiniOzoneClusterImpl-e9b0d3cb-1d9a-4496-a942-908b9fc97c2b/datanode-4/data/ratis/66674730-f1f6-40fe-b297-173836c1f402/in_use.lock acquired by nodename 9033@pr-hdds-2162-8g7kw-3348123894
2019-09-28 05:20:11,126 [pool-67-thread-1] INFO  storage.RaftStorage (RaftStorage.java:format(72)) - Storage directory /workdir/hadoop-ozone/ozonefs/target/test-dir/MiniOzoneClusterImpl-e9b0d3cb-1d9a-4496-a942-908b9fc97c2b/datanode-4/data/ratis/66674730-f1f6-40fe-b297-173836c1f402 has been successfully formatted.
2019-09-28 05:20:11,128 [pool-67-thread-1] INFO  ratis.ContainerStateMachine (ContainerStateMachine.java:loadSnapshot(230)) - group-173836C1F402: The snapshot info is null. Setting the last applied indexto:(t:0, i:~)
2019-09-28 05:20:11,129 [pool-67-thread-1] INFO  server.RaftServerConfigKeys (ConfUtils.java:logGet(43)) - raft.server.notification.no-leader.timeout = 120s (custom)
2019-09-28 05:20:11,129 [pool-67-thread-1] INFO  server.RaftServerConfigKeys (ConfUtils.java:logGet(43)) - raft.server.log.use.memory = false (default)
2019-09-28 05:20:11,129 [pool-67-thread-1] INFO  server.RaftServerConfigKeys (ConfUtils.java:logGet(43)) - raft.server.log.purge.gap = 1000000 (custom)
2019-09-28 05:20:11,129 [pool-67-thread-1] INFO  server.RaftServerConfigKeys (ConfUtils.java:logGet(43)) - raft.server.log.appender.buffer.byte-limit = 33554432 (custom)
2019-09-28 05:20:11,130 [pool-67-thread-1] INFO  server.RaftServerConfigKeys (ConfUtils.java:logGet(43)) - raft.server.log.segment.size.max = 1048576 (custom)
2019-09-28 05:20:11,130 [pool-67-thread-1] INFO  server.RaftServerConfigKeys (ConfUtils.java:logGet(43)) - raft.server.log.segment.cache.num.max = 2 (custom)
2019-09-28 05:20:11,130 [pool-67-thread-1] INFO  segmented.SegmentedRaftLogWorker (SegmentedRaftLogWorker.java:<init>(172)) - new b872e21c-1358-4bb4-b15c-ab96323b2cb2@group-173836C1F402-SegmentedRaftLogWorker for RaftStorage:Storage Directory /workdir/hadoop-ozone/ozonefs/target/test-dir/MiniOzoneClusterImpl-e9b0d3cb-1d9a-4496-a942-908b9fc97c2b/datanode-4/data/ratis/66674730-f1f6-40fe-b297-173836c1f402
2019-09-28 05:20:11,135 [pool-67-thread-1] INFO  server.RaftServerConfigKeys (ConfUtils.java:logGet(43)) - raft.server.log.queue.byte-limit = 2147483647 (custom)
2019-09-28 05:20:11,135 [pool-67-thread-1] INFO  server.RaftServerConfigKeys (ConfUtils.java:logGet(43)) - raft.server.log.queue.element-limit = 1024 (custom)
2019-09-28 05:20:11,135 [pool-67-thread-1] INFO  server.RaftServerConfigKeys (ConfUtils.java:logGet(43)) - raft.server.log.segment.size.max = 1048576 (custom)
2019-09-28 05:20:11,135 [pool-67-thread-1] INFO  server.RaftServerConfigKeys (ConfUtils.java:logGet(43)) - raft.server.log.preallocated.size = 16384 (custom)
2019-09-28 05:20:11,136 [pool-67-thread-1] INFO  server.RaftServerConfigKeys (ConfUtils.java:logGet(43)) - raft.server.log.write.buffer.size = 33554432 (custom)
2019-09-28 05:20:11,136 [pool-67-thread-1] INFO  server.RaftServerConfigKeys (ConfUtils.java:logGet(43)) - raft.server.log.force.sync.num = 128 (default)
2019-09-28 05:20:11,136 [pool-67-thread-1] INFO  server.RaftServerConfigKeys (ConfUtils.java:logGet(43)) - raft.server.log.statemachine.data.sync = true (default)
2019-09-28 05:20:11,136 [pool-67-thread-1] INFO  server.RaftServerConfigKeys (ConfUtils.java:logGet(43)) - raft.server.log.statemachine.data.sync.timeout = 10s (default)
2019-09-28 05:20:11,136 [pool-67-thread-1] INFO  server.RaftServerConfigKeys (ConfUtils.java:logGet(43)) - raft.server.log.statemachine.data.sync.timeout.retry = -1 (default)
2019-09-28 05:20:11,136 [pool-67-thread-1] INFO  server.RaftServerConfigKeys (ConfUtils.java:logGet(43)) - raft.server.log.statemachine.data.caching.enabled = true (custom)
2019-09-28 05:20:11,137 [pool-67-thread-1] INFO  segmented.SegmentedRaftLogWorker (SegmentedRaftLogWorker.java:lambda$new$0(132)) - b872e21c-1358-4bb4-b15c-ab96323b2cb2@group-173836C1F402-SegmentedRaftLogWorker: flushIndex: setUnconditionally 0 -> -1
2019-09-28 05:20:11,137 [pool-67-thread-1] INFO  server.RaftServerConfigKeys (ConfUtils.java:logGet(43)) - raft.server.snapshot.auto.trigger.enabled = true (custom)
2019-09-28 05:20:11,137 [pool-67-thread-1] INFO  server.RaftServerConfigKeys (ConfUtils.java:logGet(43)) - raft.server.snapshot.auto.trigger.threshold = 10000 (custom)
2019-09-28 05:20:11,137 [pool-67-thread-1] INFO  server.RaftServerConfigKeys (ConfUtils.java:logGet(43)) - raft.server.snapshot.retention.num.files = 5 (custom)
2019-09-28 05:20:11,137 [pool-67-thread-1] INFO  server.RaftServerConfigKeys (ConfUtils.java:logGet(43)) - raft.server.retrycache.expirytime = 600000ms (custom)
2019-09-28 05:20:11,141 [pool-67-thread-1] INFO  impl.RaftServerImpl (RaftServerImpl.java:start(185)) - b872e21c-1358-4bb4-b15c-ab96323b2cb2@group-173836C1F402: start as a follower, conf=-1: [b872e21c-1358-4bb4-b15c-ab96323b2cb2:192.168.151.82:40730], old=null
2019-09-28 05:20:11,141 [pool-67-thread-1] INFO  impl.RaftServerImpl (RaftServerImpl.java:setRole(174)) - b872e21c-1358-4bb4-b15c-ab96323b2cb2@group-173836C1F402: changes role from      null to FOLLOWER at term 0 for startAsFollower
2019-09-28 05:20:11,141 [pool-67-thread-1] INFO  impl.RoleInfo (RoleInfo.java:updateAndGet(143)) - b872e21c-1358-4bb4-b15c-ab96323b2cb2: start FollowerState
2019-09-28 05:20:11,143 [pool-67-thread-1] INFO  util.JmxRegister (JmxRegister.java:tryRegister(44)) - Successfully registered JMX Bean with object name Ratis:service=RaftServer,group=group-173836C1F402,id=b872e21c-1358-4bb4-b15c-ab96323b2cb2
2019-09-28 05:20:11,157 [RatisPipelineUtilsThread] INFO  pipeline.PipelineStateManager (PipelineStateManager.java:addPipeline(56)) - Created pipeline Pipeline[ Id: 66674730-f1f6-40fe-b297-173836c1f402, Nodes: b872e21c-1358-4bb4-b15c-ab96323b2cb2{ip: 192.168.151.82, host: pr-hdds-2162-8g7kw-3348123894, networkLocation: /default-rack, certSerialId: null}, Type:RATIS, Factor:ONE, State:OPEN]
2019-09-28 05:20:11,183 [grpc-default-executor-0] INFO  impl.RaftServerProxy (RaftServerProxy.java:addNew(89)) - 3146fa5d-e5c6-4e63-841a-7d53ea24ae40: addNew group-3C45913BECEF:[3146fa5d-e5c6-4e63-841a-7d53ea24ae40:192.168.151.82:37509] returns group-3C45913BECEF:java.util.concurrent.CompletableFuture@17209e65[Not completed]
2019-09-28 05:20:11,227 [pool-87-thread-1] INFO  impl.RaftServerImpl (RaftServerImpl.java:<init>(95)) - 3146fa5d-e5c6-4e63-841a-7d53ea24ae40: new RaftServerImpl for group-3C45913BECEF:[3146fa5d-e5c6-4e63-841a-7d53ea24ae40:192.168.151.82:37509] with ContainerStateMachine:uninitialized
2019-09-28 05:20:11,228 [pool-87-thread-1] INFO  server.RaftServerConfigKeys (ConfUtils.java:logGet(43)) - raft.server.rpc.timeout.min = 5s (custom)
2019-09-28 05:20:11,228 [pool-87-thread-1] INFO  server.RaftServerConfigKeys (ConfUtils.java:logGet(43)) - raft.server.rpc.timeout.max = 5200ms (custom)
2019-09-28 05:20:11,228 [pool-87-thread-1] INFO  server.RaftServerConfigKeys (ConfUtils.java:logGet(43)) - raft.server.rpcslowness.timeout = 120s (custom)
2019-09-28 05:20:11,228 [pool-87-thread-1] INFO  server.RaftServerConfigKeys (ConfUtils.java:logGet(43)) - raft.server.sleep.deviation.threshold = 300 (default)
2019-09-28 05:20:11,228 [pool-87-thread-1] INFO  server.RaftServerConfigKeys (ConfUtils.java:logGet(43)) - raft.server.log.appender.install.snapshot.enabled = false (custom)
2019-09-28 05:20:11,229 [pool-87-thread-1] INFO  impl.RaftServerImpl (ServerState.java:<init>(103)) - 3146fa5d-e5c6-4e63-841a-7d53ea24ae40@group-3C45913BECEF: ConfigurationManager, init=-1: [3146fa5d-e5c6-4e63-841a-7d53ea24ae40:192.168.151.82:37509], old=null, confs=<EMPTY_MAP>
2019-09-28 05:20:11,229 [pool-87-thread-1] INFO  server.RaftServerConfigKeys (ConfUtils.java:logGet(43)) - raft.server.storage.dir = [/workdir/hadoop-ozone/ozonefs/target/test-dir/MiniOzoneClusterImpl-e9b0d3cb-1d9a-4496-a942-908b9fc97c2b/datanode-6/data/ratis] (custom)
2019-09-28 05:20:11,229 [pool-87-thread-1] INFO  storage.RaftStorageDirectory (RaftStorageDirectory.java:analyzeStorage(246)) - The storage directory /workdir/hadoop-ozone/ozonefs/target/test-dir/MiniOzoneClusterImpl-e9b0d3cb-1d9a-4496-a942-908b9fc97c2b/datanode-6/data/ratis/6c9ad598-7f69-4a79-9e6c-3c45913becef does not exist. Creating ...
2019-09-28 05:20:11,243 [pool-87-thread-1] INFO  storage.RaftStorageDirectory (RaftStorageDirectory.java:tryLock(328)) - Lock on /workdir/hadoop-ozone/ozonefs/target/test-dir/MiniOzoneClusterImpl-e9b0d3cb-1d9a-4496-a942-908b9fc97c2b/datanode-6/data/ratis/6c9ad598-7f69-4a79-9e6c-3c45913becef/in_use.lock acquired by nodename 9033@pr-hdds-2162-8g7kw-3348123894
2019-09-28 05:20:11,257 [pool-87-thread-1] INFO  storage.RaftStorage (RaftStorage.java:format(72)) - Storage directory /workdir/hadoop-ozone/ozonefs/target/test-dir/MiniOzoneClusterImpl-e9b0d3cb-1d9a-4496-a942-908b9fc97c2b/datanode-6/data/ratis/6c9ad598-7f69-4a79-9e6c-3c45913becef has been successfully formatted.
2019-09-28 05:20:11,257 [pool-87-thread-1] INFO  ratis.ContainerStateMachine (ContainerStateMachine.java:loadSnapshot(230)) - group-3C45913BECEF: The snapshot info is null. Setting the last applied indexto:(t:0, i:~)
2019-09-28 05:20:11,257 [pool-87-thread-1] INFO  server.RaftServerConfigKeys (ConfUtils.java:logGet(43)) - raft.server.notification.no-leader.timeout = 120s (custom)
2019-09-28 05:20:11,257 [pool-87-thread-1] INFO  server.RaftServerConfigKeys (ConfUtils.java:logGet(43)) - raft.server.log.use.memory = false (default)
2019-09-28 05:20:11,257 [pool-87-thread-1] INFO  server.RaftServerConfigKeys (ConfUtils.java:logGet(43)) - raft.server.log.purge.gap = 1000000 (custom)
2019-09-28 05:20:11,258 [pool-87-thread-1] INFO  server.RaftServerConfigKeys (ConfUtils.java:logGet(43)) - raft.server.log.appender.buffer.byte-limit = 33554432 (custom)
2019-09-28 05:20:11,258 [pool-87-thread-1] INFO  server.RaftServerConfigKeys (ConfUtils.java:logGet(43)) - raft.server.log.segment.size.max = 1048576 (custom)
2019-09-28 05:20:11,258 [pool-87-thread-1] INFO  server.RaftServerConfigKeys (ConfUtils.java:logGet(43)) - raft.server.log.segment.cache.num.max = 2 (custom)
2019-09-28 05:20:11,258 [pool-87-thread-1] INFO  segmented.SegmentedRaftLogWorker (SegmentedRaftLogWorker.java:<init>(172)) - new 3146fa5d-e5c6-4e63-841a-7d53ea24ae40@group-3C45913BECEF-SegmentedRaftLogWorker for RaftStorage:Storage Directory /workdir/hadoop-ozone/ozonefs/target/test-dir/MiniOzoneClusterImpl-e9b0d3cb-1d9a-4496-a942-908b9fc97c2b/datanode-6/data/ratis/6c9ad598-7f69-4a79-9e6c-3c45913becef
2019-09-28 05:20:11,316 [pool-87-thread-1] INFO  server.RaftServerConfigKeys (ConfUtils.java:logGet(43)) - raft.server.log.queue.byte-limit = 2147483647 (custom)
2019-09-28 05:20:11,316 [pool-87-thread-1] INFO  server.RaftServerConfigKeys (ConfUtils.java:logGet(43)) - raft.server.log.queue.element-limit = 1024 (custom)
2019-09-28 05:20:11,316 [pool-87-thread-1] INFO  server.RaftServerConfigKeys (ConfUtils.java:logGet(43)) - raft.server.log.segment.size.max = 1048576 (custom)
2019-09-28 05:20:11,316 [pool-87-thread-1] INFO  server.RaftServerConfigKeys (ConfUtils.java:logGet(43)) - raft.server.log.preallocated.size = 16384 (custom)
2019-09-28 05:20:11,317 [pool-87-thread-1] INFO  server.RaftServerConfigKeys (ConfUtils.java:logGet(43)) - raft.server.log.write.buffer.size = 33554432 (custom)
2019-09-28 05:20:11,317 [pool-87-thread-1] INFO  server.RaftServerConfigKeys (ConfUtils.java:logGet(43)) - raft.server.log.force.sync.num = 128 (default)
2019-09-28 05:20:11,317 [pool-87-thread-1] INFO  server.RaftServerConfigKeys (ConfUtils.java:logGet(43)) - raft.server.log.statemachine.data.sync = true (default)
2019-09-28 05:20:11,317 [pool-87-thread-1] INFO  server.RaftServerConfigKeys (ConfUtils.java:logGet(43)) - raft.server.log.statemachine.data.sync.timeout = 10s (default)
2019-09-28 05:20:11,317 [pool-87-thread-1] INFO  server.RaftServerConfigKeys (ConfUtils.java:logGet(43)) - raft.server.log.statemachine.data.sync.timeout.retry = -1 (default)
2019-09-28 05:20:11,318 [pool-87-thread-1] INFO  server.RaftServerConfigKeys (ConfUtils.java:logGet(43)) - raft.server.log.statemachine.data.caching.enabled = true (custom)
2019-09-28 05:20:11,318 [pool-87-thread-1] INFO  segmented.SegmentedRaftLogWorker (SegmentedRaftLogWorker.java:lambda$new$0(132)) - 3146fa5d-e5c6-4e63-841a-7d53ea24ae40@group-3C45913BECEF-SegmentedRaftLogWorker: flushIndex: setUnconditionally 0 -> -1
2019-09-28 05:20:11,318 [pool-87-thread-1] INFO  server.RaftServerConfigKeys (ConfUtils.java:logGet(43)) - raft.server.snapshot.auto.trigger.enabled = true (custom)
2019-09-28 05:20:11,319 [pool-87-thread-1] INFO  server.RaftServerConfigKeys (ConfUtils.java:logGet(43)) - raft.server.snapshot.auto.trigger.threshold = 10000 (custom)
2019-09-28 05:20:11,319 [pool-87-thread-1] INFO  server.RaftServerConfigKeys (ConfUtils.java:logGet(43)) - raft.server.snapshot.retention.num.files = 5 (custom)
2019-09-28 05:20:11,319 [pool-87-thread-1] INFO  server.RaftServerConfigKeys (ConfUtils.java:logGet(43)) - raft.server.retrycache.expirytime = 600000ms (custom)
2019-09-28 05:20:11,324 [pool-87-thread-1] INFO  impl.RaftServerImpl (RaftServerImpl.java:start(185)) - 3146fa5d-e5c6-4e63-841a-7d53ea24ae40@group-3C45913BECEF: start as a follower, conf=-1: [3146fa5d-e5c6-4e63-841a-7d53ea24ae40:192.168.151.82:37509], old=null
2019-09-28 05:20:11,324 [pool-87-thread-1] INFO  impl.RaftServerImpl (RaftServerImpl.java:setRole(174)) - 3146fa5d-e5c6-4e63-841a-7d53ea24ae40@group-3C45913BECEF: changes role from      null to FOLLOWER at term 0 for startAsFollower
2019-09-28 05:20:11,324 [pool-87-thread-1] INFO  impl.RoleInfo (RoleInfo.java:updateAndGet(143)) - 3146fa5d-e5c6-4e63-841a-7d53ea24ae40: start FollowerState
2019-09-28 05:20:11,325 [pool-87-thread-1] INFO  util.JmxRegister (JmxRegister.java:tryRegister(44)) - Successfully registered JMX Bean with object name Ratis:service=RaftServer,group=group-3C45913BECEF,id=3146fa5d-e5c6-4e63-841a-7d53ea24ae40
2019-09-28 05:20:11,346 [RatisPipelineUtilsThread] INFO  pipeline.PipelineStateManager (PipelineStateManager.java:addPipeline(56)) - Created pipeline Pipeline[ Id: 6c9ad598-7f69-4a79-9e6c-3c45913becef, Nodes: 3146fa5d-e5c6-4e63-841a-7d53ea24ae40{ip: 192.168.151.82, host: pr-hdds-2162-8g7kw-3348123894, networkLocation: /default-rack, certSerialId: null}, Type:RATIS, Factor:ONE, State:OPEN]
2019-09-28 05:20:11,373 [grpc-default-executor-0] INFO  impl.RaftServerProxy (RaftServerProxy.java:addNew(89)) - 1081e6c3-a479-41d4-bd3b-fa3b39302f1a: addNew group-C5E4FDE09DC4:[1081e6c3-a479-41d4-bd3b-fa3b39302f1a:192.168.151.82:41993] returns group-C5E4FDE09DC4:java.util.concurrent.CompletableFuture@4e28e9d5[Not completed]
2019-09-28 05:20:11,378 [pool-117-thread-1] INFO  impl.RaftServerImpl (RaftServerImpl.java:<init>(95)) - 1081e6c3-a479-41d4-bd3b-fa3b39302f1a: new RaftServerImpl for group-C5E4FDE09DC4:[1081e6c3-a479-41d4-bd3b-fa3b39302f1a:192.168.151.82:41993] with ContainerStateMachine:uninitialized
2019-09-28 05:20:11,379 [pool-117-thread-1] INFO  server.RaftServerConfigKeys (ConfUtils.java:logGet(43)) - raft.server.rpc.timeout.min = 5s (custom)
2019-09-28 05:20:11,379 [pool-117-thread-1] INFO  server.RaftServerConfigKeys (ConfUtils.java:logGet(43)) - raft.server.rpc.timeout.max = 5200ms (custom)
2019-09-28 05:20:11,379 [pool-117-thread-1] INFO  server.RaftServerConfigKeys (ConfUtils.java:logGet(43)) - raft.server.rpcslowness.timeout = 120s (custom)
2019-09-28 05:20:11,379 [pool-117-thread-1] INFO  server.RaftServerConfigKeys (ConfUtils.java:logGet(43)) - raft.server.sleep.deviation.threshold = 300 (default)
2019-09-28 05:20:11,379 [pool-117-thread-1] INFO  server.RaftServerConfigKeys (ConfUtils.java:logGet(43)) - raft.server.log.appender.install.snapshot.enabled = false (custom)
2019-09-28 05:20:11,379 [pool-117-thread-1] INFO  impl.RaftServerImpl (ServerState.java:<init>(103)) - 1081e6c3-a479-41d4-bd3b-fa3b39302f1a@group-C5E4FDE09DC4: ConfigurationManager, init=-1: [1081e6c3-a479-41d4-bd3b-fa3b39302f1a:192.168.151.82:41993], old=null, confs=<EMPTY_MAP>
2019-09-28 05:20:11,380 [pool-117-thread-1] INFO  server.RaftServerConfigKeys (ConfUtils.java:logGet(43)) - raft.server.storage.dir = [/workdir/hadoop-ozone/ozonefs/target/test-dir/MiniOzoneClusterImpl-e9b0d3cb-1d9a-4496-a942-908b9fc97c2b/datanode-9/data/ratis] (custom)
2019-09-28 05:20:11,380 [pool-117-thread-1] INFO  storage.RaftStorageDirectory (RaftStorageDirectory.java:analyzeStorage(246)) - The storage directory /workdir/hadoop-ozone/ozonefs/target/test-dir/MiniOzoneClusterImpl-e9b0d3cb-1d9a-4496-a942-908b9fc97c2b/datanode-9/data/ratis/f6604414-b9be-43b7-aa2b-c5e4fde09dc4 does not exist. Creating ...
2019-09-28 05:20:11,393 [pool-117-thread-1] INFO  storage.RaftStorageDirectory (RaftStorageDirectory.java:tryLock(328)) - Lock on /workdir/hadoop-ozone/ozonefs/target/test-dir/MiniOzoneClusterImpl-e9b0d3cb-1d9a-4496-a942-908b9fc97c2b/datanode-9/data/ratis/f6604414-b9be-43b7-aa2b-c5e4fde09dc4/in_use.lock acquired by nodename 9033@pr-hdds-2162-8g7kw-3348123894
2019-09-28 05:20:11,407 [pool-117-thread-1] INFO  storage.RaftStorage (RaftStorage.java:format(72)) - Storage directory /workdir/hadoop-ozone/ozonefs/target/test-dir/MiniOzoneClusterImpl-e9b0d3cb-1d9a-4496-a942-908b9fc97c2b/datanode-9/data/ratis/f6604414-b9be-43b7-aa2b-c5e4fde09dc4 has been successfully formatted.
2019-09-28 05:20:11,407 [pool-117-thread-1] INFO  ratis.ContainerStateMachine (ContainerStateMachine.java:loadSnapshot(230)) - group-C5E4FDE09DC4: The snapshot info is null. Setting the last applied indexto:(t:0, i:~)
2019-09-28 05:20:11,407 [pool-117-thread-1] INFO  server.RaftServerConfigKeys (ConfUtils.java:logGet(43)) - raft.server.notification.no-leader.timeout = 120s (custom)
2019-09-28 05:20:11,407 [pool-117-thread-1] INFO  server.RaftServerConfigKeys (ConfUtils.java:logGet(43)) - raft.server.log.use.memory = false (default)
2019-09-28 05:20:11,407 [pool-117-thread-1] INFO  server.RaftServerConfigKeys (ConfUtils.java:logGet(43)) - raft.server.log.purge.gap = 1000000 (custom)
2019-09-28 05:20:11,408 [pool-117-thread-1] INFO  server.RaftServerConfigKeys (ConfUtils.java:logGet(43)) - raft.server.log.appender.buffer.byte-limit = 33554432 (custom)
2019-09-28 05:20:11,408 [pool-117-thread-1] INFO  server.RaftServerConfigKeys (ConfUtils.java:logGet(43)) - raft.server.log.segment.size.max = 1048576 (custom)
2019-09-28 05:20:11,410 [pool-117-thread-1] INFO  server.RaftServerConfigKeys (ConfUtils.java:logGet(43)) - raft.server.log.segment.cache.num.max = 2 (custom)
2019-09-28 05:20:11,410 [pool-117-thread-1] INFO  segmented.SegmentedRaftLogWorker (SegmentedRaftLogWorker.java:<init>(172)) - new 1081e6c3-a479-41d4-bd3b-fa3b39302f1a@group-C5E4FDE09DC4-SegmentedRaftLogWorker for RaftStorage:Storage Directory /workdir/hadoop-ozone/ozonefs/target/test-dir/MiniOzoneClusterImpl-e9b0d3cb-1d9a-4496-a942-908b9fc97c2b/datanode-9/data/ratis/f6604414-b9be-43b7-aa2b-c5e4fde09dc4
2019-09-28 05:20:11,413 [pool-117-thread-1] INFO  server.RaftServerConfigKeys (ConfUtils.java:logGet(43)) - raft.server.log.queue.byte-limit = 2147483647 (custom)
2019-09-28 05:20:11,413 [pool-117-thread-1] INFO  server.RaftServerConfigKeys (ConfUtils.java:logGet(43)) - raft.server.log.queue.element-limit = 1024 (custom)
2019-09-28 05:20:11,414 [pool-117-thread-1] INFO  server.RaftServerConfigKeys (ConfUtils.java:logGet(43)) - raft.server.log.segment.size.max = 1048576 (custom)
2019-09-28 05:20:11,414 [pool-117-thread-1] INFO  server.RaftServerConfigKeys (ConfUtils.java:logGet(43)) - raft.server.log.preallocated.size = 16384 (custom)
2019-09-28 05:20:11,414 [pool-117-thread-1] INFO  server.RaftServerConfigKeys (ConfUtils.java:logGet(43)) - raft.server.log.write.buffer.size = 33554432 (custom)
2019-09-28 05:20:11,414 [pool-117-thread-1] INFO  server.RaftServerConfigKeys (ConfUtils.java:logGet(43)) - raft.server.log.force.sync.num = 128 (default)
2019-09-28 05:20:11,414 [pool-117-thread-1] INFO  server.RaftServerConfigKeys (ConfUtils.java:logGet(43)) - raft.server.log.statemachine.data.sync = true (default)
2019-09-28 05:20:11,414 [pool-117-thread-1] INFO  server.RaftServerConfigKeys (ConfUtils.java:logGet(43)) - raft.server.log.statemachine.data.sync.timeout = 10s (default)
2019-09-28 05:20:11,414 [pool-117-thread-1] INFO  server.RaftServerConfigKeys (ConfUtils.java:logGet(43)) - raft.server.log.statemachine.data.sync.timeout.retry = -1 (default)
2019-09-28 05:20:11,414 [pool-117-thread-1] INFO  server.RaftServerConfigKeys (ConfUtils.java:logGet(43)) - raft.server.log.statemachine.data.caching.enabled = true (custom)
2019-09-28 05:20:11,415 [pool-117-thread-1] INFO  segmented.SegmentedRaftLogWorker (SegmentedRaftLogWorker.java:lambda$new$0(132)) - 1081e6c3-a479-41d4-bd3b-fa3b39302f1a@group-C5E4FDE09DC4-SegmentedRaftLogWorker: flushIndex: setUnconditionally 0 -> -1
2019-09-28 05:20:11,415 [pool-117-thread-1] INFO  server.RaftServerConfigKeys (ConfUtils.java:logGet(43)) - raft.server.snapshot.auto.trigger.enabled = true (custom)
2019-09-28 05:20:11,415 [pool-117-thread-1] INFO  server.RaftServerConfigKeys (ConfUtils.java:logGet(43)) - raft.server.snapshot.auto.trigger.threshold = 10000 (custom)
2019-09-28 05:20:11,415 [pool-117-thread-1] INFO  server.RaftServerConfigKeys (ConfUtils.java:logGet(43)) - raft.server.snapshot.retention.num.files = 5 (custom)
2019-09-28 05:20:11,415 [pool-117-thread-1] INFO  server.RaftServerConfigKeys (ConfUtils.java:logGet(43)) - raft.server.retrycache.expirytime = 600000ms (custom)
2019-09-28 05:20:11,418 [pool-117-thread-1] INFO  impl.RaftServerImpl (RaftServerImpl.java:start(185)) - 1081e6c3-a479-41d4-bd3b-fa3b39302f1a@group-C5E4FDE09DC4: start as a follower, conf=-1: [1081e6c3-a479-41d4-bd3b-fa3b39302f1a:192.168.151.82:41993], old=null
2019-09-28 05:20:11,418 [pool-117-thread-1] INFO  impl.RaftServerImpl (RaftServerImpl.java:setRole(174)) - 1081e6c3-a479-41d4-bd3b-fa3b39302f1a@group-C5E4FDE09DC4: changes role from      null to FOLLOWER at term 0 for startAsFollower
2019-09-28 05:20:11,418 [pool-117-thread-1] INFO  impl.RoleInfo (RoleInfo.java:updateAndGet(143)) - 1081e6c3-a479-41d4-bd3b-fa3b39302f1a: start FollowerState
2019-09-28 05:20:11,419 [pool-117-thread-1] INFO  util.JmxRegister (JmxRegister.java:tryRegister(44)) - Successfully registered JMX Bean with object name Ratis:service=RaftServer,group=group-C5E4FDE09DC4,id=1081e6c3-a479-41d4-bd3b-fa3b39302f1a
2019-09-28 05:20:11,438 [RatisPipelineUtilsThread] INFO  pipeline.PipelineStateManager (PipelineStateManager.java:addPipeline(56)) - Created pipeline Pipeline[ Id: f6604414-b9be-43b7-aa2b-c5e4fde09dc4, Nodes: 1081e6c3-a479-41d4-bd3b-fa3b39302f1a{ip: 192.168.151.82, host: pr-hdds-2162-8g7kw-3348123894, networkLocation: /default-rack, certSerialId: null}, Type:RATIS, Factor:ONE, State:OPEN]
2019-09-28 05:20:11,453 [grpc-default-executor-0] INFO  impl.RaftServerProxy (RaftServerProxy.java:addNew(89)) - 2281b324-f854-4a95-af39-03dc79ba966d: addNew group-0FE8C2FD7402:[2281b324-f854-4a95-af39-03dc79ba966d:192.168.151.82:46286] returns group-0FE8C2FD7402:java.util.concurrent.CompletableFuture@879e64b[Not completed]
2019-09-28 05:20:11,458 [pool-57-thread-1] INFO  impl.RaftServerImpl (RaftServerImpl.java:<init>(95)) - 2281b324-f854-4a95-af39-03dc79ba966d: new RaftServerImpl for group-0FE8C2FD7402:[2281b324-f854-4a95-af39-03dc79ba966d:192.168.151.82:46286] with ContainerStateMachine:uninitialized
2019-09-28 05:20:11,458 [pool-57-thread-1] INFO  server.RaftServerConfigKeys (ConfUtils.java:logGet(43)) - raft.server.rpc.timeout.min = 5s (custom)
2019-09-28 05:20:11,458 [pool-57-thread-1] INFO  server.RaftServerConfigKeys (ConfUtils.java:logGet(43)) - raft.server.rpc.timeout.max = 5200ms (custom)
2019-09-28 05:20:11,458 [pool-57-thread-1] INFO  server.RaftServerConfigKeys (ConfUtils.java:logGet(43)) - raft.server.rpcslowness.timeout = 120s (custom)
2019-09-28 05:20:11,458 [pool-57-thread-1] INFO  server.RaftServerConfigKeys (ConfUtils.java:logGet(43)) - raft.server.sleep.deviation.threshold = 300 (default)
2019-09-28 05:20:11,458 [pool-57-thread-1] INFO  server.RaftServerConfigKeys (ConfUtils.java:logGet(43)) - raft.server.log.appender.install.snapshot.enabled = false (custom)
2019-09-28 05:20:11,458 [pool-57-thread-1] INFO  impl.RaftServerImpl (ServerState.java:<init>(103)) - 2281b324-f854-4a95-af39-03dc79ba966d@group-0FE8C2FD7402: ConfigurationManager, init=-1: [2281b324-f854-4a95-af39-03dc79ba966d:192.168.151.82:46286], old=null, confs=<EMPTY_MAP>
2019-09-28 05:20:11,458 [pool-57-thread-1] INFO  server.RaftServerConfigKeys (ConfUtils.java:logGet(43)) - raft.server.storage.dir = [/workdir/hadoop-ozone/ozonefs/target/test-dir/MiniOzoneClusterImpl-e9b0d3cb-1d9a-4496-a942-908b9fc97c2b/datanode-3/data/ratis] (custom)
2019-09-28 05:20:11,459 [pool-57-thread-1] INFO  storage.RaftStorageDirectory (RaftStorageDirectory.java:analyzeStorage(246)) - The storage directory /workdir/hadoop-ozone/ozonefs/target/test-dir/MiniOzoneClusterImpl-e9b0d3cb-1d9a-4496-a942-908b9fc97c2b/datanode-3/data/ratis/36530a7f-c262-4a72-8379-0fe8c2fd7402 does not exist. Creating ...
2019-09-28 05:20:11,472 [pool-57-thread-1] INFO  storage.RaftStorageDirectory (RaftStorageDirectory.java:tryLock(328)) - Lock on /workdir/hadoop-ozone/ozonefs/target/test-dir/MiniOzoneClusterImpl-e9b0d3cb-1d9a-4496-a942-908b9fc97c2b/datanode-3/data/ratis/36530a7f-c262-4a72-8379-0fe8c2fd7402/in_use.lock acquired by nodename 9033@pr-hdds-2162-8g7kw-3348123894
2019-09-28 05:20:11,485 [pool-57-thread-1] INFO  storage.RaftStorage (RaftStorage.java:format(72)) - Storage directory /workdir/hadoop-ozone/ozonefs/target/test-dir/MiniOzoneClusterImpl-e9b0d3cb-1d9a-4496-a942-908b9fc97c2b/datanode-3/data/ratis/36530a7f-c262-4a72-8379-0fe8c2fd7402 has been successfully formatted.
2019-09-28 05:20:11,485 [pool-57-thread-1] INFO  ratis.ContainerStateMachine (ContainerStateMachine.java:loadSnapshot(230)) - group-0FE8C2FD7402: The snapshot info is null. Setting the last applied indexto:(t:0, i:~)
2019-09-28 05:20:11,485 [pool-57-thread-1] INFO  server.RaftServerConfigKeys (ConfUtils.java:logGet(43)) - raft.server.notification.no-leader.timeout = 120s (custom)
2019-09-28 05:20:11,485 [pool-57-thread-1] INFO  server.RaftServerConfigKeys (ConfUtils.java:logGet(43)) - raft.server.log.use.memory = false (default)
2019-09-28 05:20:11,485 [pool-57-thread-1] INFO  server.RaftServerConfigKeys (ConfUtils.java:logGet(43)) - raft.server.log.purge.gap = 1000000 (custom)
2019-09-28 05:20:11,485 [pool-57-thread-1] INFO  server.RaftServerConfigKeys (ConfUtils.java:logGet(43)) - raft.server.log.appender.buffer.byte-limit = 33554432 (custom)
2019-09-28 05:20:11,486 [pool-57-thread-1] INFO  server.RaftServerConfigKeys (ConfUtils.java:logGet(43)) - raft.server.log.segment.size.max = 1048576 (custom)
2019-09-28 05:20:11,486 [pool-57-thread-1] INFO  server.RaftServerConfigKeys (ConfUtils.java:logGet(43)) - raft.server.log.segment.cache.num.max = 2 (custom)
2019-09-28 05:20:11,486 [pool-57-thread-1] INFO  segmented.SegmentedRaftLogWorker (SegmentedRaftLogWorker.java:<init>(172)) - new 2281b324-f854-4a95-af39-03dc79ba966d@group-0FE8C2FD7402-SegmentedRaftLogWorker for RaftStorage:Storage Directory /workdir/hadoop-ozone/ozonefs/target/test-dir/MiniOzoneClusterImpl-e9b0d3cb-1d9a-4496-a942-908b9fc97c2b/datanode-3/data/ratis/36530a7f-c262-4a72-8379-0fe8c2fd7402
2019-09-28 05:20:11,488 [pool-57-thread-1] INFO  server.RaftServerConfigKeys (ConfUtils.java:logGet(43)) - raft.server.log.queue.byte-limit = 2147483647 (custom)
2019-09-28 05:20:11,488 [pool-57-thread-1] INFO  server.RaftServerConfigKeys (ConfUtils.java:logGet(43)) - raft.server.log.queue.element-limit = 1024 (custom)
2019-09-28 05:20:11,489 [pool-57-thread-1] INFO  server.RaftServerConfigKeys (ConfUtils.java:logGet(43)) - raft.server.log.segment.size.max = 1048576 (custom)
2019-09-28 05:20:11,489 [pool-57-thread-1] INFO  server.RaftServerConfigKeys (ConfUtils.java:logGet(43)) - raft.server.log.preallocated.size = 16384 (custom)
2019-09-28 05:20:11,489 [pool-57-thread-1] INFO  server.RaftServerConfigKeys (ConfUtils.java:logGet(43)) - raft.server.log.write.buffer.size = 33554432 (custom)
2019-09-28 05:20:11,489 [pool-57-thread-1] INFO  server.RaftServerConfigKeys (ConfUtils.java:logGet(43)) - raft.server.log.force.sync.num = 128 (default)
2019-09-28 05:20:11,489 [pool-57-thread-1] INFO  server.RaftServerConfigKeys (ConfUtils.java:logGet(43)) - raft.server.log.statemachine.data.sync = true (default)
2019-09-28 05:20:11,489 [pool-57-thread-1] INFO  server.RaftServerConfigKeys (ConfUtils.java:logGet(43)) - raft.server.log.statemachine.data.sync.timeout = 10s (default)
2019-09-28 05:20:11,489 [pool-57-thread-1] INFO  server.RaftServerConfigKeys (ConfUtils.java:logGet(43)) - raft.server.log.statemachine.data.sync.timeout.retry = -1 (default)
2019-09-28 05:20:11,489 [pool-57-thread-1] INFO  server.RaftServerConfigKeys (ConfUtils.java:logGet(43)) - raft.server.log.statemachine.data.caching.enabled = true (custom)
2019-09-28 05:20:11,490 [pool-57-thread-1] INFO  segmented.SegmentedRaftLogWorker (SegmentedRaftLogWorker.java:lambda$new$0(132)) - 2281b324-f854-4a95-af39-03dc79ba966d@group-0FE8C2FD7402-SegmentedRaftLogWorker: flushIndex: setUnconditionally 0 -> -1
2019-09-28 05:20:11,490 [pool-57-thread-1] INFO  server.RaftServerConfigKeys (ConfUtils.java:logGet(43)) - raft.server.snapshot.auto.trigger.enabled = true (custom)
2019-09-28 05:20:11,490 [pool-57-thread-1] INFO  server.RaftServerConfigKeys (ConfUtils.java:logGet(43)) - raft.server.snapshot.auto.trigger.threshold = 10000 (custom)
2019-09-28 05:20:11,490 [pool-57-thread-1] INFO  server.RaftServerConfigKeys (ConfUtils.java:logGet(43)) - raft.server.snapshot.retention.num.files = 5 (custom)
2019-09-28 05:20:11,490 [pool-57-thread-1] INFO  server.RaftServerConfigKeys (ConfUtils.java:logGet(43)) - raft.server.retrycache.expirytime = 600000ms (custom)
2019-09-28 05:20:11,493 [pool-57-thread-1] INFO  impl.RaftServerImpl (RaftServerImpl.java:start(185)) - 2281b324-f854-4a95-af39-03dc79ba966d@group-0FE8C2FD7402: start as a follower, conf=-1: [2281b324-f854-4a95-af39-03dc79ba966d:192.168.151.82:46286], old=null
2019-09-28 05:20:11,493 [pool-57-thread-1] INFO  impl.RaftServerImpl (RaftServerImpl.java:setRole(174)) - 2281b324-f854-4a95-af39-03dc79ba966d@group-0FE8C2FD7402: changes role from      null to FOLLOWER at term 0 for startAsFollower
2019-09-28 05:20:11,493 [pool-57-thread-1] INFO  impl.RoleInfo (RoleInfo.java:updateAndGet(143)) - 2281b324-f854-4a95-af39-03dc79ba966d: start FollowerState
2019-09-28 05:20:11,493 [pool-57-thread-1] INFO  util.JmxRegister (JmxRegister.java:tryRegister(44)) - Successfully registered JMX Bean with object name Ratis:service=RaftServer,group=group-0FE8C2FD7402,id=2281b324-f854-4a95-af39-03dc79ba966d
2019-09-28 05:20:11,506 [RatisPipelineUtilsThread] INFO  pipeline.PipelineStateManager (PipelineStateManager.java:addPipeline(56)) - Created pipeline Pipeline[ Id: 36530a7f-c262-4a72-8379-0fe8c2fd7402, Nodes: 2281b324-f854-4a95-af39-03dc79ba966d{ip: 192.168.151.82, host: pr-hdds-2162-8g7kw-3348123894, networkLocation: /default-rack, certSerialId: null}, Type:RATIS, Factor:ONE, State:OPEN]
2019-09-28 05:20:11,524 [grpc-default-executor-0] INFO  impl.RaftServerProxy (RaftServerProxy.java:addNew(89)) - 8e781dd0-206b-4bcd-9fba-4b95742bd983: addNew group-E6B893A801CB:[8e781dd0-206b-4bcd-9fba-4b95742bd983:192.168.151.82:36797] returns group-E6B893A801CB:java.util.concurrent.CompletableFuture@4680917b[Not completed]
2019-09-28 05:20:11,528 [pool-47-thread-1] INFO  impl.RaftServerImpl (RaftServerImpl.java:<init>(95)) - 8e781dd0-206b-4bcd-9fba-4b95742bd983: new RaftServerImpl for group-E6B893A801CB:[8e781dd0-206b-4bcd-9fba-4b95742bd983:192.168.151.82:36797] with ContainerStateMachine:uninitialized
2019-09-28 05:20:11,529 [pool-47-thread-1] INFO  server.RaftServerConfigKeys (ConfUtils.java:logGet(43)) - raft.server.rpc.timeout.min = 5s (custom)
2019-09-28 05:20:11,529 [pool-47-thread-1] INFO  server.RaftServerConfigKeys (ConfUtils.java:logGet(43)) - raft.server.rpc.timeout.max = 5200ms (custom)
2019-09-28 05:20:11,529 [pool-47-thread-1] INFO  server.RaftServerConfigKeys (ConfUtils.java:logGet(43)) - raft.server.rpcslowness.timeout = 120s (custom)
2019-09-28 05:20:11,529 [pool-47-thread-1] INFO  server.RaftServerConfigKeys (ConfUtils.java:logGet(43)) - raft.server.sleep.deviation.threshold = 300 (default)
2019-09-28 05:20:11,529 [pool-47-thread-1] INFO  server.RaftServerConfigKeys (ConfUtils.java:logGet(43)) - raft.server.log.appender.install.snapshot.enabled = false (custom)
2019-09-28 05:20:11,529 [pool-47-thread-1] INFO  impl.RaftServerImpl (ServerState.java:<init>(103)) - 8e781dd0-206b-4bcd-9fba-4b95742bd983@group-E6B893A801CB: ConfigurationManager, init=-1: [8e781dd0-206b-4bcd-9fba-4b95742bd983:192.168.151.82:36797], old=null, confs=<EMPTY_MAP>
2019-09-28 05:20:11,530 [pool-47-thread-1] INFO  server.RaftServerConfigKeys (ConfUtils.java:logGet(43)) - raft.server.storage.dir = [/workdir/hadoop-ozone/ozonefs/target/test-dir/MiniOzoneClusterImpl-e9b0d3cb-1d9a-4496-a942-908b9fc97c2b/datanode-2/data/ratis] (custom)
2019-09-28 05:20:11,530 [pool-47-thread-1] INFO  storage.RaftStorageDirectory (RaftStorageDirectory.java:analyzeStorage(246)) - The storage directory /workdir/hadoop-ozone/ozonefs/target/test-dir/MiniOzoneClusterImpl-e9b0d3cb-1d9a-4496-a942-908b9fc97c2b/datanode-2/data/ratis/ff3b9d8b-adef-4cc8-afce-e6b893a801cb does not exist. Creating ...
2019-09-28 05:20:11,544 [pool-47-thread-1] INFO  storage.RaftStorageDirectory (RaftStorageDirectory.java:tryLock(328)) - Lock on /workdir/hadoop-ozone/ozonefs/target/test-dir/MiniOzoneClusterImpl-e9b0d3cb-1d9a-4496-a942-908b9fc97c2b/datanode-2/data/ratis/ff3b9d8b-adef-4cc8-afce-e6b893a801cb/in_use.lock acquired by nodename 9033@pr-hdds-2162-8g7kw-3348123894
2019-09-28 05:20:11,557 [pool-47-thread-1] INFO  storage.RaftStorage (RaftStorage.java:format(72)) - Storage directory /workdir/hadoop-ozone/ozonefs/target/test-dir/MiniOzoneClusterImpl-e9b0d3cb-1d9a-4496-a942-908b9fc97c2b/datanode-2/data/ratis/ff3b9d8b-adef-4cc8-afce-e6b893a801cb has been successfully formatted.
2019-09-28 05:20:11,558 [pool-47-thread-1] INFO  ratis.ContainerStateMachine (ContainerStateMachine.java:loadSnapshot(230)) - group-E6B893A801CB: The snapshot info is null. Setting the last applied indexto:(t:0, i:~)
2019-09-28 05:20:11,558 [pool-47-thread-1] INFO  server.RaftServerConfigKeys (ConfUtils.java:logGet(43)) - raft.server.notification.no-leader.timeout = 120s (custom)
2019-09-28 05:20:11,558 [pool-47-thread-1] INFO  server.RaftServerConfigKeys (ConfUtils.java:logGet(43)) - raft.server.log.use.memory = false (default)
2019-09-28 05:20:11,558 [pool-47-thread-1] INFO  server.RaftServerConfigKeys (ConfUtils.java:logGet(43)) - raft.server.log.purge.gap = 1000000 (custom)
2019-09-28 05:20:11,558 [pool-47-thread-1] INFO  server.RaftServerConfigKeys (ConfUtils.java:logGet(43)) - raft.server.log.appender.buffer.byte-limit = 33554432 (custom)
2019-09-28 05:20:11,558 [pool-47-thread-1] INFO  server.RaftServerConfigKeys (ConfUtils.java:logGet(43)) - raft.server.log.segment.size.max = 1048576 (custom)
2019-09-28 05:20:11,559 [pool-47-thread-1] INFO  server.RaftServerConfigKeys (ConfUtils.java:logGet(43)) - raft.server.log.segment.cache.num.max = 2 (custom)
2019-09-28 05:20:11,559 [pool-47-thread-1] INFO  segmented.SegmentedRaftLogWorker (SegmentedRaftLogWorker.java:<init>(172)) - new 8e781dd0-206b-4bcd-9fba-4b95742bd983@group-E6B893A801CB-SegmentedRaftLogWorker for RaftStorage:Storage Directory /workdir/hadoop-ozone/ozonefs/target/test-dir/MiniOzoneClusterImpl-e9b0d3cb-1d9a-4496-a942-908b9fc97c2b/datanode-2/data/ratis/ff3b9d8b-adef-4cc8-afce-e6b893a801cb
2019-09-28 05:20:11,562 [pool-47-thread-1] INFO  server.RaftServerConfigKeys (ConfUtils.java:logGet(43)) - raft.server.log.queue.byte-limit = 2147483647 (custom)
2019-09-28 05:20:11,562 [pool-47-thread-1] INFO  server.RaftServerConfigKeys (ConfUtils.java:logGet(43)) - raft.server.log.queue.element-limit = 1024 (custom)
2019-09-28 05:20:11,562 [pool-47-thread-1] INFO  server.RaftServerConfigKeys (ConfUtils.java:logGet(43)) - raft.server.log.segment.size.max = 1048576 (custom)
2019-09-28 05:20:11,563 [pool-47-thread-1] INFO  server.RaftServerConfigKeys (ConfUtils.java:logGet(43)) - raft.server.log.preallocated.size = 16384 (custom)
2019-09-28 05:20:11,563 [pool-47-thread-1] INFO  server.RaftServerConfigKeys (ConfUtils.java:logGet(43)) - raft.server.log.write.buffer.size = 33554432 (custom)
2019-09-28 05:20:11,563 [pool-47-thread-1] INFO  server.RaftServerConfigKeys (ConfUtils.java:logGet(43)) - raft.server.log.force.sync.num = 128 (default)
2019-09-28 05:20:11,563 [pool-47-thread-1] INFO  server.RaftServerConfigKeys (ConfUtils.java:logGet(43)) - raft.server.log.statemachine.data.sync = true (default)
2019-09-28 05:20:11,563 [pool-47-thread-1] INFO  server.RaftServerConfigKeys (ConfUtils.java:logGet(43)) - raft.server.log.statemachine.data.sync.timeout = 10s (default)
2019-09-28 05:20:11,563 [pool-47-thread-1] INFO  server.RaftServerConfigKeys (ConfUtils.java:logGet(43)) - raft.server.log.statemachine.data.sync.timeout.retry = -1 (default)
2019-09-28 05:20:11,564 [pool-47-thread-1] INFO  server.RaftServerConfigKeys (ConfUtils.java:logGet(43)) - raft.server.log.statemachine.data.caching.enabled = true (custom)
2019-09-28 05:20:11,564 [pool-47-thread-1] INFO  segmented.SegmentedRaftLogWorker (SegmentedRaftLogWorker.java:lambda$new$0(132)) - 8e781dd0-206b-4bcd-9fba-4b95742bd983@group-E6B893A801CB-SegmentedRaftLogWorker: flushIndex: setUnconditionally 0 -> -1
2019-09-28 05:20:11,564 [pool-47-thread-1] INFO  server.RaftServerConfigKeys (ConfUtils.java:logGet(43)) - raft.server.snapshot.auto.trigger.enabled = true (custom)
2019-09-28 05:20:11,564 [pool-47-thread-1] INFO  server.RaftServerConfigKeys (ConfUtils.java:logGet(43)) - raft.server.snapshot.auto.trigger.threshold = 10000 (custom)
2019-09-28 05:20:11,564 [pool-47-thread-1] INFO  server.RaftServerConfigKeys (ConfUtils.java:logGet(43)) - raft.server.snapshot.retention.num.files = 5 (custom)
2019-09-28 05:20:11,565 [pool-47-thread-1] INFO  server.RaftServerConfigKeys (ConfUtils.java:logGet(43)) - raft.server.retrycache.expirytime = 600000ms (custom)
2019-09-28 05:20:11,568 [pool-47-thread-1] INFO  impl.RaftServerImpl (RaftServerImpl.java:start(185)) - 8e781dd0-206b-4bcd-9fba-4b95742bd983@group-E6B893A801CB: start as a follower, conf=-1: [8e781dd0-206b-4bcd-9fba-4b95742bd983:192.168.151.82:36797], old=null
2019-09-28 05:20:11,568 [pool-47-thread-1] INFO  impl.RaftServerImpl (RaftServerImpl.java:setRole(174)) - 8e781dd0-206b-4bcd-9fba-4b95742bd983@group-E6B893A801CB: changes role from      null to FOLLOWER at term 0 for startAsFollower
2019-09-28 05:20:11,568 [pool-47-thread-1] INFO  impl.RoleInfo (RoleInfo.java:updateAndGet(143)) - 8e781dd0-206b-4bcd-9fba-4b95742bd983: start FollowerState
2019-09-28 05:20:11,569 [pool-47-thread-1] INFO  util.JmxRegister (JmxRegister.java:tryRegister(44)) - Successfully registered JMX Bean with object name Ratis:service=RaftServer,group=group-E6B893A801CB,id=8e781dd0-206b-4bcd-9fba-4b95742bd983
2019-09-28 05:20:11,583 [RatisPipelineUtilsThread] INFO  pipeline.PipelineStateManager (PipelineStateManager.java:addPipeline(56)) - Created pipeline Pipeline[ Id: ff3b9d8b-adef-4cc8-afce-e6b893a801cb, Nodes: 8e781dd0-206b-4bcd-9fba-4b95742bd983{ip: 192.168.151.82, host: pr-hdds-2162-8g7kw-3348123894, networkLocation: /default-rack, certSerialId: null}, Type:RATIS, Factor:ONE, State:OPEN]
2019-09-28 05:20:11,602 [grpc-default-executor-0] INFO  impl.RaftServerProxy (RaftServerProxy.java:addNew(89)) - 2c46d123-7bf4-4340-80ca-a2d1885ebc1e: addNew group-20936BE24F79:[2c46d123-7bf4-4340-80ca-a2d1885ebc1e:192.168.151.82:37073] returns group-20936BE24F79:java.util.concurrent.CompletableFuture@62eb557d[Not completed]
2019-09-28 05:20:11,607 [pool-97-thread-1] INFO  impl.RaftServerImpl (RaftServerImpl.java:<init>(95)) - 2c46d123-7bf4-4340-80ca-a2d1885ebc1e: new RaftServerImpl for group-20936BE24F79:[2c46d123-7bf4-4340-80ca-a2d1885ebc1e:192.168.151.82:37073] with ContainerStateMachine:uninitialized
2019-09-28 05:20:11,607 [pool-97-thread-1] INFO  server.RaftServerConfigKeys (ConfUtils.java:logGet(43)) - raft.server.rpc.timeout.min = 5s (custom)
2019-09-28 05:20:11,607 [pool-97-thread-1] INFO  server.RaftServerConfigKeys (ConfUtils.java:logGet(43)) - raft.server.rpc.timeout.max = 5200ms (custom)
2019-09-28 05:20:11,608 [pool-97-thread-1] INFO  server.RaftServerConfigKeys (ConfUtils.java:logGet(43)) - raft.server.rpcslowness.timeout = 120s (custom)
2019-09-28 05:20:11,608 [pool-97-thread-1] INFO  server.RaftServerConfigKeys (ConfUtils.java:logGet(43)) - raft.server.sleep.deviation.threshold = 300 (default)
2019-09-28 05:20:11,608 [pool-97-thread-1] INFO  server.RaftServerConfigKeys (ConfUtils.java:logGet(43)) - raft.server.log.appender.install.snapshot.enabled = false (custom)
2019-09-28 05:20:11,608 [pool-97-thread-1] INFO  impl.RaftServerImpl (ServerState.java:<init>(103)) - 2c46d123-7bf4-4340-80ca-a2d1885ebc1e@group-20936BE24F79: ConfigurationManager, init=-1: [2c46d123-7bf4-4340-80ca-a2d1885ebc1e:192.168.151.82:37073], old=null, confs=<EMPTY_MAP>
2019-09-28 05:20:11,608 [pool-97-thread-1] INFO  server.RaftServerConfigKeys (ConfUtils.java:logGet(43)) - raft.server.storage.dir = [/workdir/hadoop-ozone/ozonefs/target/test-dir/MiniOzoneClusterImpl-e9b0d3cb-1d9a-4496-a942-908b9fc97c2b/datanode-7/data/ratis] (custom)
2019-09-28 05:20:11,609 [pool-97-thread-1] INFO  storage.RaftStorageDirectory (RaftStorageDirectory.java:analyzeStorage(246)) - The storage directory /workdir/hadoop-ozone/ozonefs/target/test-dir/MiniOzoneClusterImpl-e9b0d3cb-1d9a-4496-a942-908b9fc97c2b/datanode-7/data/ratis/1d2801a3-58b8-4402-a329-20936be24f79 does not exist. Creating ...
2019-09-28 05:20:11,621 [pool-97-thread-1] INFO  storage.RaftStorageDirectory (RaftStorageDirectory.java:tryLock(328)) - Lock on /workdir/hadoop-ozone/ozonefs/target/test-dir/MiniOzoneClusterImpl-e9b0d3cb-1d9a-4496-a942-908b9fc97c2b/datanode-7/data/ratis/1d2801a3-58b8-4402-a329-20936be24f79/in_use.lock acquired by nodename 9033@pr-hdds-2162-8g7kw-3348123894
2019-09-28 05:20:11,635 [pool-97-thread-1] INFO  storage.RaftStorage (RaftStorage.java:format(72)) - Storage directory /workdir/hadoop-ozone/ozonefs/target/test-dir/MiniOzoneClusterImpl-e9b0d3cb-1d9a-4496-a942-908b9fc97c2b/datanode-7/data/ratis/1d2801a3-58b8-4402-a329-20936be24f79 has been successfully formatted.
2019-09-28 05:20:11,635 [pool-97-thread-1] INFO  ratis.ContainerStateMachine (ContainerStateMachine.java:loadSnapshot(230)) - group-20936BE24F79: The snapshot info is null. Setting the last applied indexto:(t:0, i:~)
2019-09-28 05:20:11,635 [pool-97-thread-1] INFO  server.RaftServerConfigKeys (ConfUtils.java:logGet(43)) - raft.server.notification.no-leader.timeout = 120s (custom)
2019-09-28 05:20:11,636 [pool-97-thread-1] INFO  server.RaftServerConfigKeys (ConfUtils.java:logGet(43)) - raft.server.log.use.memory = false (default)
2019-09-28 05:20:11,636 [pool-97-thread-1] INFO  server.RaftServerConfigKeys (ConfUtils.java:logGet(43)) - raft.server.log.purge.gap = 1000000 (custom)
2019-09-28 05:20:11,636 [pool-97-thread-1] INFO  server.RaftServerConfigKeys (ConfUtils.java:logGet(43)) - raft.server.log.appender.buffer.byte-limit = 33554432 (custom)
2019-09-28 05:20:11,636 [pool-97-thread-1] INFO  server.RaftServerConfigKeys (ConfUtils.java:logGet(43)) - raft.server.log.segment.size.max = 1048576 (custom)
2019-09-28 05:20:11,636 [pool-97-thread-1] INFO  server.RaftServerConfigKeys (ConfUtils.java:logGet(43)) - raft.server.log.segment.cache.num.max = 2 (custom)
2019-09-28 05:20:11,636 [pool-97-thread-1] INFO  segmented.SegmentedRaftLogWorker (SegmentedRaftLogWorker.java:<init>(172)) - new 2c46d123-7bf4-4340-80ca-a2d1885ebc1e@group-20936BE24F79-SegmentedRaftLogWorker for RaftStorage:Storage Directory /workdir/hadoop-ozone/ozonefs/target/test-dir/MiniOzoneClusterImpl-e9b0d3cb-1d9a-4496-a942-908b9fc97c2b/datanode-7/data/ratis/1d2801a3-58b8-4402-a329-20936be24f79
2019-09-28 05:20:11,641 [pool-97-thread-1] INFO  server.RaftServerConfigKeys (ConfUtils.java:logGet(43)) - raft.server.log.queue.byte-limit = 2147483647 (custom)
2019-09-28 05:20:11,641 [pool-97-thread-1] INFO  server.RaftServerConfigKeys (ConfUtils.java:logGet(43)) - raft.server.log.queue.element-limit = 1024 (custom)
2019-09-28 05:20:11,641 [pool-97-thread-1] INFO  server.RaftServerConfigKeys (ConfUtils.java:logGet(43)) - raft.server.log.segment.size.max = 1048576 (custom)
2019-09-28 05:20:11,641 [pool-97-thread-1] INFO  server.RaftServerConfigKeys (ConfUtils.java:logGet(43)) - raft.server.log.preallocated.size = 16384 (custom)
2019-09-28 05:20:11,641 [pool-97-thread-1] INFO  server.RaftServerConfigKeys (ConfUtils.java:logGet(43)) - raft.server.log.write.buffer.size = 33554432 (custom)
2019-09-28 05:20:11,641 [pool-97-thread-1] INFO  server.RaftServerConfigKeys (ConfUtils.java:logGet(43)) - raft.server.log.force.sync.num = 128 (default)
2019-09-28 05:20:11,641 [pool-97-thread-1] INFO  server.RaftServerConfigKeys (ConfUtils.java:logGet(43)) - raft.server.log.statemachine.data.sync = true (default)
2019-09-28 05:20:11,642 [pool-97-thread-1] INFO  server.RaftServerConfigKeys (ConfUtils.java:logGet(43)) - raft.server.log.statemachine.data.sync.timeout = 10s (default)
2019-09-28 05:20:11,642 [pool-97-thread-1] INFO  server.RaftServerConfigKeys (ConfUtils.java:logGet(43)) - raft.server.log.statemachine.data.sync.timeout.retry = -1 (default)
2019-09-28 05:20:11,642 [pool-97-thread-1] INFO  server.RaftServerConfigKeys (ConfUtils.java:logGet(43)) - raft.server.log.statemachine.data.caching.enabled = true (custom)
2019-09-28 05:20:11,642 [pool-97-thread-1] INFO  segmented.SegmentedRaftLogWorker (SegmentedRaftLogWorker.java:lambda$new$0(132)) - 2c46d123-7bf4-4340-80ca-a2d1885ebc1e@group-20936BE24F79-SegmentedRaftLogWorker: flushIndex: setUnconditionally 0 -> -1
2019-09-28 05:20:11,643 [pool-97-thread-1] INFO  server.RaftServerConfigKeys (ConfUtils.java:logGet(43)) - raft.server.snapshot.auto.trigger.enabled = true (custom)
2019-09-28 05:20:11,643 [pool-97-thread-1] INFO  server.RaftServerConfigKeys (ConfUtils.java:logGet(43)) - raft.server.snapshot.auto.trigger.threshold = 10000 (custom)
2019-09-28 05:20:11,643 [pool-97-thread-1] INFO  server.RaftServerConfigKeys (ConfUtils.java:logGet(43)) - raft.server.snapshot.retention.num.files = 5 (custom)
2019-09-28 05:20:11,643 [pool-97-thread-1] INFO  server.RaftServerConfigKeys (ConfUtils.java:logGet(43)) - raft.server.retrycache.expirytime = 600000ms (custom)
2019-09-28 05:20:11,645 [pool-97-thread-1] INFO  impl.RaftServerImpl (RaftServerImpl.java:start(185)) - 2c46d123-7bf4-4340-80ca-a2d1885ebc1e@group-20936BE24F79: start as a follower, conf=-1: [2c46d123-7bf4-4340-80ca-a2d1885ebc1e:192.168.151.82:37073], old=null
2019-09-28 05:20:11,645 [pool-97-thread-1] INFO  impl.RaftServerImpl (RaftServerImpl.java:setRole(174)) - 2c46d123-7bf4-4340-80ca-a2d1885ebc1e@group-20936BE24F79: changes role from      null to FOLLOWER at term 0 for startAsFollower
2019-09-28 05:20:11,645 [pool-97-thread-1] INFO  impl.RoleInfo (RoleInfo.java:updateAndGet(143)) - 2c46d123-7bf4-4340-80ca-a2d1885ebc1e: start FollowerState
2019-09-28 05:20:11,646 [pool-97-thread-1] INFO  util.JmxRegister (JmxRegister.java:tryRegister(44)) - Successfully registered JMX Bean with object name Ratis:service=RaftServer,group=group-20936BE24F79,id=2c46d123-7bf4-4340-80ca-a2d1885ebc1e
2019-09-28 05:20:11,669 [RatisPipelineUtilsThread] INFO  pipeline.PipelineStateManager (PipelineStateManager.java:addPipeline(56)) - Created pipeline Pipeline[ Id: 1d2801a3-58b8-4402-a329-20936be24f79, Nodes: 2c46d123-7bf4-4340-80ca-a2d1885ebc1e{ip: 192.168.151.82, host: pr-hdds-2162-8g7kw-3348123894, networkLocation: /default-rack, certSerialId: null}, Type:RATIS, Factor:ONE, State:OPEN]
2019-09-28 05:20:11,688 [grpc-default-executor-0] INFO  impl.RaftServerProxy (RaftServerProxy.java:addNew(89)) - 0ba2b8dd-18f6-415c-ba16-f29fd4260be6: addNew group-6F26932B902F:[0ba2b8dd-18f6-415c-ba16-f29fd4260be6:192.168.151.82:40559] returns group-6F26932B902F:java.util.concurrent.CompletableFuture@2d8d6d3a[Not completed]
2019-09-28 05:20:11,693 [pool-77-thread-1] INFO  impl.RaftServerImpl (RaftServerImpl.java:<init>(95)) - 0ba2b8dd-18f6-415c-ba16-f29fd4260be6: new RaftServerImpl for group-6F26932B902F:[0ba2b8dd-18f6-415c-ba16-f29fd4260be6:192.168.151.82:40559] with ContainerStateMachine:uninitialized
2019-09-28 05:20:11,693 [main] INFO  ozone.MiniOzoneClusterImpl (MiniOzoneClusterImpl.java:lambda$waitForClusterToBeReady$0(147)) - Cluster is ready. Got 10 of 10 DN Heartbeats.
2019-09-28 05:20:11,693 [pool-77-thread-1] INFO  server.RaftServerConfigKeys (ConfUtils.java:logGet(43)) - raft.server.rpc.timeout.min = 5s (custom)
2019-09-28 05:20:11,694 [pool-77-thread-1] INFO  server.RaftServerConfigKeys (ConfUtils.java:logGet(43)) - raft.server.rpc.timeout.max = 5200ms (custom)
2019-09-28 05:20:11,694 [pool-77-thread-1] INFO  server.RaftServerConfigKeys (ConfUtils.java:logGet(43)) - raft.server.rpcslowness.timeout = 120s (custom)
2019-09-28 05:20:11,694 [pool-77-thread-1] INFO  server.RaftServerConfigKeys (ConfUtils.java:logGet(43)) - raft.server.sleep.deviation.threshold = 300 (default)
2019-09-28 05:20:11,694 [pool-77-thread-1] INFO  server.RaftServerConfigKeys (ConfUtils.java:logGet(43)) - raft.server.log.appender.install.snapshot.enabled = false (custom)
2019-09-28 05:20:11,695 [pool-77-thread-1] INFO  impl.RaftServerImpl (ServerState.java:<init>(103)) - 0ba2b8dd-18f6-415c-ba16-f29fd4260be6@group-6F26932B902F: ConfigurationManager, init=-1: [0ba2b8dd-18f6-415c-ba16-f29fd4260be6:192.168.151.82:40559], old=null, confs=<EMPTY_MAP>
2019-09-28 05:20:11,695 [pool-77-thread-1] INFO  server.RaftServerConfigKeys (ConfUtils.java:logGet(43)) - raft.server.storage.dir = [/workdir/hadoop-ozone/ozonefs/target/test-dir/MiniOzoneClusterImpl-e9b0d3cb-1d9a-4496-a942-908b9fc97c2b/datanode-5/data/ratis] (custom)
2019-09-28 05:20:11,695 [pool-77-thread-1] INFO  storage.RaftStorageDirectory (RaftStorageDirectory.java:analyzeStorage(246)) - The storage directory /workdir/hadoop-ozone/ozonefs/target/test-dir/MiniOzoneClusterImpl-e9b0d3cb-1d9a-4496-a942-908b9fc97c2b/datanode-5/data/ratis/b8ada5b7-c081-4e63-8d7b-6f26932b902f does not exist. Creating ...
2019-09-28 05:20:11,708 [pool-77-thread-1] INFO  storage.RaftStorageDirectory (RaftStorageDirectory.java:tryLock(328)) - Lock on /workdir/hadoop-ozone/ozonefs/target/test-dir/MiniOzoneClusterImpl-e9b0d3cb-1d9a-4496-a942-908b9fc97c2b/datanode-5/data/ratis/b8ada5b7-c081-4e63-8d7b-6f26932b902f/in_use.lock acquired by nodename 9033@pr-hdds-2162-8g7kw-3348123894
2019-09-28 05:20:11,722 [pool-77-thread-1] INFO  storage.RaftStorage (RaftStorage.java:format(72)) - Storage directory /workdir/hadoop-ozone/ozonefs/target/test-dir/MiniOzoneClusterImpl-e9b0d3cb-1d9a-4496-a942-908b9fc97c2b/datanode-5/data/ratis/b8ada5b7-c081-4e63-8d7b-6f26932b902f has been successfully formatted.
2019-09-28 05:20:11,723 [pool-77-thread-1] INFO  ratis.ContainerStateMachine (ContainerStateMachine.java:loadSnapshot(230)) - group-6F26932B902F: The snapshot info is null. Setting the last applied indexto:(t:0, i:~)
2019-09-28 05:20:11,723 [pool-77-thread-1] INFO  server.RaftServerConfigKeys (ConfUtils.java:logGet(43)) - raft.server.notification.no-leader.timeout = 120s (custom)
2019-09-28 05:20:11,723 [pool-77-thread-1] INFO  server.RaftServerConfigKeys (ConfUtils.java:logGet(43)) - raft.server.log.use.memory = false (default)
2019-09-28 05:20:11,723 [pool-77-thread-1] INFO  server.RaftServerConfigKeys (ConfUtils.java:logGet(43)) - raft.server.log.purge.gap = 1000000 (custom)
2019-09-28 05:20:11,724 [pool-77-thread-1] INFO  server.RaftServerConfigKeys (ConfUtils.java:logGet(43)) - raft.server.log.appender.buffer.byte-limit = 33554432 (custom)
2019-09-28 05:20:11,724 [pool-77-thread-1] INFO  server.RaftServerConfigKeys (ConfUtils.java:logGet(43)) - raft.server.log.segment.size.max = 1048576 (custom)
2019-09-28 05:20:11,724 [pool-77-thread-1] INFO  server.RaftServerConfigKeys (ConfUtils.java:logGet(43)) - raft.server.log.segment.cache.num.max = 2 (custom)
2019-09-28 05:20:11,725 [pool-77-thread-1] INFO  segmented.SegmentedRaftLogWorker (SegmentedRaftLogWorker.java:<init>(172)) - new 0ba2b8dd-18f6-415c-ba16-f29fd4260be6@group-6F26932B902F-SegmentedRaftLogWorker for RaftStorage:Storage Directory /workdir/hadoop-ozone/ozonefs/target/test-dir/MiniOzoneClusterImpl-e9b0d3cb-1d9a-4496-a942-908b9fc97c2b/datanode-5/data/ratis/b8ada5b7-c081-4e63-8d7b-6f26932b902f
2019-09-28 05:20:11,728 [pool-77-thread-1] INFO  server.RaftServerConfigKeys (ConfUtils.java:logGet(43)) - raft.server.log.queue.byte-limit = 2147483647 (custom)
2019-09-28 05:20:11,728 [pool-77-thread-1] INFO  server.RaftServerConfigKeys (ConfUtils.java:logGet(43)) - raft.server.log.queue.element-limit = 1024 (custom)
2019-09-28 05:20:11,728 [pool-77-thread-1] INFO  server.RaftServerConfigKeys (ConfUtils.java:logGet(43)) - raft.server.log.segment.size.max = 1048576 (custom)
2019-09-28 05:20:11,728 [pool-77-thread-1] INFO  server.RaftServerConfigKeys (ConfUtils.java:logGet(43)) - raft.server.log.preallocated.size = 16384 (custom)
2019-09-28 05:20:11,728 [pool-77-thread-1] INFO  server.RaftServerConfigKeys (ConfUtils.java:logGet(43)) - raft.server.log.write.buffer.size = 33554432 (custom)
2019-09-28 05:20:11,728 [pool-77-thread-1] INFO  server.RaftServerConfigKeys (ConfUtils.java:logGet(43)) - raft.server.log.force.sync.num = 128 (default)
2019-09-28 05:20:11,729 [pool-77-thread-1] INFO  server.RaftServerConfigKeys (ConfUtils.java:logGet(43)) - raft.server.log.statemachine.data.sync = true (default)
2019-09-28 05:20:11,729 [pool-77-thread-1] INFO  server.RaftServerConfigKeys (ConfUtils.java:logGet(43)) - raft.server.log.statemachine.data.sync.timeout = 10s (default)
2019-09-28 05:20:11,729 [pool-77-thread-1] INFO  server.RaftServerConfigKeys (ConfUtils.java:logGet(43)) - raft.server.log.statemachine.data.sync.timeout.retry = -1 (default)
2019-09-28 05:20:11,729 [pool-77-thread-1] INFO  server.RaftServerConfigKeys (ConfUtils.java:logGet(43)) - raft.server.log.statemachine.data.caching.enabled = true (custom)
2019-09-28 05:20:11,730 [pool-77-thread-1] INFO  segmented.SegmentedRaftLogWorker (SegmentedRaftLogWorker.java:lambda$new$0(132)) - 0ba2b8dd-18f6-415c-ba16-f29fd4260be6@group-6F26932B902F-SegmentedRaftLogWorker: flushIndex: setUnconditionally 0 -> -1
2019-09-28 05:20:11,730 [pool-77-thread-1] INFO  server.RaftServerConfigKeys (ConfUtils.java:logGet(43)) - raft.server.snapshot.auto.trigger.enabled = true (custom)
2019-09-28 05:20:11,730 [pool-77-thread-1] INFO  server.RaftServerConfigKeys (ConfUtils.java:logGet(43)) - raft.server.snapshot.auto.trigger.threshold = 10000 (custom)
2019-09-28 05:20:11,730 [pool-77-thread-1] INFO  server.RaftServerConfigKeys (ConfUtils.java:logGet(43)) - raft.server.snapshot.retention.num.files = 5 (custom)
2019-09-28 05:20:11,730 [pool-77-thread-1] INFO  server.RaftServerConfigKeys (ConfUtils.java:logGet(43)) - raft.server.retrycache.expirytime = 600000ms (custom)
2019-09-28 05:20:11,733 [pool-77-thread-1] INFO  impl.RaftServerImpl (RaftServerImpl.java:start(185)) - 0ba2b8dd-18f6-415c-ba16-f29fd4260be6@group-6F26932B902F: start as a follower, conf=-1: [0ba2b8dd-18f6-415c-ba16-f29fd4260be6:192.168.151.82:40559], old=null
2019-09-28 05:20:11,733 [pool-77-thread-1] INFO  impl.RaftServerImpl (RaftServerImpl.java:setRole(174)) - 0ba2b8dd-18f6-415c-ba16-f29fd4260be6@group-6F26932B902F: changes role from      null to FOLLOWER at term 0 for startAsFollower
2019-09-28 05:20:11,733 [pool-77-thread-1] INFO  impl.RoleInfo (RoleInfo.java:updateAndGet(143)) - 0ba2b8dd-18f6-415c-ba16-f29fd4260be6: start FollowerState
2019-09-28 05:20:11,733 [pool-77-thread-1] INFO  util.JmxRegister (JmxRegister.java:tryRegister(44)) - Successfully registered JMX Bean with object name Ratis:service=RaftServer,group=group-6F26932B902F,id=0ba2b8dd-18f6-415c-ba16-f29fd4260be6
2019-09-28 05:20:11,753 [RatisPipelineUtilsThread] INFO  pipeline.PipelineStateManager (PipelineStateManager.java:addPipeline(56)) - Created pipeline Pipeline[ Id: b8ada5b7-c081-4e63-8d7b-6f26932b902f, Nodes: 0ba2b8dd-18f6-415c-ba16-f29fd4260be6{ip: 192.168.151.82, host: pr-hdds-2162-8g7kw-3348123894, networkLocation: /default-rack, certSerialId: null}, Type:RATIS, Factor:ONE, State:OPEN]
2019-09-28 05:20:11,773 [grpc-default-executor-0] INFO  impl.RaftServerProxy (RaftServerProxy.java:addNew(89)) - df93b021-79d7-434f-92a0-2f93bc69c3ad: addNew group-632382EFC72F:[df93b021-79d7-434f-92a0-2f93bc69c3ad:192.168.151.82:40601] returns group-632382EFC72F:java.util.concurrent.CompletableFuture@14ceef42[Not completed]
2019-09-28 05:20:11,793 [pool-37-thread-1] INFO  impl.RaftServerImpl (RaftServerImpl.java:<init>(95)) - df93b021-79d7-434f-92a0-2f93bc69c3ad: new RaftServerImpl for group-632382EFC72F:[df93b021-79d7-434f-92a0-2f93bc69c3ad:192.168.151.82:40601] with ContainerStateMachine:uninitialized
2019-09-28 05:20:11,795 [pool-37-thread-1] INFO  server.RaftServerConfigKeys (ConfUtils.java:logGet(43)) - raft.server.rpc.timeout.min = 5s (custom)
2019-09-28 05:20:11,796 [pool-37-thread-1] INFO  server.RaftServerConfigKeys (ConfUtils.java:logGet(43)) - raft.server.rpc.timeout.max = 5200ms (custom)
2019-09-28 05:20:11,796 [pool-37-thread-1] INFO  server.RaftServerConfigKeys (ConfUtils.java:logGet(43)) - raft.server.rpcslowness.timeout = 120s (custom)
2019-09-28 05:20:11,796 [pool-37-thread-1] INFO  server.RaftServerConfigKeys (ConfUtils.java:logGet(43)) - raft.server.sleep.deviation.threshold = 300 (default)
2019-09-28 05:20:11,796 [pool-37-thread-1] INFO  server.RaftServerConfigKeys (ConfUtils.java:logGet(43)) - raft.server.log.appender.install.snapshot.enabled = false (custom)
2019-09-28 05:20:11,796 [pool-37-thread-1] INFO  impl.RaftServerImpl (ServerState.java:<init>(103)) - df93b021-79d7-434f-92a0-2f93bc69c3ad@group-632382EFC72F: ConfigurationManager, init=-1: [df93b021-79d7-434f-92a0-2f93bc69c3ad:192.168.151.82:40601], old=null, confs=<EMPTY_MAP>
2019-09-28 05:20:11,796 [pool-37-thread-1] INFO  server.RaftServerConfigKeys (ConfUtils.java:logGet(43)) - raft.server.storage.dir = [/workdir/hadoop-ozone/ozonefs/target/test-dir/MiniOzoneClusterImpl-e9b0d3cb-1d9a-4496-a942-908b9fc97c2b/datanode-1/data/ratis] (custom)
2019-09-28 05:20:11,797 [pool-37-thread-1] INFO  storage.RaftStorageDirectory (RaftStorageDirectory.java:analyzeStorage(246)) - The storage directory /workdir/hadoop-ozone/ozonefs/target/test-dir/MiniOzoneClusterImpl-e9b0d3cb-1d9a-4496-a942-908b9fc97c2b/datanode-1/data/ratis/4bb00608-3e9e-4d7a-a06e-632382efc72f does not exist. Creating ...
2019-09-28 05:20:11,822 [pool-37-thread-1] INFO  storage.RaftStorageDirectory (RaftStorageDirectory.java:tryLock(328)) - Lock on /workdir/hadoop-ozone/ozonefs/target/test-dir/MiniOzoneClusterImpl-e9b0d3cb-1d9a-4496-a942-908b9fc97c2b/datanode-1/data/ratis/4bb00608-3e9e-4d7a-a06e-632382efc72f/in_use.lock acquired by nodename 9033@pr-hdds-2162-8g7kw-3348123894
2019-09-28 05:20:11,836 [pool-37-thread-1] INFO  storage.RaftStorage (RaftStorage.java:format(72)) - Storage directory /workdir/hadoop-ozone/ozonefs/target/test-dir/MiniOzoneClusterImpl-e9b0d3cb-1d9a-4496-a942-908b9fc97c2b/datanode-1/data/ratis/4bb00608-3e9e-4d7a-a06e-632382efc72f has been successfully formatted.
2019-09-28 05:20:11,837 [pool-37-thread-1] INFO  ratis.ContainerStateMachine (ContainerStateMachine.java:loadSnapshot(230)) - group-632382EFC72F: The snapshot info is null. Setting the last applied indexto:(t:0, i:~)
2019-09-28 05:20:11,837 [pool-37-thread-1] INFO  server.RaftServerConfigKeys (ConfUtils.java:logGet(43)) - raft.server.notification.no-leader.timeout = 120s (custom)
2019-09-28 05:20:11,837 [pool-37-thread-1] INFO  server.RaftServerConfigKeys (ConfUtils.java:logGet(43)) - raft.server.log.use.memory = false (default)
2019-09-28 05:20:11,837 [pool-37-thread-1] INFO  server.RaftServerConfigKeys (ConfUtils.java:logGet(43)) - raft.server.log.purge.gap = 1000000 (custom)
2019-09-28 05:20:11,837 [pool-37-thread-1] INFO  server.RaftServerConfigKeys (ConfUtils.java:logGet(43)) - raft.server.log.appender.buffer.byte-limit = 33554432 (custom)
2019-09-28 05:20:11,837 [pool-37-thread-1] INFO  server.RaftServerConfigKeys (ConfUtils.java:logGet(43)) - raft.server.log.segment.size.max = 1048576 (custom)
2019-09-28 05:20:11,837 [pool-37-thread-1] INFO  server.RaftServerConfigKeys (ConfUtils.java:logGet(43)) - raft.server.log.segment.cache.num.max = 2 (custom)
2019-09-28 05:20:11,838 [pool-37-thread-1] INFO  segmented.SegmentedRaftLogWorker (SegmentedRaftLogWorker.java:<init>(172)) - new df93b021-79d7-434f-92a0-2f93bc69c3ad@group-632382EFC72F-SegmentedRaftLogWorker for RaftStorage:Storage Directory /workdir/hadoop-ozone/ozonefs/target/test-dir/MiniOzoneClusterImpl-e9b0d3cb-1d9a-4496-a942-908b9fc97c2b/datanode-1/data/ratis/4bb00608-3e9e-4d7a-a06e-632382efc72f
2019-09-28 05:20:11,840 [pool-37-thread-1] INFO  server.RaftServerConfigKeys (ConfUtils.java:logGet(43)) - raft.server.log.queue.byte-limit = 2147483647 (custom)
2019-09-28 05:20:11,840 [pool-37-thread-1] INFO  server.RaftServerConfigKeys (ConfUtils.java:logGet(43)) - raft.server.log.queue.element-limit = 1024 (custom)
2019-09-28 05:20:11,841 [pool-37-thread-1] INFO  server.RaftServerConfigKeys (ConfUtils.java:logGet(43)) - raft.server.log.segment.size.max = 1048576 (custom)
2019-09-28 05:20:11,841 [pool-37-thread-1] INFO  server.RaftServerConfigKeys (ConfUtils.java:logGet(43)) - raft.server.log.preallocated.size = 16384 (custom)
2019-09-28 05:20:11,841 [pool-37-thread-1] INFO  server.RaftServerConfigKeys (ConfUtils.java:logGet(43)) - raft.server.log.write.buffer.size = 33554432 (custom)
2019-09-28 05:20:11,841 [pool-37-thread-1] INFO  server.RaftServerConfigKeys (ConfUtils.java:logGet(43)) - raft.server.log.force.sync.num = 128 (default)
2019-09-28 05:20:11,841 [pool-37-thread-1] INFO  server.RaftServerConfigKeys (ConfUtils.java:logGet(43)) - raft.server.log.statemachine.data.sync = true (default)
2019-09-28 05:20:11,841 [pool-37-thread-1] INFO  server.RaftServerConfigKeys (ConfUtils.java:logGet(43)) - raft.server.log.statemachine.data.sync.timeout = 10s (default)
2019-09-28 05:20:11,841 [pool-37-thread-1] INFO  server.RaftServerConfigKeys (ConfUtils.java:logGet(43)) - raft.server.log.statemachine.data.sync.timeout.retry = -1 (default)
2019-09-28 05:20:11,842 [pool-37-thread-1] INFO  server.RaftServerConfigKeys (ConfUtils.java:logGet(43)) - raft.server.log.statemachine.data.caching.enabled = true (custom)
2019-09-28 05:20:11,842 [pool-37-thread-1] INFO  segmented.SegmentedRaftLogWorker (SegmentedRaftLogWorker.java:lambda$new$0(132)) - df93b021-79d7-434f-92a0-2f93bc69c3ad@group-632382EFC72F-SegmentedRaftLogWorker: flushIndex: setUnconditionally 0 -> -1
2019-09-28 05:20:11,842 [pool-37-thread-1] INFO  server.RaftServerConfigKeys (ConfUtils.java:logGet(43)) - raft.server.snapshot.auto.trigger.enabled = true (custom)
2019-09-28 05:20:11,842 [pool-37-thread-1] INFO  server.RaftServerConfigKeys (ConfUtils.java:logGet(43)) - raft.server.snapshot.auto.trigger.threshold = 10000 (custom)
2019-09-28 05:20:11,843 [pool-37-thread-1] INFO  server.RaftServerConfigKeys (ConfUtils.java:logGet(43)) - raft.server.snapshot.retention.num.files = 5 (custom)
2019-09-28 05:20:11,843 [pool-37-thread-1] INFO  server.RaftServerConfigKeys (ConfUtils.java:logGet(43)) - raft.server.retrycache.expirytime = 600000ms (custom)
2019-09-28 05:20:11,845 [pool-37-thread-1] INFO  impl.RaftServerImpl (RaftServerImpl.java:start(185)) - df93b021-79d7-434f-92a0-2f93bc69c3ad@group-632382EFC72F: start as a follower, conf=-1: [df93b021-79d7-434f-92a0-2f93bc69c3ad:192.168.151.82:40601], old=null
2019-09-28 05:20:11,845 [pool-37-thread-1] INFO  impl.RaftServerImpl (RaftServerImpl.java:setRole(174)) - df93b021-79d7-434f-92a0-2f93bc69c3ad@group-632382EFC72F: changes role from      null to FOLLOWER at term 0 for startAsFollower
2019-09-28 05:20:11,845 [pool-37-thread-1] INFO  impl.RoleInfo (RoleInfo.java:updateAndGet(143)) - df93b021-79d7-434f-92a0-2f93bc69c3ad: start FollowerState
2019-09-28 05:20:11,845 [pool-37-thread-1] INFO  util.JmxRegister (JmxRegister.java:tryRegister(44)) - Successfully registered JMX Bean with object name Ratis:service=RaftServer,group=group-632382EFC72F,id=df93b021-79d7-434f-92a0-2f93bc69c3ad
2019-09-28 05:20:11,861 [RatisPipelineUtilsThread] INFO  pipeline.PipelineStateManager (PipelineStateManager.java:addPipeline(56)) - Created pipeline Pipeline[ Id: 4bb00608-3e9e-4d7a-a06e-632382efc72f, Nodes: df93b021-79d7-434f-92a0-2f93bc69c3ad{ip: 192.168.151.82, host: pr-hdds-2162-8g7kw-3348123894, networkLocation: /default-rack, certSerialId: null}, Type:RATIS, Factor:ONE, State:OPEN]
2019-09-28 05:20:11,883 [grpc-default-executor-0] INFO  impl.RaftServerProxy (RaftServerProxy.java:addNew(89)) - 41214e76-7810-48ed-8d90-f7ee0082eb9b: addNew group-343F240BFB48:[41214e76-7810-48ed-8d90-f7ee0082eb9b:192.168.151.82:43991] returns group-343F240BFB48:java.util.concurrent.CompletableFuture@315c3b0c[Not completed]
2019-09-28 05:20:11,893 [pool-107-thread-1] INFO  impl.RaftServerImpl (RaftServerImpl.java:<init>(95)) - 41214e76-7810-48ed-8d90-f7ee0082eb9b: new RaftServerImpl for group-343F240BFB48:[41214e76-7810-48ed-8d90-f7ee0082eb9b:192.168.151.82:43991] with ContainerStateMachine:uninitialized
2019-09-28 05:20:11,893 [pool-107-thread-1] INFO  server.RaftServerConfigKeys (ConfUtils.java:logGet(43)) - raft.server.rpc.timeout.min = 5s (custom)
2019-09-28 05:20:11,894 [pool-107-thread-1] INFO  server.RaftServerConfigKeys (ConfUtils.java:logGet(43)) - raft.server.rpc.timeout.max = 5200ms (custom)
2019-09-28 05:20:11,894 [pool-107-thread-1] INFO  server.RaftServerConfigKeys (ConfUtils.java:logGet(43)) - raft.server.rpcslowness.timeout = 120s (custom)
2019-09-28 05:20:11,894 [pool-107-thread-1] INFO  server.RaftServerConfigKeys (ConfUtils.java:logGet(43)) - raft.server.sleep.deviation.threshold = 300 (default)
2019-09-28 05:20:11,894 [pool-107-thread-1] INFO  server.RaftServerConfigKeys (ConfUtils.java:logGet(43)) - raft.server.log.appender.install.snapshot.enabled = false (custom)
2019-09-28 05:20:11,894 [pool-107-thread-1] INFO  impl.RaftServerImpl (ServerState.java:<init>(103)) - 41214e76-7810-48ed-8d90-f7ee0082eb9b@group-343F240BFB48: ConfigurationManager, init=-1: [41214e76-7810-48ed-8d90-f7ee0082eb9b:192.168.151.82:43991], old=null, confs=<EMPTY_MAP>
2019-09-28 05:20:11,894 [pool-107-thread-1] INFO  server.RaftServerConfigKeys (ConfUtils.java:logGet(43)) - raft.server.storage.dir = [/workdir/hadoop-ozone/ozonefs/target/test-dir/MiniOzoneClusterImpl-e9b0d3cb-1d9a-4496-a942-908b9fc97c2b/datanode-8/data/ratis] (custom)
2019-09-28 05:20:11,895 [pool-107-thread-1] INFO  storage.RaftStorageDirectory (RaftStorageDirectory.java:analyzeStorage(246)) - The storage directory /workdir/hadoop-ozone/ozonefs/target/test-dir/MiniOzoneClusterImpl-e9b0d3cb-1d9a-4496-a942-908b9fc97c2b/datanode-8/data/ratis/6e1ea668-136e-4cd9-8ce0-343f240bfb48 does not exist. Creating ...
2019-09-28 05:20:11,908 [pool-107-thread-1] INFO  storage.RaftStorageDirectory (RaftStorageDirectory.java:tryLock(328)) - Lock on /workdir/hadoop-ozone/ozonefs/target/test-dir/MiniOzoneClusterImpl-e9b0d3cb-1d9a-4496-a942-908b9fc97c2b/datanode-8/data/ratis/6e1ea668-136e-4cd9-8ce0-343f240bfb48/in_use.lock acquired by nodename 9033@pr-hdds-2162-8g7kw-3348123894
2019-09-28 05:20:11,922 [pool-107-thread-1] INFO  storage.RaftStorage (RaftStorage.java:format(72)) - Storage directory /workdir/hadoop-ozone/ozonefs/target/test-dir/MiniOzoneClusterImpl-e9b0d3cb-1d9a-4496-a942-908b9fc97c2b/datanode-8/data/ratis/6e1ea668-136e-4cd9-8ce0-343f240bfb48 has been successfully formatted.
2019-09-28 05:20:11,922 [pool-107-thread-1] INFO  ratis.ContainerStateMachine (ContainerStateMachine.java:loadSnapshot(230)) - group-343F240BFB48: The snapshot info is null. Setting the last applied indexto:(t:0, i:~)
2019-09-28 05:20:11,923 [pool-107-thread-1] INFO  server.RaftServerConfigKeys (ConfUtils.java:logGet(43)) - raft.server.notification.no-leader.timeout = 120s (custom)
2019-09-28 05:20:11,923 [pool-107-thread-1] INFO  server.RaftServerConfigKeys (ConfUtils.java:logGet(43)) - raft.server.log.use.memory = false (default)
2019-09-28 05:20:11,923 [pool-107-thread-1] INFO  server.RaftServerConfigKeys (ConfUtils.java:logGet(43)) - raft.server.log.purge.gap = 1000000 (custom)
2019-09-28 05:20:11,923 [pool-107-thread-1] INFO  server.RaftServerConfigKeys (ConfUtils.java:logGet(43)) - raft.server.log.appender.buffer.byte-limit = 33554432 (custom)
2019-09-28 05:20:11,924 [pool-107-thread-1] INFO  server.RaftServerConfigKeys (ConfUtils.java:logGet(43)) - raft.server.log.segment.size.max = 1048576 (custom)
2019-09-28 05:20:11,924 [pool-107-thread-1] INFO  server.RaftServerConfigKeys (ConfUtils.java:logGet(43)) - raft.server.log.segment.cache.num.max = 2 (custom)
2019-09-28 05:20:11,924 [pool-107-thread-1] INFO  segmented.SegmentedRaftLogWorker (SegmentedRaftLogWorker.java:<init>(172)) - new 41214e76-7810-48ed-8d90-f7ee0082eb9b@group-343F240BFB48-SegmentedRaftLogWorker for RaftStorage:Storage Directory /workdir/hadoop-ozone/ozonefs/target/test-dir/MiniOzoneClusterImpl-e9b0d3cb-1d9a-4496-a942-908b9fc97c2b/datanode-8/data/ratis/6e1ea668-136e-4cd9-8ce0-343f240bfb48
2019-09-28 05:20:11,928 [pool-107-thread-1] INFO  server.RaftServerConfigKeys (ConfUtils.java:logGet(43)) - raft.server.log.queue.byte-limit = 2147483647 (custom)
2019-09-28 05:20:11,928 [pool-107-thread-1] INFO  server.RaftServerConfigKeys (ConfUtils.java:logGet(43)) - raft.server.log.queue.element-limit = 1024 (custom)
2019-09-28 05:20:11,929 [pool-107-thread-1] INFO  server.RaftServerConfigKeys (ConfUtils.java:logGet(43)) - raft.server.log.segment.size.max = 1048576 (custom)
2019-09-28 05:20:11,929 [pool-107-thread-1] INFO  server.RaftServerConfigKeys (ConfUtils.java:logGet(43)) - raft.server.log.preallocated.size = 16384 (custom)
2019-09-28 05:20:11,929 [pool-107-thread-1] INFO  server.RaftServerConfigKeys (ConfUtils.java:logGet(43)) - raft.server.log.write.buffer.size = 33554432 (custom)
2019-09-28 05:20:11,929 [pool-107-thread-1] INFO  server.RaftServerConfigKeys (ConfUtils.java:logGet(43)) - raft.server.log.force.sync.num = 128 (default)
2019-09-28 05:20:11,929 [pool-107-thread-1] INFO  server.RaftServerConfigKeys (ConfUtils.java:logGet(43)) - raft.server.log.statemachine.data.sync = true (default)
2019-09-28 05:20:11,930 [pool-107-thread-1] INFO  server.RaftServerConfigKeys (ConfUtils.java:logGet(43)) - raft.server.log.statemachine.data.sync.timeout = 10s (default)
2019-09-28 05:20:11,930 [pool-107-thread-1] INFO  server.RaftServerConfigKeys (ConfUtils.java:logGet(43)) - raft.server.log.statemachine.data.sync.timeout.retry = -1 (default)
2019-09-28 05:20:11,930 [pool-107-thread-1] INFO  server.RaftServerConfigKeys (ConfUtils.java:logGet(43)) - raft.server.log.statemachine.data.caching.enabled = true (custom)
2019-09-28 05:20:11,931 [pool-107-thread-1] INFO  segmented.SegmentedRaftLogWorker (SegmentedRaftLogWorker.java:lambda$new$0(132)) - 41214e76-7810-48ed-8d90-f7ee0082eb9b@group-343F240BFB48-SegmentedRaftLogWorker: flushIndex: setUnconditionally 0 -> -1
2019-09-28 05:20:11,931 [pool-107-thread-1] INFO  server.RaftServerConfigKeys (ConfUtils.java:logGet(43)) - raft.server.snapshot.auto.trigger.enabled = true (custom)
2019-09-28 05:20:11,931 [pool-107-thread-1] INFO  server.RaftServerConfigKeys (ConfUtils.java:logGet(43)) - raft.server.snapshot.auto.trigger.threshold = 10000 (custom)
2019-09-28 05:20:11,931 [pool-107-thread-1] INFO  server.RaftServerConfigKeys (ConfUtils.java:logGet(43)) - raft.server.snapshot.retention.num.files = 5 (custom)
2019-09-28 05:20:11,932 [pool-107-thread-1] INFO  server.RaftServerConfigKeys (ConfUtils.java:logGet(43)) - raft.server.retrycache.expirytime = 600000ms (custom)
2019-09-28 05:20:11,935 [pool-107-thread-1] INFO  impl.RaftServerImpl (RaftServerImpl.java:start(185)) - 41214e76-7810-48ed-8d90-f7ee0082eb9b@group-343F240BFB48: start as a follower, conf=-1: [41214e76-7810-48ed-8d90-f7ee0082eb9b:192.168.151.82:43991], old=null
2019-09-28 05:20:11,936 [pool-107-thread-1] INFO  impl.RaftServerImpl (RaftServerImpl.java:setRole(174)) - 41214e76-7810-48ed-8d90-f7ee0082eb9b@group-343F240BFB48: changes role from      null to FOLLOWER at term 0 for startAsFollower
2019-09-28 05:20:11,936 [pool-107-thread-1] INFO  impl.RoleInfo (RoleInfo.java:updateAndGet(143)) - 41214e76-7810-48ed-8d90-f7ee0082eb9b: start FollowerState
2019-09-28 05:20:11,936 [pool-107-thread-1] INFO  util.JmxRegister (JmxRegister.java:tryRegister(44)) - Successfully registered JMX Bean with object name Ratis:service=RaftServer,group=group-343F240BFB48,id=41214e76-7810-48ed-8d90-f7ee0082eb9b
2019-09-28 05:20:11,948 [RatisPipelineUtilsThread] INFO  pipeline.PipelineStateManager (PipelineStateManager.java:addPipeline(56)) - Created pipeline Pipeline[ Id: 6e1ea668-136e-4cd9-8ce0-343f240bfb48, Nodes: 41214e76-7810-48ed-8d90-f7ee0082eb9b{ip: 192.168.151.82, host: pr-hdds-2162-8g7kw-3348123894, networkLocation: /default-rack, certSerialId: null}, Type:RATIS, Factor:ONE, State:OPEN]
2019-09-28 05:20:11,983 [grpc-default-executor-1] INFO  impl.RaftServerProxy (RaftServerProxy.java:addNew(89)) - 1081e6c3-a479-41d4-bd3b-fa3b39302f1a: addNew group-EAC0867A6D39:[b872e21c-1358-4bb4-b15c-ab96323b2cb2:192.168.151.82:40730, 1081e6c3-a479-41d4-bd3b-fa3b39302f1a:192.168.151.82:41993, 3146fa5d-e5c6-4e63-841a-7d53ea24ae40:192.168.151.82:37509] returns group-EAC0867A6D39:java.util.concurrent.CompletableFuture@6c7b1cfe[Not completed]
2019-09-28 05:20:11,983 [grpc-default-executor-0] INFO  impl.RaftServerProxy (RaftServerProxy.java:addNew(89)) - 3146fa5d-e5c6-4e63-841a-7d53ea24ae40: addNew group-EAC0867A6D39:[b872e21c-1358-4bb4-b15c-ab96323b2cb2:192.168.151.82:40730, 1081e6c3-a479-41d4-bd3b-fa3b39302f1a:192.168.151.82:41993, 3146fa5d-e5c6-4e63-841a-7d53ea24ae40:192.168.151.82:37509] returns group-EAC0867A6D39:java.util.concurrent.CompletableFuture@5ba290fe[Not completed]
2019-09-28 05:20:11,983 [grpc-default-executor-2] INFO  impl.RaftServerProxy (RaftServerProxy.java:addNew(89)) - b872e21c-1358-4bb4-b15c-ab96323b2cb2: addNew group-EAC0867A6D39:[b872e21c-1358-4bb4-b15c-ab96323b2cb2:192.168.151.82:40730, 1081e6c3-a479-41d4-bd3b-fa3b39302f1a:192.168.151.82:41993, 3146fa5d-e5c6-4e63-841a-7d53ea24ae40:192.168.151.82:37509] returns group-EAC0867A6D39:java.util.concurrent.CompletableFuture@1a387c65[Not completed]
2019-09-28 05:20:11,984 [pool-87-thread-1] INFO  impl.RaftServerImpl (RaftServerImpl.java:<init>(95)) - 3146fa5d-e5c6-4e63-841a-7d53ea24ae40: new RaftServerImpl for group-EAC0867A6D39:[b872e21c-1358-4bb4-b15c-ab96323b2cb2:192.168.151.82:40730, 1081e6c3-a479-41d4-bd3b-fa3b39302f1a:192.168.151.82:41993, 3146fa5d-e5c6-4e63-841a-7d53ea24ae40:192.168.151.82:37509] with ContainerStateMachine:uninitialized
2019-09-28 05:20:11,984 [pool-87-thread-1] INFO  server.RaftServerConfigKeys (ConfUtils.java:logGet(43)) - raft.server.rpc.timeout.min = 5s (custom)
2019-09-28 05:20:11,985 [pool-87-thread-1] INFO  server.RaftServerConfigKeys (ConfUtils.java:logGet(43)) - raft.server.rpc.timeout.max = 5200ms (custom)
2019-09-28 05:20:11,985 [pool-87-thread-1] INFO  server.RaftServerConfigKeys (ConfUtils.java:logGet(43)) - raft.server.rpcslowness.timeout = 120s (custom)
2019-09-28 05:20:11,985 [pool-87-thread-1] INFO  server.RaftServerConfigKeys (ConfUtils.java:logGet(43)) - raft.server.sleep.deviation.threshold = 300 (default)
2019-09-28 05:20:11,985 [pool-87-thread-1] INFO  server.RaftServerConfigKeys (ConfUtils.java:logGet(43)) - raft.server.log.appender.install.snapshot.enabled = false (custom)
2019-09-28 05:20:11,985 [pool-87-thread-1] INFO  impl.RaftServerImpl (ServerState.java:<init>(103)) - 3146fa5d-e5c6-4e63-841a-7d53ea24ae40@group-EAC0867A6D39: ConfigurationManager, init=-1: [b872e21c-1358-4bb4-b15c-ab96323b2cb2:192.168.151.82:40730, 1081e6c3-a479-41d4-bd3b-fa3b39302f1a:192.168.151.82:41993, 3146fa5d-e5c6-4e63-841a-7d53ea24ae40:192.168.151.82:37509], old=null, confs=<EMPTY_MAP>
2019-09-28 05:20:11,985 [pool-87-thread-1] INFO  server.RaftServerConfigKeys (ConfUtils.java:logGet(43)) - raft.server.storage.dir = [/workdir/hadoop-ozone/ozonefs/target/test-dir/MiniOzoneClusterImpl-e9b0d3cb-1d9a-4496-a942-908b9fc97c2b/datanode-6/data/ratis] (custom)
2019-09-28 05:20:11,985 [pool-67-thread-1] INFO  impl.RaftServerImpl (RaftServerImpl.java:<init>(95)) - b872e21c-1358-4bb4-b15c-ab96323b2cb2: new RaftServerImpl for group-EAC0867A6D39:[b872e21c-1358-4bb4-b15c-ab96323b2cb2:192.168.151.82:40730, 1081e6c3-a479-41d4-bd3b-fa3b39302f1a:192.168.151.82:41993, 3146fa5d-e5c6-4e63-841a-7d53ea24ae40:192.168.151.82:37509] with ContainerStateMachine:uninitialized
2019-09-28 05:20:11,986 [pool-67-thread-1] INFO  server.RaftServerConfigKeys (ConfUtils.java:logGet(43)) - raft.server.rpc.timeout.min = 5s (custom)
2019-09-28 05:20:11,986 [pool-67-thread-1] INFO  server.RaftServerConfigKeys (ConfUtils.java:logGet(43)) - raft.server.rpc.timeout.max = 5200ms (custom)
2019-09-28 05:20:11,986 [pool-67-thread-1] INFO  server.RaftServerConfigKeys (ConfUtils.java:logGet(43)) - raft.server.rpcslowness.timeout = 120s (custom)
2019-09-28 05:20:11,986 [pool-87-thread-1] INFO  storage.RaftStorageDirectory (RaftStorageDirectory.java:analyzeStorage(246)) - The storage directory /workdir/hadoop-ozone/ozonefs/target/test-dir/MiniOzoneClusterImpl-e9b0d3cb-1d9a-4496-a942-908b9fc97c2b/datanode-6/data/ratis/d45301a7-a76d-4804-8d82-eac0867a6d39 does not exist. Creating ...
2019-09-28 05:20:11,986 [pool-117-thread-1] INFO  impl.RaftServerImpl (RaftServerImpl.java:<init>(95)) - 1081e6c3-a479-41d4-bd3b-fa3b39302f1a: new RaftServerImpl for group-EAC0867A6D39:[b872e21c-1358-4bb4-b15c-ab96323b2cb2:192.168.151.82:40730, 1081e6c3-a479-41d4-bd3b-fa3b39302f1a:192.168.151.82:41993, 3146fa5d-e5c6-4e63-841a-7d53ea24ae40:192.168.151.82:37509] with ContainerStateMachine:uninitialized
2019-09-28 05:20:11,986 [pool-67-thread-1] INFO  server.RaftServerConfigKeys (ConfUtils.java:logGet(43)) - raft.server.sleep.deviation.threshold = 300 (default)
2019-09-28 05:20:11,986 [pool-117-thread-1] INFO  server.RaftServerConfigKeys (ConfUtils.java:logGet(43)) - raft.server.rpc.timeout.min = 5s (custom)
2019-09-28 05:20:11,986 [pool-67-thread-1] INFO  server.RaftServerConfigKeys (ConfUtils.java:logGet(43)) - raft.server.log.appender.install.snapshot.enabled = false (custom)
2019-09-28 05:20:11,986 [pool-117-thread-1] INFO  server.RaftServerConfigKeys (ConfUtils.java:logGet(43)) - raft.server.rpc.timeout.max = 5200ms (custom)
2019-09-28 05:20:11,986 [pool-67-thread-1] INFO  impl.RaftServerImpl (ServerState.java:<init>(103)) - b872e21c-1358-4bb4-b15c-ab96323b2cb2@group-EAC0867A6D39: ConfigurationManager, init=-1: [b872e21c-1358-4bb4-b15c-ab96323b2cb2:192.168.151.82:40730, 1081e6c3-a479-41d4-bd3b-fa3b39302f1a:192.168.151.82:41993, 3146fa5d-e5c6-4e63-841a-7d53ea24ae40:192.168.151.82:37509], old=null, confs=<EMPTY_MAP>
2019-09-28 05:20:11,989 [pool-117-thread-1] INFO  server.RaftServerConfigKeys (ConfUtils.java:logGet(43)) - raft.server.rpcslowness.timeout = 120s (custom)
2019-09-28 05:20:11,989 [pool-67-thread-1] INFO  server.RaftServerConfigKeys (ConfUtils.java:logGet(43)) - raft.server.storage.dir = [/workdir/hadoop-ozone/ozonefs/target/test-dir/MiniOzoneClusterImpl-e9b0d3cb-1d9a-4496-a942-908b9fc97c2b/datanode-4/data/ratis] (custom)
2019-09-28 05:20:11,989 [pool-117-thread-1] INFO  server.RaftServerConfigKeys (ConfUtils.java:logGet(43)) - raft.server.sleep.deviation.threshold = 300 (default)
2019-09-28 05:20:11,989 [pool-117-thread-1] INFO  server.RaftServerConfigKeys (ConfUtils.java:logGet(43)) - raft.server.log.appender.install.snapshot.enabled = false (custom)
2019-09-28 05:20:11,989 [pool-117-thread-1] INFO  impl.RaftServerImpl (ServerState.java:<init>(103)) - 1081e6c3-a479-41d4-bd3b-fa3b39302f1a@group-EAC0867A6D39: ConfigurationManager, init=-1: [b872e21c-1358-4bb4-b15c-ab96323b2cb2:192.168.151.82:40730, 1081e6c3-a479-41d4-bd3b-fa3b39302f1a:192.168.151.82:41993, 3146fa5d-e5c6-4e63-841a-7d53ea24ae40:192.168.151.82:37509], old=null, confs=<EMPTY_MAP>
2019-09-28 05:20:11,989 [pool-67-thread-1] INFO  storage.RaftStorageDirectory (RaftStorageDirectory.java:analyzeStorage(246)) - The storage directory /workdir/hadoop-ozone/ozonefs/target/test-dir/MiniOzoneClusterImpl-e9b0d3cb-1d9a-4496-a942-908b9fc97c2b/datanode-4/data/ratis/d45301a7-a76d-4804-8d82-eac0867a6d39 does not exist. Creating ...
2019-09-28 05:20:11,990 [pool-117-thread-1] INFO  server.RaftServerConfigKeys (ConfUtils.java:logGet(43)) - raft.server.storage.dir = [/workdir/hadoop-ozone/ozonefs/target/test-dir/MiniOzoneClusterImpl-e9b0d3cb-1d9a-4496-a942-908b9fc97c2b/datanode-9/data/ratis] (custom)
2019-09-28 05:20:11,990 [pool-117-thread-1] INFO  storage.RaftStorageDirectory (RaftStorageDirectory.java:analyzeStorage(246)) - The storage directory /workdir/hadoop-ozone/ozonefs/target/test-dir/MiniOzoneClusterImpl-e9b0d3cb-1d9a-4496-a942-908b9fc97c2b/datanode-9/data/ratis/d45301a7-a76d-4804-8d82-eac0867a6d39 does not exist. Creating ...
2019-09-28 05:20:12,002 [pool-67-thread-1] INFO  storage.RaftStorageDirectory (RaftStorageDirectory.java:tryLock(328)) - Lock on /workdir/hadoop-ozone/ozonefs/target/test-dir/MiniOzoneClusterImpl-e9b0d3cb-1d9a-4496-a942-908b9fc97c2b/datanode-4/data/ratis/d45301a7-a76d-4804-8d82-eac0867a6d39/in_use.lock acquired by nodename 9033@pr-hdds-2162-8g7kw-3348123894
2019-09-28 05:20:12,002 [pool-87-thread-1] INFO  storage.RaftStorageDirectory (RaftStorageDirectory.java:tryLock(328)) - Lock on /workdir/hadoop-ozone/ozonefs/target/test-dir/MiniOzoneClusterImpl-e9b0d3cb-1d9a-4496-a942-908b9fc97c2b/datanode-6/data/ratis/d45301a7-a76d-4804-8d82-eac0867a6d39/in_use.lock acquired by nodename 9033@pr-hdds-2162-8g7kw-3348123894
2019-09-28 05:20:12,002 [pool-117-thread-1] INFO  storage.RaftStorageDirectory (RaftStorageDirectory.java:tryLock(328)) - Lock on /workdir/hadoop-ozone/ozonefs/target/test-dir/MiniOzoneClusterImpl-e9b0d3cb-1d9a-4496-a942-908b9fc97c2b/datanode-9/data/ratis/d45301a7-a76d-4804-8d82-eac0867a6d39/in_use.lock acquired by nodename 9033@pr-hdds-2162-8g7kw-3348123894
2019-09-28 05:20:12,020 [pool-117-thread-1] INFO  storage.RaftStorage (RaftStorage.java:format(72)) - Storage directory /workdir/hadoop-ozone/ozonefs/target/test-dir/MiniOzoneClusterImpl-e9b0d3cb-1d9a-4496-a942-908b9fc97c2b/datanode-9/data/ratis/d45301a7-a76d-4804-8d82-eac0867a6d39 has been successfully formatted.
2019-09-28 05:20:12,020 [pool-87-thread-1] INFO  storage.RaftStorage (RaftStorage.java:format(72)) - Storage directory /workdir/hadoop-ozone/ozonefs/target/test-dir/MiniOzoneClusterImpl-e9b0d3cb-1d9a-4496-a942-908b9fc97c2b/datanode-6/data/ratis/d45301a7-a76d-4804-8d82-eac0867a6d39 has been successfully formatted.
2019-09-28 05:20:12,020 [pool-117-thread-1] INFO  ratis.ContainerStateMachine (ContainerStateMachine.java:loadSnapshot(230)) - group-EAC0867A6D39: The snapshot info is null. Setting the last applied indexto:(t:0, i:~)
2019-09-28 05:20:12,020 [pool-67-thread-1] INFO  storage.RaftStorage (RaftStorage.java:format(72)) - Storage directory /workdir/hadoop-ozone/ozonefs/target/test-dir/MiniOzoneClusterImpl-e9b0d3cb-1d9a-4496-a942-908b9fc97c2b/datanode-4/data/ratis/d45301a7-a76d-4804-8d82-eac0867a6d39 has been successfully formatted.
2019-09-28 05:20:12,020 [pool-117-thread-1] INFO  server.RaftServerConfigKeys (ConfUtils.java:logGet(43)) - raft.server.notification.no-leader.timeout = 120s (custom)
2019-09-28 05:20:12,021 [pool-87-thread-1] INFO  ratis.ContainerStateMachine (ContainerStateMachine.java:loadSnapshot(230)) - group-EAC0867A6D39: The snapshot info is null. Setting the last applied indexto:(t:0, i:~)
2019-09-28 05:20:12,021 [pool-67-thread-1] INFO  ratis.ContainerStateMachine (ContainerStateMachine.java:loadSnapshot(230)) - group-EAC0867A6D39: The snapshot info is null. Setting the last applied indexto:(t:0, i:~)
2019-09-28 05:20:12,021 [pool-117-thread-1] INFO  server.RaftServerConfigKeys (ConfUtils.java:logGet(43)) - raft.server.log.use.memory = false (default)
2019-09-28 05:20:12,021 [pool-67-thread-1] INFO  server.RaftServerConfigKeys (ConfUtils.java:logGet(43)) - raft.server.notification.no-leader.timeout = 120s (custom)
2019-09-28 05:20:12,021 [pool-87-thread-1] INFO  server.RaftServerConfigKeys (ConfUtils.java:logGet(43)) - raft.server.notification.no-leader.timeout = 120s (custom)
2019-09-28 05:20:12,021 [pool-67-thread-1] INFO  server.RaftServerConfigKeys (ConfUtils.java:logGet(43)) - raft.server.log.use.memory = false (default)
2019-09-28 05:20:12,021 [pool-117-thread-1] INFO  server.RaftServerConfigKeys (ConfUtils.java:logGet(43)) - raft.server.log.purge.gap = 1000000 (custom)
2019-09-28 05:20:12,021 [pool-67-thread-1] INFO  server.RaftServerConfigKeys (ConfUtils.java:logGet(43)) - raft.server.log.purge.gap = 1000000 (custom)
2019-09-28 05:20:12,021 [pool-87-thread-1] INFO  server.RaftServerConfigKeys (ConfUtils.java:logGet(43)) - raft.server.log.use.memory = false (default)
2019-09-28 05:20:12,022 [pool-67-thread-1] INFO  server.RaftServerConfigKeys (ConfUtils.java:logGet(43)) - raft.server.log.appender.buffer.byte-limit = 33554432 (custom)
2019-09-28 05:20:12,022 [pool-117-thread-1] INFO  server.RaftServerConfigKeys (ConfUtils.java:logGet(43)) - raft.server.log.appender.buffer.byte-limit = 33554432 (custom)
2019-09-28 05:20:12,022 [pool-67-thread-1] INFO  server.RaftServerConfigKeys (ConfUtils.java:logGet(43)) - raft.server.log.segment.size.max = 1048576 (custom)
2019-09-28 05:20:12,022 [pool-87-thread-1] INFO  server.RaftServerConfigKeys (ConfUtils.java:logGet(43)) - raft.server.log.purge.gap = 1000000 (custom)
2019-09-28 05:20:12,022 [pool-67-thread-1] INFO  server.RaftServerConfigKeys (ConfUtils.java:logGet(43)) - raft.server.log.segment.cache.num.max = 2 (custom)
2019-09-28 05:20:12,022 [pool-117-thread-1] INFO  server.RaftServerConfigKeys (ConfUtils.java:logGet(43)) - raft.server.log.segment.size.max = 1048576 (custom)
2019-09-28 05:20:12,022 [pool-67-thread-1] INFO  segmented.SegmentedRaftLogWorker (SegmentedRaftLogWorker.java:<init>(172)) - new b872e21c-1358-4bb4-b15c-ab96323b2cb2@group-EAC0867A6D39-SegmentedRaftLogWorker for RaftStorage:Storage Directory /workdir/hadoop-ozone/ozonefs/target/test-dir/MiniOzoneClusterImpl-e9b0d3cb-1d9a-4496-a942-908b9fc97c2b/datanode-4/data/ratis/d45301a7-a76d-4804-8d82-eac0867a6d39
2019-09-28 05:20:12,022 [pool-87-thread-1] INFO  server.RaftServerConfigKeys (ConfUtils.java:logGet(43)) - raft.server.log.appender.buffer.byte-limit = 33554432 (custom)
2019-09-28 05:20:12,023 [pool-67-thread-1] INFO  server.RaftServerConfigKeys (ConfUtils.java:logGet(43)) - raft.server.log.queue.byte-limit = 2147483647 (custom)
2019-09-28 05:20:12,022 [pool-117-thread-1] INFO  server.RaftServerConfigKeys (ConfUtils.java:logGet(43)) - raft.server.log.segment.cache.num.max = 2 (custom)
2019-09-28 05:20:12,023 [pool-67-thread-1] INFO  server.RaftServerConfigKeys (ConfUtils.java:logGet(43)) - raft.server.log.queue.element-limit = 1024 (custom)
2019-09-28 05:20:12,023 [pool-87-thread-1] INFO  server.RaftServerConfigKeys (ConfUtils.java:logGet(43)) - raft.server.log.segment.size.max = 1048576 (custom)
2019-09-28 05:20:12,023 [pool-67-thread-1] INFO  server.RaftServerConfigKeys (ConfUtils.java:logGet(43)) - raft.server.log.segment.size.max = 1048576 (custom)
2019-09-28 05:20:12,023 [pool-117-thread-1] INFO  segmented.SegmentedRaftLogWorker (SegmentedRaftLogWorker.java:<init>(172)) - new 1081e6c3-a479-41d4-bd3b-fa3b39302f1a@group-EAC0867A6D39-SegmentedRaftLogWorker for RaftStorage:Storage Directory /workdir/hadoop-ozone/ozonefs/target/test-dir/MiniOzoneClusterImpl-e9b0d3cb-1d9a-4496-a942-908b9fc97c2b/datanode-9/data/ratis/d45301a7-a76d-4804-8d82-eac0867a6d39
2019-09-28 05:20:12,023 [pool-67-thread-1] INFO  server.RaftServerConfigKeys (ConfUtils.java:logGet(43)) - raft.server.log.preallocated.size = 16384 (custom)
2019-09-28 05:20:12,023 [pool-87-thread-1] INFO  server.RaftServerConfigKeys (ConfUtils.java:logGet(43)) - raft.server.log.segment.cache.num.max = 2 (custom)
2019-09-28 05:20:12,024 [pool-67-thread-1] INFO  server.RaftServerConfigKeys (ConfUtils.java:logGet(43)) - raft.server.log.write.buffer.size = 33554432 (custom)
2019-09-28 05:20:12,023 [pool-117-thread-1] INFO  server.RaftServerConfigKeys (ConfUtils.java:logGet(43)) - raft.server.log.queue.byte-limit = 2147483647 (custom)
2019-09-28 05:20:12,024 [pool-67-thread-1] INFO  server.RaftServerConfigKeys (ConfUtils.java:logGet(43)) - raft.server.log.force.sync.num = 128 (default)
2019-09-28 05:20:12,024 [pool-87-thread-1] INFO  segmented.SegmentedRaftLogWorker (SegmentedRaftLogWorker.java:<init>(172)) - new 3146fa5d-e5c6-4e63-841a-7d53ea24ae40@group-EAC0867A6D39-SegmentedRaftLogWorker for RaftStorage:Storage Directory /workdir/hadoop-ozone/ozonefs/target/test-dir/MiniOzoneClusterImpl-e9b0d3cb-1d9a-4496-a942-908b9fc97c2b/datanode-6/data/ratis/d45301a7-a76d-4804-8d82-eac0867a6d39
2019-09-28 05:20:12,024 [pool-67-thread-1] INFO  server.RaftServerConfigKeys (ConfUtils.java:logGet(43)) - raft.server.log.statemachine.data.sync = true (default)
2019-09-28 05:20:12,024 [pool-117-thread-1] INFO  server.RaftServerConfigKeys (ConfUtils.java:logGet(43)) - raft.server.log.queue.element-limit = 1024 (custom)
2019-09-28 05:20:12,024 [pool-67-thread-1] INFO  server.RaftServerConfigKeys (ConfUtils.java:logGet(43)) - raft.server.log.statemachine.data.sync.timeout = 10s (default)
2019-09-28 05:20:12,024 [pool-87-thread-1] INFO  server.RaftServerConfigKeys (ConfUtils.java:logGet(43)) - raft.server.log.queue.byte-limit = 2147483647 (custom)
2019-09-28 05:20:12,025 [pool-67-thread-1] INFO  server.RaftServerConfigKeys (ConfUtils.java:logGet(43)) - raft.server.log.statemachine.data.sync.timeout.retry = -1 (default)
2019-09-28 05:20:12,024 [pool-117-thread-1] INFO  server.RaftServerConfigKeys (ConfUtils.java:logGet(43)) - raft.server.log.segment.size.max = 1048576 (custom)
2019-09-28 05:20:12,025 [pool-67-thread-1] INFO  server.RaftServerConfigKeys (ConfUtils.java:logGet(43)) - raft.server.log.statemachine.data.caching.enabled = true (custom)
2019-09-28 05:20:12,025 [pool-87-thread-1] INFO  server.RaftServerConfigKeys (ConfUtils.java:logGet(43)) - raft.server.log.queue.element-limit = 1024 (custom)
2019-09-28 05:20:12,025 [pool-117-thread-1] INFO  server.RaftServerConfigKeys (ConfUtils.java:logGet(43)) - raft.server.log.preallocated.size = 16384 (custom)
2019-09-28 05:20:12,025 [pool-87-thread-1] INFO  server.RaftServerConfigKeys (ConfUtils.java:logGet(43)) - raft.server.log.segment.size.max = 1048576 (custom)
2019-09-28 05:20:12,025 [pool-67-thread-1] INFO  segmented.SegmentedRaftLogWorker (SegmentedRaftLogWorker.java:lambda$new$0(132)) - b872e21c-1358-4bb4-b15c-ab96323b2cb2@group-EAC0867A6D39-SegmentedRaftLogWorker: flushIndex: setUnconditionally 0 -> -1
2019-09-28 05:20:12,026 [pool-87-thread-1] INFO  server.RaftServerConfigKeys (ConfUtils.java:logGet(43)) - raft.server.log.preallocated.size = 16384 (custom)
2019-09-28 05:20:12,026 [pool-67-thread-1] INFO  server.RaftServerConfigKeys (ConfUtils.java:logGet(43)) - raft.server.snapshot.auto.trigger.enabled = true (custom)
2019-09-28 05:20:12,025 [pool-117-thread-1] INFO  server.RaftServerConfigKeys (ConfUtils.java:logGet(43)) - raft.server.log.write.buffer.size = 33554432 (custom)
2019-09-28 05:20:12,026 [pool-67-thread-1] INFO  server.RaftServerConfigKeys (ConfUtils.java:logGet(43)) - raft.server.snapshot.auto.trigger.threshold = 10000 (custom)
2019-09-28 05:20:12,026 [pool-87-thread-1] INFO  server.RaftServerConfigKeys (ConfUtils.java:logGet(43)) - raft.server.log.write.buffer.size = 33554432 (custom)
2019-09-28 05:20:12,026 [pool-67-thread-1] INFO  server.RaftServerConfigKeys (ConfUtils.java:logGet(43)) - raft.server.snapshot.retention.num.files = 5 (custom)
2019-09-28 05:20:12,026 [pool-117-thread-1] INFO  server.RaftServerConfigKeys (ConfUtils.java:logGet(43)) - raft.server.log.force.sync.num = 128 (default)
2019-09-28 05:20:12,026 [pool-87-thread-1] INFO  server.RaftServerConfigKeys (ConfUtils.java:logGet(43)) - raft.server.log.force.sync.num = 128 (default)
2019-09-28 05:20:12,026 [pool-117-thread-1] INFO  server.RaftServerConfigKeys (ConfUtils.java:logGet(43)) - raft.server.log.statemachine.data.sync = true (default)
2019-09-28 05:20:12,026 [pool-67-thread-1] INFO  server.RaftServerConfigKeys (ConfUtils.java:logGet(43)) - raft.server.retrycache.expirytime = 600000ms (custom)
2019-09-28 05:20:12,027 [pool-117-thread-1] INFO  server.RaftServerConfigKeys (ConfUtils.java:logGet(43)) - raft.server.log.statemachine.data.sync.timeout = 10s (default)
2019-09-28 05:20:12,027 [pool-87-thread-1] INFO  server.RaftServerConfigKeys (ConfUtils.java:logGet(43)) - raft.server.log.statemachine.data.sync = true (default)
2019-09-28 05:20:12,027 [pool-117-thread-1] INFO  server.RaftServerConfigKeys (ConfUtils.java:logGet(43)) - raft.server.log.statemachine.data.sync.timeout.retry = -1 (default)
2019-09-28 05:20:12,027 [pool-87-thread-1] INFO  server.RaftServerConfigKeys (ConfUtils.java:logGet(43)) - raft.server.log.statemachine.data.sync.timeout = 10s (default)
2019-09-28 05:20:12,027 [pool-117-thread-1] INFO  server.RaftServerConfigKeys (ConfUtils.java:logGet(43)) - raft.server.log.statemachine.data.caching.enabled = true (custom)
2019-09-28 05:20:12,027 [pool-87-thread-1] INFO  server.RaftServerConfigKeys (ConfUtils.java:logGet(43)) - raft.server.log.statemachine.data.sync.timeout.retry = -1 (default)
2019-09-28 05:20:12,028 [pool-117-thread-1] INFO  segmented.SegmentedRaftLogWorker (SegmentedRaftLogWorker.java:lambda$new$0(132)) - 1081e6c3-a479-41d4-bd3b-fa3b39302f1a@group-EAC0867A6D39-SegmentedRaftLogWorker: flushIndex: setUnconditionally 0 -> -1
2019-09-28 05:20:12,028 [pool-117-thread-1] INFO  server.RaftServerConfigKeys (ConfUtils.java:logGet(43)) - raft.server.snapshot.auto.trigger.enabled = true (custom)
2019-09-28 05:20:12,028 [pool-87-thread-1] INFO  server.RaftServerConfigKeys (ConfUtils.java:logGet(43)) - raft.server.log.statemachine.data.caching.enabled = true (custom)
2019-09-28 05:20:12,028 [pool-117-thread-1] INFO  server.RaftServerConfigKeys (ConfUtils.java:logGet(43)) - raft.server.snapshot.auto.trigger.threshold = 10000 (custom)
2019-09-28 05:20:12,028 [pool-117-thread-1] INFO  server.RaftServerConfigKeys (ConfUtils.java:logGet(43)) - raft.server.snapshot.retention.num.files = 5 (custom)
2019-09-28 05:20:12,028 [pool-87-thread-1] INFO  segmented.SegmentedRaftLogWorker (SegmentedRaftLogWorker.java:lambda$new$0(132)) - 3146fa5d-e5c6-4e63-841a-7d53ea24ae40@group-EAC0867A6D39-SegmentedRaftLogWorker: flushIndex: setUnconditionally 0 -> -1
2019-09-28 05:20:12,028 [pool-117-thread-1] INFO  server.RaftServerConfigKeys (ConfUtils.java:logGet(43)) - raft.server.retrycache.expirytime = 600000ms (custom)
2019-09-28 05:20:12,029 [pool-87-thread-1] INFO  server.RaftServerConfigKeys (ConfUtils.java:logGet(43)) - raft.server.snapshot.auto.trigger.enabled = true (custom)
2019-09-28 05:20:12,029 [pool-87-thread-1] INFO  server.RaftServerConfigKeys (ConfUtils.java:logGet(43)) - raft.server.snapshot.auto.trigger.threshold = 10000 (custom)
2019-09-28 05:20:12,029 [pool-87-thread-1] INFO  server.RaftServerConfigKeys (ConfUtils.java:logGet(43)) - raft.server.snapshot.retention.num.files = 5 (custom)
2019-09-28 05:20:12,029 [pool-67-thread-1] INFO  impl.RaftServerImpl (RaftServerImpl.java:start(185)) - b872e21c-1358-4bb4-b15c-ab96323b2cb2@group-EAC0867A6D39: start as a follower, conf=-1: [b872e21c-1358-4bb4-b15c-ab96323b2cb2:192.168.151.82:40730, 1081e6c3-a479-41d4-bd3b-fa3b39302f1a:192.168.151.82:41993, 3146fa5d-e5c6-4e63-841a-7d53ea24ae40:192.168.151.82:37509], old=null
2019-09-28 05:20:12,030 [pool-87-thread-1] INFO  server.RaftServerConfigKeys (ConfUtils.java:logGet(43)) - raft.server.retrycache.expirytime = 600000ms (custom)
2019-09-28 05:20:12,030 [pool-67-thread-1] INFO  impl.RaftServerImpl (RaftServerImpl.java:setRole(174)) - b872e21c-1358-4bb4-b15c-ab96323b2cb2@group-EAC0867A6D39: changes role from      null to FOLLOWER at term 0 for startAsFollower
2019-09-28 05:20:12,030 [pool-67-thread-1] INFO  impl.RoleInfo (RoleInfo.java:updateAndGet(143)) - b872e21c-1358-4bb4-b15c-ab96323b2cb2: start FollowerState
2019-09-28 05:20:12,030 [pool-67-thread-1] INFO  util.JmxRegister (JmxRegister.java:tryRegister(44)) - Successfully registered JMX Bean with object name Ratis:service=RaftServer,group=group-EAC0867A6D39,id=b872e21c-1358-4bb4-b15c-ab96323b2cb2
2019-09-28 05:20:12,031 [pool-117-thread-1] INFO  impl.RaftServerImpl (RaftServerImpl.java:start(185)) - 1081e6c3-a479-41d4-bd3b-fa3b39302f1a@group-EAC0867A6D39: start as a follower, conf=-1: [b872e21c-1358-4bb4-b15c-ab96323b2cb2:192.168.151.82:40730, 1081e6c3-a479-41d4-bd3b-fa3b39302f1a:192.168.151.82:41993, 3146fa5d-e5c6-4e63-841a-7d53ea24ae40:192.168.151.82:37509], old=null
2019-09-28 05:20:12,031 [pool-117-thread-1] INFO  impl.RaftServerImpl (RaftServerImpl.java:setRole(174)) - 1081e6c3-a479-41d4-bd3b-fa3b39302f1a@group-EAC0867A6D39: changes role from      null to FOLLOWER at term 0 for startAsFollower
2019-09-28 05:20:12,031 [pool-117-thread-1] INFO  impl.RoleInfo (RoleInfo.java:updateAndGet(143)) - 1081e6c3-a479-41d4-bd3b-fa3b39302f1a: start FollowerState
2019-09-28 05:20:12,031 [pool-117-thread-1] INFO  util.JmxRegister (JmxRegister.java:tryRegister(44)) - Successfully registered JMX Bean with object name Ratis:service=RaftServer,group=group-EAC0867A6D39,id=1081e6c3-a479-41d4-bd3b-fa3b39302f1a
2019-09-28 05:20:12,047 [pool-87-thread-1] INFO  impl.RaftServerImpl (RaftServerImpl.java:start(185)) - 3146fa5d-e5c6-4e63-841a-7d53ea24ae40@group-EAC0867A6D39: start as a follower, conf=-1: [b872e21c-1358-4bb4-b15c-ab96323b2cb2:192.168.151.82:40730, 1081e6c3-a479-41d4-bd3b-fa3b39302f1a:192.168.151.82:41993, 3146fa5d-e5c6-4e63-841a-7d53ea24ae40:192.168.151.82:37509], old=null
2019-09-28 05:20:12,050 [pool-87-thread-1] INFO  impl.RaftServerImpl (RaftServerImpl.java:setRole(174)) - 3146fa5d-e5c6-4e63-841a-7d53ea24ae40@group-EAC0867A6D39: changes role from      null to FOLLOWER at term 0 for startAsFollower
2019-09-28 05:20:12,051 [pool-87-thread-1] INFO  impl.RoleInfo (RoleInfo.java:updateAndGet(143)) - 3146fa5d-e5c6-4e63-841a-7d53ea24ae40: start FollowerState
2019-09-28 05:20:12,052 [pool-87-thread-1] INFO  util.JmxRegister (JmxRegister.java:tryRegister(44)) - Successfully registered JMX Bean with object name Ratis:service=RaftServer,group=group-EAC0867A6D39,id=3146fa5d-e5c6-4e63-841a-7d53ea24ae40
2019-09-28 05:20:12,063 [RatisPipelineUtilsThread] INFO  pipeline.PipelineStateManager (PipelineStateManager.java:addPipeline(56)) - Created pipeline Pipeline[ Id: d45301a7-a76d-4804-8d82-eac0867a6d39, Nodes: b872e21c-1358-4bb4-b15c-ab96323b2cb2{ip: 192.168.151.82, host: pr-hdds-2162-8g7kw-3348123894, networkLocation: /default-rack, certSerialId: null}3146fa5d-e5c6-4e63-841a-7d53ea24ae40{ip: 192.168.151.82, host: pr-hdds-2162-8g7kw-3348123894, networkLocation: /default-rack, certSerialId: null}1081e6c3-a479-41d4-bd3b-fa3b39302f1a{ip: 192.168.151.82, host: pr-hdds-2162-8g7kw-3348123894, networkLocation: /default-rack, certSerialId: null}, Type:RATIS, Factor:THREE, State:OPEN]
2019-09-28 05:20:12,089 [grpc-default-executor-1] INFO  impl.RaftServerProxy (RaftServerProxy.java:addNew(89)) - 2c46d123-7bf4-4340-80ca-a2d1885ebc1e: addNew group-69C14BF87897:[8e781dd0-206b-4bcd-9fba-4b95742bd983:192.168.151.82:36797, 2c46d123-7bf4-4340-80ca-a2d1885ebc1e:192.168.151.82:37073, 2281b324-f854-4a95-af39-03dc79ba966d:192.168.151.82:46286] returns group-69C14BF87897:java.util.concurrent.CompletableFuture@2d4616c5[Not completed]
2019-09-28 05:20:12,090 [grpc-default-executor-2] INFO  impl.RaftServerProxy (RaftServerProxy.java:addNew(89)) - 8e781dd0-206b-4bcd-9fba-4b95742bd983: addNew group-69C14BF87897:[8e781dd0-206b-4bcd-9fba-4b95742bd983:192.168.151.82:36797, 2c46d123-7bf4-4340-80ca-a2d1885ebc1e:192.168.151.82:37073, 2281b324-f854-4a95-af39-03dc79ba966d:192.168.151.82:46286] returns group-69C14BF87897:java.util.concurrent.CompletableFuture@372d796b[Not completed]
2019-09-28 05:20:12,094 [grpc-default-executor-2] INFO  impl.RaftServerProxy (RaftServerProxy.java:addNew(89)) - 2281b324-f854-4a95-af39-03dc79ba966d: addNew group-69C14BF87897:[8e781dd0-206b-4bcd-9fba-4b95742bd983:192.168.151.82:36797, 2c46d123-7bf4-4340-80ca-a2d1885ebc1e:192.168.151.82:37073, 2281b324-f854-4a95-af39-03dc79ba966d:192.168.151.82:46286] returns group-69C14BF87897:java.util.concurrent.CompletableFuture@3f150e09[Not completed]
2019-09-28 05:20:12,095 [pool-97-thread-1] INFO  impl.RaftServerImpl (RaftServerImpl.java:<init>(95)) - 2c46d123-7bf4-4340-80ca-a2d1885ebc1e: new RaftServerImpl for group-69C14BF87897:[8e781dd0-206b-4bcd-9fba-4b95742bd983:192.168.151.82:36797, 2c46d123-7bf4-4340-80ca-a2d1885ebc1e:192.168.151.82:37073, 2281b324-f854-4a95-af39-03dc79ba966d:192.168.151.82:46286] with ContainerStateMachine:uninitialized
2019-09-28 05:20:12,095 [pool-97-thread-1] INFO  server.RaftServerConfigKeys (ConfUtils.java:logGet(43)) - raft.server.rpc.timeout.min = 5s (custom)
2019-09-28 05:20:12,095 [pool-97-thread-1] INFO  server.RaftServerConfigKeys (ConfUtils.java:logGet(43)) - raft.server.rpc.timeout.max = 5200ms (custom)
2019-09-28 05:20:12,095 [pool-97-thread-1] INFO  server.RaftServerConfigKeys (ConfUtils.java:logGet(43)) - raft.server.rpcslowness.timeout = 120s (custom)
2019-09-28 05:20:12,095 [pool-97-thread-1] INFO  server.RaftServerConfigKeys (ConfUtils.java:logGet(43)) - raft.server.sleep.deviation.threshold = 300 (default)
2019-09-28 05:20:12,096 [pool-97-thread-1] INFO  server.RaftServerConfigKeys (ConfUtils.java:logGet(43)) - raft.server.log.appender.install.snapshot.enabled = false (custom)
2019-09-28 05:20:12,096 [pool-97-thread-1] INFO  impl.RaftServerImpl (ServerState.java:<init>(103)) - 2c46d123-7bf4-4340-80ca-a2d1885ebc1e@group-69C14BF87897: ConfigurationManager, init=-1: [8e781dd0-206b-4bcd-9fba-4b95742bd983:192.168.151.82:36797, 2c46d123-7bf4-4340-80ca-a2d1885ebc1e:192.168.151.82:37073, 2281b324-f854-4a95-af39-03dc79ba966d:192.168.151.82:46286], old=null, confs=<EMPTY_MAP>
2019-09-28 05:20:12,096 [pool-97-thread-1] INFO  server.RaftServerConfigKeys (ConfUtils.java:logGet(43)) - raft.server.storage.dir = [/workdir/hadoop-ozone/ozonefs/target/test-dir/MiniOzoneClusterImpl-e9b0d3cb-1d9a-4496-a942-908b9fc97c2b/datanode-7/data/ratis] (custom)
2019-09-28 05:20:12,096 [pool-47-thread-1] INFO  impl.RaftServerImpl (RaftServerImpl.java:<init>(95)) - 8e781dd0-206b-4bcd-9fba-4b95742bd983: new RaftServerImpl for group-69C14BF87897:[8e781dd0-206b-4bcd-9fba-4b95742bd983:192.168.151.82:36797, 2c46d123-7bf4-4340-80ca-a2d1885ebc1e:192.168.151.82:37073, 2281b324-f854-4a95-af39-03dc79ba966d:192.168.151.82:46286] with ContainerStateMachine:uninitialized
2019-09-28 05:20:12,096 [pool-47-thread-1] INFO  server.RaftServerConfigKeys (ConfUtils.java:logGet(43)) - raft.server.rpc.timeout.min = 5s (custom)
2019-09-28 05:20:12,096 [pool-97-thread-1] INFO  storage.RaftStorageDirectory (RaftStorageDirectory.java:analyzeStorage(246)) - The storage directory /workdir/hadoop-ozone/ozonefs/target/test-dir/MiniOzoneClusterImpl-e9b0d3cb-1d9a-4496-a942-908b9fc97c2b/datanode-7/data/ratis/acc4f986-6099-47f8-ac1b-69c14bf87897 does not exist. Creating ...
2019-09-28 05:20:12,097 [pool-47-thread-1] INFO  server.RaftServerConfigKeys (ConfUtils.java:logGet(43)) - raft.server.rpc.timeout.max = 5200ms (custom)
2019-09-28 05:20:12,097 [pool-57-thread-1] INFO  impl.RaftServerImpl (RaftServerImpl.java:<init>(95)) - 2281b324-f854-4a95-af39-03dc79ba966d: new RaftServerImpl for group-69C14BF87897:[8e781dd0-206b-4bcd-9fba-4b95742bd983:192.168.151.82:36797, 2c46d123-7bf4-4340-80ca-a2d1885ebc1e:192.168.151.82:37073, 2281b324-f854-4a95-af39-03dc79ba966d:192.168.151.82:46286] with ContainerStateMachine:uninitialized
2019-09-28 05:20:12,097 [pool-47-thread-1] INFO  server.RaftServerConfigKeys (ConfUtils.java:logGet(43)) - raft.server.rpcslowness.timeout = 120s (custom)
2019-09-28 05:20:12,097 [pool-57-thread-1] INFO  server.RaftServerConfigKeys (ConfUtils.java:logGet(43)) - raft.server.rpc.timeout.min = 5s (custom)
2019-09-28 05:20:12,097 [pool-47-thread-1] INFO  server.RaftServerConfigKeys (ConfUtils.java:logGet(43)) - raft.server.sleep.deviation.threshold = 300 (default)
2019-09-28 05:20:12,097 [pool-57-thread-1] INFO  server.RaftServerConfigKeys (ConfUtils.java:logGet(43)) - raft.server.rpc.timeout.max = 5200ms (custom)
2019-09-28 05:20:12,097 [pool-47-thread-1] INFO  server.RaftServerConfigKeys (ConfUtils.java:logGet(43)) - raft.server.log.appender.install.snapshot.enabled = false (custom)
2019-09-28 05:20:12,097 [pool-57-thread-1] INFO  server.RaftServerConfigKeys (ConfUtils.java:logGet(43)) - raft.server.rpcslowness.timeout = 120s (custom)
2019-09-28 05:20:12,098 [pool-47-thread-1] INFO  impl.RaftServerImpl (ServerState.java:<init>(103)) - 8e781dd0-206b-4bcd-9fba-4b95742bd983@group-69C14BF87897: ConfigurationManager, init=-1: [8e781dd0-206b-4bcd-9fba-4b95742bd983:192.168.151.82:36797, 2c46d123-7bf4-4340-80ca-a2d1885ebc1e:192.168.151.82:37073, 2281b324-f854-4a95-af39-03dc79ba966d:192.168.151.82:46286], old=null, confs=<EMPTY_MAP>
2019-09-28 05:20:12,098 [pool-57-thread-1] INFO  server.RaftServerConfigKeys (ConfUtils.java:logGet(43)) - raft.server.sleep.deviation.threshold = 300 (default)
2019-09-28 05:20:12,098 [pool-57-thread-1] INFO  server.RaftServerConfigKeys (ConfUtils.java:logGet(43)) - raft.server.log.appender.install.snapshot.enabled = false (custom)
2019-09-28 05:20:12,098 [pool-47-thread-1] INFO  server.RaftServerConfigKeys (ConfUtils.java:logGet(43)) - raft.server.storage.dir = [/workdir/hadoop-ozone/ozonefs/target/test-dir/MiniOzoneClusterImpl-e9b0d3cb-1d9a-4496-a942-908b9fc97c2b/datanode-2/data/ratis] (custom)
2019-09-28 05:20:12,098 [pool-57-thread-1] INFO  impl.RaftServerImpl (ServerState.java:<init>(103)) - 2281b324-f854-4a95-af39-03dc79ba966d@group-69C14BF87897: ConfigurationManager, init=-1: [8e781dd0-206b-4bcd-9fba-4b95742bd983:192.168.151.82:36797, 2c46d123-7bf4-4340-80ca-a2d1885ebc1e:192.168.151.82:37073, 2281b324-f854-4a95-af39-03dc79ba966d:192.168.151.82:46286], old=null, confs=<EMPTY_MAP>
2019-09-28 05:20:12,098 [pool-57-thread-1] INFO  server.RaftServerConfigKeys (ConfUtils.java:logGet(43)) - raft.server.storage.dir = [/workdir/hadoop-ozone/ozonefs/target/test-dir/MiniOzoneClusterImpl-e9b0d3cb-1d9a-4496-a942-908b9fc97c2b/datanode-3/data/ratis] (custom)
2019-09-28 05:20:12,098 [pool-47-thread-1] INFO  storage.RaftStorageDirectory (RaftStorageDirectory.java:analyzeStorage(246)) - The storage directory /workdir/hadoop-ozone/ozonefs/target/test-dir/MiniOzoneClusterImpl-e9b0d3cb-1d9a-4496-a942-908b9fc97c2b/datanode-2/data/ratis/acc4f986-6099-47f8-ac1b-69c14bf87897 does not exist. Creating ...
2019-09-28 05:20:12,099 [pool-57-thread-1] INFO  storage.RaftStorageDirectory (RaftStorageDirectory.java:analyzeStorage(246)) - The storage directory /workdir/hadoop-ozone/ozonefs/target/test-dir/MiniOzoneClusterImpl-e9b0d3cb-1d9a-4496-a942-908b9fc97c2b/datanode-3/data/ratis/acc4f986-6099-47f8-ac1b-69c14bf87897 does not exist. Creating ...
2019-09-28 05:20:12,110 [pool-57-thread-1] INFO  storage.RaftStorageDirectory (RaftStorageDirectory.java:tryLock(328)) - Lock on /workdir/hadoop-ozone/ozonefs/target/test-dir/MiniOzoneClusterImpl-e9b0d3cb-1d9a-4496-a942-908b9fc97c2b/datanode-3/data/ratis/acc4f986-6099-47f8-ac1b-69c14bf87897/in_use.lock acquired by nodename 9033@pr-hdds-2162-8g7kw-3348123894
2019-09-28 05:20:12,110 [pool-47-thread-1] INFO  storage.RaftStorageDirectory (RaftStorageDirectory.java:tryLock(328)) - Lock on /workdir/hadoop-ozone/ozonefs/target/test-dir/MiniOzoneClusterImpl-e9b0d3cb-1d9a-4496-a942-908b9fc97c2b/datanode-2/data/ratis/acc4f986-6099-47f8-ac1b-69c14bf87897/in_use.lock acquired by nodename 9033@pr-hdds-2162-8g7kw-3348123894
2019-09-28 05:20:12,110 [pool-97-thread-1] INFO  storage.RaftStorageDirectory (RaftStorageDirectory.java:tryLock(328)) - Lock on /workdir/hadoop-ozone/ozonefs/target/test-dir/MiniOzoneClusterImpl-e9b0d3cb-1d9a-4496-a942-908b9fc97c2b/datanode-7/data/ratis/acc4f986-6099-47f8-ac1b-69c14bf87897/in_use.lock acquired by nodename 9033@pr-hdds-2162-8g7kw-3348123894
2019-09-28 05:20:12,124 [pool-57-thread-1] INFO  storage.RaftStorage (RaftStorage.java:format(72)) - Storage directory /workdir/hadoop-ozone/ozonefs/target/test-dir/MiniOzoneClusterImpl-e9b0d3cb-1d9a-4496-a942-908b9fc97c2b/datanode-3/data/ratis/acc4f986-6099-47f8-ac1b-69c14bf87897 has been successfully formatted.
2019-09-28 05:20:12,124 [pool-97-thread-1] INFO  storage.RaftStorage (RaftStorage.java:format(72)) - Storage directory /workdir/hadoop-ozone/ozonefs/target/test-dir/MiniOzoneClusterImpl-e9b0d3cb-1d9a-4496-a942-908b9fc97c2b/datanode-7/data/ratis/acc4f986-6099-47f8-ac1b-69c14bf87897 has been successfully formatted.
2019-09-28 05:20:12,124 [pool-57-thread-1] INFO  ratis.ContainerStateMachine (ContainerStateMachine.java:loadSnapshot(230)) - group-69C14BF87897: The snapshot info is null. Setting the last applied indexto:(t:0, i:~)
2019-09-28 05:20:12,124 [pool-47-thread-1] INFO  storage.RaftStorage (RaftStorage.java:format(72)) - Storage directory /workdir/hadoop-ozone/ozonefs/target/test-dir/MiniOzoneClusterImpl-e9b0d3cb-1d9a-4496-a942-908b9fc97c2b/datanode-2/data/ratis/acc4f986-6099-47f8-ac1b-69c14bf87897 has been successfully formatted.
2019-09-28 05:20:12,125 [pool-97-thread-1] INFO  ratis.ContainerStateMachine (ContainerStateMachine.java:loadSnapshot(230)) - group-69C14BF87897: The snapshot info is null. Setting the last applied indexto:(t:0, i:~)
2019-09-28 05:20:12,125 [pool-57-thread-1] INFO  server.RaftServerConfigKeys (ConfUtils.java:logGet(43)) - raft.server.notification.no-leader.timeout = 120s (custom)
2019-09-28 05:20:12,125 [pool-47-thread-1] INFO  ratis.ContainerStateMachine (ContainerStateMachine.java:loadSnapshot(230)) - group-69C14BF87897: The snapshot info is null. Setting the last applied indexto:(t:0, i:~)
2019-09-28 05:20:12,125 [pool-57-thread-1] INFO  server.RaftServerConfigKeys (ConfUtils.java:logGet(43)) - raft.server.log.use.memory = false (default)
2019-09-28 05:20:12,125 [pool-97-thread-1] INFO  server.RaftServerConfigKeys (ConfUtils.java:logGet(43)) - raft.server.notification.no-leader.timeout = 120s (custom)
2019-09-28 05:20:12,126 [pool-57-thread-1] INFO  server.RaftServerConfigKeys (ConfUtils.java:logGet(43)) - raft.server.log.purge.gap = 1000000 (custom)
2019-09-28 05:20:12,125 [pool-47-thread-1] INFO  server.RaftServerConfigKeys (ConfUtils.java:logGet(43)) - raft.server.notification.no-leader.timeout = 120s (custom)
2019-09-28 05:20:12,126 [pool-57-thread-1] INFO  server.RaftServerConfigKeys (ConfUtils.java:logGet(43)) - raft.server.log.appender.buffer.byte-limit = 33554432 (custom)
2019-09-28 05:20:12,126 [pool-57-thread-1] INFO  server.RaftServerConfigKeys (ConfUtils.java:logGet(43)) - raft.server.log.segment.size.max = 1048576 (custom)
2019-09-28 05:20:12,126 [pool-97-thread-1] INFO  server.RaftServerConfigKeys (ConfUtils.java:logGet(43)) - raft.server.log.use.memory = false (default)
2019-09-28 05:20:12,126 [pool-57-thread-1] INFO  server.RaftServerConfigKeys (ConfUtils.java:logGet(43)) - raft.server.log.segment.cache.num.max = 2 (custom)
2019-09-28 05:20:12,126 [pool-47-thread-1] INFO  server.RaftServerConfigKeys (ConfUtils.java:logGet(43)) - raft.server.log.use.memory = false (default)
2019-09-28 05:20:12,126 [pool-57-thread-1] INFO  segmented.SegmentedRaftLogWorker (SegmentedRaftLogWorker.java:<init>(172)) - new 2281b324-f854-4a95-af39-03dc79ba966d@group-69C14BF87897-SegmentedRaftLogWorker for RaftStorage:Storage Directory /workdir/hadoop-ozone/ozonefs/target/test-dir/MiniOzoneClusterImpl-e9b0d3cb-1d9a-4496-a942-908b9fc97c2b/datanode-3/data/ratis/acc4f986-6099-47f8-ac1b-69c14bf87897
2019-09-28 05:20:12,126 [pool-97-thread-1] INFO  server.RaftServerConfigKeys (ConfUtils.java:logGet(43)) - raft.server.log.purge.gap = 1000000 (custom)
2019-09-28 05:20:12,127 [pool-57-thread-1] INFO  server.RaftServerConfigKeys (ConfUtils.java:logGet(43)) - raft.server.log.queue.byte-limit = 2147483647 (custom)
2019-09-28 05:20:12,127 [pool-57-thread-1] INFO  server.RaftServerConfigKeys (ConfUtils.java:logGet(43)) - raft.server.log.queue.element-limit = 1024 (custom)
2019-09-28 05:20:12,127 [pool-47-thread-1] INFO  server.RaftServerConfigKeys (ConfUtils.java:logGet(43)) - raft.server.log.purge.gap = 1000000 (custom)
2019-09-28 05:20:12,127 [pool-57-thread-1] INFO  server.RaftServerConfigKeys (ConfUtils.java:logGet(43)) - raft.server.log.segment.size.max = 1048576 (custom)
2019-09-28 05:20:12,127 [pool-97-thread-1] INFO  server.RaftServerConfigKeys (ConfUtils.java:logGet(43)) - raft.server.log.appender.buffer.byte-limit = 33554432 (custom)
2019-09-28 05:20:12,128 [pool-57-thread-1] INFO  server.RaftServerConfigKeys (ConfUtils.java:logGet(43)) - raft.server.log.preallocated.size = 16384 (custom)
2019-09-28 05:20:12,127 [pool-47-thread-1] INFO  server.RaftServerConfigKeys (ConfUtils.java:logGet(43)) - raft.server.log.appender.buffer.byte-limit = 33554432 (custom)
2019-09-28 05:20:12,128 [pool-57-thread-1] INFO  server.RaftServerConfigKeys (ConfUtils.java:logGet(43)) - raft.server.log.write.buffer.size = 33554432 (custom)
2019-09-28 05:20:12,128 [pool-97-thread-1] INFO  server.RaftServerConfigKeys (ConfUtils.java:logGet(43)) - raft.server.log.segment.size.max = 1048576 (custom)
2019-09-28 05:20:12,128 [pool-57-thread-1] INFO  server.RaftServerConfigKeys (ConfUtils.java:logGet(43)) - raft.server.log.force.sync.num = 128 (default)
2019-09-28 05:20:12,128 [pool-47-thread-1] INFO  server.RaftServerConfigKeys (ConfUtils.java:logGet(43)) - raft.server.log.segment.size.max = 1048576 (custom)
2019-09-28 05:20:12,128 [pool-57-thread-1] INFO  server.RaftServerConfigKeys (ConfUtils.java:logGet(43)) - raft.server.log.statemachine.data.sync = true (default)
2019-09-28 05:20:12,128 [pool-97-thread-1] INFO  server.RaftServerConfigKeys (ConfUtils.java:logGet(43)) - raft.server.log.segment.cache.num.max = 2 (custom)
2019-09-28 05:20:12,128 [pool-57-thread-1] INFO  server.RaftServerConfigKeys (ConfUtils.java:logGet(43)) - raft.server.log.statemachine.data.sync.timeout = 10s (default)
2019-09-28 05:20:12,128 [pool-47-thread-1] INFO  server.RaftServerConfigKeys (ConfUtils.java:logGet(43)) - raft.server.log.segment.cache.num.max = 2 (custom)
2019-09-28 05:20:12,129 [pool-57-thread-1] INFO  server.RaftServerConfigKeys (ConfUtils.java:logGet(43)) - raft.server.log.statemachine.data.sync.timeout.retry = -1 (default)
2019-09-28 05:20:12,129 [pool-97-thread-1] INFO  segmented.SegmentedRaftLogWorker (SegmentedRaftLogWorker.java:<init>(172)) - new 2c46d123-7bf4-4340-80ca-a2d1885ebc1e@group-69C14BF87897-SegmentedRaftLogWorker for RaftStorage:Storage Directory /workdir/hadoop-ozone/ozonefs/target/test-dir/MiniOzoneClusterImpl-e9b0d3cb-1d9a-4496-a942-908b9fc97c2b/datanode-7/data/ratis/acc4f986-6099-47f8-ac1b-69c14bf87897
2019-09-28 05:20:12,129 [pool-57-thread-1] INFO  server.RaftServerConfigKeys (ConfUtils.java:logGet(43)) - raft.server.log.statemachine.data.caching.enabled = true (custom)
2019-09-28 05:20:12,129 [pool-47-thread-1] INFO  segmented.SegmentedRaftLogWorker (SegmentedRaftLogWorker.java:<init>(172)) - new 8e781dd0-206b-4bcd-9fba-4b95742bd983@group-69C14BF87897-SegmentedRaftLogWorker for RaftStorage:Storage Directory /workdir/hadoop-ozone/ozonefs/target/test-dir/MiniOzoneClusterImpl-e9b0d3cb-1d9a-4496-a942-908b9fc97c2b/datanode-2/data/ratis/acc4f986-6099-47f8-ac1b-69c14bf87897
2019-09-28 05:20:12,129 [pool-57-thread-1] INFO  segmented.SegmentedRaftLogWorker (SegmentedRaftLogWorker.java:lambda$new$0(132)) - 2281b324-f854-4a95-af39-03dc79ba966d@group-69C14BF87897-SegmentedRaftLogWorker: flushIndex: setUnconditionally 0 -> -1
2019-09-28 05:20:12,129 [pool-97-thread-1] INFO  server.RaftServerConfigKeys (ConfUtils.java:logGet(43)) - raft.server.log.queue.byte-limit = 2147483647 (custom)
2019-09-28 05:20:12,129 [pool-47-thread-1] INFO  server.RaftServerConfigKeys (ConfUtils.java:logGet(43)) - raft.server.log.queue.byte-limit = 2147483647 (custom)
2019-09-28 05:20:12,130 [pool-97-thread-1] INFO  server.RaftServerConfigKeys (ConfUtils.java:logGet(43)) - raft.server.log.queue.element-limit = 1024 (custom)
2019-09-28 05:20:12,130 [pool-57-thread-1] INFO  server.RaftServerConfigKeys (ConfUtils.java:logGet(43)) - raft.server.snapshot.auto.trigger.enabled = true (custom)
2019-09-28 05:20:12,130 [pool-97-thread-1] INFO  server.RaftServerConfigKeys (ConfUtils.java:logGet(43)) - raft.server.log.segment.size.max = 1048576 (custom)
2019-09-28 05:20:12,130 [pool-47-thread-1] INFO  server.RaftServerConfigKeys (ConfUtils.java:logGet(43)) - raft.server.log.queue.element-limit = 1024 (custom)
2019-09-28 05:20:12,130 [pool-97-thread-1] INFO  server.RaftServerConfigKeys (ConfUtils.java:logGet(43)) - raft.server.log.preallocated.size = 16384 (custom)
2019-09-28 05:20:12,130 [pool-57-thread-1] INFO  server.RaftServerConfigKeys (ConfUtils.java:logGet(43)) - raft.server.snapshot.auto.trigger.threshold = 10000 (custom)
2019-09-28 05:20:12,130 [pool-97-thread-1] INFO  server.RaftServerConfigKeys (ConfUtils.java:logGet(43)) - raft.server.log.write.buffer.size = 33554432 (custom)
2019-09-28 05:20:12,130 [pool-47-thread-1] INFO  server.RaftServerConfigKeys (ConfUtils.java:logGet(43)) - raft.server.log.segment.size.max = 1048576 (custom)
2019-09-28 05:20:12,130 [pool-97-thread-1] INFO  server.RaftServerConfigKeys (ConfUtils.java:logGet(43)) - raft.server.log.force.sync.num = 128 (default)
2019-09-28 05:20:12,130 [pool-57-thread-1] INFO  server.RaftServerConfigKeys (ConfUtils.java:logGet(43)) - raft.server.snapshot.retention.num.files = 5 (custom)
2019-09-28 05:20:12,131 [pool-97-thread-1] INFO  server.RaftServerConfigKeys (ConfUtils.java:logGet(43)) - raft.server.log.statemachine.data.sync = true (default)
2019-09-28 05:20:12,131 [pool-47-thread-1] INFO  server.RaftServerConfigKeys (ConfUtils.java:logGet(43)) - raft.server.log.preallocated.size = 16384 (custom)
2019-09-28 05:20:12,131 [pool-97-thread-1] INFO  server.RaftServerConfigKeys (ConfUtils.java:logGet(43)) - raft.server.log.statemachine.data.sync.timeout = 10s (default)
2019-09-28 05:20:12,131 [pool-57-thread-1] INFO  server.RaftServerConfigKeys (ConfUtils.java:logGet(43)) - raft.server.retrycache.expirytime = 600000ms (custom)
2019-09-28 05:20:12,131 [pool-97-thread-1] INFO  server.RaftServerConfigKeys (ConfUtils.java:logGet(43)) - raft.server.log.statemachine.data.sync.timeout.retry = -1 (default)
2019-09-28 05:20:12,131 [pool-47-thread-1] INFO  server.RaftServerConfigKeys (ConfUtils.java:logGet(43)) - raft.server.log.write.buffer.size = 33554432 (custom)
2019-09-28 05:20:12,131 [pool-97-thread-1] INFO  server.RaftServerConfigKeys (ConfUtils.java:logGet(43)) - raft.server.log.statemachine.data.caching.enabled = true (custom)
2019-09-28 05:20:12,132 [pool-47-thread-1] INFO  server.RaftServerConfigKeys (ConfUtils.java:logGet(43)) - raft.server.log.force.sync.num = 128 (default)
2019-09-28 05:20:12,132 [pool-97-thread-1] INFO  segmented.SegmentedRaftLogWorker (SegmentedRaftLogWorker.java:lambda$new$0(132)) - 2c46d123-7bf4-4340-80ca-a2d1885ebc1e@group-69C14BF87897-SegmentedRaftLogWorker: flushIndex: setUnconditionally 0 -> -1
2019-09-28 05:20:12,132 [pool-47-thread-1] INFO  server.RaftServerConfigKeys (ConfUtils.java:logGet(43)) - raft.server.log.statemachine.data.sync = true (default)
2019-09-28 05:20:12,132 [pool-97-thread-1] INFO  server.RaftServerConfigKeys (ConfUtils.java:logGet(43)) - raft.server.snapshot.auto.trigger.enabled = true (custom)
2019-09-28 05:20:12,132 [pool-47-thread-1] INFO  server.RaftServerConfigKeys (ConfUtils.java:logGet(43)) - raft.server.log.statemachine.data.sync.timeout = 10s (default)
2019-09-28 05:20:12,132 [pool-97-thread-1] INFO  server.RaftServerConfigKeys (ConfUtils.java:logGet(43)) - raft.server.snapshot.auto.trigger.threshold = 10000 (custom)
2019-09-28 05:20:12,132 [pool-47-thread-1] INFO  server.RaftServerConfigKeys (ConfUtils.java:logGet(43)) - raft.server.log.statemachine.data.sync.timeout.retry = -1 (default)
2019-09-28 05:20:12,132 [pool-97-thread-1] INFO  server.RaftServerConfigKeys (ConfUtils.java:logGet(43)) - raft.server.snapshot.retention.num.files = 5 (custom)
2019-09-28 05:20:12,133 [pool-47-thread-1] INFO  server.RaftServerConfigKeys (ConfUtils.java:logGet(43)) - raft.server.log.statemachine.data.caching.enabled = true (custom)
2019-09-28 05:20:12,133 [pool-97-thread-1] INFO  server.RaftServerConfigKeys (ConfUtils.java:logGet(43)) - raft.server.retrycache.expirytime = 600000ms (custom)
2019-09-28 05:20:12,133 [pool-57-thread-1] INFO  impl.RaftServerImpl (RaftServerImpl.java:start(185)) - 2281b324-f854-4a95-af39-03dc79ba966d@group-69C14BF87897: start as a follower, conf=-1: [8e781dd0-206b-4bcd-9fba-4b95742bd983:192.168.151.82:36797, 2c46d123-7bf4-4340-80ca-a2d1885ebc1e:192.168.151.82:37073, 2281b324-f854-4a95-af39-03dc79ba966d:192.168.151.82:46286], old=null
2019-09-28 05:20:12,133 [pool-47-thread-1] INFO  segmented.SegmentedRaftLogWorker (SegmentedRaftLogWorker.java:lambda$new$0(132)) - 8e781dd0-206b-4bcd-9fba-4b95742bd983@group-69C14BF87897-SegmentedRaftLogWorker: flushIndex: setUnconditionally 0 -> -1
2019-09-28 05:20:12,133 [pool-57-thread-1] INFO  impl.RaftServerImpl (RaftServerImpl.java:setRole(174)) - 2281b324-f854-4a95-af39-03dc79ba966d@group-69C14BF87897: changes role from      null to FOLLOWER at term 0 for startAsFollower
2019-09-28 05:20:12,134 [pool-47-thread-1] INFO  server.RaftServerConfigKeys (ConfUtils.java:logGet(43)) - raft.server.snapshot.auto.trigger.enabled = true (custom)
2019-09-28 05:20:12,134 [pool-57-thread-1] INFO  impl.RoleInfo (RoleInfo.java:updateAndGet(143)) - 2281b324-f854-4a95-af39-03dc79ba966d: start FollowerState
2019-09-28 05:20:12,134 [pool-47-thread-1] INFO  server.RaftServerConfigKeys (ConfUtils.java:logGet(43)) - raft.server.snapshot.auto.trigger.threshold = 10000 (custom)
2019-09-28 05:20:12,134 [pool-47-thread-1] INFO  server.RaftServerConfigKeys (ConfUtils.java:logGet(43)) - raft.server.snapshot.retention.num.files = 5 (custom)
2019-09-28 05:20:12,134 [pool-57-thread-1] INFO  util.JmxRegister (JmxRegister.java:tryRegister(44)) - Successfully registered JMX Bean with object name Ratis:service=RaftServer,group=group-69C14BF87897,id=2281b324-f854-4a95-af39-03dc79ba966d
2019-09-28 05:20:12,134 [pool-47-thread-1] INFO  server.RaftServerConfigKeys (ConfUtils.java:logGet(43)) - raft.server.retrycache.expirytime = 600000ms (custom)
2019-09-28 05:20:12,135 [pool-97-thread-1] INFO  impl.RaftServerImpl (RaftServerImpl.java:start(185)) - 2c46d123-7bf4-4340-80ca-a2d1885ebc1e@group-69C14BF87897: start as a follower, conf=-1: [8e781dd0-206b-4bcd-9fba-4b95742bd983:192.168.151.82:36797, 2c46d123-7bf4-4340-80ca-a2d1885ebc1e:192.168.151.82:37073, 2281b324-f854-4a95-af39-03dc79ba966d:192.168.151.82:46286], old=null
2019-09-28 05:20:12,135 [pool-97-thread-1] INFO  impl.RaftServerImpl (RaftServerImpl.java:setRole(174)) - 2c46d123-7bf4-4340-80ca-a2d1885ebc1e@group-69C14BF87897: changes role from      null to FOLLOWER at term 0 for startAsFollower
2019-09-28 05:20:12,135 [pool-97-thread-1] INFO  impl.RoleInfo (RoleInfo.java:updateAndGet(143)) - 2c46d123-7bf4-4340-80ca-a2d1885ebc1e: start FollowerState
2019-09-28 05:20:12,136 [pool-97-thread-1] INFO  util.JmxRegister (JmxRegister.java:tryRegister(44)) - Successfully registered JMX Bean with object name Ratis:service=RaftServer,group=group-69C14BF87897,id=2c46d123-7bf4-4340-80ca-a2d1885ebc1e
2019-09-28 05:20:12,150 [pool-47-thread-1] INFO  impl.RaftServerImpl (RaftServerImpl.java:start(185)) - 8e781dd0-206b-4bcd-9fba-4b95742bd983@group-69C14BF87897: start as a follower, conf=-1: [8e781dd0-206b-4bcd-9fba-4b95742bd983:192.168.151.82:36797, 2c46d123-7bf4-4340-80ca-a2d1885ebc1e:192.168.151.82:37073, 2281b324-f854-4a95-af39-03dc79ba966d:192.168.151.82:46286], old=null
2019-09-28 05:20:12,152 [pool-47-thread-1] INFO  impl.RaftServerImpl (RaftServerImpl.java:setRole(174)) - 8e781dd0-206b-4bcd-9fba-4b95742bd983@group-69C14BF87897: changes role from      null to FOLLOWER at term 0 for startAsFollower
2019-09-28 05:20:12,152 [pool-47-thread-1] INFO  impl.RoleInfo (RoleInfo.java:updateAndGet(143)) - 8e781dd0-206b-4bcd-9fba-4b95742bd983: start FollowerState
2019-09-28 05:20:12,152 [pool-47-thread-1] INFO  util.JmxRegister (JmxRegister.java:tryRegister(44)) - Successfully registered JMX Bean with object name Ratis:service=RaftServer,group=group-69C14BF87897,id=8e781dd0-206b-4bcd-9fba-4b95742bd983
2019-09-28 05:20:12,159 [RatisPipelineUtilsThread] INFO  pipeline.PipelineStateManager (PipelineStateManager.java:addPipeline(56)) - Created pipeline Pipeline[ Id: acc4f986-6099-47f8-ac1b-69c14bf87897, Nodes: 2281b324-f854-4a95-af39-03dc79ba966d{ip: 192.168.151.82, host: pr-hdds-2162-8g7kw-3348123894, networkLocation: /default-rack, certSerialId: null}8e781dd0-206b-4bcd-9fba-4b95742bd983{ip: 192.168.151.82, host: pr-hdds-2162-8g7kw-3348123894, networkLocation: /default-rack, certSerialId: null}2c46d123-7bf4-4340-80ca-a2d1885ebc1e{ip: 192.168.151.82, host: pr-hdds-2162-8g7kw-3348123894, networkLocation: /default-rack, certSerialId: null}, Type:RATIS, Factor:THREE, State:OPEN]
2019-09-28 05:20:12,179 [grpc-default-executor-2] INFO  impl.RaftServerProxy (RaftServerProxy.java:addNew(89)) - 0ba2b8dd-18f6-415c-ba16-f29fd4260be6: addNew group-4A430A7D4CD7:[0ba2b8dd-18f6-415c-ba16-f29fd4260be6:192.168.151.82:40559, df93b021-79d7-434f-92a0-2f93bc69c3ad:192.168.151.82:40601, 5f286e7f-19f8-4729-a00b-ef22147f3cdc:192.168.151.82:36144] returns group-4A430A7D4CD7:java.util.concurrent.CompletableFuture@70933a27[Not completed]
2019-09-28 05:20:12,182 [grpc-default-executor-0] INFO  impl.RaftServerProxy (RaftServerProxy.java:addNew(89)) - 5f286e7f-19f8-4729-a00b-ef22147f3cdc: addNew group-4A430A7D4CD7:[0ba2b8dd-18f6-415c-ba16-f29fd4260be6:192.168.151.82:40559, df93b021-79d7-434f-92a0-2f93bc69c3ad:192.168.151.82:40601, 5f286e7f-19f8-4729-a00b-ef22147f3cdc:192.168.151.82:36144] returns group-4A430A7D4CD7:java.util.concurrent.CompletableFuture@74f2e67a[Not completed]
2019-09-28 05:20:12,184 [grpc-default-executor-2] INFO  impl.RaftServerProxy (RaftServerProxy.java:addNew(89)) - df93b021-79d7-434f-92a0-2f93bc69c3ad: addNew group-4A430A7D4CD7:[0ba2b8dd-18f6-415c-ba16-f29fd4260be6:192.168.151.82:40559, df93b021-79d7-434f-92a0-2f93bc69c3ad:192.168.151.82:40601, 5f286e7f-19f8-4729-a00b-ef22147f3cdc:192.168.151.82:36144] returns group-4A430A7D4CD7:java.util.concurrent.CompletableFuture@2c29f37f[Not completed]
2019-09-28 05:20:12,186 [pool-77-thread-1] INFO  impl.RaftServerImpl (RaftServerImpl.java:<init>(95)) - 0ba2b8dd-18f6-415c-ba16-f29fd4260be6: new RaftServerImpl for group-4A430A7D4CD7:[0ba2b8dd-18f6-415c-ba16-f29fd4260be6:192.168.151.82:40559, df93b021-79d7-434f-92a0-2f93bc69c3ad:192.168.151.82:40601, 5f286e7f-19f8-4729-a00b-ef22147f3cdc:192.168.151.82:36144] with ContainerStateMachine:uninitialized
2019-09-28 05:20:12,186 [pool-77-thread-1] INFO  server.RaftServerConfigKeys (ConfUtils.java:logGet(43)) - raft.server.rpc.timeout.min = 5s (custom)
2019-09-28 05:20:12,186 [pool-77-thread-1] INFO  server.RaftServerConfigKeys (ConfUtils.java:logGet(43)) - raft.server.rpc.timeout.max = 5200ms (custom)
2019-09-28 05:20:12,186 [pool-77-thread-1] INFO  server.RaftServerConfigKeys (ConfUtils.java:logGet(43)) - raft.server.rpcslowness.timeout = 120s (custom)
2019-09-28 05:20:12,186 [pool-77-thread-1] INFO  server.RaftServerConfigKeys (ConfUtils.java:logGet(43)) - raft.server.sleep.deviation.threshold = 300 (default)
2019-09-28 05:20:12,186 [pool-77-thread-1] INFO  server.RaftServerConfigKeys (ConfUtils.java:logGet(43)) - raft.server.log.appender.install.snapshot.enabled = false (custom)
2019-09-28 05:20:12,187 [pool-77-thread-1] INFO  impl.RaftServerImpl (ServerState.java:<init>(103)) - 0ba2b8dd-18f6-415c-ba16-f29fd4260be6@group-4A430A7D4CD7: ConfigurationManager, init=-1: [0ba2b8dd-18f6-415c-ba16-f29fd4260be6:192.168.151.82:40559, df93b021-79d7-434f-92a0-2f93bc69c3ad:192.168.151.82:40601, 5f286e7f-19f8-4729-a00b-ef22147f3cdc:192.168.151.82:36144], old=null, confs=<EMPTY_MAP>
2019-09-28 05:20:12,187 [pool-77-thread-1] INFO  server.RaftServerConfigKeys (ConfUtils.java:logGet(43)) - raft.server.storage.dir = [/workdir/hadoop-ozone/ozonefs/target/test-dir/MiniOzoneClusterImpl-e9b0d3cb-1d9a-4496-a942-908b9fc97c2b/datanode-5/data/ratis] (custom)
2019-09-28 05:20:12,187 [pool-37-thread-1] INFO  impl.RaftServerImpl (RaftServerImpl.java:<init>(95)) - df93b021-79d7-434f-92a0-2f93bc69c3ad: new RaftServerImpl for group-4A430A7D4CD7:[0ba2b8dd-18f6-415c-ba16-f29fd4260be6:192.168.151.82:40559, df93b021-79d7-434f-92a0-2f93bc69c3ad:192.168.151.82:40601, 5f286e7f-19f8-4729-a00b-ef22147f3cdc:192.168.151.82:36144] with ContainerStateMachine:uninitialized
2019-09-28 05:20:12,187 [pool-37-thread-1] INFO  server.RaftServerConfigKeys (ConfUtils.java:logGet(43)) - raft.server.rpc.timeout.min = 5s (custom)
2019-09-28 05:20:12,187 [pool-77-thread-1] INFO  storage.RaftStorageDirectory (RaftStorageDirectory.java:analyzeStorage(246)) - The storage directory /workdir/hadoop-ozone/ozonefs/target/test-dir/MiniOzoneClusterImpl-e9b0d3cb-1d9a-4496-a942-908b9fc97c2b/datanode-5/data/ratis/d7bcb203-8475-497e-8fe3-4a430a7d4cd7 does not exist. Creating ...
2019-09-28 05:20:12,188 [pool-37-thread-1] INFO  server.RaftServerConfigKeys (ConfUtils.java:logGet(43)) - raft.server.rpc.timeout.max = 5200ms (custom)
2019-09-28 05:20:12,188 [pool-37-thread-1] INFO  server.RaftServerConfigKeys (ConfUtils.java:logGet(43)) - raft.server.rpcslowness.timeout = 120s (custom)
2019-09-28 05:20:12,188 [pool-27-thread-1] INFO  impl.RaftServerImpl (RaftServerImpl.java:<init>(95)) - 5f286e7f-19f8-4729-a00b-ef22147f3cdc: new RaftServerImpl for group-4A430A7D4CD7:[0ba2b8dd-18f6-415c-ba16-f29fd4260be6:192.168.151.82:40559, df93b021-79d7-434f-92a0-2f93bc69c3ad:192.168.151.82:40601, 5f286e7f-19f8-4729-a00b-ef22147f3cdc:192.168.151.82:36144] with ContainerStateMachine:uninitialized
2019-09-28 05:20:12,188 [pool-37-thread-1] INFO  server.RaftServerConfigKeys (ConfUtils.java:logGet(43)) - raft.server.sleep.deviation.threshold = 300 (default)
2019-09-28 05:20:12,188 [pool-27-thread-1] INFO  server.RaftServerConfigKeys (ConfUtils.java:logGet(43)) - raft.server.rpc.timeout.min = 5s (custom)
2019-09-28 05:20:12,188 [pool-37-thread-1] INFO  server.RaftServerConfigKeys (ConfUtils.java:logGet(43)) - raft.server.log.appender.install.snapshot.enabled = false (custom)
2019-09-28 05:20:12,188 [pool-27-thread-1] INFO  server.RaftServerConfigKeys (ConfUtils.java:logGet(43)) - raft.server.rpc.timeout.max = 5200ms (custom)
2019-09-28 05:20:12,189 [pool-37-thread-1] INFO  impl.RaftServerImpl (ServerState.java:<init>(103)) - df93b021-79d7-434f-92a0-2f93bc69c3ad@group-4A430A7D4CD7: ConfigurationManager, init=-1: [0ba2b8dd-18f6-415c-ba16-f29fd4260be6:192.168.151.82:40559, df93b021-79d7-434f-92a0-2f93bc69c3ad:192.168.151.82:40601, 5f286e7f-19f8-4729-a00b-ef22147f3cdc:192.168.151.82:36144], old=null, confs=<EMPTY_MAP>
2019-09-28 05:20:12,189 [pool-27-thread-1] INFO  server.RaftServerConfigKeys (ConfUtils.java:logGet(43)) - raft.server.rpcslowness.timeout = 120s (custom)
2019-09-28 05:20:12,189 [pool-37-thread-1] INFO  server.RaftServerConfigKeys (ConfUtils.java:logGet(43)) - raft.server.storage.dir = [/workdir/hadoop-ozone/ozonefs/target/test-dir/MiniOzoneClusterImpl-e9b0d3cb-1d9a-4496-a942-908b9fc97c2b/datanode-1/data/ratis] (custom)
2019-09-28 05:20:12,189 [pool-27-thread-1] INFO  server.RaftServerConfigKeys (ConfUtils.java:logGet(43)) - raft.server.sleep.deviation.threshold = 300 (default)
2019-09-28 05:20:12,189 [pool-27-thread-1] INFO  server.RaftServerConfigKeys (ConfUtils.java:logGet(43)) - raft.server.log.appender.install.snapshot.enabled = false (custom)
2019-09-28 05:20:12,189 [pool-27-thread-1] INFO  impl.RaftServerImpl (ServerState.java:<init>(103)) - 5f286e7f-19f8-4729-a00b-ef22147f3cdc@group-4A430A7D4CD7: ConfigurationManager, init=-1: [0ba2b8dd-18f6-415c-ba16-f29fd4260be6:192.168.151.82:40559, df93b021-79d7-434f-92a0-2f93bc69c3ad:192.168.151.82:40601, 5f286e7f-19f8-4729-a00b-ef22147f3cdc:192.168.151.82:36144], old=null, confs=<EMPTY_MAP>
2019-09-28 05:20:12,189 [pool-37-thread-1] INFO  storage.RaftStorageDirectory (RaftStorageDirectory.java:analyzeStorage(246)) - The storage directory /workdir/hadoop-ozone/ozonefs/target/test-dir/MiniOzoneClusterImpl-e9b0d3cb-1d9a-4496-a942-908b9fc97c2b/datanode-1/data/ratis/d7bcb203-8475-497e-8fe3-4a430a7d4cd7 does not exist. Creating ...
2019-09-28 05:20:12,189 [pool-27-thread-1] INFO  server.RaftServerConfigKeys (ConfUtils.java:logGet(43)) - raft.server.storage.dir = [/workdir/hadoop-ozone/ozonefs/target/test-dir/MiniOzoneClusterImpl-e9b0d3cb-1d9a-4496-a942-908b9fc97c2b/datanode-0/data/ratis] (custom)
2019-09-28 05:20:12,190 [pool-27-thread-1] INFO  storage.RaftStorageDirectory (RaftStorageDirectory.java:analyzeStorage(246)) - The storage directory /workdir/hadoop-ozone/ozonefs/target/test-dir/MiniOzoneClusterImpl-e9b0d3cb-1d9a-4496-a942-908b9fc97c2b/datanode-0/data/ratis/d7bcb203-8475-497e-8fe3-4a430a7d4cd7 does not exist. Creating ...
2019-09-28 05:20:12,202 [pool-37-thread-1] INFO  storage.RaftStorageDirectory (RaftStorageDirectory.java:tryLock(328)) - Lock on /workdir/hadoop-ozone/ozonefs/target/test-dir/MiniOzoneClusterImpl-e9b0d3cb-1d9a-4496-a942-908b9fc97c2b/datanode-1/data/ratis/d7bcb203-8475-497e-8fe3-4a430a7d4cd7/in_use.lock acquired by nodename 9033@pr-hdds-2162-8g7kw-3348123894
2019-09-28 05:20:12,202 [pool-77-thread-1] INFO  storage.RaftStorageDirectory (RaftStorageDirectory.java:tryLock(328)) - Lock on /workdir/hadoop-ozone/ozonefs/target/test-dir/MiniOzoneClusterImpl-e9b0d3cb-1d9a-4496-a942-908b9fc97c2b/datanode-5/data/ratis/d7bcb203-8475-497e-8fe3-4a430a7d4cd7/in_use.lock acquired by nodename 9033@pr-hdds-2162-8g7kw-3348123894
2019-09-28 05:20:12,202 [pool-27-thread-1] INFO  storage.RaftStorageDirectory (RaftStorageDirectory.java:tryLock(328)) - Lock on /workdir/hadoop-ozone/ozonefs/target/test-dir/MiniOzoneClusterImpl-e9b0d3cb-1d9a-4496-a942-908b9fc97c2b/datanode-0/data/ratis/d7bcb203-8475-497e-8fe3-4a430a7d4cd7/in_use.lock acquired by nodename 9033@pr-hdds-2162-8g7kw-3348123894
2019-09-28 05:20:12,216 [pool-37-thread-1] INFO  storage.RaftStorage (RaftStorage.java:format(72)) - Storage directory /workdir/hadoop-ozone/ozonefs/target/test-dir/MiniOzoneClusterImpl-e9b0d3cb-1d9a-4496-a942-908b9fc97c2b/datanode-1/data/ratis/d7bcb203-8475-497e-8fe3-4a430a7d4cd7 has been successfully formatted.
2019-09-28 05:20:12,216 [pool-27-thread-1] INFO  storage.RaftStorage (RaftStorage.java:format(72)) - Storage directory /workdir/hadoop-ozone/ozonefs/target/test-dir/MiniOzoneClusterImpl-e9b0d3cb-1d9a-4496-a942-908b9fc97c2b/datanode-0/data/ratis/d7bcb203-8475-497e-8fe3-4a430a7d4cd7 has been successfully formatted.
2019-09-28 05:20:12,216 [pool-77-thread-1] INFO  storage.RaftStorage (RaftStorage.java:format(72)) - Storage directory /workdir/hadoop-ozone/ozonefs/target/test-dir/MiniOzoneClusterImpl-e9b0d3cb-1d9a-4496-a942-908b9fc97c2b/datanode-5/data/ratis/d7bcb203-8475-497e-8fe3-4a430a7d4cd7 has been successfully formatted.
2019-09-28 05:20:12,217 [pool-37-thread-1] INFO  ratis.ContainerStateMachine (ContainerStateMachine.java:loadSnapshot(230)) - group-4A430A7D4CD7: The snapshot info is null. Setting the last applied indexto:(t:0, i:~)
2019-09-28 05:20:12,217 [pool-27-thread-1] INFO  ratis.ContainerStateMachine (ContainerStateMachine.java:loadSnapshot(230)) - group-4A430A7D4CD7: The snapshot info is null. Setting the last applied indexto:(t:0, i:~)
2019-09-28 05:20:12,217 [pool-77-thread-1] INFO  ratis.ContainerStateMachine (ContainerStateMachine.java:loadSnapshot(230)) - group-4A430A7D4CD7: The snapshot info is null. Setting the last applied indexto:(t:0, i:~)
2019-09-28 05:20:12,217 [pool-37-thread-1] INFO  server.RaftServerConfigKeys (ConfUtils.java:logGet(43)) - raft.server.notification.no-leader.timeout = 120s (custom)
2019-09-28 05:20:12,217 [pool-77-thread-1] INFO  server.RaftServerConfigKeys (ConfUtils.java:logGet(43)) - raft.server.notification.no-leader.timeout = 120s (custom)
2019-09-28 05:20:12,217 [pool-27-thread-1] INFO  server.RaftServerConfigKeys (ConfUtils.java:logGet(43)) - raft.server.notification.no-leader.timeout = 120s (custom)
2019-09-28 05:20:12,217 [pool-77-thread-1] INFO  server.RaftServerConfigKeys (ConfUtils.java:logGet(43)) - raft.server.log.use.memory = false (default)
2019-09-28 05:20:12,217 [pool-37-thread-1] INFO  server.RaftServerConfigKeys (ConfUtils.java:logGet(43)) - raft.server.log.use.memory = false (default)
2019-09-28 05:20:12,218 [pool-77-thread-1] INFO  server.RaftServerConfigKeys (ConfUtils.java:logGet(43)) - raft.server.log.purge.gap = 1000000 (custom)
2019-09-28 05:20:12,218 [pool-27-thread-1] INFO  server.RaftServerConfigKeys (ConfUtils.java:logGet(43)) - raft.server.log.use.memory = false (default)
2019-09-28 05:20:12,218 [pool-77-thread-1] INFO  server.RaftServerConfigKeys (ConfUtils.java:logGet(43)) - raft.server.log.appender.buffer.byte-limit = 33554432 (custom)
2019-09-28 05:20:12,218 [pool-37-thread-1] INFO  server.RaftServerConfigKeys (ConfUtils.java:logGet(43)) - raft.server.log.purge.gap = 1000000 (custom)
2019-09-28 05:20:12,218 [pool-77-thread-1] INFO  server.RaftServerConfigKeys (ConfUtils.java:logGet(43)) - raft.server.log.segment.size.max = 1048576 (custom)
2019-09-28 05:20:12,218 [pool-27-thread-1] INFO  server.RaftServerConfigKeys (ConfUtils.java:logGet(43)) - raft.server.log.purge.gap = 1000000 (custom)
2019-09-28 05:20:12,218 [pool-77-thread-1] INFO  server.RaftServerConfigKeys (ConfUtils.java:logGet(43)) - raft.server.log.segment.cache.num.max = 2 (custom)
2019-09-28 05:20:12,218 [pool-37-thread-1] INFO  server.RaftServerConfigKeys (ConfUtils.java:logGet(43)) - raft.server.log.appender.buffer.byte-limit = 33554432 (custom)
2019-09-28 05:20:12,219 [pool-77-thread-1] INFO  segmented.SegmentedRaftLogWorker (SegmentedRaftLogWorker.java:<init>(172)) - new 0ba2b8dd-18f6-415c-ba16-f29fd4260be6@group-4A430A7D4CD7-SegmentedRaftLogWorker for RaftStorage:Storage Directory /workdir/hadoop-ozone/ozonefs/target/test-dir/MiniOzoneClusterImpl-e9b0d3cb-1d9a-4496-a942-908b9fc97c2b/datanode-5/data/ratis/d7bcb203-8475-497e-8fe3-4a430a7d4cd7
2019-09-28 05:20:12,219 [pool-27-thread-1] INFO  server.RaftServerConfigKeys (ConfUtils.java:logGet(43)) - raft.server.log.appender.buffer.byte-limit = 33554432 (custom)
2019-09-28 05:20:12,219 [pool-77-thread-1] INFO  server.RaftServerConfigKeys (ConfUtils.java:logGet(43)) - raft.server.log.queue.byte-limit = 2147483647 (custom)
2019-09-28 05:20:12,219 [pool-37-thread-1] INFO  server.RaftServerConfigKeys (ConfUtils.java:logGet(43)) - raft.server.log.segment.size.max = 1048576 (custom)
2019-09-28 05:20:12,219 [pool-77-thread-1] INFO  server.RaftServerConfigKeys (ConfUtils.java:logGet(43)) - raft.server.log.queue.element-limit = 1024 (custom)
2019-09-28 05:20:12,219 [pool-27-thread-1] INFO  server.RaftServerConfigKeys (ConfUtils.java:logGet(43)) - raft.server.log.segment.size.max = 1048576 (custom)
2019-09-28 05:20:12,219 [pool-77-thread-1] INFO  server.RaftServerConfigKeys (ConfUtils.java:logGet(43)) - raft.server.log.segment.size.max = 1048576 (custom)
2019-09-28 05:20:12,219 [pool-37-thread-1] INFO  server.RaftServerConfigKeys (ConfUtils.java:logGet(43)) - raft.server.log.segment.cache.num.max = 2 (custom)
2019-09-28 05:20:12,220 [pool-77-thread-1] INFO  server.RaftServerConfigKeys (ConfUtils.java:logGet(43)) - raft.server.log.preallocated.size = 16384 (custom)
2019-09-28 05:20:12,219 [pool-27-thread-1] INFO  server.RaftServerConfigKeys (ConfUtils.java:logGet(43)) - raft.server.log.segment.cache.num.max = 2 (custom)
2019-09-28 05:20:12,220 [pool-77-thread-1] INFO  server.RaftServerConfigKeys (ConfUtils.java:logGet(43)) - raft.server.log.write.buffer.size = 33554432 (custom)
2019-09-28 05:20:12,220 [pool-37-thread-1] INFO  segmented.SegmentedRaftLogWorker (SegmentedRaftLogWorker.java:<init>(172)) - new df93b021-79d7-434f-92a0-2f93bc69c3ad@group-4A430A7D4CD7-SegmentedRaftLogWorker for RaftStorage:Storage Directory /workdir/hadoop-ozone/ozonefs/target/test-dir/MiniOzoneClusterImpl-e9b0d3cb-1d9a-4496-a942-908b9fc97c2b/datanode-1/data/ratis/d7bcb203-8475-497e-8fe3-4a430a7d4cd7
2019-09-28 05:20:12,220 [pool-77-thread-1] INFO  server.RaftServerConfigKeys (ConfUtils.java:logGet(43)) - raft.server.log.force.sync.num = 128 (default)
2019-09-28 05:20:12,220 [pool-27-thread-1] INFO  segmented.SegmentedRaftLogWorker (SegmentedRaftLogWorker.java:<init>(172)) - new 5f286e7f-19f8-4729-a00b-ef22147f3cdc@group-4A430A7D4CD7-SegmentedRaftLogWorker for RaftStorage:Storage Directory /workdir/hadoop-ozone/ozonefs/target/test-dir/MiniOzoneClusterImpl-e9b0d3cb-1d9a-4496-a942-908b9fc97c2b/datanode-0/data/ratis/d7bcb203-8475-497e-8fe3-4a430a7d4cd7
2019-09-28 05:20:12,220 [pool-77-thread-1] INFO  server.RaftServerConfigKeys (ConfUtils.java:logGet(43)) - raft.server.log.statemachine.data.sync = true (default)
2019-09-28 05:20:12,220 [pool-37-thread-1] INFO  server.RaftServerConfigKeys (ConfUtils.java:logGet(43)) - raft.server.log.queue.byte-limit = 2147483647 (custom)
2019-09-28 05:20:12,220 [pool-77-thread-1] INFO  server.RaftServerConfigKeys (ConfUtils.java:logGet(43)) - raft.server.log.statemachine.data.sync.timeout = 10s (default)
2019-09-28 05:20:12,220 [pool-27-thread-1] INFO  server.RaftServerConfigKeys (ConfUtils.java:logGet(43)) - raft.server.log.queue.byte-limit = 2147483647 (custom)
2019-09-28 05:20:12,221 [pool-77-thread-1] INFO  server.RaftServerConfigKeys (ConfUtils.java:logGet(43)) - raft.server.log.statemachine.data.sync.timeout.retry = -1 (default)
2019-09-28 05:20:12,221 [pool-37-thread-1] INFO  server.RaftServerConfigKeys (ConfUtils.java:logGet(43)) - raft.server.log.queue.element-limit = 1024 (custom)
2019-09-28 05:20:12,221 [pool-77-thread-1] INFO  server.RaftServerConfigKeys (ConfUtils.java:logGet(43)) - raft.server.log.statemachine.data.caching.enabled = true (custom)
2019-09-28 05:20:12,221 [pool-27-thread-1] INFO  server.RaftServerConfigKeys (ConfUtils.java:logGet(43)) - raft.server.log.queue.element-limit = 1024 (custom)
2019-09-28 05:20:12,221 [pool-37-thread-1] INFO  server.RaftServerConfigKeys (ConfUtils.java:logGet(43)) - raft.server.log.segment.size.max = 1048576 (custom)
2019-09-28 05:20:12,221 [pool-27-thread-1] INFO  server.RaftServerConfigKeys (ConfUtils.java:logGet(43)) - raft.server.log.segment.size.max = 1048576 (custom)
2019-09-28 05:20:12,221 [pool-77-thread-1] INFO  segmented.SegmentedRaftLogWorker (SegmentedRaftLogWorker.java:lambda$new$0(132)) - 0ba2b8dd-18f6-415c-ba16-f29fd4260be6@group-4A430A7D4CD7-SegmentedRaftLogWorker: flushIndex: setUnconditionally 0 -> -1
2019-09-28 05:20:12,222 [pool-27-thread-1] INFO  server.RaftServerConfigKeys (ConfUtils.java:logGet(43)) - raft.server.log.preallocated.size = 16384 (custom)
2019-09-28 05:20:12,222 [pool-37-thread-1] INFO  server.RaftServerConfigKeys (ConfUtils.java:logGet(43)) - raft.server.log.preallocated.size = 16384 (custom)
2019-09-28 05:20:12,222 [pool-27-thread-1] INFO  server.RaftServerConfigKeys (ConfUtils.java:logGet(43)) - raft.server.log.write.buffer.size = 33554432 (custom)
2019-09-28 05:20:12,222 [pool-77-thread-1] INFO  server.RaftServerConfigKeys (ConfUtils.java:logGet(43)) - raft.server.snapshot.auto.trigger.enabled = true (custom)
2019-09-28 05:20:12,222 [pool-27-thread-1] INFO  server.RaftServerConfigKeys (ConfUtils.java:logGet(43)) - raft.server.log.force.sync.num = 128 (default)
2019-09-28 05:20:12,222 [pool-37-thread-1] INFO  server.RaftServerConfigKeys (ConfUtils.java:logGet(43)) - raft.server.log.write.buffer.size = 33554432 (custom)
2019-09-28 05:20:12,222 [pool-27-thread-1] INFO  server.RaftServerConfigKeys (ConfUtils.java:logGet(43)) - raft.server.log.statemachine.data.sync = true (default)
2019-09-28 05:20:12,222 [pool-77-thread-1] INFO  server.RaftServerConfigKeys (ConfUtils.java:logGet(43)) - raft.server.snapshot.auto.trigger.threshold = 10000 (custom)
2019-09-28 05:20:12,223 [pool-27-thread-1] INFO  server.RaftServerConfigKeys (ConfUtils.java:logGet(43)) - raft.server.log.statemachine.data.sync.timeout = 10s (default)
2019-09-28 05:20:12,223 [pool-37-thread-1] INFO  server.RaftServerConfigKeys (ConfUtils.java:logGet(43)) - raft.server.log.force.sync.num = 128 (default)
2019-09-28 05:20:12,223 [pool-27-thread-1] INFO  server.RaftServerConfigKeys (ConfUtils.java:logGet(43)) - raft.server.log.statemachine.data.sync.timeout.retry = -1 (default)
2019-09-28 05:20:12,223 [pool-77-thread-1] INFO  server.RaftServerConfigKeys (ConfUtils.java:logGet(43)) - raft.server.snapshot.retention.num.files = 5 (custom)
2019-09-28 05:20:12,223 [pool-37-thread-1] INFO  server.RaftServerConfigKeys (ConfUtils.java:logGet(43)) - raft.server.log.statemachine.data.sync = true (default)
2019-09-28 05:20:12,223 [pool-77-thread-1] INFO  server.RaftServerConfigKeys (ConfUtils.java:logGet(43)) - raft.server.retrycache.expirytime = 600000ms (custom)
2019-09-28 05:20:12,223 [pool-27-thread-1] INFO  server.RaftServerConfigKeys (ConfUtils.java:logGet(43)) - raft.server.log.statemachine.data.caching.enabled = true (custom)
2019-09-28 05:20:12,223 [pool-37-thread-1] INFO  server.RaftServerConfigKeys (ConfUtils.java:logGet(43)) - raft.server.log.statemachine.data.sync.timeout = 10s (default)
2019-09-28 05:20:12,224 [pool-37-thread-1] INFO  server.RaftServerConfigKeys (ConfUtils.java:logGet(43)) - raft.server.log.statemachine.data.sync.timeout.retry = -1 (default)
2019-09-28 05:20:12,224 [pool-27-thread-1] INFO  segmented.SegmentedRaftLogWorker (SegmentedRaftLogWorker.java:lambda$new$0(132)) - 5f286e7f-19f8-4729-a00b-ef22147f3cdc@group-4A430A7D4CD7-SegmentedRaftLogWorker: flushIndex: setUnconditionally 0 -> -1
2019-09-28 05:20:12,224 [pool-37-thread-1] INFO  server.RaftServerConfigKeys (ConfUtils.java:logGet(43)) - raft.server.log.statemachine.data.caching.enabled = true (custom)
2019-09-28 05:20:12,224 [pool-27-thread-1] INFO  server.RaftServerConfigKeys (ConfUtils.java:logGet(43)) - raft.server.snapshot.auto.trigger.enabled = true (custom)
2019-09-28 05:20:12,224 [pool-27-thread-1] INFO  server.RaftServerConfigKeys (ConfUtils.java:logGet(43)) - raft.server.snapshot.auto.trigger.threshold = 10000 (custom)
2019-09-28 05:20:12,224 [pool-37-thread-1] INFO  segmented.SegmentedRaftLogWorker (SegmentedRaftLogWorker.java:lambda$new$0(132)) - df93b021-79d7-434f-92a0-2f93bc69c3ad@group-4A430A7D4CD7-SegmentedRaftLogWorker: flushIndex: setUnconditionally 0 -> -1
2019-09-28 05:20:12,224 [pool-27-thread-1] INFO  server.RaftServerConfigKeys (ConfUtils.java:logGet(43)) - raft.server.snapshot.retention.num.files = 5 (custom)
2019-09-28 05:20:12,225 [pool-37-thread-1] INFO  server.RaftServerConfigKeys (ConfUtils.java:logGet(43)) - raft.server.snapshot.auto.trigger.enabled = true (custom)
2019-09-28 05:20:12,225 [pool-27-thread-1] INFO  server.RaftServerConfigKeys (ConfUtils.java:logGet(43)) - raft.server.retrycache.expirytime = 600000ms (custom)
2019-09-28 05:20:12,225 [pool-37-thread-1] INFO  server.RaftServerConfigKeys (ConfUtils.java:logGet(43)) - raft.server.snapshot.auto.trigger.threshold = 10000 (custom)
2019-09-28 05:20:12,225 [pool-37-thread-1] INFO  server.RaftServerConfigKeys (ConfUtils.java:logGet(43)) - raft.server.snapshot.retention.num.files = 5 (custom)
2019-09-28 05:20:12,225 [pool-37-thread-1] INFO  server.RaftServerConfigKeys (ConfUtils.java:logGet(43)) - raft.server.retrycache.expirytime = 600000ms (custom)
2019-09-28 05:20:12,226 [pool-77-thread-1] INFO  impl.RaftServerImpl (RaftServerImpl.java:start(185)) - 0ba2b8dd-18f6-415c-ba16-f29fd4260be6@group-4A430A7D4CD7: start as a follower, conf=-1: [0ba2b8dd-18f6-415c-ba16-f29fd4260be6:192.168.151.82:40559, df93b021-79d7-434f-92a0-2f93bc69c3ad:192.168.151.82:40601, 5f286e7f-19f8-4729-a00b-ef22147f3cdc:192.168.151.82:36144], old=null
2019-09-28 05:20:12,226 [pool-77-thread-1] INFO  impl.RaftServerImpl (RaftServerImpl.java:setRole(174)) - 0ba2b8dd-18f6-415c-ba16-f29fd4260be6@group-4A430A7D4CD7: changes role from      null to FOLLOWER at term 0 for startAsFollower
2019-09-28 05:20:12,230 [pool-77-thread-1] INFO  impl.RoleInfo (RoleInfo.java:updateAndGet(143)) - 0ba2b8dd-18f6-415c-ba16-f29fd4260be6: start FollowerState
2019-09-28 05:20:12,236 [pool-77-thread-1] INFO  util.JmxRegister (JmxRegister.java:tryRegister(44)) - Successfully registered JMX Bean with object name Ratis:service=RaftServer,group=group-4A430A7D4CD7,id=0ba2b8dd-18f6-415c-ba16-f29fd4260be6
2019-09-28 05:20:12,240 [pool-27-thread-1] INFO  impl.RaftServerImpl (RaftServerImpl.java:start(185)) - 5f286e7f-19f8-4729-a00b-ef22147f3cdc@group-4A430A7D4CD7: start as a follower, conf=-1: [0ba2b8dd-18f6-415c-ba16-f29fd4260be6:192.168.151.82:40559, df93b021-79d7-434f-92a0-2f93bc69c3ad:192.168.151.82:40601, 5f286e7f-19f8-4729-a00b-ef22147f3cdc:192.168.151.82:36144], old=null
2019-09-28 05:20:12,241 [pool-27-thread-1] INFO  impl.RaftServerImpl (RaftServerImpl.java:setRole(174)) - 5f286e7f-19f8-4729-a00b-ef22147f3cdc@group-4A430A7D4CD7: changes role from      null to FOLLOWER at term 0 for startAsFollower
2019-09-28 05:20:12,241 [pool-37-thread-1] INFO  impl.RaftServerImpl (RaftServerImpl.java:start(185)) - df93b021-79d7-434f-92a0-2f93bc69c3ad@group-4A430A7D4CD7: start as a follower, conf=-1: [0ba2b8dd-18f6-415c-ba16-f29fd4260be6:192.168.151.82:40559, df93b021-79d7-434f-92a0-2f93bc69c3ad:192.168.151.82:40601, 5f286e7f-19f8-4729-a00b-ef22147f3cdc:192.168.151.82:36144], old=null
2019-09-28 05:20:12,241 [pool-27-thread-1] INFO  impl.RoleInfo (RoleInfo.java:updateAndGet(143)) - 5f286e7f-19f8-4729-a00b-ef22147f3cdc: start FollowerState
2019-09-28 05:20:12,241 [pool-37-thread-1] INFO  impl.RaftServerImpl (RaftServerImpl.java:setRole(174)) - df93b021-79d7-434f-92a0-2f93bc69c3ad@group-4A430A7D4CD7: changes role from      null to FOLLOWER at term 0 for startAsFollower
2019-09-28 05:20:12,241 [pool-37-thread-1] INFO  impl.RoleInfo (RoleInfo.java:updateAndGet(143)) - df93b021-79d7-434f-92a0-2f93bc69c3ad: start FollowerState
2019-09-28 05:20:12,241 [pool-27-thread-1] INFO  util.JmxRegister (JmxRegister.java:tryRegister(44)) - Successfully registered JMX Bean with object name Ratis:service=RaftServer,group=group-4A430A7D4CD7,id=5f286e7f-19f8-4729-a00b-ef22147f3cdc
2019-09-28 05:20:12,242 [pool-37-thread-1] INFO  util.JmxRegister (JmxRegister.java:tryRegister(44)) - Successfully registered JMX Bean with object name Ratis:service=RaftServer,group=group-4A430A7D4CD7,id=df93b021-79d7-434f-92a0-2f93bc69c3ad
2019-09-28 05:20:12,249 [RatisPipelineUtilsThread] INFO  pipeline.PipelineStateManager (PipelineStateManager.java:addPipeline(56)) - Created pipeline Pipeline[ Id: d7bcb203-8475-497e-8fe3-4a430a7d4cd7, Nodes: 5f286e7f-19f8-4729-a00b-ef22147f3cdc{ip: 192.168.151.82, host: pr-hdds-2162-8g7kw-3348123894, networkLocation: /default-rack, certSerialId: null}0ba2b8dd-18f6-415c-ba16-f29fd4260be6{ip: 192.168.151.82, host: pr-hdds-2162-8g7kw-3348123894, networkLocation: /default-rack, certSerialId: null}df93b021-79d7-434f-92a0-2f93bc69c3ad{ip: 192.168.151.82, host: pr-hdds-2162-8g7kw-3348123894, networkLocation: /default-rack, certSerialId: null}, Type:RATIS, Factor:THREE, State:OPEN]
2019-09-28 05:20:13,063 [Thread-283] INFO  container.ReplicationManager (ReplicationManager.java:start(162)) - Starting Replication Monitor Thread.
2019-09-28 05:20:13,065 [ReplicationMonitor] INFO  container.ReplicationManager (ReplicationManager.java:run(225)) - Replication Monitor Thread took 0 milliseconds for processing 0 containers.
2019-09-28 05:20:13,113 [main] INFO  ipc.Client (Client.java:handleConnectionFailure(948)) - Retrying connect to server: localhost/127.0.0.1:0. Already tried 0 time(s); retry policy is RetryUpToMaximumCountWithFixedSleep(maxRetries=10, sleepTime=1000 MILLISECONDS)
2019-09-28 05:20:14,114 [main] INFO  ipc.Client (Client.java:handleConnectionFailure(948)) - Retrying connect to server: localhost/127.0.0.1:0. Already tried 1 time(s); retry policy is RetryUpToMaximumCountWithFixedSleep(maxRetries=10, sleepTime=1000 MILLISECONDS)
2019-09-28 05:20:15,115 [main] INFO  ipc.Client (Client.java:handleConnectionFailure(948)) - Retrying connect to server: localhost/127.0.0.1:0. Already tried 2 time(s); retry policy is RetryUpToMaximumCountWithFixedSleep(maxRetries=10, sleepTime=1000 MILLISECONDS)
2019-09-28 05:20:16,089 [Thread-285] INFO  impl.FollowerState (FollowerState.java:run(106)) - 5f286e7f-19f8-4729-a00b-ef22147f3cdc:group-3552DA693E32 changes to CANDIDATE, lastRpcTime:5174, electionTimeout:5173ms
2019-09-28 05:20:16,092 [Thread-285] INFO  impl.RoleInfo (RoleInfo.java:shutdownFollowerState(121)) - 5f286e7f-19f8-4729-a00b-ef22147f3cdc: shutdown FollowerState
2019-09-28 05:20:16,092 [Thread-285] INFO  impl.RaftServerImpl (RaftServerImpl.java:setRole(174)) - 5f286e7f-19f8-4729-a00b-ef22147f3cdc@group-3552DA693E32: changes role from  FOLLOWER to CANDIDATE at term 0 for changeToCandidate
2019-09-28 05:20:16,097 [Thread-285] INFO  impl.RoleInfo (RoleInfo.java:updateAndGet(143)) - 5f286e7f-19f8-4729-a00b-ef22147f3cdc: start LeaderElection
2019-09-28 05:20:16,116 [main] INFO  ipc.Client (Client.java:handleConnectionFailure(948)) - Retrying connect to server: localhost/127.0.0.1:0. Already tried 3 time(s); retry policy is RetryUpToMaximumCountWithFixedSleep(maxRetries=10, sleepTime=1000 MILLISECONDS)
2019-09-28 05:20:16,121 [5f286e7f-19f8-4729-a00b-ef22147f3cdc@group-3552DA693E32:LeaderElection1] INFO  impl.LeaderElection (LeaderElection.java:askForVotes(182)) - 5f286e7f-19f8-4729-a00b-ef22147f3cdc@group-3552DA693E32:LeaderElection1: begin an election at term 1 for -1: [5f286e7f-19f8-4729-a00b-ef22147f3cdc:192.168.151.82:36144], old=null
2019-09-28 05:20:16,122 [5f286e7f-19f8-4729-a00b-ef22147f3cdc@group-3552DA693E32:LeaderElection1] INFO  impl.RoleInfo (RoleInfo.java:shutdownLeaderElection(134)) - 5f286e7f-19f8-4729-a00b-ef22147f3cdc: shutdown LeaderElection
2019-09-28 05:20:16,123 [5f286e7f-19f8-4729-a00b-ef22147f3cdc@group-3552DA693E32:LeaderElection1] INFO  impl.RaftServerImpl (RaftServerImpl.java:setRole(174)) - 5f286e7f-19f8-4729-a00b-ef22147f3cdc@group-3552DA693E32: changes role from CANDIDATE to LEADER at term 1 for changeToLeader
2019-09-28 05:20:16,123 [5f286e7f-19f8-4729-a00b-ef22147f3cdc@group-3552DA693E32:LeaderElection1] INFO  impl.RaftServerImpl (ServerState.java:setLeader(253)) - 5f286e7f-19f8-4729-a00b-ef22147f3cdc@group-3552DA693E32: change Leader from null to 5f286e7f-19f8-4729-a00b-ef22147f3cdc at term 1 for becomeLeader, leader elected after 5341ms
2019-09-28 05:20:16,131 [5f286e7f-19f8-4729-a00b-ef22147f3cdc@group-3552DA693E32:LeaderElection1] INFO  server.RaftServerConfigKeys (ConfUtils.java:logGet(43)) - raft.server.staging.catchup.gap = 1000 (default)
2019-09-28 05:20:16,131 [5f286e7f-19f8-4729-a00b-ef22147f3cdc@group-3552DA693E32:LeaderElection1] INFO  server.RaftServerConfigKeys (ConfUtils.java:logGet(43)) - raft.server.rpc.sleep.time = 25ms (default)
2019-09-28 05:20:16,135 [5f286e7f-19f8-4729-a00b-ef22147f3cdc@group-3552DA693E32:LeaderElection1] INFO  server.RaftServerConfigKeys (ConfUtils.java:logGet(43)) - raft.server.write.element-limit = 4096 (default)
2019-09-28 05:20:16,138 [5f286e7f-19f8-4729-a00b-ef22147f3cdc@group-3552DA693E32:LeaderElection1] INFO  server.RaftServerConfigKeys (ConfUtils.java:logGet(43)) - raft.server.watch.timeout = 10s (default)
2019-09-28 05:20:16,138 [5f286e7f-19f8-4729-a00b-ef22147f3cdc@group-3552DA693E32:LeaderElection1] INFO  server.RaftServerConfigKeys (ConfUtils.java:logGet(43)) - raft.server.watch.timeout.denomination = 1s (default)
2019-09-28 05:20:16,140 [5f286e7f-19f8-4729-a00b-ef22147f3cdc@group-3552DA693E32:LeaderElection1] INFO  server.RaftServerConfigKeys (ConfUtils.java:logGet(43)) - raft.server.watch.element-limit = 65536 (default)
2019-09-28 05:20:16,153 [5f286e7f-19f8-4729-a00b-ef22147f3cdc@group-3552DA693E32:LeaderElection1] INFO  impl.RoleInfo (RoleInfo.java:updateAndGet(143)) - 5f286e7f-19f8-4729-a00b-ef22147f3cdc: start LeaderState
2019-09-28 05:20:16,180 [5f286e7f-19f8-4729-a00b-ef22147f3cdc@group-3552DA693E32:LeaderElection1] INFO  segmented.SegmentedRaftLogWorker (SegmentedRaftLogWorker.java:startLogSegment(380)) - 5f286e7f-19f8-4729-a00b-ef22147f3cdc@group-3552DA693E32-SegmentedRaftLogWorker: Starting segment from index:0
2019-09-28 05:20:16,188 [5f286e7f-19f8-4729-a00b-ef22147f3cdc@group-3552DA693E32:LeaderElection1] INFO  impl.RaftServerImpl (ServerState.java:setRaftConf(354)) - 5f286e7f-19f8-4729-a00b-ef22147f3cdc@group-3552DA693E32: set configuration 0: [5f286e7f-19f8-4729-a00b-ef22147f3cdc:192.168.151.82:36144], old=null at 0
2019-09-28 05:20:16,329 [Thread-288] INFO  impl.FollowerState (FollowerState.java:run(106)) - b872e21c-1358-4bb4-b15c-ab96323b2cb2:group-173836C1F402 changes to CANDIDATE, lastRpcTime:5187, electionTimeout:5186ms
2019-09-28 05:20:16,332 [Thread-288] INFO  impl.RoleInfo (RoleInfo.java:shutdownFollowerState(121)) - b872e21c-1358-4bb4-b15c-ab96323b2cb2: shutdown FollowerState
2019-09-28 05:20:16,333 [Thread-288] INFO  impl.RaftServerImpl (RaftServerImpl.java:setRole(174)) - b872e21c-1358-4bb4-b15c-ab96323b2cb2@group-173836C1F402: changes role from  FOLLOWER to CANDIDATE at term 0 for changeToCandidate
2019-09-28 05:20:16,333 [Thread-288] INFO  impl.RoleInfo (RoleInfo.java:updateAndGet(143)) - b872e21c-1358-4bb4-b15c-ab96323b2cb2: start LeaderElection
2019-09-28 05:20:16,352 [b872e21c-1358-4bb4-b15c-ab96323b2cb2@group-173836C1F402:LeaderElection2] INFO  impl.LeaderElection (LeaderElection.java:askForVotes(182)) - b872e21c-1358-4bb4-b15c-ab96323b2cb2@group-173836C1F402:LeaderElection2: begin an election at term 1 for -1: [b872e21c-1358-4bb4-b15c-ab96323b2cb2:192.168.151.82:40730], old=null
2019-09-28 05:20:16,367 [b872e21c-1358-4bb4-b15c-ab96323b2cb2@group-173836C1F402:LeaderElection2] INFO  impl.RoleInfo (RoleInfo.java:shutdownLeaderElection(134)) - b872e21c-1358-4bb4-b15c-ab96323b2cb2: shutdown LeaderElection
2019-09-28 05:20:16,368 [b872e21c-1358-4bb4-b15c-ab96323b2cb2@group-173836C1F402:LeaderElection2] INFO  impl.RaftServerImpl (RaftServerImpl.java:setRole(174)) - b872e21c-1358-4bb4-b15c-ab96323b2cb2@group-173836C1F402: changes role from CANDIDATE to LEADER at term 1 for changeToLeader
2019-09-28 05:20:16,368 [b872e21c-1358-4bb4-b15c-ab96323b2cb2@group-173836C1F402:LeaderElection2] INFO  impl.RaftServerImpl (ServerState.java:setLeader(253)) - b872e21c-1358-4bb4-b15c-ab96323b2cb2@group-173836C1F402: change Leader from null to b872e21c-1358-4bb4-b15c-ab96323b2cb2 at term 1 for becomeLeader, leader elected after 5238ms
2019-09-28 05:20:16,368 [b872e21c-1358-4bb4-b15c-ab96323b2cb2@group-173836C1F402:LeaderElection2] INFO  server.RaftServerConfigKeys (ConfUtils.java:logGet(43)) - raft.server.staging.catchup.gap = 1000 (default)
2019-09-28 05:20:16,368 [b872e21c-1358-4bb4-b15c-ab96323b2cb2@group-173836C1F402:LeaderElection2] INFO  server.RaftServerConfigKeys (ConfUtils.java:logGet(43)) - raft.server.rpc.sleep.time = 25ms (default)
2019-09-28 05:20:16,368 [b872e21c-1358-4bb4-b15c-ab96323b2cb2@group-173836C1F402:LeaderElection2] INFO  server.RaftServerConfigKeys (ConfUtils.java:logGet(43)) - raft.server.write.element-limit = 4096 (default)
2019-09-28 05:20:16,369 [b872e21c-1358-4bb4-b15c-ab96323b2cb2@group-173836C1F402:LeaderElection2] INFO  server.RaftServerConfigKeys (ConfUtils.java:logGet(43)) - raft.server.watch.timeout = 10s (default)
2019-09-28 05:20:16,369 [b872e21c-1358-4bb4-b15c-ab96323b2cb2@group-173836C1F402:LeaderElection2] INFO  server.RaftServerConfigKeys (ConfUtils.java:logGet(43)) - raft.server.watch.timeout.denomination = 1s (default)
2019-09-28 05:20:16,369 [b872e21c-1358-4bb4-b15c-ab96323b2cb2@group-173836C1F402:LeaderElection2] INFO  server.RaftServerConfigKeys (ConfUtils.java:logGet(43)) - raft.server.watch.element-limit = 65536 (default)
2019-09-28 05:20:16,372 [b872e21c-1358-4bb4-b15c-ab96323b2cb2@group-173836C1F402:LeaderElection2] INFO  impl.RoleInfo (RoleInfo.java:updateAndGet(143)) - b872e21c-1358-4bb4-b15c-ab96323b2cb2: start LeaderState
2019-09-28 05:20:16,373 [b872e21c-1358-4bb4-b15c-ab96323b2cb2@group-173836C1F402:LeaderElection2] INFO  segmented.SegmentedRaftLogWorker (SegmentedRaftLogWorker.java:startLogSegment(380)) - b872e21c-1358-4bb4-b15c-ab96323b2cb2@group-173836C1F402-SegmentedRaftLogWorker: Starting segment from index:0
2019-09-28 05:20:16,373 [b872e21c-1358-4bb4-b15c-ab96323b2cb2@group-173836C1F402:LeaderElection2] INFO  impl.RaftServerImpl (ServerState.java:setRaftConf(354)) - b872e21c-1358-4bb4-b15c-ab96323b2cb2@group-173836C1F402: set configuration 0: [b872e21c-1358-4bb4-b15c-ab96323b2cb2:192.168.151.82:40730], old=null at 0
2019-09-28 05:20:16,400 [Thread-291] INFO  impl.FollowerState (FollowerState.java:run(106)) - 3146fa5d-e5c6-4e63-841a-7d53ea24ae40:group-3C45913BECEF changes to CANDIDATE, lastRpcTime:5075, electionTimeout:5057ms
2019-09-28 05:20:16,400 [5f286e7f-19f8-4729-a00b-ef22147f3cdc@group-3552DA693E32-SegmentedRaftLogWorker] INFO  segmented.SegmentedRaftLogWorker (SegmentedRaftLogWorker.java:execute(569)) - 5f286e7f-19f8-4729-a00b-ef22147f3cdc@group-3552DA693E32-SegmentedRaftLogWorker: created new log segment /workdir/hadoop-ozone/ozonefs/target/test-dir/MiniOzoneClusterImpl-e9b0d3cb-1d9a-4496-a942-908b9fc97c2b/datanode-0/data/ratis/88c9f71b-5859-48df-bdce-3552da693e32/current/log_inprogress_0
2019-09-28 05:20:16,400 [Thread-291] INFO  impl.RoleInfo (RoleInfo.java:shutdownFollowerState(121)) - 3146fa5d-e5c6-4e63-841a-7d53ea24ae40: shutdown FollowerState
2019-09-28 05:20:16,401 [Thread-291] INFO  impl.RaftServerImpl (RaftServerImpl.java:setRole(174)) - 3146fa5d-e5c6-4e63-841a-7d53ea24ae40@group-3C45913BECEF: changes role from  FOLLOWER to CANDIDATE at term 0 for changeToCandidate
2019-09-28 05:20:16,401 [Thread-291] INFO  impl.RoleInfo (RoleInfo.java:updateAndGet(143)) - 3146fa5d-e5c6-4e63-841a-7d53ea24ae40: start LeaderElection
2019-09-28 05:20:16,411 [b872e21c-1358-4bb4-b15c-ab96323b2cb2@group-173836C1F402-SegmentedRaftLogWorker] INFO  segmented.SegmentedRaftLogWorker (SegmentedRaftLogWorker.java:execute(569)) - b872e21c-1358-4bb4-b15c-ab96323b2cb2@group-173836C1F402-SegmentedRaftLogWorker: created new log segment /workdir/hadoop-ozone/ozonefs/target/test-dir/MiniOzoneClusterImpl-e9b0d3cb-1d9a-4496-a942-908b9fc97c2b/datanode-4/data/ratis/66674730-f1f6-40fe-b297-173836c1f402/current/log_inprogress_0
2019-09-28 05:20:16,411 [3146fa5d-e5c6-4e63-841a-7d53ea24ae40@group-3C45913BECEF:LeaderElection3] INFO  impl.LeaderElection (LeaderElection.java:askForVotes(182)) - 3146fa5d-e5c6-4e63-841a-7d53ea24ae40@group-3C45913BECEF:LeaderElection3: begin an election at term 1 for -1: [3146fa5d-e5c6-4e63-841a-7d53ea24ae40:192.168.151.82:37509], old=null
2019-09-28 05:20:16,411 [3146fa5d-e5c6-4e63-841a-7d53ea24ae40@group-3C45913BECEF:LeaderElection3] INFO  impl.RoleInfo (RoleInfo.java:shutdownLeaderElection(134)) - 3146fa5d-e5c6-4e63-841a-7d53ea24ae40: shutdown LeaderElection
2019-09-28 05:20:16,411 [3146fa5d-e5c6-4e63-841a-7d53ea24ae40@group-3C45913BECEF:LeaderElection3] INFO  impl.RaftServerImpl (RaftServerImpl.java:setRole(174)) - 3146fa5d-e5c6-4e63-841a-7d53ea24ae40@group-3C45913BECEF: changes role from CANDIDATE to LEADER at term 1 for changeToLeader
2019-09-28 05:20:16,411 [3146fa5d-e5c6-4e63-841a-7d53ea24ae40@group-3C45913BECEF:LeaderElection3] INFO  impl.RaftServerImpl (ServerState.java:setLeader(253)) - 3146fa5d-e5c6-4e63-841a-7d53ea24ae40@group-3C45913BECEF: change Leader from null to 3146fa5d-e5c6-4e63-841a-7d53ea24ae40 at term 1 for becomeLeader, leader elected after 5154ms
2019-09-28 05:20:16,412 [3146fa5d-e5c6-4e63-841a-7d53ea24ae40@group-3C45913BECEF:LeaderElection3] INFO  server.RaftServerConfigKeys (ConfUtils.java:logGet(43)) - raft.server.staging.catchup.gap = 1000 (default)
2019-09-28 05:20:16,412 [3146fa5d-e5c6-4e63-841a-7d53ea24ae40@group-3C45913BECEF:LeaderElection3] INFO  server.RaftServerConfigKeys (ConfUtils.java:logGet(43)) - raft.server.rpc.sleep.time = 25ms (default)
2019-09-28 05:20:16,412 [3146fa5d-e5c6-4e63-841a-7d53ea24ae40@group-3C45913BECEF:LeaderElection3] INFO  server.RaftServerConfigKeys (ConfUtils.java:logGet(43)) - raft.server.write.element-limit = 4096 (default)
2019-09-28 05:20:16,412 [3146fa5d-e5c6-4e63-841a-7d53ea24ae40@group-3C45913BECEF:LeaderElection3] INFO  server.RaftServerConfigKeys (ConfUtils.java:logGet(43)) - raft.server.watch.timeout = 10s (default)
2019-09-28 05:20:16,412 [3146fa5d-e5c6-4e63-841a-7d53ea24ae40@group-3C45913BECEF:LeaderElection3] INFO  server.RaftServerConfigKeys (ConfUtils.java:logGet(43)) - raft.server.watch.timeout.denomination = 1s (default)
2019-09-28 05:20:16,413 [3146fa5d-e5c6-4e63-841a-7d53ea24ae40@group-3C45913BECEF:LeaderElection3] INFO  server.RaftServerConfigKeys (ConfUtils.java:logGet(43)) - raft.server.watch.element-limit = 65536 (default)
2019-09-28 05:20:16,416 [3146fa5d-e5c6-4e63-841a-7d53ea24ae40@group-3C45913BECEF:LeaderElection3] INFO  impl.RoleInfo (RoleInfo.java:updateAndGet(143)) - 3146fa5d-e5c6-4e63-841a-7d53ea24ae40: start LeaderState
2019-09-28 05:20:16,416 [3146fa5d-e5c6-4e63-841a-7d53ea24ae40@group-3C45913BECEF:LeaderElection3] INFO  segmented.SegmentedRaftLogWorker (SegmentedRaftLogWorker.java:startLogSegment(380)) - 3146fa5d-e5c6-4e63-841a-7d53ea24ae40@group-3C45913BECEF-SegmentedRaftLogWorker: Starting segment from index:0
2019-09-28 05:20:16,417 [3146fa5d-e5c6-4e63-841a-7d53ea24ae40@group-3C45913BECEF:LeaderElection3] INFO  impl.RaftServerImpl (ServerState.java:setRaftConf(354)) - 3146fa5d-e5c6-4e63-841a-7d53ea24ae40@group-3C45913BECEF: set configuration 0: [3146fa5d-e5c6-4e63-841a-7d53ea24ae40:192.168.151.82:37509], old=null at 0
2019-09-28 05:20:16,456 [3146fa5d-e5c6-4e63-841a-7d53ea24ae40@group-3C45913BECEF-SegmentedRaftLogWorker] INFO  segmented.SegmentedRaftLogWorker (SegmentedRaftLogWorker.java:execute(569)) - 3146fa5d-e5c6-4e63-841a-7d53ea24ae40@group-3C45913BECEF-SegmentedRaftLogWorker: created new log segment /workdir/hadoop-ozone/ozonefs/target/test-dir/MiniOzoneClusterImpl-e9b0d3cb-1d9a-4496-a942-908b9fc97c2b/datanode-6/data/ratis/6c9ad598-7f69-4a79-9e6c-3c45913becef/current/log_inprogress_0
2019-09-28 05:20:16,608 [Thread-294] INFO  impl.FollowerState (FollowerState.java:run(106)) - 1081e6c3-a479-41d4-bd3b-fa3b39302f1a:group-C5E4FDE09DC4 changes to CANDIDATE, lastRpcTime:5189, electionTimeout:5189ms
2019-09-28 05:20:16,608 [Thread-294] INFO  impl.RoleInfo (RoleInfo.java:shutdownFollowerState(121)) - 1081e6c3-a479-41d4-bd3b-fa3b39302f1a: shutdown FollowerState
2019-09-28 05:20:16,608 [Thread-294] INFO  impl.RaftServerImpl (RaftServerImpl.java:setRole(174)) - 1081e6c3-a479-41d4-bd3b-fa3b39302f1a@group-C5E4FDE09DC4: changes role from  FOLLOWER to CANDIDATE at term 0 for changeToCandidate
2019-09-28 05:20:16,609 [Thread-294] INFO  impl.RoleInfo (RoleInfo.java:updateAndGet(143)) - 1081e6c3-a479-41d4-bd3b-fa3b39302f1a: start LeaderElection
2019-09-28 05:20:16,613 [Thread-297] INFO  impl.FollowerState (FollowerState.java:run(106)) - 2281b324-f854-4a95-af39-03dc79ba966d:group-0FE8C2FD7402 changes to CANDIDATE, lastRpcTime:5120, electionTimeout:5119ms
2019-09-28 05:20:16,616 [Thread-297] INFO  impl.RoleInfo (RoleInfo.java:shutdownFollowerState(121)) - 2281b324-f854-4a95-af39-03dc79ba966d: shutdown FollowerState
2019-09-28 05:20:16,616 [Thread-297] INFO  impl.RaftServerImpl (RaftServerImpl.java:setRole(174)) - 2281b324-f854-4a95-af39-03dc79ba966d@group-0FE8C2FD7402: changes role from  FOLLOWER to CANDIDATE at term 0 for changeToCandidate
2019-09-28 05:20:16,616 [Thread-297] INFO  impl.RoleInfo (RoleInfo.java:updateAndGet(143)) - 2281b324-f854-4a95-af39-03dc79ba966d: start LeaderElection
2019-09-28 05:20:16,637 [2281b324-f854-4a95-af39-03dc79ba966d@group-0FE8C2FD7402:LeaderElection5] INFO  impl.LeaderElection (LeaderElection.java:askForVotes(182)) - 2281b324-f854-4a95-af39-03dc79ba966d@group-0FE8C2FD7402:LeaderElection5: begin an election at term 1 for -1: [2281b324-f854-4a95-af39-03dc79ba966d:192.168.151.82:46286], old=null
2019-09-28 05:20:16,637 [1081e6c3-a479-41d4-bd3b-fa3b39302f1a@group-C5E4FDE09DC4:LeaderElection4] INFO  impl.LeaderElection (LeaderElection.java:askForVotes(182)) - 1081e6c3-a479-41d4-bd3b-fa3b39302f1a@group-C5E4FDE09DC4:LeaderElection4: begin an election at term 1 for -1: [1081e6c3-a479-41d4-bd3b-fa3b39302f1a:192.168.151.82:41993], old=null
2019-09-28 05:20:16,638 [2281b324-f854-4a95-af39-03dc79ba966d@group-0FE8C2FD7402:LeaderElection5] INFO  impl.RoleInfo (RoleInfo.java:shutdownLeaderElection(134)) - 2281b324-f854-4a95-af39-03dc79ba966d: shutdown LeaderElection
2019-09-28 05:20:16,638 [1081e6c3-a479-41d4-bd3b-fa3b39302f1a@group-C5E4FDE09DC4:LeaderElection4] INFO  impl.RoleInfo (RoleInfo.java:shutdownLeaderElection(134)) - 1081e6c3-a479-41d4-bd3b-fa3b39302f1a: shutdown LeaderElection
2019-09-28 05:20:16,638 [2281b324-f854-4a95-af39-03dc79ba966d@group-0FE8C2FD7402:LeaderElection5] INFO  impl.RaftServerImpl (RaftServerImpl.java:setRole(174)) - 2281b324-f854-4a95-af39-03dc79ba966d@group-0FE8C2FD7402: changes role from CANDIDATE to LEADER at term 1 for changeToLeader
2019-09-28 05:20:16,638 [1081e6c3-a479-41d4-bd3b-fa3b39302f1a@group-C5E4FDE09DC4:LeaderElection4] INFO  impl.RaftServerImpl (RaftServerImpl.java:setRole(174)) - 1081e6c3-a479-41d4-bd3b-fa3b39302f1a@group-C5E4FDE09DC4: changes role from CANDIDATE to LEADER at term 1 for changeToLeader
2019-09-28 05:20:16,638 [2281b324-f854-4a95-af39-03dc79ba966d@group-0FE8C2FD7402:LeaderElection5] INFO  impl.RaftServerImpl (ServerState.java:setLeader(253)) - 2281b324-f854-4a95-af39-03dc79ba966d@group-0FE8C2FD7402: change Leader from null to 2281b324-f854-4a95-af39-03dc79ba966d at term 1 for becomeLeader, leader elected after 5153ms
2019-09-28 05:20:16,638 [1081e6c3-a479-41d4-bd3b-fa3b39302f1a@group-C5E4FDE09DC4:LeaderElection4] INFO  impl.RaftServerImpl (ServerState.java:setLeader(253)) - 1081e6c3-a479-41d4-bd3b-fa3b39302f1a@group-C5E4FDE09DC4: change Leader from null to 1081e6c3-a479-41d4-bd3b-fa3b39302f1a at term 1 for becomeLeader, leader elected after 5231ms
2019-09-28 05:20:16,638 [2281b324-f854-4a95-af39-03dc79ba966d@group-0FE8C2FD7402:LeaderElection5] INFO  server.RaftServerConfigKeys (ConfUtils.java:logGet(43)) - raft.server.staging.catchup.gap = 1000 (default)
2019-09-28 05:20:16,639 [1081e6c3-a479-41d4-bd3b-fa3b39302f1a@group-C5E4FDE09DC4:LeaderElection4] INFO  server.RaftServerConfigKeys (ConfUtils.java:logGet(43)) - raft.server.staging.catchup.gap = 1000 (default)
2019-09-28 05:20:16,639 [2281b324-f854-4a95-af39-03dc79ba966d@group-0FE8C2FD7402:LeaderElection5] INFO  server.RaftServerConfigKeys (ConfUtils.java:logGet(43)) - raft.server.rpc.sleep.time = 25ms (default)
2019-09-28 05:20:16,639 [1081e6c3-a479-41d4-bd3b-fa3b39302f1a@group-C5E4FDE09DC4:LeaderElection4] INFO  server.RaftServerConfigKeys (ConfUtils.java:logGet(43)) - raft.server.rpc.sleep.time = 25ms (default)
2019-09-28 05:20:16,639 [2281b324-f854-4a95-af39-03dc79ba966d@group-0FE8C2FD7402:LeaderElection5] INFO  server.RaftServerConfigKeys (ConfUtils.java:logGet(43)) - raft.server.write.element-limit = 4096 (default)
2019-09-28 05:20:16,639 [1081e6c3-a479-41d4-bd3b-fa3b39302f1a@group-C5E4FDE09DC4:LeaderElection4] INFO  server.RaftServerConfigKeys (ConfUtils.java:logGet(43)) - raft.server.write.element-limit = 4096 (default)
2019-09-28 05:20:16,639 [2281b324-f854-4a95-af39-03dc79ba966d@group-0FE8C2FD7402:LeaderElection5] INFO  server.RaftServerConfigKeys (ConfUtils.java:logGet(43)) - raft.server.watch.timeout = 10s (default)
2019-09-28 05:20:16,640 [1081e6c3-a479-41d4-bd3b-fa3b39302f1a@group-C5E4FDE09DC4:LeaderElection4] INFO  server.RaftServerConfigKeys (ConfUtils.java:logGet(43)) - raft.server.watch.timeout = 10s (default)
2019-09-28 05:20:16,640 [2281b324-f854-4a95-af39-03dc79ba966d@group-0FE8C2FD7402:LeaderElection5] INFO  server.RaftServerConfigKeys (ConfUtils.java:logGet(43)) - raft.server.watch.timeout.denomination = 1s (default)
2019-09-28 05:20:16,640 [1081e6c3-a479-41d4-bd3b-fa3b39302f1a@group-C5E4FDE09DC4:LeaderElection4] INFO  server.RaftServerConfigKeys (ConfUtils.java:logGet(43)) - raft.server.watch.timeout.denomination = 1s (default)
2019-09-28 05:20:16,640 [2281b324-f854-4a95-af39-03dc79ba966d@group-0FE8C2FD7402:LeaderElection5] INFO  server.RaftServerConfigKeys (ConfUtils.java:logGet(43)) - raft.server.watch.element-limit = 65536 (default)
2019-09-28 05:20:16,640 [1081e6c3-a479-41d4-bd3b-fa3b39302f1a@group-C5E4FDE09DC4:LeaderElection4] INFO  server.RaftServerConfigKeys (ConfUtils.java:logGet(43)) - raft.server.watch.element-limit = 65536 (default)
2019-09-28 05:20:16,644 [2281b324-f854-4a95-af39-03dc79ba966d@group-0FE8C2FD7402:LeaderElection5] INFO  impl.RoleInfo (RoleInfo.java:updateAndGet(143)) - 2281b324-f854-4a95-af39-03dc79ba966d: start LeaderState
2019-09-28 05:20:16,644 [1081e6c3-a479-41d4-bd3b-fa3b39302f1a@group-C5E4FDE09DC4:LeaderElection4] INFO  impl.RoleInfo (RoleInfo.java:updateAndGet(143)) - 1081e6c3-a479-41d4-bd3b-fa3b39302f1a: start LeaderState
2019-09-28 05:20:16,645 [2281b324-f854-4a95-af39-03dc79ba966d@group-0FE8C2FD7402:LeaderElection5] INFO  segmented.SegmentedRaftLogWorker (SegmentedRaftLogWorker.java:startLogSegment(380)) - 2281b324-f854-4a95-af39-03dc79ba966d@group-0FE8C2FD7402-SegmentedRaftLogWorker: Starting segment from index:0
2019-09-28 05:20:16,645 [1081e6c3-a479-41d4-bd3b-fa3b39302f1a@group-C5E4FDE09DC4:LeaderElection4] INFO  segmented.SegmentedRaftLogWorker (SegmentedRaftLogWorker.java:startLogSegment(380)) - 1081e6c3-a479-41d4-bd3b-fa3b39302f1a@group-C5E4FDE09DC4-SegmentedRaftLogWorker: Starting segment from index:0
2019-09-28 05:20:16,645 [2281b324-f854-4a95-af39-03dc79ba966d@group-0FE8C2FD7402:LeaderElection5] INFO  impl.RaftServerImpl (ServerState.java:setRaftConf(354)) - 2281b324-f854-4a95-af39-03dc79ba966d@group-0FE8C2FD7402: set configuration 0: [2281b324-f854-4a95-af39-03dc79ba966d:192.168.151.82:46286], old=null at 0
2019-09-28 05:20:16,646 [1081e6c3-a479-41d4-bd3b-fa3b39302f1a@group-C5E4FDE09DC4:LeaderElection4] INFO  impl.RaftServerImpl (ServerState.java:setRaftConf(354)) - 1081e6c3-a479-41d4-bd3b-fa3b39302f1a@group-C5E4FDE09DC4: set configuration 0: [1081e6c3-a479-41d4-bd3b-fa3b39302f1a:192.168.151.82:41993], old=null at 0
2019-09-28 05:20:16,689 [Thread-300] INFO  impl.FollowerState (FollowerState.java:run(106)) - 8e781dd0-206b-4bcd-9fba-4b95742bd983:group-E6B893A801CB changes to CANDIDATE, lastRpcTime:5120, electionTimeout:5083ms
2019-09-28 05:20:16,689 [Thread-300] INFO  impl.RoleInfo (RoleInfo.java:shutdownFollowerState(121)) - 8e781dd0-206b-4bcd-9fba-4b95742bd983: shutdown FollowerState
2019-09-28 05:20:16,689 [Thread-300] INFO  impl.RaftServerImpl (RaftServerImpl.java:setRole(174)) - 8e781dd0-206b-4bcd-9fba-4b95742bd983@group-E6B893A801CB: changes role from  FOLLOWER to CANDIDATE at term 0 for changeToCandidate
2019-09-28 05:20:16,690 [Thread-300] INFO  impl.RoleInfo (RoleInfo.java:updateAndGet(143)) - 8e781dd0-206b-4bcd-9fba-4b95742bd983: start LeaderElection
2019-09-28 05:20:16,725 [Thread-303] INFO  impl.FollowerState (FollowerState.java:run(106)) - 2c46d123-7bf4-4340-80ca-a2d1885ebc1e:group-20936BE24F79 changes to CANDIDATE, lastRpcTime:5079, electionTimeout:5079ms
2019-09-28 05:20:16,725 [Thread-303] INFO  impl.RoleInfo (RoleInfo.java:shutdownFollowerState(121)) - 2c46d123-7bf4-4340-80ca-a2d1885ebc1e: shutdown FollowerState
2019-09-28 05:20:16,725 [Thread-303] INFO  impl.RaftServerImpl (RaftServerImpl.java:setRole(174)) - 2c46d123-7bf4-4340-80ca-a2d1885ebc1e@group-20936BE24F79: changes role from  FOLLOWER to CANDIDATE at term 0 for changeToCandidate
2019-09-28 05:20:16,725 [Thread-303] INFO  impl.RoleInfo (RoleInfo.java:updateAndGet(143)) - 2c46d123-7bf4-4340-80ca-a2d1885ebc1e: start LeaderElection
2019-09-28 05:20:16,743 [1081e6c3-a479-41d4-bd3b-fa3b39302f1a@group-C5E4FDE09DC4-SegmentedRaftLogWorker] INFO  segmented.SegmentedRaftLogWorker (SegmentedRaftLogWorker.java:execute(569)) - 1081e6c3-a479-41d4-bd3b-fa3b39302f1a@group-C5E4FDE09DC4-SegmentedRaftLogWorker: created new log segment /workdir/hadoop-ozone/ozonefs/target/test-dir/MiniOzoneClusterImpl-e9b0d3cb-1d9a-4496-a942-908b9fc97c2b/datanode-9/data/ratis/f6604414-b9be-43b7-aa2b-c5e4fde09dc4/current/log_inprogress_0
2019-09-28 05:20:16,743 [8e781dd0-206b-4bcd-9fba-4b95742bd983@group-E6B893A801CB:LeaderElection6] INFO  impl.LeaderElection (LeaderElection.java:askForVotes(182)) - 8e781dd0-206b-4bcd-9fba-4b95742bd983@group-E6B893A801CB:LeaderElection6: begin an election at term 1 for -1: [8e781dd0-206b-4bcd-9fba-4b95742bd983:192.168.151.82:36797], old=null
2019-09-28 05:20:16,743 [2281b324-f854-4a95-af39-03dc79ba966d@group-0FE8C2FD7402-SegmentedRaftLogWorker] INFO  segmented.SegmentedRaftLogWorker (SegmentedRaftLogWorker.java:execute(569)) - 2281b324-f854-4a95-af39-03dc79ba966d@group-0FE8C2FD7402-SegmentedRaftLogWorker: created new log segment /workdir/hadoop-ozone/ozonefs/target/test-dir/MiniOzoneClusterImpl-e9b0d3cb-1d9a-4496-a942-908b9fc97c2b/datanode-3/data/ratis/36530a7f-c262-4a72-8379-0fe8c2fd7402/current/log_inprogress_0
2019-09-28 05:20:16,744 [8e781dd0-206b-4bcd-9fba-4b95742bd983@group-E6B893A801CB:LeaderElection6] INFO  impl.RoleInfo (RoleInfo.java:shutdownLeaderElection(134)) - 8e781dd0-206b-4bcd-9fba-4b95742bd983: shutdown LeaderElection
2019-09-28 05:20:16,744 [8e781dd0-206b-4bcd-9fba-4b95742bd983@group-E6B893A801CB:LeaderElection6] INFO  impl.RaftServerImpl (RaftServerImpl.java:setRole(174)) - 8e781dd0-206b-4bcd-9fba-4b95742bd983@group-E6B893A801CB: changes role from CANDIDATE to LEADER at term 1 for changeToLeader
2019-09-28 05:20:16,744 [8e781dd0-206b-4bcd-9fba-4b95742bd983@group-E6B893A801CB:LeaderElection6] INFO  impl.RaftServerImpl (ServerState.java:setLeader(253)) - 8e781dd0-206b-4bcd-9fba-4b95742bd983@group-E6B893A801CB: change Leader from null to 8e781dd0-206b-4bcd-9fba-4b95742bd983 at term 1 for becomeLeader, leader elected after 5186ms
2019-09-28 05:20:16,744 [8e781dd0-206b-4bcd-9fba-4b95742bd983@group-E6B893A801CB:LeaderElection6] INFO  server.RaftServerConfigKeys (ConfUtils.java:logGet(43)) - raft.server.staging.catchup.gap = 1000 (default)
2019-09-28 05:20:16,744 [8e781dd0-206b-4bcd-9fba-4b95742bd983@group-E6B893A801CB:LeaderElection6] INFO  server.RaftServerConfigKeys (ConfUtils.java:logGet(43)) - raft.server.rpc.sleep.time = 25ms (default)
2019-09-28 05:20:16,744 [8e781dd0-206b-4bcd-9fba-4b95742bd983@group-E6B893A801CB:LeaderElection6] INFO  server.RaftServerConfigKeys (ConfUtils.java:logGet(43)) - raft.server.write.element-limit = 4096 (default)
2019-09-28 05:20:16,744 [8e781dd0-206b-4bcd-9fba-4b95742bd983@group-E6B893A801CB:LeaderElection6] INFO  server.RaftServerConfigKeys (ConfUtils.java:logGet(43)) - raft.server.watch.timeout = 10s (default)
2019-09-28 05:20:16,745 [8e781dd0-206b-4bcd-9fba-4b95742bd983@group-E6B893A801CB:LeaderElection6] INFO  server.RaftServerConfigKeys (ConfUtils.java:logGet(43)) - raft.server.watch.timeout.denomination = 1s (default)
2019-09-28 05:20:16,745 [8e781dd0-206b-4bcd-9fba-4b95742bd983@group-E6B893A801CB:LeaderElection6] INFO  server.RaftServerConfigKeys (ConfUtils.java:logGet(43)) - raft.server.watch.element-limit = 65536 (default)
2019-09-28 05:20:16,747 [8e781dd0-206b-4bcd-9fba-4b95742bd983@group-E6B893A801CB:LeaderElection6] INFO  impl.RoleInfo (RoleInfo.java:updateAndGet(143)) - 8e781dd0-206b-4bcd-9fba-4b95742bd983: start LeaderState
2019-09-28 05:20:16,747 [8e781dd0-206b-4bcd-9fba-4b95742bd983@group-E6B893A801CB:LeaderElection6] INFO  segmented.SegmentedRaftLogWorker (SegmentedRaftLogWorker.java:startLogSegment(380)) - 8e781dd0-206b-4bcd-9fba-4b95742bd983@group-E6B893A801CB-SegmentedRaftLogWorker: Starting segment from index:0
2019-09-28 05:20:16,747 [8e781dd0-206b-4bcd-9fba-4b95742bd983@group-E6B893A801CB:LeaderElection6] INFO  impl.RaftServerImpl (ServerState.java:setRaftConf(354)) - 8e781dd0-206b-4bcd-9fba-4b95742bd983@group-E6B893A801CB: set configuration 0: [8e781dd0-206b-4bcd-9fba-4b95742bd983:192.168.151.82:36797], old=null at 0
2019-09-28 05:20:16,778 [2c46d123-7bf4-4340-80ca-a2d1885ebc1e@group-20936BE24F79:LeaderElection7] INFO  impl.LeaderElection (LeaderElection.java:askForVotes(182)) - 2c46d123-7bf4-4340-80ca-a2d1885ebc1e@group-20936BE24F79:LeaderElection7: begin an election at term 1 for -1: [2c46d123-7bf4-4340-80ca-a2d1885ebc1e:192.168.151.82:37073], old=null
2019-09-28 05:20:16,778 [2c46d123-7bf4-4340-80ca-a2d1885ebc1e@group-20936BE24F79:LeaderElection7] INFO  impl.RoleInfo (RoleInfo.java:shutdownLeaderElection(134)) - 2c46d123-7bf4-4340-80ca-a2d1885ebc1e: shutdown LeaderElection
2019-09-28 05:20:16,778 [2c46d123-7bf4-4340-80ca-a2d1885ebc1e@group-20936BE24F79:LeaderElection7] INFO  impl.RaftServerImpl (RaftServerImpl.java:setRole(174)) - 2c46d123-7bf4-4340-80ca-a2d1885ebc1e@group-20936BE24F79: changes role from CANDIDATE to LEADER at term 1 for changeToLeader
2019-09-28 05:20:16,778 [2c46d123-7bf4-4340-80ca-a2d1885ebc1e@group-20936BE24F79:LeaderElection7] INFO  impl.RaftServerImpl (ServerState.java:setLeader(253)) - 2c46d123-7bf4-4340-80ca-a2d1885ebc1e@group-20936BE24F79: change Leader from null to 2c46d123-7bf4-4340-80ca-a2d1885ebc1e at term 1 for becomeLeader, leader elected after 5142ms
2019-09-28 05:20:16,778 [2c46d123-7bf4-4340-80ca-a2d1885ebc1e@group-20936BE24F79:LeaderElection7] INFO  server.RaftServerConfigKeys (ConfUtils.java:logGet(43)) - raft.server.staging.catchup.gap = 1000 (default)
2019-09-28 05:20:16,778 [2c46d123-7bf4-4340-80ca-a2d1885ebc1e@group-20936BE24F79:LeaderElection7] INFO  server.RaftServerConfigKeys (ConfUtils.java:logGet(43)) - raft.server.rpc.sleep.time = 25ms (default)
2019-09-28 05:20:16,779 [2c46d123-7bf4-4340-80ca-a2d1885ebc1e@group-20936BE24F79:LeaderElection7] INFO  server.RaftServerConfigKeys (ConfUtils.java:logGet(43)) - raft.server.write.element-limit = 4096 (default)
2019-09-28 05:20:16,779 [2c46d123-7bf4-4340-80ca-a2d1885ebc1e@group-20936BE24F79:LeaderElection7] INFO  server.RaftServerConfigKeys (ConfUtils.java:logGet(43)) - raft.server.watch.timeout = 10s (default)
2019-09-28 05:20:16,779 [2c46d123-7bf4-4340-80ca-a2d1885ebc1e@group-20936BE24F79:LeaderElection7] INFO  server.RaftServerConfigKeys (ConfUtils.java:logGet(43)) - raft.server.watch.timeout.denomination = 1s (default)
2019-09-28 05:20:16,779 [2c46d123-7bf4-4340-80ca-a2d1885ebc1e@group-20936BE24F79:LeaderElection7] INFO  server.RaftServerConfigKeys (ConfUtils.java:logGet(43)) - raft.server.watch.element-limit = 65536 (default)
2019-09-28 05:20:16,781 [2c46d123-7bf4-4340-80ca-a2d1885ebc1e@group-20936BE24F79:LeaderElection7] INFO  impl.RoleInfo (RoleInfo.java:updateAndGet(143)) - 2c46d123-7bf4-4340-80ca-a2d1885ebc1e: start LeaderState
2019-09-28 05:20:16,781 [2c46d123-7bf4-4340-80ca-a2d1885ebc1e@group-20936BE24F79:LeaderElection7] INFO  segmented.SegmentedRaftLogWorker (SegmentedRaftLogWorker.java:startLogSegment(380)) - 2c46d123-7bf4-4340-80ca-a2d1885ebc1e@group-20936BE24F79-SegmentedRaftLogWorker: Starting segment from index:0
2019-09-28 05:20:16,782 [2c46d123-7bf4-4340-80ca-a2d1885ebc1e@group-20936BE24F79:LeaderElection7] INFO  impl.RaftServerImpl (ServerState.java:setRaftConf(354)) - 2c46d123-7bf4-4340-80ca-a2d1885ebc1e@group-20936BE24F79: set configuration 0: [2c46d123-7bf4-4340-80ca-a2d1885ebc1e:192.168.151.82:37073], old=null at 0
2019-09-28 05:20:16,810 [8e781dd0-206b-4bcd-9fba-4b95742bd983@group-E6B893A801CB-SegmentedRaftLogWorker] INFO  segmented.SegmentedRaftLogWorker (SegmentedRaftLogWorker.java:execute(569)) - 8e781dd0-206b-4bcd-9fba-4b95742bd983@group-E6B893A801CB-SegmentedRaftLogWorker: created new log segment /workdir/hadoop-ozone/ozonefs/target/test-dir/MiniOzoneClusterImpl-e9b0d3cb-1d9a-4496-a942-908b9fc97c2b/datanode-2/data/ratis/ff3b9d8b-adef-4cc8-afce-e6b893a801cb/current/log_inprogress_0
2019-09-28 05:20:16,838 [2c46d123-7bf4-4340-80ca-a2d1885ebc1e@group-20936BE24F79-SegmentedRaftLogWorker] INFO  segmented.SegmentedRaftLogWorker (SegmentedRaftLogWorker.java:execute(569)) - 2c46d123-7bf4-4340-80ca-a2d1885ebc1e@group-20936BE24F79-SegmentedRaftLogWorker: created new log segment /workdir/hadoop-ozone/ozonefs/target/test-dir/MiniOzoneClusterImpl-e9b0d3cb-1d9a-4496-a942-908b9fc97c2b/datanode-7/data/ratis/1d2801a3-58b8-4402-a329-20936be24f79/current/log_inprogress_0
2019-09-28 05:20:16,893 [Thread-306] INFO  impl.FollowerState (FollowerState.java:run(106)) - 0ba2b8dd-18f6-415c-ba16-f29fd4260be6:group-6F26932B902F changes to CANDIDATE, lastRpcTime:5160, electionTimeout:5160ms
2019-09-28 05:20:16,894 [Thread-306] INFO  impl.RoleInfo (RoleInfo.java:shutdownFollowerState(121)) - 0ba2b8dd-18f6-415c-ba16-f29fd4260be6: shutdown FollowerState
2019-09-28 05:20:16,894 [Thread-306] INFO  impl.RaftServerImpl (RaftServerImpl.java:setRole(174)) - 0ba2b8dd-18f6-415c-ba16-f29fd4260be6@group-6F26932B902F: changes role from  FOLLOWER to CANDIDATE at term 0 for changeToCandidate
2019-09-28 05:20:16,894 [Thread-306] INFO  impl.RoleInfo (RoleInfo.java:updateAndGet(143)) - 0ba2b8dd-18f6-415c-ba16-f29fd4260be6: start LeaderElection
2019-09-28 05:20:16,971 [0ba2b8dd-18f6-415c-ba16-f29fd4260be6@group-6F26932B902F:LeaderElection8] INFO  impl.LeaderElection (LeaderElection.java:askForVotes(182)) - 0ba2b8dd-18f6-415c-ba16-f29fd4260be6@group-6F26932B902F:LeaderElection8: begin an election at term 1 for -1: [0ba2b8dd-18f6-415c-ba16-f29fd4260be6:192.168.151.82:40559], old=null
2019-09-28 05:20:16,972 [0ba2b8dd-18f6-415c-ba16-f29fd4260be6@group-6F26932B902F:LeaderElection8] INFO  impl.RoleInfo (RoleInfo.java:shutdownLeaderElection(134)) - 0ba2b8dd-18f6-415c-ba16-f29fd4260be6: shutdown LeaderElection
2019-09-28 05:20:16,972 [0ba2b8dd-18f6-415c-ba16-f29fd4260be6@group-6F26932B902F:LeaderElection8] INFO  impl.RaftServerImpl (RaftServerImpl.java:setRole(174)) - 0ba2b8dd-18f6-415c-ba16-f29fd4260be6@group-6F26932B902F: changes role from CANDIDATE to LEADER at term 1 for changeToLeader
2019-09-28 05:20:16,972 [0ba2b8dd-18f6-415c-ba16-f29fd4260be6@group-6F26932B902F:LeaderElection8] INFO  impl.RaftServerImpl (ServerState.java:setLeader(253)) - 0ba2b8dd-18f6-415c-ba16-f29fd4260be6@group-6F26932B902F: change Leader from null to 0ba2b8dd-18f6-415c-ba16-f29fd4260be6 at term 1 for becomeLeader, leader elected after 5249ms
2019-09-28 05:20:16,972 [0ba2b8dd-18f6-415c-ba16-f29fd4260be6@group-6F26932B902F:LeaderElection8] INFO  server.RaftServerConfigKeys (ConfUtils.java:logGet(43)) - raft.server.staging.catchup.gap = 1000 (default)
2019-09-28 05:20:16,973 [0ba2b8dd-18f6-415c-ba16-f29fd4260be6@group-6F26932B902F:LeaderElection8] INFO  server.RaftServerConfigKeys (ConfUtils.java:logGet(43)) - raft.server.rpc.sleep.time = 25ms (default)
2019-09-28 05:20:16,973 [0ba2b8dd-18f6-415c-ba16-f29fd4260be6@group-6F26932B902F:LeaderElection8] INFO  server.RaftServerConfigKeys (ConfUtils.java:logGet(43)) - raft.server.write.element-limit = 4096 (default)
2019-09-28 05:20:16,973 [0ba2b8dd-18f6-415c-ba16-f29fd4260be6@group-6F26932B902F:LeaderElection8] INFO  server.RaftServerConfigKeys (ConfUtils.java:logGet(43)) - raft.server.watch.timeout = 10s (default)
2019-09-28 05:20:16,973 [0ba2b8dd-18f6-415c-ba16-f29fd4260be6@group-6F26932B902F:LeaderElection8] INFO  server.RaftServerConfigKeys (ConfUtils.java:logGet(43)) - raft.server.watch.timeout.denomination = 1s (default)
2019-09-28 05:20:16,973 [0ba2b8dd-18f6-415c-ba16-f29fd4260be6@group-6F26932B902F:LeaderElection8] INFO  server.RaftServerConfigKeys (ConfUtils.java:logGet(43)) - raft.server.watch.element-limit = 65536 (default)
2019-09-28 05:20:16,977 [0ba2b8dd-18f6-415c-ba16-f29fd4260be6@group-6F26932B902F:LeaderElection8] INFO  impl.RoleInfo (RoleInfo.java:updateAndGet(143)) - 0ba2b8dd-18f6-415c-ba16-f29fd4260be6: start LeaderState
2019-09-28 05:20:16,977 [0ba2b8dd-18f6-415c-ba16-f29fd4260be6@group-6F26932B902F:LeaderElection8] INFO  segmented.SegmentedRaftLogWorker (SegmentedRaftLogWorker.java:startLogSegment(380)) - 0ba2b8dd-18f6-415c-ba16-f29fd4260be6@group-6F26932B902F-SegmentedRaftLogWorker: Starting segment from index:0
2019-09-28 05:20:16,978 [0ba2b8dd-18f6-415c-ba16-f29fd4260be6@group-6F26932B902F:LeaderElection8] INFO  impl.RaftServerImpl (ServerState.java:setRaftConf(354)) - 0ba2b8dd-18f6-415c-ba16-f29fd4260be6@group-6F26932B902F: set configuration 0: [0ba2b8dd-18f6-415c-ba16-f29fd4260be6:192.168.151.82:40559], old=null at 0
2019-09-28 05:20:17,023 [Thread-309] INFO  impl.FollowerState (FollowerState.java:run(106)) - df93b021-79d7-434f-92a0-2f93bc69c3ad:group-632382EFC72F changes to CANDIDATE, lastRpcTime:5177, electionTimeout:5162ms
2019-09-28 05:20:17,023 [Thread-309] INFO  impl.RoleInfo (RoleInfo.java:shutdownFollowerState(121)) - df93b021-79d7-434f-92a0-2f93bc69c3ad: shutdown FollowerState
2019-09-28 05:20:17,023 [Thread-309] INFO  impl.RaftServerImpl (RaftServerImpl.java:setRole(174)) - df93b021-79d7-434f-92a0-2f93bc69c3ad@group-632382EFC72F: changes role from  FOLLOWER to CANDIDATE at term 0 for changeToCandidate
2019-09-28 05:20:17,024 [Thread-309] INFO  impl.RoleInfo (RoleInfo.java:updateAndGet(143)) - df93b021-79d7-434f-92a0-2f93bc69c3ad: start LeaderElection
2019-09-28 05:20:17,074 [0ba2b8dd-18f6-415c-ba16-f29fd4260be6@group-6F26932B902F-SegmentedRaftLogWorker] INFO  segmented.SegmentedRaftLogWorker (SegmentedRaftLogWorker.java:execute(569)) - 0ba2b8dd-18f6-415c-ba16-f29fd4260be6@group-6F26932B902F-SegmentedRaftLogWorker: created new log segment /workdir/hadoop-ozone/ozonefs/target/test-dir/MiniOzoneClusterImpl-e9b0d3cb-1d9a-4496-a942-908b9fc97c2b/datanode-5/data/ratis/b8ada5b7-c081-4e63-8d7b-6f26932b902f/current/log_inprogress_0
2019-09-28 05:20:17,074 [df93b021-79d7-434f-92a0-2f93bc69c3ad@group-632382EFC72F:LeaderElection9] INFO  impl.LeaderElection (LeaderElection.java:askForVotes(182)) - df93b021-79d7-434f-92a0-2f93bc69c3ad@group-632382EFC72F:LeaderElection9: begin an election at term 1 for -1: [df93b021-79d7-434f-92a0-2f93bc69c3ad:192.168.151.82:40601], old=null
2019-09-28 05:20:17,074 [df93b021-79d7-434f-92a0-2f93bc69c3ad@group-632382EFC72F:LeaderElection9] INFO  impl.RoleInfo (RoleInfo.java:shutdownLeaderElection(134)) - df93b021-79d7-434f-92a0-2f93bc69c3ad: shutdown LeaderElection
2019-09-28 05:20:17,074 [df93b021-79d7-434f-92a0-2f93bc69c3ad@group-632382EFC72F:LeaderElection9] INFO  impl.RaftServerImpl (RaftServerImpl.java:setRole(174)) - df93b021-79d7-434f-92a0-2f93bc69c3ad@group-632382EFC72F: changes role from CANDIDATE to LEADER at term 1 for changeToLeader
2019-09-28 05:20:17,074 [df93b021-79d7-434f-92a0-2f93bc69c3ad@group-632382EFC72F:LeaderElection9] INFO  impl.RaftServerImpl (ServerState.java:setLeader(253)) - df93b021-79d7-434f-92a0-2f93bc69c3ad@group-632382EFC72F: change Leader from null to df93b021-79d7-434f-92a0-2f93bc69c3ad at term 1 for becomeLeader, leader elected after 5237ms
2019-09-28 05:20:17,075 [df93b021-79d7-434f-92a0-2f93bc69c3ad@group-632382EFC72F:LeaderElection9] INFO  server.RaftServerConfigKeys (ConfUtils.java:logGet(43)) - raft.server.staging.catchup.gap = 1000 (default)
2019-09-28 05:20:17,075 [df93b021-79d7-434f-92a0-2f93bc69c3ad@group-632382EFC72F:LeaderElection9] INFO  server.RaftServerConfigKeys (ConfUtils.java:logGet(43)) - raft.server.rpc.sleep.time = 25ms (default)
2019-09-28 05:20:17,075 [df93b021-79d7-434f-92a0-2f93bc69c3ad@group-632382EFC72F:LeaderElection9] INFO  server.RaftServerConfigKeys (ConfUtils.java:logGet(43)) - raft.server.write.element-limit = 4096 (default)
2019-09-28 05:20:17,075 [df93b021-79d7-434f-92a0-2f93bc69c3ad@group-632382EFC72F:LeaderElection9] INFO  server.RaftServerConfigKeys (ConfUtils.java:logGet(43)) - raft.server.watch.timeout = 10s (default)
2019-09-28 05:20:17,076 [df93b021-79d7-434f-92a0-2f93bc69c3ad@group-632382EFC72F:LeaderElection9] INFO  server.RaftServerConfigKeys (ConfUtils.java:logGet(43)) - raft.server.watch.timeout.denomination = 1s (default)
2019-09-28 05:20:17,076 [df93b021-79d7-434f-92a0-2f93bc69c3ad@group-632382EFC72F:LeaderElection9] INFO  server.RaftServerConfigKeys (ConfUtils.java:logGet(43)) - raft.server.watch.element-limit = 65536 (default)
2019-09-28 05:20:17,079 [df93b021-79d7-434f-92a0-2f93bc69c3ad@group-632382EFC72F:LeaderElection9] INFO  impl.RoleInfo (RoleInfo.java:updateAndGet(143)) - df93b021-79d7-434f-92a0-2f93bc69c3ad: start LeaderState
2019-09-28 05:20:17,080 [df93b021-79d7-434f-92a0-2f93bc69c3ad@group-632382EFC72F:LeaderElection9] INFO  segmented.SegmentedRaftLogWorker (SegmentedRaftLogWorker.java:startLogSegment(380)) - df93b021-79d7-434f-92a0-2f93bc69c3ad@group-632382EFC72F-SegmentedRaftLogWorker: Starting segment from index:0
2019-09-28 05:20:17,080 [df93b021-79d7-434f-92a0-2f93bc69c3ad@group-632382EFC72F:LeaderElection9] INFO  impl.RaftServerImpl (ServerState.java:setRaftConf(354)) - df93b021-79d7-434f-92a0-2f93bc69c3ad@group-632382EFC72F: set configuration 0: [df93b021-79d7-434f-92a0-2f93bc69c3ad:192.168.151.82:40601], old=null at 0
2019-09-28 05:20:17,117 [Thread-312] INFO  impl.FollowerState (FollowerState.java:run(106)) - 41214e76-7810-48ed-8d90-f7ee0082eb9b:group-343F240BFB48 changes to CANDIDATE, lastRpcTime:5180, electionTimeout:5179ms
2019-09-28 05:20:17,117 [Thread-312] INFO  impl.RoleInfo (RoleInfo.java:shutdownFollowerState(121)) - 41214e76-7810-48ed-8d90-f7ee0082eb9b: shutdown FollowerState
2019-09-28 05:20:17,117 [Thread-312] INFO  impl.RaftServerImpl (RaftServerImpl.java:setRole(174)) - 41214e76-7810-48ed-8d90-f7ee0082eb9b@group-343F240BFB48: changes role from  FOLLOWER to CANDIDATE at term 0 for changeToCandidate
2019-09-28 05:20:17,117 [main] INFO  ipc.Client (Client.java:handleConnectionFailure(948)) - Retrying connect to server: localhost/127.0.0.1:0. Already tried 4 time(s); retry policy is RetryUpToMaximumCountWithFixedSleep(maxRetries=10, sleepTime=1000 MILLISECONDS)
2019-09-28 05:20:17,117 [Thread-312] INFO  impl.RoleInfo (RoleInfo.java:updateAndGet(143)) - 41214e76-7810-48ed-8d90-f7ee0082eb9b: start LeaderElection
2019-09-28 05:20:17,146 [df93b021-79d7-434f-92a0-2f93bc69c3ad@group-632382EFC72F-SegmentedRaftLogWorker] INFO  segmented.SegmentedRaftLogWorker (SegmentedRaftLogWorker.java:execute(569)) - df93b021-79d7-434f-92a0-2f93bc69c3ad@group-632382EFC72F-SegmentedRaftLogWorker: created new log segment /workdir/hadoop-ozone/ozonefs/target/test-dir/MiniOzoneClusterImpl-e9b0d3cb-1d9a-4496-a942-908b9fc97c2b/datanode-1/data/ratis/4bb00608-3e9e-4d7a-a06e-632382efc72f/current/log_inprogress_0
2019-09-28 05:20:17,147 [41214e76-7810-48ed-8d90-f7ee0082eb9b@group-343F240BFB48:LeaderElection10] INFO  impl.LeaderElection (LeaderElection.java:askForVotes(182)) - 41214e76-7810-48ed-8d90-f7ee0082eb9b@group-343F240BFB48:LeaderElection10: begin an election at term 1 for -1: [41214e76-7810-48ed-8d90-f7ee0082eb9b:192.168.151.82:43991], old=null
2019-09-28 05:20:17,147 [41214e76-7810-48ed-8d90-f7ee0082eb9b@group-343F240BFB48:LeaderElection10] INFO  impl.RoleInfo (RoleInfo.java:shutdownLeaderElection(134)) - 41214e76-7810-48ed-8d90-f7ee0082eb9b: shutdown LeaderElection
2019-09-28 05:20:17,147 [Thread-329] INFO  impl.FollowerState (FollowerState.java:run(106)) - 2c46d123-7bf4-4340-80ca-a2d1885ebc1e:group-69C14BF87897 changes to CANDIDATE, lastRpcTime:5011, electionTimeout:5011ms
2019-09-28 05:20:17,147 [41214e76-7810-48ed-8d90-f7ee0082eb9b@group-343F240BFB48:LeaderElection10] INFO  impl.RaftServerImpl (RaftServerImpl.java:setRole(174)) - 41214e76-7810-48ed-8d90-f7ee0082eb9b@group-343F240BFB48: changes role from CANDIDATE to LEADER at term 1 for changeToLeader
2019-09-28 05:20:17,147 [41214e76-7810-48ed-8d90-f7ee0082eb9b@group-343F240BFB48:LeaderElection10] INFO  impl.RaftServerImpl (ServerState.java:setLeader(253)) - 41214e76-7810-48ed-8d90-f7ee0082eb9b@group-343F240BFB48: change Leader from null to 41214e76-7810-48ed-8d90-f7ee0082eb9b at term 1 for becomeLeader, leader elected after 5224ms
2019-09-28 05:20:17,147 [Thread-329] INFO  impl.RoleInfo (RoleInfo.java:shutdownFollowerState(121)) - 2c46d123-7bf4-4340-80ca-a2d1885ebc1e: shutdown FollowerState
2019-09-28 05:20:17,147 [41214e76-7810-48ed-8d90-f7ee0082eb9b@group-343F240BFB48:LeaderElection10] INFO  server.RaftServerConfigKeys (ConfUtils.java:logGet(43)) - raft.server.staging.catchup.gap = 1000 (default)
2019-09-28 05:20:17,148 [Thread-329] INFO  impl.RaftServerImpl (RaftServerImpl.java:setRole(174)) - 2c46d123-7bf4-4340-80ca-a2d1885ebc1e@group-69C14BF87897: changes role from  FOLLOWER to CANDIDATE at term 0 for changeToCandidate
2019-09-28 05:20:17,148 [41214e76-7810-48ed-8d90-f7ee0082eb9b@group-343F240BFB48:LeaderElection10] INFO  server.RaftServerConfigKeys (ConfUtils.java:logGet(43)) - raft.server.rpc.sleep.time = 25ms (default)
2019-09-28 05:20:17,148 [Thread-329] INFO  impl.RoleInfo (RoleInfo.java:updateAndGet(143)) - 2c46d123-7bf4-4340-80ca-a2d1885ebc1e: start LeaderElection
2019-09-28 05:20:17,148 [41214e76-7810-48ed-8d90-f7ee0082eb9b@group-343F240BFB48:LeaderElection10] INFO  server.RaftServerConfigKeys (ConfUtils.java:logGet(43)) - raft.server.write.element-limit = 4096 (default)
2019-09-28 05:20:17,148 [41214e76-7810-48ed-8d90-f7ee0082eb9b@group-343F240BFB48:LeaderElection10] INFO  server.RaftServerConfigKeys (ConfUtils.java:logGet(43)) - raft.server.watch.timeout = 10s (default)
2019-09-28 05:20:17,153 [41214e76-7810-48ed-8d90-f7ee0082eb9b@group-343F240BFB48:LeaderElection10] INFO  server.RaftServerConfigKeys (ConfUtils.java:logGet(43)) - raft.server.watch.timeout.denomination = 1s (default)
2019-09-28 05:20:17,154 [41214e76-7810-48ed-8d90-f7ee0082eb9b@group-343F240BFB48:LeaderElection10] INFO  server.RaftServerConfigKeys (ConfUtils.java:logGet(43)) - raft.server.watch.element-limit = 65536 (default)
2019-09-28 05:20:17,157 [41214e76-7810-48ed-8d90-f7ee0082eb9b@group-343F240BFB48:LeaderElection10] INFO  impl.RoleInfo (RoleInfo.java:updateAndGet(143)) - 41214e76-7810-48ed-8d90-f7ee0082eb9b: start LeaderState
2019-09-28 05:20:17,157 [41214e76-7810-48ed-8d90-f7ee0082eb9b@group-343F240BFB48:LeaderElection10] INFO  segmented.SegmentedRaftLogWorker (SegmentedRaftLogWorker.java:startLogSegment(380)) - 41214e76-7810-48ed-8d90-f7ee0082eb9b@group-343F240BFB48-SegmentedRaftLogWorker: Starting segment from index:0
2019-09-28 05:20:17,158 [41214e76-7810-48ed-8d90-f7ee0082eb9b@group-343F240BFB48:LeaderElection10] INFO  impl.RaftServerImpl (ServerState.java:setRaftConf(354)) - 41214e76-7810-48ed-8d90-f7ee0082eb9b@group-343F240BFB48: set configuration 0: [41214e76-7810-48ed-8d90-f7ee0082eb9b:192.168.151.82:43991], old=null at 0
2019-09-28 05:20:17,197 [Thread-331] INFO  impl.FollowerState (FollowerState.java:run(106)) - 8e781dd0-206b-4bcd-9fba-4b95742bd983:group-69C14BF87897 changes to CANDIDATE, lastRpcTime:5044, electionTimeout:5040ms
2019-09-28 05:20:17,197 [Thread-319] INFO  impl.FollowerState (FollowerState.java:run(106)) - 1081e6c3-a479-41d4-bd3b-fa3b39302f1a:group-EAC0867A6D39 changes to CANDIDATE, lastRpcTime:5165, electionTimeout:5144ms
2019-09-28 05:20:17,197 [2c46d123-7bf4-4340-80ca-a2d1885ebc1e@group-69C14BF87897:LeaderElection11] INFO  impl.LeaderElection (LeaderElection.java:askForVotes(182)) - 2c46d123-7bf4-4340-80ca-a2d1885ebc1e@group-69C14BF87897:LeaderElection11: begin an election at term 1 for -1: [8e781dd0-206b-4bcd-9fba-4b95742bd983:192.168.151.82:36797, 2c46d123-7bf4-4340-80ca-a2d1885ebc1e:192.168.151.82:37073, 2281b324-f854-4a95-af39-03dc79ba966d:192.168.151.82:46286], old=null
2019-09-28 05:20:17,197 [Thread-319] INFO  impl.RoleInfo (RoleInfo.java:shutdownFollowerState(121)) - 1081e6c3-a479-41d4-bd3b-fa3b39302f1a: shutdown FollowerState
2019-09-28 05:20:17,197 [Thread-331] INFO  impl.RoleInfo (RoleInfo.java:shutdownFollowerState(121)) - 8e781dd0-206b-4bcd-9fba-4b95742bd983: shutdown FollowerState
2019-09-28 05:20:17,197 [Thread-319] INFO  impl.RaftServerImpl (RaftServerImpl.java:setRole(174)) - 1081e6c3-a479-41d4-bd3b-fa3b39302f1a@group-EAC0867A6D39: changes role from  FOLLOWER to CANDIDATE at term 0 for changeToCandidate
2019-09-28 05:20:17,198 [Thread-331] INFO  impl.RaftServerImpl (RaftServerImpl.java:setRole(174)) - 8e781dd0-206b-4bcd-9fba-4b95742bd983@group-69C14BF87897: changes role from  FOLLOWER to CANDIDATE at term 0 for changeToCandidate
2019-09-28 05:20:17,198 [Thread-319] INFO  impl.RoleInfo (RoleInfo.java:updateAndGet(143)) - 1081e6c3-a479-41d4-bd3b-fa3b39302f1a: start LeaderElection
2019-09-28 05:20:17,198 [Thread-331] INFO  impl.RoleInfo (RoleInfo.java:updateAndGet(143)) - 8e781dd0-206b-4bcd-9fba-4b95742bd983: start LeaderElection
2019-09-28 05:20:17,210 [Thread-321] INFO  impl.FollowerState (FollowerState.java:run(106)) - 3146fa5d-e5c6-4e63-841a-7d53ea24ae40:group-EAC0867A6D39 changes to CANDIDATE, lastRpcTime:5158, electionTimeout:5157ms
2019-09-28 05:20:17,210 [Thread-321] INFO  impl.RoleInfo (RoleInfo.java:shutdownFollowerState(121)) - 3146fa5d-e5c6-4e63-841a-7d53ea24ae40: shutdown FollowerState
2019-09-28 05:20:17,213 [Thread-321] INFO  impl.RaftServerImpl (RaftServerImpl.java:setRole(174)) - 3146fa5d-e5c6-4e63-841a-7d53ea24ae40@group-EAC0867A6D39: changes role from  FOLLOWER to CANDIDATE at term 0 for changeToCandidate
2019-09-28 05:20:17,213 [Thread-321] INFO  impl.RoleInfo (RoleInfo.java:updateAndGet(143)) - 3146fa5d-e5c6-4e63-841a-7d53ea24ae40: start LeaderElection
2019-09-28 05:20:17,219 [Thread-317] INFO  impl.FollowerState (FollowerState.java:run(106)) - b872e21c-1358-4bb4-b15c-ab96323b2cb2:group-EAC0867A6D39 changes to CANDIDATE, lastRpcTime:5188, electionTimeout:5187ms
2019-09-28 05:20:17,219 [Thread-317] INFO  impl.RoleInfo (RoleInfo.java:shutdownFollowerState(121)) - b872e21c-1358-4bb4-b15c-ab96323b2cb2: shutdown FollowerState
2019-09-28 05:20:17,219 [Thread-317] INFO  impl.RaftServerImpl (RaftServerImpl.java:setRole(174)) - b872e21c-1358-4bb4-b15c-ab96323b2cb2@group-EAC0867A6D39: changes role from  FOLLOWER to CANDIDATE at term 0 for changeToCandidate
2019-09-28 05:20:17,220 [Thread-317] INFO  impl.RoleInfo (RoleInfo.java:updateAndGet(143)) - b872e21c-1358-4bb4-b15c-ab96323b2cb2: start LeaderElection
2019-09-28 05:20:17,228 [41214e76-7810-48ed-8d90-f7ee0082eb9b@group-343F240BFB48-SegmentedRaftLogWorker] INFO  segmented.SegmentedRaftLogWorker (SegmentedRaftLogWorker.java:execute(569)) - 41214e76-7810-48ed-8d90-f7ee0082eb9b@group-343F240BFB48-SegmentedRaftLogWorker: created new log segment /workdir/hadoop-ozone/ozonefs/target/test-dir/MiniOzoneClusterImpl-e9b0d3cb-1d9a-4496-a942-908b9fc97c2b/datanode-8/data/ratis/6e1ea668-136e-4cd9-8ce0-343f240bfb48/current/log_inprogress_0
2019-09-28 05:20:17,243 [3146fa5d-e5c6-4e63-841a-7d53ea24ae40@group-EAC0867A6D39:LeaderElection14] INFO  impl.LeaderElection (LeaderElection.java:askForVotes(182)) - 3146fa5d-e5c6-4e63-841a-7d53ea24ae40@group-EAC0867A6D39:LeaderElection14: begin an election at term 1 for -1: [b872e21c-1358-4bb4-b15c-ab96323b2cb2:192.168.151.82:40730, 1081e6c3-a479-41d4-bd3b-fa3b39302f1a:192.168.151.82:41993, 3146fa5d-e5c6-4e63-841a-7d53ea24ae40:192.168.151.82:37509], old=null
2019-09-28 05:20:17,243 [8e781dd0-206b-4bcd-9fba-4b95742bd983@group-69C14BF87897:LeaderElection13] INFO  impl.LeaderElection (LeaderElection.java:askForVotes(182)) - 8e781dd0-206b-4bcd-9fba-4b95742bd983@group-69C14BF87897:LeaderElection13: begin an election at term 1 for -1: [8e781dd0-206b-4bcd-9fba-4b95742bd983:192.168.151.82:36797, 2c46d123-7bf4-4340-80ca-a2d1885ebc1e:192.168.151.82:37073, 2281b324-f854-4a95-af39-03dc79ba966d:192.168.151.82:46286], old=null
2019-09-28 05:20:17,243 [1081e6c3-a479-41d4-bd3b-fa3b39302f1a@group-EAC0867A6D39:LeaderElection12] INFO  impl.LeaderElection (LeaderElection.java:askForVotes(182)) - 1081e6c3-a479-41d4-bd3b-fa3b39302f1a@group-EAC0867A6D39:LeaderElection12: begin an election at term 1 for -1: [b872e21c-1358-4bb4-b15c-ab96323b2cb2:192.168.151.82:40730, 1081e6c3-a479-41d4-bd3b-fa3b39302f1a:192.168.151.82:41993, 3146fa5d-e5c6-4e63-841a-7d53ea24ae40:192.168.151.82:37509], old=null
2019-09-28 05:20:17,243 [b872e21c-1358-4bb4-b15c-ab96323b2cb2@group-EAC0867A6D39:LeaderElection15] INFO  impl.LeaderElection (LeaderElection.java:askForVotes(182)) - b872e21c-1358-4bb4-b15c-ab96323b2cb2@group-EAC0867A6D39:LeaderElection15: begin an election at term 1 for -1: [b872e21c-1358-4bb4-b15c-ab96323b2cb2:192.168.151.82:40730, 1081e6c3-a479-41d4-bd3b-fa3b39302f1a:192.168.151.82:41993, 3146fa5d-e5c6-4e63-841a-7d53ea24ae40:192.168.151.82:37509], old=null
2019-09-28 05:20:17,255 [Thread-326] INFO  impl.FollowerState (FollowerState.java:run(106)) - 2281b324-f854-4a95-af39-03dc79ba966d:group-69C14BF87897 changes to CANDIDATE, lastRpcTime:5120, electionTimeout:5119ms
2019-09-28 05:20:17,257 [Thread-326] INFO  impl.RoleInfo (RoleInfo.java:shutdownFollowerState(121)) - 2281b324-f854-4a95-af39-03dc79ba966d: shutdown FollowerState
2019-09-28 05:20:17,257 [Thread-326] INFO  impl.RaftServerImpl (RaftServerImpl.java:setRole(174)) - 2281b324-f854-4a95-af39-03dc79ba966d@group-69C14BF87897: changes role from  FOLLOWER to CANDIDATE at term 0 for changeToCandidate
2019-09-28 05:20:17,260 [Thread-326] INFO  impl.RoleInfo (RoleInfo.java:updateAndGet(143)) - 2281b324-f854-4a95-af39-03dc79ba966d: start LeaderElection
2019-09-28 05:20:17,274 [Thread-336] INFO  impl.FollowerState (FollowerState.java:run(106)) - 0ba2b8dd-18f6-415c-ba16-f29fd4260be6:group-4A430A7D4CD7 changes to CANDIDATE, lastRpcTime:5044, electionTimeout:5044ms
2019-09-28 05:20:17,275 [Thread-336] INFO  impl.RoleInfo (RoleInfo.java:shutdownFollowerState(121)) - 0ba2b8dd-18f6-415c-ba16-f29fd4260be6: shutdown FollowerState
2019-09-28 05:20:17,275 [Thread-336] INFO  impl.RaftServerImpl (RaftServerImpl.java:setRole(174)) - 0ba2b8dd-18f6-415c-ba16-f29fd4260be6@group-4A430A7D4CD7: changes role from  FOLLOWER to CANDIDATE at term 0 for changeToCandidate
2019-09-28 05:20:17,275 [Thread-336] INFO  impl.RoleInfo (RoleInfo.java:updateAndGet(143)) - 0ba2b8dd-18f6-415c-ba16-f29fd4260be6: start LeaderElection
2019-09-28 05:20:17,326 [2281b324-f854-4a95-af39-03dc79ba966d@group-69C14BF87897:LeaderElection16] INFO  impl.LeaderElection (LeaderElection.java:askForVotes(182)) - 2281b324-f854-4a95-af39-03dc79ba966d@group-69C14BF87897:LeaderElection16: begin an election at term 1 for -1: [8e781dd0-206b-4bcd-9fba-4b95742bd983:192.168.151.82:36797, 2c46d123-7bf4-4340-80ca-a2d1885ebc1e:192.168.151.82:37073, 2281b324-f854-4a95-af39-03dc79ba966d:192.168.151.82:46286], old=null
2019-09-28 05:20:17,330 [Thread-339] INFO  impl.FollowerState (FollowerState.java:run(106)) - df93b021-79d7-434f-92a0-2f93bc69c3ad:group-4A430A7D4CD7 changes to CANDIDATE, lastRpcTime:5088, electionTimeout:5086ms
2019-09-28 05:20:17,334 [Thread-339] INFO  impl.RoleInfo (RoleInfo.java:shutdownFollowerState(121)) - df93b021-79d7-434f-92a0-2f93bc69c3ad: shutdown FollowerState
2019-09-28 05:20:17,334 [Thread-339] INFO  impl.RaftServerImpl (RaftServerImpl.java:setRole(174)) - df93b021-79d7-434f-92a0-2f93bc69c3ad@group-4A430A7D4CD7: changes role from  FOLLOWER to CANDIDATE at term 0 for changeToCandidate
2019-09-28 05:20:17,334 [Thread-339] INFO  impl.RoleInfo (RoleInfo.java:updateAndGet(143)) - df93b021-79d7-434f-92a0-2f93bc69c3ad: start LeaderElection
2019-09-28 05:20:17,343 [8e781dd0-206b-4bcd-9fba-4b95742bd983@group-69C14BF87897:LeaderElection13] INFO  impl.LeaderElection (LeaderElection.java:logAndReturn(56)) - 8e781dd0-206b-4bcd-9fba-4b95742bd983@group-69C14BF87897:LeaderElection13: Election REJECTED; received 2 response(s) [8e781dd0-206b-4bcd-9fba-4b95742bd983<-2c46d123-7bf4-4340-80ca-a2d1885ebc1e#0:FAIL-t1, 8e781dd0-206b-4bcd-9fba-4b95742bd983<-2281b324-f854-4a95-af39-03dc79ba966d#0:FAIL-t1] and 0 exception(s); 8e781dd0-206b-4bcd-9fba-4b95742bd983@group-69C14BF87897:t1, leader=null, voted=8e781dd0-206b-4bcd-9fba-4b95742bd983, raftlog=8e781dd0-206b-4bcd-9fba-4b95742bd983@group-69C14BF87897-SegmentedRaftLog:OPENED:c-1,f-1,i0, conf=-1: [8e781dd0-206b-4bcd-9fba-4b95742bd983:192.168.151.82:36797, 2c46d123-7bf4-4340-80ca-a2d1885ebc1e:192.168.151.82:37073, 2281b324-f854-4a95-af39-03dc79ba966d:192.168.151.82:46286], old=null
2019-09-28 05:20:17,343 [1081e6c3-a479-41d4-bd3b-fa3b39302f1a@group-EAC0867A6D39:LeaderElection12] INFO  impl.LeaderElection (LeaderElection.java:logAndReturn(56)) - 1081e6c3-a479-41d4-bd3b-fa3b39302f1a@group-EAC0867A6D39:LeaderElection12: Election REJECTED; received 2 response(s) [1081e6c3-a479-41d4-bd3b-fa3b39302f1a<-b872e21c-1358-4bb4-b15c-ab96323b2cb2#0:FAIL-t1, 1081e6c3-a479-41d4-bd3b-fa3b39302f1a<-3146fa5d-e5c6-4e63-841a-7d53ea24ae40#0:FAIL-t1] and 0 exception(s); 1081e6c3-a479-41d4-bd3b-fa3b39302f1a@group-EAC0867A6D39:t1, leader=null, voted=1081e6c3-a479-41d4-bd3b-fa3b39302f1a, raftlog=1081e6c3-a479-41d4-bd3b-fa3b39302f1a@group-EAC0867A6D39-SegmentedRaftLog:OPENED:c-1,f-1,i0, conf=-1: [b872e21c-1358-4bb4-b15c-ab96323b2cb2:192.168.151.82:40730, 1081e6c3-a479-41d4-bd3b-fa3b39302f1a:192.168.151.82:41993, 3146fa5d-e5c6-4e63-841a-7d53ea24ae40:192.168.151.82:37509], old=null
2019-09-28 05:20:17,343 [b872e21c-1358-4bb4-b15c-ab96323b2cb2@group-EAC0867A6D39:LeaderElection15] INFO  impl.LeaderElection (LeaderElection.java:logAndReturn(56)) - b872e21c-1358-4bb4-b15c-ab96323b2cb2@group-EAC0867A6D39:LeaderElection15: Election REJECTED; received 2 response(s) [b872e21c-1358-4bb4-b15c-ab96323b2cb2<-1081e6c3-a479-41d4-bd3b-fa3b39302f1a#0:FAIL-t1, b872e21c-1358-4bb4-b15c-ab96323b2cb2<-3146fa5d-e5c6-4e63-841a-7d53ea24ae40#0:FAIL-t1] and 0 exception(s); b872e21c-1358-4bb4-b15c-ab96323b2cb2@group-EAC0867A6D39:t1, leader=null, voted=b872e21c-1358-4bb4-b15c-ab96323b2cb2, raftlog=b872e21c-1358-4bb4-b15c-ab96323b2cb2@group-EAC0867A6D39-SegmentedRaftLog:OPENED:c-1,f-1,i0, conf=-1: [b872e21c-1358-4bb4-b15c-ab96323b2cb2:192.168.151.82:40730, 1081e6c3-a479-41d4-bd3b-fa3b39302f1a:192.168.151.82:41993, 3146fa5d-e5c6-4e63-841a-7d53ea24ae40:192.168.151.82:37509], old=null
2019-09-28 05:20:17,343 [2c46d123-7bf4-4340-80ca-a2d1885ebc1e@group-69C14BF87897:LeaderElection11] INFO  impl.LeaderElection (LeaderElection.java:logAndReturn(56)) - 2c46d123-7bf4-4340-80ca-a2d1885ebc1e@group-69C14BF87897:LeaderElection11: Election REJECTED; received 2 response(s) [2c46d123-7bf4-4340-80ca-a2d1885ebc1e<-8e781dd0-206b-4bcd-9fba-4b95742bd983#0:FAIL-t1, 2c46d123-7bf4-4340-80ca-a2d1885ebc1e<-2281b324-f854-4a95-af39-03dc79ba966d#0:FAIL-t1] and 0 exception(s); 2c46d123-7bf4-4340-80ca-a2d1885ebc1e@group-69C14BF87897:t1, leader=null, voted=2c46d123-7bf4-4340-80ca-a2d1885ebc1e, raftlog=2c46d123-7bf4-4340-80ca-a2d1885ebc1e@group-69C14BF87897-SegmentedRaftLog:OPENED:c-1,f-1,i0, conf=-1: [8e781dd0-206b-4bcd-9fba-4b95742bd983:192.168.151.82:36797, 2c46d123-7bf4-4340-80ca-a2d1885ebc1e:192.168.151.82:37073, 2281b324-f854-4a95-af39-03dc79ba966d:192.168.151.82:46286], old=null
2019-09-28 05:20:17,343 [3146fa5d-e5c6-4e63-841a-7d53ea24ae40@group-EAC0867A6D39:LeaderElection14] INFO  impl.LeaderElection (LeaderElection.java:logAndReturn(56)) - 3146fa5d-e5c6-4e63-841a-7d53ea24ae40@group-EAC0867A6D39:LeaderElection14: Election REJECTED; received 2 response(s) [3146fa5d-e5c6-4e63-841a-7d53ea24ae40<-b872e21c-1358-4bb4-b15c-ab96323b2cb2#0:FAIL-t1, 3146fa5d-e5c6-4e63-841a-7d53ea24ae40<-1081e6c3-a479-41d4-bd3b-fa3b39302f1a#0:FAIL-t1] and 0 exception(s); 3146fa5d-e5c6-4e63-841a-7d53ea24ae40@group-EAC0867A6D39:t1, leader=null, voted=3146fa5d-e5c6-4e63-841a-7d53ea24ae40, raftlog=3146fa5d-e5c6-4e63-841a-7d53ea24ae40@group-EAC0867A6D39-SegmentedRaftLog:OPENED:c-1,f-1,i0, conf=-1: [b872e21c-1358-4bb4-b15c-ab96323b2cb2:192.168.151.82:40730, 1081e6c3-a479-41d4-bd3b-fa3b39302f1a:192.168.151.82:41993, 3146fa5d-e5c6-4e63-841a-7d53ea24ae40:192.168.151.82:37509], old=null
2019-09-28 05:20:17,356 [1081e6c3-a479-41d4-bd3b-fa3b39302f1a@group-EAC0867A6D39:LeaderElection12] INFO  impl.RaftServerImpl (RaftServerImpl.java:setRole(174)) - 1081e6c3-a479-41d4-bd3b-fa3b39302f1a@group-EAC0867A6D39: changes role from CANDIDATE to FOLLOWER at term 1 for DISCOVERED_A_NEW_TERM
2019-09-28 05:20:17,354 [8e781dd0-206b-4bcd-9fba-4b95742bd983@group-69C14BF87897:LeaderElection13] INFO  impl.RaftServerImpl (RaftServerImpl.java:setRole(174)) - 8e781dd0-206b-4bcd-9fba-4b95742bd983@group-69C14BF87897: changes role from CANDIDATE to FOLLOWER at term 1 for DISCOVERED_A_NEW_TERM
2019-09-28 05:20:17,358 [1081e6c3-a479-41d4-bd3b-fa3b39302f1a@group-EAC0867A6D39:LeaderElection12] INFO  impl.RoleInfo (RoleInfo.java:shutdownLeaderElection(134)) - 1081e6c3-a479-41d4-bd3b-fa3b39302f1a: shutdown LeaderElection
2019-09-28 05:20:17,357 [2c46d123-7bf4-4340-80ca-a2d1885ebc1e@group-69C14BF87897:LeaderElection11] INFO  impl.RaftServerImpl (RaftServerImpl.java:setRole(174)) - 2c46d123-7bf4-4340-80ca-a2d1885ebc1e@group-69C14BF87897: changes role from CANDIDATE to FOLLOWER at term 1 for DISCOVERED_A_NEW_TERM
2019-09-28 05:20:17,367 [1081e6c3-a479-41d4-bd3b-fa3b39302f1a@group-EAC0867A6D39:LeaderElection12] INFO  impl.RoleInfo (RoleInfo.java:updateAndGet(143)) - 1081e6c3-a479-41d4-bd3b-fa3b39302f1a: start FollowerState
2019-09-28 05:20:17,357 [3146fa5d-e5c6-4e63-841a-7d53ea24ae40@group-EAC0867A6D39:LeaderElection14] INFO  impl.RaftServerImpl (RaftServerImpl.java:setRole(174)) - 3146fa5d-e5c6-4e63-841a-7d53ea24ae40@group-EAC0867A6D39: changes role from CANDIDATE to FOLLOWER at term 1 for DISCOVERED_A_NEW_TERM
2019-09-28 05:20:17,367 [2c46d123-7bf4-4340-80ca-a2d1885ebc1e@group-69C14BF87897:LeaderElection11] INFO  impl.RoleInfo (RoleInfo.java:shutdownLeaderElection(134)) - 2c46d123-7bf4-4340-80ca-a2d1885ebc1e: shutdown LeaderElection
2019-09-28 05:20:17,366 [8e781dd0-206b-4bcd-9fba-4b95742bd983@group-69C14BF87897:LeaderElection13] INFO  impl.RoleInfo (RoleInfo.java:shutdownLeaderElection(134)) - 8e781dd0-206b-4bcd-9fba-4b95742bd983: shutdown LeaderElection
2019-09-28 05:20:17,366 [b872e21c-1358-4bb4-b15c-ab96323b2cb2@group-EAC0867A6D39:LeaderElection15] INFO  impl.RaftServerImpl (RaftServerImpl.java:setRole(174)) - b872e21c-1358-4bb4-b15c-ab96323b2cb2@group-EAC0867A6D39: changes role from CANDIDATE to FOLLOWER at term 1 for DISCOVERED_A_NEW_TERM
2019-09-28 05:20:17,367 [8e781dd0-206b-4bcd-9fba-4b95742bd983@group-69C14BF87897:LeaderElection13] INFO  impl.RoleInfo (RoleInfo.java:updateAndGet(143)) - 8e781dd0-206b-4bcd-9fba-4b95742bd983: start FollowerState
2019-09-28 05:20:17,367 [2c46d123-7bf4-4340-80ca-a2d1885ebc1e@group-69C14BF87897:LeaderElection11] INFO  impl.RoleInfo (RoleInfo.java:updateAndGet(143)) - 2c46d123-7bf4-4340-80ca-a2d1885ebc1e: start FollowerState
2019-09-28 05:20:17,367 [3146fa5d-e5c6-4e63-841a-7d53ea24ae40@group-EAC0867A6D39:LeaderElection14] INFO  impl.RoleInfo (RoleInfo.java:shutdownLeaderElection(134)) - 3146fa5d-e5c6-4e63-841a-7d53ea24ae40: shutdown LeaderElection
2019-09-28 05:20:17,367 [b872e21c-1358-4bb4-b15c-ab96323b2cb2@group-EAC0867A6D39:LeaderElection15] INFO  impl.RoleInfo (RoleInfo.java:shutdownLeaderElection(134)) - b872e21c-1358-4bb4-b15c-ab96323b2cb2: shutdown LeaderElection
2019-09-28 05:20:17,368 [3146fa5d-e5c6-4e63-841a-7d53ea24ae40@group-EAC0867A6D39:LeaderElection14] INFO  impl.RoleInfo (RoleInfo.java:updateAndGet(143)) - 3146fa5d-e5c6-4e63-841a-7d53ea24ae40: start FollowerState
2019-09-28 05:20:17,368 [b872e21c-1358-4bb4-b15c-ab96323b2cb2@group-EAC0867A6D39:LeaderElection15] INFO  impl.RoleInfo (RoleInfo.java:updateAndGet(143)) - b872e21c-1358-4bb4-b15c-ab96323b2cb2: start FollowerState
2019-09-28 05:20:17,375 [Thread-338] INFO  impl.FollowerState (FollowerState.java:run(106)) - 5f286e7f-19f8-4729-a00b-ef22147f3cdc:group-4A430A7D4CD7 changes to CANDIDATE, lastRpcTime:5134, electionTimeout:5134ms
2019-09-28 05:20:17,376 [Thread-338] INFO  impl.RoleInfo (RoleInfo.java:shutdownFollowerState(121)) - 5f286e7f-19f8-4729-a00b-ef22147f3cdc: shutdown FollowerState
2019-09-28 05:20:17,376 [Thread-338] INFO  impl.RaftServerImpl (RaftServerImpl.java:setRole(174)) - 5f286e7f-19f8-4729-a00b-ef22147f3cdc@group-4A430A7D4CD7: changes role from  FOLLOWER to CANDIDATE at term 0 for changeToCandidate
2019-09-28 05:20:17,376 [Thread-338] INFO  impl.RoleInfo (RoleInfo.java:updateAndGet(143)) - 5f286e7f-19f8-4729-a00b-ef22147f3cdc: start LeaderElection
2019-09-28 05:20:17,428 [2281b324-f854-4a95-af39-03dc79ba966d@group-69C14BF87897:LeaderElection16] INFO  impl.LeaderElection (LeaderElection.java:logAndReturn(56)) - 2281b324-f854-4a95-af39-03dc79ba966d@group-69C14BF87897:LeaderElection16: Election REJECTED; received 2 response(s) [2281b324-f854-4a95-af39-03dc79ba966d<-8e781dd0-206b-4bcd-9fba-4b95742bd983#0:FAIL-t1, 2281b324-f854-4a95-af39-03dc79ba966d<-2c46d123-7bf4-4340-80ca-a2d1885ebc1e#0:FAIL-t1] and 0 exception(s); 2281b324-f854-4a95-af39-03dc79ba966d@group-69C14BF87897:t1, leader=null, voted=2281b324-f854-4a95-af39-03dc79ba966d, raftlog=2281b324-f854-4a95-af39-03dc79ba966d@group-69C14BF87897-SegmentedRaftLog:OPENED:c-1,f-1,i0, conf=-1: [8e781dd0-206b-4bcd-9fba-4b95742bd983:192.168.151.82:36797, 2c46d123-7bf4-4340-80ca-a2d1885ebc1e:192.168.151.82:37073, 2281b324-f854-4a95-af39-03dc79ba966d:192.168.151.82:46286], old=null
2019-09-28 05:20:17,428 [2281b324-f854-4a95-af39-03dc79ba966d@group-69C14BF87897:LeaderElection16] INFO  impl.RaftServerImpl (RaftServerImpl.java:setRole(174)) - 2281b324-f854-4a95-af39-03dc79ba966d@group-69C14BF87897: changes role from CANDIDATE to FOLLOWER at term 1 for DISCOVERED_A_NEW_TERM
2019-09-28 05:20:17,428 [2281b324-f854-4a95-af39-03dc79ba966d@group-69C14BF87897:LeaderElection16] INFO  impl.RoleInfo (RoleInfo.java:shutdownLeaderElection(134)) - 2281b324-f854-4a95-af39-03dc79ba966d: shutdown LeaderElection
2019-09-28 05:20:17,428 [2281b324-f854-4a95-af39-03dc79ba966d@group-69C14BF87897:LeaderElection16] INFO  impl.RoleInfo (RoleInfo.java:updateAndGet(143)) - 2281b324-f854-4a95-af39-03dc79ba966d: start FollowerState
2019-09-28 05:20:17,495 [df93b021-79d7-434f-92a0-2f93bc69c3ad@group-4A430A7D4CD7:LeaderElection18] INFO  impl.LeaderElection (LeaderElection.java:askForVotes(182)) - df93b021-79d7-434f-92a0-2f93bc69c3ad@group-4A430A7D4CD7:LeaderElection18: begin an election at term 1 for -1: [0ba2b8dd-18f6-415c-ba16-f29fd4260be6:192.168.151.82:40559, df93b021-79d7-434f-92a0-2f93bc69c3ad:192.168.151.82:40601, 5f286e7f-19f8-4729-a00b-ef22147f3cdc:192.168.151.82:36144], old=null
2019-09-28 05:20:17,495 [0ba2b8dd-18f6-415c-ba16-f29fd4260be6@group-4A430A7D4CD7:LeaderElection17] INFO  impl.LeaderElection (LeaderElection.java:askForVotes(182)) - 0ba2b8dd-18f6-415c-ba16-f29fd4260be6@group-4A430A7D4CD7:LeaderElection17: begin an election at term 1 for -1: [0ba2b8dd-18f6-415c-ba16-f29fd4260be6:192.168.151.82:40559, df93b021-79d7-434f-92a0-2f93bc69c3ad:192.168.151.82:40601, 5f286e7f-19f8-4729-a00b-ef22147f3cdc:192.168.151.82:36144], old=null
2019-09-28 05:20:17,495 [5f286e7f-19f8-4729-a00b-ef22147f3cdc@group-4A430A7D4CD7:LeaderElection19] INFO  impl.LeaderElection (LeaderElection.java:askForVotes(182)) - 5f286e7f-19f8-4729-a00b-ef22147f3cdc@group-4A430A7D4CD7:LeaderElection19: begin an election at term 1 for -1: [0ba2b8dd-18f6-415c-ba16-f29fd4260be6:192.168.151.82:40559, df93b021-79d7-434f-92a0-2f93bc69c3ad:192.168.151.82:40601, 5f286e7f-19f8-4729-a00b-ef22147f3cdc:192.168.151.82:36144], old=null
2019-09-28 05:20:17,540 [0ba2b8dd-18f6-415c-ba16-f29fd4260be6@group-4A430A7D4CD7:LeaderElection17] INFO  impl.LeaderElection (LeaderElection.java:logAndReturn(56)) - 0ba2b8dd-18f6-415c-ba16-f29fd4260be6@group-4A430A7D4CD7:LeaderElection17: Election REJECTED; received 2 response(s) [0ba2b8dd-18f6-415c-ba16-f29fd4260be6<-df93b021-79d7-434f-92a0-2f93bc69c3ad#0:FAIL-t1, 0ba2b8dd-18f6-415c-ba16-f29fd4260be6<-5f286e7f-19f8-4729-a00b-ef22147f3cdc#0:FAIL-t1] and 0 exception(s); 0ba2b8dd-18f6-415c-ba16-f29fd4260be6@group-4A430A7D4CD7:t1, leader=null, voted=0ba2b8dd-18f6-415c-ba16-f29fd4260be6, raftlog=0ba2b8dd-18f6-415c-ba16-f29fd4260be6@group-4A430A7D4CD7-SegmentedRaftLog:OPENED:c-1,f-1,i0, conf=-1: [0ba2b8dd-18f6-415c-ba16-f29fd4260be6:192.168.151.82:40559, df93b021-79d7-434f-92a0-2f93bc69c3ad:192.168.151.82:40601, 5f286e7f-19f8-4729-a00b-ef22147f3cdc:192.168.151.82:36144], old=null
2019-09-28 05:20:17,542 [0ba2b8dd-18f6-415c-ba16-f29fd4260be6@group-4A430A7D4CD7:LeaderElection17] INFO  impl.RaftServerImpl (RaftServerImpl.java:setRole(174)) - 0ba2b8dd-18f6-415c-ba16-f29fd4260be6@group-4A430A7D4CD7: changes role from CANDIDATE to FOLLOWER at term 1 for DISCOVERED_A_NEW_TERM
2019-09-28 05:20:17,545 [0ba2b8dd-18f6-415c-ba16-f29fd4260be6@group-4A430A7D4CD7:LeaderElection17] INFO  impl.RoleInfo (RoleInfo.java:shutdownLeaderElection(134)) - 0ba2b8dd-18f6-415c-ba16-f29fd4260be6: shutdown LeaderElection
2019-09-28 05:20:17,545 [0ba2b8dd-18f6-415c-ba16-f29fd4260be6@group-4A430A7D4CD7:LeaderElection17] INFO  impl.RoleInfo (RoleInfo.java:updateAndGet(143)) - 0ba2b8dd-18f6-415c-ba16-f29fd4260be6: start FollowerState
2019-09-28 05:20:17,557 [5f286e7f-19f8-4729-a00b-ef22147f3cdc@group-4A430A7D4CD7:LeaderElection19] INFO  impl.LeaderElection (LeaderElection.java:logAndReturn(56)) - 5f286e7f-19f8-4729-a00b-ef22147f3cdc@group-4A430A7D4CD7:LeaderElection19: Election REJECTED; received 2 response(s) [5f286e7f-19f8-4729-a00b-ef22147f3cdc<-0ba2b8dd-18f6-415c-ba16-f29fd4260be6#0:FAIL-t1, 5f286e7f-19f8-4729-a00b-ef22147f3cdc<-df93b021-79d7-434f-92a0-2f93bc69c3ad#0:FAIL-t1] and 0 exception(s); 5f286e7f-19f8-4729-a00b-ef22147f3cdc@group-4A430A7D4CD7:t1, leader=null, voted=5f286e7f-19f8-4729-a00b-ef22147f3cdc, raftlog=5f286e7f-19f8-4729-a00b-ef22147f3cdc@group-4A430A7D4CD7-SegmentedRaftLog:OPENED:c-1,f-1,i0, conf=-1: [0ba2b8dd-18f6-415c-ba16-f29fd4260be6:192.168.151.82:40559, df93b021-79d7-434f-92a0-2f93bc69c3ad:192.168.151.82:40601, 5f286e7f-19f8-4729-a00b-ef22147f3cdc:192.168.151.82:36144], old=null
2019-09-28 05:20:17,560 [5f286e7f-19f8-4729-a00b-ef22147f3cdc@group-4A430A7D4CD7:LeaderElection19] INFO  impl.RaftServerImpl (RaftServerImpl.java:setRole(174)) - 5f286e7f-19f8-4729-a00b-ef22147f3cdc@group-4A430A7D4CD7: changes role from CANDIDATE to FOLLOWER at term 1 for DISCOVERED_A_NEW_TERM
2019-09-28 05:20:17,562 [5f286e7f-19f8-4729-a00b-ef22147f3cdc@group-4A430A7D4CD7:LeaderElection19] INFO  impl.RoleInfo (RoleInfo.java:shutdownLeaderElection(134)) - 5f286e7f-19f8-4729-a00b-ef22147f3cdc: shutdown LeaderElection
2019-09-28 05:20:17,562 [df93b021-79d7-434f-92a0-2f93bc69c3ad@group-4A430A7D4CD7:LeaderElection18] INFO  impl.LeaderElection (LeaderElection.java:logAndReturn(56)) - df93b021-79d7-434f-92a0-2f93bc69c3ad@group-4A430A7D4CD7:LeaderElection18: Election REJECTED; received 2 response(s) [df93b021-79d7-434f-92a0-2f93bc69c3ad<-0ba2b8dd-18f6-415c-ba16-f29fd4260be6#0:FAIL-t1, df93b021-79d7-434f-92a0-2f93bc69c3ad<-5f286e7f-19f8-4729-a00b-ef22147f3cdc#0:FAIL-t1] and 0 exception(s); df93b021-79d7-434f-92a0-2f93bc69c3ad@group-4A430A7D4CD7:t1, leader=null, voted=df93b021-79d7-434f-92a0-2f93bc69c3ad, raftlog=df93b021-79d7-434f-92a0-2f93bc69c3ad@group-4A430A7D4CD7-SegmentedRaftLog:OPENED:c-1,f-1,i0, conf=-1: [0ba2b8dd-18f6-415c-ba16-f29fd4260be6:192.168.151.82:40559, df93b021-79d7-434f-92a0-2f93bc69c3ad:192.168.151.82:40601, 5f286e7f-19f8-4729-a00b-ef22147f3cdc:192.168.151.82:36144], old=null
2019-09-28 05:20:17,564 [5f286e7f-19f8-4729-a00b-ef22147f3cdc@group-4A430A7D4CD7:LeaderElection19] INFO  impl.RoleInfo (RoleInfo.java:updateAndGet(143)) - 5f286e7f-19f8-4729-a00b-ef22147f3cdc: start FollowerState
2019-09-28 05:20:17,564 [df93b021-79d7-434f-92a0-2f93bc69c3ad@group-4A430A7D4CD7:LeaderElection18] INFO  impl.RaftServerImpl (RaftServerImpl.java:setRole(174)) - df93b021-79d7-434f-92a0-2f93bc69c3ad@group-4A430A7D4CD7: changes role from CANDIDATE to FOLLOWER at term 1 for DISCOVERED_A_NEW_TERM
2019-09-28 05:20:17,568 [df93b021-79d7-434f-92a0-2f93bc69c3ad@group-4A430A7D4CD7:LeaderElection18] INFO  impl.RoleInfo (RoleInfo.java:shutdownLeaderElection(134)) - df93b021-79d7-434f-92a0-2f93bc69c3ad: shutdown LeaderElection
2019-09-28 05:20:17,570 [df93b021-79d7-434f-92a0-2f93bc69c3ad@group-4A430A7D4CD7:LeaderElection18] INFO  impl.RoleInfo (RoleInfo.java:updateAndGet(143)) - df93b021-79d7-434f-92a0-2f93bc69c3ad: start FollowerState
2019-09-28 05:20:18,126 [main] INFO  ipc.Client (Client.java:handleConnectionFailure(948)) - Retrying connect to server: localhost/127.0.0.1:0. Already tried 5 time(s); retry policy is RetryUpToMaximumCountWithFixedSleep(maxRetries=10, sleepTime=1000 MILLISECONDS)
2019-09-28 05:20:19,127 [main] INFO  ipc.Client (Client.java:handleConnectionFailure(948)) - Retrying connect to server: localhost/127.0.0.1:0. Already tried 6 time(s); retry policy is RetryUpToMaximumCountWithFixedSleep(maxRetries=10, sleepTime=1000 MILLISECONDS)
2019-09-28 05:20:20,128 [main] INFO  ipc.Client (Client.java:handleConnectionFailure(948)) - Retrying connect to server: localhost/127.0.0.1:0. Already tried 7 time(s); retry policy is RetryUpToMaximumCountWithFixedSleep(maxRetries=10, sleepTime=1000 MILLISECONDS)
2019-09-28 05:20:21,130 [main] INFO  ipc.Client (Client.java:handleConnectionFailure(948)) - Retrying connect to server: localhost/127.0.0.1:0. Already tried 8 time(s); retry policy is RetryUpToMaximumCountWithFixedSleep(maxRetries=10, sleepTime=1000 MILLISECONDS)
2019-09-28 05:20:22,131 [main] INFO  ipc.Client (Client.java:handleConnectionFailure(948)) - Retrying connect to server: localhost/127.0.0.1:0. Already tried 9 time(s); retry policy is RetryUpToMaximumCountWithFixedSleep(maxRetries=10, sleepTime=1000 MILLISECONDS)
2019-09-28 05:20:22,405 [Thread-385] INFO  impl.FollowerState (FollowerState.java:run(106)) - 8e781dd0-206b-4bcd-9fba-4b95742bd983:group-69C14BF87897 changes to CANDIDATE, lastRpcTime:5037, electionTimeout:5037ms
2019-09-28 05:20:22,405 [Thread-385] INFO  impl.RoleInfo (RoleInfo.java:shutdownFollowerState(121)) - 8e781dd0-206b-4bcd-9fba-4b95742bd983: shutdown FollowerState
2019-09-28 05:20:22,405 [Thread-385] INFO  impl.RaftServerImpl (RaftServerImpl.java:setRole(174)) - 8e781dd0-206b-4bcd-9fba-4b95742bd983@group-69C14BF87897: changes role from  FOLLOWER to CANDIDATE at term 1 for changeToCandidate
2019-09-28 05:20:22,406 [Thread-385] INFO  impl.RoleInfo (RoleInfo.java:updateAndGet(143)) - 8e781dd0-206b-4bcd-9fba-4b95742bd983: start LeaderElection
2019-09-28 05:20:22,406 [Thread-384] INFO  impl.FollowerState (FollowerState.java:run(106)) - 2c46d123-7bf4-4340-80ca-a2d1885ebc1e:group-69C14BF87897 changes to CANDIDATE, lastRpcTime:5038, electionTimeout:5038ms
2019-09-28 05:20:22,425 [Thread-383] INFO  impl.FollowerState (FollowerState.java:run(106)) - 1081e6c3-a479-41d4-bd3b-fa3b39302f1a:group-EAC0867A6D39 changes to CANDIDATE, lastRpcTime:5058, electionTimeout:5051ms
2019-09-28 05:20:22,425 [Thread-384] INFO  impl.RoleInfo (RoleInfo.java:shutdownFollowerState(121)) - 2c46d123-7bf4-4340-80ca-a2d1885ebc1e: shutdown FollowerState
2019-09-28 05:20:22,425 [Thread-383] INFO  impl.RoleInfo (RoleInfo.java:shutdownFollowerState(121)) - 1081e6c3-a479-41d4-bd3b-fa3b39302f1a: shutdown FollowerState
2019-09-28 05:20:22,426 [Thread-384] INFO  impl.RaftServerImpl (RaftServerImpl.java:setRole(174)) - 2c46d123-7bf4-4340-80ca-a2d1885ebc1e@group-69C14BF87897: changes role from  FOLLOWER to CANDIDATE at term 1 for changeToCandidate
2019-09-28 05:20:22,426 [Thread-383] INFO  impl.RaftServerImpl (RaftServerImpl.java:setRole(174)) - 1081e6c3-a479-41d4-bd3b-fa3b39302f1a@group-EAC0867A6D39: changes role from  FOLLOWER to CANDIDATE at term 1 for changeToCandidate
2019-09-28 05:20:22,426 [Thread-384] INFO  impl.RoleInfo (RoleInfo.java:updateAndGet(143)) - 2c46d123-7bf4-4340-80ca-a2d1885ebc1e: start LeaderElection
2019-09-28 05:20:22,426 [Thread-383] INFO  impl.RoleInfo (RoleInfo.java:updateAndGet(143)) - 1081e6c3-a479-41d4-bd3b-fa3b39302f1a: start LeaderElection
2019-09-28 05:20:22,446 [Thread-386] INFO  impl.FollowerState (FollowerState.java:run(106)) - 3146fa5d-e5c6-4e63-841a-7d53ea24ae40:group-EAC0867A6D39 changes to CANDIDATE, lastRpcTime:5078, electionTimeout:5078ms
2019-09-28 05:20:22,446 [Thread-386] INFO  impl.RoleInfo (RoleInfo.java:shutdownFollowerState(121)) - 3146fa5d-e5c6-4e63-841a-7d53ea24ae40: shutdown FollowerState
2019-09-28 05:20:22,447 [Thread-386] INFO  impl.RaftServerImpl (RaftServerImpl.java:setRole(174)) - 3146fa5d-e5c6-4e63-841a-7d53ea24ae40@group-EAC0867A6D39: changes role from  FOLLOWER to CANDIDATE at term 1 for changeToCandidate
2019-09-28 05:20:22,447 [Thread-386] INFO  impl.RoleInfo (RoleInfo.java:updateAndGet(143)) - 3146fa5d-e5c6-4e63-841a-7d53ea24ae40: start LeaderElection
2019-09-28 05:20:22,541 [Thread-387] INFO  impl.FollowerState (FollowerState.java:run(106)) - b872e21c-1358-4bb4-b15c-ab96323b2cb2:group-EAC0867A6D39 changes to CANDIDATE, lastRpcTime:5173, electionTimeout:5173ms
2019-09-28 05:20:22,542 [Thread-387] INFO  impl.RoleInfo (RoleInfo.java:shutdownFollowerState(121)) - b872e21c-1358-4bb4-b15c-ab96323b2cb2: shutdown FollowerState
2019-09-28 05:20:22,542 [Thread-387] INFO  impl.RaftServerImpl (RaftServerImpl.java:setRole(174)) - b872e21c-1358-4bb4-b15c-ab96323b2cb2@group-EAC0867A6D39: changes role from  FOLLOWER to CANDIDATE at term 1 for changeToCandidate
2019-09-28 05:20:22,542 [Thread-387] INFO  impl.RoleInfo (RoleInfo.java:updateAndGet(143)) - b872e21c-1358-4bb4-b15c-ab96323b2cb2: start LeaderElection
2019-09-28 05:20:22,605 [Thread-389] INFO  impl.FollowerState (FollowerState.java:run(106)) - 2281b324-f854-4a95-af39-03dc79ba966d:group-69C14BF87897 changes to CANDIDATE, lastRpcTime:5176, electionTimeout:5176ms
2019-09-28 05:20:22,605 [Thread-389] INFO  impl.RoleInfo (RoleInfo.java:shutdownFollowerState(121)) - 2281b324-f854-4a95-af39-03dc79ba966d: shutdown FollowerState
2019-09-28 05:20:22,605 [Thread-389] INFO  impl.RaftServerImpl (RaftServerImpl.java:setRole(174)) - 2281b324-f854-4a95-af39-03dc79ba966d@group-69C14BF87897: changes role from  FOLLOWER to CANDIDATE at term 1 for changeToCandidate
2019-09-28 05:20:22,605 [Thread-389] INFO  impl.RoleInfo (RoleInfo.java:updateAndGet(143)) - 2281b324-f854-4a95-af39-03dc79ba966d: start LeaderElection
2019-09-28 05:20:22,620 [Thread-398] INFO  impl.FollowerState (FollowerState.java:run(106)) - df93b021-79d7-434f-92a0-2f93bc69c3ad:group-4A430A7D4CD7 changes to CANDIDATE, lastRpcTime:5049, electionTimeout:5049ms
2019-09-28 05:20:22,620 [Thread-398] INFO  impl.RoleInfo (RoleInfo.java:shutdownFollowerState(121)) - df93b021-79d7-434f-92a0-2f93bc69c3ad: shutdown FollowerState
2019-09-28 05:20:22,620 [Thread-398] INFO  impl.RaftServerImpl (RaftServerImpl.java:setRole(174)) - df93b021-79d7-434f-92a0-2f93bc69c3ad@group-4A430A7D4CD7: changes role from  FOLLOWER to CANDIDATE at term 1 for changeToCandidate
2019-09-28 05:20:22,621 [Thread-398] INFO  impl.RoleInfo (RoleInfo.java:updateAndGet(143)) - df93b021-79d7-434f-92a0-2f93bc69c3ad: start LeaderElection
2019-09-28 05:20:22,623 [3146fa5d-e5c6-4e63-841a-7d53ea24ae40@group-EAC0867A6D39:LeaderElection23] INFO  impl.LeaderElection (LeaderElection.java:askForVotes(182)) - 3146fa5d-e5c6-4e63-841a-7d53ea24ae40@group-EAC0867A6D39:LeaderElection23: begin an election at term 2 for -1: [b872e21c-1358-4bb4-b15c-ab96323b2cb2:192.168.151.82:40730, 1081e6c3-a479-41d4-bd3b-fa3b39302f1a:192.168.151.82:41993, 3146fa5d-e5c6-4e63-841a-7d53ea24ae40:192.168.151.82:37509], old=null
2019-09-28 05:20:22,623 [8e781dd0-206b-4bcd-9fba-4b95742bd983@group-69C14BF87897:LeaderElection20] INFO  impl.LeaderElection (LeaderElection.java:askForVotes(182)) - 8e781dd0-206b-4bcd-9fba-4b95742bd983@group-69C14BF87897:LeaderElection20: begin an election at term 2 for -1: [8e781dd0-206b-4bcd-9fba-4b95742bd983:192.168.151.82:36797, 2c46d123-7bf4-4340-80ca-a2d1885ebc1e:192.168.151.82:37073, 2281b324-f854-4a95-af39-03dc79ba966d:192.168.151.82:46286], old=null
2019-09-28 05:20:22,623 [1081e6c3-a479-41d4-bd3b-fa3b39302f1a@group-EAC0867A6D39:LeaderElection22] INFO  impl.LeaderElection (LeaderElection.java:askForVotes(182)) - 1081e6c3-a479-41d4-bd3b-fa3b39302f1a@group-EAC0867A6D39:LeaderElection22: begin an election at term 2 for -1: [b872e21c-1358-4bb4-b15c-ab96323b2cb2:192.168.151.82:40730, 1081e6c3-a479-41d4-bd3b-fa3b39302f1a:192.168.151.82:41993, 3146fa5d-e5c6-4e63-841a-7d53ea24ae40:192.168.151.82:37509], old=null
2019-09-28 05:20:22,623 [b872e21c-1358-4bb4-b15c-ab96323b2cb2@group-EAC0867A6D39:LeaderElection24] INFO  impl.LeaderElection (LeaderElection.java:askForVotes(182)) - b872e21c-1358-4bb4-b15c-ab96323b2cb2@group-EAC0867A6D39:LeaderElection24: begin an election at term 2 for -1: [b872e21c-1358-4bb4-b15c-ab96323b2cb2:192.168.151.82:40730, 1081e6c3-a479-41d4-bd3b-fa3b39302f1a:192.168.151.82:41993, 3146fa5d-e5c6-4e63-841a-7d53ea24ae40:192.168.151.82:37509], old=null
2019-09-28 05:20:22,623 [2c46d123-7bf4-4340-80ca-a2d1885ebc1e@group-69C14BF87897:LeaderElection21] INFO  impl.LeaderElection (LeaderElection.java:askForVotes(182)) - 2c46d123-7bf4-4340-80ca-a2d1885ebc1e@group-69C14BF87897:LeaderElection21: begin an election at term 2 for -1: [8e781dd0-206b-4bcd-9fba-4b95742bd983:192.168.151.82:36797, 2c46d123-7bf4-4340-80ca-a2d1885ebc1e:192.168.151.82:37073, 2281b324-f854-4a95-af39-03dc79ba966d:192.168.151.82:46286], old=null
2019-09-28 05:20:22,623 [2281b324-f854-4a95-af39-03dc79ba966d@group-69C14BF87897:LeaderElection25] INFO  impl.LeaderElection (LeaderElection.java:askForVotes(182)) - 2281b324-f854-4a95-af39-03dc79ba966d@group-69C14BF87897:LeaderElection25: begin an election at term 2 for -1: [8e781dd0-206b-4bcd-9fba-4b95742bd983:192.168.151.82:36797, 2c46d123-7bf4-4340-80ca-a2d1885ebc1e:192.168.151.82:37073, 2281b324-f854-4a95-af39-03dc79ba966d:192.168.151.82:46286], old=null
2019-09-28 05:20:22,627 [df93b021-79d7-434f-92a0-2f93bc69c3ad@group-4A430A7D4CD7:LeaderElection26] INFO  impl.LeaderElection (LeaderElection.java:askForVotes(182)) - df93b021-79d7-434f-92a0-2f93bc69c3ad@group-4A430A7D4CD7:LeaderElection26: begin an election at term 2 for -1: [0ba2b8dd-18f6-415c-ba16-f29fd4260be6:192.168.151.82:40559, df93b021-79d7-434f-92a0-2f93bc69c3ad:192.168.151.82:40601, 5f286e7f-19f8-4729-a00b-ef22147f3cdc:192.168.151.82:36144], old=null
2019-09-28 05:20:22,633 [Thread-396] INFO  impl.FollowerState (FollowerState.java:run(106)) - 0ba2b8dd-18f6-415c-ba16-f29fd4260be6:group-4A430A7D4CD7 changes to CANDIDATE, lastRpcTime:5087, electionTimeout:5080ms
2019-09-28 05:20:22,633 [Thread-396] INFO  impl.RoleInfo (RoleInfo.java:shutdownFollowerState(121)) - 0ba2b8dd-18f6-415c-ba16-f29fd4260be6: shutdown FollowerState
2019-09-28 05:20:22,633 [Thread-396] INFO  impl.RaftServerImpl (RaftServerImpl.java:setRole(174)) - 0ba2b8dd-18f6-415c-ba16-f29fd4260be6@group-4A430A7D4CD7: changes role from  FOLLOWER to CANDIDATE at term 1 for changeToCandidate
2019-09-28 05:20:22,634 [Thread-396] INFO  impl.RoleInfo (RoleInfo.java:updateAndGet(143)) - 0ba2b8dd-18f6-415c-ba16-f29fd4260be6: start LeaderElection
2019-09-28 05:20:22,647 [Thread-397] INFO  impl.FollowerState (FollowerState.java:run(106)) - 5f286e7f-19f8-4729-a00b-ef22147f3cdc:group-4A430A7D4CD7 changes to CANDIDATE, lastRpcTime:5083, electionTimeout:5074ms
2019-09-28 05:20:22,648 [Thread-397] INFO  impl.RoleInfo (RoleInfo.java:shutdownFollowerState(121)) - 5f286e7f-19f8-4729-a00b-ef22147f3cdc: shutdown FollowerState
2019-09-28 05:20:22,648 [Thread-397] INFO  impl.RaftServerImpl (RaftServerImpl.java:setRole(174)) - 5f286e7f-19f8-4729-a00b-ef22147f3cdc@group-4A430A7D4CD7: changes role from  FOLLOWER to CANDIDATE at term 1 for changeToCandidate
2019-09-28 05:20:22,648 [Thread-397] INFO  impl.RoleInfo (RoleInfo.java:updateAndGet(143)) - 5f286e7f-19f8-4729-a00b-ef22147f3cdc: start LeaderElection
2019-09-28 05:20:22,656 [3146fa5d-e5c6-4e63-841a-7d53ea24ae40@group-EAC0867A6D39:LeaderElection23] INFO  impl.LeaderElection (LeaderElection.java:logAndReturn(56)) - 3146fa5d-e5c6-4e63-841a-7d53ea24ae40@group-EAC0867A6D39:LeaderElection23: Election REJECTED; received 2 response(s) [3146fa5d-e5c6-4e63-841a-7d53ea24ae40<-b872e21c-1358-4bb4-b15c-ab96323b2cb2#0:FAIL-t2, 3146fa5d-e5c6-4e63-841a-7d53ea24ae40<-1081e6c3-a479-41d4-bd3b-fa3b39302f1a#0:FAIL-t2] and 0 exception(s); 3146fa5d-e5c6-4e63-841a-7d53ea24ae40@group-EAC0867A6D39:t2, leader=null, voted=3146fa5d-e5c6-4e63-841a-7d53ea24ae40, raftlog=3146fa5d-e5c6-4e63-841a-7d53ea24ae40@group-EAC0867A6D39-SegmentedRaftLog:OPENED:c-1,f-1,i0, conf=-1: [b872e21c-1358-4bb4-b15c-ab96323b2cb2:192.168.151.82:40730, 1081e6c3-a479-41d4-bd3b-fa3b39302f1a:192.168.151.82:41993, 3146fa5d-e5c6-4e63-841a-7d53ea24ae40:192.168.151.82:37509], old=null
2019-09-28 05:20:22,656 [3146fa5d-e5c6-4e63-841a-7d53ea24ae40@group-EAC0867A6D39:LeaderElection23] INFO  impl.RaftServerImpl (RaftServerImpl.java:setRole(174)) - 3146fa5d-e5c6-4e63-841a-7d53ea24ae40@group-EAC0867A6D39: changes role from CANDIDATE to FOLLOWER at term 2 for DISCOVERED_A_NEW_TERM
2019-09-28 05:20:22,660 [3146fa5d-e5c6-4e63-841a-7d53ea24ae40@group-EAC0867A6D39:LeaderElection23] INFO  impl.RoleInfo (RoleInfo.java:shutdownLeaderElection(134)) - 3146fa5d-e5c6-4e63-841a-7d53ea24ae40: shutdown LeaderElection
2019-09-28 05:20:22,661 [3146fa5d-e5c6-4e63-841a-7d53ea24ae40@group-EAC0867A6D39:LeaderElection23] INFO  impl.RoleInfo (RoleInfo.java:updateAndGet(143)) - 3146fa5d-e5c6-4e63-841a-7d53ea24ae40: start FollowerState
2019-09-28 05:20:22,664 [0ba2b8dd-18f6-415c-ba16-f29fd4260be6@group-4A430A7D4CD7:LeaderElection27] INFO  impl.LeaderElection (LeaderElection.java:askForVotes(182)) - 0ba2b8dd-18f6-415c-ba16-f29fd4260be6@group-4A430A7D4CD7:LeaderElection27: begin an election at term 2 for -1: [0ba2b8dd-18f6-415c-ba16-f29fd4260be6:192.168.151.82:40559, df93b021-79d7-434f-92a0-2f93bc69c3ad:192.168.151.82:40601, 5f286e7f-19f8-4729-a00b-ef22147f3cdc:192.168.151.82:36144], old=null
2019-09-28 05:20:22,667 [5f286e7f-19f8-4729-a00b-ef22147f3cdc@group-4A430A7D4CD7:LeaderElection28] INFO  impl.LeaderElection (LeaderElection.java:askForVotes(182)) - 5f286e7f-19f8-4729-a00b-ef22147f3cdc@group-4A430A7D4CD7:LeaderElection28: begin an election at term 2 for -1: [0ba2b8dd-18f6-415c-ba16-f29fd4260be6:192.168.151.82:40559, df93b021-79d7-434f-92a0-2f93bc69c3ad:192.168.151.82:40601, 5f286e7f-19f8-4729-a00b-ef22147f3cdc:192.168.151.82:36144], old=null
2019-09-28 05:20:22,669 [8e781dd0-206b-4bcd-9fba-4b95742bd983@group-69C14BF87897:LeaderElection20] INFO  impl.LeaderElection (LeaderElection.java:logAndReturn(56)) - 8e781dd0-206b-4bcd-9fba-4b95742bd983@group-69C14BF87897:LeaderElection20: Election REJECTED; received 2 response(s) [8e781dd0-206b-4bcd-9fba-4b95742bd983<-2c46d123-7bf4-4340-80ca-a2d1885ebc1e#0:FAIL-t2, 8e781dd0-206b-4bcd-9fba-4b95742bd983<-2281b324-f854-4a95-af39-03dc79ba966d#0:FAIL-t2] and 0 exception(s); 8e781dd0-206b-4bcd-9fba-4b95742bd983@group-69C14BF87897:t2, leader=null, voted=8e781dd0-206b-4bcd-9fba-4b95742bd983, raftlog=8e781dd0-206b-4bcd-9fba-4b95742bd983@group-69C14BF87897-SegmentedRaftLog:OPENED:c-1,f-1,i0, conf=-1: [8e781dd0-206b-4bcd-9fba-4b95742bd983:192.168.151.82:36797, 2c46d123-7bf4-4340-80ca-a2d1885ebc1e:192.168.151.82:37073, 2281b324-f854-4a95-af39-03dc79ba966d:192.168.151.82:46286], old=null
2019-09-28 05:20:22,669 [8e781dd0-206b-4bcd-9fba-4b95742bd983@group-69C14BF87897:LeaderElection20] INFO  impl.RaftServerImpl (RaftServerImpl.java:setRole(174)) - 8e781dd0-206b-4bcd-9fba-4b95742bd983@group-69C14BF87897: changes role from CANDIDATE to FOLLOWER at term 2 for DISCOVERED_A_NEW_TERM
2019-09-28 05:20:22,676 [8e781dd0-206b-4bcd-9fba-4b95742bd983@group-69C14BF87897:LeaderElection20] INFO  impl.RoleInfo (RoleInfo.java:shutdownLeaderElection(134)) - 8e781dd0-206b-4bcd-9fba-4b95742bd983: shutdown LeaderElection
2019-09-28 05:20:22,676 [8e781dd0-206b-4bcd-9fba-4b95742bd983@group-69C14BF87897:LeaderElection20] INFO  impl.RoleInfo (RoleInfo.java:updateAndGet(143)) - 8e781dd0-206b-4bcd-9fba-4b95742bd983: start FollowerState
2019-09-28 05:20:22,682 [b872e21c-1358-4bb4-b15c-ab96323b2cb2@group-EAC0867A6D39:LeaderElection24] INFO  impl.LeaderElection (LeaderElection.java:logAndReturn(56)) - b872e21c-1358-4bb4-b15c-ab96323b2cb2@group-EAC0867A6D39:LeaderElection24: Election REJECTED; received 2 response(s) [b872e21c-1358-4bb4-b15c-ab96323b2cb2<-1081e6c3-a479-41d4-bd3b-fa3b39302f1a#0:FAIL-t2, b872e21c-1358-4bb4-b15c-ab96323b2cb2<-3146fa5d-e5c6-4e63-841a-7d53ea24ae40#0:FAIL-t2] and 0 exception(s); b872e21c-1358-4bb4-b15c-ab96323b2cb2@group-EAC0867A6D39:t2, leader=null, voted=b872e21c-1358-4bb4-b15c-ab96323b2cb2, raftlog=b872e21c-1358-4bb4-b15c-ab96323b2cb2@group-EAC0867A6D39-SegmentedRaftLog:OPENED:c-1,f-1,i0, conf=-1: [b872e21c-1358-4bb4-b15c-ab96323b2cb2:192.168.151.82:40730, 1081e6c3-a479-41d4-bd3b-fa3b39302f1a:192.168.151.82:41993, 3146fa5d-e5c6-4e63-841a-7d53ea24ae40:192.168.151.82:37509], old=null
2019-09-28 05:20:22,685 [b872e21c-1358-4bb4-b15c-ab96323b2cb2@group-EAC0867A6D39:LeaderElection24] INFO  impl.RaftServerImpl (RaftServerImpl.java:setRole(174)) - b872e21c-1358-4bb4-b15c-ab96323b2cb2@group-EAC0867A6D39: changes role from CANDIDATE to FOLLOWER at term 2 for DISCOVERED_A_NEW_TERM
2019-09-28 05:20:22,688 [b872e21c-1358-4bb4-b15c-ab96323b2cb2@group-EAC0867A6D39:LeaderElection24] INFO  impl.RoleInfo (RoleInfo.java:shutdownLeaderElection(134)) - b872e21c-1358-4bb4-b15c-ab96323b2cb2: shutdown LeaderElection
2019-09-28 05:20:22,688 [2c46d123-7bf4-4340-80ca-a2d1885ebc1e@group-69C14BF87897:LeaderElection21] INFO  impl.LeaderElection (LeaderElection.java:logAndReturn(56)) - 2c46d123-7bf4-4340-80ca-a2d1885ebc1e@group-69C14BF87897:LeaderElection21: Election REJECTED; received 2 response(s) [2c46d123-7bf4-4340-80ca-a2d1885ebc1e<-8e781dd0-206b-4bcd-9fba-4b95742bd983#0:FAIL-t2, 2c46d123-7bf4-4340-80ca-a2d1885ebc1e<-2281b324-f854-4a95-af39-03dc79ba966d#0:FAIL-t2] and 0 exception(s); 2c46d123-7bf4-4340-80ca-a2d1885ebc1e@group-69C14BF87897:t2, leader=null, voted=2c46d123-7bf4-4340-80ca-a2d1885ebc1e, raftlog=2c46d123-7bf4-4340-80ca-a2d1885ebc1e@group-69C14BF87897-SegmentedRaftLog:OPENED:c-1,f-1,i0, conf=-1: [8e781dd0-206b-4bcd-9fba-4b95742bd983:192.168.151.82:36797, 2c46d123-7bf4-4340-80ca-a2d1885ebc1e:192.168.151.82:37073, 2281b324-f854-4a95-af39-03dc79ba966d:192.168.151.82:46286], old=null
2019-09-28 05:20:22,691 [b872e21c-1358-4bb4-b15c-ab96323b2cb2@group-EAC0867A6D39:LeaderElection24] INFO  impl.RoleInfo (RoleInfo.java:updateAndGet(143)) - b872e21c-1358-4bb4-b15c-ab96323b2cb2: start FollowerState
2019-09-28 05:20:22,691 [2c46d123-7bf4-4340-80ca-a2d1885ebc1e@group-69C14BF87897:LeaderElection21] INFO  impl.RaftServerImpl (RaftServerImpl.java:setRole(174)) - 2c46d123-7bf4-4340-80ca-a2d1885ebc1e@group-69C14BF87897: changes role from CANDIDATE to FOLLOWER at term 2 for DISCOVERED_A_NEW_TERM
2019-09-28 05:20:22,694 [2c46d123-7bf4-4340-80ca-a2d1885ebc1e@group-69C14BF87897:LeaderElection21] INFO  impl.RoleInfo (RoleInfo.java:shutdownLeaderElection(134)) - 2c46d123-7bf4-4340-80ca-a2d1885ebc1e: shutdown LeaderElection
2019-09-28 05:20:22,697 [2c46d123-7bf4-4340-80ca-a2d1885ebc1e@group-69C14BF87897:LeaderElection21] INFO  impl.RoleInfo (RoleInfo.java:updateAndGet(143)) - 2c46d123-7bf4-4340-80ca-a2d1885ebc1e: start FollowerState
2019-09-28 05:20:22,697 [2281b324-f854-4a95-af39-03dc79ba966d@group-69C14BF87897:LeaderElection25] INFO  impl.LeaderElection (LeaderElection.java:logAndReturn(56)) - 2281b324-f854-4a95-af39-03dc79ba966d@group-69C14BF87897:LeaderElection25: Election REJECTED; received 2 response(s) [2281b324-f854-4a95-af39-03dc79ba966d<-8e781dd0-206b-4bcd-9fba-4b95742bd983#0:FAIL-t2, 2281b324-f854-4a95-af39-03dc79ba966d<-2c46d123-7bf4-4340-80ca-a2d1885ebc1e#0:FAIL-t2] and 0 exception(s); 2281b324-f854-4a95-af39-03dc79ba966d@group-69C14BF87897:t2, leader=null, voted=2281b324-f854-4a95-af39-03dc79ba966d, raftlog=2281b324-f854-4a95-af39-03dc79ba966d@group-69C14BF87897-SegmentedRaftLog:OPENED:c-1,f-1,i0, conf=-1: [8e781dd0-206b-4bcd-9fba-4b95742bd983:192.168.151.82:36797, 2c46d123-7bf4-4340-80ca-a2d1885ebc1e:192.168.151.82:37073, 2281b324-f854-4a95-af39-03dc79ba966d:192.168.151.82:46286], old=null
2019-09-28 05:20:22,714 [2281b324-f854-4a95-af39-03dc79ba966d@group-69C14BF87897:LeaderElection25] INFO  impl.RaftServerImpl (RaftServerImpl.java:setRole(174)) - 2281b324-f854-4a95-af39-03dc79ba966d@group-69C14BF87897: changes role from CANDIDATE to FOLLOWER at term 2 for DISCOVERED_A_NEW_TERM
2019-09-28 05:20:22,714 [2281b324-f854-4a95-af39-03dc79ba966d@group-69C14BF87897:LeaderElection25] INFO  impl.RoleInfo (RoleInfo.java:shutdownLeaderElection(134)) - 2281b324-f854-4a95-af39-03dc79ba966d: shutdown LeaderElection
2019-09-28 05:20:22,714 [2281b324-f854-4a95-af39-03dc79ba966d@group-69C14BF87897:LeaderElection25] INFO  impl.RoleInfo (RoleInfo.java:updateAndGet(143)) - 2281b324-f854-4a95-af39-03dc79ba966d: start FollowerState
2019-09-28 05:20:22,715 [1081e6c3-a479-41d4-bd3b-fa3b39302f1a@group-EAC0867A6D39:LeaderElection22] INFO  impl.LeaderElection (LeaderElection.java:logAndReturn(56)) - 1081e6c3-a479-41d4-bd3b-fa3b39302f1a@group-EAC0867A6D39:LeaderElection22: Election REJECTED; received 2 response(s) [1081e6c3-a479-41d4-bd3b-fa3b39302f1a<-b872e21c-1358-4bb4-b15c-ab96323b2cb2#0:FAIL-t2, 1081e6c3-a479-41d4-bd3b-fa3b39302f1a<-3146fa5d-e5c6-4e63-841a-7d53ea24ae40#0:FAIL-t2] and 0 exception(s); 1081e6c3-a479-41d4-bd3b-fa3b39302f1a@group-EAC0867A6D39:t2, leader=null, voted=1081e6c3-a479-41d4-bd3b-fa3b39302f1a, raftlog=1081e6c3-a479-41d4-bd3b-fa3b39302f1a@group-EAC0867A6D39-SegmentedRaftLog:OPENED:c-1,f-1,i0, conf=-1: [b872e21c-1358-4bb4-b15c-ab96323b2cb2:192.168.151.82:40730, 1081e6c3-a479-41d4-bd3b-fa3b39302f1a:192.168.151.82:41993, 3146fa5d-e5c6-4e63-841a-7d53ea24ae40:192.168.151.82:37509], old=null
2019-09-28 05:20:22,715 [df93b021-79d7-434f-92a0-2f93bc69c3ad@group-4A430A7D4CD7:LeaderElection26] INFO  impl.LeaderElection (LeaderElection.java:logAndReturn(56)) - df93b021-79d7-434f-92a0-2f93bc69c3ad@group-4A430A7D4CD7:LeaderElection26: Election REJECTED; received 2 response(s) [df93b021-79d7-434f-92a0-2f93bc69c3ad<-0ba2b8dd-18f6-415c-ba16-f29fd4260be6#0:FAIL-t2, df93b021-79d7-434f-92a0-2f93bc69c3ad<-5f286e7f-19f8-4729-a00b-ef22147f3cdc#0:FAIL-t2] and 0 exception(s); df93b021-79d7-434f-92a0-2f93bc69c3ad@group-4A430A7D4CD7:t2, leader=null, voted=df93b021-79d7-434f-92a0-2f93bc69c3ad, raftlog=df93b021-79d7-434f-92a0-2f93bc69c3ad@group-4A430A7D4CD7-SegmentedRaftLog:OPENED:c-1,f-1,i0, conf=-1: [0ba2b8dd-18f6-415c-ba16-f29fd4260be6:192.168.151.82:40559, df93b021-79d7-434f-92a0-2f93bc69c3ad:192.168.151.82:40601, 5f286e7f-19f8-4729-a00b-ef22147f3cdc:192.168.151.82:36144], old=null
2019-09-28 05:20:22,718 [1081e6c3-a479-41d4-bd3b-fa3b39302f1a@group-EAC0867A6D39:LeaderElection22] INFO  impl.RaftServerImpl (RaftServerImpl.java:setRole(174)) - 1081e6c3-a479-41d4-bd3b-fa3b39302f1a@group-EAC0867A6D39: changes role from CANDIDATE to FOLLOWER at term 2 for DISCOVERED_A_NEW_TERM
2019-09-28 05:20:22,721 [df93b021-79d7-434f-92a0-2f93bc69c3ad@group-4A430A7D4CD7:LeaderElection26] INFO  impl.RaftServerImpl (RaftServerImpl.java:setRole(174)) - df93b021-79d7-434f-92a0-2f93bc69c3ad@group-4A430A7D4CD7: changes role from CANDIDATE to FOLLOWER at term 2 for DISCOVERED_A_NEW_TERM
2019-09-28 05:20:22,721 [1081e6c3-a479-41d4-bd3b-fa3b39302f1a@group-EAC0867A6D39:LeaderElection22] INFO  impl.RoleInfo (RoleInfo.java:shutdownLeaderElection(134)) - 1081e6c3-a479-41d4-bd3b-fa3b39302f1a: shutdown LeaderElection
2019-09-28 05:20:22,725 [df93b021-79d7-434f-92a0-2f93bc69c3ad@group-4A430A7D4CD7:LeaderElection26] INFO  impl.RoleInfo (RoleInfo.java:shutdownLeaderElection(134)) - df93b021-79d7-434f-92a0-2f93bc69c3ad: shutdown LeaderElection
2019-09-28 05:20:22,725 [1081e6c3-a479-41d4-bd3b-fa3b39302f1a@group-EAC0867A6D39:LeaderElection22] INFO  impl.RoleInfo (RoleInfo.java:updateAndGet(143)) - 1081e6c3-a479-41d4-bd3b-fa3b39302f1a: start FollowerState
2019-09-28 05:20:22,725 [df93b021-79d7-434f-92a0-2f93bc69c3ad@group-4A430A7D4CD7:LeaderElection26] INFO  impl.RoleInfo (RoleInfo.java:updateAndGet(143)) - df93b021-79d7-434f-92a0-2f93bc69c3ad: start FollowerState
2019-09-28 05:20:22,727 [5f286e7f-19f8-4729-a00b-ef22147f3cdc@group-4A430A7D4CD7:LeaderElection28] INFO  impl.LeaderElection (LeaderElection.java:logAndReturn(56)) - 5f286e7f-19f8-4729-a00b-ef22147f3cdc@group-4A430A7D4CD7:LeaderElection28: Election REJECTED; received 2 response(s) [5f286e7f-19f8-4729-a00b-ef22147f3cdc<-0ba2b8dd-18f6-415c-ba16-f29fd4260be6#0:FAIL-t2, 5f286e7f-19f8-4729-a00b-ef22147f3cdc<-df93b021-79d7-434f-92a0-2f93bc69c3ad#0:FAIL-t2] and 0 exception(s); 5f286e7f-19f8-4729-a00b-ef22147f3cdc@group-4A430A7D4CD7:t2, leader=null, voted=5f286e7f-19f8-4729-a00b-ef22147f3cdc, raftlog=5f286e7f-19f8-4729-a00b-ef22147f3cdc@group-4A430A7D4CD7-SegmentedRaftLog:OPENED:c-1,f-1,i0, conf=-1: [0ba2b8dd-18f6-415c-ba16-f29fd4260be6:192.168.151.82:40559, df93b021-79d7-434f-92a0-2f93bc69c3ad:192.168.151.82:40601, 5f286e7f-19f8-4729-a00b-ef22147f3cdc:192.168.151.82:36144], old=null
2019-09-28 05:20:22,727 [5f286e7f-19f8-4729-a00b-ef22147f3cdc@group-4A430A7D4CD7:LeaderElection28] INFO  impl.RaftServerImpl (RaftServerImpl.java:setRole(174)) - 5f286e7f-19f8-4729-a00b-ef22147f3cdc@group-4A430A7D4CD7: changes role from CANDIDATE to FOLLOWER at term 2 for DISCOVERED_A_NEW_TERM
2019-09-28 05:20:22,727 [5f286e7f-19f8-4729-a00b-ef22147f3cdc@group-4A430A7D4CD7:LeaderElection28] INFO  impl.RoleInfo (RoleInfo.java:shutdownLeaderElection(134)) - 5f286e7f-19f8-4729-a00b-ef22147f3cdc: shutdown LeaderElection
2019-09-28 05:20:22,728 [5f286e7f-19f8-4729-a00b-ef22147f3cdc@group-4A430A7D4CD7:LeaderElection28] INFO  impl.RoleInfo (RoleInfo.java:updateAndGet(143)) - 5f286e7f-19f8-4729-a00b-ef22147f3cdc: start FollowerState
2019-09-28 05:20:22,728 [0ba2b8dd-18f6-415c-ba16-f29fd4260be6@group-4A430A7D4CD7:LeaderElection27] INFO  impl.LeaderElection (LeaderElection.java:logAndReturn(56)) - 0ba2b8dd-18f6-415c-ba16-f29fd4260be6@group-4A430A7D4CD7:LeaderElection27: Election REJECTED; received 2 response(s) [0ba2b8dd-18f6-415c-ba16-f29fd4260be6<-df93b021-79d7-434f-92a0-2f93bc69c3ad#0:FAIL-t2, 0ba2b8dd-18f6-415c-ba16-f29fd4260be6<-5f286e7f-19f8-4729-a00b-ef22147f3cdc#0:FAIL-t2] and 0 exception(s); 0ba2b8dd-18f6-415c-ba16-f29fd4260be6@group-4A430A7D4CD7:t2, leader=null, voted=0ba2b8dd-18f6-415c-ba16-f29fd4260be6, raftlog=0ba2b8dd-18f6-415c-ba16-f29fd4260be6@group-4A430A7D4CD7-SegmentedRaftLog:OPENED:c-1,f-1,i0, conf=-1: [0ba2b8dd-18f6-415c-ba16-f29fd4260be6:192.168.151.82:40559, df93b021-79d7-434f-92a0-2f93bc69c3ad:192.168.151.82:40601, 5f286e7f-19f8-4729-a00b-ef22147f3cdc:192.168.151.82:36144], old=null
2019-09-28 05:20:22,741 [0ba2b8dd-18f6-415c-ba16-f29fd4260be6@group-4A430A7D4CD7:LeaderElection27] INFO  impl.RaftServerImpl (RaftServerImpl.java:setRole(174)) - 0ba2b8dd-18f6-415c-ba16-f29fd4260be6@group-4A430A7D4CD7: changes role from CANDIDATE to FOLLOWER at term 2 for DISCOVERED_A_NEW_TERM
2019-09-28 05:20:22,741 [0ba2b8dd-18f6-415c-ba16-f29fd4260be6@group-4A430A7D4CD7:LeaderElection27] INFO  impl.RoleInfo (RoleInfo.java:shutdownLeaderElection(134)) - 0ba2b8dd-18f6-415c-ba16-f29fd4260be6: shutdown LeaderElection
2019-09-28 05:20:22,741 [0ba2b8dd-18f6-415c-ba16-f29fd4260be6@group-4A430A7D4CD7:LeaderElection27] INFO  impl.RoleInfo (RoleInfo.java:updateAndGet(143)) - 0ba2b8dd-18f6-415c-ba16-f29fd4260be6: start FollowerState
2019-09-28 05:20:23,137 [main] INFO  ipc.Client (Client.java:handleConnectionFailure(948)) - Retrying connect to server: localhost/127.0.0.1:0. Already tried 0 time(s); retry policy is RetryUpToMaximumCountWithFixedSleep(maxRetries=10, sleepTime=1000 MILLISECONDS)
2019-09-28 05:20:24,143 [main] INFO  ipc.Client (Client.java:handleConnectionFailure(948)) - Retrying connect to server: localhost/127.0.0.1:0. Already tried 1 time(s); retry policy is RetryUpToMaximumCountWithFixedSleep(maxRetries=10, sleepTime=1000 MILLISECONDS)
2019-09-28 05:20:25,144 [main] INFO  ipc.Client (Client.java:handleConnectionFailure(948)) - Retrying connect to server: localhost/127.0.0.1:0. Already tried 2 time(s); retry policy is RetryUpToMaximumCountWithFixedSleep(maxRetries=10, sleepTime=1000 MILLISECONDS)
2019-09-28 05:20:26,145 [main] INFO  ipc.Client (Client.java:handleConnectionFailure(948)) - Retrying connect to server: localhost/127.0.0.1:0. Already tried 3 time(s); retry policy is RetryUpToMaximumCountWithFixedSleep(maxRetries=10, sleepTime=1000 MILLISECONDS)
2019-09-28 05:20:27,146 [main] INFO  ipc.Client (Client.java:handleConnectionFailure(948)) - Retrying connect to server: localhost/127.0.0.1:0. Already tried 4 time(s); retry policy is RetryUpToMaximumCountWithFixedSleep(maxRetries=10, sleepTime=1000 MILLISECONDS)
2019-09-28 05:20:27,774 [Thread-434] INFO  impl.FollowerState (FollowerState.java:run(106)) - 5f286e7f-19f8-4729-a00b-ef22147f3cdc:group-4A430A7D4CD7 changes to CANDIDATE, lastRpcTime:5046, electionTimeout:5046ms
2019-09-28 05:20:27,775 [Thread-434] INFO  impl.RoleInfo (RoleInfo.java:shutdownFollowerState(121)) - 5f286e7f-19f8-4729-a00b-ef22147f3cdc: shutdown FollowerState
2019-09-28 05:20:27,775 [Thread-434] INFO  impl.RaftServerImpl (RaftServerImpl.java:setRole(174)) - 5f286e7f-19f8-4729-a00b-ef22147f3cdc@group-4A430A7D4CD7: changes role from  FOLLOWER to CANDIDATE at term 2 for changeToCandidate
2019-09-28 05:20:27,775 [Thread-434] INFO  impl.RoleInfo (RoleInfo.java:updateAndGet(143)) - 5f286e7f-19f8-4729-a00b-ef22147f3cdc: start LeaderElection
2019-09-28 05:20:27,786 [Thread-431] INFO  impl.FollowerState (FollowerState.java:run(106)) - 2281b324-f854-4a95-af39-03dc79ba966d:group-69C14BF87897 changes to CANDIDATE, lastRpcTime:5071, electionTimeout:5071ms
2019-09-28 05:20:27,786 [Thread-431] INFO  impl.RoleInfo (RoleInfo.java:shutdownFollowerState(121)) - 2281b324-f854-4a95-af39-03dc79ba966d: shutdown FollowerState
2019-09-28 05:20:27,786 [Thread-431] INFO  impl.RaftServerImpl (RaftServerImpl.java:setRole(174)) - 2281b324-f854-4a95-af39-03dc79ba966d@group-69C14BF87897: changes role from  FOLLOWER to CANDIDATE at term 2 for changeToCandidate
2019-09-28 05:20:27,787 [Thread-431] INFO  impl.RoleInfo (RoleInfo.java:updateAndGet(143)) - 2281b324-f854-4a95-af39-03dc79ba966d: start LeaderElection
2019-09-28 05:20:27,790 [Thread-423] INFO  impl.FollowerState (FollowerState.java:run(106)) - 3146fa5d-e5c6-4e63-841a-7d53ea24ae40:group-EAC0867A6D39 changes to CANDIDATE, lastRpcTime:5129, electionTimeout:5123ms
2019-09-28 05:20:27,790 [Thread-423] INFO  impl.RoleInfo (RoleInfo.java:shutdownFollowerState(121)) - 3146fa5d-e5c6-4e63-841a-7d53ea24ae40: shutdown FollowerState
2019-09-28 05:20:27,791 [Thread-423] INFO  impl.RaftServerImpl (RaftServerImpl.java:setRole(174)) - 3146fa5d-e5c6-4e63-841a-7d53ea24ae40@group-EAC0867A6D39: changes role from  FOLLOWER to CANDIDATE at term 2 for changeToCandidate
2019-09-28 05:20:27,791 [Thread-423] INFO  impl.RoleInfo (RoleInfo.java:updateAndGet(143)) - 3146fa5d-e5c6-4e63-841a-7d53ea24ae40: start LeaderElection
2019-09-28 05:20:27,795 [5f286e7f-19f8-4729-a00b-ef22147f3cdc@group-4A430A7D4CD7:LeaderElection29] INFO  impl.LeaderElection (LeaderElection.java:askForVotes(182)) - 5f286e7f-19f8-4729-a00b-ef22147f3cdc@group-4A430A7D4CD7:LeaderElection29: begin an election at term 3 for -1: [0ba2b8dd-18f6-415c-ba16-f29fd4260be6:192.168.151.82:40559, df93b021-79d7-434f-92a0-2f93bc69c3ad:192.168.151.82:40601, 5f286e7f-19f8-4729-a00b-ef22147f3cdc:192.168.151.82:36144], old=null
2019-09-28 05:20:27,798 [3146fa5d-e5c6-4e63-841a-7d53ea24ae40@group-EAC0867A6D39:LeaderElection31] INFO  impl.LeaderElection (LeaderElection.java:askForVotes(182)) - 3146fa5d-e5c6-4e63-841a-7d53ea24ae40@group-EAC0867A6D39:LeaderElection31: begin an election at term 3 for -1: [b872e21c-1358-4bb4-b15c-ab96323b2cb2:192.168.151.82:40730, 1081e6c3-a479-41d4-bd3b-fa3b39302f1a:192.168.151.82:41993, 3146fa5d-e5c6-4e63-841a-7d53ea24ae40:192.168.151.82:37509], old=null
2019-09-28 05:20:27,798 [2281b324-f854-4a95-af39-03dc79ba966d@group-69C14BF87897:LeaderElection30] INFO  impl.LeaderElection (LeaderElection.java:askForVotes(182)) - 2281b324-f854-4a95-af39-03dc79ba966d@group-69C14BF87897:LeaderElection30: begin an election at term 3 for -1: [8e781dd0-206b-4bcd-9fba-4b95742bd983:192.168.151.82:36797, 2c46d123-7bf4-4340-80ca-a2d1885ebc1e:192.168.151.82:37073, 2281b324-f854-4a95-af39-03dc79ba966d:192.168.151.82:46286], old=null
2019-09-28 05:20:27,803 [grpc-default-executor-0] INFO  impl.RaftServerImpl (RaftServerImpl.java:setRole(174)) - df93b021-79d7-434f-92a0-2f93bc69c3ad@group-4A430A7D4CD7: changes role from  FOLLOWER to FOLLOWER at term 3 for recognizeCandidate:5f286e7f-19f8-4729-a00b-ef22147f3cdc
2019-09-28 05:20:27,803 [grpc-default-executor-7] INFO  impl.RaftServerImpl (RaftServerImpl.java:setRole(174)) - 0ba2b8dd-18f6-415c-ba16-f29fd4260be6@group-4A430A7D4CD7: changes role from  FOLLOWER to FOLLOWER at term 3 for recognizeCandidate:5f286e7f-19f8-4729-a00b-ef22147f3cdc
2019-09-28 05:20:27,804 [grpc-default-executor-0] INFO  impl.RoleInfo (RoleInfo.java:shutdownFollowerState(121)) - df93b021-79d7-434f-92a0-2f93bc69c3ad: shutdown FollowerState
2019-09-28 05:20:27,804 [grpc-default-executor-7] INFO  impl.RoleInfo (RoleInfo.java:shutdownFollowerState(121)) - 0ba2b8dd-18f6-415c-ba16-f29fd4260be6: shutdown FollowerState
2019-09-28 05:20:27,804 [Thread-433] INFO  impl.FollowerState (FollowerState.java:run(115)) - df93b021-79d7-434f-92a0-2f93bc69c3ad: FollowerState was interrupted: java.lang.InterruptedException: sleep interrupted
2019-09-28 05:20:27,805 [Thread-435] INFO  impl.FollowerState (FollowerState.java:run(115)) - 0ba2b8dd-18f6-415c-ba16-f29fd4260be6: FollowerState was interrupted: java.lang.InterruptedException: sleep interrupted
2019-09-28 05:20:27,804 [grpc-default-executor-8] INFO  impl.RaftServerImpl (RaftServerImpl.java:setRole(174)) - b872e21c-1358-4bb4-b15c-ab96323b2cb2@group-EAC0867A6D39: changes role from  FOLLOWER to FOLLOWER at term 3 for recognizeCandidate:3146fa5d-e5c6-4e63-841a-7d53ea24ae40
2019-09-28 05:20:27,812 [grpc-default-executor-8] INFO  impl.RoleInfo (RoleInfo.java:shutdownFollowerState(121)) - b872e21c-1358-4bb4-b15c-ab96323b2cb2: shutdown FollowerState
2019-09-28 05:20:27,804 [grpc-default-executor-0] INFO  impl.RoleInfo (RoleInfo.java:updateAndGet(143)) - df93b021-79d7-434f-92a0-2f93bc69c3ad: start FollowerState
2019-09-28 05:20:27,813 [Thread-429] INFO  impl.FollowerState (FollowerState.java:run(115)) - b872e21c-1358-4bb4-b15c-ab96323b2cb2: FollowerState was interrupted: java.lang.InterruptedException: sleep interrupted
2019-09-28 05:20:27,813 [grpc-default-executor-8] INFO  impl.RoleInfo (RoleInfo.java:updateAndGet(143)) - b872e21c-1358-4bb4-b15c-ab96323b2cb2: start FollowerState
2019-09-28 05:20:27,805 [grpc-default-executor-7] INFO  impl.RoleInfo (RoleInfo.java:updateAndGet(143)) - 0ba2b8dd-18f6-415c-ba16-f29fd4260be6: start FollowerState
2019-09-28 05:20:27,817 [grpc-default-executor-5] INFO  impl.RaftServerImpl (RaftServerImpl.java:setRole(174)) - 1081e6c3-a479-41d4-bd3b-fa3b39302f1a@group-EAC0867A6D39: changes role from  FOLLOWER to FOLLOWER at term 3 for recognizeCandidate:3146fa5d-e5c6-4e63-841a-7d53ea24ae40
2019-09-28 05:20:27,817 [grpc-default-executor-1] INFO  impl.RaftServerImpl (RaftServerImpl.java:setRole(174)) - 8e781dd0-206b-4bcd-9fba-4b95742bd983@group-69C14BF87897: changes role from  FOLLOWER to FOLLOWER at term 3 for recognizeCandidate:2281b324-f854-4a95-af39-03dc79ba966d
2019-09-28 05:20:27,818 [grpc-default-executor-1] INFO  impl.RoleInfo (RoleInfo.java:shutdownFollowerState(121)) - 8e781dd0-206b-4bcd-9fba-4b95742bd983: shutdown FollowerState
2019-09-28 05:20:27,817 [grpc-default-executor-4] INFO  impl.RaftServerImpl (RaftServerImpl.java:setRole(174)) - 2c46d123-7bf4-4340-80ca-a2d1885ebc1e@group-69C14BF87897: changes role from  FOLLOWER to FOLLOWER at term 3 for recognizeCandidate:2281b324-f854-4a95-af39-03dc79ba966d
2019-09-28 05:20:27,818 [Thread-428] INFO  impl.FollowerState (FollowerState.java:run(115)) - 8e781dd0-206b-4bcd-9fba-4b95742bd983: FollowerState was interrupted: java.lang.InterruptedException: sleep interrupted
2019-09-28 05:20:27,818 [grpc-default-executor-1] INFO  impl.RoleInfo (RoleInfo.java:updateAndGet(143)) - 8e781dd0-206b-4bcd-9fba-4b95742bd983: start FollowerState
2019-09-28 05:20:27,817 [grpc-default-executor-5] INFO  impl.RoleInfo (RoleInfo.java:shutdownFollowerState(121)) - 1081e6c3-a479-41d4-bd3b-fa3b39302f1a: shutdown FollowerState
2019-09-28 05:20:27,824 [grpc-default-executor-4] INFO  impl.RoleInfo (RoleInfo.java:shutdownFollowerState(121)) - 2c46d123-7bf4-4340-80ca-a2d1885ebc1e: shutdown FollowerState
2019-09-28 05:20:27,828 [Thread-432] INFO  impl.FollowerState (FollowerState.java:run(115)) - 1081e6c3-a479-41d4-bd3b-fa3b39302f1a: FollowerState was interrupted: java.lang.InterruptedException: sleep interrupted
2019-09-28 05:20:27,828 [Thread-430] INFO  impl.FollowerState (FollowerState.java:run(115)) - 2c46d123-7bf4-4340-80ca-a2d1885ebc1e: FollowerState was interrupted: java.lang.InterruptedException: sleep interrupted
2019-09-28 05:20:27,828 [grpc-default-executor-5] INFO  impl.RoleInfo (RoleInfo.java:updateAndGet(143)) - 1081e6c3-a479-41d4-bd3b-fa3b39302f1a: start FollowerState
2019-09-28 05:20:27,828 [grpc-default-executor-4] INFO  impl.RoleInfo (RoleInfo.java:updateAndGet(143)) - 2c46d123-7bf4-4340-80ca-a2d1885ebc1e: start FollowerState
2019-09-28 05:20:27,865 [3146fa5d-e5c6-4e63-841a-7d53ea24ae40@group-EAC0867A6D39:LeaderElection31] INFO  impl.LeaderElection (LeaderElection.java:logAndReturn(56)) - 3146fa5d-e5c6-4e63-841a-7d53ea24ae40@group-EAC0867A6D39:LeaderElection31: Election PASSED; received 1 response(s) [3146fa5d-e5c6-4e63-841a-7d53ea24ae40<-b872e21c-1358-4bb4-b15c-ab96323b2cb2#0:OK-t3] and 0 exception(s); 3146fa5d-e5c6-4e63-841a-7d53ea24ae40@group-EAC0867A6D39:t3, leader=null, voted=3146fa5d-e5c6-4e63-841a-7d53ea24ae40, raftlog=3146fa5d-e5c6-4e63-841a-7d53ea24ae40@group-EAC0867A6D39-SegmentedRaftLog:OPENED:c-1,f-1,i0, conf=-1: [b872e21c-1358-4bb4-b15c-ab96323b2cb2:192.168.151.82:40730, 1081e6c3-a479-41d4-bd3b-fa3b39302f1a:192.168.151.82:41993, 3146fa5d-e5c6-4e63-841a-7d53ea24ae40:192.168.151.82:37509], old=null
2019-09-28 05:20:27,866 [3146fa5d-e5c6-4e63-841a-7d53ea24ae40@group-EAC0867A6D39:LeaderElection31] INFO  impl.RoleInfo (RoleInfo.java:shutdownLeaderElection(134)) - 3146fa5d-e5c6-4e63-841a-7d53ea24ae40: shutdown LeaderElection
2019-09-28 05:20:27,866 [3146fa5d-e5c6-4e63-841a-7d53ea24ae40@group-EAC0867A6D39:LeaderElection31] INFO  impl.RaftServerImpl (RaftServerImpl.java:setRole(174)) - 3146fa5d-e5c6-4e63-841a-7d53ea24ae40@group-EAC0867A6D39: changes role from CANDIDATE to LEADER at term 3 for changeToLeader
2019-09-28 05:20:27,866 [3146fa5d-e5c6-4e63-841a-7d53ea24ae40@group-EAC0867A6D39:LeaderElection31] INFO  impl.RaftServerImpl (ServerState.java:setLeader(253)) - 3146fa5d-e5c6-4e63-841a-7d53ea24ae40@group-EAC0867A6D39: change Leader from null to 3146fa5d-e5c6-4e63-841a-7d53ea24ae40 at term 3 for becomeLeader, leader elected after 15845ms
2019-09-28 05:20:27,866 [2281b324-f854-4a95-af39-03dc79ba966d@group-69C14BF87897:LeaderElection30] INFO  impl.LeaderElection (LeaderElection.java:logAndReturn(56)) - 2281b324-f854-4a95-af39-03dc79ba966d@group-69C14BF87897:LeaderElection30: Election PASSED; received 1 response(s) [2281b324-f854-4a95-af39-03dc79ba966d<-2c46d123-7bf4-4340-80ca-a2d1885ebc1e#0:OK-t3] and 0 exception(s); 2281b324-f854-4a95-af39-03dc79ba966d@group-69C14BF87897:t3, leader=null, voted=2281b324-f854-4a95-af39-03dc79ba966d, raftlog=2281b324-f854-4a95-af39-03dc79ba966d@group-69C14BF87897-SegmentedRaftLog:OPENED:c-1,f-1,i0, conf=-1: [8e781dd0-206b-4bcd-9fba-4b95742bd983:192.168.151.82:36797, 2c46d123-7bf4-4340-80ca-a2d1885ebc1e:192.168.151.82:37073, 2281b324-f854-4a95-af39-03dc79ba966d:192.168.151.82:46286], old=null
2019-09-28 05:20:27,871 [3146fa5d-e5c6-4e63-841a-7d53ea24ae40@group-EAC0867A6D39:LeaderElection31] INFO  server.RaftServerConfigKeys (ConfUtils.java:logGet(43)) - raft.server.staging.catchup.gap = 1000 (default)
2019-09-28 05:20:27,871 [2281b324-f854-4a95-af39-03dc79ba966d@group-69C14BF87897:LeaderElection30] INFO  impl.RoleInfo (RoleInfo.java:shutdownLeaderElection(134)) - 2281b324-f854-4a95-af39-03dc79ba966d: shutdown LeaderElection
2019-09-28 05:20:27,872 [3146fa5d-e5c6-4e63-841a-7d53ea24ae40@group-EAC0867A6D39:LeaderElection31] INFO  server.RaftServerConfigKeys (ConfUtils.java:logGet(43)) - raft.server.rpc.sleep.time = 25ms (default)
2019-09-28 05:20:27,874 [2281b324-f854-4a95-af39-03dc79ba966d@group-69C14BF87897:LeaderElection30] INFO  impl.RaftServerImpl (RaftServerImpl.java:setRole(174)) - 2281b324-f854-4a95-af39-03dc79ba966d@group-69C14BF87897: changes role from CANDIDATE to LEADER at term 3 for changeToLeader
2019-09-28 05:20:27,874 [5f286e7f-19f8-4729-a00b-ef22147f3cdc@group-4A430A7D4CD7:LeaderElection29] INFO  impl.LeaderElection (LeaderElection.java:logAndReturn(56)) - 5f286e7f-19f8-4729-a00b-ef22147f3cdc@group-4A430A7D4CD7:LeaderElection29: Election PASSED; received 1 response(s) [5f286e7f-19f8-4729-a00b-ef22147f3cdc<-df93b021-79d7-434f-92a0-2f93bc69c3ad#0:OK-t3] and 0 exception(s); 5f286e7f-19f8-4729-a00b-ef22147f3cdc@group-4A430A7D4CD7:t3, leader=null, voted=5f286e7f-19f8-4729-a00b-ef22147f3cdc, raftlog=5f286e7f-19f8-4729-a00b-ef22147f3cdc@group-4A430A7D4CD7-SegmentedRaftLog:OPENED:c-1,f-1,i0, conf=-1: [0ba2b8dd-18f6-415c-ba16-f29fd4260be6:192.168.151.82:40559, df93b021-79d7-434f-92a0-2f93bc69c3ad:192.168.151.82:40601, 5f286e7f-19f8-4729-a00b-ef22147f3cdc:192.168.151.82:36144], old=null
2019-09-28 05:20:27,874 [3146fa5d-e5c6-4e63-841a-7d53ea24ae40@group-EAC0867A6D39:LeaderElection31] INFO  server.RaftServerConfigKeys (ConfUtils.java:logGet(43)) - raft.server.write.element-limit = 4096 (default)
2019-09-28 05:20:27,874 [2281b324-f854-4a95-af39-03dc79ba966d@group-69C14BF87897:LeaderElection30] INFO  impl.RaftServerImpl (ServerState.java:setLeader(253)) - 2281b324-f854-4a95-af39-03dc79ba966d@group-69C14BF87897: change Leader from null to 2281b324-f854-4a95-af39-03dc79ba966d at term 3 for becomeLeader, leader elected after 15749ms
2019-09-28 05:20:27,877 [3146fa5d-e5c6-4e63-841a-7d53ea24ae40@group-EAC0867A6D39:LeaderElection31] INFO  server.RaftServerConfigKeys (ConfUtils.java:logGet(43)) - raft.server.watch.timeout = 10s (default)
2019-09-28 05:20:27,875 [5f286e7f-19f8-4729-a00b-ef22147f3cdc@group-4A430A7D4CD7:LeaderElection29] INFO  impl.RoleInfo (RoleInfo.java:shutdownLeaderElection(134)) - 5f286e7f-19f8-4729-a00b-ef22147f3cdc: shutdown LeaderElection
2019-09-28 05:20:27,877 [3146fa5d-e5c6-4e63-841a-7d53ea24ae40@group-EAC0867A6D39:LeaderElection31] INFO  server.RaftServerConfigKeys (ConfUtils.java:logGet(43)) - raft.server.watch.timeout.denomination = 1s (default)
2019-09-28 05:20:27,877 [2281b324-f854-4a95-af39-03dc79ba966d@group-69C14BF87897:LeaderElection30] INFO  server.RaftServerConfigKeys (ConfUtils.java:logGet(43)) - raft.server.staging.catchup.gap = 1000 (default)
2019-09-28 05:20:27,878 [3146fa5d-e5c6-4e63-841a-7d53ea24ae40@group-EAC0867A6D39:LeaderElection31] INFO  server.RaftServerConfigKeys (ConfUtils.java:logGet(43)) - raft.server.watch.element-limit = 65536 (default)
2019-09-28 05:20:27,877 [5f286e7f-19f8-4729-a00b-ef22147f3cdc@group-4A430A7D4CD7:LeaderElection29] INFO  impl.RaftServerImpl (RaftServerImpl.java:setRole(174)) - 5f286e7f-19f8-4729-a00b-ef22147f3cdc@group-4A430A7D4CD7: changes role from CANDIDATE to LEADER at term 3 for changeToLeader
2019-09-28 05:20:27,878 [2281b324-f854-4a95-af39-03dc79ba966d@group-69C14BF87897:LeaderElection30] INFO  server.RaftServerConfigKeys (ConfUtils.java:logGet(43)) - raft.server.rpc.sleep.time = 25ms (default)
2019-09-28 05:20:27,878 [5f286e7f-19f8-4729-a00b-ef22147f3cdc@group-4A430A7D4CD7:LeaderElection29] INFO  impl.RaftServerImpl (ServerState.java:setLeader(253)) - 5f286e7f-19f8-4729-a00b-ef22147f3cdc@group-4A430A7D4CD7: change Leader from null to 5f286e7f-19f8-4729-a00b-ef22147f3cdc at term 3 for becomeLeader, leader elected after 15661ms
2019-09-28 05:20:27,878 [2281b324-f854-4a95-af39-03dc79ba966d@group-69C14BF87897:LeaderElection30] INFO  server.RaftServerConfigKeys (ConfUtils.java:logGet(43)) - raft.server.write.element-limit = 4096 (default)
2019-09-28 05:20:27,878 [5f286e7f-19f8-4729-a00b-ef22147f3cdc@group-4A430A7D4CD7:LeaderElection29] INFO  server.RaftServerConfigKeys (ConfUtils.java:logGet(43)) - raft.server.staging.catchup.gap = 1000 (default)
2019-09-28 05:20:27,879 [2281b324-f854-4a95-af39-03dc79ba966d@group-69C14BF87897:LeaderElection30] INFO  server.RaftServerConfigKeys (ConfUtils.java:logGet(43)) - raft.server.watch.timeout = 10s (default)
2019-09-28 05:20:27,879 [5f286e7f-19f8-4729-a00b-ef22147f3cdc@group-4A430A7D4CD7:LeaderElection29] INFO  server.RaftServerConfigKeys (ConfUtils.java:logGet(43)) - raft.server.rpc.sleep.time = 25ms (default)
2019-09-28 05:20:27,879 [2281b324-f854-4a95-af39-03dc79ba966d@group-69C14BF87897:LeaderElection30] INFO  server.RaftServerConfigKeys (ConfUtils.java:logGet(43)) - raft.server.watch.timeout.denomination = 1s (default)
2019-09-28 05:20:27,879 [5f286e7f-19f8-4729-a00b-ef22147f3cdc@group-4A430A7D4CD7:LeaderElection29] INFO  server.RaftServerConfigKeys (ConfUtils.java:logGet(43)) - raft.server.write.element-limit = 4096 (default)
2019-09-28 05:20:27,879 [2281b324-f854-4a95-af39-03dc79ba966d@group-69C14BF87897:LeaderElection30] INFO  server.RaftServerConfigKeys (ConfUtils.java:logGet(43)) - raft.server.watch.element-limit = 65536 (default)
2019-09-28 05:20:27,879 [5f286e7f-19f8-4729-a00b-ef22147f3cdc@group-4A430A7D4CD7:LeaderElection29] INFO  server.RaftServerConfigKeys (ConfUtils.java:logGet(43)) - raft.server.watch.timeout = 10s (default)
2019-09-28 05:20:27,880 [5f286e7f-19f8-4729-a00b-ef22147f3cdc@group-4A430A7D4CD7:LeaderElection29] INFO  server.RaftServerConfigKeys (ConfUtils.java:logGet(43)) - raft.server.watch.timeout.denomination = 1s (default)
2019-09-28 05:20:27,880 [5f286e7f-19f8-4729-a00b-ef22147f3cdc@group-4A430A7D4CD7:LeaderElection29] INFO  server.RaftServerConfigKeys (ConfUtils.java:logGet(43)) - raft.server.watch.element-limit = 65536 (default)
2019-09-28 05:20:27,890 [2281b324-f854-4a95-af39-03dc79ba966d@group-69C14BF87897:LeaderElection30] INFO  server.RaftServerConfigKeys (ConfUtils.java:logGet(43)) - raft.server.log.appender.snapshot.chunk.size.max = 16MB (=16777216) (default)
2019-09-28 05:20:27,890 [5f286e7f-19f8-4729-a00b-ef22147f3cdc@group-4A430A7D4CD7:LeaderElection29] INFO  server.RaftServerConfigKeys (ConfUtils.java:logGet(43)) - raft.server.log.appender.snapshot.chunk.size.max = 16MB (=16777216) (default)
2019-09-28 05:20:27,890 [3146fa5d-e5c6-4e63-841a-7d53ea24ae40@group-EAC0867A6D39:LeaderElection31] INFO  server.RaftServerConfigKeys (ConfUtils.java:logGet(43)) - raft.server.log.appender.snapshot.chunk.size.max = 16MB (=16777216) (default)
2019-09-28 05:20:27,890 [5f286e7f-19f8-4729-a00b-ef22147f3cdc@group-4A430A7D4CD7:LeaderElection29] INFO  server.RaftServerConfigKeys (ConfUtils.java:logGet(43)) - raft.server.log.appender.buffer.byte-limit = 33554432 (custom)
2019-09-28 05:20:27,890 [2281b324-f854-4a95-af39-03dc79ba966d@group-69C14BF87897:LeaderElection30] INFO  server.RaftServerConfigKeys (ConfUtils.java:logGet(43)) - raft.server.log.appender.buffer.byte-limit = 33554432 (custom)
2019-09-28 05:20:27,891 [3146fa5d-e5c6-4e63-841a-7d53ea24ae40@group-EAC0867A6D39:LeaderElection31] INFO  server.RaftServerConfigKeys (ConfUtils.java:logGet(43)) - raft.server.log.appender.buffer.byte-limit = 33554432 (custom)
2019-09-28 05:20:27,892 [2281b324-f854-4a95-af39-03dc79ba966d@group-69C14BF87897:LeaderElection30] INFO  server.RaftServerConfigKeys (ConfUtils.java:logGet(43)) - raft.server.log.appender.buffer.element-limit = 1 (custom)
2019-09-28 05:20:27,892 [5f286e7f-19f8-4729-a00b-ef22147f3cdc@group-4A430A7D4CD7:LeaderElection29] INFO  server.RaftServerConfigKeys (ConfUtils.java:logGet(43)) - raft.server.log.appender.buffer.element-limit = 1 (custom)
2019-09-28 05:20:27,892 [3146fa5d-e5c6-4e63-841a-7d53ea24ae40@group-EAC0867A6D39:LeaderElection31] INFO  server.RaftServerConfigKeys (ConfUtils.java:logGet(43)) - raft.server.log.appender.buffer.element-limit = 1 (custom)
2019-09-28 05:20:27,897 [2281b324-f854-4a95-af39-03dc79ba966d@group-69C14BF87897:LeaderElection30] INFO  grpc.GrpcConfigKeys$Server (ConfUtils.java:logGet(43)) - raft.grpc.server.leader.outstanding.appends.max = 128 (default)
2019-09-28 05:20:27,897 [5f286e7f-19f8-4729-a00b-ef22147f3cdc@group-4A430A7D4CD7:LeaderElection29] INFO  grpc.GrpcConfigKeys$Server (ConfUtils.java:logGet(43)) - raft.grpc.server.leader.outstanding.appends.max = 128 (default)
2019-09-28 05:20:27,897 [3146fa5d-e5c6-4e63-841a-7d53ea24ae40@group-EAC0867A6D39:LeaderElection31] INFO  grpc.GrpcConfigKeys$Server (ConfUtils.java:logGet(43)) - raft.grpc.server.leader.outstanding.appends.max = 128 (default)
2019-09-28 05:20:27,922 [5f286e7f-19f8-4729-a00b-ef22147f3cdc@group-4A430A7D4CD7:LeaderElection29] INFO  server.RaftServerConfigKeys (ConfUtils.java:logGet(43)) - raft.server.rpc.request.timeout = 3000ms (default)
2019-09-28 05:20:27,922 [2281b324-f854-4a95-af39-03dc79ba966d@group-69C14BF87897:LeaderElection30] INFO  server.RaftServerConfigKeys (ConfUtils.java:logGet(43)) - raft.server.rpc.request.timeout = 3000ms (default)
2019-09-28 05:20:27,923 [5f286e7f-19f8-4729-a00b-ef22147f3cdc@group-4A430A7D4CD7:LeaderElection29] INFO  server.RaftServerConfigKeys (ConfUtils.java:logGet(43)) - raft.server.log.appender.install.snapshot.enabled = false (custom)
2019-09-28 05:20:27,923 [3146fa5d-e5c6-4e63-841a-7d53ea24ae40@group-EAC0867A6D39:LeaderElection31] INFO  server.RaftServerConfigKeys (ConfUtils.java:logGet(43)) - raft.server.rpc.request.timeout = 3000ms (default)
2019-09-28 05:20:27,923 [2281b324-f854-4a95-af39-03dc79ba966d@group-69C14BF87897:LeaderElection30] INFO  server.RaftServerConfigKeys (ConfUtils.java:logGet(43)) - raft.server.log.appender.install.snapshot.enabled = false (custom)
2019-09-28 05:20:27,924 [3146fa5d-e5c6-4e63-841a-7d53ea24ae40@group-EAC0867A6D39:LeaderElection31] INFO  server.RaftServerConfigKeys (ConfUtils.java:logGet(43)) - raft.server.log.appender.install.snapshot.enabled = false (custom)
2019-09-28 05:20:27,925 [5f286e7f-19f8-4729-a00b-ef22147f3cdc@group-4A430A7D4CD7:LeaderElection29] INFO  server.RaftServerConfigKeys (ConfUtils.java:logGet(43)) - raft.server.log.appender.snapshot.chunk.size.max = 16MB (=16777216) (default)
2019-09-28 05:20:27,925 [2281b324-f854-4a95-af39-03dc79ba966d@group-69C14BF87897:LeaderElection30] INFO  server.RaftServerConfigKeys (ConfUtils.java:logGet(43)) - raft.server.log.appender.snapshot.chunk.size.max = 16MB (=16777216) (default)
2019-09-28 05:20:27,925 [3146fa5d-e5c6-4e63-841a-7d53ea24ae40@group-EAC0867A6D39:LeaderElection31] INFO  server.RaftServerConfigKeys (ConfUtils.java:logGet(43)) - raft.server.log.appender.snapshot.chunk.size.max = 16MB (=16777216) (default)
2019-09-28 05:20:27,925 [2281b324-f854-4a95-af39-03dc79ba966d@group-69C14BF87897:LeaderElection30] INFO  server.RaftServerConfigKeys (ConfUtils.java:logGet(43)) - raft.server.log.appender.buffer.byte-limit = 33554432 (custom)
2019-09-28 05:20:27,925 [5f286e7f-19f8-4729-a00b-ef22147f3cdc@group-4A430A7D4CD7:LeaderElection29] INFO  server.RaftServerConfigKeys (ConfUtils.java:logGet(43)) - raft.server.log.appender.buffer.byte-limit = 33554432 (custom)
2019-09-28 05:20:27,926 [2281b324-f854-4a95-af39-03dc79ba966d@group-69C14BF87897:LeaderElection30] INFO  server.RaftServerConfigKeys (ConfUtils.java:logGet(43)) - raft.server.log.appender.buffer.element-limit = 1 (custom)
2019-09-28 05:20:27,926 [3146fa5d-e5c6-4e63-841a-7d53ea24ae40@group-EAC0867A6D39:LeaderElection31] INFO  server.RaftServerConfigKeys (ConfUtils.java:logGet(43)) - raft.server.log.appender.buffer.byte-limit = 33554432 (custom)
2019-09-28 05:20:27,926 [2281b324-f854-4a95-af39-03dc79ba966d@group-69C14BF87897:LeaderElection30] INFO  grpc.GrpcConfigKeys$Server (ConfUtils.java:logGet(43)) - raft.grpc.server.leader.outstanding.appends.max = 128 (default)
2019-09-28 05:20:27,926 [5f286e7f-19f8-4729-a00b-ef22147f3cdc@group-4A430A7D4CD7:LeaderElection29] INFO  server.RaftServerConfigKeys (ConfUtils.java:logGet(43)) - raft.server.log.appender.buffer.element-limit = 1 (custom)
2019-09-28 05:20:27,927 [2281b324-f854-4a95-af39-03dc79ba966d@group-69C14BF87897:LeaderElection30] INFO  server.RaftServerConfigKeys (ConfUtils.java:logGet(43)) - raft.server.rpc.request.timeout = 3000ms (default)
2019-09-28 05:20:27,927 [2281b324-f854-4a95-af39-03dc79ba966d@group-69C14BF87897:LeaderElection30] INFO  server.RaftServerConfigKeys (ConfUtils.java:logGet(43)) - raft.server.log.appender.install.snapshot.enabled = false (custom)
2019-09-28 05:20:27,927 [3146fa5d-e5c6-4e63-841a-7d53ea24ae40@group-EAC0867A6D39:LeaderElection31] INFO  server.RaftServerConfigKeys (ConfUtils.java:logGet(43)) - raft.server.log.appender.buffer.element-limit = 1 (custom)
2019-09-28 05:20:27,927 [5f286e7f-19f8-4729-a00b-ef22147f3cdc@group-4A430A7D4CD7:LeaderElection29] INFO  grpc.GrpcConfigKeys$Server (ConfUtils.java:logGet(43)) - raft.grpc.server.leader.outstanding.appends.max = 128 (default)
2019-09-28 05:20:27,928 [3146fa5d-e5c6-4e63-841a-7d53ea24ae40@group-EAC0867A6D39:LeaderElection31] INFO  grpc.GrpcConfigKeys$Server (ConfUtils.java:logGet(43)) - raft.grpc.server.leader.outstanding.appends.max = 128 (default)
2019-09-28 05:20:27,928 [5f286e7f-19f8-4729-a00b-ef22147f3cdc@group-4A430A7D4CD7:LeaderElection29] INFO  server.RaftServerConfigKeys (ConfUtils.java:logGet(43)) - raft.server.rpc.request.timeout = 3000ms (default)
2019-09-28 05:20:27,928 [3146fa5d-e5c6-4e63-841a-7d53ea24ae40@group-EAC0867A6D39:LeaderElection31] INFO  server.RaftServerConfigKeys (ConfUtils.java:logGet(43)) - raft.server.rpc.request.timeout = 3000ms (default)
2019-09-28 05:20:27,928 [5f286e7f-19f8-4729-a00b-ef22147f3cdc@group-4A430A7D4CD7:LeaderElection29] INFO  server.RaftServerConfigKeys (ConfUtils.java:logGet(43)) - raft.server.log.appender.install.snapshot.enabled = false (custom)
2019-09-28 05:20:27,928 [3146fa5d-e5c6-4e63-841a-7d53ea24ae40@group-EAC0867A6D39:LeaderElection31] INFO  server.RaftServerConfigKeys (ConfUtils.java:logGet(43)) - raft.server.log.appender.install.snapshot.enabled = false (custom)
2019-09-28 05:20:27,932 [5f286e7f-19f8-4729-a00b-ef22147f3cdc@group-4A430A7D4CD7:LeaderElection29] INFO  impl.RoleInfo (RoleInfo.java:updateAndGet(143)) - 5f286e7f-19f8-4729-a00b-ef22147f3cdc: start LeaderState
2019-09-28 05:20:27,932 [2281b324-f854-4a95-af39-03dc79ba966d@group-69C14BF87897:LeaderElection30] INFO  impl.RoleInfo (RoleInfo.java:updateAndGet(143)) - 2281b324-f854-4a95-af39-03dc79ba966d: start LeaderState
2019-09-28 05:20:27,932 [3146fa5d-e5c6-4e63-841a-7d53ea24ae40@group-EAC0867A6D39:LeaderElection31] INFO  impl.RoleInfo (RoleInfo.java:updateAndGet(143)) - 3146fa5d-e5c6-4e63-841a-7d53ea24ae40: start LeaderState
2019-09-28 05:20:27,933 [5f286e7f-19f8-4729-a00b-ef22147f3cdc@group-4A430A7D4CD7:LeaderElection29] INFO  segmented.SegmentedRaftLogWorker (SegmentedRaftLogWorker.java:startLogSegment(380)) - 5f286e7f-19f8-4729-a00b-ef22147f3cdc@group-4A430A7D4CD7-SegmentedRaftLogWorker: Starting segment from index:0
2019-09-28 05:20:27,933 [2281b324-f854-4a95-af39-03dc79ba966d@group-69C14BF87897:LeaderElection30] INFO  segmented.SegmentedRaftLogWorker (SegmentedRaftLogWorker.java:startLogSegment(380)) - 2281b324-f854-4a95-af39-03dc79ba966d@group-69C14BF87897-SegmentedRaftLogWorker: Starting segment from index:0
2019-09-28 05:20:27,933 [3146fa5d-e5c6-4e63-841a-7d53ea24ae40@group-EAC0867A6D39:LeaderElection31] INFO  segmented.SegmentedRaftLogWorker (SegmentedRaftLogWorker.java:startLogSegment(380)) - 3146fa5d-e5c6-4e63-841a-7d53ea24ae40@group-EAC0867A6D39-SegmentedRaftLogWorker: Starting segment from index:0
2019-09-28 05:20:27,935 [5f286e7f-19f8-4729-a00b-ef22147f3cdc@group-4A430A7D4CD7:LeaderElection29] INFO  impl.RaftServerImpl (ServerState.java:setRaftConf(354)) - 5f286e7f-19f8-4729-a00b-ef22147f3cdc@group-4A430A7D4CD7: set configuration 0: [0ba2b8dd-18f6-415c-ba16-f29fd4260be6:192.168.151.82:40559, df93b021-79d7-434f-92a0-2f93bc69c3ad:192.168.151.82:40601, 5f286e7f-19f8-4729-a00b-ef22147f3cdc:192.168.151.82:36144], old=null at 0
2019-09-28 05:20:27,936 [2281b324-f854-4a95-af39-03dc79ba966d@group-69C14BF87897:LeaderElection30] INFO  impl.RaftServerImpl (ServerState.java:setRaftConf(354)) - 2281b324-f854-4a95-af39-03dc79ba966d@group-69C14BF87897: set configuration 0: [8e781dd0-206b-4bcd-9fba-4b95742bd983:192.168.151.82:36797, 2c46d123-7bf4-4340-80ca-a2d1885ebc1e:192.168.151.82:37073, 2281b324-f854-4a95-af39-03dc79ba966d:192.168.151.82:46286], old=null at 0
2019-09-28 05:20:27,936 [3146fa5d-e5c6-4e63-841a-7d53ea24ae40@group-EAC0867A6D39:LeaderElection31] INFO  impl.RaftServerImpl (ServerState.java:setRaftConf(354)) - 3146fa5d-e5c6-4e63-841a-7d53ea24ae40@group-EAC0867A6D39: set configuration 0: [b872e21c-1358-4bb4-b15c-ab96323b2cb2:192.168.151.82:40730, 1081e6c3-a479-41d4-bd3b-fa3b39302f1a:192.168.151.82:41993, 3146fa5d-e5c6-4e63-841a-7d53ea24ae40:192.168.151.82:37509], old=null at 0
2019-09-28 05:20:27,988 [2281b324-f854-4a95-af39-03dc79ba966d@group-69C14BF87897-SegmentedRaftLogWorker] INFO  segmented.SegmentedRaftLogWorker (SegmentedRaftLogWorker.java:execute(569)) - 2281b324-f854-4a95-af39-03dc79ba966d@group-69C14BF87897-SegmentedRaftLogWorker: created new log segment /workdir/hadoop-ozone/ozonefs/target/test-dir/MiniOzoneClusterImpl-e9b0d3cb-1d9a-4496-a942-908b9fc97c2b/datanode-3/data/ratis/acc4f986-6099-47f8-ac1b-69c14bf87897/current/log_inprogress_0
2019-09-28 05:20:27,988 [5f286e7f-19f8-4729-a00b-ef22147f3cdc@group-4A430A7D4CD7-SegmentedRaftLogWorker] INFO  segmented.SegmentedRaftLogWorker (SegmentedRaftLogWorker.java:execute(569)) - 5f286e7f-19f8-4729-a00b-ef22147f3cdc@group-4A430A7D4CD7-SegmentedRaftLogWorker: created new log segment /workdir/hadoop-ozone/ozonefs/target/test-dir/MiniOzoneClusterImpl-e9b0d3cb-1d9a-4496-a942-908b9fc97c2b/datanode-0/data/ratis/d7bcb203-8475-497e-8fe3-4a430a7d4cd7/current/log_inprogress_0
2019-09-28 05:20:27,988 [3146fa5d-e5c6-4e63-841a-7d53ea24ae40@group-EAC0867A6D39-SegmentedRaftLogWorker] INFO  segmented.SegmentedRaftLogWorker (SegmentedRaftLogWorker.java:execute(569)) - 3146fa5d-e5c6-4e63-841a-7d53ea24ae40@group-EAC0867A6D39-SegmentedRaftLogWorker: created new log segment /workdir/hadoop-ozone/ozonefs/target/test-dir/MiniOzoneClusterImpl-e9b0d3cb-1d9a-4496-a942-908b9fc97c2b/datanode-6/data/ratis/d45301a7-a76d-4804-8d82-eac0867a6d39/current/log_inprogress_0
2019-09-28 05:20:28,008 [grpc-default-executor-8] INFO  impl.RaftServerImpl (ServerState.java:setLeader(253)) - b872e21c-1358-4bb4-b15c-ab96323b2cb2@group-EAC0867A6D39: change Leader from null to 3146fa5d-e5c6-4e63-841a-7d53ea24ae40 at term 3 for appendEntries, leader elected after 15986ms
2019-09-28 05:20:28,008 [grpc-default-executor-7] INFO  impl.RaftServerImpl (ServerState.java:setLeader(253)) - df93b021-79d7-434f-92a0-2f93bc69c3ad@group-4A430A7D4CD7: change Leader from null to 5f286e7f-19f8-4729-a00b-ef22147f3cdc at term 3 for appendEntries, leader elected after 15791ms
2019-09-28 05:20:28,008 [grpc-default-executor-5] INFO  impl.RaftServerImpl (ServerState.java:setLeader(253)) - 8e781dd0-206b-4bcd-9fba-4b95742bd983@group-69C14BF87897: change Leader from null to 2281b324-f854-4a95-af39-03dc79ba966d at term 3 for appendEntries, leader elected after 15882ms
2019-09-28 05:20:28,008 [grpc-default-executor-0] INFO  impl.RaftServerImpl (ServerState.java:setLeader(253)) - 1081e6c3-a479-41d4-bd3b-fa3b39302f1a@group-EAC0867A6D39: change Leader from null to 3146fa5d-e5c6-4e63-841a-7d53ea24ae40 at term 3 for appendEntries, leader elected after 15987ms
2019-09-28 05:20:28,008 [grpc-default-executor-1] INFO  impl.RaftServerImpl (ServerState.java:setLeader(253)) - 2c46d123-7bf4-4340-80ca-a2d1885ebc1e@group-69C14BF87897: change Leader from null to 2281b324-f854-4a95-af39-03dc79ba966d at term 3 for appendEntries, leader elected after 15882ms
2019-09-28 05:20:28,008 [grpc-default-executor-4] INFO  impl.RaftServerImpl (ServerState.java:setLeader(253)) - 0ba2b8dd-18f6-415c-ba16-f29fd4260be6@group-4A430A7D4CD7: change Leader from null to 5f286e7f-19f8-4729-a00b-ef22147f3cdc at term 3 for appendEntries, leader elected after 15790ms
2019-09-28 05:20:28,053 [grpc-default-executor-5] INFO  impl.RaftServerImpl (ServerState.java:setRaftConf(354)) - 0ba2b8dd-18f6-415c-ba16-f29fd4260be6@group-4A430A7D4CD7: set configuration 0: [0ba2b8dd-18f6-415c-ba16-f29fd4260be6:192.168.151.82:40559, df93b021-79d7-434f-92a0-2f93bc69c3ad:192.168.151.82:40601, 5f286e7f-19f8-4729-a00b-ef22147f3cdc:192.168.151.82:36144], old=null at 0
2019-09-28 05:20:28,053 [grpc-default-executor-4] INFO  impl.RaftServerImpl (ServerState.java:setRaftConf(354)) - df93b021-79d7-434f-92a0-2f93bc69c3ad@group-4A430A7D4CD7: set configuration 0: [0ba2b8dd-18f6-415c-ba16-f29fd4260be6:192.168.151.82:40559, df93b021-79d7-434f-92a0-2f93bc69c3ad:192.168.151.82:40601, 5f286e7f-19f8-4729-a00b-ef22147f3cdc:192.168.151.82:36144], old=null at 0
2019-09-28 05:20:28,053 [grpc-default-executor-8] INFO  impl.RaftServerImpl (ServerState.java:setRaftConf(354)) - 2c46d123-7bf4-4340-80ca-a2d1885ebc1e@group-69C14BF87897: set configuration 0: [8e781dd0-206b-4bcd-9fba-4b95742bd983:192.168.151.82:36797, 2c46d123-7bf4-4340-80ca-a2d1885ebc1e:192.168.151.82:37073, 2281b324-f854-4a95-af39-03dc79ba966d:192.168.151.82:46286], old=null at 0
2019-09-28 05:20:28,053 [grpc-default-executor-7] INFO  impl.RaftServerImpl (ServerState.java:setRaftConf(354)) - 8e781dd0-206b-4bcd-9fba-4b95742bd983@group-69C14BF87897: set configuration 0: [8e781dd0-206b-4bcd-9fba-4b95742bd983:192.168.151.82:36797, 2c46d123-7bf4-4340-80ca-a2d1885ebc1e:192.168.151.82:37073, 2281b324-f854-4a95-af39-03dc79ba966d:192.168.151.82:46286], old=null at 0
2019-09-28 05:20:28,053 [grpc-default-executor-0] INFO  impl.RaftServerImpl (ServerState.java:setRaftConf(354)) - b872e21c-1358-4bb4-b15c-ab96323b2cb2@group-EAC0867A6D39: set configuration 0: [b872e21c-1358-4bb4-b15c-ab96323b2cb2:192.168.151.82:40730, 1081e6c3-a479-41d4-bd3b-fa3b39302f1a:192.168.151.82:41993, 3146fa5d-e5c6-4e63-841a-7d53ea24ae40:192.168.151.82:37509], old=null at 0
2019-09-28 05:20:28,053 [grpc-default-executor-5] INFO  segmented.SegmentedRaftLogWorker (SegmentedRaftLogWorker.java:startLogSegment(380)) - 0ba2b8dd-18f6-415c-ba16-f29fd4260be6@group-4A430A7D4CD7-SegmentedRaftLogWorker: Starting segment from index:0
2019-09-28 05:20:28,053 [grpc-default-executor-1] INFO  impl.RaftServerImpl (ServerState.java:setRaftConf(354)) - 1081e6c3-a479-41d4-bd3b-fa3b39302f1a@group-EAC0867A6D39: set configuration 0: [b872e21c-1358-4bb4-b15c-ab96323b2cb2:192.168.151.82:40730, 1081e6c3-a479-41d4-bd3b-fa3b39302f1a:192.168.151.82:41993, 3146fa5d-e5c6-4e63-841a-7d53ea24ae40:192.168.151.82:37509], old=null at 0
2019-09-28 05:20:28,054 [grpc-default-executor-0] INFO  segmented.SegmentedRaftLogWorker (SegmentedRaftLogWorker.java:startLogSegment(380)) - b872e21c-1358-4bb4-b15c-ab96323b2cb2@group-EAC0867A6D39-SegmentedRaftLogWorker: Starting segment from index:0
2019-09-28 05:20:28,054 [grpc-default-executor-7] INFO  segmented.SegmentedRaftLogWorker (SegmentedRaftLogWorker.java:startLogSegment(380)) - 8e781dd0-206b-4bcd-9fba-4b95742bd983@group-69C14BF87897-SegmentedRaftLogWorker: Starting segment from index:0
2019-09-28 05:20:28,054 [grpc-default-executor-8] INFO  segmented.SegmentedRaftLogWorker (SegmentedRaftLogWorker.java:startLogSegment(380)) - 2c46d123-7bf4-4340-80ca-a2d1885ebc1e@group-69C14BF87897-SegmentedRaftLogWorker: Starting segment from index:0
2019-09-28 05:20:28,053 [grpc-default-executor-4] INFO  segmented.SegmentedRaftLogWorker (SegmentedRaftLogWorker.java:startLogSegment(380)) - df93b021-79d7-434f-92a0-2f93bc69c3ad@group-4A430A7D4CD7-SegmentedRaftLogWorker: Starting segment from index:0
2019-09-28 05:20:28,054 [grpc-default-executor-1] INFO  segmented.SegmentedRaftLogWorker (SegmentedRaftLogWorker.java:startLogSegment(380)) - 1081e6c3-a479-41d4-bd3b-fa3b39302f1a@group-EAC0867A6D39-SegmentedRaftLogWorker: Starting segment from index:0
2019-09-28 05:20:28,100 [b872e21c-1358-4bb4-b15c-ab96323b2cb2@group-EAC0867A6D39-SegmentedRaftLogWorker] INFO  segmented.SegmentedRaftLogWorker (SegmentedRaftLogWorker.java:execute(569)) - b872e21c-1358-4bb4-b15c-ab96323b2cb2@group-EAC0867A6D39-SegmentedRaftLogWorker: created new log segment /workdir/hadoop-ozone/ozonefs/target/test-dir/MiniOzoneClusterImpl-e9b0d3cb-1d9a-4496-a942-908b9fc97c2b/datanode-4/data/ratis/d45301a7-a76d-4804-8d82-eac0867a6d39/current/log_inprogress_0
2019-09-28 05:20:28,100 [1081e6c3-a479-41d4-bd3b-fa3b39302f1a@group-EAC0867A6D39-SegmentedRaftLogWorker] INFO  segmented.SegmentedRaftLogWorker (SegmentedRaftLogWorker.java:execute(569)) - 1081e6c3-a479-41d4-bd3b-fa3b39302f1a@group-EAC0867A6D39-SegmentedRaftLogWorker: created new log segment /workdir/hadoop-ozone/ozonefs/target/test-dir/MiniOzoneClusterImpl-e9b0d3cb-1d9a-4496-a942-908b9fc97c2b/datanode-9/data/ratis/d45301a7-a76d-4804-8d82-eac0867a6d39/current/log_inprogress_0
2019-09-28 05:20:28,100 [df93b021-79d7-434f-92a0-2f93bc69c3ad@group-4A430A7D4CD7-SegmentedRaftLogWorker] INFO  segmented.SegmentedRaftLogWorker (SegmentedRaftLogWorker.java:execute(569)) - df93b021-79d7-434f-92a0-2f93bc69c3ad@group-4A430A7D4CD7-SegmentedRaftLogWorker: created new log segment /workdir/hadoop-ozone/ozonefs/target/test-dir/MiniOzoneClusterImpl-e9b0d3cb-1d9a-4496-a942-908b9fc97c2b/datanode-1/data/ratis/d7bcb203-8475-497e-8fe3-4a430a7d4cd7/current/log_inprogress_0
2019-09-28 05:20:28,100 [2c46d123-7bf4-4340-80ca-a2d1885ebc1e@group-69C14BF87897-SegmentedRaftLogWorker] INFO  segmented.SegmentedRaftLogWorker (SegmentedRaftLogWorker.java:execute(569)) - 2c46d123-7bf4-4340-80ca-a2d1885ebc1e@group-69C14BF87897-SegmentedRaftLogWorker: created new log segment /workdir/hadoop-ozone/ozonefs/target/test-dir/MiniOzoneClusterImpl-e9b0d3cb-1d9a-4496-a942-908b9fc97c2b/datanode-7/data/ratis/acc4f986-6099-47f8-ac1b-69c14bf87897/current/log_inprogress_0
2019-09-28 05:20:28,100 [8e781dd0-206b-4bcd-9fba-4b95742bd983@group-69C14BF87897-SegmentedRaftLogWorker] INFO  segmented.SegmentedRaftLogWorker (SegmentedRaftLogWorker.java:execute(569)) - 8e781dd0-206b-4bcd-9fba-4b95742bd983@group-69C14BF87897-SegmentedRaftLogWorker: created new log segment /workdir/hadoop-ozone/ozonefs/target/test-dir/MiniOzoneClusterImpl-e9b0d3cb-1d9a-4496-a942-908b9fc97c2b/datanode-2/data/ratis/acc4f986-6099-47f8-ac1b-69c14bf87897/current/log_inprogress_0
2019-09-28 05:20:28,113 [0ba2b8dd-18f6-415c-ba16-f29fd4260be6@group-4A430A7D4CD7-SegmentedRaftLogWorker] INFO  segmented.SegmentedRaftLogWorker (SegmentedRaftLogWorker.java:execute(569)) - 0ba2b8dd-18f6-415c-ba16-f29fd4260be6@group-4A430A7D4CD7-SegmentedRaftLogWorker: created new log segment /workdir/hadoop-ozone/ozonefs/target/test-dir/MiniOzoneClusterImpl-e9b0d3cb-1d9a-4496-a942-908b9fc97c2b/datanode-5/data/ratis/d7bcb203-8475-497e-8fe3-4a430a7d4cd7/current/log_inprogress_0
2019-09-28 05:20:28,148 [main] INFO  ipc.Client (Client.java:handleConnectionFailure(948)) - Retrying connect to server: localhost/127.0.0.1:0. Already tried 5 time(s); retry policy is RetryUpToMaximumCountWithFixedSleep(maxRetries=10, sleepTime=1000 MILLISECONDS)
2019-09-28 05:20:29,149 [main] INFO  ipc.Client (Client.java:handleConnectionFailure(948)) - Retrying connect to server: localhost/127.0.0.1:0. Already tried 6 time(s); retry policy is RetryUpToMaximumCountWithFixedSleep(maxRetries=10, sleepTime=1000 MILLISECONDS)
2019-09-28 05:20:30,151 [main] INFO  ipc.Client (Client.java:handleConnectionFailure(948)) - Retrying connect to server: localhost/127.0.0.1:0. Already tried 7 time(s); retry policy is RetryUpToMaximumCountWithFixedSleep(maxRetries=10, sleepTime=1000 MILLISECONDS)
2019-09-28 05:20:31,152 [main] INFO  ipc.Client (Client.java:handleConnectionFailure(948)) - Retrying connect to server: localhost/127.0.0.1:0. Already tried 8 time(s); retry policy is RetryUpToMaximumCountWithFixedSleep(maxRetries=10, sleepTime=1000 MILLISECONDS)
2019-09-28 05:20:32,153 [main] INFO  ipc.Client (Client.java:handleConnectionFailure(948)) - Retrying connect to server: localhost/127.0.0.1:0. Already tried 9 time(s); retry policy is RetryUpToMaximumCountWithFixedSleep(maxRetries=10, sleepTime=1000 MILLISECONDS)
2019-09-28 05:20:32,155 [main] INFO  retry.RetryInvocationHandler (RetryInvocationHandler.java:log(411)) - com.google.protobuf.ServiceException: java.net.ConnectException: Your endpoint configuration is wrong; For more details see:  http://wiki.apache.org/hadoop/UnsetHostnameOrPort, while invoking $Proxy36.submitRequest over nodeId=null,nodeAddress=127.0.0.1:0 after 1 failover attempts. Trying to failover immediately.
2019-09-28 05:20:33,157 [main] INFO  ipc.Client (Client.java:handleConnectionFailure(948)) - Retrying connect to server: localhost/127.0.0.1:0. Already tried 0 time(s); retry policy is RetryUpToMaximumCountWithFixedSleep(maxRetries=10, sleepTime=1000 MILLISECONDS)
2019-09-28 05:20:34,158 [main] INFO  ipc.Client (Client.java:handleConnectionFailure(948)) - Retrying connect to server: localhost/127.0.0.1:0. Already tried 1 time(s); retry policy is RetryUpToMaximumCountWithFixedSleep(maxRetries=10, sleepTime=1000 MILLISECONDS)
2019-09-28 05:20:35,159 [main] INFO  ipc.Client (Client.java:handleConnectionFailure(948)) - Retrying connect to server: localhost/127.0.0.1:0. Already tried 2 time(s); retry policy is RetryUpToMaximumCountWithFixedSleep(maxRetries=10, sleepTime=1000 MILLISECONDS)
2019-09-28 05:20:36,161 [main] INFO  ipc.Client (Client.java:handleConnectionFailure(948)) - Retrying connect to server: localhost/127.0.0.1:0. Already tried 3 time(s); retry policy is RetryUpToMaximumCountWithFixedSleep(maxRetries=10, sleepTime=1000 MILLISECONDS)
2019-09-28 05:20:37,162 [main] INFO  ipc.Client (Client.java:handleConnectionFailure(948)) - Retrying connect to server: localhost/127.0.0.1:0. Already tried 4 time(s); retry policy is RetryUpToMaximumCountWithFixedSleep(maxRetries=10, sleepTime=1000 MILLISECONDS)
2019-09-28 05:20:38,169 [main] INFO  ipc.Client (Client.java:handleConnectionFailure(948)) - Retrying connect to server: localhost/127.0.0.1:0. Already tried 5 time(s); retry policy is RetryUpToMaximumCountWithFixedSleep(maxRetries=10, sleepTime=1000 MILLISECONDS)
2019-09-28 05:20:39,174 [main] INFO  ipc.Client (Client.java:handleConnectionFailure(948)) - Retrying connect to server: localhost/127.0.0.1:0. Already tried 6 time(s); retry policy is RetryUpToMaximumCountWithFixedSleep(maxRetries=10, sleepTime=1000 MILLISECONDS)
2019-09-28 05:20:40,178 [main] INFO  ipc.Client (Client.java:handleConnectionFailure(948)) - Retrying connect to server: localhost/127.0.0.1:0. Already tried 7 time(s); retry policy is RetryUpToMaximumCountWithFixedSleep(maxRetries=10, sleepTime=1000 MILLISECONDS)
2019-09-28 05:20:41,183 [main] INFO  ipc.Client (Client.java:handleConnectionFailure(948)) - Retrying connect to server: localhost/127.0.0.1:0. Already tried 8 time(s); retry policy is RetryUpToMaximumCountWithFixedSleep(maxRetries=10, sleepTime=1000 MILLISECONDS)
2019-09-28 05:20:42,188 [main] INFO  ipc.Client (Client.java:handleConnectionFailure(948)) - Retrying connect to server: localhost/127.0.0.1:0. Already tried 9 time(s); retry policy is RetryUpToMaximumCountWithFixedSleep(maxRetries=10, sleepTime=1000 MILLISECONDS)
2019-09-28 05:20:42,190 [main] INFO  retry.RetryInvocationHandler (RetryInvocationHandler.java:log(411)) - com.google.protobuf.ServiceException: java.net.ConnectException: Your endpoint configuration is wrong; For more details see:  http://wiki.apache.org/hadoop/UnsetHostnameOrPort, while invoking $Proxy36.submitRequest over nodeId=null,nodeAddress=127.0.0.1:0 after 2 failover attempts. Trying to failover immediately.
2019-09-28 05:20:43,191 [main] INFO  ipc.Client (Client.java:handleConnectionFailure(948)) - Retrying connect to server: localhost/127.0.0.1:0. Already tried 0 time(s); retry policy is RetryUpToMaximumCountWithFixedSleep(maxRetries=10, sleepTime=1000 MILLISECONDS)
2019-09-28 05:20:44,192 [main] INFO  ipc.Client (Client.java:handleConnectionFailure(948)) - Retrying connect to server: localhost/127.0.0.1:0. Already tried 1 time(s); retry policy is RetryUpToMaximumCountWithFixedSleep(maxRetries=10, sleepTime=1000 MILLISECONDS)
2019-09-28 05:20:45,194 [main] INFO  ipc.Client (Client.java:handleConnectionFailure(948)) - Retrying connect to server: localhost/127.0.0.1:0. Already tried 2 time(s); retry policy is RetryUpToMaximumCountWithFixedSleep(maxRetries=10, sleepTime=1000 MILLISECONDS)
2019-09-28 05:20:46,195 [main] INFO  ipc.Client (Client.java:handleConnectionFailure(948)) - Retrying connect to server: localhost/127.0.0.1:0. Already tried 3 time(s); retry policy is RetryUpToMaximumCountWithFixedSleep(maxRetries=10, sleepTime=1000 MILLISECONDS)
2019-09-28 05:20:47,196 [main] INFO  ipc.Client (Client.java:handleConnectionFailure(948)) - Retrying connect to server: localhost/127.0.0.1:0. Already tried 4 time(s); retry policy is RetryUpToMaximumCountWithFixedSleep(maxRetries=10, sleepTime=1000 MILLISECONDS)
2019-09-28 05:20:48,205 [main] INFO  ipc.Client (Client.java:handleConnectionFailure(948)) - Retrying connect to server: localhost/127.0.0.1:0. Already tried 5 time(s); retry policy is RetryUpToMaximumCountWithFixedSleep(maxRetries=10, sleepTime=1000 MILLISECONDS)
2019-09-28 05:20:49,207 [main] INFO  ipc.Client (Client.java:handleConnectionFailure(948)) - Retrying connect to server: localhost/127.0.0.1:0. Already tried 6 time(s); retry policy is RetryUpToMaximumCountWithFixedSleep(maxRetries=10, sleepTime=1000 MILLISECONDS)
2019-09-28 05:20:50,208 [main] INFO  ipc.Client (Client.java:handleConnectionFailure(948)) - Retrying connect to server: localhost/127.0.0.1:0. Already tried 7 time(s); retry policy is RetryUpToMaximumCountWithFixedSleep(maxRetries=10, sleepTime=1000 MILLISECONDS)
2019-09-28 05:20:51,209 [main] INFO  ipc.Client (Client.java:handleConnectionFailure(948)) - Retrying connect to server: localhost/127.0.0.1:0. Already tried 8 time(s); retry policy is RetryUpToMaximumCountWithFixedSleep(maxRetries=10, sleepTime=1000 MILLISECONDS)
2019-09-28 05:20:52,211 [main] INFO  ipc.Client (Client.java:handleConnectionFailure(948)) - Retrying connect to server: localhost/127.0.0.1:0. Already tried 9 time(s); retry policy is RetryUpToMaximumCountWithFixedSleep(maxRetries=10, sleepTime=1000 MILLISECONDS)
2019-09-28 05:20:52,212 [main] INFO  retry.RetryInvocationHandler (RetryInvocationHandler.java:log(411)) - com.google.protobuf.ServiceException: java.net.ConnectException: Your endpoint configuration is wrong; For more details see:  http://wiki.apache.org/hadoop/UnsetHostnameOrPort, while invoking $Proxy36.submitRequest over nodeId=null,nodeAddress=127.0.0.1:0 after 3 failover attempts. Trying to failover immediately.
2019-09-28 05:20:53,218 [main] INFO  ipc.Client (Client.java:handleConnectionFailure(948)) - Retrying connect to server: localhost/127.0.0.1:0. Already tried 0 time(s); retry policy is RetryUpToMaximumCountWithFixedSleep(maxRetries=10, sleepTime=1000 MILLISECONDS)
2019-09-28 05:20:54,228 [main] INFO  ipc.Client (Client.java:handleConnectionFailure(948)) - Retrying connect to server: localhost/127.0.0.1:0. Already tried 1 time(s); retry policy is RetryUpToMaximumCountWithFixedSleep(maxRetries=10, sleepTime=1000 MILLISECONDS)
2019-09-28 05:20:55,232 [main] INFO  ipc.Client (Client.java:handleConnectionFailure(948)) - Retrying connect to server: localhost/127.0.0.1:0. Already tried 2 time(s); retry policy is RetryUpToMaximumCountWithFixedSleep(maxRetries=10, sleepTime=1000 MILLISECONDS)
2019-09-28 05:20:56,237 [main] INFO  ipc.Client (Client.java:handleConnectionFailure(948)) - Retrying connect to server: localhost/127.0.0.1:0. Already tried 3 time(s); retry policy is RetryUpToMaximumCountWithFixedSleep(maxRetries=10, sleepTime=1000 MILLISECONDS)
2019-09-28 05:20:57,242 [main] INFO  ipc.Client (Client.java:handleConnectionFailure(948)) - Retrying connect to server: localhost/127.0.0.1:0. Already tried 4 time(s); retry policy is RetryUpToMaximumCountWithFixedSleep(maxRetries=10, sleepTime=1000 MILLISECONDS)
2019-09-28 05:20:58,243 [main] INFO  ipc.Client (Client.java:handleConnectionFailure(948)) - Retrying connect to server: localhost/127.0.0.1:0. Already tried 5 time(s); retry policy is RetryUpToMaximumCountWithFixedSleep(maxRetries=10, sleepTime=1000 MILLISECONDS)
2019-09-28 05:20:59,244 [main] INFO  ipc.Client (Client.java:handleConnectionFailure(948)) - Retrying connect to server: localhost/127.0.0.1:0. Already tried 6 time(s); retry policy is RetryUpToMaximumCountWithFixedSleep(maxRetries=10, sleepTime=1000 MILLISECONDS)
2019-09-28 05:21:00,246 [main] INFO  ipc.Client (Client.java:handleConnectionFailure(948)) - Retrying connect to server: localhost/127.0.0.1:0. Already tried 7 time(s); retry policy is RetryUpToMaximumCountWithFixedSleep(maxRetries=10, sleepTime=1000 MILLISECONDS)
2019-09-28 05:21:01,247 [main] INFO  ipc.Client (Client.java:handleConnectionFailure(948)) - Retrying connect to server: localhost/127.0.0.1:0. Already tried 8 time(s); retry policy is RetryUpToMaximumCountWithFixedSleep(maxRetries=10, sleepTime=1000 MILLISECONDS)
2019-09-28 05:21:02,248 [main] INFO  ipc.Client (Client.java:handleConnectionFailure(948)) - Retrying connect to server: localhost/127.0.0.1:0. Already tried 9 time(s); retry policy is RetryUpToMaximumCountWithFixedSleep(maxRetries=10, sleepTime=1000 MILLISECONDS)
2019-09-28 05:21:02,250 [main] INFO  retry.RetryInvocationHandler (RetryInvocationHandler.java:log(411)) - com.google.protobuf.ServiceException: java.net.ConnectException: Your endpoint configuration is wrong; For more details see:  http://wiki.apache.org/hadoop/UnsetHostnameOrPort, while invoking $Proxy36.submitRequest over nodeId=null,nodeAddress=127.0.0.1:0 after 4 failover attempts. Trying to failover immediately.
2019-09-28 05:21:03,251 [main] INFO  ipc.Client (Client.java:handleConnectionFailure(948)) - Retrying connect to server: localhost/127.0.0.1:0. Already tried 0 time(s); retry policy is RetryUpToMaximumCountWithFixedSleep(maxRetries=10, sleepTime=1000 MILLISECONDS)
2019-09-28 05:21:04,253 [main] INFO  ipc.Client (Client.java:handleConnectionFailure(948)) - Retrying connect to server: localhost/127.0.0.1:0. Already tried 1 time(s); retry policy is RetryUpToMaximumCountWithFixedSleep(maxRetries=10, sleepTime=1000 MILLISECONDS)
2019-09-28 05:21:05,254 [main] INFO  ipc.Client (Client.java:handleConnectionFailure(948)) - Retrying connect to server: localhost/127.0.0.1:0. Already tried 2 time(s); retry policy is RetryUpToMaximumCountWithFixedSleep(maxRetries=10, sleepTime=1000 MILLISECONDS)
2019-09-28 05:21:06,256 [main] INFO  ipc.Client (Client.java:handleConnectionFailure(948)) - Retrying connect to server: localhost/127.0.0.1:0. Already tried 3 time(s); retry policy is RetryUpToMaximumCountWithFixedSleep(maxRetries=10, sleepTime=1000 MILLISECONDS)
2019-09-28 05:21:07,257 [main] INFO  ipc.Client (Client.java:handleConnectionFailure(948)) - Retrying connect to server: localhost/127.0.0.1:0. Already tried 4 time(s); retry policy is RetryUpToMaximumCountWithFixedSleep(maxRetries=10, sleepTime=1000 MILLISECONDS)
2019-09-28 05:21:08,264 [main] INFO  ipc.Client (Client.java:handleConnectionFailure(948)) - Retrying connect to server: localhost/127.0.0.1:0. Already tried 5 time(s); retry policy is RetryUpToMaximumCountWithFixedSleep(maxRetries=10, sleepTime=1000 MILLISECONDS)
2019-09-28 05:21:09,268 [main] INFO  ipc.Client (Client.java:handleConnectionFailure(948)) - Retrying connect to server: localhost/127.0.0.1:0. Already tried 6 time(s); retry policy is RetryUpToMaximumCountWithFixedSleep(maxRetries=10, sleepTime=1000 MILLISECONDS)
2019-09-28 05:21:10,270 [main] INFO  ipc.Client (Client.java:handleConnectionFailure(948)) - Retrying connect to server: localhost/127.0.0.1:0. Already tried 7 time(s); retry policy is RetryUpToMaximumCountWithFixedSleep(maxRetries=10, sleepTime=1000 MILLISECONDS)
2019-09-28 05:21:11,273 [main] INFO  ipc.Client (Client.java:handleConnectionFailure(948)) - Retrying connect to server: localhost/127.0.0.1:0. Already tried 8 time(s); retry policy is RetryUpToMaximumCountWithFixedSleep(maxRetries=10, sleepTime=1000 MILLISECONDS)
2019-09-28 05:21:12,277 [main] INFO  ipc.Client (Client.java:handleConnectionFailure(948)) - Retrying connect to server: localhost/127.0.0.1:0. Already tried 9 time(s); retry policy is RetryUpToMaximumCountWithFixedSleep(maxRetries=10, sleepTime=1000 MILLISECONDS)
2019-09-28 05:21:12,279 [main] INFO  retry.RetryInvocationHandler (RetryInvocationHandler.java:log(411)) - com.google.protobuf.ServiceException: java.net.ConnectException: Your endpoint configuration is wrong; For more details see:  http://wiki.apache.org/hadoop/UnsetHostnameOrPort, while invoking $Proxy36.submitRequest over nodeId=null,nodeAddress=127.0.0.1:0 after 5 failover attempts. Trying to failover immediately.
2019-09-28 05:21:13,280 [main] INFO  ipc.Client (Client.java:handleConnectionFailure(948)) - Retrying connect to server: localhost/127.0.0.1:0. Already tried 0 time(s); retry policy is RetryUpToMaximumCountWithFixedSleep(maxRetries=10, sleepTime=1000 MILLISECONDS)
2019-09-28 05:21:14,281 [main] INFO  ipc.Client (Client.java:handleConnectionFailure(948)) - Retrying connect to server: localhost/127.0.0.1:0. Already tried 1 time(s); retry policy is RetryUpToMaximumCountWithFixedSleep(maxRetries=10, sleepTime=1000 MILLISECONDS)
2019-09-28 05:21:15,283 [main] INFO  ipc.Client (Client.java:handleConnectionFailure(948)) - Retrying connect to server: localhost/127.0.0.1:0. Already tried 2 time(s); retry policy is RetryUpToMaximumCountWithFixedSleep(maxRetries=10, sleepTime=1000 MILLISECONDS)
2019-09-28 05:21:16,285 [main] INFO  ipc.Client (Client.java:handleConnectionFailure(948)) - Retrying connect to server: localhost/127.0.0.1:0. Already tried 3 time(s); retry policy is RetryUpToMaximumCountWithFixedSleep(maxRetries=10, sleepTime=1000 MILLISECONDS)
2019-09-28 05:21:17,287 [main] INFO  ipc.Client (Client.java:handleConnectionFailure(948)) - Retrying connect to server: localhost/127.0.0.1:0. Already tried 4 time(s); retry policy is RetryUpToMaximumCountWithFixedSleep(maxRetries=10, sleepTime=1000 MILLISECONDS)
2019-09-28 05:21:18,288 [main] INFO  ipc.Client (Client.java:handleConnectionFailure(948)) - Retrying connect to server: localhost/127.0.0.1:0. Already tried 5 time(s); retry policy is RetryUpToMaximumCountWithFixedSleep(maxRetries=10, sleepTime=1000 MILLISECONDS)
2019-09-28 05:21:19,290 [main] INFO  ipc.Client (Client.java:handleConnectionFailure(948)) - Retrying connect to server: localhost/127.0.0.1:0. Already tried 6 time(s); retry policy is RetryUpToMaximumCountWithFixedSleep(maxRetries=10, sleepTime=1000 MILLISECONDS)
2019-09-28 05:21:20,291 [main] INFO  ipc.Client (Client.java:handleConnectionFailure(948)) - Retrying connect to server: localhost/127.0.0.1:0. Already tried 7 time(s); retry policy is RetryUpToMaximumCountWithFixedSleep(maxRetries=10, sleepTime=1000 MILLISECONDS)
2019-09-28 05:21:21,292 [main] INFO  ipc.Client (Client.java:handleConnectionFailure(948)) - Retrying connect to server: localhost/127.0.0.1:0. Already tried 8 time(s); retry policy is RetryUpToMaximumCountWithFixedSleep(maxRetries=10, sleepTime=1000 MILLISECONDS)
2019-09-28 05:21:22,294 [main] INFO  ipc.Client (Client.java:handleConnectionFailure(948)) - Retrying connect to server: localhost/127.0.0.1:0. Already tried 9 time(s); retry policy is RetryUpToMaximumCountWithFixedSleep(maxRetries=10, sleepTime=1000 MILLISECONDS)
2019-09-28 05:21:22,295 [main] INFO  retry.RetryInvocationHandler (RetryInvocationHandler.java:log(411)) - com.google.protobuf.ServiceException: java.net.ConnectException: Your endpoint configuration is wrong; For more details see:  http://wiki.apache.org/hadoop/UnsetHostnameOrPort, while invoking $Proxy36.submitRequest over nodeId=null,nodeAddress=127.0.0.1:0 after 6 failover attempts. Trying to failover immediately.
2019-09-28 05:21:23,296 [main] INFO  ipc.Client (Client.java:handleConnectionFailure(948)) - Retrying connect to server: localhost/127.0.0.1:0. Already tried 0 time(s); retry policy is RetryUpToMaximumCountWithFixedSleep(maxRetries=10, sleepTime=1000 MILLISECONDS)
2019-09-28 05:21:24,297 [main] INFO  ipc.Client (Client.java:handleConnectionFailure(948)) - Retrying connect to server: localhost/127.0.0.1:0. Already tried 1 time(s); retry policy is RetryUpToMaximumCountWithFixedSleep(maxRetries=10, sleepTime=1000 MILLISECONDS)
2019-09-28 05:21:25,299 [main] INFO  ipc.Client (Client.java:handleConnectionFailure(948)) - Retrying connect to server: localhost/127.0.0.1:0. Already tried 2 time(s); retry policy is RetryUpToMaximumCountWithFixedSleep(maxRetries=10, sleepTime=1000 MILLISECONDS)
2019-09-28 05:21:26,300 [main] INFO  ipc.Client (Client.java:handleConnectionFailure(948)) - Retrying connect to server: localhost/127.0.0.1:0. Already tried 3 time(s); retry policy is RetryUpToMaximumCountWithFixedSleep(maxRetries=10, sleepTime=1000 MILLISECONDS)
2019-09-28 05:21:27,302 [main] INFO  ipc.Client (Client.java:handleConnectionFailure(948)) - Retrying connect to server: localhost/127.0.0.1:0. Already tried 4 time(s); retry policy is RetryUpToMaximumCountWithFixedSleep(maxRetries=10, sleepTime=1000 MILLISECONDS)
2019-09-28 05:21:28,303 [main] INFO  ipc.Client (Client.java:handleConnectionFailure(948)) - Retrying connect to server: localhost/127.0.0.1:0. Already tried 5 time(s); retry policy is RetryUpToMaximumCountWithFixedSleep(maxRetries=10, sleepTime=1000 MILLISECONDS)
2019-09-28 05:21:29,304 [main] INFO  ipc.Client (Client.java:handleConnectionFailure(948)) - Retrying connect to server: localhost/127.0.0.1:0. Already tried 6 time(s); retry policy is RetryUpToMaximumCountWithFixedSleep(maxRetries=10, sleepTime=1000 MILLISECONDS)
2019-09-28 05:21:30,305 [main] INFO  ipc.Client (Client.java:handleConnectionFailure(948)) - Retrying connect to server: localhost/127.0.0.1:0. Already tried 7 time(s); retry policy is RetryUpToMaximumCountWithFixedSleep(maxRetries=10, sleepTime=1000 MILLISECONDS)
2019-09-28 05:21:31,307 [main] INFO  ipc.Client (Client.java:handleConnectionFailure(948)) - Retrying connect to server: localhost/127.0.0.1:0. Already tried 8 time(s); retry policy is RetryUpToMaximumCountWithFixedSleep(maxRetries=10, sleepTime=1000 MILLISECONDS)
2019-09-28 05:21:32,308 [main] INFO  ipc.Client (Client.java:handleConnectionFailure(948)) - Retrying connect to server: localhost/127.0.0.1:0. Already tried 9 time(s); retry policy is RetryUpToMaximumCountWithFixedSleep(maxRetries=10, sleepTime=1000 MILLISECONDS)
2019-09-28 05:21:32,310 [main] INFO  retry.RetryInvocationHandler (RetryInvocationHandler.java:log(411)) - com.google.protobuf.ServiceException: java.net.ConnectException: Your endpoint configuration is wrong; For more details see:  http://wiki.apache.org/hadoop/UnsetHostnameOrPort, while invoking $Proxy36.submitRequest over nodeId=null,nodeAddress=127.0.0.1:0 after 7 failover attempts. Trying to failover immediately.
2019-09-28 05:21:33,311 [main] INFO  ipc.Client (Client.java:handleConnectionFailure(948)) - Retrying connect to server: localhost/127.0.0.1:0. Already tried 0 time(s); retry policy is RetryUpToMaximumCountWithFixedSleep(maxRetries=10, sleepTime=1000 MILLISECONDS)
2019-09-28 05:21:34,313 [main] INFO  ipc.Client (Client.java:handleConnectionFailure(948)) - Retrying connect to server: localhost/127.0.0.1:0. Already tried 1 time(s); retry policy is RetryUpToMaximumCountWithFixedSleep(maxRetries=10, sleepTime=1000 MILLISECONDS)
2019-09-28 05:21:35,314 [main] INFO  ipc.Client (Client.java:handleConnectionFailure(948)) - Retrying connect to server: localhost/127.0.0.1:0. Already tried 2 time(s); retry policy is RetryUpToMaximumCountWithFixedSleep(maxRetries=10, sleepTime=1000 MILLISECONDS)
2019-09-28 05:21:36,315 [main] INFO  ipc.Client (Client.java:handleConnectionFailure(948)) - Retrying connect to server: localhost/127.0.0.1:0. Already tried 3 time(s); retry policy is RetryUpToMaximumCountWithFixedSleep(maxRetries=10, sleepTime=1000 MILLISECONDS)
2019-09-28 05:21:37,317 [main] INFO  ipc.Client (Client.java:handleConnectionFailure(948)) - Retrying connect to server: localhost/127.0.0.1:0. Already tried 4 time(s); retry policy is RetryUpToMaximumCountWithFixedSleep(maxRetries=10, sleepTime=1000 MILLISECONDS)
2019-09-28 05:21:38,318 [main] INFO  ipc.Client (Client.java:handleConnectionFailure(948)) - Retrying connect to server: localhost/127.0.0.1:0. Already tried 5 time(s); retry policy is RetryUpToMaximumCountWithFixedSleep(maxRetries=10, sleepTime=1000 MILLISECONDS)
2019-09-28 05:21:39,319 [main] INFO  ipc.Client (Client.java:handleConnectionFailure(948)) - Retrying connect to server: localhost/127.0.0.1:0. Already tried 6 time(s); retry policy is RetryUpToMaximumCountWithFixedSleep(maxRetries=10, sleepTime=1000 MILLISECONDS)
2019-09-28 05:21:40,321 [main] INFO  ipc.Client (Client.java:handleConnectionFailure(948)) - Retrying connect to server: localhost/127.0.0.1:0. Already tried 7 time(s); retry policy is RetryUpToMaximumCountWithFixedSleep(maxRetries=10, sleepTime=1000 MILLISECONDS)
2019-09-28 05:21:41,322 [main] INFO  ipc.Client (Client.java:handleConnectionFailure(948)) - Retrying connect to server: localhost/127.0.0.1:0. Already tried 8 time(s); retry policy is RetryUpToMaximumCountWithFixedSleep(maxRetries=10, sleepTime=1000 MILLISECONDS)
2019-09-28 05:21:42,323 [main] INFO  ipc.Client (Client.java:handleConnectionFailure(948)) - Retrying connect to server: localhost/127.0.0.1:0. Already tried 9 time(s); retry policy is RetryUpToMaximumCountWithFixedSleep(maxRetries=10, sleepTime=1000 MILLISECONDS)
2019-09-28 05:21:42,325 [main] INFO  retry.RetryInvocationHandler (RetryInvocationHandler.java:log(411)) - com.google.protobuf.ServiceException: java.net.ConnectException: Your endpoint configuration is wrong; For more details see:  http://wiki.apache.org/hadoop/UnsetHostnameOrPort, while invoking $Proxy36.submitRequest over nodeId=null,nodeAddress=127.0.0.1:0 after 8 failover attempts. Trying to failover immediately.
2019-09-28 05:21:43,326 [main] INFO  ipc.Client (Client.java:handleConnectionFailure(948)) - Retrying connect to server: localhost/127.0.0.1:0. Already tried 0 time(s); retry policy is RetryUpToMaximumCountWithFixedSleep(maxRetries=10, sleepTime=1000 MILLISECONDS)
2019-09-28 05:21:44,327 [main] INFO  ipc.Client (Client.java:handleConnectionFailure(948)) - Retrying connect to server: localhost/127.0.0.1:0. Already tried 1 time(s); retry policy is RetryUpToMaximumCountWithFixedSleep(maxRetries=10, sleepTime=1000 MILLISECONDS)
2019-09-28 05:21:45,329 [main] INFO  ipc.Client (Client.java:handleConnectionFailure(948)) - Retrying connect to server: localhost/127.0.0.1:0. Already tried 2 time(s); retry policy is RetryUpToMaximumCountWithFixedSleep(maxRetries=10, sleepTime=1000 MILLISECONDS)
2019-09-28 05:21:46,330 [main] INFO  ipc.Client (Client.java:handleConnectionFailure(948)) - Retrying connect to server: localhost/127.0.0.1:0. Already tried 3 time(s); retry policy is RetryUpToMaximumCountWithFixedSleep(maxRetries=10, sleepTime=1000 MILLISECONDS)
2019-09-28 05:21:47,331 [main] INFO  ipc.Client (Client.java:handleConnectionFailure(948)) - Retrying connect to server: localhost/127.0.0.1:0. Already tried 4 time(s); retry policy is RetryUpToMaximumCountWithFixedSleep(maxRetries=10, sleepTime=1000 MILLISECONDS)
2019-09-28 05:21:48,333 [main] INFO  ipc.Client (Client.java:handleConnectionFailure(948)) - Retrying connect to server: localhost/127.0.0.1:0. Already tried 5 time(s); retry policy is RetryUpToMaximumCountWithFixedSleep(maxRetries=10, sleepTime=1000 MILLISECONDS)
2019-09-28 05:21:49,334 [main] INFO  ipc.Client (Client.java:handleConnectionFailure(948)) - Retrying connect to server: localhost/127.0.0.1:0. Already tried 6 time(s); retry policy is RetryUpToMaximumCountWithFixedSleep(maxRetries=10, sleepTime=1000 MILLISECONDS)
2019-09-28 05:21:50,335 [main] INFO  ipc.Client (Client.java:handleConnectionFailure(948)) - Retrying connect to server: localhost/127.0.0.1:0. Already tried 7 time(s); retry policy is RetryUpToMaximumCountWithFixedSleep(maxRetries=10, sleepTime=1000 MILLISECONDS)
2019-09-28 05:21:51,337 [main] INFO  ipc.Client (Client.java:handleConnectionFailure(948)) - Retrying connect to server: localhost/127.0.0.1:0. Already tried 8 time(s); retry policy is RetryUpToMaximumCountWithFixedSleep(maxRetries=10, sleepTime=1000 MILLISECONDS)
2019-09-28 05:21:52,338 [main] INFO  ipc.Client (Client.java:handleConnectionFailure(948)) - Retrying connect to server: localhost/127.0.0.1:0. Already tried 9 time(s); retry policy is RetryUpToMaximumCountWithFixedSleep(maxRetries=10, sleepTime=1000 MILLISECONDS)
2019-09-28 05:21:52,340 [main] INFO  retry.RetryInvocationHandler (RetryInvocationHandler.java:log(411)) - com.google.protobuf.ServiceException: java.net.ConnectException: Your endpoint configuration is wrong; For more details see:  http://wiki.apache.org/hadoop/UnsetHostnameOrPort, while invoking $Proxy36.submitRequest over nodeId=null,nodeAddress=127.0.0.1:0 after 9 failover attempts. Trying to failover immediately.
2019-09-28 05:21:53,341 [main] INFO  ipc.Client (Client.java:handleConnectionFailure(948)) - Retrying connect to server: localhost/127.0.0.1:0. Already tried 0 time(s); retry policy is RetryUpToMaximumCountWithFixedSleep(maxRetries=10, sleepTime=1000 MILLISECONDS)
2019-09-28 05:21:54,342 [main] INFO  ipc.Client (Client.java:handleConnectionFailure(948)) - Retrying connect to server: localhost/127.0.0.1:0. Already tried 1 time(s); retry policy is RetryUpToMaximumCountWithFixedSleep(maxRetries=10, sleepTime=1000 MILLISECONDS)
2019-09-28 05:21:55,344 [main] INFO  ipc.Client (Client.java:handleConnectionFailure(948)) - Retrying connect to server: localhost/127.0.0.1:0. Already tried 2 time(s); retry policy is RetryUpToMaximumCountWithFixedSleep(maxRetries=10, sleepTime=1000 MILLISECONDS)
2019-09-28 05:21:56,345 [main] INFO  ipc.Client (Client.java:handleConnectionFailure(948)) - Retrying connect to server: localhost/127.0.0.1:0. Already tried 3 time(s); retry policy is RetryUpToMaximumCountWithFixedSleep(maxRetries=10, sleepTime=1000 MILLISECONDS)
2019-09-28 05:21:57,347 [main] INFO  ipc.Client (Client.java:handleConnectionFailure(948)) - Retrying connect to server: localhost/127.0.0.1:0. Already tried 4 time(s); retry policy is RetryUpToMaximumCountWithFixedSleep(maxRetries=10, sleepTime=1000 MILLISECONDS)
2019-09-28 05:21:58,348 [main] INFO  ipc.Client (Client.java:handleConnectionFailure(948)) - Retrying connect to server: localhost/127.0.0.1:0. Already tried 5 time(s); retry policy is RetryUpToMaximumCountWithFixedSleep(maxRetries=10, sleepTime=1000 MILLISECONDS)
2019-09-28 05:21:59,350 [main] INFO  ipc.Client (Client.java:handleConnectionFailure(948)) - Retrying connect to server: localhost/127.0.0.1:0. Already tried 6 time(s); retry policy is RetryUpToMaximumCountWithFixedSleep(maxRetries=10, sleepTime=1000 MILLISECONDS)
2019-09-28 05:22:00,351 [main] INFO  ipc.Client (Client.java:handleConnectionFailure(948)) - Retrying connect to server: localhost/127.0.0.1:0. Already tried 7 time(s); retry policy is RetryUpToMaximumCountWithFixedSleep(maxRetries=10, sleepTime=1000 MILLISECONDS)
2019-09-28 05:22:01,352 [main] INFO  ipc.Client (Client.java:handleConnectionFailure(948)) - Retrying connect to server: localhost/127.0.0.1:0. Already tried 8 time(s); retry policy is RetryUpToMaximumCountWithFixedSleep(maxRetries=10, sleepTime=1000 MILLISECONDS)
2019-09-28 05:22:02,353 [main] INFO  ipc.Client (Client.java:handleConnectionFailure(948)) - Retrying connect to server: localhost/127.0.0.1:0. Already tried 9 time(s); retry policy is RetryUpToMaximumCountWithFixedSleep(maxRetries=10, sleepTime=1000 MILLISECONDS)
2019-09-28 05:22:02,355 [main] ERROR ha.OMFailoverProxyProvider (OzoneManagerProtocolClientSideTranslatorPB.java:getRetryAction(268)) - Failed to connect to OM. Attempted 10 retries and 10 failovers
2019-09-28 05:22:02,358 [main] ERROR client.OzoneClientFactory (OzoneClientFactory.java:getClientProtocol(259)) - Couldn't create RpcClient protocol exception: 
java.net.ConnectException: Your endpoint configuration is wrong; For more details see:  http://wiki.apache.org/hadoop/UnsetHostnameOrPort
	at sun.reflect.NativeConstructorAccessorImpl.newInstance0(Native Method)
	at sun.reflect.NativeConstructorAccessorImpl.newInstance(NativeConstructorAccessorImpl.java:62)
	at sun.reflect.DelegatingConstructorAccessorImpl.newInstance(DelegatingConstructorAccessorImpl.java:45)
	at java.lang.reflect.Constructor.newInstance(Constructor.java:423)
	at org.apache.hadoop.net.NetUtils.wrapWithMessage(NetUtils.java:831)
	at org.apache.hadoop.net.NetUtils.wrapException(NetUtils.java:751)
	at org.apache.hadoop.ipc.Client.getRpcResponse(Client.java:1515)
	at org.apache.hadoop.ipc.Client.call(Client.java:1457)
	at org.apache.hadoop.ipc.Client.call(Client.java:1367)
	at org.apache.hadoop.ipc.ProtobufRpcEngine$Invoker.invoke(ProtobufRpcEngine.java:228)
	at org.apache.hadoop.ipc.ProtobufRpcEngine$Invoker.invoke(ProtobufRpcEngine.java:116)
	at com.sun.proxy.$Proxy36.submitRequest(Unknown Source)
	at sun.reflect.NativeMethodAccessorImpl.invoke0(Native Method)
	at sun.reflect.NativeMethodAccessorImpl.invoke(NativeMethodAccessorImpl.java:62)
	at sun.reflect.DelegatingMethodAccessorImpl.invoke(DelegatingMethodAccessorImpl.java:43)
	at java.lang.reflect.Method.invoke(Method.java:498)
	at org.apache.hadoop.io.retry.RetryInvocationHandler.invokeMethod(RetryInvocationHandler.java:422)
	at org.apache.hadoop.io.retry.RetryInvocationHandler$Call.invokeMethod(RetryInvocationHandler.java:165)
	at org.apache.hadoop.io.retry.RetryInvocationHandler$Call.invoke(RetryInvocationHandler.java:157)
	at org.apache.hadoop.io.retry.RetryInvocationHandler$Call.invokeOnce(RetryInvocationHandler.java:95)
	at org.apache.hadoop.io.retry.RetryInvocationHandler.invoke(RetryInvocationHandler.java:359)
	at com.sun.proxy.$Proxy36.submitRequest(Unknown Source)
	at org.apache.hadoop.ozone.om.protocolPB.OzoneManagerProtocolClientSideTranslatorPB.submitRequest(OzoneManagerProtocolClientSideTranslatorPB.java:338)
	at org.apache.hadoop.ozone.om.protocolPB.OzoneManagerProtocolClientSideTranslatorPB.getServiceInfo(OzoneManagerProtocolClientSideTranslatorPB.java:1223)
	at sun.reflect.NativeMethodAccessorImpl.invoke0(Native Method)
	at sun.reflect.NativeMethodAccessorImpl.invoke(NativeMethodAccessorImpl.java:62)
	at sun.reflect.DelegatingMethodAccessorImpl.invoke(DelegatingMethodAccessorImpl.java:43)
	at java.lang.reflect.Method.invoke(Method.java:498)
	at org.apache.hadoop.hdds.tracing.TraceAllMethod.invoke(TraceAllMethod.java:66)
	at com.sun.proxy.$Proxy37.getServiceInfo(Unknown Source)
	at org.apache.hadoop.ozone.client.rpc.RpcClient.<init>(RpcClient.java:154)
	at org.apache.hadoop.ozone.client.OzoneClientFactory.getClientProtocol(OzoneClientFactory.java:256)
	at org.apache.hadoop.ozone.client.OzoneClientFactory.getClientProtocol(OzoneClientFactory.java:239)
	at org.apache.hadoop.ozone.client.OzoneClientFactory.getClient(OzoneClientFactory.java:75)
	at org.apache.hadoop.ozone.MiniOzoneClusterImpl.getClient(MiniOzoneClusterImpl.java:212)
	at org.apache.hadoop.ozone.TestDataUtil.createVolumeAndBucket(TestDataUtil.java:51)
	at org.apache.hadoop.ozone.TestDataUtil.createVolumeAndBucket(TestDataUtil.java:93)
	at org.apache.hadoop.fs.ozone.TestOzoneFSInputStream.init(TestOzoneFSInputStream.java:72)
	at sun.reflect.NativeMethodAccessorImpl.invoke0(Native Method)
	at sun.reflect.NativeMethodAccessorImpl.invoke(NativeMethodAccessorImpl.java:62)
	at sun.reflect.DelegatingMethodAccessorImpl.invoke(DelegatingMethodAccessorImpl.java:43)
	at java.lang.reflect.Method.invoke(Method.java:498)
	at org.junit.runners.model.FrameworkMethod$1.runReflectiveCall(FrameworkMethod.java:47)
	at org.junit.internal.runners.model.ReflectiveCallable.run(ReflectiveCallable.java:12)
	at org.junit.runners.model.FrameworkMethod.invokeExplosively(FrameworkMethod.java:44)
	at org.junit.internal.runners.statements.RunBefores.evaluate(RunBefores.java:24)
	at org.junit.internal.runners.statements.RunAfters.evaluate(RunAfters.java:27)
	at org.junit.runners.ParentRunner.run(ParentRunner.java:309)
	at org.apache.maven.surefire.junit4.JUnit4Provider.execute(JUnit4Provider.java:365)
	at org.apache.maven.surefire.junit4.JUnit4Provider.executeWithRerun(JUnit4Provider.java:273)
	at org.apache.maven.surefire.junit4.JUnit4Provider.executeTestSet(JUnit4Provider.java:238)
	at org.apache.maven.surefire.junit4.JUnit4Provider.invoke(JUnit4Provider.java:159)
	at org.apache.maven.surefire.booter.ForkedBooter.invokeProviderInSameClassLoader(ForkedBooter.java:384)
	at org.apache.maven.surefire.booter.ForkedBooter.runSuitesInProcess(ForkedBooter.java:345)
	at org.apache.maven.surefire.booter.ForkedBooter.execute(ForkedBooter.java:126)
	at org.apache.maven.surefire.booter.ForkedBooter.main(ForkedBooter.java:418)
Caused by: java.net.ConnectException: Connection refused
	at sun.nio.ch.SocketChannelImpl.checkConnect(Native Method)
	at sun.nio.ch.SocketChannelImpl.finishConnect(SocketChannelImpl.java:717)
	at org.apache.hadoop.net.SocketIOWithTimeout.connect(SocketIOWithTimeout.java:206)
	at org.apache.hadoop.net.NetUtils.connect(NetUtils.java:531)
	at org.apache.hadoop.ipc.Client$Connection.setupConnection(Client.java:690)
	at org.apache.hadoop.ipc.Client$Connection.setupIOstreams(Client.java:794)
	at org.apache.hadoop.ipc.Client$Connection.access$3700(Client.java:411)
	at org.apache.hadoop.ipc.Client.getConnection(Client.java:1572)
	at org.apache.hadoop.ipc.Client.call(Client.java:1403)
	... 48 more
]]></system-out>
    <system-err><![CDATA[ERROR StatusLogger No Log4j 2 configuration file found. Using default configuration (logging only errors to the console), or user programmatically provided configurations. Set system property 'log4j2.debug' to show Log4j 2 internal initialization logging. See https://logging.apache.org/log4j/2.x/manual/configuration.html for instructions on how to configure Log4j 2
]]></system-err>
  </testcase>
  <testcase name="org.apache.hadoop.fs.ozone.TestOzoneFSInputStream" classname="org.apache.hadoop.fs.ozone.TestOzoneFSInputStream" time="121.755">
    <error type="java.lang.NullPointerException">java.lang.NullPointerException
	at org.apache.hadoop.fs.ozone.TestOzoneFSInputStream.shutdown(TestOzoneFSInputStream.java:96)
	at sun.reflect.NativeMethodAccessorImpl.invoke0(Native Method)
	at sun.reflect.NativeMethodAccessorImpl.invoke(NativeMethodAccessorImpl.java:62)
	at sun.reflect.DelegatingMethodAccessorImpl.invoke(DelegatingMethodAccessorImpl.java:43)
	at java.lang.reflect.Method.invoke(Method.java:498)
	at org.junit.runners.model.FrameworkMethod$1.runReflectiveCall(FrameworkMethod.java:47)
	at org.junit.internal.runners.model.ReflectiveCallable.run(ReflectiveCallable.java:12)
	at org.junit.runners.model.FrameworkMethod.invokeExplosively(FrameworkMethod.java:44)
	at org.junit.internal.runners.statements.RunAfters.evaluate(RunAfters.java:33)
	at org.junit.runners.ParentRunner.run(ParentRunner.java:309)
	at org.apache.maven.surefire.junit4.JUnit4Provider.execute(JUnit4Provider.java:365)
	at org.apache.maven.surefire.junit4.JUnit4Provider.executeWithRerun(JUnit4Provider.java:273)
	at org.apache.maven.surefire.junit4.JUnit4Provider.executeTestSet(JUnit4Provider.java:238)
	at org.apache.maven.surefire.junit4.JUnit4Provider.invoke(JUnit4Provider.java:159)
	at org.apache.maven.surefire.booter.ForkedBooter.invokeProviderInSameClassLoader(ForkedBooter.java:384)
	at org.apache.maven.surefire.booter.ForkedBooter.runSuitesInProcess(ForkedBooter.java:345)
	at org.apache.maven.surefire.booter.ForkedBooter.execute(ForkedBooter.java:126)
	at org.apache.maven.surefire.booter.ForkedBooter.main(ForkedBooter.java:418)
</error>
  </testcase>
</testsuite>