<?xml version="1.0" encoding="UTF-8"?>
<testsuite xmlns:xsi="http://www.w3.org/2001/XMLSchema-instance" xsi:noNamespaceSchemaLocation="https://maven.apache.org/surefire/maven-surefire-plugin/xsd/surefire-test-report.xsd" name="org.apache.hadoop.ozone.scm.TestSCMContainerPlacementPolicyMetrics" time="81.499" tests="1" errors="1" skipped="0" failures="0">
  <properties>
    <property name="awt.toolkit" value="sun.awt.X11.XToolkit"/>
    <property name="file.encoding.pkg" value="sun.io"/>
    <property name="java.specification.version" value="1.8"/>
    <property name="sun.cpu.isalist" value=""/>
    <property name="sun.jnu.encoding" value="ANSI_X3.4-1968"/>
    <property name="java.class.path" value="/workdir/hadoop-ozone/integration-test/target/test-classes:/workdir/hadoop-ozone/integration-test/target/classes:/home/user/.m2/repository/org/apache/hadoop/hadoop-ozone-common/0.5.0-SNAPSHOT/hadoop-ozone-common-0.5.0-SNAPSHOT.jar:/home/user/.m2/repository/org/apache/commons/commons-compress/1.4.1/commons-compress-1.4.1.jar:/home/user/.m2/repository/org/tukaani/xz/1.0/xz-1.0.jar:/home/user/.m2/repository/org/apache/hadoop/hadoop-common/3.2.0/hadoop-common-3.2.0.jar:/home/user/.m2/repository/org/apache/hadoop/hadoop-hdfs/3.2.0/hadoop-hdfs-3.2.0.jar:/home/user/.m2/repository/org/apache/hadoop/hadoop-hdfs-client/3.2.0/hadoop-hdfs-client-3.2.0.jar:/home/user/.m2/repository/com/fasterxml/jackson/core/jackson-annotations/2.9.9/jackson-annotations-2.9.9.jar:/home/user/.m2/repository/org/apache/hadoop/hadoop-hdds-common/0.5.0-SNAPSHOT/hadoop-hdds-common-0.5.0-SNAPSHOT.jar:/home/user/.m2/repository/javax/annotation/javax.annotation-api/1.2/javax.annotation-api-1.2.jar:/home/user/.m2/repository/org/apache/ratis/ratis-server/0.5.0-3f446aa-SNAPSHOT/ratis-server-0.5.0-3f446aa-SNAPSHOT.jar:/home/user/.m2/repository/org/apache/ratis/ratis-thirdparty-misc/0.2.0/ratis-thirdparty-misc-0.2.0.jar:/home/user/.m2/repository/org/apache/ratis/ratis-proto/0.5.0-3f446aa-SNAPSHOT/ratis-proto-0.5.0-3f446aa-SNAPSHOT.jar:/home/user/.m2/repository/org/apache/ratis/ratis-common/0.5.0-3f446aa-SNAPSHOT/ratis-common-0.5.0-3f446aa-SNAPSHOT.jar:/home/user/.m2/repository/org/apache/ratis/ratis-client/0.5.0-3f446aa-SNAPSHOT/ratis-client-0.5.0-3f446aa-SNAPSHOT.jar:/home/user/.m2/repository/org/apache/ratis/ratis-metrics/0.5.0-3f446aa-SNAPSHOT/ratis-metrics-0.5.0-3f446aa-SNAPSHOT.jar:/home/user/.m2/repository/com/github/joshelser/dropwizard-metrics-hadoop-metrics2-reporter/0.1.2/dropwizard-metrics-hadoop-metrics2-reporter-0.1.2.jar:/home/user/.m2/repository/io/dropwizard/metrics/metrics-jvm/3.2.5/metrics-jvm-3.2.5.jar:/home/user/.m2/repository/io/dropwizard/metrics/metrics-ganglia/3.2.5/metrics-ganglia-3.2.5.jar:/home/user/.m2/repository/info/ganglia/gmetric4j/gmetric4j/1.0.7/gmetric4j-1.0.7.jar:/home/user/.m2/repository/org/apache/ratis/ratis-netty/0.5.0-3f446aa-SNAPSHOT/ratis-netty-0.5.0-3f446aa-SNAPSHOT.jar:/home/user/.m2/repository/org/apache/ratis/ratis-grpc/0.5.0-3f446aa-SNAPSHOT/ratis-grpc-0.5.0-3f446aa-SNAPSHOT.jar:/home/user/.m2/repository/org/rocksdb/rocksdbjni/6.0.1/rocksdbjni-6.0.1.jar:/home/user/.m2/repository/org/apache/logging/log4j/log4j-api/2.11.0/log4j-api-2.11.0.jar:/home/user/.m2/repository/org/apache/logging/log4j/log4j-core/2.11.0/log4j-core-2.11.0.jar:/home/user/.m2/repository/com/lmax/disruptor/3.4.2/disruptor-3.4.2.jar:/home/user/.m2/repository/org/apache/commons/commons-pool2/2.6.0/commons-pool2-2.6.0.jar:/home/user/.m2/repository/org/bouncycastle/bcpkix-jdk15on/1.60/bcpkix-jdk15on-1.60.jar:/home/user/.m2/repository/commons-validator/commons-validator/1.6/commons-validator-1.6.jar:/home/user/.m2/repository/commons-digester/commons-digester/1.8.1/commons-digester-1.8.1.jar:/home/user/.m2/repository/io/jaegertracing/jaeger-client/0.34.0/jaeger-client-0.34.0.jar:/home/user/.m2/repository/io/jaegertracing/jaeger-thrift/0.34.0/jaeger-thrift-0.34.0.jar:/home/user/.m2/repository/org/apache/thrift/libthrift/0.12.0/libthrift-0.12.0.jar:/home/user/.m2/repository/com/squareup/okhttp3/okhttp/3.9.0/okhttp-3.9.0.jar:/home/user/.m2/repository/com/squareup/okio/okio/1.13.0/okio-1.13.0.jar:/home/user/.m2/repository/io/jaegertracing/jaeger-core/0.34.0/jaeger-core-0.34.0.jar:/home/user/.m2/repository/io/jaegertracing/jaeger-tracerresolver/0.34.0/jaeger-tracerresolver-0.34.0.jar:/home/user/.m2/repository/io/opentracing/contrib/opentracing-tracerresolver/0.1.5/opentracing-tracerresolver-0.1.5.jar:/home/user/.m2/repository/io/opentracing/opentracing-util/0.31.0/opentracing-util-0.31.0.jar:/home/user/.m2/repository/io/opentracing/opentracing-api/0.31.0/opentracing-api-0.31.0.jar:/home/user/.m2/repository/io/opentracing/opentracing-noop/0.31.0/opentracing-noop-0.31.0.jar:/home/user/.m2/repository/org/apache/hadoop/hadoop-hdds-server-framework/0.5.0-SNAPSHOT/hadoop-hdds-server-framework-0.5.0-SNAPSHOT.jar:/home/user/.m2/repository/org/apache/hadoop/hadoop-hdds-container-service/0.5.0-SNAPSHOT/hadoop-hdds-container-service-0.5.0-SNAPSHOT.jar:/home/user/.m2/repository/org/apache/hadoop/hadoop-hdds-client/0.5.0-SNAPSHOT/hadoop-hdds-client-0.5.0-SNAPSHOT.jar:/home/user/.m2/repository/org/apache/hadoop/hadoop-hdds-tools/0.5.0-SNAPSHOT/hadoop-hdds-tools-0.5.0-SNAPSHOT.jar:/home/user/.m2/repository/org/apache/hadoop/hadoop-hdds-server-scm/0.5.0-SNAPSHOT/hadoop-hdds-server-scm-0.5.0-SNAPSHOT.jar:/home/user/.m2/repository/org/apache/hadoop/hadoop-hdds-docs/0.5.0-SNAPSHOT/hadoop-hdds-docs-0.5.0-SNAPSHOT.jar:/home/user/.m2/repository/io/dropwizard/metrics/metrics-core/3.2.4/metrics-core-3.2.4.jar:/home/user/.m2/repository/org/hamcrest/hamcrest-all/1.3/hamcrest-all-1.3.jar:/home/user/.m2/repository/org/bouncycastle/bcprov-jdk15on/1.60/bcprov-jdk15on-1.60.jar:/home/user/.m2/repository/info/picocli/picocli/3.9.6/picocli-3.9.6.jar:/home/user/.m2/repository/com/google/protobuf/protobuf-java/2.5.0/protobuf-java-2.5.0.jar:/home/user/.m2/repository/com/google/guava/guava/11.0.2/guava-11.0.2.jar:/home/user/.m2/repository/org/apache/hadoop/hadoop-ozone-ozone-manager/0.5.0-SNAPSHOT/hadoop-ozone-ozone-manager-0.5.0-SNAPSHOT.jar:/home/user/.m2/repository/org/apache/hadoop/hadoop-minikdc/3.2.0/hadoop-minikdc-3.2.0.jar:/home/user/.m2/repository/commons-io/commons-io/2.5/commons-io-2.5.jar:/home/user/.m2/repository/org/apache/kerby/kerb-simplekdc/1.0.1/kerb-simplekdc-1.0.1.jar:/home/user/.m2/repository/org/apache/kerby/kerb-client/1.0.1/kerb-client-1.0.1.jar:/home/user/.m2/repository/org/apache/kerby/kerby-config/1.0.1/kerby-config-1.0.1.jar:/home/user/.m2/repository/org/apache/kerby/kerb-core/1.0.1/kerb-core-1.0.1.jar:/home/user/.m2/repository/org/apache/kerby/kerby-pkix/1.0.1/kerby-pkix-1.0.1.jar:/home/user/.m2/repository/org/apache/kerby/kerby-asn1/1.0.1/kerby-asn1-1.0.1.jar:/home/user/.m2/repository/org/apache/kerby/kerby-util/1.0.1/kerby-util-1.0.1.jar:/home/user/.m2/repository/org/apache/kerby/kerb-common/1.0.1/kerb-common-1.0.1.jar:/home/user/.m2/repository/org/apache/kerby/kerb-crypto/1.0.1/kerb-crypto-1.0.1.jar:/home/user/.m2/repository/org/apache/kerby/kerb-util/1.0.1/kerb-util-1.0.1.jar:/home/user/.m2/repository/org/apache/kerby/token-provider/1.0.1/token-provider-1.0.1.jar:/home/user/.m2/repository/org/apache/kerby/kerb-admin/1.0.1/kerb-admin-1.0.1.jar:/home/user/.m2/repository/org/apache/kerby/kerb-server/1.0.1/kerb-server-1.0.1.jar:/home/user/.m2/repository/org/apache/kerby/kerb-identity/1.0.1/kerb-identity-1.0.1.jar:/home/user/.m2/repository/org/apache/kerby/kerby-xdr/1.0.1/kerby-xdr-1.0.1.jar:/home/user/.m2/repository/org/slf4j/slf4j-log4j12/1.7.25/slf4j-log4j12-1.7.25.jar:/home/user/.m2/repository/org/apache/hadoop/hadoop-ozone-s3gateway/0.5.0-SNAPSHOT/hadoop-ozone-s3gateway-0.5.0-SNAPSHOT.jar:/home/user/.m2/repository/org/jboss/weld/servlet/weld-servlet/2.4.7.Final/weld-servlet-2.4.7.Final.jar:/home/user/.m2/repository/org/glassfish/jersey/containers/jersey-container-servlet-core/2.27/jersey-container-servlet-core-2.27.jar:/home/user/.m2/repository/org/glassfish/hk2/external/javax.inject/2.5.0-b42/javax.inject-2.5.0-b42.jar:/home/user/.m2/repository/org/glassfish/jersey/core/jersey-common/2.27/jersey-common-2.27.jar:/home/user/.m2/repository/org/glassfish/hk2/osgi-resource-locator/1.0.1/osgi-resource-locator-1.0.1.jar:/home/user/.m2/repository/javax/ws/rs/javax.ws.rs-api/2.1/javax.ws.rs-api-2.1.jar:/home/user/.m2/repository/org/glassfish/jersey/ext/cdi/jersey-cdi1x/2.27/jersey-cdi1x-2.27.jar:/home/user/.m2/repository/org/glassfish/jersey/inject/jersey-hk2/2.27/jersey-hk2-2.27.jar:/home/user/.m2/repository/org/glassfish/hk2/hk2-locator/2.5.0-b42/hk2-locator-2.5.0-b42.jar:/home/user/.m2/repository/org/javassist/javassist/3.22.0-CR2/javassist-3.22.0-CR2.jar:/home/user/.m2/repository/org/glassfish/hk2/hk2-api/2.5.0/hk2-api-2.5.0.jar:/home/user/.m2/repository/org/glassfish/hk2/external/jakarta.inject/2.5.0/jakarta.inject-2.5.0.jar:/home/user/.m2/repository/org/glassfish/hk2/hk2-utils/2.5.0/hk2-utils-2.5.0.jar:/home/user/.m2/repository/jakarta/annotation/jakarta.annotation-api/1.3.4/jakarta.annotation-api-1.3.4.jar:/home/user/.m2/repository/org/glassfish/hk2/external/aopalliance-repackaged/2.5.0/aopalliance-repackaged-2.5.0.jar:/home/user/.m2/repository/com/fasterxml/jackson/dataformat/jackson-dataformat-xml/2.9.0/jackson-dataformat-xml-2.9.0.jar:/home/user/.m2/repository/com/fasterxml/jackson/core/jackson-core/2.9.9/jackson-core-2.9.9.jar:/home/user/.m2/repository/com/fasterxml/jackson/module/jackson-module-jaxb-annotations/2.9.9/jackson-module-jaxb-annotations-2.9.9.jar:/home/user/.m2/repository/javax/enterprise/cdi-api/1.2/cdi-api-1.2.jar:/home/user/.m2/repository/javax/el/javax.el-api/3.0.0/javax.el-api-3.0.0.jar:/home/user/.m2/repository/javax/interceptor/javax.interceptor-api/1.2/javax.interceptor-api-1.2.jar:/home/user/.m2/repository/javax/inject/javax.inject/1/javax.inject-1.jar:/home/user/.m2/repository/com/sun/xml/bind/jaxb-impl/2.3.0.1/jaxb-impl-2.3.0.1.jar:/home/user/.m2/repository/com/sun/xml/bind/jaxb-core/2.3.0.1/jaxb-core-2.3.0.1.jar:/home/user/.m2/repository/javax/xml/bind/jaxb-api/2.3.0/jaxb-api-2.3.0.jar:/home/user/.m2/repository/javax/activation/activation/1.1.1/activation-1.1.1.jar:/home/user/.m2/repository/org/apache/hadoop/hadoop-ozone-csi/0.5.0-SNAPSHOT/hadoop-ozone-csi-0.5.0-SNAPSHOT.jar:/home/user/.m2/repository/com/google/protobuf/protobuf-java-util/3.5.1/protobuf-java-util-3.5.1.jar:/home/user/.m2/repository/org/apache/hadoop/hadoop-hdds-config/0.5.0-SNAPSHOT/hadoop-hdds-config-0.5.0-SNAPSHOT.jar:/home/user/.m2/repository/io/grpc/grpc-netty/1.17.1/grpc-netty-1.17.1.jar:/home/user/.m2/repository/io/grpc/grpc-core/1.17.1/grpc-core-1.17.1.jar:/home/user/.m2/repository/io/grpc/grpc-context/1.17.1/grpc-context-1.17.1.jar:/home/user/.m2/repository/com/google/errorprone/error_prone_annotations/2.2.0/error_prone_annotations-2.2.0.jar:/home/user/.m2/repository/org/codehaus/mojo/animal-sniffer-annotations/1.17/animal-sniffer-annotations-1.17.jar:/home/user/.m2/repository/io/opencensus/opencensus-api/0.17.0/opencensus-api-0.17.0.jar:/home/user/.m2/repository/io/opencensus/opencensus-contrib-grpc-metrics/0.17.0/opencensus-contrib-grpc-metrics-0.17.0.jar:/home/user/.m2/repository/io/netty/netty-codec-http2/4.1.30.Final/netty-codec-http2-4.1.30.Final.jar:/home/user/.m2/repository/io/netty/netty-codec-http/4.1.30.Final/netty-codec-http-4.1.30.Final.jar:/home/user/.m2/repository/io/netty/netty-codec/4.1.30.Final/netty-codec-4.1.30.Final.jar:/home/user/.m2/repository/io/netty/netty-handler/4.1.30.Final/netty-handler-4.1.30.Final.jar:/home/user/.m2/repository/io/netty/netty-handler-proxy/4.1.30.Final/netty-handler-proxy-4.1.30.Final.jar:/home/user/.m2/repository/io/netty/netty-codec-socks/4.1.30.Final/netty-codec-socks-4.1.30.Final.jar:/home/user/.m2/repository/io/netty/netty-transport-native-epoll/4.1.30.Final/netty-transport-native-epoll-4.1.30.Final.jar:/home/user/.m2/repository/io/netty/netty-common/4.1.30.Final/netty-common-4.1.30.Final.jar:/home/user/.m2/repository/io/netty/netty-buffer/4.1.30.Final/netty-buffer-4.1.30.Final.jar:/home/user/.m2/repository/io/netty/netty-transport/4.1.30.Final/netty-transport-4.1.30.Final.jar:/home/user/.m2/repository/io/netty/netty-resolver/4.1.30.Final/netty-resolver-4.1.30.Final.jar:/home/user/.m2/repository/io/netty/netty-transport-native-unix-common/4.1.30.Final/netty-transport-native-unix-common-4.1.30.Final.jar:/home/user/.m2/repository/io/grpc/grpc-protobuf/1.17.1/grpc-protobuf-1.17.1.jar:/home/user/.m2/repository/com/google/api/grpc/proto-google-common-protos/1.0.0/proto-google-common-protos-1.0.0.jar:/home/user/.m2/repository/io/grpc/grpc-protobuf-lite/1.17.1/grpc-protobuf-lite-1.17.1.jar:/home/user/.m2/repository/io/grpc/grpc-stub/1.17.1/grpc-stub-1.17.1.jar:/home/user/.m2/repository/org/apache/hadoop/hadoop-ozone-recon/0.5.0-SNAPSHOT/hadoop-ozone-recon-0.5.0-SNAPSHOT.jar:/home/user/.m2/repository/org/apache/hadoop/hadoop-ozone-reconcodegen/0.5.0-SNAPSHOT/hadoop-ozone-reconcodegen-0.5.0-SNAPSHOT.jar:/home/user/.m2/repository/com/google/inject/extensions/guice-multibindings/4.0/guice-multibindings-4.0.jar:/home/user/.m2/repository/com/google/inject/guice/4.0/guice-4.0.jar:/home/user/.m2/repository/aopalliance/aopalliance/1.0/aopalliance-1.0.jar:/home/user/.m2/repository/com/google/inject/extensions/guice-servlet/4.0/guice-servlet-4.0.jar:/home/user/.m2/repository/org/glassfish/jersey/containers/jersey-container-servlet/2.27/jersey-container-servlet-2.27.jar:/home/user/.m2/repository/org/glassfish/hk2/guice-bridge/2.5.0/guice-bridge-2.5.0.jar:/home/user/.m2/repository/org/glassfish/jersey/core/jersey-server/2.27/jersey-server-2.27.jar:/home/user/.m2/repository/org/glassfish/jersey/core/jersey-client/2.27/jersey-client-2.27.jar:/home/user/.m2/repository/org/glassfish/jersey/media/jersey-media-jaxb/2.27/jersey-media-jaxb-2.27.jar:/home/user/.m2/repository/javax/validation/validation-api/1.1.0.Final/validation-api-1.1.0.Final.jar:/home/user/.m2/repository/org/glassfish/jersey/media/jersey-media-json-jackson/2.27/jersey-media-json-jackson-2.27.jar:/home/user/.m2/repository/org/glassfish/jersey/ext/jersey-entity-filtering/2.27/jersey-entity-filtering-2.27.jar:/home/user/.m2/repository/com/google/inject/extensions/guice-assistedinject/4.0/guice-assistedinject-4.0.jar:/home/user/.m2/repository/org/jooq/jooq/3.11.10/jooq-3.11.10.jar:/home/user/.m2/repository/org/jooq/jooq-meta/3.11.10/jooq-meta-3.11.10.jar:/home/user/.m2/repository/org/jooq/jooq-codegen/3.11.10/jooq-codegen-3.11.10.jar:/home/user/.m2/repository/com/jolbox/bonecp/0.8.0.RELEASE/bonecp-0.8.0.RELEASE.jar:/home/user/.m2/repository/org/xerial/sqlite-jdbc/3.25.2/sqlite-jdbc-3.25.2.jar:/home/user/.m2/repository/org/springframework/spring-jdbc/5.1.3.RELEASE/spring-jdbc-5.1.3.RELEASE.jar:/home/user/.m2/repository/org/springframework/spring-beans/5.1.3.RELEASE/spring-beans-5.1.3.RELEASE.jar:/home/user/.m2/repository/org/springframework/spring-core/5.1.3.RELEASE/spring-core-5.1.3.RELEASE.jar:/home/user/.m2/repository/org/springframework/spring-jcl/5.1.3.RELEASE/spring-jcl-5.1.3.RELEASE.jar:/home/user/.m2/repository/org/springframework/spring-tx/5.1.3.RELEASE/spring-tx-5.1.3.RELEASE.jar:/home/user/.m2/repository/org/apache/hadoop/hadoop-ozone-client/0.5.0-SNAPSHOT/hadoop-ozone-client-0.5.0-SNAPSHOT.jar:/home/user/.m2/repository/commons-lang/commons-lang/2.6/commons-lang-2.6.jar:/home/user/.m2/repository/org/apache/hadoop/hadoop-ozone-ozone-manager/0.5.0-SNAPSHOT/hadoop-ozone-ozone-manager-0.5.0-SNAPSHOT-tests.jar:/home/user/.m2/repository/junit/junit/4.11/junit-4.11.jar:/home/user/.m2/repository/org/hamcrest/hamcrest-core/1.3/hamcrest-core-1.3.jar:/home/user/.m2/repository/org/openjdk/jmh/jmh-core/1.19/jmh-core-1.19.jar:/home/user/.m2/repository/net/sf/jopt-simple/jopt-simple/4.6/jopt-simple-4.6.jar:/home/user/.m2/repository/org/apache/commons/commons-math3/3.1.1/commons-math3-3.1.1.jar:/home/user/.m2/repository/org/openjdk/jmh/jmh-generator-annprocess/1.19/jmh-generator-annprocess-1.19.jar:/home/user/.m2/repository/org/mockito/mockito-all/1.8.5/mockito-all-1.8.5.jar:/home/user/.m2/repository/org/apache/hadoop/hadoop-kms/3.2.0/hadoop-kms-3.2.0.jar:/home/user/.m2/repository/org/apache/hadoop/hadoop-auth/3.2.0/hadoop-auth-3.2.0.jar:/home/user/.m2/repository/com/nimbusds/nimbus-jose-jwt/4.41.1/nimbus-jose-jwt-4.41.1.jar:/home/user/.m2/repository/com/github/stephenc/jcip/jcip-annotations/1.0-1/jcip-annotations-1.0-1.jar:/home/user/.m2/repository/net/minidev/json-smart/2.3/json-smart-2.3.jar:/home/user/.m2/repository/net/minidev/accessors-smart/1.2/accessors-smart-1.2.jar:/home/user/.m2/repository/org/ow2/asm/asm/5.0.4/asm-5.0.4.jar:/home/user/.m2/repository/org/apache/curator/curator-framework/2.12.0/curator-framework-2.12.0.jar:/home/user/.m2/repository/com/sun/jersey/jersey-core/1.19/jersey-core-1.19.jar:/home/user/.m2/repository/javax/ws/rs/jsr311-api/1.1.1/jsr311-api-1.1.1.jar:/home/user/.m2/repository/com/sun/jersey/jersey-server/1.19/jersey-server-1.19.jar:/home/user/.m2/repository/javax/servlet/javax.servlet-api/3.1.0/javax.servlet-api-3.1.0.jar:/home/user/.m2/repository/org/eclipse/jetty/jetty-server/9.3.25.v20180904/jetty-server-9.3.25.v20180904.jar:/home/user/.m2/repository/org/eclipse/jetty/jetty-http/9.3.25.v20180904/jetty-http-9.3.25.v20180904.jar:/home/user/.m2/repository/org/eclipse/jetty/jetty-io/9.3.25.v20180904/jetty-io-9.3.25.v20180904.jar:/home/user/.m2/repository/org/eclipse/jetty/jetty-webapp/9.3.25.v20180904/jetty-webapp-9.3.25.v20180904.jar:/home/user/.m2/repository/org/eclipse/jetty/jetty-xml/9.3.25.v20180904/jetty-xml-9.3.25.v20180904.jar:/home/user/.m2/repository/log4j/log4j/1.2.17/log4j-1.2.17.jar:/home/user/.m2/repository/org/slf4j/slf4j-api/1.7.25/slf4j-api-1.7.25.jar:/home/user/.m2/repository/org/slf4j/jul-to-slf4j/1.7.25/jul-to-slf4j-1.7.25.jar:/home/user/.m2/repository/org/eclipse/jetty/jetty-util/9.3.25.v20180904/jetty-util-9.3.25.v20180904.jar:/home/user/.m2/repository/com/fasterxml/jackson/core/jackson-databind/2.9.9/jackson-databind-2.9.9.jar:/home/user/.m2/repository/org/apache/hadoop/hadoop-kms/3.2.0/hadoop-kms-3.2.0-tests.jar:/home/user/.m2/repository/org/apache/hadoop/hadoop-hdds-server-scm/0.5.0-SNAPSHOT/hadoop-hdds-server-scm-0.5.0-SNAPSHOT-tests.jar:/home/user/.m2/repository/org/apache/hadoop/hadoop-hdds-container-service/0.5.0-SNAPSHOT/hadoop-hdds-container-service-0.5.0-SNAPSHOT-tests.jar:/home/user/.m2/repository/org/yaml/snakeyaml/1.16/snakeyaml-1.16.jar:/home/user/.m2/repository/org/apache/hadoop/hadoop-common/3.2.0/hadoop-common-3.2.0-tests.jar:/home/user/.m2/repository/org/apache/hadoop/hadoop-annotations/3.2.0/hadoop-annotations-3.2.0.jar:/usr/lib/jvm/java-1.8.0-openjdk-1.8.0.222.b10-1.el7_7.x86_64/jre/../lib/tools.jar:/home/user/.m2/repository/commons-cli/commons-cli/1.2/commons-cli-1.2.jar:/home/user/.m2/repository/org/apache/httpcomponents/httpclient/4.5.2/httpclient-4.5.2.jar:/home/user/.m2/repository/org/apache/httpcomponents/httpcore/4.4.4/httpcore-4.4.4.jar:/home/user/.m2/repository/commons-codec/commons-codec/1.11/commons-codec-1.11.jar:/home/user/.m2/repository/commons-net/commons-net/3.6/commons-net-3.6.jar:/home/user/.m2/repository/commons-collections/commons-collections/3.2.2/commons-collections-3.2.2.jar:/home/user/.m2/repository/org/eclipse/jetty/jetty-servlet/9.3.25.v20180904/jetty-servlet-9.3.25.v20180904.jar:/home/user/.m2/repository/org/eclipse/jetty/jetty-security/9.3.25.v20180904/jetty-security-9.3.25.v20180904.jar:/home/user/.m2/repository/javax/servlet/jsp/jsp-api/2.1/jsp-api-2.1.jar:/home/user/.m2/repository/com/sun/jersey/jersey-servlet/1.19/jersey-servlet-1.19.jar:/home/user/.m2/repository/com/sun/jersey/jersey-json/1.19/jersey-json-1.19.jar:/home/user/.m2/repository/org/codehaus/jettison/jettison/1.1/jettison-1.1.jar:/home/user/.m2/repository/org/codehaus/jackson/jackson-core-asl/1.9.13/jackson-core-asl-1.9.13.jar:/home/user/.m2/repository/org/codehaus/jackson/jackson-mapper-asl/1.9.13/jackson-mapper-asl-1.9.13.jar:/home/user/.m2/repository/org/codehaus/jackson/jackson-jaxrs/1.9.13/jackson-jaxrs-1.9.13.jar:/home/user/.m2/repository/org/codehaus/jackson/jackson-xc/1.9.13/jackson-xc-1.9.13.jar:/home/user/.m2/repository/commons-logging/commons-logging/1.1.3/commons-logging-1.1.3.jar:/home/user/.m2/repository/commons-beanutils/commons-beanutils/1.9.4/commons-beanutils-1.9.4.jar:/home/user/.m2/repository/org/apache/commons/commons-configuration2/2.1.1/commons-configuration2-2.1.1.jar:/home/user/.m2/repository/org/apache/commons/commons-lang3/3.7/commons-lang3-3.7.jar:/home/user/.m2/repository/org/apache/commons/commons-text/1.4/commons-text-1.4.jar:/home/user/.m2/repository/org/apache/avro/avro/1.7.7/avro-1.7.7.jar:/home/user/.m2/repository/com/thoughtworks/paranamer/paranamer/2.3/paranamer-2.3.jar:/home/user/.m2/repository/org/xerial/snappy/snappy-java/1.0.5/snappy-java-1.0.5.jar:/home/user/.m2/repository/com/google/re2j/re2j/1.1/re2j-1.1.jar:/home/user/.m2/repository/com/google/code/gson/gson/2.2.4/gson-2.2.4.jar:/home/user/.m2/repository/com/jcraft/jsch/0.1.54/jsch-0.1.54.jar:/home/user/.m2/repository/org/apache/curator/curator-client/2.12.0/curator-client-2.12.0.jar:/home/user/.m2/repository/org/apache/curator/curator-recipes/2.12.0/curator-recipes-2.12.0.jar:/home/user/.m2/repository/com/google/code/findbugs/jsr305/3.0.0/jsr305-3.0.0.jar:/home/user/.m2/repository/org/apache/htrace/htrace-core4/4.1.0-incubating/htrace-core4-4.1.0-incubating.jar:/home/user/.m2/repository/org/apache/zookeeper/zookeeper/3.4.13/zookeeper-3.4.13.jar:/home/user/.m2/repository/jline/jline/0.9.94/jline-0.9.94.jar:/home/user/.m2/repository/org/apache/yetus/audience-annotations/0.5.0/audience-annotations-0.5.0.jar:/home/user/.m2/repository/org/codehaus/woodstox/stax2-api/3.1.4/stax2-api-3.1.4.jar:/home/user/.m2/repository/com/fasterxml/woodstox/woodstox-core/5.0.3/woodstox-core-5.0.3.jar:/home/user/.m2/repository/dnsjava/dnsjava/2.1.7/dnsjava-2.1.7.jar:/home/user/.m2/repository/org/apache/hadoop/hadoop-hdfs/3.2.0/hadoop-hdfs-3.2.0-tests.jar:/home/user/.m2/repository/org/eclipse/jetty/jetty-util-ajax/9.3.25.v20180904/jetty-util-ajax-9.3.25.v20180904.jar:/home/user/.m2/repository/commons-daemon/commons-daemon/1.0.13/commons-daemon-1.0.13.jar:/home/user/.m2/repository/io/netty/netty/3.10.5.Final/netty-3.10.5.Final.jar:/home/user/.m2/repository/io/netty/netty-all/4.0.52.Final/netty-all-4.0.52.Final.jar:/home/user/.m2/repository/org/fusesource/leveldbjni/leveldbjni-all/1.8/leveldbjni-all-1.8.jar:"/>
    <property name="java.vm.vendor" value="Oracle Corporation"/>
    <property name="sun.arch.data.model" value="64"/>
    <property name="test.build.dir" value="/workdir/hadoop-ozone/integration-test/target/test-dir"/>
    <property name="test.cache.data" value=""/>
    <property name="java.vendor.url" value="http://java.oracle.com/"/>
    <property name="user.timezone" value=""/>
    <property name="java.vm.specification.version" value="1.8"/>
    <property name="os.name" value="Linux"/>
    <property name="test.build.data" value="/workdir/hadoop-ozone/integration-test/target/test-dir"/>
    <property name="user.country" value="US"/>
    <property name="sun.java.launcher" value="SUN_STANDARD"/>
    <property name="sun.boot.library.path" value="/usr/lib/jvm/java-1.8.0-openjdk-1.8.0.222.b10-1.el7_7.x86_64/jre/lib/amd64"/>
    <property name="sun.java.command" value="/workdir/hadoop-ozone/integration-test/target/surefire/surefirebooter677592953399748759.jar /workdir/hadoop-ozone/integration-test/target/surefire 2019-10-18T13-36-09_831-jvmRun1 surefire4421754534193443858tmp surefire_605511893486422511394tmp"/>
    <property name="surefire.test.class.path" value="/workdir/hadoop-ozone/integration-test/target/test-classes:/workdir/hadoop-ozone/integration-test/target/classes:/home/user/.m2/repository/org/apache/hadoop/hadoop-ozone-common/0.5.0-SNAPSHOT/hadoop-ozone-common-0.5.0-SNAPSHOT.jar:/home/user/.m2/repository/org/apache/commons/commons-compress/1.4.1/commons-compress-1.4.1.jar:/home/user/.m2/repository/org/tukaani/xz/1.0/xz-1.0.jar:/home/user/.m2/repository/org/apache/hadoop/hadoop-common/3.2.0/hadoop-common-3.2.0.jar:/home/user/.m2/repository/org/apache/hadoop/hadoop-hdfs/3.2.0/hadoop-hdfs-3.2.0.jar:/home/user/.m2/repository/org/apache/hadoop/hadoop-hdfs-client/3.2.0/hadoop-hdfs-client-3.2.0.jar:/home/user/.m2/repository/com/fasterxml/jackson/core/jackson-annotations/2.9.9/jackson-annotations-2.9.9.jar:/home/user/.m2/repository/org/apache/hadoop/hadoop-hdds-common/0.5.0-SNAPSHOT/hadoop-hdds-common-0.5.0-SNAPSHOT.jar:/home/user/.m2/repository/javax/annotation/javax.annotation-api/1.2/javax.annotation-api-1.2.jar:/home/user/.m2/repository/org/apache/ratis/ratis-server/0.5.0-3f446aa-SNAPSHOT/ratis-server-0.5.0-3f446aa-SNAPSHOT.jar:/home/user/.m2/repository/org/apache/ratis/ratis-thirdparty-misc/0.2.0/ratis-thirdparty-misc-0.2.0.jar:/home/user/.m2/repository/org/apache/ratis/ratis-proto/0.5.0-3f446aa-SNAPSHOT/ratis-proto-0.5.0-3f446aa-SNAPSHOT.jar:/home/user/.m2/repository/org/apache/ratis/ratis-common/0.5.0-3f446aa-SNAPSHOT/ratis-common-0.5.0-3f446aa-SNAPSHOT.jar:/home/user/.m2/repository/org/apache/ratis/ratis-client/0.5.0-3f446aa-SNAPSHOT/ratis-client-0.5.0-3f446aa-SNAPSHOT.jar:/home/user/.m2/repository/org/apache/ratis/ratis-metrics/0.5.0-3f446aa-SNAPSHOT/ratis-metrics-0.5.0-3f446aa-SNAPSHOT.jar:/home/user/.m2/repository/com/github/joshelser/dropwizard-metrics-hadoop-metrics2-reporter/0.1.2/dropwizard-metrics-hadoop-metrics2-reporter-0.1.2.jar:/home/user/.m2/repository/io/dropwizard/metrics/metrics-jvm/3.2.5/metrics-jvm-3.2.5.jar:/home/user/.m2/repository/io/dropwizard/metrics/metrics-ganglia/3.2.5/metrics-ganglia-3.2.5.jar:/home/user/.m2/repository/info/ganglia/gmetric4j/gmetric4j/1.0.7/gmetric4j-1.0.7.jar:/home/user/.m2/repository/org/apache/ratis/ratis-netty/0.5.0-3f446aa-SNAPSHOT/ratis-netty-0.5.0-3f446aa-SNAPSHOT.jar:/home/user/.m2/repository/org/apache/ratis/ratis-grpc/0.5.0-3f446aa-SNAPSHOT/ratis-grpc-0.5.0-3f446aa-SNAPSHOT.jar:/home/user/.m2/repository/org/rocksdb/rocksdbjni/6.0.1/rocksdbjni-6.0.1.jar:/home/user/.m2/repository/org/apache/logging/log4j/log4j-api/2.11.0/log4j-api-2.11.0.jar:/home/user/.m2/repository/org/apache/logging/log4j/log4j-core/2.11.0/log4j-core-2.11.0.jar:/home/user/.m2/repository/com/lmax/disruptor/3.4.2/disruptor-3.4.2.jar:/home/user/.m2/repository/org/apache/commons/commons-pool2/2.6.0/commons-pool2-2.6.0.jar:/home/user/.m2/repository/org/bouncycastle/bcpkix-jdk15on/1.60/bcpkix-jdk15on-1.60.jar:/home/user/.m2/repository/commons-validator/commons-validator/1.6/commons-validator-1.6.jar:/home/user/.m2/repository/commons-digester/commons-digester/1.8.1/commons-digester-1.8.1.jar:/home/user/.m2/repository/io/jaegertracing/jaeger-client/0.34.0/jaeger-client-0.34.0.jar:/home/user/.m2/repository/io/jaegertracing/jaeger-thrift/0.34.0/jaeger-thrift-0.34.0.jar:/home/user/.m2/repository/org/apache/thrift/libthrift/0.12.0/libthrift-0.12.0.jar:/home/user/.m2/repository/com/squareup/okhttp3/okhttp/3.9.0/okhttp-3.9.0.jar:/home/user/.m2/repository/com/squareup/okio/okio/1.13.0/okio-1.13.0.jar:/home/user/.m2/repository/io/jaegertracing/jaeger-core/0.34.0/jaeger-core-0.34.0.jar:/home/user/.m2/repository/io/jaegertracing/jaeger-tracerresolver/0.34.0/jaeger-tracerresolver-0.34.0.jar:/home/user/.m2/repository/io/opentracing/contrib/opentracing-tracerresolver/0.1.5/opentracing-tracerresolver-0.1.5.jar:/home/user/.m2/repository/io/opentracing/opentracing-util/0.31.0/opentracing-util-0.31.0.jar:/home/user/.m2/repository/io/opentracing/opentracing-api/0.31.0/opentracing-api-0.31.0.jar:/home/user/.m2/repository/io/opentracing/opentracing-noop/0.31.0/opentracing-noop-0.31.0.jar:/home/user/.m2/repository/org/apache/hadoop/hadoop-hdds-server-framework/0.5.0-SNAPSHOT/hadoop-hdds-server-framework-0.5.0-SNAPSHOT.jar:/home/user/.m2/repository/org/apache/hadoop/hadoop-hdds-container-service/0.5.0-SNAPSHOT/hadoop-hdds-container-service-0.5.0-SNAPSHOT.jar:/home/user/.m2/repository/org/apache/hadoop/hadoop-hdds-client/0.5.0-SNAPSHOT/hadoop-hdds-client-0.5.0-SNAPSHOT.jar:/home/user/.m2/repository/org/apache/hadoop/hadoop-hdds-tools/0.5.0-SNAPSHOT/hadoop-hdds-tools-0.5.0-SNAPSHOT.jar:/home/user/.m2/repository/org/apache/hadoop/hadoop-hdds-server-scm/0.5.0-SNAPSHOT/hadoop-hdds-server-scm-0.5.0-SNAPSHOT.jar:/home/user/.m2/repository/org/apache/hadoop/hadoop-hdds-docs/0.5.0-SNAPSHOT/hadoop-hdds-docs-0.5.0-SNAPSHOT.jar:/home/user/.m2/repository/io/dropwizard/metrics/metrics-core/3.2.4/metrics-core-3.2.4.jar:/home/user/.m2/repository/org/hamcrest/hamcrest-all/1.3/hamcrest-all-1.3.jar:/home/user/.m2/repository/org/bouncycastle/bcprov-jdk15on/1.60/bcprov-jdk15on-1.60.jar:/home/user/.m2/repository/info/picocli/picocli/3.9.6/picocli-3.9.6.jar:/home/user/.m2/repository/com/google/protobuf/protobuf-java/2.5.0/protobuf-java-2.5.0.jar:/home/user/.m2/repository/com/google/guava/guava/11.0.2/guava-11.0.2.jar:/home/user/.m2/repository/org/apache/hadoop/hadoop-ozone-ozone-manager/0.5.0-SNAPSHOT/hadoop-ozone-ozone-manager-0.5.0-SNAPSHOT.jar:/home/user/.m2/repository/org/apache/hadoop/hadoop-minikdc/3.2.0/hadoop-minikdc-3.2.0.jar:/home/user/.m2/repository/commons-io/commons-io/2.5/commons-io-2.5.jar:/home/user/.m2/repository/org/apache/kerby/kerb-simplekdc/1.0.1/kerb-simplekdc-1.0.1.jar:/home/user/.m2/repository/org/apache/kerby/kerb-client/1.0.1/kerb-client-1.0.1.jar:/home/user/.m2/repository/org/apache/kerby/kerby-config/1.0.1/kerby-config-1.0.1.jar:/home/user/.m2/repository/org/apache/kerby/kerb-core/1.0.1/kerb-core-1.0.1.jar:/home/user/.m2/repository/org/apache/kerby/kerby-pkix/1.0.1/kerby-pkix-1.0.1.jar:/home/user/.m2/repository/org/apache/kerby/kerby-asn1/1.0.1/kerby-asn1-1.0.1.jar:/home/user/.m2/repository/org/apache/kerby/kerby-util/1.0.1/kerby-util-1.0.1.jar:/home/user/.m2/repository/org/apache/kerby/kerb-common/1.0.1/kerb-common-1.0.1.jar:/home/user/.m2/repository/org/apache/kerby/kerb-crypto/1.0.1/kerb-crypto-1.0.1.jar:/home/user/.m2/repository/org/apache/kerby/kerb-util/1.0.1/kerb-util-1.0.1.jar:/home/user/.m2/repository/org/apache/kerby/token-provider/1.0.1/token-provider-1.0.1.jar:/home/user/.m2/repository/org/apache/kerby/kerb-admin/1.0.1/kerb-admin-1.0.1.jar:/home/user/.m2/repository/org/apache/kerby/kerb-server/1.0.1/kerb-server-1.0.1.jar:/home/user/.m2/repository/org/apache/kerby/kerb-identity/1.0.1/kerb-identity-1.0.1.jar:/home/user/.m2/repository/org/apache/kerby/kerby-xdr/1.0.1/kerby-xdr-1.0.1.jar:/home/user/.m2/repository/org/slf4j/slf4j-log4j12/1.7.25/slf4j-log4j12-1.7.25.jar:/home/user/.m2/repository/org/apache/hadoop/hadoop-ozone-s3gateway/0.5.0-SNAPSHOT/hadoop-ozone-s3gateway-0.5.0-SNAPSHOT.jar:/home/user/.m2/repository/org/jboss/weld/servlet/weld-servlet/2.4.7.Final/weld-servlet-2.4.7.Final.jar:/home/user/.m2/repository/org/glassfish/jersey/containers/jersey-container-servlet-core/2.27/jersey-container-servlet-core-2.27.jar:/home/user/.m2/repository/org/glassfish/hk2/external/javax.inject/2.5.0-b42/javax.inject-2.5.0-b42.jar:/home/user/.m2/repository/org/glassfish/jersey/core/jersey-common/2.27/jersey-common-2.27.jar:/home/user/.m2/repository/org/glassfish/hk2/osgi-resource-locator/1.0.1/osgi-resource-locator-1.0.1.jar:/home/user/.m2/repository/javax/ws/rs/javax.ws.rs-api/2.1/javax.ws.rs-api-2.1.jar:/home/user/.m2/repository/org/glassfish/jersey/ext/cdi/jersey-cdi1x/2.27/jersey-cdi1x-2.27.jar:/home/user/.m2/repository/org/glassfish/jersey/inject/jersey-hk2/2.27/jersey-hk2-2.27.jar:/home/user/.m2/repository/org/glassfish/hk2/hk2-locator/2.5.0-b42/hk2-locator-2.5.0-b42.jar:/home/user/.m2/repository/org/javassist/javassist/3.22.0-CR2/javassist-3.22.0-CR2.jar:/home/user/.m2/repository/org/glassfish/hk2/hk2-api/2.5.0/hk2-api-2.5.0.jar:/home/user/.m2/repository/org/glassfish/hk2/external/jakarta.inject/2.5.0/jakarta.inject-2.5.0.jar:/home/user/.m2/repository/org/glassfish/hk2/hk2-utils/2.5.0/hk2-utils-2.5.0.jar:/home/user/.m2/repository/jakarta/annotation/jakarta.annotation-api/1.3.4/jakarta.annotation-api-1.3.4.jar:/home/user/.m2/repository/org/glassfish/hk2/external/aopalliance-repackaged/2.5.0/aopalliance-repackaged-2.5.0.jar:/home/user/.m2/repository/com/fasterxml/jackson/dataformat/jackson-dataformat-xml/2.9.0/jackson-dataformat-xml-2.9.0.jar:/home/user/.m2/repository/com/fasterxml/jackson/core/jackson-core/2.9.9/jackson-core-2.9.9.jar:/home/user/.m2/repository/com/fasterxml/jackson/module/jackson-module-jaxb-annotations/2.9.9/jackson-module-jaxb-annotations-2.9.9.jar:/home/user/.m2/repository/javax/enterprise/cdi-api/1.2/cdi-api-1.2.jar:/home/user/.m2/repository/javax/el/javax.el-api/3.0.0/javax.el-api-3.0.0.jar:/home/user/.m2/repository/javax/interceptor/javax.interceptor-api/1.2/javax.interceptor-api-1.2.jar:/home/user/.m2/repository/javax/inject/javax.inject/1/javax.inject-1.jar:/home/user/.m2/repository/com/sun/xml/bind/jaxb-impl/2.3.0.1/jaxb-impl-2.3.0.1.jar:/home/user/.m2/repository/com/sun/xml/bind/jaxb-core/2.3.0.1/jaxb-core-2.3.0.1.jar:/home/user/.m2/repository/javax/xml/bind/jaxb-api/2.3.0/jaxb-api-2.3.0.jar:/home/user/.m2/repository/javax/activation/activation/1.1.1/activation-1.1.1.jar:/home/user/.m2/repository/org/apache/hadoop/hadoop-ozone-csi/0.5.0-SNAPSHOT/hadoop-ozone-csi-0.5.0-SNAPSHOT.jar:/home/user/.m2/repository/com/google/protobuf/protobuf-java-util/3.5.1/protobuf-java-util-3.5.1.jar:/home/user/.m2/repository/org/apache/hadoop/hadoop-hdds-config/0.5.0-SNAPSHOT/hadoop-hdds-config-0.5.0-SNAPSHOT.jar:/home/user/.m2/repository/io/grpc/grpc-netty/1.17.1/grpc-netty-1.17.1.jar:/home/user/.m2/repository/io/grpc/grpc-core/1.17.1/grpc-core-1.17.1.jar:/home/user/.m2/repository/io/grpc/grpc-context/1.17.1/grpc-context-1.17.1.jar:/home/user/.m2/repository/com/google/errorprone/error_prone_annotations/2.2.0/error_prone_annotations-2.2.0.jar:/home/user/.m2/repository/org/codehaus/mojo/animal-sniffer-annotations/1.17/animal-sniffer-annotations-1.17.jar:/home/user/.m2/repository/io/opencensus/opencensus-api/0.17.0/opencensus-api-0.17.0.jar:/home/user/.m2/repository/io/opencensus/opencensus-contrib-grpc-metrics/0.17.0/opencensus-contrib-grpc-metrics-0.17.0.jar:/home/user/.m2/repository/io/netty/netty-codec-http2/4.1.30.Final/netty-codec-http2-4.1.30.Final.jar:/home/user/.m2/repository/io/netty/netty-codec-http/4.1.30.Final/netty-codec-http-4.1.30.Final.jar:/home/user/.m2/repository/io/netty/netty-codec/4.1.30.Final/netty-codec-4.1.30.Final.jar:/home/user/.m2/repository/io/netty/netty-handler/4.1.30.Final/netty-handler-4.1.30.Final.jar:/home/user/.m2/repository/io/netty/netty-handler-proxy/4.1.30.Final/netty-handler-proxy-4.1.30.Final.jar:/home/user/.m2/repository/io/netty/netty-codec-socks/4.1.30.Final/netty-codec-socks-4.1.30.Final.jar:/home/user/.m2/repository/io/netty/netty-transport-native-epoll/4.1.30.Final/netty-transport-native-epoll-4.1.30.Final.jar:/home/user/.m2/repository/io/netty/netty-common/4.1.30.Final/netty-common-4.1.30.Final.jar:/home/user/.m2/repository/io/netty/netty-buffer/4.1.30.Final/netty-buffer-4.1.30.Final.jar:/home/user/.m2/repository/io/netty/netty-transport/4.1.30.Final/netty-transport-4.1.30.Final.jar:/home/user/.m2/repository/io/netty/netty-resolver/4.1.30.Final/netty-resolver-4.1.30.Final.jar:/home/user/.m2/repository/io/netty/netty-transport-native-unix-common/4.1.30.Final/netty-transport-native-unix-common-4.1.30.Final.jar:/home/user/.m2/repository/io/grpc/grpc-protobuf/1.17.1/grpc-protobuf-1.17.1.jar:/home/user/.m2/repository/com/google/api/grpc/proto-google-common-protos/1.0.0/proto-google-common-protos-1.0.0.jar:/home/user/.m2/repository/io/grpc/grpc-protobuf-lite/1.17.1/grpc-protobuf-lite-1.17.1.jar:/home/user/.m2/repository/io/grpc/grpc-stub/1.17.1/grpc-stub-1.17.1.jar:/home/user/.m2/repository/org/apache/hadoop/hadoop-ozone-recon/0.5.0-SNAPSHOT/hadoop-ozone-recon-0.5.0-SNAPSHOT.jar:/home/user/.m2/repository/org/apache/hadoop/hadoop-ozone-reconcodegen/0.5.0-SNAPSHOT/hadoop-ozone-reconcodegen-0.5.0-SNAPSHOT.jar:/home/user/.m2/repository/com/google/inject/extensions/guice-multibindings/4.0/guice-multibindings-4.0.jar:/home/user/.m2/repository/com/google/inject/guice/4.0/guice-4.0.jar:/home/user/.m2/repository/aopalliance/aopalliance/1.0/aopalliance-1.0.jar:/home/user/.m2/repository/com/google/inject/extensions/guice-servlet/4.0/guice-servlet-4.0.jar:/home/user/.m2/repository/org/glassfish/jersey/containers/jersey-container-servlet/2.27/jersey-container-servlet-2.27.jar:/home/user/.m2/repository/org/glassfish/hk2/guice-bridge/2.5.0/guice-bridge-2.5.0.jar:/home/user/.m2/repository/org/glassfish/jersey/core/jersey-server/2.27/jersey-server-2.27.jar:/home/user/.m2/repository/org/glassfish/jersey/core/jersey-client/2.27/jersey-client-2.27.jar:/home/user/.m2/repository/org/glassfish/jersey/media/jersey-media-jaxb/2.27/jersey-media-jaxb-2.27.jar:/home/user/.m2/repository/javax/validation/validation-api/1.1.0.Final/validation-api-1.1.0.Final.jar:/home/user/.m2/repository/org/glassfish/jersey/media/jersey-media-json-jackson/2.27/jersey-media-json-jackson-2.27.jar:/home/user/.m2/repository/org/glassfish/jersey/ext/jersey-entity-filtering/2.27/jersey-entity-filtering-2.27.jar:/home/user/.m2/repository/com/google/inject/extensions/guice-assistedinject/4.0/guice-assistedinject-4.0.jar:/home/user/.m2/repository/org/jooq/jooq/3.11.10/jooq-3.11.10.jar:/home/user/.m2/repository/org/jooq/jooq-meta/3.11.10/jooq-meta-3.11.10.jar:/home/user/.m2/repository/org/jooq/jooq-codegen/3.11.10/jooq-codegen-3.11.10.jar:/home/user/.m2/repository/com/jolbox/bonecp/0.8.0.RELEASE/bonecp-0.8.0.RELEASE.jar:/home/user/.m2/repository/org/xerial/sqlite-jdbc/3.25.2/sqlite-jdbc-3.25.2.jar:/home/user/.m2/repository/org/springframework/spring-jdbc/5.1.3.RELEASE/spring-jdbc-5.1.3.RELEASE.jar:/home/user/.m2/repository/org/springframework/spring-beans/5.1.3.RELEASE/spring-beans-5.1.3.RELEASE.jar:/home/user/.m2/repository/org/springframework/spring-core/5.1.3.RELEASE/spring-core-5.1.3.RELEASE.jar:/home/user/.m2/repository/org/springframework/spring-jcl/5.1.3.RELEASE/spring-jcl-5.1.3.RELEASE.jar:/home/user/.m2/repository/org/springframework/spring-tx/5.1.3.RELEASE/spring-tx-5.1.3.RELEASE.jar:/home/user/.m2/repository/org/apache/hadoop/hadoop-ozone-client/0.5.0-SNAPSHOT/hadoop-ozone-client-0.5.0-SNAPSHOT.jar:/home/user/.m2/repository/commons-lang/commons-lang/2.6/commons-lang-2.6.jar:/home/user/.m2/repository/org/apache/hadoop/hadoop-ozone-ozone-manager/0.5.0-SNAPSHOT/hadoop-ozone-ozone-manager-0.5.0-SNAPSHOT-tests.jar:/home/user/.m2/repository/junit/junit/4.11/junit-4.11.jar:/home/user/.m2/repository/org/hamcrest/hamcrest-core/1.3/hamcrest-core-1.3.jar:/home/user/.m2/repository/org/openjdk/jmh/jmh-core/1.19/jmh-core-1.19.jar:/home/user/.m2/repository/net/sf/jopt-simple/jopt-simple/4.6/jopt-simple-4.6.jar:/home/user/.m2/repository/org/apache/commons/commons-math3/3.1.1/commons-math3-3.1.1.jar:/home/user/.m2/repository/org/openjdk/jmh/jmh-generator-annprocess/1.19/jmh-generator-annprocess-1.19.jar:/home/user/.m2/repository/org/mockito/mockito-all/1.8.5/mockito-all-1.8.5.jar:/home/user/.m2/repository/org/apache/hadoop/hadoop-kms/3.2.0/hadoop-kms-3.2.0.jar:/home/user/.m2/repository/org/apache/hadoop/hadoop-auth/3.2.0/hadoop-auth-3.2.0.jar:/home/user/.m2/repository/com/nimbusds/nimbus-jose-jwt/4.41.1/nimbus-jose-jwt-4.41.1.jar:/home/user/.m2/repository/com/github/stephenc/jcip/jcip-annotations/1.0-1/jcip-annotations-1.0-1.jar:/home/user/.m2/repository/net/minidev/json-smart/2.3/json-smart-2.3.jar:/home/user/.m2/repository/net/minidev/accessors-smart/1.2/accessors-smart-1.2.jar:/home/user/.m2/repository/org/ow2/asm/asm/5.0.4/asm-5.0.4.jar:/home/user/.m2/repository/org/apache/curator/curator-framework/2.12.0/curator-framework-2.12.0.jar:/home/user/.m2/repository/com/sun/jersey/jersey-core/1.19/jersey-core-1.19.jar:/home/user/.m2/repository/javax/ws/rs/jsr311-api/1.1.1/jsr311-api-1.1.1.jar:/home/user/.m2/repository/com/sun/jersey/jersey-server/1.19/jersey-server-1.19.jar:/home/user/.m2/repository/javax/servlet/javax.servlet-api/3.1.0/javax.servlet-api-3.1.0.jar:/home/user/.m2/repository/org/eclipse/jetty/jetty-server/9.3.25.v20180904/jetty-server-9.3.25.v20180904.jar:/home/user/.m2/repository/org/eclipse/jetty/jetty-http/9.3.25.v20180904/jetty-http-9.3.25.v20180904.jar:/home/user/.m2/repository/org/eclipse/jetty/jetty-io/9.3.25.v20180904/jetty-io-9.3.25.v20180904.jar:/home/user/.m2/repository/org/eclipse/jetty/jetty-webapp/9.3.25.v20180904/jetty-webapp-9.3.25.v20180904.jar:/home/user/.m2/repository/org/eclipse/jetty/jetty-xml/9.3.25.v20180904/jetty-xml-9.3.25.v20180904.jar:/home/user/.m2/repository/log4j/log4j/1.2.17/log4j-1.2.17.jar:/home/user/.m2/repository/org/slf4j/slf4j-api/1.7.25/slf4j-api-1.7.25.jar:/home/user/.m2/repository/org/slf4j/jul-to-slf4j/1.7.25/jul-to-slf4j-1.7.25.jar:/home/user/.m2/repository/org/eclipse/jetty/jetty-util/9.3.25.v20180904/jetty-util-9.3.25.v20180904.jar:/home/user/.m2/repository/com/fasterxml/jackson/core/jackson-databind/2.9.9/jackson-databind-2.9.9.jar:/home/user/.m2/repository/org/apache/hadoop/hadoop-kms/3.2.0/hadoop-kms-3.2.0-tests.jar:/home/user/.m2/repository/org/apache/hadoop/hadoop-hdds-server-scm/0.5.0-SNAPSHOT/hadoop-hdds-server-scm-0.5.0-SNAPSHOT-tests.jar:/home/user/.m2/repository/org/apache/hadoop/hadoop-hdds-container-service/0.5.0-SNAPSHOT/hadoop-hdds-container-service-0.5.0-SNAPSHOT-tests.jar:/home/user/.m2/repository/org/yaml/snakeyaml/1.16/snakeyaml-1.16.jar:/home/user/.m2/repository/org/apache/hadoop/hadoop-common/3.2.0/hadoop-common-3.2.0-tests.jar:/home/user/.m2/repository/org/apache/hadoop/hadoop-annotations/3.2.0/hadoop-annotations-3.2.0.jar:/usr/lib/jvm/java-1.8.0-openjdk-1.8.0.222.b10-1.el7_7.x86_64/jre/../lib/tools.jar:/home/user/.m2/repository/commons-cli/commons-cli/1.2/commons-cli-1.2.jar:/home/user/.m2/repository/org/apache/httpcomponents/httpclient/4.5.2/httpclient-4.5.2.jar:/home/user/.m2/repository/org/apache/httpcomponents/httpcore/4.4.4/httpcore-4.4.4.jar:/home/user/.m2/repository/commons-codec/commons-codec/1.11/commons-codec-1.11.jar:/home/user/.m2/repository/commons-net/commons-net/3.6/commons-net-3.6.jar:/home/user/.m2/repository/commons-collections/commons-collections/3.2.2/commons-collections-3.2.2.jar:/home/user/.m2/repository/org/eclipse/jetty/jetty-servlet/9.3.25.v20180904/jetty-servlet-9.3.25.v20180904.jar:/home/user/.m2/repository/org/eclipse/jetty/jetty-security/9.3.25.v20180904/jetty-security-9.3.25.v20180904.jar:/home/user/.m2/repository/javax/servlet/jsp/jsp-api/2.1/jsp-api-2.1.jar:/home/user/.m2/repository/com/sun/jersey/jersey-servlet/1.19/jersey-servlet-1.19.jar:/home/user/.m2/repository/com/sun/jersey/jersey-json/1.19/jersey-json-1.19.jar:/home/user/.m2/repository/org/codehaus/jettison/jettison/1.1/jettison-1.1.jar:/home/user/.m2/repository/org/codehaus/jackson/jackson-core-asl/1.9.13/jackson-core-asl-1.9.13.jar:/home/user/.m2/repository/org/codehaus/jackson/jackson-mapper-asl/1.9.13/jackson-mapper-asl-1.9.13.jar:/home/user/.m2/repository/org/codehaus/jackson/jackson-jaxrs/1.9.13/jackson-jaxrs-1.9.13.jar:/home/user/.m2/repository/org/codehaus/jackson/jackson-xc/1.9.13/jackson-xc-1.9.13.jar:/home/user/.m2/repository/commons-logging/commons-logging/1.1.3/commons-logging-1.1.3.jar:/home/user/.m2/repository/commons-beanutils/commons-beanutils/1.9.4/commons-beanutils-1.9.4.jar:/home/user/.m2/repository/org/apache/commons/commons-configuration2/2.1.1/commons-configuration2-2.1.1.jar:/home/user/.m2/repository/org/apache/commons/commons-lang3/3.7/commons-lang3-3.7.jar:/home/user/.m2/repository/org/apache/commons/commons-text/1.4/commons-text-1.4.jar:/home/user/.m2/repository/org/apache/avro/avro/1.7.7/avro-1.7.7.jar:/home/user/.m2/repository/com/thoughtworks/paranamer/paranamer/2.3/paranamer-2.3.jar:/home/user/.m2/repository/org/xerial/snappy/snappy-java/1.0.5/snappy-java-1.0.5.jar:/home/user/.m2/repository/com/google/re2j/re2j/1.1/re2j-1.1.jar:/home/user/.m2/repository/com/google/code/gson/gson/2.2.4/gson-2.2.4.jar:/home/user/.m2/repository/com/jcraft/jsch/0.1.54/jsch-0.1.54.jar:/home/user/.m2/repository/org/apache/curator/curator-client/2.12.0/curator-client-2.12.0.jar:/home/user/.m2/repository/org/apache/curator/curator-recipes/2.12.0/curator-recipes-2.12.0.jar:/home/user/.m2/repository/com/google/code/findbugs/jsr305/3.0.0/jsr305-3.0.0.jar:/home/user/.m2/repository/org/apache/htrace/htrace-core4/4.1.0-incubating/htrace-core4-4.1.0-incubating.jar:/home/user/.m2/repository/org/apache/zookeeper/zookeeper/3.4.13/zookeeper-3.4.13.jar:/home/user/.m2/repository/jline/jline/0.9.94/jline-0.9.94.jar:/home/user/.m2/repository/org/apache/yetus/audience-annotations/0.5.0/audience-annotations-0.5.0.jar:/home/user/.m2/repository/org/codehaus/woodstox/stax2-api/3.1.4/stax2-api-3.1.4.jar:/home/user/.m2/repository/com/fasterxml/woodstox/woodstox-core/5.0.3/woodstox-core-5.0.3.jar:/home/user/.m2/repository/dnsjava/dnsjava/2.1.7/dnsjava-2.1.7.jar:/home/user/.m2/repository/org/apache/hadoop/hadoop-hdfs/3.2.0/hadoop-hdfs-3.2.0-tests.jar:/home/user/.m2/repository/org/eclipse/jetty/jetty-util-ajax/9.3.25.v20180904/jetty-util-ajax-9.3.25.v20180904.jar:/home/user/.m2/repository/commons-daemon/commons-daemon/1.0.13/commons-daemon-1.0.13.jar:/home/user/.m2/repository/io/netty/netty/3.10.5.Final/netty-3.10.5.Final.jar:/home/user/.m2/repository/io/netty/netty-all/4.0.52.Final/netty-all-4.0.52.Final.jar:/home/user/.m2/repository/org/fusesource/leveldbjni/leveldbjni-all/1.8/leveldbjni-all-1.8.jar:"/>
    <property name="sun.cpu.endian" value="little"/>
    <property name="user.home" value="/home/user"/>
    <property name="user.language" value="en"/>
    <property name="java.specification.vendor" value="Oracle Corporation"/>
    <property name="java.home" value="/usr/lib/jvm/java-1.8.0-openjdk-1.8.0.222.b10-1.el7_7.x86_64/jre"/>
    <property name="surefire.excludesFile" value="/tools/ozone-bad-unit-tests"/>
    <property name="java.security.krb5.conf" value="/workdir/hadoop-ozone/integration-test/target/test-classes/krb5.conf"/>
    <property name="basedir" value="/workdir/hadoop-ozone/integration-test"/>
    <property name="file.separator" value="/"/>
    <property name="line.separator" value="&#10;"/>
    <property name="java.vm.specification.vendor" value="Oracle Corporation"/>
    <property name="java.specification.name" value="Java Platform API Specification"/>
    <property name="java.awt.graphicsenv" value="sun.awt.X11GraphicsEnvironment"/>
    <property name="surefire.real.class.path" value="/workdir/hadoop-ozone/integration-test/target/surefire/surefirebooter677592953399748759.jar"/>
    <property name="hadoop.log.dir" value="/workdir/hadoop-ozone/integration-test/target/log"/>
    <property name="sun.boot.class.path" value="/usr/lib/jvm/java-1.8.0-openjdk-1.8.0.222.b10-1.el7_7.x86_64/jre/lib/resources.jar:/usr/lib/jvm/java-1.8.0-openjdk-1.8.0.222.b10-1.el7_7.x86_64/jre/lib/rt.jar:/usr/lib/jvm/java-1.8.0-openjdk-1.8.0.222.b10-1.el7_7.x86_64/jre/lib/sunrsasign.jar:/usr/lib/jvm/java-1.8.0-openjdk-1.8.0.222.b10-1.el7_7.x86_64/jre/lib/jsse.jar:/usr/lib/jvm/java-1.8.0-openjdk-1.8.0.222.b10-1.el7_7.x86_64/jre/lib/jce.jar:/usr/lib/jvm/java-1.8.0-openjdk-1.8.0.222.b10-1.el7_7.x86_64/jre/lib/charsets.jar:/usr/lib/jvm/java-1.8.0-openjdk-1.8.0.222.b10-1.el7_7.x86_64/jre/lib/jfr.jar:/usr/lib/jvm/java-1.8.0-openjdk-1.8.0.222.b10-1.el7_7.x86_64/jre/classes"/>
    <property name="sun.management.compiler" value="HotSpot 64-Bit Tiered Compilers"/>
    <property name="java.runtime.version" value="1.8.0_222-b10"/>
    <property name="java.net.preferIPv4Stack" value="true"/>
    <property name="user.name" value="jenkins1000"/>
    <property name="path.separator" value=":"/>
    <property name="java.security.egd" value="file:///dev/urandom"/>
    <property name="os.version" value="3.10.0-957.12.2.el7.x86_64"/>
    <property name="java.endorsed.dirs" value="/usr/lib/jvm/java-1.8.0-openjdk-1.8.0.222.b10-1.el7_7.x86_64/jre/lib/endorsed"/>
    <property name="java.runtime.name" value="OpenJDK Runtime Environment"/>
    <property name="file.encoding" value="ANSI_X3.4-1968"/>
    <property name="java.vm.name" value="OpenJDK 64-Bit Server VM"/>
    <property name="test.build.webapps" value=""/>
    <property name="localRepository" value="/home/user/.m2/repository"/>
    <property name="java.vendor.url.bug" value="http://bugreport.sun.com/bugreport/"/>
    <property name="java.io.tmpdir" value="/tmp"/>
    <property name="require.test.libhadoop" value=""/>
    <property name="java.version" value="1.8.0_222"/>
    <property name="user.dir" value="/workdir/hadoop-ozone/integration-test"/>
    <property name="os.arch" value="amd64"/>
    <property name="java.vm.specification.name" value="Java Virtual Machine Specification"/>
    <property name="test.build.classes" value="/workdir/hadoop-ozone/integration-test/target/test-classes"/>
    <property name="java.awt.printerjob" value="sun.print.PSPrinterJob"/>
    <property name="sun.os.patch.level" value="unknown"/>
    <property name="hadoop.tmp.dir" value="/workdir/hadoop-ozone/integration-test/target/tmp"/>
    <property name="java.library.path" value="/usr/lib:/workdir/hadoop-ozone/integration-test/target/native/target/usr/local/lib:/workdir/hadoop-ozone/integration-test/../../hadoop-common-project/hadoop-common/target/native/target/usr/local/lib:/usr/java/packages/lib/amd64:/usr/lib64:/lib64:/lib:/usr/lib"/>
    <property name="java.vm.info" value="mixed mode"/>
    <property name="java.vendor" value="Oracle Corporation"/>
    <property name="java.vm.version" value="25.222-b10"/>
    <property name="java.ext.dirs" value="/usr/lib/jvm/java-1.8.0-openjdk-1.8.0.222.b10-1.el7_7.x86_64/jre/lib/ext:/usr/java/packages/lib/ext"/>
    <property name="sun.io.unicode.encoding" value="UnicodeLittle"/>
    <property name="java.class.version" value="52.0"/>
  </properties>
  <testcase name="test" classname="org.apache.hadoop.ozone.scm.TestSCMContainerPlacementPolicyMetrics" time="81.441">
    <error message="test timed out after 60000 milliseconds" type="java.lang.Exception">java.lang.Exception: test timed out after 60000 milliseconds
	at sun.misc.Unsafe.park(Native Method)
	at java.util.concurrent.locks.LockSupport.park(LockSupport.java:175)
	at java.util.concurrent.CompletableFuture$Signaller.block(CompletableFuture.java:1693)
	at java.util.concurrent.ForkJoinPool.managedBlock(ForkJoinPool.java:3323)
	at java.util.concurrent.CompletableFuture.waitingGet(CompletableFuture.java:1729)
	at java.util.concurrent.CompletableFuture.get(CompletableFuture.java:1895)
	at org.apache.hadoop.hdds.scm.storage.BlockOutputStream.waitOnFlushFutures(BlockOutputStream.java:518)
	at org.apache.hadoop.hdds.scm.storage.BlockOutputStream.handleFlush(BlockOutputStream.java:481)
	at org.apache.hadoop.hdds.scm.storage.BlockOutputStream.close(BlockOutputStream.java:496)
	at org.apache.hadoop.ozone.client.io.BlockOutputStreamEntry.close(BlockOutputStreamEntry.java:143)
	at org.apache.hadoop.ozone.client.io.KeyOutputStream.handleFlushOrClose(KeyOutputStream.java:435)
	at org.apache.hadoop.ozone.client.io.KeyOutputStream.close(KeyOutputStream.java:473)
	at org.apache.hadoop.ozone.client.io.OzoneOutputStream.close(OzoneOutputStream.java:60)
	at org.apache.hadoop.ozone.scm.TestSCMContainerPlacementPolicyMetrics.test(TestSCMContainerPlacementPolicyMetrics.java:112)
	at sun.reflect.NativeMethodAccessorImpl.invoke0(Native Method)
	at sun.reflect.NativeMethodAccessorImpl.invoke(NativeMethodAccessorImpl.java:62)
	at sun.reflect.DelegatingMethodAccessorImpl.invoke(DelegatingMethodAccessorImpl.java:43)
	at java.lang.reflect.Method.invoke(Method.java:498)
	at org.junit.runners.model.FrameworkMethod$1.runReflectiveCall(FrameworkMethod.java:47)
	at org.junit.internal.runners.model.ReflectiveCallable.run(ReflectiveCallable.java:12)
	at org.junit.runners.model.FrameworkMethod.invokeExplosively(FrameworkMethod.java:44)
	at org.junit.internal.runners.statements.InvokeMethod.evaluate(InvokeMethod.java:17)
	at org.junit.internal.runners.statements.FailOnTimeout$StatementThread.run(FailOnTimeout.java:74)
</error>
    <system-out><![CDATA[2019-10-18 14:57:49,119 [main] WARN  server.ServerUtils (ServerUtils.java:getScmDbDir(145)) - ozone.scm.db.dirs is not configured. We recommend adding this setting. Falling back to ozone.metadata.dirs instead.
2019-10-18 14:57:49,240 [main] WARN  server.ServerUtils (ServerUtils.java:getScmDbDir(145)) - ozone.scm.db.dirs is not configured. We recommend adding this setting. Falling back to ozone.metadata.dirs instead.
2019-10-18 14:57:49,243 [main] WARN  server.ServerUtils (ServerUtils.java:getScmDbDir(145)) - ozone.scm.db.dirs is not configured. We recommend adding this setting. Falling back to ozone.metadata.dirs instead.
2019-10-18 14:57:49,267 [main] INFO  util.log (Log.java:initialized(192)) - Logging initialized @833ms
2019-10-18 14:57:49,361 [main] INFO  db.DBStoreBuilder (DBStoreBuilder.java:addTable(117)) - using custom profile for table: deletedBlocks
2019-10-18 14:57:49,361 [main] INFO  db.DBStoreBuilder (DBStoreBuilder.java:processTables(168)) - Using default column profile:DBProfile.DISK for Table:deletedBlocks
2019-10-18 14:57:49,362 [main] INFO  db.DBStoreBuilder (DBStoreBuilder.java:addTable(117)) - using custom profile for table: validCerts
2019-10-18 14:57:49,362 [main] INFO  db.DBStoreBuilder (DBStoreBuilder.java:processTables(168)) - Using default column profile:DBProfile.DISK for Table:validCerts
2019-10-18 14:57:49,362 [main] INFO  db.DBStoreBuilder (DBStoreBuilder.java:addTable(117)) - using custom profile for table: revokedCerts
2019-10-18 14:57:49,362 [main] INFO  db.DBStoreBuilder (DBStoreBuilder.java:processTables(168)) - Using default column profile:DBProfile.DISK for Table:revokedCerts
2019-10-18 14:57:49,374 [main] INFO  db.DBStoreBuilder (DBStoreBuilder.java:addTable(117)) - using custom profile for table: default
2019-10-18 14:57:49,374 [main] INFO  db.DBStoreBuilder (DBStoreBuilder.java:processTables(174)) - Using default column profile:DBProfile.DISK for Table:default
2019-10-18 14:57:49,375 [main] INFO  db.DBStoreBuilder (DBStoreBuilder.java:getDbProfile(205)) - Using default options. DBProfile.DISK
2019-10-18 14:57:49,635 [main] INFO  net.NodeSchemaLoader (NodeSchemaLoader.java:loadSchemaFromFile(125)) - Loading file from sun.misc.CompoundEnumeration@75d4a5c2
2019-10-18 14:57:49,637 [main] INFO  net.NodeSchemaLoader (NodeSchemaLoader.java:loadSchema(171)) - Loading network topology layer schema file
2019-10-18 14:57:49,695 [main] WARN  server.ServerUtils (ServerUtils.java:sanitizeUserArgs(70)) - ozone.scm.stale.node.interval value = 300000 is larger than max = 100000 based on the key value of ozone.scm.heartbeat.thread.interval, reset to the max value 100000.
2019-10-18 14:57:49,698 [main] WARN  server.ServerUtils (ServerUtils.java:sanitizeUserArgs(70)) - ozone.scm.stale.node.interval value = 300000 is larger than max = 100000 based on the key value of ozone.scm.heartbeat.thread.interval, reset to the max value 100000.
2019-10-18 14:57:49,701 [main] INFO  node.SCMNodeManager (SCMNodeManager.java:<init>(116)) - Entering startup safe mode.
2019-10-18 14:57:49,762 [main] INFO  Configuration.deprecation (Configuration.java:logDeprecation(1394)) - hadoop.configured.node.mapping is deprecated. Instead, use net.topology.configured.node.mapping
2019-10-18 14:57:49,766 [main] INFO  algorithms.ContainerPlacementPolicyFactory (ContainerPlacementPolicyFactory.java:getPolicy(57)) - Create container placement policy of type org.apache.hadoop.hdds.scm.container.placement.algorithms.SCMContainerPlacementRackAware
2019-10-18 14:57:49,779 [main] WARN  server.ServerUtils (ServerUtils.java:getScmDbDir(145)) - ozone.scm.db.dirs is not configured. We recommend adding this setting. Falling back to ozone.metadata.dirs instead.
2019-10-18 14:57:49,849 [main] INFO  pipeline.SCMPipelineManager (SCMPipelineManager.java:initializePipelineState(132)) - No pipeline exists in current db
2019-10-18 14:57:49,853 [main] WARN  server.ServerUtils (ServerUtils.java:getScmDbDir(145)) - ozone.scm.db.dirs is not configured. We recommend adding this setting. Falling back to ozone.metadata.dirs instead.
2019-10-18 14:57:49,977 [main] WARN  events.EventQueue (EventQueue.java:fireEvent(183)) - No event handler registered for event TypedEvent{payloadType=SafeModeStatus, name='SafeModeStatus'}
2019-10-18 14:57:50,344 [main] INFO  ipc.CallQueueManager (CallQueueManager.java:<init>(84)) - Using callQueue: class java.util.concurrent.LinkedBlockingQueue, queueCapacity: 2000, scheduler: class org.apache.hadoop.ipc.DefaultRpcScheduler, ipcBackoff: false.
2019-10-18 14:57:50,368 [Socket Reader #1 for port 45964] INFO  ipc.Server (Server.java:run(1074)) - Starting Socket Reader #1 for port 45964
2019-10-18 14:57:50,498 [main] INFO  ipc.CallQueueManager (CallQueueManager.java:<init>(84)) - Using callQueue: class java.util.concurrent.LinkedBlockingQueue, queueCapacity: 2000, scheduler: class org.apache.hadoop.ipc.DefaultRpcScheduler, ipcBackoff: false.
2019-10-18 14:57:50,500 [Socket Reader #1 for port 41605] INFO  ipc.Server (Server.java:run(1074)) - Starting Socket Reader #1 for port 41605
2019-10-18 14:57:50,510 [main] INFO  ipc.CallQueueManager (CallQueueManager.java:<init>(84)) - Using callQueue: class java.util.concurrent.LinkedBlockingQueue, queueCapacity: 2000, scheduler: class org.apache.hadoop.ipc.DefaultRpcScheduler, ipcBackoff: false.
2019-10-18 14:57:50,511 [Socket Reader #1 for port 42059] INFO  ipc.Server (Server.java:run(1074)) - Starting Socket Reader #1 for port 42059
2019-10-18 14:57:50,540 [main] INFO  hdfs.DFSUtil (DFSUtil.java:httpServerTemplateForNNAndJN(1641)) - Starting Web-server for scm at: http://0.0.0.0:0
2019-10-18 14:57:50,696 [main] INFO  server.AuthenticationFilter (AuthenticationFilter.java:constructSecretProvider(240)) - Unable to initialize FileSignerSecretProvider, falling back to use random secrets.
2019-10-18 14:57:50,704 [main] WARN  http.HttpRequestLog (HttpRequestLog.java:getRequestLog(97)) - Jetty request log can only be enabled using Log4j
2019-10-18 14:57:50,711 [main] INFO  http.HttpServer2 (HttpServer2.java:addGlobalFilter(975)) - Added global filter 'safety' (class=org.apache.hadoop.http.HttpServer2$QuotingInputFilter)
2019-10-18 14:57:50,713 [main] INFO  http.HttpServer2 (HttpServer2.java:addFilter(948)) - Added filter static_user_filter (class=org.apache.hadoop.http.lib.StaticUserWebFilter$StaticUserFilter) to context scm
2019-10-18 14:57:50,714 [main] INFO  http.HttpServer2 (HttpServer2.java:addFilter(958)) - Added filter static_user_filter (class=org.apache.hadoop.http.lib.StaticUserWebFilter$StaticUserFilter) to context logs
2019-10-18 14:57:50,714 [main] INFO  http.HttpServer2 (HttpServer2.java:addFilter(958)) - Added filter static_user_filter (class=org.apache.hadoop.http.lib.StaticUserWebFilter$StaticUserFilter) to context static
2019-10-18 14:57:50,741 [main] INFO  server.StorageContainerManager (StorageContainerManager.java:start(772)) - StorageContainerLocationProtocol RPC server is listening at /0.0.0.0:42059
2019-10-18 14:57:50,801 [main] WARN  impl.MetricsConfig (MetricsConfig.java:loadFirst(134)) - Cannot locate configuration: tried hadoop-metrics2-storagecontainermanager.properties,hadoop-metrics2.properties
2019-10-18 14:57:50,813 [main] INFO  impl.MetricsSystemImpl (MetricsSystemImpl.java:startTimer(374)) - Scheduled Metric snapshot period at 10 second(s).
2019-10-18 14:57:50,813 [main] INFO  impl.MetricsSystemImpl (MetricsSystemImpl.java:start(191)) - StorageContainerManager metrics system started
2019-10-18 14:57:51,026 [main] INFO  server.SCMClientProtocolServer (SCMClientProtocolServer.java:start(159)) - RPC server for Client  is listening at /0.0.0.0:42059
2019-10-18 14:57:51,027 [IPC Server Responder] INFO  ipc.Server (Server.java:run(1314)) - IPC Server Responder: starting
2019-10-18 14:57:51,027 [IPC Server listener on 42059] INFO  ipc.Server (Server.java:run(1153)) - IPC Server listener on 42059: starting
2019-10-18 14:57:51,030 [main] INFO  server.StorageContainerManager (StorageContainerManager.java:start(782)) - ScmBlockLocationProtocol RPC server is listening at /0.0.0.0:41605
2019-10-18 14:57:51,031 [main] INFO  server.SCMBlockProtocolServer (SCMBlockProtocolServer.java:start(146)) - RPC server for Block Protocol is listening at /0.0.0.0:41605
2019-10-18 14:57:51,031 [IPC Server Responder] INFO  ipc.Server (Server.java:run(1314)) - IPC Server Responder: starting
2019-10-18 14:57:51,031 [IPC Server listener on 41605] INFO  ipc.Server (Server.java:run(1153)) - IPC Server listener on 41605: starting
2019-10-18 14:57:51,033 [main] INFO  server.StorageContainerManager (StorageContainerManager.java:start(786)) - ScmDatanodeProtocl RPC server is listening at /0.0.0.0:45964
2019-10-18 14:57:51,034 [main] INFO  server.SCMDatanodeProtocolServer (SCMDatanodeProtocolServer.java:start(169)) - RPC server for DataNodes is listening at /0.0.0.0:45964
2019-10-18 14:57:51,034 [IPC Server Responder] INFO  ipc.Server (Server.java:run(1314)) - IPC Server Responder: starting
2019-10-18 14:57:51,034 [IPC Server listener on 45964] INFO  ipc.Server (Server.java:run(1153)) - IPC Server listener on 45964: starting
2019-10-18 14:57:51,038 [main] INFO  http.HttpServer2 (HttpServer2.java:bindListener(1191)) - Jetty bound to port 39309
2019-10-18 14:57:51,039 [main] INFO  server.Server (Server.java:doStart(351)) - jetty-9.3.25.v20180904, build timestamp: 2018-09-04T21:11:46Z, git hash: 3ce520221d0240229c862b122d2b06c12a625732
2019-10-18 14:57:51,073 [main] INFO  handler.ContextHandler (ContextHandler.java:doStart(781)) - Started o.e.j.s.ServletContextHandler@a43ce46{/logs,file:///workdir/hadoop-ozone/integration-test/target/log,AVAILABLE}
2019-10-18 14:57:51,074 [main] INFO  handler.ContextHandler (ContextHandler.java:doStart(781)) - Started o.e.j.s.ServletContextHandler@424ebba3{/static,file:///workdir/hadoop-ozone/integration-test/target/test-classes/webapps/static,AVAILABLE}
2019-10-18 14:57:51,106 [main] INFO  handler.ContextHandler (ContextHandler.java:doStart(781)) - Started o.e.j.w.WebAppContext@7fb9f71f{/,file:///workdir/hadoop-ozone/integration-test/target/test-classes/webapps/scm/,AVAILABLE}{/scm}
2019-10-18 14:57:51,111 [main] INFO  server.AbstractConnector (AbstractConnector.java:doStart(278)) - Started ServerConnector@407cf41{HTTP/1.1,[http/1.1]}{0.0.0.0:39309}
2019-10-18 14:57:51,112 [main] INFO  server.Server (Server.java:doStart(419)) - Started @2679ms
2019-10-18 14:57:51,114 [main] INFO  impl.MetricsSinkAdapter (MetricsSinkAdapter.java:start(204)) - Sink prometheus started
2019-10-18 14:57:51,114 [main] INFO  impl.MetricsSystemImpl (MetricsSystemImpl.java:registerSink(301)) - Registered sink prometheus
2019-10-18 14:57:51,115 [main] INFO  server.BaseHttpServer (BaseHttpServer.java:updateConnectorAddress(215)) - HTTP server of SCM is listening at http://0.0.0.0:39309
2019-10-18 14:57:51,122 [org.apache.hadoop.util.JvmPauseMonitor$Monitor@5922ae77] INFO  util.JvmPauseMonitor (JvmPauseMonitor.java:run(188)) - Starting JVM pause monitor
2019-10-18 14:57:51,127 [main] WARN  server.ServerUtils (ServerUtils.java:getDBPath(222)) - ozone.om.db.dirs is not configured. We recommend adding this setting. Falling back to ozone.metadata.dirs instead.
2019-10-18 14:57:51,225 [main] INFO  ha.OMHANodeDetails (OMHANodeDetails.java:loadOMHAConfig(190)) - Configuration either no ozone.om.address set. Falling back to the default OM address /127.0.0.1:0
2019-10-18 14:57:51,225 [main] INFO  ha.OMHANodeDetails (OMHANodeDetails.java:getOMNodeDetails(220)) - OM Service ID is not set. Setting it to the default ID: omServiceIdDefault
2019-10-18 14:57:51,227 [main] WARN  server.ServerUtils (ServerUtils.java:getDBPath(222)) - ozone.om.db.dirs is not configured. We recommend adding this setting. Falling back to ozone.metadata.dirs instead.
2019-10-18 14:57:51,228 [main] WARN  server.ServerUtils (ServerUtils.java:getDBPath(222)) - ozone.om.db.dirs is not configured. We recommend adding this setting. Falling back to ozone.metadata.dirs instead.
2019-10-18 14:57:51,851 [main] WARN  server.ServerUtils (ServerUtils.java:getDBPath(222)) - ozone.om.db.dirs is not configured. We recommend adding this setting. Falling back to ozone.metadata.dirs instead.
2019-10-18 14:57:51,859 [main] INFO  db.DBStoreBuilder (DBStoreBuilder.java:addTable(117)) - using custom profile for table: userTable
2019-10-18 14:57:51,859 [main] INFO  db.DBStoreBuilder (DBStoreBuilder.java:processTables(168)) - Using default column profile:DBProfile.DISK for Table:userTable
2019-10-18 14:57:51,860 [main] INFO  db.DBStoreBuilder (DBStoreBuilder.java:addTable(117)) - using custom profile for table: volumeTable
2019-10-18 14:57:51,860 [main] INFO  db.DBStoreBuilder (DBStoreBuilder.java:processTables(168)) - Using default column profile:DBProfile.DISK for Table:volumeTable
2019-10-18 14:57:51,860 [main] INFO  db.DBStoreBuilder (DBStoreBuilder.java:addTable(117)) - using custom profile for table: bucketTable
2019-10-18 14:57:51,860 [main] INFO  db.DBStoreBuilder (DBStoreBuilder.java:processTables(168)) - Using default column profile:DBProfile.DISK for Table:bucketTable
2019-10-18 14:57:51,861 [main] INFO  db.DBStoreBuilder (DBStoreBuilder.java:addTable(117)) - using custom profile for table: keyTable
2019-10-18 14:57:51,861 [main] INFO  db.DBStoreBuilder (DBStoreBuilder.java:processTables(168)) - Using default column profile:DBProfile.DISK for Table:keyTable
2019-10-18 14:57:51,861 [main] INFO  db.DBStoreBuilder (DBStoreBuilder.java:addTable(117)) - using custom profile for table: deletedTable
2019-10-18 14:57:51,861 [main] INFO  db.DBStoreBuilder (DBStoreBuilder.java:processTables(168)) - Using default column profile:DBProfile.DISK for Table:deletedTable
2019-10-18 14:57:51,861 [main] INFO  db.DBStoreBuilder (DBStoreBuilder.java:addTable(117)) - using custom profile for table: openKeyTable
2019-10-18 14:57:51,862 [main] INFO  db.DBStoreBuilder (DBStoreBuilder.java:processTables(168)) - Using default column profile:DBProfile.DISK for Table:openKeyTable
2019-10-18 14:57:51,862 [main] INFO  db.DBStoreBuilder (DBStoreBuilder.java:addTable(117)) - using custom profile for table: s3Table
2019-10-18 14:57:51,862 [main] INFO  db.DBStoreBuilder (DBStoreBuilder.java:processTables(168)) - Using default column profile:DBProfile.DISK for Table:s3Table
2019-10-18 14:57:51,862 [main] INFO  db.DBStoreBuilder (DBStoreBuilder.java:addTable(117)) - using custom profile for table: multipartInfoTable
2019-10-18 14:57:51,863 [main] INFO  db.DBStoreBuilder (DBStoreBuilder.java:processTables(168)) - Using default column profile:DBProfile.DISK for Table:multipartInfoTable
2019-10-18 14:57:51,863 [main] INFO  db.DBStoreBuilder (DBStoreBuilder.java:addTable(117)) - using custom profile for table: dTokenTable
2019-10-18 14:57:51,863 [main] INFO  db.DBStoreBuilder (DBStoreBuilder.java:processTables(168)) - Using default column profile:DBProfile.DISK for Table:dTokenTable
2019-10-18 14:57:51,863 [main] INFO  db.DBStoreBuilder (DBStoreBuilder.java:addTable(117)) - using custom profile for table: s3SecretTable
2019-10-18 14:57:51,863 [main] INFO  db.DBStoreBuilder (DBStoreBuilder.java:processTables(168)) - Using default column profile:DBProfile.DISK for Table:s3SecretTable
2019-10-18 14:57:51,864 [main] INFO  db.DBStoreBuilder (DBStoreBuilder.java:addTable(117)) - using custom profile for table: prefixTable
2019-10-18 14:57:51,864 [main] INFO  db.DBStoreBuilder (DBStoreBuilder.java:processTables(168)) - Using default column profile:DBProfile.DISK for Table:prefixTable
2019-10-18 14:57:51,864 [main] INFO  db.DBStoreBuilder (DBStoreBuilder.java:addTable(117)) - using custom profile for table: default
2019-10-18 14:57:51,864 [main] INFO  db.DBStoreBuilder (DBStoreBuilder.java:processTables(174)) - Using default column profile:DBProfile.DISK for Table:default
2019-10-18 14:57:51,865 [main] INFO  db.DBStoreBuilder (DBStoreBuilder.java:getDbProfile(205)) - Using default options. DBProfile.DISK
2019-10-18 14:57:52,293 [main] WARN  scm.HddsServerUtil (HddsServerUtil.java:getDefaultRatisDirectory(354)) - Storage directory for Ratis is not configured. It is a good idea to map this to an SSD disk. Falling back to ozone.metadata.dirs
2019-10-18 14:57:52,319 [main] INFO  ratis.OzoneManagerRatisServer (OzoneManagerRatisServer.java:<init>(243)) - Instantiating OM Ratis server with GroupID: omServiceIdDefault and Raft Peers: localhost:9872
2019-10-18 14:57:52,344 [main] INFO  impl.RaftServerProxy (ConfUtils.java:logGet(43)) - raft.rpc.type = GRPC (default)
2019-10-18 14:57:52,545 [main] INFO  grpc.GrpcFactory (GrpcFactory.java:checkPooledByteBufAllocatorUseCacheForAllThreads(45)) - PERFORMANCE WARNING: useCacheForAllThreads is true that may cause Netty to create a lot garbage objects and, as a result, trigger GC.
	It is recommended to disable useCacheForAllThreads by setting -Dorg.apache.ratis.thirdparty.io.netty.allocator.useCacheForAllThreads=false in command line.
2019-10-18 14:57:52,552 [main] INFO  grpc.GrpcConfigKeys$Server (ConfUtils.java:logGet(43)) - raft.grpc.server.port = 9872 (custom)
2019-10-18 14:57:52,553 [main] INFO  server.GrpcService (ConfUtils.java:logGet(43)) - raft.grpc.message.size.max = 33554432 (custom)
2019-10-18 14:57:52,555 [main] INFO  server.RaftServerConfigKeys (ConfUtils.java:logGet(43)) - raft.server.log.appender.buffer.byte-limit = 33554432 (custom)
2019-10-18 14:57:52,556 [main] INFO  server.GrpcService (ConfUtils.java:logGet(43)) - raft.grpc.flow.control.window = 1MB (=1048576) (default)
2019-10-18 14:57:52,557 [main] INFO  server.RaftServerConfigKeys (ConfUtils.java:logGet(43)) - raft.server.rpc.request.timeout = 3000ms (default)
2019-10-18 14:57:52,738 [main] INFO  server.RaftServerConfigKeys (ConfUtils.java:logGet(43)) - raft.server.storage.dir = [/workdir/hadoop-ozone/integration-test/target/test-dir/MiniOzoneClusterImpl-493b9529-4424-4e81-8ad3-dd8bf339c445/ozone-meta/ratis] (custom)
2019-10-18 14:57:52,745 [main] INFO  impl.RaftServerProxy (RaftServerProxy.java:addNew(89)) - 60e782fb-ac5b-4466-bff0-ec03f56fa78e: addNew group-C5BA1605619E:[60e782fb-ac5b-4466-bff0-ec03f56fa78e:localhost:9872] returns group-C5BA1605619E:java.util.concurrent.CompletableFuture@69fa8e76[Not completed]
2019-10-18 14:57:52,746 [main] INFO  om.OzoneManager (OzoneManager.java:initializeRatisServer(1220)) - OzoneManager Ratis server initialized at port 9872
2019-10-18 14:57:52,749 [main] WARN  scm.HddsServerUtil (HddsServerUtil.java:getDefaultRatisDirectory(354)) - Storage directory for Ratis is not configured. It is a good idea to map this to an SSD disk. Falling back to ozone.metadata.dirs
2019-10-18 14:57:52,750 [main] WARN  scm.HddsServerUtil (HddsServerUtil.java:getDefaultRatisDirectory(354)) - Storage directory for Ratis is not configured. It is a good idea to map this to an SSD disk. Falling back to ozone.metadata.dirs
2019-10-18 14:57:52,759 [pool-22-thread-1] INFO  impl.RaftServerImpl (RaftServerImpl.java:<init>(104)) - 60e782fb-ac5b-4466-bff0-ec03f56fa78e: new RaftServerImpl for group-C5BA1605619E:[60e782fb-ac5b-4466-bff0-ec03f56fa78e:localhost:9872] with OzoneManagerStateMachine:uninitialized
2019-10-18 14:57:52,761 [pool-22-thread-1] INFO  server.RaftServerConfigKeys (ConfUtils.java:logGet(43)) - raft.server.rpc.timeout.min = 1s (custom)
2019-10-18 14:57:52,762 [pool-22-thread-1] INFO  server.RaftServerConfigKeys (ConfUtils.java:logGet(43)) - raft.server.rpc.timeout.max = 1200ms (custom)
2019-10-18 14:57:52,762 [pool-22-thread-1] INFO  server.RaftServerConfigKeys (ConfUtils.java:logGet(43)) - raft.server.rpcslowness.timeout = 120s (custom)
2019-10-18 14:57:52,763 [pool-22-thread-1] INFO  server.RaftServerConfigKeys (ConfUtils.java:logGet(43)) - raft.server.sleep.deviation.threshold = 300 (default)
2019-10-18 14:57:52,764 [pool-22-thread-1] INFO  server.RaftServerConfigKeys (ConfUtils.java:logGet(43)) - raft.server.log.appender.install.snapshot.enabled = false (custom)
2019-10-18 14:57:52,764 [main] INFO  ipc.CallQueueManager (CallQueueManager.java:<init>(84)) - Using callQueue: class java.util.concurrent.LinkedBlockingQueue, queueCapacity: 2000, scheduler: class org.apache.hadoop.ipc.DefaultRpcScheduler, ipcBackoff: false.
2019-10-18 14:57:52,765 [Socket Reader #1 for port 41196] INFO  ipc.Server (Server.java:run(1074)) - Starting Socket Reader #1 for port 41196
2019-10-18 14:57:52,771 [pool-22-thread-1] INFO  impl.RaftServerImpl (ServerState.java:<init>(103)) - 60e782fb-ac5b-4466-bff0-ec03f56fa78e@group-C5BA1605619E: ConfigurationManager, init=-1: [60e782fb-ac5b-4466-bff0-ec03f56fa78e:localhost:9872], old=null, confs=<EMPTY_MAP>
2019-10-18 14:57:52,772 [pool-22-thread-1] INFO  server.RaftServerConfigKeys (ConfUtils.java:logGet(43)) - raft.server.storage.dir = [/workdir/hadoop-ozone/integration-test/target/test-dir/MiniOzoneClusterImpl-493b9529-4424-4e81-8ad3-dd8bf339c445/ozone-meta/ratis] (custom)
2019-10-18 14:57:52,781 [pool-22-thread-1] INFO  server.RaftServerConfigKeys (ConfUtils.java:logGet(43)) - raft.server.log.corruption.policy = EXCEPTION (default)
2019-10-18 14:57:52,782 [pool-22-thread-1] INFO  storage.RaftStorageDirectory (RaftStorageDirectory.java:analyzeStorage(246)) - The storage directory /workdir/hadoop-ozone/integration-test/target/test-dir/MiniOzoneClusterImpl-493b9529-4424-4e81-8ad3-dd8bf339c445/ozone-meta/ratis/bf265839-605b-3f16-9796-c5ba1605619e does not exist. Creating ...
2019-10-18 14:57:52,788 [main] INFO  om.OzoneManager (OzoneManager.java:start(1074)) - OzoneManager RPC server is listening at localhost/127.0.0.1:41196
2019-10-18 14:57:52,788 [main] INFO  impl.MetricsSystemImpl (MetricsSystemImpl.java:init(158)) - OzoneManager metrics system started (again)
2019-10-18 14:57:52,788 [main] INFO  ratis.OzoneManagerRatisServer (OzoneManagerRatisServer.java:start(333)) - Starting OzoneManagerRatisServer 60e782fb-ac5b-4466-bff0-ec03f56fa78e at port 9872
2019-10-18 14:57:52,810 [pool-22-thread-1] INFO  storage.RaftStorageDirectory (RaftStorageDirectory.java:tryLock(328)) - Lock on /workdir/hadoop-ozone/integration-test/target/test-dir/MiniOzoneClusterImpl-493b9529-4424-4e81-8ad3-dd8bf339c445/ozone-meta/ratis/bf265839-605b-3f16-9796-c5ba1605619e/in_use.lock acquired by nodename 29183@pr-hdds-2327-vtdmt-1103746116
2019-10-18 14:57:52,826 [pool-22-thread-1] INFO  storage.RaftStorage (RaftStorage.java:format(84)) - Storage directory /workdir/hadoop-ozone/integration-test/target/test-dir/MiniOzoneClusterImpl-493b9529-4424-4e81-8ad3-dd8bf339c445/ozone-meta/ratis/bf265839-605b-3f16-9796-c5ba1605619e has been successfully formatted.
2019-10-18 14:57:52,831 [pool-22-thread-1] INFO  server.RaftServerConfigKeys (ConfUtils.java:logGet(43)) - raft.server.notification.no-leader.timeout = 120s (custom)
2019-10-18 14:57:52,835 [pool-22-thread-1] INFO  server.RaftServerConfigKeys (ConfUtils.java:logGet(43)) - raft.server.log.use.memory = false (default)
2019-10-18 14:57:52,842 [pool-22-thread-1] INFO  server.RaftServerConfigKeys (ConfUtils.java:logGet(43)) - raft.server.log.purge.gap = 1000000 (custom)
2019-10-18 14:57:52,843 [pool-22-thread-1] INFO  server.RaftServerConfigKeys (ConfUtils.java:logGet(43)) - raft.server.log.appender.buffer.byte-limit = 33554432 (custom)
2019-10-18 14:57:52,845 [pool-22-thread-1] INFO  server.RaftServerConfigKeys (ConfUtils.java:logGet(43)) - raft.server.log.segment.size.max = 16384 (custom)
2019-10-18 14:57:52,848 [pool-22-thread-1] INFO  impl.MetricsSystemImpl (MetricsSystemImpl.java:init(158)) - ratis metrics system started (again)
2019-10-18 14:57:52,852 [pool-22-thread-1] INFO  metrics.MetricRegistries (MetricRegistriesLoader.java:load(64)) - Loaded MetricRegistries class org.apache.ratis.metrics.impl.MetricRegistriesImpl
2019-10-18 14:57:52,893 [pool-22-thread-1] INFO  server.RaftServerConfigKeys (ConfUtils.java:logGet(43)) - raft.server.log.segment.cache.num.max = 2 (custom)
2019-10-18 14:57:52,899 [pool-22-thread-1] INFO  segmented.SegmentedRaftLogWorker (SegmentedRaftLogWorker.java:<init>(173)) - new 60e782fb-ac5b-4466-bff0-ec03f56fa78e@group-C5BA1605619E-SegmentedRaftLogWorker for RaftStorage:Storage Directory /workdir/hadoop-ozone/integration-test/target/test-dir/MiniOzoneClusterImpl-493b9529-4424-4e81-8ad3-dd8bf339c445/ozone-meta/ratis/bf265839-605b-3f16-9796-c5ba1605619e
2019-10-18 14:57:52,899 [pool-22-thread-1] INFO  server.RaftServerConfigKeys (ConfUtils.java:logGet(43)) - raft.server.log.queue.byte-limit = 64MB (=67108864) (default)
2019-10-18 14:57:52,900 [pool-22-thread-1] INFO  server.RaftServerConfigKeys (ConfUtils.java:logGet(43)) - raft.server.log.queue.element-limit = 4096 (default)
2019-10-18 14:57:52,901 [pool-22-thread-1] INFO  server.RaftServerConfigKeys (ConfUtils.java:logGet(43)) - raft.server.log.segment.size.max = 16384 (custom)
2019-10-18 14:57:52,901 [pool-22-thread-1] INFO  server.RaftServerConfigKeys (ConfUtils.java:logGet(43)) - raft.server.log.preallocated.size = 16384 (custom)
2019-10-18 14:57:52,902 [pool-22-thread-1] INFO  server.RaftServerConfigKeys (ConfUtils.java:logGet(43)) - raft.server.log.write.buffer.size = 64KB (=65536) (default)
2019-10-18 14:57:52,902 [pool-22-thread-1] INFO  server.RaftServerConfigKeys (ConfUtils.java:logGet(43)) - raft.server.log.force.sync.num = 128 (default)
2019-10-18 14:57:52,904 [pool-22-thread-1] INFO  server.RaftServerConfigKeys (ConfUtils.java:logGet(43)) - raft.server.log.statemachine.data.sync = true (default)
2019-10-18 14:57:52,904 [pool-22-thread-1] INFO  server.RaftServerConfigKeys (ConfUtils.java:logGet(43)) - raft.server.log.statemachine.data.sync.timeout = 10s (default)
2019-10-18 14:57:52,905 [pool-22-thread-1] INFO  server.RaftServerConfigKeys (ConfUtils.java:logGet(43)) - raft.server.log.statemachine.data.sync.timeout.retry = -1 (default)
2019-10-18 14:57:52,916 [pool-22-thread-1] INFO  server.RaftServerConfigKeys (ConfUtils.java:logGet(43)) - raft.server.log.statemachine.data.caching.enabled = false (default)
2019-10-18 14:57:52,921 [pool-22-thread-1] INFO  segmented.SegmentedRaftLogWorker (SegmentedRaftLogWorker.java:lambda$new$0(128)) - 60e782fb-ac5b-4466-bff0-ec03f56fa78e@group-C5BA1605619E-SegmentedRaftLogWorker: flushIndex: setUnconditionally 0 -> -1
2019-10-18 14:57:52,925 [pool-22-thread-1] INFO  server.RaftServerConfigKeys (ConfUtils.java:logGet(43)) - raft.server.snapshot.auto.trigger.enabled = true (custom)
2019-10-18 14:57:52,926 [pool-22-thread-1] INFO  server.RaftServerConfigKeys (ConfUtils.java:logGet(43)) - raft.server.snapshot.auto.trigger.threshold = 400000 (default)
2019-10-18 14:57:52,927 [pool-22-thread-1] INFO  server.RaftServerConfigKeys (ConfUtils.java:logGet(43)) - raft.server.snapshot.retention.file.num = -1 (default)
2019-10-18 14:57:52,927 [pool-22-thread-1] INFO  server.RaftServerConfigKeys (ConfUtils.java:logGet(43)) - raft.server.retrycache.expirytime = 600000ms (custom)
2019-10-18 14:57:52,955 [main] INFO  impl.RaftServerImpl (RaftServerImpl.java:start(195)) - 60e782fb-ac5b-4466-bff0-ec03f56fa78e@group-C5BA1605619E: start as a follower, conf=-1: [60e782fb-ac5b-4466-bff0-ec03f56fa78e:localhost:9872], old=null
2019-10-18 14:57:52,958 [main] INFO  impl.RaftServerImpl (RaftServerImpl.java:setRole(184)) - 60e782fb-ac5b-4466-bff0-ec03f56fa78e@group-C5BA1605619E: changes role from      null to FOLLOWER at term 0 for startAsFollower
2019-10-18 14:57:52,960 [main] INFO  impl.RoleInfo (RoleInfo.java:updateAndGet(143)) - 60e782fb-ac5b-4466-bff0-ec03f56fa78e: start FollowerState
2019-10-18 14:57:52,963 [main] INFO  util.JmxRegister (JmxRegister.java:tryRegister(44)) - Successfully registered JMX Bean with object name Ratis:service=RaftServer,group=group-C5BA1605619E,id=60e782fb-ac5b-4466-bff0-ec03f56fa78e
2019-10-18 14:57:52,985 [main] INFO  impl.RaftServerProxy (RaftServerProxy.java:lambda$start$3(299)) - 60e782fb-ac5b-4466-bff0-ec03f56fa78e: start RPC server
2019-10-18 14:57:53,003 [Thread-93] INFO  impl.FollowerState (FollowerState.java:run(108)) - 60e782fb-ac5b-4466-bff0-ec03f56fa78e@group-C5BA1605619E-FollowerState: change to CANDIDATE, lastRpcTime:43ms, electionTimeout:42ms
2019-10-18 14:57:53,005 [Thread-93] INFO  impl.RoleInfo (RoleInfo.java:shutdownFollowerState(121)) - 60e782fb-ac5b-4466-bff0-ec03f56fa78e: shutdown FollowerState
2019-10-18 14:57:53,006 [Thread-93] INFO  impl.RaftServerImpl (RaftServerImpl.java:setRole(184)) - 60e782fb-ac5b-4466-bff0-ec03f56fa78e@group-C5BA1605619E: changes role from  FOLLOWER to CANDIDATE at term 0 for changeToCandidate
2019-10-18 14:57:53,009 [Thread-93] INFO  impl.RoleInfo (RoleInfo.java:updateAndGet(143)) - 60e782fb-ac5b-4466-bff0-ec03f56fa78e: start LeaderElection
2019-10-18 14:57:53,047 [60e782fb-ac5b-4466-bff0-ec03f56fa78e@group-C5BA1605619E-LeaderElection1] INFO  impl.LeaderElection (LeaderElection.java:askForVotes(178)) - 60e782fb-ac5b-4466-bff0-ec03f56fa78e@group-C5BA1605619E-LeaderElection1: begin an election at term 1 for -1: [60e782fb-ac5b-4466-bff0-ec03f56fa78e:localhost:9872], old=null
2019-10-18 14:57:53,049 [60e782fb-ac5b-4466-bff0-ec03f56fa78e@group-C5BA1605619E-LeaderElection1] INFO  impl.RoleInfo (RoleInfo.java:shutdownLeaderElection(134)) - 60e782fb-ac5b-4466-bff0-ec03f56fa78e: shutdown LeaderElection
2019-10-18 14:57:53,050 [60e782fb-ac5b-4466-bff0-ec03f56fa78e@group-C5BA1605619E-LeaderElection1] INFO  impl.RaftServerImpl (RaftServerImpl.java:setRole(184)) - 60e782fb-ac5b-4466-bff0-ec03f56fa78e@group-C5BA1605619E: changes role from CANDIDATE to LEADER at term 1 for changeToLeader
2019-10-18 14:57:53,050 [60e782fb-ac5b-4466-bff0-ec03f56fa78e@group-C5BA1605619E-LeaderElection1] INFO  impl.RaftServerImpl (ServerState.java:setLeader(256)) - 60e782fb-ac5b-4466-bff0-ec03f56fa78e@group-C5BA1605619E: change Leader from null to 60e782fb-ac5b-4466-bff0-ec03f56fa78e at term 1 for becomeLeader, leader elected after 218ms
2019-10-18 14:57:53,056 [60e782fb-ac5b-4466-bff0-ec03f56fa78e@group-C5BA1605619E-LeaderElection1] INFO  server.RaftServerConfigKeys (ConfUtils.java:logGet(43)) - raft.server.staging.catchup.gap = 1000 (default)
2019-10-18 14:57:53,056 [60e782fb-ac5b-4466-bff0-ec03f56fa78e@group-C5BA1605619E-LeaderElection1] INFO  server.RaftServerConfigKeys (ConfUtils.java:logGet(43)) - raft.server.rpc.sleep.time = 25ms (default)
2019-10-18 14:57:53,062 [60e782fb-ac5b-4466-bff0-ec03f56fa78e@group-C5BA1605619E-LeaderElection1] INFO  server.RaftServerConfigKeys (ConfUtils.java:logGet(43)) - raft.server.write.element-limit = 4096 (default)
2019-10-18 14:57:53,069 [60e782fb-ac5b-4466-bff0-ec03f56fa78e@group-C5BA1605619E-LeaderElection1] INFO  server.RaftServerConfigKeys (ConfUtils.java:logGet(43)) - raft.server.watch.timeout = 10s (default)
2019-10-18 14:57:53,069 [60e782fb-ac5b-4466-bff0-ec03f56fa78e@group-C5BA1605619E-LeaderElection1] INFO  server.RaftServerConfigKeys (ConfUtils.java:logGet(43)) - raft.server.watch.timeout.denomination = 1s (default)
2019-10-18 14:57:53,070 [60e782fb-ac5b-4466-bff0-ec03f56fa78e@group-C5BA1605619E-LeaderElection1] INFO  server.RaftServerConfigKeys (ConfUtils.java:logGet(43)) - raft.server.watch.element-limit = 65536 (default)
2019-10-18 14:57:53,096 [60e782fb-ac5b-4466-bff0-ec03f56fa78e@group-C5BA1605619E-LeaderElection1] INFO  impl.RoleInfo (RoleInfo.java:updateAndGet(143)) - 60e782fb-ac5b-4466-bff0-ec03f56fa78e: start LeaderState
2019-10-18 14:57:53,106 [main] INFO  server.GrpcService (GrpcService.java:startImpl(158)) - 60e782fb-ac5b-4466-bff0-ec03f56fa78e: GrpcService started, listening on 0.0.0.0/0.0.0.0:9872
2019-10-18 14:57:53,117 [IPC Server Responder] INFO  ipc.Server (Server.java:run(1314)) - IPC Server Responder: starting
2019-10-18 14:57:53,118 [IPC Server listener on 41196] INFO  ipc.Server (Server.java:run(1153)) - IPC Server listener on 41196: starting
2019-10-18 14:57:53,125 [main] INFO  hdfs.DFSUtil (DFSUtil.java:httpServerTemplateForNNAndJN(1641)) - Starting Web-server for ozoneManager at: http://0.0.0.0:0
2019-10-18 14:57:53,128 [main] INFO  server.AuthenticationFilter (AuthenticationFilter.java:constructSecretProvider(240)) - Unable to initialize FileSignerSecretProvider, falling back to use random secrets.
2019-10-18 14:57:53,129 [main] WARN  http.HttpRequestLog (HttpRequestLog.java:getRequestLog(97)) - Jetty request log can only be enabled using Log4j
2019-10-18 14:57:53,133 [main] INFO  http.HttpServer2 (HttpServer2.java:addGlobalFilter(975)) - Added global filter 'safety' (class=org.apache.hadoop.http.HttpServer2$QuotingInputFilter)
2019-10-18 14:57:53,134 [main] INFO  http.HttpServer2 (HttpServer2.java:addFilter(948)) - Added filter static_user_filter (class=org.apache.hadoop.http.lib.StaticUserWebFilter$StaticUserFilter) to context ozoneManager
2019-10-18 14:57:53,134 [main] INFO  http.HttpServer2 (HttpServer2.java:addFilter(958)) - Added filter static_user_filter (class=org.apache.hadoop.http.lib.StaticUserWebFilter$StaticUserFilter) to context static
2019-10-18 14:57:53,135 [main] INFO  http.HttpServer2 (HttpServer2.java:addFilter(958)) - Added filter static_user_filter (class=org.apache.hadoop.http.lib.StaticUserWebFilter$StaticUserFilter) to context logs
2019-10-18 14:57:53,138 [60e782fb-ac5b-4466-bff0-ec03f56fa78e@group-C5BA1605619E-LeaderElection1] INFO  segmented.SegmentedRaftLogWorker (SegmentedRaftLogWorker.java:startLogSegment(385)) - 60e782fb-ac5b-4466-bff0-ec03f56fa78e@group-C5BA1605619E-SegmentedRaftLogWorker: Starting segment from index:0
2019-10-18 14:57:53,139 [main] INFO  http.HttpServer2 (HttpServer2.java:bindListener(1191)) - Jetty bound to port 35246
2019-10-18 14:57:53,139 [main] INFO  server.Server (Server.java:doStart(351)) - jetty-9.3.25.v20180904, build timestamp: 2018-09-04T21:11:46Z, git hash: 3ce520221d0240229c862b122d2b06c12a625732
2019-10-18 14:57:53,142 [main] INFO  handler.ContextHandler (ContextHandler.java:doStart(781)) - Started o.e.j.s.ServletContextHandler@4867ab9f{/logs,file:///workdir/hadoop-ozone/integration-test/target/log,AVAILABLE}
2019-10-18 14:57:53,143 [main] INFO  handler.ContextHandler (ContextHandler.java:doStart(781)) - Started o.e.j.s.ServletContextHandler@5fe7f967{/static,file:///workdir/hadoop-ozone/integration-test/target/test-classes/webapps/static,AVAILABLE}
2019-10-18 14:57:53,153 [main] INFO  handler.ContextHandler (ContextHandler.java:doStart(781)) - Started o.e.j.w.WebAppContext@6ba30587{/,file:///workdir/hadoop-ozone/integration-test/target/test-classes/webapps/ozoneManager/,AVAILABLE}{/ozoneManager}
2019-10-18 14:57:53,154 [main] INFO  server.AbstractConnector (AbstractConnector.java:doStart(278)) - Started ServerConnector@35764bef{HTTP/1.1,[http/1.1]}{0.0.0.0:35246}
2019-10-18 14:57:53,155 [main] INFO  server.Server (Server.java:doStart(419)) - Started @4722ms
2019-10-18 14:57:53,155 [main] WARN  impl.MetricsSystemImpl (MetricsSystemImpl.java:register(276)) - Sink prometheus already exists!
2019-10-18 14:57:53,156 [main] INFO  server.BaseHttpServer (BaseHttpServer.java:updateConnectorAddress(215)) - HTTP server of OZONEMANAGER is listening at http://0.0.0.0:35246
2019-10-18 14:57:53,173 [60e782fb-ac5b-4466-bff0-ec03f56fa78e@group-C5BA1605619E-LeaderElection1] INFO  impl.RaftServerImpl (ServerState.java:setRaftConf(357)) - 60e782fb-ac5b-4466-bff0-ec03f56fa78e@group-C5BA1605619E: set configuration 0: [60e782fb-ac5b-4466-bff0-ec03f56fa78e:localhost:9872], old=null at 0
2019-10-18 14:57:53,306 [main] INFO  impl.MetricsSystemImpl (MetricsSystemImpl.java:init(158)) - HddsDatanode metrics system started (again)
2019-10-18 14:57:53,322 [60e782fb-ac5b-4466-bff0-ec03f56fa78e@group-C5BA1605619E-SegmentedRaftLogWorker] INFO  segmented.SegmentedRaftLogWorker (SegmentedRaftLogWorker.java:execute(576)) - 60e782fb-ac5b-4466-bff0-ec03f56fa78e@group-C5BA1605619E-SegmentedRaftLogWorker: created new log segment /workdir/hadoop-ozone/integration-test/target/test-dir/MiniOzoneClusterImpl-493b9529-4424-4e81-8ad3-dd8bf339c445/ozone-meta/ratis/bf265839-605b-3f16-9796-c5ba1605619e/current/log_inprogress_0
2019-10-18 14:57:53,353 [main] INFO  ozone.HddsDatanodeService (HddsDatanodeService.java:start(184)) - HddsDatanodeService host:pr-hdds-2327-vtdmt-1103746116 ip:192.168.164.233
2019-10-18 14:57:53,381 [main] INFO  volume.HddsVolume (HddsVolume.java:<init>(176)) - Creating Volume: /workdir/hadoop-ozone/integration-test/target/test-dir/MiniOzoneClusterImpl-493b9529-4424-4e81-8ad3-dd8bf339c445/datanode-0/data/containers/hdds of  storage type : DISK and capacity : 1482555576320
2019-10-18 14:57:53,383 [main] INFO  volume.VolumeSet (VolumeSet.java:initializeVolumeSet(170)) - Added Volume : /workdir/hadoop-ozone/integration-test/target/test-dir/MiniOzoneClusterImpl-493b9529-4424-4e81-8ad3-dd8bf339c445/datanode-0/data/containers/hdds to VolumeSet
2019-10-18 14:57:53,385 [main] INFO  volume.ThrottledAsyncChecker (ThrottledAsyncChecker.java:schedule(141)) - Scheduling a check for /workdir/hadoop-ozone/integration-test/target/test-dir/MiniOzoneClusterImpl-493b9529-4424-4e81-8ad3-dd8bf339c445/datanode-0/data/containers/hdds
2019-10-18 14:57:53,401 [main] INFO  volume.HddsVolumeChecker (HddsVolumeChecker.java:checkAllVolumes(204)) - Scheduled health check for volume /workdir/hadoop-ozone/integration-test/target/test-dir/MiniOzoneClusterImpl-493b9529-4424-4e81-8ad3-dd8bf339c445/datanode-0/data/containers/hdds
2019-10-18 14:57:53,449 [main] INFO  impl.RaftServerProxy (ConfUtils.java:logGet(43)) - raft.rpc.type = GRPC (default)
2019-10-18 14:57:53,449 [main] INFO  grpc.GrpcFactory (GrpcFactory.java:checkPooledByteBufAllocatorUseCacheForAllThreads(45)) - PERFORMANCE WARNING: useCacheForAllThreads is true that may cause Netty to create a lot garbage objects and, as a result, trigger GC.
	It is recommended to disable useCacheForAllThreads by setting -Dorg.apache.ratis.thirdparty.io.netty.allocator.useCacheForAllThreads=false in command line.
2019-10-18 14:57:53,450 [main] INFO  grpc.GrpcConfigKeys$Server (ConfUtils.java:logGet(43)) - raft.grpc.server.port = 0 (default)
2019-10-18 14:57:53,450 [main] INFO  server.GrpcService (ConfUtils.java:logGet(43)) - raft.grpc.message.size.max = 33570816 (custom)
2019-10-18 14:57:53,450 [main] INFO  server.RaftServerConfigKeys (ConfUtils.java:logGet(43)) - raft.server.log.appender.buffer.byte-limit = 33554432 (custom)
2019-10-18 14:57:53,450 [main] INFO  server.GrpcService (ConfUtils.java:logGet(43)) - raft.grpc.flow.control.window = 1MB (=1048576) (default)
2019-10-18 14:57:53,451 [main] INFO  server.RaftServerConfigKeys (ConfUtils.java:logGet(43)) - raft.server.rpc.request.timeout = 3000ms (default)
2019-10-18 14:57:53,453 [main] INFO  server.RaftServerConfigKeys (ConfUtils.java:logGet(43)) - raft.server.storage.dir = [/workdir/hadoop-ozone/integration-test/target/test-dir/MiniOzoneClusterImpl-493b9529-4424-4e81-8ad3-dd8bf339c445/datanode-0/data/ratis] (custom)
2019-10-18 14:57:53,499 [main] INFO  hdfs.DFSUtil (DFSUtil.java:httpServerTemplateForNNAndJN(1641)) - Starting Web-server for hddsDatanode at: http://0.0.0.0:0
2019-10-18 14:57:53,500 [main] INFO  server.AuthenticationFilter (AuthenticationFilter.java:constructSecretProvider(240)) - Unable to initialize FileSignerSecretProvider, falling back to use random secrets.
2019-10-18 14:57:53,501 [main] WARN  http.HttpRequestLog (HttpRequestLog.java:getRequestLog(97)) - Jetty request log can only be enabled using Log4j
2019-10-18 14:57:53,503 [main] INFO  http.HttpServer2 (HttpServer2.java:addGlobalFilter(975)) - Added global filter 'safety' (class=org.apache.hadoop.http.HttpServer2$QuotingInputFilter)
2019-10-18 14:57:53,503 [main] INFO  http.HttpServer2 (HttpServer2.java:addFilter(948)) - Added filter static_user_filter (class=org.apache.hadoop.http.lib.StaticUserWebFilter$StaticUserFilter) to context hddsDatanode
2019-10-18 14:57:53,504 [main] INFO  http.HttpServer2 (HttpServer2.java:addFilter(958)) - Added filter static_user_filter (class=org.apache.hadoop.http.lib.StaticUserWebFilter$StaticUserFilter) to context logs
2019-10-18 14:57:53,504 [main] INFO  http.HttpServer2 (HttpServer2.java:addFilter(958)) - Added filter static_user_filter (class=org.apache.hadoop.http.lib.StaticUserWebFilter$StaticUserFilter) to context static
2019-10-18 14:57:53,505 [main] INFO  http.HttpServer2 (HttpServer2.java:bindListener(1191)) - Jetty bound to port 46800
2019-10-18 14:57:53,505 [main] INFO  server.Server (Server.java:doStart(351)) - jetty-9.3.25.v20180904, build timestamp: 2018-09-04T21:11:46Z, git hash: 3ce520221d0240229c862b122d2b06c12a625732
2019-10-18 14:57:53,508 [main] INFO  handler.ContextHandler (ContextHandler.java:doStart(781)) - Started o.e.j.s.ServletContextHandler@623ebac7{/logs,file:///workdir/hadoop-ozone/integration-test/target/log,AVAILABLE}
2019-10-18 14:57:53,508 [main] INFO  handler.ContextHandler (ContextHandler.java:doStart(781)) - Started o.e.j.s.ServletContextHandler@1ab5f08a{/static,jar:file:/home/user/.m2/repository/org/apache/hadoop/hadoop-hdds-container-service/0.5.0-SNAPSHOT/hadoop-hdds-container-service-0.5.0-SNAPSHOT.jar!/webapps/static,AVAILABLE}
2019-10-18 14:57:53,543 [main] INFO  handler.ContextHandler (ContextHandler.java:doStart(781)) - Started o.e.j.w.WebAppContext@5a08efdc{/,file:///tmp/jetty-0.0.0.0-46800-hddsDatanode-_-any-5924673334241394974.dir/webapp/,AVAILABLE}{/hddsDatanode}
2019-10-18 14:57:53,544 [main] INFO  server.AbstractConnector (AbstractConnector.java:doStart(278)) - Started ServerConnector@57272109{HTTP/1.1,[http/1.1]}{0.0.0.0:46800}
2019-10-18 14:57:53,545 [main] INFO  server.Server (Server.java:doStart(419)) - Started @5112ms
2019-10-18 14:57:53,545 [main] WARN  impl.MetricsSystemImpl (MetricsSystemImpl.java:register(276)) - Sink prometheus already exists!
2019-10-18 14:57:53,546 [main] INFO  server.BaseHttpServer (BaseHttpServer.java:updateConnectorAddress(215)) - HTTP server of HDDSDATANODE is listening at http://0.0.0.0:46800
2019-10-18 14:57:53,549 [main] INFO  impl.MetricsSystemImpl (MetricsSystemImpl.java:init(158)) - HddsDatanode metrics system started (again)
2019-10-18 14:57:53,551 [main] INFO  ozone.HddsDatanodeService (HddsDatanodeService.java:start(184)) - HddsDatanodeService host:pr-hdds-2327-vtdmt-1103746116 ip:192.168.164.233
2019-10-18 14:57:53,556 [org.apache.hadoop.util.JvmPauseMonitor$Monitor@6cfb0cb4] INFO  util.JvmPauseMonitor (JvmPauseMonitor.java:run(188)) - Starting JVM pause monitor
2019-10-18 14:57:53,561 [main] INFO  volume.HddsVolume (HddsVolume.java:<init>(176)) - Creating Volume: /workdir/hadoop-ozone/integration-test/target/test-dir/MiniOzoneClusterImpl-493b9529-4424-4e81-8ad3-dd8bf339c445/datanode-1/data/containers/hdds of  storage type : DISK and capacity : 1482555576320
2019-10-18 14:57:53,562 [main] INFO  volume.VolumeSet (VolumeSet.java:initializeVolumeSet(170)) - Added Volume : /workdir/hadoop-ozone/integration-test/target/test-dir/MiniOzoneClusterImpl-493b9529-4424-4e81-8ad3-dd8bf339c445/datanode-1/data/containers/hdds to VolumeSet
2019-10-18 14:57:53,562 [main] INFO  volume.ThrottledAsyncChecker (ThrottledAsyncChecker.java:schedule(141)) - Scheduling a check for /workdir/hadoop-ozone/integration-test/target/test-dir/MiniOzoneClusterImpl-493b9529-4424-4e81-8ad3-dd8bf339c445/datanode-1/data/containers/hdds
2019-10-18 14:57:53,562 [main] INFO  volume.HddsVolumeChecker (HddsVolumeChecker.java:checkAllVolumes(204)) - Scheduled health check for volume /workdir/hadoop-ozone/integration-test/target/test-dir/MiniOzoneClusterImpl-493b9529-4424-4e81-8ad3-dd8bf339c445/datanode-1/data/containers/hdds
2019-10-18 14:57:53,576 [main] INFO  impl.RaftServerProxy (ConfUtils.java:logGet(43)) - raft.rpc.type = GRPC (default)
2019-10-18 14:57:53,576 [main] INFO  grpc.GrpcFactory (GrpcFactory.java:checkPooledByteBufAllocatorUseCacheForAllThreads(45)) - PERFORMANCE WARNING: useCacheForAllThreads is true that may cause Netty to create a lot garbage objects and, as a result, trigger GC.
	It is recommended to disable useCacheForAllThreads by setting -Dorg.apache.ratis.thirdparty.io.netty.allocator.useCacheForAllThreads=false in command line.
2019-10-18 14:57:53,576 [main] INFO  grpc.GrpcConfigKeys$Server (ConfUtils.java:logGet(43)) - raft.grpc.server.port = 0 (default)
2019-10-18 14:57:53,577 [main] INFO  server.GrpcService (ConfUtils.java:logGet(43)) - raft.grpc.message.size.max = 33570816 (custom)
2019-10-18 14:57:53,577 [main] INFO  server.RaftServerConfigKeys (ConfUtils.java:logGet(43)) - raft.server.log.appender.buffer.byte-limit = 33554432 (custom)
2019-10-18 14:57:53,577 [main] INFO  server.GrpcService (ConfUtils.java:logGet(43)) - raft.grpc.flow.control.window = 1MB (=1048576) (default)
2019-10-18 14:57:53,577 [main] INFO  server.RaftServerConfigKeys (ConfUtils.java:logGet(43)) - raft.server.rpc.request.timeout = 3000ms (default)
2019-10-18 14:57:53,578 [main] INFO  server.RaftServerConfigKeys (ConfUtils.java:logGet(43)) - raft.server.storage.dir = [/workdir/hadoop-ozone/integration-test/target/test-dir/MiniOzoneClusterImpl-493b9529-4424-4e81-8ad3-dd8bf339c445/datanode-1/data/ratis] (custom)
2019-10-18 14:57:53,579 [main] INFO  hdfs.DFSUtil (DFSUtil.java:httpServerTemplateForNNAndJN(1641)) - Starting Web-server for hddsDatanode at: http://0.0.0.0:0
2019-10-18 14:57:53,581 [main] INFO  server.AuthenticationFilter (AuthenticationFilter.java:constructSecretProvider(240)) - Unable to initialize FileSignerSecretProvider, falling back to use random secrets.
2019-10-18 14:57:53,581 [main] WARN  http.HttpRequestLog (HttpRequestLog.java:getRequestLog(97)) - Jetty request log can only be enabled using Log4j
2019-10-18 14:57:53,583 [main] INFO  http.HttpServer2 (HttpServer2.java:addGlobalFilter(975)) - Added global filter 'safety' (class=org.apache.hadoop.http.HttpServer2$QuotingInputFilter)
2019-10-18 14:57:53,584 [main] INFO  http.HttpServer2 (HttpServer2.java:addFilter(948)) - Added filter static_user_filter (class=org.apache.hadoop.http.lib.StaticUserWebFilter$StaticUserFilter) to context hddsDatanode
2019-10-18 14:57:53,584 [main] INFO  http.HttpServer2 (HttpServer2.java:addFilter(958)) - Added filter static_user_filter (class=org.apache.hadoop.http.lib.StaticUserWebFilter$StaticUserFilter) to context logs
2019-10-18 14:57:53,584 [main] INFO  http.HttpServer2 (HttpServer2.java:addFilter(958)) - Added filter static_user_filter (class=org.apache.hadoop.http.lib.StaticUserWebFilter$StaticUserFilter) to context static
2019-10-18 14:57:53,585 [main] INFO  http.HttpServer2 (HttpServer2.java:bindListener(1191)) - Jetty bound to port 44541
2019-10-18 14:57:53,585 [main] INFO  server.Server (Server.java:doStart(351)) - jetty-9.3.25.v20180904, build timestamp: 2018-09-04T21:11:46Z, git hash: 3ce520221d0240229c862b122d2b06c12a625732
2019-10-18 14:57:53,590 [main] INFO  handler.ContextHandler (ContextHandler.java:doStart(781)) - Started o.e.j.s.ServletContextHandler@19a64eae{/logs,file:///workdir/hadoop-ozone/integration-test/target/log,AVAILABLE}
2019-10-18 14:57:53,591 [main] INFO  handler.ContextHandler (ContextHandler.java:doStart(781)) - Started o.e.j.s.ServletContextHandler@2da3b078{/static,jar:file:/home/user/.m2/repository/org/apache/hadoop/hadoop-hdds-container-service/0.5.0-SNAPSHOT/hadoop-hdds-container-service-0.5.0-SNAPSHOT.jar!/webapps/static,AVAILABLE}
2019-10-18 14:57:53,622 [main] INFO  handler.ContextHandler (ContextHandler.java:doStart(781)) - Started o.e.j.w.WebAppContext@56cfe111{/,file:///tmp/jetty-0.0.0.0-44541-hddsDatanode-_-any-9050964291279302651.dir/webapp/,AVAILABLE}{/hddsDatanode}
2019-10-18 14:57:53,622 [main] INFO  server.AbstractConnector (AbstractConnector.java:doStart(278)) - Started ServerConnector@7e446d92{HTTP/1.1,[http/1.1]}{0.0.0.0:44541}
2019-10-18 14:57:53,623 [main] INFO  server.Server (Server.java:doStart(419)) - Started @5190ms
2019-10-18 14:57:53,623 [main] WARN  impl.MetricsSystemImpl (MetricsSystemImpl.java:register(276)) - Sink prometheus already exists!
2019-10-18 14:57:53,625 [main] INFO  server.BaseHttpServer (BaseHttpServer.java:updateConnectorAddress(215)) - HTTP server of HDDSDATANODE is listening at http://0.0.0.0:44541
2019-10-18 14:57:53,625 [main] INFO  impl.MetricsSystemImpl (MetricsSystemImpl.java:init(158)) - HddsDatanode metrics system started (again)
2019-10-18 14:57:53,628 [main] INFO  ozone.HddsDatanodeService (HddsDatanodeService.java:start(184)) - HddsDatanodeService host:pr-hdds-2327-vtdmt-1103746116 ip:192.168.164.233
2019-10-18 14:57:53,628 [org.apache.hadoop.util.JvmPauseMonitor$Monitor@af8b061] INFO  util.JvmPauseMonitor (JvmPauseMonitor.java:run(188)) - Starting JVM pause monitor
2019-10-18 14:57:53,637 [main] INFO  volume.HddsVolume (HddsVolume.java:<init>(176)) - Creating Volume: /workdir/hadoop-ozone/integration-test/target/test-dir/MiniOzoneClusterImpl-493b9529-4424-4e81-8ad3-dd8bf339c445/datanode-2/data/containers/hdds of  storage type : DISK and capacity : 1482555576320
2019-10-18 14:57:53,638 [main] INFO  volume.VolumeSet (VolumeSet.java:initializeVolumeSet(170)) - Added Volume : /workdir/hadoop-ozone/integration-test/target/test-dir/MiniOzoneClusterImpl-493b9529-4424-4e81-8ad3-dd8bf339c445/datanode-2/data/containers/hdds to VolumeSet
2019-10-18 14:57:53,638 [main] INFO  volume.ThrottledAsyncChecker (ThrottledAsyncChecker.java:schedule(141)) - Scheduling a check for /workdir/hadoop-ozone/integration-test/target/test-dir/MiniOzoneClusterImpl-493b9529-4424-4e81-8ad3-dd8bf339c445/datanode-2/data/containers/hdds
2019-10-18 14:57:53,639 [main] INFO  volume.HddsVolumeChecker (HddsVolumeChecker.java:checkAllVolumes(204)) - Scheduled health check for volume /workdir/hadoop-ozone/integration-test/target/test-dir/MiniOzoneClusterImpl-493b9529-4424-4e81-8ad3-dd8bf339c445/datanode-2/data/containers/hdds
2019-10-18 14:57:53,658 [main] INFO  impl.RaftServerProxy (ConfUtils.java:logGet(43)) - raft.rpc.type = GRPC (default)
2019-10-18 14:57:53,659 [main] INFO  grpc.GrpcFactory (GrpcFactory.java:checkPooledByteBufAllocatorUseCacheForAllThreads(45)) - PERFORMANCE WARNING: useCacheForAllThreads is true that may cause Netty to create a lot garbage objects and, as a result, trigger GC.
	It is recommended to disable useCacheForAllThreads by setting -Dorg.apache.ratis.thirdparty.io.netty.allocator.useCacheForAllThreads=false in command line.
2019-10-18 14:57:53,659 [main] INFO  grpc.GrpcConfigKeys$Server (ConfUtils.java:logGet(43)) - raft.grpc.server.port = 0 (default)
2019-10-18 14:57:53,659 [main] INFO  server.GrpcService (ConfUtils.java:logGet(43)) - raft.grpc.message.size.max = 33570816 (custom)
2019-10-18 14:57:53,660 [main] INFO  server.RaftServerConfigKeys (ConfUtils.java:logGet(43)) - raft.server.log.appender.buffer.byte-limit = 33554432 (custom)
2019-10-18 14:57:53,660 [main] INFO  server.GrpcService (ConfUtils.java:logGet(43)) - raft.grpc.flow.control.window = 1MB (=1048576) (default)
2019-10-18 14:57:53,660 [main] INFO  server.RaftServerConfigKeys (ConfUtils.java:logGet(43)) - raft.server.rpc.request.timeout = 3000ms (default)
2019-10-18 14:57:53,661 [main] INFO  server.RaftServerConfigKeys (ConfUtils.java:logGet(43)) - raft.server.storage.dir = [/workdir/hadoop-ozone/integration-test/target/test-dir/MiniOzoneClusterImpl-493b9529-4424-4e81-8ad3-dd8bf339c445/datanode-2/data/ratis] (custom)
2019-10-18 14:57:53,664 [main] INFO  hdfs.DFSUtil (DFSUtil.java:httpServerTemplateForNNAndJN(1641)) - Starting Web-server for hddsDatanode at: http://0.0.0.0:0
2019-10-18 14:57:53,665 [main] INFO  server.AuthenticationFilter (AuthenticationFilter.java:constructSecretProvider(240)) - Unable to initialize FileSignerSecretProvider, falling back to use random secrets.
2019-10-18 14:57:53,666 [main] WARN  http.HttpRequestLog (HttpRequestLog.java:getRequestLog(97)) - Jetty request log can only be enabled using Log4j
2019-10-18 14:57:53,668 [main] INFO  http.HttpServer2 (HttpServer2.java:addGlobalFilter(975)) - Added global filter 'safety' (class=org.apache.hadoop.http.HttpServer2$QuotingInputFilter)
2019-10-18 14:57:53,669 [main] INFO  http.HttpServer2 (HttpServer2.java:addFilter(948)) - Added filter static_user_filter (class=org.apache.hadoop.http.lib.StaticUserWebFilter$StaticUserFilter) to context hddsDatanode
2019-10-18 14:57:53,669 [main] INFO  http.HttpServer2 (HttpServer2.java:addFilter(958)) - Added filter static_user_filter (class=org.apache.hadoop.http.lib.StaticUserWebFilter$StaticUserFilter) to context logs
2019-10-18 14:57:53,670 [main] INFO  http.HttpServer2 (HttpServer2.java:addFilter(958)) - Added filter static_user_filter (class=org.apache.hadoop.http.lib.StaticUserWebFilter$StaticUserFilter) to context static
2019-10-18 14:57:53,671 [main] INFO  http.HttpServer2 (HttpServer2.java:bindListener(1191)) - Jetty bound to port 46736
2019-10-18 14:57:53,671 [main] INFO  server.Server (Server.java:doStart(351)) - jetty-9.3.25.v20180904, build timestamp: 2018-09-04T21:11:46Z, git hash: 3ce520221d0240229c862b122d2b06c12a625732
2019-10-18 14:57:53,673 [main] INFO  handler.ContextHandler (ContextHandler.java:doStart(781)) - Started o.e.j.s.ServletContextHandler@37468787{/logs,file:///workdir/hadoop-ozone/integration-test/target/log,AVAILABLE}
2019-10-18 14:57:53,674 [main] INFO  handler.ContextHandler (ContextHandler.java:doStart(781)) - Started o.e.j.s.ServletContextHandler@714f3da4{/static,jar:file:/home/user/.m2/repository/org/apache/hadoop/hadoop-hdds-container-service/0.5.0-SNAPSHOT/hadoop-hdds-container-service-0.5.0-SNAPSHOT.jar!/webapps/static,AVAILABLE}
2019-10-18 14:57:53,680 [Datanode State Machine Thread - 0] INFO  datanode.InitDatanodeState (InitDatanodeState.java:persistContainerDatanodeDetails(140)) - DatanodeDetails is persisted to /workdir/hadoop-ozone/integration-test/target/test-dir/MiniOzoneClusterImpl-493b9529-4424-4e81-8ad3-dd8bf339c445/datanode-0/meta/datanode.id
2019-10-18 14:57:53,684 [Datanode State Machine Thread - 0] INFO  datanode.InitDatanodeState (InitDatanodeState.java:persistContainerDatanodeDetails(140)) - DatanodeDetails is persisted to /workdir/hadoop-ozone/integration-test/target/test-dir/MiniOzoneClusterImpl-493b9529-4424-4e81-8ad3-dd8bf339c445/datanode-1/meta/datanode.id
2019-10-18 14:57:53,713 [main] INFO  handler.ContextHandler (ContextHandler.java:doStart(781)) - Started o.e.j.w.WebAppContext@6192a5d5{/,file:///tmp/jetty-0.0.0.0-46736-hddsDatanode-_-any-6971218060881417994.dir/webapp/,AVAILABLE}{/hddsDatanode}
2019-10-18 14:57:53,713 [main] INFO  server.AbstractConnector (AbstractConnector.java:doStart(278)) - Started ServerConnector@3722c145{HTTP/1.1,[http/1.1]}{0.0.0.0:46736}
2019-10-18 14:57:53,714 [main] INFO  server.Server (Server.java:doStart(419)) - Started @5281ms
2019-10-18 14:57:53,715 [main] WARN  impl.MetricsSystemImpl (MetricsSystemImpl.java:register(276)) - Sink prometheus already exists!
2019-10-18 14:57:53,716 [main] INFO  server.BaseHttpServer (BaseHttpServer.java:updateConnectorAddress(215)) - HTTP server of HDDSDATANODE is listening at http://0.0.0.0:46736
2019-10-18 14:57:53,716 [main] INFO  impl.MetricsSystemImpl (MetricsSystemImpl.java:init(158)) - HddsDatanode metrics system started (again)
2019-10-18 14:57:53,719 [main] INFO  ozone.HddsDatanodeService (HddsDatanodeService.java:start(184)) - HddsDatanodeService host:pr-hdds-2327-vtdmt-1103746116 ip:192.168.164.233
2019-10-18 14:57:53,720 [org.apache.hadoop.util.JvmPauseMonitor$Monitor@388f95d3] INFO  util.JvmPauseMonitor (JvmPauseMonitor.java:run(188)) - Starting JVM pause monitor
2019-10-18 14:57:53,722 [Datanode State Machine Thread - 0] INFO  datanode.InitDatanodeState (InitDatanodeState.java:persistContainerDatanodeDetails(140)) - DatanodeDetails is persisted to /workdir/hadoop-ozone/integration-test/target/test-dir/MiniOzoneClusterImpl-493b9529-4424-4e81-8ad3-dd8bf339c445/datanode-2/meta/datanode.id
2019-10-18 14:57:53,728 [main] INFO  volume.HddsVolume (HddsVolume.java:<init>(176)) - Creating Volume: /workdir/hadoop-ozone/integration-test/target/test-dir/MiniOzoneClusterImpl-493b9529-4424-4e81-8ad3-dd8bf339c445/datanode-3/data/containers/hdds of  storage type : DISK and capacity : 1482555576320
2019-10-18 14:57:53,728 [main] INFO  volume.VolumeSet (VolumeSet.java:initializeVolumeSet(170)) - Added Volume : /workdir/hadoop-ozone/integration-test/target/test-dir/MiniOzoneClusterImpl-493b9529-4424-4e81-8ad3-dd8bf339c445/datanode-3/data/containers/hdds to VolumeSet
2019-10-18 14:57:53,728 [main] INFO  volume.ThrottledAsyncChecker (ThrottledAsyncChecker.java:schedule(141)) - Scheduling a check for /workdir/hadoop-ozone/integration-test/target/test-dir/MiniOzoneClusterImpl-493b9529-4424-4e81-8ad3-dd8bf339c445/datanode-3/data/containers/hdds
2019-10-18 14:57:53,729 [main] INFO  volume.HddsVolumeChecker (HddsVolumeChecker.java:checkAllVolumes(204)) - Scheduled health check for volume /workdir/hadoop-ozone/integration-test/target/test-dir/MiniOzoneClusterImpl-493b9529-4424-4e81-8ad3-dd8bf339c445/datanode-3/data/containers/hdds
2019-10-18 14:57:53,743 [main] INFO  impl.RaftServerProxy (ConfUtils.java:logGet(43)) - raft.rpc.type = GRPC (default)
2019-10-18 14:57:53,744 [main] INFO  grpc.GrpcFactory (GrpcFactory.java:checkPooledByteBufAllocatorUseCacheForAllThreads(45)) - PERFORMANCE WARNING: useCacheForAllThreads is true that may cause Netty to create a lot garbage objects and, as a result, trigger GC.
	It is recommended to disable useCacheForAllThreads by setting -Dorg.apache.ratis.thirdparty.io.netty.allocator.useCacheForAllThreads=false in command line.
2019-10-18 14:57:53,744 [main] INFO  grpc.GrpcConfigKeys$Server (ConfUtils.java:logGet(43)) - raft.grpc.server.port = 0 (default)
2019-10-18 14:57:53,744 [main] INFO  server.GrpcService (ConfUtils.java:logGet(43)) - raft.grpc.message.size.max = 33570816 (custom)
2019-10-18 14:57:53,744 [main] INFO  server.RaftServerConfigKeys (ConfUtils.java:logGet(43)) - raft.server.log.appender.buffer.byte-limit = 33554432 (custom)
2019-10-18 14:57:53,744 [main] INFO  server.GrpcService (ConfUtils.java:logGet(43)) - raft.grpc.flow.control.window = 1MB (=1048576) (default)
2019-10-18 14:57:53,745 [main] INFO  server.RaftServerConfigKeys (ConfUtils.java:logGet(43)) - raft.server.rpc.request.timeout = 3000ms (default)
2019-10-18 14:57:53,745 [main] INFO  server.RaftServerConfigKeys (ConfUtils.java:logGet(43)) - raft.server.storage.dir = [/workdir/hadoop-ozone/integration-test/target/test-dir/MiniOzoneClusterImpl-493b9529-4424-4e81-8ad3-dd8bf339c445/datanode-3/data/ratis] (custom)
2019-10-18 14:57:53,747 [main] INFO  hdfs.DFSUtil (DFSUtil.java:httpServerTemplateForNNAndJN(1641)) - Starting Web-server for hddsDatanode at: http://0.0.0.0:0
2019-10-18 14:57:53,749 [main] INFO  server.AuthenticationFilter (AuthenticationFilter.java:constructSecretProvider(240)) - Unable to initialize FileSignerSecretProvider, falling back to use random secrets.
2019-10-18 14:57:53,749 [main] WARN  http.HttpRequestLog (HttpRequestLog.java:getRequestLog(97)) - Jetty request log can only be enabled using Log4j
2019-10-18 14:57:53,751 [main] INFO  http.HttpServer2 (HttpServer2.java:addGlobalFilter(975)) - Added global filter 'safety' (class=org.apache.hadoop.http.HttpServer2$QuotingInputFilter)
2019-10-18 14:57:53,752 [main] INFO  http.HttpServer2 (HttpServer2.java:addFilter(948)) - Added filter static_user_filter (class=org.apache.hadoop.http.lib.StaticUserWebFilter$StaticUserFilter) to context hddsDatanode
2019-10-18 14:57:53,752 [main] INFO  http.HttpServer2 (HttpServer2.java:addFilter(958)) - Added filter static_user_filter (class=org.apache.hadoop.http.lib.StaticUserWebFilter$StaticUserFilter) to context static
2019-10-18 14:57:53,752 [main] INFO  http.HttpServer2 (HttpServer2.java:addFilter(958)) - Added filter static_user_filter (class=org.apache.hadoop.http.lib.StaticUserWebFilter$StaticUserFilter) to context logs
2019-10-18 14:57:53,753 [main] INFO  http.HttpServer2 (HttpServer2.java:bindListener(1191)) - Jetty bound to port 40611
2019-10-18 14:57:53,753 [main] INFO  server.Server (Server.java:doStart(351)) - jetty-9.3.25.v20180904, build timestamp: 2018-09-04T21:11:46Z, git hash: 3ce520221d0240229c862b122d2b06c12a625732
2019-10-18 14:57:53,757 [main] INFO  handler.ContextHandler (ContextHandler.java:doStart(781)) - Started o.e.j.s.ServletContextHandler@6fa13e6{/logs,file:///workdir/hadoop-ozone/integration-test/target/log,AVAILABLE}
2019-10-18 14:57:53,757 [main] INFO  handler.ContextHandler (ContextHandler.java:doStart(781)) - Started o.e.j.s.ServletContextHandler@77049094{/static,jar:file:/home/user/.m2/repository/org/apache/hadoop/hadoop-hdds-container-service/0.5.0-SNAPSHOT/hadoop-hdds-container-service-0.5.0-SNAPSHOT.jar!/webapps/static,AVAILABLE}
2019-10-18 14:57:53,787 [main] INFO  handler.ContextHandler (ContextHandler.java:doStart(781)) - Started o.e.j.w.WebAppContext@4aa21f9d{/,file:///tmp/jetty-0.0.0.0-40611-hddsDatanode-_-any-4437503068734909228.dir/webapp/,AVAILABLE}{/hddsDatanode}
2019-10-18 14:57:53,788 [main] INFO  server.AbstractConnector (AbstractConnector.java:doStart(278)) - Started ServerConnector@71c17a57{HTTP/1.1,[http/1.1]}{0.0.0.0:40611}
2019-10-18 14:57:53,789 [main] INFO  server.Server (Server.java:doStart(419)) - Started @5356ms
2019-10-18 14:57:53,790 [main] WARN  impl.MetricsSystemImpl (MetricsSystemImpl.java:register(276)) - Sink prometheus already exists!
2019-10-18 14:57:53,791 [main] INFO  server.BaseHttpServer (BaseHttpServer.java:updateConnectorAddress(215)) - HTTP server of HDDSDATANODE is listening at http://0.0.0.0:40611
2019-10-18 14:57:53,793 [main] INFO  ozone.MiniOzoneClusterImpl (MiniOzoneClusterImpl.java:lambda$waitForClusterToBeReady$0(147)) - Waiting for cluster to be ready. Got 0 of 4 DN Heartbeats.
2019-10-18 14:57:53,794 [org.apache.hadoop.util.JvmPauseMonitor$Monitor@55bcd4c6] INFO  util.JvmPauseMonitor (JvmPauseMonitor.java:run(188)) - Starting JVM pause monitor
2019-10-18 14:57:53,796 [Datanode State Machine Thread - 0] INFO  datanode.InitDatanodeState (InitDatanodeState.java:persistContainerDatanodeDetails(140)) - DatanodeDetails is persisted to /workdir/hadoop-ozone/integration-test/target/test-dir/MiniOzoneClusterImpl-493b9529-4424-4e81-8ad3-dd8bf339c445/datanode-3/meta/datanode.id
2019-10-18 14:57:54,794 [main] INFO  ozone.MiniOzoneClusterImpl (MiniOzoneClusterImpl.java:lambda$waitForClusterToBeReady$0(147)) - Waiting for cluster to be ready. Got 0 of 4 DN Heartbeats.
2019-10-18 14:57:55,663 [Datanode State Machine Thread - 0] INFO  ozoneimpl.OzoneContainer (OzoneContainer.java:start(213)) - Attempting to start container services.
2019-10-18 14:57:55,663 [Datanode State Machine Thread - 0] INFO  ozoneimpl.OzoneContainer (OzoneContainer.java:start(213)) - Attempting to start container services.
2019-10-18 14:57:55,666 [Datanode State Machine Thread - 0] INFO  ozoneimpl.OzoneContainer (OzoneContainer.java:startContainerScrub(177)) - Background container scanner has been disabled.
2019-10-18 14:57:55,666 [Datanode State Machine Thread - 0] INFO  ozoneimpl.OzoneContainer (OzoneContainer.java:startContainerScrub(177)) - Background container scanner has been disabled.
2019-10-18 14:57:55,666 [Datanode State Machine Thread - 0] INFO  ratis.XceiverServerRatis (XceiverServerRatis.java:start(418)) - Starting XceiverServerRatis 6605b8a5-570b-4977-9ee7-6aaf3012bed5 at port 0
2019-10-18 14:57:55,666 [Datanode State Machine Thread - 0] INFO  ratis.XceiverServerRatis (XceiverServerRatis.java:start(418)) - Starting XceiverServerRatis 327657b1-60f8-49f2-b2a3-f63e1f934942 at port 0
2019-10-18 14:57:55,686 [Datanode State Machine Thread - 0] INFO  impl.RaftServerProxy (RaftServerProxy.java:lambda$start$3(299)) - 327657b1-60f8-49f2-b2a3-f63e1f934942: start RPC server
2019-10-18 14:57:55,686 [Datanode State Machine Thread - 0] INFO  impl.RaftServerProxy (RaftServerProxy.java:lambda$start$3(299)) - 6605b8a5-570b-4977-9ee7-6aaf3012bed5: start RPC server
2019-10-18 14:57:55,691 [Datanode State Machine Thread - 0] INFO  server.GrpcService (GrpcService.java:startImpl(158)) - 6605b8a5-570b-4977-9ee7-6aaf3012bed5: GrpcService started, listening on 0.0.0.0/0.0.0.0:35223
2019-10-18 14:57:55,691 [Datanode State Machine Thread - 0] INFO  server.GrpcService (GrpcService.java:startImpl(158)) - 327657b1-60f8-49f2-b2a3-f63e1f934942: GrpcService started, listening on 0.0.0.0/0.0.0.0:41966
2019-10-18 14:57:55,691 [Datanode State Machine Thread - 0] INFO  ratis.XceiverServerRatis (XceiverServerRatis.java:start(428)) - XceiverServerRatis 6605b8a5-570b-4977-9ee7-6aaf3012bed5 is started using port 35223
2019-10-18 14:57:55,691 [Datanode State Machine Thread - 0] INFO  ratis.XceiverServerRatis (XceiverServerRatis.java:start(428)) - XceiverServerRatis 327657b1-60f8-49f2-b2a3-f63e1f934942 is started using port 41966
2019-10-18 14:57:55,695 [Datanode State Machine Thread - 0] INFO  server.XceiverServerGrpc (XceiverServerGrpc.java:start(149)) - XceiverServerGrpc 327657b1-60f8-49f2-b2a3-f63e1f934942 is started using port 43516
2019-10-18 14:57:55,695 [Datanode State Machine Thread - 0] INFO  server.XceiverServerGrpc (XceiverServerGrpc.java:start(149)) - XceiverServerGrpc 6605b8a5-570b-4977-9ee7-6aaf3012bed5 is started using port 33462
2019-10-18 14:57:55,736 [Datanode State Machine Thread - 0] INFO  ozoneimpl.OzoneContainer (OzoneContainer.java:start(213)) - Attempting to start container services.
2019-10-18 14:57:55,737 [Datanode State Machine Thread - 0] INFO  ozoneimpl.OzoneContainer (OzoneContainer.java:startContainerScrub(177)) - Background container scanner has been disabled.
2019-10-18 14:57:55,737 [Datanode State Machine Thread - 0] INFO  ratis.XceiverServerRatis (XceiverServerRatis.java:start(418)) - Starting XceiverServerRatis ddd4789c-894d-475a-bbfb-f6e7aa670c92 at port 0
2019-10-18 14:57:55,744 [Datanode State Machine Thread - 0] INFO  impl.RaftServerProxy (RaftServerProxy.java:lambda$start$3(299)) - ddd4789c-894d-475a-bbfb-f6e7aa670c92: start RPC server
2019-10-18 14:57:55,746 [Datanode State Machine Thread - 0] INFO  server.GrpcService (GrpcService.java:startImpl(158)) - ddd4789c-894d-475a-bbfb-f6e7aa670c92: GrpcService started, listening on 0.0.0.0/0.0.0.0:41061
2019-10-18 14:57:55,746 [Datanode State Machine Thread - 0] INFO  ratis.XceiverServerRatis (XceiverServerRatis.java:start(428)) - XceiverServerRatis ddd4789c-894d-475a-bbfb-f6e7aa670c92 is started using port 41061
2019-10-18 14:57:55,748 [Datanode State Machine Thread - 0] INFO  server.XceiverServerGrpc (XceiverServerGrpc.java:start(149)) - XceiverServerGrpc ddd4789c-894d-475a-bbfb-f6e7aa670c92 is started using port 34744
2019-10-18 14:57:55,795 [main] INFO  ozone.MiniOzoneClusterImpl (MiniOzoneClusterImpl.java:lambda$waitForClusterToBeReady$0(147)) - Waiting for cluster to be ready. Got 0 of 4 DN Heartbeats.
2019-10-18 14:57:55,810 [Datanode State Machine Thread - 0] INFO  ozoneimpl.OzoneContainer (OzoneContainer.java:start(213)) - Attempting to start container services.
2019-10-18 14:57:55,812 [Datanode State Machine Thread - 0] INFO  ozoneimpl.OzoneContainer (OzoneContainer.java:startContainerScrub(177)) - Background container scanner has been disabled.
2019-10-18 14:57:55,812 [Datanode State Machine Thread - 0] INFO  ratis.XceiverServerRatis (XceiverServerRatis.java:start(418)) - Starting XceiverServerRatis ee96556e-6864-4d02-83e8-2d758cb0511b at port 0
2019-10-18 14:57:55,822 [Datanode State Machine Thread - 0] INFO  impl.RaftServerProxy (RaftServerProxy.java:lambda$start$3(299)) - ee96556e-6864-4d02-83e8-2d758cb0511b: start RPC server
2019-10-18 14:57:55,825 [Datanode State Machine Thread - 0] INFO  server.GrpcService (GrpcService.java:startImpl(158)) - ee96556e-6864-4d02-83e8-2d758cb0511b: GrpcService started, listening on 0.0.0.0/0.0.0.0:45947
2019-10-18 14:57:55,825 [Datanode State Machine Thread - 0] INFO  ratis.XceiverServerRatis (XceiverServerRatis.java:start(428)) - XceiverServerRatis ee96556e-6864-4d02-83e8-2d758cb0511b is started using port 45947
2019-10-18 14:57:55,827 [Datanode State Machine Thread - 0] INFO  server.XceiverServerGrpc (XceiverServerGrpc.java:start(149)) - XceiverServerGrpc ee96556e-6864-4d02-83e8-2d758cb0511b is started using port 33929
2019-10-18 14:57:56,796 [main] INFO  ozone.MiniOzoneClusterImpl (MiniOzoneClusterImpl.java:lambda$waitForClusterToBeReady$0(147)) - Waiting for cluster to be ready. Got 0 of 4 DN Heartbeats.
2019-10-18 14:57:57,595 [IPC Server handler 0 on 45964] INFO  net.NetworkTopology (NetworkTopologyImpl.java:add(111)) - Added a new node: /rack1/327657b1-60f8-49f2-b2a3-f63e1f934942
2019-10-18 14:57:57,596 [IPC Server handler 0 on 45964] INFO  node.SCMNodeManager (SCMNodeManager.java:register(268)) - Registered Data node : 327657b1-60f8-49f2-b2a3-f63e1f934942{ip: 192.168.164.233, host: pr-hdds-2327-vtdmt-1103746116, networkLocation: /rack1, certSerialId: null}
2019-10-18 14:57:57,600 [EventQueue-NodeRegistrationContainerReportForDataNodeSafeModeRule] INFO  safemode.SCMSafeModeManager (DataNodeSafeModeRule.java:process(71)) - SCM in safe mode. 1 DataNodes registered, 1 required.
2019-10-18 14:57:57,600 [EventQueue-NodeRegistrationContainerReportForDataNodeSafeModeRule] INFO  safemode.SCMSafeModeManager (SCMSafeModeManager.java:validateSafeModeExitRules(177)) - ScmSafeModeManager, all rules are successfully validated
2019-10-18 14:57:57,600 [EventQueue-NodeRegistrationContainerReportForDataNodeSafeModeRule] INFO  safemode.SCMSafeModeManager (SCMSafeModeManager.java:exitSafeMode(193)) - SCM exiting safe mode.
2019-10-18 14:57:57,631 [IPC Server handler 1 on 45964] INFO  net.NetworkTopology (NetworkTopologyImpl.java:add(111)) - Added a new node: /rack1/6605b8a5-570b-4977-9ee7-6aaf3012bed5
2019-10-18 14:57:57,632 [IPC Server handler 1 on 45964] INFO  node.SCMNodeManager (SCMNodeManager.java:register(268)) - Registered Data node : 6605b8a5-570b-4977-9ee7-6aaf3012bed5{ip: 192.168.164.233, host: pr-hdds-2327-vtdmt-1103746116, networkLocation: /rack1, certSerialId: null}
2019-10-18 14:57:57,723 [IPC Server handler 3 on 45964] INFO  net.NetworkTopology (NetworkTopologyImpl.java:add(111)) - Added a new node: /rack1/ddd4789c-894d-475a-bbfb-f6e7aa670c92
2019-10-18 14:57:57,724 [IPC Server handler 3 on 45964] INFO  node.SCMNodeManager (SCMNodeManager.java:register(268)) - Registered Data node : ddd4789c-894d-475a-bbfb-f6e7aa670c92{ip: 192.168.164.233, host: pr-hdds-2327-vtdmt-1103746116, networkLocation: /rack1, certSerialId: null}
2019-10-18 14:57:57,797 [main] INFO  ozone.MiniOzoneClusterImpl (MiniOzoneClusterImpl.java:lambda$waitForClusterToBeReady$0(147)) - Waiting for cluster to be ready. Got 3 of 4 DN Heartbeats.
2019-10-18 14:57:57,797 [IPC Server handler 2 on 45964] INFO  net.NetworkTopology (NetworkTopologyImpl.java:add(111)) - Added a new node: /rack1/ee96556e-6864-4d02-83e8-2d758cb0511b
2019-10-18 14:57:57,798 [IPC Server handler 2 on 45964] INFO  node.SCMNodeManager (SCMNodeManager.java:register(268)) - Registered Data node : ee96556e-6864-4d02-83e8-2d758cb0511b{ip: 192.168.164.233, host: pr-hdds-2327-vtdmt-1103746116, networkLocation: /rack1, certSerialId: null}
2019-10-18 14:57:58,035 [grpc-default-executor-0] INFO  impl.RaftServerProxy (RaftServerProxy.java:addNew(89)) - 327657b1-60f8-49f2-b2a3-f63e1f934942: addNew group-EA8B7139C12D:[327657b1-60f8-49f2-b2a3-f63e1f934942:192.168.164.233:41966] returns group-EA8B7139C12D:java.util.concurrent.CompletableFuture@52391738[Not completed]
2019-10-18 14:57:58,045 [pool-32-thread-1] INFO  impl.RaftServerImpl (RaftServerImpl.java:<init>(104)) - 327657b1-60f8-49f2-b2a3-f63e1f934942: new RaftServerImpl for group-EA8B7139C12D:[327657b1-60f8-49f2-b2a3-f63e1f934942:192.168.164.233:41966] with ContainerStateMachine:uninitialized
2019-10-18 14:57:58,046 [pool-32-thread-1] INFO  server.RaftServerConfigKeys (ConfUtils.java:logGet(43)) - raft.server.rpc.timeout.min = 5s (custom)
2019-10-18 14:57:58,046 [pool-32-thread-1] INFO  server.RaftServerConfigKeys (ConfUtils.java:logGet(43)) - raft.server.rpc.timeout.max = 5200ms (custom)
2019-10-18 14:57:58,046 [pool-32-thread-1] INFO  server.RaftServerConfigKeys (ConfUtils.java:logGet(43)) - raft.server.rpcslowness.timeout = 120s (custom)
2019-10-18 14:57:58,046 [pool-32-thread-1] INFO  server.RaftServerConfigKeys (ConfUtils.java:logGet(43)) - raft.server.sleep.deviation.threshold = 300 (default)
2019-10-18 14:57:58,047 [pool-32-thread-1] INFO  server.RaftServerConfigKeys (ConfUtils.java:logGet(43)) - raft.server.log.appender.install.snapshot.enabled = false (custom)
2019-10-18 14:57:58,047 [pool-32-thread-1] INFO  impl.RaftServerImpl (ServerState.java:<init>(103)) - 327657b1-60f8-49f2-b2a3-f63e1f934942@group-EA8B7139C12D: ConfigurationManager, init=-1: [327657b1-60f8-49f2-b2a3-f63e1f934942:192.168.164.233:41966], old=null, confs=<EMPTY_MAP>
2019-10-18 14:57:58,047 [pool-32-thread-1] INFO  server.RaftServerConfigKeys (ConfUtils.java:logGet(43)) - raft.server.storage.dir = [/workdir/hadoop-ozone/integration-test/target/test-dir/MiniOzoneClusterImpl-493b9529-4424-4e81-8ad3-dd8bf339c445/datanode-0/data/ratis] (custom)
2019-10-18 14:57:58,047 [pool-32-thread-1] INFO  server.RaftServerConfigKeys (ConfUtils.java:logGet(43)) - raft.server.log.corruption.policy = EXCEPTION (default)
2019-10-18 14:57:58,047 [pool-32-thread-1] INFO  storage.RaftStorageDirectory (RaftStorageDirectory.java:analyzeStorage(246)) - The storage directory /workdir/hadoop-ozone/integration-test/target/test-dir/MiniOzoneClusterImpl-493b9529-4424-4e81-8ad3-dd8bf339c445/datanode-0/data/ratis/eac55c08-0c0a-4d8a-b893-ea8b7139c12d does not exist. Creating ...
2019-10-18 14:57:58,061 [pool-32-thread-1] INFO  storage.RaftStorageDirectory (RaftStorageDirectory.java:tryLock(328)) - Lock on /workdir/hadoop-ozone/integration-test/target/test-dir/MiniOzoneClusterImpl-493b9529-4424-4e81-8ad3-dd8bf339c445/datanode-0/data/ratis/eac55c08-0c0a-4d8a-b893-ea8b7139c12d/in_use.lock acquired by nodename 29183@pr-hdds-2327-vtdmt-1103746116
2019-10-18 14:57:58,074 [pool-32-thread-1] INFO  storage.RaftStorage (RaftStorage.java:format(84)) - Storage directory /workdir/hadoop-ozone/integration-test/target/test-dir/MiniOzoneClusterImpl-493b9529-4424-4e81-8ad3-dd8bf339c445/datanode-0/data/ratis/eac55c08-0c0a-4d8a-b893-ea8b7139c12d has been successfully formatted.
2019-10-18 14:57:58,076 [pool-32-thread-1] INFO  ratis.ContainerStateMachine (ContainerStateMachine.java:loadSnapshot(231)) - group-EA8B7139C12D: The snapshot info is null. Setting the last applied indexto:(t:0, i:~)
2019-10-18 14:57:58,077 [pool-32-thread-1] INFO  server.RaftServerConfigKeys (ConfUtils.java:logGet(43)) - raft.server.notification.no-leader.timeout = 120s (custom)
2019-10-18 14:57:58,077 [pool-32-thread-1] INFO  server.RaftServerConfigKeys (ConfUtils.java:logGet(43)) - raft.server.log.use.memory = false (default)
2019-10-18 14:57:58,077 [pool-32-thread-1] INFO  server.RaftServerConfigKeys (ConfUtils.java:logGet(43)) - raft.server.log.purge.gap = 1000000 (custom)
2019-10-18 14:57:58,077 [pool-32-thread-1] INFO  server.RaftServerConfigKeys (ConfUtils.java:logGet(43)) - raft.server.log.appender.buffer.byte-limit = 33554432 (custom)
2019-10-18 14:57:58,077 [pool-32-thread-1] INFO  server.RaftServerConfigKeys (ConfUtils.java:logGet(43)) - raft.server.log.segment.size.max = 1048576 (custom)
2019-10-18 14:57:58,081 [pool-32-thread-1] INFO  server.RaftServerConfigKeys (ConfUtils.java:logGet(43)) - raft.server.log.segment.cache.num.max = 2 (custom)
2019-10-18 14:57:58,081 [pool-32-thread-1] INFO  segmented.SegmentedRaftLogWorker (SegmentedRaftLogWorker.java:<init>(173)) - new 327657b1-60f8-49f2-b2a3-f63e1f934942@group-EA8B7139C12D-SegmentedRaftLogWorker for RaftStorage:Storage Directory /workdir/hadoop-ozone/integration-test/target/test-dir/MiniOzoneClusterImpl-493b9529-4424-4e81-8ad3-dd8bf339c445/datanode-0/data/ratis/eac55c08-0c0a-4d8a-b893-ea8b7139c12d
2019-10-18 14:57:58,082 [pool-32-thread-1] INFO  server.RaftServerConfigKeys (ConfUtils.java:logGet(43)) - raft.server.log.queue.byte-limit = 2147483647 (custom)
2019-10-18 14:57:58,082 [pool-32-thread-1] INFO  server.RaftServerConfigKeys (ConfUtils.java:logGet(43)) - raft.server.log.queue.element-limit = 1024 (custom)
2019-10-18 14:57:58,082 [pool-32-thread-1] INFO  server.RaftServerConfigKeys (ConfUtils.java:logGet(43)) - raft.server.log.segment.size.max = 1048576 (custom)
2019-10-18 14:57:58,082 [pool-32-thread-1] INFO  server.RaftServerConfigKeys (ConfUtils.java:logGet(43)) - raft.server.log.preallocated.size = 16384 (custom)
2019-10-18 14:57:58,082 [pool-32-thread-1] INFO  server.RaftServerConfigKeys (ConfUtils.java:logGet(43)) - raft.server.log.write.buffer.size = 33554432 (custom)
2019-10-18 14:57:58,082 [pool-32-thread-1] INFO  server.RaftServerConfigKeys (ConfUtils.java:logGet(43)) - raft.server.log.force.sync.num = 128 (default)
2019-10-18 14:57:58,082 [pool-32-thread-1] INFO  server.RaftServerConfigKeys (ConfUtils.java:logGet(43)) - raft.server.log.statemachine.data.sync = true (default)
2019-10-18 14:57:58,083 [pool-32-thread-1] INFO  server.RaftServerConfigKeys (ConfUtils.java:logGet(43)) - raft.server.log.statemachine.data.sync.timeout = 10s (default)
2019-10-18 14:57:58,083 [pool-32-thread-1] INFO  server.RaftServerConfigKeys (ConfUtils.java:logGet(43)) - raft.server.log.statemachine.data.sync.timeout.retry = -1 (default)
2019-10-18 14:57:58,083 [pool-32-thread-1] INFO  server.RaftServerConfigKeys (ConfUtils.java:logGet(43)) - raft.server.log.statemachine.data.caching.enabled = true (custom)
2019-10-18 14:57:58,084 [pool-32-thread-1] INFO  segmented.SegmentedRaftLogWorker (SegmentedRaftLogWorker.java:lambda$new$0(128)) - 327657b1-60f8-49f2-b2a3-f63e1f934942@group-EA8B7139C12D-SegmentedRaftLogWorker: flushIndex: setUnconditionally 0 -> -1
2019-10-18 14:57:58,084 [pool-32-thread-1] INFO  server.RaftServerConfigKeys (ConfUtils.java:logGet(43)) - raft.server.snapshot.auto.trigger.enabled = true (custom)
2019-10-18 14:57:58,084 [pool-32-thread-1] INFO  server.RaftServerConfigKeys (ConfUtils.java:logGet(43)) - raft.server.snapshot.auto.trigger.threshold = 10000 (custom)
2019-10-18 14:57:58,084 [pool-32-thread-1] INFO  server.RaftServerConfigKeys (ConfUtils.java:logGet(43)) - raft.server.snapshot.retention.file.num = 5 (custom)
2019-10-18 14:57:58,085 [pool-32-thread-1] INFO  server.RaftServerConfigKeys (ConfUtils.java:logGet(43)) - raft.server.retrycache.expirytime = 600000ms (custom)
2019-10-18 14:57:58,092 [pool-32-thread-1] INFO  impl.RaftServerImpl (RaftServerImpl.java:start(195)) - 327657b1-60f8-49f2-b2a3-f63e1f934942@group-EA8B7139C12D: start as a follower, conf=-1: [327657b1-60f8-49f2-b2a3-f63e1f934942:192.168.164.233:41966], old=null
2019-10-18 14:57:58,092 [pool-32-thread-1] INFO  impl.RaftServerImpl (RaftServerImpl.java:setRole(184)) - 327657b1-60f8-49f2-b2a3-f63e1f934942@group-EA8B7139C12D: changes role from      null to FOLLOWER at term 0 for startAsFollower
2019-10-18 14:57:58,092 [pool-32-thread-1] INFO  impl.RoleInfo (RoleInfo.java:updateAndGet(143)) - 327657b1-60f8-49f2-b2a3-f63e1f934942: start FollowerState
2019-10-18 14:57:58,093 [pool-32-thread-1] INFO  util.JmxRegister (JmxRegister.java:tryRegister(44)) - Successfully registered JMX Bean with object name Ratis:service=RaftServer,group=group-EA8B7139C12D,id=327657b1-60f8-49f2-b2a3-f63e1f934942
2019-10-18 14:57:58,140 [RatisPipelineUtilsThread] INFO  pipeline.PipelineStateManager (PipelineStateManager.java:addPipeline(56)) - Created pipeline Pipeline[ Id: eac55c08-0c0a-4d8a-b893-ea8b7139c12d, Nodes: 327657b1-60f8-49f2-b2a3-f63e1f934942{ip: 192.168.164.233, host: pr-hdds-2327-vtdmt-1103746116, networkLocation: /rack1, certSerialId: null}, Type:RATIS, Factor:ONE, State:OPEN]
2019-10-18 14:57:58,163 [grpc-default-executor-0] INFO  impl.RaftServerProxy (RaftServerProxy.java:addNew(89)) - 6605b8a5-570b-4977-9ee7-6aaf3012bed5: addNew group-AF127F778910:[6605b8a5-570b-4977-9ee7-6aaf3012bed5:192.168.164.233:35223] returns group-AF127F778910:java.util.concurrent.CompletableFuture@75da6117[Not completed]
2019-10-18 14:57:58,163 [Thread-202] INFO  impl.FollowerState (FollowerState.java:run(108)) - 327657b1-60f8-49f2-b2a3-f63e1f934942@group-EA8B7139C12D-FollowerState: change to CANDIDATE, lastRpcTime:71ms, electionTimeout:71ms
2019-10-18 14:57:58,166 [Thread-202] INFO  impl.RoleInfo (RoleInfo.java:shutdownFollowerState(121)) - 327657b1-60f8-49f2-b2a3-f63e1f934942: shutdown FollowerState
2019-10-18 14:57:58,166 [Thread-202] INFO  impl.RaftServerImpl (RaftServerImpl.java:setRole(184)) - 327657b1-60f8-49f2-b2a3-f63e1f934942@group-EA8B7139C12D: changes role from  FOLLOWER to CANDIDATE at term 0 for changeToCandidate
2019-10-18 14:57:58,166 [Thread-202] INFO  impl.RoleInfo (RoleInfo.java:updateAndGet(143)) - 327657b1-60f8-49f2-b2a3-f63e1f934942: start LeaderElection
2019-10-18 14:57:58,177 [pool-42-thread-1] INFO  impl.RaftServerImpl (RaftServerImpl.java:<init>(104)) - 6605b8a5-570b-4977-9ee7-6aaf3012bed5: new RaftServerImpl for group-AF127F778910:[6605b8a5-570b-4977-9ee7-6aaf3012bed5:192.168.164.233:35223] with ContainerStateMachine:uninitialized
2019-10-18 14:57:58,178 [pool-42-thread-1] INFO  server.RaftServerConfigKeys (ConfUtils.java:logGet(43)) - raft.server.rpc.timeout.min = 5s (custom)
2019-10-18 14:57:58,178 [pool-42-thread-1] INFO  server.RaftServerConfigKeys (ConfUtils.java:logGet(43)) - raft.server.rpc.timeout.max = 5200ms (custom)
2019-10-18 14:57:58,178 [pool-42-thread-1] INFO  server.RaftServerConfigKeys (ConfUtils.java:logGet(43)) - raft.server.rpcslowness.timeout = 120s (custom)
2019-10-18 14:57:58,178 [pool-42-thread-1] INFO  server.RaftServerConfigKeys (ConfUtils.java:logGet(43)) - raft.server.sleep.deviation.threshold = 300 (default)
2019-10-18 14:57:58,178 [pool-42-thread-1] INFO  server.RaftServerConfigKeys (ConfUtils.java:logGet(43)) - raft.server.log.appender.install.snapshot.enabled = false (custom)
2019-10-18 14:57:58,178 [pool-42-thread-1] INFO  impl.RaftServerImpl (ServerState.java:<init>(103)) - 6605b8a5-570b-4977-9ee7-6aaf3012bed5@group-AF127F778910: ConfigurationManager, init=-1: [6605b8a5-570b-4977-9ee7-6aaf3012bed5:192.168.164.233:35223], old=null, confs=<EMPTY_MAP>
2019-10-18 14:57:58,178 [pool-42-thread-1] INFO  server.RaftServerConfigKeys (ConfUtils.java:logGet(43)) - raft.server.storage.dir = [/workdir/hadoop-ozone/integration-test/target/test-dir/MiniOzoneClusterImpl-493b9529-4424-4e81-8ad3-dd8bf339c445/datanode-1/data/ratis] (custom)
2019-10-18 14:57:58,179 [pool-42-thread-1] INFO  server.RaftServerConfigKeys (ConfUtils.java:logGet(43)) - raft.server.log.corruption.policy = EXCEPTION (default)
2019-10-18 14:57:58,179 [pool-42-thread-1] INFO  storage.RaftStorageDirectory (RaftStorageDirectory.java:analyzeStorage(246)) - The storage directory /workdir/hadoop-ozone/integration-test/target/test-dir/MiniOzoneClusterImpl-493b9529-4424-4e81-8ad3-dd8bf339c445/datanode-1/data/ratis/456b2c97-96e3-4250-81aa-af127f778910 does not exist. Creating ...
2019-10-18 14:57:58,200 [pool-42-thread-1] INFO  storage.RaftStorageDirectory (RaftStorageDirectory.java:tryLock(328)) - Lock on /workdir/hadoop-ozone/integration-test/target/test-dir/MiniOzoneClusterImpl-493b9529-4424-4e81-8ad3-dd8bf339c445/datanode-1/data/ratis/456b2c97-96e3-4250-81aa-af127f778910/in_use.lock acquired by nodename 29183@pr-hdds-2327-vtdmt-1103746116
2019-10-18 14:57:58,200 [327657b1-60f8-49f2-b2a3-f63e1f934942@group-EA8B7139C12D-LeaderElection2] INFO  impl.LeaderElection (LeaderElection.java:askForVotes(178)) - 327657b1-60f8-49f2-b2a3-f63e1f934942@group-EA8B7139C12D-LeaderElection2: begin an election at term 1 for -1: [327657b1-60f8-49f2-b2a3-f63e1f934942:192.168.164.233:41966], old=null
2019-10-18 14:57:58,202 [327657b1-60f8-49f2-b2a3-f63e1f934942@group-EA8B7139C12D-LeaderElection2] INFO  impl.RoleInfo (RoleInfo.java:shutdownLeaderElection(134)) - 327657b1-60f8-49f2-b2a3-f63e1f934942: shutdown LeaderElection
2019-10-18 14:57:58,202 [327657b1-60f8-49f2-b2a3-f63e1f934942@group-EA8B7139C12D-LeaderElection2] INFO  impl.RaftServerImpl (RaftServerImpl.java:setRole(184)) - 327657b1-60f8-49f2-b2a3-f63e1f934942@group-EA8B7139C12D: changes role from CANDIDATE to LEADER at term 1 for changeToLeader
2019-10-18 14:57:58,203 [327657b1-60f8-49f2-b2a3-f63e1f934942@group-EA8B7139C12D-LeaderElection2] INFO  impl.RaftServerImpl (ServerState.java:setLeader(256)) - 327657b1-60f8-49f2-b2a3-f63e1f934942@group-EA8B7139C12D: change Leader from null to 327657b1-60f8-49f2-b2a3-f63e1f934942 at term 1 for becomeLeader, leader elected after 126ms
2019-10-18 14:57:58,203 [327657b1-60f8-49f2-b2a3-f63e1f934942@group-EA8B7139C12D-LeaderElection2] INFO  server.RaftServerConfigKeys (ConfUtils.java:logGet(43)) - raft.server.staging.catchup.gap = 1000 (default)
2019-10-18 14:57:58,203 [327657b1-60f8-49f2-b2a3-f63e1f934942@group-EA8B7139C12D-LeaderElection2] INFO  server.RaftServerConfigKeys (ConfUtils.java:logGet(43)) - raft.server.rpc.sleep.time = 25ms (default)
2019-10-18 14:57:58,203 [327657b1-60f8-49f2-b2a3-f63e1f934942@group-EA8B7139C12D-LeaderElection2] INFO  server.RaftServerConfigKeys (ConfUtils.java:logGet(43)) - raft.server.write.element-limit = 4096 (default)
2019-10-18 14:57:58,204 [327657b1-60f8-49f2-b2a3-f63e1f934942@group-EA8B7139C12D-LeaderElection2] INFO  server.RaftServerConfigKeys (ConfUtils.java:logGet(43)) - raft.server.watch.timeout = 10s (default)
2019-10-18 14:57:58,204 [327657b1-60f8-49f2-b2a3-f63e1f934942@group-EA8B7139C12D-LeaderElection2] INFO  server.RaftServerConfigKeys (ConfUtils.java:logGet(43)) - raft.server.watch.timeout.denomination = 1s (default)
2019-10-18 14:57:58,204 [327657b1-60f8-49f2-b2a3-f63e1f934942@group-EA8B7139C12D-LeaderElection2] INFO  server.RaftServerConfigKeys (ConfUtils.java:logGet(43)) - raft.server.watch.element-limit = 65536 (default)
2019-10-18 14:57:58,209 [327657b1-60f8-49f2-b2a3-f63e1f934942@group-EA8B7139C12D-LeaderElection2] INFO  impl.RoleInfo (RoleInfo.java:updateAndGet(143)) - 327657b1-60f8-49f2-b2a3-f63e1f934942: start LeaderState
2019-10-18 14:57:58,209 [327657b1-60f8-49f2-b2a3-f63e1f934942@group-EA8B7139C12D-LeaderElection2] INFO  segmented.SegmentedRaftLogWorker (SegmentedRaftLogWorker.java:startLogSegment(385)) - 327657b1-60f8-49f2-b2a3-f63e1f934942@group-EA8B7139C12D-SegmentedRaftLogWorker: Starting segment from index:0
2019-10-18 14:57:58,210 [327657b1-60f8-49f2-b2a3-f63e1f934942@group-EA8B7139C12D-LeaderElection2] INFO  impl.RaftServerImpl (ServerState.java:setRaftConf(357)) - 327657b1-60f8-49f2-b2a3-f63e1f934942@group-EA8B7139C12D: set configuration 0: [327657b1-60f8-49f2-b2a3-f63e1f934942:192.168.164.233:41966], old=null at 0
2019-10-18 14:57:58,238 [pool-42-thread-1] INFO  storage.RaftStorage (RaftStorage.java:format(84)) - Storage directory /workdir/hadoop-ozone/integration-test/target/test-dir/MiniOzoneClusterImpl-493b9529-4424-4e81-8ad3-dd8bf339c445/datanode-1/data/ratis/456b2c97-96e3-4250-81aa-af127f778910 has been successfully formatted.
2019-10-18 14:57:58,239 [pool-42-thread-1] INFO  ratis.ContainerStateMachine (ContainerStateMachine.java:loadSnapshot(231)) - group-AF127F778910: The snapshot info is null. Setting the last applied indexto:(t:0, i:~)
2019-10-18 14:57:58,240 [pool-42-thread-1] INFO  server.RaftServerConfigKeys (ConfUtils.java:logGet(43)) - raft.server.notification.no-leader.timeout = 120s (custom)
2019-10-18 14:57:58,240 [pool-42-thread-1] INFO  server.RaftServerConfigKeys (ConfUtils.java:logGet(43)) - raft.server.log.use.memory = false (default)
2019-10-18 14:57:58,240 [pool-42-thread-1] INFO  server.RaftServerConfigKeys (ConfUtils.java:logGet(43)) - raft.server.log.purge.gap = 1000000 (custom)
2019-10-18 14:57:58,240 [pool-42-thread-1] INFO  server.RaftServerConfigKeys (ConfUtils.java:logGet(43)) - raft.server.log.appender.buffer.byte-limit = 33554432 (custom)
2019-10-18 14:57:58,240 [pool-42-thread-1] INFO  server.RaftServerConfigKeys (ConfUtils.java:logGet(43)) - raft.server.log.segment.size.max = 1048576 (custom)
2019-10-18 14:57:58,243 [pool-42-thread-1] INFO  server.RaftServerConfigKeys (ConfUtils.java:logGet(43)) - raft.server.log.segment.cache.num.max = 2 (custom)
2019-10-18 14:57:58,243 [pool-42-thread-1] INFO  segmented.SegmentedRaftLogWorker (SegmentedRaftLogWorker.java:<init>(173)) - new 6605b8a5-570b-4977-9ee7-6aaf3012bed5@group-AF127F778910-SegmentedRaftLogWorker for RaftStorage:Storage Directory /workdir/hadoop-ozone/integration-test/target/test-dir/MiniOzoneClusterImpl-493b9529-4424-4e81-8ad3-dd8bf339c445/datanode-1/data/ratis/456b2c97-96e3-4250-81aa-af127f778910
2019-10-18 14:57:58,243 [pool-42-thread-1] INFO  server.RaftServerConfigKeys (ConfUtils.java:logGet(43)) - raft.server.log.queue.byte-limit = 2147483647 (custom)
2019-10-18 14:57:58,243 [pool-42-thread-1] INFO  server.RaftServerConfigKeys (ConfUtils.java:logGet(43)) - raft.server.log.queue.element-limit = 1024 (custom)
2019-10-18 14:57:58,243 [pool-42-thread-1] INFO  server.RaftServerConfigKeys (ConfUtils.java:logGet(43)) - raft.server.log.segment.size.max = 1048576 (custom)
2019-10-18 14:57:58,244 [pool-42-thread-1] INFO  server.RaftServerConfigKeys (ConfUtils.java:logGet(43)) - raft.server.log.preallocated.size = 16384 (custom)
2019-10-18 14:57:58,244 [pool-42-thread-1] INFO  server.RaftServerConfigKeys (ConfUtils.java:logGet(43)) - raft.server.log.write.buffer.size = 33554432 (custom)
2019-10-18 14:57:58,244 [pool-42-thread-1] INFO  server.RaftServerConfigKeys (ConfUtils.java:logGet(43)) - raft.server.log.force.sync.num = 128 (default)
2019-10-18 14:57:58,244 [pool-42-thread-1] INFO  server.RaftServerConfigKeys (ConfUtils.java:logGet(43)) - raft.server.log.statemachine.data.sync = true (default)
2019-10-18 14:57:58,244 [pool-42-thread-1] INFO  server.RaftServerConfigKeys (ConfUtils.java:logGet(43)) - raft.server.log.statemachine.data.sync.timeout = 10s (default)
2019-10-18 14:57:58,244 [pool-42-thread-1] INFO  server.RaftServerConfigKeys (ConfUtils.java:logGet(43)) - raft.server.log.statemachine.data.sync.timeout.retry = -1 (default)
2019-10-18 14:57:58,245 [pool-42-thread-1] INFO  server.RaftServerConfigKeys (ConfUtils.java:logGet(43)) - raft.server.log.statemachine.data.caching.enabled = true (custom)
2019-10-18 14:57:58,245 [pool-42-thread-1] INFO  segmented.SegmentedRaftLogWorker (SegmentedRaftLogWorker.java:lambda$new$0(128)) - 6605b8a5-570b-4977-9ee7-6aaf3012bed5@group-AF127F778910-SegmentedRaftLogWorker: flushIndex: setUnconditionally 0 -> -1
2019-10-18 14:57:58,245 [pool-42-thread-1] INFO  server.RaftServerConfigKeys (ConfUtils.java:logGet(43)) - raft.server.snapshot.auto.trigger.enabled = true (custom)
2019-10-18 14:57:58,245 [pool-42-thread-1] INFO  server.RaftServerConfigKeys (ConfUtils.java:logGet(43)) - raft.server.snapshot.auto.trigger.threshold = 10000 (custom)
2019-10-18 14:57:58,245 [pool-42-thread-1] INFO  server.RaftServerConfigKeys (ConfUtils.java:logGet(43)) - raft.server.snapshot.retention.file.num = 5 (custom)
2019-10-18 14:57:58,245 [pool-42-thread-1] INFO  server.RaftServerConfigKeys (ConfUtils.java:logGet(43)) - raft.server.retrycache.expirytime = 600000ms (custom)
2019-10-18 14:57:58,250 [pool-42-thread-1] INFO  impl.RaftServerImpl (RaftServerImpl.java:start(195)) - 6605b8a5-570b-4977-9ee7-6aaf3012bed5@group-AF127F778910: start as a follower, conf=-1: [6605b8a5-570b-4977-9ee7-6aaf3012bed5:192.168.164.233:35223], old=null
2019-10-18 14:57:58,250 [pool-42-thread-1] INFO  impl.RaftServerImpl (RaftServerImpl.java:setRole(184)) - 6605b8a5-570b-4977-9ee7-6aaf3012bed5@group-AF127F778910: changes role from      null to FOLLOWER at term 0 for startAsFollower
2019-10-18 14:57:58,250 [pool-42-thread-1] INFO  impl.RoleInfo (RoleInfo.java:updateAndGet(143)) - 6605b8a5-570b-4977-9ee7-6aaf3012bed5: start FollowerState
2019-10-18 14:57:58,250 [pool-42-thread-1] INFO  util.JmxRegister (JmxRegister.java:tryRegister(44)) - Successfully registered JMX Bean with object name Ratis:service=RaftServer,group=group-AF127F778910,id=6605b8a5-570b-4977-9ee7-6aaf3012bed5
2019-10-18 14:57:58,250 [327657b1-60f8-49f2-b2a3-f63e1f934942@group-EA8B7139C12D-SegmentedRaftLogWorker] INFO  segmented.SegmentedRaftLogWorker (SegmentedRaftLogWorker.java:execute(576)) - 327657b1-60f8-49f2-b2a3-f63e1f934942@group-EA8B7139C12D-SegmentedRaftLogWorker: created new log segment /workdir/hadoop-ozone/integration-test/target/test-dir/MiniOzoneClusterImpl-493b9529-4424-4e81-8ad3-dd8bf339c445/datanode-0/data/ratis/eac55c08-0c0a-4d8a-b893-ea8b7139c12d/current/log_inprogress_0
2019-10-18 14:57:58,262 [RatisPipelineUtilsThread] INFO  pipeline.PipelineStateManager (PipelineStateManager.java:addPipeline(56)) - Created pipeline Pipeline[ Id: 456b2c97-96e3-4250-81aa-af127f778910, Nodes: 6605b8a5-570b-4977-9ee7-6aaf3012bed5{ip: 192.168.164.233, host: pr-hdds-2327-vtdmt-1103746116, networkLocation: /rack1, certSerialId: null}, Type:RATIS, Factor:ONE, State:OPEN]
2019-10-18 14:57:58,275 [grpc-default-executor-0] INFO  impl.RaftServerProxy (RaftServerProxy.java:addNew(89)) - ddd4789c-894d-475a-bbfb-f6e7aa670c92: addNew group-8D4776D8DF84:[ddd4789c-894d-475a-bbfb-f6e7aa670c92:192.168.164.233:41061] returns group-8D4776D8DF84:java.util.concurrent.CompletableFuture@4d2b6def[Not completed]
2019-10-18 14:57:58,277 [pool-52-thread-1] INFO  impl.RaftServerImpl (RaftServerImpl.java:<init>(104)) - ddd4789c-894d-475a-bbfb-f6e7aa670c92: new RaftServerImpl for group-8D4776D8DF84:[ddd4789c-894d-475a-bbfb-f6e7aa670c92:192.168.164.233:41061] with ContainerStateMachine:uninitialized
2019-10-18 14:57:58,280 [pool-52-thread-1] INFO  server.RaftServerConfigKeys (ConfUtils.java:logGet(43)) - raft.server.rpc.timeout.min = 5s (custom)
2019-10-18 14:57:58,280 [pool-52-thread-1] INFO  server.RaftServerConfigKeys (ConfUtils.java:logGet(43)) - raft.server.rpc.timeout.max = 5200ms (custom)
2019-10-18 14:57:58,280 [pool-52-thread-1] INFO  server.RaftServerConfigKeys (ConfUtils.java:logGet(43)) - raft.server.rpcslowness.timeout = 120s (custom)
2019-10-18 14:57:58,280 [pool-52-thread-1] INFO  server.RaftServerConfigKeys (ConfUtils.java:logGet(43)) - raft.server.sleep.deviation.threshold = 300 (default)
2019-10-18 14:57:58,280 [pool-52-thread-1] INFO  server.RaftServerConfigKeys (ConfUtils.java:logGet(43)) - raft.server.log.appender.install.snapshot.enabled = false (custom)
2019-10-18 14:57:58,280 [pool-52-thread-1] INFO  impl.RaftServerImpl (ServerState.java:<init>(103)) - ddd4789c-894d-475a-bbfb-f6e7aa670c92@group-8D4776D8DF84: ConfigurationManager, init=-1: [ddd4789c-894d-475a-bbfb-f6e7aa670c92:192.168.164.233:41061], old=null, confs=<EMPTY_MAP>
2019-10-18 14:57:58,280 [pool-52-thread-1] INFO  server.RaftServerConfigKeys (ConfUtils.java:logGet(43)) - raft.server.storage.dir = [/workdir/hadoop-ozone/integration-test/target/test-dir/MiniOzoneClusterImpl-493b9529-4424-4e81-8ad3-dd8bf339c445/datanode-2/data/ratis] (custom)
2019-10-18 14:57:58,281 [pool-52-thread-1] INFO  server.RaftServerConfigKeys (ConfUtils.java:logGet(43)) - raft.server.log.corruption.policy = EXCEPTION (default)
2019-10-18 14:57:58,281 [pool-52-thread-1] INFO  storage.RaftStorageDirectory (RaftStorageDirectory.java:analyzeStorage(246)) - The storage directory /workdir/hadoop-ozone/integration-test/target/test-dir/MiniOzoneClusterImpl-493b9529-4424-4e81-8ad3-dd8bf339c445/datanode-2/data/ratis/208bc43e-6a07-4896-89a3-8d4776d8df84 does not exist. Creating ...
2019-10-18 14:57:58,290 [pool-52-thread-1] INFO  storage.RaftStorageDirectory (RaftStorageDirectory.java:tryLock(328)) - Lock on /workdir/hadoop-ozone/integration-test/target/test-dir/MiniOzoneClusterImpl-493b9529-4424-4e81-8ad3-dd8bf339c445/datanode-2/data/ratis/208bc43e-6a07-4896-89a3-8d4776d8df84/in_use.lock acquired by nodename 29183@pr-hdds-2327-vtdmt-1103746116
2019-10-18 14:57:58,295 [pool-52-thread-1] INFO  storage.RaftStorage (RaftStorage.java:format(84)) - Storage directory /workdir/hadoop-ozone/integration-test/target/test-dir/MiniOzoneClusterImpl-493b9529-4424-4e81-8ad3-dd8bf339c445/datanode-2/data/ratis/208bc43e-6a07-4896-89a3-8d4776d8df84 has been successfully formatted.
2019-10-18 14:57:58,295 [pool-52-thread-1] INFO  ratis.ContainerStateMachine (ContainerStateMachine.java:loadSnapshot(231)) - group-8D4776D8DF84: The snapshot info is null. Setting the last applied indexto:(t:0, i:~)
2019-10-18 14:57:58,295 [pool-52-thread-1] INFO  server.RaftServerConfigKeys (ConfUtils.java:logGet(43)) - raft.server.notification.no-leader.timeout = 120s (custom)
2019-10-18 14:57:58,295 [pool-52-thread-1] INFO  server.RaftServerConfigKeys (ConfUtils.java:logGet(43)) - raft.server.log.use.memory = false (default)
2019-10-18 14:57:58,295 [pool-52-thread-1] INFO  server.RaftServerConfigKeys (ConfUtils.java:logGet(43)) - raft.server.log.purge.gap = 1000000 (custom)
2019-10-18 14:57:58,295 [pool-52-thread-1] INFO  server.RaftServerConfigKeys (ConfUtils.java:logGet(43)) - raft.server.log.appender.buffer.byte-limit = 33554432 (custom)
2019-10-18 14:57:58,295 [pool-52-thread-1] INFO  server.RaftServerConfigKeys (ConfUtils.java:logGet(43)) - raft.server.log.segment.size.max = 1048576 (custom)
2019-10-18 14:57:58,298 [pool-52-thread-1] INFO  server.RaftServerConfigKeys (ConfUtils.java:logGet(43)) - raft.server.log.segment.cache.num.max = 2 (custom)
2019-10-18 14:57:58,298 [pool-52-thread-1] INFO  segmented.SegmentedRaftLogWorker (SegmentedRaftLogWorker.java:<init>(173)) - new ddd4789c-894d-475a-bbfb-f6e7aa670c92@group-8D4776D8DF84-SegmentedRaftLogWorker for RaftStorage:Storage Directory /workdir/hadoop-ozone/integration-test/target/test-dir/MiniOzoneClusterImpl-493b9529-4424-4e81-8ad3-dd8bf339c445/datanode-2/data/ratis/208bc43e-6a07-4896-89a3-8d4776d8df84
2019-10-18 14:57:58,298 [pool-52-thread-1] INFO  server.RaftServerConfigKeys (ConfUtils.java:logGet(43)) - raft.server.log.queue.byte-limit = 2147483647 (custom)
2019-10-18 14:57:58,298 [pool-52-thread-1] INFO  server.RaftServerConfigKeys (ConfUtils.java:logGet(43)) - raft.server.log.queue.element-limit = 1024 (custom)
2019-10-18 14:57:58,298 [pool-52-thread-1] INFO  server.RaftServerConfigKeys (ConfUtils.java:logGet(43)) - raft.server.log.segment.size.max = 1048576 (custom)
2019-10-18 14:57:58,298 [pool-52-thread-1] INFO  server.RaftServerConfigKeys (ConfUtils.java:logGet(43)) - raft.server.log.preallocated.size = 16384 (custom)
2019-10-18 14:57:58,298 [pool-52-thread-1] INFO  server.RaftServerConfigKeys (ConfUtils.java:logGet(43)) - raft.server.log.write.buffer.size = 33554432 (custom)
2019-10-18 14:57:58,298 [pool-52-thread-1] INFO  server.RaftServerConfigKeys (ConfUtils.java:logGet(43)) - raft.server.log.force.sync.num = 128 (default)
2019-10-18 14:57:58,299 [pool-52-thread-1] INFO  server.RaftServerConfigKeys (ConfUtils.java:logGet(43)) - raft.server.log.statemachine.data.sync = true (default)
2019-10-18 14:57:58,299 [pool-52-thread-1] INFO  server.RaftServerConfigKeys (ConfUtils.java:logGet(43)) - raft.server.log.statemachine.data.sync.timeout = 10s (default)
2019-10-18 14:57:58,299 [pool-52-thread-1] INFO  server.RaftServerConfigKeys (ConfUtils.java:logGet(43)) - raft.server.log.statemachine.data.sync.timeout.retry = -1 (default)
2019-10-18 14:57:58,299 [pool-52-thread-1] INFO  server.RaftServerConfigKeys (ConfUtils.java:logGet(43)) - raft.server.log.statemachine.data.caching.enabled = true (custom)
2019-10-18 14:57:58,300 [pool-52-thread-1] INFO  segmented.SegmentedRaftLogWorker (SegmentedRaftLogWorker.java:lambda$new$0(128)) - ddd4789c-894d-475a-bbfb-f6e7aa670c92@group-8D4776D8DF84-SegmentedRaftLogWorker: flushIndex: setUnconditionally 0 -> -1
2019-10-18 14:57:58,300 [pool-52-thread-1] INFO  server.RaftServerConfigKeys (ConfUtils.java:logGet(43)) - raft.server.snapshot.auto.trigger.enabled = true (custom)
2019-10-18 14:57:58,300 [pool-52-thread-1] INFO  server.RaftServerConfigKeys (ConfUtils.java:logGet(43)) - raft.server.snapshot.auto.trigger.threshold = 10000 (custom)
2019-10-18 14:57:58,300 [pool-52-thread-1] INFO  server.RaftServerConfigKeys (ConfUtils.java:logGet(43)) - raft.server.snapshot.retention.file.num = 5 (custom)
2019-10-18 14:57:58,300 [pool-52-thread-1] INFO  server.RaftServerConfigKeys (ConfUtils.java:logGet(43)) - raft.server.retrycache.expirytime = 600000ms (custom)
2019-10-18 14:57:58,303 [pool-52-thread-1] INFO  impl.RaftServerImpl (RaftServerImpl.java:start(195)) - ddd4789c-894d-475a-bbfb-f6e7aa670c92@group-8D4776D8DF84: start as a follower, conf=-1: [ddd4789c-894d-475a-bbfb-f6e7aa670c92:192.168.164.233:41061], old=null
2019-10-18 14:57:58,304 [pool-52-thread-1] INFO  impl.RaftServerImpl (RaftServerImpl.java:setRole(184)) - ddd4789c-894d-475a-bbfb-f6e7aa670c92@group-8D4776D8DF84: changes role from      null to FOLLOWER at term 0 for startAsFollower
2019-10-18 14:57:58,304 [pool-52-thread-1] INFO  impl.RoleInfo (RoleInfo.java:updateAndGet(143)) - ddd4789c-894d-475a-bbfb-f6e7aa670c92: start FollowerState
2019-10-18 14:57:58,304 [pool-52-thread-1] INFO  util.JmxRegister (JmxRegister.java:tryRegister(44)) - Successfully registered JMX Bean with object name Ratis:service=RaftServer,group=group-8D4776D8DF84,id=ddd4789c-894d-475a-bbfb-f6e7aa670c92
2019-10-18 14:57:58,313 [RatisPipelineUtilsThread] INFO  pipeline.PipelineStateManager (PipelineStateManager.java:addPipeline(56)) - Created pipeline Pipeline[ Id: 208bc43e-6a07-4896-89a3-8d4776d8df84, Nodes: ddd4789c-894d-475a-bbfb-f6e7aa670c92{ip: 192.168.164.233, host: pr-hdds-2327-vtdmt-1103746116, networkLocation: /rack1, certSerialId: null}, Type:RATIS, Factor:ONE, State:OPEN]
2019-10-18 14:57:58,323 [grpc-default-executor-0] INFO  impl.RaftServerProxy (RaftServerProxy.java:addNew(89)) - ee96556e-6864-4d02-83e8-2d758cb0511b: addNew group-6FF5826DC55A:[ee96556e-6864-4d02-83e8-2d758cb0511b:192.168.164.233:45947] returns group-6FF5826DC55A:java.util.concurrent.CompletableFuture@706f7384[Not completed]
2019-10-18 14:57:58,325 [pool-62-thread-1] INFO  impl.RaftServerImpl (RaftServerImpl.java:<init>(104)) - ee96556e-6864-4d02-83e8-2d758cb0511b: new RaftServerImpl for group-6FF5826DC55A:[ee96556e-6864-4d02-83e8-2d758cb0511b:192.168.164.233:45947] with ContainerStateMachine:uninitialized
2019-10-18 14:57:58,325 [pool-62-thread-1] INFO  server.RaftServerConfigKeys (ConfUtils.java:logGet(43)) - raft.server.rpc.timeout.min = 5s (custom)
2019-10-18 14:57:58,325 [pool-62-thread-1] INFO  server.RaftServerConfigKeys (ConfUtils.java:logGet(43)) - raft.server.rpc.timeout.max = 5200ms (custom)
2019-10-18 14:57:58,325 [pool-62-thread-1] INFO  server.RaftServerConfigKeys (ConfUtils.java:logGet(43)) - raft.server.rpcslowness.timeout = 120s (custom)
2019-10-18 14:57:58,325 [pool-62-thread-1] INFO  server.RaftServerConfigKeys (ConfUtils.java:logGet(43)) - raft.server.sleep.deviation.threshold = 300 (default)
2019-10-18 14:57:58,325 [pool-62-thread-1] INFO  server.RaftServerConfigKeys (ConfUtils.java:logGet(43)) - raft.server.log.appender.install.snapshot.enabled = false (custom)
2019-10-18 14:57:58,325 [pool-62-thread-1] INFO  impl.RaftServerImpl (ServerState.java:<init>(103)) - ee96556e-6864-4d02-83e8-2d758cb0511b@group-6FF5826DC55A: ConfigurationManager, init=-1: [ee96556e-6864-4d02-83e8-2d758cb0511b:192.168.164.233:45947], old=null, confs=<EMPTY_MAP>
2019-10-18 14:57:58,326 [pool-62-thread-1] INFO  server.RaftServerConfigKeys (ConfUtils.java:logGet(43)) - raft.server.storage.dir = [/workdir/hadoop-ozone/integration-test/target/test-dir/MiniOzoneClusterImpl-493b9529-4424-4e81-8ad3-dd8bf339c445/datanode-3/data/ratis] (custom)
2019-10-18 14:57:58,326 [pool-62-thread-1] INFO  server.RaftServerConfigKeys (ConfUtils.java:logGet(43)) - raft.server.log.corruption.policy = EXCEPTION (default)
2019-10-18 14:57:58,326 [pool-62-thread-1] INFO  storage.RaftStorageDirectory (RaftStorageDirectory.java:analyzeStorage(246)) - The storage directory /workdir/hadoop-ozone/integration-test/target/test-dir/MiniOzoneClusterImpl-493b9529-4424-4e81-8ad3-dd8bf339c445/datanode-3/data/ratis/199f56af-b1fe-4bed-bd16-6ff5826dc55a does not exist. Creating ...
2019-10-18 14:57:58,330 [pool-62-thread-1] INFO  storage.RaftStorageDirectory (RaftStorageDirectory.java:tryLock(328)) - Lock on /workdir/hadoop-ozone/integration-test/target/test-dir/MiniOzoneClusterImpl-493b9529-4424-4e81-8ad3-dd8bf339c445/datanode-3/data/ratis/199f56af-b1fe-4bed-bd16-6ff5826dc55a/in_use.lock acquired by nodename 29183@pr-hdds-2327-vtdmt-1103746116
2019-10-18 14:57:58,348 [pool-62-thread-1] INFO  storage.RaftStorage (RaftStorage.java:format(84)) - Storage directory /workdir/hadoop-ozone/integration-test/target/test-dir/MiniOzoneClusterImpl-493b9529-4424-4e81-8ad3-dd8bf339c445/datanode-3/data/ratis/199f56af-b1fe-4bed-bd16-6ff5826dc55a has been successfully formatted.
2019-10-18 14:57:58,348 [pool-62-thread-1] INFO  ratis.ContainerStateMachine (ContainerStateMachine.java:loadSnapshot(231)) - group-6FF5826DC55A: The snapshot info is null. Setting the last applied indexto:(t:0, i:~)
2019-10-18 14:57:58,349 [pool-62-thread-1] INFO  server.RaftServerConfigKeys (ConfUtils.java:logGet(43)) - raft.server.notification.no-leader.timeout = 120s (custom)
2019-10-18 14:57:58,349 [pool-62-thread-1] INFO  server.RaftServerConfigKeys (ConfUtils.java:logGet(43)) - raft.server.log.use.memory = false (default)
2019-10-18 14:57:58,349 [pool-62-thread-1] INFO  server.RaftServerConfigKeys (ConfUtils.java:logGet(43)) - raft.server.log.purge.gap = 1000000 (custom)
2019-10-18 14:57:58,349 [pool-62-thread-1] INFO  server.RaftServerConfigKeys (ConfUtils.java:logGet(43)) - raft.server.log.appender.buffer.byte-limit = 33554432 (custom)
2019-10-18 14:57:58,349 [pool-62-thread-1] INFO  server.RaftServerConfigKeys (ConfUtils.java:logGet(43)) - raft.server.log.segment.size.max = 1048576 (custom)
2019-10-18 14:57:58,353 [pool-62-thread-1] INFO  server.RaftServerConfigKeys (ConfUtils.java:logGet(43)) - raft.server.log.segment.cache.num.max = 2 (custom)
2019-10-18 14:57:58,353 [pool-62-thread-1] INFO  segmented.SegmentedRaftLogWorker (SegmentedRaftLogWorker.java:<init>(173)) - new ee96556e-6864-4d02-83e8-2d758cb0511b@group-6FF5826DC55A-SegmentedRaftLogWorker for RaftStorage:Storage Directory /workdir/hadoop-ozone/integration-test/target/test-dir/MiniOzoneClusterImpl-493b9529-4424-4e81-8ad3-dd8bf339c445/datanode-3/data/ratis/199f56af-b1fe-4bed-bd16-6ff5826dc55a
2019-10-18 14:57:58,353 [pool-62-thread-1] INFO  server.RaftServerConfigKeys (ConfUtils.java:logGet(43)) - raft.server.log.queue.byte-limit = 2147483647 (custom)
2019-10-18 14:57:58,353 [pool-62-thread-1] INFO  server.RaftServerConfigKeys (ConfUtils.java:logGet(43)) - raft.server.log.queue.element-limit = 1024 (custom)
2019-10-18 14:57:58,354 [pool-62-thread-1] INFO  server.RaftServerConfigKeys (ConfUtils.java:logGet(43)) - raft.server.log.segment.size.max = 1048576 (custom)
2019-10-18 14:57:58,354 [pool-62-thread-1] INFO  server.RaftServerConfigKeys (ConfUtils.java:logGet(43)) - raft.server.log.preallocated.size = 16384 (custom)
2019-10-18 14:57:58,354 [pool-62-thread-1] INFO  server.RaftServerConfigKeys (ConfUtils.java:logGet(43)) - raft.server.log.write.buffer.size = 33554432 (custom)
2019-10-18 14:57:58,354 [pool-62-thread-1] INFO  server.RaftServerConfigKeys (ConfUtils.java:logGet(43)) - raft.server.log.force.sync.num = 128 (default)
2019-10-18 14:57:58,354 [pool-62-thread-1] INFO  server.RaftServerConfigKeys (ConfUtils.java:logGet(43)) - raft.server.log.statemachine.data.sync = true (default)
2019-10-18 14:57:58,355 [pool-62-thread-1] INFO  server.RaftServerConfigKeys (ConfUtils.java:logGet(43)) - raft.server.log.statemachine.data.sync.timeout = 10s (default)
2019-10-18 14:57:58,355 [pool-62-thread-1] INFO  server.RaftServerConfigKeys (ConfUtils.java:logGet(43)) - raft.server.log.statemachine.data.sync.timeout.retry = -1 (default)
2019-10-18 14:57:58,355 [pool-62-thread-1] INFO  server.RaftServerConfigKeys (ConfUtils.java:logGet(43)) - raft.server.log.statemachine.data.caching.enabled = true (custom)
2019-10-18 14:57:58,356 [pool-62-thread-1] INFO  segmented.SegmentedRaftLogWorker (SegmentedRaftLogWorker.java:lambda$new$0(128)) - ee96556e-6864-4d02-83e8-2d758cb0511b@group-6FF5826DC55A-SegmentedRaftLogWorker: flushIndex: setUnconditionally 0 -> -1
2019-10-18 14:57:58,356 [pool-62-thread-1] INFO  server.RaftServerConfigKeys (ConfUtils.java:logGet(43)) - raft.server.snapshot.auto.trigger.enabled = true (custom)
2019-10-18 14:57:58,356 [pool-62-thread-1] INFO  server.RaftServerConfigKeys (ConfUtils.java:logGet(43)) - raft.server.snapshot.auto.trigger.threshold = 10000 (custom)
2019-10-18 14:57:58,357 [pool-62-thread-1] INFO  server.RaftServerConfigKeys (ConfUtils.java:logGet(43)) - raft.server.snapshot.retention.file.num = 5 (custom)
2019-10-18 14:57:58,357 [pool-62-thread-1] INFO  server.RaftServerConfigKeys (ConfUtils.java:logGet(43)) - raft.server.retrycache.expirytime = 600000ms (custom)
2019-10-18 14:57:58,361 [pool-62-thread-1] INFO  impl.RaftServerImpl (RaftServerImpl.java:start(195)) - ee96556e-6864-4d02-83e8-2d758cb0511b@group-6FF5826DC55A: start as a follower, conf=-1: [ee96556e-6864-4d02-83e8-2d758cb0511b:192.168.164.233:45947], old=null
2019-10-18 14:57:58,361 [pool-62-thread-1] INFO  impl.RaftServerImpl (RaftServerImpl.java:setRole(184)) - ee96556e-6864-4d02-83e8-2d758cb0511b@group-6FF5826DC55A: changes role from      null to FOLLOWER at term 0 for startAsFollower
2019-10-18 14:57:58,361 [pool-62-thread-1] INFO  impl.RoleInfo (RoleInfo.java:updateAndGet(143)) - ee96556e-6864-4d02-83e8-2d758cb0511b: start FollowerState
2019-10-18 14:57:58,362 [pool-62-thread-1] INFO  util.JmxRegister (JmxRegister.java:tryRegister(44)) - Successfully registered JMX Bean with object name Ratis:service=RaftServer,group=group-6FF5826DC55A,id=ee96556e-6864-4d02-83e8-2d758cb0511b
2019-10-18 14:57:58,371 [RatisPipelineUtilsThread] INFO  pipeline.PipelineStateManager (PipelineStateManager.java:addPipeline(56)) - Created pipeline Pipeline[ Id: 199f56af-b1fe-4bed-bd16-6ff5826dc55a, Nodes: ee96556e-6864-4d02-83e8-2d758cb0511b{ip: 192.168.164.233, host: pr-hdds-2327-vtdmt-1103746116, networkLocation: /rack1, certSerialId: null}, Type:RATIS, Factor:ONE, State:OPEN]
2019-10-18 14:57:58,378 [Thread-207] INFO  impl.FollowerState (FollowerState.java:run(108)) - 6605b8a5-570b-4977-9ee7-6aaf3012bed5@group-AF127F778910-FollowerState: change to CANDIDATE, lastRpcTime:127ms, electionTimeout:127ms
2019-10-18 14:57:58,379 [Thread-207] INFO  impl.RoleInfo (RoleInfo.java:shutdownFollowerState(121)) - 6605b8a5-570b-4977-9ee7-6aaf3012bed5: shutdown FollowerState
2019-10-18 14:57:58,380 [Thread-207] INFO  impl.RaftServerImpl (RaftServerImpl.java:setRole(184)) - 6605b8a5-570b-4977-9ee7-6aaf3012bed5@group-AF127F778910: changes role from  FOLLOWER to CANDIDATE at term 0 for changeToCandidate
2019-10-18 14:57:58,380 [Thread-207] INFO  impl.RoleInfo (RoleInfo.java:updateAndGet(143)) - 6605b8a5-570b-4977-9ee7-6aaf3012bed5: start LeaderElection
2019-10-18 14:57:58,405 [6605b8a5-570b-4977-9ee7-6aaf3012bed5@group-AF127F778910-LeaderElection3] INFO  impl.LeaderElection (LeaderElection.java:askForVotes(178)) - 6605b8a5-570b-4977-9ee7-6aaf3012bed5@group-AF127F778910-LeaderElection3: begin an election at term 1 for -1: [6605b8a5-570b-4977-9ee7-6aaf3012bed5:192.168.164.233:35223], old=null
2019-10-18 14:57:58,405 [grpc-default-executor-1] INFO  impl.RaftServerProxy (RaftServerProxy.java:addNew(89)) - 327657b1-60f8-49f2-b2a3-f63e1f934942: addNew group-58A987F56150:[6605b8a5-570b-4977-9ee7-6aaf3012bed5:192.168.164.233:35223, 327657b1-60f8-49f2-b2a3-f63e1f934942:192.168.164.233:41966, ddd4789c-894d-475a-bbfb-f6e7aa670c92:192.168.164.233:41061] returns group-58A987F56150:java.util.concurrent.CompletableFuture@5feccdee[Not completed]
2019-10-18 14:57:58,405 [6605b8a5-570b-4977-9ee7-6aaf3012bed5@group-AF127F778910-LeaderElection3] INFO  impl.RoleInfo (RoleInfo.java:shutdownLeaderElection(134)) - 6605b8a5-570b-4977-9ee7-6aaf3012bed5: shutdown LeaderElection
2019-10-18 14:57:58,405 [grpc-default-executor-2] INFO  impl.RaftServerProxy (RaftServerProxy.java:addNew(89)) - 6605b8a5-570b-4977-9ee7-6aaf3012bed5: addNew group-58A987F56150:[6605b8a5-570b-4977-9ee7-6aaf3012bed5:192.168.164.233:35223, 327657b1-60f8-49f2-b2a3-f63e1f934942:192.168.164.233:41966, ddd4789c-894d-475a-bbfb-f6e7aa670c92:192.168.164.233:41061] returns group-58A987F56150:java.util.concurrent.CompletableFuture@2d6a159f[Not completed]
2019-10-18 14:57:58,405 [6605b8a5-570b-4977-9ee7-6aaf3012bed5@group-AF127F778910-LeaderElection3] INFO  impl.RaftServerImpl (RaftServerImpl.java:setRole(184)) - 6605b8a5-570b-4977-9ee7-6aaf3012bed5@group-AF127F778910: changes role from CANDIDATE to LEADER at term 1 for changeToLeader
2019-10-18 14:57:58,406 [6605b8a5-570b-4977-9ee7-6aaf3012bed5@group-AF127F778910-LeaderElection3] INFO  impl.RaftServerImpl (ServerState.java:setLeader(256)) - 6605b8a5-570b-4977-9ee7-6aaf3012bed5@group-AF127F778910: change Leader from null to 6605b8a5-570b-4977-9ee7-6aaf3012bed5 at term 1 for becomeLeader, leader elected after 166ms
2019-10-18 14:57:58,406 [6605b8a5-570b-4977-9ee7-6aaf3012bed5@group-AF127F778910-LeaderElection3] INFO  server.RaftServerConfigKeys (ConfUtils.java:logGet(43)) - raft.server.staging.catchup.gap = 1000 (default)
2019-10-18 14:57:58,406 [6605b8a5-570b-4977-9ee7-6aaf3012bed5@group-AF127F778910-LeaderElection3] INFO  server.RaftServerConfigKeys (ConfUtils.java:logGet(43)) - raft.server.rpc.sleep.time = 25ms (default)
2019-10-18 14:57:58,406 [6605b8a5-570b-4977-9ee7-6aaf3012bed5@group-AF127F778910-LeaderElection3] INFO  server.RaftServerConfigKeys (ConfUtils.java:logGet(43)) - raft.server.write.element-limit = 4096 (default)
2019-10-18 14:57:58,407 [grpc-default-executor-2] INFO  impl.RaftServerProxy (RaftServerProxy.java:addNew(89)) - ddd4789c-894d-475a-bbfb-f6e7aa670c92: addNew group-58A987F56150:[6605b8a5-570b-4977-9ee7-6aaf3012bed5:192.168.164.233:35223, 327657b1-60f8-49f2-b2a3-f63e1f934942:192.168.164.233:41966, ddd4789c-894d-475a-bbfb-f6e7aa670c92:192.168.164.233:41061] returns group-58A987F56150:java.util.concurrent.CompletableFuture@295594ea[Not completed]
2019-10-18 14:57:58,407 [6605b8a5-570b-4977-9ee7-6aaf3012bed5@group-AF127F778910-LeaderElection3] INFO  server.RaftServerConfigKeys (ConfUtils.java:logGet(43)) - raft.server.watch.timeout = 10s (default)
2019-10-18 14:57:58,407 [pool-32-thread-1] INFO  impl.RaftServerImpl (RaftServerImpl.java:<init>(104)) - 327657b1-60f8-49f2-b2a3-f63e1f934942: new RaftServerImpl for group-58A987F56150:[6605b8a5-570b-4977-9ee7-6aaf3012bed5:192.168.164.233:35223, 327657b1-60f8-49f2-b2a3-f63e1f934942:192.168.164.233:41966, ddd4789c-894d-475a-bbfb-f6e7aa670c92:192.168.164.233:41061] with ContainerStateMachine:uninitialized
2019-10-18 14:57:58,407 [6605b8a5-570b-4977-9ee7-6aaf3012bed5@group-AF127F778910-LeaderElection3] INFO  server.RaftServerConfigKeys (ConfUtils.java:logGet(43)) - raft.server.watch.timeout.denomination = 1s (default)
2019-10-18 14:57:58,407 [pool-32-thread-1] INFO  server.RaftServerConfigKeys (ConfUtils.java:logGet(43)) - raft.server.rpc.timeout.min = 5s (custom)
2019-10-18 14:57:58,407 [6605b8a5-570b-4977-9ee7-6aaf3012bed5@group-AF127F778910-LeaderElection3] INFO  server.RaftServerConfigKeys (ConfUtils.java:logGet(43)) - raft.server.watch.element-limit = 65536 (default)
2019-10-18 14:57:58,407 [pool-32-thread-1] INFO  server.RaftServerConfigKeys (ConfUtils.java:logGet(43)) - raft.server.rpc.timeout.max = 5200ms (custom)
2019-10-18 14:57:58,407 [pool-32-thread-1] INFO  server.RaftServerConfigKeys (ConfUtils.java:logGet(43)) - raft.server.rpcslowness.timeout = 120s (custom)
2019-10-18 14:57:58,407 [pool-32-thread-1] INFO  server.RaftServerConfigKeys (ConfUtils.java:logGet(43)) - raft.server.sleep.deviation.threshold = 300 (default)
2019-10-18 14:57:58,407 [pool-32-thread-1] INFO  server.RaftServerConfigKeys (ConfUtils.java:logGet(43)) - raft.server.log.appender.install.snapshot.enabled = false (custom)
2019-10-18 14:57:58,407 [pool-32-thread-1] INFO  impl.RaftServerImpl (ServerState.java:<init>(103)) - 327657b1-60f8-49f2-b2a3-f63e1f934942@group-58A987F56150: ConfigurationManager, init=-1: [6605b8a5-570b-4977-9ee7-6aaf3012bed5:192.168.164.233:35223, 327657b1-60f8-49f2-b2a3-f63e1f934942:192.168.164.233:41966, ddd4789c-894d-475a-bbfb-f6e7aa670c92:192.168.164.233:41061], old=null, confs=<EMPTY_MAP>
2019-10-18 14:57:58,408 [pool-32-thread-1] INFO  server.RaftServerConfigKeys (ConfUtils.java:logGet(43)) - raft.server.storage.dir = [/workdir/hadoop-ozone/integration-test/target/test-dir/MiniOzoneClusterImpl-493b9529-4424-4e81-8ad3-dd8bf339c445/datanode-0/data/ratis] (custom)
2019-10-18 14:57:58,408 [pool-42-thread-1] INFO  impl.RaftServerImpl (RaftServerImpl.java:<init>(104)) - 6605b8a5-570b-4977-9ee7-6aaf3012bed5: new RaftServerImpl for group-58A987F56150:[6605b8a5-570b-4977-9ee7-6aaf3012bed5:192.168.164.233:35223, 327657b1-60f8-49f2-b2a3-f63e1f934942:192.168.164.233:41966, ddd4789c-894d-475a-bbfb-f6e7aa670c92:192.168.164.233:41061] with ContainerStateMachine:uninitialized
2019-10-18 14:57:58,408 [pool-32-thread-1] INFO  server.RaftServerConfigKeys (ConfUtils.java:logGet(43)) - raft.server.log.corruption.policy = EXCEPTION (default)
2019-10-18 14:57:58,408 [pool-42-thread-1] INFO  server.RaftServerConfigKeys (ConfUtils.java:logGet(43)) - raft.server.rpc.timeout.min = 5s (custom)
2019-10-18 14:57:58,408 [pool-32-thread-1] INFO  storage.RaftStorageDirectory (RaftStorageDirectory.java:analyzeStorage(246)) - The storage directory /workdir/hadoop-ozone/integration-test/target/test-dir/MiniOzoneClusterImpl-493b9529-4424-4e81-8ad3-dd8bf339c445/datanode-0/data/ratis/003f12b3-3580-4b2f-a857-58a987f56150 does not exist. Creating ...
2019-10-18 14:57:58,408 [pool-42-thread-1] INFO  server.RaftServerConfigKeys (ConfUtils.java:logGet(43)) - raft.server.rpc.timeout.max = 5200ms (custom)
2019-10-18 14:57:58,408 [pool-42-thread-1] INFO  server.RaftServerConfigKeys (ConfUtils.java:logGet(43)) - raft.server.rpcslowness.timeout = 120s (custom)
2019-10-18 14:57:58,408 [pool-42-thread-1] INFO  server.RaftServerConfigKeys (ConfUtils.java:logGet(43)) - raft.server.sleep.deviation.threshold = 300 (default)
2019-10-18 14:57:58,409 [pool-42-thread-1] INFO  server.RaftServerConfigKeys (ConfUtils.java:logGet(43)) - raft.server.log.appender.install.snapshot.enabled = false (custom)
2019-10-18 14:57:58,409 [pool-42-thread-1] INFO  impl.RaftServerImpl (ServerState.java:<init>(103)) - 6605b8a5-570b-4977-9ee7-6aaf3012bed5@group-58A987F56150: ConfigurationManager, init=-1: [6605b8a5-570b-4977-9ee7-6aaf3012bed5:192.168.164.233:35223, 327657b1-60f8-49f2-b2a3-f63e1f934942:192.168.164.233:41966, ddd4789c-894d-475a-bbfb-f6e7aa670c92:192.168.164.233:41061], old=null, confs=<EMPTY_MAP>
2019-10-18 14:57:58,409 [pool-42-thread-1] INFO  server.RaftServerConfigKeys (ConfUtils.java:logGet(43)) - raft.server.storage.dir = [/workdir/hadoop-ozone/integration-test/target/test-dir/MiniOzoneClusterImpl-493b9529-4424-4e81-8ad3-dd8bf339c445/datanode-1/data/ratis] (custom)
2019-10-18 14:57:58,409 [pool-42-thread-1] INFO  server.RaftServerConfigKeys (ConfUtils.java:logGet(43)) - raft.server.log.corruption.policy = EXCEPTION (default)
2019-10-18 14:57:58,409 [pool-52-thread-1] INFO  impl.RaftServerImpl (RaftServerImpl.java:<init>(104)) - ddd4789c-894d-475a-bbfb-f6e7aa670c92: new RaftServerImpl for group-58A987F56150:[6605b8a5-570b-4977-9ee7-6aaf3012bed5:192.168.164.233:35223, 327657b1-60f8-49f2-b2a3-f63e1f934942:192.168.164.233:41966, ddd4789c-894d-475a-bbfb-f6e7aa670c92:192.168.164.233:41061] with ContainerStateMachine:uninitialized
2019-10-18 14:57:58,409 [pool-42-thread-1] INFO  storage.RaftStorageDirectory (RaftStorageDirectory.java:analyzeStorage(246)) - The storage directory /workdir/hadoop-ozone/integration-test/target/test-dir/MiniOzoneClusterImpl-493b9529-4424-4e81-8ad3-dd8bf339c445/datanode-1/data/ratis/003f12b3-3580-4b2f-a857-58a987f56150 does not exist. Creating ...
2019-10-18 14:57:58,410 [pool-52-thread-1] INFO  server.RaftServerConfigKeys (ConfUtils.java:logGet(43)) - raft.server.rpc.timeout.min = 5s (custom)
2019-10-18 14:57:58,410 [pool-52-thread-1] INFO  server.RaftServerConfigKeys (ConfUtils.java:logGet(43)) - raft.server.rpc.timeout.max = 5200ms (custom)
2019-10-18 14:57:58,410 [6605b8a5-570b-4977-9ee7-6aaf3012bed5@group-AF127F778910-LeaderElection3] INFO  impl.RoleInfo (RoleInfo.java:updateAndGet(143)) - 6605b8a5-570b-4977-9ee7-6aaf3012bed5: start LeaderState
2019-10-18 14:57:58,410 [pool-52-thread-1] INFO  server.RaftServerConfigKeys (ConfUtils.java:logGet(43)) - raft.server.rpcslowness.timeout = 120s (custom)
2019-10-18 14:57:58,410 [pool-52-thread-1] INFO  server.RaftServerConfigKeys (ConfUtils.java:logGet(43)) - raft.server.sleep.deviation.threshold = 300 (default)
2019-10-18 14:57:58,410 [6605b8a5-570b-4977-9ee7-6aaf3012bed5@group-AF127F778910-LeaderElection3] INFO  segmented.SegmentedRaftLogWorker (SegmentedRaftLogWorker.java:startLogSegment(385)) - 6605b8a5-570b-4977-9ee7-6aaf3012bed5@group-AF127F778910-SegmentedRaftLogWorker: Starting segment from index:0
2019-10-18 14:57:58,410 [pool-52-thread-1] INFO  server.RaftServerConfigKeys (ConfUtils.java:logGet(43)) - raft.server.log.appender.install.snapshot.enabled = false (custom)
2019-10-18 14:57:58,411 [pool-52-thread-1] INFO  impl.RaftServerImpl (ServerState.java:<init>(103)) - ddd4789c-894d-475a-bbfb-f6e7aa670c92@group-58A987F56150: ConfigurationManager, init=-1: [6605b8a5-570b-4977-9ee7-6aaf3012bed5:192.168.164.233:35223, 327657b1-60f8-49f2-b2a3-f63e1f934942:192.168.164.233:41966, ddd4789c-894d-475a-bbfb-f6e7aa670c92:192.168.164.233:41061], old=null, confs=<EMPTY_MAP>
2019-10-18 14:57:58,411 [pool-52-thread-1] INFO  server.RaftServerConfigKeys (ConfUtils.java:logGet(43)) - raft.server.storage.dir = [/workdir/hadoop-ozone/integration-test/target/test-dir/MiniOzoneClusterImpl-493b9529-4424-4e81-8ad3-dd8bf339c445/datanode-2/data/ratis] (custom)
2019-10-18 14:57:58,411 [6605b8a5-570b-4977-9ee7-6aaf3012bed5@group-AF127F778910-LeaderElection3] INFO  impl.RaftServerImpl (ServerState.java:setRaftConf(357)) - 6605b8a5-570b-4977-9ee7-6aaf3012bed5@group-AF127F778910: set configuration 0: [6605b8a5-570b-4977-9ee7-6aaf3012bed5:192.168.164.233:35223], old=null at 0
2019-10-18 14:57:58,411 [pool-52-thread-1] INFO  server.RaftServerConfigKeys (ConfUtils.java:logGet(43)) - raft.server.log.corruption.policy = EXCEPTION (default)
2019-10-18 14:57:58,436 [pool-32-thread-1] INFO  storage.RaftStorageDirectory (RaftStorageDirectory.java:tryLock(328)) - Lock on /workdir/hadoop-ozone/integration-test/target/test-dir/MiniOzoneClusterImpl-493b9529-4424-4e81-8ad3-dd8bf339c445/datanode-0/data/ratis/003f12b3-3580-4b2f-a857-58a987f56150/in_use.lock acquired by nodename 29183@pr-hdds-2327-vtdmt-1103746116
2019-10-18 14:57:58,436 [pool-42-thread-1] INFO  storage.RaftStorageDirectory (RaftStorageDirectory.java:tryLock(328)) - Lock on /workdir/hadoop-ozone/integration-test/target/test-dir/MiniOzoneClusterImpl-493b9529-4424-4e81-8ad3-dd8bf339c445/datanode-1/data/ratis/003f12b3-3580-4b2f-a857-58a987f56150/in_use.lock acquired by nodename 29183@pr-hdds-2327-vtdmt-1103746116
2019-10-18 14:57:58,436 [pool-52-thread-1] INFO  storage.RaftStorageDirectory (RaftStorageDirectory.java:analyzeStorage(246)) - The storage directory /workdir/hadoop-ozone/integration-test/target/test-dir/MiniOzoneClusterImpl-493b9529-4424-4e81-8ad3-dd8bf339c445/datanode-2/data/ratis/003f12b3-3580-4b2f-a857-58a987f56150 does not exist. Creating ...
2019-10-18 14:57:58,450 [pool-52-thread-1] INFO  storage.RaftStorageDirectory (RaftStorageDirectory.java:tryLock(328)) - Lock on /workdir/hadoop-ozone/integration-test/target/test-dir/MiniOzoneClusterImpl-493b9529-4424-4e81-8ad3-dd8bf339c445/datanode-2/data/ratis/003f12b3-3580-4b2f-a857-58a987f56150/in_use.lock acquired by nodename 29183@pr-hdds-2327-vtdmt-1103746116
2019-10-18 14:57:58,450 [pool-42-thread-1] INFO  storage.RaftStorage (RaftStorage.java:format(84)) - Storage directory /workdir/hadoop-ozone/integration-test/target/test-dir/MiniOzoneClusterImpl-493b9529-4424-4e81-8ad3-dd8bf339c445/datanode-1/data/ratis/003f12b3-3580-4b2f-a857-58a987f56150 has been successfully formatted.
2019-10-18 14:57:58,450 [pool-32-thread-1] INFO  storage.RaftStorage (RaftStorage.java:format(84)) - Storage directory /workdir/hadoop-ozone/integration-test/target/test-dir/MiniOzoneClusterImpl-493b9529-4424-4e81-8ad3-dd8bf339c445/datanode-0/data/ratis/003f12b3-3580-4b2f-a857-58a987f56150 has been successfully formatted.
2019-10-18 14:57:58,450 [6605b8a5-570b-4977-9ee7-6aaf3012bed5@group-AF127F778910-SegmentedRaftLogWorker] INFO  segmented.SegmentedRaftLogWorker (SegmentedRaftLogWorker.java:execute(576)) - 6605b8a5-570b-4977-9ee7-6aaf3012bed5@group-AF127F778910-SegmentedRaftLogWorker: created new log segment /workdir/hadoop-ozone/integration-test/target/test-dir/MiniOzoneClusterImpl-493b9529-4424-4e81-8ad3-dd8bf339c445/datanode-1/data/ratis/456b2c97-96e3-4250-81aa-af127f778910/current/log_inprogress_0
2019-10-18 14:57:58,450 [pool-32-thread-1] INFO  ratis.ContainerStateMachine (ContainerStateMachine.java:loadSnapshot(231)) - group-58A987F56150: The snapshot info is null. Setting the last applied indexto:(t:0, i:~)
2019-10-18 14:57:58,450 [pool-42-thread-1] INFO  ratis.ContainerStateMachine (ContainerStateMachine.java:loadSnapshot(231)) - group-58A987F56150: The snapshot info is null. Setting the last applied indexto:(t:0, i:~)
2019-10-18 14:57:58,450 [pool-32-thread-1] INFO  server.RaftServerConfigKeys (ConfUtils.java:logGet(43)) - raft.server.notification.no-leader.timeout = 120s (custom)
2019-10-18 14:57:58,450 [pool-42-thread-1] INFO  server.RaftServerConfigKeys (ConfUtils.java:logGet(43)) - raft.server.notification.no-leader.timeout = 120s (custom)
2019-10-18 14:57:58,451 [pool-32-thread-1] INFO  server.RaftServerConfigKeys (ConfUtils.java:logGet(43)) - raft.server.log.use.memory = false (default)
2019-10-18 14:57:58,451 [pool-42-thread-1] INFO  server.RaftServerConfigKeys (ConfUtils.java:logGet(43)) - raft.server.log.use.memory = false (default)
2019-10-18 14:57:58,451 [pool-32-thread-1] INFO  server.RaftServerConfigKeys (ConfUtils.java:logGet(43)) - raft.server.log.purge.gap = 1000000 (custom)
2019-10-18 14:57:58,451 [pool-42-thread-1] INFO  server.RaftServerConfigKeys (ConfUtils.java:logGet(43)) - raft.server.log.purge.gap = 1000000 (custom)
2019-10-18 14:57:58,451 [pool-32-thread-1] INFO  server.RaftServerConfigKeys (ConfUtils.java:logGet(43)) - raft.server.log.appender.buffer.byte-limit = 33554432 (custom)
2019-10-18 14:57:58,451 [pool-42-thread-1] INFO  server.RaftServerConfigKeys (ConfUtils.java:logGet(43)) - raft.server.log.appender.buffer.byte-limit = 33554432 (custom)
2019-10-18 14:57:58,451 [pool-32-thread-1] INFO  server.RaftServerConfigKeys (ConfUtils.java:logGet(43)) - raft.server.log.segment.size.max = 1048576 (custom)
2019-10-18 14:57:58,451 [pool-42-thread-1] INFO  server.RaftServerConfigKeys (ConfUtils.java:logGet(43)) - raft.server.log.segment.size.max = 1048576 (custom)
2019-10-18 14:57:58,451 [pool-32-thread-1] INFO  server.RaftServerConfigKeys (ConfUtils.java:logGet(43)) - raft.server.log.segment.cache.num.max = 2 (custom)
2019-10-18 14:57:58,451 [pool-42-thread-1] INFO  server.RaftServerConfigKeys (ConfUtils.java:logGet(43)) - raft.server.log.segment.cache.num.max = 2 (custom)
2019-10-18 14:57:58,451 [pool-32-thread-1] INFO  segmented.SegmentedRaftLogWorker (SegmentedRaftLogWorker.java:<init>(173)) - new 327657b1-60f8-49f2-b2a3-f63e1f934942@group-58A987F56150-SegmentedRaftLogWorker for RaftStorage:Storage Directory /workdir/hadoop-ozone/integration-test/target/test-dir/MiniOzoneClusterImpl-493b9529-4424-4e81-8ad3-dd8bf339c445/datanode-0/data/ratis/003f12b3-3580-4b2f-a857-58a987f56150
2019-10-18 14:57:58,451 [pool-42-thread-1] INFO  segmented.SegmentedRaftLogWorker (SegmentedRaftLogWorker.java:<init>(173)) - new 6605b8a5-570b-4977-9ee7-6aaf3012bed5@group-58A987F56150-SegmentedRaftLogWorker for RaftStorage:Storage Directory /workdir/hadoop-ozone/integration-test/target/test-dir/MiniOzoneClusterImpl-493b9529-4424-4e81-8ad3-dd8bf339c445/datanode-1/data/ratis/003f12b3-3580-4b2f-a857-58a987f56150
2019-10-18 14:57:58,452 [pool-32-thread-1] INFO  server.RaftServerConfigKeys (ConfUtils.java:logGet(43)) - raft.server.log.queue.byte-limit = 2147483647 (custom)
2019-10-18 14:57:58,452 [pool-42-thread-1] INFO  server.RaftServerConfigKeys (ConfUtils.java:logGet(43)) - raft.server.log.queue.byte-limit = 2147483647 (custom)
2019-10-18 14:57:58,452 [pool-32-thread-1] INFO  server.RaftServerConfigKeys (ConfUtils.java:logGet(43)) - raft.server.log.queue.element-limit = 1024 (custom)
2019-10-18 14:57:58,452 [pool-42-thread-1] INFO  server.RaftServerConfigKeys (ConfUtils.java:logGet(43)) - raft.server.log.queue.element-limit = 1024 (custom)
2019-10-18 14:57:58,452 [pool-32-thread-1] INFO  server.RaftServerConfigKeys (ConfUtils.java:logGet(43)) - raft.server.log.segment.size.max = 1048576 (custom)
2019-10-18 14:57:58,452 [pool-42-thread-1] INFO  server.RaftServerConfigKeys (ConfUtils.java:logGet(43)) - raft.server.log.segment.size.max = 1048576 (custom)
2019-10-18 14:57:58,452 [pool-32-thread-1] INFO  server.RaftServerConfigKeys (ConfUtils.java:logGet(43)) - raft.server.log.preallocated.size = 16384 (custom)
2019-10-18 14:57:58,452 [pool-42-thread-1] INFO  server.RaftServerConfigKeys (ConfUtils.java:logGet(43)) - raft.server.log.preallocated.size = 16384 (custom)
2019-10-18 14:57:58,452 [pool-32-thread-1] INFO  server.RaftServerConfigKeys (ConfUtils.java:logGet(43)) - raft.server.log.write.buffer.size = 33554432 (custom)
2019-10-18 14:57:58,452 [pool-42-thread-1] INFO  server.RaftServerConfigKeys (ConfUtils.java:logGet(43)) - raft.server.log.write.buffer.size = 33554432 (custom)
2019-10-18 14:57:58,452 [pool-32-thread-1] INFO  server.RaftServerConfigKeys (ConfUtils.java:logGet(43)) - raft.server.log.force.sync.num = 128 (default)
2019-10-18 14:57:58,452 [pool-42-thread-1] INFO  server.RaftServerConfigKeys (ConfUtils.java:logGet(43)) - raft.server.log.force.sync.num = 128 (default)
2019-10-18 14:57:58,453 [pool-32-thread-1] INFO  server.RaftServerConfigKeys (ConfUtils.java:logGet(43)) - raft.server.log.statemachine.data.sync = true (default)
2019-10-18 14:57:58,453 [pool-42-thread-1] INFO  server.RaftServerConfigKeys (ConfUtils.java:logGet(43)) - raft.server.log.statemachine.data.sync = true (default)
2019-10-18 14:57:58,453 [pool-32-thread-1] INFO  server.RaftServerConfigKeys (ConfUtils.java:logGet(43)) - raft.server.log.statemachine.data.sync.timeout = 10s (default)
2019-10-18 14:57:58,453 [pool-42-thread-1] INFO  server.RaftServerConfigKeys (ConfUtils.java:logGet(43)) - raft.server.log.statemachine.data.sync.timeout = 10s (default)
2019-10-18 14:57:58,453 [pool-32-thread-1] INFO  server.RaftServerConfigKeys (ConfUtils.java:logGet(43)) - raft.server.log.statemachine.data.sync.timeout.retry = -1 (default)
2019-10-18 14:57:58,453 [pool-42-thread-1] INFO  server.RaftServerConfigKeys (ConfUtils.java:logGet(43)) - raft.server.log.statemachine.data.sync.timeout.retry = -1 (default)
2019-10-18 14:57:58,453 [pool-32-thread-1] INFO  server.RaftServerConfigKeys (ConfUtils.java:logGet(43)) - raft.server.log.statemachine.data.caching.enabled = true (custom)
2019-10-18 14:57:58,453 [pool-42-thread-1] INFO  server.RaftServerConfigKeys (ConfUtils.java:logGet(43)) - raft.server.log.statemachine.data.caching.enabled = true (custom)
2019-10-18 14:57:58,453 [pool-32-thread-1] INFO  segmented.SegmentedRaftLogWorker (SegmentedRaftLogWorker.java:lambda$new$0(128)) - 327657b1-60f8-49f2-b2a3-f63e1f934942@group-58A987F56150-SegmentedRaftLogWorker: flushIndex: setUnconditionally 0 -> -1
2019-10-18 14:57:58,453 [pool-42-thread-1] INFO  segmented.SegmentedRaftLogWorker (SegmentedRaftLogWorker.java:lambda$new$0(128)) - 6605b8a5-570b-4977-9ee7-6aaf3012bed5@group-58A987F56150-SegmentedRaftLogWorker: flushIndex: setUnconditionally 0 -> -1
2019-10-18 14:57:58,454 [pool-32-thread-1] INFO  server.RaftServerConfigKeys (ConfUtils.java:logGet(43)) - raft.server.snapshot.auto.trigger.enabled = true (custom)
2019-10-18 14:57:58,454 [pool-32-thread-1] INFO  server.RaftServerConfigKeys (ConfUtils.java:logGet(43)) - raft.server.snapshot.auto.trigger.threshold = 10000 (custom)
2019-10-18 14:57:58,454 [pool-42-thread-1] INFO  server.RaftServerConfigKeys (ConfUtils.java:logGet(43)) - raft.server.snapshot.auto.trigger.enabled = true (custom)
2019-10-18 14:57:58,454 [pool-32-thread-1] INFO  server.RaftServerConfigKeys (ConfUtils.java:logGet(43)) - raft.server.snapshot.retention.file.num = 5 (custom)
2019-10-18 14:57:58,454 [pool-42-thread-1] INFO  server.RaftServerConfigKeys (ConfUtils.java:logGet(43)) - raft.server.snapshot.auto.trigger.threshold = 10000 (custom)
2019-10-18 14:57:58,454 [pool-32-thread-1] INFO  server.RaftServerConfigKeys (ConfUtils.java:logGet(43)) - raft.server.retrycache.expirytime = 600000ms (custom)
2019-10-18 14:57:58,454 [pool-42-thread-1] INFO  server.RaftServerConfigKeys (ConfUtils.java:logGet(43)) - raft.server.snapshot.retention.file.num = 5 (custom)
2019-10-18 14:57:58,454 [pool-42-thread-1] INFO  server.RaftServerConfigKeys (ConfUtils.java:logGet(43)) - raft.server.retrycache.expirytime = 600000ms (custom)
2019-10-18 14:57:58,457 [pool-32-thread-1] INFO  impl.RaftServerImpl (RaftServerImpl.java:start(195)) - 327657b1-60f8-49f2-b2a3-f63e1f934942@group-58A987F56150: start as a follower, conf=-1: [6605b8a5-570b-4977-9ee7-6aaf3012bed5:192.168.164.233:35223, 327657b1-60f8-49f2-b2a3-f63e1f934942:192.168.164.233:41966, ddd4789c-894d-475a-bbfb-f6e7aa670c92:192.168.164.233:41061], old=null
2019-10-18 14:57:58,457 [pool-32-thread-1] INFO  impl.RaftServerImpl (RaftServerImpl.java:setRole(184)) - 327657b1-60f8-49f2-b2a3-f63e1f934942@group-58A987F56150: changes role from      null to FOLLOWER at term 0 for startAsFollower
2019-10-18 14:57:58,457 [pool-42-thread-1] INFO  impl.RaftServerImpl (RaftServerImpl.java:start(195)) - 6605b8a5-570b-4977-9ee7-6aaf3012bed5@group-58A987F56150: start as a follower, conf=-1: [6605b8a5-570b-4977-9ee7-6aaf3012bed5:192.168.164.233:35223, 327657b1-60f8-49f2-b2a3-f63e1f934942:192.168.164.233:41966, ddd4789c-894d-475a-bbfb-f6e7aa670c92:192.168.164.233:41061], old=null
2019-10-18 14:57:58,457 [pool-32-thread-1] INFO  impl.RoleInfo (RoleInfo.java:updateAndGet(143)) - 327657b1-60f8-49f2-b2a3-f63e1f934942: start FollowerState
2019-10-18 14:57:58,457 [pool-42-thread-1] INFO  impl.RaftServerImpl (RaftServerImpl.java:setRole(184)) - 6605b8a5-570b-4977-9ee7-6aaf3012bed5@group-58A987F56150: changes role from      null to FOLLOWER at term 0 for startAsFollower
2019-10-18 14:57:58,457 [pool-42-thread-1] INFO  impl.RoleInfo (RoleInfo.java:updateAndGet(143)) - 6605b8a5-570b-4977-9ee7-6aaf3012bed5: start FollowerState
2019-10-18 14:57:58,457 [pool-32-thread-1] INFO  util.JmxRegister (JmxRegister.java:tryRegister(44)) - Successfully registered JMX Bean with object name Ratis:service=RaftServer,group=group-58A987F56150,id=327657b1-60f8-49f2-b2a3-f63e1f934942
2019-10-18 14:57:58,458 [pool-42-thread-1] INFO  util.JmxRegister (JmxRegister.java:tryRegister(44)) - Successfully registered JMX Bean with object name Ratis:service=RaftServer,group=group-58A987F56150,id=6605b8a5-570b-4977-9ee7-6aaf3012bed5
2019-10-18 14:57:58,475 [pool-52-thread-1] INFO  storage.RaftStorage (RaftStorage.java:format(84)) - Storage directory /workdir/hadoop-ozone/integration-test/target/test-dir/MiniOzoneClusterImpl-493b9529-4424-4e81-8ad3-dd8bf339c445/datanode-2/data/ratis/003f12b3-3580-4b2f-a857-58a987f56150 has been successfully formatted.
2019-10-18 14:57:58,475 [pool-52-thread-1] INFO  ratis.ContainerStateMachine (ContainerStateMachine.java:loadSnapshot(231)) - group-58A987F56150: The snapshot info is null. Setting the last applied indexto:(t:0, i:~)
2019-10-18 14:57:58,475 [pool-52-thread-1] INFO  server.RaftServerConfigKeys (ConfUtils.java:logGet(43)) - raft.server.notification.no-leader.timeout = 120s (custom)
2019-10-18 14:57:58,475 [pool-52-thread-1] INFO  server.RaftServerConfigKeys (ConfUtils.java:logGet(43)) - raft.server.log.use.memory = false (default)
2019-10-18 14:57:58,475 [pool-52-thread-1] INFO  server.RaftServerConfigKeys (ConfUtils.java:logGet(43)) - raft.server.log.purge.gap = 1000000 (custom)
2019-10-18 14:57:58,475 [pool-52-thread-1] INFO  server.RaftServerConfigKeys (ConfUtils.java:logGet(43)) - raft.server.log.appender.buffer.byte-limit = 33554432 (custom)
2019-10-18 14:57:58,475 [pool-52-thread-1] INFO  server.RaftServerConfigKeys (ConfUtils.java:logGet(43)) - raft.server.log.segment.size.max = 1048576 (custom)
2019-10-18 14:57:58,476 [pool-52-thread-1] INFO  server.RaftServerConfigKeys (ConfUtils.java:logGet(43)) - raft.server.log.segment.cache.num.max = 2 (custom)
2019-10-18 14:57:58,476 [pool-52-thread-1] INFO  segmented.SegmentedRaftLogWorker (SegmentedRaftLogWorker.java:<init>(173)) - new ddd4789c-894d-475a-bbfb-f6e7aa670c92@group-58A987F56150-SegmentedRaftLogWorker for RaftStorage:Storage Directory /workdir/hadoop-ozone/integration-test/target/test-dir/MiniOzoneClusterImpl-493b9529-4424-4e81-8ad3-dd8bf339c445/datanode-2/data/ratis/003f12b3-3580-4b2f-a857-58a987f56150
2019-10-18 14:57:58,476 [pool-52-thread-1] INFO  server.RaftServerConfigKeys (ConfUtils.java:logGet(43)) - raft.server.log.queue.byte-limit = 2147483647 (custom)
2019-10-18 14:57:58,476 [pool-52-thread-1] INFO  server.RaftServerConfigKeys (ConfUtils.java:logGet(43)) - raft.server.log.queue.element-limit = 1024 (custom)
2019-10-18 14:57:58,476 [pool-52-thread-1] INFO  server.RaftServerConfigKeys (ConfUtils.java:logGet(43)) - raft.server.log.segment.size.max = 1048576 (custom)
2019-10-18 14:57:58,476 [pool-52-thread-1] INFO  server.RaftServerConfigKeys (ConfUtils.java:logGet(43)) - raft.server.log.preallocated.size = 16384 (custom)
2019-10-18 14:57:58,476 [pool-52-thread-1] INFO  server.RaftServerConfigKeys (ConfUtils.java:logGet(43)) - raft.server.log.write.buffer.size = 33554432 (custom)
2019-10-18 14:57:58,476 [pool-52-thread-1] INFO  server.RaftServerConfigKeys (ConfUtils.java:logGet(43)) - raft.server.log.force.sync.num = 128 (default)
2019-10-18 14:57:58,476 [pool-52-thread-1] INFO  server.RaftServerConfigKeys (ConfUtils.java:logGet(43)) - raft.server.log.statemachine.data.sync = true (default)
2019-10-18 14:57:58,476 [pool-52-thread-1] INFO  server.RaftServerConfigKeys (ConfUtils.java:logGet(43)) - raft.server.log.statemachine.data.sync.timeout = 10s (default)
2019-10-18 14:57:58,476 [pool-52-thread-1] INFO  server.RaftServerConfigKeys (ConfUtils.java:logGet(43)) - raft.server.log.statemachine.data.sync.timeout.retry = -1 (default)
2019-10-18 14:57:58,477 [pool-52-thread-1] INFO  server.RaftServerConfigKeys (ConfUtils.java:logGet(43)) - raft.server.log.statemachine.data.caching.enabled = true (custom)
2019-10-18 14:57:58,477 [pool-52-thread-1] INFO  segmented.SegmentedRaftLogWorker (SegmentedRaftLogWorker.java:lambda$new$0(128)) - ddd4789c-894d-475a-bbfb-f6e7aa670c92@group-58A987F56150-SegmentedRaftLogWorker: flushIndex: setUnconditionally 0 -> -1
2019-10-18 14:57:58,477 [pool-52-thread-1] INFO  server.RaftServerConfigKeys (ConfUtils.java:logGet(43)) - raft.server.snapshot.auto.trigger.enabled = true (custom)
2019-10-18 14:57:58,477 [pool-52-thread-1] INFO  server.RaftServerConfigKeys (ConfUtils.java:logGet(43)) - raft.server.snapshot.auto.trigger.threshold = 10000 (custom)
2019-10-18 14:57:58,477 [pool-52-thread-1] INFO  server.RaftServerConfigKeys (ConfUtils.java:logGet(43)) - raft.server.snapshot.retention.file.num = 5 (custom)
2019-10-18 14:57:58,478 [pool-52-thread-1] INFO  server.RaftServerConfigKeys (ConfUtils.java:logGet(43)) - raft.server.retrycache.expirytime = 600000ms (custom)
2019-10-18 14:57:58,480 [pool-52-thread-1] INFO  impl.RaftServerImpl (RaftServerImpl.java:start(195)) - ddd4789c-894d-475a-bbfb-f6e7aa670c92@group-58A987F56150: start as a follower, conf=-1: [6605b8a5-570b-4977-9ee7-6aaf3012bed5:192.168.164.233:35223, 327657b1-60f8-49f2-b2a3-f63e1f934942:192.168.164.233:41966, ddd4789c-894d-475a-bbfb-f6e7aa670c92:192.168.164.233:41061], old=null
2019-10-18 14:57:58,480 [pool-52-thread-1] INFO  impl.RaftServerImpl (RaftServerImpl.java:setRole(184)) - ddd4789c-894d-475a-bbfb-f6e7aa670c92@group-58A987F56150: changes role from      null to FOLLOWER at term 0 for startAsFollower
2019-10-18 14:57:58,480 [pool-52-thread-1] INFO  impl.RoleInfo (RoleInfo.java:updateAndGet(143)) - ddd4789c-894d-475a-bbfb-f6e7aa670c92: start FollowerState
2019-10-18 14:57:58,480 [pool-52-thread-1] INFO  util.JmxRegister (JmxRegister.java:tryRegister(44)) - Successfully registered JMX Bean with object name Ratis:service=RaftServer,group=group-58A987F56150,id=ddd4789c-894d-475a-bbfb-f6e7aa670c92
2019-10-18 14:57:58,489 [Thread-210] INFO  impl.FollowerState (FollowerState.java:run(108)) - ddd4789c-894d-475a-bbfb-f6e7aa670c92@group-8D4776D8DF84-FollowerState: change to CANDIDATE, lastRpcTime:185ms, electionTimeout:183ms
2019-10-18 14:57:58,491 [Thread-210] INFO  impl.RoleInfo (RoleInfo.java:shutdownFollowerState(121)) - ddd4789c-894d-475a-bbfb-f6e7aa670c92: shutdown FollowerState
2019-10-18 14:57:58,495 [Thread-220] INFO  impl.FollowerState (FollowerState.java:run(108)) - 6605b8a5-570b-4977-9ee7-6aaf3012bed5@group-58A987F56150-FollowerState: change to CANDIDATE, lastRpcTime:37ms, electionTimeout:37ms
2019-10-18 14:57:58,495 [Thread-210] INFO  impl.RaftServerImpl (RaftServerImpl.java:setRole(184)) - ddd4789c-894d-475a-bbfb-f6e7aa670c92@group-8D4776D8DF84: changes role from  FOLLOWER to CANDIDATE at term 0 for changeToCandidate
2019-10-18 14:57:58,495 [Thread-220] INFO  impl.RoleInfo (RoleInfo.java:shutdownFollowerState(121)) - 6605b8a5-570b-4977-9ee7-6aaf3012bed5: shutdown FollowerState
2019-10-18 14:57:58,496 [Thread-220] INFO  impl.RaftServerImpl (RaftServerImpl.java:setRole(184)) - 6605b8a5-570b-4977-9ee7-6aaf3012bed5@group-58A987F56150: changes role from  FOLLOWER to CANDIDATE at term 0 for changeToCandidate
2019-10-18 14:57:58,496 [Thread-210] INFO  impl.RoleInfo (RoleInfo.java:updateAndGet(143)) - ddd4789c-894d-475a-bbfb-f6e7aa670c92: start LeaderElection
2019-10-18 14:57:58,496 [Thread-220] INFO  impl.RoleInfo (RoleInfo.java:updateAndGet(143)) - 6605b8a5-570b-4977-9ee7-6aaf3012bed5: start LeaderElection
2019-10-18 14:57:58,501 [RatisPipelineUtilsThread] INFO  pipeline.PipelineStateManager (PipelineStateManager.java:addPipeline(56)) - Created pipeline Pipeline[ Id: 003f12b3-3580-4b2f-a857-58a987f56150, Nodes: 327657b1-60f8-49f2-b2a3-f63e1f934942{ip: 192.168.164.233, host: pr-hdds-2327-vtdmt-1103746116, networkLocation: /rack1, certSerialId: null}6605b8a5-570b-4977-9ee7-6aaf3012bed5{ip: 192.168.164.233, host: pr-hdds-2327-vtdmt-1103746116, networkLocation: /rack1, certSerialId: null}ddd4789c-894d-475a-bbfb-f6e7aa670c92{ip: 192.168.164.233, host: pr-hdds-2327-vtdmt-1103746116, networkLocation: /rack1, certSerialId: null}, Type:RATIS, Factor:THREE, State:OPEN]
2019-10-18 14:57:58,503 [Thread-219] INFO  impl.FollowerState (FollowerState.java:run(108)) - 327657b1-60f8-49f2-b2a3-f63e1f934942@group-58A987F56150-FollowerState: change to CANDIDATE, lastRpcTime:45ms, electionTimeout:45ms
2019-10-18 14:57:58,503 [Thread-219] INFO  impl.RoleInfo (RoleInfo.java:shutdownFollowerState(121)) - 327657b1-60f8-49f2-b2a3-f63e1f934942: shutdown FollowerState
2019-10-18 14:57:58,503 [Thread-219] INFO  impl.RaftServerImpl (RaftServerImpl.java:setRole(184)) - 327657b1-60f8-49f2-b2a3-f63e1f934942@group-58A987F56150: changes role from  FOLLOWER to CANDIDATE at term 0 for changeToCandidate
2019-10-18 14:57:58,503 [Thread-219] INFO  impl.RoleInfo (RoleInfo.java:updateAndGet(143)) - 327657b1-60f8-49f2-b2a3-f63e1f934942: start LeaderElection
2019-10-18 14:57:58,525 [ddd4789c-894d-475a-bbfb-f6e7aa670c92@group-8D4776D8DF84-LeaderElection4] INFO  impl.LeaderElection (LeaderElection.java:askForVotes(178)) - ddd4789c-894d-475a-bbfb-f6e7aa670c92@group-8D4776D8DF84-LeaderElection4: begin an election at term 1 for -1: [ddd4789c-894d-475a-bbfb-f6e7aa670c92:192.168.164.233:41061], old=null
2019-10-18 14:57:58,525 [6605b8a5-570b-4977-9ee7-6aaf3012bed5@group-58A987F56150-LeaderElection5] INFO  impl.LeaderElection (LeaderElection.java:askForVotes(178)) - 6605b8a5-570b-4977-9ee7-6aaf3012bed5@group-58A987F56150-LeaderElection5: begin an election at term 1 for -1: [6605b8a5-570b-4977-9ee7-6aaf3012bed5:192.168.164.233:35223, 327657b1-60f8-49f2-b2a3-f63e1f934942:192.168.164.233:41966, ddd4789c-894d-475a-bbfb-f6e7aa670c92:192.168.164.233:41061], old=null
2019-10-18 14:57:58,526 [ddd4789c-894d-475a-bbfb-f6e7aa670c92@group-8D4776D8DF84-LeaderElection4] INFO  impl.RoleInfo (RoleInfo.java:shutdownLeaderElection(134)) - ddd4789c-894d-475a-bbfb-f6e7aa670c92: shutdown LeaderElection
2019-10-18 14:57:58,526 [327657b1-60f8-49f2-b2a3-f63e1f934942@group-58A987F56150-LeaderElection6] INFO  impl.LeaderElection (LeaderElection.java:askForVotes(178)) - 327657b1-60f8-49f2-b2a3-f63e1f934942@group-58A987F56150-LeaderElection6: begin an election at term 1 for -1: [6605b8a5-570b-4977-9ee7-6aaf3012bed5:192.168.164.233:35223, 327657b1-60f8-49f2-b2a3-f63e1f934942:192.168.164.233:41966, ddd4789c-894d-475a-bbfb-f6e7aa670c92:192.168.164.233:41061], old=null
2019-10-18 14:57:58,526 [ddd4789c-894d-475a-bbfb-f6e7aa670c92@group-8D4776D8DF84-LeaderElection4] INFO  impl.RaftServerImpl (RaftServerImpl.java:setRole(184)) - ddd4789c-894d-475a-bbfb-f6e7aa670c92@group-8D4776D8DF84: changes role from CANDIDATE to LEADER at term 1 for changeToLeader
2019-10-18 14:57:58,526 [ddd4789c-894d-475a-bbfb-f6e7aa670c92@group-8D4776D8DF84-LeaderElection4] INFO  impl.RaftServerImpl (ServerState.java:setLeader(256)) - ddd4789c-894d-475a-bbfb-f6e7aa670c92@group-8D4776D8DF84: change Leader from null to ddd4789c-894d-475a-bbfb-f6e7aa670c92 at term 1 for becomeLeader, leader elected after 231ms
2019-10-18 14:57:58,527 [ddd4789c-894d-475a-bbfb-f6e7aa670c92@group-8D4776D8DF84-LeaderElection4] INFO  server.RaftServerConfigKeys (ConfUtils.java:logGet(43)) - raft.server.staging.catchup.gap = 1000 (default)
2019-10-18 14:57:58,527 [ddd4789c-894d-475a-bbfb-f6e7aa670c92@group-8D4776D8DF84-LeaderElection4] INFO  server.RaftServerConfigKeys (ConfUtils.java:logGet(43)) - raft.server.rpc.sleep.time = 25ms (default)
2019-10-18 14:57:58,527 [ddd4789c-894d-475a-bbfb-f6e7aa670c92@group-8D4776D8DF84-LeaderElection4] INFO  server.RaftServerConfigKeys (ConfUtils.java:logGet(43)) - raft.server.write.element-limit = 4096 (default)
2019-10-18 14:57:58,527 [ddd4789c-894d-475a-bbfb-f6e7aa670c92@group-8D4776D8DF84-LeaderElection4] INFO  server.RaftServerConfigKeys (ConfUtils.java:logGet(43)) - raft.server.watch.timeout = 10s (default)
2019-10-18 14:57:58,528 [ddd4789c-894d-475a-bbfb-f6e7aa670c92@group-8D4776D8DF84-LeaderElection4] INFO  server.RaftServerConfigKeys (ConfUtils.java:logGet(43)) - raft.server.watch.timeout.denomination = 1s (default)
2019-10-18 14:57:58,528 [ddd4789c-894d-475a-bbfb-f6e7aa670c92@group-8D4776D8DF84-LeaderElection4] INFO  server.RaftServerConfigKeys (ConfUtils.java:logGet(43)) - raft.server.watch.element-limit = 65536 (default)
2019-10-18 14:57:58,532 [ddd4789c-894d-475a-bbfb-f6e7aa670c92@group-8D4776D8DF84-LeaderElection4] INFO  impl.RoleInfo (RoleInfo.java:updateAndGet(143)) - ddd4789c-894d-475a-bbfb-f6e7aa670c92: start LeaderState
2019-10-18 14:57:58,532 [ddd4789c-894d-475a-bbfb-f6e7aa670c92@group-8D4776D8DF84-LeaderElection4] INFO  segmented.SegmentedRaftLogWorker (SegmentedRaftLogWorker.java:startLogSegment(385)) - ddd4789c-894d-475a-bbfb-f6e7aa670c92@group-8D4776D8DF84-SegmentedRaftLogWorker: Starting segment from index:0
2019-10-18 14:57:58,533 [ddd4789c-894d-475a-bbfb-f6e7aa670c92@group-8D4776D8DF84-LeaderElection4] INFO  impl.RaftServerImpl (ServerState.java:setRaftConf(357)) - ddd4789c-894d-475a-bbfb-f6e7aa670c92@group-8D4776D8DF84: set configuration 0: [ddd4789c-894d-475a-bbfb-f6e7aa670c92:192.168.164.233:41061], old=null at 0
2019-10-18 14:57:58,571 [Thread-213] INFO  impl.FollowerState (FollowerState.java:run(108)) - ee96556e-6864-4d02-83e8-2d758cb0511b@group-6FF5826DC55A-FollowerState: change to CANDIDATE, lastRpcTime:209ms, electionTimeout:186ms
2019-10-18 14:57:58,571 [Thread-213] INFO  impl.RoleInfo (RoleInfo.java:shutdownFollowerState(121)) - ee96556e-6864-4d02-83e8-2d758cb0511b: shutdown FollowerState
2019-10-18 14:57:58,571 [Thread-213] INFO  impl.RaftServerImpl (RaftServerImpl.java:setRole(184)) - ee96556e-6864-4d02-83e8-2d758cb0511b@group-6FF5826DC55A: changes role from  FOLLOWER to CANDIDATE at term 0 for changeToCandidate
2019-10-18 14:57:58,572 [Thread-213] INFO  impl.RoleInfo (RoleInfo.java:updateAndGet(143)) - ee96556e-6864-4d02-83e8-2d758cb0511b: start LeaderElection
2019-10-18 14:57:58,588 [ddd4789c-894d-475a-bbfb-f6e7aa670c92@group-8D4776D8DF84-SegmentedRaftLogWorker] INFO  segmented.SegmentedRaftLogWorker (SegmentedRaftLogWorker.java:execute(576)) - ddd4789c-894d-475a-bbfb-f6e7aa670c92@group-8D4776D8DF84-SegmentedRaftLogWorker: created new log segment /workdir/hadoop-ozone/integration-test/target/test-dir/MiniOzoneClusterImpl-493b9529-4424-4e81-8ad3-dd8bf339c445/datanode-2/data/ratis/208bc43e-6a07-4896-89a3-8d4776d8df84/current/log_inprogress_0
2019-10-18 14:57:58,588 [ee96556e-6864-4d02-83e8-2d758cb0511b@group-6FF5826DC55A-LeaderElection7] INFO  impl.LeaderElection (LeaderElection.java:askForVotes(178)) - ee96556e-6864-4d02-83e8-2d758cb0511b@group-6FF5826DC55A-LeaderElection7: begin an election at term 1 for -1: [ee96556e-6864-4d02-83e8-2d758cb0511b:192.168.164.233:45947], old=null
2019-10-18 14:57:58,589 [ee96556e-6864-4d02-83e8-2d758cb0511b@group-6FF5826DC55A-LeaderElection7] INFO  impl.RoleInfo (RoleInfo.java:shutdownLeaderElection(134)) - ee96556e-6864-4d02-83e8-2d758cb0511b: shutdown LeaderElection
2019-10-18 14:57:58,590 [ee96556e-6864-4d02-83e8-2d758cb0511b@group-6FF5826DC55A-LeaderElection7] INFO  impl.RaftServerImpl (RaftServerImpl.java:setRole(184)) - ee96556e-6864-4d02-83e8-2d758cb0511b@group-6FF5826DC55A: changes role from CANDIDATE to LEADER at term 1 for changeToLeader
2019-10-18 14:57:58,590 [ee96556e-6864-4d02-83e8-2d758cb0511b@group-6FF5826DC55A-LeaderElection7] INFO  impl.RaftServerImpl (ServerState.java:setLeader(256)) - ee96556e-6864-4d02-83e8-2d758cb0511b@group-6FF5826DC55A: change Leader from null to ee96556e-6864-4d02-83e8-2d758cb0511b at term 1 for becomeLeader, leader elected after 241ms
2019-10-18 14:57:58,591 [ee96556e-6864-4d02-83e8-2d758cb0511b@group-6FF5826DC55A-LeaderElection7] INFO  server.RaftServerConfigKeys (ConfUtils.java:logGet(43)) - raft.server.staging.catchup.gap = 1000 (default)
2019-10-18 14:57:58,591 [ee96556e-6864-4d02-83e8-2d758cb0511b@group-6FF5826DC55A-LeaderElection7] INFO  server.RaftServerConfigKeys (ConfUtils.java:logGet(43)) - raft.server.rpc.sleep.time = 25ms (default)
2019-10-18 14:57:58,593 [ee96556e-6864-4d02-83e8-2d758cb0511b@group-6FF5826DC55A-LeaderElection7] INFO  server.RaftServerConfigKeys (ConfUtils.java:logGet(43)) - raft.server.write.element-limit = 4096 (default)
2019-10-18 14:57:58,597 [ee96556e-6864-4d02-83e8-2d758cb0511b@group-6FF5826DC55A-LeaderElection7] INFO  server.RaftServerConfigKeys (ConfUtils.java:logGet(43)) - raft.server.watch.timeout = 10s (default)
2019-10-18 14:57:58,597 [ee96556e-6864-4d02-83e8-2d758cb0511b@group-6FF5826DC55A-LeaderElection7] INFO  server.RaftServerConfigKeys (ConfUtils.java:logGet(43)) - raft.server.watch.timeout.denomination = 1s (default)
2019-10-18 14:57:58,597 [ee96556e-6864-4d02-83e8-2d758cb0511b@group-6FF5826DC55A-LeaderElection7] INFO  server.RaftServerConfigKeys (ConfUtils.java:logGet(43)) - raft.server.watch.element-limit = 65536 (default)
2019-10-18 14:57:58,599 [6605b8a5-570b-4977-9ee7-6aaf3012bed5@group-58A987F56150-LeaderElection5] INFO  impl.LeaderElection (LeaderElection.java:logAndReturn(56)) - 6605b8a5-570b-4977-9ee7-6aaf3012bed5@group-58A987F56150-LeaderElection5: Election TIMEOUT; received 0 response(s) [] and 0 exception(s); 6605b8a5-570b-4977-9ee7-6aaf3012bed5@group-58A987F56150:t1, leader=null, voted=6605b8a5-570b-4977-9ee7-6aaf3012bed5, raftlog=6605b8a5-570b-4977-9ee7-6aaf3012bed5@group-58A987F56150-SegmentedRaftLog:OPENED:c-1,f-1,i0, conf=-1: [6605b8a5-570b-4977-9ee7-6aaf3012bed5:192.168.164.233:35223, 327657b1-60f8-49f2-b2a3-f63e1f934942:192.168.164.233:41966, ddd4789c-894d-475a-bbfb-f6e7aa670c92:192.168.164.233:41061], old=null
2019-10-18 14:57:58,599 [327657b1-60f8-49f2-b2a3-f63e1f934942@group-58A987F56150-LeaderElection6] INFO  impl.LeaderElection (LeaderElection.java:logAndReturn(56)) - 327657b1-60f8-49f2-b2a3-f63e1f934942@group-58A987F56150-LeaderElection6: Election TIMEOUT; received 0 response(s) [] and 0 exception(s); 327657b1-60f8-49f2-b2a3-f63e1f934942@group-58A987F56150:t1, leader=null, voted=327657b1-60f8-49f2-b2a3-f63e1f934942, raftlog=327657b1-60f8-49f2-b2a3-f63e1f934942@group-58A987F56150-SegmentedRaftLog:OPENED:c-1,f-1,i0, conf=-1: [6605b8a5-570b-4977-9ee7-6aaf3012bed5:192.168.164.233:35223, 327657b1-60f8-49f2-b2a3-f63e1f934942:192.168.164.233:41966, ddd4789c-894d-475a-bbfb-f6e7aa670c92:192.168.164.233:41061], old=null
2019-10-18 14:57:58,601 [Thread-224] INFO  impl.FollowerState (FollowerState.java:run(108)) - ddd4789c-894d-475a-bbfb-f6e7aa670c92@group-58A987F56150-FollowerState: change to CANDIDATE, lastRpcTime:120ms, electionTimeout:120ms
2019-10-18 14:57:58,601 [Thread-224] INFO  impl.RoleInfo (RoleInfo.java:shutdownFollowerState(121)) - ddd4789c-894d-475a-bbfb-f6e7aa670c92: shutdown FollowerState
2019-10-18 14:57:58,601 [Thread-224] INFO  impl.RaftServerImpl (RaftServerImpl.java:setRole(184)) - ddd4789c-894d-475a-bbfb-f6e7aa670c92@group-58A987F56150: changes role from  FOLLOWER to CANDIDATE at term 0 for changeToCandidate
2019-10-18 14:57:58,601 [ee96556e-6864-4d02-83e8-2d758cb0511b@group-6FF5826DC55A-LeaderElection7] INFO  impl.RoleInfo (RoleInfo.java:updateAndGet(143)) - ee96556e-6864-4d02-83e8-2d758cb0511b: start LeaderState
2019-10-18 14:57:58,602 [Thread-224] INFO  impl.RoleInfo (RoleInfo.java:updateAndGet(143)) - ddd4789c-894d-475a-bbfb-f6e7aa670c92: start LeaderElection
2019-10-18 14:57:58,602 [ee96556e-6864-4d02-83e8-2d758cb0511b@group-6FF5826DC55A-LeaderElection7] INFO  segmented.SegmentedRaftLogWorker (SegmentedRaftLogWorker.java:startLogSegment(385)) - ee96556e-6864-4d02-83e8-2d758cb0511b@group-6FF5826DC55A-SegmentedRaftLogWorker: Starting segment from index:0
2019-10-18 14:57:58,631 [ee96556e-6864-4d02-83e8-2d758cb0511b@group-6FF5826DC55A-LeaderElection7] INFO  impl.RaftServerImpl (ServerState.java:setRaftConf(357)) - ee96556e-6864-4d02-83e8-2d758cb0511b@group-6FF5826DC55A: set configuration 0: [ee96556e-6864-4d02-83e8-2d758cb0511b:192.168.164.233:45947], old=null at 0
2019-10-18 14:57:58,632 [6605b8a5-570b-4977-9ee7-6aaf3012bed5@group-58A987F56150-LeaderElection5] INFO  impl.LeaderElection (LeaderElection.java:askForVotes(178)) - 6605b8a5-570b-4977-9ee7-6aaf3012bed5@group-58A987F56150-LeaderElection5: begin an election at term 2 for -1: [6605b8a5-570b-4977-9ee7-6aaf3012bed5:192.168.164.233:35223, 327657b1-60f8-49f2-b2a3-f63e1f934942:192.168.164.233:41966, ddd4789c-894d-475a-bbfb-f6e7aa670c92:192.168.164.233:41061], old=null
2019-10-18 14:57:58,632 [327657b1-60f8-49f2-b2a3-f63e1f934942@group-58A987F56150-LeaderElection6] INFO  impl.LeaderElection (LeaderElection.java:askForVotes(178)) - 327657b1-60f8-49f2-b2a3-f63e1f934942@group-58A987F56150-LeaderElection6: begin an election at term 2 for -1: [6605b8a5-570b-4977-9ee7-6aaf3012bed5:192.168.164.233:35223, 327657b1-60f8-49f2-b2a3-f63e1f934942:192.168.164.233:41966, ddd4789c-894d-475a-bbfb-f6e7aa670c92:192.168.164.233:41061], old=null
2019-10-18 14:57:58,645 [ee96556e-6864-4d02-83e8-2d758cb0511b@group-6FF5826DC55A-SegmentedRaftLogWorker] INFO  segmented.SegmentedRaftLogWorker (SegmentedRaftLogWorker.java:execute(576)) - ee96556e-6864-4d02-83e8-2d758cb0511b@group-6FF5826DC55A-SegmentedRaftLogWorker: created new log segment /workdir/hadoop-ozone/integration-test/target/test-dir/MiniOzoneClusterImpl-493b9529-4424-4e81-8ad3-dd8bf339c445/datanode-3/data/ratis/199f56af-b1fe-4bed-bd16-6ff5826dc55a/current/log_inprogress_0
2019-10-18 14:57:58,645 [ddd4789c-894d-475a-bbfb-f6e7aa670c92@group-58A987F56150-LeaderElection8] INFO  impl.LeaderElection (LeaderElection.java:askForVotes(178)) - ddd4789c-894d-475a-bbfb-f6e7aa670c92@group-58A987F56150-LeaderElection8: begin an election at term 1 for -1: [6605b8a5-570b-4977-9ee7-6aaf3012bed5:192.168.164.233:35223, 327657b1-60f8-49f2-b2a3-f63e1f934942:192.168.164.233:41966, ddd4789c-894d-475a-bbfb-f6e7aa670c92:192.168.164.233:41061], old=null
2019-10-18 14:57:58,646 [grpc-default-executor-3] INFO  impl.RaftServerImpl (RaftServerImpl.java:setRole(184)) - ddd4789c-894d-475a-bbfb-f6e7aa670c92@group-58A987F56150: changes role from CANDIDATE to FOLLOWER at term 2 for recognizeCandidate:327657b1-60f8-49f2-b2a3-f63e1f934942
2019-10-18 14:57:58,647 [grpc-default-executor-3] INFO  impl.RoleInfo (RoleInfo.java:shutdownLeaderElection(134)) - ddd4789c-894d-475a-bbfb-f6e7aa670c92: shutdown LeaderElection
2019-10-18 14:57:58,648 [grpc-default-executor-3] INFO  impl.RoleInfo (RoleInfo.java:updateAndGet(143)) - ddd4789c-894d-475a-bbfb-f6e7aa670c92: start FollowerState
2019-10-18 14:57:58,660 [grpc-default-executor-4] INFO  impl.RaftServerImpl (RaftServerImpl.java:setRole(184)) - ddd4789c-894d-475a-bbfb-f6e7aa670c92@group-58A987F56150: changes role from  FOLLOWER to FOLLOWER at term 2 for recognizeCandidate:6605b8a5-570b-4977-9ee7-6aaf3012bed5
2019-10-18 14:57:58,661 [grpc-default-executor-4] INFO  impl.RoleInfo (RoleInfo.java:shutdownFollowerState(121)) - ddd4789c-894d-475a-bbfb-f6e7aa670c92: shutdown FollowerState
2019-10-18 14:57:58,661 [Thread-241] INFO  impl.FollowerState (FollowerState.java:run(117)) - ddd4789c-894d-475a-bbfb-f6e7aa670c92@group-58A987F56150-FollowerState was interrupted: java.lang.InterruptedException: sleep interrupted
2019-10-18 14:57:58,661 [grpc-default-executor-4] INFO  impl.RoleInfo (RoleInfo.java:updateAndGet(143)) - ddd4789c-894d-475a-bbfb-f6e7aa670c92: start FollowerState
2019-10-18 14:57:58,668 [327657b1-60f8-49f2-b2a3-f63e1f934942@group-58A987F56150-LeaderElection6] INFO  impl.LeaderElection (LeaderElection.java:logAndReturn(56)) - 327657b1-60f8-49f2-b2a3-f63e1f934942@group-58A987F56150-LeaderElection6: Election REJECTED; received 2 response(s) [327657b1-60f8-49f2-b2a3-f63e1f934942<-6605b8a5-570b-4977-9ee7-6aaf3012bed5#0:FAIL-t2, 327657b1-60f8-49f2-b2a3-f63e1f934942<-ddd4789c-894d-475a-bbfb-f6e7aa670c92#0:FAIL-t2] and 0 exception(s); 327657b1-60f8-49f2-b2a3-f63e1f934942@group-58A987F56150:t2, leader=null, voted=327657b1-60f8-49f2-b2a3-f63e1f934942, raftlog=327657b1-60f8-49f2-b2a3-f63e1f934942@group-58A987F56150-SegmentedRaftLog:OPENED:c-1,f-1,i0, conf=-1: [6605b8a5-570b-4977-9ee7-6aaf3012bed5:192.168.164.233:35223, 327657b1-60f8-49f2-b2a3-f63e1f934942:192.168.164.233:41966, ddd4789c-894d-475a-bbfb-f6e7aa670c92:192.168.164.233:41061], old=null
2019-10-18 14:57:58,670 [327657b1-60f8-49f2-b2a3-f63e1f934942@group-58A987F56150-LeaderElection6] INFO  impl.RaftServerImpl (RaftServerImpl.java:setRole(184)) - 327657b1-60f8-49f2-b2a3-f63e1f934942@group-58A987F56150: changes role from CANDIDATE to FOLLOWER at term 2 for DISCOVERED_A_NEW_TERM
2019-10-18 14:57:58,671 [327657b1-60f8-49f2-b2a3-f63e1f934942@group-58A987F56150-LeaderElection6] INFO  impl.RoleInfo (RoleInfo.java:shutdownLeaderElection(134)) - 327657b1-60f8-49f2-b2a3-f63e1f934942: shutdown LeaderElection
2019-10-18 14:57:58,671 [327657b1-60f8-49f2-b2a3-f63e1f934942@group-58A987F56150-LeaderElection6] INFO  impl.RoleInfo (RoleInfo.java:updateAndGet(143)) - 327657b1-60f8-49f2-b2a3-f63e1f934942: start FollowerState
2019-10-18 14:57:58,698 [Thread-242] INFO  impl.FollowerState (FollowerState.java:run(108)) - ddd4789c-894d-475a-bbfb-f6e7aa670c92@group-58A987F56150-FollowerState: change to CANDIDATE, lastRpcTime:37ms, electionTimeout:36ms
2019-10-18 14:57:58,699 [Thread-242] INFO  impl.RoleInfo (RoleInfo.java:shutdownFollowerState(121)) - ddd4789c-894d-475a-bbfb-f6e7aa670c92: shutdown FollowerState
2019-10-18 14:57:58,699 [Thread-242] INFO  impl.RaftServerImpl (RaftServerImpl.java:setRole(184)) - ddd4789c-894d-475a-bbfb-f6e7aa670c92@group-58A987F56150: changes role from  FOLLOWER to CANDIDATE at term 2 for changeToCandidate
2019-10-18 14:57:58,700 [Thread-242] INFO  impl.RoleInfo (RoleInfo.java:updateAndGet(143)) - ddd4789c-894d-475a-bbfb-f6e7aa670c92: start LeaderElection
2019-10-18 14:57:58,702 [ddd4789c-894d-475a-bbfb-f6e7aa670c92@group-58A987F56150-LeaderElection8] INFO  impl.LeaderElection (LeaderElection.java:logAndReturn(56)) - ddd4789c-894d-475a-bbfb-f6e7aa670c92@group-58A987F56150-LeaderElection8: Election REJECTED; received 0 response(s) [] and 0 exception(s); ddd4789c-894d-475a-bbfb-f6e7aa670c92@group-58A987F56150:t3, leader=null, voted=ddd4789c-894d-475a-bbfb-f6e7aa670c92, raftlog=ddd4789c-894d-475a-bbfb-f6e7aa670c92@group-58A987F56150-SegmentedRaftLog:OPENED:c-1,f-1,i0, conf=-1: [6605b8a5-570b-4977-9ee7-6aaf3012bed5:192.168.164.233:35223, 327657b1-60f8-49f2-b2a3-f63e1f934942:192.168.164.233:41966, ddd4789c-894d-475a-bbfb-f6e7aa670c92:192.168.164.233:41061], old=null
2019-10-18 14:57:58,709 [6605b8a5-570b-4977-9ee7-6aaf3012bed5@group-58A987F56150-LeaderElection5] INFO  impl.LeaderElection (LeaderElection.java:logAndReturn(56)) - 6605b8a5-570b-4977-9ee7-6aaf3012bed5@group-58A987F56150-LeaderElection5: Election PASSED; received 2 response(s) [6605b8a5-570b-4977-9ee7-6aaf3012bed5<-327657b1-60f8-49f2-b2a3-f63e1f934942#0:FAIL-t2, 6605b8a5-570b-4977-9ee7-6aaf3012bed5<-ddd4789c-894d-475a-bbfb-f6e7aa670c92#0:OK-t2] and 0 exception(s); 6605b8a5-570b-4977-9ee7-6aaf3012bed5@group-58A987F56150:t2, leader=null, voted=6605b8a5-570b-4977-9ee7-6aaf3012bed5, raftlog=6605b8a5-570b-4977-9ee7-6aaf3012bed5@group-58A987F56150-SegmentedRaftLog:OPENED:c-1,f-1,i0, conf=-1: [6605b8a5-570b-4977-9ee7-6aaf3012bed5:192.168.164.233:35223, 327657b1-60f8-49f2-b2a3-f63e1f934942:192.168.164.233:41966, ddd4789c-894d-475a-bbfb-f6e7aa670c92:192.168.164.233:41061], old=null
2019-10-18 14:57:58,710 [6605b8a5-570b-4977-9ee7-6aaf3012bed5@group-58A987F56150-LeaderElection5] INFO  impl.RoleInfo (RoleInfo.java:shutdownLeaderElection(134)) - 6605b8a5-570b-4977-9ee7-6aaf3012bed5: shutdown LeaderElection
2019-10-18 14:57:58,712 [6605b8a5-570b-4977-9ee7-6aaf3012bed5@group-58A987F56150-LeaderElection5] INFO  impl.RaftServerImpl (RaftServerImpl.java:setRole(184)) - 6605b8a5-570b-4977-9ee7-6aaf3012bed5@group-58A987F56150: changes role from CANDIDATE to LEADER at term 2 for changeToLeader
2019-10-18 14:57:58,712 [6605b8a5-570b-4977-9ee7-6aaf3012bed5@group-58A987F56150-LeaderElection5] INFO  impl.RaftServerImpl (ServerState.java:setLeader(256)) - 6605b8a5-570b-4977-9ee7-6aaf3012bed5@group-58A987F56150: change Leader from null to 6605b8a5-570b-4977-9ee7-6aaf3012bed5 at term 2 for becomeLeader, leader elected after 261ms
2019-10-18 14:57:58,712 [6605b8a5-570b-4977-9ee7-6aaf3012bed5@group-58A987F56150-LeaderElection5] INFO  server.RaftServerConfigKeys (ConfUtils.java:logGet(43)) - raft.server.staging.catchup.gap = 1000 (default)
2019-10-18 14:57:58,713 [6605b8a5-570b-4977-9ee7-6aaf3012bed5@group-58A987F56150-LeaderElection5] INFO  server.RaftServerConfigKeys (ConfUtils.java:logGet(43)) - raft.server.rpc.sleep.time = 25ms (default)
2019-10-18 14:57:58,714 [6605b8a5-570b-4977-9ee7-6aaf3012bed5@group-58A987F56150-LeaderElection5] INFO  server.RaftServerConfigKeys (ConfUtils.java:logGet(43)) - raft.server.write.element-limit = 4096 (default)
2019-10-18 14:57:58,714 [6605b8a5-570b-4977-9ee7-6aaf3012bed5@group-58A987F56150-LeaderElection5] INFO  server.RaftServerConfigKeys (ConfUtils.java:logGet(43)) - raft.server.watch.timeout = 10s (default)
2019-10-18 14:57:58,715 [6605b8a5-570b-4977-9ee7-6aaf3012bed5@group-58A987F56150-LeaderElection5] INFO  server.RaftServerConfigKeys (ConfUtils.java:logGet(43)) - raft.server.watch.timeout.denomination = 1s (default)
2019-10-18 14:57:58,715 [6605b8a5-570b-4977-9ee7-6aaf3012bed5@group-58A987F56150-LeaderElection5] INFO  server.RaftServerConfigKeys (ConfUtils.java:logGet(43)) - raft.server.watch.element-limit = 65536 (default)
2019-10-18 14:57:58,719 [ddd4789c-894d-475a-bbfb-f6e7aa670c92@group-58A987F56150-LeaderElection9] INFO  impl.LeaderElection (LeaderElection.java:askForVotes(178)) - ddd4789c-894d-475a-bbfb-f6e7aa670c92@group-58A987F56150-LeaderElection9: begin an election at term 3 for -1: [6605b8a5-570b-4977-9ee7-6aaf3012bed5:192.168.164.233:35223, 327657b1-60f8-49f2-b2a3-f63e1f934942:192.168.164.233:41966, ddd4789c-894d-475a-bbfb-f6e7aa670c92:192.168.164.233:41061], old=null
2019-10-18 14:57:58,728 [6605b8a5-570b-4977-9ee7-6aaf3012bed5@group-58A987F56150-LeaderElection5] INFO  server.RaftServerConfigKeys (ConfUtils.java:logGet(43)) - raft.server.log.appender.snapshot.chunk.size.max = 16MB (=16777216) (default)
2019-10-18 14:57:58,731 [6605b8a5-570b-4977-9ee7-6aaf3012bed5@group-58A987F56150-LeaderElection5] INFO  server.RaftServerConfigKeys (ConfUtils.java:logGet(43)) - raft.server.log.appender.buffer.byte-limit = 33554432 (custom)
2019-10-18 14:57:58,731 [grpc-default-executor-1] INFO  impl.RaftServerImpl (RaftServerImpl.java:setRole(184)) - 327657b1-60f8-49f2-b2a3-f63e1f934942@group-58A987F56150: changes role from  FOLLOWER to FOLLOWER at term 3 for recognizeCandidate:ddd4789c-894d-475a-bbfb-f6e7aa670c92
2019-10-18 14:57:58,731 [grpc-default-executor-1] INFO  impl.RoleInfo (RoleInfo.java:shutdownFollowerState(121)) - 327657b1-60f8-49f2-b2a3-f63e1f934942: shutdown FollowerState
2019-10-18 14:57:58,731 [6605b8a5-570b-4977-9ee7-6aaf3012bed5@group-58A987F56150-LeaderElection5] INFO  server.RaftServerConfigKeys (ConfUtils.java:logGet(43)) - raft.server.log.appender.buffer.element-limit = 1 (custom)
2019-10-18 14:57:58,732 [Thread-243] INFO  impl.FollowerState (FollowerState.java:run(117)) - 327657b1-60f8-49f2-b2a3-f63e1f934942@group-58A987F56150-FollowerState was interrupted: java.lang.InterruptedException: sleep interrupted
2019-10-18 14:57:58,732 [grpc-default-executor-1] INFO  impl.RoleInfo (RoleInfo.java:updateAndGet(143)) - 327657b1-60f8-49f2-b2a3-f63e1f934942: start FollowerState
2019-10-18 14:57:58,737 [6605b8a5-570b-4977-9ee7-6aaf3012bed5@group-58A987F56150-LeaderElection5] INFO  grpc.GrpcConfigKeys$Server (ConfUtils.java:logGet(43)) - raft.grpc.server.leader.outstanding.appends.max = 128 (default)
2019-10-18 14:57:58,737 [6605b8a5-570b-4977-9ee7-6aaf3012bed5@group-58A987F56150-LeaderElection5] INFO  server.RaftServerConfigKeys (ConfUtils.java:logGet(43)) - raft.server.rpc.request.timeout = 3000ms (default)
2019-10-18 14:57:58,737 [6605b8a5-570b-4977-9ee7-6aaf3012bed5@group-58A987F56150-LeaderElection5] INFO  server.RaftServerConfigKeys (ConfUtils.java:logGet(43)) - raft.server.log.appender.install.snapshot.enabled = false (custom)
2019-10-18 14:57:58,744 [6605b8a5-570b-4977-9ee7-6aaf3012bed5@group-58A987F56150-LeaderElection5] INFO  server.RaftServerConfigKeys (ConfUtils.java:logGet(43)) - raft.server.log.appender.snapshot.chunk.size.max = 16MB (=16777216) (default)
2019-10-18 14:57:58,744 [6605b8a5-570b-4977-9ee7-6aaf3012bed5@group-58A987F56150-LeaderElection5] INFO  server.RaftServerConfigKeys (ConfUtils.java:logGet(43)) - raft.server.log.appender.buffer.byte-limit = 33554432 (custom)
2019-10-18 14:57:58,744 [6605b8a5-570b-4977-9ee7-6aaf3012bed5@group-58A987F56150-LeaderElection5] INFO  server.RaftServerConfigKeys (ConfUtils.java:logGet(43)) - raft.server.log.appender.buffer.element-limit = 1 (custom)
2019-10-18 14:57:58,745 [6605b8a5-570b-4977-9ee7-6aaf3012bed5@group-58A987F56150-LeaderElection5] INFO  grpc.GrpcConfigKeys$Server (ConfUtils.java:logGet(43)) - raft.grpc.server.leader.outstanding.appends.max = 128 (default)
2019-10-18 14:57:58,745 [6605b8a5-570b-4977-9ee7-6aaf3012bed5@group-58A987F56150-LeaderElection5] INFO  server.RaftServerConfigKeys (ConfUtils.java:logGet(43)) - raft.server.rpc.request.timeout = 3000ms (default)
2019-10-18 14:57:58,745 [6605b8a5-570b-4977-9ee7-6aaf3012bed5@group-58A987F56150-LeaderElection5] INFO  server.RaftServerConfigKeys (ConfUtils.java:logGet(43)) - raft.server.log.appender.install.snapshot.enabled = false (custom)
2019-10-18 14:57:58,754 [ddd4789c-894d-475a-bbfb-f6e7aa670c92@group-58A987F56150-LeaderElection9] INFO  impl.LeaderElection (LeaderElection.java:logAndReturn(56)) - ddd4789c-894d-475a-bbfb-f6e7aa670c92@group-58A987F56150-LeaderElection9: Election PASSED; received 1 response(s) [ddd4789c-894d-475a-bbfb-f6e7aa670c92<-327657b1-60f8-49f2-b2a3-f63e1f934942#0:OK-t3] and 0 exception(s); ddd4789c-894d-475a-bbfb-f6e7aa670c92@group-58A987F56150:t3, leader=null, voted=ddd4789c-894d-475a-bbfb-f6e7aa670c92, raftlog=ddd4789c-894d-475a-bbfb-f6e7aa670c92@group-58A987F56150-SegmentedRaftLog:OPENED:c-1,f-1,i0, conf=-1: [6605b8a5-570b-4977-9ee7-6aaf3012bed5:192.168.164.233:35223, 327657b1-60f8-49f2-b2a3-f63e1f934942:192.168.164.233:41966, ddd4789c-894d-475a-bbfb-f6e7aa670c92:192.168.164.233:41061], old=null
2019-10-18 14:57:58,754 [ddd4789c-894d-475a-bbfb-f6e7aa670c92@group-58A987F56150-LeaderElection9] INFO  impl.RoleInfo (RoleInfo.java:shutdownLeaderElection(134)) - ddd4789c-894d-475a-bbfb-f6e7aa670c92: shutdown LeaderElection
2019-10-18 14:57:58,755 [ddd4789c-894d-475a-bbfb-f6e7aa670c92@group-58A987F56150-LeaderElection9] INFO  impl.RaftServerImpl (RaftServerImpl.java:setRole(184)) - ddd4789c-894d-475a-bbfb-f6e7aa670c92@group-58A987F56150: changes role from CANDIDATE to LEADER at term 3 for changeToLeader
2019-10-18 14:57:58,755 [ddd4789c-894d-475a-bbfb-f6e7aa670c92@group-58A987F56150-LeaderElection9] INFO  impl.RaftServerImpl (ServerState.java:setLeader(256)) - ddd4789c-894d-475a-bbfb-f6e7aa670c92@group-58A987F56150: change Leader from null to ddd4789c-894d-475a-bbfb-f6e7aa670c92 at term 3 for becomeLeader, leader elected after 280ms
2019-10-18 14:57:58,756 [ddd4789c-894d-475a-bbfb-f6e7aa670c92@group-58A987F56150-LeaderElection9] INFO  server.RaftServerConfigKeys (ConfUtils.java:logGet(43)) - raft.server.staging.catchup.gap = 1000 (default)
2019-10-18 14:57:58,756 [ddd4789c-894d-475a-bbfb-f6e7aa670c92@group-58A987F56150-LeaderElection9] INFO  server.RaftServerConfigKeys (ConfUtils.java:logGet(43)) - raft.server.rpc.sleep.time = 25ms (default)
2019-10-18 14:57:58,756 [ddd4789c-894d-475a-bbfb-f6e7aa670c92@group-58A987F56150-LeaderElection9] INFO  server.RaftServerConfigKeys (ConfUtils.java:logGet(43)) - raft.server.write.element-limit = 4096 (default)
2019-10-18 14:57:58,756 [ddd4789c-894d-475a-bbfb-f6e7aa670c92@group-58A987F56150-LeaderElection9] INFO  server.RaftServerConfigKeys (ConfUtils.java:logGet(43)) - raft.server.watch.timeout = 10s (default)
2019-10-18 14:57:58,756 [ddd4789c-894d-475a-bbfb-f6e7aa670c92@group-58A987F56150-LeaderElection9] INFO  server.RaftServerConfigKeys (ConfUtils.java:logGet(43)) - raft.server.watch.timeout.denomination = 1s (default)
2019-10-18 14:57:58,757 [ddd4789c-894d-475a-bbfb-f6e7aa670c92@group-58A987F56150-LeaderElection9] INFO  server.RaftServerConfigKeys (ConfUtils.java:logGet(43)) - raft.server.watch.element-limit = 65536 (default)
2019-10-18 14:57:58,759 [6605b8a5-570b-4977-9ee7-6aaf3012bed5@group-58A987F56150-LeaderElection5] INFO  impl.RoleInfo (RoleInfo.java:updateAndGet(143)) - 6605b8a5-570b-4977-9ee7-6aaf3012bed5: start LeaderState
2019-10-18 14:57:58,760 [6605b8a5-570b-4977-9ee7-6aaf3012bed5@group-58A987F56150-LeaderElection5] INFO  segmented.SegmentedRaftLogWorker (SegmentedRaftLogWorker.java:startLogSegment(385)) - 6605b8a5-570b-4977-9ee7-6aaf3012bed5@group-58A987F56150-SegmentedRaftLogWorker: Starting segment from index:0
2019-10-18 14:57:58,761 [6605b8a5-570b-4977-9ee7-6aaf3012bed5@group-58A987F56150-LeaderElection5] INFO  impl.RaftServerImpl (ServerState.java:setRaftConf(357)) - 6605b8a5-570b-4977-9ee7-6aaf3012bed5@group-58A987F56150: set configuration 0: [6605b8a5-570b-4977-9ee7-6aaf3012bed5:192.168.164.233:35223, 327657b1-60f8-49f2-b2a3-f63e1f934942:192.168.164.233:41966, ddd4789c-894d-475a-bbfb-f6e7aa670c92:192.168.164.233:41061], old=null at 0
2019-10-18 14:57:58,798 [grpc-default-executor-2] INFO  impl.RaftServerImpl (ServerState.java:setLeader(256)) - 6605b8a5-570b-4977-9ee7-6aaf3012bed5@group-58A987F56150: change Leader from 6605b8a5-570b-4977-9ee7-6aaf3012bed5 to null at term 3 for updateCurrentTerm
2019-10-18 14:57:58,799 [grpc-default-executor-2] INFO  impl.RaftServerImpl (RaftServerImpl.java:setRole(184)) - 6605b8a5-570b-4977-9ee7-6aaf3012bed5@group-58A987F56150: changes role from    LEADER to FOLLOWER at term 3 for recognizeCandidate:ddd4789c-894d-475a-bbfb-f6e7aa670c92
2019-10-18 14:57:58,799 [main] INFO  ozone.MiniOzoneClusterImpl (MiniOzoneClusterImpl.java:lambda$waitForClusterToBeReady$0(147)) - Cluster is ready. Got 4 of 4 DN Heartbeats.
2019-10-18 14:57:58,800 [ddd4789c-894d-475a-bbfb-f6e7aa670c92@group-58A987F56150-LeaderElection9] INFO  server.RaftServerConfigKeys (ConfUtils.java:logGet(43)) - raft.server.log.appender.snapshot.chunk.size.max = 16MB (=16777216) (default)
2019-10-18 14:57:58,799 [grpc-default-executor-2] INFO  impl.RoleInfo (RoleInfo.java:shutdownLeaderState(104)) - 6605b8a5-570b-4977-9ee7-6aaf3012bed5: shutdown LeaderState
2019-10-18 14:57:58,800 [ddd4789c-894d-475a-bbfb-f6e7aa670c92@group-58A987F56150-LeaderElection9] INFO  server.RaftServerConfigKeys (ConfUtils.java:logGet(43)) - raft.server.log.appender.buffer.byte-limit = 33554432 (custom)
2019-10-18 14:57:58,801 [ddd4789c-894d-475a-bbfb-f6e7aa670c92@group-58A987F56150-LeaderElection9] INFO  server.RaftServerConfigKeys (ConfUtils.java:logGet(43)) - raft.server.log.appender.buffer.element-limit = 1 (custom)
2019-10-18 14:57:58,802 [Thread-250] INFO  impl.FollowerState (FollowerState.java:run(108)) - 327657b1-60f8-49f2-b2a3-f63e1f934942@group-58A987F56150-FollowerState: change to CANDIDATE, lastRpcTime:70ms, electionTimeout:68ms
2019-10-18 14:57:58,805 [ddd4789c-894d-475a-bbfb-f6e7aa670c92@group-58A987F56150-LeaderElection9] INFO  grpc.GrpcConfigKeys$Server (ConfUtils.java:logGet(43)) - raft.grpc.server.leader.outstanding.appends.max = 128 (default)
2019-10-18 14:57:58,805 [Thread-250] INFO  impl.RoleInfo (RoleInfo.java:shutdownFollowerState(121)) - 327657b1-60f8-49f2-b2a3-f63e1f934942: shutdown FollowerState
2019-10-18 14:57:58,807 [ddd4789c-894d-475a-bbfb-f6e7aa670c92@group-58A987F56150-LeaderElection9] INFO  server.RaftServerConfigKeys (ConfUtils.java:logGet(43)) - raft.server.rpc.request.timeout = 3000ms (default)
2019-10-18 14:57:58,807 [Thread-250] INFO  impl.RaftServerImpl (RaftServerImpl.java:setRole(184)) - 327657b1-60f8-49f2-b2a3-f63e1f934942@group-58A987F56150: changes role from  FOLLOWER to CANDIDATE at term 3 for changeToCandidate
2019-10-18 14:57:58,807 [ddd4789c-894d-475a-bbfb-f6e7aa670c92@group-58A987F56150-LeaderElection9] INFO  server.RaftServerConfigKeys (ConfUtils.java:logGet(43)) - raft.server.log.appender.install.snapshot.enabled = false (custom)
2019-10-18 14:57:58,807 [Thread-250] INFO  impl.RoleInfo (RoleInfo.java:updateAndGet(143)) - 327657b1-60f8-49f2-b2a3-f63e1f934942: start LeaderElection
2019-10-18 14:57:58,808 [grpc-default-executor-2] INFO  impl.PendingRequests (PendingRequests.java:sendNotLeaderResponses(202)) - 6605b8a5-570b-4977-9ee7-6aaf3012bed5@group-58A987F56150-PendingRequests: sendNotLeaderResponses
2019-10-18 14:57:58,812 [grpc-default-executor-2] INFO  impl.RoleInfo (RoleInfo.java:updateAndGet(143)) - 6605b8a5-570b-4977-9ee7-6aaf3012bed5: start FollowerState
2019-10-18 14:57:58,813 [ddd4789c-894d-475a-bbfb-f6e7aa670c92@group-58A987F56150-LeaderElection9] INFO  server.RaftServerConfigKeys (ConfUtils.java:logGet(43)) - raft.server.log.appender.snapshot.chunk.size.max = 16MB (=16777216) (default)
2019-10-18 14:57:58,813 [ddd4789c-894d-475a-bbfb-f6e7aa670c92@group-58A987F56150-LeaderElection9] INFO  server.RaftServerConfigKeys (ConfUtils.java:logGet(43)) - raft.server.log.appender.buffer.byte-limit = 33554432 (custom)
2019-10-18 14:57:58,813 [ddd4789c-894d-475a-bbfb-f6e7aa670c92@group-58A987F56150-LeaderElection9] INFO  server.RaftServerConfigKeys (ConfUtils.java:logGet(43)) - raft.server.log.appender.buffer.element-limit = 1 (custom)
2019-10-18 14:57:58,813 [ddd4789c-894d-475a-bbfb-f6e7aa670c92@group-58A987F56150-LeaderElection9] INFO  grpc.GrpcConfigKeys$Server (ConfUtils.java:logGet(43)) - raft.grpc.server.leader.outstanding.appends.max = 128 (default)
2019-10-18 14:57:58,814 [ddd4789c-894d-475a-bbfb-f6e7aa670c92@group-58A987F56150-LeaderElection9] INFO  server.RaftServerConfigKeys (ConfUtils.java:logGet(43)) - raft.server.rpc.request.timeout = 3000ms (default)
2019-10-18 14:57:58,814 [ddd4789c-894d-475a-bbfb-f6e7aa670c92@group-58A987F56150-LeaderElection9] INFO  server.RaftServerConfigKeys (ConfUtils.java:logGet(43)) - raft.server.log.appender.install.snapshot.enabled = false (custom)
2019-10-18 14:57:58,814 [org.apache.ratis.server.impl.LogAppender$AppenderDaemon$$Lambda$408/447906582@f59e6e9] WARN  server.GrpcLogAppender (GrpcLogAppender.java:mayWait(149)) - 6605b8a5-570b-4977-9ee7-6aaf3012bed5@group-58A987F56150->ddd4789c-894d-475a-bbfb-f6e7aa670c92-GrpcLogAppender: Wait interrupted by java.lang.InterruptedException
2019-10-18 14:57:58,815 [org.apache.ratis.server.impl.LogAppender$AppenderDaemon$$Lambda$408/447906582@4405bc69] WARN  server.GrpcLogAppender (GrpcLogAppender.java:mayWait(149)) - 6605b8a5-570b-4977-9ee7-6aaf3012bed5@group-58A987F56150->327657b1-60f8-49f2-b2a3-f63e1f934942-GrpcLogAppender: Wait interrupted by java.lang.InterruptedException
2019-10-18 14:57:58,823 [ddd4789c-894d-475a-bbfb-f6e7aa670c92@group-58A987F56150-LeaderElection9] INFO  impl.RoleInfo (RoleInfo.java:updateAndGet(143)) - ddd4789c-894d-475a-bbfb-f6e7aa670c92: start LeaderState
2019-10-18 14:57:58,823 [ddd4789c-894d-475a-bbfb-f6e7aa670c92@group-58A987F56150-LeaderElection9] INFO  segmented.SegmentedRaftLogWorker (SegmentedRaftLogWorker.java:startLogSegment(385)) - ddd4789c-894d-475a-bbfb-f6e7aa670c92@group-58A987F56150-SegmentedRaftLogWorker: Starting segment from index:0
2019-10-18 14:57:58,824 [6605b8a5-570b-4977-9ee7-6aaf3012bed5@group-58A987F56150-SegmentedRaftLogWorker] INFO  segmented.SegmentedRaftLogWorker (SegmentedRaftLogWorker.java:execute(576)) - 6605b8a5-570b-4977-9ee7-6aaf3012bed5@group-58A987F56150-SegmentedRaftLogWorker: created new log segment /workdir/hadoop-ozone/integration-test/target/test-dir/MiniOzoneClusterImpl-493b9529-4424-4e81-8ad3-dd8bf339c445/datanode-1/data/ratis/003f12b3-3580-4b2f-a857-58a987f56150/current/log_inprogress_0
2019-10-18 14:57:58,824 [327657b1-60f8-49f2-b2a3-f63e1f934942@group-58A987F56150-LeaderElection10] INFO  impl.LeaderElection (LeaderElection.java:askForVotes(178)) - 327657b1-60f8-49f2-b2a3-f63e1f934942@group-58A987F56150-LeaderElection10: begin an election at term 4 for -1: [6605b8a5-570b-4977-9ee7-6aaf3012bed5:192.168.164.233:35223, 327657b1-60f8-49f2-b2a3-f63e1f934942:192.168.164.233:41966, ddd4789c-894d-475a-bbfb-f6e7aa670c92:192.168.164.233:41061], old=null
2019-10-18 14:57:58,825 [ddd4789c-894d-475a-bbfb-f6e7aa670c92@group-58A987F56150-LeaderElection9] INFO  impl.RaftServerImpl (ServerState.java:setRaftConf(357)) - ddd4789c-894d-475a-bbfb-f6e7aa670c92@group-58A987F56150: set configuration 0: [6605b8a5-570b-4977-9ee7-6aaf3012bed5:192.168.164.233:35223, 327657b1-60f8-49f2-b2a3-f63e1f934942:192.168.164.233:41966, ddd4789c-894d-475a-bbfb-f6e7aa670c92:192.168.164.233:41061], old=null at 0
2019-10-18 14:57:58,827 [grpc-default-executor-1] INFO  server.GrpcServerProtocolService (GrpcServerProtocolService.java:onCompleted(113)) - 327657b1-60f8-49f2-b2a3-f63e1f934942: Completed APPEND_ENTRIES, lastRequest: null
2019-10-18 14:57:58,827 [grpc-default-executor-3] INFO  server.GrpcServerProtocolService (GrpcServerProtocolService.java:onCompleted(113)) - ddd4789c-894d-475a-bbfb-f6e7aa670c92: Completed APPEND_ENTRIES, lastRequest: null
2019-10-18 14:57:58,867 [327657b1-60f8-49f2-b2a3-f63e1f934942@group-58A987F56150-LeaderElection10] INFO  impl.LeaderElection (LeaderElection.java:logAndReturn(56)) - 327657b1-60f8-49f2-b2a3-f63e1f934942@group-58A987F56150-LeaderElection10: Election TIMEOUT; received 0 response(s) [] and 0 exception(s); 327657b1-60f8-49f2-b2a3-f63e1f934942@group-58A987F56150:t4, leader=null, voted=327657b1-60f8-49f2-b2a3-f63e1f934942, raftlog=327657b1-60f8-49f2-b2a3-f63e1f934942@group-58A987F56150-SegmentedRaftLog:OPENED:c-1,f-1,i0, conf=-1: [6605b8a5-570b-4977-9ee7-6aaf3012bed5:192.168.164.233:35223, 327657b1-60f8-49f2-b2a3-f63e1f934942:192.168.164.233:41966, ddd4789c-894d-475a-bbfb-f6e7aa670c92:192.168.164.233:41061], old=null
2019-10-18 14:57:58,873 [grpc-default-executor-3] INFO  impl.RaftServerImpl (RaftServerImpl.java:setRole(184)) - 6605b8a5-570b-4977-9ee7-6aaf3012bed5@group-58A987F56150: changes role from  FOLLOWER to FOLLOWER at term 4 for recognizeCandidate:327657b1-60f8-49f2-b2a3-f63e1f934942
2019-10-18 14:57:58,873 [grpc-default-executor-3] INFO  impl.RoleInfo (RoleInfo.java:shutdownFollowerState(121)) - 6605b8a5-570b-4977-9ee7-6aaf3012bed5: shutdown FollowerState
2019-10-18 14:57:58,873 [grpc-default-executor-4] INFO  server.GrpcLogAppender (GrpcLogAppender.java:onCompleted(308)) - 6605b8a5-570b-4977-9ee7-6aaf3012bed5@group-58A987F56150->ddd4789c-894d-475a-bbfb-f6e7aa670c92-AppendLogResponseHandler: follower responses appendEntries COMPLETED
2019-10-18 14:57:58,875 [grpc-default-executor-3] INFO  impl.RoleInfo (RoleInfo.java:updateAndGet(143)) - 6605b8a5-570b-4977-9ee7-6aaf3012bed5: start FollowerState
2019-10-18 14:57:58,874 [Thread-256] INFO  impl.FollowerState (FollowerState.java:run(117)) - 6605b8a5-570b-4977-9ee7-6aaf3012bed5@group-58A987F56150-FollowerState was interrupted: java.lang.InterruptedException: sleep interrupted
2019-10-18 14:57:58,880 [grpc-default-executor-1] INFO  server.GrpcLogAppender (GrpcLogAppender.java:onCompleted(308)) - 6605b8a5-570b-4977-9ee7-6aaf3012bed5@group-58A987F56150->327657b1-60f8-49f2-b2a3-f63e1f934942-AppendLogResponseHandler: follower responses appendEntries COMPLETED
2019-10-18 14:57:58,883 [grpc-default-executor-0] INFO  impl.RaftServerImpl (ServerState.java:setLeader(256)) - ddd4789c-894d-475a-bbfb-f6e7aa670c92@group-58A987F56150: change Leader from ddd4789c-894d-475a-bbfb-f6e7aa670c92 to null at term 4 for updateCurrentTerm
2019-10-18 14:57:58,883 [grpc-default-executor-4] INFO  impl.FollowerInfo (FollowerInfo.java:lambda$new$0(51)) - 6605b8a5-570b-4977-9ee7-6aaf3012bed5@group-58A987F56150->ddd4789c-894d-475a-bbfb-f6e7aa670c92: nextIndex: updateUnconditionally 0 -> 0
2019-10-18 14:57:58,883 [grpc-default-executor-1] INFO  impl.FollowerInfo (FollowerInfo.java:lambda$new$0(51)) - 6605b8a5-570b-4977-9ee7-6aaf3012bed5@group-58A987F56150->327657b1-60f8-49f2-b2a3-f63e1f934942: nextIndex: updateUnconditionally 0 -> 0
2019-10-18 14:57:58,883 [grpc-default-executor-0] INFO  impl.RaftServerImpl (RaftServerImpl.java:setRole(184)) - ddd4789c-894d-475a-bbfb-f6e7aa670c92@group-58A987F56150: changes role from    LEADER to FOLLOWER at term 4 for recognizeCandidate:327657b1-60f8-49f2-b2a3-f63e1f934942
2019-10-18 14:57:58,885 [grpc-default-executor-0] INFO  impl.RoleInfo (RoleInfo.java:shutdownLeaderState(104)) - ddd4789c-894d-475a-bbfb-f6e7aa670c92: shutdown LeaderState
2019-10-18 14:57:58,887 [org.apache.ratis.server.impl.LogAppender$AppenderDaemon$$Lambda$408/447906582@72c105ba] WARN  server.GrpcLogAppender (GrpcLogAppender.java:mayWait(149)) - ddd4789c-894d-475a-bbfb-f6e7aa670c92@group-58A987F56150->6605b8a5-570b-4977-9ee7-6aaf3012bed5-GrpcLogAppender: Wait interrupted by java.lang.InterruptedException
2019-10-18 14:57:58,887 [org.apache.ratis.server.impl.LogAppender$AppenderDaemon$$Lambda$408/447906582@43f9d171] WARN  server.GrpcLogAppender (GrpcLogAppender.java:mayWait(149)) - ddd4789c-894d-475a-bbfb-f6e7aa670c92@group-58A987F56150->327657b1-60f8-49f2-b2a3-f63e1f934942-GrpcLogAppender: Wait interrupted by java.lang.InterruptedException
2019-10-18 14:57:58,887 [grpc-default-executor-0] INFO  impl.PendingRequests (PendingRequests.java:sendNotLeaderResponses(202)) - ddd4789c-894d-475a-bbfb-f6e7aa670c92@group-58A987F56150-PendingRequests: sendNotLeaderResponses
2019-10-18 14:57:58,891 [grpc-default-executor-0] INFO  impl.RoleInfo (RoleInfo.java:updateAndGet(143)) - ddd4789c-894d-475a-bbfb-f6e7aa670c92: start FollowerState
2019-10-18 14:57:58,892 [ddd4789c-894d-475a-bbfb-f6e7aa670c92@group-58A987F56150-SegmentedRaftLogWorker] INFO  segmented.SegmentedRaftLogWorker (SegmentedRaftLogWorker.java:execute(576)) - ddd4789c-894d-475a-bbfb-f6e7aa670c92@group-58A987F56150-SegmentedRaftLogWorker: created new log segment /workdir/hadoop-ozone/integration-test/target/test-dir/MiniOzoneClusterImpl-493b9529-4424-4e81-8ad3-dd8bf339c445/datanode-2/data/ratis/003f12b3-3580-4b2f-a857-58a987f56150/current/log_inprogress_0
2019-10-18 14:57:58,892 [327657b1-60f8-49f2-b2a3-f63e1f934942@group-58A987F56150-LeaderElection10] INFO  impl.LeaderElection (LeaderElection.java:askForVotes(178)) - 327657b1-60f8-49f2-b2a3-f63e1f934942@group-58A987F56150-LeaderElection10: begin an election at term 5 for -1: [6605b8a5-570b-4977-9ee7-6aaf3012bed5:192.168.164.233:35223, 327657b1-60f8-49f2-b2a3-f63e1f934942:192.168.164.233:41966, ddd4789c-894d-475a-bbfb-f6e7aa670c92:192.168.164.233:41061], old=null
2019-10-18 14:57:58,903 [grpc-default-executor-3] INFO  impl.RaftServerImpl (RaftServerImpl.java:setRole(184)) - 6605b8a5-570b-4977-9ee7-6aaf3012bed5@group-58A987F56150: changes role from  FOLLOWER to FOLLOWER at term 5 for recognizeCandidate:327657b1-60f8-49f2-b2a3-f63e1f934942
2019-10-18 14:57:58,903 [grpc-default-executor-3] INFO  impl.RoleInfo (RoleInfo.java:shutdownFollowerState(121)) - 6605b8a5-570b-4977-9ee7-6aaf3012bed5: shutdown FollowerState
2019-10-18 14:57:58,903 [grpc-default-executor-3] INFO  impl.RoleInfo (RoleInfo.java:updateAndGet(143)) - 6605b8a5-570b-4977-9ee7-6aaf3012bed5: start FollowerState
2019-10-18 14:57:58,903 [Thread-260] INFO  impl.FollowerState (FollowerState.java:run(117)) - 6605b8a5-570b-4977-9ee7-6aaf3012bed5@group-58A987F56150-FollowerState was interrupted: java.lang.InterruptedException: sleep interrupted
2019-10-18 14:57:58,905 [grpc-default-executor-5] INFO  server.GrpcServerProtocolService (GrpcServerProtocolService.java:onCompleted(113)) - 6605b8a5-570b-4977-9ee7-6aaf3012bed5: Completed APPEND_ENTRIES, lastRequest: ddd4789c-894d-475a-bbfb-f6e7aa670c92->6605b8a5-570b-4977-9ee7-6aaf3012bed5#0-t3, previous=(t:0, i:0), leaderCommit=-1, initializing? false, entries: <empty>
2019-10-18 14:57:58,905 [grpc-default-executor-2] INFO  server.GrpcServerProtocolService (GrpcServerProtocolService.java:onCompleted(113)) - 327657b1-60f8-49f2-b2a3-f63e1f934942: Completed APPEND_ENTRIES, lastRequest: ddd4789c-894d-475a-bbfb-f6e7aa670c92->327657b1-60f8-49f2-b2a3-f63e1f934942#0-t3, previous=(t:0, i:0), leaderCommit=-1, initializing? false, entries: <empty>
2019-10-18 14:57:58,910 [grpc-default-executor-1] INFO  impl.RaftServerImpl (RaftServerImpl.java:setRole(184)) - ddd4789c-894d-475a-bbfb-f6e7aa670c92@group-58A987F56150: changes role from  FOLLOWER to FOLLOWER at term 5 for recognizeCandidate:327657b1-60f8-49f2-b2a3-f63e1f934942
2019-10-18 14:57:58,910 [grpc-default-executor-1] INFO  impl.RoleInfo (RoleInfo.java:shutdownFollowerState(121)) - ddd4789c-894d-475a-bbfb-f6e7aa670c92: shutdown FollowerState
2019-10-18 14:57:58,910 [Thread-263] INFO  impl.FollowerState (FollowerState.java:run(117)) - ddd4789c-894d-475a-bbfb-f6e7aa670c92@group-58A987F56150-FollowerState was interrupted: java.lang.InterruptedException: sleep interrupted
2019-10-18 14:57:58,910 [grpc-default-executor-1] INFO  impl.RoleInfo (RoleInfo.java:updateAndGet(143)) - ddd4789c-894d-475a-bbfb-f6e7aa670c92: start FollowerState
2019-10-18 14:57:58,934 [grpc-default-executor-2] INFO  server.GrpcLogAppender (GrpcLogAppender.java:onCompleted(308)) - ddd4789c-894d-475a-bbfb-f6e7aa670c92@group-58A987F56150->327657b1-60f8-49f2-b2a3-f63e1f934942-AppendLogResponseHandler: follower responses appendEntries COMPLETED
2019-10-18 14:57:58,934 [grpc-default-executor-5] INFO  server.GrpcLogAppender (GrpcLogAppender.java:onCompleted(308)) - ddd4789c-894d-475a-bbfb-f6e7aa670c92@group-58A987F56150->6605b8a5-570b-4977-9ee7-6aaf3012bed5-AppendLogResponseHandler: follower responses appendEntries COMPLETED
2019-10-18 14:57:58,937 [grpc-default-executor-2] INFO  impl.FollowerInfo (FollowerInfo.java:lambda$new$0(51)) - ddd4789c-894d-475a-bbfb-f6e7aa670c92@group-58A987F56150->327657b1-60f8-49f2-b2a3-f63e1f934942: nextIndex: updateUnconditionally 0 -> 0
2019-10-18 14:57:58,939 [grpc-default-executor-5] INFO  impl.FollowerInfo (FollowerInfo.java:lambda$new$0(51)) - ddd4789c-894d-475a-bbfb-f6e7aa670c92@group-58A987F56150->6605b8a5-570b-4977-9ee7-6aaf3012bed5: nextIndex: updateUnconditionally 0 -> 0
2019-10-18 14:57:58,939 [327657b1-60f8-49f2-b2a3-f63e1f934942@group-58A987F56150-LeaderElection10] INFO  impl.LeaderElection (LeaderElection.java:logAndReturn(56)) - 327657b1-60f8-49f2-b2a3-f63e1f934942@group-58A987F56150-LeaderElection10: Election REJECTED; received 2 response(s) [327657b1-60f8-49f2-b2a3-f63e1f934942<-6605b8a5-570b-4977-9ee7-6aaf3012bed5#0:FAIL-t5, 327657b1-60f8-49f2-b2a3-f63e1f934942<-ddd4789c-894d-475a-bbfb-f6e7aa670c92#0:FAIL-t5] and 0 exception(s); 327657b1-60f8-49f2-b2a3-f63e1f934942@group-58A987F56150:t5, leader=null, voted=327657b1-60f8-49f2-b2a3-f63e1f934942, raftlog=327657b1-60f8-49f2-b2a3-f63e1f934942@group-58A987F56150-SegmentedRaftLog:OPENED:c-1,f-1,i0, conf=-1: [6605b8a5-570b-4977-9ee7-6aaf3012bed5:192.168.164.233:35223, 327657b1-60f8-49f2-b2a3-f63e1f934942:192.168.164.233:41966, ddd4789c-894d-475a-bbfb-f6e7aa670c92:192.168.164.233:41061], old=null
2019-10-18 14:57:58,940 [327657b1-60f8-49f2-b2a3-f63e1f934942@group-58A987F56150-LeaderElection10] INFO  impl.RaftServerImpl (RaftServerImpl.java:setRole(184)) - 327657b1-60f8-49f2-b2a3-f63e1f934942@group-58A987F56150: changes role from CANDIDATE to FOLLOWER at term 5 for DISCOVERED_A_NEW_TERM
2019-10-18 14:57:58,941 [327657b1-60f8-49f2-b2a3-f63e1f934942@group-58A987F56150-LeaderElection10] INFO  impl.RoleInfo (RoleInfo.java:shutdownLeaderElection(134)) - 327657b1-60f8-49f2-b2a3-f63e1f934942: shutdown LeaderElection
2019-10-18 14:57:58,941 [327657b1-60f8-49f2-b2a3-f63e1f934942@group-58A987F56150-LeaderElection10] INFO  impl.RoleInfo (RoleInfo.java:updateAndGet(143)) - 327657b1-60f8-49f2-b2a3-f63e1f934942: start FollowerState
2019-10-18 14:57:59,039 [Thread-268] INFO  impl.FollowerState (FollowerState.java:run(108)) - 327657b1-60f8-49f2-b2a3-f63e1f934942@group-58A987F56150-FollowerState: change to CANDIDATE, lastRpcTime:97ms, electionTimeout:97ms
2019-10-18 14:57:59,041 [Thread-268] INFO  impl.RoleInfo (RoleInfo.java:shutdownFollowerState(121)) - 327657b1-60f8-49f2-b2a3-f63e1f934942: shutdown FollowerState
2019-10-18 14:57:59,041 [Thread-268] INFO  impl.RaftServerImpl (RaftServerImpl.java:setRole(184)) - 327657b1-60f8-49f2-b2a3-f63e1f934942@group-58A987F56150: changes role from  FOLLOWER to CANDIDATE at term 5 for changeToCandidate
2019-10-18 14:57:59,041 [Thread-268] INFO  impl.RoleInfo (RoleInfo.java:updateAndGet(143)) - 327657b1-60f8-49f2-b2a3-f63e1f934942: start LeaderElection
2019-10-18 14:57:59,056 [327657b1-60f8-49f2-b2a3-f63e1f934942@group-58A987F56150-LeaderElection11] INFO  impl.LeaderElection (LeaderElection.java:askForVotes(178)) - 327657b1-60f8-49f2-b2a3-f63e1f934942@group-58A987F56150-LeaderElection11: begin an election at term 6 for -1: [6605b8a5-570b-4977-9ee7-6aaf3012bed5:192.168.164.233:35223, 327657b1-60f8-49f2-b2a3-f63e1f934942:192.168.164.233:41966, ddd4789c-894d-475a-bbfb-f6e7aa670c92:192.168.164.233:41061], old=null
2019-10-18 14:57:59,063 [grpc-default-executor-5] INFO  impl.RaftServerImpl (RaftServerImpl.java:setRole(184)) - 6605b8a5-570b-4977-9ee7-6aaf3012bed5@group-58A987F56150: changes role from  FOLLOWER to FOLLOWER at term 6 for recognizeCandidate:327657b1-60f8-49f2-b2a3-f63e1f934942
2019-10-18 14:57:59,063 [grpc-default-executor-5] INFO  impl.RoleInfo (RoleInfo.java:shutdownFollowerState(121)) - 6605b8a5-570b-4977-9ee7-6aaf3012bed5: shutdown FollowerState
2019-10-18 14:57:59,063 [grpc-default-executor-2] INFO  impl.RaftServerImpl (RaftServerImpl.java:setRole(184)) - ddd4789c-894d-475a-bbfb-f6e7aa670c92@group-58A987F56150: changes role from  FOLLOWER to FOLLOWER at term 6 for recognizeCandidate:327657b1-60f8-49f2-b2a3-f63e1f934942
2019-10-18 14:57:59,063 [Thread-266] INFO  impl.FollowerState (FollowerState.java:run(117)) - 6605b8a5-570b-4977-9ee7-6aaf3012bed5@group-58A987F56150-FollowerState was interrupted: java.lang.InterruptedException: sleep interrupted
2019-10-18 14:57:59,063 [grpc-default-executor-2] INFO  impl.RoleInfo (RoleInfo.java:shutdownFollowerState(121)) - ddd4789c-894d-475a-bbfb-f6e7aa670c92: shutdown FollowerState
2019-10-18 14:57:59,063 [grpc-default-executor-5] INFO  impl.RoleInfo (RoleInfo.java:updateAndGet(143)) - 6605b8a5-570b-4977-9ee7-6aaf3012bed5: start FollowerState
2019-10-18 14:57:59,065 [Thread-267] INFO  impl.FollowerState (FollowerState.java:run(117)) - ddd4789c-894d-475a-bbfb-f6e7aa670c92@group-58A987F56150-FollowerState was interrupted: java.lang.InterruptedException: sleep interrupted
2019-10-18 14:57:59,065 [grpc-default-executor-2] INFO  impl.RoleInfo (RoleInfo.java:updateAndGet(143)) - ddd4789c-894d-475a-bbfb-f6e7aa670c92: start FollowerState
2019-10-18 14:57:59,070 [327657b1-60f8-49f2-b2a3-f63e1f934942@group-58A987F56150-LeaderElection11] INFO  impl.LeaderElection (LeaderElection.java:logAndReturn(56)) - 327657b1-60f8-49f2-b2a3-f63e1f934942@group-58A987F56150-LeaderElection11: Election TIMEOUT; received 0 response(s) [] and 0 exception(s); 327657b1-60f8-49f2-b2a3-f63e1f934942@group-58A987F56150:t6, leader=null, voted=327657b1-60f8-49f2-b2a3-f63e1f934942, raftlog=327657b1-60f8-49f2-b2a3-f63e1f934942@group-58A987F56150-SegmentedRaftLog:OPENED:c-1,f-1,i0, conf=-1: [6605b8a5-570b-4977-9ee7-6aaf3012bed5:192.168.164.233:35223, 327657b1-60f8-49f2-b2a3-f63e1f934942:192.168.164.233:41966, ddd4789c-894d-475a-bbfb-f6e7aa670c92:192.168.164.233:41061], old=null
2019-10-18 14:57:59,080 [327657b1-60f8-49f2-b2a3-f63e1f934942@group-58A987F56150-LeaderElection11] INFO  impl.LeaderElection (LeaderElection.java:askForVotes(178)) - 327657b1-60f8-49f2-b2a3-f63e1f934942@group-58A987F56150-LeaderElection11: begin an election at term 7 for -1: [6605b8a5-570b-4977-9ee7-6aaf3012bed5:192.168.164.233:35223, 327657b1-60f8-49f2-b2a3-f63e1f934942:192.168.164.233:41966, ddd4789c-894d-475a-bbfb-f6e7aa670c92:192.168.164.233:41061], old=null
2019-10-18 14:57:59,089 [grpc-default-executor-2] INFO  impl.RaftServerImpl (RaftServerImpl.java:setRole(184)) - 6605b8a5-570b-4977-9ee7-6aaf3012bed5@group-58A987F56150: changes role from  FOLLOWER to FOLLOWER at term 7 for recognizeCandidate:327657b1-60f8-49f2-b2a3-f63e1f934942
2019-10-18 14:57:59,091 [grpc-default-executor-2] INFO  impl.RoleInfo (RoleInfo.java:shutdownFollowerState(121)) - 6605b8a5-570b-4977-9ee7-6aaf3012bed5: shutdown FollowerState
2019-10-18 14:57:59,091 [grpc-default-executor-5] INFO  impl.RaftServerImpl (RaftServerImpl.java:setRole(184)) - ddd4789c-894d-475a-bbfb-f6e7aa670c92@group-58A987F56150: changes role from  FOLLOWER to FOLLOWER at term 7 for recognizeCandidate:327657b1-60f8-49f2-b2a3-f63e1f934942
2019-10-18 14:57:59,091 [Thread-272] INFO  impl.FollowerState (FollowerState.java:run(117)) - 6605b8a5-570b-4977-9ee7-6aaf3012bed5@group-58A987F56150-FollowerState was interrupted: java.lang.InterruptedException: sleep interrupted
2019-10-18 14:57:59,091 [grpc-default-executor-2] INFO  impl.RoleInfo (RoleInfo.java:updateAndGet(143)) - 6605b8a5-570b-4977-9ee7-6aaf3012bed5: start FollowerState
2019-10-18 14:57:59,091 [grpc-default-executor-5] INFO  impl.RoleInfo (RoleInfo.java:shutdownFollowerState(121)) - ddd4789c-894d-475a-bbfb-f6e7aa670c92: shutdown FollowerState
2019-10-18 14:57:59,092 [Thread-273] INFO  impl.FollowerState (FollowerState.java:run(117)) - ddd4789c-894d-475a-bbfb-f6e7aa670c92@group-58A987F56150-FollowerState was interrupted: java.lang.InterruptedException: sleep interrupted
2019-10-18 14:57:59,092 [grpc-default-executor-5] INFO  impl.RoleInfo (RoleInfo.java:updateAndGet(143)) - ddd4789c-894d-475a-bbfb-f6e7aa670c92: start FollowerState
2019-10-18 14:57:59,125 [327657b1-60f8-49f2-b2a3-f63e1f934942@group-58A987F56150-LeaderElection11] INFO  impl.LeaderElection (LeaderElection.java:logAndReturn(56)) - 327657b1-60f8-49f2-b2a3-f63e1f934942@group-58A987F56150-LeaderElection11: Election REJECTED; received 2 response(s) [327657b1-60f8-49f2-b2a3-f63e1f934942<-6605b8a5-570b-4977-9ee7-6aaf3012bed5#0:FAIL-t7, 327657b1-60f8-49f2-b2a3-f63e1f934942<-ddd4789c-894d-475a-bbfb-f6e7aa670c92#0:FAIL-t7] and 0 exception(s); 327657b1-60f8-49f2-b2a3-f63e1f934942@group-58A987F56150:t7, leader=null, voted=327657b1-60f8-49f2-b2a3-f63e1f934942, raftlog=327657b1-60f8-49f2-b2a3-f63e1f934942@group-58A987F56150-SegmentedRaftLog:OPENED:c-1,f-1,i0, conf=-1: [6605b8a5-570b-4977-9ee7-6aaf3012bed5:192.168.164.233:35223, 327657b1-60f8-49f2-b2a3-f63e1f934942:192.168.164.233:41966, ddd4789c-894d-475a-bbfb-f6e7aa670c92:192.168.164.233:41061], old=null
2019-10-18 14:57:59,125 [327657b1-60f8-49f2-b2a3-f63e1f934942@group-58A987F56150-LeaderElection11] INFO  impl.RaftServerImpl (RaftServerImpl.java:setRole(184)) - 327657b1-60f8-49f2-b2a3-f63e1f934942@group-58A987F56150: changes role from CANDIDATE to FOLLOWER at term 7 for DISCOVERED_A_NEW_TERM
2019-10-18 14:57:59,127 [327657b1-60f8-49f2-b2a3-f63e1f934942@group-58A987F56150-LeaderElection11] INFO  impl.RoleInfo (RoleInfo.java:shutdownLeaderElection(134)) - 327657b1-60f8-49f2-b2a3-f63e1f934942: shutdown LeaderElection
2019-10-18 14:57:59,127 [327657b1-60f8-49f2-b2a3-f63e1f934942@group-58A987F56150-LeaderElection11] INFO  impl.RoleInfo (RoleInfo.java:updateAndGet(143)) - 327657b1-60f8-49f2-b2a3-f63e1f934942: start FollowerState
2019-10-18 14:57:59,199 [Thread-278] INFO  impl.FollowerState (FollowerState.java:run(108)) - 327657b1-60f8-49f2-b2a3-f63e1f934942@group-58A987F56150-FollowerState: change to CANDIDATE, lastRpcTime:72ms, electionTimeout:72ms
2019-10-18 14:57:59,200 [Thread-278] INFO  impl.RoleInfo (RoleInfo.java:shutdownFollowerState(121)) - 327657b1-60f8-49f2-b2a3-f63e1f934942: shutdown FollowerState
2019-10-18 14:57:59,200 [Thread-278] INFO  impl.RaftServerImpl (RaftServerImpl.java:setRole(184)) - 327657b1-60f8-49f2-b2a3-f63e1f934942@group-58A987F56150: changes role from  FOLLOWER to CANDIDATE at term 7 for changeToCandidate
2019-10-18 14:57:59,201 [Thread-278] INFO  impl.RoleInfo (RoleInfo.java:updateAndGet(143)) - 327657b1-60f8-49f2-b2a3-f63e1f934942: start LeaderElection
2019-10-18 14:57:59,216 [327657b1-60f8-49f2-b2a3-f63e1f934942@group-58A987F56150-LeaderElection12] INFO  impl.LeaderElection (LeaderElection.java:askForVotes(178)) - 327657b1-60f8-49f2-b2a3-f63e1f934942@group-58A987F56150-LeaderElection12: begin an election at term 8 for -1: [6605b8a5-570b-4977-9ee7-6aaf3012bed5:192.168.164.233:35223, 327657b1-60f8-49f2-b2a3-f63e1f934942:192.168.164.233:41966, ddd4789c-894d-475a-bbfb-f6e7aa670c92:192.168.164.233:41061], old=null
2019-10-18 14:57:59,222 [grpc-default-executor-2] INFO  impl.RaftServerImpl (RaftServerImpl.java:setRole(184)) - ddd4789c-894d-475a-bbfb-f6e7aa670c92@group-58A987F56150: changes role from  FOLLOWER to FOLLOWER at term 8 for recognizeCandidate:327657b1-60f8-49f2-b2a3-f63e1f934942
2019-10-18 14:57:59,222 [grpc-default-executor-5] INFO  impl.RaftServerImpl (RaftServerImpl.java:setRole(184)) - 6605b8a5-570b-4977-9ee7-6aaf3012bed5@group-58A987F56150: changes role from  FOLLOWER to FOLLOWER at term 8 for recognizeCandidate:327657b1-60f8-49f2-b2a3-f63e1f934942
2019-10-18 14:57:59,222 [grpc-default-executor-5] INFO  impl.RoleInfo (RoleInfo.java:shutdownFollowerState(121)) - 6605b8a5-570b-4977-9ee7-6aaf3012bed5: shutdown FollowerState
2019-10-18 14:57:59,222 [grpc-default-executor-2] INFO  impl.RoleInfo (RoleInfo.java:shutdownFollowerState(121)) - ddd4789c-894d-475a-bbfb-f6e7aa670c92: shutdown FollowerState
2019-10-18 14:57:59,222 [Thread-276] INFO  impl.FollowerState (FollowerState.java:run(117)) - 6605b8a5-570b-4977-9ee7-6aaf3012bed5@group-58A987F56150-FollowerState was interrupted: java.lang.InterruptedException: sleep interrupted
2019-10-18 14:57:59,222 [grpc-default-executor-5] INFO  impl.RoleInfo (RoleInfo.java:updateAndGet(143)) - 6605b8a5-570b-4977-9ee7-6aaf3012bed5: start FollowerState
2019-10-18 14:57:59,223 [grpc-default-executor-2] INFO  impl.RoleInfo (RoleInfo.java:updateAndGet(143)) - ddd4789c-894d-475a-bbfb-f6e7aa670c92: start FollowerState
2019-10-18 14:57:59,223 [Thread-277] INFO  impl.FollowerState (FollowerState.java:run(117)) - ddd4789c-894d-475a-bbfb-f6e7aa670c92@group-58A987F56150-FollowerState was interrupted: java.lang.InterruptedException: sleep interrupted
2019-10-18 14:57:59,241 [327657b1-60f8-49f2-b2a3-f63e1f934942@group-58A987F56150-LeaderElection12] INFO  impl.LeaderElection (LeaderElection.java:logAndReturn(56)) - 327657b1-60f8-49f2-b2a3-f63e1f934942@group-58A987F56150-LeaderElection12: Election REJECTED; received 2 response(s) [327657b1-60f8-49f2-b2a3-f63e1f934942<-6605b8a5-570b-4977-9ee7-6aaf3012bed5#0:FAIL-t8, 327657b1-60f8-49f2-b2a3-f63e1f934942<-ddd4789c-894d-475a-bbfb-f6e7aa670c92#0:FAIL-t8] and 0 exception(s); 327657b1-60f8-49f2-b2a3-f63e1f934942@group-58A987F56150:t8, leader=null, voted=327657b1-60f8-49f2-b2a3-f63e1f934942, raftlog=327657b1-60f8-49f2-b2a3-f63e1f934942@group-58A987F56150-SegmentedRaftLog:OPENED:c-1,f-1,i0, conf=-1: [6605b8a5-570b-4977-9ee7-6aaf3012bed5:192.168.164.233:35223, 327657b1-60f8-49f2-b2a3-f63e1f934942:192.168.164.233:41966, ddd4789c-894d-475a-bbfb-f6e7aa670c92:192.168.164.233:41061], old=null
2019-10-18 14:57:59,241 [327657b1-60f8-49f2-b2a3-f63e1f934942@group-58A987F56150-LeaderElection12] INFO  impl.RaftServerImpl (RaftServerImpl.java:setRole(184)) - 327657b1-60f8-49f2-b2a3-f63e1f934942@group-58A987F56150: changes role from CANDIDATE to FOLLOWER at term 8 for DISCOVERED_A_NEW_TERM
2019-10-18 14:57:59,246 [327657b1-60f8-49f2-b2a3-f63e1f934942@group-58A987F56150-LeaderElection12] INFO  impl.RoleInfo (RoleInfo.java:shutdownLeaderElection(134)) - 327657b1-60f8-49f2-b2a3-f63e1f934942: shutdown LeaderElection
2019-10-18 14:57:59,246 [327657b1-60f8-49f2-b2a3-f63e1f934942@group-58A987F56150-LeaderElection12] INFO  impl.RoleInfo (RoleInfo.java:updateAndGet(143)) - 327657b1-60f8-49f2-b2a3-f63e1f934942: start FollowerState
2019-10-18 14:57:59,343 [Thread-285] INFO  impl.FollowerState (FollowerState.java:run(108)) - 327657b1-60f8-49f2-b2a3-f63e1f934942@group-58A987F56150-FollowerState: change to CANDIDATE, lastRpcTime:96ms, electionTimeout:94ms
2019-10-18 14:57:59,344 [Thread-285] INFO  impl.RoleInfo (RoleInfo.java:shutdownFollowerState(121)) - 327657b1-60f8-49f2-b2a3-f63e1f934942: shutdown FollowerState
2019-10-18 14:57:59,345 [Thread-285] INFO  impl.RaftServerImpl (RaftServerImpl.java:setRole(184)) - 327657b1-60f8-49f2-b2a3-f63e1f934942@group-58A987F56150: changes role from  FOLLOWER to CANDIDATE at term 8 for changeToCandidate
2019-10-18 14:57:59,345 [Thread-285] INFO  impl.RoleInfo (RoleInfo.java:updateAndGet(143)) - 327657b1-60f8-49f2-b2a3-f63e1f934942: start LeaderElection
2019-10-18 14:57:59,707 [327657b1-60f8-49f2-b2a3-f63e1f934942@group-58A987F56150-LeaderElection13] INFO  impl.LeaderElection (LeaderElection.java:askForVotes(178)) - 327657b1-60f8-49f2-b2a3-f63e1f934942@group-58A987F56150-LeaderElection13: begin an election at term 9 for -1: [6605b8a5-570b-4977-9ee7-6aaf3012bed5:192.168.164.233:35223, 327657b1-60f8-49f2-b2a3-f63e1f934942:192.168.164.233:41966, ddd4789c-894d-475a-bbfb-f6e7aa670c92:192.168.164.233:41061], old=null
2019-10-18 14:57:59,723 [grpc-default-executor-2] INFO  impl.RaftServerImpl (RaftServerImpl.java:setRole(184)) - ddd4789c-894d-475a-bbfb-f6e7aa670c92@group-58A987F56150: changes role from  FOLLOWER to FOLLOWER at term 9 for recognizeCandidate:327657b1-60f8-49f2-b2a3-f63e1f934942
2019-10-18 14:57:59,723 [grpc-default-executor-5] INFO  impl.RaftServerImpl (RaftServerImpl.java:setRole(184)) - 6605b8a5-570b-4977-9ee7-6aaf3012bed5@group-58A987F56150: changes role from  FOLLOWER to FOLLOWER at term 9 for recognizeCandidate:327657b1-60f8-49f2-b2a3-f63e1f934942
2019-10-18 14:57:59,723 [grpc-default-executor-2] INFO  impl.RoleInfo (RoleInfo.java:shutdownFollowerState(121)) - ddd4789c-894d-475a-bbfb-f6e7aa670c92: shutdown FollowerState
2019-10-18 14:57:59,723 [grpc-default-executor-5] INFO  impl.RoleInfo (RoleInfo.java:shutdownFollowerState(121)) - 6605b8a5-570b-4977-9ee7-6aaf3012bed5: shutdown FollowerState
2019-10-18 14:57:59,724 [grpc-default-executor-2] INFO  impl.RoleInfo (RoleInfo.java:updateAndGet(143)) - ddd4789c-894d-475a-bbfb-f6e7aa670c92: start FollowerState
2019-10-18 14:57:59,724 [Thread-282] INFO  impl.FollowerState (FollowerState.java:run(117)) - 6605b8a5-570b-4977-9ee7-6aaf3012bed5@group-58A987F56150-FollowerState was interrupted: java.lang.InterruptedException: sleep interrupted
2019-10-18 14:57:59,724 [grpc-default-executor-5] INFO  impl.RoleInfo (RoleInfo.java:updateAndGet(143)) - 6605b8a5-570b-4977-9ee7-6aaf3012bed5: start FollowerState
2019-10-18 14:57:59,724 [Thread-283] INFO  impl.FollowerState (FollowerState.java:run(117)) - ddd4789c-894d-475a-bbfb-f6e7aa670c92@group-58A987F56150-FollowerState was interrupted: java.lang.InterruptedException: sleep interrupted
2019-10-18 14:57:59,749 [327657b1-60f8-49f2-b2a3-f63e1f934942@group-58A987F56150-LeaderElection13] INFO  impl.LeaderElection (LeaderElection.java:logAndReturn(56)) - 327657b1-60f8-49f2-b2a3-f63e1f934942@group-58A987F56150-LeaderElection13: Election REJECTED; received 2 response(s) [327657b1-60f8-49f2-b2a3-f63e1f934942<-6605b8a5-570b-4977-9ee7-6aaf3012bed5#0:FAIL-t9, 327657b1-60f8-49f2-b2a3-f63e1f934942<-ddd4789c-894d-475a-bbfb-f6e7aa670c92#0:FAIL-t9] and 0 exception(s); 327657b1-60f8-49f2-b2a3-f63e1f934942@group-58A987F56150:t9, leader=null, voted=327657b1-60f8-49f2-b2a3-f63e1f934942, raftlog=327657b1-60f8-49f2-b2a3-f63e1f934942@group-58A987F56150-SegmentedRaftLog:OPENED:c-1,f-1,i0, conf=-1: [6605b8a5-570b-4977-9ee7-6aaf3012bed5:192.168.164.233:35223, 327657b1-60f8-49f2-b2a3-f63e1f934942:192.168.164.233:41966, ddd4789c-894d-475a-bbfb-f6e7aa670c92:192.168.164.233:41061], old=null
2019-10-18 14:57:59,749 [327657b1-60f8-49f2-b2a3-f63e1f934942@group-58A987F56150-LeaderElection13] INFO  impl.RaftServerImpl (RaftServerImpl.java:setRole(184)) - 327657b1-60f8-49f2-b2a3-f63e1f934942@group-58A987F56150: changes role from CANDIDATE to FOLLOWER at term 9 for DISCOVERED_A_NEW_TERM
2019-10-18 14:57:59,750 [327657b1-60f8-49f2-b2a3-f63e1f934942@group-58A987F56150-LeaderElection13] INFO  impl.RoleInfo (RoleInfo.java:shutdownLeaderElection(134)) - 327657b1-60f8-49f2-b2a3-f63e1f934942: shutdown LeaderElection
2019-10-18 14:57:59,752 [327657b1-60f8-49f2-b2a3-f63e1f934942@group-58A987F56150-LeaderElection13] INFO  impl.RoleInfo (RoleInfo.java:updateAndGet(143)) - 327657b1-60f8-49f2-b2a3-f63e1f934942: start FollowerState
2019-10-18 14:57:59,817 [Thread-291] INFO  impl.FollowerState (FollowerState.java:run(108)) - 327657b1-60f8-49f2-b2a3-f63e1f934942@group-58A987F56150-FollowerState: change to CANDIDATE, lastRpcTime:65ms, electionTimeout:64ms
2019-10-18 14:57:59,818 [Thread-291] INFO  impl.RoleInfo (RoleInfo.java:shutdownFollowerState(121)) - 327657b1-60f8-49f2-b2a3-f63e1f934942: shutdown FollowerState
2019-10-18 14:57:59,818 [Thread-291] INFO  impl.RaftServerImpl (RaftServerImpl.java:setRole(184)) - 327657b1-60f8-49f2-b2a3-f63e1f934942@group-58A987F56150: changes role from  FOLLOWER to CANDIDATE at term 9 for changeToCandidate
2019-10-18 14:57:59,818 [Thread-291] INFO  impl.RoleInfo (RoleInfo.java:updateAndGet(143)) - 327657b1-60f8-49f2-b2a3-f63e1f934942: start LeaderElection
2019-10-18 14:57:59,832 [327657b1-60f8-49f2-b2a3-f63e1f934942@group-58A987F56150-LeaderElection14] INFO  impl.LeaderElection (LeaderElection.java:askForVotes(178)) - 327657b1-60f8-49f2-b2a3-f63e1f934942@group-58A987F56150-LeaderElection14: begin an election at term 10 for -1: [6605b8a5-570b-4977-9ee7-6aaf3012bed5:192.168.164.233:35223, 327657b1-60f8-49f2-b2a3-f63e1f934942:192.168.164.233:41966, ddd4789c-894d-475a-bbfb-f6e7aa670c92:192.168.164.233:41061], old=null
2019-10-18 14:57:59,836 [grpc-default-executor-2] INFO  impl.RaftServerImpl (RaftServerImpl.java:setRole(184)) - 6605b8a5-570b-4977-9ee7-6aaf3012bed5@group-58A987F56150: changes role from  FOLLOWER to FOLLOWER at term 10 for recognizeCandidate:327657b1-60f8-49f2-b2a3-f63e1f934942
2019-10-18 14:57:59,836 [grpc-default-executor-5] INFO  impl.RaftServerImpl (RaftServerImpl.java:setRole(184)) - ddd4789c-894d-475a-bbfb-f6e7aa670c92@group-58A987F56150: changes role from  FOLLOWER to FOLLOWER at term 10 for recognizeCandidate:327657b1-60f8-49f2-b2a3-f63e1f934942
2019-10-18 14:57:59,837 [grpc-default-executor-2] INFO  impl.RoleInfo (RoleInfo.java:shutdownFollowerState(121)) - 6605b8a5-570b-4977-9ee7-6aaf3012bed5: shutdown FollowerState
2019-10-18 14:57:59,837 [grpc-default-executor-5] INFO  impl.RoleInfo (RoleInfo.java:shutdownFollowerState(121)) - ddd4789c-894d-475a-bbfb-f6e7aa670c92: shutdown FollowerState
2019-10-18 14:57:59,837 [grpc-default-executor-2] INFO  impl.RoleInfo (RoleInfo.java:updateAndGet(143)) - 6605b8a5-570b-4977-9ee7-6aaf3012bed5: start FollowerState
2019-10-18 14:57:59,837 [Thread-290] INFO  impl.FollowerState (FollowerState.java:run(117)) - 6605b8a5-570b-4977-9ee7-6aaf3012bed5@group-58A987F56150-FollowerState was interrupted: java.lang.InterruptedException: sleep interrupted
2019-10-18 14:57:59,837 [Thread-289] INFO  impl.FollowerState (FollowerState.java:run(117)) - ddd4789c-894d-475a-bbfb-f6e7aa670c92@group-58A987F56150-FollowerState was interrupted: java.lang.InterruptedException: sleep interrupted
2019-10-18 14:57:59,837 [grpc-default-executor-5] INFO  impl.RoleInfo (RoleInfo.java:updateAndGet(143)) - ddd4789c-894d-475a-bbfb-f6e7aa670c92: start FollowerState
2019-10-18 14:57:59,869 [327657b1-60f8-49f2-b2a3-f63e1f934942@group-58A987F56150-LeaderElection14] INFO  impl.LeaderElection (LeaderElection.java:logAndReturn(56)) - 327657b1-60f8-49f2-b2a3-f63e1f934942@group-58A987F56150-LeaderElection14: Election REJECTED; received 2 response(s) [327657b1-60f8-49f2-b2a3-f63e1f934942<-6605b8a5-570b-4977-9ee7-6aaf3012bed5#0:FAIL-t10, 327657b1-60f8-49f2-b2a3-f63e1f934942<-ddd4789c-894d-475a-bbfb-f6e7aa670c92#0:FAIL-t10] and 0 exception(s); 327657b1-60f8-49f2-b2a3-f63e1f934942@group-58A987F56150:t10, leader=null, voted=327657b1-60f8-49f2-b2a3-f63e1f934942, raftlog=327657b1-60f8-49f2-b2a3-f63e1f934942@group-58A987F56150-SegmentedRaftLog:OPENED:c-1,f-1,i0, conf=-1: [6605b8a5-570b-4977-9ee7-6aaf3012bed5:192.168.164.233:35223, 327657b1-60f8-49f2-b2a3-f63e1f934942:192.168.164.233:41966, ddd4789c-894d-475a-bbfb-f6e7aa670c92:192.168.164.233:41061], old=null
2019-10-18 14:57:59,869 [327657b1-60f8-49f2-b2a3-f63e1f934942@group-58A987F56150-LeaderElection14] INFO  impl.RaftServerImpl (RaftServerImpl.java:setRole(184)) - 327657b1-60f8-49f2-b2a3-f63e1f934942@group-58A987F56150: changes role from CANDIDATE to FOLLOWER at term 10 for DISCOVERED_A_NEW_TERM
2019-10-18 14:57:59,871 [327657b1-60f8-49f2-b2a3-f63e1f934942@group-58A987F56150-LeaderElection14] INFO  impl.RoleInfo (RoleInfo.java:shutdownLeaderElection(134)) - 327657b1-60f8-49f2-b2a3-f63e1f934942: shutdown LeaderElection
2019-10-18 14:57:59,872 [327657b1-60f8-49f2-b2a3-f63e1f934942@group-58A987F56150-LeaderElection14] INFO  impl.RoleInfo (RoleInfo.java:updateAndGet(143)) - 327657b1-60f8-49f2-b2a3-f63e1f934942: start FollowerState
2019-10-18 14:57:59,901 [Thread-298] INFO  impl.FollowerState (FollowerState.java:run(108)) - 327657b1-60f8-49f2-b2a3-f63e1f934942@group-58A987F56150-FollowerState: change to CANDIDATE, lastRpcTime:29ms, electionTimeout:25ms
2019-10-18 14:57:59,903 [Thread-298] INFO  impl.RoleInfo (RoleInfo.java:shutdownFollowerState(121)) - 327657b1-60f8-49f2-b2a3-f63e1f934942: shutdown FollowerState
2019-10-18 14:57:59,904 [Thread-298] INFO  impl.RaftServerImpl (RaftServerImpl.java:setRole(184)) - 327657b1-60f8-49f2-b2a3-f63e1f934942@group-58A987F56150: changes role from  FOLLOWER to CANDIDATE at term 10 for changeToCandidate
2019-10-18 14:57:59,904 [Thread-298] INFO  impl.RoleInfo (RoleInfo.java:updateAndGet(143)) - 327657b1-60f8-49f2-b2a3-f63e1f934942: start LeaderElection
2019-10-18 14:57:59,919 [327657b1-60f8-49f2-b2a3-f63e1f934942@group-58A987F56150-LeaderElection15] INFO  impl.LeaderElection (LeaderElection.java:askForVotes(178)) - 327657b1-60f8-49f2-b2a3-f63e1f934942@group-58A987F56150-LeaderElection15: begin an election at term 11 for -1: [6605b8a5-570b-4977-9ee7-6aaf3012bed5:192.168.164.233:35223, 327657b1-60f8-49f2-b2a3-f63e1f934942:192.168.164.233:41966, ddd4789c-894d-475a-bbfb-f6e7aa670c92:192.168.164.233:41061], old=null
2019-10-18 14:57:59,924 [grpc-default-executor-5] INFO  impl.RaftServerImpl (RaftServerImpl.java:setRole(184)) - 6605b8a5-570b-4977-9ee7-6aaf3012bed5@group-58A987F56150: changes role from  FOLLOWER to FOLLOWER at term 11 for recognizeCandidate:327657b1-60f8-49f2-b2a3-f63e1f934942
2019-10-18 14:57:59,924 [grpc-default-executor-2] INFO  impl.RaftServerImpl (RaftServerImpl.java:setRole(184)) - ddd4789c-894d-475a-bbfb-f6e7aa670c92@group-58A987F56150: changes role from  FOLLOWER to FOLLOWER at term 11 for recognizeCandidate:327657b1-60f8-49f2-b2a3-f63e1f934942
2019-10-18 14:57:59,924 [grpc-default-executor-5] INFO  impl.RoleInfo (RoleInfo.java:shutdownFollowerState(121)) - 6605b8a5-570b-4977-9ee7-6aaf3012bed5: shutdown FollowerState
2019-10-18 14:57:59,925 [grpc-default-executor-2] INFO  impl.RoleInfo (RoleInfo.java:shutdownFollowerState(121)) - ddd4789c-894d-475a-bbfb-f6e7aa670c92: shutdown FollowerState
2019-10-18 14:57:59,925 [grpc-default-executor-5] INFO  impl.RoleInfo (RoleInfo.java:updateAndGet(143)) - 6605b8a5-570b-4977-9ee7-6aaf3012bed5: start FollowerState
2019-10-18 14:57:59,925 [Thread-297] INFO  impl.FollowerState (FollowerState.java:run(117)) - ddd4789c-894d-475a-bbfb-f6e7aa670c92@group-58A987F56150-FollowerState was interrupted: java.lang.InterruptedException: sleep interrupted
2019-10-18 14:57:59,925 [grpc-default-executor-2] INFO  impl.RoleInfo (RoleInfo.java:updateAndGet(143)) - ddd4789c-894d-475a-bbfb-f6e7aa670c92: start FollowerState
2019-10-18 14:57:59,925 [Thread-296] INFO  impl.FollowerState (FollowerState.java:run(117)) - 6605b8a5-570b-4977-9ee7-6aaf3012bed5@group-58A987F56150-FollowerState was interrupted: java.lang.InterruptedException: sleep interrupted
2019-10-18 14:57:59,956 [327657b1-60f8-49f2-b2a3-f63e1f934942@group-58A987F56150-LeaderElection15] INFO  impl.LeaderElection (LeaderElection.java:logAndReturn(56)) - 327657b1-60f8-49f2-b2a3-f63e1f934942@group-58A987F56150-LeaderElection15: Election REJECTED; received 2 response(s) [327657b1-60f8-49f2-b2a3-f63e1f934942<-6605b8a5-570b-4977-9ee7-6aaf3012bed5#0:FAIL-t11, 327657b1-60f8-49f2-b2a3-f63e1f934942<-ddd4789c-894d-475a-bbfb-f6e7aa670c92#0:FAIL-t11] and 0 exception(s); 327657b1-60f8-49f2-b2a3-f63e1f934942@group-58A987F56150:t11, leader=null, voted=327657b1-60f8-49f2-b2a3-f63e1f934942, raftlog=327657b1-60f8-49f2-b2a3-f63e1f934942@group-58A987F56150-SegmentedRaftLog:OPENED:c-1,f-1,i0, conf=-1: [6605b8a5-570b-4977-9ee7-6aaf3012bed5:192.168.164.233:35223, 327657b1-60f8-49f2-b2a3-f63e1f934942:192.168.164.233:41966, ddd4789c-894d-475a-bbfb-f6e7aa670c92:192.168.164.233:41061], old=null
2019-10-18 14:57:59,957 [327657b1-60f8-49f2-b2a3-f63e1f934942@group-58A987F56150-LeaderElection15] INFO  impl.RaftServerImpl (RaftServerImpl.java:setRole(184)) - 327657b1-60f8-49f2-b2a3-f63e1f934942@group-58A987F56150: changes role from CANDIDATE to FOLLOWER at term 11 for DISCOVERED_A_NEW_TERM
2019-10-18 14:57:59,957 [327657b1-60f8-49f2-b2a3-f63e1f934942@group-58A987F56150-LeaderElection15] INFO  impl.RoleInfo (RoleInfo.java:shutdownLeaderElection(134)) - 327657b1-60f8-49f2-b2a3-f63e1f934942: shutdown LeaderElection
2019-10-18 14:57:59,957 [327657b1-60f8-49f2-b2a3-f63e1f934942@group-58A987F56150-LeaderElection15] INFO  impl.RoleInfo (RoleInfo.java:updateAndGet(143)) - 327657b1-60f8-49f2-b2a3-f63e1f934942: start FollowerState
2019-10-18 14:57:59,960 [Thread-304] INFO  rpc.RpcClient (RpcClient.java:createVolume(272)) - Creating Volume: a4e1feb5-7d20-45f4-86a6-961c71eb3e7b, with jenkins1000 as owner.
2019-10-18 14:58:00,078 [OM StateMachine ApplyTransaction Thread - 0] INFO  volume.OMVolumeCreateRequest (OMVolumeCreateRequest.java:validateAndUpdateCache(193)) - created volume:a4e1feb5-7d20-45f4-86a6-961c71eb3e7b for user:jenkins1000
2019-10-18 14:58:00,096 [Thread-304] INFO  rpc.RpcClient (RpcClient.java:createBucket(411)) - Creating Bucket: a4e1feb5-7d20-45f4-86a6-961c71eb3e7b/1ad1c150-ca45-4f05-9a14-dddae639855a, with Versioning false and Storage Type set to DISK and Encryption set to false 
2019-10-18 14:58:00,150 [Thread-306] INFO  impl.FollowerState (FollowerState.java:run(108)) - 327657b1-60f8-49f2-b2a3-f63e1f934942@group-58A987F56150-FollowerState: change to CANDIDATE, lastRpcTime:193ms, electionTimeout:193ms
2019-10-18 14:58:00,151 [Thread-306] INFO  impl.RoleInfo (RoleInfo.java:shutdownFollowerState(121)) - 327657b1-60f8-49f2-b2a3-f63e1f934942: shutdown FollowerState
2019-10-18 14:58:00,151 [Thread-306] INFO  impl.RaftServerImpl (RaftServerImpl.java:setRole(184)) - 327657b1-60f8-49f2-b2a3-f63e1f934942@group-58A987F56150: changes role from  FOLLOWER to CANDIDATE at term 11 for changeToCandidate
2019-10-18 14:58:00,151 [Thread-306] INFO  impl.RoleInfo (RoleInfo.java:updateAndGet(143)) - 327657b1-60f8-49f2-b2a3-f63e1f934942: start LeaderElection
2019-10-18 14:58:00,165 [327657b1-60f8-49f2-b2a3-f63e1f934942@group-58A987F56150-LeaderElection16] INFO  impl.LeaderElection (LeaderElection.java:askForVotes(178)) - 327657b1-60f8-49f2-b2a3-f63e1f934942@group-58A987F56150-LeaderElection16: begin an election at term 12 for -1: [6605b8a5-570b-4977-9ee7-6aaf3012bed5:192.168.164.233:35223, 327657b1-60f8-49f2-b2a3-f63e1f934942:192.168.164.233:41966, ddd4789c-894d-475a-bbfb-f6e7aa670c92:192.168.164.233:41061], old=null
2019-10-18 14:58:00,171 [grpc-default-executor-2] INFO  impl.RaftServerImpl (RaftServerImpl.java:setRole(184)) - 6605b8a5-570b-4977-9ee7-6aaf3012bed5@group-58A987F56150: changes role from  FOLLOWER to FOLLOWER at term 12 for recognizeCandidate:327657b1-60f8-49f2-b2a3-f63e1f934942
2019-10-18 14:58:00,172 [grpc-default-executor-2] INFO  impl.RoleInfo (RoleInfo.java:shutdownFollowerState(121)) - 6605b8a5-570b-4977-9ee7-6aaf3012bed5: shutdown FollowerState
2019-10-18 14:58:00,172 [grpc-default-executor-5] INFO  impl.RaftServerImpl (RaftServerImpl.java:setRole(184)) - ddd4789c-894d-475a-bbfb-f6e7aa670c92@group-58A987F56150: changes role from  FOLLOWER to FOLLOWER at term 12 for recognizeCandidate:327657b1-60f8-49f2-b2a3-f63e1f934942
2019-10-18 14:58:00,172 [grpc-default-executor-2] INFO  impl.RoleInfo (RoleInfo.java:updateAndGet(143)) - 6605b8a5-570b-4977-9ee7-6aaf3012bed5: start FollowerState
2019-10-18 14:58:00,172 [Thread-302] INFO  impl.FollowerState (FollowerState.java:run(117)) - 6605b8a5-570b-4977-9ee7-6aaf3012bed5@group-58A987F56150-FollowerState was interrupted: java.lang.InterruptedException: sleep interrupted
2019-10-18 14:58:00,172 [grpc-default-executor-5] INFO  impl.RoleInfo (RoleInfo.java:shutdownFollowerState(121)) - ddd4789c-894d-475a-bbfb-f6e7aa670c92: shutdown FollowerState
2019-10-18 14:58:00,173 [Thread-303] INFO  impl.FollowerState (FollowerState.java:run(117)) - ddd4789c-894d-475a-bbfb-f6e7aa670c92@group-58A987F56150-FollowerState was interrupted: java.lang.InterruptedException: sleep interrupted
2019-10-18 14:58:00,173 [grpc-default-executor-5] INFO  impl.RoleInfo (RoleInfo.java:updateAndGet(143)) - ddd4789c-894d-475a-bbfb-f6e7aa670c92: start FollowerState
2019-10-18 14:58:00,192 [327657b1-60f8-49f2-b2a3-f63e1f934942@group-58A987F56150-LeaderElection16] INFO  impl.LeaderElection (LeaderElection.java:logAndReturn(56)) - 327657b1-60f8-49f2-b2a3-f63e1f934942@group-58A987F56150-LeaderElection16: Election REJECTED; received 2 response(s) [327657b1-60f8-49f2-b2a3-f63e1f934942<-6605b8a5-570b-4977-9ee7-6aaf3012bed5#0:FAIL-t12, 327657b1-60f8-49f2-b2a3-f63e1f934942<-ddd4789c-894d-475a-bbfb-f6e7aa670c92#0:FAIL-t12] and 0 exception(s); 327657b1-60f8-49f2-b2a3-f63e1f934942@group-58A987F56150:t12, leader=null, voted=327657b1-60f8-49f2-b2a3-f63e1f934942, raftlog=327657b1-60f8-49f2-b2a3-f63e1f934942@group-58A987F56150-SegmentedRaftLog:OPENED:c-1,f-1,i0, conf=-1: [6605b8a5-570b-4977-9ee7-6aaf3012bed5:192.168.164.233:35223, 327657b1-60f8-49f2-b2a3-f63e1f934942:192.168.164.233:41966, ddd4789c-894d-475a-bbfb-f6e7aa670c92:192.168.164.233:41061], old=null
2019-10-18 14:58:00,192 [327657b1-60f8-49f2-b2a3-f63e1f934942@group-58A987F56150-LeaderElection16] INFO  impl.RaftServerImpl (RaftServerImpl.java:setRole(184)) - 327657b1-60f8-49f2-b2a3-f63e1f934942@group-58A987F56150: changes role from CANDIDATE to FOLLOWER at term 12 for DISCOVERED_A_NEW_TERM
2019-10-18 14:58:00,192 [327657b1-60f8-49f2-b2a3-f63e1f934942@group-58A987F56150-LeaderElection16] INFO  impl.RoleInfo (RoleInfo.java:shutdownLeaderElection(134)) - 327657b1-60f8-49f2-b2a3-f63e1f934942: shutdown LeaderElection
2019-10-18 14:58:00,192 [327657b1-60f8-49f2-b2a3-f63e1f934942@group-58A987F56150-LeaderElection16] INFO  impl.RoleInfo (RoleInfo.java:updateAndGet(143)) - 327657b1-60f8-49f2-b2a3-f63e1f934942: start FollowerState
2019-10-18 14:58:00,266 [Thread-304] INFO  impl.MetricsSystemImpl (MetricsSystemImpl.java:init(158)) - XceiverClientMetrics metrics system started (again)
2019-10-18 14:58:00,345 [Thread-312] INFO  impl.FollowerState (FollowerState.java:run(108)) - 327657b1-60f8-49f2-b2a3-f63e1f934942@group-58A987F56150-FollowerState: change to CANDIDATE, lastRpcTime:152ms, electionTimeout:152ms
2019-10-18 14:58:00,345 [Thread-312] INFO  impl.RoleInfo (RoleInfo.java:shutdownFollowerState(121)) - 327657b1-60f8-49f2-b2a3-f63e1f934942: shutdown FollowerState
2019-10-18 14:58:00,346 [Thread-312] INFO  impl.RaftServerImpl (RaftServerImpl.java:setRole(184)) - 327657b1-60f8-49f2-b2a3-f63e1f934942@group-58A987F56150: changes role from  FOLLOWER to CANDIDATE at term 12 for changeToCandidate
2019-10-18 14:58:00,346 [Thread-312] INFO  impl.RoleInfo (RoleInfo.java:updateAndGet(143)) - 327657b1-60f8-49f2-b2a3-f63e1f934942: start LeaderElection
2019-10-18 14:58:00,362 [327657b1-60f8-49f2-b2a3-f63e1f934942@group-58A987F56150-LeaderElection17] INFO  impl.LeaderElection (LeaderElection.java:askForVotes(178)) - 327657b1-60f8-49f2-b2a3-f63e1f934942@group-58A987F56150-LeaderElection17: begin an election at term 13 for -1: [6605b8a5-570b-4977-9ee7-6aaf3012bed5:192.168.164.233:35223, 327657b1-60f8-49f2-b2a3-f63e1f934942:192.168.164.233:41966, ddd4789c-894d-475a-bbfb-f6e7aa670c92:192.168.164.233:41061], old=null
2019-10-18 14:58:00,365 [grpc-default-executor-5] INFO  impl.RaftServerImpl (RaftServerImpl.java:setRole(184)) - ddd4789c-894d-475a-bbfb-f6e7aa670c92@group-58A987F56150: changes role from  FOLLOWER to FOLLOWER at term 13 for recognizeCandidate:327657b1-60f8-49f2-b2a3-f63e1f934942
2019-10-18 14:58:00,365 [grpc-default-executor-2] INFO  impl.RaftServerImpl (RaftServerImpl.java:setRole(184)) - 6605b8a5-570b-4977-9ee7-6aaf3012bed5@group-58A987F56150: changes role from  FOLLOWER to FOLLOWER at term 13 for recognizeCandidate:327657b1-60f8-49f2-b2a3-f63e1f934942
2019-10-18 14:58:00,365 [grpc-default-executor-5] INFO  impl.RoleInfo (RoleInfo.java:shutdownFollowerState(121)) - ddd4789c-894d-475a-bbfb-f6e7aa670c92: shutdown FollowerState
2019-10-18 14:58:00,365 [grpc-default-executor-2] INFO  impl.RoleInfo (RoleInfo.java:shutdownFollowerState(121)) - 6605b8a5-570b-4977-9ee7-6aaf3012bed5: shutdown FollowerState
2019-10-18 14:58:00,365 [Thread-311] INFO  impl.FollowerState (FollowerState.java:run(117)) - ddd4789c-894d-475a-bbfb-f6e7aa670c92@group-58A987F56150-FollowerState was interrupted: java.lang.InterruptedException: sleep interrupted
2019-10-18 14:58:00,365 [Thread-310] INFO  impl.FollowerState (FollowerState.java:run(117)) - 6605b8a5-570b-4977-9ee7-6aaf3012bed5@group-58A987F56150-FollowerState was interrupted: java.lang.InterruptedException: sleep interrupted
2019-10-18 14:58:00,365 [grpc-default-executor-5] INFO  impl.RoleInfo (RoleInfo.java:updateAndGet(143)) - ddd4789c-894d-475a-bbfb-f6e7aa670c92: start FollowerState
2019-10-18 14:58:00,365 [grpc-default-executor-2] INFO  impl.RoleInfo (RoleInfo.java:updateAndGet(143)) - 6605b8a5-570b-4977-9ee7-6aaf3012bed5: start FollowerState
2019-10-18 14:58:00,393 [327657b1-60f8-49f2-b2a3-f63e1f934942@group-58A987F56150-LeaderElection17] INFO  impl.LeaderElection (LeaderElection.java:logAndReturn(56)) - 327657b1-60f8-49f2-b2a3-f63e1f934942@group-58A987F56150-LeaderElection17: Election REJECTED; received 2 response(s) [327657b1-60f8-49f2-b2a3-f63e1f934942<-6605b8a5-570b-4977-9ee7-6aaf3012bed5#0:FAIL-t13, 327657b1-60f8-49f2-b2a3-f63e1f934942<-ddd4789c-894d-475a-bbfb-f6e7aa670c92#0:FAIL-t13] and 0 exception(s); 327657b1-60f8-49f2-b2a3-f63e1f934942@group-58A987F56150:t13, leader=null, voted=327657b1-60f8-49f2-b2a3-f63e1f934942, raftlog=327657b1-60f8-49f2-b2a3-f63e1f934942@group-58A987F56150-SegmentedRaftLog:OPENED:c-1,f-1,i0, conf=-1: [6605b8a5-570b-4977-9ee7-6aaf3012bed5:192.168.164.233:35223, 327657b1-60f8-49f2-b2a3-f63e1f934942:192.168.164.233:41966, ddd4789c-894d-475a-bbfb-f6e7aa670c92:192.168.164.233:41061], old=null
2019-10-18 14:58:00,394 [327657b1-60f8-49f2-b2a3-f63e1f934942@group-58A987F56150-LeaderElection17] INFO  impl.RaftServerImpl (RaftServerImpl.java:setRole(184)) - 327657b1-60f8-49f2-b2a3-f63e1f934942@group-58A987F56150: changes role from CANDIDATE to FOLLOWER at term 13 for DISCOVERED_A_NEW_TERM
2019-10-18 14:58:00,394 [327657b1-60f8-49f2-b2a3-f63e1f934942@group-58A987F56150-LeaderElection17] INFO  impl.RoleInfo (RoleInfo.java:shutdownLeaderElection(134)) - 327657b1-60f8-49f2-b2a3-f63e1f934942: shutdown LeaderElection
2019-10-18 14:58:00,394 [327657b1-60f8-49f2-b2a3-f63e1f934942@group-58A987F56150-LeaderElection17] INFO  impl.RoleInfo (RoleInfo.java:updateAndGet(143)) - 327657b1-60f8-49f2-b2a3-f63e1f934942: start FollowerState
2019-10-18 14:58:00,423 [Thread-321] INFO  impl.FollowerState (FollowerState.java:run(108)) - 327657b1-60f8-49f2-b2a3-f63e1f934942@group-58A987F56150-FollowerState: change to CANDIDATE, lastRpcTime:29ms, electionTimeout:29ms
2019-10-18 14:58:00,425 [Thread-321] INFO  impl.RoleInfo (RoleInfo.java:shutdownFollowerState(121)) - 327657b1-60f8-49f2-b2a3-f63e1f934942: shutdown FollowerState
2019-10-18 14:58:00,425 [Thread-321] INFO  impl.RaftServerImpl (RaftServerImpl.java:setRole(184)) - 327657b1-60f8-49f2-b2a3-f63e1f934942@group-58A987F56150: changes role from  FOLLOWER to CANDIDATE at term 13 for changeToCandidate
2019-10-18 14:58:00,425 [Thread-321] INFO  impl.RoleInfo (RoleInfo.java:updateAndGet(143)) - 327657b1-60f8-49f2-b2a3-f63e1f934942: start LeaderElection
2019-10-18 14:58:00,440 [327657b1-60f8-49f2-b2a3-f63e1f934942@group-58A987F56150-LeaderElection18] INFO  impl.LeaderElection (LeaderElection.java:askForVotes(178)) - 327657b1-60f8-49f2-b2a3-f63e1f934942@group-58A987F56150-LeaderElection18: begin an election at term 14 for -1: [6605b8a5-570b-4977-9ee7-6aaf3012bed5:192.168.164.233:35223, 327657b1-60f8-49f2-b2a3-f63e1f934942:192.168.164.233:41966, ddd4789c-894d-475a-bbfb-f6e7aa670c92:192.168.164.233:41061], old=null
2019-10-18 14:58:00,443 [grpc-default-executor-2] INFO  impl.RaftServerImpl (RaftServerImpl.java:setRole(184)) - ddd4789c-894d-475a-bbfb-f6e7aa670c92@group-58A987F56150: changes role from  FOLLOWER to FOLLOWER at term 14 for recognizeCandidate:327657b1-60f8-49f2-b2a3-f63e1f934942
2019-10-18 14:58:00,443 [grpc-default-executor-5] INFO  impl.RaftServerImpl (RaftServerImpl.java:setRole(184)) - 6605b8a5-570b-4977-9ee7-6aaf3012bed5@group-58A987F56150: changes role from  FOLLOWER to FOLLOWER at term 14 for recognizeCandidate:327657b1-60f8-49f2-b2a3-f63e1f934942
2019-10-18 14:58:00,443 [grpc-default-executor-2] INFO  impl.RoleInfo (RoleInfo.java:shutdownFollowerState(121)) - ddd4789c-894d-475a-bbfb-f6e7aa670c92: shutdown FollowerState
2019-10-18 14:58:00,443 [grpc-default-executor-5] INFO  impl.RoleInfo (RoleInfo.java:shutdownFollowerState(121)) - 6605b8a5-570b-4977-9ee7-6aaf3012bed5: shutdown FollowerState
2019-10-18 14:58:00,444 [Thread-319] INFO  impl.FollowerState (FollowerState.java:run(117)) - ddd4789c-894d-475a-bbfb-f6e7aa670c92@group-58A987F56150-FollowerState was interrupted: java.lang.InterruptedException: sleep interrupted
2019-10-18 14:58:00,444 [grpc-default-executor-2] INFO  impl.RoleInfo (RoleInfo.java:updateAndGet(143)) - ddd4789c-894d-475a-bbfb-f6e7aa670c92: start FollowerState
2019-10-18 14:58:00,444 [grpc-default-executor-5] INFO  impl.RoleInfo (RoleInfo.java:updateAndGet(143)) - 6605b8a5-570b-4977-9ee7-6aaf3012bed5: start FollowerState
2019-10-18 14:58:00,444 [Thread-320] INFO  impl.FollowerState (FollowerState.java:run(117)) - 6605b8a5-570b-4977-9ee7-6aaf3012bed5@group-58A987F56150-FollowerState was interrupted: java.lang.InterruptedException: sleep interrupted
2019-10-18 14:58:00,471 [327657b1-60f8-49f2-b2a3-f63e1f934942@group-58A987F56150-LeaderElection18] INFO  impl.LeaderElection (LeaderElection.java:logAndReturn(56)) - 327657b1-60f8-49f2-b2a3-f63e1f934942@group-58A987F56150-LeaderElection18: Election REJECTED; received 2 response(s) [327657b1-60f8-49f2-b2a3-f63e1f934942<-6605b8a5-570b-4977-9ee7-6aaf3012bed5#0:FAIL-t14, 327657b1-60f8-49f2-b2a3-f63e1f934942<-ddd4789c-894d-475a-bbfb-f6e7aa670c92#0:FAIL-t14] and 0 exception(s); 327657b1-60f8-49f2-b2a3-f63e1f934942@group-58A987F56150:t14, leader=null, voted=327657b1-60f8-49f2-b2a3-f63e1f934942, raftlog=327657b1-60f8-49f2-b2a3-f63e1f934942@group-58A987F56150-SegmentedRaftLog:OPENED:c-1,f-1,i0, conf=-1: [6605b8a5-570b-4977-9ee7-6aaf3012bed5:192.168.164.233:35223, 327657b1-60f8-49f2-b2a3-f63e1f934942:192.168.164.233:41966, ddd4789c-894d-475a-bbfb-f6e7aa670c92:192.168.164.233:41061], old=null
2019-10-18 14:58:00,471 [327657b1-60f8-49f2-b2a3-f63e1f934942@group-58A987F56150-LeaderElection18] INFO  impl.RaftServerImpl (RaftServerImpl.java:setRole(184)) - 327657b1-60f8-49f2-b2a3-f63e1f934942@group-58A987F56150: changes role from CANDIDATE to FOLLOWER at term 14 for DISCOVERED_A_NEW_TERM
2019-10-18 14:58:00,471 [327657b1-60f8-49f2-b2a3-f63e1f934942@group-58A987F56150-LeaderElection18] INFO  impl.RoleInfo (RoleInfo.java:shutdownLeaderElection(134)) - 327657b1-60f8-49f2-b2a3-f63e1f934942: shutdown LeaderElection
2019-10-18 14:58:00,471 [327657b1-60f8-49f2-b2a3-f63e1f934942@group-58A987F56150-LeaderElection18] INFO  impl.RoleInfo (RoleInfo.java:updateAndGet(143)) - 327657b1-60f8-49f2-b2a3-f63e1f934942: start FollowerState
2019-10-18 14:58:00,607 [Thread-200] INFO  container.ReplicationManager (ReplicationManager.java:start(162)) - Starting Replication Monitor Thread.
2019-10-18 14:58:00,612 [ReplicationMonitor] INFO  container.ReplicationManager (ReplicationManager.java:run(225)) - Replication Monitor Thread took 4 milliseconds for processing 1 containers.
2019-10-18 14:58:00,634 [Thread-327] INFO  impl.FollowerState (FollowerState.java:run(108)) - 327657b1-60f8-49f2-b2a3-f63e1f934942@group-58A987F56150-FollowerState: change to CANDIDATE, lastRpcTime:162ms, electionTimeout:162ms
2019-10-18 14:58:00,634 [Thread-327] INFO  impl.RoleInfo (RoleInfo.java:shutdownFollowerState(121)) - 327657b1-60f8-49f2-b2a3-f63e1f934942: shutdown FollowerState
2019-10-18 14:58:00,634 [Thread-327] INFO  impl.RaftServerImpl (RaftServerImpl.java:setRole(184)) - 327657b1-60f8-49f2-b2a3-f63e1f934942@group-58A987F56150: changes role from  FOLLOWER to CANDIDATE at term 14 for changeToCandidate
2019-10-18 14:58:00,634 [Thread-327] INFO  impl.RoleInfo (RoleInfo.java:updateAndGet(143)) - 327657b1-60f8-49f2-b2a3-f63e1f934942: start LeaderElection
2019-10-18 14:58:00,647 [327657b1-60f8-49f2-b2a3-f63e1f934942@group-58A987F56150-LeaderElection19] INFO  impl.LeaderElection (LeaderElection.java:askForVotes(178)) - 327657b1-60f8-49f2-b2a3-f63e1f934942@group-58A987F56150-LeaderElection19: begin an election at term 15 for -1: [6605b8a5-570b-4977-9ee7-6aaf3012bed5:192.168.164.233:35223, 327657b1-60f8-49f2-b2a3-f63e1f934942:192.168.164.233:41966, ddd4789c-894d-475a-bbfb-f6e7aa670c92:192.168.164.233:41061], old=null
2019-10-18 14:58:00,651 [grpc-default-executor-5] INFO  impl.RaftServerImpl (RaftServerImpl.java:setRole(184)) - ddd4789c-894d-475a-bbfb-f6e7aa670c92@group-58A987F56150: changes role from  FOLLOWER to FOLLOWER at term 15 for recognizeCandidate:327657b1-60f8-49f2-b2a3-f63e1f934942
2019-10-18 14:58:00,651 [grpc-default-executor-5] INFO  impl.RoleInfo (RoleInfo.java:shutdownFollowerState(121)) - ddd4789c-894d-475a-bbfb-f6e7aa670c92: shutdown FollowerState
2019-10-18 14:58:00,651 [grpc-default-executor-2] INFO  impl.RaftServerImpl (RaftServerImpl.java:setRole(184)) - 6605b8a5-570b-4977-9ee7-6aaf3012bed5@group-58A987F56150: changes role from  FOLLOWER to FOLLOWER at term 15 for recognizeCandidate:327657b1-60f8-49f2-b2a3-f63e1f934942
2019-10-18 14:58:00,652 [grpc-default-executor-5] INFO  impl.RoleInfo (RoleInfo.java:updateAndGet(143)) - ddd4789c-894d-475a-bbfb-f6e7aa670c92: start FollowerState
2019-10-18 14:58:00,652 [Thread-325] INFO  impl.FollowerState (FollowerState.java:run(117)) - ddd4789c-894d-475a-bbfb-f6e7aa670c92@group-58A987F56150-FollowerState was interrupted: java.lang.InterruptedException: sleep interrupted
2019-10-18 14:58:00,652 [grpc-default-executor-2] INFO  impl.RoleInfo (RoleInfo.java:shutdownFollowerState(121)) - 6605b8a5-570b-4977-9ee7-6aaf3012bed5: shutdown FollowerState
2019-10-18 14:58:00,652 [Thread-326] INFO  impl.FollowerState (FollowerState.java:run(117)) - 6605b8a5-570b-4977-9ee7-6aaf3012bed5@group-58A987F56150-FollowerState was interrupted: java.lang.InterruptedException: sleep interrupted
2019-10-18 14:58:00,652 [grpc-default-executor-2] INFO  impl.RoleInfo (RoleInfo.java:updateAndGet(143)) - 6605b8a5-570b-4977-9ee7-6aaf3012bed5: start FollowerState
2019-10-18 14:58:00,679 [327657b1-60f8-49f2-b2a3-f63e1f934942@group-58A987F56150-LeaderElection19] INFO  impl.LeaderElection (LeaderElection.java:logAndReturn(56)) - 327657b1-60f8-49f2-b2a3-f63e1f934942@group-58A987F56150-LeaderElection19: Election REJECTED; received 2 response(s) [327657b1-60f8-49f2-b2a3-f63e1f934942<-6605b8a5-570b-4977-9ee7-6aaf3012bed5#0:FAIL-t15, 327657b1-60f8-49f2-b2a3-f63e1f934942<-ddd4789c-894d-475a-bbfb-f6e7aa670c92#0:FAIL-t15] and 0 exception(s); 327657b1-60f8-49f2-b2a3-f63e1f934942@group-58A987F56150:t15, leader=null, voted=327657b1-60f8-49f2-b2a3-f63e1f934942, raftlog=327657b1-60f8-49f2-b2a3-f63e1f934942@group-58A987F56150-SegmentedRaftLog:OPENED:c-1,f-1,i0, conf=-1: [6605b8a5-570b-4977-9ee7-6aaf3012bed5:192.168.164.233:35223, 327657b1-60f8-49f2-b2a3-f63e1f934942:192.168.164.233:41966, ddd4789c-894d-475a-bbfb-f6e7aa670c92:192.168.164.233:41061], old=null
2019-10-18 14:58:00,679 [327657b1-60f8-49f2-b2a3-f63e1f934942@group-58A987F56150-LeaderElection19] INFO  impl.RaftServerImpl (RaftServerImpl.java:setRole(184)) - 327657b1-60f8-49f2-b2a3-f63e1f934942@group-58A987F56150: changes role from CANDIDATE to FOLLOWER at term 15 for DISCOVERED_A_NEW_TERM
2019-10-18 14:58:00,680 [327657b1-60f8-49f2-b2a3-f63e1f934942@group-58A987F56150-LeaderElection19] INFO  impl.RoleInfo (RoleInfo.java:shutdownLeaderElection(134)) - 327657b1-60f8-49f2-b2a3-f63e1f934942: shutdown LeaderElection
2019-10-18 14:58:00,680 [327657b1-60f8-49f2-b2a3-f63e1f934942@group-58A987F56150-LeaderElection19] INFO  impl.RoleInfo (RoleInfo.java:updateAndGet(143)) - 327657b1-60f8-49f2-b2a3-f63e1f934942: start FollowerState
2019-10-18 14:58:00,689 [Thread-334] INFO  impl.FollowerState (FollowerState.java:run(108)) - 327657b1-60f8-49f2-b2a3-f63e1f934942@group-58A987F56150-FollowerState: change to CANDIDATE, lastRpcTime:9ms, electionTimeout:9ms
2019-10-18 14:58:00,691 [Thread-334] INFO  impl.RoleInfo (RoleInfo.java:shutdownFollowerState(121)) - 327657b1-60f8-49f2-b2a3-f63e1f934942: shutdown FollowerState
2019-10-18 14:58:00,691 [Thread-334] INFO  impl.RaftServerImpl (RaftServerImpl.java:setRole(184)) - 327657b1-60f8-49f2-b2a3-f63e1f934942@group-58A987F56150: changes role from  FOLLOWER to CANDIDATE at term 15 for changeToCandidate
2019-10-18 14:58:00,691 [Thread-334] INFO  impl.RoleInfo (RoleInfo.java:updateAndGet(143)) - 327657b1-60f8-49f2-b2a3-f63e1f934942: start LeaderElection
2019-10-18 14:58:00,705 [327657b1-60f8-49f2-b2a3-f63e1f934942@group-58A987F56150-LeaderElection20] INFO  impl.LeaderElection (LeaderElection.java:askForVotes(178)) - 327657b1-60f8-49f2-b2a3-f63e1f934942@group-58A987F56150-LeaderElection20: begin an election at term 16 for -1: [6605b8a5-570b-4977-9ee7-6aaf3012bed5:192.168.164.233:35223, 327657b1-60f8-49f2-b2a3-f63e1f934942:192.168.164.233:41966, ddd4789c-894d-475a-bbfb-f6e7aa670c92:192.168.164.233:41061], old=null
2019-10-18 14:58:00,708 [grpc-default-executor-2] INFO  impl.RaftServerImpl (RaftServerImpl.java:setRole(184)) - ddd4789c-894d-475a-bbfb-f6e7aa670c92@group-58A987F56150: changes role from  FOLLOWER to FOLLOWER at term 16 for recognizeCandidate:327657b1-60f8-49f2-b2a3-f63e1f934942
2019-10-18 14:58:00,708 [grpc-default-executor-5] INFO  impl.RaftServerImpl (RaftServerImpl.java:setRole(184)) - 6605b8a5-570b-4977-9ee7-6aaf3012bed5@group-58A987F56150: changes role from  FOLLOWER to FOLLOWER at term 16 for recognizeCandidate:327657b1-60f8-49f2-b2a3-f63e1f934942
2019-10-18 14:58:00,708 [grpc-default-executor-2] INFO  impl.RoleInfo (RoleInfo.java:shutdownFollowerState(121)) - ddd4789c-894d-475a-bbfb-f6e7aa670c92: shutdown FollowerState
2019-10-18 14:58:00,708 [grpc-default-executor-5] INFO  impl.RoleInfo (RoleInfo.java:shutdownFollowerState(121)) - 6605b8a5-570b-4977-9ee7-6aaf3012bed5: shutdown FollowerState
2019-10-18 14:58:00,709 [Thread-332] INFO  impl.FollowerState (FollowerState.java:run(117)) - ddd4789c-894d-475a-bbfb-f6e7aa670c92@group-58A987F56150-FollowerState was interrupted: java.lang.InterruptedException: sleep interrupted
2019-10-18 14:58:00,709 [Thread-333] INFO  impl.FollowerState (FollowerState.java:run(117)) - 6605b8a5-570b-4977-9ee7-6aaf3012bed5@group-58A987F56150-FollowerState was interrupted: java.lang.InterruptedException: sleep interrupted
2019-10-18 14:58:00,709 [grpc-default-executor-2] INFO  impl.RoleInfo (RoleInfo.java:updateAndGet(143)) - ddd4789c-894d-475a-bbfb-f6e7aa670c92: start FollowerState
2019-10-18 14:58:00,709 [grpc-default-executor-5] INFO  impl.RoleInfo (RoleInfo.java:updateAndGet(143)) - 6605b8a5-570b-4977-9ee7-6aaf3012bed5: start FollowerState
2019-10-18 14:58:00,738 [327657b1-60f8-49f2-b2a3-f63e1f934942@group-58A987F56150-LeaderElection20] INFO  impl.LeaderElection (LeaderElection.java:logAndReturn(56)) - 327657b1-60f8-49f2-b2a3-f63e1f934942@group-58A987F56150-LeaderElection20: Election REJECTED; received 2 response(s) [327657b1-60f8-49f2-b2a3-f63e1f934942<-6605b8a5-570b-4977-9ee7-6aaf3012bed5#0:FAIL-t16, 327657b1-60f8-49f2-b2a3-f63e1f934942<-ddd4789c-894d-475a-bbfb-f6e7aa670c92#0:FAIL-t16] and 0 exception(s); 327657b1-60f8-49f2-b2a3-f63e1f934942@group-58A987F56150:t16, leader=null, voted=327657b1-60f8-49f2-b2a3-f63e1f934942, raftlog=327657b1-60f8-49f2-b2a3-f63e1f934942@group-58A987F56150-SegmentedRaftLog:OPENED:c-1,f-1,i0, conf=-1: [6605b8a5-570b-4977-9ee7-6aaf3012bed5:192.168.164.233:35223, 327657b1-60f8-49f2-b2a3-f63e1f934942:192.168.164.233:41966, ddd4789c-894d-475a-bbfb-f6e7aa670c92:192.168.164.233:41061], old=null
2019-10-18 14:58:00,738 [327657b1-60f8-49f2-b2a3-f63e1f934942@group-58A987F56150-LeaderElection20] INFO  impl.RaftServerImpl (RaftServerImpl.java:setRole(184)) - 327657b1-60f8-49f2-b2a3-f63e1f934942@group-58A987F56150: changes role from CANDIDATE to FOLLOWER at term 16 for DISCOVERED_A_NEW_TERM
2019-10-18 14:58:00,738 [327657b1-60f8-49f2-b2a3-f63e1f934942@group-58A987F56150-LeaderElection20] INFO  impl.RoleInfo (RoleInfo.java:shutdownLeaderElection(134)) - 327657b1-60f8-49f2-b2a3-f63e1f934942: shutdown LeaderElection
2019-10-18 14:58:00,738 [327657b1-60f8-49f2-b2a3-f63e1f934942@group-58A987F56150-LeaderElection20] INFO  impl.RoleInfo (RoleInfo.java:updateAndGet(143)) - 327657b1-60f8-49f2-b2a3-f63e1f934942: start FollowerState
2019-10-18 14:58:00,886 [Thread-340] INFO  impl.FollowerState (FollowerState.java:run(108)) - 327657b1-60f8-49f2-b2a3-f63e1f934942@group-58A987F56150-FollowerState: change to CANDIDATE, lastRpcTime:147ms, electionTimeout:145ms
2019-10-18 14:58:00,891 [Thread-340] INFO  impl.RoleInfo (RoleInfo.java:shutdownFollowerState(121)) - 327657b1-60f8-49f2-b2a3-f63e1f934942: shutdown FollowerState
2019-10-18 14:58:00,891 [Thread-340] INFO  impl.RaftServerImpl (RaftServerImpl.java:setRole(184)) - 327657b1-60f8-49f2-b2a3-f63e1f934942@group-58A987F56150: changes role from  FOLLOWER to CANDIDATE at term 16 for changeToCandidate
2019-10-18 14:58:00,898 [Thread-340] INFO  impl.RoleInfo (RoleInfo.java:updateAndGet(143)) - 327657b1-60f8-49f2-b2a3-f63e1f934942: start LeaderElection
2019-10-18 14:58:00,914 [327657b1-60f8-49f2-b2a3-f63e1f934942@group-58A987F56150-LeaderElection21] INFO  impl.LeaderElection (LeaderElection.java:askForVotes(178)) - 327657b1-60f8-49f2-b2a3-f63e1f934942@group-58A987F56150-LeaderElection21: begin an election at term 17 for -1: [6605b8a5-570b-4977-9ee7-6aaf3012bed5:192.168.164.233:35223, 327657b1-60f8-49f2-b2a3-f63e1f934942:192.168.164.233:41966, ddd4789c-894d-475a-bbfb-f6e7aa670c92:192.168.164.233:41061], old=null
2019-10-18 14:58:00,940 [grpc-default-executor-2] INFO  impl.RaftServerImpl (RaftServerImpl.java:setRole(184)) - 6605b8a5-570b-4977-9ee7-6aaf3012bed5@group-58A987F56150: changes role from  FOLLOWER to FOLLOWER at term 17 for recognizeCandidate:327657b1-60f8-49f2-b2a3-f63e1f934942
2019-10-18 14:58:00,940 [grpc-default-executor-5] INFO  impl.RaftServerImpl (RaftServerImpl.java:setRole(184)) - ddd4789c-894d-475a-bbfb-f6e7aa670c92@group-58A987F56150: changes role from  FOLLOWER to FOLLOWER at term 17 for recognizeCandidate:327657b1-60f8-49f2-b2a3-f63e1f934942
2019-10-18 14:58:00,941 [grpc-default-executor-2] INFO  impl.RoleInfo (RoleInfo.java:shutdownFollowerState(121)) - 6605b8a5-570b-4977-9ee7-6aaf3012bed5: shutdown FollowerState
2019-10-18 14:58:00,943 [grpc-default-executor-5] INFO  impl.RoleInfo (RoleInfo.java:shutdownFollowerState(121)) - ddd4789c-894d-475a-bbfb-f6e7aa670c92: shutdown FollowerState
2019-10-18 14:58:00,944 [Thread-339] INFO  impl.FollowerState (FollowerState.java:run(117)) - 6605b8a5-570b-4977-9ee7-6aaf3012bed5@group-58A987F56150-FollowerState was interrupted: java.lang.InterruptedException: sleep interrupted
2019-10-18 14:58:00,943 [grpc-default-executor-2] INFO  impl.RoleInfo (RoleInfo.java:updateAndGet(143)) - 6605b8a5-570b-4977-9ee7-6aaf3012bed5: start FollowerState
2019-10-18 14:58:00,944 [Thread-338] INFO  impl.FollowerState (FollowerState.java:run(117)) - ddd4789c-894d-475a-bbfb-f6e7aa670c92@group-58A987F56150-FollowerState was interrupted: java.lang.InterruptedException: sleep interrupted
2019-10-18 14:58:00,944 [grpc-default-executor-5] INFO  impl.RoleInfo (RoleInfo.java:updateAndGet(143)) - ddd4789c-894d-475a-bbfb-f6e7aa670c92: start FollowerState
2019-10-18 14:58:00,983 [327657b1-60f8-49f2-b2a3-f63e1f934942@group-58A987F56150-LeaderElection21] INFO  impl.LeaderElection (LeaderElection.java:logAndReturn(56)) - 327657b1-60f8-49f2-b2a3-f63e1f934942@group-58A987F56150-LeaderElection21: Election REJECTED; received 2 response(s) [327657b1-60f8-49f2-b2a3-f63e1f934942<-6605b8a5-570b-4977-9ee7-6aaf3012bed5#0:FAIL-t17, 327657b1-60f8-49f2-b2a3-f63e1f934942<-ddd4789c-894d-475a-bbfb-f6e7aa670c92#0:FAIL-t17] and 0 exception(s); 327657b1-60f8-49f2-b2a3-f63e1f934942@group-58A987F56150:t17, leader=null, voted=327657b1-60f8-49f2-b2a3-f63e1f934942, raftlog=327657b1-60f8-49f2-b2a3-f63e1f934942@group-58A987F56150-SegmentedRaftLog:OPENED:c-1,f-1,i0, conf=-1: [6605b8a5-570b-4977-9ee7-6aaf3012bed5:192.168.164.233:35223, 327657b1-60f8-49f2-b2a3-f63e1f934942:192.168.164.233:41966, ddd4789c-894d-475a-bbfb-f6e7aa670c92:192.168.164.233:41061], old=null
2019-10-18 14:58:00,983 [327657b1-60f8-49f2-b2a3-f63e1f934942@group-58A987F56150-LeaderElection21] INFO  impl.RaftServerImpl (RaftServerImpl.java:setRole(184)) - 327657b1-60f8-49f2-b2a3-f63e1f934942@group-58A987F56150: changes role from CANDIDATE to FOLLOWER at term 17 for DISCOVERED_A_NEW_TERM
2019-10-18 14:58:00,983 [327657b1-60f8-49f2-b2a3-f63e1f934942@group-58A987F56150-LeaderElection21] INFO  impl.RoleInfo (RoleInfo.java:shutdownLeaderElection(134)) - 327657b1-60f8-49f2-b2a3-f63e1f934942: shutdown LeaderElection
2019-10-18 14:58:00,983 [327657b1-60f8-49f2-b2a3-f63e1f934942@group-58A987F56150-LeaderElection21] INFO  impl.RoleInfo (RoleInfo.java:updateAndGet(143)) - 327657b1-60f8-49f2-b2a3-f63e1f934942: start FollowerState
2019-10-18 14:58:01,048 [Thread-346] INFO  impl.FollowerState (FollowerState.java:run(108)) - 327657b1-60f8-49f2-b2a3-f63e1f934942@group-58A987F56150-FollowerState: change to CANDIDATE, lastRpcTime:64ms, electionTimeout:64ms
2019-10-18 14:58:01,053 [Thread-346] INFO  impl.RoleInfo (RoleInfo.java:shutdownFollowerState(121)) - 327657b1-60f8-49f2-b2a3-f63e1f934942: shutdown FollowerState
2019-10-18 14:58:01,053 [Thread-346] INFO  impl.RaftServerImpl (RaftServerImpl.java:setRole(184)) - 327657b1-60f8-49f2-b2a3-f63e1f934942@group-58A987F56150: changes role from  FOLLOWER to CANDIDATE at term 17 for changeToCandidate
2019-10-18 14:58:01,053 [Thread-346] INFO  impl.RoleInfo (RoleInfo.java:updateAndGet(143)) - 327657b1-60f8-49f2-b2a3-f63e1f934942: start LeaderElection
2019-10-18 14:58:01,067 [327657b1-60f8-49f2-b2a3-f63e1f934942@group-58A987F56150-LeaderElection22] INFO  impl.LeaderElection (LeaderElection.java:askForVotes(178)) - 327657b1-60f8-49f2-b2a3-f63e1f934942@group-58A987F56150-LeaderElection22: begin an election at term 18 for -1: [6605b8a5-570b-4977-9ee7-6aaf3012bed5:192.168.164.233:35223, 327657b1-60f8-49f2-b2a3-f63e1f934942:192.168.164.233:41966, ddd4789c-894d-475a-bbfb-f6e7aa670c92:192.168.164.233:41061], old=null
2019-10-18 14:58:01,071 [grpc-default-executor-2] INFO  impl.RaftServerImpl (RaftServerImpl.java:setRole(184)) - 6605b8a5-570b-4977-9ee7-6aaf3012bed5@group-58A987F56150: changes role from  FOLLOWER to FOLLOWER at term 18 for recognizeCandidate:327657b1-60f8-49f2-b2a3-f63e1f934942
2019-10-18 14:58:01,071 [grpc-default-executor-2] INFO  impl.RoleInfo (RoleInfo.java:shutdownFollowerState(121)) - 6605b8a5-570b-4977-9ee7-6aaf3012bed5: shutdown FollowerState
2019-10-18 14:58:01,071 [grpc-default-executor-5] INFO  impl.RaftServerImpl (RaftServerImpl.java:setRole(184)) - ddd4789c-894d-475a-bbfb-f6e7aa670c92@group-58A987F56150: changes role from  FOLLOWER to FOLLOWER at term 18 for recognizeCandidate:327657b1-60f8-49f2-b2a3-f63e1f934942
2019-10-18 14:58:01,071 [Thread-344] INFO  impl.FollowerState (FollowerState.java:run(117)) - 6605b8a5-570b-4977-9ee7-6aaf3012bed5@group-58A987F56150-FollowerState was interrupted: java.lang.InterruptedException: sleep interrupted
2019-10-18 14:58:01,071 [grpc-default-executor-2] INFO  impl.RoleInfo (RoleInfo.java:updateAndGet(143)) - 6605b8a5-570b-4977-9ee7-6aaf3012bed5: start FollowerState
2019-10-18 14:58:01,071 [grpc-default-executor-5] INFO  impl.RoleInfo (RoleInfo.java:shutdownFollowerState(121)) - ddd4789c-894d-475a-bbfb-f6e7aa670c92: shutdown FollowerState
2019-10-18 14:58:01,072 [grpc-default-executor-5] INFO  impl.RoleInfo (RoleInfo.java:updateAndGet(143)) - ddd4789c-894d-475a-bbfb-f6e7aa670c92: start FollowerState
2019-10-18 14:58:01,072 [Thread-345] INFO  impl.FollowerState (FollowerState.java:run(117)) - ddd4789c-894d-475a-bbfb-f6e7aa670c92@group-58A987F56150-FollowerState was interrupted: java.lang.InterruptedException: sleep interrupted
2019-10-18 14:58:01,087 [327657b1-60f8-49f2-b2a3-f63e1f934942@group-58A987F56150-LeaderElection22] INFO  impl.LeaderElection (LeaderElection.java:logAndReturn(56)) - 327657b1-60f8-49f2-b2a3-f63e1f934942@group-58A987F56150-LeaderElection22: Election REJECTED; received 2 response(s) [327657b1-60f8-49f2-b2a3-f63e1f934942<-6605b8a5-570b-4977-9ee7-6aaf3012bed5#0:FAIL-t18, 327657b1-60f8-49f2-b2a3-f63e1f934942<-ddd4789c-894d-475a-bbfb-f6e7aa670c92#0:FAIL-t18] and 0 exception(s); 327657b1-60f8-49f2-b2a3-f63e1f934942@group-58A987F56150:t18, leader=null, voted=327657b1-60f8-49f2-b2a3-f63e1f934942, raftlog=327657b1-60f8-49f2-b2a3-f63e1f934942@group-58A987F56150-SegmentedRaftLog:OPENED:c-1,f-1,i0, conf=-1: [6605b8a5-570b-4977-9ee7-6aaf3012bed5:192.168.164.233:35223, 327657b1-60f8-49f2-b2a3-f63e1f934942:192.168.164.233:41966, ddd4789c-894d-475a-bbfb-f6e7aa670c92:192.168.164.233:41061], old=null
2019-10-18 14:58:01,087 [327657b1-60f8-49f2-b2a3-f63e1f934942@group-58A987F56150-LeaderElection22] INFO  impl.RaftServerImpl (RaftServerImpl.java:setRole(184)) - 327657b1-60f8-49f2-b2a3-f63e1f934942@group-58A987F56150: changes role from CANDIDATE to FOLLOWER at term 18 for DISCOVERED_A_NEW_TERM
2019-10-18 14:58:01,087 [327657b1-60f8-49f2-b2a3-f63e1f934942@group-58A987F56150-LeaderElection22] INFO  impl.RoleInfo (RoleInfo.java:shutdownLeaderElection(134)) - 327657b1-60f8-49f2-b2a3-f63e1f934942: shutdown LeaderElection
2019-10-18 14:58:01,087 [327657b1-60f8-49f2-b2a3-f63e1f934942@group-58A987F56150-LeaderElection22] INFO  impl.RoleInfo (RoleInfo.java:updateAndGet(143)) - 327657b1-60f8-49f2-b2a3-f63e1f934942: start FollowerState
2019-10-18 14:58:01,217 [Thread-352] INFO  impl.FollowerState (FollowerState.java:run(108)) - 327657b1-60f8-49f2-b2a3-f63e1f934942@group-58A987F56150-FollowerState: change to CANDIDATE, lastRpcTime:130ms, electionTimeout:130ms
2019-10-18 14:58:01,219 [Thread-352] INFO  impl.RoleInfo (RoleInfo.java:shutdownFollowerState(121)) - 327657b1-60f8-49f2-b2a3-f63e1f934942: shutdown FollowerState
2019-10-18 14:58:01,219 [Thread-352] INFO  impl.RaftServerImpl (RaftServerImpl.java:setRole(184)) - 327657b1-60f8-49f2-b2a3-f63e1f934942@group-58A987F56150: changes role from  FOLLOWER to CANDIDATE at term 18 for changeToCandidate
2019-10-18 14:58:01,219 [Thread-352] INFO  impl.RoleInfo (RoleInfo.java:updateAndGet(143)) - 327657b1-60f8-49f2-b2a3-f63e1f934942: start LeaderElection
2019-10-18 14:58:01,234 [327657b1-60f8-49f2-b2a3-f63e1f934942@group-58A987F56150-LeaderElection23] INFO  impl.LeaderElection (LeaderElection.java:askForVotes(178)) - 327657b1-60f8-49f2-b2a3-f63e1f934942@group-58A987F56150-LeaderElection23: begin an election at term 19 for -1: [6605b8a5-570b-4977-9ee7-6aaf3012bed5:192.168.164.233:35223, 327657b1-60f8-49f2-b2a3-f63e1f934942:192.168.164.233:41966, ddd4789c-894d-475a-bbfb-f6e7aa670c92:192.168.164.233:41061], old=null
2019-10-18 14:58:01,237 [grpc-default-executor-5] INFO  impl.RaftServerImpl (RaftServerImpl.java:setRole(184)) - 6605b8a5-570b-4977-9ee7-6aaf3012bed5@group-58A987F56150: changes role from  FOLLOWER to FOLLOWER at term 19 for recognizeCandidate:327657b1-60f8-49f2-b2a3-f63e1f934942
2019-10-18 14:58:01,237 [grpc-default-executor-2] INFO  impl.RaftServerImpl (RaftServerImpl.java:setRole(184)) - ddd4789c-894d-475a-bbfb-f6e7aa670c92@group-58A987F56150: changes role from  FOLLOWER to FOLLOWER at term 19 for recognizeCandidate:327657b1-60f8-49f2-b2a3-f63e1f934942
2019-10-18 14:58:01,237 [grpc-default-executor-5] INFO  impl.RoleInfo (RoleInfo.java:shutdownFollowerState(121)) - 6605b8a5-570b-4977-9ee7-6aaf3012bed5: shutdown FollowerState
2019-10-18 14:58:01,237 [grpc-default-executor-2] INFO  impl.RoleInfo (RoleInfo.java:shutdownFollowerState(121)) - ddd4789c-894d-475a-bbfb-f6e7aa670c92: shutdown FollowerState
2019-10-18 14:58:01,237 [Thread-350] INFO  impl.FollowerState (FollowerState.java:run(117)) - 6605b8a5-570b-4977-9ee7-6aaf3012bed5@group-58A987F56150-FollowerState was interrupted: java.lang.InterruptedException: sleep interrupted
2019-10-18 14:58:01,237 [grpc-default-executor-5] INFO  impl.RoleInfo (RoleInfo.java:updateAndGet(143)) - 6605b8a5-570b-4977-9ee7-6aaf3012bed5: start FollowerState
2019-10-18 14:58:01,237 [grpc-default-executor-2] INFO  impl.RoleInfo (RoleInfo.java:updateAndGet(143)) - ddd4789c-894d-475a-bbfb-f6e7aa670c92: start FollowerState
2019-10-18 14:58:01,237 [Thread-351] INFO  impl.FollowerState (FollowerState.java:run(117)) - ddd4789c-894d-475a-bbfb-f6e7aa670c92@group-58A987F56150-FollowerState was interrupted: java.lang.InterruptedException: sleep interrupted
2019-10-18 14:58:01,252 [327657b1-60f8-49f2-b2a3-f63e1f934942@group-58A987F56150-LeaderElection23] INFO  impl.LeaderElection (LeaderElection.java:logAndReturn(56)) - 327657b1-60f8-49f2-b2a3-f63e1f934942@group-58A987F56150-LeaderElection23: Election REJECTED; received 2 response(s) [327657b1-60f8-49f2-b2a3-f63e1f934942<-6605b8a5-570b-4977-9ee7-6aaf3012bed5#0:FAIL-t19, 327657b1-60f8-49f2-b2a3-f63e1f934942<-ddd4789c-894d-475a-bbfb-f6e7aa670c92#0:FAIL-t19] and 0 exception(s); 327657b1-60f8-49f2-b2a3-f63e1f934942@group-58A987F56150:t19, leader=null, voted=327657b1-60f8-49f2-b2a3-f63e1f934942, raftlog=327657b1-60f8-49f2-b2a3-f63e1f934942@group-58A987F56150-SegmentedRaftLog:OPENED:c-1,f-1,i0, conf=-1: [6605b8a5-570b-4977-9ee7-6aaf3012bed5:192.168.164.233:35223, 327657b1-60f8-49f2-b2a3-f63e1f934942:192.168.164.233:41966, ddd4789c-894d-475a-bbfb-f6e7aa670c92:192.168.164.233:41061], old=null
2019-10-18 14:58:01,252 [327657b1-60f8-49f2-b2a3-f63e1f934942@group-58A987F56150-LeaderElection23] INFO  impl.RaftServerImpl (RaftServerImpl.java:setRole(184)) - 327657b1-60f8-49f2-b2a3-f63e1f934942@group-58A987F56150: changes role from CANDIDATE to FOLLOWER at term 19 for DISCOVERED_A_NEW_TERM
2019-10-18 14:58:01,252 [327657b1-60f8-49f2-b2a3-f63e1f934942@group-58A987F56150-LeaderElection23] INFO  impl.RoleInfo (RoleInfo.java:shutdownLeaderElection(134)) - 327657b1-60f8-49f2-b2a3-f63e1f934942: shutdown LeaderElection
2019-10-18 14:58:01,252 [327657b1-60f8-49f2-b2a3-f63e1f934942@group-58A987F56150-LeaderElection23] INFO  impl.RoleInfo (RoleInfo.java:updateAndGet(143)) - 327657b1-60f8-49f2-b2a3-f63e1f934942: start FollowerState
2019-10-18 14:58:01,438 [Thread-358] INFO  impl.FollowerState (FollowerState.java:run(108)) - 327657b1-60f8-49f2-b2a3-f63e1f934942@group-58A987F56150-FollowerState: change to CANDIDATE, lastRpcTime:186ms, electionTimeout:186ms
2019-10-18 14:58:01,439 [Thread-358] INFO  impl.RoleInfo (RoleInfo.java:shutdownFollowerState(121)) - 327657b1-60f8-49f2-b2a3-f63e1f934942: shutdown FollowerState
2019-10-18 14:58:01,440 [Thread-358] INFO  impl.RaftServerImpl (RaftServerImpl.java:setRole(184)) - 327657b1-60f8-49f2-b2a3-f63e1f934942@group-58A987F56150: changes role from  FOLLOWER to CANDIDATE at term 19 for changeToCandidate
2019-10-18 14:58:01,440 [Thread-358] INFO  impl.RoleInfo (RoleInfo.java:updateAndGet(143)) - 327657b1-60f8-49f2-b2a3-f63e1f934942: start LeaderElection
2019-10-18 14:58:01,465 [327657b1-60f8-49f2-b2a3-f63e1f934942@group-58A987F56150-LeaderElection24] INFO  impl.LeaderElection (LeaderElection.java:askForVotes(178)) - 327657b1-60f8-49f2-b2a3-f63e1f934942@group-58A987F56150-LeaderElection24: begin an election at term 20 for -1: [6605b8a5-570b-4977-9ee7-6aaf3012bed5:192.168.164.233:35223, 327657b1-60f8-49f2-b2a3-f63e1f934942:192.168.164.233:41966, ddd4789c-894d-475a-bbfb-f6e7aa670c92:192.168.164.233:41061], old=null
2019-10-18 14:58:01,468 [grpc-default-executor-5] INFO  impl.RaftServerImpl (RaftServerImpl.java:setRole(184)) - ddd4789c-894d-475a-bbfb-f6e7aa670c92@group-58A987F56150: changes role from  FOLLOWER to FOLLOWER at term 20 for recognizeCandidate:327657b1-60f8-49f2-b2a3-f63e1f934942
2019-10-18 14:58:01,468 [grpc-default-executor-2] INFO  impl.RaftServerImpl (RaftServerImpl.java:setRole(184)) - 6605b8a5-570b-4977-9ee7-6aaf3012bed5@group-58A987F56150: changes role from  FOLLOWER to FOLLOWER at term 20 for recognizeCandidate:327657b1-60f8-49f2-b2a3-f63e1f934942
2019-10-18 14:58:01,469 [grpc-default-executor-5] INFO  impl.RoleInfo (RoleInfo.java:shutdownFollowerState(121)) - ddd4789c-894d-475a-bbfb-f6e7aa670c92: shutdown FollowerState
2019-10-18 14:58:01,469 [grpc-default-executor-2] INFO  impl.RoleInfo (RoleInfo.java:shutdownFollowerState(121)) - 6605b8a5-570b-4977-9ee7-6aaf3012bed5: shutdown FollowerState
2019-10-18 14:58:01,469 [grpc-default-executor-5] INFO  impl.RoleInfo (RoleInfo.java:updateAndGet(143)) - ddd4789c-894d-475a-bbfb-f6e7aa670c92: start FollowerState
2019-10-18 14:58:01,469 [Thread-357] INFO  impl.FollowerState (FollowerState.java:run(117)) - ddd4789c-894d-475a-bbfb-f6e7aa670c92@group-58A987F56150-FollowerState was interrupted: java.lang.InterruptedException: sleep interrupted
2019-10-18 14:58:01,469 [Thread-356] INFO  impl.FollowerState (FollowerState.java:run(117)) - 6605b8a5-570b-4977-9ee7-6aaf3012bed5@group-58A987F56150-FollowerState was interrupted: java.lang.InterruptedException: sleep interrupted
2019-10-18 14:58:01,469 [grpc-default-executor-2] INFO  impl.RoleInfo (RoleInfo.java:updateAndGet(143)) - 6605b8a5-570b-4977-9ee7-6aaf3012bed5: start FollowerState
2019-10-18 14:58:01,496 [327657b1-60f8-49f2-b2a3-f63e1f934942@group-58A987F56150-LeaderElection24] INFO  impl.LeaderElection (LeaderElection.java:logAndReturn(56)) - 327657b1-60f8-49f2-b2a3-f63e1f934942@group-58A987F56150-LeaderElection24: Election REJECTED; received 2 response(s) [327657b1-60f8-49f2-b2a3-f63e1f934942<-6605b8a5-570b-4977-9ee7-6aaf3012bed5#0:FAIL-t20, 327657b1-60f8-49f2-b2a3-f63e1f934942<-ddd4789c-894d-475a-bbfb-f6e7aa670c92#0:FAIL-t20] and 0 exception(s); 327657b1-60f8-49f2-b2a3-f63e1f934942@group-58A987F56150:t20, leader=null, voted=327657b1-60f8-49f2-b2a3-f63e1f934942, raftlog=327657b1-60f8-49f2-b2a3-f63e1f934942@group-58A987F56150-SegmentedRaftLog:OPENED:c-1,f-1,i0, conf=-1: [6605b8a5-570b-4977-9ee7-6aaf3012bed5:192.168.164.233:35223, 327657b1-60f8-49f2-b2a3-f63e1f934942:192.168.164.233:41966, ddd4789c-894d-475a-bbfb-f6e7aa670c92:192.168.164.233:41061], old=null
2019-10-18 14:58:01,496 [327657b1-60f8-49f2-b2a3-f63e1f934942@group-58A987F56150-LeaderElection24] INFO  impl.RaftServerImpl (RaftServerImpl.java:setRole(184)) - 327657b1-60f8-49f2-b2a3-f63e1f934942@group-58A987F56150: changes role from CANDIDATE to FOLLOWER at term 20 for DISCOVERED_A_NEW_TERM
2019-10-18 14:58:01,497 [327657b1-60f8-49f2-b2a3-f63e1f934942@group-58A987F56150-LeaderElection24] INFO  impl.RoleInfo (RoleInfo.java:shutdownLeaderElection(134)) - 327657b1-60f8-49f2-b2a3-f63e1f934942: shutdown LeaderElection
2019-10-18 14:58:01,497 [327657b1-60f8-49f2-b2a3-f63e1f934942@group-58A987F56150-LeaderElection24] INFO  impl.RoleInfo (RoleInfo.java:updateAndGet(143)) - 327657b1-60f8-49f2-b2a3-f63e1f934942: start FollowerState
2019-10-18 14:58:01,658 [Thread-366] INFO  impl.FollowerState (FollowerState.java:run(108)) - 327657b1-60f8-49f2-b2a3-f63e1f934942@group-58A987F56150-FollowerState: change to CANDIDATE, lastRpcTime:161ms, electionTimeout:161ms
2019-10-18 14:58:01,659 [Thread-366] INFO  impl.RoleInfo (RoleInfo.java:shutdownFollowerState(121)) - 327657b1-60f8-49f2-b2a3-f63e1f934942: shutdown FollowerState
2019-10-18 14:58:01,660 [Thread-366] INFO  impl.RaftServerImpl (RaftServerImpl.java:setRole(184)) - 327657b1-60f8-49f2-b2a3-f63e1f934942@group-58A987F56150: changes role from  FOLLOWER to CANDIDATE at term 20 for changeToCandidate
2019-10-18 14:58:01,660 [Thread-366] INFO  impl.RoleInfo (RoleInfo.java:updateAndGet(143)) - 327657b1-60f8-49f2-b2a3-f63e1f934942: start LeaderElection
2019-10-18 14:58:01,675 [327657b1-60f8-49f2-b2a3-f63e1f934942@group-58A987F56150-LeaderElection25] INFO  impl.LeaderElection (LeaderElection.java:askForVotes(178)) - 327657b1-60f8-49f2-b2a3-f63e1f934942@group-58A987F56150-LeaderElection25: begin an election at term 21 for -1: [6605b8a5-570b-4977-9ee7-6aaf3012bed5:192.168.164.233:35223, 327657b1-60f8-49f2-b2a3-f63e1f934942:192.168.164.233:41966, ddd4789c-894d-475a-bbfb-f6e7aa670c92:192.168.164.233:41061], old=null
2019-10-18 14:58:01,678 [grpc-default-executor-5] INFO  impl.RaftServerImpl (RaftServerImpl.java:setRole(184)) - 6605b8a5-570b-4977-9ee7-6aaf3012bed5@group-58A987F56150: changes role from  FOLLOWER to FOLLOWER at term 21 for recognizeCandidate:327657b1-60f8-49f2-b2a3-f63e1f934942
2019-10-18 14:58:01,678 [grpc-default-executor-2] INFO  impl.RaftServerImpl (RaftServerImpl.java:setRole(184)) - ddd4789c-894d-475a-bbfb-f6e7aa670c92@group-58A987F56150: changes role from  FOLLOWER to FOLLOWER at term 21 for recognizeCandidate:327657b1-60f8-49f2-b2a3-f63e1f934942
2019-10-18 14:58:01,678 [grpc-default-executor-5] INFO  impl.RoleInfo (RoleInfo.java:shutdownFollowerState(121)) - 6605b8a5-570b-4977-9ee7-6aaf3012bed5: shutdown FollowerState
2019-10-18 14:58:01,679 [grpc-default-executor-2] INFO  impl.RoleInfo (RoleInfo.java:shutdownFollowerState(121)) - ddd4789c-894d-475a-bbfb-f6e7aa670c92: shutdown FollowerState
2019-10-18 14:58:01,679 [grpc-default-executor-5] INFO  impl.RoleInfo (RoleInfo.java:updateAndGet(143)) - 6605b8a5-570b-4977-9ee7-6aaf3012bed5: start FollowerState
2019-10-18 14:58:01,679 [Thread-365] INFO  impl.FollowerState (FollowerState.java:run(117)) - 6605b8a5-570b-4977-9ee7-6aaf3012bed5@group-58A987F56150-FollowerState was interrupted: java.lang.InterruptedException: sleep interrupted
2019-10-18 14:58:01,679 [Thread-364] INFO  impl.FollowerState (FollowerState.java:run(117)) - ddd4789c-894d-475a-bbfb-f6e7aa670c92@group-58A987F56150-FollowerState was interrupted: java.lang.InterruptedException: sleep interrupted
2019-10-18 14:58:01,679 [grpc-default-executor-2] INFO  impl.RoleInfo (RoleInfo.java:updateAndGet(143)) - ddd4789c-894d-475a-bbfb-f6e7aa670c92: start FollowerState
2019-10-18 14:58:01,694 [327657b1-60f8-49f2-b2a3-f63e1f934942@group-58A987F56150-LeaderElection25] INFO  impl.LeaderElection (LeaderElection.java:logAndReturn(56)) - 327657b1-60f8-49f2-b2a3-f63e1f934942@group-58A987F56150-LeaderElection25: Election TIMEOUT; received 0 response(s) [] and 0 exception(s); 327657b1-60f8-49f2-b2a3-f63e1f934942@group-58A987F56150:t21, leader=null, voted=327657b1-60f8-49f2-b2a3-f63e1f934942, raftlog=327657b1-60f8-49f2-b2a3-f63e1f934942@group-58A987F56150-SegmentedRaftLog:OPENED:c-1,f-1,i0, conf=-1: [6605b8a5-570b-4977-9ee7-6aaf3012bed5:192.168.164.233:35223, 327657b1-60f8-49f2-b2a3-f63e1f934942:192.168.164.233:41966, ddd4789c-894d-475a-bbfb-f6e7aa670c92:192.168.164.233:41061], old=null
2019-10-18 14:58:01,707 [327657b1-60f8-49f2-b2a3-f63e1f934942@group-58A987F56150-LeaderElection25] INFO  impl.LeaderElection (LeaderElection.java:askForVotes(178)) - 327657b1-60f8-49f2-b2a3-f63e1f934942@group-58A987F56150-LeaderElection25: begin an election at term 22 for -1: [6605b8a5-570b-4977-9ee7-6aaf3012bed5:192.168.164.233:35223, 327657b1-60f8-49f2-b2a3-f63e1f934942:192.168.164.233:41966, ddd4789c-894d-475a-bbfb-f6e7aa670c92:192.168.164.233:41061], old=null
2019-10-18 14:58:01,710 [grpc-default-executor-2] INFO  impl.RaftServerImpl (RaftServerImpl.java:setRole(184)) - 6605b8a5-570b-4977-9ee7-6aaf3012bed5@group-58A987F56150: changes role from  FOLLOWER to FOLLOWER at term 22 for recognizeCandidate:327657b1-60f8-49f2-b2a3-f63e1f934942
2019-10-18 14:58:01,712 [grpc-default-executor-2] INFO  impl.RoleInfo (RoleInfo.java:shutdownFollowerState(121)) - 6605b8a5-570b-4977-9ee7-6aaf3012bed5: shutdown FollowerState
2019-10-18 14:58:01,712 [grpc-default-executor-2] INFO  impl.RoleInfo (RoleInfo.java:updateAndGet(143)) - 6605b8a5-570b-4977-9ee7-6aaf3012bed5: start FollowerState
2019-10-18 14:58:01,712 [grpc-default-executor-5] INFO  impl.RaftServerImpl (RaftServerImpl.java:setRole(184)) - ddd4789c-894d-475a-bbfb-f6e7aa670c92@group-58A987F56150: changes role from  FOLLOWER to FOLLOWER at term 22 for recognizeCandidate:327657b1-60f8-49f2-b2a3-f63e1f934942
2019-10-18 14:58:01,712 [Thread-370] INFO  impl.FollowerState (FollowerState.java:run(117)) - 6605b8a5-570b-4977-9ee7-6aaf3012bed5@group-58A987F56150-FollowerState was interrupted: java.lang.InterruptedException: sleep interrupted
2019-10-18 14:58:01,712 [grpc-default-executor-5] INFO  impl.RoleInfo (RoleInfo.java:shutdownFollowerState(121)) - ddd4789c-894d-475a-bbfb-f6e7aa670c92: shutdown FollowerState
2019-10-18 14:58:01,713 [Thread-371] INFO  impl.FollowerState (FollowerState.java:run(117)) - ddd4789c-894d-475a-bbfb-f6e7aa670c92@group-58A987F56150-FollowerState was interrupted: java.lang.InterruptedException: sleep interrupted
2019-10-18 14:58:01,713 [grpc-default-executor-5] INFO  impl.RoleInfo (RoleInfo.java:updateAndGet(143)) - ddd4789c-894d-475a-bbfb-f6e7aa670c92: start FollowerState
2019-10-18 14:58:01,738 [327657b1-60f8-49f2-b2a3-f63e1f934942@group-58A987F56150-LeaderElection25] INFO  impl.LeaderElection (LeaderElection.java:logAndReturn(56)) - 327657b1-60f8-49f2-b2a3-f63e1f934942@group-58A987F56150-LeaderElection25: Election REJECTED; received 2 response(s) [327657b1-60f8-49f2-b2a3-f63e1f934942<-6605b8a5-570b-4977-9ee7-6aaf3012bed5#0:FAIL-t22, 327657b1-60f8-49f2-b2a3-f63e1f934942<-ddd4789c-894d-475a-bbfb-f6e7aa670c92#0:FAIL-t22] and 0 exception(s); 327657b1-60f8-49f2-b2a3-f63e1f934942@group-58A987F56150:t22, leader=null, voted=327657b1-60f8-49f2-b2a3-f63e1f934942, raftlog=327657b1-60f8-49f2-b2a3-f63e1f934942@group-58A987F56150-SegmentedRaftLog:OPENED:c-1,f-1,i0, conf=-1: [6605b8a5-570b-4977-9ee7-6aaf3012bed5:192.168.164.233:35223, 327657b1-60f8-49f2-b2a3-f63e1f934942:192.168.164.233:41966, ddd4789c-894d-475a-bbfb-f6e7aa670c92:192.168.164.233:41061], old=null
2019-10-18 14:58:01,739 [327657b1-60f8-49f2-b2a3-f63e1f934942@group-58A987F56150-LeaderElection25] INFO  impl.RaftServerImpl (RaftServerImpl.java:setRole(184)) - 327657b1-60f8-49f2-b2a3-f63e1f934942@group-58A987F56150: changes role from CANDIDATE to FOLLOWER at term 22 for DISCOVERED_A_NEW_TERM
2019-10-18 14:58:01,739 [327657b1-60f8-49f2-b2a3-f63e1f934942@group-58A987F56150-LeaderElection25] INFO  impl.RoleInfo (RoleInfo.java:shutdownLeaderElection(134)) - 327657b1-60f8-49f2-b2a3-f63e1f934942: shutdown LeaderElection
2019-10-18 14:58:01,739 [327657b1-60f8-49f2-b2a3-f63e1f934942@group-58A987F56150-LeaderElection25] INFO  impl.RoleInfo (RoleInfo.java:updateAndGet(143)) - 327657b1-60f8-49f2-b2a3-f63e1f934942: start FollowerState
2019-10-18 14:58:01,919 [Thread-376] INFO  impl.FollowerState (FollowerState.java:run(108)) - 327657b1-60f8-49f2-b2a3-f63e1f934942@group-58A987F56150-FollowerState: change to CANDIDATE, lastRpcTime:179ms, electionTimeout:179ms
2019-10-18 14:58:01,920 [Thread-376] INFO  impl.RoleInfo (RoleInfo.java:shutdownFollowerState(121)) - 327657b1-60f8-49f2-b2a3-f63e1f934942: shutdown FollowerState
2019-10-18 14:58:01,920 [Thread-376] INFO  impl.RaftServerImpl (RaftServerImpl.java:setRole(184)) - 327657b1-60f8-49f2-b2a3-f63e1f934942@group-58A987F56150: changes role from  FOLLOWER to CANDIDATE at term 22 for changeToCandidate
2019-10-18 14:58:01,920 [Thread-376] INFO  impl.RoleInfo (RoleInfo.java:updateAndGet(143)) - 327657b1-60f8-49f2-b2a3-f63e1f934942: start LeaderElection
2019-10-18 14:58:01,934 [327657b1-60f8-49f2-b2a3-f63e1f934942@group-58A987F56150-LeaderElection26] INFO  impl.LeaderElection (LeaderElection.java:askForVotes(178)) - 327657b1-60f8-49f2-b2a3-f63e1f934942@group-58A987F56150-LeaderElection26: begin an election at term 23 for -1: [6605b8a5-570b-4977-9ee7-6aaf3012bed5:192.168.164.233:35223, 327657b1-60f8-49f2-b2a3-f63e1f934942:192.168.164.233:41966, ddd4789c-894d-475a-bbfb-f6e7aa670c92:192.168.164.233:41061], old=null
2019-10-18 14:58:01,938 [grpc-default-executor-2] INFO  impl.RaftServerImpl (RaftServerImpl.java:setRole(184)) - 6605b8a5-570b-4977-9ee7-6aaf3012bed5@group-58A987F56150: changes role from  FOLLOWER to FOLLOWER at term 23 for recognizeCandidate:327657b1-60f8-49f2-b2a3-f63e1f934942
2019-10-18 14:58:01,938 [grpc-default-executor-2] INFO  impl.RoleInfo (RoleInfo.java:shutdownFollowerState(121)) - 6605b8a5-570b-4977-9ee7-6aaf3012bed5: shutdown FollowerState
2019-10-18 14:58:01,939 [grpc-default-executor-5] INFO  impl.RaftServerImpl (RaftServerImpl.java:setRole(184)) - ddd4789c-894d-475a-bbfb-f6e7aa670c92@group-58A987F56150: changes role from  FOLLOWER to FOLLOWER at term 23 for recognizeCandidate:327657b1-60f8-49f2-b2a3-f63e1f934942
2019-10-18 14:58:01,939 [Thread-374] INFO  impl.FollowerState (FollowerState.java:run(117)) - 6605b8a5-570b-4977-9ee7-6aaf3012bed5@group-58A987F56150-FollowerState was interrupted: java.lang.InterruptedException: sleep interrupted
2019-10-18 14:58:01,939 [grpc-default-executor-2] INFO  impl.RoleInfo (RoleInfo.java:updateAndGet(143)) - 6605b8a5-570b-4977-9ee7-6aaf3012bed5: start FollowerState
2019-10-18 14:58:01,939 [grpc-default-executor-5] INFO  impl.RoleInfo (RoleInfo.java:shutdownFollowerState(121)) - ddd4789c-894d-475a-bbfb-f6e7aa670c92: shutdown FollowerState
2019-10-18 14:58:01,939 [Thread-375] INFO  impl.FollowerState (FollowerState.java:run(117)) - ddd4789c-894d-475a-bbfb-f6e7aa670c92@group-58A987F56150-FollowerState was interrupted: java.lang.InterruptedException: sleep interrupted
2019-10-18 14:58:01,939 [grpc-default-executor-5] INFO  impl.RoleInfo (RoleInfo.java:updateAndGet(143)) - ddd4789c-894d-475a-bbfb-f6e7aa670c92: start FollowerState
2019-10-18 14:58:01,955 [327657b1-60f8-49f2-b2a3-f63e1f934942@group-58A987F56150-LeaderElection26] INFO  impl.LeaderElection (LeaderElection.java:logAndReturn(56)) - 327657b1-60f8-49f2-b2a3-f63e1f934942@group-58A987F56150-LeaderElection26: Election REJECTED; received 2 response(s) [327657b1-60f8-49f2-b2a3-f63e1f934942<-6605b8a5-570b-4977-9ee7-6aaf3012bed5#0:FAIL-t23, 327657b1-60f8-49f2-b2a3-f63e1f934942<-ddd4789c-894d-475a-bbfb-f6e7aa670c92#0:FAIL-t23] and 0 exception(s); 327657b1-60f8-49f2-b2a3-f63e1f934942@group-58A987F56150:t23, leader=null, voted=327657b1-60f8-49f2-b2a3-f63e1f934942, raftlog=327657b1-60f8-49f2-b2a3-f63e1f934942@group-58A987F56150-SegmentedRaftLog:OPENED:c-1,f-1,i0, conf=-1: [6605b8a5-570b-4977-9ee7-6aaf3012bed5:192.168.164.233:35223, 327657b1-60f8-49f2-b2a3-f63e1f934942:192.168.164.233:41966, ddd4789c-894d-475a-bbfb-f6e7aa670c92:192.168.164.233:41061], old=null
2019-10-18 14:58:01,956 [327657b1-60f8-49f2-b2a3-f63e1f934942@group-58A987F56150-LeaderElection26] INFO  impl.RaftServerImpl (RaftServerImpl.java:setRole(184)) - 327657b1-60f8-49f2-b2a3-f63e1f934942@group-58A987F56150: changes role from CANDIDATE to FOLLOWER at term 23 for DISCOVERED_A_NEW_TERM
2019-10-18 14:58:01,956 [327657b1-60f8-49f2-b2a3-f63e1f934942@group-58A987F56150-LeaderElection26] INFO  impl.RoleInfo (RoleInfo.java:shutdownLeaderElection(134)) - 327657b1-60f8-49f2-b2a3-f63e1f934942: shutdown LeaderElection
2019-10-18 14:58:01,956 [327657b1-60f8-49f2-b2a3-f63e1f934942@group-58A987F56150-LeaderElection26] INFO  impl.RoleInfo (RoleInfo.java:updateAndGet(143)) - 327657b1-60f8-49f2-b2a3-f63e1f934942: start FollowerState
2019-10-18 14:58:01,986 [Thread-382] INFO  impl.FollowerState (FollowerState.java:run(108)) - 327657b1-60f8-49f2-b2a3-f63e1f934942@group-58A987F56150-FollowerState: change to CANDIDATE, lastRpcTime:30ms, electionTimeout:30ms
2019-10-18 14:58:01,989 [Thread-382] INFO  impl.RoleInfo (RoleInfo.java:shutdownFollowerState(121)) - 327657b1-60f8-49f2-b2a3-f63e1f934942: shutdown FollowerState
2019-10-18 14:58:01,989 [Thread-382] INFO  impl.RaftServerImpl (RaftServerImpl.java:setRole(184)) - 327657b1-60f8-49f2-b2a3-f63e1f934942@group-58A987F56150: changes role from  FOLLOWER to CANDIDATE at term 23 for changeToCandidate
2019-10-18 14:58:01,990 [Thread-382] INFO  impl.RoleInfo (RoleInfo.java:updateAndGet(143)) - 327657b1-60f8-49f2-b2a3-f63e1f934942: start LeaderElection
2019-10-18 14:58:02,024 [327657b1-60f8-49f2-b2a3-f63e1f934942@group-58A987F56150-LeaderElection27] INFO  impl.LeaderElection (LeaderElection.java:askForVotes(178)) - 327657b1-60f8-49f2-b2a3-f63e1f934942@group-58A987F56150-LeaderElection27: begin an election at term 24 for -1: [6605b8a5-570b-4977-9ee7-6aaf3012bed5:192.168.164.233:35223, 327657b1-60f8-49f2-b2a3-f63e1f934942:192.168.164.233:41966, ddd4789c-894d-475a-bbfb-f6e7aa670c92:192.168.164.233:41061], old=null
2019-10-18 14:58:02,028 [grpc-default-executor-2] INFO  impl.RaftServerImpl (RaftServerImpl.java:setRole(184)) - 6605b8a5-570b-4977-9ee7-6aaf3012bed5@group-58A987F56150: changes role from  FOLLOWER to FOLLOWER at term 24 for recognizeCandidate:327657b1-60f8-49f2-b2a3-f63e1f934942
2019-10-18 14:58:02,028 [grpc-default-executor-2] INFO  impl.RoleInfo (RoleInfo.java:shutdownFollowerState(121)) - 6605b8a5-570b-4977-9ee7-6aaf3012bed5: shutdown FollowerState
2019-10-18 14:58:02,029 [grpc-default-executor-2] INFO  impl.RoleInfo (RoleInfo.java:updateAndGet(143)) - 6605b8a5-570b-4977-9ee7-6aaf3012bed5: start FollowerState
2019-10-18 14:58:02,029 [grpc-default-executor-5] INFO  impl.RaftServerImpl (RaftServerImpl.java:setRole(184)) - ddd4789c-894d-475a-bbfb-f6e7aa670c92@group-58A987F56150: changes role from  FOLLOWER to FOLLOWER at term 24 for recognizeCandidate:327657b1-60f8-49f2-b2a3-f63e1f934942
2019-10-18 14:58:02,029 [Thread-380] INFO  impl.FollowerState (FollowerState.java:run(117)) - 6605b8a5-570b-4977-9ee7-6aaf3012bed5@group-58A987F56150-FollowerState was interrupted: java.lang.InterruptedException: sleep interrupted
2019-10-18 14:58:02,029 [grpc-default-executor-5] INFO  impl.RoleInfo (RoleInfo.java:shutdownFollowerState(121)) - ddd4789c-894d-475a-bbfb-f6e7aa670c92: shutdown FollowerState
2019-10-18 14:58:02,030 [grpc-default-executor-5] INFO  impl.RoleInfo (RoleInfo.java:updateAndGet(143)) - ddd4789c-894d-475a-bbfb-f6e7aa670c92: start FollowerState
2019-10-18 14:58:02,030 [Thread-381] INFO  impl.FollowerState (FollowerState.java:run(117)) - ddd4789c-894d-475a-bbfb-f6e7aa670c92@group-58A987F56150-FollowerState was interrupted: java.lang.InterruptedException: sleep interrupted
2019-10-18 14:58:02,045 [327657b1-60f8-49f2-b2a3-f63e1f934942@group-58A987F56150-LeaderElection27] INFO  impl.LeaderElection (LeaderElection.java:logAndReturn(56)) - 327657b1-60f8-49f2-b2a3-f63e1f934942@group-58A987F56150-LeaderElection27: Election REJECTED; received 2 response(s) [327657b1-60f8-49f2-b2a3-f63e1f934942<-6605b8a5-570b-4977-9ee7-6aaf3012bed5#0:FAIL-t24, 327657b1-60f8-49f2-b2a3-f63e1f934942<-ddd4789c-894d-475a-bbfb-f6e7aa670c92#0:FAIL-t24] and 0 exception(s); 327657b1-60f8-49f2-b2a3-f63e1f934942@group-58A987F56150:t24, leader=null, voted=327657b1-60f8-49f2-b2a3-f63e1f934942, raftlog=327657b1-60f8-49f2-b2a3-f63e1f934942@group-58A987F56150-SegmentedRaftLog:OPENED:c-1,f-1,i0, conf=-1: [6605b8a5-570b-4977-9ee7-6aaf3012bed5:192.168.164.233:35223, 327657b1-60f8-49f2-b2a3-f63e1f934942:192.168.164.233:41966, ddd4789c-894d-475a-bbfb-f6e7aa670c92:192.168.164.233:41061], old=null
2019-10-18 14:58:02,046 [327657b1-60f8-49f2-b2a3-f63e1f934942@group-58A987F56150-LeaderElection27] INFO  impl.RaftServerImpl (RaftServerImpl.java:setRole(184)) - 327657b1-60f8-49f2-b2a3-f63e1f934942@group-58A987F56150: changes role from CANDIDATE to FOLLOWER at term 24 for DISCOVERED_A_NEW_TERM
2019-10-18 14:58:02,046 [327657b1-60f8-49f2-b2a3-f63e1f934942@group-58A987F56150-LeaderElection27] INFO  impl.RoleInfo (RoleInfo.java:shutdownLeaderElection(134)) - 327657b1-60f8-49f2-b2a3-f63e1f934942: shutdown LeaderElection
2019-10-18 14:58:02,046 [327657b1-60f8-49f2-b2a3-f63e1f934942@group-58A987F56150-LeaderElection27] INFO  impl.RoleInfo (RoleInfo.java:updateAndGet(143)) - 327657b1-60f8-49f2-b2a3-f63e1f934942: start FollowerState
2019-10-18 14:58:02,193 [Thread-388] INFO  impl.FollowerState (FollowerState.java:run(108)) - 327657b1-60f8-49f2-b2a3-f63e1f934942@group-58A987F56150-FollowerState: change to CANDIDATE, lastRpcTime:147ms, electionTimeout:147ms
2019-10-18 14:58:02,195 [Thread-388] INFO  impl.RoleInfo (RoleInfo.java:shutdownFollowerState(121)) - 327657b1-60f8-49f2-b2a3-f63e1f934942: shutdown FollowerState
2019-10-18 14:58:02,195 [Thread-388] INFO  impl.RaftServerImpl (RaftServerImpl.java:setRole(184)) - 327657b1-60f8-49f2-b2a3-f63e1f934942@group-58A987F56150: changes role from  FOLLOWER to CANDIDATE at term 24 for changeToCandidate
2019-10-18 14:58:02,196 [Thread-388] INFO  impl.RoleInfo (RoleInfo.java:updateAndGet(143)) - 327657b1-60f8-49f2-b2a3-f63e1f934942: start LeaderElection
2019-10-18 14:58:02,209 [327657b1-60f8-49f2-b2a3-f63e1f934942@group-58A987F56150-LeaderElection28] INFO  impl.LeaderElection (LeaderElection.java:askForVotes(178)) - 327657b1-60f8-49f2-b2a3-f63e1f934942@group-58A987F56150-LeaderElection28: begin an election at term 25 for -1: [6605b8a5-570b-4977-9ee7-6aaf3012bed5:192.168.164.233:35223, 327657b1-60f8-49f2-b2a3-f63e1f934942:192.168.164.233:41966, ddd4789c-894d-475a-bbfb-f6e7aa670c92:192.168.164.233:41061], old=null
2019-10-18 14:58:02,212 [grpc-default-executor-2] INFO  impl.RaftServerImpl (RaftServerImpl.java:setRole(184)) - 6605b8a5-570b-4977-9ee7-6aaf3012bed5@group-58A987F56150: changes role from  FOLLOWER to FOLLOWER at term 25 for recognizeCandidate:327657b1-60f8-49f2-b2a3-f63e1f934942
2019-10-18 14:58:02,212 [grpc-default-executor-5] INFO  impl.RaftServerImpl (RaftServerImpl.java:setRole(184)) - ddd4789c-894d-475a-bbfb-f6e7aa670c92@group-58A987F56150: changes role from  FOLLOWER to FOLLOWER at term 25 for recognizeCandidate:327657b1-60f8-49f2-b2a3-f63e1f934942
2019-10-18 14:58:02,212 [grpc-default-executor-2] INFO  impl.RoleInfo (RoleInfo.java:shutdownFollowerState(121)) - 6605b8a5-570b-4977-9ee7-6aaf3012bed5: shutdown FollowerState
2019-10-18 14:58:02,212 [grpc-default-executor-5] INFO  impl.RoleInfo (RoleInfo.java:shutdownFollowerState(121)) - ddd4789c-894d-475a-bbfb-f6e7aa670c92: shutdown FollowerState
2019-10-18 14:58:02,212 [Thread-386] INFO  impl.FollowerState (FollowerState.java:run(117)) - 6605b8a5-570b-4977-9ee7-6aaf3012bed5@group-58A987F56150-FollowerState was interrupted: java.lang.InterruptedException: sleep interrupted
2019-10-18 14:58:02,212 [grpc-default-executor-2] INFO  impl.RoleInfo (RoleInfo.java:updateAndGet(143)) - 6605b8a5-570b-4977-9ee7-6aaf3012bed5: start FollowerState
2019-10-18 14:58:02,212 [grpc-default-executor-5] INFO  impl.RoleInfo (RoleInfo.java:updateAndGet(143)) - ddd4789c-894d-475a-bbfb-f6e7aa670c92: start FollowerState
2019-10-18 14:58:02,212 [Thread-387] INFO  impl.FollowerState (FollowerState.java:run(117)) - ddd4789c-894d-475a-bbfb-f6e7aa670c92@group-58A987F56150-FollowerState was interrupted: java.lang.InterruptedException: sleep interrupted
2019-10-18 14:58:02,239 [327657b1-60f8-49f2-b2a3-f63e1f934942@group-58A987F56150-LeaderElection28] INFO  impl.LeaderElection (LeaderElection.java:logAndReturn(56)) - 327657b1-60f8-49f2-b2a3-f63e1f934942@group-58A987F56150-LeaderElection28: Election REJECTED; received 2 response(s) [327657b1-60f8-49f2-b2a3-f63e1f934942<-6605b8a5-570b-4977-9ee7-6aaf3012bed5#0:FAIL-t25, 327657b1-60f8-49f2-b2a3-f63e1f934942<-ddd4789c-894d-475a-bbfb-f6e7aa670c92#0:FAIL-t25] and 0 exception(s); 327657b1-60f8-49f2-b2a3-f63e1f934942@group-58A987F56150:t25, leader=null, voted=327657b1-60f8-49f2-b2a3-f63e1f934942, raftlog=327657b1-60f8-49f2-b2a3-f63e1f934942@group-58A987F56150-SegmentedRaftLog:OPENED:c-1,f-1,i0, conf=-1: [6605b8a5-570b-4977-9ee7-6aaf3012bed5:192.168.164.233:35223, 327657b1-60f8-49f2-b2a3-f63e1f934942:192.168.164.233:41966, ddd4789c-894d-475a-bbfb-f6e7aa670c92:192.168.164.233:41061], old=null
2019-10-18 14:58:02,239 [327657b1-60f8-49f2-b2a3-f63e1f934942@group-58A987F56150-LeaderElection28] INFO  impl.RaftServerImpl (RaftServerImpl.java:setRole(184)) - 327657b1-60f8-49f2-b2a3-f63e1f934942@group-58A987F56150: changes role from CANDIDATE to FOLLOWER at term 25 for DISCOVERED_A_NEW_TERM
2019-10-18 14:58:02,240 [327657b1-60f8-49f2-b2a3-f63e1f934942@group-58A987F56150-LeaderElection28] INFO  impl.RoleInfo (RoleInfo.java:shutdownLeaderElection(134)) - 327657b1-60f8-49f2-b2a3-f63e1f934942: shutdown LeaderElection
2019-10-18 14:58:02,240 [327657b1-60f8-49f2-b2a3-f63e1f934942@group-58A987F56150-LeaderElection28] INFO  impl.RoleInfo (RoleInfo.java:updateAndGet(143)) - 327657b1-60f8-49f2-b2a3-f63e1f934942: start FollowerState
2019-10-18 14:58:02,378 [Thread-394] INFO  impl.FollowerState (FollowerState.java:run(108)) - 327657b1-60f8-49f2-b2a3-f63e1f934942@group-58A987F56150-FollowerState: change to CANDIDATE, lastRpcTime:138ms, electionTimeout:138ms
2019-10-18 14:58:02,379 [Thread-394] INFO  impl.RoleInfo (RoleInfo.java:shutdownFollowerState(121)) - 327657b1-60f8-49f2-b2a3-f63e1f934942: shutdown FollowerState
2019-10-18 14:58:02,379 [Thread-394] INFO  impl.RaftServerImpl (RaftServerImpl.java:setRole(184)) - 327657b1-60f8-49f2-b2a3-f63e1f934942@group-58A987F56150: changes role from  FOLLOWER to CANDIDATE at term 25 for changeToCandidate
2019-10-18 14:58:02,379 [Thread-394] INFO  impl.RoleInfo (RoleInfo.java:updateAndGet(143)) - 327657b1-60f8-49f2-b2a3-f63e1f934942: start LeaderElection
2019-10-18 14:58:02,393 [327657b1-60f8-49f2-b2a3-f63e1f934942@group-58A987F56150-LeaderElection29] INFO  impl.LeaderElection (LeaderElection.java:askForVotes(178)) - 327657b1-60f8-49f2-b2a3-f63e1f934942@group-58A987F56150-LeaderElection29: begin an election at term 26 for -1: [6605b8a5-570b-4977-9ee7-6aaf3012bed5:192.168.164.233:35223, 327657b1-60f8-49f2-b2a3-f63e1f934942:192.168.164.233:41966, ddd4789c-894d-475a-bbfb-f6e7aa670c92:192.168.164.233:41061], old=null
2019-10-18 14:58:02,400 [grpc-default-executor-2] INFO  impl.RaftServerImpl (RaftServerImpl.java:setRole(184)) - 6605b8a5-570b-4977-9ee7-6aaf3012bed5@group-58A987F56150: changes role from  FOLLOWER to FOLLOWER at term 26 for recognizeCandidate:327657b1-60f8-49f2-b2a3-f63e1f934942
2019-10-18 14:58:02,400 [grpc-default-executor-2] INFO  impl.RoleInfo (RoleInfo.java:shutdownFollowerState(121)) - 6605b8a5-570b-4977-9ee7-6aaf3012bed5: shutdown FollowerState
2019-10-18 14:58:02,400 [grpc-default-executor-5] INFO  impl.RaftServerImpl (RaftServerImpl.java:setRole(184)) - ddd4789c-894d-475a-bbfb-f6e7aa670c92@group-58A987F56150: changes role from  FOLLOWER to FOLLOWER at term 26 for recognizeCandidate:327657b1-60f8-49f2-b2a3-f63e1f934942
2019-10-18 14:58:02,400 [grpc-default-executor-2] INFO  impl.RoleInfo (RoleInfo.java:updateAndGet(143)) - 6605b8a5-570b-4977-9ee7-6aaf3012bed5: start FollowerState
2019-10-18 14:58:02,400 [grpc-default-executor-5] INFO  impl.RoleInfo (RoleInfo.java:shutdownFollowerState(121)) - ddd4789c-894d-475a-bbfb-f6e7aa670c92: shutdown FollowerState
2019-10-18 14:58:02,400 [Thread-392] INFO  impl.FollowerState (FollowerState.java:run(117)) - 6605b8a5-570b-4977-9ee7-6aaf3012bed5@group-58A987F56150-FollowerState was interrupted: java.lang.InterruptedException: sleep interrupted
2019-10-18 14:58:02,401 [grpc-default-executor-5] INFO  impl.RoleInfo (RoleInfo.java:updateAndGet(143)) - ddd4789c-894d-475a-bbfb-f6e7aa670c92: start FollowerState
2019-10-18 14:58:02,401 [Thread-393] INFO  impl.FollowerState (FollowerState.java:run(117)) - ddd4789c-894d-475a-bbfb-f6e7aa670c92@group-58A987F56150-FollowerState was interrupted: java.lang.InterruptedException: sleep interrupted
2019-10-18 14:58:02,427 [327657b1-60f8-49f2-b2a3-f63e1f934942@group-58A987F56150-LeaderElection29] INFO  impl.LeaderElection (LeaderElection.java:logAndReturn(56)) - 327657b1-60f8-49f2-b2a3-f63e1f934942@group-58A987F56150-LeaderElection29: Election REJECTED; received 2 response(s) [327657b1-60f8-49f2-b2a3-f63e1f934942<-6605b8a5-570b-4977-9ee7-6aaf3012bed5#0:FAIL-t26, 327657b1-60f8-49f2-b2a3-f63e1f934942<-ddd4789c-894d-475a-bbfb-f6e7aa670c92#0:FAIL-t26] and 0 exception(s); 327657b1-60f8-49f2-b2a3-f63e1f934942@group-58A987F56150:t26, leader=null, voted=327657b1-60f8-49f2-b2a3-f63e1f934942, raftlog=327657b1-60f8-49f2-b2a3-f63e1f934942@group-58A987F56150-SegmentedRaftLog:OPENED:c-1,f-1,i0, conf=-1: [6605b8a5-570b-4977-9ee7-6aaf3012bed5:192.168.164.233:35223, 327657b1-60f8-49f2-b2a3-f63e1f934942:192.168.164.233:41966, ddd4789c-894d-475a-bbfb-f6e7aa670c92:192.168.164.233:41061], old=null
2019-10-18 14:58:02,427 [327657b1-60f8-49f2-b2a3-f63e1f934942@group-58A987F56150-LeaderElection29] INFO  impl.RaftServerImpl (RaftServerImpl.java:setRole(184)) - 327657b1-60f8-49f2-b2a3-f63e1f934942@group-58A987F56150: changes role from CANDIDATE to FOLLOWER at term 26 for DISCOVERED_A_NEW_TERM
2019-10-18 14:58:02,427 [327657b1-60f8-49f2-b2a3-f63e1f934942@group-58A987F56150-LeaderElection29] INFO  impl.RoleInfo (RoleInfo.java:shutdownLeaderElection(134)) - 327657b1-60f8-49f2-b2a3-f63e1f934942: shutdown LeaderElection
2019-10-18 14:58:02,427 [327657b1-60f8-49f2-b2a3-f63e1f934942@group-58A987F56150-LeaderElection29] INFO  impl.RoleInfo (RoleInfo.java:updateAndGet(143)) - 327657b1-60f8-49f2-b2a3-f63e1f934942: start FollowerState
2019-10-18 14:58:02,468 [Thread-402] INFO  impl.FollowerState (FollowerState.java:run(108)) - 327657b1-60f8-49f2-b2a3-f63e1f934942@group-58A987F56150-FollowerState: change to CANDIDATE, lastRpcTime:40ms, electionTimeout:40ms
2019-10-18 14:58:02,469 [Thread-402] INFO  impl.RoleInfo (RoleInfo.java:shutdownFollowerState(121)) - 327657b1-60f8-49f2-b2a3-f63e1f934942: shutdown FollowerState
2019-10-18 14:58:02,469 [Thread-402] INFO  impl.RaftServerImpl (RaftServerImpl.java:setRole(184)) - 327657b1-60f8-49f2-b2a3-f63e1f934942@group-58A987F56150: changes role from  FOLLOWER to CANDIDATE at term 26 for changeToCandidate
2019-10-18 14:58:02,469 [Thread-402] INFO  impl.RoleInfo (RoleInfo.java:updateAndGet(143)) - 327657b1-60f8-49f2-b2a3-f63e1f934942: start LeaderElection
2019-10-18 14:58:02,482 [327657b1-60f8-49f2-b2a3-f63e1f934942@group-58A987F56150-LeaderElection30] INFO  impl.LeaderElection (LeaderElection.java:askForVotes(178)) - 327657b1-60f8-49f2-b2a3-f63e1f934942@group-58A987F56150-LeaderElection30: begin an election at term 27 for -1: [6605b8a5-570b-4977-9ee7-6aaf3012bed5:192.168.164.233:35223, 327657b1-60f8-49f2-b2a3-f63e1f934942:192.168.164.233:41966, ddd4789c-894d-475a-bbfb-f6e7aa670c92:192.168.164.233:41061], old=null
2019-10-18 14:58:02,486 [grpc-default-executor-5] INFO  impl.RaftServerImpl (RaftServerImpl.java:setRole(184)) - 6605b8a5-570b-4977-9ee7-6aaf3012bed5@group-58A987F56150: changes role from  FOLLOWER to FOLLOWER at term 27 for recognizeCandidate:327657b1-60f8-49f2-b2a3-f63e1f934942
2019-10-18 14:58:02,486 [grpc-default-executor-2] INFO  impl.RaftServerImpl (RaftServerImpl.java:setRole(184)) - ddd4789c-894d-475a-bbfb-f6e7aa670c92@group-58A987F56150: changes role from  FOLLOWER to FOLLOWER at term 27 for recognizeCandidate:327657b1-60f8-49f2-b2a3-f63e1f934942
2019-10-18 14:58:02,487 [grpc-default-executor-5] INFO  impl.RoleInfo (RoleInfo.java:shutdownFollowerState(121)) - 6605b8a5-570b-4977-9ee7-6aaf3012bed5: shutdown FollowerState
2019-10-18 14:58:02,487 [grpc-default-executor-2] INFO  impl.RoleInfo (RoleInfo.java:shutdownFollowerState(121)) - ddd4789c-894d-475a-bbfb-f6e7aa670c92: shutdown FollowerState
2019-10-18 14:58:02,487 [grpc-default-executor-5] INFO  impl.RoleInfo (RoleInfo.java:updateAndGet(143)) - 6605b8a5-570b-4977-9ee7-6aaf3012bed5: start FollowerState
2019-10-18 14:58:02,487 [Thread-401] INFO  impl.FollowerState (FollowerState.java:run(117)) - ddd4789c-894d-475a-bbfb-f6e7aa670c92@group-58A987F56150-FollowerState was interrupted: java.lang.InterruptedException: sleep interrupted
2019-10-18 14:58:02,487 [grpc-default-executor-2] INFO  impl.RoleInfo (RoleInfo.java:updateAndGet(143)) - ddd4789c-894d-475a-bbfb-f6e7aa670c92: start FollowerState
2019-10-18 14:58:02,487 [Thread-400] INFO  impl.FollowerState (FollowerState.java:run(117)) - 6605b8a5-570b-4977-9ee7-6aaf3012bed5@group-58A987F56150-FollowerState was interrupted: java.lang.InterruptedException: sleep interrupted
2019-10-18 14:58:02,503 [327657b1-60f8-49f2-b2a3-f63e1f934942@group-58A987F56150-LeaderElection30] INFO  impl.LeaderElection (LeaderElection.java:logAndReturn(56)) - 327657b1-60f8-49f2-b2a3-f63e1f934942@group-58A987F56150-LeaderElection30: Election REJECTED; received 2 response(s) [327657b1-60f8-49f2-b2a3-f63e1f934942<-6605b8a5-570b-4977-9ee7-6aaf3012bed5#0:FAIL-t27, 327657b1-60f8-49f2-b2a3-f63e1f934942<-ddd4789c-894d-475a-bbfb-f6e7aa670c92#0:FAIL-t27] and 0 exception(s); 327657b1-60f8-49f2-b2a3-f63e1f934942@group-58A987F56150:t27, leader=null, voted=327657b1-60f8-49f2-b2a3-f63e1f934942, raftlog=327657b1-60f8-49f2-b2a3-f63e1f934942@group-58A987F56150-SegmentedRaftLog:OPENED:c-1,f-1,i0, conf=-1: [6605b8a5-570b-4977-9ee7-6aaf3012bed5:192.168.164.233:35223, 327657b1-60f8-49f2-b2a3-f63e1f934942:192.168.164.233:41966, ddd4789c-894d-475a-bbfb-f6e7aa670c92:192.168.164.233:41061], old=null
2019-10-18 14:58:02,503 [327657b1-60f8-49f2-b2a3-f63e1f934942@group-58A987F56150-LeaderElection30] INFO  impl.RaftServerImpl (RaftServerImpl.java:setRole(184)) - 327657b1-60f8-49f2-b2a3-f63e1f934942@group-58A987F56150: changes role from CANDIDATE to FOLLOWER at term 27 for DISCOVERED_A_NEW_TERM
2019-10-18 14:58:02,503 [327657b1-60f8-49f2-b2a3-f63e1f934942@group-58A987F56150-LeaderElection30] INFO  impl.RoleInfo (RoleInfo.java:shutdownLeaderElection(134)) - 327657b1-60f8-49f2-b2a3-f63e1f934942: shutdown LeaderElection
2019-10-18 14:58:02,503 [327657b1-60f8-49f2-b2a3-f63e1f934942@group-58A987F56150-LeaderElection30] INFO  impl.RoleInfo (RoleInfo.java:updateAndGet(143)) - 327657b1-60f8-49f2-b2a3-f63e1f934942: start FollowerState
2019-10-18 14:58:02,582 [Thread-408] INFO  impl.FollowerState (FollowerState.java:run(108)) - 327657b1-60f8-49f2-b2a3-f63e1f934942@group-58A987F56150-FollowerState: change to CANDIDATE, lastRpcTime:78ms, electionTimeout:78ms
2019-10-18 14:58:02,583 [Thread-408] INFO  impl.RoleInfo (RoleInfo.java:shutdownFollowerState(121)) - 327657b1-60f8-49f2-b2a3-f63e1f934942: shutdown FollowerState
2019-10-18 14:58:02,583 [Thread-408] INFO  impl.RaftServerImpl (RaftServerImpl.java:setRole(184)) - 327657b1-60f8-49f2-b2a3-f63e1f934942@group-58A987F56150: changes role from  FOLLOWER to CANDIDATE at term 27 for changeToCandidate
2019-10-18 14:58:02,584 [Thread-408] INFO  impl.RoleInfo (RoleInfo.java:updateAndGet(143)) - 327657b1-60f8-49f2-b2a3-f63e1f934942: start LeaderElection
2019-10-18 14:58:02,597 [327657b1-60f8-49f2-b2a3-f63e1f934942@group-58A987F56150-LeaderElection31] INFO  impl.LeaderElection (LeaderElection.java:askForVotes(178)) - 327657b1-60f8-49f2-b2a3-f63e1f934942@group-58A987F56150-LeaderElection31: begin an election at term 28 for -1: [6605b8a5-570b-4977-9ee7-6aaf3012bed5:192.168.164.233:35223, 327657b1-60f8-49f2-b2a3-f63e1f934942:192.168.164.233:41966, ddd4789c-894d-475a-bbfb-f6e7aa670c92:192.168.164.233:41061], old=null
2019-10-18 14:58:02,602 [grpc-default-executor-2] INFO  impl.RaftServerImpl (RaftServerImpl.java:setRole(184)) - ddd4789c-894d-475a-bbfb-f6e7aa670c92@group-58A987F56150: changes role from  FOLLOWER to FOLLOWER at term 28 for recognizeCandidate:327657b1-60f8-49f2-b2a3-f63e1f934942
2019-10-18 14:58:02,602 [grpc-default-executor-5] INFO  impl.RaftServerImpl (RaftServerImpl.java:setRole(184)) - 6605b8a5-570b-4977-9ee7-6aaf3012bed5@group-58A987F56150: changes role from  FOLLOWER to FOLLOWER at term 28 for recognizeCandidate:327657b1-60f8-49f2-b2a3-f63e1f934942
2019-10-18 14:58:02,602 [grpc-default-executor-2] INFO  impl.RoleInfo (RoleInfo.java:shutdownFollowerState(121)) - ddd4789c-894d-475a-bbfb-f6e7aa670c92: shutdown FollowerState
2019-10-18 14:58:02,602 [grpc-default-executor-5] INFO  impl.RoleInfo (RoleInfo.java:shutdownFollowerState(121)) - 6605b8a5-570b-4977-9ee7-6aaf3012bed5: shutdown FollowerState
2019-10-18 14:58:02,602 [Thread-407] INFO  impl.FollowerState (FollowerState.java:run(117)) - ddd4789c-894d-475a-bbfb-f6e7aa670c92@group-58A987F56150-FollowerState was interrupted: java.lang.InterruptedException: sleep interrupted
2019-10-18 14:58:02,602 [Thread-406] INFO  impl.FollowerState (FollowerState.java:run(117)) - 6605b8a5-570b-4977-9ee7-6aaf3012bed5@group-58A987F56150-FollowerState was interrupted: java.lang.InterruptedException: sleep interrupted
2019-10-18 14:58:02,602 [grpc-default-executor-2] INFO  impl.RoleInfo (RoleInfo.java:updateAndGet(143)) - ddd4789c-894d-475a-bbfb-f6e7aa670c92: start FollowerState
2019-10-18 14:58:02,602 [grpc-default-executor-5] INFO  impl.RoleInfo (RoleInfo.java:updateAndGet(143)) - 6605b8a5-570b-4977-9ee7-6aaf3012bed5: start FollowerState
2019-10-18 14:58:02,631 [327657b1-60f8-49f2-b2a3-f63e1f934942@group-58A987F56150-LeaderElection31] INFO  impl.LeaderElection (LeaderElection.java:logAndReturn(56)) - 327657b1-60f8-49f2-b2a3-f63e1f934942@group-58A987F56150-LeaderElection31: Election REJECTED; received 2 response(s) [327657b1-60f8-49f2-b2a3-f63e1f934942<-6605b8a5-570b-4977-9ee7-6aaf3012bed5#0:FAIL-t28, 327657b1-60f8-49f2-b2a3-f63e1f934942<-ddd4789c-894d-475a-bbfb-f6e7aa670c92#0:FAIL-t28] and 0 exception(s); 327657b1-60f8-49f2-b2a3-f63e1f934942@group-58A987F56150:t28, leader=null, voted=327657b1-60f8-49f2-b2a3-f63e1f934942, raftlog=327657b1-60f8-49f2-b2a3-f63e1f934942@group-58A987F56150-SegmentedRaftLog:OPENED:c-1,f-1,i0, conf=-1: [6605b8a5-570b-4977-9ee7-6aaf3012bed5:192.168.164.233:35223, 327657b1-60f8-49f2-b2a3-f63e1f934942:192.168.164.233:41966, ddd4789c-894d-475a-bbfb-f6e7aa670c92:192.168.164.233:41061], old=null
2019-10-18 14:58:02,631 [327657b1-60f8-49f2-b2a3-f63e1f934942@group-58A987F56150-LeaderElection31] INFO  impl.RaftServerImpl (RaftServerImpl.java:setRole(184)) - 327657b1-60f8-49f2-b2a3-f63e1f934942@group-58A987F56150: changes role from CANDIDATE to FOLLOWER at term 28 for DISCOVERED_A_NEW_TERM
2019-10-18 14:58:02,631 [327657b1-60f8-49f2-b2a3-f63e1f934942@group-58A987F56150-LeaderElection31] INFO  impl.RoleInfo (RoleInfo.java:shutdownLeaderElection(134)) - 327657b1-60f8-49f2-b2a3-f63e1f934942: shutdown LeaderElection
2019-10-18 14:58:02,632 [327657b1-60f8-49f2-b2a3-f63e1f934942@group-58A987F56150-LeaderElection31] INFO  impl.RoleInfo (RoleInfo.java:updateAndGet(143)) - 327657b1-60f8-49f2-b2a3-f63e1f934942: start FollowerState
2019-10-18 14:58:02,815 [Thread-414] INFO  impl.FollowerState (FollowerState.java:run(108)) - 327657b1-60f8-49f2-b2a3-f63e1f934942@group-58A987F56150-FollowerState: change to CANDIDATE, lastRpcTime:183ms, electionTimeout:183ms
2019-10-18 14:58:02,816 [Thread-414] INFO  impl.RoleInfo (RoleInfo.java:shutdownFollowerState(121)) - 327657b1-60f8-49f2-b2a3-f63e1f934942: shutdown FollowerState
2019-10-18 14:58:02,817 [Thread-414] INFO  impl.RaftServerImpl (RaftServerImpl.java:setRole(184)) - 327657b1-60f8-49f2-b2a3-f63e1f934942@group-58A987F56150: changes role from  FOLLOWER to CANDIDATE at term 28 for changeToCandidate
2019-10-18 14:58:02,817 [Thread-414] INFO  impl.RoleInfo (RoleInfo.java:updateAndGet(143)) - 327657b1-60f8-49f2-b2a3-f63e1f934942: start LeaderElection
2019-10-18 14:58:02,832 [327657b1-60f8-49f2-b2a3-f63e1f934942@group-58A987F56150-LeaderElection32] INFO  impl.LeaderElection (LeaderElection.java:askForVotes(178)) - 327657b1-60f8-49f2-b2a3-f63e1f934942@group-58A987F56150-LeaderElection32: begin an election at term 29 for -1: [6605b8a5-570b-4977-9ee7-6aaf3012bed5:192.168.164.233:35223, 327657b1-60f8-49f2-b2a3-f63e1f934942:192.168.164.233:41966, ddd4789c-894d-475a-bbfb-f6e7aa670c92:192.168.164.233:41061], old=null
2019-10-18 14:58:02,836 [grpc-default-executor-2] INFO  impl.RaftServerImpl (RaftServerImpl.java:setRole(184)) - 6605b8a5-570b-4977-9ee7-6aaf3012bed5@group-58A987F56150: changes role from  FOLLOWER to FOLLOWER at term 29 for recognizeCandidate:327657b1-60f8-49f2-b2a3-f63e1f934942
2019-10-18 14:58:02,836 [grpc-default-executor-5] INFO  impl.RaftServerImpl (RaftServerImpl.java:setRole(184)) - ddd4789c-894d-475a-bbfb-f6e7aa670c92@group-58A987F56150: changes role from  FOLLOWER to FOLLOWER at term 29 for recognizeCandidate:327657b1-60f8-49f2-b2a3-f63e1f934942
2019-10-18 14:58:02,837 [grpc-default-executor-2] INFO  impl.RoleInfo (RoleInfo.java:shutdownFollowerState(121)) - 6605b8a5-570b-4977-9ee7-6aaf3012bed5: shutdown FollowerState
2019-10-18 14:58:02,837 [grpc-default-executor-5] INFO  impl.RoleInfo (RoleInfo.java:shutdownFollowerState(121)) - ddd4789c-894d-475a-bbfb-f6e7aa670c92: shutdown FollowerState
2019-10-18 14:58:02,837 [grpc-default-executor-2] INFO  impl.RoleInfo (RoleInfo.java:updateAndGet(143)) - 6605b8a5-570b-4977-9ee7-6aaf3012bed5: start FollowerState
2019-10-18 14:58:02,837 [Thread-412] INFO  impl.FollowerState (FollowerState.java:run(117)) - ddd4789c-894d-475a-bbfb-f6e7aa670c92@group-58A987F56150-FollowerState was interrupted: java.lang.InterruptedException: sleep interrupted
2019-10-18 14:58:02,837 [grpc-default-executor-5] INFO  impl.RoleInfo (RoleInfo.java:updateAndGet(143)) - ddd4789c-894d-475a-bbfb-f6e7aa670c92: start FollowerState
2019-10-18 14:58:02,837 [Thread-413] INFO  impl.FollowerState (FollowerState.java:run(117)) - 6605b8a5-570b-4977-9ee7-6aaf3012bed5@group-58A987F56150-FollowerState was interrupted: java.lang.InterruptedException: sleep interrupted
2019-10-18 14:58:02,864 [327657b1-60f8-49f2-b2a3-f63e1f934942@group-58A987F56150-LeaderElection32] INFO  impl.LeaderElection (LeaderElection.java:logAndReturn(56)) - 327657b1-60f8-49f2-b2a3-f63e1f934942@group-58A987F56150-LeaderElection32: Election REJECTED; received 2 response(s) [327657b1-60f8-49f2-b2a3-f63e1f934942<-6605b8a5-570b-4977-9ee7-6aaf3012bed5#0:FAIL-t29, 327657b1-60f8-49f2-b2a3-f63e1f934942<-ddd4789c-894d-475a-bbfb-f6e7aa670c92#0:FAIL-t29] and 0 exception(s); 327657b1-60f8-49f2-b2a3-f63e1f934942@group-58A987F56150:t29, leader=null, voted=327657b1-60f8-49f2-b2a3-f63e1f934942, raftlog=327657b1-60f8-49f2-b2a3-f63e1f934942@group-58A987F56150-SegmentedRaftLog:OPENED:c-1,f-1,i0, conf=-1: [6605b8a5-570b-4977-9ee7-6aaf3012bed5:192.168.164.233:35223, 327657b1-60f8-49f2-b2a3-f63e1f934942:192.168.164.233:41966, ddd4789c-894d-475a-bbfb-f6e7aa670c92:192.168.164.233:41061], old=null
2019-10-18 14:58:02,864 [327657b1-60f8-49f2-b2a3-f63e1f934942@group-58A987F56150-LeaderElection32] INFO  impl.RaftServerImpl (RaftServerImpl.java:setRole(184)) - 327657b1-60f8-49f2-b2a3-f63e1f934942@group-58A987F56150: changes role from CANDIDATE to FOLLOWER at term 29 for DISCOVERED_A_NEW_TERM
2019-10-18 14:58:02,865 [327657b1-60f8-49f2-b2a3-f63e1f934942@group-58A987F56150-LeaderElection32] INFO  impl.RoleInfo (RoleInfo.java:shutdownLeaderElection(134)) - 327657b1-60f8-49f2-b2a3-f63e1f934942: shutdown LeaderElection
2019-10-18 14:58:02,865 [327657b1-60f8-49f2-b2a3-f63e1f934942@group-58A987F56150-LeaderElection32] INFO  impl.RoleInfo (RoleInfo.java:updateAndGet(143)) - 327657b1-60f8-49f2-b2a3-f63e1f934942: start FollowerState
2019-10-18 14:58:03,007 [Thread-420] INFO  impl.FollowerState (FollowerState.java:run(108)) - 327657b1-60f8-49f2-b2a3-f63e1f934942@group-58A987F56150-FollowerState: change to CANDIDATE, lastRpcTime:142ms, electionTimeout:142ms
2019-10-18 14:58:03,009 [Thread-420] INFO  impl.RoleInfo (RoleInfo.java:shutdownFollowerState(121)) - 327657b1-60f8-49f2-b2a3-f63e1f934942: shutdown FollowerState
2019-10-18 14:58:03,009 [Thread-420] INFO  impl.RaftServerImpl (RaftServerImpl.java:setRole(184)) - 327657b1-60f8-49f2-b2a3-f63e1f934942@group-58A987F56150: changes role from  FOLLOWER to CANDIDATE at term 29 for changeToCandidate
2019-10-18 14:58:03,009 [Thread-420] INFO  impl.RoleInfo (RoleInfo.java:updateAndGet(143)) - 327657b1-60f8-49f2-b2a3-f63e1f934942: start LeaderElection
2019-10-18 14:58:03,035 [327657b1-60f8-49f2-b2a3-f63e1f934942@group-58A987F56150-LeaderElection33] INFO  impl.LeaderElection (LeaderElection.java:askForVotes(178)) - 327657b1-60f8-49f2-b2a3-f63e1f934942@group-58A987F56150-LeaderElection33: begin an election at term 30 for -1: [6605b8a5-570b-4977-9ee7-6aaf3012bed5:192.168.164.233:35223, 327657b1-60f8-49f2-b2a3-f63e1f934942:192.168.164.233:41966, ddd4789c-894d-475a-bbfb-f6e7aa670c92:192.168.164.233:41061], old=null
2019-10-18 14:58:03,038 [grpc-default-executor-2] INFO  impl.RaftServerImpl (RaftServerImpl.java:setRole(184)) - ddd4789c-894d-475a-bbfb-f6e7aa670c92@group-58A987F56150: changes role from  FOLLOWER to FOLLOWER at term 30 for recognizeCandidate:327657b1-60f8-49f2-b2a3-f63e1f934942
2019-10-18 14:58:03,038 [grpc-default-executor-5] INFO  impl.RaftServerImpl (RaftServerImpl.java:setRole(184)) - 6605b8a5-570b-4977-9ee7-6aaf3012bed5@group-58A987F56150: changes role from  FOLLOWER to FOLLOWER at term 30 for recognizeCandidate:327657b1-60f8-49f2-b2a3-f63e1f934942
2019-10-18 14:58:03,038 [grpc-default-executor-2] INFO  impl.RoleInfo (RoleInfo.java:shutdownFollowerState(121)) - ddd4789c-894d-475a-bbfb-f6e7aa670c92: shutdown FollowerState
2019-10-18 14:58:03,038 [grpc-default-executor-5] INFO  impl.RoleInfo (RoleInfo.java:shutdownFollowerState(121)) - 6605b8a5-570b-4977-9ee7-6aaf3012bed5: shutdown FollowerState
2019-10-18 14:58:03,039 [Thread-419] INFO  impl.FollowerState (FollowerState.java:run(117)) - ddd4789c-894d-475a-bbfb-f6e7aa670c92@group-58A987F56150-FollowerState was interrupted: java.lang.InterruptedException: sleep interrupted
2019-10-18 14:58:03,039 [grpc-default-executor-2] INFO  impl.RoleInfo (RoleInfo.java:updateAndGet(143)) - ddd4789c-894d-475a-bbfb-f6e7aa670c92: start FollowerState
2019-10-18 14:58:03,039 [grpc-default-executor-5] INFO  impl.RoleInfo (RoleInfo.java:updateAndGet(143)) - 6605b8a5-570b-4977-9ee7-6aaf3012bed5: start FollowerState
2019-10-18 14:58:03,039 [Thread-418] INFO  impl.FollowerState (FollowerState.java:run(117)) - 6605b8a5-570b-4977-9ee7-6aaf3012bed5@group-58A987F56150-FollowerState was interrupted: java.lang.InterruptedException: sleep interrupted
2019-10-18 14:58:03,054 [327657b1-60f8-49f2-b2a3-f63e1f934942@group-58A987F56150-LeaderElection33] INFO  impl.LeaderElection (LeaderElection.java:logAndReturn(56)) - 327657b1-60f8-49f2-b2a3-f63e1f934942@group-58A987F56150-LeaderElection33: Election REJECTED; received 2 response(s) [327657b1-60f8-49f2-b2a3-f63e1f934942<-6605b8a5-570b-4977-9ee7-6aaf3012bed5#0:FAIL-t30, 327657b1-60f8-49f2-b2a3-f63e1f934942<-ddd4789c-894d-475a-bbfb-f6e7aa670c92#0:FAIL-t30] and 0 exception(s); 327657b1-60f8-49f2-b2a3-f63e1f934942@group-58A987F56150:t30, leader=null, voted=327657b1-60f8-49f2-b2a3-f63e1f934942, raftlog=327657b1-60f8-49f2-b2a3-f63e1f934942@group-58A987F56150-SegmentedRaftLog:OPENED:c-1,f-1,i0, conf=-1: [6605b8a5-570b-4977-9ee7-6aaf3012bed5:192.168.164.233:35223, 327657b1-60f8-49f2-b2a3-f63e1f934942:192.168.164.233:41966, ddd4789c-894d-475a-bbfb-f6e7aa670c92:192.168.164.233:41061], old=null
2019-10-18 14:58:03,055 [327657b1-60f8-49f2-b2a3-f63e1f934942@group-58A987F56150-LeaderElection33] INFO  impl.RaftServerImpl (RaftServerImpl.java:setRole(184)) - 327657b1-60f8-49f2-b2a3-f63e1f934942@group-58A987F56150: changes role from CANDIDATE to FOLLOWER at term 30 for DISCOVERED_A_NEW_TERM
2019-10-18 14:58:03,055 [327657b1-60f8-49f2-b2a3-f63e1f934942@group-58A987F56150-LeaderElection33] INFO  impl.RoleInfo (RoleInfo.java:shutdownLeaderElection(134)) - 327657b1-60f8-49f2-b2a3-f63e1f934942: shutdown LeaderElection
2019-10-18 14:58:03,055 [327657b1-60f8-49f2-b2a3-f63e1f934942@group-58A987F56150-LeaderElection33] INFO  impl.RoleInfo (RoleInfo.java:updateAndGet(143)) - 327657b1-60f8-49f2-b2a3-f63e1f934942: start FollowerState
2019-10-18 14:58:03,220 [Thread-426] INFO  impl.FollowerState (FollowerState.java:run(108)) - 327657b1-60f8-49f2-b2a3-f63e1f934942@group-58A987F56150-FollowerState: change to CANDIDATE, lastRpcTime:165ms, electionTimeout:165ms
2019-10-18 14:58:03,222 [Thread-426] INFO  impl.RoleInfo (RoleInfo.java:shutdownFollowerState(121)) - 327657b1-60f8-49f2-b2a3-f63e1f934942: shutdown FollowerState
2019-10-18 14:58:03,222 [Thread-426] INFO  impl.RaftServerImpl (RaftServerImpl.java:setRole(184)) - 327657b1-60f8-49f2-b2a3-f63e1f934942@group-58A987F56150: changes role from  FOLLOWER to CANDIDATE at term 30 for changeToCandidate
2019-10-18 14:58:03,223 [Thread-426] INFO  impl.RoleInfo (RoleInfo.java:updateAndGet(143)) - 327657b1-60f8-49f2-b2a3-f63e1f934942: start LeaderElection
2019-10-18 14:58:03,234 [327657b1-60f8-49f2-b2a3-f63e1f934942@group-58A987F56150-LeaderElection34] INFO  impl.LeaderElection (LeaderElection.java:askForVotes(178)) - 327657b1-60f8-49f2-b2a3-f63e1f934942@group-58A987F56150-LeaderElection34: begin an election at term 31 for -1: [6605b8a5-570b-4977-9ee7-6aaf3012bed5:192.168.164.233:35223, 327657b1-60f8-49f2-b2a3-f63e1f934942:192.168.164.233:41966, ddd4789c-894d-475a-bbfb-f6e7aa670c92:192.168.164.233:41061], old=null
2019-10-18 14:58:03,238 [grpc-default-executor-5] INFO  impl.RaftServerImpl (RaftServerImpl.java:setRole(184)) - ddd4789c-894d-475a-bbfb-f6e7aa670c92@group-58A987F56150: changes role from  FOLLOWER to FOLLOWER at term 31 for recognizeCandidate:327657b1-60f8-49f2-b2a3-f63e1f934942
2019-10-18 14:58:03,238 [grpc-default-executor-5] INFO  impl.RoleInfo (RoleInfo.java:shutdownFollowerState(121)) - ddd4789c-894d-475a-bbfb-f6e7aa670c92: shutdown FollowerState
2019-10-18 14:58:03,238 [grpc-default-executor-2] INFO  impl.RaftServerImpl (RaftServerImpl.java:setRole(184)) - 6605b8a5-570b-4977-9ee7-6aaf3012bed5@group-58A987F56150: changes role from  FOLLOWER to FOLLOWER at term 31 for recognizeCandidate:327657b1-60f8-49f2-b2a3-f63e1f934942
2019-10-18 14:58:03,239 [Thread-424] INFO  impl.FollowerState (FollowerState.java:run(117)) - ddd4789c-894d-475a-bbfb-f6e7aa670c92@group-58A987F56150-FollowerState was interrupted: java.lang.InterruptedException: sleep interrupted
2019-10-18 14:58:03,239 [grpc-default-executor-5] INFO  impl.RoleInfo (RoleInfo.java:updateAndGet(143)) - ddd4789c-894d-475a-bbfb-f6e7aa670c92: start FollowerState
2019-10-18 14:58:03,239 [grpc-default-executor-2] INFO  impl.RoleInfo (RoleInfo.java:shutdownFollowerState(121)) - 6605b8a5-570b-4977-9ee7-6aaf3012bed5: shutdown FollowerState
2019-10-18 14:58:03,239 [Thread-425] INFO  impl.FollowerState (FollowerState.java:run(117)) - 6605b8a5-570b-4977-9ee7-6aaf3012bed5@group-58A987F56150-FollowerState was interrupted: java.lang.InterruptedException: sleep interrupted
2019-10-18 14:58:03,239 [grpc-default-executor-2] INFO  impl.RoleInfo (RoleInfo.java:updateAndGet(143)) - 6605b8a5-570b-4977-9ee7-6aaf3012bed5: start FollowerState
2019-10-18 14:58:03,271 [327657b1-60f8-49f2-b2a3-f63e1f934942@group-58A987F56150-LeaderElection34] INFO  impl.LeaderElection (LeaderElection.java:logAndReturn(56)) - 327657b1-60f8-49f2-b2a3-f63e1f934942@group-58A987F56150-LeaderElection34: Election REJECTED; received 2 response(s) [327657b1-60f8-49f2-b2a3-f63e1f934942<-6605b8a5-570b-4977-9ee7-6aaf3012bed5#0:FAIL-t31, 327657b1-60f8-49f2-b2a3-f63e1f934942<-ddd4789c-894d-475a-bbfb-f6e7aa670c92#0:FAIL-t31] and 0 exception(s); 327657b1-60f8-49f2-b2a3-f63e1f934942@group-58A987F56150:t31, leader=null, voted=327657b1-60f8-49f2-b2a3-f63e1f934942, raftlog=327657b1-60f8-49f2-b2a3-f63e1f934942@group-58A987F56150-SegmentedRaftLog:OPENED:c-1,f-1,i0, conf=-1: [6605b8a5-570b-4977-9ee7-6aaf3012bed5:192.168.164.233:35223, 327657b1-60f8-49f2-b2a3-f63e1f934942:192.168.164.233:41966, ddd4789c-894d-475a-bbfb-f6e7aa670c92:192.168.164.233:41061], old=null
2019-10-18 14:58:03,271 [327657b1-60f8-49f2-b2a3-f63e1f934942@group-58A987F56150-LeaderElection34] INFO  impl.RaftServerImpl (RaftServerImpl.java:setRole(184)) - 327657b1-60f8-49f2-b2a3-f63e1f934942@group-58A987F56150: changes role from CANDIDATE to FOLLOWER at term 31 for DISCOVERED_A_NEW_TERM
2019-10-18 14:58:03,271 [327657b1-60f8-49f2-b2a3-f63e1f934942@group-58A987F56150-LeaderElection34] INFO  impl.RoleInfo (RoleInfo.java:shutdownLeaderElection(134)) - 327657b1-60f8-49f2-b2a3-f63e1f934942: shutdown LeaderElection
2019-10-18 14:58:03,272 [327657b1-60f8-49f2-b2a3-f63e1f934942@group-58A987F56150-LeaderElection34] INFO  impl.RoleInfo (RoleInfo.java:updateAndGet(143)) - 327657b1-60f8-49f2-b2a3-f63e1f934942: start FollowerState
2019-10-18 14:58:03,279 [Thread-432] INFO  impl.FollowerState (FollowerState.java:run(108)) - 327657b1-60f8-49f2-b2a3-f63e1f934942@group-58A987F56150-FollowerState: change to CANDIDATE, lastRpcTime:7ms, electionTimeout:7ms
2019-10-18 14:58:03,280 [Thread-432] INFO  impl.RoleInfo (RoleInfo.java:shutdownFollowerState(121)) - 327657b1-60f8-49f2-b2a3-f63e1f934942: shutdown FollowerState
2019-10-18 14:58:03,281 [Thread-432] INFO  impl.RaftServerImpl (RaftServerImpl.java:setRole(184)) - 327657b1-60f8-49f2-b2a3-f63e1f934942@group-58A987F56150: changes role from  FOLLOWER to CANDIDATE at term 31 for changeToCandidate
2019-10-18 14:58:03,281 [Thread-432] INFO  impl.RoleInfo (RoleInfo.java:updateAndGet(143)) - 327657b1-60f8-49f2-b2a3-f63e1f934942: start LeaderElection
2019-10-18 14:58:03,310 [327657b1-60f8-49f2-b2a3-f63e1f934942@group-58A987F56150-LeaderElection35] INFO  impl.LeaderElection (LeaderElection.java:askForVotes(178)) - 327657b1-60f8-49f2-b2a3-f63e1f934942@group-58A987F56150-LeaderElection35: begin an election at term 32 for -1: [6605b8a5-570b-4977-9ee7-6aaf3012bed5:192.168.164.233:35223, 327657b1-60f8-49f2-b2a3-f63e1f934942:192.168.164.233:41966, ddd4789c-894d-475a-bbfb-f6e7aa670c92:192.168.164.233:41061], old=null
2019-10-18 14:58:03,313 [grpc-default-executor-5] INFO  impl.RaftServerImpl (RaftServerImpl.java:setRole(184)) - ddd4789c-894d-475a-bbfb-f6e7aa670c92@group-58A987F56150: changes role from  FOLLOWER to FOLLOWER at term 32 for recognizeCandidate:327657b1-60f8-49f2-b2a3-f63e1f934942
2019-10-18 14:58:03,313 [grpc-default-executor-2] INFO  impl.RaftServerImpl (RaftServerImpl.java:setRole(184)) - 6605b8a5-570b-4977-9ee7-6aaf3012bed5@group-58A987F56150: changes role from  FOLLOWER to FOLLOWER at term 32 for recognizeCandidate:327657b1-60f8-49f2-b2a3-f63e1f934942
2019-10-18 14:58:03,313 [grpc-default-executor-5] INFO  impl.RoleInfo (RoleInfo.java:shutdownFollowerState(121)) - ddd4789c-894d-475a-bbfb-f6e7aa670c92: shutdown FollowerState
2019-10-18 14:58:03,313 [grpc-default-executor-2] INFO  impl.RoleInfo (RoleInfo.java:shutdownFollowerState(121)) - 6605b8a5-570b-4977-9ee7-6aaf3012bed5: shutdown FollowerState
2019-10-18 14:58:03,313 [grpc-default-executor-5] INFO  impl.RoleInfo (RoleInfo.java:updateAndGet(143)) - ddd4789c-894d-475a-bbfb-f6e7aa670c92: start FollowerState
2019-10-18 14:58:03,313 [Thread-430] INFO  impl.FollowerState (FollowerState.java:run(117)) - ddd4789c-894d-475a-bbfb-f6e7aa670c92@group-58A987F56150-FollowerState was interrupted: java.lang.InterruptedException: sleep interrupted
2019-10-18 14:58:03,313 [grpc-default-executor-2] INFO  impl.RoleInfo (RoleInfo.java:updateAndGet(143)) - 6605b8a5-570b-4977-9ee7-6aaf3012bed5: start FollowerState
2019-10-18 14:58:03,313 [Thread-431] INFO  impl.FollowerState (FollowerState.java:run(117)) - 6605b8a5-570b-4977-9ee7-6aaf3012bed5@group-58A987F56150-FollowerState was interrupted: java.lang.InterruptedException: sleep interrupted
2019-10-18 14:58:03,333 [327657b1-60f8-49f2-b2a3-f63e1f934942@group-58A987F56150-LeaderElection35] INFO  impl.LeaderElection (LeaderElection.java:logAndReturn(56)) - 327657b1-60f8-49f2-b2a3-f63e1f934942@group-58A987F56150-LeaderElection35: Election REJECTED; received 2 response(s) [327657b1-60f8-49f2-b2a3-f63e1f934942<-6605b8a5-570b-4977-9ee7-6aaf3012bed5#0:FAIL-t32, 327657b1-60f8-49f2-b2a3-f63e1f934942<-ddd4789c-894d-475a-bbfb-f6e7aa670c92#0:FAIL-t32] and 0 exception(s); 327657b1-60f8-49f2-b2a3-f63e1f934942@group-58A987F56150:t32, leader=null, voted=327657b1-60f8-49f2-b2a3-f63e1f934942, raftlog=327657b1-60f8-49f2-b2a3-f63e1f934942@group-58A987F56150-SegmentedRaftLog:OPENED:c-1,f-1,i0, conf=-1: [6605b8a5-570b-4977-9ee7-6aaf3012bed5:192.168.164.233:35223, 327657b1-60f8-49f2-b2a3-f63e1f934942:192.168.164.233:41966, ddd4789c-894d-475a-bbfb-f6e7aa670c92:192.168.164.233:41061], old=null
2019-10-18 14:58:03,333 [327657b1-60f8-49f2-b2a3-f63e1f934942@group-58A987F56150-LeaderElection35] INFO  impl.RaftServerImpl (RaftServerImpl.java:setRole(184)) - 327657b1-60f8-49f2-b2a3-f63e1f934942@group-58A987F56150: changes role from CANDIDATE to FOLLOWER at term 32 for DISCOVERED_A_NEW_TERM
2019-10-18 14:58:03,333 [327657b1-60f8-49f2-b2a3-f63e1f934942@group-58A987F56150-LeaderElection35] INFO  impl.RoleInfo (RoleInfo.java:shutdownLeaderElection(134)) - 327657b1-60f8-49f2-b2a3-f63e1f934942: shutdown LeaderElection
2019-10-18 14:58:03,334 [327657b1-60f8-49f2-b2a3-f63e1f934942@group-58A987F56150-LeaderElection35] INFO  impl.RoleInfo (RoleInfo.java:updateAndGet(143)) - 327657b1-60f8-49f2-b2a3-f63e1f934942: start FollowerState
2019-10-18 14:58:03,353 [Thread-438] INFO  impl.FollowerState (FollowerState.java:run(108)) - 327657b1-60f8-49f2-b2a3-f63e1f934942@group-58A987F56150-FollowerState: change to CANDIDATE, lastRpcTime:19ms, electionTimeout:19ms
2019-10-18 14:58:03,355 [Thread-438] INFO  impl.RoleInfo (RoleInfo.java:shutdownFollowerState(121)) - 327657b1-60f8-49f2-b2a3-f63e1f934942: shutdown FollowerState
2019-10-18 14:58:03,355 [Thread-438] INFO  impl.RaftServerImpl (RaftServerImpl.java:setRole(184)) - 327657b1-60f8-49f2-b2a3-f63e1f934942@group-58A987F56150: changes role from  FOLLOWER to CANDIDATE at term 32 for changeToCandidate
2019-10-18 14:58:03,355 [Thread-438] INFO  impl.RoleInfo (RoleInfo.java:updateAndGet(143)) - 327657b1-60f8-49f2-b2a3-f63e1f934942: start LeaderElection
2019-10-18 14:58:03,368 [327657b1-60f8-49f2-b2a3-f63e1f934942@group-58A987F56150-LeaderElection36] INFO  impl.LeaderElection (LeaderElection.java:askForVotes(178)) - 327657b1-60f8-49f2-b2a3-f63e1f934942@group-58A987F56150-LeaderElection36: begin an election at term 33 for -1: [6605b8a5-570b-4977-9ee7-6aaf3012bed5:192.168.164.233:35223, 327657b1-60f8-49f2-b2a3-f63e1f934942:192.168.164.233:41966, ddd4789c-894d-475a-bbfb-f6e7aa670c92:192.168.164.233:41061], old=null
2019-10-18 14:58:03,371 [327657b1-60f8-49f2-b2a3-f63e1f934942@group-58A987F56150-LeaderElection36] INFO  impl.LeaderElection (LeaderElection.java:logAndReturn(56)) - 327657b1-60f8-49f2-b2a3-f63e1f934942@group-58A987F56150-LeaderElection36: Election TIMEOUT; received 0 response(s) [] and 0 exception(s); 327657b1-60f8-49f2-b2a3-f63e1f934942@group-58A987F56150:t33, leader=null, voted=327657b1-60f8-49f2-b2a3-f63e1f934942, raftlog=327657b1-60f8-49f2-b2a3-f63e1f934942@group-58A987F56150-SegmentedRaftLog:OPENED:c-1,f-1,i0, conf=-1: [6605b8a5-570b-4977-9ee7-6aaf3012bed5:192.168.164.233:35223, 327657b1-60f8-49f2-b2a3-f63e1f934942:192.168.164.233:41966, ddd4789c-894d-475a-bbfb-f6e7aa670c92:192.168.164.233:41061], old=null
2019-10-18 14:58:03,371 [grpc-default-executor-2] INFO  impl.RaftServerImpl (RaftServerImpl.java:setRole(184)) - 6605b8a5-570b-4977-9ee7-6aaf3012bed5@group-58A987F56150: changes role from  FOLLOWER to FOLLOWER at term 33 for recognizeCandidate:327657b1-60f8-49f2-b2a3-f63e1f934942
2019-10-18 14:58:03,371 [grpc-default-executor-2] INFO  impl.RoleInfo (RoleInfo.java:shutdownFollowerState(121)) - 6605b8a5-570b-4977-9ee7-6aaf3012bed5: shutdown FollowerState
2019-10-18 14:58:03,371 [Thread-437] INFO  impl.FollowerState (FollowerState.java:run(117)) - 6605b8a5-570b-4977-9ee7-6aaf3012bed5@group-58A987F56150-FollowerState was interrupted: java.lang.InterruptedException: sleep interrupted
2019-10-18 14:58:03,372 [grpc-default-executor-2] INFO  impl.RoleInfo (RoleInfo.java:updateAndGet(143)) - 6605b8a5-570b-4977-9ee7-6aaf3012bed5: start FollowerState
2019-10-18 14:58:03,373 [grpc-default-executor-5] INFO  impl.RaftServerImpl (RaftServerImpl.java:setRole(184)) - ddd4789c-894d-475a-bbfb-f6e7aa670c92@group-58A987F56150: changes role from  FOLLOWER to FOLLOWER at term 33 for recognizeCandidate:327657b1-60f8-49f2-b2a3-f63e1f934942
2019-10-18 14:58:03,373 [grpc-default-executor-5] INFO  impl.RoleInfo (RoleInfo.java:shutdownFollowerState(121)) - ddd4789c-894d-475a-bbfb-f6e7aa670c92: shutdown FollowerState
2019-10-18 14:58:03,373 [grpc-default-executor-5] INFO  impl.RoleInfo (RoleInfo.java:updateAndGet(143)) - ddd4789c-894d-475a-bbfb-f6e7aa670c92: start FollowerState
2019-10-18 14:58:03,373 [Thread-436] INFO  impl.FollowerState (FollowerState.java:run(117)) - ddd4789c-894d-475a-bbfb-f6e7aa670c92@group-58A987F56150-FollowerState was interrupted: java.lang.InterruptedException: sleep interrupted
2019-10-18 14:58:03,396 [327657b1-60f8-49f2-b2a3-f63e1f934942@group-58A987F56150-LeaderElection36] INFO  impl.LeaderElection (LeaderElection.java:askForVotes(178)) - 327657b1-60f8-49f2-b2a3-f63e1f934942@group-58A987F56150-LeaderElection36: begin an election at term 34 for -1: [6605b8a5-570b-4977-9ee7-6aaf3012bed5:192.168.164.233:35223, 327657b1-60f8-49f2-b2a3-f63e1f934942:192.168.164.233:41966, ddd4789c-894d-475a-bbfb-f6e7aa670c92:192.168.164.233:41061], old=null
2019-10-18 14:58:03,398 [grpc-default-executor-5] INFO  impl.RaftServerImpl (RaftServerImpl.java:setRole(184)) - 6605b8a5-570b-4977-9ee7-6aaf3012bed5@group-58A987F56150: changes role from  FOLLOWER to FOLLOWER at term 34 for recognizeCandidate:327657b1-60f8-49f2-b2a3-f63e1f934942
2019-10-18 14:58:03,399 [grpc-default-executor-5] INFO  impl.RoleInfo (RoleInfo.java:shutdownFollowerState(121)) - 6605b8a5-570b-4977-9ee7-6aaf3012bed5: shutdown FollowerState
2019-10-18 14:58:03,399 [grpc-default-executor-2] INFO  impl.RaftServerImpl (RaftServerImpl.java:setRole(184)) - ddd4789c-894d-475a-bbfb-f6e7aa670c92@group-58A987F56150: changes role from  FOLLOWER to FOLLOWER at term 34 for recognizeCandidate:327657b1-60f8-49f2-b2a3-f63e1f934942
2019-10-18 14:58:03,399 [Thread-442] INFO  impl.FollowerState (FollowerState.java:run(117)) - 6605b8a5-570b-4977-9ee7-6aaf3012bed5@group-58A987F56150-FollowerState was interrupted: java.lang.InterruptedException: sleep interrupted
2019-10-18 14:58:03,399 [grpc-default-executor-5] INFO  impl.RoleInfo (RoleInfo.java:updateAndGet(143)) - 6605b8a5-570b-4977-9ee7-6aaf3012bed5: start FollowerState
2019-10-18 14:58:03,399 [grpc-default-executor-2] INFO  impl.RoleInfo (RoleInfo.java:shutdownFollowerState(121)) - ddd4789c-894d-475a-bbfb-f6e7aa670c92: shutdown FollowerState
2019-10-18 14:58:03,399 [Thread-443] INFO  impl.FollowerState (FollowerState.java:run(117)) - ddd4789c-894d-475a-bbfb-f6e7aa670c92@group-58A987F56150-FollowerState was interrupted: java.lang.InterruptedException: sleep interrupted
2019-10-18 14:58:03,399 [grpc-default-executor-2] INFO  impl.RoleInfo (RoleInfo.java:updateAndGet(143)) - ddd4789c-894d-475a-bbfb-f6e7aa670c92: start FollowerState
2019-10-18 14:58:03,416 [327657b1-60f8-49f2-b2a3-f63e1f934942@group-58A987F56150-LeaderElection36] INFO  impl.LeaderElection (LeaderElection.java:logAndReturn(56)) - 327657b1-60f8-49f2-b2a3-f63e1f934942@group-58A987F56150-LeaderElection36: Election REJECTED; received 2 response(s) [327657b1-60f8-49f2-b2a3-f63e1f934942<-6605b8a5-570b-4977-9ee7-6aaf3012bed5#0:FAIL-t34, 327657b1-60f8-49f2-b2a3-f63e1f934942<-ddd4789c-894d-475a-bbfb-f6e7aa670c92#0:FAIL-t34] and 0 exception(s); 327657b1-60f8-49f2-b2a3-f63e1f934942@group-58A987F56150:t34, leader=null, voted=327657b1-60f8-49f2-b2a3-f63e1f934942, raftlog=327657b1-60f8-49f2-b2a3-f63e1f934942@group-58A987F56150-SegmentedRaftLog:OPENED:c-1,f-1,i0, conf=-1: [6605b8a5-570b-4977-9ee7-6aaf3012bed5:192.168.164.233:35223, 327657b1-60f8-49f2-b2a3-f63e1f934942:192.168.164.233:41966, ddd4789c-894d-475a-bbfb-f6e7aa670c92:192.168.164.233:41061], old=null
2019-10-18 14:58:03,416 [327657b1-60f8-49f2-b2a3-f63e1f934942@group-58A987F56150-LeaderElection36] INFO  impl.RaftServerImpl (RaftServerImpl.java:setRole(184)) - 327657b1-60f8-49f2-b2a3-f63e1f934942@group-58A987F56150: changes role from CANDIDATE to FOLLOWER at term 34 for DISCOVERED_A_NEW_TERM
2019-10-18 14:58:03,416 [327657b1-60f8-49f2-b2a3-f63e1f934942@group-58A987F56150-LeaderElection36] INFO  impl.RoleInfo (RoleInfo.java:shutdownLeaderElection(134)) - 327657b1-60f8-49f2-b2a3-f63e1f934942: shutdown LeaderElection
2019-10-18 14:58:03,417 [327657b1-60f8-49f2-b2a3-f63e1f934942@group-58A987F56150-LeaderElection36] INFO  impl.RoleInfo (RoleInfo.java:updateAndGet(143)) - 327657b1-60f8-49f2-b2a3-f63e1f934942: start FollowerState
2019-10-18 14:58:03,498 [Thread-450] INFO  impl.FollowerState (FollowerState.java:run(108)) - 327657b1-60f8-49f2-b2a3-f63e1f934942@group-58A987F56150-FollowerState: change to CANDIDATE, lastRpcTime:80ms, electionTimeout:80ms
2019-10-18 14:58:03,500 [Thread-450] INFO  impl.RoleInfo (RoleInfo.java:shutdownFollowerState(121)) - 327657b1-60f8-49f2-b2a3-f63e1f934942: shutdown FollowerState
2019-10-18 14:58:03,500 [Thread-450] INFO  impl.RaftServerImpl (RaftServerImpl.java:setRole(184)) - 327657b1-60f8-49f2-b2a3-f63e1f934942@group-58A987F56150: changes role from  FOLLOWER to CANDIDATE at term 34 for changeToCandidate
2019-10-18 14:58:03,500 [Thread-450] INFO  impl.RoleInfo (RoleInfo.java:updateAndGet(143)) - 327657b1-60f8-49f2-b2a3-f63e1f934942: start LeaderElection
2019-10-18 14:58:03,514 [327657b1-60f8-49f2-b2a3-f63e1f934942@group-58A987F56150-LeaderElection37] INFO  impl.LeaderElection (LeaderElection.java:askForVotes(178)) - 327657b1-60f8-49f2-b2a3-f63e1f934942@group-58A987F56150-LeaderElection37: begin an election at term 35 for -1: [6605b8a5-570b-4977-9ee7-6aaf3012bed5:192.168.164.233:35223, 327657b1-60f8-49f2-b2a3-f63e1f934942:192.168.164.233:41966, ddd4789c-894d-475a-bbfb-f6e7aa670c92:192.168.164.233:41061], old=null
2019-10-18 14:58:03,517 [grpc-default-executor-5] INFO  impl.RaftServerImpl (RaftServerImpl.java:setRole(184)) - 6605b8a5-570b-4977-9ee7-6aaf3012bed5@group-58A987F56150: changes role from  FOLLOWER to FOLLOWER at term 35 for recognizeCandidate:327657b1-60f8-49f2-b2a3-f63e1f934942
2019-10-18 14:58:03,517 [grpc-default-executor-3] INFO  impl.RaftServerImpl (RaftServerImpl.java:setRole(184)) - ddd4789c-894d-475a-bbfb-f6e7aa670c92@group-58A987F56150: changes role from  FOLLOWER to FOLLOWER at term 35 for recognizeCandidate:327657b1-60f8-49f2-b2a3-f63e1f934942
2019-10-18 14:58:03,517 [grpc-default-executor-5] INFO  impl.RoleInfo (RoleInfo.java:shutdownFollowerState(121)) - 6605b8a5-570b-4977-9ee7-6aaf3012bed5: shutdown FollowerState
2019-10-18 14:58:03,518 [grpc-default-executor-3] INFO  impl.RoleInfo (RoleInfo.java:shutdownFollowerState(121)) - ddd4789c-894d-475a-bbfb-f6e7aa670c92: shutdown FollowerState
2019-10-18 14:58:03,518 [Thread-446] INFO  impl.FollowerState (FollowerState.java:run(117)) - 6605b8a5-570b-4977-9ee7-6aaf3012bed5@group-58A987F56150-FollowerState was interrupted: java.lang.InterruptedException: sleep interrupted
2019-10-18 14:58:03,518 [grpc-default-executor-5] INFO  impl.RoleInfo (RoleInfo.java:updateAndGet(143)) - 6605b8a5-570b-4977-9ee7-6aaf3012bed5: start FollowerState
2019-10-18 14:58:03,518 [grpc-default-executor-3] INFO  impl.RoleInfo (RoleInfo.java:updateAndGet(143)) - ddd4789c-894d-475a-bbfb-f6e7aa670c92: start FollowerState
2019-10-18 14:58:03,518 [Thread-447] INFO  impl.FollowerState (FollowerState.java:run(117)) - ddd4789c-894d-475a-bbfb-f6e7aa670c92@group-58A987F56150-FollowerState was interrupted: java.lang.InterruptedException: sleep interrupted
2019-10-18 14:58:03,533 [327657b1-60f8-49f2-b2a3-f63e1f934942@group-58A987F56150-LeaderElection37] INFO  impl.LeaderElection (LeaderElection.java:logAndReturn(56)) - 327657b1-60f8-49f2-b2a3-f63e1f934942@group-58A987F56150-LeaderElection37: Election REJECTED; received 2 response(s) [327657b1-60f8-49f2-b2a3-f63e1f934942<-6605b8a5-570b-4977-9ee7-6aaf3012bed5#0:FAIL-t35, 327657b1-60f8-49f2-b2a3-f63e1f934942<-ddd4789c-894d-475a-bbfb-f6e7aa670c92#0:FAIL-t35] and 0 exception(s); 327657b1-60f8-49f2-b2a3-f63e1f934942@group-58A987F56150:t35, leader=null, voted=327657b1-60f8-49f2-b2a3-f63e1f934942, raftlog=327657b1-60f8-49f2-b2a3-f63e1f934942@group-58A987F56150-SegmentedRaftLog:OPENED:c-1,f-1,i0, conf=-1: [6605b8a5-570b-4977-9ee7-6aaf3012bed5:192.168.164.233:35223, 327657b1-60f8-49f2-b2a3-f63e1f934942:192.168.164.233:41966, ddd4789c-894d-475a-bbfb-f6e7aa670c92:192.168.164.233:41061], old=null
2019-10-18 14:58:03,533 [327657b1-60f8-49f2-b2a3-f63e1f934942@group-58A987F56150-LeaderElection37] INFO  impl.RaftServerImpl (RaftServerImpl.java:setRole(184)) - 327657b1-60f8-49f2-b2a3-f63e1f934942@group-58A987F56150: changes role from CANDIDATE to FOLLOWER at term 35 for DISCOVERED_A_NEW_TERM
2019-10-18 14:58:03,533 [327657b1-60f8-49f2-b2a3-f63e1f934942@group-58A987F56150-LeaderElection37] INFO  impl.RoleInfo (RoleInfo.java:shutdownLeaderElection(134)) - 327657b1-60f8-49f2-b2a3-f63e1f934942: shutdown LeaderElection
2019-10-18 14:58:03,534 [327657b1-60f8-49f2-b2a3-f63e1f934942@group-58A987F56150-LeaderElection37] INFO  impl.RoleInfo (RoleInfo.java:updateAndGet(143)) - 327657b1-60f8-49f2-b2a3-f63e1f934942: start FollowerState
2019-10-18 14:58:03,699 [Thread-456] INFO  impl.FollowerState (FollowerState.java:run(108)) - 327657b1-60f8-49f2-b2a3-f63e1f934942@group-58A987F56150-FollowerState: change to CANDIDATE, lastRpcTime:165ms, electionTimeout:165ms
2019-10-18 14:58:03,701 [Thread-456] INFO  impl.RoleInfo (RoleInfo.java:shutdownFollowerState(121)) - 327657b1-60f8-49f2-b2a3-f63e1f934942: shutdown FollowerState
2019-10-18 14:58:03,701 [Thread-456] INFO  impl.RaftServerImpl (RaftServerImpl.java:setRole(184)) - 327657b1-60f8-49f2-b2a3-f63e1f934942@group-58A987F56150: changes role from  FOLLOWER to CANDIDATE at term 35 for changeToCandidate
2019-10-18 14:58:03,702 [Thread-456] INFO  impl.RoleInfo (RoleInfo.java:updateAndGet(143)) - 327657b1-60f8-49f2-b2a3-f63e1f934942: start LeaderElection
2019-10-18 14:58:03,717 [327657b1-60f8-49f2-b2a3-f63e1f934942@group-58A987F56150-LeaderElection38] INFO  impl.LeaderElection (LeaderElection.java:askForVotes(178)) - 327657b1-60f8-49f2-b2a3-f63e1f934942@group-58A987F56150-LeaderElection38: begin an election at term 36 for -1: [6605b8a5-570b-4977-9ee7-6aaf3012bed5:192.168.164.233:35223, 327657b1-60f8-49f2-b2a3-f63e1f934942:192.168.164.233:41966, ddd4789c-894d-475a-bbfb-f6e7aa670c92:192.168.164.233:41061], old=null
2019-10-18 14:58:03,721 [grpc-default-executor-3] INFO  impl.RaftServerImpl (RaftServerImpl.java:setRole(184)) - 6605b8a5-570b-4977-9ee7-6aaf3012bed5@group-58A987F56150: changes role from  FOLLOWER to FOLLOWER at term 36 for recognizeCandidate:327657b1-60f8-49f2-b2a3-f63e1f934942
2019-10-18 14:58:03,721 [grpc-default-executor-5] INFO  impl.RaftServerImpl (RaftServerImpl.java:setRole(184)) - ddd4789c-894d-475a-bbfb-f6e7aa670c92@group-58A987F56150: changes role from  FOLLOWER to FOLLOWER at term 36 for recognizeCandidate:327657b1-60f8-49f2-b2a3-f63e1f934942
2019-10-18 14:58:03,721 [grpc-default-executor-3] INFO  impl.RoleInfo (RoleInfo.java:shutdownFollowerState(121)) - 6605b8a5-570b-4977-9ee7-6aaf3012bed5: shutdown FollowerState
2019-10-18 14:58:03,721 [grpc-default-executor-5] INFO  impl.RoleInfo (RoleInfo.java:shutdownFollowerState(121)) - ddd4789c-894d-475a-bbfb-f6e7aa670c92: shutdown FollowerState
2019-10-18 14:58:03,721 [grpc-default-executor-3] INFO  impl.RoleInfo (RoleInfo.java:updateAndGet(143)) - 6605b8a5-570b-4977-9ee7-6aaf3012bed5: start FollowerState
2019-10-18 14:58:03,721 [Thread-455] INFO  impl.FollowerState (FollowerState.java:run(117)) - ddd4789c-894d-475a-bbfb-f6e7aa670c92@group-58A987F56150-FollowerState was interrupted: java.lang.InterruptedException: sleep interrupted
2019-10-18 14:58:03,721 [grpc-default-executor-5] INFO  impl.RoleInfo (RoleInfo.java:updateAndGet(143)) - ddd4789c-894d-475a-bbfb-f6e7aa670c92: start FollowerState
2019-10-18 14:58:03,721 [Thread-454] INFO  impl.FollowerState (FollowerState.java:run(117)) - 6605b8a5-570b-4977-9ee7-6aaf3012bed5@group-58A987F56150-FollowerState was interrupted: java.lang.InterruptedException: sleep interrupted
2019-10-18 14:58:03,736 [327657b1-60f8-49f2-b2a3-f63e1f934942@group-58A987F56150-LeaderElection38] INFO  impl.LeaderElection (LeaderElection.java:logAndReturn(56)) - 327657b1-60f8-49f2-b2a3-f63e1f934942@group-58A987F56150-LeaderElection38: Election REJECTED; received 2 response(s) [327657b1-60f8-49f2-b2a3-f63e1f934942<-6605b8a5-570b-4977-9ee7-6aaf3012bed5#0:FAIL-t36, 327657b1-60f8-49f2-b2a3-f63e1f934942<-ddd4789c-894d-475a-bbfb-f6e7aa670c92#0:FAIL-t36] and 0 exception(s); 327657b1-60f8-49f2-b2a3-f63e1f934942@group-58A987F56150:t36, leader=null, voted=327657b1-60f8-49f2-b2a3-f63e1f934942, raftlog=327657b1-60f8-49f2-b2a3-f63e1f934942@group-58A987F56150-SegmentedRaftLog:OPENED:c-1,f-1,i0, conf=-1: [6605b8a5-570b-4977-9ee7-6aaf3012bed5:192.168.164.233:35223, 327657b1-60f8-49f2-b2a3-f63e1f934942:192.168.164.233:41966, ddd4789c-894d-475a-bbfb-f6e7aa670c92:192.168.164.233:41061], old=null
2019-10-18 14:58:03,737 [327657b1-60f8-49f2-b2a3-f63e1f934942@group-58A987F56150-LeaderElection38] INFO  impl.RaftServerImpl (RaftServerImpl.java:setRole(184)) - 327657b1-60f8-49f2-b2a3-f63e1f934942@group-58A987F56150: changes role from CANDIDATE to FOLLOWER at term 36 for DISCOVERED_A_NEW_TERM
2019-10-18 14:58:03,737 [327657b1-60f8-49f2-b2a3-f63e1f934942@group-58A987F56150-LeaderElection38] INFO  impl.RoleInfo (RoleInfo.java:shutdownLeaderElection(134)) - 327657b1-60f8-49f2-b2a3-f63e1f934942: shutdown LeaderElection
2019-10-18 14:58:03,737 [327657b1-60f8-49f2-b2a3-f63e1f934942@group-58A987F56150-LeaderElection38] INFO  impl.RoleInfo (RoleInfo.java:updateAndGet(143)) - 327657b1-60f8-49f2-b2a3-f63e1f934942: start FollowerState
2019-10-18 14:58:03,773 [Thread-462] INFO  impl.FollowerState (FollowerState.java:run(108)) - 327657b1-60f8-49f2-b2a3-f63e1f934942@group-58A987F56150-FollowerState: change to CANDIDATE, lastRpcTime:36ms, electionTimeout:36ms
2019-10-18 14:58:03,779 [Thread-462] INFO  impl.RoleInfo (RoleInfo.java:shutdownFollowerState(121)) - 327657b1-60f8-49f2-b2a3-f63e1f934942: shutdown FollowerState
2019-10-18 14:58:03,779 [Thread-462] INFO  impl.RaftServerImpl (RaftServerImpl.java:setRole(184)) - 327657b1-60f8-49f2-b2a3-f63e1f934942@group-58A987F56150: changes role from  FOLLOWER to CANDIDATE at term 36 for changeToCandidate
2019-10-18 14:58:03,779 [Thread-462] INFO  impl.RoleInfo (RoleInfo.java:updateAndGet(143)) - 327657b1-60f8-49f2-b2a3-f63e1f934942: start LeaderElection
2019-10-18 14:58:03,793 [327657b1-60f8-49f2-b2a3-f63e1f934942@group-58A987F56150-LeaderElection39] INFO  impl.LeaderElection (LeaderElection.java:askForVotes(178)) - 327657b1-60f8-49f2-b2a3-f63e1f934942@group-58A987F56150-LeaderElection39: begin an election at term 37 for -1: [6605b8a5-570b-4977-9ee7-6aaf3012bed5:192.168.164.233:35223, 327657b1-60f8-49f2-b2a3-f63e1f934942:192.168.164.233:41966, ddd4789c-894d-475a-bbfb-f6e7aa670c92:192.168.164.233:41061], old=null
2019-10-18 14:58:03,798 [grpc-default-executor-5] INFO  impl.RaftServerImpl (RaftServerImpl.java:setRole(184)) - 6605b8a5-570b-4977-9ee7-6aaf3012bed5@group-58A987F56150: changes role from  FOLLOWER to FOLLOWER at term 37 for recognizeCandidate:327657b1-60f8-49f2-b2a3-f63e1f934942
2019-10-18 14:58:03,798 [grpc-default-executor-5] INFO  impl.RoleInfo (RoleInfo.java:shutdownFollowerState(121)) - 6605b8a5-570b-4977-9ee7-6aaf3012bed5: shutdown FollowerState
2019-10-18 14:58:03,798 [grpc-default-executor-5] INFO  impl.RoleInfo (RoleInfo.java:updateAndGet(143)) - 6605b8a5-570b-4977-9ee7-6aaf3012bed5: start FollowerState
2019-10-18 14:58:03,798 [grpc-default-executor-3] INFO  impl.RaftServerImpl (RaftServerImpl.java:setRole(184)) - ddd4789c-894d-475a-bbfb-f6e7aa670c92@group-58A987F56150: changes role from  FOLLOWER to FOLLOWER at term 37 for recognizeCandidate:327657b1-60f8-49f2-b2a3-f63e1f934942
2019-10-18 14:58:03,798 [Thread-460] INFO  impl.FollowerState (FollowerState.java:run(117)) - 6605b8a5-570b-4977-9ee7-6aaf3012bed5@group-58A987F56150-FollowerState was interrupted: java.lang.InterruptedException: sleep interrupted
2019-10-18 14:58:03,798 [grpc-default-executor-3] INFO  impl.RoleInfo (RoleInfo.java:shutdownFollowerState(121)) - ddd4789c-894d-475a-bbfb-f6e7aa670c92: shutdown FollowerState
2019-10-18 14:58:03,799 [Thread-461] INFO  impl.FollowerState (FollowerState.java:run(117)) - ddd4789c-894d-475a-bbfb-f6e7aa670c92@group-58A987F56150-FollowerState was interrupted: java.lang.InterruptedException: sleep interrupted
2019-10-18 14:58:03,799 [grpc-default-executor-3] INFO  impl.RoleInfo (RoleInfo.java:updateAndGet(143)) - ddd4789c-894d-475a-bbfb-f6e7aa670c92: start FollowerState
2019-10-18 14:58:03,817 [327657b1-60f8-49f2-b2a3-f63e1f934942@group-58A987F56150-LeaderElection39] INFO  impl.LeaderElection (LeaderElection.java:logAndReturn(56)) - 327657b1-60f8-49f2-b2a3-f63e1f934942@group-58A987F56150-LeaderElection39: Election REJECTED; received 2 response(s) [327657b1-60f8-49f2-b2a3-f63e1f934942<-6605b8a5-570b-4977-9ee7-6aaf3012bed5#0:FAIL-t37, 327657b1-60f8-49f2-b2a3-f63e1f934942<-ddd4789c-894d-475a-bbfb-f6e7aa670c92#0:FAIL-t37] and 0 exception(s); 327657b1-60f8-49f2-b2a3-f63e1f934942@group-58A987F56150:t37, leader=null, voted=327657b1-60f8-49f2-b2a3-f63e1f934942, raftlog=327657b1-60f8-49f2-b2a3-f63e1f934942@group-58A987F56150-SegmentedRaftLog:OPENED:c-1,f-1,i0, conf=-1: [6605b8a5-570b-4977-9ee7-6aaf3012bed5:192.168.164.233:35223, 327657b1-60f8-49f2-b2a3-f63e1f934942:192.168.164.233:41966, ddd4789c-894d-475a-bbfb-f6e7aa670c92:192.168.164.233:41061], old=null
2019-10-18 14:58:03,817 [327657b1-60f8-49f2-b2a3-f63e1f934942@group-58A987F56150-LeaderElection39] INFO  impl.RaftServerImpl (RaftServerImpl.java:setRole(184)) - 327657b1-60f8-49f2-b2a3-f63e1f934942@group-58A987F56150: changes role from CANDIDATE to FOLLOWER at term 37 for DISCOVERED_A_NEW_TERM
2019-10-18 14:58:03,818 [327657b1-60f8-49f2-b2a3-f63e1f934942@group-58A987F56150-LeaderElection39] INFO  impl.RoleInfo (RoleInfo.java:shutdownLeaderElection(134)) - 327657b1-60f8-49f2-b2a3-f63e1f934942: shutdown LeaderElection
2019-10-18 14:58:03,818 [327657b1-60f8-49f2-b2a3-f63e1f934942@group-58A987F56150-LeaderElection39] INFO  impl.RoleInfo (RoleInfo.java:updateAndGet(143)) - 327657b1-60f8-49f2-b2a3-f63e1f934942: start FollowerState
2019-10-18 14:58:03,986 [Thread-468] INFO  impl.FollowerState (FollowerState.java:run(108)) - 327657b1-60f8-49f2-b2a3-f63e1f934942@group-58A987F56150-FollowerState: change to CANDIDATE, lastRpcTime:168ms, electionTimeout:168ms
2019-10-18 14:58:03,986 [Thread-468] INFO  impl.RoleInfo (RoleInfo.java:shutdownFollowerState(121)) - 327657b1-60f8-49f2-b2a3-f63e1f934942: shutdown FollowerState
2019-10-18 14:58:03,987 [Thread-468] INFO  impl.RaftServerImpl (RaftServerImpl.java:setRole(184)) - 327657b1-60f8-49f2-b2a3-f63e1f934942@group-58A987F56150: changes role from  FOLLOWER to CANDIDATE at term 37 for changeToCandidate
2019-10-18 14:58:03,987 [Thread-468] INFO  impl.RoleInfo (RoleInfo.java:updateAndGet(143)) - 327657b1-60f8-49f2-b2a3-f63e1f934942: start LeaderElection
2019-10-18 14:58:04,001 [327657b1-60f8-49f2-b2a3-f63e1f934942@group-58A987F56150-LeaderElection40] INFO  impl.LeaderElection (LeaderElection.java:askForVotes(178)) - 327657b1-60f8-49f2-b2a3-f63e1f934942@group-58A987F56150-LeaderElection40: begin an election at term 38 for -1: [6605b8a5-570b-4977-9ee7-6aaf3012bed5:192.168.164.233:35223, 327657b1-60f8-49f2-b2a3-f63e1f934942:192.168.164.233:41966, ddd4789c-894d-475a-bbfb-f6e7aa670c92:192.168.164.233:41061], old=null
2019-10-18 14:58:04,005 [grpc-default-executor-3] INFO  impl.RaftServerImpl (RaftServerImpl.java:setRole(184)) - 6605b8a5-570b-4977-9ee7-6aaf3012bed5@group-58A987F56150: changes role from  FOLLOWER to FOLLOWER at term 38 for recognizeCandidate:327657b1-60f8-49f2-b2a3-f63e1f934942
2019-10-18 14:58:04,006 [grpc-default-executor-3] INFO  impl.RoleInfo (RoleInfo.java:shutdownFollowerState(121)) - 6605b8a5-570b-4977-9ee7-6aaf3012bed5: shutdown FollowerState
2019-10-18 14:58:04,006 [grpc-default-executor-3] INFO  impl.RoleInfo (RoleInfo.java:updateAndGet(143)) - 6605b8a5-570b-4977-9ee7-6aaf3012bed5: start FollowerState
2019-10-18 14:58:04,006 [Thread-466] INFO  impl.FollowerState (FollowerState.java:run(117)) - 6605b8a5-570b-4977-9ee7-6aaf3012bed5@group-58A987F56150-FollowerState was interrupted: java.lang.InterruptedException: sleep interrupted
2019-10-18 14:58:04,006 [grpc-default-executor-5] INFO  impl.RaftServerImpl (RaftServerImpl.java:setRole(184)) - ddd4789c-894d-475a-bbfb-f6e7aa670c92@group-58A987F56150: changes role from  FOLLOWER to FOLLOWER at term 38 for recognizeCandidate:327657b1-60f8-49f2-b2a3-f63e1f934942
2019-10-18 14:58:04,006 [grpc-default-executor-5] INFO  impl.RoleInfo (RoleInfo.java:shutdownFollowerState(121)) - ddd4789c-894d-475a-bbfb-f6e7aa670c92: shutdown FollowerState
2019-10-18 14:58:04,007 [Thread-467] INFO  impl.FollowerState (FollowerState.java:run(117)) - ddd4789c-894d-475a-bbfb-f6e7aa670c92@group-58A987F56150-FollowerState was interrupted: java.lang.InterruptedException: sleep interrupted
2019-10-18 14:58:04,007 [grpc-default-executor-5] INFO  impl.RoleInfo (RoleInfo.java:updateAndGet(143)) - ddd4789c-894d-475a-bbfb-f6e7aa670c92: start FollowerState
2019-10-18 14:58:04,022 [327657b1-60f8-49f2-b2a3-f63e1f934942@group-58A987F56150-LeaderElection40] INFO  impl.LeaderElection (LeaderElection.java:logAndReturn(56)) - 327657b1-60f8-49f2-b2a3-f63e1f934942@group-58A987F56150-LeaderElection40: Election REJECTED; received 2 response(s) [327657b1-60f8-49f2-b2a3-f63e1f934942<-6605b8a5-570b-4977-9ee7-6aaf3012bed5#0:FAIL-t38, 327657b1-60f8-49f2-b2a3-f63e1f934942<-ddd4789c-894d-475a-bbfb-f6e7aa670c92#0:FAIL-t38] and 0 exception(s); 327657b1-60f8-49f2-b2a3-f63e1f934942@group-58A987F56150:t38, leader=null, voted=327657b1-60f8-49f2-b2a3-f63e1f934942, raftlog=327657b1-60f8-49f2-b2a3-f63e1f934942@group-58A987F56150-SegmentedRaftLog:OPENED:c-1,f-1,i0, conf=-1: [6605b8a5-570b-4977-9ee7-6aaf3012bed5:192.168.164.233:35223, 327657b1-60f8-49f2-b2a3-f63e1f934942:192.168.164.233:41966, ddd4789c-894d-475a-bbfb-f6e7aa670c92:192.168.164.233:41061], old=null
2019-10-18 14:58:04,022 [327657b1-60f8-49f2-b2a3-f63e1f934942@group-58A987F56150-LeaderElection40] INFO  impl.RaftServerImpl (RaftServerImpl.java:setRole(184)) - 327657b1-60f8-49f2-b2a3-f63e1f934942@group-58A987F56150: changes role from CANDIDATE to FOLLOWER at term 38 for DISCOVERED_A_NEW_TERM
2019-10-18 14:58:04,022 [327657b1-60f8-49f2-b2a3-f63e1f934942@group-58A987F56150-LeaderElection40] INFO  impl.RoleInfo (RoleInfo.java:shutdownLeaderElection(134)) - 327657b1-60f8-49f2-b2a3-f63e1f934942: shutdown LeaderElection
2019-10-18 14:58:04,022 [327657b1-60f8-49f2-b2a3-f63e1f934942@group-58A987F56150-LeaderElection40] INFO  impl.RoleInfo (RoleInfo.java:updateAndGet(143)) - 327657b1-60f8-49f2-b2a3-f63e1f934942: start FollowerState
2019-10-18 14:58:04,201 [Thread-474] INFO  impl.FollowerState (FollowerState.java:run(108)) - 327657b1-60f8-49f2-b2a3-f63e1f934942@group-58A987F56150-FollowerState: change to CANDIDATE, lastRpcTime:178ms, electionTimeout:178ms
2019-10-18 14:58:04,201 [Thread-474] INFO  impl.RoleInfo (RoleInfo.java:shutdownFollowerState(121)) - 327657b1-60f8-49f2-b2a3-f63e1f934942: shutdown FollowerState
2019-10-18 14:58:04,201 [Thread-474] INFO  impl.RaftServerImpl (RaftServerImpl.java:setRole(184)) - 327657b1-60f8-49f2-b2a3-f63e1f934942@group-58A987F56150: changes role from  FOLLOWER to CANDIDATE at term 38 for changeToCandidate
2019-10-18 14:58:04,201 [Thread-474] INFO  impl.RoleInfo (RoleInfo.java:updateAndGet(143)) - 327657b1-60f8-49f2-b2a3-f63e1f934942: start LeaderElection
2019-10-18 14:58:04,215 [327657b1-60f8-49f2-b2a3-f63e1f934942@group-58A987F56150-LeaderElection41] INFO  impl.LeaderElection (LeaderElection.java:askForVotes(178)) - 327657b1-60f8-49f2-b2a3-f63e1f934942@group-58A987F56150-LeaderElection41: begin an election at term 39 for -1: [6605b8a5-570b-4977-9ee7-6aaf3012bed5:192.168.164.233:35223, 327657b1-60f8-49f2-b2a3-f63e1f934942:192.168.164.233:41966, ddd4789c-894d-475a-bbfb-f6e7aa670c92:192.168.164.233:41061], old=null
2019-10-18 14:58:04,219 [grpc-default-executor-3] INFO  impl.RaftServerImpl (RaftServerImpl.java:setRole(184)) - 6605b8a5-570b-4977-9ee7-6aaf3012bed5@group-58A987F56150: changes role from  FOLLOWER to FOLLOWER at term 39 for recognizeCandidate:327657b1-60f8-49f2-b2a3-f63e1f934942
2019-10-18 14:58:04,219 [grpc-default-executor-5] INFO  impl.RaftServerImpl (RaftServerImpl.java:setRole(184)) - ddd4789c-894d-475a-bbfb-f6e7aa670c92@group-58A987F56150: changes role from  FOLLOWER to FOLLOWER at term 39 for recognizeCandidate:327657b1-60f8-49f2-b2a3-f63e1f934942
2019-10-18 14:58:04,220 [grpc-default-executor-5] INFO  impl.RoleInfo (RoleInfo.java:shutdownFollowerState(121)) - ddd4789c-894d-475a-bbfb-f6e7aa670c92: shutdown FollowerState
2019-10-18 14:58:04,220 [grpc-default-executor-3] INFO  impl.RoleInfo (RoleInfo.java:shutdownFollowerState(121)) - 6605b8a5-570b-4977-9ee7-6aaf3012bed5: shutdown FollowerState
2019-10-18 14:58:04,220 [grpc-default-executor-5] INFO  impl.RoleInfo (RoleInfo.java:updateAndGet(143)) - ddd4789c-894d-475a-bbfb-f6e7aa670c92: start FollowerState
2019-10-18 14:58:04,220 [Thread-473] INFO  impl.FollowerState (FollowerState.java:run(117)) - ddd4789c-894d-475a-bbfb-f6e7aa670c92@group-58A987F56150-FollowerState was interrupted: java.lang.InterruptedException: sleep interrupted
2019-10-18 14:58:04,220 [Thread-472] INFO  impl.FollowerState (FollowerState.java:run(117)) - 6605b8a5-570b-4977-9ee7-6aaf3012bed5@group-58A987F56150-FollowerState was interrupted: java.lang.InterruptedException: sleep interrupted
2019-10-18 14:58:04,220 [grpc-default-executor-3] INFO  impl.RoleInfo (RoleInfo.java:updateAndGet(143)) - 6605b8a5-570b-4977-9ee7-6aaf3012bed5: start FollowerState
2019-10-18 14:58:04,236 [327657b1-60f8-49f2-b2a3-f63e1f934942@group-58A987F56150-LeaderElection41] INFO  impl.LeaderElection (LeaderElection.java:logAndReturn(56)) - 327657b1-60f8-49f2-b2a3-f63e1f934942@group-58A987F56150-LeaderElection41: Election REJECTED; received 2 response(s) [327657b1-60f8-49f2-b2a3-f63e1f934942<-6605b8a5-570b-4977-9ee7-6aaf3012bed5#0:FAIL-t39, 327657b1-60f8-49f2-b2a3-f63e1f934942<-ddd4789c-894d-475a-bbfb-f6e7aa670c92#0:FAIL-t39] and 0 exception(s); 327657b1-60f8-49f2-b2a3-f63e1f934942@group-58A987F56150:t39, leader=null, voted=327657b1-60f8-49f2-b2a3-f63e1f934942, raftlog=327657b1-60f8-49f2-b2a3-f63e1f934942@group-58A987F56150-SegmentedRaftLog:OPENED:c-1,f-1,i0, conf=-1: [6605b8a5-570b-4977-9ee7-6aaf3012bed5:192.168.164.233:35223, 327657b1-60f8-49f2-b2a3-f63e1f934942:192.168.164.233:41966, ddd4789c-894d-475a-bbfb-f6e7aa670c92:192.168.164.233:41061], old=null
2019-10-18 14:58:04,237 [327657b1-60f8-49f2-b2a3-f63e1f934942@group-58A987F56150-LeaderElection41] INFO  impl.RaftServerImpl (RaftServerImpl.java:setRole(184)) - 327657b1-60f8-49f2-b2a3-f63e1f934942@group-58A987F56150: changes role from CANDIDATE to FOLLOWER at term 39 for DISCOVERED_A_NEW_TERM
2019-10-18 14:58:04,237 [327657b1-60f8-49f2-b2a3-f63e1f934942@group-58A987F56150-LeaderElection41] INFO  impl.RoleInfo (RoleInfo.java:shutdownLeaderElection(134)) - 327657b1-60f8-49f2-b2a3-f63e1f934942: shutdown LeaderElection
2019-10-18 14:58:04,237 [327657b1-60f8-49f2-b2a3-f63e1f934942@group-58A987F56150-LeaderElection41] INFO  impl.RoleInfo (RoleInfo.java:updateAndGet(143)) - 327657b1-60f8-49f2-b2a3-f63e1f934942: start FollowerState
2019-10-18 14:58:04,429 [Thread-480] INFO  impl.FollowerState (FollowerState.java:run(108)) - 327657b1-60f8-49f2-b2a3-f63e1f934942@group-58A987F56150-FollowerState: change to CANDIDATE, lastRpcTime:191ms, electionTimeout:191ms
2019-10-18 14:58:04,429 [Thread-480] INFO  impl.RoleInfo (RoleInfo.java:shutdownFollowerState(121)) - 327657b1-60f8-49f2-b2a3-f63e1f934942: shutdown FollowerState
2019-10-18 14:58:04,432 [Thread-480] INFO  impl.RaftServerImpl (RaftServerImpl.java:setRole(184)) - 327657b1-60f8-49f2-b2a3-f63e1f934942@group-58A987F56150: changes role from  FOLLOWER to CANDIDATE at term 39 for changeToCandidate
2019-10-18 14:58:04,432 [Thread-480] INFO  impl.RoleInfo (RoleInfo.java:updateAndGet(143)) - 327657b1-60f8-49f2-b2a3-f63e1f934942: start LeaderElection
2019-10-18 14:58:04,448 [327657b1-60f8-49f2-b2a3-f63e1f934942@group-58A987F56150-LeaderElection42] INFO  impl.LeaderElection (LeaderElection.java:askForVotes(178)) - 327657b1-60f8-49f2-b2a3-f63e1f934942@group-58A987F56150-LeaderElection42: begin an election at term 40 for -1: [6605b8a5-570b-4977-9ee7-6aaf3012bed5:192.168.164.233:35223, 327657b1-60f8-49f2-b2a3-f63e1f934942:192.168.164.233:41966, ddd4789c-894d-475a-bbfb-f6e7aa670c92:192.168.164.233:41061], old=null
2019-10-18 14:58:04,451 [grpc-default-executor-5] INFO  impl.RaftServerImpl (RaftServerImpl.java:setRole(184)) - ddd4789c-894d-475a-bbfb-f6e7aa670c92@group-58A987F56150: changes role from  FOLLOWER to FOLLOWER at term 40 for recognizeCandidate:327657b1-60f8-49f2-b2a3-f63e1f934942
2019-10-18 14:58:04,451 [grpc-default-executor-3] INFO  impl.RaftServerImpl (RaftServerImpl.java:setRole(184)) - 6605b8a5-570b-4977-9ee7-6aaf3012bed5@group-58A987F56150: changes role from  FOLLOWER to FOLLOWER at term 40 for recognizeCandidate:327657b1-60f8-49f2-b2a3-f63e1f934942
2019-10-18 14:58:04,451 [grpc-default-executor-5] INFO  impl.RoleInfo (RoleInfo.java:shutdownFollowerState(121)) - ddd4789c-894d-475a-bbfb-f6e7aa670c92: shutdown FollowerState
2019-10-18 14:58:04,452 [grpc-default-executor-3] INFO  impl.RoleInfo (RoleInfo.java:shutdownFollowerState(121)) - 6605b8a5-570b-4977-9ee7-6aaf3012bed5: shutdown FollowerState
2019-10-18 14:58:04,452 [grpc-default-executor-5] INFO  impl.RoleInfo (RoleInfo.java:updateAndGet(143)) - ddd4789c-894d-475a-bbfb-f6e7aa670c92: start FollowerState
2019-10-18 14:58:04,452 [grpc-default-executor-3] INFO  impl.RoleInfo (RoleInfo.java:updateAndGet(143)) - 6605b8a5-570b-4977-9ee7-6aaf3012bed5: start FollowerState
2019-10-18 14:58:04,452 [Thread-479] INFO  impl.FollowerState (FollowerState.java:run(117)) - 6605b8a5-570b-4977-9ee7-6aaf3012bed5@group-58A987F56150-FollowerState was interrupted: java.lang.InterruptedException: sleep interrupted
2019-10-18 14:58:04,452 [Thread-478] INFO  impl.FollowerState (FollowerState.java:run(117)) - ddd4789c-894d-475a-bbfb-f6e7aa670c92@group-58A987F56150-FollowerState was interrupted: java.lang.InterruptedException: sleep interrupted
2019-10-18 14:58:04,456 [327657b1-60f8-49f2-b2a3-f63e1f934942@group-58A987F56150-LeaderElection42] INFO  impl.LeaderElection (LeaderElection.java:logAndReturn(56)) - 327657b1-60f8-49f2-b2a3-f63e1f934942@group-58A987F56150-LeaderElection42: Election TIMEOUT; received 0 response(s) [] and 0 exception(s); 327657b1-60f8-49f2-b2a3-f63e1f934942@group-58A987F56150:t40, leader=null, voted=327657b1-60f8-49f2-b2a3-f63e1f934942, raftlog=327657b1-60f8-49f2-b2a3-f63e1f934942@group-58A987F56150-SegmentedRaftLog:OPENED:c-1,f-1,i0, conf=-1: [6605b8a5-570b-4977-9ee7-6aaf3012bed5:192.168.164.233:35223, 327657b1-60f8-49f2-b2a3-f63e1f934942:192.168.164.233:41966, ddd4789c-894d-475a-bbfb-f6e7aa670c92:192.168.164.233:41061], old=null
2019-10-18 14:58:04,477 [327657b1-60f8-49f2-b2a3-f63e1f934942@group-58A987F56150-LeaderElection42] INFO  impl.LeaderElection (LeaderElection.java:askForVotes(178)) - 327657b1-60f8-49f2-b2a3-f63e1f934942@group-58A987F56150-LeaderElection42: begin an election at term 41 for -1: [6605b8a5-570b-4977-9ee7-6aaf3012bed5:192.168.164.233:35223, 327657b1-60f8-49f2-b2a3-f63e1f934942:192.168.164.233:41966, ddd4789c-894d-475a-bbfb-f6e7aa670c92:192.168.164.233:41061], old=null
2019-10-18 14:58:04,479 [grpc-default-executor-3] INFO  impl.RaftServerImpl (RaftServerImpl.java:setRole(184)) - 6605b8a5-570b-4977-9ee7-6aaf3012bed5@group-58A987F56150: changes role from  FOLLOWER to FOLLOWER at term 41 for recognizeCandidate:327657b1-60f8-49f2-b2a3-f63e1f934942
2019-10-18 14:58:04,479 [grpc-default-executor-3] INFO  impl.RoleInfo (RoleInfo.java:shutdownFollowerState(121)) - 6605b8a5-570b-4977-9ee7-6aaf3012bed5: shutdown FollowerState
2019-10-18 14:58:04,479 [grpc-default-executor-5] INFO  impl.RaftServerImpl (RaftServerImpl.java:setRole(184)) - ddd4789c-894d-475a-bbfb-f6e7aa670c92@group-58A987F56150: changes role from  FOLLOWER to FOLLOWER at term 41 for recognizeCandidate:327657b1-60f8-49f2-b2a3-f63e1f934942
2019-10-18 14:58:04,480 [grpc-default-executor-3] INFO  impl.RoleInfo (RoleInfo.java:updateAndGet(143)) - 6605b8a5-570b-4977-9ee7-6aaf3012bed5: start FollowerState
2019-10-18 14:58:04,480 [Thread-487] INFO  impl.FollowerState (FollowerState.java:run(117)) - 6605b8a5-570b-4977-9ee7-6aaf3012bed5@group-58A987F56150-FollowerState was interrupted: java.lang.InterruptedException: sleep interrupted
2019-10-18 14:58:04,480 [grpc-default-executor-5] INFO  impl.RoleInfo (RoleInfo.java:shutdownFollowerState(121)) - ddd4789c-894d-475a-bbfb-f6e7aa670c92: shutdown FollowerState
2019-10-18 14:58:04,480 [Thread-486] INFO  impl.FollowerState (FollowerState.java:run(117)) - ddd4789c-894d-475a-bbfb-f6e7aa670c92@group-58A987F56150-FollowerState was interrupted: java.lang.InterruptedException: sleep interrupted
2019-10-18 14:58:04,480 [grpc-default-executor-5] INFO  impl.RoleInfo (RoleInfo.java:updateAndGet(143)) - ddd4789c-894d-475a-bbfb-f6e7aa670c92: start FollowerState
2019-10-18 14:58:04,494 [327657b1-60f8-49f2-b2a3-f63e1f934942@group-58A987F56150-LeaderElection42] INFO  impl.LeaderElection (LeaderElection.java:logAndReturn(56)) - 327657b1-60f8-49f2-b2a3-f63e1f934942@group-58A987F56150-LeaderElection42: Election REJECTED; received 2 response(s) [327657b1-60f8-49f2-b2a3-f63e1f934942<-6605b8a5-570b-4977-9ee7-6aaf3012bed5#0:FAIL-t41, 327657b1-60f8-49f2-b2a3-f63e1f934942<-ddd4789c-894d-475a-bbfb-f6e7aa670c92#0:FAIL-t41] and 0 exception(s); 327657b1-60f8-49f2-b2a3-f63e1f934942@group-58A987F56150:t41, leader=null, voted=327657b1-60f8-49f2-b2a3-f63e1f934942, raftlog=327657b1-60f8-49f2-b2a3-f63e1f934942@group-58A987F56150-SegmentedRaftLog:OPENED:c-1,f-1,i0, conf=-1: [6605b8a5-570b-4977-9ee7-6aaf3012bed5:192.168.164.233:35223, 327657b1-60f8-49f2-b2a3-f63e1f934942:192.168.164.233:41966, ddd4789c-894d-475a-bbfb-f6e7aa670c92:192.168.164.233:41061], old=null
2019-10-18 14:58:04,494 [327657b1-60f8-49f2-b2a3-f63e1f934942@group-58A987F56150-LeaderElection42] INFO  impl.RaftServerImpl (RaftServerImpl.java:setRole(184)) - 327657b1-60f8-49f2-b2a3-f63e1f934942@group-58A987F56150: changes role from CANDIDATE to FOLLOWER at term 41 for DISCOVERED_A_NEW_TERM
2019-10-18 14:58:04,494 [327657b1-60f8-49f2-b2a3-f63e1f934942@group-58A987F56150-LeaderElection42] INFO  impl.RoleInfo (RoleInfo.java:shutdownLeaderElection(134)) - 327657b1-60f8-49f2-b2a3-f63e1f934942: shutdown LeaderElection
2019-10-18 14:58:04,494 [327657b1-60f8-49f2-b2a3-f63e1f934942@group-58A987F56150-LeaderElection42] INFO  impl.RoleInfo (RoleInfo.java:updateAndGet(143)) - 327657b1-60f8-49f2-b2a3-f63e1f934942: start FollowerState
2019-10-18 14:58:04,592 [Thread-492] INFO  impl.FollowerState (FollowerState.java:run(108)) - 327657b1-60f8-49f2-b2a3-f63e1f934942@group-58A987F56150-FollowerState: change to CANDIDATE, lastRpcTime:97ms, electionTimeout:97ms
2019-10-18 14:58:04,592 [Thread-492] INFO  impl.RoleInfo (RoleInfo.java:shutdownFollowerState(121)) - 327657b1-60f8-49f2-b2a3-f63e1f934942: shutdown FollowerState
2019-10-18 14:58:04,592 [Thread-492] INFO  impl.RaftServerImpl (RaftServerImpl.java:setRole(184)) - 327657b1-60f8-49f2-b2a3-f63e1f934942@group-58A987F56150: changes role from  FOLLOWER to CANDIDATE at term 41 for changeToCandidate
2019-10-18 14:58:04,592 [Thread-492] INFO  impl.RoleInfo (RoleInfo.java:updateAndGet(143)) - 327657b1-60f8-49f2-b2a3-f63e1f934942: start LeaderElection
2019-10-18 14:58:04,605 [327657b1-60f8-49f2-b2a3-f63e1f934942@group-58A987F56150-LeaderElection43] INFO  impl.LeaderElection (LeaderElection.java:askForVotes(178)) - 327657b1-60f8-49f2-b2a3-f63e1f934942@group-58A987F56150-LeaderElection43: begin an election at term 42 for -1: [6605b8a5-570b-4977-9ee7-6aaf3012bed5:192.168.164.233:35223, 327657b1-60f8-49f2-b2a3-f63e1f934942:192.168.164.233:41966, ddd4789c-894d-475a-bbfb-f6e7aa670c92:192.168.164.233:41061], old=null
2019-10-18 14:58:04,609 [grpc-default-executor-3] INFO  impl.RaftServerImpl (RaftServerImpl.java:setRole(184)) - ddd4789c-894d-475a-bbfb-f6e7aa670c92@group-58A987F56150: changes role from  FOLLOWER to FOLLOWER at term 42 for recognizeCandidate:327657b1-60f8-49f2-b2a3-f63e1f934942
2019-10-18 14:58:04,609 [grpc-default-executor-5] INFO  impl.RaftServerImpl (RaftServerImpl.java:setRole(184)) - 6605b8a5-570b-4977-9ee7-6aaf3012bed5@group-58A987F56150: changes role from  FOLLOWER to FOLLOWER at term 42 for recognizeCandidate:327657b1-60f8-49f2-b2a3-f63e1f934942
2019-10-18 14:58:04,609 [grpc-default-executor-3] INFO  impl.RoleInfo (RoleInfo.java:shutdownFollowerState(121)) - ddd4789c-894d-475a-bbfb-f6e7aa670c92: shutdown FollowerState
2019-10-18 14:58:04,609 [grpc-default-executor-5] INFO  impl.RoleInfo (RoleInfo.java:shutdownFollowerState(121)) - 6605b8a5-570b-4977-9ee7-6aaf3012bed5: shutdown FollowerState
2019-10-18 14:58:04,609 [grpc-default-executor-3] INFO  impl.RoleInfo (RoleInfo.java:updateAndGet(143)) - ddd4789c-894d-475a-bbfb-f6e7aa670c92: start FollowerState
2019-10-18 14:58:04,609 [Thread-491] INFO  impl.FollowerState (FollowerState.java:run(117)) - ddd4789c-894d-475a-bbfb-f6e7aa670c92@group-58A987F56150-FollowerState was interrupted: java.lang.InterruptedException: sleep interrupted
2019-10-18 14:58:04,609 [Thread-490] INFO  impl.FollowerState (FollowerState.java:run(117)) - 6605b8a5-570b-4977-9ee7-6aaf3012bed5@group-58A987F56150-FollowerState was interrupted: java.lang.InterruptedException: sleep interrupted
2019-10-18 14:58:04,609 [grpc-default-executor-5] INFO  impl.RoleInfo (RoleInfo.java:updateAndGet(143)) - 6605b8a5-570b-4977-9ee7-6aaf3012bed5: start FollowerState
2019-10-18 14:58:04,624 [327657b1-60f8-49f2-b2a3-f63e1f934942@group-58A987F56150-LeaderElection43] INFO  impl.LeaderElection (LeaderElection.java:logAndReturn(56)) - 327657b1-60f8-49f2-b2a3-f63e1f934942@group-58A987F56150-LeaderElection43: Election REJECTED; received 2 response(s) [327657b1-60f8-49f2-b2a3-f63e1f934942<-6605b8a5-570b-4977-9ee7-6aaf3012bed5#0:FAIL-t42, 327657b1-60f8-49f2-b2a3-f63e1f934942<-ddd4789c-894d-475a-bbfb-f6e7aa670c92#0:FAIL-t42] and 0 exception(s); 327657b1-60f8-49f2-b2a3-f63e1f934942@group-58A987F56150:t42, leader=null, voted=327657b1-60f8-49f2-b2a3-f63e1f934942, raftlog=327657b1-60f8-49f2-b2a3-f63e1f934942@group-58A987F56150-SegmentedRaftLog:OPENED:c-1,f-1,i0, conf=-1: [6605b8a5-570b-4977-9ee7-6aaf3012bed5:192.168.164.233:35223, 327657b1-60f8-49f2-b2a3-f63e1f934942:192.168.164.233:41966, ddd4789c-894d-475a-bbfb-f6e7aa670c92:192.168.164.233:41061], old=null
2019-10-18 14:58:04,624 [327657b1-60f8-49f2-b2a3-f63e1f934942@group-58A987F56150-LeaderElection43] INFO  impl.RaftServerImpl (RaftServerImpl.java:setRole(184)) - 327657b1-60f8-49f2-b2a3-f63e1f934942@group-58A987F56150: changes role from CANDIDATE to FOLLOWER at term 42 for DISCOVERED_A_NEW_TERM
2019-10-18 14:58:04,624 [327657b1-60f8-49f2-b2a3-f63e1f934942@group-58A987F56150-LeaderElection43] INFO  impl.RoleInfo (RoleInfo.java:shutdownLeaderElection(134)) - 327657b1-60f8-49f2-b2a3-f63e1f934942: shutdown LeaderElection
2019-10-18 14:58:04,625 [327657b1-60f8-49f2-b2a3-f63e1f934942@group-58A987F56150-LeaderElection43] INFO  impl.RoleInfo (RoleInfo.java:updateAndGet(143)) - 327657b1-60f8-49f2-b2a3-f63e1f934942: start FollowerState
2019-10-18 14:58:04,762 [Thread-498] INFO  impl.FollowerState (FollowerState.java:run(108)) - 327657b1-60f8-49f2-b2a3-f63e1f934942@group-58A987F56150-FollowerState: change to CANDIDATE, lastRpcTime:137ms, electionTimeout:137ms
2019-10-18 14:58:04,762 [Thread-498] INFO  impl.RoleInfo (RoleInfo.java:shutdownFollowerState(121)) - 327657b1-60f8-49f2-b2a3-f63e1f934942: shutdown FollowerState
2019-10-18 14:58:04,763 [Thread-498] INFO  impl.RaftServerImpl (RaftServerImpl.java:setRole(184)) - 327657b1-60f8-49f2-b2a3-f63e1f934942@group-58A987F56150: changes role from  FOLLOWER to CANDIDATE at term 42 for changeToCandidate
2019-10-18 14:58:04,763 [Thread-498] INFO  impl.RoleInfo (RoleInfo.java:updateAndGet(143)) - 327657b1-60f8-49f2-b2a3-f63e1f934942: start LeaderElection
2019-10-18 14:58:04,789 [327657b1-60f8-49f2-b2a3-f63e1f934942@group-58A987F56150-LeaderElection44] INFO  impl.LeaderElection (LeaderElection.java:askForVotes(178)) - 327657b1-60f8-49f2-b2a3-f63e1f934942@group-58A987F56150-LeaderElection44: begin an election at term 43 for -1: [6605b8a5-570b-4977-9ee7-6aaf3012bed5:192.168.164.233:35223, 327657b1-60f8-49f2-b2a3-f63e1f934942:192.168.164.233:41966, ddd4789c-894d-475a-bbfb-f6e7aa670c92:192.168.164.233:41061], old=null
2019-10-18 14:58:04,792 [grpc-default-executor-3] INFO  impl.RaftServerImpl (RaftServerImpl.java:setRole(184)) - 6605b8a5-570b-4977-9ee7-6aaf3012bed5@group-58A987F56150: changes role from  FOLLOWER to FOLLOWER at term 43 for recognizeCandidate:327657b1-60f8-49f2-b2a3-f63e1f934942
2019-10-18 14:58:04,793 [grpc-default-executor-3] INFO  impl.RoleInfo (RoleInfo.java:shutdownFollowerState(121)) - 6605b8a5-570b-4977-9ee7-6aaf3012bed5: shutdown FollowerState
2019-10-18 14:58:04,793 [grpc-default-executor-5] INFO  impl.RaftServerImpl (RaftServerImpl.java:setRole(184)) - ddd4789c-894d-475a-bbfb-f6e7aa670c92@group-58A987F56150: changes role from  FOLLOWER to FOLLOWER at term 43 for recognizeCandidate:327657b1-60f8-49f2-b2a3-f63e1f934942
2019-10-18 14:58:04,793 [grpc-default-executor-3] INFO  impl.RoleInfo (RoleInfo.java:updateAndGet(143)) - 6605b8a5-570b-4977-9ee7-6aaf3012bed5: start FollowerState
2019-10-18 14:58:04,793 [Thread-497] INFO  impl.FollowerState (FollowerState.java:run(117)) - 6605b8a5-570b-4977-9ee7-6aaf3012bed5@group-58A987F56150-FollowerState was interrupted: java.lang.InterruptedException: sleep interrupted
2019-10-18 14:58:04,793 [grpc-default-executor-5] INFO  impl.RoleInfo (RoleInfo.java:shutdownFollowerState(121)) - ddd4789c-894d-475a-bbfb-f6e7aa670c92: shutdown FollowerState
2019-10-18 14:58:04,794 [grpc-default-executor-5] INFO  impl.RoleInfo (RoleInfo.java:updateAndGet(143)) - ddd4789c-894d-475a-bbfb-f6e7aa670c92: start FollowerState
2019-10-18 14:58:04,794 [Thread-496] INFO  impl.FollowerState (FollowerState.java:run(117)) - ddd4789c-894d-475a-bbfb-f6e7aa670c92@group-58A987F56150-FollowerState was interrupted: java.lang.InterruptedException: sleep interrupted
2019-10-18 14:58:04,808 [327657b1-60f8-49f2-b2a3-f63e1f934942@group-58A987F56150-LeaderElection44] INFO  impl.LeaderElection (LeaderElection.java:logAndReturn(56)) - 327657b1-60f8-49f2-b2a3-f63e1f934942@group-58A987F56150-LeaderElection44: Election REJECTED; received 2 response(s) [327657b1-60f8-49f2-b2a3-f63e1f934942<-6605b8a5-570b-4977-9ee7-6aaf3012bed5#0:FAIL-t43, 327657b1-60f8-49f2-b2a3-f63e1f934942<-ddd4789c-894d-475a-bbfb-f6e7aa670c92#0:FAIL-t43] and 0 exception(s); 327657b1-60f8-49f2-b2a3-f63e1f934942@group-58A987F56150:t43, leader=null, voted=327657b1-60f8-49f2-b2a3-f63e1f934942, raftlog=327657b1-60f8-49f2-b2a3-f63e1f934942@group-58A987F56150-SegmentedRaftLog:OPENED:c-1,f-1,i0, conf=-1: [6605b8a5-570b-4977-9ee7-6aaf3012bed5:192.168.164.233:35223, 327657b1-60f8-49f2-b2a3-f63e1f934942:192.168.164.233:41966, ddd4789c-894d-475a-bbfb-f6e7aa670c92:192.168.164.233:41061], old=null
2019-10-18 14:58:04,808 [327657b1-60f8-49f2-b2a3-f63e1f934942@group-58A987F56150-LeaderElection44] INFO  impl.RaftServerImpl (RaftServerImpl.java:setRole(184)) - 327657b1-60f8-49f2-b2a3-f63e1f934942@group-58A987F56150: changes role from CANDIDATE to FOLLOWER at term 43 for DISCOVERED_A_NEW_TERM
2019-10-18 14:58:04,808 [327657b1-60f8-49f2-b2a3-f63e1f934942@group-58A987F56150-LeaderElection44] INFO  impl.RoleInfo (RoleInfo.java:shutdownLeaderElection(134)) - 327657b1-60f8-49f2-b2a3-f63e1f934942: shutdown LeaderElection
2019-10-18 14:58:04,809 [327657b1-60f8-49f2-b2a3-f63e1f934942@group-58A987F56150-LeaderElection44] INFO  impl.RoleInfo (RoleInfo.java:updateAndGet(143)) - 327657b1-60f8-49f2-b2a3-f63e1f934942: start FollowerState
2019-10-18 14:58:04,886 [Thread-504] INFO  impl.FollowerState (FollowerState.java:run(108)) - 327657b1-60f8-49f2-b2a3-f63e1f934942@group-58A987F56150-FollowerState: change to CANDIDATE, lastRpcTime:77ms, electionTimeout:77ms
2019-10-18 14:58:04,886 [Thread-504] INFO  impl.RoleInfo (RoleInfo.java:shutdownFollowerState(121)) - 327657b1-60f8-49f2-b2a3-f63e1f934942: shutdown FollowerState
2019-10-18 14:58:04,886 [Thread-504] INFO  impl.RaftServerImpl (RaftServerImpl.java:setRole(184)) - 327657b1-60f8-49f2-b2a3-f63e1f934942@group-58A987F56150: changes role from  FOLLOWER to CANDIDATE at term 43 for changeToCandidate
2019-10-18 14:58:04,887 [Thread-504] INFO  impl.RoleInfo (RoleInfo.java:updateAndGet(143)) - 327657b1-60f8-49f2-b2a3-f63e1f934942: start LeaderElection
2019-10-18 14:58:04,900 [327657b1-60f8-49f2-b2a3-f63e1f934942@group-58A987F56150-LeaderElection45] INFO  impl.LeaderElection (LeaderElection.java:askForVotes(178)) - 327657b1-60f8-49f2-b2a3-f63e1f934942@group-58A987F56150-LeaderElection45: begin an election at term 44 for -1: [6605b8a5-570b-4977-9ee7-6aaf3012bed5:192.168.164.233:35223, 327657b1-60f8-49f2-b2a3-f63e1f934942:192.168.164.233:41966, ddd4789c-894d-475a-bbfb-f6e7aa670c92:192.168.164.233:41061], old=null
2019-10-18 14:58:04,903 [grpc-default-executor-5] INFO  impl.RaftServerImpl (RaftServerImpl.java:setRole(184)) - 6605b8a5-570b-4977-9ee7-6aaf3012bed5@group-58A987F56150: changes role from  FOLLOWER to FOLLOWER at term 44 for recognizeCandidate:327657b1-60f8-49f2-b2a3-f63e1f934942
2019-10-18 14:58:04,903 [grpc-default-executor-3] INFO  impl.RaftServerImpl (RaftServerImpl.java:setRole(184)) - ddd4789c-894d-475a-bbfb-f6e7aa670c92@group-58A987F56150: changes role from  FOLLOWER to FOLLOWER at term 44 for recognizeCandidate:327657b1-60f8-49f2-b2a3-f63e1f934942
2019-10-18 14:58:04,903 [grpc-default-executor-5] INFO  impl.RoleInfo (RoleInfo.java:shutdownFollowerState(121)) - 6605b8a5-570b-4977-9ee7-6aaf3012bed5: shutdown FollowerState
2019-10-18 14:58:04,903 [grpc-default-executor-3] INFO  impl.RoleInfo (RoleInfo.java:shutdownFollowerState(121)) - ddd4789c-894d-475a-bbfb-f6e7aa670c92: shutdown FollowerState
2019-10-18 14:58:04,903 [grpc-default-executor-5] INFO  impl.RoleInfo (RoleInfo.java:updateAndGet(143)) - 6605b8a5-570b-4977-9ee7-6aaf3012bed5: start FollowerState
2019-10-18 14:58:04,903 [Thread-502] INFO  impl.FollowerState (FollowerState.java:run(117)) - 6605b8a5-570b-4977-9ee7-6aaf3012bed5@group-58A987F56150-FollowerState was interrupted: java.lang.InterruptedException: sleep interrupted
2019-10-18 14:58:04,904 [Thread-503] INFO  impl.FollowerState (FollowerState.java:run(117)) - ddd4789c-894d-475a-bbfb-f6e7aa670c92@group-58A987F56150-FollowerState was interrupted: java.lang.InterruptedException: sleep interrupted
2019-10-18 14:58:04,903 [grpc-default-executor-3] INFO  impl.RoleInfo (RoleInfo.java:updateAndGet(143)) - ddd4789c-894d-475a-bbfb-f6e7aa670c92: start FollowerState
2019-10-18 14:58:04,918 [327657b1-60f8-49f2-b2a3-f63e1f934942@group-58A987F56150-LeaderElection45] INFO  impl.LeaderElection (LeaderElection.java:logAndReturn(56)) - 327657b1-60f8-49f2-b2a3-f63e1f934942@group-58A987F56150-LeaderElection45: Election REJECTED; received 2 response(s) [327657b1-60f8-49f2-b2a3-f63e1f934942<-6605b8a5-570b-4977-9ee7-6aaf3012bed5#0:FAIL-t44, 327657b1-60f8-49f2-b2a3-f63e1f934942<-ddd4789c-894d-475a-bbfb-f6e7aa670c92#0:FAIL-t44] and 0 exception(s); 327657b1-60f8-49f2-b2a3-f63e1f934942@group-58A987F56150:t44, leader=null, voted=327657b1-60f8-49f2-b2a3-f63e1f934942, raftlog=327657b1-60f8-49f2-b2a3-f63e1f934942@group-58A987F56150-SegmentedRaftLog:OPENED:c-1,f-1,i0, conf=-1: [6605b8a5-570b-4977-9ee7-6aaf3012bed5:192.168.164.233:35223, 327657b1-60f8-49f2-b2a3-f63e1f934942:192.168.164.233:41966, ddd4789c-894d-475a-bbfb-f6e7aa670c92:192.168.164.233:41061], old=null
2019-10-18 14:58:04,919 [327657b1-60f8-49f2-b2a3-f63e1f934942@group-58A987F56150-LeaderElection45] INFO  impl.RaftServerImpl (RaftServerImpl.java:setRole(184)) - 327657b1-60f8-49f2-b2a3-f63e1f934942@group-58A987F56150: changes role from CANDIDATE to FOLLOWER at term 44 for DISCOVERED_A_NEW_TERM
2019-10-18 14:58:04,919 [327657b1-60f8-49f2-b2a3-f63e1f934942@group-58A987F56150-LeaderElection45] INFO  impl.RoleInfo (RoleInfo.java:shutdownLeaderElection(134)) - 327657b1-60f8-49f2-b2a3-f63e1f934942: shutdown LeaderElection
2019-10-18 14:58:04,919 [327657b1-60f8-49f2-b2a3-f63e1f934942@group-58A987F56150-LeaderElection45] INFO  impl.RoleInfo (RoleInfo.java:updateAndGet(143)) - 327657b1-60f8-49f2-b2a3-f63e1f934942: start FollowerState
2019-10-18 14:58:05,099 [Thread-510] INFO  impl.FollowerState (FollowerState.java:run(108)) - 327657b1-60f8-49f2-b2a3-f63e1f934942@group-58A987F56150-FollowerState: change to CANDIDATE, lastRpcTime:180ms, electionTimeout:180ms
2019-10-18 14:58:05,099 [Thread-510] INFO  impl.RoleInfo (RoleInfo.java:shutdownFollowerState(121)) - 327657b1-60f8-49f2-b2a3-f63e1f934942: shutdown FollowerState
2019-10-18 14:58:05,100 [Thread-510] INFO  impl.RaftServerImpl (RaftServerImpl.java:setRole(184)) - 327657b1-60f8-49f2-b2a3-f63e1f934942@group-58A987F56150: changes role from  FOLLOWER to CANDIDATE at term 44 for changeToCandidate
2019-10-18 14:58:05,100 [Thread-510] INFO  impl.RoleInfo (RoleInfo.java:updateAndGet(143)) - 327657b1-60f8-49f2-b2a3-f63e1f934942: start LeaderElection
2019-10-18 14:58:05,125 [327657b1-60f8-49f2-b2a3-f63e1f934942@group-58A987F56150-LeaderElection46] INFO  impl.LeaderElection (LeaderElection.java:askForVotes(178)) - 327657b1-60f8-49f2-b2a3-f63e1f934942@group-58A987F56150-LeaderElection46: begin an election at term 45 for -1: [6605b8a5-570b-4977-9ee7-6aaf3012bed5:192.168.164.233:35223, 327657b1-60f8-49f2-b2a3-f63e1f934942:192.168.164.233:41966, ddd4789c-894d-475a-bbfb-f6e7aa670c92:192.168.164.233:41061], old=null
2019-10-18 14:58:05,128 [grpc-default-executor-3] INFO  impl.RaftServerImpl (RaftServerImpl.java:setRole(184)) - 6605b8a5-570b-4977-9ee7-6aaf3012bed5@group-58A987F56150: changes role from  FOLLOWER to FOLLOWER at term 45 for recognizeCandidate:327657b1-60f8-49f2-b2a3-f63e1f934942
2019-10-18 14:58:05,128 [grpc-default-executor-3] INFO  impl.RoleInfo (RoleInfo.java:shutdownFollowerState(121)) - 6605b8a5-570b-4977-9ee7-6aaf3012bed5: shutdown FollowerState
2019-10-18 14:58:05,129 [grpc-default-executor-3] INFO  impl.RoleInfo (RoleInfo.java:updateAndGet(143)) - 6605b8a5-570b-4977-9ee7-6aaf3012bed5: start FollowerState
2019-10-18 14:58:05,129 [Thread-508] INFO  impl.FollowerState (FollowerState.java:run(117)) - 6605b8a5-570b-4977-9ee7-6aaf3012bed5@group-58A987F56150-FollowerState was interrupted: java.lang.InterruptedException: sleep interrupted
2019-10-18 14:58:05,129 [grpc-default-executor-5] INFO  impl.RaftServerImpl (RaftServerImpl.java:setRole(184)) - ddd4789c-894d-475a-bbfb-f6e7aa670c92@group-58A987F56150: changes role from  FOLLOWER to FOLLOWER at term 45 for recognizeCandidate:327657b1-60f8-49f2-b2a3-f63e1f934942
2019-10-18 14:58:05,129 [grpc-default-executor-5] INFO  impl.RoleInfo (RoleInfo.java:shutdownFollowerState(121)) - ddd4789c-894d-475a-bbfb-f6e7aa670c92: shutdown FollowerState
2019-10-18 14:58:05,129 [grpc-default-executor-5] INFO  impl.RoleInfo (RoleInfo.java:updateAndGet(143)) - ddd4789c-894d-475a-bbfb-f6e7aa670c92: start FollowerState
2019-10-18 14:58:05,129 [Thread-509] INFO  impl.FollowerState (FollowerState.java:run(117)) - ddd4789c-894d-475a-bbfb-f6e7aa670c92@group-58A987F56150-FollowerState was interrupted: java.lang.InterruptedException: sleep interrupted
2019-10-18 14:58:05,143 [327657b1-60f8-49f2-b2a3-f63e1f934942@group-58A987F56150-LeaderElection46] INFO  impl.LeaderElection (LeaderElection.java:logAndReturn(56)) - 327657b1-60f8-49f2-b2a3-f63e1f934942@group-58A987F56150-LeaderElection46: Election REJECTED; received 2 response(s) [327657b1-60f8-49f2-b2a3-f63e1f934942<-6605b8a5-570b-4977-9ee7-6aaf3012bed5#0:FAIL-t45, 327657b1-60f8-49f2-b2a3-f63e1f934942<-ddd4789c-894d-475a-bbfb-f6e7aa670c92#0:FAIL-t45] and 0 exception(s); 327657b1-60f8-49f2-b2a3-f63e1f934942@group-58A987F56150:t45, leader=null, voted=327657b1-60f8-49f2-b2a3-f63e1f934942, raftlog=327657b1-60f8-49f2-b2a3-f63e1f934942@group-58A987F56150-SegmentedRaftLog:OPENED:c-1,f-1,i0, conf=-1: [6605b8a5-570b-4977-9ee7-6aaf3012bed5:192.168.164.233:35223, 327657b1-60f8-49f2-b2a3-f63e1f934942:192.168.164.233:41966, ddd4789c-894d-475a-bbfb-f6e7aa670c92:192.168.164.233:41061], old=null
2019-10-18 14:58:05,144 [327657b1-60f8-49f2-b2a3-f63e1f934942@group-58A987F56150-LeaderElection46] INFO  impl.RaftServerImpl (RaftServerImpl.java:setRole(184)) - 327657b1-60f8-49f2-b2a3-f63e1f934942@group-58A987F56150: changes role from CANDIDATE to FOLLOWER at term 45 for DISCOVERED_A_NEW_TERM
2019-10-18 14:58:05,144 [327657b1-60f8-49f2-b2a3-f63e1f934942@group-58A987F56150-LeaderElection46] INFO  impl.RoleInfo (RoleInfo.java:shutdownLeaderElection(134)) - 327657b1-60f8-49f2-b2a3-f63e1f934942: shutdown LeaderElection
2019-10-18 14:58:05,144 [327657b1-60f8-49f2-b2a3-f63e1f934942@group-58A987F56150-LeaderElection46] INFO  impl.RoleInfo (RoleInfo.java:updateAndGet(143)) - 327657b1-60f8-49f2-b2a3-f63e1f934942: start FollowerState
2019-10-18 14:58:05,164 [Thread-516] INFO  impl.FollowerState (FollowerState.java:run(108)) - 327657b1-60f8-49f2-b2a3-f63e1f934942@group-58A987F56150-FollowerState: change to CANDIDATE, lastRpcTime:20ms, electionTimeout:20ms
2019-10-18 14:58:05,164 [Thread-516] INFO  impl.RoleInfo (RoleInfo.java:shutdownFollowerState(121)) - 327657b1-60f8-49f2-b2a3-f63e1f934942: shutdown FollowerState
2019-10-18 14:58:05,165 [Thread-516] INFO  impl.RaftServerImpl (RaftServerImpl.java:setRole(184)) - 327657b1-60f8-49f2-b2a3-f63e1f934942@group-58A987F56150: changes role from  FOLLOWER to CANDIDATE at term 45 for changeToCandidate
2019-10-18 14:58:05,165 [Thread-516] INFO  impl.RoleInfo (RoleInfo.java:updateAndGet(143)) - 327657b1-60f8-49f2-b2a3-f63e1f934942: start LeaderElection
2019-10-18 14:58:05,178 [327657b1-60f8-49f2-b2a3-f63e1f934942@group-58A987F56150-LeaderElection47] INFO  impl.LeaderElection (LeaderElection.java:askForVotes(178)) - 327657b1-60f8-49f2-b2a3-f63e1f934942@group-58A987F56150-LeaderElection47: begin an election at term 46 for -1: [6605b8a5-570b-4977-9ee7-6aaf3012bed5:192.168.164.233:35223, 327657b1-60f8-49f2-b2a3-f63e1f934942:192.168.164.233:41966, ddd4789c-894d-475a-bbfb-f6e7aa670c92:192.168.164.233:41061], old=null
2019-10-18 14:58:05,182 [grpc-default-executor-5] INFO  impl.RaftServerImpl (RaftServerImpl.java:setRole(184)) - 6605b8a5-570b-4977-9ee7-6aaf3012bed5@group-58A987F56150: changes role from  FOLLOWER to FOLLOWER at term 46 for recognizeCandidate:327657b1-60f8-49f2-b2a3-f63e1f934942
2019-10-18 14:58:05,182 [grpc-default-executor-3] INFO  impl.RaftServerImpl (RaftServerImpl.java:setRole(184)) - ddd4789c-894d-475a-bbfb-f6e7aa670c92@group-58A987F56150: changes role from  FOLLOWER to FOLLOWER at term 46 for recognizeCandidate:327657b1-60f8-49f2-b2a3-f63e1f934942
2019-10-18 14:58:05,182 [grpc-default-executor-5] INFO  impl.RoleInfo (RoleInfo.java:shutdownFollowerState(121)) - 6605b8a5-570b-4977-9ee7-6aaf3012bed5: shutdown FollowerState
2019-10-18 14:58:05,182 [grpc-default-executor-3] INFO  impl.RoleInfo (RoleInfo.java:shutdownFollowerState(121)) - ddd4789c-894d-475a-bbfb-f6e7aa670c92: shutdown FollowerState
2019-10-18 14:58:05,182 [Thread-514] INFO  impl.FollowerState (FollowerState.java:run(117)) - 6605b8a5-570b-4977-9ee7-6aaf3012bed5@group-58A987F56150-FollowerState was interrupted: java.lang.InterruptedException: sleep interrupted
2019-10-18 14:58:05,182 [grpc-default-executor-5] INFO  impl.RoleInfo (RoleInfo.java:updateAndGet(143)) - 6605b8a5-570b-4977-9ee7-6aaf3012bed5: start FollowerState
2019-10-18 14:58:05,182 [Thread-515] INFO  impl.FollowerState (FollowerState.java:run(117)) - ddd4789c-894d-475a-bbfb-f6e7aa670c92@group-58A987F56150-FollowerState was interrupted: java.lang.InterruptedException: sleep interrupted
2019-10-18 14:58:05,182 [grpc-default-executor-3] INFO  impl.RoleInfo (RoleInfo.java:updateAndGet(143)) - ddd4789c-894d-475a-bbfb-f6e7aa670c92: start FollowerState
2019-10-18 14:58:05,192 [327657b1-60f8-49f2-b2a3-f63e1f934942@group-58A987F56150-LeaderElection47] INFO  impl.LeaderElection (LeaderElection.java:logAndReturn(56)) - 327657b1-60f8-49f2-b2a3-f63e1f934942@group-58A987F56150-LeaderElection47: Election TIMEOUT; received 0 response(s) [] and 0 exception(s); 327657b1-60f8-49f2-b2a3-f63e1f934942@group-58A987F56150:t46, leader=null, voted=327657b1-60f8-49f2-b2a3-f63e1f934942, raftlog=327657b1-60f8-49f2-b2a3-f63e1f934942@group-58A987F56150-SegmentedRaftLog:OPENED:c-1,f-1,i0, conf=-1: [6605b8a5-570b-4977-9ee7-6aaf3012bed5:192.168.164.233:35223, 327657b1-60f8-49f2-b2a3-f63e1f934942:192.168.164.233:41966, ddd4789c-894d-475a-bbfb-f6e7aa670c92:192.168.164.233:41061], old=null
2019-10-18 14:58:05,209 [327657b1-60f8-49f2-b2a3-f63e1f934942@group-58A987F56150-LeaderElection47] INFO  impl.LeaderElection (LeaderElection.java:askForVotes(178)) - 327657b1-60f8-49f2-b2a3-f63e1f934942@group-58A987F56150-LeaderElection47: begin an election at term 47 for -1: [6605b8a5-570b-4977-9ee7-6aaf3012bed5:192.168.164.233:35223, 327657b1-60f8-49f2-b2a3-f63e1f934942:192.168.164.233:41966, ddd4789c-894d-475a-bbfb-f6e7aa670c92:192.168.164.233:41061], old=null
2019-10-18 14:58:05,211 [grpc-default-executor-3] INFO  impl.RaftServerImpl (RaftServerImpl.java:setRole(184)) - 6605b8a5-570b-4977-9ee7-6aaf3012bed5@group-58A987F56150: changes role from  FOLLOWER to FOLLOWER at term 47 for recognizeCandidate:327657b1-60f8-49f2-b2a3-f63e1f934942
2019-10-18 14:58:05,211 [grpc-default-executor-3] INFO  impl.RoleInfo (RoleInfo.java:shutdownFollowerState(121)) - 6605b8a5-570b-4977-9ee7-6aaf3012bed5: shutdown FollowerState
2019-10-18 14:58:05,211 [grpc-default-executor-5] INFO  impl.RaftServerImpl (RaftServerImpl.java:setRole(184)) - ddd4789c-894d-475a-bbfb-f6e7aa670c92@group-58A987F56150: changes role from  FOLLOWER to FOLLOWER at term 47 for recognizeCandidate:327657b1-60f8-49f2-b2a3-f63e1f934942
2019-10-18 14:58:05,212 [Thread-520] INFO  impl.FollowerState (FollowerState.java:run(117)) - 6605b8a5-570b-4977-9ee7-6aaf3012bed5@group-58A987F56150-FollowerState was interrupted: java.lang.InterruptedException: sleep interrupted
2019-10-18 14:58:05,211 [grpc-default-executor-3] INFO  impl.RoleInfo (RoleInfo.java:updateAndGet(143)) - 6605b8a5-570b-4977-9ee7-6aaf3012bed5: start FollowerState
2019-10-18 14:58:05,212 [grpc-default-executor-5] INFO  impl.RoleInfo (RoleInfo.java:shutdownFollowerState(121)) - ddd4789c-894d-475a-bbfb-f6e7aa670c92: shutdown FollowerState
2019-10-18 14:58:05,212 [grpc-default-executor-5] INFO  impl.RoleInfo (RoleInfo.java:updateAndGet(143)) - ddd4789c-894d-475a-bbfb-f6e7aa670c92: start FollowerState
2019-10-18 14:58:05,212 [Thread-521] INFO  impl.FollowerState (FollowerState.java:run(117)) - ddd4789c-894d-475a-bbfb-f6e7aa670c92@group-58A987F56150-FollowerState was interrupted: java.lang.InterruptedException: sleep interrupted
2019-10-18 14:58:05,226 [327657b1-60f8-49f2-b2a3-f63e1f934942@group-58A987F56150-LeaderElection47] INFO  impl.LeaderElection (LeaderElection.java:logAndReturn(56)) - 327657b1-60f8-49f2-b2a3-f63e1f934942@group-58A987F56150-LeaderElection47: Election REJECTED; received 2 response(s) [327657b1-60f8-49f2-b2a3-f63e1f934942<-6605b8a5-570b-4977-9ee7-6aaf3012bed5#0:FAIL-t47, 327657b1-60f8-49f2-b2a3-f63e1f934942<-ddd4789c-894d-475a-bbfb-f6e7aa670c92#0:FAIL-t47] and 0 exception(s); 327657b1-60f8-49f2-b2a3-f63e1f934942@group-58A987F56150:t47, leader=null, voted=327657b1-60f8-49f2-b2a3-f63e1f934942, raftlog=327657b1-60f8-49f2-b2a3-f63e1f934942@group-58A987F56150-SegmentedRaftLog:OPENED:c-1,f-1,i0, conf=-1: [6605b8a5-570b-4977-9ee7-6aaf3012bed5:192.168.164.233:35223, 327657b1-60f8-49f2-b2a3-f63e1f934942:192.168.164.233:41966, ddd4789c-894d-475a-bbfb-f6e7aa670c92:192.168.164.233:41061], old=null
2019-10-18 14:58:05,226 [327657b1-60f8-49f2-b2a3-f63e1f934942@group-58A987F56150-LeaderElection47] INFO  impl.RaftServerImpl (RaftServerImpl.java:setRole(184)) - 327657b1-60f8-49f2-b2a3-f63e1f934942@group-58A987F56150: changes role from CANDIDATE to FOLLOWER at term 47 for DISCOVERED_A_NEW_TERM
2019-10-18 14:58:05,227 [327657b1-60f8-49f2-b2a3-f63e1f934942@group-58A987F56150-LeaderElection47] INFO  impl.RoleInfo (RoleInfo.java:shutdownLeaderElection(134)) - 327657b1-60f8-49f2-b2a3-f63e1f934942: shutdown LeaderElection
2019-10-18 14:58:05,227 [327657b1-60f8-49f2-b2a3-f63e1f934942@group-58A987F56150-LeaderElection47] INFO  impl.RoleInfo (RoleInfo.java:updateAndGet(143)) - 327657b1-60f8-49f2-b2a3-f63e1f934942: start FollowerState
2019-10-18 14:58:05,411 [Thread-526] INFO  impl.FollowerState (FollowerState.java:run(108)) - 327657b1-60f8-49f2-b2a3-f63e1f934942@group-58A987F56150-FollowerState: change to CANDIDATE, lastRpcTime:184ms, electionTimeout:184ms
2019-10-18 14:58:05,412 [Thread-526] INFO  impl.RoleInfo (RoleInfo.java:shutdownFollowerState(121)) - 327657b1-60f8-49f2-b2a3-f63e1f934942: shutdown FollowerState
2019-10-18 14:58:05,412 [Thread-526] INFO  impl.RaftServerImpl (RaftServerImpl.java:setRole(184)) - 327657b1-60f8-49f2-b2a3-f63e1f934942@group-58A987F56150: changes role from  FOLLOWER to CANDIDATE at term 47 for changeToCandidate
2019-10-18 14:58:05,413 [Thread-526] INFO  impl.RoleInfo (RoleInfo.java:updateAndGet(143)) - 327657b1-60f8-49f2-b2a3-f63e1f934942: start LeaderElection
2019-10-18 14:58:05,426 [327657b1-60f8-49f2-b2a3-f63e1f934942@group-58A987F56150-LeaderElection48] INFO  impl.LeaderElection (LeaderElection.java:askForVotes(178)) - 327657b1-60f8-49f2-b2a3-f63e1f934942@group-58A987F56150-LeaderElection48: begin an election at term 48 for -1: [6605b8a5-570b-4977-9ee7-6aaf3012bed5:192.168.164.233:35223, 327657b1-60f8-49f2-b2a3-f63e1f934942:192.168.164.233:41966, ddd4789c-894d-475a-bbfb-f6e7aa670c92:192.168.164.233:41061], old=null
2019-10-18 14:58:05,430 [327657b1-60f8-49f2-b2a3-f63e1f934942@group-58A987F56150-LeaderElection48] INFO  impl.LeaderElection (LeaderElection.java:logAndReturn(56)) - 327657b1-60f8-49f2-b2a3-f63e1f934942@group-58A987F56150-LeaderElection48: Election TIMEOUT; received 0 response(s) [] and 0 exception(s); 327657b1-60f8-49f2-b2a3-f63e1f934942@group-58A987F56150:t48, leader=null, voted=327657b1-60f8-49f2-b2a3-f63e1f934942, raftlog=327657b1-60f8-49f2-b2a3-f63e1f934942@group-58A987F56150-SegmentedRaftLog:OPENED:c-1,f-1,i0, conf=-1: [6605b8a5-570b-4977-9ee7-6aaf3012bed5:192.168.164.233:35223, 327657b1-60f8-49f2-b2a3-f63e1f934942:192.168.164.233:41966, ddd4789c-894d-475a-bbfb-f6e7aa670c92:192.168.164.233:41061], old=null
2019-10-18 14:58:05,431 [grpc-default-executor-5] INFO  impl.RaftServerImpl (RaftServerImpl.java:setRole(184)) - 6605b8a5-570b-4977-9ee7-6aaf3012bed5@group-58A987F56150: changes role from  FOLLOWER to FOLLOWER at term 48 for recognizeCandidate:327657b1-60f8-49f2-b2a3-f63e1f934942
2019-10-18 14:58:05,431 [grpc-default-executor-5] INFO  impl.RoleInfo (RoleInfo.java:shutdownFollowerState(121)) - 6605b8a5-570b-4977-9ee7-6aaf3012bed5: shutdown FollowerState
2019-10-18 14:58:05,431 [grpc-default-executor-3] INFO  impl.RaftServerImpl (RaftServerImpl.java:setRole(184)) - ddd4789c-894d-475a-bbfb-f6e7aa670c92@group-58A987F56150: changes role from  FOLLOWER to FOLLOWER at term 48 for recognizeCandidate:327657b1-60f8-49f2-b2a3-f63e1f934942
2019-10-18 14:58:05,432 [Thread-524] INFO  impl.FollowerState (FollowerState.java:run(117)) - 6605b8a5-570b-4977-9ee7-6aaf3012bed5@group-58A987F56150-FollowerState was interrupted: java.lang.InterruptedException: sleep interrupted
2019-10-18 14:58:05,432 [grpc-default-executor-5] INFO  impl.RoleInfo (RoleInfo.java:updateAndGet(143)) - 6605b8a5-570b-4977-9ee7-6aaf3012bed5: start FollowerState
2019-10-18 14:58:05,432 [grpc-default-executor-3] INFO  impl.RoleInfo (RoleInfo.java:shutdownFollowerState(121)) - ddd4789c-894d-475a-bbfb-f6e7aa670c92: shutdown FollowerState
2019-10-18 14:58:05,432 [grpc-default-executor-3] INFO  impl.RoleInfo (RoleInfo.java:updateAndGet(143)) - ddd4789c-894d-475a-bbfb-f6e7aa670c92: start FollowerState
2019-10-18 14:58:05,432 [Thread-525] INFO  impl.FollowerState (FollowerState.java:run(117)) - ddd4789c-894d-475a-bbfb-f6e7aa670c92@group-58A987F56150-FollowerState was interrupted: java.lang.InterruptedException: sleep interrupted
2019-10-18 14:58:05,444 [327657b1-60f8-49f2-b2a3-f63e1f934942@group-58A987F56150-LeaderElection48] INFO  impl.LeaderElection (LeaderElection.java:askForVotes(178)) - 327657b1-60f8-49f2-b2a3-f63e1f934942@group-58A987F56150-LeaderElection48: begin an election at term 49 for -1: [6605b8a5-570b-4977-9ee7-6aaf3012bed5:192.168.164.233:35223, 327657b1-60f8-49f2-b2a3-f63e1f934942:192.168.164.233:41966, ddd4789c-894d-475a-bbfb-f6e7aa670c92:192.168.164.233:41061], old=null
2019-10-18 14:58:05,453 [grpc-default-executor-3] INFO  impl.RaftServerImpl (RaftServerImpl.java:setRole(184)) - 6605b8a5-570b-4977-9ee7-6aaf3012bed5@group-58A987F56150: changes role from  FOLLOWER to FOLLOWER at term 49 for recognizeCandidate:327657b1-60f8-49f2-b2a3-f63e1f934942
2019-10-18 14:58:05,454 [grpc-default-executor-3] INFO  impl.RoleInfo (RoleInfo.java:shutdownFollowerState(121)) - 6605b8a5-570b-4977-9ee7-6aaf3012bed5: shutdown FollowerState
2019-10-18 14:58:05,454 [grpc-default-executor-3] INFO  impl.RoleInfo (RoleInfo.java:updateAndGet(143)) - 6605b8a5-570b-4977-9ee7-6aaf3012bed5: start FollowerState
2019-10-18 14:58:05,454 [grpc-default-executor-2] INFO  impl.RaftServerImpl (RaftServerImpl.java:setRole(184)) - ddd4789c-894d-475a-bbfb-f6e7aa670c92@group-58A987F56150: changes role from  FOLLOWER to FOLLOWER at term 49 for recognizeCandidate:327657b1-60f8-49f2-b2a3-f63e1f934942
2019-10-18 14:58:05,454 [Thread-530] INFO  impl.FollowerState (FollowerState.java:run(117)) - 6605b8a5-570b-4977-9ee7-6aaf3012bed5@group-58A987F56150-FollowerState was interrupted: java.lang.InterruptedException: sleep interrupted
2019-10-18 14:58:05,454 [grpc-default-executor-2] INFO  impl.RoleInfo (RoleInfo.java:shutdownFollowerState(121)) - ddd4789c-894d-475a-bbfb-f6e7aa670c92: shutdown FollowerState
2019-10-18 14:58:05,454 [grpc-default-executor-2] INFO  impl.RoleInfo (RoleInfo.java:updateAndGet(143)) - ddd4789c-894d-475a-bbfb-f6e7aa670c92: start FollowerState
2019-10-18 14:58:05,454 [Thread-531] INFO  impl.FollowerState (FollowerState.java:run(117)) - ddd4789c-894d-475a-bbfb-f6e7aa670c92@group-58A987F56150-FollowerState was interrupted: java.lang.InterruptedException: sleep interrupted
2019-10-18 14:58:05,470 [327657b1-60f8-49f2-b2a3-f63e1f934942@group-58A987F56150-LeaderElection48] INFO  impl.LeaderElection (LeaderElection.java:logAndReturn(56)) - 327657b1-60f8-49f2-b2a3-f63e1f934942@group-58A987F56150-LeaderElection48: Election REJECTED; received 2 response(s) [327657b1-60f8-49f2-b2a3-f63e1f934942<-6605b8a5-570b-4977-9ee7-6aaf3012bed5#0:FAIL-t49, 327657b1-60f8-49f2-b2a3-f63e1f934942<-ddd4789c-894d-475a-bbfb-f6e7aa670c92#0:FAIL-t49] and 0 exception(s); 327657b1-60f8-49f2-b2a3-f63e1f934942@group-58A987F56150:t49, leader=null, voted=327657b1-60f8-49f2-b2a3-f63e1f934942, raftlog=327657b1-60f8-49f2-b2a3-f63e1f934942@group-58A987F56150-SegmentedRaftLog:OPENED:c-1,f-1,i0, conf=-1: [6605b8a5-570b-4977-9ee7-6aaf3012bed5:192.168.164.233:35223, 327657b1-60f8-49f2-b2a3-f63e1f934942:192.168.164.233:41966, ddd4789c-894d-475a-bbfb-f6e7aa670c92:192.168.164.233:41061], old=null
2019-10-18 14:58:05,470 [327657b1-60f8-49f2-b2a3-f63e1f934942@group-58A987F56150-LeaderElection48] INFO  impl.RaftServerImpl (RaftServerImpl.java:setRole(184)) - 327657b1-60f8-49f2-b2a3-f63e1f934942@group-58A987F56150: changes role from CANDIDATE to FOLLOWER at term 49 for DISCOVERED_A_NEW_TERM
2019-10-18 14:58:05,470 [327657b1-60f8-49f2-b2a3-f63e1f934942@group-58A987F56150-LeaderElection48] INFO  impl.RoleInfo (RoleInfo.java:shutdownLeaderElection(134)) - 327657b1-60f8-49f2-b2a3-f63e1f934942: shutdown LeaderElection
2019-10-18 14:58:05,470 [327657b1-60f8-49f2-b2a3-f63e1f934942@group-58A987F56150-LeaderElection48] INFO  impl.RoleInfo (RoleInfo.java:updateAndGet(143)) - 327657b1-60f8-49f2-b2a3-f63e1f934942: start FollowerState
2019-10-18 14:58:05,612 [Thread-538] INFO  impl.FollowerState (FollowerState.java:run(108)) - 327657b1-60f8-49f2-b2a3-f63e1f934942@group-58A987F56150-FollowerState: change to CANDIDATE, lastRpcTime:141ms, electionTimeout:141ms
2019-10-18 14:58:05,612 [Thread-538] INFO  impl.RoleInfo (RoleInfo.java:shutdownFollowerState(121)) - 327657b1-60f8-49f2-b2a3-f63e1f934942: shutdown FollowerState
2019-10-18 14:58:05,612 [Thread-538] INFO  impl.RaftServerImpl (RaftServerImpl.java:setRole(184)) - 327657b1-60f8-49f2-b2a3-f63e1f934942@group-58A987F56150: changes role from  FOLLOWER to CANDIDATE at term 49 for changeToCandidate
2019-10-18 14:58:05,612 [Thread-538] INFO  impl.RoleInfo (RoleInfo.java:updateAndGet(143)) - 327657b1-60f8-49f2-b2a3-f63e1f934942: start LeaderElection
2019-10-18 14:58:05,626 [327657b1-60f8-49f2-b2a3-f63e1f934942@group-58A987F56150-LeaderElection49] INFO  impl.LeaderElection (LeaderElection.java:askForVotes(178)) - 327657b1-60f8-49f2-b2a3-f63e1f934942@group-58A987F56150-LeaderElection49: begin an election at term 50 for -1: [6605b8a5-570b-4977-9ee7-6aaf3012bed5:192.168.164.233:35223, 327657b1-60f8-49f2-b2a3-f63e1f934942:192.168.164.233:41966, ddd4789c-894d-475a-bbfb-f6e7aa670c92:192.168.164.233:41061], old=null
2019-10-18 14:58:05,629 [grpc-default-executor-2] INFO  impl.RaftServerImpl (RaftServerImpl.java:setRole(184)) - 6605b8a5-570b-4977-9ee7-6aaf3012bed5@group-58A987F56150: changes role from  FOLLOWER to FOLLOWER at term 50 for recognizeCandidate:327657b1-60f8-49f2-b2a3-f63e1f934942
2019-10-18 14:58:05,630 [grpc-default-executor-3] INFO  impl.RaftServerImpl (RaftServerImpl.java:setRole(184)) - ddd4789c-894d-475a-bbfb-f6e7aa670c92@group-58A987F56150: changes role from  FOLLOWER to FOLLOWER at term 50 for recognizeCandidate:327657b1-60f8-49f2-b2a3-f63e1f934942
2019-10-18 14:58:05,630 [grpc-default-executor-2] INFO  impl.RoleInfo (RoleInfo.java:shutdownFollowerState(121)) - 6605b8a5-570b-4977-9ee7-6aaf3012bed5: shutdown FollowerState
2019-10-18 14:58:05,630 [grpc-default-executor-3] INFO  impl.RoleInfo (RoleInfo.java:shutdownFollowerState(121)) - ddd4789c-894d-475a-bbfb-f6e7aa670c92: shutdown FollowerState
2019-10-18 14:58:05,630 [Thread-536] INFO  impl.FollowerState (FollowerState.java:run(117)) - 6605b8a5-570b-4977-9ee7-6aaf3012bed5@group-58A987F56150-FollowerState was interrupted: java.lang.InterruptedException: sleep interrupted
2019-10-18 14:58:05,630 [grpc-default-executor-2] INFO  impl.RoleInfo (RoleInfo.java:updateAndGet(143)) - 6605b8a5-570b-4977-9ee7-6aaf3012bed5: start FollowerState
2019-10-18 14:58:05,630 [Thread-537] INFO  impl.FollowerState (FollowerState.java:run(117)) - ddd4789c-894d-475a-bbfb-f6e7aa670c92@group-58A987F56150-FollowerState was interrupted: java.lang.InterruptedException: sleep interrupted
2019-10-18 14:58:05,630 [grpc-default-executor-3] INFO  impl.RoleInfo (RoleInfo.java:updateAndGet(143)) - ddd4789c-894d-475a-bbfb-f6e7aa670c92: start FollowerState
2019-10-18 14:58:05,645 [327657b1-60f8-49f2-b2a3-f63e1f934942@group-58A987F56150-LeaderElection49] INFO  impl.LeaderElection (LeaderElection.java:logAndReturn(56)) - 327657b1-60f8-49f2-b2a3-f63e1f934942@group-58A987F56150-LeaderElection49: Election REJECTED; received 2 response(s) [327657b1-60f8-49f2-b2a3-f63e1f934942<-6605b8a5-570b-4977-9ee7-6aaf3012bed5#0:FAIL-t50, 327657b1-60f8-49f2-b2a3-f63e1f934942<-ddd4789c-894d-475a-bbfb-f6e7aa670c92#0:FAIL-t50] and 0 exception(s); 327657b1-60f8-49f2-b2a3-f63e1f934942@group-58A987F56150:t50, leader=null, voted=327657b1-60f8-49f2-b2a3-f63e1f934942, raftlog=327657b1-60f8-49f2-b2a3-f63e1f934942@group-58A987F56150-SegmentedRaftLog:OPENED:c-1,f-1,i0, conf=-1: [6605b8a5-570b-4977-9ee7-6aaf3012bed5:192.168.164.233:35223, 327657b1-60f8-49f2-b2a3-f63e1f934942:192.168.164.233:41966, ddd4789c-894d-475a-bbfb-f6e7aa670c92:192.168.164.233:41061], old=null
2019-10-18 14:58:05,645 [327657b1-60f8-49f2-b2a3-f63e1f934942@group-58A987F56150-LeaderElection49] INFO  impl.RaftServerImpl (RaftServerImpl.java:setRole(184)) - 327657b1-60f8-49f2-b2a3-f63e1f934942@group-58A987F56150: changes role from CANDIDATE to FOLLOWER at term 50 for DISCOVERED_A_NEW_TERM
2019-10-18 14:58:05,645 [327657b1-60f8-49f2-b2a3-f63e1f934942@group-58A987F56150-LeaderElection49] INFO  impl.RoleInfo (RoleInfo.java:shutdownLeaderElection(134)) - 327657b1-60f8-49f2-b2a3-f63e1f934942: shutdown LeaderElection
2019-10-18 14:58:05,646 [327657b1-60f8-49f2-b2a3-f63e1f934942@group-58A987F56150-LeaderElection49] INFO  impl.RoleInfo (RoleInfo.java:updateAndGet(143)) - 327657b1-60f8-49f2-b2a3-f63e1f934942: start FollowerState
2019-10-18 14:58:05,722 [Thread-544] INFO  impl.FollowerState (FollowerState.java:run(108)) - 327657b1-60f8-49f2-b2a3-f63e1f934942@group-58A987F56150-FollowerState: change to CANDIDATE, lastRpcTime:76ms, electionTimeout:76ms
2019-10-18 14:58:05,722 [Thread-544] INFO  impl.RoleInfo (RoleInfo.java:shutdownFollowerState(121)) - 327657b1-60f8-49f2-b2a3-f63e1f934942: shutdown FollowerState
2019-10-18 14:58:05,722 [Thread-544] INFO  impl.RaftServerImpl (RaftServerImpl.java:setRole(184)) - 327657b1-60f8-49f2-b2a3-f63e1f934942@group-58A987F56150: changes role from  FOLLOWER to CANDIDATE at term 50 for changeToCandidate
2019-10-18 14:58:05,723 [Thread-544] INFO  impl.RoleInfo (RoleInfo.java:updateAndGet(143)) - 327657b1-60f8-49f2-b2a3-f63e1f934942: start LeaderElection
2019-10-18 14:58:05,736 [327657b1-60f8-49f2-b2a3-f63e1f934942@group-58A987F56150-LeaderElection50] INFO  impl.LeaderElection (LeaderElection.java:askForVotes(178)) - 327657b1-60f8-49f2-b2a3-f63e1f934942@group-58A987F56150-LeaderElection50: begin an election at term 51 for -1: [6605b8a5-570b-4977-9ee7-6aaf3012bed5:192.168.164.233:35223, 327657b1-60f8-49f2-b2a3-f63e1f934942:192.168.164.233:41966, ddd4789c-894d-475a-bbfb-f6e7aa670c92:192.168.164.233:41061], old=null
2019-10-18 14:58:05,740 [grpc-default-executor-3] INFO  impl.RaftServerImpl (RaftServerImpl.java:setRole(184)) - 6605b8a5-570b-4977-9ee7-6aaf3012bed5@group-58A987F56150: changes role from  FOLLOWER to FOLLOWER at term 51 for recognizeCandidate:327657b1-60f8-49f2-b2a3-f63e1f934942
2019-10-18 14:58:05,740 [grpc-default-executor-3] INFO  impl.RoleInfo (RoleInfo.java:shutdownFollowerState(121)) - 6605b8a5-570b-4977-9ee7-6aaf3012bed5: shutdown FollowerState
2019-10-18 14:58:05,741 [Thread-542] INFO  impl.FollowerState (FollowerState.java:run(117)) - 6605b8a5-570b-4977-9ee7-6aaf3012bed5@group-58A987F56150-FollowerState was interrupted: java.lang.InterruptedException: sleep interrupted
2019-10-18 14:58:05,741 [grpc-default-executor-3] INFO  impl.RoleInfo (RoleInfo.java:updateAndGet(143)) - 6605b8a5-570b-4977-9ee7-6aaf3012bed5: start FollowerState
2019-10-18 14:58:05,741 [grpc-default-executor-2] INFO  impl.RaftServerImpl (RaftServerImpl.java:setRole(184)) - ddd4789c-894d-475a-bbfb-f6e7aa670c92@group-58A987F56150: changes role from  FOLLOWER to FOLLOWER at term 51 for recognizeCandidate:327657b1-60f8-49f2-b2a3-f63e1f934942
2019-10-18 14:58:05,741 [grpc-default-executor-2] INFO  impl.RoleInfo (RoleInfo.java:shutdownFollowerState(121)) - ddd4789c-894d-475a-bbfb-f6e7aa670c92: shutdown FollowerState
2019-10-18 14:58:05,741 [Thread-543] INFO  impl.FollowerState (FollowerState.java:run(117)) - ddd4789c-894d-475a-bbfb-f6e7aa670c92@group-58A987F56150-FollowerState was interrupted: java.lang.InterruptedException: sleep interrupted
2019-10-18 14:58:05,741 [grpc-default-executor-2] INFO  impl.RoleInfo (RoleInfo.java:updateAndGet(143)) - ddd4789c-894d-475a-bbfb-f6e7aa670c92: start FollowerState
2019-10-18 14:58:05,767 [327657b1-60f8-49f2-b2a3-f63e1f934942@group-58A987F56150-LeaderElection50] INFO  impl.LeaderElection (LeaderElection.java:logAndReturn(56)) - 327657b1-60f8-49f2-b2a3-f63e1f934942@group-58A987F56150-LeaderElection50: Election REJECTED; received 2 response(s) [327657b1-60f8-49f2-b2a3-f63e1f934942<-6605b8a5-570b-4977-9ee7-6aaf3012bed5#0:FAIL-t51, 327657b1-60f8-49f2-b2a3-f63e1f934942<-ddd4789c-894d-475a-bbfb-f6e7aa670c92#0:FAIL-t51] and 0 exception(s); 327657b1-60f8-49f2-b2a3-f63e1f934942@group-58A987F56150:t51, leader=null, voted=327657b1-60f8-49f2-b2a3-f63e1f934942, raftlog=327657b1-60f8-49f2-b2a3-f63e1f934942@group-58A987F56150-SegmentedRaftLog:OPENED:c-1,f-1,i0, conf=-1: [6605b8a5-570b-4977-9ee7-6aaf3012bed5:192.168.164.233:35223, 327657b1-60f8-49f2-b2a3-f63e1f934942:192.168.164.233:41966, ddd4789c-894d-475a-bbfb-f6e7aa670c92:192.168.164.233:41061], old=null
2019-10-18 14:58:05,767 [327657b1-60f8-49f2-b2a3-f63e1f934942@group-58A987F56150-LeaderElection50] INFO  impl.RaftServerImpl (RaftServerImpl.java:setRole(184)) - 327657b1-60f8-49f2-b2a3-f63e1f934942@group-58A987F56150: changes role from CANDIDATE to FOLLOWER at term 51 for DISCOVERED_A_NEW_TERM
2019-10-18 14:58:05,767 [327657b1-60f8-49f2-b2a3-f63e1f934942@group-58A987F56150-LeaderElection50] INFO  impl.RoleInfo (RoleInfo.java:shutdownLeaderElection(134)) - 327657b1-60f8-49f2-b2a3-f63e1f934942: shutdown LeaderElection
2019-10-18 14:58:05,768 [327657b1-60f8-49f2-b2a3-f63e1f934942@group-58A987F56150-LeaderElection50] INFO  impl.RoleInfo (RoleInfo.java:updateAndGet(143)) - 327657b1-60f8-49f2-b2a3-f63e1f934942: start FollowerState
2019-10-18 14:58:05,891 [Thread-550] INFO  impl.FollowerState (FollowerState.java:run(108)) - 327657b1-60f8-49f2-b2a3-f63e1f934942@group-58A987F56150-FollowerState: change to CANDIDATE, lastRpcTime:123ms, electionTimeout:123ms
2019-10-18 14:58:05,891 [Thread-550] INFO  impl.RoleInfo (RoleInfo.java:shutdownFollowerState(121)) - 327657b1-60f8-49f2-b2a3-f63e1f934942: shutdown FollowerState
2019-10-18 14:58:05,892 [Thread-550] INFO  impl.RaftServerImpl (RaftServerImpl.java:setRole(184)) - 327657b1-60f8-49f2-b2a3-f63e1f934942@group-58A987F56150: changes role from  FOLLOWER to CANDIDATE at term 51 for changeToCandidate
2019-10-18 14:58:05,892 [Thread-550] INFO  impl.RoleInfo (RoleInfo.java:updateAndGet(143)) - 327657b1-60f8-49f2-b2a3-f63e1f934942: start LeaderElection
2019-10-18 14:58:05,905 [327657b1-60f8-49f2-b2a3-f63e1f934942@group-58A987F56150-LeaderElection51] INFO  impl.LeaderElection (LeaderElection.java:askForVotes(178)) - 327657b1-60f8-49f2-b2a3-f63e1f934942@group-58A987F56150-LeaderElection51: begin an election at term 52 for -1: [6605b8a5-570b-4977-9ee7-6aaf3012bed5:192.168.164.233:35223, 327657b1-60f8-49f2-b2a3-f63e1f934942:192.168.164.233:41966, ddd4789c-894d-475a-bbfb-f6e7aa670c92:192.168.164.233:41061], old=null
2019-10-18 14:58:05,908 [grpc-default-executor-3] INFO  impl.RaftServerImpl (RaftServerImpl.java:setRole(184)) - 6605b8a5-570b-4977-9ee7-6aaf3012bed5@group-58A987F56150: changes role from  FOLLOWER to FOLLOWER at term 52 for recognizeCandidate:327657b1-60f8-49f2-b2a3-f63e1f934942
2019-10-18 14:58:05,908 [grpc-default-executor-2] INFO  impl.RaftServerImpl (RaftServerImpl.java:setRole(184)) - ddd4789c-894d-475a-bbfb-f6e7aa670c92@group-58A987F56150: changes role from  FOLLOWER to FOLLOWER at term 52 for recognizeCandidate:327657b1-60f8-49f2-b2a3-f63e1f934942
2019-10-18 14:58:05,908 [grpc-default-executor-3] INFO  impl.RoleInfo (RoleInfo.java:shutdownFollowerState(121)) - 6605b8a5-570b-4977-9ee7-6aaf3012bed5: shutdown FollowerState
2019-10-18 14:58:05,908 [grpc-default-executor-2] INFO  impl.RoleInfo (RoleInfo.java:shutdownFollowerState(121)) - ddd4789c-894d-475a-bbfb-f6e7aa670c92: shutdown FollowerState
2019-10-18 14:58:05,909 [Thread-548] INFO  impl.FollowerState (FollowerState.java:run(117)) - 6605b8a5-570b-4977-9ee7-6aaf3012bed5@group-58A987F56150-FollowerState was interrupted: java.lang.InterruptedException: sleep interrupted
2019-10-18 14:58:05,909 [grpc-default-executor-3] INFO  impl.RoleInfo (RoleInfo.java:updateAndGet(143)) - 6605b8a5-570b-4977-9ee7-6aaf3012bed5: start FollowerState
2019-10-18 14:58:05,909 [Thread-549] INFO  impl.FollowerState (FollowerState.java:run(117)) - ddd4789c-894d-475a-bbfb-f6e7aa670c92@group-58A987F56150-FollowerState was interrupted: java.lang.InterruptedException: sleep interrupted
2019-10-18 14:58:05,909 [grpc-default-executor-2] INFO  impl.RoleInfo (RoleInfo.java:updateAndGet(143)) - ddd4789c-894d-475a-bbfb-f6e7aa670c92: start FollowerState
2019-10-18 14:58:05,923 [327657b1-60f8-49f2-b2a3-f63e1f934942@group-58A987F56150-LeaderElection51] INFO  impl.LeaderElection (LeaderElection.java:logAndReturn(56)) - 327657b1-60f8-49f2-b2a3-f63e1f934942@group-58A987F56150-LeaderElection51: Election TIMEOUT; received 0 response(s) [] and 0 exception(s); 327657b1-60f8-49f2-b2a3-f63e1f934942@group-58A987F56150:t52, leader=null, voted=327657b1-60f8-49f2-b2a3-f63e1f934942, raftlog=327657b1-60f8-49f2-b2a3-f63e1f934942@group-58A987F56150-SegmentedRaftLog:OPENED:c-1,f-1,i0, conf=-1: [6605b8a5-570b-4977-9ee7-6aaf3012bed5:192.168.164.233:35223, 327657b1-60f8-49f2-b2a3-f63e1f934942:192.168.164.233:41966, ddd4789c-894d-475a-bbfb-f6e7aa670c92:192.168.164.233:41061], old=null
2019-10-18 14:58:05,931 [327657b1-60f8-49f2-b2a3-f63e1f934942@group-58A987F56150-LeaderElection51] INFO  impl.LeaderElection (LeaderElection.java:askForVotes(178)) - 327657b1-60f8-49f2-b2a3-f63e1f934942@group-58A987F56150-LeaderElection51: begin an election at term 53 for -1: [6605b8a5-570b-4977-9ee7-6aaf3012bed5:192.168.164.233:35223, 327657b1-60f8-49f2-b2a3-f63e1f934942:192.168.164.233:41966, ddd4789c-894d-475a-bbfb-f6e7aa670c92:192.168.164.233:41061], old=null
2019-10-18 14:58:05,933 [grpc-default-executor-2] INFO  impl.RaftServerImpl (RaftServerImpl.java:setRole(184)) - 6605b8a5-570b-4977-9ee7-6aaf3012bed5@group-58A987F56150: changes role from  FOLLOWER to FOLLOWER at term 53 for recognizeCandidate:327657b1-60f8-49f2-b2a3-f63e1f934942
2019-10-18 14:58:05,933 [grpc-default-executor-2] INFO  impl.RoleInfo (RoleInfo.java:shutdownFollowerState(121)) - 6605b8a5-570b-4977-9ee7-6aaf3012bed5: shutdown FollowerState
2019-10-18 14:58:05,933 [grpc-default-executor-2] INFO  impl.RoleInfo (RoleInfo.java:updateAndGet(143)) - 6605b8a5-570b-4977-9ee7-6aaf3012bed5: start FollowerState
2019-10-18 14:58:05,933 [Thread-554] INFO  impl.FollowerState (FollowerState.java:run(117)) - 6605b8a5-570b-4977-9ee7-6aaf3012bed5@group-58A987F56150-FollowerState was interrupted: java.lang.InterruptedException: sleep interrupted
2019-10-18 14:58:05,933 [grpc-default-executor-3] INFO  impl.RaftServerImpl (RaftServerImpl.java:setRole(184)) - ddd4789c-894d-475a-bbfb-f6e7aa670c92@group-58A987F56150: changes role from  FOLLOWER to FOLLOWER at term 53 for recognizeCandidate:327657b1-60f8-49f2-b2a3-f63e1f934942
2019-10-18 14:58:05,934 [grpc-default-executor-3] INFO  impl.RoleInfo (RoleInfo.java:shutdownFollowerState(121)) - ddd4789c-894d-475a-bbfb-f6e7aa670c92: shutdown FollowerState
2019-10-18 14:58:05,934 [grpc-default-executor-3] INFO  impl.RoleInfo (RoleInfo.java:updateAndGet(143)) - ddd4789c-894d-475a-bbfb-f6e7aa670c92: start FollowerState
2019-10-18 14:58:05,934 [Thread-555] INFO  impl.FollowerState (FollowerState.java:run(117)) - ddd4789c-894d-475a-bbfb-f6e7aa670c92@group-58A987F56150-FollowerState was interrupted: java.lang.InterruptedException: sleep interrupted
2019-10-18 14:58:05,941 [327657b1-60f8-49f2-b2a3-f63e1f934942@group-58A987F56150-LeaderElection51] INFO  impl.LeaderElection (LeaderElection.java:logAndReturn(56)) - 327657b1-60f8-49f2-b2a3-f63e1f934942@group-58A987F56150-LeaderElection51: Election REJECTED; received 2 response(s) [327657b1-60f8-49f2-b2a3-f63e1f934942<-6605b8a5-570b-4977-9ee7-6aaf3012bed5#0:FAIL-t53, 327657b1-60f8-49f2-b2a3-f63e1f934942<-ddd4789c-894d-475a-bbfb-f6e7aa670c92#0:FAIL-t53] and 0 exception(s); 327657b1-60f8-49f2-b2a3-f63e1f934942@group-58A987F56150:t53, leader=null, voted=327657b1-60f8-49f2-b2a3-f63e1f934942, raftlog=327657b1-60f8-49f2-b2a3-f63e1f934942@group-58A987F56150-SegmentedRaftLog:OPENED:c-1,f-1,i0, conf=-1: [6605b8a5-570b-4977-9ee7-6aaf3012bed5:192.168.164.233:35223, 327657b1-60f8-49f2-b2a3-f63e1f934942:192.168.164.233:41966, ddd4789c-894d-475a-bbfb-f6e7aa670c92:192.168.164.233:41061], old=null
2019-10-18 14:58:05,941 [327657b1-60f8-49f2-b2a3-f63e1f934942@group-58A987F56150-LeaderElection51] INFO  impl.RaftServerImpl (RaftServerImpl.java:setRole(184)) - 327657b1-60f8-49f2-b2a3-f63e1f934942@group-58A987F56150: changes role from CANDIDATE to FOLLOWER at term 53 for DISCOVERED_A_NEW_TERM
2019-10-18 14:58:05,941 [327657b1-60f8-49f2-b2a3-f63e1f934942@group-58A987F56150-LeaderElection51] INFO  impl.RoleInfo (RoleInfo.java:shutdownLeaderElection(134)) - 327657b1-60f8-49f2-b2a3-f63e1f934942: shutdown LeaderElection
2019-10-18 14:58:05,941 [327657b1-60f8-49f2-b2a3-f63e1f934942@group-58A987F56150-LeaderElection51] INFO  impl.RoleInfo (RoleInfo.java:updateAndGet(143)) - 327657b1-60f8-49f2-b2a3-f63e1f934942: start FollowerState
2019-10-18 14:58:05,981 [Thread-560] INFO  impl.FollowerState (FollowerState.java:run(108)) - 327657b1-60f8-49f2-b2a3-f63e1f934942@group-58A987F56150-FollowerState: change to CANDIDATE, lastRpcTime:39ms, electionTimeout:39ms
2019-10-18 14:58:05,981 [Thread-560] INFO  impl.RoleInfo (RoleInfo.java:shutdownFollowerState(121)) - 327657b1-60f8-49f2-b2a3-f63e1f934942: shutdown FollowerState
2019-10-18 14:58:05,981 [Thread-560] INFO  impl.RaftServerImpl (RaftServerImpl.java:setRole(184)) - 327657b1-60f8-49f2-b2a3-f63e1f934942@group-58A987F56150: changes role from  FOLLOWER to CANDIDATE at term 53 for changeToCandidate
2019-10-18 14:58:05,981 [Thread-560] INFO  impl.RoleInfo (RoleInfo.java:updateAndGet(143)) - 327657b1-60f8-49f2-b2a3-f63e1f934942: start LeaderElection
2019-10-18 14:58:06,006 [327657b1-60f8-49f2-b2a3-f63e1f934942@group-58A987F56150-LeaderElection52] INFO  impl.LeaderElection (LeaderElection.java:askForVotes(178)) - 327657b1-60f8-49f2-b2a3-f63e1f934942@group-58A987F56150-LeaderElection52: begin an election at term 54 for -1: [6605b8a5-570b-4977-9ee7-6aaf3012bed5:192.168.164.233:35223, 327657b1-60f8-49f2-b2a3-f63e1f934942:192.168.164.233:41966, ddd4789c-894d-475a-bbfb-f6e7aa670c92:192.168.164.233:41061], old=null
2019-10-18 14:58:06,010 [grpc-default-executor-2] INFO  impl.RaftServerImpl (RaftServerImpl.java:setRole(184)) - 6605b8a5-570b-4977-9ee7-6aaf3012bed5@group-58A987F56150: changes role from  FOLLOWER to FOLLOWER at term 54 for recognizeCandidate:327657b1-60f8-49f2-b2a3-f63e1f934942
2019-10-18 14:58:06,010 [grpc-default-executor-3] INFO  impl.RaftServerImpl (RaftServerImpl.java:setRole(184)) - ddd4789c-894d-475a-bbfb-f6e7aa670c92@group-58A987F56150: changes role from  FOLLOWER to FOLLOWER at term 54 for recognizeCandidate:327657b1-60f8-49f2-b2a3-f63e1f934942
2019-10-18 14:58:06,010 [grpc-default-executor-2] INFO  impl.RoleInfo (RoleInfo.java:shutdownFollowerState(121)) - 6605b8a5-570b-4977-9ee7-6aaf3012bed5: shutdown FollowerState
2019-10-18 14:58:06,010 [grpc-default-executor-3] INFO  impl.RoleInfo (RoleInfo.java:shutdownFollowerState(121)) - ddd4789c-894d-475a-bbfb-f6e7aa670c92: shutdown FollowerState
2019-10-18 14:58:06,010 [Thread-558] INFO  impl.FollowerState (FollowerState.java:run(117)) - 6605b8a5-570b-4977-9ee7-6aaf3012bed5@group-58A987F56150-FollowerState was interrupted: java.lang.InterruptedException: sleep interrupted
2019-10-18 14:58:06,010 [grpc-default-executor-2] INFO  impl.RoleInfo (RoleInfo.java:updateAndGet(143)) - 6605b8a5-570b-4977-9ee7-6aaf3012bed5: start FollowerState
2019-10-18 14:58:06,011 [Thread-559] INFO  impl.FollowerState (FollowerState.java:run(117)) - ddd4789c-894d-475a-bbfb-f6e7aa670c92@group-58A987F56150-FollowerState was interrupted: java.lang.InterruptedException: sleep interrupted
2019-10-18 14:58:06,010 [grpc-default-executor-3] INFO  impl.RoleInfo (RoleInfo.java:updateAndGet(143)) - ddd4789c-894d-475a-bbfb-f6e7aa670c92: start FollowerState
2019-10-18 14:58:06,038 [327657b1-60f8-49f2-b2a3-f63e1f934942@group-58A987F56150-LeaderElection52] INFO  impl.LeaderElection (LeaderElection.java:logAndReturn(56)) - 327657b1-60f8-49f2-b2a3-f63e1f934942@group-58A987F56150-LeaderElection52: Election REJECTED; received 2 response(s) [327657b1-60f8-49f2-b2a3-f63e1f934942<-6605b8a5-570b-4977-9ee7-6aaf3012bed5#0:FAIL-t54, 327657b1-60f8-49f2-b2a3-f63e1f934942<-ddd4789c-894d-475a-bbfb-f6e7aa670c92#0:FAIL-t54] and 0 exception(s); 327657b1-60f8-49f2-b2a3-f63e1f934942@group-58A987F56150:t54, leader=null, voted=327657b1-60f8-49f2-b2a3-f63e1f934942, raftlog=327657b1-60f8-49f2-b2a3-f63e1f934942@group-58A987F56150-SegmentedRaftLog:OPENED:c-1,f-1,i0, conf=-1: [6605b8a5-570b-4977-9ee7-6aaf3012bed5:192.168.164.233:35223, 327657b1-60f8-49f2-b2a3-f63e1f934942:192.168.164.233:41966, ddd4789c-894d-475a-bbfb-f6e7aa670c92:192.168.164.233:41061], old=null
2019-10-18 14:58:06,039 [327657b1-60f8-49f2-b2a3-f63e1f934942@group-58A987F56150-LeaderElection52] INFO  impl.RaftServerImpl (RaftServerImpl.java:setRole(184)) - 327657b1-60f8-49f2-b2a3-f63e1f934942@group-58A987F56150: changes role from CANDIDATE to FOLLOWER at term 54 for DISCOVERED_A_NEW_TERM
2019-10-18 14:58:06,039 [327657b1-60f8-49f2-b2a3-f63e1f934942@group-58A987F56150-LeaderElection52] INFO  impl.RoleInfo (RoleInfo.java:shutdownLeaderElection(134)) - 327657b1-60f8-49f2-b2a3-f63e1f934942: shutdown LeaderElection
2019-10-18 14:58:06,039 [327657b1-60f8-49f2-b2a3-f63e1f934942@group-58A987F56150-LeaderElection52] INFO  impl.RoleInfo (RoleInfo.java:updateAndGet(143)) - 327657b1-60f8-49f2-b2a3-f63e1f934942: start FollowerState
2019-10-18 14:58:06,133 [Thread-566] INFO  impl.FollowerState (FollowerState.java:run(108)) - 327657b1-60f8-49f2-b2a3-f63e1f934942@group-58A987F56150-FollowerState: change to CANDIDATE, lastRpcTime:93ms, electionTimeout:93ms
2019-10-18 14:58:06,133 [Thread-566] INFO  impl.RoleInfo (RoleInfo.java:shutdownFollowerState(121)) - 327657b1-60f8-49f2-b2a3-f63e1f934942: shutdown FollowerState
2019-10-18 14:58:06,134 [Thread-566] INFO  impl.RaftServerImpl (RaftServerImpl.java:setRole(184)) - 327657b1-60f8-49f2-b2a3-f63e1f934942@group-58A987F56150: changes role from  FOLLOWER to CANDIDATE at term 54 for changeToCandidate
2019-10-18 14:58:06,134 [Thread-566] INFO  impl.RoleInfo (RoleInfo.java:updateAndGet(143)) - 327657b1-60f8-49f2-b2a3-f63e1f934942: start LeaderElection
2019-10-18 14:58:06,148 [327657b1-60f8-49f2-b2a3-f63e1f934942@group-58A987F56150-LeaderElection53] INFO  impl.LeaderElection (LeaderElection.java:askForVotes(178)) - 327657b1-60f8-49f2-b2a3-f63e1f934942@group-58A987F56150-LeaderElection53: begin an election at term 55 for -1: [6605b8a5-570b-4977-9ee7-6aaf3012bed5:192.168.164.233:35223, 327657b1-60f8-49f2-b2a3-f63e1f934942:192.168.164.233:41966, ddd4789c-894d-475a-bbfb-f6e7aa670c92:192.168.164.233:41061], old=null
2019-10-18 14:58:06,151 [grpc-default-executor-3] INFO  impl.RaftServerImpl (RaftServerImpl.java:setRole(184)) - 6605b8a5-570b-4977-9ee7-6aaf3012bed5@group-58A987F56150: changes role from  FOLLOWER to FOLLOWER at term 55 for recognizeCandidate:327657b1-60f8-49f2-b2a3-f63e1f934942
2019-10-18 14:58:06,151 [grpc-default-executor-2] INFO  impl.RaftServerImpl (RaftServerImpl.java:setRole(184)) - ddd4789c-894d-475a-bbfb-f6e7aa670c92@group-58A987F56150: changes role from  FOLLOWER to FOLLOWER at term 55 for recognizeCandidate:327657b1-60f8-49f2-b2a3-f63e1f934942
2019-10-18 14:58:06,151 [grpc-default-executor-3] INFO  impl.RoleInfo (RoleInfo.java:shutdownFollowerState(121)) - 6605b8a5-570b-4977-9ee7-6aaf3012bed5: shutdown FollowerState
2019-10-18 14:58:06,151 [grpc-default-executor-2] INFO  impl.RoleInfo (RoleInfo.java:shutdownFollowerState(121)) - ddd4789c-894d-475a-bbfb-f6e7aa670c92: shutdown FollowerState
2019-10-18 14:58:06,151 [Thread-564] INFO  impl.FollowerState (FollowerState.java:run(117)) - 6605b8a5-570b-4977-9ee7-6aaf3012bed5@group-58A987F56150-FollowerState was interrupted: java.lang.InterruptedException: sleep interrupted
2019-10-18 14:58:06,151 [grpc-default-executor-3] INFO  impl.RoleInfo (RoleInfo.java:updateAndGet(143)) - 6605b8a5-570b-4977-9ee7-6aaf3012bed5: start FollowerState
2019-10-18 14:58:06,151 [Thread-565] INFO  impl.FollowerState (FollowerState.java:run(117)) - ddd4789c-894d-475a-bbfb-f6e7aa670c92@group-58A987F56150-FollowerState was interrupted: java.lang.InterruptedException: sleep interrupted
2019-10-18 14:58:06,151 [grpc-default-executor-2] INFO  impl.RoleInfo (RoleInfo.java:updateAndGet(143)) - ddd4789c-894d-475a-bbfb-f6e7aa670c92: start FollowerState
2019-10-18 14:58:06,168 [327657b1-60f8-49f2-b2a3-f63e1f934942@group-58A987F56150-LeaderElection53] INFO  impl.LeaderElection (LeaderElection.java:logAndReturn(56)) - 327657b1-60f8-49f2-b2a3-f63e1f934942@group-58A987F56150-LeaderElection53: Election REJECTED; received 2 response(s) [327657b1-60f8-49f2-b2a3-f63e1f934942<-6605b8a5-570b-4977-9ee7-6aaf3012bed5#0:FAIL-t55, 327657b1-60f8-49f2-b2a3-f63e1f934942<-ddd4789c-894d-475a-bbfb-f6e7aa670c92#0:FAIL-t55] and 0 exception(s); 327657b1-60f8-49f2-b2a3-f63e1f934942@group-58A987F56150:t55, leader=null, voted=327657b1-60f8-49f2-b2a3-f63e1f934942, raftlog=327657b1-60f8-49f2-b2a3-f63e1f934942@group-58A987F56150-SegmentedRaftLog:OPENED:c-1,f-1,i0, conf=-1: [6605b8a5-570b-4977-9ee7-6aaf3012bed5:192.168.164.233:35223, 327657b1-60f8-49f2-b2a3-f63e1f934942:192.168.164.233:41966, ddd4789c-894d-475a-bbfb-f6e7aa670c92:192.168.164.233:41061], old=null
2019-10-18 14:58:06,168 [327657b1-60f8-49f2-b2a3-f63e1f934942@group-58A987F56150-LeaderElection53] INFO  impl.RaftServerImpl (RaftServerImpl.java:setRole(184)) - 327657b1-60f8-49f2-b2a3-f63e1f934942@group-58A987F56150: changes role from CANDIDATE to FOLLOWER at term 55 for DISCOVERED_A_NEW_TERM
2019-10-18 14:58:06,168 [327657b1-60f8-49f2-b2a3-f63e1f934942@group-58A987F56150-LeaderElection53] INFO  impl.RoleInfo (RoleInfo.java:shutdownLeaderElection(134)) - 327657b1-60f8-49f2-b2a3-f63e1f934942: shutdown LeaderElection
2019-10-18 14:58:06,168 [327657b1-60f8-49f2-b2a3-f63e1f934942@group-58A987F56150-LeaderElection53] INFO  impl.RoleInfo (RoleInfo.java:updateAndGet(143)) - 327657b1-60f8-49f2-b2a3-f63e1f934942: start FollowerState
2019-10-18 14:58:06,201 [Thread-572] INFO  impl.FollowerState (FollowerState.java:run(108)) - 327657b1-60f8-49f2-b2a3-f63e1f934942@group-58A987F56150-FollowerState: change to CANDIDATE, lastRpcTime:32ms, electionTimeout:32ms
2019-10-18 14:58:06,201 [Thread-572] INFO  impl.RoleInfo (RoleInfo.java:shutdownFollowerState(121)) - 327657b1-60f8-49f2-b2a3-f63e1f934942: shutdown FollowerState
2019-10-18 14:58:06,201 [Thread-572] INFO  impl.RaftServerImpl (RaftServerImpl.java:setRole(184)) - 327657b1-60f8-49f2-b2a3-f63e1f934942@group-58A987F56150: changes role from  FOLLOWER to CANDIDATE at term 55 for changeToCandidate
2019-10-18 14:58:06,201 [Thread-572] INFO  impl.RoleInfo (RoleInfo.java:updateAndGet(143)) - 327657b1-60f8-49f2-b2a3-f63e1f934942: start LeaderElection
2019-10-18 14:58:06,216 [327657b1-60f8-49f2-b2a3-f63e1f934942@group-58A987F56150-LeaderElection54] INFO  impl.LeaderElection (LeaderElection.java:askForVotes(178)) - 327657b1-60f8-49f2-b2a3-f63e1f934942@group-58A987F56150-LeaderElection54: begin an election at term 56 for -1: [6605b8a5-570b-4977-9ee7-6aaf3012bed5:192.168.164.233:35223, 327657b1-60f8-49f2-b2a3-f63e1f934942:192.168.164.233:41966, ddd4789c-894d-475a-bbfb-f6e7aa670c92:192.168.164.233:41061], old=null
2019-10-18 14:58:06,217 [327657b1-60f8-49f2-b2a3-f63e1f934942@group-58A987F56150-LeaderElection54] INFO  impl.LeaderElection (LeaderElection.java:logAndReturn(56)) - 327657b1-60f8-49f2-b2a3-f63e1f934942@group-58A987F56150-LeaderElection54: Election TIMEOUT; received 0 response(s) [] and 0 exception(s); 327657b1-60f8-49f2-b2a3-f63e1f934942@group-58A987F56150:t56, leader=null, voted=327657b1-60f8-49f2-b2a3-f63e1f934942, raftlog=327657b1-60f8-49f2-b2a3-f63e1f934942@group-58A987F56150-SegmentedRaftLog:OPENED:c-1,f-1,i0, conf=-1: [6605b8a5-570b-4977-9ee7-6aaf3012bed5:192.168.164.233:35223, 327657b1-60f8-49f2-b2a3-f63e1f934942:192.168.164.233:41966, ddd4789c-894d-475a-bbfb-f6e7aa670c92:192.168.164.233:41061], old=null
2019-10-18 14:58:06,219 [grpc-default-executor-2] INFO  impl.RaftServerImpl (RaftServerImpl.java:setRole(184)) - 6605b8a5-570b-4977-9ee7-6aaf3012bed5@group-58A987F56150: changes role from  FOLLOWER to FOLLOWER at term 56 for recognizeCandidate:327657b1-60f8-49f2-b2a3-f63e1f934942
2019-10-18 14:58:06,219 [grpc-default-executor-3] INFO  impl.RaftServerImpl (RaftServerImpl.java:setRole(184)) - ddd4789c-894d-475a-bbfb-f6e7aa670c92@group-58A987F56150: changes role from  FOLLOWER to FOLLOWER at term 56 for recognizeCandidate:327657b1-60f8-49f2-b2a3-f63e1f934942
2019-10-18 14:58:06,220 [grpc-default-executor-2] INFO  impl.RoleInfo (RoleInfo.java:shutdownFollowerState(121)) - 6605b8a5-570b-4977-9ee7-6aaf3012bed5: shutdown FollowerState
2019-10-18 14:58:06,220 [grpc-default-executor-3] INFO  impl.RoleInfo (RoleInfo.java:shutdownFollowerState(121)) - ddd4789c-894d-475a-bbfb-f6e7aa670c92: shutdown FollowerState
2019-10-18 14:58:06,220 [Thread-570] INFO  impl.FollowerState (FollowerState.java:run(117)) - 6605b8a5-570b-4977-9ee7-6aaf3012bed5@group-58A987F56150-FollowerState was interrupted: java.lang.InterruptedException: sleep interrupted
2019-10-18 14:58:06,220 [grpc-default-executor-2] INFO  impl.RoleInfo (RoleInfo.java:updateAndGet(143)) - 6605b8a5-570b-4977-9ee7-6aaf3012bed5: start FollowerState
2019-10-18 14:58:06,220 [grpc-default-executor-3] INFO  impl.RoleInfo (RoleInfo.java:updateAndGet(143)) - ddd4789c-894d-475a-bbfb-f6e7aa670c92: start FollowerState
2019-10-18 14:58:06,220 [Thread-571] INFO  impl.FollowerState (FollowerState.java:run(117)) - ddd4789c-894d-475a-bbfb-f6e7aa670c92@group-58A987F56150-FollowerState was interrupted: java.lang.InterruptedException: sleep interrupted
2019-10-18 14:58:06,242 [327657b1-60f8-49f2-b2a3-f63e1f934942@group-58A987F56150-LeaderElection54] INFO  impl.LeaderElection (LeaderElection.java:askForVotes(178)) - 327657b1-60f8-49f2-b2a3-f63e1f934942@group-58A987F56150-LeaderElection54: begin an election at term 57 for -1: [6605b8a5-570b-4977-9ee7-6aaf3012bed5:192.168.164.233:35223, 327657b1-60f8-49f2-b2a3-f63e1f934942:192.168.164.233:41966, ddd4789c-894d-475a-bbfb-f6e7aa670c92:192.168.164.233:41061], old=null
2019-10-18 14:58:06,244 [grpc-default-executor-3] INFO  impl.RaftServerImpl (RaftServerImpl.java:setRole(184)) - 6605b8a5-570b-4977-9ee7-6aaf3012bed5@group-58A987F56150: changes role from  FOLLOWER to FOLLOWER at term 57 for recognizeCandidate:327657b1-60f8-49f2-b2a3-f63e1f934942
2019-10-18 14:58:06,245 [grpc-default-executor-2] INFO  impl.RaftServerImpl (RaftServerImpl.java:setRole(184)) - ddd4789c-894d-475a-bbfb-f6e7aa670c92@group-58A987F56150: changes role from  FOLLOWER to FOLLOWER at term 57 for recognizeCandidate:327657b1-60f8-49f2-b2a3-f63e1f934942
2019-10-18 14:58:06,245 [grpc-default-executor-3] INFO  impl.RoleInfo (RoleInfo.java:shutdownFollowerState(121)) - 6605b8a5-570b-4977-9ee7-6aaf3012bed5: shutdown FollowerState
2019-10-18 14:58:06,245 [grpc-default-executor-2] INFO  impl.RoleInfo (RoleInfo.java:shutdownFollowerState(121)) - ddd4789c-894d-475a-bbfb-f6e7aa670c92: shutdown FollowerState
2019-10-18 14:58:06,245 [Thread-576] INFO  impl.FollowerState (FollowerState.java:run(117)) - 6605b8a5-570b-4977-9ee7-6aaf3012bed5@group-58A987F56150-FollowerState was interrupted: java.lang.InterruptedException: sleep interrupted
2019-10-18 14:58:06,245 [Thread-577] INFO  impl.FollowerState (FollowerState.java:run(117)) - ddd4789c-894d-475a-bbfb-f6e7aa670c92@group-58A987F56150-FollowerState was interrupted: java.lang.InterruptedException: sleep interrupted
2019-10-18 14:58:06,245 [grpc-default-executor-3] INFO  impl.RoleInfo (RoleInfo.java:updateAndGet(143)) - 6605b8a5-570b-4977-9ee7-6aaf3012bed5: start FollowerState
2019-10-18 14:58:06,245 [grpc-default-executor-2] INFO  impl.RoleInfo (RoleInfo.java:updateAndGet(143)) - ddd4789c-894d-475a-bbfb-f6e7aa670c92: start FollowerState
2019-10-18 14:58:06,260 [327657b1-60f8-49f2-b2a3-f63e1f934942@group-58A987F56150-LeaderElection54] INFO  impl.LeaderElection (LeaderElection.java:logAndReturn(56)) - 327657b1-60f8-49f2-b2a3-f63e1f934942@group-58A987F56150-LeaderElection54: Election REJECTED; received 2 response(s) [327657b1-60f8-49f2-b2a3-f63e1f934942<-6605b8a5-570b-4977-9ee7-6aaf3012bed5#0:FAIL-t57, 327657b1-60f8-49f2-b2a3-f63e1f934942<-ddd4789c-894d-475a-bbfb-f6e7aa670c92#0:FAIL-t57] and 0 exception(s); 327657b1-60f8-49f2-b2a3-f63e1f934942@group-58A987F56150:t57, leader=null, voted=327657b1-60f8-49f2-b2a3-f63e1f934942, raftlog=327657b1-60f8-49f2-b2a3-f63e1f934942@group-58A987F56150-SegmentedRaftLog:OPENED:c-1,f-1,i0, conf=-1: [6605b8a5-570b-4977-9ee7-6aaf3012bed5:192.168.164.233:35223, 327657b1-60f8-49f2-b2a3-f63e1f934942:192.168.164.233:41966, ddd4789c-894d-475a-bbfb-f6e7aa670c92:192.168.164.233:41061], old=null
2019-10-18 14:58:06,260 [327657b1-60f8-49f2-b2a3-f63e1f934942@group-58A987F56150-LeaderElection54] INFO  impl.RaftServerImpl (RaftServerImpl.java:setRole(184)) - 327657b1-60f8-49f2-b2a3-f63e1f934942@group-58A987F56150: changes role from CANDIDATE to FOLLOWER at term 57 for DISCOVERED_A_NEW_TERM
2019-10-18 14:58:06,260 [327657b1-60f8-49f2-b2a3-f63e1f934942@group-58A987F56150-LeaderElection54] INFO  impl.RoleInfo (RoleInfo.java:shutdownLeaderElection(134)) - 327657b1-60f8-49f2-b2a3-f63e1f934942: shutdown LeaderElection
2019-10-18 14:58:06,260 [327657b1-60f8-49f2-b2a3-f63e1f934942@group-58A987F56150-LeaderElection54] INFO  impl.RoleInfo (RoleInfo.java:updateAndGet(143)) - 327657b1-60f8-49f2-b2a3-f63e1f934942: start FollowerState
2019-10-18 14:58:06,376 [Thread-582] INFO  impl.FollowerState (FollowerState.java:run(108)) - 327657b1-60f8-49f2-b2a3-f63e1f934942@group-58A987F56150-FollowerState: change to CANDIDATE, lastRpcTime:115ms, electionTimeout:115ms
2019-10-18 14:58:06,376 [Thread-582] INFO  impl.RoleInfo (RoleInfo.java:shutdownFollowerState(121)) - 327657b1-60f8-49f2-b2a3-f63e1f934942: shutdown FollowerState
2019-10-18 14:58:06,376 [Thread-582] INFO  impl.RaftServerImpl (RaftServerImpl.java:setRole(184)) - 327657b1-60f8-49f2-b2a3-f63e1f934942@group-58A987F56150: changes role from  FOLLOWER to CANDIDATE at term 57 for changeToCandidate
2019-10-18 14:58:06,376 [Thread-582] INFO  impl.RoleInfo (RoleInfo.java:updateAndGet(143)) - 327657b1-60f8-49f2-b2a3-f63e1f934942: start LeaderElection
2019-10-18 14:58:06,390 [327657b1-60f8-49f2-b2a3-f63e1f934942@group-58A987F56150-LeaderElection55] INFO  impl.LeaderElection (LeaderElection.java:askForVotes(178)) - 327657b1-60f8-49f2-b2a3-f63e1f934942@group-58A987F56150-LeaderElection55: begin an election at term 58 for -1: [6605b8a5-570b-4977-9ee7-6aaf3012bed5:192.168.164.233:35223, 327657b1-60f8-49f2-b2a3-f63e1f934942:192.168.164.233:41966, ddd4789c-894d-475a-bbfb-f6e7aa670c92:192.168.164.233:41061], old=null
2019-10-18 14:58:06,392 [grpc-default-executor-3] INFO  impl.RaftServerImpl (RaftServerImpl.java:setRole(184)) - 6605b8a5-570b-4977-9ee7-6aaf3012bed5@group-58A987F56150: changes role from  FOLLOWER to FOLLOWER at term 58 for recognizeCandidate:327657b1-60f8-49f2-b2a3-f63e1f934942
2019-10-18 14:58:06,393 [grpc-default-executor-3] INFO  impl.RoleInfo (RoleInfo.java:shutdownFollowerState(121)) - 6605b8a5-570b-4977-9ee7-6aaf3012bed5: shutdown FollowerState
2019-10-18 14:58:06,393 [grpc-default-executor-2] INFO  impl.RaftServerImpl (RaftServerImpl.java:setRole(184)) - ddd4789c-894d-475a-bbfb-f6e7aa670c92@group-58A987F56150: changes role from  FOLLOWER to FOLLOWER at term 58 for recognizeCandidate:327657b1-60f8-49f2-b2a3-f63e1f934942
2019-10-18 14:58:06,393 [Thread-580] INFO  impl.FollowerState (FollowerState.java:run(117)) - 6605b8a5-570b-4977-9ee7-6aaf3012bed5@group-58A987F56150-FollowerState was interrupted: java.lang.InterruptedException: sleep interrupted
2019-10-18 14:58:06,393 [grpc-default-executor-3] INFO  impl.RoleInfo (RoleInfo.java:updateAndGet(143)) - 6605b8a5-570b-4977-9ee7-6aaf3012bed5: start FollowerState
2019-10-18 14:58:06,393 [grpc-default-executor-2] INFO  impl.RoleInfo (RoleInfo.java:shutdownFollowerState(121)) - ddd4789c-894d-475a-bbfb-f6e7aa670c92: shutdown FollowerState
2019-10-18 14:58:06,393 [grpc-default-executor-2] INFO  impl.RoleInfo (RoleInfo.java:updateAndGet(143)) - ddd4789c-894d-475a-bbfb-f6e7aa670c92: start FollowerState
2019-10-18 14:58:06,394 [Thread-581] INFO  impl.FollowerState (FollowerState.java:run(117)) - ddd4789c-894d-475a-bbfb-f6e7aa670c92@group-58A987F56150-FollowerState was interrupted: java.lang.InterruptedException: sleep interrupted
2019-10-18 14:58:06,409 [327657b1-60f8-49f2-b2a3-f63e1f934942@group-58A987F56150-LeaderElection55] INFO  impl.LeaderElection (LeaderElection.java:logAndReturn(56)) - 327657b1-60f8-49f2-b2a3-f63e1f934942@group-58A987F56150-LeaderElection55: Election REJECTED; received 2 response(s) [327657b1-60f8-49f2-b2a3-f63e1f934942<-6605b8a5-570b-4977-9ee7-6aaf3012bed5#0:FAIL-t58, 327657b1-60f8-49f2-b2a3-f63e1f934942<-ddd4789c-894d-475a-bbfb-f6e7aa670c92#0:FAIL-t58] and 0 exception(s); 327657b1-60f8-49f2-b2a3-f63e1f934942@group-58A987F56150:t58, leader=null, voted=327657b1-60f8-49f2-b2a3-f63e1f934942, raftlog=327657b1-60f8-49f2-b2a3-f63e1f934942@group-58A987F56150-SegmentedRaftLog:OPENED:c-1,f-1,i0, conf=-1: [6605b8a5-570b-4977-9ee7-6aaf3012bed5:192.168.164.233:35223, 327657b1-60f8-49f2-b2a3-f63e1f934942:192.168.164.233:41966, ddd4789c-894d-475a-bbfb-f6e7aa670c92:192.168.164.233:41061], old=null
2019-10-18 14:58:06,409 [327657b1-60f8-49f2-b2a3-f63e1f934942@group-58A987F56150-LeaderElection55] INFO  impl.RaftServerImpl (RaftServerImpl.java:setRole(184)) - 327657b1-60f8-49f2-b2a3-f63e1f934942@group-58A987F56150: changes role from CANDIDATE to FOLLOWER at term 58 for DISCOVERED_A_NEW_TERM
2019-10-18 14:58:06,409 [327657b1-60f8-49f2-b2a3-f63e1f934942@group-58A987F56150-LeaderElection55] INFO  impl.RoleInfo (RoleInfo.java:shutdownLeaderElection(134)) - 327657b1-60f8-49f2-b2a3-f63e1f934942: shutdown LeaderElection
2019-10-18 14:58:06,409 [327657b1-60f8-49f2-b2a3-f63e1f934942@group-58A987F56150-LeaderElection55] INFO  impl.RoleInfo (RoleInfo.java:updateAndGet(143)) - 327657b1-60f8-49f2-b2a3-f63e1f934942: start FollowerState
2019-10-18 14:58:06,562 [Thread-588] INFO  impl.FollowerState (FollowerState.java:run(108)) - 327657b1-60f8-49f2-b2a3-f63e1f934942@group-58A987F56150-FollowerState: change to CANDIDATE, lastRpcTime:152ms, electionTimeout:152ms
2019-10-18 14:58:06,562 [Thread-588] INFO  impl.RoleInfo (RoleInfo.java:shutdownFollowerState(121)) - 327657b1-60f8-49f2-b2a3-f63e1f934942: shutdown FollowerState
2019-10-18 14:58:06,562 [Thread-588] INFO  impl.RaftServerImpl (RaftServerImpl.java:setRole(184)) - 327657b1-60f8-49f2-b2a3-f63e1f934942@group-58A987F56150: changes role from  FOLLOWER to CANDIDATE at term 58 for changeToCandidate
2019-10-18 14:58:06,562 [Thread-588] INFO  impl.RoleInfo (RoleInfo.java:updateAndGet(143)) - 327657b1-60f8-49f2-b2a3-f63e1f934942: start LeaderElection
2019-10-18 14:58:06,576 [327657b1-60f8-49f2-b2a3-f63e1f934942@group-58A987F56150-LeaderElection56] INFO  impl.LeaderElection (LeaderElection.java:askForVotes(178)) - 327657b1-60f8-49f2-b2a3-f63e1f934942@group-58A987F56150-LeaderElection56: begin an election at term 59 for -1: [6605b8a5-570b-4977-9ee7-6aaf3012bed5:192.168.164.233:35223, 327657b1-60f8-49f2-b2a3-f63e1f934942:192.168.164.233:41966, ddd4789c-894d-475a-bbfb-f6e7aa670c92:192.168.164.233:41061], old=null
2019-10-18 14:58:06,579 [grpc-default-executor-2] INFO  impl.RaftServerImpl (RaftServerImpl.java:setRole(184)) - ddd4789c-894d-475a-bbfb-f6e7aa670c92@group-58A987F56150: changes role from  FOLLOWER to FOLLOWER at term 59 for recognizeCandidate:327657b1-60f8-49f2-b2a3-f63e1f934942
2019-10-18 14:58:06,579 [grpc-default-executor-3] INFO  impl.RaftServerImpl (RaftServerImpl.java:setRole(184)) - 6605b8a5-570b-4977-9ee7-6aaf3012bed5@group-58A987F56150: changes role from  FOLLOWER to FOLLOWER at term 59 for recognizeCandidate:327657b1-60f8-49f2-b2a3-f63e1f934942
2019-10-18 14:58:06,579 [grpc-default-executor-2] INFO  impl.RoleInfo (RoleInfo.java:shutdownFollowerState(121)) - ddd4789c-894d-475a-bbfb-f6e7aa670c92: shutdown FollowerState
2019-10-18 14:58:06,579 [grpc-default-executor-3] INFO  impl.RoleInfo (RoleInfo.java:shutdownFollowerState(121)) - 6605b8a5-570b-4977-9ee7-6aaf3012bed5: shutdown FollowerState
2019-10-18 14:58:06,580 [Thread-587] INFO  impl.FollowerState (FollowerState.java:run(117)) - ddd4789c-894d-475a-bbfb-f6e7aa670c92@group-58A987F56150-FollowerState was interrupted: java.lang.InterruptedException: sleep interrupted
2019-10-18 14:58:06,580 [grpc-default-executor-2] INFO  impl.RoleInfo (RoleInfo.java:updateAndGet(143)) - ddd4789c-894d-475a-bbfb-f6e7aa670c92: start FollowerState
2019-10-18 14:58:06,580 [Thread-586] INFO  impl.FollowerState (FollowerState.java:run(117)) - 6605b8a5-570b-4977-9ee7-6aaf3012bed5@group-58A987F56150-FollowerState was interrupted: java.lang.InterruptedException: sleep interrupted
2019-10-18 14:58:06,580 [grpc-default-executor-3] INFO  impl.RoleInfo (RoleInfo.java:updateAndGet(143)) - 6605b8a5-570b-4977-9ee7-6aaf3012bed5: start FollowerState
2019-10-18 14:58:06,606 [327657b1-60f8-49f2-b2a3-f63e1f934942@group-58A987F56150-LeaderElection56] INFO  impl.LeaderElection (LeaderElection.java:logAndReturn(56)) - 327657b1-60f8-49f2-b2a3-f63e1f934942@group-58A987F56150-LeaderElection56: Election REJECTED; received 2 response(s) [327657b1-60f8-49f2-b2a3-f63e1f934942<-6605b8a5-570b-4977-9ee7-6aaf3012bed5#0:FAIL-t59, 327657b1-60f8-49f2-b2a3-f63e1f934942<-ddd4789c-894d-475a-bbfb-f6e7aa670c92#0:FAIL-t59] and 0 exception(s); 327657b1-60f8-49f2-b2a3-f63e1f934942@group-58A987F56150:t59, leader=null, voted=327657b1-60f8-49f2-b2a3-f63e1f934942, raftlog=327657b1-60f8-49f2-b2a3-f63e1f934942@group-58A987F56150-SegmentedRaftLog:OPENED:c-1,f-1,i0, conf=-1: [6605b8a5-570b-4977-9ee7-6aaf3012bed5:192.168.164.233:35223, 327657b1-60f8-49f2-b2a3-f63e1f934942:192.168.164.233:41966, ddd4789c-894d-475a-bbfb-f6e7aa670c92:192.168.164.233:41061], old=null
2019-10-18 14:58:06,607 [327657b1-60f8-49f2-b2a3-f63e1f934942@group-58A987F56150-LeaderElection56] INFO  impl.RaftServerImpl (RaftServerImpl.java:setRole(184)) - 327657b1-60f8-49f2-b2a3-f63e1f934942@group-58A987F56150: changes role from CANDIDATE to FOLLOWER at term 59 for DISCOVERED_A_NEW_TERM
2019-10-18 14:58:06,607 [327657b1-60f8-49f2-b2a3-f63e1f934942@group-58A987F56150-LeaderElection56] INFO  impl.RoleInfo (RoleInfo.java:shutdownLeaderElection(134)) - 327657b1-60f8-49f2-b2a3-f63e1f934942: shutdown LeaderElection
2019-10-18 14:58:06,607 [327657b1-60f8-49f2-b2a3-f63e1f934942@group-58A987F56150-LeaderElection56] INFO  impl.RoleInfo (RoleInfo.java:updateAndGet(143)) - 327657b1-60f8-49f2-b2a3-f63e1f934942: start FollowerState
2019-10-18 14:58:06,679 [Thread-596] INFO  impl.FollowerState (FollowerState.java:run(108)) - 327657b1-60f8-49f2-b2a3-f63e1f934942@group-58A987F56150-FollowerState: change to CANDIDATE, lastRpcTime:72ms, electionTimeout:72ms
2019-10-18 14:58:06,680 [Thread-596] INFO  impl.RoleInfo (RoleInfo.java:shutdownFollowerState(121)) - 327657b1-60f8-49f2-b2a3-f63e1f934942: shutdown FollowerState
2019-10-18 14:58:06,680 [Thread-596] INFO  impl.RaftServerImpl (RaftServerImpl.java:setRole(184)) - 327657b1-60f8-49f2-b2a3-f63e1f934942@group-58A987F56150: changes role from  FOLLOWER to CANDIDATE at term 59 for changeToCandidate
2019-10-18 14:58:06,680 [Thread-596] INFO  impl.RoleInfo (RoleInfo.java:updateAndGet(143)) - 327657b1-60f8-49f2-b2a3-f63e1f934942: start LeaderElection
2019-10-18 14:58:06,693 [327657b1-60f8-49f2-b2a3-f63e1f934942@group-58A987F56150-LeaderElection57] INFO  impl.LeaderElection (LeaderElection.java:askForVotes(178)) - 327657b1-60f8-49f2-b2a3-f63e1f934942@group-58A987F56150-LeaderElection57: begin an election at term 60 for -1: [6605b8a5-570b-4977-9ee7-6aaf3012bed5:192.168.164.233:35223, 327657b1-60f8-49f2-b2a3-f63e1f934942:192.168.164.233:41966, ddd4789c-894d-475a-bbfb-f6e7aa670c92:192.168.164.233:41061], old=null
2019-10-18 14:58:06,695 [grpc-default-executor-2] INFO  impl.RaftServerImpl (RaftServerImpl.java:setRole(184)) - 6605b8a5-570b-4977-9ee7-6aaf3012bed5@group-58A987F56150: changes role from  FOLLOWER to FOLLOWER at term 60 for recognizeCandidate:327657b1-60f8-49f2-b2a3-f63e1f934942
2019-10-18 14:58:06,695 [grpc-default-executor-2] INFO  impl.RoleInfo (RoleInfo.java:shutdownFollowerState(121)) - 6605b8a5-570b-4977-9ee7-6aaf3012bed5: shutdown FollowerState
2019-10-18 14:58:06,695 [grpc-default-executor-3] INFO  impl.RaftServerImpl (RaftServerImpl.java:setRole(184)) - ddd4789c-894d-475a-bbfb-f6e7aa670c92@group-58A987F56150: changes role from  FOLLOWER to FOLLOWER at term 60 for recognizeCandidate:327657b1-60f8-49f2-b2a3-f63e1f934942
2019-10-18 14:58:06,696 [Thread-595] INFO  impl.FollowerState (FollowerState.java:run(117)) - 6605b8a5-570b-4977-9ee7-6aaf3012bed5@group-58A987F56150-FollowerState was interrupted: java.lang.InterruptedException: sleep interrupted
2019-10-18 14:58:06,696 [grpc-default-executor-2] INFO  impl.RoleInfo (RoleInfo.java:updateAndGet(143)) - 6605b8a5-570b-4977-9ee7-6aaf3012bed5: start FollowerState
2019-10-18 14:58:06,696 [grpc-default-executor-3] INFO  impl.RoleInfo (RoleInfo.java:shutdownFollowerState(121)) - ddd4789c-894d-475a-bbfb-f6e7aa670c92: shutdown FollowerState
2019-10-18 14:58:06,696 [grpc-default-executor-3] INFO  impl.RoleInfo (RoleInfo.java:updateAndGet(143)) - ddd4789c-894d-475a-bbfb-f6e7aa670c92: start FollowerState
2019-10-18 14:58:06,696 [Thread-594] INFO  impl.FollowerState (FollowerState.java:run(117)) - ddd4789c-894d-475a-bbfb-f6e7aa670c92@group-58A987F56150-FollowerState was interrupted: java.lang.InterruptedException: sleep interrupted
2019-10-18 14:58:06,713 [327657b1-60f8-49f2-b2a3-f63e1f934942@group-58A987F56150-LeaderElection57] INFO  impl.LeaderElection (LeaderElection.java:logAndReturn(56)) - 327657b1-60f8-49f2-b2a3-f63e1f934942@group-58A987F56150-LeaderElection57: Election REJECTED; received 2 response(s) [327657b1-60f8-49f2-b2a3-f63e1f934942<-6605b8a5-570b-4977-9ee7-6aaf3012bed5#0:FAIL-t60, 327657b1-60f8-49f2-b2a3-f63e1f934942<-ddd4789c-894d-475a-bbfb-f6e7aa670c92#0:FAIL-t60] and 0 exception(s); 327657b1-60f8-49f2-b2a3-f63e1f934942@group-58A987F56150:t60, leader=null, voted=327657b1-60f8-49f2-b2a3-f63e1f934942, raftlog=327657b1-60f8-49f2-b2a3-f63e1f934942@group-58A987F56150-SegmentedRaftLog:OPENED:c-1,f-1,i0, conf=-1: [6605b8a5-570b-4977-9ee7-6aaf3012bed5:192.168.164.233:35223, 327657b1-60f8-49f2-b2a3-f63e1f934942:192.168.164.233:41966, ddd4789c-894d-475a-bbfb-f6e7aa670c92:192.168.164.233:41061], old=null
2019-10-18 14:58:06,714 [327657b1-60f8-49f2-b2a3-f63e1f934942@group-58A987F56150-LeaderElection57] INFO  impl.RaftServerImpl (RaftServerImpl.java:setRole(184)) - 327657b1-60f8-49f2-b2a3-f63e1f934942@group-58A987F56150: changes role from CANDIDATE to FOLLOWER at term 60 for DISCOVERED_A_NEW_TERM
2019-10-18 14:58:06,714 [327657b1-60f8-49f2-b2a3-f63e1f934942@group-58A987F56150-LeaderElection57] INFO  impl.RoleInfo (RoleInfo.java:shutdownLeaderElection(134)) - 327657b1-60f8-49f2-b2a3-f63e1f934942: shutdown LeaderElection
2019-10-18 14:58:06,714 [327657b1-60f8-49f2-b2a3-f63e1f934942@group-58A987F56150-LeaderElection57] INFO  impl.RoleInfo (RoleInfo.java:updateAndGet(143)) - 327657b1-60f8-49f2-b2a3-f63e1f934942: start FollowerState
2019-10-18 14:58:06,875 [Thread-602] INFO  impl.FollowerState (FollowerState.java:run(108)) - 327657b1-60f8-49f2-b2a3-f63e1f934942@group-58A987F56150-FollowerState: change to CANDIDATE, lastRpcTime:161ms, electionTimeout:161ms
2019-10-18 14:58:06,875 [Thread-602] INFO  impl.RoleInfo (RoleInfo.java:shutdownFollowerState(121)) - 327657b1-60f8-49f2-b2a3-f63e1f934942: shutdown FollowerState
2019-10-18 14:58:06,876 [Thread-602] INFO  impl.RaftServerImpl (RaftServerImpl.java:setRole(184)) - 327657b1-60f8-49f2-b2a3-f63e1f934942@group-58A987F56150: changes role from  FOLLOWER to CANDIDATE at term 60 for changeToCandidate
2019-10-18 14:58:06,876 [Thread-602] INFO  impl.RoleInfo (RoleInfo.java:updateAndGet(143)) - 327657b1-60f8-49f2-b2a3-f63e1f934942: start LeaderElection
2019-10-18 14:58:06,899 [327657b1-60f8-49f2-b2a3-f63e1f934942@group-58A987F56150-LeaderElection58] INFO  impl.LeaderElection (LeaderElection.java:askForVotes(178)) - 327657b1-60f8-49f2-b2a3-f63e1f934942@group-58A987F56150-LeaderElection58: begin an election at term 61 for -1: [6605b8a5-570b-4977-9ee7-6aaf3012bed5:192.168.164.233:35223, 327657b1-60f8-49f2-b2a3-f63e1f934942:192.168.164.233:41966, ddd4789c-894d-475a-bbfb-f6e7aa670c92:192.168.164.233:41061], old=null
2019-10-18 14:58:06,902 [grpc-default-executor-2] INFO  impl.RaftServerImpl (RaftServerImpl.java:setRole(184)) - 6605b8a5-570b-4977-9ee7-6aaf3012bed5@group-58A987F56150: changes role from  FOLLOWER to FOLLOWER at term 61 for recognizeCandidate:327657b1-60f8-49f2-b2a3-f63e1f934942
2019-10-18 14:58:06,902 [grpc-default-executor-3] INFO  impl.RaftServerImpl (RaftServerImpl.java:setRole(184)) - ddd4789c-894d-475a-bbfb-f6e7aa670c92@group-58A987F56150: changes role from  FOLLOWER to FOLLOWER at term 61 for recognizeCandidate:327657b1-60f8-49f2-b2a3-f63e1f934942
2019-10-18 14:58:06,902 [grpc-default-executor-2] INFO  impl.RoleInfo (RoleInfo.java:shutdownFollowerState(121)) - 6605b8a5-570b-4977-9ee7-6aaf3012bed5: shutdown FollowerState
2019-10-18 14:58:06,902 [grpc-default-executor-3] INFO  impl.RoleInfo (RoleInfo.java:shutdownFollowerState(121)) - ddd4789c-894d-475a-bbfb-f6e7aa670c92: shutdown FollowerState
2019-10-18 14:58:06,902 [grpc-default-executor-2] INFO  impl.RoleInfo (RoleInfo.java:updateAndGet(143)) - 6605b8a5-570b-4977-9ee7-6aaf3012bed5: start FollowerState
2019-10-18 14:58:06,902 [Thread-600] INFO  impl.FollowerState (FollowerState.java:run(117)) - 6605b8a5-570b-4977-9ee7-6aaf3012bed5@group-58A987F56150-FollowerState was interrupted: java.lang.InterruptedException: sleep interrupted
2019-10-18 14:58:06,903 [Thread-601] INFO  impl.FollowerState (FollowerState.java:run(117)) - ddd4789c-894d-475a-bbfb-f6e7aa670c92@group-58A987F56150-FollowerState was interrupted: java.lang.InterruptedException: sleep interrupted
2019-10-18 14:58:06,902 [grpc-default-executor-3] INFO  impl.RoleInfo (RoleInfo.java:updateAndGet(143)) - ddd4789c-894d-475a-bbfb-f6e7aa670c92: start FollowerState
2019-10-18 14:58:06,929 [327657b1-60f8-49f2-b2a3-f63e1f934942@group-58A987F56150-LeaderElection58] INFO  impl.LeaderElection (LeaderElection.java:logAndReturn(56)) - 327657b1-60f8-49f2-b2a3-f63e1f934942@group-58A987F56150-LeaderElection58: Election REJECTED; received 2 response(s) [327657b1-60f8-49f2-b2a3-f63e1f934942<-6605b8a5-570b-4977-9ee7-6aaf3012bed5#0:FAIL-t61, 327657b1-60f8-49f2-b2a3-f63e1f934942<-ddd4789c-894d-475a-bbfb-f6e7aa670c92#0:FAIL-t61] and 0 exception(s); 327657b1-60f8-49f2-b2a3-f63e1f934942@group-58A987F56150:t61, leader=null, voted=327657b1-60f8-49f2-b2a3-f63e1f934942, raftlog=327657b1-60f8-49f2-b2a3-f63e1f934942@group-58A987F56150-SegmentedRaftLog:OPENED:c-1,f-1,i0, conf=-1: [6605b8a5-570b-4977-9ee7-6aaf3012bed5:192.168.164.233:35223, 327657b1-60f8-49f2-b2a3-f63e1f934942:192.168.164.233:41966, ddd4789c-894d-475a-bbfb-f6e7aa670c92:192.168.164.233:41061], old=null
2019-10-18 14:58:06,929 [327657b1-60f8-49f2-b2a3-f63e1f934942@group-58A987F56150-LeaderElection58] INFO  impl.RaftServerImpl (RaftServerImpl.java:setRole(184)) - 327657b1-60f8-49f2-b2a3-f63e1f934942@group-58A987F56150: changes role from CANDIDATE to FOLLOWER at term 61 for DISCOVERED_A_NEW_TERM
2019-10-18 14:58:06,930 [327657b1-60f8-49f2-b2a3-f63e1f934942@group-58A987F56150-LeaderElection58] INFO  impl.RoleInfo (RoleInfo.java:shutdownLeaderElection(134)) - 327657b1-60f8-49f2-b2a3-f63e1f934942: shutdown LeaderElection
2019-10-18 14:58:06,930 [327657b1-60f8-49f2-b2a3-f63e1f934942@group-58A987F56150-LeaderElection58] INFO  impl.RoleInfo (RoleInfo.java:updateAndGet(143)) - 327657b1-60f8-49f2-b2a3-f63e1f934942: start FollowerState
2019-10-18 14:58:06,958 [Thread-608] INFO  impl.FollowerState (FollowerState.java:run(108)) - 327657b1-60f8-49f2-b2a3-f63e1f934942@group-58A987F56150-FollowerState: change to CANDIDATE, lastRpcTime:28ms, electionTimeout:28ms
2019-10-18 14:58:06,958 [Thread-608] INFO  impl.RoleInfo (RoleInfo.java:shutdownFollowerState(121)) - 327657b1-60f8-49f2-b2a3-f63e1f934942: shutdown FollowerState
2019-10-18 14:58:06,958 [Thread-608] INFO  impl.RaftServerImpl (RaftServerImpl.java:setRole(184)) - 327657b1-60f8-49f2-b2a3-f63e1f934942@group-58A987F56150: changes role from  FOLLOWER to CANDIDATE at term 61 for changeToCandidate
2019-10-18 14:58:06,959 [Thread-608] INFO  impl.RoleInfo (RoleInfo.java:updateAndGet(143)) - 327657b1-60f8-49f2-b2a3-f63e1f934942: start LeaderElection
2019-10-18 14:58:06,965 [327657b1-60f8-49f2-b2a3-f63e1f934942@group-58A987F56150-LeaderElection59] INFO  impl.LeaderElection (LeaderElection.java:askForVotes(178)) - 327657b1-60f8-49f2-b2a3-f63e1f934942@group-58A987F56150-LeaderElection59: begin an election at term 62 for -1: [6605b8a5-570b-4977-9ee7-6aaf3012bed5:192.168.164.233:35223, 327657b1-60f8-49f2-b2a3-f63e1f934942:192.168.164.233:41966, ddd4789c-894d-475a-bbfb-f6e7aa670c92:192.168.164.233:41061], old=null
2019-10-18 14:58:06,968 [grpc-default-executor-2] INFO  impl.RaftServerImpl (RaftServerImpl.java:setRole(184)) - 6605b8a5-570b-4977-9ee7-6aaf3012bed5@group-58A987F56150: changes role from  FOLLOWER to FOLLOWER at term 62 for recognizeCandidate:327657b1-60f8-49f2-b2a3-f63e1f934942
2019-10-18 14:58:06,968 [grpc-default-executor-2] INFO  impl.RoleInfo (RoleInfo.java:shutdownFollowerState(121)) - 6605b8a5-570b-4977-9ee7-6aaf3012bed5: shutdown FollowerState
2019-10-18 14:58:06,968 [grpc-default-executor-3] INFO  impl.RaftServerImpl (RaftServerImpl.java:setRole(184)) - ddd4789c-894d-475a-bbfb-f6e7aa670c92@group-58A987F56150: changes role from  FOLLOWER to FOLLOWER at term 62 for recognizeCandidate:327657b1-60f8-49f2-b2a3-f63e1f934942
2019-10-18 14:58:06,968 [Thread-606] INFO  impl.FollowerState (FollowerState.java:run(117)) - 6605b8a5-570b-4977-9ee7-6aaf3012bed5@group-58A987F56150-FollowerState was interrupted: java.lang.InterruptedException: sleep interrupted
2019-10-18 14:58:06,968 [grpc-default-executor-2] INFO  impl.RoleInfo (RoleInfo.java:updateAndGet(143)) - 6605b8a5-570b-4977-9ee7-6aaf3012bed5: start FollowerState
2019-10-18 14:58:06,968 [grpc-default-executor-3] INFO  impl.RoleInfo (RoleInfo.java:shutdownFollowerState(121)) - ddd4789c-894d-475a-bbfb-f6e7aa670c92: shutdown FollowerState
2019-10-18 14:58:06,969 [grpc-default-executor-3] INFO  impl.RoleInfo (RoleInfo.java:updateAndGet(143)) - ddd4789c-894d-475a-bbfb-f6e7aa670c92: start FollowerState
2019-10-18 14:58:06,969 [Thread-607] INFO  impl.FollowerState (FollowerState.java:run(117)) - ddd4789c-894d-475a-bbfb-f6e7aa670c92@group-58A987F56150-FollowerState was interrupted: java.lang.InterruptedException: sleep interrupted
2019-10-18 14:58:06,983 [327657b1-60f8-49f2-b2a3-f63e1f934942@group-58A987F56150-LeaderElection59] INFO  impl.LeaderElection (LeaderElection.java:logAndReturn(56)) - 327657b1-60f8-49f2-b2a3-f63e1f934942@group-58A987F56150-LeaderElection59: Election REJECTED; received 2 response(s) [327657b1-60f8-49f2-b2a3-f63e1f934942<-6605b8a5-570b-4977-9ee7-6aaf3012bed5#0:FAIL-t62, 327657b1-60f8-49f2-b2a3-f63e1f934942<-ddd4789c-894d-475a-bbfb-f6e7aa670c92#0:FAIL-t62] and 0 exception(s); 327657b1-60f8-49f2-b2a3-f63e1f934942@group-58A987F56150:t62, leader=null, voted=327657b1-60f8-49f2-b2a3-f63e1f934942, raftlog=327657b1-60f8-49f2-b2a3-f63e1f934942@group-58A987F56150-SegmentedRaftLog:OPENED:c-1,f-1,i0, conf=-1: [6605b8a5-570b-4977-9ee7-6aaf3012bed5:192.168.164.233:35223, 327657b1-60f8-49f2-b2a3-f63e1f934942:192.168.164.233:41966, ddd4789c-894d-475a-bbfb-f6e7aa670c92:192.168.164.233:41061], old=null
2019-10-18 14:58:06,983 [327657b1-60f8-49f2-b2a3-f63e1f934942@group-58A987F56150-LeaderElection59] INFO  impl.RaftServerImpl (RaftServerImpl.java:setRole(184)) - 327657b1-60f8-49f2-b2a3-f63e1f934942@group-58A987F56150: changes role from CANDIDATE to FOLLOWER at term 62 for DISCOVERED_A_NEW_TERM
2019-10-18 14:58:06,984 [327657b1-60f8-49f2-b2a3-f63e1f934942@group-58A987F56150-LeaderElection59] INFO  impl.RoleInfo (RoleInfo.java:shutdownLeaderElection(134)) - 327657b1-60f8-49f2-b2a3-f63e1f934942: shutdown LeaderElection
2019-10-18 14:58:06,984 [327657b1-60f8-49f2-b2a3-f63e1f934942@group-58A987F56150-LeaderElection59] INFO  impl.RoleInfo (RoleInfo.java:updateAndGet(143)) - 327657b1-60f8-49f2-b2a3-f63e1f934942: start FollowerState
2019-10-18 14:58:07,080 [Thread-614] INFO  impl.FollowerState (FollowerState.java:run(108)) - 327657b1-60f8-49f2-b2a3-f63e1f934942@group-58A987F56150-FollowerState: change to CANDIDATE, lastRpcTime:90ms, electionTimeout:90ms
2019-10-18 14:58:07,080 [Thread-614] INFO  impl.RoleInfo (RoleInfo.java:shutdownFollowerState(121)) - 327657b1-60f8-49f2-b2a3-f63e1f934942: shutdown FollowerState
2019-10-18 14:58:07,080 [Thread-614] INFO  impl.RaftServerImpl (RaftServerImpl.java:setRole(184)) - 327657b1-60f8-49f2-b2a3-f63e1f934942@group-58A987F56150: changes role from  FOLLOWER to CANDIDATE at term 62 for changeToCandidate
2019-10-18 14:58:07,081 [Thread-614] INFO  impl.RoleInfo (RoleInfo.java:updateAndGet(143)) - 327657b1-60f8-49f2-b2a3-f63e1f934942: start LeaderElection
2019-10-18 14:58:07,106 [327657b1-60f8-49f2-b2a3-f63e1f934942@group-58A987F56150-LeaderElection60] INFO  impl.LeaderElection (LeaderElection.java:askForVotes(178)) - 327657b1-60f8-49f2-b2a3-f63e1f934942@group-58A987F56150-LeaderElection60: begin an election at term 63 for -1: [6605b8a5-570b-4977-9ee7-6aaf3012bed5:192.168.164.233:35223, 327657b1-60f8-49f2-b2a3-f63e1f934942:192.168.164.233:41966, ddd4789c-894d-475a-bbfb-f6e7aa670c92:192.168.164.233:41061], old=null
2019-10-18 14:58:07,109 [grpc-default-executor-3] INFO  impl.RaftServerImpl (RaftServerImpl.java:setRole(184)) - 6605b8a5-570b-4977-9ee7-6aaf3012bed5@group-58A987F56150: changes role from  FOLLOWER to FOLLOWER at term 63 for recognizeCandidate:327657b1-60f8-49f2-b2a3-f63e1f934942
2019-10-18 14:58:07,109 [grpc-default-executor-3] INFO  impl.RoleInfo (RoleInfo.java:shutdownFollowerState(121)) - 6605b8a5-570b-4977-9ee7-6aaf3012bed5: shutdown FollowerState
2019-10-18 14:58:07,109 [grpc-default-executor-2] INFO  impl.RaftServerImpl (RaftServerImpl.java:setRole(184)) - ddd4789c-894d-475a-bbfb-f6e7aa670c92@group-58A987F56150: changes role from  FOLLOWER to FOLLOWER at term 63 for recognizeCandidate:327657b1-60f8-49f2-b2a3-f63e1f934942
2019-10-18 14:58:07,109 [grpc-default-executor-3] INFO  impl.RoleInfo (RoleInfo.java:updateAndGet(143)) - 6605b8a5-570b-4977-9ee7-6aaf3012bed5: start FollowerState
2019-10-18 14:58:07,109 [Thread-612] INFO  impl.FollowerState (FollowerState.java:run(117)) - 6605b8a5-570b-4977-9ee7-6aaf3012bed5@group-58A987F56150-FollowerState was interrupted: java.lang.InterruptedException: sleep interrupted
2019-10-18 14:58:07,109 [grpc-default-executor-2] INFO  impl.RoleInfo (RoleInfo.java:shutdownFollowerState(121)) - ddd4789c-894d-475a-bbfb-f6e7aa670c92: shutdown FollowerState
2019-10-18 14:58:07,110 [grpc-default-executor-2] INFO  impl.RoleInfo (RoleInfo.java:updateAndGet(143)) - ddd4789c-894d-475a-bbfb-f6e7aa670c92: start FollowerState
2019-10-18 14:58:07,110 [Thread-613] INFO  impl.FollowerState (FollowerState.java:run(117)) - ddd4789c-894d-475a-bbfb-f6e7aa670c92@group-58A987F56150-FollowerState was interrupted: java.lang.InterruptedException: sleep interrupted
2019-10-18 14:58:07,124 [327657b1-60f8-49f2-b2a3-f63e1f934942@group-58A987F56150-LeaderElection60] INFO  impl.LeaderElection (LeaderElection.java:logAndReturn(56)) - 327657b1-60f8-49f2-b2a3-f63e1f934942@group-58A987F56150-LeaderElection60: Election REJECTED; received 2 response(s) [327657b1-60f8-49f2-b2a3-f63e1f934942<-6605b8a5-570b-4977-9ee7-6aaf3012bed5#0:FAIL-t63, 327657b1-60f8-49f2-b2a3-f63e1f934942<-ddd4789c-894d-475a-bbfb-f6e7aa670c92#0:FAIL-t63] and 0 exception(s); 327657b1-60f8-49f2-b2a3-f63e1f934942@group-58A987F56150:t63, leader=null, voted=327657b1-60f8-49f2-b2a3-f63e1f934942, raftlog=327657b1-60f8-49f2-b2a3-f63e1f934942@group-58A987F56150-SegmentedRaftLog:OPENED:c-1,f-1,i0, conf=-1: [6605b8a5-570b-4977-9ee7-6aaf3012bed5:192.168.164.233:35223, 327657b1-60f8-49f2-b2a3-f63e1f934942:192.168.164.233:41966, ddd4789c-894d-475a-bbfb-f6e7aa670c92:192.168.164.233:41061], old=null
2019-10-18 14:58:07,125 [327657b1-60f8-49f2-b2a3-f63e1f934942@group-58A987F56150-LeaderElection60] INFO  impl.RaftServerImpl (RaftServerImpl.java:setRole(184)) - 327657b1-60f8-49f2-b2a3-f63e1f934942@group-58A987F56150: changes role from CANDIDATE to FOLLOWER at term 63 for DISCOVERED_A_NEW_TERM
2019-10-18 14:58:07,125 [327657b1-60f8-49f2-b2a3-f63e1f934942@group-58A987F56150-LeaderElection60] INFO  impl.RoleInfo (RoleInfo.java:shutdownLeaderElection(134)) - 327657b1-60f8-49f2-b2a3-f63e1f934942: shutdown LeaderElection
2019-10-18 14:58:07,125 [327657b1-60f8-49f2-b2a3-f63e1f934942@group-58A987F56150-LeaderElection60] INFO  impl.RoleInfo (RoleInfo.java:updateAndGet(143)) - 327657b1-60f8-49f2-b2a3-f63e1f934942: start FollowerState
2019-10-18 14:58:07,305 [Thread-620] INFO  impl.FollowerState (FollowerState.java:run(108)) - 327657b1-60f8-49f2-b2a3-f63e1f934942@group-58A987F56150-FollowerState: change to CANDIDATE, lastRpcTime:180ms, electionTimeout:180ms
2019-10-18 14:58:07,306 [Thread-620] INFO  impl.RoleInfo (RoleInfo.java:shutdownFollowerState(121)) - 327657b1-60f8-49f2-b2a3-f63e1f934942: shutdown FollowerState
2019-10-18 14:58:07,306 [Thread-620] INFO  impl.RaftServerImpl (RaftServerImpl.java:setRole(184)) - 327657b1-60f8-49f2-b2a3-f63e1f934942@group-58A987F56150: changes role from  FOLLOWER to CANDIDATE at term 63 for changeToCandidate
2019-10-18 14:58:07,306 [Thread-620] INFO  impl.RoleInfo (RoleInfo.java:updateAndGet(143)) - 327657b1-60f8-49f2-b2a3-f63e1f934942: start LeaderElection
2019-10-18 14:58:07,319 [327657b1-60f8-49f2-b2a3-f63e1f934942@group-58A987F56150-LeaderElection61] INFO  impl.LeaderElection (LeaderElection.java:askForVotes(178)) - 327657b1-60f8-49f2-b2a3-f63e1f934942@group-58A987F56150-LeaderElection61: begin an election at term 64 for -1: [6605b8a5-570b-4977-9ee7-6aaf3012bed5:192.168.164.233:35223, 327657b1-60f8-49f2-b2a3-f63e1f934942:192.168.164.233:41966, ddd4789c-894d-475a-bbfb-f6e7aa670c92:192.168.164.233:41061], old=null
2019-10-18 14:58:07,321 [grpc-default-executor-2] INFO  impl.RaftServerImpl (RaftServerImpl.java:setRole(184)) - 6605b8a5-570b-4977-9ee7-6aaf3012bed5@group-58A987F56150: changes role from  FOLLOWER to FOLLOWER at term 64 for recognizeCandidate:327657b1-60f8-49f2-b2a3-f63e1f934942
2019-10-18 14:58:07,321 [grpc-default-executor-2] INFO  impl.RoleInfo (RoleInfo.java:shutdownFollowerState(121)) - 6605b8a5-570b-4977-9ee7-6aaf3012bed5: shutdown FollowerState
2019-10-18 14:58:07,321 [grpc-default-executor-3] INFO  impl.RaftServerImpl (RaftServerImpl.java:setRole(184)) - ddd4789c-894d-475a-bbfb-f6e7aa670c92@group-58A987F56150: changes role from  FOLLOWER to FOLLOWER at term 64 for recognizeCandidate:327657b1-60f8-49f2-b2a3-f63e1f934942
2019-10-18 14:58:07,322 [grpc-default-executor-3] INFO  impl.RoleInfo (RoleInfo.java:shutdownFollowerState(121)) - ddd4789c-894d-475a-bbfb-f6e7aa670c92: shutdown FollowerState
2019-10-18 14:58:07,322 [Thread-618] INFO  impl.FollowerState (FollowerState.java:run(117)) - 6605b8a5-570b-4977-9ee7-6aaf3012bed5@group-58A987F56150-FollowerState was interrupted: java.lang.InterruptedException: sleep interrupted
2019-10-18 14:58:07,322 [grpc-default-executor-2] INFO  impl.RoleInfo (RoleInfo.java:updateAndGet(143)) - 6605b8a5-570b-4977-9ee7-6aaf3012bed5: start FollowerState
2019-10-18 14:58:07,322 [Thread-619] INFO  impl.FollowerState (FollowerState.java:run(117)) - ddd4789c-894d-475a-bbfb-f6e7aa670c92@group-58A987F56150-FollowerState was interrupted: java.lang.InterruptedException: sleep interrupted
2019-10-18 14:58:07,322 [grpc-default-executor-3] INFO  impl.RoleInfo (RoleInfo.java:updateAndGet(143)) - ddd4789c-894d-475a-bbfb-f6e7aa670c92: start FollowerState
2019-10-18 14:58:07,327 [327657b1-60f8-49f2-b2a3-f63e1f934942@group-58A987F56150-LeaderElection61] INFO  impl.LeaderElection (LeaderElection.java:logAndReturn(56)) - 327657b1-60f8-49f2-b2a3-f63e1f934942@group-58A987F56150-LeaderElection61: Election TIMEOUT; received 0 response(s) [] and 0 exception(s); 327657b1-60f8-49f2-b2a3-f63e1f934942@group-58A987F56150:t64, leader=null, voted=327657b1-60f8-49f2-b2a3-f63e1f934942, raftlog=327657b1-60f8-49f2-b2a3-f63e1f934942@group-58A987F56150-SegmentedRaftLog:OPENED:c-1,f-1,i0, conf=-1: [6605b8a5-570b-4977-9ee7-6aaf3012bed5:192.168.164.233:35223, 327657b1-60f8-49f2-b2a3-f63e1f934942:192.168.164.233:41966, ddd4789c-894d-475a-bbfb-f6e7aa670c92:192.168.164.233:41061], old=null
2019-10-18 14:58:07,336 [327657b1-60f8-49f2-b2a3-f63e1f934942@group-58A987F56150-LeaderElection61] INFO  impl.LeaderElection (LeaderElection.java:askForVotes(178)) - 327657b1-60f8-49f2-b2a3-f63e1f934942@group-58A987F56150-LeaderElection61: begin an election at term 65 for -1: [6605b8a5-570b-4977-9ee7-6aaf3012bed5:192.168.164.233:35223, 327657b1-60f8-49f2-b2a3-f63e1f934942:192.168.164.233:41966, ddd4789c-894d-475a-bbfb-f6e7aa670c92:192.168.164.233:41061], old=null
2019-10-18 14:58:07,338 [grpc-default-executor-3] INFO  impl.RaftServerImpl (RaftServerImpl.java:setRole(184)) - 6605b8a5-570b-4977-9ee7-6aaf3012bed5@group-58A987F56150: changes role from  FOLLOWER to FOLLOWER at term 65 for recognizeCandidate:327657b1-60f8-49f2-b2a3-f63e1f934942
2019-10-18 14:58:07,338 [grpc-default-executor-3] INFO  impl.RoleInfo (RoleInfo.java:shutdownFollowerState(121)) - 6605b8a5-570b-4977-9ee7-6aaf3012bed5: shutdown FollowerState
2019-10-18 14:58:07,338 [grpc-default-executor-2] INFO  impl.RaftServerImpl (RaftServerImpl.java:setRole(184)) - ddd4789c-894d-475a-bbfb-f6e7aa670c92@group-58A987F56150: changes role from  FOLLOWER to FOLLOWER at term 65 for recognizeCandidate:327657b1-60f8-49f2-b2a3-f63e1f934942
2019-10-18 14:58:07,338 [Thread-624] INFO  impl.FollowerState (FollowerState.java:run(117)) - 6605b8a5-570b-4977-9ee7-6aaf3012bed5@group-58A987F56150-FollowerState was interrupted: java.lang.InterruptedException: sleep interrupted
2019-10-18 14:58:07,338 [grpc-default-executor-3] INFO  impl.RoleInfo (RoleInfo.java:updateAndGet(143)) - 6605b8a5-570b-4977-9ee7-6aaf3012bed5: start FollowerState
2019-10-18 14:58:07,338 [grpc-default-executor-2] INFO  impl.RoleInfo (RoleInfo.java:shutdownFollowerState(121)) - ddd4789c-894d-475a-bbfb-f6e7aa670c92: shutdown FollowerState
2019-10-18 14:58:07,339 [grpc-default-executor-2] INFO  impl.RoleInfo (RoleInfo.java:updateAndGet(143)) - ddd4789c-894d-475a-bbfb-f6e7aa670c92: start FollowerState
2019-10-18 14:58:07,339 [Thread-625] INFO  impl.FollowerState (FollowerState.java:run(117)) - ddd4789c-894d-475a-bbfb-f6e7aa670c92@group-58A987F56150-FollowerState was interrupted: java.lang.InterruptedException: sleep interrupted
2019-10-18 14:58:07,353 [327657b1-60f8-49f2-b2a3-f63e1f934942@group-58A987F56150-LeaderElection61] INFO  impl.LeaderElection (LeaderElection.java:logAndReturn(56)) - 327657b1-60f8-49f2-b2a3-f63e1f934942@group-58A987F56150-LeaderElection61: Election REJECTED; received 2 response(s) [327657b1-60f8-49f2-b2a3-f63e1f934942<-6605b8a5-570b-4977-9ee7-6aaf3012bed5#0:FAIL-t65, 327657b1-60f8-49f2-b2a3-f63e1f934942<-ddd4789c-894d-475a-bbfb-f6e7aa670c92#0:FAIL-t65] and 0 exception(s); 327657b1-60f8-49f2-b2a3-f63e1f934942@group-58A987F56150:t65, leader=null, voted=327657b1-60f8-49f2-b2a3-f63e1f934942, raftlog=327657b1-60f8-49f2-b2a3-f63e1f934942@group-58A987F56150-SegmentedRaftLog:OPENED:c-1,f-1,i0, conf=-1: [6605b8a5-570b-4977-9ee7-6aaf3012bed5:192.168.164.233:35223, 327657b1-60f8-49f2-b2a3-f63e1f934942:192.168.164.233:41966, ddd4789c-894d-475a-bbfb-f6e7aa670c92:192.168.164.233:41061], old=null
2019-10-18 14:58:07,353 [327657b1-60f8-49f2-b2a3-f63e1f934942@group-58A987F56150-LeaderElection61] INFO  impl.RaftServerImpl (RaftServerImpl.java:setRole(184)) - 327657b1-60f8-49f2-b2a3-f63e1f934942@group-58A987F56150: changes role from CANDIDATE to FOLLOWER at term 65 for DISCOVERED_A_NEW_TERM
2019-10-18 14:58:07,353 [327657b1-60f8-49f2-b2a3-f63e1f934942@group-58A987F56150-LeaderElection61] INFO  impl.RoleInfo (RoleInfo.java:shutdownLeaderElection(134)) - 327657b1-60f8-49f2-b2a3-f63e1f934942: shutdown LeaderElection
2019-10-18 14:58:07,353 [327657b1-60f8-49f2-b2a3-f63e1f934942@group-58A987F56150-LeaderElection61] INFO  impl.RoleInfo (RoleInfo.java:updateAndGet(143)) - 327657b1-60f8-49f2-b2a3-f63e1f934942: start FollowerState
2019-10-18 14:58:07,381 [Thread-630] INFO  impl.FollowerState (FollowerState.java:run(108)) - 327657b1-60f8-49f2-b2a3-f63e1f934942@group-58A987F56150-FollowerState: change to CANDIDATE, lastRpcTime:27ms, electionTimeout:27ms
2019-10-18 14:58:07,381 [Thread-630] INFO  impl.RoleInfo (RoleInfo.java:shutdownFollowerState(121)) - 327657b1-60f8-49f2-b2a3-f63e1f934942: shutdown FollowerState
2019-10-18 14:58:07,381 [Thread-630] INFO  impl.RaftServerImpl (RaftServerImpl.java:setRole(184)) - 327657b1-60f8-49f2-b2a3-f63e1f934942@group-58A987F56150: changes role from  FOLLOWER to CANDIDATE at term 65 for changeToCandidate
2019-10-18 14:58:07,381 [Thread-630] INFO  impl.RoleInfo (RoleInfo.java:updateAndGet(143)) - 327657b1-60f8-49f2-b2a3-f63e1f934942: start LeaderElection
2019-10-18 14:58:07,395 [327657b1-60f8-49f2-b2a3-f63e1f934942@group-58A987F56150-LeaderElection62] INFO  impl.LeaderElection (LeaderElection.java:askForVotes(178)) - 327657b1-60f8-49f2-b2a3-f63e1f934942@group-58A987F56150-LeaderElection62: begin an election at term 66 for -1: [6605b8a5-570b-4977-9ee7-6aaf3012bed5:192.168.164.233:35223, 327657b1-60f8-49f2-b2a3-f63e1f934942:192.168.164.233:41966, ddd4789c-894d-475a-bbfb-f6e7aa670c92:192.168.164.233:41061], old=null
2019-10-18 14:58:07,398 [grpc-default-executor-3] INFO  impl.RaftServerImpl (RaftServerImpl.java:setRole(184)) - 6605b8a5-570b-4977-9ee7-6aaf3012bed5@group-58A987F56150: changes role from  FOLLOWER to FOLLOWER at term 66 for recognizeCandidate:327657b1-60f8-49f2-b2a3-f63e1f934942
2019-10-18 14:58:07,398 [grpc-default-executor-3] INFO  impl.RoleInfo (RoleInfo.java:shutdownFollowerState(121)) - 6605b8a5-570b-4977-9ee7-6aaf3012bed5: shutdown FollowerState
2019-10-18 14:58:07,398 [grpc-default-executor-3] INFO  impl.RoleInfo (RoleInfo.java:updateAndGet(143)) - 6605b8a5-570b-4977-9ee7-6aaf3012bed5: start FollowerState
2019-10-18 14:58:07,398 [Thread-628] INFO  impl.FollowerState (FollowerState.java:run(117)) - 6605b8a5-570b-4977-9ee7-6aaf3012bed5@group-58A987F56150-FollowerState was interrupted: java.lang.InterruptedException: sleep interrupted
2019-10-18 14:58:07,398 [grpc-default-executor-2] INFO  impl.RaftServerImpl (RaftServerImpl.java:setRole(184)) - ddd4789c-894d-475a-bbfb-f6e7aa670c92@group-58A987F56150: changes role from  FOLLOWER to FOLLOWER at term 66 for recognizeCandidate:327657b1-60f8-49f2-b2a3-f63e1f934942
2019-10-18 14:58:07,399 [grpc-default-executor-2] INFO  impl.RoleInfo (RoleInfo.java:shutdownFollowerState(121)) - ddd4789c-894d-475a-bbfb-f6e7aa670c92: shutdown FollowerState
2019-10-18 14:58:07,399 [grpc-default-executor-2] INFO  impl.RoleInfo (RoleInfo.java:updateAndGet(143)) - ddd4789c-894d-475a-bbfb-f6e7aa670c92: start FollowerState
2019-10-18 14:58:07,399 [Thread-629] INFO  impl.FollowerState (FollowerState.java:run(117)) - ddd4789c-894d-475a-bbfb-f6e7aa670c92@group-58A987F56150-FollowerState was interrupted: java.lang.InterruptedException: sleep interrupted
2019-10-18 14:58:07,413 [327657b1-60f8-49f2-b2a3-f63e1f934942@group-58A987F56150-LeaderElection62] INFO  impl.LeaderElection (LeaderElection.java:logAndReturn(56)) - 327657b1-60f8-49f2-b2a3-f63e1f934942@group-58A987F56150-LeaderElection62: Election REJECTED; received 2 response(s) [327657b1-60f8-49f2-b2a3-f63e1f934942<-6605b8a5-570b-4977-9ee7-6aaf3012bed5#0:FAIL-t66, 327657b1-60f8-49f2-b2a3-f63e1f934942<-ddd4789c-894d-475a-bbfb-f6e7aa670c92#0:FAIL-t66] and 0 exception(s); 327657b1-60f8-49f2-b2a3-f63e1f934942@group-58A987F56150:t66, leader=null, voted=327657b1-60f8-49f2-b2a3-f63e1f934942, raftlog=327657b1-60f8-49f2-b2a3-f63e1f934942@group-58A987F56150-SegmentedRaftLog:OPENED:c-1,f-1,i0, conf=-1: [6605b8a5-570b-4977-9ee7-6aaf3012bed5:192.168.164.233:35223, 327657b1-60f8-49f2-b2a3-f63e1f934942:192.168.164.233:41966, ddd4789c-894d-475a-bbfb-f6e7aa670c92:192.168.164.233:41061], old=null
2019-10-18 14:58:07,413 [327657b1-60f8-49f2-b2a3-f63e1f934942@group-58A987F56150-LeaderElection62] INFO  impl.RaftServerImpl (RaftServerImpl.java:setRole(184)) - 327657b1-60f8-49f2-b2a3-f63e1f934942@group-58A987F56150: changes role from CANDIDATE to FOLLOWER at term 66 for DISCOVERED_A_NEW_TERM
2019-10-18 14:58:07,413 [327657b1-60f8-49f2-b2a3-f63e1f934942@group-58A987F56150-LeaderElection62] INFO  impl.RoleInfo (RoleInfo.java:shutdownLeaderElection(134)) - 327657b1-60f8-49f2-b2a3-f63e1f934942: shutdown LeaderElection
2019-10-18 14:58:07,413 [327657b1-60f8-49f2-b2a3-f63e1f934942@group-58A987F56150-LeaderElection62] INFO  impl.RoleInfo (RoleInfo.java:updateAndGet(143)) - 327657b1-60f8-49f2-b2a3-f63e1f934942: start FollowerState
2019-10-18 14:58:07,539 [Thread-636] INFO  impl.FollowerState (FollowerState.java:run(108)) - 327657b1-60f8-49f2-b2a3-f63e1f934942@group-58A987F56150-FollowerState: change to CANDIDATE, lastRpcTime:125ms, electionTimeout:125ms
2019-10-18 14:58:07,539 [Thread-636] INFO  impl.RoleInfo (RoleInfo.java:shutdownFollowerState(121)) - 327657b1-60f8-49f2-b2a3-f63e1f934942: shutdown FollowerState
2019-10-18 14:58:07,539 [Thread-636] INFO  impl.RaftServerImpl (RaftServerImpl.java:setRole(184)) - 327657b1-60f8-49f2-b2a3-f63e1f934942@group-58A987F56150: changes role from  FOLLOWER to CANDIDATE at term 66 for changeToCandidate
2019-10-18 14:58:07,539 [Thread-636] INFO  impl.RoleInfo (RoleInfo.java:updateAndGet(143)) - 327657b1-60f8-49f2-b2a3-f63e1f934942: start LeaderElection
2019-10-18 14:58:07,552 [327657b1-60f8-49f2-b2a3-f63e1f934942@group-58A987F56150-LeaderElection63] INFO  impl.LeaderElection (LeaderElection.java:askForVotes(178)) - 327657b1-60f8-49f2-b2a3-f63e1f934942@group-58A987F56150-LeaderElection63: begin an election at term 67 for -1: [6605b8a5-570b-4977-9ee7-6aaf3012bed5:192.168.164.233:35223, 327657b1-60f8-49f2-b2a3-f63e1f934942:192.168.164.233:41966, ddd4789c-894d-475a-bbfb-f6e7aa670c92:192.168.164.233:41061], old=null
2019-10-18 14:58:07,555 [grpc-default-executor-3] INFO  impl.RaftServerImpl (RaftServerImpl.java:setRole(184)) - 6605b8a5-570b-4977-9ee7-6aaf3012bed5@group-58A987F56150: changes role from  FOLLOWER to FOLLOWER at term 67 for recognizeCandidate:327657b1-60f8-49f2-b2a3-f63e1f934942
2019-10-18 14:58:07,556 [grpc-default-executor-2] INFO  impl.RaftServerImpl (RaftServerImpl.java:setRole(184)) - ddd4789c-894d-475a-bbfb-f6e7aa670c92@group-58A987F56150: changes role from  FOLLOWER to FOLLOWER at term 67 for recognizeCandidate:327657b1-60f8-49f2-b2a3-f63e1f934942
2019-10-18 14:58:07,556 [grpc-default-executor-3] INFO  impl.RoleInfo (RoleInfo.java:shutdownFollowerState(121)) - 6605b8a5-570b-4977-9ee7-6aaf3012bed5: shutdown FollowerState
2019-10-18 14:58:07,556 [grpc-default-executor-2] INFO  impl.RoleInfo (RoleInfo.java:shutdownFollowerState(121)) - ddd4789c-894d-475a-bbfb-f6e7aa670c92: shutdown FollowerState
2019-10-18 14:58:07,556 [grpc-default-executor-3] INFO  impl.RoleInfo (RoleInfo.java:updateAndGet(143)) - 6605b8a5-570b-4977-9ee7-6aaf3012bed5: start FollowerState
2019-10-18 14:58:07,556 [Thread-634] INFO  impl.FollowerState (FollowerState.java:run(117)) - 6605b8a5-570b-4977-9ee7-6aaf3012bed5@group-58A987F56150-FollowerState was interrupted: java.lang.InterruptedException: sleep interrupted
2019-10-18 14:58:07,556 [Thread-635] INFO  impl.FollowerState (FollowerState.java:run(117)) - ddd4789c-894d-475a-bbfb-f6e7aa670c92@group-58A987F56150-FollowerState was interrupted: java.lang.InterruptedException: sleep interrupted
2019-10-18 14:58:07,556 [grpc-default-executor-2] INFO  impl.RoleInfo (RoleInfo.java:updateAndGet(143)) - ddd4789c-894d-475a-bbfb-f6e7aa670c92: start FollowerState
2019-10-18 14:58:07,572 [327657b1-60f8-49f2-b2a3-f63e1f934942@group-58A987F56150-LeaderElection63] INFO  impl.LeaderElection (LeaderElection.java:logAndReturn(56)) - 327657b1-60f8-49f2-b2a3-f63e1f934942@group-58A987F56150-LeaderElection63: Election TIMEOUT; received 0 response(s) [] and 0 exception(s); 327657b1-60f8-49f2-b2a3-f63e1f934942@group-58A987F56150:t67, leader=null, voted=327657b1-60f8-49f2-b2a3-f63e1f934942, raftlog=327657b1-60f8-49f2-b2a3-f63e1f934942@group-58A987F56150-SegmentedRaftLog:OPENED:c-1,f-1,i0, conf=-1: [6605b8a5-570b-4977-9ee7-6aaf3012bed5:192.168.164.233:35223, 327657b1-60f8-49f2-b2a3-f63e1f934942:192.168.164.233:41966, ddd4789c-894d-475a-bbfb-f6e7aa670c92:192.168.164.233:41061], old=null
2019-10-18 14:58:07,585 [327657b1-60f8-49f2-b2a3-f63e1f934942@group-58A987F56150-LeaderElection63] INFO  impl.LeaderElection (LeaderElection.java:askForVotes(178)) - 327657b1-60f8-49f2-b2a3-f63e1f934942@group-58A987F56150-LeaderElection63: begin an election at term 68 for -1: [6605b8a5-570b-4977-9ee7-6aaf3012bed5:192.168.164.233:35223, 327657b1-60f8-49f2-b2a3-f63e1f934942:192.168.164.233:41966, ddd4789c-894d-475a-bbfb-f6e7aa670c92:192.168.164.233:41061], old=null
2019-10-18 14:58:07,587 [grpc-default-executor-3] INFO  impl.RaftServerImpl (RaftServerImpl.java:setRole(184)) - 6605b8a5-570b-4977-9ee7-6aaf3012bed5@group-58A987F56150: changes role from  FOLLOWER to FOLLOWER at term 68 for recognizeCandidate:327657b1-60f8-49f2-b2a3-f63e1f934942
2019-10-18 14:58:07,587 [grpc-default-executor-2] INFO  impl.RaftServerImpl (RaftServerImpl.java:setRole(184)) - ddd4789c-894d-475a-bbfb-f6e7aa670c92@group-58A987F56150: changes role from  FOLLOWER to FOLLOWER at term 68 for recognizeCandidate:327657b1-60f8-49f2-b2a3-f63e1f934942
2019-10-18 14:58:07,587 [grpc-default-executor-3] INFO  impl.RoleInfo (RoleInfo.java:shutdownFollowerState(121)) - 6605b8a5-570b-4977-9ee7-6aaf3012bed5: shutdown FollowerState
2019-10-18 14:58:07,588 [grpc-default-executor-2] INFO  impl.RoleInfo (RoleInfo.java:shutdownFollowerState(121)) - ddd4789c-894d-475a-bbfb-f6e7aa670c92: shutdown FollowerState
2019-10-18 14:58:07,588 [Thread-642] INFO  impl.FollowerState (FollowerState.java:run(117)) - 6605b8a5-570b-4977-9ee7-6aaf3012bed5@group-58A987F56150-FollowerState was interrupted: java.lang.InterruptedException: sleep interrupted
2019-10-18 14:58:07,588 [grpc-default-executor-3] INFO  impl.RoleInfo (RoleInfo.java:updateAndGet(143)) - 6605b8a5-570b-4977-9ee7-6aaf3012bed5: start FollowerState
2019-10-18 14:58:07,588 [Thread-643] INFO  impl.FollowerState (FollowerState.java:run(117)) - ddd4789c-894d-475a-bbfb-f6e7aa670c92@group-58A987F56150-FollowerState was interrupted: java.lang.InterruptedException: sleep interrupted
2019-10-18 14:58:07,588 [grpc-default-executor-2] INFO  impl.RoleInfo (RoleInfo.java:updateAndGet(143)) - ddd4789c-894d-475a-bbfb-f6e7aa670c92: start FollowerState
2019-10-18 14:58:07,603 [327657b1-60f8-49f2-b2a3-f63e1f934942@group-58A987F56150-LeaderElection63] INFO  impl.LeaderElection (LeaderElection.java:logAndReturn(56)) - 327657b1-60f8-49f2-b2a3-f63e1f934942@group-58A987F56150-LeaderElection63: Election REJECTED; received 2 response(s) [327657b1-60f8-49f2-b2a3-f63e1f934942<-6605b8a5-570b-4977-9ee7-6aaf3012bed5#0:FAIL-t68, 327657b1-60f8-49f2-b2a3-f63e1f934942<-ddd4789c-894d-475a-bbfb-f6e7aa670c92#0:FAIL-t68] and 0 exception(s); 327657b1-60f8-49f2-b2a3-f63e1f934942@group-58A987F56150:t68, leader=null, voted=327657b1-60f8-49f2-b2a3-f63e1f934942, raftlog=327657b1-60f8-49f2-b2a3-f63e1f934942@group-58A987F56150-SegmentedRaftLog:OPENED:c-1,f-1,i0, conf=-1: [6605b8a5-570b-4977-9ee7-6aaf3012bed5:192.168.164.233:35223, 327657b1-60f8-49f2-b2a3-f63e1f934942:192.168.164.233:41966, ddd4789c-894d-475a-bbfb-f6e7aa670c92:192.168.164.233:41061], old=null
2019-10-18 14:58:07,603 [327657b1-60f8-49f2-b2a3-f63e1f934942@group-58A987F56150-LeaderElection63] INFO  impl.RaftServerImpl (RaftServerImpl.java:setRole(184)) - 327657b1-60f8-49f2-b2a3-f63e1f934942@group-58A987F56150: changes role from CANDIDATE to FOLLOWER at term 68 for DISCOVERED_A_NEW_TERM
2019-10-18 14:58:07,603 [327657b1-60f8-49f2-b2a3-f63e1f934942@group-58A987F56150-LeaderElection63] INFO  impl.RoleInfo (RoleInfo.java:shutdownLeaderElection(134)) - 327657b1-60f8-49f2-b2a3-f63e1f934942: shutdown LeaderElection
2019-10-18 14:58:07,603 [327657b1-60f8-49f2-b2a3-f63e1f934942@group-58A987F56150-LeaderElection63] INFO  impl.RoleInfo (RoleInfo.java:updateAndGet(143)) - 327657b1-60f8-49f2-b2a3-f63e1f934942: start FollowerState
2019-10-18 14:58:07,743 [Thread-648] INFO  impl.FollowerState (FollowerState.java:run(108)) - 327657b1-60f8-49f2-b2a3-f63e1f934942@group-58A987F56150-FollowerState: change to CANDIDATE, lastRpcTime:139ms, electionTimeout:139ms
2019-10-18 14:58:07,743 [Thread-648] INFO  impl.RoleInfo (RoleInfo.java:shutdownFollowerState(121)) - 327657b1-60f8-49f2-b2a3-f63e1f934942: shutdown FollowerState
2019-10-18 14:58:07,743 [Thread-648] INFO  impl.RaftServerImpl (RaftServerImpl.java:setRole(184)) - 327657b1-60f8-49f2-b2a3-f63e1f934942@group-58A987F56150: changes role from  FOLLOWER to CANDIDATE at term 68 for changeToCandidate
2019-10-18 14:58:07,743 [Thread-648] INFO  impl.RoleInfo (RoleInfo.java:updateAndGet(143)) - 327657b1-60f8-49f2-b2a3-f63e1f934942: start LeaderElection
2019-10-18 14:58:07,756 [327657b1-60f8-49f2-b2a3-f63e1f934942@group-58A987F56150-LeaderElection64] INFO  impl.LeaderElection (LeaderElection.java:askForVotes(178)) - 327657b1-60f8-49f2-b2a3-f63e1f934942@group-58A987F56150-LeaderElection64: begin an election at term 69 for -1: [6605b8a5-570b-4977-9ee7-6aaf3012bed5:192.168.164.233:35223, 327657b1-60f8-49f2-b2a3-f63e1f934942:192.168.164.233:41966, ddd4789c-894d-475a-bbfb-f6e7aa670c92:192.168.164.233:41061], old=null
2019-10-18 14:58:07,759 [grpc-default-executor-2] INFO  impl.RaftServerImpl (RaftServerImpl.java:setRole(184)) - ddd4789c-894d-475a-bbfb-f6e7aa670c92@group-58A987F56150: changes role from  FOLLOWER to FOLLOWER at term 69 for recognizeCandidate:327657b1-60f8-49f2-b2a3-f63e1f934942
2019-10-18 14:58:07,759 [grpc-default-executor-3] INFO  impl.RaftServerImpl (RaftServerImpl.java:setRole(184)) - 6605b8a5-570b-4977-9ee7-6aaf3012bed5@group-58A987F56150: changes role from  FOLLOWER to FOLLOWER at term 69 for recognizeCandidate:327657b1-60f8-49f2-b2a3-f63e1f934942
2019-10-18 14:58:07,759 [grpc-default-executor-2] INFO  impl.RoleInfo (RoleInfo.java:shutdownFollowerState(121)) - ddd4789c-894d-475a-bbfb-f6e7aa670c92: shutdown FollowerState
2019-10-18 14:58:07,760 [grpc-default-executor-3] INFO  impl.RoleInfo (RoleInfo.java:shutdownFollowerState(121)) - 6605b8a5-570b-4977-9ee7-6aaf3012bed5: shutdown FollowerState
2019-10-18 14:58:07,760 [Thread-647] INFO  impl.FollowerState (FollowerState.java:run(117)) - ddd4789c-894d-475a-bbfb-f6e7aa670c92@group-58A987F56150-FollowerState was interrupted: java.lang.InterruptedException: sleep interrupted
2019-10-18 14:58:07,760 [grpc-default-executor-2] INFO  impl.RoleInfo (RoleInfo.java:updateAndGet(143)) - ddd4789c-894d-475a-bbfb-f6e7aa670c92: start FollowerState
2019-10-18 14:58:07,760 [Thread-646] INFO  impl.FollowerState (FollowerState.java:run(117)) - 6605b8a5-570b-4977-9ee7-6aaf3012bed5@group-58A987F56150-FollowerState was interrupted: java.lang.InterruptedException: sleep interrupted
2019-10-18 14:58:07,760 [grpc-default-executor-3] INFO  impl.RoleInfo (RoleInfo.java:updateAndGet(143)) - 6605b8a5-570b-4977-9ee7-6aaf3012bed5: start FollowerState
2019-10-18 14:58:07,776 [327657b1-60f8-49f2-b2a3-f63e1f934942@group-58A987F56150-LeaderElection64] INFO  impl.LeaderElection (LeaderElection.java:logAndReturn(56)) - 327657b1-60f8-49f2-b2a3-f63e1f934942@group-58A987F56150-LeaderElection64: Election REJECTED; received 2 response(s) [327657b1-60f8-49f2-b2a3-f63e1f934942<-6605b8a5-570b-4977-9ee7-6aaf3012bed5#0:FAIL-t69, 327657b1-60f8-49f2-b2a3-f63e1f934942<-ddd4789c-894d-475a-bbfb-f6e7aa670c92#0:FAIL-t69] and 0 exception(s); 327657b1-60f8-49f2-b2a3-f63e1f934942@group-58A987F56150:t69, leader=null, voted=327657b1-60f8-49f2-b2a3-f63e1f934942, raftlog=327657b1-60f8-49f2-b2a3-f63e1f934942@group-58A987F56150-SegmentedRaftLog:OPENED:c-1,f-1,i0, conf=-1: [6605b8a5-570b-4977-9ee7-6aaf3012bed5:192.168.164.233:35223, 327657b1-60f8-49f2-b2a3-f63e1f934942:192.168.164.233:41966, ddd4789c-894d-475a-bbfb-f6e7aa670c92:192.168.164.233:41061], old=null
2019-10-18 14:58:07,776 [327657b1-60f8-49f2-b2a3-f63e1f934942@group-58A987F56150-LeaderElection64] INFO  impl.RaftServerImpl (RaftServerImpl.java:setRole(184)) - 327657b1-60f8-49f2-b2a3-f63e1f934942@group-58A987F56150: changes role from CANDIDATE to FOLLOWER at term 69 for DISCOVERED_A_NEW_TERM
2019-10-18 14:58:07,776 [327657b1-60f8-49f2-b2a3-f63e1f934942@group-58A987F56150-LeaderElection64] INFO  impl.RoleInfo (RoleInfo.java:shutdownLeaderElection(134)) - 327657b1-60f8-49f2-b2a3-f63e1f934942: shutdown LeaderElection
2019-10-18 14:58:07,776 [327657b1-60f8-49f2-b2a3-f63e1f934942@group-58A987F56150-LeaderElection64] INFO  impl.RoleInfo (RoleInfo.java:updateAndGet(143)) - 327657b1-60f8-49f2-b2a3-f63e1f934942: start FollowerState
2019-10-18 14:58:07,874 [Thread-654] INFO  impl.FollowerState (FollowerState.java:run(108)) - 327657b1-60f8-49f2-b2a3-f63e1f934942@group-58A987F56150-FollowerState: change to CANDIDATE, lastRpcTime:97ms, electionTimeout:97ms
2019-10-18 14:58:07,874 [Thread-654] INFO  impl.RoleInfo (RoleInfo.java:shutdownFollowerState(121)) - 327657b1-60f8-49f2-b2a3-f63e1f934942: shutdown FollowerState
2019-10-18 14:58:07,874 [Thread-654] INFO  impl.RaftServerImpl (RaftServerImpl.java:setRole(184)) - 327657b1-60f8-49f2-b2a3-f63e1f934942@group-58A987F56150: changes role from  FOLLOWER to CANDIDATE at term 69 for changeToCandidate
2019-10-18 14:58:07,874 [Thread-654] INFO  impl.RoleInfo (RoleInfo.java:updateAndGet(143)) - 327657b1-60f8-49f2-b2a3-f63e1f934942: start LeaderElection
2019-10-18 14:58:07,890 [327657b1-60f8-49f2-b2a3-f63e1f934942@group-58A987F56150-LeaderElection65] INFO  impl.LeaderElection (LeaderElection.java:askForVotes(178)) - 327657b1-60f8-49f2-b2a3-f63e1f934942@group-58A987F56150-LeaderElection65: begin an election at term 70 for -1: [6605b8a5-570b-4977-9ee7-6aaf3012bed5:192.168.164.233:35223, 327657b1-60f8-49f2-b2a3-f63e1f934942:192.168.164.233:41966, ddd4789c-894d-475a-bbfb-f6e7aa670c92:192.168.164.233:41061], old=null
2019-10-18 14:58:07,893 [grpc-default-executor-3] INFO  impl.RaftServerImpl (RaftServerImpl.java:setRole(184)) - 6605b8a5-570b-4977-9ee7-6aaf3012bed5@group-58A987F56150: changes role from  FOLLOWER to FOLLOWER at term 70 for recognizeCandidate:327657b1-60f8-49f2-b2a3-f63e1f934942
2019-10-18 14:58:07,893 [grpc-default-executor-2] INFO  impl.RaftServerImpl (RaftServerImpl.java:setRole(184)) - ddd4789c-894d-475a-bbfb-f6e7aa670c92@group-58A987F56150: changes role from  FOLLOWER to FOLLOWER at term 70 for recognizeCandidate:327657b1-60f8-49f2-b2a3-f63e1f934942
2019-10-18 14:58:07,893 [grpc-default-executor-3] INFO  impl.RoleInfo (RoleInfo.java:shutdownFollowerState(121)) - 6605b8a5-570b-4977-9ee7-6aaf3012bed5: shutdown FollowerState
2019-10-18 14:58:07,893 [grpc-default-executor-2] INFO  impl.RoleInfo (RoleInfo.java:shutdownFollowerState(121)) - ddd4789c-894d-475a-bbfb-f6e7aa670c92: shutdown FollowerState
2019-10-18 14:58:07,893 [grpc-default-executor-3] INFO  impl.RoleInfo (RoleInfo.java:updateAndGet(143)) - 6605b8a5-570b-4977-9ee7-6aaf3012bed5: start FollowerState
2019-10-18 14:58:07,894 [grpc-default-executor-2] INFO  impl.RoleInfo (RoleInfo.java:updateAndGet(143)) - ddd4789c-894d-475a-bbfb-f6e7aa670c92: start FollowerState
2019-10-18 14:58:07,893 [Thread-653] INFO  impl.FollowerState (FollowerState.java:run(117)) - 6605b8a5-570b-4977-9ee7-6aaf3012bed5@group-58A987F56150-FollowerState was interrupted: java.lang.InterruptedException: sleep interrupted
2019-10-18 14:58:07,894 [Thread-652] INFO  impl.FollowerState (FollowerState.java:run(117)) - ddd4789c-894d-475a-bbfb-f6e7aa670c92@group-58A987F56150-FollowerState was interrupted: java.lang.InterruptedException: sleep interrupted
2019-10-18 14:58:07,909 [327657b1-60f8-49f2-b2a3-f63e1f934942@group-58A987F56150-LeaderElection65] INFO  impl.LeaderElection (LeaderElection.java:logAndReturn(56)) - 327657b1-60f8-49f2-b2a3-f63e1f934942@group-58A987F56150-LeaderElection65: Election REJECTED; received 2 response(s) [327657b1-60f8-49f2-b2a3-f63e1f934942<-6605b8a5-570b-4977-9ee7-6aaf3012bed5#0:FAIL-t70, 327657b1-60f8-49f2-b2a3-f63e1f934942<-ddd4789c-894d-475a-bbfb-f6e7aa670c92#0:FAIL-t70] and 0 exception(s); 327657b1-60f8-49f2-b2a3-f63e1f934942@group-58A987F56150:t70, leader=null, voted=327657b1-60f8-49f2-b2a3-f63e1f934942, raftlog=327657b1-60f8-49f2-b2a3-f63e1f934942@group-58A987F56150-SegmentedRaftLog:OPENED:c-1,f-1,i0, conf=-1: [6605b8a5-570b-4977-9ee7-6aaf3012bed5:192.168.164.233:35223, 327657b1-60f8-49f2-b2a3-f63e1f934942:192.168.164.233:41966, ddd4789c-894d-475a-bbfb-f6e7aa670c92:192.168.164.233:41061], old=null
2019-10-18 14:58:07,909 [327657b1-60f8-49f2-b2a3-f63e1f934942@group-58A987F56150-LeaderElection65] INFO  impl.RaftServerImpl (RaftServerImpl.java:setRole(184)) - 327657b1-60f8-49f2-b2a3-f63e1f934942@group-58A987F56150: changes role from CANDIDATE to FOLLOWER at term 70 for DISCOVERED_A_NEW_TERM
2019-10-18 14:58:07,909 [327657b1-60f8-49f2-b2a3-f63e1f934942@group-58A987F56150-LeaderElection65] INFO  impl.RoleInfo (RoleInfo.java:shutdownLeaderElection(134)) - 327657b1-60f8-49f2-b2a3-f63e1f934942: shutdown LeaderElection
2019-10-18 14:58:07,909 [327657b1-60f8-49f2-b2a3-f63e1f934942@group-58A987F56150-LeaderElection65] INFO  impl.RoleInfo (RoleInfo.java:updateAndGet(143)) - 327657b1-60f8-49f2-b2a3-f63e1f934942: start FollowerState
2019-10-18 14:58:07,992 [Thread-660] INFO  impl.FollowerState (FollowerState.java:run(108)) - 327657b1-60f8-49f2-b2a3-f63e1f934942@group-58A987F56150-FollowerState: change to CANDIDATE, lastRpcTime:82ms, electionTimeout:82ms
2019-10-18 14:58:07,992 [Thread-660] INFO  impl.RoleInfo (RoleInfo.java:shutdownFollowerState(121)) - 327657b1-60f8-49f2-b2a3-f63e1f934942: shutdown FollowerState
2019-10-18 14:58:07,992 [Thread-660] INFO  impl.RaftServerImpl (RaftServerImpl.java:setRole(184)) - 327657b1-60f8-49f2-b2a3-f63e1f934942@group-58A987F56150: changes role from  FOLLOWER to CANDIDATE at term 70 for changeToCandidate
2019-10-18 14:58:07,993 [Thread-660] INFO  impl.RoleInfo (RoleInfo.java:updateAndGet(143)) - 327657b1-60f8-49f2-b2a3-f63e1f934942: start LeaderElection
2019-10-18 14:58:08,019 [327657b1-60f8-49f2-b2a3-f63e1f934942@group-58A987F56150-LeaderElection66] INFO  impl.LeaderElection (LeaderElection.java:askForVotes(178)) - 327657b1-60f8-49f2-b2a3-f63e1f934942@group-58A987F56150-LeaderElection66: begin an election at term 71 for -1: [6605b8a5-570b-4977-9ee7-6aaf3012bed5:192.168.164.233:35223, 327657b1-60f8-49f2-b2a3-f63e1f934942:192.168.164.233:41966, ddd4789c-894d-475a-bbfb-f6e7aa670c92:192.168.164.233:41061], old=null
2019-10-18 14:58:08,022 [grpc-default-executor-2] INFO  impl.RaftServerImpl (RaftServerImpl.java:setRole(184)) - ddd4789c-894d-475a-bbfb-f6e7aa670c92@group-58A987F56150: changes role from  FOLLOWER to FOLLOWER at term 71 for recognizeCandidate:327657b1-60f8-49f2-b2a3-f63e1f934942
2019-10-18 14:58:08,022 [grpc-default-executor-3] INFO  impl.RaftServerImpl (RaftServerImpl.java:setRole(184)) - 6605b8a5-570b-4977-9ee7-6aaf3012bed5@group-58A987F56150: changes role from  FOLLOWER to FOLLOWER at term 71 for recognizeCandidate:327657b1-60f8-49f2-b2a3-f63e1f934942
2019-10-18 14:58:08,022 [grpc-default-executor-2] INFO  impl.RoleInfo (RoleInfo.java:shutdownFollowerState(121)) - ddd4789c-894d-475a-bbfb-f6e7aa670c92: shutdown FollowerState
2019-10-18 14:58:08,022 [grpc-default-executor-3] INFO  impl.RoleInfo (RoleInfo.java:shutdownFollowerState(121)) - 6605b8a5-570b-4977-9ee7-6aaf3012bed5: shutdown FollowerState
2019-10-18 14:58:08,022 [Thread-659] INFO  impl.FollowerState (FollowerState.java:run(117)) - ddd4789c-894d-475a-bbfb-f6e7aa670c92@group-58A987F56150-FollowerState was interrupted: java.lang.InterruptedException: sleep interrupted
2019-10-18 14:58:08,022 [grpc-default-executor-2] INFO  impl.RoleInfo (RoleInfo.java:updateAndGet(143)) - ddd4789c-894d-475a-bbfb-f6e7aa670c92: start FollowerState
2019-10-18 14:58:08,022 [Thread-658] INFO  impl.FollowerState (FollowerState.java:run(117)) - 6605b8a5-570b-4977-9ee7-6aaf3012bed5@group-58A987F56150-FollowerState was interrupted: java.lang.InterruptedException: sleep interrupted
2019-10-18 14:58:08,022 [grpc-default-executor-3] INFO  impl.RoleInfo (RoleInfo.java:updateAndGet(143)) - 6605b8a5-570b-4977-9ee7-6aaf3012bed5: start FollowerState
2019-10-18 14:58:08,038 [327657b1-60f8-49f2-b2a3-f63e1f934942@group-58A987F56150-LeaderElection66] INFO  impl.LeaderElection (LeaderElection.java:logAndReturn(56)) - 327657b1-60f8-49f2-b2a3-f63e1f934942@group-58A987F56150-LeaderElection66: Election REJECTED; received 2 response(s) [327657b1-60f8-49f2-b2a3-f63e1f934942<-6605b8a5-570b-4977-9ee7-6aaf3012bed5#0:FAIL-t71, 327657b1-60f8-49f2-b2a3-f63e1f934942<-ddd4789c-894d-475a-bbfb-f6e7aa670c92#0:FAIL-t71] and 0 exception(s); 327657b1-60f8-49f2-b2a3-f63e1f934942@group-58A987F56150:t71, leader=null, voted=327657b1-60f8-49f2-b2a3-f63e1f934942, raftlog=327657b1-60f8-49f2-b2a3-f63e1f934942@group-58A987F56150-SegmentedRaftLog:OPENED:c-1,f-1,i0, conf=-1: [6605b8a5-570b-4977-9ee7-6aaf3012bed5:192.168.164.233:35223, 327657b1-60f8-49f2-b2a3-f63e1f934942:192.168.164.233:41966, ddd4789c-894d-475a-bbfb-f6e7aa670c92:192.168.164.233:41061], old=null
2019-10-18 14:58:08,038 [327657b1-60f8-49f2-b2a3-f63e1f934942@group-58A987F56150-LeaderElection66] INFO  impl.RaftServerImpl (RaftServerImpl.java:setRole(184)) - 327657b1-60f8-49f2-b2a3-f63e1f934942@group-58A987F56150: changes role from CANDIDATE to FOLLOWER at term 71 for DISCOVERED_A_NEW_TERM
2019-10-18 14:58:08,038 [327657b1-60f8-49f2-b2a3-f63e1f934942@group-58A987F56150-LeaderElection66] INFO  impl.RoleInfo (RoleInfo.java:shutdownLeaderElection(134)) - 327657b1-60f8-49f2-b2a3-f63e1f934942: shutdown LeaderElection
2019-10-18 14:58:08,038 [327657b1-60f8-49f2-b2a3-f63e1f934942@group-58A987F56150-LeaderElection66] INFO  impl.RoleInfo (RoleInfo.java:updateAndGet(143)) - 327657b1-60f8-49f2-b2a3-f63e1f934942: start FollowerState
2019-10-18 14:58:08,069 [Thread-666] INFO  impl.FollowerState (FollowerState.java:run(108)) - 327657b1-60f8-49f2-b2a3-f63e1f934942@group-58A987F56150-FollowerState: change to CANDIDATE, lastRpcTime:31ms, electionTimeout:31ms
2019-10-18 14:58:08,070 [Thread-666] INFO  impl.RoleInfo (RoleInfo.java:shutdownFollowerState(121)) - 327657b1-60f8-49f2-b2a3-f63e1f934942: shutdown FollowerState
2019-10-18 14:58:08,070 [Thread-666] INFO  impl.RaftServerImpl (RaftServerImpl.java:setRole(184)) - 327657b1-60f8-49f2-b2a3-f63e1f934942@group-58A987F56150: changes role from  FOLLOWER to CANDIDATE at term 71 for changeToCandidate
2019-10-18 14:58:08,070 [Thread-666] INFO  impl.RoleInfo (RoleInfo.java:updateAndGet(143)) - 327657b1-60f8-49f2-b2a3-f63e1f934942: start LeaderElection
2019-10-18 14:58:08,083 [327657b1-60f8-49f2-b2a3-f63e1f934942@group-58A987F56150-LeaderElection67] INFO  impl.LeaderElection (LeaderElection.java:askForVotes(178)) - 327657b1-60f8-49f2-b2a3-f63e1f934942@group-58A987F56150-LeaderElection67: begin an election at term 72 for -1: [6605b8a5-570b-4977-9ee7-6aaf3012bed5:192.168.164.233:35223, 327657b1-60f8-49f2-b2a3-f63e1f934942:192.168.164.233:41966, ddd4789c-894d-475a-bbfb-f6e7aa670c92:192.168.164.233:41061], old=null
2019-10-18 14:58:08,086 [grpc-default-executor-3] INFO  impl.RaftServerImpl (RaftServerImpl.java:setRole(184)) - ddd4789c-894d-475a-bbfb-f6e7aa670c92@group-58A987F56150: changes role from  FOLLOWER to FOLLOWER at term 72 for recognizeCandidate:327657b1-60f8-49f2-b2a3-f63e1f934942
2019-10-18 14:58:08,086 [grpc-default-executor-2] INFO  impl.RaftServerImpl (RaftServerImpl.java:setRole(184)) - 6605b8a5-570b-4977-9ee7-6aaf3012bed5@group-58A987F56150: changes role from  FOLLOWER to FOLLOWER at term 72 for recognizeCandidate:327657b1-60f8-49f2-b2a3-f63e1f934942
2019-10-18 14:58:08,086 [grpc-default-executor-3] INFO  impl.RoleInfo (RoleInfo.java:shutdownFollowerState(121)) - ddd4789c-894d-475a-bbfb-f6e7aa670c92: shutdown FollowerState
2019-10-18 14:58:08,086 [grpc-default-executor-2] INFO  impl.RoleInfo (RoleInfo.java:shutdownFollowerState(121)) - 6605b8a5-570b-4977-9ee7-6aaf3012bed5: shutdown FollowerState
2019-10-18 14:58:08,086 [grpc-default-executor-3] INFO  impl.RoleInfo (RoleInfo.java:updateAndGet(143)) - ddd4789c-894d-475a-bbfb-f6e7aa670c92: start FollowerState
2019-10-18 14:58:08,086 [Thread-664] INFO  impl.FollowerState (FollowerState.java:run(117)) - ddd4789c-894d-475a-bbfb-f6e7aa670c92@group-58A987F56150-FollowerState was interrupted: java.lang.InterruptedException: sleep interrupted
2019-10-18 14:58:08,086 [Thread-665] INFO  impl.FollowerState (FollowerState.java:run(117)) - 6605b8a5-570b-4977-9ee7-6aaf3012bed5@group-58A987F56150-FollowerState was interrupted: java.lang.InterruptedException: sleep interrupted
2019-10-18 14:58:08,086 [grpc-default-executor-2] INFO  impl.RoleInfo (RoleInfo.java:updateAndGet(143)) - 6605b8a5-570b-4977-9ee7-6aaf3012bed5: start FollowerState
2019-10-18 14:58:08,106 [327657b1-60f8-49f2-b2a3-f63e1f934942@group-58A987F56150-LeaderElection67] INFO  impl.LeaderElection (LeaderElection.java:logAndReturn(56)) - 327657b1-60f8-49f2-b2a3-f63e1f934942@group-58A987F56150-LeaderElection67: Election REJECTED; received 2 response(s) [327657b1-60f8-49f2-b2a3-f63e1f934942<-6605b8a5-570b-4977-9ee7-6aaf3012bed5#0:FAIL-t72, 327657b1-60f8-49f2-b2a3-f63e1f934942<-ddd4789c-894d-475a-bbfb-f6e7aa670c92#0:FAIL-t72] and 0 exception(s); 327657b1-60f8-49f2-b2a3-f63e1f934942@group-58A987F56150:t72, leader=null, voted=327657b1-60f8-49f2-b2a3-f63e1f934942, raftlog=327657b1-60f8-49f2-b2a3-f63e1f934942@group-58A987F56150-SegmentedRaftLog:OPENED:c-1,f-1,i0, conf=-1: [6605b8a5-570b-4977-9ee7-6aaf3012bed5:192.168.164.233:35223, 327657b1-60f8-49f2-b2a3-f63e1f934942:192.168.164.233:41966, ddd4789c-894d-475a-bbfb-f6e7aa670c92:192.168.164.233:41061], old=null
2019-10-18 14:58:08,106 [327657b1-60f8-49f2-b2a3-f63e1f934942@group-58A987F56150-LeaderElection67] INFO  impl.RaftServerImpl (RaftServerImpl.java:setRole(184)) - 327657b1-60f8-49f2-b2a3-f63e1f934942@group-58A987F56150: changes role from CANDIDATE to FOLLOWER at term 72 for DISCOVERED_A_NEW_TERM
2019-10-18 14:58:08,107 [327657b1-60f8-49f2-b2a3-f63e1f934942@group-58A987F56150-LeaderElection67] INFO  impl.RoleInfo (RoleInfo.java:shutdownLeaderElection(134)) - 327657b1-60f8-49f2-b2a3-f63e1f934942: shutdown LeaderElection
2019-10-18 14:58:08,107 [327657b1-60f8-49f2-b2a3-f63e1f934942@group-58A987F56150-LeaderElection67] INFO  impl.RoleInfo (RoleInfo.java:updateAndGet(143)) - 327657b1-60f8-49f2-b2a3-f63e1f934942: start FollowerState
2019-10-18 14:58:08,112 [Thread-672] INFO  impl.FollowerState (FollowerState.java:run(108)) - 327657b1-60f8-49f2-b2a3-f63e1f934942@group-58A987F56150-FollowerState: change to CANDIDATE, lastRpcTime:5ms, electionTimeout:5ms
2019-10-18 14:58:08,112 [Thread-672] INFO  impl.RoleInfo (RoleInfo.java:shutdownFollowerState(121)) - 327657b1-60f8-49f2-b2a3-f63e1f934942: shutdown FollowerState
2019-10-18 14:58:08,112 [Thread-672] INFO  impl.RaftServerImpl (RaftServerImpl.java:setRole(184)) - 327657b1-60f8-49f2-b2a3-f63e1f934942@group-58A987F56150: changes role from  FOLLOWER to CANDIDATE at term 72 for changeToCandidate
2019-10-18 14:58:08,113 [Thread-672] INFO  impl.RoleInfo (RoleInfo.java:updateAndGet(143)) - 327657b1-60f8-49f2-b2a3-f63e1f934942: start LeaderElection
2019-10-18 14:58:08,137 [327657b1-60f8-49f2-b2a3-f63e1f934942@group-58A987F56150-LeaderElection68] INFO  impl.LeaderElection (LeaderElection.java:askForVotes(178)) - 327657b1-60f8-49f2-b2a3-f63e1f934942@group-58A987F56150-LeaderElection68: begin an election at term 73 for -1: [6605b8a5-570b-4977-9ee7-6aaf3012bed5:192.168.164.233:35223, 327657b1-60f8-49f2-b2a3-f63e1f934942:192.168.164.233:41966, ddd4789c-894d-475a-bbfb-f6e7aa670c92:192.168.164.233:41061], old=null
2019-10-18 14:58:08,140 [grpc-default-executor-2] INFO  impl.RaftServerImpl (RaftServerImpl.java:setRole(184)) - 6605b8a5-570b-4977-9ee7-6aaf3012bed5@group-58A987F56150: changes role from  FOLLOWER to FOLLOWER at term 73 for recognizeCandidate:327657b1-60f8-49f2-b2a3-f63e1f934942
2019-10-18 14:58:08,140 [grpc-default-executor-2] INFO  impl.RoleInfo (RoleInfo.java:shutdownFollowerState(121)) - 6605b8a5-570b-4977-9ee7-6aaf3012bed5: shutdown FollowerState
2019-10-18 14:58:08,140 [grpc-default-executor-2] INFO  impl.RoleInfo (RoleInfo.java:updateAndGet(143)) - 6605b8a5-570b-4977-9ee7-6aaf3012bed5: start FollowerState
2019-10-18 14:58:08,140 [Thread-671] INFO  impl.FollowerState (FollowerState.java:run(117)) - 6605b8a5-570b-4977-9ee7-6aaf3012bed5@group-58A987F56150-FollowerState was interrupted: java.lang.InterruptedException: sleep interrupted
2019-10-18 14:58:08,140 [grpc-default-executor-3] INFO  impl.RaftServerImpl (RaftServerImpl.java:setRole(184)) - ddd4789c-894d-475a-bbfb-f6e7aa670c92@group-58A987F56150: changes role from  FOLLOWER to FOLLOWER at term 73 for recognizeCandidate:327657b1-60f8-49f2-b2a3-f63e1f934942
2019-10-18 14:58:08,141 [grpc-default-executor-3] INFO  impl.RoleInfo (RoleInfo.java:shutdownFollowerState(121)) - ddd4789c-894d-475a-bbfb-f6e7aa670c92: shutdown FollowerState
2019-10-18 14:58:08,141 [grpc-default-executor-3] INFO  impl.RoleInfo (RoleInfo.java:updateAndGet(143)) - ddd4789c-894d-475a-bbfb-f6e7aa670c92: start FollowerState
2019-10-18 14:58:08,141 [Thread-670] INFO  impl.FollowerState (FollowerState.java:run(117)) - ddd4789c-894d-475a-bbfb-f6e7aa670c92@group-58A987F56150-FollowerState was interrupted: java.lang.InterruptedException: sleep interrupted
2019-10-18 14:58:08,155 [327657b1-60f8-49f2-b2a3-f63e1f934942@group-58A987F56150-LeaderElection68] INFO  impl.LeaderElection (LeaderElection.java:logAndReturn(56)) - 327657b1-60f8-49f2-b2a3-f63e1f934942@group-58A987F56150-LeaderElection68: Election REJECTED; received 2 response(s) [327657b1-60f8-49f2-b2a3-f63e1f934942<-6605b8a5-570b-4977-9ee7-6aaf3012bed5#0:FAIL-t73, 327657b1-60f8-49f2-b2a3-f63e1f934942<-ddd4789c-894d-475a-bbfb-f6e7aa670c92#0:FAIL-t73] and 0 exception(s); 327657b1-60f8-49f2-b2a3-f63e1f934942@group-58A987F56150:t73, leader=null, voted=327657b1-60f8-49f2-b2a3-f63e1f934942, raftlog=327657b1-60f8-49f2-b2a3-f63e1f934942@group-58A987F56150-SegmentedRaftLog:OPENED:c-1,f-1,i0, conf=-1: [6605b8a5-570b-4977-9ee7-6aaf3012bed5:192.168.164.233:35223, 327657b1-60f8-49f2-b2a3-f63e1f934942:192.168.164.233:41966, ddd4789c-894d-475a-bbfb-f6e7aa670c92:192.168.164.233:41061], old=null
2019-10-18 14:58:08,155 [327657b1-60f8-49f2-b2a3-f63e1f934942@group-58A987F56150-LeaderElection68] INFO  impl.RaftServerImpl (RaftServerImpl.java:setRole(184)) - 327657b1-60f8-49f2-b2a3-f63e1f934942@group-58A987F56150: changes role from CANDIDATE to FOLLOWER at term 73 for DISCOVERED_A_NEW_TERM
2019-10-18 14:58:08,155 [327657b1-60f8-49f2-b2a3-f63e1f934942@group-58A987F56150-LeaderElection68] INFO  impl.RoleInfo (RoleInfo.java:shutdownLeaderElection(134)) - 327657b1-60f8-49f2-b2a3-f63e1f934942: shutdown LeaderElection
2019-10-18 14:58:08,156 [327657b1-60f8-49f2-b2a3-f63e1f934942@group-58A987F56150-LeaderElection68] INFO  impl.RoleInfo (RoleInfo.java:updateAndGet(143)) - 327657b1-60f8-49f2-b2a3-f63e1f934942: start FollowerState
2019-10-18 14:58:08,163 [Thread-678] INFO  impl.FollowerState (FollowerState.java:run(108)) - 327657b1-60f8-49f2-b2a3-f63e1f934942@group-58A987F56150-FollowerState: change to CANDIDATE, lastRpcTime:7ms, electionTimeout:7ms
2019-10-18 14:58:08,163 [Thread-678] INFO  impl.RoleInfo (RoleInfo.java:shutdownFollowerState(121)) - 327657b1-60f8-49f2-b2a3-f63e1f934942: shutdown FollowerState
2019-10-18 14:58:08,163 [Thread-678] INFO  impl.RaftServerImpl (RaftServerImpl.java:setRole(184)) - 327657b1-60f8-49f2-b2a3-f63e1f934942@group-58A987F56150: changes role from  FOLLOWER to CANDIDATE at term 73 for changeToCandidate
2019-10-18 14:58:08,163 [Thread-678] INFO  impl.RoleInfo (RoleInfo.java:updateAndGet(143)) - 327657b1-60f8-49f2-b2a3-f63e1f934942: start LeaderElection
2019-10-18 14:58:08,176 [327657b1-60f8-49f2-b2a3-f63e1f934942@group-58A987F56150-LeaderElection69] INFO  impl.LeaderElection (LeaderElection.java:askForVotes(178)) - 327657b1-60f8-49f2-b2a3-f63e1f934942@group-58A987F56150-LeaderElection69: begin an election at term 74 for -1: [6605b8a5-570b-4977-9ee7-6aaf3012bed5:192.168.164.233:35223, 327657b1-60f8-49f2-b2a3-f63e1f934942:192.168.164.233:41966, ddd4789c-894d-475a-bbfb-f6e7aa670c92:192.168.164.233:41061], old=null
2019-10-18 14:58:08,179 [grpc-default-executor-3] INFO  impl.RaftServerImpl (RaftServerImpl.java:setRole(184)) - ddd4789c-894d-475a-bbfb-f6e7aa670c92@group-58A987F56150: changes role from  FOLLOWER to FOLLOWER at term 74 for recognizeCandidate:327657b1-60f8-49f2-b2a3-f63e1f934942
2019-10-18 14:58:08,180 [grpc-default-executor-2] INFO  impl.RaftServerImpl (RaftServerImpl.java:setRole(184)) - 6605b8a5-570b-4977-9ee7-6aaf3012bed5@group-58A987F56150: changes role from  FOLLOWER to FOLLOWER at term 74 for recognizeCandidate:327657b1-60f8-49f2-b2a3-f63e1f934942
2019-10-18 14:58:08,180 [grpc-default-executor-3] INFO  impl.RoleInfo (RoleInfo.java:shutdownFollowerState(121)) - ddd4789c-894d-475a-bbfb-f6e7aa670c92: shutdown FollowerState
2019-10-18 14:58:08,180 [grpc-default-executor-2] INFO  impl.RoleInfo (RoleInfo.java:shutdownFollowerState(121)) - 6605b8a5-570b-4977-9ee7-6aaf3012bed5: shutdown FollowerState
2019-10-18 14:58:08,180 [grpc-default-executor-3] INFO  impl.RoleInfo (RoleInfo.java:updateAndGet(143)) - ddd4789c-894d-475a-bbfb-f6e7aa670c92: start FollowerState
2019-10-18 14:58:08,180 [Thread-677] INFO  impl.FollowerState (FollowerState.java:run(117)) - ddd4789c-894d-475a-bbfb-f6e7aa670c92@group-58A987F56150-FollowerState was interrupted: java.lang.InterruptedException: sleep interrupted
2019-10-18 14:58:08,180 [grpc-default-executor-2] INFO  impl.RoleInfo (RoleInfo.java:updateAndGet(143)) - 6605b8a5-570b-4977-9ee7-6aaf3012bed5: start FollowerState
2019-10-18 14:58:08,180 [Thread-676] INFO  impl.FollowerState (FollowerState.java:run(117)) - 6605b8a5-570b-4977-9ee7-6aaf3012bed5@group-58A987F56150-FollowerState was interrupted: java.lang.InterruptedException: sleep interrupted
2019-10-18 14:58:08,195 [327657b1-60f8-49f2-b2a3-f63e1f934942@group-58A987F56150-LeaderElection69] INFO  impl.LeaderElection (LeaderElection.java:logAndReturn(56)) - 327657b1-60f8-49f2-b2a3-f63e1f934942@group-58A987F56150-LeaderElection69: Election REJECTED; received 2 response(s) [327657b1-60f8-49f2-b2a3-f63e1f934942<-6605b8a5-570b-4977-9ee7-6aaf3012bed5#0:FAIL-t74, 327657b1-60f8-49f2-b2a3-f63e1f934942<-ddd4789c-894d-475a-bbfb-f6e7aa670c92#0:FAIL-t74] and 0 exception(s); 327657b1-60f8-49f2-b2a3-f63e1f934942@group-58A987F56150:t74, leader=null, voted=327657b1-60f8-49f2-b2a3-f63e1f934942, raftlog=327657b1-60f8-49f2-b2a3-f63e1f934942@group-58A987F56150-SegmentedRaftLog:OPENED:c-1,f-1,i0, conf=-1: [6605b8a5-570b-4977-9ee7-6aaf3012bed5:192.168.164.233:35223, 327657b1-60f8-49f2-b2a3-f63e1f934942:192.168.164.233:41966, ddd4789c-894d-475a-bbfb-f6e7aa670c92:192.168.164.233:41061], old=null
2019-10-18 14:58:08,195 [327657b1-60f8-49f2-b2a3-f63e1f934942@group-58A987F56150-LeaderElection69] INFO  impl.RaftServerImpl (RaftServerImpl.java:setRole(184)) - 327657b1-60f8-49f2-b2a3-f63e1f934942@group-58A987F56150: changes role from CANDIDATE to FOLLOWER at term 74 for DISCOVERED_A_NEW_TERM
2019-10-18 14:58:08,195 [327657b1-60f8-49f2-b2a3-f63e1f934942@group-58A987F56150-LeaderElection69] INFO  impl.RoleInfo (RoleInfo.java:shutdownLeaderElection(134)) - 327657b1-60f8-49f2-b2a3-f63e1f934942: shutdown LeaderElection
2019-10-18 14:58:08,196 [327657b1-60f8-49f2-b2a3-f63e1f934942@group-58A987F56150-LeaderElection69] INFO  impl.RoleInfo (RoleInfo.java:updateAndGet(143)) - 327657b1-60f8-49f2-b2a3-f63e1f934942: start FollowerState
2019-10-18 14:58:08,258 [Thread-684] INFO  impl.FollowerState (FollowerState.java:run(108)) - 327657b1-60f8-49f2-b2a3-f63e1f934942@group-58A987F56150-FollowerState: change to CANDIDATE, lastRpcTime:62ms, electionTimeout:62ms
2019-10-18 14:58:08,258 [Thread-684] INFO  impl.RoleInfo (RoleInfo.java:shutdownFollowerState(121)) - 327657b1-60f8-49f2-b2a3-f63e1f934942: shutdown FollowerState
2019-10-18 14:58:08,259 [Thread-684] INFO  impl.RaftServerImpl (RaftServerImpl.java:setRole(184)) - 327657b1-60f8-49f2-b2a3-f63e1f934942@group-58A987F56150: changes role from  FOLLOWER to CANDIDATE at term 74 for changeToCandidate
2019-10-18 14:58:08,259 [Thread-684] INFO  impl.RoleInfo (RoleInfo.java:updateAndGet(143)) - 327657b1-60f8-49f2-b2a3-f63e1f934942: start LeaderElection
2019-10-18 14:58:08,273 [327657b1-60f8-49f2-b2a3-f63e1f934942@group-58A987F56150-LeaderElection70] INFO  impl.LeaderElection (LeaderElection.java:askForVotes(178)) - 327657b1-60f8-49f2-b2a3-f63e1f934942@group-58A987F56150-LeaderElection70: begin an election at term 75 for -1: [6605b8a5-570b-4977-9ee7-6aaf3012bed5:192.168.164.233:35223, 327657b1-60f8-49f2-b2a3-f63e1f934942:192.168.164.233:41966, ddd4789c-894d-475a-bbfb-f6e7aa670c92:192.168.164.233:41061], old=null
2019-10-18 14:58:08,276 [grpc-default-executor-3] INFO  impl.RaftServerImpl (RaftServerImpl.java:setRole(184)) - ddd4789c-894d-475a-bbfb-f6e7aa670c92@group-58A987F56150: changes role from  FOLLOWER to FOLLOWER at term 75 for recognizeCandidate:327657b1-60f8-49f2-b2a3-f63e1f934942
2019-10-18 14:58:08,276 [grpc-default-executor-3] INFO  impl.RoleInfo (RoleInfo.java:shutdownFollowerState(121)) - ddd4789c-894d-475a-bbfb-f6e7aa670c92: shutdown FollowerState
2019-10-18 14:58:08,276 [grpc-default-executor-2] INFO  impl.RaftServerImpl (RaftServerImpl.java:setRole(184)) - 6605b8a5-570b-4977-9ee7-6aaf3012bed5@group-58A987F56150: changes role from  FOLLOWER to FOLLOWER at term 75 for recognizeCandidate:327657b1-60f8-49f2-b2a3-f63e1f934942
2019-10-18 14:58:08,276 [Thread-682] INFO  impl.FollowerState (FollowerState.java:run(117)) - ddd4789c-894d-475a-bbfb-f6e7aa670c92@group-58A987F56150-FollowerState was interrupted: java.lang.InterruptedException: sleep interrupted
2019-10-18 14:58:08,276 [grpc-default-executor-3] INFO  impl.RoleInfo (RoleInfo.java:updateAndGet(143)) - ddd4789c-894d-475a-bbfb-f6e7aa670c92: start FollowerState
2019-10-18 14:58:08,276 [grpc-default-executor-2] INFO  impl.RoleInfo (RoleInfo.java:shutdownFollowerState(121)) - 6605b8a5-570b-4977-9ee7-6aaf3012bed5: shutdown FollowerState
2019-10-18 14:58:08,277 [grpc-default-executor-2] INFO  impl.RoleInfo (RoleInfo.java:updateAndGet(143)) - 6605b8a5-570b-4977-9ee7-6aaf3012bed5: start FollowerState
2019-10-18 14:58:08,277 [Thread-683] INFO  impl.FollowerState (FollowerState.java:run(117)) - 6605b8a5-570b-4977-9ee7-6aaf3012bed5@group-58A987F56150-FollowerState was interrupted: java.lang.InterruptedException: sleep interrupted
2019-10-18 14:58:08,278 [327657b1-60f8-49f2-b2a3-f63e1f934942@group-58A987F56150-LeaderElection70] INFO  impl.LeaderElection (LeaderElection.java:logAndReturn(56)) - 327657b1-60f8-49f2-b2a3-f63e1f934942@group-58A987F56150-LeaderElection70: Election TIMEOUT; received 0 response(s) [] and 0 exception(s); 327657b1-60f8-49f2-b2a3-f63e1f934942@group-58A987F56150:t75, leader=null, voted=327657b1-60f8-49f2-b2a3-f63e1f934942, raftlog=327657b1-60f8-49f2-b2a3-f63e1f934942@group-58A987F56150-SegmentedRaftLog:OPENED:c-1,f-1,i0, conf=-1: [6605b8a5-570b-4977-9ee7-6aaf3012bed5:192.168.164.233:35223, 327657b1-60f8-49f2-b2a3-f63e1f934942:192.168.164.233:41966, ddd4789c-894d-475a-bbfb-f6e7aa670c92:192.168.164.233:41061], old=null
2019-10-18 14:58:08,303 [327657b1-60f8-49f2-b2a3-f63e1f934942@group-58A987F56150-LeaderElection70] INFO  impl.LeaderElection (LeaderElection.java:askForVotes(178)) - 327657b1-60f8-49f2-b2a3-f63e1f934942@group-58A987F56150-LeaderElection70: begin an election at term 76 for -1: [6605b8a5-570b-4977-9ee7-6aaf3012bed5:192.168.164.233:35223, 327657b1-60f8-49f2-b2a3-f63e1f934942:192.168.164.233:41966, ddd4789c-894d-475a-bbfb-f6e7aa670c92:192.168.164.233:41061], old=null
2019-10-18 14:58:08,304 [grpc-default-executor-2] INFO  impl.RaftServerImpl (RaftServerImpl.java:setRole(184)) - 6605b8a5-570b-4977-9ee7-6aaf3012bed5@group-58A987F56150: changes role from  FOLLOWER to FOLLOWER at term 76 for recognizeCandidate:327657b1-60f8-49f2-b2a3-f63e1f934942
2019-10-18 14:58:08,304 [grpc-default-executor-2] INFO  impl.RoleInfo (RoleInfo.java:shutdownFollowerState(121)) - 6605b8a5-570b-4977-9ee7-6aaf3012bed5: shutdown FollowerState
2019-10-18 14:58:08,304 [grpc-default-executor-2] INFO  impl.RoleInfo (RoleInfo.java:updateAndGet(143)) - 6605b8a5-570b-4977-9ee7-6aaf3012bed5: start FollowerState
2019-10-18 14:58:08,305 [grpc-default-executor-3] INFO  impl.RaftServerImpl (RaftServerImpl.java:setRole(184)) - ddd4789c-894d-475a-bbfb-f6e7aa670c92@group-58A987F56150: changes role from  FOLLOWER to FOLLOWER at term 76 for recognizeCandidate:327657b1-60f8-49f2-b2a3-f63e1f934942
2019-10-18 14:58:08,305 [grpc-default-executor-3] INFO  impl.RoleInfo (RoleInfo.java:shutdownFollowerState(121)) - ddd4789c-894d-475a-bbfb-f6e7aa670c92: shutdown FollowerState
2019-10-18 14:58:08,305 [Thread-689] INFO  impl.FollowerState (FollowerState.java:run(117)) - 6605b8a5-570b-4977-9ee7-6aaf3012bed5@group-58A987F56150-FollowerState was interrupted: java.lang.InterruptedException: sleep interrupted
2019-10-18 14:58:08,305 [Thread-688] INFO  impl.FollowerState (FollowerState.java:run(117)) - ddd4789c-894d-475a-bbfb-f6e7aa670c92@group-58A987F56150-FollowerState was interrupted: java.lang.InterruptedException: sleep interrupted
2019-10-18 14:58:08,305 [grpc-default-executor-3] INFO  impl.RoleInfo (RoleInfo.java:updateAndGet(143)) - ddd4789c-894d-475a-bbfb-f6e7aa670c92: start FollowerState
2019-10-18 14:58:08,319 [327657b1-60f8-49f2-b2a3-f63e1f934942@group-58A987F56150-LeaderElection70] INFO  impl.LeaderElection (LeaderElection.java:logAndReturn(56)) - 327657b1-60f8-49f2-b2a3-f63e1f934942@group-58A987F56150-LeaderElection70: Election REJECTED; received 2 response(s) [327657b1-60f8-49f2-b2a3-f63e1f934942<-6605b8a5-570b-4977-9ee7-6aaf3012bed5#0:FAIL-t76, 327657b1-60f8-49f2-b2a3-f63e1f934942<-ddd4789c-894d-475a-bbfb-f6e7aa670c92#0:FAIL-t76] and 0 exception(s); 327657b1-60f8-49f2-b2a3-f63e1f934942@group-58A987F56150:t76, leader=null, voted=327657b1-60f8-49f2-b2a3-f63e1f934942, raftlog=327657b1-60f8-49f2-b2a3-f63e1f934942@group-58A987F56150-SegmentedRaftLog:OPENED:c-1,f-1,i0, conf=-1: [6605b8a5-570b-4977-9ee7-6aaf3012bed5:192.168.164.233:35223, 327657b1-60f8-49f2-b2a3-f63e1f934942:192.168.164.233:41966, ddd4789c-894d-475a-bbfb-f6e7aa670c92:192.168.164.233:41061], old=null
2019-10-18 14:58:08,319 [327657b1-60f8-49f2-b2a3-f63e1f934942@group-58A987F56150-LeaderElection70] INFO  impl.RaftServerImpl (RaftServerImpl.java:setRole(184)) - 327657b1-60f8-49f2-b2a3-f63e1f934942@group-58A987F56150: changes role from CANDIDATE to FOLLOWER at term 76 for DISCOVERED_A_NEW_TERM
2019-10-18 14:58:08,319 [327657b1-60f8-49f2-b2a3-f63e1f934942@group-58A987F56150-LeaderElection70] INFO  impl.RoleInfo (RoleInfo.java:shutdownLeaderElection(134)) - 327657b1-60f8-49f2-b2a3-f63e1f934942: shutdown LeaderElection
2019-10-18 14:58:08,319 [327657b1-60f8-49f2-b2a3-f63e1f934942@group-58A987F56150-LeaderElection70] INFO  impl.RoleInfo (RoleInfo.java:updateAndGet(143)) - 327657b1-60f8-49f2-b2a3-f63e1f934942: start FollowerState
2019-10-18 14:58:08,369 [Thread-694] INFO  impl.FollowerState (FollowerState.java:run(108)) - 327657b1-60f8-49f2-b2a3-f63e1f934942@group-58A987F56150-FollowerState: change to CANDIDATE, lastRpcTime:50ms, electionTimeout:50ms
2019-10-18 14:58:08,370 [Thread-694] INFO  impl.RoleInfo (RoleInfo.java:shutdownFollowerState(121)) - 327657b1-60f8-49f2-b2a3-f63e1f934942: shutdown FollowerState
2019-10-18 14:58:08,370 [Thread-694] INFO  impl.RaftServerImpl (RaftServerImpl.java:setRole(184)) - 327657b1-60f8-49f2-b2a3-f63e1f934942@group-58A987F56150: changes role from  FOLLOWER to CANDIDATE at term 76 for changeToCandidate
2019-10-18 14:58:08,370 [Thread-694] INFO  impl.RoleInfo (RoleInfo.java:updateAndGet(143)) - 327657b1-60f8-49f2-b2a3-f63e1f934942: start LeaderElection
2019-10-18 14:58:08,385 [327657b1-60f8-49f2-b2a3-f63e1f934942@group-58A987F56150-LeaderElection71] INFO  impl.LeaderElection (LeaderElection.java:askForVotes(178)) - 327657b1-60f8-49f2-b2a3-f63e1f934942@group-58A987F56150-LeaderElection71: begin an election at term 77 for -1: [6605b8a5-570b-4977-9ee7-6aaf3012bed5:192.168.164.233:35223, 327657b1-60f8-49f2-b2a3-f63e1f934942:192.168.164.233:41966, ddd4789c-894d-475a-bbfb-f6e7aa670c92:192.168.164.233:41061], old=null
2019-10-18 14:58:08,388 [grpc-default-executor-3] INFO  impl.RaftServerImpl (RaftServerImpl.java:setRole(184)) - ddd4789c-894d-475a-bbfb-f6e7aa670c92@group-58A987F56150: changes role from  FOLLOWER to FOLLOWER at term 77 for recognizeCandidate:327657b1-60f8-49f2-b2a3-f63e1f934942
2019-10-18 14:58:08,388 [grpc-default-executor-2] INFO  impl.RaftServerImpl (RaftServerImpl.java:setRole(184)) - 6605b8a5-570b-4977-9ee7-6aaf3012bed5@group-58A987F56150: changes role from  FOLLOWER to FOLLOWER at term 77 for recognizeCandidate:327657b1-60f8-49f2-b2a3-f63e1f934942
2019-10-18 14:58:08,388 [grpc-default-executor-3] INFO  impl.RoleInfo (RoleInfo.java:shutdownFollowerState(121)) - ddd4789c-894d-475a-bbfb-f6e7aa670c92: shutdown FollowerState
2019-10-18 14:58:08,388 [grpc-default-executor-2] INFO  impl.RoleInfo (RoleInfo.java:shutdownFollowerState(121)) - 6605b8a5-570b-4977-9ee7-6aaf3012bed5: shutdown FollowerState
2019-10-18 14:58:08,388 [Thread-693] INFO  impl.FollowerState (FollowerState.java:run(117)) - ddd4789c-894d-475a-bbfb-f6e7aa670c92@group-58A987F56150-FollowerState was interrupted: java.lang.InterruptedException: sleep interrupted
2019-10-18 14:58:08,388 [Thread-692] INFO  impl.FollowerState (FollowerState.java:run(117)) - 6605b8a5-570b-4977-9ee7-6aaf3012bed5@group-58A987F56150-FollowerState was interrupted: java.lang.InterruptedException: sleep interrupted
2019-10-18 14:58:08,388 [grpc-default-executor-3] INFO  impl.RoleInfo (RoleInfo.java:updateAndGet(143)) - ddd4789c-894d-475a-bbfb-f6e7aa670c92: start FollowerState
2019-10-18 14:58:08,388 [grpc-default-executor-2] INFO  impl.RoleInfo (RoleInfo.java:updateAndGet(143)) - 6605b8a5-570b-4977-9ee7-6aaf3012bed5: start FollowerState
2019-10-18 14:58:08,415 [327657b1-60f8-49f2-b2a3-f63e1f934942@group-58A987F56150-LeaderElection71] INFO  impl.LeaderElection (LeaderElection.java:logAndReturn(56)) - 327657b1-60f8-49f2-b2a3-f63e1f934942@group-58A987F56150-LeaderElection71: Election REJECTED; received 2 response(s) [327657b1-60f8-49f2-b2a3-f63e1f934942<-6605b8a5-570b-4977-9ee7-6aaf3012bed5#0:FAIL-t77, 327657b1-60f8-49f2-b2a3-f63e1f934942<-ddd4789c-894d-475a-bbfb-f6e7aa670c92#0:FAIL-t77] and 0 exception(s); 327657b1-60f8-49f2-b2a3-f63e1f934942@group-58A987F56150:t77, leader=null, voted=327657b1-60f8-49f2-b2a3-f63e1f934942, raftlog=327657b1-60f8-49f2-b2a3-f63e1f934942@group-58A987F56150-SegmentedRaftLog:OPENED:c-1,f-1,i0, conf=-1: [6605b8a5-570b-4977-9ee7-6aaf3012bed5:192.168.164.233:35223, 327657b1-60f8-49f2-b2a3-f63e1f934942:192.168.164.233:41966, ddd4789c-894d-475a-bbfb-f6e7aa670c92:192.168.164.233:41061], old=null
2019-10-18 14:58:08,415 [327657b1-60f8-49f2-b2a3-f63e1f934942@group-58A987F56150-LeaderElection71] INFO  impl.RaftServerImpl (RaftServerImpl.java:setRole(184)) - 327657b1-60f8-49f2-b2a3-f63e1f934942@group-58A987F56150: changes role from CANDIDATE to FOLLOWER at term 77 for DISCOVERED_A_NEW_TERM
2019-10-18 14:58:08,415 [327657b1-60f8-49f2-b2a3-f63e1f934942@group-58A987F56150-LeaderElection71] INFO  impl.RoleInfo (RoleInfo.java:shutdownLeaderElection(134)) - 327657b1-60f8-49f2-b2a3-f63e1f934942: shutdown LeaderElection
2019-10-18 14:58:08,415 [327657b1-60f8-49f2-b2a3-f63e1f934942@group-58A987F56150-LeaderElection71] INFO  impl.RoleInfo (RoleInfo.java:updateAndGet(143)) - 327657b1-60f8-49f2-b2a3-f63e1f934942: start FollowerState
2019-10-18 14:58:08,433 [Thread-700] INFO  impl.FollowerState (FollowerState.java:run(108)) - 327657b1-60f8-49f2-b2a3-f63e1f934942@group-58A987F56150-FollowerState: change to CANDIDATE, lastRpcTime:18ms, electionTimeout:18ms
2019-10-18 14:58:08,434 [Thread-700] INFO  impl.RoleInfo (RoleInfo.java:shutdownFollowerState(121)) - 327657b1-60f8-49f2-b2a3-f63e1f934942: shutdown FollowerState
2019-10-18 14:58:08,434 [Thread-700] INFO  impl.RaftServerImpl (RaftServerImpl.java:setRole(184)) - 327657b1-60f8-49f2-b2a3-f63e1f934942@group-58A987F56150: changes role from  FOLLOWER to CANDIDATE at term 77 for changeToCandidate
2019-10-18 14:58:08,434 [Thread-700] INFO  impl.RoleInfo (RoleInfo.java:updateAndGet(143)) - 327657b1-60f8-49f2-b2a3-f63e1f934942: start LeaderElection
2019-10-18 14:58:08,447 [327657b1-60f8-49f2-b2a3-f63e1f934942@group-58A987F56150-LeaderElection72] INFO  impl.LeaderElection (LeaderElection.java:askForVotes(178)) - 327657b1-60f8-49f2-b2a3-f63e1f934942@group-58A987F56150-LeaderElection72: begin an election at term 78 for -1: [6605b8a5-570b-4977-9ee7-6aaf3012bed5:192.168.164.233:35223, 327657b1-60f8-49f2-b2a3-f63e1f934942:192.168.164.233:41966, ddd4789c-894d-475a-bbfb-f6e7aa670c92:192.168.164.233:41061], old=null
2019-10-18 14:58:08,449 [grpc-default-executor-3] INFO  impl.RaftServerImpl (RaftServerImpl.java:setRole(184)) - 6605b8a5-570b-4977-9ee7-6aaf3012bed5@group-58A987F56150: changes role from  FOLLOWER to FOLLOWER at term 78 for recognizeCandidate:327657b1-60f8-49f2-b2a3-f63e1f934942
2019-10-18 14:58:08,450 [grpc-default-executor-2] INFO  impl.RaftServerImpl (RaftServerImpl.java:setRole(184)) - ddd4789c-894d-475a-bbfb-f6e7aa670c92@group-58A987F56150: changes role from  FOLLOWER to FOLLOWER at term 78 for recognizeCandidate:327657b1-60f8-49f2-b2a3-f63e1f934942
2019-10-18 14:58:08,450 [grpc-default-executor-3] INFO  impl.RoleInfo (RoleInfo.java:shutdownFollowerState(121)) - 6605b8a5-570b-4977-9ee7-6aaf3012bed5: shutdown FollowerState
2019-10-18 14:58:08,450 [grpc-default-executor-2] INFO  impl.RoleInfo (RoleInfo.java:shutdownFollowerState(121)) - ddd4789c-894d-475a-bbfb-f6e7aa670c92: shutdown FollowerState
2019-10-18 14:58:08,450 [Thread-699] INFO  impl.FollowerState (FollowerState.java:run(117)) - 6605b8a5-570b-4977-9ee7-6aaf3012bed5@group-58A987F56150-FollowerState was interrupted: java.lang.InterruptedException: sleep interrupted
2019-10-18 14:58:08,450 [grpc-default-executor-3] INFO  impl.RoleInfo (RoleInfo.java:updateAndGet(143)) - 6605b8a5-570b-4977-9ee7-6aaf3012bed5: start FollowerState
2019-10-18 14:58:08,450 [Thread-698] INFO  impl.FollowerState (FollowerState.java:run(117)) - ddd4789c-894d-475a-bbfb-f6e7aa670c92@group-58A987F56150-FollowerState was interrupted: java.lang.InterruptedException: sleep interrupted
2019-10-18 14:58:08,450 [grpc-default-executor-2] INFO  impl.RoleInfo (RoleInfo.java:updateAndGet(143)) - ddd4789c-894d-475a-bbfb-f6e7aa670c92: start FollowerState
2019-10-18 14:58:08,477 [327657b1-60f8-49f2-b2a3-f63e1f934942@group-58A987F56150-LeaderElection72] INFO  impl.LeaderElection (LeaderElection.java:logAndReturn(56)) - 327657b1-60f8-49f2-b2a3-f63e1f934942@group-58A987F56150-LeaderElection72: Election REJECTED; received 2 response(s) [327657b1-60f8-49f2-b2a3-f63e1f934942<-6605b8a5-570b-4977-9ee7-6aaf3012bed5#0:FAIL-t78, 327657b1-60f8-49f2-b2a3-f63e1f934942<-ddd4789c-894d-475a-bbfb-f6e7aa670c92#0:FAIL-t78] and 0 exception(s); 327657b1-60f8-49f2-b2a3-f63e1f934942@group-58A987F56150:t78, leader=null, voted=327657b1-60f8-49f2-b2a3-f63e1f934942, raftlog=327657b1-60f8-49f2-b2a3-f63e1f934942@group-58A987F56150-SegmentedRaftLog:OPENED:c-1,f-1,i0, conf=-1: [6605b8a5-570b-4977-9ee7-6aaf3012bed5:192.168.164.233:35223, 327657b1-60f8-49f2-b2a3-f63e1f934942:192.168.164.233:41966, ddd4789c-894d-475a-bbfb-f6e7aa670c92:192.168.164.233:41061], old=null
2019-10-18 14:58:08,477 [327657b1-60f8-49f2-b2a3-f63e1f934942@group-58A987F56150-LeaderElection72] INFO  impl.RaftServerImpl (RaftServerImpl.java:setRole(184)) - 327657b1-60f8-49f2-b2a3-f63e1f934942@group-58A987F56150: changes role from CANDIDATE to FOLLOWER at term 78 for DISCOVERED_A_NEW_TERM
2019-10-18 14:58:08,477 [327657b1-60f8-49f2-b2a3-f63e1f934942@group-58A987F56150-LeaderElection72] INFO  impl.RoleInfo (RoleInfo.java:shutdownLeaderElection(134)) - 327657b1-60f8-49f2-b2a3-f63e1f934942: shutdown LeaderElection
2019-10-18 14:58:08,477 [327657b1-60f8-49f2-b2a3-f63e1f934942@group-58A987F56150-LeaderElection72] INFO  impl.RoleInfo (RoleInfo.java:updateAndGet(143)) - 327657b1-60f8-49f2-b2a3-f63e1f934942: start FollowerState
2019-10-18 14:58:08,511 [Thread-706] INFO  impl.FollowerState (FollowerState.java:run(108)) - 327657b1-60f8-49f2-b2a3-f63e1f934942@group-58A987F56150-FollowerState: change to CANDIDATE, lastRpcTime:33ms, electionTimeout:33ms
2019-10-18 14:58:08,511 [Thread-706] INFO  impl.RoleInfo (RoleInfo.java:shutdownFollowerState(121)) - 327657b1-60f8-49f2-b2a3-f63e1f934942: shutdown FollowerState
2019-10-18 14:58:08,511 [Thread-706] INFO  impl.RaftServerImpl (RaftServerImpl.java:setRole(184)) - 327657b1-60f8-49f2-b2a3-f63e1f934942@group-58A987F56150: changes role from  FOLLOWER to CANDIDATE at term 78 for changeToCandidate
2019-10-18 14:58:08,511 [Thread-706] INFO  impl.RoleInfo (RoleInfo.java:updateAndGet(143)) - 327657b1-60f8-49f2-b2a3-f63e1f934942: start LeaderElection
2019-10-18 14:58:08,529 [327657b1-60f8-49f2-b2a3-f63e1f934942@group-58A987F56150-LeaderElection73] INFO  impl.LeaderElection (LeaderElection.java:askForVotes(178)) - 327657b1-60f8-49f2-b2a3-f63e1f934942@group-58A987F56150-LeaderElection73: begin an election at term 79 for -1: [6605b8a5-570b-4977-9ee7-6aaf3012bed5:192.168.164.233:35223, 327657b1-60f8-49f2-b2a3-f63e1f934942:192.168.164.233:41966, ddd4789c-894d-475a-bbfb-f6e7aa670c92:192.168.164.233:41061], old=null
2019-10-18 14:58:08,531 [grpc-default-executor-2] INFO  impl.RaftServerImpl (RaftServerImpl.java:setRole(184)) - ddd4789c-894d-475a-bbfb-f6e7aa670c92@group-58A987F56150: changes role from  FOLLOWER to FOLLOWER at term 79 for recognizeCandidate:327657b1-60f8-49f2-b2a3-f63e1f934942
2019-10-18 14:58:08,531 [grpc-default-executor-2] INFO  impl.RoleInfo (RoleInfo.java:shutdownFollowerState(121)) - ddd4789c-894d-475a-bbfb-f6e7aa670c92: shutdown FollowerState
2019-10-18 14:58:08,531 [grpc-default-executor-3] INFO  impl.RaftServerImpl (RaftServerImpl.java:setRole(184)) - 6605b8a5-570b-4977-9ee7-6aaf3012bed5@group-58A987F56150: changes role from  FOLLOWER to FOLLOWER at term 79 for recognizeCandidate:327657b1-60f8-49f2-b2a3-f63e1f934942
2019-10-18 14:58:08,532 [grpc-default-executor-3] INFO  impl.RoleInfo (RoleInfo.java:shutdownFollowerState(121)) - 6605b8a5-570b-4977-9ee7-6aaf3012bed5: shutdown FollowerState
2019-10-18 14:58:08,532 [Thread-705] INFO  impl.FollowerState (FollowerState.java:run(117)) - ddd4789c-894d-475a-bbfb-f6e7aa670c92@group-58A987F56150-FollowerState was interrupted: java.lang.InterruptedException: sleep interrupted
2019-10-18 14:58:08,532 [grpc-default-executor-2] INFO  impl.RoleInfo (RoleInfo.java:updateAndGet(143)) - ddd4789c-894d-475a-bbfb-f6e7aa670c92: start FollowerState
2019-10-18 14:58:08,532 [grpc-default-executor-3] INFO  impl.RoleInfo (RoleInfo.java:updateAndGet(143)) - 6605b8a5-570b-4977-9ee7-6aaf3012bed5: start FollowerState
2019-10-18 14:58:08,532 [Thread-704] INFO  impl.FollowerState (FollowerState.java:run(117)) - 6605b8a5-570b-4977-9ee7-6aaf3012bed5@group-58A987F56150-FollowerState was interrupted: java.lang.InterruptedException: sleep interrupted
2019-10-18 14:58:08,559 [327657b1-60f8-49f2-b2a3-f63e1f934942@group-58A987F56150-LeaderElection73] INFO  impl.LeaderElection (LeaderElection.java:logAndReturn(56)) - 327657b1-60f8-49f2-b2a3-f63e1f934942@group-58A987F56150-LeaderElection73: Election REJECTED; received 2 response(s) [327657b1-60f8-49f2-b2a3-f63e1f934942<-6605b8a5-570b-4977-9ee7-6aaf3012bed5#0:FAIL-t79, 327657b1-60f8-49f2-b2a3-f63e1f934942<-ddd4789c-894d-475a-bbfb-f6e7aa670c92#0:FAIL-t79] and 0 exception(s); 327657b1-60f8-49f2-b2a3-f63e1f934942@group-58A987F56150:t79, leader=null, voted=327657b1-60f8-49f2-b2a3-f63e1f934942, raftlog=327657b1-60f8-49f2-b2a3-f63e1f934942@group-58A987F56150-SegmentedRaftLog:OPENED:c-1,f-1,i0, conf=-1: [6605b8a5-570b-4977-9ee7-6aaf3012bed5:192.168.164.233:35223, 327657b1-60f8-49f2-b2a3-f63e1f934942:192.168.164.233:41966, ddd4789c-894d-475a-bbfb-f6e7aa670c92:192.168.164.233:41061], old=null
2019-10-18 14:58:08,560 [327657b1-60f8-49f2-b2a3-f63e1f934942@group-58A987F56150-LeaderElection73] INFO  impl.RaftServerImpl (RaftServerImpl.java:setRole(184)) - 327657b1-60f8-49f2-b2a3-f63e1f934942@group-58A987F56150: changes role from CANDIDATE to FOLLOWER at term 79 for DISCOVERED_A_NEW_TERM
2019-10-18 14:58:08,560 [327657b1-60f8-49f2-b2a3-f63e1f934942@group-58A987F56150-LeaderElection73] INFO  impl.RoleInfo (RoleInfo.java:shutdownLeaderElection(134)) - 327657b1-60f8-49f2-b2a3-f63e1f934942: shutdown LeaderElection
2019-10-18 14:58:08,560 [327657b1-60f8-49f2-b2a3-f63e1f934942@group-58A987F56150-LeaderElection73] INFO  impl.RoleInfo (RoleInfo.java:updateAndGet(143)) - 327657b1-60f8-49f2-b2a3-f63e1f934942: start FollowerState
2019-10-18 14:58:08,680 [Thread-714] INFO  impl.FollowerState (FollowerState.java:run(108)) - 327657b1-60f8-49f2-b2a3-f63e1f934942@group-58A987F56150-FollowerState: change to CANDIDATE, lastRpcTime:120ms, electionTimeout:120ms
2019-10-18 14:58:08,681 [Thread-714] INFO  impl.RoleInfo (RoleInfo.java:shutdownFollowerState(121)) - 327657b1-60f8-49f2-b2a3-f63e1f934942: shutdown FollowerState
2019-10-18 14:58:08,681 [Thread-714] INFO  impl.RaftServerImpl (RaftServerImpl.java:setRole(184)) - 327657b1-60f8-49f2-b2a3-f63e1f934942@group-58A987F56150: changes role from  FOLLOWER to CANDIDATE at term 79 for changeToCandidate
2019-10-18 14:58:08,681 [Thread-714] INFO  impl.RoleInfo (RoleInfo.java:updateAndGet(143)) - 327657b1-60f8-49f2-b2a3-f63e1f934942: start LeaderElection
2019-10-18 14:58:08,700 [327657b1-60f8-49f2-b2a3-f63e1f934942@group-58A987F56150-LeaderElection74] INFO  impl.LeaderElection (LeaderElection.java:askForVotes(178)) - 327657b1-60f8-49f2-b2a3-f63e1f934942@group-58A987F56150-LeaderElection74: begin an election at term 80 for -1: [6605b8a5-570b-4977-9ee7-6aaf3012bed5:192.168.164.233:35223, 327657b1-60f8-49f2-b2a3-f63e1f934942:192.168.164.233:41966, ddd4789c-894d-475a-bbfb-f6e7aa670c92:192.168.164.233:41061], old=null
2019-10-18 14:58:08,702 [grpc-default-executor-2] INFO  impl.RaftServerImpl (RaftServerImpl.java:setRole(184)) - 6605b8a5-570b-4977-9ee7-6aaf3012bed5@group-58A987F56150: changes role from  FOLLOWER to FOLLOWER at term 80 for recognizeCandidate:327657b1-60f8-49f2-b2a3-f63e1f934942
2019-10-18 14:58:08,703 [grpc-default-executor-2] INFO  impl.RoleInfo (RoleInfo.java:shutdownFollowerState(121)) - 6605b8a5-570b-4977-9ee7-6aaf3012bed5: shutdown FollowerState
2019-10-18 14:58:08,703 [grpc-default-executor-3] INFO  impl.RaftServerImpl (RaftServerImpl.java:setRole(184)) - ddd4789c-894d-475a-bbfb-f6e7aa670c92@group-58A987F56150: changes role from  FOLLOWER to FOLLOWER at term 80 for recognizeCandidate:327657b1-60f8-49f2-b2a3-f63e1f934942
2019-10-18 14:58:08,703 [Thread-713] INFO  impl.FollowerState (FollowerState.java:run(117)) - 6605b8a5-570b-4977-9ee7-6aaf3012bed5@group-58A987F56150-FollowerState was interrupted: java.lang.InterruptedException: sleep interrupted
2019-10-18 14:58:08,703 [grpc-default-executor-2] INFO  impl.RoleInfo (RoleInfo.java:updateAndGet(143)) - 6605b8a5-570b-4977-9ee7-6aaf3012bed5: start FollowerState
2019-10-18 14:58:08,703 [grpc-default-executor-3] INFO  impl.RoleInfo (RoleInfo.java:shutdownFollowerState(121)) - ddd4789c-894d-475a-bbfb-f6e7aa670c92: shutdown FollowerState
2019-10-18 14:58:08,703 [grpc-default-executor-3] INFO  impl.RoleInfo (RoleInfo.java:updateAndGet(143)) - ddd4789c-894d-475a-bbfb-f6e7aa670c92: start FollowerState
2019-10-18 14:58:08,704 [Thread-712] INFO  impl.FollowerState (FollowerState.java:run(117)) - ddd4789c-894d-475a-bbfb-f6e7aa670c92@group-58A987F56150-FollowerState was interrupted: java.lang.InterruptedException: sleep interrupted
2019-10-18 14:58:08,726 [327657b1-60f8-49f2-b2a3-f63e1f934942@group-58A987F56150-LeaderElection74] INFO  impl.LeaderElection (LeaderElection.java:logAndReturn(56)) - 327657b1-60f8-49f2-b2a3-f63e1f934942@group-58A987F56150-LeaderElection74: Election REJECTED; received 2 response(s) [327657b1-60f8-49f2-b2a3-f63e1f934942<-6605b8a5-570b-4977-9ee7-6aaf3012bed5#0:FAIL-t80, 327657b1-60f8-49f2-b2a3-f63e1f934942<-ddd4789c-894d-475a-bbfb-f6e7aa670c92#0:FAIL-t80] and 0 exception(s); 327657b1-60f8-49f2-b2a3-f63e1f934942@group-58A987F56150:t80, leader=null, voted=327657b1-60f8-49f2-b2a3-f63e1f934942, raftlog=327657b1-60f8-49f2-b2a3-f63e1f934942@group-58A987F56150-SegmentedRaftLog:OPENED:c-1,f-1,i0, conf=-1: [6605b8a5-570b-4977-9ee7-6aaf3012bed5:192.168.164.233:35223, 327657b1-60f8-49f2-b2a3-f63e1f934942:192.168.164.233:41966, ddd4789c-894d-475a-bbfb-f6e7aa670c92:192.168.164.233:41061], old=null
2019-10-18 14:58:08,726 [327657b1-60f8-49f2-b2a3-f63e1f934942@group-58A987F56150-LeaderElection74] INFO  impl.RaftServerImpl (RaftServerImpl.java:setRole(184)) - 327657b1-60f8-49f2-b2a3-f63e1f934942@group-58A987F56150: changes role from CANDIDATE to FOLLOWER at term 80 for DISCOVERED_A_NEW_TERM
2019-10-18 14:58:08,726 [327657b1-60f8-49f2-b2a3-f63e1f934942@group-58A987F56150-LeaderElection74] INFO  impl.RoleInfo (RoleInfo.java:shutdownLeaderElection(134)) - 327657b1-60f8-49f2-b2a3-f63e1f934942: shutdown LeaderElection
2019-10-18 14:58:08,726 [327657b1-60f8-49f2-b2a3-f63e1f934942@group-58A987F56150-LeaderElection74] INFO  impl.RoleInfo (RoleInfo.java:updateAndGet(143)) - 327657b1-60f8-49f2-b2a3-f63e1f934942: start FollowerState
2019-10-18 14:58:08,903 [Thread-720] INFO  impl.FollowerState (FollowerState.java:run(108)) - 327657b1-60f8-49f2-b2a3-f63e1f934942@group-58A987F56150-FollowerState: change to CANDIDATE, lastRpcTime:176ms, electionTimeout:176ms
2019-10-18 14:58:08,903 [Thread-720] INFO  impl.RoleInfo (RoleInfo.java:shutdownFollowerState(121)) - 327657b1-60f8-49f2-b2a3-f63e1f934942: shutdown FollowerState
2019-10-18 14:58:08,903 [Thread-720] INFO  impl.RaftServerImpl (RaftServerImpl.java:setRole(184)) - 327657b1-60f8-49f2-b2a3-f63e1f934942@group-58A987F56150: changes role from  FOLLOWER to CANDIDATE at term 80 for changeToCandidate
2019-10-18 14:58:08,903 [Thread-720] INFO  impl.RoleInfo (RoleInfo.java:updateAndGet(143)) - 327657b1-60f8-49f2-b2a3-f63e1f934942: start LeaderElection
2019-10-18 14:58:08,929 [327657b1-60f8-49f2-b2a3-f63e1f934942@group-58A987F56150-LeaderElection75] INFO  impl.LeaderElection (LeaderElection.java:askForVotes(178)) - 327657b1-60f8-49f2-b2a3-f63e1f934942@group-58A987F56150-LeaderElection75: begin an election at term 81 for -1: [6605b8a5-570b-4977-9ee7-6aaf3012bed5:192.168.164.233:35223, 327657b1-60f8-49f2-b2a3-f63e1f934942:192.168.164.233:41966, ddd4789c-894d-475a-bbfb-f6e7aa670c92:192.168.164.233:41061], old=null
2019-10-18 14:58:08,932 [grpc-default-executor-3] INFO  impl.RaftServerImpl (RaftServerImpl.java:setRole(184)) - 6605b8a5-570b-4977-9ee7-6aaf3012bed5@group-58A987F56150: changes role from  FOLLOWER to FOLLOWER at term 81 for recognizeCandidate:327657b1-60f8-49f2-b2a3-f63e1f934942
2019-10-18 14:58:08,932 [grpc-default-executor-2] INFO  impl.RaftServerImpl (RaftServerImpl.java:setRole(184)) - ddd4789c-894d-475a-bbfb-f6e7aa670c92@group-58A987F56150: changes role from  FOLLOWER to FOLLOWER at term 81 for recognizeCandidate:327657b1-60f8-49f2-b2a3-f63e1f934942
2019-10-18 14:58:08,932 [grpc-default-executor-3] INFO  impl.RoleInfo (RoleInfo.java:shutdownFollowerState(121)) - 6605b8a5-570b-4977-9ee7-6aaf3012bed5: shutdown FollowerState
2019-10-18 14:58:08,933 [grpc-default-executor-2] INFO  impl.RoleInfo (RoleInfo.java:shutdownFollowerState(121)) - ddd4789c-894d-475a-bbfb-f6e7aa670c92: shutdown FollowerState
2019-10-18 14:58:08,933 [Thread-718] INFO  impl.FollowerState (FollowerState.java:run(117)) - 6605b8a5-570b-4977-9ee7-6aaf3012bed5@group-58A987F56150-FollowerState was interrupted: java.lang.InterruptedException: sleep interrupted
2019-10-18 14:58:08,933 [Thread-719] INFO  impl.FollowerState (FollowerState.java:run(117)) - ddd4789c-894d-475a-bbfb-f6e7aa670c92@group-58A987F56150-FollowerState was interrupted: java.lang.InterruptedException: sleep interrupted
2019-10-18 14:58:08,933 [grpc-default-executor-3] INFO  impl.RoleInfo (RoleInfo.java:updateAndGet(143)) - 6605b8a5-570b-4977-9ee7-6aaf3012bed5: start FollowerState
2019-10-18 14:58:08,933 [grpc-default-executor-2] INFO  impl.RoleInfo (RoleInfo.java:updateAndGet(143)) - ddd4789c-894d-475a-bbfb-f6e7aa670c92: start FollowerState
2019-10-18 14:58:08,957 [327657b1-60f8-49f2-b2a3-f63e1f934942@group-58A987F56150-LeaderElection75] INFO  impl.LeaderElection (LeaderElection.java:logAndReturn(56)) - 327657b1-60f8-49f2-b2a3-f63e1f934942@group-58A987F56150-LeaderElection75: Election TIMEOUT; received 0 response(s) [] and 0 exception(s); 327657b1-60f8-49f2-b2a3-f63e1f934942@group-58A987F56150:t81, leader=null, voted=327657b1-60f8-49f2-b2a3-f63e1f934942, raftlog=327657b1-60f8-49f2-b2a3-f63e1f934942@group-58A987F56150-SegmentedRaftLog:OPENED:c-1,f-1,i0, conf=-1: [6605b8a5-570b-4977-9ee7-6aaf3012bed5:192.168.164.233:35223, 327657b1-60f8-49f2-b2a3-f63e1f934942:192.168.164.233:41966, ddd4789c-894d-475a-bbfb-f6e7aa670c92:192.168.164.233:41061], old=null
2019-10-18 14:58:08,963 [327657b1-60f8-49f2-b2a3-f63e1f934942@group-58A987F56150-LeaderElection75] INFO  impl.LeaderElection (LeaderElection.java:askForVotes(178)) - 327657b1-60f8-49f2-b2a3-f63e1f934942@group-58A987F56150-LeaderElection75: begin an election at term 82 for -1: [6605b8a5-570b-4977-9ee7-6aaf3012bed5:192.168.164.233:35223, 327657b1-60f8-49f2-b2a3-f63e1f934942:192.168.164.233:41966, ddd4789c-894d-475a-bbfb-f6e7aa670c92:192.168.164.233:41061], old=null
2019-10-18 14:58:08,965 [grpc-default-executor-3] INFO  impl.RaftServerImpl (RaftServerImpl.java:setRole(184)) - ddd4789c-894d-475a-bbfb-f6e7aa670c92@group-58A987F56150: changes role from  FOLLOWER to FOLLOWER at term 82 for recognizeCandidate:327657b1-60f8-49f2-b2a3-f63e1f934942
2019-10-18 14:58:08,965 [grpc-default-executor-2] INFO  impl.RaftServerImpl (RaftServerImpl.java:setRole(184)) - 6605b8a5-570b-4977-9ee7-6aaf3012bed5@group-58A987F56150: changes role from  FOLLOWER to FOLLOWER at term 82 for recognizeCandidate:327657b1-60f8-49f2-b2a3-f63e1f934942
2019-10-18 14:58:08,965 [grpc-default-executor-3] INFO  impl.RoleInfo (RoleInfo.java:shutdownFollowerState(121)) - ddd4789c-894d-475a-bbfb-f6e7aa670c92: shutdown FollowerState
2019-10-18 14:58:08,966 [grpc-default-executor-2] INFO  impl.RoleInfo (RoleInfo.java:shutdownFollowerState(121)) - 6605b8a5-570b-4977-9ee7-6aaf3012bed5: shutdown FollowerState
2019-10-18 14:58:08,966 [Thread-726] INFO  impl.FollowerState (FollowerState.java:run(117)) - ddd4789c-894d-475a-bbfb-f6e7aa670c92@group-58A987F56150-FollowerState was interrupted: java.lang.InterruptedException: sleep interrupted
2019-10-18 14:58:08,966 [grpc-default-executor-3] INFO  impl.RoleInfo (RoleInfo.java:updateAndGet(143)) - ddd4789c-894d-475a-bbfb-f6e7aa670c92: start FollowerState
2019-10-18 14:58:08,966 [Thread-725] INFO  impl.FollowerState (FollowerState.java:run(117)) - 6605b8a5-570b-4977-9ee7-6aaf3012bed5@group-58A987F56150-FollowerState was interrupted: java.lang.InterruptedException: sleep interrupted
2019-10-18 14:58:08,966 [grpc-default-executor-2] INFO  impl.RoleInfo (RoleInfo.java:updateAndGet(143)) - 6605b8a5-570b-4977-9ee7-6aaf3012bed5: start FollowerState
2019-10-18 14:58:08,977 [327657b1-60f8-49f2-b2a3-f63e1f934942@group-58A987F56150-LeaderElection75] INFO  impl.LeaderElection (LeaderElection.java:logAndReturn(56)) - 327657b1-60f8-49f2-b2a3-f63e1f934942@group-58A987F56150-LeaderElection75: Election REJECTED; received 2 response(s) [327657b1-60f8-49f2-b2a3-f63e1f934942<-6605b8a5-570b-4977-9ee7-6aaf3012bed5#0:FAIL-t82, 327657b1-60f8-49f2-b2a3-f63e1f934942<-ddd4789c-894d-475a-bbfb-f6e7aa670c92#0:FAIL-t82] and 0 exception(s); 327657b1-60f8-49f2-b2a3-f63e1f934942@group-58A987F56150:t82, leader=null, voted=327657b1-60f8-49f2-b2a3-f63e1f934942, raftlog=327657b1-60f8-49f2-b2a3-f63e1f934942@group-58A987F56150-SegmentedRaftLog:OPENED:c-1,f-1,i0, conf=-1: [6605b8a5-570b-4977-9ee7-6aaf3012bed5:192.168.164.233:35223, 327657b1-60f8-49f2-b2a3-f63e1f934942:192.168.164.233:41966, ddd4789c-894d-475a-bbfb-f6e7aa670c92:192.168.164.233:41061], old=null
2019-10-18 14:58:08,977 [327657b1-60f8-49f2-b2a3-f63e1f934942@group-58A987F56150-LeaderElection75] INFO  impl.RaftServerImpl (RaftServerImpl.java:setRole(184)) - 327657b1-60f8-49f2-b2a3-f63e1f934942@group-58A987F56150: changes role from CANDIDATE to FOLLOWER at term 82 for DISCOVERED_A_NEW_TERM
2019-10-18 14:58:08,977 [327657b1-60f8-49f2-b2a3-f63e1f934942@group-58A987F56150-LeaderElection75] INFO  impl.RoleInfo (RoleInfo.java:shutdownLeaderElection(134)) - 327657b1-60f8-49f2-b2a3-f63e1f934942: shutdown LeaderElection
2019-10-18 14:58:08,978 [327657b1-60f8-49f2-b2a3-f63e1f934942@group-58A987F56150-LeaderElection75] INFO  impl.RoleInfo (RoleInfo.java:updateAndGet(143)) - 327657b1-60f8-49f2-b2a3-f63e1f934942: start FollowerState
2019-10-18 14:58:09,127 [Thread-731] INFO  impl.FollowerState (FollowerState.java:run(108)) - 327657b1-60f8-49f2-b2a3-f63e1f934942@group-58A987F56150-FollowerState: change to CANDIDATE, lastRpcTime:149ms, electionTimeout:149ms
2019-10-18 14:58:09,127 [Thread-731] INFO  impl.RoleInfo (RoleInfo.java:shutdownFollowerState(121)) - 327657b1-60f8-49f2-b2a3-f63e1f934942: shutdown FollowerState
2019-10-18 14:58:09,127 [Thread-731] INFO  impl.RaftServerImpl (RaftServerImpl.java:setRole(184)) - 327657b1-60f8-49f2-b2a3-f63e1f934942@group-58A987F56150: changes role from  FOLLOWER to CANDIDATE at term 82 for changeToCandidate
2019-10-18 14:58:09,128 [Thread-731] INFO  impl.RoleInfo (RoleInfo.java:updateAndGet(143)) - 327657b1-60f8-49f2-b2a3-f63e1f934942: start LeaderElection
2019-10-18 14:58:09,142 [327657b1-60f8-49f2-b2a3-f63e1f934942@group-58A987F56150-LeaderElection76] INFO  impl.LeaderElection (LeaderElection.java:askForVotes(178)) - 327657b1-60f8-49f2-b2a3-f63e1f934942@group-58A987F56150-LeaderElection76: begin an election at term 83 for -1: [6605b8a5-570b-4977-9ee7-6aaf3012bed5:192.168.164.233:35223, 327657b1-60f8-49f2-b2a3-f63e1f934942:192.168.164.233:41966, ddd4789c-894d-475a-bbfb-f6e7aa670c92:192.168.164.233:41061], old=null
2019-10-18 14:58:09,145 [grpc-default-executor-2] INFO  impl.RaftServerImpl (RaftServerImpl.java:setRole(184)) - 6605b8a5-570b-4977-9ee7-6aaf3012bed5@group-58A987F56150: changes role from  FOLLOWER to FOLLOWER at term 83 for recognizeCandidate:327657b1-60f8-49f2-b2a3-f63e1f934942
2019-10-18 14:58:09,145 [grpc-default-executor-3] INFO  impl.RaftServerImpl (RaftServerImpl.java:setRole(184)) - ddd4789c-894d-475a-bbfb-f6e7aa670c92@group-58A987F56150: changes role from  FOLLOWER to FOLLOWER at term 83 for recognizeCandidate:327657b1-60f8-49f2-b2a3-f63e1f934942
2019-10-18 14:58:09,145 [grpc-default-executor-2] INFO  impl.RoleInfo (RoleInfo.java:shutdownFollowerState(121)) - 6605b8a5-570b-4977-9ee7-6aaf3012bed5: shutdown FollowerState
2019-10-18 14:58:09,145 [grpc-default-executor-3] INFO  impl.RoleInfo (RoleInfo.java:shutdownFollowerState(121)) - ddd4789c-894d-475a-bbfb-f6e7aa670c92: shutdown FollowerState
2019-10-18 14:58:09,146 [Thread-730] INFO  impl.FollowerState (FollowerState.java:run(117)) - 6605b8a5-570b-4977-9ee7-6aaf3012bed5@group-58A987F56150-FollowerState was interrupted: java.lang.InterruptedException: sleep interrupted
2019-10-18 14:58:09,145 [grpc-default-executor-2] INFO  impl.RoleInfo (RoleInfo.java:updateAndGet(143)) - 6605b8a5-570b-4977-9ee7-6aaf3012bed5: start FollowerState
2019-10-18 14:58:09,146 [Thread-729] INFO  impl.FollowerState (FollowerState.java:run(117)) - ddd4789c-894d-475a-bbfb-f6e7aa670c92@group-58A987F56150-FollowerState was interrupted: java.lang.InterruptedException: sleep interrupted
2019-10-18 14:58:09,146 [grpc-default-executor-3] INFO  impl.RoleInfo (RoleInfo.java:updateAndGet(143)) - ddd4789c-894d-475a-bbfb-f6e7aa670c92: start FollowerState
2019-10-18 14:58:09,172 [327657b1-60f8-49f2-b2a3-f63e1f934942@group-58A987F56150-LeaderElection76] INFO  impl.LeaderElection (LeaderElection.java:logAndReturn(56)) - 327657b1-60f8-49f2-b2a3-f63e1f934942@group-58A987F56150-LeaderElection76: Election REJECTED; received 2 response(s) [327657b1-60f8-49f2-b2a3-f63e1f934942<-6605b8a5-570b-4977-9ee7-6aaf3012bed5#0:FAIL-t83, 327657b1-60f8-49f2-b2a3-f63e1f934942<-ddd4789c-894d-475a-bbfb-f6e7aa670c92#0:FAIL-t83] and 0 exception(s); 327657b1-60f8-49f2-b2a3-f63e1f934942@group-58A987F56150:t83, leader=null, voted=327657b1-60f8-49f2-b2a3-f63e1f934942, raftlog=327657b1-60f8-49f2-b2a3-f63e1f934942@group-58A987F56150-SegmentedRaftLog:OPENED:c-1,f-1,i0, conf=-1: [6605b8a5-570b-4977-9ee7-6aaf3012bed5:192.168.164.233:35223, 327657b1-60f8-49f2-b2a3-f63e1f934942:192.168.164.233:41966, ddd4789c-894d-475a-bbfb-f6e7aa670c92:192.168.164.233:41061], old=null
2019-10-18 14:58:09,173 [327657b1-60f8-49f2-b2a3-f63e1f934942@group-58A987F56150-LeaderElection76] INFO  impl.RaftServerImpl (RaftServerImpl.java:setRole(184)) - 327657b1-60f8-49f2-b2a3-f63e1f934942@group-58A987F56150: changes role from CANDIDATE to FOLLOWER at term 83 for DISCOVERED_A_NEW_TERM
2019-10-18 14:58:09,173 [327657b1-60f8-49f2-b2a3-f63e1f934942@group-58A987F56150-LeaderElection76] INFO  impl.RoleInfo (RoleInfo.java:shutdownLeaderElection(134)) - 327657b1-60f8-49f2-b2a3-f63e1f934942: shutdown LeaderElection
2019-10-18 14:58:09,173 [327657b1-60f8-49f2-b2a3-f63e1f934942@group-58A987F56150-LeaderElection76] INFO  impl.RoleInfo (RoleInfo.java:updateAndGet(143)) - 327657b1-60f8-49f2-b2a3-f63e1f934942: start FollowerState
2019-10-18 14:58:09,258 [Thread-737] INFO  impl.FollowerState (FollowerState.java:run(108)) - 327657b1-60f8-49f2-b2a3-f63e1f934942@group-58A987F56150-FollowerState: change to CANDIDATE, lastRpcTime:85ms, electionTimeout:85ms
2019-10-18 14:58:09,259 [Thread-737] INFO  impl.RoleInfo (RoleInfo.java:shutdownFollowerState(121)) - 327657b1-60f8-49f2-b2a3-f63e1f934942: shutdown FollowerState
2019-10-18 14:58:09,259 [Thread-737] INFO  impl.RaftServerImpl (RaftServerImpl.java:setRole(184)) - 327657b1-60f8-49f2-b2a3-f63e1f934942@group-58A987F56150: changes role from  FOLLOWER to CANDIDATE at term 83 for changeToCandidate
2019-10-18 14:58:09,259 [Thread-737] INFO  impl.RoleInfo (RoleInfo.java:updateAndGet(143)) - 327657b1-60f8-49f2-b2a3-f63e1f934942: start LeaderElection
2019-10-18 14:58:09,272 [327657b1-60f8-49f2-b2a3-f63e1f934942@group-58A987F56150-LeaderElection77] INFO  impl.LeaderElection (LeaderElection.java:askForVotes(178)) - 327657b1-60f8-49f2-b2a3-f63e1f934942@group-58A987F56150-LeaderElection77: begin an election at term 84 for -1: [6605b8a5-570b-4977-9ee7-6aaf3012bed5:192.168.164.233:35223, 327657b1-60f8-49f2-b2a3-f63e1f934942:192.168.164.233:41966, ddd4789c-894d-475a-bbfb-f6e7aa670c92:192.168.164.233:41061], old=null
2019-10-18 14:58:09,274 [grpc-default-executor-3] INFO  impl.RaftServerImpl (RaftServerImpl.java:setRole(184)) - 6605b8a5-570b-4977-9ee7-6aaf3012bed5@group-58A987F56150: changes role from  FOLLOWER to FOLLOWER at term 84 for recognizeCandidate:327657b1-60f8-49f2-b2a3-f63e1f934942
2019-10-18 14:58:09,274 [grpc-default-executor-2] INFO  impl.RaftServerImpl (RaftServerImpl.java:setRole(184)) - ddd4789c-894d-475a-bbfb-f6e7aa670c92@group-58A987F56150: changes role from  FOLLOWER to FOLLOWER at term 84 for recognizeCandidate:327657b1-60f8-49f2-b2a3-f63e1f934942
2019-10-18 14:58:09,275 [grpc-default-executor-2] INFO  impl.RoleInfo (RoleInfo.java:shutdownFollowerState(121)) - ddd4789c-894d-475a-bbfb-f6e7aa670c92: shutdown FollowerState
2019-10-18 14:58:09,274 [grpc-default-executor-3] INFO  impl.RoleInfo (RoleInfo.java:shutdownFollowerState(121)) - 6605b8a5-570b-4977-9ee7-6aaf3012bed5: shutdown FollowerState
2019-10-18 14:58:09,275 [grpc-default-executor-2] INFO  impl.RoleInfo (RoleInfo.java:updateAndGet(143)) - ddd4789c-894d-475a-bbfb-f6e7aa670c92: start FollowerState
2019-10-18 14:58:09,275 [Thread-736] INFO  impl.FollowerState (FollowerState.java:run(117)) - ddd4789c-894d-475a-bbfb-f6e7aa670c92@group-58A987F56150-FollowerState was interrupted: java.lang.InterruptedException: sleep interrupted
2019-10-18 14:58:09,275 [Thread-735] INFO  impl.FollowerState (FollowerState.java:run(117)) - 6605b8a5-570b-4977-9ee7-6aaf3012bed5@group-58A987F56150-FollowerState was interrupted: java.lang.InterruptedException: sleep interrupted
2019-10-18 14:58:09,275 [grpc-default-executor-3] INFO  impl.RoleInfo (RoleInfo.java:updateAndGet(143)) - 6605b8a5-570b-4977-9ee7-6aaf3012bed5: start FollowerState
2019-10-18 14:58:09,289 [327657b1-60f8-49f2-b2a3-f63e1f934942@group-58A987F56150-LeaderElection77] INFO  impl.LeaderElection (LeaderElection.java:logAndReturn(56)) - 327657b1-60f8-49f2-b2a3-f63e1f934942@group-58A987F56150-LeaderElection77: Election REJECTED; received 2 response(s) [327657b1-60f8-49f2-b2a3-f63e1f934942<-6605b8a5-570b-4977-9ee7-6aaf3012bed5#0:FAIL-t84, 327657b1-60f8-49f2-b2a3-f63e1f934942<-ddd4789c-894d-475a-bbfb-f6e7aa670c92#0:FAIL-t84] and 0 exception(s); 327657b1-60f8-49f2-b2a3-f63e1f934942@group-58A987F56150:t84, leader=null, voted=327657b1-60f8-49f2-b2a3-f63e1f934942, raftlog=327657b1-60f8-49f2-b2a3-f63e1f934942@group-58A987F56150-SegmentedRaftLog:OPENED:c-1,f-1,i0, conf=-1: [6605b8a5-570b-4977-9ee7-6aaf3012bed5:192.168.164.233:35223, 327657b1-60f8-49f2-b2a3-f63e1f934942:192.168.164.233:41966, ddd4789c-894d-475a-bbfb-f6e7aa670c92:192.168.164.233:41061], old=null
2019-10-18 14:58:09,289 [327657b1-60f8-49f2-b2a3-f63e1f934942@group-58A987F56150-LeaderElection77] INFO  impl.RaftServerImpl (RaftServerImpl.java:setRole(184)) - 327657b1-60f8-49f2-b2a3-f63e1f934942@group-58A987F56150: changes role from CANDIDATE to FOLLOWER at term 84 for DISCOVERED_A_NEW_TERM
2019-10-18 14:58:09,290 [327657b1-60f8-49f2-b2a3-f63e1f934942@group-58A987F56150-LeaderElection77] INFO  impl.RoleInfo (RoleInfo.java:shutdownLeaderElection(134)) - 327657b1-60f8-49f2-b2a3-f63e1f934942: shutdown LeaderElection
2019-10-18 14:58:09,290 [327657b1-60f8-49f2-b2a3-f63e1f934942@group-58A987F56150-LeaderElection77] INFO  impl.RoleInfo (RoleInfo.java:updateAndGet(143)) - 327657b1-60f8-49f2-b2a3-f63e1f934942: start FollowerState
2019-10-18 14:58:09,459 [Thread-743] INFO  impl.FollowerState (FollowerState.java:run(108)) - 327657b1-60f8-49f2-b2a3-f63e1f934942@group-58A987F56150-FollowerState: change to CANDIDATE, lastRpcTime:169ms, electionTimeout:169ms
2019-10-18 14:58:09,459 [Thread-743] INFO  impl.RoleInfo (RoleInfo.java:shutdownFollowerState(121)) - 327657b1-60f8-49f2-b2a3-f63e1f934942: shutdown FollowerState
2019-10-18 14:58:09,459 [Thread-743] INFO  impl.RaftServerImpl (RaftServerImpl.java:setRole(184)) - 327657b1-60f8-49f2-b2a3-f63e1f934942@group-58A987F56150: changes role from  FOLLOWER to CANDIDATE at term 84 for changeToCandidate
2019-10-18 14:58:09,460 [Thread-743] INFO  impl.RoleInfo (RoleInfo.java:updateAndGet(143)) - 327657b1-60f8-49f2-b2a3-f63e1f934942: start LeaderElection
2019-10-18 14:58:09,479 [327657b1-60f8-49f2-b2a3-f63e1f934942@group-58A987F56150-LeaderElection78] INFO  impl.LeaderElection (LeaderElection.java:askForVotes(178)) - 327657b1-60f8-49f2-b2a3-f63e1f934942@group-58A987F56150-LeaderElection78: begin an election at term 85 for -1: [6605b8a5-570b-4977-9ee7-6aaf3012bed5:192.168.164.233:35223, 327657b1-60f8-49f2-b2a3-f63e1f934942:192.168.164.233:41966, ddd4789c-894d-475a-bbfb-f6e7aa670c92:192.168.164.233:41061], old=null
2019-10-18 14:58:09,483 [grpc-default-executor-3] INFO  impl.RaftServerImpl (RaftServerImpl.java:setRole(184)) - 6605b8a5-570b-4977-9ee7-6aaf3012bed5@group-58A987F56150: changes role from  FOLLOWER to FOLLOWER at term 85 for recognizeCandidate:327657b1-60f8-49f2-b2a3-f63e1f934942
2019-10-18 14:58:09,483 [grpc-default-executor-3] INFO  impl.RoleInfo (RoleInfo.java:shutdownFollowerState(121)) - 6605b8a5-570b-4977-9ee7-6aaf3012bed5: shutdown FollowerState
2019-10-18 14:58:09,483 [grpc-default-executor-2] INFO  impl.RaftServerImpl (RaftServerImpl.java:setRole(184)) - ddd4789c-894d-475a-bbfb-f6e7aa670c92@group-58A987F56150: changes role from  FOLLOWER to FOLLOWER at term 85 for recognizeCandidate:327657b1-60f8-49f2-b2a3-f63e1f934942
2019-10-18 14:58:09,483 [Thread-742] INFO  impl.FollowerState (FollowerState.java:run(117)) - 6605b8a5-570b-4977-9ee7-6aaf3012bed5@group-58A987F56150-FollowerState was interrupted: java.lang.InterruptedException: sleep interrupted
2019-10-18 14:58:09,483 [grpc-default-executor-3] INFO  impl.RoleInfo (RoleInfo.java:updateAndGet(143)) - 6605b8a5-570b-4977-9ee7-6aaf3012bed5: start FollowerState
2019-10-18 14:58:09,483 [grpc-default-executor-2] INFO  impl.RoleInfo (RoleInfo.java:shutdownFollowerState(121)) - ddd4789c-894d-475a-bbfb-f6e7aa670c92: shutdown FollowerState
2019-10-18 14:58:09,484 [grpc-default-executor-2] INFO  impl.RoleInfo (RoleInfo.java:updateAndGet(143)) - ddd4789c-894d-475a-bbfb-f6e7aa670c92: start FollowerState
2019-10-18 14:58:09,484 [Thread-741] INFO  impl.FollowerState (FollowerState.java:run(117)) - ddd4789c-894d-475a-bbfb-f6e7aa670c92@group-58A987F56150-FollowerState was interrupted: java.lang.InterruptedException: sleep interrupted
2019-10-18 14:58:09,498 [327657b1-60f8-49f2-b2a3-f63e1f934942@group-58A987F56150-LeaderElection78] INFO  impl.LeaderElection (LeaderElection.java:logAndReturn(56)) - 327657b1-60f8-49f2-b2a3-f63e1f934942@group-58A987F56150-LeaderElection78: Election REJECTED; received 2 response(s) [327657b1-60f8-49f2-b2a3-f63e1f934942<-6605b8a5-570b-4977-9ee7-6aaf3012bed5#0:FAIL-t85, 327657b1-60f8-49f2-b2a3-f63e1f934942<-ddd4789c-894d-475a-bbfb-f6e7aa670c92#0:FAIL-t85] and 0 exception(s); 327657b1-60f8-49f2-b2a3-f63e1f934942@group-58A987F56150:t85, leader=null, voted=327657b1-60f8-49f2-b2a3-f63e1f934942, raftlog=327657b1-60f8-49f2-b2a3-f63e1f934942@group-58A987F56150-SegmentedRaftLog:OPENED:c-1,f-1,i0, conf=-1: [6605b8a5-570b-4977-9ee7-6aaf3012bed5:192.168.164.233:35223, 327657b1-60f8-49f2-b2a3-f63e1f934942:192.168.164.233:41966, ddd4789c-894d-475a-bbfb-f6e7aa670c92:192.168.164.233:41061], old=null
2019-10-18 14:58:09,498 [327657b1-60f8-49f2-b2a3-f63e1f934942@group-58A987F56150-LeaderElection78] INFO  impl.RaftServerImpl (RaftServerImpl.java:setRole(184)) - 327657b1-60f8-49f2-b2a3-f63e1f934942@group-58A987F56150: changes role from CANDIDATE to FOLLOWER at term 85 for DISCOVERED_A_NEW_TERM
2019-10-18 14:58:09,498 [327657b1-60f8-49f2-b2a3-f63e1f934942@group-58A987F56150-LeaderElection78] INFO  impl.RoleInfo (RoleInfo.java:shutdownLeaderElection(134)) - 327657b1-60f8-49f2-b2a3-f63e1f934942: shutdown LeaderElection
2019-10-18 14:58:09,499 [327657b1-60f8-49f2-b2a3-f63e1f934942@group-58A987F56150-LeaderElection78] INFO  impl.RoleInfo (RoleInfo.java:updateAndGet(143)) - 327657b1-60f8-49f2-b2a3-f63e1f934942: start FollowerState
2019-10-18 14:58:09,597 [Thread-749] INFO  impl.FollowerState (FollowerState.java:run(108)) - 327657b1-60f8-49f2-b2a3-f63e1f934942@group-58A987F56150-FollowerState: change to CANDIDATE, lastRpcTime:98ms, electionTimeout:98ms
2019-10-18 14:58:09,597 [Thread-749] INFO  impl.RoleInfo (RoleInfo.java:shutdownFollowerState(121)) - 327657b1-60f8-49f2-b2a3-f63e1f934942: shutdown FollowerState
2019-10-18 14:58:09,597 [Thread-749] INFO  impl.RaftServerImpl (RaftServerImpl.java:setRole(184)) - 327657b1-60f8-49f2-b2a3-f63e1f934942@group-58A987F56150: changes role from  FOLLOWER to CANDIDATE at term 85 for changeToCandidate
2019-10-18 14:58:09,598 [Thread-749] INFO  impl.RoleInfo (RoleInfo.java:updateAndGet(143)) - 327657b1-60f8-49f2-b2a3-f63e1f934942: start LeaderElection
2019-10-18 14:58:09,611 [327657b1-60f8-49f2-b2a3-f63e1f934942@group-58A987F56150-LeaderElection79] INFO  impl.LeaderElection (LeaderElection.java:askForVotes(178)) - 327657b1-60f8-49f2-b2a3-f63e1f934942@group-58A987F56150-LeaderElection79: begin an election at term 86 for -1: [6605b8a5-570b-4977-9ee7-6aaf3012bed5:192.168.164.233:35223, 327657b1-60f8-49f2-b2a3-f63e1f934942:192.168.164.233:41966, ddd4789c-894d-475a-bbfb-f6e7aa670c92:192.168.164.233:41061], old=null
2019-10-18 14:58:09,613 [grpc-default-executor-3] INFO  impl.RaftServerImpl (RaftServerImpl.java:setRole(184)) - 6605b8a5-570b-4977-9ee7-6aaf3012bed5@group-58A987F56150: changes role from  FOLLOWER to FOLLOWER at term 86 for recognizeCandidate:327657b1-60f8-49f2-b2a3-f63e1f934942
2019-10-18 14:58:09,613 [grpc-default-executor-2] INFO  impl.RaftServerImpl (RaftServerImpl.java:setRole(184)) - ddd4789c-894d-475a-bbfb-f6e7aa670c92@group-58A987F56150: changes role from  FOLLOWER to FOLLOWER at term 86 for recognizeCandidate:327657b1-60f8-49f2-b2a3-f63e1f934942
2019-10-18 14:58:09,614 [grpc-default-executor-3] INFO  impl.RoleInfo (RoleInfo.java:shutdownFollowerState(121)) - 6605b8a5-570b-4977-9ee7-6aaf3012bed5: shutdown FollowerState
2019-10-18 14:58:09,614 [grpc-default-executor-2] INFO  impl.RoleInfo (RoleInfo.java:shutdownFollowerState(121)) - ddd4789c-894d-475a-bbfb-f6e7aa670c92: shutdown FollowerState
2019-10-18 14:58:09,614 [Thread-747] INFO  impl.FollowerState (FollowerState.java:run(117)) - 6605b8a5-570b-4977-9ee7-6aaf3012bed5@group-58A987F56150-FollowerState was interrupted: java.lang.InterruptedException: sleep interrupted
2019-10-18 14:58:09,614 [grpc-default-executor-3] INFO  impl.RoleInfo (RoleInfo.java:updateAndGet(143)) - 6605b8a5-570b-4977-9ee7-6aaf3012bed5: start FollowerState
2019-10-18 14:58:09,614 [Thread-748] INFO  impl.FollowerState (FollowerState.java:run(117)) - ddd4789c-894d-475a-bbfb-f6e7aa670c92@group-58A987F56150-FollowerState was interrupted: java.lang.InterruptedException: sleep interrupted
2019-10-18 14:58:09,614 [grpc-default-executor-2] INFO  impl.RoleInfo (RoleInfo.java:updateAndGet(143)) - ddd4789c-894d-475a-bbfb-f6e7aa670c92: start FollowerState
2019-10-18 14:58:09,641 [327657b1-60f8-49f2-b2a3-f63e1f934942@group-58A987F56150-LeaderElection79] INFO  impl.LeaderElection (LeaderElection.java:logAndReturn(56)) - 327657b1-60f8-49f2-b2a3-f63e1f934942@group-58A987F56150-LeaderElection79: Election REJECTED; received 2 response(s) [327657b1-60f8-49f2-b2a3-f63e1f934942<-6605b8a5-570b-4977-9ee7-6aaf3012bed5#0:FAIL-t86, 327657b1-60f8-49f2-b2a3-f63e1f934942<-ddd4789c-894d-475a-bbfb-f6e7aa670c92#0:FAIL-t86] and 0 exception(s); 327657b1-60f8-49f2-b2a3-f63e1f934942@group-58A987F56150:t86, leader=null, voted=327657b1-60f8-49f2-b2a3-f63e1f934942, raftlog=327657b1-60f8-49f2-b2a3-f63e1f934942@group-58A987F56150-SegmentedRaftLog:OPENED:c-1,f-1,i0, conf=-1: [6605b8a5-570b-4977-9ee7-6aaf3012bed5:192.168.164.233:35223, 327657b1-60f8-49f2-b2a3-f63e1f934942:192.168.164.233:41966, ddd4789c-894d-475a-bbfb-f6e7aa670c92:192.168.164.233:41061], old=null
2019-10-18 14:58:09,641 [327657b1-60f8-49f2-b2a3-f63e1f934942@group-58A987F56150-LeaderElection79] INFO  impl.RaftServerImpl (RaftServerImpl.java:setRole(184)) - 327657b1-60f8-49f2-b2a3-f63e1f934942@group-58A987F56150: changes role from CANDIDATE to FOLLOWER at term 86 for DISCOVERED_A_NEW_TERM
2019-10-18 14:58:09,642 [327657b1-60f8-49f2-b2a3-f63e1f934942@group-58A987F56150-LeaderElection79] INFO  impl.RoleInfo (RoleInfo.java:shutdownLeaderElection(134)) - 327657b1-60f8-49f2-b2a3-f63e1f934942: shutdown LeaderElection
2019-10-18 14:58:09,642 [327657b1-60f8-49f2-b2a3-f63e1f934942@group-58A987F56150-LeaderElection79] INFO  impl.RoleInfo (RoleInfo.java:updateAndGet(143)) - 327657b1-60f8-49f2-b2a3-f63e1f934942: start FollowerState
2019-10-18 14:58:09,645 [Thread-757] INFO  impl.FollowerState (FollowerState.java:run(108)) - 327657b1-60f8-49f2-b2a3-f63e1f934942@group-58A987F56150-FollowerState: change to CANDIDATE, lastRpcTime:3ms, electionTimeout:3ms
2019-10-18 14:58:09,645 [Thread-757] INFO  impl.RoleInfo (RoleInfo.java:shutdownFollowerState(121)) - 327657b1-60f8-49f2-b2a3-f63e1f934942: shutdown FollowerState
2019-10-18 14:58:09,646 [Thread-757] INFO  impl.RaftServerImpl (RaftServerImpl.java:setRole(184)) - 327657b1-60f8-49f2-b2a3-f63e1f934942@group-58A987F56150: changes role from  FOLLOWER to CANDIDATE at term 86 for changeToCandidate
2019-10-18 14:58:09,646 [Thread-757] INFO  impl.RoleInfo (RoleInfo.java:updateAndGet(143)) - 327657b1-60f8-49f2-b2a3-f63e1f934942: start LeaderElection
2019-10-18 14:58:09,659 [327657b1-60f8-49f2-b2a3-f63e1f934942@group-58A987F56150-LeaderElection80] INFO  impl.LeaderElection (LeaderElection.java:askForVotes(178)) - 327657b1-60f8-49f2-b2a3-f63e1f934942@group-58A987F56150-LeaderElection80: begin an election at term 87 for -1: [6605b8a5-570b-4977-9ee7-6aaf3012bed5:192.168.164.233:35223, 327657b1-60f8-49f2-b2a3-f63e1f934942:192.168.164.233:41966, ddd4789c-894d-475a-bbfb-f6e7aa670c92:192.168.164.233:41061], old=null
2019-10-18 14:58:09,661 [grpc-default-executor-2] INFO  impl.RaftServerImpl (RaftServerImpl.java:setRole(184)) - ddd4789c-894d-475a-bbfb-f6e7aa670c92@group-58A987F56150: changes role from  FOLLOWER to FOLLOWER at term 87 for recognizeCandidate:327657b1-60f8-49f2-b2a3-f63e1f934942
2019-10-18 14:58:09,662 [grpc-default-executor-3] INFO  impl.RaftServerImpl (RaftServerImpl.java:setRole(184)) - 6605b8a5-570b-4977-9ee7-6aaf3012bed5@group-58A987F56150: changes role from  FOLLOWER to FOLLOWER at term 87 for recognizeCandidate:327657b1-60f8-49f2-b2a3-f63e1f934942
2019-10-18 14:58:09,662 [grpc-default-executor-2] INFO  impl.RoleInfo (RoleInfo.java:shutdownFollowerState(121)) - ddd4789c-894d-475a-bbfb-f6e7aa670c92: shutdown FollowerState
2019-10-18 14:58:09,662 [grpc-default-executor-3] INFO  impl.RoleInfo (RoleInfo.java:shutdownFollowerState(121)) - 6605b8a5-570b-4977-9ee7-6aaf3012bed5: shutdown FollowerState
2019-10-18 14:58:09,662 [Thread-756] INFO  impl.FollowerState (FollowerState.java:run(117)) - ddd4789c-894d-475a-bbfb-f6e7aa670c92@group-58A987F56150-FollowerState was interrupted: java.lang.InterruptedException: sleep interrupted
2019-10-18 14:58:09,662 [Thread-755] INFO  impl.FollowerState (FollowerState.java:run(117)) - 6605b8a5-570b-4977-9ee7-6aaf3012bed5@group-58A987F56150-FollowerState was interrupted: java.lang.InterruptedException: sleep interrupted
2019-10-18 14:58:09,662 [grpc-default-executor-2] INFO  impl.RoleInfo (RoleInfo.java:updateAndGet(143)) - ddd4789c-894d-475a-bbfb-f6e7aa670c92: start FollowerState
2019-10-18 14:58:09,662 [grpc-default-executor-3] INFO  impl.RoleInfo (RoleInfo.java:updateAndGet(143)) - 6605b8a5-570b-4977-9ee7-6aaf3012bed5: start FollowerState
2019-10-18 14:58:09,688 [327657b1-60f8-49f2-b2a3-f63e1f934942@group-58A987F56150-LeaderElection80] INFO  impl.LeaderElection (LeaderElection.java:logAndReturn(56)) - 327657b1-60f8-49f2-b2a3-f63e1f934942@group-58A987F56150-LeaderElection80: Election REJECTED; received 2 response(s) [327657b1-60f8-49f2-b2a3-f63e1f934942<-6605b8a5-570b-4977-9ee7-6aaf3012bed5#0:FAIL-t87, 327657b1-60f8-49f2-b2a3-f63e1f934942<-ddd4789c-894d-475a-bbfb-f6e7aa670c92#0:FAIL-t87] and 0 exception(s); 327657b1-60f8-49f2-b2a3-f63e1f934942@group-58A987F56150:t87, leader=null, voted=327657b1-60f8-49f2-b2a3-f63e1f934942, raftlog=327657b1-60f8-49f2-b2a3-f63e1f934942@group-58A987F56150-SegmentedRaftLog:OPENED:c-1,f-1,i0, conf=-1: [6605b8a5-570b-4977-9ee7-6aaf3012bed5:192.168.164.233:35223, 327657b1-60f8-49f2-b2a3-f63e1f934942:192.168.164.233:41966, ddd4789c-894d-475a-bbfb-f6e7aa670c92:192.168.164.233:41061], old=null
2019-10-18 14:58:09,689 [327657b1-60f8-49f2-b2a3-f63e1f934942@group-58A987F56150-LeaderElection80] INFO  impl.RaftServerImpl (RaftServerImpl.java:setRole(184)) - 327657b1-60f8-49f2-b2a3-f63e1f934942@group-58A987F56150: changes role from CANDIDATE to FOLLOWER at term 87 for DISCOVERED_A_NEW_TERM
2019-10-18 14:58:09,689 [327657b1-60f8-49f2-b2a3-f63e1f934942@group-58A987F56150-LeaderElection80] INFO  impl.RoleInfo (RoleInfo.java:shutdownLeaderElection(134)) - 327657b1-60f8-49f2-b2a3-f63e1f934942: shutdown LeaderElection
2019-10-18 14:58:09,689 [327657b1-60f8-49f2-b2a3-f63e1f934942@group-58A987F56150-LeaderElection80] INFO  impl.RoleInfo (RoleInfo.java:updateAndGet(143)) - 327657b1-60f8-49f2-b2a3-f63e1f934942: start FollowerState
2019-10-18 14:58:09,702 [Thread-763] INFO  impl.FollowerState (FollowerState.java:run(108)) - 327657b1-60f8-49f2-b2a3-f63e1f934942@group-58A987F56150-FollowerState: change to CANDIDATE, lastRpcTime:13ms, electionTimeout:13ms
2019-10-18 14:58:09,702 [Thread-763] INFO  impl.RoleInfo (RoleInfo.java:shutdownFollowerState(121)) - 327657b1-60f8-49f2-b2a3-f63e1f934942: shutdown FollowerState
2019-10-18 14:58:09,703 [Thread-763] INFO  impl.RaftServerImpl (RaftServerImpl.java:setRole(184)) - 327657b1-60f8-49f2-b2a3-f63e1f934942@group-58A987F56150: changes role from  FOLLOWER to CANDIDATE at term 87 for changeToCandidate
2019-10-18 14:58:09,703 [Thread-763] INFO  impl.RoleInfo (RoleInfo.java:updateAndGet(143)) - 327657b1-60f8-49f2-b2a3-f63e1f934942: start LeaderElection
2019-10-18 14:58:09,707 [327657b1-60f8-49f2-b2a3-f63e1f934942@group-58A987F56150-LeaderElection81] INFO  impl.LeaderElection (LeaderElection.java:askForVotes(178)) - 327657b1-60f8-49f2-b2a3-f63e1f934942@group-58A987F56150-LeaderElection81: begin an election at term 88 for -1: [6605b8a5-570b-4977-9ee7-6aaf3012bed5:192.168.164.233:35223, 327657b1-60f8-49f2-b2a3-f63e1f934942:192.168.164.233:41966, ddd4789c-894d-475a-bbfb-f6e7aa670c92:192.168.164.233:41061], old=null
2019-10-18 14:58:09,709 [grpc-default-executor-2] INFO  impl.RaftServerImpl (RaftServerImpl.java:setRole(184)) - 6605b8a5-570b-4977-9ee7-6aaf3012bed5@group-58A987F56150: changes role from  FOLLOWER to FOLLOWER at term 88 for recognizeCandidate:327657b1-60f8-49f2-b2a3-f63e1f934942
2019-10-18 14:58:09,709 [grpc-default-executor-2] INFO  impl.RoleInfo (RoleInfo.java:shutdownFollowerState(121)) - 6605b8a5-570b-4977-9ee7-6aaf3012bed5: shutdown FollowerState
2019-10-18 14:58:09,709 [grpc-default-executor-3] INFO  impl.RaftServerImpl (RaftServerImpl.java:setRole(184)) - ddd4789c-894d-475a-bbfb-f6e7aa670c92@group-58A987F56150: changes role from  FOLLOWER to FOLLOWER at term 88 for recognizeCandidate:327657b1-60f8-49f2-b2a3-f63e1f934942
2019-10-18 14:58:09,709 [Thread-762] INFO  impl.FollowerState (FollowerState.java:run(117)) - 6605b8a5-570b-4977-9ee7-6aaf3012bed5@group-58A987F56150-FollowerState was interrupted: java.lang.InterruptedException: sleep interrupted
2019-10-18 14:58:09,709 [grpc-default-executor-2] INFO  impl.RoleInfo (RoleInfo.java:updateAndGet(143)) - 6605b8a5-570b-4977-9ee7-6aaf3012bed5: start FollowerState
2019-10-18 14:58:09,710 [grpc-default-executor-3] INFO  impl.RoleInfo (RoleInfo.java:shutdownFollowerState(121)) - ddd4789c-894d-475a-bbfb-f6e7aa670c92: shutdown FollowerState
2019-10-18 14:58:09,710 [grpc-default-executor-3] INFO  impl.RoleInfo (RoleInfo.java:updateAndGet(143)) - ddd4789c-894d-475a-bbfb-f6e7aa670c92: start FollowerState
2019-10-18 14:58:09,710 [Thread-761] INFO  impl.FollowerState (FollowerState.java:run(117)) - ddd4789c-894d-475a-bbfb-f6e7aa670c92@group-58A987F56150-FollowerState was interrupted: java.lang.InterruptedException: sleep interrupted
2019-10-18 14:58:09,728 [327657b1-60f8-49f2-b2a3-f63e1f934942@group-58A987F56150-LeaderElection81] INFO  impl.LeaderElection (LeaderElection.java:logAndReturn(56)) - 327657b1-60f8-49f2-b2a3-f63e1f934942@group-58A987F56150-LeaderElection81: Election REJECTED; received 2 response(s) [327657b1-60f8-49f2-b2a3-f63e1f934942<-6605b8a5-570b-4977-9ee7-6aaf3012bed5#0:FAIL-t88, 327657b1-60f8-49f2-b2a3-f63e1f934942<-ddd4789c-894d-475a-bbfb-f6e7aa670c92#0:FAIL-t88] and 0 exception(s); 327657b1-60f8-49f2-b2a3-f63e1f934942@group-58A987F56150:t88, leader=null, voted=327657b1-60f8-49f2-b2a3-f63e1f934942, raftlog=327657b1-60f8-49f2-b2a3-f63e1f934942@group-58A987F56150-SegmentedRaftLog:OPENED:c-1,f-1,i0, conf=-1: [6605b8a5-570b-4977-9ee7-6aaf3012bed5:192.168.164.233:35223, 327657b1-60f8-49f2-b2a3-f63e1f934942:192.168.164.233:41966, ddd4789c-894d-475a-bbfb-f6e7aa670c92:192.168.164.233:41061], old=null
2019-10-18 14:58:09,728 [327657b1-60f8-49f2-b2a3-f63e1f934942@group-58A987F56150-LeaderElection81] INFO  impl.RaftServerImpl (RaftServerImpl.java:setRole(184)) - 327657b1-60f8-49f2-b2a3-f63e1f934942@group-58A987F56150: changes role from CANDIDATE to FOLLOWER at term 88 for DISCOVERED_A_NEW_TERM
2019-10-18 14:58:09,728 [327657b1-60f8-49f2-b2a3-f63e1f934942@group-58A987F56150-LeaderElection81] INFO  impl.RoleInfo (RoleInfo.java:shutdownLeaderElection(134)) - 327657b1-60f8-49f2-b2a3-f63e1f934942: shutdown LeaderElection
2019-10-18 14:58:09,728 [327657b1-60f8-49f2-b2a3-f63e1f934942@group-58A987F56150-LeaderElection81] INFO  impl.RoleInfo (RoleInfo.java:updateAndGet(143)) - 327657b1-60f8-49f2-b2a3-f63e1f934942: start FollowerState
2019-10-18 14:58:09,842 [Thread-769] INFO  impl.FollowerState (FollowerState.java:run(108)) - 327657b1-60f8-49f2-b2a3-f63e1f934942@group-58A987F56150-FollowerState: change to CANDIDATE, lastRpcTime:113ms, electionTimeout:113ms
2019-10-18 14:58:09,842 [Thread-769] INFO  impl.RoleInfo (RoleInfo.java:shutdownFollowerState(121)) - 327657b1-60f8-49f2-b2a3-f63e1f934942: shutdown FollowerState
2019-10-18 14:58:09,842 [Thread-769] INFO  impl.RaftServerImpl (RaftServerImpl.java:setRole(184)) - 327657b1-60f8-49f2-b2a3-f63e1f934942@group-58A987F56150: changes role from  FOLLOWER to CANDIDATE at term 88 for changeToCandidate
2019-10-18 14:58:09,842 [Thread-769] INFO  impl.RoleInfo (RoleInfo.java:updateAndGet(143)) - 327657b1-60f8-49f2-b2a3-f63e1f934942: start LeaderElection
2019-10-18 14:58:09,856 [327657b1-60f8-49f2-b2a3-f63e1f934942@group-58A987F56150-LeaderElection82] INFO  impl.LeaderElection (LeaderElection.java:askForVotes(178)) - 327657b1-60f8-49f2-b2a3-f63e1f934942@group-58A987F56150-LeaderElection82: begin an election at term 89 for -1: [6605b8a5-570b-4977-9ee7-6aaf3012bed5:192.168.164.233:35223, 327657b1-60f8-49f2-b2a3-f63e1f934942:192.168.164.233:41966, ddd4789c-894d-475a-bbfb-f6e7aa670c92:192.168.164.233:41061], old=null
2019-10-18 14:58:09,859 [grpc-default-executor-2] INFO  impl.RaftServerImpl (RaftServerImpl.java:setRole(184)) - 6605b8a5-570b-4977-9ee7-6aaf3012bed5@group-58A987F56150: changes role from  FOLLOWER to FOLLOWER at term 89 for recognizeCandidate:327657b1-60f8-49f2-b2a3-f63e1f934942
2019-10-18 14:58:09,859 [grpc-default-executor-3] INFO  impl.RaftServerImpl (RaftServerImpl.java:setRole(184)) - ddd4789c-894d-475a-bbfb-f6e7aa670c92@group-58A987F56150: changes role from  FOLLOWER to FOLLOWER at term 89 for recognizeCandidate:327657b1-60f8-49f2-b2a3-f63e1f934942
2019-10-18 14:58:09,859 [grpc-default-executor-2] INFO  impl.RoleInfo (RoleInfo.java:shutdownFollowerState(121)) - 6605b8a5-570b-4977-9ee7-6aaf3012bed5: shutdown FollowerState
2019-10-18 14:58:09,859 [grpc-default-executor-3] INFO  impl.RoleInfo (RoleInfo.java:shutdownFollowerState(121)) - ddd4789c-894d-475a-bbfb-f6e7aa670c92: shutdown FollowerState
2019-10-18 14:58:09,860 [Thread-767] INFO  impl.FollowerState (FollowerState.java:run(117)) - 6605b8a5-570b-4977-9ee7-6aaf3012bed5@group-58A987F56150-FollowerState was interrupted: java.lang.InterruptedException: sleep interrupted
2019-10-18 14:58:09,860 [grpc-default-executor-2] INFO  impl.RoleInfo (RoleInfo.java:updateAndGet(143)) - 6605b8a5-570b-4977-9ee7-6aaf3012bed5: start FollowerState
2019-10-18 14:58:09,860 [Thread-768] INFO  impl.FollowerState (FollowerState.java:run(117)) - ddd4789c-894d-475a-bbfb-f6e7aa670c92@group-58A987F56150-FollowerState was interrupted: java.lang.InterruptedException: sleep interrupted
2019-10-18 14:58:09,860 [grpc-default-executor-3] INFO  impl.RoleInfo (RoleInfo.java:updateAndGet(143)) - ddd4789c-894d-475a-bbfb-f6e7aa670c92: start FollowerState
2019-10-18 14:58:09,875 [327657b1-60f8-49f2-b2a3-f63e1f934942@group-58A987F56150-LeaderElection82] INFO  impl.LeaderElection (LeaderElection.java:logAndReturn(56)) - 327657b1-60f8-49f2-b2a3-f63e1f934942@group-58A987F56150-LeaderElection82: Election REJECTED; received 2 response(s) [327657b1-60f8-49f2-b2a3-f63e1f934942<-6605b8a5-570b-4977-9ee7-6aaf3012bed5#0:FAIL-t89, 327657b1-60f8-49f2-b2a3-f63e1f934942<-ddd4789c-894d-475a-bbfb-f6e7aa670c92#0:FAIL-t89] and 0 exception(s); 327657b1-60f8-49f2-b2a3-f63e1f934942@group-58A987F56150:t89, leader=null, voted=327657b1-60f8-49f2-b2a3-f63e1f934942, raftlog=327657b1-60f8-49f2-b2a3-f63e1f934942@group-58A987F56150-SegmentedRaftLog:OPENED:c-1,f-1,i0, conf=-1: [6605b8a5-570b-4977-9ee7-6aaf3012bed5:192.168.164.233:35223, 327657b1-60f8-49f2-b2a3-f63e1f934942:192.168.164.233:41966, ddd4789c-894d-475a-bbfb-f6e7aa670c92:192.168.164.233:41061], old=null
2019-10-18 14:58:09,875 [327657b1-60f8-49f2-b2a3-f63e1f934942@group-58A987F56150-LeaderElection82] INFO  impl.RaftServerImpl (RaftServerImpl.java:setRole(184)) - 327657b1-60f8-49f2-b2a3-f63e1f934942@group-58A987F56150: changes role from CANDIDATE to FOLLOWER at term 89 for DISCOVERED_A_NEW_TERM
2019-10-18 14:58:09,875 [327657b1-60f8-49f2-b2a3-f63e1f934942@group-58A987F56150-LeaderElection82] INFO  impl.RoleInfo (RoleInfo.java:shutdownLeaderElection(134)) - 327657b1-60f8-49f2-b2a3-f63e1f934942: shutdown LeaderElection
2019-10-18 14:58:09,875 [327657b1-60f8-49f2-b2a3-f63e1f934942@group-58A987F56150-LeaderElection82] INFO  impl.RoleInfo (RoleInfo.java:updateAndGet(143)) - 327657b1-60f8-49f2-b2a3-f63e1f934942: start FollowerState
2019-10-18 14:58:10,069 [Thread-775] INFO  impl.FollowerState (FollowerState.java:run(108)) - 327657b1-60f8-49f2-b2a3-f63e1f934942@group-58A987F56150-FollowerState: change to CANDIDATE, lastRpcTime:193ms, electionTimeout:193ms
2019-10-18 14:58:10,069 [Thread-775] INFO  impl.RoleInfo (RoleInfo.java:shutdownFollowerState(121)) - 327657b1-60f8-49f2-b2a3-f63e1f934942: shutdown FollowerState
2019-10-18 14:58:10,069 [Thread-775] INFO  impl.RaftServerImpl (RaftServerImpl.java:setRole(184)) - 327657b1-60f8-49f2-b2a3-f63e1f934942@group-58A987F56150: changes role from  FOLLOWER to CANDIDATE at term 89 for changeToCandidate
2019-10-18 14:58:10,070 [Thread-775] INFO  impl.RoleInfo (RoleInfo.java:updateAndGet(143)) - 327657b1-60f8-49f2-b2a3-f63e1f934942: start LeaderElection
2019-10-18 14:58:10,084 [327657b1-60f8-49f2-b2a3-f63e1f934942@group-58A987F56150-LeaderElection83] INFO  impl.LeaderElection (LeaderElection.java:askForVotes(178)) - 327657b1-60f8-49f2-b2a3-f63e1f934942@group-58A987F56150-LeaderElection83: begin an election at term 90 for -1: [6605b8a5-570b-4977-9ee7-6aaf3012bed5:192.168.164.233:35223, 327657b1-60f8-49f2-b2a3-f63e1f934942:192.168.164.233:41966, ddd4789c-894d-475a-bbfb-f6e7aa670c92:192.168.164.233:41061], old=null
2019-10-18 14:58:10,088 [grpc-default-executor-2] INFO  impl.RaftServerImpl (RaftServerImpl.java:setRole(184)) - 6605b8a5-570b-4977-9ee7-6aaf3012bed5@group-58A987F56150: changes role from  FOLLOWER to FOLLOWER at term 90 for recognizeCandidate:327657b1-60f8-49f2-b2a3-f63e1f934942
2019-10-18 14:58:10,088 [grpc-default-executor-3] INFO  impl.RaftServerImpl (RaftServerImpl.java:setRole(184)) - ddd4789c-894d-475a-bbfb-f6e7aa670c92@group-58A987F56150: changes role from  FOLLOWER to FOLLOWER at term 90 for recognizeCandidate:327657b1-60f8-49f2-b2a3-f63e1f934942
2019-10-18 14:58:10,088 [grpc-default-executor-2] INFO  impl.RoleInfo (RoleInfo.java:shutdownFollowerState(121)) - 6605b8a5-570b-4977-9ee7-6aaf3012bed5: shutdown FollowerState
2019-10-18 14:58:10,088 [grpc-default-executor-3] INFO  impl.RoleInfo (RoleInfo.java:shutdownFollowerState(121)) - ddd4789c-894d-475a-bbfb-f6e7aa670c92: shutdown FollowerState
2019-10-18 14:58:10,088 [Thread-773] INFO  impl.FollowerState (FollowerState.java:run(117)) - 6605b8a5-570b-4977-9ee7-6aaf3012bed5@group-58A987F56150-FollowerState was interrupted: java.lang.InterruptedException: sleep interrupted
2019-10-18 14:58:10,088 [grpc-default-executor-2] INFO  impl.RoleInfo (RoleInfo.java:updateAndGet(143)) - 6605b8a5-570b-4977-9ee7-6aaf3012bed5: start FollowerState
2019-10-18 14:58:10,088 [grpc-default-executor-3] INFO  impl.RoleInfo (RoleInfo.java:updateAndGet(143)) - ddd4789c-894d-475a-bbfb-f6e7aa670c92: start FollowerState
2019-10-18 14:58:10,088 [Thread-774] INFO  impl.FollowerState (FollowerState.java:run(117)) - ddd4789c-894d-475a-bbfb-f6e7aa670c92@group-58A987F56150-FollowerState was interrupted: java.lang.InterruptedException: sleep interrupted
2019-10-18 14:58:10,116 [327657b1-60f8-49f2-b2a3-f63e1f934942@group-58A987F56150-LeaderElection83] INFO  impl.LeaderElection (LeaderElection.java:logAndReturn(56)) - 327657b1-60f8-49f2-b2a3-f63e1f934942@group-58A987F56150-LeaderElection83: Election REJECTED; received 2 response(s) [327657b1-60f8-49f2-b2a3-f63e1f934942<-6605b8a5-570b-4977-9ee7-6aaf3012bed5#0:FAIL-t90, 327657b1-60f8-49f2-b2a3-f63e1f934942<-ddd4789c-894d-475a-bbfb-f6e7aa670c92#0:FAIL-t90] and 0 exception(s); 327657b1-60f8-49f2-b2a3-f63e1f934942@group-58A987F56150:t90, leader=null, voted=327657b1-60f8-49f2-b2a3-f63e1f934942, raftlog=327657b1-60f8-49f2-b2a3-f63e1f934942@group-58A987F56150-SegmentedRaftLog:OPENED:c-1,f-1,i0, conf=-1: [6605b8a5-570b-4977-9ee7-6aaf3012bed5:192.168.164.233:35223, 327657b1-60f8-49f2-b2a3-f63e1f934942:192.168.164.233:41966, ddd4789c-894d-475a-bbfb-f6e7aa670c92:192.168.164.233:41061], old=null
2019-10-18 14:58:10,116 [327657b1-60f8-49f2-b2a3-f63e1f934942@group-58A987F56150-LeaderElection83] INFO  impl.RaftServerImpl (RaftServerImpl.java:setRole(184)) - 327657b1-60f8-49f2-b2a3-f63e1f934942@group-58A987F56150: changes role from CANDIDATE to FOLLOWER at term 90 for DISCOVERED_A_NEW_TERM
2019-10-18 14:58:10,116 [327657b1-60f8-49f2-b2a3-f63e1f934942@group-58A987F56150-LeaderElection83] INFO  impl.RoleInfo (RoleInfo.java:shutdownLeaderElection(134)) - 327657b1-60f8-49f2-b2a3-f63e1f934942: shutdown LeaderElection
2019-10-18 14:58:10,116 [327657b1-60f8-49f2-b2a3-f63e1f934942@group-58A987F56150-LeaderElection83] INFO  impl.RoleInfo (RoleInfo.java:updateAndGet(143)) - 327657b1-60f8-49f2-b2a3-f63e1f934942: start FollowerState
2019-10-18 14:58:10,167 [Thread-781] INFO  impl.FollowerState (FollowerState.java:run(108)) - 327657b1-60f8-49f2-b2a3-f63e1f934942@group-58A987F56150-FollowerState: change to CANDIDATE, lastRpcTime:50ms, electionTimeout:50ms
2019-10-18 14:58:10,167 [Thread-781] INFO  impl.RoleInfo (RoleInfo.java:shutdownFollowerState(121)) - 327657b1-60f8-49f2-b2a3-f63e1f934942: shutdown FollowerState
2019-10-18 14:58:10,167 [Thread-781] INFO  impl.RaftServerImpl (RaftServerImpl.java:setRole(184)) - 327657b1-60f8-49f2-b2a3-f63e1f934942@group-58A987F56150: changes role from  FOLLOWER to CANDIDATE at term 90 for changeToCandidate
2019-10-18 14:58:10,167 [Thread-781] INFO  impl.RoleInfo (RoleInfo.java:updateAndGet(143)) - 327657b1-60f8-49f2-b2a3-f63e1f934942: start LeaderElection
2019-10-18 14:58:10,181 [327657b1-60f8-49f2-b2a3-f63e1f934942@group-58A987F56150-LeaderElection84] INFO  impl.LeaderElection (LeaderElection.java:askForVotes(178)) - 327657b1-60f8-49f2-b2a3-f63e1f934942@group-58A987F56150-LeaderElection84: begin an election at term 91 for -1: [6605b8a5-570b-4977-9ee7-6aaf3012bed5:192.168.164.233:35223, 327657b1-60f8-49f2-b2a3-f63e1f934942:192.168.164.233:41966, ddd4789c-894d-475a-bbfb-f6e7aa670c92:192.168.164.233:41061], old=null
2019-10-18 14:58:10,186 [grpc-default-executor-2] INFO  impl.RaftServerImpl (RaftServerImpl.java:setRole(184)) - ddd4789c-894d-475a-bbfb-f6e7aa670c92@group-58A987F56150: changes role from  FOLLOWER to FOLLOWER at term 91 for recognizeCandidate:327657b1-60f8-49f2-b2a3-f63e1f934942
2019-10-18 14:58:10,186 [grpc-default-executor-2] INFO  impl.RoleInfo (RoleInfo.java:shutdownFollowerState(121)) - ddd4789c-894d-475a-bbfb-f6e7aa670c92: shutdown FollowerState
2019-10-18 14:58:10,186 [grpc-default-executor-3] INFO  impl.RaftServerImpl (RaftServerImpl.java:setRole(184)) - 6605b8a5-570b-4977-9ee7-6aaf3012bed5@group-58A987F56150: changes role from  FOLLOWER to FOLLOWER at term 91 for recognizeCandidate:327657b1-60f8-49f2-b2a3-f63e1f934942
2019-10-18 14:58:10,187 [Thread-780] INFO  impl.FollowerState (FollowerState.java:run(117)) - ddd4789c-894d-475a-bbfb-f6e7aa670c92@group-58A987F56150-FollowerState was interrupted: java.lang.InterruptedException: sleep interrupted
2019-10-18 14:58:10,186 [grpc-default-executor-2] INFO  impl.RoleInfo (RoleInfo.java:updateAndGet(143)) - ddd4789c-894d-475a-bbfb-f6e7aa670c92: start FollowerState
2019-10-18 14:58:10,187 [grpc-default-executor-3] INFO  impl.RoleInfo (RoleInfo.java:shutdownFollowerState(121)) - 6605b8a5-570b-4977-9ee7-6aaf3012bed5: shutdown FollowerState
2019-10-18 14:58:10,187 [grpc-default-executor-3] INFO  impl.RoleInfo (RoleInfo.java:updateAndGet(143)) - 6605b8a5-570b-4977-9ee7-6aaf3012bed5: start FollowerState
2019-10-18 14:58:10,187 [Thread-779] INFO  impl.FollowerState (FollowerState.java:run(117)) - 6605b8a5-570b-4977-9ee7-6aaf3012bed5@group-58A987F56150-FollowerState was interrupted: java.lang.InterruptedException: sleep interrupted
2019-10-18 14:58:10,213 [327657b1-60f8-49f2-b2a3-f63e1f934942@group-58A987F56150-LeaderElection84] INFO  impl.LeaderElection (LeaderElection.java:logAndReturn(56)) - 327657b1-60f8-49f2-b2a3-f63e1f934942@group-58A987F56150-LeaderElection84: Election REJECTED; received 2 response(s) [327657b1-60f8-49f2-b2a3-f63e1f934942<-6605b8a5-570b-4977-9ee7-6aaf3012bed5#0:FAIL-t91, 327657b1-60f8-49f2-b2a3-f63e1f934942<-ddd4789c-894d-475a-bbfb-f6e7aa670c92#0:FAIL-t91] and 0 exception(s); 327657b1-60f8-49f2-b2a3-f63e1f934942@group-58A987F56150:t91, leader=null, voted=327657b1-60f8-49f2-b2a3-f63e1f934942, raftlog=327657b1-60f8-49f2-b2a3-f63e1f934942@group-58A987F56150-SegmentedRaftLog:OPENED:c-1,f-1,i0, conf=-1: [6605b8a5-570b-4977-9ee7-6aaf3012bed5:192.168.164.233:35223, 327657b1-60f8-49f2-b2a3-f63e1f934942:192.168.164.233:41966, ddd4789c-894d-475a-bbfb-f6e7aa670c92:192.168.164.233:41061], old=null
2019-10-18 14:58:10,214 [327657b1-60f8-49f2-b2a3-f63e1f934942@group-58A987F56150-LeaderElection84] INFO  impl.RaftServerImpl (RaftServerImpl.java:setRole(184)) - 327657b1-60f8-49f2-b2a3-f63e1f934942@group-58A987F56150: changes role from CANDIDATE to FOLLOWER at term 91 for DISCOVERED_A_NEW_TERM
2019-10-18 14:58:10,214 [327657b1-60f8-49f2-b2a3-f63e1f934942@group-58A987F56150-LeaderElection84] INFO  impl.RoleInfo (RoleInfo.java:shutdownLeaderElection(134)) - 327657b1-60f8-49f2-b2a3-f63e1f934942: shutdown LeaderElection
2019-10-18 14:58:10,214 [327657b1-60f8-49f2-b2a3-f63e1f934942@group-58A987F56150-LeaderElection84] INFO  impl.RoleInfo (RoleInfo.java:updateAndGet(143)) - 327657b1-60f8-49f2-b2a3-f63e1f934942: start FollowerState
2019-10-18 14:58:10,391 [Thread-787] INFO  impl.FollowerState (FollowerState.java:run(108)) - 327657b1-60f8-49f2-b2a3-f63e1f934942@group-58A987F56150-FollowerState: change to CANDIDATE, lastRpcTime:177ms, electionTimeout:177ms
2019-10-18 14:58:10,392 [Thread-787] INFO  impl.RoleInfo (RoleInfo.java:shutdownFollowerState(121)) - 327657b1-60f8-49f2-b2a3-f63e1f934942: shutdown FollowerState
2019-10-18 14:58:10,392 [Thread-787] INFO  impl.RaftServerImpl (RaftServerImpl.java:setRole(184)) - 327657b1-60f8-49f2-b2a3-f63e1f934942@group-58A987F56150: changes role from  FOLLOWER to CANDIDATE at term 91 for changeToCandidate
2019-10-18 14:58:10,392 [Thread-787] INFO  impl.RoleInfo (RoleInfo.java:updateAndGet(143)) - 327657b1-60f8-49f2-b2a3-f63e1f934942: start LeaderElection
2019-10-18 14:58:10,418 [327657b1-60f8-49f2-b2a3-f63e1f934942@group-58A987F56150-LeaderElection85] INFO  impl.LeaderElection (LeaderElection.java:askForVotes(178)) - 327657b1-60f8-49f2-b2a3-f63e1f934942@group-58A987F56150-LeaderElection85: begin an election at term 92 for -1: [6605b8a5-570b-4977-9ee7-6aaf3012bed5:192.168.164.233:35223, 327657b1-60f8-49f2-b2a3-f63e1f934942:192.168.164.233:41966, ddd4789c-894d-475a-bbfb-f6e7aa670c92:192.168.164.233:41061], old=null
2019-10-18 14:58:10,422 [grpc-default-executor-3] INFO  impl.RaftServerImpl (RaftServerImpl.java:setRole(184)) - ddd4789c-894d-475a-bbfb-f6e7aa670c92@group-58A987F56150: changes role from  FOLLOWER to FOLLOWER at term 92 for recognizeCandidate:327657b1-60f8-49f2-b2a3-f63e1f934942
2019-10-18 14:58:10,422 [grpc-default-executor-2] INFO  impl.RaftServerImpl (RaftServerImpl.java:setRole(184)) - 6605b8a5-570b-4977-9ee7-6aaf3012bed5@group-58A987F56150: changes role from  FOLLOWER to FOLLOWER at term 92 for recognizeCandidate:327657b1-60f8-49f2-b2a3-f63e1f934942
2019-10-18 14:58:10,422 [grpc-default-executor-2] INFO  impl.RoleInfo (RoleInfo.java:shutdownFollowerState(121)) - 6605b8a5-570b-4977-9ee7-6aaf3012bed5: shutdown FollowerState
2019-10-18 14:58:10,422 [grpc-default-executor-3] INFO  impl.RoleInfo (RoleInfo.java:shutdownFollowerState(121)) - ddd4789c-894d-475a-bbfb-f6e7aa670c92: shutdown FollowerState
2019-10-18 14:58:10,422 [Thread-786] INFO  impl.FollowerState (FollowerState.java:run(117)) - 6605b8a5-570b-4977-9ee7-6aaf3012bed5@group-58A987F56150-FollowerState was interrupted: java.lang.InterruptedException: sleep interrupted
2019-10-18 14:58:10,422 [grpc-default-executor-2] INFO  impl.RoleInfo (RoleInfo.java:updateAndGet(143)) - 6605b8a5-570b-4977-9ee7-6aaf3012bed5: start FollowerState
2019-10-18 14:58:10,423 [Thread-785] INFO  impl.FollowerState (FollowerState.java:run(117)) - ddd4789c-894d-475a-bbfb-f6e7aa670c92@group-58A987F56150-FollowerState was interrupted: java.lang.InterruptedException: sleep interrupted
2019-10-18 14:58:10,423 [grpc-default-executor-3] INFO  impl.RoleInfo (RoleInfo.java:updateAndGet(143)) - ddd4789c-894d-475a-bbfb-f6e7aa670c92: start FollowerState
2019-10-18 14:58:10,450 [327657b1-60f8-49f2-b2a3-f63e1f934942@group-58A987F56150-LeaderElection85] INFO  impl.LeaderElection (LeaderElection.java:logAndReturn(56)) - 327657b1-60f8-49f2-b2a3-f63e1f934942@group-58A987F56150-LeaderElection85: Election REJECTED; received 2 response(s) [327657b1-60f8-49f2-b2a3-f63e1f934942<-6605b8a5-570b-4977-9ee7-6aaf3012bed5#0:FAIL-t92, 327657b1-60f8-49f2-b2a3-f63e1f934942<-ddd4789c-894d-475a-bbfb-f6e7aa670c92#0:FAIL-t92] and 0 exception(s); 327657b1-60f8-49f2-b2a3-f63e1f934942@group-58A987F56150:t92, leader=null, voted=327657b1-60f8-49f2-b2a3-f63e1f934942, raftlog=327657b1-60f8-49f2-b2a3-f63e1f934942@group-58A987F56150-SegmentedRaftLog:OPENED:c-1,f-1,i0, conf=-1: [6605b8a5-570b-4977-9ee7-6aaf3012bed5:192.168.164.233:35223, 327657b1-60f8-49f2-b2a3-f63e1f934942:192.168.164.233:41966, ddd4789c-894d-475a-bbfb-f6e7aa670c92:192.168.164.233:41061], old=null
2019-10-18 14:58:10,450 [327657b1-60f8-49f2-b2a3-f63e1f934942@group-58A987F56150-LeaderElection85] INFO  impl.RaftServerImpl (RaftServerImpl.java:setRole(184)) - 327657b1-60f8-49f2-b2a3-f63e1f934942@group-58A987F56150: changes role from CANDIDATE to FOLLOWER at term 92 for DISCOVERED_A_NEW_TERM
2019-10-18 14:58:10,450 [327657b1-60f8-49f2-b2a3-f63e1f934942@group-58A987F56150-LeaderElection85] INFO  impl.RoleInfo (RoleInfo.java:shutdownLeaderElection(134)) - 327657b1-60f8-49f2-b2a3-f63e1f934942: shutdown LeaderElection
2019-10-18 14:58:10,450 [327657b1-60f8-49f2-b2a3-f63e1f934942@group-58A987F56150-LeaderElection85] INFO  impl.RoleInfo (RoleInfo.java:updateAndGet(143)) - 327657b1-60f8-49f2-b2a3-f63e1f934942: start FollowerState
2019-10-18 14:58:10,477 [Thread-793] INFO  impl.FollowerState (FollowerState.java:run(108)) - 327657b1-60f8-49f2-b2a3-f63e1f934942@group-58A987F56150-FollowerState: change to CANDIDATE, lastRpcTime:26ms, electionTimeout:26ms
2019-10-18 14:58:10,477 [Thread-793] INFO  impl.RoleInfo (RoleInfo.java:shutdownFollowerState(121)) - 327657b1-60f8-49f2-b2a3-f63e1f934942: shutdown FollowerState
2019-10-18 14:58:10,477 [Thread-793] INFO  impl.RaftServerImpl (RaftServerImpl.java:setRole(184)) - 327657b1-60f8-49f2-b2a3-f63e1f934942@group-58A987F56150: changes role from  FOLLOWER to CANDIDATE at term 92 for changeToCandidate
2019-10-18 14:58:10,477 [Thread-793] INFO  impl.RoleInfo (RoleInfo.java:updateAndGet(143)) - 327657b1-60f8-49f2-b2a3-f63e1f934942: start LeaderElection
2019-10-18 14:58:10,491 [327657b1-60f8-49f2-b2a3-f63e1f934942@group-58A987F56150-LeaderElection86] INFO  impl.LeaderElection (LeaderElection.java:askForVotes(178)) - 327657b1-60f8-49f2-b2a3-f63e1f934942@group-58A987F56150-LeaderElection86: begin an election at term 93 for -1: [6605b8a5-570b-4977-9ee7-6aaf3012bed5:192.168.164.233:35223, 327657b1-60f8-49f2-b2a3-f63e1f934942:192.168.164.233:41966, ddd4789c-894d-475a-bbfb-f6e7aa670c92:192.168.164.233:41061], old=null
2019-10-18 14:58:10,495 [grpc-default-executor-2] INFO  impl.RaftServerImpl (RaftServerImpl.java:setRole(184)) - 6605b8a5-570b-4977-9ee7-6aaf3012bed5@group-58A987F56150: changes role from  FOLLOWER to FOLLOWER at term 93 for recognizeCandidate:327657b1-60f8-49f2-b2a3-f63e1f934942
2019-10-18 14:58:10,495 [grpc-default-executor-2] INFO  impl.RoleInfo (RoleInfo.java:shutdownFollowerState(121)) - 6605b8a5-570b-4977-9ee7-6aaf3012bed5: shutdown FollowerState
2019-10-18 14:58:10,495 [grpc-default-executor-3] INFO  impl.RaftServerImpl (RaftServerImpl.java:setRole(184)) - ddd4789c-894d-475a-bbfb-f6e7aa670c92@group-58A987F56150: changes role from  FOLLOWER to FOLLOWER at term 93 for recognizeCandidate:327657b1-60f8-49f2-b2a3-f63e1f934942
2019-10-18 14:58:10,495 [Thread-791] INFO  impl.FollowerState (FollowerState.java:run(117)) - 6605b8a5-570b-4977-9ee7-6aaf3012bed5@group-58A987F56150-FollowerState was interrupted: java.lang.InterruptedException: sleep interrupted
2019-10-18 14:58:10,495 [grpc-default-executor-2] INFO  impl.RoleInfo (RoleInfo.java:updateAndGet(143)) - 6605b8a5-570b-4977-9ee7-6aaf3012bed5: start FollowerState
2019-10-18 14:58:10,496 [grpc-default-executor-3] INFO  impl.RoleInfo (RoleInfo.java:shutdownFollowerState(121)) - ddd4789c-894d-475a-bbfb-f6e7aa670c92: shutdown FollowerState
2019-10-18 14:58:10,496 [Thread-792] INFO  impl.FollowerState (FollowerState.java:run(117)) - ddd4789c-894d-475a-bbfb-f6e7aa670c92@group-58A987F56150-FollowerState was interrupted: java.lang.InterruptedException: sleep interrupted
2019-10-18 14:58:10,496 [grpc-default-executor-3] INFO  impl.RoleInfo (RoleInfo.java:updateAndGet(143)) - ddd4789c-894d-475a-bbfb-f6e7aa670c92: start FollowerState
2019-10-18 14:58:10,511 [327657b1-60f8-49f2-b2a3-f63e1f934942@group-58A987F56150-LeaderElection86] INFO  impl.LeaderElection (LeaderElection.java:logAndReturn(56)) - 327657b1-60f8-49f2-b2a3-f63e1f934942@group-58A987F56150-LeaderElection86: Election REJECTED; received 2 response(s) [327657b1-60f8-49f2-b2a3-f63e1f934942<-6605b8a5-570b-4977-9ee7-6aaf3012bed5#0:FAIL-t93, 327657b1-60f8-49f2-b2a3-f63e1f934942<-ddd4789c-894d-475a-bbfb-f6e7aa670c92#0:FAIL-t93] and 0 exception(s); 327657b1-60f8-49f2-b2a3-f63e1f934942@group-58A987F56150:t93, leader=null, voted=327657b1-60f8-49f2-b2a3-f63e1f934942, raftlog=327657b1-60f8-49f2-b2a3-f63e1f934942@group-58A987F56150-SegmentedRaftLog:OPENED:c-1,f-1,i0, conf=-1: [6605b8a5-570b-4977-9ee7-6aaf3012bed5:192.168.164.233:35223, 327657b1-60f8-49f2-b2a3-f63e1f934942:192.168.164.233:41966, ddd4789c-894d-475a-bbfb-f6e7aa670c92:192.168.164.233:41061], old=null
2019-10-18 14:58:10,512 [327657b1-60f8-49f2-b2a3-f63e1f934942@group-58A987F56150-LeaderElection86] INFO  impl.RaftServerImpl (RaftServerImpl.java:setRole(184)) - 327657b1-60f8-49f2-b2a3-f63e1f934942@group-58A987F56150: changes role from CANDIDATE to FOLLOWER at term 93 for DISCOVERED_A_NEW_TERM
2019-10-18 14:58:10,512 [327657b1-60f8-49f2-b2a3-f63e1f934942@group-58A987F56150-LeaderElection86] INFO  impl.RoleInfo (RoleInfo.java:shutdownLeaderElection(134)) - 327657b1-60f8-49f2-b2a3-f63e1f934942: shutdown LeaderElection
2019-10-18 14:58:10,512 [327657b1-60f8-49f2-b2a3-f63e1f934942@group-58A987F56150-LeaderElection86] INFO  impl.RoleInfo (RoleInfo.java:updateAndGet(143)) - 327657b1-60f8-49f2-b2a3-f63e1f934942: start FollowerState
2019-10-18 14:58:10,551 [Thread-799] INFO  impl.FollowerState (FollowerState.java:run(108)) - 327657b1-60f8-49f2-b2a3-f63e1f934942@group-58A987F56150-FollowerState: change to CANDIDATE, lastRpcTime:38ms, electionTimeout:38ms
2019-10-18 14:58:10,551 [Thread-799] INFO  impl.RoleInfo (RoleInfo.java:shutdownFollowerState(121)) - 327657b1-60f8-49f2-b2a3-f63e1f934942: shutdown FollowerState
2019-10-18 14:58:10,551 [Thread-799] INFO  impl.RaftServerImpl (RaftServerImpl.java:setRole(184)) - 327657b1-60f8-49f2-b2a3-f63e1f934942@group-58A987F56150: changes role from  FOLLOWER to CANDIDATE at term 93 for changeToCandidate
2019-10-18 14:58:10,551 [Thread-799] INFO  impl.RoleInfo (RoleInfo.java:updateAndGet(143)) - 327657b1-60f8-49f2-b2a3-f63e1f934942: start LeaderElection
2019-10-18 14:58:10,566 [327657b1-60f8-49f2-b2a3-f63e1f934942@group-58A987F56150-LeaderElection87] INFO  impl.LeaderElection (LeaderElection.java:askForVotes(178)) - 327657b1-60f8-49f2-b2a3-f63e1f934942@group-58A987F56150-LeaderElection87: begin an election at term 94 for -1: [6605b8a5-570b-4977-9ee7-6aaf3012bed5:192.168.164.233:35223, 327657b1-60f8-49f2-b2a3-f63e1f934942:192.168.164.233:41966, ddd4789c-894d-475a-bbfb-f6e7aa670c92:192.168.164.233:41061], old=null
2019-10-18 14:58:10,568 [grpc-default-executor-2] INFO  impl.RaftServerImpl (RaftServerImpl.java:setRole(184)) - 6605b8a5-570b-4977-9ee7-6aaf3012bed5@group-58A987F56150: changes role from  FOLLOWER to FOLLOWER at term 94 for recognizeCandidate:327657b1-60f8-49f2-b2a3-f63e1f934942
2019-10-18 14:58:10,568 [grpc-default-executor-2] INFO  impl.RoleInfo (RoleInfo.java:shutdownFollowerState(121)) - 6605b8a5-570b-4977-9ee7-6aaf3012bed5: shutdown FollowerState
2019-10-18 14:58:10,568 [grpc-default-executor-2] INFO  impl.RoleInfo (RoleInfo.java:updateAndGet(143)) - 6605b8a5-570b-4977-9ee7-6aaf3012bed5: start FollowerState
2019-10-18 14:58:10,569 [Thread-797] INFO  impl.FollowerState (FollowerState.java:run(117)) - 6605b8a5-570b-4977-9ee7-6aaf3012bed5@group-58A987F56150-FollowerState was interrupted: java.lang.InterruptedException: sleep interrupted
2019-10-18 14:58:10,569 [grpc-default-executor-3] INFO  impl.RaftServerImpl (RaftServerImpl.java:setRole(184)) - ddd4789c-894d-475a-bbfb-f6e7aa670c92@group-58A987F56150: changes role from  FOLLOWER to FOLLOWER at term 94 for recognizeCandidate:327657b1-60f8-49f2-b2a3-f63e1f934942
2019-10-18 14:58:10,569 [grpc-default-executor-3] INFO  impl.RoleInfo (RoleInfo.java:shutdownFollowerState(121)) - ddd4789c-894d-475a-bbfb-f6e7aa670c92: shutdown FollowerState
2019-10-18 14:58:10,569 [grpc-default-executor-3] INFO  impl.RoleInfo (RoleInfo.java:updateAndGet(143)) - ddd4789c-894d-475a-bbfb-f6e7aa670c92: start FollowerState
2019-10-18 14:58:10,569 [Thread-798] INFO  impl.FollowerState (FollowerState.java:run(117)) - ddd4789c-894d-475a-bbfb-f6e7aa670c92@group-58A987F56150-FollowerState was interrupted: java.lang.InterruptedException: sleep interrupted
2019-10-18 14:58:10,603 [327657b1-60f8-49f2-b2a3-f63e1f934942@group-58A987F56150-LeaderElection87] INFO  impl.LeaderElection (LeaderElection.java:logAndReturn(56)) - 327657b1-60f8-49f2-b2a3-f63e1f934942@group-58A987F56150-LeaderElection87: Election REJECTED; received 2 response(s) [327657b1-60f8-49f2-b2a3-f63e1f934942<-6605b8a5-570b-4977-9ee7-6aaf3012bed5#0:FAIL-t94, 327657b1-60f8-49f2-b2a3-f63e1f934942<-ddd4789c-894d-475a-bbfb-f6e7aa670c92#0:FAIL-t94] and 0 exception(s); 327657b1-60f8-49f2-b2a3-f63e1f934942@group-58A987F56150:t94, leader=null, voted=327657b1-60f8-49f2-b2a3-f63e1f934942, raftlog=327657b1-60f8-49f2-b2a3-f63e1f934942@group-58A987F56150-SegmentedRaftLog:OPENED:c-1,f-1,i0, conf=-1: [6605b8a5-570b-4977-9ee7-6aaf3012bed5:192.168.164.233:35223, 327657b1-60f8-49f2-b2a3-f63e1f934942:192.168.164.233:41966, ddd4789c-894d-475a-bbfb-f6e7aa670c92:192.168.164.233:41061], old=null
2019-10-18 14:58:10,603 [327657b1-60f8-49f2-b2a3-f63e1f934942@group-58A987F56150-LeaderElection87] INFO  impl.RaftServerImpl (RaftServerImpl.java:setRole(184)) - 327657b1-60f8-49f2-b2a3-f63e1f934942@group-58A987F56150: changes role from CANDIDATE to FOLLOWER at term 94 for DISCOVERED_A_NEW_TERM
2019-10-18 14:58:10,603 [327657b1-60f8-49f2-b2a3-f63e1f934942@group-58A987F56150-LeaderElection87] INFO  impl.RoleInfo (RoleInfo.java:shutdownLeaderElection(134)) - 327657b1-60f8-49f2-b2a3-f63e1f934942: shutdown LeaderElection
2019-10-18 14:58:10,603 [327657b1-60f8-49f2-b2a3-f63e1f934942@group-58A987F56150-LeaderElection87] INFO  impl.RoleInfo (RoleInfo.java:updateAndGet(143)) - 327657b1-60f8-49f2-b2a3-f63e1f934942: start FollowerState
2019-10-18 14:58:10,606 [Thread-807] INFO  impl.FollowerState (FollowerState.java:run(108)) - 327657b1-60f8-49f2-b2a3-f63e1f934942@group-58A987F56150-FollowerState: change to CANDIDATE, lastRpcTime:2ms, electionTimeout:2ms
2019-10-18 14:58:10,606 [Thread-807] INFO  impl.RoleInfo (RoleInfo.java:shutdownFollowerState(121)) - 327657b1-60f8-49f2-b2a3-f63e1f934942: shutdown FollowerState
2019-10-18 14:58:10,606 [Thread-807] INFO  impl.RaftServerImpl (RaftServerImpl.java:setRole(184)) - 327657b1-60f8-49f2-b2a3-f63e1f934942@group-58A987F56150: changes role from  FOLLOWER to CANDIDATE at term 94 for changeToCandidate
2019-10-18 14:58:10,606 [Thread-807] INFO  impl.RoleInfo (RoleInfo.java:updateAndGet(143)) - 327657b1-60f8-49f2-b2a3-f63e1f934942: start LeaderElection
2019-10-18 14:58:10,616 [327657b1-60f8-49f2-b2a3-f63e1f934942@group-58A987F56150-LeaderElection88] INFO  impl.LeaderElection (LeaderElection.java:askForVotes(178)) - 327657b1-60f8-49f2-b2a3-f63e1f934942@group-58A987F56150-LeaderElection88: begin an election at term 95 for -1: [6605b8a5-570b-4977-9ee7-6aaf3012bed5:192.168.164.233:35223, 327657b1-60f8-49f2-b2a3-f63e1f934942:192.168.164.233:41966, ddd4789c-894d-475a-bbfb-f6e7aa670c92:192.168.164.233:41061], old=null
2019-10-18 14:58:10,617 [grpc-default-executor-3] INFO  impl.RaftServerImpl (RaftServerImpl.java:setRole(184)) - 6605b8a5-570b-4977-9ee7-6aaf3012bed5@group-58A987F56150: changes role from  FOLLOWER to FOLLOWER at term 95 for recognizeCandidate:327657b1-60f8-49f2-b2a3-f63e1f934942
2019-10-18 14:58:10,618 [grpc-default-executor-3] INFO  impl.RoleInfo (RoleInfo.java:shutdownFollowerState(121)) - 6605b8a5-570b-4977-9ee7-6aaf3012bed5: shutdown FollowerState
2019-10-18 14:58:10,618 [grpc-default-executor-3] INFO  impl.RoleInfo (RoleInfo.java:updateAndGet(143)) - 6605b8a5-570b-4977-9ee7-6aaf3012bed5: start FollowerState
2019-10-18 14:58:10,618 [Thread-805] INFO  impl.FollowerState (FollowerState.java:run(117)) - 6605b8a5-570b-4977-9ee7-6aaf3012bed5@group-58A987F56150-FollowerState was interrupted: java.lang.InterruptedException: sleep interrupted
2019-10-18 14:58:10,618 [grpc-default-executor-2] INFO  impl.RaftServerImpl (RaftServerImpl.java:setRole(184)) - ddd4789c-894d-475a-bbfb-f6e7aa670c92@group-58A987F56150: changes role from  FOLLOWER to FOLLOWER at term 95 for recognizeCandidate:327657b1-60f8-49f2-b2a3-f63e1f934942
2019-10-18 14:58:10,618 [grpc-default-executor-2] INFO  impl.RoleInfo (RoleInfo.java:shutdownFollowerState(121)) - ddd4789c-894d-475a-bbfb-f6e7aa670c92: shutdown FollowerState
2019-10-18 14:58:10,618 [grpc-default-executor-2] INFO  impl.RoleInfo (RoleInfo.java:updateAndGet(143)) - ddd4789c-894d-475a-bbfb-f6e7aa670c92: start FollowerState
2019-10-18 14:58:10,618 [Thread-806] INFO  impl.FollowerState (FollowerState.java:run(117)) - ddd4789c-894d-475a-bbfb-f6e7aa670c92@group-58A987F56150-FollowerState was interrupted: java.lang.InterruptedException: sleep interrupted
2019-10-18 14:58:10,644 [327657b1-60f8-49f2-b2a3-f63e1f934942@group-58A987F56150-LeaderElection88] INFO  impl.LeaderElection (LeaderElection.java:logAndReturn(56)) - 327657b1-60f8-49f2-b2a3-f63e1f934942@group-58A987F56150-LeaderElection88: Election REJECTED; received 2 response(s) [327657b1-60f8-49f2-b2a3-f63e1f934942<-6605b8a5-570b-4977-9ee7-6aaf3012bed5#0:FAIL-t95, 327657b1-60f8-49f2-b2a3-f63e1f934942<-ddd4789c-894d-475a-bbfb-f6e7aa670c92#0:FAIL-t95] and 0 exception(s); 327657b1-60f8-49f2-b2a3-f63e1f934942@group-58A987F56150:t95, leader=null, voted=327657b1-60f8-49f2-b2a3-f63e1f934942, raftlog=327657b1-60f8-49f2-b2a3-f63e1f934942@group-58A987F56150-SegmentedRaftLog:OPENED:c-1,f-1,i0, conf=-1: [6605b8a5-570b-4977-9ee7-6aaf3012bed5:192.168.164.233:35223, 327657b1-60f8-49f2-b2a3-f63e1f934942:192.168.164.233:41966, ddd4789c-894d-475a-bbfb-f6e7aa670c92:192.168.164.233:41061], old=null
2019-10-18 14:58:10,644 [327657b1-60f8-49f2-b2a3-f63e1f934942@group-58A987F56150-LeaderElection88] INFO  impl.RaftServerImpl (RaftServerImpl.java:setRole(184)) - 327657b1-60f8-49f2-b2a3-f63e1f934942@group-58A987F56150: changes role from CANDIDATE to FOLLOWER at term 95 for DISCOVERED_A_NEW_TERM
2019-10-18 14:58:10,644 [327657b1-60f8-49f2-b2a3-f63e1f934942@group-58A987F56150-LeaderElection88] INFO  impl.RoleInfo (RoleInfo.java:shutdownLeaderElection(134)) - 327657b1-60f8-49f2-b2a3-f63e1f934942: shutdown LeaderElection
2019-10-18 14:58:10,644 [327657b1-60f8-49f2-b2a3-f63e1f934942@group-58A987F56150-LeaderElection88] INFO  impl.RoleInfo (RoleInfo.java:updateAndGet(143)) - 327657b1-60f8-49f2-b2a3-f63e1f934942: start FollowerState
2019-10-18 14:58:10,688 [Thread-813] INFO  impl.FollowerState (FollowerState.java:run(108)) - 327657b1-60f8-49f2-b2a3-f63e1f934942@group-58A987F56150-FollowerState: change to CANDIDATE, lastRpcTime:43ms, electionTimeout:43ms
2019-10-18 14:58:10,688 [Thread-813] INFO  impl.RoleInfo (RoleInfo.java:shutdownFollowerState(121)) - 327657b1-60f8-49f2-b2a3-f63e1f934942: shutdown FollowerState
2019-10-18 14:58:10,688 [Thread-813] INFO  impl.RaftServerImpl (RaftServerImpl.java:setRole(184)) - 327657b1-60f8-49f2-b2a3-f63e1f934942@group-58A987F56150: changes role from  FOLLOWER to CANDIDATE at term 95 for changeToCandidate
2019-10-18 14:58:10,688 [Thread-813] INFO  impl.RoleInfo (RoleInfo.java:updateAndGet(143)) - 327657b1-60f8-49f2-b2a3-f63e1f934942: start LeaderElection
2019-10-18 14:58:10,701 [327657b1-60f8-49f2-b2a3-f63e1f934942@group-58A987F56150-LeaderElection89] INFO  impl.LeaderElection (LeaderElection.java:askForVotes(178)) - 327657b1-60f8-49f2-b2a3-f63e1f934942@group-58A987F56150-LeaderElection89: begin an election at term 96 for -1: [6605b8a5-570b-4977-9ee7-6aaf3012bed5:192.168.164.233:35223, 327657b1-60f8-49f2-b2a3-f63e1f934942:192.168.164.233:41966, ddd4789c-894d-475a-bbfb-f6e7aa670c92:192.168.164.233:41061], old=null
2019-10-18 14:58:10,703 [grpc-default-executor-2] INFO  impl.RaftServerImpl (RaftServerImpl.java:setRole(184)) - 6605b8a5-570b-4977-9ee7-6aaf3012bed5@group-58A987F56150: changes role from  FOLLOWER to FOLLOWER at term 96 for recognizeCandidate:327657b1-60f8-49f2-b2a3-f63e1f934942
2019-10-18 14:58:10,703 [grpc-default-executor-2] INFO  impl.RoleInfo (RoleInfo.java:shutdownFollowerState(121)) - 6605b8a5-570b-4977-9ee7-6aaf3012bed5: shutdown FollowerState
2019-10-18 14:58:10,703 [grpc-default-executor-2] INFO  impl.RoleInfo (RoleInfo.java:updateAndGet(143)) - 6605b8a5-570b-4977-9ee7-6aaf3012bed5: start FollowerState
2019-10-18 14:58:10,703 [Thread-811] INFO  impl.FollowerState (FollowerState.java:run(117)) - 6605b8a5-570b-4977-9ee7-6aaf3012bed5@group-58A987F56150-FollowerState was interrupted: java.lang.InterruptedException: sleep interrupted
2019-10-18 14:58:10,703 [grpc-default-executor-3] INFO  impl.RaftServerImpl (RaftServerImpl.java:setRole(184)) - ddd4789c-894d-475a-bbfb-f6e7aa670c92@group-58A987F56150: changes role from  FOLLOWER to FOLLOWER at term 96 for recognizeCandidate:327657b1-60f8-49f2-b2a3-f63e1f934942
2019-10-18 14:58:10,704 [grpc-default-executor-3] INFO  impl.RoleInfo (RoleInfo.java:shutdownFollowerState(121)) - ddd4789c-894d-475a-bbfb-f6e7aa670c92: shutdown FollowerState
2019-10-18 14:58:10,704 [grpc-default-executor-3] INFO  impl.RoleInfo (RoleInfo.java:updateAndGet(143)) - ddd4789c-894d-475a-bbfb-f6e7aa670c92: start FollowerState
2019-10-18 14:58:10,704 [Thread-812] INFO  impl.FollowerState (FollowerState.java:run(117)) - ddd4789c-894d-475a-bbfb-f6e7aa670c92@group-58A987F56150-FollowerState was interrupted: java.lang.InterruptedException: sleep interrupted
2019-10-18 14:58:10,729 [327657b1-60f8-49f2-b2a3-f63e1f934942@group-58A987F56150-LeaderElection89] INFO  impl.LeaderElection (LeaderElection.java:logAndReturn(56)) - 327657b1-60f8-49f2-b2a3-f63e1f934942@group-58A987F56150-LeaderElection89: Election REJECTED; received 2 response(s) [327657b1-60f8-49f2-b2a3-f63e1f934942<-6605b8a5-570b-4977-9ee7-6aaf3012bed5#0:FAIL-t96, 327657b1-60f8-49f2-b2a3-f63e1f934942<-ddd4789c-894d-475a-bbfb-f6e7aa670c92#0:FAIL-t96] and 0 exception(s); 327657b1-60f8-49f2-b2a3-f63e1f934942@group-58A987F56150:t96, leader=null, voted=327657b1-60f8-49f2-b2a3-f63e1f934942, raftlog=327657b1-60f8-49f2-b2a3-f63e1f934942@group-58A987F56150-SegmentedRaftLog:OPENED:c-1,f-1,i0, conf=-1: [6605b8a5-570b-4977-9ee7-6aaf3012bed5:192.168.164.233:35223, 327657b1-60f8-49f2-b2a3-f63e1f934942:192.168.164.233:41966, ddd4789c-894d-475a-bbfb-f6e7aa670c92:192.168.164.233:41061], old=null
2019-10-18 14:58:10,729 [327657b1-60f8-49f2-b2a3-f63e1f934942@group-58A987F56150-LeaderElection89] INFO  impl.RaftServerImpl (RaftServerImpl.java:setRole(184)) - 327657b1-60f8-49f2-b2a3-f63e1f934942@group-58A987F56150: changes role from CANDIDATE to FOLLOWER at term 96 for DISCOVERED_A_NEW_TERM
2019-10-18 14:58:10,729 [327657b1-60f8-49f2-b2a3-f63e1f934942@group-58A987F56150-LeaderElection89] INFO  impl.RoleInfo (RoleInfo.java:shutdownLeaderElection(134)) - 327657b1-60f8-49f2-b2a3-f63e1f934942: shutdown LeaderElection
2019-10-18 14:58:10,729 [327657b1-60f8-49f2-b2a3-f63e1f934942@group-58A987F56150-LeaderElection89] INFO  impl.RoleInfo (RoleInfo.java:updateAndGet(143)) - 327657b1-60f8-49f2-b2a3-f63e1f934942: start FollowerState
2019-10-18 14:58:10,820 [Thread-819] INFO  impl.FollowerState (FollowerState.java:run(108)) - 327657b1-60f8-49f2-b2a3-f63e1f934942@group-58A987F56150-FollowerState: change to CANDIDATE, lastRpcTime:90ms, electionTimeout:89ms
2019-10-18 14:58:10,821 [Thread-819] INFO  impl.RoleInfo (RoleInfo.java:shutdownFollowerState(121)) - 327657b1-60f8-49f2-b2a3-f63e1f934942: shutdown FollowerState
2019-10-18 14:58:10,821 [Thread-819] INFO  impl.RaftServerImpl (RaftServerImpl.java:setRole(184)) - 327657b1-60f8-49f2-b2a3-f63e1f934942@group-58A987F56150: changes role from  FOLLOWER to CANDIDATE at term 96 for changeToCandidate
2019-10-18 14:58:10,821 [Thread-819] INFO  impl.RoleInfo (RoleInfo.java:updateAndGet(143)) - 327657b1-60f8-49f2-b2a3-f63e1f934942: start LeaderElection
2019-10-18 14:58:10,825 [327657b1-60f8-49f2-b2a3-f63e1f934942@group-58A987F56150-LeaderElection90] INFO  impl.LeaderElection (LeaderElection.java:askForVotes(178)) - 327657b1-60f8-49f2-b2a3-f63e1f934942@group-58A987F56150-LeaderElection90: begin an election at term 97 for -1: [6605b8a5-570b-4977-9ee7-6aaf3012bed5:192.168.164.233:35223, 327657b1-60f8-49f2-b2a3-f63e1f934942:192.168.164.233:41966, ddd4789c-894d-475a-bbfb-f6e7aa670c92:192.168.164.233:41061], old=null
2019-10-18 14:58:10,832 [grpc-default-executor-3] INFO  impl.RaftServerImpl (RaftServerImpl.java:setRole(184)) - 6605b8a5-570b-4977-9ee7-6aaf3012bed5@group-58A987F56150: changes role from  FOLLOWER to FOLLOWER at term 97 for recognizeCandidate:327657b1-60f8-49f2-b2a3-f63e1f934942
2019-10-18 14:58:10,832 [grpc-default-executor-3] INFO  impl.RoleInfo (RoleInfo.java:shutdownFollowerState(121)) - 6605b8a5-570b-4977-9ee7-6aaf3012bed5: shutdown FollowerState
2019-10-18 14:58:10,833 [grpc-default-executor-3] INFO  impl.RoleInfo (RoleInfo.java:updateAndGet(143)) - 6605b8a5-570b-4977-9ee7-6aaf3012bed5: start FollowerState
2019-10-18 14:58:10,833 [Thread-817] INFO  impl.FollowerState (FollowerState.java:run(117)) - 6605b8a5-570b-4977-9ee7-6aaf3012bed5@group-58A987F56150-FollowerState was interrupted: java.lang.InterruptedException: sleep interrupted
2019-10-18 14:58:10,833 [grpc-default-executor-2] INFO  impl.RaftServerImpl (RaftServerImpl.java:setRole(184)) - ddd4789c-894d-475a-bbfb-f6e7aa670c92@group-58A987F56150: changes role from  FOLLOWER to FOLLOWER at term 97 for recognizeCandidate:327657b1-60f8-49f2-b2a3-f63e1f934942
2019-10-18 14:58:10,833 [grpc-default-executor-2] INFO  impl.RoleInfo (RoleInfo.java:shutdownFollowerState(121)) - ddd4789c-894d-475a-bbfb-f6e7aa670c92: shutdown FollowerState
2019-10-18 14:58:10,833 [grpc-default-executor-2] INFO  impl.RoleInfo (RoleInfo.java:updateAndGet(143)) - ddd4789c-894d-475a-bbfb-f6e7aa670c92: start FollowerState
2019-10-18 14:58:10,833 [Thread-818] INFO  impl.FollowerState (FollowerState.java:run(117)) - ddd4789c-894d-475a-bbfb-f6e7aa670c92@group-58A987F56150-FollowerState was interrupted: java.lang.InterruptedException: sleep interrupted
2019-10-18 14:58:10,865 [327657b1-60f8-49f2-b2a3-f63e1f934942@group-58A987F56150-LeaderElection90] INFO  impl.LeaderElection (LeaderElection.java:logAndReturn(56)) - 327657b1-60f8-49f2-b2a3-f63e1f934942@group-58A987F56150-LeaderElection90: Election REJECTED; received 2 response(s) [327657b1-60f8-49f2-b2a3-f63e1f934942<-6605b8a5-570b-4977-9ee7-6aaf3012bed5#0:FAIL-t97, 327657b1-60f8-49f2-b2a3-f63e1f934942<-ddd4789c-894d-475a-bbfb-f6e7aa670c92#0:FAIL-t97] and 0 exception(s); 327657b1-60f8-49f2-b2a3-f63e1f934942@group-58A987F56150:t97, leader=null, voted=327657b1-60f8-49f2-b2a3-f63e1f934942, raftlog=327657b1-60f8-49f2-b2a3-f63e1f934942@group-58A987F56150-SegmentedRaftLog:OPENED:c-1,f-1,i0, conf=-1: [6605b8a5-570b-4977-9ee7-6aaf3012bed5:192.168.164.233:35223, 327657b1-60f8-49f2-b2a3-f63e1f934942:192.168.164.233:41966, ddd4789c-894d-475a-bbfb-f6e7aa670c92:192.168.164.233:41061], old=null
2019-10-18 14:58:10,865 [327657b1-60f8-49f2-b2a3-f63e1f934942@group-58A987F56150-LeaderElection90] INFO  impl.RaftServerImpl (RaftServerImpl.java:setRole(184)) - 327657b1-60f8-49f2-b2a3-f63e1f934942@group-58A987F56150: changes role from CANDIDATE to FOLLOWER at term 97 for DISCOVERED_A_NEW_TERM
2019-10-18 14:58:10,865 [327657b1-60f8-49f2-b2a3-f63e1f934942@group-58A987F56150-LeaderElection90] INFO  impl.RoleInfo (RoleInfo.java:shutdownLeaderElection(134)) - 327657b1-60f8-49f2-b2a3-f63e1f934942: shutdown LeaderElection
2019-10-18 14:58:10,865 [327657b1-60f8-49f2-b2a3-f63e1f934942@group-58A987F56150-LeaderElection90] INFO  impl.RoleInfo (RoleInfo.java:updateAndGet(143)) - 327657b1-60f8-49f2-b2a3-f63e1f934942: start FollowerState
2019-10-18 14:58:10,910 [Thread-825] INFO  impl.FollowerState (FollowerState.java:run(108)) - 327657b1-60f8-49f2-b2a3-f63e1f934942@group-58A987F56150-FollowerState: change to CANDIDATE, lastRpcTime:44ms, electionTimeout:44ms
2019-10-18 14:58:10,910 [Thread-825] INFO  impl.RoleInfo (RoleInfo.java:shutdownFollowerState(121)) - 327657b1-60f8-49f2-b2a3-f63e1f934942: shutdown FollowerState
2019-10-18 14:58:10,910 [Thread-825] INFO  impl.RaftServerImpl (RaftServerImpl.java:setRole(184)) - 327657b1-60f8-49f2-b2a3-f63e1f934942@group-58A987F56150: changes role from  FOLLOWER to CANDIDATE at term 97 for changeToCandidate
2019-10-18 14:58:10,910 [Thread-825] INFO  impl.RoleInfo (RoleInfo.java:updateAndGet(143)) - 327657b1-60f8-49f2-b2a3-f63e1f934942: start LeaderElection
2019-10-18 14:58:10,925 [327657b1-60f8-49f2-b2a3-f63e1f934942@group-58A987F56150-LeaderElection91] INFO  impl.LeaderElection (LeaderElection.java:askForVotes(178)) - 327657b1-60f8-49f2-b2a3-f63e1f934942@group-58A987F56150-LeaderElection91: begin an election at term 98 for -1: [6605b8a5-570b-4977-9ee7-6aaf3012bed5:192.168.164.233:35223, 327657b1-60f8-49f2-b2a3-f63e1f934942:192.168.164.233:41966, ddd4789c-894d-475a-bbfb-f6e7aa670c92:192.168.164.233:41061], old=null
2019-10-18 14:58:10,928 [grpc-default-executor-2] INFO  impl.RaftServerImpl (RaftServerImpl.java:setRole(184)) - 6605b8a5-570b-4977-9ee7-6aaf3012bed5@group-58A987F56150: changes role from  FOLLOWER to FOLLOWER at term 98 for recognizeCandidate:327657b1-60f8-49f2-b2a3-f63e1f934942
2019-10-18 14:58:10,928 [grpc-default-executor-2] INFO  impl.RoleInfo (RoleInfo.java:shutdownFollowerState(121)) - 6605b8a5-570b-4977-9ee7-6aaf3012bed5: shutdown FollowerState
2019-10-18 14:58:10,928 [grpc-default-executor-3] INFO  impl.RaftServerImpl (RaftServerImpl.java:setRole(184)) - ddd4789c-894d-475a-bbfb-f6e7aa670c92@group-58A987F56150: changes role from  FOLLOWER to FOLLOWER at term 98 for recognizeCandidate:327657b1-60f8-49f2-b2a3-f63e1f934942
2019-10-18 14:58:10,929 [Thread-823] INFO  impl.FollowerState (FollowerState.java:run(117)) - 6605b8a5-570b-4977-9ee7-6aaf3012bed5@group-58A987F56150-FollowerState was interrupted: java.lang.InterruptedException: sleep interrupted
2019-10-18 14:58:10,928 [grpc-default-executor-2] INFO  impl.RoleInfo (RoleInfo.java:updateAndGet(143)) - 6605b8a5-570b-4977-9ee7-6aaf3012bed5: start FollowerState
2019-10-18 14:58:10,929 [grpc-default-executor-3] INFO  impl.RoleInfo (RoleInfo.java:shutdownFollowerState(121)) - ddd4789c-894d-475a-bbfb-f6e7aa670c92: shutdown FollowerState
2019-10-18 14:58:10,929 [grpc-default-executor-3] INFO  impl.RoleInfo (RoleInfo.java:updateAndGet(143)) - ddd4789c-894d-475a-bbfb-f6e7aa670c92: start FollowerState
2019-10-18 14:58:10,929 [Thread-824] INFO  impl.FollowerState (FollowerState.java:run(117)) - ddd4789c-894d-475a-bbfb-f6e7aa670c92@group-58A987F56150-FollowerState was interrupted: java.lang.InterruptedException: sleep interrupted
2019-10-18 14:58:10,955 [327657b1-60f8-49f2-b2a3-f63e1f934942@group-58A987F56150-LeaderElection91] INFO  impl.LeaderElection (LeaderElection.java:logAndReturn(56)) - 327657b1-60f8-49f2-b2a3-f63e1f934942@group-58A987F56150-LeaderElection91: Election REJECTED; received 2 response(s) [327657b1-60f8-49f2-b2a3-f63e1f934942<-6605b8a5-570b-4977-9ee7-6aaf3012bed5#0:FAIL-t98, 327657b1-60f8-49f2-b2a3-f63e1f934942<-ddd4789c-894d-475a-bbfb-f6e7aa670c92#0:FAIL-t98] and 0 exception(s); 327657b1-60f8-49f2-b2a3-f63e1f934942@group-58A987F56150:t98, leader=null, voted=327657b1-60f8-49f2-b2a3-f63e1f934942, raftlog=327657b1-60f8-49f2-b2a3-f63e1f934942@group-58A987F56150-SegmentedRaftLog:OPENED:c-1,f-1,i0, conf=-1: [6605b8a5-570b-4977-9ee7-6aaf3012bed5:192.168.164.233:35223, 327657b1-60f8-49f2-b2a3-f63e1f934942:192.168.164.233:41966, ddd4789c-894d-475a-bbfb-f6e7aa670c92:192.168.164.233:41061], old=null
2019-10-18 14:58:10,956 [327657b1-60f8-49f2-b2a3-f63e1f934942@group-58A987F56150-LeaderElection91] INFO  impl.RaftServerImpl (RaftServerImpl.java:setRole(184)) - 327657b1-60f8-49f2-b2a3-f63e1f934942@group-58A987F56150: changes role from CANDIDATE to FOLLOWER at term 98 for DISCOVERED_A_NEW_TERM
2019-10-18 14:58:10,956 [327657b1-60f8-49f2-b2a3-f63e1f934942@group-58A987F56150-LeaderElection91] INFO  impl.RoleInfo (RoleInfo.java:shutdownLeaderElection(134)) - 327657b1-60f8-49f2-b2a3-f63e1f934942: shutdown LeaderElection
2019-10-18 14:58:10,956 [327657b1-60f8-49f2-b2a3-f63e1f934942@group-58A987F56150-LeaderElection91] INFO  impl.RoleInfo (RoleInfo.java:updateAndGet(143)) - 327657b1-60f8-49f2-b2a3-f63e1f934942: start FollowerState
2019-10-18 14:58:11,040 [Thread-831] INFO  impl.FollowerState (FollowerState.java:run(108)) - 327657b1-60f8-49f2-b2a3-f63e1f934942@group-58A987F56150-FollowerState: change to CANDIDATE, lastRpcTime:84ms, electionTimeout:84ms
2019-10-18 14:58:11,041 [Thread-831] INFO  impl.RoleInfo (RoleInfo.java:shutdownFollowerState(121)) - 327657b1-60f8-49f2-b2a3-f63e1f934942: shutdown FollowerState
2019-10-18 14:58:11,041 [Thread-831] INFO  impl.RaftServerImpl (RaftServerImpl.java:setRole(184)) - 327657b1-60f8-49f2-b2a3-f63e1f934942@group-58A987F56150: changes role from  FOLLOWER to CANDIDATE at term 98 for changeToCandidate
2019-10-18 14:58:11,041 [Thread-831] INFO  impl.RoleInfo (RoleInfo.java:updateAndGet(143)) - 327657b1-60f8-49f2-b2a3-f63e1f934942: start LeaderElection
2019-10-18 14:58:11,054 [327657b1-60f8-49f2-b2a3-f63e1f934942@group-58A987F56150-LeaderElection92] INFO  impl.LeaderElection (LeaderElection.java:askForVotes(178)) - 327657b1-60f8-49f2-b2a3-f63e1f934942@group-58A987F56150-LeaderElection92: begin an election at term 99 for -1: [6605b8a5-570b-4977-9ee7-6aaf3012bed5:192.168.164.233:35223, 327657b1-60f8-49f2-b2a3-f63e1f934942:192.168.164.233:41966, ddd4789c-894d-475a-bbfb-f6e7aa670c92:192.168.164.233:41061], old=null
2019-10-18 14:58:11,057 [grpc-default-executor-2] INFO  impl.RaftServerImpl (RaftServerImpl.java:setRole(184)) - 6605b8a5-570b-4977-9ee7-6aaf3012bed5@group-58A987F56150: changes role from  FOLLOWER to FOLLOWER at term 99 for recognizeCandidate:327657b1-60f8-49f2-b2a3-f63e1f934942
2019-10-18 14:58:11,057 [grpc-default-executor-3] INFO  impl.RaftServerImpl (RaftServerImpl.java:setRole(184)) - ddd4789c-894d-475a-bbfb-f6e7aa670c92@group-58A987F56150: changes role from  FOLLOWER to FOLLOWER at term 99 for recognizeCandidate:327657b1-60f8-49f2-b2a3-f63e1f934942
2019-10-18 14:58:11,057 [grpc-default-executor-3] INFO  impl.RoleInfo (RoleInfo.java:shutdownFollowerState(121)) - ddd4789c-894d-475a-bbfb-f6e7aa670c92: shutdown FollowerState
2019-10-18 14:58:11,057 [grpc-default-executor-2] INFO  impl.RoleInfo (RoleInfo.java:shutdownFollowerState(121)) - 6605b8a5-570b-4977-9ee7-6aaf3012bed5: shutdown FollowerState
2019-10-18 14:58:11,058 [Thread-830] INFO  impl.FollowerState (FollowerState.java:run(117)) - ddd4789c-894d-475a-bbfb-f6e7aa670c92@group-58A987F56150-FollowerState was interrupted: java.lang.InterruptedException: sleep interrupted
2019-10-18 14:58:11,058 [Thread-829] INFO  impl.FollowerState (FollowerState.java:run(117)) - 6605b8a5-570b-4977-9ee7-6aaf3012bed5@group-58A987F56150-FollowerState was interrupted: java.lang.InterruptedException: sleep interrupted
2019-10-18 14:58:11,057 [grpc-default-executor-3] INFO  impl.RoleInfo (RoleInfo.java:updateAndGet(143)) - ddd4789c-894d-475a-bbfb-f6e7aa670c92: start FollowerState
2019-10-18 14:58:11,058 [grpc-default-executor-2] INFO  impl.RoleInfo (RoleInfo.java:updateAndGet(143)) - 6605b8a5-570b-4977-9ee7-6aaf3012bed5: start FollowerState
2019-10-18 14:58:11,085 [327657b1-60f8-49f2-b2a3-f63e1f934942@group-58A987F56150-LeaderElection92] INFO  impl.LeaderElection (LeaderElection.java:logAndReturn(56)) - 327657b1-60f8-49f2-b2a3-f63e1f934942@group-58A987F56150-LeaderElection92: Election REJECTED; received 2 response(s) [327657b1-60f8-49f2-b2a3-f63e1f934942<-6605b8a5-570b-4977-9ee7-6aaf3012bed5#0:FAIL-t99, 327657b1-60f8-49f2-b2a3-f63e1f934942<-ddd4789c-894d-475a-bbfb-f6e7aa670c92#0:FAIL-t99] and 0 exception(s); 327657b1-60f8-49f2-b2a3-f63e1f934942@group-58A987F56150:t99, leader=null, voted=327657b1-60f8-49f2-b2a3-f63e1f934942, raftlog=327657b1-60f8-49f2-b2a3-f63e1f934942@group-58A987F56150-SegmentedRaftLog:OPENED:c-1,f-1,i0, conf=-1: [6605b8a5-570b-4977-9ee7-6aaf3012bed5:192.168.164.233:35223, 327657b1-60f8-49f2-b2a3-f63e1f934942:192.168.164.233:41966, ddd4789c-894d-475a-bbfb-f6e7aa670c92:192.168.164.233:41061], old=null
2019-10-18 14:58:11,085 [327657b1-60f8-49f2-b2a3-f63e1f934942@group-58A987F56150-LeaderElection92] INFO  impl.RaftServerImpl (RaftServerImpl.java:setRole(184)) - 327657b1-60f8-49f2-b2a3-f63e1f934942@group-58A987F56150: changes role from CANDIDATE to FOLLOWER at term 99 for DISCOVERED_A_NEW_TERM
2019-10-18 14:58:11,085 [327657b1-60f8-49f2-b2a3-f63e1f934942@group-58A987F56150-LeaderElection92] INFO  impl.RoleInfo (RoleInfo.java:shutdownLeaderElection(134)) - 327657b1-60f8-49f2-b2a3-f63e1f934942: shutdown LeaderElection
2019-10-18 14:58:11,085 [327657b1-60f8-49f2-b2a3-f63e1f934942@group-58A987F56150-LeaderElection92] INFO  impl.RoleInfo (RoleInfo.java:updateAndGet(143)) - 327657b1-60f8-49f2-b2a3-f63e1f934942: start FollowerState
2019-10-18 14:58:11,195 [Thread-837] INFO  impl.FollowerState (FollowerState.java:run(108)) - 327657b1-60f8-49f2-b2a3-f63e1f934942@group-58A987F56150-FollowerState: change to CANDIDATE, lastRpcTime:110ms, electionTimeout:110ms
2019-10-18 14:58:11,195 [Thread-837] INFO  impl.RoleInfo (RoleInfo.java:shutdownFollowerState(121)) - 327657b1-60f8-49f2-b2a3-f63e1f934942: shutdown FollowerState
2019-10-18 14:58:11,196 [Thread-837] INFO  impl.RaftServerImpl (RaftServerImpl.java:setRole(184)) - 327657b1-60f8-49f2-b2a3-f63e1f934942@group-58A987F56150: changes role from  FOLLOWER to CANDIDATE at term 99 for changeToCandidate
2019-10-18 14:58:11,196 [Thread-837] INFO  impl.RoleInfo (RoleInfo.java:updateAndGet(143)) - 327657b1-60f8-49f2-b2a3-f63e1f934942: start LeaderElection
2019-10-18 14:58:11,221 [327657b1-60f8-49f2-b2a3-f63e1f934942@group-58A987F56150-LeaderElection93] INFO  impl.LeaderElection (LeaderElection.java:askForVotes(178)) - 327657b1-60f8-49f2-b2a3-f63e1f934942@group-58A987F56150-LeaderElection93: begin an election at term 100 for -1: [6605b8a5-570b-4977-9ee7-6aaf3012bed5:192.168.164.233:35223, 327657b1-60f8-49f2-b2a3-f63e1f934942:192.168.164.233:41966, ddd4789c-894d-475a-bbfb-f6e7aa670c92:192.168.164.233:41061], old=null
2019-10-18 14:58:11,224 [grpc-default-executor-2] INFO  impl.RaftServerImpl (RaftServerImpl.java:setRole(184)) - 6605b8a5-570b-4977-9ee7-6aaf3012bed5@group-58A987F56150: changes role from  FOLLOWER to FOLLOWER at term 100 for recognizeCandidate:327657b1-60f8-49f2-b2a3-f63e1f934942
2019-10-18 14:58:11,224 [grpc-default-executor-3] INFO  impl.RaftServerImpl (RaftServerImpl.java:setRole(184)) - ddd4789c-894d-475a-bbfb-f6e7aa670c92@group-58A987F56150: changes role from  FOLLOWER to FOLLOWER at term 100 for recognizeCandidate:327657b1-60f8-49f2-b2a3-f63e1f934942
2019-10-18 14:58:11,225 [grpc-default-executor-2] INFO  impl.RoleInfo (RoleInfo.java:shutdownFollowerState(121)) - 6605b8a5-570b-4977-9ee7-6aaf3012bed5: shutdown FollowerState
2019-10-18 14:58:11,225 [grpc-default-executor-3] INFO  impl.RoleInfo (RoleInfo.java:shutdownFollowerState(121)) - ddd4789c-894d-475a-bbfb-f6e7aa670c92: shutdown FollowerState
2019-10-18 14:58:11,225 [Thread-836] INFO  impl.FollowerState (FollowerState.java:run(117)) - 6605b8a5-570b-4977-9ee7-6aaf3012bed5@group-58A987F56150-FollowerState was interrupted: java.lang.InterruptedException: sleep interrupted
2019-10-18 14:58:11,225 [Thread-835] INFO  impl.FollowerState (FollowerState.java:run(117)) - ddd4789c-894d-475a-bbfb-f6e7aa670c92@group-58A987F56150-FollowerState was interrupted: java.lang.InterruptedException: sleep interrupted
2019-10-18 14:58:11,225 [grpc-default-executor-2] INFO  impl.RoleInfo (RoleInfo.java:updateAndGet(143)) - 6605b8a5-570b-4977-9ee7-6aaf3012bed5: start FollowerState
2019-10-18 14:58:11,225 [grpc-default-executor-3] INFO  impl.RoleInfo (RoleInfo.java:updateAndGet(143)) - ddd4789c-894d-475a-bbfb-f6e7aa670c92: start FollowerState
2019-10-18 14:58:11,252 [327657b1-60f8-49f2-b2a3-f63e1f934942@group-58A987F56150-LeaderElection93] INFO  impl.LeaderElection (LeaderElection.java:logAndReturn(56)) - 327657b1-60f8-49f2-b2a3-f63e1f934942@group-58A987F56150-LeaderElection93: Election REJECTED; received 2 response(s) [327657b1-60f8-49f2-b2a3-f63e1f934942<-6605b8a5-570b-4977-9ee7-6aaf3012bed5#0:FAIL-t100, 327657b1-60f8-49f2-b2a3-f63e1f934942<-ddd4789c-894d-475a-bbfb-f6e7aa670c92#0:FAIL-t100] and 0 exception(s); 327657b1-60f8-49f2-b2a3-f63e1f934942@group-58A987F56150:t100, leader=null, voted=327657b1-60f8-49f2-b2a3-f63e1f934942, raftlog=327657b1-60f8-49f2-b2a3-f63e1f934942@group-58A987F56150-SegmentedRaftLog:OPENED:c-1,f-1,i0, conf=-1: [6605b8a5-570b-4977-9ee7-6aaf3012bed5:192.168.164.233:35223, 327657b1-60f8-49f2-b2a3-f63e1f934942:192.168.164.233:41966, ddd4789c-894d-475a-bbfb-f6e7aa670c92:192.168.164.233:41061], old=null
2019-10-18 14:58:11,252 [327657b1-60f8-49f2-b2a3-f63e1f934942@group-58A987F56150-LeaderElection93] INFO  impl.RaftServerImpl (RaftServerImpl.java:setRole(184)) - 327657b1-60f8-49f2-b2a3-f63e1f934942@group-58A987F56150: changes role from CANDIDATE to FOLLOWER at term 100 for DISCOVERED_A_NEW_TERM
2019-10-18 14:58:11,252 [327657b1-60f8-49f2-b2a3-f63e1f934942@group-58A987F56150-LeaderElection93] INFO  impl.RoleInfo (RoleInfo.java:shutdownLeaderElection(134)) - 327657b1-60f8-49f2-b2a3-f63e1f934942: shutdown LeaderElection
2019-10-18 14:58:11,252 [327657b1-60f8-49f2-b2a3-f63e1f934942@group-58A987F56150-LeaderElection93] INFO  impl.RoleInfo (RoleInfo.java:updateAndGet(143)) - 327657b1-60f8-49f2-b2a3-f63e1f934942: start FollowerState
2019-10-18 14:58:11,311 [Thread-843] INFO  impl.FollowerState (FollowerState.java:run(108)) - 327657b1-60f8-49f2-b2a3-f63e1f934942@group-58A987F56150-FollowerState: change to CANDIDATE, lastRpcTime:58ms, electionTimeout:58ms
2019-10-18 14:58:11,311 [Thread-843] INFO  impl.RoleInfo (RoleInfo.java:shutdownFollowerState(121)) - 327657b1-60f8-49f2-b2a3-f63e1f934942: shutdown FollowerState
2019-10-18 14:58:11,311 [Thread-843] INFO  impl.RaftServerImpl (RaftServerImpl.java:setRole(184)) - 327657b1-60f8-49f2-b2a3-f63e1f934942@group-58A987F56150: changes role from  FOLLOWER to CANDIDATE at term 100 for changeToCandidate
2019-10-18 14:58:11,311 [Thread-843] INFO  impl.RoleInfo (RoleInfo.java:updateAndGet(143)) - 327657b1-60f8-49f2-b2a3-f63e1f934942: start LeaderElection
2019-10-18 14:58:11,324 [327657b1-60f8-49f2-b2a3-f63e1f934942@group-58A987F56150-LeaderElection94] INFO  impl.LeaderElection (LeaderElection.java:askForVotes(178)) - 327657b1-60f8-49f2-b2a3-f63e1f934942@group-58A987F56150-LeaderElection94: begin an election at term 101 for -1: [6605b8a5-570b-4977-9ee7-6aaf3012bed5:192.168.164.233:35223, 327657b1-60f8-49f2-b2a3-f63e1f934942:192.168.164.233:41966, ddd4789c-894d-475a-bbfb-f6e7aa670c92:192.168.164.233:41061], old=null
2019-10-18 14:58:11,327 [grpc-default-executor-3] INFO  impl.RaftServerImpl (RaftServerImpl.java:setRole(184)) - 6605b8a5-570b-4977-9ee7-6aaf3012bed5@group-58A987F56150: changes role from  FOLLOWER to FOLLOWER at term 101 for recognizeCandidate:327657b1-60f8-49f2-b2a3-f63e1f934942
2019-10-18 14:58:11,327 [grpc-default-executor-3] INFO  impl.RoleInfo (RoleInfo.java:shutdownFollowerState(121)) - 6605b8a5-570b-4977-9ee7-6aaf3012bed5: shutdown FollowerState
2019-10-18 14:58:11,327 [grpc-default-executor-2] INFO  impl.RaftServerImpl (RaftServerImpl.java:setRole(184)) - ddd4789c-894d-475a-bbfb-f6e7aa670c92@group-58A987F56150: changes role from  FOLLOWER to FOLLOWER at term 101 for recognizeCandidate:327657b1-60f8-49f2-b2a3-f63e1f934942
2019-10-18 14:58:11,327 [Thread-841] INFO  impl.FollowerState (FollowerState.java:run(117)) - 6605b8a5-570b-4977-9ee7-6aaf3012bed5@group-58A987F56150-FollowerState was interrupted: java.lang.InterruptedException: sleep interrupted
2019-10-18 14:58:11,327 [grpc-default-executor-3] INFO  impl.RoleInfo (RoleInfo.java:updateAndGet(143)) - 6605b8a5-570b-4977-9ee7-6aaf3012bed5: start FollowerState
2019-10-18 14:58:11,327 [grpc-default-executor-2] INFO  impl.RoleInfo (RoleInfo.java:shutdownFollowerState(121)) - ddd4789c-894d-475a-bbfb-f6e7aa670c92: shutdown FollowerState
2019-10-18 14:58:11,328 [grpc-default-executor-2] INFO  impl.RoleInfo (RoleInfo.java:updateAndGet(143)) - ddd4789c-894d-475a-bbfb-f6e7aa670c92: start FollowerState
2019-10-18 14:58:11,328 [Thread-842] INFO  impl.FollowerState (FollowerState.java:run(117)) - ddd4789c-894d-475a-bbfb-f6e7aa670c92@group-58A987F56150-FollowerState was interrupted: java.lang.InterruptedException: sleep interrupted
2019-10-18 14:58:11,344 [327657b1-60f8-49f2-b2a3-f63e1f934942@group-58A987F56150-LeaderElection94] INFO  impl.LeaderElection (LeaderElection.java:logAndReturn(56)) - 327657b1-60f8-49f2-b2a3-f63e1f934942@group-58A987F56150-LeaderElection94: Election REJECTED; received 2 response(s) [327657b1-60f8-49f2-b2a3-f63e1f934942<-6605b8a5-570b-4977-9ee7-6aaf3012bed5#0:FAIL-t101, 327657b1-60f8-49f2-b2a3-f63e1f934942<-ddd4789c-894d-475a-bbfb-f6e7aa670c92#0:FAIL-t101] and 0 exception(s); 327657b1-60f8-49f2-b2a3-f63e1f934942@group-58A987F56150:t101, leader=null, voted=327657b1-60f8-49f2-b2a3-f63e1f934942, raftlog=327657b1-60f8-49f2-b2a3-f63e1f934942@group-58A987F56150-SegmentedRaftLog:OPENED:c-1,f-1,i0, conf=-1: [6605b8a5-570b-4977-9ee7-6aaf3012bed5:192.168.164.233:35223, 327657b1-60f8-49f2-b2a3-f63e1f934942:192.168.164.233:41966, ddd4789c-894d-475a-bbfb-f6e7aa670c92:192.168.164.233:41061], old=null
2019-10-18 14:58:11,344 [327657b1-60f8-49f2-b2a3-f63e1f934942@group-58A987F56150-LeaderElection94] INFO  impl.RaftServerImpl (RaftServerImpl.java:setRole(184)) - 327657b1-60f8-49f2-b2a3-f63e1f934942@group-58A987F56150: changes role from CANDIDATE to FOLLOWER at term 101 for DISCOVERED_A_NEW_TERM
2019-10-18 14:58:11,344 [327657b1-60f8-49f2-b2a3-f63e1f934942@group-58A987F56150-LeaderElection94] INFO  impl.RoleInfo (RoleInfo.java:shutdownLeaderElection(134)) - 327657b1-60f8-49f2-b2a3-f63e1f934942: shutdown LeaderElection
2019-10-18 14:58:11,344 [327657b1-60f8-49f2-b2a3-f63e1f934942@group-58A987F56150-LeaderElection94] INFO  impl.RoleInfo (RoleInfo.java:updateAndGet(143)) - 327657b1-60f8-49f2-b2a3-f63e1f934942: start FollowerState
2019-10-18 14:58:11,494 [Thread-849] INFO  impl.FollowerState (FollowerState.java:run(108)) - 327657b1-60f8-49f2-b2a3-f63e1f934942@group-58A987F56150-FollowerState: change to CANDIDATE, lastRpcTime:149ms, electionTimeout:149ms
2019-10-18 14:58:11,494 [Thread-849] INFO  impl.RoleInfo (RoleInfo.java:shutdownFollowerState(121)) - 327657b1-60f8-49f2-b2a3-f63e1f934942: shutdown FollowerState
2019-10-18 14:58:11,494 [Thread-849] INFO  impl.RaftServerImpl (RaftServerImpl.java:setRole(184)) - 327657b1-60f8-49f2-b2a3-f63e1f934942@group-58A987F56150: changes role from  FOLLOWER to CANDIDATE at term 101 for changeToCandidate
2019-10-18 14:58:11,495 [Thread-849] INFO  impl.RoleInfo (RoleInfo.java:updateAndGet(143)) - 327657b1-60f8-49f2-b2a3-f63e1f934942: start LeaderElection
2019-10-18 14:58:11,509 [327657b1-60f8-49f2-b2a3-f63e1f934942@group-58A987F56150-LeaderElection95] INFO  impl.LeaderElection (LeaderElection.java:askForVotes(178)) - 327657b1-60f8-49f2-b2a3-f63e1f934942@group-58A987F56150-LeaderElection95: begin an election at term 102 for -1: [6605b8a5-570b-4977-9ee7-6aaf3012bed5:192.168.164.233:35223, 327657b1-60f8-49f2-b2a3-f63e1f934942:192.168.164.233:41966, ddd4789c-894d-475a-bbfb-f6e7aa670c92:192.168.164.233:41061], old=null
2019-10-18 14:58:11,512 [grpc-default-executor-3] INFO  impl.RaftServerImpl (RaftServerImpl.java:setRole(184)) - 6605b8a5-570b-4977-9ee7-6aaf3012bed5@group-58A987F56150: changes role from  FOLLOWER to FOLLOWER at term 102 for recognizeCandidate:327657b1-60f8-49f2-b2a3-f63e1f934942
2019-10-18 14:58:11,512 [grpc-default-executor-2] INFO  impl.RaftServerImpl (RaftServerImpl.java:setRole(184)) - ddd4789c-894d-475a-bbfb-f6e7aa670c92@group-58A987F56150: changes role from  FOLLOWER to FOLLOWER at term 102 for recognizeCandidate:327657b1-60f8-49f2-b2a3-f63e1f934942
2019-10-18 14:58:11,512 [grpc-default-executor-2] INFO  impl.RoleInfo (RoleInfo.java:shutdownFollowerState(121)) - ddd4789c-894d-475a-bbfb-f6e7aa670c92: shutdown FollowerState
2019-10-18 14:58:11,512 [grpc-default-executor-3] INFO  impl.RoleInfo (RoleInfo.java:shutdownFollowerState(121)) - 6605b8a5-570b-4977-9ee7-6aaf3012bed5: shutdown FollowerState
2019-10-18 14:58:11,512 [Thread-848] INFO  impl.FollowerState (FollowerState.java:run(117)) - ddd4789c-894d-475a-bbfb-f6e7aa670c92@group-58A987F56150-FollowerState was interrupted: java.lang.InterruptedException: sleep interrupted
2019-10-18 14:58:11,512 [grpc-default-executor-2] INFO  impl.RoleInfo (RoleInfo.java:updateAndGet(143)) - ddd4789c-894d-475a-bbfb-f6e7aa670c92: start FollowerState
2019-10-18 14:58:11,513 [Thread-847] INFO  impl.FollowerState (FollowerState.java:run(117)) - 6605b8a5-570b-4977-9ee7-6aaf3012bed5@group-58A987F56150-FollowerState was interrupted: java.lang.InterruptedException: sleep interrupted
2019-10-18 14:58:11,513 [grpc-default-executor-3] INFO  impl.RoleInfo (RoleInfo.java:updateAndGet(143)) - 6605b8a5-570b-4977-9ee7-6aaf3012bed5: start FollowerState
2019-10-18 14:58:11,539 [327657b1-60f8-49f2-b2a3-f63e1f934942@group-58A987F56150-LeaderElection95] INFO  impl.LeaderElection (LeaderElection.java:logAndReturn(56)) - 327657b1-60f8-49f2-b2a3-f63e1f934942@group-58A987F56150-LeaderElection95: Election REJECTED; received 2 response(s) [327657b1-60f8-49f2-b2a3-f63e1f934942<-6605b8a5-570b-4977-9ee7-6aaf3012bed5#0:FAIL-t102, 327657b1-60f8-49f2-b2a3-f63e1f934942<-ddd4789c-894d-475a-bbfb-f6e7aa670c92#0:FAIL-t102] and 0 exception(s); 327657b1-60f8-49f2-b2a3-f63e1f934942@group-58A987F56150:t102, leader=null, voted=327657b1-60f8-49f2-b2a3-f63e1f934942, raftlog=327657b1-60f8-49f2-b2a3-f63e1f934942@group-58A987F56150-SegmentedRaftLog:OPENED:c-1,f-1,i0, conf=-1: [6605b8a5-570b-4977-9ee7-6aaf3012bed5:192.168.164.233:35223, 327657b1-60f8-49f2-b2a3-f63e1f934942:192.168.164.233:41966, ddd4789c-894d-475a-bbfb-f6e7aa670c92:192.168.164.233:41061], old=null
2019-10-18 14:58:11,539 [327657b1-60f8-49f2-b2a3-f63e1f934942@group-58A987F56150-LeaderElection95] INFO  impl.RaftServerImpl (RaftServerImpl.java:setRole(184)) - 327657b1-60f8-49f2-b2a3-f63e1f934942@group-58A987F56150: changes role from CANDIDATE to FOLLOWER at term 102 for DISCOVERED_A_NEW_TERM
2019-10-18 14:58:11,539 [327657b1-60f8-49f2-b2a3-f63e1f934942@group-58A987F56150-LeaderElection95] INFO  impl.RoleInfo (RoleInfo.java:shutdownLeaderElection(134)) - 327657b1-60f8-49f2-b2a3-f63e1f934942: shutdown LeaderElection
2019-10-18 14:58:11,540 [327657b1-60f8-49f2-b2a3-f63e1f934942@group-58A987F56150-LeaderElection95] INFO  impl.RoleInfo (RoleInfo.java:updateAndGet(143)) - 327657b1-60f8-49f2-b2a3-f63e1f934942: start FollowerState
2019-10-18 14:58:11,621 [Thread-855] INFO  impl.FollowerState (FollowerState.java:run(108)) - 327657b1-60f8-49f2-b2a3-f63e1f934942@group-58A987F56150-FollowerState: change to CANDIDATE, lastRpcTime:81ms, electionTimeout:81ms
2019-10-18 14:58:11,621 [Thread-855] INFO  impl.RoleInfo (RoleInfo.java:shutdownFollowerState(121)) - 327657b1-60f8-49f2-b2a3-f63e1f934942: shutdown FollowerState
2019-10-18 14:58:11,621 [Thread-855] INFO  impl.RaftServerImpl (RaftServerImpl.java:setRole(184)) - 327657b1-60f8-49f2-b2a3-f63e1f934942@group-58A987F56150: changes role from  FOLLOWER to CANDIDATE at term 102 for changeToCandidate
2019-10-18 14:58:11,622 [Thread-855] INFO  impl.RoleInfo (RoleInfo.java:updateAndGet(143)) - 327657b1-60f8-49f2-b2a3-f63e1f934942: start LeaderElection
2019-10-18 14:58:11,637 [327657b1-60f8-49f2-b2a3-f63e1f934942@group-58A987F56150-LeaderElection96] INFO  impl.LeaderElection (LeaderElection.java:askForVotes(178)) - 327657b1-60f8-49f2-b2a3-f63e1f934942@group-58A987F56150-LeaderElection96: begin an election at term 103 for -1: [6605b8a5-570b-4977-9ee7-6aaf3012bed5:192.168.164.233:35223, 327657b1-60f8-49f2-b2a3-f63e1f934942:192.168.164.233:41966, ddd4789c-894d-475a-bbfb-f6e7aa670c92:192.168.164.233:41061], old=null
2019-10-18 14:58:11,639 [grpc-default-executor-3] INFO  impl.RaftServerImpl (RaftServerImpl.java:setRole(184)) - 6605b8a5-570b-4977-9ee7-6aaf3012bed5@group-58A987F56150: changes role from  FOLLOWER to FOLLOWER at term 103 for recognizeCandidate:327657b1-60f8-49f2-b2a3-f63e1f934942
2019-10-18 14:58:11,639 [grpc-default-executor-2] INFO  impl.RaftServerImpl (RaftServerImpl.java:setRole(184)) - ddd4789c-894d-475a-bbfb-f6e7aa670c92@group-58A987F56150: changes role from  FOLLOWER to FOLLOWER at term 103 for recognizeCandidate:327657b1-60f8-49f2-b2a3-f63e1f934942
2019-10-18 14:58:11,640 [grpc-default-executor-2] INFO  impl.RoleInfo (RoleInfo.java:shutdownFollowerState(121)) - ddd4789c-894d-475a-bbfb-f6e7aa670c92: shutdown FollowerState
2019-10-18 14:58:11,639 [grpc-default-executor-3] INFO  impl.RoleInfo (RoleInfo.java:shutdownFollowerState(121)) - 6605b8a5-570b-4977-9ee7-6aaf3012bed5: shutdown FollowerState
2019-10-18 14:58:11,640 [Thread-853] INFO  impl.FollowerState (FollowerState.java:run(117)) - ddd4789c-894d-475a-bbfb-f6e7aa670c92@group-58A987F56150-FollowerState was interrupted: java.lang.InterruptedException: sleep interrupted
2019-10-18 14:58:11,640 [grpc-default-executor-2] INFO  impl.RoleInfo (RoleInfo.java:updateAndGet(143)) - ddd4789c-894d-475a-bbfb-f6e7aa670c92: start FollowerState
2019-10-18 14:58:11,640 [Thread-854] INFO  impl.FollowerState (FollowerState.java:run(117)) - 6605b8a5-570b-4977-9ee7-6aaf3012bed5@group-58A987F56150-FollowerState was interrupted: java.lang.InterruptedException: sleep interrupted
2019-10-18 14:58:11,640 [grpc-default-executor-3] INFO  impl.RoleInfo (RoleInfo.java:updateAndGet(143)) - 6605b8a5-570b-4977-9ee7-6aaf3012bed5: start FollowerState
2019-10-18 14:58:11,655 [327657b1-60f8-49f2-b2a3-f63e1f934942@group-58A987F56150-LeaderElection96] INFO  impl.LeaderElection (LeaderElection.java:logAndReturn(56)) - 327657b1-60f8-49f2-b2a3-f63e1f934942@group-58A987F56150-LeaderElection96: Election REJECTED; received 2 response(s) [327657b1-60f8-49f2-b2a3-f63e1f934942<-6605b8a5-570b-4977-9ee7-6aaf3012bed5#0:FAIL-t103, 327657b1-60f8-49f2-b2a3-f63e1f934942<-ddd4789c-894d-475a-bbfb-f6e7aa670c92#0:FAIL-t103] and 0 exception(s); 327657b1-60f8-49f2-b2a3-f63e1f934942@group-58A987F56150:t103, leader=null, voted=327657b1-60f8-49f2-b2a3-f63e1f934942, raftlog=327657b1-60f8-49f2-b2a3-f63e1f934942@group-58A987F56150-SegmentedRaftLog:OPENED:c-1,f-1,i0, conf=-1: [6605b8a5-570b-4977-9ee7-6aaf3012bed5:192.168.164.233:35223, 327657b1-60f8-49f2-b2a3-f63e1f934942:192.168.164.233:41966, ddd4789c-894d-475a-bbfb-f6e7aa670c92:192.168.164.233:41061], old=null
2019-10-18 14:58:11,655 [327657b1-60f8-49f2-b2a3-f63e1f934942@group-58A987F56150-LeaderElection96] INFO  impl.RaftServerImpl (RaftServerImpl.java:setRole(184)) - 327657b1-60f8-49f2-b2a3-f63e1f934942@group-58A987F56150: changes role from CANDIDATE to FOLLOWER at term 103 for DISCOVERED_A_NEW_TERM
2019-10-18 14:58:11,655 [327657b1-60f8-49f2-b2a3-f63e1f934942@group-58A987F56150-LeaderElection96] INFO  impl.RoleInfo (RoleInfo.java:shutdownLeaderElection(134)) - 327657b1-60f8-49f2-b2a3-f63e1f934942: shutdown LeaderElection
2019-10-18 14:58:11,655 [327657b1-60f8-49f2-b2a3-f63e1f934942@group-58A987F56150-LeaderElection96] INFO  impl.RoleInfo (RoleInfo.java:updateAndGet(143)) - 327657b1-60f8-49f2-b2a3-f63e1f934942: start FollowerState
2019-10-18 14:58:11,659 [Thread-863] INFO  impl.FollowerState (FollowerState.java:run(108)) - 327657b1-60f8-49f2-b2a3-f63e1f934942@group-58A987F56150-FollowerState: change to CANDIDATE, lastRpcTime:3ms, electionTimeout:3ms
2019-10-18 14:58:11,659 [Thread-863] INFO  impl.RoleInfo (RoleInfo.java:shutdownFollowerState(121)) - 327657b1-60f8-49f2-b2a3-f63e1f934942: shutdown FollowerState
2019-10-18 14:58:11,659 [Thread-863] INFO  impl.RaftServerImpl (RaftServerImpl.java:setRole(184)) - 327657b1-60f8-49f2-b2a3-f63e1f934942@group-58A987F56150: changes role from  FOLLOWER to CANDIDATE at term 103 for changeToCandidate
2019-10-18 14:58:11,659 [Thread-863] INFO  impl.RoleInfo (RoleInfo.java:updateAndGet(143)) - 327657b1-60f8-49f2-b2a3-f63e1f934942: start LeaderElection
2019-10-18 14:58:11,672 [327657b1-60f8-49f2-b2a3-f63e1f934942@group-58A987F56150-LeaderElection97] INFO  impl.LeaderElection (LeaderElection.java:askForVotes(178)) - 327657b1-60f8-49f2-b2a3-f63e1f934942@group-58A987F56150-LeaderElection97: begin an election at term 104 for -1: [6605b8a5-570b-4977-9ee7-6aaf3012bed5:192.168.164.233:35223, 327657b1-60f8-49f2-b2a3-f63e1f934942:192.168.164.233:41966, ddd4789c-894d-475a-bbfb-f6e7aa670c92:192.168.164.233:41061], old=null
2019-10-18 14:58:11,675 [grpc-default-executor-2] INFO  impl.RaftServerImpl (RaftServerImpl.java:setRole(184)) - 6605b8a5-570b-4977-9ee7-6aaf3012bed5@group-58A987F56150: changes role from  FOLLOWER to FOLLOWER at term 104 for recognizeCandidate:327657b1-60f8-49f2-b2a3-f63e1f934942
2019-10-18 14:58:11,675 [grpc-default-executor-3] INFO  impl.RaftServerImpl (RaftServerImpl.java:setRole(184)) - ddd4789c-894d-475a-bbfb-f6e7aa670c92@group-58A987F56150: changes role from  FOLLOWER to FOLLOWER at term 104 for recognizeCandidate:327657b1-60f8-49f2-b2a3-f63e1f934942
2019-10-18 14:58:11,675 [grpc-default-executor-3] INFO  impl.RoleInfo (RoleInfo.java:shutdownFollowerState(121)) - ddd4789c-894d-475a-bbfb-f6e7aa670c92: shutdown FollowerState
2019-10-18 14:58:11,675 [grpc-default-executor-2] INFO  impl.RoleInfo (RoleInfo.java:shutdownFollowerState(121)) - 6605b8a5-570b-4977-9ee7-6aaf3012bed5: shutdown FollowerState
2019-10-18 14:58:11,675 [Thread-861] INFO  impl.FollowerState (FollowerState.java:run(117)) - ddd4789c-894d-475a-bbfb-f6e7aa670c92@group-58A987F56150-FollowerState was interrupted: java.lang.InterruptedException: sleep interrupted
2019-10-18 14:58:11,675 [grpc-default-executor-3] INFO  impl.RoleInfo (RoleInfo.java:updateAndGet(143)) - ddd4789c-894d-475a-bbfb-f6e7aa670c92: start FollowerState
2019-10-18 14:58:11,675 [grpc-default-executor-2] INFO  impl.RoleInfo (RoleInfo.java:updateAndGet(143)) - 6605b8a5-570b-4977-9ee7-6aaf3012bed5: start FollowerState
2019-10-18 14:58:11,675 [Thread-862] INFO  impl.FollowerState (FollowerState.java:run(117)) - 6605b8a5-570b-4977-9ee7-6aaf3012bed5@group-58A987F56150-FollowerState was interrupted: java.lang.InterruptedException: sleep interrupted
2019-10-18 14:58:11,702 [327657b1-60f8-49f2-b2a3-f63e1f934942@group-58A987F56150-LeaderElection97] INFO  impl.LeaderElection (LeaderElection.java:logAndReturn(56)) - 327657b1-60f8-49f2-b2a3-f63e1f934942@group-58A987F56150-LeaderElection97: Election REJECTED; received 2 response(s) [327657b1-60f8-49f2-b2a3-f63e1f934942<-6605b8a5-570b-4977-9ee7-6aaf3012bed5#0:FAIL-t104, 327657b1-60f8-49f2-b2a3-f63e1f934942<-ddd4789c-894d-475a-bbfb-f6e7aa670c92#0:FAIL-t104] and 0 exception(s); 327657b1-60f8-49f2-b2a3-f63e1f934942@group-58A987F56150:t104, leader=null, voted=327657b1-60f8-49f2-b2a3-f63e1f934942, raftlog=327657b1-60f8-49f2-b2a3-f63e1f934942@group-58A987F56150-SegmentedRaftLog:OPENED:c-1,f-1,i0, conf=-1: [6605b8a5-570b-4977-9ee7-6aaf3012bed5:192.168.164.233:35223, 327657b1-60f8-49f2-b2a3-f63e1f934942:192.168.164.233:41966, ddd4789c-894d-475a-bbfb-f6e7aa670c92:192.168.164.233:41061], old=null
2019-10-18 14:58:11,702 [327657b1-60f8-49f2-b2a3-f63e1f934942@group-58A987F56150-LeaderElection97] INFO  impl.RaftServerImpl (RaftServerImpl.java:setRole(184)) - 327657b1-60f8-49f2-b2a3-f63e1f934942@group-58A987F56150: changes role from CANDIDATE to FOLLOWER at term 104 for DISCOVERED_A_NEW_TERM
2019-10-18 14:58:11,702 [327657b1-60f8-49f2-b2a3-f63e1f934942@group-58A987F56150-LeaderElection97] INFO  impl.RoleInfo (RoleInfo.java:shutdownLeaderElection(134)) - 327657b1-60f8-49f2-b2a3-f63e1f934942: shutdown LeaderElection
2019-10-18 14:58:11,702 [327657b1-60f8-49f2-b2a3-f63e1f934942@group-58A987F56150-LeaderElection97] INFO  impl.RoleInfo (RoleInfo.java:updateAndGet(143)) - 327657b1-60f8-49f2-b2a3-f63e1f934942: start FollowerState
2019-10-18 14:58:11,739 [Thread-869] INFO  impl.FollowerState (FollowerState.java:run(108)) - 327657b1-60f8-49f2-b2a3-f63e1f934942@group-58A987F56150-FollowerState: change to CANDIDATE, lastRpcTime:36ms, electionTimeout:36ms
2019-10-18 14:58:11,739 [Thread-869] INFO  impl.RoleInfo (RoleInfo.java:shutdownFollowerState(121)) - 327657b1-60f8-49f2-b2a3-f63e1f934942: shutdown FollowerState
2019-10-18 14:58:11,739 [Thread-869] INFO  impl.RaftServerImpl (RaftServerImpl.java:setRole(184)) - 327657b1-60f8-49f2-b2a3-f63e1f934942@group-58A987F56150: changes role from  FOLLOWER to CANDIDATE at term 104 for changeToCandidate
2019-10-18 14:58:11,739 [Thread-869] INFO  impl.RoleInfo (RoleInfo.java:updateAndGet(143)) - 327657b1-60f8-49f2-b2a3-f63e1f934942: start LeaderElection
2019-10-18 14:58:11,753 [327657b1-60f8-49f2-b2a3-f63e1f934942@group-58A987F56150-LeaderElection98] INFO  impl.LeaderElection (LeaderElection.java:askForVotes(178)) - 327657b1-60f8-49f2-b2a3-f63e1f934942@group-58A987F56150-LeaderElection98: begin an election at term 105 for -1: [6605b8a5-570b-4977-9ee7-6aaf3012bed5:192.168.164.233:35223, 327657b1-60f8-49f2-b2a3-f63e1f934942:192.168.164.233:41966, ddd4789c-894d-475a-bbfb-f6e7aa670c92:192.168.164.233:41061], old=null
2019-10-18 14:58:11,755 [grpc-default-executor-2] INFO  impl.RaftServerImpl (RaftServerImpl.java:setRole(184)) - 6605b8a5-570b-4977-9ee7-6aaf3012bed5@group-58A987F56150: changes role from  FOLLOWER to FOLLOWER at term 105 for recognizeCandidate:327657b1-60f8-49f2-b2a3-f63e1f934942
2019-10-18 14:58:11,755 [grpc-default-executor-2] INFO  impl.RoleInfo (RoleInfo.java:shutdownFollowerState(121)) - 6605b8a5-570b-4977-9ee7-6aaf3012bed5: shutdown FollowerState
2019-10-18 14:58:11,756 [grpc-default-executor-2] INFO  impl.RoleInfo (RoleInfo.java:updateAndGet(143)) - 6605b8a5-570b-4977-9ee7-6aaf3012bed5: start FollowerState
2019-10-18 14:58:11,756 [grpc-default-executor-3] INFO  impl.RaftServerImpl (RaftServerImpl.java:setRole(184)) - ddd4789c-894d-475a-bbfb-f6e7aa670c92@group-58A987F56150: changes role from  FOLLOWER to FOLLOWER at term 105 for recognizeCandidate:327657b1-60f8-49f2-b2a3-f63e1f934942
2019-10-18 14:58:11,756 [Thread-868] INFO  impl.FollowerState (FollowerState.java:run(117)) - 6605b8a5-570b-4977-9ee7-6aaf3012bed5@group-58A987F56150-FollowerState was interrupted: java.lang.InterruptedException: sleep interrupted
2019-10-18 14:58:11,756 [grpc-default-executor-3] INFO  impl.RoleInfo (RoleInfo.java:shutdownFollowerState(121)) - ddd4789c-894d-475a-bbfb-f6e7aa670c92: shutdown FollowerState
2019-10-18 14:58:11,756 [grpc-default-executor-3] INFO  impl.RoleInfo (RoleInfo.java:updateAndGet(143)) - ddd4789c-894d-475a-bbfb-f6e7aa670c92: start FollowerState
2019-10-18 14:58:11,757 [Thread-867] INFO  impl.FollowerState (FollowerState.java:run(117)) - ddd4789c-894d-475a-bbfb-f6e7aa670c92@group-58A987F56150-FollowerState was interrupted: java.lang.InterruptedException: sleep interrupted
2019-10-18 14:58:11,782 [327657b1-60f8-49f2-b2a3-f63e1f934942@group-58A987F56150-LeaderElection98] INFO  impl.LeaderElection (LeaderElection.java:logAndReturn(56)) - 327657b1-60f8-49f2-b2a3-f63e1f934942@group-58A987F56150-LeaderElection98: Election REJECTED; received 2 response(s) [327657b1-60f8-49f2-b2a3-f63e1f934942<-6605b8a5-570b-4977-9ee7-6aaf3012bed5#0:FAIL-t105, 327657b1-60f8-49f2-b2a3-f63e1f934942<-ddd4789c-894d-475a-bbfb-f6e7aa670c92#0:FAIL-t105] and 0 exception(s); 327657b1-60f8-49f2-b2a3-f63e1f934942@group-58A987F56150:t105, leader=null, voted=327657b1-60f8-49f2-b2a3-f63e1f934942, raftlog=327657b1-60f8-49f2-b2a3-f63e1f934942@group-58A987F56150-SegmentedRaftLog:OPENED:c-1,f-1,i0, conf=-1: [6605b8a5-570b-4977-9ee7-6aaf3012bed5:192.168.164.233:35223, 327657b1-60f8-49f2-b2a3-f63e1f934942:192.168.164.233:41966, ddd4789c-894d-475a-bbfb-f6e7aa670c92:192.168.164.233:41061], old=null
2019-10-18 14:58:11,782 [327657b1-60f8-49f2-b2a3-f63e1f934942@group-58A987F56150-LeaderElection98] INFO  impl.RaftServerImpl (RaftServerImpl.java:setRole(184)) - 327657b1-60f8-49f2-b2a3-f63e1f934942@group-58A987F56150: changes role from CANDIDATE to FOLLOWER at term 105 for DISCOVERED_A_NEW_TERM
2019-10-18 14:58:11,782 [327657b1-60f8-49f2-b2a3-f63e1f934942@group-58A987F56150-LeaderElection98] INFO  impl.RoleInfo (RoleInfo.java:shutdownLeaderElection(134)) - 327657b1-60f8-49f2-b2a3-f63e1f934942: shutdown LeaderElection
2019-10-18 14:58:11,783 [327657b1-60f8-49f2-b2a3-f63e1f934942@group-58A987F56150-LeaderElection98] INFO  impl.RoleInfo (RoleInfo.java:updateAndGet(143)) - 327657b1-60f8-49f2-b2a3-f63e1f934942: start FollowerState
2019-10-18 14:58:11,888 [Thread-875] INFO  impl.FollowerState (FollowerState.java:run(108)) - 327657b1-60f8-49f2-b2a3-f63e1f934942@group-58A987F56150-FollowerState: change to CANDIDATE, lastRpcTime:105ms, electionTimeout:105ms
2019-10-18 14:58:11,888 [Thread-875] INFO  impl.RoleInfo (RoleInfo.java:shutdownFollowerState(121)) - 327657b1-60f8-49f2-b2a3-f63e1f934942: shutdown FollowerState
2019-10-18 14:58:11,888 [Thread-875] INFO  impl.RaftServerImpl (RaftServerImpl.java:setRole(184)) - 327657b1-60f8-49f2-b2a3-f63e1f934942@group-58A987F56150: changes role from  FOLLOWER to CANDIDATE at term 105 for changeToCandidate
2019-10-18 14:58:11,889 [Thread-875] INFO  impl.RoleInfo (RoleInfo.java:updateAndGet(143)) - 327657b1-60f8-49f2-b2a3-f63e1f934942: start LeaderElection
2019-10-18 14:58:11,902 [327657b1-60f8-49f2-b2a3-f63e1f934942@group-58A987F56150-LeaderElection99] INFO  impl.LeaderElection (LeaderElection.java:askForVotes(178)) - 327657b1-60f8-49f2-b2a3-f63e1f934942@group-58A987F56150-LeaderElection99: begin an election at term 106 for -1: [6605b8a5-570b-4977-9ee7-6aaf3012bed5:192.168.164.233:35223, 327657b1-60f8-49f2-b2a3-f63e1f934942:192.168.164.233:41966, ddd4789c-894d-475a-bbfb-f6e7aa670c92:192.168.164.233:41061], old=null
2019-10-18 14:58:11,904 [grpc-default-executor-2] INFO  impl.RaftServerImpl (RaftServerImpl.java:setRole(184)) - 6605b8a5-570b-4977-9ee7-6aaf3012bed5@group-58A987F56150: changes role from  FOLLOWER to FOLLOWER at term 106 for recognizeCandidate:327657b1-60f8-49f2-b2a3-f63e1f934942
2019-10-18 14:58:11,905 [grpc-default-executor-2] INFO  impl.RoleInfo (RoleInfo.java:shutdownFollowerState(121)) - 6605b8a5-570b-4977-9ee7-6aaf3012bed5: shutdown FollowerState
2019-10-18 14:58:11,905 [grpc-default-executor-2] INFO  impl.RoleInfo (RoleInfo.java:updateAndGet(143)) - 6605b8a5-570b-4977-9ee7-6aaf3012bed5: start FollowerState
2019-10-18 14:58:11,905 [Thread-873] INFO  impl.FollowerState (FollowerState.java:run(117)) - 6605b8a5-570b-4977-9ee7-6aaf3012bed5@group-58A987F56150-FollowerState was interrupted: java.lang.InterruptedException: sleep interrupted
2019-10-18 14:58:11,905 [grpc-default-executor-3] INFO  impl.RaftServerImpl (RaftServerImpl.java:setRole(184)) - ddd4789c-894d-475a-bbfb-f6e7aa670c92@group-58A987F56150: changes role from  FOLLOWER to FOLLOWER at term 106 for recognizeCandidate:327657b1-60f8-49f2-b2a3-f63e1f934942
2019-10-18 14:58:11,905 [grpc-default-executor-3] INFO  impl.RoleInfo (RoleInfo.java:shutdownFollowerState(121)) - ddd4789c-894d-475a-bbfb-f6e7aa670c92: shutdown FollowerState
2019-10-18 14:58:11,906 [grpc-default-executor-3] INFO  impl.RoleInfo (RoleInfo.java:updateAndGet(143)) - ddd4789c-894d-475a-bbfb-f6e7aa670c92: start FollowerState
2019-10-18 14:58:11,906 [Thread-874] INFO  impl.FollowerState (FollowerState.java:run(117)) - ddd4789c-894d-475a-bbfb-f6e7aa670c92@group-58A987F56150-FollowerState was interrupted: java.lang.InterruptedException: sleep interrupted
2019-10-18 14:58:11,913 [327657b1-60f8-49f2-b2a3-f63e1f934942@group-58A987F56150-LeaderElection99] INFO  impl.LeaderElection (LeaderElection.java:logAndReturn(56)) - 327657b1-60f8-49f2-b2a3-f63e1f934942@group-58A987F56150-LeaderElection99: Election TIMEOUT; received 0 response(s) [] and 0 exception(s); 327657b1-60f8-49f2-b2a3-f63e1f934942@group-58A987F56150:t106, leader=null, voted=327657b1-60f8-49f2-b2a3-f63e1f934942, raftlog=327657b1-60f8-49f2-b2a3-f63e1f934942@group-58A987F56150-SegmentedRaftLog:OPENED:c-1,f-1,i0, conf=-1: [6605b8a5-570b-4977-9ee7-6aaf3012bed5:192.168.164.233:35223, 327657b1-60f8-49f2-b2a3-f63e1f934942:192.168.164.233:41966, ddd4789c-894d-475a-bbfb-f6e7aa670c92:192.168.164.233:41061], old=null
2019-10-18 14:58:11,924 [327657b1-60f8-49f2-b2a3-f63e1f934942@group-58A987F56150-LeaderElection99] INFO  impl.LeaderElection (LeaderElection.java:askForVotes(178)) - 327657b1-60f8-49f2-b2a3-f63e1f934942@group-58A987F56150-LeaderElection99: begin an election at term 107 for -1: [6605b8a5-570b-4977-9ee7-6aaf3012bed5:192.168.164.233:35223, 327657b1-60f8-49f2-b2a3-f63e1f934942:192.168.164.233:41966, ddd4789c-894d-475a-bbfb-f6e7aa670c92:192.168.164.233:41061], old=null
2019-10-18 14:58:11,926 [grpc-default-executor-2] INFO  impl.RaftServerImpl (RaftServerImpl.java:setRole(184)) - 6605b8a5-570b-4977-9ee7-6aaf3012bed5@group-58A987F56150: changes role from  FOLLOWER to FOLLOWER at term 107 for recognizeCandidate:327657b1-60f8-49f2-b2a3-f63e1f934942
2019-10-18 14:58:11,926 [grpc-default-executor-2] INFO  impl.RoleInfo (RoleInfo.java:shutdownFollowerState(121)) - 6605b8a5-570b-4977-9ee7-6aaf3012bed5: shutdown FollowerState
2019-10-18 14:58:11,926 [grpc-default-executor-3] INFO  impl.RaftServerImpl (RaftServerImpl.java:setRole(184)) - ddd4789c-894d-475a-bbfb-f6e7aa670c92@group-58A987F56150: changes role from  FOLLOWER to FOLLOWER at term 107 for recognizeCandidate:327657b1-60f8-49f2-b2a3-f63e1f934942
2019-10-18 14:58:11,926 [Thread-879] INFO  impl.FollowerState (FollowerState.java:run(117)) - 6605b8a5-570b-4977-9ee7-6aaf3012bed5@group-58A987F56150-FollowerState was interrupted: java.lang.InterruptedException: sleep interrupted
2019-10-18 14:58:11,926 [grpc-default-executor-2] INFO  impl.RoleInfo (RoleInfo.java:updateAndGet(143)) - 6605b8a5-570b-4977-9ee7-6aaf3012bed5: start FollowerState
2019-10-18 14:58:11,927 [grpc-default-executor-3] INFO  impl.RoleInfo (RoleInfo.java:shutdownFollowerState(121)) - ddd4789c-894d-475a-bbfb-f6e7aa670c92: shutdown FollowerState
2019-10-18 14:58:11,927 [grpc-default-executor-3] INFO  impl.RoleInfo (RoleInfo.java:updateAndGet(143)) - ddd4789c-894d-475a-bbfb-f6e7aa670c92: start FollowerState
2019-10-18 14:58:11,927 [Thread-880] INFO  impl.FollowerState (FollowerState.java:run(117)) - ddd4789c-894d-475a-bbfb-f6e7aa670c92@group-58A987F56150-FollowerState was interrupted: java.lang.InterruptedException: sleep interrupted
2019-10-18 14:58:11,947 [327657b1-60f8-49f2-b2a3-f63e1f934942@group-58A987F56150-LeaderElection99] INFO  impl.LeaderElection (LeaderElection.java:logAndReturn(56)) - 327657b1-60f8-49f2-b2a3-f63e1f934942@group-58A987F56150-LeaderElection99: Election REJECTED; received 2 response(s) [327657b1-60f8-49f2-b2a3-f63e1f934942<-6605b8a5-570b-4977-9ee7-6aaf3012bed5#0:FAIL-t107, 327657b1-60f8-49f2-b2a3-f63e1f934942<-ddd4789c-894d-475a-bbfb-f6e7aa670c92#0:FAIL-t107] and 0 exception(s); 327657b1-60f8-49f2-b2a3-f63e1f934942@group-58A987F56150:t107, leader=null, voted=327657b1-60f8-49f2-b2a3-f63e1f934942, raftlog=327657b1-60f8-49f2-b2a3-f63e1f934942@group-58A987F56150-SegmentedRaftLog:OPENED:c-1,f-1,i0, conf=-1: [6605b8a5-570b-4977-9ee7-6aaf3012bed5:192.168.164.233:35223, 327657b1-60f8-49f2-b2a3-f63e1f934942:192.168.164.233:41966, ddd4789c-894d-475a-bbfb-f6e7aa670c92:192.168.164.233:41061], old=null
2019-10-18 14:58:11,947 [327657b1-60f8-49f2-b2a3-f63e1f934942@group-58A987F56150-LeaderElection99] INFO  impl.RaftServerImpl (RaftServerImpl.java:setRole(184)) - 327657b1-60f8-49f2-b2a3-f63e1f934942@group-58A987F56150: changes role from CANDIDATE to FOLLOWER at term 107 for DISCOVERED_A_NEW_TERM
2019-10-18 14:58:11,947 [327657b1-60f8-49f2-b2a3-f63e1f934942@group-58A987F56150-LeaderElection99] INFO  impl.RoleInfo (RoleInfo.java:shutdownLeaderElection(134)) - 327657b1-60f8-49f2-b2a3-f63e1f934942: shutdown LeaderElection
2019-10-18 14:58:11,948 [327657b1-60f8-49f2-b2a3-f63e1f934942@group-58A987F56150-LeaderElection99] INFO  impl.RoleInfo (RoleInfo.java:updateAndGet(143)) - 327657b1-60f8-49f2-b2a3-f63e1f934942: start FollowerState
2019-10-18 14:58:11,961 [Thread-885] INFO  impl.FollowerState (FollowerState.java:run(108)) - 327657b1-60f8-49f2-b2a3-f63e1f934942@group-58A987F56150-FollowerState: change to CANDIDATE, lastRpcTime:13ms, electionTimeout:13ms
2019-10-18 14:58:11,961 [Thread-885] INFO  impl.RoleInfo (RoleInfo.java:shutdownFollowerState(121)) - 327657b1-60f8-49f2-b2a3-f63e1f934942: shutdown FollowerState
2019-10-18 14:58:11,962 [Thread-885] INFO  impl.RaftServerImpl (RaftServerImpl.java:setRole(184)) - 327657b1-60f8-49f2-b2a3-f63e1f934942@group-58A987F56150: changes role from  FOLLOWER to CANDIDATE at term 107 for changeToCandidate
2019-10-18 14:58:11,962 [Thread-885] INFO  impl.RoleInfo (RoleInfo.java:updateAndGet(143)) - 327657b1-60f8-49f2-b2a3-f63e1f934942: start LeaderElection
2019-10-18 14:58:11,976 [327657b1-60f8-49f2-b2a3-f63e1f934942@group-58A987F56150-LeaderElection100] INFO  impl.LeaderElection (LeaderElection.java:askForVotes(178)) - 327657b1-60f8-49f2-b2a3-f63e1f934942@group-58A987F56150-LeaderElection100: begin an election at term 108 for -1: [6605b8a5-570b-4977-9ee7-6aaf3012bed5:192.168.164.233:35223, 327657b1-60f8-49f2-b2a3-f63e1f934942:192.168.164.233:41966, ddd4789c-894d-475a-bbfb-f6e7aa670c92:192.168.164.233:41061], old=null
2019-10-18 14:58:11,979 [grpc-default-executor-2] INFO  impl.RaftServerImpl (RaftServerImpl.java:setRole(184)) - 6605b8a5-570b-4977-9ee7-6aaf3012bed5@group-58A987F56150: changes role from  FOLLOWER to FOLLOWER at term 108 for recognizeCandidate:327657b1-60f8-49f2-b2a3-f63e1f934942
2019-10-18 14:58:11,979 [grpc-default-executor-2] INFO  impl.RoleInfo (RoleInfo.java:shutdownFollowerState(121)) - 6605b8a5-570b-4977-9ee7-6aaf3012bed5: shutdown FollowerState
2019-10-18 14:58:11,979 [grpc-default-executor-3] INFO  impl.RaftServerImpl (RaftServerImpl.java:setRole(184)) - ddd4789c-894d-475a-bbfb-f6e7aa670c92@group-58A987F56150: changes role from  FOLLOWER to FOLLOWER at term 108 for recognizeCandidate:327657b1-60f8-49f2-b2a3-f63e1f934942
2019-10-18 14:58:11,980 [Thread-883] INFO  impl.FollowerState (FollowerState.java:run(117)) - 6605b8a5-570b-4977-9ee7-6aaf3012bed5@group-58A987F56150-FollowerState was interrupted: java.lang.InterruptedException: sleep interrupted
2019-10-18 14:58:11,980 [grpc-default-executor-2] INFO  impl.RoleInfo (RoleInfo.java:updateAndGet(143)) - 6605b8a5-570b-4977-9ee7-6aaf3012bed5: start FollowerState
2019-10-18 14:58:11,980 [grpc-default-executor-3] INFO  impl.RoleInfo (RoleInfo.java:shutdownFollowerState(121)) - ddd4789c-894d-475a-bbfb-f6e7aa670c92: shutdown FollowerState
2019-10-18 14:58:11,980 [grpc-default-executor-3] INFO  impl.RoleInfo (RoleInfo.java:updateAndGet(143)) - ddd4789c-894d-475a-bbfb-f6e7aa670c92: start FollowerState
2019-10-18 14:58:11,980 [Thread-884] INFO  impl.FollowerState (FollowerState.java:run(117)) - ddd4789c-894d-475a-bbfb-f6e7aa670c92@group-58A987F56150-FollowerState was interrupted: java.lang.InterruptedException: sleep interrupted
2019-10-18 14:58:12,006 [327657b1-60f8-49f2-b2a3-f63e1f934942@group-58A987F56150-LeaderElection100] INFO  impl.LeaderElection (LeaderElection.java:logAndReturn(56)) - 327657b1-60f8-49f2-b2a3-f63e1f934942@group-58A987F56150-LeaderElection100: Election REJECTED; received 2 response(s) [327657b1-60f8-49f2-b2a3-f63e1f934942<-6605b8a5-570b-4977-9ee7-6aaf3012bed5#0:FAIL-t108, 327657b1-60f8-49f2-b2a3-f63e1f934942<-ddd4789c-894d-475a-bbfb-f6e7aa670c92#0:FAIL-t108] and 0 exception(s); 327657b1-60f8-49f2-b2a3-f63e1f934942@group-58A987F56150:t108, leader=null, voted=327657b1-60f8-49f2-b2a3-f63e1f934942, raftlog=327657b1-60f8-49f2-b2a3-f63e1f934942@group-58A987F56150-SegmentedRaftLog:OPENED:c-1,f-1,i0, conf=-1: [6605b8a5-570b-4977-9ee7-6aaf3012bed5:192.168.164.233:35223, 327657b1-60f8-49f2-b2a3-f63e1f934942:192.168.164.233:41966, ddd4789c-894d-475a-bbfb-f6e7aa670c92:192.168.164.233:41061], old=null
2019-10-18 14:58:12,006 [327657b1-60f8-49f2-b2a3-f63e1f934942@group-58A987F56150-LeaderElection100] INFO  impl.RaftServerImpl (RaftServerImpl.java:setRole(184)) - 327657b1-60f8-49f2-b2a3-f63e1f934942@group-58A987F56150: changes role from CANDIDATE to FOLLOWER at term 108 for DISCOVERED_A_NEW_TERM
2019-10-18 14:58:12,007 [327657b1-60f8-49f2-b2a3-f63e1f934942@group-58A987F56150-LeaderElection100] INFO  impl.RoleInfo (RoleInfo.java:shutdownLeaderElection(134)) - 327657b1-60f8-49f2-b2a3-f63e1f934942: shutdown LeaderElection
2019-10-18 14:58:12,007 [327657b1-60f8-49f2-b2a3-f63e1f934942@group-58A987F56150-LeaderElection100] INFO  impl.RoleInfo (RoleInfo.java:updateAndGet(143)) - 327657b1-60f8-49f2-b2a3-f63e1f934942: start FollowerState
2019-10-18 14:58:12,168 [Thread-891] INFO  impl.FollowerState (FollowerState.java:run(108)) - 327657b1-60f8-49f2-b2a3-f63e1f934942@group-58A987F56150-FollowerState: change to CANDIDATE, lastRpcTime:161ms, electionTimeout:161ms
2019-10-18 14:58:12,168 [Thread-891] INFO  impl.RoleInfo (RoleInfo.java:shutdownFollowerState(121)) - 327657b1-60f8-49f2-b2a3-f63e1f934942: shutdown FollowerState
2019-10-18 14:58:12,168 [Thread-891] INFO  impl.RaftServerImpl (RaftServerImpl.java:setRole(184)) - 327657b1-60f8-49f2-b2a3-f63e1f934942@group-58A987F56150: changes role from  FOLLOWER to CANDIDATE at term 108 for changeToCandidate
2019-10-18 14:58:12,169 [Thread-891] INFO  impl.RoleInfo (RoleInfo.java:updateAndGet(143)) - 327657b1-60f8-49f2-b2a3-f63e1f934942: start LeaderElection
2019-10-18 14:58:12,194 [327657b1-60f8-49f2-b2a3-f63e1f934942@group-58A987F56150-LeaderElection101] INFO  impl.LeaderElection (LeaderElection.java:askForVotes(178)) - 327657b1-60f8-49f2-b2a3-f63e1f934942@group-58A987F56150-LeaderElection101: begin an election at term 109 for -1: [6605b8a5-570b-4977-9ee7-6aaf3012bed5:192.168.164.233:35223, 327657b1-60f8-49f2-b2a3-f63e1f934942:192.168.164.233:41966, ddd4789c-894d-475a-bbfb-f6e7aa670c92:192.168.164.233:41061], old=null
2019-10-18 14:58:12,197 [grpc-default-executor-2] INFO  impl.RaftServerImpl (RaftServerImpl.java:setRole(184)) - 6605b8a5-570b-4977-9ee7-6aaf3012bed5@group-58A987F56150: changes role from  FOLLOWER to FOLLOWER at term 109 for recognizeCandidate:327657b1-60f8-49f2-b2a3-f63e1f934942
2019-10-18 14:58:12,197 [grpc-default-executor-3] INFO  impl.RaftServerImpl (RaftServerImpl.java:setRole(184)) - ddd4789c-894d-475a-bbfb-f6e7aa670c92@group-58A987F56150: changes role from  FOLLOWER to FOLLOWER at term 109 for recognizeCandidate:327657b1-60f8-49f2-b2a3-f63e1f934942
2019-10-18 14:58:12,197 [grpc-default-executor-2] INFO  impl.RoleInfo (RoleInfo.java:shutdownFollowerState(121)) - 6605b8a5-570b-4977-9ee7-6aaf3012bed5: shutdown FollowerState
2019-10-18 14:58:12,197 [grpc-default-executor-3] INFO  impl.RoleInfo (RoleInfo.java:shutdownFollowerState(121)) - ddd4789c-894d-475a-bbfb-f6e7aa670c92: shutdown FollowerState
2019-10-18 14:58:12,197 [Thread-889] INFO  impl.FollowerState (FollowerState.java:run(117)) - 6605b8a5-570b-4977-9ee7-6aaf3012bed5@group-58A987F56150-FollowerState was interrupted: java.lang.InterruptedException: sleep interrupted
2019-10-18 14:58:12,197 [grpc-default-executor-2] INFO  impl.RoleInfo (RoleInfo.java:updateAndGet(143)) - 6605b8a5-570b-4977-9ee7-6aaf3012bed5: start FollowerState
2019-10-18 14:58:12,197 [Thread-890] INFO  impl.FollowerState (FollowerState.java:run(117)) - ddd4789c-894d-475a-bbfb-f6e7aa670c92@group-58A987F56150-FollowerState was interrupted: java.lang.InterruptedException: sleep interrupted
2019-10-18 14:58:12,197 [grpc-default-executor-3] INFO  impl.RoleInfo (RoleInfo.java:updateAndGet(143)) - ddd4789c-894d-475a-bbfb-f6e7aa670c92: start FollowerState
2019-10-18 14:58:12,225 [327657b1-60f8-49f2-b2a3-f63e1f934942@group-58A987F56150-LeaderElection101] INFO  impl.LeaderElection (LeaderElection.java:logAndReturn(56)) - 327657b1-60f8-49f2-b2a3-f63e1f934942@group-58A987F56150-LeaderElection101: Election REJECTED; received 2 response(s) [327657b1-60f8-49f2-b2a3-f63e1f934942<-6605b8a5-570b-4977-9ee7-6aaf3012bed5#0:FAIL-t109, 327657b1-60f8-49f2-b2a3-f63e1f934942<-ddd4789c-894d-475a-bbfb-f6e7aa670c92#0:FAIL-t109] and 0 exception(s); 327657b1-60f8-49f2-b2a3-f63e1f934942@group-58A987F56150:t109, leader=null, voted=327657b1-60f8-49f2-b2a3-f63e1f934942, raftlog=327657b1-60f8-49f2-b2a3-f63e1f934942@group-58A987F56150-SegmentedRaftLog:OPENED:c-1,f-1,i0, conf=-1: [6605b8a5-570b-4977-9ee7-6aaf3012bed5:192.168.164.233:35223, 327657b1-60f8-49f2-b2a3-f63e1f934942:192.168.164.233:41966, ddd4789c-894d-475a-bbfb-f6e7aa670c92:192.168.164.233:41061], old=null
2019-10-18 14:58:12,225 [327657b1-60f8-49f2-b2a3-f63e1f934942@group-58A987F56150-LeaderElection101] INFO  impl.RaftServerImpl (RaftServerImpl.java:setRole(184)) - 327657b1-60f8-49f2-b2a3-f63e1f934942@group-58A987F56150: changes role from CANDIDATE to FOLLOWER at term 109 for DISCOVERED_A_NEW_TERM
2019-10-18 14:58:12,226 [327657b1-60f8-49f2-b2a3-f63e1f934942@group-58A987F56150-LeaderElection101] INFO  impl.RoleInfo (RoleInfo.java:shutdownLeaderElection(134)) - 327657b1-60f8-49f2-b2a3-f63e1f934942: shutdown LeaderElection
2019-10-18 14:58:12,226 [327657b1-60f8-49f2-b2a3-f63e1f934942@group-58A987F56150-LeaderElection101] INFO  impl.RoleInfo (RoleInfo.java:updateAndGet(143)) - 327657b1-60f8-49f2-b2a3-f63e1f934942: start FollowerState
2019-10-18 14:58:12,294 [Thread-897] INFO  impl.FollowerState (FollowerState.java:run(108)) - 327657b1-60f8-49f2-b2a3-f63e1f934942@group-58A987F56150-FollowerState: change to CANDIDATE, lastRpcTime:68ms, electionTimeout:68ms
2019-10-18 14:58:12,294 [Thread-897] INFO  impl.RoleInfo (RoleInfo.java:shutdownFollowerState(121)) - 327657b1-60f8-49f2-b2a3-f63e1f934942: shutdown FollowerState
2019-10-18 14:58:12,294 [Thread-897] INFO  impl.RaftServerImpl (RaftServerImpl.java:setRole(184)) - 327657b1-60f8-49f2-b2a3-f63e1f934942@group-58A987F56150: changes role from  FOLLOWER to CANDIDATE at term 109 for changeToCandidate
2019-10-18 14:58:12,295 [Thread-897] INFO  impl.RoleInfo (RoleInfo.java:updateAndGet(143)) - 327657b1-60f8-49f2-b2a3-f63e1f934942: start LeaderElection
2019-10-18 14:58:12,308 [327657b1-60f8-49f2-b2a3-f63e1f934942@group-58A987F56150-LeaderElection102] INFO  impl.LeaderElection (LeaderElection.java:askForVotes(178)) - 327657b1-60f8-49f2-b2a3-f63e1f934942@group-58A987F56150-LeaderElection102: begin an election at term 110 for -1: [6605b8a5-570b-4977-9ee7-6aaf3012bed5:192.168.164.233:35223, 327657b1-60f8-49f2-b2a3-f63e1f934942:192.168.164.233:41966, ddd4789c-894d-475a-bbfb-f6e7aa670c92:192.168.164.233:41061], old=null
2019-10-18 14:58:12,310 [327657b1-60f8-49f2-b2a3-f63e1f934942@group-58A987F56150-LeaderElection102] INFO  impl.LeaderElection (LeaderElection.java:logAndReturn(56)) - 327657b1-60f8-49f2-b2a3-f63e1f934942@group-58A987F56150-LeaderElection102: Election TIMEOUT; received 0 response(s) [] and 0 exception(s); 327657b1-60f8-49f2-b2a3-f63e1f934942@group-58A987F56150:t110, leader=null, voted=327657b1-60f8-49f2-b2a3-f63e1f934942, raftlog=327657b1-60f8-49f2-b2a3-f63e1f934942@group-58A987F56150-SegmentedRaftLog:OPENED:c-1,f-1,i0, conf=-1: [6605b8a5-570b-4977-9ee7-6aaf3012bed5:192.168.164.233:35223, 327657b1-60f8-49f2-b2a3-f63e1f934942:192.168.164.233:41966, ddd4789c-894d-475a-bbfb-f6e7aa670c92:192.168.164.233:41061], old=null
2019-10-18 14:58:12,311 [grpc-default-executor-2] INFO  impl.RaftServerImpl (RaftServerImpl.java:setRole(184)) - ddd4789c-894d-475a-bbfb-f6e7aa670c92@group-58A987F56150: changes role from  FOLLOWER to FOLLOWER at term 110 for recognizeCandidate:327657b1-60f8-49f2-b2a3-f63e1f934942
2019-10-18 14:58:12,311 [grpc-default-executor-2] INFO  impl.RoleInfo (RoleInfo.java:shutdownFollowerState(121)) - ddd4789c-894d-475a-bbfb-f6e7aa670c92: shutdown FollowerState
2019-10-18 14:58:12,311 [grpc-default-executor-3] INFO  impl.RaftServerImpl (RaftServerImpl.java:setRole(184)) - 6605b8a5-570b-4977-9ee7-6aaf3012bed5@group-58A987F56150: changes role from  FOLLOWER to FOLLOWER at term 110 for recognizeCandidate:327657b1-60f8-49f2-b2a3-f63e1f934942
2019-10-18 14:58:12,311 [grpc-default-executor-2] INFO  impl.RoleInfo (RoleInfo.java:updateAndGet(143)) - ddd4789c-894d-475a-bbfb-f6e7aa670c92: start FollowerState
2019-10-18 14:58:12,311 [Thread-896] INFO  impl.FollowerState (FollowerState.java:run(117)) - ddd4789c-894d-475a-bbfb-f6e7aa670c92@group-58A987F56150-FollowerState was interrupted: java.lang.InterruptedException: sleep interrupted
2019-10-18 14:58:12,311 [grpc-default-executor-3] INFO  impl.RoleInfo (RoleInfo.java:shutdownFollowerState(121)) - 6605b8a5-570b-4977-9ee7-6aaf3012bed5: shutdown FollowerState
2019-10-18 14:58:12,312 [Thread-895] INFO  impl.FollowerState (FollowerState.java:run(117)) - 6605b8a5-570b-4977-9ee7-6aaf3012bed5@group-58A987F56150-FollowerState was interrupted: java.lang.InterruptedException: sleep interrupted
2019-10-18 14:58:12,312 [grpc-default-executor-3] INFO  impl.RoleInfo (RoleInfo.java:updateAndGet(143)) - 6605b8a5-570b-4977-9ee7-6aaf3012bed5: start FollowerState
2019-10-18 14:58:12,337 [327657b1-60f8-49f2-b2a3-f63e1f934942@group-58A987F56150-LeaderElection102] INFO  impl.LeaderElection (LeaderElection.java:askForVotes(178)) - 327657b1-60f8-49f2-b2a3-f63e1f934942@group-58A987F56150-LeaderElection102: begin an election at term 111 for -1: [6605b8a5-570b-4977-9ee7-6aaf3012bed5:192.168.164.233:35223, 327657b1-60f8-49f2-b2a3-f63e1f934942:192.168.164.233:41966, ddd4789c-894d-475a-bbfb-f6e7aa670c92:192.168.164.233:41061], old=null
2019-10-18 14:58:12,339 [grpc-default-executor-3] INFO  impl.RaftServerImpl (RaftServerImpl.java:setRole(184)) - 6605b8a5-570b-4977-9ee7-6aaf3012bed5@group-58A987F56150: changes role from  FOLLOWER to FOLLOWER at term 111 for recognizeCandidate:327657b1-60f8-49f2-b2a3-f63e1f934942
2019-10-18 14:58:12,339 [grpc-default-executor-3] INFO  impl.RoleInfo (RoleInfo.java:shutdownFollowerState(121)) - 6605b8a5-570b-4977-9ee7-6aaf3012bed5: shutdown FollowerState
2019-10-18 14:58:12,339 [grpc-default-executor-3] INFO  impl.RoleInfo (RoleInfo.java:updateAndGet(143)) - 6605b8a5-570b-4977-9ee7-6aaf3012bed5: start FollowerState
2019-10-18 14:58:12,340 [grpc-default-executor-2] INFO  impl.RaftServerImpl (RaftServerImpl.java:setRole(184)) - ddd4789c-894d-475a-bbfb-f6e7aa670c92@group-58A987F56150: changes role from  FOLLOWER to FOLLOWER at term 111 for recognizeCandidate:327657b1-60f8-49f2-b2a3-f63e1f934942
2019-10-18 14:58:12,340 [grpc-default-executor-2] INFO  impl.RoleInfo (RoleInfo.java:shutdownFollowerState(121)) - ddd4789c-894d-475a-bbfb-f6e7aa670c92: shutdown FollowerState
2019-10-18 14:58:12,339 [Thread-902] INFO  impl.FollowerState (FollowerState.java:run(117)) - 6605b8a5-570b-4977-9ee7-6aaf3012bed5@group-58A987F56150-FollowerState was interrupted: java.lang.InterruptedException: sleep interrupted
2019-10-18 14:58:12,340 [Thread-901] INFO  impl.FollowerState (FollowerState.java:run(117)) - ddd4789c-894d-475a-bbfb-f6e7aa670c92@group-58A987F56150-FollowerState was interrupted: java.lang.InterruptedException: sleep interrupted
2019-10-18 14:58:12,340 [grpc-default-executor-2] INFO  impl.RoleInfo (RoleInfo.java:updateAndGet(143)) - ddd4789c-894d-475a-bbfb-f6e7aa670c92: start FollowerState
2019-10-18 14:58:12,353 [327657b1-60f8-49f2-b2a3-f63e1f934942@group-58A987F56150-LeaderElection102] INFO  impl.LeaderElection (LeaderElection.java:logAndReturn(56)) - 327657b1-60f8-49f2-b2a3-f63e1f934942@group-58A987F56150-LeaderElection102: Election TIMEOUT; received 0 response(s) [] and 0 exception(s); 327657b1-60f8-49f2-b2a3-f63e1f934942@group-58A987F56150:t111, leader=null, voted=327657b1-60f8-49f2-b2a3-f63e1f934942, raftlog=327657b1-60f8-49f2-b2a3-f63e1f934942@group-58A987F56150-SegmentedRaftLog:OPENED:c-1,f-1,i0, conf=-1: [6605b8a5-570b-4977-9ee7-6aaf3012bed5:192.168.164.233:35223, 327657b1-60f8-49f2-b2a3-f63e1f934942:192.168.164.233:41966, ddd4789c-894d-475a-bbfb-f6e7aa670c92:192.168.164.233:41061], old=null
2019-10-18 14:58:12,367 [327657b1-60f8-49f2-b2a3-f63e1f934942@group-58A987F56150-LeaderElection102] INFO  impl.LeaderElection (LeaderElection.java:askForVotes(178)) - 327657b1-60f8-49f2-b2a3-f63e1f934942@group-58A987F56150-LeaderElection102: begin an election at term 112 for -1: [6605b8a5-570b-4977-9ee7-6aaf3012bed5:192.168.164.233:35223, 327657b1-60f8-49f2-b2a3-f63e1f934942:192.168.164.233:41966, ddd4789c-894d-475a-bbfb-f6e7aa670c92:192.168.164.233:41061], old=null
2019-10-18 14:58:12,369 [grpc-default-executor-3] INFO  impl.RaftServerImpl (RaftServerImpl.java:setRole(184)) - 6605b8a5-570b-4977-9ee7-6aaf3012bed5@group-58A987F56150: changes role from  FOLLOWER to FOLLOWER at term 112 for recognizeCandidate:327657b1-60f8-49f2-b2a3-f63e1f934942
2019-10-18 14:58:12,369 [grpc-default-executor-2] INFO  impl.RaftServerImpl (RaftServerImpl.java:setRole(184)) - ddd4789c-894d-475a-bbfb-f6e7aa670c92@group-58A987F56150: changes role from  FOLLOWER to FOLLOWER at term 112 for recognizeCandidate:327657b1-60f8-49f2-b2a3-f63e1f934942
2019-10-18 14:58:12,369 [grpc-default-executor-2] INFO  impl.RoleInfo (RoleInfo.java:shutdownFollowerState(121)) - ddd4789c-894d-475a-bbfb-f6e7aa670c92: shutdown FollowerState
2019-10-18 14:58:12,369 [grpc-default-executor-3] INFO  impl.RoleInfo (RoleInfo.java:shutdownFollowerState(121)) - 6605b8a5-570b-4977-9ee7-6aaf3012bed5: shutdown FollowerState
2019-10-18 14:58:12,369 [Thread-906] INFO  impl.FollowerState (FollowerState.java:run(117)) - ddd4789c-894d-475a-bbfb-f6e7aa670c92@group-58A987F56150-FollowerState was interrupted: java.lang.InterruptedException: sleep interrupted
2019-10-18 14:58:12,369 [Thread-905] INFO  impl.FollowerState (FollowerState.java:run(117)) - 6605b8a5-570b-4977-9ee7-6aaf3012bed5@group-58A987F56150-FollowerState was interrupted: java.lang.InterruptedException: sleep interrupted
2019-10-18 14:58:12,369 [grpc-default-executor-2] INFO  impl.RoleInfo (RoleInfo.java:updateAndGet(143)) - ddd4789c-894d-475a-bbfb-f6e7aa670c92: start FollowerState
2019-10-18 14:58:12,369 [grpc-default-executor-3] INFO  impl.RoleInfo (RoleInfo.java:updateAndGet(143)) - 6605b8a5-570b-4977-9ee7-6aaf3012bed5: start FollowerState
2019-10-18 14:58:12,378 [327657b1-60f8-49f2-b2a3-f63e1f934942@group-58A987F56150-LeaderElection102] INFO  impl.LeaderElection (LeaderElection.java:logAndReturn(56)) - 327657b1-60f8-49f2-b2a3-f63e1f934942@group-58A987F56150-LeaderElection102: Election REJECTED; received 2 response(s) [327657b1-60f8-49f2-b2a3-f63e1f934942<-6605b8a5-570b-4977-9ee7-6aaf3012bed5#0:FAIL-t112, 327657b1-60f8-49f2-b2a3-f63e1f934942<-ddd4789c-894d-475a-bbfb-f6e7aa670c92#0:FAIL-t112] and 0 exception(s); 327657b1-60f8-49f2-b2a3-f63e1f934942@group-58A987F56150:t112, leader=null, voted=327657b1-60f8-49f2-b2a3-f63e1f934942, raftlog=327657b1-60f8-49f2-b2a3-f63e1f934942@group-58A987F56150-SegmentedRaftLog:OPENED:c-1,f-1,i0, conf=-1: [6605b8a5-570b-4977-9ee7-6aaf3012bed5:192.168.164.233:35223, 327657b1-60f8-49f2-b2a3-f63e1f934942:192.168.164.233:41966, ddd4789c-894d-475a-bbfb-f6e7aa670c92:192.168.164.233:41061], old=null
2019-10-18 14:58:12,378 [327657b1-60f8-49f2-b2a3-f63e1f934942@group-58A987F56150-LeaderElection102] INFO  impl.RaftServerImpl (RaftServerImpl.java:setRole(184)) - 327657b1-60f8-49f2-b2a3-f63e1f934942@group-58A987F56150: changes role from CANDIDATE to FOLLOWER at term 112 for DISCOVERED_A_NEW_TERM
2019-10-18 14:58:12,378 [327657b1-60f8-49f2-b2a3-f63e1f934942@group-58A987F56150-LeaderElection102] INFO  impl.RoleInfo (RoleInfo.java:shutdownLeaderElection(134)) - 327657b1-60f8-49f2-b2a3-f63e1f934942: shutdown LeaderElection
2019-10-18 14:58:12,378 [327657b1-60f8-49f2-b2a3-f63e1f934942@group-58A987F56150-LeaderElection102] INFO  impl.RoleInfo (RoleInfo.java:updateAndGet(143)) - 327657b1-60f8-49f2-b2a3-f63e1f934942: start FollowerState
2019-10-18 14:58:12,432 [Thread-911] INFO  impl.FollowerState (FollowerState.java:run(108)) - 327657b1-60f8-49f2-b2a3-f63e1f934942@group-58A987F56150-FollowerState: change to CANDIDATE, lastRpcTime:53ms, electionTimeout:53ms
2019-10-18 14:58:12,432 [Thread-911] INFO  impl.RoleInfo (RoleInfo.java:shutdownFollowerState(121)) - 327657b1-60f8-49f2-b2a3-f63e1f934942: shutdown FollowerState
2019-10-18 14:58:12,432 [Thread-911] INFO  impl.RaftServerImpl (RaftServerImpl.java:setRole(184)) - 327657b1-60f8-49f2-b2a3-f63e1f934942@group-58A987F56150: changes role from  FOLLOWER to CANDIDATE at term 112 for changeToCandidate
2019-10-18 14:58:12,432 [Thread-911] INFO  impl.RoleInfo (RoleInfo.java:updateAndGet(143)) - 327657b1-60f8-49f2-b2a3-f63e1f934942: start LeaderElection
2019-10-18 14:58:12,436 [327657b1-60f8-49f2-b2a3-f63e1f934942@group-58A987F56150-LeaderElection103] INFO  impl.LeaderElection (LeaderElection.java:askForVotes(178)) - 327657b1-60f8-49f2-b2a3-f63e1f934942@group-58A987F56150-LeaderElection103: begin an election at term 113 for -1: [6605b8a5-570b-4977-9ee7-6aaf3012bed5:192.168.164.233:35223, 327657b1-60f8-49f2-b2a3-f63e1f934942:192.168.164.233:41966, ddd4789c-894d-475a-bbfb-f6e7aa670c92:192.168.164.233:41061], old=null
2019-10-18 14:58:12,438 [grpc-default-executor-3] INFO  impl.RaftServerImpl (RaftServerImpl.java:setRole(184)) - 6605b8a5-570b-4977-9ee7-6aaf3012bed5@group-58A987F56150: changes role from  FOLLOWER to FOLLOWER at term 113 for recognizeCandidate:327657b1-60f8-49f2-b2a3-f63e1f934942
2019-10-18 14:58:12,439 [grpc-default-executor-3] INFO  impl.RoleInfo (RoleInfo.java:shutdownFollowerState(121)) - 6605b8a5-570b-4977-9ee7-6aaf3012bed5: shutdown FollowerState
2019-10-18 14:58:12,439 [grpc-default-executor-3] INFO  impl.RoleInfo (RoleInfo.java:updateAndGet(143)) - 6605b8a5-570b-4977-9ee7-6aaf3012bed5: start FollowerState
2019-10-18 14:58:12,439 [grpc-default-executor-2] INFO  impl.RaftServerImpl (RaftServerImpl.java:setRole(184)) - ddd4789c-894d-475a-bbfb-f6e7aa670c92@group-58A987F56150: changes role from  FOLLOWER to FOLLOWER at term 113 for recognizeCandidate:327657b1-60f8-49f2-b2a3-f63e1f934942
2019-10-18 14:58:12,439 [grpc-default-executor-2] INFO  impl.RoleInfo (RoleInfo.java:shutdownFollowerState(121)) - ddd4789c-894d-475a-bbfb-f6e7aa670c92: shutdown FollowerState
2019-10-18 14:58:12,439 [Thread-910] INFO  impl.FollowerState (FollowerState.java:run(117)) - 6605b8a5-570b-4977-9ee7-6aaf3012bed5@group-58A987F56150-FollowerState was interrupted: java.lang.InterruptedException: sleep interrupted
2019-10-18 14:58:12,439 [Thread-909] INFO  impl.FollowerState (FollowerState.java:run(117)) - ddd4789c-894d-475a-bbfb-f6e7aa670c92@group-58A987F56150-FollowerState was interrupted: java.lang.InterruptedException: sleep interrupted
2019-10-18 14:58:12,439 [grpc-default-executor-2] INFO  impl.RoleInfo (RoleInfo.java:updateAndGet(143)) - ddd4789c-894d-475a-bbfb-f6e7aa670c92: start FollowerState
2019-10-18 14:58:12,440 [327657b1-60f8-49f2-b2a3-f63e1f934942@group-58A987F56150-LeaderElection103] INFO  impl.LeaderElection (LeaderElection.java:logAndReturn(56)) - 327657b1-60f8-49f2-b2a3-f63e1f934942@group-58A987F56150-LeaderElection103: Election TIMEOUT; received 0 response(s) [] and 0 exception(s); 327657b1-60f8-49f2-b2a3-f63e1f934942@group-58A987F56150:t113, leader=null, voted=327657b1-60f8-49f2-b2a3-f63e1f934942, raftlog=327657b1-60f8-49f2-b2a3-f63e1f934942@group-58A987F56150-SegmentedRaftLog:OPENED:c-1,f-1,i0, conf=-1: [6605b8a5-570b-4977-9ee7-6aaf3012bed5:192.168.164.233:35223, 327657b1-60f8-49f2-b2a3-f63e1f934942:192.168.164.233:41966, ddd4789c-894d-475a-bbfb-f6e7aa670c92:192.168.164.233:41061], old=null
2019-10-18 14:58:12,456 [327657b1-60f8-49f2-b2a3-f63e1f934942@group-58A987F56150-LeaderElection103] INFO  impl.LeaderElection (LeaderElection.java:askForVotes(178)) - 327657b1-60f8-49f2-b2a3-f63e1f934942@group-58A987F56150-LeaderElection103: begin an election at term 114 for -1: [6605b8a5-570b-4977-9ee7-6aaf3012bed5:192.168.164.233:35223, 327657b1-60f8-49f2-b2a3-f63e1f934942:192.168.164.233:41966, ddd4789c-894d-475a-bbfb-f6e7aa670c92:192.168.164.233:41061], old=null
2019-10-18 14:58:12,458 [grpc-default-executor-2] INFO  impl.RaftServerImpl (RaftServerImpl.java:setRole(184)) - 6605b8a5-570b-4977-9ee7-6aaf3012bed5@group-58A987F56150: changes role from  FOLLOWER to FOLLOWER at term 114 for recognizeCandidate:327657b1-60f8-49f2-b2a3-f63e1f934942
2019-10-18 14:58:12,458 [grpc-default-executor-2] INFO  impl.RoleInfo (RoleInfo.java:shutdownFollowerState(121)) - 6605b8a5-570b-4977-9ee7-6aaf3012bed5: shutdown FollowerState
2019-10-18 14:58:12,458 [grpc-default-executor-3] INFO  impl.RaftServerImpl (RaftServerImpl.java:setRole(184)) - ddd4789c-894d-475a-bbfb-f6e7aa670c92@group-58A987F56150: changes role from  FOLLOWER to FOLLOWER at term 114 for recognizeCandidate:327657b1-60f8-49f2-b2a3-f63e1f934942
2019-10-18 14:58:12,458 [grpc-default-executor-2] INFO  impl.RoleInfo (RoleInfo.java:updateAndGet(143)) - 6605b8a5-570b-4977-9ee7-6aaf3012bed5: start FollowerState
2019-10-18 14:58:12,458 [Thread-915] INFO  impl.FollowerState (FollowerState.java:run(117)) - 6605b8a5-570b-4977-9ee7-6aaf3012bed5@group-58A987F56150-FollowerState was interrupted: java.lang.InterruptedException: sleep interrupted
2019-10-18 14:58:12,459 [grpc-default-executor-3] INFO  impl.RoleInfo (RoleInfo.java:shutdownFollowerState(121)) - ddd4789c-894d-475a-bbfb-f6e7aa670c92: shutdown FollowerState
2019-10-18 14:58:12,459 [grpc-default-executor-3] INFO  impl.RoleInfo (RoleInfo.java:updateAndGet(143)) - ddd4789c-894d-475a-bbfb-f6e7aa670c92: start FollowerState
2019-10-18 14:58:12,459 [Thread-916] INFO  impl.FollowerState (FollowerState.java:run(117)) - ddd4789c-894d-475a-bbfb-f6e7aa670c92@group-58A987F56150-FollowerState was interrupted: java.lang.InterruptedException: sleep interrupted
2019-10-18 14:58:12,482 [327657b1-60f8-49f2-b2a3-f63e1f934942@group-58A987F56150-LeaderElection103] INFO  impl.LeaderElection (LeaderElection.java:logAndReturn(56)) - 327657b1-60f8-49f2-b2a3-f63e1f934942@group-58A987F56150-LeaderElection103: Election REJECTED; received 2 response(s) [327657b1-60f8-49f2-b2a3-f63e1f934942<-6605b8a5-570b-4977-9ee7-6aaf3012bed5#0:FAIL-t114, 327657b1-60f8-49f2-b2a3-f63e1f934942<-ddd4789c-894d-475a-bbfb-f6e7aa670c92#0:FAIL-t114] and 0 exception(s); 327657b1-60f8-49f2-b2a3-f63e1f934942@group-58A987F56150:t114, leader=null, voted=327657b1-60f8-49f2-b2a3-f63e1f934942, raftlog=327657b1-60f8-49f2-b2a3-f63e1f934942@group-58A987F56150-SegmentedRaftLog:OPENED:c-1,f-1,i0, conf=-1: [6605b8a5-570b-4977-9ee7-6aaf3012bed5:192.168.164.233:35223, 327657b1-60f8-49f2-b2a3-f63e1f934942:192.168.164.233:41966, ddd4789c-894d-475a-bbfb-f6e7aa670c92:192.168.164.233:41061], old=null
2019-10-18 14:58:12,482 [327657b1-60f8-49f2-b2a3-f63e1f934942@group-58A987F56150-LeaderElection103] INFO  impl.RaftServerImpl (RaftServerImpl.java:setRole(184)) - 327657b1-60f8-49f2-b2a3-f63e1f934942@group-58A987F56150: changes role from CANDIDATE to FOLLOWER at term 114 for DISCOVERED_A_NEW_TERM
2019-10-18 14:58:12,482 [327657b1-60f8-49f2-b2a3-f63e1f934942@group-58A987F56150-LeaderElection103] INFO  impl.RoleInfo (RoleInfo.java:shutdownLeaderElection(134)) - 327657b1-60f8-49f2-b2a3-f63e1f934942: shutdown LeaderElection
2019-10-18 14:58:12,482 [327657b1-60f8-49f2-b2a3-f63e1f934942@group-58A987F56150-LeaderElection103] INFO  impl.RoleInfo (RoleInfo.java:updateAndGet(143)) - 327657b1-60f8-49f2-b2a3-f63e1f934942: start FollowerState
2019-10-18 14:58:12,567 [Thread-921] INFO  impl.FollowerState (FollowerState.java:run(108)) - 327657b1-60f8-49f2-b2a3-f63e1f934942@group-58A987F56150-FollowerState: change to CANDIDATE, lastRpcTime:84ms, electionTimeout:84ms
2019-10-18 14:58:12,567 [Thread-921] INFO  impl.RoleInfo (RoleInfo.java:shutdownFollowerState(121)) - 327657b1-60f8-49f2-b2a3-f63e1f934942: shutdown FollowerState
2019-10-18 14:58:12,567 [Thread-921] INFO  impl.RaftServerImpl (RaftServerImpl.java:setRole(184)) - 327657b1-60f8-49f2-b2a3-f63e1f934942@group-58A987F56150: changes role from  FOLLOWER to CANDIDATE at term 114 for changeToCandidate
2019-10-18 14:58:12,567 [Thread-921] INFO  impl.RoleInfo (RoleInfo.java:updateAndGet(143)) - 327657b1-60f8-49f2-b2a3-f63e1f934942: start LeaderElection
2019-10-18 14:58:12,581 [327657b1-60f8-49f2-b2a3-f63e1f934942@group-58A987F56150-LeaderElection104] INFO  impl.LeaderElection (LeaderElection.java:askForVotes(178)) - 327657b1-60f8-49f2-b2a3-f63e1f934942@group-58A987F56150-LeaderElection104: begin an election at term 115 for -1: [6605b8a5-570b-4977-9ee7-6aaf3012bed5:192.168.164.233:35223, 327657b1-60f8-49f2-b2a3-f63e1f934942:192.168.164.233:41966, ddd4789c-894d-475a-bbfb-f6e7aa670c92:192.168.164.233:41061], old=null
2019-10-18 14:58:12,589 [grpc-default-executor-5] INFO  impl.RaftServerImpl (RaftServerImpl.java:setRole(184)) - 6605b8a5-570b-4977-9ee7-6aaf3012bed5@group-58A987F56150: changes role from  FOLLOWER to FOLLOWER at term 115 for recognizeCandidate:327657b1-60f8-49f2-b2a3-f63e1f934942
2019-10-18 14:58:12,589 [grpc-default-executor-5] INFO  impl.RoleInfo (RoleInfo.java:shutdownFollowerState(121)) - 6605b8a5-570b-4977-9ee7-6aaf3012bed5: shutdown FollowerState
2019-10-18 14:58:12,589 [grpc-default-executor-5] INFO  impl.RoleInfo (RoleInfo.java:updateAndGet(143)) - 6605b8a5-570b-4977-9ee7-6aaf3012bed5: start FollowerState
2019-10-18 14:58:12,589 [Thread-919] INFO  impl.FollowerState (FollowerState.java:run(117)) - 6605b8a5-570b-4977-9ee7-6aaf3012bed5@group-58A987F56150-FollowerState was interrupted: java.lang.InterruptedException: sleep interrupted
2019-10-18 14:58:12,591 [grpc-default-executor-1] INFO  impl.RaftServerImpl (RaftServerImpl.java:setRole(184)) - ddd4789c-894d-475a-bbfb-f6e7aa670c92@group-58A987F56150: changes role from  FOLLOWER to FOLLOWER at term 115 for recognizeCandidate:327657b1-60f8-49f2-b2a3-f63e1f934942
2019-10-18 14:58:12,591 [grpc-default-executor-1] INFO  impl.RoleInfo (RoleInfo.java:shutdownFollowerState(121)) - ddd4789c-894d-475a-bbfb-f6e7aa670c92: shutdown FollowerState
2019-10-18 14:58:12,591 [grpc-default-executor-1] INFO  impl.RoleInfo (RoleInfo.java:updateAndGet(143)) - ddd4789c-894d-475a-bbfb-f6e7aa670c92: start FollowerState
2019-10-18 14:58:12,591 [Thread-920] INFO  impl.FollowerState (FollowerState.java:run(117)) - ddd4789c-894d-475a-bbfb-f6e7aa670c92@group-58A987F56150-FollowerState was interrupted: java.lang.InterruptedException: sleep interrupted
2019-10-18 14:58:12,617 [327657b1-60f8-49f2-b2a3-f63e1f934942@group-58A987F56150-LeaderElection104] INFO  impl.LeaderElection (LeaderElection.java:logAndReturn(56)) - 327657b1-60f8-49f2-b2a3-f63e1f934942@group-58A987F56150-LeaderElection104: Election REJECTED; received 2 response(s) [327657b1-60f8-49f2-b2a3-f63e1f934942<-6605b8a5-570b-4977-9ee7-6aaf3012bed5#0:FAIL-t115, 327657b1-60f8-49f2-b2a3-f63e1f934942<-ddd4789c-894d-475a-bbfb-f6e7aa670c92#0:FAIL-t115] and 0 exception(s); 327657b1-60f8-49f2-b2a3-f63e1f934942@group-58A987F56150:t115, leader=null, voted=327657b1-60f8-49f2-b2a3-f63e1f934942, raftlog=327657b1-60f8-49f2-b2a3-f63e1f934942@group-58A987F56150-SegmentedRaftLog:OPENED:c-1,f-1,i0, conf=-1: [6605b8a5-570b-4977-9ee7-6aaf3012bed5:192.168.164.233:35223, 327657b1-60f8-49f2-b2a3-f63e1f934942:192.168.164.233:41966, ddd4789c-894d-475a-bbfb-f6e7aa670c92:192.168.164.233:41061], old=null
2019-10-18 14:58:12,617 [327657b1-60f8-49f2-b2a3-f63e1f934942@group-58A987F56150-LeaderElection104] INFO  impl.RaftServerImpl (RaftServerImpl.java:setRole(184)) - 327657b1-60f8-49f2-b2a3-f63e1f934942@group-58A987F56150: changes role from CANDIDATE to FOLLOWER at term 115 for DISCOVERED_A_NEW_TERM
2019-10-18 14:58:12,617 [327657b1-60f8-49f2-b2a3-f63e1f934942@group-58A987F56150-LeaderElection104] INFO  impl.RoleInfo (RoleInfo.java:shutdownLeaderElection(134)) - 327657b1-60f8-49f2-b2a3-f63e1f934942: shutdown LeaderElection
2019-10-18 14:58:12,618 [327657b1-60f8-49f2-b2a3-f63e1f934942@group-58A987F56150-LeaderElection104] INFO  impl.RoleInfo (RoleInfo.java:updateAndGet(143)) - 327657b1-60f8-49f2-b2a3-f63e1f934942: start FollowerState
2019-10-18 14:58:12,782 [Thread-929] INFO  impl.FollowerState (FollowerState.java:run(108)) - 327657b1-60f8-49f2-b2a3-f63e1f934942@group-58A987F56150-FollowerState: change to CANDIDATE, lastRpcTime:164ms, electionTimeout:164ms
2019-10-18 14:58:12,782 [Thread-929] INFO  impl.RoleInfo (RoleInfo.java:shutdownFollowerState(121)) - 327657b1-60f8-49f2-b2a3-f63e1f934942: shutdown FollowerState
2019-10-18 14:58:12,783 [Thread-929] INFO  impl.RaftServerImpl (RaftServerImpl.java:setRole(184)) - 327657b1-60f8-49f2-b2a3-f63e1f934942@group-58A987F56150: changes role from  FOLLOWER to CANDIDATE at term 115 for changeToCandidate
2019-10-18 14:58:12,783 [Thread-929] INFO  impl.RoleInfo (RoleInfo.java:updateAndGet(143)) - 327657b1-60f8-49f2-b2a3-f63e1f934942: start LeaderElection
2019-10-18 14:58:12,809 [327657b1-60f8-49f2-b2a3-f63e1f934942@group-58A987F56150-LeaderElection105] INFO  impl.LeaderElection (LeaderElection.java:askForVotes(178)) - 327657b1-60f8-49f2-b2a3-f63e1f934942@group-58A987F56150-LeaderElection105: begin an election at term 116 for -1: [6605b8a5-570b-4977-9ee7-6aaf3012bed5:192.168.164.233:35223, 327657b1-60f8-49f2-b2a3-f63e1f934942:192.168.164.233:41966, ddd4789c-894d-475a-bbfb-f6e7aa670c92:192.168.164.233:41061], old=null
2019-10-18 14:58:12,812 [grpc-default-executor-1] INFO  impl.RaftServerImpl (RaftServerImpl.java:setRole(184)) - 6605b8a5-570b-4977-9ee7-6aaf3012bed5@group-58A987F56150: changes role from  FOLLOWER to FOLLOWER at term 116 for recognizeCandidate:327657b1-60f8-49f2-b2a3-f63e1f934942
2019-10-18 14:58:12,812 [grpc-default-executor-1] INFO  impl.RoleInfo (RoleInfo.java:shutdownFollowerState(121)) - 6605b8a5-570b-4977-9ee7-6aaf3012bed5: shutdown FollowerState
2019-10-18 14:58:12,812 [grpc-default-executor-5] INFO  impl.RaftServerImpl (RaftServerImpl.java:setRole(184)) - ddd4789c-894d-475a-bbfb-f6e7aa670c92@group-58A987F56150: changes role from  FOLLOWER to FOLLOWER at term 116 for recognizeCandidate:327657b1-60f8-49f2-b2a3-f63e1f934942
2019-10-18 14:58:12,813 [grpc-default-executor-5] INFO  impl.RoleInfo (RoleInfo.java:shutdownFollowerState(121)) - ddd4789c-894d-475a-bbfb-f6e7aa670c92: shutdown FollowerState
2019-10-18 14:58:12,813 [Thread-927] INFO  impl.FollowerState (FollowerState.java:run(117)) - 6605b8a5-570b-4977-9ee7-6aaf3012bed5@group-58A987F56150-FollowerState was interrupted: java.lang.InterruptedException: sleep interrupted
2019-10-18 14:58:12,812 [grpc-default-executor-1] INFO  impl.RoleInfo (RoleInfo.java:updateAndGet(143)) - 6605b8a5-570b-4977-9ee7-6aaf3012bed5: start FollowerState
2019-10-18 14:58:12,813 [grpc-default-executor-5] INFO  impl.RoleInfo (RoleInfo.java:updateAndGet(143)) - ddd4789c-894d-475a-bbfb-f6e7aa670c92: start FollowerState
2019-10-18 14:58:12,813 [Thread-928] INFO  impl.FollowerState (FollowerState.java:run(117)) - ddd4789c-894d-475a-bbfb-f6e7aa670c92@group-58A987F56150-FollowerState was interrupted: java.lang.InterruptedException: sleep interrupted
2019-10-18 14:58:12,828 [327657b1-60f8-49f2-b2a3-f63e1f934942@group-58A987F56150-LeaderElection105] INFO  impl.LeaderElection (LeaderElection.java:logAndReturn(56)) - 327657b1-60f8-49f2-b2a3-f63e1f934942@group-58A987F56150-LeaderElection105: Election REJECTED; received 2 response(s) [327657b1-60f8-49f2-b2a3-f63e1f934942<-6605b8a5-570b-4977-9ee7-6aaf3012bed5#0:FAIL-t116, 327657b1-60f8-49f2-b2a3-f63e1f934942<-ddd4789c-894d-475a-bbfb-f6e7aa670c92#0:FAIL-t116] and 0 exception(s); 327657b1-60f8-49f2-b2a3-f63e1f934942@group-58A987F56150:t116, leader=null, voted=327657b1-60f8-49f2-b2a3-f63e1f934942, raftlog=327657b1-60f8-49f2-b2a3-f63e1f934942@group-58A987F56150-SegmentedRaftLog:OPENED:c-1,f-1,i0, conf=-1: [6605b8a5-570b-4977-9ee7-6aaf3012bed5:192.168.164.233:35223, 327657b1-60f8-49f2-b2a3-f63e1f934942:192.168.164.233:41966, ddd4789c-894d-475a-bbfb-f6e7aa670c92:192.168.164.233:41061], old=null
2019-10-18 14:58:12,828 [327657b1-60f8-49f2-b2a3-f63e1f934942@group-58A987F56150-LeaderElection105] INFO  impl.RaftServerImpl (RaftServerImpl.java:setRole(184)) - 327657b1-60f8-49f2-b2a3-f63e1f934942@group-58A987F56150: changes role from CANDIDATE to FOLLOWER at term 116 for DISCOVERED_A_NEW_TERM
2019-10-18 14:58:12,828 [327657b1-60f8-49f2-b2a3-f63e1f934942@group-58A987F56150-LeaderElection105] INFO  impl.RoleInfo (RoleInfo.java:shutdownLeaderElection(134)) - 327657b1-60f8-49f2-b2a3-f63e1f934942: shutdown LeaderElection
2019-10-18 14:58:12,829 [327657b1-60f8-49f2-b2a3-f63e1f934942@group-58A987F56150-LeaderElection105] INFO  impl.RoleInfo (RoleInfo.java:updateAndGet(143)) - 327657b1-60f8-49f2-b2a3-f63e1f934942: start FollowerState
2019-10-18 14:58:13,016 [Thread-935] INFO  impl.FollowerState (FollowerState.java:run(108)) - 327657b1-60f8-49f2-b2a3-f63e1f934942@group-58A987F56150-FollowerState: change to CANDIDATE, lastRpcTime:187ms, electionTimeout:187ms
2019-10-18 14:58:13,017 [Thread-935] INFO  impl.RoleInfo (RoleInfo.java:shutdownFollowerState(121)) - 327657b1-60f8-49f2-b2a3-f63e1f934942: shutdown FollowerState
2019-10-18 14:58:13,017 [Thread-935] INFO  impl.RaftServerImpl (RaftServerImpl.java:setRole(184)) - 327657b1-60f8-49f2-b2a3-f63e1f934942@group-58A987F56150: changes role from  FOLLOWER to CANDIDATE at term 116 for changeToCandidate
2019-10-18 14:58:13,017 [Thread-935] INFO  impl.RoleInfo (RoleInfo.java:updateAndGet(143)) - 327657b1-60f8-49f2-b2a3-f63e1f934942: start LeaderElection
2019-10-18 14:58:13,032 [327657b1-60f8-49f2-b2a3-f63e1f934942@group-58A987F56150-LeaderElection106] INFO  impl.LeaderElection (LeaderElection.java:askForVotes(178)) - 327657b1-60f8-49f2-b2a3-f63e1f934942@group-58A987F56150-LeaderElection106: begin an election at term 117 for -1: [6605b8a5-570b-4977-9ee7-6aaf3012bed5:192.168.164.233:35223, 327657b1-60f8-49f2-b2a3-f63e1f934942:192.168.164.233:41966, ddd4789c-894d-475a-bbfb-f6e7aa670c92:192.168.164.233:41061], old=null
2019-10-18 14:58:13,035 [grpc-default-executor-1] INFO  impl.RaftServerImpl (RaftServerImpl.java:setRole(184)) - 6605b8a5-570b-4977-9ee7-6aaf3012bed5@group-58A987F56150: changes role from  FOLLOWER to FOLLOWER at term 117 for recognizeCandidate:327657b1-60f8-49f2-b2a3-f63e1f934942
2019-10-18 14:58:13,036 [grpc-default-executor-5] INFO  impl.RaftServerImpl (RaftServerImpl.java:setRole(184)) - ddd4789c-894d-475a-bbfb-f6e7aa670c92@group-58A987F56150: changes role from  FOLLOWER to FOLLOWER at term 117 for recognizeCandidate:327657b1-60f8-49f2-b2a3-f63e1f934942
2019-10-18 14:58:13,036 [grpc-default-executor-1] INFO  impl.RoleInfo (RoleInfo.java:shutdownFollowerState(121)) - 6605b8a5-570b-4977-9ee7-6aaf3012bed5: shutdown FollowerState
2019-10-18 14:58:13,036 [grpc-default-executor-5] INFO  impl.RoleInfo (RoleInfo.java:shutdownFollowerState(121)) - ddd4789c-894d-475a-bbfb-f6e7aa670c92: shutdown FollowerState
2019-10-18 14:58:13,036 [grpc-default-executor-1] INFO  impl.RoleInfo (RoleInfo.java:updateAndGet(143)) - 6605b8a5-570b-4977-9ee7-6aaf3012bed5: start FollowerState
2019-10-18 14:58:13,036 [Thread-934] INFO  impl.FollowerState (FollowerState.java:run(117)) - ddd4789c-894d-475a-bbfb-f6e7aa670c92@group-58A987F56150-FollowerState was interrupted: java.lang.InterruptedException: sleep interrupted
2019-10-18 14:58:13,036 [grpc-default-executor-5] INFO  impl.RoleInfo (RoleInfo.java:updateAndGet(143)) - ddd4789c-894d-475a-bbfb-f6e7aa670c92: start FollowerState
2019-10-18 14:58:13,036 [Thread-933] INFO  impl.FollowerState (FollowerState.java:run(117)) - 6605b8a5-570b-4977-9ee7-6aaf3012bed5@group-58A987F56150-FollowerState was interrupted: java.lang.InterruptedException: sleep interrupted
2019-10-18 14:58:13,066 [327657b1-60f8-49f2-b2a3-f63e1f934942@group-58A987F56150-LeaderElection106] INFO  impl.LeaderElection (LeaderElection.java:logAndReturn(56)) - 327657b1-60f8-49f2-b2a3-f63e1f934942@group-58A987F56150-LeaderElection106: Election REJECTED; received 2 response(s) [327657b1-60f8-49f2-b2a3-f63e1f934942<-6605b8a5-570b-4977-9ee7-6aaf3012bed5#0:FAIL-t117, 327657b1-60f8-49f2-b2a3-f63e1f934942<-ddd4789c-894d-475a-bbfb-f6e7aa670c92#0:FAIL-t117] and 0 exception(s); 327657b1-60f8-49f2-b2a3-f63e1f934942@group-58A987F56150:t117, leader=null, voted=327657b1-60f8-49f2-b2a3-f63e1f934942, raftlog=327657b1-60f8-49f2-b2a3-f63e1f934942@group-58A987F56150-SegmentedRaftLog:OPENED:c-1,f-1,i0, conf=-1: [6605b8a5-570b-4977-9ee7-6aaf3012bed5:192.168.164.233:35223, 327657b1-60f8-49f2-b2a3-f63e1f934942:192.168.164.233:41966, ddd4789c-894d-475a-bbfb-f6e7aa670c92:192.168.164.233:41061], old=null
2019-10-18 14:58:13,066 [327657b1-60f8-49f2-b2a3-f63e1f934942@group-58A987F56150-LeaderElection106] INFO  impl.RaftServerImpl (RaftServerImpl.java:setRole(184)) - 327657b1-60f8-49f2-b2a3-f63e1f934942@group-58A987F56150: changes role from CANDIDATE to FOLLOWER at term 117 for DISCOVERED_A_NEW_TERM
2019-10-18 14:58:13,066 [327657b1-60f8-49f2-b2a3-f63e1f934942@group-58A987F56150-LeaderElection106] INFO  impl.RoleInfo (RoleInfo.java:shutdownLeaderElection(134)) - 327657b1-60f8-49f2-b2a3-f63e1f934942: shutdown LeaderElection
2019-10-18 14:58:13,066 [327657b1-60f8-49f2-b2a3-f63e1f934942@group-58A987F56150-LeaderElection106] INFO  impl.RoleInfo (RoleInfo.java:updateAndGet(143)) - 327657b1-60f8-49f2-b2a3-f63e1f934942: start FollowerState
2019-10-18 14:58:13,207 [Thread-941] INFO  impl.FollowerState (FollowerState.java:run(108)) - 327657b1-60f8-49f2-b2a3-f63e1f934942@group-58A987F56150-FollowerState: change to CANDIDATE, lastRpcTime:140ms, electionTimeout:140ms
2019-10-18 14:58:13,207 [Thread-941] INFO  impl.RoleInfo (RoleInfo.java:shutdownFollowerState(121)) - 327657b1-60f8-49f2-b2a3-f63e1f934942: shutdown FollowerState
2019-10-18 14:58:13,207 [Thread-941] INFO  impl.RaftServerImpl (RaftServerImpl.java:setRole(184)) - 327657b1-60f8-49f2-b2a3-f63e1f934942@group-58A987F56150: changes role from  FOLLOWER to CANDIDATE at term 117 for changeToCandidate
2019-10-18 14:58:13,208 [Thread-941] INFO  impl.RoleInfo (RoleInfo.java:updateAndGet(143)) - 327657b1-60f8-49f2-b2a3-f63e1f934942: start LeaderElection
2019-10-18 14:58:13,221 [327657b1-60f8-49f2-b2a3-f63e1f934942@group-58A987F56150-LeaderElection107] INFO  impl.LeaderElection (LeaderElection.java:askForVotes(178)) - 327657b1-60f8-49f2-b2a3-f63e1f934942@group-58A987F56150-LeaderElection107: begin an election at term 118 for -1: [6605b8a5-570b-4977-9ee7-6aaf3012bed5:192.168.164.233:35223, 327657b1-60f8-49f2-b2a3-f63e1f934942:192.168.164.233:41966, ddd4789c-894d-475a-bbfb-f6e7aa670c92:192.168.164.233:41061], old=null
2019-10-18 14:58:13,224 [grpc-default-executor-1] INFO  impl.RaftServerImpl (RaftServerImpl.java:setRole(184)) - ddd4789c-894d-475a-bbfb-f6e7aa670c92@group-58A987F56150: changes role from  FOLLOWER to FOLLOWER at term 118 for recognizeCandidate:327657b1-60f8-49f2-b2a3-f63e1f934942
2019-10-18 14:58:13,224 [grpc-default-executor-1] INFO  impl.RoleInfo (RoleInfo.java:shutdownFollowerState(121)) - ddd4789c-894d-475a-bbfb-f6e7aa670c92: shutdown FollowerState
2019-10-18 14:58:13,224 [grpc-default-executor-5] INFO  impl.RaftServerImpl (RaftServerImpl.java:setRole(184)) - 6605b8a5-570b-4977-9ee7-6aaf3012bed5@group-58A987F56150: changes role from  FOLLOWER to FOLLOWER at term 118 for recognizeCandidate:327657b1-60f8-49f2-b2a3-f63e1f934942
2019-10-18 14:58:13,224 [grpc-default-executor-5] INFO  impl.RoleInfo (RoleInfo.java:shutdownFollowerState(121)) - 6605b8a5-570b-4977-9ee7-6aaf3012bed5: shutdown FollowerState
2019-10-18 14:58:13,224 [grpc-default-executor-1] INFO  impl.RoleInfo (RoleInfo.java:updateAndGet(143)) - ddd4789c-894d-475a-bbfb-f6e7aa670c92: start FollowerState
2019-10-18 14:58:13,224 [Thread-940] INFO  impl.FollowerState (FollowerState.java:run(117)) - ddd4789c-894d-475a-bbfb-f6e7aa670c92@group-58A987F56150-FollowerState was interrupted: java.lang.InterruptedException: sleep interrupted
2019-10-18 14:58:13,224 [Thread-939] INFO  impl.FollowerState (FollowerState.java:run(117)) - 6605b8a5-570b-4977-9ee7-6aaf3012bed5@group-58A987F56150-FollowerState was interrupted: java.lang.InterruptedException: sleep interrupted
2019-10-18 14:58:13,224 [grpc-default-executor-5] INFO  impl.RoleInfo (RoleInfo.java:updateAndGet(143)) - 6605b8a5-570b-4977-9ee7-6aaf3012bed5: start FollowerState
2019-10-18 14:58:13,250 [327657b1-60f8-49f2-b2a3-f63e1f934942@group-58A987F56150-LeaderElection107] INFO  impl.LeaderElection (LeaderElection.java:logAndReturn(56)) - 327657b1-60f8-49f2-b2a3-f63e1f934942@group-58A987F56150-LeaderElection107: Election REJECTED; received 2 response(s) [327657b1-60f8-49f2-b2a3-f63e1f934942<-6605b8a5-570b-4977-9ee7-6aaf3012bed5#0:FAIL-t118, 327657b1-60f8-49f2-b2a3-f63e1f934942<-ddd4789c-894d-475a-bbfb-f6e7aa670c92#0:FAIL-t118] and 0 exception(s); 327657b1-60f8-49f2-b2a3-f63e1f934942@group-58A987F56150:t118, leader=null, voted=327657b1-60f8-49f2-b2a3-f63e1f934942, raftlog=327657b1-60f8-49f2-b2a3-f63e1f934942@group-58A987F56150-SegmentedRaftLog:OPENED:c-1,f-1,i0, conf=-1: [6605b8a5-570b-4977-9ee7-6aaf3012bed5:192.168.164.233:35223, 327657b1-60f8-49f2-b2a3-f63e1f934942:192.168.164.233:41966, ddd4789c-894d-475a-bbfb-f6e7aa670c92:192.168.164.233:41061], old=null
2019-10-18 14:58:13,250 [327657b1-60f8-49f2-b2a3-f63e1f934942@group-58A987F56150-LeaderElection107] INFO  impl.RaftServerImpl (RaftServerImpl.java:setRole(184)) - 327657b1-60f8-49f2-b2a3-f63e1f934942@group-58A987F56150: changes role from CANDIDATE to FOLLOWER at term 118 for DISCOVERED_A_NEW_TERM
2019-10-18 14:58:13,251 [327657b1-60f8-49f2-b2a3-f63e1f934942@group-58A987F56150-LeaderElection107] INFO  impl.RoleInfo (RoleInfo.java:shutdownLeaderElection(134)) - 327657b1-60f8-49f2-b2a3-f63e1f934942: shutdown LeaderElection
2019-10-18 14:58:13,251 [327657b1-60f8-49f2-b2a3-f63e1f934942@group-58A987F56150-LeaderElection107] INFO  impl.RoleInfo (RoleInfo.java:updateAndGet(143)) - 327657b1-60f8-49f2-b2a3-f63e1f934942: start FollowerState
2019-10-18 14:58:13,423 [Thread-947] INFO  impl.FollowerState (FollowerState.java:run(108)) - 327657b1-60f8-49f2-b2a3-f63e1f934942@group-58A987F56150-FollowerState: change to CANDIDATE, lastRpcTime:172ms, electionTimeout:172ms
2019-10-18 14:58:13,424 [Thread-947] INFO  impl.RoleInfo (RoleInfo.java:shutdownFollowerState(121)) - 327657b1-60f8-49f2-b2a3-f63e1f934942: shutdown FollowerState
2019-10-18 14:58:13,424 [Thread-947] INFO  impl.RaftServerImpl (RaftServerImpl.java:setRole(184)) - 327657b1-60f8-49f2-b2a3-f63e1f934942@group-58A987F56150: changes role from  FOLLOWER to CANDIDATE at term 118 for changeToCandidate
2019-10-18 14:58:13,425 [Thread-947] INFO  impl.RoleInfo (RoleInfo.java:updateAndGet(143)) - 327657b1-60f8-49f2-b2a3-f63e1f934942: start LeaderElection
2019-10-18 14:58:13,451 [327657b1-60f8-49f2-b2a3-f63e1f934942@group-58A987F56150-LeaderElection108] INFO  impl.LeaderElection (LeaderElection.java:askForVotes(178)) - 327657b1-60f8-49f2-b2a3-f63e1f934942@group-58A987F56150-LeaderElection108: begin an election at term 119 for -1: [6605b8a5-570b-4977-9ee7-6aaf3012bed5:192.168.164.233:35223, 327657b1-60f8-49f2-b2a3-f63e1f934942:192.168.164.233:41966, ddd4789c-894d-475a-bbfb-f6e7aa670c92:192.168.164.233:41061], old=null
2019-10-18 14:58:13,458 [grpc-default-executor-1] INFO  impl.RaftServerImpl (RaftServerImpl.java:setRole(184)) - ddd4789c-894d-475a-bbfb-f6e7aa670c92@group-58A987F56150: changes role from  FOLLOWER to FOLLOWER at term 119 for recognizeCandidate:327657b1-60f8-49f2-b2a3-f63e1f934942
2019-10-18 14:58:13,458 [grpc-default-executor-5] INFO  impl.RaftServerImpl (RaftServerImpl.java:setRole(184)) - 6605b8a5-570b-4977-9ee7-6aaf3012bed5@group-58A987F56150: changes role from  FOLLOWER to FOLLOWER at term 119 for recognizeCandidate:327657b1-60f8-49f2-b2a3-f63e1f934942
2019-10-18 14:58:13,458 [grpc-default-executor-1] INFO  impl.RoleInfo (RoleInfo.java:shutdownFollowerState(121)) - ddd4789c-894d-475a-bbfb-f6e7aa670c92: shutdown FollowerState
2019-10-18 14:58:13,459 [grpc-default-executor-5] INFO  impl.RoleInfo (RoleInfo.java:shutdownFollowerState(121)) - 6605b8a5-570b-4977-9ee7-6aaf3012bed5: shutdown FollowerState
2019-10-18 14:58:13,459 [grpc-default-executor-1] INFO  impl.RoleInfo (RoleInfo.java:updateAndGet(143)) - ddd4789c-894d-475a-bbfb-f6e7aa670c92: start FollowerState
2019-10-18 14:58:13,459 [Thread-945] INFO  impl.FollowerState (FollowerState.java:run(117)) - ddd4789c-894d-475a-bbfb-f6e7aa670c92@group-58A987F56150-FollowerState was interrupted: java.lang.InterruptedException: sleep interrupted
2019-10-18 14:58:13,459 [Thread-946] INFO  impl.FollowerState (FollowerState.java:run(117)) - 6605b8a5-570b-4977-9ee7-6aaf3012bed5@group-58A987F56150-FollowerState was interrupted: java.lang.InterruptedException: sleep interrupted
2019-10-18 14:58:13,459 [grpc-default-executor-5] INFO  impl.RoleInfo (RoleInfo.java:updateAndGet(143)) - 6605b8a5-570b-4977-9ee7-6aaf3012bed5: start FollowerState
2019-10-18 14:58:13,486 [327657b1-60f8-49f2-b2a3-f63e1f934942@group-58A987F56150-LeaderElection108] INFO  impl.LeaderElection (LeaderElection.java:logAndReturn(56)) - 327657b1-60f8-49f2-b2a3-f63e1f934942@group-58A987F56150-LeaderElection108: Election REJECTED; received 2 response(s) [327657b1-60f8-49f2-b2a3-f63e1f934942<-6605b8a5-570b-4977-9ee7-6aaf3012bed5#0:FAIL-t119, 327657b1-60f8-49f2-b2a3-f63e1f934942<-ddd4789c-894d-475a-bbfb-f6e7aa670c92#0:FAIL-t119] and 0 exception(s); 327657b1-60f8-49f2-b2a3-f63e1f934942@group-58A987F56150:t119, leader=null, voted=327657b1-60f8-49f2-b2a3-f63e1f934942, raftlog=327657b1-60f8-49f2-b2a3-f63e1f934942@group-58A987F56150-SegmentedRaftLog:OPENED:c-1,f-1,i0, conf=-1: [6605b8a5-570b-4977-9ee7-6aaf3012bed5:192.168.164.233:35223, 327657b1-60f8-49f2-b2a3-f63e1f934942:192.168.164.233:41966, ddd4789c-894d-475a-bbfb-f6e7aa670c92:192.168.164.233:41061], old=null
2019-10-18 14:58:13,486 [327657b1-60f8-49f2-b2a3-f63e1f934942@group-58A987F56150-LeaderElection108] INFO  impl.RaftServerImpl (RaftServerImpl.java:setRole(184)) - 327657b1-60f8-49f2-b2a3-f63e1f934942@group-58A987F56150: changes role from CANDIDATE to FOLLOWER at term 119 for DISCOVERED_A_NEW_TERM
2019-10-18 14:58:13,487 [327657b1-60f8-49f2-b2a3-f63e1f934942@group-58A987F56150-LeaderElection108] INFO  impl.RoleInfo (RoleInfo.java:shutdownLeaderElection(134)) - 327657b1-60f8-49f2-b2a3-f63e1f934942: shutdown LeaderElection
2019-10-18 14:58:13,487 [327657b1-60f8-49f2-b2a3-f63e1f934942@group-58A987F56150-LeaderElection108] INFO  impl.RoleInfo (RoleInfo.java:updateAndGet(143)) - 327657b1-60f8-49f2-b2a3-f63e1f934942: start FollowerState
2019-10-18 14:58:13,514 [Thread-953] INFO  impl.FollowerState (FollowerState.java:run(108)) - 327657b1-60f8-49f2-b2a3-f63e1f934942@group-58A987F56150-FollowerState: change to CANDIDATE, lastRpcTime:27ms, electionTimeout:27ms
2019-10-18 14:58:13,514 [Thread-953] INFO  impl.RoleInfo (RoleInfo.java:shutdownFollowerState(121)) - 327657b1-60f8-49f2-b2a3-f63e1f934942: shutdown FollowerState
2019-10-18 14:58:13,514 [Thread-953] INFO  impl.RaftServerImpl (RaftServerImpl.java:setRole(184)) - 327657b1-60f8-49f2-b2a3-f63e1f934942@group-58A987F56150: changes role from  FOLLOWER to CANDIDATE at term 119 for changeToCandidate
2019-10-18 14:58:13,515 [Thread-953] INFO  impl.RoleInfo (RoleInfo.java:updateAndGet(143)) - 327657b1-60f8-49f2-b2a3-f63e1f934942: start LeaderElection
2019-10-18 14:58:13,528 [327657b1-60f8-49f2-b2a3-f63e1f934942@group-58A987F56150-LeaderElection109] INFO  impl.LeaderElection (LeaderElection.java:askForVotes(178)) - 327657b1-60f8-49f2-b2a3-f63e1f934942@group-58A987F56150-LeaderElection109: begin an election at term 120 for -1: [6605b8a5-570b-4977-9ee7-6aaf3012bed5:192.168.164.233:35223, 327657b1-60f8-49f2-b2a3-f63e1f934942:192.168.164.233:41966, ddd4789c-894d-475a-bbfb-f6e7aa670c92:192.168.164.233:41061], old=null
2019-10-18 14:58:13,530 [grpc-default-executor-1] INFO  impl.RaftServerImpl (RaftServerImpl.java:setRole(184)) - 6605b8a5-570b-4977-9ee7-6aaf3012bed5@group-58A987F56150: changes role from  FOLLOWER to FOLLOWER at term 120 for recognizeCandidate:327657b1-60f8-49f2-b2a3-f63e1f934942
2019-10-18 14:58:13,531 [grpc-default-executor-1] INFO  impl.RoleInfo (RoleInfo.java:shutdownFollowerState(121)) - 6605b8a5-570b-4977-9ee7-6aaf3012bed5: shutdown FollowerState
2019-10-18 14:58:13,531 [grpc-default-executor-5] INFO  impl.RaftServerImpl (RaftServerImpl.java:setRole(184)) - ddd4789c-894d-475a-bbfb-f6e7aa670c92@group-58A987F56150: changes role from  FOLLOWER to FOLLOWER at term 120 for recognizeCandidate:327657b1-60f8-49f2-b2a3-f63e1f934942
2019-10-18 14:58:13,531 [Thread-952] INFO  impl.FollowerState (FollowerState.java:run(117)) - 6605b8a5-570b-4977-9ee7-6aaf3012bed5@group-58A987F56150-FollowerState was interrupted: java.lang.InterruptedException: sleep interrupted
2019-10-18 14:58:13,531 [grpc-default-executor-1] INFO  impl.RoleInfo (RoleInfo.java:updateAndGet(143)) - 6605b8a5-570b-4977-9ee7-6aaf3012bed5: start FollowerState
2019-10-18 14:58:13,531 [grpc-default-executor-5] INFO  impl.RoleInfo (RoleInfo.java:shutdownFollowerState(121)) - ddd4789c-894d-475a-bbfb-f6e7aa670c92: shutdown FollowerState
2019-10-18 14:58:13,531 [grpc-default-executor-5] INFO  impl.RoleInfo (RoleInfo.java:updateAndGet(143)) - ddd4789c-894d-475a-bbfb-f6e7aa670c92: start FollowerState
2019-10-18 14:58:13,532 [Thread-951] INFO  impl.FollowerState (FollowerState.java:run(117)) - ddd4789c-894d-475a-bbfb-f6e7aa670c92@group-58A987F56150-FollowerState was interrupted: java.lang.InterruptedException: sleep interrupted
2019-10-18 14:58:13,548 [327657b1-60f8-49f2-b2a3-f63e1f934942@group-58A987F56150-LeaderElection109] INFO  impl.LeaderElection (LeaderElection.java:logAndReturn(56)) - 327657b1-60f8-49f2-b2a3-f63e1f934942@group-58A987F56150-LeaderElection109: Election REJECTED; received 2 response(s) [327657b1-60f8-49f2-b2a3-f63e1f934942<-6605b8a5-570b-4977-9ee7-6aaf3012bed5#0:FAIL-t120, 327657b1-60f8-49f2-b2a3-f63e1f934942<-ddd4789c-894d-475a-bbfb-f6e7aa670c92#0:FAIL-t120] and 0 exception(s); 327657b1-60f8-49f2-b2a3-f63e1f934942@group-58A987F56150:t120, leader=null, voted=327657b1-60f8-49f2-b2a3-f63e1f934942, raftlog=327657b1-60f8-49f2-b2a3-f63e1f934942@group-58A987F56150-SegmentedRaftLog:OPENED:c-1,f-1,i0, conf=-1: [6605b8a5-570b-4977-9ee7-6aaf3012bed5:192.168.164.233:35223, 327657b1-60f8-49f2-b2a3-f63e1f934942:192.168.164.233:41966, ddd4789c-894d-475a-bbfb-f6e7aa670c92:192.168.164.233:41061], old=null
2019-10-18 14:58:13,548 [327657b1-60f8-49f2-b2a3-f63e1f934942@group-58A987F56150-LeaderElection109] INFO  impl.RaftServerImpl (RaftServerImpl.java:setRole(184)) - 327657b1-60f8-49f2-b2a3-f63e1f934942@group-58A987F56150: changes role from CANDIDATE to FOLLOWER at term 120 for DISCOVERED_A_NEW_TERM
2019-10-18 14:58:13,548 [327657b1-60f8-49f2-b2a3-f63e1f934942@group-58A987F56150-LeaderElection109] INFO  impl.RoleInfo (RoleInfo.java:shutdownLeaderElection(134)) - 327657b1-60f8-49f2-b2a3-f63e1f934942: shutdown LeaderElection
2019-10-18 14:58:13,548 [327657b1-60f8-49f2-b2a3-f63e1f934942@group-58A987F56150-LeaderElection109] INFO  impl.RoleInfo (RoleInfo.java:updateAndGet(143)) - 327657b1-60f8-49f2-b2a3-f63e1f934942: start FollowerState
2019-10-18 14:58:13,641 [Thread-959] INFO  impl.FollowerState (FollowerState.java:run(108)) - 327657b1-60f8-49f2-b2a3-f63e1f934942@group-58A987F56150-FollowerState: change to CANDIDATE, lastRpcTime:92ms, electionTimeout:92ms
2019-10-18 14:58:13,641 [Thread-959] INFO  impl.RoleInfo (RoleInfo.java:shutdownFollowerState(121)) - 327657b1-60f8-49f2-b2a3-f63e1f934942: shutdown FollowerState
2019-10-18 14:58:13,641 [Thread-959] INFO  impl.RaftServerImpl (RaftServerImpl.java:setRole(184)) - 327657b1-60f8-49f2-b2a3-f63e1f934942@group-58A987F56150: changes role from  FOLLOWER to CANDIDATE at term 120 for changeToCandidate
2019-10-18 14:58:13,642 [Thread-959] INFO  impl.RoleInfo (RoleInfo.java:updateAndGet(143)) - 327657b1-60f8-49f2-b2a3-f63e1f934942: start LeaderElection
2019-10-18 14:58:13,657 [327657b1-60f8-49f2-b2a3-f63e1f934942@group-58A987F56150-LeaderElection110] INFO  impl.LeaderElection (LeaderElection.java:askForVotes(178)) - 327657b1-60f8-49f2-b2a3-f63e1f934942@group-58A987F56150-LeaderElection110: begin an election at term 121 for -1: [6605b8a5-570b-4977-9ee7-6aaf3012bed5:192.168.164.233:35223, 327657b1-60f8-49f2-b2a3-f63e1f934942:192.168.164.233:41966, ddd4789c-894d-475a-bbfb-f6e7aa670c92:192.168.164.233:41061], old=null
2019-10-18 14:58:13,660 [grpc-default-executor-5] INFO  impl.RaftServerImpl (RaftServerImpl.java:setRole(184)) - 6605b8a5-570b-4977-9ee7-6aaf3012bed5@group-58A987F56150: changes role from  FOLLOWER to FOLLOWER at term 121 for recognizeCandidate:327657b1-60f8-49f2-b2a3-f63e1f934942
2019-10-18 14:58:13,660 [grpc-default-executor-5] INFO  impl.RoleInfo (RoleInfo.java:shutdownFollowerState(121)) - 6605b8a5-570b-4977-9ee7-6aaf3012bed5: shutdown FollowerState
2019-10-18 14:58:13,660 [grpc-default-executor-1] INFO  impl.RaftServerImpl (RaftServerImpl.java:setRole(184)) - ddd4789c-894d-475a-bbfb-f6e7aa670c92@group-58A987F56150: changes role from  FOLLOWER to FOLLOWER at term 121 for recognizeCandidate:327657b1-60f8-49f2-b2a3-f63e1f934942
2019-10-18 14:58:13,660 [Thread-957] INFO  impl.FollowerState (FollowerState.java:run(117)) - 6605b8a5-570b-4977-9ee7-6aaf3012bed5@group-58A987F56150-FollowerState was interrupted: java.lang.InterruptedException: sleep interrupted
2019-10-18 14:58:13,660 [grpc-default-executor-5] INFO  impl.RoleInfo (RoleInfo.java:updateAndGet(143)) - 6605b8a5-570b-4977-9ee7-6aaf3012bed5: start FollowerState
2019-10-18 14:58:13,660 [grpc-default-executor-1] INFO  impl.RoleInfo (RoleInfo.java:shutdownFollowerState(121)) - ddd4789c-894d-475a-bbfb-f6e7aa670c92: shutdown FollowerState
2019-10-18 14:58:13,661 [grpc-default-executor-1] INFO  impl.RoleInfo (RoleInfo.java:updateAndGet(143)) - ddd4789c-894d-475a-bbfb-f6e7aa670c92: start FollowerState
2019-10-18 14:58:13,661 [Thread-958] INFO  impl.FollowerState (FollowerState.java:run(117)) - ddd4789c-894d-475a-bbfb-f6e7aa670c92@group-58A987F56150-FollowerState was interrupted: java.lang.InterruptedException: sleep interrupted
2019-10-18 14:58:13,688 [327657b1-60f8-49f2-b2a3-f63e1f934942@group-58A987F56150-LeaderElection110] INFO  impl.LeaderElection (LeaderElection.java:logAndReturn(56)) - 327657b1-60f8-49f2-b2a3-f63e1f934942@group-58A987F56150-LeaderElection110: Election REJECTED; received 2 response(s) [327657b1-60f8-49f2-b2a3-f63e1f934942<-6605b8a5-570b-4977-9ee7-6aaf3012bed5#0:FAIL-t121, 327657b1-60f8-49f2-b2a3-f63e1f934942<-ddd4789c-894d-475a-bbfb-f6e7aa670c92#0:FAIL-t121] and 0 exception(s); 327657b1-60f8-49f2-b2a3-f63e1f934942@group-58A987F56150:t121, leader=null, voted=327657b1-60f8-49f2-b2a3-f63e1f934942, raftlog=327657b1-60f8-49f2-b2a3-f63e1f934942@group-58A987F56150-SegmentedRaftLog:OPENED:c-1,f-1,i0, conf=-1: [6605b8a5-570b-4977-9ee7-6aaf3012bed5:192.168.164.233:35223, 327657b1-60f8-49f2-b2a3-f63e1f934942:192.168.164.233:41966, ddd4789c-894d-475a-bbfb-f6e7aa670c92:192.168.164.233:41061], old=null
2019-10-18 14:58:13,689 [327657b1-60f8-49f2-b2a3-f63e1f934942@group-58A987F56150-LeaderElection110] INFO  impl.RaftServerImpl (RaftServerImpl.java:setRole(184)) - 327657b1-60f8-49f2-b2a3-f63e1f934942@group-58A987F56150: changes role from CANDIDATE to FOLLOWER at term 121 for DISCOVERED_A_NEW_TERM
2019-10-18 14:58:13,689 [327657b1-60f8-49f2-b2a3-f63e1f934942@group-58A987F56150-LeaderElection110] INFO  impl.RoleInfo (RoleInfo.java:shutdownLeaderElection(134)) - 327657b1-60f8-49f2-b2a3-f63e1f934942: shutdown LeaderElection
2019-10-18 14:58:13,689 [327657b1-60f8-49f2-b2a3-f63e1f934942@group-58A987F56150-LeaderElection110] INFO  impl.RoleInfo (RoleInfo.java:updateAndGet(143)) - 327657b1-60f8-49f2-b2a3-f63e1f934942: start FollowerState
2019-10-18 14:58:13,873 [Thread-967] INFO  impl.FollowerState (FollowerState.java:run(108)) - 327657b1-60f8-49f2-b2a3-f63e1f934942@group-58A987F56150-FollowerState: change to CANDIDATE, lastRpcTime:184ms, electionTimeout:184ms
2019-10-18 14:58:13,874 [Thread-967] INFO  impl.RoleInfo (RoleInfo.java:shutdownFollowerState(121)) - 327657b1-60f8-49f2-b2a3-f63e1f934942: shutdown FollowerState
2019-10-18 14:58:13,874 [Thread-967] INFO  impl.RaftServerImpl (RaftServerImpl.java:setRole(184)) - 327657b1-60f8-49f2-b2a3-f63e1f934942@group-58A987F56150: changes role from  FOLLOWER to CANDIDATE at term 121 for changeToCandidate
2019-10-18 14:58:13,874 [Thread-967] INFO  impl.RoleInfo (RoleInfo.java:updateAndGet(143)) - 327657b1-60f8-49f2-b2a3-f63e1f934942: start LeaderElection
2019-10-18 14:58:13,899 [327657b1-60f8-49f2-b2a3-f63e1f934942@group-58A987F56150-LeaderElection111] INFO  impl.LeaderElection (LeaderElection.java:askForVotes(178)) - 327657b1-60f8-49f2-b2a3-f63e1f934942@group-58A987F56150-LeaderElection111: begin an election at term 122 for -1: [6605b8a5-570b-4977-9ee7-6aaf3012bed5:192.168.164.233:35223, 327657b1-60f8-49f2-b2a3-f63e1f934942:192.168.164.233:41966, ddd4789c-894d-475a-bbfb-f6e7aa670c92:192.168.164.233:41061], old=null
2019-10-18 14:58:13,903 [grpc-default-executor-1] INFO  impl.RaftServerImpl (RaftServerImpl.java:setRole(184)) - ddd4789c-894d-475a-bbfb-f6e7aa670c92@group-58A987F56150: changes role from  FOLLOWER to FOLLOWER at term 122 for recognizeCandidate:327657b1-60f8-49f2-b2a3-f63e1f934942
2019-10-18 14:58:13,904 [grpc-default-executor-1] INFO  impl.RoleInfo (RoleInfo.java:shutdownFollowerState(121)) - ddd4789c-894d-475a-bbfb-f6e7aa670c92: shutdown FollowerState
2019-10-18 14:58:13,903 [grpc-default-executor-5] INFO  impl.RaftServerImpl (RaftServerImpl.java:setRole(184)) - 6605b8a5-570b-4977-9ee7-6aaf3012bed5@group-58A987F56150: changes role from  FOLLOWER to FOLLOWER at term 122 for recognizeCandidate:327657b1-60f8-49f2-b2a3-f63e1f934942
2019-10-18 14:58:13,904 [Thread-966] INFO  impl.FollowerState (FollowerState.java:run(117)) - ddd4789c-894d-475a-bbfb-f6e7aa670c92@group-58A987F56150-FollowerState was interrupted: java.lang.InterruptedException: sleep interrupted
2019-10-18 14:58:13,904 [grpc-default-executor-1] INFO  impl.RoleInfo (RoleInfo.java:updateAndGet(143)) - ddd4789c-894d-475a-bbfb-f6e7aa670c92: start FollowerState
2019-10-18 14:58:13,904 [grpc-default-executor-5] INFO  impl.RoleInfo (RoleInfo.java:shutdownFollowerState(121)) - 6605b8a5-570b-4977-9ee7-6aaf3012bed5: shutdown FollowerState
2019-10-18 14:58:13,905 [grpc-default-executor-5] INFO  impl.RoleInfo (RoleInfo.java:updateAndGet(143)) - 6605b8a5-570b-4977-9ee7-6aaf3012bed5: start FollowerState
2019-10-18 14:58:13,905 [Thread-965] INFO  impl.FollowerState (FollowerState.java:run(117)) - 6605b8a5-570b-4977-9ee7-6aaf3012bed5@group-58A987F56150-FollowerState was interrupted: java.lang.InterruptedException: sleep interrupted
2019-10-18 14:58:13,931 [327657b1-60f8-49f2-b2a3-f63e1f934942@group-58A987F56150-LeaderElection111] INFO  impl.LeaderElection (LeaderElection.java:logAndReturn(56)) - 327657b1-60f8-49f2-b2a3-f63e1f934942@group-58A987F56150-LeaderElection111: Election REJECTED; received 2 response(s) [327657b1-60f8-49f2-b2a3-f63e1f934942<-6605b8a5-570b-4977-9ee7-6aaf3012bed5#0:FAIL-t122, 327657b1-60f8-49f2-b2a3-f63e1f934942<-ddd4789c-894d-475a-bbfb-f6e7aa670c92#0:FAIL-t122] and 0 exception(s); 327657b1-60f8-49f2-b2a3-f63e1f934942@group-58A987F56150:t122, leader=null, voted=327657b1-60f8-49f2-b2a3-f63e1f934942, raftlog=327657b1-60f8-49f2-b2a3-f63e1f934942@group-58A987F56150-SegmentedRaftLog:OPENED:c-1,f-1,i0, conf=-1: [6605b8a5-570b-4977-9ee7-6aaf3012bed5:192.168.164.233:35223, 327657b1-60f8-49f2-b2a3-f63e1f934942:192.168.164.233:41966, ddd4789c-894d-475a-bbfb-f6e7aa670c92:192.168.164.233:41061], old=null
2019-10-18 14:58:13,932 [327657b1-60f8-49f2-b2a3-f63e1f934942@group-58A987F56150-LeaderElection111] INFO  impl.RaftServerImpl (RaftServerImpl.java:setRole(184)) - 327657b1-60f8-49f2-b2a3-f63e1f934942@group-58A987F56150: changes role from CANDIDATE to FOLLOWER at term 122 for DISCOVERED_A_NEW_TERM
2019-10-18 14:58:13,932 [327657b1-60f8-49f2-b2a3-f63e1f934942@group-58A987F56150-LeaderElection111] INFO  impl.RoleInfo (RoleInfo.java:shutdownLeaderElection(134)) - 327657b1-60f8-49f2-b2a3-f63e1f934942: shutdown LeaderElection
2019-10-18 14:58:13,932 [327657b1-60f8-49f2-b2a3-f63e1f934942@group-58A987F56150-LeaderElection111] INFO  impl.RoleInfo (RoleInfo.java:updateAndGet(143)) - 327657b1-60f8-49f2-b2a3-f63e1f934942: start FollowerState
2019-10-18 14:58:14,003 [Thread-973] INFO  impl.FollowerState (FollowerState.java:run(108)) - 327657b1-60f8-49f2-b2a3-f63e1f934942@group-58A987F56150-FollowerState: change to CANDIDATE, lastRpcTime:70ms, electionTimeout:70ms
2019-10-18 14:58:14,003 [Thread-973] INFO  impl.RoleInfo (RoleInfo.java:shutdownFollowerState(121)) - 327657b1-60f8-49f2-b2a3-f63e1f934942: shutdown FollowerState
2019-10-18 14:58:14,003 [Thread-973] INFO  impl.RaftServerImpl (RaftServerImpl.java:setRole(184)) - 327657b1-60f8-49f2-b2a3-f63e1f934942@group-58A987F56150: changes role from  FOLLOWER to CANDIDATE at term 122 for changeToCandidate
2019-10-18 14:58:14,004 [Thread-973] INFO  impl.RoleInfo (RoleInfo.java:updateAndGet(143)) - 327657b1-60f8-49f2-b2a3-f63e1f934942: start LeaderElection
2019-10-18 14:58:14,017 [327657b1-60f8-49f2-b2a3-f63e1f934942@group-58A987F56150-LeaderElection112] INFO  impl.LeaderElection (LeaderElection.java:askForVotes(178)) - 327657b1-60f8-49f2-b2a3-f63e1f934942@group-58A987F56150-LeaderElection112: begin an election at term 123 for -1: [6605b8a5-570b-4977-9ee7-6aaf3012bed5:192.168.164.233:35223, 327657b1-60f8-49f2-b2a3-f63e1f934942:192.168.164.233:41966, ddd4789c-894d-475a-bbfb-f6e7aa670c92:192.168.164.233:41061], old=null
2019-10-18 14:58:14,019 [grpc-default-executor-5] INFO  impl.RaftServerImpl (RaftServerImpl.java:setRole(184)) - 6605b8a5-570b-4977-9ee7-6aaf3012bed5@group-58A987F56150: changes role from  FOLLOWER to FOLLOWER at term 123 for recognizeCandidate:327657b1-60f8-49f2-b2a3-f63e1f934942
2019-10-18 14:58:14,019 [grpc-default-executor-1] INFO  impl.RaftServerImpl (RaftServerImpl.java:setRole(184)) - ddd4789c-894d-475a-bbfb-f6e7aa670c92@group-58A987F56150: changes role from  FOLLOWER to FOLLOWER at term 123 for recognizeCandidate:327657b1-60f8-49f2-b2a3-f63e1f934942
2019-10-18 14:58:14,020 [grpc-default-executor-5] INFO  impl.RoleInfo (RoleInfo.java:shutdownFollowerState(121)) - 6605b8a5-570b-4977-9ee7-6aaf3012bed5: shutdown FollowerState
2019-10-18 14:58:14,020 [grpc-default-executor-1] INFO  impl.RoleInfo (RoleInfo.java:shutdownFollowerState(121)) - ddd4789c-894d-475a-bbfb-f6e7aa670c92: shutdown FollowerState
2019-10-18 14:58:14,020 [Thread-972] INFO  impl.FollowerState (FollowerState.java:run(117)) - 6605b8a5-570b-4977-9ee7-6aaf3012bed5@group-58A987F56150-FollowerState was interrupted: java.lang.InterruptedException: sleep interrupted
2019-10-18 14:58:14,020 [grpc-default-executor-5] INFO  impl.RoleInfo (RoleInfo.java:updateAndGet(143)) - 6605b8a5-570b-4977-9ee7-6aaf3012bed5: start FollowerState
2019-10-18 14:58:14,020 [Thread-971] INFO  impl.FollowerState (FollowerState.java:run(117)) - ddd4789c-894d-475a-bbfb-f6e7aa670c92@group-58A987F56150-FollowerState was interrupted: java.lang.InterruptedException: sleep interrupted
2019-10-18 14:58:14,020 [grpc-default-executor-1] INFO  impl.RoleInfo (RoleInfo.java:updateAndGet(143)) - ddd4789c-894d-475a-bbfb-f6e7aa670c92: start FollowerState
2019-10-18 14:58:14,047 [327657b1-60f8-49f2-b2a3-f63e1f934942@group-58A987F56150-LeaderElection112] INFO  impl.LeaderElection (LeaderElection.java:logAndReturn(56)) - 327657b1-60f8-49f2-b2a3-f63e1f934942@group-58A987F56150-LeaderElection112: Election REJECTED; received 2 response(s) [327657b1-60f8-49f2-b2a3-f63e1f934942<-6605b8a5-570b-4977-9ee7-6aaf3012bed5#0:FAIL-t123, 327657b1-60f8-49f2-b2a3-f63e1f934942<-ddd4789c-894d-475a-bbfb-f6e7aa670c92#0:FAIL-t123] and 0 exception(s); 327657b1-60f8-49f2-b2a3-f63e1f934942@group-58A987F56150:t123, leader=null, voted=327657b1-60f8-49f2-b2a3-f63e1f934942, raftlog=327657b1-60f8-49f2-b2a3-f63e1f934942@group-58A987F56150-SegmentedRaftLog:OPENED:c-1,f-1,i0, conf=-1: [6605b8a5-570b-4977-9ee7-6aaf3012bed5:192.168.164.233:35223, 327657b1-60f8-49f2-b2a3-f63e1f934942:192.168.164.233:41966, ddd4789c-894d-475a-bbfb-f6e7aa670c92:192.168.164.233:41061], old=null
2019-10-18 14:58:14,047 [327657b1-60f8-49f2-b2a3-f63e1f934942@group-58A987F56150-LeaderElection112] INFO  impl.RaftServerImpl (RaftServerImpl.java:setRole(184)) - 327657b1-60f8-49f2-b2a3-f63e1f934942@group-58A987F56150: changes role from CANDIDATE to FOLLOWER at term 123 for DISCOVERED_A_NEW_TERM
2019-10-18 14:58:14,047 [327657b1-60f8-49f2-b2a3-f63e1f934942@group-58A987F56150-LeaderElection112] INFO  impl.RoleInfo (RoleInfo.java:shutdownLeaderElection(134)) - 327657b1-60f8-49f2-b2a3-f63e1f934942: shutdown LeaderElection
2019-10-18 14:58:14,047 [327657b1-60f8-49f2-b2a3-f63e1f934942@group-58A987F56150-LeaderElection112] INFO  impl.RoleInfo (RoleInfo.java:updateAndGet(143)) - 327657b1-60f8-49f2-b2a3-f63e1f934942: start FollowerState
2019-10-18 14:58:14,189 [Thread-979] INFO  impl.FollowerState (FollowerState.java:run(108)) - 327657b1-60f8-49f2-b2a3-f63e1f934942@group-58A987F56150-FollowerState: change to CANDIDATE, lastRpcTime:141ms, electionTimeout:141ms
2019-10-18 14:58:14,189 [Thread-979] INFO  impl.RoleInfo (RoleInfo.java:shutdownFollowerState(121)) - 327657b1-60f8-49f2-b2a3-f63e1f934942: shutdown FollowerState
2019-10-18 14:58:14,189 [Thread-979] INFO  impl.RaftServerImpl (RaftServerImpl.java:setRole(184)) - 327657b1-60f8-49f2-b2a3-f63e1f934942@group-58A987F56150: changes role from  FOLLOWER to CANDIDATE at term 123 for changeToCandidate
2019-10-18 14:58:14,189 [Thread-979] INFO  impl.RoleInfo (RoleInfo.java:updateAndGet(143)) - 327657b1-60f8-49f2-b2a3-f63e1f934942: start LeaderElection
2019-10-18 14:58:14,205 [327657b1-60f8-49f2-b2a3-f63e1f934942@group-58A987F56150-LeaderElection113] INFO  impl.LeaderElection (LeaderElection.java:askForVotes(178)) - 327657b1-60f8-49f2-b2a3-f63e1f934942@group-58A987F56150-LeaderElection113: begin an election at term 124 for -1: [6605b8a5-570b-4977-9ee7-6aaf3012bed5:192.168.164.233:35223, 327657b1-60f8-49f2-b2a3-f63e1f934942:192.168.164.233:41966, ddd4789c-894d-475a-bbfb-f6e7aa670c92:192.168.164.233:41061], old=null
2019-10-18 14:58:14,208 [grpc-default-executor-1] INFO  impl.RaftServerImpl (RaftServerImpl.java:setRole(184)) - ddd4789c-894d-475a-bbfb-f6e7aa670c92@group-58A987F56150: changes role from  FOLLOWER to FOLLOWER at term 124 for recognizeCandidate:327657b1-60f8-49f2-b2a3-f63e1f934942
2019-10-18 14:58:14,208 [grpc-default-executor-1] INFO  impl.RoleInfo (RoleInfo.java:shutdownFollowerState(121)) - ddd4789c-894d-475a-bbfb-f6e7aa670c92: shutdown FollowerState
2019-10-18 14:58:14,208 [grpc-default-executor-5] INFO  impl.RaftServerImpl (RaftServerImpl.java:setRole(184)) - 6605b8a5-570b-4977-9ee7-6aaf3012bed5@group-58A987F56150: changes role from  FOLLOWER to FOLLOWER at term 124 for recognizeCandidate:327657b1-60f8-49f2-b2a3-f63e1f934942
2019-10-18 14:58:14,208 [grpc-default-executor-5] INFO  impl.RoleInfo (RoleInfo.java:shutdownFollowerState(121)) - 6605b8a5-570b-4977-9ee7-6aaf3012bed5: shutdown FollowerState
2019-10-18 14:58:14,208 [grpc-default-executor-1] INFO  impl.RoleInfo (RoleInfo.java:updateAndGet(143)) - ddd4789c-894d-475a-bbfb-f6e7aa670c92: start FollowerState
2019-10-18 14:58:14,208 [grpc-default-executor-5] INFO  impl.RoleInfo (RoleInfo.java:updateAndGet(143)) - 6605b8a5-570b-4977-9ee7-6aaf3012bed5: start FollowerState
2019-10-18 14:58:14,208 [Thread-978] INFO  impl.FollowerState (FollowerState.java:run(117)) - ddd4789c-894d-475a-bbfb-f6e7aa670c92@group-58A987F56150-FollowerState was interrupted: java.lang.InterruptedException: sleep interrupted
2019-10-18 14:58:14,209 [Thread-977] INFO  impl.FollowerState (FollowerState.java:run(117)) - 6605b8a5-570b-4977-9ee7-6aaf3012bed5@group-58A987F56150-FollowerState was interrupted: java.lang.InterruptedException: sleep interrupted
2019-10-18 14:58:14,223 [327657b1-60f8-49f2-b2a3-f63e1f934942@group-58A987F56150-LeaderElection113] INFO  impl.LeaderElection (LeaderElection.java:logAndReturn(56)) - 327657b1-60f8-49f2-b2a3-f63e1f934942@group-58A987F56150-LeaderElection113: Election REJECTED; received 2 response(s) [327657b1-60f8-49f2-b2a3-f63e1f934942<-6605b8a5-570b-4977-9ee7-6aaf3012bed5#0:FAIL-t124, 327657b1-60f8-49f2-b2a3-f63e1f934942<-ddd4789c-894d-475a-bbfb-f6e7aa670c92#0:FAIL-t124] and 0 exception(s); 327657b1-60f8-49f2-b2a3-f63e1f934942@group-58A987F56150:t124, leader=null, voted=327657b1-60f8-49f2-b2a3-f63e1f934942, raftlog=327657b1-60f8-49f2-b2a3-f63e1f934942@group-58A987F56150-SegmentedRaftLog:OPENED:c-1,f-1,i0, conf=-1: [6605b8a5-570b-4977-9ee7-6aaf3012bed5:192.168.164.233:35223, 327657b1-60f8-49f2-b2a3-f63e1f934942:192.168.164.233:41966, ddd4789c-894d-475a-bbfb-f6e7aa670c92:192.168.164.233:41061], old=null
2019-10-18 14:58:14,224 [327657b1-60f8-49f2-b2a3-f63e1f934942@group-58A987F56150-LeaderElection113] INFO  impl.RaftServerImpl (RaftServerImpl.java:setRole(184)) - 327657b1-60f8-49f2-b2a3-f63e1f934942@group-58A987F56150: changes role from CANDIDATE to FOLLOWER at term 124 for DISCOVERED_A_NEW_TERM
2019-10-18 14:58:14,224 [327657b1-60f8-49f2-b2a3-f63e1f934942@group-58A987F56150-LeaderElection113] INFO  impl.RoleInfo (RoleInfo.java:shutdownLeaderElection(134)) - 327657b1-60f8-49f2-b2a3-f63e1f934942: shutdown LeaderElection
2019-10-18 14:58:14,224 [327657b1-60f8-49f2-b2a3-f63e1f934942@group-58A987F56150-LeaderElection113] INFO  impl.RoleInfo (RoleInfo.java:updateAndGet(143)) - 327657b1-60f8-49f2-b2a3-f63e1f934942: start FollowerState
2019-10-18 14:58:14,298 [Thread-985] INFO  impl.FollowerState (FollowerState.java:run(108)) - 327657b1-60f8-49f2-b2a3-f63e1f934942@group-58A987F56150-FollowerState: change to CANDIDATE, lastRpcTime:74ms, electionTimeout:74ms
2019-10-18 14:58:14,299 [Thread-985] INFO  impl.RoleInfo (RoleInfo.java:shutdownFollowerState(121)) - 327657b1-60f8-49f2-b2a3-f63e1f934942: shutdown FollowerState
2019-10-18 14:58:14,299 [Thread-985] INFO  impl.RaftServerImpl (RaftServerImpl.java:setRole(184)) - 327657b1-60f8-49f2-b2a3-f63e1f934942@group-58A987F56150: changes role from  FOLLOWER to CANDIDATE at term 124 for changeToCandidate
2019-10-18 14:58:14,299 [Thread-985] INFO  impl.RoleInfo (RoleInfo.java:updateAndGet(143)) - 327657b1-60f8-49f2-b2a3-f63e1f934942: start LeaderElection
2019-10-18 14:58:14,312 [327657b1-60f8-49f2-b2a3-f63e1f934942@group-58A987F56150-LeaderElection114] INFO  impl.LeaderElection (LeaderElection.java:askForVotes(178)) - 327657b1-60f8-49f2-b2a3-f63e1f934942@group-58A987F56150-LeaderElection114: begin an election at term 125 for -1: [6605b8a5-570b-4977-9ee7-6aaf3012bed5:192.168.164.233:35223, 327657b1-60f8-49f2-b2a3-f63e1f934942:192.168.164.233:41966, ddd4789c-894d-475a-bbfb-f6e7aa670c92:192.168.164.233:41061], old=null
2019-10-18 14:58:14,315 [grpc-default-executor-5] INFO  impl.RaftServerImpl (RaftServerImpl.java:setRole(184)) - 6605b8a5-570b-4977-9ee7-6aaf3012bed5@group-58A987F56150: changes role from  FOLLOWER to FOLLOWER at term 125 for recognizeCandidate:327657b1-60f8-49f2-b2a3-f63e1f934942
2019-10-18 14:58:14,315 [grpc-default-executor-1] INFO  impl.RaftServerImpl (RaftServerImpl.java:setRole(184)) - ddd4789c-894d-475a-bbfb-f6e7aa670c92@group-58A987F56150: changes role from  FOLLOWER to FOLLOWER at term 125 for recognizeCandidate:327657b1-60f8-49f2-b2a3-f63e1f934942
2019-10-18 14:58:14,315 [grpc-default-executor-5] INFO  impl.RoleInfo (RoleInfo.java:shutdownFollowerState(121)) - 6605b8a5-570b-4977-9ee7-6aaf3012bed5: shutdown FollowerState
2019-10-18 14:58:14,316 [grpc-default-executor-1] INFO  impl.RoleInfo (RoleInfo.java:shutdownFollowerState(121)) - ddd4789c-894d-475a-bbfb-f6e7aa670c92: shutdown FollowerState
2019-10-18 14:58:14,316 [grpc-default-executor-5] INFO  impl.RoleInfo (RoleInfo.java:updateAndGet(143)) - 6605b8a5-570b-4977-9ee7-6aaf3012bed5: start FollowerState
2019-10-18 14:58:14,316 [grpc-default-executor-1] INFO  impl.RoleInfo (RoleInfo.java:updateAndGet(143)) - ddd4789c-894d-475a-bbfb-f6e7aa670c92: start FollowerState
2019-10-18 14:58:14,316 [Thread-984] INFO  impl.FollowerState (FollowerState.java:run(117)) - 6605b8a5-570b-4977-9ee7-6aaf3012bed5@group-58A987F56150-FollowerState was interrupted: java.lang.InterruptedException: sleep interrupted
2019-10-18 14:58:14,316 [Thread-983] INFO  impl.FollowerState (FollowerState.java:run(117)) - ddd4789c-894d-475a-bbfb-f6e7aa670c92@group-58A987F56150-FollowerState was interrupted: java.lang.InterruptedException: sleep interrupted
2019-10-18 14:58:14,332 [327657b1-60f8-49f2-b2a3-f63e1f934942@group-58A987F56150-LeaderElection114] INFO  impl.LeaderElection (LeaderElection.java:logAndReturn(56)) - 327657b1-60f8-49f2-b2a3-f63e1f934942@group-58A987F56150-LeaderElection114: Election REJECTED; received 2 response(s) [327657b1-60f8-49f2-b2a3-f63e1f934942<-6605b8a5-570b-4977-9ee7-6aaf3012bed5#0:FAIL-t125, 327657b1-60f8-49f2-b2a3-f63e1f934942<-ddd4789c-894d-475a-bbfb-f6e7aa670c92#0:FAIL-t125] and 0 exception(s); 327657b1-60f8-49f2-b2a3-f63e1f934942@group-58A987F56150:t125, leader=null, voted=327657b1-60f8-49f2-b2a3-f63e1f934942, raftlog=327657b1-60f8-49f2-b2a3-f63e1f934942@group-58A987F56150-SegmentedRaftLog:OPENED:c-1,f-1,i0, conf=-1: [6605b8a5-570b-4977-9ee7-6aaf3012bed5:192.168.164.233:35223, 327657b1-60f8-49f2-b2a3-f63e1f934942:192.168.164.233:41966, ddd4789c-894d-475a-bbfb-f6e7aa670c92:192.168.164.233:41061], old=null
2019-10-18 14:58:14,332 [327657b1-60f8-49f2-b2a3-f63e1f934942@group-58A987F56150-LeaderElection114] INFO  impl.RaftServerImpl (RaftServerImpl.java:setRole(184)) - 327657b1-60f8-49f2-b2a3-f63e1f934942@group-58A987F56150: changes role from CANDIDATE to FOLLOWER at term 125 for DISCOVERED_A_NEW_TERM
2019-10-18 14:58:14,332 [327657b1-60f8-49f2-b2a3-f63e1f934942@group-58A987F56150-LeaderElection114] INFO  impl.RoleInfo (RoleInfo.java:shutdownLeaderElection(134)) - 327657b1-60f8-49f2-b2a3-f63e1f934942: shutdown LeaderElection
2019-10-18 14:58:14,332 [327657b1-60f8-49f2-b2a3-f63e1f934942@group-58A987F56150-LeaderElection114] INFO  impl.RoleInfo (RoleInfo.java:updateAndGet(143)) - 327657b1-60f8-49f2-b2a3-f63e1f934942: start FollowerState
2019-10-18 14:58:14,375 [Thread-991] INFO  impl.FollowerState (FollowerState.java:run(108)) - 327657b1-60f8-49f2-b2a3-f63e1f934942@group-58A987F56150-FollowerState: change to CANDIDATE, lastRpcTime:42ms, electionTimeout:42ms
2019-10-18 14:58:14,375 [Thread-991] INFO  impl.RoleInfo (RoleInfo.java:shutdownFollowerState(121)) - 327657b1-60f8-49f2-b2a3-f63e1f934942: shutdown FollowerState
2019-10-18 14:58:14,375 [Thread-991] INFO  impl.RaftServerImpl (RaftServerImpl.java:setRole(184)) - 327657b1-60f8-49f2-b2a3-f63e1f934942@group-58A987F56150: changes role from  FOLLOWER to CANDIDATE at term 125 for changeToCandidate
2019-10-18 14:58:14,375 [Thread-991] INFO  impl.RoleInfo (RoleInfo.java:updateAndGet(143)) - 327657b1-60f8-49f2-b2a3-f63e1f934942: start LeaderElection
2019-10-18 14:58:14,391 [327657b1-60f8-49f2-b2a3-f63e1f934942@group-58A987F56150-LeaderElection115] INFO  impl.LeaderElection (LeaderElection.java:askForVotes(178)) - 327657b1-60f8-49f2-b2a3-f63e1f934942@group-58A987F56150-LeaderElection115: begin an election at term 126 for -1: [6605b8a5-570b-4977-9ee7-6aaf3012bed5:192.168.164.233:35223, 327657b1-60f8-49f2-b2a3-f63e1f934942:192.168.164.233:41966, ddd4789c-894d-475a-bbfb-f6e7aa670c92:192.168.164.233:41061], old=null
2019-10-18 14:58:14,393 [grpc-default-executor-1] INFO  impl.RaftServerImpl (RaftServerImpl.java:setRole(184)) - ddd4789c-894d-475a-bbfb-f6e7aa670c92@group-58A987F56150: changes role from  FOLLOWER to FOLLOWER at term 126 for recognizeCandidate:327657b1-60f8-49f2-b2a3-f63e1f934942
2019-10-18 14:58:14,393 [grpc-default-executor-1] INFO  impl.RoleInfo (RoleInfo.java:shutdownFollowerState(121)) - ddd4789c-894d-475a-bbfb-f6e7aa670c92: shutdown FollowerState
2019-10-18 14:58:14,393 [grpc-default-executor-5] INFO  impl.RaftServerImpl (RaftServerImpl.java:setRole(184)) - 6605b8a5-570b-4977-9ee7-6aaf3012bed5@group-58A987F56150: changes role from  FOLLOWER to FOLLOWER at term 126 for recognizeCandidate:327657b1-60f8-49f2-b2a3-f63e1f934942
2019-10-18 14:58:14,394 [Thread-990] INFO  impl.FollowerState (FollowerState.java:run(117)) - ddd4789c-894d-475a-bbfb-f6e7aa670c92@group-58A987F56150-FollowerState was interrupted: java.lang.InterruptedException: sleep interrupted
2019-10-18 14:58:14,394 [grpc-default-executor-1] INFO  impl.RoleInfo (RoleInfo.java:updateAndGet(143)) - ddd4789c-894d-475a-bbfb-f6e7aa670c92: start FollowerState
2019-10-18 14:58:14,394 [grpc-default-executor-5] INFO  impl.RoleInfo (RoleInfo.java:shutdownFollowerState(121)) - 6605b8a5-570b-4977-9ee7-6aaf3012bed5: shutdown FollowerState
2019-10-18 14:58:14,394 [grpc-default-executor-5] INFO  impl.RoleInfo (RoleInfo.java:updateAndGet(143)) - 6605b8a5-570b-4977-9ee7-6aaf3012bed5: start FollowerState
2019-10-18 14:58:14,394 [Thread-989] INFO  impl.FollowerState (FollowerState.java:run(117)) - 6605b8a5-570b-4977-9ee7-6aaf3012bed5@group-58A987F56150-FollowerState was interrupted: java.lang.InterruptedException: sleep interrupted
2019-10-18 14:58:14,420 [327657b1-60f8-49f2-b2a3-f63e1f934942@group-58A987F56150-LeaderElection115] INFO  impl.LeaderElection (LeaderElection.java:logAndReturn(56)) - 327657b1-60f8-49f2-b2a3-f63e1f934942@group-58A987F56150-LeaderElection115: Election REJECTED; received 2 response(s) [327657b1-60f8-49f2-b2a3-f63e1f934942<-6605b8a5-570b-4977-9ee7-6aaf3012bed5#0:FAIL-t126, 327657b1-60f8-49f2-b2a3-f63e1f934942<-ddd4789c-894d-475a-bbfb-f6e7aa670c92#0:FAIL-t126] and 0 exception(s); 327657b1-60f8-49f2-b2a3-f63e1f934942@group-58A987F56150:t126, leader=null, voted=327657b1-60f8-49f2-b2a3-f63e1f934942, raftlog=327657b1-60f8-49f2-b2a3-f63e1f934942@group-58A987F56150-SegmentedRaftLog:OPENED:c-1,f-1,i0, conf=-1: [6605b8a5-570b-4977-9ee7-6aaf3012bed5:192.168.164.233:35223, 327657b1-60f8-49f2-b2a3-f63e1f934942:192.168.164.233:41966, ddd4789c-894d-475a-bbfb-f6e7aa670c92:192.168.164.233:41061], old=null
2019-10-18 14:58:14,420 [327657b1-60f8-49f2-b2a3-f63e1f934942@group-58A987F56150-LeaderElection115] INFO  impl.RaftServerImpl (RaftServerImpl.java:setRole(184)) - 327657b1-60f8-49f2-b2a3-f63e1f934942@group-58A987F56150: changes role from CANDIDATE to FOLLOWER at term 126 for DISCOVERED_A_NEW_TERM
2019-10-18 14:58:14,420 [327657b1-60f8-49f2-b2a3-f63e1f934942@group-58A987F56150-LeaderElection115] INFO  impl.RoleInfo (RoleInfo.java:shutdownLeaderElection(134)) - 327657b1-60f8-49f2-b2a3-f63e1f934942: shutdown LeaderElection
2019-10-18 14:58:14,420 [327657b1-60f8-49f2-b2a3-f63e1f934942@group-58A987F56150-LeaderElection115] INFO  impl.RoleInfo (RoleInfo.java:updateAndGet(143)) - 327657b1-60f8-49f2-b2a3-f63e1f934942: start FollowerState
2019-10-18 14:58:14,454 [Thread-997] INFO  impl.FollowerState (FollowerState.java:run(108)) - 327657b1-60f8-49f2-b2a3-f63e1f934942@group-58A987F56150-FollowerState: change to CANDIDATE, lastRpcTime:34ms, electionTimeout:34ms
2019-10-18 14:58:14,455 [Thread-997] INFO  impl.RoleInfo (RoleInfo.java:shutdownFollowerState(121)) - 327657b1-60f8-49f2-b2a3-f63e1f934942: shutdown FollowerState
2019-10-18 14:58:14,455 [Thread-997] INFO  impl.RaftServerImpl (RaftServerImpl.java:setRole(184)) - 327657b1-60f8-49f2-b2a3-f63e1f934942@group-58A987F56150: changes role from  FOLLOWER to CANDIDATE at term 126 for changeToCandidate
2019-10-18 14:58:14,455 [Thread-997] INFO  impl.RoleInfo (RoleInfo.java:updateAndGet(143)) - 327657b1-60f8-49f2-b2a3-f63e1f934942: start LeaderElection
2019-10-18 14:58:14,468 [327657b1-60f8-49f2-b2a3-f63e1f934942@group-58A987F56150-LeaderElection116] INFO  impl.LeaderElection (LeaderElection.java:askForVotes(178)) - 327657b1-60f8-49f2-b2a3-f63e1f934942@group-58A987F56150-LeaderElection116: begin an election at term 127 for -1: [6605b8a5-570b-4977-9ee7-6aaf3012bed5:192.168.164.233:35223, 327657b1-60f8-49f2-b2a3-f63e1f934942:192.168.164.233:41966, ddd4789c-894d-475a-bbfb-f6e7aa670c92:192.168.164.233:41061], old=null
2019-10-18 14:58:14,470 [grpc-default-executor-1] INFO  impl.RaftServerImpl (RaftServerImpl.java:setRole(184)) - ddd4789c-894d-475a-bbfb-f6e7aa670c92@group-58A987F56150: changes role from  FOLLOWER to FOLLOWER at term 127 for recognizeCandidate:327657b1-60f8-49f2-b2a3-f63e1f934942
2019-10-18 14:58:14,470 [grpc-default-executor-1] INFO  impl.RoleInfo (RoleInfo.java:shutdownFollowerState(121)) - ddd4789c-894d-475a-bbfb-f6e7aa670c92: shutdown FollowerState
2019-10-18 14:58:14,470 [grpc-default-executor-5] INFO  impl.RaftServerImpl (RaftServerImpl.java:setRole(184)) - 6605b8a5-570b-4977-9ee7-6aaf3012bed5@group-58A987F56150: changes role from  FOLLOWER to FOLLOWER at term 127 for recognizeCandidate:327657b1-60f8-49f2-b2a3-f63e1f934942
2019-10-18 14:58:14,470 [Thread-995] INFO  impl.FollowerState (FollowerState.java:run(117)) - ddd4789c-894d-475a-bbfb-f6e7aa670c92@group-58A987F56150-FollowerState was interrupted: java.lang.InterruptedException: sleep interrupted
2019-10-18 14:58:14,470 [grpc-default-executor-1] INFO  impl.RoleInfo (RoleInfo.java:updateAndGet(143)) - ddd4789c-894d-475a-bbfb-f6e7aa670c92: start FollowerState
2019-10-18 14:58:14,470 [grpc-default-executor-5] INFO  impl.RoleInfo (RoleInfo.java:shutdownFollowerState(121)) - 6605b8a5-570b-4977-9ee7-6aaf3012bed5: shutdown FollowerState
2019-10-18 14:58:14,471 [grpc-default-executor-5] INFO  impl.RoleInfo (RoleInfo.java:updateAndGet(143)) - 6605b8a5-570b-4977-9ee7-6aaf3012bed5: start FollowerState
2019-10-18 14:58:14,471 [Thread-996] INFO  impl.FollowerState (FollowerState.java:run(117)) - 6605b8a5-570b-4977-9ee7-6aaf3012bed5@group-58A987F56150-FollowerState was interrupted: java.lang.InterruptedException: sleep interrupted
2019-10-18 14:58:14,474 [327657b1-60f8-49f2-b2a3-f63e1f934942@group-58A987F56150-LeaderElection116] INFO  impl.LeaderElection (LeaderElection.java:logAndReturn(56)) - 327657b1-60f8-49f2-b2a3-f63e1f934942@group-58A987F56150-LeaderElection116: Election TIMEOUT; received 0 response(s) [] and 0 exception(s); 327657b1-60f8-49f2-b2a3-f63e1f934942@group-58A987F56150:t127, leader=null, voted=327657b1-60f8-49f2-b2a3-f63e1f934942, raftlog=327657b1-60f8-49f2-b2a3-f63e1f934942@group-58A987F56150-SegmentedRaftLog:OPENED:c-1,f-1,i0, conf=-1: [6605b8a5-570b-4977-9ee7-6aaf3012bed5:192.168.164.233:35223, 327657b1-60f8-49f2-b2a3-f63e1f934942:192.168.164.233:41966, ddd4789c-894d-475a-bbfb-f6e7aa670c92:192.168.164.233:41061], old=null
2019-10-18 14:58:14,484 [327657b1-60f8-49f2-b2a3-f63e1f934942@group-58A987F56150-LeaderElection116] INFO  impl.LeaderElection (LeaderElection.java:askForVotes(178)) - 327657b1-60f8-49f2-b2a3-f63e1f934942@group-58A987F56150-LeaderElection116: begin an election at term 128 for -1: [6605b8a5-570b-4977-9ee7-6aaf3012bed5:192.168.164.233:35223, 327657b1-60f8-49f2-b2a3-f63e1f934942:192.168.164.233:41966, ddd4789c-894d-475a-bbfb-f6e7aa670c92:192.168.164.233:41061], old=null
2019-10-18 14:58:14,486 [grpc-default-executor-5] INFO  impl.RaftServerImpl (RaftServerImpl.java:setRole(184)) - ddd4789c-894d-475a-bbfb-f6e7aa670c92@group-58A987F56150: changes role from  FOLLOWER to FOLLOWER at term 128 for recognizeCandidate:327657b1-60f8-49f2-b2a3-f63e1f934942
2019-10-18 14:58:14,486 [grpc-default-executor-1] INFO  impl.RaftServerImpl (RaftServerImpl.java:setRole(184)) - 6605b8a5-570b-4977-9ee7-6aaf3012bed5@group-58A987F56150: changes role from  FOLLOWER to FOLLOWER at term 128 for recognizeCandidate:327657b1-60f8-49f2-b2a3-f63e1f934942
2019-10-18 14:58:14,486 [grpc-default-executor-1] INFO  impl.RoleInfo (RoleInfo.java:shutdownFollowerState(121)) - 6605b8a5-570b-4977-9ee7-6aaf3012bed5: shutdown FollowerState
2019-10-18 14:58:14,486 [grpc-default-executor-5] INFO  impl.RoleInfo (RoleInfo.java:shutdownFollowerState(121)) - ddd4789c-894d-475a-bbfb-f6e7aa670c92: shutdown FollowerState
2019-10-18 14:58:14,486 [Thread-1002] INFO  impl.FollowerState (FollowerState.java:run(117)) - 6605b8a5-570b-4977-9ee7-6aaf3012bed5@group-58A987F56150-FollowerState was interrupted: java.lang.InterruptedException: sleep interrupted
2019-10-18 14:58:14,487 [Thread-1001] INFO  impl.FollowerState (FollowerState.java:run(117)) - ddd4789c-894d-475a-bbfb-f6e7aa670c92@group-58A987F56150-FollowerState was interrupted: java.lang.InterruptedException: sleep interrupted
2019-10-18 14:58:14,486 [grpc-default-executor-1] INFO  impl.RoleInfo (RoleInfo.java:updateAndGet(143)) - 6605b8a5-570b-4977-9ee7-6aaf3012bed5: start FollowerState
2019-10-18 14:58:14,486 [grpc-default-executor-5] INFO  impl.RoleInfo (RoleInfo.java:updateAndGet(143)) - ddd4789c-894d-475a-bbfb-f6e7aa670c92: start FollowerState
2019-10-18 14:58:14,500 [327657b1-60f8-49f2-b2a3-f63e1f934942@group-58A987F56150-LeaderElection116] INFO  impl.LeaderElection (LeaderElection.java:logAndReturn(56)) - 327657b1-60f8-49f2-b2a3-f63e1f934942@group-58A987F56150-LeaderElection116: Election REJECTED; received 2 response(s) [327657b1-60f8-49f2-b2a3-f63e1f934942<-6605b8a5-570b-4977-9ee7-6aaf3012bed5#0:FAIL-t128, 327657b1-60f8-49f2-b2a3-f63e1f934942<-ddd4789c-894d-475a-bbfb-f6e7aa670c92#0:FAIL-t128] and 0 exception(s); 327657b1-60f8-49f2-b2a3-f63e1f934942@group-58A987F56150:t128, leader=null, voted=327657b1-60f8-49f2-b2a3-f63e1f934942, raftlog=327657b1-60f8-49f2-b2a3-f63e1f934942@group-58A987F56150-SegmentedRaftLog:OPENED:c-1,f-1,i0, conf=-1: [6605b8a5-570b-4977-9ee7-6aaf3012bed5:192.168.164.233:35223, 327657b1-60f8-49f2-b2a3-f63e1f934942:192.168.164.233:41966, ddd4789c-894d-475a-bbfb-f6e7aa670c92:192.168.164.233:41061], old=null
2019-10-18 14:58:14,500 [327657b1-60f8-49f2-b2a3-f63e1f934942@group-58A987F56150-LeaderElection116] INFO  impl.RaftServerImpl (RaftServerImpl.java:setRole(184)) - 327657b1-60f8-49f2-b2a3-f63e1f934942@group-58A987F56150: changes role from CANDIDATE to FOLLOWER at term 128 for DISCOVERED_A_NEW_TERM
2019-10-18 14:58:14,501 [327657b1-60f8-49f2-b2a3-f63e1f934942@group-58A987F56150-LeaderElection116] INFO  impl.RoleInfo (RoleInfo.java:shutdownLeaderElection(134)) - 327657b1-60f8-49f2-b2a3-f63e1f934942: shutdown LeaderElection
2019-10-18 14:58:14,501 [327657b1-60f8-49f2-b2a3-f63e1f934942@group-58A987F56150-LeaderElection116] INFO  impl.RoleInfo (RoleInfo.java:updateAndGet(143)) - 327657b1-60f8-49f2-b2a3-f63e1f934942: start FollowerState
2019-10-18 14:58:14,548 [Thread-1007] INFO  impl.FollowerState (FollowerState.java:run(108)) - 327657b1-60f8-49f2-b2a3-f63e1f934942@group-58A987F56150-FollowerState: change to CANDIDATE, lastRpcTime:47ms, electionTimeout:47ms
2019-10-18 14:58:14,549 [Thread-1007] INFO  impl.RoleInfo (RoleInfo.java:shutdownFollowerState(121)) - 327657b1-60f8-49f2-b2a3-f63e1f934942: shutdown FollowerState
2019-10-18 14:58:14,550 [Thread-1007] INFO  impl.RaftServerImpl (RaftServerImpl.java:setRole(184)) - 327657b1-60f8-49f2-b2a3-f63e1f934942@group-58A987F56150: changes role from  FOLLOWER to CANDIDATE at term 128 for changeToCandidate
2019-10-18 14:58:14,550 [Thread-1007] INFO  impl.RoleInfo (RoleInfo.java:updateAndGet(143)) - 327657b1-60f8-49f2-b2a3-f63e1f934942: start LeaderElection
2019-10-18 14:58:14,564 [327657b1-60f8-49f2-b2a3-f63e1f934942@group-58A987F56150-LeaderElection117] INFO  impl.LeaderElection (LeaderElection.java:askForVotes(178)) - 327657b1-60f8-49f2-b2a3-f63e1f934942@group-58A987F56150-LeaderElection117: begin an election at term 129 for -1: [6605b8a5-570b-4977-9ee7-6aaf3012bed5:192.168.164.233:35223, 327657b1-60f8-49f2-b2a3-f63e1f934942:192.168.164.233:41966, ddd4789c-894d-475a-bbfb-f6e7aa670c92:192.168.164.233:41061], old=null
2019-10-18 14:58:14,569 [grpc-default-executor-1] INFO  impl.RaftServerImpl (RaftServerImpl.java:setRole(184)) - ddd4789c-894d-475a-bbfb-f6e7aa670c92@group-58A987F56150: changes role from  FOLLOWER to FOLLOWER at term 129 for recognizeCandidate:327657b1-60f8-49f2-b2a3-f63e1f934942
2019-10-18 14:58:14,569 [grpc-default-executor-5] INFO  impl.RaftServerImpl (RaftServerImpl.java:setRole(184)) - 6605b8a5-570b-4977-9ee7-6aaf3012bed5@group-58A987F56150: changes role from  FOLLOWER to FOLLOWER at term 129 for recognizeCandidate:327657b1-60f8-49f2-b2a3-f63e1f934942
2019-10-18 14:58:14,569 [grpc-default-executor-1] INFO  impl.RoleInfo (RoleInfo.java:shutdownFollowerState(121)) - ddd4789c-894d-475a-bbfb-f6e7aa670c92: shutdown FollowerState
2019-10-18 14:58:14,569 [grpc-default-executor-5] INFO  impl.RoleInfo (RoleInfo.java:shutdownFollowerState(121)) - 6605b8a5-570b-4977-9ee7-6aaf3012bed5: shutdown FollowerState
2019-10-18 14:58:14,569 [grpc-default-executor-1] INFO  impl.RoleInfo (RoleInfo.java:updateAndGet(143)) - ddd4789c-894d-475a-bbfb-f6e7aa670c92: start FollowerState
2019-10-18 14:58:14,570 [Thread-1006] INFO  impl.FollowerState (FollowerState.java:run(117)) - ddd4789c-894d-475a-bbfb-f6e7aa670c92@group-58A987F56150-FollowerState was interrupted: java.lang.InterruptedException: sleep interrupted
2019-10-18 14:58:14,570 [grpc-default-executor-5] INFO  impl.RoleInfo (RoleInfo.java:updateAndGet(143)) - 6605b8a5-570b-4977-9ee7-6aaf3012bed5: start FollowerState
2019-10-18 14:58:14,570 [Thread-1005] INFO  impl.FollowerState (FollowerState.java:run(117)) - 6605b8a5-570b-4977-9ee7-6aaf3012bed5@group-58A987F56150-FollowerState was interrupted: java.lang.InterruptedException: sleep interrupted
2019-10-18 14:58:14,595 [327657b1-60f8-49f2-b2a3-f63e1f934942@group-58A987F56150-LeaderElection117] INFO  impl.LeaderElection (LeaderElection.java:logAndReturn(56)) - 327657b1-60f8-49f2-b2a3-f63e1f934942@group-58A987F56150-LeaderElection117: Election REJECTED; received 2 response(s) [327657b1-60f8-49f2-b2a3-f63e1f934942<-6605b8a5-570b-4977-9ee7-6aaf3012bed5#0:FAIL-t129, 327657b1-60f8-49f2-b2a3-f63e1f934942<-ddd4789c-894d-475a-bbfb-f6e7aa670c92#0:FAIL-t129] and 0 exception(s); 327657b1-60f8-49f2-b2a3-f63e1f934942@group-58A987F56150:t129, leader=null, voted=327657b1-60f8-49f2-b2a3-f63e1f934942, raftlog=327657b1-60f8-49f2-b2a3-f63e1f934942@group-58A987F56150-SegmentedRaftLog:OPENED:c-1,f-1,i0, conf=-1: [6605b8a5-570b-4977-9ee7-6aaf3012bed5:192.168.164.233:35223, 327657b1-60f8-49f2-b2a3-f63e1f934942:192.168.164.233:41966, ddd4789c-894d-475a-bbfb-f6e7aa670c92:192.168.164.233:41061], old=null
2019-10-18 14:58:14,595 [327657b1-60f8-49f2-b2a3-f63e1f934942@group-58A987F56150-LeaderElection117] INFO  impl.RaftServerImpl (RaftServerImpl.java:setRole(184)) - 327657b1-60f8-49f2-b2a3-f63e1f934942@group-58A987F56150: changes role from CANDIDATE to FOLLOWER at term 129 for DISCOVERED_A_NEW_TERM
2019-10-18 14:58:14,595 [327657b1-60f8-49f2-b2a3-f63e1f934942@group-58A987F56150-LeaderElection117] INFO  impl.RoleInfo (RoleInfo.java:shutdownLeaderElection(134)) - 327657b1-60f8-49f2-b2a3-f63e1f934942: shutdown LeaderElection
2019-10-18 14:58:14,595 [327657b1-60f8-49f2-b2a3-f63e1f934942@group-58A987F56150-LeaderElection117] INFO  impl.RoleInfo (RoleInfo.java:updateAndGet(143)) - 327657b1-60f8-49f2-b2a3-f63e1f934942: start FollowerState
2019-10-18 14:58:14,793 [Thread-1013] INFO  impl.FollowerState (FollowerState.java:run(108)) - 327657b1-60f8-49f2-b2a3-f63e1f934942@group-58A987F56150-FollowerState: change to CANDIDATE, lastRpcTime:197ms, electionTimeout:197ms
2019-10-18 14:58:14,793 [Thread-1013] INFO  impl.RoleInfo (RoleInfo.java:shutdownFollowerState(121)) - 327657b1-60f8-49f2-b2a3-f63e1f934942: shutdown FollowerState
2019-10-18 14:58:14,793 [Thread-1013] INFO  impl.RaftServerImpl (RaftServerImpl.java:setRole(184)) - 327657b1-60f8-49f2-b2a3-f63e1f934942@group-58A987F56150: changes role from  FOLLOWER to CANDIDATE at term 129 for changeToCandidate
2019-10-18 14:58:14,793 [Thread-1013] INFO  impl.RoleInfo (RoleInfo.java:updateAndGet(143)) - 327657b1-60f8-49f2-b2a3-f63e1f934942: start LeaderElection
2019-10-18 14:58:14,819 [327657b1-60f8-49f2-b2a3-f63e1f934942@group-58A987F56150-LeaderElection118] INFO  impl.LeaderElection (LeaderElection.java:askForVotes(178)) - 327657b1-60f8-49f2-b2a3-f63e1f934942@group-58A987F56150-LeaderElection118: begin an election at term 130 for -1: [6605b8a5-570b-4977-9ee7-6aaf3012bed5:192.168.164.233:35223, 327657b1-60f8-49f2-b2a3-f63e1f934942:192.168.164.233:41966, ddd4789c-894d-475a-bbfb-f6e7aa670c92:192.168.164.233:41061], old=null
2019-10-18 14:58:14,821 [grpc-default-executor-1] INFO  impl.RaftServerImpl (RaftServerImpl.java:setRole(184)) - 6605b8a5-570b-4977-9ee7-6aaf3012bed5@group-58A987F56150: changes role from  FOLLOWER to FOLLOWER at term 130 for recognizeCandidate:327657b1-60f8-49f2-b2a3-f63e1f934942
2019-10-18 14:58:14,821 [grpc-default-executor-5] INFO  impl.RaftServerImpl (RaftServerImpl.java:setRole(184)) - ddd4789c-894d-475a-bbfb-f6e7aa670c92@group-58A987F56150: changes role from  FOLLOWER to FOLLOWER at term 130 for recognizeCandidate:327657b1-60f8-49f2-b2a3-f63e1f934942
2019-10-18 14:58:14,822 [grpc-default-executor-1] INFO  impl.RoleInfo (RoleInfo.java:shutdownFollowerState(121)) - 6605b8a5-570b-4977-9ee7-6aaf3012bed5: shutdown FollowerState
2019-10-18 14:58:14,822 [grpc-default-executor-5] INFO  impl.RoleInfo (RoleInfo.java:shutdownFollowerState(121)) - ddd4789c-894d-475a-bbfb-f6e7aa670c92: shutdown FollowerState
2019-10-18 14:58:14,822 [grpc-default-executor-1] INFO  impl.RoleInfo (RoleInfo.java:updateAndGet(143)) - 6605b8a5-570b-4977-9ee7-6aaf3012bed5: start FollowerState
2019-10-18 14:58:14,822 [Thread-1012] INFO  impl.FollowerState (FollowerState.java:run(117)) - 6605b8a5-570b-4977-9ee7-6aaf3012bed5@group-58A987F56150-FollowerState was interrupted: java.lang.InterruptedException: sleep interrupted
2019-10-18 14:58:14,822 [grpc-default-executor-5] INFO  impl.RoleInfo (RoleInfo.java:updateAndGet(143)) - ddd4789c-894d-475a-bbfb-f6e7aa670c92: start FollowerState
2019-10-18 14:58:14,822 [Thread-1011] INFO  impl.FollowerState (FollowerState.java:run(117)) - ddd4789c-894d-475a-bbfb-f6e7aa670c92@group-58A987F56150-FollowerState was interrupted: java.lang.InterruptedException: sleep interrupted
2019-10-18 14:58:14,842 [327657b1-60f8-49f2-b2a3-f63e1f934942@group-58A987F56150-LeaderElection118] INFO  impl.LeaderElection (LeaderElection.java:logAndReturn(56)) - 327657b1-60f8-49f2-b2a3-f63e1f934942@group-58A987F56150-LeaderElection118: Election REJECTED; received 2 response(s) [327657b1-60f8-49f2-b2a3-f63e1f934942<-6605b8a5-570b-4977-9ee7-6aaf3012bed5#0:FAIL-t130, 327657b1-60f8-49f2-b2a3-f63e1f934942<-ddd4789c-894d-475a-bbfb-f6e7aa670c92#0:FAIL-t130] and 0 exception(s); 327657b1-60f8-49f2-b2a3-f63e1f934942@group-58A987F56150:t130, leader=null, voted=327657b1-60f8-49f2-b2a3-f63e1f934942, raftlog=327657b1-60f8-49f2-b2a3-f63e1f934942@group-58A987F56150-SegmentedRaftLog:OPENED:c-1,f-1,i0, conf=-1: [6605b8a5-570b-4977-9ee7-6aaf3012bed5:192.168.164.233:35223, 327657b1-60f8-49f2-b2a3-f63e1f934942:192.168.164.233:41966, ddd4789c-894d-475a-bbfb-f6e7aa670c92:192.168.164.233:41061], old=null
2019-10-18 14:58:14,842 [327657b1-60f8-49f2-b2a3-f63e1f934942@group-58A987F56150-LeaderElection118] INFO  impl.RaftServerImpl (RaftServerImpl.java:setRole(184)) - 327657b1-60f8-49f2-b2a3-f63e1f934942@group-58A987F56150: changes role from CANDIDATE to FOLLOWER at term 130 for DISCOVERED_A_NEW_TERM
2019-10-18 14:58:14,842 [327657b1-60f8-49f2-b2a3-f63e1f934942@group-58A987F56150-LeaderElection118] INFO  impl.RoleInfo (RoleInfo.java:shutdownLeaderElection(134)) - 327657b1-60f8-49f2-b2a3-f63e1f934942: shutdown LeaderElection
2019-10-18 14:58:14,843 [327657b1-60f8-49f2-b2a3-f63e1f934942@group-58A987F56150-LeaderElection118] INFO  impl.RoleInfo (RoleInfo.java:updateAndGet(143)) - 327657b1-60f8-49f2-b2a3-f63e1f934942: start FollowerState
2019-10-18 14:58:14,931 [Thread-1021] INFO  impl.FollowerState (FollowerState.java:run(108)) - 327657b1-60f8-49f2-b2a3-f63e1f934942@group-58A987F56150-FollowerState: change to CANDIDATE, lastRpcTime:88ms, electionTimeout:88ms
2019-10-18 14:58:14,931 [Thread-1021] INFO  impl.RoleInfo (RoleInfo.java:shutdownFollowerState(121)) - 327657b1-60f8-49f2-b2a3-f63e1f934942: shutdown FollowerState
2019-10-18 14:58:14,931 [Thread-1021] INFO  impl.RaftServerImpl (RaftServerImpl.java:setRole(184)) - 327657b1-60f8-49f2-b2a3-f63e1f934942@group-58A987F56150: changes role from  FOLLOWER to CANDIDATE at term 130 for changeToCandidate
2019-10-18 14:58:14,932 [Thread-1021] INFO  impl.RoleInfo (RoleInfo.java:updateAndGet(143)) - 327657b1-60f8-49f2-b2a3-f63e1f934942: start LeaderElection
2019-10-18 14:58:14,947 [327657b1-60f8-49f2-b2a3-f63e1f934942@group-58A987F56150-LeaderElection119] INFO  impl.LeaderElection (LeaderElection.java:askForVotes(178)) - 327657b1-60f8-49f2-b2a3-f63e1f934942@group-58A987F56150-LeaderElection119: begin an election at term 131 for -1: [6605b8a5-570b-4977-9ee7-6aaf3012bed5:192.168.164.233:35223, 327657b1-60f8-49f2-b2a3-f63e1f934942:192.168.164.233:41966, ddd4789c-894d-475a-bbfb-f6e7aa670c92:192.168.164.233:41061], old=null
2019-10-18 14:58:14,949 [grpc-default-executor-1] INFO  impl.RaftServerImpl (RaftServerImpl.java:setRole(184)) - 6605b8a5-570b-4977-9ee7-6aaf3012bed5@group-58A987F56150: changes role from  FOLLOWER to FOLLOWER at term 131 for recognizeCandidate:327657b1-60f8-49f2-b2a3-f63e1f934942
2019-10-18 14:58:14,949 [grpc-default-executor-1] INFO  impl.RoleInfo (RoleInfo.java:shutdownFollowerState(121)) - 6605b8a5-570b-4977-9ee7-6aaf3012bed5: shutdown FollowerState
2019-10-18 14:58:14,949 [grpc-default-executor-5] INFO  impl.RaftServerImpl (RaftServerImpl.java:setRole(184)) - ddd4789c-894d-475a-bbfb-f6e7aa670c92@group-58A987F56150: changes role from  FOLLOWER to FOLLOWER at term 131 for recognizeCandidate:327657b1-60f8-49f2-b2a3-f63e1f934942
2019-10-18 14:58:14,950 [grpc-default-executor-5] INFO  impl.RoleInfo (RoleInfo.java:shutdownFollowerState(121)) - ddd4789c-894d-475a-bbfb-f6e7aa670c92: shutdown FollowerState
2019-10-18 14:58:14,950 [Thread-1019] INFO  impl.FollowerState (FollowerState.java:run(117)) - 6605b8a5-570b-4977-9ee7-6aaf3012bed5@group-58A987F56150-FollowerState was interrupted: java.lang.InterruptedException: sleep interrupted
2019-10-18 14:58:14,949 [grpc-default-executor-1] INFO  impl.RoleInfo (RoleInfo.java:updateAndGet(143)) - 6605b8a5-570b-4977-9ee7-6aaf3012bed5: start FollowerState
2019-10-18 14:58:14,950 [Thread-1020] INFO  impl.FollowerState (FollowerState.java:run(117)) - ddd4789c-894d-475a-bbfb-f6e7aa670c92@group-58A987F56150-FollowerState was interrupted: java.lang.InterruptedException: sleep interrupted
2019-10-18 14:58:14,950 [grpc-default-executor-5] INFO  impl.RoleInfo (RoleInfo.java:updateAndGet(143)) - ddd4789c-894d-475a-bbfb-f6e7aa670c92: start FollowerState
2019-10-18 14:58:14,958 [327657b1-60f8-49f2-b2a3-f63e1f934942@group-58A987F56150-LeaderElection119] INFO  impl.LeaderElection (LeaderElection.java:logAndReturn(56)) - 327657b1-60f8-49f2-b2a3-f63e1f934942@group-58A987F56150-LeaderElection119: Election TIMEOUT; received 0 response(s) [] and 0 exception(s); 327657b1-60f8-49f2-b2a3-f63e1f934942@group-58A987F56150:t131, leader=null, voted=327657b1-60f8-49f2-b2a3-f63e1f934942, raftlog=327657b1-60f8-49f2-b2a3-f63e1f934942@group-58A987F56150-SegmentedRaftLog:OPENED:c-1,f-1,i0, conf=-1: [6605b8a5-570b-4977-9ee7-6aaf3012bed5:192.168.164.233:35223, 327657b1-60f8-49f2-b2a3-f63e1f934942:192.168.164.233:41966, ddd4789c-894d-475a-bbfb-f6e7aa670c92:192.168.164.233:41061], old=null
2019-10-18 14:58:14,965 [327657b1-60f8-49f2-b2a3-f63e1f934942@group-58A987F56150-LeaderElection119] INFO  impl.LeaderElection (LeaderElection.java:askForVotes(178)) - 327657b1-60f8-49f2-b2a3-f63e1f934942@group-58A987F56150-LeaderElection119: begin an election at term 132 for -1: [6605b8a5-570b-4977-9ee7-6aaf3012bed5:192.168.164.233:35223, 327657b1-60f8-49f2-b2a3-f63e1f934942:192.168.164.233:41966, ddd4789c-894d-475a-bbfb-f6e7aa670c92:192.168.164.233:41061], old=null
2019-10-18 14:58:14,967 [grpc-default-executor-5] INFO  impl.RaftServerImpl (RaftServerImpl.java:setRole(184)) - 6605b8a5-570b-4977-9ee7-6aaf3012bed5@group-58A987F56150: changes role from  FOLLOWER to FOLLOWER at term 132 for recognizeCandidate:327657b1-60f8-49f2-b2a3-f63e1f934942
2019-10-18 14:58:14,967 [grpc-default-executor-5] INFO  impl.RoleInfo (RoleInfo.java:shutdownFollowerState(121)) - 6605b8a5-570b-4977-9ee7-6aaf3012bed5: shutdown FollowerState
2019-10-18 14:58:14,967 [grpc-default-executor-5] INFO  impl.RoleInfo (RoleInfo.java:updateAndGet(143)) - 6605b8a5-570b-4977-9ee7-6aaf3012bed5: start FollowerState
2019-10-18 14:58:14,967 [grpc-default-executor-1] INFO  impl.RaftServerImpl (RaftServerImpl.java:setRole(184)) - ddd4789c-894d-475a-bbfb-f6e7aa670c92@group-58A987F56150: changes role from  FOLLOWER to FOLLOWER at term 132 for recognizeCandidate:327657b1-60f8-49f2-b2a3-f63e1f934942
2019-10-18 14:58:14,968 [grpc-default-executor-1] INFO  impl.RoleInfo (RoleInfo.java:shutdownFollowerState(121)) - ddd4789c-894d-475a-bbfb-f6e7aa670c92: shutdown FollowerState
2019-10-18 14:58:14,967 [Thread-1025] INFO  impl.FollowerState (FollowerState.java:run(117)) - 6605b8a5-570b-4977-9ee7-6aaf3012bed5@group-58A987F56150-FollowerState was interrupted: java.lang.InterruptedException: sleep interrupted
2019-10-18 14:58:14,968 [grpc-default-executor-1] INFO  impl.RoleInfo (RoleInfo.java:updateAndGet(143)) - ddd4789c-894d-475a-bbfb-f6e7aa670c92: start FollowerState
2019-10-18 14:58:14,968 [Thread-1026] INFO  impl.FollowerState (FollowerState.java:run(117)) - ddd4789c-894d-475a-bbfb-f6e7aa670c92@group-58A987F56150-FollowerState was interrupted: java.lang.InterruptedException: sleep interrupted
2019-10-18 14:58:14,994 [327657b1-60f8-49f2-b2a3-f63e1f934942@group-58A987F56150-LeaderElection119] INFO  impl.LeaderElection (LeaderElection.java:logAndReturn(56)) - 327657b1-60f8-49f2-b2a3-f63e1f934942@group-58A987F56150-LeaderElection119: Election REJECTED; received 2 response(s) [327657b1-60f8-49f2-b2a3-f63e1f934942<-6605b8a5-570b-4977-9ee7-6aaf3012bed5#0:FAIL-t132, 327657b1-60f8-49f2-b2a3-f63e1f934942<-ddd4789c-894d-475a-bbfb-f6e7aa670c92#0:FAIL-t132] and 0 exception(s); 327657b1-60f8-49f2-b2a3-f63e1f934942@group-58A987F56150:t132, leader=null, voted=327657b1-60f8-49f2-b2a3-f63e1f934942, raftlog=327657b1-60f8-49f2-b2a3-f63e1f934942@group-58A987F56150-SegmentedRaftLog:OPENED:c-1,f-1,i0, conf=-1: [6605b8a5-570b-4977-9ee7-6aaf3012bed5:192.168.164.233:35223, 327657b1-60f8-49f2-b2a3-f63e1f934942:192.168.164.233:41966, ddd4789c-894d-475a-bbfb-f6e7aa670c92:192.168.164.233:41061], old=null
2019-10-18 14:58:14,994 [327657b1-60f8-49f2-b2a3-f63e1f934942@group-58A987F56150-LeaderElection119] INFO  impl.RaftServerImpl (RaftServerImpl.java:setRole(184)) - 327657b1-60f8-49f2-b2a3-f63e1f934942@group-58A987F56150: changes role from CANDIDATE to FOLLOWER at term 132 for DISCOVERED_A_NEW_TERM
2019-10-18 14:58:14,994 [327657b1-60f8-49f2-b2a3-f63e1f934942@group-58A987F56150-LeaderElection119] INFO  impl.RoleInfo (RoleInfo.java:shutdownLeaderElection(134)) - 327657b1-60f8-49f2-b2a3-f63e1f934942: shutdown LeaderElection
2019-10-18 14:58:14,994 [327657b1-60f8-49f2-b2a3-f63e1f934942@group-58A987F56150-LeaderElection119] INFO  impl.RoleInfo (RoleInfo.java:updateAndGet(143)) - 327657b1-60f8-49f2-b2a3-f63e1f934942: start FollowerState
2019-10-18 14:58:15,053 [Thread-1031] INFO  impl.FollowerState (FollowerState.java:run(108)) - 327657b1-60f8-49f2-b2a3-f63e1f934942@group-58A987F56150-FollowerState: change to CANDIDATE, lastRpcTime:58ms, electionTimeout:58ms
2019-10-18 14:58:15,053 [Thread-1031] INFO  impl.RoleInfo (RoleInfo.java:shutdownFollowerState(121)) - 327657b1-60f8-49f2-b2a3-f63e1f934942: shutdown FollowerState
2019-10-18 14:58:15,053 [Thread-1031] INFO  impl.RaftServerImpl (RaftServerImpl.java:setRole(184)) - 327657b1-60f8-49f2-b2a3-f63e1f934942@group-58A987F56150: changes role from  FOLLOWER to CANDIDATE at term 132 for changeToCandidate
2019-10-18 14:58:15,053 [Thread-1031] INFO  impl.RoleInfo (RoleInfo.java:updateAndGet(143)) - 327657b1-60f8-49f2-b2a3-f63e1f934942: start LeaderElection
2019-10-18 14:58:15,066 [327657b1-60f8-49f2-b2a3-f63e1f934942@group-58A987F56150-LeaderElection120] INFO  impl.LeaderElection (LeaderElection.java:askForVotes(178)) - 327657b1-60f8-49f2-b2a3-f63e1f934942@group-58A987F56150-LeaderElection120: begin an election at term 133 for -1: [6605b8a5-570b-4977-9ee7-6aaf3012bed5:192.168.164.233:35223, 327657b1-60f8-49f2-b2a3-f63e1f934942:192.168.164.233:41966, ddd4789c-894d-475a-bbfb-f6e7aa670c92:192.168.164.233:41061], old=null
2019-10-18 14:58:15,068 [grpc-default-executor-1] INFO  impl.RaftServerImpl (RaftServerImpl.java:setRole(184)) - 6605b8a5-570b-4977-9ee7-6aaf3012bed5@group-58A987F56150: changes role from  FOLLOWER to FOLLOWER at term 133 for recognizeCandidate:327657b1-60f8-49f2-b2a3-f63e1f934942
2019-10-18 14:58:15,068 [grpc-default-executor-1] INFO  impl.RoleInfo (RoleInfo.java:shutdownFollowerState(121)) - 6605b8a5-570b-4977-9ee7-6aaf3012bed5: shutdown FollowerState
2019-10-18 14:58:15,068 [grpc-default-executor-5] INFO  impl.RaftServerImpl (RaftServerImpl.java:setRole(184)) - ddd4789c-894d-475a-bbfb-f6e7aa670c92@group-58A987F56150: changes role from  FOLLOWER to FOLLOWER at term 133 for recognizeCandidate:327657b1-60f8-49f2-b2a3-f63e1f934942
2019-10-18 14:58:15,069 [Thread-1029] INFO  impl.FollowerState (FollowerState.java:run(117)) - 6605b8a5-570b-4977-9ee7-6aaf3012bed5@group-58A987F56150-FollowerState was interrupted: java.lang.InterruptedException: sleep interrupted
2019-10-18 14:58:15,068 [grpc-default-executor-1] INFO  impl.RoleInfo (RoleInfo.java:updateAndGet(143)) - 6605b8a5-570b-4977-9ee7-6aaf3012bed5: start FollowerState
2019-10-18 14:58:15,069 [grpc-default-executor-5] INFO  impl.RoleInfo (RoleInfo.java:shutdownFollowerState(121)) - ddd4789c-894d-475a-bbfb-f6e7aa670c92: shutdown FollowerState
2019-10-18 14:58:15,069 [grpc-default-executor-5] INFO  impl.RoleInfo (RoleInfo.java:updateAndGet(143)) - ddd4789c-894d-475a-bbfb-f6e7aa670c92: start FollowerState
2019-10-18 14:58:15,069 [Thread-1030] INFO  impl.FollowerState (FollowerState.java:run(117)) - ddd4789c-894d-475a-bbfb-f6e7aa670c92@group-58A987F56150-FollowerState was interrupted: java.lang.InterruptedException: sleep interrupted
2019-10-18 14:58:15,099 [327657b1-60f8-49f2-b2a3-f63e1f934942@group-58A987F56150-LeaderElection120] INFO  impl.LeaderElection (LeaderElection.java:logAndReturn(56)) - 327657b1-60f8-49f2-b2a3-f63e1f934942@group-58A987F56150-LeaderElection120: Election REJECTED; received 2 response(s) [327657b1-60f8-49f2-b2a3-f63e1f934942<-6605b8a5-570b-4977-9ee7-6aaf3012bed5#0:FAIL-t133, 327657b1-60f8-49f2-b2a3-f63e1f934942<-ddd4789c-894d-475a-bbfb-f6e7aa670c92#0:FAIL-t133] and 0 exception(s); 327657b1-60f8-49f2-b2a3-f63e1f934942@group-58A987F56150:t133, leader=null, voted=327657b1-60f8-49f2-b2a3-f63e1f934942, raftlog=327657b1-60f8-49f2-b2a3-f63e1f934942@group-58A987F56150-SegmentedRaftLog:OPENED:c-1,f-1,i0, conf=-1: [6605b8a5-570b-4977-9ee7-6aaf3012bed5:192.168.164.233:35223, 327657b1-60f8-49f2-b2a3-f63e1f934942:192.168.164.233:41966, ddd4789c-894d-475a-bbfb-f6e7aa670c92:192.168.164.233:41061], old=null
2019-10-18 14:58:15,099 [327657b1-60f8-49f2-b2a3-f63e1f934942@group-58A987F56150-LeaderElection120] INFO  impl.RaftServerImpl (RaftServerImpl.java:setRole(184)) - 327657b1-60f8-49f2-b2a3-f63e1f934942@group-58A987F56150: changes role from CANDIDATE to FOLLOWER at term 133 for DISCOVERED_A_NEW_TERM
2019-10-18 14:58:15,099 [327657b1-60f8-49f2-b2a3-f63e1f934942@group-58A987F56150-LeaderElection120] INFO  impl.RoleInfo (RoleInfo.java:shutdownLeaderElection(134)) - 327657b1-60f8-49f2-b2a3-f63e1f934942: shutdown LeaderElection
2019-10-18 14:58:15,099 [327657b1-60f8-49f2-b2a3-f63e1f934942@group-58A987F56150-LeaderElection120] INFO  impl.RoleInfo (RoleInfo.java:updateAndGet(143)) - 327657b1-60f8-49f2-b2a3-f63e1f934942: start FollowerState
2019-10-18 14:58:15,296 [Thread-1037] INFO  impl.FollowerState (FollowerState.java:run(108)) - 327657b1-60f8-49f2-b2a3-f63e1f934942@group-58A987F56150-FollowerState: change to CANDIDATE, lastRpcTime:197ms, electionTimeout:197ms
2019-10-18 14:58:15,297 [Thread-1037] INFO  impl.RoleInfo (RoleInfo.java:shutdownFollowerState(121)) - 327657b1-60f8-49f2-b2a3-f63e1f934942: shutdown FollowerState
2019-10-18 14:58:15,297 [Thread-1037] INFO  impl.RaftServerImpl (RaftServerImpl.java:setRole(184)) - 327657b1-60f8-49f2-b2a3-f63e1f934942@group-58A987F56150: changes role from  FOLLOWER to CANDIDATE at term 133 for changeToCandidate
2019-10-18 14:58:15,297 [Thread-1037] INFO  impl.RoleInfo (RoleInfo.java:updateAndGet(143)) - 327657b1-60f8-49f2-b2a3-f63e1f934942: start LeaderElection
2019-10-18 14:58:15,312 [327657b1-60f8-49f2-b2a3-f63e1f934942@group-58A987F56150-LeaderElection121] INFO  impl.LeaderElection (LeaderElection.java:askForVotes(178)) - 327657b1-60f8-49f2-b2a3-f63e1f934942@group-58A987F56150-LeaderElection121: begin an election at term 134 for -1: [6605b8a5-570b-4977-9ee7-6aaf3012bed5:192.168.164.233:35223, 327657b1-60f8-49f2-b2a3-f63e1f934942:192.168.164.233:41966, ddd4789c-894d-475a-bbfb-f6e7aa670c92:192.168.164.233:41061], old=null
2019-10-18 14:58:15,314 [grpc-default-executor-1] INFO  impl.RaftServerImpl (RaftServerImpl.java:setRole(184)) - ddd4789c-894d-475a-bbfb-f6e7aa670c92@group-58A987F56150: changes role from  FOLLOWER to FOLLOWER at term 134 for recognizeCandidate:327657b1-60f8-49f2-b2a3-f63e1f934942
2019-10-18 14:58:15,314 [grpc-default-executor-5] INFO  impl.RaftServerImpl (RaftServerImpl.java:setRole(184)) - 6605b8a5-570b-4977-9ee7-6aaf3012bed5@group-58A987F56150: changes role from  FOLLOWER to FOLLOWER at term 134 for recognizeCandidate:327657b1-60f8-49f2-b2a3-f63e1f934942
2019-10-18 14:58:15,315 [grpc-default-executor-1] INFO  impl.RoleInfo (RoleInfo.java:shutdownFollowerState(121)) - ddd4789c-894d-475a-bbfb-f6e7aa670c92: shutdown FollowerState
2019-10-18 14:58:15,315 [grpc-default-executor-5] INFO  impl.RoleInfo (RoleInfo.java:shutdownFollowerState(121)) - 6605b8a5-570b-4977-9ee7-6aaf3012bed5: shutdown FollowerState
2019-10-18 14:58:15,315 [Thread-1036] INFO  impl.FollowerState (FollowerState.java:run(117)) - ddd4789c-894d-475a-bbfb-f6e7aa670c92@group-58A987F56150-FollowerState was interrupted: java.lang.InterruptedException: sleep interrupted
2019-10-18 14:58:15,315 [grpc-default-executor-1] INFO  impl.RoleInfo (RoleInfo.java:updateAndGet(143)) - ddd4789c-894d-475a-bbfb-f6e7aa670c92: start FollowerState
2019-10-18 14:58:15,315 [Thread-1035] INFO  impl.FollowerState (FollowerState.java:run(117)) - 6605b8a5-570b-4977-9ee7-6aaf3012bed5@group-58A987F56150-FollowerState was interrupted: java.lang.InterruptedException: sleep interrupted
2019-10-18 14:58:15,315 [grpc-default-executor-5] INFO  impl.RoleInfo (RoleInfo.java:updateAndGet(143)) - 6605b8a5-570b-4977-9ee7-6aaf3012bed5: start FollowerState
2019-10-18 14:58:15,342 [327657b1-60f8-49f2-b2a3-f63e1f934942@group-58A987F56150-LeaderElection121] INFO  impl.LeaderElection (LeaderElection.java:logAndReturn(56)) - 327657b1-60f8-49f2-b2a3-f63e1f934942@group-58A987F56150-LeaderElection121: Election REJECTED; received 2 response(s) [327657b1-60f8-49f2-b2a3-f63e1f934942<-6605b8a5-570b-4977-9ee7-6aaf3012bed5#0:FAIL-t134, 327657b1-60f8-49f2-b2a3-f63e1f934942<-ddd4789c-894d-475a-bbfb-f6e7aa670c92#0:FAIL-t134] and 0 exception(s); 327657b1-60f8-49f2-b2a3-f63e1f934942@group-58A987F56150:t134, leader=null, voted=327657b1-60f8-49f2-b2a3-f63e1f934942, raftlog=327657b1-60f8-49f2-b2a3-f63e1f934942@group-58A987F56150-SegmentedRaftLog:OPENED:c-1,f-1,i0, conf=-1: [6605b8a5-570b-4977-9ee7-6aaf3012bed5:192.168.164.233:35223, 327657b1-60f8-49f2-b2a3-f63e1f934942:192.168.164.233:41966, ddd4789c-894d-475a-bbfb-f6e7aa670c92:192.168.164.233:41061], old=null
2019-10-18 14:58:15,342 [327657b1-60f8-49f2-b2a3-f63e1f934942@group-58A987F56150-LeaderElection121] INFO  impl.RaftServerImpl (RaftServerImpl.java:setRole(184)) - 327657b1-60f8-49f2-b2a3-f63e1f934942@group-58A987F56150: changes role from CANDIDATE to FOLLOWER at term 134 for DISCOVERED_A_NEW_TERM
2019-10-18 14:58:15,342 [327657b1-60f8-49f2-b2a3-f63e1f934942@group-58A987F56150-LeaderElection121] INFO  impl.RoleInfo (RoleInfo.java:shutdownLeaderElection(134)) - 327657b1-60f8-49f2-b2a3-f63e1f934942: shutdown LeaderElection
2019-10-18 14:58:15,342 [327657b1-60f8-49f2-b2a3-f63e1f934942@group-58A987F56150-LeaderElection121] INFO  impl.RoleInfo (RoleInfo.java:updateAndGet(143)) - 327657b1-60f8-49f2-b2a3-f63e1f934942: start FollowerState
2019-10-18 14:58:15,509 [Thread-1043] INFO  impl.FollowerState (FollowerState.java:run(108)) - 327657b1-60f8-49f2-b2a3-f63e1f934942@group-58A987F56150-FollowerState: change to CANDIDATE, lastRpcTime:166ms, electionTimeout:166ms
2019-10-18 14:58:15,509 [Thread-1043] INFO  impl.RoleInfo (RoleInfo.java:shutdownFollowerState(121)) - 327657b1-60f8-49f2-b2a3-f63e1f934942: shutdown FollowerState
2019-10-18 14:58:15,509 [Thread-1043] INFO  impl.RaftServerImpl (RaftServerImpl.java:setRole(184)) - 327657b1-60f8-49f2-b2a3-f63e1f934942@group-58A987F56150: changes role from  FOLLOWER to CANDIDATE at term 134 for changeToCandidate
2019-10-18 14:58:15,509 [Thread-1043] INFO  impl.RoleInfo (RoleInfo.java:updateAndGet(143)) - 327657b1-60f8-49f2-b2a3-f63e1f934942: start LeaderElection
2019-10-18 14:58:15,523 [327657b1-60f8-49f2-b2a3-f63e1f934942@group-58A987F56150-LeaderElection122] INFO  impl.LeaderElection (LeaderElection.java:askForVotes(178)) - 327657b1-60f8-49f2-b2a3-f63e1f934942@group-58A987F56150-LeaderElection122: begin an election at term 135 for -1: [6605b8a5-570b-4977-9ee7-6aaf3012bed5:192.168.164.233:35223, 327657b1-60f8-49f2-b2a3-f63e1f934942:192.168.164.233:41966, ddd4789c-894d-475a-bbfb-f6e7aa670c92:192.168.164.233:41061], old=null
2019-10-18 14:58:15,526 [grpc-default-executor-5] INFO  impl.RaftServerImpl (RaftServerImpl.java:setRole(184)) - ddd4789c-894d-475a-bbfb-f6e7aa670c92@group-58A987F56150: changes role from  FOLLOWER to FOLLOWER at term 135 for recognizeCandidate:327657b1-60f8-49f2-b2a3-f63e1f934942
2019-10-18 14:58:15,526 [grpc-default-executor-1] INFO  impl.RaftServerImpl (RaftServerImpl.java:setRole(184)) - 6605b8a5-570b-4977-9ee7-6aaf3012bed5@group-58A987F56150: changes role from  FOLLOWER to FOLLOWER at term 135 for recognizeCandidate:327657b1-60f8-49f2-b2a3-f63e1f934942
2019-10-18 14:58:15,527 [grpc-default-executor-5] INFO  impl.RoleInfo (RoleInfo.java:shutdownFollowerState(121)) - ddd4789c-894d-475a-bbfb-f6e7aa670c92: shutdown FollowerState
2019-10-18 14:58:15,527 [grpc-default-executor-1] INFO  impl.RoleInfo (RoleInfo.java:shutdownFollowerState(121)) - 6605b8a5-570b-4977-9ee7-6aaf3012bed5: shutdown FollowerState
2019-10-18 14:58:15,527 [grpc-default-executor-5] INFO  impl.RoleInfo (RoleInfo.java:updateAndGet(143)) - ddd4789c-894d-475a-bbfb-f6e7aa670c92: start FollowerState
2019-10-18 14:58:15,527 [Thread-1042] INFO  impl.FollowerState (FollowerState.java:run(117)) - 6605b8a5-570b-4977-9ee7-6aaf3012bed5@group-58A987F56150-FollowerState was interrupted: java.lang.InterruptedException: sleep interrupted
2019-10-18 14:58:15,527 [Thread-1041] INFO  impl.FollowerState (FollowerState.java:run(117)) - ddd4789c-894d-475a-bbfb-f6e7aa670c92@group-58A987F56150-FollowerState was interrupted: java.lang.InterruptedException: sleep interrupted
2019-10-18 14:58:15,527 [grpc-default-executor-1] INFO  impl.RoleInfo (RoleInfo.java:updateAndGet(143)) - 6605b8a5-570b-4977-9ee7-6aaf3012bed5: start FollowerState
2019-10-18 14:58:15,531 [327657b1-60f8-49f2-b2a3-f63e1f934942@group-58A987F56150-LeaderElection122] INFO  impl.LeaderElection (LeaderElection.java:logAndReturn(56)) - 327657b1-60f8-49f2-b2a3-f63e1f934942@group-58A987F56150-LeaderElection122: Election TIMEOUT; received 0 response(s) [] and 0 exception(s); 327657b1-60f8-49f2-b2a3-f63e1f934942@group-58A987F56150:t135, leader=null, voted=327657b1-60f8-49f2-b2a3-f63e1f934942, raftlog=327657b1-60f8-49f2-b2a3-f63e1f934942@group-58A987F56150-SegmentedRaftLog:OPENED:c-1,f-1,i0, conf=-1: [6605b8a5-570b-4977-9ee7-6aaf3012bed5:192.168.164.233:35223, 327657b1-60f8-49f2-b2a3-f63e1f934942:192.168.164.233:41966, ddd4789c-894d-475a-bbfb-f6e7aa670c92:192.168.164.233:41061], old=null
2019-10-18 14:58:15,555 [327657b1-60f8-49f2-b2a3-f63e1f934942@group-58A987F56150-LeaderElection122] INFO  impl.LeaderElection (LeaderElection.java:askForVotes(178)) - 327657b1-60f8-49f2-b2a3-f63e1f934942@group-58A987F56150-LeaderElection122: begin an election at term 136 for -1: [6605b8a5-570b-4977-9ee7-6aaf3012bed5:192.168.164.233:35223, 327657b1-60f8-49f2-b2a3-f63e1f934942:192.168.164.233:41966, ddd4789c-894d-475a-bbfb-f6e7aa670c92:192.168.164.233:41061], old=null
2019-10-18 14:58:15,557 [grpc-default-executor-1] INFO  impl.RaftServerImpl (RaftServerImpl.java:setRole(184)) - 6605b8a5-570b-4977-9ee7-6aaf3012bed5@group-58A987F56150: changes role from  FOLLOWER to FOLLOWER at term 136 for recognizeCandidate:327657b1-60f8-49f2-b2a3-f63e1f934942
2019-10-18 14:58:15,557 [grpc-default-executor-1] INFO  impl.RoleInfo (RoleInfo.java:shutdownFollowerState(121)) - 6605b8a5-570b-4977-9ee7-6aaf3012bed5: shutdown FollowerState
2019-10-18 14:58:15,557 [grpc-default-executor-5] INFO  impl.RaftServerImpl (RaftServerImpl.java:setRole(184)) - ddd4789c-894d-475a-bbfb-f6e7aa670c92@group-58A987F56150: changes role from  FOLLOWER to FOLLOWER at term 136 for recognizeCandidate:327657b1-60f8-49f2-b2a3-f63e1f934942
2019-10-18 14:58:15,558 [grpc-default-executor-5] INFO  impl.RoleInfo (RoleInfo.java:shutdownFollowerState(121)) - ddd4789c-894d-475a-bbfb-f6e7aa670c92: shutdown FollowerState
2019-10-18 14:58:15,558 [Thread-1048] INFO  impl.FollowerState (FollowerState.java:run(117)) - 6605b8a5-570b-4977-9ee7-6aaf3012bed5@group-58A987F56150-FollowerState was interrupted: java.lang.InterruptedException: sleep interrupted
2019-10-18 14:58:15,557 [grpc-default-executor-1] INFO  impl.RoleInfo (RoleInfo.java:updateAndGet(143)) - 6605b8a5-570b-4977-9ee7-6aaf3012bed5: start FollowerState
2019-10-18 14:58:15,558 [Thread-1047] INFO  impl.FollowerState (FollowerState.java:run(117)) - ddd4789c-894d-475a-bbfb-f6e7aa670c92@group-58A987F56150-FollowerState was interrupted: java.lang.InterruptedException: sleep interrupted
2019-10-18 14:58:15,558 [grpc-default-executor-5] INFO  impl.RoleInfo (RoleInfo.java:updateAndGet(143)) - ddd4789c-894d-475a-bbfb-f6e7aa670c92: start FollowerState
2019-10-18 14:58:15,573 [327657b1-60f8-49f2-b2a3-f63e1f934942@group-58A987F56150-LeaderElection122] INFO  impl.LeaderElection (LeaderElection.java:logAndReturn(56)) - 327657b1-60f8-49f2-b2a3-f63e1f934942@group-58A987F56150-LeaderElection122: Election REJECTED; received 2 response(s) [327657b1-60f8-49f2-b2a3-f63e1f934942<-6605b8a5-570b-4977-9ee7-6aaf3012bed5#0:FAIL-t136, 327657b1-60f8-49f2-b2a3-f63e1f934942<-ddd4789c-894d-475a-bbfb-f6e7aa670c92#0:FAIL-t136] and 0 exception(s); 327657b1-60f8-49f2-b2a3-f63e1f934942@group-58A987F56150:t136, leader=null, voted=327657b1-60f8-49f2-b2a3-f63e1f934942, raftlog=327657b1-60f8-49f2-b2a3-f63e1f934942@group-58A987F56150-SegmentedRaftLog:OPENED:c-1,f-1,i0, conf=-1: [6605b8a5-570b-4977-9ee7-6aaf3012bed5:192.168.164.233:35223, 327657b1-60f8-49f2-b2a3-f63e1f934942:192.168.164.233:41966, ddd4789c-894d-475a-bbfb-f6e7aa670c92:192.168.164.233:41061], old=null
2019-10-18 14:58:15,573 [327657b1-60f8-49f2-b2a3-f63e1f934942@group-58A987F56150-LeaderElection122] INFO  impl.RaftServerImpl (RaftServerImpl.java:setRole(184)) - 327657b1-60f8-49f2-b2a3-f63e1f934942@group-58A987F56150: changes role from CANDIDATE to FOLLOWER at term 136 for DISCOVERED_A_NEW_TERM
2019-10-18 14:58:15,573 [327657b1-60f8-49f2-b2a3-f63e1f934942@group-58A987F56150-LeaderElection122] INFO  impl.RoleInfo (RoleInfo.java:shutdownLeaderElection(134)) - 327657b1-60f8-49f2-b2a3-f63e1f934942: shutdown LeaderElection
2019-10-18 14:58:15,573 [327657b1-60f8-49f2-b2a3-f63e1f934942@group-58A987F56150-LeaderElection122] INFO  impl.RoleInfo (RoleInfo.java:updateAndGet(143)) - 327657b1-60f8-49f2-b2a3-f63e1f934942: start FollowerState
2019-10-18 14:58:15,614 [Thread-1053] INFO  impl.FollowerState (FollowerState.java:run(108)) - 327657b1-60f8-49f2-b2a3-f63e1f934942@group-58A987F56150-FollowerState: change to CANDIDATE, lastRpcTime:41ms, electionTimeout:41ms
2019-10-18 14:58:15,615 [Thread-1053] INFO  impl.RoleInfo (RoleInfo.java:shutdownFollowerState(121)) - 327657b1-60f8-49f2-b2a3-f63e1f934942: shutdown FollowerState
2019-10-18 14:58:15,615 [Thread-1053] INFO  impl.RaftServerImpl (RaftServerImpl.java:setRole(184)) - 327657b1-60f8-49f2-b2a3-f63e1f934942@group-58A987F56150: changes role from  FOLLOWER to CANDIDATE at term 136 for changeToCandidate
2019-10-18 14:58:15,615 [Thread-1053] INFO  impl.RoleInfo (RoleInfo.java:updateAndGet(143)) - 327657b1-60f8-49f2-b2a3-f63e1f934942: start LeaderElection
2019-10-18 14:58:15,631 [327657b1-60f8-49f2-b2a3-f63e1f934942@group-58A987F56150-LeaderElection123] INFO  impl.LeaderElection (LeaderElection.java:askForVotes(178)) - 327657b1-60f8-49f2-b2a3-f63e1f934942@group-58A987F56150-LeaderElection123: begin an election at term 137 for -1: [6605b8a5-570b-4977-9ee7-6aaf3012bed5:192.168.164.233:35223, 327657b1-60f8-49f2-b2a3-f63e1f934942:192.168.164.233:41966, ddd4789c-894d-475a-bbfb-f6e7aa670c92:192.168.164.233:41061], old=null
2019-10-18 14:58:15,633 [grpc-default-executor-5] INFO  impl.RaftServerImpl (RaftServerImpl.java:setRole(184)) - 6605b8a5-570b-4977-9ee7-6aaf3012bed5@group-58A987F56150: changes role from  FOLLOWER to FOLLOWER at term 137 for recognizeCandidate:327657b1-60f8-49f2-b2a3-f63e1f934942
2019-10-18 14:58:15,633 [grpc-default-executor-5] INFO  impl.RoleInfo (RoleInfo.java:shutdownFollowerState(121)) - 6605b8a5-570b-4977-9ee7-6aaf3012bed5: shutdown FollowerState
2019-10-18 14:58:15,633 [grpc-default-executor-5] INFO  impl.RoleInfo (RoleInfo.java:updateAndGet(143)) - 6605b8a5-570b-4977-9ee7-6aaf3012bed5: start FollowerState
2019-10-18 14:58:15,633 [Thread-1051] INFO  impl.FollowerState (FollowerState.java:run(117)) - 6605b8a5-570b-4977-9ee7-6aaf3012bed5@group-58A987F56150-FollowerState was interrupted: java.lang.InterruptedException: sleep interrupted
2019-10-18 14:58:15,634 [grpc-default-executor-1] INFO  impl.RaftServerImpl (RaftServerImpl.java:setRole(184)) - ddd4789c-894d-475a-bbfb-f6e7aa670c92@group-58A987F56150: changes role from  FOLLOWER to FOLLOWER at term 137 for recognizeCandidate:327657b1-60f8-49f2-b2a3-f63e1f934942
2019-10-18 14:58:15,634 [grpc-default-executor-1] INFO  impl.RoleInfo (RoleInfo.java:shutdownFollowerState(121)) - ddd4789c-894d-475a-bbfb-f6e7aa670c92: shutdown FollowerState
2019-10-18 14:58:15,635 [grpc-default-executor-1] INFO  impl.RoleInfo (RoleInfo.java:updateAndGet(143)) - ddd4789c-894d-475a-bbfb-f6e7aa670c92: start FollowerState
2019-10-18 14:58:15,635 [Thread-1052] INFO  impl.FollowerState (FollowerState.java:run(117)) - ddd4789c-894d-475a-bbfb-f6e7aa670c92@group-58A987F56150-FollowerState was interrupted: java.lang.InterruptedException: sleep interrupted
2019-10-18 14:58:15,649 [327657b1-60f8-49f2-b2a3-f63e1f934942@group-58A987F56150-LeaderElection123] INFO  impl.LeaderElection (LeaderElection.java:logAndReturn(56)) - 327657b1-60f8-49f2-b2a3-f63e1f934942@group-58A987F56150-LeaderElection123: Election REJECTED; received 2 response(s) [327657b1-60f8-49f2-b2a3-f63e1f934942<-6605b8a5-570b-4977-9ee7-6aaf3012bed5#0:FAIL-t137, 327657b1-60f8-49f2-b2a3-f63e1f934942<-ddd4789c-894d-475a-bbfb-f6e7aa670c92#0:FAIL-t137] and 0 exception(s); 327657b1-60f8-49f2-b2a3-f63e1f934942@group-58A987F56150:t137, leader=null, voted=327657b1-60f8-49f2-b2a3-f63e1f934942, raftlog=327657b1-60f8-49f2-b2a3-f63e1f934942@group-58A987F56150-SegmentedRaftLog:OPENED:c-1,f-1,i0, conf=-1: [6605b8a5-570b-4977-9ee7-6aaf3012bed5:192.168.164.233:35223, 327657b1-60f8-49f2-b2a3-f63e1f934942:192.168.164.233:41966, ddd4789c-894d-475a-bbfb-f6e7aa670c92:192.168.164.233:41061], old=null
2019-10-18 14:58:15,649 [327657b1-60f8-49f2-b2a3-f63e1f934942@group-58A987F56150-LeaderElection123] INFO  impl.RaftServerImpl (RaftServerImpl.java:setRole(184)) - 327657b1-60f8-49f2-b2a3-f63e1f934942@group-58A987F56150: changes role from CANDIDATE to FOLLOWER at term 137 for DISCOVERED_A_NEW_TERM
2019-10-18 14:58:15,650 [327657b1-60f8-49f2-b2a3-f63e1f934942@group-58A987F56150-LeaderElection123] INFO  impl.RoleInfo (RoleInfo.java:shutdownLeaderElection(134)) - 327657b1-60f8-49f2-b2a3-f63e1f934942: shutdown LeaderElection
2019-10-18 14:58:15,650 [327657b1-60f8-49f2-b2a3-f63e1f934942@group-58A987F56150-LeaderElection123] INFO  impl.RoleInfo (RoleInfo.java:updateAndGet(143)) - 327657b1-60f8-49f2-b2a3-f63e1f934942: start FollowerState
2019-10-18 14:58:15,678 [Thread-1061] INFO  impl.FollowerState (FollowerState.java:run(108)) - 327657b1-60f8-49f2-b2a3-f63e1f934942@group-58A987F56150-FollowerState: change to CANDIDATE, lastRpcTime:28ms, electionTimeout:28ms
2019-10-18 14:58:15,678 [Thread-1061] INFO  impl.RoleInfo (RoleInfo.java:shutdownFollowerState(121)) - 327657b1-60f8-49f2-b2a3-f63e1f934942: shutdown FollowerState
2019-10-18 14:58:15,678 [Thread-1061] INFO  impl.RaftServerImpl (RaftServerImpl.java:setRole(184)) - 327657b1-60f8-49f2-b2a3-f63e1f934942@group-58A987F56150: changes role from  FOLLOWER to CANDIDATE at term 137 for changeToCandidate
2019-10-18 14:58:15,679 [Thread-1061] INFO  impl.RoleInfo (RoleInfo.java:updateAndGet(143)) - 327657b1-60f8-49f2-b2a3-f63e1f934942: start LeaderElection
2019-10-18 14:58:15,692 [327657b1-60f8-49f2-b2a3-f63e1f934942@group-58A987F56150-LeaderElection124] INFO  impl.LeaderElection (LeaderElection.java:askForVotes(178)) - 327657b1-60f8-49f2-b2a3-f63e1f934942@group-58A987F56150-LeaderElection124: begin an election at term 138 for -1: [6605b8a5-570b-4977-9ee7-6aaf3012bed5:192.168.164.233:35223, 327657b1-60f8-49f2-b2a3-f63e1f934942:192.168.164.233:41966, ddd4789c-894d-475a-bbfb-f6e7aa670c92:192.168.164.233:41061], old=null
2019-10-18 14:58:15,694 [grpc-default-executor-3] INFO  impl.RaftServerImpl (RaftServerImpl.java:setRole(184)) - 6605b8a5-570b-4977-9ee7-6aaf3012bed5@group-58A987F56150: changes role from  FOLLOWER to FOLLOWER at term 138 for recognizeCandidate:327657b1-60f8-49f2-b2a3-f63e1f934942
2019-10-18 14:58:15,695 [grpc-default-executor-3] INFO  impl.RoleInfo (RoleInfo.java:shutdownFollowerState(121)) - 6605b8a5-570b-4977-9ee7-6aaf3012bed5: shutdown FollowerState
2019-10-18 14:58:15,694 [grpc-default-executor-2] INFO  impl.RaftServerImpl (RaftServerImpl.java:setRole(184)) - ddd4789c-894d-475a-bbfb-f6e7aa670c92@group-58A987F56150: changes role from  FOLLOWER to FOLLOWER at term 138 for recognizeCandidate:327657b1-60f8-49f2-b2a3-f63e1f934942
2019-10-18 14:58:15,695 [Thread-1058] INFO  impl.FollowerState (FollowerState.java:run(117)) - 6605b8a5-570b-4977-9ee7-6aaf3012bed5@group-58A987F56150-FollowerState was interrupted: java.lang.InterruptedException: sleep interrupted
2019-10-18 14:58:15,695 [grpc-default-executor-3] INFO  impl.RoleInfo (RoleInfo.java:updateAndGet(143)) - 6605b8a5-570b-4977-9ee7-6aaf3012bed5: start FollowerState
2019-10-18 14:58:15,695 [grpc-default-executor-2] INFO  impl.RoleInfo (RoleInfo.java:shutdownFollowerState(121)) - ddd4789c-894d-475a-bbfb-f6e7aa670c92: shutdown FollowerState
2019-10-18 14:58:15,695 [grpc-default-executor-2] INFO  impl.RoleInfo (RoleInfo.java:updateAndGet(143)) - ddd4789c-894d-475a-bbfb-f6e7aa670c92: start FollowerState
2019-10-18 14:58:15,696 [Thread-1060] INFO  impl.FollowerState (FollowerState.java:run(117)) - ddd4789c-894d-475a-bbfb-f6e7aa670c92@group-58A987F56150-FollowerState was interrupted: java.lang.InterruptedException: sleep interrupted
2019-10-18 14:58:15,721 [327657b1-60f8-49f2-b2a3-f63e1f934942@group-58A987F56150-LeaderElection124] INFO  impl.LeaderElection (LeaderElection.java:logAndReturn(56)) - 327657b1-60f8-49f2-b2a3-f63e1f934942@group-58A987F56150-LeaderElection124: Election REJECTED; received 2 response(s) [327657b1-60f8-49f2-b2a3-f63e1f934942<-6605b8a5-570b-4977-9ee7-6aaf3012bed5#0:FAIL-t138, 327657b1-60f8-49f2-b2a3-f63e1f934942<-ddd4789c-894d-475a-bbfb-f6e7aa670c92#0:FAIL-t138] and 0 exception(s); 327657b1-60f8-49f2-b2a3-f63e1f934942@group-58A987F56150:t138, leader=null, voted=327657b1-60f8-49f2-b2a3-f63e1f934942, raftlog=327657b1-60f8-49f2-b2a3-f63e1f934942@group-58A987F56150-SegmentedRaftLog:OPENED:c-1,f-1,i0, conf=-1: [6605b8a5-570b-4977-9ee7-6aaf3012bed5:192.168.164.233:35223, 327657b1-60f8-49f2-b2a3-f63e1f934942:192.168.164.233:41966, ddd4789c-894d-475a-bbfb-f6e7aa670c92:192.168.164.233:41061], old=null
2019-10-18 14:58:15,721 [327657b1-60f8-49f2-b2a3-f63e1f934942@group-58A987F56150-LeaderElection124] INFO  impl.RaftServerImpl (RaftServerImpl.java:setRole(184)) - 327657b1-60f8-49f2-b2a3-f63e1f934942@group-58A987F56150: changes role from CANDIDATE to FOLLOWER at term 138 for DISCOVERED_A_NEW_TERM
2019-10-18 14:58:15,721 [327657b1-60f8-49f2-b2a3-f63e1f934942@group-58A987F56150-LeaderElection124] INFO  impl.RoleInfo (RoleInfo.java:shutdownLeaderElection(134)) - 327657b1-60f8-49f2-b2a3-f63e1f934942: shutdown LeaderElection
2019-10-18 14:58:15,722 [327657b1-60f8-49f2-b2a3-f63e1f934942@group-58A987F56150-LeaderElection124] INFO  impl.RoleInfo (RoleInfo.java:updateAndGet(143)) - 327657b1-60f8-49f2-b2a3-f63e1f934942: start FollowerState
2019-10-18 14:58:15,723 [Thread-1067] INFO  impl.FollowerState (FollowerState.java:run(108)) - 327657b1-60f8-49f2-b2a3-f63e1f934942@group-58A987F56150-FollowerState: change to CANDIDATE, lastRpcTime:1ms, electionTimeout:1ms
2019-10-18 14:58:15,723 [Thread-1067] INFO  impl.RoleInfo (RoleInfo.java:shutdownFollowerState(121)) - 327657b1-60f8-49f2-b2a3-f63e1f934942: shutdown FollowerState
2019-10-18 14:58:15,723 [Thread-1067] INFO  impl.RaftServerImpl (RaftServerImpl.java:setRole(184)) - 327657b1-60f8-49f2-b2a3-f63e1f934942@group-58A987F56150: changes role from  FOLLOWER to CANDIDATE at term 138 for changeToCandidate
2019-10-18 14:58:15,723 [Thread-1067] INFO  impl.RoleInfo (RoleInfo.java:updateAndGet(143)) - 327657b1-60f8-49f2-b2a3-f63e1f934942: start LeaderElection
2019-10-18 14:58:15,736 [327657b1-60f8-49f2-b2a3-f63e1f934942@group-58A987F56150-LeaderElection125] INFO  impl.LeaderElection (LeaderElection.java:askForVotes(178)) - 327657b1-60f8-49f2-b2a3-f63e1f934942@group-58A987F56150-LeaderElection125: begin an election at term 139 for -1: [6605b8a5-570b-4977-9ee7-6aaf3012bed5:192.168.164.233:35223, 327657b1-60f8-49f2-b2a3-f63e1f934942:192.168.164.233:41966, ddd4789c-894d-475a-bbfb-f6e7aa670c92:192.168.164.233:41061], old=null
2019-10-18 14:58:15,738 [grpc-default-executor-3] INFO  impl.RaftServerImpl (RaftServerImpl.java:setRole(184)) - 6605b8a5-570b-4977-9ee7-6aaf3012bed5@group-58A987F56150: changes role from  FOLLOWER to FOLLOWER at term 139 for recognizeCandidate:327657b1-60f8-49f2-b2a3-f63e1f934942
2019-10-18 14:58:15,739 [grpc-default-executor-3] INFO  impl.RoleInfo (RoleInfo.java:shutdownFollowerState(121)) - 6605b8a5-570b-4977-9ee7-6aaf3012bed5: shutdown FollowerState
2019-10-18 14:58:15,739 [grpc-default-executor-2] INFO  impl.RaftServerImpl (RaftServerImpl.java:setRole(184)) - ddd4789c-894d-475a-bbfb-f6e7aa670c92@group-58A987F56150: changes role from  FOLLOWER to FOLLOWER at term 139 for recognizeCandidate:327657b1-60f8-49f2-b2a3-f63e1f934942
2019-10-18 14:58:15,739 [Thread-1065] INFO  impl.FollowerState (FollowerState.java:run(117)) - 6605b8a5-570b-4977-9ee7-6aaf3012bed5@group-58A987F56150-FollowerState was interrupted: java.lang.InterruptedException: sleep interrupted
2019-10-18 14:58:15,739 [grpc-default-executor-3] INFO  impl.RoleInfo (RoleInfo.java:updateAndGet(143)) - 6605b8a5-570b-4977-9ee7-6aaf3012bed5: start FollowerState
2019-10-18 14:58:15,739 [grpc-default-executor-2] INFO  impl.RoleInfo (RoleInfo.java:shutdownFollowerState(121)) - ddd4789c-894d-475a-bbfb-f6e7aa670c92: shutdown FollowerState
2019-10-18 14:58:15,739 [grpc-default-executor-2] INFO  impl.RoleInfo (RoleInfo.java:updateAndGet(143)) - ddd4789c-894d-475a-bbfb-f6e7aa670c92: start FollowerState
2019-10-18 14:58:15,740 [Thread-1066] INFO  impl.FollowerState (FollowerState.java:run(117)) - ddd4789c-894d-475a-bbfb-f6e7aa670c92@group-58A987F56150-FollowerState was interrupted: java.lang.InterruptedException: sleep interrupted
2019-10-18 14:58:15,756 [327657b1-60f8-49f2-b2a3-f63e1f934942@group-58A987F56150-LeaderElection125] INFO  impl.LeaderElection (LeaderElection.java:logAndReturn(56)) - 327657b1-60f8-49f2-b2a3-f63e1f934942@group-58A987F56150-LeaderElection125: Election REJECTED; received 2 response(s) [327657b1-60f8-49f2-b2a3-f63e1f934942<-6605b8a5-570b-4977-9ee7-6aaf3012bed5#0:FAIL-t139, 327657b1-60f8-49f2-b2a3-f63e1f934942<-ddd4789c-894d-475a-bbfb-f6e7aa670c92#0:FAIL-t139] and 0 exception(s); 327657b1-60f8-49f2-b2a3-f63e1f934942@group-58A987F56150:t139, leader=null, voted=327657b1-60f8-49f2-b2a3-f63e1f934942, raftlog=327657b1-60f8-49f2-b2a3-f63e1f934942@group-58A987F56150-SegmentedRaftLog:OPENED:c-1,f-1,i0, conf=-1: [6605b8a5-570b-4977-9ee7-6aaf3012bed5:192.168.164.233:35223, 327657b1-60f8-49f2-b2a3-f63e1f934942:192.168.164.233:41966, ddd4789c-894d-475a-bbfb-f6e7aa670c92:192.168.164.233:41061], old=null
2019-10-18 14:58:15,757 [327657b1-60f8-49f2-b2a3-f63e1f934942@group-58A987F56150-LeaderElection125] INFO  impl.RaftServerImpl (RaftServerImpl.java:setRole(184)) - 327657b1-60f8-49f2-b2a3-f63e1f934942@group-58A987F56150: changes role from CANDIDATE to FOLLOWER at term 139 for DISCOVERED_A_NEW_TERM
2019-10-18 14:58:15,757 [327657b1-60f8-49f2-b2a3-f63e1f934942@group-58A987F56150-LeaderElection125] INFO  impl.RoleInfo (RoleInfo.java:shutdownLeaderElection(134)) - 327657b1-60f8-49f2-b2a3-f63e1f934942: shutdown LeaderElection
2019-10-18 14:58:15,757 [327657b1-60f8-49f2-b2a3-f63e1f934942@group-58A987F56150-LeaderElection125] INFO  impl.RoleInfo (RoleInfo.java:updateAndGet(143)) - 327657b1-60f8-49f2-b2a3-f63e1f934942: start FollowerState
2019-10-18 14:58:15,874 [Thread-1073] INFO  impl.FollowerState (FollowerState.java:run(108)) - 327657b1-60f8-49f2-b2a3-f63e1f934942@group-58A987F56150-FollowerState: change to CANDIDATE, lastRpcTime:117ms, electionTimeout:117ms
2019-10-18 14:58:15,875 [Thread-1073] INFO  impl.RoleInfo (RoleInfo.java:shutdownFollowerState(121)) - 327657b1-60f8-49f2-b2a3-f63e1f934942: shutdown FollowerState
2019-10-18 14:58:15,875 [Thread-1073] INFO  impl.RaftServerImpl (RaftServerImpl.java:setRole(184)) - 327657b1-60f8-49f2-b2a3-f63e1f934942@group-58A987F56150: changes role from  FOLLOWER to CANDIDATE at term 139 for changeToCandidate
2019-10-18 14:58:15,875 [Thread-1073] INFO  impl.RoleInfo (RoleInfo.java:updateAndGet(143)) - 327657b1-60f8-49f2-b2a3-f63e1f934942: start LeaderElection
2019-10-18 14:58:15,890 [327657b1-60f8-49f2-b2a3-f63e1f934942@group-58A987F56150-LeaderElection126] INFO  impl.LeaderElection (LeaderElection.java:askForVotes(178)) - 327657b1-60f8-49f2-b2a3-f63e1f934942@group-58A987F56150-LeaderElection126: begin an election at term 140 for -1: [6605b8a5-570b-4977-9ee7-6aaf3012bed5:192.168.164.233:35223, 327657b1-60f8-49f2-b2a3-f63e1f934942:192.168.164.233:41966, ddd4789c-894d-475a-bbfb-f6e7aa670c92:192.168.164.233:41061], old=null
2019-10-18 14:58:15,893 [grpc-default-executor-2] INFO  impl.RaftServerImpl (RaftServerImpl.java:setRole(184)) - ddd4789c-894d-475a-bbfb-f6e7aa670c92@group-58A987F56150: changes role from  FOLLOWER to FOLLOWER at term 140 for recognizeCandidate:327657b1-60f8-49f2-b2a3-f63e1f934942
2019-10-18 14:58:15,893 [grpc-default-executor-3] INFO  impl.RaftServerImpl (RaftServerImpl.java:setRole(184)) - 6605b8a5-570b-4977-9ee7-6aaf3012bed5@group-58A987F56150: changes role from  FOLLOWER to FOLLOWER at term 140 for recognizeCandidate:327657b1-60f8-49f2-b2a3-f63e1f934942
2019-10-18 14:58:15,894 [grpc-default-executor-3] INFO  impl.RoleInfo (RoleInfo.java:shutdownFollowerState(121)) - 6605b8a5-570b-4977-9ee7-6aaf3012bed5: shutdown FollowerState
2019-10-18 14:58:15,894 [grpc-default-executor-2] INFO  impl.RoleInfo (RoleInfo.java:shutdownFollowerState(121)) - ddd4789c-894d-475a-bbfb-f6e7aa670c92: shutdown FollowerState
2019-10-18 14:58:15,894 [grpc-default-executor-3] INFO  impl.RoleInfo (RoleInfo.java:updateAndGet(143)) - 6605b8a5-570b-4977-9ee7-6aaf3012bed5: start FollowerState
2019-10-18 14:58:15,894 [grpc-default-executor-2] INFO  impl.RoleInfo (RoleInfo.java:updateAndGet(143)) - ddd4789c-894d-475a-bbfb-f6e7aa670c92: start FollowerState
2019-10-18 14:58:15,894 [Thread-1071] INFO  impl.FollowerState (FollowerState.java:run(117)) - 6605b8a5-570b-4977-9ee7-6aaf3012bed5@group-58A987F56150-FollowerState was interrupted: java.lang.InterruptedException: sleep interrupted
2019-10-18 14:58:15,894 [Thread-1072] INFO  impl.FollowerState (FollowerState.java:run(117)) - ddd4789c-894d-475a-bbfb-f6e7aa670c92@group-58A987F56150-FollowerState was interrupted: java.lang.InterruptedException: sleep interrupted
2019-10-18 14:58:15,908 [327657b1-60f8-49f2-b2a3-f63e1f934942@group-58A987F56150-LeaderElection126] INFO  impl.LeaderElection (LeaderElection.java:logAndReturn(56)) - 327657b1-60f8-49f2-b2a3-f63e1f934942@group-58A987F56150-LeaderElection126: Election REJECTED; received 2 response(s) [327657b1-60f8-49f2-b2a3-f63e1f934942<-6605b8a5-570b-4977-9ee7-6aaf3012bed5#0:FAIL-t140, 327657b1-60f8-49f2-b2a3-f63e1f934942<-ddd4789c-894d-475a-bbfb-f6e7aa670c92#0:FAIL-t140] and 0 exception(s); 327657b1-60f8-49f2-b2a3-f63e1f934942@group-58A987F56150:t140, leader=null, voted=327657b1-60f8-49f2-b2a3-f63e1f934942, raftlog=327657b1-60f8-49f2-b2a3-f63e1f934942@group-58A987F56150-SegmentedRaftLog:OPENED:c-1,f-1,i0, conf=-1: [6605b8a5-570b-4977-9ee7-6aaf3012bed5:192.168.164.233:35223, 327657b1-60f8-49f2-b2a3-f63e1f934942:192.168.164.233:41966, ddd4789c-894d-475a-bbfb-f6e7aa670c92:192.168.164.233:41061], old=null
2019-10-18 14:58:15,908 [327657b1-60f8-49f2-b2a3-f63e1f934942@group-58A987F56150-LeaderElection126] INFO  impl.RaftServerImpl (RaftServerImpl.java:setRole(184)) - 327657b1-60f8-49f2-b2a3-f63e1f934942@group-58A987F56150: changes role from CANDIDATE to FOLLOWER at term 140 for DISCOVERED_A_NEW_TERM
2019-10-18 14:58:15,908 [327657b1-60f8-49f2-b2a3-f63e1f934942@group-58A987F56150-LeaderElection126] INFO  impl.RoleInfo (RoleInfo.java:shutdownLeaderElection(134)) - 327657b1-60f8-49f2-b2a3-f63e1f934942: shutdown LeaderElection
2019-10-18 14:58:15,909 [327657b1-60f8-49f2-b2a3-f63e1f934942@group-58A987F56150-LeaderElection126] INFO  impl.RoleInfo (RoleInfo.java:updateAndGet(143)) - 327657b1-60f8-49f2-b2a3-f63e1f934942: start FollowerState
2019-10-18 14:58:15,980 [Thread-1079] INFO  impl.FollowerState (FollowerState.java:run(108)) - 327657b1-60f8-49f2-b2a3-f63e1f934942@group-58A987F56150-FollowerState: change to CANDIDATE, lastRpcTime:71ms, electionTimeout:71ms
2019-10-18 14:58:15,980 [Thread-1079] INFO  impl.RoleInfo (RoleInfo.java:shutdownFollowerState(121)) - 327657b1-60f8-49f2-b2a3-f63e1f934942: shutdown FollowerState
2019-10-18 14:58:15,980 [Thread-1079] INFO  impl.RaftServerImpl (RaftServerImpl.java:setRole(184)) - 327657b1-60f8-49f2-b2a3-f63e1f934942@group-58A987F56150: changes role from  FOLLOWER to CANDIDATE at term 140 for changeToCandidate
2019-10-18 14:58:15,980 [Thread-1079] INFO  impl.RoleInfo (RoleInfo.java:updateAndGet(143)) - 327657b1-60f8-49f2-b2a3-f63e1f934942: start LeaderElection
2019-10-18 14:58:15,994 [327657b1-60f8-49f2-b2a3-f63e1f934942@group-58A987F56150-LeaderElection127] INFO  impl.LeaderElection (LeaderElection.java:askForVotes(178)) - 327657b1-60f8-49f2-b2a3-f63e1f934942@group-58A987F56150-LeaderElection127: begin an election at term 141 for -1: [6605b8a5-570b-4977-9ee7-6aaf3012bed5:192.168.164.233:35223, 327657b1-60f8-49f2-b2a3-f63e1f934942:192.168.164.233:41966, ddd4789c-894d-475a-bbfb-f6e7aa670c92:192.168.164.233:41061], old=null
2019-10-18 14:58:15,996 [grpc-default-executor-2] INFO  impl.RaftServerImpl (RaftServerImpl.java:setRole(184)) - ddd4789c-894d-475a-bbfb-f6e7aa670c92@group-58A987F56150: changes role from  FOLLOWER to FOLLOWER at term 141 for recognizeCandidate:327657b1-60f8-49f2-b2a3-f63e1f934942
2019-10-18 14:58:15,997 [grpc-default-executor-3] INFO  impl.RaftServerImpl (RaftServerImpl.java:setRole(184)) - 6605b8a5-570b-4977-9ee7-6aaf3012bed5@group-58A987F56150: changes role from  FOLLOWER to FOLLOWER at term 141 for recognizeCandidate:327657b1-60f8-49f2-b2a3-f63e1f934942
2019-10-18 14:58:15,997 [grpc-default-executor-3] INFO  impl.RoleInfo (RoleInfo.java:shutdownFollowerState(121)) - 6605b8a5-570b-4977-9ee7-6aaf3012bed5: shutdown FollowerState
2019-10-18 14:58:15,997 [grpc-default-executor-2] INFO  impl.RoleInfo (RoleInfo.java:shutdownFollowerState(121)) - ddd4789c-894d-475a-bbfb-f6e7aa670c92: shutdown FollowerState
2019-10-18 14:58:15,997 [Thread-1077] INFO  impl.FollowerState (FollowerState.java:run(117)) - 6605b8a5-570b-4977-9ee7-6aaf3012bed5@group-58A987F56150-FollowerState was interrupted: java.lang.InterruptedException: sleep interrupted
2019-10-18 14:58:15,997 [grpc-default-executor-3] INFO  impl.RoleInfo (RoleInfo.java:updateAndGet(143)) - 6605b8a5-570b-4977-9ee7-6aaf3012bed5: start FollowerState
2019-10-18 14:58:15,998 [Thread-1078] INFO  impl.FollowerState (FollowerState.java:run(117)) - ddd4789c-894d-475a-bbfb-f6e7aa670c92@group-58A987F56150-FollowerState was interrupted: java.lang.InterruptedException: sleep interrupted
2019-10-18 14:58:15,997 [grpc-default-executor-2] INFO  impl.RoleInfo (RoleInfo.java:updateAndGet(143)) - ddd4789c-894d-475a-bbfb-f6e7aa670c92: start FollowerState
2019-10-18 14:58:16,013 [327657b1-60f8-49f2-b2a3-f63e1f934942@group-58A987F56150-LeaderElection127] INFO  impl.LeaderElection (LeaderElection.java:logAndReturn(56)) - 327657b1-60f8-49f2-b2a3-f63e1f934942@group-58A987F56150-LeaderElection127: Election REJECTED; received 2 response(s) [327657b1-60f8-49f2-b2a3-f63e1f934942<-6605b8a5-570b-4977-9ee7-6aaf3012bed5#0:FAIL-t141, 327657b1-60f8-49f2-b2a3-f63e1f934942<-ddd4789c-894d-475a-bbfb-f6e7aa670c92#0:FAIL-t141] and 0 exception(s); 327657b1-60f8-49f2-b2a3-f63e1f934942@group-58A987F56150:t141, leader=null, voted=327657b1-60f8-49f2-b2a3-f63e1f934942, raftlog=327657b1-60f8-49f2-b2a3-f63e1f934942@group-58A987F56150-SegmentedRaftLog:OPENED:c-1,f-1,i0, conf=-1: [6605b8a5-570b-4977-9ee7-6aaf3012bed5:192.168.164.233:35223, 327657b1-60f8-49f2-b2a3-f63e1f934942:192.168.164.233:41966, ddd4789c-894d-475a-bbfb-f6e7aa670c92:192.168.164.233:41061], old=null
2019-10-18 14:58:16,013 [327657b1-60f8-49f2-b2a3-f63e1f934942@group-58A987F56150-LeaderElection127] INFO  impl.RaftServerImpl (RaftServerImpl.java:setRole(184)) - 327657b1-60f8-49f2-b2a3-f63e1f934942@group-58A987F56150: changes role from CANDIDATE to FOLLOWER at term 141 for DISCOVERED_A_NEW_TERM
2019-10-18 14:58:16,013 [327657b1-60f8-49f2-b2a3-f63e1f934942@group-58A987F56150-LeaderElection127] INFO  impl.RoleInfo (RoleInfo.java:shutdownLeaderElection(134)) - 327657b1-60f8-49f2-b2a3-f63e1f934942: shutdown LeaderElection
2019-10-18 14:58:16,013 [327657b1-60f8-49f2-b2a3-f63e1f934942@group-58A987F56150-LeaderElection127] INFO  impl.RoleInfo (RoleInfo.java:updateAndGet(143)) - 327657b1-60f8-49f2-b2a3-f63e1f934942: start FollowerState
2019-10-18 14:58:16,130 [Thread-1085] INFO  impl.FollowerState (FollowerState.java:run(108)) - 327657b1-60f8-49f2-b2a3-f63e1f934942@group-58A987F56150-FollowerState: change to CANDIDATE, lastRpcTime:116ms, electionTimeout:116ms
2019-10-18 14:58:16,130 [Thread-1085] INFO  impl.RoleInfo (RoleInfo.java:shutdownFollowerState(121)) - 327657b1-60f8-49f2-b2a3-f63e1f934942: shutdown FollowerState
2019-10-18 14:58:16,130 [Thread-1085] INFO  impl.RaftServerImpl (RaftServerImpl.java:setRole(184)) - 327657b1-60f8-49f2-b2a3-f63e1f934942@group-58A987F56150: changes role from  FOLLOWER to CANDIDATE at term 141 for changeToCandidate
2019-10-18 14:58:16,130 [Thread-1085] INFO  impl.RoleInfo (RoleInfo.java:updateAndGet(143)) - 327657b1-60f8-49f2-b2a3-f63e1f934942: start LeaderElection
2019-10-18 14:58:16,144 [327657b1-60f8-49f2-b2a3-f63e1f934942@group-58A987F56150-LeaderElection128] INFO  impl.LeaderElection (LeaderElection.java:askForVotes(178)) - 327657b1-60f8-49f2-b2a3-f63e1f934942@group-58A987F56150-LeaderElection128: begin an election at term 142 for -1: [6605b8a5-570b-4977-9ee7-6aaf3012bed5:192.168.164.233:35223, 327657b1-60f8-49f2-b2a3-f63e1f934942:192.168.164.233:41966, ddd4789c-894d-475a-bbfb-f6e7aa670c92:192.168.164.233:41061], old=null
2019-10-18 14:58:16,146 [grpc-default-executor-2] INFO  impl.RaftServerImpl (RaftServerImpl.java:setRole(184)) - ddd4789c-894d-475a-bbfb-f6e7aa670c92@group-58A987F56150: changes role from  FOLLOWER to FOLLOWER at term 142 for recognizeCandidate:327657b1-60f8-49f2-b2a3-f63e1f934942
2019-10-18 14:58:16,146 [grpc-default-executor-3] INFO  impl.RaftServerImpl (RaftServerImpl.java:setRole(184)) - 6605b8a5-570b-4977-9ee7-6aaf3012bed5@group-58A987F56150: changes role from  FOLLOWER to FOLLOWER at term 142 for recognizeCandidate:327657b1-60f8-49f2-b2a3-f63e1f934942
2019-10-18 14:58:16,146 [grpc-default-executor-2] INFO  impl.RoleInfo (RoleInfo.java:shutdownFollowerState(121)) - ddd4789c-894d-475a-bbfb-f6e7aa670c92: shutdown FollowerState
2019-10-18 14:58:16,146 [grpc-default-executor-3] INFO  impl.RoleInfo (RoleInfo.java:shutdownFollowerState(121)) - 6605b8a5-570b-4977-9ee7-6aaf3012bed5: shutdown FollowerState
2019-10-18 14:58:16,147 [Thread-1084] INFO  impl.FollowerState (FollowerState.java:run(117)) - ddd4789c-894d-475a-bbfb-f6e7aa670c92@group-58A987F56150-FollowerState was interrupted: java.lang.InterruptedException: sleep interrupted
2019-10-18 14:58:16,147 [grpc-default-executor-2] INFO  impl.RoleInfo (RoleInfo.java:updateAndGet(143)) - ddd4789c-894d-475a-bbfb-f6e7aa670c92: start FollowerState
2019-10-18 14:58:16,147 [Thread-1083] INFO  impl.FollowerState (FollowerState.java:run(117)) - 6605b8a5-570b-4977-9ee7-6aaf3012bed5@group-58A987F56150-FollowerState was interrupted: java.lang.InterruptedException: sleep interrupted
2019-10-18 14:58:16,147 [grpc-default-executor-3] INFO  impl.RoleInfo (RoleInfo.java:updateAndGet(143)) - 6605b8a5-570b-4977-9ee7-6aaf3012bed5: start FollowerState
2019-10-18 14:58:16,177 [327657b1-60f8-49f2-b2a3-f63e1f934942@group-58A987F56150-LeaderElection128] INFO  impl.LeaderElection (LeaderElection.java:logAndReturn(56)) - 327657b1-60f8-49f2-b2a3-f63e1f934942@group-58A987F56150-LeaderElection128: Election REJECTED; received 2 response(s) [327657b1-60f8-49f2-b2a3-f63e1f934942<-6605b8a5-570b-4977-9ee7-6aaf3012bed5#0:FAIL-t142, 327657b1-60f8-49f2-b2a3-f63e1f934942<-ddd4789c-894d-475a-bbfb-f6e7aa670c92#0:FAIL-t142] and 0 exception(s); 327657b1-60f8-49f2-b2a3-f63e1f934942@group-58A987F56150:t142, leader=null, voted=327657b1-60f8-49f2-b2a3-f63e1f934942, raftlog=327657b1-60f8-49f2-b2a3-f63e1f934942@group-58A987F56150-SegmentedRaftLog:OPENED:c-1,f-1,i0, conf=-1: [6605b8a5-570b-4977-9ee7-6aaf3012bed5:192.168.164.233:35223, 327657b1-60f8-49f2-b2a3-f63e1f934942:192.168.164.233:41966, ddd4789c-894d-475a-bbfb-f6e7aa670c92:192.168.164.233:41061], old=null
2019-10-18 14:58:16,177 [327657b1-60f8-49f2-b2a3-f63e1f934942@group-58A987F56150-LeaderElection128] INFO  impl.RaftServerImpl (RaftServerImpl.java:setRole(184)) - 327657b1-60f8-49f2-b2a3-f63e1f934942@group-58A987F56150: changes role from CANDIDATE to FOLLOWER at term 142 for DISCOVERED_A_NEW_TERM
2019-10-18 14:58:16,177 [327657b1-60f8-49f2-b2a3-f63e1f934942@group-58A987F56150-LeaderElection128] INFO  impl.RoleInfo (RoleInfo.java:shutdownLeaderElection(134)) - 327657b1-60f8-49f2-b2a3-f63e1f934942: shutdown LeaderElection
2019-10-18 14:58:16,177 [327657b1-60f8-49f2-b2a3-f63e1f934942@group-58A987F56150-LeaderElection128] INFO  impl.RoleInfo (RoleInfo.java:updateAndGet(143)) - 327657b1-60f8-49f2-b2a3-f63e1f934942: start FollowerState
2019-10-18 14:58:16,185 [Thread-1091] INFO  impl.FollowerState (FollowerState.java:run(108)) - 327657b1-60f8-49f2-b2a3-f63e1f934942@group-58A987F56150-FollowerState: change to CANDIDATE, lastRpcTime:7ms, electionTimeout:7ms
2019-10-18 14:58:16,185 [Thread-1091] INFO  impl.RoleInfo (RoleInfo.java:shutdownFollowerState(121)) - 327657b1-60f8-49f2-b2a3-f63e1f934942: shutdown FollowerState
2019-10-18 14:58:16,185 [Thread-1091] INFO  impl.RaftServerImpl (RaftServerImpl.java:setRole(184)) - 327657b1-60f8-49f2-b2a3-f63e1f934942@group-58A987F56150: changes role from  FOLLOWER to CANDIDATE at term 142 for changeToCandidate
2019-10-18 14:58:16,185 [Thread-1091] INFO  impl.RoleInfo (RoleInfo.java:updateAndGet(143)) - 327657b1-60f8-49f2-b2a3-f63e1f934942: start LeaderElection
2019-10-18 14:58:16,190 [327657b1-60f8-49f2-b2a3-f63e1f934942@group-58A987F56150-LeaderElection129] INFO  impl.LeaderElection (LeaderElection.java:askForVotes(178)) - 327657b1-60f8-49f2-b2a3-f63e1f934942@group-58A987F56150-LeaderElection129: begin an election at term 143 for -1: [6605b8a5-570b-4977-9ee7-6aaf3012bed5:192.168.164.233:35223, 327657b1-60f8-49f2-b2a3-f63e1f934942:192.168.164.233:41966, ddd4789c-894d-475a-bbfb-f6e7aa670c92:192.168.164.233:41061], old=null
2019-10-18 14:58:16,192 [grpc-default-executor-3] INFO  impl.RaftServerImpl (RaftServerImpl.java:setRole(184)) - 6605b8a5-570b-4977-9ee7-6aaf3012bed5@group-58A987F56150: changes role from  FOLLOWER to FOLLOWER at term 143 for recognizeCandidate:327657b1-60f8-49f2-b2a3-f63e1f934942
2019-10-18 14:58:16,192 [grpc-default-executor-2] INFO  impl.RaftServerImpl (RaftServerImpl.java:setRole(184)) - ddd4789c-894d-475a-bbfb-f6e7aa670c92@group-58A987F56150: changes role from  FOLLOWER to FOLLOWER at term 143 for recognizeCandidate:327657b1-60f8-49f2-b2a3-f63e1f934942
2019-10-18 14:58:16,193 [grpc-default-executor-2] INFO  impl.RoleInfo (RoleInfo.java:shutdownFollowerState(121)) - ddd4789c-894d-475a-bbfb-f6e7aa670c92: shutdown FollowerState
2019-10-18 14:58:16,193 [grpc-default-executor-3] INFO  impl.RoleInfo (RoleInfo.java:shutdownFollowerState(121)) - 6605b8a5-570b-4977-9ee7-6aaf3012bed5: shutdown FollowerState
2019-10-18 14:58:16,193 [Thread-1089] INFO  impl.FollowerState (FollowerState.java:run(117)) - ddd4789c-894d-475a-bbfb-f6e7aa670c92@group-58A987F56150-FollowerState was interrupted: java.lang.InterruptedException: sleep interrupted
2019-10-18 14:58:16,193 [grpc-default-executor-2] INFO  impl.RoleInfo (RoleInfo.java:updateAndGet(143)) - ddd4789c-894d-475a-bbfb-f6e7aa670c92: start FollowerState
2019-10-18 14:58:16,193 [Thread-1090] INFO  impl.FollowerState (FollowerState.java:run(117)) - 6605b8a5-570b-4977-9ee7-6aaf3012bed5@group-58A987F56150-FollowerState was interrupted: java.lang.InterruptedException: sleep interrupted
2019-10-18 14:58:16,193 [grpc-default-executor-3] INFO  impl.RoleInfo (RoleInfo.java:updateAndGet(143)) - 6605b8a5-570b-4977-9ee7-6aaf3012bed5: start FollowerState
2019-10-18 14:58:16,208 [327657b1-60f8-49f2-b2a3-f63e1f934942@group-58A987F56150-LeaderElection129] INFO  impl.LeaderElection (LeaderElection.java:logAndReturn(56)) - 327657b1-60f8-49f2-b2a3-f63e1f934942@group-58A987F56150-LeaderElection129: Election REJECTED; received 2 response(s) [327657b1-60f8-49f2-b2a3-f63e1f934942<-6605b8a5-570b-4977-9ee7-6aaf3012bed5#0:FAIL-t143, 327657b1-60f8-49f2-b2a3-f63e1f934942<-ddd4789c-894d-475a-bbfb-f6e7aa670c92#0:FAIL-t143] and 0 exception(s); 327657b1-60f8-49f2-b2a3-f63e1f934942@group-58A987F56150:t143, leader=null, voted=327657b1-60f8-49f2-b2a3-f63e1f934942, raftlog=327657b1-60f8-49f2-b2a3-f63e1f934942@group-58A987F56150-SegmentedRaftLog:OPENED:c-1,f-1,i0, conf=-1: [6605b8a5-570b-4977-9ee7-6aaf3012bed5:192.168.164.233:35223, 327657b1-60f8-49f2-b2a3-f63e1f934942:192.168.164.233:41966, ddd4789c-894d-475a-bbfb-f6e7aa670c92:192.168.164.233:41061], old=null
2019-10-18 14:58:16,208 [327657b1-60f8-49f2-b2a3-f63e1f934942@group-58A987F56150-LeaderElection129] INFO  impl.RaftServerImpl (RaftServerImpl.java:setRole(184)) - 327657b1-60f8-49f2-b2a3-f63e1f934942@group-58A987F56150: changes role from CANDIDATE to FOLLOWER at term 143 for DISCOVERED_A_NEW_TERM
2019-10-18 14:58:16,208 [327657b1-60f8-49f2-b2a3-f63e1f934942@group-58A987F56150-LeaderElection129] INFO  impl.RoleInfo (RoleInfo.java:shutdownLeaderElection(134)) - 327657b1-60f8-49f2-b2a3-f63e1f934942: shutdown LeaderElection
2019-10-18 14:58:16,208 [327657b1-60f8-49f2-b2a3-f63e1f934942@group-58A987F56150-LeaderElection129] INFO  impl.RoleInfo (RoleInfo.java:updateAndGet(143)) - 327657b1-60f8-49f2-b2a3-f63e1f934942: start FollowerState
2019-10-18 14:58:16,339 [Thread-1097] INFO  impl.FollowerState (FollowerState.java:run(108)) - 327657b1-60f8-49f2-b2a3-f63e1f934942@group-58A987F56150-FollowerState: change to CANDIDATE, lastRpcTime:130ms, electionTimeout:130ms
2019-10-18 14:58:16,339 [Thread-1097] INFO  impl.RoleInfo (RoleInfo.java:shutdownFollowerState(121)) - 327657b1-60f8-49f2-b2a3-f63e1f934942: shutdown FollowerState
2019-10-18 14:58:16,339 [Thread-1097] INFO  impl.RaftServerImpl (RaftServerImpl.java:setRole(184)) - 327657b1-60f8-49f2-b2a3-f63e1f934942@group-58A987F56150: changes role from  FOLLOWER to CANDIDATE at term 143 for changeToCandidate
2019-10-18 14:58:16,339 [Thread-1097] INFO  impl.RoleInfo (RoleInfo.java:updateAndGet(143)) - 327657b1-60f8-49f2-b2a3-f63e1f934942: start LeaderElection
2019-10-18 14:58:16,354 [327657b1-60f8-49f2-b2a3-f63e1f934942@group-58A987F56150-LeaderElection130] INFO  impl.LeaderElection (LeaderElection.java:askForVotes(178)) - 327657b1-60f8-49f2-b2a3-f63e1f934942@group-58A987F56150-LeaderElection130: begin an election at term 144 for -1: [6605b8a5-570b-4977-9ee7-6aaf3012bed5:192.168.164.233:35223, 327657b1-60f8-49f2-b2a3-f63e1f934942:192.168.164.233:41966, ddd4789c-894d-475a-bbfb-f6e7aa670c92:192.168.164.233:41061], old=null
2019-10-18 14:58:16,357 [grpc-default-executor-3] INFO  impl.RaftServerImpl (RaftServerImpl.java:setRole(184)) - ddd4789c-894d-475a-bbfb-f6e7aa670c92@group-58A987F56150: changes role from  FOLLOWER to FOLLOWER at term 144 for recognizeCandidate:327657b1-60f8-49f2-b2a3-f63e1f934942
2019-10-18 14:58:16,357 [grpc-default-executor-2] INFO  impl.RaftServerImpl (RaftServerImpl.java:setRole(184)) - 6605b8a5-570b-4977-9ee7-6aaf3012bed5@group-58A987F56150: changes role from  FOLLOWER to FOLLOWER at term 144 for recognizeCandidate:327657b1-60f8-49f2-b2a3-f63e1f934942
2019-10-18 14:58:16,357 [grpc-default-executor-3] INFO  impl.RoleInfo (RoleInfo.java:shutdownFollowerState(121)) - ddd4789c-894d-475a-bbfb-f6e7aa670c92: shutdown FollowerState
2019-10-18 14:58:16,357 [grpc-default-executor-2] INFO  impl.RoleInfo (RoleInfo.java:shutdownFollowerState(121)) - 6605b8a5-570b-4977-9ee7-6aaf3012bed5: shutdown FollowerState
2019-10-18 14:58:16,358 [Thread-1095] INFO  impl.FollowerState (FollowerState.java:run(117)) - ddd4789c-894d-475a-bbfb-f6e7aa670c92@group-58A987F56150-FollowerState was interrupted: java.lang.InterruptedException: sleep interrupted
2019-10-18 14:58:16,358 [grpc-default-executor-3] INFO  impl.RoleInfo (RoleInfo.java:updateAndGet(143)) - ddd4789c-894d-475a-bbfb-f6e7aa670c92: start FollowerState
2019-10-18 14:58:16,358 [Thread-1096] INFO  impl.FollowerState (FollowerState.java:run(117)) - 6605b8a5-570b-4977-9ee7-6aaf3012bed5@group-58A987F56150-FollowerState was interrupted: java.lang.InterruptedException: sleep interrupted
2019-10-18 14:58:16,358 [grpc-default-executor-2] INFO  impl.RoleInfo (RoleInfo.java:updateAndGet(143)) - 6605b8a5-570b-4977-9ee7-6aaf3012bed5: start FollowerState
2019-10-18 14:58:16,384 [327657b1-60f8-49f2-b2a3-f63e1f934942@group-58A987F56150-LeaderElection130] INFO  impl.LeaderElection (LeaderElection.java:logAndReturn(56)) - 327657b1-60f8-49f2-b2a3-f63e1f934942@group-58A987F56150-LeaderElection130: Election REJECTED; received 2 response(s) [327657b1-60f8-49f2-b2a3-f63e1f934942<-6605b8a5-570b-4977-9ee7-6aaf3012bed5#0:FAIL-t144, 327657b1-60f8-49f2-b2a3-f63e1f934942<-ddd4789c-894d-475a-bbfb-f6e7aa670c92#0:FAIL-t144] and 0 exception(s); 327657b1-60f8-49f2-b2a3-f63e1f934942@group-58A987F56150:t144, leader=null, voted=327657b1-60f8-49f2-b2a3-f63e1f934942, raftlog=327657b1-60f8-49f2-b2a3-f63e1f934942@group-58A987F56150-SegmentedRaftLog:OPENED:c-1,f-1,i0, conf=-1: [6605b8a5-570b-4977-9ee7-6aaf3012bed5:192.168.164.233:35223, 327657b1-60f8-49f2-b2a3-f63e1f934942:192.168.164.233:41966, ddd4789c-894d-475a-bbfb-f6e7aa670c92:192.168.164.233:41061], old=null
2019-10-18 14:58:16,385 [327657b1-60f8-49f2-b2a3-f63e1f934942@group-58A987F56150-LeaderElection130] INFO  impl.RaftServerImpl (RaftServerImpl.java:setRole(184)) - 327657b1-60f8-49f2-b2a3-f63e1f934942@group-58A987F56150: changes role from CANDIDATE to FOLLOWER at term 144 for DISCOVERED_A_NEW_TERM
2019-10-18 14:58:16,385 [327657b1-60f8-49f2-b2a3-f63e1f934942@group-58A987F56150-LeaderElection130] INFO  impl.RoleInfo (RoleInfo.java:shutdownLeaderElection(134)) - 327657b1-60f8-49f2-b2a3-f63e1f934942: shutdown LeaderElection
2019-10-18 14:58:16,385 [327657b1-60f8-49f2-b2a3-f63e1f934942@group-58A987F56150-LeaderElection130] INFO  impl.RoleInfo (RoleInfo.java:updateAndGet(143)) - 327657b1-60f8-49f2-b2a3-f63e1f934942: start FollowerState
2019-10-18 14:58:16,468 [Thread-1103] INFO  impl.FollowerState (FollowerState.java:run(108)) - 327657b1-60f8-49f2-b2a3-f63e1f934942@group-58A987F56150-FollowerState: change to CANDIDATE, lastRpcTime:83ms, electionTimeout:83ms
2019-10-18 14:58:16,469 [Thread-1103] INFO  impl.RoleInfo (RoleInfo.java:shutdownFollowerState(121)) - 327657b1-60f8-49f2-b2a3-f63e1f934942: shutdown FollowerState
2019-10-18 14:58:16,469 [Thread-1103] INFO  impl.RaftServerImpl (RaftServerImpl.java:setRole(184)) - 327657b1-60f8-49f2-b2a3-f63e1f934942@group-58A987F56150: changes role from  FOLLOWER to CANDIDATE at term 144 for changeToCandidate
2019-10-18 14:58:16,469 [Thread-1103] INFO  impl.RoleInfo (RoleInfo.java:updateAndGet(143)) - 327657b1-60f8-49f2-b2a3-f63e1f934942: start LeaderElection
2019-10-18 14:58:16,485 [327657b1-60f8-49f2-b2a3-f63e1f934942@group-58A987F56150-LeaderElection131] INFO  impl.LeaderElection (LeaderElection.java:askForVotes(178)) - 327657b1-60f8-49f2-b2a3-f63e1f934942@group-58A987F56150-LeaderElection131: begin an election at term 145 for -1: [6605b8a5-570b-4977-9ee7-6aaf3012bed5:192.168.164.233:35223, 327657b1-60f8-49f2-b2a3-f63e1f934942:192.168.164.233:41966, ddd4789c-894d-475a-bbfb-f6e7aa670c92:192.168.164.233:41061], old=null
2019-10-18 14:58:16,488 [grpc-default-executor-2] INFO  impl.RaftServerImpl (RaftServerImpl.java:setRole(184)) - ddd4789c-894d-475a-bbfb-f6e7aa670c92@group-58A987F56150: changes role from  FOLLOWER to FOLLOWER at term 145 for recognizeCandidate:327657b1-60f8-49f2-b2a3-f63e1f934942
2019-10-18 14:58:16,488 [grpc-default-executor-2] INFO  impl.RoleInfo (RoleInfo.java:shutdownFollowerState(121)) - ddd4789c-894d-475a-bbfb-f6e7aa670c92: shutdown FollowerState
2019-10-18 14:58:16,488 [grpc-default-executor-3] INFO  impl.RaftServerImpl (RaftServerImpl.java:setRole(184)) - 6605b8a5-570b-4977-9ee7-6aaf3012bed5@group-58A987F56150: changes role from  FOLLOWER to FOLLOWER at term 145 for recognizeCandidate:327657b1-60f8-49f2-b2a3-f63e1f934942
2019-10-18 14:58:16,489 [Thread-1101] INFO  impl.FollowerState (FollowerState.java:run(117)) - ddd4789c-894d-475a-bbfb-f6e7aa670c92@group-58A987F56150-FollowerState was interrupted: java.lang.InterruptedException: sleep interrupted
2019-10-18 14:58:16,488 [grpc-default-executor-2] INFO  impl.RoleInfo (RoleInfo.java:updateAndGet(143)) - ddd4789c-894d-475a-bbfb-f6e7aa670c92: start FollowerState
2019-10-18 14:58:16,489 [grpc-default-executor-3] INFO  impl.RoleInfo (RoleInfo.java:shutdownFollowerState(121)) - 6605b8a5-570b-4977-9ee7-6aaf3012bed5: shutdown FollowerState
2019-10-18 14:58:16,489 [grpc-default-executor-3] INFO  impl.RoleInfo (RoleInfo.java:updateAndGet(143)) - 6605b8a5-570b-4977-9ee7-6aaf3012bed5: start FollowerState
2019-10-18 14:58:16,489 [Thread-1102] INFO  impl.FollowerState (FollowerState.java:run(117)) - 6605b8a5-570b-4977-9ee7-6aaf3012bed5@group-58A987F56150-FollowerState was interrupted: java.lang.InterruptedException: sleep interrupted
2019-10-18 14:58:16,516 [327657b1-60f8-49f2-b2a3-f63e1f934942@group-58A987F56150-LeaderElection131] INFO  impl.LeaderElection (LeaderElection.java:logAndReturn(56)) - 327657b1-60f8-49f2-b2a3-f63e1f934942@group-58A987F56150-LeaderElection131: Election REJECTED; received 2 response(s) [327657b1-60f8-49f2-b2a3-f63e1f934942<-6605b8a5-570b-4977-9ee7-6aaf3012bed5#0:FAIL-t145, 327657b1-60f8-49f2-b2a3-f63e1f934942<-ddd4789c-894d-475a-bbfb-f6e7aa670c92#0:FAIL-t145] and 0 exception(s); 327657b1-60f8-49f2-b2a3-f63e1f934942@group-58A987F56150:t145, leader=null, voted=327657b1-60f8-49f2-b2a3-f63e1f934942, raftlog=327657b1-60f8-49f2-b2a3-f63e1f934942@group-58A987F56150-SegmentedRaftLog:OPENED:c-1,f-1,i0, conf=-1: [6605b8a5-570b-4977-9ee7-6aaf3012bed5:192.168.164.233:35223, 327657b1-60f8-49f2-b2a3-f63e1f934942:192.168.164.233:41966, ddd4789c-894d-475a-bbfb-f6e7aa670c92:192.168.164.233:41061], old=null
2019-10-18 14:58:16,516 [327657b1-60f8-49f2-b2a3-f63e1f934942@group-58A987F56150-LeaderElection131] INFO  impl.RaftServerImpl (RaftServerImpl.java:setRole(184)) - 327657b1-60f8-49f2-b2a3-f63e1f934942@group-58A987F56150: changes role from CANDIDATE to FOLLOWER at term 145 for DISCOVERED_A_NEW_TERM
2019-10-18 14:58:16,516 [327657b1-60f8-49f2-b2a3-f63e1f934942@group-58A987F56150-LeaderElection131] INFO  impl.RoleInfo (RoleInfo.java:shutdownLeaderElection(134)) - 327657b1-60f8-49f2-b2a3-f63e1f934942: shutdown LeaderElection
2019-10-18 14:58:16,516 [327657b1-60f8-49f2-b2a3-f63e1f934942@group-58A987F56150-LeaderElection131] INFO  impl.RoleInfo (RoleInfo.java:updateAndGet(143)) - 327657b1-60f8-49f2-b2a3-f63e1f934942: start FollowerState
2019-10-18 14:58:16,518 [Thread-1109] INFO  impl.FollowerState (FollowerState.java:run(108)) - 327657b1-60f8-49f2-b2a3-f63e1f934942@group-58A987F56150-FollowerState: change to CANDIDATE, lastRpcTime:1ms, electionTimeout:1ms
2019-10-18 14:58:16,518 [Thread-1109] INFO  impl.RoleInfo (RoleInfo.java:shutdownFollowerState(121)) - 327657b1-60f8-49f2-b2a3-f63e1f934942: shutdown FollowerState
2019-10-18 14:58:16,518 [Thread-1109] INFO  impl.RaftServerImpl (RaftServerImpl.java:setRole(184)) - 327657b1-60f8-49f2-b2a3-f63e1f934942@group-58A987F56150: changes role from  FOLLOWER to CANDIDATE at term 145 for changeToCandidate
2019-10-18 14:58:16,518 [Thread-1109] INFO  impl.RoleInfo (RoleInfo.java:updateAndGet(143)) - 327657b1-60f8-49f2-b2a3-f63e1f934942: start LeaderElection
2019-10-18 14:58:16,531 [327657b1-60f8-49f2-b2a3-f63e1f934942@group-58A987F56150-LeaderElection132] INFO  impl.LeaderElection (LeaderElection.java:askForVotes(178)) - 327657b1-60f8-49f2-b2a3-f63e1f934942@group-58A987F56150-LeaderElection132: begin an election at term 146 for -1: [6605b8a5-570b-4977-9ee7-6aaf3012bed5:192.168.164.233:35223, 327657b1-60f8-49f2-b2a3-f63e1f934942:192.168.164.233:41966, ddd4789c-894d-475a-bbfb-f6e7aa670c92:192.168.164.233:41061], old=null
2019-10-18 14:58:16,534 [grpc-default-executor-3] INFO  impl.RaftServerImpl (RaftServerImpl.java:setRole(184)) - 6605b8a5-570b-4977-9ee7-6aaf3012bed5@group-58A987F56150: changes role from  FOLLOWER to FOLLOWER at term 146 for recognizeCandidate:327657b1-60f8-49f2-b2a3-f63e1f934942
2019-10-18 14:58:16,534 [grpc-default-executor-3] INFO  impl.RoleInfo (RoleInfo.java:shutdownFollowerState(121)) - 6605b8a5-570b-4977-9ee7-6aaf3012bed5: shutdown FollowerState
2019-10-18 14:58:16,534 [grpc-default-executor-3] INFO  impl.RoleInfo (RoleInfo.java:updateAndGet(143)) - 6605b8a5-570b-4977-9ee7-6aaf3012bed5: start FollowerState
2019-10-18 14:58:16,534 [Thread-1108] INFO  impl.FollowerState (FollowerState.java:run(117)) - 6605b8a5-570b-4977-9ee7-6aaf3012bed5@group-58A987F56150-FollowerState was interrupted: java.lang.InterruptedException: sleep interrupted
2019-10-18 14:58:16,534 [grpc-default-executor-2] INFO  impl.RaftServerImpl (RaftServerImpl.java:setRole(184)) - ddd4789c-894d-475a-bbfb-f6e7aa670c92@group-58A987F56150: changes role from  FOLLOWER to FOLLOWER at term 146 for recognizeCandidate:327657b1-60f8-49f2-b2a3-f63e1f934942
2019-10-18 14:58:16,535 [grpc-default-executor-2] INFO  impl.RoleInfo (RoleInfo.java:shutdownFollowerState(121)) - ddd4789c-894d-475a-bbfb-f6e7aa670c92: shutdown FollowerState
2019-10-18 14:58:16,535 [grpc-default-executor-2] INFO  impl.RoleInfo (RoleInfo.java:updateAndGet(143)) - ddd4789c-894d-475a-bbfb-f6e7aa670c92: start FollowerState
2019-10-18 14:58:16,535 [Thread-1107] INFO  impl.FollowerState (FollowerState.java:run(117)) - ddd4789c-894d-475a-bbfb-f6e7aa670c92@group-58A987F56150-FollowerState was interrupted: java.lang.InterruptedException: sleep interrupted
2019-10-18 14:58:16,560 [327657b1-60f8-49f2-b2a3-f63e1f934942@group-58A987F56150-LeaderElection132] INFO  impl.LeaderElection (LeaderElection.java:logAndReturn(56)) - 327657b1-60f8-49f2-b2a3-f63e1f934942@group-58A987F56150-LeaderElection132: Election REJECTED; received 2 response(s) [327657b1-60f8-49f2-b2a3-f63e1f934942<-6605b8a5-570b-4977-9ee7-6aaf3012bed5#0:FAIL-t146, 327657b1-60f8-49f2-b2a3-f63e1f934942<-ddd4789c-894d-475a-bbfb-f6e7aa670c92#0:FAIL-t146] and 0 exception(s); 327657b1-60f8-49f2-b2a3-f63e1f934942@group-58A987F56150:t146, leader=null, voted=327657b1-60f8-49f2-b2a3-f63e1f934942, raftlog=327657b1-60f8-49f2-b2a3-f63e1f934942@group-58A987F56150-SegmentedRaftLog:OPENED:c-1,f-1,i0, conf=-1: [6605b8a5-570b-4977-9ee7-6aaf3012bed5:192.168.164.233:35223, 327657b1-60f8-49f2-b2a3-f63e1f934942:192.168.164.233:41966, ddd4789c-894d-475a-bbfb-f6e7aa670c92:192.168.164.233:41061], old=null
2019-10-18 14:58:16,560 [327657b1-60f8-49f2-b2a3-f63e1f934942@group-58A987F56150-LeaderElection132] INFO  impl.RaftServerImpl (RaftServerImpl.java:setRole(184)) - 327657b1-60f8-49f2-b2a3-f63e1f934942@group-58A987F56150: changes role from CANDIDATE to FOLLOWER at term 146 for DISCOVERED_A_NEW_TERM
2019-10-18 14:58:16,560 [327657b1-60f8-49f2-b2a3-f63e1f934942@group-58A987F56150-LeaderElection132] INFO  impl.RoleInfo (RoleInfo.java:shutdownLeaderElection(134)) - 327657b1-60f8-49f2-b2a3-f63e1f934942: shutdown LeaderElection
2019-10-18 14:58:16,561 [327657b1-60f8-49f2-b2a3-f63e1f934942@group-58A987F56150-LeaderElection132] INFO  impl.RoleInfo (RoleInfo.java:updateAndGet(143)) - 327657b1-60f8-49f2-b2a3-f63e1f934942: start FollowerState
2019-10-18 14:58:16,711 [Thread-1115] INFO  impl.FollowerState (FollowerState.java:run(108)) - 327657b1-60f8-49f2-b2a3-f63e1f934942@group-58A987F56150-FollowerState: change to CANDIDATE, lastRpcTime:150ms, electionTimeout:150ms
2019-10-18 14:58:16,711 [Thread-1115] INFO  impl.RoleInfo (RoleInfo.java:shutdownFollowerState(121)) - 327657b1-60f8-49f2-b2a3-f63e1f934942: shutdown FollowerState
2019-10-18 14:58:16,711 [Thread-1115] INFO  impl.RaftServerImpl (RaftServerImpl.java:setRole(184)) - 327657b1-60f8-49f2-b2a3-f63e1f934942@group-58A987F56150: changes role from  FOLLOWER to CANDIDATE at term 146 for changeToCandidate
2019-10-18 14:58:16,712 [Thread-1115] INFO  impl.RoleInfo (RoleInfo.java:updateAndGet(143)) - 327657b1-60f8-49f2-b2a3-f63e1f934942: start LeaderElection
2019-10-18 14:58:16,727 [327657b1-60f8-49f2-b2a3-f63e1f934942@group-58A987F56150-LeaderElection133] INFO  impl.LeaderElection (LeaderElection.java:askForVotes(178)) - 327657b1-60f8-49f2-b2a3-f63e1f934942@group-58A987F56150-LeaderElection133: begin an election at term 147 for -1: [6605b8a5-570b-4977-9ee7-6aaf3012bed5:192.168.164.233:35223, 327657b1-60f8-49f2-b2a3-f63e1f934942:192.168.164.233:41966, ddd4789c-894d-475a-bbfb-f6e7aa670c92:192.168.164.233:41061], old=null
2019-10-18 14:58:16,730 [grpc-default-executor-2] INFO  impl.RaftServerImpl (RaftServerImpl.java:setRole(184)) - ddd4789c-894d-475a-bbfb-f6e7aa670c92@group-58A987F56150: changes role from  FOLLOWER to FOLLOWER at term 147 for recognizeCandidate:327657b1-60f8-49f2-b2a3-f63e1f934942
2019-10-18 14:58:16,730 [grpc-default-executor-2] INFO  impl.RoleInfo (RoleInfo.java:shutdownFollowerState(121)) - ddd4789c-894d-475a-bbfb-f6e7aa670c92: shutdown FollowerState
2019-10-18 14:58:16,730 [grpc-default-executor-3] INFO  impl.RaftServerImpl (RaftServerImpl.java:setRole(184)) - 6605b8a5-570b-4977-9ee7-6aaf3012bed5@group-58A987F56150: changes role from  FOLLOWER to FOLLOWER at term 147 for recognizeCandidate:327657b1-60f8-49f2-b2a3-f63e1f934942
2019-10-18 14:58:16,731 [Thread-1114] INFO  impl.FollowerState (FollowerState.java:run(117)) - ddd4789c-894d-475a-bbfb-f6e7aa670c92@group-58A987F56150-FollowerState was interrupted: java.lang.InterruptedException: sleep interrupted
2019-10-18 14:58:16,730 [grpc-default-executor-2] INFO  impl.RoleInfo (RoleInfo.java:updateAndGet(143)) - ddd4789c-894d-475a-bbfb-f6e7aa670c92: start FollowerState
2019-10-18 14:58:16,731 [grpc-default-executor-3] INFO  impl.RoleInfo (RoleInfo.java:shutdownFollowerState(121)) - 6605b8a5-570b-4977-9ee7-6aaf3012bed5: shutdown FollowerState
2019-10-18 14:58:16,731 [grpc-default-executor-3] INFO  impl.RoleInfo (RoleInfo.java:updateAndGet(143)) - 6605b8a5-570b-4977-9ee7-6aaf3012bed5: start FollowerState
2019-10-18 14:58:16,731 [Thread-1113] INFO  impl.FollowerState (FollowerState.java:run(117)) - 6605b8a5-570b-4977-9ee7-6aaf3012bed5@group-58A987F56150-FollowerState was interrupted: java.lang.InterruptedException: sleep interrupted
2019-10-18 14:58:16,743 [327657b1-60f8-49f2-b2a3-f63e1f934942@group-58A987F56150-LeaderElection133] INFO  impl.LeaderElection (LeaderElection.java:logAndReturn(56)) - 327657b1-60f8-49f2-b2a3-f63e1f934942@group-58A987F56150-LeaderElection133: Election TIMEOUT; received 0 response(s) [] and 0 exception(s); 327657b1-60f8-49f2-b2a3-f63e1f934942@group-58A987F56150:t147, leader=null, voted=327657b1-60f8-49f2-b2a3-f63e1f934942, raftlog=327657b1-60f8-49f2-b2a3-f63e1f934942@group-58A987F56150-SegmentedRaftLog:OPENED:c-1,f-1,i0, conf=-1: [6605b8a5-570b-4977-9ee7-6aaf3012bed5:192.168.164.233:35223, 327657b1-60f8-49f2-b2a3-f63e1f934942:192.168.164.233:41966, ddd4789c-894d-475a-bbfb-f6e7aa670c92:192.168.164.233:41061], old=null
2019-10-18 14:58:16,758 [327657b1-60f8-49f2-b2a3-f63e1f934942@group-58A987F56150-LeaderElection133] INFO  impl.LeaderElection (LeaderElection.java:askForVotes(178)) - 327657b1-60f8-49f2-b2a3-f63e1f934942@group-58A987F56150-LeaderElection133: begin an election at term 148 for -1: [6605b8a5-570b-4977-9ee7-6aaf3012bed5:192.168.164.233:35223, 327657b1-60f8-49f2-b2a3-f63e1f934942:192.168.164.233:41966, ddd4789c-894d-475a-bbfb-f6e7aa670c92:192.168.164.233:41061], old=null
2019-10-18 14:58:16,759 [grpc-default-executor-3] INFO  impl.RaftServerImpl (RaftServerImpl.java:setRole(184)) - 6605b8a5-570b-4977-9ee7-6aaf3012bed5@group-58A987F56150: changes role from  FOLLOWER to FOLLOWER at term 148 for recognizeCandidate:327657b1-60f8-49f2-b2a3-f63e1f934942
2019-10-18 14:58:16,759 [grpc-default-executor-3] INFO  impl.RoleInfo (RoleInfo.java:shutdownFollowerState(121)) - 6605b8a5-570b-4977-9ee7-6aaf3012bed5: shutdown FollowerState
2019-10-18 14:58:16,760 [grpc-default-executor-3] INFO  impl.RoleInfo (RoleInfo.java:updateAndGet(143)) - 6605b8a5-570b-4977-9ee7-6aaf3012bed5: start FollowerState
2019-10-18 14:58:16,760 [Thread-1122] INFO  impl.FollowerState (FollowerState.java:run(117)) - 6605b8a5-570b-4977-9ee7-6aaf3012bed5@group-58A987F56150-FollowerState was interrupted: java.lang.InterruptedException: sleep interrupted
2019-10-18 14:58:16,760 [grpc-default-executor-2] INFO  impl.RaftServerImpl (RaftServerImpl.java:setRole(184)) - ddd4789c-894d-475a-bbfb-f6e7aa670c92@group-58A987F56150: changes role from  FOLLOWER to FOLLOWER at term 148 for recognizeCandidate:327657b1-60f8-49f2-b2a3-f63e1f934942
2019-10-18 14:58:16,760 [grpc-default-executor-2] INFO  impl.RoleInfo (RoleInfo.java:shutdownFollowerState(121)) - ddd4789c-894d-475a-bbfb-f6e7aa670c92: shutdown FollowerState
2019-10-18 14:58:16,760 [grpc-default-executor-2] INFO  impl.RoleInfo (RoleInfo.java:updateAndGet(143)) - ddd4789c-894d-475a-bbfb-f6e7aa670c92: start FollowerState
2019-10-18 14:58:16,760 [Thread-1121] INFO  impl.FollowerState (FollowerState.java:run(117)) - ddd4789c-894d-475a-bbfb-f6e7aa670c92@group-58A987F56150-FollowerState was interrupted: java.lang.InterruptedException: sleep interrupted
2019-10-18 14:58:16,785 [327657b1-60f8-49f2-b2a3-f63e1f934942@group-58A987F56150-LeaderElection133] INFO  impl.LeaderElection (LeaderElection.java:logAndReturn(56)) - 327657b1-60f8-49f2-b2a3-f63e1f934942@group-58A987F56150-LeaderElection133: Election REJECTED; received 2 response(s) [327657b1-60f8-49f2-b2a3-f63e1f934942<-6605b8a5-570b-4977-9ee7-6aaf3012bed5#0:FAIL-t148, 327657b1-60f8-49f2-b2a3-f63e1f934942<-ddd4789c-894d-475a-bbfb-f6e7aa670c92#0:FAIL-t148] and 0 exception(s); 327657b1-60f8-49f2-b2a3-f63e1f934942@group-58A987F56150:t148, leader=null, voted=327657b1-60f8-49f2-b2a3-f63e1f934942, raftlog=327657b1-60f8-49f2-b2a3-f63e1f934942@group-58A987F56150-SegmentedRaftLog:OPENED:c-1,f-1,i0, conf=-1: [6605b8a5-570b-4977-9ee7-6aaf3012bed5:192.168.164.233:35223, 327657b1-60f8-49f2-b2a3-f63e1f934942:192.168.164.233:41966, ddd4789c-894d-475a-bbfb-f6e7aa670c92:192.168.164.233:41061], old=null
2019-10-18 14:58:16,785 [327657b1-60f8-49f2-b2a3-f63e1f934942@group-58A987F56150-LeaderElection133] INFO  impl.RaftServerImpl (RaftServerImpl.java:setRole(184)) - 327657b1-60f8-49f2-b2a3-f63e1f934942@group-58A987F56150: changes role from CANDIDATE to FOLLOWER at term 148 for DISCOVERED_A_NEW_TERM
2019-10-18 14:58:16,786 [327657b1-60f8-49f2-b2a3-f63e1f934942@group-58A987F56150-LeaderElection133] INFO  impl.RoleInfo (RoleInfo.java:shutdownLeaderElection(134)) - 327657b1-60f8-49f2-b2a3-f63e1f934942: shutdown LeaderElection
2019-10-18 14:58:16,786 [327657b1-60f8-49f2-b2a3-f63e1f934942@group-58A987F56150-LeaderElection133] INFO  impl.RoleInfo (RoleInfo.java:updateAndGet(143)) - 327657b1-60f8-49f2-b2a3-f63e1f934942: start FollowerState
2019-10-18 14:58:16,934 [Thread-1127] INFO  impl.FollowerState (FollowerState.java:run(108)) - 327657b1-60f8-49f2-b2a3-f63e1f934942@group-58A987F56150-FollowerState: change to CANDIDATE, lastRpcTime:148ms, electionTimeout:148ms
2019-10-18 14:58:16,934 [Thread-1127] INFO  impl.RoleInfo (RoleInfo.java:shutdownFollowerState(121)) - 327657b1-60f8-49f2-b2a3-f63e1f934942: shutdown FollowerState
2019-10-18 14:58:16,934 [Thread-1127] INFO  impl.RaftServerImpl (RaftServerImpl.java:setRole(184)) - 327657b1-60f8-49f2-b2a3-f63e1f934942@group-58A987F56150: changes role from  FOLLOWER to CANDIDATE at term 148 for changeToCandidate
2019-10-18 14:58:16,935 [Thread-1127] INFO  impl.RoleInfo (RoleInfo.java:updateAndGet(143)) - 327657b1-60f8-49f2-b2a3-f63e1f934942: start LeaderElection
2019-10-18 14:58:16,948 [327657b1-60f8-49f2-b2a3-f63e1f934942@group-58A987F56150-LeaderElection134] INFO  impl.LeaderElection (LeaderElection.java:askForVotes(178)) - 327657b1-60f8-49f2-b2a3-f63e1f934942@group-58A987F56150-LeaderElection134: begin an election at term 149 for -1: [6605b8a5-570b-4977-9ee7-6aaf3012bed5:192.168.164.233:35223, 327657b1-60f8-49f2-b2a3-f63e1f934942:192.168.164.233:41966, ddd4789c-894d-475a-bbfb-f6e7aa670c92:192.168.164.233:41061], old=null
2019-10-18 14:58:16,950 [grpc-default-executor-2] INFO  impl.RaftServerImpl (RaftServerImpl.java:setRole(184)) - ddd4789c-894d-475a-bbfb-f6e7aa670c92@group-58A987F56150: changes role from  FOLLOWER to FOLLOWER at term 149 for recognizeCandidate:327657b1-60f8-49f2-b2a3-f63e1f934942
2019-10-18 14:58:16,951 [grpc-default-executor-2] INFO  impl.RoleInfo (RoleInfo.java:shutdownFollowerState(121)) - ddd4789c-894d-475a-bbfb-f6e7aa670c92: shutdown FollowerState
2019-10-18 14:58:16,950 [grpc-default-executor-3] INFO  impl.RaftServerImpl (RaftServerImpl.java:setRole(184)) - 6605b8a5-570b-4977-9ee7-6aaf3012bed5@group-58A987F56150: changes role from  FOLLOWER to FOLLOWER at term 149 for recognizeCandidate:327657b1-60f8-49f2-b2a3-f63e1f934942
2019-10-18 14:58:16,951 [Thread-1126] INFO  impl.FollowerState (FollowerState.java:run(117)) - ddd4789c-894d-475a-bbfb-f6e7aa670c92@group-58A987F56150-FollowerState was interrupted: java.lang.InterruptedException: sleep interrupted
2019-10-18 14:58:16,951 [grpc-default-executor-2] INFO  impl.RoleInfo (RoleInfo.java:updateAndGet(143)) - ddd4789c-894d-475a-bbfb-f6e7aa670c92: start FollowerState
2019-10-18 14:58:16,951 [grpc-default-executor-3] INFO  impl.RoleInfo (RoleInfo.java:shutdownFollowerState(121)) - 6605b8a5-570b-4977-9ee7-6aaf3012bed5: shutdown FollowerState
2019-10-18 14:58:16,952 [grpc-default-executor-3] INFO  impl.RoleInfo (RoleInfo.java:updateAndGet(143)) - 6605b8a5-570b-4977-9ee7-6aaf3012bed5: start FollowerState
2019-10-18 14:58:16,952 [Thread-1125] INFO  impl.FollowerState (FollowerState.java:run(117)) - 6605b8a5-570b-4977-9ee7-6aaf3012bed5@group-58A987F56150-FollowerState was interrupted: java.lang.InterruptedException: sleep interrupted
2019-10-18 14:58:16,973 [327657b1-60f8-49f2-b2a3-f63e1f934942@group-58A987F56150-LeaderElection134] INFO  impl.LeaderElection (LeaderElection.java:logAndReturn(56)) - 327657b1-60f8-49f2-b2a3-f63e1f934942@group-58A987F56150-LeaderElection134: Election TIMEOUT; received 0 response(s) [] and 0 exception(s); 327657b1-60f8-49f2-b2a3-f63e1f934942@group-58A987F56150:t149, leader=null, voted=327657b1-60f8-49f2-b2a3-f63e1f934942, raftlog=327657b1-60f8-49f2-b2a3-f63e1f934942@group-58A987F56150-SegmentedRaftLog:OPENED:c-1,f-1,i0, conf=-1: [6605b8a5-570b-4977-9ee7-6aaf3012bed5:192.168.164.233:35223, 327657b1-60f8-49f2-b2a3-f63e1f934942:192.168.164.233:41966, ddd4789c-894d-475a-bbfb-f6e7aa670c92:192.168.164.233:41061], old=null
2019-10-18 14:58:16,980 [327657b1-60f8-49f2-b2a3-f63e1f934942@group-58A987F56150-LeaderElection134] INFO  impl.LeaderElection (LeaderElection.java:askForVotes(178)) - 327657b1-60f8-49f2-b2a3-f63e1f934942@group-58A987F56150-LeaderElection134: begin an election at term 150 for -1: [6605b8a5-570b-4977-9ee7-6aaf3012bed5:192.168.164.233:35223, 327657b1-60f8-49f2-b2a3-f63e1f934942:192.168.164.233:41966, ddd4789c-894d-475a-bbfb-f6e7aa670c92:192.168.164.233:41061], old=null
2019-10-18 14:58:16,982 [grpc-default-executor-3] INFO  impl.RaftServerImpl (RaftServerImpl.java:setRole(184)) - 6605b8a5-570b-4977-9ee7-6aaf3012bed5@group-58A987F56150: changes role from  FOLLOWER to FOLLOWER at term 150 for recognizeCandidate:327657b1-60f8-49f2-b2a3-f63e1f934942
2019-10-18 14:58:16,982 [grpc-default-executor-3] INFO  impl.RoleInfo (RoleInfo.java:shutdownFollowerState(121)) - 6605b8a5-570b-4977-9ee7-6aaf3012bed5: shutdown FollowerState
2019-10-18 14:58:16,983 [grpc-default-executor-3] INFO  impl.RoleInfo (RoleInfo.java:updateAndGet(143)) - 6605b8a5-570b-4977-9ee7-6aaf3012bed5: start FollowerState
2019-10-18 14:58:16,983 [Thread-1132] INFO  impl.FollowerState (FollowerState.java:run(117)) - 6605b8a5-570b-4977-9ee7-6aaf3012bed5@group-58A987F56150-FollowerState was interrupted: java.lang.InterruptedException: sleep interrupted
2019-10-18 14:58:16,983 [grpc-default-executor-2] INFO  impl.RaftServerImpl (RaftServerImpl.java:setRole(184)) - ddd4789c-894d-475a-bbfb-f6e7aa670c92@group-58A987F56150: changes role from  FOLLOWER to FOLLOWER at term 150 for recognizeCandidate:327657b1-60f8-49f2-b2a3-f63e1f934942
2019-10-18 14:58:16,983 [grpc-default-executor-2] INFO  impl.RoleInfo (RoleInfo.java:shutdownFollowerState(121)) - ddd4789c-894d-475a-bbfb-f6e7aa670c92: shutdown FollowerState
2019-10-18 14:58:16,983 [grpc-default-executor-2] INFO  impl.RoleInfo (RoleInfo.java:updateAndGet(143)) - ddd4789c-894d-475a-bbfb-f6e7aa670c92: start FollowerState
2019-10-18 14:58:16,983 [Thread-1131] INFO  impl.FollowerState (FollowerState.java:run(117)) - ddd4789c-894d-475a-bbfb-f6e7aa670c92@group-58A987F56150-FollowerState was interrupted: java.lang.InterruptedException: sleep interrupted
2019-10-18 14:58:17,000 [327657b1-60f8-49f2-b2a3-f63e1f934942@group-58A987F56150-LeaderElection134] INFO  impl.LeaderElection (LeaderElection.java:logAndReturn(56)) - 327657b1-60f8-49f2-b2a3-f63e1f934942@group-58A987F56150-LeaderElection134: Election REJECTED; received 2 response(s) [327657b1-60f8-49f2-b2a3-f63e1f934942<-6605b8a5-570b-4977-9ee7-6aaf3012bed5#0:FAIL-t150, 327657b1-60f8-49f2-b2a3-f63e1f934942<-ddd4789c-894d-475a-bbfb-f6e7aa670c92#0:FAIL-t150] and 0 exception(s); 327657b1-60f8-49f2-b2a3-f63e1f934942@group-58A987F56150:t150, leader=null, voted=327657b1-60f8-49f2-b2a3-f63e1f934942, raftlog=327657b1-60f8-49f2-b2a3-f63e1f934942@group-58A987F56150-SegmentedRaftLog:OPENED:c-1,f-1,i0, conf=-1: [6605b8a5-570b-4977-9ee7-6aaf3012bed5:192.168.164.233:35223, 327657b1-60f8-49f2-b2a3-f63e1f934942:192.168.164.233:41966, ddd4789c-894d-475a-bbfb-f6e7aa670c92:192.168.164.233:41061], old=null
2019-10-18 14:58:17,001 [327657b1-60f8-49f2-b2a3-f63e1f934942@group-58A987F56150-LeaderElection134] INFO  impl.RaftServerImpl (RaftServerImpl.java:setRole(184)) - 327657b1-60f8-49f2-b2a3-f63e1f934942@group-58A987F56150: changes role from CANDIDATE to FOLLOWER at term 150 for DISCOVERED_A_NEW_TERM
2019-10-18 14:58:17,001 [327657b1-60f8-49f2-b2a3-f63e1f934942@group-58A987F56150-LeaderElection134] INFO  impl.RoleInfo (RoleInfo.java:shutdownLeaderElection(134)) - 327657b1-60f8-49f2-b2a3-f63e1f934942: shutdown LeaderElection
2019-10-18 14:58:17,001 [327657b1-60f8-49f2-b2a3-f63e1f934942@group-58A987F56150-LeaderElection134] INFO  impl.RoleInfo (RoleInfo.java:updateAndGet(143)) - 327657b1-60f8-49f2-b2a3-f63e1f934942: start FollowerState
2019-10-18 14:58:17,148 [Thread-1137] INFO  impl.FollowerState (FollowerState.java:run(108)) - 327657b1-60f8-49f2-b2a3-f63e1f934942@group-58A987F56150-FollowerState: change to CANDIDATE, lastRpcTime:147ms, electionTimeout:147ms
2019-10-18 14:58:17,149 [Thread-1137] INFO  impl.RoleInfo (RoleInfo.java:shutdownFollowerState(121)) - 327657b1-60f8-49f2-b2a3-f63e1f934942: shutdown FollowerState
2019-10-18 14:58:17,149 [Thread-1137] INFO  impl.RaftServerImpl (RaftServerImpl.java:setRole(184)) - 327657b1-60f8-49f2-b2a3-f63e1f934942@group-58A987F56150: changes role from  FOLLOWER to CANDIDATE at term 150 for changeToCandidate
2019-10-18 14:58:17,149 [Thread-1137] INFO  impl.RoleInfo (RoleInfo.java:updateAndGet(143)) - 327657b1-60f8-49f2-b2a3-f63e1f934942: start LeaderElection
2019-10-18 14:58:17,162 [327657b1-60f8-49f2-b2a3-f63e1f934942@group-58A987F56150-LeaderElection135] INFO  impl.LeaderElection (LeaderElection.java:askForVotes(178)) - 327657b1-60f8-49f2-b2a3-f63e1f934942@group-58A987F56150-LeaderElection135: begin an election at term 151 for -1: [6605b8a5-570b-4977-9ee7-6aaf3012bed5:192.168.164.233:35223, 327657b1-60f8-49f2-b2a3-f63e1f934942:192.168.164.233:41966, ddd4789c-894d-475a-bbfb-f6e7aa670c92:192.168.164.233:41061], old=null
2019-10-18 14:58:17,164 [grpc-default-executor-3] INFO  impl.RaftServerImpl (RaftServerImpl.java:setRole(184)) - 6605b8a5-570b-4977-9ee7-6aaf3012bed5@group-58A987F56150: changes role from  FOLLOWER to FOLLOWER at term 151 for recognizeCandidate:327657b1-60f8-49f2-b2a3-f63e1f934942
2019-10-18 14:58:17,164 [grpc-default-executor-3] INFO  impl.RoleInfo (RoleInfo.java:shutdownFollowerState(121)) - 6605b8a5-570b-4977-9ee7-6aaf3012bed5: shutdown FollowerState
2019-10-18 14:58:17,164 [grpc-default-executor-2] INFO  impl.RaftServerImpl (RaftServerImpl.java:setRole(184)) - ddd4789c-894d-475a-bbfb-f6e7aa670c92@group-58A987F56150: changes role from  FOLLOWER to FOLLOWER at term 151 for recognizeCandidate:327657b1-60f8-49f2-b2a3-f63e1f934942
2019-10-18 14:58:17,164 [Thread-1135] INFO  impl.FollowerState (FollowerState.java:run(117)) - 6605b8a5-570b-4977-9ee7-6aaf3012bed5@group-58A987F56150-FollowerState was interrupted: java.lang.InterruptedException: sleep interrupted
2019-10-18 14:58:17,164 [grpc-default-executor-3] INFO  impl.RoleInfo (RoleInfo.java:updateAndGet(143)) - 6605b8a5-570b-4977-9ee7-6aaf3012bed5: start FollowerState
2019-10-18 14:58:17,165 [grpc-default-executor-2] INFO  impl.RoleInfo (RoleInfo.java:shutdownFollowerState(121)) - ddd4789c-894d-475a-bbfb-f6e7aa670c92: shutdown FollowerState
2019-10-18 14:58:17,165 [grpc-default-executor-2] INFO  impl.RoleInfo (RoleInfo.java:updateAndGet(143)) - ddd4789c-894d-475a-bbfb-f6e7aa670c92: start FollowerState
2019-10-18 14:58:17,165 [Thread-1136] INFO  impl.FollowerState (FollowerState.java:run(117)) - ddd4789c-894d-475a-bbfb-f6e7aa670c92@group-58A987F56150-FollowerState was interrupted: java.lang.InterruptedException: sleep interrupted
2019-10-18 14:58:17,187 [327657b1-60f8-49f2-b2a3-f63e1f934942@group-58A987F56150-LeaderElection135] INFO  impl.LeaderElection (LeaderElection.java:logAndReturn(56)) - 327657b1-60f8-49f2-b2a3-f63e1f934942@group-58A987F56150-LeaderElection135: Election REJECTED; received 2 response(s) [327657b1-60f8-49f2-b2a3-f63e1f934942<-6605b8a5-570b-4977-9ee7-6aaf3012bed5#0:FAIL-t151, 327657b1-60f8-49f2-b2a3-f63e1f934942<-ddd4789c-894d-475a-bbfb-f6e7aa670c92#0:FAIL-t151] and 0 exception(s); 327657b1-60f8-49f2-b2a3-f63e1f934942@group-58A987F56150:t151, leader=null, voted=327657b1-60f8-49f2-b2a3-f63e1f934942, raftlog=327657b1-60f8-49f2-b2a3-f63e1f934942@group-58A987F56150-SegmentedRaftLog:OPENED:c-1,f-1,i0, conf=-1: [6605b8a5-570b-4977-9ee7-6aaf3012bed5:192.168.164.233:35223, 327657b1-60f8-49f2-b2a3-f63e1f934942:192.168.164.233:41966, ddd4789c-894d-475a-bbfb-f6e7aa670c92:192.168.164.233:41061], old=null
2019-10-18 14:58:17,188 [327657b1-60f8-49f2-b2a3-f63e1f934942@group-58A987F56150-LeaderElection135] INFO  impl.RaftServerImpl (RaftServerImpl.java:setRole(184)) - 327657b1-60f8-49f2-b2a3-f63e1f934942@group-58A987F56150: changes role from CANDIDATE to FOLLOWER at term 151 for DISCOVERED_A_NEW_TERM
2019-10-18 14:58:17,188 [327657b1-60f8-49f2-b2a3-f63e1f934942@group-58A987F56150-LeaderElection135] INFO  impl.RoleInfo (RoleInfo.java:shutdownLeaderElection(134)) - 327657b1-60f8-49f2-b2a3-f63e1f934942: shutdown LeaderElection
2019-10-18 14:58:17,188 [327657b1-60f8-49f2-b2a3-f63e1f934942@group-58A987F56150-LeaderElection135] INFO  impl.RoleInfo (RoleInfo.java:updateAndGet(143)) - 327657b1-60f8-49f2-b2a3-f63e1f934942: start FollowerState
2019-10-18 14:58:17,256 [Thread-1143] INFO  impl.FollowerState (FollowerState.java:run(108)) - 327657b1-60f8-49f2-b2a3-f63e1f934942@group-58A987F56150-FollowerState: change to CANDIDATE, lastRpcTime:68ms, electionTimeout:68ms
2019-10-18 14:58:17,256 [Thread-1143] INFO  impl.RoleInfo (RoleInfo.java:shutdownFollowerState(121)) - 327657b1-60f8-49f2-b2a3-f63e1f934942: shutdown FollowerState
2019-10-18 14:58:17,257 [Thread-1143] INFO  impl.RaftServerImpl (RaftServerImpl.java:setRole(184)) - 327657b1-60f8-49f2-b2a3-f63e1f934942@group-58A987F56150: changes role from  FOLLOWER to CANDIDATE at term 151 for changeToCandidate
2019-10-18 14:58:17,257 [Thread-1143] INFO  impl.RoleInfo (RoleInfo.java:updateAndGet(143)) - 327657b1-60f8-49f2-b2a3-f63e1f934942: start LeaderElection
2019-10-18 14:58:17,272 [327657b1-60f8-49f2-b2a3-f63e1f934942@group-58A987F56150-LeaderElection136] INFO  impl.LeaderElection (LeaderElection.java:askForVotes(178)) - 327657b1-60f8-49f2-b2a3-f63e1f934942@group-58A987F56150-LeaderElection136: begin an election at term 152 for -1: [6605b8a5-570b-4977-9ee7-6aaf3012bed5:192.168.164.233:35223, 327657b1-60f8-49f2-b2a3-f63e1f934942:192.168.164.233:41966, ddd4789c-894d-475a-bbfb-f6e7aa670c92:192.168.164.233:41061], old=null
2019-10-18 14:58:17,274 [grpc-default-executor-3] INFO  impl.RaftServerImpl (RaftServerImpl.java:setRole(184)) - 6605b8a5-570b-4977-9ee7-6aaf3012bed5@group-58A987F56150: changes role from  FOLLOWER to FOLLOWER at term 152 for recognizeCandidate:327657b1-60f8-49f2-b2a3-f63e1f934942
2019-10-18 14:58:17,274 [grpc-default-executor-3] INFO  impl.RoleInfo (RoleInfo.java:shutdownFollowerState(121)) - 6605b8a5-570b-4977-9ee7-6aaf3012bed5: shutdown FollowerState
2019-10-18 14:58:17,274 [grpc-default-executor-3] INFO  impl.RoleInfo (RoleInfo.java:updateAndGet(143)) - 6605b8a5-570b-4977-9ee7-6aaf3012bed5: start FollowerState
2019-10-18 14:58:17,274 [grpc-default-executor-2] INFO  impl.RaftServerImpl (RaftServerImpl.java:setRole(184)) - ddd4789c-894d-475a-bbfb-f6e7aa670c92@group-58A987F56150: changes role from  FOLLOWER to FOLLOWER at term 152 for recognizeCandidate:327657b1-60f8-49f2-b2a3-f63e1f934942
2019-10-18 14:58:17,274 [Thread-1141] INFO  impl.FollowerState (FollowerState.java:run(117)) - 6605b8a5-570b-4977-9ee7-6aaf3012bed5@group-58A987F56150-FollowerState was interrupted: java.lang.InterruptedException: sleep interrupted
2019-10-18 14:58:17,275 [grpc-default-executor-2] INFO  impl.RoleInfo (RoleInfo.java:shutdownFollowerState(121)) - ddd4789c-894d-475a-bbfb-f6e7aa670c92: shutdown FollowerState
2019-10-18 14:58:17,275 [grpc-default-executor-2] INFO  impl.RoleInfo (RoleInfo.java:updateAndGet(143)) - ddd4789c-894d-475a-bbfb-f6e7aa670c92: start FollowerState
2019-10-18 14:58:17,275 [Thread-1142] INFO  impl.FollowerState (FollowerState.java:run(117)) - ddd4789c-894d-475a-bbfb-f6e7aa670c92@group-58A987F56150-FollowerState was interrupted: java.lang.InterruptedException: sleep interrupted
2019-10-18 14:58:17,277 [327657b1-60f8-49f2-b2a3-f63e1f934942@group-58A987F56150-LeaderElection136] INFO  impl.LeaderElection (LeaderElection.java:logAndReturn(56)) - 327657b1-60f8-49f2-b2a3-f63e1f934942@group-58A987F56150-LeaderElection136: Election TIMEOUT; received 0 response(s) [] and 0 exception(s); 327657b1-60f8-49f2-b2a3-f63e1f934942@group-58A987F56150:t152, leader=null, voted=327657b1-60f8-49f2-b2a3-f63e1f934942, raftlog=327657b1-60f8-49f2-b2a3-f63e1f934942@group-58A987F56150-SegmentedRaftLog:OPENED:c-1,f-1,i0, conf=-1: [6605b8a5-570b-4977-9ee7-6aaf3012bed5:192.168.164.233:35223, 327657b1-60f8-49f2-b2a3-f63e1f934942:192.168.164.233:41966, ddd4789c-894d-475a-bbfb-f6e7aa670c92:192.168.164.233:41061], old=null
2019-10-18 14:58:17,300 [327657b1-60f8-49f2-b2a3-f63e1f934942@group-58A987F56150-LeaderElection136] INFO  impl.LeaderElection (LeaderElection.java:askForVotes(178)) - 327657b1-60f8-49f2-b2a3-f63e1f934942@group-58A987F56150-LeaderElection136: begin an election at term 153 for -1: [6605b8a5-570b-4977-9ee7-6aaf3012bed5:192.168.164.233:35223, 327657b1-60f8-49f2-b2a3-f63e1f934942:192.168.164.233:41966, ddd4789c-894d-475a-bbfb-f6e7aa670c92:192.168.164.233:41061], old=null
2019-10-18 14:58:17,301 [grpc-default-executor-3] INFO  impl.RaftServerImpl (RaftServerImpl.java:setRole(184)) - 6605b8a5-570b-4977-9ee7-6aaf3012bed5@group-58A987F56150: changes role from  FOLLOWER to FOLLOWER at term 153 for recognizeCandidate:327657b1-60f8-49f2-b2a3-f63e1f934942
2019-10-18 14:58:17,301 [grpc-default-executor-3] INFO  impl.RoleInfo (RoleInfo.java:shutdownFollowerState(121)) - 6605b8a5-570b-4977-9ee7-6aaf3012bed5: shutdown FollowerState
2019-10-18 14:58:17,301 [grpc-default-executor-3] INFO  impl.RoleInfo (RoleInfo.java:updateAndGet(143)) - 6605b8a5-570b-4977-9ee7-6aaf3012bed5: start FollowerState
2019-10-18 14:58:17,301 [Thread-1147] INFO  impl.FollowerState (FollowerState.java:run(117)) - 6605b8a5-570b-4977-9ee7-6aaf3012bed5@group-58A987F56150-FollowerState was interrupted: java.lang.InterruptedException: sleep interrupted
2019-10-18 14:58:17,302 [grpc-default-executor-2] INFO  impl.RaftServerImpl (RaftServerImpl.java:setRole(184)) - ddd4789c-894d-475a-bbfb-f6e7aa670c92@group-58A987F56150: changes role from  FOLLOWER to FOLLOWER at term 153 for recognizeCandidate:327657b1-60f8-49f2-b2a3-f63e1f934942
2019-10-18 14:58:17,302 [grpc-default-executor-2] INFO  impl.RoleInfo (RoleInfo.java:shutdownFollowerState(121)) - ddd4789c-894d-475a-bbfb-f6e7aa670c92: shutdown FollowerState
2019-10-18 14:58:17,302 [grpc-default-executor-2] INFO  impl.RoleInfo (RoleInfo.java:updateAndGet(143)) - ddd4789c-894d-475a-bbfb-f6e7aa670c92: start FollowerState
2019-10-18 14:58:17,302 [Thread-1148] INFO  impl.FollowerState (FollowerState.java:run(117)) - ddd4789c-894d-475a-bbfb-f6e7aa670c92@group-58A987F56150-FollowerState was interrupted: java.lang.InterruptedException: sleep interrupted
2019-10-18 14:58:17,316 [327657b1-60f8-49f2-b2a3-f63e1f934942@group-58A987F56150-LeaderElection136] INFO  impl.LeaderElection (LeaderElection.java:logAndReturn(56)) - 327657b1-60f8-49f2-b2a3-f63e1f934942@group-58A987F56150-LeaderElection136: Election REJECTED; received 2 response(s) [327657b1-60f8-49f2-b2a3-f63e1f934942<-6605b8a5-570b-4977-9ee7-6aaf3012bed5#0:FAIL-t153, 327657b1-60f8-49f2-b2a3-f63e1f934942<-ddd4789c-894d-475a-bbfb-f6e7aa670c92#0:FAIL-t153] and 0 exception(s); 327657b1-60f8-49f2-b2a3-f63e1f934942@group-58A987F56150:t153, leader=null, voted=327657b1-60f8-49f2-b2a3-f63e1f934942, raftlog=327657b1-60f8-49f2-b2a3-f63e1f934942@group-58A987F56150-SegmentedRaftLog:OPENED:c-1,f-1,i0, conf=-1: [6605b8a5-570b-4977-9ee7-6aaf3012bed5:192.168.164.233:35223, 327657b1-60f8-49f2-b2a3-f63e1f934942:192.168.164.233:41966, ddd4789c-894d-475a-bbfb-f6e7aa670c92:192.168.164.233:41061], old=null
2019-10-18 14:58:17,316 [327657b1-60f8-49f2-b2a3-f63e1f934942@group-58A987F56150-LeaderElection136] INFO  impl.RaftServerImpl (RaftServerImpl.java:setRole(184)) - 327657b1-60f8-49f2-b2a3-f63e1f934942@group-58A987F56150: changes role from CANDIDATE to FOLLOWER at term 153 for DISCOVERED_A_NEW_TERM
2019-10-18 14:58:17,316 [327657b1-60f8-49f2-b2a3-f63e1f934942@group-58A987F56150-LeaderElection136] INFO  impl.RoleInfo (RoleInfo.java:shutdownLeaderElection(134)) - 327657b1-60f8-49f2-b2a3-f63e1f934942: shutdown LeaderElection
2019-10-18 14:58:17,316 [327657b1-60f8-49f2-b2a3-f63e1f934942@group-58A987F56150-LeaderElection136] INFO  impl.RoleInfo (RoleInfo.java:updateAndGet(143)) - 327657b1-60f8-49f2-b2a3-f63e1f934942: start FollowerState
2019-10-18 14:58:17,360 [Thread-1153] INFO  impl.FollowerState (FollowerState.java:run(108)) - 327657b1-60f8-49f2-b2a3-f63e1f934942@group-58A987F56150-FollowerState: change to CANDIDATE, lastRpcTime:44ms, electionTimeout:44ms
2019-10-18 14:58:17,361 [Thread-1153] INFO  impl.RoleInfo (RoleInfo.java:shutdownFollowerState(121)) - 327657b1-60f8-49f2-b2a3-f63e1f934942: shutdown FollowerState
2019-10-18 14:58:17,361 [Thread-1153] INFO  impl.RaftServerImpl (RaftServerImpl.java:setRole(184)) - 327657b1-60f8-49f2-b2a3-f63e1f934942@group-58A987F56150: changes role from  FOLLOWER to CANDIDATE at term 153 for changeToCandidate
2019-10-18 14:58:17,361 [Thread-1153] INFO  impl.RoleInfo (RoleInfo.java:updateAndGet(143)) - 327657b1-60f8-49f2-b2a3-f63e1f934942: start LeaderElection
2019-10-18 14:58:17,374 [327657b1-60f8-49f2-b2a3-f63e1f934942@group-58A987F56150-LeaderElection137] INFO  impl.LeaderElection (LeaderElection.java:askForVotes(178)) - 327657b1-60f8-49f2-b2a3-f63e1f934942@group-58A987F56150-LeaderElection137: begin an election at term 154 for -1: [6605b8a5-570b-4977-9ee7-6aaf3012bed5:192.168.164.233:35223, 327657b1-60f8-49f2-b2a3-f63e1f934942:192.168.164.233:41966, ddd4789c-894d-475a-bbfb-f6e7aa670c92:192.168.164.233:41061], old=null
2019-10-18 14:58:17,376 [grpc-default-executor-2] INFO  impl.RaftServerImpl (RaftServerImpl.java:setRole(184)) - 6605b8a5-570b-4977-9ee7-6aaf3012bed5@group-58A987F56150: changes role from  FOLLOWER to FOLLOWER at term 154 for recognizeCandidate:327657b1-60f8-49f2-b2a3-f63e1f934942
2019-10-18 14:58:17,376 [grpc-default-executor-2] INFO  impl.RoleInfo (RoleInfo.java:shutdownFollowerState(121)) - 6605b8a5-570b-4977-9ee7-6aaf3012bed5: shutdown FollowerState
2019-10-18 14:58:17,376 [grpc-default-executor-3] INFO  impl.RaftServerImpl (RaftServerImpl.java:setRole(184)) - ddd4789c-894d-475a-bbfb-f6e7aa670c92@group-58A987F56150: changes role from  FOLLOWER to FOLLOWER at term 154 for recognizeCandidate:327657b1-60f8-49f2-b2a3-f63e1f934942
2019-10-18 14:58:17,377 [grpc-default-executor-3] INFO  impl.RoleInfo (RoleInfo.java:shutdownFollowerState(121)) - ddd4789c-894d-475a-bbfb-f6e7aa670c92: shutdown FollowerState
2019-10-18 14:58:17,377 [Thread-1151] INFO  impl.FollowerState (FollowerState.java:run(117)) - 6605b8a5-570b-4977-9ee7-6aaf3012bed5@group-58A987F56150-FollowerState was interrupted: java.lang.InterruptedException: sleep interrupted
2019-10-18 14:58:17,376 [grpc-default-executor-2] INFO  impl.RoleInfo (RoleInfo.java:updateAndGet(143)) - 6605b8a5-570b-4977-9ee7-6aaf3012bed5: start FollowerState
2019-10-18 14:58:17,377 [Thread-1152] INFO  impl.FollowerState (FollowerState.java:run(117)) - ddd4789c-894d-475a-bbfb-f6e7aa670c92@group-58A987F56150-FollowerState was interrupted: java.lang.InterruptedException: sleep interrupted
2019-10-18 14:58:17,377 [grpc-default-executor-3] INFO  impl.RoleInfo (RoleInfo.java:updateAndGet(143)) - ddd4789c-894d-475a-bbfb-f6e7aa670c92: start FollowerState
2019-10-18 14:58:17,403 [327657b1-60f8-49f2-b2a3-f63e1f934942@group-58A987F56150-LeaderElection137] INFO  impl.LeaderElection (LeaderElection.java:logAndReturn(56)) - 327657b1-60f8-49f2-b2a3-f63e1f934942@group-58A987F56150-LeaderElection137: Election REJECTED; received 2 response(s) [327657b1-60f8-49f2-b2a3-f63e1f934942<-6605b8a5-570b-4977-9ee7-6aaf3012bed5#0:FAIL-t154, 327657b1-60f8-49f2-b2a3-f63e1f934942<-ddd4789c-894d-475a-bbfb-f6e7aa670c92#0:FAIL-t154] and 0 exception(s); 327657b1-60f8-49f2-b2a3-f63e1f934942@group-58A987F56150:t154, leader=null, voted=327657b1-60f8-49f2-b2a3-f63e1f934942, raftlog=327657b1-60f8-49f2-b2a3-f63e1f934942@group-58A987F56150-SegmentedRaftLog:OPENED:c-1,f-1,i0, conf=-1: [6605b8a5-570b-4977-9ee7-6aaf3012bed5:192.168.164.233:35223, 327657b1-60f8-49f2-b2a3-f63e1f934942:192.168.164.233:41966, ddd4789c-894d-475a-bbfb-f6e7aa670c92:192.168.164.233:41061], old=null
2019-10-18 14:58:17,403 [327657b1-60f8-49f2-b2a3-f63e1f934942@group-58A987F56150-LeaderElection137] INFO  impl.RaftServerImpl (RaftServerImpl.java:setRole(184)) - 327657b1-60f8-49f2-b2a3-f63e1f934942@group-58A987F56150: changes role from CANDIDATE to FOLLOWER at term 154 for DISCOVERED_A_NEW_TERM
2019-10-18 14:58:17,404 [327657b1-60f8-49f2-b2a3-f63e1f934942@group-58A987F56150-LeaderElection137] INFO  impl.RoleInfo (RoleInfo.java:shutdownLeaderElection(134)) - 327657b1-60f8-49f2-b2a3-f63e1f934942: shutdown LeaderElection
2019-10-18 14:58:17,404 [327657b1-60f8-49f2-b2a3-f63e1f934942@group-58A987F56150-LeaderElection137] INFO  impl.RoleInfo (RoleInfo.java:updateAndGet(143)) - 327657b1-60f8-49f2-b2a3-f63e1f934942: start FollowerState
2019-10-18 14:58:17,490 [Thread-1159] INFO  impl.FollowerState (FollowerState.java:run(108)) - 327657b1-60f8-49f2-b2a3-f63e1f934942@group-58A987F56150-FollowerState: change to CANDIDATE, lastRpcTime:86ms, electionTimeout:86ms
2019-10-18 14:58:17,490 [Thread-1159] INFO  impl.RoleInfo (RoleInfo.java:shutdownFollowerState(121)) - 327657b1-60f8-49f2-b2a3-f63e1f934942: shutdown FollowerState
2019-10-18 14:58:17,491 [Thread-1159] INFO  impl.RaftServerImpl (RaftServerImpl.java:setRole(184)) - 327657b1-60f8-49f2-b2a3-f63e1f934942@group-58A987F56150: changes role from  FOLLOWER to CANDIDATE at term 154 for changeToCandidate
2019-10-18 14:58:17,491 [Thread-1159] INFO  impl.RoleInfo (RoleInfo.java:updateAndGet(143)) - 327657b1-60f8-49f2-b2a3-f63e1f934942: start LeaderElection
2019-10-18 14:58:17,505 [327657b1-60f8-49f2-b2a3-f63e1f934942@group-58A987F56150-LeaderElection138] INFO  impl.LeaderElection (LeaderElection.java:askForVotes(178)) - 327657b1-60f8-49f2-b2a3-f63e1f934942@group-58A987F56150-LeaderElection138: begin an election at term 155 for -1: [6605b8a5-570b-4977-9ee7-6aaf3012bed5:192.168.164.233:35223, 327657b1-60f8-49f2-b2a3-f63e1f934942:192.168.164.233:41966, ddd4789c-894d-475a-bbfb-f6e7aa670c92:192.168.164.233:41061], old=null
2019-10-18 14:58:17,508 [grpc-default-executor-3] INFO  impl.RaftServerImpl (RaftServerImpl.java:setRole(184)) - 6605b8a5-570b-4977-9ee7-6aaf3012bed5@group-58A987F56150: changes role from  FOLLOWER to FOLLOWER at term 155 for recognizeCandidate:327657b1-60f8-49f2-b2a3-f63e1f934942
2019-10-18 14:58:17,508 [grpc-default-executor-3] INFO  impl.RoleInfo (RoleInfo.java:shutdownFollowerState(121)) - 6605b8a5-570b-4977-9ee7-6aaf3012bed5: shutdown FollowerState
2019-10-18 14:58:17,508 [grpc-default-executor-3] INFO  impl.RoleInfo (RoleInfo.java:updateAndGet(143)) - 6605b8a5-570b-4977-9ee7-6aaf3012bed5: start FollowerState
2019-10-18 14:58:17,508 [Thread-1157] INFO  impl.FollowerState (FollowerState.java:run(117)) - 6605b8a5-570b-4977-9ee7-6aaf3012bed5@group-58A987F56150-FollowerState was interrupted: java.lang.InterruptedException: sleep interrupted
2019-10-18 14:58:17,508 [grpc-default-executor-2] INFO  impl.RaftServerImpl (RaftServerImpl.java:setRole(184)) - ddd4789c-894d-475a-bbfb-f6e7aa670c92@group-58A987F56150: changes role from  FOLLOWER to FOLLOWER at term 155 for recognizeCandidate:327657b1-60f8-49f2-b2a3-f63e1f934942
2019-10-18 14:58:17,509 [grpc-default-executor-2] INFO  impl.RoleInfo (RoleInfo.java:shutdownFollowerState(121)) - ddd4789c-894d-475a-bbfb-f6e7aa670c92: shutdown FollowerState
2019-10-18 14:58:17,509 [grpc-default-executor-2] INFO  impl.RoleInfo (RoleInfo.java:updateAndGet(143)) - ddd4789c-894d-475a-bbfb-f6e7aa670c92: start FollowerState
2019-10-18 14:58:17,509 [Thread-1158] INFO  impl.FollowerState (FollowerState.java:run(117)) - ddd4789c-894d-475a-bbfb-f6e7aa670c92@group-58A987F56150-FollowerState was interrupted: java.lang.InterruptedException: sleep interrupted
2019-10-18 14:58:17,512 [327657b1-60f8-49f2-b2a3-f63e1f934942@group-58A987F56150-LeaderElection138] INFO  impl.LeaderElection (LeaderElection.java:logAndReturn(56)) - 327657b1-60f8-49f2-b2a3-f63e1f934942@group-58A987F56150-LeaderElection138: Election TIMEOUT; received 0 response(s) [] and 0 exception(s); 327657b1-60f8-49f2-b2a3-f63e1f934942@group-58A987F56150:t155, leader=null, voted=327657b1-60f8-49f2-b2a3-f63e1f934942, raftlog=327657b1-60f8-49f2-b2a3-f63e1f934942@group-58A987F56150-SegmentedRaftLog:OPENED:c-1,f-1,i0, conf=-1: [6605b8a5-570b-4977-9ee7-6aaf3012bed5:192.168.164.233:35223, 327657b1-60f8-49f2-b2a3-f63e1f934942:192.168.164.233:41966, ddd4789c-894d-475a-bbfb-f6e7aa670c92:192.168.164.233:41061], old=null
2019-10-18 14:58:17,522 [327657b1-60f8-49f2-b2a3-f63e1f934942@group-58A987F56150-LeaderElection138] INFO  impl.LeaderElection (LeaderElection.java:askForVotes(178)) - 327657b1-60f8-49f2-b2a3-f63e1f934942@group-58A987F56150-LeaderElection138: begin an election at term 156 for -1: [6605b8a5-570b-4977-9ee7-6aaf3012bed5:192.168.164.233:35223, 327657b1-60f8-49f2-b2a3-f63e1f934942:192.168.164.233:41966, ddd4789c-894d-475a-bbfb-f6e7aa670c92:192.168.164.233:41061], old=null
2019-10-18 14:58:17,524 [grpc-default-executor-3] INFO  impl.RaftServerImpl (RaftServerImpl.java:setRole(184)) - 6605b8a5-570b-4977-9ee7-6aaf3012bed5@group-58A987F56150: changes role from  FOLLOWER to FOLLOWER at term 156 for recognizeCandidate:327657b1-60f8-49f2-b2a3-f63e1f934942
2019-10-18 14:58:17,524 [grpc-default-executor-3] INFO  impl.RoleInfo (RoleInfo.java:shutdownFollowerState(121)) - 6605b8a5-570b-4977-9ee7-6aaf3012bed5: shutdown FollowerState
2019-10-18 14:58:17,524 [grpc-default-executor-3] INFO  impl.RoleInfo (RoleInfo.java:updateAndGet(143)) - 6605b8a5-570b-4977-9ee7-6aaf3012bed5: start FollowerState
2019-10-18 14:58:17,524 [Thread-1163] INFO  impl.FollowerState (FollowerState.java:run(117)) - 6605b8a5-570b-4977-9ee7-6aaf3012bed5@group-58A987F56150-FollowerState was interrupted: java.lang.InterruptedException: sleep interrupted
2019-10-18 14:58:17,524 [grpc-default-executor-2] INFO  impl.RaftServerImpl (RaftServerImpl.java:setRole(184)) - ddd4789c-894d-475a-bbfb-f6e7aa670c92@group-58A987F56150: changes role from  FOLLOWER to FOLLOWER at term 156 for recognizeCandidate:327657b1-60f8-49f2-b2a3-f63e1f934942
2019-10-18 14:58:17,525 [grpc-default-executor-2] INFO  impl.RoleInfo (RoleInfo.java:shutdownFollowerState(121)) - ddd4789c-894d-475a-bbfb-f6e7aa670c92: shutdown FollowerState
2019-10-18 14:58:17,525 [grpc-default-executor-2] INFO  impl.RoleInfo (RoleInfo.java:updateAndGet(143)) - ddd4789c-894d-475a-bbfb-f6e7aa670c92: start FollowerState
2019-10-18 14:58:17,525 [Thread-1164] INFO  impl.FollowerState (FollowerState.java:run(117)) - ddd4789c-894d-475a-bbfb-f6e7aa670c92@group-58A987F56150-FollowerState was interrupted: java.lang.InterruptedException: sleep interrupted
2019-10-18 14:58:17,538 [327657b1-60f8-49f2-b2a3-f63e1f934942@group-58A987F56150-LeaderElection138] INFO  impl.LeaderElection (LeaderElection.java:logAndReturn(56)) - 327657b1-60f8-49f2-b2a3-f63e1f934942@group-58A987F56150-LeaderElection138: Election REJECTED; received 2 response(s) [327657b1-60f8-49f2-b2a3-f63e1f934942<-6605b8a5-570b-4977-9ee7-6aaf3012bed5#0:FAIL-t156, 327657b1-60f8-49f2-b2a3-f63e1f934942<-ddd4789c-894d-475a-bbfb-f6e7aa670c92#0:FAIL-t156] and 0 exception(s); 327657b1-60f8-49f2-b2a3-f63e1f934942@group-58A987F56150:t156, leader=null, voted=327657b1-60f8-49f2-b2a3-f63e1f934942, raftlog=327657b1-60f8-49f2-b2a3-f63e1f934942@group-58A987F56150-SegmentedRaftLog:OPENED:c-1,f-1,i0, conf=-1: [6605b8a5-570b-4977-9ee7-6aaf3012bed5:192.168.164.233:35223, 327657b1-60f8-49f2-b2a3-f63e1f934942:192.168.164.233:41966, ddd4789c-894d-475a-bbfb-f6e7aa670c92:192.168.164.233:41061], old=null
2019-10-18 14:58:17,538 [327657b1-60f8-49f2-b2a3-f63e1f934942@group-58A987F56150-LeaderElection138] INFO  impl.RaftServerImpl (RaftServerImpl.java:setRole(184)) - 327657b1-60f8-49f2-b2a3-f63e1f934942@group-58A987F56150: changes role from CANDIDATE to FOLLOWER at term 156 for DISCOVERED_A_NEW_TERM
2019-10-18 14:58:17,538 [327657b1-60f8-49f2-b2a3-f63e1f934942@group-58A987F56150-LeaderElection138] INFO  impl.RoleInfo (RoleInfo.java:shutdownLeaderElection(134)) - 327657b1-60f8-49f2-b2a3-f63e1f934942: shutdown LeaderElection
2019-10-18 14:58:17,538 [327657b1-60f8-49f2-b2a3-f63e1f934942@group-58A987F56150-LeaderElection138] INFO  impl.RoleInfo (RoleInfo.java:updateAndGet(143)) - 327657b1-60f8-49f2-b2a3-f63e1f934942: start FollowerState
2019-10-18 14:58:17,574 [Thread-1169] INFO  impl.FollowerState (FollowerState.java:run(108)) - 327657b1-60f8-49f2-b2a3-f63e1f934942@group-58A987F56150-FollowerState: change to CANDIDATE, lastRpcTime:35ms, electionTimeout:35ms
2019-10-18 14:58:17,574 [Thread-1169] INFO  impl.RoleInfo (RoleInfo.java:shutdownFollowerState(121)) - 327657b1-60f8-49f2-b2a3-f63e1f934942: shutdown FollowerState
2019-10-18 14:58:17,574 [Thread-1169] INFO  impl.RaftServerImpl (RaftServerImpl.java:setRole(184)) - 327657b1-60f8-49f2-b2a3-f63e1f934942@group-58A987F56150: changes role from  FOLLOWER to CANDIDATE at term 156 for changeToCandidate
2019-10-18 14:58:17,574 [Thread-1169] INFO  impl.RoleInfo (RoleInfo.java:updateAndGet(143)) - 327657b1-60f8-49f2-b2a3-f63e1f934942: start LeaderElection
2019-10-18 14:58:17,587 [327657b1-60f8-49f2-b2a3-f63e1f934942@group-58A987F56150-LeaderElection139] INFO  impl.LeaderElection (LeaderElection.java:askForVotes(178)) - 327657b1-60f8-49f2-b2a3-f63e1f934942@group-58A987F56150-LeaderElection139: begin an election at term 157 for -1: [6605b8a5-570b-4977-9ee7-6aaf3012bed5:192.168.164.233:35223, 327657b1-60f8-49f2-b2a3-f63e1f934942:192.168.164.233:41966, ddd4789c-894d-475a-bbfb-f6e7aa670c92:192.168.164.233:41061], old=null
2019-10-18 14:58:17,589 [grpc-default-executor-2] INFO  impl.RaftServerImpl (RaftServerImpl.java:setRole(184)) - 6605b8a5-570b-4977-9ee7-6aaf3012bed5@group-58A987F56150: changes role from  FOLLOWER to FOLLOWER at term 157 for recognizeCandidate:327657b1-60f8-49f2-b2a3-f63e1f934942
2019-10-18 14:58:17,589 [grpc-default-executor-2] INFO  impl.RoleInfo (RoleInfo.java:shutdownFollowerState(121)) - 6605b8a5-570b-4977-9ee7-6aaf3012bed5: shutdown FollowerState
2019-10-18 14:58:17,589 [grpc-default-executor-3] INFO  impl.RaftServerImpl (RaftServerImpl.java:setRole(184)) - ddd4789c-894d-475a-bbfb-f6e7aa670c92@group-58A987F56150: changes role from  FOLLOWER to FOLLOWER at term 157 for recognizeCandidate:327657b1-60f8-49f2-b2a3-f63e1f934942
2019-10-18 14:58:17,589 [grpc-default-executor-3] INFO  impl.RoleInfo (RoleInfo.java:shutdownFollowerState(121)) - ddd4789c-894d-475a-bbfb-f6e7aa670c92: shutdown FollowerState
2019-10-18 14:58:17,589 [Thread-1167] INFO  impl.FollowerState (FollowerState.java:run(117)) - 6605b8a5-570b-4977-9ee7-6aaf3012bed5@group-58A987F56150-FollowerState was interrupted: java.lang.InterruptedException: sleep interrupted
2019-10-18 14:58:17,590 [Thread-1168] INFO  impl.FollowerState (FollowerState.java:run(117)) - ddd4789c-894d-475a-bbfb-f6e7aa670c92@group-58A987F56150-FollowerState was interrupted: java.lang.InterruptedException: sleep interrupted
2019-10-18 14:58:17,589 [grpc-default-executor-2] INFO  impl.RoleInfo (RoleInfo.java:updateAndGet(143)) - 6605b8a5-570b-4977-9ee7-6aaf3012bed5: start FollowerState
2019-10-18 14:58:17,590 [grpc-default-executor-3] INFO  impl.RoleInfo (RoleInfo.java:updateAndGet(143)) - ddd4789c-894d-475a-bbfb-f6e7aa670c92: start FollowerState
2019-10-18 14:58:17,604 [327657b1-60f8-49f2-b2a3-f63e1f934942@group-58A987F56150-LeaderElection139] INFO  impl.LeaderElection (LeaderElection.java:logAndReturn(56)) - 327657b1-60f8-49f2-b2a3-f63e1f934942@group-58A987F56150-LeaderElection139: Election REJECTED; received 2 response(s) [327657b1-60f8-49f2-b2a3-f63e1f934942<-6605b8a5-570b-4977-9ee7-6aaf3012bed5#0:FAIL-t157, 327657b1-60f8-49f2-b2a3-f63e1f934942<-ddd4789c-894d-475a-bbfb-f6e7aa670c92#0:FAIL-t157] and 0 exception(s); 327657b1-60f8-49f2-b2a3-f63e1f934942@group-58A987F56150:t157, leader=null, voted=327657b1-60f8-49f2-b2a3-f63e1f934942, raftlog=327657b1-60f8-49f2-b2a3-f63e1f934942@group-58A987F56150-SegmentedRaftLog:OPENED:c-1,f-1,i0, conf=-1: [6605b8a5-570b-4977-9ee7-6aaf3012bed5:192.168.164.233:35223, 327657b1-60f8-49f2-b2a3-f63e1f934942:192.168.164.233:41966, ddd4789c-894d-475a-bbfb-f6e7aa670c92:192.168.164.233:41061], old=null
2019-10-18 14:58:17,604 [327657b1-60f8-49f2-b2a3-f63e1f934942@group-58A987F56150-LeaderElection139] INFO  impl.RaftServerImpl (RaftServerImpl.java:setRole(184)) - 327657b1-60f8-49f2-b2a3-f63e1f934942@group-58A987F56150: changes role from CANDIDATE to FOLLOWER at term 157 for DISCOVERED_A_NEW_TERM
2019-10-18 14:58:17,604 [327657b1-60f8-49f2-b2a3-f63e1f934942@group-58A987F56150-LeaderElection139] INFO  impl.RoleInfo (RoleInfo.java:shutdownLeaderElection(134)) - 327657b1-60f8-49f2-b2a3-f63e1f934942: shutdown LeaderElection
2019-10-18 14:58:17,604 [327657b1-60f8-49f2-b2a3-f63e1f934942@group-58A987F56150-LeaderElection139] INFO  impl.RoleInfo (RoleInfo.java:updateAndGet(143)) - 327657b1-60f8-49f2-b2a3-f63e1f934942: start FollowerState
2019-10-18 14:58:17,729 [Thread-1175] INFO  impl.FollowerState (FollowerState.java:run(108)) - 327657b1-60f8-49f2-b2a3-f63e1f934942@group-58A987F56150-FollowerState: change to CANDIDATE, lastRpcTime:124ms, electionTimeout:124ms
2019-10-18 14:58:17,729 [Thread-1175] INFO  impl.RoleInfo (RoleInfo.java:shutdownFollowerState(121)) - 327657b1-60f8-49f2-b2a3-f63e1f934942: shutdown FollowerState
2019-10-18 14:58:17,729 [Thread-1175] INFO  impl.RaftServerImpl (RaftServerImpl.java:setRole(184)) - 327657b1-60f8-49f2-b2a3-f63e1f934942@group-58A987F56150: changes role from  FOLLOWER to CANDIDATE at term 157 for changeToCandidate
2019-10-18 14:58:17,729 [Thread-1175] INFO  impl.RoleInfo (RoleInfo.java:updateAndGet(143)) - 327657b1-60f8-49f2-b2a3-f63e1f934942: start LeaderElection
2019-10-18 14:58:17,742 [327657b1-60f8-49f2-b2a3-f63e1f934942@group-58A987F56150-LeaderElection140] INFO  impl.LeaderElection (LeaderElection.java:askForVotes(178)) - 327657b1-60f8-49f2-b2a3-f63e1f934942@group-58A987F56150-LeaderElection140: begin an election at term 158 for -1: [6605b8a5-570b-4977-9ee7-6aaf3012bed5:192.168.164.233:35223, 327657b1-60f8-49f2-b2a3-f63e1f934942:192.168.164.233:41966, ddd4789c-894d-475a-bbfb-f6e7aa670c92:192.168.164.233:41061], old=null
2019-10-18 14:58:17,744 [grpc-default-executor-3] INFO  impl.RaftServerImpl (RaftServerImpl.java:setRole(184)) - 6605b8a5-570b-4977-9ee7-6aaf3012bed5@group-58A987F56150: changes role from  FOLLOWER to FOLLOWER at term 158 for recognizeCandidate:327657b1-60f8-49f2-b2a3-f63e1f934942
2019-10-18 14:58:17,745 [grpc-default-executor-3] INFO  impl.RoleInfo (RoleInfo.java:shutdownFollowerState(121)) - 6605b8a5-570b-4977-9ee7-6aaf3012bed5: shutdown FollowerState
2019-10-18 14:58:17,745 [grpc-default-executor-2] INFO  impl.RaftServerImpl (RaftServerImpl.java:setRole(184)) - ddd4789c-894d-475a-bbfb-f6e7aa670c92@group-58A987F56150: changes role from  FOLLOWER to FOLLOWER at term 158 for recognizeCandidate:327657b1-60f8-49f2-b2a3-f63e1f934942
2019-10-18 14:58:17,745 [Thread-1173] INFO  impl.FollowerState (FollowerState.java:run(117)) - 6605b8a5-570b-4977-9ee7-6aaf3012bed5@group-58A987F56150-FollowerState was interrupted: java.lang.InterruptedException: sleep interrupted
2019-10-18 14:58:17,745 [grpc-default-executor-2] INFO  impl.RoleInfo (RoleInfo.java:shutdownFollowerState(121)) - ddd4789c-894d-475a-bbfb-f6e7aa670c92: shutdown FollowerState
2019-10-18 14:58:17,745 [grpc-default-executor-3] INFO  impl.RoleInfo (RoleInfo.java:updateAndGet(143)) - 6605b8a5-570b-4977-9ee7-6aaf3012bed5: start FollowerState
2019-10-18 14:58:17,745 [grpc-default-executor-2] INFO  impl.RoleInfo (RoleInfo.java:updateAndGet(143)) - ddd4789c-894d-475a-bbfb-f6e7aa670c92: start FollowerState
2019-10-18 14:58:17,745 [Thread-1174] INFO  impl.FollowerState (FollowerState.java:run(117)) - ddd4789c-894d-475a-bbfb-f6e7aa670c92@group-58A987F56150-FollowerState was interrupted: java.lang.InterruptedException: sleep interrupted
2019-10-18 14:58:17,772 [327657b1-60f8-49f2-b2a3-f63e1f934942@group-58A987F56150-LeaderElection140] INFO  impl.LeaderElection (LeaderElection.java:logAndReturn(56)) - 327657b1-60f8-49f2-b2a3-f63e1f934942@group-58A987F56150-LeaderElection140: Election REJECTED; received 2 response(s) [327657b1-60f8-49f2-b2a3-f63e1f934942<-6605b8a5-570b-4977-9ee7-6aaf3012bed5#0:FAIL-t158, 327657b1-60f8-49f2-b2a3-f63e1f934942<-ddd4789c-894d-475a-bbfb-f6e7aa670c92#0:FAIL-t158] and 0 exception(s); 327657b1-60f8-49f2-b2a3-f63e1f934942@group-58A987F56150:t158, leader=null, voted=327657b1-60f8-49f2-b2a3-f63e1f934942, raftlog=327657b1-60f8-49f2-b2a3-f63e1f934942@group-58A987F56150-SegmentedRaftLog:OPENED:c-1,f-1,i0, conf=-1: [6605b8a5-570b-4977-9ee7-6aaf3012bed5:192.168.164.233:35223, 327657b1-60f8-49f2-b2a3-f63e1f934942:192.168.164.233:41966, ddd4789c-894d-475a-bbfb-f6e7aa670c92:192.168.164.233:41061], old=null
2019-10-18 14:58:17,772 [327657b1-60f8-49f2-b2a3-f63e1f934942@group-58A987F56150-LeaderElection140] INFO  impl.RaftServerImpl (RaftServerImpl.java:setRole(184)) - 327657b1-60f8-49f2-b2a3-f63e1f934942@group-58A987F56150: changes role from CANDIDATE to FOLLOWER at term 158 for DISCOVERED_A_NEW_TERM
2019-10-18 14:58:17,772 [327657b1-60f8-49f2-b2a3-f63e1f934942@group-58A987F56150-LeaderElection140] INFO  impl.RoleInfo (RoleInfo.java:shutdownLeaderElection(134)) - 327657b1-60f8-49f2-b2a3-f63e1f934942: shutdown LeaderElection
2019-10-18 14:58:17,772 [327657b1-60f8-49f2-b2a3-f63e1f934942@group-58A987F56150-LeaderElection140] INFO  impl.RoleInfo (RoleInfo.java:updateAndGet(143)) - 327657b1-60f8-49f2-b2a3-f63e1f934942: start FollowerState
2019-10-18 14:58:17,967 [Thread-1183] INFO  impl.FollowerState (FollowerState.java:run(108)) - 327657b1-60f8-49f2-b2a3-f63e1f934942@group-58A987F56150-FollowerState: change to CANDIDATE, lastRpcTime:194ms, electionTimeout:194ms
2019-10-18 14:58:17,967 [Thread-1183] INFO  impl.RoleInfo (RoleInfo.java:shutdownFollowerState(121)) - 327657b1-60f8-49f2-b2a3-f63e1f934942: shutdown FollowerState
2019-10-18 14:58:17,967 [Thread-1183] INFO  impl.RaftServerImpl (RaftServerImpl.java:setRole(184)) - 327657b1-60f8-49f2-b2a3-f63e1f934942@group-58A987F56150: changes role from  FOLLOWER to CANDIDATE at term 158 for changeToCandidate
2019-10-18 14:58:17,967 [Thread-1183] INFO  impl.RoleInfo (RoleInfo.java:updateAndGet(143)) - 327657b1-60f8-49f2-b2a3-f63e1f934942: start LeaderElection
2019-10-18 14:58:17,991 [327657b1-60f8-49f2-b2a3-f63e1f934942@group-58A987F56150-LeaderElection141] INFO  impl.LeaderElection (LeaderElection.java:askForVotes(178)) - 327657b1-60f8-49f2-b2a3-f63e1f934942@group-58A987F56150-LeaderElection141: begin an election at term 159 for -1: [6605b8a5-570b-4977-9ee7-6aaf3012bed5:192.168.164.233:35223, 327657b1-60f8-49f2-b2a3-f63e1f934942:192.168.164.233:41966, ddd4789c-894d-475a-bbfb-f6e7aa670c92:192.168.164.233:41061], old=null
2019-10-18 14:58:17,993 [grpc-default-executor-3] INFO  impl.RaftServerImpl (RaftServerImpl.java:setRole(184)) - ddd4789c-894d-475a-bbfb-f6e7aa670c92@group-58A987F56150: changes role from  FOLLOWER to FOLLOWER at term 159 for recognizeCandidate:327657b1-60f8-49f2-b2a3-f63e1f934942
2019-10-18 14:58:17,993 [grpc-default-executor-3] INFO  impl.RoleInfo (RoleInfo.java:shutdownFollowerState(121)) - ddd4789c-894d-475a-bbfb-f6e7aa670c92: shutdown FollowerState
2019-10-18 14:58:17,993 [grpc-default-executor-2] INFO  impl.RaftServerImpl (RaftServerImpl.java:setRole(184)) - 6605b8a5-570b-4977-9ee7-6aaf3012bed5@group-58A987F56150: changes role from  FOLLOWER to FOLLOWER at term 159 for recognizeCandidate:327657b1-60f8-49f2-b2a3-f63e1f934942
2019-10-18 14:58:17,994 [Thread-1182] INFO  impl.FollowerState (FollowerState.java:run(117)) - ddd4789c-894d-475a-bbfb-f6e7aa670c92@group-58A987F56150-FollowerState was interrupted: java.lang.InterruptedException: sleep interrupted
2019-10-18 14:58:17,994 [grpc-default-executor-3] INFO  impl.RoleInfo (RoleInfo.java:updateAndGet(143)) - ddd4789c-894d-475a-bbfb-f6e7aa670c92: start FollowerState
2019-10-18 14:58:17,994 [grpc-default-executor-2] INFO  impl.RoleInfo (RoleInfo.java:shutdownFollowerState(121)) - 6605b8a5-570b-4977-9ee7-6aaf3012bed5: shutdown FollowerState
2019-10-18 14:58:17,994 [grpc-default-executor-2] INFO  impl.RoleInfo (RoleInfo.java:updateAndGet(143)) - 6605b8a5-570b-4977-9ee7-6aaf3012bed5: start FollowerState
2019-10-18 14:58:17,994 [Thread-1181] INFO  impl.FollowerState (FollowerState.java:run(117)) - 6605b8a5-570b-4977-9ee7-6aaf3012bed5@group-58A987F56150-FollowerState was interrupted: java.lang.InterruptedException: sleep interrupted
2019-10-18 14:58:18,014 [327657b1-60f8-49f2-b2a3-f63e1f934942@group-58A987F56150-LeaderElection141] INFO  impl.LeaderElection (LeaderElection.java:logAndReturn(56)) - 327657b1-60f8-49f2-b2a3-f63e1f934942@group-58A987F56150-LeaderElection141: Election REJECTED; received 2 response(s) [327657b1-60f8-49f2-b2a3-f63e1f934942<-6605b8a5-570b-4977-9ee7-6aaf3012bed5#0:FAIL-t159, 327657b1-60f8-49f2-b2a3-f63e1f934942<-ddd4789c-894d-475a-bbfb-f6e7aa670c92#0:FAIL-t159] and 0 exception(s); 327657b1-60f8-49f2-b2a3-f63e1f934942@group-58A987F56150:t159, leader=null, voted=327657b1-60f8-49f2-b2a3-f63e1f934942, raftlog=327657b1-60f8-49f2-b2a3-f63e1f934942@group-58A987F56150-SegmentedRaftLog:OPENED:c-1,f-1,i0, conf=-1: [6605b8a5-570b-4977-9ee7-6aaf3012bed5:192.168.164.233:35223, 327657b1-60f8-49f2-b2a3-f63e1f934942:192.168.164.233:41966, ddd4789c-894d-475a-bbfb-f6e7aa670c92:192.168.164.233:41061], old=null
2019-10-18 14:58:18,015 [327657b1-60f8-49f2-b2a3-f63e1f934942@group-58A987F56150-LeaderElection141] INFO  impl.RaftServerImpl (RaftServerImpl.java:setRole(184)) - 327657b1-60f8-49f2-b2a3-f63e1f934942@group-58A987F56150: changes role from CANDIDATE to FOLLOWER at term 159 for DISCOVERED_A_NEW_TERM
2019-10-18 14:58:18,015 [327657b1-60f8-49f2-b2a3-f63e1f934942@group-58A987F56150-LeaderElection141] INFO  impl.RoleInfo (RoleInfo.java:shutdownLeaderElection(134)) - 327657b1-60f8-49f2-b2a3-f63e1f934942: shutdown LeaderElection
2019-10-18 14:58:18,015 [327657b1-60f8-49f2-b2a3-f63e1f934942@group-58A987F56150-LeaderElection141] INFO  impl.RoleInfo (RoleInfo.java:updateAndGet(143)) - 327657b1-60f8-49f2-b2a3-f63e1f934942: start FollowerState
2019-10-18 14:58:18,035 [Thread-1189] INFO  impl.FollowerState (FollowerState.java:run(108)) - 327657b1-60f8-49f2-b2a3-f63e1f934942@group-58A987F56150-FollowerState: change to CANDIDATE, lastRpcTime:20ms, electionTimeout:20ms
2019-10-18 14:58:18,036 [Thread-1189] INFO  impl.RoleInfo (RoleInfo.java:shutdownFollowerState(121)) - 327657b1-60f8-49f2-b2a3-f63e1f934942: shutdown FollowerState
2019-10-18 14:58:18,036 [Thread-1189] INFO  impl.RaftServerImpl (RaftServerImpl.java:setRole(184)) - 327657b1-60f8-49f2-b2a3-f63e1f934942@group-58A987F56150: changes role from  FOLLOWER to CANDIDATE at term 159 for changeToCandidate
2019-10-18 14:58:18,036 [Thread-1189] INFO  impl.RoleInfo (RoleInfo.java:updateAndGet(143)) - 327657b1-60f8-49f2-b2a3-f63e1f934942: start LeaderElection
2019-10-18 14:58:18,051 [327657b1-60f8-49f2-b2a3-f63e1f934942@group-58A987F56150-LeaderElection142] INFO  impl.LeaderElection (LeaderElection.java:askForVotes(178)) - 327657b1-60f8-49f2-b2a3-f63e1f934942@group-58A987F56150-LeaderElection142: begin an election at term 160 for -1: [6605b8a5-570b-4977-9ee7-6aaf3012bed5:192.168.164.233:35223, 327657b1-60f8-49f2-b2a3-f63e1f934942:192.168.164.233:41966, ddd4789c-894d-475a-bbfb-f6e7aa670c92:192.168.164.233:41061], old=null
2019-10-18 14:58:18,053 [grpc-default-executor-2] INFO  impl.RaftServerImpl (RaftServerImpl.java:setRole(184)) - 6605b8a5-570b-4977-9ee7-6aaf3012bed5@group-58A987F56150: changes role from  FOLLOWER to FOLLOWER at term 160 for recognizeCandidate:327657b1-60f8-49f2-b2a3-f63e1f934942
2019-10-18 14:58:18,053 [grpc-default-executor-2] INFO  impl.RoleInfo (RoleInfo.java:shutdownFollowerState(121)) - 6605b8a5-570b-4977-9ee7-6aaf3012bed5: shutdown FollowerState
2019-10-18 14:58:18,053 [grpc-default-executor-2] INFO  impl.RoleInfo (RoleInfo.java:updateAndGet(143)) - 6605b8a5-570b-4977-9ee7-6aaf3012bed5: start FollowerState
2019-10-18 14:58:18,053 [Thread-1188] INFO  impl.FollowerState (FollowerState.java:run(117)) - 6605b8a5-570b-4977-9ee7-6aaf3012bed5@group-58A987F56150-FollowerState was interrupted: java.lang.InterruptedException: sleep interrupted
2019-10-18 14:58:18,053 [grpc-default-executor-3] INFO  impl.RaftServerImpl (RaftServerImpl.java:setRole(184)) - ddd4789c-894d-475a-bbfb-f6e7aa670c92@group-58A987F56150: changes role from  FOLLOWER to FOLLOWER at term 160 for recognizeCandidate:327657b1-60f8-49f2-b2a3-f63e1f934942
2019-10-18 14:58:18,054 [grpc-default-executor-3] INFO  impl.RoleInfo (RoleInfo.java:shutdownFollowerState(121)) - ddd4789c-894d-475a-bbfb-f6e7aa670c92: shutdown FollowerState
2019-10-18 14:58:18,054 [grpc-default-executor-3] INFO  impl.RoleInfo (RoleInfo.java:updateAndGet(143)) - ddd4789c-894d-475a-bbfb-f6e7aa670c92: start FollowerState
2019-10-18 14:58:18,054 [Thread-1187] INFO  impl.FollowerState (FollowerState.java:run(117)) - ddd4789c-894d-475a-bbfb-f6e7aa670c92@group-58A987F56150-FollowerState was interrupted: java.lang.InterruptedException: sleep interrupted
2019-10-18 14:58:18,079 [327657b1-60f8-49f2-b2a3-f63e1f934942@group-58A987F56150-LeaderElection142] INFO  impl.LeaderElection (LeaderElection.java:logAndReturn(56)) - 327657b1-60f8-49f2-b2a3-f63e1f934942@group-58A987F56150-LeaderElection142: Election REJECTED; received 2 response(s) [327657b1-60f8-49f2-b2a3-f63e1f934942<-6605b8a5-570b-4977-9ee7-6aaf3012bed5#0:FAIL-t160, 327657b1-60f8-49f2-b2a3-f63e1f934942<-ddd4789c-894d-475a-bbfb-f6e7aa670c92#0:FAIL-t160] and 0 exception(s); 327657b1-60f8-49f2-b2a3-f63e1f934942@group-58A987F56150:t160, leader=null, voted=327657b1-60f8-49f2-b2a3-f63e1f934942, raftlog=327657b1-60f8-49f2-b2a3-f63e1f934942@group-58A987F56150-SegmentedRaftLog:OPENED:c-1,f-1,i0, conf=-1: [6605b8a5-570b-4977-9ee7-6aaf3012bed5:192.168.164.233:35223, 327657b1-60f8-49f2-b2a3-f63e1f934942:192.168.164.233:41966, ddd4789c-894d-475a-bbfb-f6e7aa670c92:192.168.164.233:41061], old=null
2019-10-18 14:58:18,079 [327657b1-60f8-49f2-b2a3-f63e1f934942@group-58A987F56150-LeaderElection142] INFO  impl.RaftServerImpl (RaftServerImpl.java:setRole(184)) - 327657b1-60f8-49f2-b2a3-f63e1f934942@group-58A987F56150: changes role from CANDIDATE to FOLLOWER at term 160 for DISCOVERED_A_NEW_TERM
2019-10-18 14:58:18,079 [327657b1-60f8-49f2-b2a3-f63e1f934942@group-58A987F56150-LeaderElection142] INFO  impl.RoleInfo (RoleInfo.java:shutdownLeaderElection(134)) - 327657b1-60f8-49f2-b2a3-f63e1f934942: shutdown LeaderElection
2019-10-18 14:58:18,079 [327657b1-60f8-49f2-b2a3-f63e1f934942@group-58A987F56150-LeaderElection142] INFO  impl.RoleInfo (RoleInfo.java:updateAndGet(143)) - 327657b1-60f8-49f2-b2a3-f63e1f934942: start FollowerState
2019-10-18 14:58:18,216 [Thread-1195] INFO  impl.FollowerState (FollowerState.java:run(108)) - 327657b1-60f8-49f2-b2a3-f63e1f934942@group-58A987F56150-FollowerState: change to CANDIDATE, lastRpcTime:136ms, electionTimeout:136ms
2019-10-18 14:58:18,216 [Thread-1195] INFO  impl.RoleInfo (RoleInfo.java:shutdownFollowerState(121)) - 327657b1-60f8-49f2-b2a3-f63e1f934942: shutdown FollowerState
2019-10-18 14:58:18,216 [Thread-1195] INFO  impl.RaftServerImpl (RaftServerImpl.java:setRole(184)) - 327657b1-60f8-49f2-b2a3-f63e1f934942@group-58A987F56150: changes role from  FOLLOWER to CANDIDATE at term 160 for changeToCandidate
2019-10-18 14:58:18,216 [Thread-1195] INFO  impl.RoleInfo (RoleInfo.java:updateAndGet(143)) - 327657b1-60f8-49f2-b2a3-f63e1f934942: start LeaderElection
2019-10-18 14:58:18,229 [327657b1-60f8-49f2-b2a3-f63e1f934942@group-58A987F56150-LeaderElection143] INFO  impl.LeaderElection (LeaderElection.java:askForVotes(178)) - 327657b1-60f8-49f2-b2a3-f63e1f934942@group-58A987F56150-LeaderElection143: begin an election at term 161 for -1: [6605b8a5-570b-4977-9ee7-6aaf3012bed5:192.168.164.233:35223, 327657b1-60f8-49f2-b2a3-f63e1f934942:192.168.164.233:41966, ddd4789c-894d-475a-bbfb-f6e7aa670c92:192.168.164.233:41061], old=null
2019-10-18 14:58:18,232 [grpc-default-executor-2] INFO  impl.RaftServerImpl (RaftServerImpl.java:setRole(184)) - 6605b8a5-570b-4977-9ee7-6aaf3012bed5@group-58A987F56150: changes role from  FOLLOWER to FOLLOWER at term 161 for recognizeCandidate:327657b1-60f8-49f2-b2a3-f63e1f934942
2019-10-18 14:58:18,232 [grpc-default-executor-2] INFO  impl.RoleInfo (RoleInfo.java:shutdownFollowerState(121)) - 6605b8a5-570b-4977-9ee7-6aaf3012bed5: shutdown FollowerState
2019-10-18 14:58:18,232 [grpc-default-executor-3] INFO  impl.RaftServerImpl (RaftServerImpl.java:setRole(184)) - ddd4789c-894d-475a-bbfb-f6e7aa670c92@group-58A987F56150: changes role from  FOLLOWER to FOLLOWER at term 161 for recognizeCandidate:327657b1-60f8-49f2-b2a3-f63e1f934942
2019-10-18 14:58:18,232 [Thread-1193] INFO  impl.FollowerState (FollowerState.java:run(117)) - 6605b8a5-570b-4977-9ee7-6aaf3012bed5@group-58A987F56150-FollowerState was interrupted: java.lang.InterruptedException: sleep interrupted
2019-10-18 14:58:18,232 [grpc-default-executor-2] INFO  impl.RoleInfo (RoleInfo.java:updateAndGet(143)) - 6605b8a5-570b-4977-9ee7-6aaf3012bed5: start FollowerState
2019-10-18 14:58:18,232 [grpc-default-executor-3] INFO  impl.RoleInfo (RoleInfo.java:shutdownFollowerState(121)) - ddd4789c-894d-475a-bbfb-f6e7aa670c92: shutdown FollowerState
2019-10-18 14:58:18,233 [grpc-default-executor-3] INFO  impl.RoleInfo (RoleInfo.java:updateAndGet(143)) - ddd4789c-894d-475a-bbfb-f6e7aa670c92: start FollowerState
2019-10-18 14:58:18,233 [Thread-1194] INFO  impl.FollowerState (FollowerState.java:run(117)) - ddd4789c-894d-475a-bbfb-f6e7aa670c92@group-58A987F56150-FollowerState was interrupted: java.lang.InterruptedException: sleep interrupted
2019-10-18 14:58:18,259 [327657b1-60f8-49f2-b2a3-f63e1f934942@group-58A987F56150-LeaderElection143] INFO  impl.LeaderElection (LeaderElection.java:logAndReturn(56)) - 327657b1-60f8-49f2-b2a3-f63e1f934942@group-58A987F56150-LeaderElection143: Election REJECTED; received 2 response(s) [327657b1-60f8-49f2-b2a3-f63e1f934942<-6605b8a5-570b-4977-9ee7-6aaf3012bed5#0:FAIL-t161, 327657b1-60f8-49f2-b2a3-f63e1f934942<-ddd4789c-894d-475a-bbfb-f6e7aa670c92#0:FAIL-t161] and 0 exception(s); 327657b1-60f8-49f2-b2a3-f63e1f934942@group-58A987F56150:t161, leader=null, voted=327657b1-60f8-49f2-b2a3-f63e1f934942, raftlog=327657b1-60f8-49f2-b2a3-f63e1f934942@group-58A987F56150-SegmentedRaftLog:OPENED:c-1,f-1,i0, conf=-1: [6605b8a5-570b-4977-9ee7-6aaf3012bed5:192.168.164.233:35223, 327657b1-60f8-49f2-b2a3-f63e1f934942:192.168.164.233:41966, ddd4789c-894d-475a-bbfb-f6e7aa670c92:192.168.164.233:41061], old=null
2019-10-18 14:58:18,259 [327657b1-60f8-49f2-b2a3-f63e1f934942@group-58A987F56150-LeaderElection143] INFO  impl.RaftServerImpl (RaftServerImpl.java:setRole(184)) - 327657b1-60f8-49f2-b2a3-f63e1f934942@group-58A987F56150: changes role from CANDIDATE to FOLLOWER at term 161 for DISCOVERED_A_NEW_TERM
2019-10-18 14:58:18,259 [327657b1-60f8-49f2-b2a3-f63e1f934942@group-58A987F56150-LeaderElection143] INFO  impl.RoleInfo (RoleInfo.java:shutdownLeaderElection(134)) - 327657b1-60f8-49f2-b2a3-f63e1f934942: shutdown LeaderElection
2019-10-18 14:58:18,259 [327657b1-60f8-49f2-b2a3-f63e1f934942@group-58A987F56150-LeaderElection143] INFO  impl.RoleInfo (RoleInfo.java:updateAndGet(143)) - 327657b1-60f8-49f2-b2a3-f63e1f934942: start FollowerState
2019-10-18 14:58:18,342 [Thread-1201] INFO  impl.FollowerState (FollowerState.java:run(108)) - 327657b1-60f8-49f2-b2a3-f63e1f934942@group-58A987F56150-FollowerState: change to CANDIDATE, lastRpcTime:82ms, electionTimeout:82ms
2019-10-18 14:58:18,342 [Thread-1201] INFO  impl.RoleInfo (RoleInfo.java:shutdownFollowerState(121)) - 327657b1-60f8-49f2-b2a3-f63e1f934942: shutdown FollowerState
2019-10-18 14:58:18,342 [Thread-1201] INFO  impl.RaftServerImpl (RaftServerImpl.java:setRole(184)) - 327657b1-60f8-49f2-b2a3-f63e1f934942@group-58A987F56150: changes role from  FOLLOWER to CANDIDATE at term 161 for changeToCandidate
2019-10-18 14:58:18,342 [Thread-1201] INFO  impl.RoleInfo (RoleInfo.java:updateAndGet(143)) - 327657b1-60f8-49f2-b2a3-f63e1f934942: start LeaderElection
2019-10-18 14:58:18,376 [327657b1-60f8-49f2-b2a3-f63e1f934942@group-58A987F56150-LeaderElection144] INFO  impl.LeaderElection (LeaderElection.java:askForVotes(178)) - 327657b1-60f8-49f2-b2a3-f63e1f934942@group-58A987F56150-LeaderElection144: begin an election at term 162 for -1: [6605b8a5-570b-4977-9ee7-6aaf3012bed5:192.168.164.233:35223, 327657b1-60f8-49f2-b2a3-f63e1f934942:192.168.164.233:41966, ddd4789c-894d-475a-bbfb-f6e7aa670c92:192.168.164.233:41061], old=null
2019-10-18 14:58:18,379 [grpc-default-executor-3] INFO  impl.RaftServerImpl (RaftServerImpl.java:setRole(184)) - ddd4789c-894d-475a-bbfb-f6e7aa670c92@group-58A987F56150: changes role from  FOLLOWER to FOLLOWER at term 162 for recognizeCandidate:327657b1-60f8-49f2-b2a3-f63e1f934942
2019-10-18 14:58:18,379 [grpc-default-executor-2] INFO  impl.RaftServerImpl (RaftServerImpl.java:setRole(184)) - 6605b8a5-570b-4977-9ee7-6aaf3012bed5@group-58A987F56150: changes role from  FOLLOWER to FOLLOWER at term 162 for recognizeCandidate:327657b1-60f8-49f2-b2a3-f63e1f934942
2019-10-18 14:58:18,379 [grpc-default-executor-3] INFO  impl.RoleInfo (RoleInfo.java:shutdownFollowerState(121)) - ddd4789c-894d-475a-bbfb-f6e7aa670c92: shutdown FollowerState
2019-10-18 14:58:18,379 [grpc-default-executor-2] INFO  impl.RoleInfo (RoleInfo.java:shutdownFollowerState(121)) - 6605b8a5-570b-4977-9ee7-6aaf3012bed5: shutdown FollowerState
2019-10-18 14:58:18,379 [Thread-1200] INFO  impl.FollowerState (FollowerState.java:run(117)) - ddd4789c-894d-475a-bbfb-f6e7aa670c92@group-58A987F56150-FollowerState was interrupted: java.lang.InterruptedException: sleep interrupted
2019-10-18 14:58:18,379 [grpc-default-executor-3] INFO  impl.RoleInfo (RoleInfo.java:updateAndGet(143)) - ddd4789c-894d-475a-bbfb-f6e7aa670c92: start FollowerState
2019-10-18 14:58:18,379 [Thread-1199] INFO  impl.FollowerState (FollowerState.java:run(117)) - 6605b8a5-570b-4977-9ee7-6aaf3012bed5@group-58A987F56150-FollowerState was interrupted: java.lang.InterruptedException: sleep interrupted
2019-10-18 14:58:18,379 [grpc-default-executor-2] INFO  impl.RoleInfo (RoleInfo.java:updateAndGet(143)) - 6605b8a5-570b-4977-9ee7-6aaf3012bed5: start FollowerState
2019-10-18 14:58:18,396 [327657b1-60f8-49f2-b2a3-f63e1f934942@group-58A987F56150-LeaderElection144] INFO  impl.LeaderElection (LeaderElection.java:logAndReturn(56)) - 327657b1-60f8-49f2-b2a3-f63e1f934942@group-58A987F56150-LeaderElection144: Election REJECTED; received 2 response(s) [327657b1-60f8-49f2-b2a3-f63e1f934942<-6605b8a5-570b-4977-9ee7-6aaf3012bed5#0:FAIL-t162, 327657b1-60f8-49f2-b2a3-f63e1f934942<-ddd4789c-894d-475a-bbfb-f6e7aa670c92#0:FAIL-t162] and 0 exception(s); 327657b1-60f8-49f2-b2a3-f63e1f934942@group-58A987F56150:t162, leader=null, voted=327657b1-60f8-49f2-b2a3-f63e1f934942, raftlog=327657b1-60f8-49f2-b2a3-f63e1f934942@group-58A987F56150-SegmentedRaftLog:OPENED:c-1,f-1,i0, conf=-1: [6605b8a5-570b-4977-9ee7-6aaf3012bed5:192.168.164.233:35223, 327657b1-60f8-49f2-b2a3-f63e1f934942:192.168.164.233:41966, ddd4789c-894d-475a-bbfb-f6e7aa670c92:192.168.164.233:41061], old=null
2019-10-18 14:58:18,396 [327657b1-60f8-49f2-b2a3-f63e1f934942@group-58A987F56150-LeaderElection144] INFO  impl.RaftServerImpl (RaftServerImpl.java:setRole(184)) - 327657b1-60f8-49f2-b2a3-f63e1f934942@group-58A987F56150: changes role from CANDIDATE to FOLLOWER at term 162 for DISCOVERED_A_NEW_TERM
2019-10-18 14:58:18,396 [327657b1-60f8-49f2-b2a3-f63e1f934942@group-58A987F56150-LeaderElection144] INFO  impl.RoleInfo (RoleInfo.java:shutdownLeaderElection(134)) - 327657b1-60f8-49f2-b2a3-f63e1f934942: shutdown LeaderElection
2019-10-18 14:58:18,396 [327657b1-60f8-49f2-b2a3-f63e1f934942@group-58A987F56150-LeaderElection144] INFO  impl.RoleInfo (RoleInfo.java:updateAndGet(143)) - 327657b1-60f8-49f2-b2a3-f63e1f934942: start FollowerState
2019-10-18 14:58:18,596 [Thread-1207] INFO  impl.FollowerState (FollowerState.java:run(108)) - 327657b1-60f8-49f2-b2a3-f63e1f934942@group-58A987F56150-FollowerState: change to CANDIDATE, lastRpcTime:199ms, electionTimeout:199ms
2019-10-18 14:58:18,596 [Thread-1207] INFO  impl.RoleInfo (RoleInfo.java:shutdownFollowerState(121)) - 327657b1-60f8-49f2-b2a3-f63e1f934942: shutdown FollowerState
2019-10-18 14:58:18,596 [Thread-1207] INFO  impl.RaftServerImpl (RaftServerImpl.java:setRole(184)) - 327657b1-60f8-49f2-b2a3-f63e1f934942@group-58A987F56150: changes role from  FOLLOWER to CANDIDATE at term 162 for changeToCandidate
2019-10-18 14:58:18,596 [Thread-1207] INFO  impl.RoleInfo (RoleInfo.java:updateAndGet(143)) - 327657b1-60f8-49f2-b2a3-f63e1f934942: start LeaderElection
2019-10-18 14:58:18,623 [327657b1-60f8-49f2-b2a3-f63e1f934942@group-58A987F56150-LeaderElection145] INFO  impl.LeaderElection (LeaderElection.java:askForVotes(178)) - 327657b1-60f8-49f2-b2a3-f63e1f934942@group-58A987F56150-LeaderElection145: begin an election at term 163 for -1: [6605b8a5-570b-4977-9ee7-6aaf3012bed5:192.168.164.233:35223, 327657b1-60f8-49f2-b2a3-f63e1f934942:192.168.164.233:41966, ddd4789c-894d-475a-bbfb-f6e7aa670c92:192.168.164.233:41061], old=null
2019-10-18 14:58:18,627 [grpc-default-executor-2] INFO  impl.RaftServerImpl (RaftServerImpl.java:setRole(184)) - 6605b8a5-570b-4977-9ee7-6aaf3012bed5@group-58A987F56150: changes role from  FOLLOWER to FOLLOWER at term 163 for recognizeCandidate:327657b1-60f8-49f2-b2a3-f63e1f934942
2019-10-18 14:58:18,627 [grpc-default-executor-2] INFO  impl.RoleInfo (RoleInfo.java:shutdownFollowerState(121)) - 6605b8a5-570b-4977-9ee7-6aaf3012bed5: shutdown FollowerState
2019-10-18 14:58:18,627 [grpc-default-executor-2] INFO  impl.RoleInfo (RoleInfo.java:updateAndGet(143)) - 6605b8a5-570b-4977-9ee7-6aaf3012bed5: start FollowerState
2019-10-18 14:58:18,627 [grpc-default-executor-3] INFO  impl.RaftServerImpl (RaftServerImpl.java:setRole(184)) - ddd4789c-894d-475a-bbfb-f6e7aa670c92@group-58A987F56150: changes role from  FOLLOWER to FOLLOWER at term 163 for recognizeCandidate:327657b1-60f8-49f2-b2a3-f63e1f934942
2019-10-18 14:58:18,627 [grpc-default-executor-3] INFO  impl.RoleInfo (RoleInfo.java:shutdownFollowerState(121)) - ddd4789c-894d-475a-bbfb-f6e7aa670c92: shutdown FollowerState
2019-10-18 14:58:18,627 [Thread-1206] INFO  impl.FollowerState (FollowerState.java:run(117)) - 6605b8a5-570b-4977-9ee7-6aaf3012bed5@group-58A987F56150-FollowerState was interrupted: java.lang.InterruptedException: sleep interrupted
2019-10-18 14:58:18,628 [Thread-1205] INFO  impl.FollowerState (FollowerState.java:run(117)) - ddd4789c-894d-475a-bbfb-f6e7aa670c92@group-58A987F56150-FollowerState was interrupted: java.lang.InterruptedException: sleep interrupted
2019-10-18 14:58:18,628 [grpc-default-executor-3] INFO  impl.RoleInfo (RoleInfo.java:updateAndGet(143)) - ddd4789c-894d-475a-bbfb-f6e7aa670c92: start FollowerState
2019-10-18 14:58:18,642 [327657b1-60f8-49f2-b2a3-f63e1f934942@group-58A987F56150-LeaderElection145] INFO  impl.LeaderElection (LeaderElection.java:logAndReturn(56)) - 327657b1-60f8-49f2-b2a3-f63e1f934942@group-58A987F56150-LeaderElection145: Election REJECTED; received 2 response(s) [327657b1-60f8-49f2-b2a3-f63e1f934942<-6605b8a5-570b-4977-9ee7-6aaf3012bed5#0:FAIL-t163, 327657b1-60f8-49f2-b2a3-f63e1f934942<-ddd4789c-894d-475a-bbfb-f6e7aa670c92#0:FAIL-t163] and 0 exception(s); 327657b1-60f8-49f2-b2a3-f63e1f934942@group-58A987F56150:t163, leader=null, voted=327657b1-60f8-49f2-b2a3-f63e1f934942, raftlog=327657b1-60f8-49f2-b2a3-f63e1f934942@group-58A987F56150-SegmentedRaftLog:OPENED:c-1,f-1,i0, conf=-1: [6605b8a5-570b-4977-9ee7-6aaf3012bed5:192.168.164.233:35223, 327657b1-60f8-49f2-b2a3-f63e1f934942:192.168.164.233:41966, ddd4789c-894d-475a-bbfb-f6e7aa670c92:192.168.164.233:41061], old=null
2019-10-18 14:58:18,642 [327657b1-60f8-49f2-b2a3-f63e1f934942@group-58A987F56150-LeaderElection145] INFO  impl.RaftServerImpl (RaftServerImpl.java:setRole(184)) - 327657b1-60f8-49f2-b2a3-f63e1f934942@group-58A987F56150: changes role from CANDIDATE to FOLLOWER at term 163 for DISCOVERED_A_NEW_TERM
2019-10-18 14:58:18,642 [327657b1-60f8-49f2-b2a3-f63e1f934942@group-58A987F56150-LeaderElection145] INFO  impl.RoleInfo (RoleInfo.java:shutdownLeaderElection(134)) - 327657b1-60f8-49f2-b2a3-f63e1f934942: shutdown LeaderElection
2019-10-18 14:58:18,642 [327657b1-60f8-49f2-b2a3-f63e1f934942@group-58A987F56150-LeaderElection145] INFO  impl.RoleInfo (RoleInfo.java:updateAndGet(143)) - 327657b1-60f8-49f2-b2a3-f63e1f934942: start FollowerState
2019-10-18 14:58:18,794 [Thread-1213] INFO  impl.FollowerState (FollowerState.java:run(108)) - 327657b1-60f8-49f2-b2a3-f63e1f934942@group-58A987F56150-FollowerState: change to CANDIDATE, lastRpcTime:151ms, electionTimeout:151ms
2019-10-18 14:58:18,794 [Thread-1213] INFO  impl.RoleInfo (RoleInfo.java:shutdownFollowerState(121)) - 327657b1-60f8-49f2-b2a3-f63e1f934942: shutdown FollowerState
2019-10-18 14:58:18,794 [Thread-1213] INFO  impl.RaftServerImpl (RaftServerImpl.java:setRole(184)) - 327657b1-60f8-49f2-b2a3-f63e1f934942@group-58A987F56150: changes role from  FOLLOWER to CANDIDATE at term 163 for changeToCandidate
2019-10-18 14:58:18,795 [Thread-1213] INFO  impl.RoleInfo (RoleInfo.java:updateAndGet(143)) - 327657b1-60f8-49f2-b2a3-f63e1f934942: start LeaderElection
2019-10-18 14:58:18,808 [327657b1-60f8-49f2-b2a3-f63e1f934942@group-58A987F56150-LeaderElection146] INFO  impl.LeaderElection (LeaderElection.java:askForVotes(178)) - 327657b1-60f8-49f2-b2a3-f63e1f934942@group-58A987F56150-LeaderElection146: begin an election at term 164 for -1: [6605b8a5-570b-4977-9ee7-6aaf3012bed5:192.168.164.233:35223, 327657b1-60f8-49f2-b2a3-f63e1f934942:192.168.164.233:41966, ddd4789c-894d-475a-bbfb-f6e7aa670c92:192.168.164.233:41061], old=null
2019-10-18 14:58:18,811 [grpc-default-executor-3] INFO  impl.RaftServerImpl (RaftServerImpl.java:setRole(184)) - 6605b8a5-570b-4977-9ee7-6aaf3012bed5@group-58A987F56150: changes role from  FOLLOWER to FOLLOWER at term 164 for recognizeCandidate:327657b1-60f8-49f2-b2a3-f63e1f934942
2019-10-18 14:58:18,811 [grpc-default-executor-3] INFO  impl.RoleInfo (RoleInfo.java:shutdownFollowerState(121)) - 6605b8a5-570b-4977-9ee7-6aaf3012bed5: shutdown FollowerState
2019-10-18 14:58:18,812 [grpc-default-executor-3] INFO  impl.RoleInfo (RoleInfo.java:updateAndGet(143)) - 6605b8a5-570b-4977-9ee7-6aaf3012bed5: start FollowerState
2019-10-18 14:58:18,812 [Thread-1211] INFO  impl.FollowerState (FollowerState.java:run(117)) - 6605b8a5-570b-4977-9ee7-6aaf3012bed5@group-58A987F56150-FollowerState was interrupted: java.lang.InterruptedException: sleep interrupted
2019-10-18 14:58:18,812 [grpc-default-executor-2] INFO  impl.RaftServerImpl (RaftServerImpl.java:setRole(184)) - ddd4789c-894d-475a-bbfb-f6e7aa670c92@group-58A987F56150: changes role from  FOLLOWER to FOLLOWER at term 164 for recognizeCandidate:327657b1-60f8-49f2-b2a3-f63e1f934942
2019-10-18 14:58:18,812 [grpc-default-executor-2] INFO  impl.RoleInfo (RoleInfo.java:shutdownFollowerState(121)) - ddd4789c-894d-475a-bbfb-f6e7aa670c92: shutdown FollowerState
2019-10-18 14:58:18,812 [grpc-default-executor-2] INFO  impl.RoleInfo (RoleInfo.java:updateAndGet(143)) - ddd4789c-894d-475a-bbfb-f6e7aa670c92: start FollowerState
2019-10-18 14:58:18,813 [Thread-1212] INFO  impl.FollowerState (FollowerState.java:run(117)) - ddd4789c-894d-475a-bbfb-f6e7aa670c92@group-58A987F56150-FollowerState was interrupted: java.lang.InterruptedException: sleep interrupted
2019-10-18 14:58:18,838 [327657b1-60f8-49f2-b2a3-f63e1f934942@group-58A987F56150-LeaderElection146] INFO  impl.LeaderElection (LeaderElection.java:logAndReturn(56)) - 327657b1-60f8-49f2-b2a3-f63e1f934942@group-58A987F56150-LeaderElection146: Election REJECTED; received 2 response(s) [327657b1-60f8-49f2-b2a3-f63e1f934942<-6605b8a5-570b-4977-9ee7-6aaf3012bed5#0:FAIL-t164, 327657b1-60f8-49f2-b2a3-f63e1f934942<-ddd4789c-894d-475a-bbfb-f6e7aa670c92#0:FAIL-t164] and 0 exception(s); 327657b1-60f8-49f2-b2a3-f63e1f934942@group-58A987F56150:t164, leader=null, voted=327657b1-60f8-49f2-b2a3-f63e1f934942, raftlog=327657b1-60f8-49f2-b2a3-f63e1f934942@group-58A987F56150-SegmentedRaftLog:OPENED:c-1,f-1,i0, conf=-1: [6605b8a5-570b-4977-9ee7-6aaf3012bed5:192.168.164.233:35223, 327657b1-60f8-49f2-b2a3-f63e1f934942:192.168.164.233:41966, ddd4789c-894d-475a-bbfb-f6e7aa670c92:192.168.164.233:41061], old=null
2019-10-18 14:58:18,838 [327657b1-60f8-49f2-b2a3-f63e1f934942@group-58A987F56150-LeaderElection146] INFO  impl.RaftServerImpl (RaftServerImpl.java:setRole(184)) - 327657b1-60f8-49f2-b2a3-f63e1f934942@group-58A987F56150: changes role from CANDIDATE to FOLLOWER at term 164 for DISCOVERED_A_NEW_TERM
2019-10-18 14:58:18,838 [327657b1-60f8-49f2-b2a3-f63e1f934942@group-58A987F56150-LeaderElection146] INFO  impl.RoleInfo (RoleInfo.java:shutdownLeaderElection(134)) - 327657b1-60f8-49f2-b2a3-f63e1f934942: shutdown LeaderElection
2019-10-18 14:58:18,838 [327657b1-60f8-49f2-b2a3-f63e1f934942@group-58A987F56150-LeaderElection146] INFO  impl.RoleInfo (RoleInfo.java:updateAndGet(143)) - 327657b1-60f8-49f2-b2a3-f63e1f934942: start FollowerState
2019-10-18 14:58:18,842 [Thread-1221] INFO  impl.FollowerState (FollowerState.java:run(108)) - 327657b1-60f8-49f2-b2a3-f63e1f934942@group-58A987F56150-FollowerState: change to CANDIDATE, lastRpcTime:3ms, electionTimeout:3ms
2019-10-18 14:58:18,842 [Thread-1221] INFO  impl.RoleInfo (RoleInfo.java:shutdownFollowerState(121)) - 327657b1-60f8-49f2-b2a3-f63e1f934942: shutdown FollowerState
2019-10-18 14:58:18,842 [Thread-1221] INFO  impl.RaftServerImpl (RaftServerImpl.java:setRole(184)) - 327657b1-60f8-49f2-b2a3-f63e1f934942@group-58A987F56150: changes role from  FOLLOWER to CANDIDATE at term 164 for changeToCandidate
2019-10-18 14:58:18,842 [Thread-1221] INFO  impl.RoleInfo (RoleInfo.java:updateAndGet(143)) - 327657b1-60f8-49f2-b2a3-f63e1f934942: start LeaderElection
2019-10-18 14:58:18,851 [327657b1-60f8-49f2-b2a3-f63e1f934942@group-58A987F56150-LeaderElection147] INFO  impl.LeaderElection (LeaderElection.java:askForVotes(178)) - 327657b1-60f8-49f2-b2a3-f63e1f934942@group-58A987F56150-LeaderElection147: begin an election at term 165 for -1: [6605b8a5-570b-4977-9ee7-6aaf3012bed5:192.168.164.233:35223, 327657b1-60f8-49f2-b2a3-f63e1f934942:192.168.164.233:41966, ddd4789c-894d-475a-bbfb-f6e7aa670c92:192.168.164.233:41061], old=null
2019-10-18 14:58:18,854 [grpc-default-executor-3] INFO  impl.RaftServerImpl (RaftServerImpl.java:setRole(184)) - 6605b8a5-570b-4977-9ee7-6aaf3012bed5@group-58A987F56150: changes role from  FOLLOWER to FOLLOWER at term 165 for recognizeCandidate:327657b1-60f8-49f2-b2a3-f63e1f934942
2019-10-18 14:58:18,854 [grpc-default-executor-3] INFO  impl.RoleInfo (RoleInfo.java:shutdownFollowerState(121)) - 6605b8a5-570b-4977-9ee7-6aaf3012bed5: shutdown FollowerState
2019-10-18 14:58:18,854 [grpc-default-executor-3] INFO  impl.RoleInfo (RoleInfo.java:updateAndGet(143)) - 6605b8a5-570b-4977-9ee7-6aaf3012bed5: start FollowerState
2019-10-18 14:58:18,854 [Thread-1219] INFO  impl.FollowerState (FollowerState.java:run(117)) - 6605b8a5-570b-4977-9ee7-6aaf3012bed5@group-58A987F56150-FollowerState was interrupted: java.lang.InterruptedException: sleep interrupted
2019-10-18 14:58:18,854 [grpc-default-executor-2] INFO  impl.RaftServerImpl (RaftServerImpl.java:setRole(184)) - ddd4789c-894d-475a-bbfb-f6e7aa670c92@group-58A987F56150: changes role from  FOLLOWER to FOLLOWER at term 165 for recognizeCandidate:327657b1-60f8-49f2-b2a3-f63e1f934942
2019-10-18 14:58:18,855 [grpc-default-executor-2] INFO  impl.RoleInfo (RoleInfo.java:shutdownFollowerState(121)) - ddd4789c-894d-475a-bbfb-f6e7aa670c92: shutdown FollowerState
2019-10-18 14:58:18,855 [grpc-default-executor-2] INFO  impl.RoleInfo (RoleInfo.java:updateAndGet(143)) - ddd4789c-894d-475a-bbfb-f6e7aa670c92: start FollowerState
2019-10-18 14:58:18,855 [Thread-1220] INFO  impl.FollowerState (FollowerState.java:run(117)) - ddd4789c-894d-475a-bbfb-f6e7aa670c92@group-58A987F56150-FollowerState was interrupted: java.lang.InterruptedException: sleep interrupted
2019-10-18 14:58:18,881 [327657b1-60f8-49f2-b2a3-f63e1f934942@group-58A987F56150-LeaderElection147] INFO  impl.LeaderElection (LeaderElection.java:logAndReturn(56)) - 327657b1-60f8-49f2-b2a3-f63e1f934942@group-58A987F56150-LeaderElection147: Election REJECTED; received 2 response(s) [327657b1-60f8-49f2-b2a3-f63e1f934942<-6605b8a5-570b-4977-9ee7-6aaf3012bed5#0:FAIL-t165, 327657b1-60f8-49f2-b2a3-f63e1f934942<-ddd4789c-894d-475a-bbfb-f6e7aa670c92#0:FAIL-t165] and 0 exception(s); 327657b1-60f8-49f2-b2a3-f63e1f934942@group-58A987F56150:t165, leader=null, voted=327657b1-60f8-49f2-b2a3-f63e1f934942, raftlog=327657b1-60f8-49f2-b2a3-f63e1f934942@group-58A987F56150-SegmentedRaftLog:OPENED:c-1,f-1,i0, conf=-1: [6605b8a5-570b-4977-9ee7-6aaf3012bed5:192.168.164.233:35223, 327657b1-60f8-49f2-b2a3-f63e1f934942:192.168.164.233:41966, ddd4789c-894d-475a-bbfb-f6e7aa670c92:192.168.164.233:41061], old=null
2019-10-18 14:58:18,881 [327657b1-60f8-49f2-b2a3-f63e1f934942@group-58A987F56150-LeaderElection147] INFO  impl.RaftServerImpl (RaftServerImpl.java:setRole(184)) - 327657b1-60f8-49f2-b2a3-f63e1f934942@group-58A987F56150: changes role from CANDIDATE to FOLLOWER at term 165 for DISCOVERED_A_NEW_TERM
2019-10-18 14:58:18,881 [327657b1-60f8-49f2-b2a3-f63e1f934942@group-58A987F56150-LeaderElection147] INFO  impl.RoleInfo (RoleInfo.java:shutdownLeaderElection(134)) - 327657b1-60f8-49f2-b2a3-f63e1f934942: shutdown LeaderElection
2019-10-18 14:58:18,881 [327657b1-60f8-49f2-b2a3-f63e1f934942@group-58A987F56150-LeaderElection147] INFO  impl.RoleInfo (RoleInfo.java:updateAndGet(143)) - 327657b1-60f8-49f2-b2a3-f63e1f934942: start FollowerState
2019-10-18 14:58:18,910 [Thread-1227] INFO  impl.FollowerState (FollowerState.java:run(108)) - 327657b1-60f8-49f2-b2a3-f63e1f934942@group-58A987F56150-FollowerState: change to CANDIDATE, lastRpcTime:28ms, electionTimeout:28ms
2019-10-18 14:58:18,910 [Thread-1227] INFO  impl.RoleInfo (RoleInfo.java:shutdownFollowerState(121)) - 327657b1-60f8-49f2-b2a3-f63e1f934942: shutdown FollowerState
2019-10-18 14:58:18,910 [Thread-1227] INFO  impl.RaftServerImpl (RaftServerImpl.java:setRole(184)) - 327657b1-60f8-49f2-b2a3-f63e1f934942@group-58A987F56150: changes role from  FOLLOWER to CANDIDATE at term 165 for changeToCandidate
2019-10-18 14:58:18,910 [Thread-1227] INFO  impl.RoleInfo (RoleInfo.java:updateAndGet(143)) - 327657b1-60f8-49f2-b2a3-f63e1f934942: start LeaderElection
2019-10-18 14:58:18,923 [327657b1-60f8-49f2-b2a3-f63e1f934942@group-58A987F56150-LeaderElection148] INFO  impl.LeaderElection (LeaderElection.java:askForVotes(178)) - 327657b1-60f8-49f2-b2a3-f63e1f934942@group-58A987F56150-LeaderElection148: begin an election at term 166 for -1: [6605b8a5-570b-4977-9ee7-6aaf3012bed5:192.168.164.233:35223, 327657b1-60f8-49f2-b2a3-f63e1f934942:192.168.164.233:41966, ddd4789c-894d-475a-bbfb-f6e7aa670c92:192.168.164.233:41061], old=null
2019-10-18 14:58:18,926 [grpc-default-executor-2] INFO  impl.RaftServerImpl (RaftServerImpl.java:setRole(184)) - 6605b8a5-570b-4977-9ee7-6aaf3012bed5@group-58A987F56150: changes role from  FOLLOWER to FOLLOWER at term 166 for recognizeCandidate:327657b1-60f8-49f2-b2a3-f63e1f934942
2019-10-18 14:58:18,926 [grpc-default-executor-2] INFO  impl.RoleInfo (RoleInfo.java:shutdownFollowerState(121)) - 6605b8a5-570b-4977-9ee7-6aaf3012bed5: shutdown FollowerState
2019-10-18 14:58:18,926 [grpc-default-executor-3] INFO  impl.RaftServerImpl (RaftServerImpl.java:setRole(184)) - ddd4789c-894d-475a-bbfb-f6e7aa670c92@group-58A987F56150: changes role from  FOLLOWER to FOLLOWER at term 166 for recognizeCandidate:327657b1-60f8-49f2-b2a3-f63e1f934942
2019-10-18 14:58:18,926 [Thread-1225] INFO  impl.FollowerState (FollowerState.java:run(117)) - 6605b8a5-570b-4977-9ee7-6aaf3012bed5@group-58A987F56150-FollowerState was interrupted: java.lang.InterruptedException: sleep interrupted
2019-10-18 14:58:18,926 [grpc-default-executor-2] INFO  impl.RoleInfo (RoleInfo.java:updateAndGet(143)) - 6605b8a5-570b-4977-9ee7-6aaf3012bed5: start FollowerState
2019-10-18 14:58:18,926 [grpc-default-executor-3] INFO  impl.RoleInfo (RoleInfo.java:shutdownFollowerState(121)) - ddd4789c-894d-475a-bbfb-f6e7aa670c92: shutdown FollowerState
2019-10-18 14:58:18,927 [grpc-default-executor-3] INFO  impl.RoleInfo (RoleInfo.java:updateAndGet(143)) - ddd4789c-894d-475a-bbfb-f6e7aa670c92: start FollowerState
2019-10-18 14:58:18,927 [Thread-1226] INFO  impl.FollowerState (FollowerState.java:run(117)) - ddd4789c-894d-475a-bbfb-f6e7aa670c92@group-58A987F56150-FollowerState was interrupted: java.lang.InterruptedException: sleep interrupted
2019-10-18 14:58:18,952 [327657b1-60f8-49f2-b2a3-f63e1f934942@group-58A987F56150-LeaderElection148] INFO  impl.LeaderElection (LeaderElection.java:logAndReturn(56)) - 327657b1-60f8-49f2-b2a3-f63e1f934942@group-58A987F56150-LeaderElection148: Election REJECTED; received 2 response(s) [327657b1-60f8-49f2-b2a3-f63e1f934942<-6605b8a5-570b-4977-9ee7-6aaf3012bed5#0:FAIL-t166, 327657b1-60f8-49f2-b2a3-f63e1f934942<-ddd4789c-894d-475a-bbfb-f6e7aa670c92#0:FAIL-t166] and 0 exception(s); 327657b1-60f8-49f2-b2a3-f63e1f934942@group-58A987F56150:t166, leader=null, voted=327657b1-60f8-49f2-b2a3-f63e1f934942, raftlog=327657b1-60f8-49f2-b2a3-f63e1f934942@group-58A987F56150-SegmentedRaftLog:OPENED:c-1,f-1,i0, conf=-1: [6605b8a5-570b-4977-9ee7-6aaf3012bed5:192.168.164.233:35223, 327657b1-60f8-49f2-b2a3-f63e1f934942:192.168.164.233:41966, ddd4789c-894d-475a-bbfb-f6e7aa670c92:192.168.164.233:41061], old=null
2019-10-18 14:58:18,952 [327657b1-60f8-49f2-b2a3-f63e1f934942@group-58A987F56150-LeaderElection148] INFO  impl.RaftServerImpl (RaftServerImpl.java:setRole(184)) - 327657b1-60f8-49f2-b2a3-f63e1f934942@group-58A987F56150: changes role from CANDIDATE to FOLLOWER at term 166 for DISCOVERED_A_NEW_TERM
2019-10-18 14:58:18,952 [327657b1-60f8-49f2-b2a3-f63e1f934942@group-58A987F56150-LeaderElection148] INFO  impl.RoleInfo (RoleInfo.java:shutdownLeaderElection(134)) - 327657b1-60f8-49f2-b2a3-f63e1f934942: shutdown LeaderElection
2019-10-18 14:58:18,952 [327657b1-60f8-49f2-b2a3-f63e1f934942@group-58A987F56150-LeaderElection148] INFO  impl.RoleInfo (RoleInfo.java:updateAndGet(143)) - 327657b1-60f8-49f2-b2a3-f63e1f934942: start FollowerState
2019-10-18 14:58:19,088 [Thread-1233] INFO  impl.FollowerState (FollowerState.java:run(108)) - 327657b1-60f8-49f2-b2a3-f63e1f934942@group-58A987F56150-FollowerState: change to CANDIDATE, lastRpcTime:135ms, electionTimeout:135ms
2019-10-18 14:58:19,088 [Thread-1233] INFO  impl.RoleInfo (RoleInfo.java:shutdownFollowerState(121)) - 327657b1-60f8-49f2-b2a3-f63e1f934942: shutdown FollowerState
2019-10-18 14:58:19,088 [Thread-1233] INFO  impl.RaftServerImpl (RaftServerImpl.java:setRole(184)) - 327657b1-60f8-49f2-b2a3-f63e1f934942@group-58A987F56150: changes role from  FOLLOWER to CANDIDATE at term 166 for changeToCandidate
2019-10-18 14:58:19,089 [Thread-1233] INFO  impl.RoleInfo (RoleInfo.java:updateAndGet(143)) - 327657b1-60f8-49f2-b2a3-f63e1f934942: start LeaderElection
2019-10-18 14:58:19,102 [327657b1-60f8-49f2-b2a3-f63e1f934942@group-58A987F56150-LeaderElection149] INFO  impl.LeaderElection (LeaderElection.java:askForVotes(178)) - 327657b1-60f8-49f2-b2a3-f63e1f934942@group-58A987F56150-LeaderElection149: begin an election at term 167 for -1: [6605b8a5-570b-4977-9ee7-6aaf3012bed5:192.168.164.233:35223, 327657b1-60f8-49f2-b2a3-f63e1f934942:192.168.164.233:41966, ddd4789c-894d-475a-bbfb-f6e7aa670c92:192.168.164.233:41061], old=null
2019-10-18 14:58:19,104 [grpc-default-executor-2] INFO  impl.RaftServerImpl (RaftServerImpl.java:setRole(184)) - 6605b8a5-570b-4977-9ee7-6aaf3012bed5@group-58A987F56150: changes role from  FOLLOWER to FOLLOWER at term 167 for recognizeCandidate:327657b1-60f8-49f2-b2a3-f63e1f934942
2019-10-18 14:58:19,104 [grpc-default-executor-2] INFO  impl.RoleInfo (RoleInfo.java:shutdownFollowerState(121)) - 6605b8a5-570b-4977-9ee7-6aaf3012bed5: shutdown FollowerState
2019-10-18 14:58:19,104 [grpc-default-executor-3] INFO  impl.RaftServerImpl (RaftServerImpl.java:setRole(184)) - ddd4789c-894d-475a-bbfb-f6e7aa670c92@group-58A987F56150: changes role from  FOLLOWER to FOLLOWER at term 167 for recognizeCandidate:327657b1-60f8-49f2-b2a3-f63e1f934942
2019-10-18 14:58:19,104 [grpc-default-executor-3] INFO  impl.RoleInfo (RoleInfo.java:shutdownFollowerState(121)) - ddd4789c-894d-475a-bbfb-f6e7aa670c92: shutdown FollowerState
2019-10-18 14:58:19,104 [Thread-1231] INFO  impl.FollowerState (FollowerState.java:run(117)) - 6605b8a5-570b-4977-9ee7-6aaf3012bed5@group-58A987F56150-FollowerState was interrupted: java.lang.InterruptedException: sleep interrupted
2019-10-18 14:58:19,104 [grpc-default-executor-2] INFO  impl.RoleInfo (RoleInfo.java:updateAndGet(143)) - 6605b8a5-570b-4977-9ee7-6aaf3012bed5: start FollowerState
2019-10-18 14:58:19,105 [Thread-1232] INFO  impl.FollowerState (FollowerState.java:run(117)) - ddd4789c-894d-475a-bbfb-f6e7aa670c92@group-58A987F56150-FollowerState was interrupted: java.lang.InterruptedException: sleep interrupted
2019-10-18 14:58:19,104 [grpc-default-executor-3] INFO  impl.RoleInfo (RoleInfo.java:updateAndGet(143)) - ddd4789c-894d-475a-bbfb-f6e7aa670c92: start FollowerState
2019-10-18 14:58:19,108 [327657b1-60f8-49f2-b2a3-f63e1f934942@group-58A987F56150-LeaderElection149] INFO  impl.LeaderElection (LeaderElection.java:logAndReturn(56)) - 327657b1-60f8-49f2-b2a3-f63e1f934942@group-58A987F56150-LeaderElection149: Election TIMEOUT; received 0 response(s) [] and 0 exception(s); 327657b1-60f8-49f2-b2a3-f63e1f934942@group-58A987F56150:t167, leader=null, voted=327657b1-60f8-49f2-b2a3-f63e1f934942, raftlog=327657b1-60f8-49f2-b2a3-f63e1f934942@group-58A987F56150-SegmentedRaftLog:OPENED:c-1,f-1,i0, conf=-1: [6605b8a5-570b-4977-9ee7-6aaf3012bed5:192.168.164.233:35223, 327657b1-60f8-49f2-b2a3-f63e1f934942:192.168.164.233:41966, ddd4789c-894d-475a-bbfb-f6e7aa670c92:192.168.164.233:41061], old=null
2019-10-18 14:58:19,123 [327657b1-60f8-49f2-b2a3-f63e1f934942@group-58A987F56150-LeaderElection149] INFO  impl.LeaderElection (LeaderElection.java:askForVotes(178)) - 327657b1-60f8-49f2-b2a3-f63e1f934942@group-58A987F56150-LeaderElection149: begin an election at term 168 for -1: [6605b8a5-570b-4977-9ee7-6aaf3012bed5:192.168.164.233:35223, 327657b1-60f8-49f2-b2a3-f63e1f934942:192.168.164.233:41966, ddd4789c-894d-475a-bbfb-f6e7aa670c92:192.168.164.233:41061], old=null
2019-10-18 14:58:19,125 [grpc-default-executor-3] INFO  impl.RaftServerImpl (RaftServerImpl.java:setRole(184)) - 6605b8a5-570b-4977-9ee7-6aaf3012bed5@group-58A987F56150: changes role from  FOLLOWER to FOLLOWER at term 168 for recognizeCandidate:327657b1-60f8-49f2-b2a3-f63e1f934942
2019-10-18 14:58:19,125 [grpc-default-executor-3] INFO  impl.RoleInfo (RoleInfo.java:shutdownFollowerState(121)) - 6605b8a5-570b-4977-9ee7-6aaf3012bed5: shutdown FollowerState
2019-10-18 14:58:19,125 [grpc-default-executor-2] INFO  impl.RaftServerImpl (RaftServerImpl.java:setRole(184)) - ddd4789c-894d-475a-bbfb-f6e7aa670c92@group-58A987F56150: changes role from  FOLLOWER to FOLLOWER at term 168 for recognizeCandidate:327657b1-60f8-49f2-b2a3-f63e1f934942
2019-10-18 14:58:19,125 [grpc-default-executor-2] INFO  impl.RoleInfo (RoleInfo.java:shutdownFollowerState(121)) - ddd4789c-894d-475a-bbfb-f6e7aa670c92: shutdown FollowerState
2019-10-18 14:58:19,125 [grpc-default-executor-3] INFO  impl.RoleInfo (RoleInfo.java:updateAndGet(143)) - 6605b8a5-570b-4977-9ee7-6aaf3012bed5: start FollowerState
2019-10-18 14:58:19,126 [Thread-1238] INFO  impl.FollowerState (FollowerState.java:run(117)) - ddd4789c-894d-475a-bbfb-f6e7aa670c92@group-58A987F56150-FollowerState was interrupted: java.lang.InterruptedException: sleep interrupted
2019-10-18 14:58:19,125 [grpc-default-executor-2] INFO  impl.RoleInfo (RoleInfo.java:updateAndGet(143)) - ddd4789c-894d-475a-bbfb-f6e7aa670c92: start FollowerState
2019-10-18 14:58:19,125 [Thread-1237] INFO  impl.FollowerState (FollowerState.java:run(117)) - 6605b8a5-570b-4977-9ee7-6aaf3012bed5@group-58A987F56150-FollowerState was interrupted: java.lang.InterruptedException: sleep interrupted
2019-10-18 14:58:19,162 [327657b1-60f8-49f2-b2a3-f63e1f934942@group-58A987F56150-LeaderElection149] INFO  impl.LeaderElection (LeaderElection.java:logAndReturn(56)) - 327657b1-60f8-49f2-b2a3-f63e1f934942@group-58A987F56150-LeaderElection149: Election REJECTED; received 2 response(s) [327657b1-60f8-49f2-b2a3-f63e1f934942<-6605b8a5-570b-4977-9ee7-6aaf3012bed5#0:FAIL-t168, 327657b1-60f8-49f2-b2a3-f63e1f934942<-ddd4789c-894d-475a-bbfb-f6e7aa670c92#0:FAIL-t168] and 0 exception(s); 327657b1-60f8-49f2-b2a3-f63e1f934942@group-58A987F56150:t168, leader=null, voted=327657b1-60f8-49f2-b2a3-f63e1f934942, raftlog=327657b1-60f8-49f2-b2a3-f63e1f934942@group-58A987F56150-SegmentedRaftLog:OPENED:c-1,f-1,i0, conf=-1: [6605b8a5-570b-4977-9ee7-6aaf3012bed5:192.168.164.233:35223, 327657b1-60f8-49f2-b2a3-f63e1f934942:192.168.164.233:41966, ddd4789c-894d-475a-bbfb-f6e7aa670c92:192.168.164.233:41061], old=null
2019-10-18 14:58:19,162 [327657b1-60f8-49f2-b2a3-f63e1f934942@group-58A987F56150-LeaderElection149] INFO  impl.RaftServerImpl (RaftServerImpl.java:setRole(184)) - 327657b1-60f8-49f2-b2a3-f63e1f934942@group-58A987F56150: changes role from CANDIDATE to FOLLOWER at term 168 for DISCOVERED_A_NEW_TERM
2019-10-18 14:58:19,162 [327657b1-60f8-49f2-b2a3-f63e1f934942@group-58A987F56150-LeaderElection149] INFO  impl.RoleInfo (RoleInfo.java:shutdownLeaderElection(134)) - 327657b1-60f8-49f2-b2a3-f63e1f934942: shutdown LeaderElection
2019-10-18 14:58:19,162 [327657b1-60f8-49f2-b2a3-f63e1f934942@group-58A987F56150-LeaderElection149] INFO  impl.RoleInfo (RoleInfo.java:updateAndGet(143)) - 327657b1-60f8-49f2-b2a3-f63e1f934942: start FollowerState
2019-10-18 14:58:19,188 [Thread-1243] INFO  impl.FollowerState (FollowerState.java:run(108)) - 327657b1-60f8-49f2-b2a3-f63e1f934942@group-58A987F56150-FollowerState: change to CANDIDATE, lastRpcTime:25ms, electionTimeout:25ms
2019-10-18 14:58:19,188 [Thread-1243] INFO  impl.RoleInfo (RoleInfo.java:shutdownFollowerState(121)) - 327657b1-60f8-49f2-b2a3-f63e1f934942: shutdown FollowerState
2019-10-18 14:58:19,188 [Thread-1243] INFO  impl.RaftServerImpl (RaftServerImpl.java:setRole(184)) - 327657b1-60f8-49f2-b2a3-f63e1f934942@group-58A987F56150: changes role from  FOLLOWER to CANDIDATE at term 168 for changeToCandidate
2019-10-18 14:58:19,188 [Thread-1243] INFO  impl.RoleInfo (RoleInfo.java:updateAndGet(143)) - 327657b1-60f8-49f2-b2a3-f63e1f934942: start LeaderElection
2019-10-18 14:58:19,201 [327657b1-60f8-49f2-b2a3-f63e1f934942@group-58A987F56150-LeaderElection150] INFO  impl.LeaderElection (LeaderElection.java:askForVotes(178)) - 327657b1-60f8-49f2-b2a3-f63e1f934942@group-58A987F56150-LeaderElection150: begin an election at term 169 for -1: [6605b8a5-570b-4977-9ee7-6aaf3012bed5:192.168.164.233:35223, 327657b1-60f8-49f2-b2a3-f63e1f934942:192.168.164.233:41966, ddd4789c-894d-475a-bbfb-f6e7aa670c92:192.168.164.233:41061], old=null
2019-10-18 14:58:19,203 [grpc-default-executor-2] INFO  impl.RaftServerImpl (RaftServerImpl.java:setRole(184)) - 6605b8a5-570b-4977-9ee7-6aaf3012bed5@group-58A987F56150: changes role from  FOLLOWER to FOLLOWER at term 169 for recognizeCandidate:327657b1-60f8-49f2-b2a3-f63e1f934942
2019-10-18 14:58:19,203 [grpc-default-executor-2] INFO  impl.RoleInfo (RoleInfo.java:shutdownFollowerState(121)) - 6605b8a5-570b-4977-9ee7-6aaf3012bed5: shutdown FollowerState
2019-10-18 14:58:19,203 [grpc-default-executor-2] INFO  impl.RoleInfo (RoleInfo.java:updateAndGet(143)) - 6605b8a5-570b-4977-9ee7-6aaf3012bed5: start FollowerState
2019-10-18 14:58:19,203 [grpc-default-executor-3] INFO  impl.RaftServerImpl (RaftServerImpl.java:setRole(184)) - ddd4789c-894d-475a-bbfb-f6e7aa670c92@group-58A987F56150: changes role from  FOLLOWER to FOLLOWER at term 169 for recognizeCandidate:327657b1-60f8-49f2-b2a3-f63e1f934942
2019-10-18 14:58:19,204 [grpc-default-executor-3] INFO  impl.RoleInfo (RoleInfo.java:shutdownFollowerState(121)) - ddd4789c-894d-475a-bbfb-f6e7aa670c92: shutdown FollowerState
2019-10-18 14:58:19,203 [Thread-1241] INFO  impl.FollowerState (FollowerState.java:run(117)) - 6605b8a5-570b-4977-9ee7-6aaf3012bed5@group-58A987F56150-FollowerState was interrupted: java.lang.InterruptedException: sleep interrupted
2019-10-18 14:58:19,204 [Thread-1242] INFO  impl.FollowerState (FollowerState.java:run(117)) - ddd4789c-894d-475a-bbfb-f6e7aa670c92@group-58A987F56150-FollowerState was interrupted: java.lang.InterruptedException: sleep interrupted
2019-10-18 14:58:19,204 [grpc-default-executor-3] INFO  impl.RoleInfo (RoleInfo.java:updateAndGet(143)) - ddd4789c-894d-475a-bbfb-f6e7aa670c92: start FollowerState
2019-10-18 14:58:19,218 [327657b1-60f8-49f2-b2a3-f63e1f934942@group-58A987F56150-LeaderElection150] INFO  impl.LeaderElection (LeaderElection.java:logAndReturn(56)) - 327657b1-60f8-49f2-b2a3-f63e1f934942@group-58A987F56150-LeaderElection150: Election REJECTED; received 2 response(s) [327657b1-60f8-49f2-b2a3-f63e1f934942<-6605b8a5-570b-4977-9ee7-6aaf3012bed5#0:FAIL-t169, 327657b1-60f8-49f2-b2a3-f63e1f934942<-ddd4789c-894d-475a-bbfb-f6e7aa670c92#0:FAIL-t169] and 0 exception(s); 327657b1-60f8-49f2-b2a3-f63e1f934942@group-58A987F56150:t169, leader=null, voted=327657b1-60f8-49f2-b2a3-f63e1f934942, raftlog=327657b1-60f8-49f2-b2a3-f63e1f934942@group-58A987F56150-SegmentedRaftLog:OPENED:c-1,f-1,i0, conf=-1: [6605b8a5-570b-4977-9ee7-6aaf3012bed5:192.168.164.233:35223, 327657b1-60f8-49f2-b2a3-f63e1f934942:192.168.164.233:41966, ddd4789c-894d-475a-bbfb-f6e7aa670c92:192.168.164.233:41061], old=null
2019-10-18 14:58:19,218 [327657b1-60f8-49f2-b2a3-f63e1f934942@group-58A987F56150-LeaderElection150] INFO  impl.RaftServerImpl (RaftServerImpl.java:setRole(184)) - 327657b1-60f8-49f2-b2a3-f63e1f934942@group-58A987F56150: changes role from CANDIDATE to FOLLOWER at term 169 for DISCOVERED_A_NEW_TERM
2019-10-18 14:58:19,218 [327657b1-60f8-49f2-b2a3-f63e1f934942@group-58A987F56150-LeaderElection150] INFO  impl.RoleInfo (RoleInfo.java:shutdownLeaderElection(134)) - 327657b1-60f8-49f2-b2a3-f63e1f934942: shutdown LeaderElection
2019-10-18 14:58:19,218 [327657b1-60f8-49f2-b2a3-f63e1f934942@group-58A987F56150-LeaderElection150] INFO  impl.RoleInfo (RoleInfo.java:updateAndGet(143)) - 327657b1-60f8-49f2-b2a3-f63e1f934942: start FollowerState
2019-10-18 14:58:19,301 [Thread-1249] INFO  impl.FollowerState (FollowerState.java:run(108)) - 327657b1-60f8-49f2-b2a3-f63e1f934942@group-58A987F56150-FollowerState: change to CANDIDATE, lastRpcTime:82ms, electionTimeout:82ms
2019-10-18 14:58:19,301 [Thread-1249] INFO  impl.RoleInfo (RoleInfo.java:shutdownFollowerState(121)) - 327657b1-60f8-49f2-b2a3-f63e1f934942: shutdown FollowerState
2019-10-18 14:58:19,301 [Thread-1249] INFO  impl.RaftServerImpl (RaftServerImpl.java:setRole(184)) - 327657b1-60f8-49f2-b2a3-f63e1f934942@group-58A987F56150: changes role from  FOLLOWER to CANDIDATE at term 169 for changeToCandidate
2019-10-18 14:58:19,301 [Thread-1249] INFO  impl.RoleInfo (RoleInfo.java:updateAndGet(143)) - 327657b1-60f8-49f2-b2a3-f63e1f934942: start LeaderElection
2019-10-18 14:58:19,314 [327657b1-60f8-49f2-b2a3-f63e1f934942@group-58A987F56150-LeaderElection151] INFO  impl.LeaderElection (LeaderElection.java:askForVotes(178)) - 327657b1-60f8-49f2-b2a3-f63e1f934942@group-58A987F56150-LeaderElection151: begin an election at term 170 for -1: [6605b8a5-570b-4977-9ee7-6aaf3012bed5:192.168.164.233:35223, 327657b1-60f8-49f2-b2a3-f63e1f934942:192.168.164.233:41966, ddd4789c-894d-475a-bbfb-f6e7aa670c92:192.168.164.233:41061], old=null
2019-10-18 14:58:19,316 [grpc-default-executor-2] INFO  impl.RaftServerImpl (RaftServerImpl.java:setRole(184)) - 6605b8a5-570b-4977-9ee7-6aaf3012bed5@group-58A987F56150: changes role from  FOLLOWER to FOLLOWER at term 170 for recognizeCandidate:327657b1-60f8-49f2-b2a3-f63e1f934942
2019-10-18 14:58:19,316 [grpc-default-executor-3] INFO  impl.RaftServerImpl (RaftServerImpl.java:setRole(184)) - ddd4789c-894d-475a-bbfb-f6e7aa670c92@group-58A987F56150: changes role from  FOLLOWER to FOLLOWER at term 170 for recognizeCandidate:327657b1-60f8-49f2-b2a3-f63e1f934942
2019-10-18 14:58:19,316 [grpc-default-executor-3] INFO  impl.RoleInfo (RoleInfo.java:shutdownFollowerState(121)) - ddd4789c-894d-475a-bbfb-f6e7aa670c92: shutdown FollowerState
2019-10-18 14:58:19,316 [grpc-default-executor-2] INFO  impl.RoleInfo (RoleInfo.java:shutdownFollowerState(121)) - 6605b8a5-570b-4977-9ee7-6aaf3012bed5: shutdown FollowerState
2019-10-18 14:58:19,317 [Thread-1248] INFO  impl.FollowerState (FollowerState.java:run(117)) - ddd4789c-894d-475a-bbfb-f6e7aa670c92@group-58A987F56150-FollowerState was interrupted: java.lang.InterruptedException: sleep interrupted
2019-10-18 14:58:19,316 [grpc-default-executor-3] INFO  impl.RoleInfo (RoleInfo.java:updateAndGet(143)) - ddd4789c-894d-475a-bbfb-f6e7aa670c92: start FollowerState
2019-10-18 14:58:19,317 [Thread-1247] INFO  impl.FollowerState (FollowerState.java:run(117)) - 6605b8a5-570b-4977-9ee7-6aaf3012bed5@group-58A987F56150-FollowerState was interrupted: java.lang.InterruptedException: sleep interrupted
2019-10-18 14:58:19,317 [grpc-default-executor-2] INFO  impl.RoleInfo (RoleInfo.java:updateAndGet(143)) - 6605b8a5-570b-4977-9ee7-6aaf3012bed5: start FollowerState
2019-10-18 14:58:19,318 [327657b1-60f8-49f2-b2a3-f63e1f934942@group-58A987F56150-LeaderElection151] INFO  impl.LeaderElection (LeaderElection.java:logAndReturn(56)) - 327657b1-60f8-49f2-b2a3-f63e1f934942@group-58A987F56150-LeaderElection151: Election TIMEOUT; received 0 response(s) [] and 0 exception(s); 327657b1-60f8-49f2-b2a3-f63e1f934942@group-58A987F56150:t170, leader=null, voted=327657b1-60f8-49f2-b2a3-f63e1f934942, raftlog=327657b1-60f8-49f2-b2a3-f63e1f934942@group-58A987F56150-SegmentedRaftLog:OPENED:c-1,f-1,i0, conf=-1: [6605b8a5-570b-4977-9ee7-6aaf3012bed5:192.168.164.233:35223, 327657b1-60f8-49f2-b2a3-f63e1f934942:192.168.164.233:41966, ddd4789c-894d-475a-bbfb-f6e7aa670c92:192.168.164.233:41061], old=null
2019-10-18 14:58:19,342 [327657b1-60f8-49f2-b2a3-f63e1f934942@group-58A987F56150-LeaderElection151] INFO  impl.LeaderElection (LeaderElection.java:askForVotes(178)) - 327657b1-60f8-49f2-b2a3-f63e1f934942@group-58A987F56150-LeaderElection151: begin an election at term 171 for -1: [6605b8a5-570b-4977-9ee7-6aaf3012bed5:192.168.164.233:35223, 327657b1-60f8-49f2-b2a3-f63e1f934942:192.168.164.233:41966, ddd4789c-894d-475a-bbfb-f6e7aa670c92:192.168.164.233:41061], old=null
2019-10-18 14:58:19,343 [grpc-default-executor-2] INFO  impl.RaftServerImpl (RaftServerImpl.java:setRole(184)) - 6605b8a5-570b-4977-9ee7-6aaf3012bed5@group-58A987F56150: changes role from  FOLLOWER to FOLLOWER at term 171 for recognizeCandidate:327657b1-60f8-49f2-b2a3-f63e1f934942
2019-10-18 14:58:19,344 [grpc-default-executor-2] INFO  impl.RoleInfo (RoleInfo.java:shutdownFollowerState(121)) - 6605b8a5-570b-4977-9ee7-6aaf3012bed5: shutdown FollowerState
2019-10-18 14:58:19,344 [grpc-default-executor-2] INFO  impl.RoleInfo (RoleInfo.java:updateAndGet(143)) - 6605b8a5-570b-4977-9ee7-6aaf3012bed5: start FollowerState
2019-10-18 14:58:19,344 [Thread-1254] INFO  impl.FollowerState (FollowerState.java:run(117)) - 6605b8a5-570b-4977-9ee7-6aaf3012bed5@group-58A987F56150-FollowerState was interrupted: java.lang.InterruptedException: sleep interrupted
2019-10-18 14:58:19,344 [grpc-default-executor-3] INFO  impl.RaftServerImpl (RaftServerImpl.java:setRole(184)) - ddd4789c-894d-475a-bbfb-f6e7aa670c92@group-58A987F56150: changes role from  FOLLOWER to FOLLOWER at term 171 for recognizeCandidate:327657b1-60f8-49f2-b2a3-f63e1f934942
2019-10-18 14:58:19,344 [grpc-default-executor-3] INFO  impl.RoleInfo (RoleInfo.java:shutdownFollowerState(121)) - ddd4789c-894d-475a-bbfb-f6e7aa670c92: shutdown FollowerState
2019-10-18 14:58:19,344 [grpc-default-executor-3] INFO  impl.RoleInfo (RoleInfo.java:updateAndGet(143)) - ddd4789c-894d-475a-bbfb-f6e7aa670c92: start FollowerState
2019-10-18 14:58:19,345 [Thread-1253] INFO  impl.FollowerState (FollowerState.java:run(117)) - ddd4789c-894d-475a-bbfb-f6e7aa670c92@group-58A987F56150-FollowerState was interrupted: java.lang.InterruptedException: sleep interrupted
2019-10-18 14:58:19,371 [327657b1-60f8-49f2-b2a3-f63e1f934942@group-58A987F56150-LeaderElection151] INFO  impl.LeaderElection (LeaderElection.java:logAndReturn(56)) - 327657b1-60f8-49f2-b2a3-f63e1f934942@group-58A987F56150-LeaderElection151: Election REJECTED; received 2 response(s) [327657b1-60f8-49f2-b2a3-f63e1f934942<-6605b8a5-570b-4977-9ee7-6aaf3012bed5#0:FAIL-t171, 327657b1-60f8-49f2-b2a3-f63e1f934942<-ddd4789c-894d-475a-bbfb-f6e7aa670c92#0:FAIL-t171] and 0 exception(s); 327657b1-60f8-49f2-b2a3-f63e1f934942@group-58A987F56150:t171, leader=null, voted=327657b1-60f8-49f2-b2a3-f63e1f934942, raftlog=327657b1-60f8-49f2-b2a3-f63e1f934942@group-58A987F56150-SegmentedRaftLog:OPENED:c-1,f-1,i0, conf=-1: [6605b8a5-570b-4977-9ee7-6aaf3012bed5:192.168.164.233:35223, 327657b1-60f8-49f2-b2a3-f63e1f934942:192.168.164.233:41966, ddd4789c-894d-475a-bbfb-f6e7aa670c92:192.168.164.233:41061], old=null
2019-10-18 14:58:19,371 [327657b1-60f8-49f2-b2a3-f63e1f934942@group-58A987F56150-LeaderElection151] INFO  impl.RaftServerImpl (RaftServerImpl.java:setRole(184)) - 327657b1-60f8-49f2-b2a3-f63e1f934942@group-58A987F56150: changes role from CANDIDATE to FOLLOWER at term 171 for DISCOVERED_A_NEW_TERM
2019-10-18 14:58:19,371 [327657b1-60f8-49f2-b2a3-f63e1f934942@group-58A987F56150-LeaderElection151] INFO  impl.RoleInfo (RoleInfo.java:shutdownLeaderElection(134)) - 327657b1-60f8-49f2-b2a3-f63e1f934942: shutdown LeaderElection
2019-10-18 14:58:19,371 [327657b1-60f8-49f2-b2a3-f63e1f934942@group-58A987F56150-LeaderElection151] INFO  impl.RoleInfo (RoleInfo.java:updateAndGet(143)) - 327657b1-60f8-49f2-b2a3-f63e1f934942: start FollowerState
2019-10-18 14:58:19,548 [Thread-1259] INFO  impl.FollowerState (FollowerState.java:run(108)) - 327657b1-60f8-49f2-b2a3-f63e1f934942@group-58A987F56150-FollowerState: change to CANDIDATE, lastRpcTime:176ms, electionTimeout:176ms
2019-10-18 14:58:19,548 [Thread-1259] INFO  impl.RoleInfo (RoleInfo.java:shutdownFollowerState(121)) - 327657b1-60f8-49f2-b2a3-f63e1f934942: shutdown FollowerState
2019-10-18 14:58:19,548 [Thread-1259] INFO  impl.RaftServerImpl (RaftServerImpl.java:setRole(184)) - 327657b1-60f8-49f2-b2a3-f63e1f934942@group-58A987F56150: changes role from  FOLLOWER to CANDIDATE at term 171 for changeToCandidate
2019-10-18 14:58:19,549 [Thread-1259] INFO  impl.RoleInfo (RoleInfo.java:updateAndGet(143)) - 327657b1-60f8-49f2-b2a3-f63e1f934942: start LeaderElection
2019-10-18 14:58:19,563 [327657b1-60f8-49f2-b2a3-f63e1f934942@group-58A987F56150-LeaderElection152] INFO  impl.LeaderElection (LeaderElection.java:askForVotes(178)) - 327657b1-60f8-49f2-b2a3-f63e1f934942@group-58A987F56150-LeaderElection152: begin an election at term 172 for -1: [6605b8a5-570b-4977-9ee7-6aaf3012bed5:192.168.164.233:35223, 327657b1-60f8-49f2-b2a3-f63e1f934942:192.168.164.233:41966, ddd4789c-894d-475a-bbfb-f6e7aa670c92:192.168.164.233:41061], old=null
2019-10-18 14:58:19,566 [grpc-default-executor-2] INFO  impl.RaftServerImpl (RaftServerImpl.java:setRole(184)) - 6605b8a5-570b-4977-9ee7-6aaf3012bed5@group-58A987F56150: changes role from  FOLLOWER to FOLLOWER at term 172 for recognizeCandidate:327657b1-60f8-49f2-b2a3-f63e1f934942
2019-10-18 14:58:19,566 [grpc-default-executor-2] INFO  impl.RoleInfo (RoleInfo.java:shutdownFollowerState(121)) - 6605b8a5-570b-4977-9ee7-6aaf3012bed5: shutdown FollowerState
2019-10-18 14:58:19,566 [grpc-default-executor-3] INFO  impl.RaftServerImpl (RaftServerImpl.java:setRole(184)) - ddd4789c-894d-475a-bbfb-f6e7aa670c92@group-58A987F56150: changes role from  FOLLOWER to FOLLOWER at term 172 for recognizeCandidate:327657b1-60f8-49f2-b2a3-f63e1f934942
2019-10-18 14:58:19,566 [Thread-1257] INFO  impl.FollowerState (FollowerState.java:run(117)) - 6605b8a5-570b-4977-9ee7-6aaf3012bed5@group-58A987F56150-FollowerState was interrupted: java.lang.InterruptedException: sleep interrupted
2019-10-18 14:58:19,566 [grpc-default-executor-2] INFO  impl.RoleInfo (RoleInfo.java:updateAndGet(143)) - 6605b8a5-570b-4977-9ee7-6aaf3012bed5: start FollowerState
2019-10-18 14:58:19,566 [grpc-default-executor-3] INFO  impl.RoleInfo (RoleInfo.java:shutdownFollowerState(121)) - ddd4789c-894d-475a-bbfb-f6e7aa670c92: shutdown FollowerState
2019-10-18 14:58:19,567 [grpc-default-executor-3] INFO  impl.RoleInfo (RoleInfo.java:updateAndGet(143)) - ddd4789c-894d-475a-bbfb-f6e7aa670c92: start FollowerState
2019-10-18 14:58:19,567 [Thread-1258] INFO  impl.FollowerState (FollowerState.java:run(117)) - ddd4789c-894d-475a-bbfb-f6e7aa670c92@group-58A987F56150-FollowerState was interrupted: java.lang.InterruptedException: sleep interrupted
2019-10-18 14:58:19,582 [327657b1-60f8-49f2-b2a3-f63e1f934942@group-58A987F56150-LeaderElection152] INFO  impl.LeaderElection (LeaderElection.java:logAndReturn(56)) - 327657b1-60f8-49f2-b2a3-f63e1f934942@group-58A987F56150-LeaderElection152: Election REJECTED; received 2 response(s) [327657b1-60f8-49f2-b2a3-f63e1f934942<-6605b8a5-570b-4977-9ee7-6aaf3012bed5#0:FAIL-t172, 327657b1-60f8-49f2-b2a3-f63e1f934942<-ddd4789c-894d-475a-bbfb-f6e7aa670c92#0:FAIL-t172] and 0 exception(s); 327657b1-60f8-49f2-b2a3-f63e1f934942@group-58A987F56150:t172, leader=null, voted=327657b1-60f8-49f2-b2a3-f63e1f934942, raftlog=327657b1-60f8-49f2-b2a3-f63e1f934942@group-58A987F56150-SegmentedRaftLog:OPENED:c-1,f-1,i0, conf=-1: [6605b8a5-570b-4977-9ee7-6aaf3012bed5:192.168.164.233:35223, 327657b1-60f8-49f2-b2a3-f63e1f934942:192.168.164.233:41966, ddd4789c-894d-475a-bbfb-f6e7aa670c92:192.168.164.233:41061], old=null
2019-10-18 14:58:19,582 [327657b1-60f8-49f2-b2a3-f63e1f934942@group-58A987F56150-LeaderElection152] INFO  impl.RaftServerImpl (RaftServerImpl.java:setRole(184)) - 327657b1-60f8-49f2-b2a3-f63e1f934942@group-58A987F56150: changes role from CANDIDATE to FOLLOWER at term 172 for DISCOVERED_A_NEW_TERM
2019-10-18 14:58:19,582 [327657b1-60f8-49f2-b2a3-f63e1f934942@group-58A987F56150-LeaderElection152] INFO  impl.RoleInfo (RoleInfo.java:shutdownLeaderElection(134)) - 327657b1-60f8-49f2-b2a3-f63e1f934942: shutdown LeaderElection
2019-10-18 14:58:19,582 [327657b1-60f8-49f2-b2a3-f63e1f934942@group-58A987F56150-LeaderElection152] INFO  impl.RoleInfo (RoleInfo.java:updateAndGet(143)) - 327657b1-60f8-49f2-b2a3-f63e1f934942: start FollowerState
2019-10-18 14:58:19,618 [Thread-1265] INFO  impl.FollowerState (FollowerState.java:run(108)) - 327657b1-60f8-49f2-b2a3-f63e1f934942@group-58A987F56150-FollowerState: change to CANDIDATE, lastRpcTime:36ms, electionTimeout:36ms
2019-10-18 14:58:19,619 [Thread-1265] INFO  impl.RoleInfo (RoleInfo.java:shutdownFollowerState(121)) - 327657b1-60f8-49f2-b2a3-f63e1f934942: shutdown FollowerState
2019-10-18 14:58:19,619 [Thread-1265] INFO  impl.RaftServerImpl (RaftServerImpl.java:setRole(184)) - 327657b1-60f8-49f2-b2a3-f63e1f934942@group-58A987F56150: changes role from  FOLLOWER to CANDIDATE at term 172 for changeToCandidate
2019-10-18 14:58:19,619 [Thread-1265] INFO  impl.RoleInfo (RoleInfo.java:updateAndGet(143)) - 327657b1-60f8-49f2-b2a3-f63e1f934942: start LeaderElection
2019-10-18 14:58:19,632 [327657b1-60f8-49f2-b2a3-f63e1f934942@group-58A987F56150-LeaderElection153] INFO  impl.LeaderElection (LeaderElection.java:askForVotes(178)) - 327657b1-60f8-49f2-b2a3-f63e1f934942@group-58A987F56150-LeaderElection153: begin an election at term 173 for -1: [6605b8a5-570b-4977-9ee7-6aaf3012bed5:192.168.164.233:35223, 327657b1-60f8-49f2-b2a3-f63e1f934942:192.168.164.233:41966, ddd4789c-894d-475a-bbfb-f6e7aa670c92:192.168.164.233:41061], old=null
2019-10-18 14:58:19,634 [grpc-default-executor-3] INFO  impl.RaftServerImpl (RaftServerImpl.java:setRole(184)) - 6605b8a5-570b-4977-9ee7-6aaf3012bed5@group-58A987F56150: changes role from  FOLLOWER to FOLLOWER at term 173 for recognizeCandidate:327657b1-60f8-49f2-b2a3-f63e1f934942
2019-10-18 14:58:19,634 [grpc-default-executor-3] INFO  impl.RoleInfo (RoleInfo.java:shutdownFollowerState(121)) - 6605b8a5-570b-4977-9ee7-6aaf3012bed5: shutdown FollowerState
2019-10-18 14:58:19,634 [grpc-default-executor-2] INFO  impl.RaftServerImpl (RaftServerImpl.java:setRole(184)) - ddd4789c-894d-475a-bbfb-f6e7aa670c92@group-58A987F56150: changes role from  FOLLOWER to FOLLOWER at term 173 for recognizeCandidate:327657b1-60f8-49f2-b2a3-f63e1f934942
2019-10-18 14:58:19,634 [Thread-1263] INFO  impl.FollowerState (FollowerState.java:run(117)) - 6605b8a5-570b-4977-9ee7-6aaf3012bed5@group-58A987F56150-FollowerState was interrupted: java.lang.InterruptedException: sleep interrupted
2019-10-18 14:58:19,634 [grpc-default-executor-3] INFO  impl.RoleInfo (RoleInfo.java:updateAndGet(143)) - 6605b8a5-570b-4977-9ee7-6aaf3012bed5: start FollowerState
2019-10-18 14:58:19,634 [grpc-default-executor-2] INFO  impl.RoleInfo (RoleInfo.java:shutdownFollowerState(121)) - ddd4789c-894d-475a-bbfb-f6e7aa670c92: shutdown FollowerState
2019-10-18 14:58:19,635 [grpc-default-executor-2] INFO  impl.RoleInfo (RoleInfo.java:updateAndGet(143)) - ddd4789c-894d-475a-bbfb-f6e7aa670c92: start FollowerState
2019-10-18 14:58:19,635 [Thread-1264] INFO  impl.FollowerState (FollowerState.java:run(117)) - ddd4789c-894d-475a-bbfb-f6e7aa670c92@group-58A987F56150-FollowerState was interrupted: java.lang.InterruptedException: sleep interrupted
2019-10-18 14:58:19,660 [327657b1-60f8-49f2-b2a3-f63e1f934942@group-58A987F56150-LeaderElection153] INFO  impl.LeaderElection (LeaderElection.java:logAndReturn(56)) - 327657b1-60f8-49f2-b2a3-f63e1f934942@group-58A987F56150-LeaderElection153: Election REJECTED; received 2 response(s) [327657b1-60f8-49f2-b2a3-f63e1f934942<-6605b8a5-570b-4977-9ee7-6aaf3012bed5#0:FAIL-t173, 327657b1-60f8-49f2-b2a3-f63e1f934942<-ddd4789c-894d-475a-bbfb-f6e7aa670c92#0:FAIL-t173] and 0 exception(s); 327657b1-60f8-49f2-b2a3-f63e1f934942@group-58A987F56150:t173, leader=null, voted=327657b1-60f8-49f2-b2a3-f63e1f934942, raftlog=327657b1-60f8-49f2-b2a3-f63e1f934942@group-58A987F56150-SegmentedRaftLog:OPENED:c-1,f-1,i0, conf=-1: [6605b8a5-570b-4977-9ee7-6aaf3012bed5:192.168.164.233:35223, 327657b1-60f8-49f2-b2a3-f63e1f934942:192.168.164.233:41966, ddd4789c-894d-475a-bbfb-f6e7aa670c92:192.168.164.233:41061], old=null
2019-10-18 14:58:19,660 [327657b1-60f8-49f2-b2a3-f63e1f934942@group-58A987F56150-LeaderElection153] INFO  impl.RaftServerImpl (RaftServerImpl.java:setRole(184)) - 327657b1-60f8-49f2-b2a3-f63e1f934942@group-58A987F56150: changes role from CANDIDATE to FOLLOWER at term 173 for DISCOVERED_A_NEW_TERM
2019-10-18 14:58:19,660 [327657b1-60f8-49f2-b2a3-f63e1f934942@group-58A987F56150-LeaderElection153] INFO  impl.RoleInfo (RoleInfo.java:shutdownLeaderElection(134)) - 327657b1-60f8-49f2-b2a3-f63e1f934942: shutdown LeaderElection
2019-10-18 14:58:19,660 [327657b1-60f8-49f2-b2a3-f63e1f934942@group-58A987F56150-LeaderElection153] INFO  impl.RoleInfo (RoleInfo.java:updateAndGet(143)) - 327657b1-60f8-49f2-b2a3-f63e1f934942: start FollowerState
2019-10-18 14:58:19,734 [Thread-1271] INFO  impl.FollowerState (FollowerState.java:run(108)) - 327657b1-60f8-49f2-b2a3-f63e1f934942@group-58A987F56150-FollowerState: change to CANDIDATE, lastRpcTime:73ms, electionTimeout:73ms
2019-10-18 14:58:19,734 [Thread-1271] INFO  impl.RoleInfo (RoleInfo.java:shutdownFollowerState(121)) - 327657b1-60f8-49f2-b2a3-f63e1f934942: shutdown FollowerState
2019-10-18 14:58:19,738 [Thread-1271] INFO  impl.RaftServerImpl (RaftServerImpl.java:setRole(184)) - 327657b1-60f8-49f2-b2a3-f63e1f934942@group-58A987F56150: changes role from  FOLLOWER to CANDIDATE at term 173 for changeToCandidate
2019-10-18 14:58:19,738 [Thread-1271] INFO  impl.RoleInfo (RoleInfo.java:updateAndGet(143)) - 327657b1-60f8-49f2-b2a3-f63e1f934942: start LeaderElection
2019-10-18 14:58:19,756 [327657b1-60f8-49f2-b2a3-f63e1f934942@group-58A987F56150-LeaderElection154] INFO  impl.LeaderElection (LeaderElection.java:askForVotes(178)) - 327657b1-60f8-49f2-b2a3-f63e1f934942@group-58A987F56150-LeaderElection154: begin an election at term 174 for -1: [6605b8a5-570b-4977-9ee7-6aaf3012bed5:192.168.164.233:35223, 327657b1-60f8-49f2-b2a3-f63e1f934942:192.168.164.233:41966, ddd4789c-894d-475a-bbfb-f6e7aa670c92:192.168.164.233:41061], old=null
2019-10-18 14:58:19,758 [grpc-default-executor-2] INFO  impl.RaftServerImpl (RaftServerImpl.java:setRole(184)) - 6605b8a5-570b-4977-9ee7-6aaf3012bed5@group-58A987F56150: changes role from  FOLLOWER to FOLLOWER at term 174 for recognizeCandidate:327657b1-60f8-49f2-b2a3-f63e1f934942
2019-10-18 14:58:19,758 [grpc-default-executor-2] INFO  impl.RoleInfo (RoleInfo.java:shutdownFollowerState(121)) - 6605b8a5-570b-4977-9ee7-6aaf3012bed5: shutdown FollowerState
2019-10-18 14:58:19,758 [grpc-default-executor-3] INFO  impl.RaftServerImpl (RaftServerImpl.java:setRole(184)) - ddd4789c-894d-475a-bbfb-f6e7aa670c92@group-58A987F56150: changes role from  FOLLOWER to FOLLOWER at term 174 for recognizeCandidate:327657b1-60f8-49f2-b2a3-f63e1f934942
2019-10-18 14:58:19,758 [grpc-default-executor-3] INFO  impl.RoleInfo (RoleInfo.java:shutdownFollowerState(121)) - ddd4789c-894d-475a-bbfb-f6e7aa670c92: shutdown FollowerState
2019-10-18 14:58:19,758 [grpc-default-executor-2] INFO  impl.RoleInfo (RoleInfo.java:updateAndGet(143)) - 6605b8a5-570b-4977-9ee7-6aaf3012bed5: start FollowerState
2019-10-18 14:58:19,758 [grpc-default-executor-3] INFO  impl.RoleInfo (RoleInfo.java:updateAndGet(143)) - ddd4789c-894d-475a-bbfb-f6e7aa670c92: start FollowerState
2019-10-18 14:58:19,758 [Thread-1269] INFO  impl.FollowerState (FollowerState.java:run(117)) - 6605b8a5-570b-4977-9ee7-6aaf3012bed5@group-58A987F56150-FollowerState was interrupted: java.lang.InterruptedException: sleep interrupted
2019-10-18 14:58:19,759 [Thread-1270] INFO  impl.FollowerState (FollowerState.java:run(117)) - ddd4789c-894d-475a-bbfb-f6e7aa670c92@group-58A987F56150-FollowerState was interrupted: java.lang.InterruptedException: sleep interrupted
2019-10-18 14:58:19,772 [327657b1-60f8-49f2-b2a3-f63e1f934942@group-58A987F56150-LeaderElection154] INFO  impl.LeaderElection (LeaderElection.java:logAndReturn(56)) - 327657b1-60f8-49f2-b2a3-f63e1f934942@group-58A987F56150-LeaderElection154: Election REJECTED; received 2 response(s) [327657b1-60f8-49f2-b2a3-f63e1f934942<-6605b8a5-570b-4977-9ee7-6aaf3012bed5#0:FAIL-t174, 327657b1-60f8-49f2-b2a3-f63e1f934942<-ddd4789c-894d-475a-bbfb-f6e7aa670c92#0:FAIL-t174] and 0 exception(s); 327657b1-60f8-49f2-b2a3-f63e1f934942@group-58A987F56150:t174, leader=null, voted=327657b1-60f8-49f2-b2a3-f63e1f934942, raftlog=327657b1-60f8-49f2-b2a3-f63e1f934942@group-58A987F56150-SegmentedRaftLog:OPENED:c-1,f-1,i0, conf=-1: [6605b8a5-570b-4977-9ee7-6aaf3012bed5:192.168.164.233:35223, 327657b1-60f8-49f2-b2a3-f63e1f934942:192.168.164.233:41966, ddd4789c-894d-475a-bbfb-f6e7aa670c92:192.168.164.233:41061], old=null
2019-10-18 14:58:19,772 [327657b1-60f8-49f2-b2a3-f63e1f934942@group-58A987F56150-LeaderElection154] INFO  impl.RaftServerImpl (RaftServerImpl.java:setRole(184)) - 327657b1-60f8-49f2-b2a3-f63e1f934942@group-58A987F56150: changes role from CANDIDATE to FOLLOWER at term 174 for DISCOVERED_A_NEW_TERM
2019-10-18 14:58:19,772 [327657b1-60f8-49f2-b2a3-f63e1f934942@group-58A987F56150-LeaderElection154] INFO  impl.RoleInfo (RoleInfo.java:shutdownLeaderElection(134)) - 327657b1-60f8-49f2-b2a3-f63e1f934942: shutdown LeaderElection
2019-10-18 14:58:19,772 [327657b1-60f8-49f2-b2a3-f63e1f934942@group-58A987F56150-LeaderElection154] INFO  impl.RoleInfo (RoleInfo.java:updateAndGet(143)) - 327657b1-60f8-49f2-b2a3-f63e1f934942: start FollowerState
2019-10-18 14:58:19,777 [Thread-1279] INFO  impl.FollowerState (FollowerState.java:run(108)) - 327657b1-60f8-49f2-b2a3-f63e1f934942@group-58A987F56150-FollowerState: change to CANDIDATE, lastRpcTime:4ms, electionTimeout:4ms
2019-10-18 14:58:19,777 [Thread-1279] INFO  impl.RoleInfo (RoleInfo.java:shutdownFollowerState(121)) - 327657b1-60f8-49f2-b2a3-f63e1f934942: shutdown FollowerState
2019-10-18 14:58:19,777 [Thread-1279] INFO  impl.RaftServerImpl (RaftServerImpl.java:setRole(184)) - 327657b1-60f8-49f2-b2a3-f63e1f934942@group-58A987F56150: changes role from  FOLLOWER to CANDIDATE at term 174 for changeToCandidate
2019-10-18 14:58:19,777 [Thread-1279] INFO  impl.RoleInfo (RoleInfo.java:updateAndGet(143)) - 327657b1-60f8-49f2-b2a3-f63e1f934942: start LeaderElection
2019-10-18 14:58:19,790 [327657b1-60f8-49f2-b2a3-f63e1f934942@group-58A987F56150-LeaderElection155] INFO  impl.LeaderElection (LeaderElection.java:askForVotes(178)) - 327657b1-60f8-49f2-b2a3-f63e1f934942@group-58A987F56150-LeaderElection155: begin an election at term 175 for -1: [6605b8a5-570b-4977-9ee7-6aaf3012bed5:192.168.164.233:35223, 327657b1-60f8-49f2-b2a3-f63e1f934942:192.168.164.233:41966, ddd4789c-894d-475a-bbfb-f6e7aa670c92:192.168.164.233:41061], old=null
2019-10-18 14:58:19,793 [grpc-default-executor-3] INFO  impl.RaftServerImpl (RaftServerImpl.java:setRole(184)) - ddd4789c-894d-475a-bbfb-f6e7aa670c92@group-58A987F56150: changes role from  FOLLOWER to FOLLOWER at term 175 for recognizeCandidate:327657b1-60f8-49f2-b2a3-f63e1f934942
2019-10-18 14:58:19,793 [grpc-default-executor-3] INFO  impl.RoleInfo (RoleInfo.java:shutdownFollowerState(121)) - ddd4789c-894d-475a-bbfb-f6e7aa670c92: shutdown FollowerState
2019-10-18 14:58:19,793 [grpc-default-executor-2] INFO  impl.RaftServerImpl (RaftServerImpl.java:setRole(184)) - 6605b8a5-570b-4977-9ee7-6aaf3012bed5@group-58A987F56150: changes role from  FOLLOWER to FOLLOWER at term 175 for recognizeCandidate:327657b1-60f8-49f2-b2a3-f63e1f934942
2019-10-18 14:58:19,793 [grpc-default-executor-3] INFO  impl.RoleInfo (RoleInfo.java:updateAndGet(143)) - ddd4789c-894d-475a-bbfb-f6e7aa670c92: start FollowerState
2019-10-18 14:58:19,793 [Thread-1278] INFO  impl.FollowerState (FollowerState.java:run(117)) - ddd4789c-894d-475a-bbfb-f6e7aa670c92@group-58A987F56150-FollowerState was interrupted: java.lang.InterruptedException: sleep interrupted
2019-10-18 14:58:19,793 [grpc-default-executor-2] INFO  impl.RoleInfo (RoleInfo.java:shutdownFollowerState(121)) - 6605b8a5-570b-4977-9ee7-6aaf3012bed5: shutdown FollowerState
2019-10-18 14:58:19,794 [grpc-default-executor-2] INFO  impl.RoleInfo (RoleInfo.java:updateAndGet(143)) - 6605b8a5-570b-4977-9ee7-6aaf3012bed5: start FollowerState
2019-10-18 14:58:19,794 [Thread-1277] INFO  impl.FollowerState (FollowerState.java:run(117)) - 6605b8a5-570b-4977-9ee7-6aaf3012bed5@group-58A987F56150-FollowerState was interrupted: java.lang.InterruptedException: sleep interrupted
2019-10-18 14:58:19,799 [327657b1-60f8-49f2-b2a3-f63e1f934942@group-58A987F56150-LeaderElection155] INFO  impl.LeaderElection (LeaderElection.java:logAndReturn(56)) - 327657b1-60f8-49f2-b2a3-f63e1f934942@group-58A987F56150-LeaderElection155: Election TIMEOUT; received 0 response(s) [] and 0 exception(s); 327657b1-60f8-49f2-b2a3-f63e1f934942@group-58A987F56150:t175, leader=null, voted=327657b1-60f8-49f2-b2a3-f63e1f934942, raftlog=327657b1-60f8-49f2-b2a3-f63e1f934942@group-58A987F56150-SegmentedRaftLog:OPENED:c-1,f-1,i0, conf=-1: [6605b8a5-570b-4977-9ee7-6aaf3012bed5:192.168.164.233:35223, 327657b1-60f8-49f2-b2a3-f63e1f934942:192.168.164.233:41966, ddd4789c-894d-475a-bbfb-f6e7aa670c92:192.168.164.233:41061], old=null
2019-10-18 14:58:19,820 [327657b1-60f8-49f2-b2a3-f63e1f934942@group-58A987F56150-LeaderElection155] INFO  impl.LeaderElection (LeaderElection.java:askForVotes(178)) - 327657b1-60f8-49f2-b2a3-f63e1f934942@group-58A987F56150-LeaderElection155: begin an election at term 176 for -1: [6605b8a5-570b-4977-9ee7-6aaf3012bed5:192.168.164.233:35223, 327657b1-60f8-49f2-b2a3-f63e1f934942:192.168.164.233:41966, ddd4789c-894d-475a-bbfb-f6e7aa670c92:192.168.164.233:41061], old=null
2019-10-18 14:58:19,821 [grpc-default-executor-2] INFO  impl.RaftServerImpl (RaftServerImpl.java:setRole(184)) - 6605b8a5-570b-4977-9ee7-6aaf3012bed5@group-58A987F56150: changes role from  FOLLOWER to FOLLOWER at term 176 for recognizeCandidate:327657b1-60f8-49f2-b2a3-f63e1f934942
2019-10-18 14:58:19,822 [grpc-default-executor-3] INFO  impl.RaftServerImpl (RaftServerImpl.java:setRole(184)) - ddd4789c-894d-475a-bbfb-f6e7aa670c92@group-58A987F56150: changes role from  FOLLOWER to FOLLOWER at term 176 for recognizeCandidate:327657b1-60f8-49f2-b2a3-f63e1f934942
2019-10-18 14:58:19,822 [grpc-default-executor-2] INFO  impl.RoleInfo (RoleInfo.java:shutdownFollowerState(121)) - 6605b8a5-570b-4977-9ee7-6aaf3012bed5: shutdown FollowerState
2019-10-18 14:58:19,822 [grpc-default-executor-3] INFO  impl.RoleInfo (RoleInfo.java:shutdownFollowerState(121)) - ddd4789c-894d-475a-bbfb-f6e7aa670c92: shutdown FollowerState
2019-10-18 14:58:19,822 [grpc-default-executor-2] INFO  impl.RoleInfo (RoleInfo.java:updateAndGet(143)) - 6605b8a5-570b-4977-9ee7-6aaf3012bed5: start FollowerState
2019-10-18 14:58:19,822 [Thread-1284] INFO  impl.FollowerState (FollowerState.java:run(117)) - 6605b8a5-570b-4977-9ee7-6aaf3012bed5@group-58A987F56150-FollowerState was interrupted: java.lang.InterruptedException: sleep interrupted
2019-10-18 14:58:19,822 [grpc-default-executor-3] INFO  impl.RoleInfo (RoleInfo.java:updateAndGet(143)) - ddd4789c-894d-475a-bbfb-f6e7aa670c92: start FollowerState
2019-10-18 14:58:19,822 [Thread-1283] INFO  impl.FollowerState (FollowerState.java:run(117)) - ddd4789c-894d-475a-bbfb-f6e7aa670c92@group-58A987F56150-FollowerState was interrupted: java.lang.InterruptedException: sleep interrupted
2019-10-18 14:58:19,840 [327657b1-60f8-49f2-b2a3-f63e1f934942@group-58A987F56150-LeaderElection155] INFO  impl.LeaderElection (LeaderElection.java:logAndReturn(56)) - 327657b1-60f8-49f2-b2a3-f63e1f934942@group-58A987F56150-LeaderElection155: Election REJECTED; received 2 response(s) [327657b1-60f8-49f2-b2a3-f63e1f934942<-6605b8a5-570b-4977-9ee7-6aaf3012bed5#0:FAIL-t176, 327657b1-60f8-49f2-b2a3-f63e1f934942<-ddd4789c-894d-475a-bbfb-f6e7aa670c92#0:FAIL-t176] and 0 exception(s); 327657b1-60f8-49f2-b2a3-f63e1f934942@group-58A987F56150:t176, leader=null, voted=327657b1-60f8-49f2-b2a3-f63e1f934942, raftlog=327657b1-60f8-49f2-b2a3-f63e1f934942@group-58A987F56150-SegmentedRaftLog:OPENED:c-1,f-1,i0, conf=-1: [6605b8a5-570b-4977-9ee7-6aaf3012bed5:192.168.164.233:35223, 327657b1-60f8-49f2-b2a3-f63e1f934942:192.168.164.233:41966, ddd4789c-894d-475a-bbfb-f6e7aa670c92:192.168.164.233:41061], old=null
2019-10-18 14:58:19,841 [327657b1-60f8-49f2-b2a3-f63e1f934942@group-58A987F56150-LeaderElection155] INFO  impl.RaftServerImpl (RaftServerImpl.java:setRole(184)) - 327657b1-60f8-49f2-b2a3-f63e1f934942@group-58A987F56150: changes role from CANDIDATE to FOLLOWER at term 176 for DISCOVERED_A_NEW_TERM
2019-10-18 14:58:19,841 [327657b1-60f8-49f2-b2a3-f63e1f934942@group-58A987F56150-LeaderElection155] INFO  impl.RoleInfo (RoleInfo.java:shutdownLeaderElection(134)) - 327657b1-60f8-49f2-b2a3-f63e1f934942: shutdown LeaderElection
2019-10-18 14:58:19,841 [327657b1-60f8-49f2-b2a3-f63e1f934942@group-58A987F56150-LeaderElection155] INFO  impl.RoleInfo (RoleInfo.java:updateAndGet(143)) - 327657b1-60f8-49f2-b2a3-f63e1f934942: start FollowerState
2019-10-18 14:58:19,920 [Thread-1289] INFO  impl.FollowerState (FollowerState.java:run(108)) - 327657b1-60f8-49f2-b2a3-f63e1f934942@group-58A987F56150-FollowerState: change to CANDIDATE, lastRpcTime:79ms, electionTimeout:79ms
2019-10-18 14:58:19,921 [Thread-1289] INFO  impl.RoleInfo (RoleInfo.java:shutdownFollowerState(121)) - 327657b1-60f8-49f2-b2a3-f63e1f934942: shutdown FollowerState
2019-10-18 14:58:19,921 [Thread-1289] INFO  impl.RaftServerImpl (RaftServerImpl.java:setRole(184)) - 327657b1-60f8-49f2-b2a3-f63e1f934942@group-58A987F56150: changes role from  FOLLOWER to CANDIDATE at term 176 for changeToCandidate
2019-10-18 14:58:19,921 [Thread-1289] INFO  impl.RoleInfo (RoleInfo.java:updateAndGet(143)) - 327657b1-60f8-49f2-b2a3-f63e1f934942: start LeaderElection
2019-10-18 14:58:19,946 [327657b1-60f8-49f2-b2a3-f63e1f934942@group-58A987F56150-LeaderElection156] INFO  impl.LeaderElection (LeaderElection.java:askForVotes(178)) - 327657b1-60f8-49f2-b2a3-f63e1f934942@group-58A987F56150-LeaderElection156: begin an election at term 177 for -1: [6605b8a5-570b-4977-9ee7-6aaf3012bed5:192.168.164.233:35223, 327657b1-60f8-49f2-b2a3-f63e1f934942:192.168.164.233:41966, ddd4789c-894d-475a-bbfb-f6e7aa670c92:192.168.164.233:41061], old=null
2019-10-18 14:58:19,949 [grpc-default-executor-2] INFO  impl.RaftServerImpl (RaftServerImpl.java:setRole(184)) - ddd4789c-894d-475a-bbfb-f6e7aa670c92@group-58A987F56150: changes role from  FOLLOWER to FOLLOWER at term 177 for recognizeCandidate:327657b1-60f8-49f2-b2a3-f63e1f934942
2019-10-18 14:58:19,949 [grpc-default-executor-2] INFO  impl.RoleInfo (RoleInfo.java:shutdownFollowerState(121)) - ddd4789c-894d-475a-bbfb-f6e7aa670c92: shutdown FollowerState
2019-10-18 14:58:19,949 [grpc-default-executor-3] INFO  impl.RaftServerImpl (RaftServerImpl.java:setRole(184)) - 6605b8a5-570b-4977-9ee7-6aaf3012bed5@group-58A987F56150: changes role from  FOLLOWER to FOLLOWER at term 177 for recognizeCandidate:327657b1-60f8-49f2-b2a3-f63e1f934942
2019-10-18 14:58:19,950 [grpc-default-executor-3] INFO  impl.RoleInfo (RoleInfo.java:shutdownFollowerState(121)) - 6605b8a5-570b-4977-9ee7-6aaf3012bed5: shutdown FollowerState
2019-10-18 14:58:19,949 [Thread-1288] INFO  impl.FollowerState (FollowerState.java:run(117)) - ddd4789c-894d-475a-bbfb-f6e7aa670c92@group-58A987F56150-FollowerState was interrupted: java.lang.InterruptedException: sleep interrupted
2019-10-18 14:58:19,949 [grpc-default-executor-2] INFO  impl.RoleInfo (RoleInfo.java:updateAndGet(143)) - ddd4789c-894d-475a-bbfb-f6e7aa670c92: start FollowerState
2019-10-18 14:58:19,950 [Thread-1287] INFO  impl.FollowerState (FollowerState.java:run(117)) - 6605b8a5-570b-4977-9ee7-6aaf3012bed5@group-58A987F56150-FollowerState was interrupted: java.lang.InterruptedException: sleep interrupted
2019-10-18 14:58:19,950 [grpc-default-executor-3] INFO  impl.RoleInfo (RoleInfo.java:updateAndGet(143)) - 6605b8a5-570b-4977-9ee7-6aaf3012bed5: start FollowerState
2019-10-18 14:58:19,975 [327657b1-60f8-49f2-b2a3-f63e1f934942@group-58A987F56150-LeaderElection156] INFO  impl.LeaderElection (LeaderElection.java:logAndReturn(56)) - 327657b1-60f8-49f2-b2a3-f63e1f934942@group-58A987F56150-LeaderElection156: Election REJECTED; received 2 response(s) [327657b1-60f8-49f2-b2a3-f63e1f934942<-6605b8a5-570b-4977-9ee7-6aaf3012bed5#0:FAIL-t177, 327657b1-60f8-49f2-b2a3-f63e1f934942<-ddd4789c-894d-475a-bbfb-f6e7aa670c92#0:FAIL-t177] and 0 exception(s); 327657b1-60f8-49f2-b2a3-f63e1f934942@group-58A987F56150:t177, leader=null, voted=327657b1-60f8-49f2-b2a3-f63e1f934942, raftlog=327657b1-60f8-49f2-b2a3-f63e1f934942@group-58A987F56150-SegmentedRaftLog:OPENED:c-1,f-1,i0, conf=-1: [6605b8a5-570b-4977-9ee7-6aaf3012bed5:192.168.164.233:35223, 327657b1-60f8-49f2-b2a3-f63e1f934942:192.168.164.233:41966, ddd4789c-894d-475a-bbfb-f6e7aa670c92:192.168.164.233:41061], old=null
2019-10-18 14:58:19,976 [327657b1-60f8-49f2-b2a3-f63e1f934942@group-58A987F56150-LeaderElection156] INFO  impl.RaftServerImpl (RaftServerImpl.java:setRole(184)) - 327657b1-60f8-49f2-b2a3-f63e1f934942@group-58A987F56150: changes role from CANDIDATE to FOLLOWER at term 177 for DISCOVERED_A_NEW_TERM
2019-10-18 14:58:19,976 [327657b1-60f8-49f2-b2a3-f63e1f934942@group-58A987F56150-LeaderElection156] INFO  impl.RoleInfo (RoleInfo.java:shutdownLeaderElection(134)) - 327657b1-60f8-49f2-b2a3-f63e1f934942: shutdown LeaderElection
2019-10-18 14:58:19,976 [327657b1-60f8-49f2-b2a3-f63e1f934942@group-58A987F56150-LeaderElection156] INFO  impl.RoleInfo (RoleInfo.java:updateAndGet(143)) - 327657b1-60f8-49f2-b2a3-f63e1f934942: start FollowerState
2019-10-18 14:58:20,078 [Thread-1295] INFO  impl.FollowerState (FollowerState.java:run(108)) - 327657b1-60f8-49f2-b2a3-f63e1f934942@group-58A987F56150-FollowerState: change to CANDIDATE, lastRpcTime:102ms, electionTimeout:102ms
2019-10-18 14:58:20,079 [Thread-1295] INFO  impl.RoleInfo (RoleInfo.java:shutdownFollowerState(121)) - 327657b1-60f8-49f2-b2a3-f63e1f934942: shutdown FollowerState
2019-10-18 14:58:20,079 [Thread-1295] INFO  impl.RaftServerImpl (RaftServerImpl.java:setRole(184)) - 327657b1-60f8-49f2-b2a3-f63e1f934942@group-58A987F56150: changes role from  FOLLOWER to CANDIDATE at term 177 for changeToCandidate
2019-10-18 14:58:20,079 [Thread-1295] INFO  impl.RoleInfo (RoleInfo.java:updateAndGet(143)) - 327657b1-60f8-49f2-b2a3-f63e1f934942: start LeaderElection
2019-10-18 14:58:20,134 [327657b1-60f8-49f2-b2a3-f63e1f934942@group-58A987F56150-LeaderElection157] INFO  impl.LeaderElection (LeaderElection.java:askForVotes(178)) - 327657b1-60f8-49f2-b2a3-f63e1f934942@group-58A987F56150-LeaderElection157: begin an election at term 178 for -1: [6605b8a5-570b-4977-9ee7-6aaf3012bed5:192.168.164.233:35223, 327657b1-60f8-49f2-b2a3-f63e1f934942:192.168.164.233:41966, ddd4789c-894d-475a-bbfb-f6e7aa670c92:192.168.164.233:41061], old=null
2019-10-18 14:58:20,137 [grpc-default-executor-3] INFO  impl.RaftServerImpl (RaftServerImpl.java:setRole(184)) - ddd4789c-894d-475a-bbfb-f6e7aa670c92@group-58A987F56150: changes role from  FOLLOWER to FOLLOWER at term 178 for recognizeCandidate:327657b1-60f8-49f2-b2a3-f63e1f934942
2019-10-18 14:58:20,137 [grpc-default-executor-3] INFO  impl.RoleInfo (RoleInfo.java:shutdownFollowerState(121)) - ddd4789c-894d-475a-bbfb-f6e7aa670c92: shutdown FollowerState
2019-10-18 14:58:20,137 [grpc-default-executor-2] INFO  impl.RaftServerImpl (RaftServerImpl.java:setRole(184)) - 6605b8a5-570b-4977-9ee7-6aaf3012bed5@group-58A987F56150: changes role from  FOLLOWER to FOLLOWER at term 178 for recognizeCandidate:327657b1-60f8-49f2-b2a3-f63e1f934942
2019-10-18 14:58:20,137 [Thread-1293] INFO  impl.FollowerState (FollowerState.java:run(117)) - ddd4789c-894d-475a-bbfb-f6e7aa670c92@group-58A987F56150-FollowerState was interrupted: java.lang.InterruptedException: sleep interrupted
2019-10-18 14:58:20,137 [grpc-default-executor-2] INFO  impl.RoleInfo (RoleInfo.java:shutdownFollowerState(121)) - 6605b8a5-570b-4977-9ee7-6aaf3012bed5: shutdown FollowerState
2019-10-18 14:58:20,137 [grpc-default-executor-2] INFO  impl.RoleInfo (RoleInfo.java:updateAndGet(143)) - 6605b8a5-570b-4977-9ee7-6aaf3012bed5: start FollowerState
2019-10-18 14:58:20,137 [grpc-default-executor-3] INFO  impl.RoleInfo (RoleInfo.java:updateAndGet(143)) - ddd4789c-894d-475a-bbfb-f6e7aa670c92: start FollowerState
2019-10-18 14:58:20,138 [Thread-1294] INFO  impl.FollowerState (FollowerState.java:run(117)) - 6605b8a5-570b-4977-9ee7-6aaf3012bed5@group-58A987F56150-FollowerState was interrupted: java.lang.InterruptedException: sleep interrupted
2019-10-18 14:58:20,163 [327657b1-60f8-49f2-b2a3-f63e1f934942@group-58A987F56150-LeaderElection157] INFO  impl.LeaderElection (LeaderElection.java:logAndReturn(56)) - 327657b1-60f8-49f2-b2a3-f63e1f934942@group-58A987F56150-LeaderElection157: Election REJECTED; received 2 response(s) [327657b1-60f8-49f2-b2a3-f63e1f934942<-6605b8a5-570b-4977-9ee7-6aaf3012bed5#0:FAIL-t178, 327657b1-60f8-49f2-b2a3-f63e1f934942<-ddd4789c-894d-475a-bbfb-f6e7aa670c92#0:FAIL-t178] and 0 exception(s); 327657b1-60f8-49f2-b2a3-f63e1f934942@group-58A987F56150:t178, leader=null, voted=327657b1-60f8-49f2-b2a3-f63e1f934942, raftlog=327657b1-60f8-49f2-b2a3-f63e1f934942@group-58A987F56150-SegmentedRaftLog:OPENED:c-1,f-1,i0, conf=-1: [6605b8a5-570b-4977-9ee7-6aaf3012bed5:192.168.164.233:35223, 327657b1-60f8-49f2-b2a3-f63e1f934942:192.168.164.233:41966, ddd4789c-894d-475a-bbfb-f6e7aa670c92:192.168.164.233:41061], old=null
2019-10-18 14:58:20,163 [327657b1-60f8-49f2-b2a3-f63e1f934942@group-58A987F56150-LeaderElection157] INFO  impl.RaftServerImpl (RaftServerImpl.java:setRole(184)) - 327657b1-60f8-49f2-b2a3-f63e1f934942@group-58A987F56150: changes role from CANDIDATE to FOLLOWER at term 178 for DISCOVERED_A_NEW_TERM
2019-10-18 14:58:20,164 [327657b1-60f8-49f2-b2a3-f63e1f934942@group-58A987F56150-LeaderElection157] INFO  impl.RoleInfo (RoleInfo.java:shutdownLeaderElection(134)) - 327657b1-60f8-49f2-b2a3-f63e1f934942: shutdown LeaderElection
2019-10-18 14:58:20,164 [327657b1-60f8-49f2-b2a3-f63e1f934942@group-58A987F56150-LeaderElection157] INFO  impl.RoleInfo (RoleInfo.java:updateAndGet(143)) - 327657b1-60f8-49f2-b2a3-f63e1f934942: start FollowerState
2019-10-18 14:58:20,305 [Thread-1301] INFO  impl.FollowerState (FollowerState.java:run(108)) - 327657b1-60f8-49f2-b2a3-f63e1f934942@group-58A987F56150-FollowerState: change to CANDIDATE, lastRpcTime:141ms, electionTimeout:141ms
2019-10-18 14:58:20,306 [Thread-1301] INFO  impl.RoleInfo (RoleInfo.java:shutdownFollowerState(121)) - 327657b1-60f8-49f2-b2a3-f63e1f934942: shutdown FollowerState
2019-10-18 14:58:20,306 [Thread-1301] INFO  impl.RaftServerImpl (RaftServerImpl.java:setRole(184)) - 327657b1-60f8-49f2-b2a3-f63e1f934942@group-58A987F56150: changes role from  FOLLOWER to CANDIDATE at term 178 for changeToCandidate
2019-10-18 14:58:20,306 [Thread-1301] INFO  impl.RoleInfo (RoleInfo.java:updateAndGet(143)) - 327657b1-60f8-49f2-b2a3-f63e1f934942: start LeaderElection
2019-10-18 14:58:20,321 [327657b1-60f8-49f2-b2a3-f63e1f934942@group-58A987F56150-LeaderElection158] INFO  impl.LeaderElection (LeaderElection.java:askForVotes(178)) - 327657b1-60f8-49f2-b2a3-f63e1f934942@group-58A987F56150-LeaderElection158: begin an election at term 179 for -1: [6605b8a5-570b-4977-9ee7-6aaf3012bed5:192.168.164.233:35223, 327657b1-60f8-49f2-b2a3-f63e1f934942:192.168.164.233:41966, ddd4789c-894d-475a-bbfb-f6e7aa670c92:192.168.164.233:41061], old=null
2019-10-18 14:58:20,324 [grpc-default-executor-2] INFO  impl.RaftServerImpl (RaftServerImpl.java:setRole(184)) - 6605b8a5-570b-4977-9ee7-6aaf3012bed5@group-58A987F56150: changes role from  FOLLOWER to FOLLOWER at term 179 for recognizeCandidate:327657b1-60f8-49f2-b2a3-f63e1f934942
2019-10-18 14:58:20,324 [grpc-default-executor-2] INFO  impl.RoleInfo (RoleInfo.java:shutdownFollowerState(121)) - 6605b8a5-570b-4977-9ee7-6aaf3012bed5: shutdown FollowerState
2019-10-18 14:58:20,324 [grpc-default-executor-2] INFO  impl.RoleInfo (RoleInfo.java:updateAndGet(143)) - 6605b8a5-570b-4977-9ee7-6aaf3012bed5: start FollowerState
2019-10-18 14:58:20,324 [Thread-1300] INFO  impl.FollowerState (FollowerState.java:run(117)) - 6605b8a5-570b-4977-9ee7-6aaf3012bed5@group-58A987F56150-FollowerState was interrupted: java.lang.InterruptedException: sleep interrupted
2019-10-18 14:58:20,324 [grpc-default-executor-3] INFO  impl.RaftServerImpl (RaftServerImpl.java:setRole(184)) - ddd4789c-894d-475a-bbfb-f6e7aa670c92@group-58A987F56150: changes role from  FOLLOWER to FOLLOWER at term 179 for recognizeCandidate:327657b1-60f8-49f2-b2a3-f63e1f934942
2019-10-18 14:58:20,325 [grpc-default-executor-3] INFO  impl.RoleInfo (RoleInfo.java:shutdownFollowerState(121)) - ddd4789c-894d-475a-bbfb-f6e7aa670c92: shutdown FollowerState
2019-10-18 14:58:20,325 [grpc-default-executor-3] INFO  impl.RoleInfo (RoleInfo.java:updateAndGet(143)) - ddd4789c-894d-475a-bbfb-f6e7aa670c92: start FollowerState
2019-10-18 14:58:20,325 [Thread-1299] INFO  impl.FollowerState (FollowerState.java:run(117)) - ddd4789c-894d-475a-bbfb-f6e7aa670c92@group-58A987F56150-FollowerState was interrupted: java.lang.InterruptedException: sleep interrupted
2019-10-18 14:58:20,350 [327657b1-60f8-49f2-b2a3-f63e1f934942@group-58A987F56150-LeaderElection158] INFO  impl.LeaderElection (LeaderElection.java:logAndReturn(56)) - 327657b1-60f8-49f2-b2a3-f63e1f934942@group-58A987F56150-LeaderElection158: Election REJECTED; received 2 response(s) [327657b1-60f8-49f2-b2a3-f63e1f934942<-6605b8a5-570b-4977-9ee7-6aaf3012bed5#0:FAIL-t179, 327657b1-60f8-49f2-b2a3-f63e1f934942<-ddd4789c-894d-475a-bbfb-f6e7aa670c92#0:FAIL-t179] and 0 exception(s); 327657b1-60f8-49f2-b2a3-f63e1f934942@group-58A987F56150:t179, leader=null, voted=327657b1-60f8-49f2-b2a3-f63e1f934942, raftlog=327657b1-60f8-49f2-b2a3-f63e1f934942@group-58A987F56150-SegmentedRaftLog:OPENED:c-1,f-1,i0, conf=-1: [6605b8a5-570b-4977-9ee7-6aaf3012bed5:192.168.164.233:35223, 327657b1-60f8-49f2-b2a3-f63e1f934942:192.168.164.233:41966, ddd4789c-894d-475a-bbfb-f6e7aa670c92:192.168.164.233:41061], old=null
2019-10-18 14:58:20,350 [327657b1-60f8-49f2-b2a3-f63e1f934942@group-58A987F56150-LeaderElection158] INFO  impl.RaftServerImpl (RaftServerImpl.java:setRole(184)) - 327657b1-60f8-49f2-b2a3-f63e1f934942@group-58A987F56150: changes role from CANDIDATE to FOLLOWER at term 179 for DISCOVERED_A_NEW_TERM
2019-10-18 14:58:20,350 [327657b1-60f8-49f2-b2a3-f63e1f934942@group-58A987F56150-LeaderElection158] INFO  impl.RoleInfo (RoleInfo.java:shutdownLeaderElection(134)) - 327657b1-60f8-49f2-b2a3-f63e1f934942: shutdown LeaderElection
2019-10-18 14:58:20,351 [327657b1-60f8-49f2-b2a3-f63e1f934942@group-58A987F56150-LeaderElection158] INFO  impl.RoleInfo (RoleInfo.java:updateAndGet(143)) - 327657b1-60f8-49f2-b2a3-f63e1f934942: start FollowerState
2019-10-18 14:58:20,441 [Thread-1307] INFO  impl.FollowerState (FollowerState.java:run(108)) - 327657b1-60f8-49f2-b2a3-f63e1f934942@group-58A987F56150-FollowerState: change to CANDIDATE, lastRpcTime:90ms, electionTimeout:90ms
2019-10-18 14:58:20,441 [Thread-1307] INFO  impl.RoleInfo (RoleInfo.java:shutdownFollowerState(121)) - 327657b1-60f8-49f2-b2a3-f63e1f934942: shutdown FollowerState
2019-10-18 14:58:20,441 [Thread-1307] INFO  impl.RaftServerImpl (RaftServerImpl.java:setRole(184)) - 327657b1-60f8-49f2-b2a3-f63e1f934942@group-58A987F56150: changes role from  FOLLOWER to CANDIDATE at term 179 for changeToCandidate
2019-10-18 14:58:20,442 [Thread-1307] INFO  impl.RoleInfo (RoleInfo.java:updateAndGet(143)) - 327657b1-60f8-49f2-b2a3-f63e1f934942: start LeaderElection
2019-10-18 14:58:20,455 [327657b1-60f8-49f2-b2a3-f63e1f934942@group-58A987F56150-LeaderElection159] INFO  impl.LeaderElection (LeaderElection.java:askForVotes(178)) - 327657b1-60f8-49f2-b2a3-f63e1f934942@group-58A987F56150-LeaderElection159: begin an election at term 180 for -1: [6605b8a5-570b-4977-9ee7-6aaf3012bed5:192.168.164.233:35223, 327657b1-60f8-49f2-b2a3-f63e1f934942:192.168.164.233:41966, ddd4789c-894d-475a-bbfb-f6e7aa670c92:192.168.164.233:41061], old=null
2019-10-18 14:58:20,459 [grpc-default-executor-2] INFO  impl.RaftServerImpl (RaftServerImpl.java:setRole(184)) - 6605b8a5-570b-4977-9ee7-6aaf3012bed5@group-58A987F56150: changes role from  FOLLOWER to FOLLOWER at term 180 for recognizeCandidate:327657b1-60f8-49f2-b2a3-f63e1f934942
2019-10-18 14:58:20,459 [grpc-default-executor-2] INFO  impl.RoleInfo (RoleInfo.java:shutdownFollowerState(121)) - 6605b8a5-570b-4977-9ee7-6aaf3012bed5: shutdown FollowerState
2019-10-18 14:58:20,459 [grpc-default-executor-3] INFO  impl.RaftServerImpl (RaftServerImpl.java:setRole(184)) - ddd4789c-894d-475a-bbfb-f6e7aa670c92@group-58A987F56150: changes role from  FOLLOWER to FOLLOWER at term 180 for recognizeCandidate:327657b1-60f8-49f2-b2a3-f63e1f934942
2019-10-18 14:58:20,460 [Thread-1305] INFO  impl.FollowerState (FollowerState.java:run(117)) - 6605b8a5-570b-4977-9ee7-6aaf3012bed5@group-58A987F56150-FollowerState was interrupted: java.lang.InterruptedException: sleep interrupted
2019-10-18 14:58:20,459 [grpc-default-executor-2] INFO  impl.RoleInfo (RoleInfo.java:updateAndGet(143)) - 6605b8a5-570b-4977-9ee7-6aaf3012bed5: start FollowerState
2019-10-18 14:58:20,460 [grpc-default-executor-3] INFO  impl.RoleInfo (RoleInfo.java:shutdownFollowerState(121)) - ddd4789c-894d-475a-bbfb-f6e7aa670c92: shutdown FollowerState
2019-10-18 14:58:20,460 [grpc-default-executor-3] INFO  impl.RoleInfo (RoleInfo.java:updateAndGet(143)) - ddd4789c-894d-475a-bbfb-f6e7aa670c92: start FollowerState
2019-10-18 14:58:20,460 [Thread-1306] INFO  impl.FollowerState (FollowerState.java:run(117)) - ddd4789c-894d-475a-bbfb-f6e7aa670c92@group-58A987F56150-FollowerState was interrupted: java.lang.InterruptedException: sleep interrupted
2019-10-18 14:58:20,483 [327657b1-60f8-49f2-b2a3-f63e1f934942@group-58A987F56150-LeaderElection159] INFO  impl.LeaderElection (LeaderElection.java:logAndReturn(56)) - 327657b1-60f8-49f2-b2a3-f63e1f934942@group-58A987F56150-LeaderElection159: Election REJECTED; received 2 response(s) [327657b1-60f8-49f2-b2a3-f63e1f934942<-6605b8a5-570b-4977-9ee7-6aaf3012bed5#0:FAIL-t180, 327657b1-60f8-49f2-b2a3-f63e1f934942<-ddd4789c-894d-475a-bbfb-f6e7aa670c92#0:FAIL-t180] and 0 exception(s); 327657b1-60f8-49f2-b2a3-f63e1f934942@group-58A987F56150:t180, leader=null, voted=327657b1-60f8-49f2-b2a3-f63e1f934942, raftlog=327657b1-60f8-49f2-b2a3-f63e1f934942@group-58A987F56150-SegmentedRaftLog:OPENED:c-1,f-1,i0, conf=-1: [6605b8a5-570b-4977-9ee7-6aaf3012bed5:192.168.164.233:35223, 327657b1-60f8-49f2-b2a3-f63e1f934942:192.168.164.233:41966, ddd4789c-894d-475a-bbfb-f6e7aa670c92:192.168.164.233:41061], old=null
2019-10-18 14:58:20,483 [327657b1-60f8-49f2-b2a3-f63e1f934942@group-58A987F56150-LeaderElection159] INFO  impl.RaftServerImpl (RaftServerImpl.java:setRole(184)) - 327657b1-60f8-49f2-b2a3-f63e1f934942@group-58A987F56150: changes role from CANDIDATE to FOLLOWER at term 180 for DISCOVERED_A_NEW_TERM
2019-10-18 14:58:20,483 [327657b1-60f8-49f2-b2a3-f63e1f934942@group-58A987F56150-LeaderElection159] INFO  impl.RoleInfo (RoleInfo.java:shutdownLeaderElection(134)) - 327657b1-60f8-49f2-b2a3-f63e1f934942: shutdown LeaderElection
2019-10-18 14:58:20,484 [327657b1-60f8-49f2-b2a3-f63e1f934942@group-58A987F56150-LeaderElection159] INFO  impl.RoleInfo (RoleInfo.java:updateAndGet(143)) - 327657b1-60f8-49f2-b2a3-f63e1f934942: start FollowerState
2019-10-18 14:58:20,533 [Thread-1313] INFO  impl.FollowerState (FollowerState.java:run(108)) - 327657b1-60f8-49f2-b2a3-f63e1f934942@group-58A987F56150-FollowerState: change to CANDIDATE, lastRpcTime:49ms, electionTimeout:49ms
2019-10-18 14:58:20,533 [Thread-1313] INFO  impl.RoleInfo (RoleInfo.java:shutdownFollowerState(121)) - 327657b1-60f8-49f2-b2a3-f63e1f934942: shutdown FollowerState
2019-10-18 14:58:20,533 [Thread-1313] INFO  impl.RaftServerImpl (RaftServerImpl.java:setRole(184)) - 327657b1-60f8-49f2-b2a3-f63e1f934942@group-58A987F56150: changes role from  FOLLOWER to CANDIDATE at term 180 for changeToCandidate
2019-10-18 14:58:20,534 [Thread-1313] INFO  impl.RoleInfo (RoleInfo.java:updateAndGet(143)) - 327657b1-60f8-49f2-b2a3-f63e1f934942: start LeaderElection
2019-10-18 14:58:20,548 [327657b1-60f8-49f2-b2a3-f63e1f934942@group-58A987F56150-LeaderElection160] INFO  impl.LeaderElection (LeaderElection.java:askForVotes(178)) - 327657b1-60f8-49f2-b2a3-f63e1f934942@group-58A987F56150-LeaderElection160: begin an election at term 181 for -1: [6605b8a5-570b-4977-9ee7-6aaf3012bed5:192.168.164.233:35223, 327657b1-60f8-49f2-b2a3-f63e1f934942:192.168.164.233:41966, ddd4789c-894d-475a-bbfb-f6e7aa670c92:192.168.164.233:41061], old=null
2019-10-18 14:58:20,551 [grpc-default-executor-2] INFO  impl.RaftServerImpl (RaftServerImpl.java:setRole(184)) - 6605b8a5-570b-4977-9ee7-6aaf3012bed5@group-58A987F56150: changes role from  FOLLOWER to FOLLOWER at term 181 for recognizeCandidate:327657b1-60f8-49f2-b2a3-f63e1f934942
2019-10-18 14:58:20,552 [grpc-default-executor-2] INFO  impl.RoleInfo (RoleInfo.java:shutdownFollowerState(121)) - 6605b8a5-570b-4977-9ee7-6aaf3012bed5: shutdown FollowerState
2019-10-18 14:58:20,552 [grpc-default-executor-2] INFO  impl.RoleInfo (RoleInfo.java:updateAndGet(143)) - 6605b8a5-570b-4977-9ee7-6aaf3012bed5: start FollowerState
2019-10-18 14:58:20,552 [Thread-1311] INFO  impl.FollowerState (FollowerState.java:run(117)) - 6605b8a5-570b-4977-9ee7-6aaf3012bed5@group-58A987F56150-FollowerState was interrupted: java.lang.InterruptedException: sleep interrupted
2019-10-18 14:58:20,552 [grpc-default-executor-3] INFO  impl.RaftServerImpl (RaftServerImpl.java:setRole(184)) - ddd4789c-894d-475a-bbfb-f6e7aa670c92@group-58A987F56150: changes role from  FOLLOWER to FOLLOWER at term 181 for recognizeCandidate:327657b1-60f8-49f2-b2a3-f63e1f934942
2019-10-18 14:58:20,552 [grpc-default-executor-3] INFO  impl.RoleInfo (RoleInfo.java:shutdownFollowerState(121)) - ddd4789c-894d-475a-bbfb-f6e7aa670c92: shutdown FollowerState
2019-10-18 14:58:20,553 [grpc-default-executor-3] INFO  impl.RoleInfo (RoleInfo.java:updateAndGet(143)) - ddd4789c-894d-475a-bbfb-f6e7aa670c92: start FollowerState
2019-10-18 14:58:20,553 [Thread-1312] INFO  impl.FollowerState (FollowerState.java:run(117)) - ddd4789c-894d-475a-bbfb-f6e7aa670c92@group-58A987F56150-FollowerState was interrupted: java.lang.InterruptedException: sleep interrupted
2019-10-18 14:58:20,567 [327657b1-60f8-49f2-b2a3-f63e1f934942@group-58A987F56150-LeaderElection160] INFO  impl.LeaderElection (LeaderElection.java:logAndReturn(56)) - 327657b1-60f8-49f2-b2a3-f63e1f934942@group-58A987F56150-LeaderElection160: Election REJECTED; received 2 response(s) [327657b1-60f8-49f2-b2a3-f63e1f934942<-6605b8a5-570b-4977-9ee7-6aaf3012bed5#0:FAIL-t181, 327657b1-60f8-49f2-b2a3-f63e1f934942<-ddd4789c-894d-475a-bbfb-f6e7aa670c92#0:FAIL-t181] and 0 exception(s); 327657b1-60f8-49f2-b2a3-f63e1f934942@group-58A987F56150:t181, leader=null, voted=327657b1-60f8-49f2-b2a3-f63e1f934942, raftlog=327657b1-60f8-49f2-b2a3-f63e1f934942@group-58A987F56150-SegmentedRaftLog:OPENED:c-1,f-1,i0, conf=-1: [6605b8a5-570b-4977-9ee7-6aaf3012bed5:192.168.164.233:35223, 327657b1-60f8-49f2-b2a3-f63e1f934942:192.168.164.233:41966, ddd4789c-894d-475a-bbfb-f6e7aa670c92:192.168.164.233:41061], old=null
2019-10-18 14:58:20,567 [327657b1-60f8-49f2-b2a3-f63e1f934942@group-58A987F56150-LeaderElection160] INFO  impl.RaftServerImpl (RaftServerImpl.java:setRole(184)) - 327657b1-60f8-49f2-b2a3-f63e1f934942@group-58A987F56150: changes role from CANDIDATE to FOLLOWER at term 181 for DISCOVERED_A_NEW_TERM
2019-10-18 14:58:20,567 [327657b1-60f8-49f2-b2a3-f63e1f934942@group-58A987F56150-LeaderElection160] INFO  impl.RoleInfo (RoleInfo.java:shutdownLeaderElection(134)) - 327657b1-60f8-49f2-b2a3-f63e1f934942: shutdown LeaderElection
2019-10-18 14:58:20,567 [327657b1-60f8-49f2-b2a3-f63e1f934942@group-58A987F56150-LeaderElection160] INFO  impl.RoleInfo (RoleInfo.java:updateAndGet(143)) - 327657b1-60f8-49f2-b2a3-f63e1f934942: start FollowerState
2019-10-18 14:58:20,701 [Thread-1319] INFO  impl.FollowerState (FollowerState.java:run(108)) - 327657b1-60f8-49f2-b2a3-f63e1f934942@group-58A987F56150-FollowerState: change to CANDIDATE, lastRpcTime:133ms, electionTimeout:133ms
2019-10-18 14:58:20,702 [Thread-1319] INFO  impl.RoleInfo (RoleInfo.java:shutdownFollowerState(121)) - 327657b1-60f8-49f2-b2a3-f63e1f934942: shutdown FollowerState
2019-10-18 14:58:20,702 [Thread-1319] INFO  impl.RaftServerImpl (RaftServerImpl.java:setRole(184)) - 327657b1-60f8-49f2-b2a3-f63e1f934942@group-58A987F56150: changes role from  FOLLOWER to CANDIDATE at term 181 for changeToCandidate
2019-10-18 14:58:20,702 [Thread-1319] INFO  impl.RoleInfo (RoleInfo.java:updateAndGet(143)) - 327657b1-60f8-49f2-b2a3-f63e1f934942: start LeaderElection
2019-10-18 14:58:20,716 [327657b1-60f8-49f2-b2a3-f63e1f934942@group-58A987F56150-LeaderElection161] INFO  impl.LeaderElection (LeaderElection.java:askForVotes(178)) - 327657b1-60f8-49f2-b2a3-f63e1f934942@group-58A987F56150-LeaderElection161: begin an election at term 182 for -1: [6605b8a5-570b-4977-9ee7-6aaf3012bed5:192.168.164.233:35223, 327657b1-60f8-49f2-b2a3-f63e1f934942:192.168.164.233:41966, ddd4789c-894d-475a-bbfb-f6e7aa670c92:192.168.164.233:41061], old=null
2019-10-18 14:58:20,721 [grpc-default-executor-2] INFO  impl.RaftServerImpl (RaftServerImpl.java:setRole(184)) - 6605b8a5-570b-4977-9ee7-6aaf3012bed5@group-58A987F56150: changes role from  FOLLOWER to FOLLOWER at term 182 for recognizeCandidate:327657b1-60f8-49f2-b2a3-f63e1f934942
2019-10-18 14:58:20,721 [grpc-default-executor-2] INFO  impl.RoleInfo (RoleInfo.java:shutdownFollowerState(121)) - 6605b8a5-570b-4977-9ee7-6aaf3012bed5: shutdown FollowerState
2019-10-18 14:58:20,721 [grpc-default-executor-3] INFO  impl.RaftServerImpl (RaftServerImpl.java:setRole(184)) - ddd4789c-894d-475a-bbfb-f6e7aa670c92@group-58A987F56150: changes role from  FOLLOWER to FOLLOWER at term 182 for recognizeCandidate:327657b1-60f8-49f2-b2a3-f63e1f934942
2019-10-18 14:58:20,721 [grpc-default-executor-3] INFO  impl.RoleInfo (RoleInfo.java:shutdownFollowerState(121)) - ddd4789c-894d-475a-bbfb-f6e7aa670c92: shutdown FollowerState
2019-10-18 14:58:20,721 [grpc-default-executor-2] INFO  impl.RoleInfo (RoleInfo.java:updateAndGet(143)) - 6605b8a5-570b-4977-9ee7-6aaf3012bed5: start FollowerState
2019-10-18 14:58:20,721 [grpc-default-executor-3] INFO  impl.RoleInfo (RoleInfo.java:updateAndGet(143)) - ddd4789c-894d-475a-bbfb-f6e7aa670c92: start FollowerState
2019-10-18 14:58:20,721 [Thread-1317] INFO  impl.FollowerState (FollowerState.java:run(117)) - 6605b8a5-570b-4977-9ee7-6aaf3012bed5@group-58A987F56150-FollowerState was interrupted: java.lang.InterruptedException: sleep interrupted
2019-10-18 14:58:20,721 [Thread-1318] INFO  impl.FollowerState (FollowerState.java:run(117)) - ddd4789c-894d-475a-bbfb-f6e7aa670c92@group-58A987F56150-FollowerState was interrupted: java.lang.InterruptedException: sleep interrupted
2019-10-18 14:58:20,748 [327657b1-60f8-49f2-b2a3-f63e1f934942@group-58A987F56150-LeaderElection161] INFO  impl.LeaderElection (LeaderElection.java:logAndReturn(56)) - 327657b1-60f8-49f2-b2a3-f63e1f934942@group-58A987F56150-LeaderElection161: Election REJECTED; received 2 response(s) [327657b1-60f8-49f2-b2a3-f63e1f934942<-6605b8a5-570b-4977-9ee7-6aaf3012bed5#0:FAIL-t182, 327657b1-60f8-49f2-b2a3-f63e1f934942<-ddd4789c-894d-475a-bbfb-f6e7aa670c92#0:FAIL-t182] and 0 exception(s); 327657b1-60f8-49f2-b2a3-f63e1f934942@group-58A987F56150:t182, leader=null, voted=327657b1-60f8-49f2-b2a3-f63e1f934942, raftlog=327657b1-60f8-49f2-b2a3-f63e1f934942@group-58A987F56150-SegmentedRaftLog:OPENED:c-1,f-1,i0, conf=-1: [6605b8a5-570b-4977-9ee7-6aaf3012bed5:192.168.164.233:35223, 327657b1-60f8-49f2-b2a3-f63e1f934942:192.168.164.233:41966, ddd4789c-894d-475a-bbfb-f6e7aa670c92:192.168.164.233:41061], old=null
2019-10-18 14:58:20,748 [327657b1-60f8-49f2-b2a3-f63e1f934942@group-58A987F56150-LeaderElection161] INFO  impl.RaftServerImpl (RaftServerImpl.java:setRole(184)) - 327657b1-60f8-49f2-b2a3-f63e1f934942@group-58A987F56150: changes role from CANDIDATE to FOLLOWER at term 182 for DISCOVERED_A_NEW_TERM
2019-10-18 14:58:20,749 [327657b1-60f8-49f2-b2a3-f63e1f934942@group-58A987F56150-LeaderElection161] INFO  impl.RoleInfo (RoleInfo.java:shutdownLeaderElection(134)) - 327657b1-60f8-49f2-b2a3-f63e1f934942: shutdown LeaderElection
2019-10-18 14:58:20,749 [327657b1-60f8-49f2-b2a3-f63e1f934942@group-58A987F56150-LeaderElection161] INFO  impl.RoleInfo (RoleInfo.java:updateAndGet(143)) - 327657b1-60f8-49f2-b2a3-f63e1f934942: start FollowerState
2019-10-18 14:58:20,845 [Thread-1326] INFO  impl.FollowerState (FollowerState.java:run(108)) - 327657b1-60f8-49f2-b2a3-f63e1f934942@group-58A987F56150-FollowerState: change to CANDIDATE, lastRpcTime:96ms, electionTimeout:95ms
2019-10-18 14:58:20,846 [Thread-1326] INFO  impl.RoleInfo (RoleInfo.java:shutdownFollowerState(121)) - 327657b1-60f8-49f2-b2a3-f63e1f934942: shutdown FollowerState
2019-10-18 14:58:20,846 [Thread-1326] INFO  impl.RaftServerImpl (RaftServerImpl.java:setRole(184)) - 327657b1-60f8-49f2-b2a3-f63e1f934942@group-58A987F56150: changes role from  FOLLOWER to CANDIDATE at term 182 for changeToCandidate
2019-10-18 14:58:20,849 [Thread-1326] INFO  impl.RoleInfo (RoleInfo.java:updateAndGet(143)) - 327657b1-60f8-49f2-b2a3-f63e1f934942: start LeaderElection
2019-10-18 14:58:20,863 [327657b1-60f8-49f2-b2a3-f63e1f934942@group-58A987F56150-LeaderElection162] INFO  impl.LeaderElection (LeaderElection.java:askForVotes(178)) - 327657b1-60f8-49f2-b2a3-f63e1f934942@group-58A987F56150-LeaderElection162: begin an election at term 183 for -1: [6605b8a5-570b-4977-9ee7-6aaf3012bed5:192.168.164.233:35223, 327657b1-60f8-49f2-b2a3-f63e1f934942:192.168.164.233:41966, ddd4789c-894d-475a-bbfb-f6e7aa670c92:192.168.164.233:41061], old=null
2019-10-18 14:58:20,867 [grpc-default-executor-2] INFO  impl.RaftServerImpl (RaftServerImpl.java:setRole(184)) - 6605b8a5-570b-4977-9ee7-6aaf3012bed5@group-58A987F56150: changes role from  FOLLOWER to FOLLOWER at term 183 for recognizeCandidate:327657b1-60f8-49f2-b2a3-f63e1f934942
2019-10-18 14:58:20,867 [grpc-default-executor-2] INFO  impl.RoleInfo (RoleInfo.java:shutdownFollowerState(121)) - 6605b8a5-570b-4977-9ee7-6aaf3012bed5: shutdown FollowerState
2019-10-18 14:58:20,867 [grpc-default-executor-3] INFO  impl.RaftServerImpl (RaftServerImpl.java:setRole(184)) - ddd4789c-894d-475a-bbfb-f6e7aa670c92@group-58A987F56150: changes role from  FOLLOWER to FOLLOWER at term 183 for recognizeCandidate:327657b1-60f8-49f2-b2a3-f63e1f934942
2019-10-18 14:58:20,867 [Thread-1323] INFO  impl.FollowerState (FollowerState.java:run(117)) - 6605b8a5-570b-4977-9ee7-6aaf3012bed5@group-58A987F56150-FollowerState was interrupted: java.lang.InterruptedException: sleep interrupted
2019-10-18 14:58:20,867 [grpc-default-executor-2] INFO  impl.RoleInfo (RoleInfo.java:updateAndGet(143)) - 6605b8a5-570b-4977-9ee7-6aaf3012bed5: start FollowerState
2019-10-18 14:58:20,868 [grpc-default-executor-3] INFO  impl.RoleInfo (RoleInfo.java:shutdownFollowerState(121)) - ddd4789c-894d-475a-bbfb-f6e7aa670c92: shutdown FollowerState
2019-10-18 14:58:20,868 [grpc-default-executor-3] INFO  impl.RoleInfo (RoleInfo.java:updateAndGet(143)) - ddd4789c-894d-475a-bbfb-f6e7aa670c92: start FollowerState
2019-10-18 14:58:20,868 [Thread-1324] INFO  impl.FollowerState (FollowerState.java:run(117)) - ddd4789c-894d-475a-bbfb-f6e7aa670c92@group-58A987F56150-FollowerState was interrupted: java.lang.InterruptedException: sleep interrupted
2019-10-18 14:58:20,894 [327657b1-60f8-49f2-b2a3-f63e1f934942@group-58A987F56150-LeaderElection162] INFO  impl.LeaderElection (LeaderElection.java:logAndReturn(56)) - 327657b1-60f8-49f2-b2a3-f63e1f934942@group-58A987F56150-LeaderElection162: Election REJECTED; received 2 response(s) [327657b1-60f8-49f2-b2a3-f63e1f934942<-6605b8a5-570b-4977-9ee7-6aaf3012bed5#0:FAIL-t183, 327657b1-60f8-49f2-b2a3-f63e1f934942<-ddd4789c-894d-475a-bbfb-f6e7aa670c92#0:FAIL-t183] and 0 exception(s); 327657b1-60f8-49f2-b2a3-f63e1f934942@group-58A987F56150:t183, leader=null, voted=327657b1-60f8-49f2-b2a3-f63e1f934942, raftlog=327657b1-60f8-49f2-b2a3-f63e1f934942@group-58A987F56150-SegmentedRaftLog:OPENED:c-1,f-1,i0, conf=-1: [6605b8a5-570b-4977-9ee7-6aaf3012bed5:192.168.164.233:35223, 327657b1-60f8-49f2-b2a3-f63e1f934942:192.168.164.233:41966, ddd4789c-894d-475a-bbfb-f6e7aa670c92:192.168.164.233:41061], old=null
2019-10-18 14:58:20,895 [327657b1-60f8-49f2-b2a3-f63e1f934942@group-58A987F56150-LeaderElection162] INFO  impl.RaftServerImpl (RaftServerImpl.java:setRole(184)) - 327657b1-60f8-49f2-b2a3-f63e1f934942@group-58A987F56150: changes role from CANDIDATE to FOLLOWER at term 183 for DISCOVERED_A_NEW_TERM
2019-10-18 14:58:20,895 [327657b1-60f8-49f2-b2a3-f63e1f934942@group-58A987F56150-LeaderElection162] INFO  impl.RoleInfo (RoleInfo.java:shutdownLeaderElection(134)) - 327657b1-60f8-49f2-b2a3-f63e1f934942: shutdown LeaderElection
2019-10-18 14:58:20,895 [327657b1-60f8-49f2-b2a3-f63e1f934942@group-58A987F56150-LeaderElection162] INFO  impl.RoleInfo (RoleInfo.java:updateAndGet(143)) - 327657b1-60f8-49f2-b2a3-f63e1f934942: start FollowerState
2019-10-18 14:58:21,079 [Thread-1333] INFO  impl.FollowerState (FollowerState.java:run(108)) - 327657b1-60f8-49f2-b2a3-f63e1f934942@group-58A987F56150-FollowerState: change to CANDIDATE, lastRpcTime:184ms, electionTimeout:184ms
2019-10-18 14:58:21,080 [Thread-1333] INFO  impl.RoleInfo (RoleInfo.java:shutdownFollowerState(121)) - 327657b1-60f8-49f2-b2a3-f63e1f934942: shutdown FollowerState
2019-10-18 14:58:21,080 [Thread-1333] INFO  impl.RaftServerImpl (RaftServerImpl.java:setRole(184)) - 327657b1-60f8-49f2-b2a3-f63e1f934942@group-58A987F56150: changes role from  FOLLOWER to CANDIDATE at term 183 for changeToCandidate
2019-10-18 14:58:21,080 [Thread-1333] INFO  impl.RoleInfo (RoleInfo.java:updateAndGet(143)) - 327657b1-60f8-49f2-b2a3-f63e1f934942: start LeaderElection
2019-10-18 14:58:21,095 [327657b1-60f8-49f2-b2a3-f63e1f934942@group-58A987F56150-LeaderElection163] INFO  impl.LeaderElection (LeaderElection.java:askForVotes(178)) - 327657b1-60f8-49f2-b2a3-f63e1f934942@group-58A987F56150-LeaderElection163: begin an election at term 184 for -1: [6605b8a5-570b-4977-9ee7-6aaf3012bed5:192.168.164.233:35223, 327657b1-60f8-49f2-b2a3-f63e1f934942:192.168.164.233:41966, ddd4789c-894d-475a-bbfb-f6e7aa670c92:192.168.164.233:41061], old=null
2019-10-18 14:58:21,099 [grpc-default-executor-2] INFO  impl.RaftServerImpl (RaftServerImpl.java:setRole(184)) - 6605b8a5-570b-4977-9ee7-6aaf3012bed5@group-58A987F56150: changes role from  FOLLOWER to FOLLOWER at term 184 for recognizeCandidate:327657b1-60f8-49f2-b2a3-f63e1f934942
2019-10-18 14:58:21,099 [grpc-default-executor-2] INFO  impl.RoleInfo (RoleInfo.java:shutdownFollowerState(121)) - 6605b8a5-570b-4977-9ee7-6aaf3012bed5: shutdown FollowerState
2019-10-18 14:58:21,099 [grpc-default-executor-3] INFO  impl.RaftServerImpl (RaftServerImpl.java:setRole(184)) - ddd4789c-894d-475a-bbfb-f6e7aa670c92@group-58A987F56150: changes role from  FOLLOWER to FOLLOWER at term 184 for recognizeCandidate:327657b1-60f8-49f2-b2a3-f63e1f934942
2019-10-18 14:58:21,099 [Thread-1331] INFO  impl.FollowerState (FollowerState.java:run(117)) - 6605b8a5-570b-4977-9ee7-6aaf3012bed5@group-58A987F56150-FollowerState was interrupted: java.lang.InterruptedException: sleep interrupted
2019-10-18 14:58:21,099 [grpc-default-executor-2] INFO  impl.RoleInfo (RoleInfo.java:updateAndGet(143)) - 6605b8a5-570b-4977-9ee7-6aaf3012bed5: start FollowerState
2019-10-18 14:58:21,099 [grpc-default-executor-3] INFO  impl.RoleInfo (RoleInfo.java:shutdownFollowerState(121)) - ddd4789c-894d-475a-bbfb-f6e7aa670c92: shutdown FollowerState
2019-10-18 14:58:21,100 [grpc-default-executor-3] INFO  impl.RoleInfo (RoleInfo.java:updateAndGet(143)) - ddd4789c-894d-475a-bbfb-f6e7aa670c92: start FollowerState
2019-10-18 14:58:21,100 [Thread-1332] INFO  impl.FollowerState (FollowerState.java:run(117)) - ddd4789c-894d-475a-bbfb-f6e7aa670c92@group-58A987F56150-FollowerState was interrupted: java.lang.InterruptedException: sleep interrupted
2019-10-18 14:58:21,115 [327657b1-60f8-49f2-b2a3-f63e1f934942@group-58A987F56150-LeaderElection163] INFO  impl.LeaderElection (LeaderElection.java:logAndReturn(56)) - 327657b1-60f8-49f2-b2a3-f63e1f934942@group-58A987F56150-LeaderElection163: Election REJECTED; received 2 response(s) [327657b1-60f8-49f2-b2a3-f63e1f934942<-6605b8a5-570b-4977-9ee7-6aaf3012bed5#0:FAIL-t184, 327657b1-60f8-49f2-b2a3-f63e1f934942<-ddd4789c-894d-475a-bbfb-f6e7aa670c92#0:FAIL-t184] and 0 exception(s); 327657b1-60f8-49f2-b2a3-f63e1f934942@group-58A987F56150:t184, leader=null, voted=327657b1-60f8-49f2-b2a3-f63e1f934942, raftlog=327657b1-60f8-49f2-b2a3-f63e1f934942@group-58A987F56150-SegmentedRaftLog:OPENED:c-1,f-1,i0, conf=-1: [6605b8a5-570b-4977-9ee7-6aaf3012bed5:192.168.164.233:35223, 327657b1-60f8-49f2-b2a3-f63e1f934942:192.168.164.233:41966, ddd4789c-894d-475a-bbfb-f6e7aa670c92:192.168.164.233:41061], old=null
2019-10-18 14:58:21,115 [327657b1-60f8-49f2-b2a3-f63e1f934942@group-58A987F56150-LeaderElection163] INFO  impl.RaftServerImpl (RaftServerImpl.java:setRole(184)) - 327657b1-60f8-49f2-b2a3-f63e1f934942@group-58A987F56150: changes role from CANDIDATE to FOLLOWER at term 184 for DISCOVERED_A_NEW_TERM
2019-10-18 14:58:21,115 [327657b1-60f8-49f2-b2a3-f63e1f934942@group-58A987F56150-LeaderElection163] INFO  impl.RoleInfo (RoleInfo.java:shutdownLeaderElection(134)) - 327657b1-60f8-49f2-b2a3-f63e1f934942: shutdown LeaderElection
2019-10-18 14:58:21,115 [327657b1-60f8-49f2-b2a3-f63e1f934942@group-58A987F56150-LeaderElection163] INFO  impl.RoleInfo (RoleInfo.java:updateAndGet(143)) - 327657b1-60f8-49f2-b2a3-f63e1f934942: start FollowerState
2019-10-18 14:58:21,177 [Thread-1339] INFO  impl.FollowerState (FollowerState.java:run(108)) - 327657b1-60f8-49f2-b2a3-f63e1f934942@group-58A987F56150-FollowerState: change to CANDIDATE, lastRpcTime:61ms, electionTimeout:61ms
2019-10-18 14:58:21,177 [Thread-1339] INFO  impl.RoleInfo (RoleInfo.java:shutdownFollowerState(121)) - 327657b1-60f8-49f2-b2a3-f63e1f934942: shutdown FollowerState
2019-10-18 14:58:21,177 [Thread-1339] INFO  impl.RaftServerImpl (RaftServerImpl.java:setRole(184)) - 327657b1-60f8-49f2-b2a3-f63e1f934942@group-58A987F56150: changes role from  FOLLOWER to CANDIDATE at term 184 for changeToCandidate
2019-10-18 14:58:21,177 [Thread-1339] INFO  impl.RoleInfo (RoleInfo.java:updateAndGet(143)) - 327657b1-60f8-49f2-b2a3-f63e1f934942: start LeaderElection
2019-10-18 14:58:21,190 [327657b1-60f8-49f2-b2a3-f63e1f934942@group-58A987F56150-LeaderElection164] INFO  impl.LeaderElection (LeaderElection.java:askForVotes(178)) - 327657b1-60f8-49f2-b2a3-f63e1f934942@group-58A987F56150-LeaderElection164: begin an election at term 185 for -1: [6605b8a5-570b-4977-9ee7-6aaf3012bed5:192.168.164.233:35223, 327657b1-60f8-49f2-b2a3-f63e1f934942:192.168.164.233:41966, ddd4789c-894d-475a-bbfb-f6e7aa670c92:192.168.164.233:41061], old=null
2019-10-18 14:58:21,193 [grpc-default-executor-2] INFO  impl.RaftServerImpl (RaftServerImpl.java:setRole(184)) - 6605b8a5-570b-4977-9ee7-6aaf3012bed5@group-58A987F56150: changes role from  FOLLOWER to FOLLOWER at term 185 for recognizeCandidate:327657b1-60f8-49f2-b2a3-f63e1f934942
2019-10-18 14:58:21,193 [grpc-default-executor-3] INFO  impl.RaftServerImpl (RaftServerImpl.java:setRole(184)) - ddd4789c-894d-475a-bbfb-f6e7aa670c92@group-58A987F56150: changes role from  FOLLOWER to FOLLOWER at term 185 for recognizeCandidate:327657b1-60f8-49f2-b2a3-f63e1f934942
2019-10-18 14:58:21,193 [grpc-default-executor-3] INFO  impl.RoleInfo (RoleInfo.java:shutdownFollowerState(121)) - ddd4789c-894d-475a-bbfb-f6e7aa670c92: shutdown FollowerState
2019-10-18 14:58:21,193 [grpc-default-executor-2] INFO  impl.RoleInfo (RoleInfo.java:shutdownFollowerState(121)) - 6605b8a5-570b-4977-9ee7-6aaf3012bed5: shutdown FollowerState
2019-10-18 14:58:21,193 [Thread-1338] INFO  impl.FollowerState (FollowerState.java:run(117)) - ddd4789c-894d-475a-bbfb-f6e7aa670c92@group-58A987F56150-FollowerState was interrupted: java.lang.InterruptedException: sleep interrupted
2019-10-18 14:58:21,193 [grpc-default-executor-3] INFO  impl.RoleInfo (RoleInfo.java:updateAndGet(143)) - ddd4789c-894d-475a-bbfb-f6e7aa670c92: start FollowerState
2019-10-18 14:58:21,193 [Thread-1337] INFO  impl.FollowerState (FollowerState.java:run(117)) - 6605b8a5-570b-4977-9ee7-6aaf3012bed5@group-58A987F56150-FollowerState was interrupted: java.lang.InterruptedException: sleep interrupted
2019-10-18 14:58:21,193 [grpc-default-executor-2] INFO  impl.RoleInfo (RoleInfo.java:updateAndGet(143)) - 6605b8a5-570b-4977-9ee7-6aaf3012bed5: start FollowerState
2019-10-18 14:58:21,208 [327657b1-60f8-49f2-b2a3-f63e1f934942@group-58A987F56150-LeaderElection164] INFO  impl.LeaderElection (LeaderElection.java:logAndReturn(56)) - 327657b1-60f8-49f2-b2a3-f63e1f934942@group-58A987F56150-LeaderElection164: Election REJECTED; received 2 response(s) [327657b1-60f8-49f2-b2a3-f63e1f934942<-6605b8a5-570b-4977-9ee7-6aaf3012bed5#0:FAIL-t185, 327657b1-60f8-49f2-b2a3-f63e1f934942<-ddd4789c-894d-475a-bbfb-f6e7aa670c92#0:FAIL-t185] and 0 exception(s); 327657b1-60f8-49f2-b2a3-f63e1f934942@group-58A987F56150:t185, leader=null, voted=327657b1-60f8-49f2-b2a3-f63e1f934942, raftlog=327657b1-60f8-49f2-b2a3-f63e1f934942@group-58A987F56150-SegmentedRaftLog:OPENED:c-1,f-1,i0, conf=-1: [6605b8a5-570b-4977-9ee7-6aaf3012bed5:192.168.164.233:35223, 327657b1-60f8-49f2-b2a3-f63e1f934942:192.168.164.233:41966, ddd4789c-894d-475a-bbfb-f6e7aa670c92:192.168.164.233:41061], old=null
2019-10-18 14:58:21,208 [327657b1-60f8-49f2-b2a3-f63e1f934942@group-58A987F56150-LeaderElection164] INFO  impl.RaftServerImpl (RaftServerImpl.java:setRole(184)) - 327657b1-60f8-49f2-b2a3-f63e1f934942@group-58A987F56150: changes role from CANDIDATE to FOLLOWER at term 185 for DISCOVERED_A_NEW_TERM
2019-10-18 14:58:21,209 [327657b1-60f8-49f2-b2a3-f63e1f934942@group-58A987F56150-LeaderElection164] INFO  impl.RoleInfo (RoleInfo.java:shutdownLeaderElection(134)) - 327657b1-60f8-49f2-b2a3-f63e1f934942: shutdown LeaderElection
2019-10-18 14:58:21,209 [327657b1-60f8-49f2-b2a3-f63e1f934942@group-58A987F56150-LeaderElection164] INFO  impl.RoleInfo (RoleInfo.java:updateAndGet(143)) - 327657b1-60f8-49f2-b2a3-f63e1f934942: start FollowerState
2019-10-18 14:58:21,397 [Thread-1345] INFO  impl.FollowerState (FollowerState.java:run(108)) - 327657b1-60f8-49f2-b2a3-f63e1f934942@group-58A987F56150-FollowerState: change to CANDIDATE, lastRpcTime:188ms, electionTimeout:188ms
2019-10-18 14:58:21,397 [Thread-1345] INFO  impl.RoleInfo (RoleInfo.java:shutdownFollowerState(121)) - 327657b1-60f8-49f2-b2a3-f63e1f934942: shutdown FollowerState
2019-10-18 14:58:21,398 [Thread-1345] INFO  impl.RaftServerImpl (RaftServerImpl.java:setRole(184)) - 327657b1-60f8-49f2-b2a3-f63e1f934942@group-58A987F56150: changes role from  FOLLOWER to CANDIDATE at term 185 for changeToCandidate
2019-10-18 14:58:21,398 [Thread-1345] INFO  impl.RoleInfo (RoleInfo.java:updateAndGet(143)) - 327657b1-60f8-49f2-b2a3-f63e1f934942: start LeaderElection
2019-10-18 14:58:21,412 [327657b1-60f8-49f2-b2a3-f63e1f934942@group-58A987F56150-LeaderElection165] INFO  impl.LeaderElection (LeaderElection.java:askForVotes(178)) - 327657b1-60f8-49f2-b2a3-f63e1f934942@group-58A987F56150-LeaderElection165: begin an election at term 186 for -1: [6605b8a5-570b-4977-9ee7-6aaf3012bed5:192.168.164.233:35223, 327657b1-60f8-49f2-b2a3-f63e1f934942:192.168.164.233:41966, ddd4789c-894d-475a-bbfb-f6e7aa670c92:192.168.164.233:41061], old=null
2019-10-18 14:58:21,415 [grpc-default-executor-3] INFO  impl.RaftServerImpl (RaftServerImpl.java:setRole(184)) - 6605b8a5-570b-4977-9ee7-6aaf3012bed5@group-58A987F56150: changes role from  FOLLOWER to FOLLOWER at term 186 for recognizeCandidate:327657b1-60f8-49f2-b2a3-f63e1f934942
2019-10-18 14:58:21,415 [grpc-default-executor-3] INFO  impl.RoleInfo (RoleInfo.java:shutdownFollowerState(121)) - 6605b8a5-570b-4977-9ee7-6aaf3012bed5: shutdown FollowerState
2019-10-18 14:58:21,415 [grpc-default-executor-3] INFO  impl.RoleInfo (RoleInfo.java:updateAndGet(143)) - 6605b8a5-570b-4977-9ee7-6aaf3012bed5: start FollowerState
2019-10-18 14:58:21,415 [Thread-1344] INFO  impl.FollowerState (FollowerState.java:run(117)) - 6605b8a5-570b-4977-9ee7-6aaf3012bed5@group-58A987F56150-FollowerState was interrupted: java.lang.InterruptedException: sleep interrupted
2019-10-18 14:58:21,415 [grpc-default-executor-2] INFO  impl.RaftServerImpl (RaftServerImpl.java:setRole(184)) - ddd4789c-894d-475a-bbfb-f6e7aa670c92@group-58A987F56150: changes role from  FOLLOWER to FOLLOWER at term 186 for recognizeCandidate:327657b1-60f8-49f2-b2a3-f63e1f934942
2019-10-18 14:58:21,416 [grpc-default-executor-2] INFO  impl.RoleInfo (RoleInfo.java:shutdownFollowerState(121)) - ddd4789c-894d-475a-bbfb-f6e7aa670c92: shutdown FollowerState
2019-10-18 14:58:21,416 [grpc-default-executor-2] INFO  impl.RoleInfo (RoleInfo.java:updateAndGet(143)) - ddd4789c-894d-475a-bbfb-f6e7aa670c92: start FollowerState
2019-10-18 14:58:21,416 [Thread-1343] INFO  impl.FollowerState (FollowerState.java:run(117)) - ddd4789c-894d-475a-bbfb-f6e7aa670c92@group-58A987F56150-FollowerState was interrupted: java.lang.InterruptedException: sleep interrupted
2019-10-18 14:58:21,440 [327657b1-60f8-49f2-b2a3-f63e1f934942@group-58A987F56150-LeaderElection165] INFO  impl.LeaderElection (LeaderElection.java:logAndReturn(56)) - 327657b1-60f8-49f2-b2a3-f63e1f934942@group-58A987F56150-LeaderElection165: Election TIMEOUT; received 0 response(s) [] and 0 exception(s); 327657b1-60f8-49f2-b2a3-f63e1f934942@group-58A987F56150:t186, leader=null, voted=327657b1-60f8-49f2-b2a3-f63e1f934942, raftlog=327657b1-60f8-49f2-b2a3-f63e1f934942@group-58A987F56150-SegmentedRaftLog:OPENED:c-1,f-1,i0, conf=-1: [6605b8a5-570b-4977-9ee7-6aaf3012bed5:192.168.164.233:35223, 327657b1-60f8-49f2-b2a3-f63e1f934942:192.168.164.233:41966, ddd4789c-894d-475a-bbfb-f6e7aa670c92:192.168.164.233:41061], old=null
2019-10-18 14:58:21,453 [327657b1-60f8-49f2-b2a3-f63e1f934942@group-58A987F56150-LeaderElection165] INFO  impl.LeaderElection (LeaderElection.java:askForVotes(178)) - 327657b1-60f8-49f2-b2a3-f63e1f934942@group-58A987F56150-LeaderElection165: begin an election at term 187 for -1: [6605b8a5-570b-4977-9ee7-6aaf3012bed5:192.168.164.233:35223, 327657b1-60f8-49f2-b2a3-f63e1f934942:192.168.164.233:41966, ddd4789c-894d-475a-bbfb-f6e7aa670c92:192.168.164.233:41061], old=null
2019-10-18 14:58:21,456 [grpc-default-executor-3] INFO  impl.RaftServerImpl (RaftServerImpl.java:setRole(184)) - 6605b8a5-570b-4977-9ee7-6aaf3012bed5@group-58A987F56150: changes role from  FOLLOWER to FOLLOWER at term 187 for recognizeCandidate:327657b1-60f8-49f2-b2a3-f63e1f934942
2019-10-18 14:58:21,456 [grpc-default-executor-3] INFO  impl.RoleInfo (RoleInfo.java:shutdownFollowerState(121)) - 6605b8a5-570b-4977-9ee7-6aaf3012bed5: shutdown FollowerState
2019-10-18 14:58:21,456 [grpc-default-executor-3] INFO  impl.RoleInfo (RoleInfo.java:updateAndGet(143)) - 6605b8a5-570b-4977-9ee7-6aaf3012bed5: start FollowerState
2019-10-18 14:58:21,456 [grpc-default-executor-2] INFO  impl.RaftServerImpl (RaftServerImpl.java:setRole(184)) - ddd4789c-894d-475a-bbfb-f6e7aa670c92@group-58A987F56150: changes role from  FOLLOWER to FOLLOWER at term 187 for recognizeCandidate:327657b1-60f8-49f2-b2a3-f63e1f934942
2019-10-18 14:58:21,456 [Thread-1349] INFO  impl.FollowerState (FollowerState.java:run(117)) - 6605b8a5-570b-4977-9ee7-6aaf3012bed5@group-58A987F56150-FollowerState was interrupted: java.lang.InterruptedException: sleep interrupted
2019-10-18 14:58:21,456 [grpc-default-executor-2] INFO  impl.RoleInfo (RoleInfo.java:shutdownFollowerState(121)) - ddd4789c-894d-475a-bbfb-f6e7aa670c92: shutdown FollowerState
2019-10-18 14:58:21,457 [grpc-default-executor-2] INFO  impl.RoleInfo (RoleInfo.java:updateAndGet(143)) - ddd4789c-894d-475a-bbfb-f6e7aa670c92: start FollowerState
2019-10-18 14:58:21,457 [Thread-1350] INFO  impl.FollowerState (FollowerState.java:run(117)) - ddd4789c-894d-475a-bbfb-f6e7aa670c92@group-58A987F56150-FollowerState was interrupted: java.lang.InterruptedException: sleep interrupted
2019-10-18 14:58:21,479 [327657b1-60f8-49f2-b2a3-f63e1f934942@group-58A987F56150-LeaderElection165] INFO  impl.LeaderElection (LeaderElection.java:logAndReturn(56)) - 327657b1-60f8-49f2-b2a3-f63e1f934942@group-58A987F56150-LeaderElection165: Election TIMEOUT; received 0 response(s) [] and 0 exception(s); 327657b1-60f8-49f2-b2a3-f63e1f934942@group-58A987F56150:t187, leader=null, voted=327657b1-60f8-49f2-b2a3-f63e1f934942, raftlog=327657b1-60f8-49f2-b2a3-f63e1f934942@group-58A987F56150-SegmentedRaftLog:OPENED:c-1,f-1,i0, conf=-1: [6605b8a5-570b-4977-9ee7-6aaf3012bed5:192.168.164.233:35223, 327657b1-60f8-49f2-b2a3-f63e1f934942:192.168.164.233:41966, ddd4789c-894d-475a-bbfb-f6e7aa670c92:192.168.164.233:41061], old=null
2019-10-18 14:58:21,483 [327657b1-60f8-49f2-b2a3-f63e1f934942@group-58A987F56150-LeaderElection165] INFO  impl.LeaderElection (LeaderElection.java:askForVotes(178)) - 327657b1-60f8-49f2-b2a3-f63e1f934942@group-58A987F56150-LeaderElection165: begin an election at term 188 for -1: [6605b8a5-570b-4977-9ee7-6aaf3012bed5:192.168.164.233:35223, 327657b1-60f8-49f2-b2a3-f63e1f934942:192.168.164.233:41966, ddd4789c-894d-475a-bbfb-f6e7aa670c92:192.168.164.233:41061], old=null
2019-10-18 14:58:21,485 [grpc-default-executor-2] INFO  impl.RaftServerImpl (RaftServerImpl.java:setRole(184)) - 6605b8a5-570b-4977-9ee7-6aaf3012bed5@group-58A987F56150: changes role from  FOLLOWER to FOLLOWER at term 188 for recognizeCandidate:327657b1-60f8-49f2-b2a3-f63e1f934942
2019-10-18 14:58:21,485 [grpc-default-executor-2] INFO  impl.RoleInfo (RoleInfo.java:shutdownFollowerState(121)) - 6605b8a5-570b-4977-9ee7-6aaf3012bed5: shutdown FollowerState
2019-10-18 14:58:21,485 [grpc-default-executor-3] INFO  impl.RaftServerImpl (RaftServerImpl.java:setRole(184)) - ddd4789c-894d-475a-bbfb-f6e7aa670c92@group-58A987F56150: changes role from  FOLLOWER to FOLLOWER at term 188 for recognizeCandidate:327657b1-60f8-49f2-b2a3-f63e1f934942
2019-10-18 14:58:21,486 [grpc-default-executor-2] INFO  impl.RoleInfo (RoleInfo.java:updateAndGet(143)) - 6605b8a5-570b-4977-9ee7-6aaf3012bed5: start FollowerState
2019-10-18 14:58:21,486 [Thread-1353] INFO  impl.FollowerState (FollowerState.java:run(117)) - 6605b8a5-570b-4977-9ee7-6aaf3012bed5@group-58A987F56150-FollowerState was interrupted: java.lang.InterruptedException: sleep interrupted
2019-10-18 14:58:21,486 [grpc-default-executor-3] INFO  impl.RoleInfo (RoleInfo.java:shutdownFollowerState(121)) - ddd4789c-894d-475a-bbfb-f6e7aa670c92: shutdown FollowerState
2019-10-18 14:58:21,486 [grpc-default-executor-3] INFO  impl.RoleInfo (RoleInfo.java:updateAndGet(143)) - ddd4789c-894d-475a-bbfb-f6e7aa670c92: start FollowerState
2019-10-18 14:58:21,486 [Thread-1354] INFO  impl.FollowerState (FollowerState.java:run(117)) - ddd4789c-894d-475a-bbfb-f6e7aa670c92@group-58A987F56150-FollowerState was interrupted: java.lang.InterruptedException: sleep interrupted
2019-10-18 14:58:21,512 [327657b1-60f8-49f2-b2a3-f63e1f934942@group-58A987F56150-LeaderElection165] INFO  impl.LeaderElection (LeaderElection.java:logAndReturn(56)) - 327657b1-60f8-49f2-b2a3-f63e1f934942@group-58A987F56150-LeaderElection165: Election REJECTED; received 2 response(s) [327657b1-60f8-49f2-b2a3-f63e1f934942<-6605b8a5-570b-4977-9ee7-6aaf3012bed5#0:FAIL-t188, 327657b1-60f8-49f2-b2a3-f63e1f934942<-ddd4789c-894d-475a-bbfb-f6e7aa670c92#0:FAIL-t188] and 0 exception(s); 327657b1-60f8-49f2-b2a3-f63e1f934942@group-58A987F56150:t188, leader=null, voted=327657b1-60f8-49f2-b2a3-f63e1f934942, raftlog=327657b1-60f8-49f2-b2a3-f63e1f934942@group-58A987F56150-SegmentedRaftLog:OPENED:c-1,f-1,i0, conf=-1: [6605b8a5-570b-4977-9ee7-6aaf3012bed5:192.168.164.233:35223, 327657b1-60f8-49f2-b2a3-f63e1f934942:192.168.164.233:41966, ddd4789c-894d-475a-bbfb-f6e7aa670c92:192.168.164.233:41061], old=null
2019-10-18 14:58:21,512 [327657b1-60f8-49f2-b2a3-f63e1f934942@group-58A987F56150-LeaderElection165] INFO  impl.RaftServerImpl (RaftServerImpl.java:setRole(184)) - 327657b1-60f8-49f2-b2a3-f63e1f934942@group-58A987F56150: changes role from CANDIDATE to FOLLOWER at term 188 for DISCOVERED_A_NEW_TERM
2019-10-18 14:58:21,512 [327657b1-60f8-49f2-b2a3-f63e1f934942@group-58A987F56150-LeaderElection165] INFO  impl.RoleInfo (RoleInfo.java:shutdownLeaderElection(134)) - 327657b1-60f8-49f2-b2a3-f63e1f934942: shutdown LeaderElection
2019-10-18 14:58:21,512 [327657b1-60f8-49f2-b2a3-f63e1f934942@group-58A987F56150-LeaderElection165] INFO  impl.RoleInfo (RoleInfo.java:updateAndGet(143)) - 327657b1-60f8-49f2-b2a3-f63e1f934942: start FollowerState
2019-10-18 14:58:21,558 [Thread-1359] INFO  impl.FollowerState (FollowerState.java:run(108)) - 327657b1-60f8-49f2-b2a3-f63e1f934942@group-58A987F56150-FollowerState: change to CANDIDATE, lastRpcTime:45ms, electionTimeout:45ms
2019-10-18 14:58:21,558 [Thread-1359] INFO  impl.RoleInfo (RoleInfo.java:shutdownFollowerState(121)) - 327657b1-60f8-49f2-b2a3-f63e1f934942: shutdown FollowerState
2019-10-18 14:58:21,558 [Thread-1359] INFO  impl.RaftServerImpl (RaftServerImpl.java:setRole(184)) - 327657b1-60f8-49f2-b2a3-f63e1f934942@group-58A987F56150: changes role from  FOLLOWER to CANDIDATE at term 188 for changeToCandidate
2019-10-18 14:58:21,558 [Thread-1359] INFO  impl.RoleInfo (RoleInfo.java:updateAndGet(143)) - 327657b1-60f8-49f2-b2a3-f63e1f934942: start LeaderElection
2019-10-18 14:58:21,571 [327657b1-60f8-49f2-b2a3-f63e1f934942@group-58A987F56150-LeaderElection166] INFO  impl.LeaderElection (LeaderElection.java:askForVotes(178)) - 327657b1-60f8-49f2-b2a3-f63e1f934942@group-58A987F56150-LeaderElection166: begin an election at term 189 for -1: [6605b8a5-570b-4977-9ee7-6aaf3012bed5:192.168.164.233:35223, 327657b1-60f8-49f2-b2a3-f63e1f934942:192.168.164.233:41966, ddd4789c-894d-475a-bbfb-f6e7aa670c92:192.168.164.233:41061], old=null
2019-10-18 14:58:21,573 [grpc-default-executor-3] INFO  impl.RaftServerImpl (RaftServerImpl.java:setRole(184)) - 6605b8a5-570b-4977-9ee7-6aaf3012bed5@group-58A987F56150: changes role from  FOLLOWER to FOLLOWER at term 189 for recognizeCandidate:327657b1-60f8-49f2-b2a3-f63e1f934942
2019-10-18 14:58:21,574 [grpc-default-executor-3] INFO  impl.RoleInfo (RoleInfo.java:shutdownFollowerState(121)) - 6605b8a5-570b-4977-9ee7-6aaf3012bed5: shutdown FollowerState
2019-10-18 14:58:21,574 [grpc-default-executor-3] INFO  impl.RoleInfo (RoleInfo.java:updateAndGet(143)) - 6605b8a5-570b-4977-9ee7-6aaf3012bed5: start FollowerState
2019-10-18 14:58:21,574 [Thread-1357] INFO  impl.FollowerState (FollowerState.java:run(117)) - 6605b8a5-570b-4977-9ee7-6aaf3012bed5@group-58A987F56150-FollowerState was interrupted: java.lang.InterruptedException: sleep interrupted
2019-10-18 14:58:21,574 [grpc-default-executor-2] INFO  impl.RaftServerImpl (RaftServerImpl.java:setRole(184)) - ddd4789c-894d-475a-bbfb-f6e7aa670c92@group-58A987F56150: changes role from  FOLLOWER to FOLLOWER at term 189 for recognizeCandidate:327657b1-60f8-49f2-b2a3-f63e1f934942
2019-10-18 14:58:21,575 [grpc-default-executor-2] INFO  impl.RoleInfo (RoleInfo.java:shutdownFollowerState(121)) - ddd4789c-894d-475a-bbfb-f6e7aa670c92: shutdown FollowerState
2019-10-18 14:58:21,575 [grpc-default-executor-2] INFO  impl.RoleInfo (RoleInfo.java:updateAndGet(143)) - ddd4789c-894d-475a-bbfb-f6e7aa670c92: start FollowerState
2019-10-18 14:58:21,575 [Thread-1358] INFO  impl.FollowerState (FollowerState.java:run(117)) - ddd4789c-894d-475a-bbfb-f6e7aa670c92@group-58A987F56150-FollowerState was interrupted: java.lang.InterruptedException: sleep interrupted
2019-10-18 14:58:21,593 [327657b1-60f8-49f2-b2a3-f63e1f934942@group-58A987F56150-LeaderElection166] INFO  impl.LeaderElection (LeaderElection.java:logAndReturn(56)) - 327657b1-60f8-49f2-b2a3-f63e1f934942@group-58A987F56150-LeaderElection166: Election REJECTED; received 2 response(s) [327657b1-60f8-49f2-b2a3-f63e1f934942<-6605b8a5-570b-4977-9ee7-6aaf3012bed5#0:FAIL-t189, 327657b1-60f8-49f2-b2a3-f63e1f934942<-ddd4789c-894d-475a-bbfb-f6e7aa670c92#0:FAIL-t189] and 0 exception(s); 327657b1-60f8-49f2-b2a3-f63e1f934942@group-58A987F56150:t189, leader=null, voted=327657b1-60f8-49f2-b2a3-f63e1f934942, raftlog=327657b1-60f8-49f2-b2a3-f63e1f934942@group-58A987F56150-SegmentedRaftLog:OPENED:c-1,f-1,i0, conf=-1: [6605b8a5-570b-4977-9ee7-6aaf3012bed5:192.168.164.233:35223, 327657b1-60f8-49f2-b2a3-f63e1f934942:192.168.164.233:41966, ddd4789c-894d-475a-bbfb-f6e7aa670c92:192.168.164.233:41061], old=null
2019-10-18 14:58:21,594 [327657b1-60f8-49f2-b2a3-f63e1f934942@group-58A987F56150-LeaderElection166] INFO  impl.RaftServerImpl (RaftServerImpl.java:setRole(184)) - 327657b1-60f8-49f2-b2a3-f63e1f934942@group-58A987F56150: changes role from CANDIDATE to FOLLOWER at term 189 for DISCOVERED_A_NEW_TERM
2019-10-18 14:58:21,594 [327657b1-60f8-49f2-b2a3-f63e1f934942@group-58A987F56150-LeaderElection166] INFO  impl.RoleInfo (RoleInfo.java:shutdownLeaderElection(134)) - 327657b1-60f8-49f2-b2a3-f63e1f934942: shutdown LeaderElection
2019-10-18 14:58:21,594 [327657b1-60f8-49f2-b2a3-f63e1f934942@group-58A987F56150-LeaderElection166] INFO  impl.RoleInfo (RoleInfo.java:updateAndGet(143)) - 327657b1-60f8-49f2-b2a3-f63e1f934942: start FollowerState
2019-10-18 14:58:21,770 [Thread-1365] INFO  impl.FollowerState (FollowerState.java:run(108)) - 327657b1-60f8-49f2-b2a3-f63e1f934942@group-58A987F56150-FollowerState: change to CANDIDATE, lastRpcTime:176ms, electionTimeout:174ms
2019-10-18 14:58:21,770 [Thread-1365] INFO  impl.RoleInfo (RoleInfo.java:shutdownFollowerState(121)) - 327657b1-60f8-49f2-b2a3-f63e1f934942: shutdown FollowerState
2019-10-18 14:58:21,770 [Thread-1365] INFO  impl.RaftServerImpl (RaftServerImpl.java:setRole(184)) - 327657b1-60f8-49f2-b2a3-f63e1f934942@group-58A987F56150: changes role from  FOLLOWER to CANDIDATE at term 189 for changeToCandidate
2019-10-18 14:58:21,771 [Thread-1365] INFO  impl.RoleInfo (RoleInfo.java:updateAndGet(143)) - 327657b1-60f8-49f2-b2a3-f63e1f934942: start LeaderElection
2019-10-18 14:58:21,796 [327657b1-60f8-49f2-b2a3-f63e1f934942@group-58A987F56150-LeaderElection167] INFO  impl.LeaderElection (LeaderElection.java:askForVotes(178)) - 327657b1-60f8-49f2-b2a3-f63e1f934942@group-58A987F56150-LeaderElection167: begin an election at term 190 for -1: [6605b8a5-570b-4977-9ee7-6aaf3012bed5:192.168.164.233:35223, 327657b1-60f8-49f2-b2a3-f63e1f934942:192.168.164.233:41966, ddd4789c-894d-475a-bbfb-f6e7aa670c92:192.168.164.233:41061], old=null
2019-10-18 14:58:21,798 [grpc-default-executor-2] INFO  impl.RaftServerImpl (RaftServerImpl.java:setRole(184)) - ddd4789c-894d-475a-bbfb-f6e7aa670c92@group-58A987F56150: changes role from  FOLLOWER to FOLLOWER at term 190 for recognizeCandidate:327657b1-60f8-49f2-b2a3-f63e1f934942
2019-10-18 14:58:21,799 [grpc-default-executor-2] INFO  impl.RoleInfo (RoleInfo.java:shutdownFollowerState(121)) - ddd4789c-894d-475a-bbfb-f6e7aa670c92: shutdown FollowerState
2019-10-18 14:58:21,799 [grpc-default-executor-2] INFO  impl.RoleInfo (RoleInfo.java:updateAndGet(143)) - ddd4789c-894d-475a-bbfb-f6e7aa670c92: start FollowerState
2019-10-18 14:58:21,799 [Thread-1364] INFO  impl.FollowerState (FollowerState.java:run(117)) - ddd4789c-894d-475a-bbfb-f6e7aa670c92@group-58A987F56150-FollowerState was interrupted: java.lang.InterruptedException: sleep interrupted
2019-10-18 14:58:21,799 [grpc-default-executor-3] INFO  impl.RaftServerImpl (RaftServerImpl.java:setRole(184)) - 6605b8a5-570b-4977-9ee7-6aaf3012bed5@group-58A987F56150: changes role from  FOLLOWER to FOLLOWER at term 190 for recognizeCandidate:327657b1-60f8-49f2-b2a3-f63e1f934942
2019-10-18 14:58:21,799 [grpc-default-executor-3] INFO  impl.RoleInfo (RoleInfo.java:shutdownFollowerState(121)) - 6605b8a5-570b-4977-9ee7-6aaf3012bed5: shutdown FollowerState
2019-10-18 14:58:21,799 [grpc-default-executor-3] INFO  impl.RoleInfo (RoleInfo.java:updateAndGet(143)) - 6605b8a5-570b-4977-9ee7-6aaf3012bed5: start FollowerState
2019-10-18 14:58:21,800 [Thread-1363] INFO  impl.FollowerState (FollowerState.java:run(117)) - 6605b8a5-570b-4977-9ee7-6aaf3012bed5@group-58A987F56150-FollowerState was interrupted: java.lang.InterruptedException: sleep interrupted
2019-10-18 14:58:21,825 [327657b1-60f8-49f2-b2a3-f63e1f934942@group-58A987F56150-LeaderElection167] INFO  impl.LeaderElection (LeaderElection.java:logAndReturn(56)) - 327657b1-60f8-49f2-b2a3-f63e1f934942@group-58A987F56150-LeaderElection167: Election REJECTED; received 2 response(s) [327657b1-60f8-49f2-b2a3-f63e1f934942<-6605b8a5-570b-4977-9ee7-6aaf3012bed5#0:FAIL-t190, 327657b1-60f8-49f2-b2a3-f63e1f934942<-ddd4789c-894d-475a-bbfb-f6e7aa670c92#0:FAIL-t190] and 0 exception(s); 327657b1-60f8-49f2-b2a3-f63e1f934942@group-58A987F56150:t190, leader=null, voted=327657b1-60f8-49f2-b2a3-f63e1f934942, raftlog=327657b1-60f8-49f2-b2a3-f63e1f934942@group-58A987F56150-SegmentedRaftLog:OPENED:c-1,f-1,i0, conf=-1: [6605b8a5-570b-4977-9ee7-6aaf3012bed5:192.168.164.233:35223, 327657b1-60f8-49f2-b2a3-f63e1f934942:192.168.164.233:41966, ddd4789c-894d-475a-bbfb-f6e7aa670c92:192.168.164.233:41061], old=null
2019-10-18 14:58:21,825 [327657b1-60f8-49f2-b2a3-f63e1f934942@group-58A987F56150-LeaderElection167] INFO  impl.RaftServerImpl (RaftServerImpl.java:setRole(184)) - 327657b1-60f8-49f2-b2a3-f63e1f934942@group-58A987F56150: changes role from CANDIDATE to FOLLOWER at term 190 for DISCOVERED_A_NEW_TERM
2019-10-18 14:58:21,826 [327657b1-60f8-49f2-b2a3-f63e1f934942@group-58A987F56150-LeaderElection167] INFO  impl.RoleInfo (RoleInfo.java:shutdownLeaderElection(134)) - 327657b1-60f8-49f2-b2a3-f63e1f934942: shutdown LeaderElection
2019-10-18 14:58:21,826 [327657b1-60f8-49f2-b2a3-f63e1f934942@group-58A987F56150-LeaderElection167] INFO  impl.RoleInfo (RoleInfo.java:updateAndGet(143)) - 327657b1-60f8-49f2-b2a3-f63e1f934942: start FollowerState
2019-10-18 14:58:22,008 [Thread-1373] INFO  impl.FollowerState (FollowerState.java:run(108)) - 327657b1-60f8-49f2-b2a3-f63e1f934942@group-58A987F56150-FollowerState: change to CANDIDATE, lastRpcTime:182ms, electionTimeout:182ms
2019-10-18 14:58:22,009 [Thread-1373] INFO  impl.RoleInfo (RoleInfo.java:shutdownFollowerState(121)) - 327657b1-60f8-49f2-b2a3-f63e1f934942: shutdown FollowerState
2019-10-18 14:58:22,009 [Thread-1373] INFO  impl.RaftServerImpl (RaftServerImpl.java:setRole(184)) - 327657b1-60f8-49f2-b2a3-f63e1f934942@group-58A987F56150: changes role from  FOLLOWER to CANDIDATE at term 190 for changeToCandidate
2019-10-18 14:58:22,009 [Thread-1373] INFO  impl.RoleInfo (RoleInfo.java:updateAndGet(143)) - 327657b1-60f8-49f2-b2a3-f63e1f934942: start LeaderElection
2019-10-18 14:58:22,034 [327657b1-60f8-49f2-b2a3-f63e1f934942@group-58A987F56150-LeaderElection168] INFO  impl.LeaderElection (LeaderElection.java:askForVotes(178)) - 327657b1-60f8-49f2-b2a3-f63e1f934942@group-58A987F56150-LeaderElection168: begin an election at term 191 for -1: [6605b8a5-570b-4977-9ee7-6aaf3012bed5:192.168.164.233:35223, 327657b1-60f8-49f2-b2a3-f63e1f934942:192.168.164.233:41966, ddd4789c-894d-475a-bbfb-f6e7aa670c92:192.168.164.233:41061], old=null
2019-10-18 14:58:22,038 [grpc-default-executor-3] INFO  impl.RaftServerImpl (RaftServerImpl.java:setRole(184)) - ddd4789c-894d-475a-bbfb-f6e7aa670c92@group-58A987F56150: changes role from  FOLLOWER to FOLLOWER at term 191 for recognizeCandidate:327657b1-60f8-49f2-b2a3-f63e1f934942
2019-10-18 14:58:22,038 [grpc-default-executor-2] INFO  impl.RaftServerImpl (RaftServerImpl.java:setRole(184)) - 6605b8a5-570b-4977-9ee7-6aaf3012bed5@group-58A987F56150: changes role from  FOLLOWER to FOLLOWER at term 191 for recognizeCandidate:327657b1-60f8-49f2-b2a3-f63e1f934942
2019-10-18 14:58:22,039 [grpc-default-executor-2] INFO  impl.RoleInfo (RoleInfo.java:shutdownFollowerState(121)) - 6605b8a5-570b-4977-9ee7-6aaf3012bed5: shutdown FollowerState
2019-10-18 14:58:22,038 [grpc-default-executor-3] INFO  impl.RoleInfo (RoleInfo.java:shutdownFollowerState(121)) - ddd4789c-894d-475a-bbfb-f6e7aa670c92: shutdown FollowerState
2019-10-18 14:58:22,039 [grpc-default-executor-2] INFO  impl.RoleInfo (RoleInfo.java:updateAndGet(143)) - 6605b8a5-570b-4977-9ee7-6aaf3012bed5: start FollowerState
2019-10-18 14:58:22,039 [grpc-default-executor-3] INFO  impl.RoleInfo (RoleInfo.java:updateAndGet(143)) - ddd4789c-894d-475a-bbfb-f6e7aa670c92: start FollowerState
2019-10-18 14:58:22,039 [Thread-1372] INFO  impl.FollowerState (FollowerState.java:run(117)) - 6605b8a5-570b-4977-9ee7-6aaf3012bed5@group-58A987F56150-FollowerState was interrupted: java.lang.InterruptedException: sleep interrupted
2019-10-18 14:58:22,039 [Thread-1371] INFO  impl.FollowerState (FollowerState.java:run(117)) - ddd4789c-894d-475a-bbfb-f6e7aa670c92@group-58A987F56150-FollowerState was interrupted: java.lang.InterruptedException: sleep interrupted
2019-10-18 14:58:22,066 [327657b1-60f8-49f2-b2a3-f63e1f934942@group-58A987F56150-LeaderElection168] INFO  impl.LeaderElection (LeaderElection.java:logAndReturn(56)) - 327657b1-60f8-49f2-b2a3-f63e1f934942@group-58A987F56150-LeaderElection168: Election REJECTED; received 2 response(s) [327657b1-60f8-49f2-b2a3-f63e1f934942<-6605b8a5-570b-4977-9ee7-6aaf3012bed5#0:FAIL-t191, 327657b1-60f8-49f2-b2a3-f63e1f934942<-ddd4789c-894d-475a-bbfb-f6e7aa670c92#0:FAIL-t191] and 0 exception(s); 327657b1-60f8-49f2-b2a3-f63e1f934942@group-58A987F56150:t191, leader=null, voted=327657b1-60f8-49f2-b2a3-f63e1f934942, raftlog=327657b1-60f8-49f2-b2a3-f63e1f934942@group-58A987F56150-SegmentedRaftLog:OPENED:c-1,f-1,i0, conf=-1: [6605b8a5-570b-4977-9ee7-6aaf3012bed5:192.168.164.233:35223, 327657b1-60f8-49f2-b2a3-f63e1f934942:192.168.164.233:41966, ddd4789c-894d-475a-bbfb-f6e7aa670c92:192.168.164.233:41061], old=null
2019-10-18 14:58:22,066 [327657b1-60f8-49f2-b2a3-f63e1f934942@group-58A987F56150-LeaderElection168] INFO  impl.RaftServerImpl (RaftServerImpl.java:setRole(184)) - 327657b1-60f8-49f2-b2a3-f63e1f934942@group-58A987F56150: changes role from CANDIDATE to FOLLOWER at term 191 for DISCOVERED_A_NEW_TERM
2019-10-18 14:58:22,066 [327657b1-60f8-49f2-b2a3-f63e1f934942@group-58A987F56150-LeaderElection168] INFO  impl.RoleInfo (RoleInfo.java:shutdownLeaderElection(134)) - 327657b1-60f8-49f2-b2a3-f63e1f934942: shutdown LeaderElection
2019-10-18 14:58:22,066 [327657b1-60f8-49f2-b2a3-f63e1f934942@group-58A987F56150-LeaderElection168] INFO  impl.RoleInfo (RoleInfo.java:updateAndGet(143)) - 327657b1-60f8-49f2-b2a3-f63e1f934942: start FollowerState
2019-10-18 14:58:22,151 [Thread-1379] INFO  impl.FollowerState (FollowerState.java:run(108)) - 327657b1-60f8-49f2-b2a3-f63e1f934942@group-58A987F56150-FollowerState: change to CANDIDATE, lastRpcTime:84ms, electionTimeout:84ms
2019-10-18 14:58:22,151 [Thread-1379] INFO  impl.RoleInfo (RoleInfo.java:shutdownFollowerState(121)) - 327657b1-60f8-49f2-b2a3-f63e1f934942: shutdown FollowerState
2019-10-18 14:58:22,151 [Thread-1379] INFO  impl.RaftServerImpl (RaftServerImpl.java:setRole(184)) - 327657b1-60f8-49f2-b2a3-f63e1f934942@group-58A987F56150: changes role from  FOLLOWER to CANDIDATE at term 191 for changeToCandidate
2019-10-18 14:58:22,151 [Thread-1379] INFO  impl.RoleInfo (RoleInfo.java:updateAndGet(143)) - 327657b1-60f8-49f2-b2a3-f63e1f934942: start LeaderElection
2019-10-18 14:58:22,165 [327657b1-60f8-49f2-b2a3-f63e1f934942@group-58A987F56150-LeaderElection169] INFO  impl.LeaderElection (LeaderElection.java:askForVotes(178)) - 327657b1-60f8-49f2-b2a3-f63e1f934942@group-58A987F56150-LeaderElection169: begin an election at term 192 for -1: [6605b8a5-570b-4977-9ee7-6aaf3012bed5:192.168.164.233:35223, 327657b1-60f8-49f2-b2a3-f63e1f934942:192.168.164.233:41966, ddd4789c-894d-475a-bbfb-f6e7aa670c92:192.168.164.233:41061], old=null
2019-10-18 14:58:22,168 [grpc-default-executor-3] INFO  impl.RaftServerImpl (RaftServerImpl.java:setRole(184)) - ddd4789c-894d-475a-bbfb-f6e7aa670c92@group-58A987F56150: changes role from  FOLLOWER to FOLLOWER at term 192 for recognizeCandidate:327657b1-60f8-49f2-b2a3-f63e1f934942
2019-10-18 14:58:22,168 [grpc-default-executor-3] INFO  impl.RoleInfo (RoleInfo.java:shutdownFollowerState(121)) - ddd4789c-894d-475a-bbfb-f6e7aa670c92: shutdown FollowerState
2019-10-18 14:58:22,168 [grpc-default-executor-2] INFO  impl.RaftServerImpl (RaftServerImpl.java:setRole(184)) - 6605b8a5-570b-4977-9ee7-6aaf3012bed5@group-58A987F56150: changes role from  FOLLOWER to FOLLOWER at term 192 for recognizeCandidate:327657b1-60f8-49f2-b2a3-f63e1f934942
2019-10-18 14:58:22,168 [Thread-1378] INFO  impl.FollowerState (FollowerState.java:run(117)) - ddd4789c-894d-475a-bbfb-f6e7aa670c92@group-58A987F56150-FollowerState was interrupted: java.lang.InterruptedException: sleep interrupted
2019-10-18 14:58:22,168 [grpc-default-executor-3] INFO  impl.RoleInfo (RoleInfo.java:updateAndGet(143)) - ddd4789c-894d-475a-bbfb-f6e7aa670c92: start FollowerState
2019-10-18 14:58:22,168 [grpc-default-executor-2] INFO  impl.RoleInfo (RoleInfo.java:shutdownFollowerState(121)) - 6605b8a5-570b-4977-9ee7-6aaf3012bed5: shutdown FollowerState
2019-10-18 14:58:22,169 [grpc-default-executor-2] INFO  impl.RoleInfo (RoleInfo.java:updateAndGet(143)) - 6605b8a5-570b-4977-9ee7-6aaf3012bed5: start FollowerState
2019-10-18 14:58:22,169 [Thread-1377] INFO  impl.FollowerState (FollowerState.java:run(117)) - 6605b8a5-570b-4977-9ee7-6aaf3012bed5@group-58A987F56150-FollowerState was interrupted: java.lang.InterruptedException: sleep interrupted
2019-10-18 14:58:22,172 [327657b1-60f8-49f2-b2a3-f63e1f934942@group-58A987F56150-LeaderElection169] INFO  impl.LeaderElection (LeaderElection.java:logAndReturn(56)) - 327657b1-60f8-49f2-b2a3-f63e1f934942@group-58A987F56150-LeaderElection169: Election TIMEOUT; received 0 response(s) [] and 0 exception(s); 327657b1-60f8-49f2-b2a3-f63e1f934942@group-58A987F56150:t192, leader=null, voted=327657b1-60f8-49f2-b2a3-f63e1f934942, raftlog=327657b1-60f8-49f2-b2a3-f63e1f934942@group-58A987F56150-SegmentedRaftLog:OPENED:c-1,f-1,i0, conf=-1: [6605b8a5-570b-4977-9ee7-6aaf3012bed5:192.168.164.233:35223, 327657b1-60f8-49f2-b2a3-f63e1f934942:192.168.164.233:41966, ddd4789c-894d-475a-bbfb-f6e7aa670c92:192.168.164.233:41061], old=null
2019-10-18 14:58:22,182 [327657b1-60f8-49f2-b2a3-f63e1f934942@group-58A987F56150-LeaderElection169] INFO  impl.LeaderElection (LeaderElection.java:askForVotes(178)) - 327657b1-60f8-49f2-b2a3-f63e1f934942@group-58A987F56150-LeaderElection169: begin an election at term 193 for -1: [6605b8a5-570b-4977-9ee7-6aaf3012bed5:192.168.164.233:35223, 327657b1-60f8-49f2-b2a3-f63e1f934942:192.168.164.233:41966, ddd4789c-894d-475a-bbfb-f6e7aa670c92:192.168.164.233:41061], old=null
2019-10-18 14:58:22,185 [grpc-default-executor-2] INFO  impl.RaftServerImpl (RaftServerImpl.java:setRole(184)) - 6605b8a5-570b-4977-9ee7-6aaf3012bed5@group-58A987F56150: changes role from  FOLLOWER to FOLLOWER at term 193 for recognizeCandidate:327657b1-60f8-49f2-b2a3-f63e1f934942
2019-10-18 14:58:22,185 [grpc-default-executor-2] INFO  impl.RoleInfo (RoleInfo.java:shutdownFollowerState(121)) - 6605b8a5-570b-4977-9ee7-6aaf3012bed5: shutdown FollowerState
2019-10-18 14:58:22,186 [grpc-default-executor-3] INFO  impl.RaftServerImpl (RaftServerImpl.java:setRole(184)) - ddd4789c-894d-475a-bbfb-f6e7aa670c92@group-58A987F56150: changes role from  FOLLOWER to FOLLOWER at term 193 for recognizeCandidate:327657b1-60f8-49f2-b2a3-f63e1f934942
2019-10-18 14:58:22,186 [grpc-default-executor-3] INFO  impl.RoleInfo (RoleInfo.java:shutdownFollowerState(121)) - ddd4789c-894d-475a-bbfb-f6e7aa670c92: shutdown FollowerState
2019-10-18 14:58:22,186 [Thread-1384] INFO  impl.FollowerState (FollowerState.java:run(117)) - 6605b8a5-570b-4977-9ee7-6aaf3012bed5@group-58A987F56150-FollowerState was interrupted: java.lang.InterruptedException: sleep interrupted
2019-10-18 14:58:22,186 [grpc-default-executor-2] INFO  impl.RoleInfo (RoleInfo.java:updateAndGet(143)) - 6605b8a5-570b-4977-9ee7-6aaf3012bed5: start FollowerState
2019-10-18 14:58:22,186 [Thread-1383] INFO  impl.FollowerState (FollowerState.java:run(117)) - ddd4789c-894d-475a-bbfb-f6e7aa670c92@group-58A987F56150-FollowerState was interrupted: java.lang.InterruptedException: sleep interrupted
2019-10-18 14:58:22,186 [grpc-default-executor-3] INFO  impl.RoleInfo (RoleInfo.java:updateAndGet(143)) - ddd4789c-894d-475a-bbfb-f6e7aa670c92: start FollowerState
2019-10-18 14:58:22,212 [327657b1-60f8-49f2-b2a3-f63e1f934942@group-58A987F56150-LeaderElection169] INFO  impl.LeaderElection (LeaderElection.java:logAndReturn(56)) - 327657b1-60f8-49f2-b2a3-f63e1f934942@group-58A987F56150-LeaderElection169: Election REJECTED; received 2 response(s) [327657b1-60f8-49f2-b2a3-f63e1f934942<-6605b8a5-570b-4977-9ee7-6aaf3012bed5#0:FAIL-t193, 327657b1-60f8-49f2-b2a3-f63e1f934942<-ddd4789c-894d-475a-bbfb-f6e7aa670c92#0:FAIL-t193] and 0 exception(s); 327657b1-60f8-49f2-b2a3-f63e1f934942@group-58A987F56150:t193, leader=null, voted=327657b1-60f8-49f2-b2a3-f63e1f934942, raftlog=327657b1-60f8-49f2-b2a3-f63e1f934942@group-58A987F56150-SegmentedRaftLog:OPENED:c-1,f-1,i0, conf=-1: [6605b8a5-570b-4977-9ee7-6aaf3012bed5:192.168.164.233:35223, 327657b1-60f8-49f2-b2a3-f63e1f934942:192.168.164.233:41966, ddd4789c-894d-475a-bbfb-f6e7aa670c92:192.168.164.233:41061], old=null
2019-10-18 14:58:22,212 [327657b1-60f8-49f2-b2a3-f63e1f934942@group-58A987F56150-LeaderElection169] INFO  impl.RaftServerImpl (RaftServerImpl.java:setRole(184)) - 327657b1-60f8-49f2-b2a3-f63e1f934942@group-58A987F56150: changes role from CANDIDATE to FOLLOWER at term 193 for DISCOVERED_A_NEW_TERM
2019-10-18 14:58:22,213 [327657b1-60f8-49f2-b2a3-f63e1f934942@group-58A987F56150-LeaderElection169] INFO  impl.RoleInfo (RoleInfo.java:shutdownLeaderElection(134)) - 327657b1-60f8-49f2-b2a3-f63e1f934942: shutdown LeaderElection
2019-10-18 14:58:22,213 [327657b1-60f8-49f2-b2a3-f63e1f934942@group-58A987F56150-LeaderElection169] INFO  impl.RoleInfo (RoleInfo.java:updateAndGet(143)) - 327657b1-60f8-49f2-b2a3-f63e1f934942: start FollowerState
2019-10-18 14:58:22,268 [Thread-1389] INFO  impl.FollowerState (FollowerState.java:run(108)) - 327657b1-60f8-49f2-b2a3-f63e1f934942@group-58A987F56150-FollowerState: change to CANDIDATE, lastRpcTime:55ms, electionTimeout:55ms
2019-10-18 14:58:22,269 [Thread-1389] INFO  impl.RoleInfo (RoleInfo.java:shutdownFollowerState(121)) - 327657b1-60f8-49f2-b2a3-f63e1f934942: shutdown FollowerState
2019-10-18 14:58:22,269 [Thread-1389] INFO  impl.RaftServerImpl (RaftServerImpl.java:setRole(184)) - 327657b1-60f8-49f2-b2a3-f63e1f934942@group-58A987F56150: changes role from  FOLLOWER to CANDIDATE at term 193 for changeToCandidate
2019-10-18 14:58:22,269 [Thread-1389] INFO  impl.RoleInfo (RoleInfo.java:updateAndGet(143)) - 327657b1-60f8-49f2-b2a3-f63e1f934942: start LeaderElection
2019-10-18 14:58:22,282 [327657b1-60f8-49f2-b2a3-f63e1f934942@group-58A987F56150-LeaderElection170] INFO  impl.LeaderElection (LeaderElection.java:askForVotes(178)) - 327657b1-60f8-49f2-b2a3-f63e1f934942@group-58A987F56150-LeaderElection170: begin an election at term 194 for -1: [6605b8a5-570b-4977-9ee7-6aaf3012bed5:192.168.164.233:35223, 327657b1-60f8-49f2-b2a3-f63e1f934942:192.168.164.233:41966, ddd4789c-894d-475a-bbfb-f6e7aa670c92:192.168.164.233:41061], old=null
2019-10-18 14:58:22,286 [grpc-default-executor-2] INFO  impl.RaftServerImpl (RaftServerImpl.java:setRole(184)) - ddd4789c-894d-475a-bbfb-f6e7aa670c92@group-58A987F56150: changes role from  FOLLOWER to FOLLOWER at term 194 for recognizeCandidate:327657b1-60f8-49f2-b2a3-f63e1f934942
2019-10-18 14:58:22,286 [grpc-default-executor-2] INFO  impl.RoleInfo (RoleInfo.java:shutdownFollowerState(121)) - ddd4789c-894d-475a-bbfb-f6e7aa670c92: shutdown FollowerState
2019-10-18 14:58:22,286 [grpc-default-executor-3] INFO  impl.RaftServerImpl (RaftServerImpl.java:setRole(184)) - 6605b8a5-570b-4977-9ee7-6aaf3012bed5@group-58A987F56150: changes role from  FOLLOWER to FOLLOWER at term 194 for recognizeCandidate:327657b1-60f8-49f2-b2a3-f63e1f934942
2019-10-18 14:58:22,286 [grpc-default-executor-3] INFO  impl.RoleInfo (RoleInfo.java:shutdownFollowerState(121)) - 6605b8a5-570b-4977-9ee7-6aaf3012bed5: shutdown FollowerState
2019-10-18 14:58:22,286 [grpc-default-executor-2] INFO  impl.RoleInfo (RoleInfo.java:updateAndGet(143)) - ddd4789c-894d-475a-bbfb-f6e7aa670c92: start FollowerState
2019-10-18 14:58:22,286 [Thread-1387] INFO  impl.FollowerState (FollowerState.java:run(117)) - 6605b8a5-570b-4977-9ee7-6aaf3012bed5@group-58A987F56150-FollowerState was interrupted: java.lang.InterruptedException: sleep interrupted
2019-10-18 14:58:22,286 [grpc-default-executor-3] INFO  impl.RoleInfo (RoleInfo.java:updateAndGet(143)) - 6605b8a5-570b-4977-9ee7-6aaf3012bed5: start FollowerState
2019-10-18 14:58:22,286 [Thread-1388] INFO  impl.FollowerState (FollowerState.java:run(117)) - ddd4789c-894d-475a-bbfb-f6e7aa670c92@group-58A987F56150-FollowerState was interrupted: java.lang.InterruptedException: sleep interrupted
2019-10-18 14:58:22,293 [327657b1-60f8-49f2-b2a3-f63e1f934942@group-58A987F56150-LeaderElection170] INFO  impl.LeaderElection (LeaderElection.java:logAndReturn(56)) - 327657b1-60f8-49f2-b2a3-f63e1f934942@group-58A987F56150-LeaderElection170: Election TIMEOUT; received 0 response(s) [] and 0 exception(s); 327657b1-60f8-49f2-b2a3-f63e1f934942@group-58A987F56150:t194, leader=null, voted=327657b1-60f8-49f2-b2a3-f63e1f934942, raftlog=327657b1-60f8-49f2-b2a3-f63e1f934942@group-58A987F56150-SegmentedRaftLog:OPENED:c-1,f-1,i0, conf=-1: [6605b8a5-570b-4977-9ee7-6aaf3012bed5:192.168.164.233:35223, 327657b1-60f8-49f2-b2a3-f63e1f934942:192.168.164.233:41966, ddd4789c-894d-475a-bbfb-f6e7aa670c92:192.168.164.233:41061], old=null
2019-10-18 14:58:22,313 [327657b1-60f8-49f2-b2a3-f63e1f934942@group-58A987F56150-LeaderElection170] INFO  impl.LeaderElection (LeaderElection.java:askForVotes(178)) - 327657b1-60f8-49f2-b2a3-f63e1f934942@group-58A987F56150-LeaderElection170: begin an election at term 195 for -1: [6605b8a5-570b-4977-9ee7-6aaf3012bed5:192.168.164.233:35223, 327657b1-60f8-49f2-b2a3-f63e1f934942:192.168.164.233:41966, ddd4789c-894d-475a-bbfb-f6e7aa670c92:192.168.164.233:41061], old=null
2019-10-18 14:58:22,315 [grpc-default-executor-3] INFO  impl.RaftServerImpl (RaftServerImpl.java:setRole(184)) - ddd4789c-894d-475a-bbfb-f6e7aa670c92@group-58A987F56150: changes role from  FOLLOWER to FOLLOWER at term 195 for recognizeCandidate:327657b1-60f8-49f2-b2a3-f63e1f934942
2019-10-18 14:58:22,315 [grpc-default-executor-3] INFO  impl.RoleInfo (RoleInfo.java:shutdownFollowerState(121)) - ddd4789c-894d-475a-bbfb-f6e7aa670c92: shutdown FollowerState
2019-10-18 14:58:22,315 [grpc-default-executor-3] INFO  impl.RoleInfo (RoleInfo.java:updateAndGet(143)) - ddd4789c-894d-475a-bbfb-f6e7aa670c92: start FollowerState
2019-10-18 14:58:22,315 [Thread-1393] INFO  impl.FollowerState (FollowerState.java:run(117)) - ddd4789c-894d-475a-bbfb-f6e7aa670c92@group-58A987F56150-FollowerState was interrupted: java.lang.InterruptedException: sleep interrupted
2019-10-18 14:58:22,316 [grpc-default-executor-2] INFO  impl.RaftServerImpl (RaftServerImpl.java:setRole(184)) - 6605b8a5-570b-4977-9ee7-6aaf3012bed5@group-58A987F56150: changes role from  FOLLOWER to FOLLOWER at term 195 for recognizeCandidate:327657b1-60f8-49f2-b2a3-f63e1f934942
2019-10-18 14:58:22,316 [grpc-default-executor-2] INFO  impl.RoleInfo (RoleInfo.java:shutdownFollowerState(121)) - 6605b8a5-570b-4977-9ee7-6aaf3012bed5: shutdown FollowerState
2019-10-18 14:58:22,316 [grpc-default-executor-2] INFO  impl.RoleInfo (RoleInfo.java:updateAndGet(143)) - 6605b8a5-570b-4977-9ee7-6aaf3012bed5: start FollowerState
2019-10-18 14:58:22,316 [Thread-1394] INFO  impl.FollowerState (FollowerState.java:run(117)) - 6605b8a5-570b-4977-9ee7-6aaf3012bed5@group-58A987F56150-FollowerState was interrupted: java.lang.InterruptedException: sleep interrupted
2019-10-18 14:58:22,341 [327657b1-60f8-49f2-b2a3-f63e1f934942@group-58A987F56150-LeaderElection170] INFO  impl.LeaderElection (LeaderElection.java:logAndReturn(56)) - 327657b1-60f8-49f2-b2a3-f63e1f934942@group-58A987F56150-LeaderElection170: Election REJECTED; received 2 response(s) [327657b1-60f8-49f2-b2a3-f63e1f934942<-6605b8a5-570b-4977-9ee7-6aaf3012bed5#0:FAIL-t195, 327657b1-60f8-49f2-b2a3-f63e1f934942<-ddd4789c-894d-475a-bbfb-f6e7aa670c92#0:FAIL-t195] and 0 exception(s); 327657b1-60f8-49f2-b2a3-f63e1f934942@group-58A987F56150:t195, leader=null, voted=327657b1-60f8-49f2-b2a3-f63e1f934942, raftlog=327657b1-60f8-49f2-b2a3-f63e1f934942@group-58A987F56150-SegmentedRaftLog:OPENED:c-1,f-1,i0, conf=-1: [6605b8a5-570b-4977-9ee7-6aaf3012bed5:192.168.164.233:35223, 327657b1-60f8-49f2-b2a3-f63e1f934942:192.168.164.233:41966, ddd4789c-894d-475a-bbfb-f6e7aa670c92:192.168.164.233:41061], old=null
2019-10-18 14:58:22,341 [327657b1-60f8-49f2-b2a3-f63e1f934942@group-58A987F56150-LeaderElection170] INFO  impl.RaftServerImpl (RaftServerImpl.java:setRole(184)) - 327657b1-60f8-49f2-b2a3-f63e1f934942@group-58A987F56150: changes role from CANDIDATE to FOLLOWER at term 195 for DISCOVERED_A_NEW_TERM
2019-10-18 14:58:22,341 [327657b1-60f8-49f2-b2a3-f63e1f934942@group-58A987F56150-LeaderElection170] INFO  impl.RoleInfo (RoleInfo.java:shutdownLeaderElection(134)) - 327657b1-60f8-49f2-b2a3-f63e1f934942: shutdown LeaderElection
2019-10-18 14:58:22,341 [327657b1-60f8-49f2-b2a3-f63e1f934942@group-58A987F56150-LeaderElection170] INFO  impl.RoleInfo (RoleInfo.java:updateAndGet(143)) - 327657b1-60f8-49f2-b2a3-f63e1f934942: start FollowerState
2019-10-18 14:58:22,362 [Thread-1399] INFO  impl.FollowerState (FollowerState.java:run(108)) - 327657b1-60f8-49f2-b2a3-f63e1f934942@group-58A987F56150-FollowerState: change to CANDIDATE, lastRpcTime:20ms, electionTimeout:20ms
2019-10-18 14:58:22,362 [Thread-1399] INFO  impl.RoleInfo (RoleInfo.java:shutdownFollowerState(121)) - 327657b1-60f8-49f2-b2a3-f63e1f934942: shutdown FollowerState
2019-10-18 14:58:22,362 [Thread-1399] INFO  impl.RaftServerImpl (RaftServerImpl.java:setRole(184)) - 327657b1-60f8-49f2-b2a3-f63e1f934942@group-58A987F56150: changes role from  FOLLOWER to CANDIDATE at term 195 for changeToCandidate
2019-10-18 14:58:22,362 [Thread-1399] INFO  impl.RoleInfo (RoleInfo.java:updateAndGet(143)) - 327657b1-60f8-49f2-b2a3-f63e1f934942: start LeaderElection
2019-10-18 14:58:22,386 [327657b1-60f8-49f2-b2a3-f63e1f934942@group-58A987F56150-LeaderElection171] INFO  impl.LeaderElection (LeaderElection.java:askForVotes(178)) - 327657b1-60f8-49f2-b2a3-f63e1f934942@group-58A987F56150-LeaderElection171: begin an election at term 196 for -1: [6605b8a5-570b-4977-9ee7-6aaf3012bed5:192.168.164.233:35223, 327657b1-60f8-49f2-b2a3-f63e1f934942:192.168.164.233:41966, ddd4789c-894d-475a-bbfb-f6e7aa670c92:192.168.164.233:41061], old=null
2019-10-18 14:58:22,387 [grpc-default-executor-3] INFO  impl.RaftServerImpl (RaftServerImpl.java:setRole(184)) - 6605b8a5-570b-4977-9ee7-6aaf3012bed5@group-58A987F56150: changes role from  FOLLOWER to FOLLOWER at term 196 for recognizeCandidate:327657b1-60f8-49f2-b2a3-f63e1f934942
2019-10-18 14:58:22,387 [grpc-default-executor-3] INFO  impl.RoleInfo (RoleInfo.java:shutdownFollowerState(121)) - 6605b8a5-570b-4977-9ee7-6aaf3012bed5: shutdown FollowerState
2019-10-18 14:58:22,388 [grpc-default-executor-3] INFO  impl.RoleInfo (RoleInfo.java:updateAndGet(143)) - 6605b8a5-570b-4977-9ee7-6aaf3012bed5: start FollowerState
2019-10-18 14:58:22,388 [Thread-1398] INFO  impl.FollowerState (FollowerState.java:run(117)) - 6605b8a5-570b-4977-9ee7-6aaf3012bed5@group-58A987F56150-FollowerState was interrupted: java.lang.InterruptedException: sleep interrupted
2019-10-18 14:58:22,388 [grpc-default-executor-2] INFO  impl.RaftServerImpl (RaftServerImpl.java:setRole(184)) - ddd4789c-894d-475a-bbfb-f6e7aa670c92@group-58A987F56150: changes role from  FOLLOWER to FOLLOWER at term 196 for recognizeCandidate:327657b1-60f8-49f2-b2a3-f63e1f934942
2019-10-18 14:58:22,388 [grpc-default-executor-2] INFO  impl.RoleInfo (RoleInfo.java:shutdownFollowerState(121)) - ddd4789c-894d-475a-bbfb-f6e7aa670c92: shutdown FollowerState
2019-10-18 14:58:22,389 [grpc-default-executor-2] INFO  impl.RoleInfo (RoleInfo.java:updateAndGet(143)) - ddd4789c-894d-475a-bbfb-f6e7aa670c92: start FollowerState
2019-10-18 14:58:22,389 [Thread-1397] INFO  impl.FollowerState (FollowerState.java:run(117)) - ddd4789c-894d-475a-bbfb-f6e7aa670c92@group-58A987F56150-FollowerState was interrupted: java.lang.InterruptedException: sleep interrupted
2019-10-18 14:58:22,414 [327657b1-60f8-49f2-b2a3-f63e1f934942@group-58A987F56150-LeaderElection171] INFO  impl.LeaderElection (LeaderElection.java:logAndReturn(56)) - 327657b1-60f8-49f2-b2a3-f63e1f934942@group-58A987F56150-LeaderElection171: Election REJECTED; received 2 response(s) [327657b1-60f8-49f2-b2a3-f63e1f934942<-6605b8a5-570b-4977-9ee7-6aaf3012bed5#0:FAIL-t196, 327657b1-60f8-49f2-b2a3-f63e1f934942<-ddd4789c-894d-475a-bbfb-f6e7aa670c92#0:FAIL-t196] and 0 exception(s); 327657b1-60f8-49f2-b2a3-f63e1f934942@group-58A987F56150:t196, leader=null, voted=327657b1-60f8-49f2-b2a3-f63e1f934942, raftlog=327657b1-60f8-49f2-b2a3-f63e1f934942@group-58A987F56150-SegmentedRaftLog:OPENED:c-1,f-1,i0, conf=-1: [6605b8a5-570b-4977-9ee7-6aaf3012bed5:192.168.164.233:35223, 327657b1-60f8-49f2-b2a3-f63e1f934942:192.168.164.233:41966, ddd4789c-894d-475a-bbfb-f6e7aa670c92:192.168.164.233:41061], old=null
2019-10-18 14:58:22,414 [327657b1-60f8-49f2-b2a3-f63e1f934942@group-58A987F56150-LeaderElection171] INFO  impl.RaftServerImpl (RaftServerImpl.java:setRole(184)) - 327657b1-60f8-49f2-b2a3-f63e1f934942@group-58A987F56150: changes role from CANDIDATE to FOLLOWER at term 196 for DISCOVERED_A_NEW_TERM
2019-10-18 14:58:22,414 [327657b1-60f8-49f2-b2a3-f63e1f934942@group-58A987F56150-LeaderElection171] INFO  impl.RoleInfo (RoleInfo.java:shutdownLeaderElection(134)) - 327657b1-60f8-49f2-b2a3-f63e1f934942: shutdown LeaderElection
2019-10-18 14:58:22,414 [327657b1-60f8-49f2-b2a3-f63e1f934942@group-58A987F56150-LeaderElection171] INFO  impl.RoleInfo (RoleInfo.java:updateAndGet(143)) - 327657b1-60f8-49f2-b2a3-f63e1f934942: start FollowerState
2019-10-18 14:58:22,438 [Thread-1405] INFO  impl.FollowerState (FollowerState.java:run(108)) - 327657b1-60f8-49f2-b2a3-f63e1f934942@group-58A987F56150-FollowerState: change to CANDIDATE, lastRpcTime:23ms, electionTimeout:23ms
2019-10-18 14:58:22,438 [Thread-1405] INFO  impl.RoleInfo (RoleInfo.java:shutdownFollowerState(121)) - 327657b1-60f8-49f2-b2a3-f63e1f934942: shutdown FollowerState
2019-10-18 14:58:22,438 [Thread-1405] INFO  impl.RaftServerImpl (RaftServerImpl.java:setRole(184)) - 327657b1-60f8-49f2-b2a3-f63e1f934942@group-58A987F56150: changes role from  FOLLOWER to CANDIDATE at term 196 for changeToCandidate
2019-10-18 14:58:22,438 [Thread-1405] INFO  impl.RoleInfo (RoleInfo.java:updateAndGet(143)) - 327657b1-60f8-49f2-b2a3-f63e1f934942: start LeaderElection
2019-10-18 14:58:22,451 [327657b1-60f8-49f2-b2a3-f63e1f934942@group-58A987F56150-LeaderElection172] INFO  impl.LeaderElection (LeaderElection.java:askForVotes(178)) - 327657b1-60f8-49f2-b2a3-f63e1f934942@group-58A987F56150-LeaderElection172: begin an election at term 197 for -1: [6605b8a5-570b-4977-9ee7-6aaf3012bed5:192.168.164.233:35223, 327657b1-60f8-49f2-b2a3-f63e1f934942:192.168.164.233:41966, ddd4789c-894d-475a-bbfb-f6e7aa670c92:192.168.164.233:41061], old=null
2019-10-18 14:58:22,453 [grpc-default-executor-2] INFO  impl.RaftServerImpl (RaftServerImpl.java:setRole(184)) - 6605b8a5-570b-4977-9ee7-6aaf3012bed5@group-58A987F56150: changes role from  FOLLOWER to FOLLOWER at term 197 for recognizeCandidate:327657b1-60f8-49f2-b2a3-f63e1f934942
2019-10-18 14:58:22,454 [grpc-default-executor-2] INFO  impl.RoleInfo (RoleInfo.java:shutdownFollowerState(121)) - 6605b8a5-570b-4977-9ee7-6aaf3012bed5: shutdown FollowerState
2019-10-18 14:58:22,454 [grpc-default-executor-2] INFO  impl.RoleInfo (RoleInfo.java:updateAndGet(143)) - 6605b8a5-570b-4977-9ee7-6aaf3012bed5: start FollowerState
2019-10-18 14:58:22,454 [Thread-1403] INFO  impl.FollowerState (FollowerState.java:run(117)) - 6605b8a5-570b-4977-9ee7-6aaf3012bed5@group-58A987F56150-FollowerState was interrupted: java.lang.InterruptedException: sleep interrupted
2019-10-18 14:58:22,454 [grpc-default-executor-3] INFO  impl.RaftServerImpl (RaftServerImpl.java:setRole(184)) - ddd4789c-894d-475a-bbfb-f6e7aa670c92@group-58A987F56150: changes role from  FOLLOWER to FOLLOWER at term 197 for recognizeCandidate:327657b1-60f8-49f2-b2a3-f63e1f934942
2019-10-18 14:58:22,454 [grpc-default-executor-3] INFO  impl.RoleInfo (RoleInfo.java:shutdownFollowerState(121)) - ddd4789c-894d-475a-bbfb-f6e7aa670c92: shutdown FollowerState
2019-10-18 14:58:22,455 [grpc-default-executor-3] INFO  impl.RoleInfo (RoleInfo.java:updateAndGet(143)) - ddd4789c-894d-475a-bbfb-f6e7aa670c92: start FollowerState
2019-10-18 14:58:22,455 [Thread-1404] INFO  impl.FollowerState (FollowerState.java:run(117)) - ddd4789c-894d-475a-bbfb-f6e7aa670c92@group-58A987F56150-FollowerState was interrupted: java.lang.InterruptedException: sleep interrupted
2019-10-18 14:58:22,480 [327657b1-60f8-49f2-b2a3-f63e1f934942@group-58A987F56150-LeaderElection172] INFO  impl.LeaderElection (LeaderElection.java:logAndReturn(56)) - 327657b1-60f8-49f2-b2a3-f63e1f934942@group-58A987F56150-LeaderElection172: Election REJECTED; received 2 response(s) [327657b1-60f8-49f2-b2a3-f63e1f934942<-6605b8a5-570b-4977-9ee7-6aaf3012bed5#0:FAIL-t197, 327657b1-60f8-49f2-b2a3-f63e1f934942<-ddd4789c-894d-475a-bbfb-f6e7aa670c92#0:FAIL-t197] and 0 exception(s); 327657b1-60f8-49f2-b2a3-f63e1f934942@group-58A987F56150:t197, leader=null, voted=327657b1-60f8-49f2-b2a3-f63e1f934942, raftlog=327657b1-60f8-49f2-b2a3-f63e1f934942@group-58A987F56150-SegmentedRaftLog:OPENED:c-1,f-1,i0, conf=-1: [6605b8a5-570b-4977-9ee7-6aaf3012bed5:192.168.164.233:35223, 327657b1-60f8-49f2-b2a3-f63e1f934942:192.168.164.233:41966, ddd4789c-894d-475a-bbfb-f6e7aa670c92:192.168.164.233:41061], old=null
2019-10-18 14:58:22,480 [327657b1-60f8-49f2-b2a3-f63e1f934942@group-58A987F56150-LeaderElection172] INFO  impl.RaftServerImpl (RaftServerImpl.java:setRole(184)) - 327657b1-60f8-49f2-b2a3-f63e1f934942@group-58A987F56150: changes role from CANDIDATE to FOLLOWER at term 197 for DISCOVERED_A_NEW_TERM
2019-10-18 14:58:22,480 [327657b1-60f8-49f2-b2a3-f63e1f934942@group-58A987F56150-LeaderElection172] INFO  impl.RoleInfo (RoleInfo.java:shutdownLeaderElection(134)) - 327657b1-60f8-49f2-b2a3-f63e1f934942: shutdown LeaderElection
2019-10-18 14:58:22,481 [327657b1-60f8-49f2-b2a3-f63e1f934942@group-58A987F56150-LeaderElection172] INFO  impl.RoleInfo (RoleInfo.java:updateAndGet(143)) - 327657b1-60f8-49f2-b2a3-f63e1f934942: start FollowerState
2019-10-18 14:58:22,620 [Thread-1411] INFO  impl.FollowerState (FollowerState.java:run(108)) - 327657b1-60f8-49f2-b2a3-f63e1f934942@group-58A987F56150-FollowerState: change to CANDIDATE, lastRpcTime:139ms, electionTimeout:139ms
2019-10-18 14:58:22,620 [Thread-1411] INFO  impl.RoleInfo (RoleInfo.java:shutdownFollowerState(121)) - 327657b1-60f8-49f2-b2a3-f63e1f934942: shutdown FollowerState
2019-10-18 14:58:22,620 [Thread-1411] INFO  impl.RaftServerImpl (RaftServerImpl.java:setRole(184)) - 327657b1-60f8-49f2-b2a3-f63e1f934942@group-58A987F56150: changes role from  FOLLOWER to CANDIDATE at term 197 for changeToCandidate
2019-10-18 14:58:22,621 [Thread-1411] INFO  impl.RoleInfo (RoleInfo.java:updateAndGet(143)) - 327657b1-60f8-49f2-b2a3-f63e1f934942: start LeaderElection
2019-10-18 14:58:22,634 [327657b1-60f8-49f2-b2a3-f63e1f934942@group-58A987F56150-LeaderElection173] INFO  impl.LeaderElection (LeaderElection.java:askForVotes(178)) - 327657b1-60f8-49f2-b2a3-f63e1f934942@group-58A987F56150-LeaderElection173: begin an election at term 198 for -1: [6605b8a5-570b-4977-9ee7-6aaf3012bed5:192.168.164.233:35223, 327657b1-60f8-49f2-b2a3-f63e1f934942:192.168.164.233:41966, ddd4789c-894d-475a-bbfb-f6e7aa670c92:192.168.164.233:41061], old=null
2019-10-18 14:58:22,637 [grpc-default-executor-3] INFO  impl.RaftServerImpl (RaftServerImpl.java:setRole(184)) - 6605b8a5-570b-4977-9ee7-6aaf3012bed5@group-58A987F56150: changes role from  FOLLOWER to FOLLOWER at term 198 for recognizeCandidate:327657b1-60f8-49f2-b2a3-f63e1f934942
2019-10-18 14:58:22,637 [grpc-default-executor-3] INFO  impl.RoleInfo (RoleInfo.java:shutdownFollowerState(121)) - 6605b8a5-570b-4977-9ee7-6aaf3012bed5: shutdown FollowerState
2019-10-18 14:58:22,637 [grpc-default-executor-3] INFO  impl.RoleInfo (RoleInfo.java:updateAndGet(143)) - 6605b8a5-570b-4977-9ee7-6aaf3012bed5: start FollowerState
2019-10-18 14:58:22,637 [Thread-1409] INFO  impl.FollowerState (FollowerState.java:run(117)) - 6605b8a5-570b-4977-9ee7-6aaf3012bed5@group-58A987F56150-FollowerState was interrupted: java.lang.InterruptedException: sleep interrupted
2019-10-18 14:58:22,637 [grpc-default-executor-2] INFO  impl.RaftServerImpl (RaftServerImpl.java:setRole(184)) - ddd4789c-894d-475a-bbfb-f6e7aa670c92@group-58A987F56150: changes role from  FOLLOWER to FOLLOWER at term 198 for recognizeCandidate:327657b1-60f8-49f2-b2a3-f63e1f934942
2019-10-18 14:58:22,638 [grpc-default-executor-2] INFO  impl.RoleInfo (RoleInfo.java:shutdownFollowerState(121)) - ddd4789c-894d-475a-bbfb-f6e7aa670c92: shutdown FollowerState
2019-10-18 14:58:22,638 [grpc-default-executor-2] INFO  impl.RoleInfo (RoleInfo.java:updateAndGet(143)) - ddd4789c-894d-475a-bbfb-f6e7aa670c92: start FollowerState
2019-10-18 14:58:22,638 [Thread-1410] INFO  impl.FollowerState (FollowerState.java:run(117)) - ddd4789c-894d-475a-bbfb-f6e7aa670c92@group-58A987F56150-FollowerState was interrupted: java.lang.InterruptedException: sleep interrupted
2019-10-18 14:58:22,663 [327657b1-60f8-49f2-b2a3-f63e1f934942@group-58A987F56150-LeaderElection173] INFO  impl.LeaderElection (LeaderElection.java:logAndReturn(56)) - 327657b1-60f8-49f2-b2a3-f63e1f934942@group-58A987F56150-LeaderElection173: Election REJECTED; received 2 response(s) [327657b1-60f8-49f2-b2a3-f63e1f934942<-6605b8a5-570b-4977-9ee7-6aaf3012bed5#0:FAIL-t198, 327657b1-60f8-49f2-b2a3-f63e1f934942<-ddd4789c-894d-475a-bbfb-f6e7aa670c92#0:FAIL-t198] and 0 exception(s); 327657b1-60f8-49f2-b2a3-f63e1f934942@group-58A987F56150:t198, leader=null, voted=327657b1-60f8-49f2-b2a3-f63e1f934942, raftlog=327657b1-60f8-49f2-b2a3-f63e1f934942@group-58A987F56150-SegmentedRaftLog:OPENED:c-1,f-1,i0, conf=-1: [6605b8a5-570b-4977-9ee7-6aaf3012bed5:192.168.164.233:35223, 327657b1-60f8-49f2-b2a3-f63e1f934942:192.168.164.233:41966, ddd4789c-894d-475a-bbfb-f6e7aa670c92:192.168.164.233:41061], old=null
2019-10-18 14:58:22,663 [327657b1-60f8-49f2-b2a3-f63e1f934942@group-58A987F56150-LeaderElection173] INFO  impl.RaftServerImpl (RaftServerImpl.java:setRole(184)) - 327657b1-60f8-49f2-b2a3-f63e1f934942@group-58A987F56150: changes role from CANDIDATE to FOLLOWER at term 198 for DISCOVERED_A_NEW_TERM
2019-10-18 14:58:22,664 [327657b1-60f8-49f2-b2a3-f63e1f934942@group-58A987F56150-LeaderElection173] INFO  impl.RoleInfo (RoleInfo.java:shutdownLeaderElection(134)) - 327657b1-60f8-49f2-b2a3-f63e1f934942: shutdown LeaderElection
2019-10-18 14:58:22,664 [327657b1-60f8-49f2-b2a3-f63e1f934942@group-58A987F56150-LeaderElection173] INFO  impl.RoleInfo (RoleInfo.java:updateAndGet(143)) - 327657b1-60f8-49f2-b2a3-f63e1f934942: start FollowerState
2019-10-18 14:58:22,813 [Thread-1417] INFO  impl.FollowerState (FollowerState.java:run(108)) - 327657b1-60f8-49f2-b2a3-f63e1f934942@group-58A987F56150-FollowerState: change to CANDIDATE, lastRpcTime:149ms, electionTimeout:149ms
2019-10-18 14:58:22,813 [Thread-1417] INFO  impl.RoleInfo (RoleInfo.java:shutdownFollowerState(121)) - 327657b1-60f8-49f2-b2a3-f63e1f934942: shutdown FollowerState
2019-10-18 14:58:22,814 [Thread-1417] INFO  impl.RaftServerImpl (RaftServerImpl.java:setRole(184)) - 327657b1-60f8-49f2-b2a3-f63e1f934942@group-58A987F56150: changes role from  FOLLOWER to CANDIDATE at term 198 for changeToCandidate
2019-10-18 14:58:22,814 [Thread-1417] INFO  impl.RoleInfo (RoleInfo.java:updateAndGet(143)) - 327657b1-60f8-49f2-b2a3-f63e1f934942: start LeaderElection
2019-10-18 14:58:22,827 [327657b1-60f8-49f2-b2a3-f63e1f934942@group-58A987F56150-LeaderElection174] INFO  impl.LeaderElection (LeaderElection.java:askForVotes(178)) - 327657b1-60f8-49f2-b2a3-f63e1f934942@group-58A987F56150-LeaderElection174: begin an election at term 199 for -1: [6605b8a5-570b-4977-9ee7-6aaf3012bed5:192.168.164.233:35223, 327657b1-60f8-49f2-b2a3-f63e1f934942:192.168.164.233:41966, ddd4789c-894d-475a-bbfb-f6e7aa670c92:192.168.164.233:41061], old=null
2019-10-18 14:58:22,830 [grpc-default-executor-2] INFO  impl.RaftServerImpl (RaftServerImpl.java:setRole(184)) - ddd4789c-894d-475a-bbfb-f6e7aa670c92@group-58A987F56150: changes role from  FOLLOWER to FOLLOWER at term 199 for recognizeCandidate:327657b1-60f8-49f2-b2a3-f63e1f934942
2019-10-18 14:58:22,830 [grpc-default-executor-3] INFO  impl.RaftServerImpl (RaftServerImpl.java:setRole(184)) - 6605b8a5-570b-4977-9ee7-6aaf3012bed5@group-58A987F56150: changes role from  FOLLOWER to FOLLOWER at term 199 for recognizeCandidate:327657b1-60f8-49f2-b2a3-f63e1f934942
2019-10-18 14:58:22,830 [grpc-default-executor-2] INFO  impl.RoleInfo (RoleInfo.java:shutdownFollowerState(121)) - ddd4789c-894d-475a-bbfb-f6e7aa670c92: shutdown FollowerState
2019-10-18 14:58:22,830 [grpc-default-executor-3] INFO  impl.RoleInfo (RoleInfo.java:shutdownFollowerState(121)) - 6605b8a5-570b-4977-9ee7-6aaf3012bed5: shutdown FollowerState
2019-10-18 14:58:22,831 [Thread-1416] INFO  impl.FollowerState (FollowerState.java:run(117)) - ddd4789c-894d-475a-bbfb-f6e7aa670c92@group-58A987F56150-FollowerState was interrupted: java.lang.InterruptedException: sleep interrupted
2019-10-18 14:58:22,831 [grpc-default-executor-2] INFO  impl.RoleInfo (RoleInfo.java:updateAndGet(143)) - ddd4789c-894d-475a-bbfb-f6e7aa670c92: start FollowerState
2019-10-18 14:58:22,831 [Thread-1415] INFO  impl.FollowerState (FollowerState.java:run(117)) - 6605b8a5-570b-4977-9ee7-6aaf3012bed5@group-58A987F56150-FollowerState was interrupted: java.lang.InterruptedException: sleep interrupted
2019-10-18 14:58:22,831 [grpc-default-executor-3] INFO  impl.RoleInfo (RoleInfo.java:updateAndGet(143)) - 6605b8a5-570b-4977-9ee7-6aaf3012bed5: start FollowerState
2019-10-18 14:58:22,857 [327657b1-60f8-49f2-b2a3-f63e1f934942@group-58A987F56150-LeaderElection174] INFO  impl.LeaderElection (LeaderElection.java:logAndReturn(56)) - 327657b1-60f8-49f2-b2a3-f63e1f934942@group-58A987F56150-LeaderElection174: Election REJECTED; received 2 response(s) [327657b1-60f8-49f2-b2a3-f63e1f934942<-6605b8a5-570b-4977-9ee7-6aaf3012bed5#0:FAIL-t199, 327657b1-60f8-49f2-b2a3-f63e1f934942<-ddd4789c-894d-475a-bbfb-f6e7aa670c92#0:FAIL-t199] and 0 exception(s); 327657b1-60f8-49f2-b2a3-f63e1f934942@group-58A987F56150:t199, leader=null, voted=327657b1-60f8-49f2-b2a3-f63e1f934942, raftlog=327657b1-60f8-49f2-b2a3-f63e1f934942@group-58A987F56150-SegmentedRaftLog:OPENED:c-1,f-1,i0, conf=-1: [6605b8a5-570b-4977-9ee7-6aaf3012bed5:192.168.164.233:35223, 327657b1-60f8-49f2-b2a3-f63e1f934942:192.168.164.233:41966, ddd4789c-894d-475a-bbfb-f6e7aa670c92:192.168.164.233:41061], old=null
2019-10-18 14:58:22,857 [327657b1-60f8-49f2-b2a3-f63e1f934942@group-58A987F56150-LeaderElection174] INFO  impl.RaftServerImpl (RaftServerImpl.java:setRole(184)) - 327657b1-60f8-49f2-b2a3-f63e1f934942@group-58A987F56150: changes role from CANDIDATE to FOLLOWER at term 199 for DISCOVERED_A_NEW_TERM
2019-10-18 14:58:22,857 [327657b1-60f8-49f2-b2a3-f63e1f934942@group-58A987F56150-LeaderElection174] INFO  impl.RoleInfo (RoleInfo.java:shutdownLeaderElection(134)) - 327657b1-60f8-49f2-b2a3-f63e1f934942: shutdown LeaderElection
2019-10-18 14:58:22,857 [327657b1-60f8-49f2-b2a3-f63e1f934942@group-58A987F56150-LeaderElection174] INFO  impl.RoleInfo (RoleInfo.java:updateAndGet(143)) - 327657b1-60f8-49f2-b2a3-f63e1f934942: start FollowerState
2019-10-18 14:58:23,031 [Thread-1425] INFO  impl.FollowerState (FollowerState.java:run(108)) - 327657b1-60f8-49f2-b2a3-f63e1f934942@group-58A987F56150-FollowerState: change to CANDIDATE, lastRpcTime:173ms, electionTimeout:173ms
2019-10-18 14:58:23,031 [Thread-1425] INFO  impl.RoleInfo (RoleInfo.java:shutdownFollowerState(121)) - 327657b1-60f8-49f2-b2a3-f63e1f934942: shutdown FollowerState
2019-10-18 14:58:23,031 [Thread-1425] INFO  impl.RaftServerImpl (RaftServerImpl.java:setRole(184)) - 327657b1-60f8-49f2-b2a3-f63e1f934942@group-58A987F56150: changes role from  FOLLOWER to CANDIDATE at term 199 for changeToCandidate
2019-10-18 14:58:23,031 [Thread-1425] INFO  impl.RoleInfo (RoleInfo.java:updateAndGet(143)) - 327657b1-60f8-49f2-b2a3-f63e1f934942: start LeaderElection
2019-10-18 14:58:23,044 [327657b1-60f8-49f2-b2a3-f63e1f934942@group-58A987F56150-LeaderElection175] INFO  impl.LeaderElection (LeaderElection.java:askForVotes(178)) - 327657b1-60f8-49f2-b2a3-f63e1f934942@group-58A987F56150-LeaderElection175: begin an election at term 200 for -1: [6605b8a5-570b-4977-9ee7-6aaf3012bed5:192.168.164.233:35223, 327657b1-60f8-49f2-b2a3-f63e1f934942:192.168.164.233:41966, ddd4789c-894d-475a-bbfb-f6e7aa670c92:192.168.164.233:41061], old=null
2019-10-18 14:58:23,047 [grpc-default-executor-3] INFO  impl.RaftServerImpl (RaftServerImpl.java:setRole(184)) - 6605b8a5-570b-4977-9ee7-6aaf3012bed5@group-58A987F56150: changes role from  FOLLOWER to FOLLOWER at term 200 for recognizeCandidate:327657b1-60f8-49f2-b2a3-f63e1f934942
2019-10-18 14:58:23,047 [grpc-default-executor-3] INFO  impl.RoleInfo (RoleInfo.java:shutdownFollowerState(121)) - 6605b8a5-570b-4977-9ee7-6aaf3012bed5: shutdown FollowerState
2019-10-18 14:58:23,047 [grpc-default-executor-2] INFO  impl.RaftServerImpl (RaftServerImpl.java:setRole(184)) - ddd4789c-894d-475a-bbfb-f6e7aa670c92@group-58A987F56150: changes role from  FOLLOWER to FOLLOWER at term 200 for recognizeCandidate:327657b1-60f8-49f2-b2a3-f63e1f934942
2019-10-18 14:58:23,048 [grpc-default-executor-2] INFO  impl.RoleInfo (RoleInfo.java:shutdownFollowerState(121)) - ddd4789c-894d-475a-bbfb-f6e7aa670c92: shutdown FollowerState
2019-10-18 14:58:23,048 [grpc-default-executor-3] INFO  impl.RoleInfo (RoleInfo.java:updateAndGet(143)) - 6605b8a5-570b-4977-9ee7-6aaf3012bed5: start FollowerState
2019-10-18 14:58:23,048 [Thread-1423] INFO  impl.FollowerState (FollowerState.java:run(117)) - ddd4789c-894d-475a-bbfb-f6e7aa670c92@group-58A987F56150-FollowerState was interrupted: java.lang.InterruptedException: sleep interrupted
2019-10-18 14:58:23,048 [grpc-default-executor-2] INFO  impl.RoleInfo (RoleInfo.java:updateAndGet(143)) - ddd4789c-894d-475a-bbfb-f6e7aa670c92: start FollowerState
2019-10-18 14:58:23,048 [Thread-1424] INFO  impl.FollowerState (FollowerState.java:run(117)) - 6605b8a5-570b-4977-9ee7-6aaf3012bed5@group-58A987F56150-FollowerState was interrupted: java.lang.InterruptedException: sleep interrupted
2019-10-18 14:58:23,074 [327657b1-60f8-49f2-b2a3-f63e1f934942@group-58A987F56150-LeaderElection175] INFO  impl.LeaderElection (LeaderElection.java:logAndReturn(56)) - 327657b1-60f8-49f2-b2a3-f63e1f934942@group-58A987F56150-LeaderElection175: Election REJECTED; received 2 response(s) [327657b1-60f8-49f2-b2a3-f63e1f934942<-6605b8a5-570b-4977-9ee7-6aaf3012bed5#0:FAIL-t200, 327657b1-60f8-49f2-b2a3-f63e1f934942<-ddd4789c-894d-475a-bbfb-f6e7aa670c92#0:FAIL-t200] and 0 exception(s); 327657b1-60f8-49f2-b2a3-f63e1f934942@group-58A987F56150:t200, leader=null, voted=327657b1-60f8-49f2-b2a3-f63e1f934942, raftlog=327657b1-60f8-49f2-b2a3-f63e1f934942@group-58A987F56150-SegmentedRaftLog:OPENED:c-1,f-1,i0, conf=-1: [6605b8a5-570b-4977-9ee7-6aaf3012bed5:192.168.164.233:35223, 327657b1-60f8-49f2-b2a3-f63e1f934942:192.168.164.233:41966, ddd4789c-894d-475a-bbfb-f6e7aa670c92:192.168.164.233:41061], old=null
2019-10-18 14:58:23,074 [327657b1-60f8-49f2-b2a3-f63e1f934942@group-58A987F56150-LeaderElection175] INFO  impl.RaftServerImpl (RaftServerImpl.java:setRole(184)) - 327657b1-60f8-49f2-b2a3-f63e1f934942@group-58A987F56150: changes role from CANDIDATE to FOLLOWER at term 200 for DISCOVERED_A_NEW_TERM
2019-10-18 14:58:23,074 [327657b1-60f8-49f2-b2a3-f63e1f934942@group-58A987F56150-LeaderElection175] INFO  impl.RoleInfo (RoleInfo.java:shutdownLeaderElection(134)) - 327657b1-60f8-49f2-b2a3-f63e1f934942: shutdown LeaderElection
2019-10-18 14:58:23,074 [327657b1-60f8-49f2-b2a3-f63e1f934942@group-58A987F56150-LeaderElection175] INFO  impl.RoleInfo (RoleInfo.java:updateAndGet(143)) - 327657b1-60f8-49f2-b2a3-f63e1f934942: start FollowerState
2019-10-18 14:58:23,163 [Thread-1431] INFO  impl.FollowerState (FollowerState.java:run(108)) - 327657b1-60f8-49f2-b2a3-f63e1f934942@group-58A987F56150-FollowerState: change to CANDIDATE, lastRpcTime:88ms, electionTimeout:88ms
2019-10-18 14:58:23,163 [Thread-1431] INFO  impl.RoleInfo (RoleInfo.java:shutdownFollowerState(121)) - 327657b1-60f8-49f2-b2a3-f63e1f934942: shutdown FollowerState
2019-10-18 14:58:23,163 [Thread-1431] INFO  impl.RaftServerImpl (RaftServerImpl.java:setRole(184)) - 327657b1-60f8-49f2-b2a3-f63e1f934942@group-58A987F56150: changes role from  FOLLOWER to CANDIDATE at term 200 for changeToCandidate
2019-10-18 14:58:23,163 [Thread-1431] INFO  impl.RoleInfo (RoleInfo.java:updateAndGet(143)) - 327657b1-60f8-49f2-b2a3-f63e1f934942: start LeaderElection
2019-10-18 14:58:23,238 [327657b1-60f8-49f2-b2a3-f63e1f934942@group-58A987F56150-LeaderElection176] INFO  impl.LeaderElection (LeaderElection.java:askForVotes(178)) - 327657b1-60f8-49f2-b2a3-f63e1f934942@group-58A987F56150-LeaderElection176: begin an election at term 201 for -1: [6605b8a5-570b-4977-9ee7-6aaf3012bed5:192.168.164.233:35223, 327657b1-60f8-49f2-b2a3-f63e1f934942:192.168.164.233:41966, ddd4789c-894d-475a-bbfb-f6e7aa670c92:192.168.164.233:41061], old=null
2019-10-18 14:58:23,241 [grpc-default-executor-3] INFO  impl.RaftServerImpl (RaftServerImpl.java:setRole(184)) - 6605b8a5-570b-4977-9ee7-6aaf3012bed5@group-58A987F56150: changes role from  FOLLOWER to FOLLOWER at term 201 for recognizeCandidate:327657b1-60f8-49f2-b2a3-f63e1f934942
2019-10-18 14:58:23,241 [grpc-default-executor-3] INFO  impl.RoleInfo (RoleInfo.java:shutdownFollowerState(121)) - 6605b8a5-570b-4977-9ee7-6aaf3012bed5: shutdown FollowerState
2019-10-18 14:58:23,241 [grpc-default-executor-3] INFO  impl.RoleInfo (RoleInfo.java:updateAndGet(143)) - 6605b8a5-570b-4977-9ee7-6aaf3012bed5: start FollowerState
2019-10-18 14:58:23,241 [Thread-1429] INFO  impl.FollowerState (FollowerState.java:run(117)) - 6605b8a5-570b-4977-9ee7-6aaf3012bed5@group-58A987F56150-FollowerState was interrupted: java.lang.InterruptedException: sleep interrupted
2019-10-18 14:58:23,241 [grpc-default-executor-2] INFO  impl.RaftServerImpl (RaftServerImpl.java:setRole(184)) - ddd4789c-894d-475a-bbfb-f6e7aa670c92@group-58A987F56150: changes role from  FOLLOWER to FOLLOWER at term 201 for recognizeCandidate:327657b1-60f8-49f2-b2a3-f63e1f934942
2019-10-18 14:58:23,242 [grpc-default-executor-2] INFO  impl.RoleInfo (RoleInfo.java:shutdownFollowerState(121)) - ddd4789c-894d-475a-bbfb-f6e7aa670c92: shutdown FollowerState
2019-10-18 14:58:23,242 [grpc-default-executor-2] INFO  impl.RoleInfo (RoleInfo.java:updateAndGet(143)) - ddd4789c-894d-475a-bbfb-f6e7aa670c92: start FollowerState
2019-10-18 14:58:23,242 [Thread-1430] INFO  impl.FollowerState (FollowerState.java:run(117)) - ddd4789c-894d-475a-bbfb-f6e7aa670c92@group-58A987F56150-FollowerState was interrupted: java.lang.InterruptedException: sleep interrupted
2019-10-18 14:58:23,263 [327657b1-60f8-49f2-b2a3-f63e1f934942@group-58A987F56150-LeaderElection176] INFO  impl.LeaderElection (LeaderElection.java:logAndReturn(56)) - 327657b1-60f8-49f2-b2a3-f63e1f934942@group-58A987F56150-LeaderElection176: Election REJECTED; received 2 response(s) [327657b1-60f8-49f2-b2a3-f63e1f934942<-6605b8a5-570b-4977-9ee7-6aaf3012bed5#0:FAIL-t201, 327657b1-60f8-49f2-b2a3-f63e1f934942<-ddd4789c-894d-475a-bbfb-f6e7aa670c92#0:FAIL-t201] and 0 exception(s); 327657b1-60f8-49f2-b2a3-f63e1f934942@group-58A987F56150:t201, leader=null, voted=327657b1-60f8-49f2-b2a3-f63e1f934942, raftlog=327657b1-60f8-49f2-b2a3-f63e1f934942@group-58A987F56150-SegmentedRaftLog:OPENED:c-1,f-1,i0, conf=-1: [6605b8a5-570b-4977-9ee7-6aaf3012bed5:192.168.164.233:35223, 327657b1-60f8-49f2-b2a3-f63e1f934942:192.168.164.233:41966, ddd4789c-894d-475a-bbfb-f6e7aa670c92:192.168.164.233:41061], old=null
2019-10-18 14:58:23,264 [327657b1-60f8-49f2-b2a3-f63e1f934942@group-58A987F56150-LeaderElection176] INFO  impl.RaftServerImpl (RaftServerImpl.java:setRole(184)) - 327657b1-60f8-49f2-b2a3-f63e1f934942@group-58A987F56150: changes role from CANDIDATE to FOLLOWER at term 201 for DISCOVERED_A_NEW_TERM
2019-10-18 14:58:23,264 [327657b1-60f8-49f2-b2a3-f63e1f934942@group-58A987F56150-LeaderElection176] INFO  impl.RoleInfo (RoleInfo.java:shutdownLeaderElection(134)) - 327657b1-60f8-49f2-b2a3-f63e1f934942: shutdown LeaderElection
2019-10-18 14:58:23,264 [327657b1-60f8-49f2-b2a3-f63e1f934942@group-58A987F56150-LeaderElection176] INFO  impl.RoleInfo (RoleInfo.java:updateAndGet(143)) - 327657b1-60f8-49f2-b2a3-f63e1f934942: start FollowerState
2019-10-18 14:58:23,401 [Thread-1437] INFO  impl.FollowerState (FollowerState.java:run(108)) - 327657b1-60f8-49f2-b2a3-f63e1f934942@group-58A987F56150-FollowerState: change to CANDIDATE, lastRpcTime:137ms, electionTimeout:137ms
2019-10-18 14:58:23,402 [Thread-1437] INFO  impl.RoleInfo (RoleInfo.java:shutdownFollowerState(121)) - 327657b1-60f8-49f2-b2a3-f63e1f934942: shutdown FollowerState
2019-10-18 14:58:23,402 [Thread-1437] INFO  impl.RaftServerImpl (RaftServerImpl.java:setRole(184)) - 327657b1-60f8-49f2-b2a3-f63e1f934942@group-58A987F56150: changes role from  FOLLOWER to CANDIDATE at term 201 for changeToCandidate
2019-10-18 14:58:23,402 [Thread-1437] INFO  impl.RoleInfo (RoleInfo.java:updateAndGet(143)) - 327657b1-60f8-49f2-b2a3-f63e1f934942: start LeaderElection
2019-10-18 14:58:23,416 [327657b1-60f8-49f2-b2a3-f63e1f934942@group-58A987F56150-LeaderElection177] INFO  impl.LeaderElection (LeaderElection.java:askForVotes(178)) - 327657b1-60f8-49f2-b2a3-f63e1f934942@group-58A987F56150-LeaderElection177: begin an election at term 202 for -1: [6605b8a5-570b-4977-9ee7-6aaf3012bed5:192.168.164.233:35223, 327657b1-60f8-49f2-b2a3-f63e1f934942:192.168.164.233:41966, ddd4789c-894d-475a-bbfb-f6e7aa670c92:192.168.164.233:41061], old=null
2019-10-18 14:58:23,418 [grpc-default-executor-3] INFO  impl.RaftServerImpl (RaftServerImpl.java:setRole(184)) - 6605b8a5-570b-4977-9ee7-6aaf3012bed5@group-58A987F56150: changes role from  FOLLOWER to FOLLOWER at term 202 for recognizeCandidate:327657b1-60f8-49f2-b2a3-f63e1f934942
2019-10-18 14:58:23,419 [grpc-default-executor-3] INFO  impl.RoleInfo (RoleInfo.java:shutdownFollowerState(121)) - 6605b8a5-570b-4977-9ee7-6aaf3012bed5: shutdown FollowerState
2019-10-18 14:58:23,419 [grpc-default-executor-3] INFO  impl.RoleInfo (RoleInfo.java:updateAndGet(143)) - 6605b8a5-570b-4977-9ee7-6aaf3012bed5: start FollowerState
2019-10-18 14:58:23,419 [Thread-1435] INFO  impl.FollowerState (FollowerState.java:run(117)) - 6605b8a5-570b-4977-9ee7-6aaf3012bed5@group-58A987F56150-FollowerState was interrupted: java.lang.InterruptedException: sleep interrupted
2019-10-18 14:58:23,419 [grpc-default-executor-2] INFO  impl.RaftServerImpl (RaftServerImpl.java:setRole(184)) - ddd4789c-894d-475a-bbfb-f6e7aa670c92@group-58A987F56150: changes role from  FOLLOWER to FOLLOWER at term 202 for recognizeCandidate:327657b1-60f8-49f2-b2a3-f63e1f934942
2019-10-18 14:58:23,419 [grpc-default-executor-2] INFO  impl.RoleInfo (RoleInfo.java:shutdownFollowerState(121)) - ddd4789c-894d-475a-bbfb-f6e7aa670c92: shutdown FollowerState
2019-10-18 14:58:23,420 [grpc-default-executor-2] INFO  impl.RoleInfo (RoleInfo.java:updateAndGet(143)) - ddd4789c-894d-475a-bbfb-f6e7aa670c92: start FollowerState
2019-10-18 14:58:23,420 [Thread-1436] INFO  impl.FollowerState (FollowerState.java:run(117)) - ddd4789c-894d-475a-bbfb-f6e7aa670c92@group-58A987F56150-FollowerState was interrupted: java.lang.InterruptedException: sleep interrupted
2019-10-18 14:58:23,432 [327657b1-60f8-49f2-b2a3-f63e1f934942@group-58A987F56150-LeaderElection177] INFO  impl.LeaderElection (LeaderElection.java:logAndReturn(56)) - 327657b1-60f8-49f2-b2a3-f63e1f934942@group-58A987F56150-LeaderElection177: Election REJECTED; received 2 response(s) [327657b1-60f8-49f2-b2a3-f63e1f934942<-6605b8a5-570b-4977-9ee7-6aaf3012bed5#0:FAIL-t202, 327657b1-60f8-49f2-b2a3-f63e1f934942<-ddd4789c-894d-475a-bbfb-f6e7aa670c92#0:FAIL-t202] and 0 exception(s); 327657b1-60f8-49f2-b2a3-f63e1f934942@group-58A987F56150:t202, leader=null, voted=327657b1-60f8-49f2-b2a3-f63e1f934942, raftlog=327657b1-60f8-49f2-b2a3-f63e1f934942@group-58A987F56150-SegmentedRaftLog:OPENED:c-1,f-1,i0, conf=-1: [6605b8a5-570b-4977-9ee7-6aaf3012bed5:192.168.164.233:35223, 327657b1-60f8-49f2-b2a3-f63e1f934942:192.168.164.233:41966, ddd4789c-894d-475a-bbfb-f6e7aa670c92:192.168.164.233:41061], old=null
2019-10-18 14:58:23,433 [327657b1-60f8-49f2-b2a3-f63e1f934942@group-58A987F56150-LeaderElection177] INFO  impl.RaftServerImpl (RaftServerImpl.java:setRole(184)) - 327657b1-60f8-49f2-b2a3-f63e1f934942@group-58A987F56150: changes role from CANDIDATE to FOLLOWER at term 202 for DISCOVERED_A_NEW_TERM
2019-10-18 14:58:23,433 [327657b1-60f8-49f2-b2a3-f63e1f934942@group-58A987F56150-LeaderElection177] INFO  impl.RoleInfo (RoleInfo.java:shutdownLeaderElection(134)) - 327657b1-60f8-49f2-b2a3-f63e1f934942: shutdown LeaderElection
2019-10-18 14:58:23,433 [327657b1-60f8-49f2-b2a3-f63e1f934942@group-58A987F56150-LeaderElection177] INFO  impl.RoleInfo (RoleInfo.java:updateAndGet(143)) - 327657b1-60f8-49f2-b2a3-f63e1f934942: start FollowerState
2019-10-18 14:58:23,557 [Thread-1443] INFO  impl.FollowerState (FollowerState.java:run(108)) - 327657b1-60f8-49f2-b2a3-f63e1f934942@group-58A987F56150-FollowerState: change to CANDIDATE, lastRpcTime:123ms, electionTimeout:123ms
2019-10-18 14:58:23,557 [Thread-1443] INFO  impl.RoleInfo (RoleInfo.java:shutdownFollowerState(121)) - 327657b1-60f8-49f2-b2a3-f63e1f934942: shutdown FollowerState
2019-10-18 14:58:23,557 [Thread-1443] INFO  impl.RaftServerImpl (RaftServerImpl.java:setRole(184)) - 327657b1-60f8-49f2-b2a3-f63e1f934942@group-58A987F56150: changes role from  FOLLOWER to CANDIDATE at term 202 for changeToCandidate
2019-10-18 14:58:23,557 [Thread-1443] INFO  impl.RoleInfo (RoleInfo.java:updateAndGet(143)) - 327657b1-60f8-49f2-b2a3-f63e1f934942: start LeaderElection
2019-10-18 14:58:23,582 [327657b1-60f8-49f2-b2a3-f63e1f934942@group-58A987F56150-LeaderElection178] INFO  impl.LeaderElection (LeaderElection.java:askForVotes(178)) - 327657b1-60f8-49f2-b2a3-f63e1f934942@group-58A987F56150-LeaderElection178: begin an election at term 203 for -1: [6605b8a5-570b-4977-9ee7-6aaf3012bed5:192.168.164.233:35223, 327657b1-60f8-49f2-b2a3-f63e1f934942:192.168.164.233:41966, ddd4789c-894d-475a-bbfb-f6e7aa670c92:192.168.164.233:41061], old=null
2019-10-18 14:58:23,585 [grpc-default-executor-3] INFO  impl.RaftServerImpl (RaftServerImpl.java:setRole(184)) - 6605b8a5-570b-4977-9ee7-6aaf3012bed5@group-58A987F56150: changes role from  FOLLOWER to FOLLOWER at term 203 for recognizeCandidate:327657b1-60f8-49f2-b2a3-f63e1f934942
2019-10-18 14:58:23,585 [grpc-default-executor-3] INFO  impl.RoleInfo (RoleInfo.java:shutdownFollowerState(121)) - 6605b8a5-570b-4977-9ee7-6aaf3012bed5: shutdown FollowerState
2019-10-18 14:58:23,585 [grpc-default-executor-2] INFO  impl.RaftServerImpl (RaftServerImpl.java:setRole(184)) - ddd4789c-894d-475a-bbfb-f6e7aa670c92@group-58A987F56150: changes role from  FOLLOWER to FOLLOWER at term 203 for recognizeCandidate:327657b1-60f8-49f2-b2a3-f63e1f934942
2019-10-18 14:58:23,586 [grpc-default-executor-2] INFO  impl.RoleInfo (RoleInfo.java:shutdownFollowerState(121)) - ddd4789c-894d-475a-bbfb-f6e7aa670c92: shutdown FollowerState
2019-10-18 14:58:23,586 [Thread-1441] INFO  impl.FollowerState (FollowerState.java:run(117)) - 6605b8a5-570b-4977-9ee7-6aaf3012bed5@group-58A987F56150-FollowerState was interrupted: java.lang.InterruptedException: sleep interrupted
2019-10-18 14:58:23,585 [grpc-default-executor-3] INFO  impl.RoleInfo (RoleInfo.java:updateAndGet(143)) - 6605b8a5-570b-4977-9ee7-6aaf3012bed5: start FollowerState
2019-10-18 14:58:23,586 [Thread-1442] INFO  impl.FollowerState (FollowerState.java:run(117)) - ddd4789c-894d-475a-bbfb-f6e7aa670c92@group-58A987F56150-FollowerState was interrupted: java.lang.InterruptedException: sleep interrupted
2019-10-18 14:58:23,586 [grpc-default-executor-2] INFO  impl.RoleInfo (RoleInfo.java:updateAndGet(143)) - ddd4789c-894d-475a-bbfb-f6e7aa670c92: start FollowerState
2019-10-18 14:58:23,612 [327657b1-60f8-49f2-b2a3-f63e1f934942@group-58A987F56150-LeaderElection178] INFO  impl.LeaderElection (LeaderElection.java:logAndReturn(56)) - 327657b1-60f8-49f2-b2a3-f63e1f934942@group-58A987F56150-LeaderElection178: Election REJECTED; received 2 response(s) [327657b1-60f8-49f2-b2a3-f63e1f934942<-6605b8a5-570b-4977-9ee7-6aaf3012bed5#0:FAIL-t203, 327657b1-60f8-49f2-b2a3-f63e1f934942<-ddd4789c-894d-475a-bbfb-f6e7aa670c92#0:FAIL-t203] and 0 exception(s); 327657b1-60f8-49f2-b2a3-f63e1f934942@group-58A987F56150:t203, leader=null, voted=327657b1-60f8-49f2-b2a3-f63e1f934942, raftlog=327657b1-60f8-49f2-b2a3-f63e1f934942@group-58A987F56150-SegmentedRaftLog:OPENED:c-1,f-1,i0, conf=-1: [6605b8a5-570b-4977-9ee7-6aaf3012bed5:192.168.164.233:35223, 327657b1-60f8-49f2-b2a3-f63e1f934942:192.168.164.233:41966, ddd4789c-894d-475a-bbfb-f6e7aa670c92:192.168.164.233:41061], old=null
2019-10-18 14:58:23,612 [327657b1-60f8-49f2-b2a3-f63e1f934942@group-58A987F56150-LeaderElection178] INFO  impl.RaftServerImpl (RaftServerImpl.java:setRole(184)) - 327657b1-60f8-49f2-b2a3-f63e1f934942@group-58A987F56150: changes role from CANDIDATE to FOLLOWER at term 203 for DISCOVERED_A_NEW_TERM
2019-10-18 14:58:23,612 [327657b1-60f8-49f2-b2a3-f63e1f934942@group-58A987F56150-LeaderElection178] INFO  impl.RoleInfo (RoleInfo.java:shutdownLeaderElection(134)) - 327657b1-60f8-49f2-b2a3-f63e1f934942: shutdown LeaderElection
2019-10-18 14:58:23,612 [327657b1-60f8-49f2-b2a3-f63e1f934942@group-58A987F56150-LeaderElection178] INFO  impl.RoleInfo (RoleInfo.java:updateAndGet(143)) - 327657b1-60f8-49f2-b2a3-f63e1f934942: start FollowerState
2019-10-18 14:58:23,765 [Thread-1449] INFO  impl.FollowerState (FollowerState.java:run(108)) - 327657b1-60f8-49f2-b2a3-f63e1f934942@group-58A987F56150-FollowerState: change to CANDIDATE, lastRpcTime:152ms, electionTimeout:152ms
2019-10-18 14:58:23,765 [Thread-1449] INFO  impl.RoleInfo (RoleInfo.java:shutdownFollowerState(121)) - 327657b1-60f8-49f2-b2a3-f63e1f934942: shutdown FollowerState
2019-10-18 14:58:23,765 [Thread-1449] INFO  impl.RaftServerImpl (RaftServerImpl.java:setRole(184)) - 327657b1-60f8-49f2-b2a3-f63e1f934942@group-58A987F56150: changes role from  FOLLOWER to CANDIDATE at term 203 for changeToCandidate
2019-10-18 14:58:23,765 [Thread-1449] INFO  impl.RoleInfo (RoleInfo.java:updateAndGet(143)) - 327657b1-60f8-49f2-b2a3-f63e1f934942: start LeaderElection
2019-10-18 14:58:23,780 [327657b1-60f8-49f2-b2a3-f63e1f934942@group-58A987F56150-LeaderElection179] INFO  impl.LeaderElection (LeaderElection.java:askForVotes(178)) - 327657b1-60f8-49f2-b2a3-f63e1f934942@group-58A987F56150-LeaderElection179: begin an election at term 204 for -1: [6605b8a5-570b-4977-9ee7-6aaf3012bed5:192.168.164.233:35223, 327657b1-60f8-49f2-b2a3-f63e1f934942:192.168.164.233:41966, ddd4789c-894d-475a-bbfb-f6e7aa670c92:192.168.164.233:41061], old=null
2019-10-18 14:58:23,783 [grpc-default-executor-2] INFO  impl.RaftServerImpl (RaftServerImpl.java:setRole(184)) - 6605b8a5-570b-4977-9ee7-6aaf3012bed5@group-58A987F56150: changes role from  FOLLOWER to FOLLOWER at term 204 for recognizeCandidate:327657b1-60f8-49f2-b2a3-f63e1f934942
2019-10-18 14:58:23,783 [grpc-default-executor-2] INFO  impl.RoleInfo (RoleInfo.java:shutdownFollowerState(121)) - 6605b8a5-570b-4977-9ee7-6aaf3012bed5: shutdown FollowerState
2019-10-18 14:58:23,783 [grpc-default-executor-3] INFO  impl.RaftServerImpl (RaftServerImpl.java:setRole(184)) - ddd4789c-894d-475a-bbfb-f6e7aa670c92@group-58A987F56150: changes role from  FOLLOWER to FOLLOWER at term 204 for recognizeCandidate:327657b1-60f8-49f2-b2a3-f63e1f934942
2019-10-18 14:58:23,783 [Thread-1447] INFO  impl.FollowerState (FollowerState.java:run(117)) - 6605b8a5-570b-4977-9ee7-6aaf3012bed5@group-58A987F56150-FollowerState was interrupted: java.lang.InterruptedException: sleep interrupted
2019-10-18 14:58:23,783 [grpc-default-executor-2] INFO  impl.RoleInfo (RoleInfo.java:updateAndGet(143)) - 6605b8a5-570b-4977-9ee7-6aaf3012bed5: start FollowerState
2019-10-18 14:58:23,783 [grpc-default-executor-3] INFO  impl.RoleInfo (RoleInfo.java:shutdownFollowerState(121)) - ddd4789c-894d-475a-bbfb-f6e7aa670c92: shutdown FollowerState
2019-10-18 14:58:23,784 [grpc-default-executor-3] INFO  impl.RoleInfo (RoleInfo.java:updateAndGet(143)) - ddd4789c-894d-475a-bbfb-f6e7aa670c92: start FollowerState
2019-10-18 14:58:23,784 [Thread-1448] INFO  impl.FollowerState (FollowerState.java:run(117)) - ddd4789c-894d-475a-bbfb-f6e7aa670c92@group-58A987F56150-FollowerState was interrupted: java.lang.InterruptedException: sleep interrupted
2019-10-18 14:58:23,810 [327657b1-60f8-49f2-b2a3-f63e1f934942@group-58A987F56150-LeaderElection179] INFO  impl.LeaderElection (LeaderElection.java:logAndReturn(56)) - 327657b1-60f8-49f2-b2a3-f63e1f934942@group-58A987F56150-LeaderElection179: Election REJECTED; received 2 response(s) [327657b1-60f8-49f2-b2a3-f63e1f934942<-6605b8a5-570b-4977-9ee7-6aaf3012bed5#0:FAIL-t204, 327657b1-60f8-49f2-b2a3-f63e1f934942<-ddd4789c-894d-475a-bbfb-f6e7aa670c92#0:FAIL-t204] and 0 exception(s); 327657b1-60f8-49f2-b2a3-f63e1f934942@group-58A987F56150:t204, leader=null, voted=327657b1-60f8-49f2-b2a3-f63e1f934942, raftlog=327657b1-60f8-49f2-b2a3-f63e1f934942@group-58A987F56150-SegmentedRaftLog:OPENED:c-1,f-1,i0, conf=-1: [6605b8a5-570b-4977-9ee7-6aaf3012bed5:192.168.164.233:35223, 327657b1-60f8-49f2-b2a3-f63e1f934942:192.168.164.233:41966, ddd4789c-894d-475a-bbfb-f6e7aa670c92:192.168.164.233:41061], old=null
2019-10-18 14:58:23,811 [327657b1-60f8-49f2-b2a3-f63e1f934942@group-58A987F56150-LeaderElection179] INFO  impl.RaftServerImpl (RaftServerImpl.java:setRole(184)) - 327657b1-60f8-49f2-b2a3-f63e1f934942@group-58A987F56150: changes role from CANDIDATE to FOLLOWER at term 204 for DISCOVERED_A_NEW_TERM
2019-10-18 14:58:23,813 [327657b1-60f8-49f2-b2a3-f63e1f934942@group-58A987F56150-LeaderElection179] INFO  impl.RoleInfo (RoleInfo.java:shutdownLeaderElection(134)) - 327657b1-60f8-49f2-b2a3-f63e1f934942: shutdown LeaderElection
2019-10-18 14:58:23,813 [327657b1-60f8-49f2-b2a3-f63e1f934942@group-58A987F56150-LeaderElection179] INFO  impl.RoleInfo (RoleInfo.java:updateAndGet(143)) - 327657b1-60f8-49f2-b2a3-f63e1f934942: start FollowerState
2019-10-18 14:58:23,910 [Thread-1458] INFO  impl.FollowerState (FollowerState.java:run(108)) - 327657b1-60f8-49f2-b2a3-f63e1f934942@group-58A987F56150-FollowerState: change to CANDIDATE, lastRpcTime:96ms, electionTimeout:96ms
2019-10-18 14:58:23,910 [Thread-1458] INFO  impl.RoleInfo (RoleInfo.java:shutdownFollowerState(121)) - 327657b1-60f8-49f2-b2a3-f63e1f934942: shutdown FollowerState
2019-10-18 14:58:23,910 [Thread-1458] INFO  impl.RaftServerImpl (RaftServerImpl.java:setRole(184)) - 327657b1-60f8-49f2-b2a3-f63e1f934942@group-58A987F56150: changes role from  FOLLOWER to CANDIDATE at term 204 for changeToCandidate
2019-10-18 14:58:23,911 [Thread-1458] INFO  impl.RoleInfo (RoleInfo.java:updateAndGet(143)) - 327657b1-60f8-49f2-b2a3-f63e1f934942: start LeaderElection
2019-10-18 14:58:23,924 [327657b1-60f8-49f2-b2a3-f63e1f934942@group-58A987F56150-LeaderElection180] INFO  impl.LeaderElection (LeaderElection.java:askForVotes(178)) - 327657b1-60f8-49f2-b2a3-f63e1f934942@group-58A987F56150-LeaderElection180: begin an election at term 205 for -1: [6605b8a5-570b-4977-9ee7-6aaf3012bed5:192.168.164.233:35223, 327657b1-60f8-49f2-b2a3-f63e1f934942:192.168.164.233:41966, ddd4789c-894d-475a-bbfb-f6e7aa670c92:192.168.164.233:41061], old=null
2019-10-18 14:58:23,927 [grpc-default-executor-3] INFO  impl.RaftServerImpl (RaftServerImpl.java:setRole(184)) - 6605b8a5-570b-4977-9ee7-6aaf3012bed5@group-58A987F56150: changes role from  FOLLOWER to FOLLOWER at term 205 for recognizeCandidate:327657b1-60f8-49f2-b2a3-f63e1f934942
2019-10-18 14:58:23,927 [grpc-default-executor-2] INFO  impl.RaftServerImpl (RaftServerImpl.java:setRole(184)) - ddd4789c-894d-475a-bbfb-f6e7aa670c92@group-58A987F56150: changes role from  FOLLOWER to FOLLOWER at term 205 for recognizeCandidate:327657b1-60f8-49f2-b2a3-f63e1f934942
2019-10-18 14:58:23,928 [grpc-default-executor-2] INFO  impl.RoleInfo (RoleInfo.java:shutdownFollowerState(121)) - ddd4789c-894d-475a-bbfb-f6e7aa670c92: shutdown FollowerState
2019-10-18 14:58:23,927 [grpc-default-executor-3] INFO  impl.RoleInfo (RoleInfo.java:shutdownFollowerState(121)) - 6605b8a5-570b-4977-9ee7-6aaf3012bed5: shutdown FollowerState
2019-10-18 14:58:23,928 [Thread-1455] INFO  impl.FollowerState (FollowerState.java:run(117)) - ddd4789c-894d-475a-bbfb-f6e7aa670c92@group-58A987F56150-FollowerState was interrupted: java.lang.InterruptedException: sleep interrupted
2019-10-18 14:58:23,928 [grpc-default-executor-2] INFO  impl.RoleInfo (RoleInfo.java:updateAndGet(143)) - ddd4789c-894d-475a-bbfb-f6e7aa670c92: start FollowerState
2019-10-18 14:58:23,928 [Thread-1454] INFO  impl.FollowerState (FollowerState.java:run(117)) - 6605b8a5-570b-4977-9ee7-6aaf3012bed5@group-58A987F56150-FollowerState was interrupted: java.lang.InterruptedException: sleep interrupted
2019-10-18 14:58:23,928 [grpc-default-executor-3] INFO  impl.RoleInfo (RoleInfo.java:updateAndGet(143)) - 6605b8a5-570b-4977-9ee7-6aaf3012bed5: start FollowerState
2019-10-18 14:58:23,942 [327657b1-60f8-49f2-b2a3-f63e1f934942@group-58A987F56150-LeaderElection180] INFO  impl.LeaderElection (LeaderElection.java:logAndReturn(56)) - 327657b1-60f8-49f2-b2a3-f63e1f934942@group-58A987F56150-LeaderElection180: Election REJECTED; received 2 response(s) [327657b1-60f8-49f2-b2a3-f63e1f934942<-6605b8a5-570b-4977-9ee7-6aaf3012bed5#0:FAIL-t205, 327657b1-60f8-49f2-b2a3-f63e1f934942<-ddd4789c-894d-475a-bbfb-f6e7aa670c92#0:FAIL-t205] and 0 exception(s); 327657b1-60f8-49f2-b2a3-f63e1f934942@group-58A987F56150:t205, leader=null, voted=327657b1-60f8-49f2-b2a3-f63e1f934942, raftlog=327657b1-60f8-49f2-b2a3-f63e1f934942@group-58A987F56150-SegmentedRaftLog:OPENED:c-1,f-1,i0, conf=-1: [6605b8a5-570b-4977-9ee7-6aaf3012bed5:192.168.164.233:35223, 327657b1-60f8-49f2-b2a3-f63e1f934942:192.168.164.233:41966, ddd4789c-894d-475a-bbfb-f6e7aa670c92:192.168.164.233:41061], old=null
2019-10-18 14:58:23,943 [327657b1-60f8-49f2-b2a3-f63e1f934942@group-58A987F56150-LeaderElection180] INFO  impl.RaftServerImpl (RaftServerImpl.java:setRole(184)) - 327657b1-60f8-49f2-b2a3-f63e1f934942@group-58A987F56150: changes role from CANDIDATE to FOLLOWER at term 205 for DISCOVERED_A_NEW_TERM
2019-10-18 14:58:23,943 [327657b1-60f8-49f2-b2a3-f63e1f934942@group-58A987F56150-LeaderElection180] INFO  impl.RoleInfo (RoleInfo.java:shutdownLeaderElection(134)) - 327657b1-60f8-49f2-b2a3-f63e1f934942: shutdown LeaderElection
2019-10-18 14:58:23,943 [327657b1-60f8-49f2-b2a3-f63e1f934942@group-58A987F56150-LeaderElection180] INFO  impl.RoleInfo (RoleInfo.java:updateAndGet(143)) - 327657b1-60f8-49f2-b2a3-f63e1f934942: start FollowerState
2019-10-18 14:58:24,025 [Thread-1464] INFO  impl.FollowerState (FollowerState.java:run(108)) - 327657b1-60f8-49f2-b2a3-f63e1f934942@group-58A987F56150-FollowerState: change to CANDIDATE, lastRpcTime:82ms, electionTimeout:82ms
2019-10-18 14:58:24,025 [Thread-1464] INFO  impl.RoleInfo (RoleInfo.java:shutdownFollowerState(121)) - 327657b1-60f8-49f2-b2a3-f63e1f934942: shutdown FollowerState
2019-10-18 14:58:24,026 [Thread-1464] INFO  impl.RaftServerImpl (RaftServerImpl.java:setRole(184)) - 327657b1-60f8-49f2-b2a3-f63e1f934942@group-58A987F56150: changes role from  FOLLOWER to CANDIDATE at term 205 for changeToCandidate
2019-10-18 14:58:24,026 [Thread-1464] INFO  impl.RoleInfo (RoleInfo.java:updateAndGet(143)) - 327657b1-60f8-49f2-b2a3-f63e1f934942: start LeaderElection
2019-10-18 14:58:24,041 [327657b1-60f8-49f2-b2a3-f63e1f934942@group-58A987F56150-LeaderElection181] INFO  impl.LeaderElection (LeaderElection.java:askForVotes(178)) - 327657b1-60f8-49f2-b2a3-f63e1f934942@group-58A987F56150-LeaderElection181: begin an election at term 206 for -1: [6605b8a5-570b-4977-9ee7-6aaf3012bed5:192.168.164.233:35223, 327657b1-60f8-49f2-b2a3-f63e1f934942:192.168.164.233:41966, ddd4789c-894d-475a-bbfb-f6e7aa670c92:192.168.164.233:41061], old=null
2019-10-18 14:58:24,044 [grpc-default-executor-2] INFO  impl.RaftServerImpl (RaftServerImpl.java:setRole(184)) - 6605b8a5-570b-4977-9ee7-6aaf3012bed5@group-58A987F56150: changes role from  FOLLOWER to FOLLOWER at term 206 for recognizeCandidate:327657b1-60f8-49f2-b2a3-f63e1f934942
2019-10-18 14:58:24,044 [grpc-default-executor-2] INFO  impl.RoleInfo (RoleInfo.java:shutdownFollowerState(121)) - 6605b8a5-570b-4977-9ee7-6aaf3012bed5: shutdown FollowerState
2019-10-18 14:58:24,044 [grpc-default-executor-3] INFO  impl.RaftServerImpl (RaftServerImpl.java:setRole(184)) - ddd4789c-894d-475a-bbfb-f6e7aa670c92@group-58A987F56150: changes role from  FOLLOWER to FOLLOWER at term 206 for recognizeCandidate:327657b1-60f8-49f2-b2a3-f63e1f934942
2019-10-18 14:58:24,044 [Thread-1463] INFO  impl.FollowerState (FollowerState.java:run(117)) - 6605b8a5-570b-4977-9ee7-6aaf3012bed5@group-58A987F56150-FollowerState was interrupted: java.lang.InterruptedException: sleep interrupted
2019-10-18 14:58:24,044 [grpc-default-executor-2] INFO  impl.RoleInfo (RoleInfo.java:updateAndGet(143)) - 6605b8a5-570b-4977-9ee7-6aaf3012bed5: start FollowerState
2019-10-18 14:58:24,044 [grpc-default-executor-3] INFO  impl.RoleInfo (RoleInfo.java:shutdownFollowerState(121)) - ddd4789c-894d-475a-bbfb-f6e7aa670c92: shutdown FollowerState
2019-10-18 14:58:24,044 [grpc-default-executor-3] INFO  impl.RoleInfo (RoleInfo.java:updateAndGet(143)) - ddd4789c-894d-475a-bbfb-f6e7aa670c92: start FollowerState
2019-10-18 14:58:24,044 [Thread-1462] INFO  impl.FollowerState (FollowerState.java:run(117)) - ddd4789c-894d-475a-bbfb-f6e7aa670c92@group-58A987F56150-FollowerState was interrupted: java.lang.InterruptedException: sleep interrupted
2019-10-18 14:58:24,053 [327657b1-60f8-49f2-b2a3-f63e1f934942@group-58A987F56150-LeaderElection181] INFO  impl.LeaderElection (LeaderElection.java:logAndReturn(56)) - 327657b1-60f8-49f2-b2a3-f63e1f934942@group-58A987F56150-LeaderElection181: Election TIMEOUT; received 0 response(s) [] and 0 exception(s); 327657b1-60f8-49f2-b2a3-f63e1f934942@group-58A987F56150:t206, leader=null, voted=327657b1-60f8-49f2-b2a3-f63e1f934942, raftlog=327657b1-60f8-49f2-b2a3-f63e1f934942@group-58A987F56150-SegmentedRaftLog:OPENED:c-1,f-1,i0, conf=-1: [6605b8a5-570b-4977-9ee7-6aaf3012bed5:192.168.164.233:35223, 327657b1-60f8-49f2-b2a3-f63e1f934942:192.168.164.233:41966, ddd4789c-894d-475a-bbfb-f6e7aa670c92:192.168.164.233:41061], old=null
2019-10-18 14:58:24,057 [327657b1-60f8-49f2-b2a3-f63e1f934942@group-58A987F56150-LeaderElection181] INFO  impl.LeaderElection (LeaderElection.java:askForVotes(178)) - 327657b1-60f8-49f2-b2a3-f63e1f934942@group-58A987F56150-LeaderElection181: begin an election at term 207 for -1: [6605b8a5-570b-4977-9ee7-6aaf3012bed5:192.168.164.233:35223, 327657b1-60f8-49f2-b2a3-f63e1f934942:192.168.164.233:41966, ddd4789c-894d-475a-bbfb-f6e7aa670c92:192.168.164.233:41061], old=null
2019-10-18 14:58:24,059 [grpc-default-executor-3] INFO  impl.RaftServerImpl (RaftServerImpl.java:setRole(184)) - 6605b8a5-570b-4977-9ee7-6aaf3012bed5@group-58A987F56150: changes role from  FOLLOWER to FOLLOWER at term 207 for recognizeCandidate:327657b1-60f8-49f2-b2a3-f63e1f934942
2019-10-18 14:58:24,059 [grpc-default-executor-3] INFO  impl.RoleInfo (RoleInfo.java:shutdownFollowerState(121)) - 6605b8a5-570b-4977-9ee7-6aaf3012bed5: shutdown FollowerState
2019-10-18 14:58:24,059 [grpc-default-executor-2] INFO  impl.RaftServerImpl (RaftServerImpl.java:setRole(184)) - ddd4789c-894d-475a-bbfb-f6e7aa670c92@group-58A987F56150: changes role from  FOLLOWER to FOLLOWER at term 207 for recognizeCandidate:327657b1-60f8-49f2-b2a3-f63e1f934942
2019-10-18 14:58:24,059 [grpc-default-executor-2] INFO  impl.RoleInfo (RoleInfo.java:shutdownFollowerState(121)) - ddd4789c-894d-475a-bbfb-f6e7aa670c92: shutdown FollowerState
2019-10-18 14:58:24,059 [grpc-default-executor-3] INFO  impl.RoleInfo (RoleInfo.java:updateAndGet(143)) - 6605b8a5-570b-4977-9ee7-6aaf3012bed5: start FollowerState
2019-10-18 14:58:24,060 [grpc-default-executor-2] INFO  impl.RoleInfo (RoleInfo.java:updateAndGet(143)) - ddd4789c-894d-475a-bbfb-f6e7aa670c92: start FollowerState
2019-10-18 14:58:24,059 [Thread-1468] INFO  impl.FollowerState (FollowerState.java:run(117)) - 6605b8a5-570b-4977-9ee7-6aaf3012bed5@group-58A987F56150-FollowerState was interrupted: java.lang.InterruptedException: sleep interrupted
2019-10-18 14:58:24,060 [Thread-1469] INFO  impl.FollowerState (FollowerState.java:run(117)) - ddd4789c-894d-475a-bbfb-f6e7aa670c92@group-58A987F56150-FollowerState was interrupted: java.lang.InterruptedException: sleep interrupted
2019-10-18 14:58:24,073 [327657b1-60f8-49f2-b2a3-f63e1f934942@group-58A987F56150-LeaderElection181] INFO  impl.LeaderElection (LeaderElection.java:logAndReturn(56)) - 327657b1-60f8-49f2-b2a3-f63e1f934942@group-58A987F56150-LeaderElection181: Election REJECTED; received 2 response(s) [327657b1-60f8-49f2-b2a3-f63e1f934942<-6605b8a5-570b-4977-9ee7-6aaf3012bed5#0:FAIL-t207, 327657b1-60f8-49f2-b2a3-f63e1f934942<-ddd4789c-894d-475a-bbfb-f6e7aa670c92#0:FAIL-t207] and 0 exception(s); 327657b1-60f8-49f2-b2a3-f63e1f934942@group-58A987F56150:t207, leader=null, voted=327657b1-60f8-49f2-b2a3-f63e1f934942, raftlog=327657b1-60f8-49f2-b2a3-f63e1f934942@group-58A987F56150-SegmentedRaftLog:OPENED:c-1,f-1,i0, conf=-1: [6605b8a5-570b-4977-9ee7-6aaf3012bed5:192.168.164.233:35223, 327657b1-60f8-49f2-b2a3-f63e1f934942:192.168.164.233:41966, ddd4789c-894d-475a-bbfb-f6e7aa670c92:192.168.164.233:41061], old=null
2019-10-18 14:58:24,074 [327657b1-60f8-49f2-b2a3-f63e1f934942@group-58A987F56150-LeaderElection181] INFO  impl.RaftServerImpl (RaftServerImpl.java:setRole(184)) - 327657b1-60f8-49f2-b2a3-f63e1f934942@group-58A987F56150: changes role from CANDIDATE to FOLLOWER at term 207 for DISCOVERED_A_NEW_TERM
2019-10-18 14:58:24,074 [327657b1-60f8-49f2-b2a3-f63e1f934942@group-58A987F56150-LeaderElection181] INFO  impl.RoleInfo (RoleInfo.java:shutdownLeaderElection(134)) - 327657b1-60f8-49f2-b2a3-f63e1f934942: shutdown LeaderElection
2019-10-18 14:58:24,074 [327657b1-60f8-49f2-b2a3-f63e1f934942@group-58A987F56150-LeaderElection181] INFO  impl.RoleInfo (RoleInfo.java:updateAndGet(143)) - 327657b1-60f8-49f2-b2a3-f63e1f934942: start FollowerState
2019-10-18 14:58:24,267 [Thread-1474] INFO  impl.FollowerState (FollowerState.java:run(108)) - 327657b1-60f8-49f2-b2a3-f63e1f934942@group-58A987F56150-FollowerState: change to CANDIDATE, lastRpcTime:193ms, electionTimeout:193ms
2019-10-18 14:58:24,268 [Thread-1474] INFO  impl.RoleInfo (RoleInfo.java:shutdownFollowerState(121)) - 327657b1-60f8-49f2-b2a3-f63e1f934942: shutdown FollowerState
2019-10-18 14:58:24,268 [Thread-1474] INFO  impl.RaftServerImpl (RaftServerImpl.java:setRole(184)) - 327657b1-60f8-49f2-b2a3-f63e1f934942@group-58A987F56150: changes role from  FOLLOWER to CANDIDATE at term 207 for changeToCandidate
2019-10-18 14:58:24,268 [Thread-1474] INFO  impl.RoleInfo (RoleInfo.java:updateAndGet(143)) - 327657b1-60f8-49f2-b2a3-f63e1f934942: start LeaderElection
2019-10-18 14:58:24,281 [327657b1-60f8-49f2-b2a3-f63e1f934942@group-58A987F56150-LeaderElection182] INFO  impl.LeaderElection (LeaderElection.java:askForVotes(178)) - 327657b1-60f8-49f2-b2a3-f63e1f934942@group-58A987F56150-LeaderElection182: begin an election at term 208 for -1: [6605b8a5-570b-4977-9ee7-6aaf3012bed5:192.168.164.233:35223, 327657b1-60f8-49f2-b2a3-f63e1f934942:192.168.164.233:41966, ddd4789c-894d-475a-bbfb-f6e7aa670c92:192.168.164.233:41061], old=null
2019-10-18 14:58:24,283 [grpc-default-executor-2] INFO  impl.RaftServerImpl (RaftServerImpl.java:setRole(184)) - 6605b8a5-570b-4977-9ee7-6aaf3012bed5@group-58A987F56150: changes role from  FOLLOWER to FOLLOWER at term 208 for recognizeCandidate:327657b1-60f8-49f2-b2a3-f63e1f934942
2019-10-18 14:58:24,283 [grpc-default-executor-2] INFO  impl.RoleInfo (RoleInfo.java:shutdownFollowerState(121)) - 6605b8a5-570b-4977-9ee7-6aaf3012bed5: shutdown FollowerState
2019-10-18 14:58:24,283 [grpc-default-executor-3] INFO  impl.RaftServerImpl (RaftServerImpl.java:setRole(184)) - ddd4789c-894d-475a-bbfb-f6e7aa670c92@group-58A987F56150: changes role from  FOLLOWER to FOLLOWER at term 208 for recognizeCandidate:327657b1-60f8-49f2-b2a3-f63e1f934942
2019-10-18 14:58:24,284 [Thread-1472] INFO  impl.FollowerState (FollowerState.java:run(117)) - 6605b8a5-570b-4977-9ee7-6aaf3012bed5@group-58A987F56150-FollowerState was interrupted: java.lang.InterruptedException: sleep interrupted
2019-10-18 14:58:24,284 [grpc-default-executor-2] INFO  impl.RoleInfo (RoleInfo.java:updateAndGet(143)) - 6605b8a5-570b-4977-9ee7-6aaf3012bed5: start FollowerState
2019-10-18 14:58:24,284 [grpc-default-executor-3] INFO  impl.RoleInfo (RoleInfo.java:shutdownFollowerState(121)) - ddd4789c-894d-475a-bbfb-f6e7aa670c92: shutdown FollowerState
2019-10-18 14:58:24,284 [grpc-default-executor-3] INFO  impl.RoleInfo (RoleInfo.java:updateAndGet(143)) - ddd4789c-894d-475a-bbfb-f6e7aa670c92: start FollowerState
2019-10-18 14:58:24,284 [Thread-1473] INFO  impl.FollowerState (FollowerState.java:run(117)) - ddd4789c-894d-475a-bbfb-f6e7aa670c92@group-58A987F56150-FollowerState was interrupted: java.lang.InterruptedException: sleep interrupted
2019-10-18 14:58:24,310 [327657b1-60f8-49f2-b2a3-f63e1f934942@group-58A987F56150-LeaderElection182] INFO  impl.LeaderElection (LeaderElection.java:logAndReturn(56)) - 327657b1-60f8-49f2-b2a3-f63e1f934942@group-58A987F56150-LeaderElection182: Election REJECTED; received 2 response(s) [327657b1-60f8-49f2-b2a3-f63e1f934942<-6605b8a5-570b-4977-9ee7-6aaf3012bed5#0:FAIL-t208, 327657b1-60f8-49f2-b2a3-f63e1f934942<-ddd4789c-894d-475a-bbfb-f6e7aa670c92#0:FAIL-t208] and 0 exception(s); 327657b1-60f8-49f2-b2a3-f63e1f934942@group-58A987F56150:t208, leader=null, voted=327657b1-60f8-49f2-b2a3-f63e1f934942, raftlog=327657b1-60f8-49f2-b2a3-f63e1f934942@group-58A987F56150-SegmentedRaftLog:OPENED:c-1,f-1,i0, conf=-1: [6605b8a5-570b-4977-9ee7-6aaf3012bed5:192.168.164.233:35223, 327657b1-60f8-49f2-b2a3-f63e1f934942:192.168.164.233:41966, ddd4789c-894d-475a-bbfb-f6e7aa670c92:192.168.164.233:41061], old=null
2019-10-18 14:58:24,310 [327657b1-60f8-49f2-b2a3-f63e1f934942@group-58A987F56150-LeaderElection182] INFO  impl.RaftServerImpl (RaftServerImpl.java:setRole(184)) - 327657b1-60f8-49f2-b2a3-f63e1f934942@group-58A987F56150: changes role from CANDIDATE to FOLLOWER at term 208 for DISCOVERED_A_NEW_TERM
2019-10-18 14:58:24,311 [327657b1-60f8-49f2-b2a3-f63e1f934942@group-58A987F56150-LeaderElection182] INFO  impl.RoleInfo (RoleInfo.java:shutdownLeaderElection(134)) - 327657b1-60f8-49f2-b2a3-f63e1f934942: shutdown LeaderElection
2019-10-18 14:58:24,311 [327657b1-60f8-49f2-b2a3-f63e1f934942@group-58A987F56150-LeaderElection182] INFO  impl.RoleInfo (RoleInfo.java:updateAndGet(143)) - 327657b1-60f8-49f2-b2a3-f63e1f934942: start FollowerState
2019-10-18 14:58:24,383 [Thread-1480] INFO  impl.FollowerState (FollowerState.java:run(108)) - 327657b1-60f8-49f2-b2a3-f63e1f934942@group-58A987F56150-FollowerState: change to CANDIDATE, lastRpcTime:72ms, electionTimeout:72ms
2019-10-18 14:58:24,383 [Thread-1480] INFO  impl.RoleInfo (RoleInfo.java:shutdownFollowerState(121)) - 327657b1-60f8-49f2-b2a3-f63e1f934942: shutdown FollowerState
2019-10-18 14:58:24,383 [Thread-1480] INFO  impl.RaftServerImpl (RaftServerImpl.java:setRole(184)) - 327657b1-60f8-49f2-b2a3-f63e1f934942@group-58A987F56150: changes role from  FOLLOWER to CANDIDATE at term 208 for changeToCandidate
2019-10-18 14:58:24,384 [Thread-1480] INFO  impl.RoleInfo (RoleInfo.java:updateAndGet(143)) - 327657b1-60f8-49f2-b2a3-f63e1f934942: start LeaderElection
2019-10-18 14:58:24,399 [327657b1-60f8-49f2-b2a3-f63e1f934942@group-58A987F56150-LeaderElection183] INFO  impl.LeaderElection (LeaderElection.java:askForVotes(178)) - 327657b1-60f8-49f2-b2a3-f63e1f934942@group-58A987F56150-LeaderElection183: begin an election at term 209 for -1: [6605b8a5-570b-4977-9ee7-6aaf3012bed5:192.168.164.233:35223, 327657b1-60f8-49f2-b2a3-f63e1f934942:192.168.164.233:41966, ddd4789c-894d-475a-bbfb-f6e7aa670c92:192.168.164.233:41061], old=null
2019-10-18 14:58:24,401 [grpc-default-executor-2] INFO  impl.RaftServerImpl (RaftServerImpl.java:setRole(184)) - ddd4789c-894d-475a-bbfb-f6e7aa670c92@group-58A987F56150: changes role from  FOLLOWER to FOLLOWER at term 209 for recognizeCandidate:327657b1-60f8-49f2-b2a3-f63e1f934942
2019-10-18 14:58:24,401 [grpc-default-executor-2] INFO  impl.RoleInfo (RoleInfo.java:shutdownFollowerState(121)) - ddd4789c-894d-475a-bbfb-f6e7aa670c92: shutdown FollowerState
2019-10-18 14:58:24,402 [grpc-default-executor-3] INFO  impl.RaftServerImpl (RaftServerImpl.java:setRole(184)) - 6605b8a5-570b-4977-9ee7-6aaf3012bed5@group-58A987F56150: changes role from  FOLLOWER to FOLLOWER at term 209 for recognizeCandidate:327657b1-60f8-49f2-b2a3-f63e1f934942
2019-10-18 14:58:24,402 [Thread-1479] INFO  impl.FollowerState (FollowerState.java:run(117)) - ddd4789c-894d-475a-bbfb-f6e7aa670c92@group-58A987F56150-FollowerState was interrupted: java.lang.InterruptedException: sleep interrupted
2019-10-18 14:58:24,402 [grpc-default-executor-2] INFO  impl.RoleInfo (RoleInfo.java:updateAndGet(143)) - ddd4789c-894d-475a-bbfb-f6e7aa670c92: start FollowerState
2019-10-18 14:58:24,402 [grpc-default-executor-3] INFO  impl.RoleInfo (RoleInfo.java:shutdownFollowerState(121)) - 6605b8a5-570b-4977-9ee7-6aaf3012bed5: shutdown FollowerState
2019-10-18 14:58:24,402 [grpc-default-executor-3] INFO  impl.RoleInfo (RoleInfo.java:updateAndGet(143)) - 6605b8a5-570b-4977-9ee7-6aaf3012bed5: start FollowerState
2019-10-18 14:58:24,402 [Thread-1478] INFO  impl.FollowerState (FollowerState.java:run(117)) - 6605b8a5-570b-4977-9ee7-6aaf3012bed5@group-58A987F56150-FollowerState was interrupted: java.lang.InterruptedException: sleep interrupted
2019-10-18 14:58:24,416 [327657b1-60f8-49f2-b2a3-f63e1f934942@group-58A987F56150-LeaderElection183] INFO  impl.LeaderElection (LeaderElection.java:logAndReturn(56)) - 327657b1-60f8-49f2-b2a3-f63e1f934942@group-58A987F56150-LeaderElection183: Election REJECTED; received 2 response(s) [327657b1-60f8-49f2-b2a3-f63e1f934942<-6605b8a5-570b-4977-9ee7-6aaf3012bed5#0:FAIL-t209, 327657b1-60f8-49f2-b2a3-f63e1f934942<-ddd4789c-894d-475a-bbfb-f6e7aa670c92#0:FAIL-t209] and 0 exception(s); 327657b1-60f8-49f2-b2a3-f63e1f934942@group-58A987F56150:t209, leader=null, voted=327657b1-60f8-49f2-b2a3-f63e1f934942, raftlog=327657b1-60f8-49f2-b2a3-f63e1f934942@group-58A987F56150-SegmentedRaftLog:OPENED:c-1,f-1,i0, conf=-1: [6605b8a5-570b-4977-9ee7-6aaf3012bed5:192.168.164.233:35223, 327657b1-60f8-49f2-b2a3-f63e1f934942:192.168.164.233:41966, ddd4789c-894d-475a-bbfb-f6e7aa670c92:192.168.164.233:41061], old=null
2019-10-18 14:58:24,416 [327657b1-60f8-49f2-b2a3-f63e1f934942@group-58A987F56150-LeaderElection183] INFO  impl.RaftServerImpl (RaftServerImpl.java:setRole(184)) - 327657b1-60f8-49f2-b2a3-f63e1f934942@group-58A987F56150: changes role from CANDIDATE to FOLLOWER at term 209 for DISCOVERED_A_NEW_TERM
2019-10-18 14:58:24,416 [327657b1-60f8-49f2-b2a3-f63e1f934942@group-58A987F56150-LeaderElection183] INFO  impl.RoleInfo (RoleInfo.java:shutdownLeaderElection(134)) - 327657b1-60f8-49f2-b2a3-f63e1f934942: shutdown LeaderElection
2019-10-18 14:58:24,417 [327657b1-60f8-49f2-b2a3-f63e1f934942@group-58A987F56150-LeaderElection183] INFO  impl.RoleInfo (RoleInfo.java:updateAndGet(143)) - 327657b1-60f8-49f2-b2a3-f63e1f934942: start FollowerState
2019-10-18 14:58:24,611 [Thread-1486] INFO  impl.FollowerState (FollowerState.java:run(108)) - 327657b1-60f8-49f2-b2a3-f63e1f934942@group-58A987F56150-FollowerState: change to CANDIDATE, lastRpcTime:194ms, electionTimeout:194ms
2019-10-18 14:58:24,611 [Thread-1486] INFO  impl.RoleInfo (RoleInfo.java:shutdownFollowerState(121)) - 327657b1-60f8-49f2-b2a3-f63e1f934942: shutdown FollowerState
2019-10-18 14:58:24,611 [Thread-1486] INFO  impl.RaftServerImpl (RaftServerImpl.java:setRole(184)) - 327657b1-60f8-49f2-b2a3-f63e1f934942@group-58A987F56150: changes role from  FOLLOWER to CANDIDATE at term 209 for changeToCandidate
2019-10-18 14:58:24,612 [Thread-1486] INFO  impl.RoleInfo (RoleInfo.java:updateAndGet(143)) - 327657b1-60f8-49f2-b2a3-f63e1f934942: start LeaderElection
2019-10-18 14:58:24,637 [327657b1-60f8-49f2-b2a3-f63e1f934942@group-58A987F56150-LeaderElection184] INFO  impl.LeaderElection (LeaderElection.java:askForVotes(178)) - 327657b1-60f8-49f2-b2a3-f63e1f934942@group-58A987F56150-LeaderElection184: begin an election at term 210 for -1: [6605b8a5-570b-4977-9ee7-6aaf3012bed5:192.168.164.233:35223, 327657b1-60f8-49f2-b2a3-f63e1f934942:192.168.164.233:41966, ddd4789c-894d-475a-bbfb-f6e7aa670c92:192.168.164.233:41061], old=null
2019-10-18 14:58:24,639 [grpc-default-executor-2] INFO  impl.RaftServerImpl (RaftServerImpl.java:setRole(184)) - 6605b8a5-570b-4977-9ee7-6aaf3012bed5@group-58A987F56150: changes role from  FOLLOWER to FOLLOWER at term 210 for recognizeCandidate:327657b1-60f8-49f2-b2a3-f63e1f934942
2019-10-18 14:58:24,639 [grpc-default-executor-3] INFO  impl.RaftServerImpl (RaftServerImpl.java:setRole(184)) - ddd4789c-894d-475a-bbfb-f6e7aa670c92@group-58A987F56150: changes role from  FOLLOWER to FOLLOWER at term 210 for recognizeCandidate:327657b1-60f8-49f2-b2a3-f63e1f934942
2019-10-18 14:58:24,639 [grpc-default-executor-2] INFO  impl.RoleInfo (RoleInfo.java:shutdownFollowerState(121)) - 6605b8a5-570b-4977-9ee7-6aaf3012bed5: shutdown FollowerState
2019-10-18 14:58:24,639 [grpc-default-executor-3] INFO  impl.RoleInfo (RoleInfo.java:shutdownFollowerState(121)) - ddd4789c-894d-475a-bbfb-f6e7aa670c92: shutdown FollowerState
2019-10-18 14:58:24,640 [grpc-default-executor-2] INFO  impl.RoleInfo (RoleInfo.java:updateAndGet(143)) - 6605b8a5-570b-4977-9ee7-6aaf3012bed5: start FollowerState
2019-10-18 14:58:24,640 [Thread-1485] INFO  impl.FollowerState (FollowerState.java:run(117)) - 6605b8a5-570b-4977-9ee7-6aaf3012bed5@group-58A987F56150-FollowerState was interrupted: java.lang.InterruptedException: sleep interrupted
2019-10-18 14:58:24,640 [grpc-default-executor-3] INFO  impl.RoleInfo (RoleInfo.java:updateAndGet(143)) - ddd4789c-894d-475a-bbfb-f6e7aa670c92: start FollowerState
2019-10-18 14:58:24,640 [Thread-1484] INFO  impl.FollowerState (FollowerState.java:run(117)) - ddd4789c-894d-475a-bbfb-f6e7aa670c92@group-58A987F56150-FollowerState was interrupted: java.lang.InterruptedException: sleep interrupted
2019-10-18 14:58:24,654 [327657b1-60f8-49f2-b2a3-f63e1f934942@group-58A987F56150-LeaderElection184] INFO  impl.LeaderElection (LeaderElection.java:logAndReturn(56)) - 327657b1-60f8-49f2-b2a3-f63e1f934942@group-58A987F56150-LeaderElection184: Election REJECTED; received 2 response(s) [327657b1-60f8-49f2-b2a3-f63e1f934942<-6605b8a5-570b-4977-9ee7-6aaf3012bed5#0:FAIL-t210, 327657b1-60f8-49f2-b2a3-f63e1f934942<-ddd4789c-894d-475a-bbfb-f6e7aa670c92#0:FAIL-t210] and 0 exception(s); 327657b1-60f8-49f2-b2a3-f63e1f934942@group-58A987F56150:t210, leader=null, voted=327657b1-60f8-49f2-b2a3-f63e1f934942, raftlog=327657b1-60f8-49f2-b2a3-f63e1f934942@group-58A987F56150-SegmentedRaftLog:OPENED:c-1,f-1,i0, conf=-1: [6605b8a5-570b-4977-9ee7-6aaf3012bed5:192.168.164.233:35223, 327657b1-60f8-49f2-b2a3-f63e1f934942:192.168.164.233:41966, ddd4789c-894d-475a-bbfb-f6e7aa670c92:192.168.164.233:41061], old=null
2019-10-18 14:58:24,654 [327657b1-60f8-49f2-b2a3-f63e1f934942@group-58A987F56150-LeaderElection184] INFO  impl.RaftServerImpl (RaftServerImpl.java:setRole(184)) - 327657b1-60f8-49f2-b2a3-f63e1f934942@group-58A987F56150: changes role from CANDIDATE to FOLLOWER at term 210 for DISCOVERED_A_NEW_TERM
2019-10-18 14:58:24,654 [327657b1-60f8-49f2-b2a3-f63e1f934942@group-58A987F56150-LeaderElection184] INFO  impl.RoleInfo (RoleInfo.java:shutdownLeaderElection(134)) - 327657b1-60f8-49f2-b2a3-f63e1f934942: shutdown LeaderElection
2019-10-18 14:58:24,654 [327657b1-60f8-49f2-b2a3-f63e1f934942@group-58A987F56150-LeaderElection184] INFO  impl.RoleInfo (RoleInfo.java:updateAndGet(143)) - 327657b1-60f8-49f2-b2a3-f63e1f934942: start FollowerState
2019-10-18 14:58:24,682 [Thread-1492] INFO  impl.FollowerState (FollowerState.java:run(108)) - 327657b1-60f8-49f2-b2a3-f63e1f934942@group-58A987F56150-FollowerState: change to CANDIDATE, lastRpcTime:28ms, electionTimeout:28ms
2019-10-18 14:58:24,682 [Thread-1492] INFO  impl.RoleInfo (RoleInfo.java:shutdownFollowerState(121)) - 327657b1-60f8-49f2-b2a3-f63e1f934942: shutdown FollowerState
2019-10-18 14:58:24,683 [Thread-1492] INFO  impl.RaftServerImpl (RaftServerImpl.java:setRole(184)) - 327657b1-60f8-49f2-b2a3-f63e1f934942@group-58A987F56150: changes role from  FOLLOWER to CANDIDATE at term 210 for changeToCandidate
2019-10-18 14:58:24,683 [Thread-1492] INFO  impl.RoleInfo (RoleInfo.java:updateAndGet(143)) - 327657b1-60f8-49f2-b2a3-f63e1f934942: start LeaderElection
2019-10-18 14:58:24,696 [327657b1-60f8-49f2-b2a3-f63e1f934942@group-58A987F56150-LeaderElection185] INFO  impl.LeaderElection (LeaderElection.java:askForVotes(178)) - 327657b1-60f8-49f2-b2a3-f63e1f934942@group-58A987F56150-LeaderElection185: begin an election at term 211 for -1: [6605b8a5-570b-4977-9ee7-6aaf3012bed5:192.168.164.233:35223, 327657b1-60f8-49f2-b2a3-f63e1f934942:192.168.164.233:41966, ddd4789c-894d-475a-bbfb-f6e7aa670c92:192.168.164.233:41061], old=null
2019-10-18 14:58:24,698 [grpc-default-executor-2] INFO  impl.RaftServerImpl (RaftServerImpl.java:setRole(184)) - ddd4789c-894d-475a-bbfb-f6e7aa670c92@group-58A987F56150: changes role from  FOLLOWER to FOLLOWER at term 211 for recognizeCandidate:327657b1-60f8-49f2-b2a3-f63e1f934942
2019-10-18 14:58:24,698 [grpc-default-executor-2] INFO  impl.RoleInfo (RoleInfo.java:shutdownFollowerState(121)) - ddd4789c-894d-475a-bbfb-f6e7aa670c92: shutdown FollowerState
2019-10-18 14:58:24,698 [grpc-default-executor-3] INFO  impl.RaftServerImpl (RaftServerImpl.java:setRole(184)) - 6605b8a5-570b-4977-9ee7-6aaf3012bed5@group-58A987F56150: changes role from  FOLLOWER to FOLLOWER at term 211 for recognizeCandidate:327657b1-60f8-49f2-b2a3-f63e1f934942
2019-10-18 14:58:24,698 [grpc-default-executor-3] INFO  impl.RoleInfo (RoleInfo.java:shutdownFollowerState(121)) - 6605b8a5-570b-4977-9ee7-6aaf3012bed5: shutdown FollowerState
2019-10-18 14:58:24,698 [grpc-default-executor-2] INFO  impl.RoleInfo (RoleInfo.java:updateAndGet(143)) - ddd4789c-894d-475a-bbfb-f6e7aa670c92: start FollowerState
2019-10-18 14:58:24,698 [Thread-1490] INFO  impl.FollowerState (FollowerState.java:run(117)) - 6605b8a5-570b-4977-9ee7-6aaf3012bed5@group-58A987F56150-FollowerState was interrupted: java.lang.InterruptedException: sleep interrupted
2019-10-18 14:58:24,698 [grpc-default-executor-3] INFO  impl.RoleInfo (RoleInfo.java:updateAndGet(143)) - 6605b8a5-570b-4977-9ee7-6aaf3012bed5: start FollowerState
2019-10-18 14:58:24,698 [Thread-1491] INFO  impl.FollowerState (FollowerState.java:run(117)) - ddd4789c-894d-475a-bbfb-f6e7aa670c92@group-58A987F56150-FollowerState was interrupted: java.lang.InterruptedException: sleep interrupted
2019-10-18 14:58:24,729 [327657b1-60f8-49f2-b2a3-f63e1f934942@group-58A987F56150-LeaderElection185] INFO  impl.LeaderElection (LeaderElection.java:logAndReturn(56)) - 327657b1-60f8-49f2-b2a3-f63e1f934942@group-58A987F56150-LeaderElection185: Election REJECTED; received 2 response(s) [327657b1-60f8-49f2-b2a3-f63e1f934942<-6605b8a5-570b-4977-9ee7-6aaf3012bed5#0:FAIL-t211, 327657b1-60f8-49f2-b2a3-f63e1f934942<-ddd4789c-894d-475a-bbfb-f6e7aa670c92#0:FAIL-t211] and 0 exception(s); 327657b1-60f8-49f2-b2a3-f63e1f934942@group-58A987F56150:t211, leader=null, voted=327657b1-60f8-49f2-b2a3-f63e1f934942, raftlog=327657b1-60f8-49f2-b2a3-f63e1f934942@group-58A987F56150-SegmentedRaftLog:OPENED:c-1,f-1,i0, conf=-1: [6605b8a5-570b-4977-9ee7-6aaf3012bed5:192.168.164.233:35223, 327657b1-60f8-49f2-b2a3-f63e1f934942:192.168.164.233:41966, ddd4789c-894d-475a-bbfb-f6e7aa670c92:192.168.164.233:41061], old=null
2019-10-18 14:58:24,730 [327657b1-60f8-49f2-b2a3-f63e1f934942@group-58A987F56150-LeaderElection185] INFO  impl.RaftServerImpl (RaftServerImpl.java:setRole(184)) - 327657b1-60f8-49f2-b2a3-f63e1f934942@group-58A987F56150: changes role from CANDIDATE to FOLLOWER at term 211 for DISCOVERED_A_NEW_TERM
2019-10-18 14:58:24,730 [327657b1-60f8-49f2-b2a3-f63e1f934942@group-58A987F56150-LeaderElection185] INFO  impl.RoleInfo (RoleInfo.java:shutdownLeaderElection(134)) - 327657b1-60f8-49f2-b2a3-f63e1f934942: shutdown LeaderElection
2019-10-18 14:58:24,730 [327657b1-60f8-49f2-b2a3-f63e1f934942@group-58A987F56150-LeaderElection185] INFO  impl.RoleInfo (RoleInfo.java:updateAndGet(143)) - 327657b1-60f8-49f2-b2a3-f63e1f934942: start FollowerState
2019-10-18 14:58:24,852 [Thread-1498] INFO  impl.FollowerState (FollowerState.java:run(108)) - 327657b1-60f8-49f2-b2a3-f63e1f934942@group-58A987F56150-FollowerState: change to CANDIDATE, lastRpcTime:122ms, electionTimeout:122ms
2019-10-18 14:58:24,853 [Thread-1498] INFO  impl.RoleInfo (RoleInfo.java:shutdownFollowerState(121)) - 327657b1-60f8-49f2-b2a3-f63e1f934942: shutdown FollowerState
2019-10-18 14:58:24,853 [Thread-1498] INFO  impl.RaftServerImpl (RaftServerImpl.java:setRole(184)) - 327657b1-60f8-49f2-b2a3-f63e1f934942@group-58A987F56150: changes role from  FOLLOWER to CANDIDATE at term 211 for changeToCandidate
2019-10-18 14:58:24,853 [Thread-1498] INFO  impl.RoleInfo (RoleInfo.java:updateAndGet(143)) - 327657b1-60f8-49f2-b2a3-f63e1f934942: start LeaderElection
2019-10-18 14:58:24,869 [327657b1-60f8-49f2-b2a3-f63e1f934942@group-58A987F56150-LeaderElection186] INFO  impl.LeaderElection (LeaderElection.java:askForVotes(178)) - 327657b1-60f8-49f2-b2a3-f63e1f934942@group-58A987F56150-LeaderElection186: begin an election at term 212 for -1: [6605b8a5-570b-4977-9ee7-6aaf3012bed5:192.168.164.233:35223, 327657b1-60f8-49f2-b2a3-f63e1f934942:192.168.164.233:41966, ddd4789c-894d-475a-bbfb-f6e7aa670c92:192.168.164.233:41061], old=null
2019-10-18 14:58:24,871 [grpc-default-executor-3] INFO  impl.RaftServerImpl (RaftServerImpl.java:setRole(184)) - 6605b8a5-570b-4977-9ee7-6aaf3012bed5@group-58A987F56150: changes role from  FOLLOWER to FOLLOWER at term 212 for recognizeCandidate:327657b1-60f8-49f2-b2a3-f63e1f934942
2019-10-18 14:58:24,871 [grpc-default-executor-2] INFO  impl.RaftServerImpl (RaftServerImpl.java:setRole(184)) - ddd4789c-894d-475a-bbfb-f6e7aa670c92@group-58A987F56150: changes role from  FOLLOWER to FOLLOWER at term 212 for recognizeCandidate:327657b1-60f8-49f2-b2a3-f63e1f934942
2019-10-18 14:58:24,871 [grpc-default-executor-3] INFO  impl.RoleInfo (RoleInfo.java:shutdownFollowerState(121)) - 6605b8a5-570b-4977-9ee7-6aaf3012bed5: shutdown FollowerState
2019-10-18 14:58:24,872 [grpc-default-executor-2] INFO  impl.RoleInfo (RoleInfo.java:shutdownFollowerState(121)) - ddd4789c-894d-475a-bbfb-f6e7aa670c92: shutdown FollowerState
2019-10-18 14:58:24,872 [grpc-default-executor-3] INFO  impl.RoleInfo (RoleInfo.java:updateAndGet(143)) - 6605b8a5-570b-4977-9ee7-6aaf3012bed5: start FollowerState
2019-10-18 14:58:24,872 [Thread-1496] INFO  impl.FollowerState (FollowerState.java:run(117)) - ddd4789c-894d-475a-bbfb-f6e7aa670c92@group-58A987F56150-FollowerState was interrupted: java.lang.InterruptedException: sleep interrupted
2019-10-18 14:58:24,872 [grpc-default-executor-2] INFO  impl.RoleInfo (RoleInfo.java:updateAndGet(143)) - ddd4789c-894d-475a-bbfb-f6e7aa670c92: start FollowerState
2019-10-18 14:58:24,872 [Thread-1497] INFO  impl.FollowerState (FollowerState.java:run(117)) - 6605b8a5-570b-4977-9ee7-6aaf3012bed5@group-58A987F56150-FollowerState was interrupted: java.lang.InterruptedException: sleep interrupted
2019-10-18 14:58:24,894 [327657b1-60f8-49f2-b2a3-f63e1f934942@group-58A987F56150-LeaderElection186] INFO  impl.LeaderElection (LeaderElection.java:logAndReturn(56)) - 327657b1-60f8-49f2-b2a3-f63e1f934942@group-58A987F56150-LeaderElection186: Election REJECTED; received 2 response(s) [327657b1-60f8-49f2-b2a3-f63e1f934942<-6605b8a5-570b-4977-9ee7-6aaf3012bed5#0:FAIL-t212, 327657b1-60f8-49f2-b2a3-f63e1f934942<-ddd4789c-894d-475a-bbfb-f6e7aa670c92#0:FAIL-t212] and 0 exception(s); 327657b1-60f8-49f2-b2a3-f63e1f934942@group-58A987F56150:t212, leader=null, voted=327657b1-60f8-49f2-b2a3-f63e1f934942, raftlog=327657b1-60f8-49f2-b2a3-f63e1f934942@group-58A987F56150-SegmentedRaftLog:OPENED:c-1,f-1,i0, conf=-1: [6605b8a5-570b-4977-9ee7-6aaf3012bed5:192.168.164.233:35223, 327657b1-60f8-49f2-b2a3-f63e1f934942:192.168.164.233:41966, ddd4789c-894d-475a-bbfb-f6e7aa670c92:192.168.164.233:41061], old=null
2019-10-18 14:58:24,895 [327657b1-60f8-49f2-b2a3-f63e1f934942@group-58A987F56150-LeaderElection186] INFO  impl.RaftServerImpl (RaftServerImpl.java:setRole(184)) - 327657b1-60f8-49f2-b2a3-f63e1f934942@group-58A987F56150: changes role from CANDIDATE to FOLLOWER at term 212 for DISCOVERED_A_NEW_TERM
2019-10-18 14:58:24,895 [327657b1-60f8-49f2-b2a3-f63e1f934942@group-58A987F56150-LeaderElection186] INFO  impl.RoleInfo (RoleInfo.java:shutdownLeaderElection(134)) - 327657b1-60f8-49f2-b2a3-f63e1f934942: shutdown LeaderElection
2019-10-18 14:58:24,895 [327657b1-60f8-49f2-b2a3-f63e1f934942@group-58A987F56150-LeaderElection186] INFO  impl.RoleInfo (RoleInfo.java:updateAndGet(143)) - 327657b1-60f8-49f2-b2a3-f63e1f934942: start FollowerState
2019-10-18 14:58:25,064 [Thread-1506] INFO  impl.FollowerState (FollowerState.java:run(108)) - 327657b1-60f8-49f2-b2a3-f63e1f934942@group-58A987F56150-FollowerState: change to CANDIDATE, lastRpcTime:169ms, electionTimeout:169ms
2019-10-18 14:58:25,065 [Thread-1506] INFO  impl.RoleInfo (RoleInfo.java:shutdownFollowerState(121)) - 327657b1-60f8-49f2-b2a3-f63e1f934942: shutdown FollowerState
2019-10-18 14:58:25,065 [Thread-1506] INFO  impl.RaftServerImpl (RaftServerImpl.java:setRole(184)) - 327657b1-60f8-49f2-b2a3-f63e1f934942@group-58A987F56150: changes role from  FOLLOWER to CANDIDATE at term 212 for changeToCandidate
2019-10-18 14:58:25,065 [Thread-1506] INFO  impl.RoleInfo (RoleInfo.java:updateAndGet(143)) - 327657b1-60f8-49f2-b2a3-f63e1f934942: start LeaderElection
2019-10-18 14:58:25,080 [327657b1-60f8-49f2-b2a3-f63e1f934942@group-58A987F56150-LeaderElection187] INFO  impl.LeaderElection (LeaderElection.java:askForVotes(178)) - 327657b1-60f8-49f2-b2a3-f63e1f934942@group-58A987F56150-LeaderElection187: begin an election at term 213 for -1: [6605b8a5-570b-4977-9ee7-6aaf3012bed5:192.168.164.233:35223, 327657b1-60f8-49f2-b2a3-f63e1f934942:192.168.164.233:41966, ddd4789c-894d-475a-bbfb-f6e7aa670c92:192.168.164.233:41061], old=null
2019-10-18 14:58:25,082 [grpc-default-executor-3] INFO  impl.RaftServerImpl (RaftServerImpl.java:setRole(184)) - 6605b8a5-570b-4977-9ee7-6aaf3012bed5@group-58A987F56150: changes role from  FOLLOWER to FOLLOWER at term 213 for recognizeCandidate:327657b1-60f8-49f2-b2a3-f63e1f934942
2019-10-18 14:58:25,082 [grpc-default-executor-3] INFO  impl.RoleInfo (RoleInfo.java:shutdownFollowerState(121)) - 6605b8a5-570b-4977-9ee7-6aaf3012bed5: shutdown FollowerState
2019-10-18 14:58:25,082 [grpc-default-executor-3] INFO  impl.RoleInfo (RoleInfo.java:updateAndGet(143)) - 6605b8a5-570b-4977-9ee7-6aaf3012bed5: start FollowerState
2019-10-18 14:58:25,082 [Thread-1504] INFO  impl.FollowerState (FollowerState.java:run(117)) - 6605b8a5-570b-4977-9ee7-6aaf3012bed5@group-58A987F56150-FollowerState was interrupted: java.lang.InterruptedException: sleep interrupted
2019-10-18 14:58:25,082 [grpc-default-executor-2] INFO  impl.RaftServerImpl (RaftServerImpl.java:setRole(184)) - ddd4789c-894d-475a-bbfb-f6e7aa670c92@group-58A987F56150: changes role from  FOLLOWER to FOLLOWER at term 213 for recognizeCandidate:327657b1-60f8-49f2-b2a3-f63e1f934942
2019-10-18 14:58:25,082 [grpc-default-executor-2] INFO  impl.RoleInfo (RoleInfo.java:shutdownFollowerState(121)) - ddd4789c-894d-475a-bbfb-f6e7aa670c92: shutdown FollowerState
2019-10-18 14:58:25,083 [grpc-default-executor-2] INFO  impl.RoleInfo (RoleInfo.java:updateAndGet(143)) - ddd4789c-894d-475a-bbfb-f6e7aa670c92: start FollowerState
2019-10-18 14:58:25,083 [Thread-1505] INFO  impl.FollowerState (FollowerState.java:run(117)) - ddd4789c-894d-475a-bbfb-f6e7aa670c92@group-58A987F56150-FollowerState was interrupted: java.lang.InterruptedException: sleep interrupted
2019-10-18 14:58:25,107 [327657b1-60f8-49f2-b2a3-f63e1f934942@group-58A987F56150-LeaderElection187] INFO  impl.LeaderElection (LeaderElection.java:logAndReturn(56)) - 327657b1-60f8-49f2-b2a3-f63e1f934942@group-58A987F56150-LeaderElection187: Election REJECTED; received 2 response(s) [327657b1-60f8-49f2-b2a3-f63e1f934942<-6605b8a5-570b-4977-9ee7-6aaf3012bed5#0:FAIL-t213, 327657b1-60f8-49f2-b2a3-f63e1f934942<-ddd4789c-894d-475a-bbfb-f6e7aa670c92#0:FAIL-t213] and 0 exception(s); 327657b1-60f8-49f2-b2a3-f63e1f934942@group-58A987F56150:t213, leader=null, voted=327657b1-60f8-49f2-b2a3-f63e1f934942, raftlog=327657b1-60f8-49f2-b2a3-f63e1f934942@group-58A987F56150-SegmentedRaftLog:OPENED:c-1,f-1,i0, conf=-1: [6605b8a5-570b-4977-9ee7-6aaf3012bed5:192.168.164.233:35223, 327657b1-60f8-49f2-b2a3-f63e1f934942:192.168.164.233:41966, ddd4789c-894d-475a-bbfb-f6e7aa670c92:192.168.164.233:41061], old=null
2019-10-18 14:58:25,108 [327657b1-60f8-49f2-b2a3-f63e1f934942@group-58A987F56150-LeaderElection187] INFO  impl.RaftServerImpl (RaftServerImpl.java:setRole(184)) - 327657b1-60f8-49f2-b2a3-f63e1f934942@group-58A987F56150: changes role from CANDIDATE to FOLLOWER at term 213 for DISCOVERED_A_NEW_TERM
2019-10-18 14:58:25,108 [327657b1-60f8-49f2-b2a3-f63e1f934942@group-58A987F56150-LeaderElection187] INFO  impl.RoleInfo (RoleInfo.java:shutdownLeaderElection(134)) - 327657b1-60f8-49f2-b2a3-f63e1f934942: shutdown LeaderElection
2019-10-18 14:58:25,108 [327657b1-60f8-49f2-b2a3-f63e1f934942@group-58A987F56150-LeaderElection187] INFO  impl.RoleInfo (RoleInfo.java:updateAndGet(143)) - 327657b1-60f8-49f2-b2a3-f63e1f934942: start FollowerState
2019-10-18 14:58:25,113 [Thread-1512] INFO  impl.FollowerState (FollowerState.java:run(108)) - 327657b1-60f8-49f2-b2a3-f63e1f934942@group-58A987F56150-FollowerState: change to CANDIDATE, lastRpcTime:5ms, electionTimeout:5ms
2019-10-18 14:58:25,113 [Thread-1512] INFO  impl.RoleInfo (RoleInfo.java:shutdownFollowerState(121)) - 327657b1-60f8-49f2-b2a3-f63e1f934942: shutdown FollowerState
2019-10-18 14:58:25,114 [Thread-1512] INFO  impl.RaftServerImpl (RaftServerImpl.java:setRole(184)) - 327657b1-60f8-49f2-b2a3-f63e1f934942@group-58A987F56150: changes role from  FOLLOWER to CANDIDATE at term 213 for changeToCandidate
2019-10-18 14:58:25,114 [Thread-1512] INFO  impl.RoleInfo (RoleInfo.java:updateAndGet(143)) - 327657b1-60f8-49f2-b2a3-f63e1f934942: start LeaderElection
2019-10-18 14:58:25,126 [327657b1-60f8-49f2-b2a3-f63e1f934942@group-58A987F56150-LeaderElection188] INFO  impl.LeaderElection (LeaderElection.java:askForVotes(178)) - 327657b1-60f8-49f2-b2a3-f63e1f934942@group-58A987F56150-LeaderElection188: begin an election at term 214 for -1: [6605b8a5-570b-4977-9ee7-6aaf3012bed5:192.168.164.233:35223, 327657b1-60f8-49f2-b2a3-f63e1f934942:192.168.164.233:41966, ddd4789c-894d-475a-bbfb-f6e7aa670c92:192.168.164.233:41061], old=null
2019-10-18 14:58:25,128 [grpc-default-executor-3] INFO  impl.RaftServerImpl (RaftServerImpl.java:setRole(184)) - ddd4789c-894d-475a-bbfb-f6e7aa670c92@group-58A987F56150: changes role from  FOLLOWER to FOLLOWER at term 214 for recognizeCandidate:327657b1-60f8-49f2-b2a3-f63e1f934942
2019-10-18 14:58:25,128 [grpc-default-executor-3] INFO  impl.RoleInfo (RoleInfo.java:shutdownFollowerState(121)) - ddd4789c-894d-475a-bbfb-f6e7aa670c92: shutdown FollowerState
2019-10-18 14:58:25,129 [grpc-default-executor-3] INFO  impl.RoleInfo (RoleInfo.java:updateAndGet(143)) - ddd4789c-894d-475a-bbfb-f6e7aa670c92: start FollowerState
2019-10-18 14:58:25,129 [grpc-default-executor-2] INFO  impl.RaftServerImpl (RaftServerImpl.java:setRole(184)) - 6605b8a5-570b-4977-9ee7-6aaf3012bed5@group-58A987F56150: changes role from  FOLLOWER to FOLLOWER at term 214 for recognizeCandidate:327657b1-60f8-49f2-b2a3-f63e1f934942
2019-10-18 14:58:25,129 [Thread-1511] INFO  impl.FollowerState (FollowerState.java:run(117)) - ddd4789c-894d-475a-bbfb-f6e7aa670c92@group-58A987F56150-FollowerState was interrupted: java.lang.InterruptedException: sleep interrupted
2019-10-18 14:58:25,129 [grpc-default-executor-2] INFO  impl.RoleInfo (RoleInfo.java:shutdownFollowerState(121)) - 6605b8a5-570b-4977-9ee7-6aaf3012bed5: shutdown FollowerState
2019-10-18 14:58:25,129 [327657b1-60f8-49f2-b2a3-f63e1f934942@group-58A987F56150-LeaderElection188] INFO  impl.LeaderElection (LeaderElection.java:logAndReturn(56)) - 327657b1-60f8-49f2-b2a3-f63e1f934942@group-58A987F56150-LeaderElection188: Election TIMEOUT; received 0 response(s) [] and 0 exception(s); 327657b1-60f8-49f2-b2a3-f63e1f934942@group-58A987F56150:t214, leader=null, voted=327657b1-60f8-49f2-b2a3-f63e1f934942, raftlog=327657b1-60f8-49f2-b2a3-f63e1f934942@group-58A987F56150-SegmentedRaftLog:OPENED:c-1,f-1,i0, conf=-1: [6605b8a5-570b-4977-9ee7-6aaf3012bed5:192.168.164.233:35223, 327657b1-60f8-49f2-b2a3-f63e1f934942:192.168.164.233:41966, ddd4789c-894d-475a-bbfb-f6e7aa670c92:192.168.164.233:41061], old=null
2019-10-18 14:58:25,129 [Thread-1510] INFO  impl.FollowerState (FollowerState.java:run(117)) - 6605b8a5-570b-4977-9ee7-6aaf3012bed5@group-58A987F56150-FollowerState was interrupted: java.lang.InterruptedException: sleep interrupted
2019-10-18 14:58:25,129 [grpc-default-executor-2] INFO  impl.RoleInfo (RoleInfo.java:updateAndGet(143)) - 6605b8a5-570b-4977-9ee7-6aaf3012bed5: start FollowerState
2019-10-18 14:58:25,155 [327657b1-60f8-49f2-b2a3-f63e1f934942@group-58A987F56150-LeaderElection188] INFO  impl.LeaderElection (LeaderElection.java:askForVotes(178)) - 327657b1-60f8-49f2-b2a3-f63e1f934942@group-58A987F56150-LeaderElection188: begin an election at term 215 for -1: [6605b8a5-570b-4977-9ee7-6aaf3012bed5:192.168.164.233:35223, 327657b1-60f8-49f2-b2a3-f63e1f934942:192.168.164.233:41966, ddd4789c-894d-475a-bbfb-f6e7aa670c92:192.168.164.233:41061], old=null
2019-10-18 14:58:25,156 [grpc-default-executor-3] INFO  impl.RaftServerImpl (RaftServerImpl.java:setRole(184)) - 6605b8a5-570b-4977-9ee7-6aaf3012bed5@group-58A987F56150: changes role from  FOLLOWER to FOLLOWER at term 215 for recognizeCandidate:327657b1-60f8-49f2-b2a3-f63e1f934942
2019-10-18 14:58:25,157 [grpc-default-executor-3] INFO  impl.RoleInfo (RoleInfo.java:shutdownFollowerState(121)) - 6605b8a5-570b-4977-9ee7-6aaf3012bed5: shutdown FollowerState
2019-10-18 14:58:25,157 [grpc-default-executor-3] INFO  impl.RoleInfo (RoleInfo.java:updateAndGet(143)) - 6605b8a5-570b-4977-9ee7-6aaf3012bed5: start FollowerState
2019-10-18 14:58:25,157 [grpc-default-executor-2] INFO  impl.RaftServerImpl (RaftServerImpl.java:setRole(184)) - ddd4789c-894d-475a-bbfb-f6e7aa670c92@group-58A987F56150: changes role from  FOLLOWER to FOLLOWER at term 215 for recognizeCandidate:327657b1-60f8-49f2-b2a3-f63e1f934942
2019-10-18 14:58:25,157 [Thread-1517] INFO  impl.FollowerState (FollowerState.java:run(117)) - 6605b8a5-570b-4977-9ee7-6aaf3012bed5@group-58A987F56150-FollowerState was interrupted: java.lang.InterruptedException: sleep interrupted
2019-10-18 14:58:25,157 [grpc-default-executor-2] INFO  impl.RoleInfo (RoleInfo.java:shutdownFollowerState(121)) - ddd4789c-894d-475a-bbfb-f6e7aa670c92: shutdown FollowerState
2019-10-18 14:58:25,157 [grpc-default-executor-2] INFO  impl.RoleInfo (RoleInfo.java:updateAndGet(143)) - ddd4789c-894d-475a-bbfb-f6e7aa670c92: start FollowerState
2019-10-18 14:58:25,157 [Thread-1516] INFO  impl.FollowerState (FollowerState.java:run(117)) - ddd4789c-894d-475a-bbfb-f6e7aa670c92@group-58A987F56150-FollowerState was interrupted: java.lang.InterruptedException: sleep interrupted
2019-10-18 14:58:25,183 [327657b1-60f8-49f2-b2a3-f63e1f934942@group-58A987F56150-LeaderElection188] INFO  impl.LeaderElection (LeaderElection.java:logAndReturn(56)) - 327657b1-60f8-49f2-b2a3-f63e1f934942@group-58A987F56150-LeaderElection188: Election REJECTED; received 2 response(s) [327657b1-60f8-49f2-b2a3-f63e1f934942<-6605b8a5-570b-4977-9ee7-6aaf3012bed5#0:FAIL-t215, 327657b1-60f8-49f2-b2a3-f63e1f934942<-ddd4789c-894d-475a-bbfb-f6e7aa670c92#0:FAIL-t215] and 0 exception(s); 327657b1-60f8-49f2-b2a3-f63e1f934942@group-58A987F56150:t215, leader=null, voted=327657b1-60f8-49f2-b2a3-f63e1f934942, raftlog=327657b1-60f8-49f2-b2a3-f63e1f934942@group-58A987F56150-SegmentedRaftLog:OPENED:c-1,f-1,i0, conf=-1: [6605b8a5-570b-4977-9ee7-6aaf3012bed5:192.168.164.233:35223, 327657b1-60f8-49f2-b2a3-f63e1f934942:192.168.164.233:41966, ddd4789c-894d-475a-bbfb-f6e7aa670c92:192.168.164.233:41061], old=null
2019-10-18 14:58:25,183 [327657b1-60f8-49f2-b2a3-f63e1f934942@group-58A987F56150-LeaderElection188] INFO  impl.RaftServerImpl (RaftServerImpl.java:setRole(184)) - 327657b1-60f8-49f2-b2a3-f63e1f934942@group-58A987F56150: changes role from CANDIDATE to FOLLOWER at term 215 for DISCOVERED_A_NEW_TERM
2019-10-18 14:58:25,183 [327657b1-60f8-49f2-b2a3-f63e1f934942@group-58A987F56150-LeaderElection188] INFO  impl.RoleInfo (RoleInfo.java:shutdownLeaderElection(134)) - 327657b1-60f8-49f2-b2a3-f63e1f934942: shutdown LeaderElection
2019-10-18 14:58:25,183 [327657b1-60f8-49f2-b2a3-f63e1f934942@group-58A987F56150-LeaderElection188] INFO  impl.RoleInfo (RoleInfo.java:updateAndGet(143)) - 327657b1-60f8-49f2-b2a3-f63e1f934942: start FollowerState
2019-10-18 14:58:25,211 [Thread-1522] INFO  impl.FollowerState (FollowerState.java:run(108)) - 327657b1-60f8-49f2-b2a3-f63e1f934942@group-58A987F56150-FollowerState: change to CANDIDATE, lastRpcTime:27ms, electionTimeout:27ms
2019-10-18 14:58:25,211 [Thread-1522] INFO  impl.RoleInfo (RoleInfo.java:shutdownFollowerState(121)) - 327657b1-60f8-49f2-b2a3-f63e1f934942: shutdown FollowerState
2019-10-18 14:58:25,211 [Thread-1522] INFO  impl.RaftServerImpl (RaftServerImpl.java:setRole(184)) - 327657b1-60f8-49f2-b2a3-f63e1f934942@group-58A987F56150: changes role from  FOLLOWER to CANDIDATE at term 215 for changeToCandidate
2019-10-18 14:58:25,211 [Thread-1522] INFO  impl.RoleInfo (RoleInfo.java:updateAndGet(143)) - 327657b1-60f8-49f2-b2a3-f63e1f934942: start LeaderElection
2019-10-18 14:58:25,225 [327657b1-60f8-49f2-b2a3-f63e1f934942@group-58A987F56150-LeaderElection189] INFO  impl.LeaderElection (LeaderElection.java:askForVotes(178)) - 327657b1-60f8-49f2-b2a3-f63e1f934942@group-58A987F56150-LeaderElection189: begin an election at term 216 for -1: [6605b8a5-570b-4977-9ee7-6aaf3012bed5:192.168.164.233:35223, 327657b1-60f8-49f2-b2a3-f63e1f934942:192.168.164.233:41966, ddd4789c-894d-475a-bbfb-f6e7aa670c92:192.168.164.233:41061], old=null
2019-10-18 14:58:25,227 [grpc-default-executor-2] INFO  impl.RaftServerImpl (RaftServerImpl.java:setRole(184)) - ddd4789c-894d-475a-bbfb-f6e7aa670c92@group-58A987F56150: changes role from  FOLLOWER to FOLLOWER at term 216 for recognizeCandidate:327657b1-60f8-49f2-b2a3-f63e1f934942
2019-10-18 14:58:25,227 [grpc-default-executor-2] INFO  impl.RoleInfo (RoleInfo.java:shutdownFollowerState(121)) - ddd4789c-894d-475a-bbfb-f6e7aa670c92: shutdown FollowerState
2019-10-18 14:58:25,227 [grpc-default-executor-3] INFO  impl.RaftServerImpl (RaftServerImpl.java:setRole(184)) - 6605b8a5-570b-4977-9ee7-6aaf3012bed5@group-58A987F56150: changes role from  FOLLOWER to FOLLOWER at term 216 for recognizeCandidate:327657b1-60f8-49f2-b2a3-f63e1f934942
2019-10-18 14:58:25,228 [Thread-1521] INFO  impl.FollowerState (FollowerState.java:run(117)) - ddd4789c-894d-475a-bbfb-f6e7aa670c92@group-58A987F56150-FollowerState was interrupted: java.lang.InterruptedException: sleep interrupted
2019-10-18 14:58:25,228 [grpc-default-executor-3] INFO  impl.RoleInfo (RoleInfo.java:shutdownFollowerState(121)) - 6605b8a5-570b-4977-9ee7-6aaf3012bed5: shutdown FollowerState
2019-10-18 14:58:25,228 [grpc-default-executor-2] INFO  impl.RoleInfo (RoleInfo.java:updateAndGet(143)) - ddd4789c-894d-475a-bbfb-f6e7aa670c92: start FollowerState
2019-10-18 14:58:25,228 [Thread-1520] INFO  impl.FollowerState (FollowerState.java:run(117)) - 6605b8a5-570b-4977-9ee7-6aaf3012bed5@group-58A987F56150-FollowerState was interrupted: java.lang.InterruptedException: sleep interrupted
2019-10-18 14:58:25,228 [grpc-default-executor-3] INFO  impl.RoleInfo (RoleInfo.java:updateAndGet(143)) - 6605b8a5-570b-4977-9ee7-6aaf3012bed5: start FollowerState
2019-10-18 14:58:25,248 [327657b1-60f8-49f2-b2a3-f63e1f934942@group-58A987F56150-LeaderElection189] INFO  impl.LeaderElection (LeaderElection.java:logAndReturn(56)) - 327657b1-60f8-49f2-b2a3-f63e1f934942@group-58A987F56150-LeaderElection189: Election REJECTED; received 2 response(s) [327657b1-60f8-49f2-b2a3-f63e1f934942<-6605b8a5-570b-4977-9ee7-6aaf3012bed5#0:FAIL-t216, 327657b1-60f8-49f2-b2a3-f63e1f934942<-ddd4789c-894d-475a-bbfb-f6e7aa670c92#0:FAIL-t216] and 0 exception(s); 327657b1-60f8-49f2-b2a3-f63e1f934942@group-58A987F56150:t216, leader=null, voted=327657b1-60f8-49f2-b2a3-f63e1f934942, raftlog=327657b1-60f8-49f2-b2a3-f63e1f934942@group-58A987F56150-SegmentedRaftLog:OPENED:c-1,f-1,i0, conf=-1: [6605b8a5-570b-4977-9ee7-6aaf3012bed5:192.168.164.233:35223, 327657b1-60f8-49f2-b2a3-f63e1f934942:192.168.164.233:41966, ddd4789c-894d-475a-bbfb-f6e7aa670c92:192.168.164.233:41061], old=null
2019-10-18 14:58:25,248 [327657b1-60f8-49f2-b2a3-f63e1f934942@group-58A987F56150-LeaderElection189] INFO  impl.RaftServerImpl (RaftServerImpl.java:setRole(184)) - 327657b1-60f8-49f2-b2a3-f63e1f934942@group-58A987F56150: changes role from CANDIDATE to FOLLOWER at term 216 for DISCOVERED_A_NEW_TERM
2019-10-18 14:58:25,248 [327657b1-60f8-49f2-b2a3-f63e1f934942@group-58A987F56150-LeaderElection189] INFO  impl.RoleInfo (RoleInfo.java:shutdownLeaderElection(134)) - 327657b1-60f8-49f2-b2a3-f63e1f934942: shutdown LeaderElection
2019-10-18 14:58:25,249 [327657b1-60f8-49f2-b2a3-f63e1f934942@group-58A987F56150-LeaderElection189] INFO  impl.RoleInfo (RoleInfo.java:updateAndGet(143)) - 327657b1-60f8-49f2-b2a3-f63e1f934942: start FollowerState
2019-10-18 14:58:25,311 [Thread-1528] INFO  impl.FollowerState (FollowerState.java:run(108)) - 327657b1-60f8-49f2-b2a3-f63e1f934942@group-58A987F56150-FollowerState: change to CANDIDATE, lastRpcTime:62ms, electionTimeout:62ms
2019-10-18 14:58:25,311 [Thread-1528] INFO  impl.RoleInfo (RoleInfo.java:shutdownFollowerState(121)) - 327657b1-60f8-49f2-b2a3-f63e1f934942: shutdown FollowerState
2019-10-18 14:58:25,312 [Thread-1528] INFO  impl.RaftServerImpl (RaftServerImpl.java:setRole(184)) - 327657b1-60f8-49f2-b2a3-f63e1f934942@group-58A987F56150: changes role from  FOLLOWER to CANDIDATE at term 216 for changeToCandidate
2019-10-18 14:58:25,312 [Thread-1528] INFO  impl.RoleInfo (RoleInfo.java:updateAndGet(143)) - 327657b1-60f8-49f2-b2a3-f63e1f934942: start LeaderElection
2019-10-18 14:58:25,327 [327657b1-60f8-49f2-b2a3-f63e1f934942@group-58A987F56150-LeaderElection190] INFO  impl.LeaderElection (LeaderElection.java:askForVotes(178)) - 327657b1-60f8-49f2-b2a3-f63e1f934942@group-58A987F56150-LeaderElection190: begin an election at term 217 for -1: [6605b8a5-570b-4977-9ee7-6aaf3012bed5:192.168.164.233:35223, 327657b1-60f8-49f2-b2a3-f63e1f934942:192.168.164.233:41966, ddd4789c-894d-475a-bbfb-f6e7aa670c92:192.168.164.233:41061], old=null
2019-10-18 14:58:25,329 [grpc-default-executor-2] INFO  impl.RaftServerImpl (RaftServerImpl.java:setRole(184)) - ddd4789c-894d-475a-bbfb-f6e7aa670c92@group-58A987F56150: changes role from  FOLLOWER to FOLLOWER at term 217 for recognizeCandidate:327657b1-60f8-49f2-b2a3-f63e1f934942
2019-10-18 14:58:25,329 [grpc-default-executor-3] INFO  impl.RaftServerImpl (RaftServerImpl.java:setRole(184)) - 6605b8a5-570b-4977-9ee7-6aaf3012bed5@group-58A987F56150: changes role from  FOLLOWER to FOLLOWER at term 217 for recognizeCandidate:327657b1-60f8-49f2-b2a3-f63e1f934942
2019-10-18 14:58:25,329 [grpc-default-executor-3] INFO  impl.RoleInfo (RoleInfo.java:shutdownFollowerState(121)) - 6605b8a5-570b-4977-9ee7-6aaf3012bed5: shutdown FollowerState
2019-10-18 14:58:25,329 [grpc-default-executor-2] INFO  impl.RoleInfo (RoleInfo.java:shutdownFollowerState(121)) - ddd4789c-894d-475a-bbfb-f6e7aa670c92: shutdown FollowerState
2019-10-18 14:58:25,330 [grpc-default-executor-3] INFO  impl.RoleInfo (RoleInfo.java:updateAndGet(143)) - 6605b8a5-570b-4977-9ee7-6aaf3012bed5: start FollowerState
2019-10-18 14:58:25,330 [grpc-default-executor-2] INFO  impl.RoleInfo (RoleInfo.java:updateAndGet(143)) - ddd4789c-894d-475a-bbfb-f6e7aa670c92: start FollowerState
2019-10-18 14:58:25,330 [Thread-1527] INFO  impl.FollowerState (FollowerState.java:run(117)) - 6605b8a5-570b-4977-9ee7-6aaf3012bed5@group-58A987F56150-FollowerState was interrupted: java.lang.InterruptedException: sleep interrupted
2019-10-18 14:58:25,330 [Thread-1526] INFO  impl.FollowerState (FollowerState.java:run(117)) - ddd4789c-894d-475a-bbfb-f6e7aa670c92@group-58A987F56150-FollowerState was interrupted: java.lang.InterruptedException: sleep interrupted
2019-10-18 14:58:25,355 [327657b1-60f8-49f2-b2a3-f63e1f934942@group-58A987F56150-LeaderElection190] INFO  impl.LeaderElection (LeaderElection.java:logAndReturn(56)) - 327657b1-60f8-49f2-b2a3-f63e1f934942@group-58A987F56150-LeaderElection190: Election REJECTED; received 2 response(s) [327657b1-60f8-49f2-b2a3-f63e1f934942<-6605b8a5-570b-4977-9ee7-6aaf3012bed5#0:FAIL-t217, 327657b1-60f8-49f2-b2a3-f63e1f934942<-ddd4789c-894d-475a-bbfb-f6e7aa670c92#0:FAIL-t217] and 0 exception(s); 327657b1-60f8-49f2-b2a3-f63e1f934942@group-58A987F56150:t217, leader=null, voted=327657b1-60f8-49f2-b2a3-f63e1f934942, raftlog=327657b1-60f8-49f2-b2a3-f63e1f934942@group-58A987F56150-SegmentedRaftLog:OPENED:c-1,f-1,i0, conf=-1: [6605b8a5-570b-4977-9ee7-6aaf3012bed5:192.168.164.233:35223, 327657b1-60f8-49f2-b2a3-f63e1f934942:192.168.164.233:41966, ddd4789c-894d-475a-bbfb-f6e7aa670c92:192.168.164.233:41061], old=null
2019-10-18 14:58:25,355 [327657b1-60f8-49f2-b2a3-f63e1f934942@group-58A987F56150-LeaderElection190] INFO  impl.RaftServerImpl (RaftServerImpl.java:setRole(184)) - 327657b1-60f8-49f2-b2a3-f63e1f934942@group-58A987F56150: changes role from CANDIDATE to FOLLOWER at term 217 for DISCOVERED_A_NEW_TERM
2019-10-18 14:58:25,356 [327657b1-60f8-49f2-b2a3-f63e1f934942@group-58A987F56150-LeaderElection190] INFO  impl.RoleInfo (RoleInfo.java:shutdownLeaderElection(134)) - 327657b1-60f8-49f2-b2a3-f63e1f934942: shutdown LeaderElection
2019-10-18 14:58:25,356 [327657b1-60f8-49f2-b2a3-f63e1f934942@group-58A987F56150-LeaderElection190] INFO  impl.RoleInfo (RoleInfo.java:updateAndGet(143)) - 327657b1-60f8-49f2-b2a3-f63e1f934942: start FollowerState
2019-10-18 14:58:25,554 [Thread-1534] INFO  impl.FollowerState (FollowerState.java:run(108)) - 327657b1-60f8-49f2-b2a3-f63e1f934942@group-58A987F56150-FollowerState: change to CANDIDATE, lastRpcTime:198ms, electionTimeout:198ms
2019-10-18 14:58:25,554 [Thread-1534] INFO  impl.RoleInfo (RoleInfo.java:shutdownFollowerState(121)) - 327657b1-60f8-49f2-b2a3-f63e1f934942: shutdown FollowerState
2019-10-18 14:58:25,554 [Thread-1534] INFO  impl.RaftServerImpl (RaftServerImpl.java:setRole(184)) - 327657b1-60f8-49f2-b2a3-f63e1f934942@group-58A987F56150: changes role from  FOLLOWER to CANDIDATE at term 217 for changeToCandidate
2019-10-18 14:58:25,555 [Thread-1534] INFO  impl.RoleInfo (RoleInfo.java:updateAndGet(143)) - 327657b1-60f8-49f2-b2a3-f63e1f934942: start LeaderElection
2019-10-18 14:58:25,577 [327657b1-60f8-49f2-b2a3-f63e1f934942@group-58A987F56150-LeaderElection191] INFO  impl.LeaderElection (LeaderElection.java:askForVotes(178)) - 327657b1-60f8-49f2-b2a3-f63e1f934942@group-58A987F56150-LeaderElection191: begin an election at term 218 for -1: [6605b8a5-570b-4977-9ee7-6aaf3012bed5:192.168.164.233:35223, 327657b1-60f8-49f2-b2a3-f63e1f934942:192.168.164.233:41966, ddd4789c-894d-475a-bbfb-f6e7aa670c92:192.168.164.233:41061], old=null
2019-10-18 14:58:25,579 [grpc-default-executor-2] INFO  impl.RaftServerImpl (RaftServerImpl.java:setRole(184)) - 6605b8a5-570b-4977-9ee7-6aaf3012bed5@group-58A987F56150: changes role from  FOLLOWER to FOLLOWER at term 218 for recognizeCandidate:327657b1-60f8-49f2-b2a3-f63e1f934942
2019-10-18 14:58:25,579 [grpc-default-executor-3] INFO  impl.RaftServerImpl (RaftServerImpl.java:setRole(184)) - ddd4789c-894d-475a-bbfb-f6e7aa670c92@group-58A987F56150: changes role from  FOLLOWER to FOLLOWER at term 218 for recognizeCandidate:327657b1-60f8-49f2-b2a3-f63e1f934942
2019-10-18 14:58:25,579 [grpc-default-executor-3] INFO  impl.RoleInfo (RoleInfo.java:shutdownFollowerState(121)) - ddd4789c-894d-475a-bbfb-f6e7aa670c92: shutdown FollowerState
2019-10-18 14:58:25,579 [grpc-default-executor-2] INFO  impl.RoleInfo (RoleInfo.java:shutdownFollowerState(121)) - 6605b8a5-570b-4977-9ee7-6aaf3012bed5: shutdown FollowerState
2019-10-18 14:58:25,580 [Thread-1533] INFO  impl.FollowerState (FollowerState.java:run(117)) - ddd4789c-894d-475a-bbfb-f6e7aa670c92@group-58A987F56150-FollowerState was interrupted: java.lang.InterruptedException: sleep interrupted
2019-10-18 14:58:25,580 [grpc-default-executor-3] INFO  impl.RoleInfo (RoleInfo.java:updateAndGet(143)) - ddd4789c-894d-475a-bbfb-f6e7aa670c92: start FollowerState
2019-10-18 14:58:25,580 [Thread-1532] INFO  impl.FollowerState (FollowerState.java:run(117)) - 6605b8a5-570b-4977-9ee7-6aaf3012bed5@group-58A987F56150-FollowerState was interrupted: java.lang.InterruptedException: sleep interrupted
2019-10-18 14:58:25,580 [grpc-default-executor-2] INFO  impl.RoleInfo (RoleInfo.java:updateAndGet(143)) - 6605b8a5-570b-4977-9ee7-6aaf3012bed5: start FollowerState
2019-10-18 14:58:25,606 [327657b1-60f8-49f2-b2a3-f63e1f934942@group-58A987F56150-LeaderElection191] INFO  impl.LeaderElection (LeaderElection.java:logAndReturn(56)) - 327657b1-60f8-49f2-b2a3-f63e1f934942@group-58A987F56150-LeaderElection191: Election REJECTED; received 2 response(s) [327657b1-60f8-49f2-b2a3-f63e1f934942<-6605b8a5-570b-4977-9ee7-6aaf3012bed5#0:FAIL-t218, 327657b1-60f8-49f2-b2a3-f63e1f934942<-ddd4789c-894d-475a-bbfb-f6e7aa670c92#0:FAIL-t218] and 0 exception(s); 327657b1-60f8-49f2-b2a3-f63e1f934942@group-58A987F56150:t218, leader=null, voted=327657b1-60f8-49f2-b2a3-f63e1f934942, raftlog=327657b1-60f8-49f2-b2a3-f63e1f934942@group-58A987F56150-SegmentedRaftLog:OPENED:c-1,f-1,i0, conf=-1: [6605b8a5-570b-4977-9ee7-6aaf3012bed5:192.168.164.233:35223, 327657b1-60f8-49f2-b2a3-f63e1f934942:192.168.164.233:41966, ddd4789c-894d-475a-bbfb-f6e7aa670c92:192.168.164.233:41061], old=null
2019-10-18 14:58:25,606 [327657b1-60f8-49f2-b2a3-f63e1f934942@group-58A987F56150-LeaderElection191] INFO  impl.RaftServerImpl (RaftServerImpl.java:setRole(184)) - 327657b1-60f8-49f2-b2a3-f63e1f934942@group-58A987F56150: changes role from CANDIDATE to FOLLOWER at term 218 for DISCOVERED_A_NEW_TERM
2019-10-18 14:58:25,607 [327657b1-60f8-49f2-b2a3-f63e1f934942@group-58A987F56150-LeaderElection191] INFO  impl.RoleInfo (RoleInfo.java:shutdownLeaderElection(134)) - 327657b1-60f8-49f2-b2a3-f63e1f934942: shutdown LeaderElection
2019-10-18 14:58:25,607 [327657b1-60f8-49f2-b2a3-f63e1f934942@group-58A987F56150-LeaderElection191] INFO  impl.RoleInfo (RoleInfo.java:updateAndGet(143)) - 327657b1-60f8-49f2-b2a3-f63e1f934942: start FollowerState
2019-10-18 14:58:25,729 [Thread-1540] INFO  impl.FollowerState (FollowerState.java:run(108)) - 327657b1-60f8-49f2-b2a3-f63e1f934942@group-58A987F56150-FollowerState: change to CANDIDATE, lastRpcTime:122ms, electionTimeout:122ms
2019-10-18 14:58:25,729 [Thread-1540] INFO  impl.RoleInfo (RoleInfo.java:shutdownFollowerState(121)) - 327657b1-60f8-49f2-b2a3-f63e1f934942: shutdown FollowerState
2019-10-18 14:58:25,730 [Thread-1540] INFO  impl.RaftServerImpl (RaftServerImpl.java:setRole(184)) - 327657b1-60f8-49f2-b2a3-f63e1f934942@group-58A987F56150: changes role from  FOLLOWER to CANDIDATE at term 218 for changeToCandidate
2019-10-18 14:58:25,730 [Thread-1540] INFO  impl.RoleInfo (RoleInfo.java:updateAndGet(143)) - 327657b1-60f8-49f2-b2a3-f63e1f934942: start LeaderElection
2019-10-18 14:58:25,744 [327657b1-60f8-49f2-b2a3-f63e1f934942@group-58A987F56150-LeaderElection192] INFO  impl.LeaderElection (LeaderElection.java:askForVotes(178)) - 327657b1-60f8-49f2-b2a3-f63e1f934942@group-58A987F56150-LeaderElection192: begin an election at term 219 for -1: [6605b8a5-570b-4977-9ee7-6aaf3012bed5:192.168.164.233:35223, 327657b1-60f8-49f2-b2a3-f63e1f934942:192.168.164.233:41966, ddd4789c-894d-475a-bbfb-f6e7aa670c92:192.168.164.233:41061], old=null
2019-10-18 14:58:25,746 [grpc-default-executor-3] INFO  impl.RaftServerImpl (RaftServerImpl.java:setRole(184)) - 6605b8a5-570b-4977-9ee7-6aaf3012bed5@group-58A987F56150: changes role from  FOLLOWER to FOLLOWER at term 219 for recognizeCandidate:327657b1-60f8-49f2-b2a3-f63e1f934942
2019-10-18 14:58:25,746 [grpc-default-executor-3] INFO  impl.RoleInfo (RoleInfo.java:shutdownFollowerState(121)) - 6605b8a5-570b-4977-9ee7-6aaf3012bed5: shutdown FollowerState
2019-10-18 14:58:25,746 [grpc-default-executor-2] INFO  impl.RaftServerImpl (RaftServerImpl.java:setRole(184)) - ddd4789c-894d-475a-bbfb-f6e7aa670c92@group-58A987F56150: changes role from  FOLLOWER to FOLLOWER at term 219 for recognizeCandidate:327657b1-60f8-49f2-b2a3-f63e1f934942
2019-10-18 14:58:25,747 [Thread-1539] INFO  impl.FollowerState (FollowerState.java:run(117)) - 6605b8a5-570b-4977-9ee7-6aaf3012bed5@group-58A987F56150-FollowerState was interrupted: java.lang.InterruptedException: sleep interrupted
2019-10-18 14:58:25,747 [grpc-default-executor-3] INFO  impl.RoleInfo (RoleInfo.java:updateAndGet(143)) - 6605b8a5-570b-4977-9ee7-6aaf3012bed5: start FollowerState
2019-10-18 14:58:25,747 [grpc-default-executor-2] INFO  impl.RoleInfo (RoleInfo.java:shutdownFollowerState(121)) - ddd4789c-894d-475a-bbfb-f6e7aa670c92: shutdown FollowerState
2019-10-18 14:58:25,747 [grpc-default-executor-2] INFO  impl.RoleInfo (RoleInfo.java:updateAndGet(143)) - ddd4789c-894d-475a-bbfb-f6e7aa670c92: start FollowerState
2019-10-18 14:58:25,747 [Thread-1538] INFO  impl.FollowerState (FollowerState.java:run(117)) - ddd4789c-894d-475a-bbfb-f6e7aa670c92@group-58A987F56150-FollowerState was interrupted: java.lang.InterruptedException: sleep interrupted
2019-10-18 14:58:25,784 [327657b1-60f8-49f2-b2a3-f63e1f934942@group-58A987F56150-LeaderElection192] INFO  impl.LeaderElection (LeaderElection.java:logAndReturn(56)) - 327657b1-60f8-49f2-b2a3-f63e1f934942@group-58A987F56150-LeaderElection192: Election REJECTED; received 2 response(s) [327657b1-60f8-49f2-b2a3-f63e1f934942<-6605b8a5-570b-4977-9ee7-6aaf3012bed5#0:FAIL-t219, 327657b1-60f8-49f2-b2a3-f63e1f934942<-ddd4789c-894d-475a-bbfb-f6e7aa670c92#0:FAIL-t219] and 0 exception(s); 327657b1-60f8-49f2-b2a3-f63e1f934942@group-58A987F56150:t219, leader=null, voted=327657b1-60f8-49f2-b2a3-f63e1f934942, raftlog=327657b1-60f8-49f2-b2a3-f63e1f934942@group-58A987F56150-SegmentedRaftLog:OPENED:c-1,f-1,i0, conf=-1: [6605b8a5-570b-4977-9ee7-6aaf3012bed5:192.168.164.233:35223, 327657b1-60f8-49f2-b2a3-f63e1f934942:192.168.164.233:41966, ddd4789c-894d-475a-bbfb-f6e7aa670c92:192.168.164.233:41061], old=null
2019-10-18 14:58:25,784 [327657b1-60f8-49f2-b2a3-f63e1f934942@group-58A987F56150-LeaderElection192] INFO  impl.RaftServerImpl (RaftServerImpl.java:setRole(184)) - 327657b1-60f8-49f2-b2a3-f63e1f934942@group-58A987F56150: changes role from CANDIDATE to FOLLOWER at term 219 for DISCOVERED_A_NEW_TERM
2019-10-18 14:58:25,784 [327657b1-60f8-49f2-b2a3-f63e1f934942@group-58A987F56150-LeaderElection192] INFO  impl.RoleInfo (RoleInfo.java:shutdownLeaderElection(134)) - 327657b1-60f8-49f2-b2a3-f63e1f934942: shutdown LeaderElection
2019-10-18 14:58:25,784 [327657b1-60f8-49f2-b2a3-f63e1f934942@group-58A987F56150-LeaderElection192] INFO  impl.RoleInfo (RoleInfo.java:updateAndGet(143)) - 327657b1-60f8-49f2-b2a3-f63e1f934942: start FollowerState
2019-10-18 14:58:25,938 [Thread-1546] INFO  impl.FollowerState (FollowerState.java:run(108)) - 327657b1-60f8-49f2-b2a3-f63e1f934942@group-58A987F56150-FollowerState: change to CANDIDATE, lastRpcTime:153ms, electionTimeout:153ms
2019-10-18 14:58:25,938 [Thread-1546] INFO  impl.RoleInfo (RoleInfo.java:shutdownFollowerState(121)) - 327657b1-60f8-49f2-b2a3-f63e1f934942: shutdown FollowerState
2019-10-18 14:58:25,938 [Thread-1546] INFO  impl.RaftServerImpl (RaftServerImpl.java:setRole(184)) - 327657b1-60f8-49f2-b2a3-f63e1f934942@group-58A987F56150: changes role from  FOLLOWER to CANDIDATE at term 219 for changeToCandidate
2019-10-18 14:58:25,938 [Thread-1546] INFO  impl.RoleInfo (RoleInfo.java:updateAndGet(143)) - 327657b1-60f8-49f2-b2a3-f63e1f934942: start LeaderElection
2019-10-18 14:58:25,952 [327657b1-60f8-49f2-b2a3-f63e1f934942@group-58A987F56150-LeaderElection193] INFO  impl.LeaderElection (LeaderElection.java:askForVotes(178)) - 327657b1-60f8-49f2-b2a3-f63e1f934942@group-58A987F56150-LeaderElection193: begin an election at term 220 for -1: [6605b8a5-570b-4977-9ee7-6aaf3012bed5:192.168.164.233:35223, 327657b1-60f8-49f2-b2a3-f63e1f934942:192.168.164.233:41966, ddd4789c-894d-475a-bbfb-f6e7aa670c92:192.168.164.233:41061], old=null
2019-10-18 14:58:25,955 [grpc-default-executor-2] INFO  impl.RaftServerImpl (RaftServerImpl.java:setRole(184)) - ddd4789c-894d-475a-bbfb-f6e7aa670c92@group-58A987F56150: changes role from  FOLLOWER to FOLLOWER at term 220 for recognizeCandidate:327657b1-60f8-49f2-b2a3-f63e1f934942
2019-10-18 14:58:25,955 [grpc-default-executor-3] INFO  impl.RaftServerImpl (RaftServerImpl.java:setRole(184)) - 6605b8a5-570b-4977-9ee7-6aaf3012bed5@group-58A987F56150: changes role from  FOLLOWER to FOLLOWER at term 220 for recognizeCandidate:327657b1-60f8-49f2-b2a3-f63e1f934942
2019-10-18 14:58:25,955 [grpc-default-executor-3] INFO  impl.RoleInfo (RoleInfo.java:shutdownFollowerState(121)) - 6605b8a5-570b-4977-9ee7-6aaf3012bed5: shutdown FollowerState
2019-10-18 14:58:25,955 [grpc-default-executor-2] INFO  impl.RoleInfo (RoleInfo.java:shutdownFollowerState(121)) - ddd4789c-894d-475a-bbfb-f6e7aa670c92: shutdown FollowerState
2019-10-18 14:58:25,956 [Thread-1544] INFO  impl.FollowerState (FollowerState.java:run(117)) - 6605b8a5-570b-4977-9ee7-6aaf3012bed5@group-58A987F56150-FollowerState was interrupted: java.lang.InterruptedException: sleep interrupted
2019-10-18 14:58:25,955 [grpc-default-executor-3] INFO  impl.RoleInfo (RoleInfo.java:updateAndGet(143)) - 6605b8a5-570b-4977-9ee7-6aaf3012bed5: start FollowerState
2019-10-18 14:58:25,956 [Thread-1545] INFO  impl.FollowerState (FollowerState.java:run(117)) - ddd4789c-894d-475a-bbfb-f6e7aa670c92@group-58A987F56150-FollowerState was interrupted: java.lang.InterruptedException: sleep interrupted
2019-10-18 14:58:25,956 [grpc-default-executor-2] INFO  impl.RoleInfo (RoleInfo.java:updateAndGet(143)) - ddd4789c-894d-475a-bbfb-f6e7aa670c92: start FollowerState
2019-10-18 14:58:25,972 [327657b1-60f8-49f2-b2a3-f63e1f934942@group-58A987F56150-LeaderElection193] INFO  impl.LeaderElection (LeaderElection.java:logAndReturn(56)) - 327657b1-60f8-49f2-b2a3-f63e1f934942@group-58A987F56150-LeaderElection193: Election REJECTED; received 2 response(s) [327657b1-60f8-49f2-b2a3-f63e1f934942<-6605b8a5-570b-4977-9ee7-6aaf3012bed5#0:FAIL-t220, 327657b1-60f8-49f2-b2a3-f63e1f934942<-ddd4789c-894d-475a-bbfb-f6e7aa670c92#0:FAIL-t220] and 0 exception(s); 327657b1-60f8-49f2-b2a3-f63e1f934942@group-58A987F56150:t220, leader=null, voted=327657b1-60f8-49f2-b2a3-f63e1f934942, raftlog=327657b1-60f8-49f2-b2a3-f63e1f934942@group-58A987F56150-SegmentedRaftLog:OPENED:c-1,f-1,i0, conf=-1: [6605b8a5-570b-4977-9ee7-6aaf3012bed5:192.168.164.233:35223, 327657b1-60f8-49f2-b2a3-f63e1f934942:192.168.164.233:41966, ddd4789c-894d-475a-bbfb-f6e7aa670c92:192.168.164.233:41061], old=null
2019-10-18 14:58:25,972 [327657b1-60f8-49f2-b2a3-f63e1f934942@group-58A987F56150-LeaderElection193] INFO  impl.RaftServerImpl (RaftServerImpl.java:setRole(184)) - 327657b1-60f8-49f2-b2a3-f63e1f934942@group-58A987F56150: changes role from CANDIDATE to FOLLOWER at term 220 for DISCOVERED_A_NEW_TERM
2019-10-18 14:58:25,972 [327657b1-60f8-49f2-b2a3-f63e1f934942@group-58A987F56150-LeaderElection193] INFO  impl.RoleInfo (RoleInfo.java:shutdownLeaderElection(134)) - 327657b1-60f8-49f2-b2a3-f63e1f934942: shutdown LeaderElection
2019-10-18 14:58:25,972 [327657b1-60f8-49f2-b2a3-f63e1f934942@group-58A987F56150-LeaderElection193] INFO  impl.RoleInfo (RoleInfo.java:updateAndGet(143)) - 327657b1-60f8-49f2-b2a3-f63e1f934942: start FollowerState
2019-10-18 14:58:26,046 [Thread-1554] INFO  impl.FollowerState (FollowerState.java:run(108)) - 327657b1-60f8-49f2-b2a3-f63e1f934942@group-58A987F56150-FollowerState: change to CANDIDATE, lastRpcTime:73ms, electionTimeout:73ms
2019-10-18 14:58:26,046 [Thread-1554] INFO  impl.RoleInfo (RoleInfo.java:shutdownFollowerState(121)) - 327657b1-60f8-49f2-b2a3-f63e1f934942: shutdown FollowerState
2019-10-18 14:58:26,046 [Thread-1554] INFO  impl.RaftServerImpl (RaftServerImpl.java:setRole(184)) - 327657b1-60f8-49f2-b2a3-f63e1f934942@group-58A987F56150: changes role from  FOLLOWER to CANDIDATE at term 220 for changeToCandidate
2019-10-18 14:58:26,046 [Thread-1554] INFO  impl.RoleInfo (RoleInfo.java:updateAndGet(143)) - 327657b1-60f8-49f2-b2a3-f63e1f934942: start LeaderElection
2019-10-18 14:58:26,079 [327657b1-60f8-49f2-b2a3-f63e1f934942@group-58A987F56150-LeaderElection194] INFO  impl.LeaderElection (LeaderElection.java:askForVotes(178)) - 327657b1-60f8-49f2-b2a3-f63e1f934942@group-58A987F56150-LeaderElection194: begin an election at term 221 for -1: [6605b8a5-570b-4977-9ee7-6aaf3012bed5:192.168.164.233:35223, 327657b1-60f8-49f2-b2a3-f63e1f934942:192.168.164.233:41966, ddd4789c-894d-475a-bbfb-f6e7aa670c92:192.168.164.233:41061], old=null
2019-10-18 14:58:26,081 [grpc-default-executor-2] INFO  impl.RaftServerImpl (RaftServerImpl.java:setRole(184)) - 6605b8a5-570b-4977-9ee7-6aaf3012bed5@group-58A987F56150: changes role from  FOLLOWER to FOLLOWER at term 221 for recognizeCandidate:327657b1-60f8-49f2-b2a3-f63e1f934942
2019-10-18 14:58:26,081 [grpc-default-executor-3] INFO  impl.RaftServerImpl (RaftServerImpl.java:setRole(184)) - ddd4789c-894d-475a-bbfb-f6e7aa670c92@group-58A987F56150: changes role from  FOLLOWER to FOLLOWER at term 221 for recognizeCandidate:327657b1-60f8-49f2-b2a3-f63e1f934942
2019-10-18 14:58:26,081 [grpc-default-executor-2] INFO  impl.RoleInfo (RoleInfo.java:shutdownFollowerState(121)) - 6605b8a5-570b-4977-9ee7-6aaf3012bed5: shutdown FollowerState
2019-10-18 14:58:26,081 [grpc-default-executor-3] INFO  impl.RoleInfo (RoleInfo.java:shutdownFollowerState(121)) - ddd4789c-894d-475a-bbfb-f6e7aa670c92: shutdown FollowerState
2019-10-18 14:58:26,082 [grpc-default-executor-2] INFO  impl.RoleInfo (RoleInfo.java:updateAndGet(143)) - 6605b8a5-570b-4977-9ee7-6aaf3012bed5: start FollowerState
2019-10-18 14:58:26,082 [Thread-1553] INFO  impl.FollowerState (FollowerState.java:run(117)) - ddd4789c-894d-475a-bbfb-f6e7aa670c92@group-58A987F56150-FollowerState was interrupted: java.lang.InterruptedException: sleep interrupted
2019-10-18 14:58:26,082 [grpc-default-executor-3] INFO  impl.RoleInfo (RoleInfo.java:updateAndGet(143)) - ddd4789c-894d-475a-bbfb-f6e7aa670c92: start FollowerState
2019-10-18 14:58:26,082 [Thread-1552] INFO  impl.FollowerState (FollowerState.java:run(117)) - 6605b8a5-570b-4977-9ee7-6aaf3012bed5@group-58A987F56150-FollowerState was interrupted: java.lang.InterruptedException: sleep interrupted
2019-10-18 14:58:26,096 [327657b1-60f8-49f2-b2a3-f63e1f934942@group-58A987F56150-LeaderElection194] INFO  impl.LeaderElection (LeaderElection.java:logAndReturn(56)) - 327657b1-60f8-49f2-b2a3-f63e1f934942@group-58A987F56150-LeaderElection194: Election REJECTED; received 2 response(s) [327657b1-60f8-49f2-b2a3-f63e1f934942<-6605b8a5-570b-4977-9ee7-6aaf3012bed5#0:FAIL-t221, 327657b1-60f8-49f2-b2a3-f63e1f934942<-ddd4789c-894d-475a-bbfb-f6e7aa670c92#0:FAIL-t221] and 0 exception(s); 327657b1-60f8-49f2-b2a3-f63e1f934942@group-58A987F56150:t221, leader=null, voted=327657b1-60f8-49f2-b2a3-f63e1f934942, raftlog=327657b1-60f8-49f2-b2a3-f63e1f934942@group-58A987F56150-SegmentedRaftLog:OPENED:c-1,f-1,i0, conf=-1: [6605b8a5-570b-4977-9ee7-6aaf3012bed5:192.168.164.233:35223, 327657b1-60f8-49f2-b2a3-f63e1f934942:192.168.164.233:41966, ddd4789c-894d-475a-bbfb-f6e7aa670c92:192.168.164.233:41061], old=null
2019-10-18 14:58:26,097 [327657b1-60f8-49f2-b2a3-f63e1f934942@group-58A987F56150-LeaderElection194] INFO  impl.RaftServerImpl (RaftServerImpl.java:setRole(184)) - 327657b1-60f8-49f2-b2a3-f63e1f934942@group-58A987F56150: changes role from CANDIDATE to FOLLOWER at term 221 for DISCOVERED_A_NEW_TERM
2019-10-18 14:58:26,097 [327657b1-60f8-49f2-b2a3-f63e1f934942@group-58A987F56150-LeaderElection194] INFO  impl.RoleInfo (RoleInfo.java:shutdownLeaderElection(134)) - 327657b1-60f8-49f2-b2a3-f63e1f934942: shutdown LeaderElection
2019-10-18 14:58:26,097 [327657b1-60f8-49f2-b2a3-f63e1f934942@group-58A987F56150-LeaderElection194] INFO  impl.RoleInfo (RoleInfo.java:updateAndGet(143)) - 327657b1-60f8-49f2-b2a3-f63e1f934942: start FollowerState
2019-10-18 14:58:26,227 [Thread-1560] INFO  impl.FollowerState (FollowerState.java:run(108)) - 327657b1-60f8-49f2-b2a3-f63e1f934942@group-58A987F56150-FollowerState: change to CANDIDATE, lastRpcTime:130ms, electionTimeout:130ms
2019-10-18 14:58:26,227 [Thread-1560] INFO  impl.RoleInfo (RoleInfo.java:shutdownFollowerState(121)) - 327657b1-60f8-49f2-b2a3-f63e1f934942: shutdown FollowerState
2019-10-18 14:58:26,227 [Thread-1560] INFO  impl.RaftServerImpl (RaftServerImpl.java:setRole(184)) - 327657b1-60f8-49f2-b2a3-f63e1f934942@group-58A987F56150: changes role from  FOLLOWER to CANDIDATE at term 221 for changeToCandidate
2019-10-18 14:58:26,228 [Thread-1560] INFO  impl.RoleInfo (RoleInfo.java:updateAndGet(143)) - 327657b1-60f8-49f2-b2a3-f63e1f934942: start LeaderElection
2019-10-18 14:58:26,241 [327657b1-60f8-49f2-b2a3-f63e1f934942@group-58A987F56150-LeaderElection195] INFO  impl.LeaderElection (LeaderElection.java:askForVotes(178)) - 327657b1-60f8-49f2-b2a3-f63e1f934942@group-58A987F56150-LeaderElection195: begin an election at term 222 for -1: [6605b8a5-570b-4977-9ee7-6aaf3012bed5:192.168.164.233:35223, 327657b1-60f8-49f2-b2a3-f63e1f934942:192.168.164.233:41966, ddd4789c-894d-475a-bbfb-f6e7aa670c92:192.168.164.233:41061], old=null
2019-10-18 14:58:26,251 [grpc-default-executor-3] INFO  impl.RaftServerImpl (RaftServerImpl.java:setRole(184)) - 6605b8a5-570b-4977-9ee7-6aaf3012bed5@group-58A987F56150: changes role from  FOLLOWER to FOLLOWER at term 222 for recognizeCandidate:327657b1-60f8-49f2-b2a3-f63e1f934942
2019-10-18 14:58:26,251 [grpc-default-executor-2] INFO  impl.RaftServerImpl (RaftServerImpl.java:setRole(184)) - ddd4789c-894d-475a-bbfb-f6e7aa670c92@group-58A987F56150: changes role from  FOLLOWER to FOLLOWER at term 222 for recognizeCandidate:327657b1-60f8-49f2-b2a3-f63e1f934942
2019-10-18 14:58:26,251 [grpc-default-executor-3] INFO  impl.RoleInfo (RoleInfo.java:shutdownFollowerState(121)) - 6605b8a5-570b-4977-9ee7-6aaf3012bed5: shutdown FollowerState
2019-10-18 14:58:26,251 [grpc-default-executor-2] INFO  impl.RoleInfo (RoleInfo.java:shutdownFollowerState(121)) - ddd4789c-894d-475a-bbfb-f6e7aa670c92: shutdown FollowerState
2019-10-18 14:58:26,252 [grpc-default-executor-3] INFO  impl.RoleInfo (RoleInfo.java:updateAndGet(143)) - 6605b8a5-570b-4977-9ee7-6aaf3012bed5: start FollowerState
2019-10-18 14:58:26,252 [Thread-1559] INFO  impl.FollowerState (FollowerState.java:run(117)) - ddd4789c-894d-475a-bbfb-f6e7aa670c92@group-58A987F56150-FollowerState was interrupted: java.lang.InterruptedException: sleep interrupted
2019-10-18 14:58:26,252 [Thread-1558] INFO  impl.FollowerState (FollowerState.java:run(117)) - 6605b8a5-570b-4977-9ee7-6aaf3012bed5@group-58A987F56150-FollowerState was interrupted: java.lang.InterruptedException: sleep interrupted
2019-10-18 14:58:26,252 [grpc-default-executor-2] INFO  impl.RoleInfo (RoleInfo.java:updateAndGet(143)) - ddd4789c-894d-475a-bbfb-f6e7aa670c92: start FollowerState
2019-10-18 14:58:26,279 [327657b1-60f8-49f2-b2a3-f63e1f934942@group-58A987F56150-LeaderElection195] INFO  impl.LeaderElection (LeaderElection.java:logAndReturn(56)) - 327657b1-60f8-49f2-b2a3-f63e1f934942@group-58A987F56150-LeaderElection195: Election REJECTED; received 2 response(s) [327657b1-60f8-49f2-b2a3-f63e1f934942<-6605b8a5-570b-4977-9ee7-6aaf3012bed5#0:FAIL-t222, 327657b1-60f8-49f2-b2a3-f63e1f934942<-ddd4789c-894d-475a-bbfb-f6e7aa670c92#0:FAIL-t222] and 0 exception(s); 327657b1-60f8-49f2-b2a3-f63e1f934942@group-58A987F56150:t222, leader=null, voted=327657b1-60f8-49f2-b2a3-f63e1f934942, raftlog=327657b1-60f8-49f2-b2a3-f63e1f934942@group-58A987F56150-SegmentedRaftLog:OPENED:c-1,f-1,i0, conf=-1: [6605b8a5-570b-4977-9ee7-6aaf3012bed5:192.168.164.233:35223, 327657b1-60f8-49f2-b2a3-f63e1f934942:192.168.164.233:41966, ddd4789c-894d-475a-bbfb-f6e7aa670c92:192.168.164.233:41061], old=null
2019-10-18 14:58:26,279 [327657b1-60f8-49f2-b2a3-f63e1f934942@group-58A987F56150-LeaderElection195] INFO  impl.RaftServerImpl (RaftServerImpl.java:setRole(184)) - 327657b1-60f8-49f2-b2a3-f63e1f934942@group-58A987F56150: changes role from CANDIDATE to FOLLOWER at term 222 for DISCOVERED_A_NEW_TERM
2019-10-18 14:58:26,279 [327657b1-60f8-49f2-b2a3-f63e1f934942@group-58A987F56150-LeaderElection195] INFO  impl.RoleInfo (RoleInfo.java:shutdownLeaderElection(134)) - 327657b1-60f8-49f2-b2a3-f63e1f934942: shutdown LeaderElection
2019-10-18 14:58:26,279 [327657b1-60f8-49f2-b2a3-f63e1f934942@group-58A987F56150-LeaderElection195] INFO  impl.RoleInfo (RoleInfo.java:updateAndGet(143)) - 327657b1-60f8-49f2-b2a3-f63e1f934942: start FollowerState
2019-10-18 14:58:26,337 [Thread-1566] INFO  impl.FollowerState (FollowerState.java:run(108)) - 327657b1-60f8-49f2-b2a3-f63e1f934942@group-58A987F56150-FollowerState: change to CANDIDATE, lastRpcTime:57ms, electionTimeout:57ms
2019-10-18 14:58:26,337 [Thread-1566] INFO  impl.RoleInfo (RoleInfo.java:shutdownFollowerState(121)) - 327657b1-60f8-49f2-b2a3-f63e1f934942: shutdown FollowerState
2019-10-18 14:58:26,337 [Thread-1566] INFO  impl.RaftServerImpl (RaftServerImpl.java:setRole(184)) - 327657b1-60f8-49f2-b2a3-f63e1f934942@group-58A987F56150: changes role from  FOLLOWER to CANDIDATE at term 222 for changeToCandidate
2019-10-18 14:58:26,337 [Thread-1566] INFO  impl.RoleInfo (RoleInfo.java:updateAndGet(143)) - 327657b1-60f8-49f2-b2a3-f63e1f934942: start LeaderElection
2019-10-18 14:58:26,354 [327657b1-60f8-49f2-b2a3-f63e1f934942@group-58A987F56150-LeaderElection196] INFO  impl.LeaderElection (LeaderElection.java:askForVotes(178)) - 327657b1-60f8-49f2-b2a3-f63e1f934942@group-58A987F56150-LeaderElection196: begin an election at term 223 for -1: [6605b8a5-570b-4977-9ee7-6aaf3012bed5:192.168.164.233:35223, 327657b1-60f8-49f2-b2a3-f63e1f934942:192.168.164.233:41966, ddd4789c-894d-475a-bbfb-f6e7aa670c92:192.168.164.233:41061], old=null
2019-10-18 14:58:26,357 [grpc-default-executor-2] INFO  impl.RaftServerImpl (RaftServerImpl.java:setRole(184)) - 6605b8a5-570b-4977-9ee7-6aaf3012bed5@group-58A987F56150: changes role from  FOLLOWER to FOLLOWER at term 223 for recognizeCandidate:327657b1-60f8-49f2-b2a3-f63e1f934942
2019-10-18 14:58:26,357 [grpc-default-executor-3] INFO  impl.RaftServerImpl (RaftServerImpl.java:setRole(184)) - ddd4789c-894d-475a-bbfb-f6e7aa670c92@group-58A987F56150: changes role from  FOLLOWER to FOLLOWER at term 223 for recognizeCandidate:327657b1-60f8-49f2-b2a3-f63e1f934942
2019-10-18 14:58:26,358 [grpc-default-executor-3] INFO  impl.RoleInfo (RoleInfo.java:shutdownFollowerState(121)) - ddd4789c-894d-475a-bbfb-f6e7aa670c92: shutdown FollowerState
2019-10-18 14:58:26,357 [grpc-default-executor-2] INFO  impl.RoleInfo (RoleInfo.java:shutdownFollowerState(121)) - 6605b8a5-570b-4977-9ee7-6aaf3012bed5: shutdown FollowerState
2019-10-18 14:58:26,358 [Thread-1565] INFO  impl.FollowerState (FollowerState.java:run(117)) - ddd4789c-894d-475a-bbfb-f6e7aa670c92@group-58A987F56150-FollowerState was interrupted: java.lang.InterruptedException: sleep interrupted
2019-10-18 14:58:26,358 [grpc-default-executor-3] INFO  impl.RoleInfo (RoleInfo.java:updateAndGet(143)) - ddd4789c-894d-475a-bbfb-f6e7aa670c92: start FollowerState
2019-10-18 14:58:26,358 [Thread-1564] INFO  impl.FollowerState (FollowerState.java:run(117)) - 6605b8a5-570b-4977-9ee7-6aaf3012bed5@group-58A987F56150-FollowerState was interrupted: java.lang.InterruptedException: sleep interrupted
2019-10-18 14:58:26,358 [grpc-default-executor-2] INFO  impl.RoleInfo (RoleInfo.java:updateAndGet(143)) - 6605b8a5-570b-4977-9ee7-6aaf3012bed5: start FollowerState
2019-10-18 14:58:26,388 [327657b1-60f8-49f2-b2a3-f63e1f934942@group-58A987F56150-LeaderElection196] INFO  impl.LeaderElection (LeaderElection.java:logAndReturn(56)) - 327657b1-60f8-49f2-b2a3-f63e1f934942@group-58A987F56150-LeaderElection196: Election REJECTED; received 2 response(s) [327657b1-60f8-49f2-b2a3-f63e1f934942<-6605b8a5-570b-4977-9ee7-6aaf3012bed5#0:FAIL-t223, 327657b1-60f8-49f2-b2a3-f63e1f934942<-ddd4789c-894d-475a-bbfb-f6e7aa670c92#0:FAIL-t223] and 0 exception(s); 327657b1-60f8-49f2-b2a3-f63e1f934942@group-58A987F56150:t223, leader=null, voted=327657b1-60f8-49f2-b2a3-f63e1f934942, raftlog=327657b1-60f8-49f2-b2a3-f63e1f934942@group-58A987F56150-SegmentedRaftLog:OPENED:c-1,f-1,i0, conf=-1: [6605b8a5-570b-4977-9ee7-6aaf3012bed5:192.168.164.233:35223, 327657b1-60f8-49f2-b2a3-f63e1f934942:192.168.164.233:41966, ddd4789c-894d-475a-bbfb-f6e7aa670c92:192.168.164.233:41061], old=null
2019-10-18 14:58:26,388 [327657b1-60f8-49f2-b2a3-f63e1f934942@group-58A987F56150-LeaderElection196] INFO  impl.RaftServerImpl (RaftServerImpl.java:setRole(184)) - 327657b1-60f8-49f2-b2a3-f63e1f934942@group-58A987F56150: changes role from CANDIDATE to FOLLOWER at term 223 for DISCOVERED_A_NEW_TERM
2019-10-18 14:58:26,389 [327657b1-60f8-49f2-b2a3-f63e1f934942@group-58A987F56150-LeaderElection196] INFO  impl.RoleInfo (RoleInfo.java:shutdownLeaderElection(134)) - 327657b1-60f8-49f2-b2a3-f63e1f934942: shutdown LeaderElection
2019-10-18 14:58:26,389 [327657b1-60f8-49f2-b2a3-f63e1f934942@group-58A987F56150-LeaderElection196] INFO  impl.RoleInfo (RoleInfo.java:updateAndGet(143)) - 327657b1-60f8-49f2-b2a3-f63e1f934942: start FollowerState
2019-10-18 14:58:26,442 [Thread-1572] INFO  impl.FollowerState (FollowerState.java:run(108)) - 327657b1-60f8-49f2-b2a3-f63e1f934942@group-58A987F56150-FollowerState: change to CANDIDATE, lastRpcTime:53ms, electionTimeout:53ms
2019-10-18 14:58:26,443 [Thread-1572] INFO  impl.RoleInfo (RoleInfo.java:shutdownFollowerState(121)) - 327657b1-60f8-49f2-b2a3-f63e1f934942: shutdown FollowerState
2019-10-18 14:58:26,443 [Thread-1572] INFO  impl.RaftServerImpl (RaftServerImpl.java:setRole(184)) - 327657b1-60f8-49f2-b2a3-f63e1f934942@group-58A987F56150: changes role from  FOLLOWER to CANDIDATE at term 223 for changeToCandidate
2019-10-18 14:58:26,443 [Thread-1572] INFO  impl.RoleInfo (RoleInfo.java:updateAndGet(143)) - 327657b1-60f8-49f2-b2a3-f63e1f934942: start LeaderElection
2019-10-18 14:58:26,469 [327657b1-60f8-49f2-b2a3-f63e1f934942@group-58A987F56150-LeaderElection197] INFO  impl.LeaderElection (LeaderElection.java:askForVotes(178)) - 327657b1-60f8-49f2-b2a3-f63e1f934942@group-58A987F56150-LeaderElection197: begin an election at term 224 for -1: [6605b8a5-570b-4977-9ee7-6aaf3012bed5:192.168.164.233:35223, 327657b1-60f8-49f2-b2a3-f63e1f934942:192.168.164.233:41966, ddd4789c-894d-475a-bbfb-f6e7aa670c92:192.168.164.233:41061], old=null
2019-10-18 14:58:26,471 [grpc-default-executor-2] INFO  impl.RaftServerImpl (RaftServerImpl.java:setRole(184)) - 6605b8a5-570b-4977-9ee7-6aaf3012bed5@group-58A987F56150: changes role from  FOLLOWER to FOLLOWER at term 224 for recognizeCandidate:327657b1-60f8-49f2-b2a3-f63e1f934942
2019-10-18 14:58:26,471 [grpc-default-executor-2] INFO  impl.RoleInfo (RoleInfo.java:shutdownFollowerState(121)) - 6605b8a5-570b-4977-9ee7-6aaf3012bed5: shutdown FollowerState
2019-10-18 14:58:26,471 [grpc-default-executor-3] INFO  impl.RaftServerImpl (RaftServerImpl.java:setRole(184)) - ddd4789c-894d-475a-bbfb-f6e7aa670c92@group-58A987F56150: changes role from  FOLLOWER to FOLLOWER at term 224 for recognizeCandidate:327657b1-60f8-49f2-b2a3-f63e1f934942
2019-10-18 14:58:26,472 [Thread-1571] INFO  impl.FollowerState (FollowerState.java:run(117)) - 6605b8a5-570b-4977-9ee7-6aaf3012bed5@group-58A987F56150-FollowerState was interrupted: java.lang.InterruptedException: sleep interrupted
2019-10-18 14:58:26,472 [grpc-default-executor-3] INFO  impl.RoleInfo (RoleInfo.java:shutdownFollowerState(121)) - ddd4789c-894d-475a-bbfb-f6e7aa670c92: shutdown FollowerState
2019-10-18 14:58:26,471 [grpc-default-executor-2] INFO  impl.RoleInfo (RoleInfo.java:updateAndGet(143)) - 6605b8a5-570b-4977-9ee7-6aaf3012bed5: start FollowerState
2019-10-18 14:58:26,472 [Thread-1570] INFO  impl.FollowerState (FollowerState.java:run(117)) - ddd4789c-894d-475a-bbfb-f6e7aa670c92@group-58A987F56150-FollowerState was interrupted: java.lang.InterruptedException: sleep interrupted
2019-10-18 14:58:26,472 [grpc-default-executor-3] INFO  impl.RoleInfo (RoleInfo.java:updateAndGet(143)) - ddd4789c-894d-475a-bbfb-f6e7aa670c92: start FollowerState
2019-10-18 14:58:26,486 [327657b1-60f8-49f2-b2a3-f63e1f934942@group-58A987F56150-LeaderElection197] INFO  impl.LeaderElection (LeaderElection.java:logAndReturn(56)) - 327657b1-60f8-49f2-b2a3-f63e1f934942@group-58A987F56150-LeaderElection197: Election REJECTED; received 2 response(s) [327657b1-60f8-49f2-b2a3-f63e1f934942<-6605b8a5-570b-4977-9ee7-6aaf3012bed5#0:FAIL-t224, 327657b1-60f8-49f2-b2a3-f63e1f934942<-ddd4789c-894d-475a-bbfb-f6e7aa670c92#0:FAIL-t224] and 0 exception(s); 327657b1-60f8-49f2-b2a3-f63e1f934942@group-58A987F56150:t224, leader=null, voted=327657b1-60f8-49f2-b2a3-f63e1f934942, raftlog=327657b1-60f8-49f2-b2a3-f63e1f934942@group-58A987F56150-SegmentedRaftLog:OPENED:c-1,f-1,i0, conf=-1: [6605b8a5-570b-4977-9ee7-6aaf3012bed5:192.168.164.233:35223, 327657b1-60f8-49f2-b2a3-f63e1f934942:192.168.164.233:41966, ddd4789c-894d-475a-bbfb-f6e7aa670c92:192.168.164.233:41061], old=null
2019-10-18 14:58:26,486 [327657b1-60f8-49f2-b2a3-f63e1f934942@group-58A987F56150-LeaderElection197] INFO  impl.RaftServerImpl (RaftServerImpl.java:setRole(184)) - 327657b1-60f8-49f2-b2a3-f63e1f934942@group-58A987F56150: changes role from CANDIDATE to FOLLOWER at term 224 for DISCOVERED_A_NEW_TERM
2019-10-18 14:58:26,486 [327657b1-60f8-49f2-b2a3-f63e1f934942@group-58A987F56150-LeaderElection197] INFO  impl.RoleInfo (RoleInfo.java:shutdownLeaderElection(134)) - 327657b1-60f8-49f2-b2a3-f63e1f934942: shutdown LeaderElection
2019-10-18 14:58:26,486 [327657b1-60f8-49f2-b2a3-f63e1f934942@group-58A987F56150-LeaderElection197] INFO  impl.RoleInfo (RoleInfo.java:updateAndGet(143)) - 327657b1-60f8-49f2-b2a3-f63e1f934942: start FollowerState
2019-10-18 14:58:26,552 [Thread-1578] INFO  impl.FollowerState (FollowerState.java:run(108)) - 327657b1-60f8-49f2-b2a3-f63e1f934942@group-58A987F56150-FollowerState: change to CANDIDATE, lastRpcTime:66ms, electionTimeout:66ms
2019-10-18 14:58:26,553 [Thread-1578] INFO  impl.RoleInfo (RoleInfo.java:shutdownFollowerState(121)) - 327657b1-60f8-49f2-b2a3-f63e1f934942: shutdown FollowerState
2019-10-18 14:58:26,553 [Thread-1578] INFO  impl.RaftServerImpl (RaftServerImpl.java:setRole(184)) - 327657b1-60f8-49f2-b2a3-f63e1f934942@group-58A987F56150: changes role from  FOLLOWER to CANDIDATE at term 224 for changeToCandidate
2019-10-18 14:58:26,553 [Thread-1578] INFO  impl.RoleInfo (RoleInfo.java:updateAndGet(143)) - 327657b1-60f8-49f2-b2a3-f63e1f934942: start LeaderElection
2019-10-18 14:58:26,566 [327657b1-60f8-49f2-b2a3-f63e1f934942@group-58A987F56150-LeaderElection198] INFO  impl.LeaderElection (LeaderElection.java:askForVotes(178)) - 327657b1-60f8-49f2-b2a3-f63e1f934942@group-58A987F56150-LeaderElection198: begin an election at term 225 for -1: [6605b8a5-570b-4977-9ee7-6aaf3012bed5:192.168.164.233:35223, 327657b1-60f8-49f2-b2a3-f63e1f934942:192.168.164.233:41966, ddd4789c-894d-475a-bbfb-f6e7aa670c92:192.168.164.233:41061], old=null
2019-10-18 14:58:26,568 [grpc-default-executor-2] INFO  impl.RaftServerImpl (RaftServerImpl.java:setRole(184)) - 6605b8a5-570b-4977-9ee7-6aaf3012bed5@group-58A987F56150: changes role from  FOLLOWER to FOLLOWER at term 225 for recognizeCandidate:327657b1-60f8-49f2-b2a3-f63e1f934942
2019-10-18 14:58:26,568 [grpc-default-executor-2] INFO  impl.RoleInfo (RoleInfo.java:shutdownFollowerState(121)) - 6605b8a5-570b-4977-9ee7-6aaf3012bed5: shutdown FollowerState
2019-10-18 14:58:26,568 [grpc-default-executor-3] INFO  impl.RaftServerImpl (RaftServerImpl.java:setRole(184)) - ddd4789c-894d-475a-bbfb-f6e7aa670c92@group-58A987F56150: changes role from  FOLLOWER to FOLLOWER at term 225 for recognizeCandidate:327657b1-60f8-49f2-b2a3-f63e1f934942
2019-10-18 14:58:26,568 [Thread-1576] INFO  impl.FollowerState (FollowerState.java:run(117)) - 6605b8a5-570b-4977-9ee7-6aaf3012bed5@group-58A987F56150-FollowerState was interrupted: java.lang.InterruptedException: sleep interrupted
2019-10-18 14:58:26,568 [grpc-default-executor-2] INFO  impl.RoleInfo (RoleInfo.java:updateAndGet(143)) - 6605b8a5-570b-4977-9ee7-6aaf3012bed5: start FollowerState
2019-10-18 14:58:26,568 [grpc-default-executor-3] INFO  impl.RoleInfo (RoleInfo.java:shutdownFollowerState(121)) - ddd4789c-894d-475a-bbfb-f6e7aa670c92: shutdown FollowerState
2019-10-18 14:58:26,569 [grpc-default-executor-3] INFO  impl.RoleInfo (RoleInfo.java:updateAndGet(143)) - ddd4789c-894d-475a-bbfb-f6e7aa670c92: start FollowerState
2019-10-18 14:58:26,569 [Thread-1577] INFO  impl.FollowerState (FollowerState.java:run(117)) - ddd4789c-894d-475a-bbfb-f6e7aa670c92@group-58A987F56150-FollowerState was interrupted: java.lang.InterruptedException: sleep interrupted
2019-10-18 14:58:26,576 [327657b1-60f8-49f2-b2a3-f63e1f934942@group-58A987F56150-LeaderElection198] INFO  impl.LeaderElection (LeaderElection.java:logAndReturn(56)) - 327657b1-60f8-49f2-b2a3-f63e1f934942@group-58A987F56150-LeaderElection198: Election TIMEOUT; received 0 response(s) [] and 0 exception(s); 327657b1-60f8-49f2-b2a3-f63e1f934942@group-58A987F56150:t225, leader=null, voted=327657b1-60f8-49f2-b2a3-f63e1f934942, raftlog=327657b1-60f8-49f2-b2a3-f63e1f934942@group-58A987F56150-SegmentedRaftLog:OPENED:c-1,f-1,i0, conf=-1: [6605b8a5-570b-4977-9ee7-6aaf3012bed5:192.168.164.233:35223, 327657b1-60f8-49f2-b2a3-f63e1f934942:192.168.164.233:41966, ddd4789c-894d-475a-bbfb-f6e7aa670c92:192.168.164.233:41061], old=null
2019-10-18 14:58:26,593 [327657b1-60f8-49f2-b2a3-f63e1f934942@group-58A987F56150-LeaderElection198] INFO  impl.LeaderElection (LeaderElection.java:askForVotes(178)) - 327657b1-60f8-49f2-b2a3-f63e1f934942@group-58A987F56150-LeaderElection198: begin an election at term 226 for -1: [6605b8a5-570b-4977-9ee7-6aaf3012bed5:192.168.164.233:35223, 327657b1-60f8-49f2-b2a3-f63e1f934942:192.168.164.233:41966, ddd4789c-894d-475a-bbfb-f6e7aa670c92:192.168.164.233:41061], old=null
2019-10-18 14:58:26,595 [grpc-default-executor-3] INFO  impl.RaftServerImpl (RaftServerImpl.java:setRole(184)) - 6605b8a5-570b-4977-9ee7-6aaf3012bed5@group-58A987F56150: changes role from  FOLLOWER to FOLLOWER at term 226 for recognizeCandidate:327657b1-60f8-49f2-b2a3-f63e1f934942
2019-10-18 14:58:26,596 [grpc-default-executor-3] INFO  impl.RoleInfo (RoleInfo.java:shutdownFollowerState(121)) - 6605b8a5-570b-4977-9ee7-6aaf3012bed5: shutdown FollowerState
2019-10-18 14:58:26,596 [grpc-default-executor-3] INFO  impl.RoleInfo (RoleInfo.java:updateAndGet(143)) - 6605b8a5-570b-4977-9ee7-6aaf3012bed5: start FollowerState
2019-10-18 14:58:26,596 [Thread-1582] INFO  impl.FollowerState (FollowerState.java:run(117)) - 6605b8a5-570b-4977-9ee7-6aaf3012bed5@group-58A987F56150-FollowerState was interrupted: java.lang.InterruptedException: sleep interrupted
2019-10-18 14:58:26,596 [grpc-default-executor-2] INFO  impl.RaftServerImpl (RaftServerImpl.java:setRole(184)) - ddd4789c-894d-475a-bbfb-f6e7aa670c92@group-58A987F56150: changes role from  FOLLOWER to FOLLOWER at term 226 for recognizeCandidate:327657b1-60f8-49f2-b2a3-f63e1f934942
2019-10-18 14:58:26,596 [grpc-default-executor-2] INFO  impl.RoleInfo (RoleInfo.java:shutdownFollowerState(121)) - ddd4789c-894d-475a-bbfb-f6e7aa670c92: shutdown FollowerState
2019-10-18 14:58:26,596 [grpc-default-executor-2] INFO  impl.RoleInfo (RoleInfo.java:updateAndGet(143)) - ddd4789c-894d-475a-bbfb-f6e7aa670c92: start FollowerState
2019-10-18 14:58:26,596 [Thread-1583] INFO  impl.FollowerState (FollowerState.java:run(117)) - ddd4789c-894d-475a-bbfb-f6e7aa670c92@group-58A987F56150-FollowerState was interrupted: java.lang.InterruptedException: sleep interrupted
2019-10-18 14:58:26,629 [327657b1-60f8-49f2-b2a3-f63e1f934942@group-58A987F56150-LeaderElection198] INFO  impl.LeaderElection (LeaderElection.java:logAndReturn(56)) - 327657b1-60f8-49f2-b2a3-f63e1f934942@group-58A987F56150-LeaderElection198: Election REJECTED; received 2 response(s) [327657b1-60f8-49f2-b2a3-f63e1f934942<-6605b8a5-570b-4977-9ee7-6aaf3012bed5#0:FAIL-t226, 327657b1-60f8-49f2-b2a3-f63e1f934942<-ddd4789c-894d-475a-bbfb-f6e7aa670c92#0:FAIL-t226] and 0 exception(s); 327657b1-60f8-49f2-b2a3-f63e1f934942@group-58A987F56150:t226, leader=null, voted=327657b1-60f8-49f2-b2a3-f63e1f934942, raftlog=327657b1-60f8-49f2-b2a3-f63e1f934942@group-58A987F56150-SegmentedRaftLog:OPENED:c-1,f-1,i0, conf=-1: [6605b8a5-570b-4977-9ee7-6aaf3012bed5:192.168.164.233:35223, 327657b1-60f8-49f2-b2a3-f63e1f934942:192.168.164.233:41966, ddd4789c-894d-475a-bbfb-f6e7aa670c92:192.168.164.233:41061], old=null
2019-10-18 14:58:26,630 [327657b1-60f8-49f2-b2a3-f63e1f934942@group-58A987F56150-LeaderElection198] INFO  impl.RaftServerImpl (RaftServerImpl.java:setRole(184)) - 327657b1-60f8-49f2-b2a3-f63e1f934942@group-58A987F56150: changes role from CANDIDATE to FOLLOWER at term 226 for DISCOVERED_A_NEW_TERM
2019-10-18 14:58:26,630 [327657b1-60f8-49f2-b2a3-f63e1f934942@group-58A987F56150-LeaderElection198] INFO  impl.RoleInfo (RoleInfo.java:shutdownLeaderElection(134)) - 327657b1-60f8-49f2-b2a3-f63e1f934942: shutdown LeaderElection
2019-10-18 14:58:26,631 [327657b1-60f8-49f2-b2a3-f63e1f934942@group-58A987F56150-LeaderElection198] INFO  impl.RoleInfo (RoleInfo.java:updateAndGet(143)) - 327657b1-60f8-49f2-b2a3-f63e1f934942: start FollowerState
2019-10-18 14:58:26,676 [Thread-1588] INFO  impl.FollowerState (FollowerState.java:run(108)) - 327657b1-60f8-49f2-b2a3-f63e1f934942@group-58A987F56150-FollowerState: change to CANDIDATE, lastRpcTime:45ms, electionTimeout:45ms
2019-10-18 14:58:26,676 [Thread-1588] INFO  impl.RoleInfo (RoleInfo.java:shutdownFollowerState(121)) - 327657b1-60f8-49f2-b2a3-f63e1f934942: shutdown FollowerState
2019-10-18 14:58:26,677 [Thread-1588] INFO  impl.RaftServerImpl (RaftServerImpl.java:setRole(184)) - 327657b1-60f8-49f2-b2a3-f63e1f934942@group-58A987F56150: changes role from  FOLLOWER to CANDIDATE at term 226 for changeToCandidate
2019-10-18 14:58:26,677 [Thread-1588] INFO  impl.RoleInfo (RoleInfo.java:updateAndGet(143)) - 327657b1-60f8-49f2-b2a3-f63e1f934942: start LeaderElection
2019-10-18 14:58:26,702 [327657b1-60f8-49f2-b2a3-f63e1f934942@group-58A987F56150-LeaderElection199] INFO  impl.LeaderElection (LeaderElection.java:askForVotes(178)) - 327657b1-60f8-49f2-b2a3-f63e1f934942@group-58A987F56150-LeaderElection199: begin an election at term 227 for -1: [6605b8a5-570b-4977-9ee7-6aaf3012bed5:192.168.164.233:35223, 327657b1-60f8-49f2-b2a3-f63e1f934942:192.168.164.233:41966, ddd4789c-894d-475a-bbfb-f6e7aa670c92:192.168.164.233:41061], old=null
2019-10-18 14:58:26,704 [grpc-default-executor-2] INFO  impl.RaftServerImpl (RaftServerImpl.java:setRole(184)) - 6605b8a5-570b-4977-9ee7-6aaf3012bed5@group-58A987F56150: changes role from  FOLLOWER to FOLLOWER at term 227 for recognizeCandidate:327657b1-60f8-49f2-b2a3-f63e1f934942
2019-10-18 14:58:26,705 [grpc-default-executor-2] INFO  impl.RoleInfo (RoleInfo.java:shutdownFollowerState(121)) - 6605b8a5-570b-4977-9ee7-6aaf3012bed5: shutdown FollowerState
2019-10-18 14:58:26,705 [grpc-default-executor-3] INFO  impl.RaftServerImpl (RaftServerImpl.java:setRole(184)) - ddd4789c-894d-475a-bbfb-f6e7aa670c92@group-58A987F56150: changes role from  FOLLOWER to FOLLOWER at term 227 for recognizeCandidate:327657b1-60f8-49f2-b2a3-f63e1f934942
2019-10-18 14:58:26,705 [Thread-1586] INFO  impl.FollowerState (FollowerState.java:run(117)) - 6605b8a5-570b-4977-9ee7-6aaf3012bed5@group-58A987F56150-FollowerState was interrupted: java.lang.InterruptedException: sleep interrupted
2019-10-18 14:58:26,705 [grpc-default-executor-2] INFO  impl.RoleInfo (RoleInfo.java:updateAndGet(143)) - 6605b8a5-570b-4977-9ee7-6aaf3012bed5: start FollowerState
2019-10-18 14:58:26,705 [grpc-default-executor-3] INFO  impl.RoleInfo (RoleInfo.java:shutdownFollowerState(121)) - ddd4789c-894d-475a-bbfb-f6e7aa670c92: shutdown FollowerState
2019-10-18 14:58:26,706 [grpc-default-executor-3] INFO  impl.RoleInfo (RoleInfo.java:updateAndGet(143)) - ddd4789c-894d-475a-bbfb-f6e7aa670c92: start FollowerState
2019-10-18 14:58:26,706 [Thread-1587] INFO  impl.FollowerState (FollowerState.java:run(117)) - ddd4789c-894d-475a-bbfb-f6e7aa670c92@group-58A987F56150-FollowerState was interrupted: java.lang.InterruptedException: sleep interrupted
2019-10-18 14:58:26,720 [327657b1-60f8-49f2-b2a3-f63e1f934942@group-58A987F56150-LeaderElection199] INFO  impl.LeaderElection (LeaderElection.java:logAndReturn(56)) - 327657b1-60f8-49f2-b2a3-f63e1f934942@group-58A987F56150-LeaderElection199: Election REJECTED; received 2 response(s) [327657b1-60f8-49f2-b2a3-f63e1f934942<-6605b8a5-570b-4977-9ee7-6aaf3012bed5#0:FAIL-t227, 327657b1-60f8-49f2-b2a3-f63e1f934942<-ddd4789c-894d-475a-bbfb-f6e7aa670c92#0:FAIL-t227] and 0 exception(s); 327657b1-60f8-49f2-b2a3-f63e1f934942@group-58A987F56150:t227, leader=null, voted=327657b1-60f8-49f2-b2a3-f63e1f934942, raftlog=327657b1-60f8-49f2-b2a3-f63e1f934942@group-58A987F56150-SegmentedRaftLog:OPENED:c-1,f-1,i0, conf=-1: [6605b8a5-570b-4977-9ee7-6aaf3012bed5:192.168.164.233:35223, 327657b1-60f8-49f2-b2a3-f63e1f934942:192.168.164.233:41966, ddd4789c-894d-475a-bbfb-f6e7aa670c92:192.168.164.233:41061], old=null
2019-10-18 14:58:26,720 [327657b1-60f8-49f2-b2a3-f63e1f934942@group-58A987F56150-LeaderElection199] INFO  impl.RaftServerImpl (RaftServerImpl.java:setRole(184)) - 327657b1-60f8-49f2-b2a3-f63e1f934942@group-58A987F56150: changes role from CANDIDATE to FOLLOWER at term 227 for DISCOVERED_A_NEW_TERM
2019-10-18 14:58:26,720 [327657b1-60f8-49f2-b2a3-f63e1f934942@group-58A987F56150-LeaderElection199] INFO  impl.RoleInfo (RoleInfo.java:shutdownLeaderElection(134)) - 327657b1-60f8-49f2-b2a3-f63e1f934942: shutdown LeaderElection
2019-10-18 14:58:26,720 [327657b1-60f8-49f2-b2a3-f63e1f934942@group-58A987F56150-LeaderElection199] INFO  impl.RoleInfo (RoleInfo.java:updateAndGet(143)) - 327657b1-60f8-49f2-b2a3-f63e1f934942: start FollowerState
2019-10-18 14:58:26,734 [Thread-1594] INFO  impl.FollowerState (FollowerState.java:run(108)) - 327657b1-60f8-49f2-b2a3-f63e1f934942@group-58A987F56150-FollowerState: change to CANDIDATE, lastRpcTime:13ms, electionTimeout:13ms
2019-10-18 14:58:26,734 [Thread-1594] INFO  impl.RoleInfo (RoleInfo.java:shutdownFollowerState(121)) - 327657b1-60f8-49f2-b2a3-f63e1f934942: shutdown FollowerState
2019-10-18 14:58:26,734 [Thread-1594] INFO  impl.RaftServerImpl (RaftServerImpl.java:setRole(184)) - 327657b1-60f8-49f2-b2a3-f63e1f934942@group-58A987F56150: changes role from  FOLLOWER to CANDIDATE at term 227 for changeToCandidate
2019-10-18 14:58:26,734 [Thread-1594] INFO  impl.RoleInfo (RoleInfo.java:updateAndGet(143)) - 327657b1-60f8-49f2-b2a3-f63e1f934942: start LeaderElection
2019-10-18 14:58:26,747 [327657b1-60f8-49f2-b2a3-f63e1f934942@group-58A987F56150-LeaderElection200] INFO  impl.LeaderElection (LeaderElection.java:askForVotes(178)) - 327657b1-60f8-49f2-b2a3-f63e1f934942@group-58A987F56150-LeaderElection200: begin an election at term 228 for -1: [6605b8a5-570b-4977-9ee7-6aaf3012bed5:192.168.164.233:35223, 327657b1-60f8-49f2-b2a3-f63e1f934942:192.168.164.233:41966, ddd4789c-894d-475a-bbfb-f6e7aa670c92:192.168.164.233:41061], old=null
2019-10-18 14:58:26,749 [grpc-default-executor-2] INFO  impl.RaftServerImpl (RaftServerImpl.java:setRole(184)) - 6605b8a5-570b-4977-9ee7-6aaf3012bed5@group-58A987F56150: changes role from  FOLLOWER to FOLLOWER at term 228 for recognizeCandidate:327657b1-60f8-49f2-b2a3-f63e1f934942
2019-10-18 14:58:26,749 [grpc-default-executor-2] INFO  impl.RoleInfo (RoleInfo.java:shutdownFollowerState(121)) - 6605b8a5-570b-4977-9ee7-6aaf3012bed5: shutdown FollowerState
2019-10-18 14:58:26,749 [grpc-default-executor-3] INFO  impl.RaftServerImpl (RaftServerImpl.java:setRole(184)) - ddd4789c-894d-475a-bbfb-f6e7aa670c92@group-58A987F56150: changes role from  FOLLOWER to FOLLOWER at term 228 for recognizeCandidate:327657b1-60f8-49f2-b2a3-f63e1f934942
2019-10-18 14:58:26,749 [Thread-1592] INFO  impl.FollowerState (FollowerState.java:run(117)) - 6605b8a5-570b-4977-9ee7-6aaf3012bed5@group-58A987F56150-FollowerState was interrupted: java.lang.InterruptedException: sleep interrupted
2019-10-18 14:58:26,749 [grpc-default-executor-2] INFO  impl.RoleInfo (RoleInfo.java:updateAndGet(143)) - 6605b8a5-570b-4977-9ee7-6aaf3012bed5: start FollowerState
2019-10-18 14:58:26,749 [grpc-default-executor-3] INFO  impl.RoleInfo (RoleInfo.java:shutdownFollowerState(121)) - ddd4789c-894d-475a-bbfb-f6e7aa670c92: shutdown FollowerState
2019-10-18 14:58:26,749 [grpc-default-executor-3] INFO  impl.RoleInfo (RoleInfo.java:updateAndGet(143)) - ddd4789c-894d-475a-bbfb-f6e7aa670c92: start FollowerState
2019-10-18 14:58:26,749 [Thread-1593] INFO  impl.FollowerState (FollowerState.java:run(117)) - ddd4789c-894d-475a-bbfb-f6e7aa670c92@group-58A987F56150-FollowerState was interrupted: java.lang.InterruptedException: sleep interrupted
2019-10-18 14:58:26,775 [327657b1-60f8-49f2-b2a3-f63e1f934942@group-58A987F56150-LeaderElection200] INFO  impl.LeaderElection (LeaderElection.java:logAndReturn(56)) - 327657b1-60f8-49f2-b2a3-f63e1f934942@group-58A987F56150-LeaderElection200: Election REJECTED; received 2 response(s) [327657b1-60f8-49f2-b2a3-f63e1f934942<-6605b8a5-570b-4977-9ee7-6aaf3012bed5#0:FAIL-t228, 327657b1-60f8-49f2-b2a3-f63e1f934942<-ddd4789c-894d-475a-bbfb-f6e7aa670c92#0:FAIL-t228] and 0 exception(s); 327657b1-60f8-49f2-b2a3-f63e1f934942@group-58A987F56150:t228, leader=null, voted=327657b1-60f8-49f2-b2a3-f63e1f934942, raftlog=327657b1-60f8-49f2-b2a3-f63e1f934942@group-58A987F56150-SegmentedRaftLog:OPENED:c-1,f-1,i0, conf=-1: [6605b8a5-570b-4977-9ee7-6aaf3012bed5:192.168.164.233:35223, 327657b1-60f8-49f2-b2a3-f63e1f934942:192.168.164.233:41966, ddd4789c-894d-475a-bbfb-f6e7aa670c92:192.168.164.233:41061], old=null
2019-10-18 14:58:26,775 [327657b1-60f8-49f2-b2a3-f63e1f934942@group-58A987F56150-LeaderElection200] INFO  impl.RaftServerImpl (RaftServerImpl.java:setRole(184)) - 327657b1-60f8-49f2-b2a3-f63e1f934942@group-58A987F56150: changes role from CANDIDATE to FOLLOWER at term 228 for DISCOVERED_A_NEW_TERM
2019-10-18 14:58:26,775 [327657b1-60f8-49f2-b2a3-f63e1f934942@group-58A987F56150-LeaderElection200] INFO  impl.RoleInfo (RoleInfo.java:shutdownLeaderElection(134)) - 327657b1-60f8-49f2-b2a3-f63e1f934942: shutdown LeaderElection
2019-10-18 14:58:26,775 [327657b1-60f8-49f2-b2a3-f63e1f934942@group-58A987F56150-LeaderElection200] INFO  impl.RoleInfo (RoleInfo.java:updateAndGet(143)) - 327657b1-60f8-49f2-b2a3-f63e1f934942: start FollowerState
2019-10-18 14:58:26,912 [Thread-1600] INFO  impl.FollowerState (FollowerState.java:run(108)) - 327657b1-60f8-49f2-b2a3-f63e1f934942@group-58A987F56150-FollowerState: change to CANDIDATE, lastRpcTime:136ms, electionTimeout:136ms
2019-10-18 14:58:26,912 [Thread-1600] INFO  impl.RoleInfo (RoleInfo.java:shutdownFollowerState(121)) - 327657b1-60f8-49f2-b2a3-f63e1f934942: shutdown FollowerState
2019-10-18 14:58:26,912 [Thread-1600] INFO  impl.RaftServerImpl (RaftServerImpl.java:setRole(184)) - 327657b1-60f8-49f2-b2a3-f63e1f934942@group-58A987F56150: changes role from  FOLLOWER to CANDIDATE at term 228 for changeToCandidate
2019-10-18 14:58:26,912 [Thread-1600] INFO  impl.RoleInfo (RoleInfo.java:updateAndGet(143)) - 327657b1-60f8-49f2-b2a3-f63e1f934942: start LeaderElection
2019-10-18 14:58:26,938 [327657b1-60f8-49f2-b2a3-f63e1f934942@group-58A987F56150-LeaderElection201] INFO  impl.LeaderElection (LeaderElection.java:askForVotes(178)) - 327657b1-60f8-49f2-b2a3-f63e1f934942@group-58A987F56150-LeaderElection201: begin an election at term 229 for -1: [6605b8a5-570b-4977-9ee7-6aaf3012bed5:192.168.164.233:35223, 327657b1-60f8-49f2-b2a3-f63e1f934942:192.168.164.233:41966, ddd4789c-894d-475a-bbfb-f6e7aa670c92:192.168.164.233:41061], old=null
2019-10-18 14:58:26,940 [grpc-default-executor-3] INFO  impl.RaftServerImpl (RaftServerImpl.java:setRole(184)) - 6605b8a5-570b-4977-9ee7-6aaf3012bed5@group-58A987F56150: changes role from  FOLLOWER to FOLLOWER at term 229 for recognizeCandidate:327657b1-60f8-49f2-b2a3-f63e1f934942
2019-10-18 14:58:26,941 [grpc-default-executor-3] INFO  impl.RoleInfo (RoleInfo.java:shutdownFollowerState(121)) - 6605b8a5-570b-4977-9ee7-6aaf3012bed5: shutdown FollowerState
2019-10-18 14:58:26,941 [grpc-default-executor-2] INFO  impl.RaftServerImpl (RaftServerImpl.java:setRole(184)) - ddd4789c-894d-475a-bbfb-f6e7aa670c92@group-58A987F56150: changes role from  FOLLOWER to FOLLOWER at term 229 for recognizeCandidate:327657b1-60f8-49f2-b2a3-f63e1f934942
2019-10-18 14:58:26,941 [Thread-1598] INFO  impl.FollowerState (FollowerState.java:run(117)) - 6605b8a5-570b-4977-9ee7-6aaf3012bed5@group-58A987F56150-FollowerState was interrupted: java.lang.InterruptedException: sleep interrupted
2019-10-18 14:58:26,941 [grpc-default-executor-3] INFO  impl.RoleInfo (RoleInfo.java:updateAndGet(143)) - 6605b8a5-570b-4977-9ee7-6aaf3012bed5: start FollowerState
2019-10-18 14:58:26,941 [grpc-default-executor-2] INFO  impl.RoleInfo (RoleInfo.java:shutdownFollowerState(121)) - ddd4789c-894d-475a-bbfb-f6e7aa670c92: shutdown FollowerState
2019-10-18 14:58:26,941 [grpc-default-executor-2] INFO  impl.RoleInfo (RoleInfo.java:updateAndGet(143)) - ddd4789c-894d-475a-bbfb-f6e7aa670c92: start FollowerState
2019-10-18 14:58:26,942 [Thread-1599] INFO  impl.FollowerState (FollowerState.java:run(117)) - ddd4789c-894d-475a-bbfb-f6e7aa670c92@group-58A987F56150-FollowerState was interrupted: java.lang.InterruptedException: sleep interrupted
2019-10-18 14:58:26,955 [327657b1-60f8-49f2-b2a3-f63e1f934942@group-58A987F56150-LeaderElection201] INFO  impl.LeaderElection (LeaderElection.java:logAndReturn(56)) - 327657b1-60f8-49f2-b2a3-f63e1f934942@group-58A987F56150-LeaderElection201: Election REJECTED; received 2 response(s) [327657b1-60f8-49f2-b2a3-f63e1f934942<-6605b8a5-570b-4977-9ee7-6aaf3012bed5#0:FAIL-t229, 327657b1-60f8-49f2-b2a3-f63e1f934942<-ddd4789c-894d-475a-bbfb-f6e7aa670c92#0:FAIL-t229] and 0 exception(s); 327657b1-60f8-49f2-b2a3-f63e1f934942@group-58A987F56150:t229, leader=null, voted=327657b1-60f8-49f2-b2a3-f63e1f934942, raftlog=327657b1-60f8-49f2-b2a3-f63e1f934942@group-58A987F56150-SegmentedRaftLog:OPENED:c-1,f-1,i0, conf=-1: [6605b8a5-570b-4977-9ee7-6aaf3012bed5:192.168.164.233:35223, 327657b1-60f8-49f2-b2a3-f63e1f934942:192.168.164.233:41966, ddd4789c-894d-475a-bbfb-f6e7aa670c92:192.168.164.233:41061], old=null
2019-10-18 14:58:26,956 [327657b1-60f8-49f2-b2a3-f63e1f934942@group-58A987F56150-LeaderElection201] INFO  impl.RaftServerImpl (RaftServerImpl.java:setRole(184)) - 327657b1-60f8-49f2-b2a3-f63e1f934942@group-58A987F56150: changes role from CANDIDATE to FOLLOWER at term 229 for DISCOVERED_A_NEW_TERM
2019-10-18 14:58:26,956 [327657b1-60f8-49f2-b2a3-f63e1f934942@group-58A987F56150-LeaderElection201] INFO  impl.RoleInfo (RoleInfo.java:shutdownLeaderElection(134)) - 327657b1-60f8-49f2-b2a3-f63e1f934942: shutdown LeaderElection
2019-10-18 14:58:26,956 [327657b1-60f8-49f2-b2a3-f63e1f934942@group-58A987F56150-LeaderElection201] INFO  impl.RoleInfo (RoleInfo.java:updateAndGet(143)) - 327657b1-60f8-49f2-b2a3-f63e1f934942: start FollowerState
2019-10-18 14:58:26,966 [Thread-1608] INFO  impl.FollowerState (FollowerState.java:run(108)) - 327657b1-60f8-49f2-b2a3-f63e1f934942@group-58A987F56150-FollowerState: change to CANDIDATE, lastRpcTime:10ms, electionTimeout:10ms
2019-10-18 14:58:26,967 [Thread-1608] INFO  impl.RoleInfo (RoleInfo.java:shutdownFollowerState(121)) - 327657b1-60f8-49f2-b2a3-f63e1f934942: shutdown FollowerState
2019-10-18 14:58:26,967 [Thread-1608] INFO  impl.RaftServerImpl (RaftServerImpl.java:setRole(184)) - 327657b1-60f8-49f2-b2a3-f63e1f934942@group-58A987F56150: changes role from  FOLLOWER to CANDIDATE at term 229 for changeToCandidate
2019-10-18 14:58:26,967 [Thread-1608] INFO  impl.RoleInfo (RoleInfo.java:updateAndGet(143)) - 327657b1-60f8-49f2-b2a3-f63e1f934942: start LeaderElection
2019-10-18 14:58:26,980 [327657b1-60f8-49f2-b2a3-f63e1f934942@group-58A987F56150-LeaderElection202] INFO  impl.LeaderElection (LeaderElection.java:askForVotes(178)) - 327657b1-60f8-49f2-b2a3-f63e1f934942@group-58A987F56150-LeaderElection202: begin an election at term 230 for -1: [6605b8a5-570b-4977-9ee7-6aaf3012bed5:192.168.164.233:35223, 327657b1-60f8-49f2-b2a3-f63e1f934942:192.168.164.233:41966, ddd4789c-894d-475a-bbfb-f6e7aa670c92:192.168.164.233:41061], old=null
2019-10-18 14:58:26,982 [grpc-default-executor-3] INFO  impl.RaftServerImpl (RaftServerImpl.java:setRole(184)) - 6605b8a5-570b-4977-9ee7-6aaf3012bed5@group-58A987F56150: changes role from  FOLLOWER to FOLLOWER at term 230 for recognizeCandidate:327657b1-60f8-49f2-b2a3-f63e1f934942
2019-10-18 14:58:26,982 [grpc-default-executor-3] INFO  impl.RoleInfo (RoleInfo.java:shutdownFollowerState(121)) - 6605b8a5-570b-4977-9ee7-6aaf3012bed5: shutdown FollowerState
2019-10-18 14:58:26,982 [grpc-default-executor-3] INFO  impl.RoleInfo (RoleInfo.java:updateAndGet(143)) - 6605b8a5-570b-4977-9ee7-6aaf3012bed5: start FollowerState
2019-10-18 14:58:26,982 [Thread-1606] INFO  impl.FollowerState (FollowerState.java:run(117)) - 6605b8a5-570b-4977-9ee7-6aaf3012bed5@group-58A987F56150-FollowerState was interrupted: java.lang.InterruptedException: sleep interrupted
2019-10-18 14:58:26,982 [grpc-default-executor-2] INFO  impl.RaftServerImpl (RaftServerImpl.java:setRole(184)) - ddd4789c-894d-475a-bbfb-f6e7aa670c92@group-58A987F56150: changes role from  FOLLOWER to FOLLOWER at term 230 for recognizeCandidate:327657b1-60f8-49f2-b2a3-f63e1f934942
2019-10-18 14:58:26,983 [grpc-default-executor-2] INFO  impl.RoleInfo (RoleInfo.java:shutdownFollowerState(121)) - ddd4789c-894d-475a-bbfb-f6e7aa670c92: shutdown FollowerState
2019-10-18 14:58:26,983 [grpc-default-executor-2] INFO  impl.RoleInfo (RoleInfo.java:updateAndGet(143)) - ddd4789c-894d-475a-bbfb-f6e7aa670c92: start FollowerState
2019-10-18 14:58:26,983 [Thread-1607] INFO  impl.FollowerState (FollowerState.java:run(117)) - ddd4789c-894d-475a-bbfb-f6e7aa670c92@group-58A987F56150-FollowerState was interrupted: java.lang.InterruptedException: sleep interrupted
2019-10-18 14:58:27,008 [327657b1-60f8-49f2-b2a3-f63e1f934942@group-58A987F56150-LeaderElection202] INFO  impl.LeaderElection (LeaderElection.java:logAndReturn(56)) - 327657b1-60f8-49f2-b2a3-f63e1f934942@group-58A987F56150-LeaderElection202: Election REJECTED; received 2 response(s) [327657b1-60f8-49f2-b2a3-f63e1f934942<-6605b8a5-570b-4977-9ee7-6aaf3012bed5#0:FAIL-t230, 327657b1-60f8-49f2-b2a3-f63e1f934942<-ddd4789c-894d-475a-bbfb-f6e7aa670c92#0:FAIL-t230] and 0 exception(s); 327657b1-60f8-49f2-b2a3-f63e1f934942@group-58A987F56150:t230, leader=null, voted=327657b1-60f8-49f2-b2a3-f63e1f934942, raftlog=327657b1-60f8-49f2-b2a3-f63e1f934942@group-58A987F56150-SegmentedRaftLog:OPENED:c-1,f-1,i0, conf=-1: [6605b8a5-570b-4977-9ee7-6aaf3012bed5:192.168.164.233:35223, 327657b1-60f8-49f2-b2a3-f63e1f934942:192.168.164.233:41966, ddd4789c-894d-475a-bbfb-f6e7aa670c92:192.168.164.233:41061], old=null
2019-10-18 14:58:27,008 [327657b1-60f8-49f2-b2a3-f63e1f934942@group-58A987F56150-LeaderElection202] INFO  impl.RaftServerImpl (RaftServerImpl.java:setRole(184)) - 327657b1-60f8-49f2-b2a3-f63e1f934942@group-58A987F56150: changes role from CANDIDATE to FOLLOWER at term 230 for DISCOVERED_A_NEW_TERM
2019-10-18 14:58:27,009 [327657b1-60f8-49f2-b2a3-f63e1f934942@group-58A987F56150-LeaderElection202] INFO  impl.RoleInfo (RoleInfo.java:shutdownLeaderElection(134)) - 327657b1-60f8-49f2-b2a3-f63e1f934942: shutdown LeaderElection
2019-10-18 14:58:27,009 [327657b1-60f8-49f2-b2a3-f63e1f934942@group-58A987F56150-LeaderElection202] INFO  impl.RoleInfo (RoleInfo.java:updateAndGet(143)) - 327657b1-60f8-49f2-b2a3-f63e1f934942: start FollowerState
2019-10-18 14:58:27,162 [Thread-1614] INFO  impl.FollowerState (FollowerState.java:run(108)) - 327657b1-60f8-49f2-b2a3-f63e1f934942@group-58A987F56150-FollowerState: change to CANDIDATE, lastRpcTime:153ms, electionTimeout:153ms
2019-10-18 14:58:27,162 [Thread-1614] INFO  impl.RoleInfo (RoleInfo.java:shutdownFollowerState(121)) - 327657b1-60f8-49f2-b2a3-f63e1f934942: shutdown FollowerState
2019-10-18 14:58:27,162 [Thread-1614] INFO  impl.RaftServerImpl (RaftServerImpl.java:setRole(184)) - 327657b1-60f8-49f2-b2a3-f63e1f934942@group-58A987F56150: changes role from  FOLLOWER to CANDIDATE at term 230 for changeToCandidate
2019-10-18 14:58:27,163 [Thread-1614] INFO  impl.RoleInfo (RoleInfo.java:updateAndGet(143)) - 327657b1-60f8-49f2-b2a3-f63e1f934942: start LeaderElection
2019-10-18 14:58:27,176 [327657b1-60f8-49f2-b2a3-f63e1f934942@group-58A987F56150-LeaderElection203] INFO  impl.LeaderElection (LeaderElection.java:askForVotes(178)) - 327657b1-60f8-49f2-b2a3-f63e1f934942@group-58A987F56150-LeaderElection203: begin an election at term 231 for -1: [6605b8a5-570b-4977-9ee7-6aaf3012bed5:192.168.164.233:35223, 327657b1-60f8-49f2-b2a3-f63e1f934942:192.168.164.233:41966, ddd4789c-894d-475a-bbfb-f6e7aa670c92:192.168.164.233:41061], old=null
2019-10-18 14:58:27,178 [grpc-default-executor-3] INFO  impl.RaftServerImpl (RaftServerImpl.java:setRole(184)) - 6605b8a5-570b-4977-9ee7-6aaf3012bed5@group-58A987F56150: changes role from  FOLLOWER to FOLLOWER at term 231 for recognizeCandidate:327657b1-60f8-49f2-b2a3-f63e1f934942
2019-10-18 14:58:27,178 [grpc-default-executor-2] INFO  impl.RaftServerImpl (RaftServerImpl.java:setRole(184)) - ddd4789c-894d-475a-bbfb-f6e7aa670c92@group-58A987F56150: changes role from  FOLLOWER to FOLLOWER at term 231 for recognizeCandidate:327657b1-60f8-49f2-b2a3-f63e1f934942
2019-10-18 14:58:27,178 [grpc-default-executor-3] INFO  impl.RoleInfo (RoleInfo.java:shutdownFollowerState(121)) - 6605b8a5-570b-4977-9ee7-6aaf3012bed5: shutdown FollowerState
2019-10-18 14:58:27,179 [grpc-default-executor-2] INFO  impl.RoleInfo (RoleInfo.java:shutdownFollowerState(121)) - ddd4789c-894d-475a-bbfb-f6e7aa670c92: shutdown FollowerState
2019-10-18 14:58:27,179 [Thread-1612] INFO  impl.FollowerState (FollowerState.java:run(117)) - 6605b8a5-570b-4977-9ee7-6aaf3012bed5@group-58A987F56150-FollowerState was interrupted: java.lang.InterruptedException: sleep interrupted
2019-10-18 14:58:27,179 [Thread-1613] INFO  impl.FollowerState (FollowerState.java:run(117)) - ddd4789c-894d-475a-bbfb-f6e7aa670c92@group-58A987F56150-FollowerState was interrupted: java.lang.InterruptedException: sleep interrupted
2019-10-18 14:58:27,179 [grpc-default-executor-3] INFO  impl.RoleInfo (RoleInfo.java:updateAndGet(143)) - 6605b8a5-570b-4977-9ee7-6aaf3012bed5: start FollowerState
2019-10-18 14:58:27,179 [grpc-default-executor-2] INFO  impl.RoleInfo (RoleInfo.java:updateAndGet(143)) - ddd4789c-894d-475a-bbfb-f6e7aa670c92: start FollowerState
2019-10-18 14:58:27,193 [327657b1-60f8-49f2-b2a3-f63e1f934942@group-58A987F56150-LeaderElection203] INFO  impl.LeaderElection (LeaderElection.java:logAndReturn(56)) - 327657b1-60f8-49f2-b2a3-f63e1f934942@group-58A987F56150-LeaderElection203: Election TIMEOUT; received 0 response(s) [] and 0 exception(s); 327657b1-60f8-49f2-b2a3-f63e1f934942@group-58A987F56150:t231, leader=null, voted=327657b1-60f8-49f2-b2a3-f63e1f934942, raftlog=327657b1-60f8-49f2-b2a3-f63e1f934942@group-58A987F56150-SegmentedRaftLog:OPENED:c-1,f-1,i0, conf=-1: [6605b8a5-570b-4977-9ee7-6aaf3012bed5:192.168.164.233:35223, 327657b1-60f8-49f2-b2a3-f63e1f934942:192.168.164.233:41966, ddd4789c-894d-475a-bbfb-f6e7aa670c92:192.168.164.233:41061], old=null
2019-10-18 14:58:27,207 [327657b1-60f8-49f2-b2a3-f63e1f934942@group-58A987F56150-LeaderElection203] INFO  impl.LeaderElection (LeaderElection.java:askForVotes(178)) - 327657b1-60f8-49f2-b2a3-f63e1f934942@group-58A987F56150-LeaderElection203: begin an election at term 232 for -1: [6605b8a5-570b-4977-9ee7-6aaf3012bed5:192.168.164.233:35223, 327657b1-60f8-49f2-b2a3-f63e1f934942:192.168.164.233:41966, ddd4789c-894d-475a-bbfb-f6e7aa670c92:192.168.164.233:41061], old=null
2019-10-18 14:58:27,208 [grpc-default-executor-2] INFO  impl.RaftServerImpl (RaftServerImpl.java:setRole(184)) - 6605b8a5-570b-4977-9ee7-6aaf3012bed5@group-58A987F56150: changes role from  FOLLOWER to FOLLOWER at term 232 for recognizeCandidate:327657b1-60f8-49f2-b2a3-f63e1f934942
2019-10-18 14:58:27,209 [grpc-default-executor-2] INFO  impl.RoleInfo (RoleInfo.java:shutdownFollowerState(121)) - 6605b8a5-570b-4977-9ee7-6aaf3012bed5: shutdown FollowerState
2019-10-18 14:58:27,209 [grpc-default-executor-2] INFO  impl.RoleInfo (RoleInfo.java:updateAndGet(143)) - 6605b8a5-570b-4977-9ee7-6aaf3012bed5: start FollowerState
2019-10-18 14:58:27,209 [grpc-default-executor-3] INFO  impl.RaftServerImpl (RaftServerImpl.java:setRole(184)) - ddd4789c-894d-475a-bbfb-f6e7aa670c92@group-58A987F56150: changes role from  FOLLOWER to FOLLOWER at term 232 for recognizeCandidate:327657b1-60f8-49f2-b2a3-f63e1f934942
2019-10-18 14:58:27,209 [grpc-default-executor-3] INFO  impl.RoleInfo (RoleInfo.java:shutdownFollowerState(121)) - ddd4789c-894d-475a-bbfb-f6e7aa670c92: shutdown FollowerState
2019-10-18 14:58:27,209 [Thread-1618] INFO  impl.FollowerState (FollowerState.java:run(117)) - 6605b8a5-570b-4977-9ee7-6aaf3012bed5@group-58A987F56150-FollowerState was interrupted: java.lang.InterruptedException: sleep interrupted
2019-10-18 14:58:27,209 [Thread-1619] INFO  impl.FollowerState (FollowerState.java:run(117)) - ddd4789c-894d-475a-bbfb-f6e7aa670c92@group-58A987F56150-FollowerState was interrupted: java.lang.InterruptedException: sleep interrupted
2019-10-18 14:58:27,209 [grpc-default-executor-3] INFO  impl.RoleInfo (RoleInfo.java:updateAndGet(143)) - ddd4789c-894d-475a-bbfb-f6e7aa670c92: start FollowerState
2019-10-18 14:58:27,225 [327657b1-60f8-49f2-b2a3-f63e1f934942@group-58A987F56150-LeaderElection203] INFO  impl.LeaderElection (LeaderElection.java:logAndReturn(56)) - 327657b1-60f8-49f2-b2a3-f63e1f934942@group-58A987F56150-LeaderElection203: Election REJECTED; received 2 response(s) [327657b1-60f8-49f2-b2a3-f63e1f934942<-6605b8a5-570b-4977-9ee7-6aaf3012bed5#0:FAIL-t232, 327657b1-60f8-49f2-b2a3-f63e1f934942<-ddd4789c-894d-475a-bbfb-f6e7aa670c92#0:FAIL-t232] and 0 exception(s); 327657b1-60f8-49f2-b2a3-f63e1f934942@group-58A987F56150:t232, leader=null, voted=327657b1-60f8-49f2-b2a3-f63e1f934942, raftlog=327657b1-60f8-49f2-b2a3-f63e1f934942@group-58A987F56150-SegmentedRaftLog:OPENED:c-1,f-1,i0, conf=-1: [6605b8a5-570b-4977-9ee7-6aaf3012bed5:192.168.164.233:35223, 327657b1-60f8-49f2-b2a3-f63e1f934942:192.168.164.233:41966, ddd4789c-894d-475a-bbfb-f6e7aa670c92:192.168.164.233:41061], old=null
2019-10-18 14:58:27,225 [327657b1-60f8-49f2-b2a3-f63e1f934942@group-58A987F56150-LeaderElection203] INFO  impl.RaftServerImpl (RaftServerImpl.java:setRole(184)) - 327657b1-60f8-49f2-b2a3-f63e1f934942@group-58A987F56150: changes role from CANDIDATE to FOLLOWER at term 232 for DISCOVERED_A_NEW_TERM
2019-10-18 14:58:27,225 [327657b1-60f8-49f2-b2a3-f63e1f934942@group-58A987F56150-LeaderElection203] INFO  impl.RoleInfo (RoleInfo.java:shutdownLeaderElection(134)) - 327657b1-60f8-49f2-b2a3-f63e1f934942: shutdown LeaderElection
2019-10-18 14:58:27,226 [327657b1-60f8-49f2-b2a3-f63e1f934942@group-58A987F56150-LeaderElection203] INFO  impl.RoleInfo (RoleInfo.java:updateAndGet(143)) - 327657b1-60f8-49f2-b2a3-f63e1f934942: start FollowerState
2019-10-18 14:58:27,268 [Thread-1624] INFO  impl.FollowerState (FollowerState.java:run(108)) - 327657b1-60f8-49f2-b2a3-f63e1f934942@group-58A987F56150-FollowerState: change to CANDIDATE, lastRpcTime:42ms, electionTimeout:42ms
2019-10-18 14:58:27,268 [Thread-1624] INFO  impl.RoleInfo (RoleInfo.java:shutdownFollowerState(121)) - 327657b1-60f8-49f2-b2a3-f63e1f934942: shutdown FollowerState
2019-10-18 14:58:27,268 [Thread-1624] INFO  impl.RaftServerImpl (RaftServerImpl.java:setRole(184)) - 327657b1-60f8-49f2-b2a3-f63e1f934942@group-58A987F56150: changes role from  FOLLOWER to CANDIDATE at term 232 for changeToCandidate
2019-10-18 14:58:27,269 [Thread-1624] INFO  impl.RoleInfo (RoleInfo.java:updateAndGet(143)) - 327657b1-60f8-49f2-b2a3-f63e1f934942: start LeaderElection
2019-10-18 14:58:27,282 [327657b1-60f8-49f2-b2a3-f63e1f934942@group-58A987F56150-LeaderElection204] INFO  impl.LeaderElection (LeaderElection.java:askForVotes(178)) - 327657b1-60f8-49f2-b2a3-f63e1f934942@group-58A987F56150-LeaderElection204: begin an election at term 233 for -1: [6605b8a5-570b-4977-9ee7-6aaf3012bed5:192.168.164.233:35223, 327657b1-60f8-49f2-b2a3-f63e1f934942:192.168.164.233:41966, ddd4789c-894d-475a-bbfb-f6e7aa670c92:192.168.164.233:41061], old=null
2019-10-18 14:58:27,283 [grpc-default-executor-2] INFO  impl.RaftServerImpl (RaftServerImpl.java:setRole(184)) - 6605b8a5-570b-4977-9ee7-6aaf3012bed5@group-58A987F56150: changes role from  FOLLOWER to FOLLOWER at term 233 for recognizeCandidate:327657b1-60f8-49f2-b2a3-f63e1f934942
2019-10-18 14:58:27,284 [grpc-default-executor-3] INFO  impl.RaftServerImpl (RaftServerImpl.java:setRole(184)) - ddd4789c-894d-475a-bbfb-f6e7aa670c92@group-58A987F56150: changes role from  FOLLOWER to FOLLOWER at term 233 for recognizeCandidate:327657b1-60f8-49f2-b2a3-f63e1f934942
2019-10-18 14:58:27,284 [grpc-default-executor-3] INFO  impl.RoleInfo (RoleInfo.java:shutdownFollowerState(121)) - ddd4789c-894d-475a-bbfb-f6e7aa670c92: shutdown FollowerState
2019-10-18 14:58:27,284 [grpc-default-executor-2] INFO  impl.RoleInfo (RoleInfo.java:shutdownFollowerState(121)) - 6605b8a5-570b-4977-9ee7-6aaf3012bed5: shutdown FollowerState
2019-10-18 14:58:27,284 [grpc-default-executor-3] INFO  impl.RoleInfo (RoleInfo.java:updateAndGet(143)) - ddd4789c-894d-475a-bbfb-f6e7aa670c92: start FollowerState
2019-10-18 14:58:27,284 [grpc-default-executor-2] INFO  impl.RoleInfo (RoleInfo.java:updateAndGet(143)) - 6605b8a5-570b-4977-9ee7-6aaf3012bed5: start FollowerState
2019-10-18 14:58:27,284 [Thread-1622] INFO  impl.FollowerState (FollowerState.java:run(117)) - 6605b8a5-570b-4977-9ee7-6aaf3012bed5@group-58A987F56150-FollowerState was interrupted: java.lang.InterruptedException: sleep interrupted
2019-10-18 14:58:27,284 [Thread-1623] INFO  impl.FollowerState (FollowerState.java:run(117)) - ddd4789c-894d-475a-bbfb-f6e7aa670c92@group-58A987F56150-FollowerState was interrupted: java.lang.InterruptedException: sleep interrupted
2019-10-18 14:58:27,308 [327657b1-60f8-49f2-b2a3-f63e1f934942@group-58A987F56150-LeaderElection204] INFO  impl.LeaderElection (LeaderElection.java:logAndReturn(56)) - 327657b1-60f8-49f2-b2a3-f63e1f934942@group-58A987F56150-LeaderElection204: Election REJECTED; received 2 response(s) [327657b1-60f8-49f2-b2a3-f63e1f934942<-6605b8a5-570b-4977-9ee7-6aaf3012bed5#0:FAIL-t233, 327657b1-60f8-49f2-b2a3-f63e1f934942<-ddd4789c-894d-475a-bbfb-f6e7aa670c92#0:FAIL-t233] and 0 exception(s); 327657b1-60f8-49f2-b2a3-f63e1f934942@group-58A987F56150:t233, leader=null, voted=327657b1-60f8-49f2-b2a3-f63e1f934942, raftlog=327657b1-60f8-49f2-b2a3-f63e1f934942@group-58A987F56150-SegmentedRaftLog:OPENED:c-1,f-1,i0, conf=-1: [6605b8a5-570b-4977-9ee7-6aaf3012bed5:192.168.164.233:35223, 327657b1-60f8-49f2-b2a3-f63e1f934942:192.168.164.233:41966, ddd4789c-894d-475a-bbfb-f6e7aa670c92:192.168.164.233:41061], old=null
2019-10-18 14:58:27,308 [327657b1-60f8-49f2-b2a3-f63e1f934942@group-58A987F56150-LeaderElection204] INFO  impl.RaftServerImpl (RaftServerImpl.java:setRole(184)) - 327657b1-60f8-49f2-b2a3-f63e1f934942@group-58A987F56150: changes role from CANDIDATE to FOLLOWER at term 233 for DISCOVERED_A_NEW_TERM
2019-10-18 14:58:27,308 [327657b1-60f8-49f2-b2a3-f63e1f934942@group-58A987F56150-LeaderElection204] INFO  impl.RoleInfo (RoleInfo.java:shutdownLeaderElection(134)) - 327657b1-60f8-49f2-b2a3-f63e1f934942: shutdown LeaderElection
2019-10-18 14:58:27,308 [327657b1-60f8-49f2-b2a3-f63e1f934942@group-58A987F56150-LeaderElection204] INFO  impl.RoleInfo (RoleInfo.java:updateAndGet(143)) - 327657b1-60f8-49f2-b2a3-f63e1f934942: start FollowerState
2019-10-18 14:58:27,385 [Thread-1630] INFO  impl.FollowerState (FollowerState.java:run(108)) - 327657b1-60f8-49f2-b2a3-f63e1f934942@group-58A987F56150-FollowerState: change to CANDIDATE, lastRpcTime:76ms, electionTimeout:76ms
2019-10-18 14:58:27,385 [Thread-1630] INFO  impl.RoleInfo (RoleInfo.java:shutdownFollowerState(121)) - 327657b1-60f8-49f2-b2a3-f63e1f934942: shutdown FollowerState
2019-10-18 14:58:27,385 [Thread-1630] INFO  impl.RaftServerImpl (RaftServerImpl.java:setRole(184)) - 327657b1-60f8-49f2-b2a3-f63e1f934942@group-58A987F56150: changes role from  FOLLOWER to CANDIDATE at term 233 for changeToCandidate
2019-10-18 14:58:27,385 [Thread-1630] INFO  impl.RoleInfo (RoleInfo.java:updateAndGet(143)) - 327657b1-60f8-49f2-b2a3-f63e1f934942: start LeaderElection
2019-10-18 14:58:27,399 [327657b1-60f8-49f2-b2a3-f63e1f934942@group-58A987F56150-LeaderElection205] INFO  impl.LeaderElection (LeaderElection.java:askForVotes(178)) - 327657b1-60f8-49f2-b2a3-f63e1f934942@group-58A987F56150-LeaderElection205: begin an election at term 234 for -1: [6605b8a5-570b-4977-9ee7-6aaf3012bed5:192.168.164.233:35223, 327657b1-60f8-49f2-b2a3-f63e1f934942:192.168.164.233:41966, ddd4789c-894d-475a-bbfb-f6e7aa670c92:192.168.164.233:41061], old=null
2019-10-18 14:58:27,401 [grpc-default-executor-2] INFO  impl.RaftServerImpl (RaftServerImpl.java:setRole(184)) - 6605b8a5-570b-4977-9ee7-6aaf3012bed5@group-58A987F56150: changes role from  FOLLOWER to FOLLOWER at term 234 for recognizeCandidate:327657b1-60f8-49f2-b2a3-f63e1f934942
2019-10-18 14:58:27,402 [grpc-default-executor-2] INFO  impl.RoleInfo (RoleInfo.java:shutdownFollowerState(121)) - 6605b8a5-570b-4977-9ee7-6aaf3012bed5: shutdown FollowerState
2019-10-18 14:58:27,402 [grpc-default-executor-2] INFO  impl.RoleInfo (RoleInfo.java:updateAndGet(143)) - 6605b8a5-570b-4977-9ee7-6aaf3012bed5: start FollowerState
2019-10-18 14:58:27,402 [Thread-1629] INFO  impl.FollowerState (FollowerState.java:run(117)) - 6605b8a5-570b-4977-9ee7-6aaf3012bed5@group-58A987F56150-FollowerState was interrupted: java.lang.InterruptedException: sleep interrupted
2019-10-18 14:58:27,402 [grpc-default-executor-3] INFO  impl.RaftServerImpl (RaftServerImpl.java:setRole(184)) - ddd4789c-894d-475a-bbfb-f6e7aa670c92@group-58A987F56150: changes role from  FOLLOWER to FOLLOWER at term 234 for recognizeCandidate:327657b1-60f8-49f2-b2a3-f63e1f934942
2019-10-18 14:58:27,402 [grpc-default-executor-3] INFO  impl.RoleInfo (RoleInfo.java:shutdownFollowerState(121)) - ddd4789c-894d-475a-bbfb-f6e7aa670c92: shutdown FollowerState
2019-10-18 14:58:27,403 [grpc-default-executor-3] INFO  impl.RoleInfo (RoleInfo.java:updateAndGet(143)) - ddd4789c-894d-475a-bbfb-f6e7aa670c92: start FollowerState
2019-10-18 14:58:27,403 [Thread-1628] INFO  impl.FollowerState (FollowerState.java:run(117)) - ddd4789c-894d-475a-bbfb-f6e7aa670c92@group-58A987F56150-FollowerState was interrupted: java.lang.InterruptedException: sleep interrupted
2019-10-18 14:58:27,416 [327657b1-60f8-49f2-b2a3-f63e1f934942@group-58A987F56150-LeaderElection205] INFO  impl.LeaderElection (LeaderElection.java:logAndReturn(56)) - 327657b1-60f8-49f2-b2a3-f63e1f934942@group-58A987F56150-LeaderElection205: Election REJECTED; received 2 response(s) [327657b1-60f8-49f2-b2a3-f63e1f934942<-6605b8a5-570b-4977-9ee7-6aaf3012bed5#0:FAIL-t234, 327657b1-60f8-49f2-b2a3-f63e1f934942<-ddd4789c-894d-475a-bbfb-f6e7aa670c92#0:FAIL-t234] and 0 exception(s); 327657b1-60f8-49f2-b2a3-f63e1f934942@group-58A987F56150:t234, leader=null, voted=327657b1-60f8-49f2-b2a3-f63e1f934942, raftlog=327657b1-60f8-49f2-b2a3-f63e1f934942@group-58A987F56150-SegmentedRaftLog:OPENED:c-1,f-1,i0, conf=-1: [6605b8a5-570b-4977-9ee7-6aaf3012bed5:192.168.164.233:35223, 327657b1-60f8-49f2-b2a3-f63e1f934942:192.168.164.233:41966, ddd4789c-894d-475a-bbfb-f6e7aa670c92:192.168.164.233:41061], old=null
2019-10-18 14:58:27,417 [327657b1-60f8-49f2-b2a3-f63e1f934942@group-58A987F56150-LeaderElection205] INFO  impl.RaftServerImpl (RaftServerImpl.java:setRole(184)) - 327657b1-60f8-49f2-b2a3-f63e1f934942@group-58A987F56150: changes role from CANDIDATE to FOLLOWER at term 234 for DISCOVERED_A_NEW_TERM
2019-10-18 14:58:27,417 [327657b1-60f8-49f2-b2a3-f63e1f934942@group-58A987F56150-LeaderElection205] INFO  impl.RoleInfo (RoleInfo.java:shutdownLeaderElection(134)) - 327657b1-60f8-49f2-b2a3-f63e1f934942: shutdown LeaderElection
2019-10-18 14:58:27,417 [327657b1-60f8-49f2-b2a3-f63e1f934942@group-58A987F56150-LeaderElection205] INFO  impl.RoleInfo (RoleInfo.java:updateAndGet(143)) - 327657b1-60f8-49f2-b2a3-f63e1f934942: start FollowerState
2019-10-18 14:58:27,480 [Thread-1636] INFO  impl.FollowerState (FollowerState.java:run(108)) - 327657b1-60f8-49f2-b2a3-f63e1f934942@group-58A987F56150-FollowerState: change to CANDIDATE, lastRpcTime:63ms, electionTimeout:63ms
2019-10-18 14:58:27,480 [Thread-1636] INFO  impl.RoleInfo (RoleInfo.java:shutdownFollowerState(121)) - 327657b1-60f8-49f2-b2a3-f63e1f934942: shutdown FollowerState
2019-10-18 14:58:27,481 [Thread-1636] INFO  impl.RaftServerImpl (RaftServerImpl.java:setRole(184)) - 327657b1-60f8-49f2-b2a3-f63e1f934942@group-58A987F56150: changes role from  FOLLOWER to CANDIDATE at term 234 for changeToCandidate
2019-10-18 14:58:27,481 [Thread-1636] INFO  impl.RoleInfo (RoleInfo.java:updateAndGet(143)) - 327657b1-60f8-49f2-b2a3-f63e1f934942: start LeaderElection
2019-10-18 14:58:27,496 [327657b1-60f8-49f2-b2a3-f63e1f934942@group-58A987F56150-LeaderElection206] INFO  impl.LeaderElection (LeaderElection.java:askForVotes(178)) - 327657b1-60f8-49f2-b2a3-f63e1f934942@group-58A987F56150-LeaderElection206: begin an election at term 235 for -1: [6605b8a5-570b-4977-9ee7-6aaf3012bed5:192.168.164.233:35223, 327657b1-60f8-49f2-b2a3-f63e1f934942:192.168.164.233:41966, ddd4789c-894d-475a-bbfb-f6e7aa670c92:192.168.164.233:41061], old=null
2019-10-18 14:58:27,499 [grpc-default-executor-2] INFO  impl.RaftServerImpl (RaftServerImpl.java:setRole(184)) - 6605b8a5-570b-4977-9ee7-6aaf3012bed5@group-58A987F56150: changes role from  FOLLOWER to FOLLOWER at term 235 for recognizeCandidate:327657b1-60f8-49f2-b2a3-f63e1f934942
2019-10-18 14:58:27,499 [grpc-default-executor-2] INFO  impl.RoleInfo (RoleInfo.java:shutdownFollowerState(121)) - 6605b8a5-570b-4977-9ee7-6aaf3012bed5: shutdown FollowerState
2019-10-18 14:58:27,499 [grpc-default-executor-3] INFO  impl.RaftServerImpl (RaftServerImpl.java:setRole(184)) - ddd4789c-894d-475a-bbfb-f6e7aa670c92@group-58A987F56150: changes role from  FOLLOWER to FOLLOWER at term 235 for recognizeCandidate:327657b1-60f8-49f2-b2a3-f63e1f934942
2019-10-18 14:58:27,500 [Thread-1634] INFO  impl.FollowerState (FollowerState.java:run(117)) - 6605b8a5-570b-4977-9ee7-6aaf3012bed5@group-58A987F56150-FollowerState was interrupted: java.lang.InterruptedException: sleep interrupted
2019-10-18 14:58:27,500 [grpc-default-executor-2] INFO  impl.RoleInfo (RoleInfo.java:updateAndGet(143)) - 6605b8a5-570b-4977-9ee7-6aaf3012bed5: start FollowerState
2019-10-18 14:58:27,500 [grpc-default-executor-3] INFO  impl.RoleInfo (RoleInfo.java:shutdownFollowerState(121)) - ddd4789c-894d-475a-bbfb-f6e7aa670c92: shutdown FollowerState
2019-10-18 14:58:27,500 [grpc-default-executor-3] INFO  impl.RoleInfo (RoleInfo.java:updateAndGet(143)) - ddd4789c-894d-475a-bbfb-f6e7aa670c92: start FollowerState
2019-10-18 14:58:27,500 [Thread-1635] INFO  impl.FollowerState (FollowerState.java:run(117)) - ddd4789c-894d-475a-bbfb-f6e7aa670c92@group-58A987F56150-FollowerState was interrupted: java.lang.InterruptedException: sleep interrupted
2019-10-18 14:58:27,507 [327657b1-60f8-49f2-b2a3-f63e1f934942@group-58A987F56150-LeaderElection206] INFO  impl.LeaderElection (LeaderElection.java:logAndReturn(56)) - 327657b1-60f8-49f2-b2a3-f63e1f934942@group-58A987F56150-LeaderElection206: Election TIMEOUT; received 0 response(s) [] and 0 exception(s); 327657b1-60f8-49f2-b2a3-f63e1f934942@group-58A987F56150:t235, leader=null, voted=327657b1-60f8-49f2-b2a3-f63e1f934942, raftlog=327657b1-60f8-49f2-b2a3-f63e1f934942@group-58A987F56150-SegmentedRaftLog:OPENED:c-1,f-1,i0, conf=-1: [6605b8a5-570b-4977-9ee7-6aaf3012bed5:192.168.164.233:35223, 327657b1-60f8-49f2-b2a3-f63e1f934942:192.168.164.233:41966, ddd4789c-894d-475a-bbfb-f6e7aa670c92:192.168.164.233:41061], old=null
2019-10-18 14:58:27,525 [327657b1-60f8-49f2-b2a3-f63e1f934942@group-58A987F56150-LeaderElection206] INFO  impl.LeaderElection (LeaderElection.java:askForVotes(178)) - 327657b1-60f8-49f2-b2a3-f63e1f934942@group-58A987F56150-LeaderElection206: begin an election at term 236 for -1: [6605b8a5-570b-4977-9ee7-6aaf3012bed5:192.168.164.233:35223, 327657b1-60f8-49f2-b2a3-f63e1f934942:192.168.164.233:41966, ddd4789c-894d-475a-bbfb-f6e7aa670c92:192.168.164.233:41061], old=null
2019-10-18 14:58:27,527 [grpc-default-executor-3] INFO  impl.RaftServerImpl (RaftServerImpl.java:setRole(184)) - 6605b8a5-570b-4977-9ee7-6aaf3012bed5@group-58A987F56150: changes role from  FOLLOWER to FOLLOWER at term 236 for recognizeCandidate:327657b1-60f8-49f2-b2a3-f63e1f934942
2019-10-18 14:58:27,528 [grpc-default-executor-3] INFO  impl.RoleInfo (RoleInfo.java:shutdownFollowerState(121)) - 6605b8a5-570b-4977-9ee7-6aaf3012bed5: shutdown FollowerState
2019-10-18 14:58:27,528 [grpc-default-executor-2] INFO  impl.RaftServerImpl (RaftServerImpl.java:setRole(184)) - ddd4789c-894d-475a-bbfb-f6e7aa670c92@group-58A987F56150: changes role from  FOLLOWER to FOLLOWER at term 236 for recognizeCandidate:327657b1-60f8-49f2-b2a3-f63e1f934942
2019-10-18 14:58:27,528 [grpc-default-executor-2] INFO  impl.RoleInfo (RoleInfo.java:shutdownFollowerState(121)) - ddd4789c-894d-475a-bbfb-f6e7aa670c92: shutdown FollowerState
2019-10-18 14:58:27,528 [Thread-1640] INFO  impl.FollowerState (FollowerState.java:run(117)) - 6605b8a5-570b-4977-9ee7-6aaf3012bed5@group-58A987F56150-FollowerState was interrupted: java.lang.InterruptedException: sleep interrupted
2019-10-18 14:58:27,528 [Thread-1641] INFO  impl.FollowerState (FollowerState.java:run(117)) - ddd4789c-894d-475a-bbfb-f6e7aa670c92@group-58A987F56150-FollowerState was interrupted: java.lang.InterruptedException: sleep interrupted
2019-10-18 14:58:27,528 [grpc-default-executor-3] INFO  impl.RoleInfo (RoleInfo.java:updateAndGet(143)) - 6605b8a5-570b-4977-9ee7-6aaf3012bed5: start FollowerState
2019-10-18 14:58:27,528 [grpc-default-executor-2] INFO  impl.RoleInfo (RoleInfo.java:updateAndGet(143)) - ddd4789c-894d-475a-bbfb-f6e7aa670c92: start FollowerState
2019-10-18 14:58:27,555 [327657b1-60f8-49f2-b2a3-f63e1f934942@group-58A987F56150-LeaderElection206] INFO  impl.LeaderElection (LeaderElection.java:logAndReturn(56)) - 327657b1-60f8-49f2-b2a3-f63e1f934942@group-58A987F56150-LeaderElection206: Election REJECTED; received 2 response(s) [327657b1-60f8-49f2-b2a3-f63e1f934942<-6605b8a5-570b-4977-9ee7-6aaf3012bed5#0:FAIL-t236, 327657b1-60f8-49f2-b2a3-f63e1f934942<-ddd4789c-894d-475a-bbfb-f6e7aa670c92#0:FAIL-t236] and 0 exception(s); 327657b1-60f8-49f2-b2a3-f63e1f934942@group-58A987F56150:t236, leader=null, voted=327657b1-60f8-49f2-b2a3-f63e1f934942, raftlog=327657b1-60f8-49f2-b2a3-f63e1f934942@group-58A987F56150-SegmentedRaftLog:OPENED:c-1,f-1,i0, conf=-1: [6605b8a5-570b-4977-9ee7-6aaf3012bed5:192.168.164.233:35223, 327657b1-60f8-49f2-b2a3-f63e1f934942:192.168.164.233:41966, ddd4789c-894d-475a-bbfb-f6e7aa670c92:192.168.164.233:41061], old=null
2019-10-18 14:58:27,555 [327657b1-60f8-49f2-b2a3-f63e1f934942@group-58A987F56150-LeaderElection206] INFO  impl.RaftServerImpl (RaftServerImpl.java:setRole(184)) - 327657b1-60f8-49f2-b2a3-f63e1f934942@group-58A987F56150: changes role from CANDIDATE to FOLLOWER at term 236 for DISCOVERED_A_NEW_TERM
2019-10-18 14:58:27,555 [327657b1-60f8-49f2-b2a3-f63e1f934942@group-58A987F56150-LeaderElection206] INFO  impl.RoleInfo (RoleInfo.java:shutdownLeaderElection(134)) - 327657b1-60f8-49f2-b2a3-f63e1f934942: shutdown LeaderElection
2019-10-18 14:58:27,555 [327657b1-60f8-49f2-b2a3-f63e1f934942@group-58A987F56150-LeaderElection206] INFO  impl.RoleInfo (RoleInfo.java:updateAndGet(143)) - 327657b1-60f8-49f2-b2a3-f63e1f934942: start FollowerState
2019-10-18 14:58:27,641 [Thread-1646] INFO  impl.FollowerState (FollowerState.java:run(108)) - 327657b1-60f8-49f2-b2a3-f63e1f934942@group-58A987F56150-FollowerState: change to CANDIDATE, lastRpcTime:85ms, electionTimeout:85ms
2019-10-18 14:58:27,641 [Thread-1646] INFO  impl.RoleInfo (RoleInfo.java:shutdownFollowerState(121)) - 327657b1-60f8-49f2-b2a3-f63e1f934942: shutdown FollowerState
2019-10-18 14:58:27,641 [Thread-1646] INFO  impl.RaftServerImpl (RaftServerImpl.java:setRole(184)) - 327657b1-60f8-49f2-b2a3-f63e1f934942@group-58A987F56150: changes role from  FOLLOWER to CANDIDATE at term 236 for changeToCandidate
2019-10-18 14:58:27,641 [Thread-1646] INFO  impl.RoleInfo (RoleInfo.java:updateAndGet(143)) - 327657b1-60f8-49f2-b2a3-f63e1f934942: start LeaderElection
2019-10-18 14:58:27,654 [327657b1-60f8-49f2-b2a3-f63e1f934942@group-58A987F56150-LeaderElection207] INFO  impl.LeaderElection (LeaderElection.java:askForVotes(178)) - 327657b1-60f8-49f2-b2a3-f63e1f934942@group-58A987F56150-LeaderElection207: begin an election at term 237 for -1: [6605b8a5-570b-4977-9ee7-6aaf3012bed5:192.168.164.233:35223, 327657b1-60f8-49f2-b2a3-f63e1f934942:192.168.164.233:41966, ddd4789c-894d-475a-bbfb-f6e7aa670c92:192.168.164.233:41061], old=null
2019-10-18 14:58:27,657 [grpc-default-executor-3] INFO  impl.RaftServerImpl (RaftServerImpl.java:setRole(184)) - ddd4789c-894d-475a-bbfb-f6e7aa670c92@group-58A987F56150: changes role from  FOLLOWER to FOLLOWER at term 237 for recognizeCandidate:327657b1-60f8-49f2-b2a3-f63e1f934942
2019-10-18 14:58:27,657 [grpc-default-executor-3] INFO  impl.RoleInfo (RoleInfo.java:shutdownFollowerState(121)) - ddd4789c-894d-475a-bbfb-f6e7aa670c92: shutdown FollowerState
2019-10-18 14:58:27,657 [grpc-default-executor-2] INFO  impl.RaftServerImpl (RaftServerImpl.java:setRole(184)) - 6605b8a5-570b-4977-9ee7-6aaf3012bed5@group-58A987F56150: changes role from  FOLLOWER to FOLLOWER at term 237 for recognizeCandidate:327657b1-60f8-49f2-b2a3-f63e1f934942
2019-10-18 14:58:27,658 [Thread-1645] INFO  impl.FollowerState (FollowerState.java:run(117)) - ddd4789c-894d-475a-bbfb-f6e7aa670c92@group-58A987F56150-FollowerState was interrupted: java.lang.InterruptedException: sleep interrupted
2019-10-18 14:58:27,657 [grpc-default-executor-3] INFO  impl.RoleInfo (RoleInfo.java:updateAndGet(143)) - ddd4789c-894d-475a-bbfb-f6e7aa670c92: start FollowerState
2019-10-18 14:58:27,658 [grpc-default-executor-2] INFO  impl.RoleInfo (RoleInfo.java:shutdownFollowerState(121)) - 6605b8a5-570b-4977-9ee7-6aaf3012bed5: shutdown FollowerState
2019-10-18 14:58:27,658 [grpc-default-executor-2] INFO  impl.RoleInfo (RoleInfo.java:updateAndGet(143)) - 6605b8a5-570b-4977-9ee7-6aaf3012bed5: start FollowerState
2019-10-18 14:58:27,658 [Thread-1644] INFO  impl.FollowerState (FollowerState.java:run(117)) - 6605b8a5-570b-4977-9ee7-6aaf3012bed5@group-58A987F56150-FollowerState was interrupted: java.lang.InterruptedException: sleep interrupted
2019-10-18 14:58:27,684 [327657b1-60f8-49f2-b2a3-f63e1f934942@group-58A987F56150-LeaderElection207] INFO  impl.LeaderElection (LeaderElection.java:logAndReturn(56)) - 327657b1-60f8-49f2-b2a3-f63e1f934942@group-58A987F56150-LeaderElection207: Election REJECTED; received 2 response(s) [327657b1-60f8-49f2-b2a3-f63e1f934942<-6605b8a5-570b-4977-9ee7-6aaf3012bed5#0:FAIL-t237, 327657b1-60f8-49f2-b2a3-f63e1f934942<-ddd4789c-894d-475a-bbfb-f6e7aa670c92#0:FAIL-t237] and 0 exception(s); 327657b1-60f8-49f2-b2a3-f63e1f934942@group-58A987F56150:t237, leader=null, voted=327657b1-60f8-49f2-b2a3-f63e1f934942, raftlog=327657b1-60f8-49f2-b2a3-f63e1f934942@group-58A987F56150-SegmentedRaftLog:OPENED:c-1,f-1,i0, conf=-1: [6605b8a5-570b-4977-9ee7-6aaf3012bed5:192.168.164.233:35223, 327657b1-60f8-49f2-b2a3-f63e1f934942:192.168.164.233:41966, ddd4789c-894d-475a-bbfb-f6e7aa670c92:192.168.164.233:41061], old=null
2019-10-18 14:58:27,684 [327657b1-60f8-49f2-b2a3-f63e1f934942@group-58A987F56150-LeaderElection207] INFO  impl.RaftServerImpl (RaftServerImpl.java:setRole(184)) - 327657b1-60f8-49f2-b2a3-f63e1f934942@group-58A987F56150: changes role from CANDIDATE to FOLLOWER at term 237 for DISCOVERED_A_NEW_TERM
2019-10-18 14:58:27,684 [327657b1-60f8-49f2-b2a3-f63e1f934942@group-58A987F56150-LeaderElection207] INFO  impl.RoleInfo (RoleInfo.java:shutdownLeaderElection(134)) - 327657b1-60f8-49f2-b2a3-f63e1f934942: shutdown LeaderElection
2019-10-18 14:58:27,685 [327657b1-60f8-49f2-b2a3-f63e1f934942@group-58A987F56150-LeaderElection207] INFO  impl.RoleInfo (RoleInfo.java:updateAndGet(143)) - 327657b1-60f8-49f2-b2a3-f63e1f934942: start FollowerState
2019-10-18 14:58:27,814 [Thread-1652] INFO  impl.FollowerState (FollowerState.java:run(108)) - 327657b1-60f8-49f2-b2a3-f63e1f934942@group-58A987F56150-FollowerState: change to CANDIDATE, lastRpcTime:129ms, electionTimeout:129ms
2019-10-18 14:58:27,814 [Thread-1652] INFO  impl.RoleInfo (RoleInfo.java:shutdownFollowerState(121)) - 327657b1-60f8-49f2-b2a3-f63e1f934942: shutdown FollowerState
2019-10-18 14:58:27,814 [Thread-1652] INFO  impl.RaftServerImpl (RaftServerImpl.java:setRole(184)) - 327657b1-60f8-49f2-b2a3-f63e1f934942@group-58A987F56150: changes role from  FOLLOWER to CANDIDATE at term 237 for changeToCandidate
2019-10-18 14:58:27,815 [Thread-1652] INFO  impl.RoleInfo (RoleInfo.java:updateAndGet(143)) - 327657b1-60f8-49f2-b2a3-f63e1f934942: start LeaderElection
2019-10-18 14:58:27,840 [327657b1-60f8-49f2-b2a3-f63e1f934942@group-58A987F56150-LeaderElection208] INFO  impl.LeaderElection (LeaderElection.java:askForVotes(178)) - 327657b1-60f8-49f2-b2a3-f63e1f934942@group-58A987F56150-LeaderElection208: begin an election at term 238 for -1: [6605b8a5-570b-4977-9ee7-6aaf3012bed5:192.168.164.233:35223, 327657b1-60f8-49f2-b2a3-f63e1f934942:192.168.164.233:41966, ddd4789c-894d-475a-bbfb-f6e7aa670c92:192.168.164.233:41061], old=null
2019-10-18 14:58:27,842 [grpc-default-executor-3] INFO  impl.RaftServerImpl (RaftServerImpl.java:setRole(184)) - 6605b8a5-570b-4977-9ee7-6aaf3012bed5@group-58A987F56150: changes role from  FOLLOWER to FOLLOWER at term 238 for recognizeCandidate:327657b1-60f8-49f2-b2a3-f63e1f934942
2019-10-18 14:58:27,843 [grpc-default-executor-2] INFO  impl.RaftServerImpl (RaftServerImpl.java:setRole(184)) - ddd4789c-894d-475a-bbfb-f6e7aa670c92@group-58A987F56150: changes role from  FOLLOWER to FOLLOWER at term 238 for recognizeCandidate:327657b1-60f8-49f2-b2a3-f63e1f934942
2019-10-18 14:58:27,843 [grpc-default-executor-2] INFO  impl.RoleInfo (RoleInfo.java:shutdownFollowerState(121)) - ddd4789c-894d-475a-bbfb-f6e7aa670c92: shutdown FollowerState
2019-10-18 14:58:27,843 [grpc-default-executor-3] INFO  impl.RoleInfo (RoleInfo.java:shutdownFollowerState(121)) - 6605b8a5-570b-4977-9ee7-6aaf3012bed5: shutdown FollowerState
2019-10-18 14:58:27,843 [Thread-1650] INFO  impl.FollowerState (FollowerState.java:run(117)) - ddd4789c-894d-475a-bbfb-f6e7aa670c92@group-58A987F56150-FollowerState was interrupted: java.lang.InterruptedException: sleep interrupted
2019-10-18 14:58:27,843 [grpc-default-executor-2] INFO  impl.RoleInfo (RoleInfo.java:updateAndGet(143)) - ddd4789c-894d-475a-bbfb-f6e7aa670c92: start FollowerState
2019-10-18 14:58:27,843 [Thread-1651] INFO  impl.FollowerState (FollowerState.java:run(117)) - 6605b8a5-570b-4977-9ee7-6aaf3012bed5@group-58A987F56150-FollowerState was interrupted: java.lang.InterruptedException: sleep interrupted
2019-10-18 14:58:27,843 [grpc-default-executor-3] INFO  impl.RoleInfo (RoleInfo.java:updateAndGet(143)) - 6605b8a5-570b-4977-9ee7-6aaf3012bed5: start FollowerState
2019-10-18 14:58:27,858 [327657b1-60f8-49f2-b2a3-f63e1f934942@group-58A987F56150-LeaderElection208] INFO  impl.LeaderElection (LeaderElection.java:logAndReturn(56)) - 327657b1-60f8-49f2-b2a3-f63e1f934942@group-58A987F56150-LeaderElection208: Election REJECTED; received 2 response(s) [327657b1-60f8-49f2-b2a3-f63e1f934942<-6605b8a5-570b-4977-9ee7-6aaf3012bed5#0:FAIL-t238, 327657b1-60f8-49f2-b2a3-f63e1f934942<-ddd4789c-894d-475a-bbfb-f6e7aa670c92#0:FAIL-t238] and 0 exception(s); 327657b1-60f8-49f2-b2a3-f63e1f934942@group-58A987F56150:t238, leader=null, voted=327657b1-60f8-49f2-b2a3-f63e1f934942, raftlog=327657b1-60f8-49f2-b2a3-f63e1f934942@group-58A987F56150-SegmentedRaftLog:OPENED:c-1,f-1,i0, conf=-1: [6605b8a5-570b-4977-9ee7-6aaf3012bed5:192.168.164.233:35223, 327657b1-60f8-49f2-b2a3-f63e1f934942:192.168.164.233:41966, ddd4789c-894d-475a-bbfb-f6e7aa670c92:192.168.164.233:41061], old=null
2019-10-18 14:58:27,858 [327657b1-60f8-49f2-b2a3-f63e1f934942@group-58A987F56150-LeaderElection208] INFO  impl.RaftServerImpl (RaftServerImpl.java:setRole(184)) - 327657b1-60f8-49f2-b2a3-f63e1f934942@group-58A987F56150: changes role from CANDIDATE to FOLLOWER at term 238 for DISCOVERED_A_NEW_TERM
2019-10-18 14:58:27,858 [327657b1-60f8-49f2-b2a3-f63e1f934942@group-58A987F56150-LeaderElection208] INFO  impl.RoleInfo (RoleInfo.java:shutdownLeaderElection(134)) - 327657b1-60f8-49f2-b2a3-f63e1f934942: shutdown LeaderElection
2019-10-18 14:58:27,859 [327657b1-60f8-49f2-b2a3-f63e1f934942@group-58A987F56150-LeaderElection208] INFO  impl.RoleInfo (RoleInfo.java:updateAndGet(143)) - 327657b1-60f8-49f2-b2a3-f63e1f934942: start FollowerState
2019-10-18 14:58:28,025 [Thread-1658] INFO  impl.FollowerState (FollowerState.java:run(108)) - 327657b1-60f8-49f2-b2a3-f63e1f934942@group-58A987F56150-FollowerState: change to CANDIDATE, lastRpcTime:166ms, electionTimeout:166ms
2019-10-18 14:58:28,025 [Thread-1658] INFO  impl.RoleInfo (RoleInfo.java:shutdownFollowerState(121)) - 327657b1-60f8-49f2-b2a3-f63e1f934942: shutdown FollowerState
2019-10-18 14:58:28,025 [Thread-1658] INFO  impl.RaftServerImpl (RaftServerImpl.java:setRole(184)) - 327657b1-60f8-49f2-b2a3-f63e1f934942@group-58A987F56150: changes role from  FOLLOWER to CANDIDATE at term 238 for changeToCandidate
2019-10-18 14:58:28,026 [Thread-1658] INFO  impl.RoleInfo (RoleInfo.java:updateAndGet(143)) - 327657b1-60f8-49f2-b2a3-f63e1f934942: start LeaderElection
2019-10-18 14:58:28,040 [327657b1-60f8-49f2-b2a3-f63e1f934942@group-58A987F56150-LeaderElection209] INFO  impl.LeaderElection (LeaderElection.java:askForVotes(178)) - 327657b1-60f8-49f2-b2a3-f63e1f934942@group-58A987F56150-LeaderElection209: begin an election at term 239 for -1: [6605b8a5-570b-4977-9ee7-6aaf3012bed5:192.168.164.233:35223, 327657b1-60f8-49f2-b2a3-f63e1f934942:192.168.164.233:41966, ddd4789c-894d-475a-bbfb-f6e7aa670c92:192.168.164.233:41061], old=null
2019-10-18 14:58:28,042 [grpc-default-executor-2] INFO  impl.RaftServerImpl (RaftServerImpl.java:setRole(184)) - 6605b8a5-570b-4977-9ee7-6aaf3012bed5@group-58A987F56150: changes role from  FOLLOWER to FOLLOWER at term 239 for recognizeCandidate:327657b1-60f8-49f2-b2a3-f63e1f934942
2019-10-18 14:58:28,042 [grpc-default-executor-3] INFO  impl.RaftServerImpl (RaftServerImpl.java:setRole(184)) - ddd4789c-894d-475a-bbfb-f6e7aa670c92@group-58A987F56150: changes role from  FOLLOWER to FOLLOWER at term 239 for recognizeCandidate:327657b1-60f8-49f2-b2a3-f63e1f934942
2019-10-18 14:58:28,042 [grpc-default-executor-3] INFO  impl.RoleInfo (RoleInfo.java:shutdownFollowerState(121)) - ddd4789c-894d-475a-bbfb-f6e7aa670c92: shutdown FollowerState
2019-10-18 14:58:28,042 [grpc-default-executor-2] INFO  impl.RoleInfo (RoleInfo.java:shutdownFollowerState(121)) - 6605b8a5-570b-4977-9ee7-6aaf3012bed5: shutdown FollowerState
2019-10-18 14:58:28,043 [Thread-1656] INFO  impl.FollowerState (FollowerState.java:run(117)) - ddd4789c-894d-475a-bbfb-f6e7aa670c92@group-58A987F56150-FollowerState was interrupted: java.lang.InterruptedException: sleep interrupted
2019-10-18 14:58:28,042 [grpc-default-executor-3] INFO  impl.RoleInfo (RoleInfo.java:updateAndGet(143)) - ddd4789c-894d-475a-bbfb-f6e7aa670c92: start FollowerState
2019-10-18 14:58:28,043 [Thread-1657] INFO  impl.FollowerState (FollowerState.java:run(117)) - 6605b8a5-570b-4977-9ee7-6aaf3012bed5@group-58A987F56150-FollowerState was interrupted: java.lang.InterruptedException: sleep interrupted
2019-10-18 14:58:28,043 [grpc-default-executor-2] INFO  impl.RoleInfo (RoleInfo.java:updateAndGet(143)) - 6605b8a5-570b-4977-9ee7-6aaf3012bed5: start FollowerState
2019-10-18 14:58:28,057 [327657b1-60f8-49f2-b2a3-f63e1f934942@group-58A987F56150-LeaderElection209] INFO  impl.LeaderElection (LeaderElection.java:logAndReturn(56)) - 327657b1-60f8-49f2-b2a3-f63e1f934942@group-58A987F56150-LeaderElection209: Election REJECTED; received 2 response(s) [327657b1-60f8-49f2-b2a3-f63e1f934942<-6605b8a5-570b-4977-9ee7-6aaf3012bed5#0:FAIL-t239, 327657b1-60f8-49f2-b2a3-f63e1f934942<-ddd4789c-894d-475a-bbfb-f6e7aa670c92#0:FAIL-t239] and 0 exception(s); 327657b1-60f8-49f2-b2a3-f63e1f934942@group-58A987F56150:t239, leader=null, voted=327657b1-60f8-49f2-b2a3-f63e1f934942, raftlog=327657b1-60f8-49f2-b2a3-f63e1f934942@group-58A987F56150-SegmentedRaftLog:OPENED:c-1,f-1,i0, conf=-1: [6605b8a5-570b-4977-9ee7-6aaf3012bed5:192.168.164.233:35223, 327657b1-60f8-49f2-b2a3-f63e1f934942:192.168.164.233:41966, ddd4789c-894d-475a-bbfb-f6e7aa670c92:192.168.164.233:41061], old=null
2019-10-18 14:58:28,057 [327657b1-60f8-49f2-b2a3-f63e1f934942@group-58A987F56150-LeaderElection209] INFO  impl.RaftServerImpl (RaftServerImpl.java:setRole(184)) - 327657b1-60f8-49f2-b2a3-f63e1f934942@group-58A987F56150: changes role from CANDIDATE to FOLLOWER at term 239 for DISCOVERED_A_NEW_TERM
2019-10-18 14:58:28,057 [327657b1-60f8-49f2-b2a3-f63e1f934942@group-58A987F56150-LeaderElection209] INFO  impl.RoleInfo (RoleInfo.java:shutdownLeaderElection(134)) - 327657b1-60f8-49f2-b2a3-f63e1f934942: shutdown LeaderElection
2019-10-18 14:58:28,057 [327657b1-60f8-49f2-b2a3-f63e1f934942@group-58A987F56150-LeaderElection209] INFO  impl.RoleInfo (RoleInfo.java:updateAndGet(143)) - 327657b1-60f8-49f2-b2a3-f63e1f934942: start FollowerState
2019-10-18 14:58:28,239 [Thread-1666] INFO  impl.FollowerState (FollowerState.java:run(108)) - 327657b1-60f8-49f2-b2a3-f63e1f934942@group-58A987F56150-FollowerState: change to CANDIDATE, lastRpcTime:182ms, electionTimeout:182ms
2019-10-18 14:58:28,240 [Thread-1666] INFO  impl.RoleInfo (RoleInfo.java:shutdownFollowerState(121)) - 327657b1-60f8-49f2-b2a3-f63e1f934942: shutdown FollowerState
2019-10-18 14:58:28,240 [Thread-1666] INFO  impl.RaftServerImpl (RaftServerImpl.java:setRole(184)) - 327657b1-60f8-49f2-b2a3-f63e1f934942@group-58A987F56150: changes role from  FOLLOWER to CANDIDATE at term 239 for changeToCandidate
2019-10-18 14:58:28,240 [Thread-1666] INFO  impl.RoleInfo (RoleInfo.java:updateAndGet(143)) - 327657b1-60f8-49f2-b2a3-f63e1f934942: start LeaderElection
2019-10-18 14:58:28,253 [327657b1-60f8-49f2-b2a3-f63e1f934942@group-58A987F56150-LeaderElection210] INFO  impl.LeaderElection (LeaderElection.java:askForVotes(178)) - 327657b1-60f8-49f2-b2a3-f63e1f934942@group-58A987F56150-LeaderElection210: begin an election at term 240 for -1: [6605b8a5-570b-4977-9ee7-6aaf3012bed5:192.168.164.233:35223, 327657b1-60f8-49f2-b2a3-f63e1f934942:192.168.164.233:41966, ddd4789c-894d-475a-bbfb-f6e7aa670c92:192.168.164.233:41061], old=null
2019-10-18 14:58:28,254 [grpc-default-executor-2] INFO  impl.RaftServerImpl (RaftServerImpl.java:setRole(184)) - 6605b8a5-570b-4977-9ee7-6aaf3012bed5@group-58A987F56150: changes role from  FOLLOWER to FOLLOWER at term 240 for recognizeCandidate:327657b1-60f8-49f2-b2a3-f63e1f934942
2019-10-18 14:58:28,254 [grpc-default-executor-3] INFO  impl.RaftServerImpl (RaftServerImpl.java:setRole(184)) - ddd4789c-894d-475a-bbfb-f6e7aa670c92@group-58A987F56150: changes role from  FOLLOWER to FOLLOWER at term 240 for recognizeCandidate:327657b1-60f8-49f2-b2a3-f63e1f934942
2019-10-18 14:58:28,255 [grpc-default-executor-2] INFO  impl.RoleInfo (RoleInfo.java:shutdownFollowerState(121)) - 6605b8a5-570b-4977-9ee7-6aaf3012bed5: shutdown FollowerState
2019-10-18 14:58:28,255 [grpc-default-executor-3] INFO  impl.RoleInfo (RoleInfo.java:shutdownFollowerState(121)) - ddd4789c-894d-475a-bbfb-f6e7aa670c92: shutdown FollowerState
2019-10-18 14:58:28,255 [grpc-default-executor-2] INFO  impl.RoleInfo (RoleInfo.java:updateAndGet(143)) - 6605b8a5-570b-4977-9ee7-6aaf3012bed5: start FollowerState
2019-10-18 14:58:28,255 [Thread-1664] INFO  impl.FollowerState (FollowerState.java:run(117)) - ddd4789c-894d-475a-bbfb-f6e7aa670c92@group-58A987F56150-FollowerState was interrupted: java.lang.InterruptedException: sleep interrupted
2019-10-18 14:58:28,255 [grpc-default-executor-3] INFO  impl.RoleInfo (RoleInfo.java:updateAndGet(143)) - ddd4789c-894d-475a-bbfb-f6e7aa670c92: start FollowerState
2019-10-18 14:58:28,255 [Thread-1665] INFO  impl.FollowerState (FollowerState.java:run(117)) - 6605b8a5-570b-4977-9ee7-6aaf3012bed5@group-58A987F56150-FollowerState was interrupted: java.lang.InterruptedException: sleep interrupted
2019-10-18 14:58:28,274 [327657b1-60f8-49f2-b2a3-f63e1f934942@group-58A987F56150-LeaderElection210] INFO  impl.LeaderElection (LeaderElection.java:logAndReturn(56)) - 327657b1-60f8-49f2-b2a3-f63e1f934942@group-58A987F56150-LeaderElection210: Election TIMEOUT; received 0 response(s) [] and 0 exception(s); 327657b1-60f8-49f2-b2a3-f63e1f934942@group-58A987F56150:t240, leader=null, voted=327657b1-60f8-49f2-b2a3-f63e1f934942, raftlog=327657b1-60f8-49f2-b2a3-f63e1f934942@group-58A987F56150-SegmentedRaftLog:OPENED:c-1,f-1,i0, conf=-1: [6605b8a5-570b-4977-9ee7-6aaf3012bed5:192.168.164.233:35223, 327657b1-60f8-49f2-b2a3-f63e1f934942:192.168.164.233:41966, ddd4789c-894d-475a-bbfb-f6e7aa670c92:192.168.164.233:41061], old=null
2019-10-18 14:58:28,294 [327657b1-60f8-49f2-b2a3-f63e1f934942@group-58A987F56150-LeaderElection210] INFO  impl.LeaderElection (LeaderElection.java:askForVotes(178)) - 327657b1-60f8-49f2-b2a3-f63e1f934942@group-58A987F56150-LeaderElection210: begin an election at term 241 for -1: [6605b8a5-570b-4977-9ee7-6aaf3012bed5:192.168.164.233:35223, 327657b1-60f8-49f2-b2a3-f63e1f934942:192.168.164.233:41966, ddd4789c-894d-475a-bbfb-f6e7aa670c92:192.168.164.233:41061], old=null
2019-10-18 14:58:28,296 [grpc-default-executor-2] INFO  impl.RaftServerImpl (RaftServerImpl.java:setRole(184)) - 6605b8a5-570b-4977-9ee7-6aaf3012bed5@group-58A987F56150: changes role from  FOLLOWER to FOLLOWER at term 241 for recognizeCandidate:327657b1-60f8-49f2-b2a3-f63e1f934942
2019-10-18 14:58:28,296 [grpc-default-executor-3] INFO  impl.RaftServerImpl (RaftServerImpl.java:setRole(184)) - ddd4789c-894d-475a-bbfb-f6e7aa670c92@group-58A987F56150: changes role from  FOLLOWER to FOLLOWER at term 241 for recognizeCandidate:327657b1-60f8-49f2-b2a3-f63e1f934942
2019-10-18 14:58:28,296 [grpc-default-executor-3] INFO  impl.RoleInfo (RoleInfo.java:shutdownFollowerState(121)) - ddd4789c-894d-475a-bbfb-f6e7aa670c92: shutdown FollowerState
2019-10-18 14:58:28,296 [grpc-default-executor-2] INFO  impl.RoleInfo (RoleInfo.java:shutdownFollowerState(121)) - 6605b8a5-570b-4977-9ee7-6aaf3012bed5: shutdown FollowerState
2019-10-18 14:58:28,296 [Thread-1671] INFO  impl.FollowerState (FollowerState.java:run(117)) - ddd4789c-894d-475a-bbfb-f6e7aa670c92@group-58A987F56150-FollowerState was interrupted: java.lang.InterruptedException: sleep interrupted
2019-10-18 14:58:28,296 [grpc-default-executor-3] INFO  impl.RoleInfo (RoleInfo.java:updateAndGet(143)) - ddd4789c-894d-475a-bbfb-f6e7aa670c92: start FollowerState
2019-10-18 14:58:28,296 [Thread-1670] INFO  impl.FollowerState (FollowerState.java:run(117)) - 6605b8a5-570b-4977-9ee7-6aaf3012bed5@group-58A987F56150-FollowerState was interrupted: java.lang.InterruptedException: sleep interrupted
2019-10-18 14:58:28,296 [grpc-default-executor-2] INFO  impl.RoleInfo (RoleInfo.java:updateAndGet(143)) - 6605b8a5-570b-4977-9ee7-6aaf3012bed5: start FollowerState
2019-10-18 14:58:28,305 [327657b1-60f8-49f2-b2a3-f63e1f934942@group-58A987F56150-LeaderElection210] INFO  impl.LeaderElection (LeaderElection.java:logAndReturn(56)) - 327657b1-60f8-49f2-b2a3-f63e1f934942@group-58A987F56150-LeaderElection210: Election REJECTED; received 2 response(s) [327657b1-60f8-49f2-b2a3-f63e1f934942<-6605b8a5-570b-4977-9ee7-6aaf3012bed5#0:FAIL-t241, 327657b1-60f8-49f2-b2a3-f63e1f934942<-ddd4789c-894d-475a-bbfb-f6e7aa670c92#0:FAIL-t241] and 0 exception(s); 327657b1-60f8-49f2-b2a3-f63e1f934942@group-58A987F56150:t241, leader=null, voted=327657b1-60f8-49f2-b2a3-f63e1f934942, raftlog=327657b1-60f8-49f2-b2a3-f63e1f934942@group-58A987F56150-SegmentedRaftLog:OPENED:c-1,f-1,i0, conf=-1: [6605b8a5-570b-4977-9ee7-6aaf3012bed5:192.168.164.233:35223, 327657b1-60f8-49f2-b2a3-f63e1f934942:192.168.164.233:41966, ddd4789c-894d-475a-bbfb-f6e7aa670c92:192.168.164.233:41061], old=null
2019-10-18 14:58:28,305 [327657b1-60f8-49f2-b2a3-f63e1f934942@group-58A987F56150-LeaderElection210] INFO  impl.RaftServerImpl (RaftServerImpl.java:setRole(184)) - 327657b1-60f8-49f2-b2a3-f63e1f934942@group-58A987F56150: changes role from CANDIDATE to FOLLOWER at term 241 for DISCOVERED_A_NEW_TERM
2019-10-18 14:58:28,305 [327657b1-60f8-49f2-b2a3-f63e1f934942@group-58A987F56150-LeaderElection210] INFO  impl.RoleInfo (RoleInfo.java:shutdownLeaderElection(134)) - 327657b1-60f8-49f2-b2a3-f63e1f934942: shutdown LeaderElection
2019-10-18 14:58:28,305 [327657b1-60f8-49f2-b2a3-f63e1f934942@group-58A987F56150-LeaderElection210] INFO  impl.RoleInfo (RoleInfo.java:updateAndGet(143)) - 327657b1-60f8-49f2-b2a3-f63e1f934942: start FollowerState
2019-10-18 14:58:28,467 [Thread-1676] INFO  impl.FollowerState (FollowerState.java:run(108)) - 327657b1-60f8-49f2-b2a3-f63e1f934942@group-58A987F56150-FollowerState: change to CANDIDATE, lastRpcTime:161ms, electionTimeout:161ms
2019-10-18 14:58:28,467 [Thread-1676] INFO  impl.RoleInfo (RoleInfo.java:shutdownFollowerState(121)) - 327657b1-60f8-49f2-b2a3-f63e1f934942: shutdown FollowerState
2019-10-18 14:58:28,467 [Thread-1676] INFO  impl.RaftServerImpl (RaftServerImpl.java:setRole(184)) - 327657b1-60f8-49f2-b2a3-f63e1f934942@group-58A987F56150: changes role from  FOLLOWER to CANDIDATE at term 241 for changeToCandidate
2019-10-18 14:58:28,467 [Thread-1676] INFO  impl.RoleInfo (RoleInfo.java:updateAndGet(143)) - 327657b1-60f8-49f2-b2a3-f63e1f934942: start LeaderElection
2019-10-18 14:58:28,481 [327657b1-60f8-49f2-b2a3-f63e1f934942@group-58A987F56150-LeaderElection211] INFO  impl.LeaderElection (LeaderElection.java:askForVotes(178)) - 327657b1-60f8-49f2-b2a3-f63e1f934942@group-58A987F56150-LeaderElection211: begin an election at term 242 for -1: [6605b8a5-570b-4977-9ee7-6aaf3012bed5:192.168.164.233:35223, 327657b1-60f8-49f2-b2a3-f63e1f934942:192.168.164.233:41966, ddd4789c-894d-475a-bbfb-f6e7aa670c92:192.168.164.233:41061], old=null
2019-10-18 14:58:28,483 [grpc-default-executor-2] INFO  impl.RaftServerImpl (RaftServerImpl.java:setRole(184)) - 6605b8a5-570b-4977-9ee7-6aaf3012bed5@group-58A987F56150: changes role from  FOLLOWER to FOLLOWER at term 242 for recognizeCandidate:327657b1-60f8-49f2-b2a3-f63e1f934942
2019-10-18 14:58:28,483 [grpc-default-executor-2] INFO  impl.RoleInfo (RoleInfo.java:shutdownFollowerState(121)) - 6605b8a5-570b-4977-9ee7-6aaf3012bed5: shutdown FollowerState
2019-10-18 14:58:28,483 [grpc-default-executor-2] INFO  impl.RoleInfo (RoleInfo.java:updateAndGet(143)) - 6605b8a5-570b-4977-9ee7-6aaf3012bed5: start FollowerState
2019-10-18 14:58:28,484 [grpc-default-executor-3] INFO  impl.RaftServerImpl (RaftServerImpl.java:setRole(184)) - ddd4789c-894d-475a-bbfb-f6e7aa670c92@group-58A987F56150: changes role from  FOLLOWER to FOLLOWER at term 242 for recognizeCandidate:327657b1-60f8-49f2-b2a3-f63e1f934942
2019-10-18 14:58:28,484 [grpc-default-executor-3] INFO  impl.RoleInfo (RoleInfo.java:shutdownFollowerState(121)) - ddd4789c-894d-475a-bbfb-f6e7aa670c92: shutdown FollowerState
2019-10-18 14:58:28,483 [Thread-1675] INFO  impl.FollowerState (FollowerState.java:run(117)) - 6605b8a5-570b-4977-9ee7-6aaf3012bed5@group-58A987F56150-FollowerState was interrupted: java.lang.InterruptedException: sleep interrupted
2019-10-18 14:58:28,484 [Thread-1674] INFO  impl.FollowerState (FollowerState.java:run(117)) - ddd4789c-894d-475a-bbfb-f6e7aa670c92@group-58A987F56150-FollowerState was interrupted: java.lang.InterruptedException: sleep interrupted
2019-10-18 14:58:28,484 [grpc-default-executor-3] INFO  impl.RoleInfo (RoleInfo.java:updateAndGet(143)) - ddd4789c-894d-475a-bbfb-f6e7aa670c92: start FollowerState
2019-10-18 14:58:28,509 [327657b1-60f8-49f2-b2a3-f63e1f934942@group-58A987F56150-LeaderElection211] INFO  impl.LeaderElection (LeaderElection.java:logAndReturn(56)) - 327657b1-60f8-49f2-b2a3-f63e1f934942@group-58A987F56150-LeaderElection211: Election REJECTED; received 2 response(s) [327657b1-60f8-49f2-b2a3-f63e1f934942<-6605b8a5-570b-4977-9ee7-6aaf3012bed5#0:FAIL-t242, 327657b1-60f8-49f2-b2a3-f63e1f934942<-ddd4789c-894d-475a-bbfb-f6e7aa670c92#0:FAIL-t242] and 0 exception(s); 327657b1-60f8-49f2-b2a3-f63e1f934942@group-58A987F56150:t242, leader=null, voted=327657b1-60f8-49f2-b2a3-f63e1f934942, raftlog=327657b1-60f8-49f2-b2a3-f63e1f934942@group-58A987F56150-SegmentedRaftLog:OPENED:c-1,f-1,i0, conf=-1: [6605b8a5-570b-4977-9ee7-6aaf3012bed5:192.168.164.233:35223, 327657b1-60f8-49f2-b2a3-f63e1f934942:192.168.164.233:41966, ddd4789c-894d-475a-bbfb-f6e7aa670c92:192.168.164.233:41061], old=null
2019-10-18 14:58:28,510 [327657b1-60f8-49f2-b2a3-f63e1f934942@group-58A987F56150-LeaderElection211] INFO  impl.RaftServerImpl (RaftServerImpl.java:setRole(184)) - 327657b1-60f8-49f2-b2a3-f63e1f934942@group-58A987F56150: changes role from CANDIDATE to FOLLOWER at term 242 for DISCOVERED_A_NEW_TERM
2019-10-18 14:58:28,510 [327657b1-60f8-49f2-b2a3-f63e1f934942@group-58A987F56150-LeaderElection211] INFO  impl.RoleInfo (RoleInfo.java:shutdownLeaderElection(134)) - 327657b1-60f8-49f2-b2a3-f63e1f934942: shutdown LeaderElection
2019-10-18 14:58:28,510 [327657b1-60f8-49f2-b2a3-f63e1f934942@group-58A987F56150-LeaderElection211] INFO  impl.RoleInfo (RoleInfo.java:updateAndGet(143)) - 327657b1-60f8-49f2-b2a3-f63e1f934942: start FollowerState
2019-10-18 14:58:28,689 [Thread-1682] INFO  impl.FollowerState (FollowerState.java:run(108)) - 327657b1-60f8-49f2-b2a3-f63e1f934942@group-58A987F56150-FollowerState: change to CANDIDATE, lastRpcTime:179ms, electionTimeout:179ms
2019-10-18 14:58:28,689 [Thread-1682] INFO  impl.RoleInfo (RoleInfo.java:shutdownFollowerState(121)) - 327657b1-60f8-49f2-b2a3-f63e1f934942: shutdown FollowerState
2019-10-18 14:58:28,690 [Thread-1682] INFO  impl.RaftServerImpl (RaftServerImpl.java:setRole(184)) - 327657b1-60f8-49f2-b2a3-f63e1f934942@group-58A987F56150: changes role from  FOLLOWER to CANDIDATE at term 242 for changeToCandidate
2019-10-18 14:58:28,690 [Thread-1682] INFO  impl.RoleInfo (RoleInfo.java:updateAndGet(143)) - 327657b1-60f8-49f2-b2a3-f63e1f934942: start LeaderElection
2019-10-18 14:58:28,715 [327657b1-60f8-49f2-b2a3-f63e1f934942@group-58A987F56150-LeaderElection212] INFO  impl.LeaderElection (LeaderElection.java:askForVotes(178)) - 327657b1-60f8-49f2-b2a3-f63e1f934942@group-58A987F56150-LeaderElection212: begin an election at term 243 for -1: [6605b8a5-570b-4977-9ee7-6aaf3012bed5:192.168.164.233:35223, 327657b1-60f8-49f2-b2a3-f63e1f934942:192.168.164.233:41966, ddd4789c-894d-475a-bbfb-f6e7aa670c92:192.168.164.233:41061], old=null
2019-10-18 14:58:28,718 [grpc-default-executor-2] INFO  impl.RaftServerImpl (RaftServerImpl.java:setRole(184)) - ddd4789c-894d-475a-bbfb-f6e7aa670c92@group-58A987F56150: changes role from  FOLLOWER to FOLLOWER at term 243 for recognizeCandidate:327657b1-60f8-49f2-b2a3-f63e1f934942
2019-10-18 14:58:28,718 [grpc-default-executor-2] INFO  impl.RoleInfo (RoleInfo.java:shutdownFollowerState(121)) - ddd4789c-894d-475a-bbfb-f6e7aa670c92: shutdown FollowerState
2019-10-18 14:58:28,718 [grpc-default-executor-3] INFO  impl.RaftServerImpl (RaftServerImpl.java:setRole(184)) - 6605b8a5-570b-4977-9ee7-6aaf3012bed5@group-58A987F56150: changes role from  FOLLOWER to FOLLOWER at term 243 for recognizeCandidate:327657b1-60f8-49f2-b2a3-f63e1f934942
2019-10-18 14:58:28,718 [Thread-1681] INFO  impl.FollowerState (FollowerState.java:run(117)) - ddd4789c-894d-475a-bbfb-f6e7aa670c92@group-58A987F56150-FollowerState was interrupted: java.lang.InterruptedException: sleep interrupted
2019-10-18 14:58:28,718 [grpc-default-executor-2] INFO  impl.RoleInfo (RoleInfo.java:updateAndGet(143)) - ddd4789c-894d-475a-bbfb-f6e7aa670c92: start FollowerState
2019-10-18 14:58:28,718 [grpc-default-executor-3] INFO  impl.RoleInfo (RoleInfo.java:shutdownFollowerState(121)) - 6605b8a5-570b-4977-9ee7-6aaf3012bed5: shutdown FollowerState
2019-10-18 14:58:28,719 [grpc-default-executor-3] INFO  impl.RoleInfo (RoleInfo.java:updateAndGet(143)) - 6605b8a5-570b-4977-9ee7-6aaf3012bed5: start FollowerState
2019-10-18 14:58:28,719 [Thread-1680] INFO  impl.FollowerState (FollowerState.java:run(117)) - 6605b8a5-570b-4977-9ee7-6aaf3012bed5@group-58A987F56150-FollowerState was interrupted: java.lang.InterruptedException: sleep interrupted
2019-10-18 14:58:28,733 [327657b1-60f8-49f2-b2a3-f63e1f934942@group-58A987F56150-LeaderElection212] INFO  impl.LeaderElection (LeaderElection.java:logAndReturn(56)) - 327657b1-60f8-49f2-b2a3-f63e1f934942@group-58A987F56150-LeaderElection212: Election REJECTED; received 2 response(s) [327657b1-60f8-49f2-b2a3-f63e1f934942<-6605b8a5-570b-4977-9ee7-6aaf3012bed5#0:FAIL-t243, 327657b1-60f8-49f2-b2a3-f63e1f934942<-ddd4789c-894d-475a-bbfb-f6e7aa670c92#0:FAIL-t243] and 0 exception(s); 327657b1-60f8-49f2-b2a3-f63e1f934942@group-58A987F56150:t243, leader=null, voted=327657b1-60f8-49f2-b2a3-f63e1f934942, raftlog=327657b1-60f8-49f2-b2a3-f63e1f934942@group-58A987F56150-SegmentedRaftLog:OPENED:c-1,f-1,i0, conf=-1: [6605b8a5-570b-4977-9ee7-6aaf3012bed5:192.168.164.233:35223, 327657b1-60f8-49f2-b2a3-f63e1f934942:192.168.164.233:41966, ddd4789c-894d-475a-bbfb-f6e7aa670c92:192.168.164.233:41061], old=null
2019-10-18 14:58:28,733 [327657b1-60f8-49f2-b2a3-f63e1f934942@group-58A987F56150-LeaderElection212] INFO  impl.RaftServerImpl (RaftServerImpl.java:setRole(184)) - 327657b1-60f8-49f2-b2a3-f63e1f934942@group-58A987F56150: changes role from CANDIDATE to FOLLOWER at term 243 for DISCOVERED_A_NEW_TERM
2019-10-18 14:58:28,733 [327657b1-60f8-49f2-b2a3-f63e1f934942@group-58A987F56150-LeaderElection212] INFO  impl.RoleInfo (RoleInfo.java:shutdownLeaderElection(134)) - 327657b1-60f8-49f2-b2a3-f63e1f934942: shutdown LeaderElection
2019-10-18 14:58:28,733 [327657b1-60f8-49f2-b2a3-f63e1f934942@group-58A987F56150-LeaderElection212] INFO  impl.RoleInfo (RoleInfo.java:updateAndGet(143)) - 327657b1-60f8-49f2-b2a3-f63e1f934942: start FollowerState
2019-10-18 14:58:28,908 [Thread-1688] INFO  impl.FollowerState (FollowerState.java:run(108)) - 327657b1-60f8-49f2-b2a3-f63e1f934942@group-58A987F56150-FollowerState: change to CANDIDATE, lastRpcTime:174ms, electionTimeout:174ms
2019-10-18 14:58:28,908 [Thread-1688] INFO  impl.RoleInfo (RoleInfo.java:shutdownFollowerState(121)) - 327657b1-60f8-49f2-b2a3-f63e1f934942: shutdown FollowerState
2019-10-18 14:58:28,908 [Thread-1688] INFO  impl.RaftServerImpl (RaftServerImpl.java:setRole(184)) - 327657b1-60f8-49f2-b2a3-f63e1f934942@group-58A987F56150: changes role from  FOLLOWER to CANDIDATE at term 243 for changeToCandidate
2019-10-18 14:58:28,909 [Thread-1688] INFO  impl.RoleInfo (RoleInfo.java:updateAndGet(143)) - 327657b1-60f8-49f2-b2a3-f63e1f934942: start LeaderElection
2019-10-18 14:58:28,933 [327657b1-60f8-49f2-b2a3-f63e1f934942@group-58A987F56150-LeaderElection213] INFO  impl.LeaderElection (LeaderElection.java:askForVotes(178)) - 327657b1-60f8-49f2-b2a3-f63e1f934942@group-58A987F56150-LeaderElection213: begin an election at term 244 for -1: [6605b8a5-570b-4977-9ee7-6aaf3012bed5:192.168.164.233:35223, 327657b1-60f8-49f2-b2a3-f63e1f934942:192.168.164.233:41966, ddd4789c-894d-475a-bbfb-f6e7aa670c92:192.168.164.233:41061], old=null
2019-10-18 14:58:28,936 [grpc-default-executor-2] INFO  impl.RaftServerImpl (RaftServerImpl.java:setRole(184)) - 6605b8a5-570b-4977-9ee7-6aaf3012bed5@group-58A987F56150: changes role from  FOLLOWER to FOLLOWER at term 244 for recognizeCandidate:327657b1-60f8-49f2-b2a3-f63e1f934942
2019-10-18 14:58:28,936 [grpc-default-executor-2] INFO  impl.RoleInfo (RoleInfo.java:shutdownFollowerState(121)) - 6605b8a5-570b-4977-9ee7-6aaf3012bed5: shutdown FollowerState
2019-10-18 14:58:28,936 [grpc-default-executor-2] INFO  impl.RoleInfo (RoleInfo.java:updateAndGet(143)) - 6605b8a5-570b-4977-9ee7-6aaf3012bed5: start FollowerState
2019-10-18 14:58:28,936 [grpc-default-executor-3] INFO  impl.RaftServerImpl (RaftServerImpl.java:setRole(184)) - ddd4789c-894d-475a-bbfb-f6e7aa670c92@group-58A987F56150: changes role from  FOLLOWER to FOLLOWER at term 244 for recognizeCandidate:327657b1-60f8-49f2-b2a3-f63e1f934942
2019-10-18 14:58:28,936 [Thread-1687] INFO  impl.FollowerState (FollowerState.java:run(117)) - 6605b8a5-570b-4977-9ee7-6aaf3012bed5@group-58A987F56150-FollowerState was interrupted: java.lang.InterruptedException: sleep interrupted
2019-10-18 14:58:28,937 [grpc-default-executor-3] INFO  impl.RoleInfo (RoleInfo.java:shutdownFollowerState(121)) - ddd4789c-894d-475a-bbfb-f6e7aa670c92: shutdown FollowerState
2019-10-18 14:58:28,937 [grpc-default-executor-3] INFO  impl.RoleInfo (RoleInfo.java:updateAndGet(143)) - ddd4789c-894d-475a-bbfb-f6e7aa670c92: start FollowerState
2019-10-18 14:58:28,937 [Thread-1686] INFO  impl.FollowerState (FollowerState.java:run(117)) - ddd4789c-894d-475a-bbfb-f6e7aa670c92@group-58A987F56150-FollowerState was interrupted: java.lang.InterruptedException: sleep interrupted
2019-10-18 14:58:28,950 [327657b1-60f8-49f2-b2a3-f63e1f934942@group-58A987F56150-LeaderElection213] INFO  impl.LeaderElection (LeaderElection.java:logAndReturn(56)) - 327657b1-60f8-49f2-b2a3-f63e1f934942@group-58A987F56150-LeaderElection213: Election REJECTED; received 2 response(s) [327657b1-60f8-49f2-b2a3-f63e1f934942<-6605b8a5-570b-4977-9ee7-6aaf3012bed5#0:FAIL-t244, 327657b1-60f8-49f2-b2a3-f63e1f934942<-ddd4789c-894d-475a-bbfb-f6e7aa670c92#0:FAIL-t244] and 0 exception(s); 327657b1-60f8-49f2-b2a3-f63e1f934942@group-58A987F56150:t244, leader=null, voted=327657b1-60f8-49f2-b2a3-f63e1f934942, raftlog=327657b1-60f8-49f2-b2a3-f63e1f934942@group-58A987F56150-SegmentedRaftLog:OPENED:c-1,f-1,i0, conf=-1: [6605b8a5-570b-4977-9ee7-6aaf3012bed5:192.168.164.233:35223, 327657b1-60f8-49f2-b2a3-f63e1f934942:192.168.164.233:41966, ddd4789c-894d-475a-bbfb-f6e7aa670c92:192.168.164.233:41061], old=null
2019-10-18 14:58:28,951 [327657b1-60f8-49f2-b2a3-f63e1f934942@group-58A987F56150-LeaderElection213] INFO  impl.RaftServerImpl (RaftServerImpl.java:setRole(184)) - 327657b1-60f8-49f2-b2a3-f63e1f934942@group-58A987F56150: changes role from CANDIDATE to FOLLOWER at term 244 for DISCOVERED_A_NEW_TERM
2019-10-18 14:58:28,951 [327657b1-60f8-49f2-b2a3-f63e1f934942@group-58A987F56150-LeaderElection213] INFO  impl.RoleInfo (RoleInfo.java:shutdownLeaderElection(134)) - 327657b1-60f8-49f2-b2a3-f63e1f934942: shutdown LeaderElection
2019-10-18 14:58:28,951 [327657b1-60f8-49f2-b2a3-f63e1f934942@group-58A987F56150-LeaderElection213] INFO  impl.RoleInfo (RoleInfo.java:updateAndGet(143)) - 327657b1-60f8-49f2-b2a3-f63e1f934942: start FollowerState
2019-10-18 14:58:29,074 [Thread-1696] INFO  impl.FollowerState (FollowerState.java:run(108)) - 327657b1-60f8-49f2-b2a3-f63e1f934942@group-58A987F56150-FollowerState: change to CANDIDATE, lastRpcTime:123ms, electionTimeout:123ms
2019-10-18 14:58:29,074 [Thread-1696] INFO  impl.RoleInfo (RoleInfo.java:shutdownFollowerState(121)) - 327657b1-60f8-49f2-b2a3-f63e1f934942: shutdown FollowerState
2019-10-18 14:58:29,075 [Thread-1696] INFO  impl.RaftServerImpl (RaftServerImpl.java:setRole(184)) - 327657b1-60f8-49f2-b2a3-f63e1f934942@group-58A987F56150: changes role from  FOLLOWER to CANDIDATE at term 244 for changeToCandidate
2019-10-18 14:58:29,075 [Thread-1696] INFO  impl.RoleInfo (RoleInfo.java:updateAndGet(143)) - 327657b1-60f8-49f2-b2a3-f63e1f934942: start LeaderElection
2019-10-18 14:58:29,088 [327657b1-60f8-49f2-b2a3-f63e1f934942@group-58A987F56150-LeaderElection214] INFO  impl.LeaderElection (LeaderElection.java:askForVotes(178)) - 327657b1-60f8-49f2-b2a3-f63e1f934942@group-58A987F56150-LeaderElection214: begin an election at term 245 for -1: [6605b8a5-570b-4977-9ee7-6aaf3012bed5:192.168.164.233:35223, 327657b1-60f8-49f2-b2a3-f63e1f934942:192.168.164.233:41966, ddd4789c-894d-475a-bbfb-f6e7aa670c92:192.168.164.233:41061], old=null
2019-10-18 14:58:29,090 [grpc-default-executor-2] INFO  impl.RaftServerImpl (RaftServerImpl.java:setRole(184)) - 6605b8a5-570b-4977-9ee7-6aaf3012bed5@group-58A987F56150: changes role from  FOLLOWER to FOLLOWER at term 245 for recognizeCandidate:327657b1-60f8-49f2-b2a3-f63e1f934942
2019-10-18 14:58:29,090 [grpc-default-executor-2] INFO  impl.RoleInfo (RoleInfo.java:shutdownFollowerState(121)) - 6605b8a5-570b-4977-9ee7-6aaf3012bed5: shutdown FollowerState
2019-10-18 14:58:29,091 [grpc-default-executor-2] INFO  impl.RoleInfo (RoleInfo.java:updateAndGet(143)) - 6605b8a5-570b-4977-9ee7-6aaf3012bed5: start FollowerState
2019-10-18 14:58:29,091 [Thread-1694] INFO  impl.FollowerState (FollowerState.java:run(117)) - 6605b8a5-570b-4977-9ee7-6aaf3012bed5@group-58A987F56150-FollowerState was interrupted: java.lang.InterruptedException: sleep interrupted
2019-10-18 14:58:29,091 [grpc-default-executor-3] INFO  impl.RaftServerImpl (RaftServerImpl.java:setRole(184)) - ddd4789c-894d-475a-bbfb-f6e7aa670c92@group-58A987F56150: changes role from  FOLLOWER to FOLLOWER at term 245 for recognizeCandidate:327657b1-60f8-49f2-b2a3-f63e1f934942
2019-10-18 14:58:29,091 [grpc-default-executor-3] INFO  impl.RoleInfo (RoleInfo.java:shutdownFollowerState(121)) - ddd4789c-894d-475a-bbfb-f6e7aa670c92: shutdown FollowerState
2019-10-18 14:58:29,091 [grpc-default-executor-3] INFO  impl.RoleInfo (RoleInfo.java:updateAndGet(143)) - ddd4789c-894d-475a-bbfb-f6e7aa670c92: start FollowerState
2019-10-18 14:58:29,091 [Thread-1695] INFO  impl.FollowerState (FollowerState.java:run(117)) - ddd4789c-894d-475a-bbfb-f6e7aa670c92@group-58A987F56150-FollowerState was interrupted: java.lang.InterruptedException: sleep interrupted
2019-10-18 14:58:29,119 [327657b1-60f8-49f2-b2a3-f63e1f934942@group-58A987F56150-LeaderElection214] INFO  impl.LeaderElection (LeaderElection.java:logAndReturn(56)) - 327657b1-60f8-49f2-b2a3-f63e1f934942@group-58A987F56150-LeaderElection214: Election REJECTED; received 2 response(s) [327657b1-60f8-49f2-b2a3-f63e1f934942<-6605b8a5-570b-4977-9ee7-6aaf3012bed5#0:FAIL-t245, 327657b1-60f8-49f2-b2a3-f63e1f934942<-ddd4789c-894d-475a-bbfb-f6e7aa670c92#0:FAIL-t245] and 0 exception(s); 327657b1-60f8-49f2-b2a3-f63e1f934942@group-58A987F56150:t245, leader=null, voted=327657b1-60f8-49f2-b2a3-f63e1f934942, raftlog=327657b1-60f8-49f2-b2a3-f63e1f934942@group-58A987F56150-SegmentedRaftLog:OPENED:c-1,f-1,i0, conf=-1: [6605b8a5-570b-4977-9ee7-6aaf3012bed5:192.168.164.233:35223, 327657b1-60f8-49f2-b2a3-f63e1f934942:192.168.164.233:41966, ddd4789c-894d-475a-bbfb-f6e7aa670c92:192.168.164.233:41061], old=null
2019-10-18 14:58:29,119 [327657b1-60f8-49f2-b2a3-f63e1f934942@group-58A987F56150-LeaderElection214] INFO  impl.RaftServerImpl (RaftServerImpl.java:setRole(184)) - 327657b1-60f8-49f2-b2a3-f63e1f934942@group-58A987F56150: changes role from CANDIDATE to FOLLOWER at term 245 for DISCOVERED_A_NEW_TERM
2019-10-18 14:58:29,119 [327657b1-60f8-49f2-b2a3-f63e1f934942@group-58A987F56150-LeaderElection214] INFO  impl.RoleInfo (RoleInfo.java:shutdownLeaderElection(134)) - 327657b1-60f8-49f2-b2a3-f63e1f934942: shutdown LeaderElection
2019-10-18 14:58:29,119 [327657b1-60f8-49f2-b2a3-f63e1f934942@group-58A987F56150-LeaderElection214] INFO  impl.RoleInfo (RoleInfo.java:updateAndGet(143)) - 327657b1-60f8-49f2-b2a3-f63e1f934942: start FollowerState
2019-10-18 14:58:29,183 [Thread-1702] INFO  impl.FollowerState (FollowerState.java:run(108)) - 327657b1-60f8-49f2-b2a3-f63e1f934942@group-58A987F56150-FollowerState: change to CANDIDATE, lastRpcTime:63ms, electionTimeout:63ms
2019-10-18 14:58:29,183 [Thread-1702] INFO  impl.RoleInfo (RoleInfo.java:shutdownFollowerState(121)) - 327657b1-60f8-49f2-b2a3-f63e1f934942: shutdown FollowerState
2019-10-18 14:58:29,183 [Thread-1702] INFO  impl.RaftServerImpl (RaftServerImpl.java:setRole(184)) - 327657b1-60f8-49f2-b2a3-f63e1f934942@group-58A987F56150: changes role from  FOLLOWER to CANDIDATE at term 245 for changeToCandidate
2019-10-18 14:58:29,183 [Thread-1702] INFO  impl.RoleInfo (RoleInfo.java:updateAndGet(143)) - 327657b1-60f8-49f2-b2a3-f63e1f934942: start LeaderElection
2019-10-18 14:58:29,199 [327657b1-60f8-49f2-b2a3-f63e1f934942@group-58A987F56150-LeaderElection215] INFO  impl.LeaderElection (LeaderElection.java:askForVotes(178)) - 327657b1-60f8-49f2-b2a3-f63e1f934942@group-58A987F56150-LeaderElection215: begin an election at term 246 for -1: [6605b8a5-570b-4977-9ee7-6aaf3012bed5:192.168.164.233:35223, 327657b1-60f8-49f2-b2a3-f63e1f934942:192.168.164.233:41966, ddd4789c-894d-475a-bbfb-f6e7aa670c92:192.168.164.233:41061], old=null
2019-10-18 14:58:29,202 [grpc-default-executor-2] INFO  impl.RaftServerImpl (RaftServerImpl.java:setRole(184)) - 6605b8a5-570b-4977-9ee7-6aaf3012bed5@group-58A987F56150: changes role from  FOLLOWER to FOLLOWER at term 246 for recognizeCandidate:327657b1-60f8-49f2-b2a3-f63e1f934942
2019-10-18 14:58:29,202 [grpc-default-executor-2] INFO  impl.RoleInfo (RoleInfo.java:shutdownFollowerState(121)) - 6605b8a5-570b-4977-9ee7-6aaf3012bed5: shutdown FollowerState
2019-10-18 14:58:29,202 [grpc-default-executor-3] INFO  impl.RaftServerImpl (RaftServerImpl.java:setRole(184)) - ddd4789c-894d-475a-bbfb-f6e7aa670c92@group-58A987F56150: changes role from  FOLLOWER to FOLLOWER at term 246 for recognizeCandidate:327657b1-60f8-49f2-b2a3-f63e1f934942
2019-10-18 14:58:29,202 [grpc-default-executor-2] INFO  impl.RoleInfo (RoleInfo.java:updateAndGet(143)) - 6605b8a5-570b-4977-9ee7-6aaf3012bed5: start FollowerState
2019-10-18 14:58:29,202 [Thread-1700] INFO  impl.FollowerState (FollowerState.java:run(117)) - 6605b8a5-570b-4977-9ee7-6aaf3012bed5@group-58A987F56150-FollowerState was interrupted: java.lang.InterruptedException: sleep interrupted
2019-10-18 14:58:29,202 [grpc-default-executor-3] INFO  impl.RoleInfo (RoleInfo.java:shutdownFollowerState(121)) - ddd4789c-894d-475a-bbfb-f6e7aa670c92: shutdown FollowerState
2019-10-18 14:58:29,203 [grpc-default-executor-3] INFO  impl.RoleInfo (RoleInfo.java:updateAndGet(143)) - ddd4789c-894d-475a-bbfb-f6e7aa670c92: start FollowerState
2019-10-18 14:58:29,203 [Thread-1701] INFO  impl.FollowerState (FollowerState.java:run(117)) - ddd4789c-894d-475a-bbfb-f6e7aa670c92@group-58A987F56150-FollowerState was interrupted: java.lang.InterruptedException: sleep interrupted
2019-10-18 14:58:29,228 [327657b1-60f8-49f2-b2a3-f63e1f934942@group-58A987F56150-LeaderElection215] INFO  impl.LeaderElection (LeaderElection.java:logAndReturn(56)) - 327657b1-60f8-49f2-b2a3-f63e1f934942@group-58A987F56150-LeaderElection215: Election REJECTED; received 2 response(s) [327657b1-60f8-49f2-b2a3-f63e1f934942<-6605b8a5-570b-4977-9ee7-6aaf3012bed5#0:FAIL-t246, 327657b1-60f8-49f2-b2a3-f63e1f934942<-ddd4789c-894d-475a-bbfb-f6e7aa670c92#0:FAIL-t246] and 0 exception(s); 327657b1-60f8-49f2-b2a3-f63e1f934942@group-58A987F56150:t246, leader=null, voted=327657b1-60f8-49f2-b2a3-f63e1f934942, raftlog=327657b1-60f8-49f2-b2a3-f63e1f934942@group-58A987F56150-SegmentedRaftLog:OPENED:c-1,f-1,i0, conf=-1: [6605b8a5-570b-4977-9ee7-6aaf3012bed5:192.168.164.233:35223, 327657b1-60f8-49f2-b2a3-f63e1f934942:192.168.164.233:41966, ddd4789c-894d-475a-bbfb-f6e7aa670c92:192.168.164.233:41061], old=null
2019-10-18 14:58:29,228 [327657b1-60f8-49f2-b2a3-f63e1f934942@group-58A987F56150-LeaderElection215] INFO  impl.RaftServerImpl (RaftServerImpl.java:setRole(184)) - 327657b1-60f8-49f2-b2a3-f63e1f934942@group-58A987F56150: changes role from CANDIDATE to FOLLOWER at term 246 for DISCOVERED_A_NEW_TERM
2019-10-18 14:58:29,229 [327657b1-60f8-49f2-b2a3-f63e1f934942@group-58A987F56150-LeaderElection215] INFO  impl.RoleInfo (RoleInfo.java:shutdownLeaderElection(134)) - 327657b1-60f8-49f2-b2a3-f63e1f934942: shutdown LeaderElection
2019-10-18 14:58:29,229 [327657b1-60f8-49f2-b2a3-f63e1f934942@group-58A987F56150-LeaderElection215] INFO  impl.RoleInfo (RoleInfo.java:updateAndGet(143)) - 327657b1-60f8-49f2-b2a3-f63e1f934942: start FollowerState
2019-10-18 14:58:29,413 [Thread-1708] INFO  impl.FollowerState (FollowerState.java:run(108)) - 327657b1-60f8-49f2-b2a3-f63e1f934942@group-58A987F56150-FollowerState: change to CANDIDATE, lastRpcTime:184ms, electionTimeout:184ms
2019-10-18 14:58:29,413 [Thread-1708] INFO  impl.RoleInfo (RoleInfo.java:shutdownFollowerState(121)) - 327657b1-60f8-49f2-b2a3-f63e1f934942: shutdown FollowerState
2019-10-18 14:58:29,413 [Thread-1708] INFO  impl.RaftServerImpl (RaftServerImpl.java:setRole(184)) - 327657b1-60f8-49f2-b2a3-f63e1f934942@group-58A987F56150: changes role from  FOLLOWER to CANDIDATE at term 246 for changeToCandidate
2019-10-18 14:58:29,413 [Thread-1708] INFO  impl.RoleInfo (RoleInfo.java:updateAndGet(143)) - 327657b1-60f8-49f2-b2a3-f63e1f934942: start LeaderElection
2019-10-18 14:58:29,428 [327657b1-60f8-49f2-b2a3-f63e1f934942@group-58A987F56150-LeaderElection216] INFO  impl.LeaderElection (LeaderElection.java:askForVotes(178)) - 327657b1-60f8-49f2-b2a3-f63e1f934942@group-58A987F56150-LeaderElection216: begin an election at term 247 for -1: [6605b8a5-570b-4977-9ee7-6aaf3012bed5:192.168.164.233:35223, 327657b1-60f8-49f2-b2a3-f63e1f934942:192.168.164.233:41966, ddd4789c-894d-475a-bbfb-f6e7aa670c92:192.168.164.233:41061], old=null
2019-10-18 14:58:29,430 [grpc-default-executor-2] INFO  impl.RaftServerImpl (RaftServerImpl.java:setRole(184)) - 6605b8a5-570b-4977-9ee7-6aaf3012bed5@group-58A987F56150: changes role from  FOLLOWER to FOLLOWER at term 247 for recognizeCandidate:327657b1-60f8-49f2-b2a3-f63e1f934942
2019-10-18 14:58:29,430 [grpc-default-executor-2] INFO  impl.RoleInfo (RoleInfo.java:shutdownFollowerState(121)) - 6605b8a5-570b-4977-9ee7-6aaf3012bed5: shutdown FollowerState
2019-10-18 14:58:29,430 [grpc-default-executor-3] INFO  impl.RaftServerImpl (RaftServerImpl.java:setRole(184)) - ddd4789c-894d-475a-bbfb-f6e7aa670c92@group-58A987F56150: changes role from  FOLLOWER to FOLLOWER at term 247 for recognizeCandidate:327657b1-60f8-49f2-b2a3-f63e1f934942
2019-10-18 14:58:29,430 [Thread-1706] INFO  impl.FollowerState (FollowerState.java:run(117)) - 6605b8a5-570b-4977-9ee7-6aaf3012bed5@group-58A987F56150-FollowerState was interrupted: java.lang.InterruptedException: sleep interrupted
2019-10-18 14:58:29,430 [grpc-default-executor-2] INFO  impl.RoleInfo (RoleInfo.java:updateAndGet(143)) - 6605b8a5-570b-4977-9ee7-6aaf3012bed5: start FollowerState
2019-10-18 14:58:29,431 [grpc-default-executor-3] INFO  impl.RoleInfo (RoleInfo.java:shutdownFollowerState(121)) - ddd4789c-894d-475a-bbfb-f6e7aa670c92: shutdown FollowerState
2019-10-18 14:58:29,431 [grpc-default-executor-3] INFO  impl.RoleInfo (RoleInfo.java:updateAndGet(143)) - ddd4789c-894d-475a-bbfb-f6e7aa670c92: start FollowerState
2019-10-18 14:58:29,431 [Thread-1707] INFO  impl.FollowerState (FollowerState.java:run(117)) - ddd4789c-894d-475a-bbfb-f6e7aa670c92@group-58A987F56150-FollowerState was interrupted: java.lang.InterruptedException: sleep interrupted
2019-10-18 14:58:29,457 [327657b1-60f8-49f2-b2a3-f63e1f934942@group-58A987F56150-LeaderElection216] INFO  impl.LeaderElection (LeaderElection.java:logAndReturn(56)) - 327657b1-60f8-49f2-b2a3-f63e1f934942@group-58A987F56150-LeaderElection216: Election REJECTED; received 2 response(s) [327657b1-60f8-49f2-b2a3-f63e1f934942<-6605b8a5-570b-4977-9ee7-6aaf3012bed5#0:FAIL-t247, 327657b1-60f8-49f2-b2a3-f63e1f934942<-ddd4789c-894d-475a-bbfb-f6e7aa670c92#0:FAIL-t247] and 0 exception(s); 327657b1-60f8-49f2-b2a3-f63e1f934942@group-58A987F56150:t247, leader=null, voted=327657b1-60f8-49f2-b2a3-f63e1f934942, raftlog=327657b1-60f8-49f2-b2a3-f63e1f934942@group-58A987F56150-SegmentedRaftLog:OPENED:c-1,f-1,i0, conf=-1: [6605b8a5-570b-4977-9ee7-6aaf3012bed5:192.168.164.233:35223, 327657b1-60f8-49f2-b2a3-f63e1f934942:192.168.164.233:41966, ddd4789c-894d-475a-bbfb-f6e7aa670c92:192.168.164.233:41061], old=null
2019-10-18 14:58:29,457 [327657b1-60f8-49f2-b2a3-f63e1f934942@group-58A987F56150-LeaderElection216] INFO  impl.RaftServerImpl (RaftServerImpl.java:setRole(184)) - 327657b1-60f8-49f2-b2a3-f63e1f934942@group-58A987F56150: changes role from CANDIDATE to FOLLOWER at term 247 for DISCOVERED_A_NEW_TERM
2019-10-18 14:58:29,457 [327657b1-60f8-49f2-b2a3-f63e1f934942@group-58A987F56150-LeaderElection216] INFO  impl.RoleInfo (RoleInfo.java:shutdownLeaderElection(134)) - 327657b1-60f8-49f2-b2a3-f63e1f934942: shutdown LeaderElection
2019-10-18 14:58:29,457 [327657b1-60f8-49f2-b2a3-f63e1f934942@group-58A987F56150-LeaderElection216] INFO  impl.RoleInfo (RoleInfo.java:updateAndGet(143)) - 327657b1-60f8-49f2-b2a3-f63e1f934942: start FollowerState
2019-10-18 14:58:29,619 [Thread-1714] INFO  impl.FollowerState (FollowerState.java:run(108)) - 327657b1-60f8-49f2-b2a3-f63e1f934942@group-58A987F56150-FollowerState: change to CANDIDATE, lastRpcTime:161ms, electionTimeout:161ms
2019-10-18 14:58:29,619 [Thread-1714] INFO  impl.RoleInfo (RoleInfo.java:shutdownFollowerState(121)) - 327657b1-60f8-49f2-b2a3-f63e1f934942: shutdown FollowerState
2019-10-18 14:58:29,619 [Thread-1714] INFO  impl.RaftServerImpl (RaftServerImpl.java:setRole(184)) - 327657b1-60f8-49f2-b2a3-f63e1f934942@group-58A987F56150: changes role from  FOLLOWER to CANDIDATE at term 247 for changeToCandidate
2019-10-18 14:58:29,619 [Thread-1714] INFO  impl.RoleInfo (RoleInfo.java:updateAndGet(143)) - 327657b1-60f8-49f2-b2a3-f63e1f934942: start LeaderElection
2019-10-18 14:58:29,635 [327657b1-60f8-49f2-b2a3-f63e1f934942@group-58A987F56150-LeaderElection217] INFO  impl.LeaderElection (LeaderElection.java:askForVotes(178)) - 327657b1-60f8-49f2-b2a3-f63e1f934942@group-58A987F56150-LeaderElection217: begin an election at term 248 for -1: [6605b8a5-570b-4977-9ee7-6aaf3012bed5:192.168.164.233:35223, 327657b1-60f8-49f2-b2a3-f63e1f934942:192.168.164.233:41966, ddd4789c-894d-475a-bbfb-f6e7aa670c92:192.168.164.233:41061], old=null
2019-10-18 14:58:29,637 [327657b1-60f8-49f2-b2a3-f63e1f934942@group-58A987F56150-LeaderElection217] INFO  impl.LeaderElection (LeaderElection.java:logAndReturn(56)) - 327657b1-60f8-49f2-b2a3-f63e1f934942@group-58A987F56150-LeaderElection217: Election TIMEOUT; received 0 response(s) [] and 0 exception(s); 327657b1-60f8-49f2-b2a3-f63e1f934942@group-58A987F56150:t248, leader=null, voted=327657b1-60f8-49f2-b2a3-f63e1f934942, raftlog=327657b1-60f8-49f2-b2a3-f63e1f934942@group-58A987F56150-SegmentedRaftLog:OPENED:c-1,f-1,i0, conf=-1: [6605b8a5-570b-4977-9ee7-6aaf3012bed5:192.168.164.233:35223, 327657b1-60f8-49f2-b2a3-f63e1f934942:192.168.164.233:41966, ddd4789c-894d-475a-bbfb-f6e7aa670c92:192.168.164.233:41061], old=null
2019-10-18 14:58:29,638 [grpc-default-executor-2] INFO  impl.RaftServerImpl (RaftServerImpl.java:setRole(184)) - 6605b8a5-570b-4977-9ee7-6aaf3012bed5@group-58A987F56150: changes role from  FOLLOWER to FOLLOWER at term 248 for recognizeCandidate:327657b1-60f8-49f2-b2a3-f63e1f934942
2019-10-18 14:58:29,638 [grpc-default-executor-2] INFO  impl.RoleInfo (RoleInfo.java:shutdownFollowerState(121)) - 6605b8a5-570b-4977-9ee7-6aaf3012bed5: shutdown FollowerState
2019-10-18 14:58:29,638 [grpc-default-executor-2] INFO  impl.RoleInfo (RoleInfo.java:updateAndGet(143)) - 6605b8a5-570b-4977-9ee7-6aaf3012bed5: start FollowerState
2019-10-18 14:58:29,638 [Thread-1712] INFO  impl.FollowerState (FollowerState.java:run(117)) - 6605b8a5-570b-4977-9ee7-6aaf3012bed5@group-58A987F56150-FollowerState was interrupted: java.lang.InterruptedException: sleep interrupted
2019-10-18 14:58:29,639 [grpc-default-executor-3] INFO  impl.RaftServerImpl (RaftServerImpl.java:setRole(184)) - ddd4789c-894d-475a-bbfb-f6e7aa670c92@group-58A987F56150: changes role from  FOLLOWER to FOLLOWER at term 248 for recognizeCandidate:327657b1-60f8-49f2-b2a3-f63e1f934942
2019-10-18 14:58:29,639 [grpc-default-executor-3] INFO  impl.RoleInfo (RoleInfo.java:shutdownFollowerState(121)) - ddd4789c-894d-475a-bbfb-f6e7aa670c92: shutdown FollowerState
2019-10-18 14:58:29,639 [grpc-default-executor-3] INFO  impl.RoleInfo (RoleInfo.java:updateAndGet(143)) - ddd4789c-894d-475a-bbfb-f6e7aa670c92: start FollowerState
2019-10-18 14:58:29,639 [Thread-1713] INFO  impl.FollowerState (FollowerState.java:run(117)) - ddd4789c-894d-475a-bbfb-f6e7aa670c92@group-58A987F56150-FollowerState was interrupted: java.lang.InterruptedException: sleep interrupted
2019-10-18 14:58:29,680 [327657b1-60f8-49f2-b2a3-f63e1f934942@group-58A987F56150-LeaderElection217] INFO  impl.LeaderElection (LeaderElection.java:askForVotes(178)) - 327657b1-60f8-49f2-b2a3-f63e1f934942@group-58A987F56150-LeaderElection217: begin an election at term 249 for -1: [6605b8a5-570b-4977-9ee7-6aaf3012bed5:192.168.164.233:35223, 327657b1-60f8-49f2-b2a3-f63e1f934942:192.168.164.233:41966, ddd4789c-894d-475a-bbfb-f6e7aa670c92:192.168.164.233:41061], old=null
2019-10-18 14:58:29,682 [grpc-default-executor-2] INFO  impl.RaftServerImpl (RaftServerImpl.java:setRole(184)) - 6605b8a5-570b-4977-9ee7-6aaf3012bed5@group-58A987F56150: changes role from  FOLLOWER to FOLLOWER at term 249 for recognizeCandidate:327657b1-60f8-49f2-b2a3-f63e1f934942
2019-10-18 14:58:29,682 [grpc-default-executor-2] INFO  impl.RoleInfo (RoleInfo.java:shutdownFollowerState(121)) - 6605b8a5-570b-4977-9ee7-6aaf3012bed5: shutdown FollowerState
2019-10-18 14:58:29,682 [grpc-default-executor-2] INFO  impl.RoleInfo (RoleInfo.java:updateAndGet(143)) - 6605b8a5-570b-4977-9ee7-6aaf3012bed5: start FollowerState
2019-10-18 14:58:29,683 [Thread-1718] INFO  impl.FollowerState (FollowerState.java:run(117)) - 6605b8a5-570b-4977-9ee7-6aaf3012bed5@group-58A987F56150-FollowerState was interrupted: java.lang.InterruptedException: sleep interrupted
2019-10-18 14:58:29,683 [grpc-default-executor-3] INFO  impl.RaftServerImpl (RaftServerImpl.java:setRole(184)) - ddd4789c-894d-475a-bbfb-f6e7aa670c92@group-58A987F56150: changes role from  FOLLOWER to FOLLOWER at term 249 for recognizeCandidate:327657b1-60f8-49f2-b2a3-f63e1f934942
2019-10-18 14:58:29,683 [grpc-default-executor-3] INFO  impl.RoleInfo (RoleInfo.java:shutdownFollowerState(121)) - ddd4789c-894d-475a-bbfb-f6e7aa670c92: shutdown FollowerState
2019-10-18 14:58:29,683 [grpc-default-executor-3] INFO  impl.RoleInfo (RoleInfo.java:updateAndGet(143)) - ddd4789c-894d-475a-bbfb-f6e7aa670c92: start FollowerState
2019-10-18 14:58:29,683 [Thread-1719] INFO  impl.FollowerState (FollowerState.java:run(117)) - ddd4789c-894d-475a-bbfb-f6e7aa670c92@group-58A987F56150-FollowerState was interrupted: java.lang.InterruptedException: sleep interrupted
2019-10-18 14:58:29,711 [327657b1-60f8-49f2-b2a3-f63e1f934942@group-58A987F56150-LeaderElection217] INFO  impl.LeaderElection (LeaderElection.java:logAndReturn(56)) - 327657b1-60f8-49f2-b2a3-f63e1f934942@group-58A987F56150-LeaderElection217: Election REJECTED; received 2 response(s) [327657b1-60f8-49f2-b2a3-f63e1f934942<-6605b8a5-570b-4977-9ee7-6aaf3012bed5#0:FAIL-t249, 327657b1-60f8-49f2-b2a3-f63e1f934942<-ddd4789c-894d-475a-bbfb-f6e7aa670c92#0:FAIL-t249] and 0 exception(s); 327657b1-60f8-49f2-b2a3-f63e1f934942@group-58A987F56150:t249, leader=null, voted=327657b1-60f8-49f2-b2a3-f63e1f934942, raftlog=327657b1-60f8-49f2-b2a3-f63e1f934942@group-58A987F56150-SegmentedRaftLog:OPENED:c-1,f-1,i0, conf=-1: [6605b8a5-570b-4977-9ee7-6aaf3012bed5:192.168.164.233:35223, 327657b1-60f8-49f2-b2a3-f63e1f934942:192.168.164.233:41966, ddd4789c-894d-475a-bbfb-f6e7aa670c92:192.168.164.233:41061], old=null
2019-10-18 14:58:29,711 [327657b1-60f8-49f2-b2a3-f63e1f934942@group-58A987F56150-LeaderElection217] INFO  impl.RaftServerImpl (RaftServerImpl.java:setRole(184)) - 327657b1-60f8-49f2-b2a3-f63e1f934942@group-58A987F56150: changes role from CANDIDATE to FOLLOWER at term 249 for DISCOVERED_A_NEW_TERM
2019-10-18 14:58:29,711 [327657b1-60f8-49f2-b2a3-f63e1f934942@group-58A987F56150-LeaderElection217] INFO  impl.RoleInfo (RoleInfo.java:shutdownLeaderElection(134)) - 327657b1-60f8-49f2-b2a3-f63e1f934942: shutdown LeaderElection
2019-10-18 14:58:29,711 [327657b1-60f8-49f2-b2a3-f63e1f934942@group-58A987F56150-LeaderElection217] INFO  impl.RoleInfo (RoleInfo.java:updateAndGet(143)) - 327657b1-60f8-49f2-b2a3-f63e1f934942: start FollowerState
2019-10-18 14:58:29,760 [Thread-1724] INFO  impl.FollowerState (FollowerState.java:run(108)) - 327657b1-60f8-49f2-b2a3-f63e1f934942@group-58A987F56150-FollowerState: change to CANDIDATE, lastRpcTime:49ms, electionTimeout:49ms
2019-10-18 14:58:29,760 [Thread-1724] INFO  impl.RoleInfo (RoleInfo.java:shutdownFollowerState(121)) - 327657b1-60f8-49f2-b2a3-f63e1f934942: shutdown FollowerState
2019-10-18 14:58:29,760 [Thread-1724] INFO  impl.RaftServerImpl (RaftServerImpl.java:setRole(184)) - 327657b1-60f8-49f2-b2a3-f63e1f934942@group-58A987F56150: changes role from  FOLLOWER to CANDIDATE at term 249 for changeToCandidate
2019-10-18 14:58:29,761 [Thread-1724] INFO  impl.RoleInfo (RoleInfo.java:updateAndGet(143)) - 327657b1-60f8-49f2-b2a3-f63e1f934942: start LeaderElection
2019-10-18 14:58:29,775 [327657b1-60f8-49f2-b2a3-f63e1f934942@group-58A987F56150-LeaderElection218] INFO  impl.LeaderElection (LeaderElection.java:askForVotes(178)) - 327657b1-60f8-49f2-b2a3-f63e1f934942@group-58A987F56150-LeaderElection218: begin an election at term 250 for -1: [6605b8a5-570b-4977-9ee7-6aaf3012bed5:192.168.164.233:35223, 327657b1-60f8-49f2-b2a3-f63e1f934942:192.168.164.233:41966, ddd4789c-894d-475a-bbfb-f6e7aa670c92:192.168.164.233:41061], old=null
2019-10-18 14:58:29,777 [grpc-default-executor-2] INFO  impl.RaftServerImpl (RaftServerImpl.java:setRole(184)) - 6605b8a5-570b-4977-9ee7-6aaf3012bed5@group-58A987F56150: changes role from  FOLLOWER to FOLLOWER at term 250 for recognizeCandidate:327657b1-60f8-49f2-b2a3-f63e1f934942
2019-10-18 14:58:29,777 [grpc-default-executor-2] INFO  impl.RoleInfo (RoleInfo.java:shutdownFollowerState(121)) - 6605b8a5-570b-4977-9ee7-6aaf3012bed5: shutdown FollowerState
2019-10-18 14:58:29,778 [grpc-default-executor-2] INFO  impl.RoleInfo (RoleInfo.java:updateAndGet(143)) - 6605b8a5-570b-4977-9ee7-6aaf3012bed5: start FollowerState
2019-10-18 14:58:29,778 [Thread-1722] INFO  impl.FollowerState (FollowerState.java:run(117)) - 6605b8a5-570b-4977-9ee7-6aaf3012bed5@group-58A987F56150-FollowerState was interrupted: java.lang.InterruptedException: sleep interrupted
2019-10-18 14:58:29,778 [grpc-default-executor-3] INFO  impl.RaftServerImpl (RaftServerImpl.java:setRole(184)) - ddd4789c-894d-475a-bbfb-f6e7aa670c92@group-58A987F56150: changes role from  FOLLOWER to FOLLOWER at term 250 for recognizeCandidate:327657b1-60f8-49f2-b2a3-f63e1f934942
2019-10-18 14:58:29,778 [grpc-default-executor-3] INFO  impl.RoleInfo (RoleInfo.java:shutdownFollowerState(121)) - ddd4789c-894d-475a-bbfb-f6e7aa670c92: shutdown FollowerState
2019-10-18 14:58:29,779 [grpc-default-executor-3] INFO  impl.RoleInfo (RoleInfo.java:updateAndGet(143)) - ddd4789c-894d-475a-bbfb-f6e7aa670c92: start FollowerState
2019-10-18 14:58:29,779 [Thread-1723] INFO  impl.FollowerState (FollowerState.java:run(117)) - ddd4789c-894d-475a-bbfb-f6e7aa670c92@group-58A987F56150-FollowerState was interrupted: java.lang.InterruptedException: sleep interrupted
2019-10-18 14:58:29,792 [327657b1-60f8-49f2-b2a3-f63e1f934942@group-58A987F56150-LeaderElection218] INFO  impl.LeaderElection (LeaderElection.java:logAndReturn(56)) - 327657b1-60f8-49f2-b2a3-f63e1f934942@group-58A987F56150-LeaderElection218: Election REJECTED; received 2 response(s) [327657b1-60f8-49f2-b2a3-f63e1f934942<-6605b8a5-570b-4977-9ee7-6aaf3012bed5#0:FAIL-t250, 327657b1-60f8-49f2-b2a3-f63e1f934942<-ddd4789c-894d-475a-bbfb-f6e7aa670c92#0:FAIL-t250] and 0 exception(s); 327657b1-60f8-49f2-b2a3-f63e1f934942@group-58A987F56150:t250, leader=null, voted=327657b1-60f8-49f2-b2a3-f63e1f934942, raftlog=327657b1-60f8-49f2-b2a3-f63e1f934942@group-58A987F56150-SegmentedRaftLog:OPENED:c-1,f-1,i0, conf=-1: [6605b8a5-570b-4977-9ee7-6aaf3012bed5:192.168.164.233:35223, 327657b1-60f8-49f2-b2a3-f63e1f934942:192.168.164.233:41966, ddd4789c-894d-475a-bbfb-f6e7aa670c92:192.168.164.233:41061], old=null
2019-10-18 14:58:29,792 [327657b1-60f8-49f2-b2a3-f63e1f934942@group-58A987F56150-LeaderElection218] INFO  impl.RaftServerImpl (RaftServerImpl.java:setRole(184)) - 327657b1-60f8-49f2-b2a3-f63e1f934942@group-58A987F56150: changes role from CANDIDATE to FOLLOWER at term 250 for DISCOVERED_A_NEW_TERM
2019-10-18 14:58:29,792 [327657b1-60f8-49f2-b2a3-f63e1f934942@group-58A987F56150-LeaderElection218] INFO  impl.RoleInfo (RoleInfo.java:shutdownLeaderElection(134)) - 327657b1-60f8-49f2-b2a3-f63e1f934942: shutdown LeaderElection
2019-10-18 14:58:29,792 [327657b1-60f8-49f2-b2a3-f63e1f934942@group-58A987F56150-LeaderElection218] INFO  impl.RoleInfo (RoleInfo.java:updateAndGet(143)) - 327657b1-60f8-49f2-b2a3-f63e1f934942: start FollowerState
2019-10-18 14:58:29,927 [Thread-1730] INFO  impl.FollowerState (FollowerState.java:run(108)) - 327657b1-60f8-49f2-b2a3-f63e1f934942@group-58A987F56150-FollowerState: change to CANDIDATE, lastRpcTime:135ms, electionTimeout:135ms
2019-10-18 14:58:29,928 [Thread-1730] INFO  impl.RoleInfo (RoleInfo.java:shutdownFollowerState(121)) - 327657b1-60f8-49f2-b2a3-f63e1f934942: shutdown FollowerState
2019-10-18 14:58:29,928 [Thread-1730] INFO  impl.RaftServerImpl (RaftServerImpl.java:setRole(184)) - 327657b1-60f8-49f2-b2a3-f63e1f934942@group-58A987F56150: changes role from  FOLLOWER to CANDIDATE at term 250 for changeToCandidate
2019-10-18 14:58:29,928 [Thread-1730] INFO  impl.RoleInfo (RoleInfo.java:updateAndGet(143)) - 327657b1-60f8-49f2-b2a3-f63e1f934942: start LeaderElection
2019-10-18 14:58:29,942 [327657b1-60f8-49f2-b2a3-f63e1f934942@group-58A987F56150-LeaderElection219] INFO  impl.LeaderElection (LeaderElection.java:askForVotes(178)) - 327657b1-60f8-49f2-b2a3-f63e1f934942@group-58A987F56150-LeaderElection219: begin an election at term 251 for -1: [6605b8a5-570b-4977-9ee7-6aaf3012bed5:192.168.164.233:35223, 327657b1-60f8-49f2-b2a3-f63e1f934942:192.168.164.233:41966, ddd4789c-894d-475a-bbfb-f6e7aa670c92:192.168.164.233:41061], old=null
2019-10-18 14:58:29,944 [grpc-default-executor-2] INFO  impl.RaftServerImpl (RaftServerImpl.java:setRole(184)) - ddd4789c-894d-475a-bbfb-f6e7aa670c92@group-58A987F56150: changes role from  FOLLOWER to FOLLOWER at term 251 for recognizeCandidate:327657b1-60f8-49f2-b2a3-f63e1f934942
2019-10-18 14:58:29,945 [grpc-default-executor-2] INFO  impl.RoleInfo (RoleInfo.java:shutdownFollowerState(121)) - ddd4789c-894d-475a-bbfb-f6e7aa670c92: shutdown FollowerState
2019-10-18 14:58:29,944 [grpc-default-executor-3] INFO  impl.RaftServerImpl (RaftServerImpl.java:setRole(184)) - 6605b8a5-570b-4977-9ee7-6aaf3012bed5@group-58A987F56150: changes role from  FOLLOWER to FOLLOWER at term 251 for recognizeCandidate:327657b1-60f8-49f2-b2a3-f63e1f934942
2019-10-18 14:58:29,945 [Thread-1729] INFO  impl.FollowerState (FollowerState.java:run(117)) - ddd4789c-894d-475a-bbfb-f6e7aa670c92@group-58A987F56150-FollowerState was interrupted: java.lang.InterruptedException: sleep interrupted
2019-10-18 14:58:29,945 [grpc-default-executor-2] INFO  impl.RoleInfo (RoleInfo.java:updateAndGet(143)) - ddd4789c-894d-475a-bbfb-f6e7aa670c92: start FollowerState
2019-10-18 14:58:29,945 [grpc-default-executor-3] INFO  impl.RoleInfo (RoleInfo.java:shutdownFollowerState(121)) - 6605b8a5-570b-4977-9ee7-6aaf3012bed5: shutdown FollowerState
2019-10-18 14:58:29,946 [grpc-default-executor-3] INFO  impl.RoleInfo (RoleInfo.java:updateAndGet(143)) - 6605b8a5-570b-4977-9ee7-6aaf3012bed5: start FollowerState
2019-10-18 14:58:29,946 [Thread-1728] INFO  impl.FollowerState (FollowerState.java:run(117)) - 6605b8a5-570b-4977-9ee7-6aaf3012bed5@group-58A987F56150-FollowerState was interrupted: java.lang.InterruptedException: sleep interrupted
2019-10-18 14:58:29,971 [327657b1-60f8-49f2-b2a3-f63e1f934942@group-58A987F56150-LeaderElection219] INFO  impl.LeaderElection (LeaderElection.java:logAndReturn(56)) - 327657b1-60f8-49f2-b2a3-f63e1f934942@group-58A987F56150-LeaderElection219: Election REJECTED; received 2 response(s) [327657b1-60f8-49f2-b2a3-f63e1f934942<-6605b8a5-570b-4977-9ee7-6aaf3012bed5#0:FAIL-t251, 327657b1-60f8-49f2-b2a3-f63e1f934942<-ddd4789c-894d-475a-bbfb-f6e7aa670c92#0:FAIL-t251] and 0 exception(s); 327657b1-60f8-49f2-b2a3-f63e1f934942@group-58A987F56150:t251, leader=null, voted=327657b1-60f8-49f2-b2a3-f63e1f934942, raftlog=327657b1-60f8-49f2-b2a3-f63e1f934942@group-58A987F56150-SegmentedRaftLog:OPENED:c-1,f-1,i0, conf=-1: [6605b8a5-570b-4977-9ee7-6aaf3012bed5:192.168.164.233:35223, 327657b1-60f8-49f2-b2a3-f63e1f934942:192.168.164.233:41966, ddd4789c-894d-475a-bbfb-f6e7aa670c92:192.168.164.233:41061], old=null
2019-10-18 14:58:29,972 [327657b1-60f8-49f2-b2a3-f63e1f934942@group-58A987F56150-LeaderElection219] INFO  impl.RaftServerImpl (RaftServerImpl.java:setRole(184)) - 327657b1-60f8-49f2-b2a3-f63e1f934942@group-58A987F56150: changes role from CANDIDATE to FOLLOWER at term 251 for DISCOVERED_A_NEW_TERM
2019-10-18 14:58:29,972 [327657b1-60f8-49f2-b2a3-f63e1f934942@group-58A987F56150-LeaderElection219] INFO  impl.RoleInfo (RoleInfo.java:shutdownLeaderElection(134)) - 327657b1-60f8-49f2-b2a3-f63e1f934942: shutdown LeaderElection
2019-10-18 14:58:29,972 [327657b1-60f8-49f2-b2a3-f63e1f934942@group-58A987F56150-LeaderElection219] INFO  impl.RoleInfo (RoleInfo.java:updateAndGet(143)) - 327657b1-60f8-49f2-b2a3-f63e1f934942: start FollowerState
2019-10-18 14:58:30,085 [Thread-1738] INFO  impl.FollowerState (FollowerState.java:run(108)) - 327657b1-60f8-49f2-b2a3-f63e1f934942@group-58A987F56150-FollowerState: change to CANDIDATE, lastRpcTime:113ms, electionTimeout:113ms
2019-10-18 14:58:30,086 [Thread-1738] INFO  impl.RoleInfo (RoleInfo.java:shutdownFollowerState(121)) - 327657b1-60f8-49f2-b2a3-f63e1f934942: shutdown FollowerState
2019-10-18 14:58:30,086 [Thread-1738] INFO  impl.RaftServerImpl (RaftServerImpl.java:setRole(184)) - 327657b1-60f8-49f2-b2a3-f63e1f934942@group-58A987F56150: changes role from  FOLLOWER to CANDIDATE at term 251 for changeToCandidate
2019-10-18 14:58:30,086 [Thread-1738] INFO  impl.RoleInfo (RoleInfo.java:updateAndGet(143)) - 327657b1-60f8-49f2-b2a3-f63e1f934942: start LeaderElection
2019-10-18 14:58:30,099 [327657b1-60f8-49f2-b2a3-f63e1f934942@group-58A987F56150-LeaderElection220] INFO  impl.LeaderElection (LeaderElection.java:askForVotes(178)) - 327657b1-60f8-49f2-b2a3-f63e1f934942@group-58A987F56150-LeaderElection220: begin an election at term 252 for -1: [6605b8a5-570b-4977-9ee7-6aaf3012bed5:192.168.164.233:35223, 327657b1-60f8-49f2-b2a3-f63e1f934942:192.168.164.233:41966, ddd4789c-894d-475a-bbfb-f6e7aa670c92:192.168.164.233:41061], old=null
2019-10-18 14:58:30,102 [grpc-default-executor-2] INFO  impl.RaftServerImpl (RaftServerImpl.java:setRole(184)) - 6605b8a5-570b-4977-9ee7-6aaf3012bed5@group-58A987F56150: changes role from  FOLLOWER to FOLLOWER at term 252 for recognizeCandidate:327657b1-60f8-49f2-b2a3-f63e1f934942
2019-10-18 14:58:30,102 [grpc-default-executor-2] INFO  impl.RoleInfo (RoleInfo.java:shutdownFollowerState(121)) - 6605b8a5-570b-4977-9ee7-6aaf3012bed5: shutdown FollowerState
2019-10-18 14:58:30,102 [grpc-default-executor-3] INFO  impl.RaftServerImpl (RaftServerImpl.java:setRole(184)) - ddd4789c-894d-475a-bbfb-f6e7aa670c92@group-58A987F56150: changes role from  FOLLOWER to FOLLOWER at term 252 for recognizeCandidate:327657b1-60f8-49f2-b2a3-f63e1f934942
2019-10-18 14:58:30,102 [Thread-1737] INFO  impl.FollowerState (FollowerState.java:run(117)) - 6605b8a5-570b-4977-9ee7-6aaf3012bed5@group-58A987F56150-FollowerState was interrupted: java.lang.InterruptedException: sleep interrupted
2019-10-18 14:58:30,102 [grpc-default-executor-2] INFO  impl.RoleInfo (RoleInfo.java:updateAndGet(143)) - 6605b8a5-570b-4977-9ee7-6aaf3012bed5: start FollowerState
2019-10-18 14:58:30,102 [grpc-default-executor-3] INFO  impl.RoleInfo (RoleInfo.java:shutdownFollowerState(121)) - ddd4789c-894d-475a-bbfb-f6e7aa670c92: shutdown FollowerState
2019-10-18 14:58:30,103 [grpc-default-executor-3] INFO  impl.RoleInfo (RoleInfo.java:updateAndGet(143)) - ddd4789c-894d-475a-bbfb-f6e7aa670c92: start FollowerState
2019-10-18 14:58:30,103 [Thread-1736] INFO  impl.FollowerState (FollowerState.java:run(117)) - ddd4789c-894d-475a-bbfb-f6e7aa670c92@group-58A987F56150-FollowerState was interrupted: java.lang.InterruptedException: sleep interrupted
2019-10-18 14:58:30,107 [327657b1-60f8-49f2-b2a3-f63e1f934942@group-58A987F56150-LeaderElection220] INFO  impl.LeaderElection (LeaderElection.java:logAndReturn(56)) - 327657b1-60f8-49f2-b2a3-f63e1f934942@group-58A987F56150-LeaderElection220: Election TIMEOUT; received 0 response(s) [] and 0 exception(s); 327657b1-60f8-49f2-b2a3-f63e1f934942@group-58A987F56150:t252, leader=null, voted=327657b1-60f8-49f2-b2a3-f63e1f934942, raftlog=327657b1-60f8-49f2-b2a3-f63e1f934942@group-58A987F56150-SegmentedRaftLog:OPENED:c-1,f-1,i0, conf=-1: [6605b8a5-570b-4977-9ee7-6aaf3012bed5:192.168.164.233:35223, 327657b1-60f8-49f2-b2a3-f63e1f934942:192.168.164.233:41966, ddd4789c-894d-475a-bbfb-f6e7aa670c92:192.168.164.233:41061], old=null
2019-10-18 14:58:30,129 [327657b1-60f8-49f2-b2a3-f63e1f934942@group-58A987F56150-LeaderElection220] INFO  impl.LeaderElection (LeaderElection.java:askForVotes(178)) - 327657b1-60f8-49f2-b2a3-f63e1f934942@group-58A987F56150-LeaderElection220: begin an election at term 253 for -1: [6605b8a5-570b-4977-9ee7-6aaf3012bed5:192.168.164.233:35223, 327657b1-60f8-49f2-b2a3-f63e1f934942:192.168.164.233:41966, ddd4789c-894d-475a-bbfb-f6e7aa670c92:192.168.164.233:41061], old=null
2019-10-18 14:58:30,130 [grpc-default-executor-2] INFO  impl.RaftServerImpl (RaftServerImpl.java:setRole(184)) - 6605b8a5-570b-4977-9ee7-6aaf3012bed5@group-58A987F56150: changes role from  FOLLOWER to FOLLOWER at term 253 for recognizeCandidate:327657b1-60f8-49f2-b2a3-f63e1f934942
2019-10-18 14:58:30,131 [grpc-default-executor-2] INFO  impl.RoleInfo (RoleInfo.java:shutdownFollowerState(121)) - 6605b8a5-570b-4977-9ee7-6aaf3012bed5: shutdown FollowerState
2019-10-18 14:58:30,131 [grpc-default-executor-2] INFO  impl.RoleInfo (RoleInfo.java:updateAndGet(143)) - 6605b8a5-570b-4977-9ee7-6aaf3012bed5: start FollowerState
2019-10-18 14:58:30,131 [Thread-1742] INFO  impl.FollowerState (FollowerState.java:run(117)) - 6605b8a5-570b-4977-9ee7-6aaf3012bed5@group-58A987F56150-FollowerState was interrupted: java.lang.InterruptedException: sleep interrupted
2019-10-18 14:58:30,131 [grpc-default-executor-3] INFO  impl.RaftServerImpl (RaftServerImpl.java:setRole(184)) - ddd4789c-894d-475a-bbfb-f6e7aa670c92@group-58A987F56150: changes role from  FOLLOWER to FOLLOWER at term 253 for recognizeCandidate:327657b1-60f8-49f2-b2a3-f63e1f934942
2019-10-18 14:58:30,131 [grpc-default-executor-3] INFO  impl.RoleInfo (RoleInfo.java:shutdownFollowerState(121)) - ddd4789c-894d-475a-bbfb-f6e7aa670c92: shutdown FollowerState
2019-10-18 14:58:30,132 [grpc-default-executor-3] INFO  impl.RoleInfo (RoleInfo.java:updateAndGet(143)) - ddd4789c-894d-475a-bbfb-f6e7aa670c92: start FollowerState
2019-10-18 14:58:30,132 [Thread-1743] INFO  impl.FollowerState (FollowerState.java:run(117)) - ddd4789c-894d-475a-bbfb-f6e7aa670c92@group-58A987F56150-FollowerState was interrupted: java.lang.InterruptedException: sleep interrupted
2019-10-18 14:58:30,157 [327657b1-60f8-49f2-b2a3-f63e1f934942@group-58A987F56150-LeaderElection220] INFO  impl.LeaderElection (LeaderElection.java:logAndReturn(56)) - 327657b1-60f8-49f2-b2a3-f63e1f934942@group-58A987F56150-LeaderElection220: Election REJECTED; received 2 response(s) [327657b1-60f8-49f2-b2a3-f63e1f934942<-6605b8a5-570b-4977-9ee7-6aaf3012bed5#0:FAIL-t253, 327657b1-60f8-49f2-b2a3-f63e1f934942<-ddd4789c-894d-475a-bbfb-f6e7aa670c92#0:FAIL-t253] and 0 exception(s); 327657b1-60f8-49f2-b2a3-f63e1f934942@group-58A987F56150:t253, leader=null, voted=327657b1-60f8-49f2-b2a3-f63e1f934942, raftlog=327657b1-60f8-49f2-b2a3-f63e1f934942@group-58A987F56150-SegmentedRaftLog:OPENED:c-1,f-1,i0, conf=-1: [6605b8a5-570b-4977-9ee7-6aaf3012bed5:192.168.164.233:35223, 327657b1-60f8-49f2-b2a3-f63e1f934942:192.168.164.233:41966, ddd4789c-894d-475a-bbfb-f6e7aa670c92:192.168.164.233:41061], old=null
2019-10-18 14:58:30,157 [327657b1-60f8-49f2-b2a3-f63e1f934942@group-58A987F56150-LeaderElection220] INFO  impl.RaftServerImpl (RaftServerImpl.java:setRole(184)) - 327657b1-60f8-49f2-b2a3-f63e1f934942@group-58A987F56150: changes role from CANDIDATE to FOLLOWER at term 253 for DISCOVERED_A_NEW_TERM
2019-10-18 14:58:30,157 [327657b1-60f8-49f2-b2a3-f63e1f934942@group-58A987F56150-LeaderElection220] INFO  impl.RoleInfo (RoleInfo.java:shutdownLeaderElection(134)) - 327657b1-60f8-49f2-b2a3-f63e1f934942: shutdown LeaderElection
2019-10-18 14:58:30,157 [327657b1-60f8-49f2-b2a3-f63e1f934942@group-58A987F56150-LeaderElection220] INFO  impl.RoleInfo (RoleInfo.java:updateAndGet(143)) - 327657b1-60f8-49f2-b2a3-f63e1f934942: start FollowerState
2019-10-18 14:58:30,227 [Thread-1748] INFO  impl.FollowerState (FollowerState.java:run(108)) - 327657b1-60f8-49f2-b2a3-f63e1f934942@group-58A987F56150-FollowerState: change to CANDIDATE, lastRpcTime:69ms, electionTimeout:69ms
2019-10-18 14:58:30,227 [Thread-1748] INFO  impl.RoleInfo (RoleInfo.java:shutdownFollowerState(121)) - 327657b1-60f8-49f2-b2a3-f63e1f934942: shutdown FollowerState
2019-10-18 14:58:30,227 [Thread-1748] INFO  impl.RaftServerImpl (RaftServerImpl.java:setRole(184)) - 327657b1-60f8-49f2-b2a3-f63e1f934942@group-58A987F56150: changes role from  FOLLOWER to CANDIDATE at term 253 for changeToCandidate
2019-10-18 14:58:30,227 [Thread-1748] INFO  impl.RoleInfo (RoleInfo.java:updateAndGet(143)) - 327657b1-60f8-49f2-b2a3-f63e1f934942: start LeaderElection
2019-10-18 14:58:30,253 [327657b1-60f8-49f2-b2a3-f63e1f934942@group-58A987F56150-LeaderElection221] INFO  impl.LeaderElection (LeaderElection.java:askForVotes(178)) - 327657b1-60f8-49f2-b2a3-f63e1f934942@group-58A987F56150-LeaderElection221: begin an election at term 254 for -1: [6605b8a5-570b-4977-9ee7-6aaf3012bed5:192.168.164.233:35223, 327657b1-60f8-49f2-b2a3-f63e1f934942:192.168.164.233:41966, ddd4789c-894d-475a-bbfb-f6e7aa670c92:192.168.164.233:41061], old=null
2019-10-18 14:58:30,256 [grpc-default-executor-2] INFO  impl.RaftServerImpl (RaftServerImpl.java:setRole(184)) - 6605b8a5-570b-4977-9ee7-6aaf3012bed5@group-58A987F56150: changes role from  FOLLOWER to FOLLOWER at term 254 for recognizeCandidate:327657b1-60f8-49f2-b2a3-f63e1f934942
2019-10-18 14:58:30,256 [grpc-default-executor-3] INFO  impl.RaftServerImpl (RaftServerImpl.java:setRole(184)) - ddd4789c-894d-475a-bbfb-f6e7aa670c92@group-58A987F56150: changes role from  FOLLOWER to FOLLOWER at term 254 for recognizeCandidate:327657b1-60f8-49f2-b2a3-f63e1f934942
2019-10-18 14:58:30,256 [grpc-default-executor-2] INFO  impl.RoleInfo (RoleInfo.java:shutdownFollowerState(121)) - 6605b8a5-570b-4977-9ee7-6aaf3012bed5: shutdown FollowerState
2019-10-18 14:58:30,256 [grpc-default-executor-3] INFO  impl.RoleInfo (RoleInfo.java:shutdownFollowerState(121)) - ddd4789c-894d-475a-bbfb-f6e7aa670c92: shutdown FollowerState
2019-10-18 14:58:30,256 [Thread-1746] INFO  impl.FollowerState (FollowerState.java:run(117)) - 6605b8a5-570b-4977-9ee7-6aaf3012bed5@group-58A987F56150-FollowerState was interrupted: java.lang.InterruptedException: sleep interrupted
2019-10-18 14:58:30,256 [grpc-default-executor-2] INFO  impl.RoleInfo (RoleInfo.java:updateAndGet(143)) - 6605b8a5-570b-4977-9ee7-6aaf3012bed5: start FollowerState
2019-10-18 14:58:30,257 [grpc-default-executor-3] INFO  impl.RoleInfo (RoleInfo.java:updateAndGet(143)) - ddd4789c-894d-475a-bbfb-f6e7aa670c92: start FollowerState
2019-10-18 14:58:30,257 [Thread-1747] INFO  impl.FollowerState (FollowerState.java:run(117)) - ddd4789c-894d-475a-bbfb-f6e7aa670c92@group-58A987F56150-FollowerState was interrupted: java.lang.InterruptedException: sleep interrupted
2019-10-18 14:58:30,282 [327657b1-60f8-49f2-b2a3-f63e1f934942@group-58A987F56150-LeaderElection221] INFO  impl.LeaderElection (LeaderElection.java:logAndReturn(56)) - 327657b1-60f8-49f2-b2a3-f63e1f934942@group-58A987F56150-LeaderElection221: Election REJECTED; received 2 response(s) [327657b1-60f8-49f2-b2a3-f63e1f934942<-6605b8a5-570b-4977-9ee7-6aaf3012bed5#0:FAIL-t254, 327657b1-60f8-49f2-b2a3-f63e1f934942<-ddd4789c-894d-475a-bbfb-f6e7aa670c92#0:FAIL-t254] and 0 exception(s); 327657b1-60f8-49f2-b2a3-f63e1f934942@group-58A987F56150:t254, leader=null, voted=327657b1-60f8-49f2-b2a3-f63e1f934942, raftlog=327657b1-60f8-49f2-b2a3-f63e1f934942@group-58A987F56150-SegmentedRaftLog:OPENED:c-1,f-1,i0, conf=-1: [6605b8a5-570b-4977-9ee7-6aaf3012bed5:192.168.164.233:35223, 327657b1-60f8-49f2-b2a3-f63e1f934942:192.168.164.233:41966, ddd4789c-894d-475a-bbfb-f6e7aa670c92:192.168.164.233:41061], old=null
2019-10-18 14:58:30,283 [327657b1-60f8-49f2-b2a3-f63e1f934942@group-58A987F56150-LeaderElection221] INFO  impl.RaftServerImpl (RaftServerImpl.java:setRole(184)) - 327657b1-60f8-49f2-b2a3-f63e1f934942@group-58A987F56150: changes role from CANDIDATE to FOLLOWER at term 254 for DISCOVERED_A_NEW_TERM
2019-10-18 14:58:30,283 [327657b1-60f8-49f2-b2a3-f63e1f934942@group-58A987F56150-LeaderElection221] INFO  impl.RoleInfo (RoleInfo.java:shutdownLeaderElection(134)) - 327657b1-60f8-49f2-b2a3-f63e1f934942: shutdown LeaderElection
2019-10-18 14:58:30,283 [327657b1-60f8-49f2-b2a3-f63e1f934942@group-58A987F56150-LeaderElection221] INFO  impl.RoleInfo (RoleInfo.java:updateAndGet(143)) - 327657b1-60f8-49f2-b2a3-f63e1f934942: start FollowerState
2019-10-18 14:58:30,343 [Thread-1754] INFO  impl.FollowerState (FollowerState.java:run(108)) - 327657b1-60f8-49f2-b2a3-f63e1f934942@group-58A987F56150-FollowerState: change to CANDIDATE, lastRpcTime:60ms, electionTimeout:60ms
2019-10-18 14:58:30,343 [Thread-1754] INFO  impl.RoleInfo (RoleInfo.java:shutdownFollowerState(121)) - 327657b1-60f8-49f2-b2a3-f63e1f934942: shutdown FollowerState
2019-10-18 14:58:30,343 [Thread-1754] INFO  impl.RaftServerImpl (RaftServerImpl.java:setRole(184)) - 327657b1-60f8-49f2-b2a3-f63e1f934942@group-58A987F56150: changes role from  FOLLOWER to CANDIDATE at term 254 for changeToCandidate
2019-10-18 14:58:30,344 [Thread-1754] INFO  impl.RoleInfo (RoleInfo.java:updateAndGet(143)) - 327657b1-60f8-49f2-b2a3-f63e1f934942: start LeaderElection
2019-10-18 14:58:30,357 [327657b1-60f8-49f2-b2a3-f63e1f934942@group-58A987F56150-LeaderElection222] INFO  impl.LeaderElection (LeaderElection.java:askForVotes(178)) - 327657b1-60f8-49f2-b2a3-f63e1f934942@group-58A987F56150-LeaderElection222: begin an election at term 255 for -1: [6605b8a5-570b-4977-9ee7-6aaf3012bed5:192.168.164.233:35223, 327657b1-60f8-49f2-b2a3-f63e1f934942:192.168.164.233:41966, ddd4789c-894d-475a-bbfb-f6e7aa670c92:192.168.164.233:41061], old=null
2019-10-18 14:58:30,360 [grpc-default-executor-3] INFO  impl.RaftServerImpl (RaftServerImpl.java:setRole(184)) - ddd4789c-894d-475a-bbfb-f6e7aa670c92@group-58A987F56150: changes role from  FOLLOWER to FOLLOWER at term 255 for recognizeCandidate:327657b1-60f8-49f2-b2a3-f63e1f934942
2019-10-18 14:58:30,360 [grpc-default-executor-3] INFO  impl.RoleInfo (RoleInfo.java:shutdownFollowerState(121)) - ddd4789c-894d-475a-bbfb-f6e7aa670c92: shutdown FollowerState
2019-10-18 14:58:30,360 [grpc-default-executor-2] INFO  impl.RaftServerImpl (RaftServerImpl.java:setRole(184)) - 6605b8a5-570b-4977-9ee7-6aaf3012bed5@group-58A987F56150: changes role from  FOLLOWER to FOLLOWER at term 255 for recognizeCandidate:327657b1-60f8-49f2-b2a3-f63e1f934942
2019-10-18 14:58:30,360 [Thread-1753] INFO  impl.FollowerState (FollowerState.java:run(117)) - ddd4789c-894d-475a-bbfb-f6e7aa670c92@group-58A987F56150-FollowerState was interrupted: java.lang.InterruptedException: sleep interrupted
2019-10-18 14:58:30,360 [grpc-default-executor-3] INFO  impl.RoleInfo (RoleInfo.java:updateAndGet(143)) - ddd4789c-894d-475a-bbfb-f6e7aa670c92: start FollowerState
2019-10-18 14:58:30,360 [grpc-default-executor-2] INFO  impl.RoleInfo (RoleInfo.java:shutdownFollowerState(121)) - 6605b8a5-570b-4977-9ee7-6aaf3012bed5: shutdown FollowerState
2019-10-18 14:58:30,361 [grpc-default-executor-2] INFO  impl.RoleInfo (RoleInfo.java:updateAndGet(143)) - 6605b8a5-570b-4977-9ee7-6aaf3012bed5: start FollowerState
2019-10-18 14:58:30,361 [Thread-1752] INFO  impl.FollowerState (FollowerState.java:run(117)) - 6605b8a5-570b-4977-9ee7-6aaf3012bed5@group-58A987F56150-FollowerState was interrupted: java.lang.InterruptedException: sleep interrupted
2019-10-18 14:58:30,386 [327657b1-60f8-49f2-b2a3-f63e1f934942@group-58A987F56150-LeaderElection222] INFO  impl.LeaderElection (LeaderElection.java:logAndReturn(56)) - 327657b1-60f8-49f2-b2a3-f63e1f934942@group-58A987F56150-LeaderElection222: Election REJECTED; received 2 response(s) [327657b1-60f8-49f2-b2a3-f63e1f934942<-6605b8a5-570b-4977-9ee7-6aaf3012bed5#0:FAIL-t255, 327657b1-60f8-49f2-b2a3-f63e1f934942<-ddd4789c-894d-475a-bbfb-f6e7aa670c92#0:FAIL-t255] and 0 exception(s); 327657b1-60f8-49f2-b2a3-f63e1f934942@group-58A987F56150:t255, leader=null, voted=327657b1-60f8-49f2-b2a3-f63e1f934942, raftlog=327657b1-60f8-49f2-b2a3-f63e1f934942@group-58A987F56150-SegmentedRaftLog:OPENED:c-1,f-1,i0, conf=-1: [6605b8a5-570b-4977-9ee7-6aaf3012bed5:192.168.164.233:35223, 327657b1-60f8-49f2-b2a3-f63e1f934942:192.168.164.233:41966, ddd4789c-894d-475a-bbfb-f6e7aa670c92:192.168.164.233:41061], old=null
2019-10-18 14:58:30,387 [327657b1-60f8-49f2-b2a3-f63e1f934942@group-58A987F56150-LeaderElection222] INFO  impl.RaftServerImpl (RaftServerImpl.java:setRole(184)) - 327657b1-60f8-49f2-b2a3-f63e1f934942@group-58A987F56150: changes role from CANDIDATE to FOLLOWER at term 255 for DISCOVERED_A_NEW_TERM
2019-10-18 14:58:30,387 [327657b1-60f8-49f2-b2a3-f63e1f934942@group-58A987F56150-LeaderElection222] INFO  impl.RoleInfo (RoleInfo.java:shutdownLeaderElection(134)) - 327657b1-60f8-49f2-b2a3-f63e1f934942: shutdown LeaderElection
2019-10-18 14:58:30,387 [327657b1-60f8-49f2-b2a3-f63e1f934942@group-58A987F56150-LeaderElection222] INFO  impl.RoleInfo (RoleInfo.java:updateAndGet(143)) - 327657b1-60f8-49f2-b2a3-f63e1f934942: start FollowerState
2019-10-18 14:58:30,509 [Thread-1760] INFO  impl.FollowerState (FollowerState.java:run(108)) - 327657b1-60f8-49f2-b2a3-f63e1f934942@group-58A987F56150-FollowerState: change to CANDIDATE, lastRpcTime:122ms, electionTimeout:122ms
2019-10-18 14:58:30,510 [Thread-1760] INFO  impl.RoleInfo (RoleInfo.java:shutdownFollowerState(121)) - 327657b1-60f8-49f2-b2a3-f63e1f934942: shutdown FollowerState
2019-10-18 14:58:30,510 [Thread-1760] INFO  impl.RaftServerImpl (RaftServerImpl.java:setRole(184)) - 327657b1-60f8-49f2-b2a3-f63e1f934942@group-58A987F56150: changes role from  FOLLOWER to CANDIDATE at term 255 for changeToCandidate
2019-10-18 14:58:30,510 [Thread-1760] INFO  impl.RoleInfo (RoleInfo.java:updateAndGet(143)) - 327657b1-60f8-49f2-b2a3-f63e1f934942: start LeaderElection
2019-10-18 14:58:30,536 [327657b1-60f8-49f2-b2a3-f63e1f934942@group-58A987F56150-LeaderElection223] INFO  impl.LeaderElection (LeaderElection.java:askForVotes(178)) - 327657b1-60f8-49f2-b2a3-f63e1f934942@group-58A987F56150-LeaderElection223: begin an election at term 256 for -1: [6605b8a5-570b-4977-9ee7-6aaf3012bed5:192.168.164.233:35223, 327657b1-60f8-49f2-b2a3-f63e1f934942:192.168.164.233:41966, ddd4789c-894d-475a-bbfb-f6e7aa670c92:192.168.164.233:41061], old=null
2019-10-18 14:58:30,541 [grpc-default-executor-3] INFO  impl.RaftServerImpl (RaftServerImpl.java:setRole(184)) - 6605b8a5-570b-4977-9ee7-6aaf3012bed5@group-58A987F56150: changes role from  FOLLOWER to FOLLOWER at term 256 for recognizeCandidate:327657b1-60f8-49f2-b2a3-f63e1f934942
2019-10-18 14:58:30,541 [grpc-default-executor-3] INFO  impl.RoleInfo (RoleInfo.java:shutdownFollowerState(121)) - 6605b8a5-570b-4977-9ee7-6aaf3012bed5: shutdown FollowerState
2019-10-18 14:58:30,541 [grpc-default-executor-2] INFO  impl.RaftServerImpl (RaftServerImpl.java:setRole(184)) - ddd4789c-894d-475a-bbfb-f6e7aa670c92@group-58A987F56150: changes role from  FOLLOWER to FOLLOWER at term 256 for recognizeCandidate:327657b1-60f8-49f2-b2a3-f63e1f934942
2019-10-18 14:58:30,541 [grpc-default-executor-2] INFO  impl.RoleInfo (RoleInfo.java:shutdownFollowerState(121)) - ddd4789c-894d-475a-bbfb-f6e7aa670c92: shutdown FollowerState
2019-10-18 14:58:30,541 [Thread-1759] INFO  impl.FollowerState (FollowerState.java:run(117)) - 6605b8a5-570b-4977-9ee7-6aaf3012bed5@group-58A987F56150-FollowerState was interrupted: java.lang.InterruptedException: sleep interrupted
2019-10-18 14:58:30,541 [grpc-default-executor-3] INFO  impl.RoleInfo (RoleInfo.java:updateAndGet(143)) - 6605b8a5-570b-4977-9ee7-6aaf3012bed5: start FollowerState
2019-10-18 14:58:30,542 [Thread-1758] INFO  impl.FollowerState (FollowerState.java:run(117)) - ddd4789c-894d-475a-bbfb-f6e7aa670c92@group-58A987F56150-FollowerState was interrupted: java.lang.InterruptedException: sleep interrupted
2019-10-18 14:58:30,542 [grpc-default-executor-2] INFO  impl.RoleInfo (RoleInfo.java:updateAndGet(143)) - ddd4789c-894d-475a-bbfb-f6e7aa670c92: start FollowerState
2019-10-18 14:58:30,556 [327657b1-60f8-49f2-b2a3-f63e1f934942@group-58A987F56150-LeaderElection223] INFO  impl.LeaderElection (LeaderElection.java:logAndReturn(56)) - 327657b1-60f8-49f2-b2a3-f63e1f934942@group-58A987F56150-LeaderElection223: Election REJECTED; received 2 response(s) [327657b1-60f8-49f2-b2a3-f63e1f934942<-6605b8a5-570b-4977-9ee7-6aaf3012bed5#0:FAIL-t256, 327657b1-60f8-49f2-b2a3-f63e1f934942<-ddd4789c-894d-475a-bbfb-f6e7aa670c92#0:FAIL-t256] and 0 exception(s); 327657b1-60f8-49f2-b2a3-f63e1f934942@group-58A987F56150:t256, leader=null, voted=327657b1-60f8-49f2-b2a3-f63e1f934942, raftlog=327657b1-60f8-49f2-b2a3-f63e1f934942@group-58A987F56150-SegmentedRaftLog:OPENED:c-1,f-1,i0, conf=-1: [6605b8a5-570b-4977-9ee7-6aaf3012bed5:192.168.164.233:35223, 327657b1-60f8-49f2-b2a3-f63e1f934942:192.168.164.233:41966, ddd4789c-894d-475a-bbfb-f6e7aa670c92:192.168.164.233:41061], old=null
2019-10-18 14:58:30,556 [327657b1-60f8-49f2-b2a3-f63e1f934942@group-58A987F56150-LeaderElection223] INFO  impl.RaftServerImpl (RaftServerImpl.java:setRole(184)) - 327657b1-60f8-49f2-b2a3-f63e1f934942@group-58A987F56150: changes role from CANDIDATE to FOLLOWER at term 256 for DISCOVERED_A_NEW_TERM
2019-10-18 14:58:30,556 [327657b1-60f8-49f2-b2a3-f63e1f934942@group-58A987F56150-LeaderElection223] INFO  impl.RoleInfo (RoleInfo.java:shutdownLeaderElection(134)) - 327657b1-60f8-49f2-b2a3-f63e1f934942: shutdown LeaderElection
2019-10-18 14:58:30,556 [327657b1-60f8-49f2-b2a3-f63e1f934942@group-58A987F56150-LeaderElection223] INFO  impl.RoleInfo (RoleInfo.java:updateAndGet(143)) - 327657b1-60f8-49f2-b2a3-f63e1f934942: start FollowerState
2019-10-18 14:58:30,562 [Thread-1766] INFO  impl.FollowerState (FollowerState.java:run(108)) - 327657b1-60f8-49f2-b2a3-f63e1f934942@group-58A987F56150-FollowerState: change to CANDIDATE, lastRpcTime:5ms, electionTimeout:5ms
2019-10-18 14:58:30,562 [Thread-1766] INFO  impl.RoleInfo (RoleInfo.java:shutdownFollowerState(121)) - 327657b1-60f8-49f2-b2a3-f63e1f934942: shutdown FollowerState
2019-10-18 14:58:30,562 [Thread-1766] INFO  impl.RaftServerImpl (RaftServerImpl.java:setRole(184)) - 327657b1-60f8-49f2-b2a3-f63e1f934942@group-58A987F56150: changes role from  FOLLOWER to CANDIDATE at term 256 for changeToCandidate
2019-10-18 14:58:30,562 [Thread-1766] INFO  impl.RoleInfo (RoleInfo.java:updateAndGet(143)) - 327657b1-60f8-49f2-b2a3-f63e1f934942: start LeaderElection
2019-10-18 14:58:30,576 [327657b1-60f8-49f2-b2a3-f63e1f934942@group-58A987F56150-LeaderElection224] INFO  impl.LeaderElection (LeaderElection.java:askForVotes(178)) - 327657b1-60f8-49f2-b2a3-f63e1f934942@group-58A987F56150-LeaderElection224: begin an election at term 257 for -1: [6605b8a5-570b-4977-9ee7-6aaf3012bed5:192.168.164.233:35223, 327657b1-60f8-49f2-b2a3-f63e1f934942:192.168.164.233:41966, ddd4789c-894d-475a-bbfb-f6e7aa670c92:192.168.164.233:41061], old=null
2019-10-18 14:58:30,578 [grpc-default-executor-3] INFO  impl.RaftServerImpl (RaftServerImpl.java:setRole(184)) - 6605b8a5-570b-4977-9ee7-6aaf3012bed5@group-58A987F56150: changes role from  FOLLOWER to FOLLOWER at term 257 for recognizeCandidate:327657b1-60f8-49f2-b2a3-f63e1f934942
2019-10-18 14:58:30,578 [grpc-default-executor-3] INFO  impl.RoleInfo (RoleInfo.java:shutdownFollowerState(121)) - 6605b8a5-570b-4977-9ee7-6aaf3012bed5: shutdown FollowerState
2019-10-18 14:58:30,578 [grpc-default-executor-3] INFO  impl.RoleInfo (RoleInfo.java:updateAndGet(143)) - 6605b8a5-570b-4977-9ee7-6aaf3012bed5: start FollowerState
2019-10-18 14:58:30,578 [grpc-default-executor-2] INFO  impl.RaftServerImpl (RaftServerImpl.java:setRole(184)) - ddd4789c-894d-475a-bbfb-f6e7aa670c92@group-58A987F56150: changes role from  FOLLOWER to FOLLOWER at term 257 for recognizeCandidate:327657b1-60f8-49f2-b2a3-f63e1f934942
2019-10-18 14:58:30,578 [grpc-default-executor-2] INFO  impl.RoleInfo (RoleInfo.java:shutdownFollowerState(121)) - ddd4789c-894d-475a-bbfb-f6e7aa670c92: shutdown FollowerState
2019-10-18 14:58:30,578 [Thread-1764] INFO  impl.FollowerState (FollowerState.java:run(117)) - 6605b8a5-570b-4977-9ee7-6aaf3012bed5@group-58A987F56150-FollowerState was interrupted: java.lang.InterruptedException: sleep interrupted
2019-10-18 14:58:30,579 [Thread-1765] INFO  impl.FollowerState (FollowerState.java:run(117)) - ddd4789c-894d-475a-bbfb-f6e7aa670c92@group-58A987F56150-FollowerState was interrupted: java.lang.InterruptedException: sleep interrupted
2019-10-18 14:58:30,579 [grpc-default-executor-2] INFO  impl.RoleInfo (RoleInfo.java:updateAndGet(143)) - ddd4789c-894d-475a-bbfb-f6e7aa670c92: start FollowerState
2019-10-18 14:58:30,591 [327657b1-60f8-49f2-b2a3-f63e1f934942@group-58A987F56150-LeaderElection224] INFO  impl.LeaderElection (LeaderElection.java:logAndReturn(56)) - 327657b1-60f8-49f2-b2a3-f63e1f934942@group-58A987F56150-LeaderElection224: Election REJECTED; received 2 response(s) [327657b1-60f8-49f2-b2a3-f63e1f934942<-6605b8a5-570b-4977-9ee7-6aaf3012bed5#0:FAIL-t257, 327657b1-60f8-49f2-b2a3-f63e1f934942<-ddd4789c-894d-475a-bbfb-f6e7aa670c92#0:FAIL-t257] and 0 exception(s); 327657b1-60f8-49f2-b2a3-f63e1f934942@group-58A987F56150:t257, leader=null, voted=327657b1-60f8-49f2-b2a3-f63e1f934942, raftlog=327657b1-60f8-49f2-b2a3-f63e1f934942@group-58A987F56150-SegmentedRaftLog:OPENED:c-1,f-1,i0, conf=-1: [6605b8a5-570b-4977-9ee7-6aaf3012bed5:192.168.164.233:35223, 327657b1-60f8-49f2-b2a3-f63e1f934942:192.168.164.233:41966, ddd4789c-894d-475a-bbfb-f6e7aa670c92:192.168.164.233:41061], old=null
2019-10-18 14:58:30,591 [327657b1-60f8-49f2-b2a3-f63e1f934942@group-58A987F56150-LeaderElection224] INFO  impl.RaftServerImpl (RaftServerImpl.java:setRole(184)) - 327657b1-60f8-49f2-b2a3-f63e1f934942@group-58A987F56150: changes role from CANDIDATE to FOLLOWER at term 257 for DISCOVERED_A_NEW_TERM
2019-10-18 14:58:30,591 [327657b1-60f8-49f2-b2a3-f63e1f934942@group-58A987F56150-LeaderElection224] INFO  impl.RoleInfo (RoleInfo.java:shutdownLeaderElection(134)) - 327657b1-60f8-49f2-b2a3-f63e1f934942: shutdown LeaderElection
2019-10-18 14:58:30,591 [327657b1-60f8-49f2-b2a3-f63e1f934942@group-58A987F56150-LeaderElection224] INFO  impl.RoleInfo (RoleInfo.java:updateAndGet(143)) - 327657b1-60f8-49f2-b2a3-f63e1f934942: start FollowerState
2019-10-18 14:58:30,760 [Thread-1772] INFO  impl.FollowerState (FollowerState.java:run(108)) - 327657b1-60f8-49f2-b2a3-f63e1f934942@group-58A987F56150-FollowerState: change to CANDIDATE, lastRpcTime:168ms, electionTimeout:168ms
2019-10-18 14:58:30,760 [Thread-1772] INFO  impl.RoleInfo (RoleInfo.java:shutdownFollowerState(121)) - 327657b1-60f8-49f2-b2a3-f63e1f934942: shutdown FollowerState
2019-10-18 14:58:30,760 [Thread-1772] INFO  impl.RaftServerImpl (RaftServerImpl.java:setRole(184)) - 327657b1-60f8-49f2-b2a3-f63e1f934942@group-58A987F56150: changes role from  FOLLOWER to CANDIDATE at term 257 for changeToCandidate
2019-10-18 14:58:30,761 [Thread-1772] INFO  impl.RoleInfo (RoleInfo.java:updateAndGet(143)) - 327657b1-60f8-49f2-b2a3-f63e1f934942: start LeaderElection
2019-10-18 14:58:30,779 [327657b1-60f8-49f2-b2a3-f63e1f934942@group-58A987F56150-LeaderElection225] INFO  impl.LeaderElection (LeaderElection.java:askForVotes(178)) - 327657b1-60f8-49f2-b2a3-f63e1f934942@group-58A987F56150-LeaderElection225: begin an election at term 258 for -1: [6605b8a5-570b-4977-9ee7-6aaf3012bed5:192.168.164.233:35223, 327657b1-60f8-49f2-b2a3-f63e1f934942:192.168.164.233:41966, ddd4789c-894d-475a-bbfb-f6e7aa670c92:192.168.164.233:41061], old=null
2019-10-18 14:58:30,782 [grpc-default-executor-3] INFO  impl.RaftServerImpl (RaftServerImpl.java:setRole(184)) - 6605b8a5-570b-4977-9ee7-6aaf3012bed5@group-58A987F56150: changes role from  FOLLOWER to FOLLOWER at term 258 for recognizeCandidate:327657b1-60f8-49f2-b2a3-f63e1f934942
2019-10-18 14:58:30,782 [grpc-default-executor-3] INFO  impl.RoleInfo (RoleInfo.java:shutdownFollowerState(121)) - 6605b8a5-570b-4977-9ee7-6aaf3012bed5: shutdown FollowerState
2019-10-18 14:58:30,782 [grpc-default-executor-2] INFO  impl.RaftServerImpl (RaftServerImpl.java:setRole(184)) - ddd4789c-894d-475a-bbfb-f6e7aa670c92@group-58A987F56150: changes role from  FOLLOWER to FOLLOWER at term 258 for recognizeCandidate:327657b1-60f8-49f2-b2a3-f63e1f934942
2019-10-18 14:58:30,782 [Thread-1770] INFO  impl.FollowerState (FollowerState.java:run(117)) - 6605b8a5-570b-4977-9ee7-6aaf3012bed5@group-58A987F56150-FollowerState was interrupted: java.lang.InterruptedException: sleep interrupted
2019-10-18 14:58:30,782 [grpc-default-executor-3] INFO  impl.RoleInfo (RoleInfo.java:updateAndGet(143)) - 6605b8a5-570b-4977-9ee7-6aaf3012bed5: start FollowerState
2019-10-18 14:58:30,783 [grpc-default-executor-2] INFO  impl.RoleInfo (RoleInfo.java:shutdownFollowerState(121)) - ddd4789c-894d-475a-bbfb-f6e7aa670c92: shutdown FollowerState
2019-10-18 14:58:30,783 [grpc-default-executor-2] INFO  impl.RoleInfo (RoleInfo.java:updateAndGet(143)) - ddd4789c-894d-475a-bbfb-f6e7aa670c92: start FollowerState
2019-10-18 14:58:30,783 [Thread-1771] INFO  impl.FollowerState (FollowerState.java:run(117)) - ddd4789c-894d-475a-bbfb-f6e7aa670c92@group-58A987F56150-FollowerState was interrupted: java.lang.InterruptedException: sleep interrupted
2019-10-18 14:58:30,799 [327657b1-60f8-49f2-b2a3-f63e1f934942@group-58A987F56150-LeaderElection225] INFO  impl.LeaderElection (LeaderElection.java:logAndReturn(56)) - 327657b1-60f8-49f2-b2a3-f63e1f934942@group-58A987F56150-LeaderElection225: Election REJECTED; received 2 response(s) [327657b1-60f8-49f2-b2a3-f63e1f934942<-6605b8a5-570b-4977-9ee7-6aaf3012bed5#0:FAIL-t258, 327657b1-60f8-49f2-b2a3-f63e1f934942<-ddd4789c-894d-475a-bbfb-f6e7aa670c92#0:FAIL-t258] and 0 exception(s); 327657b1-60f8-49f2-b2a3-f63e1f934942@group-58A987F56150:t258, leader=null, voted=327657b1-60f8-49f2-b2a3-f63e1f934942, raftlog=327657b1-60f8-49f2-b2a3-f63e1f934942@group-58A987F56150-SegmentedRaftLog:OPENED:c-1,f-1,i0, conf=-1: [6605b8a5-570b-4977-9ee7-6aaf3012bed5:192.168.164.233:35223, 327657b1-60f8-49f2-b2a3-f63e1f934942:192.168.164.233:41966, ddd4789c-894d-475a-bbfb-f6e7aa670c92:192.168.164.233:41061], old=null
2019-10-18 14:58:30,799 [327657b1-60f8-49f2-b2a3-f63e1f934942@group-58A987F56150-LeaderElection225] INFO  impl.RaftServerImpl (RaftServerImpl.java:setRole(184)) - 327657b1-60f8-49f2-b2a3-f63e1f934942@group-58A987F56150: changes role from CANDIDATE to FOLLOWER at term 258 for DISCOVERED_A_NEW_TERM
2019-10-18 14:58:30,799 [327657b1-60f8-49f2-b2a3-f63e1f934942@group-58A987F56150-LeaderElection225] INFO  impl.RoleInfo (RoleInfo.java:shutdownLeaderElection(134)) - 327657b1-60f8-49f2-b2a3-f63e1f934942: shutdown LeaderElection
2019-10-18 14:58:30,799 [327657b1-60f8-49f2-b2a3-f63e1f934942@group-58A987F56150-LeaderElection225] INFO  impl.RoleInfo (RoleInfo.java:updateAndGet(143)) - 327657b1-60f8-49f2-b2a3-f63e1f934942: start FollowerState
2019-10-18 14:58:30,803 [Thread-1778] INFO  impl.FollowerState (FollowerState.java:run(108)) - 327657b1-60f8-49f2-b2a3-f63e1f934942@group-58A987F56150-FollowerState: change to CANDIDATE, lastRpcTime:4ms, electionTimeout:4ms
2019-10-18 14:58:30,804 [Thread-1778] INFO  impl.RoleInfo (RoleInfo.java:shutdownFollowerState(121)) - 327657b1-60f8-49f2-b2a3-f63e1f934942: shutdown FollowerState
2019-10-18 14:58:30,804 [Thread-1778] INFO  impl.RaftServerImpl (RaftServerImpl.java:setRole(184)) - 327657b1-60f8-49f2-b2a3-f63e1f934942@group-58A987F56150: changes role from  FOLLOWER to CANDIDATE at term 258 for changeToCandidate
2019-10-18 14:58:30,804 [Thread-1778] INFO  impl.RoleInfo (RoleInfo.java:updateAndGet(143)) - 327657b1-60f8-49f2-b2a3-f63e1f934942: start LeaderElection
2019-10-18 14:58:30,817 [327657b1-60f8-49f2-b2a3-f63e1f934942@group-58A987F56150-LeaderElection226] INFO  impl.LeaderElection (LeaderElection.java:askForVotes(178)) - 327657b1-60f8-49f2-b2a3-f63e1f934942@group-58A987F56150-LeaderElection226: begin an election at term 259 for -1: [6605b8a5-570b-4977-9ee7-6aaf3012bed5:192.168.164.233:35223, 327657b1-60f8-49f2-b2a3-f63e1f934942:192.168.164.233:41966, ddd4789c-894d-475a-bbfb-f6e7aa670c92:192.168.164.233:41061], old=null
2019-10-18 14:58:30,824 [grpc-default-executor-3] INFO  impl.RaftServerImpl (RaftServerImpl.java:setRole(184)) - 6605b8a5-570b-4977-9ee7-6aaf3012bed5@group-58A987F56150: changes role from  FOLLOWER to FOLLOWER at term 259 for recognizeCandidate:327657b1-60f8-49f2-b2a3-f63e1f934942
2019-10-18 14:58:30,824 [grpc-default-executor-3] INFO  impl.RoleInfo (RoleInfo.java:shutdownFollowerState(121)) - 6605b8a5-570b-4977-9ee7-6aaf3012bed5: shutdown FollowerState
2019-10-18 14:58:30,825 [grpc-default-executor-3] INFO  impl.RoleInfo (RoleInfo.java:updateAndGet(143)) - 6605b8a5-570b-4977-9ee7-6aaf3012bed5: start FollowerState
2019-10-18 14:58:30,825 [grpc-default-executor-2] INFO  impl.RaftServerImpl (RaftServerImpl.java:setRole(184)) - ddd4789c-894d-475a-bbfb-f6e7aa670c92@group-58A987F56150: changes role from  FOLLOWER to FOLLOWER at term 259 for recognizeCandidate:327657b1-60f8-49f2-b2a3-f63e1f934942
2019-10-18 14:58:30,825 [grpc-default-executor-2] INFO  impl.RoleInfo (RoleInfo.java:shutdownFollowerState(121)) - ddd4789c-894d-475a-bbfb-f6e7aa670c92: shutdown FollowerState
2019-10-18 14:58:30,825 [Thread-1776] INFO  impl.FollowerState (FollowerState.java:run(117)) - 6605b8a5-570b-4977-9ee7-6aaf3012bed5@group-58A987F56150-FollowerState was interrupted: java.lang.InterruptedException: sleep interrupted
2019-10-18 14:58:30,831 [grpc-default-executor-2] INFO  impl.RoleInfo (RoleInfo.java:updateAndGet(143)) - ddd4789c-894d-475a-bbfb-f6e7aa670c92: start FollowerState
2019-10-18 14:58:30,831 [Thread-1777] INFO  impl.FollowerState (FollowerState.java:run(117)) - ddd4789c-894d-475a-bbfb-f6e7aa670c92@group-58A987F56150-FollowerState was interrupted: java.lang.InterruptedException: sleep interrupted
2019-10-18 14:58:30,856 [327657b1-60f8-49f2-b2a3-f63e1f934942@group-58A987F56150-LeaderElection226] INFO  impl.LeaderElection (LeaderElection.java:logAndReturn(56)) - 327657b1-60f8-49f2-b2a3-f63e1f934942@group-58A987F56150-LeaderElection226: Election REJECTED; received 2 response(s) [327657b1-60f8-49f2-b2a3-f63e1f934942<-6605b8a5-570b-4977-9ee7-6aaf3012bed5#0:FAIL-t259, 327657b1-60f8-49f2-b2a3-f63e1f934942<-ddd4789c-894d-475a-bbfb-f6e7aa670c92#0:FAIL-t259] and 0 exception(s); 327657b1-60f8-49f2-b2a3-f63e1f934942@group-58A987F56150:t259, leader=null, voted=327657b1-60f8-49f2-b2a3-f63e1f934942, raftlog=327657b1-60f8-49f2-b2a3-f63e1f934942@group-58A987F56150-SegmentedRaftLog:OPENED:c-1,f-1,i0, conf=-1: [6605b8a5-570b-4977-9ee7-6aaf3012bed5:192.168.164.233:35223, 327657b1-60f8-49f2-b2a3-f63e1f934942:192.168.164.233:41966, ddd4789c-894d-475a-bbfb-f6e7aa670c92:192.168.164.233:41061], old=null
2019-10-18 14:58:30,857 [327657b1-60f8-49f2-b2a3-f63e1f934942@group-58A987F56150-LeaderElection226] INFO  impl.RaftServerImpl (RaftServerImpl.java:setRole(184)) - 327657b1-60f8-49f2-b2a3-f63e1f934942@group-58A987F56150: changes role from CANDIDATE to FOLLOWER at term 259 for DISCOVERED_A_NEW_TERM
2019-10-18 14:58:30,857 [327657b1-60f8-49f2-b2a3-f63e1f934942@group-58A987F56150-LeaderElection226] INFO  impl.RoleInfo (RoleInfo.java:shutdownLeaderElection(134)) - 327657b1-60f8-49f2-b2a3-f63e1f934942: shutdown LeaderElection
2019-10-18 14:58:30,857 [327657b1-60f8-49f2-b2a3-f63e1f934942@group-58A987F56150-LeaderElection226] INFO  impl.RoleInfo (RoleInfo.java:updateAndGet(143)) - 327657b1-60f8-49f2-b2a3-f63e1f934942: start FollowerState
2019-10-18 14:58:30,977 [Thread-1784] INFO  impl.FollowerState (FollowerState.java:run(108)) - 327657b1-60f8-49f2-b2a3-f63e1f934942@group-58A987F56150-FollowerState: change to CANDIDATE, lastRpcTime:120ms, electionTimeout:120ms
2019-10-18 14:58:30,978 [Thread-1784] INFO  impl.RoleInfo (RoleInfo.java:shutdownFollowerState(121)) - 327657b1-60f8-49f2-b2a3-f63e1f934942: shutdown FollowerState
2019-10-18 14:58:30,978 [Thread-1784] INFO  impl.RaftServerImpl (RaftServerImpl.java:setRole(184)) - 327657b1-60f8-49f2-b2a3-f63e1f934942@group-58A987F56150: changes role from  FOLLOWER to CANDIDATE at term 259 for changeToCandidate
2019-10-18 14:58:30,978 [Thread-1784] INFO  impl.RoleInfo (RoleInfo.java:updateAndGet(143)) - 327657b1-60f8-49f2-b2a3-f63e1f934942: start LeaderElection
2019-10-18 14:58:30,991 [327657b1-60f8-49f2-b2a3-f63e1f934942@group-58A987F56150-LeaderElection227] INFO  impl.LeaderElection (LeaderElection.java:askForVotes(178)) - 327657b1-60f8-49f2-b2a3-f63e1f934942@group-58A987F56150-LeaderElection227: begin an election at term 260 for -1: [6605b8a5-570b-4977-9ee7-6aaf3012bed5:192.168.164.233:35223, 327657b1-60f8-49f2-b2a3-f63e1f934942:192.168.164.233:41966, ddd4789c-894d-475a-bbfb-f6e7aa670c92:192.168.164.233:41061], old=null
2019-10-18 14:58:30,994 [grpc-default-executor-3] INFO  impl.RaftServerImpl (RaftServerImpl.java:setRole(184)) - 6605b8a5-570b-4977-9ee7-6aaf3012bed5@group-58A987F56150: changes role from  FOLLOWER to FOLLOWER at term 260 for recognizeCandidate:327657b1-60f8-49f2-b2a3-f63e1f934942
2019-10-18 14:58:30,994 [grpc-default-executor-3] INFO  impl.RoleInfo (RoleInfo.java:shutdownFollowerState(121)) - 6605b8a5-570b-4977-9ee7-6aaf3012bed5: shutdown FollowerState
2019-10-18 14:58:30,994 [grpc-default-executor-3] INFO  impl.RoleInfo (RoleInfo.java:updateAndGet(143)) - 6605b8a5-570b-4977-9ee7-6aaf3012bed5: start FollowerState
2019-10-18 14:58:30,994 [Thread-1782] INFO  impl.FollowerState (FollowerState.java:run(117)) - 6605b8a5-570b-4977-9ee7-6aaf3012bed5@group-58A987F56150-FollowerState was interrupted: java.lang.InterruptedException: sleep interrupted
2019-10-18 14:58:30,994 [grpc-default-executor-2] INFO  impl.RaftServerImpl (RaftServerImpl.java:setRole(184)) - ddd4789c-894d-475a-bbfb-f6e7aa670c92@group-58A987F56150: changes role from  FOLLOWER to FOLLOWER at term 260 for recognizeCandidate:327657b1-60f8-49f2-b2a3-f63e1f934942
2019-10-18 14:58:30,995 [grpc-default-executor-2] INFO  impl.RoleInfo (RoleInfo.java:shutdownFollowerState(121)) - ddd4789c-894d-475a-bbfb-f6e7aa670c92: shutdown FollowerState
2019-10-18 14:58:30,995 [grpc-default-executor-2] INFO  impl.RoleInfo (RoleInfo.java:updateAndGet(143)) - ddd4789c-894d-475a-bbfb-f6e7aa670c92: start FollowerState
2019-10-18 14:58:30,995 [Thread-1783] INFO  impl.FollowerState (FollowerState.java:run(117)) - ddd4789c-894d-475a-bbfb-f6e7aa670c92@group-58A987F56150-FollowerState was interrupted: java.lang.InterruptedException: sleep interrupted
2019-10-18 14:58:31,021 [327657b1-60f8-49f2-b2a3-f63e1f934942@group-58A987F56150-LeaderElection227] INFO  impl.LeaderElection (LeaderElection.java:logAndReturn(56)) - 327657b1-60f8-49f2-b2a3-f63e1f934942@group-58A987F56150-LeaderElection227: Election REJECTED; received 2 response(s) [327657b1-60f8-49f2-b2a3-f63e1f934942<-6605b8a5-570b-4977-9ee7-6aaf3012bed5#0:FAIL-t260, 327657b1-60f8-49f2-b2a3-f63e1f934942<-ddd4789c-894d-475a-bbfb-f6e7aa670c92#0:FAIL-t260] and 0 exception(s); 327657b1-60f8-49f2-b2a3-f63e1f934942@group-58A987F56150:t260, leader=null, voted=327657b1-60f8-49f2-b2a3-f63e1f934942, raftlog=327657b1-60f8-49f2-b2a3-f63e1f934942@group-58A987F56150-SegmentedRaftLog:OPENED:c-1,f-1,i0, conf=-1: [6605b8a5-570b-4977-9ee7-6aaf3012bed5:192.168.164.233:35223, 327657b1-60f8-49f2-b2a3-f63e1f934942:192.168.164.233:41966, ddd4789c-894d-475a-bbfb-f6e7aa670c92:192.168.164.233:41061], old=null
2019-10-18 14:58:31,021 [327657b1-60f8-49f2-b2a3-f63e1f934942@group-58A987F56150-LeaderElection227] INFO  impl.RaftServerImpl (RaftServerImpl.java:setRole(184)) - 327657b1-60f8-49f2-b2a3-f63e1f934942@group-58A987F56150: changes role from CANDIDATE to FOLLOWER at term 260 for DISCOVERED_A_NEW_TERM
2019-10-18 14:58:31,021 [327657b1-60f8-49f2-b2a3-f63e1f934942@group-58A987F56150-LeaderElection227] INFO  impl.RoleInfo (RoleInfo.java:shutdownLeaderElection(134)) - 327657b1-60f8-49f2-b2a3-f63e1f934942: shutdown LeaderElection
2019-10-18 14:58:31,021 [327657b1-60f8-49f2-b2a3-f63e1f934942@group-58A987F56150-LeaderElection227] INFO  impl.RoleInfo (RoleInfo.java:updateAndGet(143)) - 327657b1-60f8-49f2-b2a3-f63e1f934942: start FollowerState
2019-10-18 14:58:31,083 [Thread-1792] INFO  impl.FollowerState (FollowerState.java:run(108)) - 327657b1-60f8-49f2-b2a3-f63e1f934942@group-58A987F56150-FollowerState: change to CANDIDATE, lastRpcTime:61ms, electionTimeout:61ms
2019-10-18 14:58:31,083 [Thread-1792] INFO  impl.RoleInfo (RoleInfo.java:shutdownFollowerState(121)) - 327657b1-60f8-49f2-b2a3-f63e1f934942: shutdown FollowerState
2019-10-18 14:58:31,083 [Thread-1792] INFO  impl.RaftServerImpl (RaftServerImpl.java:setRole(184)) - 327657b1-60f8-49f2-b2a3-f63e1f934942@group-58A987F56150: changes role from  FOLLOWER to CANDIDATE at term 260 for changeToCandidate
2019-10-18 14:58:31,083 [Thread-1792] INFO  impl.RoleInfo (RoleInfo.java:updateAndGet(143)) - 327657b1-60f8-49f2-b2a3-f63e1f934942: start LeaderElection
2019-10-18 14:58:31,108 [327657b1-60f8-49f2-b2a3-f63e1f934942@group-58A987F56150-LeaderElection228] INFO  impl.LeaderElection (LeaderElection.java:askForVotes(178)) - 327657b1-60f8-49f2-b2a3-f63e1f934942@group-58A987F56150-LeaderElection228: begin an election at term 261 for -1: [6605b8a5-570b-4977-9ee7-6aaf3012bed5:192.168.164.233:35223, 327657b1-60f8-49f2-b2a3-f63e1f934942:192.168.164.233:41966, ddd4789c-894d-475a-bbfb-f6e7aa670c92:192.168.164.233:41061], old=null
2019-10-18 14:58:31,111 [grpc-default-executor-3] INFO  impl.RaftServerImpl (RaftServerImpl.java:setRole(184)) - 6605b8a5-570b-4977-9ee7-6aaf3012bed5@group-58A987F56150: changes role from  FOLLOWER to FOLLOWER at term 261 for recognizeCandidate:327657b1-60f8-49f2-b2a3-f63e1f934942
2019-10-18 14:58:31,111 [grpc-default-executor-3] INFO  impl.RoleInfo (RoleInfo.java:shutdownFollowerState(121)) - 6605b8a5-570b-4977-9ee7-6aaf3012bed5: shutdown FollowerState
2019-10-18 14:58:31,112 [grpc-default-executor-3] INFO  impl.RoleInfo (RoleInfo.java:updateAndGet(143)) - 6605b8a5-570b-4977-9ee7-6aaf3012bed5: start FollowerState
2019-10-18 14:58:31,112 [Thread-1790] INFO  impl.FollowerState (FollowerState.java:run(117)) - 6605b8a5-570b-4977-9ee7-6aaf3012bed5@group-58A987F56150-FollowerState was interrupted: java.lang.InterruptedException: sleep interrupted
2019-10-18 14:58:31,112 [grpc-default-executor-2] INFO  impl.RaftServerImpl (RaftServerImpl.java:setRole(184)) - ddd4789c-894d-475a-bbfb-f6e7aa670c92@group-58A987F56150: changes role from  FOLLOWER to FOLLOWER at term 261 for recognizeCandidate:327657b1-60f8-49f2-b2a3-f63e1f934942
2019-10-18 14:58:31,113 [grpc-default-executor-2] INFO  impl.RoleInfo (RoleInfo.java:shutdownFollowerState(121)) - ddd4789c-894d-475a-bbfb-f6e7aa670c92: shutdown FollowerState
2019-10-18 14:58:31,113 [grpc-default-executor-2] INFO  impl.RoleInfo (RoleInfo.java:updateAndGet(143)) - ddd4789c-894d-475a-bbfb-f6e7aa670c92: start FollowerState
2019-10-18 14:58:31,113 [Thread-1791] INFO  impl.FollowerState (FollowerState.java:run(117)) - ddd4789c-894d-475a-bbfb-f6e7aa670c92@group-58A987F56150-FollowerState was interrupted: java.lang.InterruptedException: sleep interrupted
2019-10-18 14:58:31,136 [327657b1-60f8-49f2-b2a3-f63e1f934942@group-58A987F56150-LeaderElection228] INFO  impl.LeaderElection (LeaderElection.java:logAndReturn(56)) - 327657b1-60f8-49f2-b2a3-f63e1f934942@group-58A987F56150-LeaderElection228: Election TIMEOUT; received 0 response(s) [] and 0 exception(s); 327657b1-60f8-49f2-b2a3-f63e1f934942@group-58A987F56150:t261, leader=null, voted=327657b1-60f8-49f2-b2a3-f63e1f934942, raftlog=327657b1-60f8-49f2-b2a3-f63e1f934942@group-58A987F56150-SegmentedRaftLog:OPENED:c-1,f-1,i0, conf=-1: [6605b8a5-570b-4977-9ee7-6aaf3012bed5:192.168.164.233:35223, 327657b1-60f8-49f2-b2a3-f63e1f934942:192.168.164.233:41966, ddd4789c-894d-475a-bbfb-f6e7aa670c92:192.168.164.233:41061], old=null
2019-10-18 14:58:31,139 [327657b1-60f8-49f2-b2a3-f63e1f934942@group-58A987F56150-LeaderElection228] INFO  impl.LeaderElection (LeaderElection.java:askForVotes(178)) - 327657b1-60f8-49f2-b2a3-f63e1f934942@group-58A987F56150-LeaderElection228: begin an election at term 262 for -1: [6605b8a5-570b-4977-9ee7-6aaf3012bed5:192.168.164.233:35223, 327657b1-60f8-49f2-b2a3-f63e1f934942:192.168.164.233:41966, ddd4789c-894d-475a-bbfb-f6e7aa670c92:192.168.164.233:41061], old=null
2019-10-18 14:58:31,141 [grpc-default-executor-2] INFO  impl.RaftServerImpl (RaftServerImpl.java:setRole(184)) - ddd4789c-894d-475a-bbfb-f6e7aa670c92@group-58A987F56150: changes role from  FOLLOWER to FOLLOWER at term 262 for recognizeCandidate:327657b1-60f8-49f2-b2a3-f63e1f934942
2019-10-18 14:58:31,141 [grpc-default-executor-3] INFO  impl.RaftServerImpl (RaftServerImpl.java:setRole(184)) - 6605b8a5-570b-4977-9ee7-6aaf3012bed5@group-58A987F56150: changes role from  FOLLOWER to FOLLOWER at term 262 for recognizeCandidate:327657b1-60f8-49f2-b2a3-f63e1f934942
2019-10-18 14:58:31,141 [grpc-default-executor-2] INFO  impl.RoleInfo (RoleInfo.java:shutdownFollowerState(121)) - ddd4789c-894d-475a-bbfb-f6e7aa670c92: shutdown FollowerState
2019-10-18 14:58:31,141 [grpc-default-executor-3] INFO  impl.RoleInfo (RoleInfo.java:shutdownFollowerState(121)) - 6605b8a5-570b-4977-9ee7-6aaf3012bed5: shutdown FollowerState
2019-10-18 14:58:31,142 [Thread-1797] INFO  impl.FollowerState (FollowerState.java:run(117)) - ddd4789c-894d-475a-bbfb-f6e7aa670c92@group-58A987F56150-FollowerState was interrupted: java.lang.InterruptedException: sleep interrupted
2019-10-18 14:58:31,141 [grpc-default-executor-2] INFO  impl.RoleInfo (RoleInfo.java:updateAndGet(143)) - ddd4789c-894d-475a-bbfb-f6e7aa670c92: start FollowerState
2019-10-18 14:58:31,142 [Thread-1796] INFO  impl.FollowerState (FollowerState.java:run(117)) - 6605b8a5-570b-4977-9ee7-6aaf3012bed5@group-58A987F56150-FollowerState was interrupted: java.lang.InterruptedException: sleep interrupted
2019-10-18 14:58:31,142 [grpc-default-executor-3] INFO  impl.RoleInfo (RoleInfo.java:updateAndGet(143)) - 6605b8a5-570b-4977-9ee7-6aaf3012bed5: start FollowerState
2019-10-18 14:58:31,151 [327657b1-60f8-49f2-b2a3-f63e1f934942@group-58A987F56150-LeaderElection228] INFO  impl.LeaderElection (LeaderElection.java:logAndReturn(56)) - 327657b1-60f8-49f2-b2a3-f63e1f934942@group-58A987F56150-LeaderElection228: Election TIMEOUT; received 0 response(s) [] and 0 exception(s); 327657b1-60f8-49f2-b2a3-f63e1f934942@group-58A987F56150:t262, leader=null, voted=327657b1-60f8-49f2-b2a3-f63e1f934942, raftlog=327657b1-60f8-49f2-b2a3-f63e1f934942@group-58A987F56150-SegmentedRaftLog:OPENED:c-1,f-1,i0, conf=-1: [6605b8a5-570b-4977-9ee7-6aaf3012bed5:192.168.164.233:35223, 327657b1-60f8-49f2-b2a3-f63e1f934942:192.168.164.233:41966, ddd4789c-894d-475a-bbfb-f6e7aa670c92:192.168.164.233:41061], old=null
2019-10-18 14:58:31,168 [327657b1-60f8-49f2-b2a3-f63e1f934942@group-58A987F56150-LeaderElection228] INFO  impl.LeaderElection (LeaderElection.java:askForVotes(178)) - 327657b1-60f8-49f2-b2a3-f63e1f934942@group-58A987F56150-LeaderElection228: begin an election at term 263 for -1: [6605b8a5-570b-4977-9ee7-6aaf3012bed5:192.168.164.233:35223, 327657b1-60f8-49f2-b2a3-f63e1f934942:192.168.164.233:41966, ddd4789c-894d-475a-bbfb-f6e7aa670c92:192.168.164.233:41061], old=null
2019-10-18 14:58:31,170 [grpc-default-executor-3] INFO  impl.RaftServerImpl (RaftServerImpl.java:setRole(184)) - 6605b8a5-570b-4977-9ee7-6aaf3012bed5@group-58A987F56150: changes role from  FOLLOWER to FOLLOWER at term 263 for recognizeCandidate:327657b1-60f8-49f2-b2a3-f63e1f934942
2019-10-18 14:58:31,170 [grpc-default-executor-3] INFO  impl.RoleInfo (RoleInfo.java:shutdownFollowerState(121)) - 6605b8a5-570b-4977-9ee7-6aaf3012bed5: shutdown FollowerState
2019-10-18 14:58:31,170 [grpc-default-executor-2] INFO  impl.RaftServerImpl (RaftServerImpl.java:setRole(184)) - ddd4789c-894d-475a-bbfb-f6e7aa670c92@group-58A987F56150: changes role from  FOLLOWER to FOLLOWER at term 263 for recognizeCandidate:327657b1-60f8-49f2-b2a3-f63e1f934942
2019-10-18 14:58:31,170 [grpc-default-executor-2] INFO  impl.RoleInfo (RoleInfo.java:shutdownFollowerState(121)) - ddd4789c-894d-475a-bbfb-f6e7aa670c92: shutdown FollowerState
2019-10-18 14:58:31,170 [Thread-1801] INFO  impl.FollowerState (FollowerState.java:run(117)) - 6605b8a5-570b-4977-9ee7-6aaf3012bed5@group-58A987F56150-FollowerState was interrupted: java.lang.InterruptedException: sleep interrupted
2019-10-18 14:58:31,170 [Thread-1800] INFO  impl.FollowerState (FollowerState.java:run(117)) - ddd4789c-894d-475a-bbfb-f6e7aa670c92@group-58A987F56150-FollowerState was interrupted: java.lang.InterruptedException: sleep interrupted
2019-10-18 14:58:31,170 [grpc-default-executor-3] INFO  impl.RoleInfo (RoleInfo.java:updateAndGet(143)) - 6605b8a5-570b-4977-9ee7-6aaf3012bed5: start FollowerState
2019-10-18 14:58:31,170 [grpc-default-executor-2] INFO  impl.RoleInfo (RoleInfo.java:updateAndGet(143)) - ddd4789c-894d-475a-bbfb-f6e7aa670c92: start FollowerState
2019-10-18 14:58:31,196 [327657b1-60f8-49f2-b2a3-f63e1f934942@group-58A987F56150-LeaderElection228] INFO  impl.LeaderElection (LeaderElection.java:logAndReturn(56)) - 327657b1-60f8-49f2-b2a3-f63e1f934942@group-58A987F56150-LeaderElection228: Election REJECTED; received 2 response(s) [327657b1-60f8-49f2-b2a3-f63e1f934942<-6605b8a5-570b-4977-9ee7-6aaf3012bed5#0:FAIL-t263, 327657b1-60f8-49f2-b2a3-f63e1f934942<-ddd4789c-894d-475a-bbfb-f6e7aa670c92#0:FAIL-t263] and 0 exception(s); 327657b1-60f8-49f2-b2a3-f63e1f934942@group-58A987F56150:t263, leader=null, voted=327657b1-60f8-49f2-b2a3-f63e1f934942, raftlog=327657b1-60f8-49f2-b2a3-f63e1f934942@group-58A987F56150-SegmentedRaftLog:OPENED:c-1,f-1,i0, conf=-1: [6605b8a5-570b-4977-9ee7-6aaf3012bed5:192.168.164.233:35223, 327657b1-60f8-49f2-b2a3-f63e1f934942:192.168.164.233:41966, ddd4789c-894d-475a-bbfb-f6e7aa670c92:192.168.164.233:41061], old=null
2019-10-18 14:58:31,196 [327657b1-60f8-49f2-b2a3-f63e1f934942@group-58A987F56150-LeaderElection228] INFO  impl.RaftServerImpl (RaftServerImpl.java:setRole(184)) - 327657b1-60f8-49f2-b2a3-f63e1f934942@group-58A987F56150: changes role from CANDIDATE to FOLLOWER at term 263 for DISCOVERED_A_NEW_TERM
2019-10-18 14:58:31,196 [327657b1-60f8-49f2-b2a3-f63e1f934942@group-58A987F56150-LeaderElection228] INFO  impl.RoleInfo (RoleInfo.java:shutdownLeaderElection(134)) - 327657b1-60f8-49f2-b2a3-f63e1f934942: shutdown LeaderElection
2019-10-18 14:58:31,197 [327657b1-60f8-49f2-b2a3-f63e1f934942@group-58A987F56150-LeaderElection228] INFO  impl.RoleInfo (RoleInfo.java:updateAndGet(143)) - 327657b1-60f8-49f2-b2a3-f63e1f934942: start FollowerState
2019-10-18 14:58:31,238 [Thread-1806] INFO  impl.FollowerState (FollowerState.java:run(108)) - 327657b1-60f8-49f2-b2a3-f63e1f934942@group-58A987F56150-FollowerState: change to CANDIDATE, lastRpcTime:41ms, electionTimeout:41ms
2019-10-18 14:58:31,238 [Thread-1806] INFO  impl.RoleInfo (RoleInfo.java:shutdownFollowerState(121)) - 327657b1-60f8-49f2-b2a3-f63e1f934942: shutdown FollowerState
2019-10-18 14:58:31,238 [Thread-1806] INFO  impl.RaftServerImpl (RaftServerImpl.java:setRole(184)) - 327657b1-60f8-49f2-b2a3-f63e1f934942@group-58A987F56150: changes role from  FOLLOWER to CANDIDATE at term 263 for changeToCandidate
2019-10-18 14:58:31,238 [Thread-1806] INFO  impl.RoleInfo (RoleInfo.java:updateAndGet(143)) - 327657b1-60f8-49f2-b2a3-f63e1f934942: start LeaderElection
2019-10-18 14:58:31,252 [327657b1-60f8-49f2-b2a3-f63e1f934942@group-58A987F56150-LeaderElection229] INFO  impl.LeaderElection (LeaderElection.java:askForVotes(178)) - 327657b1-60f8-49f2-b2a3-f63e1f934942@group-58A987F56150-LeaderElection229: begin an election at term 264 for -1: [6605b8a5-570b-4977-9ee7-6aaf3012bed5:192.168.164.233:35223, 327657b1-60f8-49f2-b2a3-f63e1f934942:192.168.164.233:41966, ddd4789c-894d-475a-bbfb-f6e7aa670c92:192.168.164.233:41061], old=null
2019-10-18 14:58:31,254 [grpc-default-executor-2] INFO  impl.RaftServerImpl (RaftServerImpl.java:setRole(184)) - ddd4789c-894d-475a-bbfb-f6e7aa670c92@group-58A987F56150: changes role from  FOLLOWER to FOLLOWER at term 264 for recognizeCandidate:327657b1-60f8-49f2-b2a3-f63e1f934942
2019-10-18 14:58:31,254 [grpc-default-executor-3] INFO  impl.RaftServerImpl (RaftServerImpl.java:setRole(184)) - 6605b8a5-570b-4977-9ee7-6aaf3012bed5@group-58A987F56150: changes role from  FOLLOWER to FOLLOWER at term 264 for recognizeCandidate:327657b1-60f8-49f2-b2a3-f63e1f934942
2019-10-18 14:58:31,254 [grpc-default-executor-3] INFO  impl.RoleInfo (RoleInfo.java:shutdownFollowerState(121)) - 6605b8a5-570b-4977-9ee7-6aaf3012bed5: shutdown FollowerState
2019-10-18 14:58:31,254 [grpc-default-executor-2] INFO  impl.RoleInfo (RoleInfo.java:shutdownFollowerState(121)) - ddd4789c-894d-475a-bbfb-f6e7aa670c92: shutdown FollowerState
2019-10-18 14:58:31,254 [Thread-1804] INFO  impl.FollowerState (FollowerState.java:run(117)) - 6605b8a5-570b-4977-9ee7-6aaf3012bed5@group-58A987F56150-FollowerState was interrupted: java.lang.InterruptedException: sleep interrupted
2019-10-18 14:58:31,254 [grpc-default-executor-2] INFO  impl.RoleInfo (RoleInfo.java:updateAndGet(143)) - ddd4789c-894d-475a-bbfb-f6e7aa670c92: start FollowerState
2019-10-18 14:58:31,254 [grpc-default-executor-3] INFO  impl.RoleInfo (RoleInfo.java:updateAndGet(143)) - 6605b8a5-570b-4977-9ee7-6aaf3012bed5: start FollowerState
2019-10-18 14:58:31,254 [Thread-1805] INFO  impl.FollowerState (FollowerState.java:run(117)) - ddd4789c-894d-475a-bbfb-f6e7aa670c92@group-58A987F56150-FollowerState was interrupted: java.lang.InterruptedException: sleep interrupted
2019-10-18 14:58:31,277 [327657b1-60f8-49f2-b2a3-f63e1f934942@group-58A987F56150-LeaderElection229] INFO  impl.LeaderElection (LeaderElection.java:logAndReturn(56)) - 327657b1-60f8-49f2-b2a3-f63e1f934942@group-58A987F56150-LeaderElection229: Election REJECTED; received 2 response(s) [327657b1-60f8-49f2-b2a3-f63e1f934942<-6605b8a5-570b-4977-9ee7-6aaf3012bed5#0:FAIL-t264, 327657b1-60f8-49f2-b2a3-f63e1f934942<-ddd4789c-894d-475a-bbfb-f6e7aa670c92#0:FAIL-t264] and 0 exception(s); 327657b1-60f8-49f2-b2a3-f63e1f934942@group-58A987F56150:t264, leader=null, voted=327657b1-60f8-49f2-b2a3-f63e1f934942, raftlog=327657b1-60f8-49f2-b2a3-f63e1f934942@group-58A987F56150-SegmentedRaftLog:OPENED:c-1,f-1,i0, conf=-1: [6605b8a5-570b-4977-9ee7-6aaf3012bed5:192.168.164.233:35223, 327657b1-60f8-49f2-b2a3-f63e1f934942:192.168.164.233:41966, ddd4789c-894d-475a-bbfb-f6e7aa670c92:192.168.164.233:41061], old=null
2019-10-18 14:58:31,278 [327657b1-60f8-49f2-b2a3-f63e1f934942@group-58A987F56150-LeaderElection229] INFO  impl.RaftServerImpl (RaftServerImpl.java:setRole(184)) - 327657b1-60f8-49f2-b2a3-f63e1f934942@group-58A987F56150: changes role from CANDIDATE to FOLLOWER at term 264 for DISCOVERED_A_NEW_TERM
2019-10-18 14:58:31,278 [327657b1-60f8-49f2-b2a3-f63e1f934942@group-58A987F56150-LeaderElection229] INFO  impl.RoleInfo (RoleInfo.java:shutdownLeaderElection(134)) - 327657b1-60f8-49f2-b2a3-f63e1f934942: shutdown LeaderElection
2019-10-18 14:58:31,279 [327657b1-60f8-49f2-b2a3-f63e1f934942@group-58A987F56150-LeaderElection229] INFO  impl.RoleInfo (RoleInfo.java:updateAndGet(143)) - 327657b1-60f8-49f2-b2a3-f63e1f934942: start FollowerState
2019-10-18 14:58:31,320 [Thread-1812] INFO  impl.FollowerState (FollowerState.java:run(108)) - 327657b1-60f8-49f2-b2a3-f63e1f934942@group-58A987F56150-FollowerState: change to CANDIDATE, lastRpcTime:41ms, electionTimeout:41ms
2019-10-18 14:58:31,320 [Thread-1812] INFO  impl.RoleInfo (RoleInfo.java:shutdownFollowerState(121)) - 327657b1-60f8-49f2-b2a3-f63e1f934942: shutdown FollowerState
2019-10-18 14:58:31,320 [Thread-1812] INFO  impl.RaftServerImpl (RaftServerImpl.java:setRole(184)) - 327657b1-60f8-49f2-b2a3-f63e1f934942@group-58A987F56150: changes role from  FOLLOWER to CANDIDATE at term 264 for changeToCandidate
2019-10-18 14:58:31,321 [Thread-1812] INFO  impl.RoleInfo (RoleInfo.java:updateAndGet(143)) - 327657b1-60f8-49f2-b2a3-f63e1f934942: start LeaderElection
2019-10-18 14:58:31,336 [327657b1-60f8-49f2-b2a3-f63e1f934942@group-58A987F56150-LeaderElection230] INFO  impl.LeaderElection (LeaderElection.java:askForVotes(178)) - 327657b1-60f8-49f2-b2a3-f63e1f934942@group-58A987F56150-LeaderElection230: begin an election at term 265 for -1: [6605b8a5-570b-4977-9ee7-6aaf3012bed5:192.168.164.233:35223, 327657b1-60f8-49f2-b2a3-f63e1f934942:192.168.164.233:41966, ddd4789c-894d-475a-bbfb-f6e7aa670c92:192.168.164.233:41061], old=null
2019-10-18 14:58:31,340 [grpc-default-executor-3] INFO  impl.RaftServerImpl (RaftServerImpl.java:setRole(184)) - ddd4789c-894d-475a-bbfb-f6e7aa670c92@group-58A987F56150: changes role from  FOLLOWER to FOLLOWER at term 265 for recognizeCandidate:327657b1-60f8-49f2-b2a3-f63e1f934942
2019-10-18 14:58:31,340 [grpc-default-executor-3] INFO  impl.RoleInfo (RoleInfo.java:shutdownFollowerState(121)) - ddd4789c-894d-475a-bbfb-f6e7aa670c92: shutdown FollowerState
2019-10-18 14:58:31,340 [grpc-default-executor-2] INFO  impl.RaftServerImpl (RaftServerImpl.java:setRole(184)) - 6605b8a5-570b-4977-9ee7-6aaf3012bed5@group-58A987F56150: changes role from  FOLLOWER to FOLLOWER at term 265 for recognizeCandidate:327657b1-60f8-49f2-b2a3-f63e1f934942
2019-10-18 14:58:31,341 [Thread-1811] INFO  impl.FollowerState (FollowerState.java:run(117)) - ddd4789c-894d-475a-bbfb-f6e7aa670c92@group-58A987F56150-FollowerState was interrupted: java.lang.InterruptedException: sleep interrupted
2019-10-18 14:58:31,340 [grpc-default-executor-3] INFO  impl.RoleInfo (RoleInfo.java:updateAndGet(143)) - ddd4789c-894d-475a-bbfb-f6e7aa670c92: start FollowerState
2019-10-18 14:58:31,341 [grpc-default-executor-2] INFO  impl.RoleInfo (RoleInfo.java:shutdownFollowerState(121)) - 6605b8a5-570b-4977-9ee7-6aaf3012bed5: shutdown FollowerState
2019-10-18 14:58:31,341 [grpc-default-executor-2] INFO  impl.RoleInfo (RoleInfo.java:updateAndGet(143)) - 6605b8a5-570b-4977-9ee7-6aaf3012bed5: start FollowerState
2019-10-18 14:58:31,341 [Thread-1810] INFO  impl.FollowerState (FollowerState.java:run(117)) - 6605b8a5-570b-4977-9ee7-6aaf3012bed5@group-58A987F56150-FollowerState was interrupted: java.lang.InterruptedException: sleep interrupted
2019-10-18 14:58:31,367 [327657b1-60f8-49f2-b2a3-f63e1f934942@group-58A987F56150-LeaderElection230] INFO  impl.LeaderElection (LeaderElection.java:logAndReturn(56)) - 327657b1-60f8-49f2-b2a3-f63e1f934942@group-58A987F56150-LeaderElection230: Election REJECTED; received 2 response(s) [327657b1-60f8-49f2-b2a3-f63e1f934942<-6605b8a5-570b-4977-9ee7-6aaf3012bed5#0:FAIL-t265, 327657b1-60f8-49f2-b2a3-f63e1f934942<-ddd4789c-894d-475a-bbfb-f6e7aa670c92#0:FAIL-t265] and 0 exception(s); 327657b1-60f8-49f2-b2a3-f63e1f934942@group-58A987F56150:t265, leader=null, voted=327657b1-60f8-49f2-b2a3-f63e1f934942, raftlog=327657b1-60f8-49f2-b2a3-f63e1f934942@group-58A987F56150-SegmentedRaftLog:OPENED:c-1,f-1,i0, conf=-1: [6605b8a5-570b-4977-9ee7-6aaf3012bed5:192.168.164.233:35223, 327657b1-60f8-49f2-b2a3-f63e1f934942:192.168.164.233:41966, ddd4789c-894d-475a-bbfb-f6e7aa670c92:192.168.164.233:41061], old=null
2019-10-18 14:58:31,367 [327657b1-60f8-49f2-b2a3-f63e1f934942@group-58A987F56150-LeaderElection230] INFO  impl.RaftServerImpl (RaftServerImpl.java:setRole(184)) - 327657b1-60f8-49f2-b2a3-f63e1f934942@group-58A987F56150: changes role from CANDIDATE to FOLLOWER at term 265 for DISCOVERED_A_NEW_TERM
2019-10-18 14:58:31,367 [327657b1-60f8-49f2-b2a3-f63e1f934942@group-58A987F56150-LeaderElection230] INFO  impl.RoleInfo (RoleInfo.java:shutdownLeaderElection(134)) - 327657b1-60f8-49f2-b2a3-f63e1f934942: shutdown LeaderElection
2019-10-18 14:58:31,368 [327657b1-60f8-49f2-b2a3-f63e1f934942@group-58A987F56150-LeaderElection230] INFO  impl.RoleInfo (RoleInfo.java:updateAndGet(143)) - 327657b1-60f8-49f2-b2a3-f63e1f934942: start FollowerState
2019-10-18 14:58:31,556 [Thread-1818] INFO  impl.FollowerState (FollowerState.java:run(108)) - 327657b1-60f8-49f2-b2a3-f63e1f934942@group-58A987F56150-FollowerState: change to CANDIDATE, lastRpcTime:188ms, electionTimeout:188ms
2019-10-18 14:58:31,557 [Thread-1818] INFO  impl.RoleInfo (RoleInfo.java:shutdownFollowerState(121)) - 327657b1-60f8-49f2-b2a3-f63e1f934942: shutdown FollowerState
2019-10-18 14:58:31,557 [Thread-1818] INFO  impl.RaftServerImpl (RaftServerImpl.java:setRole(184)) - 327657b1-60f8-49f2-b2a3-f63e1f934942@group-58A987F56150: changes role from  FOLLOWER to CANDIDATE at term 265 for changeToCandidate
2019-10-18 14:58:31,557 [Thread-1818] INFO  impl.RoleInfo (RoleInfo.java:updateAndGet(143)) - 327657b1-60f8-49f2-b2a3-f63e1f934942: start LeaderElection
2019-10-18 14:58:31,587 [327657b1-60f8-49f2-b2a3-f63e1f934942@group-58A987F56150-LeaderElection231] INFO  impl.LeaderElection (LeaderElection.java:askForVotes(178)) - 327657b1-60f8-49f2-b2a3-f63e1f934942@group-58A987F56150-LeaderElection231: begin an election at term 266 for -1: [6605b8a5-570b-4977-9ee7-6aaf3012bed5:192.168.164.233:35223, 327657b1-60f8-49f2-b2a3-f63e1f934942:192.168.164.233:41966, ddd4789c-894d-475a-bbfb-f6e7aa670c92:192.168.164.233:41061], old=null
2019-10-18 14:58:31,590 [grpc-default-executor-3] INFO  impl.RaftServerImpl (RaftServerImpl.java:setRole(184)) - ddd4789c-894d-475a-bbfb-f6e7aa670c92@group-58A987F56150: changes role from  FOLLOWER to FOLLOWER at term 266 for recognizeCandidate:327657b1-60f8-49f2-b2a3-f63e1f934942
2019-10-18 14:58:31,590 [grpc-default-executor-3] INFO  impl.RoleInfo (RoleInfo.java:shutdownFollowerState(121)) - ddd4789c-894d-475a-bbfb-f6e7aa670c92: shutdown FollowerState
2019-10-18 14:58:31,590 [grpc-default-executor-2] INFO  impl.RaftServerImpl (RaftServerImpl.java:setRole(184)) - 6605b8a5-570b-4977-9ee7-6aaf3012bed5@group-58A987F56150: changes role from  FOLLOWER to FOLLOWER at term 266 for recognizeCandidate:327657b1-60f8-49f2-b2a3-f63e1f934942
2019-10-18 14:58:31,590 [Thread-1816] INFO  impl.FollowerState (FollowerState.java:run(117)) - ddd4789c-894d-475a-bbfb-f6e7aa670c92@group-58A987F56150-FollowerState was interrupted: java.lang.InterruptedException: sleep interrupted
2019-10-18 14:58:31,590 [grpc-default-executor-3] INFO  impl.RoleInfo (RoleInfo.java:updateAndGet(143)) - ddd4789c-894d-475a-bbfb-f6e7aa670c92: start FollowerState
2019-10-18 14:58:31,590 [grpc-default-executor-2] INFO  impl.RoleInfo (RoleInfo.java:shutdownFollowerState(121)) - 6605b8a5-570b-4977-9ee7-6aaf3012bed5: shutdown FollowerState
2019-10-18 14:58:31,591 [grpc-default-executor-2] INFO  impl.RoleInfo (RoleInfo.java:updateAndGet(143)) - 6605b8a5-570b-4977-9ee7-6aaf3012bed5: start FollowerState
2019-10-18 14:58:31,591 [Thread-1817] INFO  impl.FollowerState (FollowerState.java:run(117)) - 6605b8a5-570b-4977-9ee7-6aaf3012bed5@group-58A987F56150-FollowerState was interrupted: java.lang.InterruptedException: sleep interrupted
2019-10-18 14:58:31,603 [327657b1-60f8-49f2-b2a3-f63e1f934942@group-58A987F56150-LeaderElection231] INFO  impl.LeaderElection (LeaderElection.java:logAndReturn(56)) - 327657b1-60f8-49f2-b2a3-f63e1f934942@group-58A987F56150-LeaderElection231: Election REJECTED; received 2 response(s) [327657b1-60f8-49f2-b2a3-f63e1f934942<-6605b8a5-570b-4977-9ee7-6aaf3012bed5#0:FAIL-t266, 327657b1-60f8-49f2-b2a3-f63e1f934942<-ddd4789c-894d-475a-bbfb-f6e7aa670c92#0:FAIL-t266] and 0 exception(s); 327657b1-60f8-49f2-b2a3-f63e1f934942@group-58A987F56150:t266, leader=null, voted=327657b1-60f8-49f2-b2a3-f63e1f934942, raftlog=327657b1-60f8-49f2-b2a3-f63e1f934942@group-58A987F56150-SegmentedRaftLog:OPENED:c-1,f-1,i0, conf=-1: [6605b8a5-570b-4977-9ee7-6aaf3012bed5:192.168.164.233:35223, 327657b1-60f8-49f2-b2a3-f63e1f934942:192.168.164.233:41966, ddd4789c-894d-475a-bbfb-f6e7aa670c92:192.168.164.233:41061], old=null
2019-10-18 14:58:31,603 [327657b1-60f8-49f2-b2a3-f63e1f934942@group-58A987F56150-LeaderElection231] INFO  impl.RaftServerImpl (RaftServerImpl.java:setRole(184)) - 327657b1-60f8-49f2-b2a3-f63e1f934942@group-58A987F56150: changes role from CANDIDATE to FOLLOWER at term 266 for DISCOVERED_A_NEW_TERM
2019-10-18 14:58:31,603 [327657b1-60f8-49f2-b2a3-f63e1f934942@group-58A987F56150-LeaderElection231] INFO  impl.RoleInfo (RoleInfo.java:shutdownLeaderElection(134)) - 327657b1-60f8-49f2-b2a3-f63e1f934942: shutdown LeaderElection
2019-10-18 14:58:31,603 [327657b1-60f8-49f2-b2a3-f63e1f934942@group-58A987F56150-LeaderElection231] INFO  impl.RoleInfo (RoleInfo.java:updateAndGet(143)) - 327657b1-60f8-49f2-b2a3-f63e1f934942: start FollowerState
2019-10-18 14:58:31,622 [Thread-1824] INFO  impl.FollowerState (FollowerState.java:run(108)) - 327657b1-60f8-49f2-b2a3-f63e1f934942@group-58A987F56150-FollowerState: change to CANDIDATE, lastRpcTime:18ms, electionTimeout:18ms
2019-10-18 14:58:31,622 [Thread-1824] INFO  impl.RoleInfo (RoleInfo.java:shutdownFollowerState(121)) - 327657b1-60f8-49f2-b2a3-f63e1f934942: shutdown FollowerState
2019-10-18 14:58:31,622 [Thread-1824] INFO  impl.RaftServerImpl (RaftServerImpl.java:setRole(184)) - 327657b1-60f8-49f2-b2a3-f63e1f934942@group-58A987F56150: changes role from  FOLLOWER to CANDIDATE at term 266 for changeToCandidate
2019-10-18 14:58:31,622 [Thread-1824] INFO  impl.RoleInfo (RoleInfo.java:updateAndGet(143)) - 327657b1-60f8-49f2-b2a3-f63e1f934942: start LeaderElection
2019-10-18 14:58:31,636 [327657b1-60f8-49f2-b2a3-f63e1f934942@group-58A987F56150-LeaderElection232] INFO  impl.LeaderElection (LeaderElection.java:askForVotes(178)) - 327657b1-60f8-49f2-b2a3-f63e1f934942@group-58A987F56150-LeaderElection232: begin an election at term 267 for -1: [6605b8a5-570b-4977-9ee7-6aaf3012bed5:192.168.164.233:35223, 327657b1-60f8-49f2-b2a3-f63e1f934942:192.168.164.233:41966, ddd4789c-894d-475a-bbfb-f6e7aa670c92:192.168.164.233:41061], old=null
2019-10-18 14:58:31,637 [grpc-default-executor-3] INFO  impl.RaftServerImpl (RaftServerImpl.java:setRole(184)) - 6605b8a5-570b-4977-9ee7-6aaf3012bed5@group-58A987F56150: changes role from  FOLLOWER to FOLLOWER at term 267 for recognizeCandidate:327657b1-60f8-49f2-b2a3-f63e1f934942
2019-10-18 14:58:31,638 [grpc-default-executor-3] INFO  impl.RoleInfo (RoleInfo.java:shutdownFollowerState(121)) - 6605b8a5-570b-4977-9ee7-6aaf3012bed5: shutdown FollowerState
2019-10-18 14:58:31,637 [grpc-default-executor-2] INFO  impl.RaftServerImpl (RaftServerImpl.java:setRole(184)) - ddd4789c-894d-475a-bbfb-f6e7aa670c92@group-58A987F56150: changes role from  FOLLOWER to FOLLOWER at term 267 for recognizeCandidate:327657b1-60f8-49f2-b2a3-f63e1f934942
2019-10-18 14:58:31,638 [Thread-1823] INFO  impl.FollowerState (FollowerState.java:run(117)) - 6605b8a5-570b-4977-9ee7-6aaf3012bed5@group-58A987F56150-FollowerState was interrupted: java.lang.InterruptedException: sleep interrupted
2019-10-18 14:58:31,638 [grpc-default-executor-3] INFO  impl.RoleInfo (RoleInfo.java:updateAndGet(143)) - 6605b8a5-570b-4977-9ee7-6aaf3012bed5: start FollowerState
2019-10-18 14:58:31,638 [grpc-default-executor-2] INFO  impl.RoleInfo (RoleInfo.java:shutdownFollowerState(121)) - ddd4789c-894d-475a-bbfb-f6e7aa670c92: shutdown FollowerState
2019-10-18 14:58:31,638 [grpc-default-executor-2] INFO  impl.RoleInfo (RoleInfo.java:updateAndGet(143)) - ddd4789c-894d-475a-bbfb-f6e7aa670c92: start FollowerState
2019-10-18 14:58:31,638 [Thread-1822] INFO  impl.FollowerState (FollowerState.java:run(117)) - ddd4789c-894d-475a-bbfb-f6e7aa670c92@group-58A987F56150-FollowerState was interrupted: java.lang.InterruptedException: sleep interrupted
2019-10-18 14:58:31,652 [327657b1-60f8-49f2-b2a3-f63e1f934942@group-58A987F56150-LeaderElection232] INFO  impl.LeaderElection (LeaderElection.java:logAndReturn(56)) - 327657b1-60f8-49f2-b2a3-f63e1f934942@group-58A987F56150-LeaderElection232: Election REJECTED; received 2 response(s) [327657b1-60f8-49f2-b2a3-f63e1f934942<-6605b8a5-570b-4977-9ee7-6aaf3012bed5#0:FAIL-t267, 327657b1-60f8-49f2-b2a3-f63e1f934942<-ddd4789c-894d-475a-bbfb-f6e7aa670c92#0:FAIL-t267] and 0 exception(s); 327657b1-60f8-49f2-b2a3-f63e1f934942@group-58A987F56150:t267, leader=null, voted=327657b1-60f8-49f2-b2a3-f63e1f934942, raftlog=327657b1-60f8-49f2-b2a3-f63e1f934942@group-58A987F56150-SegmentedRaftLog:OPENED:c-1,f-1,i0, conf=-1: [6605b8a5-570b-4977-9ee7-6aaf3012bed5:192.168.164.233:35223, 327657b1-60f8-49f2-b2a3-f63e1f934942:192.168.164.233:41966, ddd4789c-894d-475a-bbfb-f6e7aa670c92:192.168.164.233:41061], old=null
2019-10-18 14:58:31,652 [327657b1-60f8-49f2-b2a3-f63e1f934942@group-58A987F56150-LeaderElection232] INFO  impl.RaftServerImpl (RaftServerImpl.java:setRole(184)) - 327657b1-60f8-49f2-b2a3-f63e1f934942@group-58A987F56150: changes role from CANDIDATE to FOLLOWER at term 267 for DISCOVERED_A_NEW_TERM
2019-10-18 14:58:31,652 [327657b1-60f8-49f2-b2a3-f63e1f934942@group-58A987F56150-LeaderElection232] INFO  impl.RoleInfo (RoleInfo.java:shutdownLeaderElection(134)) - 327657b1-60f8-49f2-b2a3-f63e1f934942: shutdown LeaderElection
2019-10-18 14:58:31,652 [327657b1-60f8-49f2-b2a3-f63e1f934942@group-58A987F56150-LeaderElection232] INFO  impl.RoleInfo (RoleInfo.java:updateAndGet(143)) - 327657b1-60f8-49f2-b2a3-f63e1f934942: start FollowerState
2019-10-18 14:58:31,721 [Thread-1830] INFO  impl.FollowerState (FollowerState.java:run(108)) - 327657b1-60f8-49f2-b2a3-f63e1f934942@group-58A987F56150-FollowerState: change to CANDIDATE, lastRpcTime:68ms, electionTimeout:68ms
2019-10-18 14:58:31,721 [Thread-1830] INFO  impl.RoleInfo (RoleInfo.java:shutdownFollowerState(121)) - 327657b1-60f8-49f2-b2a3-f63e1f934942: shutdown FollowerState
2019-10-18 14:58:31,721 [Thread-1830] INFO  impl.RaftServerImpl (RaftServerImpl.java:setRole(184)) - 327657b1-60f8-49f2-b2a3-f63e1f934942@group-58A987F56150: changes role from  FOLLOWER to CANDIDATE at term 267 for changeToCandidate
2019-10-18 14:58:31,721 [Thread-1830] INFO  impl.RoleInfo (RoleInfo.java:updateAndGet(143)) - 327657b1-60f8-49f2-b2a3-f63e1f934942: start LeaderElection
2019-10-18 14:58:31,736 [327657b1-60f8-49f2-b2a3-f63e1f934942@group-58A987F56150-LeaderElection233] INFO  impl.LeaderElection (LeaderElection.java:askForVotes(178)) - 327657b1-60f8-49f2-b2a3-f63e1f934942@group-58A987F56150-LeaderElection233: begin an election at term 268 for -1: [6605b8a5-570b-4977-9ee7-6aaf3012bed5:192.168.164.233:35223, 327657b1-60f8-49f2-b2a3-f63e1f934942:192.168.164.233:41966, ddd4789c-894d-475a-bbfb-f6e7aa670c92:192.168.164.233:41061], old=null
2019-10-18 14:58:31,738 [grpc-default-executor-2] INFO  impl.RaftServerImpl (RaftServerImpl.java:setRole(184)) - 6605b8a5-570b-4977-9ee7-6aaf3012bed5@group-58A987F56150: changes role from  FOLLOWER to FOLLOWER at term 268 for recognizeCandidate:327657b1-60f8-49f2-b2a3-f63e1f934942
2019-10-18 14:58:31,738 [grpc-default-executor-2] INFO  impl.RoleInfo (RoleInfo.java:shutdownFollowerState(121)) - 6605b8a5-570b-4977-9ee7-6aaf3012bed5: shutdown FollowerState
2019-10-18 14:58:31,738 [grpc-default-executor-3] INFO  impl.RaftServerImpl (RaftServerImpl.java:setRole(184)) - ddd4789c-894d-475a-bbfb-f6e7aa670c92@group-58A987F56150: changes role from  FOLLOWER to FOLLOWER at term 268 for recognizeCandidate:327657b1-60f8-49f2-b2a3-f63e1f934942
2019-10-18 14:58:31,738 [grpc-default-executor-3] INFO  impl.RoleInfo (RoleInfo.java:shutdownFollowerState(121)) - ddd4789c-894d-475a-bbfb-f6e7aa670c92: shutdown FollowerState
2019-10-18 14:58:31,738 [Thread-1828] INFO  impl.FollowerState (FollowerState.java:run(117)) - 6605b8a5-570b-4977-9ee7-6aaf3012bed5@group-58A987F56150-FollowerState was interrupted: java.lang.InterruptedException: sleep interrupted
2019-10-18 14:58:31,738 [grpc-default-executor-2] INFO  impl.RoleInfo (RoleInfo.java:updateAndGet(143)) - 6605b8a5-570b-4977-9ee7-6aaf3012bed5: start FollowerState
2019-10-18 14:58:31,739 [Thread-1829] INFO  impl.FollowerState (FollowerState.java:run(117)) - ddd4789c-894d-475a-bbfb-f6e7aa670c92@group-58A987F56150-FollowerState was interrupted: java.lang.InterruptedException: sleep interrupted
2019-10-18 14:58:31,739 [grpc-default-executor-3] INFO  impl.RoleInfo (RoleInfo.java:updateAndGet(143)) - ddd4789c-894d-475a-bbfb-f6e7aa670c92: start FollowerState
2019-10-18 14:58:31,765 [327657b1-60f8-49f2-b2a3-f63e1f934942@group-58A987F56150-LeaderElection233] INFO  impl.LeaderElection (LeaderElection.java:logAndReturn(56)) - 327657b1-60f8-49f2-b2a3-f63e1f934942@group-58A987F56150-LeaderElection233: Election REJECTED; received 2 response(s) [327657b1-60f8-49f2-b2a3-f63e1f934942<-6605b8a5-570b-4977-9ee7-6aaf3012bed5#0:FAIL-t268, 327657b1-60f8-49f2-b2a3-f63e1f934942<-ddd4789c-894d-475a-bbfb-f6e7aa670c92#0:FAIL-t268] and 0 exception(s); 327657b1-60f8-49f2-b2a3-f63e1f934942@group-58A987F56150:t268, leader=null, voted=327657b1-60f8-49f2-b2a3-f63e1f934942, raftlog=327657b1-60f8-49f2-b2a3-f63e1f934942@group-58A987F56150-SegmentedRaftLog:OPENED:c-1,f-1,i0, conf=-1: [6605b8a5-570b-4977-9ee7-6aaf3012bed5:192.168.164.233:35223, 327657b1-60f8-49f2-b2a3-f63e1f934942:192.168.164.233:41966, ddd4789c-894d-475a-bbfb-f6e7aa670c92:192.168.164.233:41061], old=null
2019-10-18 14:58:31,765 [327657b1-60f8-49f2-b2a3-f63e1f934942@group-58A987F56150-LeaderElection233] INFO  impl.RaftServerImpl (RaftServerImpl.java:setRole(184)) - 327657b1-60f8-49f2-b2a3-f63e1f934942@group-58A987F56150: changes role from CANDIDATE to FOLLOWER at term 268 for DISCOVERED_A_NEW_TERM
2019-10-18 14:58:31,765 [327657b1-60f8-49f2-b2a3-f63e1f934942@group-58A987F56150-LeaderElection233] INFO  impl.RoleInfo (RoleInfo.java:shutdownLeaderElection(134)) - 327657b1-60f8-49f2-b2a3-f63e1f934942: shutdown LeaderElection
2019-10-18 14:58:31,765 [327657b1-60f8-49f2-b2a3-f63e1f934942@group-58A987F56150-LeaderElection233] INFO  impl.RoleInfo (RoleInfo.java:updateAndGet(143)) - 327657b1-60f8-49f2-b2a3-f63e1f934942: start FollowerState
2019-10-18 14:58:31,862 [Thread-1836] INFO  impl.FollowerState (FollowerState.java:run(108)) - 327657b1-60f8-49f2-b2a3-f63e1f934942@group-58A987F56150-FollowerState: change to CANDIDATE, lastRpcTime:96ms, electionTimeout:96ms
2019-10-18 14:58:31,862 [Thread-1836] INFO  impl.RoleInfo (RoleInfo.java:shutdownFollowerState(121)) - 327657b1-60f8-49f2-b2a3-f63e1f934942: shutdown FollowerState
2019-10-18 14:58:31,862 [Thread-1836] INFO  impl.RaftServerImpl (RaftServerImpl.java:setRole(184)) - 327657b1-60f8-49f2-b2a3-f63e1f934942@group-58A987F56150: changes role from  FOLLOWER to CANDIDATE at term 268 for changeToCandidate
2019-10-18 14:58:31,862 [Thread-1836] INFO  impl.RoleInfo (RoleInfo.java:updateAndGet(143)) - 327657b1-60f8-49f2-b2a3-f63e1f934942: start LeaderElection
2019-10-18 14:58:31,871 [327657b1-60f8-49f2-b2a3-f63e1f934942@group-58A987F56150-LeaderElection234] INFO  impl.LeaderElection (LeaderElection.java:askForVotes(178)) - 327657b1-60f8-49f2-b2a3-f63e1f934942@group-58A987F56150-LeaderElection234: begin an election at term 269 for -1: [6605b8a5-570b-4977-9ee7-6aaf3012bed5:192.168.164.233:35223, 327657b1-60f8-49f2-b2a3-f63e1f934942:192.168.164.233:41966, ddd4789c-894d-475a-bbfb-f6e7aa670c92:192.168.164.233:41061], old=null
2019-10-18 14:58:31,873 [grpc-default-executor-2] INFO  impl.RaftServerImpl (RaftServerImpl.java:setRole(184)) - ddd4789c-894d-475a-bbfb-f6e7aa670c92@group-58A987F56150: changes role from  FOLLOWER to FOLLOWER at term 269 for recognizeCandidate:327657b1-60f8-49f2-b2a3-f63e1f934942
2019-10-18 14:58:31,874 [grpc-default-executor-2] INFO  impl.RoleInfo (RoleInfo.java:shutdownFollowerState(121)) - ddd4789c-894d-475a-bbfb-f6e7aa670c92: shutdown FollowerState
2019-10-18 14:58:31,873 [grpc-default-executor-3] INFO  impl.RaftServerImpl (RaftServerImpl.java:setRole(184)) - 6605b8a5-570b-4977-9ee7-6aaf3012bed5@group-58A987F56150: changes role from  FOLLOWER to FOLLOWER at term 269 for recognizeCandidate:327657b1-60f8-49f2-b2a3-f63e1f934942
2019-10-18 14:58:31,874 [Thread-1835] INFO  impl.FollowerState (FollowerState.java:run(117)) - ddd4789c-894d-475a-bbfb-f6e7aa670c92@group-58A987F56150-FollowerState was interrupted: java.lang.InterruptedException: sleep interrupted
2019-10-18 14:58:31,874 [grpc-default-executor-2] INFO  impl.RoleInfo (RoleInfo.java:updateAndGet(143)) - ddd4789c-894d-475a-bbfb-f6e7aa670c92: start FollowerState
2019-10-18 14:58:31,874 [grpc-default-executor-3] INFO  impl.RoleInfo (RoleInfo.java:shutdownFollowerState(121)) - 6605b8a5-570b-4977-9ee7-6aaf3012bed5: shutdown FollowerState
2019-10-18 14:58:31,875 [Thread-1834] INFO  impl.FollowerState (FollowerState.java:run(117)) - 6605b8a5-570b-4977-9ee7-6aaf3012bed5@group-58A987F56150-FollowerState was interrupted: java.lang.InterruptedException: sleep interrupted
2019-10-18 14:58:31,875 [grpc-default-executor-3] INFO  impl.RoleInfo (RoleInfo.java:updateAndGet(143)) - 6605b8a5-570b-4977-9ee7-6aaf3012bed5: start FollowerState
2019-10-18 14:58:31,900 [327657b1-60f8-49f2-b2a3-f63e1f934942@group-58A987F56150-LeaderElection234] INFO  impl.LeaderElection (LeaderElection.java:logAndReturn(56)) - 327657b1-60f8-49f2-b2a3-f63e1f934942@group-58A987F56150-LeaderElection234: Election REJECTED; received 2 response(s) [327657b1-60f8-49f2-b2a3-f63e1f934942<-6605b8a5-570b-4977-9ee7-6aaf3012bed5#0:FAIL-t269, 327657b1-60f8-49f2-b2a3-f63e1f934942<-ddd4789c-894d-475a-bbfb-f6e7aa670c92#0:FAIL-t269] and 0 exception(s); 327657b1-60f8-49f2-b2a3-f63e1f934942@group-58A987F56150:t269, leader=null, voted=327657b1-60f8-49f2-b2a3-f63e1f934942, raftlog=327657b1-60f8-49f2-b2a3-f63e1f934942@group-58A987F56150-SegmentedRaftLog:OPENED:c-1,f-1,i0, conf=-1: [6605b8a5-570b-4977-9ee7-6aaf3012bed5:192.168.164.233:35223, 327657b1-60f8-49f2-b2a3-f63e1f934942:192.168.164.233:41966, ddd4789c-894d-475a-bbfb-f6e7aa670c92:192.168.164.233:41061], old=null
2019-10-18 14:58:31,901 [327657b1-60f8-49f2-b2a3-f63e1f934942@group-58A987F56150-LeaderElection234] INFO  impl.RaftServerImpl (RaftServerImpl.java:setRole(184)) - 327657b1-60f8-49f2-b2a3-f63e1f934942@group-58A987F56150: changes role from CANDIDATE to FOLLOWER at term 269 for DISCOVERED_A_NEW_TERM
2019-10-18 14:58:31,901 [327657b1-60f8-49f2-b2a3-f63e1f934942@group-58A987F56150-LeaderElection234] INFO  impl.RoleInfo (RoleInfo.java:shutdownLeaderElection(134)) - 327657b1-60f8-49f2-b2a3-f63e1f934942: shutdown LeaderElection
2019-10-18 14:58:31,901 [327657b1-60f8-49f2-b2a3-f63e1f934942@group-58A987F56150-LeaderElection234] INFO  impl.RoleInfo (RoleInfo.java:updateAndGet(143)) - 327657b1-60f8-49f2-b2a3-f63e1f934942: start FollowerState
2019-10-18 14:58:31,984 [Thread-1842] INFO  impl.FollowerState (FollowerState.java:run(108)) - 327657b1-60f8-49f2-b2a3-f63e1f934942@group-58A987F56150-FollowerState: change to CANDIDATE, lastRpcTime:83ms, electionTimeout:83ms
2019-10-18 14:58:31,985 [Thread-1842] INFO  impl.RoleInfo (RoleInfo.java:shutdownFollowerState(121)) - 327657b1-60f8-49f2-b2a3-f63e1f934942: shutdown FollowerState
2019-10-18 14:58:31,985 [Thread-1842] INFO  impl.RaftServerImpl (RaftServerImpl.java:setRole(184)) - 327657b1-60f8-49f2-b2a3-f63e1f934942@group-58A987F56150: changes role from  FOLLOWER to CANDIDATE at term 269 for changeToCandidate
2019-10-18 14:58:31,985 [Thread-1842] INFO  impl.RoleInfo (RoleInfo.java:updateAndGet(143)) - 327657b1-60f8-49f2-b2a3-f63e1f934942: start LeaderElection
2019-10-18 14:58:31,999 [327657b1-60f8-49f2-b2a3-f63e1f934942@group-58A987F56150-LeaderElection235] INFO  impl.LeaderElection (LeaderElection.java:askForVotes(178)) - 327657b1-60f8-49f2-b2a3-f63e1f934942@group-58A987F56150-LeaderElection235: begin an election at term 270 for -1: [6605b8a5-570b-4977-9ee7-6aaf3012bed5:192.168.164.233:35223, 327657b1-60f8-49f2-b2a3-f63e1f934942:192.168.164.233:41966, ddd4789c-894d-475a-bbfb-f6e7aa670c92:192.168.164.233:41061], old=null
2019-10-18 14:58:32,001 [grpc-default-executor-2] INFO  impl.RaftServerImpl (RaftServerImpl.java:setRole(184)) - 6605b8a5-570b-4977-9ee7-6aaf3012bed5@group-58A987F56150: changes role from  FOLLOWER to FOLLOWER at term 270 for recognizeCandidate:327657b1-60f8-49f2-b2a3-f63e1f934942
2019-10-18 14:58:32,001 [grpc-default-executor-2] INFO  impl.RoleInfo (RoleInfo.java:shutdownFollowerState(121)) - 6605b8a5-570b-4977-9ee7-6aaf3012bed5: shutdown FollowerState
2019-10-18 14:58:32,001 [grpc-default-executor-3] INFO  impl.RaftServerImpl (RaftServerImpl.java:setRole(184)) - ddd4789c-894d-475a-bbfb-f6e7aa670c92@group-58A987F56150: changes role from  FOLLOWER to FOLLOWER at term 270 for recognizeCandidate:327657b1-60f8-49f2-b2a3-f63e1f934942
2019-10-18 14:58:32,001 [Thread-1841] INFO  impl.FollowerState (FollowerState.java:run(117)) - 6605b8a5-570b-4977-9ee7-6aaf3012bed5@group-58A987F56150-FollowerState was interrupted: java.lang.InterruptedException: sleep interrupted
2019-10-18 14:58:32,001 [grpc-default-executor-2] INFO  impl.RoleInfo (RoleInfo.java:updateAndGet(143)) - 6605b8a5-570b-4977-9ee7-6aaf3012bed5: start FollowerState
2019-10-18 14:58:32,002 [grpc-default-executor-3] INFO  impl.RoleInfo (RoleInfo.java:shutdownFollowerState(121)) - ddd4789c-894d-475a-bbfb-f6e7aa670c92: shutdown FollowerState
2019-10-18 14:58:32,002 [grpc-default-executor-3] INFO  impl.RoleInfo (RoleInfo.java:updateAndGet(143)) - ddd4789c-894d-475a-bbfb-f6e7aa670c92: start FollowerState
2019-10-18 14:58:32,002 [Thread-1840] INFO  impl.FollowerState (FollowerState.java:run(117)) - ddd4789c-894d-475a-bbfb-f6e7aa670c92@group-58A987F56150-FollowerState was interrupted: java.lang.InterruptedException: sleep interrupted
2019-10-18 14:58:32,027 [327657b1-60f8-49f2-b2a3-f63e1f934942@group-58A987F56150-LeaderElection235] INFO  impl.LeaderElection (LeaderElection.java:logAndReturn(56)) - 327657b1-60f8-49f2-b2a3-f63e1f934942@group-58A987F56150-LeaderElection235: Election REJECTED; received 2 response(s) [327657b1-60f8-49f2-b2a3-f63e1f934942<-6605b8a5-570b-4977-9ee7-6aaf3012bed5#0:FAIL-t270, 327657b1-60f8-49f2-b2a3-f63e1f934942<-ddd4789c-894d-475a-bbfb-f6e7aa670c92#0:FAIL-t270] and 0 exception(s); 327657b1-60f8-49f2-b2a3-f63e1f934942@group-58A987F56150:t270, leader=null, voted=327657b1-60f8-49f2-b2a3-f63e1f934942, raftlog=327657b1-60f8-49f2-b2a3-f63e1f934942@group-58A987F56150-SegmentedRaftLog:OPENED:c-1,f-1,i0, conf=-1: [6605b8a5-570b-4977-9ee7-6aaf3012bed5:192.168.164.233:35223, 327657b1-60f8-49f2-b2a3-f63e1f934942:192.168.164.233:41966, ddd4789c-894d-475a-bbfb-f6e7aa670c92:192.168.164.233:41061], old=null
2019-10-18 14:58:32,028 [327657b1-60f8-49f2-b2a3-f63e1f934942@group-58A987F56150-LeaderElection235] INFO  impl.RaftServerImpl (RaftServerImpl.java:setRole(184)) - 327657b1-60f8-49f2-b2a3-f63e1f934942@group-58A987F56150: changes role from CANDIDATE to FOLLOWER at term 270 for DISCOVERED_A_NEW_TERM
2019-10-18 14:58:32,028 [327657b1-60f8-49f2-b2a3-f63e1f934942@group-58A987F56150-LeaderElection235] INFO  impl.RoleInfo (RoleInfo.java:shutdownLeaderElection(134)) - 327657b1-60f8-49f2-b2a3-f63e1f934942: shutdown LeaderElection
2019-10-18 14:58:32,028 [327657b1-60f8-49f2-b2a3-f63e1f934942@group-58A987F56150-LeaderElection235] INFO  impl.RoleInfo (RoleInfo.java:updateAndGet(143)) - 327657b1-60f8-49f2-b2a3-f63e1f934942: start FollowerState
2019-10-18 14:58:32,133 [Thread-1850] INFO  impl.FollowerState (FollowerState.java:run(108)) - 327657b1-60f8-49f2-b2a3-f63e1f934942@group-58A987F56150-FollowerState: change to CANDIDATE, lastRpcTime:105ms, electionTimeout:105ms
2019-10-18 14:58:32,133 [Thread-1850] INFO  impl.RoleInfo (RoleInfo.java:shutdownFollowerState(121)) - 327657b1-60f8-49f2-b2a3-f63e1f934942: shutdown FollowerState
2019-10-18 14:58:32,133 [Thread-1850] INFO  impl.RaftServerImpl (RaftServerImpl.java:setRole(184)) - 327657b1-60f8-49f2-b2a3-f63e1f934942@group-58A987F56150: changes role from  FOLLOWER to CANDIDATE at term 270 for changeToCandidate
2019-10-18 14:58:32,133 [Thread-1850] INFO  impl.RoleInfo (RoleInfo.java:updateAndGet(143)) - 327657b1-60f8-49f2-b2a3-f63e1f934942: start LeaderElection
2019-10-18 14:58:32,146 [327657b1-60f8-49f2-b2a3-f63e1f934942@group-58A987F56150-LeaderElection236] INFO  impl.LeaderElection (LeaderElection.java:askForVotes(178)) - 327657b1-60f8-49f2-b2a3-f63e1f934942@group-58A987F56150-LeaderElection236: begin an election at term 271 for -1: [6605b8a5-570b-4977-9ee7-6aaf3012bed5:192.168.164.233:35223, 327657b1-60f8-49f2-b2a3-f63e1f934942:192.168.164.233:41966, ddd4789c-894d-475a-bbfb-f6e7aa670c92:192.168.164.233:41061], old=null
2019-10-18 14:58:32,148 [grpc-default-executor-2] INFO  impl.RaftServerImpl (RaftServerImpl.java:setRole(184)) - 6605b8a5-570b-4977-9ee7-6aaf3012bed5@group-58A987F56150: changes role from  FOLLOWER to FOLLOWER at term 271 for recognizeCandidate:327657b1-60f8-49f2-b2a3-f63e1f934942
2019-10-18 14:58:32,148 [grpc-default-executor-3] INFO  impl.RaftServerImpl (RaftServerImpl.java:setRole(184)) - ddd4789c-894d-475a-bbfb-f6e7aa670c92@group-58A987F56150: changes role from  FOLLOWER to FOLLOWER at term 271 for recognizeCandidate:327657b1-60f8-49f2-b2a3-f63e1f934942
2019-10-18 14:58:32,149 [grpc-default-executor-2] INFO  impl.RoleInfo (RoleInfo.java:shutdownFollowerState(121)) - 6605b8a5-570b-4977-9ee7-6aaf3012bed5: shutdown FollowerState
2019-10-18 14:58:32,149 [grpc-default-executor-3] INFO  impl.RoleInfo (RoleInfo.java:shutdownFollowerState(121)) - ddd4789c-894d-475a-bbfb-f6e7aa670c92: shutdown FollowerState
2019-10-18 14:58:32,149 [Thread-1848] INFO  impl.FollowerState (FollowerState.java:run(117)) - 6605b8a5-570b-4977-9ee7-6aaf3012bed5@group-58A987F56150-FollowerState was interrupted: java.lang.InterruptedException: sleep interrupted
2019-10-18 14:58:32,149 [grpc-default-executor-2] INFO  impl.RoleInfo (RoleInfo.java:updateAndGet(143)) - 6605b8a5-570b-4977-9ee7-6aaf3012bed5: start FollowerState
2019-10-18 14:58:32,149 [grpc-default-executor-3] INFO  impl.RoleInfo (RoleInfo.java:updateAndGet(143)) - ddd4789c-894d-475a-bbfb-f6e7aa670c92: start FollowerState
2019-10-18 14:58:32,149 [Thread-1849] INFO  impl.FollowerState (FollowerState.java:run(117)) - ddd4789c-894d-475a-bbfb-f6e7aa670c92@group-58A987F56150-FollowerState was interrupted: java.lang.InterruptedException: sleep interrupted
2019-10-18 14:58:32,167 [327657b1-60f8-49f2-b2a3-f63e1f934942@group-58A987F56150-LeaderElection236] INFO  impl.LeaderElection (LeaderElection.java:logAndReturn(56)) - 327657b1-60f8-49f2-b2a3-f63e1f934942@group-58A987F56150-LeaderElection236: Election REJECTED; received 2 response(s) [327657b1-60f8-49f2-b2a3-f63e1f934942<-6605b8a5-570b-4977-9ee7-6aaf3012bed5#0:FAIL-t271, 327657b1-60f8-49f2-b2a3-f63e1f934942<-ddd4789c-894d-475a-bbfb-f6e7aa670c92#0:FAIL-t271] and 0 exception(s); 327657b1-60f8-49f2-b2a3-f63e1f934942@group-58A987F56150:t271, leader=null, voted=327657b1-60f8-49f2-b2a3-f63e1f934942, raftlog=327657b1-60f8-49f2-b2a3-f63e1f934942@group-58A987F56150-SegmentedRaftLog:OPENED:c-1,f-1,i0, conf=-1: [6605b8a5-570b-4977-9ee7-6aaf3012bed5:192.168.164.233:35223, 327657b1-60f8-49f2-b2a3-f63e1f934942:192.168.164.233:41966, ddd4789c-894d-475a-bbfb-f6e7aa670c92:192.168.164.233:41061], old=null
2019-10-18 14:58:32,167 [327657b1-60f8-49f2-b2a3-f63e1f934942@group-58A987F56150-LeaderElection236] INFO  impl.RaftServerImpl (RaftServerImpl.java:setRole(184)) - 327657b1-60f8-49f2-b2a3-f63e1f934942@group-58A987F56150: changes role from CANDIDATE to FOLLOWER at term 271 for DISCOVERED_A_NEW_TERM
2019-10-18 14:58:32,167 [327657b1-60f8-49f2-b2a3-f63e1f934942@group-58A987F56150-LeaderElection236] INFO  impl.RoleInfo (RoleInfo.java:shutdownLeaderElection(134)) - 327657b1-60f8-49f2-b2a3-f63e1f934942: shutdown LeaderElection
2019-10-18 14:58:32,167 [327657b1-60f8-49f2-b2a3-f63e1f934942@group-58A987F56150-LeaderElection236] INFO  impl.RoleInfo (RoleInfo.java:updateAndGet(143)) - 327657b1-60f8-49f2-b2a3-f63e1f934942: start FollowerState
2019-10-18 14:58:32,282 [Thread-1856] INFO  impl.FollowerState (FollowerState.java:run(108)) - 327657b1-60f8-49f2-b2a3-f63e1f934942@group-58A987F56150-FollowerState: change to CANDIDATE, lastRpcTime:114ms, electionTimeout:114ms
2019-10-18 14:58:32,282 [Thread-1856] INFO  impl.RoleInfo (RoleInfo.java:shutdownFollowerState(121)) - 327657b1-60f8-49f2-b2a3-f63e1f934942: shutdown FollowerState
2019-10-18 14:58:32,282 [Thread-1856] INFO  impl.RaftServerImpl (RaftServerImpl.java:setRole(184)) - 327657b1-60f8-49f2-b2a3-f63e1f934942@group-58A987F56150: changes role from  FOLLOWER to CANDIDATE at term 271 for changeToCandidate
2019-10-18 14:58:32,282 [Thread-1856] INFO  impl.RoleInfo (RoleInfo.java:updateAndGet(143)) - 327657b1-60f8-49f2-b2a3-f63e1f934942: start LeaderElection
2019-10-18 14:58:32,296 [327657b1-60f8-49f2-b2a3-f63e1f934942@group-58A987F56150-LeaderElection237] INFO  impl.LeaderElection (LeaderElection.java:askForVotes(178)) - 327657b1-60f8-49f2-b2a3-f63e1f934942@group-58A987F56150-LeaderElection237: begin an election at term 272 for -1: [6605b8a5-570b-4977-9ee7-6aaf3012bed5:192.168.164.233:35223, 327657b1-60f8-49f2-b2a3-f63e1f934942:192.168.164.233:41966, ddd4789c-894d-475a-bbfb-f6e7aa670c92:192.168.164.233:41061], old=null
2019-10-18 14:58:32,297 [grpc-default-executor-2] INFO  impl.RaftServerImpl (RaftServerImpl.java:setRole(184)) - 6605b8a5-570b-4977-9ee7-6aaf3012bed5@group-58A987F56150: changes role from  FOLLOWER to FOLLOWER at term 272 for recognizeCandidate:327657b1-60f8-49f2-b2a3-f63e1f934942
2019-10-18 14:58:32,297 [grpc-default-executor-2] INFO  impl.RoleInfo (RoleInfo.java:shutdownFollowerState(121)) - 6605b8a5-570b-4977-9ee7-6aaf3012bed5: shutdown FollowerState
2019-10-18 14:58:32,297 [grpc-default-executor-3] INFO  impl.RaftServerImpl (RaftServerImpl.java:setRole(184)) - ddd4789c-894d-475a-bbfb-f6e7aa670c92@group-58A987F56150: changes role from  FOLLOWER to FOLLOWER at term 272 for recognizeCandidate:327657b1-60f8-49f2-b2a3-f63e1f934942
2019-10-18 14:58:32,298 [Thread-1854] INFO  impl.FollowerState (FollowerState.java:run(117)) - 6605b8a5-570b-4977-9ee7-6aaf3012bed5@group-58A987F56150-FollowerState was interrupted: java.lang.InterruptedException: sleep interrupted
2019-10-18 14:58:32,298 [grpc-default-executor-2] INFO  impl.RoleInfo (RoleInfo.java:updateAndGet(143)) - 6605b8a5-570b-4977-9ee7-6aaf3012bed5: start FollowerState
2019-10-18 14:58:32,298 [grpc-default-executor-3] INFO  impl.RoleInfo (RoleInfo.java:shutdownFollowerState(121)) - ddd4789c-894d-475a-bbfb-f6e7aa670c92: shutdown FollowerState
2019-10-18 14:58:32,298 [grpc-default-executor-3] INFO  impl.RoleInfo (RoleInfo.java:updateAndGet(143)) - ddd4789c-894d-475a-bbfb-f6e7aa670c92: start FollowerState
2019-10-18 14:58:32,298 [Thread-1855] INFO  impl.FollowerState (FollowerState.java:run(117)) - ddd4789c-894d-475a-bbfb-f6e7aa670c92@group-58A987F56150-FollowerState was interrupted: java.lang.InterruptedException: sleep interrupted
2019-10-18 14:58:32,323 [327657b1-60f8-49f2-b2a3-f63e1f934942@group-58A987F56150-LeaderElection237] INFO  impl.LeaderElection (LeaderElection.java:logAndReturn(56)) - 327657b1-60f8-49f2-b2a3-f63e1f934942@group-58A987F56150-LeaderElection237: Election REJECTED; received 2 response(s) [327657b1-60f8-49f2-b2a3-f63e1f934942<-6605b8a5-570b-4977-9ee7-6aaf3012bed5#0:FAIL-t272, 327657b1-60f8-49f2-b2a3-f63e1f934942<-ddd4789c-894d-475a-bbfb-f6e7aa670c92#0:FAIL-t272] and 0 exception(s); 327657b1-60f8-49f2-b2a3-f63e1f934942@group-58A987F56150:t272, leader=null, voted=327657b1-60f8-49f2-b2a3-f63e1f934942, raftlog=327657b1-60f8-49f2-b2a3-f63e1f934942@group-58A987F56150-SegmentedRaftLog:OPENED:c-1,f-1,i0, conf=-1: [6605b8a5-570b-4977-9ee7-6aaf3012bed5:192.168.164.233:35223, 327657b1-60f8-49f2-b2a3-f63e1f934942:192.168.164.233:41966, ddd4789c-894d-475a-bbfb-f6e7aa670c92:192.168.164.233:41061], old=null
2019-10-18 14:58:32,323 [327657b1-60f8-49f2-b2a3-f63e1f934942@group-58A987F56150-LeaderElection237] INFO  impl.RaftServerImpl (RaftServerImpl.java:setRole(184)) - 327657b1-60f8-49f2-b2a3-f63e1f934942@group-58A987F56150: changes role from CANDIDATE to FOLLOWER at term 272 for DISCOVERED_A_NEW_TERM
2019-10-18 14:58:32,323 [327657b1-60f8-49f2-b2a3-f63e1f934942@group-58A987F56150-LeaderElection237] INFO  impl.RoleInfo (RoleInfo.java:shutdownLeaderElection(134)) - 327657b1-60f8-49f2-b2a3-f63e1f934942: shutdown LeaderElection
2019-10-18 14:58:32,323 [327657b1-60f8-49f2-b2a3-f63e1f934942@group-58A987F56150-LeaderElection237] INFO  impl.RoleInfo (RoleInfo.java:updateAndGet(143)) - 327657b1-60f8-49f2-b2a3-f63e1f934942: start FollowerState
2019-10-18 14:58:32,370 [Thread-1862] INFO  impl.FollowerState (FollowerState.java:run(108)) - 327657b1-60f8-49f2-b2a3-f63e1f934942@group-58A987F56150-FollowerState: change to CANDIDATE, lastRpcTime:46ms, electionTimeout:46ms
2019-10-18 14:58:32,370 [Thread-1862] INFO  impl.RoleInfo (RoleInfo.java:shutdownFollowerState(121)) - 327657b1-60f8-49f2-b2a3-f63e1f934942: shutdown FollowerState
2019-10-18 14:58:32,370 [Thread-1862] INFO  impl.RaftServerImpl (RaftServerImpl.java:setRole(184)) - 327657b1-60f8-49f2-b2a3-f63e1f934942@group-58A987F56150: changes role from  FOLLOWER to CANDIDATE at term 272 for changeToCandidate
2019-10-18 14:58:32,370 [Thread-1862] INFO  impl.RoleInfo (RoleInfo.java:updateAndGet(143)) - 327657b1-60f8-49f2-b2a3-f63e1f934942: start LeaderElection
2019-10-18 14:58:32,383 [327657b1-60f8-49f2-b2a3-f63e1f934942@group-58A987F56150-LeaderElection238] INFO  impl.LeaderElection (LeaderElection.java:askForVotes(178)) - 327657b1-60f8-49f2-b2a3-f63e1f934942@group-58A987F56150-LeaderElection238: begin an election at term 273 for -1: [6605b8a5-570b-4977-9ee7-6aaf3012bed5:192.168.164.233:35223, 327657b1-60f8-49f2-b2a3-f63e1f934942:192.168.164.233:41966, ddd4789c-894d-475a-bbfb-f6e7aa670c92:192.168.164.233:41061], old=null
2019-10-18 14:58:32,385 [grpc-default-executor-2] INFO  impl.RaftServerImpl (RaftServerImpl.java:setRole(184)) - 6605b8a5-570b-4977-9ee7-6aaf3012bed5@group-58A987F56150: changes role from  FOLLOWER to FOLLOWER at term 273 for recognizeCandidate:327657b1-60f8-49f2-b2a3-f63e1f934942
2019-10-18 14:58:32,385 [grpc-default-executor-2] INFO  impl.RoleInfo (RoleInfo.java:shutdownFollowerState(121)) - 6605b8a5-570b-4977-9ee7-6aaf3012bed5: shutdown FollowerState
2019-10-18 14:58:32,385 [grpc-default-executor-3] INFO  impl.RaftServerImpl (RaftServerImpl.java:setRole(184)) - ddd4789c-894d-475a-bbfb-f6e7aa670c92@group-58A987F56150: changes role from  FOLLOWER to FOLLOWER at term 273 for recognizeCandidate:327657b1-60f8-49f2-b2a3-f63e1f934942
2019-10-18 14:58:32,385 [grpc-default-executor-3] INFO  impl.RoleInfo (RoleInfo.java:shutdownFollowerState(121)) - ddd4789c-894d-475a-bbfb-f6e7aa670c92: shutdown FollowerState
2019-10-18 14:58:32,385 [grpc-default-executor-2] INFO  impl.RoleInfo (RoleInfo.java:updateAndGet(143)) - 6605b8a5-570b-4977-9ee7-6aaf3012bed5: start FollowerState
2019-10-18 14:58:32,385 [Thread-1860] INFO  impl.FollowerState (FollowerState.java:run(117)) - 6605b8a5-570b-4977-9ee7-6aaf3012bed5@group-58A987F56150-FollowerState was interrupted: java.lang.InterruptedException: sleep interrupted
2019-10-18 14:58:32,385 [grpc-default-executor-3] INFO  impl.RoleInfo (RoleInfo.java:updateAndGet(143)) - ddd4789c-894d-475a-bbfb-f6e7aa670c92: start FollowerState
2019-10-18 14:58:32,385 [Thread-1861] INFO  impl.FollowerState (FollowerState.java:run(117)) - ddd4789c-894d-475a-bbfb-f6e7aa670c92@group-58A987F56150-FollowerState was interrupted: java.lang.InterruptedException: sleep interrupted
2019-10-18 14:58:32,396 [327657b1-60f8-49f2-b2a3-f63e1f934942@group-58A987F56150-LeaderElection238] INFO  impl.LeaderElection (LeaderElection.java:logAndReturn(56)) - 327657b1-60f8-49f2-b2a3-f63e1f934942@group-58A987F56150-LeaderElection238: Election TIMEOUT; received 0 response(s) [] and 0 exception(s); 327657b1-60f8-49f2-b2a3-f63e1f934942@group-58A987F56150:t273, leader=null, voted=327657b1-60f8-49f2-b2a3-f63e1f934942, raftlog=327657b1-60f8-49f2-b2a3-f63e1f934942@group-58A987F56150-SegmentedRaftLog:OPENED:c-1,f-1,i0, conf=-1: [6605b8a5-570b-4977-9ee7-6aaf3012bed5:192.168.164.233:35223, 327657b1-60f8-49f2-b2a3-f63e1f934942:192.168.164.233:41966, ddd4789c-894d-475a-bbfb-f6e7aa670c92:192.168.164.233:41061], old=null
2019-10-18 14:58:32,400 [327657b1-60f8-49f2-b2a3-f63e1f934942@group-58A987F56150-LeaderElection238] INFO  impl.LeaderElection (LeaderElection.java:askForVotes(178)) - 327657b1-60f8-49f2-b2a3-f63e1f934942@group-58A987F56150-LeaderElection238: begin an election at term 274 for -1: [6605b8a5-570b-4977-9ee7-6aaf3012bed5:192.168.164.233:35223, 327657b1-60f8-49f2-b2a3-f63e1f934942:192.168.164.233:41966, ddd4789c-894d-475a-bbfb-f6e7aa670c92:192.168.164.233:41061], old=null
2019-10-18 14:58:32,401 [grpc-default-executor-3] INFO  impl.RaftServerImpl (RaftServerImpl.java:setRole(184)) - 6605b8a5-570b-4977-9ee7-6aaf3012bed5@group-58A987F56150: changes role from  FOLLOWER to FOLLOWER at term 274 for recognizeCandidate:327657b1-60f8-49f2-b2a3-f63e1f934942
2019-10-18 14:58:32,402 [grpc-default-executor-3] INFO  impl.RoleInfo (RoleInfo.java:shutdownFollowerState(121)) - 6605b8a5-570b-4977-9ee7-6aaf3012bed5: shutdown FollowerState
2019-10-18 14:58:32,402 [grpc-default-executor-3] INFO  impl.RoleInfo (RoleInfo.java:updateAndGet(143)) - 6605b8a5-570b-4977-9ee7-6aaf3012bed5: start FollowerState
2019-10-18 14:58:32,402 [grpc-default-executor-2] INFO  impl.RaftServerImpl (RaftServerImpl.java:setRole(184)) - ddd4789c-894d-475a-bbfb-f6e7aa670c92@group-58A987F56150: changes role from  FOLLOWER to FOLLOWER at term 274 for recognizeCandidate:327657b1-60f8-49f2-b2a3-f63e1f934942
2019-10-18 14:58:32,402 [Thread-1866] INFO  impl.FollowerState (FollowerState.java:run(117)) - 6605b8a5-570b-4977-9ee7-6aaf3012bed5@group-58A987F56150-FollowerState was interrupted: java.lang.InterruptedException: sleep interrupted
2019-10-18 14:58:32,402 [grpc-default-executor-2] INFO  impl.RoleInfo (RoleInfo.java:shutdownFollowerState(121)) - ddd4789c-894d-475a-bbfb-f6e7aa670c92: shutdown FollowerState
2019-10-18 14:58:32,402 [grpc-default-executor-2] INFO  impl.RoleInfo (RoleInfo.java:updateAndGet(143)) - ddd4789c-894d-475a-bbfb-f6e7aa670c92: start FollowerState
2019-10-18 14:58:32,402 [Thread-1867] INFO  impl.FollowerState (FollowerState.java:run(117)) - ddd4789c-894d-475a-bbfb-f6e7aa670c92@group-58A987F56150-FollowerState was interrupted: java.lang.InterruptedException: sleep interrupted
2019-10-18 14:58:32,419 [327657b1-60f8-49f2-b2a3-f63e1f934942@group-58A987F56150-LeaderElection238] INFO  impl.LeaderElection (LeaderElection.java:logAndReturn(56)) - 327657b1-60f8-49f2-b2a3-f63e1f934942@group-58A987F56150-LeaderElection238: Election REJECTED; received 2 response(s) [327657b1-60f8-49f2-b2a3-f63e1f934942<-6605b8a5-570b-4977-9ee7-6aaf3012bed5#0:FAIL-t274, 327657b1-60f8-49f2-b2a3-f63e1f934942<-ddd4789c-894d-475a-bbfb-f6e7aa670c92#0:FAIL-t274] and 0 exception(s); 327657b1-60f8-49f2-b2a3-f63e1f934942@group-58A987F56150:t274, leader=null, voted=327657b1-60f8-49f2-b2a3-f63e1f934942, raftlog=327657b1-60f8-49f2-b2a3-f63e1f934942@group-58A987F56150-SegmentedRaftLog:OPENED:c-1,f-1,i0, conf=-1: [6605b8a5-570b-4977-9ee7-6aaf3012bed5:192.168.164.233:35223, 327657b1-60f8-49f2-b2a3-f63e1f934942:192.168.164.233:41966, ddd4789c-894d-475a-bbfb-f6e7aa670c92:192.168.164.233:41061], old=null
2019-10-18 14:58:32,419 [327657b1-60f8-49f2-b2a3-f63e1f934942@group-58A987F56150-LeaderElection238] INFO  impl.RaftServerImpl (RaftServerImpl.java:setRole(184)) - 327657b1-60f8-49f2-b2a3-f63e1f934942@group-58A987F56150: changes role from CANDIDATE to FOLLOWER at term 274 for DISCOVERED_A_NEW_TERM
2019-10-18 14:58:32,420 [327657b1-60f8-49f2-b2a3-f63e1f934942@group-58A987F56150-LeaderElection238] INFO  impl.RoleInfo (RoleInfo.java:shutdownLeaderElection(134)) - 327657b1-60f8-49f2-b2a3-f63e1f934942: shutdown LeaderElection
2019-10-18 14:58:32,420 [327657b1-60f8-49f2-b2a3-f63e1f934942@group-58A987F56150-LeaderElection238] INFO  impl.RoleInfo (RoleInfo.java:updateAndGet(143)) - 327657b1-60f8-49f2-b2a3-f63e1f934942: start FollowerState
2019-10-18 14:58:32,561 [Thread-1872] INFO  impl.FollowerState (FollowerState.java:run(108)) - 327657b1-60f8-49f2-b2a3-f63e1f934942@group-58A987F56150-FollowerState: change to CANDIDATE, lastRpcTime:141ms, electionTimeout:141ms
2019-10-18 14:58:32,561 [Thread-1872] INFO  impl.RoleInfo (RoleInfo.java:shutdownFollowerState(121)) - 327657b1-60f8-49f2-b2a3-f63e1f934942: shutdown FollowerState
2019-10-18 14:58:32,561 [Thread-1872] INFO  impl.RaftServerImpl (RaftServerImpl.java:setRole(184)) - 327657b1-60f8-49f2-b2a3-f63e1f934942@group-58A987F56150: changes role from  FOLLOWER to CANDIDATE at term 274 for changeToCandidate
2019-10-18 14:58:32,562 [Thread-1872] INFO  impl.RoleInfo (RoleInfo.java:updateAndGet(143)) - 327657b1-60f8-49f2-b2a3-f63e1f934942: start LeaderElection
2019-10-18 14:58:32,575 [327657b1-60f8-49f2-b2a3-f63e1f934942@group-58A987F56150-LeaderElection239] INFO  impl.LeaderElection (LeaderElection.java:askForVotes(178)) - 327657b1-60f8-49f2-b2a3-f63e1f934942@group-58A987F56150-LeaderElection239: begin an election at term 275 for -1: [6605b8a5-570b-4977-9ee7-6aaf3012bed5:192.168.164.233:35223, 327657b1-60f8-49f2-b2a3-f63e1f934942:192.168.164.233:41966, ddd4789c-894d-475a-bbfb-f6e7aa670c92:192.168.164.233:41061], old=null
2019-10-18 14:58:32,577 [grpc-default-executor-2] INFO  impl.RaftServerImpl (RaftServerImpl.java:setRole(184)) - 6605b8a5-570b-4977-9ee7-6aaf3012bed5@group-58A987F56150: changes role from  FOLLOWER to FOLLOWER at term 275 for recognizeCandidate:327657b1-60f8-49f2-b2a3-f63e1f934942
2019-10-18 14:58:32,577 [grpc-default-executor-2] INFO  impl.RoleInfo (RoleInfo.java:shutdownFollowerState(121)) - 6605b8a5-570b-4977-9ee7-6aaf3012bed5: shutdown FollowerState
2019-10-18 14:58:32,577 [grpc-default-executor-2] INFO  impl.RoleInfo (RoleInfo.java:updateAndGet(143)) - 6605b8a5-570b-4977-9ee7-6aaf3012bed5: start FollowerState
2019-10-18 14:58:32,577 [Thread-1870] INFO  impl.FollowerState (FollowerState.java:run(117)) - 6605b8a5-570b-4977-9ee7-6aaf3012bed5@group-58A987F56150-FollowerState was interrupted: java.lang.InterruptedException: sleep interrupted
2019-10-18 14:58:32,577 [grpc-default-executor-3] INFO  impl.RaftServerImpl (RaftServerImpl.java:setRole(184)) - ddd4789c-894d-475a-bbfb-f6e7aa670c92@group-58A987F56150: changes role from  FOLLOWER to FOLLOWER at term 275 for recognizeCandidate:327657b1-60f8-49f2-b2a3-f63e1f934942
2019-10-18 14:58:32,577 [grpc-default-executor-3] INFO  impl.RoleInfo (RoleInfo.java:shutdownFollowerState(121)) - ddd4789c-894d-475a-bbfb-f6e7aa670c92: shutdown FollowerState
2019-10-18 14:58:32,577 [Thread-1871] INFO  impl.FollowerState (FollowerState.java:run(117)) - ddd4789c-894d-475a-bbfb-f6e7aa670c92@group-58A987F56150-FollowerState was interrupted: java.lang.InterruptedException: sleep interrupted
2019-10-18 14:58:32,577 [grpc-default-executor-3] INFO  impl.RoleInfo (RoleInfo.java:updateAndGet(143)) - ddd4789c-894d-475a-bbfb-f6e7aa670c92: start FollowerState
2019-10-18 14:58:32,602 [327657b1-60f8-49f2-b2a3-f63e1f934942@group-58A987F56150-LeaderElection239] INFO  impl.LeaderElection (LeaderElection.java:logAndReturn(56)) - 327657b1-60f8-49f2-b2a3-f63e1f934942@group-58A987F56150-LeaderElection239: Election REJECTED; received 2 response(s) [327657b1-60f8-49f2-b2a3-f63e1f934942<-6605b8a5-570b-4977-9ee7-6aaf3012bed5#0:FAIL-t275, 327657b1-60f8-49f2-b2a3-f63e1f934942<-ddd4789c-894d-475a-bbfb-f6e7aa670c92#0:FAIL-t275] and 0 exception(s); 327657b1-60f8-49f2-b2a3-f63e1f934942@group-58A987F56150:t275, leader=null, voted=327657b1-60f8-49f2-b2a3-f63e1f934942, raftlog=327657b1-60f8-49f2-b2a3-f63e1f934942@group-58A987F56150-SegmentedRaftLog:OPENED:c-1,f-1,i0, conf=-1: [6605b8a5-570b-4977-9ee7-6aaf3012bed5:192.168.164.233:35223, 327657b1-60f8-49f2-b2a3-f63e1f934942:192.168.164.233:41966, ddd4789c-894d-475a-bbfb-f6e7aa670c92:192.168.164.233:41061], old=null
2019-10-18 14:58:32,602 [327657b1-60f8-49f2-b2a3-f63e1f934942@group-58A987F56150-LeaderElection239] INFO  impl.RaftServerImpl (RaftServerImpl.java:setRole(184)) - 327657b1-60f8-49f2-b2a3-f63e1f934942@group-58A987F56150: changes role from CANDIDATE to FOLLOWER at term 275 for DISCOVERED_A_NEW_TERM
2019-10-18 14:58:32,602 [327657b1-60f8-49f2-b2a3-f63e1f934942@group-58A987F56150-LeaderElection239] INFO  impl.RoleInfo (RoleInfo.java:shutdownLeaderElection(134)) - 327657b1-60f8-49f2-b2a3-f63e1f934942: shutdown LeaderElection
2019-10-18 14:58:32,602 [327657b1-60f8-49f2-b2a3-f63e1f934942@group-58A987F56150-LeaderElection239] INFO  impl.RoleInfo (RoleInfo.java:updateAndGet(143)) - 327657b1-60f8-49f2-b2a3-f63e1f934942: start FollowerState
2019-10-18 14:58:32,796 [Thread-1878] INFO  impl.FollowerState (FollowerState.java:run(108)) - 327657b1-60f8-49f2-b2a3-f63e1f934942@group-58A987F56150-FollowerState: change to CANDIDATE, lastRpcTime:193ms, electionTimeout:193ms
2019-10-18 14:58:32,796 [Thread-1878] INFO  impl.RoleInfo (RoleInfo.java:shutdownFollowerState(121)) - 327657b1-60f8-49f2-b2a3-f63e1f934942: shutdown FollowerState
2019-10-18 14:58:32,796 [Thread-1878] INFO  impl.RaftServerImpl (RaftServerImpl.java:setRole(184)) - 327657b1-60f8-49f2-b2a3-f63e1f934942@group-58A987F56150: changes role from  FOLLOWER to CANDIDATE at term 275 for changeToCandidate
2019-10-18 14:58:32,797 [Thread-1878] INFO  impl.RoleInfo (RoleInfo.java:updateAndGet(143)) - 327657b1-60f8-49f2-b2a3-f63e1f934942: start LeaderElection
2019-10-18 14:58:32,810 [327657b1-60f8-49f2-b2a3-f63e1f934942@group-58A987F56150-LeaderElection240] INFO  impl.LeaderElection (LeaderElection.java:askForVotes(178)) - 327657b1-60f8-49f2-b2a3-f63e1f934942@group-58A987F56150-LeaderElection240: begin an election at term 276 for -1: [6605b8a5-570b-4977-9ee7-6aaf3012bed5:192.168.164.233:35223, 327657b1-60f8-49f2-b2a3-f63e1f934942:192.168.164.233:41966, ddd4789c-894d-475a-bbfb-f6e7aa670c92:192.168.164.233:41061], old=null
2019-10-18 14:58:32,813 [grpc-default-executor-3] INFO  impl.RaftServerImpl (RaftServerImpl.java:setRole(184)) - 6605b8a5-570b-4977-9ee7-6aaf3012bed5@group-58A987F56150: changes role from  FOLLOWER to FOLLOWER at term 276 for recognizeCandidate:327657b1-60f8-49f2-b2a3-f63e1f934942
2019-10-18 14:58:32,813 [grpc-default-executor-3] INFO  impl.RoleInfo (RoleInfo.java:shutdownFollowerState(121)) - 6605b8a5-570b-4977-9ee7-6aaf3012bed5: shutdown FollowerState
2019-10-18 14:58:32,813 [grpc-default-executor-2] INFO  impl.RaftServerImpl (RaftServerImpl.java:setRole(184)) - ddd4789c-894d-475a-bbfb-f6e7aa670c92@group-58A987F56150: changes role from  FOLLOWER to FOLLOWER at term 276 for recognizeCandidate:327657b1-60f8-49f2-b2a3-f63e1f934942
2019-10-18 14:58:32,813 [Thread-1876] INFO  impl.FollowerState (FollowerState.java:run(117)) - 6605b8a5-570b-4977-9ee7-6aaf3012bed5@group-58A987F56150-FollowerState was interrupted: java.lang.InterruptedException: sleep interrupted
2019-10-18 14:58:32,813 [grpc-default-executor-3] INFO  impl.RoleInfo (RoleInfo.java:updateAndGet(143)) - 6605b8a5-570b-4977-9ee7-6aaf3012bed5: start FollowerState
2019-10-18 14:58:32,813 [grpc-default-executor-2] INFO  impl.RoleInfo (RoleInfo.java:shutdownFollowerState(121)) - ddd4789c-894d-475a-bbfb-f6e7aa670c92: shutdown FollowerState
2019-10-18 14:58:32,814 [grpc-default-executor-2] INFO  impl.RoleInfo (RoleInfo.java:updateAndGet(143)) - ddd4789c-894d-475a-bbfb-f6e7aa670c92: start FollowerState
2019-10-18 14:58:32,814 [Thread-1877] INFO  impl.FollowerState (FollowerState.java:run(117)) - ddd4789c-894d-475a-bbfb-f6e7aa670c92@group-58A987F56150-FollowerState was interrupted: java.lang.InterruptedException: sleep interrupted
2019-10-18 14:58:32,828 [327657b1-60f8-49f2-b2a3-f63e1f934942@group-58A987F56150-LeaderElection240] INFO  impl.LeaderElection (LeaderElection.java:logAndReturn(56)) - 327657b1-60f8-49f2-b2a3-f63e1f934942@group-58A987F56150-LeaderElection240: Election REJECTED; received 2 response(s) [327657b1-60f8-49f2-b2a3-f63e1f934942<-6605b8a5-570b-4977-9ee7-6aaf3012bed5#0:FAIL-t276, 327657b1-60f8-49f2-b2a3-f63e1f934942<-ddd4789c-894d-475a-bbfb-f6e7aa670c92#0:FAIL-t276] and 0 exception(s); 327657b1-60f8-49f2-b2a3-f63e1f934942@group-58A987F56150:t276, leader=null, voted=327657b1-60f8-49f2-b2a3-f63e1f934942, raftlog=327657b1-60f8-49f2-b2a3-f63e1f934942@group-58A987F56150-SegmentedRaftLog:OPENED:c-1,f-1,i0, conf=-1: [6605b8a5-570b-4977-9ee7-6aaf3012bed5:192.168.164.233:35223, 327657b1-60f8-49f2-b2a3-f63e1f934942:192.168.164.233:41966, ddd4789c-894d-475a-bbfb-f6e7aa670c92:192.168.164.233:41061], old=null
2019-10-18 14:58:32,828 [327657b1-60f8-49f2-b2a3-f63e1f934942@group-58A987F56150-LeaderElection240] INFO  impl.RaftServerImpl (RaftServerImpl.java:setRole(184)) - 327657b1-60f8-49f2-b2a3-f63e1f934942@group-58A987F56150: changes role from CANDIDATE to FOLLOWER at term 276 for DISCOVERED_A_NEW_TERM
2019-10-18 14:58:32,828 [327657b1-60f8-49f2-b2a3-f63e1f934942@group-58A987F56150-LeaderElection240] INFO  impl.RoleInfo (RoleInfo.java:shutdownLeaderElection(134)) - 327657b1-60f8-49f2-b2a3-f63e1f934942: shutdown LeaderElection
2019-10-18 14:58:32,828 [327657b1-60f8-49f2-b2a3-f63e1f934942@group-58A987F56150-LeaderElection240] INFO  impl.RoleInfo (RoleInfo.java:updateAndGet(143)) - 327657b1-60f8-49f2-b2a3-f63e1f934942: start FollowerState
2019-10-18 14:58:32,954 [Thread-1884] INFO  impl.FollowerState (FollowerState.java:run(108)) - 327657b1-60f8-49f2-b2a3-f63e1f934942@group-58A987F56150-FollowerState: change to CANDIDATE, lastRpcTime:125ms, electionTimeout:125ms
2019-10-18 14:58:32,954 [Thread-1884] INFO  impl.RoleInfo (RoleInfo.java:shutdownFollowerState(121)) - 327657b1-60f8-49f2-b2a3-f63e1f934942: shutdown FollowerState
2019-10-18 14:58:32,954 [Thread-1884] INFO  impl.RaftServerImpl (RaftServerImpl.java:setRole(184)) - 327657b1-60f8-49f2-b2a3-f63e1f934942@group-58A987F56150: changes role from  FOLLOWER to CANDIDATE at term 276 for changeToCandidate
2019-10-18 14:58:32,954 [Thread-1884] INFO  impl.RoleInfo (RoleInfo.java:updateAndGet(143)) - 327657b1-60f8-49f2-b2a3-f63e1f934942: start LeaderElection
2019-10-18 14:58:32,984 [327657b1-60f8-49f2-b2a3-f63e1f934942@group-58A987F56150-LeaderElection241] INFO  impl.LeaderElection (LeaderElection.java:askForVotes(178)) - 327657b1-60f8-49f2-b2a3-f63e1f934942@group-58A987F56150-LeaderElection241: begin an election at term 277 for -1: [6605b8a5-570b-4977-9ee7-6aaf3012bed5:192.168.164.233:35223, 327657b1-60f8-49f2-b2a3-f63e1f934942:192.168.164.233:41966, ddd4789c-894d-475a-bbfb-f6e7aa670c92:192.168.164.233:41061], old=null
2019-10-18 14:58:32,988 [grpc-default-executor-2] INFO  impl.RaftServerImpl (RaftServerImpl.java:setRole(184)) - 6605b8a5-570b-4977-9ee7-6aaf3012bed5@group-58A987F56150: changes role from  FOLLOWER to FOLLOWER at term 277 for recognizeCandidate:327657b1-60f8-49f2-b2a3-f63e1f934942
2019-10-18 14:58:32,988 [grpc-default-executor-2] INFO  impl.RoleInfo (RoleInfo.java:shutdownFollowerState(121)) - 6605b8a5-570b-4977-9ee7-6aaf3012bed5: shutdown FollowerState
2019-10-18 14:58:32,988 [grpc-default-executor-3] INFO  impl.RaftServerImpl (RaftServerImpl.java:setRole(184)) - ddd4789c-894d-475a-bbfb-f6e7aa670c92@group-58A987F56150: changes role from  FOLLOWER to FOLLOWER at term 277 for recognizeCandidate:327657b1-60f8-49f2-b2a3-f63e1f934942
2019-10-18 14:58:32,988 [Thread-1882] INFO  impl.FollowerState (FollowerState.java:run(117)) - 6605b8a5-570b-4977-9ee7-6aaf3012bed5@group-58A987F56150-FollowerState was interrupted: java.lang.InterruptedException: sleep interrupted
2019-10-18 14:58:32,988 [grpc-default-executor-2] INFO  impl.RoleInfo (RoleInfo.java:updateAndGet(143)) - 6605b8a5-570b-4977-9ee7-6aaf3012bed5: start FollowerState
2019-10-18 14:58:32,989 [grpc-default-executor-3] INFO  impl.RoleInfo (RoleInfo.java:shutdownFollowerState(121)) - ddd4789c-894d-475a-bbfb-f6e7aa670c92: shutdown FollowerState
2019-10-18 14:58:32,989 [grpc-default-executor-3] INFO  impl.RoleInfo (RoleInfo.java:updateAndGet(143)) - ddd4789c-894d-475a-bbfb-f6e7aa670c92: start FollowerState
2019-10-18 14:58:32,989 [Thread-1883] INFO  impl.FollowerState (FollowerState.java:run(117)) - ddd4789c-894d-475a-bbfb-f6e7aa670c92@group-58A987F56150-FollowerState was interrupted: java.lang.InterruptedException: sleep interrupted
2019-10-18 14:58:33,004 [327657b1-60f8-49f2-b2a3-f63e1f934942@group-58A987F56150-LeaderElection241] INFO  impl.LeaderElection (LeaderElection.java:logAndReturn(56)) - 327657b1-60f8-49f2-b2a3-f63e1f934942@group-58A987F56150-LeaderElection241: Election REJECTED; received 2 response(s) [327657b1-60f8-49f2-b2a3-f63e1f934942<-6605b8a5-570b-4977-9ee7-6aaf3012bed5#0:FAIL-t277, 327657b1-60f8-49f2-b2a3-f63e1f934942<-ddd4789c-894d-475a-bbfb-f6e7aa670c92#0:FAIL-t277] and 0 exception(s); 327657b1-60f8-49f2-b2a3-f63e1f934942@group-58A987F56150:t277, leader=null, voted=327657b1-60f8-49f2-b2a3-f63e1f934942, raftlog=327657b1-60f8-49f2-b2a3-f63e1f934942@group-58A987F56150-SegmentedRaftLog:OPENED:c-1,f-1,i0, conf=-1: [6605b8a5-570b-4977-9ee7-6aaf3012bed5:192.168.164.233:35223, 327657b1-60f8-49f2-b2a3-f63e1f934942:192.168.164.233:41966, ddd4789c-894d-475a-bbfb-f6e7aa670c92:192.168.164.233:41061], old=null
2019-10-18 14:58:33,005 [327657b1-60f8-49f2-b2a3-f63e1f934942@group-58A987F56150-LeaderElection241] INFO  impl.RaftServerImpl (RaftServerImpl.java:setRole(184)) - 327657b1-60f8-49f2-b2a3-f63e1f934942@group-58A987F56150: changes role from CANDIDATE to FOLLOWER at term 277 for DISCOVERED_A_NEW_TERM
2019-10-18 14:58:33,005 [327657b1-60f8-49f2-b2a3-f63e1f934942@group-58A987F56150-LeaderElection241] INFO  impl.RoleInfo (RoleInfo.java:shutdownLeaderElection(134)) - 327657b1-60f8-49f2-b2a3-f63e1f934942: shutdown LeaderElection
2019-10-18 14:58:33,005 [327657b1-60f8-49f2-b2a3-f63e1f934942@group-58A987F56150-LeaderElection241] INFO  impl.RoleInfo (RoleInfo.java:updateAndGet(143)) - 327657b1-60f8-49f2-b2a3-f63e1f934942: start FollowerState
2019-10-18 14:58:33,067 [Thread-1892] INFO  impl.FollowerState (FollowerState.java:run(108)) - 327657b1-60f8-49f2-b2a3-f63e1f934942@group-58A987F56150-FollowerState: change to CANDIDATE, lastRpcTime:62ms, electionTimeout:62ms
2019-10-18 14:58:33,067 [Thread-1892] INFO  impl.RoleInfo (RoleInfo.java:shutdownFollowerState(121)) - 327657b1-60f8-49f2-b2a3-f63e1f934942: shutdown FollowerState
2019-10-18 14:58:33,067 [Thread-1892] INFO  impl.RaftServerImpl (RaftServerImpl.java:setRole(184)) - 327657b1-60f8-49f2-b2a3-f63e1f934942@group-58A987F56150: changes role from  FOLLOWER to CANDIDATE at term 277 for changeToCandidate
2019-10-18 14:58:33,068 [Thread-1892] INFO  impl.RoleInfo (RoleInfo.java:updateAndGet(143)) - 327657b1-60f8-49f2-b2a3-f63e1f934942: start LeaderElection
2019-10-18 14:58:33,081 [327657b1-60f8-49f2-b2a3-f63e1f934942@group-58A987F56150-LeaderElection242] INFO  impl.LeaderElection (LeaderElection.java:askForVotes(178)) - 327657b1-60f8-49f2-b2a3-f63e1f934942@group-58A987F56150-LeaderElection242: begin an election at term 278 for -1: [6605b8a5-570b-4977-9ee7-6aaf3012bed5:192.168.164.233:35223, 327657b1-60f8-49f2-b2a3-f63e1f934942:192.168.164.233:41966, ddd4789c-894d-475a-bbfb-f6e7aa670c92:192.168.164.233:41061], old=null
2019-10-18 14:58:33,082 [grpc-default-executor-3] INFO  impl.RaftServerImpl (RaftServerImpl.java:setRole(184)) - 6605b8a5-570b-4977-9ee7-6aaf3012bed5@group-58A987F56150: changes role from  FOLLOWER to FOLLOWER at term 278 for recognizeCandidate:327657b1-60f8-49f2-b2a3-f63e1f934942
2019-10-18 14:58:33,083 [grpc-default-executor-3] INFO  impl.RoleInfo (RoleInfo.java:shutdownFollowerState(121)) - 6605b8a5-570b-4977-9ee7-6aaf3012bed5: shutdown FollowerState
2019-10-18 14:58:33,083 [grpc-default-executor-2] INFO  impl.RaftServerImpl (RaftServerImpl.java:setRole(184)) - ddd4789c-894d-475a-bbfb-f6e7aa670c92@group-58A987F56150: changes role from  FOLLOWER to FOLLOWER at term 278 for recognizeCandidate:327657b1-60f8-49f2-b2a3-f63e1f934942
2019-10-18 14:58:33,083 [grpc-default-executor-2] INFO  impl.RoleInfo (RoleInfo.java:shutdownFollowerState(121)) - ddd4789c-894d-475a-bbfb-f6e7aa670c92: shutdown FollowerState
2019-10-18 14:58:33,083 [Thread-1890] INFO  impl.FollowerState (FollowerState.java:run(117)) - 6605b8a5-570b-4977-9ee7-6aaf3012bed5@group-58A987F56150-FollowerState was interrupted: java.lang.InterruptedException: sleep interrupted
2019-10-18 14:58:33,083 [grpc-default-executor-3] INFO  impl.RoleInfo (RoleInfo.java:updateAndGet(143)) - 6605b8a5-570b-4977-9ee7-6aaf3012bed5: start FollowerState
2019-10-18 14:58:33,083 [Thread-1891] INFO  impl.FollowerState (FollowerState.java:run(117)) - ddd4789c-894d-475a-bbfb-f6e7aa670c92@group-58A987F56150-FollowerState was interrupted: java.lang.InterruptedException: sleep interrupted
2019-10-18 14:58:33,083 [grpc-default-executor-2] INFO  impl.RoleInfo (RoleInfo.java:updateAndGet(143)) - ddd4789c-894d-475a-bbfb-f6e7aa670c92: start FollowerState
2019-10-18 14:58:33,083 [327657b1-60f8-49f2-b2a3-f63e1f934942@group-58A987F56150-LeaderElection242] INFO  impl.LeaderElection (LeaderElection.java:logAndReturn(56)) - 327657b1-60f8-49f2-b2a3-f63e1f934942@group-58A987F56150-LeaderElection242: Election TIMEOUT; received 0 response(s) [] and 0 exception(s); 327657b1-60f8-49f2-b2a3-f63e1f934942@group-58A987F56150:t278, leader=null, voted=327657b1-60f8-49f2-b2a3-f63e1f934942, raftlog=327657b1-60f8-49f2-b2a3-f63e1f934942@group-58A987F56150-SegmentedRaftLog:OPENED:c-1,f-1,i0, conf=-1: [6605b8a5-570b-4977-9ee7-6aaf3012bed5:192.168.164.233:35223, 327657b1-60f8-49f2-b2a3-f63e1f934942:192.168.164.233:41966, ddd4789c-894d-475a-bbfb-f6e7aa670c92:192.168.164.233:41061], old=null
2019-10-18 14:58:33,109 [327657b1-60f8-49f2-b2a3-f63e1f934942@group-58A987F56150-LeaderElection242] INFO  impl.LeaderElection (LeaderElection.java:askForVotes(178)) - 327657b1-60f8-49f2-b2a3-f63e1f934942@group-58A987F56150-LeaderElection242: begin an election at term 279 for -1: [6605b8a5-570b-4977-9ee7-6aaf3012bed5:192.168.164.233:35223, 327657b1-60f8-49f2-b2a3-f63e1f934942:192.168.164.233:41966, ddd4789c-894d-475a-bbfb-f6e7aa670c92:192.168.164.233:41061], old=null
2019-10-18 14:58:33,112 [grpc-default-executor-2] INFO  impl.RaftServerImpl (RaftServerImpl.java:setRole(184)) - ddd4789c-894d-475a-bbfb-f6e7aa670c92@group-58A987F56150: changes role from  FOLLOWER to FOLLOWER at term 279 for recognizeCandidate:327657b1-60f8-49f2-b2a3-f63e1f934942
2019-10-18 14:58:33,112 [grpc-default-executor-3] INFO  impl.RaftServerImpl (RaftServerImpl.java:setRole(184)) - 6605b8a5-570b-4977-9ee7-6aaf3012bed5@group-58A987F56150: changes role from  FOLLOWER to FOLLOWER at term 279 for recognizeCandidate:327657b1-60f8-49f2-b2a3-f63e1f934942
2019-10-18 14:58:33,112 [grpc-default-executor-2] INFO  impl.RoleInfo (RoleInfo.java:shutdownFollowerState(121)) - ddd4789c-894d-475a-bbfb-f6e7aa670c92: shutdown FollowerState
2019-10-18 14:58:33,113 [grpc-default-executor-3] INFO  impl.RoleInfo (RoleInfo.java:shutdownFollowerState(121)) - 6605b8a5-570b-4977-9ee7-6aaf3012bed5: shutdown FollowerState
2019-10-18 14:58:33,113 [Thread-1897] INFO  impl.FollowerState (FollowerState.java:run(117)) - ddd4789c-894d-475a-bbfb-f6e7aa670c92@group-58A987F56150-FollowerState was interrupted: java.lang.InterruptedException: sleep interrupted
2019-10-18 14:58:33,113 [grpc-default-executor-2] INFO  impl.RoleInfo (RoleInfo.java:updateAndGet(143)) - ddd4789c-894d-475a-bbfb-f6e7aa670c92: start FollowerState
2019-10-18 14:58:33,113 [Thread-1896] INFO  impl.FollowerState (FollowerState.java:run(117)) - 6605b8a5-570b-4977-9ee7-6aaf3012bed5@group-58A987F56150-FollowerState was interrupted: java.lang.InterruptedException: sleep interrupted
2019-10-18 14:58:33,113 [grpc-default-executor-3] INFO  impl.RoleInfo (RoleInfo.java:updateAndGet(143)) - 6605b8a5-570b-4977-9ee7-6aaf3012bed5: start FollowerState
2019-10-18 14:58:33,140 [327657b1-60f8-49f2-b2a3-f63e1f934942@group-58A987F56150-LeaderElection242] INFO  impl.LeaderElection (LeaderElection.java:logAndReturn(56)) - 327657b1-60f8-49f2-b2a3-f63e1f934942@group-58A987F56150-LeaderElection242: Election REJECTED; received 2 response(s) [327657b1-60f8-49f2-b2a3-f63e1f934942<-6605b8a5-570b-4977-9ee7-6aaf3012bed5#0:FAIL-t279, 327657b1-60f8-49f2-b2a3-f63e1f934942<-ddd4789c-894d-475a-bbfb-f6e7aa670c92#0:FAIL-t279] and 0 exception(s); 327657b1-60f8-49f2-b2a3-f63e1f934942@group-58A987F56150:t279, leader=null, voted=327657b1-60f8-49f2-b2a3-f63e1f934942, raftlog=327657b1-60f8-49f2-b2a3-f63e1f934942@group-58A987F56150-SegmentedRaftLog:OPENED:c-1,f-1,i0, conf=-1: [6605b8a5-570b-4977-9ee7-6aaf3012bed5:192.168.164.233:35223, 327657b1-60f8-49f2-b2a3-f63e1f934942:192.168.164.233:41966, ddd4789c-894d-475a-bbfb-f6e7aa670c92:192.168.164.233:41061], old=null
2019-10-18 14:58:33,140 [327657b1-60f8-49f2-b2a3-f63e1f934942@group-58A987F56150-LeaderElection242] INFO  impl.RaftServerImpl (RaftServerImpl.java:setRole(184)) - 327657b1-60f8-49f2-b2a3-f63e1f934942@group-58A987F56150: changes role from CANDIDATE to FOLLOWER at term 279 for DISCOVERED_A_NEW_TERM
2019-10-18 14:58:33,140 [327657b1-60f8-49f2-b2a3-f63e1f934942@group-58A987F56150-LeaderElection242] INFO  impl.RoleInfo (RoleInfo.java:shutdownLeaderElection(134)) - 327657b1-60f8-49f2-b2a3-f63e1f934942: shutdown LeaderElection
2019-10-18 14:58:33,140 [327657b1-60f8-49f2-b2a3-f63e1f934942@group-58A987F56150-LeaderElection242] INFO  impl.RoleInfo (RoleInfo.java:updateAndGet(143)) - 327657b1-60f8-49f2-b2a3-f63e1f934942: start FollowerState
2019-10-18 14:58:33,176 [Thread-1902] INFO  impl.FollowerState (FollowerState.java:run(108)) - 327657b1-60f8-49f2-b2a3-f63e1f934942@group-58A987F56150-FollowerState: change to CANDIDATE, lastRpcTime:35ms, electionTimeout:35ms
2019-10-18 14:58:33,176 [Thread-1902] INFO  impl.RoleInfo (RoleInfo.java:shutdownFollowerState(121)) - 327657b1-60f8-49f2-b2a3-f63e1f934942: shutdown FollowerState
2019-10-18 14:58:33,176 [Thread-1902] INFO  impl.RaftServerImpl (RaftServerImpl.java:setRole(184)) - 327657b1-60f8-49f2-b2a3-f63e1f934942@group-58A987F56150: changes role from  FOLLOWER to CANDIDATE at term 279 for changeToCandidate
2019-10-18 14:58:33,176 [Thread-1902] INFO  impl.RoleInfo (RoleInfo.java:updateAndGet(143)) - 327657b1-60f8-49f2-b2a3-f63e1f934942: start LeaderElection
2019-10-18 14:58:33,191 [327657b1-60f8-49f2-b2a3-f63e1f934942@group-58A987F56150-LeaderElection243] INFO  impl.LeaderElection (LeaderElection.java:askForVotes(178)) - 327657b1-60f8-49f2-b2a3-f63e1f934942@group-58A987F56150-LeaderElection243: begin an election at term 280 for -1: [6605b8a5-570b-4977-9ee7-6aaf3012bed5:192.168.164.233:35223, 327657b1-60f8-49f2-b2a3-f63e1f934942:192.168.164.233:41966, ddd4789c-894d-475a-bbfb-f6e7aa670c92:192.168.164.233:41061], old=null
2019-10-18 14:58:33,193 [grpc-default-executor-2] INFO  impl.RaftServerImpl (RaftServerImpl.java:setRole(184)) - 6605b8a5-570b-4977-9ee7-6aaf3012bed5@group-58A987F56150: changes role from  FOLLOWER to FOLLOWER at term 280 for recognizeCandidate:327657b1-60f8-49f2-b2a3-f63e1f934942
2019-10-18 14:58:33,193 [grpc-default-executor-2] INFO  impl.RoleInfo (RoleInfo.java:shutdownFollowerState(121)) - 6605b8a5-570b-4977-9ee7-6aaf3012bed5: shutdown FollowerState
2019-10-18 14:58:33,193 [grpc-default-executor-3] INFO  impl.RaftServerImpl (RaftServerImpl.java:setRole(184)) - ddd4789c-894d-475a-bbfb-f6e7aa670c92@group-58A987F56150: changes role from  FOLLOWER to FOLLOWER at term 280 for recognizeCandidate:327657b1-60f8-49f2-b2a3-f63e1f934942
2019-10-18 14:58:33,194 [grpc-default-executor-3] INFO  impl.RoleInfo (RoleInfo.java:shutdownFollowerState(121)) - ddd4789c-894d-475a-bbfb-f6e7aa670c92: shutdown FollowerState
2019-10-18 14:58:33,194 [Thread-1900] INFO  impl.FollowerState (FollowerState.java:run(117)) - ddd4789c-894d-475a-bbfb-f6e7aa670c92@group-58A987F56150-FollowerState was interrupted: java.lang.InterruptedException: sleep interrupted
2019-10-18 14:58:33,194 [Thread-1901] INFO  impl.FollowerState (FollowerState.java:run(117)) - 6605b8a5-570b-4977-9ee7-6aaf3012bed5@group-58A987F56150-FollowerState was interrupted: java.lang.InterruptedException: sleep interrupted
2019-10-18 14:58:33,194 [grpc-default-executor-2] INFO  impl.RoleInfo (RoleInfo.java:updateAndGet(143)) - 6605b8a5-570b-4977-9ee7-6aaf3012bed5: start FollowerState
2019-10-18 14:58:33,194 [grpc-default-executor-3] INFO  impl.RoleInfo (RoleInfo.java:updateAndGet(143)) - ddd4789c-894d-475a-bbfb-f6e7aa670c92: start FollowerState
2019-10-18 14:58:33,200 [327657b1-60f8-49f2-b2a3-f63e1f934942@group-58A987F56150-LeaderElection243] INFO  impl.LeaderElection (LeaderElection.java:logAndReturn(56)) - 327657b1-60f8-49f2-b2a3-f63e1f934942@group-58A987F56150-LeaderElection243: Election TIMEOUT; received 0 response(s) [] and 0 exception(s); 327657b1-60f8-49f2-b2a3-f63e1f934942@group-58A987F56150:t280, leader=null, voted=327657b1-60f8-49f2-b2a3-f63e1f934942, raftlog=327657b1-60f8-49f2-b2a3-f63e1f934942@group-58A987F56150-SegmentedRaftLog:OPENED:c-1,f-1,i0, conf=-1: [6605b8a5-570b-4977-9ee7-6aaf3012bed5:192.168.164.233:35223, 327657b1-60f8-49f2-b2a3-f63e1f934942:192.168.164.233:41966, ddd4789c-894d-475a-bbfb-f6e7aa670c92:192.168.164.233:41061], old=null
2019-10-18 14:58:33,222 [327657b1-60f8-49f2-b2a3-f63e1f934942@group-58A987F56150-LeaderElection243] INFO  impl.LeaderElection (LeaderElection.java:askForVotes(178)) - 327657b1-60f8-49f2-b2a3-f63e1f934942@group-58A987F56150-LeaderElection243: begin an election at term 281 for -1: [6605b8a5-570b-4977-9ee7-6aaf3012bed5:192.168.164.233:35223, 327657b1-60f8-49f2-b2a3-f63e1f934942:192.168.164.233:41966, ddd4789c-894d-475a-bbfb-f6e7aa670c92:192.168.164.233:41061], old=null
2019-10-18 14:58:33,224 [grpc-default-executor-3] INFO  impl.RaftServerImpl (RaftServerImpl.java:setRole(184)) - 6605b8a5-570b-4977-9ee7-6aaf3012bed5@group-58A987F56150: changes role from  FOLLOWER to FOLLOWER at term 281 for recognizeCandidate:327657b1-60f8-49f2-b2a3-f63e1f934942
2019-10-18 14:58:33,224 [grpc-default-executor-3] INFO  impl.RoleInfo (RoleInfo.java:shutdownFollowerState(121)) - 6605b8a5-570b-4977-9ee7-6aaf3012bed5: shutdown FollowerState
2019-10-18 14:58:33,224 [grpc-default-executor-3] INFO  impl.RoleInfo (RoleInfo.java:updateAndGet(143)) - 6605b8a5-570b-4977-9ee7-6aaf3012bed5: start FollowerState
2019-10-18 14:58:33,224 [Thread-1906] INFO  impl.FollowerState (FollowerState.java:run(117)) - 6605b8a5-570b-4977-9ee7-6aaf3012bed5@group-58A987F56150-FollowerState was interrupted: java.lang.InterruptedException: sleep interrupted
2019-10-18 14:58:33,224 [grpc-default-executor-2] INFO  impl.RaftServerImpl (RaftServerImpl.java:setRole(184)) - ddd4789c-894d-475a-bbfb-f6e7aa670c92@group-58A987F56150: changes role from  FOLLOWER to FOLLOWER at term 281 for recognizeCandidate:327657b1-60f8-49f2-b2a3-f63e1f934942
2019-10-18 14:58:33,224 [grpc-default-executor-2] INFO  impl.RoleInfo (RoleInfo.java:shutdownFollowerState(121)) - ddd4789c-894d-475a-bbfb-f6e7aa670c92: shutdown FollowerState
2019-10-18 14:58:33,224 [grpc-default-executor-2] INFO  impl.RoleInfo (RoleInfo.java:updateAndGet(143)) - ddd4789c-894d-475a-bbfb-f6e7aa670c92: start FollowerState
2019-10-18 14:58:33,224 [Thread-1907] INFO  impl.FollowerState (FollowerState.java:run(117)) - ddd4789c-894d-475a-bbfb-f6e7aa670c92@group-58A987F56150-FollowerState was interrupted: java.lang.InterruptedException: sleep interrupted
2019-10-18 14:58:33,248 [327657b1-60f8-49f2-b2a3-f63e1f934942@group-58A987F56150-LeaderElection243] INFO  impl.LeaderElection (LeaderElection.java:logAndReturn(56)) - 327657b1-60f8-49f2-b2a3-f63e1f934942@group-58A987F56150-LeaderElection243: Election REJECTED; received 2 response(s) [327657b1-60f8-49f2-b2a3-f63e1f934942<-6605b8a5-570b-4977-9ee7-6aaf3012bed5#0:FAIL-t281, 327657b1-60f8-49f2-b2a3-f63e1f934942<-ddd4789c-894d-475a-bbfb-f6e7aa670c92#0:FAIL-t281] and 0 exception(s); 327657b1-60f8-49f2-b2a3-f63e1f934942@group-58A987F56150:t281, leader=null, voted=327657b1-60f8-49f2-b2a3-f63e1f934942, raftlog=327657b1-60f8-49f2-b2a3-f63e1f934942@group-58A987F56150-SegmentedRaftLog:OPENED:c-1,f-1,i0, conf=-1: [6605b8a5-570b-4977-9ee7-6aaf3012bed5:192.168.164.233:35223, 327657b1-60f8-49f2-b2a3-f63e1f934942:192.168.164.233:41966, ddd4789c-894d-475a-bbfb-f6e7aa670c92:192.168.164.233:41061], old=null
2019-10-18 14:58:33,248 [327657b1-60f8-49f2-b2a3-f63e1f934942@group-58A987F56150-LeaderElection243] INFO  impl.RaftServerImpl (RaftServerImpl.java:setRole(184)) - 327657b1-60f8-49f2-b2a3-f63e1f934942@group-58A987F56150: changes role from CANDIDATE to FOLLOWER at term 281 for DISCOVERED_A_NEW_TERM
2019-10-18 14:58:33,248 [327657b1-60f8-49f2-b2a3-f63e1f934942@group-58A987F56150-LeaderElection243] INFO  impl.RoleInfo (RoleInfo.java:shutdownLeaderElection(134)) - 327657b1-60f8-49f2-b2a3-f63e1f934942: shutdown LeaderElection
2019-10-18 14:58:33,248 [327657b1-60f8-49f2-b2a3-f63e1f934942@group-58A987F56150-LeaderElection243] INFO  impl.RoleInfo (RoleInfo.java:updateAndGet(143)) - 327657b1-60f8-49f2-b2a3-f63e1f934942: start FollowerState
2019-10-18 14:58:33,291 [Thread-1912] INFO  impl.FollowerState (FollowerState.java:run(108)) - 327657b1-60f8-49f2-b2a3-f63e1f934942@group-58A987F56150-FollowerState: change to CANDIDATE, lastRpcTime:43ms, electionTimeout:43ms
2019-10-18 14:58:33,292 [Thread-1912] INFO  impl.RoleInfo (RoleInfo.java:shutdownFollowerState(121)) - 327657b1-60f8-49f2-b2a3-f63e1f934942: shutdown FollowerState
2019-10-18 14:58:33,292 [Thread-1912] INFO  impl.RaftServerImpl (RaftServerImpl.java:setRole(184)) - 327657b1-60f8-49f2-b2a3-f63e1f934942@group-58A987F56150: changes role from  FOLLOWER to CANDIDATE at term 281 for changeToCandidate
2019-10-18 14:58:33,292 [Thread-1912] INFO  impl.RoleInfo (RoleInfo.java:updateAndGet(143)) - 327657b1-60f8-49f2-b2a3-f63e1f934942: start LeaderElection
2019-10-18 14:58:33,306 [327657b1-60f8-49f2-b2a3-f63e1f934942@group-58A987F56150-LeaderElection244] INFO  impl.LeaderElection (LeaderElection.java:askForVotes(178)) - 327657b1-60f8-49f2-b2a3-f63e1f934942@group-58A987F56150-LeaderElection244: begin an election at term 282 for -1: [6605b8a5-570b-4977-9ee7-6aaf3012bed5:192.168.164.233:35223, 327657b1-60f8-49f2-b2a3-f63e1f934942:192.168.164.233:41966, ddd4789c-894d-475a-bbfb-f6e7aa670c92:192.168.164.233:41061], old=null
2019-10-18 14:58:33,307 [grpc-default-executor-2] INFO  impl.RaftServerImpl (RaftServerImpl.java:setRole(184)) - ddd4789c-894d-475a-bbfb-f6e7aa670c92@group-58A987F56150: changes role from  FOLLOWER to FOLLOWER at term 282 for recognizeCandidate:327657b1-60f8-49f2-b2a3-f63e1f934942
2019-10-18 14:58:33,307 [grpc-default-executor-2] INFO  impl.RoleInfo (RoleInfo.java:shutdownFollowerState(121)) - ddd4789c-894d-475a-bbfb-f6e7aa670c92: shutdown FollowerState
2019-10-18 14:58:33,307 [grpc-default-executor-3] INFO  impl.RaftServerImpl (RaftServerImpl.java:setRole(184)) - 6605b8a5-570b-4977-9ee7-6aaf3012bed5@group-58A987F56150: changes role from  FOLLOWER to FOLLOWER at term 282 for recognizeCandidate:327657b1-60f8-49f2-b2a3-f63e1f934942
2019-10-18 14:58:33,308 [Thread-1911] INFO  impl.FollowerState (FollowerState.java:run(117)) - ddd4789c-894d-475a-bbfb-f6e7aa670c92@group-58A987F56150-FollowerState was interrupted: java.lang.InterruptedException: sleep interrupted
2019-10-18 14:58:33,308 [grpc-default-executor-2] INFO  impl.RoleInfo (RoleInfo.java:updateAndGet(143)) - ddd4789c-894d-475a-bbfb-f6e7aa670c92: start FollowerState
2019-10-18 14:58:33,308 [grpc-default-executor-3] INFO  impl.RoleInfo (RoleInfo.java:shutdownFollowerState(121)) - 6605b8a5-570b-4977-9ee7-6aaf3012bed5: shutdown FollowerState
2019-10-18 14:58:33,308 [Thread-1910] INFO  impl.FollowerState (FollowerState.java:run(117)) - 6605b8a5-570b-4977-9ee7-6aaf3012bed5@group-58A987F56150-FollowerState was interrupted: java.lang.InterruptedException: sleep interrupted
2019-10-18 14:58:33,308 [grpc-default-executor-3] INFO  impl.RoleInfo (RoleInfo.java:updateAndGet(143)) - 6605b8a5-570b-4977-9ee7-6aaf3012bed5: start FollowerState
2019-10-18 14:58:33,319 [327657b1-60f8-49f2-b2a3-f63e1f934942@group-58A987F56150-LeaderElection244] INFO  impl.LeaderElection (LeaderElection.java:logAndReturn(56)) - 327657b1-60f8-49f2-b2a3-f63e1f934942@group-58A987F56150-LeaderElection244: Election TIMEOUT; received 0 response(s) [] and 0 exception(s); 327657b1-60f8-49f2-b2a3-f63e1f934942@group-58A987F56150:t282, leader=null, voted=327657b1-60f8-49f2-b2a3-f63e1f934942, raftlog=327657b1-60f8-49f2-b2a3-f63e1f934942@group-58A987F56150-SegmentedRaftLog:OPENED:c-1,f-1,i0, conf=-1: [6605b8a5-570b-4977-9ee7-6aaf3012bed5:192.168.164.233:35223, 327657b1-60f8-49f2-b2a3-f63e1f934942:192.168.164.233:41966, ddd4789c-894d-475a-bbfb-f6e7aa670c92:192.168.164.233:41061], old=null
2019-10-18 14:58:33,335 [327657b1-60f8-49f2-b2a3-f63e1f934942@group-58A987F56150-LeaderElection244] INFO  impl.LeaderElection (LeaderElection.java:askForVotes(178)) - 327657b1-60f8-49f2-b2a3-f63e1f934942@group-58A987F56150-LeaderElection244: begin an election at term 283 for -1: [6605b8a5-570b-4977-9ee7-6aaf3012bed5:192.168.164.233:35223, 327657b1-60f8-49f2-b2a3-f63e1f934942:192.168.164.233:41966, ddd4789c-894d-475a-bbfb-f6e7aa670c92:192.168.164.233:41061], old=null
2019-10-18 14:58:33,336 [grpc-default-executor-3] INFO  impl.RaftServerImpl (RaftServerImpl.java:setRole(184)) - 6605b8a5-570b-4977-9ee7-6aaf3012bed5@group-58A987F56150: changes role from  FOLLOWER to FOLLOWER at term 283 for recognizeCandidate:327657b1-60f8-49f2-b2a3-f63e1f934942
2019-10-18 14:58:33,336 [grpc-default-executor-2] INFO  impl.RaftServerImpl (RaftServerImpl.java:setRole(184)) - ddd4789c-894d-475a-bbfb-f6e7aa670c92@group-58A987F56150: changes role from  FOLLOWER to FOLLOWER at term 283 for recognizeCandidate:327657b1-60f8-49f2-b2a3-f63e1f934942
2019-10-18 14:58:33,337 [grpc-default-executor-2] INFO  impl.RoleInfo (RoleInfo.java:shutdownFollowerState(121)) - ddd4789c-894d-475a-bbfb-f6e7aa670c92: shutdown FollowerState
2019-10-18 14:58:33,336 [grpc-default-executor-3] INFO  impl.RoleInfo (RoleInfo.java:shutdownFollowerState(121)) - 6605b8a5-570b-4977-9ee7-6aaf3012bed5: shutdown FollowerState
2019-10-18 14:58:33,337 [Thread-1916] INFO  impl.FollowerState (FollowerState.java:run(117)) - ddd4789c-894d-475a-bbfb-f6e7aa670c92@group-58A987F56150-FollowerState was interrupted: java.lang.InterruptedException: sleep interrupted
2019-10-18 14:58:33,337 [grpc-default-executor-2] INFO  impl.RoleInfo (RoleInfo.java:updateAndGet(143)) - ddd4789c-894d-475a-bbfb-f6e7aa670c92: start FollowerState
2019-10-18 14:58:33,337 [grpc-default-executor-3] INFO  impl.RoleInfo (RoleInfo.java:updateAndGet(143)) - 6605b8a5-570b-4977-9ee7-6aaf3012bed5: start FollowerState
2019-10-18 14:58:33,337 [Thread-1917] INFO  impl.FollowerState (FollowerState.java:run(117)) - 6605b8a5-570b-4977-9ee7-6aaf3012bed5@group-58A987F56150-FollowerState was interrupted: java.lang.InterruptedException: sleep interrupted
2019-10-18 14:58:33,363 [327657b1-60f8-49f2-b2a3-f63e1f934942@group-58A987F56150-LeaderElection244] INFO  impl.LeaderElection (LeaderElection.java:logAndReturn(56)) - 327657b1-60f8-49f2-b2a3-f63e1f934942@group-58A987F56150-LeaderElection244: Election REJECTED; received 2 response(s) [327657b1-60f8-49f2-b2a3-f63e1f934942<-6605b8a5-570b-4977-9ee7-6aaf3012bed5#0:FAIL-t283, 327657b1-60f8-49f2-b2a3-f63e1f934942<-ddd4789c-894d-475a-bbfb-f6e7aa670c92#0:FAIL-t283] and 0 exception(s); 327657b1-60f8-49f2-b2a3-f63e1f934942@group-58A987F56150:t283, leader=null, voted=327657b1-60f8-49f2-b2a3-f63e1f934942, raftlog=327657b1-60f8-49f2-b2a3-f63e1f934942@group-58A987F56150-SegmentedRaftLog:OPENED:c-1,f-1,i0, conf=-1: [6605b8a5-570b-4977-9ee7-6aaf3012bed5:192.168.164.233:35223, 327657b1-60f8-49f2-b2a3-f63e1f934942:192.168.164.233:41966, ddd4789c-894d-475a-bbfb-f6e7aa670c92:192.168.164.233:41061], old=null
2019-10-18 14:58:33,363 [327657b1-60f8-49f2-b2a3-f63e1f934942@group-58A987F56150-LeaderElection244] INFO  impl.RaftServerImpl (RaftServerImpl.java:setRole(184)) - 327657b1-60f8-49f2-b2a3-f63e1f934942@group-58A987F56150: changes role from CANDIDATE to FOLLOWER at term 283 for DISCOVERED_A_NEW_TERM
2019-10-18 14:58:33,363 [327657b1-60f8-49f2-b2a3-f63e1f934942@group-58A987F56150-LeaderElection244] INFO  impl.RoleInfo (RoleInfo.java:shutdownLeaderElection(134)) - 327657b1-60f8-49f2-b2a3-f63e1f934942: shutdown LeaderElection
2019-10-18 14:58:33,364 [327657b1-60f8-49f2-b2a3-f63e1f934942@group-58A987F56150-LeaderElection244] INFO  impl.RoleInfo (RoleInfo.java:updateAndGet(143)) - 327657b1-60f8-49f2-b2a3-f63e1f934942: start FollowerState
2019-10-18 14:58:33,487 [Thread-1922] INFO  impl.FollowerState (FollowerState.java:run(108)) - 327657b1-60f8-49f2-b2a3-f63e1f934942@group-58A987F56150-FollowerState: change to CANDIDATE, lastRpcTime:123ms, electionTimeout:123ms
2019-10-18 14:58:33,487 [Thread-1922] INFO  impl.RoleInfo (RoleInfo.java:shutdownFollowerState(121)) - 327657b1-60f8-49f2-b2a3-f63e1f934942: shutdown FollowerState
2019-10-18 14:58:33,487 [Thread-1922] INFO  impl.RaftServerImpl (RaftServerImpl.java:setRole(184)) - 327657b1-60f8-49f2-b2a3-f63e1f934942@group-58A987F56150: changes role from  FOLLOWER to CANDIDATE at term 283 for changeToCandidate
2019-10-18 14:58:33,487 [Thread-1922] INFO  impl.RoleInfo (RoleInfo.java:updateAndGet(143)) - 327657b1-60f8-49f2-b2a3-f63e1f934942: start LeaderElection
2019-10-18 14:58:33,503 [327657b1-60f8-49f2-b2a3-f63e1f934942@group-58A987F56150-LeaderElection245] INFO  impl.LeaderElection (LeaderElection.java:askForVotes(178)) - 327657b1-60f8-49f2-b2a3-f63e1f934942@group-58A987F56150-LeaderElection245: begin an election at term 284 for -1: [6605b8a5-570b-4977-9ee7-6aaf3012bed5:192.168.164.233:35223, 327657b1-60f8-49f2-b2a3-f63e1f934942:192.168.164.233:41966, ddd4789c-894d-475a-bbfb-f6e7aa670c92:192.168.164.233:41061], old=null
2019-10-18 14:58:33,505 [grpc-default-executor-2] INFO  impl.RaftServerImpl (RaftServerImpl.java:setRole(184)) - ddd4789c-894d-475a-bbfb-f6e7aa670c92@group-58A987F56150: changes role from  FOLLOWER to FOLLOWER at term 284 for recognizeCandidate:327657b1-60f8-49f2-b2a3-f63e1f934942
2019-10-18 14:58:33,506 [grpc-default-executor-2] INFO  impl.RoleInfo (RoleInfo.java:shutdownFollowerState(121)) - ddd4789c-894d-475a-bbfb-f6e7aa670c92: shutdown FollowerState
2019-10-18 14:58:33,505 [grpc-default-executor-3] INFO  impl.RaftServerImpl (RaftServerImpl.java:setRole(184)) - 6605b8a5-570b-4977-9ee7-6aaf3012bed5@group-58A987F56150: changes role from  FOLLOWER to FOLLOWER at term 284 for recognizeCandidate:327657b1-60f8-49f2-b2a3-f63e1f934942
2019-10-18 14:58:33,506 [Thread-1920] INFO  impl.FollowerState (FollowerState.java:run(117)) - ddd4789c-894d-475a-bbfb-f6e7aa670c92@group-58A987F56150-FollowerState was interrupted: java.lang.InterruptedException: sleep interrupted
2019-10-18 14:58:33,506 [grpc-default-executor-2] INFO  impl.RoleInfo (RoleInfo.java:updateAndGet(143)) - ddd4789c-894d-475a-bbfb-f6e7aa670c92: start FollowerState
2019-10-18 14:58:33,506 [grpc-default-executor-3] INFO  impl.RoleInfo (RoleInfo.java:shutdownFollowerState(121)) - 6605b8a5-570b-4977-9ee7-6aaf3012bed5: shutdown FollowerState
2019-10-18 14:58:33,506 [grpc-default-executor-3] INFO  impl.RoleInfo (RoleInfo.java:updateAndGet(143)) - 6605b8a5-570b-4977-9ee7-6aaf3012bed5: start FollowerState
2019-10-18 14:58:33,506 [Thread-1921] INFO  impl.FollowerState (FollowerState.java:run(117)) - 6605b8a5-570b-4977-9ee7-6aaf3012bed5@group-58A987F56150-FollowerState was interrupted: java.lang.InterruptedException: sleep interrupted
2019-10-18 14:58:33,532 [327657b1-60f8-49f2-b2a3-f63e1f934942@group-58A987F56150-LeaderElection245] INFO  impl.LeaderElection (LeaderElection.java:logAndReturn(56)) - 327657b1-60f8-49f2-b2a3-f63e1f934942@group-58A987F56150-LeaderElection245: Election REJECTED; received 2 response(s) [327657b1-60f8-49f2-b2a3-f63e1f934942<-6605b8a5-570b-4977-9ee7-6aaf3012bed5#0:FAIL-t284, 327657b1-60f8-49f2-b2a3-f63e1f934942<-ddd4789c-894d-475a-bbfb-f6e7aa670c92#0:FAIL-t284] and 0 exception(s); 327657b1-60f8-49f2-b2a3-f63e1f934942@group-58A987F56150:t284, leader=null, voted=327657b1-60f8-49f2-b2a3-f63e1f934942, raftlog=327657b1-60f8-49f2-b2a3-f63e1f934942@group-58A987F56150-SegmentedRaftLog:OPENED:c-1,f-1,i0, conf=-1: [6605b8a5-570b-4977-9ee7-6aaf3012bed5:192.168.164.233:35223, 327657b1-60f8-49f2-b2a3-f63e1f934942:192.168.164.233:41966, ddd4789c-894d-475a-bbfb-f6e7aa670c92:192.168.164.233:41061], old=null
2019-10-18 14:58:33,532 [327657b1-60f8-49f2-b2a3-f63e1f934942@group-58A987F56150-LeaderElection245] INFO  impl.RaftServerImpl (RaftServerImpl.java:setRole(184)) - 327657b1-60f8-49f2-b2a3-f63e1f934942@group-58A987F56150: changes role from CANDIDATE to FOLLOWER at term 284 for DISCOVERED_A_NEW_TERM
2019-10-18 14:58:33,532 [327657b1-60f8-49f2-b2a3-f63e1f934942@group-58A987F56150-LeaderElection245] INFO  impl.RoleInfo (RoleInfo.java:shutdownLeaderElection(134)) - 327657b1-60f8-49f2-b2a3-f63e1f934942: shutdown LeaderElection
2019-10-18 14:58:33,532 [327657b1-60f8-49f2-b2a3-f63e1f934942@group-58A987F56150-LeaderElection245] INFO  impl.RoleInfo (RoleInfo.java:updateAndGet(143)) - 327657b1-60f8-49f2-b2a3-f63e1f934942: start FollowerState
2019-10-18 14:58:33,625 [Thread-1928] INFO  impl.FollowerState (FollowerState.java:run(108)) - 327657b1-60f8-49f2-b2a3-f63e1f934942@group-58A987F56150-FollowerState: change to CANDIDATE, lastRpcTime:92ms, electionTimeout:92ms
2019-10-18 14:58:33,625 [Thread-1928] INFO  impl.RoleInfo (RoleInfo.java:shutdownFollowerState(121)) - 327657b1-60f8-49f2-b2a3-f63e1f934942: shutdown FollowerState
2019-10-18 14:58:33,625 [Thread-1928] INFO  impl.RaftServerImpl (RaftServerImpl.java:setRole(184)) - 327657b1-60f8-49f2-b2a3-f63e1f934942@group-58A987F56150: changes role from  FOLLOWER to CANDIDATE at term 284 for changeToCandidate
2019-10-18 14:58:33,625 [Thread-1928] INFO  impl.RoleInfo (RoleInfo.java:updateAndGet(143)) - 327657b1-60f8-49f2-b2a3-f63e1f934942: start LeaderElection
2019-10-18 14:58:33,638 [327657b1-60f8-49f2-b2a3-f63e1f934942@group-58A987F56150-LeaderElection246] INFO  impl.LeaderElection (LeaderElection.java:askForVotes(178)) - 327657b1-60f8-49f2-b2a3-f63e1f934942@group-58A987F56150-LeaderElection246: begin an election at term 285 for -1: [6605b8a5-570b-4977-9ee7-6aaf3012bed5:192.168.164.233:35223, 327657b1-60f8-49f2-b2a3-f63e1f934942:192.168.164.233:41966, ddd4789c-894d-475a-bbfb-f6e7aa670c92:192.168.164.233:41061], old=null
2019-10-18 14:58:33,640 [grpc-default-executor-3] INFO  impl.RaftServerImpl (RaftServerImpl.java:setRole(184)) - 6605b8a5-570b-4977-9ee7-6aaf3012bed5@group-58A987F56150: changes role from  FOLLOWER to FOLLOWER at term 285 for recognizeCandidate:327657b1-60f8-49f2-b2a3-f63e1f934942
2019-10-18 14:58:33,640 [grpc-default-executor-3] INFO  impl.RoleInfo (RoleInfo.java:shutdownFollowerState(121)) - 6605b8a5-570b-4977-9ee7-6aaf3012bed5: shutdown FollowerState
2019-10-18 14:58:33,640 [grpc-default-executor-2] INFO  impl.RaftServerImpl (RaftServerImpl.java:setRole(184)) - ddd4789c-894d-475a-bbfb-f6e7aa670c92@group-58A987F56150: changes role from  FOLLOWER to FOLLOWER at term 285 for recognizeCandidate:327657b1-60f8-49f2-b2a3-f63e1f934942
2019-10-18 14:58:33,641 [grpc-default-executor-2] INFO  impl.RoleInfo (RoleInfo.java:shutdownFollowerState(121)) - ddd4789c-894d-475a-bbfb-f6e7aa670c92: shutdown FollowerState
2019-10-18 14:58:33,640 [grpc-default-executor-3] INFO  impl.RoleInfo (RoleInfo.java:updateAndGet(143)) - 6605b8a5-570b-4977-9ee7-6aaf3012bed5: start FollowerState
2019-10-18 14:58:33,640 [Thread-1927] INFO  impl.FollowerState (FollowerState.java:run(117)) - 6605b8a5-570b-4977-9ee7-6aaf3012bed5@group-58A987F56150-FollowerState was interrupted: java.lang.InterruptedException: sleep interrupted
2019-10-18 14:58:33,641 [Thread-1926] INFO  impl.FollowerState (FollowerState.java:run(117)) - ddd4789c-894d-475a-bbfb-f6e7aa670c92@group-58A987F56150-FollowerState was interrupted: java.lang.InterruptedException: sleep interrupted
2019-10-18 14:58:33,641 [grpc-default-executor-2] INFO  impl.RoleInfo (RoleInfo.java:updateAndGet(143)) - ddd4789c-894d-475a-bbfb-f6e7aa670c92: start FollowerState
2019-10-18 14:58:33,667 [327657b1-60f8-49f2-b2a3-f63e1f934942@group-58A987F56150-LeaderElection246] INFO  impl.LeaderElection (LeaderElection.java:logAndReturn(56)) - 327657b1-60f8-49f2-b2a3-f63e1f934942@group-58A987F56150-LeaderElection246: Election REJECTED; received 2 response(s) [327657b1-60f8-49f2-b2a3-f63e1f934942<-6605b8a5-570b-4977-9ee7-6aaf3012bed5#0:FAIL-t285, 327657b1-60f8-49f2-b2a3-f63e1f934942<-ddd4789c-894d-475a-bbfb-f6e7aa670c92#0:FAIL-t285] and 0 exception(s); 327657b1-60f8-49f2-b2a3-f63e1f934942@group-58A987F56150:t285, leader=null, voted=327657b1-60f8-49f2-b2a3-f63e1f934942, raftlog=327657b1-60f8-49f2-b2a3-f63e1f934942@group-58A987F56150-SegmentedRaftLog:OPENED:c-1,f-1,i0, conf=-1: [6605b8a5-570b-4977-9ee7-6aaf3012bed5:192.168.164.233:35223, 327657b1-60f8-49f2-b2a3-f63e1f934942:192.168.164.233:41966, ddd4789c-894d-475a-bbfb-f6e7aa670c92:192.168.164.233:41061], old=null
2019-10-18 14:58:33,667 [327657b1-60f8-49f2-b2a3-f63e1f934942@group-58A987F56150-LeaderElection246] INFO  impl.RaftServerImpl (RaftServerImpl.java:setRole(184)) - 327657b1-60f8-49f2-b2a3-f63e1f934942@group-58A987F56150: changes role from CANDIDATE to FOLLOWER at term 285 for DISCOVERED_A_NEW_TERM
2019-10-18 14:58:33,667 [327657b1-60f8-49f2-b2a3-f63e1f934942@group-58A987F56150-LeaderElection246] INFO  impl.RoleInfo (RoleInfo.java:shutdownLeaderElection(134)) - 327657b1-60f8-49f2-b2a3-f63e1f934942: shutdown LeaderElection
2019-10-18 14:58:33,667 [327657b1-60f8-49f2-b2a3-f63e1f934942@group-58A987F56150-LeaderElection246] INFO  impl.RoleInfo (RoleInfo.java:updateAndGet(143)) - 327657b1-60f8-49f2-b2a3-f63e1f934942: start FollowerState
2019-10-18 14:58:33,704 [Thread-1934] INFO  impl.FollowerState (FollowerState.java:run(108)) - 327657b1-60f8-49f2-b2a3-f63e1f934942@group-58A987F56150-FollowerState: change to CANDIDATE, lastRpcTime:37ms, electionTimeout:37ms
2019-10-18 14:58:33,705 [Thread-1934] INFO  impl.RoleInfo (RoleInfo.java:shutdownFollowerState(121)) - 327657b1-60f8-49f2-b2a3-f63e1f934942: shutdown FollowerState
2019-10-18 14:58:33,705 [Thread-1934] INFO  impl.RaftServerImpl (RaftServerImpl.java:setRole(184)) - 327657b1-60f8-49f2-b2a3-f63e1f934942@group-58A987F56150: changes role from  FOLLOWER to CANDIDATE at term 285 for changeToCandidate
2019-10-18 14:58:33,705 [Thread-1934] INFO  impl.RoleInfo (RoleInfo.java:updateAndGet(143)) - 327657b1-60f8-49f2-b2a3-f63e1f934942: start LeaderElection
2019-10-18 14:58:33,718 [327657b1-60f8-49f2-b2a3-f63e1f934942@group-58A987F56150-LeaderElection247] INFO  impl.LeaderElection (LeaderElection.java:askForVotes(178)) - 327657b1-60f8-49f2-b2a3-f63e1f934942@group-58A987F56150-LeaderElection247: begin an election at term 286 for -1: [6605b8a5-570b-4977-9ee7-6aaf3012bed5:192.168.164.233:35223, 327657b1-60f8-49f2-b2a3-f63e1f934942:192.168.164.233:41966, ddd4789c-894d-475a-bbfb-f6e7aa670c92:192.168.164.233:41061], old=null
2019-10-18 14:58:33,720 [grpc-default-executor-3] INFO  impl.RaftServerImpl (RaftServerImpl.java:setRole(184)) - 6605b8a5-570b-4977-9ee7-6aaf3012bed5@group-58A987F56150: changes role from  FOLLOWER to FOLLOWER at term 286 for recognizeCandidate:327657b1-60f8-49f2-b2a3-f63e1f934942
2019-10-18 14:58:33,720 [grpc-default-executor-3] INFO  impl.RoleInfo (RoleInfo.java:shutdownFollowerState(121)) - 6605b8a5-570b-4977-9ee7-6aaf3012bed5: shutdown FollowerState
2019-10-18 14:58:33,720 [grpc-default-executor-3] INFO  impl.RoleInfo (RoleInfo.java:updateAndGet(143)) - 6605b8a5-570b-4977-9ee7-6aaf3012bed5: start FollowerState
2019-10-18 14:58:33,720 [Thread-1932] INFO  impl.FollowerState (FollowerState.java:run(117)) - 6605b8a5-570b-4977-9ee7-6aaf3012bed5@group-58A987F56150-FollowerState was interrupted: java.lang.InterruptedException: sleep interrupted
2019-10-18 14:58:33,720 [grpc-default-executor-2] INFO  impl.RaftServerImpl (RaftServerImpl.java:setRole(184)) - ddd4789c-894d-475a-bbfb-f6e7aa670c92@group-58A987F56150: changes role from  FOLLOWER to FOLLOWER at term 286 for recognizeCandidate:327657b1-60f8-49f2-b2a3-f63e1f934942
2019-10-18 14:58:33,721 [grpc-default-executor-2] INFO  impl.RoleInfo (RoleInfo.java:shutdownFollowerState(121)) - ddd4789c-894d-475a-bbfb-f6e7aa670c92: shutdown FollowerState
2019-10-18 14:58:33,721 [grpc-default-executor-2] INFO  impl.RoleInfo (RoleInfo.java:updateAndGet(143)) - ddd4789c-894d-475a-bbfb-f6e7aa670c92: start FollowerState
2019-10-18 14:58:33,721 [Thread-1933] INFO  impl.FollowerState (FollowerState.java:run(117)) - ddd4789c-894d-475a-bbfb-f6e7aa670c92@group-58A987F56150-FollowerState was interrupted: java.lang.InterruptedException: sleep interrupted
2019-10-18 14:58:33,753 [327657b1-60f8-49f2-b2a3-f63e1f934942@group-58A987F56150-LeaderElection247] INFO  impl.LeaderElection (LeaderElection.java:logAndReturn(56)) - 327657b1-60f8-49f2-b2a3-f63e1f934942@group-58A987F56150-LeaderElection247: Election REJECTED; received 2 response(s) [327657b1-60f8-49f2-b2a3-f63e1f934942<-6605b8a5-570b-4977-9ee7-6aaf3012bed5#0:FAIL-t286, 327657b1-60f8-49f2-b2a3-f63e1f934942<-ddd4789c-894d-475a-bbfb-f6e7aa670c92#0:FAIL-t286] and 0 exception(s); 327657b1-60f8-49f2-b2a3-f63e1f934942@group-58A987F56150:t286, leader=null, voted=327657b1-60f8-49f2-b2a3-f63e1f934942, raftlog=327657b1-60f8-49f2-b2a3-f63e1f934942@group-58A987F56150-SegmentedRaftLog:OPENED:c-1,f-1,i0, conf=-1: [6605b8a5-570b-4977-9ee7-6aaf3012bed5:192.168.164.233:35223, 327657b1-60f8-49f2-b2a3-f63e1f934942:192.168.164.233:41966, ddd4789c-894d-475a-bbfb-f6e7aa670c92:192.168.164.233:41061], old=null
2019-10-18 14:58:33,753 [327657b1-60f8-49f2-b2a3-f63e1f934942@group-58A987F56150-LeaderElection247] INFO  impl.RaftServerImpl (RaftServerImpl.java:setRole(184)) - 327657b1-60f8-49f2-b2a3-f63e1f934942@group-58A987F56150: changes role from CANDIDATE to FOLLOWER at term 286 for DISCOVERED_A_NEW_TERM
2019-10-18 14:58:33,753 [327657b1-60f8-49f2-b2a3-f63e1f934942@group-58A987F56150-LeaderElection247] INFO  impl.RoleInfo (RoleInfo.java:shutdownLeaderElection(134)) - 327657b1-60f8-49f2-b2a3-f63e1f934942: shutdown LeaderElection
2019-10-18 14:58:33,754 [327657b1-60f8-49f2-b2a3-f63e1f934942@group-58A987F56150-LeaderElection247] INFO  impl.RoleInfo (RoleInfo.java:updateAndGet(143)) - 327657b1-60f8-49f2-b2a3-f63e1f934942: start FollowerState
2019-10-18 14:58:33,856 [Thread-1940] INFO  impl.FollowerState (FollowerState.java:run(108)) - 327657b1-60f8-49f2-b2a3-f63e1f934942@group-58A987F56150-FollowerState: change to CANDIDATE, lastRpcTime:102ms, electionTimeout:102ms
2019-10-18 14:58:33,856 [Thread-1940] INFO  impl.RoleInfo (RoleInfo.java:shutdownFollowerState(121)) - 327657b1-60f8-49f2-b2a3-f63e1f934942: shutdown FollowerState
2019-10-18 14:58:33,856 [Thread-1940] INFO  impl.RaftServerImpl (RaftServerImpl.java:setRole(184)) - 327657b1-60f8-49f2-b2a3-f63e1f934942@group-58A987F56150: changes role from  FOLLOWER to CANDIDATE at term 286 for changeToCandidate
2019-10-18 14:58:33,857 [Thread-1940] INFO  impl.RoleInfo (RoleInfo.java:updateAndGet(143)) - 327657b1-60f8-49f2-b2a3-f63e1f934942: start LeaderElection
2019-10-18 14:58:33,870 [327657b1-60f8-49f2-b2a3-f63e1f934942@group-58A987F56150-LeaderElection248] INFO  impl.LeaderElection (LeaderElection.java:askForVotes(178)) - 327657b1-60f8-49f2-b2a3-f63e1f934942@group-58A987F56150-LeaderElection248: begin an election at term 287 for -1: [6605b8a5-570b-4977-9ee7-6aaf3012bed5:192.168.164.233:35223, 327657b1-60f8-49f2-b2a3-f63e1f934942:192.168.164.233:41966, ddd4789c-894d-475a-bbfb-f6e7aa670c92:192.168.164.233:41061], old=null
2019-10-18 14:58:33,873 [grpc-default-executor-2] INFO  impl.RaftServerImpl (RaftServerImpl.java:setRole(184)) - 6605b8a5-570b-4977-9ee7-6aaf3012bed5@group-58A987F56150: changes role from  FOLLOWER to FOLLOWER at term 287 for recognizeCandidate:327657b1-60f8-49f2-b2a3-f63e1f934942
2019-10-18 14:58:33,873 [grpc-default-executor-3] INFO  impl.RaftServerImpl (RaftServerImpl.java:setRole(184)) - ddd4789c-894d-475a-bbfb-f6e7aa670c92@group-58A987F56150: changes role from  FOLLOWER to FOLLOWER at term 287 for recognizeCandidate:327657b1-60f8-49f2-b2a3-f63e1f934942
2019-10-18 14:58:33,874 [grpc-default-executor-2] INFO  impl.RoleInfo (RoleInfo.java:shutdownFollowerState(121)) - 6605b8a5-570b-4977-9ee7-6aaf3012bed5: shutdown FollowerState
2019-10-18 14:58:33,874 [grpc-default-executor-3] INFO  impl.RoleInfo (RoleInfo.java:shutdownFollowerState(121)) - ddd4789c-894d-475a-bbfb-f6e7aa670c92: shutdown FollowerState
2019-10-18 14:58:33,874 [Thread-1938] INFO  impl.FollowerState (FollowerState.java:run(117)) - 6605b8a5-570b-4977-9ee7-6aaf3012bed5@group-58A987F56150-FollowerState was interrupted: java.lang.InterruptedException: sleep interrupted
2019-10-18 14:58:33,874 [grpc-default-executor-2] INFO  impl.RoleInfo (RoleInfo.java:updateAndGet(143)) - 6605b8a5-570b-4977-9ee7-6aaf3012bed5: start FollowerState
2019-10-18 14:58:33,874 [Thread-1939] INFO  impl.FollowerState (FollowerState.java:run(117)) - ddd4789c-894d-475a-bbfb-f6e7aa670c92@group-58A987F56150-FollowerState was interrupted: java.lang.InterruptedException: sleep interrupted
2019-10-18 14:58:33,874 [grpc-default-executor-3] INFO  impl.RoleInfo (RoleInfo.java:updateAndGet(143)) - ddd4789c-894d-475a-bbfb-f6e7aa670c92: start FollowerState
2019-10-18 14:58:33,900 [327657b1-60f8-49f2-b2a3-f63e1f934942@group-58A987F56150-LeaderElection248] INFO  impl.LeaderElection (LeaderElection.java:logAndReturn(56)) - 327657b1-60f8-49f2-b2a3-f63e1f934942@group-58A987F56150-LeaderElection248: Election REJECTED; received 2 response(s) [327657b1-60f8-49f2-b2a3-f63e1f934942<-6605b8a5-570b-4977-9ee7-6aaf3012bed5#0:FAIL-t287, 327657b1-60f8-49f2-b2a3-f63e1f934942<-ddd4789c-894d-475a-bbfb-f6e7aa670c92#0:FAIL-t287] and 0 exception(s); 327657b1-60f8-49f2-b2a3-f63e1f934942@group-58A987F56150:t287, leader=null, voted=327657b1-60f8-49f2-b2a3-f63e1f934942, raftlog=327657b1-60f8-49f2-b2a3-f63e1f934942@group-58A987F56150-SegmentedRaftLog:OPENED:c-1,f-1,i0, conf=-1: [6605b8a5-570b-4977-9ee7-6aaf3012bed5:192.168.164.233:35223, 327657b1-60f8-49f2-b2a3-f63e1f934942:192.168.164.233:41966, ddd4789c-894d-475a-bbfb-f6e7aa670c92:192.168.164.233:41061], old=null
2019-10-18 14:58:33,900 [327657b1-60f8-49f2-b2a3-f63e1f934942@group-58A987F56150-LeaderElection248] INFO  impl.RaftServerImpl (RaftServerImpl.java:setRole(184)) - 327657b1-60f8-49f2-b2a3-f63e1f934942@group-58A987F56150: changes role from CANDIDATE to FOLLOWER at term 287 for DISCOVERED_A_NEW_TERM
2019-10-18 14:58:33,900 [327657b1-60f8-49f2-b2a3-f63e1f934942@group-58A987F56150-LeaderElection248] INFO  impl.RoleInfo (RoleInfo.java:shutdownLeaderElection(134)) - 327657b1-60f8-49f2-b2a3-f63e1f934942: shutdown LeaderElection
2019-10-18 14:58:33,901 [327657b1-60f8-49f2-b2a3-f63e1f934942@group-58A987F56150-LeaderElection248] INFO  impl.RoleInfo (RoleInfo.java:updateAndGet(143)) - 327657b1-60f8-49f2-b2a3-f63e1f934942: start FollowerState
2019-10-18 14:58:33,981 [Thread-1946] INFO  impl.FollowerState (FollowerState.java:run(108)) - 327657b1-60f8-49f2-b2a3-f63e1f934942@group-58A987F56150-FollowerState: change to CANDIDATE, lastRpcTime:80ms, electionTimeout:80ms
2019-10-18 14:58:33,981 [Thread-1946] INFO  impl.RoleInfo (RoleInfo.java:shutdownFollowerState(121)) - 327657b1-60f8-49f2-b2a3-f63e1f934942: shutdown FollowerState
2019-10-18 14:58:33,981 [Thread-1946] INFO  impl.RaftServerImpl (RaftServerImpl.java:setRole(184)) - 327657b1-60f8-49f2-b2a3-f63e1f934942@group-58A987F56150: changes role from  FOLLOWER to CANDIDATE at term 287 for changeToCandidate
2019-10-18 14:58:33,982 [Thread-1946] INFO  impl.RoleInfo (RoleInfo.java:updateAndGet(143)) - 327657b1-60f8-49f2-b2a3-f63e1f934942: start LeaderElection
2019-10-18 14:58:34,007 [327657b1-60f8-49f2-b2a3-f63e1f934942@group-58A987F56150-LeaderElection249] INFO  impl.LeaderElection (LeaderElection.java:askForVotes(178)) - 327657b1-60f8-49f2-b2a3-f63e1f934942@group-58A987F56150-LeaderElection249: begin an election at term 288 for -1: [6605b8a5-570b-4977-9ee7-6aaf3012bed5:192.168.164.233:35223, 327657b1-60f8-49f2-b2a3-f63e1f934942:192.168.164.233:41966, ddd4789c-894d-475a-bbfb-f6e7aa670c92:192.168.164.233:41061], old=null
2019-10-18 14:58:34,009 [grpc-default-executor-2] INFO  impl.RaftServerImpl (RaftServerImpl.java:setRole(184)) - 6605b8a5-570b-4977-9ee7-6aaf3012bed5@group-58A987F56150: changes role from  FOLLOWER to FOLLOWER at term 288 for recognizeCandidate:327657b1-60f8-49f2-b2a3-f63e1f934942
2019-10-18 14:58:34,009 [grpc-default-executor-2] INFO  impl.RoleInfo (RoleInfo.java:shutdownFollowerState(121)) - 6605b8a5-570b-4977-9ee7-6aaf3012bed5: shutdown FollowerState
2019-10-18 14:58:34,009 [grpc-default-executor-3] INFO  impl.RaftServerImpl (RaftServerImpl.java:setRole(184)) - ddd4789c-894d-475a-bbfb-f6e7aa670c92@group-58A987F56150: changes role from  FOLLOWER to FOLLOWER at term 288 for recognizeCandidate:327657b1-60f8-49f2-b2a3-f63e1f934942
2019-10-18 14:58:34,009 [grpc-default-executor-3] INFO  impl.RoleInfo (RoleInfo.java:shutdownFollowerState(121)) - ddd4789c-894d-475a-bbfb-f6e7aa670c92: shutdown FollowerState
2019-10-18 14:58:34,009 [Thread-1944] INFO  impl.FollowerState (FollowerState.java:run(117)) - 6605b8a5-570b-4977-9ee7-6aaf3012bed5@group-58A987F56150-FollowerState was interrupted: java.lang.InterruptedException: sleep interrupted
2019-10-18 14:58:34,009 [grpc-default-executor-2] INFO  impl.RoleInfo (RoleInfo.java:updateAndGet(143)) - 6605b8a5-570b-4977-9ee7-6aaf3012bed5: start FollowerState
2019-10-18 14:58:34,010 [Thread-1945] INFO  impl.FollowerState (FollowerState.java:run(117)) - ddd4789c-894d-475a-bbfb-f6e7aa670c92@group-58A987F56150-FollowerState was interrupted: java.lang.InterruptedException: sleep interrupted
2019-10-18 14:58:34,010 [grpc-default-executor-3] INFO  impl.RoleInfo (RoleInfo.java:updateAndGet(143)) - ddd4789c-894d-475a-bbfb-f6e7aa670c92: start FollowerState
2019-10-18 14:58:34,037 [327657b1-60f8-49f2-b2a3-f63e1f934942@group-58A987F56150-LeaderElection249] INFO  impl.LeaderElection (LeaderElection.java:logAndReturn(56)) - 327657b1-60f8-49f2-b2a3-f63e1f934942@group-58A987F56150-LeaderElection249: Election REJECTED; received 2 response(s) [327657b1-60f8-49f2-b2a3-f63e1f934942<-6605b8a5-570b-4977-9ee7-6aaf3012bed5#0:FAIL-t288, 327657b1-60f8-49f2-b2a3-f63e1f934942<-ddd4789c-894d-475a-bbfb-f6e7aa670c92#0:FAIL-t288] and 0 exception(s); 327657b1-60f8-49f2-b2a3-f63e1f934942@group-58A987F56150:t288, leader=null, voted=327657b1-60f8-49f2-b2a3-f63e1f934942, raftlog=327657b1-60f8-49f2-b2a3-f63e1f934942@group-58A987F56150-SegmentedRaftLog:OPENED:c-1,f-1,i0, conf=-1: [6605b8a5-570b-4977-9ee7-6aaf3012bed5:192.168.164.233:35223, 327657b1-60f8-49f2-b2a3-f63e1f934942:192.168.164.233:41966, ddd4789c-894d-475a-bbfb-f6e7aa670c92:192.168.164.233:41061], old=null
2019-10-18 14:58:34,037 [327657b1-60f8-49f2-b2a3-f63e1f934942@group-58A987F56150-LeaderElection249] INFO  impl.RaftServerImpl (RaftServerImpl.java:setRole(184)) - 327657b1-60f8-49f2-b2a3-f63e1f934942@group-58A987F56150: changes role from CANDIDATE to FOLLOWER at term 288 for DISCOVERED_A_NEW_TERM
2019-10-18 14:58:34,038 [327657b1-60f8-49f2-b2a3-f63e1f934942@group-58A987F56150-LeaderElection249] INFO  impl.RoleInfo (RoleInfo.java:shutdownLeaderElection(134)) - 327657b1-60f8-49f2-b2a3-f63e1f934942: shutdown LeaderElection
2019-10-18 14:58:34,038 [327657b1-60f8-49f2-b2a3-f63e1f934942@group-58A987F56150-LeaderElection249] INFO  impl.RoleInfo (RoleInfo.java:updateAndGet(143)) - 327657b1-60f8-49f2-b2a3-f63e1f934942: start FollowerState
2019-10-18 14:58:34,084 [Thread-1954] INFO  impl.FollowerState (FollowerState.java:run(108)) - 327657b1-60f8-49f2-b2a3-f63e1f934942@group-58A987F56150-FollowerState: change to CANDIDATE, lastRpcTime:46ms, electionTimeout:46ms
2019-10-18 14:58:34,084 [Thread-1954] INFO  impl.RoleInfo (RoleInfo.java:shutdownFollowerState(121)) - 327657b1-60f8-49f2-b2a3-f63e1f934942: shutdown FollowerState
2019-10-18 14:58:34,084 [Thread-1954] INFO  impl.RaftServerImpl (RaftServerImpl.java:setRole(184)) - 327657b1-60f8-49f2-b2a3-f63e1f934942@group-58A987F56150: changes role from  FOLLOWER to CANDIDATE at term 288 for changeToCandidate
2019-10-18 14:58:34,085 [Thread-1954] INFO  impl.RoleInfo (RoleInfo.java:updateAndGet(143)) - 327657b1-60f8-49f2-b2a3-f63e1f934942: start LeaderElection
2019-10-18 14:58:34,099 [327657b1-60f8-49f2-b2a3-f63e1f934942@group-58A987F56150-LeaderElection250] INFO  impl.LeaderElection (LeaderElection.java:askForVotes(178)) - 327657b1-60f8-49f2-b2a3-f63e1f934942@group-58A987F56150-LeaderElection250: begin an election at term 289 for -1: [6605b8a5-570b-4977-9ee7-6aaf3012bed5:192.168.164.233:35223, 327657b1-60f8-49f2-b2a3-f63e1f934942:192.168.164.233:41966, ddd4789c-894d-475a-bbfb-f6e7aa670c92:192.168.164.233:41061], old=null
2019-10-18 14:58:34,104 [grpc-default-executor-3] INFO  impl.RaftServerImpl (RaftServerImpl.java:setRole(184)) - ddd4789c-894d-475a-bbfb-f6e7aa670c92@group-58A987F56150: changes role from  FOLLOWER to FOLLOWER at term 289 for recognizeCandidate:327657b1-60f8-49f2-b2a3-f63e1f934942
2019-10-18 14:58:34,104 [grpc-default-executor-2] INFO  impl.RaftServerImpl (RaftServerImpl.java:setRole(184)) - 6605b8a5-570b-4977-9ee7-6aaf3012bed5@group-58A987F56150: changes role from  FOLLOWER to FOLLOWER at term 289 for recognizeCandidate:327657b1-60f8-49f2-b2a3-f63e1f934942
2019-10-18 14:58:34,105 [grpc-default-executor-2] INFO  impl.RoleInfo (RoleInfo.java:shutdownFollowerState(121)) - 6605b8a5-570b-4977-9ee7-6aaf3012bed5: shutdown FollowerState
2019-10-18 14:58:34,105 [grpc-default-executor-3] INFO  impl.RoleInfo (RoleInfo.java:shutdownFollowerState(121)) - ddd4789c-894d-475a-bbfb-f6e7aa670c92: shutdown FollowerState
2019-10-18 14:58:34,105 [grpc-default-executor-2] INFO  impl.RoleInfo (RoleInfo.java:updateAndGet(143)) - 6605b8a5-570b-4977-9ee7-6aaf3012bed5: start FollowerState
2019-10-18 14:58:34,105 [Thread-1953] INFO  impl.FollowerState (FollowerState.java:run(117)) - ddd4789c-894d-475a-bbfb-f6e7aa670c92@group-58A987F56150-FollowerState was interrupted: java.lang.InterruptedException: sleep interrupted
2019-10-18 14:58:34,105 [grpc-default-executor-3] INFO  impl.RoleInfo (RoleInfo.java:updateAndGet(143)) - ddd4789c-894d-475a-bbfb-f6e7aa670c92: start FollowerState
2019-10-18 14:58:34,105 [Thread-1952] INFO  impl.FollowerState (FollowerState.java:run(117)) - 6605b8a5-570b-4977-9ee7-6aaf3012bed5@group-58A987F56150-FollowerState was interrupted: java.lang.InterruptedException: sleep interrupted
2019-10-18 14:58:34,132 [327657b1-60f8-49f2-b2a3-f63e1f934942@group-58A987F56150-LeaderElection250] INFO  impl.LeaderElection (LeaderElection.java:logAndReturn(56)) - 327657b1-60f8-49f2-b2a3-f63e1f934942@group-58A987F56150-LeaderElection250: Election REJECTED; received 2 response(s) [327657b1-60f8-49f2-b2a3-f63e1f934942<-6605b8a5-570b-4977-9ee7-6aaf3012bed5#0:FAIL-t289, 327657b1-60f8-49f2-b2a3-f63e1f934942<-ddd4789c-894d-475a-bbfb-f6e7aa670c92#0:FAIL-t289] and 0 exception(s); 327657b1-60f8-49f2-b2a3-f63e1f934942@group-58A987F56150:t289, leader=null, voted=327657b1-60f8-49f2-b2a3-f63e1f934942, raftlog=327657b1-60f8-49f2-b2a3-f63e1f934942@group-58A987F56150-SegmentedRaftLog:OPENED:c-1,f-1,i0, conf=-1: [6605b8a5-570b-4977-9ee7-6aaf3012bed5:192.168.164.233:35223, 327657b1-60f8-49f2-b2a3-f63e1f934942:192.168.164.233:41966, ddd4789c-894d-475a-bbfb-f6e7aa670c92:192.168.164.233:41061], old=null
2019-10-18 14:58:34,132 [327657b1-60f8-49f2-b2a3-f63e1f934942@group-58A987F56150-LeaderElection250] INFO  impl.RaftServerImpl (RaftServerImpl.java:setRole(184)) - 327657b1-60f8-49f2-b2a3-f63e1f934942@group-58A987F56150: changes role from CANDIDATE to FOLLOWER at term 289 for DISCOVERED_A_NEW_TERM
2019-10-18 14:58:34,133 [327657b1-60f8-49f2-b2a3-f63e1f934942@group-58A987F56150-LeaderElection250] INFO  impl.RoleInfo (RoleInfo.java:shutdownLeaderElection(134)) - 327657b1-60f8-49f2-b2a3-f63e1f934942: shutdown LeaderElection
2019-10-18 14:58:34,133 [327657b1-60f8-49f2-b2a3-f63e1f934942@group-58A987F56150-LeaderElection250] INFO  impl.RoleInfo (RoleInfo.java:updateAndGet(143)) - 327657b1-60f8-49f2-b2a3-f63e1f934942: start FollowerState
2019-10-18 14:58:34,157 [Thread-1960] INFO  impl.FollowerState (FollowerState.java:run(108)) - 327657b1-60f8-49f2-b2a3-f63e1f934942@group-58A987F56150-FollowerState: change to CANDIDATE, lastRpcTime:24ms, electionTimeout:24ms
2019-10-18 14:58:34,157 [Thread-1960] INFO  impl.RoleInfo (RoleInfo.java:shutdownFollowerState(121)) - 327657b1-60f8-49f2-b2a3-f63e1f934942: shutdown FollowerState
2019-10-18 14:58:34,158 [Thread-1960] INFO  impl.RaftServerImpl (RaftServerImpl.java:setRole(184)) - 327657b1-60f8-49f2-b2a3-f63e1f934942@group-58A987F56150: changes role from  FOLLOWER to CANDIDATE at term 289 for changeToCandidate
2019-10-18 14:58:34,158 [Thread-1960] INFO  impl.RoleInfo (RoleInfo.java:updateAndGet(143)) - 327657b1-60f8-49f2-b2a3-f63e1f934942: start LeaderElection
2019-10-18 14:58:34,171 [327657b1-60f8-49f2-b2a3-f63e1f934942@group-58A987F56150-LeaderElection251] INFO  impl.LeaderElection (LeaderElection.java:askForVotes(178)) - 327657b1-60f8-49f2-b2a3-f63e1f934942@group-58A987F56150-LeaderElection251: begin an election at term 290 for -1: [6605b8a5-570b-4977-9ee7-6aaf3012bed5:192.168.164.233:35223, 327657b1-60f8-49f2-b2a3-f63e1f934942:192.168.164.233:41966, ddd4789c-894d-475a-bbfb-f6e7aa670c92:192.168.164.233:41061], old=null
2019-10-18 14:58:34,174 [grpc-default-executor-3] INFO  impl.RaftServerImpl (RaftServerImpl.java:setRole(184)) - 6605b8a5-570b-4977-9ee7-6aaf3012bed5@group-58A987F56150: changes role from  FOLLOWER to FOLLOWER at term 290 for recognizeCandidate:327657b1-60f8-49f2-b2a3-f63e1f934942
2019-10-18 14:58:34,174 [grpc-default-executor-2] INFO  impl.RaftServerImpl (RaftServerImpl.java:setRole(184)) - ddd4789c-894d-475a-bbfb-f6e7aa670c92@group-58A987F56150: changes role from  FOLLOWER to FOLLOWER at term 290 for recognizeCandidate:327657b1-60f8-49f2-b2a3-f63e1f934942
2019-10-18 14:58:34,174 [grpc-default-executor-3] INFO  impl.RoleInfo (RoleInfo.java:shutdownFollowerState(121)) - 6605b8a5-570b-4977-9ee7-6aaf3012bed5: shutdown FollowerState
2019-10-18 14:58:34,174 [grpc-default-executor-2] INFO  impl.RoleInfo (RoleInfo.java:shutdownFollowerState(121)) - ddd4789c-894d-475a-bbfb-f6e7aa670c92: shutdown FollowerState
2019-10-18 14:58:34,174 [Thread-1958] INFO  impl.FollowerState (FollowerState.java:run(117)) - 6605b8a5-570b-4977-9ee7-6aaf3012bed5@group-58A987F56150-FollowerState was interrupted: java.lang.InterruptedException: sleep interrupted
2019-10-18 14:58:34,174 [grpc-default-executor-3] INFO  impl.RoleInfo (RoleInfo.java:updateAndGet(143)) - 6605b8a5-570b-4977-9ee7-6aaf3012bed5: start FollowerState
2019-10-18 14:58:34,174 [Thread-1959] INFO  impl.FollowerState (FollowerState.java:run(117)) - ddd4789c-894d-475a-bbfb-f6e7aa670c92@group-58A987F56150-FollowerState was interrupted: java.lang.InterruptedException: sleep interrupted
2019-10-18 14:58:34,174 [grpc-default-executor-2] INFO  impl.RoleInfo (RoleInfo.java:updateAndGet(143)) - ddd4789c-894d-475a-bbfb-f6e7aa670c92: start FollowerState
2019-10-18 14:58:34,201 [327657b1-60f8-49f2-b2a3-f63e1f934942@group-58A987F56150-LeaderElection251] INFO  impl.LeaderElection (LeaderElection.java:logAndReturn(56)) - 327657b1-60f8-49f2-b2a3-f63e1f934942@group-58A987F56150-LeaderElection251: Election REJECTED; received 2 response(s) [327657b1-60f8-49f2-b2a3-f63e1f934942<-6605b8a5-570b-4977-9ee7-6aaf3012bed5#0:FAIL-t290, 327657b1-60f8-49f2-b2a3-f63e1f934942<-ddd4789c-894d-475a-bbfb-f6e7aa670c92#0:FAIL-t290] and 0 exception(s); 327657b1-60f8-49f2-b2a3-f63e1f934942@group-58A987F56150:t290, leader=null, voted=327657b1-60f8-49f2-b2a3-f63e1f934942, raftlog=327657b1-60f8-49f2-b2a3-f63e1f934942@group-58A987F56150-SegmentedRaftLog:OPENED:c-1,f-1,i0, conf=-1: [6605b8a5-570b-4977-9ee7-6aaf3012bed5:192.168.164.233:35223, 327657b1-60f8-49f2-b2a3-f63e1f934942:192.168.164.233:41966, ddd4789c-894d-475a-bbfb-f6e7aa670c92:192.168.164.233:41061], old=null
2019-10-18 14:58:34,201 [327657b1-60f8-49f2-b2a3-f63e1f934942@group-58A987F56150-LeaderElection251] INFO  impl.RaftServerImpl (RaftServerImpl.java:setRole(184)) - 327657b1-60f8-49f2-b2a3-f63e1f934942@group-58A987F56150: changes role from CANDIDATE to FOLLOWER at term 290 for DISCOVERED_A_NEW_TERM
2019-10-18 14:58:34,201 [327657b1-60f8-49f2-b2a3-f63e1f934942@group-58A987F56150-LeaderElection251] INFO  impl.RoleInfo (RoleInfo.java:shutdownLeaderElection(134)) - 327657b1-60f8-49f2-b2a3-f63e1f934942: shutdown LeaderElection
2019-10-18 14:58:34,201 [327657b1-60f8-49f2-b2a3-f63e1f934942@group-58A987F56150-LeaderElection251] INFO  impl.RoleInfo (RoleInfo.java:updateAndGet(143)) - 327657b1-60f8-49f2-b2a3-f63e1f934942: start FollowerState
2019-10-18 14:58:34,237 [Thread-1966] INFO  impl.FollowerState (FollowerState.java:run(108)) - 327657b1-60f8-49f2-b2a3-f63e1f934942@group-58A987F56150-FollowerState: change to CANDIDATE, lastRpcTime:35ms, electionTimeout:35ms
2019-10-18 14:58:34,237 [Thread-1966] INFO  impl.RoleInfo (RoleInfo.java:shutdownFollowerState(121)) - 327657b1-60f8-49f2-b2a3-f63e1f934942: shutdown FollowerState
2019-10-18 14:58:34,237 [Thread-1966] INFO  impl.RaftServerImpl (RaftServerImpl.java:setRole(184)) - 327657b1-60f8-49f2-b2a3-f63e1f934942@group-58A987F56150: changes role from  FOLLOWER to CANDIDATE at term 290 for changeToCandidate
2019-10-18 14:58:34,238 [Thread-1966] INFO  impl.RoleInfo (RoleInfo.java:updateAndGet(143)) - 327657b1-60f8-49f2-b2a3-f63e1f934942: start LeaderElection
2019-10-18 14:58:34,252 [327657b1-60f8-49f2-b2a3-f63e1f934942@group-58A987F56150-LeaderElection252] INFO  impl.LeaderElection (LeaderElection.java:askForVotes(178)) - 327657b1-60f8-49f2-b2a3-f63e1f934942@group-58A987F56150-LeaderElection252: begin an election at term 291 for -1: [6605b8a5-570b-4977-9ee7-6aaf3012bed5:192.168.164.233:35223, 327657b1-60f8-49f2-b2a3-f63e1f934942:192.168.164.233:41966, ddd4789c-894d-475a-bbfb-f6e7aa670c92:192.168.164.233:41061], old=null
2019-10-18 14:58:34,254 [grpc-default-executor-3] INFO  impl.RaftServerImpl (RaftServerImpl.java:setRole(184)) - 6605b8a5-570b-4977-9ee7-6aaf3012bed5@group-58A987F56150: changes role from  FOLLOWER to FOLLOWER at term 291 for recognizeCandidate:327657b1-60f8-49f2-b2a3-f63e1f934942
2019-10-18 14:58:34,254 [grpc-default-executor-3] INFO  impl.RoleInfo (RoleInfo.java:shutdownFollowerState(121)) - 6605b8a5-570b-4977-9ee7-6aaf3012bed5: shutdown FollowerState
2019-10-18 14:58:34,254 [grpc-default-executor-2] INFO  impl.RaftServerImpl (RaftServerImpl.java:setRole(184)) - ddd4789c-894d-475a-bbfb-f6e7aa670c92@group-58A987F56150: changes role from  FOLLOWER to FOLLOWER at term 291 for recognizeCandidate:327657b1-60f8-49f2-b2a3-f63e1f934942
2019-10-18 14:58:34,254 [Thread-1964] INFO  impl.FollowerState (FollowerState.java:run(117)) - 6605b8a5-570b-4977-9ee7-6aaf3012bed5@group-58A987F56150-FollowerState was interrupted: java.lang.InterruptedException: sleep interrupted
2019-10-18 14:58:34,254 [grpc-default-executor-3] INFO  impl.RoleInfo (RoleInfo.java:updateAndGet(143)) - 6605b8a5-570b-4977-9ee7-6aaf3012bed5: start FollowerState
2019-10-18 14:58:34,254 [grpc-default-executor-2] INFO  impl.RoleInfo (RoleInfo.java:shutdownFollowerState(121)) - ddd4789c-894d-475a-bbfb-f6e7aa670c92: shutdown FollowerState
2019-10-18 14:58:34,255 [grpc-default-executor-2] INFO  impl.RoleInfo (RoleInfo.java:updateAndGet(143)) - ddd4789c-894d-475a-bbfb-f6e7aa670c92: start FollowerState
2019-10-18 14:58:34,255 [Thread-1965] INFO  impl.FollowerState (FollowerState.java:run(117)) - ddd4789c-894d-475a-bbfb-f6e7aa670c92@group-58A987F56150-FollowerState was interrupted: java.lang.InterruptedException: sleep interrupted
2019-10-18 14:58:34,277 [327657b1-60f8-49f2-b2a3-f63e1f934942@group-58A987F56150-LeaderElection252] INFO  impl.LeaderElection (LeaderElection.java:logAndReturn(56)) - 327657b1-60f8-49f2-b2a3-f63e1f934942@group-58A987F56150-LeaderElection252: Election REJECTED; received 2 response(s) [327657b1-60f8-49f2-b2a3-f63e1f934942<-6605b8a5-570b-4977-9ee7-6aaf3012bed5#0:FAIL-t291, 327657b1-60f8-49f2-b2a3-f63e1f934942<-ddd4789c-894d-475a-bbfb-f6e7aa670c92#0:FAIL-t291] and 0 exception(s); 327657b1-60f8-49f2-b2a3-f63e1f934942@group-58A987F56150:t291, leader=null, voted=327657b1-60f8-49f2-b2a3-f63e1f934942, raftlog=327657b1-60f8-49f2-b2a3-f63e1f934942@group-58A987F56150-SegmentedRaftLog:OPENED:c-1,f-1,i0, conf=-1: [6605b8a5-570b-4977-9ee7-6aaf3012bed5:192.168.164.233:35223, 327657b1-60f8-49f2-b2a3-f63e1f934942:192.168.164.233:41966, ddd4789c-894d-475a-bbfb-f6e7aa670c92:192.168.164.233:41061], old=null
2019-10-18 14:58:34,277 [327657b1-60f8-49f2-b2a3-f63e1f934942@group-58A987F56150-LeaderElection252] INFO  impl.RaftServerImpl (RaftServerImpl.java:setRole(184)) - 327657b1-60f8-49f2-b2a3-f63e1f934942@group-58A987F56150: changes role from CANDIDATE to FOLLOWER at term 291 for DISCOVERED_A_NEW_TERM
2019-10-18 14:58:34,277 [327657b1-60f8-49f2-b2a3-f63e1f934942@group-58A987F56150-LeaderElection252] INFO  impl.RoleInfo (RoleInfo.java:shutdownLeaderElection(134)) - 327657b1-60f8-49f2-b2a3-f63e1f934942: shutdown LeaderElection
2019-10-18 14:58:34,278 [327657b1-60f8-49f2-b2a3-f63e1f934942@group-58A987F56150-LeaderElection252] INFO  impl.RoleInfo (RoleInfo.java:updateAndGet(143)) - 327657b1-60f8-49f2-b2a3-f63e1f934942: start FollowerState
2019-10-18 14:58:34,342 [Thread-1972] INFO  impl.FollowerState (FollowerState.java:run(108)) - 327657b1-60f8-49f2-b2a3-f63e1f934942@group-58A987F56150-FollowerState: change to CANDIDATE, lastRpcTime:64ms, electionTimeout:64ms
2019-10-18 14:58:34,342 [Thread-1972] INFO  impl.RoleInfo (RoleInfo.java:shutdownFollowerState(121)) - 327657b1-60f8-49f2-b2a3-f63e1f934942: shutdown FollowerState
2019-10-18 14:58:34,342 [Thread-1972] INFO  impl.RaftServerImpl (RaftServerImpl.java:setRole(184)) - 327657b1-60f8-49f2-b2a3-f63e1f934942@group-58A987F56150: changes role from  FOLLOWER to CANDIDATE at term 291 for changeToCandidate
2019-10-18 14:58:34,342 [Thread-1972] INFO  impl.RoleInfo (RoleInfo.java:updateAndGet(143)) - 327657b1-60f8-49f2-b2a3-f63e1f934942: start LeaderElection
2019-10-18 14:58:34,356 [327657b1-60f8-49f2-b2a3-f63e1f934942@group-58A987F56150-LeaderElection253] INFO  impl.LeaderElection (LeaderElection.java:askForVotes(178)) - 327657b1-60f8-49f2-b2a3-f63e1f934942@group-58A987F56150-LeaderElection253: begin an election at term 292 for -1: [6605b8a5-570b-4977-9ee7-6aaf3012bed5:192.168.164.233:35223, 327657b1-60f8-49f2-b2a3-f63e1f934942:192.168.164.233:41966, ddd4789c-894d-475a-bbfb-f6e7aa670c92:192.168.164.233:41061], old=null
2019-10-18 14:58:34,358 [grpc-default-executor-2] INFO  impl.RaftServerImpl (RaftServerImpl.java:setRole(184)) - ddd4789c-894d-475a-bbfb-f6e7aa670c92@group-58A987F56150: changes role from  FOLLOWER to FOLLOWER at term 292 for recognizeCandidate:327657b1-60f8-49f2-b2a3-f63e1f934942
2019-10-18 14:58:34,358 [grpc-default-executor-2] INFO  impl.RoleInfo (RoleInfo.java:shutdownFollowerState(121)) - ddd4789c-894d-475a-bbfb-f6e7aa670c92: shutdown FollowerState
2019-10-18 14:58:34,358 [grpc-default-executor-2] INFO  impl.RoleInfo (RoleInfo.java:updateAndGet(143)) - ddd4789c-894d-475a-bbfb-f6e7aa670c92: start FollowerState
2019-10-18 14:58:34,358 [grpc-default-executor-3] INFO  impl.RaftServerImpl (RaftServerImpl.java:setRole(184)) - 6605b8a5-570b-4977-9ee7-6aaf3012bed5@group-58A987F56150: changes role from  FOLLOWER to FOLLOWER at term 292 for recognizeCandidate:327657b1-60f8-49f2-b2a3-f63e1f934942
2019-10-18 14:58:34,358 [Thread-1971] INFO  impl.FollowerState (FollowerState.java:run(117)) - ddd4789c-894d-475a-bbfb-f6e7aa670c92@group-58A987F56150-FollowerState was interrupted: java.lang.InterruptedException: sleep interrupted
2019-10-18 14:58:34,359 [grpc-default-executor-3] INFO  impl.RoleInfo (RoleInfo.java:shutdownFollowerState(121)) - 6605b8a5-570b-4977-9ee7-6aaf3012bed5: shutdown FollowerState
2019-10-18 14:58:34,359 [grpc-default-executor-3] INFO  impl.RoleInfo (RoleInfo.java:updateAndGet(143)) - 6605b8a5-570b-4977-9ee7-6aaf3012bed5: start FollowerState
2019-10-18 14:58:34,359 [Thread-1970] INFO  impl.FollowerState (FollowerState.java:run(117)) - 6605b8a5-570b-4977-9ee7-6aaf3012bed5@group-58A987F56150-FollowerState was interrupted: java.lang.InterruptedException: sleep interrupted
2019-10-18 14:58:34,373 [327657b1-60f8-49f2-b2a3-f63e1f934942@group-58A987F56150-LeaderElection253] INFO  impl.LeaderElection (LeaderElection.java:logAndReturn(56)) - 327657b1-60f8-49f2-b2a3-f63e1f934942@group-58A987F56150-LeaderElection253: Election REJECTED; received 2 response(s) [327657b1-60f8-49f2-b2a3-f63e1f934942<-6605b8a5-570b-4977-9ee7-6aaf3012bed5#0:FAIL-t292, 327657b1-60f8-49f2-b2a3-f63e1f934942<-ddd4789c-894d-475a-bbfb-f6e7aa670c92#0:FAIL-t292] and 0 exception(s); 327657b1-60f8-49f2-b2a3-f63e1f934942@group-58A987F56150:t292, leader=null, voted=327657b1-60f8-49f2-b2a3-f63e1f934942, raftlog=327657b1-60f8-49f2-b2a3-f63e1f934942@group-58A987F56150-SegmentedRaftLog:OPENED:c-1,f-1,i0, conf=-1: [6605b8a5-570b-4977-9ee7-6aaf3012bed5:192.168.164.233:35223, 327657b1-60f8-49f2-b2a3-f63e1f934942:192.168.164.233:41966, ddd4789c-894d-475a-bbfb-f6e7aa670c92:192.168.164.233:41061], old=null
2019-10-18 14:58:34,373 [327657b1-60f8-49f2-b2a3-f63e1f934942@group-58A987F56150-LeaderElection253] INFO  impl.RaftServerImpl (RaftServerImpl.java:setRole(184)) - 327657b1-60f8-49f2-b2a3-f63e1f934942@group-58A987F56150: changes role from CANDIDATE to FOLLOWER at term 292 for DISCOVERED_A_NEW_TERM
2019-10-18 14:58:34,373 [327657b1-60f8-49f2-b2a3-f63e1f934942@group-58A987F56150-LeaderElection253] INFO  impl.RoleInfo (RoleInfo.java:shutdownLeaderElection(134)) - 327657b1-60f8-49f2-b2a3-f63e1f934942: shutdown LeaderElection
2019-10-18 14:58:34,373 [327657b1-60f8-49f2-b2a3-f63e1f934942@group-58A987F56150-LeaderElection253] INFO  impl.RoleInfo (RoleInfo.java:updateAndGet(143)) - 327657b1-60f8-49f2-b2a3-f63e1f934942: start FollowerState
2019-10-18 14:58:34,379 [Thread-1978] INFO  impl.FollowerState (FollowerState.java:run(108)) - 327657b1-60f8-49f2-b2a3-f63e1f934942@group-58A987F56150-FollowerState: change to CANDIDATE, lastRpcTime:5ms, electionTimeout:5ms
2019-10-18 14:58:34,379 [Thread-1978] INFO  impl.RoleInfo (RoleInfo.java:shutdownFollowerState(121)) - 327657b1-60f8-49f2-b2a3-f63e1f934942: shutdown FollowerState
2019-10-18 14:58:34,379 [Thread-1978] INFO  impl.RaftServerImpl (RaftServerImpl.java:setRole(184)) - 327657b1-60f8-49f2-b2a3-f63e1f934942@group-58A987F56150: changes role from  FOLLOWER to CANDIDATE at term 292 for changeToCandidate
2019-10-18 14:58:34,379 [Thread-1978] INFO  impl.RoleInfo (RoleInfo.java:updateAndGet(143)) - 327657b1-60f8-49f2-b2a3-f63e1f934942: start LeaderElection
2019-10-18 14:58:34,393 [327657b1-60f8-49f2-b2a3-f63e1f934942@group-58A987F56150-LeaderElection254] INFO  impl.LeaderElection (LeaderElection.java:askForVotes(178)) - 327657b1-60f8-49f2-b2a3-f63e1f934942@group-58A987F56150-LeaderElection254: begin an election at term 293 for -1: [6605b8a5-570b-4977-9ee7-6aaf3012bed5:192.168.164.233:35223, 327657b1-60f8-49f2-b2a3-f63e1f934942:192.168.164.233:41966, ddd4789c-894d-475a-bbfb-f6e7aa670c92:192.168.164.233:41061], old=null
2019-10-18 14:58:34,394 [grpc-default-executor-3] INFO  impl.RaftServerImpl (RaftServerImpl.java:setRole(184)) - 6605b8a5-570b-4977-9ee7-6aaf3012bed5@group-58A987F56150: changes role from  FOLLOWER to FOLLOWER at term 293 for recognizeCandidate:327657b1-60f8-49f2-b2a3-f63e1f934942
2019-10-18 14:58:34,394 [grpc-default-executor-3] INFO  impl.RoleInfo (RoleInfo.java:shutdownFollowerState(121)) - 6605b8a5-570b-4977-9ee7-6aaf3012bed5: shutdown FollowerState
2019-10-18 14:58:34,394 [grpc-default-executor-2] INFO  impl.RaftServerImpl (RaftServerImpl.java:setRole(184)) - ddd4789c-894d-475a-bbfb-f6e7aa670c92@group-58A987F56150: changes role from  FOLLOWER to FOLLOWER at term 293 for recognizeCandidate:327657b1-60f8-49f2-b2a3-f63e1f934942
2019-10-18 14:58:34,394 [Thread-1977] INFO  impl.FollowerState (FollowerState.java:run(117)) - 6605b8a5-570b-4977-9ee7-6aaf3012bed5@group-58A987F56150-FollowerState was interrupted: java.lang.InterruptedException: sleep interrupted
2019-10-18 14:58:34,394 [grpc-default-executor-3] INFO  impl.RoleInfo (RoleInfo.java:updateAndGet(143)) - 6605b8a5-570b-4977-9ee7-6aaf3012bed5: start FollowerState
2019-10-18 14:58:34,395 [grpc-default-executor-2] INFO  impl.RoleInfo (RoleInfo.java:shutdownFollowerState(121)) - ddd4789c-894d-475a-bbfb-f6e7aa670c92: shutdown FollowerState
2019-10-18 14:58:34,395 [grpc-default-executor-2] INFO  impl.RoleInfo (RoleInfo.java:updateAndGet(143)) - ddd4789c-894d-475a-bbfb-f6e7aa670c92: start FollowerState
2019-10-18 14:58:34,395 [Thread-1976] INFO  impl.FollowerState (FollowerState.java:run(117)) - ddd4789c-894d-475a-bbfb-f6e7aa670c92@group-58A987F56150-FollowerState was interrupted: java.lang.InterruptedException: sleep interrupted
2019-10-18 14:58:34,421 [327657b1-60f8-49f2-b2a3-f63e1f934942@group-58A987F56150-LeaderElection254] INFO  impl.LeaderElection (LeaderElection.java:logAndReturn(56)) - 327657b1-60f8-49f2-b2a3-f63e1f934942@group-58A987F56150-LeaderElection254: Election REJECTED; received 2 response(s) [327657b1-60f8-49f2-b2a3-f63e1f934942<-6605b8a5-570b-4977-9ee7-6aaf3012bed5#0:FAIL-t293, 327657b1-60f8-49f2-b2a3-f63e1f934942<-ddd4789c-894d-475a-bbfb-f6e7aa670c92#0:FAIL-t293] and 0 exception(s); 327657b1-60f8-49f2-b2a3-f63e1f934942@group-58A987F56150:t293, leader=null, voted=327657b1-60f8-49f2-b2a3-f63e1f934942, raftlog=327657b1-60f8-49f2-b2a3-f63e1f934942@group-58A987F56150-SegmentedRaftLog:OPENED:c-1,f-1,i0, conf=-1: [6605b8a5-570b-4977-9ee7-6aaf3012bed5:192.168.164.233:35223, 327657b1-60f8-49f2-b2a3-f63e1f934942:192.168.164.233:41966, ddd4789c-894d-475a-bbfb-f6e7aa670c92:192.168.164.233:41061], old=null
2019-10-18 14:58:34,421 [327657b1-60f8-49f2-b2a3-f63e1f934942@group-58A987F56150-LeaderElection254] INFO  impl.RaftServerImpl (RaftServerImpl.java:setRole(184)) - 327657b1-60f8-49f2-b2a3-f63e1f934942@group-58A987F56150: changes role from CANDIDATE to FOLLOWER at term 293 for DISCOVERED_A_NEW_TERM
2019-10-18 14:58:34,421 [327657b1-60f8-49f2-b2a3-f63e1f934942@group-58A987F56150-LeaderElection254] INFO  impl.RoleInfo (RoleInfo.java:shutdownLeaderElection(134)) - 327657b1-60f8-49f2-b2a3-f63e1f934942: shutdown LeaderElection
2019-10-18 14:58:34,422 [327657b1-60f8-49f2-b2a3-f63e1f934942@group-58A987F56150-LeaderElection254] INFO  impl.RoleInfo (RoleInfo.java:updateAndGet(143)) - 327657b1-60f8-49f2-b2a3-f63e1f934942: start FollowerState
2019-10-18 14:58:34,517 [Thread-1984] INFO  impl.FollowerState (FollowerState.java:run(108)) - 327657b1-60f8-49f2-b2a3-f63e1f934942@group-58A987F56150-FollowerState: change to CANDIDATE, lastRpcTime:95ms, electionTimeout:95ms
2019-10-18 14:58:34,517 [Thread-1984] INFO  impl.RoleInfo (RoleInfo.java:shutdownFollowerState(121)) - 327657b1-60f8-49f2-b2a3-f63e1f934942: shutdown FollowerState
2019-10-18 14:58:34,517 [Thread-1984] INFO  impl.RaftServerImpl (RaftServerImpl.java:setRole(184)) - 327657b1-60f8-49f2-b2a3-f63e1f934942@group-58A987F56150: changes role from  FOLLOWER to CANDIDATE at term 293 for changeToCandidate
2019-10-18 14:58:34,517 [Thread-1984] INFO  impl.RoleInfo (RoleInfo.java:updateAndGet(143)) - 327657b1-60f8-49f2-b2a3-f63e1f934942: start LeaderElection
2019-10-18 14:58:34,542 [327657b1-60f8-49f2-b2a3-f63e1f934942@group-58A987F56150-LeaderElection255] INFO  impl.LeaderElection (LeaderElection.java:askForVotes(178)) - 327657b1-60f8-49f2-b2a3-f63e1f934942@group-58A987F56150-LeaderElection255: begin an election at term 294 for -1: [6605b8a5-570b-4977-9ee7-6aaf3012bed5:192.168.164.233:35223, 327657b1-60f8-49f2-b2a3-f63e1f934942:192.168.164.233:41966, ddd4789c-894d-475a-bbfb-f6e7aa670c92:192.168.164.233:41061], old=null
2019-10-18 14:58:34,545 [grpc-default-executor-2] INFO  impl.RaftServerImpl (RaftServerImpl.java:setRole(184)) - 6605b8a5-570b-4977-9ee7-6aaf3012bed5@group-58A987F56150: changes role from  FOLLOWER to FOLLOWER at term 294 for recognizeCandidate:327657b1-60f8-49f2-b2a3-f63e1f934942
2019-10-18 14:58:34,545 [grpc-default-executor-2] INFO  impl.RoleInfo (RoleInfo.java:shutdownFollowerState(121)) - 6605b8a5-570b-4977-9ee7-6aaf3012bed5: shutdown FollowerState
2019-10-18 14:58:34,545 [grpc-default-executor-3] INFO  impl.RaftServerImpl (RaftServerImpl.java:setRole(184)) - ddd4789c-894d-475a-bbfb-f6e7aa670c92@group-58A987F56150: changes role from  FOLLOWER to FOLLOWER at term 294 for recognizeCandidate:327657b1-60f8-49f2-b2a3-f63e1f934942
2019-10-18 14:58:34,545 [Thread-1982] INFO  impl.FollowerState (FollowerState.java:run(117)) - 6605b8a5-570b-4977-9ee7-6aaf3012bed5@group-58A987F56150-FollowerState was interrupted: java.lang.InterruptedException: sleep interrupted
2019-10-18 14:58:34,545 [grpc-default-executor-2] INFO  impl.RoleInfo (RoleInfo.java:updateAndGet(143)) - 6605b8a5-570b-4977-9ee7-6aaf3012bed5: start FollowerState
2019-10-18 14:58:34,545 [grpc-default-executor-3] INFO  impl.RoleInfo (RoleInfo.java:shutdownFollowerState(121)) - ddd4789c-894d-475a-bbfb-f6e7aa670c92: shutdown FollowerState
2019-10-18 14:58:34,545 [grpc-default-executor-3] INFO  impl.RoleInfo (RoleInfo.java:updateAndGet(143)) - ddd4789c-894d-475a-bbfb-f6e7aa670c92: start FollowerState
2019-10-18 14:58:34,545 [Thread-1983] INFO  impl.FollowerState (FollowerState.java:run(117)) - ddd4789c-894d-475a-bbfb-f6e7aa670c92@group-58A987F56150-FollowerState was interrupted: java.lang.InterruptedException: sleep interrupted
2019-10-18 14:58:34,553 [327657b1-60f8-49f2-b2a3-f63e1f934942@group-58A987F56150-LeaderElection255] INFO  impl.LeaderElection (LeaderElection.java:logAndReturn(56)) - 327657b1-60f8-49f2-b2a3-f63e1f934942@group-58A987F56150-LeaderElection255: Election REJECTED; received 2 response(s) [327657b1-60f8-49f2-b2a3-f63e1f934942<-6605b8a5-570b-4977-9ee7-6aaf3012bed5#0:FAIL-t294, 327657b1-60f8-49f2-b2a3-f63e1f934942<-ddd4789c-894d-475a-bbfb-f6e7aa670c92#0:FAIL-t294] and 0 exception(s); 327657b1-60f8-49f2-b2a3-f63e1f934942@group-58A987F56150:t294, leader=null, voted=327657b1-60f8-49f2-b2a3-f63e1f934942, raftlog=327657b1-60f8-49f2-b2a3-f63e1f934942@group-58A987F56150-SegmentedRaftLog:OPENED:c-1,f-1,i0, conf=-1: [6605b8a5-570b-4977-9ee7-6aaf3012bed5:192.168.164.233:35223, 327657b1-60f8-49f2-b2a3-f63e1f934942:192.168.164.233:41966, ddd4789c-894d-475a-bbfb-f6e7aa670c92:192.168.164.233:41061], old=null
2019-10-18 14:58:34,553 [327657b1-60f8-49f2-b2a3-f63e1f934942@group-58A987F56150-LeaderElection255] INFO  impl.RaftServerImpl (RaftServerImpl.java:setRole(184)) - 327657b1-60f8-49f2-b2a3-f63e1f934942@group-58A987F56150: changes role from CANDIDATE to FOLLOWER at term 294 for DISCOVERED_A_NEW_TERM
2019-10-18 14:58:34,553 [327657b1-60f8-49f2-b2a3-f63e1f934942@group-58A987F56150-LeaderElection255] INFO  impl.RoleInfo (RoleInfo.java:shutdownLeaderElection(134)) - 327657b1-60f8-49f2-b2a3-f63e1f934942: shutdown LeaderElection
2019-10-18 14:58:34,553 [327657b1-60f8-49f2-b2a3-f63e1f934942@group-58A987F56150-LeaderElection255] INFO  impl.RoleInfo (RoleInfo.java:updateAndGet(143)) - 327657b1-60f8-49f2-b2a3-f63e1f934942: start FollowerState
2019-10-18 14:58:34,582 [Thread-1990] INFO  impl.FollowerState (FollowerState.java:run(108)) - 327657b1-60f8-49f2-b2a3-f63e1f934942@group-58A987F56150-FollowerState: change to CANDIDATE, lastRpcTime:29ms, electionTimeout:29ms
2019-10-18 14:58:34,582 [Thread-1990] INFO  impl.RoleInfo (RoleInfo.java:shutdownFollowerState(121)) - 327657b1-60f8-49f2-b2a3-f63e1f934942: shutdown FollowerState
2019-10-18 14:58:34,583 [Thread-1990] INFO  impl.RaftServerImpl (RaftServerImpl.java:setRole(184)) - 327657b1-60f8-49f2-b2a3-f63e1f934942@group-58A987F56150: changes role from  FOLLOWER to CANDIDATE at term 294 for changeToCandidate
2019-10-18 14:58:34,583 [Thread-1990] INFO  impl.RoleInfo (RoleInfo.java:updateAndGet(143)) - 327657b1-60f8-49f2-b2a3-f63e1f934942: start LeaderElection
2019-10-18 14:58:34,597 [327657b1-60f8-49f2-b2a3-f63e1f934942@group-58A987F56150-LeaderElection256] INFO  impl.LeaderElection (LeaderElection.java:askForVotes(178)) - 327657b1-60f8-49f2-b2a3-f63e1f934942@group-58A987F56150-LeaderElection256: begin an election at term 295 for -1: [6605b8a5-570b-4977-9ee7-6aaf3012bed5:192.168.164.233:35223, 327657b1-60f8-49f2-b2a3-f63e1f934942:192.168.164.233:41966, ddd4789c-894d-475a-bbfb-f6e7aa670c92:192.168.164.233:41061], old=null
2019-10-18 14:58:34,599 [grpc-default-executor-3] INFO  impl.RaftServerImpl (RaftServerImpl.java:setRole(184)) - 6605b8a5-570b-4977-9ee7-6aaf3012bed5@group-58A987F56150: changes role from  FOLLOWER to FOLLOWER at term 295 for recognizeCandidate:327657b1-60f8-49f2-b2a3-f63e1f934942
2019-10-18 14:58:34,599 [grpc-default-executor-3] INFO  impl.RoleInfo (RoleInfo.java:shutdownFollowerState(121)) - 6605b8a5-570b-4977-9ee7-6aaf3012bed5: shutdown FollowerState
2019-10-18 14:58:34,599 [grpc-default-executor-2] INFO  impl.RaftServerImpl (RaftServerImpl.java:setRole(184)) - ddd4789c-894d-475a-bbfb-f6e7aa670c92@group-58A987F56150: changes role from  FOLLOWER to FOLLOWER at term 295 for recognizeCandidate:327657b1-60f8-49f2-b2a3-f63e1f934942
2019-10-18 14:58:34,600 [grpc-default-executor-2] INFO  impl.RoleInfo (RoleInfo.java:shutdownFollowerState(121)) - ddd4789c-894d-475a-bbfb-f6e7aa670c92: shutdown FollowerState
2019-10-18 14:58:34,599 [Thread-1988] INFO  impl.FollowerState (FollowerState.java:run(117)) - 6605b8a5-570b-4977-9ee7-6aaf3012bed5@group-58A987F56150-FollowerState was interrupted: java.lang.InterruptedException: sleep interrupted
2019-10-18 14:58:34,599 [grpc-default-executor-3] INFO  impl.RoleInfo (RoleInfo.java:updateAndGet(143)) - 6605b8a5-570b-4977-9ee7-6aaf3012bed5: start FollowerState
2019-10-18 14:58:34,600 [Thread-1989] INFO  impl.FollowerState (FollowerState.java:run(117)) - ddd4789c-894d-475a-bbfb-f6e7aa670c92@group-58A987F56150-FollowerState was interrupted: java.lang.InterruptedException: sleep interrupted
2019-10-18 14:58:34,600 [grpc-default-executor-2] INFO  impl.RoleInfo (RoleInfo.java:updateAndGet(143)) - ddd4789c-894d-475a-bbfb-f6e7aa670c92: start FollowerState
2019-10-18 14:58:34,606 [327657b1-60f8-49f2-b2a3-f63e1f934942@group-58A987F56150-LeaderElection256] INFO  impl.LeaderElection (LeaderElection.java:logAndReturn(56)) - 327657b1-60f8-49f2-b2a3-f63e1f934942@group-58A987F56150-LeaderElection256: Election TIMEOUT; received 0 response(s) [] and 0 exception(s); 327657b1-60f8-49f2-b2a3-f63e1f934942@group-58A987F56150:t295, leader=null, voted=327657b1-60f8-49f2-b2a3-f63e1f934942, raftlog=327657b1-60f8-49f2-b2a3-f63e1f934942@group-58A987F56150-SegmentedRaftLog:OPENED:c-1,f-1,i0, conf=-1: [6605b8a5-570b-4977-9ee7-6aaf3012bed5:192.168.164.233:35223, 327657b1-60f8-49f2-b2a3-f63e1f934942:192.168.164.233:41966, ddd4789c-894d-475a-bbfb-f6e7aa670c92:192.168.164.233:41061], old=null
2019-10-18 14:58:34,626 [327657b1-60f8-49f2-b2a3-f63e1f934942@group-58A987F56150-LeaderElection256] INFO  impl.LeaderElection (LeaderElection.java:askForVotes(178)) - 327657b1-60f8-49f2-b2a3-f63e1f934942@group-58A987F56150-LeaderElection256: begin an election at term 296 for -1: [6605b8a5-570b-4977-9ee7-6aaf3012bed5:192.168.164.233:35223, 327657b1-60f8-49f2-b2a3-f63e1f934942:192.168.164.233:41966, ddd4789c-894d-475a-bbfb-f6e7aa670c92:192.168.164.233:41061], old=null
2019-10-18 14:58:34,629 [grpc-default-executor-3] INFO  impl.RaftServerImpl (RaftServerImpl.java:setRole(184)) - 6605b8a5-570b-4977-9ee7-6aaf3012bed5@group-58A987F56150: changes role from  FOLLOWER to FOLLOWER at term 296 for recognizeCandidate:327657b1-60f8-49f2-b2a3-f63e1f934942
2019-10-18 14:58:34,629 [grpc-default-executor-2] INFO  impl.RaftServerImpl (RaftServerImpl.java:setRole(184)) - ddd4789c-894d-475a-bbfb-f6e7aa670c92@group-58A987F56150: changes role from  FOLLOWER to FOLLOWER at term 296 for recognizeCandidate:327657b1-60f8-49f2-b2a3-f63e1f934942
2019-10-18 14:58:34,629 [grpc-default-executor-2] INFO  impl.RoleInfo (RoleInfo.java:shutdownFollowerState(121)) - ddd4789c-894d-475a-bbfb-f6e7aa670c92: shutdown FollowerState
2019-10-18 14:58:34,629 [grpc-default-executor-3] INFO  impl.RoleInfo (RoleInfo.java:shutdownFollowerState(121)) - 6605b8a5-570b-4977-9ee7-6aaf3012bed5: shutdown FollowerState
2019-10-18 14:58:34,629 [Thread-1995] INFO  impl.FollowerState (FollowerState.java:run(117)) - ddd4789c-894d-475a-bbfb-f6e7aa670c92@group-58A987F56150-FollowerState was interrupted: java.lang.InterruptedException: sleep interrupted
2019-10-18 14:58:34,629 [grpc-default-executor-2] INFO  impl.RoleInfo (RoleInfo.java:updateAndGet(143)) - ddd4789c-894d-475a-bbfb-f6e7aa670c92: start FollowerState
2019-10-18 14:58:34,629 [Thread-1994] INFO  impl.FollowerState (FollowerState.java:run(117)) - 6605b8a5-570b-4977-9ee7-6aaf3012bed5@group-58A987F56150-FollowerState was interrupted: java.lang.InterruptedException: sleep interrupted
2019-10-18 14:58:34,629 [grpc-default-executor-3] INFO  impl.RoleInfo (RoleInfo.java:updateAndGet(143)) - 6605b8a5-570b-4977-9ee7-6aaf3012bed5: start FollowerState
2019-10-18 14:58:34,643 [327657b1-60f8-49f2-b2a3-f63e1f934942@group-58A987F56150-LeaderElection256] INFO  impl.LeaderElection (LeaderElection.java:logAndReturn(56)) - 327657b1-60f8-49f2-b2a3-f63e1f934942@group-58A987F56150-LeaderElection256: Election REJECTED; received 2 response(s) [327657b1-60f8-49f2-b2a3-f63e1f934942<-6605b8a5-570b-4977-9ee7-6aaf3012bed5#0:FAIL-t296, 327657b1-60f8-49f2-b2a3-f63e1f934942<-ddd4789c-894d-475a-bbfb-f6e7aa670c92#0:FAIL-t296] and 0 exception(s); 327657b1-60f8-49f2-b2a3-f63e1f934942@group-58A987F56150:t296, leader=null, voted=327657b1-60f8-49f2-b2a3-f63e1f934942, raftlog=327657b1-60f8-49f2-b2a3-f63e1f934942@group-58A987F56150-SegmentedRaftLog:OPENED:c-1,f-1,i0, conf=-1: [6605b8a5-570b-4977-9ee7-6aaf3012bed5:192.168.164.233:35223, 327657b1-60f8-49f2-b2a3-f63e1f934942:192.168.164.233:41966, ddd4789c-894d-475a-bbfb-f6e7aa670c92:192.168.164.233:41061], old=null
2019-10-18 14:58:34,643 [327657b1-60f8-49f2-b2a3-f63e1f934942@group-58A987F56150-LeaderElection256] INFO  impl.RaftServerImpl (RaftServerImpl.java:setRole(184)) - 327657b1-60f8-49f2-b2a3-f63e1f934942@group-58A987F56150: changes role from CANDIDATE to FOLLOWER at term 296 for DISCOVERED_A_NEW_TERM
2019-10-18 14:58:34,643 [327657b1-60f8-49f2-b2a3-f63e1f934942@group-58A987F56150-LeaderElection256] INFO  impl.RoleInfo (RoleInfo.java:shutdownLeaderElection(134)) - 327657b1-60f8-49f2-b2a3-f63e1f934942: shutdown LeaderElection
2019-10-18 14:58:34,643 [327657b1-60f8-49f2-b2a3-f63e1f934942@group-58A987F56150-LeaderElection256] INFO  impl.RoleInfo (RoleInfo.java:updateAndGet(143)) - 327657b1-60f8-49f2-b2a3-f63e1f934942: start FollowerState
2019-10-18 14:58:34,806 [Thread-2000] INFO  impl.FollowerState (FollowerState.java:run(108)) - 327657b1-60f8-49f2-b2a3-f63e1f934942@group-58A987F56150-FollowerState: change to CANDIDATE, lastRpcTime:162ms, electionTimeout:162ms
2019-10-18 14:58:34,806 [Thread-2000] INFO  impl.RoleInfo (RoleInfo.java:shutdownFollowerState(121)) - 327657b1-60f8-49f2-b2a3-f63e1f934942: shutdown FollowerState
2019-10-18 14:58:34,806 [Thread-2000] INFO  impl.RaftServerImpl (RaftServerImpl.java:setRole(184)) - 327657b1-60f8-49f2-b2a3-f63e1f934942@group-58A987F56150: changes role from  FOLLOWER to CANDIDATE at term 296 for changeToCandidate
2019-10-18 14:58:34,806 [Thread-2000] INFO  impl.RoleInfo (RoleInfo.java:updateAndGet(143)) - 327657b1-60f8-49f2-b2a3-f63e1f934942: start LeaderElection
2019-10-18 14:58:34,824 [327657b1-60f8-49f2-b2a3-f63e1f934942@group-58A987F56150-LeaderElection257] INFO  impl.LeaderElection (LeaderElection.java:askForVotes(178)) - 327657b1-60f8-49f2-b2a3-f63e1f934942@group-58A987F56150-LeaderElection257: begin an election at term 297 for -1: [6605b8a5-570b-4977-9ee7-6aaf3012bed5:192.168.164.233:35223, 327657b1-60f8-49f2-b2a3-f63e1f934942:192.168.164.233:41966, ddd4789c-894d-475a-bbfb-f6e7aa670c92:192.168.164.233:41061], old=null
2019-10-18 14:58:34,827 [grpc-default-executor-3] INFO  impl.RaftServerImpl (RaftServerImpl.java:setRole(184)) - 6605b8a5-570b-4977-9ee7-6aaf3012bed5@group-58A987F56150: changes role from  FOLLOWER to FOLLOWER at term 297 for recognizeCandidate:327657b1-60f8-49f2-b2a3-f63e1f934942
2019-10-18 14:58:34,827 [grpc-default-executor-3] INFO  impl.RoleInfo (RoleInfo.java:shutdownFollowerState(121)) - 6605b8a5-570b-4977-9ee7-6aaf3012bed5: shutdown FollowerState
2019-10-18 14:58:34,827 [grpc-default-executor-2] INFO  impl.RaftServerImpl (RaftServerImpl.java:setRole(184)) - ddd4789c-894d-475a-bbfb-f6e7aa670c92@group-58A987F56150: changes role from  FOLLOWER to FOLLOWER at term 297 for recognizeCandidate:327657b1-60f8-49f2-b2a3-f63e1f934942
2019-10-18 14:58:34,827 [grpc-default-executor-2] INFO  impl.RoleInfo (RoleInfo.java:shutdownFollowerState(121)) - ddd4789c-894d-475a-bbfb-f6e7aa670c92: shutdown FollowerState
2019-10-18 14:58:34,827 [Thread-1999] INFO  impl.FollowerState (FollowerState.java:run(117)) - 6605b8a5-570b-4977-9ee7-6aaf3012bed5@group-58A987F56150-FollowerState was interrupted: java.lang.InterruptedException: sleep interrupted
2019-10-18 14:58:34,827 [grpc-default-executor-3] INFO  impl.RoleInfo (RoleInfo.java:updateAndGet(143)) - 6605b8a5-570b-4977-9ee7-6aaf3012bed5: start FollowerState
2019-10-18 14:58:34,827 [Thread-1998] INFO  impl.FollowerState (FollowerState.java:run(117)) - ddd4789c-894d-475a-bbfb-f6e7aa670c92@group-58A987F56150-FollowerState was interrupted: java.lang.InterruptedException: sleep interrupted
2019-10-18 14:58:34,827 [grpc-default-executor-2] INFO  impl.RoleInfo (RoleInfo.java:updateAndGet(143)) - ddd4789c-894d-475a-bbfb-f6e7aa670c92: start FollowerState
2019-10-18 14:58:34,844 [327657b1-60f8-49f2-b2a3-f63e1f934942@group-58A987F56150-LeaderElection257] INFO  impl.LeaderElection (LeaderElection.java:logAndReturn(56)) - 327657b1-60f8-49f2-b2a3-f63e1f934942@group-58A987F56150-LeaderElection257: Election REJECTED; received 2 response(s) [327657b1-60f8-49f2-b2a3-f63e1f934942<-6605b8a5-570b-4977-9ee7-6aaf3012bed5#0:FAIL-t297, 327657b1-60f8-49f2-b2a3-f63e1f934942<-ddd4789c-894d-475a-bbfb-f6e7aa670c92#0:FAIL-t297] and 0 exception(s); 327657b1-60f8-49f2-b2a3-f63e1f934942@group-58A987F56150:t297, leader=null, voted=327657b1-60f8-49f2-b2a3-f63e1f934942, raftlog=327657b1-60f8-49f2-b2a3-f63e1f934942@group-58A987F56150-SegmentedRaftLog:OPENED:c-1,f-1,i0, conf=-1: [6605b8a5-570b-4977-9ee7-6aaf3012bed5:192.168.164.233:35223, 327657b1-60f8-49f2-b2a3-f63e1f934942:192.168.164.233:41966, ddd4789c-894d-475a-bbfb-f6e7aa670c92:192.168.164.233:41061], old=null
2019-10-18 14:58:34,844 [327657b1-60f8-49f2-b2a3-f63e1f934942@group-58A987F56150-LeaderElection257] INFO  impl.RaftServerImpl (RaftServerImpl.java:setRole(184)) - 327657b1-60f8-49f2-b2a3-f63e1f934942@group-58A987F56150: changes role from CANDIDATE to FOLLOWER at term 297 for DISCOVERED_A_NEW_TERM
2019-10-18 14:58:34,844 [327657b1-60f8-49f2-b2a3-f63e1f934942@group-58A987F56150-LeaderElection257] INFO  impl.RoleInfo (RoleInfo.java:shutdownLeaderElection(134)) - 327657b1-60f8-49f2-b2a3-f63e1f934942: shutdown LeaderElection
2019-10-18 14:58:34,844 [327657b1-60f8-49f2-b2a3-f63e1f934942@group-58A987F56150-LeaderElection257] INFO  impl.RoleInfo (RoleInfo.java:updateAndGet(143)) - 327657b1-60f8-49f2-b2a3-f63e1f934942: start FollowerState
2019-10-18 14:58:35,025 [Thread-2006] INFO  impl.FollowerState (FollowerState.java:run(108)) - 327657b1-60f8-49f2-b2a3-f63e1f934942@group-58A987F56150-FollowerState: change to CANDIDATE, lastRpcTime:181ms, electionTimeout:177ms
2019-10-18 14:58:35,026 [Thread-2006] INFO  impl.RoleInfo (RoleInfo.java:shutdownFollowerState(121)) - 327657b1-60f8-49f2-b2a3-f63e1f934942: shutdown FollowerState
2019-10-18 14:58:35,027 [Thread-2006] INFO  impl.RaftServerImpl (RaftServerImpl.java:setRole(184)) - 327657b1-60f8-49f2-b2a3-f63e1f934942@group-58A987F56150: changes role from  FOLLOWER to CANDIDATE at term 297 for changeToCandidate
2019-10-18 14:58:35,027 [Thread-2006] INFO  impl.RoleInfo (RoleInfo.java:updateAndGet(143)) - 327657b1-60f8-49f2-b2a3-f63e1f934942: start LeaderElection
2019-10-18 14:58:35,042 [327657b1-60f8-49f2-b2a3-f63e1f934942@group-58A987F56150-LeaderElection258] INFO  impl.LeaderElection (LeaderElection.java:askForVotes(178)) - 327657b1-60f8-49f2-b2a3-f63e1f934942@group-58A987F56150-LeaderElection258: begin an election at term 298 for -1: [6605b8a5-570b-4977-9ee7-6aaf3012bed5:192.168.164.233:35223, 327657b1-60f8-49f2-b2a3-f63e1f934942:192.168.164.233:41966, ddd4789c-894d-475a-bbfb-f6e7aa670c92:192.168.164.233:41061], old=null
2019-10-18 14:58:35,047 [grpc-default-executor-3] INFO  impl.RaftServerImpl (RaftServerImpl.java:setRole(184)) - ddd4789c-894d-475a-bbfb-f6e7aa670c92@group-58A987F56150: changes role from  FOLLOWER to FOLLOWER at term 298 for recognizeCandidate:327657b1-60f8-49f2-b2a3-f63e1f934942
2019-10-18 14:58:35,047 [grpc-default-executor-3] INFO  impl.RoleInfo (RoleInfo.java:shutdownFollowerState(121)) - ddd4789c-894d-475a-bbfb-f6e7aa670c92: shutdown FollowerState
2019-10-18 14:58:35,047 [grpc-default-executor-2] INFO  impl.RaftServerImpl (RaftServerImpl.java:setRole(184)) - 6605b8a5-570b-4977-9ee7-6aaf3012bed5@group-58A987F56150: changes role from  FOLLOWER to FOLLOWER at term 298 for recognizeCandidate:327657b1-60f8-49f2-b2a3-f63e1f934942
2019-10-18 14:58:35,047 [grpc-default-executor-2] INFO  impl.RoleInfo (RoleInfo.java:shutdownFollowerState(121)) - 6605b8a5-570b-4977-9ee7-6aaf3012bed5: shutdown FollowerState
2019-10-18 14:58:35,047 [Thread-2005] INFO  impl.FollowerState (FollowerState.java:run(117)) - ddd4789c-894d-475a-bbfb-f6e7aa670c92@group-58A987F56150-FollowerState was interrupted: java.lang.InterruptedException: sleep interrupted
2019-10-18 14:58:35,047 [grpc-default-executor-3] INFO  impl.RoleInfo (RoleInfo.java:updateAndGet(143)) - ddd4789c-894d-475a-bbfb-f6e7aa670c92: start FollowerState
2019-10-18 14:58:35,048 [Thread-2004] INFO  impl.FollowerState (FollowerState.java:run(117)) - 6605b8a5-570b-4977-9ee7-6aaf3012bed5@group-58A987F56150-FollowerState was interrupted: java.lang.InterruptedException: sleep interrupted
2019-10-18 14:58:35,048 [grpc-default-executor-2] INFO  impl.RoleInfo (RoleInfo.java:updateAndGet(143)) - 6605b8a5-570b-4977-9ee7-6aaf3012bed5: start FollowerState
2019-10-18 14:58:35,074 [327657b1-60f8-49f2-b2a3-f63e1f934942@group-58A987F56150-LeaderElection258] INFO  impl.LeaderElection (LeaderElection.java:logAndReturn(56)) - 327657b1-60f8-49f2-b2a3-f63e1f934942@group-58A987F56150-LeaderElection258: Election REJECTED; received 2 response(s) [327657b1-60f8-49f2-b2a3-f63e1f934942<-6605b8a5-570b-4977-9ee7-6aaf3012bed5#0:FAIL-t298, 327657b1-60f8-49f2-b2a3-f63e1f934942<-ddd4789c-894d-475a-bbfb-f6e7aa670c92#0:FAIL-t298] and 0 exception(s); 327657b1-60f8-49f2-b2a3-f63e1f934942@group-58A987F56150:t298, leader=null, voted=327657b1-60f8-49f2-b2a3-f63e1f934942, raftlog=327657b1-60f8-49f2-b2a3-f63e1f934942@group-58A987F56150-SegmentedRaftLog:OPENED:c-1,f-1,i0, conf=-1: [6605b8a5-570b-4977-9ee7-6aaf3012bed5:192.168.164.233:35223, 327657b1-60f8-49f2-b2a3-f63e1f934942:192.168.164.233:41966, ddd4789c-894d-475a-bbfb-f6e7aa670c92:192.168.164.233:41061], old=null
2019-10-18 14:58:35,075 [327657b1-60f8-49f2-b2a3-f63e1f934942@group-58A987F56150-LeaderElection258] INFO  impl.RaftServerImpl (RaftServerImpl.java:setRole(184)) - 327657b1-60f8-49f2-b2a3-f63e1f934942@group-58A987F56150: changes role from CANDIDATE to FOLLOWER at term 298 for DISCOVERED_A_NEW_TERM
2019-10-18 14:58:35,075 [327657b1-60f8-49f2-b2a3-f63e1f934942@group-58A987F56150-LeaderElection258] INFO  impl.RoleInfo (RoleInfo.java:shutdownLeaderElection(134)) - 327657b1-60f8-49f2-b2a3-f63e1f934942: shutdown LeaderElection
2019-10-18 14:58:35,075 [327657b1-60f8-49f2-b2a3-f63e1f934942@group-58A987F56150-LeaderElection258] INFO  impl.RoleInfo (RoleInfo.java:updateAndGet(143)) - 327657b1-60f8-49f2-b2a3-f63e1f934942: start FollowerState
2019-10-18 14:58:35,176 [Thread-2014] INFO  impl.FollowerState (FollowerState.java:run(108)) - 327657b1-60f8-49f2-b2a3-f63e1f934942@group-58A987F56150-FollowerState: change to CANDIDATE, lastRpcTime:101ms, electionTimeout:101ms
2019-10-18 14:58:35,177 [Thread-2014] INFO  impl.RoleInfo (RoleInfo.java:shutdownFollowerState(121)) - 327657b1-60f8-49f2-b2a3-f63e1f934942: shutdown FollowerState
2019-10-18 14:58:35,177 [Thread-2014] INFO  impl.RaftServerImpl (RaftServerImpl.java:setRole(184)) - 327657b1-60f8-49f2-b2a3-f63e1f934942@group-58A987F56150: changes role from  FOLLOWER to CANDIDATE at term 298 for changeToCandidate
2019-10-18 14:58:35,177 [Thread-2014] INFO  impl.RoleInfo (RoleInfo.java:updateAndGet(143)) - 327657b1-60f8-49f2-b2a3-f63e1f934942: start LeaderElection
2019-10-18 14:58:35,190 [327657b1-60f8-49f2-b2a3-f63e1f934942@group-58A987F56150-LeaderElection259] INFO  impl.LeaderElection (LeaderElection.java:askForVotes(178)) - 327657b1-60f8-49f2-b2a3-f63e1f934942@group-58A987F56150-LeaderElection259: begin an election at term 299 for -1: [6605b8a5-570b-4977-9ee7-6aaf3012bed5:192.168.164.233:35223, 327657b1-60f8-49f2-b2a3-f63e1f934942:192.168.164.233:41966, ddd4789c-894d-475a-bbfb-f6e7aa670c92:192.168.164.233:41061], old=null
2019-10-18 14:58:35,192 [grpc-default-executor-2] INFO  impl.RaftServerImpl (RaftServerImpl.java:setRole(184)) - 6605b8a5-570b-4977-9ee7-6aaf3012bed5@group-58A987F56150: changes role from  FOLLOWER to FOLLOWER at term 299 for recognizeCandidate:327657b1-60f8-49f2-b2a3-f63e1f934942
2019-10-18 14:58:35,192 [grpc-default-executor-2] INFO  impl.RoleInfo (RoleInfo.java:shutdownFollowerState(121)) - 6605b8a5-570b-4977-9ee7-6aaf3012bed5: shutdown FollowerState
2019-10-18 14:58:35,192 [grpc-default-executor-2] INFO  impl.RoleInfo (RoleInfo.java:updateAndGet(143)) - 6605b8a5-570b-4977-9ee7-6aaf3012bed5: start FollowerState
2019-10-18 14:58:35,192 [Thread-2013] INFO  impl.FollowerState (FollowerState.java:run(117)) - 6605b8a5-570b-4977-9ee7-6aaf3012bed5@group-58A987F56150-FollowerState was interrupted: java.lang.InterruptedException: sleep interrupted
2019-10-18 14:58:35,192 [grpc-default-executor-3] INFO  impl.RaftServerImpl (RaftServerImpl.java:setRole(184)) - ddd4789c-894d-475a-bbfb-f6e7aa670c92@group-58A987F56150: changes role from  FOLLOWER to FOLLOWER at term 299 for recognizeCandidate:327657b1-60f8-49f2-b2a3-f63e1f934942
2019-10-18 14:58:35,192 [grpc-default-executor-3] INFO  impl.RoleInfo (RoleInfo.java:shutdownFollowerState(121)) - ddd4789c-894d-475a-bbfb-f6e7aa670c92: shutdown FollowerState
2019-10-18 14:58:35,193 [grpc-default-executor-3] INFO  impl.RoleInfo (RoleInfo.java:updateAndGet(143)) - ddd4789c-894d-475a-bbfb-f6e7aa670c92: start FollowerState
2019-10-18 14:58:35,193 [Thread-2012] INFO  impl.FollowerState (FollowerState.java:run(117)) - ddd4789c-894d-475a-bbfb-f6e7aa670c92@group-58A987F56150-FollowerState was interrupted: java.lang.InterruptedException: sleep interrupted
2019-10-18 14:58:35,217 [327657b1-60f8-49f2-b2a3-f63e1f934942@group-58A987F56150-LeaderElection259] INFO  impl.LeaderElection (LeaderElection.java:logAndReturn(56)) - 327657b1-60f8-49f2-b2a3-f63e1f934942@group-58A987F56150-LeaderElection259: Election REJECTED; received 2 response(s) [327657b1-60f8-49f2-b2a3-f63e1f934942<-6605b8a5-570b-4977-9ee7-6aaf3012bed5#0:FAIL-t299, 327657b1-60f8-49f2-b2a3-f63e1f934942<-ddd4789c-894d-475a-bbfb-f6e7aa670c92#0:FAIL-t299] and 0 exception(s); 327657b1-60f8-49f2-b2a3-f63e1f934942@group-58A987F56150:t299, leader=null, voted=327657b1-60f8-49f2-b2a3-f63e1f934942, raftlog=327657b1-60f8-49f2-b2a3-f63e1f934942@group-58A987F56150-SegmentedRaftLog:OPENED:c-1,f-1,i0, conf=-1: [6605b8a5-570b-4977-9ee7-6aaf3012bed5:192.168.164.233:35223, 327657b1-60f8-49f2-b2a3-f63e1f934942:192.168.164.233:41966, ddd4789c-894d-475a-bbfb-f6e7aa670c92:192.168.164.233:41061], old=null
2019-10-18 14:58:35,217 [327657b1-60f8-49f2-b2a3-f63e1f934942@group-58A987F56150-LeaderElection259] INFO  impl.RaftServerImpl (RaftServerImpl.java:setRole(184)) - 327657b1-60f8-49f2-b2a3-f63e1f934942@group-58A987F56150: changes role from CANDIDATE to FOLLOWER at term 299 for DISCOVERED_A_NEW_TERM
2019-10-18 14:58:35,218 [327657b1-60f8-49f2-b2a3-f63e1f934942@group-58A987F56150-LeaderElection259] INFO  impl.RoleInfo (RoleInfo.java:shutdownLeaderElection(134)) - 327657b1-60f8-49f2-b2a3-f63e1f934942: shutdown LeaderElection
2019-10-18 14:58:35,218 [327657b1-60f8-49f2-b2a3-f63e1f934942@group-58A987F56150-LeaderElection259] INFO  impl.RoleInfo (RoleInfo.java:updateAndGet(143)) - 327657b1-60f8-49f2-b2a3-f63e1f934942: start FollowerState
2019-10-18 14:58:35,415 [Thread-2020] INFO  impl.FollowerState (FollowerState.java:run(108)) - 327657b1-60f8-49f2-b2a3-f63e1f934942@group-58A987F56150-FollowerState: change to CANDIDATE, lastRpcTime:197ms, electionTimeout:197ms
2019-10-18 14:58:35,415 [Thread-2020] INFO  impl.RoleInfo (RoleInfo.java:shutdownFollowerState(121)) - 327657b1-60f8-49f2-b2a3-f63e1f934942: shutdown FollowerState
2019-10-18 14:58:35,415 [Thread-2020] INFO  impl.RaftServerImpl (RaftServerImpl.java:setRole(184)) - 327657b1-60f8-49f2-b2a3-f63e1f934942@group-58A987F56150: changes role from  FOLLOWER to CANDIDATE at term 299 for changeToCandidate
2019-10-18 14:58:35,416 [Thread-2020] INFO  impl.RoleInfo (RoleInfo.java:updateAndGet(143)) - 327657b1-60f8-49f2-b2a3-f63e1f934942: start LeaderElection
2019-10-18 14:58:35,431 [327657b1-60f8-49f2-b2a3-f63e1f934942@group-58A987F56150-LeaderElection260] INFO  impl.LeaderElection (LeaderElection.java:askForVotes(178)) - 327657b1-60f8-49f2-b2a3-f63e1f934942@group-58A987F56150-LeaderElection260: begin an election at term 300 for -1: [6605b8a5-570b-4977-9ee7-6aaf3012bed5:192.168.164.233:35223, 327657b1-60f8-49f2-b2a3-f63e1f934942:192.168.164.233:41966, ddd4789c-894d-475a-bbfb-f6e7aa670c92:192.168.164.233:41061], old=null
2019-10-18 14:58:35,434 [grpc-default-executor-3] INFO  impl.RaftServerImpl (RaftServerImpl.java:setRole(184)) - 6605b8a5-570b-4977-9ee7-6aaf3012bed5@group-58A987F56150: changes role from  FOLLOWER to FOLLOWER at term 300 for recognizeCandidate:327657b1-60f8-49f2-b2a3-f63e1f934942
2019-10-18 14:58:35,434 [grpc-default-executor-2] INFO  impl.RaftServerImpl (RaftServerImpl.java:setRole(184)) - ddd4789c-894d-475a-bbfb-f6e7aa670c92@group-58A987F56150: changes role from  FOLLOWER to FOLLOWER at term 300 for recognizeCandidate:327657b1-60f8-49f2-b2a3-f63e1f934942
2019-10-18 14:58:35,434 [grpc-default-executor-3] INFO  impl.RoleInfo (RoleInfo.java:shutdownFollowerState(121)) - 6605b8a5-570b-4977-9ee7-6aaf3012bed5: shutdown FollowerState
2019-10-18 14:58:35,434 [grpc-default-executor-2] INFO  impl.RoleInfo (RoleInfo.java:shutdownFollowerState(121)) - ddd4789c-894d-475a-bbfb-f6e7aa670c92: shutdown FollowerState
2019-10-18 14:58:35,435 [Thread-2018] INFO  impl.FollowerState (FollowerState.java:run(117)) - 6605b8a5-570b-4977-9ee7-6aaf3012bed5@group-58A987F56150-FollowerState was interrupted: java.lang.InterruptedException: sleep interrupted
2019-10-18 14:58:35,435 [Thread-2019] INFO  impl.FollowerState (FollowerState.java:run(117)) - ddd4789c-894d-475a-bbfb-f6e7aa670c92@group-58A987F56150-FollowerState was interrupted: java.lang.InterruptedException: sleep interrupted
2019-10-18 14:58:35,435 [grpc-default-executor-3] INFO  impl.RoleInfo (RoleInfo.java:updateAndGet(143)) - 6605b8a5-570b-4977-9ee7-6aaf3012bed5: start FollowerState
2019-10-18 14:58:35,435 [grpc-default-executor-2] INFO  impl.RoleInfo (RoleInfo.java:updateAndGet(143)) - ddd4789c-894d-475a-bbfb-f6e7aa670c92: start FollowerState
2019-10-18 14:58:35,461 [327657b1-60f8-49f2-b2a3-f63e1f934942@group-58A987F56150-LeaderElection260] INFO  impl.LeaderElection (LeaderElection.java:logAndReturn(56)) - 327657b1-60f8-49f2-b2a3-f63e1f934942@group-58A987F56150-LeaderElection260: Election REJECTED; received 2 response(s) [327657b1-60f8-49f2-b2a3-f63e1f934942<-6605b8a5-570b-4977-9ee7-6aaf3012bed5#0:FAIL-t300, 327657b1-60f8-49f2-b2a3-f63e1f934942<-ddd4789c-894d-475a-bbfb-f6e7aa670c92#0:FAIL-t300] and 0 exception(s); 327657b1-60f8-49f2-b2a3-f63e1f934942@group-58A987F56150:t300, leader=null, voted=327657b1-60f8-49f2-b2a3-f63e1f934942, raftlog=327657b1-60f8-49f2-b2a3-f63e1f934942@group-58A987F56150-SegmentedRaftLog:OPENED:c-1,f-1,i0, conf=-1: [6605b8a5-570b-4977-9ee7-6aaf3012bed5:192.168.164.233:35223, 327657b1-60f8-49f2-b2a3-f63e1f934942:192.168.164.233:41966, ddd4789c-894d-475a-bbfb-f6e7aa670c92:192.168.164.233:41061], old=null
2019-10-18 14:58:35,462 [327657b1-60f8-49f2-b2a3-f63e1f934942@group-58A987F56150-LeaderElection260] INFO  impl.RaftServerImpl (RaftServerImpl.java:setRole(184)) - 327657b1-60f8-49f2-b2a3-f63e1f934942@group-58A987F56150: changes role from CANDIDATE to FOLLOWER at term 300 for DISCOVERED_A_NEW_TERM
2019-10-18 14:58:35,462 [327657b1-60f8-49f2-b2a3-f63e1f934942@group-58A987F56150-LeaderElection260] INFO  impl.RoleInfo (RoleInfo.java:shutdownLeaderElection(134)) - 327657b1-60f8-49f2-b2a3-f63e1f934942: shutdown LeaderElection
2019-10-18 14:58:35,462 [327657b1-60f8-49f2-b2a3-f63e1f934942@group-58A987F56150-LeaderElection260] INFO  impl.RoleInfo (RoleInfo.java:updateAndGet(143)) - 327657b1-60f8-49f2-b2a3-f63e1f934942: start FollowerState
2019-10-18 14:58:35,539 [Thread-2026] INFO  impl.FollowerState (FollowerState.java:run(108)) - 327657b1-60f8-49f2-b2a3-f63e1f934942@group-58A987F56150-FollowerState: change to CANDIDATE, lastRpcTime:77ms, electionTimeout:77ms
2019-10-18 14:58:35,539 [Thread-2026] INFO  impl.RoleInfo (RoleInfo.java:shutdownFollowerState(121)) - 327657b1-60f8-49f2-b2a3-f63e1f934942: shutdown FollowerState
2019-10-18 14:58:35,540 [Thread-2026] INFO  impl.RaftServerImpl (RaftServerImpl.java:setRole(184)) - 327657b1-60f8-49f2-b2a3-f63e1f934942@group-58A987F56150: changes role from  FOLLOWER to CANDIDATE at term 300 for changeToCandidate
2019-10-18 14:58:35,540 [Thread-2026] INFO  impl.RoleInfo (RoleInfo.java:updateAndGet(143)) - 327657b1-60f8-49f2-b2a3-f63e1f934942: start LeaderElection
2019-10-18 14:58:35,553 [327657b1-60f8-49f2-b2a3-f63e1f934942@group-58A987F56150-LeaderElection261] INFO  impl.LeaderElection (LeaderElection.java:askForVotes(178)) - 327657b1-60f8-49f2-b2a3-f63e1f934942@group-58A987F56150-LeaderElection261: begin an election at term 301 for -1: [6605b8a5-570b-4977-9ee7-6aaf3012bed5:192.168.164.233:35223, 327657b1-60f8-49f2-b2a3-f63e1f934942:192.168.164.233:41966, ddd4789c-894d-475a-bbfb-f6e7aa670c92:192.168.164.233:41061], old=null
2019-10-18 14:58:35,555 [grpc-default-executor-3] INFO  impl.RaftServerImpl (RaftServerImpl.java:setRole(184)) - 6605b8a5-570b-4977-9ee7-6aaf3012bed5@group-58A987F56150: changes role from  FOLLOWER to FOLLOWER at term 301 for recognizeCandidate:327657b1-60f8-49f2-b2a3-f63e1f934942
2019-10-18 14:58:35,555 [grpc-default-executor-3] INFO  impl.RoleInfo (RoleInfo.java:shutdownFollowerState(121)) - 6605b8a5-570b-4977-9ee7-6aaf3012bed5: shutdown FollowerState
2019-10-18 14:58:35,555 [grpc-default-executor-2] INFO  impl.RaftServerImpl (RaftServerImpl.java:setRole(184)) - ddd4789c-894d-475a-bbfb-f6e7aa670c92@group-58A987F56150: changes role from  FOLLOWER to FOLLOWER at term 301 for recognizeCandidate:327657b1-60f8-49f2-b2a3-f63e1f934942
2019-10-18 14:58:35,555 [grpc-default-executor-2] INFO  impl.RoleInfo (RoleInfo.java:shutdownFollowerState(121)) - ddd4789c-894d-475a-bbfb-f6e7aa670c92: shutdown FollowerState
2019-10-18 14:58:35,555 [Thread-2024] INFO  impl.FollowerState (FollowerState.java:run(117)) - 6605b8a5-570b-4977-9ee7-6aaf3012bed5@group-58A987F56150-FollowerState was interrupted: java.lang.InterruptedException: sleep interrupted
2019-10-18 14:58:35,555 [grpc-default-executor-3] INFO  impl.RoleInfo (RoleInfo.java:updateAndGet(143)) - 6605b8a5-570b-4977-9ee7-6aaf3012bed5: start FollowerState
2019-10-18 14:58:35,555 [Thread-2025] INFO  impl.FollowerState (FollowerState.java:run(117)) - ddd4789c-894d-475a-bbfb-f6e7aa670c92@group-58A987F56150-FollowerState was interrupted: java.lang.InterruptedException: sleep interrupted
2019-10-18 14:58:35,555 [grpc-default-executor-2] INFO  impl.RoleInfo (RoleInfo.java:updateAndGet(143)) - ddd4789c-894d-475a-bbfb-f6e7aa670c92: start FollowerState
2019-10-18 14:58:35,582 [327657b1-60f8-49f2-b2a3-f63e1f934942@group-58A987F56150-LeaderElection261] INFO  impl.LeaderElection (LeaderElection.java:logAndReturn(56)) - 327657b1-60f8-49f2-b2a3-f63e1f934942@group-58A987F56150-LeaderElection261: Election REJECTED; received 2 response(s) [327657b1-60f8-49f2-b2a3-f63e1f934942<-6605b8a5-570b-4977-9ee7-6aaf3012bed5#0:FAIL-t301, 327657b1-60f8-49f2-b2a3-f63e1f934942<-ddd4789c-894d-475a-bbfb-f6e7aa670c92#0:FAIL-t301] and 0 exception(s); 327657b1-60f8-49f2-b2a3-f63e1f934942@group-58A987F56150:t301, leader=null, voted=327657b1-60f8-49f2-b2a3-f63e1f934942, raftlog=327657b1-60f8-49f2-b2a3-f63e1f934942@group-58A987F56150-SegmentedRaftLog:OPENED:c-1,f-1,i0, conf=-1: [6605b8a5-570b-4977-9ee7-6aaf3012bed5:192.168.164.233:35223, 327657b1-60f8-49f2-b2a3-f63e1f934942:192.168.164.233:41966, ddd4789c-894d-475a-bbfb-f6e7aa670c92:192.168.164.233:41061], old=null
2019-10-18 14:58:35,582 [327657b1-60f8-49f2-b2a3-f63e1f934942@group-58A987F56150-LeaderElection261] INFO  impl.RaftServerImpl (RaftServerImpl.java:setRole(184)) - 327657b1-60f8-49f2-b2a3-f63e1f934942@group-58A987F56150: changes role from CANDIDATE to FOLLOWER at term 301 for DISCOVERED_A_NEW_TERM
2019-10-18 14:58:35,582 [327657b1-60f8-49f2-b2a3-f63e1f934942@group-58A987F56150-LeaderElection261] INFO  impl.RoleInfo (RoleInfo.java:shutdownLeaderElection(134)) - 327657b1-60f8-49f2-b2a3-f63e1f934942: shutdown LeaderElection
2019-10-18 14:58:35,583 [327657b1-60f8-49f2-b2a3-f63e1f934942@group-58A987F56150-LeaderElection261] INFO  impl.RoleInfo (RoleInfo.java:updateAndGet(143)) - 327657b1-60f8-49f2-b2a3-f63e1f934942: start FollowerState
2019-10-18 14:58:35,667 [Thread-2032] INFO  impl.FollowerState (FollowerState.java:run(108)) - 327657b1-60f8-49f2-b2a3-f63e1f934942@group-58A987F56150-FollowerState: change to CANDIDATE, lastRpcTime:84ms, electionTimeout:84ms
2019-10-18 14:58:35,667 [Thread-2032] INFO  impl.RoleInfo (RoleInfo.java:shutdownFollowerState(121)) - 327657b1-60f8-49f2-b2a3-f63e1f934942: shutdown FollowerState
2019-10-18 14:58:35,667 [Thread-2032] INFO  impl.RaftServerImpl (RaftServerImpl.java:setRole(184)) - 327657b1-60f8-49f2-b2a3-f63e1f934942@group-58A987F56150: changes role from  FOLLOWER to CANDIDATE at term 301 for changeToCandidate
2019-10-18 14:58:35,668 [Thread-2032] INFO  impl.RoleInfo (RoleInfo.java:updateAndGet(143)) - 327657b1-60f8-49f2-b2a3-f63e1f934942: start LeaderElection
2019-10-18 14:58:35,713 [327657b1-60f8-49f2-b2a3-f63e1f934942@group-58A987F56150-LeaderElection262] INFO  impl.LeaderElection (LeaderElection.java:askForVotes(178)) - 327657b1-60f8-49f2-b2a3-f63e1f934942@group-58A987F56150-LeaderElection262: begin an election at term 302 for -1: [6605b8a5-570b-4977-9ee7-6aaf3012bed5:192.168.164.233:35223, 327657b1-60f8-49f2-b2a3-f63e1f934942:192.168.164.233:41966, ddd4789c-894d-475a-bbfb-f6e7aa670c92:192.168.164.233:41061], old=null
2019-10-18 14:58:35,715 [grpc-default-executor-3] INFO  impl.RaftServerImpl (RaftServerImpl.java:setRole(184)) - 6605b8a5-570b-4977-9ee7-6aaf3012bed5@group-58A987F56150: changes role from  FOLLOWER to FOLLOWER at term 302 for recognizeCandidate:327657b1-60f8-49f2-b2a3-f63e1f934942
2019-10-18 14:58:35,715 [grpc-default-executor-2] INFO  impl.RaftServerImpl (RaftServerImpl.java:setRole(184)) - ddd4789c-894d-475a-bbfb-f6e7aa670c92@group-58A987F56150: changes role from  FOLLOWER to FOLLOWER at term 302 for recognizeCandidate:327657b1-60f8-49f2-b2a3-f63e1f934942
2019-10-18 14:58:35,715 [grpc-default-executor-3] INFO  impl.RoleInfo (RoleInfo.java:shutdownFollowerState(121)) - 6605b8a5-570b-4977-9ee7-6aaf3012bed5: shutdown FollowerState
2019-10-18 14:58:35,716 [grpc-default-executor-2] INFO  impl.RoleInfo (RoleInfo.java:shutdownFollowerState(121)) - ddd4789c-894d-475a-bbfb-f6e7aa670c92: shutdown FollowerState
2019-10-18 14:58:35,716 [Thread-2030] INFO  impl.FollowerState (FollowerState.java:run(117)) - 6605b8a5-570b-4977-9ee7-6aaf3012bed5@group-58A987F56150-FollowerState was interrupted: java.lang.InterruptedException: sleep interrupted
2019-10-18 14:58:35,716 [grpc-default-executor-3] INFO  impl.RoleInfo (RoleInfo.java:updateAndGet(143)) - 6605b8a5-570b-4977-9ee7-6aaf3012bed5: start FollowerState
2019-10-18 14:58:35,716 [Thread-2031] INFO  impl.FollowerState (FollowerState.java:run(117)) - ddd4789c-894d-475a-bbfb-f6e7aa670c92@group-58A987F56150-FollowerState was interrupted: java.lang.InterruptedException: sleep interrupted
2019-10-18 14:58:35,716 [grpc-default-executor-2] INFO  impl.RoleInfo (RoleInfo.java:updateAndGet(143)) - ddd4789c-894d-475a-bbfb-f6e7aa670c92: start FollowerState
2019-10-18 14:58:35,730 [327657b1-60f8-49f2-b2a3-f63e1f934942@group-58A987F56150-LeaderElection262] INFO  impl.LeaderElection (LeaderElection.java:logAndReturn(56)) - 327657b1-60f8-49f2-b2a3-f63e1f934942@group-58A987F56150-LeaderElection262: Election REJECTED; received 2 response(s) [327657b1-60f8-49f2-b2a3-f63e1f934942<-6605b8a5-570b-4977-9ee7-6aaf3012bed5#0:FAIL-t302, 327657b1-60f8-49f2-b2a3-f63e1f934942<-ddd4789c-894d-475a-bbfb-f6e7aa670c92#0:FAIL-t302] and 0 exception(s); 327657b1-60f8-49f2-b2a3-f63e1f934942@group-58A987F56150:t302, leader=null, voted=327657b1-60f8-49f2-b2a3-f63e1f934942, raftlog=327657b1-60f8-49f2-b2a3-f63e1f934942@group-58A987F56150-SegmentedRaftLog:OPENED:c-1,f-1,i0, conf=-1: [6605b8a5-570b-4977-9ee7-6aaf3012bed5:192.168.164.233:35223, 327657b1-60f8-49f2-b2a3-f63e1f934942:192.168.164.233:41966, ddd4789c-894d-475a-bbfb-f6e7aa670c92:192.168.164.233:41061], old=null
2019-10-18 14:58:35,730 [327657b1-60f8-49f2-b2a3-f63e1f934942@group-58A987F56150-LeaderElection262] INFO  impl.RaftServerImpl (RaftServerImpl.java:setRole(184)) - 327657b1-60f8-49f2-b2a3-f63e1f934942@group-58A987F56150: changes role from CANDIDATE to FOLLOWER at term 302 for DISCOVERED_A_NEW_TERM
2019-10-18 14:58:35,731 [327657b1-60f8-49f2-b2a3-f63e1f934942@group-58A987F56150-LeaderElection262] INFO  impl.RoleInfo (RoleInfo.java:shutdownLeaderElection(134)) - 327657b1-60f8-49f2-b2a3-f63e1f934942: shutdown LeaderElection
2019-10-18 14:58:35,731 [327657b1-60f8-49f2-b2a3-f63e1f934942@group-58A987F56150-LeaderElection262] INFO  impl.RoleInfo (RoleInfo.java:updateAndGet(143)) - 327657b1-60f8-49f2-b2a3-f63e1f934942: start FollowerState
2019-10-18 14:58:35,781 [Thread-2038] INFO  impl.FollowerState (FollowerState.java:run(108)) - 327657b1-60f8-49f2-b2a3-f63e1f934942@group-58A987F56150-FollowerState: change to CANDIDATE, lastRpcTime:50ms, electionTimeout:50ms
2019-10-18 14:58:35,781 [Thread-2038] INFO  impl.RoleInfo (RoleInfo.java:shutdownFollowerState(121)) - 327657b1-60f8-49f2-b2a3-f63e1f934942: shutdown FollowerState
2019-10-18 14:58:35,781 [Thread-2038] INFO  impl.RaftServerImpl (RaftServerImpl.java:setRole(184)) - 327657b1-60f8-49f2-b2a3-f63e1f934942@group-58A987F56150: changes role from  FOLLOWER to CANDIDATE at term 302 for changeToCandidate
2019-10-18 14:58:35,782 [Thread-2038] INFO  impl.RoleInfo (RoleInfo.java:updateAndGet(143)) - 327657b1-60f8-49f2-b2a3-f63e1f934942: start LeaderElection
2019-10-18 14:58:35,795 [327657b1-60f8-49f2-b2a3-f63e1f934942@group-58A987F56150-LeaderElection263] INFO  impl.LeaderElection (LeaderElection.java:askForVotes(178)) - 327657b1-60f8-49f2-b2a3-f63e1f934942@group-58A987F56150-LeaderElection263: begin an election at term 303 for -1: [6605b8a5-570b-4977-9ee7-6aaf3012bed5:192.168.164.233:35223, 327657b1-60f8-49f2-b2a3-f63e1f934942:192.168.164.233:41966, ddd4789c-894d-475a-bbfb-f6e7aa670c92:192.168.164.233:41061], old=null
2019-10-18 14:58:35,797 [grpc-default-executor-3] INFO  impl.RaftServerImpl (RaftServerImpl.java:setRole(184)) - 6605b8a5-570b-4977-9ee7-6aaf3012bed5@group-58A987F56150: changes role from  FOLLOWER to FOLLOWER at term 303 for recognizeCandidate:327657b1-60f8-49f2-b2a3-f63e1f934942
2019-10-18 14:58:35,797 [grpc-default-executor-2] INFO  impl.RaftServerImpl (RaftServerImpl.java:setRole(184)) - ddd4789c-894d-475a-bbfb-f6e7aa670c92@group-58A987F56150: changes role from  FOLLOWER to FOLLOWER at term 303 for recognizeCandidate:327657b1-60f8-49f2-b2a3-f63e1f934942
2019-10-18 14:58:35,797 [grpc-default-executor-3] INFO  impl.RoleInfo (RoleInfo.java:shutdownFollowerState(121)) - 6605b8a5-570b-4977-9ee7-6aaf3012bed5: shutdown FollowerState
2019-10-18 14:58:35,797 [grpc-default-executor-2] INFO  impl.RoleInfo (RoleInfo.java:shutdownFollowerState(121)) - ddd4789c-894d-475a-bbfb-f6e7aa670c92: shutdown FollowerState
2019-10-18 14:58:35,797 [Thread-2036] INFO  impl.FollowerState (FollowerState.java:run(117)) - 6605b8a5-570b-4977-9ee7-6aaf3012bed5@group-58A987F56150-FollowerState was interrupted: java.lang.InterruptedException: sleep interrupted
2019-10-18 14:58:35,797 [grpc-default-executor-3] INFO  impl.RoleInfo (RoleInfo.java:updateAndGet(143)) - 6605b8a5-570b-4977-9ee7-6aaf3012bed5: start FollowerState
2019-10-18 14:58:35,797 [Thread-2037] INFO  impl.FollowerState (FollowerState.java:run(117)) - ddd4789c-894d-475a-bbfb-f6e7aa670c92@group-58A987F56150-FollowerState was interrupted: java.lang.InterruptedException: sleep interrupted
2019-10-18 14:58:35,797 [grpc-default-executor-2] INFO  impl.RoleInfo (RoleInfo.java:updateAndGet(143)) - ddd4789c-894d-475a-bbfb-f6e7aa670c92: start FollowerState
2019-10-18 14:58:35,824 [327657b1-60f8-49f2-b2a3-f63e1f934942@group-58A987F56150-LeaderElection263] INFO  impl.LeaderElection (LeaderElection.java:logAndReturn(56)) - 327657b1-60f8-49f2-b2a3-f63e1f934942@group-58A987F56150-LeaderElection263: Election REJECTED; received 2 response(s) [327657b1-60f8-49f2-b2a3-f63e1f934942<-6605b8a5-570b-4977-9ee7-6aaf3012bed5#0:FAIL-t303, 327657b1-60f8-49f2-b2a3-f63e1f934942<-ddd4789c-894d-475a-bbfb-f6e7aa670c92#0:FAIL-t303] and 0 exception(s); 327657b1-60f8-49f2-b2a3-f63e1f934942@group-58A987F56150:t303, leader=null, voted=327657b1-60f8-49f2-b2a3-f63e1f934942, raftlog=327657b1-60f8-49f2-b2a3-f63e1f934942@group-58A987F56150-SegmentedRaftLog:OPENED:c-1,f-1,i0, conf=-1: [6605b8a5-570b-4977-9ee7-6aaf3012bed5:192.168.164.233:35223, 327657b1-60f8-49f2-b2a3-f63e1f934942:192.168.164.233:41966, ddd4789c-894d-475a-bbfb-f6e7aa670c92:192.168.164.233:41061], old=null
2019-10-18 14:58:35,824 [327657b1-60f8-49f2-b2a3-f63e1f934942@group-58A987F56150-LeaderElection263] INFO  impl.RaftServerImpl (RaftServerImpl.java:setRole(184)) - 327657b1-60f8-49f2-b2a3-f63e1f934942@group-58A987F56150: changes role from CANDIDATE to FOLLOWER at term 303 for DISCOVERED_A_NEW_TERM
2019-10-18 14:58:35,824 [327657b1-60f8-49f2-b2a3-f63e1f934942@group-58A987F56150-LeaderElection263] INFO  impl.RoleInfo (RoleInfo.java:shutdownLeaderElection(134)) - 327657b1-60f8-49f2-b2a3-f63e1f934942: shutdown LeaderElection
2019-10-18 14:58:35,824 [327657b1-60f8-49f2-b2a3-f63e1f934942@group-58A987F56150-LeaderElection263] INFO  impl.RoleInfo (RoleInfo.java:updateAndGet(143)) - 327657b1-60f8-49f2-b2a3-f63e1f934942: start FollowerState
2019-10-18 14:58:35,931 [Thread-2044] INFO  impl.FollowerState (FollowerState.java:run(108)) - 327657b1-60f8-49f2-b2a3-f63e1f934942@group-58A987F56150-FollowerState: change to CANDIDATE, lastRpcTime:106ms, electionTimeout:106ms
2019-10-18 14:58:35,931 [Thread-2044] INFO  impl.RoleInfo (RoleInfo.java:shutdownFollowerState(121)) - 327657b1-60f8-49f2-b2a3-f63e1f934942: shutdown FollowerState
2019-10-18 14:58:35,931 [Thread-2044] INFO  impl.RaftServerImpl (RaftServerImpl.java:setRole(184)) - 327657b1-60f8-49f2-b2a3-f63e1f934942@group-58A987F56150: changes role from  FOLLOWER to CANDIDATE at term 303 for changeToCandidate
2019-10-18 14:58:35,932 [Thread-2044] INFO  impl.RoleInfo (RoleInfo.java:updateAndGet(143)) - 327657b1-60f8-49f2-b2a3-f63e1f934942: start LeaderElection
2019-10-18 14:58:35,945 [327657b1-60f8-49f2-b2a3-f63e1f934942@group-58A987F56150-LeaderElection264] INFO  impl.LeaderElection (LeaderElection.java:askForVotes(178)) - 327657b1-60f8-49f2-b2a3-f63e1f934942@group-58A987F56150-LeaderElection264: begin an election at term 304 for -1: [6605b8a5-570b-4977-9ee7-6aaf3012bed5:192.168.164.233:35223, 327657b1-60f8-49f2-b2a3-f63e1f934942:192.168.164.233:41966, ddd4789c-894d-475a-bbfb-f6e7aa670c92:192.168.164.233:41061], old=null
2019-10-18 14:58:35,947 [grpc-default-executor-2] INFO  impl.RaftServerImpl (RaftServerImpl.java:setRole(184)) - 6605b8a5-570b-4977-9ee7-6aaf3012bed5@group-58A987F56150: changes role from  FOLLOWER to FOLLOWER at term 304 for recognizeCandidate:327657b1-60f8-49f2-b2a3-f63e1f934942
2019-10-18 14:58:35,947 [grpc-default-executor-2] INFO  impl.RoleInfo (RoleInfo.java:shutdownFollowerState(121)) - 6605b8a5-570b-4977-9ee7-6aaf3012bed5: shutdown FollowerState
2019-10-18 14:58:35,947 [grpc-default-executor-3] INFO  impl.RaftServerImpl (RaftServerImpl.java:setRole(184)) - ddd4789c-894d-475a-bbfb-f6e7aa670c92@group-58A987F56150: changes role from  FOLLOWER to FOLLOWER at term 304 for recognizeCandidate:327657b1-60f8-49f2-b2a3-f63e1f934942
2019-10-18 14:58:35,947 [Thread-2042] INFO  impl.FollowerState (FollowerState.java:run(117)) - 6605b8a5-570b-4977-9ee7-6aaf3012bed5@group-58A987F56150-FollowerState was interrupted: java.lang.InterruptedException: sleep interrupted
2019-10-18 14:58:35,947 [grpc-default-executor-2] INFO  impl.RoleInfo (RoleInfo.java:updateAndGet(143)) - 6605b8a5-570b-4977-9ee7-6aaf3012bed5: start FollowerState
2019-10-18 14:58:35,947 [grpc-default-executor-3] INFO  impl.RoleInfo (RoleInfo.java:shutdownFollowerState(121)) - ddd4789c-894d-475a-bbfb-f6e7aa670c92: shutdown FollowerState
2019-10-18 14:58:35,948 [grpc-default-executor-3] INFO  impl.RoleInfo (RoleInfo.java:updateAndGet(143)) - ddd4789c-894d-475a-bbfb-f6e7aa670c92: start FollowerState
2019-10-18 14:58:35,948 [Thread-2043] INFO  impl.FollowerState (FollowerState.java:run(117)) - ddd4789c-894d-475a-bbfb-f6e7aa670c92@group-58A987F56150-FollowerState was interrupted: java.lang.InterruptedException: sleep interrupted
2019-10-18 14:58:35,967 [327657b1-60f8-49f2-b2a3-f63e1f934942@group-58A987F56150-LeaderElection264] INFO  impl.LeaderElection (LeaderElection.java:logAndReturn(56)) - 327657b1-60f8-49f2-b2a3-f63e1f934942@group-58A987F56150-LeaderElection264: Election REJECTED; received 2 response(s) [327657b1-60f8-49f2-b2a3-f63e1f934942<-6605b8a5-570b-4977-9ee7-6aaf3012bed5#0:FAIL-t304, 327657b1-60f8-49f2-b2a3-f63e1f934942<-ddd4789c-894d-475a-bbfb-f6e7aa670c92#0:FAIL-t304] and 0 exception(s); 327657b1-60f8-49f2-b2a3-f63e1f934942@group-58A987F56150:t304, leader=null, voted=327657b1-60f8-49f2-b2a3-f63e1f934942, raftlog=327657b1-60f8-49f2-b2a3-f63e1f934942@group-58A987F56150-SegmentedRaftLog:OPENED:c-1,f-1,i0, conf=-1: [6605b8a5-570b-4977-9ee7-6aaf3012bed5:192.168.164.233:35223, 327657b1-60f8-49f2-b2a3-f63e1f934942:192.168.164.233:41966, ddd4789c-894d-475a-bbfb-f6e7aa670c92:192.168.164.233:41061], old=null
2019-10-18 14:58:35,968 [327657b1-60f8-49f2-b2a3-f63e1f934942@group-58A987F56150-LeaderElection264] INFO  impl.RaftServerImpl (RaftServerImpl.java:setRole(184)) - 327657b1-60f8-49f2-b2a3-f63e1f934942@group-58A987F56150: changes role from CANDIDATE to FOLLOWER at term 304 for DISCOVERED_A_NEW_TERM
2019-10-18 14:58:35,968 [327657b1-60f8-49f2-b2a3-f63e1f934942@group-58A987F56150-LeaderElection264] INFO  impl.RoleInfo (RoleInfo.java:shutdownLeaderElection(134)) - 327657b1-60f8-49f2-b2a3-f63e1f934942: shutdown LeaderElection
2019-10-18 14:58:35,968 [327657b1-60f8-49f2-b2a3-f63e1f934942@group-58A987F56150-LeaderElection264] INFO  impl.RoleInfo (RoleInfo.java:updateAndGet(143)) - 327657b1-60f8-49f2-b2a3-f63e1f934942: start FollowerState
2019-10-18 14:58:36,043 [Thread-2050] INFO  impl.FollowerState (FollowerState.java:run(108)) - 327657b1-60f8-49f2-b2a3-f63e1f934942@group-58A987F56150-FollowerState: change to CANDIDATE, lastRpcTime:75ms, electionTimeout:72ms
2019-10-18 14:58:36,046 [Thread-2050] INFO  impl.RoleInfo (RoleInfo.java:shutdownFollowerState(121)) - 327657b1-60f8-49f2-b2a3-f63e1f934942: shutdown FollowerState
2019-10-18 14:58:36,046 [Thread-2050] INFO  impl.RaftServerImpl (RaftServerImpl.java:setRole(184)) - 327657b1-60f8-49f2-b2a3-f63e1f934942@group-58A987F56150: changes role from  FOLLOWER to CANDIDATE at term 304 for changeToCandidate
2019-10-18 14:58:36,046 [Thread-2050] INFO  impl.RoleInfo (RoleInfo.java:updateAndGet(143)) - 327657b1-60f8-49f2-b2a3-f63e1f934942: start LeaderElection
2019-10-18 14:58:36,061 [327657b1-60f8-49f2-b2a3-f63e1f934942@group-58A987F56150-LeaderElection265] INFO  impl.LeaderElection (LeaderElection.java:askForVotes(178)) - 327657b1-60f8-49f2-b2a3-f63e1f934942@group-58A987F56150-LeaderElection265: begin an election at term 305 for -1: [6605b8a5-570b-4977-9ee7-6aaf3012bed5:192.168.164.233:35223, 327657b1-60f8-49f2-b2a3-f63e1f934942:192.168.164.233:41966, ddd4789c-894d-475a-bbfb-f6e7aa670c92:192.168.164.233:41061], old=null
2019-10-18 14:58:36,063 [grpc-default-executor-2] INFO  impl.RaftServerImpl (RaftServerImpl.java:setRole(184)) - ddd4789c-894d-475a-bbfb-f6e7aa670c92@group-58A987F56150: changes role from  FOLLOWER to FOLLOWER at term 305 for recognizeCandidate:327657b1-60f8-49f2-b2a3-f63e1f934942
2019-10-18 14:58:36,063 [grpc-default-executor-3] INFO  impl.RaftServerImpl (RaftServerImpl.java:setRole(184)) - 6605b8a5-570b-4977-9ee7-6aaf3012bed5@group-58A987F56150: changes role from  FOLLOWER to FOLLOWER at term 305 for recognizeCandidate:327657b1-60f8-49f2-b2a3-f63e1f934942
2019-10-18 14:58:36,063 [grpc-default-executor-2] INFO  impl.RoleInfo (RoleInfo.java:shutdownFollowerState(121)) - ddd4789c-894d-475a-bbfb-f6e7aa670c92: shutdown FollowerState
2019-10-18 14:58:36,063 [grpc-default-executor-3] INFO  impl.RoleInfo (RoleInfo.java:shutdownFollowerState(121)) - 6605b8a5-570b-4977-9ee7-6aaf3012bed5: shutdown FollowerState
2019-10-18 14:58:36,064 [Thread-2049] INFO  impl.FollowerState (FollowerState.java:run(117)) - ddd4789c-894d-475a-bbfb-f6e7aa670c92@group-58A987F56150-FollowerState was interrupted: java.lang.InterruptedException: sleep interrupted
2019-10-18 14:58:36,064 [grpc-default-executor-2] INFO  impl.RoleInfo (RoleInfo.java:updateAndGet(143)) - ddd4789c-894d-475a-bbfb-f6e7aa670c92: start FollowerState
2019-10-18 14:58:36,064 [Thread-2048] INFO  impl.FollowerState (FollowerState.java:run(117)) - 6605b8a5-570b-4977-9ee7-6aaf3012bed5@group-58A987F56150-FollowerState was interrupted: java.lang.InterruptedException: sleep interrupted
2019-10-18 14:58:36,064 [grpc-default-executor-3] INFO  impl.RoleInfo (RoleInfo.java:updateAndGet(143)) - 6605b8a5-570b-4977-9ee7-6aaf3012bed5: start FollowerState
2019-10-18 14:58:36,089 [327657b1-60f8-49f2-b2a3-f63e1f934942@group-58A987F56150-LeaderElection265] INFO  impl.LeaderElection (LeaderElection.java:logAndReturn(56)) - 327657b1-60f8-49f2-b2a3-f63e1f934942@group-58A987F56150-LeaderElection265: Election REJECTED; received 2 response(s) [327657b1-60f8-49f2-b2a3-f63e1f934942<-6605b8a5-570b-4977-9ee7-6aaf3012bed5#0:FAIL-t305, 327657b1-60f8-49f2-b2a3-f63e1f934942<-ddd4789c-894d-475a-bbfb-f6e7aa670c92#0:FAIL-t305] and 0 exception(s); 327657b1-60f8-49f2-b2a3-f63e1f934942@group-58A987F56150:t305, leader=null, voted=327657b1-60f8-49f2-b2a3-f63e1f934942, raftlog=327657b1-60f8-49f2-b2a3-f63e1f934942@group-58A987F56150-SegmentedRaftLog:OPENED:c-1,f-1,i0, conf=-1: [6605b8a5-570b-4977-9ee7-6aaf3012bed5:192.168.164.233:35223, 327657b1-60f8-49f2-b2a3-f63e1f934942:192.168.164.233:41966, ddd4789c-894d-475a-bbfb-f6e7aa670c92:192.168.164.233:41061], old=null
2019-10-18 14:58:36,089 [327657b1-60f8-49f2-b2a3-f63e1f934942@group-58A987F56150-LeaderElection265] INFO  impl.RaftServerImpl (RaftServerImpl.java:setRole(184)) - 327657b1-60f8-49f2-b2a3-f63e1f934942@group-58A987F56150: changes role from CANDIDATE to FOLLOWER at term 305 for DISCOVERED_A_NEW_TERM
2019-10-18 14:58:36,090 [327657b1-60f8-49f2-b2a3-f63e1f934942@group-58A987F56150-LeaderElection265] INFO  impl.RoleInfo (RoleInfo.java:shutdownLeaderElection(134)) - 327657b1-60f8-49f2-b2a3-f63e1f934942: shutdown LeaderElection
2019-10-18 14:58:36,090 [327657b1-60f8-49f2-b2a3-f63e1f934942@group-58A987F56150-LeaderElection265] INFO  impl.RoleInfo (RoleInfo.java:updateAndGet(143)) - 327657b1-60f8-49f2-b2a3-f63e1f934942: start FollowerState
2019-10-18 14:58:36,223 [Thread-2058] INFO  impl.FollowerState (FollowerState.java:run(108)) - 327657b1-60f8-49f2-b2a3-f63e1f934942@group-58A987F56150-FollowerState: change to CANDIDATE, lastRpcTime:133ms, electionTimeout:133ms
2019-10-18 14:58:36,223 [Thread-2058] INFO  impl.RoleInfo (RoleInfo.java:shutdownFollowerState(121)) - 327657b1-60f8-49f2-b2a3-f63e1f934942: shutdown FollowerState
2019-10-18 14:58:36,223 [Thread-2058] INFO  impl.RaftServerImpl (RaftServerImpl.java:setRole(184)) - 327657b1-60f8-49f2-b2a3-f63e1f934942@group-58A987F56150: changes role from  FOLLOWER to CANDIDATE at term 305 for changeToCandidate
2019-10-18 14:58:36,224 [Thread-2058] INFO  impl.RoleInfo (RoleInfo.java:updateAndGet(143)) - 327657b1-60f8-49f2-b2a3-f63e1f934942: start LeaderElection
2019-10-18 14:58:36,249 [327657b1-60f8-49f2-b2a3-f63e1f934942@group-58A987F56150-LeaderElection266] INFO  impl.LeaderElection (LeaderElection.java:askForVotes(178)) - 327657b1-60f8-49f2-b2a3-f63e1f934942@group-58A987F56150-LeaderElection266: begin an election at term 306 for -1: [6605b8a5-570b-4977-9ee7-6aaf3012bed5:192.168.164.233:35223, 327657b1-60f8-49f2-b2a3-f63e1f934942:192.168.164.233:41966, ddd4789c-894d-475a-bbfb-f6e7aa670c92:192.168.164.233:41061], old=null
2019-10-18 14:58:36,251 [grpc-default-executor-3] INFO  impl.RaftServerImpl (RaftServerImpl.java:setRole(184)) - ddd4789c-894d-475a-bbfb-f6e7aa670c92@group-58A987F56150: changes role from  FOLLOWER to FOLLOWER at term 306 for recognizeCandidate:327657b1-60f8-49f2-b2a3-f63e1f934942
2019-10-18 14:58:36,251 [grpc-default-executor-2] INFO  impl.RaftServerImpl (RaftServerImpl.java:setRole(184)) - 6605b8a5-570b-4977-9ee7-6aaf3012bed5@group-58A987F56150: changes role from  FOLLOWER to FOLLOWER at term 306 for recognizeCandidate:327657b1-60f8-49f2-b2a3-f63e1f934942
2019-10-18 14:58:36,251 [grpc-default-executor-3] INFO  impl.RoleInfo (RoleInfo.java:shutdownFollowerState(121)) - ddd4789c-894d-475a-bbfb-f6e7aa670c92: shutdown FollowerState
2019-10-18 14:58:36,251 [grpc-default-executor-2] INFO  impl.RoleInfo (RoleInfo.java:shutdownFollowerState(121)) - 6605b8a5-570b-4977-9ee7-6aaf3012bed5: shutdown FollowerState
2019-10-18 14:58:36,252 [Thread-2056] INFO  impl.FollowerState (FollowerState.java:run(117)) - ddd4789c-894d-475a-bbfb-f6e7aa670c92@group-58A987F56150-FollowerState was interrupted: java.lang.InterruptedException: sleep interrupted
2019-10-18 14:58:36,252 [grpc-default-executor-3] INFO  impl.RoleInfo (RoleInfo.java:updateAndGet(143)) - ddd4789c-894d-475a-bbfb-f6e7aa670c92: start FollowerState
2019-10-18 14:58:36,252 [Thread-2057] INFO  impl.FollowerState (FollowerState.java:run(117)) - 6605b8a5-570b-4977-9ee7-6aaf3012bed5@group-58A987F56150-FollowerState was interrupted: java.lang.InterruptedException: sleep interrupted
2019-10-18 14:58:36,252 [grpc-default-executor-2] INFO  impl.RoleInfo (RoleInfo.java:updateAndGet(143)) - 6605b8a5-570b-4977-9ee7-6aaf3012bed5: start FollowerState
2019-10-18 14:58:36,279 [327657b1-60f8-49f2-b2a3-f63e1f934942@group-58A987F56150-LeaderElection266] INFO  impl.LeaderElection (LeaderElection.java:logAndReturn(56)) - 327657b1-60f8-49f2-b2a3-f63e1f934942@group-58A987F56150-LeaderElection266: Election REJECTED; received 2 response(s) [327657b1-60f8-49f2-b2a3-f63e1f934942<-6605b8a5-570b-4977-9ee7-6aaf3012bed5#0:FAIL-t306, 327657b1-60f8-49f2-b2a3-f63e1f934942<-ddd4789c-894d-475a-bbfb-f6e7aa670c92#0:FAIL-t306] and 0 exception(s); 327657b1-60f8-49f2-b2a3-f63e1f934942@group-58A987F56150:t306, leader=null, voted=327657b1-60f8-49f2-b2a3-f63e1f934942, raftlog=327657b1-60f8-49f2-b2a3-f63e1f934942@group-58A987F56150-SegmentedRaftLog:OPENED:c-1,f-1,i0, conf=-1: [6605b8a5-570b-4977-9ee7-6aaf3012bed5:192.168.164.233:35223, 327657b1-60f8-49f2-b2a3-f63e1f934942:192.168.164.233:41966, ddd4789c-894d-475a-bbfb-f6e7aa670c92:192.168.164.233:41061], old=null
2019-10-18 14:58:36,280 [327657b1-60f8-49f2-b2a3-f63e1f934942@group-58A987F56150-LeaderElection266] INFO  impl.RaftServerImpl (RaftServerImpl.java:setRole(184)) - 327657b1-60f8-49f2-b2a3-f63e1f934942@group-58A987F56150: changes role from CANDIDATE to FOLLOWER at term 306 for DISCOVERED_A_NEW_TERM
2019-10-18 14:58:36,280 [327657b1-60f8-49f2-b2a3-f63e1f934942@group-58A987F56150-LeaderElection266] INFO  impl.RoleInfo (RoleInfo.java:shutdownLeaderElection(134)) - 327657b1-60f8-49f2-b2a3-f63e1f934942: shutdown LeaderElection
2019-10-18 14:58:36,280 [327657b1-60f8-49f2-b2a3-f63e1f934942@group-58A987F56150-LeaderElection266] INFO  impl.RoleInfo (RoleInfo.java:updateAndGet(143)) - 327657b1-60f8-49f2-b2a3-f63e1f934942: start FollowerState
2019-10-18 14:58:36,347 [Thread-2064] INFO  impl.FollowerState (FollowerState.java:run(108)) - 327657b1-60f8-49f2-b2a3-f63e1f934942@group-58A987F56150-FollowerState: change to CANDIDATE, lastRpcTime:67ms, electionTimeout:67ms
2019-10-18 14:58:36,347 [Thread-2064] INFO  impl.RoleInfo (RoleInfo.java:shutdownFollowerState(121)) - 327657b1-60f8-49f2-b2a3-f63e1f934942: shutdown FollowerState
2019-10-18 14:58:36,348 [Thread-2064] INFO  impl.RaftServerImpl (RaftServerImpl.java:setRole(184)) - 327657b1-60f8-49f2-b2a3-f63e1f934942@group-58A987F56150: changes role from  FOLLOWER to CANDIDATE at term 306 for changeToCandidate
2019-10-18 14:58:36,348 [Thread-2064] INFO  impl.RoleInfo (RoleInfo.java:updateAndGet(143)) - 327657b1-60f8-49f2-b2a3-f63e1f934942: start LeaderElection
2019-10-18 14:58:36,361 [327657b1-60f8-49f2-b2a3-f63e1f934942@group-58A987F56150-LeaderElection267] INFO  impl.LeaderElection (LeaderElection.java:askForVotes(178)) - 327657b1-60f8-49f2-b2a3-f63e1f934942@group-58A987F56150-LeaderElection267: begin an election at term 307 for -1: [6605b8a5-570b-4977-9ee7-6aaf3012bed5:192.168.164.233:35223, 327657b1-60f8-49f2-b2a3-f63e1f934942:192.168.164.233:41966, ddd4789c-894d-475a-bbfb-f6e7aa670c92:192.168.164.233:41061], old=null
2019-10-18 14:58:36,363 [grpc-default-executor-3] INFO  impl.RaftServerImpl (RaftServerImpl.java:setRole(184)) - 6605b8a5-570b-4977-9ee7-6aaf3012bed5@group-58A987F56150: changes role from  FOLLOWER to FOLLOWER at term 307 for recognizeCandidate:327657b1-60f8-49f2-b2a3-f63e1f934942
2019-10-18 14:58:36,363 [grpc-default-executor-3] INFO  impl.RoleInfo (RoleInfo.java:shutdownFollowerState(121)) - 6605b8a5-570b-4977-9ee7-6aaf3012bed5: shutdown FollowerState
2019-10-18 14:58:36,363 [grpc-default-executor-2] INFO  impl.RaftServerImpl (RaftServerImpl.java:setRole(184)) - ddd4789c-894d-475a-bbfb-f6e7aa670c92@group-58A987F56150: changes role from  FOLLOWER to FOLLOWER at term 307 for recognizeCandidate:327657b1-60f8-49f2-b2a3-f63e1f934942
2019-10-18 14:58:36,363 [Thread-2063] INFO  impl.FollowerState (FollowerState.java:run(117)) - 6605b8a5-570b-4977-9ee7-6aaf3012bed5@group-58A987F56150-FollowerState was interrupted: java.lang.InterruptedException: sleep interrupted
2019-10-18 14:58:36,363 [grpc-default-executor-3] INFO  impl.RoleInfo (RoleInfo.java:updateAndGet(143)) - 6605b8a5-570b-4977-9ee7-6aaf3012bed5: start FollowerState
2019-10-18 14:58:36,363 [grpc-default-executor-2] INFO  impl.RoleInfo (RoleInfo.java:shutdownFollowerState(121)) - ddd4789c-894d-475a-bbfb-f6e7aa670c92: shutdown FollowerState
2019-10-18 14:58:36,364 [grpc-default-executor-2] INFO  impl.RoleInfo (RoleInfo.java:updateAndGet(143)) - ddd4789c-894d-475a-bbfb-f6e7aa670c92: start FollowerState
2019-10-18 14:58:36,364 [Thread-2062] INFO  impl.FollowerState (FollowerState.java:run(117)) - ddd4789c-894d-475a-bbfb-f6e7aa670c92@group-58A987F56150-FollowerState was interrupted: java.lang.InterruptedException: sleep interrupted
2019-10-18 14:58:36,390 [327657b1-60f8-49f2-b2a3-f63e1f934942@group-58A987F56150-LeaderElection267] INFO  impl.LeaderElection (LeaderElection.java:logAndReturn(56)) - 327657b1-60f8-49f2-b2a3-f63e1f934942@group-58A987F56150-LeaderElection267: Election REJECTED; received 2 response(s) [327657b1-60f8-49f2-b2a3-f63e1f934942<-6605b8a5-570b-4977-9ee7-6aaf3012bed5#0:FAIL-t307, 327657b1-60f8-49f2-b2a3-f63e1f934942<-ddd4789c-894d-475a-bbfb-f6e7aa670c92#0:FAIL-t307] and 0 exception(s); 327657b1-60f8-49f2-b2a3-f63e1f934942@group-58A987F56150:t307, leader=null, voted=327657b1-60f8-49f2-b2a3-f63e1f934942, raftlog=327657b1-60f8-49f2-b2a3-f63e1f934942@group-58A987F56150-SegmentedRaftLog:OPENED:c-1,f-1,i0, conf=-1: [6605b8a5-570b-4977-9ee7-6aaf3012bed5:192.168.164.233:35223, 327657b1-60f8-49f2-b2a3-f63e1f934942:192.168.164.233:41966, ddd4789c-894d-475a-bbfb-f6e7aa670c92:192.168.164.233:41061], old=null
2019-10-18 14:58:36,390 [327657b1-60f8-49f2-b2a3-f63e1f934942@group-58A987F56150-LeaderElection267] INFO  impl.RaftServerImpl (RaftServerImpl.java:setRole(184)) - 327657b1-60f8-49f2-b2a3-f63e1f934942@group-58A987F56150: changes role from CANDIDATE to FOLLOWER at term 307 for DISCOVERED_A_NEW_TERM
2019-10-18 14:58:36,390 [327657b1-60f8-49f2-b2a3-f63e1f934942@group-58A987F56150-LeaderElection267] INFO  impl.RoleInfo (RoleInfo.java:shutdownLeaderElection(134)) - 327657b1-60f8-49f2-b2a3-f63e1f934942: shutdown LeaderElection
2019-10-18 14:58:36,390 [327657b1-60f8-49f2-b2a3-f63e1f934942@group-58A987F56150-LeaderElection267] INFO  impl.RoleInfo (RoleInfo.java:updateAndGet(143)) - 327657b1-60f8-49f2-b2a3-f63e1f934942: start FollowerState
2019-10-18 14:58:36,497 [Thread-2070] INFO  impl.FollowerState (FollowerState.java:run(108)) - 327657b1-60f8-49f2-b2a3-f63e1f934942@group-58A987F56150-FollowerState: change to CANDIDATE, lastRpcTime:107ms, electionTimeout:107ms
2019-10-18 14:58:36,498 [Thread-2070] INFO  impl.RoleInfo (RoleInfo.java:shutdownFollowerState(121)) - 327657b1-60f8-49f2-b2a3-f63e1f934942: shutdown FollowerState
2019-10-18 14:58:36,498 [Thread-2070] INFO  impl.RaftServerImpl (RaftServerImpl.java:setRole(184)) - 327657b1-60f8-49f2-b2a3-f63e1f934942@group-58A987F56150: changes role from  FOLLOWER to CANDIDATE at term 307 for changeToCandidate
2019-10-18 14:58:36,498 [Thread-2070] INFO  impl.RoleInfo (RoleInfo.java:updateAndGet(143)) - 327657b1-60f8-49f2-b2a3-f63e1f934942: start LeaderElection
2019-10-18 14:58:36,518 [327657b1-60f8-49f2-b2a3-f63e1f934942@group-58A987F56150-LeaderElection268] INFO  impl.LeaderElection (LeaderElection.java:askForVotes(178)) - 327657b1-60f8-49f2-b2a3-f63e1f934942@group-58A987F56150-LeaderElection268: begin an election at term 308 for -1: [6605b8a5-570b-4977-9ee7-6aaf3012bed5:192.168.164.233:35223, 327657b1-60f8-49f2-b2a3-f63e1f934942:192.168.164.233:41966, ddd4789c-894d-475a-bbfb-f6e7aa670c92:192.168.164.233:41061], old=null
2019-10-18 14:58:36,520 [grpc-default-executor-2] INFO  impl.RaftServerImpl (RaftServerImpl.java:setRole(184)) - 6605b8a5-570b-4977-9ee7-6aaf3012bed5@group-58A987F56150: changes role from  FOLLOWER to FOLLOWER at term 308 for recognizeCandidate:327657b1-60f8-49f2-b2a3-f63e1f934942
2019-10-18 14:58:36,520 [grpc-default-executor-2] INFO  impl.RoleInfo (RoleInfo.java:shutdownFollowerState(121)) - 6605b8a5-570b-4977-9ee7-6aaf3012bed5: shutdown FollowerState
2019-10-18 14:58:36,520 [grpc-default-executor-3] INFO  impl.RaftServerImpl (RaftServerImpl.java:setRole(184)) - ddd4789c-894d-475a-bbfb-f6e7aa670c92@group-58A987F56150: changes role from  FOLLOWER to FOLLOWER at term 308 for recognizeCandidate:327657b1-60f8-49f2-b2a3-f63e1f934942
2019-10-18 14:58:36,521 [Thread-2068] INFO  impl.FollowerState (FollowerState.java:run(117)) - 6605b8a5-570b-4977-9ee7-6aaf3012bed5@group-58A987F56150-FollowerState was interrupted: java.lang.InterruptedException: sleep interrupted
2019-10-18 14:58:36,520 [grpc-default-executor-2] INFO  impl.RoleInfo (RoleInfo.java:updateAndGet(143)) - 6605b8a5-570b-4977-9ee7-6aaf3012bed5: start FollowerState
2019-10-18 14:58:36,521 [grpc-default-executor-3] INFO  impl.RoleInfo (RoleInfo.java:shutdownFollowerState(121)) - ddd4789c-894d-475a-bbfb-f6e7aa670c92: shutdown FollowerState
2019-10-18 14:58:36,521 [grpc-default-executor-3] INFO  impl.RoleInfo (RoleInfo.java:updateAndGet(143)) - ddd4789c-894d-475a-bbfb-f6e7aa670c92: start FollowerState
2019-10-18 14:58:36,521 [Thread-2069] INFO  impl.FollowerState (FollowerState.java:run(117)) - ddd4789c-894d-475a-bbfb-f6e7aa670c92@group-58A987F56150-FollowerState was interrupted: java.lang.InterruptedException: sleep interrupted
2019-10-18 14:58:36,547 [327657b1-60f8-49f2-b2a3-f63e1f934942@group-58A987F56150-LeaderElection268] INFO  impl.LeaderElection (LeaderElection.java:logAndReturn(56)) - 327657b1-60f8-49f2-b2a3-f63e1f934942@group-58A987F56150-LeaderElection268: Election REJECTED; received 2 response(s) [327657b1-60f8-49f2-b2a3-f63e1f934942<-6605b8a5-570b-4977-9ee7-6aaf3012bed5#0:FAIL-t308, 327657b1-60f8-49f2-b2a3-f63e1f934942<-ddd4789c-894d-475a-bbfb-f6e7aa670c92#0:FAIL-t308] and 0 exception(s); 327657b1-60f8-49f2-b2a3-f63e1f934942@group-58A987F56150:t308, leader=null, voted=327657b1-60f8-49f2-b2a3-f63e1f934942, raftlog=327657b1-60f8-49f2-b2a3-f63e1f934942@group-58A987F56150-SegmentedRaftLog:OPENED:c-1,f-1,i0, conf=-1: [6605b8a5-570b-4977-9ee7-6aaf3012bed5:192.168.164.233:35223, 327657b1-60f8-49f2-b2a3-f63e1f934942:192.168.164.233:41966, ddd4789c-894d-475a-bbfb-f6e7aa670c92:192.168.164.233:41061], old=null
2019-10-18 14:58:36,547 [327657b1-60f8-49f2-b2a3-f63e1f934942@group-58A987F56150-LeaderElection268] INFO  impl.RaftServerImpl (RaftServerImpl.java:setRole(184)) - 327657b1-60f8-49f2-b2a3-f63e1f934942@group-58A987F56150: changes role from CANDIDATE to FOLLOWER at term 308 for DISCOVERED_A_NEW_TERM
2019-10-18 14:58:36,547 [327657b1-60f8-49f2-b2a3-f63e1f934942@group-58A987F56150-LeaderElection268] INFO  impl.RoleInfo (RoleInfo.java:shutdownLeaderElection(134)) - 327657b1-60f8-49f2-b2a3-f63e1f934942: shutdown LeaderElection
2019-10-18 14:58:36,547 [327657b1-60f8-49f2-b2a3-f63e1f934942@group-58A987F56150-LeaderElection268] INFO  impl.RoleInfo (RoleInfo.java:updateAndGet(143)) - 327657b1-60f8-49f2-b2a3-f63e1f934942: start FollowerState
2019-10-18 14:58:36,571 [Thread-2076] INFO  impl.FollowerState (FollowerState.java:run(108)) - 327657b1-60f8-49f2-b2a3-f63e1f934942@group-58A987F56150-FollowerState: change to CANDIDATE, lastRpcTime:23ms, electionTimeout:23ms
2019-10-18 14:58:36,571 [Thread-2076] INFO  impl.RoleInfo (RoleInfo.java:shutdownFollowerState(121)) - 327657b1-60f8-49f2-b2a3-f63e1f934942: shutdown FollowerState
2019-10-18 14:58:36,571 [Thread-2076] INFO  impl.RaftServerImpl (RaftServerImpl.java:setRole(184)) - 327657b1-60f8-49f2-b2a3-f63e1f934942@group-58A987F56150: changes role from  FOLLOWER to CANDIDATE at term 308 for changeToCandidate
2019-10-18 14:58:36,571 [Thread-2076] INFO  impl.RoleInfo (RoleInfo.java:updateAndGet(143)) - 327657b1-60f8-49f2-b2a3-f63e1f934942: start LeaderElection
2019-10-18 14:58:36,584 [327657b1-60f8-49f2-b2a3-f63e1f934942@group-58A987F56150-LeaderElection269] INFO  impl.LeaderElection (LeaderElection.java:askForVotes(178)) - 327657b1-60f8-49f2-b2a3-f63e1f934942@group-58A987F56150-LeaderElection269: begin an election at term 309 for -1: [6605b8a5-570b-4977-9ee7-6aaf3012bed5:192.168.164.233:35223, 327657b1-60f8-49f2-b2a3-f63e1f934942:192.168.164.233:41966, ddd4789c-894d-475a-bbfb-f6e7aa670c92:192.168.164.233:41061], old=null
2019-10-18 14:58:36,586 [grpc-default-executor-3] INFO  impl.RaftServerImpl (RaftServerImpl.java:setRole(184)) - 6605b8a5-570b-4977-9ee7-6aaf3012bed5@group-58A987F56150: changes role from  FOLLOWER to FOLLOWER at term 309 for recognizeCandidate:327657b1-60f8-49f2-b2a3-f63e1f934942
2019-10-18 14:58:36,586 [grpc-default-executor-2] INFO  impl.RaftServerImpl (RaftServerImpl.java:setRole(184)) - ddd4789c-894d-475a-bbfb-f6e7aa670c92@group-58A987F56150: changes role from  FOLLOWER to FOLLOWER at term 309 for recognizeCandidate:327657b1-60f8-49f2-b2a3-f63e1f934942
2019-10-18 14:58:36,586 [grpc-default-executor-2] INFO  impl.RoleInfo (RoleInfo.java:shutdownFollowerState(121)) - ddd4789c-894d-475a-bbfb-f6e7aa670c92: shutdown FollowerState
2019-10-18 14:58:36,586 [grpc-default-executor-3] INFO  impl.RoleInfo (RoleInfo.java:shutdownFollowerState(121)) - 6605b8a5-570b-4977-9ee7-6aaf3012bed5: shutdown FollowerState
2019-10-18 14:58:36,586 [Thread-2075] INFO  impl.FollowerState (FollowerState.java:run(117)) - ddd4789c-894d-475a-bbfb-f6e7aa670c92@group-58A987F56150-FollowerState was interrupted: java.lang.InterruptedException: sleep interrupted
2019-10-18 14:58:36,586 [grpc-default-executor-2] INFO  impl.RoleInfo (RoleInfo.java:updateAndGet(143)) - ddd4789c-894d-475a-bbfb-f6e7aa670c92: start FollowerState
2019-10-18 14:58:36,587 [grpc-default-executor-3] INFO  impl.RoleInfo (RoleInfo.java:updateAndGet(143)) - 6605b8a5-570b-4977-9ee7-6aaf3012bed5: start FollowerState
2019-10-18 14:58:36,587 [Thread-2074] INFO  impl.FollowerState (FollowerState.java:run(117)) - 6605b8a5-570b-4977-9ee7-6aaf3012bed5@group-58A987F56150-FollowerState was interrupted: java.lang.InterruptedException: sleep interrupted
2019-10-18 14:58:36,601 [327657b1-60f8-49f2-b2a3-f63e1f934942@group-58A987F56150-LeaderElection269] INFO  impl.LeaderElection (LeaderElection.java:logAndReturn(56)) - 327657b1-60f8-49f2-b2a3-f63e1f934942@group-58A987F56150-LeaderElection269: Election REJECTED; received 2 response(s) [327657b1-60f8-49f2-b2a3-f63e1f934942<-6605b8a5-570b-4977-9ee7-6aaf3012bed5#0:FAIL-t309, 327657b1-60f8-49f2-b2a3-f63e1f934942<-ddd4789c-894d-475a-bbfb-f6e7aa670c92#0:FAIL-t309] and 0 exception(s); 327657b1-60f8-49f2-b2a3-f63e1f934942@group-58A987F56150:t309, leader=null, voted=327657b1-60f8-49f2-b2a3-f63e1f934942, raftlog=327657b1-60f8-49f2-b2a3-f63e1f934942@group-58A987F56150-SegmentedRaftLog:OPENED:c-1,f-1,i0, conf=-1: [6605b8a5-570b-4977-9ee7-6aaf3012bed5:192.168.164.233:35223, 327657b1-60f8-49f2-b2a3-f63e1f934942:192.168.164.233:41966, ddd4789c-894d-475a-bbfb-f6e7aa670c92:192.168.164.233:41061], old=null
2019-10-18 14:58:36,601 [327657b1-60f8-49f2-b2a3-f63e1f934942@group-58A987F56150-LeaderElection269] INFO  impl.RaftServerImpl (RaftServerImpl.java:setRole(184)) - 327657b1-60f8-49f2-b2a3-f63e1f934942@group-58A987F56150: changes role from CANDIDATE to FOLLOWER at term 309 for DISCOVERED_A_NEW_TERM
2019-10-18 14:58:36,601 [327657b1-60f8-49f2-b2a3-f63e1f934942@group-58A987F56150-LeaderElection269] INFO  impl.RoleInfo (RoleInfo.java:shutdownLeaderElection(134)) - 327657b1-60f8-49f2-b2a3-f63e1f934942: shutdown LeaderElection
2019-10-18 14:58:36,601 [327657b1-60f8-49f2-b2a3-f63e1f934942@group-58A987F56150-LeaderElection269] INFO  impl.RoleInfo (RoleInfo.java:updateAndGet(143)) - 327657b1-60f8-49f2-b2a3-f63e1f934942: start FollowerState
2019-10-18 14:58:36,751 [Thread-2082] INFO  impl.FollowerState (FollowerState.java:run(108)) - 327657b1-60f8-49f2-b2a3-f63e1f934942@group-58A987F56150-FollowerState: change to CANDIDATE, lastRpcTime:149ms, electionTimeout:149ms
2019-10-18 14:58:36,751 [Thread-2082] INFO  impl.RoleInfo (RoleInfo.java:shutdownFollowerState(121)) - 327657b1-60f8-49f2-b2a3-f63e1f934942: shutdown FollowerState
2019-10-18 14:58:36,751 [Thread-2082] INFO  impl.RaftServerImpl (RaftServerImpl.java:setRole(184)) - 327657b1-60f8-49f2-b2a3-f63e1f934942@group-58A987F56150: changes role from  FOLLOWER to CANDIDATE at term 309 for changeToCandidate
2019-10-18 14:58:36,751 [Thread-2082] INFO  impl.RoleInfo (RoleInfo.java:updateAndGet(143)) - 327657b1-60f8-49f2-b2a3-f63e1f934942: start LeaderElection
2019-10-18 14:58:36,765 [327657b1-60f8-49f2-b2a3-f63e1f934942@group-58A987F56150-LeaderElection270] INFO  impl.LeaderElection (LeaderElection.java:askForVotes(178)) - 327657b1-60f8-49f2-b2a3-f63e1f934942@group-58A987F56150-LeaderElection270: begin an election at term 310 for -1: [6605b8a5-570b-4977-9ee7-6aaf3012bed5:192.168.164.233:35223, 327657b1-60f8-49f2-b2a3-f63e1f934942:192.168.164.233:41966, ddd4789c-894d-475a-bbfb-f6e7aa670c92:192.168.164.233:41061], old=null
2019-10-18 14:58:36,767 [grpc-default-executor-2] INFO  impl.RaftServerImpl (RaftServerImpl.java:setRole(184)) - ddd4789c-894d-475a-bbfb-f6e7aa670c92@group-58A987F56150: changes role from  FOLLOWER to FOLLOWER at term 310 for recognizeCandidate:327657b1-60f8-49f2-b2a3-f63e1f934942
2019-10-18 14:58:36,767 [grpc-default-executor-3] INFO  impl.RaftServerImpl (RaftServerImpl.java:setRole(184)) - 6605b8a5-570b-4977-9ee7-6aaf3012bed5@group-58A987F56150: changes role from  FOLLOWER to FOLLOWER at term 310 for recognizeCandidate:327657b1-60f8-49f2-b2a3-f63e1f934942
2019-10-18 14:58:36,768 [grpc-default-executor-2] INFO  impl.RoleInfo (RoleInfo.java:shutdownFollowerState(121)) - ddd4789c-894d-475a-bbfb-f6e7aa670c92: shutdown FollowerState
2019-10-18 14:58:36,768 [grpc-default-executor-3] INFO  impl.RoleInfo (RoleInfo.java:shutdownFollowerState(121)) - 6605b8a5-570b-4977-9ee7-6aaf3012bed5: shutdown FollowerState
2019-10-18 14:58:36,768 [grpc-default-executor-2] INFO  impl.RoleInfo (RoleInfo.java:updateAndGet(143)) - ddd4789c-894d-475a-bbfb-f6e7aa670c92: start FollowerState
2019-10-18 14:58:36,768 [Thread-2080] INFO  impl.FollowerState (FollowerState.java:run(117)) - ddd4789c-894d-475a-bbfb-f6e7aa670c92@group-58A987F56150-FollowerState was interrupted: java.lang.InterruptedException: sleep interrupted
2019-10-18 14:58:36,768 [Thread-2081] INFO  impl.FollowerState (FollowerState.java:run(117)) - 6605b8a5-570b-4977-9ee7-6aaf3012bed5@group-58A987F56150-FollowerState was interrupted: java.lang.InterruptedException: sleep interrupted
2019-10-18 14:58:36,768 [grpc-default-executor-3] INFO  impl.RoleInfo (RoleInfo.java:updateAndGet(143)) - 6605b8a5-570b-4977-9ee7-6aaf3012bed5: start FollowerState
2019-10-18 14:58:36,798 [327657b1-60f8-49f2-b2a3-f63e1f934942@group-58A987F56150-LeaderElection270] INFO  impl.LeaderElection (LeaderElection.java:logAndReturn(56)) - 327657b1-60f8-49f2-b2a3-f63e1f934942@group-58A987F56150-LeaderElection270: Election TIMEOUT; received 1 response(s) [327657b1-60f8-49f2-b2a3-f63e1f934942<-ddd4789c-894d-475a-bbfb-f6e7aa670c92#0:FAIL-t310] and 0 exception(s); 327657b1-60f8-49f2-b2a3-f63e1f934942@group-58A987F56150:t310, leader=null, voted=327657b1-60f8-49f2-b2a3-f63e1f934942, raftlog=327657b1-60f8-49f2-b2a3-f63e1f934942@group-58A987F56150-SegmentedRaftLog:OPENED:c-1,f-1,i0, conf=-1: [6605b8a5-570b-4977-9ee7-6aaf3012bed5:192.168.164.233:35223, 327657b1-60f8-49f2-b2a3-f63e1f934942:192.168.164.233:41966, ddd4789c-894d-475a-bbfb-f6e7aa670c92:192.168.164.233:41061], old=null
2019-10-18 14:58:36,813 [327657b1-60f8-49f2-b2a3-f63e1f934942@group-58A987F56150-LeaderElection270] INFO  impl.LeaderElection (LeaderElection.java:askForVotes(178)) - 327657b1-60f8-49f2-b2a3-f63e1f934942@group-58A987F56150-LeaderElection270: begin an election at term 311 for -1: [6605b8a5-570b-4977-9ee7-6aaf3012bed5:192.168.164.233:35223, 327657b1-60f8-49f2-b2a3-f63e1f934942:192.168.164.233:41966, ddd4789c-894d-475a-bbfb-f6e7aa670c92:192.168.164.233:41061], old=null
2019-10-18 14:58:36,815 [grpc-default-executor-2] INFO  impl.RaftServerImpl (RaftServerImpl.java:setRole(184)) - 6605b8a5-570b-4977-9ee7-6aaf3012bed5@group-58A987F56150: changes role from  FOLLOWER to FOLLOWER at term 311 for recognizeCandidate:327657b1-60f8-49f2-b2a3-f63e1f934942
2019-10-18 14:58:36,815 [grpc-default-executor-3] INFO  impl.RaftServerImpl (RaftServerImpl.java:setRole(184)) - ddd4789c-894d-475a-bbfb-f6e7aa670c92@group-58A987F56150: changes role from  FOLLOWER to FOLLOWER at term 311 for recognizeCandidate:327657b1-60f8-49f2-b2a3-f63e1f934942
2019-10-18 14:58:36,815 [grpc-default-executor-3] INFO  impl.RoleInfo (RoleInfo.java:shutdownFollowerState(121)) - ddd4789c-894d-475a-bbfb-f6e7aa670c92: shutdown FollowerState
2019-10-18 14:58:36,815 [grpc-default-executor-2] INFO  impl.RoleInfo (RoleInfo.java:shutdownFollowerState(121)) - 6605b8a5-570b-4977-9ee7-6aaf3012bed5: shutdown FollowerState
2019-10-18 14:58:36,815 [Thread-2086] INFO  impl.FollowerState (FollowerState.java:run(117)) - ddd4789c-894d-475a-bbfb-f6e7aa670c92@group-58A987F56150-FollowerState was interrupted: java.lang.InterruptedException: sleep interrupted
2019-10-18 14:58:36,815 [grpc-default-executor-3] INFO  impl.RoleInfo (RoleInfo.java:updateAndGet(143)) - ddd4789c-894d-475a-bbfb-f6e7aa670c92: start FollowerState
2019-10-18 14:58:36,815 [Thread-2087] INFO  impl.FollowerState (FollowerState.java:run(117)) - 6605b8a5-570b-4977-9ee7-6aaf3012bed5@group-58A987F56150-FollowerState was interrupted: java.lang.InterruptedException: sleep interrupted
2019-10-18 14:58:36,815 [grpc-default-executor-2] INFO  impl.RoleInfo (RoleInfo.java:updateAndGet(143)) - 6605b8a5-570b-4977-9ee7-6aaf3012bed5: start FollowerState
2019-10-18 14:58:36,830 [327657b1-60f8-49f2-b2a3-f63e1f934942@group-58A987F56150-LeaderElection270] INFO  impl.LeaderElection (LeaderElection.java:logAndReturn(56)) - 327657b1-60f8-49f2-b2a3-f63e1f934942@group-58A987F56150-LeaderElection270: Election REJECTED; received 2 response(s) [327657b1-60f8-49f2-b2a3-f63e1f934942<-6605b8a5-570b-4977-9ee7-6aaf3012bed5#0:FAIL-t311, 327657b1-60f8-49f2-b2a3-f63e1f934942<-ddd4789c-894d-475a-bbfb-f6e7aa670c92#0:FAIL-t311] and 0 exception(s); 327657b1-60f8-49f2-b2a3-f63e1f934942@group-58A987F56150:t311, leader=null, voted=327657b1-60f8-49f2-b2a3-f63e1f934942, raftlog=327657b1-60f8-49f2-b2a3-f63e1f934942@group-58A987F56150-SegmentedRaftLog:OPENED:c-1,f-1,i0, conf=-1: [6605b8a5-570b-4977-9ee7-6aaf3012bed5:192.168.164.233:35223, 327657b1-60f8-49f2-b2a3-f63e1f934942:192.168.164.233:41966, ddd4789c-894d-475a-bbfb-f6e7aa670c92:192.168.164.233:41061], old=null
2019-10-18 14:58:36,830 [327657b1-60f8-49f2-b2a3-f63e1f934942@group-58A987F56150-LeaderElection270] INFO  impl.RaftServerImpl (RaftServerImpl.java:setRole(184)) - 327657b1-60f8-49f2-b2a3-f63e1f934942@group-58A987F56150: changes role from CANDIDATE to FOLLOWER at term 311 for DISCOVERED_A_NEW_TERM
2019-10-18 14:58:36,830 [327657b1-60f8-49f2-b2a3-f63e1f934942@group-58A987F56150-LeaderElection270] INFO  impl.RoleInfo (RoleInfo.java:shutdownLeaderElection(134)) - 327657b1-60f8-49f2-b2a3-f63e1f934942: shutdown LeaderElection
2019-10-18 14:58:36,830 [327657b1-60f8-49f2-b2a3-f63e1f934942@group-58A987F56150-LeaderElection270] INFO  impl.RoleInfo (RoleInfo.java:updateAndGet(143)) - 327657b1-60f8-49f2-b2a3-f63e1f934942: start FollowerState
2019-10-18 14:58:36,876 [Thread-2092] INFO  impl.FollowerState (FollowerState.java:run(108)) - 327657b1-60f8-49f2-b2a3-f63e1f934942@group-58A987F56150-FollowerState: change to CANDIDATE, lastRpcTime:46ms, electionTimeout:46ms
2019-10-18 14:58:36,876 [Thread-2092] INFO  impl.RoleInfo (RoleInfo.java:shutdownFollowerState(121)) - 327657b1-60f8-49f2-b2a3-f63e1f934942: shutdown FollowerState
2019-10-18 14:58:36,876 [Thread-2092] INFO  impl.RaftServerImpl (RaftServerImpl.java:setRole(184)) - 327657b1-60f8-49f2-b2a3-f63e1f934942@group-58A987F56150: changes role from  FOLLOWER to CANDIDATE at term 311 for changeToCandidate
2019-10-18 14:58:36,877 [Thread-2092] INFO  impl.RoleInfo (RoleInfo.java:updateAndGet(143)) - 327657b1-60f8-49f2-b2a3-f63e1f934942: start LeaderElection
2019-10-18 14:58:36,890 [327657b1-60f8-49f2-b2a3-f63e1f934942@group-58A987F56150-LeaderElection271] INFO  impl.LeaderElection (LeaderElection.java:askForVotes(178)) - 327657b1-60f8-49f2-b2a3-f63e1f934942@group-58A987F56150-LeaderElection271: begin an election at term 312 for -1: [6605b8a5-570b-4977-9ee7-6aaf3012bed5:192.168.164.233:35223, 327657b1-60f8-49f2-b2a3-f63e1f934942:192.168.164.233:41966, ddd4789c-894d-475a-bbfb-f6e7aa670c92:192.168.164.233:41061], old=null
2019-10-18 14:58:36,892 [grpc-default-executor-2] INFO  impl.RaftServerImpl (RaftServerImpl.java:setRole(184)) - 6605b8a5-570b-4977-9ee7-6aaf3012bed5@group-58A987F56150: changes role from  FOLLOWER to FOLLOWER at term 312 for recognizeCandidate:327657b1-60f8-49f2-b2a3-f63e1f934942
2019-10-18 14:58:36,892 [grpc-default-executor-2] INFO  impl.RoleInfo (RoleInfo.java:shutdownFollowerState(121)) - 6605b8a5-570b-4977-9ee7-6aaf3012bed5: shutdown FollowerState
2019-10-18 14:58:36,892 [grpc-default-executor-3] INFO  impl.RaftServerImpl (RaftServerImpl.java:setRole(184)) - ddd4789c-894d-475a-bbfb-f6e7aa670c92@group-58A987F56150: changes role from  FOLLOWER to FOLLOWER at term 312 for recognizeCandidate:327657b1-60f8-49f2-b2a3-f63e1f934942
2019-10-18 14:58:36,892 [grpc-default-executor-3] INFO  impl.RoleInfo (RoleInfo.java:shutdownFollowerState(121)) - ddd4789c-894d-475a-bbfb-f6e7aa670c92: shutdown FollowerState
2019-10-18 14:58:36,892 [Thread-2091] INFO  impl.FollowerState (FollowerState.java:run(117)) - 6605b8a5-570b-4977-9ee7-6aaf3012bed5@group-58A987F56150-FollowerState was interrupted: java.lang.InterruptedException: sleep interrupted
2019-10-18 14:58:36,892 [Thread-2090] INFO  impl.FollowerState (FollowerState.java:run(117)) - ddd4789c-894d-475a-bbfb-f6e7aa670c92@group-58A987F56150-FollowerState was interrupted: java.lang.InterruptedException: sleep interrupted
2019-10-18 14:58:36,892 [grpc-default-executor-2] INFO  impl.RoleInfo (RoleInfo.java:updateAndGet(143)) - 6605b8a5-570b-4977-9ee7-6aaf3012bed5: start FollowerState
2019-10-18 14:58:36,892 [grpc-default-executor-3] INFO  impl.RoleInfo (RoleInfo.java:updateAndGet(143)) - ddd4789c-894d-475a-bbfb-f6e7aa670c92: start FollowerState
2019-10-18 14:58:36,919 [327657b1-60f8-49f2-b2a3-f63e1f934942@group-58A987F56150-LeaderElection271] INFO  impl.LeaderElection (LeaderElection.java:logAndReturn(56)) - 327657b1-60f8-49f2-b2a3-f63e1f934942@group-58A987F56150-LeaderElection271: Election REJECTED; received 2 response(s) [327657b1-60f8-49f2-b2a3-f63e1f934942<-6605b8a5-570b-4977-9ee7-6aaf3012bed5#0:FAIL-t312, 327657b1-60f8-49f2-b2a3-f63e1f934942<-ddd4789c-894d-475a-bbfb-f6e7aa670c92#0:FAIL-t312] and 0 exception(s); 327657b1-60f8-49f2-b2a3-f63e1f934942@group-58A987F56150:t312, leader=null, voted=327657b1-60f8-49f2-b2a3-f63e1f934942, raftlog=327657b1-60f8-49f2-b2a3-f63e1f934942@group-58A987F56150-SegmentedRaftLog:OPENED:c-1,f-1,i0, conf=-1: [6605b8a5-570b-4977-9ee7-6aaf3012bed5:192.168.164.233:35223, 327657b1-60f8-49f2-b2a3-f63e1f934942:192.168.164.233:41966, ddd4789c-894d-475a-bbfb-f6e7aa670c92:192.168.164.233:41061], old=null
2019-10-18 14:58:36,919 [327657b1-60f8-49f2-b2a3-f63e1f934942@group-58A987F56150-LeaderElection271] INFO  impl.RaftServerImpl (RaftServerImpl.java:setRole(184)) - 327657b1-60f8-49f2-b2a3-f63e1f934942@group-58A987F56150: changes role from CANDIDATE to FOLLOWER at term 312 for DISCOVERED_A_NEW_TERM
2019-10-18 14:58:36,919 [327657b1-60f8-49f2-b2a3-f63e1f934942@group-58A987F56150-LeaderElection271] INFO  impl.RoleInfo (RoleInfo.java:shutdownLeaderElection(134)) - 327657b1-60f8-49f2-b2a3-f63e1f934942: shutdown LeaderElection
2019-10-18 14:58:36,919 [327657b1-60f8-49f2-b2a3-f63e1f934942@group-58A987F56150-LeaderElection271] INFO  impl.RoleInfo (RoleInfo.java:updateAndGet(143)) - 327657b1-60f8-49f2-b2a3-f63e1f934942: start FollowerState
2019-10-18 14:58:37,028 [Thread-2098] INFO  impl.FollowerState (FollowerState.java:run(108)) - 327657b1-60f8-49f2-b2a3-f63e1f934942@group-58A987F56150-FollowerState: change to CANDIDATE, lastRpcTime:108ms, electionTimeout:108ms
2019-10-18 14:58:37,028 [Thread-2098] INFO  impl.RoleInfo (RoleInfo.java:shutdownFollowerState(121)) - 327657b1-60f8-49f2-b2a3-f63e1f934942: shutdown FollowerState
2019-10-18 14:58:37,028 [Thread-2098] INFO  impl.RaftServerImpl (RaftServerImpl.java:setRole(184)) - 327657b1-60f8-49f2-b2a3-f63e1f934942@group-58A987F56150: changes role from  FOLLOWER to CANDIDATE at term 312 for changeToCandidate
2019-10-18 14:58:37,028 [Thread-2098] INFO  impl.RoleInfo (RoleInfo.java:updateAndGet(143)) - 327657b1-60f8-49f2-b2a3-f63e1f934942: start LeaderElection
2019-10-18 14:58:37,054 [327657b1-60f8-49f2-b2a3-f63e1f934942@group-58A987F56150-LeaderElection272] INFO  impl.LeaderElection (LeaderElection.java:askForVotes(178)) - 327657b1-60f8-49f2-b2a3-f63e1f934942@group-58A987F56150-LeaderElection272: begin an election at term 313 for -1: [6605b8a5-570b-4977-9ee7-6aaf3012bed5:192.168.164.233:35223, 327657b1-60f8-49f2-b2a3-f63e1f934942:192.168.164.233:41966, ddd4789c-894d-475a-bbfb-f6e7aa670c92:192.168.164.233:41061], old=null
2019-10-18 14:58:37,058 [grpc-default-executor-2] INFO  impl.RaftServerImpl (RaftServerImpl.java:setRole(184)) - 6605b8a5-570b-4977-9ee7-6aaf3012bed5@group-58A987F56150: changes role from  FOLLOWER to FOLLOWER at term 313 for recognizeCandidate:327657b1-60f8-49f2-b2a3-f63e1f934942
2019-10-18 14:58:37,058 [grpc-default-executor-2] INFO  impl.RoleInfo (RoleInfo.java:shutdownFollowerState(121)) - 6605b8a5-570b-4977-9ee7-6aaf3012bed5: shutdown FollowerState
2019-10-18 14:58:37,058 [grpc-default-executor-1] INFO  impl.RaftServerImpl (RaftServerImpl.java:setRole(184)) - ddd4789c-894d-475a-bbfb-f6e7aa670c92@group-58A987F56150: changes role from  FOLLOWER to FOLLOWER at term 313 for recognizeCandidate:327657b1-60f8-49f2-b2a3-f63e1f934942
2019-10-18 14:58:37,060 [grpc-default-executor-1] INFO  impl.RoleInfo (RoleInfo.java:shutdownFollowerState(121)) - ddd4789c-894d-475a-bbfb-f6e7aa670c92: shutdown FollowerState
2019-10-18 14:58:37,059 [Thread-2096] INFO  impl.FollowerState (FollowerState.java:run(117)) - 6605b8a5-570b-4977-9ee7-6aaf3012bed5@group-58A987F56150-FollowerState was interrupted: java.lang.InterruptedException: sleep interrupted
2019-10-18 14:58:37,059 [grpc-default-executor-2] INFO  impl.RoleInfo (RoleInfo.java:updateAndGet(143)) - 6605b8a5-570b-4977-9ee7-6aaf3012bed5: start FollowerState
2019-10-18 14:58:37,061 [Thread-2097] INFO  impl.FollowerState (FollowerState.java:run(117)) - ddd4789c-894d-475a-bbfb-f6e7aa670c92@group-58A987F56150-FollowerState was interrupted: java.lang.InterruptedException: sleep interrupted
2019-10-18 14:58:37,061 [grpc-default-executor-1] INFO  impl.RoleInfo (RoleInfo.java:updateAndGet(143)) - ddd4789c-894d-475a-bbfb-f6e7aa670c92: start FollowerState
2019-10-18 14:58:37,098 [327657b1-60f8-49f2-b2a3-f63e1f934942@group-58A987F56150-LeaderElection272] INFO  impl.LeaderElection (LeaderElection.java:logAndReturn(56)) - 327657b1-60f8-49f2-b2a3-f63e1f934942@group-58A987F56150-LeaderElection272: Election REJECTED; received 2 response(s) [327657b1-60f8-49f2-b2a3-f63e1f934942<-6605b8a5-570b-4977-9ee7-6aaf3012bed5#0:FAIL-t313, 327657b1-60f8-49f2-b2a3-f63e1f934942<-ddd4789c-894d-475a-bbfb-f6e7aa670c92#0:FAIL-t313] and 0 exception(s); 327657b1-60f8-49f2-b2a3-f63e1f934942@group-58A987F56150:t313, leader=null, voted=327657b1-60f8-49f2-b2a3-f63e1f934942, raftlog=327657b1-60f8-49f2-b2a3-f63e1f934942@group-58A987F56150-SegmentedRaftLog:OPENED:c-1,f-1,i0, conf=-1: [6605b8a5-570b-4977-9ee7-6aaf3012bed5:192.168.164.233:35223, 327657b1-60f8-49f2-b2a3-f63e1f934942:192.168.164.233:41966, ddd4789c-894d-475a-bbfb-f6e7aa670c92:192.168.164.233:41061], old=null
2019-10-18 14:58:37,098 [327657b1-60f8-49f2-b2a3-f63e1f934942@group-58A987F56150-LeaderElection272] INFO  impl.RaftServerImpl (RaftServerImpl.java:setRole(184)) - 327657b1-60f8-49f2-b2a3-f63e1f934942@group-58A987F56150: changes role from CANDIDATE to FOLLOWER at term 313 for DISCOVERED_A_NEW_TERM
2019-10-18 14:58:37,099 [327657b1-60f8-49f2-b2a3-f63e1f934942@group-58A987F56150-LeaderElection272] INFO  impl.RoleInfo (RoleInfo.java:shutdownLeaderElection(134)) - 327657b1-60f8-49f2-b2a3-f63e1f934942: shutdown LeaderElection
2019-10-18 14:58:37,099 [327657b1-60f8-49f2-b2a3-f63e1f934942@group-58A987F56150-LeaderElection272] INFO  impl.RoleInfo (RoleInfo.java:updateAndGet(143)) - 327657b1-60f8-49f2-b2a3-f63e1f934942: start FollowerState
2019-10-18 14:58:37,257 [Thread-2106] INFO  impl.FollowerState (FollowerState.java:run(108)) - 327657b1-60f8-49f2-b2a3-f63e1f934942@group-58A987F56150-FollowerState: change to CANDIDATE, lastRpcTime:158ms, electionTimeout:158ms
2019-10-18 14:58:37,257 [Thread-2106] INFO  impl.RoleInfo (RoleInfo.java:shutdownFollowerState(121)) - 327657b1-60f8-49f2-b2a3-f63e1f934942: shutdown FollowerState
2019-10-18 14:58:37,258 [Thread-2106] INFO  impl.RaftServerImpl (RaftServerImpl.java:setRole(184)) - 327657b1-60f8-49f2-b2a3-f63e1f934942@group-58A987F56150: changes role from  FOLLOWER to CANDIDATE at term 313 for changeToCandidate
2019-10-18 14:58:37,258 [Thread-2106] INFO  impl.RoleInfo (RoleInfo.java:updateAndGet(143)) - 327657b1-60f8-49f2-b2a3-f63e1f934942: start LeaderElection
2019-10-18 14:58:37,271 [327657b1-60f8-49f2-b2a3-f63e1f934942@group-58A987F56150-LeaderElection273] INFO  impl.LeaderElection (LeaderElection.java:askForVotes(178)) - 327657b1-60f8-49f2-b2a3-f63e1f934942@group-58A987F56150-LeaderElection273: begin an election at term 314 for -1: [6605b8a5-570b-4977-9ee7-6aaf3012bed5:192.168.164.233:35223, 327657b1-60f8-49f2-b2a3-f63e1f934942:192.168.164.233:41966, ddd4789c-894d-475a-bbfb-f6e7aa670c92:192.168.164.233:41061], old=null
2019-10-18 14:58:37,273 [grpc-default-executor-1] INFO  impl.RaftServerImpl (RaftServerImpl.java:setRole(184)) - 6605b8a5-570b-4977-9ee7-6aaf3012bed5@group-58A987F56150: changes role from  FOLLOWER to FOLLOWER at term 314 for recognizeCandidate:327657b1-60f8-49f2-b2a3-f63e1f934942
2019-10-18 14:58:37,273 [grpc-default-executor-2] INFO  impl.RaftServerImpl (RaftServerImpl.java:setRole(184)) - ddd4789c-894d-475a-bbfb-f6e7aa670c92@group-58A987F56150: changes role from  FOLLOWER to FOLLOWER at term 314 for recognizeCandidate:327657b1-60f8-49f2-b2a3-f63e1f934942
2019-10-18 14:58:37,273 [grpc-default-executor-1] INFO  impl.RoleInfo (RoleInfo.java:shutdownFollowerState(121)) - 6605b8a5-570b-4977-9ee7-6aaf3012bed5: shutdown FollowerState
2019-10-18 14:58:37,273 [grpc-default-executor-2] INFO  impl.RoleInfo (RoleInfo.java:shutdownFollowerState(121)) - ddd4789c-894d-475a-bbfb-f6e7aa670c92: shutdown FollowerState
2019-10-18 14:58:37,273 [Thread-2104] INFO  impl.FollowerState (FollowerState.java:run(117)) - 6605b8a5-570b-4977-9ee7-6aaf3012bed5@group-58A987F56150-FollowerState was interrupted: java.lang.InterruptedException: sleep interrupted
2019-10-18 14:58:37,273 [grpc-default-executor-1] INFO  impl.RoleInfo (RoleInfo.java:updateAndGet(143)) - 6605b8a5-570b-4977-9ee7-6aaf3012bed5: start FollowerState
2019-10-18 14:58:37,274 [Thread-2105] INFO  impl.FollowerState (FollowerState.java:run(117)) - ddd4789c-894d-475a-bbfb-f6e7aa670c92@group-58A987F56150-FollowerState was interrupted: java.lang.InterruptedException: sleep interrupted
2019-10-18 14:58:37,274 [grpc-default-executor-2] INFO  impl.RoleInfo (RoleInfo.java:updateAndGet(143)) - ddd4789c-894d-475a-bbfb-f6e7aa670c92: start FollowerState
2019-10-18 14:58:37,299 [327657b1-60f8-49f2-b2a3-f63e1f934942@group-58A987F56150-LeaderElection273] INFO  impl.LeaderElection (LeaderElection.java:logAndReturn(56)) - 327657b1-60f8-49f2-b2a3-f63e1f934942@group-58A987F56150-LeaderElection273: Election REJECTED; received 2 response(s) [327657b1-60f8-49f2-b2a3-f63e1f934942<-6605b8a5-570b-4977-9ee7-6aaf3012bed5#0:FAIL-t314, 327657b1-60f8-49f2-b2a3-f63e1f934942<-ddd4789c-894d-475a-bbfb-f6e7aa670c92#0:FAIL-t314] and 0 exception(s); 327657b1-60f8-49f2-b2a3-f63e1f934942@group-58A987F56150:t314, leader=null, voted=327657b1-60f8-49f2-b2a3-f63e1f934942, raftlog=327657b1-60f8-49f2-b2a3-f63e1f934942@group-58A987F56150-SegmentedRaftLog:OPENED:c-1,f-1,i0, conf=-1: [6605b8a5-570b-4977-9ee7-6aaf3012bed5:192.168.164.233:35223, 327657b1-60f8-49f2-b2a3-f63e1f934942:192.168.164.233:41966, ddd4789c-894d-475a-bbfb-f6e7aa670c92:192.168.164.233:41061], old=null
2019-10-18 14:58:37,300 [327657b1-60f8-49f2-b2a3-f63e1f934942@group-58A987F56150-LeaderElection273] INFO  impl.RaftServerImpl (RaftServerImpl.java:setRole(184)) - 327657b1-60f8-49f2-b2a3-f63e1f934942@group-58A987F56150: changes role from CANDIDATE to FOLLOWER at term 314 for DISCOVERED_A_NEW_TERM
2019-10-18 14:58:37,300 [327657b1-60f8-49f2-b2a3-f63e1f934942@group-58A987F56150-LeaderElection273] INFO  impl.RoleInfo (RoleInfo.java:shutdownLeaderElection(134)) - 327657b1-60f8-49f2-b2a3-f63e1f934942: shutdown LeaderElection
2019-10-18 14:58:37,300 [327657b1-60f8-49f2-b2a3-f63e1f934942@group-58A987F56150-LeaderElection273] INFO  impl.RoleInfo (RoleInfo.java:updateAndGet(143)) - 327657b1-60f8-49f2-b2a3-f63e1f934942: start FollowerState
2019-10-18 14:58:37,347 [Thread-2112] INFO  impl.FollowerState (FollowerState.java:run(108)) - 327657b1-60f8-49f2-b2a3-f63e1f934942@group-58A987F56150-FollowerState: change to CANDIDATE, lastRpcTime:47ms, electionTimeout:47ms
2019-10-18 14:58:37,347 [Thread-2112] INFO  impl.RoleInfo (RoleInfo.java:shutdownFollowerState(121)) - 327657b1-60f8-49f2-b2a3-f63e1f934942: shutdown FollowerState
2019-10-18 14:58:37,347 [Thread-2112] INFO  impl.RaftServerImpl (RaftServerImpl.java:setRole(184)) - 327657b1-60f8-49f2-b2a3-f63e1f934942@group-58A987F56150: changes role from  FOLLOWER to CANDIDATE at term 314 for changeToCandidate
2019-10-18 14:58:37,348 [Thread-2112] INFO  impl.RoleInfo (RoleInfo.java:updateAndGet(143)) - 327657b1-60f8-49f2-b2a3-f63e1f934942: start LeaderElection
2019-10-18 14:58:37,372 [327657b1-60f8-49f2-b2a3-f63e1f934942@group-58A987F56150-LeaderElection274] INFO  impl.LeaderElection (LeaderElection.java:askForVotes(178)) - 327657b1-60f8-49f2-b2a3-f63e1f934942@group-58A987F56150-LeaderElection274: begin an election at term 315 for -1: [6605b8a5-570b-4977-9ee7-6aaf3012bed5:192.168.164.233:35223, 327657b1-60f8-49f2-b2a3-f63e1f934942:192.168.164.233:41966, ddd4789c-894d-475a-bbfb-f6e7aa670c92:192.168.164.233:41061], old=null
2019-10-18 14:58:37,374 [grpc-default-executor-1] INFO  impl.RaftServerImpl (RaftServerImpl.java:setRole(184)) - 6605b8a5-570b-4977-9ee7-6aaf3012bed5@group-58A987F56150: changes role from  FOLLOWER to FOLLOWER at term 315 for recognizeCandidate:327657b1-60f8-49f2-b2a3-f63e1f934942
2019-10-18 14:58:37,374 [grpc-default-executor-2] INFO  impl.RaftServerImpl (RaftServerImpl.java:setRole(184)) - ddd4789c-894d-475a-bbfb-f6e7aa670c92@group-58A987F56150: changes role from  FOLLOWER to FOLLOWER at term 315 for recognizeCandidate:327657b1-60f8-49f2-b2a3-f63e1f934942
2019-10-18 14:58:37,375 [grpc-default-executor-1] INFO  impl.RoleInfo (RoleInfo.java:shutdownFollowerState(121)) - 6605b8a5-570b-4977-9ee7-6aaf3012bed5: shutdown FollowerState
2019-10-18 14:58:37,375 [grpc-default-executor-2] INFO  impl.RoleInfo (RoleInfo.java:shutdownFollowerState(121)) - ddd4789c-894d-475a-bbfb-f6e7aa670c92: shutdown FollowerState
2019-10-18 14:58:37,375 [grpc-default-executor-1] INFO  impl.RoleInfo (RoleInfo.java:updateAndGet(143)) - 6605b8a5-570b-4977-9ee7-6aaf3012bed5: start FollowerState
2019-10-18 14:58:37,375 [Thread-2110] INFO  impl.FollowerState (FollowerState.java:run(117)) - 6605b8a5-570b-4977-9ee7-6aaf3012bed5@group-58A987F56150-FollowerState was interrupted: java.lang.InterruptedException: sleep interrupted
2019-10-18 14:58:37,375 [Thread-2111] INFO  impl.FollowerState (FollowerState.java:run(117)) - ddd4789c-894d-475a-bbfb-f6e7aa670c92@group-58A987F56150-FollowerState was interrupted: java.lang.InterruptedException: sleep interrupted
2019-10-18 14:58:37,375 [grpc-default-executor-2] INFO  impl.RoleInfo (RoleInfo.java:updateAndGet(143)) - ddd4789c-894d-475a-bbfb-f6e7aa670c92: start FollowerState
2019-10-18 14:58:37,400 [327657b1-60f8-49f2-b2a3-f63e1f934942@group-58A987F56150-LeaderElection274] INFO  impl.LeaderElection (LeaderElection.java:logAndReturn(56)) - 327657b1-60f8-49f2-b2a3-f63e1f934942@group-58A987F56150-LeaderElection274: Election REJECTED; received 2 response(s) [327657b1-60f8-49f2-b2a3-f63e1f934942<-6605b8a5-570b-4977-9ee7-6aaf3012bed5#0:FAIL-t315, 327657b1-60f8-49f2-b2a3-f63e1f934942<-ddd4789c-894d-475a-bbfb-f6e7aa670c92#0:FAIL-t315] and 0 exception(s); 327657b1-60f8-49f2-b2a3-f63e1f934942@group-58A987F56150:t315, leader=null, voted=327657b1-60f8-49f2-b2a3-f63e1f934942, raftlog=327657b1-60f8-49f2-b2a3-f63e1f934942@group-58A987F56150-SegmentedRaftLog:OPENED:c-1,f-1,i0, conf=-1: [6605b8a5-570b-4977-9ee7-6aaf3012bed5:192.168.164.233:35223, 327657b1-60f8-49f2-b2a3-f63e1f934942:192.168.164.233:41966, ddd4789c-894d-475a-bbfb-f6e7aa670c92:192.168.164.233:41061], old=null
2019-10-18 14:58:37,401 [327657b1-60f8-49f2-b2a3-f63e1f934942@group-58A987F56150-LeaderElection274] INFO  impl.RaftServerImpl (RaftServerImpl.java:setRole(184)) - 327657b1-60f8-49f2-b2a3-f63e1f934942@group-58A987F56150: changes role from CANDIDATE to FOLLOWER at term 315 for DISCOVERED_A_NEW_TERM
2019-10-18 14:58:37,401 [327657b1-60f8-49f2-b2a3-f63e1f934942@group-58A987F56150-LeaderElection274] INFO  impl.RoleInfo (RoleInfo.java:shutdownLeaderElection(134)) - 327657b1-60f8-49f2-b2a3-f63e1f934942: shutdown LeaderElection
2019-10-18 14:58:37,401 [327657b1-60f8-49f2-b2a3-f63e1f934942@group-58A987F56150-LeaderElection274] INFO  impl.RoleInfo (RoleInfo.java:updateAndGet(143)) - 327657b1-60f8-49f2-b2a3-f63e1f934942: start FollowerState
2019-10-18 14:58:37,463 [Thread-2118] INFO  impl.FollowerState (FollowerState.java:run(108)) - 327657b1-60f8-49f2-b2a3-f63e1f934942@group-58A987F56150-FollowerState: change to CANDIDATE, lastRpcTime:62ms, electionTimeout:62ms
2019-10-18 14:58:37,463 [Thread-2118] INFO  impl.RoleInfo (RoleInfo.java:shutdownFollowerState(121)) - 327657b1-60f8-49f2-b2a3-f63e1f934942: shutdown FollowerState
2019-10-18 14:58:37,464 [Thread-2118] INFO  impl.RaftServerImpl (RaftServerImpl.java:setRole(184)) - 327657b1-60f8-49f2-b2a3-f63e1f934942@group-58A987F56150: changes role from  FOLLOWER to CANDIDATE at term 315 for changeToCandidate
2019-10-18 14:58:37,464 [Thread-2118] INFO  impl.RoleInfo (RoleInfo.java:updateAndGet(143)) - 327657b1-60f8-49f2-b2a3-f63e1f934942: start LeaderElection
2019-10-18 14:58:37,477 [327657b1-60f8-49f2-b2a3-f63e1f934942@group-58A987F56150-LeaderElection275] INFO  impl.LeaderElection (LeaderElection.java:askForVotes(178)) - 327657b1-60f8-49f2-b2a3-f63e1f934942@group-58A987F56150-LeaderElection275: begin an election at term 316 for -1: [6605b8a5-570b-4977-9ee7-6aaf3012bed5:192.168.164.233:35223, 327657b1-60f8-49f2-b2a3-f63e1f934942:192.168.164.233:41966, ddd4789c-894d-475a-bbfb-f6e7aa670c92:192.168.164.233:41061], old=null
2019-10-18 14:58:37,479 [grpc-default-executor-2] INFO  impl.RaftServerImpl (RaftServerImpl.java:setRole(184)) - 6605b8a5-570b-4977-9ee7-6aaf3012bed5@group-58A987F56150: changes role from  FOLLOWER to FOLLOWER at term 316 for recognizeCandidate:327657b1-60f8-49f2-b2a3-f63e1f934942
2019-10-18 14:58:37,479 [grpc-default-executor-2] INFO  impl.RoleInfo (RoleInfo.java:shutdownFollowerState(121)) - 6605b8a5-570b-4977-9ee7-6aaf3012bed5: shutdown FollowerState
2019-10-18 14:58:37,479 [grpc-default-executor-1] INFO  impl.RaftServerImpl (RaftServerImpl.java:setRole(184)) - ddd4789c-894d-475a-bbfb-f6e7aa670c92@group-58A987F56150: changes role from  FOLLOWER to FOLLOWER at term 316 for recognizeCandidate:327657b1-60f8-49f2-b2a3-f63e1f934942
2019-10-18 14:58:37,479 [grpc-default-executor-1] INFO  impl.RoleInfo (RoleInfo.java:shutdownFollowerState(121)) - ddd4789c-894d-475a-bbfb-f6e7aa670c92: shutdown FollowerState
2019-10-18 14:58:37,479 [Thread-2116] INFO  impl.FollowerState (FollowerState.java:run(117)) - 6605b8a5-570b-4977-9ee7-6aaf3012bed5@group-58A987F56150-FollowerState was interrupted: java.lang.InterruptedException: sleep interrupted
2019-10-18 14:58:37,479 [grpc-default-executor-2] INFO  impl.RoleInfo (RoleInfo.java:updateAndGet(143)) - 6605b8a5-570b-4977-9ee7-6aaf3012bed5: start FollowerState
2019-10-18 14:58:37,479 [Thread-2117] INFO  impl.FollowerState (FollowerState.java:run(117)) - ddd4789c-894d-475a-bbfb-f6e7aa670c92@group-58A987F56150-FollowerState was interrupted: java.lang.InterruptedException: sleep interrupted
2019-10-18 14:58:37,479 [grpc-default-executor-1] INFO  impl.RoleInfo (RoleInfo.java:updateAndGet(143)) - ddd4789c-894d-475a-bbfb-f6e7aa670c92: start FollowerState
2019-10-18 14:58:37,494 [327657b1-60f8-49f2-b2a3-f63e1f934942@group-58A987F56150-LeaderElection275] INFO  impl.LeaderElection (LeaderElection.java:logAndReturn(56)) - 327657b1-60f8-49f2-b2a3-f63e1f934942@group-58A987F56150-LeaderElection275: Election REJECTED; received 2 response(s) [327657b1-60f8-49f2-b2a3-f63e1f934942<-6605b8a5-570b-4977-9ee7-6aaf3012bed5#0:FAIL-t316, 327657b1-60f8-49f2-b2a3-f63e1f934942<-ddd4789c-894d-475a-bbfb-f6e7aa670c92#0:FAIL-t316] and 0 exception(s); 327657b1-60f8-49f2-b2a3-f63e1f934942@group-58A987F56150:t316, leader=null, voted=327657b1-60f8-49f2-b2a3-f63e1f934942, raftlog=327657b1-60f8-49f2-b2a3-f63e1f934942@group-58A987F56150-SegmentedRaftLog:OPENED:c-1,f-1,i0, conf=-1: [6605b8a5-570b-4977-9ee7-6aaf3012bed5:192.168.164.233:35223, 327657b1-60f8-49f2-b2a3-f63e1f934942:192.168.164.233:41966, ddd4789c-894d-475a-bbfb-f6e7aa670c92:192.168.164.233:41061], old=null
2019-10-18 14:58:37,494 [327657b1-60f8-49f2-b2a3-f63e1f934942@group-58A987F56150-LeaderElection275] INFO  impl.RaftServerImpl (RaftServerImpl.java:setRole(184)) - 327657b1-60f8-49f2-b2a3-f63e1f934942@group-58A987F56150: changes role from CANDIDATE to FOLLOWER at term 316 for DISCOVERED_A_NEW_TERM
2019-10-18 14:58:37,494 [327657b1-60f8-49f2-b2a3-f63e1f934942@group-58A987F56150-LeaderElection275] INFO  impl.RoleInfo (RoleInfo.java:shutdownLeaderElection(134)) - 327657b1-60f8-49f2-b2a3-f63e1f934942: shutdown LeaderElection
2019-10-18 14:58:37,494 [327657b1-60f8-49f2-b2a3-f63e1f934942@group-58A987F56150-LeaderElection275] INFO  impl.RoleInfo (RoleInfo.java:updateAndGet(143)) - 327657b1-60f8-49f2-b2a3-f63e1f934942: start FollowerState
2019-10-18 14:58:37,580 [Thread-2124] INFO  impl.FollowerState (FollowerState.java:run(108)) - 327657b1-60f8-49f2-b2a3-f63e1f934942@group-58A987F56150-FollowerState: change to CANDIDATE, lastRpcTime:86ms, electionTimeout:86ms
2019-10-18 14:58:37,580 [Thread-2124] INFO  impl.RoleInfo (RoleInfo.java:shutdownFollowerState(121)) - 327657b1-60f8-49f2-b2a3-f63e1f934942: shutdown FollowerState
2019-10-18 14:58:37,581 [Thread-2124] INFO  impl.RaftServerImpl (RaftServerImpl.java:setRole(184)) - 327657b1-60f8-49f2-b2a3-f63e1f934942@group-58A987F56150: changes role from  FOLLOWER to CANDIDATE at term 316 for changeToCandidate
2019-10-18 14:58:37,581 [Thread-2124] INFO  impl.RoleInfo (RoleInfo.java:updateAndGet(143)) - 327657b1-60f8-49f2-b2a3-f63e1f934942: start LeaderElection
2019-10-18 14:58:37,594 [327657b1-60f8-49f2-b2a3-f63e1f934942@group-58A987F56150-LeaderElection276] INFO  impl.LeaderElection (LeaderElection.java:askForVotes(178)) - 327657b1-60f8-49f2-b2a3-f63e1f934942@group-58A987F56150-LeaderElection276: begin an election at term 317 for -1: [6605b8a5-570b-4977-9ee7-6aaf3012bed5:192.168.164.233:35223, 327657b1-60f8-49f2-b2a3-f63e1f934942:192.168.164.233:41966, ddd4789c-894d-475a-bbfb-f6e7aa670c92:192.168.164.233:41061], old=null
2019-10-18 14:58:37,596 [grpc-default-executor-1] INFO  impl.RaftServerImpl (RaftServerImpl.java:setRole(184)) - ddd4789c-894d-475a-bbfb-f6e7aa670c92@group-58A987F56150: changes role from  FOLLOWER to FOLLOWER at term 317 for recognizeCandidate:327657b1-60f8-49f2-b2a3-f63e1f934942
2019-10-18 14:58:37,597 [grpc-default-executor-1] INFO  impl.RoleInfo (RoleInfo.java:shutdownFollowerState(121)) - ddd4789c-894d-475a-bbfb-f6e7aa670c92: shutdown FollowerState
2019-10-18 14:58:37,597 [grpc-default-executor-2] INFO  impl.RaftServerImpl (RaftServerImpl.java:setRole(184)) - 6605b8a5-570b-4977-9ee7-6aaf3012bed5@group-58A987F56150: changes role from  FOLLOWER to FOLLOWER at term 317 for recognizeCandidate:327657b1-60f8-49f2-b2a3-f63e1f934942
2019-10-18 14:58:37,597 [Thread-2123] INFO  impl.FollowerState (FollowerState.java:run(117)) - ddd4789c-894d-475a-bbfb-f6e7aa670c92@group-58A987F56150-FollowerState was interrupted: java.lang.InterruptedException: sleep interrupted
2019-10-18 14:58:37,597 [grpc-default-executor-1] INFO  impl.RoleInfo (RoleInfo.java:updateAndGet(143)) - ddd4789c-894d-475a-bbfb-f6e7aa670c92: start FollowerState
2019-10-18 14:58:37,597 [grpc-default-executor-2] INFO  impl.RoleInfo (RoleInfo.java:shutdownFollowerState(121)) - 6605b8a5-570b-4977-9ee7-6aaf3012bed5: shutdown FollowerState
2019-10-18 14:58:37,597 [grpc-default-executor-2] INFO  impl.RoleInfo (RoleInfo.java:updateAndGet(143)) - 6605b8a5-570b-4977-9ee7-6aaf3012bed5: start FollowerState
2019-10-18 14:58:37,598 [Thread-2122] INFO  impl.FollowerState (FollowerState.java:run(117)) - 6605b8a5-570b-4977-9ee7-6aaf3012bed5@group-58A987F56150-FollowerState was interrupted: java.lang.InterruptedException: sleep interrupted
2019-10-18 14:58:37,620 [327657b1-60f8-49f2-b2a3-f63e1f934942@group-58A987F56150-LeaderElection276] INFO  impl.LeaderElection (LeaderElection.java:logAndReturn(56)) - 327657b1-60f8-49f2-b2a3-f63e1f934942@group-58A987F56150-LeaderElection276: Election REJECTED; received 2 response(s) [327657b1-60f8-49f2-b2a3-f63e1f934942<-6605b8a5-570b-4977-9ee7-6aaf3012bed5#0:FAIL-t317, 327657b1-60f8-49f2-b2a3-f63e1f934942<-ddd4789c-894d-475a-bbfb-f6e7aa670c92#0:FAIL-t317] and 0 exception(s); 327657b1-60f8-49f2-b2a3-f63e1f934942@group-58A987F56150:t317, leader=null, voted=327657b1-60f8-49f2-b2a3-f63e1f934942, raftlog=327657b1-60f8-49f2-b2a3-f63e1f934942@group-58A987F56150-SegmentedRaftLog:OPENED:c-1,f-1,i0, conf=-1: [6605b8a5-570b-4977-9ee7-6aaf3012bed5:192.168.164.233:35223, 327657b1-60f8-49f2-b2a3-f63e1f934942:192.168.164.233:41966, ddd4789c-894d-475a-bbfb-f6e7aa670c92:192.168.164.233:41061], old=null
2019-10-18 14:58:37,620 [327657b1-60f8-49f2-b2a3-f63e1f934942@group-58A987F56150-LeaderElection276] INFO  impl.RaftServerImpl (RaftServerImpl.java:setRole(184)) - 327657b1-60f8-49f2-b2a3-f63e1f934942@group-58A987F56150: changes role from CANDIDATE to FOLLOWER at term 317 for DISCOVERED_A_NEW_TERM
2019-10-18 14:58:37,620 [327657b1-60f8-49f2-b2a3-f63e1f934942@group-58A987F56150-LeaderElection276] INFO  impl.RoleInfo (RoleInfo.java:shutdownLeaderElection(134)) - 327657b1-60f8-49f2-b2a3-f63e1f934942: shutdown LeaderElection
2019-10-18 14:58:37,620 [327657b1-60f8-49f2-b2a3-f63e1f934942@group-58A987F56150-LeaderElection276] INFO  impl.RoleInfo (RoleInfo.java:updateAndGet(143)) - 327657b1-60f8-49f2-b2a3-f63e1f934942: start FollowerState
2019-10-18 14:58:37,674 [Thread-2130] INFO  impl.FollowerState (FollowerState.java:run(108)) - 327657b1-60f8-49f2-b2a3-f63e1f934942@group-58A987F56150-FollowerState: change to CANDIDATE, lastRpcTime:53ms, electionTimeout:53ms
2019-10-18 14:58:37,674 [Thread-2130] INFO  impl.RoleInfo (RoleInfo.java:shutdownFollowerState(121)) - 327657b1-60f8-49f2-b2a3-f63e1f934942: shutdown FollowerState
2019-10-18 14:58:37,674 [Thread-2130] INFO  impl.RaftServerImpl (RaftServerImpl.java:setRole(184)) - 327657b1-60f8-49f2-b2a3-f63e1f934942@group-58A987F56150: changes role from  FOLLOWER to CANDIDATE at term 317 for changeToCandidate
2019-10-18 14:58:37,674 [Thread-2130] INFO  impl.RoleInfo (RoleInfo.java:updateAndGet(143)) - 327657b1-60f8-49f2-b2a3-f63e1f934942: start LeaderElection
2019-10-18 14:58:37,687 [327657b1-60f8-49f2-b2a3-f63e1f934942@group-58A987F56150-LeaderElection277] INFO  impl.LeaderElection (LeaderElection.java:askForVotes(178)) - 327657b1-60f8-49f2-b2a3-f63e1f934942@group-58A987F56150-LeaderElection277: begin an election at term 318 for -1: [6605b8a5-570b-4977-9ee7-6aaf3012bed5:192.168.164.233:35223, 327657b1-60f8-49f2-b2a3-f63e1f934942:192.168.164.233:41966, ddd4789c-894d-475a-bbfb-f6e7aa670c92:192.168.164.233:41061], old=null
2019-10-18 14:58:37,689 [grpc-default-executor-1] INFO  impl.RaftServerImpl (RaftServerImpl.java:setRole(184)) - 6605b8a5-570b-4977-9ee7-6aaf3012bed5@group-58A987F56150: changes role from  FOLLOWER to FOLLOWER at term 318 for recognizeCandidate:327657b1-60f8-49f2-b2a3-f63e1f934942
2019-10-18 14:58:37,689 [grpc-default-executor-2] INFO  impl.RaftServerImpl (RaftServerImpl.java:setRole(184)) - ddd4789c-894d-475a-bbfb-f6e7aa670c92@group-58A987F56150: changes role from  FOLLOWER to FOLLOWER at term 318 for recognizeCandidate:327657b1-60f8-49f2-b2a3-f63e1f934942
2019-10-18 14:58:37,689 [grpc-default-executor-2] INFO  impl.RoleInfo (RoleInfo.java:shutdownFollowerState(121)) - ddd4789c-894d-475a-bbfb-f6e7aa670c92: shutdown FollowerState
2019-10-18 14:58:37,689 [grpc-default-executor-1] INFO  impl.RoleInfo (RoleInfo.java:shutdownFollowerState(121)) - 6605b8a5-570b-4977-9ee7-6aaf3012bed5: shutdown FollowerState
2019-10-18 14:58:37,689 [Thread-2128] INFO  impl.FollowerState (FollowerState.java:run(117)) - ddd4789c-894d-475a-bbfb-f6e7aa670c92@group-58A987F56150-FollowerState was interrupted: java.lang.InterruptedException: sleep interrupted
2019-10-18 14:58:37,689 [grpc-default-executor-2] INFO  impl.RoleInfo (RoleInfo.java:updateAndGet(143)) - ddd4789c-894d-475a-bbfb-f6e7aa670c92: start FollowerState
2019-10-18 14:58:37,689 [Thread-2129] INFO  impl.FollowerState (FollowerState.java:run(117)) - 6605b8a5-570b-4977-9ee7-6aaf3012bed5@group-58A987F56150-FollowerState was interrupted: java.lang.InterruptedException: sleep interrupted
2019-10-18 14:58:37,689 [grpc-default-executor-1] INFO  impl.RoleInfo (RoleInfo.java:updateAndGet(143)) - 6605b8a5-570b-4977-9ee7-6aaf3012bed5: start FollowerState
2019-10-18 14:58:37,704 [327657b1-60f8-49f2-b2a3-f63e1f934942@group-58A987F56150-LeaderElection277] INFO  impl.LeaderElection (LeaderElection.java:logAndReturn(56)) - 327657b1-60f8-49f2-b2a3-f63e1f934942@group-58A987F56150-LeaderElection277: Election REJECTED; received 2 response(s) [327657b1-60f8-49f2-b2a3-f63e1f934942<-6605b8a5-570b-4977-9ee7-6aaf3012bed5#0:FAIL-t318, 327657b1-60f8-49f2-b2a3-f63e1f934942<-ddd4789c-894d-475a-bbfb-f6e7aa670c92#0:FAIL-t318] and 0 exception(s); 327657b1-60f8-49f2-b2a3-f63e1f934942@group-58A987F56150:t318, leader=null, voted=327657b1-60f8-49f2-b2a3-f63e1f934942, raftlog=327657b1-60f8-49f2-b2a3-f63e1f934942@group-58A987F56150-SegmentedRaftLog:OPENED:c-1,f-1,i0, conf=-1: [6605b8a5-570b-4977-9ee7-6aaf3012bed5:192.168.164.233:35223, 327657b1-60f8-49f2-b2a3-f63e1f934942:192.168.164.233:41966, ddd4789c-894d-475a-bbfb-f6e7aa670c92:192.168.164.233:41061], old=null
2019-10-18 14:58:37,705 [327657b1-60f8-49f2-b2a3-f63e1f934942@group-58A987F56150-LeaderElection277] INFO  impl.RaftServerImpl (RaftServerImpl.java:setRole(184)) - 327657b1-60f8-49f2-b2a3-f63e1f934942@group-58A987F56150: changes role from CANDIDATE to FOLLOWER at term 318 for DISCOVERED_A_NEW_TERM
2019-10-18 14:58:37,705 [327657b1-60f8-49f2-b2a3-f63e1f934942@group-58A987F56150-LeaderElection277] INFO  impl.RoleInfo (RoleInfo.java:shutdownLeaderElection(134)) - 327657b1-60f8-49f2-b2a3-f63e1f934942: shutdown LeaderElection
2019-10-18 14:58:37,705 [327657b1-60f8-49f2-b2a3-f63e1f934942@group-58A987F56150-LeaderElection277] INFO  impl.RoleInfo (RoleInfo.java:updateAndGet(143)) - 327657b1-60f8-49f2-b2a3-f63e1f934942: start FollowerState
2019-10-18 14:58:37,711 [Thread-2136] INFO  impl.FollowerState (FollowerState.java:run(108)) - 327657b1-60f8-49f2-b2a3-f63e1f934942@group-58A987F56150-FollowerState: change to CANDIDATE, lastRpcTime:6ms, electionTimeout:6ms
2019-10-18 14:58:37,711 [Thread-2136] INFO  impl.RoleInfo (RoleInfo.java:shutdownFollowerState(121)) - 327657b1-60f8-49f2-b2a3-f63e1f934942: shutdown FollowerState
2019-10-18 14:58:37,711 [Thread-2136] INFO  impl.RaftServerImpl (RaftServerImpl.java:setRole(184)) - 327657b1-60f8-49f2-b2a3-f63e1f934942@group-58A987F56150: changes role from  FOLLOWER to CANDIDATE at term 318 for changeToCandidate
2019-10-18 14:58:37,712 [Thread-2136] INFO  impl.RoleInfo (RoleInfo.java:updateAndGet(143)) - 327657b1-60f8-49f2-b2a3-f63e1f934942: start LeaderElection
2019-10-18 14:58:37,725 [327657b1-60f8-49f2-b2a3-f63e1f934942@group-58A987F56150-LeaderElection278] INFO  impl.LeaderElection (LeaderElection.java:askForVotes(178)) - 327657b1-60f8-49f2-b2a3-f63e1f934942@group-58A987F56150-LeaderElection278: begin an election at term 319 for -1: [6605b8a5-570b-4977-9ee7-6aaf3012bed5:192.168.164.233:35223, 327657b1-60f8-49f2-b2a3-f63e1f934942:192.168.164.233:41966, ddd4789c-894d-475a-bbfb-f6e7aa670c92:192.168.164.233:41061], old=null
2019-10-18 14:58:37,727 [grpc-default-executor-1] INFO  impl.RaftServerImpl (RaftServerImpl.java:setRole(184)) - ddd4789c-894d-475a-bbfb-f6e7aa670c92@group-58A987F56150: changes role from  FOLLOWER to FOLLOWER at term 319 for recognizeCandidate:327657b1-60f8-49f2-b2a3-f63e1f934942
2019-10-18 14:58:37,727 [grpc-default-executor-1] INFO  impl.RoleInfo (RoleInfo.java:shutdownFollowerState(121)) - ddd4789c-894d-475a-bbfb-f6e7aa670c92: shutdown FollowerState
2019-10-18 14:58:37,727 [grpc-default-executor-2] INFO  impl.RaftServerImpl (RaftServerImpl.java:setRole(184)) - 6605b8a5-570b-4977-9ee7-6aaf3012bed5@group-58A987F56150: changes role from  FOLLOWER to FOLLOWER at term 319 for recognizeCandidate:327657b1-60f8-49f2-b2a3-f63e1f934942
2019-10-18 14:58:37,727 [Thread-2134] INFO  impl.FollowerState (FollowerState.java:run(117)) - ddd4789c-894d-475a-bbfb-f6e7aa670c92@group-58A987F56150-FollowerState was interrupted: java.lang.InterruptedException: sleep interrupted
2019-10-18 14:58:37,727 [grpc-default-executor-1] INFO  impl.RoleInfo (RoleInfo.java:updateAndGet(143)) - ddd4789c-894d-475a-bbfb-f6e7aa670c92: start FollowerState
2019-10-18 14:58:37,727 [grpc-default-executor-2] INFO  impl.RoleInfo (RoleInfo.java:shutdownFollowerState(121)) - 6605b8a5-570b-4977-9ee7-6aaf3012bed5: shutdown FollowerState
2019-10-18 14:58:37,727 [grpc-default-executor-2] INFO  impl.RoleInfo (RoleInfo.java:updateAndGet(143)) - 6605b8a5-570b-4977-9ee7-6aaf3012bed5: start FollowerState
2019-10-18 14:58:37,727 [Thread-2135] INFO  impl.FollowerState (FollowerState.java:run(117)) - 6605b8a5-570b-4977-9ee7-6aaf3012bed5@group-58A987F56150-FollowerState was interrupted: java.lang.InterruptedException: sleep interrupted
2019-10-18 14:58:37,753 [327657b1-60f8-49f2-b2a3-f63e1f934942@group-58A987F56150-LeaderElection278] INFO  impl.LeaderElection (LeaderElection.java:logAndReturn(56)) - 327657b1-60f8-49f2-b2a3-f63e1f934942@group-58A987F56150-LeaderElection278: Election REJECTED; received 2 response(s) [327657b1-60f8-49f2-b2a3-f63e1f934942<-6605b8a5-570b-4977-9ee7-6aaf3012bed5#0:FAIL-t319, 327657b1-60f8-49f2-b2a3-f63e1f934942<-ddd4789c-894d-475a-bbfb-f6e7aa670c92#0:FAIL-t319] and 0 exception(s); 327657b1-60f8-49f2-b2a3-f63e1f934942@group-58A987F56150:t319, leader=null, voted=327657b1-60f8-49f2-b2a3-f63e1f934942, raftlog=327657b1-60f8-49f2-b2a3-f63e1f934942@group-58A987F56150-SegmentedRaftLog:OPENED:c-1,f-1,i0, conf=-1: [6605b8a5-570b-4977-9ee7-6aaf3012bed5:192.168.164.233:35223, 327657b1-60f8-49f2-b2a3-f63e1f934942:192.168.164.233:41966, ddd4789c-894d-475a-bbfb-f6e7aa670c92:192.168.164.233:41061], old=null
2019-10-18 14:58:37,753 [327657b1-60f8-49f2-b2a3-f63e1f934942@group-58A987F56150-LeaderElection278] INFO  impl.RaftServerImpl (RaftServerImpl.java:setRole(184)) - 327657b1-60f8-49f2-b2a3-f63e1f934942@group-58A987F56150: changes role from CANDIDATE to FOLLOWER at term 319 for DISCOVERED_A_NEW_TERM
2019-10-18 14:58:37,753 [327657b1-60f8-49f2-b2a3-f63e1f934942@group-58A987F56150-LeaderElection278] INFO  impl.RoleInfo (RoleInfo.java:shutdownLeaderElection(134)) - 327657b1-60f8-49f2-b2a3-f63e1f934942: shutdown LeaderElection
2019-10-18 14:58:37,753 [327657b1-60f8-49f2-b2a3-f63e1f934942@group-58A987F56150-LeaderElection278] INFO  impl.RoleInfo (RoleInfo.java:updateAndGet(143)) - 327657b1-60f8-49f2-b2a3-f63e1f934942: start FollowerState
2019-10-18 14:58:37,883 [Thread-2142] INFO  impl.FollowerState (FollowerState.java:run(108)) - 327657b1-60f8-49f2-b2a3-f63e1f934942@group-58A987F56150-FollowerState: change to CANDIDATE, lastRpcTime:129ms, electionTimeout:129ms
2019-10-18 14:58:37,883 [Thread-2142] INFO  impl.RoleInfo (RoleInfo.java:shutdownFollowerState(121)) - 327657b1-60f8-49f2-b2a3-f63e1f934942: shutdown FollowerState
2019-10-18 14:58:37,883 [Thread-2142] INFO  impl.RaftServerImpl (RaftServerImpl.java:setRole(184)) - 327657b1-60f8-49f2-b2a3-f63e1f934942@group-58A987F56150: changes role from  FOLLOWER to CANDIDATE at term 319 for changeToCandidate
2019-10-18 14:58:37,884 [Thread-2142] INFO  impl.RoleInfo (RoleInfo.java:updateAndGet(143)) - 327657b1-60f8-49f2-b2a3-f63e1f934942: start LeaderElection
2019-10-18 14:58:37,901 [327657b1-60f8-49f2-b2a3-f63e1f934942@group-58A987F56150-LeaderElection279] INFO  impl.LeaderElection (LeaderElection.java:askForVotes(178)) - 327657b1-60f8-49f2-b2a3-f63e1f934942@group-58A987F56150-LeaderElection279: begin an election at term 320 for -1: [6605b8a5-570b-4977-9ee7-6aaf3012bed5:192.168.164.233:35223, 327657b1-60f8-49f2-b2a3-f63e1f934942:192.168.164.233:41966, ddd4789c-894d-475a-bbfb-f6e7aa670c92:192.168.164.233:41061], old=null
2019-10-18 14:58:37,904 [grpc-default-executor-1] INFO  impl.RaftServerImpl (RaftServerImpl.java:setRole(184)) - 6605b8a5-570b-4977-9ee7-6aaf3012bed5@group-58A987F56150: changes role from  FOLLOWER to FOLLOWER at term 320 for recognizeCandidate:327657b1-60f8-49f2-b2a3-f63e1f934942
2019-10-18 14:58:37,904 [grpc-default-executor-2] INFO  impl.RaftServerImpl (RaftServerImpl.java:setRole(184)) - ddd4789c-894d-475a-bbfb-f6e7aa670c92@group-58A987F56150: changes role from  FOLLOWER to FOLLOWER at term 320 for recognizeCandidate:327657b1-60f8-49f2-b2a3-f63e1f934942
2019-10-18 14:58:37,904 [grpc-default-executor-1] INFO  impl.RoleInfo (RoleInfo.java:shutdownFollowerState(121)) - 6605b8a5-570b-4977-9ee7-6aaf3012bed5: shutdown FollowerState
2019-10-18 14:58:37,904 [grpc-default-executor-2] INFO  impl.RoleInfo (RoleInfo.java:shutdownFollowerState(121)) - ddd4789c-894d-475a-bbfb-f6e7aa670c92: shutdown FollowerState
2019-10-18 14:58:37,905 [Thread-2141] INFO  impl.FollowerState (FollowerState.java:run(117)) - 6605b8a5-570b-4977-9ee7-6aaf3012bed5@group-58A987F56150-FollowerState was interrupted: java.lang.InterruptedException: sleep interrupted
2019-10-18 14:58:37,905 [grpc-default-executor-1] INFO  impl.RoleInfo (RoleInfo.java:updateAndGet(143)) - 6605b8a5-570b-4977-9ee7-6aaf3012bed5: start FollowerState
2019-10-18 14:58:37,905 [grpc-default-executor-2] INFO  impl.RoleInfo (RoleInfo.java:updateAndGet(143)) - ddd4789c-894d-475a-bbfb-f6e7aa670c92: start FollowerState
2019-10-18 14:58:37,905 [Thread-2140] INFO  impl.FollowerState (FollowerState.java:run(117)) - ddd4789c-894d-475a-bbfb-f6e7aa670c92@group-58A987F56150-FollowerState was interrupted: java.lang.InterruptedException: sleep interrupted
2019-10-18 14:58:37,931 [327657b1-60f8-49f2-b2a3-f63e1f934942@group-58A987F56150-LeaderElection279] INFO  impl.LeaderElection (LeaderElection.java:logAndReturn(56)) - 327657b1-60f8-49f2-b2a3-f63e1f934942@group-58A987F56150-LeaderElection279: Election REJECTED; received 2 response(s) [327657b1-60f8-49f2-b2a3-f63e1f934942<-6605b8a5-570b-4977-9ee7-6aaf3012bed5#0:FAIL-t320, 327657b1-60f8-49f2-b2a3-f63e1f934942<-ddd4789c-894d-475a-bbfb-f6e7aa670c92#0:FAIL-t320] and 0 exception(s); 327657b1-60f8-49f2-b2a3-f63e1f934942@group-58A987F56150:t320, leader=null, voted=327657b1-60f8-49f2-b2a3-f63e1f934942, raftlog=327657b1-60f8-49f2-b2a3-f63e1f934942@group-58A987F56150-SegmentedRaftLog:OPENED:c-1,f-1,i0, conf=-1: [6605b8a5-570b-4977-9ee7-6aaf3012bed5:192.168.164.233:35223, 327657b1-60f8-49f2-b2a3-f63e1f934942:192.168.164.233:41966, ddd4789c-894d-475a-bbfb-f6e7aa670c92:192.168.164.233:41061], old=null
2019-10-18 14:58:37,931 [327657b1-60f8-49f2-b2a3-f63e1f934942@group-58A987F56150-LeaderElection279] INFO  impl.RaftServerImpl (RaftServerImpl.java:setRole(184)) - 327657b1-60f8-49f2-b2a3-f63e1f934942@group-58A987F56150: changes role from CANDIDATE to FOLLOWER at term 320 for DISCOVERED_A_NEW_TERM
2019-10-18 14:58:37,931 [327657b1-60f8-49f2-b2a3-f63e1f934942@group-58A987F56150-LeaderElection279] INFO  impl.RoleInfo (RoleInfo.java:shutdownLeaderElection(134)) - 327657b1-60f8-49f2-b2a3-f63e1f934942: shutdown LeaderElection
2019-10-18 14:58:37,931 [327657b1-60f8-49f2-b2a3-f63e1f934942@group-58A987F56150-LeaderElection279] INFO  impl.RoleInfo (RoleInfo.java:updateAndGet(143)) - 327657b1-60f8-49f2-b2a3-f63e1f934942: start FollowerState
2019-10-18 14:58:38,071 [Thread-2148] INFO  impl.FollowerState (FollowerState.java:run(108)) - 327657b1-60f8-49f2-b2a3-f63e1f934942@group-58A987F56150-FollowerState: change to CANDIDATE, lastRpcTime:139ms, electionTimeout:139ms
2019-10-18 14:58:38,071 [Thread-2148] INFO  impl.RoleInfo (RoleInfo.java:shutdownFollowerState(121)) - 327657b1-60f8-49f2-b2a3-f63e1f934942: shutdown FollowerState
2019-10-18 14:58:38,071 [Thread-2148] INFO  impl.RaftServerImpl (RaftServerImpl.java:setRole(184)) - 327657b1-60f8-49f2-b2a3-f63e1f934942@group-58A987F56150: changes role from  FOLLOWER to CANDIDATE at term 320 for changeToCandidate
2019-10-18 14:58:38,071 [Thread-2148] INFO  impl.RoleInfo (RoleInfo.java:updateAndGet(143)) - 327657b1-60f8-49f2-b2a3-f63e1f934942: start LeaderElection
2019-10-18 14:58:38,085 [327657b1-60f8-49f2-b2a3-f63e1f934942@group-58A987F56150-LeaderElection280] INFO  impl.LeaderElection (LeaderElection.java:askForVotes(178)) - 327657b1-60f8-49f2-b2a3-f63e1f934942@group-58A987F56150-LeaderElection280: begin an election at term 321 for -1: [6605b8a5-570b-4977-9ee7-6aaf3012bed5:192.168.164.233:35223, 327657b1-60f8-49f2-b2a3-f63e1f934942:192.168.164.233:41966, ddd4789c-894d-475a-bbfb-f6e7aa670c92:192.168.164.233:41061], old=null
2019-10-18 14:58:38,090 [grpc-default-executor-1] INFO  impl.RaftServerImpl (RaftServerImpl.java:setRole(184)) - 6605b8a5-570b-4977-9ee7-6aaf3012bed5@group-58A987F56150: changes role from  FOLLOWER to FOLLOWER at term 321 for recognizeCandidate:327657b1-60f8-49f2-b2a3-f63e1f934942
2019-10-18 14:58:38,095 [grpc-default-executor-1] INFO  impl.RoleInfo (RoleInfo.java:shutdownFollowerState(121)) - 6605b8a5-570b-4977-9ee7-6aaf3012bed5: shutdown FollowerState
2019-10-18 14:58:38,095 [grpc-default-executor-1] INFO  impl.RoleInfo (RoleInfo.java:updateAndGet(143)) - 6605b8a5-570b-4977-9ee7-6aaf3012bed5: start FollowerState
2019-10-18 14:58:38,095 [Thread-2146] INFO  impl.FollowerState (FollowerState.java:run(117)) - 6605b8a5-570b-4977-9ee7-6aaf3012bed5@group-58A987F56150-FollowerState was interrupted: java.lang.InterruptedException: sleep interrupted
2019-10-18 14:58:38,098 [grpc-default-executor-3] INFO  impl.RaftServerImpl (RaftServerImpl.java:setRole(184)) - ddd4789c-894d-475a-bbfb-f6e7aa670c92@group-58A987F56150: changes role from  FOLLOWER to FOLLOWER at term 321 for recognizeCandidate:327657b1-60f8-49f2-b2a3-f63e1f934942
2019-10-18 14:58:38,098 [grpc-default-executor-3] INFO  impl.RoleInfo (RoleInfo.java:shutdownFollowerState(121)) - ddd4789c-894d-475a-bbfb-f6e7aa670c92: shutdown FollowerState
2019-10-18 14:58:38,098 [grpc-default-executor-3] INFO  impl.RoleInfo (RoleInfo.java:updateAndGet(143)) - ddd4789c-894d-475a-bbfb-f6e7aa670c92: start FollowerState
2019-10-18 14:58:38,098 [Thread-2147] INFO  impl.FollowerState (FollowerState.java:run(117)) - ddd4789c-894d-475a-bbfb-f6e7aa670c92@group-58A987F56150-FollowerState was interrupted: java.lang.InterruptedException: sleep interrupted
2019-10-18 14:58:38,111 [327657b1-60f8-49f2-b2a3-f63e1f934942@group-58A987F56150-LeaderElection280] INFO  impl.LeaderElection (LeaderElection.java:logAndReturn(56)) - 327657b1-60f8-49f2-b2a3-f63e1f934942@group-58A987F56150-LeaderElection280: Election REJECTED; received 2 response(s) [327657b1-60f8-49f2-b2a3-f63e1f934942<-6605b8a5-570b-4977-9ee7-6aaf3012bed5#0:FAIL-t321, 327657b1-60f8-49f2-b2a3-f63e1f934942<-ddd4789c-894d-475a-bbfb-f6e7aa670c92#0:FAIL-t321] and 0 exception(s); 327657b1-60f8-49f2-b2a3-f63e1f934942@group-58A987F56150:t321, leader=null, voted=327657b1-60f8-49f2-b2a3-f63e1f934942, raftlog=327657b1-60f8-49f2-b2a3-f63e1f934942@group-58A987F56150-SegmentedRaftLog:OPENED:c-1,f-1,i0, conf=-1: [6605b8a5-570b-4977-9ee7-6aaf3012bed5:192.168.164.233:35223, 327657b1-60f8-49f2-b2a3-f63e1f934942:192.168.164.233:41966, ddd4789c-894d-475a-bbfb-f6e7aa670c92:192.168.164.233:41061], old=null
2019-10-18 14:58:38,111 [327657b1-60f8-49f2-b2a3-f63e1f934942@group-58A987F56150-LeaderElection280] INFO  impl.RaftServerImpl (RaftServerImpl.java:setRole(184)) - 327657b1-60f8-49f2-b2a3-f63e1f934942@group-58A987F56150: changes role from CANDIDATE to FOLLOWER at term 321 for DISCOVERED_A_NEW_TERM
2019-10-18 14:58:38,112 [327657b1-60f8-49f2-b2a3-f63e1f934942@group-58A987F56150-LeaderElection280] INFO  impl.RoleInfo (RoleInfo.java:shutdownLeaderElection(134)) - 327657b1-60f8-49f2-b2a3-f63e1f934942: shutdown LeaderElection
2019-10-18 14:58:38,112 [327657b1-60f8-49f2-b2a3-f63e1f934942@group-58A987F56150-LeaderElection280] INFO  impl.RoleInfo (RoleInfo.java:updateAndGet(143)) - 327657b1-60f8-49f2-b2a3-f63e1f934942: start FollowerState
2019-10-18 14:58:38,152 [Thread-2156] INFO  impl.FollowerState (FollowerState.java:run(108)) - 327657b1-60f8-49f2-b2a3-f63e1f934942@group-58A987F56150-FollowerState: change to CANDIDATE, lastRpcTime:40ms, electionTimeout:40ms
2019-10-18 14:58:38,152 [Thread-2156] INFO  impl.RoleInfo (RoleInfo.java:shutdownFollowerState(121)) - 327657b1-60f8-49f2-b2a3-f63e1f934942: shutdown FollowerState
2019-10-18 14:58:38,152 [Thread-2156] INFO  impl.RaftServerImpl (RaftServerImpl.java:setRole(184)) - 327657b1-60f8-49f2-b2a3-f63e1f934942@group-58A987F56150: changes role from  FOLLOWER to CANDIDATE at term 321 for changeToCandidate
2019-10-18 14:58:38,152 [Thread-2156] INFO  impl.RoleInfo (RoleInfo.java:updateAndGet(143)) - 327657b1-60f8-49f2-b2a3-f63e1f934942: start LeaderElection
2019-10-18 14:58:38,177 [327657b1-60f8-49f2-b2a3-f63e1f934942@group-58A987F56150-LeaderElection281] INFO  impl.LeaderElection (LeaderElection.java:askForVotes(178)) - 327657b1-60f8-49f2-b2a3-f63e1f934942@group-58A987F56150-LeaderElection281: begin an election at term 322 for -1: [6605b8a5-570b-4977-9ee7-6aaf3012bed5:192.168.164.233:35223, 327657b1-60f8-49f2-b2a3-f63e1f934942:192.168.164.233:41966, ddd4789c-894d-475a-bbfb-f6e7aa670c92:192.168.164.233:41061], old=null
2019-10-18 14:58:38,179 [grpc-default-executor-1] INFO  impl.RaftServerImpl (RaftServerImpl.java:setRole(184)) - 6605b8a5-570b-4977-9ee7-6aaf3012bed5@group-58A987F56150: changes role from  FOLLOWER to FOLLOWER at term 322 for recognizeCandidate:327657b1-60f8-49f2-b2a3-f63e1f934942
2019-10-18 14:58:38,179 [grpc-default-executor-3] INFO  impl.RaftServerImpl (RaftServerImpl.java:setRole(184)) - ddd4789c-894d-475a-bbfb-f6e7aa670c92@group-58A987F56150: changes role from  FOLLOWER to FOLLOWER at term 322 for recognizeCandidate:327657b1-60f8-49f2-b2a3-f63e1f934942
2019-10-18 14:58:38,179 [grpc-default-executor-1] INFO  impl.RoleInfo (RoleInfo.java:shutdownFollowerState(121)) - 6605b8a5-570b-4977-9ee7-6aaf3012bed5: shutdown FollowerState
2019-10-18 14:58:38,179 [grpc-default-executor-3] INFO  impl.RoleInfo (RoleInfo.java:shutdownFollowerState(121)) - ddd4789c-894d-475a-bbfb-f6e7aa670c92: shutdown FollowerState
2019-10-18 14:58:38,179 [Thread-2154] INFO  impl.FollowerState (FollowerState.java:run(117)) - 6605b8a5-570b-4977-9ee7-6aaf3012bed5@group-58A987F56150-FollowerState was interrupted: java.lang.InterruptedException: sleep interrupted
2019-10-18 14:58:38,179 [grpc-default-executor-1] INFO  impl.RoleInfo (RoleInfo.java:updateAndGet(143)) - 6605b8a5-570b-4977-9ee7-6aaf3012bed5: start FollowerState
2019-10-18 14:58:38,179 [Thread-2155] INFO  impl.FollowerState (FollowerState.java:run(117)) - ddd4789c-894d-475a-bbfb-f6e7aa670c92@group-58A987F56150-FollowerState was interrupted: java.lang.InterruptedException: sleep interrupted
2019-10-18 14:58:38,179 [grpc-default-executor-3] INFO  impl.RoleInfo (RoleInfo.java:updateAndGet(143)) - ddd4789c-894d-475a-bbfb-f6e7aa670c92: start FollowerState
2019-10-18 14:58:38,193 [327657b1-60f8-49f2-b2a3-f63e1f934942@group-58A987F56150-LeaderElection281] INFO  impl.LeaderElection (LeaderElection.java:logAndReturn(56)) - 327657b1-60f8-49f2-b2a3-f63e1f934942@group-58A987F56150-LeaderElection281: Election REJECTED; received 2 response(s) [327657b1-60f8-49f2-b2a3-f63e1f934942<-6605b8a5-570b-4977-9ee7-6aaf3012bed5#0:FAIL-t322, 327657b1-60f8-49f2-b2a3-f63e1f934942<-ddd4789c-894d-475a-bbfb-f6e7aa670c92#0:FAIL-t322] and 0 exception(s); 327657b1-60f8-49f2-b2a3-f63e1f934942@group-58A987F56150:t322, leader=null, voted=327657b1-60f8-49f2-b2a3-f63e1f934942, raftlog=327657b1-60f8-49f2-b2a3-f63e1f934942@group-58A987F56150-SegmentedRaftLog:OPENED:c-1,f-1,i0, conf=-1: [6605b8a5-570b-4977-9ee7-6aaf3012bed5:192.168.164.233:35223, 327657b1-60f8-49f2-b2a3-f63e1f934942:192.168.164.233:41966, ddd4789c-894d-475a-bbfb-f6e7aa670c92:192.168.164.233:41061], old=null
2019-10-18 14:58:38,193 [327657b1-60f8-49f2-b2a3-f63e1f934942@group-58A987F56150-LeaderElection281] INFO  impl.RaftServerImpl (RaftServerImpl.java:setRole(184)) - 327657b1-60f8-49f2-b2a3-f63e1f934942@group-58A987F56150: changes role from CANDIDATE to FOLLOWER at term 322 for DISCOVERED_A_NEW_TERM
2019-10-18 14:58:38,193 [327657b1-60f8-49f2-b2a3-f63e1f934942@group-58A987F56150-LeaderElection281] INFO  impl.RoleInfo (RoleInfo.java:shutdownLeaderElection(134)) - 327657b1-60f8-49f2-b2a3-f63e1f934942: shutdown LeaderElection
2019-10-18 14:58:38,193 [327657b1-60f8-49f2-b2a3-f63e1f934942@group-58A987F56150-LeaderElection281] INFO  impl.RoleInfo (RoleInfo.java:updateAndGet(143)) - 327657b1-60f8-49f2-b2a3-f63e1f934942: start FollowerState
2019-10-18 14:58:38,225 [Thread-2162] INFO  impl.FollowerState (FollowerState.java:run(108)) - 327657b1-60f8-49f2-b2a3-f63e1f934942@group-58A987F56150-FollowerState: change to CANDIDATE, lastRpcTime:32ms, electionTimeout:32ms
2019-10-18 14:58:38,226 [Thread-2162] INFO  impl.RoleInfo (RoleInfo.java:shutdownFollowerState(121)) - 327657b1-60f8-49f2-b2a3-f63e1f934942: shutdown FollowerState
2019-10-18 14:58:38,226 [Thread-2162] INFO  impl.RaftServerImpl (RaftServerImpl.java:setRole(184)) - 327657b1-60f8-49f2-b2a3-f63e1f934942@group-58A987F56150: changes role from  FOLLOWER to CANDIDATE at term 322 for changeToCandidate
2019-10-18 14:58:38,226 [Thread-2162] INFO  impl.RoleInfo (RoleInfo.java:updateAndGet(143)) - 327657b1-60f8-49f2-b2a3-f63e1f934942: start LeaderElection
2019-10-18 14:58:38,239 [327657b1-60f8-49f2-b2a3-f63e1f934942@group-58A987F56150-LeaderElection282] INFO  impl.LeaderElection (LeaderElection.java:askForVotes(178)) - 327657b1-60f8-49f2-b2a3-f63e1f934942@group-58A987F56150-LeaderElection282: begin an election at term 323 for -1: [6605b8a5-570b-4977-9ee7-6aaf3012bed5:192.168.164.233:35223, 327657b1-60f8-49f2-b2a3-f63e1f934942:192.168.164.233:41966, ddd4789c-894d-475a-bbfb-f6e7aa670c92:192.168.164.233:41061], old=null
2019-10-18 14:58:38,241 [grpc-default-executor-1] INFO  impl.RaftServerImpl (RaftServerImpl.java:setRole(184)) - ddd4789c-894d-475a-bbfb-f6e7aa670c92@group-58A987F56150: changes role from  FOLLOWER to FOLLOWER at term 323 for recognizeCandidate:327657b1-60f8-49f2-b2a3-f63e1f934942
2019-10-18 14:58:38,241 [grpc-default-executor-3] INFO  impl.RaftServerImpl (RaftServerImpl.java:setRole(184)) - 6605b8a5-570b-4977-9ee7-6aaf3012bed5@group-58A987F56150: changes role from  FOLLOWER to FOLLOWER at term 323 for recognizeCandidate:327657b1-60f8-49f2-b2a3-f63e1f934942
2019-10-18 14:58:38,241 [grpc-default-executor-3] INFO  impl.RoleInfo (RoleInfo.java:shutdownFollowerState(121)) - 6605b8a5-570b-4977-9ee7-6aaf3012bed5: shutdown FollowerState
2019-10-18 14:58:38,241 [grpc-default-executor-1] INFO  impl.RoleInfo (RoleInfo.java:shutdownFollowerState(121)) - ddd4789c-894d-475a-bbfb-f6e7aa670c92: shutdown FollowerState
2019-10-18 14:58:38,241 [Thread-2160] INFO  impl.FollowerState (FollowerState.java:run(117)) - 6605b8a5-570b-4977-9ee7-6aaf3012bed5@group-58A987F56150-FollowerState was interrupted: java.lang.InterruptedException: sleep interrupted
2019-10-18 14:58:38,241 [grpc-default-executor-3] INFO  impl.RoleInfo (RoleInfo.java:updateAndGet(143)) - 6605b8a5-570b-4977-9ee7-6aaf3012bed5: start FollowerState
2019-10-18 14:58:38,242 [Thread-2161] INFO  impl.FollowerState (FollowerState.java:run(117)) - ddd4789c-894d-475a-bbfb-f6e7aa670c92@group-58A987F56150-FollowerState was interrupted: java.lang.InterruptedException: sleep interrupted
2019-10-18 14:58:38,241 [grpc-default-executor-1] INFO  impl.RoleInfo (RoleInfo.java:updateAndGet(143)) - ddd4789c-894d-475a-bbfb-f6e7aa670c92: start FollowerState
2019-10-18 14:58:38,267 [327657b1-60f8-49f2-b2a3-f63e1f934942@group-58A987F56150-LeaderElection282] INFO  impl.LeaderElection (LeaderElection.java:logAndReturn(56)) - 327657b1-60f8-49f2-b2a3-f63e1f934942@group-58A987F56150-LeaderElection282: Election REJECTED; received 2 response(s) [327657b1-60f8-49f2-b2a3-f63e1f934942<-6605b8a5-570b-4977-9ee7-6aaf3012bed5#0:FAIL-t323, 327657b1-60f8-49f2-b2a3-f63e1f934942<-ddd4789c-894d-475a-bbfb-f6e7aa670c92#0:FAIL-t323] and 0 exception(s); 327657b1-60f8-49f2-b2a3-f63e1f934942@group-58A987F56150:t323, leader=null, voted=327657b1-60f8-49f2-b2a3-f63e1f934942, raftlog=327657b1-60f8-49f2-b2a3-f63e1f934942@group-58A987F56150-SegmentedRaftLog:OPENED:c-1,f-1,i0, conf=-1: [6605b8a5-570b-4977-9ee7-6aaf3012bed5:192.168.164.233:35223, 327657b1-60f8-49f2-b2a3-f63e1f934942:192.168.164.233:41966, ddd4789c-894d-475a-bbfb-f6e7aa670c92:192.168.164.233:41061], old=null
2019-10-18 14:58:38,267 [327657b1-60f8-49f2-b2a3-f63e1f934942@group-58A987F56150-LeaderElection282] INFO  impl.RaftServerImpl (RaftServerImpl.java:setRole(184)) - 327657b1-60f8-49f2-b2a3-f63e1f934942@group-58A987F56150: changes role from CANDIDATE to FOLLOWER at term 323 for DISCOVERED_A_NEW_TERM
2019-10-18 14:58:38,267 [327657b1-60f8-49f2-b2a3-f63e1f934942@group-58A987F56150-LeaderElection282] INFO  impl.RoleInfo (RoleInfo.java:shutdownLeaderElection(134)) - 327657b1-60f8-49f2-b2a3-f63e1f934942: shutdown LeaderElection
2019-10-18 14:58:38,268 [327657b1-60f8-49f2-b2a3-f63e1f934942@group-58A987F56150-LeaderElection282] INFO  impl.RoleInfo (RoleInfo.java:updateAndGet(143)) - 327657b1-60f8-49f2-b2a3-f63e1f934942: start FollowerState
2019-10-18 14:58:38,465 [Thread-2168] INFO  impl.FollowerState (FollowerState.java:run(108)) - 327657b1-60f8-49f2-b2a3-f63e1f934942@group-58A987F56150-FollowerState: change to CANDIDATE, lastRpcTime:197ms, electionTimeout:197ms
2019-10-18 14:58:38,465 [Thread-2168] INFO  impl.RoleInfo (RoleInfo.java:shutdownFollowerState(121)) - 327657b1-60f8-49f2-b2a3-f63e1f934942: shutdown FollowerState
2019-10-18 14:58:38,465 [Thread-2168] INFO  impl.RaftServerImpl (RaftServerImpl.java:setRole(184)) - 327657b1-60f8-49f2-b2a3-f63e1f934942@group-58A987F56150: changes role from  FOLLOWER to CANDIDATE at term 323 for changeToCandidate
2019-10-18 14:58:38,466 [Thread-2168] INFO  impl.RoleInfo (RoleInfo.java:updateAndGet(143)) - 327657b1-60f8-49f2-b2a3-f63e1f934942: start LeaderElection
2019-10-18 14:58:38,481 [327657b1-60f8-49f2-b2a3-f63e1f934942@group-58A987F56150-LeaderElection283] INFO  impl.LeaderElection (LeaderElection.java:askForVotes(178)) - 327657b1-60f8-49f2-b2a3-f63e1f934942@group-58A987F56150-LeaderElection283: begin an election at term 324 for -1: [6605b8a5-570b-4977-9ee7-6aaf3012bed5:192.168.164.233:35223, 327657b1-60f8-49f2-b2a3-f63e1f934942:192.168.164.233:41966, ddd4789c-894d-475a-bbfb-f6e7aa670c92:192.168.164.233:41061], old=null
2019-10-18 14:58:38,483 [grpc-default-executor-3] INFO  impl.RaftServerImpl (RaftServerImpl.java:setRole(184)) - ddd4789c-894d-475a-bbfb-f6e7aa670c92@group-58A987F56150: changes role from  FOLLOWER to FOLLOWER at term 324 for recognizeCandidate:327657b1-60f8-49f2-b2a3-f63e1f934942
2019-10-18 14:58:38,483 [grpc-default-executor-3] INFO  impl.RoleInfo (RoleInfo.java:shutdownFollowerState(121)) - ddd4789c-894d-475a-bbfb-f6e7aa670c92: shutdown FollowerState
2019-10-18 14:58:38,483 [grpc-default-executor-1] INFO  impl.RaftServerImpl (RaftServerImpl.java:setRole(184)) - 6605b8a5-570b-4977-9ee7-6aaf3012bed5@group-58A987F56150: changes role from  FOLLOWER to FOLLOWER at term 324 for recognizeCandidate:327657b1-60f8-49f2-b2a3-f63e1f934942
2019-10-18 14:58:38,483 [Thread-2167] INFO  impl.FollowerState (FollowerState.java:run(117)) - ddd4789c-894d-475a-bbfb-f6e7aa670c92@group-58A987F56150-FollowerState was interrupted: java.lang.InterruptedException: sleep interrupted
2019-10-18 14:58:38,483 [grpc-default-executor-3] INFO  impl.RoleInfo (RoleInfo.java:updateAndGet(143)) - ddd4789c-894d-475a-bbfb-f6e7aa670c92: start FollowerState
2019-10-18 14:58:38,484 [grpc-default-executor-1] INFO  impl.RoleInfo (RoleInfo.java:shutdownFollowerState(121)) - 6605b8a5-570b-4977-9ee7-6aaf3012bed5: shutdown FollowerState
2019-10-18 14:58:38,484 [Thread-2166] INFO  impl.FollowerState (FollowerState.java:run(117)) - 6605b8a5-570b-4977-9ee7-6aaf3012bed5@group-58A987F56150-FollowerState was interrupted: java.lang.InterruptedException: sleep interrupted
2019-10-18 14:58:38,484 [grpc-default-executor-1] INFO  impl.RoleInfo (RoleInfo.java:updateAndGet(143)) - 6605b8a5-570b-4977-9ee7-6aaf3012bed5: start FollowerState
2019-10-18 14:58:38,498 [327657b1-60f8-49f2-b2a3-f63e1f934942@group-58A987F56150-LeaderElection283] INFO  impl.LeaderElection (LeaderElection.java:logAndReturn(56)) - 327657b1-60f8-49f2-b2a3-f63e1f934942@group-58A987F56150-LeaderElection283: Election REJECTED; received 2 response(s) [327657b1-60f8-49f2-b2a3-f63e1f934942<-6605b8a5-570b-4977-9ee7-6aaf3012bed5#0:FAIL-t324, 327657b1-60f8-49f2-b2a3-f63e1f934942<-ddd4789c-894d-475a-bbfb-f6e7aa670c92#0:FAIL-t324] and 0 exception(s); 327657b1-60f8-49f2-b2a3-f63e1f934942@group-58A987F56150:t324, leader=null, voted=327657b1-60f8-49f2-b2a3-f63e1f934942, raftlog=327657b1-60f8-49f2-b2a3-f63e1f934942@group-58A987F56150-SegmentedRaftLog:OPENED:c-1,f-1,i0, conf=-1: [6605b8a5-570b-4977-9ee7-6aaf3012bed5:192.168.164.233:35223, 327657b1-60f8-49f2-b2a3-f63e1f934942:192.168.164.233:41966, ddd4789c-894d-475a-bbfb-f6e7aa670c92:192.168.164.233:41061], old=null
2019-10-18 14:58:38,498 [327657b1-60f8-49f2-b2a3-f63e1f934942@group-58A987F56150-LeaderElection283] INFO  impl.RaftServerImpl (RaftServerImpl.java:setRole(184)) - 327657b1-60f8-49f2-b2a3-f63e1f934942@group-58A987F56150: changes role from CANDIDATE to FOLLOWER at term 324 for DISCOVERED_A_NEW_TERM
2019-10-18 14:58:38,498 [327657b1-60f8-49f2-b2a3-f63e1f934942@group-58A987F56150-LeaderElection283] INFO  impl.RoleInfo (RoleInfo.java:shutdownLeaderElection(134)) - 327657b1-60f8-49f2-b2a3-f63e1f934942: shutdown LeaderElection
2019-10-18 14:58:38,498 [327657b1-60f8-49f2-b2a3-f63e1f934942@group-58A987F56150-LeaderElection283] INFO  impl.RoleInfo (RoleInfo.java:updateAndGet(143)) - 327657b1-60f8-49f2-b2a3-f63e1f934942: start FollowerState
2019-10-18 14:58:38,605 [Thread-2174] INFO  impl.FollowerState (FollowerState.java:run(108)) - 327657b1-60f8-49f2-b2a3-f63e1f934942@group-58A987F56150-FollowerState: change to CANDIDATE, lastRpcTime:106ms, electionTimeout:106ms
2019-10-18 14:58:38,605 [Thread-2174] INFO  impl.RoleInfo (RoleInfo.java:shutdownFollowerState(121)) - 327657b1-60f8-49f2-b2a3-f63e1f934942: shutdown FollowerState
2019-10-18 14:58:38,605 [Thread-2174] INFO  impl.RaftServerImpl (RaftServerImpl.java:setRole(184)) - 327657b1-60f8-49f2-b2a3-f63e1f934942@group-58A987F56150: changes role from  FOLLOWER to CANDIDATE at term 324 for changeToCandidate
2019-10-18 14:58:38,606 [Thread-2174] INFO  impl.RoleInfo (RoleInfo.java:updateAndGet(143)) - 327657b1-60f8-49f2-b2a3-f63e1f934942: start LeaderElection
2019-10-18 14:58:38,619 [327657b1-60f8-49f2-b2a3-f63e1f934942@group-58A987F56150-LeaderElection284] INFO  impl.LeaderElection (LeaderElection.java:askForVotes(178)) - 327657b1-60f8-49f2-b2a3-f63e1f934942@group-58A987F56150-LeaderElection284: begin an election at term 325 for -1: [6605b8a5-570b-4977-9ee7-6aaf3012bed5:192.168.164.233:35223, 327657b1-60f8-49f2-b2a3-f63e1f934942:192.168.164.233:41966, ddd4789c-894d-475a-bbfb-f6e7aa670c92:192.168.164.233:41061], old=null
2019-10-18 14:58:38,623 [grpc-default-executor-3] INFO  impl.RaftServerImpl (RaftServerImpl.java:setRole(184)) - 6605b8a5-570b-4977-9ee7-6aaf3012bed5@group-58A987F56150: changes role from  FOLLOWER to FOLLOWER at term 325 for recognizeCandidate:327657b1-60f8-49f2-b2a3-f63e1f934942
2019-10-18 14:58:38,623 [grpc-default-executor-3] INFO  impl.RoleInfo (RoleInfo.java:shutdownFollowerState(121)) - 6605b8a5-570b-4977-9ee7-6aaf3012bed5: shutdown FollowerState
2019-10-18 14:58:38,623 [grpc-default-executor-1] INFO  impl.RaftServerImpl (RaftServerImpl.java:setRole(184)) - ddd4789c-894d-475a-bbfb-f6e7aa670c92@group-58A987F56150: changes role from  FOLLOWER to FOLLOWER at term 325 for recognizeCandidate:327657b1-60f8-49f2-b2a3-f63e1f934942
2019-10-18 14:58:38,623 [Thread-2173] INFO  impl.FollowerState (FollowerState.java:run(117)) - 6605b8a5-570b-4977-9ee7-6aaf3012bed5@group-58A987F56150-FollowerState was interrupted: java.lang.InterruptedException: sleep interrupted
2019-10-18 14:58:38,623 [grpc-default-executor-3] INFO  impl.RoleInfo (RoleInfo.java:updateAndGet(143)) - 6605b8a5-570b-4977-9ee7-6aaf3012bed5: start FollowerState
2019-10-18 14:58:38,623 [grpc-default-executor-1] INFO  impl.RoleInfo (RoleInfo.java:shutdownFollowerState(121)) - ddd4789c-894d-475a-bbfb-f6e7aa670c92: shutdown FollowerState
2019-10-18 14:58:38,624 [grpc-default-executor-1] INFO  impl.RoleInfo (RoleInfo.java:updateAndGet(143)) - ddd4789c-894d-475a-bbfb-f6e7aa670c92: start FollowerState
2019-10-18 14:58:38,624 [Thread-2172] INFO  impl.FollowerState (FollowerState.java:run(117)) - ddd4789c-894d-475a-bbfb-f6e7aa670c92@group-58A987F56150-FollowerState was interrupted: java.lang.InterruptedException: sleep interrupted
2019-10-18 14:58:38,637 [327657b1-60f8-49f2-b2a3-f63e1f934942@group-58A987F56150-LeaderElection284] INFO  impl.LeaderElection (LeaderElection.java:logAndReturn(56)) - 327657b1-60f8-49f2-b2a3-f63e1f934942@group-58A987F56150-LeaderElection284: Election REJECTED; received 2 response(s) [327657b1-60f8-49f2-b2a3-f63e1f934942<-6605b8a5-570b-4977-9ee7-6aaf3012bed5#0:FAIL-t325, 327657b1-60f8-49f2-b2a3-f63e1f934942<-ddd4789c-894d-475a-bbfb-f6e7aa670c92#0:FAIL-t325] and 0 exception(s); 327657b1-60f8-49f2-b2a3-f63e1f934942@group-58A987F56150:t325, leader=null, voted=327657b1-60f8-49f2-b2a3-f63e1f934942, raftlog=327657b1-60f8-49f2-b2a3-f63e1f934942@group-58A987F56150-SegmentedRaftLog:OPENED:c-1,f-1,i0, conf=-1: [6605b8a5-570b-4977-9ee7-6aaf3012bed5:192.168.164.233:35223, 327657b1-60f8-49f2-b2a3-f63e1f934942:192.168.164.233:41966, ddd4789c-894d-475a-bbfb-f6e7aa670c92:192.168.164.233:41061], old=null
2019-10-18 14:58:38,638 [327657b1-60f8-49f2-b2a3-f63e1f934942@group-58A987F56150-LeaderElection284] INFO  impl.RaftServerImpl (RaftServerImpl.java:setRole(184)) - 327657b1-60f8-49f2-b2a3-f63e1f934942@group-58A987F56150: changes role from CANDIDATE to FOLLOWER at term 325 for DISCOVERED_A_NEW_TERM
2019-10-18 14:58:38,638 [327657b1-60f8-49f2-b2a3-f63e1f934942@group-58A987F56150-LeaderElection284] INFO  impl.RoleInfo (RoleInfo.java:shutdownLeaderElection(134)) - 327657b1-60f8-49f2-b2a3-f63e1f934942: shutdown LeaderElection
2019-10-18 14:58:38,638 [327657b1-60f8-49f2-b2a3-f63e1f934942@group-58A987F56150-LeaderElection284] INFO  impl.RoleInfo (RoleInfo.java:updateAndGet(143)) - 327657b1-60f8-49f2-b2a3-f63e1f934942: start FollowerState
2019-10-18 14:58:38,654 [Thread-2180] INFO  impl.FollowerState (FollowerState.java:run(108)) - 327657b1-60f8-49f2-b2a3-f63e1f934942@group-58A987F56150-FollowerState: change to CANDIDATE, lastRpcTime:16ms, electionTimeout:16ms
2019-10-18 14:58:38,654 [Thread-2180] INFO  impl.RoleInfo (RoleInfo.java:shutdownFollowerState(121)) - 327657b1-60f8-49f2-b2a3-f63e1f934942: shutdown FollowerState
2019-10-18 14:58:38,655 [Thread-2180] INFO  impl.RaftServerImpl (RaftServerImpl.java:setRole(184)) - 327657b1-60f8-49f2-b2a3-f63e1f934942@group-58A987F56150: changes role from  FOLLOWER to CANDIDATE at term 325 for changeToCandidate
2019-10-18 14:58:38,655 [Thread-2180] INFO  impl.RoleInfo (RoleInfo.java:updateAndGet(143)) - 327657b1-60f8-49f2-b2a3-f63e1f934942: start LeaderElection
2019-10-18 14:58:38,668 [327657b1-60f8-49f2-b2a3-f63e1f934942@group-58A987F56150-LeaderElection285] INFO  impl.LeaderElection (LeaderElection.java:askForVotes(178)) - 327657b1-60f8-49f2-b2a3-f63e1f934942@group-58A987F56150-LeaderElection285: begin an election at term 326 for -1: [6605b8a5-570b-4977-9ee7-6aaf3012bed5:192.168.164.233:35223, 327657b1-60f8-49f2-b2a3-f63e1f934942:192.168.164.233:41966, ddd4789c-894d-475a-bbfb-f6e7aa670c92:192.168.164.233:41061], old=null
2019-10-18 14:58:38,670 [grpc-default-executor-1] INFO  impl.RaftServerImpl (RaftServerImpl.java:setRole(184)) - 6605b8a5-570b-4977-9ee7-6aaf3012bed5@group-58A987F56150: changes role from  FOLLOWER to FOLLOWER at term 326 for recognizeCandidate:327657b1-60f8-49f2-b2a3-f63e1f934942
2019-10-18 14:58:38,670 [grpc-default-executor-1] INFO  impl.RoleInfo (RoleInfo.java:shutdownFollowerState(121)) - 6605b8a5-570b-4977-9ee7-6aaf3012bed5: shutdown FollowerState
2019-10-18 14:58:38,670 [grpc-default-executor-3] INFO  impl.RaftServerImpl (RaftServerImpl.java:setRole(184)) - ddd4789c-894d-475a-bbfb-f6e7aa670c92@group-58A987F56150: changes role from  FOLLOWER to FOLLOWER at term 326 for recognizeCandidate:327657b1-60f8-49f2-b2a3-f63e1f934942
2019-10-18 14:58:38,670 [Thread-2178] INFO  impl.FollowerState (FollowerState.java:run(117)) - 6605b8a5-570b-4977-9ee7-6aaf3012bed5@group-58A987F56150-FollowerState was interrupted: java.lang.InterruptedException: sleep interrupted
2019-10-18 14:58:38,670 [grpc-default-executor-1] INFO  impl.RoleInfo (RoleInfo.java:updateAndGet(143)) - 6605b8a5-570b-4977-9ee7-6aaf3012bed5: start FollowerState
2019-10-18 14:58:38,670 [grpc-default-executor-3] INFO  impl.RoleInfo (RoleInfo.java:shutdownFollowerState(121)) - ddd4789c-894d-475a-bbfb-f6e7aa670c92: shutdown FollowerState
2019-10-18 14:58:38,671 [grpc-default-executor-3] INFO  impl.RoleInfo (RoleInfo.java:updateAndGet(143)) - ddd4789c-894d-475a-bbfb-f6e7aa670c92: start FollowerState
2019-10-18 14:58:38,671 [Thread-2179] INFO  impl.FollowerState (FollowerState.java:run(117)) - ddd4789c-894d-475a-bbfb-f6e7aa670c92@group-58A987F56150-FollowerState was interrupted: java.lang.InterruptedException: sleep interrupted
2019-10-18 14:58:38,699 [327657b1-60f8-49f2-b2a3-f63e1f934942@group-58A987F56150-LeaderElection285] INFO  impl.LeaderElection (LeaderElection.java:logAndReturn(56)) - 327657b1-60f8-49f2-b2a3-f63e1f934942@group-58A987F56150-LeaderElection285: Election REJECTED; received 2 response(s) [327657b1-60f8-49f2-b2a3-f63e1f934942<-6605b8a5-570b-4977-9ee7-6aaf3012bed5#0:FAIL-t326, 327657b1-60f8-49f2-b2a3-f63e1f934942<-ddd4789c-894d-475a-bbfb-f6e7aa670c92#0:FAIL-t326] and 0 exception(s); 327657b1-60f8-49f2-b2a3-f63e1f934942@group-58A987F56150:t326, leader=null, voted=327657b1-60f8-49f2-b2a3-f63e1f934942, raftlog=327657b1-60f8-49f2-b2a3-f63e1f934942@group-58A987F56150-SegmentedRaftLog:OPENED:c-1,f-1,i0, conf=-1: [6605b8a5-570b-4977-9ee7-6aaf3012bed5:192.168.164.233:35223, 327657b1-60f8-49f2-b2a3-f63e1f934942:192.168.164.233:41966, ddd4789c-894d-475a-bbfb-f6e7aa670c92:192.168.164.233:41061], old=null
2019-10-18 14:58:38,699 [327657b1-60f8-49f2-b2a3-f63e1f934942@group-58A987F56150-LeaderElection285] INFO  impl.RaftServerImpl (RaftServerImpl.java:setRole(184)) - 327657b1-60f8-49f2-b2a3-f63e1f934942@group-58A987F56150: changes role from CANDIDATE to FOLLOWER at term 326 for DISCOVERED_A_NEW_TERM
2019-10-18 14:58:38,699 [327657b1-60f8-49f2-b2a3-f63e1f934942@group-58A987F56150-LeaderElection285] INFO  impl.RoleInfo (RoleInfo.java:shutdownLeaderElection(134)) - 327657b1-60f8-49f2-b2a3-f63e1f934942: shutdown LeaderElection
2019-10-18 14:58:38,699 [327657b1-60f8-49f2-b2a3-f63e1f934942@group-58A987F56150-LeaderElection285] INFO  impl.RoleInfo (RoleInfo.java:updateAndGet(143)) - 327657b1-60f8-49f2-b2a3-f63e1f934942: start FollowerState
2019-10-18 14:58:38,701 [Thread-2186] INFO  impl.FollowerState (FollowerState.java:run(108)) - 327657b1-60f8-49f2-b2a3-f63e1f934942@group-58A987F56150-FollowerState: change to CANDIDATE, lastRpcTime:1ms, electionTimeout:1ms
2019-10-18 14:58:38,701 [Thread-2186] INFO  impl.RoleInfo (RoleInfo.java:shutdownFollowerState(121)) - 327657b1-60f8-49f2-b2a3-f63e1f934942: shutdown FollowerState
2019-10-18 14:58:38,701 [Thread-2186] INFO  impl.RaftServerImpl (RaftServerImpl.java:setRole(184)) - 327657b1-60f8-49f2-b2a3-f63e1f934942@group-58A987F56150: changes role from  FOLLOWER to CANDIDATE at term 326 for changeToCandidate
2019-10-18 14:58:38,701 [Thread-2186] INFO  impl.RoleInfo (RoleInfo.java:updateAndGet(143)) - 327657b1-60f8-49f2-b2a3-f63e1f934942: start LeaderElection
2019-10-18 14:58:38,718 [327657b1-60f8-49f2-b2a3-f63e1f934942@group-58A987F56150-LeaderElection286] INFO  impl.LeaderElection (LeaderElection.java:askForVotes(178)) - 327657b1-60f8-49f2-b2a3-f63e1f934942@group-58A987F56150-LeaderElection286: begin an election at term 327 for -1: [6605b8a5-570b-4977-9ee7-6aaf3012bed5:192.168.164.233:35223, 327657b1-60f8-49f2-b2a3-f63e1f934942:192.168.164.233:41966, ddd4789c-894d-475a-bbfb-f6e7aa670c92:192.168.164.233:41061], old=null
2019-10-18 14:58:38,719 [grpc-default-executor-3] INFO  impl.RaftServerImpl (RaftServerImpl.java:setRole(184)) - 6605b8a5-570b-4977-9ee7-6aaf3012bed5@group-58A987F56150: changes role from  FOLLOWER to FOLLOWER at term 327 for recognizeCandidate:327657b1-60f8-49f2-b2a3-f63e1f934942
2019-10-18 14:58:38,719 [grpc-default-executor-3] INFO  impl.RoleInfo (RoleInfo.java:shutdownFollowerState(121)) - 6605b8a5-570b-4977-9ee7-6aaf3012bed5: shutdown FollowerState
2019-10-18 14:58:38,719 [grpc-default-executor-3] INFO  impl.RoleInfo (RoleInfo.java:updateAndGet(143)) - 6605b8a5-570b-4977-9ee7-6aaf3012bed5: start FollowerState
2019-10-18 14:58:38,719 [Thread-2184] INFO  impl.FollowerState (FollowerState.java:run(117)) - 6605b8a5-570b-4977-9ee7-6aaf3012bed5@group-58A987F56150-FollowerState was interrupted: java.lang.InterruptedException: sleep interrupted
2019-10-18 14:58:38,720 [grpc-default-executor-1] INFO  impl.RaftServerImpl (RaftServerImpl.java:setRole(184)) - ddd4789c-894d-475a-bbfb-f6e7aa670c92@group-58A987F56150: changes role from  FOLLOWER to FOLLOWER at term 327 for recognizeCandidate:327657b1-60f8-49f2-b2a3-f63e1f934942
2019-10-18 14:58:38,720 [grpc-default-executor-1] INFO  impl.RoleInfo (RoleInfo.java:shutdownFollowerState(121)) - ddd4789c-894d-475a-bbfb-f6e7aa670c92: shutdown FollowerState
2019-10-18 14:58:38,720 [grpc-default-executor-1] INFO  impl.RoleInfo (RoleInfo.java:updateAndGet(143)) - ddd4789c-894d-475a-bbfb-f6e7aa670c92: start FollowerState
2019-10-18 14:58:38,720 [Thread-2185] INFO  impl.FollowerState (FollowerState.java:run(117)) - ddd4789c-894d-475a-bbfb-f6e7aa670c92@group-58A987F56150-FollowerState was interrupted: java.lang.InterruptedException: sleep interrupted
2019-10-18 14:58:38,746 [327657b1-60f8-49f2-b2a3-f63e1f934942@group-58A987F56150-LeaderElection286] INFO  impl.LeaderElection (LeaderElection.java:logAndReturn(56)) - 327657b1-60f8-49f2-b2a3-f63e1f934942@group-58A987F56150-LeaderElection286: Election REJECTED; received 2 response(s) [327657b1-60f8-49f2-b2a3-f63e1f934942<-6605b8a5-570b-4977-9ee7-6aaf3012bed5#0:FAIL-t327, 327657b1-60f8-49f2-b2a3-f63e1f934942<-ddd4789c-894d-475a-bbfb-f6e7aa670c92#0:FAIL-t327] and 0 exception(s); 327657b1-60f8-49f2-b2a3-f63e1f934942@group-58A987F56150:t327, leader=null, voted=327657b1-60f8-49f2-b2a3-f63e1f934942, raftlog=327657b1-60f8-49f2-b2a3-f63e1f934942@group-58A987F56150-SegmentedRaftLog:OPENED:c-1,f-1,i0, conf=-1: [6605b8a5-570b-4977-9ee7-6aaf3012bed5:192.168.164.233:35223, 327657b1-60f8-49f2-b2a3-f63e1f934942:192.168.164.233:41966, ddd4789c-894d-475a-bbfb-f6e7aa670c92:192.168.164.233:41061], old=null
2019-10-18 14:58:38,747 [327657b1-60f8-49f2-b2a3-f63e1f934942@group-58A987F56150-LeaderElection286] INFO  impl.RaftServerImpl (RaftServerImpl.java:setRole(184)) - 327657b1-60f8-49f2-b2a3-f63e1f934942@group-58A987F56150: changes role from CANDIDATE to FOLLOWER at term 327 for DISCOVERED_A_NEW_TERM
2019-10-18 14:58:38,747 [327657b1-60f8-49f2-b2a3-f63e1f934942@group-58A987F56150-LeaderElection286] INFO  impl.RoleInfo (RoleInfo.java:shutdownLeaderElection(134)) - 327657b1-60f8-49f2-b2a3-f63e1f934942: shutdown LeaderElection
2019-10-18 14:58:38,747 [327657b1-60f8-49f2-b2a3-f63e1f934942@group-58A987F56150-LeaderElection286] INFO  impl.RoleInfo (RoleInfo.java:updateAndGet(143)) - 327657b1-60f8-49f2-b2a3-f63e1f934942: start FollowerState
2019-10-18 14:58:38,796 [Thread-2192] INFO  impl.FollowerState (FollowerState.java:run(108)) - 327657b1-60f8-49f2-b2a3-f63e1f934942@group-58A987F56150-FollowerState: change to CANDIDATE, lastRpcTime:49ms, electionTimeout:49ms
2019-10-18 14:58:38,796 [Thread-2192] INFO  impl.RoleInfo (RoleInfo.java:shutdownFollowerState(121)) - 327657b1-60f8-49f2-b2a3-f63e1f934942: shutdown FollowerState
2019-10-18 14:58:38,796 [Thread-2192] INFO  impl.RaftServerImpl (RaftServerImpl.java:setRole(184)) - 327657b1-60f8-49f2-b2a3-f63e1f934942@group-58A987F56150: changes role from  FOLLOWER to CANDIDATE at term 327 for changeToCandidate
2019-10-18 14:58:38,797 [Thread-2192] INFO  impl.RoleInfo (RoleInfo.java:updateAndGet(143)) - 327657b1-60f8-49f2-b2a3-f63e1f934942: start LeaderElection
2019-10-18 14:58:38,810 [327657b1-60f8-49f2-b2a3-f63e1f934942@group-58A987F56150-LeaderElection287] INFO  impl.LeaderElection (LeaderElection.java:askForVotes(178)) - 327657b1-60f8-49f2-b2a3-f63e1f934942@group-58A987F56150-LeaderElection287: begin an election at term 328 for -1: [6605b8a5-570b-4977-9ee7-6aaf3012bed5:192.168.164.233:35223, 327657b1-60f8-49f2-b2a3-f63e1f934942:192.168.164.233:41966, ddd4789c-894d-475a-bbfb-f6e7aa670c92:192.168.164.233:41061], old=null
2019-10-18 14:58:38,812 [grpc-default-executor-1] INFO  impl.RaftServerImpl (RaftServerImpl.java:setRole(184)) - ddd4789c-894d-475a-bbfb-f6e7aa670c92@group-58A987F56150: changes role from  FOLLOWER to FOLLOWER at term 328 for recognizeCandidate:327657b1-60f8-49f2-b2a3-f63e1f934942
2019-10-18 14:58:38,812 [grpc-default-executor-1] INFO  impl.RoleInfo (RoleInfo.java:shutdownFollowerState(121)) - ddd4789c-894d-475a-bbfb-f6e7aa670c92: shutdown FollowerState
2019-10-18 14:58:38,812 [grpc-default-executor-3] INFO  impl.RaftServerImpl (RaftServerImpl.java:setRole(184)) - 6605b8a5-570b-4977-9ee7-6aaf3012bed5@group-58A987F56150: changes role from  FOLLOWER to FOLLOWER at term 328 for recognizeCandidate:327657b1-60f8-49f2-b2a3-f63e1f934942
2019-10-18 14:58:38,812 [grpc-default-executor-3] INFO  impl.RoleInfo (RoleInfo.java:shutdownFollowerState(121)) - 6605b8a5-570b-4977-9ee7-6aaf3012bed5: shutdown FollowerState
2019-10-18 14:58:38,812 [Thread-2191] INFO  impl.FollowerState (FollowerState.java:run(117)) - ddd4789c-894d-475a-bbfb-f6e7aa670c92@group-58A987F56150-FollowerState was interrupted: java.lang.InterruptedException: sleep interrupted
2019-10-18 14:58:38,812 [grpc-default-executor-1] INFO  impl.RoleInfo (RoleInfo.java:updateAndGet(143)) - ddd4789c-894d-475a-bbfb-f6e7aa670c92: start FollowerState
2019-10-18 14:58:38,813 [Thread-2190] INFO  impl.FollowerState (FollowerState.java:run(117)) - 6605b8a5-570b-4977-9ee7-6aaf3012bed5@group-58A987F56150-FollowerState was interrupted: java.lang.InterruptedException: sleep interrupted
2019-10-18 14:58:38,813 [grpc-default-executor-3] INFO  impl.RoleInfo (RoleInfo.java:updateAndGet(143)) - 6605b8a5-570b-4977-9ee7-6aaf3012bed5: start FollowerState
2019-10-18 14:58:38,838 [327657b1-60f8-49f2-b2a3-f63e1f934942@group-58A987F56150-LeaderElection287] INFO  impl.LeaderElection (LeaderElection.java:logAndReturn(56)) - 327657b1-60f8-49f2-b2a3-f63e1f934942@group-58A987F56150-LeaderElection287: Election REJECTED; received 2 response(s) [327657b1-60f8-49f2-b2a3-f63e1f934942<-6605b8a5-570b-4977-9ee7-6aaf3012bed5#0:FAIL-t328, 327657b1-60f8-49f2-b2a3-f63e1f934942<-ddd4789c-894d-475a-bbfb-f6e7aa670c92#0:FAIL-t328] and 0 exception(s); 327657b1-60f8-49f2-b2a3-f63e1f934942@group-58A987F56150:t328, leader=null, voted=327657b1-60f8-49f2-b2a3-f63e1f934942, raftlog=327657b1-60f8-49f2-b2a3-f63e1f934942@group-58A987F56150-SegmentedRaftLog:OPENED:c-1,f-1,i0, conf=-1: [6605b8a5-570b-4977-9ee7-6aaf3012bed5:192.168.164.233:35223, 327657b1-60f8-49f2-b2a3-f63e1f934942:192.168.164.233:41966, ddd4789c-894d-475a-bbfb-f6e7aa670c92:192.168.164.233:41061], old=null
2019-10-18 14:58:38,839 [327657b1-60f8-49f2-b2a3-f63e1f934942@group-58A987F56150-LeaderElection287] INFO  impl.RaftServerImpl (RaftServerImpl.java:setRole(184)) - 327657b1-60f8-49f2-b2a3-f63e1f934942@group-58A987F56150: changes role from CANDIDATE to FOLLOWER at term 328 for DISCOVERED_A_NEW_TERM
2019-10-18 14:58:38,839 [327657b1-60f8-49f2-b2a3-f63e1f934942@group-58A987F56150-LeaderElection287] INFO  impl.RoleInfo (RoleInfo.java:shutdownLeaderElection(134)) - 327657b1-60f8-49f2-b2a3-f63e1f934942: shutdown LeaderElection
2019-10-18 14:58:38,839 [327657b1-60f8-49f2-b2a3-f63e1f934942@group-58A987F56150-LeaderElection287] INFO  impl.RoleInfo (RoleInfo.java:updateAndGet(143)) - 327657b1-60f8-49f2-b2a3-f63e1f934942: start FollowerState
2019-10-18 14:58:38,997 [Thread-2199] INFO  impl.FollowerState (FollowerState.java:run(108)) - 327657b1-60f8-49f2-b2a3-f63e1f934942@group-58A987F56150-FollowerState: change to CANDIDATE, lastRpcTime:158ms, electionTimeout:158ms
2019-10-18 14:58:38,997 [Thread-2199] INFO  impl.RoleInfo (RoleInfo.java:shutdownFollowerState(121)) - 327657b1-60f8-49f2-b2a3-f63e1f934942: shutdown FollowerState
2019-10-18 14:58:38,997 [Thread-2199] INFO  impl.RaftServerImpl (RaftServerImpl.java:setRole(184)) - 327657b1-60f8-49f2-b2a3-f63e1f934942@group-58A987F56150: changes role from  FOLLOWER to CANDIDATE at term 328 for changeToCandidate
2019-10-18 14:58:38,998 [Thread-2199] INFO  impl.RoleInfo (RoleInfo.java:updateAndGet(143)) - 327657b1-60f8-49f2-b2a3-f63e1f934942: start LeaderElection
2019-10-18 14:58:39,023 [327657b1-60f8-49f2-b2a3-f63e1f934942@group-58A987F56150-LeaderElection288] INFO  impl.LeaderElection (LeaderElection.java:askForVotes(178)) - 327657b1-60f8-49f2-b2a3-f63e1f934942@group-58A987F56150-LeaderElection288: begin an election at term 329 for -1: [6605b8a5-570b-4977-9ee7-6aaf3012bed5:192.168.164.233:35223, 327657b1-60f8-49f2-b2a3-f63e1f934942:192.168.164.233:41966, ddd4789c-894d-475a-bbfb-f6e7aa670c92:192.168.164.233:41061], old=null
2019-10-18 14:58:39,026 [grpc-default-executor-3] INFO  impl.RaftServerImpl (RaftServerImpl.java:setRole(184)) - ddd4789c-894d-475a-bbfb-f6e7aa670c92@group-58A987F56150: changes role from  FOLLOWER to FOLLOWER at term 329 for recognizeCandidate:327657b1-60f8-49f2-b2a3-f63e1f934942
2019-10-18 14:58:39,026 [grpc-default-executor-1] INFO  impl.RaftServerImpl (RaftServerImpl.java:setRole(184)) - 6605b8a5-570b-4977-9ee7-6aaf3012bed5@group-58A987F56150: changes role from  FOLLOWER to FOLLOWER at term 329 for recognizeCandidate:327657b1-60f8-49f2-b2a3-f63e1f934942
2019-10-18 14:58:39,026 [grpc-default-executor-1] INFO  impl.RoleInfo (RoleInfo.java:shutdownFollowerState(121)) - 6605b8a5-570b-4977-9ee7-6aaf3012bed5: shutdown FollowerState
2019-10-18 14:58:39,026 [grpc-default-executor-3] INFO  impl.RoleInfo (RoleInfo.java:shutdownFollowerState(121)) - ddd4789c-894d-475a-bbfb-f6e7aa670c92: shutdown FollowerState
2019-10-18 14:58:39,026 [grpc-default-executor-1] INFO  impl.RoleInfo (RoleInfo.java:updateAndGet(143)) - 6605b8a5-570b-4977-9ee7-6aaf3012bed5: start FollowerState
2019-10-18 14:58:39,026 [Thread-2198] INFO  impl.FollowerState (FollowerState.java:run(117)) - 6605b8a5-570b-4977-9ee7-6aaf3012bed5@group-58A987F56150-FollowerState was interrupted: java.lang.InterruptedException: sleep interrupted
2019-10-18 14:58:39,027 [grpc-default-executor-3] INFO  impl.RoleInfo (RoleInfo.java:updateAndGet(143)) - ddd4789c-894d-475a-bbfb-f6e7aa670c92: start FollowerState
2019-10-18 14:58:39,027 [Thread-2197] INFO  impl.FollowerState (FollowerState.java:run(117)) - ddd4789c-894d-475a-bbfb-f6e7aa670c92@group-58A987F56150-FollowerState was interrupted: java.lang.InterruptedException: sleep interrupted
2019-10-18 14:58:39,040 [327657b1-60f8-49f2-b2a3-f63e1f934942@group-58A987F56150-LeaderElection288] INFO  impl.LeaderElection (LeaderElection.java:logAndReturn(56)) - 327657b1-60f8-49f2-b2a3-f63e1f934942@group-58A987F56150-LeaderElection288: Election REJECTED; received 2 response(s) [327657b1-60f8-49f2-b2a3-f63e1f934942<-6605b8a5-570b-4977-9ee7-6aaf3012bed5#0:FAIL-t329, 327657b1-60f8-49f2-b2a3-f63e1f934942<-ddd4789c-894d-475a-bbfb-f6e7aa670c92#0:FAIL-t329] and 0 exception(s); 327657b1-60f8-49f2-b2a3-f63e1f934942@group-58A987F56150:t329, leader=null, voted=327657b1-60f8-49f2-b2a3-f63e1f934942, raftlog=327657b1-60f8-49f2-b2a3-f63e1f934942@group-58A987F56150-SegmentedRaftLog:OPENED:c-1,f-1,i0, conf=-1: [6605b8a5-570b-4977-9ee7-6aaf3012bed5:192.168.164.233:35223, 327657b1-60f8-49f2-b2a3-f63e1f934942:192.168.164.233:41966, ddd4789c-894d-475a-bbfb-f6e7aa670c92:192.168.164.233:41061], old=null
2019-10-18 14:58:39,041 [327657b1-60f8-49f2-b2a3-f63e1f934942@group-58A987F56150-LeaderElection288] INFO  impl.RaftServerImpl (RaftServerImpl.java:setRole(184)) - 327657b1-60f8-49f2-b2a3-f63e1f934942@group-58A987F56150: changes role from CANDIDATE to FOLLOWER at term 329 for DISCOVERED_A_NEW_TERM
2019-10-18 14:58:39,041 [327657b1-60f8-49f2-b2a3-f63e1f934942@group-58A987F56150-LeaderElection288] INFO  impl.RoleInfo (RoleInfo.java:shutdownLeaderElection(134)) - 327657b1-60f8-49f2-b2a3-f63e1f934942: shutdown LeaderElection
2019-10-18 14:58:39,041 [327657b1-60f8-49f2-b2a3-f63e1f934942@group-58A987F56150-LeaderElection288] INFO  impl.RoleInfo (RoleInfo.java:updateAndGet(143)) - 327657b1-60f8-49f2-b2a3-f63e1f934942: start FollowerState
2019-10-18 14:58:39,142 [Thread-2205] INFO  impl.FollowerState (FollowerState.java:run(108)) - 327657b1-60f8-49f2-b2a3-f63e1f934942@group-58A987F56150-FollowerState: change to CANDIDATE, lastRpcTime:101ms, electionTimeout:101ms
2019-10-18 14:58:39,142 [Thread-2205] INFO  impl.RoleInfo (RoleInfo.java:shutdownFollowerState(121)) - 327657b1-60f8-49f2-b2a3-f63e1f934942: shutdown FollowerState
2019-10-18 14:58:39,142 [Thread-2205] INFO  impl.RaftServerImpl (RaftServerImpl.java:setRole(184)) - 327657b1-60f8-49f2-b2a3-f63e1f934942@group-58A987F56150: changes role from  FOLLOWER to CANDIDATE at term 329 for changeToCandidate
2019-10-18 14:58:39,143 [Thread-2205] INFO  impl.RoleInfo (RoleInfo.java:updateAndGet(143)) - 327657b1-60f8-49f2-b2a3-f63e1f934942: start LeaderElection
2019-10-18 14:58:39,156 [327657b1-60f8-49f2-b2a3-f63e1f934942@group-58A987F56150-LeaderElection289] INFO  impl.LeaderElection (LeaderElection.java:askForVotes(178)) - 327657b1-60f8-49f2-b2a3-f63e1f934942@group-58A987F56150-LeaderElection289: begin an election at term 330 for -1: [6605b8a5-570b-4977-9ee7-6aaf3012bed5:192.168.164.233:35223, 327657b1-60f8-49f2-b2a3-f63e1f934942:192.168.164.233:41966, ddd4789c-894d-475a-bbfb-f6e7aa670c92:192.168.164.233:41061], old=null
2019-10-18 14:58:39,157 [grpc-default-executor-3] INFO  impl.RaftServerImpl (RaftServerImpl.java:setRole(184)) - ddd4789c-894d-475a-bbfb-f6e7aa670c92@group-58A987F56150: changes role from  FOLLOWER to FOLLOWER at term 330 for recognizeCandidate:327657b1-60f8-49f2-b2a3-f63e1f934942
2019-10-18 14:58:39,158 [grpc-default-executor-3] INFO  impl.RoleInfo (RoleInfo.java:shutdownFollowerState(121)) - ddd4789c-894d-475a-bbfb-f6e7aa670c92: shutdown FollowerState
2019-10-18 14:58:39,157 [grpc-default-executor-1] INFO  impl.RaftServerImpl (RaftServerImpl.java:setRole(184)) - 6605b8a5-570b-4977-9ee7-6aaf3012bed5@group-58A987F56150: changes role from  FOLLOWER to FOLLOWER at term 330 for recognizeCandidate:327657b1-60f8-49f2-b2a3-f63e1f934942
2019-10-18 14:58:39,158 [Thread-2204] INFO  impl.FollowerState (FollowerState.java:run(117)) - ddd4789c-894d-475a-bbfb-f6e7aa670c92@group-58A987F56150-FollowerState was interrupted: java.lang.InterruptedException: sleep interrupted
2019-10-18 14:58:39,158 [grpc-default-executor-3] INFO  impl.RoleInfo (RoleInfo.java:updateAndGet(143)) - ddd4789c-894d-475a-bbfb-f6e7aa670c92: start FollowerState
2019-10-18 14:58:39,158 [grpc-default-executor-1] INFO  impl.RoleInfo (RoleInfo.java:shutdownFollowerState(121)) - 6605b8a5-570b-4977-9ee7-6aaf3012bed5: shutdown FollowerState
2019-10-18 14:58:39,158 [grpc-default-executor-1] INFO  impl.RoleInfo (RoleInfo.java:updateAndGet(143)) - 6605b8a5-570b-4977-9ee7-6aaf3012bed5: start FollowerState
2019-10-18 14:58:39,158 [Thread-2203] INFO  impl.FollowerState (FollowerState.java:run(117)) - 6605b8a5-570b-4977-9ee7-6aaf3012bed5@group-58A987F56150-FollowerState was interrupted: java.lang.InterruptedException: sleep interrupted
2019-10-18 14:58:39,184 [327657b1-60f8-49f2-b2a3-f63e1f934942@group-58A987F56150-LeaderElection289] INFO  impl.LeaderElection (LeaderElection.java:logAndReturn(56)) - 327657b1-60f8-49f2-b2a3-f63e1f934942@group-58A987F56150-LeaderElection289: Election REJECTED; received 2 response(s) [327657b1-60f8-49f2-b2a3-f63e1f934942<-6605b8a5-570b-4977-9ee7-6aaf3012bed5#0:FAIL-t330, 327657b1-60f8-49f2-b2a3-f63e1f934942<-ddd4789c-894d-475a-bbfb-f6e7aa670c92#0:FAIL-t330] and 0 exception(s); 327657b1-60f8-49f2-b2a3-f63e1f934942@group-58A987F56150:t330, leader=null, voted=327657b1-60f8-49f2-b2a3-f63e1f934942, raftlog=327657b1-60f8-49f2-b2a3-f63e1f934942@group-58A987F56150-SegmentedRaftLog:OPENED:c-1,f-1,i0, conf=-1: [6605b8a5-570b-4977-9ee7-6aaf3012bed5:192.168.164.233:35223, 327657b1-60f8-49f2-b2a3-f63e1f934942:192.168.164.233:41966, ddd4789c-894d-475a-bbfb-f6e7aa670c92:192.168.164.233:41061], old=null
2019-10-18 14:58:39,184 [327657b1-60f8-49f2-b2a3-f63e1f934942@group-58A987F56150-LeaderElection289] INFO  impl.RaftServerImpl (RaftServerImpl.java:setRole(184)) - 327657b1-60f8-49f2-b2a3-f63e1f934942@group-58A987F56150: changes role from CANDIDATE to FOLLOWER at term 330 for DISCOVERED_A_NEW_TERM
2019-10-18 14:58:39,184 [327657b1-60f8-49f2-b2a3-f63e1f934942@group-58A987F56150-LeaderElection289] INFO  impl.RoleInfo (RoleInfo.java:shutdownLeaderElection(134)) - 327657b1-60f8-49f2-b2a3-f63e1f934942: shutdown LeaderElection
2019-10-18 14:58:39,184 [327657b1-60f8-49f2-b2a3-f63e1f934942@group-58A987F56150-LeaderElection289] INFO  impl.RoleInfo (RoleInfo.java:updateAndGet(143)) - 327657b1-60f8-49f2-b2a3-f63e1f934942: start FollowerState
2019-10-18 14:58:39,384 [Thread-2213] INFO  impl.FollowerState (FollowerState.java:run(108)) - 327657b1-60f8-49f2-b2a3-f63e1f934942@group-58A987F56150-FollowerState: change to CANDIDATE, lastRpcTime:199ms, electionTimeout:199ms
2019-10-18 14:58:39,384 [Thread-2213] INFO  impl.RoleInfo (RoleInfo.java:shutdownFollowerState(121)) - 327657b1-60f8-49f2-b2a3-f63e1f934942: shutdown FollowerState
2019-10-18 14:58:39,384 [Thread-2213] INFO  impl.RaftServerImpl (RaftServerImpl.java:setRole(184)) - 327657b1-60f8-49f2-b2a3-f63e1f934942@group-58A987F56150: changes role from  FOLLOWER to CANDIDATE at term 330 for changeToCandidate
2019-10-18 14:58:39,384 [Thread-2213] INFO  impl.RoleInfo (RoleInfo.java:updateAndGet(143)) - 327657b1-60f8-49f2-b2a3-f63e1f934942: start LeaderElection
2019-10-18 14:58:39,399 [327657b1-60f8-49f2-b2a3-f63e1f934942@group-58A987F56150-LeaderElection290] INFO  impl.LeaderElection (LeaderElection.java:askForVotes(178)) - 327657b1-60f8-49f2-b2a3-f63e1f934942@group-58A987F56150-LeaderElection290: begin an election at term 331 for -1: [6605b8a5-570b-4977-9ee7-6aaf3012bed5:192.168.164.233:35223, 327657b1-60f8-49f2-b2a3-f63e1f934942:192.168.164.233:41966, ddd4789c-894d-475a-bbfb-f6e7aa670c92:192.168.164.233:41061], old=null
2019-10-18 14:58:39,401 [grpc-default-executor-3] INFO  impl.RaftServerImpl (RaftServerImpl.java:setRole(184)) - ddd4789c-894d-475a-bbfb-f6e7aa670c92@group-58A987F56150: changes role from  FOLLOWER to FOLLOWER at term 331 for recognizeCandidate:327657b1-60f8-49f2-b2a3-f63e1f934942
2019-10-18 14:58:39,401 [grpc-default-executor-3] INFO  impl.RoleInfo (RoleInfo.java:shutdownFollowerState(121)) - ddd4789c-894d-475a-bbfb-f6e7aa670c92: shutdown FollowerState
2019-10-18 14:58:39,401 [grpc-default-executor-1] INFO  impl.RaftServerImpl (RaftServerImpl.java:setRole(184)) - 6605b8a5-570b-4977-9ee7-6aaf3012bed5@group-58A987F56150: changes role from  FOLLOWER to FOLLOWER at term 331 for recognizeCandidate:327657b1-60f8-49f2-b2a3-f63e1f934942
2019-10-18 14:58:39,402 [Thread-2211] INFO  impl.FollowerState (FollowerState.java:run(117)) - ddd4789c-894d-475a-bbfb-f6e7aa670c92@group-58A987F56150-FollowerState was interrupted: java.lang.InterruptedException: sleep interrupted
2019-10-18 14:58:39,401 [grpc-default-executor-3] INFO  impl.RoleInfo (RoleInfo.java:updateAndGet(143)) - ddd4789c-894d-475a-bbfb-f6e7aa670c92: start FollowerState
2019-10-18 14:58:39,402 [grpc-default-executor-1] INFO  impl.RoleInfo (RoleInfo.java:shutdownFollowerState(121)) - 6605b8a5-570b-4977-9ee7-6aaf3012bed5: shutdown FollowerState
2019-10-18 14:58:39,402 [Thread-2212] INFO  impl.FollowerState (FollowerState.java:run(117)) - 6605b8a5-570b-4977-9ee7-6aaf3012bed5@group-58A987F56150-FollowerState was interrupted: java.lang.InterruptedException: sleep interrupted
2019-10-18 14:58:39,402 [grpc-default-executor-1] INFO  impl.RoleInfo (RoleInfo.java:updateAndGet(143)) - 6605b8a5-570b-4977-9ee7-6aaf3012bed5: start FollowerState
2019-10-18 14:58:39,429 [327657b1-60f8-49f2-b2a3-f63e1f934942@group-58A987F56150-LeaderElection290] INFO  impl.LeaderElection (LeaderElection.java:logAndReturn(56)) - 327657b1-60f8-49f2-b2a3-f63e1f934942@group-58A987F56150-LeaderElection290: Election REJECTED; received 2 response(s) [327657b1-60f8-49f2-b2a3-f63e1f934942<-6605b8a5-570b-4977-9ee7-6aaf3012bed5#0:FAIL-t331, 327657b1-60f8-49f2-b2a3-f63e1f934942<-ddd4789c-894d-475a-bbfb-f6e7aa670c92#0:FAIL-t331] and 0 exception(s); 327657b1-60f8-49f2-b2a3-f63e1f934942@group-58A987F56150:t331, leader=null, voted=327657b1-60f8-49f2-b2a3-f63e1f934942, raftlog=327657b1-60f8-49f2-b2a3-f63e1f934942@group-58A987F56150-SegmentedRaftLog:OPENED:c-1,f-1,i0, conf=-1: [6605b8a5-570b-4977-9ee7-6aaf3012bed5:192.168.164.233:35223, 327657b1-60f8-49f2-b2a3-f63e1f934942:192.168.164.233:41966, ddd4789c-894d-475a-bbfb-f6e7aa670c92:192.168.164.233:41061], old=null
2019-10-18 14:58:39,429 [327657b1-60f8-49f2-b2a3-f63e1f934942@group-58A987F56150-LeaderElection290] INFO  impl.RaftServerImpl (RaftServerImpl.java:setRole(184)) - 327657b1-60f8-49f2-b2a3-f63e1f934942@group-58A987F56150: changes role from CANDIDATE to FOLLOWER at term 331 for DISCOVERED_A_NEW_TERM
2019-10-18 14:58:39,429 [327657b1-60f8-49f2-b2a3-f63e1f934942@group-58A987F56150-LeaderElection290] INFO  impl.RoleInfo (RoleInfo.java:shutdownLeaderElection(134)) - 327657b1-60f8-49f2-b2a3-f63e1f934942: shutdown LeaderElection
2019-10-18 14:58:39,429 [327657b1-60f8-49f2-b2a3-f63e1f934942@group-58A987F56150-LeaderElection290] INFO  impl.RoleInfo (RoleInfo.java:updateAndGet(143)) - 327657b1-60f8-49f2-b2a3-f63e1f934942: start FollowerState
2019-10-18 14:58:39,523 [Thread-2219] INFO  impl.FollowerState (FollowerState.java:run(108)) - 327657b1-60f8-49f2-b2a3-f63e1f934942@group-58A987F56150-FollowerState: change to CANDIDATE, lastRpcTime:93ms, electionTimeout:93ms
2019-10-18 14:58:39,523 [Thread-2219] INFO  impl.RoleInfo (RoleInfo.java:shutdownFollowerState(121)) - 327657b1-60f8-49f2-b2a3-f63e1f934942: shutdown FollowerState
2019-10-18 14:58:39,523 [Thread-2219] INFO  impl.RaftServerImpl (RaftServerImpl.java:setRole(184)) - 327657b1-60f8-49f2-b2a3-f63e1f934942@group-58A987F56150: changes role from  FOLLOWER to CANDIDATE at term 331 for changeToCandidate
2019-10-18 14:58:39,523 [Thread-2219] INFO  impl.RoleInfo (RoleInfo.java:updateAndGet(143)) - 327657b1-60f8-49f2-b2a3-f63e1f934942: start LeaderElection
2019-10-18 14:58:39,536 [327657b1-60f8-49f2-b2a3-f63e1f934942@group-58A987F56150-LeaderElection291] INFO  impl.LeaderElection (LeaderElection.java:askForVotes(178)) - 327657b1-60f8-49f2-b2a3-f63e1f934942@group-58A987F56150-LeaderElection291: begin an election at term 332 for -1: [6605b8a5-570b-4977-9ee7-6aaf3012bed5:192.168.164.233:35223, 327657b1-60f8-49f2-b2a3-f63e1f934942:192.168.164.233:41966, ddd4789c-894d-475a-bbfb-f6e7aa670c92:192.168.164.233:41061], old=null
2019-10-18 14:58:39,538 [grpc-default-executor-1] INFO  impl.RaftServerImpl (RaftServerImpl.java:setRole(184)) - 6605b8a5-570b-4977-9ee7-6aaf3012bed5@group-58A987F56150: changes role from  FOLLOWER to FOLLOWER at term 332 for recognizeCandidate:327657b1-60f8-49f2-b2a3-f63e1f934942
2019-10-18 14:58:39,538 [grpc-default-executor-1] INFO  impl.RoleInfo (RoleInfo.java:shutdownFollowerState(121)) - 6605b8a5-570b-4977-9ee7-6aaf3012bed5: shutdown FollowerState
2019-10-18 14:58:39,538 [grpc-default-executor-3] INFO  impl.RaftServerImpl (RaftServerImpl.java:setRole(184)) - ddd4789c-894d-475a-bbfb-f6e7aa670c92@group-58A987F56150: changes role from  FOLLOWER to FOLLOWER at term 332 for recognizeCandidate:327657b1-60f8-49f2-b2a3-f63e1f934942
2019-10-18 14:58:39,538 [grpc-default-executor-3] INFO  impl.RoleInfo (RoleInfo.java:shutdownFollowerState(121)) - ddd4789c-894d-475a-bbfb-f6e7aa670c92: shutdown FollowerState
2019-10-18 14:58:39,538 [grpc-default-executor-1] INFO  impl.RoleInfo (RoleInfo.java:updateAndGet(143)) - 6605b8a5-570b-4977-9ee7-6aaf3012bed5: start FollowerState
2019-10-18 14:58:39,538 [Thread-2218] INFO  impl.FollowerState (FollowerState.java:run(117)) - 6605b8a5-570b-4977-9ee7-6aaf3012bed5@group-58A987F56150-FollowerState was interrupted: java.lang.InterruptedException: sleep interrupted
2019-10-18 14:58:39,538 [grpc-default-executor-3] INFO  impl.RoleInfo (RoleInfo.java:updateAndGet(143)) - ddd4789c-894d-475a-bbfb-f6e7aa670c92: start FollowerState
2019-10-18 14:58:39,538 [Thread-2217] INFO  impl.FollowerState (FollowerState.java:run(117)) - ddd4789c-894d-475a-bbfb-f6e7aa670c92@group-58A987F56150-FollowerState was interrupted: java.lang.InterruptedException: sleep interrupted
2019-10-18 14:58:39,570 [327657b1-60f8-49f2-b2a3-f63e1f934942@group-58A987F56150-LeaderElection291] INFO  impl.LeaderElection (LeaderElection.java:logAndReturn(56)) - 327657b1-60f8-49f2-b2a3-f63e1f934942@group-58A987F56150-LeaderElection291: Election REJECTED; received 2 response(s) [327657b1-60f8-49f2-b2a3-f63e1f934942<-6605b8a5-570b-4977-9ee7-6aaf3012bed5#0:FAIL-t332, 327657b1-60f8-49f2-b2a3-f63e1f934942<-ddd4789c-894d-475a-bbfb-f6e7aa670c92#0:FAIL-t332] and 0 exception(s); 327657b1-60f8-49f2-b2a3-f63e1f934942@group-58A987F56150:t332, leader=null, voted=327657b1-60f8-49f2-b2a3-f63e1f934942, raftlog=327657b1-60f8-49f2-b2a3-f63e1f934942@group-58A987F56150-SegmentedRaftLog:OPENED:c-1,f-1,i0, conf=-1: [6605b8a5-570b-4977-9ee7-6aaf3012bed5:192.168.164.233:35223, 327657b1-60f8-49f2-b2a3-f63e1f934942:192.168.164.233:41966, ddd4789c-894d-475a-bbfb-f6e7aa670c92:192.168.164.233:41061], old=null
2019-10-18 14:58:39,570 [327657b1-60f8-49f2-b2a3-f63e1f934942@group-58A987F56150-LeaderElection291] INFO  impl.RaftServerImpl (RaftServerImpl.java:setRole(184)) - 327657b1-60f8-49f2-b2a3-f63e1f934942@group-58A987F56150: changes role from CANDIDATE to FOLLOWER at term 332 for DISCOVERED_A_NEW_TERM
2019-10-18 14:58:39,570 [327657b1-60f8-49f2-b2a3-f63e1f934942@group-58A987F56150-LeaderElection291] INFO  impl.RoleInfo (RoleInfo.java:shutdownLeaderElection(134)) - 327657b1-60f8-49f2-b2a3-f63e1f934942: shutdown LeaderElection
2019-10-18 14:58:39,570 [327657b1-60f8-49f2-b2a3-f63e1f934942@group-58A987F56150-LeaderElection291] INFO  impl.RoleInfo (RoleInfo.java:updateAndGet(143)) - 327657b1-60f8-49f2-b2a3-f63e1f934942: start FollowerState
2019-10-18 14:58:39,616 [Thread-2225] INFO  impl.FollowerState (FollowerState.java:run(108)) - 327657b1-60f8-49f2-b2a3-f63e1f934942@group-58A987F56150-FollowerState: change to CANDIDATE, lastRpcTime:45ms, electionTimeout:45ms
2019-10-18 14:58:39,616 [Thread-2225] INFO  impl.RoleInfo (RoleInfo.java:shutdownFollowerState(121)) - 327657b1-60f8-49f2-b2a3-f63e1f934942: shutdown FollowerState
2019-10-18 14:58:39,616 [Thread-2225] INFO  impl.RaftServerImpl (RaftServerImpl.java:setRole(184)) - 327657b1-60f8-49f2-b2a3-f63e1f934942@group-58A987F56150: changes role from  FOLLOWER to CANDIDATE at term 332 for changeToCandidate
2019-10-18 14:58:39,616 [Thread-2225] INFO  impl.RoleInfo (RoleInfo.java:updateAndGet(143)) - 327657b1-60f8-49f2-b2a3-f63e1f934942: start LeaderElection
2019-10-18 14:58:39,641 [327657b1-60f8-49f2-b2a3-f63e1f934942@group-58A987F56150-LeaderElection292] INFO  impl.LeaderElection (LeaderElection.java:askForVotes(178)) - 327657b1-60f8-49f2-b2a3-f63e1f934942@group-58A987F56150-LeaderElection292: begin an election at term 333 for -1: [6605b8a5-570b-4977-9ee7-6aaf3012bed5:192.168.164.233:35223, 327657b1-60f8-49f2-b2a3-f63e1f934942:192.168.164.233:41966, ddd4789c-894d-475a-bbfb-f6e7aa670c92:192.168.164.233:41061], old=null
2019-10-18 14:58:39,643 [grpc-default-executor-1] INFO  impl.RaftServerImpl (RaftServerImpl.java:setRole(184)) - 6605b8a5-570b-4977-9ee7-6aaf3012bed5@group-58A987F56150: changes role from  FOLLOWER to FOLLOWER at term 333 for recognizeCandidate:327657b1-60f8-49f2-b2a3-f63e1f934942
2019-10-18 14:58:39,643 [grpc-default-executor-1] INFO  impl.RoleInfo (RoleInfo.java:shutdownFollowerState(121)) - 6605b8a5-570b-4977-9ee7-6aaf3012bed5: shutdown FollowerState
2019-10-18 14:58:39,643 [grpc-default-executor-3] INFO  impl.RaftServerImpl (RaftServerImpl.java:setRole(184)) - ddd4789c-894d-475a-bbfb-f6e7aa670c92@group-58A987F56150: changes role from  FOLLOWER to FOLLOWER at term 333 for recognizeCandidate:327657b1-60f8-49f2-b2a3-f63e1f934942
2019-10-18 14:58:39,644 [Thread-2223] INFO  impl.FollowerState (FollowerState.java:run(117)) - 6605b8a5-570b-4977-9ee7-6aaf3012bed5@group-58A987F56150-FollowerState was interrupted: java.lang.InterruptedException: sleep interrupted
2019-10-18 14:58:39,643 [grpc-default-executor-1] INFO  impl.RoleInfo (RoleInfo.java:updateAndGet(143)) - 6605b8a5-570b-4977-9ee7-6aaf3012bed5: start FollowerState
2019-10-18 14:58:39,644 [grpc-default-executor-3] INFO  impl.RoleInfo (RoleInfo.java:shutdownFollowerState(121)) - ddd4789c-894d-475a-bbfb-f6e7aa670c92: shutdown FollowerState
2019-10-18 14:58:39,644 [grpc-default-executor-3] INFO  impl.RoleInfo (RoleInfo.java:updateAndGet(143)) - ddd4789c-894d-475a-bbfb-f6e7aa670c92: start FollowerState
2019-10-18 14:58:39,644 [Thread-2224] INFO  impl.FollowerState (FollowerState.java:run(117)) - ddd4789c-894d-475a-bbfb-f6e7aa670c92@group-58A987F56150-FollowerState was interrupted: java.lang.InterruptedException: sleep interrupted
2019-10-18 14:58:39,670 [327657b1-60f8-49f2-b2a3-f63e1f934942@group-58A987F56150-LeaderElection292] INFO  impl.LeaderElection (LeaderElection.java:logAndReturn(56)) - 327657b1-60f8-49f2-b2a3-f63e1f934942@group-58A987F56150-LeaderElection292: Election REJECTED; received 2 response(s) [327657b1-60f8-49f2-b2a3-f63e1f934942<-6605b8a5-570b-4977-9ee7-6aaf3012bed5#0:FAIL-t333, 327657b1-60f8-49f2-b2a3-f63e1f934942<-ddd4789c-894d-475a-bbfb-f6e7aa670c92#0:FAIL-t333] and 0 exception(s); 327657b1-60f8-49f2-b2a3-f63e1f934942@group-58A987F56150:t333, leader=null, voted=327657b1-60f8-49f2-b2a3-f63e1f934942, raftlog=327657b1-60f8-49f2-b2a3-f63e1f934942@group-58A987F56150-SegmentedRaftLog:OPENED:c-1,f-1,i0, conf=-1: [6605b8a5-570b-4977-9ee7-6aaf3012bed5:192.168.164.233:35223, 327657b1-60f8-49f2-b2a3-f63e1f934942:192.168.164.233:41966, ddd4789c-894d-475a-bbfb-f6e7aa670c92:192.168.164.233:41061], old=null
2019-10-18 14:58:39,670 [327657b1-60f8-49f2-b2a3-f63e1f934942@group-58A987F56150-LeaderElection292] INFO  impl.RaftServerImpl (RaftServerImpl.java:setRole(184)) - 327657b1-60f8-49f2-b2a3-f63e1f934942@group-58A987F56150: changes role from CANDIDATE to FOLLOWER at term 333 for DISCOVERED_A_NEW_TERM
2019-10-18 14:58:39,670 [327657b1-60f8-49f2-b2a3-f63e1f934942@group-58A987F56150-LeaderElection292] INFO  impl.RoleInfo (RoleInfo.java:shutdownLeaderElection(134)) - 327657b1-60f8-49f2-b2a3-f63e1f934942: shutdown LeaderElection
2019-10-18 14:58:39,670 [327657b1-60f8-49f2-b2a3-f63e1f934942@group-58A987F56150-LeaderElection292] INFO  impl.RoleInfo (RoleInfo.java:updateAndGet(143)) - 327657b1-60f8-49f2-b2a3-f63e1f934942: start FollowerState
2019-10-18 14:58:39,719 [Thread-2231] INFO  impl.FollowerState (FollowerState.java:run(108)) - 327657b1-60f8-49f2-b2a3-f63e1f934942@group-58A987F56150-FollowerState: change to CANDIDATE, lastRpcTime:48ms, electionTimeout:48ms
2019-10-18 14:58:39,719 [Thread-2231] INFO  impl.RoleInfo (RoleInfo.java:shutdownFollowerState(121)) - 327657b1-60f8-49f2-b2a3-f63e1f934942: shutdown FollowerState
2019-10-18 14:58:39,719 [Thread-2231] INFO  impl.RaftServerImpl (RaftServerImpl.java:setRole(184)) - 327657b1-60f8-49f2-b2a3-f63e1f934942@group-58A987F56150: changes role from  FOLLOWER to CANDIDATE at term 333 for changeToCandidate
2019-10-18 14:58:39,719 [Thread-2231] INFO  impl.RoleInfo (RoleInfo.java:updateAndGet(143)) - 327657b1-60f8-49f2-b2a3-f63e1f934942: start LeaderElection
2019-10-18 14:58:39,732 [327657b1-60f8-49f2-b2a3-f63e1f934942@group-58A987F56150-LeaderElection293] INFO  impl.LeaderElection (LeaderElection.java:askForVotes(178)) - 327657b1-60f8-49f2-b2a3-f63e1f934942@group-58A987F56150-LeaderElection293: begin an election at term 334 for -1: [6605b8a5-570b-4977-9ee7-6aaf3012bed5:192.168.164.233:35223, 327657b1-60f8-49f2-b2a3-f63e1f934942:192.168.164.233:41966, ddd4789c-894d-475a-bbfb-f6e7aa670c92:192.168.164.233:41061], old=null
2019-10-18 14:58:39,734 [grpc-default-executor-1] INFO  impl.RaftServerImpl (RaftServerImpl.java:setRole(184)) - 6605b8a5-570b-4977-9ee7-6aaf3012bed5@group-58A987F56150: changes role from  FOLLOWER to FOLLOWER at term 334 for recognizeCandidate:327657b1-60f8-49f2-b2a3-f63e1f934942
2019-10-18 14:58:39,734 [grpc-default-executor-1] INFO  impl.RoleInfo (RoleInfo.java:shutdownFollowerState(121)) - 6605b8a5-570b-4977-9ee7-6aaf3012bed5: shutdown FollowerState
2019-10-18 14:58:39,734 [grpc-default-executor-3] INFO  impl.RaftServerImpl (RaftServerImpl.java:setRole(184)) - ddd4789c-894d-475a-bbfb-f6e7aa670c92@group-58A987F56150: changes role from  FOLLOWER to FOLLOWER at term 334 for recognizeCandidate:327657b1-60f8-49f2-b2a3-f63e1f934942
2019-10-18 14:58:39,734 [grpc-default-executor-3] INFO  impl.RoleInfo (RoleInfo.java:shutdownFollowerState(121)) - ddd4789c-894d-475a-bbfb-f6e7aa670c92: shutdown FollowerState
2019-10-18 14:58:39,734 [Thread-2229] INFO  impl.FollowerState (FollowerState.java:run(117)) - 6605b8a5-570b-4977-9ee7-6aaf3012bed5@group-58A987F56150-FollowerState was interrupted: java.lang.InterruptedException: sleep interrupted
2019-10-18 14:58:39,734 [grpc-default-executor-1] INFO  impl.RoleInfo (RoleInfo.java:updateAndGet(143)) - 6605b8a5-570b-4977-9ee7-6aaf3012bed5: start FollowerState
2019-10-18 14:58:39,735 [Thread-2230] INFO  impl.FollowerState (FollowerState.java:run(117)) - ddd4789c-894d-475a-bbfb-f6e7aa670c92@group-58A987F56150-FollowerState was interrupted: java.lang.InterruptedException: sleep interrupted
2019-10-18 14:58:39,735 [grpc-default-executor-3] INFO  impl.RoleInfo (RoleInfo.java:updateAndGet(143)) - ddd4789c-894d-475a-bbfb-f6e7aa670c92: start FollowerState
2019-10-18 14:58:39,749 [327657b1-60f8-49f2-b2a3-f63e1f934942@group-58A987F56150-LeaderElection293] INFO  impl.LeaderElection (LeaderElection.java:logAndReturn(56)) - 327657b1-60f8-49f2-b2a3-f63e1f934942@group-58A987F56150-LeaderElection293: Election REJECTED; received 2 response(s) [327657b1-60f8-49f2-b2a3-f63e1f934942<-6605b8a5-570b-4977-9ee7-6aaf3012bed5#0:FAIL-t334, 327657b1-60f8-49f2-b2a3-f63e1f934942<-ddd4789c-894d-475a-bbfb-f6e7aa670c92#0:FAIL-t334] and 0 exception(s); 327657b1-60f8-49f2-b2a3-f63e1f934942@group-58A987F56150:t334, leader=null, voted=327657b1-60f8-49f2-b2a3-f63e1f934942, raftlog=327657b1-60f8-49f2-b2a3-f63e1f934942@group-58A987F56150-SegmentedRaftLog:OPENED:c-1,f-1,i0, conf=-1: [6605b8a5-570b-4977-9ee7-6aaf3012bed5:192.168.164.233:35223, 327657b1-60f8-49f2-b2a3-f63e1f934942:192.168.164.233:41966, ddd4789c-894d-475a-bbfb-f6e7aa670c92:192.168.164.233:41061], old=null
2019-10-18 14:58:39,749 [327657b1-60f8-49f2-b2a3-f63e1f934942@group-58A987F56150-LeaderElection293] INFO  impl.RaftServerImpl (RaftServerImpl.java:setRole(184)) - 327657b1-60f8-49f2-b2a3-f63e1f934942@group-58A987F56150: changes role from CANDIDATE to FOLLOWER at term 334 for DISCOVERED_A_NEW_TERM
2019-10-18 14:58:39,750 [327657b1-60f8-49f2-b2a3-f63e1f934942@group-58A987F56150-LeaderElection293] INFO  impl.RoleInfo (RoleInfo.java:shutdownLeaderElection(134)) - 327657b1-60f8-49f2-b2a3-f63e1f934942: shutdown LeaderElection
2019-10-18 14:58:39,750 [327657b1-60f8-49f2-b2a3-f63e1f934942@group-58A987F56150-LeaderElection293] INFO  impl.RoleInfo (RoleInfo.java:updateAndGet(143)) - 327657b1-60f8-49f2-b2a3-f63e1f934942: start FollowerState
2019-10-18 14:58:39,803 [Thread-2237] INFO  impl.FollowerState (FollowerState.java:run(108)) - 327657b1-60f8-49f2-b2a3-f63e1f934942@group-58A987F56150-FollowerState: change to CANDIDATE, lastRpcTime:53ms, electionTimeout:53ms
2019-10-18 14:58:39,803 [Thread-2237] INFO  impl.RoleInfo (RoleInfo.java:shutdownFollowerState(121)) - 327657b1-60f8-49f2-b2a3-f63e1f934942: shutdown FollowerState
2019-10-18 14:58:39,803 [Thread-2237] INFO  impl.RaftServerImpl (RaftServerImpl.java:setRole(184)) - 327657b1-60f8-49f2-b2a3-f63e1f934942@group-58A987F56150: changes role from  FOLLOWER to CANDIDATE at term 334 for changeToCandidate
2019-10-18 14:58:39,804 [Thread-2237] INFO  impl.RoleInfo (RoleInfo.java:updateAndGet(143)) - 327657b1-60f8-49f2-b2a3-f63e1f934942: start LeaderElection
2019-10-18 14:58:39,840 [327657b1-60f8-49f2-b2a3-f63e1f934942@group-58A987F56150-LeaderElection294] INFO  impl.LeaderElection (LeaderElection.java:askForVotes(178)) - 327657b1-60f8-49f2-b2a3-f63e1f934942@group-58A987F56150-LeaderElection294: begin an election at term 335 for -1: [6605b8a5-570b-4977-9ee7-6aaf3012bed5:192.168.164.233:35223, 327657b1-60f8-49f2-b2a3-f63e1f934942:192.168.164.233:41966, ddd4789c-894d-475a-bbfb-f6e7aa670c92:192.168.164.233:41061], old=null
2019-10-18 14:58:39,842 [grpc-default-executor-1] INFO  impl.RaftServerImpl (RaftServerImpl.java:setRole(184)) - 6605b8a5-570b-4977-9ee7-6aaf3012bed5@group-58A987F56150: changes role from  FOLLOWER to FOLLOWER at term 335 for recognizeCandidate:327657b1-60f8-49f2-b2a3-f63e1f934942
2019-10-18 14:58:39,843 [grpc-default-executor-1] INFO  impl.RoleInfo (RoleInfo.java:shutdownFollowerState(121)) - 6605b8a5-570b-4977-9ee7-6aaf3012bed5: shutdown FollowerState
2019-10-18 14:58:39,842 [grpc-default-executor-3] INFO  impl.RaftServerImpl (RaftServerImpl.java:setRole(184)) - ddd4789c-894d-475a-bbfb-f6e7aa670c92@group-58A987F56150: changes role from  FOLLOWER to FOLLOWER at term 335 for recognizeCandidate:327657b1-60f8-49f2-b2a3-f63e1f934942
2019-10-18 14:58:39,843 [Thread-2235] INFO  impl.FollowerState (FollowerState.java:run(117)) - 6605b8a5-570b-4977-9ee7-6aaf3012bed5@group-58A987F56150-FollowerState was interrupted: java.lang.InterruptedException: sleep interrupted
2019-10-18 14:58:39,843 [grpc-default-executor-1] INFO  impl.RoleInfo (RoleInfo.java:updateAndGet(143)) - 6605b8a5-570b-4977-9ee7-6aaf3012bed5: start FollowerState
2019-10-18 14:58:39,843 [grpc-default-executor-3] INFO  impl.RoleInfo (RoleInfo.java:shutdownFollowerState(121)) - ddd4789c-894d-475a-bbfb-f6e7aa670c92: shutdown FollowerState
2019-10-18 14:58:39,844 [grpc-default-executor-3] INFO  impl.RoleInfo (RoleInfo.java:updateAndGet(143)) - ddd4789c-894d-475a-bbfb-f6e7aa670c92: start FollowerState
2019-10-18 14:58:39,844 [Thread-2236] INFO  impl.FollowerState (FollowerState.java:run(117)) - ddd4789c-894d-475a-bbfb-f6e7aa670c92@group-58A987F56150-FollowerState was interrupted: java.lang.InterruptedException: sleep interrupted
2019-10-18 14:58:39,874 [327657b1-60f8-49f2-b2a3-f63e1f934942@group-58A987F56150-LeaderElection294] INFO  impl.LeaderElection (LeaderElection.java:logAndReturn(56)) - 327657b1-60f8-49f2-b2a3-f63e1f934942@group-58A987F56150-LeaderElection294: Election REJECTED; received 2 response(s) [327657b1-60f8-49f2-b2a3-f63e1f934942<-6605b8a5-570b-4977-9ee7-6aaf3012bed5#0:FAIL-t335, 327657b1-60f8-49f2-b2a3-f63e1f934942<-ddd4789c-894d-475a-bbfb-f6e7aa670c92#0:FAIL-t335] and 0 exception(s); 327657b1-60f8-49f2-b2a3-f63e1f934942@group-58A987F56150:t335, leader=null, voted=327657b1-60f8-49f2-b2a3-f63e1f934942, raftlog=327657b1-60f8-49f2-b2a3-f63e1f934942@group-58A987F56150-SegmentedRaftLog:OPENED:c-1,f-1,i0, conf=-1: [6605b8a5-570b-4977-9ee7-6aaf3012bed5:192.168.164.233:35223, 327657b1-60f8-49f2-b2a3-f63e1f934942:192.168.164.233:41966, ddd4789c-894d-475a-bbfb-f6e7aa670c92:192.168.164.233:41061], old=null
2019-10-18 14:58:39,875 [327657b1-60f8-49f2-b2a3-f63e1f934942@group-58A987F56150-LeaderElection294] INFO  impl.RaftServerImpl (RaftServerImpl.java:setRole(184)) - 327657b1-60f8-49f2-b2a3-f63e1f934942@group-58A987F56150: changes role from CANDIDATE to FOLLOWER at term 335 for DISCOVERED_A_NEW_TERM
2019-10-18 14:58:39,875 [327657b1-60f8-49f2-b2a3-f63e1f934942@group-58A987F56150-LeaderElection294] INFO  impl.RoleInfo (RoleInfo.java:shutdownLeaderElection(134)) - 327657b1-60f8-49f2-b2a3-f63e1f934942: shutdown LeaderElection
2019-10-18 14:58:39,875 [327657b1-60f8-49f2-b2a3-f63e1f934942@group-58A987F56150-LeaderElection294] INFO  impl.RoleInfo (RoleInfo.java:updateAndGet(143)) - 327657b1-60f8-49f2-b2a3-f63e1f934942: start FollowerState
2019-10-18 14:58:40,011 [Thread-2243] INFO  impl.FollowerState (FollowerState.java:run(108)) - 327657b1-60f8-49f2-b2a3-f63e1f934942@group-58A987F56150-FollowerState: change to CANDIDATE, lastRpcTime:135ms, electionTimeout:135ms
2019-10-18 14:58:40,011 [Thread-2243] INFO  impl.RoleInfo (RoleInfo.java:shutdownFollowerState(121)) - 327657b1-60f8-49f2-b2a3-f63e1f934942: shutdown FollowerState
2019-10-18 14:58:40,011 [Thread-2243] INFO  impl.RaftServerImpl (RaftServerImpl.java:setRole(184)) - 327657b1-60f8-49f2-b2a3-f63e1f934942@group-58A987F56150: changes role from  FOLLOWER to CANDIDATE at term 335 for changeToCandidate
2019-10-18 14:58:40,011 [Thread-2243] INFO  impl.RoleInfo (RoleInfo.java:updateAndGet(143)) - 327657b1-60f8-49f2-b2a3-f63e1f934942: start LeaderElection
2019-10-18 14:58:40,026 [327657b1-60f8-49f2-b2a3-f63e1f934942@group-58A987F56150-LeaderElection295] INFO  impl.LeaderElection (LeaderElection.java:askForVotes(178)) - 327657b1-60f8-49f2-b2a3-f63e1f934942@group-58A987F56150-LeaderElection295: begin an election at term 336 for -1: [6605b8a5-570b-4977-9ee7-6aaf3012bed5:192.168.164.233:35223, 327657b1-60f8-49f2-b2a3-f63e1f934942:192.168.164.233:41966, ddd4789c-894d-475a-bbfb-f6e7aa670c92:192.168.164.233:41061], old=null
2019-10-18 14:58:40,029 [grpc-default-executor-3] INFO  impl.RaftServerImpl (RaftServerImpl.java:setRole(184)) - ddd4789c-894d-475a-bbfb-f6e7aa670c92@group-58A987F56150: changes role from  FOLLOWER to FOLLOWER at term 336 for recognizeCandidate:327657b1-60f8-49f2-b2a3-f63e1f934942
2019-10-18 14:58:40,029 [grpc-default-executor-1] INFO  impl.RaftServerImpl (RaftServerImpl.java:setRole(184)) - 6605b8a5-570b-4977-9ee7-6aaf3012bed5@group-58A987F56150: changes role from  FOLLOWER to FOLLOWER at term 336 for recognizeCandidate:327657b1-60f8-49f2-b2a3-f63e1f934942
2019-10-18 14:58:40,030 [grpc-default-executor-3] INFO  impl.RoleInfo (RoleInfo.java:shutdownFollowerState(121)) - ddd4789c-894d-475a-bbfb-f6e7aa670c92: shutdown FollowerState
2019-10-18 14:58:40,030 [grpc-default-executor-1] INFO  impl.RoleInfo (RoleInfo.java:shutdownFollowerState(121)) - 6605b8a5-570b-4977-9ee7-6aaf3012bed5: shutdown FollowerState
2019-10-18 14:58:40,030 [grpc-default-executor-3] INFO  impl.RoleInfo (RoleInfo.java:updateAndGet(143)) - ddd4789c-894d-475a-bbfb-f6e7aa670c92: start FollowerState
2019-10-18 14:58:40,030 [Thread-2242] INFO  impl.FollowerState (FollowerState.java:run(117)) - ddd4789c-894d-475a-bbfb-f6e7aa670c92@group-58A987F56150-FollowerState was interrupted: java.lang.InterruptedException: sleep interrupted
2019-10-18 14:58:40,030 [Thread-2241] INFO  impl.FollowerState (FollowerState.java:run(117)) - 6605b8a5-570b-4977-9ee7-6aaf3012bed5@group-58A987F56150-FollowerState was interrupted: java.lang.InterruptedException: sleep interrupted
2019-10-18 14:58:40,030 [grpc-default-executor-1] INFO  impl.RoleInfo (RoleInfo.java:updateAndGet(143)) - 6605b8a5-570b-4977-9ee7-6aaf3012bed5: start FollowerState
2019-10-18 14:58:40,038 [327657b1-60f8-49f2-b2a3-f63e1f934942@group-58A987F56150-LeaderElection295] INFO  impl.LeaderElection (LeaderElection.java:logAndReturn(56)) - 327657b1-60f8-49f2-b2a3-f63e1f934942@group-58A987F56150-LeaderElection295: Election TIMEOUT; received 0 response(s) [] and 0 exception(s); 327657b1-60f8-49f2-b2a3-f63e1f934942@group-58A987F56150:t336, leader=null, voted=327657b1-60f8-49f2-b2a3-f63e1f934942, raftlog=327657b1-60f8-49f2-b2a3-f63e1f934942@group-58A987F56150-SegmentedRaftLog:OPENED:c-1,f-1,i0, conf=-1: [6605b8a5-570b-4977-9ee7-6aaf3012bed5:192.168.164.233:35223, 327657b1-60f8-49f2-b2a3-f63e1f934942:192.168.164.233:41966, ddd4789c-894d-475a-bbfb-f6e7aa670c92:192.168.164.233:41061], old=null
2019-10-18 14:58:40,056 [327657b1-60f8-49f2-b2a3-f63e1f934942@group-58A987F56150-LeaderElection295] INFO  impl.LeaderElection (LeaderElection.java:askForVotes(178)) - 327657b1-60f8-49f2-b2a3-f63e1f934942@group-58A987F56150-LeaderElection295: begin an election at term 337 for -1: [6605b8a5-570b-4977-9ee7-6aaf3012bed5:192.168.164.233:35223, 327657b1-60f8-49f2-b2a3-f63e1f934942:192.168.164.233:41966, ddd4789c-894d-475a-bbfb-f6e7aa670c92:192.168.164.233:41061], old=null
2019-10-18 14:58:40,057 [grpc-default-executor-3] INFO  impl.RaftServerImpl (RaftServerImpl.java:setRole(184)) - 6605b8a5-570b-4977-9ee7-6aaf3012bed5@group-58A987F56150: changes role from  FOLLOWER to FOLLOWER at term 337 for recognizeCandidate:327657b1-60f8-49f2-b2a3-f63e1f934942
2019-10-18 14:58:40,057 [grpc-default-executor-3] INFO  impl.RoleInfo (RoleInfo.java:shutdownFollowerState(121)) - 6605b8a5-570b-4977-9ee7-6aaf3012bed5: shutdown FollowerState
2019-10-18 14:58:40,058 [grpc-default-executor-1] INFO  impl.RaftServerImpl (RaftServerImpl.java:setRole(184)) - ddd4789c-894d-475a-bbfb-f6e7aa670c92@group-58A987F56150: changes role from  FOLLOWER to FOLLOWER at term 337 for recognizeCandidate:327657b1-60f8-49f2-b2a3-f63e1f934942
2019-10-18 14:58:40,058 [Thread-2248] INFO  impl.FollowerState (FollowerState.java:run(117)) - 6605b8a5-570b-4977-9ee7-6aaf3012bed5@group-58A987F56150-FollowerState was interrupted: java.lang.InterruptedException: sleep interrupted
2019-10-18 14:58:40,058 [grpc-default-executor-3] INFO  impl.RoleInfo (RoleInfo.java:updateAndGet(143)) - 6605b8a5-570b-4977-9ee7-6aaf3012bed5: start FollowerState
2019-10-18 14:58:40,058 [grpc-default-executor-1] INFO  impl.RoleInfo (RoleInfo.java:shutdownFollowerState(121)) - ddd4789c-894d-475a-bbfb-f6e7aa670c92: shutdown FollowerState
2019-10-18 14:58:40,058 [grpc-default-executor-1] INFO  impl.RoleInfo (RoleInfo.java:updateAndGet(143)) - ddd4789c-894d-475a-bbfb-f6e7aa670c92: start FollowerState
2019-10-18 14:58:40,058 [Thread-2247] INFO  impl.FollowerState (FollowerState.java:run(117)) - ddd4789c-894d-475a-bbfb-f6e7aa670c92@group-58A987F56150-FollowerState was interrupted: java.lang.InterruptedException: sleep interrupted
2019-10-18 14:58:40,086 [327657b1-60f8-49f2-b2a3-f63e1f934942@group-58A987F56150-LeaderElection295] INFO  impl.LeaderElection (LeaderElection.java:logAndReturn(56)) - 327657b1-60f8-49f2-b2a3-f63e1f934942@group-58A987F56150-LeaderElection295: Election REJECTED; received 2 response(s) [327657b1-60f8-49f2-b2a3-f63e1f934942<-6605b8a5-570b-4977-9ee7-6aaf3012bed5#0:FAIL-t337, 327657b1-60f8-49f2-b2a3-f63e1f934942<-ddd4789c-894d-475a-bbfb-f6e7aa670c92#0:FAIL-t337] and 0 exception(s); 327657b1-60f8-49f2-b2a3-f63e1f934942@group-58A987F56150:t337, leader=null, voted=327657b1-60f8-49f2-b2a3-f63e1f934942, raftlog=327657b1-60f8-49f2-b2a3-f63e1f934942@group-58A987F56150-SegmentedRaftLog:OPENED:c-1,f-1,i0, conf=-1: [6605b8a5-570b-4977-9ee7-6aaf3012bed5:192.168.164.233:35223, 327657b1-60f8-49f2-b2a3-f63e1f934942:192.168.164.233:41966, ddd4789c-894d-475a-bbfb-f6e7aa670c92:192.168.164.233:41061], old=null
2019-10-18 14:58:40,086 [327657b1-60f8-49f2-b2a3-f63e1f934942@group-58A987F56150-LeaderElection295] INFO  impl.RaftServerImpl (RaftServerImpl.java:setRole(184)) - 327657b1-60f8-49f2-b2a3-f63e1f934942@group-58A987F56150: changes role from CANDIDATE to FOLLOWER at term 337 for DISCOVERED_A_NEW_TERM
2019-10-18 14:58:40,086 [327657b1-60f8-49f2-b2a3-f63e1f934942@group-58A987F56150-LeaderElection295] INFO  impl.RoleInfo (RoleInfo.java:shutdownLeaderElection(134)) - 327657b1-60f8-49f2-b2a3-f63e1f934942: shutdown LeaderElection
2019-10-18 14:58:40,086 [327657b1-60f8-49f2-b2a3-f63e1f934942@group-58A987F56150-LeaderElection295] INFO  impl.RoleInfo (RoleInfo.java:updateAndGet(143)) - 327657b1-60f8-49f2-b2a3-f63e1f934942: start FollowerState
2019-10-18 14:58:40,089 [Thread-2253] INFO  impl.FollowerState (FollowerState.java:run(108)) - 327657b1-60f8-49f2-b2a3-f63e1f934942@group-58A987F56150-FollowerState: change to CANDIDATE, lastRpcTime:2ms, electionTimeout:2ms
2019-10-18 14:58:40,089 [Thread-2253] INFO  impl.RoleInfo (RoleInfo.java:shutdownFollowerState(121)) - 327657b1-60f8-49f2-b2a3-f63e1f934942: shutdown FollowerState
2019-10-18 14:58:40,089 [Thread-2253] INFO  impl.RaftServerImpl (RaftServerImpl.java:setRole(184)) - 327657b1-60f8-49f2-b2a3-f63e1f934942@group-58A987F56150: changes role from  FOLLOWER to CANDIDATE at term 337 for changeToCandidate
2019-10-18 14:58:40,089 [Thread-2253] INFO  impl.RoleInfo (RoleInfo.java:updateAndGet(143)) - 327657b1-60f8-49f2-b2a3-f63e1f934942: start LeaderElection
2019-10-18 14:58:40,100 [327657b1-60f8-49f2-b2a3-f63e1f934942@group-58A987F56150-LeaderElection296] INFO  impl.LeaderElection (LeaderElection.java:askForVotes(178)) - 327657b1-60f8-49f2-b2a3-f63e1f934942@group-58A987F56150-LeaderElection296: begin an election at term 338 for -1: [6605b8a5-570b-4977-9ee7-6aaf3012bed5:192.168.164.233:35223, 327657b1-60f8-49f2-b2a3-f63e1f934942:192.168.164.233:41966, ddd4789c-894d-475a-bbfb-f6e7aa670c92:192.168.164.233:41061], old=null
2019-10-18 14:58:40,101 [grpc-default-executor-3] INFO  impl.RaftServerImpl (RaftServerImpl.java:setRole(184)) - ddd4789c-894d-475a-bbfb-f6e7aa670c92@group-58A987F56150: changes role from  FOLLOWER to FOLLOWER at term 338 for recognizeCandidate:327657b1-60f8-49f2-b2a3-f63e1f934942
2019-10-18 14:58:40,101 [grpc-default-executor-3] INFO  impl.RoleInfo (RoleInfo.java:shutdownFollowerState(121)) - ddd4789c-894d-475a-bbfb-f6e7aa670c92: shutdown FollowerState
2019-10-18 14:58:40,101 [grpc-default-executor-1] INFO  impl.RaftServerImpl (RaftServerImpl.java:setRole(184)) - 6605b8a5-570b-4977-9ee7-6aaf3012bed5@group-58A987F56150: changes role from  FOLLOWER to FOLLOWER at term 338 for recognizeCandidate:327657b1-60f8-49f2-b2a3-f63e1f934942
2019-10-18 14:58:40,101 [Thread-2252] INFO  impl.FollowerState (FollowerState.java:run(117)) - ddd4789c-894d-475a-bbfb-f6e7aa670c92@group-58A987F56150-FollowerState was interrupted: java.lang.InterruptedException: sleep interrupted
2019-10-18 14:58:40,101 [grpc-default-executor-3] INFO  impl.RoleInfo (RoleInfo.java:updateAndGet(143)) - ddd4789c-894d-475a-bbfb-f6e7aa670c92: start FollowerState
2019-10-18 14:58:40,102 [grpc-default-executor-1] INFO  impl.RoleInfo (RoleInfo.java:shutdownFollowerState(121)) - 6605b8a5-570b-4977-9ee7-6aaf3012bed5: shutdown FollowerState
2019-10-18 14:58:40,102 [grpc-default-executor-1] INFO  impl.RoleInfo (RoleInfo.java:updateAndGet(143)) - 6605b8a5-570b-4977-9ee7-6aaf3012bed5: start FollowerState
2019-10-18 14:58:40,102 [Thread-2251] INFO  impl.FollowerState (FollowerState.java:run(117)) - 6605b8a5-570b-4977-9ee7-6aaf3012bed5@group-58A987F56150-FollowerState was interrupted: java.lang.InterruptedException: sleep interrupted
2019-10-18 14:58:40,128 [327657b1-60f8-49f2-b2a3-f63e1f934942@group-58A987F56150-LeaderElection296] INFO  impl.LeaderElection (LeaderElection.java:logAndReturn(56)) - 327657b1-60f8-49f2-b2a3-f63e1f934942@group-58A987F56150-LeaderElection296: Election REJECTED; received 2 response(s) [327657b1-60f8-49f2-b2a3-f63e1f934942<-6605b8a5-570b-4977-9ee7-6aaf3012bed5#0:FAIL-t338, 327657b1-60f8-49f2-b2a3-f63e1f934942<-ddd4789c-894d-475a-bbfb-f6e7aa670c92#0:FAIL-t338] and 0 exception(s); 327657b1-60f8-49f2-b2a3-f63e1f934942@group-58A987F56150:t338, leader=null, voted=327657b1-60f8-49f2-b2a3-f63e1f934942, raftlog=327657b1-60f8-49f2-b2a3-f63e1f934942@group-58A987F56150-SegmentedRaftLog:OPENED:c-1,f-1,i0, conf=-1: [6605b8a5-570b-4977-9ee7-6aaf3012bed5:192.168.164.233:35223, 327657b1-60f8-49f2-b2a3-f63e1f934942:192.168.164.233:41966, ddd4789c-894d-475a-bbfb-f6e7aa670c92:192.168.164.233:41061], old=null
2019-10-18 14:58:40,128 [327657b1-60f8-49f2-b2a3-f63e1f934942@group-58A987F56150-LeaderElection296] INFO  impl.RaftServerImpl (RaftServerImpl.java:setRole(184)) - 327657b1-60f8-49f2-b2a3-f63e1f934942@group-58A987F56150: changes role from CANDIDATE to FOLLOWER at term 338 for DISCOVERED_A_NEW_TERM
2019-10-18 14:58:40,128 [327657b1-60f8-49f2-b2a3-f63e1f934942@group-58A987F56150-LeaderElection296] INFO  impl.RoleInfo (RoleInfo.java:shutdownLeaderElection(134)) - 327657b1-60f8-49f2-b2a3-f63e1f934942: shutdown LeaderElection
2019-10-18 14:58:40,128 [327657b1-60f8-49f2-b2a3-f63e1f934942@group-58A987F56150-LeaderElection296] INFO  impl.RoleInfo (RoleInfo.java:updateAndGet(143)) - 327657b1-60f8-49f2-b2a3-f63e1f934942: start FollowerState
2019-10-18 14:58:40,170 [Thread-2261] INFO  impl.FollowerState (FollowerState.java:run(108)) - 327657b1-60f8-49f2-b2a3-f63e1f934942@group-58A987F56150-FollowerState: change to CANDIDATE, lastRpcTime:42ms, electionTimeout:37ms
2019-10-18 14:58:40,170 [Thread-2261] INFO  impl.RoleInfo (RoleInfo.java:shutdownFollowerState(121)) - 327657b1-60f8-49f2-b2a3-f63e1f934942: shutdown FollowerState
2019-10-18 14:58:40,171 [Thread-2261] INFO  impl.RaftServerImpl (RaftServerImpl.java:setRole(184)) - 327657b1-60f8-49f2-b2a3-f63e1f934942@group-58A987F56150: changes role from  FOLLOWER to CANDIDATE at term 338 for changeToCandidate
2019-10-18 14:58:40,171 [Thread-2261] INFO  impl.RoleInfo (RoleInfo.java:updateAndGet(143)) - 327657b1-60f8-49f2-b2a3-f63e1f934942: start LeaderElection
2019-10-18 14:58:40,196 [327657b1-60f8-49f2-b2a3-f63e1f934942@group-58A987F56150-LeaderElection297] INFO  impl.LeaderElection (LeaderElection.java:askForVotes(178)) - 327657b1-60f8-49f2-b2a3-f63e1f934942@group-58A987F56150-LeaderElection297: begin an election at term 339 for -1: [6605b8a5-570b-4977-9ee7-6aaf3012bed5:192.168.164.233:35223, 327657b1-60f8-49f2-b2a3-f63e1f934942:192.168.164.233:41966, ddd4789c-894d-475a-bbfb-f6e7aa670c92:192.168.164.233:41061], old=null
2019-10-18 14:58:40,198 [grpc-default-executor-3] INFO  impl.RaftServerImpl (RaftServerImpl.java:setRole(184)) - 6605b8a5-570b-4977-9ee7-6aaf3012bed5@group-58A987F56150: changes role from  FOLLOWER to FOLLOWER at term 339 for recognizeCandidate:327657b1-60f8-49f2-b2a3-f63e1f934942
2019-10-18 14:58:40,198 [grpc-default-executor-1] INFO  impl.RaftServerImpl (RaftServerImpl.java:setRole(184)) - ddd4789c-894d-475a-bbfb-f6e7aa670c92@group-58A987F56150: changes role from  FOLLOWER to FOLLOWER at term 339 for recognizeCandidate:327657b1-60f8-49f2-b2a3-f63e1f934942
2019-10-18 14:58:40,199 [grpc-default-executor-3] INFO  impl.RoleInfo (RoleInfo.java:shutdownFollowerState(121)) - 6605b8a5-570b-4977-9ee7-6aaf3012bed5: shutdown FollowerState
2019-10-18 14:58:40,199 [grpc-default-executor-1] INFO  impl.RoleInfo (RoleInfo.java:shutdownFollowerState(121)) - ddd4789c-894d-475a-bbfb-f6e7aa670c92: shutdown FollowerState
2019-10-18 14:58:40,199 [Thread-2258] INFO  impl.FollowerState (FollowerState.java:run(117)) - 6605b8a5-570b-4977-9ee7-6aaf3012bed5@group-58A987F56150-FollowerState was interrupted: java.lang.InterruptedException: sleep interrupted
2019-10-18 14:58:40,199 [grpc-default-executor-3] INFO  impl.RoleInfo (RoleInfo.java:updateAndGet(143)) - 6605b8a5-570b-4977-9ee7-6aaf3012bed5: start FollowerState
2019-10-18 14:58:40,199 [Thread-2257] INFO  impl.FollowerState (FollowerState.java:run(117)) - ddd4789c-894d-475a-bbfb-f6e7aa670c92@group-58A987F56150-FollowerState was interrupted: java.lang.InterruptedException: sleep interrupted
2019-10-18 14:58:40,199 [grpc-default-executor-1] INFO  impl.RoleInfo (RoleInfo.java:updateAndGet(143)) - ddd4789c-894d-475a-bbfb-f6e7aa670c92: start FollowerState
2019-10-18 14:58:40,225 [327657b1-60f8-49f2-b2a3-f63e1f934942@group-58A987F56150-LeaderElection297] INFO  impl.LeaderElection (LeaderElection.java:logAndReturn(56)) - 327657b1-60f8-49f2-b2a3-f63e1f934942@group-58A987F56150-LeaderElection297: Election REJECTED; received 2 response(s) [327657b1-60f8-49f2-b2a3-f63e1f934942<-6605b8a5-570b-4977-9ee7-6aaf3012bed5#0:FAIL-t339, 327657b1-60f8-49f2-b2a3-f63e1f934942<-ddd4789c-894d-475a-bbfb-f6e7aa670c92#0:FAIL-t339] and 0 exception(s); 327657b1-60f8-49f2-b2a3-f63e1f934942@group-58A987F56150:t339, leader=null, voted=327657b1-60f8-49f2-b2a3-f63e1f934942, raftlog=327657b1-60f8-49f2-b2a3-f63e1f934942@group-58A987F56150-SegmentedRaftLog:OPENED:c-1,f-1,i0, conf=-1: [6605b8a5-570b-4977-9ee7-6aaf3012bed5:192.168.164.233:35223, 327657b1-60f8-49f2-b2a3-f63e1f934942:192.168.164.233:41966, ddd4789c-894d-475a-bbfb-f6e7aa670c92:192.168.164.233:41061], old=null
2019-10-18 14:58:40,225 [327657b1-60f8-49f2-b2a3-f63e1f934942@group-58A987F56150-LeaderElection297] INFO  impl.RaftServerImpl (RaftServerImpl.java:setRole(184)) - 327657b1-60f8-49f2-b2a3-f63e1f934942@group-58A987F56150: changes role from CANDIDATE to FOLLOWER at term 339 for DISCOVERED_A_NEW_TERM
2019-10-18 14:58:40,225 [327657b1-60f8-49f2-b2a3-f63e1f934942@group-58A987F56150-LeaderElection297] INFO  impl.RoleInfo (RoleInfo.java:shutdownLeaderElection(134)) - 327657b1-60f8-49f2-b2a3-f63e1f934942: shutdown LeaderElection
2019-10-18 14:58:40,225 [327657b1-60f8-49f2-b2a3-f63e1f934942@group-58A987F56150-LeaderElection297] INFO  impl.RoleInfo (RoleInfo.java:updateAndGet(143)) - 327657b1-60f8-49f2-b2a3-f63e1f934942: start FollowerState
2019-10-18 14:58:40,375 [Thread-2267] INFO  impl.FollowerState (FollowerState.java:run(108)) - 327657b1-60f8-49f2-b2a3-f63e1f934942@group-58A987F56150-FollowerState: change to CANDIDATE, lastRpcTime:149ms, electionTimeout:149ms
2019-10-18 14:58:40,375 [Thread-2267] INFO  impl.RoleInfo (RoleInfo.java:shutdownFollowerState(121)) - 327657b1-60f8-49f2-b2a3-f63e1f934942: shutdown FollowerState
2019-10-18 14:58:40,375 [Thread-2267] INFO  impl.RaftServerImpl (RaftServerImpl.java:setRole(184)) - 327657b1-60f8-49f2-b2a3-f63e1f934942@group-58A987F56150: changes role from  FOLLOWER to CANDIDATE at term 339 for changeToCandidate
2019-10-18 14:58:40,375 [Thread-2267] INFO  impl.RoleInfo (RoleInfo.java:updateAndGet(143)) - 327657b1-60f8-49f2-b2a3-f63e1f934942: start LeaderElection
2019-10-18 14:58:40,396 [327657b1-60f8-49f2-b2a3-f63e1f934942@group-58A987F56150-LeaderElection298] INFO  impl.LeaderElection (LeaderElection.java:askForVotes(178)) - 327657b1-60f8-49f2-b2a3-f63e1f934942@group-58A987F56150-LeaderElection298: begin an election at term 340 for -1: [6605b8a5-570b-4977-9ee7-6aaf3012bed5:192.168.164.233:35223, 327657b1-60f8-49f2-b2a3-f63e1f934942:192.168.164.233:41966, ddd4789c-894d-475a-bbfb-f6e7aa670c92:192.168.164.233:41061], old=null
2019-10-18 14:58:40,399 [grpc-default-executor-1] INFO  impl.RaftServerImpl (RaftServerImpl.java:setRole(184)) - 6605b8a5-570b-4977-9ee7-6aaf3012bed5@group-58A987F56150: changes role from  FOLLOWER to FOLLOWER at term 340 for recognizeCandidate:327657b1-60f8-49f2-b2a3-f63e1f934942
2019-10-18 14:58:40,399 [grpc-default-executor-3] INFO  impl.RaftServerImpl (RaftServerImpl.java:setRole(184)) - ddd4789c-894d-475a-bbfb-f6e7aa670c92@group-58A987F56150: changes role from  FOLLOWER to FOLLOWER at term 340 for recognizeCandidate:327657b1-60f8-49f2-b2a3-f63e1f934942
2019-10-18 14:58:40,399 [grpc-default-executor-1] INFO  impl.RoleInfo (RoleInfo.java:shutdownFollowerState(121)) - 6605b8a5-570b-4977-9ee7-6aaf3012bed5: shutdown FollowerState
2019-10-18 14:58:40,399 [grpc-default-executor-3] INFO  impl.RoleInfo (RoleInfo.java:shutdownFollowerState(121)) - ddd4789c-894d-475a-bbfb-f6e7aa670c92: shutdown FollowerState
2019-10-18 14:58:40,399 [Thread-2265] INFO  impl.FollowerState (FollowerState.java:run(117)) - 6605b8a5-570b-4977-9ee7-6aaf3012bed5@group-58A987F56150-FollowerState was interrupted: java.lang.InterruptedException: sleep interrupted
2019-10-18 14:58:40,399 [grpc-default-executor-1] INFO  impl.RoleInfo (RoleInfo.java:updateAndGet(143)) - 6605b8a5-570b-4977-9ee7-6aaf3012bed5: start FollowerState
2019-10-18 14:58:40,399 [327657b1-60f8-49f2-b2a3-f63e1f934942@group-58A987F56150-LeaderElection298] INFO  impl.LeaderElection (LeaderElection.java:logAndReturn(56)) - 327657b1-60f8-49f2-b2a3-f63e1f934942@group-58A987F56150-LeaderElection298: Election TIMEOUT; received 0 response(s) [] and 0 exception(s); 327657b1-60f8-49f2-b2a3-f63e1f934942@group-58A987F56150:t340, leader=null, voted=327657b1-60f8-49f2-b2a3-f63e1f934942, raftlog=327657b1-60f8-49f2-b2a3-f63e1f934942@group-58A987F56150-SegmentedRaftLog:OPENED:c-1,f-1,i0, conf=-1: [6605b8a5-570b-4977-9ee7-6aaf3012bed5:192.168.164.233:35223, 327657b1-60f8-49f2-b2a3-f63e1f934942:192.168.164.233:41966, ddd4789c-894d-475a-bbfb-f6e7aa670c92:192.168.164.233:41061], old=null
2019-10-18 14:58:40,399 [grpc-default-executor-3] INFO  impl.RoleInfo (RoleInfo.java:updateAndGet(143)) - ddd4789c-894d-475a-bbfb-f6e7aa670c92: start FollowerState
2019-10-18 14:58:40,399 [Thread-2266] INFO  impl.FollowerState (FollowerState.java:run(117)) - ddd4789c-894d-475a-bbfb-f6e7aa670c92@group-58A987F56150-FollowerState was interrupted: java.lang.InterruptedException: sleep interrupted
2019-10-18 14:58:40,425 [327657b1-60f8-49f2-b2a3-f63e1f934942@group-58A987F56150-LeaderElection298] INFO  impl.LeaderElection (LeaderElection.java:askForVotes(178)) - 327657b1-60f8-49f2-b2a3-f63e1f934942@group-58A987F56150-LeaderElection298: begin an election at term 341 for -1: [6605b8a5-570b-4977-9ee7-6aaf3012bed5:192.168.164.233:35223, 327657b1-60f8-49f2-b2a3-f63e1f934942:192.168.164.233:41966, ddd4789c-894d-475a-bbfb-f6e7aa670c92:192.168.164.233:41061], old=null
2019-10-18 14:58:40,426 [grpc-default-executor-1] INFO  impl.RaftServerImpl (RaftServerImpl.java:setRole(184)) - 6605b8a5-570b-4977-9ee7-6aaf3012bed5@group-58A987F56150: changes role from  FOLLOWER to FOLLOWER at term 341 for recognizeCandidate:327657b1-60f8-49f2-b2a3-f63e1f934942
2019-10-18 14:58:40,426 [grpc-default-executor-1] INFO  impl.RoleInfo (RoleInfo.java:shutdownFollowerState(121)) - 6605b8a5-570b-4977-9ee7-6aaf3012bed5: shutdown FollowerState
2019-10-18 14:58:40,426 [grpc-default-executor-1] INFO  impl.RoleInfo (RoleInfo.java:updateAndGet(143)) - 6605b8a5-570b-4977-9ee7-6aaf3012bed5: start FollowerState
2019-10-18 14:58:40,427 [Thread-2271] INFO  impl.FollowerState (FollowerState.java:run(117)) - 6605b8a5-570b-4977-9ee7-6aaf3012bed5@group-58A987F56150-FollowerState was interrupted: java.lang.InterruptedException: sleep interrupted
2019-10-18 14:58:40,427 [grpc-default-executor-3] INFO  impl.RaftServerImpl (RaftServerImpl.java:setRole(184)) - ddd4789c-894d-475a-bbfb-f6e7aa670c92@group-58A987F56150: changes role from  FOLLOWER to FOLLOWER at term 341 for recognizeCandidate:327657b1-60f8-49f2-b2a3-f63e1f934942
2019-10-18 14:58:40,427 [grpc-default-executor-3] INFO  impl.RoleInfo (RoleInfo.java:shutdownFollowerState(121)) - ddd4789c-894d-475a-bbfb-f6e7aa670c92: shutdown FollowerState
2019-10-18 14:58:40,427 [grpc-default-executor-3] INFO  impl.RoleInfo (RoleInfo.java:updateAndGet(143)) - ddd4789c-894d-475a-bbfb-f6e7aa670c92: start FollowerState
2019-10-18 14:58:40,427 [Thread-2272] INFO  impl.FollowerState (FollowerState.java:run(117)) - ddd4789c-894d-475a-bbfb-f6e7aa670c92@group-58A987F56150-FollowerState was interrupted: java.lang.InterruptedException: sleep interrupted
2019-10-18 14:58:40,740 [327657b1-60f8-49f2-b2a3-f63e1f934942@group-58A987F56150-LeaderElection298] INFO  impl.LeaderElection (LeaderElection.java:logAndReturn(56)) - 327657b1-60f8-49f2-b2a3-f63e1f934942@group-58A987F56150-LeaderElection298: Election TIMEOUT; received 0 response(s) [] and 0 exception(s); 327657b1-60f8-49f2-b2a3-f63e1f934942@group-58A987F56150:t341, leader=null, voted=327657b1-60f8-49f2-b2a3-f63e1f934942, raftlog=327657b1-60f8-49f2-b2a3-f63e1f934942@group-58A987F56150-SegmentedRaftLog:OPENED:c-1,f-1,i0, conf=-1: [6605b8a5-570b-4977-9ee7-6aaf3012bed5:192.168.164.233:35223, 327657b1-60f8-49f2-b2a3-f63e1f934942:192.168.164.233:41966, ddd4789c-894d-475a-bbfb-f6e7aa670c92:192.168.164.233:41061], old=null
2019-10-18 14:58:40,764 [327657b1-60f8-49f2-b2a3-f63e1f934942@group-58A987F56150-LeaderElection298] INFO  impl.LeaderElection (LeaderElection.java:askForVotes(178)) - 327657b1-60f8-49f2-b2a3-f63e1f934942@group-58A987F56150-LeaderElection298: begin an election at term 342 for -1: [6605b8a5-570b-4977-9ee7-6aaf3012bed5:192.168.164.233:35223, 327657b1-60f8-49f2-b2a3-f63e1f934942:192.168.164.233:41966, ddd4789c-894d-475a-bbfb-f6e7aa670c92:192.168.164.233:41061], old=null
2019-10-18 14:58:40,766 [grpc-default-executor-3] INFO  impl.RaftServerImpl (RaftServerImpl.java:setRole(184)) - 6605b8a5-570b-4977-9ee7-6aaf3012bed5@group-58A987F56150: changes role from  FOLLOWER to FOLLOWER at term 342 for recognizeCandidate:327657b1-60f8-49f2-b2a3-f63e1f934942
2019-10-18 14:58:40,766 [grpc-default-executor-1] INFO  impl.RaftServerImpl (RaftServerImpl.java:setRole(184)) - ddd4789c-894d-475a-bbfb-f6e7aa670c92@group-58A987F56150: changes role from  FOLLOWER to FOLLOWER at term 342 for recognizeCandidate:327657b1-60f8-49f2-b2a3-f63e1f934942
2019-10-18 14:58:40,766 [grpc-default-executor-3] INFO  impl.RoleInfo (RoleInfo.java:shutdownFollowerState(121)) - 6605b8a5-570b-4977-9ee7-6aaf3012bed5: shutdown FollowerState
2019-10-18 14:58:40,766 [grpc-default-executor-1] INFO  impl.RoleInfo (RoleInfo.java:shutdownFollowerState(121)) - ddd4789c-894d-475a-bbfb-f6e7aa670c92: shutdown FollowerState
2019-10-18 14:58:40,767 [Thread-2275] INFO  impl.FollowerState (FollowerState.java:run(117)) - 6605b8a5-570b-4977-9ee7-6aaf3012bed5@group-58A987F56150-FollowerState was interrupted: java.lang.InterruptedException: sleep interrupted
2019-10-18 14:58:40,767 [grpc-default-executor-3] INFO  impl.RoleInfo (RoleInfo.java:updateAndGet(143)) - 6605b8a5-570b-4977-9ee7-6aaf3012bed5: start FollowerState
2019-10-18 14:58:40,767 [Thread-2276] INFO  impl.FollowerState (FollowerState.java:run(117)) - ddd4789c-894d-475a-bbfb-f6e7aa670c92@group-58A987F56150-FollowerState was interrupted: java.lang.InterruptedException: sleep interrupted
2019-10-18 14:58:40,767 [grpc-default-executor-1] INFO  impl.RoleInfo (RoleInfo.java:updateAndGet(143)) - ddd4789c-894d-475a-bbfb-f6e7aa670c92: start FollowerState
2019-10-18 14:58:40,780 [327657b1-60f8-49f2-b2a3-f63e1f934942@group-58A987F56150-LeaderElection298] INFO  impl.LeaderElection (LeaderElection.java:logAndReturn(56)) - 327657b1-60f8-49f2-b2a3-f63e1f934942@group-58A987F56150-LeaderElection298: Election TIMEOUT; received 0 response(s) [] and 0 exception(s); 327657b1-60f8-49f2-b2a3-f63e1f934942@group-58A987F56150:t342, leader=null, voted=327657b1-60f8-49f2-b2a3-f63e1f934942, raftlog=327657b1-60f8-49f2-b2a3-f63e1f934942@group-58A987F56150-SegmentedRaftLog:OPENED:c-1,f-1,i0, conf=-1: [6605b8a5-570b-4977-9ee7-6aaf3012bed5:192.168.164.233:35223, 327657b1-60f8-49f2-b2a3-f63e1f934942:192.168.164.233:41966, ddd4789c-894d-475a-bbfb-f6e7aa670c92:192.168.164.233:41061], old=null
2019-10-18 14:58:40,793 [327657b1-60f8-49f2-b2a3-f63e1f934942@group-58A987F56150-LeaderElection298] INFO  impl.LeaderElection (LeaderElection.java:askForVotes(178)) - 327657b1-60f8-49f2-b2a3-f63e1f934942@group-58A987F56150-LeaderElection298: begin an election at term 343 for -1: [6605b8a5-570b-4977-9ee7-6aaf3012bed5:192.168.164.233:35223, 327657b1-60f8-49f2-b2a3-f63e1f934942:192.168.164.233:41966, ddd4789c-894d-475a-bbfb-f6e7aa670c92:192.168.164.233:41061], old=null
2019-10-18 14:58:40,794 [grpc-default-executor-1] INFO  impl.RaftServerImpl (RaftServerImpl.java:setRole(184)) - 6605b8a5-570b-4977-9ee7-6aaf3012bed5@group-58A987F56150: changes role from  FOLLOWER to FOLLOWER at term 343 for recognizeCandidate:327657b1-60f8-49f2-b2a3-f63e1f934942
2019-10-18 14:58:40,794 [grpc-default-executor-3] INFO  impl.RaftServerImpl (RaftServerImpl.java:setRole(184)) - ddd4789c-894d-475a-bbfb-f6e7aa670c92@group-58A987F56150: changes role from  FOLLOWER to FOLLOWER at term 343 for recognizeCandidate:327657b1-60f8-49f2-b2a3-f63e1f934942
2019-10-18 14:58:40,795 [grpc-default-executor-1] INFO  impl.RoleInfo (RoleInfo.java:shutdownFollowerState(121)) - 6605b8a5-570b-4977-9ee7-6aaf3012bed5: shutdown FollowerState
2019-10-18 14:58:40,795 [grpc-default-executor-3] INFO  impl.RoleInfo (RoleInfo.java:shutdownFollowerState(121)) - ddd4789c-894d-475a-bbfb-f6e7aa670c92: shutdown FollowerState
2019-10-18 14:58:40,795 [Thread-2279] INFO  impl.FollowerState (FollowerState.java:run(117)) - 6605b8a5-570b-4977-9ee7-6aaf3012bed5@group-58A987F56150-FollowerState was interrupted: java.lang.InterruptedException: sleep interrupted
2019-10-18 14:58:40,795 [Thread-2280] INFO  impl.FollowerState (FollowerState.java:run(117)) - ddd4789c-894d-475a-bbfb-f6e7aa670c92@group-58A987F56150-FollowerState was interrupted: java.lang.InterruptedException: sleep interrupted
2019-10-18 14:58:40,795 [grpc-default-executor-1] INFO  impl.RoleInfo (RoleInfo.java:updateAndGet(143)) - 6605b8a5-570b-4977-9ee7-6aaf3012bed5: start FollowerState
2019-10-18 14:58:40,795 [grpc-default-executor-3] INFO  impl.RoleInfo (RoleInfo.java:updateAndGet(143)) - ddd4789c-894d-475a-bbfb-f6e7aa670c92: start FollowerState
2019-10-18 14:58:40,812 [327657b1-60f8-49f2-b2a3-f63e1f934942@group-58A987F56150-LeaderElection298] INFO  impl.LeaderElection (LeaderElection.java:logAndReturn(56)) - 327657b1-60f8-49f2-b2a3-f63e1f934942@group-58A987F56150-LeaderElection298: Election REJECTED; received 2 response(s) [327657b1-60f8-49f2-b2a3-f63e1f934942<-6605b8a5-570b-4977-9ee7-6aaf3012bed5#0:FAIL-t343, 327657b1-60f8-49f2-b2a3-f63e1f934942<-ddd4789c-894d-475a-bbfb-f6e7aa670c92#0:FAIL-t343] and 0 exception(s); 327657b1-60f8-49f2-b2a3-f63e1f934942@group-58A987F56150:t343, leader=null, voted=327657b1-60f8-49f2-b2a3-f63e1f934942, raftlog=327657b1-60f8-49f2-b2a3-f63e1f934942@group-58A987F56150-SegmentedRaftLog:OPENED:c-1,f-1,i0, conf=-1: [6605b8a5-570b-4977-9ee7-6aaf3012bed5:192.168.164.233:35223, 327657b1-60f8-49f2-b2a3-f63e1f934942:192.168.164.233:41966, ddd4789c-894d-475a-bbfb-f6e7aa670c92:192.168.164.233:41061], old=null
2019-10-18 14:58:40,812 [327657b1-60f8-49f2-b2a3-f63e1f934942@group-58A987F56150-LeaderElection298] INFO  impl.RaftServerImpl (RaftServerImpl.java:setRole(184)) - 327657b1-60f8-49f2-b2a3-f63e1f934942@group-58A987F56150: changes role from CANDIDATE to FOLLOWER at term 343 for DISCOVERED_A_NEW_TERM
2019-10-18 14:58:40,812 [327657b1-60f8-49f2-b2a3-f63e1f934942@group-58A987F56150-LeaderElection298] INFO  impl.RoleInfo (RoleInfo.java:shutdownLeaderElection(134)) - 327657b1-60f8-49f2-b2a3-f63e1f934942: shutdown LeaderElection
2019-10-18 14:58:40,813 [327657b1-60f8-49f2-b2a3-f63e1f934942@group-58A987F56150-LeaderElection298] INFO  impl.RoleInfo (RoleInfo.java:updateAndGet(143)) - 327657b1-60f8-49f2-b2a3-f63e1f934942: start FollowerState
2019-10-18 14:58:40,932 [Thread-2285] INFO  impl.FollowerState (FollowerState.java:run(108)) - 327657b1-60f8-49f2-b2a3-f63e1f934942@group-58A987F56150-FollowerState: change to CANDIDATE, lastRpcTime:119ms, electionTimeout:119ms
2019-10-18 14:58:40,932 [Thread-2285] INFO  impl.RoleInfo (RoleInfo.java:shutdownFollowerState(121)) - 327657b1-60f8-49f2-b2a3-f63e1f934942: shutdown FollowerState
2019-10-18 14:58:40,933 [Thread-2285] INFO  impl.RaftServerImpl (RaftServerImpl.java:setRole(184)) - 327657b1-60f8-49f2-b2a3-f63e1f934942@group-58A987F56150: changes role from  FOLLOWER to CANDIDATE at term 343 for changeToCandidate
2019-10-18 14:58:40,933 [Thread-2285] INFO  impl.RoleInfo (RoleInfo.java:updateAndGet(143)) - 327657b1-60f8-49f2-b2a3-f63e1f934942: start LeaderElection
2019-10-18 14:58:40,937 [327657b1-60f8-49f2-b2a3-f63e1f934942@group-58A987F56150-LeaderElection299] INFO  impl.LeaderElection (LeaderElection.java:askForVotes(178)) - 327657b1-60f8-49f2-b2a3-f63e1f934942@group-58A987F56150-LeaderElection299: begin an election at term 344 for -1: [6605b8a5-570b-4977-9ee7-6aaf3012bed5:192.168.164.233:35223, 327657b1-60f8-49f2-b2a3-f63e1f934942:192.168.164.233:41966, ddd4789c-894d-475a-bbfb-f6e7aa670c92:192.168.164.233:41061], old=null
2019-10-18 14:58:40,940 [grpc-default-executor-1] INFO  impl.RaftServerImpl (RaftServerImpl.java:setRole(184)) - ddd4789c-894d-475a-bbfb-f6e7aa670c92@group-58A987F56150: changes role from  FOLLOWER to FOLLOWER at term 344 for recognizeCandidate:327657b1-60f8-49f2-b2a3-f63e1f934942
2019-10-18 14:58:40,940 [grpc-default-executor-1] INFO  impl.RoleInfo (RoleInfo.java:shutdownFollowerState(121)) - ddd4789c-894d-475a-bbfb-f6e7aa670c92: shutdown FollowerState
2019-10-18 14:58:40,941 [grpc-default-executor-1] INFO  impl.RoleInfo (RoleInfo.java:updateAndGet(143)) - ddd4789c-894d-475a-bbfb-f6e7aa670c92: start FollowerState
2019-10-18 14:58:40,941 [Thread-2284] INFO  impl.FollowerState (FollowerState.java:run(117)) - ddd4789c-894d-475a-bbfb-f6e7aa670c92@group-58A987F56150-FollowerState was interrupted: java.lang.InterruptedException: sleep interrupted
2019-10-18 14:58:40,942 [grpc-default-executor-3] INFO  impl.RaftServerImpl (RaftServerImpl.java:setRole(184)) - 6605b8a5-570b-4977-9ee7-6aaf3012bed5@group-58A987F56150: changes role from  FOLLOWER to FOLLOWER at term 344 for recognizeCandidate:327657b1-60f8-49f2-b2a3-f63e1f934942
2019-10-18 14:58:40,942 [grpc-default-executor-3] INFO  impl.RoleInfo (RoleInfo.java:shutdownFollowerState(121)) - 6605b8a5-570b-4977-9ee7-6aaf3012bed5: shutdown FollowerState
2019-10-18 14:58:40,942 [grpc-default-executor-3] INFO  impl.RoleInfo (RoleInfo.java:updateAndGet(143)) - 6605b8a5-570b-4977-9ee7-6aaf3012bed5: start FollowerState
2019-10-18 14:58:40,943 [Thread-2283] INFO  impl.FollowerState (FollowerState.java:run(117)) - 6605b8a5-570b-4977-9ee7-6aaf3012bed5@group-58A987F56150-FollowerState was interrupted: java.lang.InterruptedException: sleep interrupted
2019-10-18 14:58:40,969 [327657b1-60f8-49f2-b2a3-f63e1f934942@group-58A987F56150-LeaderElection299] INFO  impl.LeaderElection (LeaderElection.java:logAndReturn(56)) - 327657b1-60f8-49f2-b2a3-f63e1f934942@group-58A987F56150-LeaderElection299: Election REJECTED; received 2 response(s) [327657b1-60f8-49f2-b2a3-f63e1f934942<-6605b8a5-570b-4977-9ee7-6aaf3012bed5#0:FAIL-t344, 327657b1-60f8-49f2-b2a3-f63e1f934942<-ddd4789c-894d-475a-bbfb-f6e7aa670c92#0:FAIL-t344] and 0 exception(s); 327657b1-60f8-49f2-b2a3-f63e1f934942@group-58A987F56150:t344, leader=null, voted=327657b1-60f8-49f2-b2a3-f63e1f934942, raftlog=327657b1-60f8-49f2-b2a3-f63e1f934942@group-58A987F56150-SegmentedRaftLog:OPENED:c-1,f-1,i0, conf=-1: [6605b8a5-570b-4977-9ee7-6aaf3012bed5:192.168.164.233:35223, 327657b1-60f8-49f2-b2a3-f63e1f934942:192.168.164.233:41966, ddd4789c-894d-475a-bbfb-f6e7aa670c92:192.168.164.233:41061], old=null
2019-10-18 14:58:40,970 [327657b1-60f8-49f2-b2a3-f63e1f934942@group-58A987F56150-LeaderElection299] INFO  impl.RaftServerImpl (RaftServerImpl.java:setRole(184)) - 327657b1-60f8-49f2-b2a3-f63e1f934942@group-58A987F56150: changes role from CANDIDATE to FOLLOWER at term 344 for DISCOVERED_A_NEW_TERM
2019-10-18 14:58:40,970 [327657b1-60f8-49f2-b2a3-f63e1f934942@group-58A987F56150-LeaderElection299] INFO  impl.RoleInfo (RoleInfo.java:shutdownLeaderElection(134)) - 327657b1-60f8-49f2-b2a3-f63e1f934942: shutdown LeaderElection
2019-10-18 14:58:40,970 [327657b1-60f8-49f2-b2a3-f63e1f934942@group-58A987F56150-LeaderElection299] INFO  impl.RoleInfo (RoleInfo.java:updateAndGet(143)) - 327657b1-60f8-49f2-b2a3-f63e1f934942: start FollowerState
2019-10-18 14:58:40,999 [Thread-2291] INFO  impl.FollowerState (FollowerState.java:run(108)) - 327657b1-60f8-49f2-b2a3-f63e1f934942@group-58A987F56150-FollowerState: change to CANDIDATE, lastRpcTime:29ms, electionTimeout:29ms
2019-10-18 14:58:40,999 [Thread-2291] INFO  impl.RoleInfo (RoleInfo.java:shutdownFollowerState(121)) - 327657b1-60f8-49f2-b2a3-f63e1f934942: shutdown FollowerState
2019-10-18 14:58:40,999 [Thread-2291] INFO  impl.RaftServerImpl (RaftServerImpl.java:setRole(184)) - 327657b1-60f8-49f2-b2a3-f63e1f934942@group-58A987F56150: changes role from  FOLLOWER to CANDIDATE at term 344 for changeToCandidate
2019-10-18 14:58:41,000 [Thread-2291] INFO  impl.RoleInfo (RoleInfo.java:updateAndGet(143)) - 327657b1-60f8-49f2-b2a3-f63e1f934942: start LeaderElection
2019-10-18 14:58:41,025 [327657b1-60f8-49f2-b2a3-f63e1f934942@group-58A987F56150-LeaderElection300] INFO  impl.LeaderElection (LeaderElection.java:askForVotes(178)) - 327657b1-60f8-49f2-b2a3-f63e1f934942@group-58A987F56150-LeaderElection300: begin an election at term 345 for -1: [6605b8a5-570b-4977-9ee7-6aaf3012bed5:192.168.164.233:35223, 327657b1-60f8-49f2-b2a3-f63e1f934942:192.168.164.233:41966, ddd4789c-894d-475a-bbfb-f6e7aa670c92:192.168.164.233:41061], old=null
2019-10-18 14:58:41,027 [grpc-default-executor-1] INFO  impl.RaftServerImpl (RaftServerImpl.java:setRole(184)) - 6605b8a5-570b-4977-9ee7-6aaf3012bed5@group-58A987F56150: changes role from  FOLLOWER to FOLLOWER at term 345 for recognizeCandidate:327657b1-60f8-49f2-b2a3-f63e1f934942
2019-10-18 14:58:41,027 [grpc-default-executor-1] INFO  impl.RoleInfo (RoleInfo.java:shutdownFollowerState(121)) - 6605b8a5-570b-4977-9ee7-6aaf3012bed5: shutdown FollowerState
2019-10-18 14:58:41,027 [grpc-default-executor-3] INFO  impl.RaftServerImpl (RaftServerImpl.java:setRole(184)) - ddd4789c-894d-475a-bbfb-f6e7aa670c92@group-58A987F56150: changes role from  FOLLOWER to FOLLOWER at term 345 for recognizeCandidate:327657b1-60f8-49f2-b2a3-f63e1f934942
2019-10-18 14:58:41,027 [grpc-default-executor-3] INFO  impl.RoleInfo (RoleInfo.java:shutdownFollowerState(121)) - ddd4789c-894d-475a-bbfb-f6e7aa670c92: shutdown FollowerState
2019-10-18 14:58:41,027 [Thread-2290] INFO  impl.FollowerState (FollowerState.java:run(117)) - 6605b8a5-570b-4977-9ee7-6aaf3012bed5@group-58A987F56150-FollowerState was interrupted: java.lang.InterruptedException: sleep interrupted
2019-10-18 14:58:41,027 [grpc-default-executor-1] INFO  impl.RoleInfo (RoleInfo.java:updateAndGet(143)) - 6605b8a5-570b-4977-9ee7-6aaf3012bed5: start FollowerState
2019-10-18 14:58:41,027 [Thread-2289] INFO  impl.FollowerState (FollowerState.java:run(117)) - ddd4789c-894d-475a-bbfb-f6e7aa670c92@group-58A987F56150-FollowerState was interrupted: java.lang.InterruptedException: sleep interrupted
2019-10-18 14:58:41,027 [grpc-default-executor-3] INFO  impl.RoleInfo (RoleInfo.java:updateAndGet(143)) - ddd4789c-894d-475a-bbfb-f6e7aa670c92: start FollowerState
2019-10-18 14:58:41,041 [327657b1-60f8-49f2-b2a3-f63e1f934942@group-58A987F56150-LeaderElection300] INFO  impl.LeaderElection (LeaderElection.java:logAndReturn(56)) - 327657b1-60f8-49f2-b2a3-f63e1f934942@group-58A987F56150-LeaderElection300: Election REJECTED; received 2 response(s) [327657b1-60f8-49f2-b2a3-f63e1f934942<-6605b8a5-570b-4977-9ee7-6aaf3012bed5#0:FAIL-t345, 327657b1-60f8-49f2-b2a3-f63e1f934942<-ddd4789c-894d-475a-bbfb-f6e7aa670c92#0:FAIL-t345] and 0 exception(s); 327657b1-60f8-49f2-b2a3-f63e1f934942@group-58A987F56150:t345, leader=null, voted=327657b1-60f8-49f2-b2a3-f63e1f934942, raftlog=327657b1-60f8-49f2-b2a3-f63e1f934942@group-58A987F56150-SegmentedRaftLog:OPENED:c-1,f-1,i0, conf=-1: [6605b8a5-570b-4977-9ee7-6aaf3012bed5:192.168.164.233:35223, 327657b1-60f8-49f2-b2a3-f63e1f934942:192.168.164.233:41966, ddd4789c-894d-475a-bbfb-f6e7aa670c92:192.168.164.233:41061], old=null
2019-10-18 14:58:41,042 [327657b1-60f8-49f2-b2a3-f63e1f934942@group-58A987F56150-LeaderElection300] INFO  impl.RaftServerImpl (RaftServerImpl.java:setRole(184)) - 327657b1-60f8-49f2-b2a3-f63e1f934942@group-58A987F56150: changes role from CANDIDATE to FOLLOWER at term 345 for DISCOVERED_A_NEW_TERM
2019-10-18 14:58:41,042 [327657b1-60f8-49f2-b2a3-f63e1f934942@group-58A987F56150-LeaderElection300] INFO  impl.RoleInfo (RoleInfo.java:shutdownLeaderElection(134)) - 327657b1-60f8-49f2-b2a3-f63e1f934942: shutdown LeaderElection
2019-10-18 14:58:41,042 [327657b1-60f8-49f2-b2a3-f63e1f934942@group-58A987F56150-LeaderElection300] INFO  impl.RoleInfo (RoleInfo.java:updateAndGet(143)) - 327657b1-60f8-49f2-b2a3-f63e1f934942: start FollowerState
2019-10-18 14:58:41,089 [Thread-2297] INFO  impl.FollowerState (FollowerState.java:run(108)) - 327657b1-60f8-49f2-b2a3-f63e1f934942@group-58A987F56150-FollowerState: change to CANDIDATE, lastRpcTime:47ms, electionTimeout:47ms
2019-10-18 14:58:41,089 [Thread-2297] INFO  impl.RoleInfo (RoleInfo.java:shutdownFollowerState(121)) - 327657b1-60f8-49f2-b2a3-f63e1f934942: shutdown FollowerState
2019-10-18 14:58:41,089 [Thread-2297] INFO  impl.RaftServerImpl (RaftServerImpl.java:setRole(184)) - 327657b1-60f8-49f2-b2a3-f63e1f934942@group-58A987F56150: changes role from  FOLLOWER to CANDIDATE at term 345 for changeToCandidate
2019-10-18 14:58:41,090 [Thread-2297] INFO  impl.RoleInfo (RoleInfo.java:updateAndGet(143)) - 327657b1-60f8-49f2-b2a3-f63e1f934942: start LeaderElection
2019-10-18 14:58:41,103 [327657b1-60f8-49f2-b2a3-f63e1f934942@group-58A987F56150-LeaderElection301] INFO  impl.LeaderElection (LeaderElection.java:askForVotes(178)) - 327657b1-60f8-49f2-b2a3-f63e1f934942@group-58A987F56150-LeaderElection301: begin an election at term 346 for -1: [6605b8a5-570b-4977-9ee7-6aaf3012bed5:192.168.164.233:35223, 327657b1-60f8-49f2-b2a3-f63e1f934942:192.168.164.233:41966, ddd4789c-894d-475a-bbfb-f6e7aa670c92:192.168.164.233:41061], old=null
2019-10-18 14:58:41,105 [grpc-default-executor-1] INFO  impl.RaftServerImpl (RaftServerImpl.java:setRole(184)) - 6605b8a5-570b-4977-9ee7-6aaf3012bed5@group-58A987F56150: changes role from  FOLLOWER to FOLLOWER at term 346 for recognizeCandidate:327657b1-60f8-49f2-b2a3-f63e1f934942
2019-10-18 14:58:41,105 [grpc-default-executor-1] INFO  impl.RoleInfo (RoleInfo.java:shutdownFollowerState(121)) - 6605b8a5-570b-4977-9ee7-6aaf3012bed5: shutdown FollowerState
2019-10-18 14:58:41,105 [grpc-default-executor-1] INFO  impl.RoleInfo (RoleInfo.java:updateAndGet(143)) - 6605b8a5-570b-4977-9ee7-6aaf3012bed5: start FollowerState
2019-10-18 14:58:41,105 [Thread-2295] INFO  impl.FollowerState (FollowerState.java:run(117)) - 6605b8a5-570b-4977-9ee7-6aaf3012bed5@group-58A987F56150-FollowerState was interrupted: java.lang.InterruptedException: sleep interrupted
2019-10-18 14:58:41,105 [grpc-default-executor-3] INFO  impl.RaftServerImpl (RaftServerImpl.java:setRole(184)) - ddd4789c-894d-475a-bbfb-f6e7aa670c92@group-58A987F56150: changes role from  FOLLOWER to FOLLOWER at term 346 for recognizeCandidate:327657b1-60f8-49f2-b2a3-f63e1f934942
2019-10-18 14:58:41,105 [grpc-default-executor-3] INFO  impl.RoleInfo (RoleInfo.java:shutdownFollowerState(121)) - ddd4789c-894d-475a-bbfb-f6e7aa670c92: shutdown FollowerState
2019-10-18 14:58:41,106 [grpc-default-executor-3] INFO  impl.RoleInfo (RoleInfo.java:updateAndGet(143)) - ddd4789c-894d-475a-bbfb-f6e7aa670c92: start FollowerState
2019-10-18 14:58:41,106 [Thread-2296] INFO  impl.FollowerState (FollowerState.java:run(117)) - ddd4789c-894d-475a-bbfb-f6e7aa670c92@group-58A987F56150-FollowerState was interrupted: java.lang.InterruptedException: sleep interrupted
2019-10-18 14:58:41,131 [327657b1-60f8-49f2-b2a3-f63e1f934942@group-58A987F56150-LeaderElection301] INFO  impl.LeaderElection (LeaderElection.java:logAndReturn(56)) - 327657b1-60f8-49f2-b2a3-f63e1f934942@group-58A987F56150-LeaderElection301: Election REJECTED; received 2 response(s) [327657b1-60f8-49f2-b2a3-f63e1f934942<-6605b8a5-570b-4977-9ee7-6aaf3012bed5#0:FAIL-t346, 327657b1-60f8-49f2-b2a3-f63e1f934942<-ddd4789c-894d-475a-bbfb-f6e7aa670c92#0:FAIL-t346] and 0 exception(s); 327657b1-60f8-49f2-b2a3-f63e1f934942@group-58A987F56150:t346, leader=null, voted=327657b1-60f8-49f2-b2a3-f63e1f934942, raftlog=327657b1-60f8-49f2-b2a3-f63e1f934942@group-58A987F56150-SegmentedRaftLog:OPENED:c-1,f-1,i0, conf=-1: [6605b8a5-570b-4977-9ee7-6aaf3012bed5:192.168.164.233:35223, 327657b1-60f8-49f2-b2a3-f63e1f934942:192.168.164.233:41966, ddd4789c-894d-475a-bbfb-f6e7aa670c92:192.168.164.233:41061], old=null
2019-10-18 14:58:41,131 [327657b1-60f8-49f2-b2a3-f63e1f934942@group-58A987F56150-LeaderElection301] INFO  impl.RaftServerImpl (RaftServerImpl.java:setRole(184)) - 327657b1-60f8-49f2-b2a3-f63e1f934942@group-58A987F56150: changes role from CANDIDATE to FOLLOWER at term 346 for DISCOVERED_A_NEW_TERM
2019-10-18 14:58:41,131 [327657b1-60f8-49f2-b2a3-f63e1f934942@group-58A987F56150-LeaderElection301] INFO  impl.RoleInfo (RoleInfo.java:shutdownLeaderElection(134)) - 327657b1-60f8-49f2-b2a3-f63e1f934942: shutdown LeaderElection
2019-10-18 14:58:41,131 [327657b1-60f8-49f2-b2a3-f63e1f934942@group-58A987F56150-LeaderElection301] INFO  impl.RoleInfo (RoleInfo.java:updateAndGet(143)) - 327657b1-60f8-49f2-b2a3-f63e1f934942: start FollowerState
2019-10-18 14:58:41,201 [Thread-2303] INFO  impl.FollowerState (FollowerState.java:run(108)) - 327657b1-60f8-49f2-b2a3-f63e1f934942@group-58A987F56150-FollowerState: change to CANDIDATE, lastRpcTime:70ms, electionTimeout:70ms
2019-10-18 14:58:41,202 [Thread-2303] INFO  impl.RoleInfo (RoleInfo.java:shutdownFollowerState(121)) - 327657b1-60f8-49f2-b2a3-f63e1f934942: shutdown FollowerState
2019-10-18 14:58:41,202 [Thread-2303] INFO  impl.RaftServerImpl (RaftServerImpl.java:setRole(184)) - 327657b1-60f8-49f2-b2a3-f63e1f934942@group-58A987F56150: changes role from  FOLLOWER to CANDIDATE at term 346 for changeToCandidate
2019-10-18 14:58:41,202 [Thread-2303] INFO  impl.RoleInfo (RoleInfo.java:updateAndGet(143)) - 327657b1-60f8-49f2-b2a3-f63e1f934942: start LeaderElection
2019-10-18 14:58:41,228 [327657b1-60f8-49f2-b2a3-f63e1f934942@group-58A987F56150-LeaderElection302] INFO  impl.LeaderElection (LeaderElection.java:askForVotes(178)) - 327657b1-60f8-49f2-b2a3-f63e1f934942@group-58A987F56150-LeaderElection302: begin an election at term 347 for -1: [6605b8a5-570b-4977-9ee7-6aaf3012bed5:192.168.164.233:35223, 327657b1-60f8-49f2-b2a3-f63e1f934942:192.168.164.233:41966, ddd4789c-894d-475a-bbfb-f6e7aa670c92:192.168.164.233:41061], old=null
2019-10-18 14:58:41,230 [grpc-default-executor-1] INFO  impl.RaftServerImpl (RaftServerImpl.java:setRole(184)) - 6605b8a5-570b-4977-9ee7-6aaf3012bed5@group-58A987F56150: changes role from  FOLLOWER to FOLLOWER at term 347 for recognizeCandidate:327657b1-60f8-49f2-b2a3-f63e1f934942
2019-10-18 14:58:41,230 [grpc-default-executor-1] INFO  impl.RoleInfo (RoleInfo.java:shutdownFollowerState(121)) - 6605b8a5-570b-4977-9ee7-6aaf3012bed5: shutdown FollowerState
2019-10-18 14:58:41,230 [grpc-default-executor-3] INFO  impl.RaftServerImpl (RaftServerImpl.java:setRole(184)) - ddd4789c-894d-475a-bbfb-f6e7aa670c92@group-58A987F56150: changes role from  FOLLOWER to FOLLOWER at term 347 for recognizeCandidate:327657b1-60f8-49f2-b2a3-f63e1f934942
2019-10-18 14:58:41,230 [Thread-2301] INFO  impl.FollowerState (FollowerState.java:run(117)) - 6605b8a5-570b-4977-9ee7-6aaf3012bed5@group-58A987F56150-FollowerState was interrupted: java.lang.InterruptedException: sleep interrupted
2019-10-18 14:58:41,230 [grpc-default-executor-1] INFO  impl.RoleInfo (RoleInfo.java:updateAndGet(143)) - 6605b8a5-570b-4977-9ee7-6aaf3012bed5: start FollowerState
2019-10-18 14:58:41,230 [grpc-default-executor-3] INFO  impl.RoleInfo (RoleInfo.java:shutdownFollowerState(121)) - ddd4789c-894d-475a-bbfb-f6e7aa670c92: shutdown FollowerState
2019-10-18 14:58:41,231 [grpc-default-executor-3] INFO  impl.RoleInfo (RoleInfo.java:updateAndGet(143)) - ddd4789c-894d-475a-bbfb-f6e7aa670c92: start FollowerState
2019-10-18 14:58:41,231 [Thread-2302] INFO  impl.FollowerState (FollowerState.java:run(117)) - ddd4789c-894d-475a-bbfb-f6e7aa670c92@group-58A987F56150-FollowerState was interrupted: java.lang.InterruptedException: sleep interrupted
2019-10-18 14:58:41,246 [327657b1-60f8-49f2-b2a3-f63e1f934942@group-58A987F56150-LeaderElection302] INFO  impl.LeaderElection (LeaderElection.java:logAndReturn(56)) - 327657b1-60f8-49f2-b2a3-f63e1f934942@group-58A987F56150-LeaderElection302: Election REJECTED; received 2 response(s) [327657b1-60f8-49f2-b2a3-f63e1f934942<-6605b8a5-570b-4977-9ee7-6aaf3012bed5#0:FAIL-t347, 327657b1-60f8-49f2-b2a3-f63e1f934942<-ddd4789c-894d-475a-bbfb-f6e7aa670c92#0:FAIL-t347] and 0 exception(s); 327657b1-60f8-49f2-b2a3-f63e1f934942@group-58A987F56150:t347, leader=null, voted=327657b1-60f8-49f2-b2a3-f63e1f934942, raftlog=327657b1-60f8-49f2-b2a3-f63e1f934942@group-58A987F56150-SegmentedRaftLog:OPENED:c-1,f-1,i0, conf=-1: [6605b8a5-570b-4977-9ee7-6aaf3012bed5:192.168.164.233:35223, 327657b1-60f8-49f2-b2a3-f63e1f934942:192.168.164.233:41966, ddd4789c-894d-475a-bbfb-f6e7aa670c92:192.168.164.233:41061], old=null
2019-10-18 14:58:41,246 [327657b1-60f8-49f2-b2a3-f63e1f934942@group-58A987F56150-LeaderElection302] INFO  impl.RaftServerImpl (RaftServerImpl.java:setRole(184)) - 327657b1-60f8-49f2-b2a3-f63e1f934942@group-58A987F56150: changes role from CANDIDATE to FOLLOWER at term 347 for DISCOVERED_A_NEW_TERM
2019-10-18 14:58:41,246 [327657b1-60f8-49f2-b2a3-f63e1f934942@group-58A987F56150-LeaderElection302] INFO  impl.RoleInfo (RoleInfo.java:shutdownLeaderElection(134)) - 327657b1-60f8-49f2-b2a3-f63e1f934942: shutdown LeaderElection
2019-10-18 14:58:41,246 [327657b1-60f8-49f2-b2a3-f63e1f934942@group-58A987F56150-LeaderElection302] INFO  impl.RoleInfo (RoleInfo.java:updateAndGet(143)) - 327657b1-60f8-49f2-b2a3-f63e1f934942: start FollowerState
2019-10-18 14:58:41,348 [Thread-2311] INFO  impl.FollowerState (FollowerState.java:run(108)) - 327657b1-60f8-49f2-b2a3-f63e1f934942@group-58A987F56150-FollowerState: change to CANDIDATE, lastRpcTime:101ms, electionTimeout:101ms
2019-10-18 14:58:41,348 [Thread-2311] INFO  impl.RoleInfo (RoleInfo.java:shutdownFollowerState(121)) - 327657b1-60f8-49f2-b2a3-f63e1f934942: shutdown FollowerState
2019-10-18 14:58:41,348 [Thread-2311] INFO  impl.RaftServerImpl (RaftServerImpl.java:setRole(184)) - 327657b1-60f8-49f2-b2a3-f63e1f934942@group-58A987F56150: changes role from  FOLLOWER to CANDIDATE at term 347 for changeToCandidate
2019-10-18 14:58:41,348 [Thread-2311] INFO  impl.RoleInfo (RoleInfo.java:updateAndGet(143)) - 327657b1-60f8-49f2-b2a3-f63e1f934942: start LeaderElection
2019-10-18 14:58:41,362 [327657b1-60f8-49f2-b2a3-f63e1f934942@group-58A987F56150-LeaderElection303] INFO  impl.LeaderElection (LeaderElection.java:askForVotes(178)) - 327657b1-60f8-49f2-b2a3-f63e1f934942@group-58A987F56150-LeaderElection303: begin an election at term 348 for -1: [6605b8a5-570b-4977-9ee7-6aaf3012bed5:192.168.164.233:35223, 327657b1-60f8-49f2-b2a3-f63e1f934942:192.168.164.233:41966, ddd4789c-894d-475a-bbfb-f6e7aa670c92:192.168.164.233:41061], old=null
2019-10-18 14:58:41,364 [grpc-default-executor-1] INFO  impl.RaftServerImpl (RaftServerImpl.java:setRole(184)) - 6605b8a5-570b-4977-9ee7-6aaf3012bed5@group-58A987F56150: changes role from  FOLLOWER to FOLLOWER at term 348 for recognizeCandidate:327657b1-60f8-49f2-b2a3-f63e1f934942
2019-10-18 14:58:41,364 [grpc-default-executor-1] INFO  impl.RoleInfo (RoleInfo.java:shutdownFollowerState(121)) - 6605b8a5-570b-4977-9ee7-6aaf3012bed5: shutdown FollowerState
2019-10-18 14:58:41,364 [grpc-default-executor-3] INFO  impl.RaftServerImpl (RaftServerImpl.java:setRole(184)) - ddd4789c-894d-475a-bbfb-f6e7aa670c92@group-58A987F56150: changes role from  FOLLOWER to FOLLOWER at term 348 for recognizeCandidate:327657b1-60f8-49f2-b2a3-f63e1f934942
2019-10-18 14:58:41,364 [grpc-default-executor-3] INFO  impl.RoleInfo (RoleInfo.java:shutdownFollowerState(121)) - ddd4789c-894d-475a-bbfb-f6e7aa670c92: shutdown FollowerState
2019-10-18 14:58:41,364 [Thread-2309] INFO  impl.FollowerState (FollowerState.java:run(117)) - 6605b8a5-570b-4977-9ee7-6aaf3012bed5@group-58A987F56150-FollowerState was interrupted: java.lang.InterruptedException: sleep interrupted
2019-10-18 14:58:41,364 [grpc-default-executor-1] INFO  impl.RoleInfo (RoleInfo.java:updateAndGet(143)) - 6605b8a5-570b-4977-9ee7-6aaf3012bed5: start FollowerState
2019-10-18 14:58:41,365 [Thread-2310] INFO  impl.FollowerState (FollowerState.java:run(117)) - ddd4789c-894d-475a-bbfb-f6e7aa670c92@group-58A987F56150-FollowerState was interrupted: java.lang.InterruptedException: sleep interrupted
2019-10-18 14:58:41,365 [grpc-default-executor-3] INFO  impl.RoleInfo (RoleInfo.java:updateAndGet(143)) - ddd4789c-894d-475a-bbfb-f6e7aa670c92: start FollowerState
2019-10-18 14:58:41,375 [327657b1-60f8-49f2-b2a3-f63e1f934942@group-58A987F56150-LeaderElection303] INFO  impl.LeaderElection (LeaderElection.java:logAndReturn(56)) - 327657b1-60f8-49f2-b2a3-f63e1f934942@group-58A987F56150-LeaderElection303: Election TIMEOUT; received 0 response(s) [] and 0 exception(s); 327657b1-60f8-49f2-b2a3-f63e1f934942@group-58A987F56150:t348, leader=null, voted=327657b1-60f8-49f2-b2a3-f63e1f934942, raftlog=327657b1-60f8-49f2-b2a3-f63e1f934942@group-58A987F56150-SegmentedRaftLog:OPENED:c-1,f-1,i0, conf=-1: [6605b8a5-570b-4977-9ee7-6aaf3012bed5:192.168.164.233:35223, 327657b1-60f8-49f2-b2a3-f63e1f934942:192.168.164.233:41966, ddd4789c-894d-475a-bbfb-f6e7aa670c92:192.168.164.233:41061], old=null
2019-10-18 14:58:41,390 [327657b1-60f8-49f2-b2a3-f63e1f934942@group-58A987F56150-LeaderElection303] INFO  impl.LeaderElection (LeaderElection.java:askForVotes(178)) - 327657b1-60f8-49f2-b2a3-f63e1f934942@group-58A987F56150-LeaderElection303: begin an election at term 349 for -1: [6605b8a5-570b-4977-9ee7-6aaf3012bed5:192.168.164.233:35223, 327657b1-60f8-49f2-b2a3-f63e1f934942:192.168.164.233:41966, ddd4789c-894d-475a-bbfb-f6e7aa670c92:192.168.164.233:41061], old=null
2019-10-18 14:58:41,391 [grpc-default-executor-1] INFO  impl.RaftServerImpl (RaftServerImpl.java:setRole(184)) - 6605b8a5-570b-4977-9ee7-6aaf3012bed5@group-58A987F56150: changes role from  FOLLOWER to FOLLOWER at term 349 for recognizeCandidate:327657b1-60f8-49f2-b2a3-f63e1f934942
2019-10-18 14:58:41,392 [grpc-default-executor-1] INFO  impl.RoleInfo (RoleInfo.java:shutdownFollowerState(121)) - 6605b8a5-570b-4977-9ee7-6aaf3012bed5: shutdown FollowerState
2019-10-18 14:58:41,392 [grpc-default-executor-3] INFO  impl.RaftServerImpl (RaftServerImpl.java:setRole(184)) - ddd4789c-894d-475a-bbfb-f6e7aa670c92@group-58A987F56150: changes role from  FOLLOWER to FOLLOWER at term 349 for recognizeCandidate:327657b1-60f8-49f2-b2a3-f63e1f934942
2019-10-18 14:58:41,392 [Thread-2315] INFO  impl.FollowerState (FollowerState.java:run(117)) - 6605b8a5-570b-4977-9ee7-6aaf3012bed5@group-58A987F56150-FollowerState was interrupted: java.lang.InterruptedException: sleep interrupted
2019-10-18 14:58:41,392 [grpc-default-executor-1] INFO  impl.RoleInfo (RoleInfo.java:updateAndGet(143)) - 6605b8a5-570b-4977-9ee7-6aaf3012bed5: start FollowerState
2019-10-18 14:58:41,392 [grpc-default-executor-3] INFO  impl.RoleInfo (RoleInfo.java:shutdownFollowerState(121)) - ddd4789c-894d-475a-bbfb-f6e7aa670c92: shutdown FollowerState
2019-10-18 14:58:41,392 [Thread-2316] INFO  impl.FollowerState (FollowerState.java:run(117)) - ddd4789c-894d-475a-bbfb-f6e7aa670c92@group-58A987F56150-FollowerState was interrupted: java.lang.InterruptedException: sleep interrupted
2019-10-18 14:58:41,392 [grpc-default-executor-3] INFO  impl.RoleInfo (RoleInfo.java:updateAndGet(143)) - ddd4789c-894d-475a-bbfb-f6e7aa670c92: start FollowerState
2019-10-18 14:58:41,418 [327657b1-60f8-49f2-b2a3-f63e1f934942@group-58A987F56150-LeaderElection303] INFO  impl.LeaderElection (LeaderElection.java:logAndReturn(56)) - 327657b1-60f8-49f2-b2a3-f63e1f934942@group-58A987F56150-LeaderElection303: Election REJECTED; received 2 response(s) [327657b1-60f8-49f2-b2a3-f63e1f934942<-6605b8a5-570b-4977-9ee7-6aaf3012bed5#0:FAIL-t349, 327657b1-60f8-49f2-b2a3-f63e1f934942<-ddd4789c-894d-475a-bbfb-f6e7aa670c92#0:FAIL-t349] and 0 exception(s); 327657b1-60f8-49f2-b2a3-f63e1f934942@group-58A987F56150:t349, leader=null, voted=327657b1-60f8-49f2-b2a3-f63e1f934942, raftlog=327657b1-60f8-49f2-b2a3-f63e1f934942@group-58A987F56150-SegmentedRaftLog:OPENED:c-1,f-1,i0, conf=-1: [6605b8a5-570b-4977-9ee7-6aaf3012bed5:192.168.164.233:35223, 327657b1-60f8-49f2-b2a3-f63e1f934942:192.168.164.233:41966, ddd4789c-894d-475a-bbfb-f6e7aa670c92:192.168.164.233:41061], old=null
2019-10-18 14:58:41,418 [327657b1-60f8-49f2-b2a3-f63e1f934942@group-58A987F56150-LeaderElection303] INFO  impl.RaftServerImpl (RaftServerImpl.java:setRole(184)) - 327657b1-60f8-49f2-b2a3-f63e1f934942@group-58A987F56150: changes role from CANDIDATE to FOLLOWER at term 349 for DISCOVERED_A_NEW_TERM
2019-10-18 14:58:41,418 [327657b1-60f8-49f2-b2a3-f63e1f934942@group-58A987F56150-LeaderElection303] INFO  impl.RoleInfo (RoleInfo.java:shutdownLeaderElection(134)) - 327657b1-60f8-49f2-b2a3-f63e1f934942: shutdown LeaderElection
2019-10-18 14:58:41,418 [327657b1-60f8-49f2-b2a3-f63e1f934942@group-58A987F56150-LeaderElection303] INFO  impl.RoleInfo (RoleInfo.java:updateAndGet(143)) - 327657b1-60f8-49f2-b2a3-f63e1f934942: start FollowerState
2019-10-18 14:58:41,613 [Thread-2321] INFO  impl.FollowerState (FollowerState.java:run(108)) - 327657b1-60f8-49f2-b2a3-f63e1f934942@group-58A987F56150-FollowerState: change to CANDIDATE, lastRpcTime:194ms, electionTimeout:194ms
2019-10-18 14:58:41,613 [Thread-2321] INFO  impl.RoleInfo (RoleInfo.java:shutdownFollowerState(121)) - 327657b1-60f8-49f2-b2a3-f63e1f934942: shutdown FollowerState
2019-10-18 14:58:41,613 [Thread-2321] INFO  impl.RaftServerImpl (RaftServerImpl.java:setRole(184)) - 327657b1-60f8-49f2-b2a3-f63e1f934942@group-58A987F56150: changes role from  FOLLOWER to CANDIDATE at term 349 for changeToCandidate
2019-10-18 14:58:41,613 [Thread-2321] INFO  impl.RoleInfo (RoleInfo.java:updateAndGet(143)) - 327657b1-60f8-49f2-b2a3-f63e1f934942: start LeaderElection
2019-10-18 14:58:41,626 [327657b1-60f8-49f2-b2a3-f63e1f934942@group-58A987F56150-LeaderElection304] INFO  impl.LeaderElection (LeaderElection.java:askForVotes(178)) - 327657b1-60f8-49f2-b2a3-f63e1f934942@group-58A987F56150-LeaderElection304: begin an election at term 350 for -1: [6605b8a5-570b-4977-9ee7-6aaf3012bed5:192.168.164.233:35223, 327657b1-60f8-49f2-b2a3-f63e1f934942:192.168.164.233:41966, ddd4789c-894d-475a-bbfb-f6e7aa670c92:192.168.164.233:41061], old=null
2019-10-18 14:58:41,628 [grpc-default-executor-3] INFO  impl.RaftServerImpl (RaftServerImpl.java:setRole(184)) - ddd4789c-894d-475a-bbfb-f6e7aa670c92@group-58A987F56150: changes role from  FOLLOWER to FOLLOWER at term 350 for recognizeCandidate:327657b1-60f8-49f2-b2a3-f63e1f934942
2019-10-18 14:58:41,629 [grpc-default-executor-3] INFO  impl.RoleInfo (RoleInfo.java:shutdownFollowerState(121)) - ddd4789c-894d-475a-bbfb-f6e7aa670c92: shutdown FollowerState
2019-10-18 14:58:41,628 [grpc-default-executor-1] INFO  impl.RaftServerImpl (RaftServerImpl.java:setRole(184)) - 6605b8a5-570b-4977-9ee7-6aaf3012bed5@group-58A987F56150: changes role from  FOLLOWER to FOLLOWER at term 350 for recognizeCandidate:327657b1-60f8-49f2-b2a3-f63e1f934942
2019-10-18 14:58:41,629 [Thread-2320] INFO  impl.FollowerState (FollowerState.java:run(117)) - ddd4789c-894d-475a-bbfb-f6e7aa670c92@group-58A987F56150-FollowerState was interrupted: java.lang.InterruptedException: sleep interrupted
2019-10-18 14:58:41,629 [grpc-default-executor-3] INFO  impl.RoleInfo (RoleInfo.java:updateAndGet(143)) - ddd4789c-894d-475a-bbfb-f6e7aa670c92: start FollowerState
2019-10-18 14:58:41,629 [grpc-default-executor-1] INFO  impl.RoleInfo (RoleInfo.java:shutdownFollowerState(121)) - 6605b8a5-570b-4977-9ee7-6aaf3012bed5: shutdown FollowerState
2019-10-18 14:58:41,629 [grpc-default-executor-1] INFO  impl.RoleInfo (RoleInfo.java:updateAndGet(143)) - 6605b8a5-570b-4977-9ee7-6aaf3012bed5: start FollowerState
2019-10-18 14:58:41,629 [Thread-2319] INFO  impl.FollowerState (FollowerState.java:run(117)) - 6605b8a5-570b-4977-9ee7-6aaf3012bed5@group-58A987F56150-FollowerState was interrupted: java.lang.InterruptedException: sleep interrupted
2019-10-18 14:58:41,641 [327657b1-60f8-49f2-b2a3-f63e1f934942@group-58A987F56150-LeaderElection304] INFO  impl.LeaderElection (LeaderElection.java:logAndReturn(56)) - 327657b1-60f8-49f2-b2a3-f63e1f934942@group-58A987F56150-LeaderElection304: Election TIMEOUT; received 0 response(s) [] and 0 exception(s); 327657b1-60f8-49f2-b2a3-f63e1f934942@group-58A987F56150:t350, leader=null, voted=327657b1-60f8-49f2-b2a3-f63e1f934942, raftlog=327657b1-60f8-49f2-b2a3-f63e1f934942@group-58A987F56150-SegmentedRaftLog:OPENED:c-1,f-1,i0, conf=-1: [6605b8a5-570b-4977-9ee7-6aaf3012bed5:192.168.164.233:35223, 327657b1-60f8-49f2-b2a3-f63e1f934942:192.168.164.233:41966, ddd4789c-894d-475a-bbfb-f6e7aa670c92:192.168.164.233:41061], old=null
2019-10-18 14:58:41,656 [327657b1-60f8-49f2-b2a3-f63e1f934942@group-58A987F56150-LeaderElection304] INFO  impl.LeaderElection (LeaderElection.java:askForVotes(178)) - 327657b1-60f8-49f2-b2a3-f63e1f934942@group-58A987F56150-LeaderElection304: begin an election at term 351 for -1: [6605b8a5-570b-4977-9ee7-6aaf3012bed5:192.168.164.233:35223, 327657b1-60f8-49f2-b2a3-f63e1f934942:192.168.164.233:41966, ddd4789c-894d-475a-bbfb-f6e7aa670c92:192.168.164.233:41061], old=null
2019-10-18 14:58:41,657 [grpc-default-executor-1] INFO  impl.RaftServerImpl (RaftServerImpl.java:setRole(184)) - 6605b8a5-570b-4977-9ee7-6aaf3012bed5@group-58A987F56150: changes role from  FOLLOWER to FOLLOWER at term 351 for recognizeCandidate:327657b1-60f8-49f2-b2a3-f63e1f934942
2019-10-18 14:58:41,657 [grpc-default-executor-1] INFO  impl.RoleInfo (RoleInfo.java:shutdownFollowerState(121)) - 6605b8a5-570b-4977-9ee7-6aaf3012bed5: shutdown FollowerState
2019-10-18 14:58:41,658 [grpc-default-executor-3] INFO  impl.RaftServerImpl (RaftServerImpl.java:setRole(184)) - ddd4789c-894d-475a-bbfb-f6e7aa670c92@group-58A987F56150: changes role from  FOLLOWER to FOLLOWER at term 351 for recognizeCandidate:327657b1-60f8-49f2-b2a3-f63e1f934942
2019-10-18 14:58:41,658 [grpc-default-executor-3] INFO  impl.RoleInfo (RoleInfo.java:shutdownFollowerState(121)) - ddd4789c-894d-475a-bbfb-f6e7aa670c92: shutdown FollowerState
2019-10-18 14:58:41,658 [grpc-default-executor-1] INFO  impl.RoleInfo (RoleInfo.java:updateAndGet(143)) - 6605b8a5-570b-4977-9ee7-6aaf3012bed5: start FollowerState
2019-10-18 14:58:41,658 [Thread-2325] INFO  impl.FollowerState (FollowerState.java:run(117)) - ddd4789c-894d-475a-bbfb-f6e7aa670c92@group-58A987F56150-FollowerState was interrupted: java.lang.InterruptedException: sleep interrupted
2019-10-18 14:58:41,658 [grpc-default-executor-3] INFO  impl.RoleInfo (RoleInfo.java:updateAndGet(143)) - ddd4789c-894d-475a-bbfb-f6e7aa670c92: start FollowerState
2019-10-18 14:58:41,658 [Thread-2326] INFO  impl.FollowerState (FollowerState.java:run(117)) - 6605b8a5-570b-4977-9ee7-6aaf3012bed5@group-58A987F56150-FollowerState was interrupted: java.lang.InterruptedException: sleep interrupted
2019-10-18 14:58:41,671 [327657b1-60f8-49f2-b2a3-f63e1f934942@group-58A987F56150-LeaderElection304] INFO  impl.LeaderElection (LeaderElection.java:logAndReturn(56)) - 327657b1-60f8-49f2-b2a3-f63e1f934942@group-58A987F56150-LeaderElection304: Election REJECTED; received 2 response(s) [327657b1-60f8-49f2-b2a3-f63e1f934942<-6605b8a5-570b-4977-9ee7-6aaf3012bed5#0:FAIL-t351, 327657b1-60f8-49f2-b2a3-f63e1f934942<-ddd4789c-894d-475a-bbfb-f6e7aa670c92#0:FAIL-t351] and 0 exception(s); 327657b1-60f8-49f2-b2a3-f63e1f934942@group-58A987F56150:t351, leader=null, voted=327657b1-60f8-49f2-b2a3-f63e1f934942, raftlog=327657b1-60f8-49f2-b2a3-f63e1f934942@group-58A987F56150-SegmentedRaftLog:OPENED:c-1,f-1,i0, conf=-1: [6605b8a5-570b-4977-9ee7-6aaf3012bed5:192.168.164.233:35223, 327657b1-60f8-49f2-b2a3-f63e1f934942:192.168.164.233:41966, ddd4789c-894d-475a-bbfb-f6e7aa670c92:192.168.164.233:41061], old=null
2019-10-18 14:58:41,671 [327657b1-60f8-49f2-b2a3-f63e1f934942@group-58A987F56150-LeaderElection304] INFO  impl.RaftServerImpl (RaftServerImpl.java:setRole(184)) - 327657b1-60f8-49f2-b2a3-f63e1f934942@group-58A987F56150: changes role from CANDIDATE to FOLLOWER at term 351 for DISCOVERED_A_NEW_TERM
2019-10-18 14:58:41,671 [327657b1-60f8-49f2-b2a3-f63e1f934942@group-58A987F56150-LeaderElection304] INFO  impl.RoleInfo (RoleInfo.java:shutdownLeaderElection(134)) - 327657b1-60f8-49f2-b2a3-f63e1f934942: shutdown LeaderElection
2019-10-18 14:58:41,672 [327657b1-60f8-49f2-b2a3-f63e1f934942@group-58A987F56150-LeaderElection304] INFO  impl.RoleInfo (RoleInfo.java:updateAndGet(143)) - 327657b1-60f8-49f2-b2a3-f63e1f934942: start FollowerState
2019-10-18 14:58:41,808 [Thread-2331] INFO  impl.FollowerState (FollowerState.java:run(108)) - 327657b1-60f8-49f2-b2a3-f63e1f934942@group-58A987F56150-FollowerState: change to CANDIDATE, lastRpcTime:136ms, electionTimeout:136ms
2019-10-18 14:58:41,808 [Thread-2331] INFO  impl.RoleInfo (RoleInfo.java:shutdownFollowerState(121)) - 327657b1-60f8-49f2-b2a3-f63e1f934942: shutdown FollowerState
2019-10-18 14:58:41,808 [Thread-2331] INFO  impl.RaftServerImpl (RaftServerImpl.java:setRole(184)) - 327657b1-60f8-49f2-b2a3-f63e1f934942@group-58A987F56150: changes role from  FOLLOWER to CANDIDATE at term 351 for changeToCandidate
2019-10-18 14:58:41,809 [Thread-2331] INFO  impl.RoleInfo (RoleInfo.java:updateAndGet(143)) - 327657b1-60f8-49f2-b2a3-f63e1f934942: start LeaderElection
2019-10-18 14:58:41,818 [327657b1-60f8-49f2-b2a3-f63e1f934942@group-58A987F56150-LeaderElection305] INFO  impl.LeaderElection (LeaderElection.java:askForVotes(178)) - 327657b1-60f8-49f2-b2a3-f63e1f934942@group-58A987F56150-LeaderElection305: begin an election at term 352 for -1: [6605b8a5-570b-4977-9ee7-6aaf3012bed5:192.168.164.233:35223, 327657b1-60f8-49f2-b2a3-f63e1f934942:192.168.164.233:41966, ddd4789c-894d-475a-bbfb-f6e7aa670c92:192.168.164.233:41061], old=null
2019-10-18 14:58:41,821 [grpc-default-executor-3] INFO  impl.RaftServerImpl (RaftServerImpl.java:setRole(184)) - 6605b8a5-570b-4977-9ee7-6aaf3012bed5@group-58A987F56150: changes role from  FOLLOWER to FOLLOWER at term 352 for recognizeCandidate:327657b1-60f8-49f2-b2a3-f63e1f934942
2019-10-18 14:58:41,821 [grpc-default-executor-1] INFO  impl.RaftServerImpl (RaftServerImpl.java:setRole(184)) - ddd4789c-894d-475a-bbfb-f6e7aa670c92@group-58A987F56150: changes role from  FOLLOWER to FOLLOWER at term 352 for recognizeCandidate:327657b1-60f8-49f2-b2a3-f63e1f934942
2019-10-18 14:58:41,821 [grpc-default-executor-3] INFO  impl.RoleInfo (RoleInfo.java:shutdownFollowerState(121)) - 6605b8a5-570b-4977-9ee7-6aaf3012bed5: shutdown FollowerState
2019-10-18 14:58:41,822 [grpc-default-executor-1] INFO  impl.RoleInfo (RoleInfo.java:shutdownFollowerState(121)) - ddd4789c-894d-475a-bbfb-f6e7aa670c92: shutdown FollowerState
2019-10-18 14:58:41,822 [Thread-2329] INFO  impl.FollowerState (FollowerState.java:run(117)) - 6605b8a5-570b-4977-9ee7-6aaf3012bed5@group-58A987F56150-FollowerState was interrupted: java.lang.InterruptedException: sleep interrupted
2019-10-18 14:58:41,822 [grpc-default-executor-3] INFO  impl.RoleInfo (RoleInfo.java:updateAndGet(143)) - 6605b8a5-570b-4977-9ee7-6aaf3012bed5: start FollowerState
2019-10-18 14:58:41,822 [Thread-2330] INFO  impl.FollowerState (FollowerState.java:run(117)) - ddd4789c-894d-475a-bbfb-f6e7aa670c92@group-58A987F56150-FollowerState was interrupted: java.lang.InterruptedException: sleep interrupted
2019-10-18 14:58:41,822 [grpc-default-executor-1] INFO  impl.RoleInfo (RoleInfo.java:updateAndGet(143)) - ddd4789c-894d-475a-bbfb-f6e7aa670c92: start FollowerState
2019-10-18 14:58:41,848 [327657b1-60f8-49f2-b2a3-f63e1f934942@group-58A987F56150-LeaderElection305] INFO  impl.LeaderElection (LeaderElection.java:logAndReturn(56)) - 327657b1-60f8-49f2-b2a3-f63e1f934942@group-58A987F56150-LeaderElection305: Election REJECTED; received 2 response(s) [327657b1-60f8-49f2-b2a3-f63e1f934942<-6605b8a5-570b-4977-9ee7-6aaf3012bed5#0:FAIL-t352, 327657b1-60f8-49f2-b2a3-f63e1f934942<-ddd4789c-894d-475a-bbfb-f6e7aa670c92#0:FAIL-t352] and 0 exception(s); 327657b1-60f8-49f2-b2a3-f63e1f934942@group-58A987F56150:t352, leader=null, voted=327657b1-60f8-49f2-b2a3-f63e1f934942, raftlog=327657b1-60f8-49f2-b2a3-f63e1f934942@group-58A987F56150-SegmentedRaftLog:OPENED:c-1,f-1,i0, conf=-1: [6605b8a5-570b-4977-9ee7-6aaf3012bed5:192.168.164.233:35223, 327657b1-60f8-49f2-b2a3-f63e1f934942:192.168.164.233:41966, ddd4789c-894d-475a-bbfb-f6e7aa670c92:192.168.164.233:41061], old=null
2019-10-18 14:58:41,848 [327657b1-60f8-49f2-b2a3-f63e1f934942@group-58A987F56150-LeaderElection305] INFO  impl.RaftServerImpl (RaftServerImpl.java:setRole(184)) - 327657b1-60f8-49f2-b2a3-f63e1f934942@group-58A987F56150: changes role from CANDIDATE to FOLLOWER at term 352 for DISCOVERED_A_NEW_TERM
2019-10-18 14:58:41,848 [327657b1-60f8-49f2-b2a3-f63e1f934942@group-58A987F56150-LeaderElection305] INFO  impl.RoleInfo (RoleInfo.java:shutdownLeaderElection(134)) - 327657b1-60f8-49f2-b2a3-f63e1f934942: shutdown LeaderElection
2019-10-18 14:58:41,848 [327657b1-60f8-49f2-b2a3-f63e1f934942@group-58A987F56150-LeaderElection305] INFO  impl.RoleInfo (RoleInfo.java:updateAndGet(143)) - 327657b1-60f8-49f2-b2a3-f63e1f934942: start FollowerState
2019-10-18 14:58:41,953 [Thread-2337] INFO  impl.FollowerState (FollowerState.java:run(108)) - 327657b1-60f8-49f2-b2a3-f63e1f934942@group-58A987F56150-FollowerState: change to CANDIDATE, lastRpcTime:104ms, electionTimeout:104ms
2019-10-18 14:58:41,953 [Thread-2337] INFO  impl.RoleInfo (RoleInfo.java:shutdownFollowerState(121)) - 327657b1-60f8-49f2-b2a3-f63e1f934942: shutdown FollowerState
2019-10-18 14:58:41,953 [Thread-2337] INFO  impl.RaftServerImpl (RaftServerImpl.java:setRole(184)) - 327657b1-60f8-49f2-b2a3-f63e1f934942@group-58A987F56150: changes role from  FOLLOWER to CANDIDATE at term 352 for changeToCandidate
2019-10-18 14:58:41,953 [Thread-2337] INFO  impl.RoleInfo (RoleInfo.java:updateAndGet(143)) - 327657b1-60f8-49f2-b2a3-f63e1f934942: start LeaderElection
2019-10-18 14:58:41,967 [327657b1-60f8-49f2-b2a3-f63e1f934942@group-58A987F56150-LeaderElection306] INFO  impl.LeaderElection (LeaderElection.java:askForVotes(178)) - 327657b1-60f8-49f2-b2a3-f63e1f934942@group-58A987F56150-LeaderElection306: begin an election at term 353 for -1: [6605b8a5-570b-4977-9ee7-6aaf3012bed5:192.168.164.233:35223, 327657b1-60f8-49f2-b2a3-f63e1f934942:192.168.164.233:41966, ddd4789c-894d-475a-bbfb-f6e7aa670c92:192.168.164.233:41061], old=null
2019-10-18 14:58:41,969 [grpc-default-executor-1] INFO  impl.RaftServerImpl (RaftServerImpl.java:setRole(184)) - ddd4789c-894d-475a-bbfb-f6e7aa670c92@group-58A987F56150: changes role from  FOLLOWER to FOLLOWER at term 353 for recognizeCandidate:327657b1-60f8-49f2-b2a3-f63e1f934942
2019-10-18 14:58:41,969 [grpc-default-executor-3] INFO  impl.RaftServerImpl (RaftServerImpl.java:setRole(184)) - 6605b8a5-570b-4977-9ee7-6aaf3012bed5@group-58A987F56150: changes role from  FOLLOWER to FOLLOWER at term 353 for recognizeCandidate:327657b1-60f8-49f2-b2a3-f63e1f934942
2019-10-18 14:58:41,969 [grpc-default-executor-1] INFO  impl.RoleInfo (RoleInfo.java:shutdownFollowerState(121)) - ddd4789c-894d-475a-bbfb-f6e7aa670c92: shutdown FollowerState
2019-10-18 14:58:41,969 [grpc-default-executor-3] INFO  impl.RoleInfo (RoleInfo.java:shutdownFollowerState(121)) - 6605b8a5-570b-4977-9ee7-6aaf3012bed5: shutdown FollowerState
2019-10-18 14:58:41,970 [grpc-default-executor-1] INFO  impl.RoleInfo (RoleInfo.java:updateAndGet(143)) - ddd4789c-894d-475a-bbfb-f6e7aa670c92: start FollowerState
2019-10-18 14:58:41,970 [Thread-2335] INFO  impl.FollowerState (FollowerState.java:run(117)) - 6605b8a5-570b-4977-9ee7-6aaf3012bed5@group-58A987F56150-FollowerState was interrupted: java.lang.InterruptedException: sleep interrupted
2019-10-18 14:58:41,970 [grpc-default-executor-3] INFO  impl.RoleInfo (RoleInfo.java:updateAndGet(143)) - 6605b8a5-570b-4977-9ee7-6aaf3012bed5: start FollowerState
2019-10-18 14:58:41,970 [Thread-2336] INFO  impl.FollowerState (FollowerState.java:run(117)) - ddd4789c-894d-475a-bbfb-f6e7aa670c92@group-58A987F56150-FollowerState was interrupted: java.lang.InterruptedException: sleep interrupted
2019-10-18 14:58:41,996 [327657b1-60f8-49f2-b2a3-f63e1f934942@group-58A987F56150-LeaderElection306] INFO  impl.LeaderElection (LeaderElection.java:logAndReturn(56)) - 327657b1-60f8-49f2-b2a3-f63e1f934942@group-58A987F56150-LeaderElection306: Election REJECTED; received 2 response(s) [327657b1-60f8-49f2-b2a3-f63e1f934942<-6605b8a5-570b-4977-9ee7-6aaf3012bed5#0:FAIL-t353, 327657b1-60f8-49f2-b2a3-f63e1f934942<-ddd4789c-894d-475a-bbfb-f6e7aa670c92#0:FAIL-t353] and 0 exception(s); 327657b1-60f8-49f2-b2a3-f63e1f934942@group-58A987F56150:t353, leader=null, voted=327657b1-60f8-49f2-b2a3-f63e1f934942, raftlog=327657b1-60f8-49f2-b2a3-f63e1f934942@group-58A987F56150-SegmentedRaftLog:OPENED:c-1,f-1,i0, conf=-1: [6605b8a5-570b-4977-9ee7-6aaf3012bed5:192.168.164.233:35223, 327657b1-60f8-49f2-b2a3-f63e1f934942:192.168.164.233:41966, ddd4789c-894d-475a-bbfb-f6e7aa670c92:192.168.164.233:41061], old=null
2019-10-18 14:58:41,996 [327657b1-60f8-49f2-b2a3-f63e1f934942@group-58A987F56150-LeaderElection306] INFO  impl.RaftServerImpl (RaftServerImpl.java:setRole(184)) - 327657b1-60f8-49f2-b2a3-f63e1f934942@group-58A987F56150: changes role from CANDIDATE to FOLLOWER at term 353 for DISCOVERED_A_NEW_TERM
2019-10-18 14:58:41,996 [327657b1-60f8-49f2-b2a3-f63e1f934942@group-58A987F56150-LeaderElection306] INFO  impl.RoleInfo (RoleInfo.java:shutdownLeaderElection(134)) - 327657b1-60f8-49f2-b2a3-f63e1f934942: shutdown LeaderElection
2019-10-18 14:58:41,996 [327657b1-60f8-49f2-b2a3-f63e1f934942@group-58A987F56150-LeaderElection306] INFO  impl.RoleInfo (RoleInfo.java:updateAndGet(143)) - 327657b1-60f8-49f2-b2a3-f63e1f934942: start FollowerState
2019-10-18 14:58:42,074 [Thread-2343] INFO  impl.FollowerState (FollowerState.java:run(108)) - 327657b1-60f8-49f2-b2a3-f63e1f934942@group-58A987F56150-FollowerState: change to CANDIDATE, lastRpcTime:77ms, electionTimeout:77ms
2019-10-18 14:58:42,074 [Thread-2343] INFO  impl.RoleInfo (RoleInfo.java:shutdownFollowerState(121)) - 327657b1-60f8-49f2-b2a3-f63e1f934942: shutdown FollowerState
2019-10-18 14:58:42,074 [Thread-2343] INFO  impl.RaftServerImpl (RaftServerImpl.java:setRole(184)) - 327657b1-60f8-49f2-b2a3-f63e1f934942@group-58A987F56150: changes role from  FOLLOWER to CANDIDATE at term 353 for changeToCandidate
2019-10-18 14:58:42,074 [Thread-2343] INFO  impl.RoleInfo (RoleInfo.java:updateAndGet(143)) - 327657b1-60f8-49f2-b2a3-f63e1f934942: start LeaderElection
2019-10-18 14:58:42,088 [327657b1-60f8-49f2-b2a3-f63e1f934942@group-58A987F56150-LeaderElection307] INFO  impl.LeaderElection (LeaderElection.java:askForVotes(178)) - 327657b1-60f8-49f2-b2a3-f63e1f934942@group-58A987F56150-LeaderElection307: begin an election at term 354 for -1: [6605b8a5-570b-4977-9ee7-6aaf3012bed5:192.168.164.233:35223, 327657b1-60f8-49f2-b2a3-f63e1f934942:192.168.164.233:41966, ddd4789c-894d-475a-bbfb-f6e7aa670c92:192.168.164.233:41061], old=null
2019-10-18 14:58:42,089 [grpc-default-executor-3] INFO  impl.RaftServerImpl (RaftServerImpl.java:setRole(184)) - 6605b8a5-570b-4977-9ee7-6aaf3012bed5@group-58A987F56150: changes role from  FOLLOWER to FOLLOWER at term 354 for recognizeCandidate:327657b1-60f8-49f2-b2a3-f63e1f934942
2019-10-18 14:58:42,090 [grpc-default-executor-3] INFO  impl.RoleInfo (RoleInfo.java:shutdownFollowerState(121)) - 6605b8a5-570b-4977-9ee7-6aaf3012bed5: shutdown FollowerState
2019-10-18 14:58:42,090 [grpc-default-executor-1] INFO  impl.RaftServerImpl (RaftServerImpl.java:setRole(184)) - ddd4789c-894d-475a-bbfb-f6e7aa670c92@group-58A987F56150: changes role from  FOLLOWER to FOLLOWER at term 354 for recognizeCandidate:327657b1-60f8-49f2-b2a3-f63e1f934942
2019-10-18 14:58:42,090 [Thread-2342] INFO  impl.FollowerState (FollowerState.java:run(117)) - 6605b8a5-570b-4977-9ee7-6aaf3012bed5@group-58A987F56150-FollowerState was interrupted: java.lang.InterruptedException: sleep interrupted
2019-10-18 14:58:42,090 [grpc-default-executor-3] INFO  impl.RoleInfo (RoleInfo.java:updateAndGet(143)) - 6605b8a5-570b-4977-9ee7-6aaf3012bed5: start FollowerState
2019-10-18 14:58:42,090 [grpc-default-executor-1] INFO  impl.RoleInfo (RoleInfo.java:shutdownFollowerState(121)) - ddd4789c-894d-475a-bbfb-f6e7aa670c92: shutdown FollowerState
2019-10-18 14:58:42,090 [grpc-default-executor-1] INFO  impl.RoleInfo (RoleInfo.java:updateAndGet(143)) - ddd4789c-894d-475a-bbfb-f6e7aa670c92: start FollowerState
2019-10-18 14:58:42,090 [Thread-2341] INFO  impl.FollowerState (FollowerState.java:run(117)) - ddd4789c-894d-475a-bbfb-f6e7aa670c92@group-58A987F56150-FollowerState was interrupted: java.lang.InterruptedException: sleep interrupted
2019-10-18 14:58:42,119 [327657b1-60f8-49f2-b2a3-f63e1f934942@group-58A987F56150-LeaderElection307] INFO  impl.LeaderElection (LeaderElection.java:logAndReturn(56)) - 327657b1-60f8-49f2-b2a3-f63e1f934942@group-58A987F56150-LeaderElection307: Election REJECTED; received 2 response(s) [327657b1-60f8-49f2-b2a3-f63e1f934942<-6605b8a5-570b-4977-9ee7-6aaf3012bed5#0:FAIL-t354, 327657b1-60f8-49f2-b2a3-f63e1f934942<-ddd4789c-894d-475a-bbfb-f6e7aa670c92#0:FAIL-t354] and 0 exception(s); 327657b1-60f8-49f2-b2a3-f63e1f934942@group-58A987F56150:t354, leader=null, voted=327657b1-60f8-49f2-b2a3-f63e1f934942, raftlog=327657b1-60f8-49f2-b2a3-f63e1f934942@group-58A987F56150-SegmentedRaftLog:OPENED:c-1,f-1,i0, conf=-1: [6605b8a5-570b-4977-9ee7-6aaf3012bed5:192.168.164.233:35223, 327657b1-60f8-49f2-b2a3-f63e1f934942:192.168.164.233:41966, ddd4789c-894d-475a-bbfb-f6e7aa670c92:192.168.164.233:41061], old=null
2019-10-18 14:58:42,120 [327657b1-60f8-49f2-b2a3-f63e1f934942@group-58A987F56150-LeaderElection307] INFO  impl.RaftServerImpl (RaftServerImpl.java:setRole(184)) - 327657b1-60f8-49f2-b2a3-f63e1f934942@group-58A987F56150: changes role from CANDIDATE to FOLLOWER at term 354 for DISCOVERED_A_NEW_TERM
2019-10-18 14:58:42,120 [327657b1-60f8-49f2-b2a3-f63e1f934942@group-58A987F56150-LeaderElection307] INFO  impl.RoleInfo (RoleInfo.java:shutdownLeaderElection(134)) - 327657b1-60f8-49f2-b2a3-f63e1f934942: shutdown LeaderElection
2019-10-18 14:58:42,120 [327657b1-60f8-49f2-b2a3-f63e1f934942@group-58A987F56150-LeaderElection307] INFO  impl.RoleInfo (RoleInfo.java:updateAndGet(143)) - 327657b1-60f8-49f2-b2a3-f63e1f934942: start FollowerState
2019-10-18 14:58:42,200 [Thread-2349] INFO  impl.FollowerState (FollowerState.java:run(108)) - 327657b1-60f8-49f2-b2a3-f63e1f934942@group-58A987F56150-FollowerState: change to CANDIDATE, lastRpcTime:80ms, electionTimeout:80ms
2019-10-18 14:58:42,200 [Thread-2349] INFO  impl.RoleInfo (RoleInfo.java:shutdownFollowerState(121)) - 327657b1-60f8-49f2-b2a3-f63e1f934942: shutdown FollowerState
2019-10-18 14:58:42,201 [Thread-2349] INFO  impl.RaftServerImpl (RaftServerImpl.java:setRole(184)) - 327657b1-60f8-49f2-b2a3-f63e1f934942@group-58A987F56150: changes role from  FOLLOWER to CANDIDATE at term 354 for changeToCandidate
2019-10-18 14:58:42,201 [Thread-2349] INFO  impl.RoleInfo (RoleInfo.java:updateAndGet(143)) - 327657b1-60f8-49f2-b2a3-f63e1f934942: start LeaderElection
2019-10-18 14:58:42,215 [327657b1-60f8-49f2-b2a3-f63e1f934942@group-58A987F56150-LeaderElection308] INFO  impl.LeaderElection (LeaderElection.java:askForVotes(178)) - 327657b1-60f8-49f2-b2a3-f63e1f934942@group-58A987F56150-LeaderElection308: begin an election at term 355 for -1: [6605b8a5-570b-4977-9ee7-6aaf3012bed5:192.168.164.233:35223, 327657b1-60f8-49f2-b2a3-f63e1f934942:192.168.164.233:41966, ddd4789c-894d-475a-bbfb-f6e7aa670c92:192.168.164.233:41061], old=null
2019-10-18 14:58:42,217 [grpc-default-executor-1] INFO  impl.RaftServerImpl (RaftServerImpl.java:setRole(184)) - 6605b8a5-570b-4977-9ee7-6aaf3012bed5@group-58A987F56150: changes role from  FOLLOWER to FOLLOWER at term 355 for recognizeCandidate:327657b1-60f8-49f2-b2a3-f63e1f934942
2019-10-18 14:58:42,217 [grpc-default-executor-3] INFO  impl.RaftServerImpl (RaftServerImpl.java:setRole(184)) - ddd4789c-894d-475a-bbfb-f6e7aa670c92@group-58A987F56150: changes role from  FOLLOWER to FOLLOWER at term 355 for recognizeCandidate:327657b1-60f8-49f2-b2a3-f63e1f934942
2019-10-18 14:58:42,217 [grpc-default-executor-3] INFO  impl.RoleInfo (RoleInfo.java:shutdownFollowerState(121)) - ddd4789c-894d-475a-bbfb-f6e7aa670c92: shutdown FollowerState
2019-10-18 14:58:42,217 [grpc-default-executor-1] INFO  impl.RoleInfo (RoleInfo.java:shutdownFollowerState(121)) - 6605b8a5-570b-4977-9ee7-6aaf3012bed5: shutdown FollowerState
2019-10-18 14:58:42,217 [Thread-2348] INFO  impl.FollowerState (FollowerState.java:run(117)) - ddd4789c-894d-475a-bbfb-f6e7aa670c92@group-58A987F56150-FollowerState was interrupted: java.lang.InterruptedException: sleep interrupted
2019-10-18 14:58:42,217 [grpc-default-executor-3] INFO  impl.RoleInfo (RoleInfo.java:updateAndGet(143)) - ddd4789c-894d-475a-bbfb-f6e7aa670c92: start FollowerState
2019-10-18 14:58:42,217 [Thread-2347] INFO  impl.FollowerState (FollowerState.java:run(117)) - 6605b8a5-570b-4977-9ee7-6aaf3012bed5@group-58A987F56150-FollowerState was interrupted: java.lang.InterruptedException: sleep interrupted
2019-10-18 14:58:42,217 [grpc-default-executor-1] INFO  impl.RoleInfo (RoleInfo.java:updateAndGet(143)) - 6605b8a5-570b-4977-9ee7-6aaf3012bed5: start FollowerState
2019-10-18 14:58:42,231 [327657b1-60f8-49f2-b2a3-f63e1f934942@group-58A987F56150-LeaderElection308] INFO  impl.LeaderElection (LeaderElection.java:logAndReturn(56)) - 327657b1-60f8-49f2-b2a3-f63e1f934942@group-58A987F56150-LeaderElection308: Election REJECTED; received 2 response(s) [327657b1-60f8-49f2-b2a3-f63e1f934942<-6605b8a5-570b-4977-9ee7-6aaf3012bed5#0:FAIL-t355, 327657b1-60f8-49f2-b2a3-f63e1f934942<-ddd4789c-894d-475a-bbfb-f6e7aa670c92#0:FAIL-t355] and 0 exception(s); 327657b1-60f8-49f2-b2a3-f63e1f934942@group-58A987F56150:t355, leader=null, voted=327657b1-60f8-49f2-b2a3-f63e1f934942, raftlog=327657b1-60f8-49f2-b2a3-f63e1f934942@group-58A987F56150-SegmentedRaftLog:OPENED:c-1,f-1,i0, conf=-1: [6605b8a5-570b-4977-9ee7-6aaf3012bed5:192.168.164.233:35223, 327657b1-60f8-49f2-b2a3-f63e1f934942:192.168.164.233:41966, ddd4789c-894d-475a-bbfb-f6e7aa670c92:192.168.164.233:41061], old=null
2019-10-18 14:58:42,231 [327657b1-60f8-49f2-b2a3-f63e1f934942@group-58A987F56150-LeaderElection308] INFO  impl.RaftServerImpl (RaftServerImpl.java:setRole(184)) - 327657b1-60f8-49f2-b2a3-f63e1f934942@group-58A987F56150: changes role from CANDIDATE to FOLLOWER at term 355 for DISCOVERED_A_NEW_TERM
2019-10-18 14:58:42,231 [327657b1-60f8-49f2-b2a3-f63e1f934942@group-58A987F56150-LeaderElection308] INFO  impl.RoleInfo (RoleInfo.java:shutdownLeaderElection(134)) - 327657b1-60f8-49f2-b2a3-f63e1f934942: shutdown LeaderElection
2019-10-18 14:58:42,231 [327657b1-60f8-49f2-b2a3-f63e1f934942@group-58A987F56150-LeaderElection308] INFO  impl.RoleInfo (RoleInfo.java:updateAndGet(143)) - 327657b1-60f8-49f2-b2a3-f63e1f934942: start FollowerState
2019-10-18 14:58:42,431 [Thread-2357] INFO  impl.FollowerState (FollowerState.java:run(108)) - 327657b1-60f8-49f2-b2a3-f63e1f934942@group-58A987F56150-FollowerState: change to CANDIDATE, lastRpcTime:199ms, electionTimeout:199ms
2019-10-18 14:58:42,431 [Thread-2357] INFO  impl.RoleInfo (RoleInfo.java:shutdownFollowerState(121)) - 327657b1-60f8-49f2-b2a3-f63e1f934942: shutdown FollowerState
2019-10-18 14:58:42,431 [Thread-2357] INFO  impl.RaftServerImpl (RaftServerImpl.java:setRole(184)) - 327657b1-60f8-49f2-b2a3-f63e1f934942@group-58A987F56150: changes role from  FOLLOWER to CANDIDATE at term 355 for changeToCandidate
2019-10-18 14:58:42,431 [Thread-2357] INFO  impl.RoleInfo (RoleInfo.java:updateAndGet(143)) - 327657b1-60f8-49f2-b2a3-f63e1f934942: start LeaderElection
2019-10-18 14:58:42,445 [327657b1-60f8-49f2-b2a3-f63e1f934942@group-58A987F56150-LeaderElection309] INFO  impl.LeaderElection (LeaderElection.java:askForVotes(178)) - 327657b1-60f8-49f2-b2a3-f63e1f934942@group-58A987F56150-LeaderElection309: begin an election at term 356 for -1: [6605b8a5-570b-4977-9ee7-6aaf3012bed5:192.168.164.233:35223, 327657b1-60f8-49f2-b2a3-f63e1f934942:192.168.164.233:41966, ddd4789c-894d-475a-bbfb-f6e7aa670c92:192.168.164.233:41061], old=null
2019-10-18 14:58:42,448 [grpc-default-executor-1] INFO  impl.RaftServerImpl (RaftServerImpl.java:setRole(184)) - 6605b8a5-570b-4977-9ee7-6aaf3012bed5@group-58A987F56150: changes role from  FOLLOWER to FOLLOWER at term 356 for recognizeCandidate:327657b1-60f8-49f2-b2a3-f63e1f934942
2019-10-18 14:58:42,448 [grpc-default-executor-1] INFO  impl.RoleInfo (RoleInfo.java:shutdownFollowerState(121)) - 6605b8a5-570b-4977-9ee7-6aaf3012bed5: shutdown FollowerState
2019-10-18 14:58:42,448 [grpc-default-executor-3] INFO  impl.RaftServerImpl (RaftServerImpl.java:setRole(184)) - ddd4789c-894d-475a-bbfb-f6e7aa670c92@group-58A987F56150: changes role from  FOLLOWER to FOLLOWER at term 356 for recognizeCandidate:327657b1-60f8-49f2-b2a3-f63e1f934942
2019-10-18 14:58:42,448 [Thread-2356] INFO  impl.FollowerState (FollowerState.java:run(117)) - 6605b8a5-570b-4977-9ee7-6aaf3012bed5@group-58A987F56150-FollowerState was interrupted: java.lang.InterruptedException: sleep interrupted
2019-10-18 14:58:42,448 [grpc-default-executor-1] INFO  impl.RoleInfo (RoleInfo.java:updateAndGet(143)) - 6605b8a5-570b-4977-9ee7-6aaf3012bed5: start FollowerState
2019-10-18 14:58:42,448 [grpc-default-executor-3] INFO  impl.RoleInfo (RoleInfo.java:shutdownFollowerState(121)) - ddd4789c-894d-475a-bbfb-f6e7aa670c92: shutdown FollowerState
2019-10-18 14:58:42,450 [grpc-default-executor-3] INFO  impl.RoleInfo (RoleInfo.java:updateAndGet(143)) - ddd4789c-894d-475a-bbfb-f6e7aa670c92: start FollowerState
2019-10-18 14:58:42,450 [Thread-2355] INFO  impl.FollowerState (FollowerState.java:run(117)) - ddd4789c-894d-475a-bbfb-f6e7aa670c92@group-58A987F56150-FollowerState was interrupted: java.lang.InterruptedException: sleep interrupted
2019-10-18 14:58:42,475 [327657b1-60f8-49f2-b2a3-f63e1f934942@group-58A987F56150-LeaderElection309] INFO  impl.LeaderElection (LeaderElection.java:logAndReturn(56)) - 327657b1-60f8-49f2-b2a3-f63e1f934942@group-58A987F56150-LeaderElection309: Election REJECTED; received 2 response(s) [327657b1-60f8-49f2-b2a3-f63e1f934942<-6605b8a5-570b-4977-9ee7-6aaf3012bed5#0:FAIL-t356, 327657b1-60f8-49f2-b2a3-f63e1f934942<-ddd4789c-894d-475a-bbfb-f6e7aa670c92#0:FAIL-t356] and 0 exception(s); 327657b1-60f8-49f2-b2a3-f63e1f934942@group-58A987F56150:t356, leader=null, voted=327657b1-60f8-49f2-b2a3-f63e1f934942, raftlog=327657b1-60f8-49f2-b2a3-f63e1f934942@group-58A987F56150-SegmentedRaftLog:OPENED:c-1,f-1,i0, conf=-1: [6605b8a5-570b-4977-9ee7-6aaf3012bed5:192.168.164.233:35223, 327657b1-60f8-49f2-b2a3-f63e1f934942:192.168.164.233:41966, ddd4789c-894d-475a-bbfb-f6e7aa670c92:192.168.164.233:41061], old=null
2019-10-18 14:58:42,475 [327657b1-60f8-49f2-b2a3-f63e1f934942@group-58A987F56150-LeaderElection309] INFO  impl.RaftServerImpl (RaftServerImpl.java:setRole(184)) - 327657b1-60f8-49f2-b2a3-f63e1f934942@group-58A987F56150: changes role from CANDIDATE to FOLLOWER at term 356 for DISCOVERED_A_NEW_TERM
2019-10-18 14:58:42,475 [327657b1-60f8-49f2-b2a3-f63e1f934942@group-58A987F56150-LeaderElection309] INFO  impl.RoleInfo (RoleInfo.java:shutdownLeaderElection(134)) - 327657b1-60f8-49f2-b2a3-f63e1f934942: shutdown LeaderElection
2019-10-18 14:58:42,475 [327657b1-60f8-49f2-b2a3-f63e1f934942@group-58A987F56150-LeaderElection309] INFO  impl.RoleInfo (RoleInfo.java:updateAndGet(143)) - 327657b1-60f8-49f2-b2a3-f63e1f934942: start FollowerState
2019-10-18 14:58:42,661 [Thread-2363] INFO  impl.FollowerState (FollowerState.java:run(108)) - 327657b1-60f8-49f2-b2a3-f63e1f934942@group-58A987F56150-FollowerState: change to CANDIDATE, lastRpcTime:185ms, electionTimeout:185ms
2019-10-18 14:58:42,661 [Thread-2363] INFO  impl.RoleInfo (RoleInfo.java:shutdownFollowerState(121)) - 327657b1-60f8-49f2-b2a3-f63e1f934942: shutdown FollowerState
2019-10-18 14:58:42,661 [Thread-2363] INFO  impl.RaftServerImpl (RaftServerImpl.java:setRole(184)) - 327657b1-60f8-49f2-b2a3-f63e1f934942@group-58A987F56150: changes role from  FOLLOWER to CANDIDATE at term 356 for changeToCandidate
2019-10-18 14:58:42,661 [Thread-2363] INFO  impl.RoleInfo (RoleInfo.java:updateAndGet(143)) - 327657b1-60f8-49f2-b2a3-f63e1f934942: start LeaderElection
2019-10-18 14:58:42,684 [327657b1-60f8-49f2-b2a3-f63e1f934942@group-58A987F56150-LeaderElection310] INFO  impl.LeaderElection (LeaderElection.java:askForVotes(178)) - 327657b1-60f8-49f2-b2a3-f63e1f934942@group-58A987F56150-LeaderElection310: begin an election at term 357 for -1: [6605b8a5-570b-4977-9ee7-6aaf3012bed5:192.168.164.233:35223, 327657b1-60f8-49f2-b2a3-f63e1f934942:192.168.164.233:41966, ddd4789c-894d-475a-bbfb-f6e7aa670c92:192.168.164.233:41061], old=null
2019-10-18 14:58:42,686 [grpc-default-executor-1] INFO  impl.RaftServerImpl (RaftServerImpl.java:setRole(184)) - 6605b8a5-570b-4977-9ee7-6aaf3012bed5@group-58A987F56150: changes role from  FOLLOWER to FOLLOWER at term 357 for recognizeCandidate:327657b1-60f8-49f2-b2a3-f63e1f934942
2019-10-18 14:58:42,686 [grpc-default-executor-1] INFO  impl.RoleInfo (RoleInfo.java:shutdownFollowerState(121)) - 6605b8a5-570b-4977-9ee7-6aaf3012bed5: shutdown FollowerState
2019-10-18 14:58:42,686 [grpc-default-executor-3] INFO  impl.RaftServerImpl (RaftServerImpl.java:setRole(184)) - ddd4789c-894d-475a-bbfb-f6e7aa670c92@group-58A987F56150: changes role from  FOLLOWER to FOLLOWER at term 357 for recognizeCandidate:327657b1-60f8-49f2-b2a3-f63e1f934942
2019-10-18 14:58:42,687 [grpc-default-executor-3] INFO  impl.RoleInfo (RoleInfo.java:shutdownFollowerState(121)) - ddd4789c-894d-475a-bbfb-f6e7aa670c92: shutdown FollowerState
2019-10-18 14:58:42,687 [Thread-2361] INFO  impl.FollowerState (FollowerState.java:run(117)) - 6605b8a5-570b-4977-9ee7-6aaf3012bed5@group-58A987F56150-FollowerState was interrupted: java.lang.InterruptedException: sleep interrupted
2019-10-18 14:58:42,687 [grpc-default-executor-1] INFO  impl.RoleInfo (RoleInfo.java:updateAndGet(143)) - 6605b8a5-570b-4977-9ee7-6aaf3012bed5: start FollowerState
2019-10-18 14:58:42,687 [Thread-2362] INFO  impl.FollowerState (FollowerState.java:run(117)) - ddd4789c-894d-475a-bbfb-f6e7aa670c92@group-58A987F56150-FollowerState was interrupted: java.lang.InterruptedException: sleep interrupted
2019-10-18 14:58:42,687 [grpc-default-executor-3] INFO  impl.RoleInfo (RoleInfo.java:updateAndGet(143)) - ddd4789c-894d-475a-bbfb-f6e7aa670c92: start FollowerState
2019-10-18 14:58:42,712 [327657b1-60f8-49f2-b2a3-f63e1f934942@group-58A987F56150-LeaderElection310] INFO  impl.LeaderElection (LeaderElection.java:logAndReturn(56)) - 327657b1-60f8-49f2-b2a3-f63e1f934942@group-58A987F56150-LeaderElection310: Election REJECTED; received 2 response(s) [327657b1-60f8-49f2-b2a3-f63e1f934942<-6605b8a5-570b-4977-9ee7-6aaf3012bed5#0:FAIL-t357, 327657b1-60f8-49f2-b2a3-f63e1f934942<-ddd4789c-894d-475a-bbfb-f6e7aa670c92#0:FAIL-t357] and 0 exception(s); 327657b1-60f8-49f2-b2a3-f63e1f934942@group-58A987F56150:t357, leader=null, voted=327657b1-60f8-49f2-b2a3-f63e1f934942, raftlog=327657b1-60f8-49f2-b2a3-f63e1f934942@group-58A987F56150-SegmentedRaftLog:OPENED:c-1,f-1,i0, conf=-1: [6605b8a5-570b-4977-9ee7-6aaf3012bed5:192.168.164.233:35223, 327657b1-60f8-49f2-b2a3-f63e1f934942:192.168.164.233:41966, ddd4789c-894d-475a-bbfb-f6e7aa670c92:192.168.164.233:41061], old=null
2019-10-18 14:58:42,713 [327657b1-60f8-49f2-b2a3-f63e1f934942@group-58A987F56150-LeaderElection310] INFO  impl.RaftServerImpl (RaftServerImpl.java:setRole(184)) - 327657b1-60f8-49f2-b2a3-f63e1f934942@group-58A987F56150: changes role from CANDIDATE to FOLLOWER at term 357 for DISCOVERED_A_NEW_TERM
2019-10-18 14:58:42,713 [327657b1-60f8-49f2-b2a3-f63e1f934942@group-58A987F56150-LeaderElection310] INFO  impl.RoleInfo (RoleInfo.java:shutdownLeaderElection(134)) - 327657b1-60f8-49f2-b2a3-f63e1f934942: shutdown LeaderElection
2019-10-18 14:58:42,713 [327657b1-60f8-49f2-b2a3-f63e1f934942@group-58A987F56150-LeaderElection310] INFO  impl.RoleInfo (RoleInfo.java:updateAndGet(143)) - 327657b1-60f8-49f2-b2a3-f63e1f934942: start FollowerState
2019-10-18 14:58:42,792 [Thread-2369] INFO  impl.FollowerState (FollowerState.java:run(108)) - 327657b1-60f8-49f2-b2a3-f63e1f934942@group-58A987F56150-FollowerState: change to CANDIDATE, lastRpcTime:79ms, electionTimeout:79ms
2019-10-18 14:58:42,792 [Thread-2369] INFO  impl.RoleInfo (RoleInfo.java:shutdownFollowerState(121)) - 327657b1-60f8-49f2-b2a3-f63e1f934942: shutdown FollowerState
2019-10-18 14:58:42,792 [Thread-2369] INFO  impl.RaftServerImpl (RaftServerImpl.java:setRole(184)) - 327657b1-60f8-49f2-b2a3-f63e1f934942@group-58A987F56150: changes role from  FOLLOWER to CANDIDATE at term 357 for changeToCandidate
2019-10-18 14:58:42,793 [Thread-2369] INFO  impl.RoleInfo (RoleInfo.java:updateAndGet(143)) - 327657b1-60f8-49f2-b2a3-f63e1f934942: start LeaderElection
2019-10-18 14:58:42,806 [327657b1-60f8-49f2-b2a3-f63e1f934942@group-58A987F56150-LeaderElection311] INFO  impl.LeaderElection (LeaderElection.java:askForVotes(178)) - 327657b1-60f8-49f2-b2a3-f63e1f934942@group-58A987F56150-LeaderElection311: begin an election at term 358 for -1: [6605b8a5-570b-4977-9ee7-6aaf3012bed5:192.168.164.233:35223, 327657b1-60f8-49f2-b2a3-f63e1f934942:192.168.164.233:41966, ddd4789c-894d-475a-bbfb-f6e7aa670c92:192.168.164.233:41061], old=null
2019-10-18 14:58:42,808 [grpc-default-executor-1] INFO  impl.RaftServerImpl (RaftServerImpl.java:setRole(184)) - ddd4789c-894d-475a-bbfb-f6e7aa670c92@group-58A987F56150: changes role from  FOLLOWER to FOLLOWER at term 358 for recognizeCandidate:327657b1-60f8-49f2-b2a3-f63e1f934942
2019-10-18 14:58:42,808 [grpc-default-executor-1] INFO  impl.RoleInfo (RoleInfo.java:shutdownFollowerState(121)) - ddd4789c-894d-475a-bbfb-f6e7aa670c92: shutdown FollowerState
2019-10-18 14:58:42,808 [grpc-default-executor-3] INFO  impl.RaftServerImpl (RaftServerImpl.java:setRole(184)) - 6605b8a5-570b-4977-9ee7-6aaf3012bed5@group-58A987F56150: changes role from  FOLLOWER to FOLLOWER at term 358 for recognizeCandidate:327657b1-60f8-49f2-b2a3-f63e1f934942
2019-10-18 14:58:42,808 [grpc-default-executor-3] INFO  impl.RoleInfo (RoleInfo.java:shutdownFollowerState(121)) - 6605b8a5-570b-4977-9ee7-6aaf3012bed5: shutdown FollowerState
2019-10-18 14:58:42,808 [Thread-2368] INFO  impl.FollowerState (FollowerState.java:run(117)) - ddd4789c-894d-475a-bbfb-f6e7aa670c92@group-58A987F56150-FollowerState was interrupted: java.lang.InterruptedException: sleep interrupted
2019-10-18 14:58:42,808 [Thread-2367] INFO  impl.FollowerState (FollowerState.java:run(117)) - 6605b8a5-570b-4977-9ee7-6aaf3012bed5@group-58A987F56150-FollowerState was interrupted: java.lang.InterruptedException: sleep interrupted
2019-10-18 14:58:42,808 [grpc-default-executor-1] INFO  impl.RoleInfo (RoleInfo.java:updateAndGet(143)) - ddd4789c-894d-475a-bbfb-f6e7aa670c92: start FollowerState
2019-10-18 14:58:42,808 [grpc-default-executor-3] INFO  impl.RoleInfo (RoleInfo.java:updateAndGet(143)) - 6605b8a5-570b-4977-9ee7-6aaf3012bed5: start FollowerState
2019-10-18 14:58:42,834 [327657b1-60f8-49f2-b2a3-f63e1f934942@group-58A987F56150-LeaderElection311] INFO  impl.LeaderElection (LeaderElection.java:logAndReturn(56)) - 327657b1-60f8-49f2-b2a3-f63e1f934942@group-58A987F56150-LeaderElection311: Election REJECTED; received 2 response(s) [327657b1-60f8-49f2-b2a3-f63e1f934942<-6605b8a5-570b-4977-9ee7-6aaf3012bed5#0:FAIL-t358, 327657b1-60f8-49f2-b2a3-f63e1f934942<-ddd4789c-894d-475a-bbfb-f6e7aa670c92#0:FAIL-t358] and 0 exception(s); 327657b1-60f8-49f2-b2a3-f63e1f934942@group-58A987F56150:t358, leader=null, voted=327657b1-60f8-49f2-b2a3-f63e1f934942, raftlog=327657b1-60f8-49f2-b2a3-f63e1f934942@group-58A987F56150-SegmentedRaftLog:OPENED:c-1,f-1,i0, conf=-1: [6605b8a5-570b-4977-9ee7-6aaf3012bed5:192.168.164.233:35223, 327657b1-60f8-49f2-b2a3-f63e1f934942:192.168.164.233:41966, ddd4789c-894d-475a-bbfb-f6e7aa670c92:192.168.164.233:41061], old=null
2019-10-18 14:58:42,834 [327657b1-60f8-49f2-b2a3-f63e1f934942@group-58A987F56150-LeaderElection311] INFO  impl.RaftServerImpl (RaftServerImpl.java:setRole(184)) - 327657b1-60f8-49f2-b2a3-f63e1f934942@group-58A987F56150: changes role from CANDIDATE to FOLLOWER at term 358 for DISCOVERED_A_NEW_TERM
2019-10-18 14:58:42,834 [327657b1-60f8-49f2-b2a3-f63e1f934942@group-58A987F56150-LeaderElection311] INFO  impl.RoleInfo (RoleInfo.java:shutdownLeaderElection(134)) - 327657b1-60f8-49f2-b2a3-f63e1f934942: shutdown LeaderElection
2019-10-18 14:58:42,835 [327657b1-60f8-49f2-b2a3-f63e1f934942@group-58A987F56150-LeaderElection311] INFO  impl.RoleInfo (RoleInfo.java:updateAndGet(143)) - 327657b1-60f8-49f2-b2a3-f63e1f934942: start FollowerState
2019-10-18 14:58:43,011 [Thread-2375] INFO  impl.FollowerState (FollowerState.java:run(108)) - 327657b1-60f8-49f2-b2a3-f63e1f934942@group-58A987F56150-FollowerState: change to CANDIDATE, lastRpcTime:176ms, electionTimeout:176ms
2019-10-18 14:58:43,011 [Thread-2375] INFO  impl.RoleInfo (RoleInfo.java:shutdownFollowerState(121)) - 327657b1-60f8-49f2-b2a3-f63e1f934942: shutdown FollowerState
2019-10-18 14:58:43,011 [Thread-2375] INFO  impl.RaftServerImpl (RaftServerImpl.java:setRole(184)) - 327657b1-60f8-49f2-b2a3-f63e1f934942@group-58A987F56150: changes role from  FOLLOWER to CANDIDATE at term 358 for changeToCandidate
2019-10-18 14:58:43,012 [Thread-2375] INFO  impl.RoleInfo (RoleInfo.java:updateAndGet(143)) - 327657b1-60f8-49f2-b2a3-f63e1f934942: start LeaderElection
2019-10-18 14:58:43,026 [327657b1-60f8-49f2-b2a3-f63e1f934942@group-58A987F56150-LeaderElection312] INFO  impl.LeaderElection (LeaderElection.java:askForVotes(178)) - 327657b1-60f8-49f2-b2a3-f63e1f934942@group-58A987F56150-LeaderElection312: begin an election at term 359 for -1: [6605b8a5-570b-4977-9ee7-6aaf3012bed5:192.168.164.233:35223, 327657b1-60f8-49f2-b2a3-f63e1f934942:192.168.164.233:41966, ddd4789c-894d-475a-bbfb-f6e7aa670c92:192.168.164.233:41061], old=null
2019-10-18 14:58:43,028 [grpc-default-executor-3] INFO  impl.RaftServerImpl (RaftServerImpl.java:setRole(184)) - 6605b8a5-570b-4977-9ee7-6aaf3012bed5@group-58A987F56150: changes role from  FOLLOWER to FOLLOWER at term 359 for recognizeCandidate:327657b1-60f8-49f2-b2a3-f63e1f934942
2019-10-18 14:58:43,028 [grpc-default-executor-1] INFO  impl.RaftServerImpl (RaftServerImpl.java:setRole(184)) - ddd4789c-894d-475a-bbfb-f6e7aa670c92@group-58A987F56150: changes role from  FOLLOWER to FOLLOWER at term 359 for recognizeCandidate:327657b1-60f8-49f2-b2a3-f63e1f934942
2019-10-18 14:58:43,029 [grpc-default-executor-3] INFO  impl.RoleInfo (RoleInfo.java:shutdownFollowerState(121)) - 6605b8a5-570b-4977-9ee7-6aaf3012bed5: shutdown FollowerState
2019-10-18 14:58:43,029 [grpc-default-executor-1] INFO  impl.RoleInfo (RoleInfo.java:shutdownFollowerState(121)) - ddd4789c-894d-475a-bbfb-f6e7aa670c92: shutdown FollowerState
2019-10-18 14:58:43,029 [Thread-2374] INFO  impl.FollowerState (FollowerState.java:run(117)) - 6605b8a5-570b-4977-9ee7-6aaf3012bed5@group-58A987F56150-FollowerState was interrupted: java.lang.InterruptedException: sleep interrupted
2019-10-18 14:58:43,029 [Thread-2373] INFO  impl.FollowerState (FollowerState.java:run(117)) - ddd4789c-894d-475a-bbfb-f6e7aa670c92@group-58A987F56150-FollowerState was interrupted: java.lang.InterruptedException: sleep interrupted
2019-10-18 14:58:43,029 [grpc-default-executor-3] INFO  impl.RoleInfo (RoleInfo.java:updateAndGet(143)) - 6605b8a5-570b-4977-9ee7-6aaf3012bed5: start FollowerState
2019-10-18 14:58:43,029 [grpc-default-executor-1] INFO  impl.RoleInfo (RoleInfo.java:updateAndGet(143)) - ddd4789c-894d-475a-bbfb-f6e7aa670c92: start FollowerState
2019-10-18 14:58:43,043 [327657b1-60f8-49f2-b2a3-f63e1f934942@group-58A987F56150-LeaderElection312] INFO  impl.LeaderElection (LeaderElection.java:logAndReturn(56)) - 327657b1-60f8-49f2-b2a3-f63e1f934942@group-58A987F56150-LeaderElection312: Election REJECTED; received 2 response(s) [327657b1-60f8-49f2-b2a3-f63e1f934942<-6605b8a5-570b-4977-9ee7-6aaf3012bed5#0:FAIL-t359, 327657b1-60f8-49f2-b2a3-f63e1f934942<-ddd4789c-894d-475a-bbfb-f6e7aa670c92#0:FAIL-t359] and 0 exception(s); 327657b1-60f8-49f2-b2a3-f63e1f934942@group-58A987F56150:t359, leader=null, voted=327657b1-60f8-49f2-b2a3-f63e1f934942, raftlog=327657b1-60f8-49f2-b2a3-f63e1f934942@group-58A987F56150-SegmentedRaftLog:OPENED:c-1,f-1,i0, conf=-1: [6605b8a5-570b-4977-9ee7-6aaf3012bed5:192.168.164.233:35223, 327657b1-60f8-49f2-b2a3-f63e1f934942:192.168.164.233:41966, ddd4789c-894d-475a-bbfb-f6e7aa670c92:192.168.164.233:41061], old=null
2019-10-18 14:58:43,043 [327657b1-60f8-49f2-b2a3-f63e1f934942@group-58A987F56150-LeaderElection312] INFO  impl.RaftServerImpl (RaftServerImpl.java:setRole(184)) - 327657b1-60f8-49f2-b2a3-f63e1f934942@group-58A987F56150: changes role from CANDIDATE to FOLLOWER at term 359 for DISCOVERED_A_NEW_TERM
2019-10-18 14:58:43,043 [327657b1-60f8-49f2-b2a3-f63e1f934942@group-58A987F56150-LeaderElection312] INFO  impl.RoleInfo (RoleInfo.java:shutdownLeaderElection(134)) - 327657b1-60f8-49f2-b2a3-f63e1f934942: shutdown LeaderElection
2019-10-18 14:58:43,043 [327657b1-60f8-49f2-b2a3-f63e1f934942@group-58A987F56150-LeaderElection312] INFO  impl.RoleInfo (RoleInfo.java:updateAndGet(143)) - 327657b1-60f8-49f2-b2a3-f63e1f934942: start FollowerState
2019-10-18 14:58:43,229 [Thread-2381] INFO  impl.FollowerState (FollowerState.java:run(108)) - 327657b1-60f8-49f2-b2a3-f63e1f934942@group-58A987F56150-FollowerState: change to CANDIDATE, lastRpcTime:185ms, electionTimeout:185ms
2019-10-18 14:58:43,229 [Thread-2381] INFO  impl.RoleInfo (RoleInfo.java:shutdownFollowerState(121)) - 327657b1-60f8-49f2-b2a3-f63e1f934942: shutdown FollowerState
2019-10-18 14:58:43,229 [Thread-2381] INFO  impl.RaftServerImpl (RaftServerImpl.java:setRole(184)) - 327657b1-60f8-49f2-b2a3-f63e1f934942@group-58A987F56150: changes role from  FOLLOWER to CANDIDATE at term 359 for changeToCandidate
2019-10-18 14:58:43,229 [Thread-2381] INFO  impl.RoleInfo (RoleInfo.java:updateAndGet(143)) - 327657b1-60f8-49f2-b2a3-f63e1f934942: start LeaderElection
2019-10-18 14:58:43,242 [327657b1-60f8-49f2-b2a3-f63e1f934942@group-58A987F56150-LeaderElection313] INFO  impl.LeaderElection (LeaderElection.java:askForVotes(178)) - 327657b1-60f8-49f2-b2a3-f63e1f934942@group-58A987F56150-LeaderElection313: begin an election at term 360 for -1: [6605b8a5-570b-4977-9ee7-6aaf3012bed5:192.168.164.233:35223, 327657b1-60f8-49f2-b2a3-f63e1f934942:192.168.164.233:41966, ddd4789c-894d-475a-bbfb-f6e7aa670c92:192.168.164.233:41061], old=null
2019-10-18 14:58:43,244 [grpc-default-executor-1] INFO  impl.RaftServerImpl (RaftServerImpl.java:setRole(184)) - 6605b8a5-570b-4977-9ee7-6aaf3012bed5@group-58A987F56150: changes role from  FOLLOWER to FOLLOWER at term 360 for recognizeCandidate:327657b1-60f8-49f2-b2a3-f63e1f934942
2019-10-18 14:58:43,244 [grpc-default-executor-1] INFO  impl.RoleInfo (RoleInfo.java:shutdownFollowerState(121)) - 6605b8a5-570b-4977-9ee7-6aaf3012bed5: shutdown FollowerState
2019-10-18 14:58:43,244 [grpc-default-executor-1] INFO  impl.RoleInfo (RoleInfo.java:updateAndGet(143)) - 6605b8a5-570b-4977-9ee7-6aaf3012bed5: start FollowerState
2019-10-18 14:58:43,244 [Thread-2379] INFO  impl.FollowerState (FollowerState.java:run(117)) - 6605b8a5-570b-4977-9ee7-6aaf3012bed5@group-58A987F56150-FollowerState was interrupted: java.lang.InterruptedException: sleep interrupted
2019-10-18 14:58:43,244 [grpc-default-executor-3] INFO  impl.RaftServerImpl (RaftServerImpl.java:setRole(184)) - ddd4789c-894d-475a-bbfb-f6e7aa670c92@group-58A987F56150: changes role from  FOLLOWER to FOLLOWER at term 360 for recognizeCandidate:327657b1-60f8-49f2-b2a3-f63e1f934942
2019-10-18 14:58:43,244 [grpc-default-executor-3] INFO  impl.RoleInfo (RoleInfo.java:shutdownFollowerState(121)) - ddd4789c-894d-475a-bbfb-f6e7aa670c92: shutdown FollowerState
2019-10-18 14:58:43,245 [grpc-default-executor-3] INFO  impl.RoleInfo (RoleInfo.java:updateAndGet(143)) - ddd4789c-894d-475a-bbfb-f6e7aa670c92: start FollowerState
2019-10-18 14:58:43,245 [Thread-2380] INFO  impl.FollowerState (FollowerState.java:run(117)) - ddd4789c-894d-475a-bbfb-f6e7aa670c92@group-58A987F56150-FollowerState was interrupted: java.lang.InterruptedException: sleep interrupted
2019-10-18 14:58:43,285 [327657b1-60f8-49f2-b2a3-f63e1f934942@group-58A987F56150-LeaderElection313] INFO  impl.LeaderElection (LeaderElection.java:logAndReturn(56)) - 327657b1-60f8-49f2-b2a3-f63e1f934942@group-58A987F56150-LeaderElection313: Election REJECTED; received 2 response(s) [327657b1-60f8-49f2-b2a3-f63e1f934942<-6605b8a5-570b-4977-9ee7-6aaf3012bed5#0:FAIL-t360, 327657b1-60f8-49f2-b2a3-f63e1f934942<-ddd4789c-894d-475a-bbfb-f6e7aa670c92#0:FAIL-t360] and 0 exception(s); 327657b1-60f8-49f2-b2a3-f63e1f934942@group-58A987F56150:t360, leader=null, voted=327657b1-60f8-49f2-b2a3-f63e1f934942, raftlog=327657b1-60f8-49f2-b2a3-f63e1f934942@group-58A987F56150-SegmentedRaftLog:OPENED:c-1,f-1,i0, conf=-1: [6605b8a5-570b-4977-9ee7-6aaf3012bed5:192.168.164.233:35223, 327657b1-60f8-49f2-b2a3-f63e1f934942:192.168.164.233:41966, ddd4789c-894d-475a-bbfb-f6e7aa670c92:192.168.164.233:41061], old=null
2019-10-18 14:58:43,285 [327657b1-60f8-49f2-b2a3-f63e1f934942@group-58A987F56150-LeaderElection313] INFO  impl.RaftServerImpl (RaftServerImpl.java:setRole(184)) - 327657b1-60f8-49f2-b2a3-f63e1f934942@group-58A987F56150: changes role from CANDIDATE to FOLLOWER at term 360 for DISCOVERED_A_NEW_TERM
2019-10-18 14:58:43,285 [327657b1-60f8-49f2-b2a3-f63e1f934942@group-58A987F56150-LeaderElection313] INFO  impl.RoleInfo (RoleInfo.java:shutdownLeaderElection(134)) - 327657b1-60f8-49f2-b2a3-f63e1f934942: shutdown LeaderElection
2019-10-18 14:58:43,286 [327657b1-60f8-49f2-b2a3-f63e1f934942@group-58A987F56150-LeaderElection313] INFO  impl.RoleInfo (RoleInfo.java:updateAndGet(143)) - 327657b1-60f8-49f2-b2a3-f63e1f934942: start FollowerState
2019-10-18 14:58:43,439 [Thread-2389] INFO  impl.FollowerState (FollowerState.java:run(108)) - 327657b1-60f8-49f2-b2a3-f63e1f934942@group-58A987F56150-FollowerState: change to CANDIDATE, lastRpcTime:153ms, electionTimeout:153ms
2019-10-18 14:58:43,439 [Thread-2389] INFO  impl.RoleInfo (RoleInfo.java:shutdownFollowerState(121)) - 327657b1-60f8-49f2-b2a3-f63e1f934942: shutdown FollowerState
2019-10-18 14:58:43,439 [Thread-2389] INFO  impl.RaftServerImpl (RaftServerImpl.java:setRole(184)) - 327657b1-60f8-49f2-b2a3-f63e1f934942@group-58A987F56150: changes role from  FOLLOWER to CANDIDATE at term 360 for changeToCandidate
2019-10-18 14:58:43,439 [Thread-2389] INFO  impl.RoleInfo (RoleInfo.java:updateAndGet(143)) - 327657b1-60f8-49f2-b2a3-f63e1f934942: start LeaderElection
2019-10-18 14:58:43,453 [327657b1-60f8-49f2-b2a3-f63e1f934942@group-58A987F56150-LeaderElection314] INFO  impl.LeaderElection (LeaderElection.java:askForVotes(178)) - 327657b1-60f8-49f2-b2a3-f63e1f934942@group-58A987F56150-LeaderElection314: begin an election at term 361 for -1: [6605b8a5-570b-4977-9ee7-6aaf3012bed5:192.168.164.233:35223, 327657b1-60f8-49f2-b2a3-f63e1f934942:192.168.164.233:41966, ddd4789c-894d-475a-bbfb-f6e7aa670c92:192.168.164.233:41061], old=null
2019-10-18 14:58:43,455 [grpc-default-executor-1] INFO  impl.RaftServerImpl (RaftServerImpl.java:setRole(184)) - 6605b8a5-570b-4977-9ee7-6aaf3012bed5@group-58A987F56150: changes role from  FOLLOWER to FOLLOWER at term 361 for recognizeCandidate:327657b1-60f8-49f2-b2a3-f63e1f934942
2019-10-18 14:58:43,455 [grpc-default-executor-1] INFO  impl.RoleInfo (RoleInfo.java:shutdownFollowerState(121)) - 6605b8a5-570b-4977-9ee7-6aaf3012bed5: shutdown FollowerState
2019-10-18 14:58:43,455 [grpc-default-executor-3] INFO  impl.RaftServerImpl (RaftServerImpl.java:setRole(184)) - ddd4789c-894d-475a-bbfb-f6e7aa670c92@group-58A987F56150: changes role from  FOLLOWER to FOLLOWER at term 361 for recognizeCandidate:327657b1-60f8-49f2-b2a3-f63e1f934942
2019-10-18 14:58:43,455 [Thread-2387] INFO  impl.FollowerState (FollowerState.java:run(117)) - 6605b8a5-570b-4977-9ee7-6aaf3012bed5@group-58A987F56150-FollowerState was interrupted: java.lang.InterruptedException: sleep interrupted
2019-10-18 14:58:43,455 [grpc-default-executor-1] INFO  impl.RoleInfo (RoleInfo.java:updateAndGet(143)) - 6605b8a5-570b-4977-9ee7-6aaf3012bed5: start FollowerState
2019-10-18 14:58:43,455 [grpc-default-executor-3] INFO  impl.RoleInfo (RoleInfo.java:shutdownFollowerState(121)) - ddd4789c-894d-475a-bbfb-f6e7aa670c92: shutdown FollowerState
2019-10-18 14:58:43,455 [grpc-default-executor-3] INFO  impl.RoleInfo (RoleInfo.java:updateAndGet(143)) - ddd4789c-894d-475a-bbfb-f6e7aa670c92: start FollowerState
2019-10-18 14:58:43,455 [Thread-2388] INFO  impl.FollowerState (FollowerState.java:run(117)) - ddd4789c-894d-475a-bbfb-f6e7aa670c92@group-58A987F56150-FollowerState was interrupted: java.lang.InterruptedException: sleep interrupted
2019-10-18 14:58:43,481 [327657b1-60f8-49f2-b2a3-f63e1f934942@group-58A987F56150-LeaderElection314] INFO  impl.LeaderElection (LeaderElection.java:logAndReturn(56)) - 327657b1-60f8-49f2-b2a3-f63e1f934942@group-58A987F56150-LeaderElection314: Election REJECTED; received 2 response(s) [327657b1-60f8-49f2-b2a3-f63e1f934942<-6605b8a5-570b-4977-9ee7-6aaf3012bed5#0:FAIL-t361, 327657b1-60f8-49f2-b2a3-f63e1f934942<-ddd4789c-894d-475a-bbfb-f6e7aa670c92#0:FAIL-t361] and 0 exception(s); 327657b1-60f8-49f2-b2a3-f63e1f934942@group-58A987F56150:t361, leader=null, voted=327657b1-60f8-49f2-b2a3-f63e1f934942, raftlog=327657b1-60f8-49f2-b2a3-f63e1f934942@group-58A987F56150-SegmentedRaftLog:OPENED:c-1,f-1,i0, conf=-1: [6605b8a5-570b-4977-9ee7-6aaf3012bed5:192.168.164.233:35223, 327657b1-60f8-49f2-b2a3-f63e1f934942:192.168.164.233:41966, ddd4789c-894d-475a-bbfb-f6e7aa670c92:192.168.164.233:41061], old=null
2019-10-18 14:58:43,481 [327657b1-60f8-49f2-b2a3-f63e1f934942@group-58A987F56150-LeaderElection314] INFO  impl.RaftServerImpl (RaftServerImpl.java:setRole(184)) - 327657b1-60f8-49f2-b2a3-f63e1f934942@group-58A987F56150: changes role from CANDIDATE to FOLLOWER at term 361 for DISCOVERED_A_NEW_TERM
2019-10-18 14:58:43,481 [327657b1-60f8-49f2-b2a3-f63e1f934942@group-58A987F56150-LeaderElection314] INFO  impl.RoleInfo (RoleInfo.java:shutdownLeaderElection(134)) - 327657b1-60f8-49f2-b2a3-f63e1f934942: shutdown LeaderElection
2019-10-18 14:58:43,481 [327657b1-60f8-49f2-b2a3-f63e1f934942@group-58A987F56150-LeaderElection314] INFO  impl.RoleInfo (RoleInfo.java:updateAndGet(143)) - 327657b1-60f8-49f2-b2a3-f63e1f934942: start FollowerState
2019-10-18 14:58:43,496 [Thread-2395] INFO  impl.FollowerState (FollowerState.java:run(108)) - 327657b1-60f8-49f2-b2a3-f63e1f934942@group-58A987F56150-FollowerState: change to CANDIDATE, lastRpcTime:15ms, electionTimeout:15ms
2019-10-18 14:58:43,496 [Thread-2395] INFO  impl.RoleInfo (RoleInfo.java:shutdownFollowerState(121)) - 327657b1-60f8-49f2-b2a3-f63e1f934942: shutdown FollowerState
2019-10-18 14:58:43,497 [Thread-2395] INFO  impl.RaftServerImpl (RaftServerImpl.java:setRole(184)) - 327657b1-60f8-49f2-b2a3-f63e1f934942@group-58A987F56150: changes role from  FOLLOWER to CANDIDATE at term 361 for changeToCandidate
2019-10-18 14:58:43,497 [Thread-2395] INFO  impl.RoleInfo (RoleInfo.java:updateAndGet(143)) - 327657b1-60f8-49f2-b2a3-f63e1f934942: start LeaderElection
2019-10-18 14:58:43,522 [327657b1-60f8-49f2-b2a3-f63e1f934942@group-58A987F56150-LeaderElection315] INFO  impl.LeaderElection (LeaderElection.java:askForVotes(178)) - 327657b1-60f8-49f2-b2a3-f63e1f934942@group-58A987F56150-LeaderElection315: begin an election at term 362 for -1: [6605b8a5-570b-4977-9ee7-6aaf3012bed5:192.168.164.233:35223, 327657b1-60f8-49f2-b2a3-f63e1f934942:192.168.164.233:41966, ddd4789c-894d-475a-bbfb-f6e7aa670c92:192.168.164.233:41061], old=null
2019-10-18 14:58:43,524 [grpc-default-executor-1] INFO  impl.RaftServerImpl (RaftServerImpl.java:setRole(184)) - 6605b8a5-570b-4977-9ee7-6aaf3012bed5@group-58A987F56150: changes role from  FOLLOWER to FOLLOWER at term 362 for recognizeCandidate:327657b1-60f8-49f2-b2a3-f63e1f934942
2019-10-18 14:58:43,524 [grpc-default-executor-1] INFO  impl.RoleInfo (RoleInfo.java:shutdownFollowerState(121)) - 6605b8a5-570b-4977-9ee7-6aaf3012bed5: shutdown FollowerState
2019-10-18 14:58:43,524 [grpc-default-executor-3] INFO  impl.RaftServerImpl (RaftServerImpl.java:setRole(184)) - ddd4789c-894d-475a-bbfb-f6e7aa670c92@group-58A987F56150: changes role from  FOLLOWER to FOLLOWER at term 362 for recognizeCandidate:327657b1-60f8-49f2-b2a3-f63e1f934942
2019-10-18 14:58:43,524 [grpc-default-executor-3] INFO  impl.RoleInfo (RoleInfo.java:shutdownFollowerState(121)) - ddd4789c-894d-475a-bbfb-f6e7aa670c92: shutdown FollowerState
2019-10-18 14:58:43,524 [Thread-2393] INFO  impl.FollowerState (FollowerState.java:run(117)) - 6605b8a5-570b-4977-9ee7-6aaf3012bed5@group-58A987F56150-FollowerState was interrupted: java.lang.InterruptedException: sleep interrupted
2019-10-18 14:58:43,524 [grpc-default-executor-1] INFO  impl.RoleInfo (RoleInfo.java:updateAndGet(143)) - 6605b8a5-570b-4977-9ee7-6aaf3012bed5: start FollowerState
2019-10-18 14:58:43,524 [Thread-2394] INFO  impl.FollowerState (FollowerState.java:run(117)) - ddd4789c-894d-475a-bbfb-f6e7aa670c92@group-58A987F56150-FollowerState was interrupted: java.lang.InterruptedException: sleep interrupted
2019-10-18 14:58:43,524 [grpc-default-executor-3] INFO  impl.RoleInfo (RoleInfo.java:updateAndGet(143)) - ddd4789c-894d-475a-bbfb-f6e7aa670c92: start FollowerState
2019-10-18 14:58:43,550 [327657b1-60f8-49f2-b2a3-f63e1f934942@group-58A987F56150-LeaderElection315] INFO  impl.LeaderElection (LeaderElection.java:logAndReturn(56)) - 327657b1-60f8-49f2-b2a3-f63e1f934942@group-58A987F56150-LeaderElection315: Election REJECTED; received 2 response(s) [327657b1-60f8-49f2-b2a3-f63e1f934942<-6605b8a5-570b-4977-9ee7-6aaf3012bed5#0:FAIL-t362, 327657b1-60f8-49f2-b2a3-f63e1f934942<-ddd4789c-894d-475a-bbfb-f6e7aa670c92#0:FAIL-t362] and 0 exception(s); 327657b1-60f8-49f2-b2a3-f63e1f934942@group-58A987F56150:t362, leader=null, voted=327657b1-60f8-49f2-b2a3-f63e1f934942, raftlog=327657b1-60f8-49f2-b2a3-f63e1f934942@group-58A987F56150-SegmentedRaftLog:OPENED:c-1,f-1,i0, conf=-1: [6605b8a5-570b-4977-9ee7-6aaf3012bed5:192.168.164.233:35223, 327657b1-60f8-49f2-b2a3-f63e1f934942:192.168.164.233:41966, ddd4789c-894d-475a-bbfb-f6e7aa670c92:192.168.164.233:41061], old=null
2019-10-18 14:58:43,550 [327657b1-60f8-49f2-b2a3-f63e1f934942@group-58A987F56150-LeaderElection315] INFO  impl.RaftServerImpl (RaftServerImpl.java:setRole(184)) - 327657b1-60f8-49f2-b2a3-f63e1f934942@group-58A987F56150: changes role from CANDIDATE to FOLLOWER at term 362 for DISCOVERED_A_NEW_TERM
2019-10-18 14:58:43,550 [327657b1-60f8-49f2-b2a3-f63e1f934942@group-58A987F56150-LeaderElection315] INFO  impl.RoleInfo (RoleInfo.java:shutdownLeaderElection(134)) - 327657b1-60f8-49f2-b2a3-f63e1f934942: shutdown LeaderElection
2019-10-18 14:58:43,550 [327657b1-60f8-49f2-b2a3-f63e1f934942@group-58A987F56150-LeaderElection315] INFO  impl.RoleInfo (RoleInfo.java:updateAndGet(143)) - 327657b1-60f8-49f2-b2a3-f63e1f934942: start FollowerState
2019-10-18 14:58:43,723 [Thread-2401] INFO  impl.FollowerState (FollowerState.java:run(108)) - 327657b1-60f8-49f2-b2a3-f63e1f934942@group-58A987F56150-FollowerState: change to CANDIDATE, lastRpcTime:172ms, electionTimeout:172ms
2019-10-18 14:58:43,723 [Thread-2401] INFO  impl.RoleInfo (RoleInfo.java:shutdownFollowerState(121)) - 327657b1-60f8-49f2-b2a3-f63e1f934942: shutdown FollowerState
2019-10-18 14:58:43,723 [Thread-2401] INFO  impl.RaftServerImpl (RaftServerImpl.java:setRole(184)) - 327657b1-60f8-49f2-b2a3-f63e1f934942@group-58A987F56150: changes role from  FOLLOWER to CANDIDATE at term 362 for changeToCandidate
2019-10-18 14:58:43,723 [Thread-2401] INFO  impl.RoleInfo (RoleInfo.java:updateAndGet(143)) - 327657b1-60f8-49f2-b2a3-f63e1f934942: start LeaderElection
2019-10-18 14:58:43,737 [327657b1-60f8-49f2-b2a3-f63e1f934942@group-58A987F56150-LeaderElection316] INFO  impl.LeaderElection (LeaderElection.java:askForVotes(178)) - 327657b1-60f8-49f2-b2a3-f63e1f934942@group-58A987F56150-LeaderElection316: begin an election at term 363 for -1: [6605b8a5-570b-4977-9ee7-6aaf3012bed5:192.168.164.233:35223, 327657b1-60f8-49f2-b2a3-f63e1f934942:192.168.164.233:41966, ddd4789c-894d-475a-bbfb-f6e7aa670c92:192.168.164.233:41061], old=null
2019-10-18 14:58:43,739 [grpc-default-executor-1] INFO  impl.RaftServerImpl (RaftServerImpl.java:setRole(184)) - 6605b8a5-570b-4977-9ee7-6aaf3012bed5@group-58A987F56150: changes role from  FOLLOWER to FOLLOWER at term 363 for recognizeCandidate:327657b1-60f8-49f2-b2a3-f63e1f934942
2019-10-18 14:58:43,739 [grpc-default-executor-3] INFO  impl.RaftServerImpl (RaftServerImpl.java:setRole(184)) - ddd4789c-894d-475a-bbfb-f6e7aa670c92@group-58A987F56150: changes role from  FOLLOWER to FOLLOWER at term 363 for recognizeCandidate:327657b1-60f8-49f2-b2a3-f63e1f934942
2019-10-18 14:58:43,739 [grpc-default-executor-3] INFO  impl.RoleInfo (RoleInfo.java:shutdownFollowerState(121)) - ddd4789c-894d-475a-bbfb-f6e7aa670c92: shutdown FollowerState
2019-10-18 14:58:43,739 [grpc-default-executor-1] INFO  impl.RoleInfo (RoleInfo.java:shutdownFollowerState(121)) - 6605b8a5-570b-4977-9ee7-6aaf3012bed5: shutdown FollowerState
2019-10-18 14:58:43,739 [Thread-2400] INFO  impl.FollowerState (FollowerState.java:run(117)) - ddd4789c-894d-475a-bbfb-f6e7aa670c92@group-58A987F56150-FollowerState was interrupted: java.lang.InterruptedException: sleep interrupted
2019-10-18 14:58:43,739 [grpc-default-executor-3] INFO  impl.RoleInfo (RoleInfo.java:updateAndGet(143)) - ddd4789c-894d-475a-bbfb-f6e7aa670c92: start FollowerState
2019-10-18 14:58:43,740 [Thread-2399] INFO  impl.FollowerState (FollowerState.java:run(117)) - 6605b8a5-570b-4977-9ee7-6aaf3012bed5@group-58A987F56150-FollowerState was interrupted: java.lang.InterruptedException: sleep interrupted
2019-10-18 14:58:43,740 [grpc-default-executor-1] INFO  impl.RoleInfo (RoleInfo.java:updateAndGet(143)) - 6605b8a5-570b-4977-9ee7-6aaf3012bed5: start FollowerState
2019-10-18 14:58:43,771 [327657b1-60f8-49f2-b2a3-f63e1f934942@group-58A987F56150-LeaderElection316] INFO  impl.LeaderElection (LeaderElection.java:logAndReturn(56)) - 327657b1-60f8-49f2-b2a3-f63e1f934942@group-58A987F56150-LeaderElection316: Election REJECTED; received 2 response(s) [327657b1-60f8-49f2-b2a3-f63e1f934942<-6605b8a5-570b-4977-9ee7-6aaf3012bed5#0:FAIL-t363, 327657b1-60f8-49f2-b2a3-f63e1f934942<-ddd4789c-894d-475a-bbfb-f6e7aa670c92#0:FAIL-t363] and 0 exception(s); 327657b1-60f8-49f2-b2a3-f63e1f934942@group-58A987F56150:t363, leader=null, voted=327657b1-60f8-49f2-b2a3-f63e1f934942, raftlog=327657b1-60f8-49f2-b2a3-f63e1f934942@group-58A987F56150-SegmentedRaftLog:OPENED:c-1,f-1,i0, conf=-1: [6605b8a5-570b-4977-9ee7-6aaf3012bed5:192.168.164.233:35223, 327657b1-60f8-49f2-b2a3-f63e1f934942:192.168.164.233:41966, ddd4789c-894d-475a-bbfb-f6e7aa670c92:192.168.164.233:41061], old=null
2019-10-18 14:58:43,771 [327657b1-60f8-49f2-b2a3-f63e1f934942@group-58A987F56150-LeaderElection316] INFO  impl.RaftServerImpl (RaftServerImpl.java:setRole(184)) - 327657b1-60f8-49f2-b2a3-f63e1f934942@group-58A987F56150: changes role from CANDIDATE to FOLLOWER at term 363 for DISCOVERED_A_NEW_TERM
2019-10-18 14:58:43,771 [327657b1-60f8-49f2-b2a3-f63e1f934942@group-58A987F56150-LeaderElection316] INFO  impl.RoleInfo (RoleInfo.java:shutdownLeaderElection(134)) - 327657b1-60f8-49f2-b2a3-f63e1f934942: shutdown LeaderElection
2019-10-18 14:58:43,771 [327657b1-60f8-49f2-b2a3-f63e1f934942@group-58A987F56150-LeaderElection316] INFO  impl.RoleInfo (RoleInfo.java:updateAndGet(143)) - 327657b1-60f8-49f2-b2a3-f63e1f934942: start FollowerState
2019-10-18 14:58:43,798 [Thread-2407] INFO  impl.FollowerState (FollowerState.java:run(108)) - 327657b1-60f8-49f2-b2a3-f63e1f934942@group-58A987F56150-FollowerState: change to CANDIDATE, lastRpcTime:26ms, electionTimeout:26ms
2019-10-18 14:58:43,798 [Thread-2407] INFO  impl.RoleInfo (RoleInfo.java:shutdownFollowerState(121)) - 327657b1-60f8-49f2-b2a3-f63e1f934942: shutdown FollowerState
2019-10-18 14:58:43,798 [Thread-2407] INFO  impl.RaftServerImpl (RaftServerImpl.java:setRole(184)) - 327657b1-60f8-49f2-b2a3-f63e1f934942@group-58A987F56150: changes role from  FOLLOWER to CANDIDATE at term 363 for changeToCandidate
2019-10-18 14:58:43,798 [Thread-2407] INFO  impl.RoleInfo (RoleInfo.java:updateAndGet(143)) - 327657b1-60f8-49f2-b2a3-f63e1f934942: start LeaderElection
2019-10-18 14:58:43,824 [327657b1-60f8-49f2-b2a3-f63e1f934942@group-58A987F56150-LeaderElection317] INFO  impl.LeaderElection (LeaderElection.java:askForVotes(178)) - 327657b1-60f8-49f2-b2a3-f63e1f934942@group-58A987F56150-LeaderElection317: begin an election at term 364 for -1: [6605b8a5-570b-4977-9ee7-6aaf3012bed5:192.168.164.233:35223, 327657b1-60f8-49f2-b2a3-f63e1f934942:192.168.164.233:41966, ddd4789c-894d-475a-bbfb-f6e7aa670c92:192.168.164.233:41061], old=null
2019-10-18 14:58:43,826 [grpc-default-executor-1] INFO  impl.RaftServerImpl (RaftServerImpl.java:setRole(184)) - 6605b8a5-570b-4977-9ee7-6aaf3012bed5@group-58A987F56150: changes role from  FOLLOWER to FOLLOWER at term 364 for recognizeCandidate:327657b1-60f8-49f2-b2a3-f63e1f934942
2019-10-18 14:58:43,826 [grpc-default-executor-1] INFO  impl.RoleInfo (RoleInfo.java:shutdownFollowerState(121)) - 6605b8a5-570b-4977-9ee7-6aaf3012bed5: shutdown FollowerState
2019-10-18 14:58:43,826 [grpc-default-executor-3] INFO  impl.RaftServerImpl (RaftServerImpl.java:setRole(184)) - ddd4789c-894d-475a-bbfb-f6e7aa670c92@group-58A987F56150: changes role from  FOLLOWER to FOLLOWER at term 364 for recognizeCandidate:327657b1-60f8-49f2-b2a3-f63e1f934942
2019-10-18 14:58:43,826 [Thread-2406] INFO  impl.FollowerState (FollowerState.java:run(117)) - 6605b8a5-570b-4977-9ee7-6aaf3012bed5@group-58A987F56150-FollowerState was interrupted: java.lang.InterruptedException: sleep interrupted
2019-10-18 14:58:43,826 [grpc-default-executor-3] INFO  impl.RoleInfo (RoleInfo.java:shutdownFollowerState(121)) - ddd4789c-894d-475a-bbfb-f6e7aa670c92: shutdown FollowerState
2019-10-18 14:58:43,826 [grpc-default-executor-1] INFO  impl.RoleInfo (RoleInfo.java:updateAndGet(143)) - 6605b8a5-570b-4977-9ee7-6aaf3012bed5: start FollowerState
2019-10-18 14:58:43,826 [grpc-default-executor-3] INFO  impl.RoleInfo (RoleInfo.java:updateAndGet(143)) - ddd4789c-894d-475a-bbfb-f6e7aa670c92: start FollowerState
2019-10-18 14:58:43,827 [Thread-2405] INFO  impl.FollowerState (FollowerState.java:run(117)) - ddd4789c-894d-475a-bbfb-f6e7aa670c92@group-58A987F56150-FollowerState was interrupted: java.lang.InterruptedException: sleep interrupted
2019-10-18 14:58:43,841 [327657b1-60f8-49f2-b2a3-f63e1f934942@group-58A987F56150-LeaderElection317] INFO  impl.LeaderElection (LeaderElection.java:logAndReturn(56)) - 327657b1-60f8-49f2-b2a3-f63e1f934942@group-58A987F56150-LeaderElection317: Election REJECTED; received 2 response(s) [327657b1-60f8-49f2-b2a3-f63e1f934942<-6605b8a5-570b-4977-9ee7-6aaf3012bed5#0:FAIL-t364, 327657b1-60f8-49f2-b2a3-f63e1f934942<-ddd4789c-894d-475a-bbfb-f6e7aa670c92#0:FAIL-t364] and 0 exception(s); 327657b1-60f8-49f2-b2a3-f63e1f934942@group-58A987F56150:t364, leader=null, voted=327657b1-60f8-49f2-b2a3-f63e1f934942, raftlog=327657b1-60f8-49f2-b2a3-f63e1f934942@group-58A987F56150-SegmentedRaftLog:OPENED:c-1,f-1,i0, conf=-1: [6605b8a5-570b-4977-9ee7-6aaf3012bed5:192.168.164.233:35223, 327657b1-60f8-49f2-b2a3-f63e1f934942:192.168.164.233:41966, ddd4789c-894d-475a-bbfb-f6e7aa670c92:192.168.164.233:41061], old=null
2019-10-18 14:58:43,841 [327657b1-60f8-49f2-b2a3-f63e1f934942@group-58A987F56150-LeaderElection317] INFO  impl.RaftServerImpl (RaftServerImpl.java:setRole(184)) - 327657b1-60f8-49f2-b2a3-f63e1f934942@group-58A987F56150: changes role from CANDIDATE to FOLLOWER at term 364 for DISCOVERED_A_NEW_TERM
2019-10-18 14:58:43,841 [327657b1-60f8-49f2-b2a3-f63e1f934942@group-58A987F56150-LeaderElection317] INFO  impl.RoleInfo (RoleInfo.java:shutdownLeaderElection(134)) - 327657b1-60f8-49f2-b2a3-f63e1f934942: shutdown LeaderElection
2019-10-18 14:58:43,841 [327657b1-60f8-49f2-b2a3-f63e1f934942@group-58A987F56150-LeaderElection317] INFO  impl.RoleInfo (RoleInfo.java:updateAndGet(143)) - 327657b1-60f8-49f2-b2a3-f63e1f934942: start FollowerState
2019-10-18 14:58:43,946 [Thread-2413] INFO  impl.FollowerState (FollowerState.java:run(108)) - 327657b1-60f8-49f2-b2a3-f63e1f934942@group-58A987F56150-FollowerState: change to CANDIDATE, lastRpcTime:105ms, electionTimeout:105ms
2019-10-18 14:58:43,947 [Thread-2413] INFO  impl.RoleInfo (RoleInfo.java:shutdownFollowerState(121)) - 327657b1-60f8-49f2-b2a3-f63e1f934942: shutdown FollowerState
2019-10-18 14:58:43,947 [Thread-2413] INFO  impl.RaftServerImpl (RaftServerImpl.java:setRole(184)) - 327657b1-60f8-49f2-b2a3-f63e1f934942@group-58A987F56150: changes role from  FOLLOWER to CANDIDATE at term 364 for changeToCandidate
2019-10-18 14:58:43,947 [Thread-2413] INFO  impl.RoleInfo (RoleInfo.java:updateAndGet(143)) - 327657b1-60f8-49f2-b2a3-f63e1f934942: start LeaderElection
2019-10-18 14:58:43,972 [327657b1-60f8-49f2-b2a3-f63e1f934942@group-58A987F56150-LeaderElection318] INFO  impl.LeaderElection (LeaderElection.java:askForVotes(178)) - 327657b1-60f8-49f2-b2a3-f63e1f934942@group-58A987F56150-LeaderElection318: begin an election at term 365 for -1: [6605b8a5-570b-4977-9ee7-6aaf3012bed5:192.168.164.233:35223, 327657b1-60f8-49f2-b2a3-f63e1f934942:192.168.164.233:41966, ddd4789c-894d-475a-bbfb-f6e7aa670c92:192.168.164.233:41061], old=null
2019-10-18 14:58:43,974 [grpc-default-executor-1] INFO  impl.RaftServerImpl (RaftServerImpl.java:setRole(184)) - 6605b8a5-570b-4977-9ee7-6aaf3012bed5@group-58A987F56150: changes role from  FOLLOWER to FOLLOWER at term 365 for recognizeCandidate:327657b1-60f8-49f2-b2a3-f63e1f934942
2019-10-18 14:58:43,974 [grpc-default-executor-3] INFO  impl.RaftServerImpl (RaftServerImpl.java:setRole(184)) - ddd4789c-894d-475a-bbfb-f6e7aa670c92@group-58A987F56150: changes role from  FOLLOWER to FOLLOWER at term 365 for recognizeCandidate:327657b1-60f8-49f2-b2a3-f63e1f934942
2019-10-18 14:58:43,974 [grpc-default-executor-1] INFO  impl.RoleInfo (RoleInfo.java:shutdownFollowerState(121)) - 6605b8a5-570b-4977-9ee7-6aaf3012bed5: shutdown FollowerState
2019-10-18 14:58:43,975 [grpc-default-executor-3] INFO  impl.RoleInfo (RoleInfo.java:shutdownFollowerState(121)) - ddd4789c-894d-475a-bbfb-f6e7aa670c92: shutdown FollowerState
2019-10-18 14:58:43,975 [grpc-default-executor-1] INFO  impl.RoleInfo (RoleInfo.java:updateAndGet(143)) - 6605b8a5-570b-4977-9ee7-6aaf3012bed5: start FollowerState
2019-10-18 14:58:43,975 [Thread-2411] INFO  impl.FollowerState (FollowerState.java:run(117)) - 6605b8a5-570b-4977-9ee7-6aaf3012bed5@group-58A987F56150-FollowerState was interrupted: java.lang.InterruptedException: sleep interrupted
2019-10-18 14:58:43,975 [Thread-2412] INFO  impl.FollowerState (FollowerState.java:run(117)) - ddd4789c-894d-475a-bbfb-f6e7aa670c92@group-58A987F56150-FollowerState was interrupted: java.lang.InterruptedException: sleep interrupted
2019-10-18 14:58:43,975 [grpc-default-executor-3] INFO  impl.RoleInfo (RoleInfo.java:updateAndGet(143)) - ddd4789c-894d-475a-bbfb-f6e7aa670c92: start FollowerState
2019-10-18 14:58:44,001 [327657b1-60f8-49f2-b2a3-f63e1f934942@group-58A987F56150-LeaderElection318] INFO  impl.LeaderElection (LeaderElection.java:logAndReturn(56)) - 327657b1-60f8-49f2-b2a3-f63e1f934942@group-58A987F56150-LeaderElection318: Election REJECTED; received 2 response(s) [327657b1-60f8-49f2-b2a3-f63e1f934942<-6605b8a5-570b-4977-9ee7-6aaf3012bed5#0:FAIL-t365, 327657b1-60f8-49f2-b2a3-f63e1f934942<-ddd4789c-894d-475a-bbfb-f6e7aa670c92#0:FAIL-t365] and 0 exception(s); 327657b1-60f8-49f2-b2a3-f63e1f934942@group-58A987F56150:t365, leader=null, voted=327657b1-60f8-49f2-b2a3-f63e1f934942, raftlog=327657b1-60f8-49f2-b2a3-f63e1f934942@group-58A987F56150-SegmentedRaftLog:OPENED:c-1,f-1,i0, conf=-1: [6605b8a5-570b-4977-9ee7-6aaf3012bed5:192.168.164.233:35223, 327657b1-60f8-49f2-b2a3-f63e1f934942:192.168.164.233:41966, ddd4789c-894d-475a-bbfb-f6e7aa670c92:192.168.164.233:41061], old=null
2019-10-18 14:58:44,001 [327657b1-60f8-49f2-b2a3-f63e1f934942@group-58A987F56150-LeaderElection318] INFO  impl.RaftServerImpl (RaftServerImpl.java:setRole(184)) - 327657b1-60f8-49f2-b2a3-f63e1f934942@group-58A987F56150: changes role from CANDIDATE to FOLLOWER at term 365 for DISCOVERED_A_NEW_TERM
2019-10-18 14:58:44,001 [327657b1-60f8-49f2-b2a3-f63e1f934942@group-58A987F56150-LeaderElection318] INFO  impl.RoleInfo (RoleInfo.java:shutdownLeaderElection(134)) - 327657b1-60f8-49f2-b2a3-f63e1f934942: shutdown LeaderElection
2019-10-18 14:58:44,001 [327657b1-60f8-49f2-b2a3-f63e1f934942@group-58A987F56150-LeaderElection318] INFO  impl.RoleInfo (RoleInfo.java:updateAndGet(143)) - 327657b1-60f8-49f2-b2a3-f63e1f934942: start FollowerState
2019-10-18 14:58:44,091 [Thread-2419] INFO  impl.FollowerState (FollowerState.java:run(108)) - 327657b1-60f8-49f2-b2a3-f63e1f934942@group-58A987F56150-FollowerState: change to CANDIDATE, lastRpcTime:89ms, electionTimeout:89ms
2019-10-18 14:58:44,091 [Thread-2419] INFO  impl.RoleInfo (RoleInfo.java:shutdownFollowerState(121)) - 327657b1-60f8-49f2-b2a3-f63e1f934942: shutdown FollowerState
2019-10-18 14:58:44,091 [Thread-2419] INFO  impl.RaftServerImpl (RaftServerImpl.java:setRole(184)) - 327657b1-60f8-49f2-b2a3-f63e1f934942@group-58A987F56150: changes role from  FOLLOWER to CANDIDATE at term 365 for changeToCandidate
2019-10-18 14:58:44,091 [Thread-2419] INFO  impl.RoleInfo (RoleInfo.java:updateAndGet(143)) - 327657b1-60f8-49f2-b2a3-f63e1f934942: start LeaderElection
2019-10-18 14:58:44,117 [327657b1-60f8-49f2-b2a3-f63e1f934942@group-58A987F56150-LeaderElection319] INFO  impl.LeaderElection (LeaderElection.java:askForVotes(178)) - 327657b1-60f8-49f2-b2a3-f63e1f934942@group-58A987F56150-LeaderElection319: begin an election at term 366 for -1: [6605b8a5-570b-4977-9ee7-6aaf3012bed5:192.168.164.233:35223, 327657b1-60f8-49f2-b2a3-f63e1f934942:192.168.164.233:41966, ddd4789c-894d-475a-bbfb-f6e7aa670c92:192.168.164.233:41061], old=null
2019-10-18 14:58:44,118 [327657b1-60f8-49f2-b2a3-f63e1f934942@group-58A987F56150-LeaderElection319] INFO  impl.LeaderElection (LeaderElection.java:logAndReturn(56)) - 327657b1-60f8-49f2-b2a3-f63e1f934942@group-58A987F56150-LeaderElection319: Election TIMEOUT; received 0 response(s) [] and 0 exception(s); 327657b1-60f8-49f2-b2a3-f63e1f934942@group-58A987F56150:t366, leader=null, voted=327657b1-60f8-49f2-b2a3-f63e1f934942, raftlog=327657b1-60f8-49f2-b2a3-f63e1f934942@group-58A987F56150-SegmentedRaftLog:OPENED:c-1,f-1,i0, conf=-1: [6605b8a5-570b-4977-9ee7-6aaf3012bed5:192.168.164.233:35223, 327657b1-60f8-49f2-b2a3-f63e1f934942:192.168.164.233:41966, ddd4789c-894d-475a-bbfb-f6e7aa670c92:192.168.164.233:41061], old=null
2019-10-18 14:58:44,119 [grpc-default-executor-3] INFO  impl.RaftServerImpl (RaftServerImpl.java:setRole(184)) - 6605b8a5-570b-4977-9ee7-6aaf3012bed5@group-58A987F56150: changes role from  FOLLOWER to FOLLOWER at term 366 for recognizeCandidate:327657b1-60f8-49f2-b2a3-f63e1f934942
2019-10-18 14:58:44,119 [grpc-default-executor-3] INFO  impl.RoleInfo (RoleInfo.java:shutdownFollowerState(121)) - 6605b8a5-570b-4977-9ee7-6aaf3012bed5: shutdown FollowerState
2019-10-18 14:58:44,119 [grpc-default-executor-1] INFO  impl.RaftServerImpl (RaftServerImpl.java:setRole(184)) - ddd4789c-894d-475a-bbfb-f6e7aa670c92@group-58A987F56150: changes role from  FOLLOWER to FOLLOWER at term 366 for recognizeCandidate:327657b1-60f8-49f2-b2a3-f63e1f934942
2019-10-18 14:58:44,120 [Thread-2417] INFO  impl.FollowerState (FollowerState.java:run(117)) - 6605b8a5-570b-4977-9ee7-6aaf3012bed5@group-58A987F56150-FollowerState was interrupted: java.lang.InterruptedException: sleep interrupted
2019-10-18 14:58:44,120 [grpc-default-executor-3] INFO  impl.RoleInfo (RoleInfo.java:updateAndGet(143)) - 6605b8a5-570b-4977-9ee7-6aaf3012bed5: start FollowerState
2019-10-18 14:58:44,120 [grpc-default-executor-1] INFO  impl.RoleInfo (RoleInfo.java:shutdownFollowerState(121)) - ddd4789c-894d-475a-bbfb-f6e7aa670c92: shutdown FollowerState
2019-10-18 14:58:44,120 [grpc-default-executor-1] INFO  impl.RoleInfo (RoleInfo.java:updateAndGet(143)) - ddd4789c-894d-475a-bbfb-f6e7aa670c92: start FollowerState
2019-10-18 14:58:44,120 [Thread-2418] INFO  impl.FollowerState (FollowerState.java:run(117)) - ddd4789c-894d-475a-bbfb-f6e7aa670c92@group-58A987F56150-FollowerState was interrupted: java.lang.InterruptedException: sleep interrupted
2019-10-18 14:58:44,143 [327657b1-60f8-49f2-b2a3-f63e1f934942@group-58A987F56150-LeaderElection319] INFO  impl.LeaderElection (LeaderElection.java:askForVotes(178)) - 327657b1-60f8-49f2-b2a3-f63e1f934942@group-58A987F56150-LeaderElection319: begin an election at term 367 for -1: [6605b8a5-570b-4977-9ee7-6aaf3012bed5:192.168.164.233:35223, 327657b1-60f8-49f2-b2a3-f63e1f934942:192.168.164.233:41966, ddd4789c-894d-475a-bbfb-f6e7aa670c92:192.168.164.233:41061], old=null
2019-10-18 14:58:44,145 [grpc-default-executor-3] INFO  impl.RaftServerImpl (RaftServerImpl.java:setRole(184)) - 6605b8a5-570b-4977-9ee7-6aaf3012bed5@group-58A987F56150: changes role from  FOLLOWER to FOLLOWER at term 367 for recognizeCandidate:327657b1-60f8-49f2-b2a3-f63e1f934942
2019-10-18 14:58:44,146 [grpc-default-executor-1] INFO  impl.RaftServerImpl (RaftServerImpl.java:setRole(184)) - ddd4789c-894d-475a-bbfb-f6e7aa670c92@group-58A987F56150: changes role from  FOLLOWER to FOLLOWER at term 367 for recognizeCandidate:327657b1-60f8-49f2-b2a3-f63e1f934942
2019-10-18 14:58:44,146 [grpc-default-executor-1] INFO  impl.RoleInfo (RoleInfo.java:shutdownFollowerState(121)) - ddd4789c-894d-475a-bbfb-f6e7aa670c92: shutdown FollowerState
2019-10-18 14:58:44,146 [grpc-default-executor-3] INFO  impl.RoleInfo (RoleInfo.java:shutdownFollowerState(121)) - 6605b8a5-570b-4977-9ee7-6aaf3012bed5: shutdown FollowerState
2019-10-18 14:58:44,146 [grpc-default-executor-1] INFO  impl.RoleInfo (RoleInfo.java:updateAndGet(143)) - ddd4789c-894d-475a-bbfb-f6e7aa670c92: start FollowerState
2019-10-18 14:58:44,147 [Thread-2424] INFO  impl.FollowerState (FollowerState.java:run(117)) - ddd4789c-894d-475a-bbfb-f6e7aa670c92@group-58A987F56150-FollowerState was interrupted: java.lang.InterruptedException: sleep interrupted
2019-10-18 14:58:44,146 [Thread-2423] INFO  impl.FollowerState (FollowerState.java:run(117)) - 6605b8a5-570b-4977-9ee7-6aaf3012bed5@group-58A987F56150-FollowerState was interrupted: java.lang.InterruptedException: sleep interrupted
2019-10-18 14:58:44,146 [grpc-default-executor-3] INFO  impl.RoleInfo (RoleInfo.java:updateAndGet(143)) - 6605b8a5-570b-4977-9ee7-6aaf3012bed5: start FollowerState
2019-10-18 14:58:44,173 [327657b1-60f8-49f2-b2a3-f63e1f934942@group-58A987F56150-LeaderElection319] INFO  impl.LeaderElection (LeaderElection.java:logAndReturn(56)) - 327657b1-60f8-49f2-b2a3-f63e1f934942@group-58A987F56150-LeaderElection319: Election REJECTED; received 2 response(s) [327657b1-60f8-49f2-b2a3-f63e1f934942<-6605b8a5-570b-4977-9ee7-6aaf3012bed5#0:FAIL-t367, 327657b1-60f8-49f2-b2a3-f63e1f934942<-ddd4789c-894d-475a-bbfb-f6e7aa670c92#0:FAIL-t367] and 0 exception(s); 327657b1-60f8-49f2-b2a3-f63e1f934942@group-58A987F56150:t367, leader=null, voted=327657b1-60f8-49f2-b2a3-f63e1f934942, raftlog=327657b1-60f8-49f2-b2a3-f63e1f934942@group-58A987F56150-SegmentedRaftLog:OPENED:c-1,f-1,i0, conf=-1: [6605b8a5-570b-4977-9ee7-6aaf3012bed5:192.168.164.233:35223, 327657b1-60f8-49f2-b2a3-f63e1f934942:192.168.164.233:41966, ddd4789c-894d-475a-bbfb-f6e7aa670c92:192.168.164.233:41061], old=null
2019-10-18 14:58:44,174 [327657b1-60f8-49f2-b2a3-f63e1f934942@group-58A987F56150-LeaderElection319] INFO  impl.RaftServerImpl (RaftServerImpl.java:setRole(184)) - 327657b1-60f8-49f2-b2a3-f63e1f934942@group-58A987F56150: changes role from CANDIDATE to FOLLOWER at term 367 for DISCOVERED_A_NEW_TERM
2019-10-18 14:58:44,174 [327657b1-60f8-49f2-b2a3-f63e1f934942@group-58A987F56150-LeaderElection319] INFO  impl.RoleInfo (RoleInfo.java:shutdownLeaderElection(134)) - 327657b1-60f8-49f2-b2a3-f63e1f934942: shutdown LeaderElection
2019-10-18 14:58:44,174 [327657b1-60f8-49f2-b2a3-f63e1f934942@group-58A987F56150-LeaderElection319] INFO  impl.RoleInfo (RoleInfo.java:updateAndGet(143)) - 327657b1-60f8-49f2-b2a3-f63e1f934942: start FollowerState
2019-10-18 14:58:44,259 [Thread-2431] INFO  impl.FollowerState (FollowerState.java:run(108)) - 327657b1-60f8-49f2-b2a3-f63e1f934942@group-58A987F56150-FollowerState: change to CANDIDATE, lastRpcTime:85ms, electionTimeout:85ms
2019-10-18 14:58:44,259 [Thread-2431] INFO  impl.RoleInfo (RoleInfo.java:shutdownFollowerState(121)) - 327657b1-60f8-49f2-b2a3-f63e1f934942: shutdown FollowerState
2019-10-18 14:58:44,259 [Thread-2431] INFO  impl.RaftServerImpl (RaftServerImpl.java:setRole(184)) - 327657b1-60f8-49f2-b2a3-f63e1f934942@group-58A987F56150: changes role from  FOLLOWER to CANDIDATE at term 367 for changeToCandidate
2019-10-18 14:58:44,260 [Thread-2431] INFO  impl.RoleInfo (RoleInfo.java:updateAndGet(143)) - 327657b1-60f8-49f2-b2a3-f63e1f934942: start LeaderElection
2019-10-18 14:58:44,268 [327657b1-60f8-49f2-b2a3-f63e1f934942@group-58A987F56150-LeaderElection320] INFO  impl.LeaderElection (LeaderElection.java:askForVotes(178)) - 327657b1-60f8-49f2-b2a3-f63e1f934942@group-58A987F56150-LeaderElection320: begin an election at term 368 for -1: [6605b8a5-570b-4977-9ee7-6aaf3012bed5:192.168.164.233:35223, 327657b1-60f8-49f2-b2a3-f63e1f934942:192.168.164.233:41966, ddd4789c-894d-475a-bbfb-f6e7aa670c92:192.168.164.233:41061], old=null
2019-10-18 14:58:44,270 [grpc-default-executor-3] INFO  impl.RaftServerImpl (RaftServerImpl.java:setRole(184)) - 6605b8a5-570b-4977-9ee7-6aaf3012bed5@group-58A987F56150: changes role from  FOLLOWER to FOLLOWER at term 368 for recognizeCandidate:327657b1-60f8-49f2-b2a3-f63e1f934942
2019-10-18 14:58:44,270 [grpc-default-executor-3] INFO  impl.RoleInfo (RoleInfo.java:shutdownFollowerState(121)) - 6605b8a5-570b-4977-9ee7-6aaf3012bed5: shutdown FollowerState
2019-10-18 14:58:44,270 [grpc-default-executor-1] INFO  impl.RaftServerImpl (RaftServerImpl.java:setRole(184)) - ddd4789c-894d-475a-bbfb-f6e7aa670c92@group-58A987F56150: changes role from  FOLLOWER to FOLLOWER at term 368 for recognizeCandidate:327657b1-60f8-49f2-b2a3-f63e1f934942
2019-10-18 14:58:44,270 [Thread-2428] INFO  impl.FollowerState (FollowerState.java:run(117)) - 6605b8a5-570b-4977-9ee7-6aaf3012bed5@group-58A987F56150-FollowerState was interrupted: java.lang.InterruptedException: sleep interrupted
2019-10-18 14:58:44,270 [grpc-default-executor-3] INFO  impl.RoleInfo (RoleInfo.java:updateAndGet(143)) - 6605b8a5-570b-4977-9ee7-6aaf3012bed5: start FollowerState
2019-10-18 14:58:44,270 [grpc-default-executor-1] INFO  impl.RoleInfo (RoleInfo.java:shutdownFollowerState(121)) - ddd4789c-894d-475a-bbfb-f6e7aa670c92: shutdown FollowerState
2019-10-18 14:58:44,271 [grpc-default-executor-1] INFO  impl.RoleInfo (RoleInfo.java:updateAndGet(143)) - ddd4789c-894d-475a-bbfb-f6e7aa670c92: start FollowerState
2019-10-18 14:58:44,271 [Thread-2427] INFO  impl.FollowerState (FollowerState.java:run(117)) - ddd4789c-894d-475a-bbfb-f6e7aa670c92@group-58A987F56150-FollowerState was interrupted: java.lang.InterruptedException: sleep interrupted
2019-10-18 14:58:44,296 [327657b1-60f8-49f2-b2a3-f63e1f934942@group-58A987F56150-LeaderElection320] INFO  impl.LeaderElection (LeaderElection.java:logAndReturn(56)) - 327657b1-60f8-49f2-b2a3-f63e1f934942@group-58A987F56150-LeaderElection320: Election REJECTED; received 2 response(s) [327657b1-60f8-49f2-b2a3-f63e1f934942<-6605b8a5-570b-4977-9ee7-6aaf3012bed5#0:FAIL-t368, 327657b1-60f8-49f2-b2a3-f63e1f934942<-ddd4789c-894d-475a-bbfb-f6e7aa670c92#0:FAIL-t368] and 0 exception(s); 327657b1-60f8-49f2-b2a3-f63e1f934942@group-58A987F56150:t368, leader=null, voted=327657b1-60f8-49f2-b2a3-f63e1f934942, raftlog=327657b1-60f8-49f2-b2a3-f63e1f934942@group-58A987F56150-SegmentedRaftLog:OPENED:c-1,f-1,i0, conf=-1: [6605b8a5-570b-4977-9ee7-6aaf3012bed5:192.168.164.233:35223, 327657b1-60f8-49f2-b2a3-f63e1f934942:192.168.164.233:41966, ddd4789c-894d-475a-bbfb-f6e7aa670c92:192.168.164.233:41061], old=null
2019-10-18 14:58:44,296 [327657b1-60f8-49f2-b2a3-f63e1f934942@group-58A987F56150-LeaderElection320] INFO  impl.RaftServerImpl (RaftServerImpl.java:setRole(184)) - 327657b1-60f8-49f2-b2a3-f63e1f934942@group-58A987F56150: changes role from CANDIDATE to FOLLOWER at term 368 for DISCOVERED_A_NEW_TERM
2019-10-18 14:58:44,296 [327657b1-60f8-49f2-b2a3-f63e1f934942@group-58A987F56150-LeaderElection320] INFO  impl.RoleInfo (RoleInfo.java:shutdownLeaderElection(134)) - 327657b1-60f8-49f2-b2a3-f63e1f934942: shutdown LeaderElection
2019-10-18 14:58:44,296 [327657b1-60f8-49f2-b2a3-f63e1f934942@group-58A987F56150-LeaderElection320] INFO  impl.RoleInfo (RoleInfo.java:updateAndGet(143)) - 327657b1-60f8-49f2-b2a3-f63e1f934942: start FollowerState
2019-10-18 14:58:44,463 [Thread-2437] INFO  impl.FollowerState (FollowerState.java:run(108)) - 327657b1-60f8-49f2-b2a3-f63e1f934942@group-58A987F56150-FollowerState: change to CANDIDATE, lastRpcTime:167ms, electionTimeout:167ms
2019-10-18 14:58:44,464 [Thread-2437] INFO  impl.RoleInfo (RoleInfo.java:shutdownFollowerState(121)) - 327657b1-60f8-49f2-b2a3-f63e1f934942: shutdown FollowerState
2019-10-18 14:58:44,464 [Thread-2437] INFO  impl.RaftServerImpl (RaftServerImpl.java:setRole(184)) - 327657b1-60f8-49f2-b2a3-f63e1f934942@group-58A987F56150: changes role from  FOLLOWER to CANDIDATE at term 368 for changeToCandidate
2019-10-18 14:58:44,464 [Thread-2437] INFO  impl.RoleInfo (RoleInfo.java:updateAndGet(143)) - 327657b1-60f8-49f2-b2a3-f63e1f934942: start LeaderElection
2019-10-18 14:58:44,476 [327657b1-60f8-49f2-b2a3-f63e1f934942@group-58A987F56150-LeaderElection321] INFO  impl.LeaderElection (LeaderElection.java:askForVotes(178)) - 327657b1-60f8-49f2-b2a3-f63e1f934942@group-58A987F56150-LeaderElection321: begin an election at term 369 for -1: [6605b8a5-570b-4977-9ee7-6aaf3012bed5:192.168.164.233:35223, 327657b1-60f8-49f2-b2a3-f63e1f934942:192.168.164.233:41966, ddd4789c-894d-475a-bbfb-f6e7aa670c92:192.168.164.233:41061], old=null
2019-10-18 14:58:44,478 [grpc-default-executor-3] INFO  impl.RaftServerImpl (RaftServerImpl.java:setRole(184)) - 6605b8a5-570b-4977-9ee7-6aaf3012bed5@group-58A987F56150: changes role from  FOLLOWER to FOLLOWER at term 369 for recognizeCandidate:327657b1-60f8-49f2-b2a3-f63e1f934942
2019-10-18 14:58:44,478 [grpc-default-executor-1] INFO  impl.RaftServerImpl (RaftServerImpl.java:setRole(184)) - ddd4789c-894d-475a-bbfb-f6e7aa670c92@group-58A987F56150: changes role from  FOLLOWER to FOLLOWER at term 369 for recognizeCandidate:327657b1-60f8-49f2-b2a3-f63e1f934942
2019-10-18 14:58:44,478 [grpc-default-executor-1] INFO  impl.RoleInfo (RoleInfo.java:shutdownFollowerState(121)) - ddd4789c-894d-475a-bbfb-f6e7aa670c92: shutdown FollowerState
2019-10-18 14:58:44,478 [grpc-default-executor-3] INFO  impl.RoleInfo (RoleInfo.java:shutdownFollowerState(121)) - 6605b8a5-570b-4977-9ee7-6aaf3012bed5: shutdown FollowerState
2019-10-18 14:58:44,478 [grpc-default-executor-1] INFO  impl.RoleInfo (RoleInfo.java:updateAndGet(143)) - ddd4789c-894d-475a-bbfb-f6e7aa670c92: start FollowerState
2019-10-18 14:58:44,478 [Thread-2435] INFO  impl.FollowerState (FollowerState.java:run(117)) - 6605b8a5-570b-4977-9ee7-6aaf3012bed5@group-58A987F56150-FollowerState was interrupted: java.lang.InterruptedException: sleep interrupted
2019-10-18 14:58:44,478 [Thread-2436] INFO  impl.FollowerState (FollowerState.java:run(117)) - ddd4789c-894d-475a-bbfb-f6e7aa670c92@group-58A987F56150-FollowerState was interrupted: java.lang.InterruptedException: sleep interrupted
2019-10-18 14:58:44,478 [grpc-default-executor-3] INFO  impl.RoleInfo (RoleInfo.java:updateAndGet(143)) - 6605b8a5-570b-4977-9ee7-6aaf3012bed5: start FollowerState
2019-10-18 14:58:44,492 [327657b1-60f8-49f2-b2a3-f63e1f934942@group-58A987F56150-LeaderElection321] INFO  impl.LeaderElection (LeaderElection.java:logAndReturn(56)) - 327657b1-60f8-49f2-b2a3-f63e1f934942@group-58A987F56150-LeaderElection321: Election REJECTED; received 2 response(s) [327657b1-60f8-49f2-b2a3-f63e1f934942<-6605b8a5-570b-4977-9ee7-6aaf3012bed5#0:FAIL-t369, 327657b1-60f8-49f2-b2a3-f63e1f934942<-ddd4789c-894d-475a-bbfb-f6e7aa670c92#0:FAIL-t369] and 0 exception(s); 327657b1-60f8-49f2-b2a3-f63e1f934942@group-58A987F56150:t369, leader=null, voted=327657b1-60f8-49f2-b2a3-f63e1f934942, raftlog=327657b1-60f8-49f2-b2a3-f63e1f934942@group-58A987F56150-SegmentedRaftLog:OPENED:c-1,f-1,i0, conf=-1: [6605b8a5-570b-4977-9ee7-6aaf3012bed5:192.168.164.233:35223, 327657b1-60f8-49f2-b2a3-f63e1f934942:192.168.164.233:41966, ddd4789c-894d-475a-bbfb-f6e7aa670c92:192.168.164.233:41061], old=null
2019-10-18 14:58:44,492 [327657b1-60f8-49f2-b2a3-f63e1f934942@group-58A987F56150-LeaderElection321] INFO  impl.RaftServerImpl (RaftServerImpl.java:setRole(184)) - 327657b1-60f8-49f2-b2a3-f63e1f934942@group-58A987F56150: changes role from CANDIDATE to FOLLOWER at term 369 for DISCOVERED_A_NEW_TERM
2019-10-18 14:58:44,492 [327657b1-60f8-49f2-b2a3-f63e1f934942@group-58A987F56150-LeaderElection321] INFO  impl.RoleInfo (RoleInfo.java:shutdownLeaderElection(134)) - 327657b1-60f8-49f2-b2a3-f63e1f934942: shutdown LeaderElection
2019-10-18 14:58:44,493 [327657b1-60f8-49f2-b2a3-f63e1f934942@group-58A987F56150-LeaderElection321] INFO  impl.RoleInfo (RoleInfo.java:updateAndGet(143)) - 327657b1-60f8-49f2-b2a3-f63e1f934942: start FollowerState
2019-10-18 14:58:44,670 [Thread-2443] INFO  impl.FollowerState (FollowerState.java:run(108)) - 327657b1-60f8-49f2-b2a3-f63e1f934942@group-58A987F56150-FollowerState: change to CANDIDATE, lastRpcTime:177ms, electionTimeout:177ms
2019-10-18 14:58:44,670 [Thread-2443] INFO  impl.RoleInfo (RoleInfo.java:shutdownFollowerState(121)) - 327657b1-60f8-49f2-b2a3-f63e1f934942: shutdown FollowerState
2019-10-18 14:58:44,670 [Thread-2443] INFO  impl.RaftServerImpl (RaftServerImpl.java:setRole(184)) - 327657b1-60f8-49f2-b2a3-f63e1f934942@group-58A987F56150: changes role from  FOLLOWER to CANDIDATE at term 369 for changeToCandidate
2019-10-18 14:58:44,670 [Thread-2443] INFO  impl.RoleInfo (RoleInfo.java:updateAndGet(143)) - 327657b1-60f8-49f2-b2a3-f63e1f934942: start LeaderElection
2019-10-18 14:58:44,684 [327657b1-60f8-49f2-b2a3-f63e1f934942@group-58A987F56150-LeaderElection322] INFO  impl.LeaderElection (LeaderElection.java:askForVotes(178)) - 327657b1-60f8-49f2-b2a3-f63e1f934942@group-58A987F56150-LeaderElection322: begin an election at term 370 for -1: [6605b8a5-570b-4977-9ee7-6aaf3012bed5:192.168.164.233:35223, 327657b1-60f8-49f2-b2a3-f63e1f934942:192.168.164.233:41966, ddd4789c-894d-475a-bbfb-f6e7aa670c92:192.168.164.233:41061], old=null
2019-10-18 14:58:44,685 [grpc-default-executor-3] INFO  impl.RaftServerImpl (RaftServerImpl.java:setRole(184)) - 6605b8a5-570b-4977-9ee7-6aaf3012bed5@group-58A987F56150: changes role from  FOLLOWER to FOLLOWER at term 370 for recognizeCandidate:327657b1-60f8-49f2-b2a3-f63e1f934942
2019-10-18 14:58:44,685 [grpc-default-executor-3] INFO  impl.RoleInfo (RoleInfo.java:shutdownFollowerState(121)) - 6605b8a5-570b-4977-9ee7-6aaf3012bed5: shutdown FollowerState
2019-10-18 14:58:44,685 [grpc-default-executor-1] INFO  impl.RaftServerImpl (RaftServerImpl.java:setRole(184)) - ddd4789c-894d-475a-bbfb-f6e7aa670c92@group-58A987F56150: changes role from  FOLLOWER to FOLLOWER at term 370 for recognizeCandidate:327657b1-60f8-49f2-b2a3-f63e1f934942
2019-10-18 14:58:44,685 [Thread-2442] INFO  impl.FollowerState (FollowerState.java:run(117)) - 6605b8a5-570b-4977-9ee7-6aaf3012bed5@group-58A987F56150-FollowerState was interrupted: java.lang.InterruptedException: sleep interrupted
2019-10-18 14:58:44,685 [grpc-default-executor-3] INFO  impl.RoleInfo (RoleInfo.java:updateAndGet(143)) - 6605b8a5-570b-4977-9ee7-6aaf3012bed5: start FollowerState
2019-10-18 14:58:44,686 [grpc-default-executor-1] INFO  impl.RoleInfo (RoleInfo.java:shutdownFollowerState(121)) - ddd4789c-894d-475a-bbfb-f6e7aa670c92: shutdown FollowerState
2019-10-18 14:58:44,686 [grpc-default-executor-1] INFO  impl.RoleInfo (RoleInfo.java:updateAndGet(143)) - ddd4789c-894d-475a-bbfb-f6e7aa670c92: start FollowerState
2019-10-18 14:58:44,686 [Thread-2441] INFO  impl.FollowerState (FollowerState.java:run(117)) - ddd4789c-894d-475a-bbfb-f6e7aa670c92@group-58A987F56150-FollowerState was interrupted: java.lang.InterruptedException: sleep interrupted
2019-10-18 14:58:44,713 [327657b1-60f8-49f2-b2a3-f63e1f934942@group-58A987F56150-LeaderElection322] INFO  impl.LeaderElection (LeaderElection.java:logAndReturn(56)) - 327657b1-60f8-49f2-b2a3-f63e1f934942@group-58A987F56150-LeaderElection322: Election REJECTED; received 2 response(s) [327657b1-60f8-49f2-b2a3-f63e1f934942<-6605b8a5-570b-4977-9ee7-6aaf3012bed5#0:FAIL-t370, 327657b1-60f8-49f2-b2a3-f63e1f934942<-ddd4789c-894d-475a-bbfb-f6e7aa670c92#0:FAIL-t370] and 0 exception(s); 327657b1-60f8-49f2-b2a3-f63e1f934942@group-58A987F56150:t370, leader=null, voted=327657b1-60f8-49f2-b2a3-f63e1f934942, raftlog=327657b1-60f8-49f2-b2a3-f63e1f934942@group-58A987F56150-SegmentedRaftLog:OPENED:c-1,f-1,i0, conf=-1: [6605b8a5-570b-4977-9ee7-6aaf3012bed5:192.168.164.233:35223, 327657b1-60f8-49f2-b2a3-f63e1f934942:192.168.164.233:41966, ddd4789c-894d-475a-bbfb-f6e7aa670c92:192.168.164.233:41061], old=null
2019-10-18 14:58:44,713 [327657b1-60f8-49f2-b2a3-f63e1f934942@group-58A987F56150-LeaderElection322] INFO  impl.RaftServerImpl (RaftServerImpl.java:setRole(184)) - 327657b1-60f8-49f2-b2a3-f63e1f934942@group-58A987F56150: changes role from CANDIDATE to FOLLOWER at term 370 for DISCOVERED_A_NEW_TERM
2019-10-18 14:58:44,713 [327657b1-60f8-49f2-b2a3-f63e1f934942@group-58A987F56150-LeaderElection322] INFO  impl.RoleInfo (RoleInfo.java:shutdownLeaderElection(134)) - 327657b1-60f8-49f2-b2a3-f63e1f934942: shutdown LeaderElection
2019-10-18 14:58:44,713 [327657b1-60f8-49f2-b2a3-f63e1f934942@group-58A987F56150-LeaderElection322] INFO  impl.RoleInfo (RoleInfo.java:updateAndGet(143)) - 327657b1-60f8-49f2-b2a3-f63e1f934942: start FollowerState
2019-10-18 14:58:44,870 [Thread-2449] INFO  impl.FollowerState (FollowerState.java:run(108)) - 327657b1-60f8-49f2-b2a3-f63e1f934942@group-58A987F56150-FollowerState: change to CANDIDATE, lastRpcTime:157ms, electionTimeout:157ms
2019-10-18 14:58:44,870 [Thread-2449] INFO  impl.RoleInfo (RoleInfo.java:shutdownFollowerState(121)) - 327657b1-60f8-49f2-b2a3-f63e1f934942: shutdown FollowerState
2019-10-18 14:58:44,870 [Thread-2449] INFO  impl.RaftServerImpl (RaftServerImpl.java:setRole(184)) - 327657b1-60f8-49f2-b2a3-f63e1f934942@group-58A987F56150: changes role from  FOLLOWER to CANDIDATE at term 370 for changeToCandidate
2019-10-18 14:58:44,871 [Thread-2449] INFO  impl.RoleInfo (RoleInfo.java:updateAndGet(143)) - 327657b1-60f8-49f2-b2a3-f63e1f934942: start LeaderElection
2019-10-18 14:58:44,885 [327657b1-60f8-49f2-b2a3-f63e1f934942@group-58A987F56150-LeaderElection323] INFO  impl.LeaderElection (LeaderElection.java:askForVotes(178)) - 327657b1-60f8-49f2-b2a3-f63e1f934942@group-58A987F56150-LeaderElection323: begin an election at term 371 for -1: [6605b8a5-570b-4977-9ee7-6aaf3012bed5:192.168.164.233:35223, 327657b1-60f8-49f2-b2a3-f63e1f934942:192.168.164.233:41966, ddd4789c-894d-475a-bbfb-f6e7aa670c92:192.168.164.233:41061], old=null
2019-10-18 14:58:44,886 [grpc-default-executor-3] INFO  impl.RaftServerImpl (RaftServerImpl.java:setRole(184)) - 6605b8a5-570b-4977-9ee7-6aaf3012bed5@group-58A987F56150: changes role from  FOLLOWER to FOLLOWER at term 371 for recognizeCandidate:327657b1-60f8-49f2-b2a3-f63e1f934942
2019-10-18 14:58:44,887 [grpc-default-executor-1] INFO  impl.RaftServerImpl (RaftServerImpl.java:setRole(184)) - ddd4789c-894d-475a-bbfb-f6e7aa670c92@group-58A987F56150: changes role from  FOLLOWER to FOLLOWER at term 371 for recognizeCandidate:327657b1-60f8-49f2-b2a3-f63e1f934942
2019-10-18 14:58:44,887 [grpc-default-executor-1] INFO  impl.RoleInfo (RoleInfo.java:shutdownFollowerState(121)) - ddd4789c-894d-475a-bbfb-f6e7aa670c92: shutdown FollowerState
2019-10-18 14:58:44,887 [grpc-default-executor-3] INFO  impl.RoleInfo (RoleInfo.java:shutdownFollowerState(121)) - 6605b8a5-570b-4977-9ee7-6aaf3012bed5: shutdown FollowerState
2019-10-18 14:58:44,887 [Thread-2448] INFO  impl.FollowerState (FollowerState.java:run(117)) - ddd4789c-894d-475a-bbfb-f6e7aa670c92@group-58A987F56150-FollowerState was interrupted: java.lang.InterruptedException: sleep interrupted
2019-10-18 14:58:44,887 [grpc-default-executor-1] INFO  impl.RoleInfo (RoleInfo.java:updateAndGet(143)) - ddd4789c-894d-475a-bbfb-f6e7aa670c92: start FollowerState
2019-10-18 14:58:44,887 [Thread-2447] INFO  impl.FollowerState (FollowerState.java:run(117)) - 6605b8a5-570b-4977-9ee7-6aaf3012bed5@group-58A987F56150-FollowerState was interrupted: java.lang.InterruptedException: sleep interrupted
2019-10-18 14:58:44,887 [grpc-default-executor-3] INFO  impl.RoleInfo (RoleInfo.java:updateAndGet(143)) - 6605b8a5-570b-4977-9ee7-6aaf3012bed5: start FollowerState
2019-10-18 14:58:44,913 [327657b1-60f8-49f2-b2a3-f63e1f934942@group-58A987F56150-LeaderElection323] INFO  impl.LeaderElection (LeaderElection.java:logAndReturn(56)) - 327657b1-60f8-49f2-b2a3-f63e1f934942@group-58A987F56150-LeaderElection323: Election REJECTED; received 2 response(s) [327657b1-60f8-49f2-b2a3-f63e1f934942<-6605b8a5-570b-4977-9ee7-6aaf3012bed5#0:FAIL-t371, 327657b1-60f8-49f2-b2a3-f63e1f934942<-ddd4789c-894d-475a-bbfb-f6e7aa670c92#0:FAIL-t371] and 0 exception(s); 327657b1-60f8-49f2-b2a3-f63e1f934942@group-58A987F56150:t371, leader=null, voted=327657b1-60f8-49f2-b2a3-f63e1f934942, raftlog=327657b1-60f8-49f2-b2a3-f63e1f934942@group-58A987F56150-SegmentedRaftLog:OPENED:c-1,f-1,i0, conf=-1: [6605b8a5-570b-4977-9ee7-6aaf3012bed5:192.168.164.233:35223, 327657b1-60f8-49f2-b2a3-f63e1f934942:192.168.164.233:41966, ddd4789c-894d-475a-bbfb-f6e7aa670c92:192.168.164.233:41061], old=null
2019-10-18 14:58:44,914 [327657b1-60f8-49f2-b2a3-f63e1f934942@group-58A987F56150-LeaderElection323] INFO  impl.RaftServerImpl (RaftServerImpl.java:setRole(184)) - 327657b1-60f8-49f2-b2a3-f63e1f934942@group-58A987F56150: changes role from CANDIDATE to FOLLOWER at term 371 for DISCOVERED_A_NEW_TERM
2019-10-18 14:58:44,914 [327657b1-60f8-49f2-b2a3-f63e1f934942@group-58A987F56150-LeaderElection323] INFO  impl.RoleInfo (RoleInfo.java:shutdownLeaderElection(134)) - 327657b1-60f8-49f2-b2a3-f63e1f934942: shutdown LeaderElection
2019-10-18 14:58:44,914 [327657b1-60f8-49f2-b2a3-f63e1f934942@group-58A987F56150-LeaderElection323] INFO  impl.RoleInfo (RoleInfo.java:updateAndGet(143)) - 327657b1-60f8-49f2-b2a3-f63e1f934942: start FollowerState
2019-10-18 14:58:44,976 [Thread-2455] INFO  impl.FollowerState (FollowerState.java:run(108)) - 327657b1-60f8-49f2-b2a3-f63e1f934942@group-58A987F56150-FollowerState: change to CANDIDATE, lastRpcTime:62ms, electionTimeout:62ms
2019-10-18 14:58:44,976 [Thread-2455] INFO  impl.RoleInfo (RoleInfo.java:shutdownFollowerState(121)) - 327657b1-60f8-49f2-b2a3-f63e1f934942: shutdown FollowerState
2019-10-18 14:58:44,976 [Thread-2455] INFO  impl.RaftServerImpl (RaftServerImpl.java:setRole(184)) - 327657b1-60f8-49f2-b2a3-f63e1f934942@group-58A987F56150: changes role from  FOLLOWER to CANDIDATE at term 371 for changeToCandidate
2019-10-18 14:58:44,977 [Thread-2455] INFO  impl.RoleInfo (RoleInfo.java:updateAndGet(143)) - 327657b1-60f8-49f2-b2a3-f63e1f934942: start LeaderElection
2019-10-18 14:58:44,989 [327657b1-60f8-49f2-b2a3-f63e1f934942@group-58A987F56150-LeaderElection324] INFO  impl.LeaderElection (LeaderElection.java:askForVotes(178)) - 327657b1-60f8-49f2-b2a3-f63e1f934942@group-58A987F56150-LeaderElection324: begin an election at term 372 for -1: [6605b8a5-570b-4977-9ee7-6aaf3012bed5:192.168.164.233:35223, 327657b1-60f8-49f2-b2a3-f63e1f934942:192.168.164.233:41966, ddd4789c-894d-475a-bbfb-f6e7aa670c92:192.168.164.233:41061], old=null
2019-10-18 14:58:44,993 [grpc-default-executor-3] INFO  impl.RaftServerImpl (RaftServerImpl.java:setRole(184)) - ddd4789c-894d-475a-bbfb-f6e7aa670c92@group-58A987F56150: changes role from  FOLLOWER to FOLLOWER at term 372 for recognizeCandidate:327657b1-60f8-49f2-b2a3-f63e1f934942
2019-10-18 14:58:44,993 [grpc-default-executor-1] INFO  impl.RaftServerImpl (RaftServerImpl.java:setRole(184)) - 6605b8a5-570b-4977-9ee7-6aaf3012bed5@group-58A987F56150: changes role from  FOLLOWER to FOLLOWER at term 372 for recognizeCandidate:327657b1-60f8-49f2-b2a3-f63e1f934942
2019-10-18 14:58:44,994 [grpc-default-executor-1] INFO  impl.RoleInfo (RoleInfo.java:shutdownFollowerState(121)) - 6605b8a5-570b-4977-9ee7-6aaf3012bed5: shutdown FollowerState
2019-10-18 14:58:44,994 [grpc-default-executor-3] INFO  impl.RoleInfo (RoleInfo.java:shutdownFollowerState(121)) - ddd4789c-894d-475a-bbfb-f6e7aa670c92: shutdown FollowerState
2019-10-18 14:58:44,994 [Thread-2454] INFO  impl.FollowerState (FollowerState.java:run(117)) - 6605b8a5-570b-4977-9ee7-6aaf3012bed5@group-58A987F56150-FollowerState was interrupted: java.lang.InterruptedException: sleep interrupted
2019-10-18 14:58:44,994 [Thread-2453] INFO  impl.FollowerState (FollowerState.java:run(117)) - ddd4789c-894d-475a-bbfb-f6e7aa670c92@group-58A987F56150-FollowerState was interrupted: java.lang.InterruptedException: sleep interrupted
2019-10-18 14:58:44,994 [grpc-default-executor-1] INFO  impl.RoleInfo (RoleInfo.java:updateAndGet(143)) - 6605b8a5-570b-4977-9ee7-6aaf3012bed5: start FollowerState
2019-10-18 14:58:44,994 [grpc-default-executor-3] INFO  impl.RoleInfo (RoleInfo.java:updateAndGet(143)) - ddd4789c-894d-475a-bbfb-f6e7aa670c92: start FollowerState
2019-10-18 14:58:45,010 [327657b1-60f8-49f2-b2a3-f63e1f934942@group-58A987F56150-LeaderElection324] INFO  impl.LeaderElection (LeaderElection.java:logAndReturn(56)) - 327657b1-60f8-49f2-b2a3-f63e1f934942@group-58A987F56150-LeaderElection324: Election REJECTED; received 2 response(s) [327657b1-60f8-49f2-b2a3-f63e1f934942<-6605b8a5-570b-4977-9ee7-6aaf3012bed5#0:FAIL-t372, 327657b1-60f8-49f2-b2a3-f63e1f934942<-ddd4789c-894d-475a-bbfb-f6e7aa670c92#0:FAIL-t372] and 0 exception(s); 327657b1-60f8-49f2-b2a3-f63e1f934942@group-58A987F56150:t372, leader=null, voted=327657b1-60f8-49f2-b2a3-f63e1f934942, raftlog=327657b1-60f8-49f2-b2a3-f63e1f934942@group-58A987F56150-SegmentedRaftLog:OPENED:c-1,f-1,i0, conf=-1: [6605b8a5-570b-4977-9ee7-6aaf3012bed5:192.168.164.233:35223, 327657b1-60f8-49f2-b2a3-f63e1f934942:192.168.164.233:41966, ddd4789c-894d-475a-bbfb-f6e7aa670c92:192.168.164.233:41061], old=null
2019-10-18 14:58:45,010 [327657b1-60f8-49f2-b2a3-f63e1f934942@group-58A987F56150-LeaderElection324] INFO  impl.RaftServerImpl (RaftServerImpl.java:setRole(184)) - 327657b1-60f8-49f2-b2a3-f63e1f934942@group-58A987F56150: changes role from CANDIDATE to FOLLOWER at term 372 for DISCOVERED_A_NEW_TERM
2019-10-18 14:58:45,010 [327657b1-60f8-49f2-b2a3-f63e1f934942@group-58A987F56150-LeaderElection324] INFO  impl.RoleInfo (RoleInfo.java:shutdownLeaderElection(134)) - 327657b1-60f8-49f2-b2a3-f63e1f934942: shutdown LeaderElection
2019-10-18 14:58:45,010 [327657b1-60f8-49f2-b2a3-f63e1f934942@group-58A987F56150-LeaderElection324] INFO  impl.RoleInfo (RoleInfo.java:updateAndGet(143)) - 327657b1-60f8-49f2-b2a3-f63e1f934942: start FollowerState
2019-10-18 14:58:45,202 [Thread-2461] INFO  impl.FollowerState (FollowerState.java:run(108)) - 327657b1-60f8-49f2-b2a3-f63e1f934942@group-58A987F56150-FollowerState: change to CANDIDATE, lastRpcTime:191ms, electionTimeout:191ms
2019-10-18 14:58:45,202 [Thread-2461] INFO  impl.RoleInfo (RoleInfo.java:shutdownFollowerState(121)) - 327657b1-60f8-49f2-b2a3-f63e1f934942: shutdown FollowerState
2019-10-18 14:58:45,202 [Thread-2461] INFO  impl.RaftServerImpl (RaftServerImpl.java:setRole(184)) - 327657b1-60f8-49f2-b2a3-f63e1f934942@group-58A987F56150: changes role from  FOLLOWER to CANDIDATE at term 372 for changeToCandidate
2019-10-18 14:58:45,202 [Thread-2461] INFO  impl.RoleInfo (RoleInfo.java:updateAndGet(143)) - 327657b1-60f8-49f2-b2a3-f63e1f934942: start LeaderElection
2019-10-18 14:58:45,227 [327657b1-60f8-49f2-b2a3-f63e1f934942@group-58A987F56150-LeaderElection325] INFO  impl.LeaderElection (LeaderElection.java:askForVotes(178)) - 327657b1-60f8-49f2-b2a3-f63e1f934942@group-58A987F56150-LeaderElection325: begin an election at term 373 for -1: [6605b8a5-570b-4977-9ee7-6aaf3012bed5:192.168.164.233:35223, 327657b1-60f8-49f2-b2a3-f63e1f934942:192.168.164.233:41966, ddd4789c-894d-475a-bbfb-f6e7aa670c92:192.168.164.233:41061], old=null
2019-10-18 14:58:45,228 [grpc-default-executor-3] INFO  impl.RaftServerImpl (RaftServerImpl.java:setRole(184)) - 6605b8a5-570b-4977-9ee7-6aaf3012bed5@group-58A987F56150: changes role from  FOLLOWER to FOLLOWER at term 373 for recognizeCandidate:327657b1-60f8-49f2-b2a3-f63e1f934942
2019-10-18 14:58:45,229 [grpc-default-executor-3] INFO  impl.RoleInfo (RoleInfo.java:shutdownFollowerState(121)) - 6605b8a5-570b-4977-9ee7-6aaf3012bed5: shutdown FollowerState
2019-10-18 14:58:45,229 [grpc-default-executor-1] INFO  impl.RaftServerImpl (RaftServerImpl.java:setRole(184)) - ddd4789c-894d-475a-bbfb-f6e7aa670c92@group-58A987F56150: changes role from  FOLLOWER to FOLLOWER at term 373 for recognizeCandidate:327657b1-60f8-49f2-b2a3-f63e1f934942
2019-10-18 14:58:45,229 [grpc-default-executor-1] INFO  impl.RoleInfo (RoleInfo.java:shutdownFollowerState(121)) - ddd4789c-894d-475a-bbfb-f6e7aa670c92: shutdown FollowerState
2019-10-18 14:58:45,229 [Thread-2459] INFO  impl.FollowerState (FollowerState.java:run(117)) - 6605b8a5-570b-4977-9ee7-6aaf3012bed5@group-58A987F56150-FollowerState was interrupted: java.lang.InterruptedException: sleep interrupted
2019-10-18 14:58:45,229 [grpc-default-executor-3] INFO  impl.RoleInfo (RoleInfo.java:updateAndGet(143)) - 6605b8a5-570b-4977-9ee7-6aaf3012bed5: start FollowerState
2019-10-18 14:58:45,229 [grpc-default-executor-1] INFO  impl.RoleInfo (RoleInfo.java:updateAndGet(143)) - ddd4789c-894d-475a-bbfb-f6e7aa670c92: start FollowerState
2019-10-18 14:58:45,229 [Thread-2460] INFO  impl.FollowerState (FollowerState.java:run(117)) - ddd4789c-894d-475a-bbfb-f6e7aa670c92@group-58A987F56150-FollowerState was interrupted: java.lang.InterruptedException: sleep interrupted
2019-10-18 14:58:45,245 [327657b1-60f8-49f2-b2a3-f63e1f934942@group-58A987F56150-LeaderElection325] INFO  impl.LeaderElection (LeaderElection.java:logAndReturn(56)) - 327657b1-60f8-49f2-b2a3-f63e1f934942@group-58A987F56150-LeaderElection325: Election TIMEOUT; received 0 response(s) [] and 0 exception(s); 327657b1-60f8-49f2-b2a3-f63e1f934942@group-58A987F56150:t373, leader=null, voted=327657b1-60f8-49f2-b2a3-f63e1f934942, raftlog=327657b1-60f8-49f2-b2a3-f63e1f934942@group-58A987F56150-SegmentedRaftLog:OPENED:c-1,f-1,i0, conf=-1: [6605b8a5-570b-4977-9ee7-6aaf3012bed5:192.168.164.233:35223, 327657b1-60f8-49f2-b2a3-f63e1f934942:192.168.164.233:41966, ddd4789c-894d-475a-bbfb-f6e7aa670c92:192.168.164.233:41061], old=null
2019-10-18 14:58:45,256 [327657b1-60f8-49f2-b2a3-f63e1f934942@group-58A987F56150-LeaderElection325] INFO  impl.LeaderElection (LeaderElection.java:askForVotes(178)) - 327657b1-60f8-49f2-b2a3-f63e1f934942@group-58A987F56150-LeaderElection325: begin an election at term 374 for -1: [6605b8a5-570b-4977-9ee7-6aaf3012bed5:192.168.164.233:35223, 327657b1-60f8-49f2-b2a3-f63e1f934942:192.168.164.233:41966, ddd4789c-894d-475a-bbfb-f6e7aa670c92:192.168.164.233:41061], old=null
2019-10-18 14:58:45,257 [grpc-default-executor-3] INFO  impl.RaftServerImpl (RaftServerImpl.java:setRole(184)) - ddd4789c-894d-475a-bbfb-f6e7aa670c92@group-58A987F56150: changes role from  FOLLOWER to FOLLOWER at term 374 for recognizeCandidate:327657b1-60f8-49f2-b2a3-f63e1f934942
2019-10-18 14:58:45,257 [grpc-default-executor-3] INFO  impl.RoleInfo (RoleInfo.java:shutdownFollowerState(121)) - ddd4789c-894d-475a-bbfb-f6e7aa670c92: shutdown FollowerState
2019-10-18 14:58:45,257 [grpc-default-executor-1] INFO  impl.RaftServerImpl (RaftServerImpl.java:setRole(184)) - 6605b8a5-570b-4977-9ee7-6aaf3012bed5@group-58A987F56150: changes role from  FOLLOWER to FOLLOWER at term 374 for recognizeCandidate:327657b1-60f8-49f2-b2a3-f63e1f934942
2019-10-18 14:58:45,257 [grpc-default-executor-1] INFO  impl.RoleInfo (RoleInfo.java:shutdownFollowerState(121)) - 6605b8a5-570b-4977-9ee7-6aaf3012bed5: shutdown FollowerState
2019-10-18 14:58:45,257 [Thread-2468] INFO  impl.FollowerState (FollowerState.java:run(117)) - ddd4789c-894d-475a-bbfb-f6e7aa670c92@group-58A987F56150-FollowerState was interrupted: java.lang.InterruptedException: sleep interrupted
2019-10-18 14:58:45,258 [Thread-2467] INFO  impl.FollowerState (FollowerState.java:run(117)) - 6605b8a5-570b-4977-9ee7-6aaf3012bed5@group-58A987F56150-FollowerState was interrupted: java.lang.InterruptedException: sleep interrupted
2019-10-18 14:58:45,257 [grpc-default-executor-3] INFO  impl.RoleInfo (RoleInfo.java:updateAndGet(143)) - ddd4789c-894d-475a-bbfb-f6e7aa670c92: start FollowerState
2019-10-18 14:58:45,258 [grpc-default-executor-1] INFO  impl.RoleInfo (RoleInfo.java:updateAndGet(143)) - 6605b8a5-570b-4977-9ee7-6aaf3012bed5: start FollowerState
2019-10-18 14:58:45,284 [327657b1-60f8-49f2-b2a3-f63e1f934942@group-58A987F56150-LeaderElection325] INFO  impl.LeaderElection (LeaderElection.java:logAndReturn(56)) - 327657b1-60f8-49f2-b2a3-f63e1f934942@group-58A987F56150-LeaderElection325: Election REJECTED; received 2 response(s) [327657b1-60f8-49f2-b2a3-f63e1f934942<-6605b8a5-570b-4977-9ee7-6aaf3012bed5#0:FAIL-t374, 327657b1-60f8-49f2-b2a3-f63e1f934942<-ddd4789c-894d-475a-bbfb-f6e7aa670c92#0:FAIL-t374] and 0 exception(s); 327657b1-60f8-49f2-b2a3-f63e1f934942@group-58A987F56150:t374, leader=null, voted=327657b1-60f8-49f2-b2a3-f63e1f934942, raftlog=327657b1-60f8-49f2-b2a3-f63e1f934942@group-58A987F56150-SegmentedRaftLog:OPENED:c-1,f-1,i0, conf=-1: [6605b8a5-570b-4977-9ee7-6aaf3012bed5:192.168.164.233:35223, 327657b1-60f8-49f2-b2a3-f63e1f934942:192.168.164.233:41966, ddd4789c-894d-475a-bbfb-f6e7aa670c92:192.168.164.233:41061], old=null
2019-10-18 14:58:45,284 [327657b1-60f8-49f2-b2a3-f63e1f934942@group-58A987F56150-LeaderElection325] INFO  impl.RaftServerImpl (RaftServerImpl.java:setRole(184)) - 327657b1-60f8-49f2-b2a3-f63e1f934942@group-58A987F56150: changes role from CANDIDATE to FOLLOWER at term 374 for DISCOVERED_A_NEW_TERM
2019-10-18 14:58:45,284 [327657b1-60f8-49f2-b2a3-f63e1f934942@group-58A987F56150-LeaderElection325] INFO  impl.RoleInfo (RoleInfo.java:shutdownLeaderElection(134)) - 327657b1-60f8-49f2-b2a3-f63e1f934942: shutdown LeaderElection
2019-10-18 14:58:45,284 [327657b1-60f8-49f2-b2a3-f63e1f934942@group-58A987F56150-LeaderElection325] INFO  impl.RoleInfo (RoleInfo.java:updateAndGet(143)) - 327657b1-60f8-49f2-b2a3-f63e1f934942: start FollowerState
2019-10-18 14:58:45,406 [Thread-2473] INFO  impl.FollowerState (FollowerState.java:run(108)) - 327657b1-60f8-49f2-b2a3-f63e1f934942@group-58A987F56150-FollowerState: change to CANDIDATE, lastRpcTime:122ms, electionTimeout:122ms
2019-10-18 14:58:45,407 [Thread-2473] INFO  impl.RoleInfo (RoleInfo.java:shutdownFollowerState(121)) - 327657b1-60f8-49f2-b2a3-f63e1f934942: shutdown FollowerState
2019-10-18 14:58:45,407 [Thread-2473] INFO  impl.RaftServerImpl (RaftServerImpl.java:setRole(184)) - 327657b1-60f8-49f2-b2a3-f63e1f934942@group-58A987F56150: changes role from  FOLLOWER to CANDIDATE at term 374 for changeToCandidate
2019-10-18 14:58:45,407 [Thread-2473] INFO  impl.RoleInfo (RoleInfo.java:updateAndGet(143)) - 327657b1-60f8-49f2-b2a3-f63e1f934942: start LeaderElection
2019-10-18 14:58:45,420 [327657b1-60f8-49f2-b2a3-f63e1f934942@group-58A987F56150-LeaderElection326] INFO  impl.LeaderElection (LeaderElection.java:askForVotes(178)) - 327657b1-60f8-49f2-b2a3-f63e1f934942@group-58A987F56150-LeaderElection326: begin an election at term 375 for -1: [6605b8a5-570b-4977-9ee7-6aaf3012bed5:192.168.164.233:35223, 327657b1-60f8-49f2-b2a3-f63e1f934942:192.168.164.233:41966, ddd4789c-894d-475a-bbfb-f6e7aa670c92:192.168.164.233:41061], old=null
2019-10-18 14:58:45,422 [grpc-default-executor-1] INFO  impl.RaftServerImpl (RaftServerImpl.java:setRole(184)) - 6605b8a5-570b-4977-9ee7-6aaf3012bed5@group-58A987F56150: changes role from  FOLLOWER to FOLLOWER at term 375 for recognizeCandidate:327657b1-60f8-49f2-b2a3-f63e1f934942
2019-10-18 14:58:45,422 [grpc-default-executor-1] INFO  impl.RoleInfo (RoleInfo.java:shutdownFollowerState(121)) - 6605b8a5-570b-4977-9ee7-6aaf3012bed5: shutdown FollowerState
2019-10-18 14:58:45,422 [grpc-default-executor-3] INFO  impl.RaftServerImpl (RaftServerImpl.java:setRole(184)) - ddd4789c-894d-475a-bbfb-f6e7aa670c92@group-58A987F56150: changes role from  FOLLOWER to FOLLOWER at term 375 for recognizeCandidate:327657b1-60f8-49f2-b2a3-f63e1f934942
2019-10-18 14:58:45,422 [Thread-2472] INFO  impl.FollowerState (FollowerState.java:run(117)) - 6605b8a5-570b-4977-9ee7-6aaf3012bed5@group-58A987F56150-FollowerState was interrupted: java.lang.InterruptedException: sleep interrupted
2019-10-18 14:58:45,422 [grpc-default-executor-1] INFO  impl.RoleInfo (RoleInfo.java:updateAndGet(143)) - 6605b8a5-570b-4977-9ee7-6aaf3012bed5: start FollowerState
2019-10-18 14:58:45,422 [grpc-default-executor-3] INFO  impl.RoleInfo (RoleInfo.java:shutdownFollowerState(121)) - ddd4789c-894d-475a-bbfb-f6e7aa670c92: shutdown FollowerState
2019-10-18 14:58:45,423 [grpc-default-executor-3] INFO  impl.RoleInfo (RoleInfo.java:updateAndGet(143)) - ddd4789c-894d-475a-bbfb-f6e7aa670c92: start FollowerState
2019-10-18 14:58:45,423 [Thread-2471] INFO  impl.FollowerState (FollowerState.java:run(117)) - ddd4789c-894d-475a-bbfb-f6e7aa670c92@group-58A987F56150-FollowerState was interrupted: java.lang.InterruptedException: sleep interrupted
2019-10-18 14:58:45,453 [327657b1-60f8-49f2-b2a3-f63e1f934942@group-58A987F56150-LeaderElection326] INFO  impl.LeaderElection (LeaderElection.java:logAndReturn(56)) - 327657b1-60f8-49f2-b2a3-f63e1f934942@group-58A987F56150-LeaderElection326: Election REJECTED; received 2 response(s) [327657b1-60f8-49f2-b2a3-f63e1f934942<-6605b8a5-570b-4977-9ee7-6aaf3012bed5#0:FAIL-t375, 327657b1-60f8-49f2-b2a3-f63e1f934942<-ddd4789c-894d-475a-bbfb-f6e7aa670c92#0:FAIL-t375] and 0 exception(s); 327657b1-60f8-49f2-b2a3-f63e1f934942@group-58A987F56150:t375, leader=null, voted=327657b1-60f8-49f2-b2a3-f63e1f934942, raftlog=327657b1-60f8-49f2-b2a3-f63e1f934942@group-58A987F56150-SegmentedRaftLog:OPENED:c-1,f-1,i0, conf=-1: [6605b8a5-570b-4977-9ee7-6aaf3012bed5:192.168.164.233:35223, 327657b1-60f8-49f2-b2a3-f63e1f934942:192.168.164.233:41966, ddd4789c-894d-475a-bbfb-f6e7aa670c92:192.168.164.233:41061], old=null
2019-10-18 14:58:45,453 [327657b1-60f8-49f2-b2a3-f63e1f934942@group-58A987F56150-LeaderElection326] INFO  impl.RaftServerImpl (RaftServerImpl.java:setRole(184)) - 327657b1-60f8-49f2-b2a3-f63e1f934942@group-58A987F56150: changes role from CANDIDATE to FOLLOWER at term 375 for DISCOVERED_A_NEW_TERM
2019-10-18 14:58:45,453 [327657b1-60f8-49f2-b2a3-f63e1f934942@group-58A987F56150-LeaderElection326] INFO  impl.RoleInfo (RoleInfo.java:shutdownLeaderElection(134)) - 327657b1-60f8-49f2-b2a3-f63e1f934942: shutdown LeaderElection
2019-10-18 14:58:45,453 [327657b1-60f8-49f2-b2a3-f63e1f934942@group-58A987F56150-LeaderElection326] INFO  impl.RoleInfo (RoleInfo.java:updateAndGet(143)) - 327657b1-60f8-49f2-b2a3-f63e1f934942: start FollowerState
2019-10-18 14:58:45,593 [Thread-2479] INFO  impl.FollowerState (FollowerState.java:run(108)) - 327657b1-60f8-49f2-b2a3-f63e1f934942@group-58A987F56150-FollowerState: change to CANDIDATE, lastRpcTime:139ms, electionTimeout:139ms
2019-10-18 14:58:45,593 [Thread-2479] INFO  impl.RoleInfo (RoleInfo.java:shutdownFollowerState(121)) - 327657b1-60f8-49f2-b2a3-f63e1f934942: shutdown FollowerState
2019-10-18 14:58:45,593 [Thread-2479] INFO  impl.RaftServerImpl (RaftServerImpl.java:setRole(184)) - 327657b1-60f8-49f2-b2a3-f63e1f934942@group-58A987F56150: changes role from  FOLLOWER to CANDIDATE at term 375 for changeToCandidate
2019-10-18 14:58:45,593 [Thread-2479] INFO  impl.RoleInfo (RoleInfo.java:updateAndGet(143)) - 327657b1-60f8-49f2-b2a3-f63e1f934942: start LeaderElection
2019-10-18 14:58:45,608 [327657b1-60f8-49f2-b2a3-f63e1f934942@group-58A987F56150-LeaderElection327] INFO  impl.LeaderElection (LeaderElection.java:askForVotes(178)) - 327657b1-60f8-49f2-b2a3-f63e1f934942@group-58A987F56150-LeaderElection327: begin an election at term 376 for -1: [6605b8a5-570b-4977-9ee7-6aaf3012bed5:192.168.164.233:35223, 327657b1-60f8-49f2-b2a3-f63e1f934942:192.168.164.233:41966, ddd4789c-894d-475a-bbfb-f6e7aa670c92:192.168.164.233:41061], old=null
2019-10-18 14:58:45,609 [grpc-default-executor-3] INFO  impl.RaftServerImpl (RaftServerImpl.java:setRole(184)) - ddd4789c-894d-475a-bbfb-f6e7aa670c92@group-58A987F56150: changes role from  FOLLOWER to FOLLOWER at term 376 for recognizeCandidate:327657b1-60f8-49f2-b2a3-f63e1f934942
2019-10-18 14:58:45,609 [grpc-default-executor-1] INFO  impl.RaftServerImpl (RaftServerImpl.java:setRole(184)) - 6605b8a5-570b-4977-9ee7-6aaf3012bed5@group-58A987F56150: changes role from  FOLLOWER to FOLLOWER at term 376 for recognizeCandidate:327657b1-60f8-49f2-b2a3-f63e1f934942
2019-10-18 14:58:45,610 [grpc-default-executor-3] INFO  impl.RoleInfo (RoleInfo.java:shutdownFollowerState(121)) - ddd4789c-894d-475a-bbfb-f6e7aa670c92: shutdown FollowerState
2019-10-18 14:58:45,610 [grpc-default-executor-1] INFO  impl.RoleInfo (RoleInfo.java:shutdownFollowerState(121)) - 6605b8a5-570b-4977-9ee7-6aaf3012bed5: shutdown FollowerState
2019-10-18 14:58:45,610 [grpc-default-executor-3] INFO  impl.RoleInfo (RoleInfo.java:updateAndGet(143)) - ddd4789c-894d-475a-bbfb-f6e7aa670c92: start FollowerState
2019-10-18 14:58:45,610 [Thread-2477] INFO  impl.FollowerState (FollowerState.java:run(117)) - 6605b8a5-570b-4977-9ee7-6aaf3012bed5@group-58A987F56150-FollowerState was interrupted: java.lang.InterruptedException: sleep interrupted
2019-10-18 14:58:45,610 [grpc-default-executor-1] INFO  impl.RoleInfo (RoleInfo.java:updateAndGet(143)) - 6605b8a5-570b-4977-9ee7-6aaf3012bed5: start FollowerState
2019-10-18 14:58:45,610 [Thread-2478] INFO  impl.FollowerState (FollowerState.java:run(117)) - ddd4789c-894d-475a-bbfb-f6e7aa670c92@group-58A987F56150-FollowerState was interrupted: java.lang.InterruptedException: sleep interrupted
2019-10-18 14:58:45,618 [327657b1-60f8-49f2-b2a3-f63e1f934942@group-58A987F56150-LeaderElection327] INFO  impl.LeaderElection (LeaderElection.java:logAndReturn(56)) - 327657b1-60f8-49f2-b2a3-f63e1f934942@group-58A987F56150-LeaderElection327: Election TIMEOUT; received 0 response(s) [] and 0 exception(s); 327657b1-60f8-49f2-b2a3-f63e1f934942@group-58A987F56150:t376, leader=null, voted=327657b1-60f8-49f2-b2a3-f63e1f934942, raftlog=327657b1-60f8-49f2-b2a3-f63e1f934942@group-58A987F56150-SegmentedRaftLog:OPENED:c-1,f-1,i0, conf=-1: [6605b8a5-570b-4977-9ee7-6aaf3012bed5:192.168.164.233:35223, 327657b1-60f8-49f2-b2a3-f63e1f934942:192.168.164.233:41966, ddd4789c-894d-475a-bbfb-f6e7aa670c92:192.168.164.233:41061], old=null
2019-10-18 14:58:45,635 [327657b1-60f8-49f2-b2a3-f63e1f934942@group-58A987F56150-LeaderElection327] INFO  impl.LeaderElection (LeaderElection.java:askForVotes(178)) - 327657b1-60f8-49f2-b2a3-f63e1f934942@group-58A987F56150-LeaderElection327: begin an election at term 377 for -1: [6605b8a5-570b-4977-9ee7-6aaf3012bed5:192.168.164.233:35223, 327657b1-60f8-49f2-b2a3-f63e1f934942:192.168.164.233:41966, ddd4789c-894d-475a-bbfb-f6e7aa670c92:192.168.164.233:41061], old=null
2019-10-18 14:58:45,635 [grpc-default-executor-3] INFO  impl.RaftServerImpl (RaftServerImpl.java:setRole(184)) - 6605b8a5-570b-4977-9ee7-6aaf3012bed5@group-58A987F56150: changes role from  FOLLOWER to FOLLOWER at term 377 for recognizeCandidate:327657b1-60f8-49f2-b2a3-f63e1f934942
2019-10-18 14:58:45,636 [grpc-default-executor-3] INFO  impl.RoleInfo (RoleInfo.java:shutdownFollowerState(121)) - 6605b8a5-570b-4977-9ee7-6aaf3012bed5: shutdown FollowerState
2019-10-18 14:58:45,636 [grpc-default-executor-1] INFO  impl.RaftServerImpl (RaftServerImpl.java:setRole(184)) - ddd4789c-894d-475a-bbfb-f6e7aa670c92@group-58A987F56150: changes role from  FOLLOWER to FOLLOWER at term 377 for recognizeCandidate:327657b1-60f8-49f2-b2a3-f63e1f934942
2019-10-18 14:58:45,636 [grpc-default-executor-1] INFO  impl.RoleInfo (RoleInfo.java:shutdownFollowerState(121)) - ddd4789c-894d-475a-bbfb-f6e7aa670c92: shutdown FollowerState
2019-10-18 14:58:45,636 [Thread-2484] INFO  impl.FollowerState (FollowerState.java:run(117)) - 6605b8a5-570b-4977-9ee7-6aaf3012bed5@group-58A987F56150-FollowerState was interrupted: java.lang.InterruptedException: sleep interrupted
2019-10-18 14:58:45,636 [grpc-default-executor-3] INFO  impl.RoleInfo (RoleInfo.java:updateAndGet(143)) - 6605b8a5-570b-4977-9ee7-6aaf3012bed5: start FollowerState
2019-10-18 14:58:45,636 [Thread-2483] INFO  impl.FollowerState (FollowerState.java:run(117)) - ddd4789c-894d-475a-bbfb-f6e7aa670c92@group-58A987F56150-FollowerState was interrupted: java.lang.InterruptedException: sleep interrupted
2019-10-18 14:58:45,636 [grpc-default-executor-1] INFO  impl.RoleInfo (RoleInfo.java:updateAndGet(143)) - ddd4789c-894d-475a-bbfb-f6e7aa670c92: start FollowerState
2019-10-18 14:58:45,649 [327657b1-60f8-49f2-b2a3-f63e1f934942@group-58A987F56150-LeaderElection327] INFO  impl.LeaderElection (LeaderElection.java:logAndReturn(56)) - 327657b1-60f8-49f2-b2a3-f63e1f934942@group-58A987F56150-LeaderElection327: Election REJECTED; received 2 response(s) [327657b1-60f8-49f2-b2a3-f63e1f934942<-6605b8a5-570b-4977-9ee7-6aaf3012bed5#0:FAIL-t377, 327657b1-60f8-49f2-b2a3-f63e1f934942<-ddd4789c-894d-475a-bbfb-f6e7aa670c92#0:FAIL-t377] and 0 exception(s); 327657b1-60f8-49f2-b2a3-f63e1f934942@group-58A987F56150:t377, leader=null, voted=327657b1-60f8-49f2-b2a3-f63e1f934942, raftlog=327657b1-60f8-49f2-b2a3-f63e1f934942@group-58A987F56150-SegmentedRaftLog:OPENED:c-1,f-1,i0, conf=-1: [6605b8a5-570b-4977-9ee7-6aaf3012bed5:192.168.164.233:35223, 327657b1-60f8-49f2-b2a3-f63e1f934942:192.168.164.233:41966, ddd4789c-894d-475a-bbfb-f6e7aa670c92:192.168.164.233:41061], old=null
2019-10-18 14:58:45,650 [327657b1-60f8-49f2-b2a3-f63e1f934942@group-58A987F56150-LeaderElection327] INFO  impl.RaftServerImpl (RaftServerImpl.java:setRole(184)) - 327657b1-60f8-49f2-b2a3-f63e1f934942@group-58A987F56150: changes role from CANDIDATE to FOLLOWER at term 377 for DISCOVERED_A_NEW_TERM
2019-10-18 14:58:45,650 [327657b1-60f8-49f2-b2a3-f63e1f934942@group-58A987F56150-LeaderElection327] INFO  impl.RoleInfo (RoleInfo.java:shutdownLeaderElection(134)) - 327657b1-60f8-49f2-b2a3-f63e1f934942: shutdown LeaderElection
2019-10-18 14:58:45,650 [327657b1-60f8-49f2-b2a3-f63e1f934942@group-58A987F56150-LeaderElection327] INFO  impl.RoleInfo (RoleInfo.java:updateAndGet(143)) - 327657b1-60f8-49f2-b2a3-f63e1f934942: start FollowerState
2019-10-18 14:58:45,777 [Thread-2489] INFO  impl.FollowerState (FollowerState.java:run(108)) - 327657b1-60f8-49f2-b2a3-f63e1f934942@group-58A987F56150-FollowerState: change to CANDIDATE, lastRpcTime:127ms, electionTimeout:127ms
2019-10-18 14:58:45,777 [Thread-2489] INFO  impl.RoleInfo (RoleInfo.java:shutdownFollowerState(121)) - 327657b1-60f8-49f2-b2a3-f63e1f934942: shutdown FollowerState
2019-10-18 14:58:45,777 [Thread-2489] INFO  impl.RaftServerImpl (RaftServerImpl.java:setRole(184)) - 327657b1-60f8-49f2-b2a3-f63e1f934942@group-58A987F56150: changes role from  FOLLOWER to CANDIDATE at term 377 for changeToCandidate
2019-10-18 14:58:45,778 [Thread-2489] INFO  impl.RoleInfo (RoleInfo.java:updateAndGet(143)) - 327657b1-60f8-49f2-b2a3-f63e1f934942: start LeaderElection
2019-10-18 14:58:45,793 [327657b1-60f8-49f2-b2a3-f63e1f934942@group-58A987F56150-LeaderElection328] INFO  impl.LeaderElection (LeaderElection.java:askForVotes(178)) - 327657b1-60f8-49f2-b2a3-f63e1f934942@group-58A987F56150-LeaderElection328: begin an election at term 378 for -1: [6605b8a5-570b-4977-9ee7-6aaf3012bed5:192.168.164.233:35223, 327657b1-60f8-49f2-b2a3-f63e1f934942:192.168.164.233:41966, ddd4789c-894d-475a-bbfb-f6e7aa670c92:192.168.164.233:41061], old=null
2019-10-18 14:58:45,794 [grpc-default-executor-1] INFO  impl.RaftServerImpl (RaftServerImpl.java:setRole(184)) - ddd4789c-894d-475a-bbfb-f6e7aa670c92@group-58A987F56150: changes role from  FOLLOWER to FOLLOWER at term 378 for recognizeCandidate:327657b1-60f8-49f2-b2a3-f63e1f934942
2019-10-18 14:58:45,795 [grpc-default-executor-1] INFO  impl.RoleInfo (RoleInfo.java:shutdownFollowerState(121)) - ddd4789c-894d-475a-bbfb-f6e7aa670c92: shutdown FollowerState
2019-10-18 14:58:45,795 [grpc-default-executor-3] INFO  impl.RaftServerImpl (RaftServerImpl.java:setRole(184)) - 6605b8a5-570b-4977-9ee7-6aaf3012bed5@group-58A987F56150: changes role from  FOLLOWER to FOLLOWER at term 378 for recognizeCandidate:327657b1-60f8-49f2-b2a3-f63e1f934942
2019-10-18 14:58:45,795 [grpc-default-executor-3] INFO  impl.RoleInfo (RoleInfo.java:shutdownFollowerState(121)) - 6605b8a5-570b-4977-9ee7-6aaf3012bed5: shutdown FollowerState
2019-10-18 14:58:45,795 [Thread-2488] INFO  impl.FollowerState (FollowerState.java:run(117)) - ddd4789c-894d-475a-bbfb-f6e7aa670c92@group-58A987F56150-FollowerState was interrupted: java.lang.InterruptedException: sleep interrupted
2019-10-18 14:58:45,795 [grpc-default-executor-1] INFO  impl.RoleInfo (RoleInfo.java:updateAndGet(143)) - ddd4789c-894d-475a-bbfb-f6e7aa670c92: start FollowerState
2019-10-18 14:58:45,795 [Thread-2487] INFO  impl.FollowerState (FollowerState.java:run(117)) - 6605b8a5-570b-4977-9ee7-6aaf3012bed5@group-58A987F56150-FollowerState was interrupted: java.lang.InterruptedException: sleep interrupted
2019-10-18 14:58:45,795 [grpc-default-executor-3] INFO  impl.RoleInfo (RoleInfo.java:updateAndGet(143)) - 6605b8a5-570b-4977-9ee7-6aaf3012bed5: start FollowerState
2019-10-18 14:58:45,810 [327657b1-60f8-49f2-b2a3-f63e1f934942@group-58A987F56150-LeaderElection328] INFO  impl.LeaderElection (LeaderElection.java:logAndReturn(56)) - 327657b1-60f8-49f2-b2a3-f63e1f934942@group-58A987F56150-LeaderElection328: Election REJECTED; received 2 response(s) [327657b1-60f8-49f2-b2a3-f63e1f934942<-6605b8a5-570b-4977-9ee7-6aaf3012bed5#0:FAIL-t378, 327657b1-60f8-49f2-b2a3-f63e1f934942<-ddd4789c-894d-475a-bbfb-f6e7aa670c92#0:FAIL-t378] and 0 exception(s); 327657b1-60f8-49f2-b2a3-f63e1f934942@group-58A987F56150:t378, leader=null, voted=327657b1-60f8-49f2-b2a3-f63e1f934942, raftlog=327657b1-60f8-49f2-b2a3-f63e1f934942@group-58A987F56150-SegmentedRaftLog:OPENED:c-1,f-1,i0, conf=-1: [6605b8a5-570b-4977-9ee7-6aaf3012bed5:192.168.164.233:35223, 327657b1-60f8-49f2-b2a3-f63e1f934942:192.168.164.233:41966, ddd4789c-894d-475a-bbfb-f6e7aa670c92:192.168.164.233:41061], old=null
2019-10-18 14:58:45,810 [327657b1-60f8-49f2-b2a3-f63e1f934942@group-58A987F56150-LeaderElection328] INFO  impl.RaftServerImpl (RaftServerImpl.java:setRole(184)) - 327657b1-60f8-49f2-b2a3-f63e1f934942@group-58A987F56150: changes role from CANDIDATE to FOLLOWER at term 378 for DISCOVERED_A_NEW_TERM
2019-10-18 14:58:45,810 [327657b1-60f8-49f2-b2a3-f63e1f934942@group-58A987F56150-LeaderElection328] INFO  impl.RoleInfo (RoleInfo.java:shutdownLeaderElection(134)) - 327657b1-60f8-49f2-b2a3-f63e1f934942: shutdown LeaderElection
2019-10-18 14:58:45,810 [327657b1-60f8-49f2-b2a3-f63e1f934942@group-58A987F56150-LeaderElection328] INFO  impl.RoleInfo (RoleInfo.java:updateAndGet(143)) - 327657b1-60f8-49f2-b2a3-f63e1f934942: start FollowerState
2019-10-18 14:58:45,971 [Thread-2495] INFO  impl.FollowerState (FollowerState.java:run(108)) - 327657b1-60f8-49f2-b2a3-f63e1f934942@group-58A987F56150-FollowerState: change to CANDIDATE, lastRpcTime:160ms, electionTimeout:160ms
2019-10-18 14:58:45,971 [Thread-2495] INFO  impl.RoleInfo (RoleInfo.java:shutdownFollowerState(121)) - 327657b1-60f8-49f2-b2a3-f63e1f934942: shutdown FollowerState
2019-10-18 14:58:45,971 [Thread-2495] INFO  impl.RaftServerImpl (RaftServerImpl.java:setRole(184)) - 327657b1-60f8-49f2-b2a3-f63e1f934942@group-58A987F56150: changes role from  FOLLOWER to CANDIDATE at term 378 for changeToCandidate
2019-10-18 14:58:45,971 [Thread-2495] INFO  impl.RoleInfo (RoleInfo.java:updateAndGet(143)) - 327657b1-60f8-49f2-b2a3-f63e1f934942: start LeaderElection
2019-10-18 14:58:45,984 [327657b1-60f8-49f2-b2a3-f63e1f934942@group-58A987F56150-LeaderElection329] INFO  impl.LeaderElection (LeaderElection.java:askForVotes(178)) - 327657b1-60f8-49f2-b2a3-f63e1f934942@group-58A987F56150-LeaderElection329: begin an election at term 379 for -1: [6605b8a5-570b-4977-9ee7-6aaf3012bed5:192.168.164.233:35223, 327657b1-60f8-49f2-b2a3-f63e1f934942:192.168.164.233:41966, ddd4789c-894d-475a-bbfb-f6e7aa670c92:192.168.164.233:41061], old=null
2019-10-18 14:58:45,986 [grpc-default-executor-1] INFO  impl.RaftServerImpl (RaftServerImpl.java:setRole(184)) - ddd4789c-894d-475a-bbfb-f6e7aa670c92@group-58A987F56150: changes role from  FOLLOWER to FOLLOWER at term 379 for recognizeCandidate:327657b1-60f8-49f2-b2a3-f63e1f934942
2019-10-18 14:58:45,986 [grpc-default-executor-3] INFO  impl.RaftServerImpl (RaftServerImpl.java:setRole(184)) - 6605b8a5-570b-4977-9ee7-6aaf3012bed5@group-58A987F56150: changes role from  FOLLOWER to FOLLOWER at term 379 for recognizeCandidate:327657b1-60f8-49f2-b2a3-f63e1f934942
2019-10-18 14:58:45,986 [grpc-default-executor-1] INFO  impl.RoleInfo (RoleInfo.java:shutdownFollowerState(121)) - ddd4789c-894d-475a-bbfb-f6e7aa670c92: shutdown FollowerState
2019-10-18 14:58:45,987 [grpc-default-executor-3] INFO  impl.RoleInfo (RoleInfo.java:shutdownFollowerState(121)) - 6605b8a5-570b-4977-9ee7-6aaf3012bed5: shutdown FollowerState
2019-10-18 14:58:45,987 [Thread-2493] INFO  impl.FollowerState (FollowerState.java:run(117)) - ddd4789c-894d-475a-bbfb-f6e7aa670c92@group-58A987F56150-FollowerState was interrupted: java.lang.InterruptedException: sleep interrupted
2019-10-18 14:58:45,987 [Thread-2494] INFO  impl.FollowerState (FollowerState.java:run(117)) - 6605b8a5-570b-4977-9ee7-6aaf3012bed5@group-58A987F56150-FollowerState was interrupted: java.lang.InterruptedException: sleep interrupted
2019-10-18 14:58:45,987 [grpc-default-executor-1] INFO  impl.RoleInfo (RoleInfo.java:updateAndGet(143)) - ddd4789c-894d-475a-bbfb-f6e7aa670c92: start FollowerState
2019-10-18 14:58:45,987 [grpc-default-executor-3] INFO  impl.RoleInfo (RoleInfo.java:updateAndGet(143)) - 6605b8a5-570b-4977-9ee7-6aaf3012bed5: start FollowerState
2019-10-18 14:58:46,015 [327657b1-60f8-49f2-b2a3-f63e1f934942@group-58A987F56150-LeaderElection329] INFO  impl.LeaderElection (LeaderElection.java:logAndReturn(56)) - 327657b1-60f8-49f2-b2a3-f63e1f934942@group-58A987F56150-LeaderElection329: Election REJECTED; received 2 response(s) [327657b1-60f8-49f2-b2a3-f63e1f934942<-6605b8a5-570b-4977-9ee7-6aaf3012bed5#0:FAIL-t379, 327657b1-60f8-49f2-b2a3-f63e1f934942<-ddd4789c-894d-475a-bbfb-f6e7aa670c92#0:FAIL-t379] and 0 exception(s); 327657b1-60f8-49f2-b2a3-f63e1f934942@group-58A987F56150:t379, leader=null, voted=327657b1-60f8-49f2-b2a3-f63e1f934942, raftlog=327657b1-60f8-49f2-b2a3-f63e1f934942@group-58A987F56150-SegmentedRaftLog:OPENED:c-1,f-1,i0, conf=-1: [6605b8a5-570b-4977-9ee7-6aaf3012bed5:192.168.164.233:35223, 327657b1-60f8-49f2-b2a3-f63e1f934942:192.168.164.233:41966, ddd4789c-894d-475a-bbfb-f6e7aa670c92:192.168.164.233:41061], old=null
2019-10-18 14:58:46,016 [327657b1-60f8-49f2-b2a3-f63e1f934942@group-58A987F56150-LeaderElection329] INFO  impl.RaftServerImpl (RaftServerImpl.java:setRole(184)) - 327657b1-60f8-49f2-b2a3-f63e1f934942@group-58A987F56150: changes role from CANDIDATE to FOLLOWER at term 379 for DISCOVERED_A_NEW_TERM
2019-10-18 14:58:46,016 [327657b1-60f8-49f2-b2a3-f63e1f934942@group-58A987F56150-LeaderElection329] INFO  impl.RoleInfo (RoleInfo.java:shutdownLeaderElection(134)) - 327657b1-60f8-49f2-b2a3-f63e1f934942: shutdown LeaderElection
2019-10-18 14:58:46,016 [327657b1-60f8-49f2-b2a3-f63e1f934942@group-58A987F56150-LeaderElection329] INFO  impl.RoleInfo (RoleInfo.java:updateAndGet(143)) - 327657b1-60f8-49f2-b2a3-f63e1f934942: start FollowerState
2019-10-18 14:58:46,104 [Thread-2501] INFO  impl.FollowerState (FollowerState.java:run(108)) - 327657b1-60f8-49f2-b2a3-f63e1f934942@group-58A987F56150-FollowerState: change to CANDIDATE, lastRpcTime:88ms, electionTimeout:88ms
2019-10-18 14:58:46,105 [Thread-2501] INFO  impl.RoleInfo (RoleInfo.java:shutdownFollowerState(121)) - 327657b1-60f8-49f2-b2a3-f63e1f934942: shutdown FollowerState
2019-10-18 14:58:46,105 [Thread-2501] INFO  impl.RaftServerImpl (RaftServerImpl.java:setRole(184)) - 327657b1-60f8-49f2-b2a3-f63e1f934942@group-58A987F56150: changes role from  FOLLOWER to CANDIDATE at term 379 for changeToCandidate
2019-10-18 14:58:46,105 [Thread-2501] INFO  impl.RoleInfo (RoleInfo.java:updateAndGet(143)) - 327657b1-60f8-49f2-b2a3-f63e1f934942: start LeaderElection
2019-10-18 14:58:46,119 [327657b1-60f8-49f2-b2a3-f63e1f934942@group-58A987F56150-LeaderElection330] INFO  impl.LeaderElection (LeaderElection.java:askForVotes(178)) - 327657b1-60f8-49f2-b2a3-f63e1f934942@group-58A987F56150-LeaderElection330: begin an election at term 380 for -1: [6605b8a5-570b-4977-9ee7-6aaf3012bed5:192.168.164.233:35223, 327657b1-60f8-49f2-b2a3-f63e1f934942:192.168.164.233:41966, ddd4789c-894d-475a-bbfb-f6e7aa670c92:192.168.164.233:41061], old=null
2019-10-18 14:58:46,122 [grpc-default-executor-3] INFO  impl.RaftServerImpl (RaftServerImpl.java:setRole(184)) - ddd4789c-894d-475a-bbfb-f6e7aa670c92@group-58A987F56150: changes role from  FOLLOWER to FOLLOWER at term 380 for recognizeCandidate:327657b1-60f8-49f2-b2a3-f63e1f934942
2019-10-18 14:58:46,122 [grpc-default-executor-1] INFO  impl.RaftServerImpl (RaftServerImpl.java:setRole(184)) - 6605b8a5-570b-4977-9ee7-6aaf3012bed5@group-58A987F56150: changes role from  FOLLOWER to FOLLOWER at term 380 for recognizeCandidate:327657b1-60f8-49f2-b2a3-f63e1f934942
2019-10-18 14:58:46,123 [grpc-default-executor-1] INFO  impl.RoleInfo (RoleInfo.java:shutdownFollowerState(121)) - 6605b8a5-570b-4977-9ee7-6aaf3012bed5: shutdown FollowerState
2019-10-18 14:58:46,122 [grpc-default-executor-3] INFO  impl.RoleInfo (RoleInfo.java:shutdownFollowerState(121)) - ddd4789c-894d-475a-bbfb-f6e7aa670c92: shutdown FollowerState
2019-10-18 14:58:46,123 [Thread-2499] INFO  impl.FollowerState (FollowerState.java:run(117)) - ddd4789c-894d-475a-bbfb-f6e7aa670c92@group-58A987F56150-FollowerState was interrupted: java.lang.InterruptedException: sleep interrupted
2019-10-18 14:58:46,124 [grpc-default-executor-3] INFO  impl.RoleInfo (RoleInfo.java:updateAndGet(143)) - ddd4789c-894d-475a-bbfb-f6e7aa670c92: start FollowerState
2019-10-18 14:58:46,123 [grpc-default-executor-1] INFO  impl.RoleInfo (RoleInfo.java:updateAndGet(143)) - 6605b8a5-570b-4977-9ee7-6aaf3012bed5: start FollowerState
2019-10-18 14:58:46,123 [Thread-2500] INFO  impl.FollowerState (FollowerState.java:run(117)) - 6605b8a5-570b-4977-9ee7-6aaf3012bed5@group-58A987F56150-FollowerState was interrupted: java.lang.InterruptedException: sleep interrupted
2019-10-18 14:58:46,139 [327657b1-60f8-49f2-b2a3-f63e1f934942@group-58A987F56150-LeaderElection330] INFO  impl.LeaderElection (LeaderElection.java:logAndReturn(56)) - 327657b1-60f8-49f2-b2a3-f63e1f934942@group-58A987F56150-LeaderElection330: Election TIMEOUT; received 0 response(s) [] and 0 exception(s); 327657b1-60f8-49f2-b2a3-f63e1f934942@group-58A987F56150:t380, leader=null, voted=327657b1-60f8-49f2-b2a3-f63e1f934942, raftlog=327657b1-60f8-49f2-b2a3-f63e1f934942@group-58A987F56150-SegmentedRaftLog:OPENED:c-1,f-1,i0, conf=-1: [6605b8a5-570b-4977-9ee7-6aaf3012bed5:192.168.164.233:35223, 327657b1-60f8-49f2-b2a3-f63e1f934942:192.168.164.233:41966, ddd4789c-894d-475a-bbfb-f6e7aa670c92:192.168.164.233:41061], old=null
2019-10-18 14:58:46,151 [327657b1-60f8-49f2-b2a3-f63e1f934942@group-58A987F56150-LeaderElection330] INFO  impl.LeaderElection (LeaderElection.java:askForVotes(178)) - 327657b1-60f8-49f2-b2a3-f63e1f934942@group-58A987F56150-LeaderElection330: begin an election at term 381 for -1: [6605b8a5-570b-4977-9ee7-6aaf3012bed5:192.168.164.233:35223, 327657b1-60f8-49f2-b2a3-f63e1f934942:192.168.164.233:41966, ddd4789c-894d-475a-bbfb-f6e7aa670c92:192.168.164.233:41061], old=null
2019-10-18 14:58:46,152 [grpc-default-executor-3] INFO  impl.RaftServerImpl (RaftServerImpl.java:setRole(184)) - ddd4789c-894d-475a-bbfb-f6e7aa670c92@group-58A987F56150: changes role from  FOLLOWER to FOLLOWER at term 381 for recognizeCandidate:327657b1-60f8-49f2-b2a3-f63e1f934942
2019-10-18 14:58:46,152 [grpc-default-executor-1] INFO  impl.RaftServerImpl (RaftServerImpl.java:setRole(184)) - 6605b8a5-570b-4977-9ee7-6aaf3012bed5@group-58A987F56150: changes role from  FOLLOWER to FOLLOWER at term 381 for recognizeCandidate:327657b1-60f8-49f2-b2a3-f63e1f934942
2019-10-18 14:58:46,152 [grpc-default-executor-3] INFO  impl.RoleInfo (RoleInfo.java:shutdownFollowerState(121)) - ddd4789c-894d-475a-bbfb-f6e7aa670c92: shutdown FollowerState
2019-10-18 14:58:46,152 [grpc-default-executor-1] INFO  impl.RoleInfo (RoleInfo.java:shutdownFollowerState(121)) - 6605b8a5-570b-4977-9ee7-6aaf3012bed5: shutdown FollowerState
2019-10-18 14:58:46,153 [Thread-2506] INFO  impl.FollowerState (FollowerState.java:run(117)) - ddd4789c-894d-475a-bbfb-f6e7aa670c92@group-58A987F56150-FollowerState was interrupted: java.lang.InterruptedException: sleep interrupted
2019-10-18 14:58:46,153 [grpc-default-executor-3] INFO  impl.RoleInfo (RoleInfo.java:updateAndGet(143)) - ddd4789c-894d-475a-bbfb-f6e7aa670c92: start FollowerState
2019-10-18 14:58:46,153 [Thread-2505] INFO  impl.FollowerState (FollowerState.java:run(117)) - 6605b8a5-570b-4977-9ee7-6aaf3012bed5@group-58A987F56150-FollowerState was interrupted: java.lang.InterruptedException: sleep interrupted
2019-10-18 14:58:46,153 [grpc-default-executor-1] INFO  impl.RoleInfo (RoleInfo.java:updateAndGet(143)) - 6605b8a5-570b-4977-9ee7-6aaf3012bed5: start FollowerState
2019-10-18 14:58:46,166 [327657b1-60f8-49f2-b2a3-f63e1f934942@group-58A987F56150-LeaderElection330] INFO  impl.LeaderElection (LeaderElection.java:logAndReturn(56)) - 327657b1-60f8-49f2-b2a3-f63e1f934942@group-58A987F56150-LeaderElection330: Election REJECTED; received 2 response(s) [327657b1-60f8-49f2-b2a3-f63e1f934942<-6605b8a5-570b-4977-9ee7-6aaf3012bed5#0:FAIL-t381, 327657b1-60f8-49f2-b2a3-f63e1f934942<-ddd4789c-894d-475a-bbfb-f6e7aa670c92#0:FAIL-t381] and 0 exception(s); 327657b1-60f8-49f2-b2a3-f63e1f934942@group-58A987F56150:t381, leader=null, voted=327657b1-60f8-49f2-b2a3-f63e1f934942, raftlog=327657b1-60f8-49f2-b2a3-f63e1f934942@group-58A987F56150-SegmentedRaftLog:OPENED:c-1,f-1,i0, conf=-1: [6605b8a5-570b-4977-9ee7-6aaf3012bed5:192.168.164.233:35223, 327657b1-60f8-49f2-b2a3-f63e1f934942:192.168.164.233:41966, ddd4789c-894d-475a-bbfb-f6e7aa670c92:192.168.164.233:41061], old=null
2019-10-18 14:58:46,166 [327657b1-60f8-49f2-b2a3-f63e1f934942@group-58A987F56150-LeaderElection330] INFO  impl.RaftServerImpl (RaftServerImpl.java:setRole(184)) - 327657b1-60f8-49f2-b2a3-f63e1f934942@group-58A987F56150: changes role from CANDIDATE to FOLLOWER at term 381 for DISCOVERED_A_NEW_TERM
2019-10-18 14:58:46,167 [327657b1-60f8-49f2-b2a3-f63e1f934942@group-58A987F56150-LeaderElection330] INFO  impl.RoleInfo (RoleInfo.java:shutdownLeaderElection(134)) - 327657b1-60f8-49f2-b2a3-f63e1f934942: shutdown LeaderElection
2019-10-18 14:58:46,167 [327657b1-60f8-49f2-b2a3-f63e1f934942@group-58A987F56150-LeaderElection330] INFO  impl.RoleInfo (RoleInfo.java:updateAndGet(143)) - 327657b1-60f8-49f2-b2a3-f63e1f934942: start FollowerState
2019-10-18 14:58:46,337 [Thread-2511] INFO  impl.FollowerState (FollowerState.java:run(108)) - 327657b1-60f8-49f2-b2a3-f63e1f934942@group-58A987F56150-FollowerState: change to CANDIDATE, lastRpcTime:170ms, electionTimeout:170ms
2019-10-18 14:58:46,337 [Thread-2511] INFO  impl.RoleInfo (RoleInfo.java:shutdownFollowerState(121)) - 327657b1-60f8-49f2-b2a3-f63e1f934942: shutdown FollowerState
2019-10-18 14:58:46,338 [Thread-2511] INFO  impl.RaftServerImpl (RaftServerImpl.java:setRole(184)) - 327657b1-60f8-49f2-b2a3-f63e1f934942@group-58A987F56150: changes role from  FOLLOWER to CANDIDATE at term 381 for changeToCandidate
2019-10-18 14:58:46,338 [Thread-2511] INFO  impl.RoleInfo (RoleInfo.java:updateAndGet(143)) - 327657b1-60f8-49f2-b2a3-f63e1f934942: start LeaderElection
2019-10-18 14:58:46,364 [327657b1-60f8-49f2-b2a3-f63e1f934942@group-58A987F56150-LeaderElection331] INFO  impl.LeaderElection (LeaderElection.java:askForVotes(178)) - 327657b1-60f8-49f2-b2a3-f63e1f934942@group-58A987F56150-LeaderElection331: begin an election at term 382 for -1: [6605b8a5-570b-4977-9ee7-6aaf3012bed5:192.168.164.233:35223, 327657b1-60f8-49f2-b2a3-f63e1f934942:192.168.164.233:41966, ddd4789c-894d-475a-bbfb-f6e7aa670c92:192.168.164.233:41061], old=null
2019-10-18 14:58:46,366 [grpc-default-executor-3] INFO  impl.RaftServerImpl (RaftServerImpl.java:setRole(184)) - ddd4789c-894d-475a-bbfb-f6e7aa670c92@group-58A987F56150: changes role from  FOLLOWER to FOLLOWER at term 382 for recognizeCandidate:327657b1-60f8-49f2-b2a3-f63e1f934942
2019-10-18 14:58:46,366 [grpc-default-executor-1] INFO  impl.RaftServerImpl (RaftServerImpl.java:setRole(184)) - 6605b8a5-570b-4977-9ee7-6aaf3012bed5@group-58A987F56150: changes role from  FOLLOWER to FOLLOWER at term 382 for recognizeCandidate:327657b1-60f8-49f2-b2a3-f63e1f934942
2019-10-18 14:58:46,366 [grpc-default-executor-3] INFO  impl.RoleInfo (RoleInfo.java:shutdownFollowerState(121)) - ddd4789c-894d-475a-bbfb-f6e7aa670c92: shutdown FollowerState
2019-10-18 14:58:46,366 [grpc-default-executor-1] INFO  impl.RoleInfo (RoleInfo.java:shutdownFollowerState(121)) - 6605b8a5-570b-4977-9ee7-6aaf3012bed5: shutdown FollowerState
2019-10-18 14:58:46,366 [grpc-default-executor-3] INFO  impl.RoleInfo (RoleInfo.java:updateAndGet(143)) - ddd4789c-894d-475a-bbfb-f6e7aa670c92: start FollowerState
2019-10-18 14:58:46,366 [Thread-2510] INFO  impl.FollowerState (FollowerState.java:run(117)) - 6605b8a5-570b-4977-9ee7-6aaf3012bed5@group-58A987F56150-FollowerState was interrupted: java.lang.InterruptedException: sleep interrupted
2019-10-18 14:58:46,366 [grpc-default-executor-1] INFO  impl.RoleInfo (RoleInfo.java:updateAndGet(143)) - 6605b8a5-570b-4977-9ee7-6aaf3012bed5: start FollowerState
2019-10-18 14:58:46,366 [Thread-2509] INFO  impl.FollowerState (FollowerState.java:run(117)) - ddd4789c-894d-475a-bbfb-f6e7aa670c92@group-58A987F56150-FollowerState was interrupted: java.lang.InterruptedException: sleep interrupted
2019-10-18 14:58:46,380 [327657b1-60f8-49f2-b2a3-f63e1f934942@group-58A987F56150-LeaderElection331] INFO  impl.LeaderElection (LeaderElection.java:logAndReturn(56)) - 327657b1-60f8-49f2-b2a3-f63e1f934942@group-58A987F56150-LeaderElection331: Election REJECTED; received 2 response(s) [327657b1-60f8-49f2-b2a3-f63e1f934942<-6605b8a5-570b-4977-9ee7-6aaf3012bed5#0:FAIL-t382, 327657b1-60f8-49f2-b2a3-f63e1f934942<-ddd4789c-894d-475a-bbfb-f6e7aa670c92#0:FAIL-t382] and 0 exception(s); 327657b1-60f8-49f2-b2a3-f63e1f934942@group-58A987F56150:t382, leader=null, voted=327657b1-60f8-49f2-b2a3-f63e1f934942, raftlog=327657b1-60f8-49f2-b2a3-f63e1f934942@group-58A987F56150-SegmentedRaftLog:OPENED:c-1,f-1,i0, conf=-1: [6605b8a5-570b-4977-9ee7-6aaf3012bed5:192.168.164.233:35223, 327657b1-60f8-49f2-b2a3-f63e1f934942:192.168.164.233:41966, ddd4789c-894d-475a-bbfb-f6e7aa670c92:192.168.164.233:41061], old=null
2019-10-18 14:58:46,381 [327657b1-60f8-49f2-b2a3-f63e1f934942@group-58A987F56150-LeaderElection331] INFO  impl.RaftServerImpl (RaftServerImpl.java:setRole(184)) - 327657b1-60f8-49f2-b2a3-f63e1f934942@group-58A987F56150: changes role from CANDIDATE to FOLLOWER at term 382 for DISCOVERED_A_NEW_TERM
2019-10-18 14:58:46,381 [327657b1-60f8-49f2-b2a3-f63e1f934942@group-58A987F56150-LeaderElection331] INFO  impl.RoleInfo (RoleInfo.java:shutdownLeaderElection(134)) - 327657b1-60f8-49f2-b2a3-f63e1f934942: shutdown LeaderElection
2019-10-18 14:58:46,381 [327657b1-60f8-49f2-b2a3-f63e1f934942@group-58A987F56150-LeaderElection331] INFO  impl.RoleInfo (RoleInfo.java:updateAndGet(143)) - 327657b1-60f8-49f2-b2a3-f63e1f934942: start FollowerState
2019-10-18 14:58:46,562 [Thread-2519] INFO  impl.FollowerState (FollowerState.java:run(108)) - 327657b1-60f8-49f2-b2a3-f63e1f934942@group-58A987F56150-FollowerState: change to CANDIDATE, lastRpcTime:181ms, electionTimeout:181ms
2019-10-18 14:58:46,562 [Thread-2519] INFO  impl.RoleInfo (RoleInfo.java:shutdownFollowerState(121)) - 327657b1-60f8-49f2-b2a3-f63e1f934942: shutdown FollowerState
2019-10-18 14:58:46,563 [Thread-2519] INFO  impl.RaftServerImpl (RaftServerImpl.java:setRole(184)) - 327657b1-60f8-49f2-b2a3-f63e1f934942@group-58A987F56150: changes role from  FOLLOWER to CANDIDATE at term 382 for changeToCandidate
2019-10-18 14:58:46,563 [Thread-2519] INFO  impl.RoleInfo (RoleInfo.java:updateAndGet(143)) - 327657b1-60f8-49f2-b2a3-f63e1f934942: start LeaderElection
2019-10-18 14:58:46,582 [327657b1-60f8-49f2-b2a3-f63e1f934942@group-58A987F56150-LeaderElection332] INFO  impl.LeaderElection (LeaderElection.java:askForVotes(178)) - 327657b1-60f8-49f2-b2a3-f63e1f934942@group-58A987F56150-LeaderElection332: begin an election at term 383 for -1: [6605b8a5-570b-4977-9ee7-6aaf3012bed5:192.168.164.233:35223, 327657b1-60f8-49f2-b2a3-f63e1f934942:192.168.164.233:41966, ddd4789c-894d-475a-bbfb-f6e7aa670c92:192.168.164.233:41061], old=null
2019-10-18 14:58:46,584 [grpc-default-executor-1] INFO  impl.RaftServerImpl (RaftServerImpl.java:setRole(184)) - 6605b8a5-570b-4977-9ee7-6aaf3012bed5@group-58A987F56150: changes role from  FOLLOWER to FOLLOWER at term 383 for recognizeCandidate:327657b1-60f8-49f2-b2a3-f63e1f934942
2019-10-18 14:58:46,584 [grpc-default-executor-1] INFO  impl.RoleInfo (RoleInfo.java:shutdownFollowerState(121)) - 6605b8a5-570b-4977-9ee7-6aaf3012bed5: shutdown FollowerState
2019-10-18 14:58:46,584 [grpc-default-executor-3] INFO  impl.RaftServerImpl (RaftServerImpl.java:setRole(184)) - ddd4789c-894d-475a-bbfb-f6e7aa670c92@group-58A987F56150: changes role from  FOLLOWER to FOLLOWER at term 383 for recognizeCandidate:327657b1-60f8-49f2-b2a3-f63e1f934942
2019-10-18 14:58:46,584 [grpc-default-executor-3] INFO  impl.RoleInfo (RoleInfo.java:shutdownFollowerState(121)) - ddd4789c-894d-475a-bbfb-f6e7aa670c92: shutdown FollowerState
2019-10-18 14:58:46,584 [Thread-2518] INFO  impl.FollowerState (FollowerState.java:run(117)) - 6605b8a5-570b-4977-9ee7-6aaf3012bed5@group-58A987F56150-FollowerState was interrupted: java.lang.InterruptedException: sleep interrupted
2019-10-18 14:58:46,584 [grpc-default-executor-1] INFO  impl.RoleInfo (RoleInfo.java:updateAndGet(143)) - 6605b8a5-570b-4977-9ee7-6aaf3012bed5: start FollowerState
2019-10-18 14:58:46,584 [Thread-2517] INFO  impl.FollowerState (FollowerState.java:run(117)) - ddd4789c-894d-475a-bbfb-f6e7aa670c92@group-58A987F56150-FollowerState was interrupted: java.lang.InterruptedException: sleep interrupted
2019-10-18 14:58:46,584 [grpc-default-executor-3] INFO  impl.RoleInfo (RoleInfo.java:updateAndGet(143)) - ddd4789c-894d-475a-bbfb-f6e7aa670c92: start FollowerState
2019-10-18 14:58:46,611 [327657b1-60f8-49f2-b2a3-f63e1f934942@group-58A987F56150-LeaderElection332] INFO  impl.LeaderElection (LeaderElection.java:logAndReturn(56)) - 327657b1-60f8-49f2-b2a3-f63e1f934942@group-58A987F56150-LeaderElection332: Election REJECTED; received 2 response(s) [327657b1-60f8-49f2-b2a3-f63e1f934942<-6605b8a5-570b-4977-9ee7-6aaf3012bed5#0:FAIL-t383, 327657b1-60f8-49f2-b2a3-f63e1f934942<-ddd4789c-894d-475a-bbfb-f6e7aa670c92#0:FAIL-t383] and 0 exception(s); 327657b1-60f8-49f2-b2a3-f63e1f934942@group-58A987F56150:t383, leader=null, voted=327657b1-60f8-49f2-b2a3-f63e1f934942, raftlog=327657b1-60f8-49f2-b2a3-f63e1f934942@group-58A987F56150-SegmentedRaftLog:OPENED:c-1,f-1,i0, conf=-1: [6605b8a5-570b-4977-9ee7-6aaf3012bed5:192.168.164.233:35223, 327657b1-60f8-49f2-b2a3-f63e1f934942:192.168.164.233:41966, ddd4789c-894d-475a-bbfb-f6e7aa670c92:192.168.164.233:41061], old=null
2019-10-18 14:58:46,611 [327657b1-60f8-49f2-b2a3-f63e1f934942@group-58A987F56150-LeaderElection332] INFO  impl.RaftServerImpl (RaftServerImpl.java:setRole(184)) - 327657b1-60f8-49f2-b2a3-f63e1f934942@group-58A987F56150: changes role from CANDIDATE to FOLLOWER at term 383 for DISCOVERED_A_NEW_TERM
2019-10-18 14:58:46,611 [327657b1-60f8-49f2-b2a3-f63e1f934942@group-58A987F56150-LeaderElection332] INFO  impl.RoleInfo (RoleInfo.java:shutdownLeaderElection(134)) - 327657b1-60f8-49f2-b2a3-f63e1f934942: shutdown LeaderElection
2019-10-18 14:58:46,611 [327657b1-60f8-49f2-b2a3-f63e1f934942@group-58A987F56150-LeaderElection332] INFO  impl.RoleInfo (RoleInfo.java:updateAndGet(143)) - 327657b1-60f8-49f2-b2a3-f63e1f934942: start FollowerState
2019-10-18 14:58:46,613 [Thread-2525] INFO  impl.FollowerState (FollowerState.java:run(108)) - 327657b1-60f8-49f2-b2a3-f63e1f934942@group-58A987F56150-FollowerState: change to CANDIDATE, lastRpcTime:2ms, electionTimeout:2ms
2019-10-18 14:58:46,613 [Thread-2525] INFO  impl.RoleInfo (RoleInfo.java:shutdownFollowerState(121)) - 327657b1-60f8-49f2-b2a3-f63e1f934942: shutdown FollowerState
2019-10-18 14:58:46,614 [Thread-2525] INFO  impl.RaftServerImpl (RaftServerImpl.java:setRole(184)) - 327657b1-60f8-49f2-b2a3-f63e1f934942@group-58A987F56150: changes role from  FOLLOWER to CANDIDATE at term 383 for changeToCandidate
2019-10-18 14:58:46,614 [Thread-2525] INFO  impl.RoleInfo (RoleInfo.java:updateAndGet(143)) - 327657b1-60f8-49f2-b2a3-f63e1f934942: start LeaderElection
2019-10-18 14:58:46,627 [327657b1-60f8-49f2-b2a3-f63e1f934942@group-58A987F56150-LeaderElection333] INFO  impl.LeaderElection (LeaderElection.java:askForVotes(178)) - 327657b1-60f8-49f2-b2a3-f63e1f934942@group-58A987F56150-LeaderElection333: begin an election at term 384 for -1: [6605b8a5-570b-4977-9ee7-6aaf3012bed5:192.168.164.233:35223, 327657b1-60f8-49f2-b2a3-f63e1f934942:192.168.164.233:41966, ddd4789c-894d-475a-bbfb-f6e7aa670c92:192.168.164.233:41061], old=null
2019-10-18 14:58:46,628 [grpc-default-executor-1] INFO  impl.RaftServerImpl (RaftServerImpl.java:setRole(184)) - 6605b8a5-570b-4977-9ee7-6aaf3012bed5@group-58A987F56150: changes role from  FOLLOWER to FOLLOWER at term 384 for recognizeCandidate:327657b1-60f8-49f2-b2a3-f63e1f934942
2019-10-18 14:58:46,628 [grpc-default-executor-1] INFO  impl.RoleInfo (RoleInfo.java:shutdownFollowerState(121)) - 6605b8a5-570b-4977-9ee7-6aaf3012bed5: shutdown FollowerState
2019-10-18 14:58:46,629 [grpc-default-executor-3] INFO  impl.RaftServerImpl (RaftServerImpl.java:setRole(184)) - ddd4789c-894d-475a-bbfb-f6e7aa670c92@group-58A987F56150: changes role from  FOLLOWER to FOLLOWER at term 384 for recognizeCandidate:327657b1-60f8-49f2-b2a3-f63e1f934942
2019-10-18 14:58:46,629 [grpc-default-executor-3] INFO  impl.RoleInfo (RoleInfo.java:shutdownFollowerState(121)) - ddd4789c-894d-475a-bbfb-f6e7aa670c92: shutdown FollowerState
2019-10-18 14:58:46,629 [Thread-2523] INFO  impl.FollowerState (FollowerState.java:run(117)) - 6605b8a5-570b-4977-9ee7-6aaf3012bed5@group-58A987F56150-FollowerState was interrupted: java.lang.InterruptedException: sleep interrupted
2019-10-18 14:58:46,629 [Thread-2524] INFO  impl.FollowerState (FollowerState.java:run(117)) - ddd4789c-894d-475a-bbfb-f6e7aa670c92@group-58A987F56150-FollowerState was interrupted: java.lang.InterruptedException: sleep interrupted
2019-10-18 14:58:46,629 [grpc-default-executor-1] INFO  impl.RoleInfo (RoleInfo.java:updateAndGet(143)) - 6605b8a5-570b-4977-9ee7-6aaf3012bed5: start FollowerState
2019-10-18 14:58:46,629 [grpc-default-executor-3] INFO  impl.RoleInfo (RoleInfo.java:updateAndGet(143)) - ddd4789c-894d-475a-bbfb-f6e7aa670c92: start FollowerState
2019-10-18 14:58:46,643 [327657b1-60f8-49f2-b2a3-f63e1f934942@group-58A987F56150-LeaderElection333] INFO  impl.LeaderElection (LeaderElection.java:logAndReturn(56)) - 327657b1-60f8-49f2-b2a3-f63e1f934942@group-58A987F56150-LeaderElection333: Election REJECTED; received 2 response(s) [327657b1-60f8-49f2-b2a3-f63e1f934942<-6605b8a5-570b-4977-9ee7-6aaf3012bed5#0:FAIL-t384, 327657b1-60f8-49f2-b2a3-f63e1f934942<-ddd4789c-894d-475a-bbfb-f6e7aa670c92#0:FAIL-t384] and 0 exception(s); 327657b1-60f8-49f2-b2a3-f63e1f934942@group-58A987F56150:t384, leader=null, voted=327657b1-60f8-49f2-b2a3-f63e1f934942, raftlog=327657b1-60f8-49f2-b2a3-f63e1f934942@group-58A987F56150-SegmentedRaftLog:OPENED:c-1,f-1,i0, conf=-1: [6605b8a5-570b-4977-9ee7-6aaf3012bed5:192.168.164.233:35223, 327657b1-60f8-49f2-b2a3-f63e1f934942:192.168.164.233:41966, ddd4789c-894d-475a-bbfb-f6e7aa670c92:192.168.164.233:41061], old=null
2019-10-18 14:58:46,643 [327657b1-60f8-49f2-b2a3-f63e1f934942@group-58A987F56150-LeaderElection333] INFO  impl.RaftServerImpl (RaftServerImpl.java:setRole(184)) - 327657b1-60f8-49f2-b2a3-f63e1f934942@group-58A987F56150: changes role from CANDIDATE to FOLLOWER at term 384 for DISCOVERED_A_NEW_TERM
2019-10-18 14:58:46,644 [327657b1-60f8-49f2-b2a3-f63e1f934942@group-58A987F56150-LeaderElection333] INFO  impl.RoleInfo (RoleInfo.java:shutdownLeaderElection(134)) - 327657b1-60f8-49f2-b2a3-f63e1f934942: shutdown LeaderElection
2019-10-18 14:58:46,644 [327657b1-60f8-49f2-b2a3-f63e1f934942@group-58A987F56150-LeaderElection333] INFO  impl.RoleInfo (RoleInfo.java:updateAndGet(143)) - 327657b1-60f8-49f2-b2a3-f63e1f934942: start FollowerState
2019-10-18 14:58:46,745 [Thread-2531] INFO  impl.FollowerState (FollowerState.java:run(108)) - 327657b1-60f8-49f2-b2a3-f63e1f934942@group-58A987F56150-FollowerState: change to CANDIDATE, lastRpcTime:101ms, electionTimeout:101ms
2019-10-18 14:58:46,745 [Thread-2531] INFO  impl.RoleInfo (RoleInfo.java:shutdownFollowerState(121)) - 327657b1-60f8-49f2-b2a3-f63e1f934942: shutdown FollowerState
2019-10-18 14:58:46,745 [Thread-2531] INFO  impl.RaftServerImpl (RaftServerImpl.java:setRole(184)) - 327657b1-60f8-49f2-b2a3-f63e1f934942@group-58A987F56150: changes role from  FOLLOWER to CANDIDATE at term 384 for changeToCandidate
2019-10-18 14:58:46,746 [Thread-2531] INFO  impl.RoleInfo (RoleInfo.java:updateAndGet(143)) - 327657b1-60f8-49f2-b2a3-f63e1f934942: start LeaderElection
2019-10-18 14:58:46,759 [327657b1-60f8-49f2-b2a3-f63e1f934942@group-58A987F56150-LeaderElection334] INFO  impl.LeaderElection (LeaderElection.java:askForVotes(178)) - 327657b1-60f8-49f2-b2a3-f63e1f934942@group-58A987F56150-LeaderElection334: begin an election at term 385 for -1: [6605b8a5-570b-4977-9ee7-6aaf3012bed5:192.168.164.233:35223, 327657b1-60f8-49f2-b2a3-f63e1f934942:192.168.164.233:41966, ddd4789c-894d-475a-bbfb-f6e7aa670c92:192.168.164.233:41061], old=null
2019-10-18 14:58:46,760 [grpc-default-executor-3] INFO  impl.RaftServerImpl (RaftServerImpl.java:setRole(184)) - 6605b8a5-570b-4977-9ee7-6aaf3012bed5@group-58A987F56150: changes role from  FOLLOWER to FOLLOWER at term 385 for recognizeCandidate:327657b1-60f8-49f2-b2a3-f63e1f934942
2019-10-18 14:58:46,760 [grpc-default-executor-3] INFO  impl.RoleInfo (RoleInfo.java:shutdownFollowerState(121)) - 6605b8a5-570b-4977-9ee7-6aaf3012bed5: shutdown FollowerState
2019-10-18 14:58:46,760 [grpc-default-executor-1] INFO  impl.RaftServerImpl (RaftServerImpl.java:setRole(184)) - ddd4789c-894d-475a-bbfb-f6e7aa670c92@group-58A987F56150: changes role from  FOLLOWER to FOLLOWER at term 385 for recognizeCandidate:327657b1-60f8-49f2-b2a3-f63e1f934942
2019-10-18 14:58:46,761 [Thread-2529] INFO  impl.FollowerState (FollowerState.java:run(117)) - 6605b8a5-570b-4977-9ee7-6aaf3012bed5@group-58A987F56150-FollowerState was interrupted: java.lang.InterruptedException: sleep interrupted
2019-10-18 14:58:46,761 [grpc-default-executor-3] INFO  impl.RoleInfo (RoleInfo.java:updateAndGet(143)) - 6605b8a5-570b-4977-9ee7-6aaf3012bed5: start FollowerState
2019-10-18 14:58:46,761 [grpc-default-executor-1] INFO  impl.RoleInfo (RoleInfo.java:shutdownFollowerState(121)) - ddd4789c-894d-475a-bbfb-f6e7aa670c92: shutdown FollowerState
2019-10-18 14:58:46,761 [grpc-default-executor-1] INFO  impl.RoleInfo (RoleInfo.java:updateAndGet(143)) - ddd4789c-894d-475a-bbfb-f6e7aa670c92: start FollowerState
2019-10-18 14:58:46,761 [Thread-2530] INFO  impl.FollowerState (FollowerState.java:run(117)) - ddd4789c-894d-475a-bbfb-f6e7aa670c92@group-58A987F56150-FollowerState was interrupted: java.lang.InterruptedException: sleep interrupted
2019-10-18 14:58:46,775 [327657b1-60f8-49f2-b2a3-f63e1f934942@group-58A987F56150-LeaderElection334] INFO  impl.LeaderElection (LeaderElection.java:logAndReturn(56)) - 327657b1-60f8-49f2-b2a3-f63e1f934942@group-58A987F56150-LeaderElection334: Election REJECTED; received 2 response(s) [327657b1-60f8-49f2-b2a3-f63e1f934942<-6605b8a5-570b-4977-9ee7-6aaf3012bed5#0:FAIL-t385, 327657b1-60f8-49f2-b2a3-f63e1f934942<-ddd4789c-894d-475a-bbfb-f6e7aa670c92#0:FAIL-t385] and 0 exception(s); 327657b1-60f8-49f2-b2a3-f63e1f934942@group-58A987F56150:t385, leader=null, voted=327657b1-60f8-49f2-b2a3-f63e1f934942, raftlog=327657b1-60f8-49f2-b2a3-f63e1f934942@group-58A987F56150-SegmentedRaftLog:OPENED:c-1,f-1,i0, conf=-1: [6605b8a5-570b-4977-9ee7-6aaf3012bed5:192.168.164.233:35223, 327657b1-60f8-49f2-b2a3-f63e1f934942:192.168.164.233:41966, ddd4789c-894d-475a-bbfb-f6e7aa670c92:192.168.164.233:41061], old=null
2019-10-18 14:58:46,775 [327657b1-60f8-49f2-b2a3-f63e1f934942@group-58A987F56150-LeaderElection334] INFO  impl.RaftServerImpl (RaftServerImpl.java:setRole(184)) - 327657b1-60f8-49f2-b2a3-f63e1f934942@group-58A987F56150: changes role from CANDIDATE to FOLLOWER at term 385 for DISCOVERED_A_NEW_TERM
2019-10-18 14:58:46,775 [327657b1-60f8-49f2-b2a3-f63e1f934942@group-58A987F56150-LeaderElection334] INFO  impl.RoleInfo (RoleInfo.java:shutdownLeaderElection(134)) - 327657b1-60f8-49f2-b2a3-f63e1f934942: shutdown LeaderElection
2019-10-18 14:58:46,775 [327657b1-60f8-49f2-b2a3-f63e1f934942@group-58A987F56150-LeaderElection334] INFO  impl.RoleInfo (RoleInfo.java:updateAndGet(143)) - 327657b1-60f8-49f2-b2a3-f63e1f934942: start FollowerState
2019-10-18 14:58:46,787 [Thread-2537] INFO  impl.FollowerState (FollowerState.java:run(108)) - 327657b1-60f8-49f2-b2a3-f63e1f934942@group-58A987F56150-FollowerState: change to CANDIDATE, lastRpcTime:11ms, electionTimeout:11ms
2019-10-18 14:58:46,787 [Thread-2537] INFO  impl.RoleInfo (RoleInfo.java:shutdownFollowerState(121)) - 327657b1-60f8-49f2-b2a3-f63e1f934942: shutdown FollowerState
2019-10-18 14:58:46,787 [Thread-2537] INFO  impl.RaftServerImpl (RaftServerImpl.java:setRole(184)) - 327657b1-60f8-49f2-b2a3-f63e1f934942@group-58A987F56150: changes role from  FOLLOWER to CANDIDATE at term 385 for changeToCandidate
2019-10-18 14:58:46,787 [Thread-2537] INFO  impl.RoleInfo (RoleInfo.java:updateAndGet(143)) - 327657b1-60f8-49f2-b2a3-f63e1f934942: start LeaderElection
2019-10-18 14:58:46,800 [327657b1-60f8-49f2-b2a3-f63e1f934942@group-58A987F56150-LeaderElection335] INFO  impl.LeaderElection (LeaderElection.java:askForVotes(178)) - 327657b1-60f8-49f2-b2a3-f63e1f934942@group-58A987F56150-LeaderElection335: begin an election at term 386 for -1: [6605b8a5-570b-4977-9ee7-6aaf3012bed5:192.168.164.233:35223, 327657b1-60f8-49f2-b2a3-f63e1f934942:192.168.164.233:41966, ddd4789c-894d-475a-bbfb-f6e7aa670c92:192.168.164.233:41061], old=null
2019-10-18 14:58:46,802 [grpc-default-executor-1] INFO  impl.RaftServerImpl (RaftServerImpl.java:setRole(184)) - 6605b8a5-570b-4977-9ee7-6aaf3012bed5@group-58A987F56150: changes role from  FOLLOWER to FOLLOWER at term 386 for recognizeCandidate:327657b1-60f8-49f2-b2a3-f63e1f934942
2019-10-18 14:58:46,802 [grpc-default-executor-3] INFO  impl.RaftServerImpl (RaftServerImpl.java:setRole(184)) - ddd4789c-894d-475a-bbfb-f6e7aa670c92@group-58A987F56150: changes role from  FOLLOWER to FOLLOWER at term 386 for recognizeCandidate:327657b1-60f8-49f2-b2a3-f63e1f934942
2019-10-18 14:58:46,802 [grpc-default-executor-1] INFO  impl.RoleInfo (RoleInfo.java:shutdownFollowerState(121)) - 6605b8a5-570b-4977-9ee7-6aaf3012bed5: shutdown FollowerState
2019-10-18 14:58:46,802 [grpc-default-executor-3] INFO  impl.RoleInfo (RoleInfo.java:shutdownFollowerState(121)) - ddd4789c-894d-475a-bbfb-f6e7aa670c92: shutdown FollowerState
2019-10-18 14:58:46,803 [Thread-2535] INFO  impl.FollowerState (FollowerState.java:run(117)) - 6605b8a5-570b-4977-9ee7-6aaf3012bed5@group-58A987F56150-FollowerState was interrupted: java.lang.InterruptedException: sleep interrupted
2019-10-18 14:58:46,803 [grpc-default-executor-1] INFO  impl.RoleInfo (RoleInfo.java:updateAndGet(143)) - 6605b8a5-570b-4977-9ee7-6aaf3012bed5: start FollowerState
2019-10-18 14:58:46,803 [Thread-2536] INFO  impl.FollowerState (FollowerState.java:run(117)) - ddd4789c-894d-475a-bbfb-f6e7aa670c92@group-58A987F56150-FollowerState was interrupted: java.lang.InterruptedException: sleep interrupted
2019-10-18 14:58:46,803 [grpc-default-executor-3] INFO  impl.RoleInfo (RoleInfo.java:updateAndGet(143)) - ddd4789c-894d-475a-bbfb-f6e7aa670c92: start FollowerState
2019-10-18 14:58:46,835 [327657b1-60f8-49f2-b2a3-f63e1f934942@group-58A987F56150-LeaderElection335] INFO  impl.LeaderElection (LeaderElection.java:logAndReturn(56)) - 327657b1-60f8-49f2-b2a3-f63e1f934942@group-58A987F56150-LeaderElection335: Election REJECTED; received 2 response(s) [327657b1-60f8-49f2-b2a3-f63e1f934942<-6605b8a5-570b-4977-9ee7-6aaf3012bed5#0:FAIL-t386, 327657b1-60f8-49f2-b2a3-f63e1f934942<-ddd4789c-894d-475a-bbfb-f6e7aa670c92#0:FAIL-t386] and 0 exception(s); 327657b1-60f8-49f2-b2a3-f63e1f934942@group-58A987F56150:t386, leader=null, voted=327657b1-60f8-49f2-b2a3-f63e1f934942, raftlog=327657b1-60f8-49f2-b2a3-f63e1f934942@group-58A987F56150-SegmentedRaftLog:OPENED:c-1,f-1,i0, conf=-1: [6605b8a5-570b-4977-9ee7-6aaf3012bed5:192.168.164.233:35223, 327657b1-60f8-49f2-b2a3-f63e1f934942:192.168.164.233:41966, ddd4789c-894d-475a-bbfb-f6e7aa670c92:192.168.164.233:41061], old=null
2019-10-18 14:58:46,837 [327657b1-60f8-49f2-b2a3-f63e1f934942@group-58A987F56150-LeaderElection335] INFO  impl.RaftServerImpl (RaftServerImpl.java:setRole(184)) - 327657b1-60f8-49f2-b2a3-f63e1f934942@group-58A987F56150: changes role from CANDIDATE to FOLLOWER at term 386 for DISCOVERED_A_NEW_TERM
2019-10-18 14:58:46,837 [327657b1-60f8-49f2-b2a3-f63e1f934942@group-58A987F56150-LeaderElection335] INFO  impl.RoleInfo (RoleInfo.java:shutdownLeaderElection(134)) - 327657b1-60f8-49f2-b2a3-f63e1f934942: shutdown LeaderElection
2019-10-18 14:58:46,837 [327657b1-60f8-49f2-b2a3-f63e1f934942@group-58A987F56150-LeaderElection335] INFO  impl.RoleInfo (RoleInfo.java:updateAndGet(143)) - 327657b1-60f8-49f2-b2a3-f63e1f934942: start FollowerState
2019-10-18 14:58:46,910 [Thread-2543] INFO  impl.FollowerState (FollowerState.java:run(108)) - 327657b1-60f8-49f2-b2a3-f63e1f934942@group-58A987F56150-FollowerState: change to CANDIDATE, lastRpcTime:72ms, electionTimeout:72ms
2019-10-18 14:58:46,910 [Thread-2543] INFO  impl.RoleInfo (RoleInfo.java:shutdownFollowerState(121)) - 327657b1-60f8-49f2-b2a3-f63e1f934942: shutdown FollowerState
2019-10-18 14:58:46,910 [Thread-2543] INFO  impl.RaftServerImpl (RaftServerImpl.java:setRole(184)) - 327657b1-60f8-49f2-b2a3-f63e1f934942@group-58A987F56150: changes role from  FOLLOWER to CANDIDATE at term 386 for changeToCandidate
2019-10-18 14:58:46,911 [Thread-2543] INFO  impl.RoleInfo (RoleInfo.java:updateAndGet(143)) - 327657b1-60f8-49f2-b2a3-f63e1f934942: start LeaderElection
2019-10-18 14:58:46,933 [327657b1-60f8-49f2-b2a3-f63e1f934942@group-58A987F56150-LeaderElection336] INFO  impl.LeaderElection (LeaderElection.java:askForVotes(178)) - 327657b1-60f8-49f2-b2a3-f63e1f934942@group-58A987F56150-LeaderElection336: begin an election at term 387 for -1: [6605b8a5-570b-4977-9ee7-6aaf3012bed5:192.168.164.233:35223, 327657b1-60f8-49f2-b2a3-f63e1f934942:192.168.164.233:41966, ddd4789c-894d-475a-bbfb-f6e7aa670c92:192.168.164.233:41061], old=null
2019-10-18 14:58:46,936 [grpc-default-executor-1] INFO  impl.RaftServerImpl (RaftServerImpl.java:setRole(184)) - ddd4789c-894d-475a-bbfb-f6e7aa670c92@group-58A987F56150: changes role from  FOLLOWER to FOLLOWER at term 387 for recognizeCandidate:327657b1-60f8-49f2-b2a3-f63e1f934942
2019-10-18 14:58:46,936 [grpc-default-executor-3] INFO  impl.RaftServerImpl (RaftServerImpl.java:setRole(184)) - 6605b8a5-570b-4977-9ee7-6aaf3012bed5@group-58A987F56150: changes role from  FOLLOWER to FOLLOWER at term 387 for recognizeCandidate:327657b1-60f8-49f2-b2a3-f63e1f934942
2019-10-18 14:58:46,936 [grpc-default-executor-1] INFO  impl.RoleInfo (RoleInfo.java:shutdownFollowerState(121)) - ddd4789c-894d-475a-bbfb-f6e7aa670c92: shutdown FollowerState
2019-10-18 14:58:46,937 [grpc-default-executor-3] INFO  impl.RoleInfo (RoleInfo.java:shutdownFollowerState(121)) - 6605b8a5-570b-4977-9ee7-6aaf3012bed5: shutdown FollowerState
2019-10-18 14:58:46,937 [grpc-default-executor-1] INFO  impl.RoleInfo (RoleInfo.java:updateAndGet(143)) - ddd4789c-894d-475a-bbfb-f6e7aa670c92: start FollowerState
2019-10-18 14:58:46,937 [Thread-2542] INFO  impl.FollowerState (FollowerState.java:run(117)) - ddd4789c-894d-475a-bbfb-f6e7aa670c92@group-58A987F56150-FollowerState was interrupted: java.lang.InterruptedException: sleep interrupted
2019-10-18 14:58:46,937 [Thread-2541] INFO  impl.FollowerState (FollowerState.java:run(117)) - 6605b8a5-570b-4977-9ee7-6aaf3012bed5@group-58A987F56150-FollowerState was interrupted: java.lang.InterruptedException: sleep interrupted
2019-10-18 14:58:46,937 [grpc-default-executor-3] INFO  impl.RoleInfo (RoleInfo.java:updateAndGet(143)) - 6605b8a5-570b-4977-9ee7-6aaf3012bed5: start FollowerState
2019-10-18 14:58:46,951 [327657b1-60f8-49f2-b2a3-f63e1f934942@group-58A987F56150-LeaderElection336] INFO  impl.LeaderElection (LeaderElection.java:logAndReturn(56)) - 327657b1-60f8-49f2-b2a3-f63e1f934942@group-58A987F56150-LeaderElection336: Election REJECTED; received 2 response(s) [327657b1-60f8-49f2-b2a3-f63e1f934942<-6605b8a5-570b-4977-9ee7-6aaf3012bed5#0:FAIL-t387, 327657b1-60f8-49f2-b2a3-f63e1f934942<-ddd4789c-894d-475a-bbfb-f6e7aa670c92#0:FAIL-t387] and 0 exception(s); 327657b1-60f8-49f2-b2a3-f63e1f934942@group-58A987F56150:t387, leader=null, voted=327657b1-60f8-49f2-b2a3-f63e1f934942, raftlog=327657b1-60f8-49f2-b2a3-f63e1f934942@group-58A987F56150-SegmentedRaftLog:OPENED:c-1,f-1,i0, conf=-1: [6605b8a5-570b-4977-9ee7-6aaf3012bed5:192.168.164.233:35223, 327657b1-60f8-49f2-b2a3-f63e1f934942:192.168.164.233:41966, ddd4789c-894d-475a-bbfb-f6e7aa670c92:192.168.164.233:41061], old=null
2019-10-18 14:58:46,952 [327657b1-60f8-49f2-b2a3-f63e1f934942@group-58A987F56150-LeaderElection336] INFO  impl.RaftServerImpl (RaftServerImpl.java:setRole(184)) - 327657b1-60f8-49f2-b2a3-f63e1f934942@group-58A987F56150: changes role from CANDIDATE to FOLLOWER at term 387 for DISCOVERED_A_NEW_TERM
2019-10-18 14:58:46,952 [327657b1-60f8-49f2-b2a3-f63e1f934942@group-58A987F56150-LeaderElection336] INFO  impl.RoleInfo (RoleInfo.java:shutdownLeaderElection(134)) - 327657b1-60f8-49f2-b2a3-f63e1f934942: shutdown LeaderElection
2019-10-18 14:58:46,952 [327657b1-60f8-49f2-b2a3-f63e1f934942@group-58A987F56150-LeaderElection336] INFO  impl.RoleInfo (RoleInfo.java:updateAndGet(143)) - 327657b1-60f8-49f2-b2a3-f63e1f934942: start FollowerState
2019-10-18 14:58:46,964 [Thread-2549] INFO  impl.FollowerState (FollowerState.java:run(108)) - 327657b1-60f8-49f2-b2a3-f63e1f934942@group-58A987F56150-FollowerState: change to CANDIDATE, lastRpcTime:12ms, electionTimeout:12ms
2019-10-18 14:58:46,964 [Thread-2549] INFO  impl.RoleInfo (RoleInfo.java:shutdownFollowerState(121)) - 327657b1-60f8-49f2-b2a3-f63e1f934942: shutdown FollowerState
2019-10-18 14:58:46,965 [Thread-2549] INFO  impl.RaftServerImpl (RaftServerImpl.java:setRole(184)) - 327657b1-60f8-49f2-b2a3-f63e1f934942@group-58A987F56150: changes role from  FOLLOWER to CANDIDATE at term 387 for changeToCandidate
2019-10-18 14:58:46,965 [Thread-2549] INFO  impl.RoleInfo (RoleInfo.java:updateAndGet(143)) - 327657b1-60f8-49f2-b2a3-f63e1f934942: start LeaderElection
2019-10-18 14:58:46,978 [327657b1-60f8-49f2-b2a3-f63e1f934942@group-58A987F56150-LeaderElection337] INFO  impl.LeaderElection (LeaderElection.java:askForVotes(178)) - 327657b1-60f8-49f2-b2a3-f63e1f934942@group-58A987F56150-LeaderElection337: begin an election at term 388 for -1: [6605b8a5-570b-4977-9ee7-6aaf3012bed5:192.168.164.233:35223, 327657b1-60f8-49f2-b2a3-f63e1f934942:192.168.164.233:41966, ddd4789c-894d-475a-bbfb-f6e7aa670c92:192.168.164.233:41061], old=null
2019-10-18 14:58:46,979 [grpc-default-executor-1] INFO  impl.RaftServerImpl (RaftServerImpl.java:setRole(184)) - 6605b8a5-570b-4977-9ee7-6aaf3012bed5@group-58A987F56150: changes role from  FOLLOWER to FOLLOWER at term 388 for recognizeCandidate:327657b1-60f8-49f2-b2a3-f63e1f934942
2019-10-18 14:58:46,980 [grpc-default-executor-1] INFO  impl.RoleInfo (RoleInfo.java:shutdownFollowerState(121)) - 6605b8a5-570b-4977-9ee7-6aaf3012bed5: shutdown FollowerState
2019-10-18 14:58:46,980 [grpc-default-executor-3] INFO  impl.RaftServerImpl (RaftServerImpl.java:setRole(184)) - ddd4789c-894d-475a-bbfb-f6e7aa670c92@group-58A987F56150: changes role from  FOLLOWER to FOLLOWER at term 388 for recognizeCandidate:327657b1-60f8-49f2-b2a3-f63e1f934942
2019-10-18 14:58:46,980 [Thread-2548] INFO  impl.FollowerState (FollowerState.java:run(117)) - 6605b8a5-570b-4977-9ee7-6aaf3012bed5@group-58A987F56150-FollowerState was interrupted: java.lang.InterruptedException: sleep interrupted
2019-10-18 14:58:46,980 [grpc-default-executor-1] INFO  impl.RoleInfo (RoleInfo.java:updateAndGet(143)) - 6605b8a5-570b-4977-9ee7-6aaf3012bed5: start FollowerState
2019-10-18 14:58:46,980 [grpc-default-executor-3] INFO  impl.RoleInfo (RoleInfo.java:shutdownFollowerState(121)) - ddd4789c-894d-475a-bbfb-f6e7aa670c92: shutdown FollowerState
2019-10-18 14:58:46,980 [grpc-default-executor-3] INFO  impl.RoleInfo (RoleInfo.java:updateAndGet(143)) - ddd4789c-894d-475a-bbfb-f6e7aa670c92: start FollowerState
2019-10-18 14:58:46,980 [Thread-2547] INFO  impl.FollowerState (FollowerState.java:run(117)) - ddd4789c-894d-475a-bbfb-f6e7aa670c92@group-58A987F56150-FollowerState was interrupted: java.lang.InterruptedException: sleep interrupted
2019-10-18 14:58:46,982 [327657b1-60f8-49f2-b2a3-f63e1f934942@group-58A987F56150-LeaderElection337] INFO  impl.LeaderElection (LeaderElection.java:logAndReturn(56)) - 327657b1-60f8-49f2-b2a3-f63e1f934942@group-58A987F56150-LeaderElection337: Election TIMEOUT; received 0 response(s) [] and 0 exception(s); 327657b1-60f8-49f2-b2a3-f63e1f934942@group-58A987F56150:t388, leader=null, voted=327657b1-60f8-49f2-b2a3-f63e1f934942, raftlog=327657b1-60f8-49f2-b2a3-f63e1f934942@group-58A987F56150-SegmentedRaftLog:OPENED:c-1,f-1,i0, conf=-1: [6605b8a5-570b-4977-9ee7-6aaf3012bed5:192.168.164.233:35223, 327657b1-60f8-49f2-b2a3-f63e1f934942:192.168.164.233:41966, ddd4789c-894d-475a-bbfb-f6e7aa670c92:192.168.164.233:41061], old=null
2019-10-18 14:58:47,005 [327657b1-60f8-49f2-b2a3-f63e1f934942@group-58A987F56150-LeaderElection337] INFO  impl.LeaderElection (LeaderElection.java:askForVotes(178)) - 327657b1-60f8-49f2-b2a3-f63e1f934942@group-58A987F56150-LeaderElection337: begin an election at term 389 for -1: [6605b8a5-570b-4977-9ee7-6aaf3012bed5:192.168.164.233:35223, 327657b1-60f8-49f2-b2a3-f63e1f934942:192.168.164.233:41966, ddd4789c-894d-475a-bbfb-f6e7aa670c92:192.168.164.233:41061], old=null
2019-10-18 14:58:47,007 [grpc-default-executor-1] INFO  impl.RaftServerImpl (RaftServerImpl.java:setRole(184)) - 6605b8a5-570b-4977-9ee7-6aaf3012bed5@group-58A987F56150: changes role from  FOLLOWER to FOLLOWER at term 389 for recognizeCandidate:327657b1-60f8-49f2-b2a3-f63e1f934942
2019-10-18 14:58:47,007 [grpc-default-executor-1] INFO  impl.RoleInfo (RoleInfo.java:shutdownFollowerState(121)) - 6605b8a5-570b-4977-9ee7-6aaf3012bed5: shutdown FollowerState
2019-10-18 14:58:47,007 [grpc-default-executor-1] INFO  impl.RoleInfo (RoleInfo.java:updateAndGet(143)) - 6605b8a5-570b-4977-9ee7-6aaf3012bed5: start FollowerState
2019-10-18 14:58:47,007 [Thread-2553] INFO  impl.FollowerState (FollowerState.java:run(117)) - 6605b8a5-570b-4977-9ee7-6aaf3012bed5@group-58A987F56150-FollowerState was interrupted: java.lang.InterruptedException: sleep interrupted
2019-10-18 14:58:47,007 [grpc-default-executor-3] INFO  impl.RaftServerImpl (RaftServerImpl.java:setRole(184)) - ddd4789c-894d-475a-bbfb-f6e7aa670c92@group-58A987F56150: changes role from  FOLLOWER to FOLLOWER at term 389 for recognizeCandidate:327657b1-60f8-49f2-b2a3-f63e1f934942
2019-10-18 14:58:47,007 [grpc-default-executor-3] INFO  impl.RoleInfo (RoleInfo.java:shutdownFollowerState(121)) - ddd4789c-894d-475a-bbfb-f6e7aa670c92: shutdown FollowerState
2019-10-18 14:58:47,007 [grpc-default-executor-3] INFO  impl.RoleInfo (RoleInfo.java:updateAndGet(143)) - ddd4789c-894d-475a-bbfb-f6e7aa670c92: start FollowerState
2019-10-18 14:58:47,007 [Thread-2554] INFO  impl.FollowerState (FollowerState.java:run(117)) - ddd4789c-894d-475a-bbfb-f6e7aa670c92@group-58A987F56150-FollowerState was interrupted: java.lang.InterruptedException: sleep interrupted
2019-10-18 14:58:47,033 [327657b1-60f8-49f2-b2a3-f63e1f934942@group-58A987F56150-LeaderElection337] INFO  impl.LeaderElection (LeaderElection.java:logAndReturn(56)) - 327657b1-60f8-49f2-b2a3-f63e1f934942@group-58A987F56150-LeaderElection337: Election REJECTED; received 2 response(s) [327657b1-60f8-49f2-b2a3-f63e1f934942<-6605b8a5-570b-4977-9ee7-6aaf3012bed5#0:FAIL-t389, 327657b1-60f8-49f2-b2a3-f63e1f934942<-ddd4789c-894d-475a-bbfb-f6e7aa670c92#0:FAIL-t389] and 0 exception(s); 327657b1-60f8-49f2-b2a3-f63e1f934942@group-58A987F56150:t389, leader=null, voted=327657b1-60f8-49f2-b2a3-f63e1f934942, raftlog=327657b1-60f8-49f2-b2a3-f63e1f934942@group-58A987F56150-SegmentedRaftLog:OPENED:c-1,f-1,i0, conf=-1: [6605b8a5-570b-4977-9ee7-6aaf3012bed5:192.168.164.233:35223, 327657b1-60f8-49f2-b2a3-f63e1f934942:192.168.164.233:41966, ddd4789c-894d-475a-bbfb-f6e7aa670c92:192.168.164.233:41061], old=null
2019-10-18 14:58:47,033 [327657b1-60f8-49f2-b2a3-f63e1f934942@group-58A987F56150-LeaderElection337] INFO  impl.RaftServerImpl (RaftServerImpl.java:setRole(184)) - 327657b1-60f8-49f2-b2a3-f63e1f934942@group-58A987F56150: changes role from CANDIDATE to FOLLOWER at term 389 for DISCOVERED_A_NEW_TERM
2019-10-18 14:58:47,033 [327657b1-60f8-49f2-b2a3-f63e1f934942@group-58A987F56150-LeaderElection337] INFO  impl.RoleInfo (RoleInfo.java:shutdownLeaderElection(134)) - 327657b1-60f8-49f2-b2a3-f63e1f934942: shutdown LeaderElection
2019-10-18 14:58:47,033 [327657b1-60f8-49f2-b2a3-f63e1f934942@group-58A987F56150-LeaderElection337] INFO  impl.RoleInfo (RoleInfo.java:updateAndGet(143)) - 327657b1-60f8-49f2-b2a3-f63e1f934942: start FollowerState
2019-10-18 14:58:47,154 [Thread-2559] INFO  impl.FollowerState (FollowerState.java:run(108)) - 327657b1-60f8-49f2-b2a3-f63e1f934942@group-58A987F56150-FollowerState: change to CANDIDATE, lastRpcTime:121ms, electionTimeout:121ms
2019-10-18 14:58:47,154 [Thread-2559] INFO  impl.RoleInfo (RoleInfo.java:shutdownFollowerState(121)) - 327657b1-60f8-49f2-b2a3-f63e1f934942: shutdown FollowerState
2019-10-18 14:58:47,155 [Thread-2559] INFO  impl.RaftServerImpl (RaftServerImpl.java:setRole(184)) - 327657b1-60f8-49f2-b2a3-f63e1f934942@group-58A987F56150: changes role from  FOLLOWER to CANDIDATE at term 389 for changeToCandidate
2019-10-18 14:58:47,155 [Thread-2559] INFO  impl.RoleInfo (RoleInfo.java:updateAndGet(143)) - 327657b1-60f8-49f2-b2a3-f63e1f934942: start LeaderElection
2019-10-18 14:58:47,180 [327657b1-60f8-49f2-b2a3-f63e1f934942@group-58A987F56150-LeaderElection338] INFO  impl.LeaderElection (LeaderElection.java:askForVotes(178)) - 327657b1-60f8-49f2-b2a3-f63e1f934942@group-58A987F56150-LeaderElection338: begin an election at term 390 for -1: [6605b8a5-570b-4977-9ee7-6aaf3012bed5:192.168.164.233:35223, 327657b1-60f8-49f2-b2a3-f63e1f934942:192.168.164.233:41966, ddd4789c-894d-475a-bbfb-f6e7aa670c92:192.168.164.233:41061], old=null
2019-10-18 14:58:47,181 [grpc-default-executor-3] INFO  impl.RaftServerImpl (RaftServerImpl.java:setRole(184)) - 6605b8a5-570b-4977-9ee7-6aaf3012bed5@group-58A987F56150: changes role from  FOLLOWER to FOLLOWER at term 390 for recognizeCandidate:327657b1-60f8-49f2-b2a3-f63e1f934942
2019-10-18 14:58:47,182 [grpc-default-executor-3] INFO  impl.RoleInfo (RoleInfo.java:shutdownFollowerState(121)) - 6605b8a5-570b-4977-9ee7-6aaf3012bed5: shutdown FollowerState
2019-10-18 14:58:47,182 [grpc-default-executor-3] INFO  impl.RoleInfo (RoleInfo.java:updateAndGet(143)) - 6605b8a5-570b-4977-9ee7-6aaf3012bed5: start FollowerState
2019-10-18 14:58:47,182 [Thread-2557] INFO  impl.FollowerState (FollowerState.java:run(117)) - 6605b8a5-570b-4977-9ee7-6aaf3012bed5@group-58A987F56150-FollowerState was interrupted: java.lang.InterruptedException: sleep interrupted
2019-10-18 14:58:47,182 [grpc-default-executor-2] INFO  impl.RaftServerImpl (RaftServerImpl.java:setRole(184)) - ddd4789c-894d-475a-bbfb-f6e7aa670c92@group-58A987F56150: changes role from  FOLLOWER to FOLLOWER at term 390 for recognizeCandidate:327657b1-60f8-49f2-b2a3-f63e1f934942
2019-10-18 14:58:47,182 [grpc-default-executor-2] INFO  impl.RoleInfo (RoleInfo.java:shutdownFollowerState(121)) - ddd4789c-894d-475a-bbfb-f6e7aa670c92: shutdown FollowerState
2019-10-18 14:58:47,182 [grpc-default-executor-2] INFO  impl.RoleInfo (RoleInfo.java:updateAndGet(143)) - ddd4789c-894d-475a-bbfb-f6e7aa670c92: start FollowerState
2019-10-18 14:58:47,182 [Thread-2558] INFO  impl.FollowerState (FollowerState.java:run(117)) - ddd4789c-894d-475a-bbfb-f6e7aa670c92@group-58A987F56150-FollowerState was interrupted: java.lang.InterruptedException: sleep interrupted
2019-10-18 14:58:47,195 [327657b1-60f8-49f2-b2a3-f63e1f934942@group-58A987F56150-LeaderElection338] INFO  impl.LeaderElection (LeaderElection.java:logAndReturn(56)) - 327657b1-60f8-49f2-b2a3-f63e1f934942@group-58A987F56150-LeaderElection338: Election REJECTED; received 2 response(s) [327657b1-60f8-49f2-b2a3-f63e1f934942<-6605b8a5-570b-4977-9ee7-6aaf3012bed5#0:FAIL-t390, 327657b1-60f8-49f2-b2a3-f63e1f934942<-ddd4789c-894d-475a-bbfb-f6e7aa670c92#0:FAIL-t390] and 0 exception(s); 327657b1-60f8-49f2-b2a3-f63e1f934942@group-58A987F56150:t390, leader=null, voted=327657b1-60f8-49f2-b2a3-f63e1f934942, raftlog=327657b1-60f8-49f2-b2a3-f63e1f934942@group-58A987F56150-SegmentedRaftLog:OPENED:c-1,f-1,i0, conf=-1: [6605b8a5-570b-4977-9ee7-6aaf3012bed5:192.168.164.233:35223, 327657b1-60f8-49f2-b2a3-f63e1f934942:192.168.164.233:41966, ddd4789c-894d-475a-bbfb-f6e7aa670c92:192.168.164.233:41061], old=null
2019-10-18 14:58:47,196 [327657b1-60f8-49f2-b2a3-f63e1f934942@group-58A987F56150-LeaderElection338] INFO  impl.RaftServerImpl (RaftServerImpl.java:setRole(184)) - 327657b1-60f8-49f2-b2a3-f63e1f934942@group-58A987F56150: changes role from CANDIDATE to FOLLOWER at term 390 for DISCOVERED_A_NEW_TERM
2019-10-18 14:58:47,196 [327657b1-60f8-49f2-b2a3-f63e1f934942@group-58A987F56150-LeaderElection338] INFO  impl.RoleInfo (RoleInfo.java:shutdownLeaderElection(134)) - 327657b1-60f8-49f2-b2a3-f63e1f934942: shutdown LeaderElection
2019-10-18 14:58:47,196 [327657b1-60f8-49f2-b2a3-f63e1f934942@group-58A987F56150-LeaderElection338] INFO  impl.RoleInfo (RoleInfo.java:updateAndGet(143)) - 327657b1-60f8-49f2-b2a3-f63e1f934942: start FollowerState
2019-10-18 14:58:47,248 [Thread-2567] INFO  impl.FollowerState (FollowerState.java:run(108)) - 327657b1-60f8-49f2-b2a3-f63e1f934942@group-58A987F56150-FollowerState: change to CANDIDATE, lastRpcTime:52ms, electionTimeout:52ms
2019-10-18 14:58:47,248 [Thread-2567] INFO  impl.RoleInfo (RoleInfo.java:shutdownFollowerState(121)) - 327657b1-60f8-49f2-b2a3-f63e1f934942: shutdown FollowerState
2019-10-18 14:58:47,248 [Thread-2567] INFO  impl.RaftServerImpl (RaftServerImpl.java:setRole(184)) - 327657b1-60f8-49f2-b2a3-f63e1f934942@group-58A987F56150: changes role from  FOLLOWER to CANDIDATE at term 390 for changeToCandidate
2019-10-18 14:58:47,249 [Thread-2567] INFO  impl.RoleInfo (RoleInfo.java:updateAndGet(143)) - 327657b1-60f8-49f2-b2a3-f63e1f934942: start LeaderElection
2019-10-18 14:58:47,261 [327657b1-60f8-49f2-b2a3-f63e1f934942@group-58A987F56150-LeaderElection339] INFO  impl.LeaderElection (LeaderElection.java:askForVotes(178)) - 327657b1-60f8-49f2-b2a3-f63e1f934942@group-58A987F56150-LeaderElection339: begin an election at term 391 for -1: [6605b8a5-570b-4977-9ee7-6aaf3012bed5:192.168.164.233:35223, 327657b1-60f8-49f2-b2a3-f63e1f934942:192.168.164.233:41966, ddd4789c-894d-475a-bbfb-f6e7aa670c92:192.168.164.233:41061], old=null
2019-10-18 14:58:47,263 [grpc-default-executor-3] INFO  impl.RaftServerImpl (RaftServerImpl.java:setRole(184)) - 6605b8a5-570b-4977-9ee7-6aaf3012bed5@group-58A987F56150: changes role from  FOLLOWER to FOLLOWER at term 391 for recognizeCandidate:327657b1-60f8-49f2-b2a3-f63e1f934942
2019-10-18 14:58:47,263 [grpc-default-executor-3] INFO  impl.RoleInfo (RoleInfo.java:shutdownFollowerState(121)) - 6605b8a5-570b-4977-9ee7-6aaf3012bed5: shutdown FollowerState
2019-10-18 14:58:47,263 [grpc-default-executor-2] INFO  impl.RaftServerImpl (RaftServerImpl.java:setRole(184)) - ddd4789c-894d-475a-bbfb-f6e7aa670c92@group-58A987F56150: changes role from  FOLLOWER to FOLLOWER at term 391 for recognizeCandidate:327657b1-60f8-49f2-b2a3-f63e1f934942
2019-10-18 14:58:47,263 [grpc-default-executor-2] INFO  impl.RoleInfo (RoleInfo.java:shutdownFollowerState(121)) - ddd4789c-894d-475a-bbfb-f6e7aa670c92: shutdown FollowerState
2019-10-18 14:58:47,263 [Thread-2564] INFO  impl.FollowerState (FollowerState.java:run(117)) - 6605b8a5-570b-4977-9ee7-6aaf3012bed5@group-58A987F56150-FollowerState was interrupted: java.lang.InterruptedException: sleep interrupted
2019-10-18 14:58:47,263 [grpc-default-executor-3] INFO  impl.RoleInfo (RoleInfo.java:updateAndGet(143)) - 6605b8a5-570b-4977-9ee7-6aaf3012bed5: start FollowerState
2019-10-18 14:58:47,263 [Thread-2565] INFO  impl.FollowerState (FollowerState.java:run(117)) - ddd4789c-894d-475a-bbfb-f6e7aa670c92@group-58A987F56150-FollowerState was interrupted: java.lang.InterruptedException: sleep interrupted
2019-10-18 14:58:47,263 [grpc-default-executor-2] INFO  impl.RoleInfo (RoleInfo.java:updateAndGet(143)) - ddd4789c-894d-475a-bbfb-f6e7aa670c92: start FollowerState
2019-10-18 14:58:47,289 [327657b1-60f8-49f2-b2a3-f63e1f934942@group-58A987F56150-LeaderElection339] INFO  impl.LeaderElection (LeaderElection.java:logAndReturn(56)) - 327657b1-60f8-49f2-b2a3-f63e1f934942@group-58A987F56150-LeaderElection339: Election REJECTED; received 2 response(s) [327657b1-60f8-49f2-b2a3-f63e1f934942<-6605b8a5-570b-4977-9ee7-6aaf3012bed5#0:FAIL-t391, 327657b1-60f8-49f2-b2a3-f63e1f934942<-ddd4789c-894d-475a-bbfb-f6e7aa670c92#0:FAIL-t391] and 0 exception(s); 327657b1-60f8-49f2-b2a3-f63e1f934942@group-58A987F56150:t391, leader=null, voted=327657b1-60f8-49f2-b2a3-f63e1f934942, raftlog=327657b1-60f8-49f2-b2a3-f63e1f934942@group-58A987F56150-SegmentedRaftLog:OPENED:c-1,f-1,i0, conf=-1: [6605b8a5-570b-4977-9ee7-6aaf3012bed5:192.168.164.233:35223, 327657b1-60f8-49f2-b2a3-f63e1f934942:192.168.164.233:41966, ddd4789c-894d-475a-bbfb-f6e7aa670c92:192.168.164.233:41061], old=null
2019-10-18 14:58:47,289 [327657b1-60f8-49f2-b2a3-f63e1f934942@group-58A987F56150-LeaderElection339] INFO  impl.RaftServerImpl (RaftServerImpl.java:setRole(184)) - 327657b1-60f8-49f2-b2a3-f63e1f934942@group-58A987F56150: changes role from CANDIDATE to FOLLOWER at term 391 for DISCOVERED_A_NEW_TERM
2019-10-18 14:58:47,289 [327657b1-60f8-49f2-b2a3-f63e1f934942@group-58A987F56150-LeaderElection339] INFO  impl.RoleInfo (RoleInfo.java:shutdownLeaderElection(134)) - 327657b1-60f8-49f2-b2a3-f63e1f934942: shutdown LeaderElection
2019-10-18 14:58:47,289 [327657b1-60f8-49f2-b2a3-f63e1f934942@group-58A987F56150-LeaderElection339] INFO  impl.RoleInfo (RoleInfo.java:updateAndGet(143)) - 327657b1-60f8-49f2-b2a3-f63e1f934942: start FollowerState
2019-10-18 14:58:47,291 [Thread-2573] INFO  impl.FollowerState (FollowerState.java:run(108)) - 327657b1-60f8-49f2-b2a3-f63e1f934942@group-58A987F56150-FollowerState: change to CANDIDATE, lastRpcTime:1ms, electionTimeout:1ms
2019-10-18 14:58:47,291 [Thread-2573] INFO  impl.RoleInfo (RoleInfo.java:shutdownFollowerState(121)) - 327657b1-60f8-49f2-b2a3-f63e1f934942: shutdown FollowerState
2019-10-18 14:58:47,291 [Thread-2573] INFO  impl.RaftServerImpl (RaftServerImpl.java:setRole(184)) - 327657b1-60f8-49f2-b2a3-f63e1f934942@group-58A987F56150: changes role from  FOLLOWER to CANDIDATE at term 391 for changeToCandidate
2019-10-18 14:58:47,291 [Thread-2573] INFO  impl.RoleInfo (RoleInfo.java:updateAndGet(143)) - 327657b1-60f8-49f2-b2a3-f63e1f934942: start LeaderElection
2019-10-18 14:58:47,304 [327657b1-60f8-49f2-b2a3-f63e1f934942@group-58A987F56150-LeaderElection340] INFO  impl.LeaderElection (LeaderElection.java:askForVotes(178)) - 327657b1-60f8-49f2-b2a3-f63e1f934942@group-58A987F56150-LeaderElection340: begin an election at term 392 for -1: [6605b8a5-570b-4977-9ee7-6aaf3012bed5:192.168.164.233:35223, 327657b1-60f8-49f2-b2a3-f63e1f934942:192.168.164.233:41966, ddd4789c-894d-475a-bbfb-f6e7aa670c92:192.168.164.233:41061], old=null
2019-10-18 14:58:47,305 [grpc-default-executor-2] INFO  impl.RaftServerImpl (RaftServerImpl.java:setRole(184)) - 6605b8a5-570b-4977-9ee7-6aaf3012bed5@group-58A987F56150: changes role from  FOLLOWER to FOLLOWER at term 392 for recognizeCandidate:327657b1-60f8-49f2-b2a3-f63e1f934942
2019-10-18 14:58:47,305 [grpc-default-executor-2] INFO  impl.RoleInfo (RoleInfo.java:shutdownFollowerState(121)) - 6605b8a5-570b-4977-9ee7-6aaf3012bed5: shutdown FollowerState
2019-10-18 14:58:47,305 [grpc-default-executor-3] INFO  impl.RaftServerImpl (RaftServerImpl.java:setRole(184)) - ddd4789c-894d-475a-bbfb-f6e7aa670c92@group-58A987F56150: changes role from  FOLLOWER to FOLLOWER at term 392 for recognizeCandidate:327657b1-60f8-49f2-b2a3-f63e1f934942
2019-10-18 14:58:47,305 [grpc-default-executor-3] INFO  impl.RoleInfo (RoleInfo.java:shutdownFollowerState(121)) - ddd4789c-894d-475a-bbfb-f6e7aa670c92: shutdown FollowerState
2019-10-18 14:58:47,305 [Thread-2571] INFO  impl.FollowerState (FollowerState.java:run(117)) - 6605b8a5-570b-4977-9ee7-6aaf3012bed5@group-58A987F56150-FollowerState was interrupted: java.lang.InterruptedException: sleep interrupted
2019-10-18 14:58:47,305 [grpc-default-executor-2] INFO  impl.RoleInfo (RoleInfo.java:updateAndGet(143)) - 6605b8a5-570b-4977-9ee7-6aaf3012bed5: start FollowerState
2019-10-18 14:58:47,306 [Thread-2572] INFO  impl.FollowerState (FollowerState.java:run(117)) - ddd4789c-894d-475a-bbfb-f6e7aa670c92@group-58A987F56150-FollowerState was interrupted: java.lang.InterruptedException: sleep interrupted
2019-10-18 14:58:47,306 [grpc-default-executor-3] INFO  impl.RoleInfo (RoleInfo.java:updateAndGet(143)) - ddd4789c-894d-475a-bbfb-f6e7aa670c92: start FollowerState
2019-10-18 14:58:47,332 [327657b1-60f8-49f2-b2a3-f63e1f934942@group-58A987F56150-LeaderElection340] INFO  impl.LeaderElection (LeaderElection.java:logAndReturn(56)) - 327657b1-60f8-49f2-b2a3-f63e1f934942@group-58A987F56150-LeaderElection340: Election REJECTED; received 2 response(s) [327657b1-60f8-49f2-b2a3-f63e1f934942<-6605b8a5-570b-4977-9ee7-6aaf3012bed5#0:FAIL-t392, 327657b1-60f8-49f2-b2a3-f63e1f934942<-ddd4789c-894d-475a-bbfb-f6e7aa670c92#0:FAIL-t392] and 0 exception(s); 327657b1-60f8-49f2-b2a3-f63e1f934942@group-58A987F56150:t392, leader=null, voted=327657b1-60f8-49f2-b2a3-f63e1f934942, raftlog=327657b1-60f8-49f2-b2a3-f63e1f934942@group-58A987F56150-SegmentedRaftLog:OPENED:c-1,f-1,i0, conf=-1: [6605b8a5-570b-4977-9ee7-6aaf3012bed5:192.168.164.233:35223, 327657b1-60f8-49f2-b2a3-f63e1f934942:192.168.164.233:41966, ddd4789c-894d-475a-bbfb-f6e7aa670c92:192.168.164.233:41061], old=null
2019-10-18 14:58:47,332 [327657b1-60f8-49f2-b2a3-f63e1f934942@group-58A987F56150-LeaderElection340] INFO  impl.RaftServerImpl (RaftServerImpl.java:setRole(184)) - 327657b1-60f8-49f2-b2a3-f63e1f934942@group-58A987F56150: changes role from CANDIDATE to FOLLOWER at term 392 for DISCOVERED_A_NEW_TERM
2019-10-18 14:58:47,332 [327657b1-60f8-49f2-b2a3-f63e1f934942@group-58A987F56150-LeaderElection340] INFO  impl.RoleInfo (RoleInfo.java:shutdownLeaderElection(134)) - 327657b1-60f8-49f2-b2a3-f63e1f934942: shutdown LeaderElection
2019-10-18 14:58:47,332 [327657b1-60f8-49f2-b2a3-f63e1f934942@group-58A987F56150-LeaderElection340] INFO  impl.RoleInfo (RoleInfo.java:updateAndGet(143)) - 327657b1-60f8-49f2-b2a3-f63e1f934942: start FollowerState
2019-10-18 14:58:47,454 [Thread-2579] INFO  impl.FollowerState (FollowerState.java:run(108)) - 327657b1-60f8-49f2-b2a3-f63e1f934942@group-58A987F56150-FollowerState: change to CANDIDATE, lastRpcTime:122ms, electionTimeout:122ms
2019-10-18 14:58:47,455 [Thread-2579] INFO  impl.RoleInfo (RoleInfo.java:shutdownFollowerState(121)) - 327657b1-60f8-49f2-b2a3-f63e1f934942: shutdown FollowerState
2019-10-18 14:58:47,455 [Thread-2579] INFO  impl.RaftServerImpl (RaftServerImpl.java:setRole(184)) - 327657b1-60f8-49f2-b2a3-f63e1f934942@group-58A987F56150: changes role from  FOLLOWER to CANDIDATE at term 392 for changeToCandidate
2019-10-18 14:58:47,455 [Thread-2579] INFO  impl.RoleInfo (RoleInfo.java:updateAndGet(143)) - 327657b1-60f8-49f2-b2a3-f63e1f934942: start LeaderElection
2019-10-18 14:58:47,470 [327657b1-60f8-49f2-b2a3-f63e1f934942@group-58A987F56150-LeaderElection341] INFO  impl.LeaderElection (LeaderElection.java:askForVotes(178)) - 327657b1-60f8-49f2-b2a3-f63e1f934942@group-58A987F56150-LeaderElection341: begin an election at term 393 for -1: [6605b8a5-570b-4977-9ee7-6aaf3012bed5:192.168.164.233:35223, 327657b1-60f8-49f2-b2a3-f63e1f934942:192.168.164.233:41966, ddd4789c-894d-475a-bbfb-f6e7aa670c92:192.168.164.233:41061], old=null
2019-10-18 14:58:47,472 [grpc-default-executor-2] INFO  impl.RaftServerImpl (RaftServerImpl.java:setRole(184)) - 6605b8a5-570b-4977-9ee7-6aaf3012bed5@group-58A987F56150: changes role from  FOLLOWER to FOLLOWER at term 393 for recognizeCandidate:327657b1-60f8-49f2-b2a3-f63e1f934942
2019-10-18 14:58:47,472 [grpc-default-executor-2] INFO  impl.RoleInfo (RoleInfo.java:shutdownFollowerState(121)) - 6605b8a5-570b-4977-9ee7-6aaf3012bed5: shutdown FollowerState
2019-10-18 14:58:47,472 [grpc-default-executor-2] INFO  impl.RoleInfo (RoleInfo.java:updateAndGet(143)) - 6605b8a5-570b-4977-9ee7-6aaf3012bed5: start FollowerState
2019-10-18 14:58:47,472 [grpc-default-executor-3] INFO  impl.RaftServerImpl (RaftServerImpl.java:setRole(184)) - ddd4789c-894d-475a-bbfb-f6e7aa670c92@group-58A987F56150: changes role from  FOLLOWER to FOLLOWER at term 393 for recognizeCandidate:327657b1-60f8-49f2-b2a3-f63e1f934942
2019-10-18 14:58:47,472 [Thread-2577] INFO  impl.FollowerState (FollowerState.java:run(117)) - 6605b8a5-570b-4977-9ee7-6aaf3012bed5@group-58A987F56150-FollowerState was interrupted: java.lang.InterruptedException: sleep interrupted
2019-10-18 14:58:47,472 [grpc-default-executor-3] INFO  impl.RoleInfo (RoleInfo.java:shutdownFollowerState(121)) - ddd4789c-894d-475a-bbfb-f6e7aa670c92: shutdown FollowerState
2019-10-18 14:58:47,473 [grpc-default-executor-3] INFO  impl.RoleInfo (RoleInfo.java:updateAndGet(143)) - ddd4789c-894d-475a-bbfb-f6e7aa670c92: start FollowerState
2019-10-18 14:58:47,473 [Thread-2578] INFO  impl.FollowerState (FollowerState.java:run(117)) - ddd4789c-894d-475a-bbfb-f6e7aa670c92@group-58A987F56150-FollowerState was interrupted: java.lang.InterruptedException: sleep interrupted
2019-10-18 14:58:47,497 [327657b1-60f8-49f2-b2a3-f63e1f934942@group-58A987F56150-LeaderElection341] INFO  impl.LeaderElection (LeaderElection.java:logAndReturn(56)) - 327657b1-60f8-49f2-b2a3-f63e1f934942@group-58A987F56150-LeaderElection341: Election REJECTED; received 2 response(s) [327657b1-60f8-49f2-b2a3-f63e1f934942<-6605b8a5-570b-4977-9ee7-6aaf3012bed5#0:FAIL-t393, 327657b1-60f8-49f2-b2a3-f63e1f934942<-ddd4789c-894d-475a-bbfb-f6e7aa670c92#0:FAIL-t393] and 0 exception(s); 327657b1-60f8-49f2-b2a3-f63e1f934942@group-58A987F56150:t393, leader=null, voted=327657b1-60f8-49f2-b2a3-f63e1f934942, raftlog=327657b1-60f8-49f2-b2a3-f63e1f934942@group-58A987F56150-SegmentedRaftLog:OPENED:c-1,f-1,i0, conf=-1: [6605b8a5-570b-4977-9ee7-6aaf3012bed5:192.168.164.233:35223, 327657b1-60f8-49f2-b2a3-f63e1f934942:192.168.164.233:41966, ddd4789c-894d-475a-bbfb-f6e7aa670c92:192.168.164.233:41061], old=null
2019-10-18 14:58:47,498 [327657b1-60f8-49f2-b2a3-f63e1f934942@group-58A987F56150-LeaderElection341] INFO  impl.RaftServerImpl (RaftServerImpl.java:setRole(184)) - 327657b1-60f8-49f2-b2a3-f63e1f934942@group-58A987F56150: changes role from CANDIDATE to FOLLOWER at term 393 for DISCOVERED_A_NEW_TERM
2019-10-18 14:58:47,498 [327657b1-60f8-49f2-b2a3-f63e1f934942@group-58A987F56150-LeaderElection341] INFO  impl.RoleInfo (RoleInfo.java:shutdownLeaderElection(134)) - 327657b1-60f8-49f2-b2a3-f63e1f934942: shutdown LeaderElection
2019-10-18 14:58:47,498 [327657b1-60f8-49f2-b2a3-f63e1f934942@group-58A987F56150-LeaderElection341] INFO  impl.RoleInfo (RoleInfo.java:updateAndGet(143)) - 327657b1-60f8-49f2-b2a3-f63e1f934942: start FollowerState
2019-10-18 14:58:47,558 [Thread-2585] INFO  impl.FollowerState (FollowerState.java:run(108)) - 327657b1-60f8-49f2-b2a3-f63e1f934942@group-58A987F56150-FollowerState: change to CANDIDATE, lastRpcTime:60ms, electionTimeout:60ms
2019-10-18 14:58:47,558 [Thread-2585] INFO  impl.RoleInfo (RoleInfo.java:shutdownFollowerState(121)) - 327657b1-60f8-49f2-b2a3-f63e1f934942: shutdown FollowerState
2019-10-18 14:58:47,558 [Thread-2585] INFO  impl.RaftServerImpl (RaftServerImpl.java:setRole(184)) - 327657b1-60f8-49f2-b2a3-f63e1f934942@group-58A987F56150: changes role from  FOLLOWER to CANDIDATE at term 393 for changeToCandidate
2019-10-18 14:58:47,559 [Thread-2585] INFO  impl.RoleInfo (RoleInfo.java:updateAndGet(143)) - 327657b1-60f8-49f2-b2a3-f63e1f934942: start LeaderElection
2019-10-18 14:58:47,572 [327657b1-60f8-49f2-b2a3-f63e1f934942@group-58A987F56150-LeaderElection342] INFO  impl.LeaderElection (LeaderElection.java:askForVotes(178)) - 327657b1-60f8-49f2-b2a3-f63e1f934942@group-58A987F56150-LeaderElection342: begin an election at term 394 for -1: [6605b8a5-570b-4977-9ee7-6aaf3012bed5:192.168.164.233:35223, 327657b1-60f8-49f2-b2a3-f63e1f934942:192.168.164.233:41966, ddd4789c-894d-475a-bbfb-f6e7aa670c92:192.168.164.233:41061], old=null
2019-10-18 14:58:47,573 [grpc-default-executor-3] INFO  impl.RaftServerImpl (RaftServerImpl.java:setRole(184)) - 6605b8a5-570b-4977-9ee7-6aaf3012bed5@group-58A987F56150: changes role from  FOLLOWER to FOLLOWER at term 394 for recognizeCandidate:327657b1-60f8-49f2-b2a3-f63e1f934942
2019-10-18 14:58:47,574 [grpc-default-executor-3] INFO  impl.RoleInfo (RoleInfo.java:shutdownFollowerState(121)) - 6605b8a5-570b-4977-9ee7-6aaf3012bed5: shutdown FollowerState
2019-10-18 14:58:47,574 [grpc-default-executor-2] INFO  impl.RaftServerImpl (RaftServerImpl.java:setRole(184)) - ddd4789c-894d-475a-bbfb-f6e7aa670c92@group-58A987F56150: changes role from  FOLLOWER to FOLLOWER at term 394 for recognizeCandidate:327657b1-60f8-49f2-b2a3-f63e1f934942
2019-10-18 14:58:47,574 [grpc-default-executor-2] INFO  impl.RoleInfo (RoleInfo.java:shutdownFollowerState(121)) - ddd4789c-894d-475a-bbfb-f6e7aa670c92: shutdown FollowerState
2019-10-18 14:58:47,574 [Thread-2583] INFO  impl.FollowerState (FollowerState.java:run(117)) - 6605b8a5-570b-4977-9ee7-6aaf3012bed5@group-58A987F56150-FollowerState was interrupted: java.lang.InterruptedException: sleep interrupted
2019-10-18 14:58:47,574 [grpc-default-executor-3] INFO  impl.RoleInfo (RoleInfo.java:updateAndGet(143)) - 6605b8a5-570b-4977-9ee7-6aaf3012bed5: start FollowerState
2019-10-18 14:58:47,574 [Thread-2584] INFO  impl.FollowerState (FollowerState.java:run(117)) - ddd4789c-894d-475a-bbfb-f6e7aa670c92@group-58A987F56150-FollowerState was interrupted: java.lang.InterruptedException: sleep interrupted
2019-10-18 14:58:47,574 [grpc-default-executor-2] INFO  impl.RoleInfo (RoleInfo.java:updateAndGet(143)) - ddd4789c-894d-475a-bbfb-f6e7aa670c92: start FollowerState
2019-10-18 14:58:47,601 [327657b1-60f8-49f2-b2a3-f63e1f934942@group-58A987F56150-LeaderElection342] INFO  impl.LeaderElection (LeaderElection.java:logAndReturn(56)) - 327657b1-60f8-49f2-b2a3-f63e1f934942@group-58A987F56150-LeaderElection342: Election REJECTED; received 2 response(s) [327657b1-60f8-49f2-b2a3-f63e1f934942<-6605b8a5-570b-4977-9ee7-6aaf3012bed5#0:FAIL-t394, 327657b1-60f8-49f2-b2a3-f63e1f934942<-ddd4789c-894d-475a-bbfb-f6e7aa670c92#0:FAIL-t394] and 0 exception(s); 327657b1-60f8-49f2-b2a3-f63e1f934942@group-58A987F56150:t394, leader=null, voted=327657b1-60f8-49f2-b2a3-f63e1f934942, raftlog=327657b1-60f8-49f2-b2a3-f63e1f934942@group-58A987F56150-SegmentedRaftLog:OPENED:c-1,f-1,i0, conf=-1: [6605b8a5-570b-4977-9ee7-6aaf3012bed5:192.168.164.233:35223, 327657b1-60f8-49f2-b2a3-f63e1f934942:192.168.164.233:41966, ddd4789c-894d-475a-bbfb-f6e7aa670c92:192.168.164.233:41061], old=null
2019-10-18 14:58:47,601 [327657b1-60f8-49f2-b2a3-f63e1f934942@group-58A987F56150-LeaderElection342] INFO  impl.RaftServerImpl (RaftServerImpl.java:setRole(184)) - 327657b1-60f8-49f2-b2a3-f63e1f934942@group-58A987F56150: changes role from CANDIDATE to FOLLOWER at term 394 for DISCOVERED_A_NEW_TERM
2019-10-18 14:58:47,601 [327657b1-60f8-49f2-b2a3-f63e1f934942@group-58A987F56150-LeaderElection342] INFO  impl.RoleInfo (RoleInfo.java:shutdownLeaderElection(134)) - 327657b1-60f8-49f2-b2a3-f63e1f934942: shutdown LeaderElection
2019-10-18 14:58:47,601 [327657b1-60f8-49f2-b2a3-f63e1f934942@group-58A987F56150-LeaderElection342] INFO  impl.RoleInfo (RoleInfo.java:updateAndGet(143)) - 327657b1-60f8-49f2-b2a3-f63e1f934942: start FollowerState
2019-10-18 14:58:47,791 [Thread-2591] INFO  impl.FollowerState (FollowerState.java:run(108)) - 327657b1-60f8-49f2-b2a3-f63e1f934942@group-58A987F56150-FollowerState: change to CANDIDATE, lastRpcTime:190ms, electionTimeout:190ms
2019-10-18 14:58:47,791 [Thread-2591] INFO  impl.RoleInfo (RoleInfo.java:shutdownFollowerState(121)) - 327657b1-60f8-49f2-b2a3-f63e1f934942: shutdown FollowerState
2019-10-18 14:58:47,792 [Thread-2591] INFO  impl.RaftServerImpl (RaftServerImpl.java:setRole(184)) - 327657b1-60f8-49f2-b2a3-f63e1f934942@group-58A987F56150: changes role from  FOLLOWER to CANDIDATE at term 394 for changeToCandidate
2019-10-18 14:58:47,792 [Thread-2591] INFO  impl.RoleInfo (RoleInfo.java:updateAndGet(143)) - 327657b1-60f8-49f2-b2a3-f63e1f934942: start LeaderElection
2019-10-18 14:58:47,816 [327657b1-60f8-49f2-b2a3-f63e1f934942@group-58A987F56150-LeaderElection343] INFO  impl.LeaderElection (LeaderElection.java:askForVotes(178)) - 327657b1-60f8-49f2-b2a3-f63e1f934942@group-58A987F56150-LeaderElection343: begin an election at term 395 for -1: [6605b8a5-570b-4977-9ee7-6aaf3012bed5:192.168.164.233:35223, 327657b1-60f8-49f2-b2a3-f63e1f934942:192.168.164.233:41966, ddd4789c-894d-475a-bbfb-f6e7aa670c92:192.168.164.233:41061], old=null
2019-10-18 14:58:47,819 [grpc-default-executor-3] INFO  impl.RaftServerImpl (RaftServerImpl.java:setRole(184)) - 6605b8a5-570b-4977-9ee7-6aaf3012bed5@group-58A987F56150: changes role from  FOLLOWER to FOLLOWER at term 395 for recognizeCandidate:327657b1-60f8-49f2-b2a3-f63e1f934942
2019-10-18 14:58:47,819 [grpc-default-executor-3] INFO  impl.RoleInfo (RoleInfo.java:shutdownFollowerState(121)) - 6605b8a5-570b-4977-9ee7-6aaf3012bed5: shutdown FollowerState
2019-10-18 14:58:47,819 [grpc-default-executor-2] INFO  impl.RaftServerImpl (RaftServerImpl.java:setRole(184)) - ddd4789c-894d-475a-bbfb-f6e7aa670c92@group-58A987F56150: changes role from  FOLLOWER to FOLLOWER at term 395 for recognizeCandidate:327657b1-60f8-49f2-b2a3-f63e1f934942
2019-10-18 14:58:47,819 [grpc-default-executor-2] INFO  impl.RoleInfo (RoleInfo.java:shutdownFollowerState(121)) - ddd4789c-894d-475a-bbfb-f6e7aa670c92: shutdown FollowerState
2019-10-18 14:58:47,819 [Thread-2589] INFO  impl.FollowerState (FollowerState.java:run(117)) - 6605b8a5-570b-4977-9ee7-6aaf3012bed5@group-58A987F56150-FollowerState was interrupted: java.lang.InterruptedException: sleep interrupted
2019-10-18 14:58:47,819 [Thread-2590] INFO  impl.FollowerState (FollowerState.java:run(117)) - ddd4789c-894d-475a-bbfb-f6e7aa670c92@group-58A987F56150-FollowerState was interrupted: java.lang.InterruptedException: sleep interrupted
2019-10-18 14:58:47,819 [grpc-default-executor-3] INFO  impl.RoleInfo (RoleInfo.java:updateAndGet(143)) - 6605b8a5-570b-4977-9ee7-6aaf3012bed5: start FollowerState
2019-10-18 14:58:47,819 [grpc-default-executor-2] INFO  impl.RoleInfo (RoleInfo.java:updateAndGet(143)) - ddd4789c-894d-475a-bbfb-f6e7aa670c92: start FollowerState
2019-10-18 14:58:47,834 [327657b1-60f8-49f2-b2a3-f63e1f934942@group-58A987F56150-LeaderElection343] INFO  impl.LeaderElection (LeaderElection.java:logAndReturn(56)) - 327657b1-60f8-49f2-b2a3-f63e1f934942@group-58A987F56150-LeaderElection343: Election REJECTED; received 2 response(s) [327657b1-60f8-49f2-b2a3-f63e1f934942<-6605b8a5-570b-4977-9ee7-6aaf3012bed5#0:FAIL-t395, 327657b1-60f8-49f2-b2a3-f63e1f934942<-ddd4789c-894d-475a-bbfb-f6e7aa670c92#0:FAIL-t395] and 0 exception(s); 327657b1-60f8-49f2-b2a3-f63e1f934942@group-58A987F56150:t395, leader=null, voted=327657b1-60f8-49f2-b2a3-f63e1f934942, raftlog=327657b1-60f8-49f2-b2a3-f63e1f934942@group-58A987F56150-SegmentedRaftLog:OPENED:c-1,f-1,i0, conf=-1: [6605b8a5-570b-4977-9ee7-6aaf3012bed5:192.168.164.233:35223, 327657b1-60f8-49f2-b2a3-f63e1f934942:192.168.164.233:41966, ddd4789c-894d-475a-bbfb-f6e7aa670c92:192.168.164.233:41061], old=null
2019-10-18 14:58:47,835 [327657b1-60f8-49f2-b2a3-f63e1f934942@group-58A987F56150-LeaderElection343] INFO  impl.RaftServerImpl (RaftServerImpl.java:setRole(184)) - 327657b1-60f8-49f2-b2a3-f63e1f934942@group-58A987F56150: changes role from CANDIDATE to FOLLOWER at term 395 for DISCOVERED_A_NEW_TERM
2019-10-18 14:58:47,835 [327657b1-60f8-49f2-b2a3-f63e1f934942@group-58A987F56150-LeaderElection343] INFO  impl.RoleInfo (RoleInfo.java:shutdownLeaderElection(134)) - 327657b1-60f8-49f2-b2a3-f63e1f934942: shutdown LeaderElection
2019-10-18 14:58:47,835 [327657b1-60f8-49f2-b2a3-f63e1f934942@group-58A987F56150-LeaderElection343] INFO  impl.RoleInfo (RoleInfo.java:updateAndGet(143)) - 327657b1-60f8-49f2-b2a3-f63e1f934942: start FollowerState
2019-10-18 14:58:47,985 [Thread-2597] INFO  impl.FollowerState (FollowerState.java:run(108)) - 327657b1-60f8-49f2-b2a3-f63e1f934942@group-58A987F56150-FollowerState: change to CANDIDATE, lastRpcTime:150ms, electionTimeout:150ms
2019-10-18 14:58:47,985 [Thread-2597] INFO  impl.RoleInfo (RoleInfo.java:shutdownFollowerState(121)) - 327657b1-60f8-49f2-b2a3-f63e1f934942: shutdown FollowerState
2019-10-18 14:58:47,986 [Thread-2597] INFO  impl.RaftServerImpl (RaftServerImpl.java:setRole(184)) - 327657b1-60f8-49f2-b2a3-f63e1f934942@group-58A987F56150: changes role from  FOLLOWER to CANDIDATE at term 395 for changeToCandidate
2019-10-18 14:58:47,986 [Thread-2597] INFO  impl.RoleInfo (RoleInfo.java:updateAndGet(143)) - 327657b1-60f8-49f2-b2a3-f63e1f934942: start LeaderElection
2019-10-18 14:58:48,001 [327657b1-60f8-49f2-b2a3-f63e1f934942@group-58A987F56150-LeaderElection344] INFO  impl.LeaderElection (LeaderElection.java:askForVotes(178)) - 327657b1-60f8-49f2-b2a3-f63e1f934942@group-58A987F56150-LeaderElection344: begin an election at term 396 for -1: [6605b8a5-570b-4977-9ee7-6aaf3012bed5:192.168.164.233:35223, 327657b1-60f8-49f2-b2a3-f63e1f934942:192.168.164.233:41966, ddd4789c-894d-475a-bbfb-f6e7aa670c92:192.168.164.233:41061], old=null
2019-10-18 14:58:48,004 [grpc-default-executor-3] INFO  impl.RaftServerImpl (RaftServerImpl.java:setRole(184)) - 6605b8a5-570b-4977-9ee7-6aaf3012bed5@group-58A987F56150: changes role from  FOLLOWER to FOLLOWER at term 396 for recognizeCandidate:327657b1-60f8-49f2-b2a3-f63e1f934942
2019-10-18 14:58:48,004 [grpc-default-executor-2] INFO  impl.RaftServerImpl (RaftServerImpl.java:setRole(184)) - ddd4789c-894d-475a-bbfb-f6e7aa670c92@group-58A987F56150: changes role from  FOLLOWER to FOLLOWER at term 396 for recognizeCandidate:327657b1-60f8-49f2-b2a3-f63e1f934942
2019-10-18 14:58:48,005 [grpc-default-executor-2] INFO  impl.RoleInfo (RoleInfo.java:shutdownFollowerState(121)) - ddd4789c-894d-475a-bbfb-f6e7aa670c92: shutdown FollowerState
2019-10-18 14:58:48,004 [grpc-default-executor-3] INFO  impl.RoleInfo (RoleInfo.java:shutdownFollowerState(121)) - 6605b8a5-570b-4977-9ee7-6aaf3012bed5: shutdown FollowerState
2019-10-18 14:58:48,005 [grpc-default-executor-3] INFO  impl.RoleInfo (RoleInfo.java:updateAndGet(143)) - 6605b8a5-570b-4977-9ee7-6aaf3012bed5: start FollowerState
2019-10-18 14:58:48,005 [Thread-2596] INFO  impl.FollowerState (FollowerState.java:run(117)) - ddd4789c-894d-475a-bbfb-f6e7aa670c92@group-58A987F56150-FollowerState was interrupted: java.lang.InterruptedException: sleep interrupted
2019-10-18 14:58:48,005 [grpc-default-executor-2] INFO  impl.RoleInfo (RoleInfo.java:updateAndGet(143)) - ddd4789c-894d-475a-bbfb-f6e7aa670c92: start FollowerState
2019-10-18 14:58:48,005 [Thread-2595] INFO  impl.FollowerState (FollowerState.java:run(117)) - 6605b8a5-570b-4977-9ee7-6aaf3012bed5@group-58A987F56150-FollowerState was interrupted: java.lang.InterruptedException: sleep interrupted
2019-10-18 14:58:48,022 [327657b1-60f8-49f2-b2a3-f63e1f934942@group-58A987F56150-LeaderElection344] INFO  impl.LeaderElection (LeaderElection.java:logAndReturn(56)) - 327657b1-60f8-49f2-b2a3-f63e1f934942@group-58A987F56150-LeaderElection344: Election REJECTED; received 2 response(s) [327657b1-60f8-49f2-b2a3-f63e1f934942<-6605b8a5-570b-4977-9ee7-6aaf3012bed5#0:FAIL-t396, 327657b1-60f8-49f2-b2a3-f63e1f934942<-ddd4789c-894d-475a-bbfb-f6e7aa670c92#0:FAIL-t396] and 0 exception(s); 327657b1-60f8-49f2-b2a3-f63e1f934942@group-58A987F56150:t396, leader=null, voted=327657b1-60f8-49f2-b2a3-f63e1f934942, raftlog=327657b1-60f8-49f2-b2a3-f63e1f934942@group-58A987F56150-SegmentedRaftLog:OPENED:c-1,f-1,i0, conf=-1: [6605b8a5-570b-4977-9ee7-6aaf3012bed5:192.168.164.233:35223, 327657b1-60f8-49f2-b2a3-f63e1f934942:192.168.164.233:41966, ddd4789c-894d-475a-bbfb-f6e7aa670c92:192.168.164.233:41061], old=null
2019-10-18 14:58:48,022 [327657b1-60f8-49f2-b2a3-f63e1f934942@group-58A987F56150-LeaderElection344] INFO  impl.RaftServerImpl (RaftServerImpl.java:setRole(184)) - 327657b1-60f8-49f2-b2a3-f63e1f934942@group-58A987F56150: changes role from CANDIDATE to FOLLOWER at term 396 for DISCOVERED_A_NEW_TERM
2019-10-18 14:58:48,022 [327657b1-60f8-49f2-b2a3-f63e1f934942@group-58A987F56150-LeaderElection344] INFO  impl.RoleInfo (RoleInfo.java:shutdownLeaderElection(134)) - 327657b1-60f8-49f2-b2a3-f63e1f934942: shutdown LeaderElection
2019-10-18 14:58:48,022 [327657b1-60f8-49f2-b2a3-f63e1f934942@group-58A987F56150-LeaderElection344] INFO  impl.RoleInfo (RoleInfo.java:updateAndGet(143)) - 327657b1-60f8-49f2-b2a3-f63e1f934942: start FollowerState
2019-10-18 14:58:48,223 [Thread-2603] INFO  impl.FollowerState (FollowerState.java:run(108)) - 327657b1-60f8-49f2-b2a3-f63e1f934942@group-58A987F56150-FollowerState: change to CANDIDATE, lastRpcTime:200ms, electionTimeout:200ms
2019-10-18 14:58:48,223 [Thread-2603] INFO  impl.RoleInfo (RoleInfo.java:shutdownFollowerState(121)) - 327657b1-60f8-49f2-b2a3-f63e1f934942: shutdown FollowerState
2019-10-18 14:58:48,223 [Thread-2603] INFO  impl.RaftServerImpl (RaftServerImpl.java:setRole(184)) - 327657b1-60f8-49f2-b2a3-f63e1f934942@group-58A987F56150: changes role from  FOLLOWER to CANDIDATE at term 396 for changeToCandidate
2019-10-18 14:58:48,223 [Thread-2603] INFO  impl.RoleInfo (RoleInfo.java:updateAndGet(143)) - 327657b1-60f8-49f2-b2a3-f63e1f934942: start LeaderElection
2019-10-18 14:58:48,239 [327657b1-60f8-49f2-b2a3-f63e1f934942@group-58A987F56150-LeaderElection345] INFO  impl.LeaderElection (LeaderElection.java:askForVotes(178)) - 327657b1-60f8-49f2-b2a3-f63e1f934942@group-58A987F56150-LeaderElection345: begin an election at term 397 for -1: [6605b8a5-570b-4977-9ee7-6aaf3012bed5:192.168.164.233:35223, 327657b1-60f8-49f2-b2a3-f63e1f934942:192.168.164.233:41966, ddd4789c-894d-475a-bbfb-f6e7aa670c92:192.168.164.233:41061], old=null
2019-10-18 14:58:48,241 [grpc-default-executor-2] INFO  impl.RaftServerImpl (RaftServerImpl.java:setRole(184)) - 6605b8a5-570b-4977-9ee7-6aaf3012bed5@group-58A987F56150: changes role from  FOLLOWER to FOLLOWER at term 397 for recognizeCandidate:327657b1-60f8-49f2-b2a3-f63e1f934942
2019-10-18 14:58:48,241 [grpc-default-executor-3] INFO  impl.RaftServerImpl (RaftServerImpl.java:setRole(184)) - ddd4789c-894d-475a-bbfb-f6e7aa670c92@group-58A987F56150: changes role from  FOLLOWER to FOLLOWER at term 397 for recognizeCandidate:327657b1-60f8-49f2-b2a3-f63e1f934942
2019-10-18 14:58:48,241 [grpc-default-executor-3] INFO  impl.RoleInfo (RoleInfo.java:shutdownFollowerState(121)) - ddd4789c-894d-475a-bbfb-f6e7aa670c92: shutdown FollowerState
2019-10-18 14:58:48,241 [grpc-default-executor-2] INFO  impl.RoleInfo (RoleInfo.java:shutdownFollowerState(121)) - 6605b8a5-570b-4977-9ee7-6aaf3012bed5: shutdown FollowerState
2019-10-18 14:58:48,241 [Thread-2601] INFO  impl.FollowerState (FollowerState.java:run(117)) - ddd4789c-894d-475a-bbfb-f6e7aa670c92@group-58A987F56150-FollowerState was interrupted: java.lang.InterruptedException: sleep interrupted
2019-10-18 14:58:48,242 [Thread-2602] INFO  impl.FollowerState (FollowerState.java:run(117)) - 6605b8a5-570b-4977-9ee7-6aaf3012bed5@group-58A987F56150-FollowerState was interrupted: java.lang.InterruptedException: sleep interrupted
2019-10-18 14:58:48,242 [grpc-default-executor-3] INFO  impl.RoleInfo (RoleInfo.java:updateAndGet(143)) - ddd4789c-894d-475a-bbfb-f6e7aa670c92: start FollowerState
2019-10-18 14:58:48,242 [grpc-default-executor-2] INFO  impl.RoleInfo (RoleInfo.java:updateAndGet(143)) - 6605b8a5-570b-4977-9ee7-6aaf3012bed5: start FollowerState
2019-10-18 14:58:48,254 [327657b1-60f8-49f2-b2a3-f63e1f934942@group-58A987F56150-LeaderElection345] INFO  impl.LeaderElection (LeaderElection.java:logAndReturn(56)) - 327657b1-60f8-49f2-b2a3-f63e1f934942@group-58A987F56150-LeaderElection345: Election REJECTED; received 2 response(s) [327657b1-60f8-49f2-b2a3-f63e1f934942<-6605b8a5-570b-4977-9ee7-6aaf3012bed5#0:FAIL-t397, 327657b1-60f8-49f2-b2a3-f63e1f934942<-ddd4789c-894d-475a-bbfb-f6e7aa670c92#0:FAIL-t397] and 0 exception(s); 327657b1-60f8-49f2-b2a3-f63e1f934942@group-58A987F56150:t397, leader=null, voted=327657b1-60f8-49f2-b2a3-f63e1f934942, raftlog=327657b1-60f8-49f2-b2a3-f63e1f934942@group-58A987F56150-SegmentedRaftLog:OPENED:c-1,f-1,i0, conf=-1: [6605b8a5-570b-4977-9ee7-6aaf3012bed5:192.168.164.233:35223, 327657b1-60f8-49f2-b2a3-f63e1f934942:192.168.164.233:41966, ddd4789c-894d-475a-bbfb-f6e7aa670c92:192.168.164.233:41061], old=null
2019-10-18 14:58:48,254 [327657b1-60f8-49f2-b2a3-f63e1f934942@group-58A987F56150-LeaderElection345] INFO  impl.RaftServerImpl (RaftServerImpl.java:setRole(184)) - 327657b1-60f8-49f2-b2a3-f63e1f934942@group-58A987F56150: changes role from CANDIDATE to FOLLOWER at term 397 for DISCOVERED_A_NEW_TERM
2019-10-18 14:58:48,254 [327657b1-60f8-49f2-b2a3-f63e1f934942@group-58A987F56150-LeaderElection345] INFO  impl.RoleInfo (RoleInfo.java:shutdownLeaderElection(134)) - 327657b1-60f8-49f2-b2a3-f63e1f934942: shutdown LeaderElection
2019-10-18 14:58:48,254 [327657b1-60f8-49f2-b2a3-f63e1f934942@group-58A987F56150-LeaderElection345] INFO  impl.RoleInfo (RoleInfo.java:updateAndGet(143)) - 327657b1-60f8-49f2-b2a3-f63e1f934942: start FollowerState
2019-10-18 14:58:48,418 [Thread-2611] INFO  impl.FollowerState (FollowerState.java:run(108)) - 327657b1-60f8-49f2-b2a3-f63e1f934942@group-58A987F56150-FollowerState: change to CANDIDATE, lastRpcTime:163ms, electionTimeout:163ms
2019-10-18 14:58:48,418 [Thread-2611] INFO  impl.RoleInfo (RoleInfo.java:shutdownFollowerState(121)) - 327657b1-60f8-49f2-b2a3-f63e1f934942: shutdown FollowerState
2019-10-18 14:58:48,418 [Thread-2611] INFO  impl.RaftServerImpl (RaftServerImpl.java:setRole(184)) - 327657b1-60f8-49f2-b2a3-f63e1f934942@group-58A987F56150: changes role from  FOLLOWER to CANDIDATE at term 397 for changeToCandidate
2019-10-18 14:58:48,418 [Thread-2611] INFO  impl.RoleInfo (RoleInfo.java:updateAndGet(143)) - 327657b1-60f8-49f2-b2a3-f63e1f934942: start LeaderElection
2019-10-18 14:58:48,440 [327657b1-60f8-49f2-b2a3-f63e1f934942@group-58A987F56150-LeaderElection346] INFO  impl.LeaderElection (LeaderElection.java:askForVotes(178)) - 327657b1-60f8-49f2-b2a3-f63e1f934942@group-58A987F56150-LeaderElection346: begin an election at term 398 for -1: [6605b8a5-570b-4977-9ee7-6aaf3012bed5:192.168.164.233:35223, 327657b1-60f8-49f2-b2a3-f63e1f934942:192.168.164.233:41966, ddd4789c-894d-475a-bbfb-f6e7aa670c92:192.168.164.233:41061], old=null
2019-10-18 14:58:48,442 [grpc-default-executor-2] INFO  impl.RaftServerImpl (RaftServerImpl.java:setRole(184)) - 6605b8a5-570b-4977-9ee7-6aaf3012bed5@group-58A987F56150: changes role from  FOLLOWER to FOLLOWER at term 398 for recognizeCandidate:327657b1-60f8-49f2-b2a3-f63e1f934942
2019-10-18 14:58:48,442 [grpc-default-executor-2] INFO  impl.RoleInfo (RoleInfo.java:shutdownFollowerState(121)) - 6605b8a5-570b-4977-9ee7-6aaf3012bed5: shutdown FollowerState
2019-10-18 14:58:48,442 [grpc-default-executor-3] INFO  impl.RaftServerImpl (RaftServerImpl.java:setRole(184)) - ddd4789c-894d-475a-bbfb-f6e7aa670c92@group-58A987F56150: changes role from  FOLLOWER to FOLLOWER at term 398 for recognizeCandidate:327657b1-60f8-49f2-b2a3-f63e1f934942
2019-10-18 14:58:48,442 [Thread-2610] INFO  impl.FollowerState (FollowerState.java:run(117)) - 6605b8a5-570b-4977-9ee7-6aaf3012bed5@group-58A987F56150-FollowerState was interrupted: java.lang.InterruptedException: sleep interrupted
2019-10-18 14:58:48,442 [grpc-default-executor-2] INFO  impl.RoleInfo (RoleInfo.java:updateAndGet(143)) - 6605b8a5-570b-4977-9ee7-6aaf3012bed5: start FollowerState
2019-10-18 14:58:48,443 [grpc-default-executor-3] INFO  impl.RoleInfo (RoleInfo.java:shutdownFollowerState(121)) - ddd4789c-894d-475a-bbfb-f6e7aa670c92: shutdown FollowerState
2019-10-18 14:58:48,443 [grpc-default-executor-3] INFO  impl.RoleInfo (RoleInfo.java:updateAndGet(143)) - ddd4789c-894d-475a-bbfb-f6e7aa670c92: start FollowerState
2019-10-18 14:58:48,443 [Thread-2609] INFO  impl.FollowerState (FollowerState.java:run(117)) - ddd4789c-894d-475a-bbfb-f6e7aa670c92@group-58A987F56150-FollowerState was interrupted: java.lang.InterruptedException: sleep interrupted
2019-10-18 14:58:48,463 [327657b1-60f8-49f2-b2a3-f63e1f934942@group-58A987F56150-LeaderElection346] INFO  impl.LeaderElection (LeaderElection.java:logAndReturn(56)) - 327657b1-60f8-49f2-b2a3-f63e1f934942@group-58A987F56150-LeaderElection346: Election TIMEOUT; received 0 response(s) [] and 0 exception(s); 327657b1-60f8-49f2-b2a3-f63e1f934942@group-58A987F56150:t398, leader=null, voted=327657b1-60f8-49f2-b2a3-f63e1f934942, raftlog=327657b1-60f8-49f2-b2a3-f63e1f934942@group-58A987F56150-SegmentedRaftLog:OPENED:c-1,f-1,i0, conf=-1: [6605b8a5-570b-4977-9ee7-6aaf3012bed5:192.168.164.233:35223, 327657b1-60f8-49f2-b2a3-f63e1f934942:192.168.164.233:41966, ddd4789c-894d-475a-bbfb-f6e7aa670c92:192.168.164.233:41061], old=null
2019-10-18 14:58:48,470 [327657b1-60f8-49f2-b2a3-f63e1f934942@group-58A987F56150-LeaderElection346] INFO  impl.LeaderElection (LeaderElection.java:askForVotes(178)) - 327657b1-60f8-49f2-b2a3-f63e1f934942@group-58A987F56150-LeaderElection346: begin an election at term 399 for -1: [6605b8a5-570b-4977-9ee7-6aaf3012bed5:192.168.164.233:35223, 327657b1-60f8-49f2-b2a3-f63e1f934942:192.168.164.233:41966, ddd4789c-894d-475a-bbfb-f6e7aa670c92:192.168.164.233:41061], old=null
2019-10-18 14:58:48,471 [grpc-default-executor-3] INFO  impl.RaftServerImpl (RaftServerImpl.java:setRole(184)) - ddd4789c-894d-475a-bbfb-f6e7aa670c92@group-58A987F56150: changes role from  FOLLOWER to FOLLOWER at term 399 for recognizeCandidate:327657b1-60f8-49f2-b2a3-f63e1f934942
2019-10-18 14:58:48,471 [grpc-default-executor-3] INFO  impl.RoleInfo (RoleInfo.java:shutdownFollowerState(121)) - ddd4789c-894d-475a-bbfb-f6e7aa670c92: shutdown FollowerState
2019-10-18 14:58:48,471 [grpc-default-executor-2] INFO  impl.RaftServerImpl (RaftServerImpl.java:setRole(184)) - 6605b8a5-570b-4977-9ee7-6aaf3012bed5@group-58A987F56150: changes role from  FOLLOWER to FOLLOWER at term 399 for recognizeCandidate:327657b1-60f8-49f2-b2a3-f63e1f934942
2019-10-18 14:58:48,471 [grpc-default-executor-2] INFO  impl.RoleInfo (RoleInfo.java:shutdownFollowerState(121)) - 6605b8a5-570b-4977-9ee7-6aaf3012bed5: shutdown FollowerState
2019-10-18 14:58:48,472 [grpc-default-executor-2] INFO  impl.RoleInfo (RoleInfo.java:updateAndGet(143)) - 6605b8a5-570b-4977-9ee7-6aaf3012bed5: start FollowerState
2019-10-18 14:58:48,471 [Thread-2616] INFO  impl.FollowerState (FollowerState.java:run(117)) - ddd4789c-894d-475a-bbfb-f6e7aa670c92@group-58A987F56150-FollowerState was interrupted: java.lang.InterruptedException: sleep interrupted
2019-10-18 14:58:48,471 [grpc-default-executor-3] INFO  impl.RoleInfo (RoleInfo.java:updateAndGet(143)) - ddd4789c-894d-475a-bbfb-f6e7aa670c92: start FollowerState
2019-10-18 14:58:48,472 [Thread-2615] INFO  impl.FollowerState (FollowerState.java:run(117)) - 6605b8a5-570b-4977-9ee7-6aaf3012bed5@group-58A987F56150-FollowerState was interrupted: java.lang.InterruptedException: sleep interrupted
2019-10-18 14:58:48,497 [327657b1-60f8-49f2-b2a3-f63e1f934942@group-58A987F56150-LeaderElection346] INFO  impl.LeaderElection (LeaderElection.java:logAndReturn(56)) - 327657b1-60f8-49f2-b2a3-f63e1f934942@group-58A987F56150-LeaderElection346: Election REJECTED; received 2 response(s) [327657b1-60f8-49f2-b2a3-f63e1f934942<-6605b8a5-570b-4977-9ee7-6aaf3012bed5#0:FAIL-t399, 327657b1-60f8-49f2-b2a3-f63e1f934942<-ddd4789c-894d-475a-bbfb-f6e7aa670c92#0:FAIL-t399] and 0 exception(s); 327657b1-60f8-49f2-b2a3-f63e1f934942@group-58A987F56150:t399, leader=null, voted=327657b1-60f8-49f2-b2a3-f63e1f934942, raftlog=327657b1-60f8-49f2-b2a3-f63e1f934942@group-58A987F56150-SegmentedRaftLog:OPENED:c-1,f-1,i0, conf=-1: [6605b8a5-570b-4977-9ee7-6aaf3012bed5:192.168.164.233:35223, 327657b1-60f8-49f2-b2a3-f63e1f934942:192.168.164.233:41966, ddd4789c-894d-475a-bbfb-f6e7aa670c92:192.168.164.233:41061], old=null
2019-10-18 14:58:48,497 [327657b1-60f8-49f2-b2a3-f63e1f934942@group-58A987F56150-LeaderElection346] INFO  impl.RaftServerImpl (RaftServerImpl.java:setRole(184)) - 327657b1-60f8-49f2-b2a3-f63e1f934942@group-58A987F56150: changes role from CANDIDATE to FOLLOWER at term 399 for DISCOVERED_A_NEW_TERM
2019-10-18 14:58:48,497 [327657b1-60f8-49f2-b2a3-f63e1f934942@group-58A987F56150-LeaderElection346] INFO  impl.RoleInfo (RoleInfo.java:shutdownLeaderElection(134)) - 327657b1-60f8-49f2-b2a3-f63e1f934942: shutdown LeaderElection
2019-10-18 14:58:48,497 [327657b1-60f8-49f2-b2a3-f63e1f934942@group-58A987F56150-LeaderElection346] INFO  impl.RoleInfo (RoleInfo.java:updateAndGet(143)) - 327657b1-60f8-49f2-b2a3-f63e1f934942: start FollowerState
2019-10-18 14:58:48,507 [Thread-2621] INFO  impl.FollowerState (FollowerState.java:run(108)) - 327657b1-60f8-49f2-b2a3-f63e1f934942@group-58A987F56150-FollowerState: change to CANDIDATE, lastRpcTime:9ms, electionTimeout:9ms
2019-10-18 14:58:48,507 [Thread-2621] INFO  impl.RoleInfo (RoleInfo.java:shutdownFollowerState(121)) - 327657b1-60f8-49f2-b2a3-f63e1f934942: shutdown FollowerState
2019-10-18 14:58:48,507 [Thread-2621] INFO  impl.RaftServerImpl (RaftServerImpl.java:setRole(184)) - 327657b1-60f8-49f2-b2a3-f63e1f934942@group-58A987F56150: changes role from  FOLLOWER to CANDIDATE at term 399 for changeToCandidate
2019-10-18 14:58:48,507 [Thread-2621] INFO  impl.RoleInfo (RoleInfo.java:updateAndGet(143)) - 327657b1-60f8-49f2-b2a3-f63e1f934942: start LeaderElection
2019-10-18 14:58:48,536 [327657b1-60f8-49f2-b2a3-f63e1f934942@group-58A987F56150-LeaderElection347] INFO  impl.LeaderElection (LeaderElection.java:askForVotes(178)) - 327657b1-60f8-49f2-b2a3-f63e1f934942@group-58A987F56150-LeaderElection347: begin an election at term 400 for -1: [6605b8a5-570b-4977-9ee7-6aaf3012bed5:192.168.164.233:35223, 327657b1-60f8-49f2-b2a3-f63e1f934942:192.168.164.233:41966, ddd4789c-894d-475a-bbfb-f6e7aa670c92:192.168.164.233:41061], old=null
2019-10-18 14:58:48,537 [grpc-default-executor-2] INFO  impl.RaftServerImpl (RaftServerImpl.java:setRole(184)) - 6605b8a5-570b-4977-9ee7-6aaf3012bed5@group-58A987F56150: changes role from  FOLLOWER to FOLLOWER at term 400 for recognizeCandidate:327657b1-60f8-49f2-b2a3-f63e1f934942
2019-10-18 14:58:48,537 [grpc-default-executor-3] INFO  impl.RaftServerImpl (RaftServerImpl.java:setRole(184)) - ddd4789c-894d-475a-bbfb-f6e7aa670c92@group-58A987F56150: changes role from  FOLLOWER to FOLLOWER at term 400 for recognizeCandidate:327657b1-60f8-49f2-b2a3-f63e1f934942
2019-10-18 14:58:48,537 [grpc-default-executor-2] INFO  impl.RoleInfo (RoleInfo.java:shutdownFollowerState(121)) - 6605b8a5-570b-4977-9ee7-6aaf3012bed5: shutdown FollowerState
2019-10-18 14:58:48,537 [grpc-default-executor-3] INFO  impl.RoleInfo (RoleInfo.java:shutdownFollowerState(121)) - ddd4789c-894d-475a-bbfb-f6e7aa670c92: shutdown FollowerState
2019-10-18 14:58:48,537 [grpc-default-executor-2] INFO  impl.RoleInfo (RoleInfo.java:updateAndGet(143)) - 6605b8a5-570b-4977-9ee7-6aaf3012bed5: start FollowerState
2019-10-18 14:58:48,537 [Thread-2620] INFO  impl.FollowerState (FollowerState.java:run(117)) - 6605b8a5-570b-4977-9ee7-6aaf3012bed5@group-58A987F56150-FollowerState was interrupted: java.lang.InterruptedException: sleep interrupted
2019-10-18 14:58:48,538 [Thread-2619] INFO  impl.FollowerState (FollowerState.java:run(117)) - ddd4789c-894d-475a-bbfb-f6e7aa670c92@group-58A987F56150-FollowerState was interrupted: java.lang.InterruptedException: sleep interrupted
2019-10-18 14:58:48,538 [grpc-default-executor-3] INFO  impl.RoleInfo (RoleInfo.java:updateAndGet(143)) - ddd4789c-894d-475a-bbfb-f6e7aa670c92: start FollowerState
2019-10-18 14:58:48,564 [327657b1-60f8-49f2-b2a3-f63e1f934942@group-58A987F56150-LeaderElection347] INFO  impl.LeaderElection (LeaderElection.java:logAndReturn(56)) - 327657b1-60f8-49f2-b2a3-f63e1f934942@group-58A987F56150-LeaderElection347: Election REJECTED; received 2 response(s) [327657b1-60f8-49f2-b2a3-f63e1f934942<-6605b8a5-570b-4977-9ee7-6aaf3012bed5#0:FAIL-t400, 327657b1-60f8-49f2-b2a3-f63e1f934942<-ddd4789c-894d-475a-bbfb-f6e7aa670c92#0:FAIL-t400] and 0 exception(s); 327657b1-60f8-49f2-b2a3-f63e1f934942@group-58A987F56150:t400, leader=null, voted=327657b1-60f8-49f2-b2a3-f63e1f934942, raftlog=327657b1-60f8-49f2-b2a3-f63e1f934942@group-58A987F56150-SegmentedRaftLog:OPENED:c-1,f-1,i0, conf=-1: [6605b8a5-570b-4977-9ee7-6aaf3012bed5:192.168.164.233:35223, 327657b1-60f8-49f2-b2a3-f63e1f934942:192.168.164.233:41966, ddd4789c-894d-475a-bbfb-f6e7aa670c92:192.168.164.233:41061], old=null
2019-10-18 14:58:48,564 [327657b1-60f8-49f2-b2a3-f63e1f934942@group-58A987F56150-LeaderElection347] INFO  impl.RaftServerImpl (RaftServerImpl.java:setRole(184)) - 327657b1-60f8-49f2-b2a3-f63e1f934942@group-58A987F56150: changes role from CANDIDATE to FOLLOWER at term 400 for DISCOVERED_A_NEW_TERM
2019-10-18 14:58:48,564 [327657b1-60f8-49f2-b2a3-f63e1f934942@group-58A987F56150-LeaderElection347] INFO  impl.RoleInfo (RoleInfo.java:shutdownLeaderElection(134)) - 327657b1-60f8-49f2-b2a3-f63e1f934942: shutdown LeaderElection
2019-10-18 14:58:48,565 [327657b1-60f8-49f2-b2a3-f63e1f934942@group-58A987F56150-LeaderElection347] INFO  impl.RoleInfo (RoleInfo.java:updateAndGet(143)) - 327657b1-60f8-49f2-b2a3-f63e1f934942: start FollowerState
2019-10-18 14:58:48,643 [Thread-2627] INFO  impl.FollowerState (FollowerState.java:run(108)) - 327657b1-60f8-49f2-b2a3-f63e1f934942@group-58A987F56150-FollowerState: change to CANDIDATE, lastRpcTime:78ms, electionTimeout:78ms
2019-10-18 14:58:48,643 [Thread-2627] INFO  impl.RoleInfo (RoleInfo.java:shutdownFollowerState(121)) - 327657b1-60f8-49f2-b2a3-f63e1f934942: shutdown FollowerState
2019-10-18 14:58:48,643 [Thread-2627] INFO  impl.RaftServerImpl (RaftServerImpl.java:setRole(184)) - 327657b1-60f8-49f2-b2a3-f63e1f934942@group-58A987F56150: changes role from  FOLLOWER to CANDIDATE at term 400 for changeToCandidate
2019-10-18 14:58:48,643 [Thread-2627] INFO  impl.RoleInfo (RoleInfo.java:updateAndGet(143)) - 327657b1-60f8-49f2-b2a3-f63e1f934942: start LeaderElection
2019-10-18 14:58:48,658 [327657b1-60f8-49f2-b2a3-f63e1f934942@group-58A987F56150-LeaderElection348] INFO  impl.LeaderElection (LeaderElection.java:askForVotes(178)) - 327657b1-60f8-49f2-b2a3-f63e1f934942@group-58A987F56150-LeaderElection348: begin an election at term 401 for -1: [6605b8a5-570b-4977-9ee7-6aaf3012bed5:192.168.164.233:35223, 327657b1-60f8-49f2-b2a3-f63e1f934942:192.168.164.233:41966, ddd4789c-894d-475a-bbfb-f6e7aa670c92:192.168.164.233:41061], old=null
2019-10-18 14:58:48,659 [grpc-default-executor-2] INFO  impl.RaftServerImpl (RaftServerImpl.java:setRole(184)) - 6605b8a5-570b-4977-9ee7-6aaf3012bed5@group-58A987F56150: changes role from  FOLLOWER to FOLLOWER at term 401 for recognizeCandidate:327657b1-60f8-49f2-b2a3-f63e1f934942
2019-10-18 14:58:48,659 [grpc-default-executor-2] INFO  impl.RoleInfo (RoleInfo.java:shutdownFollowerState(121)) - 6605b8a5-570b-4977-9ee7-6aaf3012bed5: shutdown FollowerState
2019-10-18 14:58:48,659 [grpc-default-executor-3] INFO  impl.RaftServerImpl (RaftServerImpl.java:setRole(184)) - ddd4789c-894d-475a-bbfb-f6e7aa670c92@group-58A987F56150: changes role from  FOLLOWER to FOLLOWER at term 401 for recognizeCandidate:327657b1-60f8-49f2-b2a3-f63e1f934942
2019-10-18 14:58:48,659 [Thread-2625] INFO  impl.FollowerState (FollowerState.java:run(117)) - 6605b8a5-570b-4977-9ee7-6aaf3012bed5@group-58A987F56150-FollowerState was interrupted: java.lang.InterruptedException: sleep interrupted
2019-10-18 14:58:48,659 [grpc-default-executor-2] INFO  impl.RoleInfo (RoleInfo.java:updateAndGet(143)) - 6605b8a5-570b-4977-9ee7-6aaf3012bed5: start FollowerState
2019-10-18 14:58:48,659 [grpc-default-executor-3] INFO  impl.RoleInfo (RoleInfo.java:shutdownFollowerState(121)) - ddd4789c-894d-475a-bbfb-f6e7aa670c92: shutdown FollowerState
2019-10-18 14:58:48,660 [grpc-default-executor-3] INFO  impl.RoleInfo (RoleInfo.java:updateAndGet(143)) - ddd4789c-894d-475a-bbfb-f6e7aa670c92: start FollowerState
2019-10-18 14:58:48,660 [Thread-2626] INFO  impl.FollowerState (FollowerState.java:run(117)) - ddd4789c-894d-475a-bbfb-f6e7aa670c92@group-58A987F56150-FollowerState was interrupted: java.lang.InterruptedException: sleep interrupted
2019-10-18 14:58:48,685 [327657b1-60f8-49f2-b2a3-f63e1f934942@group-58A987F56150-LeaderElection348] INFO  impl.LeaderElection (LeaderElection.java:logAndReturn(56)) - 327657b1-60f8-49f2-b2a3-f63e1f934942@group-58A987F56150-LeaderElection348: Election REJECTED; received 2 response(s) [327657b1-60f8-49f2-b2a3-f63e1f934942<-6605b8a5-570b-4977-9ee7-6aaf3012bed5#0:FAIL-t401, 327657b1-60f8-49f2-b2a3-f63e1f934942<-ddd4789c-894d-475a-bbfb-f6e7aa670c92#0:FAIL-t401] and 0 exception(s); 327657b1-60f8-49f2-b2a3-f63e1f934942@group-58A987F56150:t401, leader=null, voted=327657b1-60f8-49f2-b2a3-f63e1f934942, raftlog=327657b1-60f8-49f2-b2a3-f63e1f934942@group-58A987F56150-SegmentedRaftLog:OPENED:c-1,f-1,i0, conf=-1: [6605b8a5-570b-4977-9ee7-6aaf3012bed5:192.168.164.233:35223, 327657b1-60f8-49f2-b2a3-f63e1f934942:192.168.164.233:41966, ddd4789c-894d-475a-bbfb-f6e7aa670c92:192.168.164.233:41061], old=null
2019-10-18 14:58:48,685 [327657b1-60f8-49f2-b2a3-f63e1f934942@group-58A987F56150-LeaderElection348] INFO  impl.RaftServerImpl (RaftServerImpl.java:setRole(184)) - 327657b1-60f8-49f2-b2a3-f63e1f934942@group-58A987F56150: changes role from CANDIDATE to FOLLOWER at term 401 for DISCOVERED_A_NEW_TERM
2019-10-18 14:58:48,686 [327657b1-60f8-49f2-b2a3-f63e1f934942@group-58A987F56150-LeaderElection348] INFO  impl.RoleInfo (RoleInfo.java:shutdownLeaderElection(134)) - 327657b1-60f8-49f2-b2a3-f63e1f934942: shutdown LeaderElection
2019-10-18 14:58:48,686 [327657b1-60f8-49f2-b2a3-f63e1f934942@group-58A987F56150-LeaderElection348] INFO  impl.RoleInfo (RoleInfo.java:updateAndGet(143)) - 327657b1-60f8-49f2-b2a3-f63e1f934942: start FollowerState
2019-10-18 14:58:48,806 [Thread-2633] INFO  impl.FollowerState (FollowerState.java:run(108)) - 327657b1-60f8-49f2-b2a3-f63e1f934942@group-58A987F56150-FollowerState: change to CANDIDATE, lastRpcTime:120ms, electionTimeout:120ms
2019-10-18 14:58:48,806 [Thread-2633] INFO  impl.RoleInfo (RoleInfo.java:shutdownFollowerState(121)) - 327657b1-60f8-49f2-b2a3-f63e1f934942: shutdown FollowerState
2019-10-18 14:58:48,806 [Thread-2633] INFO  impl.RaftServerImpl (RaftServerImpl.java:setRole(184)) - 327657b1-60f8-49f2-b2a3-f63e1f934942@group-58A987F56150: changes role from  FOLLOWER to CANDIDATE at term 401 for changeToCandidate
2019-10-18 14:58:48,806 [Thread-2633] INFO  impl.RoleInfo (RoleInfo.java:updateAndGet(143)) - 327657b1-60f8-49f2-b2a3-f63e1f934942: start LeaderElection
2019-10-18 14:58:48,835 [327657b1-60f8-49f2-b2a3-f63e1f934942@group-58A987F56150-LeaderElection349] INFO  impl.LeaderElection (LeaderElection.java:askForVotes(178)) - 327657b1-60f8-49f2-b2a3-f63e1f934942@group-58A987F56150-LeaderElection349: begin an election at term 402 for -1: [6605b8a5-570b-4977-9ee7-6aaf3012bed5:192.168.164.233:35223, 327657b1-60f8-49f2-b2a3-f63e1f934942:192.168.164.233:41966, ddd4789c-894d-475a-bbfb-f6e7aa670c92:192.168.164.233:41061], old=null
2019-10-18 14:58:48,837 [grpc-default-executor-3] INFO  impl.RaftServerImpl (RaftServerImpl.java:setRole(184)) - 6605b8a5-570b-4977-9ee7-6aaf3012bed5@group-58A987F56150: changes role from  FOLLOWER to FOLLOWER at term 402 for recognizeCandidate:327657b1-60f8-49f2-b2a3-f63e1f934942
2019-10-18 14:58:48,837 [grpc-default-executor-2] INFO  impl.RaftServerImpl (RaftServerImpl.java:setRole(184)) - ddd4789c-894d-475a-bbfb-f6e7aa670c92@group-58A987F56150: changes role from  FOLLOWER to FOLLOWER at term 402 for recognizeCandidate:327657b1-60f8-49f2-b2a3-f63e1f934942
2019-10-18 14:58:48,837 [grpc-default-executor-3] INFO  impl.RoleInfo (RoleInfo.java:shutdownFollowerState(121)) - 6605b8a5-570b-4977-9ee7-6aaf3012bed5: shutdown FollowerState
2019-10-18 14:58:48,837 [grpc-default-executor-2] INFO  impl.RoleInfo (RoleInfo.java:shutdownFollowerState(121)) - ddd4789c-894d-475a-bbfb-f6e7aa670c92: shutdown FollowerState
2019-10-18 14:58:48,838 [grpc-default-executor-2] INFO  impl.RoleInfo (RoleInfo.java:updateAndGet(143)) - ddd4789c-894d-475a-bbfb-f6e7aa670c92: start FollowerState
2019-10-18 14:58:48,838 [Thread-2631] INFO  impl.FollowerState (FollowerState.java:run(117)) - 6605b8a5-570b-4977-9ee7-6aaf3012bed5@group-58A987F56150-FollowerState was interrupted: java.lang.InterruptedException: sleep interrupted
2019-10-18 14:58:48,837 [grpc-default-executor-3] INFO  impl.RoleInfo (RoleInfo.java:updateAndGet(143)) - 6605b8a5-570b-4977-9ee7-6aaf3012bed5: start FollowerState
2019-10-18 14:58:48,838 [Thread-2632] INFO  impl.FollowerState (FollowerState.java:run(117)) - ddd4789c-894d-475a-bbfb-f6e7aa670c92@group-58A987F56150-FollowerState was interrupted: java.lang.InterruptedException: sleep interrupted
2019-10-18 14:58:48,845 [327657b1-60f8-49f2-b2a3-f63e1f934942@group-58A987F56150-LeaderElection349] INFO  impl.LeaderElection (LeaderElection.java:logAndReturn(56)) - 327657b1-60f8-49f2-b2a3-f63e1f934942@group-58A987F56150-LeaderElection349: Election TIMEOUT; received 0 response(s) [] and 0 exception(s); 327657b1-60f8-49f2-b2a3-f63e1f934942@group-58A987F56150:t402, leader=null, voted=327657b1-60f8-49f2-b2a3-f63e1f934942, raftlog=327657b1-60f8-49f2-b2a3-f63e1f934942@group-58A987F56150-SegmentedRaftLog:OPENED:c-1,f-1,i0, conf=-1: [6605b8a5-570b-4977-9ee7-6aaf3012bed5:192.168.164.233:35223, 327657b1-60f8-49f2-b2a3-f63e1f934942:192.168.164.233:41966, ddd4789c-894d-475a-bbfb-f6e7aa670c92:192.168.164.233:41061], old=null
2019-10-18 14:58:48,853 [327657b1-60f8-49f2-b2a3-f63e1f934942@group-58A987F56150-LeaderElection349] INFO  impl.LeaderElection (LeaderElection.java:askForVotes(178)) - 327657b1-60f8-49f2-b2a3-f63e1f934942@group-58A987F56150-LeaderElection349: begin an election at term 403 for -1: [6605b8a5-570b-4977-9ee7-6aaf3012bed5:192.168.164.233:35223, 327657b1-60f8-49f2-b2a3-f63e1f934942:192.168.164.233:41966, ddd4789c-894d-475a-bbfb-f6e7aa670c92:192.168.164.233:41061], old=null
2019-10-18 14:58:48,854 [grpc-default-executor-2] INFO  impl.RaftServerImpl (RaftServerImpl.java:setRole(184)) - 6605b8a5-570b-4977-9ee7-6aaf3012bed5@group-58A987F56150: changes role from  FOLLOWER to FOLLOWER at term 403 for recognizeCandidate:327657b1-60f8-49f2-b2a3-f63e1f934942
2019-10-18 14:58:48,855 [grpc-default-executor-3] INFO  impl.RaftServerImpl (RaftServerImpl.java:setRole(184)) - ddd4789c-894d-475a-bbfb-f6e7aa670c92@group-58A987F56150: changes role from  FOLLOWER to FOLLOWER at term 403 for recognizeCandidate:327657b1-60f8-49f2-b2a3-f63e1f934942
2019-10-18 14:58:48,855 [grpc-default-executor-2] INFO  impl.RoleInfo (RoleInfo.java:shutdownFollowerState(121)) - 6605b8a5-570b-4977-9ee7-6aaf3012bed5: shutdown FollowerState
2019-10-18 14:58:48,855 [grpc-default-executor-3] INFO  impl.RoleInfo (RoleInfo.java:shutdownFollowerState(121)) - ddd4789c-894d-475a-bbfb-f6e7aa670c92: shutdown FollowerState
2019-10-18 14:58:48,855 [Thread-2637] INFO  impl.FollowerState (FollowerState.java:run(117)) - 6605b8a5-570b-4977-9ee7-6aaf3012bed5@group-58A987F56150-FollowerState was interrupted: java.lang.InterruptedException: sleep interrupted
2019-10-18 14:58:48,855 [Thread-2638] INFO  impl.FollowerState (FollowerState.java:run(117)) - ddd4789c-894d-475a-bbfb-f6e7aa670c92@group-58A987F56150-FollowerState was interrupted: java.lang.InterruptedException: sleep interrupted
2019-10-18 14:58:48,855 [grpc-default-executor-2] INFO  impl.RoleInfo (RoleInfo.java:updateAndGet(143)) - 6605b8a5-570b-4977-9ee7-6aaf3012bed5: start FollowerState
2019-10-18 14:58:48,855 [grpc-default-executor-3] INFO  impl.RoleInfo (RoleInfo.java:updateAndGet(143)) - ddd4789c-894d-475a-bbfb-f6e7aa670c92: start FollowerState
2019-10-18 14:58:48,869 [327657b1-60f8-49f2-b2a3-f63e1f934942@group-58A987F56150-LeaderElection349] INFO  impl.LeaderElection (LeaderElection.java:logAndReturn(56)) - 327657b1-60f8-49f2-b2a3-f63e1f934942@group-58A987F56150-LeaderElection349: Election REJECTED; received 2 response(s) [327657b1-60f8-49f2-b2a3-f63e1f934942<-6605b8a5-570b-4977-9ee7-6aaf3012bed5#0:FAIL-t403, 327657b1-60f8-49f2-b2a3-f63e1f934942<-ddd4789c-894d-475a-bbfb-f6e7aa670c92#0:FAIL-t403] and 0 exception(s); 327657b1-60f8-49f2-b2a3-f63e1f934942@group-58A987F56150:t403, leader=null, voted=327657b1-60f8-49f2-b2a3-f63e1f934942, raftlog=327657b1-60f8-49f2-b2a3-f63e1f934942@group-58A987F56150-SegmentedRaftLog:OPENED:c-1,f-1,i0, conf=-1: [6605b8a5-570b-4977-9ee7-6aaf3012bed5:192.168.164.233:35223, 327657b1-60f8-49f2-b2a3-f63e1f934942:192.168.164.233:41966, ddd4789c-894d-475a-bbfb-f6e7aa670c92:192.168.164.233:41061], old=null
2019-10-18 14:58:48,869 [327657b1-60f8-49f2-b2a3-f63e1f934942@group-58A987F56150-LeaderElection349] INFO  impl.RaftServerImpl (RaftServerImpl.java:setRole(184)) - 327657b1-60f8-49f2-b2a3-f63e1f934942@group-58A987F56150: changes role from CANDIDATE to FOLLOWER at term 403 for DISCOVERED_A_NEW_TERM
2019-10-18 14:58:48,869 [327657b1-60f8-49f2-b2a3-f63e1f934942@group-58A987F56150-LeaderElection349] INFO  impl.RoleInfo (RoleInfo.java:shutdownLeaderElection(134)) - 327657b1-60f8-49f2-b2a3-f63e1f934942: shutdown LeaderElection
2019-10-18 14:58:48,869 [327657b1-60f8-49f2-b2a3-f63e1f934942@group-58A987F56150-LeaderElection349] INFO  impl.RoleInfo (RoleInfo.java:updateAndGet(143)) - 327657b1-60f8-49f2-b2a3-f63e1f934942: start FollowerState
2019-10-18 14:58:49,030 [Thread-2643] INFO  impl.FollowerState (FollowerState.java:run(108)) - 327657b1-60f8-49f2-b2a3-f63e1f934942@group-58A987F56150-FollowerState: change to CANDIDATE, lastRpcTime:160ms, electionTimeout:160ms
2019-10-18 14:58:49,030 [Thread-2643] INFO  impl.RoleInfo (RoleInfo.java:shutdownFollowerState(121)) - 327657b1-60f8-49f2-b2a3-f63e1f934942: shutdown FollowerState
2019-10-18 14:58:49,030 [Thread-2643] INFO  impl.RaftServerImpl (RaftServerImpl.java:setRole(184)) - 327657b1-60f8-49f2-b2a3-f63e1f934942@group-58A987F56150: changes role from  FOLLOWER to CANDIDATE at term 403 for changeToCandidate
2019-10-18 14:58:49,031 [Thread-2643] INFO  impl.RoleInfo (RoleInfo.java:updateAndGet(143)) - 327657b1-60f8-49f2-b2a3-f63e1f934942: start LeaderElection
2019-10-18 14:58:49,044 [327657b1-60f8-49f2-b2a3-f63e1f934942@group-58A987F56150-LeaderElection350] INFO  impl.LeaderElection (LeaderElection.java:askForVotes(178)) - 327657b1-60f8-49f2-b2a3-f63e1f934942@group-58A987F56150-LeaderElection350: begin an election at term 404 for -1: [6605b8a5-570b-4977-9ee7-6aaf3012bed5:192.168.164.233:35223, 327657b1-60f8-49f2-b2a3-f63e1f934942:192.168.164.233:41966, ddd4789c-894d-475a-bbfb-f6e7aa670c92:192.168.164.233:41061], old=null
2019-10-18 14:58:49,046 [grpc-default-executor-3] INFO  impl.RaftServerImpl (RaftServerImpl.java:setRole(184)) - 6605b8a5-570b-4977-9ee7-6aaf3012bed5@group-58A987F56150: changes role from  FOLLOWER to FOLLOWER at term 404 for recognizeCandidate:327657b1-60f8-49f2-b2a3-f63e1f934942
2019-10-18 14:58:49,046 [grpc-default-executor-2] INFO  impl.RaftServerImpl (RaftServerImpl.java:setRole(184)) - ddd4789c-894d-475a-bbfb-f6e7aa670c92@group-58A987F56150: changes role from  FOLLOWER to FOLLOWER at term 404 for recognizeCandidate:327657b1-60f8-49f2-b2a3-f63e1f934942
2019-10-18 14:58:49,047 [grpc-default-executor-3] INFO  impl.RoleInfo (RoleInfo.java:shutdownFollowerState(121)) - 6605b8a5-570b-4977-9ee7-6aaf3012bed5: shutdown FollowerState
2019-10-18 14:58:49,047 [grpc-default-executor-2] INFO  impl.RoleInfo (RoleInfo.java:shutdownFollowerState(121)) - ddd4789c-894d-475a-bbfb-f6e7aa670c92: shutdown FollowerState
2019-10-18 14:58:49,047 [Thread-2641] INFO  impl.FollowerState (FollowerState.java:run(117)) - 6605b8a5-570b-4977-9ee7-6aaf3012bed5@group-58A987F56150-FollowerState was interrupted: java.lang.InterruptedException: sleep interrupted
2019-10-18 14:58:49,047 [Thread-2642] INFO  impl.FollowerState (FollowerState.java:run(117)) - ddd4789c-894d-475a-bbfb-f6e7aa670c92@group-58A987F56150-FollowerState was interrupted: java.lang.InterruptedException: sleep interrupted
2019-10-18 14:58:49,047 [grpc-default-executor-3] INFO  impl.RoleInfo (RoleInfo.java:updateAndGet(143)) - 6605b8a5-570b-4977-9ee7-6aaf3012bed5: start FollowerState
2019-10-18 14:58:49,047 [grpc-default-executor-2] INFO  impl.RoleInfo (RoleInfo.java:updateAndGet(143)) - ddd4789c-894d-475a-bbfb-f6e7aa670c92: start FollowerState
2019-10-18 14:58:49,073 [327657b1-60f8-49f2-b2a3-f63e1f934942@group-58A987F56150-LeaderElection350] INFO  impl.LeaderElection (LeaderElection.java:logAndReturn(56)) - 327657b1-60f8-49f2-b2a3-f63e1f934942@group-58A987F56150-LeaderElection350: Election REJECTED; received 2 response(s) [327657b1-60f8-49f2-b2a3-f63e1f934942<-6605b8a5-570b-4977-9ee7-6aaf3012bed5#0:FAIL-t404, 327657b1-60f8-49f2-b2a3-f63e1f934942<-ddd4789c-894d-475a-bbfb-f6e7aa670c92#0:FAIL-t404] and 0 exception(s); 327657b1-60f8-49f2-b2a3-f63e1f934942@group-58A987F56150:t404, leader=null, voted=327657b1-60f8-49f2-b2a3-f63e1f934942, raftlog=327657b1-60f8-49f2-b2a3-f63e1f934942@group-58A987F56150-SegmentedRaftLog:OPENED:c-1,f-1,i0, conf=-1: [6605b8a5-570b-4977-9ee7-6aaf3012bed5:192.168.164.233:35223, 327657b1-60f8-49f2-b2a3-f63e1f934942:192.168.164.233:41966, ddd4789c-894d-475a-bbfb-f6e7aa670c92:192.168.164.233:41061], old=null
2019-10-18 14:58:49,073 [327657b1-60f8-49f2-b2a3-f63e1f934942@group-58A987F56150-LeaderElection350] INFO  impl.RaftServerImpl (RaftServerImpl.java:setRole(184)) - 327657b1-60f8-49f2-b2a3-f63e1f934942@group-58A987F56150: changes role from CANDIDATE to FOLLOWER at term 404 for DISCOVERED_A_NEW_TERM
2019-10-18 14:58:49,074 [327657b1-60f8-49f2-b2a3-f63e1f934942@group-58A987F56150-LeaderElection350] INFO  impl.RoleInfo (RoleInfo.java:shutdownLeaderElection(134)) - 327657b1-60f8-49f2-b2a3-f63e1f934942: shutdown LeaderElection
2019-10-18 14:58:49,074 [327657b1-60f8-49f2-b2a3-f63e1f934942@group-58A987F56150-LeaderElection350] INFO  impl.RoleInfo (RoleInfo.java:updateAndGet(143)) - 327657b1-60f8-49f2-b2a3-f63e1f934942: start FollowerState
2019-10-18 14:58:49,218 [Thread-2649] INFO  impl.FollowerState (FollowerState.java:run(108)) - 327657b1-60f8-49f2-b2a3-f63e1f934942@group-58A987F56150-FollowerState: change to CANDIDATE, lastRpcTime:144ms, electionTimeout:144ms
2019-10-18 14:58:49,218 [Thread-2649] INFO  impl.RoleInfo (RoleInfo.java:shutdownFollowerState(121)) - 327657b1-60f8-49f2-b2a3-f63e1f934942: shutdown FollowerState
2019-10-18 14:58:49,219 [Thread-2649] INFO  impl.RaftServerImpl (RaftServerImpl.java:setRole(184)) - 327657b1-60f8-49f2-b2a3-f63e1f934942@group-58A987F56150: changes role from  FOLLOWER to CANDIDATE at term 404 for changeToCandidate
2019-10-18 14:58:49,219 [Thread-2649] INFO  impl.RoleInfo (RoleInfo.java:updateAndGet(143)) - 327657b1-60f8-49f2-b2a3-f63e1f934942: start LeaderElection
2019-10-18 14:58:49,244 [327657b1-60f8-49f2-b2a3-f63e1f934942@group-58A987F56150-LeaderElection351] INFO  impl.LeaderElection (LeaderElection.java:askForVotes(178)) - 327657b1-60f8-49f2-b2a3-f63e1f934942@group-58A987F56150-LeaderElection351: begin an election at term 405 for -1: [6605b8a5-570b-4977-9ee7-6aaf3012bed5:192.168.164.233:35223, 327657b1-60f8-49f2-b2a3-f63e1f934942:192.168.164.233:41966, ddd4789c-894d-475a-bbfb-f6e7aa670c92:192.168.164.233:41061], old=null
2019-10-18 14:58:49,246 [grpc-default-executor-3] INFO  impl.RaftServerImpl (RaftServerImpl.java:setRole(184)) - 6605b8a5-570b-4977-9ee7-6aaf3012bed5@group-58A987F56150: changes role from  FOLLOWER to FOLLOWER at term 405 for recognizeCandidate:327657b1-60f8-49f2-b2a3-f63e1f934942
2019-10-18 14:58:49,246 [grpc-default-executor-3] INFO  impl.RoleInfo (RoleInfo.java:shutdownFollowerState(121)) - 6605b8a5-570b-4977-9ee7-6aaf3012bed5: shutdown FollowerState
2019-10-18 14:58:49,246 [grpc-default-executor-3] INFO  impl.RoleInfo (RoleInfo.java:updateAndGet(143)) - 6605b8a5-570b-4977-9ee7-6aaf3012bed5: start FollowerState
2019-10-18 14:58:49,246 [grpc-default-executor-2] INFO  impl.RaftServerImpl (RaftServerImpl.java:setRole(184)) - ddd4789c-894d-475a-bbfb-f6e7aa670c92@group-58A987F56150: changes role from  FOLLOWER to FOLLOWER at term 405 for recognizeCandidate:327657b1-60f8-49f2-b2a3-f63e1f934942
2019-10-18 14:58:49,247 [grpc-default-executor-2] INFO  impl.RoleInfo (RoleInfo.java:shutdownFollowerState(121)) - ddd4789c-894d-475a-bbfb-f6e7aa670c92: shutdown FollowerState
2019-10-18 14:58:49,246 [Thread-2647] INFO  impl.FollowerState (FollowerState.java:run(117)) - 6605b8a5-570b-4977-9ee7-6aaf3012bed5@group-58A987F56150-FollowerState was interrupted: java.lang.InterruptedException: sleep interrupted
2019-10-18 14:58:49,247 [Thread-2648] INFO  impl.FollowerState (FollowerState.java:run(117)) - ddd4789c-894d-475a-bbfb-f6e7aa670c92@group-58A987F56150-FollowerState was interrupted: java.lang.InterruptedException: sleep interrupted
2019-10-18 14:58:49,247 [grpc-default-executor-2] INFO  impl.RoleInfo (RoleInfo.java:updateAndGet(143)) - ddd4789c-894d-475a-bbfb-f6e7aa670c92: start FollowerState
2019-10-18 14:58:49,272 [327657b1-60f8-49f2-b2a3-f63e1f934942@group-58A987F56150-LeaderElection351] INFO  impl.LeaderElection (LeaderElection.java:logAndReturn(56)) - 327657b1-60f8-49f2-b2a3-f63e1f934942@group-58A987F56150-LeaderElection351: Election REJECTED; received 2 response(s) [327657b1-60f8-49f2-b2a3-f63e1f934942<-6605b8a5-570b-4977-9ee7-6aaf3012bed5#0:FAIL-t405, 327657b1-60f8-49f2-b2a3-f63e1f934942<-ddd4789c-894d-475a-bbfb-f6e7aa670c92#0:FAIL-t405] and 0 exception(s); 327657b1-60f8-49f2-b2a3-f63e1f934942@group-58A987F56150:t405, leader=null, voted=327657b1-60f8-49f2-b2a3-f63e1f934942, raftlog=327657b1-60f8-49f2-b2a3-f63e1f934942@group-58A987F56150-SegmentedRaftLog:OPENED:c-1,f-1,i0, conf=-1: [6605b8a5-570b-4977-9ee7-6aaf3012bed5:192.168.164.233:35223, 327657b1-60f8-49f2-b2a3-f63e1f934942:192.168.164.233:41966, ddd4789c-894d-475a-bbfb-f6e7aa670c92:192.168.164.233:41061], old=null
2019-10-18 14:58:49,273 [327657b1-60f8-49f2-b2a3-f63e1f934942@group-58A987F56150-LeaderElection351] INFO  impl.RaftServerImpl (RaftServerImpl.java:setRole(184)) - 327657b1-60f8-49f2-b2a3-f63e1f934942@group-58A987F56150: changes role from CANDIDATE to FOLLOWER at term 405 for DISCOVERED_A_NEW_TERM
2019-10-18 14:58:49,273 [327657b1-60f8-49f2-b2a3-f63e1f934942@group-58A987F56150-LeaderElection351] INFO  impl.RoleInfo (RoleInfo.java:shutdownLeaderElection(134)) - 327657b1-60f8-49f2-b2a3-f63e1f934942: shutdown LeaderElection
2019-10-18 14:58:49,273 [327657b1-60f8-49f2-b2a3-f63e1f934942@group-58A987F56150-LeaderElection351] INFO  impl.RoleInfo (RoleInfo.java:updateAndGet(143)) - 327657b1-60f8-49f2-b2a3-f63e1f934942: start FollowerState
2019-10-18 14:58:49,403 [Thread-2657] INFO  impl.FollowerState (FollowerState.java:run(108)) - 327657b1-60f8-49f2-b2a3-f63e1f934942@group-58A987F56150-FollowerState: change to CANDIDATE, lastRpcTime:130ms, electionTimeout:130ms
2019-10-18 14:58:49,403 [Thread-2657] INFO  impl.RoleInfo (RoleInfo.java:shutdownFollowerState(121)) - 327657b1-60f8-49f2-b2a3-f63e1f934942: shutdown FollowerState
2019-10-18 14:58:49,403 [Thread-2657] INFO  impl.RaftServerImpl (RaftServerImpl.java:setRole(184)) - 327657b1-60f8-49f2-b2a3-f63e1f934942@group-58A987F56150: changes role from  FOLLOWER to CANDIDATE at term 405 for changeToCandidate
2019-10-18 14:58:49,404 [Thread-2657] INFO  impl.RoleInfo (RoleInfo.java:updateAndGet(143)) - 327657b1-60f8-49f2-b2a3-f63e1f934942: start LeaderElection
2019-10-18 14:58:49,418 [327657b1-60f8-49f2-b2a3-f63e1f934942@group-58A987F56150-LeaderElection352] INFO  impl.LeaderElection (LeaderElection.java:askForVotes(178)) - 327657b1-60f8-49f2-b2a3-f63e1f934942@group-58A987F56150-LeaderElection352: begin an election at term 406 for -1: [6605b8a5-570b-4977-9ee7-6aaf3012bed5:192.168.164.233:35223, 327657b1-60f8-49f2-b2a3-f63e1f934942:192.168.164.233:41966, ddd4789c-894d-475a-bbfb-f6e7aa670c92:192.168.164.233:41061], old=null
2019-10-18 14:58:49,420 [grpc-default-executor-2] INFO  impl.RaftServerImpl (RaftServerImpl.java:setRole(184)) - 6605b8a5-570b-4977-9ee7-6aaf3012bed5@group-58A987F56150: changes role from  FOLLOWER to FOLLOWER at term 406 for recognizeCandidate:327657b1-60f8-49f2-b2a3-f63e1f934942
2019-10-18 14:58:49,420 [grpc-default-executor-3] INFO  impl.RaftServerImpl (RaftServerImpl.java:setRole(184)) - ddd4789c-894d-475a-bbfb-f6e7aa670c92@group-58A987F56150: changes role from  FOLLOWER to FOLLOWER at term 406 for recognizeCandidate:327657b1-60f8-49f2-b2a3-f63e1f934942
2019-10-18 14:58:49,420 [grpc-default-executor-3] INFO  impl.RoleInfo (RoleInfo.java:shutdownFollowerState(121)) - ddd4789c-894d-475a-bbfb-f6e7aa670c92: shutdown FollowerState
2019-10-18 14:58:49,420 [grpc-default-executor-2] INFO  impl.RoleInfo (RoleInfo.java:shutdownFollowerState(121)) - 6605b8a5-570b-4977-9ee7-6aaf3012bed5: shutdown FollowerState
2019-10-18 14:58:49,420 [Thread-2656] INFO  impl.FollowerState (FollowerState.java:run(117)) - ddd4789c-894d-475a-bbfb-f6e7aa670c92@group-58A987F56150-FollowerState was interrupted: java.lang.InterruptedException: sleep interrupted
2019-10-18 14:58:49,420 [grpc-default-executor-3] INFO  impl.RoleInfo (RoleInfo.java:updateAndGet(143)) - ddd4789c-894d-475a-bbfb-f6e7aa670c92: start FollowerState
2019-10-18 14:58:49,421 [Thread-2655] INFO  impl.FollowerState (FollowerState.java:run(117)) - 6605b8a5-570b-4977-9ee7-6aaf3012bed5@group-58A987F56150-FollowerState was interrupted: java.lang.InterruptedException: sleep interrupted
2019-10-18 14:58:49,421 [grpc-default-executor-2] INFO  impl.RoleInfo (RoleInfo.java:updateAndGet(143)) - 6605b8a5-570b-4977-9ee7-6aaf3012bed5: start FollowerState
2019-10-18 14:58:49,435 [327657b1-60f8-49f2-b2a3-f63e1f934942@group-58A987F56150-LeaderElection352] INFO  impl.LeaderElection (LeaderElection.java:logAndReturn(56)) - 327657b1-60f8-49f2-b2a3-f63e1f934942@group-58A987F56150-LeaderElection352: Election REJECTED; received 2 response(s) [327657b1-60f8-49f2-b2a3-f63e1f934942<-6605b8a5-570b-4977-9ee7-6aaf3012bed5#0:FAIL-t406, 327657b1-60f8-49f2-b2a3-f63e1f934942<-ddd4789c-894d-475a-bbfb-f6e7aa670c92#0:FAIL-t406] and 0 exception(s); 327657b1-60f8-49f2-b2a3-f63e1f934942@group-58A987F56150:t406, leader=null, voted=327657b1-60f8-49f2-b2a3-f63e1f934942, raftlog=327657b1-60f8-49f2-b2a3-f63e1f934942@group-58A987F56150-SegmentedRaftLog:OPENED:c-1,f-1,i0, conf=-1: [6605b8a5-570b-4977-9ee7-6aaf3012bed5:192.168.164.233:35223, 327657b1-60f8-49f2-b2a3-f63e1f934942:192.168.164.233:41966, ddd4789c-894d-475a-bbfb-f6e7aa670c92:192.168.164.233:41061], old=null
2019-10-18 14:58:49,435 [327657b1-60f8-49f2-b2a3-f63e1f934942@group-58A987F56150-LeaderElection352] INFO  impl.RaftServerImpl (RaftServerImpl.java:setRole(184)) - 327657b1-60f8-49f2-b2a3-f63e1f934942@group-58A987F56150: changes role from CANDIDATE to FOLLOWER at term 406 for DISCOVERED_A_NEW_TERM
2019-10-18 14:58:49,435 [327657b1-60f8-49f2-b2a3-f63e1f934942@group-58A987F56150-LeaderElection352] INFO  impl.RoleInfo (RoleInfo.java:shutdownLeaderElection(134)) - 327657b1-60f8-49f2-b2a3-f63e1f934942: shutdown LeaderElection
2019-10-18 14:58:49,436 [327657b1-60f8-49f2-b2a3-f63e1f934942@group-58A987F56150-LeaderElection352] INFO  impl.RoleInfo (RoleInfo.java:updateAndGet(143)) - 327657b1-60f8-49f2-b2a3-f63e1f934942: start FollowerState
2019-10-18 14:58:49,483 [Thread-2663] INFO  impl.FollowerState (FollowerState.java:run(108)) - 327657b1-60f8-49f2-b2a3-f63e1f934942@group-58A987F56150-FollowerState: change to CANDIDATE, lastRpcTime:47ms, electionTimeout:47ms
2019-10-18 14:58:49,483 [Thread-2663] INFO  impl.RoleInfo (RoleInfo.java:shutdownFollowerState(121)) - 327657b1-60f8-49f2-b2a3-f63e1f934942: shutdown FollowerState
2019-10-18 14:58:49,483 [Thread-2663] INFO  impl.RaftServerImpl (RaftServerImpl.java:setRole(184)) - 327657b1-60f8-49f2-b2a3-f63e1f934942@group-58A987F56150: changes role from  FOLLOWER to CANDIDATE at term 406 for changeToCandidate
2019-10-18 14:58:49,483 [Thread-2663] INFO  impl.RoleInfo (RoleInfo.java:updateAndGet(143)) - 327657b1-60f8-49f2-b2a3-f63e1f934942: start LeaderElection
2019-10-18 14:58:49,497 [327657b1-60f8-49f2-b2a3-f63e1f934942@group-58A987F56150-LeaderElection353] INFO  impl.LeaderElection (LeaderElection.java:askForVotes(178)) - 327657b1-60f8-49f2-b2a3-f63e1f934942@group-58A987F56150-LeaderElection353: begin an election at term 407 for -1: [6605b8a5-570b-4977-9ee7-6aaf3012bed5:192.168.164.233:35223, 327657b1-60f8-49f2-b2a3-f63e1f934942:192.168.164.233:41966, ddd4789c-894d-475a-bbfb-f6e7aa670c92:192.168.164.233:41061], old=null
2019-10-18 14:58:49,499 [grpc-default-executor-2] INFO  impl.RaftServerImpl (RaftServerImpl.java:setRole(184)) - 6605b8a5-570b-4977-9ee7-6aaf3012bed5@group-58A987F56150: changes role from  FOLLOWER to FOLLOWER at term 407 for recognizeCandidate:327657b1-60f8-49f2-b2a3-f63e1f934942
2019-10-18 14:58:49,499 [grpc-default-executor-2] INFO  impl.RoleInfo (RoleInfo.java:shutdownFollowerState(121)) - 6605b8a5-570b-4977-9ee7-6aaf3012bed5: shutdown FollowerState
2019-10-18 14:58:49,499 [grpc-default-executor-2] INFO  impl.RoleInfo (RoleInfo.java:updateAndGet(143)) - 6605b8a5-570b-4977-9ee7-6aaf3012bed5: start FollowerState
2019-10-18 14:58:49,499 [grpc-default-executor-3] INFO  impl.RaftServerImpl (RaftServerImpl.java:setRole(184)) - ddd4789c-894d-475a-bbfb-f6e7aa670c92@group-58A987F56150: changes role from  FOLLOWER to FOLLOWER at term 407 for recognizeCandidate:327657b1-60f8-49f2-b2a3-f63e1f934942
2019-10-18 14:58:49,500 [grpc-default-executor-3] INFO  impl.RoleInfo (RoleInfo.java:shutdownFollowerState(121)) - ddd4789c-894d-475a-bbfb-f6e7aa670c92: shutdown FollowerState
2019-10-18 14:58:49,499 [Thread-2662] INFO  impl.FollowerState (FollowerState.java:run(117)) - 6605b8a5-570b-4977-9ee7-6aaf3012bed5@group-58A987F56150-FollowerState was interrupted: java.lang.InterruptedException: sleep interrupted
2019-10-18 14:58:49,500 [grpc-default-executor-3] INFO  impl.RoleInfo (RoleInfo.java:updateAndGet(143)) - ddd4789c-894d-475a-bbfb-f6e7aa670c92: start FollowerState
2019-10-18 14:58:49,500 [Thread-2661] INFO  impl.FollowerState (FollowerState.java:run(117)) - ddd4789c-894d-475a-bbfb-f6e7aa670c92@group-58A987F56150-FollowerState was interrupted: java.lang.InterruptedException: sleep interrupted
2019-10-18 14:58:49,526 [327657b1-60f8-49f2-b2a3-f63e1f934942@group-58A987F56150-LeaderElection353] INFO  impl.LeaderElection (LeaderElection.java:logAndReturn(56)) - 327657b1-60f8-49f2-b2a3-f63e1f934942@group-58A987F56150-LeaderElection353: Election REJECTED; received 2 response(s) [327657b1-60f8-49f2-b2a3-f63e1f934942<-6605b8a5-570b-4977-9ee7-6aaf3012bed5#0:FAIL-t407, 327657b1-60f8-49f2-b2a3-f63e1f934942<-ddd4789c-894d-475a-bbfb-f6e7aa670c92#0:FAIL-t407] and 0 exception(s); 327657b1-60f8-49f2-b2a3-f63e1f934942@group-58A987F56150:t407, leader=null, voted=327657b1-60f8-49f2-b2a3-f63e1f934942, raftlog=327657b1-60f8-49f2-b2a3-f63e1f934942@group-58A987F56150-SegmentedRaftLog:OPENED:c-1,f-1,i0, conf=-1: [6605b8a5-570b-4977-9ee7-6aaf3012bed5:192.168.164.233:35223, 327657b1-60f8-49f2-b2a3-f63e1f934942:192.168.164.233:41966, ddd4789c-894d-475a-bbfb-f6e7aa670c92:192.168.164.233:41061], old=null
2019-10-18 14:58:49,527 [327657b1-60f8-49f2-b2a3-f63e1f934942@group-58A987F56150-LeaderElection353] INFO  impl.RaftServerImpl (RaftServerImpl.java:setRole(184)) - 327657b1-60f8-49f2-b2a3-f63e1f934942@group-58A987F56150: changes role from CANDIDATE to FOLLOWER at term 407 for DISCOVERED_A_NEW_TERM
2019-10-18 14:58:49,527 [327657b1-60f8-49f2-b2a3-f63e1f934942@group-58A987F56150-LeaderElection353] INFO  impl.RoleInfo (RoleInfo.java:shutdownLeaderElection(134)) - 327657b1-60f8-49f2-b2a3-f63e1f934942: shutdown LeaderElection
2019-10-18 14:58:49,527 [327657b1-60f8-49f2-b2a3-f63e1f934942@group-58A987F56150-LeaderElection353] INFO  impl.RoleInfo (RoleInfo.java:updateAndGet(143)) - 327657b1-60f8-49f2-b2a3-f63e1f934942: start FollowerState
2019-10-18 14:58:49,648 [Thread-2669] INFO  impl.FollowerState (FollowerState.java:run(108)) - 327657b1-60f8-49f2-b2a3-f63e1f934942@group-58A987F56150-FollowerState: change to CANDIDATE, lastRpcTime:120ms, electionTimeout:120ms
2019-10-18 14:58:49,648 [Thread-2669] INFO  impl.RoleInfo (RoleInfo.java:shutdownFollowerState(121)) - 327657b1-60f8-49f2-b2a3-f63e1f934942: shutdown FollowerState
2019-10-18 14:58:49,648 [Thread-2669] INFO  impl.RaftServerImpl (RaftServerImpl.java:setRole(184)) - 327657b1-60f8-49f2-b2a3-f63e1f934942@group-58A987F56150: changes role from  FOLLOWER to CANDIDATE at term 407 for changeToCandidate
2019-10-18 14:58:49,648 [Thread-2669] INFO  impl.RoleInfo (RoleInfo.java:updateAndGet(143)) - 327657b1-60f8-49f2-b2a3-f63e1f934942: start LeaderElection
2019-10-18 14:58:49,663 [327657b1-60f8-49f2-b2a3-f63e1f934942@group-58A987F56150-LeaderElection354] INFO  impl.LeaderElection (LeaderElection.java:askForVotes(178)) - 327657b1-60f8-49f2-b2a3-f63e1f934942@group-58A987F56150-LeaderElection354: begin an election at term 408 for -1: [6605b8a5-570b-4977-9ee7-6aaf3012bed5:192.168.164.233:35223, 327657b1-60f8-49f2-b2a3-f63e1f934942:192.168.164.233:41966, ddd4789c-894d-475a-bbfb-f6e7aa670c92:192.168.164.233:41061], old=null
2019-10-18 14:58:49,665 [grpc-default-executor-2] INFO  impl.RaftServerImpl (RaftServerImpl.java:setRole(184)) - 6605b8a5-570b-4977-9ee7-6aaf3012bed5@group-58A987F56150: changes role from  FOLLOWER to FOLLOWER at term 408 for recognizeCandidate:327657b1-60f8-49f2-b2a3-f63e1f934942
2019-10-18 14:58:49,665 [grpc-default-executor-2] INFO  impl.RoleInfo (RoleInfo.java:shutdownFollowerState(121)) - 6605b8a5-570b-4977-9ee7-6aaf3012bed5: shutdown FollowerState
2019-10-18 14:58:49,665 [grpc-default-executor-3] INFO  impl.RaftServerImpl (RaftServerImpl.java:setRole(184)) - ddd4789c-894d-475a-bbfb-f6e7aa670c92@group-58A987F56150: changes role from  FOLLOWER to FOLLOWER at term 408 for recognizeCandidate:327657b1-60f8-49f2-b2a3-f63e1f934942
2019-10-18 14:58:49,665 [grpc-default-executor-3] INFO  impl.RoleInfo (RoleInfo.java:shutdownFollowerState(121)) - ddd4789c-894d-475a-bbfb-f6e7aa670c92: shutdown FollowerState
2019-10-18 14:58:49,665 [Thread-2667] INFO  impl.FollowerState (FollowerState.java:run(117)) - 6605b8a5-570b-4977-9ee7-6aaf3012bed5@group-58A987F56150-FollowerState was interrupted: java.lang.InterruptedException: sleep interrupted
2019-10-18 14:58:49,665 [grpc-default-executor-2] INFO  impl.RoleInfo (RoleInfo.java:updateAndGet(143)) - 6605b8a5-570b-4977-9ee7-6aaf3012bed5: start FollowerState
2019-10-18 14:58:49,666 [Thread-2668] INFO  impl.FollowerState (FollowerState.java:run(117)) - ddd4789c-894d-475a-bbfb-f6e7aa670c92@group-58A987F56150-FollowerState was interrupted: java.lang.InterruptedException: sleep interrupted
2019-10-18 14:58:49,666 [grpc-default-executor-3] INFO  impl.RoleInfo (RoleInfo.java:updateAndGet(143)) - ddd4789c-894d-475a-bbfb-f6e7aa670c92: start FollowerState
2019-10-18 14:58:49,692 [327657b1-60f8-49f2-b2a3-f63e1f934942@group-58A987F56150-LeaderElection354] INFO  impl.LeaderElection (LeaderElection.java:logAndReturn(56)) - 327657b1-60f8-49f2-b2a3-f63e1f934942@group-58A987F56150-LeaderElection354: Election REJECTED; received 2 response(s) [327657b1-60f8-49f2-b2a3-f63e1f934942<-6605b8a5-570b-4977-9ee7-6aaf3012bed5#0:FAIL-t408, 327657b1-60f8-49f2-b2a3-f63e1f934942<-ddd4789c-894d-475a-bbfb-f6e7aa670c92#0:FAIL-t408] and 0 exception(s); 327657b1-60f8-49f2-b2a3-f63e1f934942@group-58A987F56150:t408, leader=null, voted=327657b1-60f8-49f2-b2a3-f63e1f934942, raftlog=327657b1-60f8-49f2-b2a3-f63e1f934942@group-58A987F56150-SegmentedRaftLog:OPENED:c-1,f-1,i0, conf=-1: [6605b8a5-570b-4977-9ee7-6aaf3012bed5:192.168.164.233:35223, 327657b1-60f8-49f2-b2a3-f63e1f934942:192.168.164.233:41966, ddd4789c-894d-475a-bbfb-f6e7aa670c92:192.168.164.233:41061], old=null
2019-10-18 14:58:49,692 [327657b1-60f8-49f2-b2a3-f63e1f934942@group-58A987F56150-LeaderElection354] INFO  impl.RaftServerImpl (RaftServerImpl.java:setRole(184)) - 327657b1-60f8-49f2-b2a3-f63e1f934942@group-58A987F56150: changes role from CANDIDATE to FOLLOWER at term 408 for DISCOVERED_A_NEW_TERM
2019-10-18 14:58:49,693 [327657b1-60f8-49f2-b2a3-f63e1f934942@group-58A987F56150-LeaderElection354] INFO  impl.RoleInfo (RoleInfo.java:shutdownLeaderElection(134)) - 327657b1-60f8-49f2-b2a3-f63e1f934942: shutdown LeaderElection
2019-10-18 14:58:49,693 [327657b1-60f8-49f2-b2a3-f63e1f934942@group-58A987F56150-LeaderElection354] INFO  impl.RoleInfo (RoleInfo.java:updateAndGet(143)) - 327657b1-60f8-49f2-b2a3-f63e1f934942: start FollowerState
2019-10-18 14:58:49,806 [Thread-2675] INFO  impl.FollowerState (FollowerState.java:run(108)) - 327657b1-60f8-49f2-b2a3-f63e1f934942@group-58A987F56150-FollowerState: change to CANDIDATE, lastRpcTime:113ms, electionTimeout:113ms
2019-10-18 14:58:49,806 [Thread-2675] INFO  impl.RoleInfo (RoleInfo.java:shutdownFollowerState(121)) - 327657b1-60f8-49f2-b2a3-f63e1f934942: shutdown FollowerState
2019-10-18 14:58:49,806 [Thread-2675] INFO  impl.RaftServerImpl (RaftServerImpl.java:setRole(184)) - 327657b1-60f8-49f2-b2a3-f63e1f934942@group-58A987F56150: changes role from  FOLLOWER to CANDIDATE at term 408 for changeToCandidate
2019-10-18 14:58:49,807 [Thread-2675] INFO  impl.RoleInfo (RoleInfo.java:updateAndGet(143)) - 327657b1-60f8-49f2-b2a3-f63e1f934942: start LeaderElection
2019-10-18 14:58:49,874 [327657b1-60f8-49f2-b2a3-f63e1f934942@group-58A987F56150-LeaderElection355] INFO  impl.LeaderElection (LeaderElection.java:askForVotes(178)) - 327657b1-60f8-49f2-b2a3-f63e1f934942@group-58A987F56150-LeaderElection355: begin an election at term 409 for -1: [6605b8a5-570b-4977-9ee7-6aaf3012bed5:192.168.164.233:35223, 327657b1-60f8-49f2-b2a3-f63e1f934942:192.168.164.233:41966, ddd4789c-894d-475a-bbfb-f6e7aa670c92:192.168.164.233:41061], old=null
2019-10-18 14:58:49,876 [grpc-default-executor-3] INFO  impl.RaftServerImpl (RaftServerImpl.java:setRole(184)) - 6605b8a5-570b-4977-9ee7-6aaf3012bed5@group-58A987F56150: changes role from  FOLLOWER to FOLLOWER at term 409 for recognizeCandidate:327657b1-60f8-49f2-b2a3-f63e1f934942
2019-10-18 14:58:49,876 [grpc-default-executor-2] INFO  impl.RaftServerImpl (RaftServerImpl.java:setRole(184)) - ddd4789c-894d-475a-bbfb-f6e7aa670c92@group-58A987F56150: changes role from  FOLLOWER to FOLLOWER at term 409 for recognizeCandidate:327657b1-60f8-49f2-b2a3-f63e1f934942
2019-10-18 14:58:49,877 [grpc-default-executor-2] INFO  impl.RoleInfo (RoleInfo.java:shutdownFollowerState(121)) - ddd4789c-894d-475a-bbfb-f6e7aa670c92: shutdown FollowerState
2019-10-18 14:58:49,876 [grpc-default-executor-3] INFO  impl.RoleInfo (RoleInfo.java:shutdownFollowerState(121)) - 6605b8a5-570b-4977-9ee7-6aaf3012bed5: shutdown FollowerState
2019-10-18 14:58:49,877 [Thread-2674] INFO  impl.FollowerState (FollowerState.java:run(117)) - ddd4789c-894d-475a-bbfb-f6e7aa670c92@group-58A987F56150-FollowerState was interrupted: java.lang.InterruptedException: sleep interrupted
2019-10-18 14:58:49,877 [grpc-default-executor-2] INFO  impl.RoleInfo (RoleInfo.java:updateAndGet(143)) - ddd4789c-894d-475a-bbfb-f6e7aa670c92: start FollowerState
2019-10-18 14:58:49,877 [Thread-2673] INFO  impl.FollowerState (FollowerState.java:run(117)) - 6605b8a5-570b-4977-9ee7-6aaf3012bed5@group-58A987F56150-FollowerState was interrupted: java.lang.InterruptedException: sleep interrupted
2019-10-18 14:58:49,877 [grpc-default-executor-3] INFO  impl.RoleInfo (RoleInfo.java:updateAndGet(143)) - 6605b8a5-570b-4977-9ee7-6aaf3012bed5: start FollowerState
2019-10-18 14:58:49,903 [327657b1-60f8-49f2-b2a3-f63e1f934942@group-58A987F56150-LeaderElection355] INFO  impl.LeaderElection (LeaderElection.java:logAndReturn(56)) - 327657b1-60f8-49f2-b2a3-f63e1f934942@group-58A987F56150-LeaderElection355: Election REJECTED; received 2 response(s) [327657b1-60f8-49f2-b2a3-f63e1f934942<-6605b8a5-570b-4977-9ee7-6aaf3012bed5#0:FAIL-t409, 327657b1-60f8-49f2-b2a3-f63e1f934942<-ddd4789c-894d-475a-bbfb-f6e7aa670c92#0:FAIL-t409] and 0 exception(s); 327657b1-60f8-49f2-b2a3-f63e1f934942@group-58A987F56150:t409, leader=null, voted=327657b1-60f8-49f2-b2a3-f63e1f934942, raftlog=327657b1-60f8-49f2-b2a3-f63e1f934942@group-58A987F56150-SegmentedRaftLog:OPENED:c-1,f-1,i0, conf=-1: [6605b8a5-570b-4977-9ee7-6aaf3012bed5:192.168.164.233:35223, 327657b1-60f8-49f2-b2a3-f63e1f934942:192.168.164.233:41966, ddd4789c-894d-475a-bbfb-f6e7aa670c92:192.168.164.233:41061], old=null
2019-10-18 14:58:49,903 [327657b1-60f8-49f2-b2a3-f63e1f934942@group-58A987F56150-LeaderElection355] INFO  impl.RaftServerImpl (RaftServerImpl.java:setRole(184)) - 327657b1-60f8-49f2-b2a3-f63e1f934942@group-58A987F56150: changes role from CANDIDATE to FOLLOWER at term 409 for DISCOVERED_A_NEW_TERM
2019-10-18 14:58:49,903 [327657b1-60f8-49f2-b2a3-f63e1f934942@group-58A987F56150-LeaderElection355] INFO  impl.RoleInfo (RoleInfo.java:shutdownLeaderElection(134)) - 327657b1-60f8-49f2-b2a3-f63e1f934942: shutdown LeaderElection
2019-10-18 14:58:49,904 [327657b1-60f8-49f2-b2a3-f63e1f934942@group-58A987F56150-LeaderElection355] INFO  impl.RoleInfo (RoleInfo.java:updateAndGet(143)) - 327657b1-60f8-49f2-b2a3-f63e1f934942: start FollowerState
2019-10-18 14:58:50,103 [Thread-2681] INFO  impl.FollowerState (FollowerState.java:run(108)) - 327657b1-60f8-49f2-b2a3-f63e1f934942@group-58A987F56150-FollowerState: change to CANDIDATE, lastRpcTime:199ms, electionTimeout:199ms
2019-10-18 14:58:50,103 [Thread-2681] INFO  impl.RoleInfo (RoleInfo.java:shutdownFollowerState(121)) - 327657b1-60f8-49f2-b2a3-f63e1f934942: shutdown FollowerState
2019-10-18 14:58:50,103 [Thread-2681] INFO  impl.RaftServerImpl (RaftServerImpl.java:setRole(184)) - 327657b1-60f8-49f2-b2a3-f63e1f934942@group-58A987F56150: changes role from  FOLLOWER to CANDIDATE at term 409 for changeToCandidate
2019-10-18 14:58:50,103 [Thread-2681] INFO  impl.RoleInfo (RoleInfo.java:updateAndGet(143)) - 327657b1-60f8-49f2-b2a3-f63e1f934942: start LeaderElection
2019-10-18 14:58:50,119 [327657b1-60f8-49f2-b2a3-f63e1f934942@group-58A987F56150-LeaderElection356] INFO  impl.LeaderElection (LeaderElection.java:askForVotes(178)) - 327657b1-60f8-49f2-b2a3-f63e1f934942@group-58A987F56150-LeaderElection356: begin an election at term 410 for -1: [6605b8a5-570b-4977-9ee7-6aaf3012bed5:192.168.164.233:35223, 327657b1-60f8-49f2-b2a3-f63e1f934942:192.168.164.233:41966, ddd4789c-894d-475a-bbfb-f6e7aa670c92:192.168.164.233:41061], old=null
2019-10-18 14:58:50,122 [grpc-default-executor-2] INFO  impl.RaftServerImpl (RaftServerImpl.java:setRole(184)) - 6605b8a5-570b-4977-9ee7-6aaf3012bed5@group-58A987F56150: changes role from  FOLLOWER to FOLLOWER at term 410 for recognizeCandidate:327657b1-60f8-49f2-b2a3-f63e1f934942
2019-10-18 14:58:50,122 [grpc-default-executor-3] INFO  impl.RaftServerImpl (RaftServerImpl.java:setRole(184)) - ddd4789c-894d-475a-bbfb-f6e7aa670c92@group-58A987F56150: changes role from  FOLLOWER to FOLLOWER at term 410 for recognizeCandidate:327657b1-60f8-49f2-b2a3-f63e1f934942
2019-10-18 14:58:50,122 [grpc-default-executor-3] INFO  impl.RoleInfo (RoleInfo.java:shutdownFollowerState(121)) - ddd4789c-894d-475a-bbfb-f6e7aa670c92: shutdown FollowerState
2019-10-18 14:58:50,122 [grpc-default-executor-2] INFO  impl.RoleInfo (RoleInfo.java:shutdownFollowerState(121)) - 6605b8a5-570b-4977-9ee7-6aaf3012bed5: shutdown FollowerState
2019-10-18 14:58:50,122 [grpc-default-executor-3] INFO  impl.RoleInfo (RoleInfo.java:updateAndGet(143)) - ddd4789c-894d-475a-bbfb-f6e7aa670c92: start FollowerState
2019-10-18 14:58:50,122 [Thread-2679] INFO  impl.FollowerState (FollowerState.java:run(117)) - ddd4789c-894d-475a-bbfb-f6e7aa670c92@group-58A987F56150-FollowerState was interrupted: java.lang.InterruptedException: sleep interrupted
2019-10-18 14:58:50,122 [Thread-2680] INFO  impl.FollowerState (FollowerState.java:run(117)) - 6605b8a5-570b-4977-9ee7-6aaf3012bed5@group-58A987F56150-FollowerState was interrupted: java.lang.InterruptedException: sleep interrupted
2019-10-18 14:58:50,122 [grpc-default-executor-2] INFO  impl.RoleInfo (RoleInfo.java:updateAndGet(143)) - 6605b8a5-570b-4977-9ee7-6aaf3012bed5: start FollowerState
2019-10-18 14:58:50,148 [327657b1-60f8-49f2-b2a3-f63e1f934942@group-58A987F56150-LeaderElection356] INFO  impl.LeaderElection (LeaderElection.java:logAndReturn(56)) - 327657b1-60f8-49f2-b2a3-f63e1f934942@group-58A987F56150-LeaderElection356: Election REJECTED; received 2 response(s) [327657b1-60f8-49f2-b2a3-f63e1f934942<-6605b8a5-570b-4977-9ee7-6aaf3012bed5#0:FAIL-t410, 327657b1-60f8-49f2-b2a3-f63e1f934942<-ddd4789c-894d-475a-bbfb-f6e7aa670c92#0:FAIL-t410] and 0 exception(s); 327657b1-60f8-49f2-b2a3-f63e1f934942@group-58A987F56150:t410, leader=null, voted=327657b1-60f8-49f2-b2a3-f63e1f934942, raftlog=327657b1-60f8-49f2-b2a3-f63e1f934942@group-58A987F56150-SegmentedRaftLog:OPENED:c-1,f-1,i0, conf=-1: [6605b8a5-570b-4977-9ee7-6aaf3012bed5:192.168.164.233:35223, 327657b1-60f8-49f2-b2a3-f63e1f934942:192.168.164.233:41966, ddd4789c-894d-475a-bbfb-f6e7aa670c92:192.168.164.233:41061], old=null
2019-10-18 14:58:50,148 [327657b1-60f8-49f2-b2a3-f63e1f934942@group-58A987F56150-LeaderElection356] INFO  impl.RaftServerImpl (RaftServerImpl.java:setRole(184)) - 327657b1-60f8-49f2-b2a3-f63e1f934942@group-58A987F56150: changes role from CANDIDATE to FOLLOWER at term 410 for DISCOVERED_A_NEW_TERM
2019-10-18 14:58:50,148 [327657b1-60f8-49f2-b2a3-f63e1f934942@group-58A987F56150-LeaderElection356] INFO  impl.RoleInfo (RoleInfo.java:shutdownLeaderElection(134)) - 327657b1-60f8-49f2-b2a3-f63e1f934942: shutdown LeaderElection
2019-10-18 14:58:50,148 [327657b1-60f8-49f2-b2a3-f63e1f934942@group-58A987F56150-LeaderElection356] INFO  impl.RoleInfo (RoleInfo.java:updateAndGet(143)) - 327657b1-60f8-49f2-b2a3-f63e1f934942: start FollowerState
2019-10-18 14:58:50,255 [Thread-2687] INFO  impl.FollowerState (FollowerState.java:run(108)) - 327657b1-60f8-49f2-b2a3-f63e1f934942@group-58A987F56150-FollowerState: change to CANDIDATE, lastRpcTime:106ms, electionTimeout:106ms
2019-10-18 14:58:50,255 [Thread-2687] INFO  impl.RoleInfo (RoleInfo.java:shutdownFollowerState(121)) - 327657b1-60f8-49f2-b2a3-f63e1f934942: shutdown FollowerState
2019-10-18 14:58:50,255 [Thread-2687] INFO  impl.RaftServerImpl (RaftServerImpl.java:setRole(184)) - 327657b1-60f8-49f2-b2a3-f63e1f934942@group-58A987F56150: changes role from  FOLLOWER to CANDIDATE at term 410 for changeToCandidate
2019-10-18 14:58:50,255 [Thread-2687] INFO  impl.RoleInfo (RoleInfo.java:updateAndGet(143)) - 327657b1-60f8-49f2-b2a3-f63e1f934942: start LeaderElection
2019-10-18 14:58:50,270 [327657b1-60f8-49f2-b2a3-f63e1f934942@group-58A987F56150-LeaderElection357] INFO  impl.LeaderElection (LeaderElection.java:askForVotes(178)) - 327657b1-60f8-49f2-b2a3-f63e1f934942@group-58A987F56150-LeaderElection357: begin an election at term 411 for -1: [6605b8a5-570b-4977-9ee7-6aaf3012bed5:192.168.164.233:35223, 327657b1-60f8-49f2-b2a3-f63e1f934942:192.168.164.233:41966, ddd4789c-894d-475a-bbfb-f6e7aa670c92:192.168.164.233:41061], old=null
2019-10-18 14:58:50,272 [grpc-default-executor-3] INFO  impl.RaftServerImpl (RaftServerImpl.java:setRole(184)) - 6605b8a5-570b-4977-9ee7-6aaf3012bed5@group-58A987F56150: changes role from  FOLLOWER to FOLLOWER at term 411 for recognizeCandidate:327657b1-60f8-49f2-b2a3-f63e1f934942
2019-10-18 14:58:50,272 [grpc-default-executor-3] INFO  impl.RoleInfo (RoleInfo.java:shutdownFollowerState(121)) - 6605b8a5-570b-4977-9ee7-6aaf3012bed5: shutdown FollowerState
2019-10-18 14:58:50,272 [grpc-default-executor-3] INFO  impl.RoleInfo (RoleInfo.java:updateAndGet(143)) - 6605b8a5-570b-4977-9ee7-6aaf3012bed5: start FollowerState
2019-10-18 14:58:50,272 [grpc-default-executor-2] INFO  impl.RaftServerImpl (RaftServerImpl.java:setRole(184)) - ddd4789c-894d-475a-bbfb-f6e7aa670c92@group-58A987F56150: changes role from  FOLLOWER to FOLLOWER at term 411 for recognizeCandidate:327657b1-60f8-49f2-b2a3-f63e1f934942
2019-10-18 14:58:50,272 [Thread-2686] INFO  impl.FollowerState (FollowerState.java:run(117)) - 6605b8a5-570b-4977-9ee7-6aaf3012bed5@group-58A987F56150-FollowerState was interrupted: java.lang.InterruptedException: sleep interrupted
2019-10-18 14:58:50,273 [grpc-default-executor-2] INFO  impl.RoleInfo (RoleInfo.java:shutdownFollowerState(121)) - ddd4789c-894d-475a-bbfb-f6e7aa670c92: shutdown FollowerState
2019-10-18 14:58:50,273 [grpc-default-executor-2] INFO  impl.RoleInfo (RoleInfo.java:updateAndGet(143)) - ddd4789c-894d-475a-bbfb-f6e7aa670c92: start FollowerState
2019-10-18 14:58:50,273 [Thread-2685] INFO  impl.FollowerState (FollowerState.java:run(117)) - ddd4789c-894d-475a-bbfb-f6e7aa670c92@group-58A987F56150-FollowerState was interrupted: java.lang.InterruptedException: sleep interrupted
2019-10-18 14:58:50,298 [327657b1-60f8-49f2-b2a3-f63e1f934942@group-58A987F56150-LeaderElection357] INFO  impl.LeaderElection (LeaderElection.java:logAndReturn(56)) - 327657b1-60f8-49f2-b2a3-f63e1f934942@group-58A987F56150-LeaderElection357: Election REJECTED; received 2 response(s) [327657b1-60f8-49f2-b2a3-f63e1f934942<-6605b8a5-570b-4977-9ee7-6aaf3012bed5#0:FAIL-t411, 327657b1-60f8-49f2-b2a3-f63e1f934942<-ddd4789c-894d-475a-bbfb-f6e7aa670c92#0:FAIL-t411] and 0 exception(s); 327657b1-60f8-49f2-b2a3-f63e1f934942@group-58A987F56150:t411, leader=null, voted=327657b1-60f8-49f2-b2a3-f63e1f934942, raftlog=327657b1-60f8-49f2-b2a3-f63e1f934942@group-58A987F56150-SegmentedRaftLog:OPENED:c-1,f-1,i0, conf=-1: [6605b8a5-570b-4977-9ee7-6aaf3012bed5:192.168.164.233:35223, 327657b1-60f8-49f2-b2a3-f63e1f934942:192.168.164.233:41966, ddd4789c-894d-475a-bbfb-f6e7aa670c92:192.168.164.233:41061], old=null
2019-10-18 14:58:50,298 [327657b1-60f8-49f2-b2a3-f63e1f934942@group-58A987F56150-LeaderElection357] INFO  impl.RaftServerImpl (RaftServerImpl.java:setRole(184)) - 327657b1-60f8-49f2-b2a3-f63e1f934942@group-58A987F56150: changes role from CANDIDATE to FOLLOWER at term 411 for DISCOVERED_A_NEW_TERM
2019-10-18 14:58:50,298 [327657b1-60f8-49f2-b2a3-f63e1f934942@group-58A987F56150-LeaderElection357] INFO  impl.RoleInfo (RoleInfo.java:shutdownLeaderElection(134)) - 327657b1-60f8-49f2-b2a3-f63e1f934942: shutdown LeaderElection
2019-10-18 14:58:50,298 [327657b1-60f8-49f2-b2a3-f63e1f934942@group-58A987F56150-LeaderElection357] INFO  impl.RoleInfo (RoleInfo.java:updateAndGet(143)) - 327657b1-60f8-49f2-b2a3-f63e1f934942: start FollowerState
2019-10-18 14:58:50,404 [Thread-2695] INFO  impl.FollowerState (FollowerState.java:run(108)) - 327657b1-60f8-49f2-b2a3-f63e1f934942@group-58A987F56150-FollowerState: change to CANDIDATE, lastRpcTime:105ms, electionTimeout:105ms
2019-10-18 14:58:50,404 [Thread-2695] INFO  impl.RoleInfo (RoleInfo.java:shutdownFollowerState(121)) - 327657b1-60f8-49f2-b2a3-f63e1f934942: shutdown FollowerState
2019-10-18 14:58:50,404 [Thread-2695] INFO  impl.RaftServerImpl (RaftServerImpl.java:setRole(184)) - 327657b1-60f8-49f2-b2a3-f63e1f934942@group-58A987F56150: changes role from  FOLLOWER to CANDIDATE at term 411 for changeToCandidate
2019-10-18 14:58:50,405 [Thread-2695] INFO  impl.RoleInfo (RoleInfo.java:updateAndGet(143)) - 327657b1-60f8-49f2-b2a3-f63e1f934942: start LeaderElection
2019-10-18 14:58:50,417 [327657b1-60f8-49f2-b2a3-f63e1f934942@group-58A987F56150-LeaderElection358] INFO  impl.LeaderElection (LeaderElection.java:askForVotes(178)) - 327657b1-60f8-49f2-b2a3-f63e1f934942@group-58A987F56150-LeaderElection358: begin an election at term 412 for -1: [6605b8a5-570b-4977-9ee7-6aaf3012bed5:192.168.164.233:35223, 327657b1-60f8-49f2-b2a3-f63e1f934942:192.168.164.233:41966, ddd4789c-894d-475a-bbfb-f6e7aa670c92:192.168.164.233:41061], old=null
2019-10-18 14:58:50,420 [grpc-default-executor-2] INFO  impl.RaftServerImpl (RaftServerImpl.java:setRole(184)) - ddd4789c-894d-475a-bbfb-f6e7aa670c92@group-58A987F56150: changes role from  FOLLOWER to FOLLOWER at term 412 for recognizeCandidate:327657b1-60f8-49f2-b2a3-f63e1f934942
2019-10-18 14:58:50,421 [grpc-default-executor-2] INFO  impl.RoleInfo (RoleInfo.java:shutdownFollowerState(121)) - ddd4789c-894d-475a-bbfb-f6e7aa670c92: shutdown FollowerState
2019-10-18 14:58:50,420 [grpc-default-executor-3] INFO  impl.RaftServerImpl (RaftServerImpl.java:setRole(184)) - 6605b8a5-570b-4977-9ee7-6aaf3012bed5@group-58A987F56150: changes role from  FOLLOWER to FOLLOWER at term 412 for recognizeCandidate:327657b1-60f8-49f2-b2a3-f63e1f934942
2019-10-18 14:58:50,421 [Thread-2694] INFO  impl.FollowerState (FollowerState.java:run(117)) - ddd4789c-894d-475a-bbfb-f6e7aa670c92@group-58A987F56150-FollowerState was interrupted: java.lang.InterruptedException: sleep interrupted
2019-10-18 14:58:50,421 [grpc-default-executor-2] INFO  impl.RoleInfo (RoleInfo.java:updateAndGet(143)) - ddd4789c-894d-475a-bbfb-f6e7aa670c92: start FollowerState
2019-10-18 14:58:50,421 [grpc-default-executor-3] INFO  impl.RoleInfo (RoleInfo.java:shutdownFollowerState(121)) - 6605b8a5-570b-4977-9ee7-6aaf3012bed5: shutdown FollowerState
2019-10-18 14:58:50,421 [grpc-default-executor-3] INFO  impl.RoleInfo (RoleInfo.java:updateAndGet(143)) - 6605b8a5-570b-4977-9ee7-6aaf3012bed5: start FollowerState
2019-10-18 14:58:50,422 [Thread-2693] INFO  impl.FollowerState (FollowerState.java:run(117)) - 6605b8a5-570b-4977-9ee7-6aaf3012bed5@group-58A987F56150-FollowerState was interrupted: java.lang.InterruptedException: sleep interrupted
2019-10-18 14:58:50,435 [327657b1-60f8-49f2-b2a3-f63e1f934942@group-58A987F56150-LeaderElection358] INFO  impl.LeaderElection (LeaderElection.java:logAndReturn(56)) - 327657b1-60f8-49f2-b2a3-f63e1f934942@group-58A987F56150-LeaderElection358: Election TIMEOUT; received 0 response(s) [] and 0 exception(s); 327657b1-60f8-49f2-b2a3-f63e1f934942@group-58A987F56150:t412, leader=null, voted=327657b1-60f8-49f2-b2a3-f63e1f934942, raftlog=327657b1-60f8-49f2-b2a3-f63e1f934942@group-58A987F56150-SegmentedRaftLog:OPENED:c-1,f-1,i0, conf=-1: [6605b8a5-570b-4977-9ee7-6aaf3012bed5:192.168.164.233:35223, 327657b1-60f8-49f2-b2a3-f63e1f934942:192.168.164.233:41966, ddd4789c-894d-475a-bbfb-f6e7aa670c92:192.168.164.233:41061], old=null
2019-10-18 14:58:50,448 [327657b1-60f8-49f2-b2a3-f63e1f934942@group-58A987F56150-LeaderElection358] INFO  impl.LeaderElection (LeaderElection.java:askForVotes(178)) - 327657b1-60f8-49f2-b2a3-f63e1f934942@group-58A987F56150-LeaderElection358: begin an election at term 413 for -1: [6605b8a5-570b-4977-9ee7-6aaf3012bed5:192.168.164.233:35223, 327657b1-60f8-49f2-b2a3-f63e1f934942:192.168.164.233:41966, ddd4789c-894d-475a-bbfb-f6e7aa670c92:192.168.164.233:41061], old=null
2019-10-18 14:58:50,449 [grpc-default-executor-3] INFO  impl.RaftServerImpl (RaftServerImpl.java:setRole(184)) - 6605b8a5-570b-4977-9ee7-6aaf3012bed5@group-58A987F56150: changes role from  FOLLOWER to FOLLOWER at term 413 for recognizeCandidate:327657b1-60f8-49f2-b2a3-f63e1f934942
2019-10-18 14:58:50,450 [grpc-default-executor-3] INFO  impl.RoleInfo (RoleInfo.java:shutdownFollowerState(121)) - 6605b8a5-570b-4977-9ee7-6aaf3012bed5: shutdown FollowerState
2019-10-18 14:58:50,450 [grpc-default-executor-2] INFO  impl.RaftServerImpl (RaftServerImpl.java:setRole(184)) - ddd4789c-894d-475a-bbfb-f6e7aa670c92@group-58A987F56150: changes role from  FOLLOWER to FOLLOWER at term 413 for recognizeCandidate:327657b1-60f8-49f2-b2a3-f63e1f934942
2019-10-18 14:58:50,450 [grpc-default-executor-2] INFO  impl.RoleInfo (RoleInfo.java:shutdownFollowerState(121)) - ddd4789c-894d-475a-bbfb-f6e7aa670c92: shutdown FollowerState
2019-10-18 14:58:50,450 [Thread-2700] INFO  impl.FollowerState (FollowerState.java:run(117)) - 6605b8a5-570b-4977-9ee7-6aaf3012bed5@group-58A987F56150-FollowerState was interrupted: java.lang.InterruptedException: sleep interrupted
2019-10-18 14:58:50,450 [grpc-default-executor-3] INFO  impl.RoleInfo (RoleInfo.java:updateAndGet(143)) - 6605b8a5-570b-4977-9ee7-6aaf3012bed5: start FollowerState
2019-10-18 14:58:50,450 [Thread-2699] INFO  impl.FollowerState (FollowerState.java:run(117)) - ddd4789c-894d-475a-bbfb-f6e7aa670c92@group-58A987F56150-FollowerState was interrupted: java.lang.InterruptedException: sleep interrupted
2019-10-18 14:58:50,450 [grpc-default-executor-2] INFO  impl.RoleInfo (RoleInfo.java:updateAndGet(143)) - ddd4789c-894d-475a-bbfb-f6e7aa670c92: start FollowerState
2019-10-18 14:58:50,469 [327657b1-60f8-49f2-b2a3-f63e1f934942@group-58A987F56150-LeaderElection358] INFO  impl.LeaderElection (LeaderElection.java:logAndReturn(56)) - 327657b1-60f8-49f2-b2a3-f63e1f934942@group-58A987F56150-LeaderElection358: Election TIMEOUT; received 0 response(s) [] and 0 exception(s); 327657b1-60f8-49f2-b2a3-f63e1f934942@group-58A987F56150:t413, leader=null, voted=327657b1-60f8-49f2-b2a3-f63e1f934942, raftlog=327657b1-60f8-49f2-b2a3-f63e1f934942@group-58A987F56150-SegmentedRaftLog:OPENED:c-1,f-1,i0, conf=-1: [6605b8a5-570b-4977-9ee7-6aaf3012bed5:192.168.164.233:35223, 327657b1-60f8-49f2-b2a3-f63e1f934942:192.168.164.233:41966, ddd4789c-894d-475a-bbfb-f6e7aa670c92:192.168.164.233:41061], old=null
2019-10-18 14:58:50,475 [327657b1-60f8-49f2-b2a3-f63e1f934942@group-58A987F56150-LeaderElection358] INFO  impl.LeaderElection (LeaderElection.java:askForVotes(178)) - 327657b1-60f8-49f2-b2a3-f63e1f934942@group-58A987F56150-LeaderElection358: begin an election at term 414 for -1: [6605b8a5-570b-4977-9ee7-6aaf3012bed5:192.168.164.233:35223, 327657b1-60f8-49f2-b2a3-f63e1f934942:192.168.164.233:41966, ddd4789c-894d-475a-bbfb-f6e7aa670c92:192.168.164.233:41061], old=null
2019-10-18 14:58:50,476 [grpc-default-executor-3] INFO  impl.RaftServerImpl (RaftServerImpl.java:setRole(184)) - 6605b8a5-570b-4977-9ee7-6aaf3012bed5@group-58A987F56150: changes role from  FOLLOWER to FOLLOWER at term 414 for recognizeCandidate:327657b1-60f8-49f2-b2a3-f63e1f934942
2019-10-18 14:58:50,476 [grpc-default-executor-2] INFO  impl.RaftServerImpl (RaftServerImpl.java:setRole(184)) - ddd4789c-894d-475a-bbfb-f6e7aa670c92@group-58A987F56150: changes role from  FOLLOWER to FOLLOWER at term 414 for recognizeCandidate:327657b1-60f8-49f2-b2a3-f63e1f934942
2019-10-18 14:58:50,476 [grpc-default-executor-3] INFO  impl.RoleInfo (RoleInfo.java:shutdownFollowerState(121)) - 6605b8a5-570b-4977-9ee7-6aaf3012bed5: shutdown FollowerState
2019-10-18 14:58:50,476 [grpc-default-executor-2] INFO  impl.RoleInfo (RoleInfo.java:shutdownFollowerState(121)) - ddd4789c-894d-475a-bbfb-f6e7aa670c92: shutdown FollowerState
2019-10-18 14:58:50,477 [Thread-2703] INFO  impl.FollowerState (FollowerState.java:run(117)) - 6605b8a5-570b-4977-9ee7-6aaf3012bed5@group-58A987F56150-FollowerState was interrupted: java.lang.InterruptedException: sleep interrupted
2019-10-18 14:58:50,477 [grpc-default-executor-3] INFO  impl.RoleInfo (RoleInfo.java:updateAndGet(143)) - 6605b8a5-570b-4977-9ee7-6aaf3012bed5: start FollowerState
2019-10-18 14:58:50,477 [Thread-2704] INFO  impl.FollowerState (FollowerState.java:run(117)) - ddd4789c-894d-475a-bbfb-f6e7aa670c92@group-58A987F56150-FollowerState was interrupted: java.lang.InterruptedException: sleep interrupted
2019-10-18 14:58:50,477 [grpc-default-executor-2] INFO  impl.RoleInfo (RoleInfo.java:updateAndGet(143)) - ddd4789c-894d-475a-bbfb-f6e7aa670c92: start FollowerState
2019-10-18 14:58:50,496 [327657b1-60f8-49f2-b2a3-f63e1f934942@group-58A987F56150-LeaderElection358] INFO  impl.LeaderElection (LeaderElection.java:logAndReturn(56)) - 327657b1-60f8-49f2-b2a3-f63e1f934942@group-58A987F56150-LeaderElection358: Election REJECTED; received 2 response(s) [327657b1-60f8-49f2-b2a3-f63e1f934942<-6605b8a5-570b-4977-9ee7-6aaf3012bed5#0:FAIL-t414, 327657b1-60f8-49f2-b2a3-f63e1f934942<-ddd4789c-894d-475a-bbfb-f6e7aa670c92#0:FAIL-t414] and 0 exception(s); 327657b1-60f8-49f2-b2a3-f63e1f934942@group-58A987F56150:t414, leader=null, voted=327657b1-60f8-49f2-b2a3-f63e1f934942, raftlog=327657b1-60f8-49f2-b2a3-f63e1f934942@group-58A987F56150-SegmentedRaftLog:OPENED:c-1,f-1,i0, conf=-1: [6605b8a5-570b-4977-9ee7-6aaf3012bed5:192.168.164.233:35223, 327657b1-60f8-49f2-b2a3-f63e1f934942:192.168.164.233:41966, ddd4789c-894d-475a-bbfb-f6e7aa670c92:192.168.164.233:41061], old=null
2019-10-18 14:58:50,496 [327657b1-60f8-49f2-b2a3-f63e1f934942@group-58A987F56150-LeaderElection358] INFO  impl.RaftServerImpl (RaftServerImpl.java:setRole(184)) - 327657b1-60f8-49f2-b2a3-f63e1f934942@group-58A987F56150: changes role from CANDIDATE to FOLLOWER at term 414 for DISCOVERED_A_NEW_TERM
2019-10-18 14:58:50,496 [327657b1-60f8-49f2-b2a3-f63e1f934942@group-58A987F56150-LeaderElection358] INFO  impl.RoleInfo (RoleInfo.java:shutdownLeaderElection(134)) - 327657b1-60f8-49f2-b2a3-f63e1f934942: shutdown LeaderElection
2019-10-18 14:58:50,496 [327657b1-60f8-49f2-b2a3-f63e1f934942@group-58A987F56150-LeaderElection358] INFO  impl.RoleInfo (RoleInfo.java:updateAndGet(143)) - 327657b1-60f8-49f2-b2a3-f63e1f934942: start FollowerState
2019-10-18 14:58:50,661 [Thread-2709] INFO  impl.FollowerState (FollowerState.java:run(108)) - 327657b1-60f8-49f2-b2a3-f63e1f934942@group-58A987F56150-FollowerState: change to CANDIDATE, lastRpcTime:164ms, electionTimeout:164ms
2019-10-18 14:58:50,661 [Thread-2709] INFO  impl.RoleInfo (RoleInfo.java:shutdownFollowerState(121)) - 327657b1-60f8-49f2-b2a3-f63e1f934942: shutdown FollowerState
2019-10-18 14:58:50,661 [Thread-2709] INFO  impl.RaftServerImpl (RaftServerImpl.java:setRole(184)) - 327657b1-60f8-49f2-b2a3-f63e1f934942@group-58A987F56150: changes role from  FOLLOWER to CANDIDATE at term 414 for changeToCandidate
2019-10-18 14:58:50,661 [Thread-2709] INFO  impl.RoleInfo (RoleInfo.java:updateAndGet(143)) - 327657b1-60f8-49f2-b2a3-f63e1f934942: start LeaderElection
2019-10-18 14:58:50,674 [327657b1-60f8-49f2-b2a3-f63e1f934942@group-58A987F56150-LeaderElection359] INFO  impl.LeaderElection (LeaderElection.java:askForVotes(178)) - 327657b1-60f8-49f2-b2a3-f63e1f934942@group-58A987F56150-LeaderElection359: begin an election at term 415 for -1: [6605b8a5-570b-4977-9ee7-6aaf3012bed5:192.168.164.233:35223, 327657b1-60f8-49f2-b2a3-f63e1f934942:192.168.164.233:41966, ddd4789c-894d-475a-bbfb-f6e7aa670c92:192.168.164.233:41061], old=null
2019-10-18 14:58:50,678 [grpc-default-executor-2] INFO  impl.RaftServerImpl (RaftServerImpl.java:setRole(184)) - ddd4789c-894d-475a-bbfb-f6e7aa670c92@group-58A987F56150: changes role from  FOLLOWER to FOLLOWER at term 415 for recognizeCandidate:327657b1-60f8-49f2-b2a3-f63e1f934942
2019-10-18 14:58:50,679 [grpc-default-executor-2] INFO  impl.RoleInfo (RoleInfo.java:shutdownFollowerState(121)) - ddd4789c-894d-475a-bbfb-f6e7aa670c92: shutdown FollowerState
2019-10-18 14:58:50,679 [grpc-default-executor-3] INFO  impl.RaftServerImpl (RaftServerImpl.java:setRole(184)) - 6605b8a5-570b-4977-9ee7-6aaf3012bed5@group-58A987F56150: changes role from  FOLLOWER to FOLLOWER at term 415 for recognizeCandidate:327657b1-60f8-49f2-b2a3-f63e1f934942
2019-10-18 14:58:50,679 [grpc-default-executor-3] INFO  impl.RoleInfo (RoleInfo.java:shutdownFollowerState(121)) - 6605b8a5-570b-4977-9ee7-6aaf3012bed5: shutdown FollowerState
2019-10-18 14:58:50,679 [grpc-default-executor-2] INFO  impl.RoleInfo (RoleInfo.java:updateAndGet(143)) - ddd4789c-894d-475a-bbfb-f6e7aa670c92: start FollowerState
2019-10-18 14:58:50,680 [Thread-2707] INFO  impl.FollowerState (FollowerState.java:run(117)) - 6605b8a5-570b-4977-9ee7-6aaf3012bed5@group-58A987F56150-FollowerState was interrupted: java.lang.InterruptedException: sleep interrupted
2019-10-18 14:58:50,680 [grpc-default-executor-3] INFO  impl.RoleInfo (RoleInfo.java:updateAndGet(143)) - 6605b8a5-570b-4977-9ee7-6aaf3012bed5: start FollowerState
2019-10-18 14:58:50,679 [Thread-2708] INFO  impl.FollowerState (FollowerState.java:run(117)) - ddd4789c-894d-475a-bbfb-f6e7aa670c92@group-58A987F56150-FollowerState was interrupted: java.lang.InterruptedException: sleep interrupted
2019-10-18 14:58:50,706 [327657b1-60f8-49f2-b2a3-f63e1f934942@group-58A987F56150-LeaderElection359] INFO  impl.LeaderElection (LeaderElection.java:logAndReturn(56)) - 327657b1-60f8-49f2-b2a3-f63e1f934942@group-58A987F56150-LeaderElection359: Election REJECTED; received 2 response(s) [327657b1-60f8-49f2-b2a3-f63e1f934942<-6605b8a5-570b-4977-9ee7-6aaf3012bed5#0:FAIL-t415, 327657b1-60f8-49f2-b2a3-f63e1f934942<-ddd4789c-894d-475a-bbfb-f6e7aa670c92#0:FAIL-t415] and 0 exception(s); 327657b1-60f8-49f2-b2a3-f63e1f934942@group-58A987F56150:t415, leader=null, voted=327657b1-60f8-49f2-b2a3-f63e1f934942, raftlog=327657b1-60f8-49f2-b2a3-f63e1f934942@group-58A987F56150-SegmentedRaftLog:OPENED:c-1,f-1,i0, conf=-1: [6605b8a5-570b-4977-9ee7-6aaf3012bed5:192.168.164.233:35223, 327657b1-60f8-49f2-b2a3-f63e1f934942:192.168.164.233:41966, ddd4789c-894d-475a-bbfb-f6e7aa670c92:192.168.164.233:41061], old=null
2019-10-18 14:58:50,707 [327657b1-60f8-49f2-b2a3-f63e1f934942@group-58A987F56150-LeaderElection359] INFO  impl.RaftServerImpl (RaftServerImpl.java:setRole(184)) - 327657b1-60f8-49f2-b2a3-f63e1f934942@group-58A987F56150: changes role from CANDIDATE to FOLLOWER at term 415 for DISCOVERED_A_NEW_TERM
2019-10-18 14:58:50,707 [327657b1-60f8-49f2-b2a3-f63e1f934942@group-58A987F56150-LeaderElection359] INFO  impl.RoleInfo (RoleInfo.java:shutdownLeaderElection(134)) - 327657b1-60f8-49f2-b2a3-f63e1f934942: shutdown LeaderElection
2019-10-18 14:58:50,707 [327657b1-60f8-49f2-b2a3-f63e1f934942@group-58A987F56150-LeaderElection359] INFO  impl.RoleInfo (RoleInfo.java:updateAndGet(143)) - 327657b1-60f8-49f2-b2a3-f63e1f934942: start FollowerState
2019-10-18 14:58:50,839 [Thread-2715] INFO  impl.FollowerState (FollowerState.java:run(108)) - 327657b1-60f8-49f2-b2a3-f63e1f934942@group-58A987F56150-FollowerState: change to CANDIDATE, lastRpcTime:132ms, electionTimeout:132ms
2019-10-18 14:58:50,839 [Thread-2715] INFO  impl.RoleInfo (RoleInfo.java:shutdownFollowerState(121)) - 327657b1-60f8-49f2-b2a3-f63e1f934942: shutdown FollowerState
2019-10-18 14:58:50,840 [Thread-2715] INFO  impl.RaftServerImpl (RaftServerImpl.java:setRole(184)) - 327657b1-60f8-49f2-b2a3-f63e1f934942@group-58A987F56150: changes role from  FOLLOWER to CANDIDATE at term 415 for changeToCandidate
2019-10-18 14:58:50,840 [Thread-2715] INFO  impl.RoleInfo (RoleInfo.java:updateAndGet(143)) - 327657b1-60f8-49f2-b2a3-f63e1f934942: start LeaderElection
2019-10-18 14:58:50,865 [327657b1-60f8-49f2-b2a3-f63e1f934942@group-58A987F56150-LeaderElection360] INFO  impl.LeaderElection (LeaderElection.java:askForVotes(178)) - 327657b1-60f8-49f2-b2a3-f63e1f934942@group-58A987F56150-LeaderElection360: begin an election at term 416 for -1: [6605b8a5-570b-4977-9ee7-6aaf3012bed5:192.168.164.233:35223, 327657b1-60f8-49f2-b2a3-f63e1f934942:192.168.164.233:41966, ddd4789c-894d-475a-bbfb-f6e7aa670c92:192.168.164.233:41061], old=null
2019-10-18 14:58:50,868 [grpc-default-executor-2] INFO  impl.RaftServerImpl (RaftServerImpl.java:setRole(184)) - 6605b8a5-570b-4977-9ee7-6aaf3012bed5@group-58A987F56150: changes role from  FOLLOWER to FOLLOWER at term 416 for recognizeCandidate:327657b1-60f8-49f2-b2a3-f63e1f934942
2019-10-18 14:58:50,868 [grpc-default-executor-2] INFO  impl.RoleInfo (RoleInfo.java:shutdownFollowerState(121)) - 6605b8a5-570b-4977-9ee7-6aaf3012bed5: shutdown FollowerState
2019-10-18 14:58:50,868 [grpc-default-executor-2] INFO  impl.RoleInfo (RoleInfo.java:updateAndGet(143)) - 6605b8a5-570b-4977-9ee7-6aaf3012bed5: start FollowerState
2019-10-18 14:58:50,868 [grpc-default-executor-3] INFO  impl.RaftServerImpl (RaftServerImpl.java:setRole(184)) - ddd4789c-894d-475a-bbfb-f6e7aa670c92@group-58A987F56150: changes role from  FOLLOWER to FOLLOWER at term 416 for recognizeCandidate:327657b1-60f8-49f2-b2a3-f63e1f934942
2019-10-18 14:58:50,868 [grpc-default-executor-3] INFO  impl.RoleInfo (RoleInfo.java:shutdownFollowerState(121)) - ddd4789c-894d-475a-bbfb-f6e7aa670c92: shutdown FollowerState
2019-10-18 14:58:50,868 [Thread-2714] INFO  impl.FollowerState (FollowerState.java:run(117)) - 6605b8a5-570b-4977-9ee7-6aaf3012bed5@group-58A987F56150-FollowerState was interrupted: java.lang.InterruptedException: sleep interrupted
2019-10-18 14:58:50,874 [Thread-2713] INFO  impl.FollowerState (FollowerState.java:run(117)) - ddd4789c-894d-475a-bbfb-f6e7aa670c92@group-58A987F56150-FollowerState was interrupted: java.lang.InterruptedException: sleep interrupted
2019-10-18 14:58:50,874 [grpc-default-executor-3] INFO  impl.RoleInfo (RoleInfo.java:updateAndGet(143)) - ddd4789c-894d-475a-bbfb-f6e7aa670c92: start FollowerState
2019-10-18 14:58:50,900 [327657b1-60f8-49f2-b2a3-f63e1f934942@group-58A987F56150-LeaderElection360] INFO  impl.LeaderElection (LeaderElection.java:logAndReturn(56)) - 327657b1-60f8-49f2-b2a3-f63e1f934942@group-58A987F56150-LeaderElection360: Election REJECTED; received 2 response(s) [327657b1-60f8-49f2-b2a3-f63e1f934942<-6605b8a5-570b-4977-9ee7-6aaf3012bed5#0:FAIL-t416, 327657b1-60f8-49f2-b2a3-f63e1f934942<-ddd4789c-894d-475a-bbfb-f6e7aa670c92#0:FAIL-t416] and 0 exception(s); 327657b1-60f8-49f2-b2a3-f63e1f934942@group-58A987F56150:t416, leader=null, voted=327657b1-60f8-49f2-b2a3-f63e1f934942, raftlog=327657b1-60f8-49f2-b2a3-f63e1f934942@group-58A987F56150-SegmentedRaftLog:OPENED:c-1,f-1,i0, conf=-1: [6605b8a5-570b-4977-9ee7-6aaf3012bed5:192.168.164.233:35223, 327657b1-60f8-49f2-b2a3-f63e1f934942:192.168.164.233:41966, ddd4789c-894d-475a-bbfb-f6e7aa670c92:192.168.164.233:41061], old=null
2019-10-18 14:58:50,901 [327657b1-60f8-49f2-b2a3-f63e1f934942@group-58A987F56150-LeaderElection360] INFO  impl.RaftServerImpl (RaftServerImpl.java:setRole(184)) - 327657b1-60f8-49f2-b2a3-f63e1f934942@group-58A987F56150: changes role from CANDIDATE to FOLLOWER at term 416 for DISCOVERED_A_NEW_TERM
2019-10-18 14:58:50,901 [327657b1-60f8-49f2-b2a3-f63e1f934942@group-58A987F56150-LeaderElection360] INFO  impl.RoleInfo (RoleInfo.java:shutdownLeaderElection(134)) - 327657b1-60f8-49f2-b2a3-f63e1f934942: shutdown LeaderElection
2019-10-18 14:58:50,901 [327657b1-60f8-49f2-b2a3-f63e1f934942@group-58A987F56150-LeaderElection360] INFO  impl.RoleInfo (RoleInfo.java:updateAndGet(143)) - 327657b1-60f8-49f2-b2a3-f63e1f934942: start FollowerState
2019-10-18 14:58:51,084 [Thread-2721] INFO  impl.FollowerState (FollowerState.java:run(108)) - 327657b1-60f8-49f2-b2a3-f63e1f934942@group-58A987F56150-FollowerState: change to CANDIDATE, lastRpcTime:183ms, electionTimeout:183ms
2019-10-18 14:58:51,084 [Thread-2721] INFO  impl.RoleInfo (RoleInfo.java:shutdownFollowerState(121)) - 327657b1-60f8-49f2-b2a3-f63e1f934942: shutdown FollowerState
2019-10-18 14:58:51,085 [Thread-2721] INFO  impl.RaftServerImpl (RaftServerImpl.java:setRole(184)) - 327657b1-60f8-49f2-b2a3-f63e1f934942@group-58A987F56150: changes role from  FOLLOWER to CANDIDATE at term 416 for changeToCandidate
2019-10-18 14:58:51,085 [Thread-2721] INFO  impl.RoleInfo (RoleInfo.java:updateAndGet(143)) - 327657b1-60f8-49f2-b2a3-f63e1f934942: start LeaderElection
2019-10-18 14:58:51,109 [327657b1-60f8-49f2-b2a3-f63e1f934942@group-58A987F56150-LeaderElection361] INFO  impl.LeaderElection (LeaderElection.java:askForVotes(178)) - 327657b1-60f8-49f2-b2a3-f63e1f934942@group-58A987F56150-LeaderElection361: begin an election at term 417 for -1: [6605b8a5-570b-4977-9ee7-6aaf3012bed5:192.168.164.233:35223, 327657b1-60f8-49f2-b2a3-f63e1f934942:192.168.164.233:41966, ddd4789c-894d-475a-bbfb-f6e7aa670c92:192.168.164.233:41061], old=null
2019-10-18 14:58:51,112 [grpc-default-executor-3] INFO  impl.RaftServerImpl (RaftServerImpl.java:setRole(184)) - 6605b8a5-570b-4977-9ee7-6aaf3012bed5@group-58A987F56150: changes role from  FOLLOWER to FOLLOWER at term 417 for recognizeCandidate:327657b1-60f8-49f2-b2a3-f63e1f934942
2019-10-18 14:58:51,112 [grpc-default-executor-2] INFO  impl.RaftServerImpl (RaftServerImpl.java:setRole(184)) - ddd4789c-894d-475a-bbfb-f6e7aa670c92@group-58A987F56150: changes role from  FOLLOWER to FOLLOWER at term 417 for recognizeCandidate:327657b1-60f8-49f2-b2a3-f63e1f934942
2019-10-18 14:58:51,112 [grpc-default-executor-3] INFO  impl.RoleInfo (RoleInfo.java:shutdownFollowerState(121)) - 6605b8a5-570b-4977-9ee7-6aaf3012bed5: shutdown FollowerState
2019-10-18 14:58:51,113 [grpc-default-executor-2] INFO  impl.RoleInfo (RoleInfo.java:shutdownFollowerState(121)) - ddd4789c-894d-475a-bbfb-f6e7aa670c92: shutdown FollowerState
2019-10-18 14:58:51,113 [Thread-2719] INFO  impl.FollowerState (FollowerState.java:run(117)) - 6605b8a5-570b-4977-9ee7-6aaf3012bed5@group-58A987F56150-FollowerState was interrupted: java.lang.InterruptedException: sleep interrupted
2019-10-18 14:58:51,113 [grpc-default-executor-3] INFO  impl.RoleInfo (RoleInfo.java:updateAndGet(143)) - 6605b8a5-570b-4977-9ee7-6aaf3012bed5: start FollowerState
2019-10-18 14:58:51,113 [Thread-2720] INFO  impl.FollowerState (FollowerState.java:run(117)) - ddd4789c-894d-475a-bbfb-f6e7aa670c92@group-58A987F56150-FollowerState was interrupted: java.lang.InterruptedException: sleep interrupted
2019-10-18 14:58:51,113 [grpc-default-executor-2] INFO  impl.RoleInfo (RoleInfo.java:updateAndGet(143)) - ddd4789c-894d-475a-bbfb-f6e7aa670c92: start FollowerState
2019-10-18 14:58:51,127 [327657b1-60f8-49f2-b2a3-f63e1f934942@group-58A987F56150-LeaderElection361] INFO  impl.LeaderElection (LeaderElection.java:logAndReturn(56)) - 327657b1-60f8-49f2-b2a3-f63e1f934942@group-58A987F56150-LeaderElection361: Election TIMEOUT; received 0 response(s) [] and 0 exception(s); 327657b1-60f8-49f2-b2a3-f63e1f934942@group-58A987F56150:t417, leader=null, voted=327657b1-60f8-49f2-b2a3-f63e1f934942, raftlog=327657b1-60f8-49f2-b2a3-f63e1f934942@group-58A987F56150-SegmentedRaftLog:OPENED:c-1,f-1,i0, conf=-1: [6605b8a5-570b-4977-9ee7-6aaf3012bed5:192.168.164.233:35223, 327657b1-60f8-49f2-b2a3-f63e1f934942:192.168.164.233:41966, ddd4789c-894d-475a-bbfb-f6e7aa670c92:192.168.164.233:41061], old=null
2019-10-18 14:58:51,140 [327657b1-60f8-49f2-b2a3-f63e1f934942@group-58A987F56150-LeaderElection361] INFO  impl.LeaderElection (LeaderElection.java:askForVotes(178)) - 327657b1-60f8-49f2-b2a3-f63e1f934942@group-58A987F56150-LeaderElection361: begin an election at term 418 for -1: [6605b8a5-570b-4977-9ee7-6aaf3012bed5:192.168.164.233:35223, 327657b1-60f8-49f2-b2a3-f63e1f934942:192.168.164.233:41966, ddd4789c-894d-475a-bbfb-f6e7aa670c92:192.168.164.233:41061], old=null
2019-10-18 14:58:51,142 [grpc-default-executor-2] INFO  impl.RaftServerImpl (RaftServerImpl.java:setRole(184)) - 6605b8a5-570b-4977-9ee7-6aaf3012bed5@group-58A987F56150: changes role from  FOLLOWER to FOLLOWER at term 418 for recognizeCandidate:327657b1-60f8-49f2-b2a3-f63e1f934942
2019-10-18 14:58:51,142 [grpc-default-executor-2] INFO  impl.RoleInfo (RoleInfo.java:shutdownFollowerState(121)) - 6605b8a5-570b-4977-9ee7-6aaf3012bed5: shutdown FollowerState
2019-10-18 14:58:51,142 [grpc-default-executor-2] INFO  impl.RoleInfo (RoleInfo.java:updateAndGet(143)) - 6605b8a5-570b-4977-9ee7-6aaf3012bed5: start FollowerState
2019-10-18 14:58:51,142 [grpc-default-executor-3] INFO  impl.RaftServerImpl (RaftServerImpl.java:setRole(184)) - ddd4789c-894d-475a-bbfb-f6e7aa670c92@group-58A987F56150: changes role from  FOLLOWER to FOLLOWER at term 418 for recognizeCandidate:327657b1-60f8-49f2-b2a3-f63e1f934942
2019-10-18 14:58:51,142 [grpc-default-executor-3] INFO  impl.RoleInfo (RoleInfo.java:shutdownFollowerState(121)) - ddd4789c-894d-475a-bbfb-f6e7aa670c92: shutdown FollowerState
2019-10-18 14:58:51,142 [Thread-2725] INFO  impl.FollowerState (FollowerState.java:run(117)) - 6605b8a5-570b-4977-9ee7-6aaf3012bed5@group-58A987F56150-FollowerState was interrupted: java.lang.InterruptedException: sleep interrupted
2019-10-18 14:58:51,143 [Thread-2726] INFO  impl.FollowerState (FollowerState.java:run(117)) - ddd4789c-894d-475a-bbfb-f6e7aa670c92@group-58A987F56150-FollowerState was interrupted: java.lang.InterruptedException: sleep interrupted
2019-10-18 14:58:51,143 [grpc-default-executor-3] INFO  impl.RoleInfo (RoleInfo.java:updateAndGet(143)) - ddd4789c-894d-475a-bbfb-f6e7aa670c92: start FollowerState
2019-10-18 14:58:51,156 [327657b1-60f8-49f2-b2a3-f63e1f934942@group-58A987F56150-LeaderElection361] INFO  impl.LeaderElection (LeaderElection.java:logAndReturn(56)) - 327657b1-60f8-49f2-b2a3-f63e1f934942@group-58A987F56150-LeaderElection361: Election REJECTED; received 2 response(s) [327657b1-60f8-49f2-b2a3-f63e1f934942<-6605b8a5-570b-4977-9ee7-6aaf3012bed5#0:FAIL-t418, 327657b1-60f8-49f2-b2a3-f63e1f934942<-ddd4789c-894d-475a-bbfb-f6e7aa670c92#0:FAIL-t418] and 0 exception(s); 327657b1-60f8-49f2-b2a3-f63e1f934942@group-58A987F56150:t418, leader=null, voted=327657b1-60f8-49f2-b2a3-f63e1f934942, raftlog=327657b1-60f8-49f2-b2a3-f63e1f934942@group-58A987F56150-SegmentedRaftLog:OPENED:c-1,f-1,i0, conf=-1: [6605b8a5-570b-4977-9ee7-6aaf3012bed5:192.168.164.233:35223, 327657b1-60f8-49f2-b2a3-f63e1f934942:192.168.164.233:41966, ddd4789c-894d-475a-bbfb-f6e7aa670c92:192.168.164.233:41061], old=null
2019-10-18 14:58:51,156 [327657b1-60f8-49f2-b2a3-f63e1f934942@group-58A987F56150-LeaderElection361] INFO  impl.RaftServerImpl (RaftServerImpl.java:setRole(184)) - 327657b1-60f8-49f2-b2a3-f63e1f934942@group-58A987F56150: changes role from CANDIDATE to FOLLOWER at term 418 for DISCOVERED_A_NEW_TERM
2019-10-18 14:58:51,157 [327657b1-60f8-49f2-b2a3-f63e1f934942@group-58A987F56150-LeaderElection361] INFO  impl.RoleInfo (RoleInfo.java:shutdownLeaderElection(134)) - 327657b1-60f8-49f2-b2a3-f63e1f934942: shutdown LeaderElection
2019-10-18 14:58:51,157 [327657b1-60f8-49f2-b2a3-f63e1f934942@group-58A987F56150-LeaderElection361] INFO  impl.RoleInfo (RoleInfo.java:updateAndGet(143)) - 327657b1-60f8-49f2-b2a3-f63e1f934942: start FollowerState
2019-10-18 14:58:51,199 [Thread-2731] INFO  impl.FollowerState (FollowerState.java:run(108)) - 327657b1-60f8-49f2-b2a3-f63e1f934942@group-58A987F56150-FollowerState: change to CANDIDATE, lastRpcTime:42ms, electionTimeout:42ms
2019-10-18 14:58:51,199 [Thread-2731] INFO  impl.RoleInfo (RoleInfo.java:shutdownFollowerState(121)) - 327657b1-60f8-49f2-b2a3-f63e1f934942: shutdown FollowerState
2019-10-18 14:58:51,199 [Thread-2731] INFO  impl.RaftServerImpl (RaftServerImpl.java:setRole(184)) - 327657b1-60f8-49f2-b2a3-f63e1f934942@group-58A987F56150: changes role from  FOLLOWER to CANDIDATE at term 418 for changeToCandidate
2019-10-18 14:58:51,200 [Thread-2731] INFO  impl.RoleInfo (RoleInfo.java:updateAndGet(143)) - 327657b1-60f8-49f2-b2a3-f63e1f934942: start LeaderElection
2019-10-18 14:58:51,212 [327657b1-60f8-49f2-b2a3-f63e1f934942@group-58A987F56150-LeaderElection362] INFO  impl.LeaderElection (LeaderElection.java:askForVotes(178)) - 327657b1-60f8-49f2-b2a3-f63e1f934942@group-58A987F56150-LeaderElection362: begin an election at term 419 for -1: [6605b8a5-570b-4977-9ee7-6aaf3012bed5:192.168.164.233:35223, 327657b1-60f8-49f2-b2a3-f63e1f934942:192.168.164.233:41966, ddd4789c-894d-475a-bbfb-f6e7aa670c92:192.168.164.233:41061], old=null
2019-10-18 14:58:51,215 [grpc-default-executor-3] INFO  impl.RaftServerImpl (RaftServerImpl.java:setRole(184)) - 6605b8a5-570b-4977-9ee7-6aaf3012bed5@group-58A987F56150: changes role from  FOLLOWER to FOLLOWER at term 419 for recognizeCandidate:327657b1-60f8-49f2-b2a3-f63e1f934942
2019-10-18 14:58:51,215 [grpc-default-executor-3] INFO  impl.RoleInfo (RoleInfo.java:shutdownFollowerState(121)) - 6605b8a5-570b-4977-9ee7-6aaf3012bed5: shutdown FollowerState
2019-10-18 14:58:51,215 [grpc-default-executor-3] INFO  impl.RoleInfo (RoleInfo.java:updateAndGet(143)) - 6605b8a5-570b-4977-9ee7-6aaf3012bed5: start FollowerState
2019-10-18 14:58:51,215 [Thread-2729] INFO  impl.FollowerState (FollowerState.java:run(117)) - 6605b8a5-570b-4977-9ee7-6aaf3012bed5@group-58A987F56150-FollowerState was interrupted: java.lang.InterruptedException: sleep interrupted
2019-10-18 14:58:51,215 [grpc-default-executor-0] INFO  impl.RaftServerImpl (RaftServerImpl.java:setRole(184)) - ddd4789c-894d-475a-bbfb-f6e7aa670c92@group-58A987F56150: changes role from  FOLLOWER to FOLLOWER at term 419 for recognizeCandidate:327657b1-60f8-49f2-b2a3-f63e1f934942
2019-10-18 14:58:51,215 [grpc-default-executor-0] INFO  impl.RoleInfo (RoleInfo.java:shutdownFollowerState(121)) - ddd4789c-894d-475a-bbfb-f6e7aa670c92: shutdown FollowerState
2019-10-18 14:58:51,216 [Thread-2730] INFO  impl.FollowerState (FollowerState.java:run(117)) - ddd4789c-894d-475a-bbfb-f6e7aa670c92@group-58A987F56150-FollowerState was interrupted: java.lang.InterruptedException: sleep interrupted
2019-10-18 14:58:51,216 [grpc-default-executor-0] INFO  impl.RoleInfo (RoleInfo.java:updateAndGet(143)) - ddd4789c-894d-475a-bbfb-f6e7aa670c92: start FollowerState
2019-10-18 14:58:51,241 [327657b1-60f8-49f2-b2a3-f63e1f934942@group-58A987F56150-LeaderElection362] INFO  impl.LeaderElection (LeaderElection.java:logAndReturn(56)) - 327657b1-60f8-49f2-b2a3-f63e1f934942@group-58A987F56150-LeaderElection362: Election REJECTED; received 2 response(s) [327657b1-60f8-49f2-b2a3-f63e1f934942<-6605b8a5-570b-4977-9ee7-6aaf3012bed5#0:FAIL-t419, 327657b1-60f8-49f2-b2a3-f63e1f934942<-ddd4789c-894d-475a-bbfb-f6e7aa670c92#0:FAIL-t419] and 0 exception(s); 327657b1-60f8-49f2-b2a3-f63e1f934942@group-58A987F56150:t419, leader=null, voted=327657b1-60f8-49f2-b2a3-f63e1f934942, raftlog=327657b1-60f8-49f2-b2a3-f63e1f934942@group-58A987F56150-SegmentedRaftLog:OPENED:c-1,f-1,i0, conf=-1: [6605b8a5-570b-4977-9ee7-6aaf3012bed5:192.168.164.233:35223, 327657b1-60f8-49f2-b2a3-f63e1f934942:192.168.164.233:41966, ddd4789c-894d-475a-bbfb-f6e7aa670c92:192.168.164.233:41061], old=null
2019-10-18 14:58:51,241 [327657b1-60f8-49f2-b2a3-f63e1f934942@group-58A987F56150-LeaderElection362] INFO  impl.RaftServerImpl (RaftServerImpl.java:setRole(184)) - 327657b1-60f8-49f2-b2a3-f63e1f934942@group-58A987F56150: changes role from CANDIDATE to FOLLOWER at term 419 for DISCOVERED_A_NEW_TERM
2019-10-18 14:58:51,241 [327657b1-60f8-49f2-b2a3-f63e1f934942@group-58A987F56150-LeaderElection362] INFO  impl.RoleInfo (RoleInfo.java:shutdownLeaderElection(134)) - 327657b1-60f8-49f2-b2a3-f63e1f934942: shutdown LeaderElection
2019-10-18 14:58:51,241 [327657b1-60f8-49f2-b2a3-f63e1f934942@group-58A987F56150-LeaderElection362] INFO  impl.RoleInfo (RoleInfo.java:updateAndGet(143)) - 327657b1-60f8-49f2-b2a3-f63e1f934942: start FollowerState
2019-10-18 14:58:51,374 [Thread-2739] INFO  impl.FollowerState (FollowerState.java:run(108)) - 327657b1-60f8-49f2-b2a3-f63e1f934942@group-58A987F56150-FollowerState: change to CANDIDATE, lastRpcTime:132ms, electionTimeout:132ms
2019-10-18 14:58:51,374 [Thread-2739] INFO  impl.RoleInfo (RoleInfo.java:shutdownFollowerState(121)) - 327657b1-60f8-49f2-b2a3-f63e1f934942: shutdown FollowerState
2019-10-18 14:58:51,374 [Thread-2739] INFO  impl.RaftServerImpl (RaftServerImpl.java:setRole(184)) - 327657b1-60f8-49f2-b2a3-f63e1f934942@group-58A987F56150: changes role from  FOLLOWER to CANDIDATE at term 419 for changeToCandidate
2019-10-18 14:58:51,374 [Thread-2739] INFO  impl.RoleInfo (RoleInfo.java:updateAndGet(143)) - 327657b1-60f8-49f2-b2a3-f63e1f934942: start LeaderElection
2019-10-18 14:58:51,400 [327657b1-60f8-49f2-b2a3-f63e1f934942@group-58A987F56150-LeaderElection363] INFO  impl.LeaderElection (LeaderElection.java:askForVotes(178)) - 327657b1-60f8-49f2-b2a3-f63e1f934942@group-58A987F56150-LeaderElection363: begin an election at term 420 for -1: [6605b8a5-570b-4977-9ee7-6aaf3012bed5:192.168.164.233:35223, 327657b1-60f8-49f2-b2a3-f63e1f934942:192.168.164.233:41966, ddd4789c-894d-475a-bbfb-f6e7aa670c92:192.168.164.233:41061], old=null
2019-10-18 14:58:51,402 [grpc-default-executor-0] INFO  impl.RaftServerImpl (RaftServerImpl.java:setRole(184)) - 6605b8a5-570b-4977-9ee7-6aaf3012bed5@group-58A987F56150: changes role from  FOLLOWER to FOLLOWER at term 420 for recognizeCandidate:327657b1-60f8-49f2-b2a3-f63e1f934942
2019-10-18 14:58:51,402 [grpc-default-executor-0] INFO  impl.RoleInfo (RoleInfo.java:shutdownFollowerState(121)) - 6605b8a5-570b-4977-9ee7-6aaf3012bed5: shutdown FollowerState
2019-10-18 14:58:51,402 [grpc-default-executor-0] INFO  impl.RoleInfo (RoleInfo.java:updateAndGet(143)) - 6605b8a5-570b-4977-9ee7-6aaf3012bed5: start FollowerState
2019-10-18 14:58:51,402 [Thread-2736] INFO  impl.FollowerState (FollowerState.java:run(117)) - 6605b8a5-570b-4977-9ee7-6aaf3012bed5@group-58A987F56150-FollowerState was interrupted: java.lang.InterruptedException: sleep interrupted
2019-10-18 14:58:51,402 [grpc-default-executor-3] INFO  impl.RaftServerImpl (RaftServerImpl.java:setRole(184)) - ddd4789c-894d-475a-bbfb-f6e7aa670c92@group-58A987F56150: changes role from  FOLLOWER to FOLLOWER at term 420 for recognizeCandidate:327657b1-60f8-49f2-b2a3-f63e1f934942
2019-10-18 14:58:51,402 [grpc-default-executor-3] INFO  impl.RoleInfo (RoleInfo.java:shutdownFollowerState(121)) - ddd4789c-894d-475a-bbfb-f6e7aa670c92: shutdown FollowerState
2019-10-18 14:58:51,403 [grpc-default-executor-3] INFO  impl.RoleInfo (RoleInfo.java:updateAndGet(143)) - ddd4789c-894d-475a-bbfb-f6e7aa670c92: start FollowerState
2019-10-18 14:58:51,403 [Thread-2738] INFO  impl.FollowerState (FollowerState.java:run(117)) - ddd4789c-894d-475a-bbfb-f6e7aa670c92@group-58A987F56150-FollowerState was interrupted: java.lang.InterruptedException: sleep interrupted
2019-10-18 14:58:51,428 [327657b1-60f8-49f2-b2a3-f63e1f934942@group-58A987F56150-LeaderElection363] INFO  impl.LeaderElection (LeaderElection.java:logAndReturn(56)) - 327657b1-60f8-49f2-b2a3-f63e1f934942@group-58A987F56150-LeaderElection363: Election REJECTED; received 2 response(s) [327657b1-60f8-49f2-b2a3-f63e1f934942<-6605b8a5-570b-4977-9ee7-6aaf3012bed5#0:FAIL-t420, 327657b1-60f8-49f2-b2a3-f63e1f934942<-ddd4789c-894d-475a-bbfb-f6e7aa670c92#0:FAIL-t420] and 0 exception(s); 327657b1-60f8-49f2-b2a3-f63e1f934942@group-58A987F56150:t420, leader=null, voted=327657b1-60f8-49f2-b2a3-f63e1f934942, raftlog=327657b1-60f8-49f2-b2a3-f63e1f934942@group-58A987F56150-SegmentedRaftLog:OPENED:c-1,f-1,i0, conf=-1: [6605b8a5-570b-4977-9ee7-6aaf3012bed5:192.168.164.233:35223, 327657b1-60f8-49f2-b2a3-f63e1f934942:192.168.164.233:41966, ddd4789c-894d-475a-bbfb-f6e7aa670c92:192.168.164.233:41061], old=null
2019-10-18 14:58:51,428 [327657b1-60f8-49f2-b2a3-f63e1f934942@group-58A987F56150-LeaderElection363] INFO  impl.RaftServerImpl (RaftServerImpl.java:setRole(184)) - 327657b1-60f8-49f2-b2a3-f63e1f934942@group-58A987F56150: changes role from CANDIDATE to FOLLOWER at term 420 for DISCOVERED_A_NEW_TERM
2019-10-18 14:58:51,428 [327657b1-60f8-49f2-b2a3-f63e1f934942@group-58A987F56150-LeaderElection363] INFO  impl.RoleInfo (RoleInfo.java:shutdownLeaderElection(134)) - 327657b1-60f8-49f2-b2a3-f63e1f934942: shutdown LeaderElection
2019-10-18 14:58:51,428 [327657b1-60f8-49f2-b2a3-f63e1f934942@group-58A987F56150-LeaderElection363] INFO  impl.RoleInfo (RoleInfo.java:updateAndGet(143)) - 327657b1-60f8-49f2-b2a3-f63e1f934942: start FollowerState
2019-10-18 14:58:51,478 [Thread-2745] INFO  impl.FollowerState (FollowerState.java:run(108)) - 327657b1-60f8-49f2-b2a3-f63e1f934942@group-58A987F56150-FollowerState: change to CANDIDATE, lastRpcTime:50ms, electionTimeout:50ms
2019-10-18 14:58:51,479 [Thread-2745] INFO  impl.RoleInfo (RoleInfo.java:shutdownFollowerState(121)) - 327657b1-60f8-49f2-b2a3-f63e1f934942: shutdown FollowerState
2019-10-18 14:58:51,479 [Thread-2745] INFO  impl.RaftServerImpl (RaftServerImpl.java:setRole(184)) - 327657b1-60f8-49f2-b2a3-f63e1f934942@group-58A987F56150: changes role from  FOLLOWER to CANDIDATE at term 420 for changeToCandidate
2019-10-18 14:58:51,479 [Thread-2745] INFO  impl.RoleInfo (RoleInfo.java:updateAndGet(143)) - 327657b1-60f8-49f2-b2a3-f63e1f934942: start LeaderElection
2019-10-18 14:58:51,492 [327657b1-60f8-49f2-b2a3-f63e1f934942@group-58A987F56150-LeaderElection364] INFO  impl.LeaderElection (LeaderElection.java:askForVotes(178)) - 327657b1-60f8-49f2-b2a3-f63e1f934942@group-58A987F56150-LeaderElection364: begin an election at term 421 for -1: [6605b8a5-570b-4977-9ee7-6aaf3012bed5:192.168.164.233:35223, 327657b1-60f8-49f2-b2a3-f63e1f934942:192.168.164.233:41966, ddd4789c-894d-475a-bbfb-f6e7aa670c92:192.168.164.233:41061], old=null
2019-10-18 14:58:51,494 [grpc-default-executor-0] INFO  impl.RaftServerImpl (RaftServerImpl.java:setRole(184)) - 6605b8a5-570b-4977-9ee7-6aaf3012bed5@group-58A987F56150: changes role from  FOLLOWER to FOLLOWER at term 421 for recognizeCandidate:327657b1-60f8-49f2-b2a3-f63e1f934942
2019-10-18 14:58:51,494 [grpc-default-executor-0] INFO  impl.RoleInfo (RoleInfo.java:shutdownFollowerState(121)) - 6605b8a5-570b-4977-9ee7-6aaf3012bed5: shutdown FollowerState
2019-10-18 14:58:51,495 [grpc-default-executor-0] INFO  impl.RoleInfo (RoleInfo.java:updateAndGet(143)) - 6605b8a5-570b-4977-9ee7-6aaf3012bed5: start FollowerState
2019-10-18 14:58:51,495 [Thread-2743] INFO  impl.FollowerState (FollowerState.java:run(117)) - 6605b8a5-570b-4977-9ee7-6aaf3012bed5@group-58A987F56150-FollowerState was interrupted: java.lang.InterruptedException: sleep interrupted
2019-10-18 14:58:51,495 [grpc-default-executor-3] INFO  impl.RaftServerImpl (RaftServerImpl.java:setRole(184)) - ddd4789c-894d-475a-bbfb-f6e7aa670c92@group-58A987F56150: changes role from  FOLLOWER to FOLLOWER at term 421 for recognizeCandidate:327657b1-60f8-49f2-b2a3-f63e1f934942
2019-10-18 14:58:51,495 [grpc-default-executor-3] INFO  impl.RoleInfo (RoleInfo.java:shutdownFollowerState(121)) - ddd4789c-894d-475a-bbfb-f6e7aa670c92: shutdown FollowerState
2019-10-18 14:58:51,495 [grpc-default-executor-3] INFO  impl.RoleInfo (RoleInfo.java:updateAndGet(143)) - ddd4789c-894d-475a-bbfb-f6e7aa670c92: start FollowerState
2019-10-18 14:58:51,495 [Thread-2744] INFO  impl.FollowerState (FollowerState.java:run(117)) - ddd4789c-894d-475a-bbfb-f6e7aa670c92@group-58A987F56150-FollowerState was interrupted: java.lang.InterruptedException: sleep interrupted
2019-10-18 14:58:51,509 [327657b1-60f8-49f2-b2a3-f63e1f934942@group-58A987F56150-LeaderElection364] INFO  impl.LeaderElection (LeaderElection.java:logAndReturn(56)) - 327657b1-60f8-49f2-b2a3-f63e1f934942@group-58A987F56150-LeaderElection364: Election REJECTED; received 2 response(s) [327657b1-60f8-49f2-b2a3-f63e1f934942<-6605b8a5-570b-4977-9ee7-6aaf3012bed5#0:FAIL-t421, 327657b1-60f8-49f2-b2a3-f63e1f934942<-ddd4789c-894d-475a-bbfb-f6e7aa670c92#0:FAIL-t421] and 0 exception(s); 327657b1-60f8-49f2-b2a3-f63e1f934942@group-58A987F56150:t421, leader=null, voted=327657b1-60f8-49f2-b2a3-f63e1f934942, raftlog=327657b1-60f8-49f2-b2a3-f63e1f934942@group-58A987F56150-SegmentedRaftLog:OPENED:c-1,f-1,i0, conf=-1: [6605b8a5-570b-4977-9ee7-6aaf3012bed5:192.168.164.233:35223, 327657b1-60f8-49f2-b2a3-f63e1f934942:192.168.164.233:41966, ddd4789c-894d-475a-bbfb-f6e7aa670c92:192.168.164.233:41061], old=null
2019-10-18 14:58:51,510 [327657b1-60f8-49f2-b2a3-f63e1f934942@group-58A987F56150-LeaderElection364] INFO  impl.RaftServerImpl (RaftServerImpl.java:setRole(184)) - 327657b1-60f8-49f2-b2a3-f63e1f934942@group-58A987F56150: changes role from CANDIDATE to FOLLOWER at term 421 for DISCOVERED_A_NEW_TERM
2019-10-18 14:58:51,510 [327657b1-60f8-49f2-b2a3-f63e1f934942@group-58A987F56150-LeaderElection364] INFO  impl.RoleInfo (RoleInfo.java:shutdownLeaderElection(134)) - 327657b1-60f8-49f2-b2a3-f63e1f934942: shutdown LeaderElection
2019-10-18 14:58:51,510 [327657b1-60f8-49f2-b2a3-f63e1f934942@group-58A987F56150-LeaderElection364] INFO  impl.RoleInfo (RoleInfo.java:updateAndGet(143)) - 327657b1-60f8-49f2-b2a3-f63e1f934942: start FollowerState
2019-10-18 14:58:51,703 [Thread-2751] INFO  impl.FollowerState (FollowerState.java:run(108)) - 327657b1-60f8-49f2-b2a3-f63e1f934942@group-58A987F56150-FollowerState: change to CANDIDATE, lastRpcTime:193ms, electionTimeout:193ms
2019-10-18 14:58:51,703 [Thread-2751] INFO  impl.RoleInfo (RoleInfo.java:shutdownFollowerState(121)) - 327657b1-60f8-49f2-b2a3-f63e1f934942: shutdown FollowerState
2019-10-18 14:58:51,704 [Thread-2751] INFO  impl.RaftServerImpl (RaftServerImpl.java:setRole(184)) - 327657b1-60f8-49f2-b2a3-f63e1f934942@group-58A987F56150: changes role from  FOLLOWER to CANDIDATE at term 421 for changeToCandidate
2019-10-18 14:58:51,704 [Thread-2751] INFO  impl.RoleInfo (RoleInfo.java:updateAndGet(143)) - 327657b1-60f8-49f2-b2a3-f63e1f934942: start LeaderElection
2019-10-18 14:58:51,717 [327657b1-60f8-49f2-b2a3-f63e1f934942@group-58A987F56150-LeaderElection365] INFO  impl.LeaderElection (LeaderElection.java:askForVotes(178)) - 327657b1-60f8-49f2-b2a3-f63e1f934942@group-58A987F56150-LeaderElection365: begin an election at term 422 for -1: [6605b8a5-570b-4977-9ee7-6aaf3012bed5:192.168.164.233:35223, 327657b1-60f8-49f2-b2a3-f63e1f934942:192.168.164.233:41966, ddd4789c-894d-475a-bbfb-f6e7aa670c92:192.168.164.233:41061], old=null
2019-10-18 14:58:51,719 [grpc-default-executor-0] INFO  impl.RaftServerImpl (RaftServerImpl.java:setRole(184)) - 6605b8a5-570b-4977-9ee7-6aaf3012bed5@group-58A987F56150: changes role from  FOLLOWER to FOLLOWER at term 422 for recognizeCandidate:327657b1-60f8-49f2-b2a3-f63e1f934942
2019-10-18 14:58:51,720 [grpc-default-executor-0] INFO  impl.RoleInfo (RoleInfo.java:shutdownFollowerState(121)) - 6605b8a5-570b-4977-9ee7-6aaf3012bed5: shutdown FollowerState
2019-10-18 14:58:51,720 [grpc-default-executor-3] INFO  impl.RaftServerImpl (RaftServerImpl.java:setRole(184)) - ddd4789c-894d-475a-bbfb-f6e7aa670c92@group-58A987F56150: changes role from  FOLLOWER to FOLLOWER at term 422 for recognizeCandidate:327657b1-60f8-49f2-b2a3-f63e1f934942
2019-10-18 14:58:51,720 [grpc-default-executor-3] INFO  impl.RoleInfo (RoleInfo.java:shutdownFollowerState(121)) - ddd4789c-894d-475a-bbfb-f6e7aa670c92: shutdown FollowerState
2019-10-18 14:58:51,720 [Thread-2749] INFO  impl.FollowerState (FollowerState.java:run(117)) - 6605b8a5-570b-4977-9ee7-6aaf3012bed5@group-58A987F56150-FollowerState was interrupted: java.lang.InterruptedException: sleep interrupted
2019-10-18 14:58:51,720 [grpc-default-executor-0] INFO  impl.RoleInfo (RoleInfo.java:updateAndGet(143)) - 6605b8a5-570b-4977-9ee7-6aaf3012bed5: start FollowerState
2019-10-18 14:58:51,720 [Thread-2750] INFO  impl.FollowerState (FollowerState.java:run(117)) - ddd4789c-894d-475a-bbfb-f6e7aa670c92@group-58A987F56150-FollowerState was interrupted: java.lang.InterruptedException: sleep interrupted
2019-10-18 14:58:51,720 [grpc-default-executor-3] INFO  impl.RoleInfo (RoleInfo.java:updateAndGet(143)) - ddd4789c-894d-475a-bbfb-f6e7aa670c92: start FollowerState
2019-10-18 14:58:51,746 [327657b1-60f8-49f2-b2a3-f63e1f934942@group-58A987F56150-LeaderElection365] INFO  impl.LeaderElection (LeaderElection.java:logAndReturn(56)) - 327657b1-60f8-49f2-b2a3-f63e1f934942@group-58A987F56150-LeaderElection365: Election REJECTED; received 2 response(s) [327657b1-60f8-49f2-b2a3-f63e1f934942<-6605b8a5-570b-4977-9ee7-6aaf3012bed5#0:FAIL-t422, 327657b1-60f8-49f2-b2a3-f63e1f934942<-ddd4789c-894d-475a-bbfb-f6e7aa670c92#0:FAIL-t422] and 0 exception(s); 327657b1-60f8-49f2-b2a3-f63e1f934942@group-58A987F56150:t422, leader=null, voted=327657b1-60f8-49f2-b2a3-f63e1f934942, raftlog=327657b1-60f8-49f2-b2a3-f63e1f934942@group-58A987F56150-SegmentedRaftLog:OPENED:c-1,f-1,i0, conf=-1: [6605b8a5-570b-4977-9ee7-6aaf3012bed5:192.168.164.233:35223, 327657b1-60f8-49f2-b2a3-f63e1f934942:192.168.164.233:41966, ddd4789c-894d-475a-bbfb-f6e7aa670c92:192.168.164.233:41061], old=null
2019-10-18 14:58:51,746 [327657b1-60f8-49f2-b2a3-f63e1f934942@group-58A987F56150-LeaderElection365] INFO  impl.RaftServerImpl (RaftServerImpl.java:setRole(184)) - 327657b1-60f8-49f2-b2a3-f63e1f934942@group-58A987F56150: changes role from CANDIDATE to FOLLOWER at term 422 for DISCOVERED_A_NEW_TERM
2019-10-18 14:58:51,746 [327657b1-60f8-49f2-b2a3-f63e1f934942@group-58A987F56150-LeaderElection365] INFO  impl.RoleInfo (RoleInfo.java:shutdownLeaderElection(134)) - 327657b1-60f8-49f2-b2a3-f63e1f934942: shutdown LeaderElection
2019-10-18 14:58:51,747 [327657b1-60f8-49f2-b2a3-f63e1f934942@group-58A987F56150-LeaderElection365] INFO  impl.RoleInfo (RoleInfo.java:updateAndGet(143)) - 327657b1-60f8-49f2-b2a3-f63e1f934942: start FollowerState
2019-10-18 14:58:51,778 [Thread-2757] INFO  impl.FollowerState (FollowerState.java:run(108)) - 327657b1-60f8-49f2-b2a3-f63e1f934942@group-58A987F56150-FollowerState: change to CANDIDATE, lastRpcTime:31ms, electionTimeout:31ms
2019-10-18 14:58:51,778 [Thread-2757] INFO  impl.RoleInfo (RoleInfo.java:shutdownFollowerState(121)) - 327657b1-60f8-49f2-b2a3-f63e1f934942: shutdown FollowerState
2019-10-18 14:58:51,778 [Thread-2757] INFO  impl.RaftServerImpl (RaftServerImpl.java:setRole(184)) - 327657b1-60f8-49f2-b2a3-f63e1f934942@group-58A987F56150: changes role from  FOLLOWER to CANDIDATE at term 422 for changeToCandidate
2019-10-18 14:58:51,778 [Thread-2757] INFO  impl.RoleInfo (RoleInfo.java:updateAndGet(143)) - 327657b1-60f8-49f2-b2a3-f63e1f934942: start LeaderElection
2019-10-18 14:58:51,791 [327657b1-60f8-49f2-b2a3-f63e1f934942@group-58A987F56150-LeaderElection366] INFO  impl.LeaderElection (LeaderElection.java:askForVotes(178)) - 327657b1-60f8-49f2-b2a3-f63e1f934942@group-58A987F56150-LeaderElection366: begin an election at term 423 for -1: [6605b8a5-570b-4977-9ee7-6aaf3012bed5:192.168.164.233:35223, 327657b1-60f8-49f2-b2a3-f63e1f934942:192.168.164.233:41966, ddd4789c-894d-475a-bbfb-f6e7aa670c92:192.168.164.233:41061], old=null
2019-10-18 14:58:51,793 [grpc-default-executor-3] INFO  impl.RaftServerImpl (RaftServerImpl.java:setRole(184)) - 6605b8a5-570b-4977-9ee7-6aaf3012bed5@group-58A987F56150: changes role from  FOLLOWER to FOLLOWER at term 423 for recognizeCandidate:327657b1-60f8-49f2-b2a3-f63e1f934942
2019-10-18 14:58:51,793 [grpc-default-executor-3] INFO  impl.RoleInfo (RoleInfo.java:shutdownFollowerState(121)) - 6605b8a5-570b-4977-9ee7-6aaf3012bed5: shutdown FollowerState
2019-10-18 14:58:51,793 [grpc-default-executor-3] INFO  impl.RoleInfo (RoleInfo.java:updateAndGet(143)) - 6605b8a5-570b-4977-9ee7-6aaf3012bed5: start FollowerState
2019-10-18 14:58:51,793 [Thread-2755] INFO  impl.FollowerState (FollowerState.java:run(117)) - 6605b8a5-570b-4977-9ee7-6aaf3012bed5@group-58A987F56150-FollowerState was interrupted: java.lang.InterruptedException: sleep interrupted
2019-10-18 14:58:51,794 [grpc-default-executor-0] INFO  impl.RaftServerImpl (RaftServerImpl.java:setRole(184)) - ddd4789c-894d-475a-bbfb-f6e7aa670c92@group-58A987F56150: changes role from  FOLLOWER to FOLLOWER at term 423 for recognizeCandidate:327657b1-60f8-49f2-b2a3-f63e1f934942
2019-10-18 14:58:51,794 [grpc-default-executor-0] INFO  impl.RoleInfo (RoleInfo.java:shutdownFollowerState(121)) - ddd4789c-894d-475a-bbfb-f6e7aa670c92: shutdown FollowerState
2019-10-18 14:58:51,794 [grpc-default-executor-0] INFO  impl.RoleInfo (RoleInfo.java:updateAndGet(143)) - ddd4789c-894d-475a-bbfb-f6e7aa670c92: start FollowerState
2019-10-18 14:58:51,794 [Thread-2756] INFO  impl.FollowerState (FollowerState.java:run(117)) - ddd4789c-894d-475a-bbfb-f6e7aa670c92@group-58A987F56150-FollowerState was interrupted: java.lang.InterruptedException: sleep interrupted
2019-10-18 14:58:51,799 [327657b1-60f8-49f2-b2a3-f63e1f934942@group-58A987F56150-LeaderElection366] INFO  impl.LeaderElection (LeaderElection.java:logAndReturn(56)) - 327657b1-60f8-49f2-b2a3-f63e1f934942@group-58A987F56150-LeaderElection366: Election REJECTED; received 2 response(s) [327657b1-60f8-49f2-b2a3-f63e1f934942<-6605b8a5-570b-4977-9ee7-6aaf3012bed5#0:FAIL-t423, 327657b1-60f8-49f2-b2a3-f63e1f934942<-ddd4789c-894d-475a-bbfb-f6e7aa670c92#0:FAIL-t423] and 0 exception(s); 327657b1-60f8-49f2-b2a3-f63e1f934942@group-58A987F56150:t423, leader=null, voted=327657b1-60f8-49f2-b2a3-f63e1f934942, raftlog=327657b1-60f8-49f2-b2a3-f63e1f934942@group-58A987F56150-SegmentedRaftLog:OPENED:c-1,f-1,i0, conf=-1: [6605b8a5-570b-4977-9ee7-6aaf3012bed5:192.168.164.233:35223, 327657b1-60f8-49f2-b2a3-f63e1f934942:192.168.164.233:41966, ddd4789c-894d-475a-bbfb-f6e7aa670c92:192.168.164.233:41061], old=null
2019-10-18 14:58:51,799 [327657b1-60f8-49f2-b2a3-f63e1f934942@group-58A987F56150-LeaderElection366] INFO  impl.RaftServerImpl (RaftServerImpl.java:setRole(184)) - 327657b1-60f8-49f2-b2a3-f63e1f934942@group-58A987F56150: changes role from CANDIDATE to FOLLOWER at term 423 for DISCOVERED_A_NEW_TERM
2019-10-18 14:58:51,800 [327657b1-60f8-49f2-b2a3-f63e1f934942@group-58A987F56150-LeaderElection366] INFO  impl.RoleInfo (RoleInfo.java:shutdownLeaderElection(134)) - 327657b1-60f8-49f2-b2a3-f63e1f934942: shutdown LeaderElection
2019-10-18 14:58:51,800 [327657b1-60f8-49f2-b2a3-f63e1f934942@group-58A987F56150-LeaderElection366] INFO  impl.RoleInfo (RoleInfo.java:updateAndGet(143)) - 327657b1-60f8-49f2-b2a3-f63e1f934942: start FollowerState
2019-10-18 14:58:51,887 [Thread-2763] INFO  impl.FollowerState (FollowerState.java:run(108)) - 327657b1-60f8-49f2-b2a3-f63e1f934942@group-58A987F56150-FollowerState: change to CANDIDATE, lastRpcTime:87ms, electionTimeout:87ms
2019-10-18 14:58:51,887 [Thread-2763] INFO  impl.RoleInfo (RoleInfo.java:shutdownFollowerState(121)) - 327657b1-60f8-49f2-b2a3-f63e1f934942: shutdown FollowerState
2019-10-18 14:58:51,888 [Thread-2763] INFO  impl.RaftServerImpl (RaftServerImpl.java:setRole(184)) - 327657b1-60f8-49f2-b2a3-f63e1f934942@group-58A987F56150: changes role from  FOLLOWER to CANDIDATE at term 423 for changeToCandidate
2019-10-18 14:58:51,888 [Thread-2763] INFO  impl.RoleInfo (RoleInfo.java:updateAndGet(143)) - 327657b1-60f8-49f2-b2a3-f63e1f934942: start LeaderElection
2019-10-18 14:58:51,893 [327657b1-60f8-49f2-b2a3-f63e1f934942@group-58A987F56150-LeaderElection367] INFO  impl.LeaderElection (LeaderElection.java:askForVotes(178)) - 327657b1-60f8-49f2-b2a3-f63e1f934942@group-58A987F56150-LeaderElection367: begin an election at term 424 for -1: [6605b8a5-570b-4977-9ee7-6aaf3012bed5:192.168.164.233:35223, 327657b1-60f8-49f2-b2a3-f63e1f934942:192.168.164.233:41966, ddd4789c-894d-475a-bbfb-f6e7aa670c92:192.168.164.233:41061], old=null
2019-10-18 14:58:51,895 [grpc-default-executor-0] INFO  impl.RaftServerImpl (RaftServerImpl.java:setRole(184)) - 6605b8a5-570b-4977-9ee7-6aaf3012bed5@group-58A987F56150: changes role from  FOLLOWER to FOLLOWER at term 424 for recognizeCandidate:327657b1-60f8-49f2-b2a3-f63e1f934942
2019-10-18 14:58:51,895 [grpc-default-executor-3] INFO  impl.RaftServerImpl (RaftServerImpl.java:setRole(184)) - ddd4789c-894d-475a-bbfb-f6e7aa670c92@group-58A987F56150: changes role from  FOLLOWER to FOLLOWER at term 424 for recognizeCandidate:327657b1-60f8-49f2-b2a3-f63e1f934942
2019-10-18 14:58:51,895 [grpc-default-executor-3] INFO  impl.RoleInfo (RoleInfo.java:shutdownFollowerState(121)) - ddd4789c-894d-475a-bbfb-f6e7aa670c92: shutdown FollowerState
2019-10-18 14:58:51,895 [grpc-default-executor-0] INFO  impl.RoleInfo (RoleInfo.java:shutdownFollowerState(121)) - 6605b8a5-570b-4977-9ee7-6aaf3012bed5: shutdown FollowerState
2019-10-18 14:58:51,895 [Thread-2762] INFO  impl.FollowerState (FollowerState.java:run(117)) - ddd4789c-894d-475a-bbfb-f6e7aa670c92@group-58A987F56150-FollowerState was interrupted: java.lang.InterruptedException: sleep interrupted
2019-10-18 14:58:51,895 [grpc-default-executor-3] INFO  impl.RoleInfo (RoleInfo.java:updateAndGet(143)) - ddd4789c-894d-475a-bbfb-f6e7aa670c92: start FollowerState
2019-10-18 14:58:51,895 [Thread-2761] INFO  impl.FollowerState (FollowerState.java:run(117)) - 6605b8a5-570b-4977-9ee7-6aaf3012bed5@group-58A987F56150-FollowerState was interrupted: java.lang.InterruptedException: sleep interrupted
2019-10-18 14:58:51,895 [grpc-default-executor-0] INFO  impl.RoleInfo (RoleInfo.java:updateAndGet(143)) - 6605b8a5-570b-4977-9ee7-6aaf3012bed5: start FollowerState
2019-10-18 14:58:51,915 [327657b1-60f8-49f2-b2a3-f63e1f934942@group-58A987F56150-LeaderElection367] INFO  impl.LeaderElection (LeaderElection.java:logAndReturn(56)) - 327657b1-60f8-49f2-b2a3-f63e1f934942@group-58A987F56150-LeaderElection367: Election TIMEOUT; received 0 response(s) [] and 0 exception(s); 327657b1-60f8-49f2-b2a3-f63e1f934942@group-58A987F56150:t424, leader=null, voted=327657b1-60f8-49f2-b2a3-f63e1f934942, raftlog=327657b1-60f8-49f2-b2a3-f63e1f934942@group-58A987F56150-SegmentedRaftLog:OPENED:c-1,f-1,i0, conf=-1: [6605b8a5-570b-4977-9ee7-6aaf3012bed5:192.168.164.233:35223, 327657b1-60f8-49f2-b2a3-f63e1f934942:192.168.164.233:41966, ddd4789c-894d-475a-bbfb-f6e7aa670c92:192.168.164.233:41061], old=null
2019-10-18 14:58:51,921 [327657b1-60f8-49f2-b2a3-f63e1f934942@group-58A987F56150-LeaderElection367] INFO  impl.LeaderElection (LeaderElection.java:askForVotes(178)) - 327657b1-60f8-49f2-b2a3-f63e1f934942@group-58A987F56150-LeaderElection367: begin an election at term 425 for -1: [6605b8a5-570b-4977-9ee7-6aaf3012bed5:192.168.164.233:35223, 327657b1-60f8-49f2-b2a3-f63e1f934942:192.168.164.233:41966, ddd4789c-894d-475a-bbfb-f6e7aa670c92:192.168.164.233:41061], old=null
2019-10-18 14:58:51,923 [grpc-default-executor-3] INFO  impl.RaftServerImpl (RaftServerImpl.java:setRole(184)) - 6605b8a5-570b-4977-9ee7-6aaf3012bed5@group-58A987F56150: changes role from  FOLLOWER to FOLLOWER at term 425 for recognizeCandidate:327657b1-60f8-49f2-b2a3-f63e1f934942
2019-10-18 14:58:51,923 [grpc-default-executor-3] INFO  impl.RoleInfo (RoleInfo.java:shutdownFollowerState(121)) - 6605b8a5-570b-4977-9ee7-6aaf3012bed5: shutdown FollowerState
2019-10-18 14:58:51,924 [grpc-default-executor-3] INFO  impl.RoleInfo (RoleInfo.java:updateAndGet(143)) - 6605b8a5-570b-4977-9ee7-6aaf3012bed5: start FollowerState
2019-10-18 14:58:51,924 [Thread-2768] INFO  impl.FollowerState (FollowerState.java:run(117)) - 6605b8a5-570b-4977-9ee7-6aaf3012bed5@group-58A987F56150-FollowerState was interrupted: java.lang.InterruptedException: sleep interrupted
2019-10-18 14:58:51,924 [grpc-default-executor-0] INFO  impl.RaftServerImpl (RaftServerImpl.java:setRole(184)) - ddd4789c-894d-475a-bbfb-f6e7aa670c92@group-58A987F56150: changes role from  FOLLOWER to FOLLOWER at term 425 for recognizeCandidate:327657b1-60f8-49f2-b2a3-f63e1f934942
2019-10-18 14:58:51,924 [grpc-default-executor-0] INFO  impl.RoleInfo (RoleInfo.java:shutdownFollowerState(121)) - ddd4789c-894d-475a-bbfb-f6e7aa670c92: shutdown FollowerState
2019-10-18 14:58:51,924 [grpc-default-executor-0] INFO  impl.RoleInfo (RoleInfo.java:updateAndGet(143)) - ddd4789c-894d-475a-bbfb-f6e7aa670c92: start FollowerState
2019-10-18 14:58:51,924 [Thread-2767] INFO  impl.FollowerState (FollowerState.java:run(117)) - ddd4789c-894d-475a-bbfb-f6e7aa670c92@group-58A987F56150-FollowerState was interrupted: java.lang.InterruptedException: sleep interrupted
2019-10-18 14:58:51,935 [327657b1-60f8-49f2-b2a3-f63e1f934942@group-58A987F56150-LeaderElection367] INFO  impl.LeaderElection (LeaderElection.java:logAndReturn(56)) - 327657b1-60f8-49f2-b2a3-f63e1f934942@group-58A987F56150-LeaderElection367: Election TIMEOUT; received 0 response(s) [] and 0 exception(s); 327657b1-60f8-49f2-b2a3-f63e1f934942@group-58A987F56150:t425, leader=null, voted=327657b1-60f8-49f2-b2a3-f63e1f934942, raftlog=327657b1-60f8-49f2-b2a3-f63e1f934942@group-58A987F56150-SegmentedRaftLog:OPENED:c-1,f-1,i0, conf=-1: [6605b8a5-570b-4977-9ee7-6aaf3012bed5:192.168.164.233:35223, 327657b1-60f8-49f2-b2a3-f63e1f934942:192.168.164.233:41966, ddd4789c-894d-475a-bbfb-f6e7aa670c92:192.168.164.233:41061], old=null
2019-10-18 14:58:51,951 [327657b1-60f8-49f2-b2a3-f63e1f934942@group-58A987F56150-LeaderElection367] INFO  impl.LeaderElection (LeaderElection.java:askForVotes(178)) - 327657b1-60f8-49f2-b2a3-f63e1f934942@group-58A987F56150-LeaderElection367: begin an election at term 426 for -1: [6605b8a5-570b-4977-9ee7-6aaf3012bed5:192.168.164.233:35223, 327657b1-60f8-49f2-b2a3-f63e1f934942:192.168.164.233:41966, ddd4789c-894d-475a-bbfb-f6e7aa670c92:192.168.164.233:41061], old=null
2019-10-18 14:58:51,957 [grpc-default-executor-0] INFO  impl.RaftServerImpl (RaftServerImpl.java:setRole(184)) - ddd4789c-894d-475a-bbfb-f6e7aa670c92@group-58A987F56150: changes role from  FOLLOWER to FOLLOWER at term 426 for recognizeCandidate:327657b1-60f8-49f2-b2a3-f63e1f934942
2019-10-18 14:58:51,957 [grpc-default-executor-0] INFO  impl.RoleInfo (RoleInfo.java:shutdownFollowerState(121)) - ddd4789c-894d-475a-bbfb-f6e7aa670c92: shutdown FollowerState
2019-10-18 14:58:51,957 [grpc-default-executor-3] INFO  impl.RaftServerImpl (RaftServerImpl.java:setRole(184)) - 6605b8a5-570b-4977-9ee7-6aaf3012bed5@group-58A987F56150: changes role from  FOLLOWER to FOLLOWER at term 426 for recognizeCandidate:327657b1-60f8-49f2-b2a3-f63e1f934942
2019-10-18 14:58:51,957 [Thread-2772] INFO  impl.FollowerState (FollowerState.java:run(117)) - ddd4789c-894d-475a-bbfb-f6e7aa670c92@group-58A987F56150-FollowerState was interrupted: java.lang.InterruptedException: sleep interrupted
2019-10-18 14:58:51,957 [grpc-default-executor-0] INFO  impl.RoleInfo (RoleInfo.java:updateAndGet(143)) - ddd4789c-894d-475a-bbfb-f6e7aa670c92: start FollowerState
2019-10-18 14:58:51,958 [grpc-default-executor-3] INFO  impl.RoleInfo (RoleInfo.java:shutdownFollowerState(121)) - 6605b8a5-570b-4977-9ee7-6aaf3012bed5: shutdown FollowerState
2019-10-18 14:58:51,959 [grpc-default-executor-3] INFO  impl.RoleInfo (RoleInfo.java:updateAndGet(143)) - 6605b8a5-570b-4977-9ee7-6aaf3012bed5: start FollowerState
2019-10-18 14:58:51,959 [Thread-2771] INFO  impl.FollowerState (FollowerState.java:run(117)) - 6605b8a5-570b-4977-9ee7-6aaf3012bed5@group-58A987F56150-FollowerState was interrupted: java.lang.InterruptedException: sleep interrupted
2019-10-18 14:58:51,985 [327657b1-60f8-49f2-b2a3-f63e1f934942@group-58A987F56150-LeaderElection367] INFO  impl.LeaderElection (LeaderElection.java:logAndReturn(56)) - 327657b1-60f8-49f2-b2a3-f63e1f934942@group-58A987F56150-LeaderElection367: Election REJECTED; received 2 response(s) [327657b1-60f8-49f2-b2a3-f63e1f934942<-6605b8a5-570b-4977-9ee7-6aaf3012bed5#0:FAIL-t426, 327657b1-60f8-49f2-b2a3-f63e1f934942<-ddd4789c-894d-475a-bbfb-f6e7aa670c92#0:FAIL-t426] and 0 exception(s); 327657b1-60f8-49f2-b2a3-f63e1f934942@group-58A987F56150:t426, leader=null, voted=327657b1-60f8-49f2-b2a3-f63e1f934942, raftlog=327657b1-60f8-49f2-b2a3-f63e1f934942@group-58A987F56150-SegmentedRaftLog:OPENED:c-1,f-1,i0, conf=-1: [6605b8a5-570b-4977-9ee7-6aaf3012bed5:192.168.164.233:35223, 327657b1-60f8-49f2-b2a3-f63e1f934942:192.168.164.233:41966, ddd4789c-894d-475a-bbfb-f6e7aa670c92:192.168.164.233:41061], old=null
2019-10-18 14:58:51,986 [327657b1-60f8-49f2-b2a3-f63e1f934942@group-58A987F56150-LeaderElection367] INFO  impl.RaftServerImpl (RaftServerImpl.java:setRole(184)) - 327657b1-60f8-49f2-b2a3-f63e1f934942@group-58A987F56150: changes role from CANDIDATE to FOLLOWER at term 426 for DISCOVERED_A_NEW_TERM
2019-10-18 14:58:51,986 [327657b1-60f8-49f2-b2a3-f63e1f934942@group-58A987F56150-LeaderElection367] INFO  impl.RoleInfo (RoleInfo.java:shutdownLeaderElection(134)) - 327657b1-60f8-49f2-b2a3-f63e1f934942: shutdown LeaderElection
2019-10-18 14:58:51,986 [327657b1-60f8-49f2-b2a3-f63e1f934942@group-58A987F56150-LeaderElection367] INFO  impl.RoleInfo (RoleInfo.java:updateAndGet(143)) - 327657b1-60f8-49f2-b2a3-f63e1f934942: start FollowerState
2019-10-18 14:58:52,148 [Thread-2777] INFO  impl.FollowerState (FollowerState.java:run(108)) - 327657b1-60f8-49f2-b2a3-f63e1f934942@group-58A987F56150-FollowerState: change to CANDIDATE, lastRpcTime:162ms, electionTimeout:162ms
2019-10-18 14:58:52,149 [Thread-2777] INFO  impl.RoleInfo (RoleInfo.java:shutdownFollowerState(121)) - 327657b1-60f8-49f2-b2a3-f63e1f934942: shutdown FollowerState
2019-10-18 14:58:52,149 [Thread-2777] INFO  impl.RaftServerImpl (RaftServerImpl.java:setRole(184)) - 327657b1-60f8-49f2-b2a3-f63e1f934942@group-58A987F56150: changes role from  FOLLOWER to CANDIDATE at term 426 for changeToCandidate
2019-10-18 14:58:52,149 [Thread-2777] INFO  impl.RoleInfo (RoleInfo.java:updateAndGet(143)) - 327657b1-60f8-49f2-b2a3-f63e1f934942: start LeaderElection
2019-10-18 14:58:52,194 [327657b1-60f8-49f2-b2a3-f63e1f934942@group-58A987F56150-LeaderElection368] INFO  impl.LeaderElection (LeaderElection.java:askForVotes(178)) - 327657b1-60f8-49f2-b2a3-f63e1f934942@group-58A987F56150-LeaderElection368: begin an election at term 427 for -1: [6605b8a5-570b-4977-9ee7-6aaf3012bed5:192.168.164.233:35223, 327657b1-60f8-49f2-b2a3-f63e1f934942:192.168.164.233:41966, ddd4789c-894d-475a-bbfb-f6e7aa670c92:192.168.164.233:41061], old=null
2019-10-18 14:58:52,196 [grpc-default-executor-3] INFO  impl.RaftServerImpl (RaftServerImpl.java:setRole(184)) - 6605b8a5-570b-4977-9ee7-6aaf3012bed5@group-58A987F56150: changes role from  FOLLOWER to FOLLOWER at term 427 for recognizeCandidate:327657b1-60f8-49f2-b2a3-f63e1f934942
2019-10-18 14:58:52,196 [grpc-default-executor-0] INFO  impl.RaftServerImpl (RaftServerImpl.java:setRole(184)) - ddd4789c-894d-475a-bbfb-f6e7aa670c92@group-58A987F56150: changes role from  FOLLOWER to FOLLOWER at term 427 for recognizeCandidate:327657b1-60f8-49f2-b2a3-f63e1f934942
2019-10-18 14:58:52,197 [grpc-default-executor-0] INFO  impl.RoleInfo (RoleInfo.java:shutdownFollowerState(121)) - ddd4789c-894d-475a-bbfb-f6e7aa670c92: shutdown FollowerState
2019-10-18 14:58:52,197 [grpc-default-executor-3] INFO  impl.RoleInfo (RoleInfo.java:shutdownFollowerState(121)) - 6605b8a5-570b-4977-9ee7-6aaf3012bed5: shutdown FollowerState
2019-10-18 14:58:52,197 [grpc-default-executor-0] INFO  impl.RoleInfo (RoleInfo.java:updateAndGet(143)) - ddd4789c-894d-475a-bbfb-f6e7aa670c92: start FollowerState
2019-10-18 14:58:52,197 [Thread-2775] INFO  impl.FollowerState (FollowerState.java:run(117)) - ddd4789c-894d-475a-bbfb-f6e7aa670c92@group-58A987F56150-FollowerState was interrupted: java.lang.InterruptedException: sleep interrupted
2019-10-18 14:58:52,197 [Thread-2776] INFO  impl.FollowerState (FollowerState.java:run(117)) - 6605b8a5-570b-4977-9ee7-6aaf3012bed5@group-58A987F56150-FollowerState was interrupted: java.lang.InterruptedException: sleep interrupted
2019-10-18 14:58:52,197 [grpc-default-executor-3] INFO  impl.RoleInfo (RoleInfo.java:updateAndGet(143)) - 6605b8a5-570b-4977-9ee7-6aaf3012bed5: start FollowerState
2019-10-18 14:58:52,225 [327657b1-60f8-49f2-b2a3-f63e1f934942@group-58A987F56150-LeaderElection368] INFO  impl.LeaderElection (LeaderElection.java:logAndReturn(56)) - 327657b1-60f8-49f2-b2a3-f63e1f934942@group-58A987F56150-LeaderElection368: Election REJECTED; received 2 response(s) [327657b1-60f8-49f2-b2a3-f63e1f934942<-6605b8a5-570b-4977-9ee7-6aaf3012bed5#0:FAIL-t427, 327657b1-60f8-49f2-b2a3-f63e1f934942<-ddd4789c-894d-475a-bbfb-f6e7aa670c92#0:FAIL-t427] and 0 exception(s); 327657b1-60f8-49f2-b2a3-f63e1f934942@group-58A987F56150:t427, leader=null, voted=327657b1-60f8-49f2-b2a3-f63e1f934942, raftlog=327657b1-60f8-49f2-b2a3-f63e1f934942@group-58A987F56150-SegmentedRaftLog:OPENED:c-1,f-1,i0, conf=-1: [6605b8a5-570b-4977-9ee7-6aaf3012bed5:192.168.164.233:35223, 327657b1-60f8-49f2-b2a3-f63e1f934942:192.168.164.233:41966, ddd4789c-894d-475a-bbfb-f6e7aa670c92:192.168.164.233:41061], old=null
2019-10-18 14:58:52,225 [327657b1-60f8-49f2-b2a3-f63e1f934942@group-58A987F56150-LeaderElection368] INFO  impl.RaftServerImpl (RaftServerImpl.java:setRole(184)) - 327657b1-60f8-49f2-b2a3-f63e1f934942@group-58A987F56150: changes role from CANDIDATE to FOLLOWER at term 427 for DISCOVERED_A_NEW_TERM
2019-10-18 14:58:52,225 [327657b1-60f8-49f2-b2a3-f63e1f934942@group-58A987F56150-LeaderElection368] INFO  impl.RoleInfo (RoleInfo.java:shutdownLeaderElection(134)) - 327657b1-60f8-49f2-b2a3-f63e1f934942: shutdown LeaderElection
2019-10-18 14:58:52,226 [327657b1-60f8-49f2-b2a3-f63e1f934942@group-58A987F56150-LeaderElection368] INFO  impl.RoleInfo (RoleInfo.java:updateAndGet(143)) - 327657b1-60f8-49f2-b2a3-f63e1f934942: start FollowerState
2019-10-18 14:58:52,409 [Thread-2785] INFO  impl.FollowerState (FollowerState.java:run(108)) - 327657b1-60f8-49f2-b2a3-f63e1f934942@group-58A987F56150-FollowerState: change to CANDIDATE, lastRpcTime:183ms, electionTimeout:183ms
2019-10-18 14:58:52,409 [Thread-2785] INFO  impl.RoleInfo (RoleInfo.java:shutdownFollowerState(121)) - 327657b1-60f8-49f2-b2a3-f63e1f934942: shutdown FollowerState
2019-10-18 14:58:52,409 [Thread-2785] INFO  impl.RaftServerImpl (RaftServerImpl.java:setRole(184)) - 327657b1-60f8-49f2-b2a3-f63e1f934942@group-58A987F56150: changes role from  FOLLOWER to CANDIDATE at term 427 for changeToCandidate
2019-10-18 14:58:52,410 [Thread-2785] INFO  impl.RoleInfo (RoleInfo.java:updateAndGet(143)) - 327657b1-60f8-49f2-b2a3-f63e1f934942: start LeaderElection
2019-10-18 14:58:52,423 [327657b1-60f8-49f2-b2a3-f63e1f934942@group-58A987F56150-LeaderElection369] INFO  impl.LeaderElection (LeaderElection.java:askForVotes(178)) - 327657b1-60f8-49f2-b2a3-f63e1f934942@group-58A987F56150-LeaderElection369: begin an election at term 428 for -1: [6605b8a5-570b-4977-9ee7-6aaf3012bed5:192.168.164.233:35223, 327657b1-60f8-49f2-b2a3-f63e1f934942:192.168.164.233:41966, ddd4789c-894d-475a-bbfb-f6e7aa670c92:192.168.164.233:41061], old=null
2019-10-18 14:58:52,427 [grpc-default-executor-3] INFO  impl.RaftServerImpl (RaftServerImpl.java:setRole(184)) - ddd4789c-894d-475a-bbfb-f6e7aa670c92@group-58A987F56150: changes role from  FOLLOWER to FOLLOWER at term 428 for recognizeCandidate:327657b1-60f8-49f2-b2a3-f63e1f934942
2019-10-18 14:58:52,427 [grpc-default-executor-3] INFO  impl.RoleInfo (RoleInfo.java:shutdownFollowerState(121)) - ddd4789c-894d-475a-bbfb-f6e7aa670c92: shutdown FollowerState
2019-10-18 14:58:52,427 [grpc-default-executor-0] INFO  impl.RaftServerImpl (RaftServerImpl.java:setRole(184)) - 6605b8a5-570b-4977-9ee7-6aaf3012bed5@group-58A987F56150: changes role from  FOLLOWER to FOLLOWER at term 428 for recognizeCandidate:327657b1-60f8-49f2-b2a3-f63e1f934942
2019-10-18 14:58:52,427 [Thread-2781] INFO  impl.FollowerState (FollowerState.java:run(117)) - ddd4789c-894d-475a-bbfb-f6e7aa670c92@group-58A987F56150-FollowerState was interrupted: java.lang.InterruptedException: sleep interrupted
2019-10-18 14:58:52,427 [grpc-default-executor-3] INFO  impl.RoleInfo (RoleInfo.java:updateAndGet(143)) - ddd4789c-894d-475a-bbfb-f6e7aa670c92: start FollowerState
2019-10-18 14:58:52,427 [grpc-default-executor-0] INFO  impl.RoleInfo (RoleInfo.java:shutdownFollowerState(121)) - 6605b8a5-570b-4977-9ee7-6aaf3012bed5: shutdown FollowerState
2019-10-18 14:58:52,428 [grpc-default-executor-0] INFO  impl.RoleInfo (RoleInfo.java:updateAndGet(143)) - 6605b8a5-570b-4977-9ee7-6aaf3012bed5: start FollowerState
2019-10-18 14:58:52,428 [Thread-2782] INFO  impl.FollowerState (FollowerState.java:run(117)) - 6605b8a5-570b-4977-9ee7-6aaf3012bed5@group-58A987F56150-FollowerState was interrupted: java.lang.InterruptedException: sleep interrupted
2019-10-18 14:58:52,452 [327657b1-60f8-49f2-b2a3-f63e1f934942@group-58A987F56150-LeaderElection369] INFO  impl.LeaderElection (LeaderElection.java:logAndReturn(56)) - 327657b1-60f8-49f2-b2a3-f63e1f934942@group-58A987F56150-LeaderElection369: Election REJECTED; received 2 response(s) [327657b1-60f8-49f2-b2a3-f63e1f934942<-6605b8a5-570b-4977-9ee7-6aaf3012bed5#0:FAIL-t428, 327657b1-60f8-49f2-b2a3-f63e1f934942<-ddd4789c-894d-475a-bbfb-f6e7aa670c92#0:FAIL-t428] and 0 exception(s); 327657b1-60f8-49f2-b2a3-f63e1f934942@group-58A987F56150:t428, leader=null, voted=327657b1-60f8-49f2-b2a3-f63e1f934942, raftlog=327657b1-60f8-49f2-b2a3-f63e1f934942@group-58A987F56150-SegmentedRaftLog:OPENED:c-1,f-1,i0, conf=-1: [6605b8a5-570b-4977-9ee7-6aaf3012bed5:192.168.164.233:35223, 327657b1-60f8-49f2-b2a3-f63e1f934942:192.168.164.233:41966, ddd4789c-894d-475a-bbfb-f6e7aa670c92:192.168.164.233:41061], old=null
2019-10-18 14:58:52,452 [327657b1-60f8-49f2-b2a3-f63e1f934942@group-58A987F56150-LeaderElection369] INFO  impl.RaftServerImpl (RaftServerImpl.java:setRole(184)) - 327657b1-60f8-49f2-b2a3-f63e1f934942@group-58A987F56150: changes role from CANDIDATE to FOLLOWER at term 428 for DISCOVERED_A_NEW_TERM
2019-10-18 14:58:52,452 [327657b1-60f8-49f2-b2a3-f63e1f934942@group-58A987F56150-LeaderElection369] INFO  impl.RoleInfo (RoleInfo.java:shutdownLeaderElection(134)) - 327657b1-60f8-49f2-b2a3-f63e1f934942: shutdown LeaderElection
2019-10-18 14:58:52,453 [327657b1-60f8-49f2-b2a3-f63e1f934942@group-58A987F56150-LeaderElection369] INFO  impl.RoleInfo (RoleInfo.java:updateAndGet(143)) - 327657b1-60f8-49f2-b2a3-f63e1f934942: start FollowerState
2019-10-18 14:58:52,646 [Thread-2791] INFO  impl.FollowerState (FollowerState.java:run(108)) - 327657b1-60f8-49f2-b2a3-f63e1f934942@group-58A987F56150-FollowerState: change to CANDIDATE, lastRpcTime:193ms, electionTimeout:193ms
2019-10-18 14:58:52,646 [Thread-2791] INFO  impl.RoleInfo (RoleInfo.java:shutdownFollowerState(121)) - 327657b1-60f8-49f2-b2a3-f63e1f934942: shutdown FollowerState
2019-10-18 14:58:52,646 [Thread-2791] INFO  impl.RaftServerImpl (RaftServerImpl.java:setRole(184)) - 327657b1-60f8-49f2-b2a3-f63e1f934942@group-58A987F56150: changes role from  FOLLOWER to CANDIDATE at term 428 for changeToCandidate
2019-10-18 14:58:52,646 [Thread-2791] INFO  impl.RoleInfo (RoleInfo.java:updateAndGet(143)) - 327657b1-60f8-49f2-b2a3-f63e1f934942: start LeaderElection
2019-10-18 14:58:52,661 [327657b1-60f8-49f2-b2a3-f63e1f934942@group-58A987F56150-LeaderElection370] INFO  impl.LeaderElection (LeaderElection.java:askForVotes(178)) - 327657b1-60f8-49f2-b2a3-f63e1f934942@group-58A987F56150-LeaderElection370: begin an election at term 429 for -1: [6605b8a5-570b-4977-9ee7-6aaf3012bed5:192.168.164.233:35223, 327657b1-60f8-49f2-b2a3-f63e1f934942:192.168.164.233:41966, ddd4789c-894d-475a-bbfb-f6e7aa670c92:192.168.164.233:41061], old=null
2019-10-18 14:58:52,663 [grpc-default-executor-0] INFO  impl.RaftServerImpl (RaftServerImpl.java:setRole(184)) - 6605b8a5-570b-4977-9ee7-6aaf3012bed5@group-58A987F56150: changes role from  FOLLOWER to FOLLOWER at term 429 for recognizeCandidate:327657b1-60f8-49f2-b2a3-f63e1f934942
2019-10-18 14:58:52,663 [grpc-default-executor-0] INFO  impl.RoleInfo (RoleInfo.java:shutdownFollowerState(121)) - 6605b8a5-570b-4977-9ee7-6aaf3012bed5: shutdown FollowerState
2019-10-18 14:58:52,663 [grpc-default-executor-0] INFO  impl.RoleInfo (RoleInfo.java:updateAndGet(143)) - 6605b8a5-570b-4977-9ee7-6aaf3012bed5: start FollowerState
2019-10-18 14:58:52,663 [Thread-2790] INFO  impl.FollowerState (FollowerState.java:run(117)) - 6605b8a5-570b-4977-9ee7-6aaf3012bed5@group-58A987F56150-FollowerState was interrupted: java.lang.InterruptedException: sleep interrupted
2019-10-18 14:58:52,663 [grpc-default-executor-3] INFO  impl.RaftServerImpl (RaftServerImpl.java:setRole(184)) - ddd4789c-894d-475a-bbfb-f6e7aa670c92@group-58A987F56150: changes role from  FOLLOWER to FOLLOWER at term 429 for recognizeCandidate:327657b1-60f8-49f2-b2a3-f63e1f934942
2019-10-18 14:58:52,663 [grpc-default-executor-3] INFO  impl.RoleInfo (RoleInfo.java:shutdownFollowerState(121)) - ddd4789c-894d-475a-bbfb-f6e7aa670c92: shutdown FollowerState
2019-10-18 14:58:52,664 [grpc-default-executor-3] INFO  impl.RoleInfo (RoleInfo.java:updateAndGet(143)) - ddd4789c-894d-475a-bbfb-f6e7aa670c92: start FollowerState
2019-10-18 14:58:52,664 [Thread-2789] INFO  impl.FollowerState (FollowerState.java:run(117)) - ddd4789c-894d-475a-bbfb-f6e7aa670c92@group-58A987F56150-FollowerState was interrupted: java.lang.InterruptedException: sleep interrupted
2019-10-18 14:58:52,677 [327657b1-60f8-49f2-b2a3-f63e1f934942@group-58A987F56150-LeaderElection370] INFO  impl.LeaderElection (LeaderElection.java:logAndReturn(56)) - 327657b1-60f8-49f2-b2a3-f63e1f934942@group-58A987F56150-LeaderElection370: Election REJECTED; received 2 response(s) [327657b1-60f8-49f2-b2a3-f63e1f934942<-6605b8a5-570b-4977-9ee7-6aaf3012bed5#0:FAIL-t429, 327657b1-60f8-49f2-b2a3-f63e1f934942<-ddd4789c-894d-475a-bbfb-f6e7aa670c92#0:FAIL-t429] and 0 exception(s); 327657b1-60f8-49f2-b2a3-f63e1f934942@group-58A987F56150:t429, leader=null, voted=327657b1-60f8-49f2-b2a3-f63e1f934942, raftlog=327657b1-60f8-49f2-b2a3-f63e1f934942@group-58A987F56150-SegmentedRaftLog:OPENED:c-1,f-1,i0, conf=-1: [6605b8a5-570b-4977-9ee7-6aaf3012bed5:192.168.164.233:35223, 327657b1-60f8-49f2-b2a3-f63e1f934942:192.168.164.233:41966, ddd4789c-894d-475a-bbfb-f6e7aa670c92:192.168.164.233:41061], old=null
2019-10-18 14:58:52,677 [327657b1-60f8-49f2-b2a3-f63e1f934942@group-58A987F56150-LeaderElection370] INFO  impl.RaftServerImpl (RaftServerImpl.java:setRole(184)) - 327657b1-60f8-49f2-b2a3-f63e1f934942@group-58A987F56150: changes role from CANDIDATE to FOLLOWER at term 429 for DISCOVERED_A_NEW_TERM
2019-10-18 14:58:52,677 [327657b1-60f8-49f2-b2a3-f63e1f934942@group-58A987F56150-LeaderElection370] INFO  impl.RoleInfo (RoleInfo.java:shutdownLeaderElection(134)) - 327657b1-60f8-49f2-b2a3-f63e1f934942: shutdown LeaderElection
2019-10-18 14:58:52,677 [327657b1-60f8-49f2-b2a3-f63e1f934942@group-58A987F56150-LeaderElection370] INFO  impl.RoleInfo (RoleInfo.java:updateAndGet(143)) - 327657b1-60f8-49f2-b2a3-f63e1f934942: start FollowerState
2019-10-18 14:58:52,868 [Thread-2797] INFO  impl.FollowerState (FollowerState.java:run(108)) - 327657b1-60f8-49f2-b2a3-f63e1f934942@group-58A987F56150-FollowerState: change to CANDIDATE, lastRpcTime:190ms, electionTimeout:190ms
2019-10-18 14:58:52,868 [Thread-2797] INFO  impl.RoleInfo (RoleInfo.java:shutdownFollowerState(121)) - 327657b1-60f8-49f2-b2a3-f63e1f934942: shutdown FollowerState
2019-10-18 14:58:52,868 [Thread-2797] INFO  impl.RaftServerImpl (RaftServerImpl.java:setRole(184)) - 327657b1-60f8-49f2-b2a3-f63e1f934942@group-58A987F56150: changes role from  FOLLOWER to CANDIDATE at term 429 for changeToCandidate
2019-10-18 14:58:52,868 [Thread-2797] INFO  impl.RoleInfo (RoleInfo.java:updateAndGet(143)) - 327657b1-60f8-49f2-b2a3-f63e1f934942: start LeaderElection
2019-10-18 14:58:52,891 [327657b1-60f8-49f2-b2a3-f63e1f934942@group-58A987F56150-LeaderElection371] INFO  impl.LeaderElection (LeaderElection.java:askForVotes(178)) - 327657b1-60f8-49f2-b2a3-f63e1f934942@group-58A987F56150-LeaderElection371: begin an election at term 430 for -1: [6605b8a5-570b-4977-9ee7-6aaf3012bed5:192.168.164.233:35223, 327657b1-60f8-49f2-b2a3-f63e1f934942:192.168.164.233:41966, ddd4789c-894d-475a-bbfb-f6e7aa670c92:192.168.164.233:41061], old=null
2019-10-18 14:58:52,892 [grpc-default-executor-3] INFO  impl.RaftServerImpl (RaftServerImpl.java:setRole(184)) - 6605b8a5-570b-4977-9ee7-6aaf3012bed5@group-58A987F56150: changes role from  FOLLOWER to FOLLOWER at term 430 for recognizeCandidate:327657b1-60f8-49f2-b2a3-f63e1f934942
2019-10-18 14:58:52,892 [grpc-default-executor-3] INFO  impl.RoleInfo (RoleInfo.java:shutdownFollowerState(121)) - 6605b8a5-570b-4977-9ee7-6aaf3012bed5: shutdown FollowerState
2019-10-18 14:58:52,893 [grpc-default-executor-0] INFO  impl.RaftServerImpl (RaftServerImpl.java:setRole(184)) - ddd4789c-894d-475a-bbfb-f6e7aa670c92@group-58A987F56150: changes role from  FOLLOWER to FOLLOWER at term 430 for recognizeCandidate:327657b1-60f8-49f2-b2a3-f63e1f934942
2019-10-18 14:58:52,893 [Thread-2795] INFO  impl.FollowerState (FollowerState.java:run(117)) - 6605b8a5-570b-4977-9ee7-6aaf3012bed5@group-58A987F56150-FollowerState was interrupted: java.lang.InterruptedException: sleep interrupted
2019-10-18 14:58:52,893 [grpc-default-executor-3] INFO  impl.RoleInfo (RoleInfo.java:updateAndGet(143)) - 6605b8a5-570b-4977-9ee7-6aaf3012bed5: start FollowerState
2019-10-18 14:58:52,893 [grpc-default-executor-0] INFO  impl.RoleInfo (RoleInfo.java:shutdownFollowerState(121)) - ddd4789c-894d-475a-bbfb-f6e7aa670c92: shutdown FollowerState
2019-10-18 14:58:52,893 [grpc-default-executor-0] INFO  impl.RoleInfo (RoleInfo.java:updateAndGet(143)) - ddd4789c-894d-475a-bbfb-f6e7aa670c92: start FollowerState
2019-10-18 14:58:52,893 [Thread-2796] INFO  impl.FollowerState (FollowerState.java:run(117)) - ddd4789c-894d-475a-bbfb-f6e7aa670c92@group-58A987F56150-FollowerState was interrupted: java.lang.InterruptedException: sleep interrupted
2019-10-18 14:58:52,907 [327657b1-60f8-49f2-b2a3-f63e1f934942@group-58A987F56150-LeaderElection371] INFO  impl.LeaderElection (LeaderElection.java:logAndReturn(56)) - 327657b1-60f8-49f2-b2a3-f63e1f934942@group-58A987F56150-LeaderElection371: Election REJECTED; received 2 response(s) [327657b1-60f8-49f2-b2a3-f63e1f934942<-6605b8a5-570b-4977-9ee7-6aaf3012bed5#0:FAIL-t430, 327657b1-60f8-49f2-b2a3-f63e1f934942<-ddd4789c-894d-475a-bbfb-f6e7aa670c92#0:FAIL-t430] and 0 exception(s); 327657b1-60f8-49f2-b2a3-f63e1f934942@group-58A987F56150:t430, leader=null, voted=327657b1-60f8-49f2-b2a3-f63e1f934942, raftlog=327657b1-60f8-49f2-b2a3-f63e1f934942@group-58A987F56150-SegmentedRaftLog:OPENED:c-1,f-1,i0, conf=-1: [6605b8a5-570b-4977-9ee7-6aaf3012bed5:192.168.164.233:35223, 327657b1-60f8-49f2-b2a3-f63e1f934942:192.168.164.233:41966, ddd4789c-894d-475a-bbfb-f6e7aa670c92:192.168.164.233:41061], old=null
2019-10-18 14:58:52,907 [327657b1-60f8-49f2-b2a3-f63e1f934942@group-58A987F56150-LeaderElection371] INFO  impl.RaftServerImpl (RaftServerImpl.java:setRole(184)) - 327657b1-60f8-49f2-b2a3-f63e1f934942@group-58A987F56150: changes role from CANDIDATE to FOLLOWER at term 430 for DISCOVERED_A_NEW_TERM
2019-10-18 14:58:52,907 [327657b1-60f8-49f2-b2a3-f63e1f934942@group-58A987F56150-LeaderElection371] INFO  impl.RoleInfo (RoleInfo.java:shutdownLeaderElection(134)) - 327657b1-60f8-49f2-b2a3-f63e1f934942: shutdown LeaderElection
2019-10-18 14:58:52,907 [327657b1-60f8-49f2-b2a3-f63e1f934942@group-58A987F56150-LeaderElection371] INFO  impl.RoleInfo (RoleInfo.java:updateAndGet(143)) - 327657b1-60f8-49f2-b2a3-f63e1f934942: start FollowerState
2019-10-18 14:58:52,996 [Thread-2803] INFO  impl.FollowerState (FollowerState.java:run(108)) - 327657b1-60f8-49f2-b2a3-f63e1f934942@group-58A987F56150-FollowerState: change to CANDIDATE, lastRpcTime:88ms, electionTimeout:88ms
2019-10-18 14:58:52,996 [Thread-2803] INFO  impl.RoleInfo (RoleInfo.java:shutdownFollowerState(121)) - 327657b1-60f8-49f2-b2a3-f63e1f934942: shutdown FollowerState
2019-10-18 14:58:52,996 [Thread-2803] INFO  impl.RaftServerImpl (RaftServerImpl.java:setRole(184)) - 327657b1-60f8-49f2-b2a3-f63e1f934942@group-58A987F56150: changes role from  FOLLOWER to CANDIDATE at term 430 for changeToCandidate
2019-10-18 14:58:52,996 [Thread-2803] INFO  impl.RoleInfo (RoleInfo.java:updateAndGet(143)) - 327657b1-60f8-49f2-b2a3-f63e1f934942: start LeaderElection
2019-10-18 14:58:53,010 [327657b1-60f8-49f2-b2a3-f63e1f934942@group-58A987F56150-LeaderElection372] INFO  impl.LeaderElection (LeaderElection.java:askForVotes(178)) - 327657b1-60f8-49f2-b2a3-f63e1f934942@group-58A987F56150-LeaderElection372: begin an election at term 431 for -1: [6605b8a5-570b-4977-9ee7-6aaf3012bed5:192.168.164.233:35223, 327657b1-60f8-49f2-b2a3-f63e1f934942:192.168.164.233:41966, ddd4789c-894d-475a-bbfb-f6e7aa670c92:192.168.164.233:41061], old=null
2019-10-18 14:58:53,012 [grpc-default-executor-0] INFO  impl.RaftServerImpl (RaftServerImpl.java:setRole(184)) - 6605b8a5-570b-4977-9ee7-6aaf3012bed5@group-58A987F56150: changes role from  FOLLOWER to FOLLOWER at term 431 for recognizeCandidate:327657b1-60f8-49f2-b2a3-f63e1f934942
2019-10-18 14:58:53,012 [grpc-default-executor-0] INFO  impl.RoleInfo (RoleInfo.java:shutdownFollowerState(121)) - 6605b8a5-570b-4977-9ee7-6aaf3012bed5: shutdown FollowerState
2019-10-18 14:58:53,012 [grpc-default-executor-3] INFO  impl.RaftServerImpl (RaftServerImpl.java:setRole(184)) - ddd4789c-894d-475a-bbfb-f6e7aa670c92@group-58A987F56150: changes role from  FOLLOWER to FOLLOWER at term 431 for recognizeCandidate:327657b1-60f8-49f2-b2a3-f63e1f934942
2019-10-18 14:58:53,012 [Thread-2801] INFO  impl.FollowerState (FollowerState.java:run(117)) - 6605b8a5-570b-4977-9ee7-6aaf3012bed5@group-58A987F56150-FollowerState was interrupted: java.lang.InterruptedException: sleep interrupted
2019-10-18 14:58:53,012 [grpc-default-executor-0] INFO  impl.RoleInfo (RoleInfo.java:updateAndGet(143)) - 6605b8a5-570b-4977-9ee7-6aaf3012bed5: start FollowerState
2019-10-18 14:58:53,012 [grpc-default-executor-3] INFO  impl.RoleInfo (RoleInfo.java:shutdownFollowerState(121)) - ddd4789c-894d-475a-bbfb-f6e7aa670c92: shutdown FollowerState
2019-10-18 14:58:53,013 [grpc-default-executor-3] INFO  impl.RoleInfo (RoleInfo.java:updateAndGet(143)) - ddd4789c-894d-475a-bbfb-f6e7aa670c92: start FollowerState
2019-10-18 14:58:53,013 [Thread-2802] INFO  impl.FollowerState (FollowerState.java:run(117)) - ddd4789c-894d-475a-bbfb-f6e7aa670c92@group-58A987F56150-FollowerState was interrupted: java.lang.InterruptedException: sleep interrupted
2019-10-18 14:58:53,038 [327657b1-60f8-49f2-b2a3-f63e1f934942@group-58A987F56150-LeaderElection372] INFO  impl.LeaderElection (LeaderElection.java:logAndReturn(56)) - 327657b1-60f8-49f2-b2a3-f63e1f934942@group-58A987F56150-LeaderElection372: Election REJECTED; received 2 response(s) [327657b1-60f8-49f2-b2a3-f63e1f934942<-6605b8a5-570b-4977-9ee7-6aaf3012bed5#0:FAIL-t431, 327657b1-60f8-49f2-b2a3-f63e1f934942<-ddd4789c-894d-475a-bbfb-f6e7aa670c92#0:FAIL-t431] and 0 exception(s); 327657b1-60f8-49f2-b2a3-f63e1f934942@group-58A987F56150:t431, leader=null, voted=327657b1-60f8-49f2-b2a3-f63e1f934942, raftlog=327657b1-60f8-49f2-b2a3-f63e1f934942@group-58A987F56150-SegmentedRaftLog:OPENED:c-1,f-1,i0, conf=-1: [6605b8a5-570b-4977-9ee7-6aaf3012bed5:192.168.164.233:35223, 327657b1-60f8-49f2-b2a3-f63e1f934942:192.168.164.233:41966, ddd4789c-894d-475a-bbfb-f6e7aa670c92:192.168.164.233:41061], old=null
2019-10-18 14:58:53,038 [327657b1-60f8-49f2-b2a3-f63e1f934942@group-58A987F56150-LeaderElection372] INFO  impl.RaftServerImpl (RaftServerImpl.java:setRole(184)) - 327657b1-60f8-49f2-b2a3-f63e1f934942@group-58A987F56150: changes role from CANDIDATE to FOLLOWER at term 431 for DISCOVERED_A_NEW_TERM
2019-10-18 14:58:53,038 [327657b1-60f8-49f2-b2a3-f63e1f934942@group-58A987F56150-LeaderElection372] INFO  impl.RoleInfo (RoleInfo.java:shutdownLeaderElection(134)) - 327657b1-60f8-49f2-b2a3-f63e1f934942: shutdown LeaderElection
2019-10-18 14:58:53,038 [327657b1-60f8-49f2-b2a3-f63e1f934942@group-58A987F56150-LeaderElection372] INFO  impl.RoleInfo (RoleInfo.java:updateAndGet(143)) - 327657b1-60f8-49f2-b2a3-f63e1f934942: start FollowerState
2019-10-18 14:58:53,140 [Thread-2809] INFO  impl.FollowerState (FollowerState.java:run(108)) - 327657b1-60f8-49f2-b2a3-f63e1f934942@group-58A987F56150-FollowerState: change to CANDIDATE, lastRpcTime:101ms, electionTimeout:101ms
2019-10-18 14:58:53,140 [Thread-2809] INFO  impl.RoleInfo (RoleInfo.java:shutdownFollowerState(121)) - 327657b1-60f8-49f2-b2a3-f63e1f934942: shutdown FollowerState
2019-10-18 14:58:53,140 [Thread-2809] INFO  impl.RaftServerImpl (RaftServerImpl.java:setRole(184)) - 327657b1-60f8-49f2-b2a3-f63e1f934942@group-58A987F56150: changes role from  FOLLOWER to CANDIDATE at term 431 for changeToCandidate
2019-10-18 14:58:53,140 [Thread-2809] INFO  impl.RoleInfo (RoleInfo.java:updateAndGet(143)) - 327657b1-60f8-49f2-b2a3-f63e1f934942: start LeaderElection
2019-10-18 14:58:53,154 [327657b1-60f8-49f2-b2a3-f63e1f934942@group-58A987F56150-LeaderElection373] INFO  impl.LeaderElection (LeaderElection.java:askForVotes(178)) - 327657b1-60f8-49f2-b2a3-f63e1f934942@group-58A987F56150-LeaderElection373: begin an election at term 432 for -1: [6605b8a5-570b-4977-9ee7-6aaf3012bed5:192.168.164.233:35223, 327657b1-60f8-49f2-b2a3-f63e1f934942:192.168.164.233:41966, ddd4789c-894d-475a-bbfb-f6e7aa670c92:192.168.164.233:41061], old=null
2019-10-18 14:58:53,155 [grpc-default-executor-3] INFO  impl.RaftServerImpl (RaftServerImpl.java:setRole(184)) - 6605b8a5-570b-4977-9ee7-6aaf3012bed5@group-58A987F56150: changes role from  FOLLOWER to FOLLOWER at term 432 for recognizeCandidate:327657b1-60f8-49f2-b2a3-f63e1f934942
2019-10-18 14:58:53,155 [grpc-default-executor-3] INFO  impl.RoleInfo (RoleInfo.java:shutdownFollowerState(121)) - 6605b8a5-570b-4977-9ee7-6aaf3012bed5: shutdown FollowerState
2019-10-18 14:58:53,155 [grpc-default-executor-0] INFO  impl.RaftServerImpl (RaftServerImpl.java:setRole(184)) - ddd4789c-894d-475a-bbfb-f6e7aa670c92@group-58A987F56150: changes role from  FOLLOWER to FOLLOWER at term 432 for recognizeCandidate:327657b1-60f8-49f2-b2a3-f63e1f934942
2019-10-18 14:58:53,156 [grpc-default-executor-0] INFO  impl.RoleInfo (RoleInfo.java:shutdownFollowerState(121)) - ddd4789c-894d-475a-bbfb-f6e7aa670c92: shutdown FollowerState
2019-10-18 14:58:53,155 [Thread-2807] INFO  impl.FollowerState (FollowerState.java:run(117)) - 6605b8a5-570b-4977-9ee7-6aaf3012bed5@group-58A987F56150-FollowerState was interrupted: java.lang.InterruptedException: sleep interrupted
2019-10-18 14:58:53,155 [grpc-default-executor-3] INFO  impl.RoleInfo (RoleInfo.java:updateAndGet(143)) - 6605b8a5-570b-4977-9ee7-6aaf3012bed5: start FollowerState
2019-10-18 14:58:53,156 [Thread-2808] INFO  impl.FollowerState (FollowerState.java:run(117)) - ddd4789c-894d-475a-bbfb-f6e7aa670c92@group-58A987F56150-FollowerState was interrupted: java.lang.InterruptedException: sleep interrupted
2019-10-18 14:58:53,156 [grpc-default-executor-0] INFO  impl.RoleInfo (RoleInfo.java:updateAndGet(143)) - ddd4789c-894d-475a-bbfb-f6e7aa670c92: start FollowerState
2019-10-18 14:58:53,176 [327657b1-60f8-49f2-b2a3-f63e1f934942@group-58A987F56150-LeaderElection373] INFO  impl.LeaderElection (LeaderElection.java:logAndReturn(56)) - 327657b1-60f8-49f2-b2a3-f63e1f934942@group-58A987F56150-LeaderElection373: Election TIMEOUT; received 0 response(s) [] and 0 exception(s); 327657b1-60f8-49f2-b2a3-f63e1f934942@group-58A987F56150:t432, leader=null, voted=327657b1-60f8-49f2-b2a3-f63e1f934942, raftlog=327657b1-60f8-49f2-b2a3-f63e1f934942@group-58A987F56150-SegmentedRaftLog:OPENED:c-1,f-1,i0, conf=-1: [6605b8a5-570b-4977-9ee7-6aaf3012bed5:192.168.164.233:35223, 327657b1-60f8-49f2-b2a3-f63e1f934942:192.168.164.233:41966, ddd4789c-894d-475a-bbfb-f6e7aa670c92:192.168.164.233:41061], old=null
2019-10-18 14:58:53,183 [327657b1-60f8-49f2-b2a3-f63e1f934942@group-58A987F56150-LeaderElection373] INFO  impl.LeaderElection (LeaderElection.java:askForVotes(178)) - 327657b1-60f8-49f2-b2a3-f63e1f934942@group-58A987F56150-LeaderElection373: begin an election at term 433 for -1: [6605b8a5-570b-4977-9ee7-6aaf3012bed5:192.168.164.233:35223, 327657b1-60f8-49f2-b2a3-f63e1f934942:192.168.164.233:41966, ddd4789c-894d-475a-bbfb-f6e7aa670c92:192.168.164.233:41061], old=null
2019-10-18 14:58:53,184 [grpc-default-executor-0] INFO  impl.RaftServerImpl (RaftServerImpl.java:setRole(184)) - ddd4789c-894d-475a-bbfb-f6e7aa670c92@group-58A987F56150: changes role from  FOLLOWER to FOLLOWER at term 433 for recognizeCandidate:327657b1-60f8-49f2-b2a3-f63e1f934942
2019-10-18 14:58:53,184 [grpc-default-executor-3] INFO  impl.RaftServerImpl (RaftServerImpl.java:setRole(184)) - 6605b8a5-570b-4977-9ee7-6aaf3012bed5@group-58A987F56150: changes role from  FOLLOWER to FOLLOWER at term 433 for recognizeCandidate:327657b1-60f8-49f2-b2a3-f63e1f934942
2019-10-18 14:58:53,184 [grpc-default-executor-0] INFO  impl.RoleInfo (RoleInfo.java:shutdownFollowerState(121)) - ddd4789c-894d-475a-bbfb-f6e7aa670c92: shutdown FollowerState
2019-10-18 14:58:53,184 [grpc-default-executor-3] INFO  impl.RoleInfo (RoleInfo.java:shutdownFollowerState(121)) - 6605b8a5-570b-4977-9ee7-6aaf3012bed5: shutdown FollowerState
2019-10-18 14:58:53,185 [Thread-2814] INFO  impl.FollowerState (FollowerState.java:run(117)) - ddd4789c-894d-475a-bbfb-f6e7aa670c92@group-58A987F56150-FollowerState was interrupted: java.lang.InterruptedException: sleep interrupted
2019-10-18 14:58:53,185 [grpc-default-executor-0] INFO  impl.RoleInfo (RoleInfo.java:updateAndGet(143)) - ddd4789c-894d-475a-bbfb-f6e7aa670c92: start FollowerState
2019-10-18 14:58:53,185 [Thread-2813] INFO  impl.FollowerState (FollowerState.java:run(117)) - 6605b8a5-570b-4977-9ee7-6aaf3012bed5@group-58A987F56150-FollowerState was interrupted: java.lang.InterruptedException: sleep interrupted
2019-10-18 14:58:53,185 [grpc-default-executor-3] INFO  impl.RoleInfo (RoleInfo.java:updateAndGet(143)) - 6605b8a5-570b-4977-9ee7-6aaf3012bed5: start FollowerState
2019-10-18 14:58:53,210 [327657b1-60f8-49f2-b2a3-f63e1f934942@group-58A987F56150-LeaderElection373] INFO  impl.LeaderElection (LeaderElection.java:logAndReturn(56)) - 327657b1-60f8-49f2-b2a3-f63e1f934942@group-58A987F56150-LeaderElection373: Election REJECTED; received 2 response(s) [327657b1-60f8-49f2-b2a3-f63e1f934942<-6605b8a5-570b-4977-9ee7-6aaf3012bed5#0:FAIL-t433, 327657b1-60f8-49f2-b2a3-f63e1f934942<-ddd4789c-894d-475a-bbfb-f6e7aa670c92#0:FAIL-t433] and 0 exception(s); 327657b1-60f8-49f2-b2a3-f63e1f934942@group-58A987F56150:t433, leader=null, voted=327657b1-60f8-49f2-b2a3-f63e1f934942, raftlog=327657b1-60f8-49f2-b2a3-f63e1f934942@group-58A987F56150-SegmentedRaftLog:OPENED:c-1,f-1,i0, conf=-1: [6605b8a5-570b-4977-9ee7-6aaf3012bed5:192.168.164.233:35223, 327657b1-60f8-49f2-b2a3-f63e1f934942:192.168.164.233:41966, ddd4789c-894d-475a-bbfb-f6e7aa670c92:192.168.164.233:41061], old=null
2019-10-18 14:58:53,210 [327657b1-60f8-49f2-b2a3-f63e1f934942@group-58A987F56150-LeaderElection373] INFO  impl.RaftServerImpl (RaftServerImpl.java:setRole(184)) - 327657b1-60f8-49f2-b2a3-f63e1f934942@group-58A987F56150: changes role from CANDIDATE to FOLLOWER at term 433 for DISCOVERED_A_NEW_TERM
2019-10-18 14:58:53,211 [327657b1-60f8-49f2-b2a3-f63e1f934942@group-58A987F56150-LeaderElection373] INFO  impl.RoleInfo (RoleInfo.java:shutdownLeaderElection(134)) - 327657b1-60f8-49f2-b2a3-f63e1f934942: shutdown LeaderElection
2019-10-18 14:58:53,211 [327657b1-60f8-49f2-b2a3-f63e1f934942@group-58A987F56150-LeaderElection373] INFO  impl.RoleInfo (RoleInfo.java:updateAndGet(143)) - 327657b1-60f8-49f2-b2a3-f63e1f934942: start FollowerState
2019-10-18 14:58:53,297 [Thread-2819] INFO  impl.FollowerState (FollowerState.java:run(108)) - 327657b1-60f8-49f2-b2a3-f63e1f934942@group-58A987F56150-FollowerState: change to CANDIDATE, lastRpcTime:86ms, electionTimeout:86ms
2019-10-18 14:58:53,297 [Thread-2819] INFO  impl.RoleInfo (RoleInfo.java:shutdownFollowerState(121)) - 327657b1-60f8-49f2-b2a3-f63e1f934942: shutdown FollowerState
2019-10-18 14:58:53,297 [Thread-2819] INFO  impl.RaftServerImpl (RaftServerImpl.java:setRole(184)) - 327657b1-60f8-49f2-b2a3-f63e1f934942@group-58A987F56150: changes role from  FOLLOWER to CANDIDATE at term 433 for changeToCandidate
2019-10-18 14:58:53,297 [Thread-2819] INFO  impl.RoleInfo (RoleInfo.java:updateAndGet(143)) - 327657b1-60f8-49f2-b2a3-f63e1f934942: start LeaderElection
2019-10-18 14:58:53,323 [327657b1-60f8-49f2-b2a3-f63e1f934942@group-58A987F56150-LeaderElection374] INFO  impl.LeaderElection (LeaderElection.java:askForVotes(178)) - 327657b1-60f8-49f2-b2a3-f63e1f934942@group-58A987F56150-LeaderElection374: begin an election at term 434 for -1: [6605b8a5-570b-4977-9ee7-6aaf3012bed5:192.168.164.233:35223, 327657b1-60f8-49f2-b2a3-f63e1f934942:192.168.164.233:41966, ddd4789c-894d-475a-bbfb-f6e7aa670c92:192.168.164.233:41061], old=null
2019-10-18 14:58:53,325 [grpc-default-executor-3] INFO  impl.RaftServerImpl (RaftServerImpl.java:setRole(184)) - 6605b8a5-570b-4977-9ee7-6aaf3012bed5@group-58A987F56150: changes role from  FOLLOWER to FOLLOWER at term 434 for recognizeCandidate:327657b1-60f8-49f2-b2a3-f63e1f934942
2019-10-18 14:58:53,325 [grpc-default-executor-0] INFO  impl.RaftServerImpl (RaftServerImpl.java:setRole(184)) - ddd4789c-894d-475a-bbfb-f6e7aa670c92@group-58A987F56150: changes role from  FOLLOWER to FOLLOWER at term 434 for recognizeCandidate:327657b1-60f8-49f2-b2a3-f63e1f934942
2019-10-18 14:58:53,325 [grpc-default-executor-0] INFO  impl.RoleInfo (RoleInfo.java:shutdownFollowerState(121)) - ddd4789c-894d-475a-bbfb-f6e7aa670c92: shutdown FollowerState
2019-10-18 14:58:53,325 [grpc-default-executor-3] INFO  impl.RoleInfo (RoleInfo.java:shutdownFollowerState(121)) - 6605b8a5-570b-4977-9ee7-6aaf3012bed5: shutdown FollowerState
2019-10-18 14:58:53,325 [Thread-2817] INFO  impl.FollowerState (FollowerState.java:run(117)) - ddd4789c-894d-475a-bbfb-f6e7aa670c92@group-58A987F56150-FollowerState was interrupted: java.lang.InterruptedException: sleep interrupted
2019-10-18 14:58:53,325 [grpc-default-executor-0] INFO  impl.RoleInfo (RoleInfo.java:updateAndGet(143)) - ddd4789c-894d-475a-bbfb-f6e7aa670c92: start FollowerState
2019-10-18 14:58:53,325 [Thread-2818] INFO  impl.FollowerState (FollowerState.java:run(117)) - 6605b8a5-570b-4977-9ee7-6aaf3012bed5@group-58A987F56150-FollowerState was interrupted: java.lang.InterruptedException: sleep interrupted
2019-10-18 14:58:53,325 [grpc-default-executor-3] INFO  impl.RoleInfo (RoleInfo.java:updateAndGet(143)) - 6605b8a5-570b-4977-9ee7-6aaf3012bed5: start FollowerState
2019-10-18 14:58:53,340 [327657b1-60f8-49f2-b2a3-f63e1f934942@group-58A987F56150-LeaderElection374] INFO  impl.LeaderElection (LeaderElection.java:logAndReturn(56)) - 327657b1-60f8-49f2-b2a3-f63e1f934942@group-58A987F56150-LeaderElection374: Election REJECTED; received 2 response(s) [327657b1-60f8-49f2-b2a3-f63e1f934942<-6605b8a5-570b-4977-9ee7-6aaf3012bed5#0:FAIL-t434, 327657b1-60f8-49f2-b2a3-f63e1f934942<-ddd4789c-894d-475a-bbfb-f6e7aa670c92#0:FAIL-t434] and 0 exception(s); 327657b1-60f8-49f2-b2a3-f63e1f934942@group-58A987F56150:t434, leader=null, voted=327657b1-60f8-49f2-b2a3-f63e1f934942, raftlog=327657b1-60f8-49f2-b2a3-f63e1f934942@group-58A987F56150-SegmentedRaftLog:OPENED:c-1,f-1,i0, conf=-1: [6605b8a5-570b-4977-9ee7-6aaf3012bed5:192.168.164.233:35223, 327657b1-60f8-49f2-b2a3-f63e1f934942:192.168.164.233:41966, ddd4789c-894d-475a-bbfb-f6e7aa670c92:192.168.164.233:41061], old=null
2019-10-18 14:58:53,340 [327657b1-60f8-49f2-b2a3-f63e1f934942@group-58A987F56150-LeaderElection374] INFO  impl.RaftServerImpl (RaftServerImpl.java:setRole(184)) - 327657b1-60f8-49f2-b2a3-f63e1f934942@group-58A987F56150: changes role from CANDIDATE to FOLLOWER at term 434 for DISCOVERED_A_NEW_TERM
2019-10-18 14:58:53,340 [327657b1-60f8-49f2-b2a3-f63e1f934942@group-58A987F56150-LeaderElection374] INFO  impl.RoleInfo (RoleInfo.java:shutdownLeaderElection(134)) - 327657b1-60f8-49f2-b2a3-f63e1f934942: shutdown LeaderElection
2019-10-18 14:58:53,340 [327657b1-60f8-49f2-b2a3-f63e1f934942@group-58A987F56150-LeaderElection374] INFO  impl.RoleInfo (RoleInfo.java:updateAndGet(143)) - 327657b1-60f8-49f2-b2a3-f63e1f934942: start FollowerState
2019-10-18 14:58:53,497 [Thread-2827] INFO  impl.FollowerState (FollowerState.java:run(108)) - 327657b1-60f8-49f2-b2a3-f63e1f934942@group-58A987F56150-FollowerState: change to CANDIDATE, lastRpcTime:157ms, electionTimeout:157ms
2019-10-18 14:58:53,497 [Thread-2827] INFO  impl.RoleInfo (RoleInfo.java:shutdownFollowerState(121)) - 327657b1-60f8-49f2-b2a3-f63e1f934942: shutdown FollowerState
2019-10-18 14:58:53,498 [Thread-2827] INFO  impl.RaftServerImpl (RaftServerImpl.java:setRole(184)) - 327657b1-60f8-49f2-b2a3-f63e1f934942@group-58A987F56150: changes role from  FOLLOWER to CANDIDATE at term 434 for changeToCandidate
2019-10-18 14:58:53,498 [Thread-2827] INFO  impl.RoleInfo (RoleInfo.java:updateAndGet(143)) - 327657b1-60f8-49f2-b2a3-f63e1f934942: start LeaderElection
2019-10-18 14:58:53,526 [327657b1-60f8-49f2-b2a3-f63e1f934942@group-58A987F56150-LeaderElection375] INFO  impl.LeaderElection (LeaderElection.java:askForVotes(178)) - 327657b1-60f8-49f2-b2a3-f63e1f934942@group-58A987F56150-LeaderElection375: begin an election at term 435 for -1: [6605b8a5-570b-4977-9ee7-6aaf3012bed5:192.168.164.233:35223, 327657b1-60f8-49f2-b2a3-f63e1f934942:192.168.164.233:41966, ddd4789c-894d-475a-bbfb-f6e7aa670c92:192.168.164.233:41061], old=null
2019-10-18 14:58:53,528 [grpc-default-executor-3] INFO  impl.RaftServerImpl (RaftServerImpl.java:setRole(184)) - 6605b8a5-570b-4977-9ee7-6aaf3012bed5@group-58A987F56150: changes role from  FOLLOWER to FOLLOWER at term 435 for recognizeCandidate:327657b1-60f8-49f2-b2a3-f63e1f934942
2019-10-18 14:58:53,528 [grpc-default-executor-3] INFO  impl.RoleInfo (RoleInfo.java:shutdownFollowerState(121)) - 6605b8a5-570b-4977-9ee7-6aaf3012bed5: shutdown FollowerState
2019-10-18 14:58:53,528 [grpc-default-executor-0] INFO  impl.RaftServerImpl (RaftServerImpl.java:setRole(184)) - ddd4789c-894d-475a-bbfb-f6e7aa670c92@group-58A987F56150: changes role from  FOLLOWER to FOLLOWER at term 435 for recognizeCandidate:327657b1-60f8-49f2-b2a3-f63e1f934942
2019-10-18 14:58:53,529 [grpc-default-executor-0] INFO  impl.RoleInfo (RoleInfo.java:shutdownFollowerState(121)) - ddd4789c-894d-475a-bbfb-f6e7aa670c92: shutdown FollowerState
2019-10-18 14:58:53,529 [Thread-2826] INFO  impl.FollowerState (FollowerState.java:run(117)) - 6605b8a5-570b-4977-9ee7-6aaf3012bed5@group-58A987F56150-FollowerState was interrupted: java.lang.InterruptedException: sleep interrupted
2019-10-18 14:58:53,528 [grpc-default-executor-3] INFO  impl.RoleInfo (RoleInfo.java:updateAndGet(143)) - 6605b8a5-570b-4977-9ee7-6aaf3012bed5: start FollowerState
2019-10-18 14:58:53,529 [Thread-2825] INFO  impl.FollowerState (FollowerState.java:run(117)) - ddd4789c-894d-475a-bbfb-f6e7aa670c92@group-58A987F56150-FollowerState was interrupted: java.lang.InterruptedException: sleep interrupted
2019-10-18 14:58:53,529 [grpc-default-executor-0] INFO  impl.RoleInfo (RoleInfo.java:updateAndGet(143)) - ddd4789c-894d-475a-bbfb-f6e7aa670c92: start FollowerState
2019-10-18 14:58:53,544 [327657b1-60f8-49f2-b2a3-f63e1f934942@group-58A987F56150-LeaderElection375] INFO  impl.LeaderElection (LeaderElection.java:logAndReturn(56)) - 327657b1-60f8-49f2-b2a3-f63e1f934942@group-58A987F56150-LeaderElection375: Election REJECTED; received 2 response(s) [327657b1-60f8-49f2-b2a3-f63e1f934942<-6605b8a5-570b-4977-9ee7-6aaf3012bed5#0:FAIL-t435, 327657b1-60f8-49f2-b2a3-f63e1f934942<-ddd4789c-894d-475a-bbfb-f6e7aa670c92#0:FAIL-t435] and 0 exception(s); 327657b1-60f8-49f2-b2a3-f63e1f934942@group-58A987F56150:t435, leader=null, voted=327657b1-60f8-49f2-b2a3-f63e1f934942, raftlog=327657b1-60f8-49f2-b2a3-f63e1f934942@group-58A987F56150-SegmentedRaftLog:OPENED:c-1,f-1,i0, conf=-1: [6605b8a5-570b-4977-9ee7-6aaf3012bed5:192.168.164.233:35223, 327657b1-60f8-49f2-b2a3-f63e1f934942:192.168.164.233:41966, ddd4789c-894d-475a-bbfb-f6e7aa670c92:192.168.164.233:41061], old=null
2019-10-18 14:58:53,544 [327657b1-60f8-49f2-b2a3-f63e1f934942@group-58A987F56150-LeaderElection375] INFO  impl.RaftServerImpl (RaftServerImpl.java:setRole(184)) - 327657b1-60f8-49f2-b2a3-f63e1f934942@group-58A987F56150: changes role from CANDIDATE to FOLLOWER at term 435 for DISCOVERED_A_NEW_TERM
2019-10-18 14:58:53,544 [327657b1-60f8-49f2-b2a3-f63e1f934942@group-58A987F56150-LeaderElection375] INFO  impl.RoleInfo (RoleInfo.java:shutdownLeaderElection(134)) - 327657b1-60f8-49f2-b2a3-f63e1f934942: shutdown LeaderElection
2019-10-18 14:58:53,544 [327657b1-60f8-49f2-b2a3-f63e1f934942@group-58A987F56150-LeaderElection375] INFO  impl.RoleInfo (RoleInfo.java:updateAndGet(143)) - 327657b1-60f8-49f2-b2a3-f63e1f934942: start FollowerState
2019-10-18 14:58:53,680 [Thread-2833] INFO  impl.FollowerState (FollowerState.java:run(108)) - 327657b1-60f8-49f2-b2a3-f63e1f934942@group-58A987F56150-FollowerState: change to CANDIDATE, lastRpcTime:135ms, electionTimeout:135ms
2019-10-18 14:58:53,680 [Thread-2833] INFO  impl.RoleInfo (RoleInfo.java:shutdownFollowerState(121)) - 327657b1-60f8-49f2-b2a3-f63e1f934942: shutdown FollowerState
2019-10-18 14:58:53,680 [Thread-2833] INFO  impl.RaftServerImpl (RaftServerImpl.java:setRole(184)) - 327657b1-60f8-49f2-b2a3-f63e1f934942@group-58A987F56150: changes role from  FOLLOWER to CANDIDATE at term 435 for changeToCandidate
2019-10-18 14:58:53,680 [Thread-2833] INFO  impl.RoleInfo (RoleInfo.java:updateAndGet(143)) - 327657b1-60f8-49f2-b2a3-f63e1f934942: start LeaderElection
2019-10-18 14:58:53,693 [327657b1-60f8-49f2-b2a3-f63e1f934942@group-58A987F56150-LeaderElection376] INFO  impl.LeaderElection (LeaderElection.java:askForVotes(178)) - 327657b1-60f8-49f2-b2a3-f63e1f934942@group-58A987F56150-LeaderElection376: begin an election at term 436 for -1: [6605b8a5-570b-4977-9ee7-6aaf3012bed5:192.168.164.233:35223, 327657b1-60f8-49f2-b2a3-f63e1f934942:192.168.164.233:41966, ddd4789c-894d-475a-bbfb-f6e7aa670c92:192.168.164.233:41061], old=null
2019-10-18 14:58:53,695 [grpc-default-executor-3] INFO  impl.RaftServerImpl (RaftServerImpl.java:setRole(184)) - 6605b8a5-570b-4977-9ee7-6aaf3012bed5@group-58A987F56150: changes role from  FOLLOWER to FOLLOWER at term 436 for recognizeCandidate:327657b1-60f8-49f2-b2a3-f63e1f934942
2019-10-18 14:58:53,695 [grpc-default-executor-3] INFO  impl.RoleInfo (RoleInfo.java:shutdownFollowerState(121)) - 6605b8a5-570b-4977-9ee7-6aaf3012bed5: shutdown FollowerState
2019-10-18 14:58:53,696 [grpc-default-executor-3] INFO  impl.RoleInfo (RoleInfo.java:updateAndGet(143)) - 6605b8a5-570b-4977-9ee7-6aaf3012bed5: start FollowerState
2019-10-18 14:58:53,696 [grpc-default-executor-0] INFO  impl.RaftServerImpl (RaftServerImpl.java:setRole(184)) - ddd4789c-894d-475a-bbfb-f6e7aa670c92@group-58A987F56150: changes role from  FOLLOWER to FOLLOWER at term 436 for recognizeCandidate:327657b1-60f8-49f2-b2a3-f63e1f934942
2019-10-18 14:58:53,696 [grpc-default-executor-0] INFO  impl.RoleInfo (RoleInfo.java:shutdownFollowerState(121)) - ddd4789c-894d-475a-bbfb-f6e7aa670c92: shutdown FollowerState
2019-10-18 14:58:53,696 [Thread-2831] INFO  impl.FollowerState (FollowerState.java:run(117)) - 6605b8a5-570b-4977-9ee7-6aaf3012bed5@group-58A987F56150-FollowerState was interrupted: java.lang.InterruptedException: sleep interrupted
2019-10-18 14:58:53,696 [Thread-2832] INFO  impl.FollowerState (FollowerState.java:run(117)) - ddd4789c-894d-475a-bbfb-f6e7aa670c92@group-58A987F56150-FollowerState was interrupted: java.lang.InterruptedException: sleep interrupted
2019-10-18 14:58:53,696 [grpc-default-executor-0] INFO  impl.RoleInfo (RoleInfo.java:updateAndGet(143)) - ddd4789c-894d-475a-bbfb-f6e7aa670c92: start FollowerState
2019-10-18 14:58:53,721 [327657b1-60f8-49f2-b2a3-f63e1f934942@group-58A987F56150-LeaderElection376] INFO  impl.LeaderElection (LeaderElection.java:logAndReturn(56)) - 327657b1-60f8-49f2-b2a3-f63e1f934942@group-58A987F56150-LeaderElection376: Election REJECTED; received 2 response(s) [327657b1-60f8-49f2-b2a3-f63e1f934942<-6605b8a5-570b-4977-9ee7-6aaf3012bed5#0:FAIL-t436, 327657b1-60f8-49f2-b2a3-f63e1f934942<-ddd4789c-894d-475a-bbfb-f6e7aa670c92#0:FAIL-t436] and 0 exception(s); 327657b1-60f8-49f2-b2a3-f63e1f934942@group-58A987F56150:t436, leader=null, voted=327657b1-60f8-49f2-b2a3-f63e1f934942, raftlog=327657b1-60f8-49f2-b2a3-f63e1f934942@group-58A987F56150-SegmentedRaftLog:OPENED:c-1,f-1,i0, conf=-1: [6605b8a5-570b-4977-9ee7-6aaf3012bed5:192.168.164.233:35223, 327657b1-60f8-49f2-b2a3-f63e1f934942:192.168.164.233:41966, ddd4789c-894d-475a-bbfb-f6e7aa670c92:192.168.164.233:41061], old=null
2019-10-18 14:58:53,721 [327657b1-60f8-49f2-b2a3-f63e1f934942@group-58A987F56150-LeaderElection376] INFO  impl.RaftServerImpl (RaftServerImpl.java:setRole(184)) - 327657b1-60f8-49f2-b2a3-f63e1f934942@group-58A987F56150: changes role from CANDIDATE to FOLLOWER at term 436 for DISCOVERED_A_NEW_TERM
2019-10-18 14:58:53,722 [327657b1-60f8-49f2-b2a3-f63e1f934942@group-58A987F56150-LeaderElection376] INFO  impl.RoleInfo (RoleInfo.java:shutdownLeaderElection(134)) - 327657b1-60f8-49f2-b2a3-f63e1f934942: shutdown LeaderElection
2019-10-18 14:58:53,722 [327657b1-60f8-49f2-b2a3-f63e1f934942@group-58A987F56150-LeaderElection376] INFO  impl.RoleInfo (RoleInfo.java:updateAndGet(143)) - 327657b1-60f8-49f2-b2a3-f63e1f934942: start FollowerState
2019-10-18 14:58:53,887 [Thread-2839] INFO  impl.FollowerState (FollowerState.java:run(108)) - 327657b1-60f8-49f2-b2a3-f63e1f934942@group-58A987F56150-FollowerState: change to CANDIDATE, lastRpcTime:165ms, electionTimeout:165ms
2019-10-18 14:58:53,887 [Thread-2839] INFO  impl.RoleInfo (RoleInfo.java:shutdownFollowerState(121)) - 327657b1-60f8-49f2-b2a3-f63e1f934942: shutdown FollowerState
2019-10-18 14:58:53,887 [Thread-2839] INFO  impl.RaftServerImpl (RaftServerImpl.java:setRole(184)) - 327657b1-60f8-49f2-b2a3-f63e1f934942@group-58A987F56150: changes role from  FOLLOWER to CANDIDATE at term 436 for changeToCandidate
2019-10-18 14:58:53,888 [Thread-2839] INFO  impl.RoleInfo (RoleInfo.java:updateAndGet(143)) - 327657b1-60f8-49f2-b2a3-f63e1f934942: start LeaderElection
2019-10-18 14:58:53,901 [327657b1-60f8-49f2-b2a3-f63e1f934942@group-58A987F56150-LeaderElection377] INFO  impl.LeaderElection (LeaderElection.java:askForVotes(178)) - 327657b1-60f8-49f2-b2a3-f63e1f934942@group-58A987F56150-LeaderElection377: begin an election at term 437 for -1: [6605b8a5-570b-4977-9ee7-6aaf3012bed5:192.168.164.233:35223, 327657b1-60f8-49f2-b2a3-f63e1f934942:192.168.164.233:41966, ddd4789c-894d-475a-bbfb-f6e7aa670c92:192.168.164.233:41061], old=null
2019-10-18 14:58:53,904 [grpc-default-executor-0] INFO  impl.RaftServerImpl (RaftServerImpl.java:setRole(184)) - 6605b8a5-570b-4977-9ee7-6aaf3012bed5@group-58A987F56150: changes role from  FOLLOWER to FOLLOWER at term 437 for recognizeCandidate:327657b1-60f8-49f2-b2a3-f63e1f934942
2019-10-18 14:58:53,904 [grpc-default-executor-3] INFO  impl.RaftServerImpl (RaftServerImpl.java:setRole(184)) - ddd4789c-894d-475a-bbfb-f6e7aa670c92@group-58A987F56150: changes role from  FOLLOWER to FOLLOWER at term 437 for recognizeCandidate:327657b1-60f8-49f2-b2a3-f63e1f934942
2019-10-18 14:58:53,904 [grpc-default-executor-3] INFO  impl.RoleInfo (RoleInfo.java:shutdownFollowerState(121)) - ddd4789c-894d-475a-bbfb-f6e7aa670c92: shutdown FollowerState
2019-10-18 14:58:53,904 [grpc-default-executor-0] INFO  impl.RoleInfo (RoleInfo.java:shutdownFollowerState(121)) - 6605b8a5-570b-4977-9ee7-6aaf3012bed5: shutdown FollowerState
2019-10-18 14:58:53,904 [Thread-2838] INFO  impl.FollowerState (FollowerState.java:run(117)) - ddd4789c-894d-475a-bbfb-f6e7aa670c92@group-58A987F56150-FollowerState was interrupted: java.lang.InterruptedException: sleep interrupted
2019-10-18 14:58:53,904 [grpc-default-executor-3] INFO  impl.RoleInfo (RoleInfo.java:updateAndGet(143)) - ddd4789c-894d-475a-bbfb-f6e7aa670c92: start FollowerState
2019-10-18 14:58:53,905 [Thread-2837] INFO  impl.FollowerState (FollowerState.java:run(117)) - 6605b8a5-570b-4977-9ee7-6aaf3012bed5@group-58A987F56150-FollowerState was interrupted: java.lang.InterruptedException: sleep interrupted
2019-10-18 14:58:53,905 [grpc-default-executor-0] INFO  impl.RoleInfo (RoleInfo.java:updateAndGet(143)) - 6605b8a5-570b-4977-9ee7-6aaf3012bed5: start FollowerState
2019-10-18 14:58:53,931 [327657b1-60f8-49f2-b2a3-f63e1f934942@group-58A987F56150-LeaderElection377] INFO  impl.LeaderElection (LeaderElection.java:logAndReturn(56)) - 327657b1-60f8-49f2-b2a3-f63e1f934942@group-58A987F56150-LeaderElection377: Election REJECTED; received 2 response(s) [327657b1-60f8-49f2-b2a3-f63e1f934942<-6605b8a5-570b-4977-9ee7-6aaf3012bed5#0:FAIL-t437, 327657b1-60f8-49f2-b2a3-f63e1f934942<-ddd4789c-894d-475a-bbfb-f6e7aa670c92#0:FAIL-t437] and 0 exception(s); 327657b1-60f8-49f2-b2a3-f63e1f934942@group-58A987F56150:t437, leader=null, voted=327657b1-60f8-49f2-b2a3-f63e1f934942, raftlog=327657b1-60f8-49f2-b2a3-f63e1f934942@group-58A987F56150-SegmentedRaftLog:OPENED:c-1,f-1,i0, conf=-1: [6605b8a5-570b-4977-9ee7-6aaf3012bed5:192.168.164.233:35223, 327657b1-60f8-49f2-b2a3-f63e1f934942:192.168.164.233:41966, ddd4789c-894d-475a-bbfb-f6e7aa670c92:192.168.164.233:41061], old=null
2019-10-18 14:58:53,932 [327657b1-60f8-49f2-b2a3-f63e1f934942@group-58A987F56150-LeaderElection377] INFO  impl.RaftServerImpl (RaftServerImpl.java:setRole(184)) - 327657b1-60f8-49f2-b2a3-f63e1f934942@group-58A987F56150: changes role from CANDIDATE to FOLLOWER at term 437 for DISCOVERED_A_NEW_TERM
2019-10-18 14:58:53,932 [327657b1-60f8-49f2-b2a3-f63e1f934942@group-58A987F56150-LeaderElection377] INFO  impl.RoleInfo (RoleInfo.java:shutdownLeaderElection(134)) - 327657b1-60f8-49f2-b2a3-f63e1f934942: shutdown LeaderElection
2019-10-18 14:58:53,932 [327657b1-60f8-49f2-b2a3-f63e1f934942@group-58A987F56150-LeaderElection377] INFO  impl.RoleInfo (RoleInfo.java:updateAndGet(143)) - 327657b1-60f8-49f2-b2a3-f63e1f934942: start FollowerState
2019-10-18 14:58:53,963 [Thread-2847] INFO  impl.FollowerState (FollowerState.java:run(108)) - 327657b1-60f8-49f2-b2a3-f63e1f934942@group-58A987F56150-FollowerState: change to CANDIDATE, lastRpcTime:30ms, electionTimeout:30ms
2019-10-18 14:58:53,963 [Thread-2847] INFO  impl.RoleInfo (RoleInfo.java:shutdownFollowerState(121)) - 327657b1-60f8-49f2-b2a3-f63e1f934942: shutdown FollowerState
2019-10-18 14:58:53,963 [Thread-2847] INFO  impl.RaftServerImpl (RaftServerImpl.java:setRole(184)) - 327657b1-60f8-49f2-b2a3-f63e1f934942@group-58A987F56150: changes role from  FOLLOWER to CANDIDATE at term 437 for changeToCandidate
2019-10-18 14:58:53,963 [Thread-2847] INFO  impl.RoleInfo (RoleInfo.java:updateAndGet(143)) - 327657b1-60f8-49f2-b2a3-f63e1f934942: start LeaderElection
2019-10-18 14:58:53,976 [327657b1-60f8-49f2-b2a3-f63e1f934942@group-58A987F56150-LeaderElection378] INFO  impl.LeaderElection (LeaderElection.java:askForVotes(178)) - 327657b1-60f8-49f2-b2a3-f63e1f934942@group-58A987F56150-LeaderElection378: begin an election at term 438 for -1: [6605b8a5-570b-4977-9ee7-6aaf3012bed5:192.168.164.233:35223, 327657b1-60f8-49f2-b2a3-f63e1f934942:192.168.164.233:41966, ddd4789c-894d-475a-bbfb-f6e7aa670c92:192.168.164.233:41061], old=null
2019-10-18 14:58:53,978 [grpc-default-executor-0] INFO  impl.RaftServerImpl (RaftServerImpl.java:setRole(184)) - ddd4789c-894d-475a-bbfb-f6e7aa670c92@group-58A987F56150: changes role from  FOLLOWER to FOLLOWER at term 438 for recognizeCandidate:327657b1-60f8-49f2-b2a3-f63e1f934942
2019-10-18 14:58:53,978 [grpc-default-executor-0] INFO  impl.RoleInfo (RoleInfo.java:shutdownFollowerState(121)) - ddd4789c-894d-475a-bbfb-f6e7aa670c92: shutdown FollowerState
2019-10-18 14:58:53,978 [grpc-default-executor-3] INFO  impl.RaftServerImpl (RaftServerImpl.java:setRole(184)) - 6605b8a5-570b-4977-9ee7-6aaf3012bed5@group-58A987F56150: changes role from  FOLLOWER to FOLLOWER at term 438 for recognizeCandidate:327657b1-60f8-49f2-b2a3-f63e1f934942
2019-10-18 14:58:53,979 [grpc-default-executor-3] INFO  impl.RoleInfo (RoleInfo.java:shutdownFollowerState(121)) - 6605b8a5-570b-4977-9ee7-6aaf3012bed5: shutdown FollowerState
2019-10-18 14:58:53,978 [Thread-2845] INFO  impl.FollowerState (FollowerState.java:run(117)) - ddd4789c-894d-475a-bbfb-f6e7aa670c92@group-58A987F56150-FollowerState was interrupted: java.lang.InterruptedException: sleep interrupted
2019-10-18 14:58:53,979 [Thread-2846] INFO  impl.FollowerState (FollowerState.java:run(117)) - 6605b8a5-570b-4977-9ee7-6aaf3012bed5@group-58A987F56150-FollowerState was interrupted: java.lang.InterruptedException: sleep interrupted
2019-10-18 14:58:53,978 [grpc-default-executor-0] INFO  impl.RoleInfo (RoleInfo.java:updateAndGet(143)) - ddd4789c-894d-475a-bbfb-f6e7aa670c92: start FollowerState
2019-10-18 14:58:53,979 [grpc-default-executor-3] INFO  impl.RoleInfo (RoleInfo.java:updateAndGet(143)) - 6605b8a5-570b-4977-9ee7-6aaf3012bed5: start FollowerState
2019-10-18 14:58:54,005 [327657b1-60f8-49f2-b2a3-f63e1f934942@group-58A987F56150-LeaderElection378] INFO  impl.LeaderElection (LeaderElection.java:logAndReturn(56)) - 327657b1-60f8-49f2-b2a3-f63e1f934942@group-58A987F56150-LeaderElection378: Election REJECTED; received 2 response(s) [327657b1-60f8-49f2-b2a3-f63e1f934942<-6605b8a5-570b-4977-9ee7-6aaf3012bed5#0:FAIL-t438, 327657b1-60f8-49f2-b2a3-f63e1f934942<-ddd4789c-894d-475a-bbfb-f6e7aa670c92#0:FAIL-t438] and 0 exception(s); 327657b1-60f8-49f2-b2a3-f63e1f934942@group-58A987F56150:t438, leader=null, voted=327657b1-60f8-49f2-b2a3-f63e1f934942, raftlog=327657b1-60f8-49f2-b2a3-f63e1f934942@group-58A987F56150-SegmentedRaftLog:OPENED:c-1,f-1,i0, conf=-1: [6605b8a5-570b-4977-9ee7-6aaf3012bed5:192.168.164.233:35223, 327657b1-60f8-49f2-b2a3-f63e1f934942:192.168.164.233:41966, ddd4789c-894d-475a-bbfb-f6e7aa670c92:192.168.164.233:41061], old=null
2019-10-18 14:58:54,005 [327657b1-60f8-49f2-b2a3-f63e1f934942@group-58A987F56150-LeaderElection378] INFO  impl.RaftServerImpl (RaftServerImpl.java:setRole(184)) - 327657b1-60f8-49f2-b2a3-f63e1f934942@group-58A987F56150: changes role from CANDIDATE to FOLLOWER at term 438 for DISCOVERED_A_NEW_TERM
2019-10-18 14:58:54,005 [327657b1-60f8-49f2-b2a3-f63e1f934942@group-58A987F56150-LeaderElection378] INFO  impl.RoleInfo (RoleInfo.java:shutdownLeaderElection(134)) - 327657b1-60f8-49f2-b2a3-f63e1f934942: shutdown LeaderElection
2019-10-18 14:58:54,005 [327657b1-60f8-49f2-b2a3-f63e1f934942@group-58A987F56150-LeaderElection378] INFO  impl.RoleInfo (RoleInfo.java:updateAndGet(143)) - 327657b1-60f8-49f2-b2a3-f63e1f934942: start FollowerState
2019-10-18 14:58:54,100 [Thread-2853] INFO  impl.FollowerState (FollowerState.java:run(108)) - 327657b1-60f8-49f2-b2a3-f63e1f934942@group-58A987F56150-FollowerState: change to CANDIDATE, lastRpcTime:94ms, electionTimeout:94ms
2019-10-18 14:58:54,100 [Thread-2853] INFO  impl.RoleInfo (RoleInfo.java:shutdownFollowerState(121)) - 327657b1-60f8-49f2-b2a3-f63e1f934942: shutdown FollowerState
2019-10-18 14:58:54,100 [Thread-2853] INFO  impl.RaftServerImpl (RaftServerImpl.java:setRole(184)) - 327657b1-60f8-49f2-b2a3-f63e1f934942@group-58A987F56150: changes role from  FOLLOWER to CANDIDATE at term 438 for changeToCandidate
2019-10-18 14:58:54,100 [Thread-2853] INFO  impl.RoleInfo (RoleInfo.java:updateAndGet(143)) - 327657b1-60f8-49f2-b2a3-f63e1f934942: start LeaderElection
2019-10-18 14:58:54,123 [327657b1-60f8-49f2-b2a3-f63e1f934942@group-58A987F56150-LeaderElection379] INFO  impl.LeaderElection (LeaderElection.java:askForVotes(178)) - 327657b1-60f8-49f2-b2a3-f63e1f934942@group-58A987F56150-LeaderElection379: begin an election at term 439 for -1: [6605b8a5-570b-4977-9ee7-6aaf3012bed5:192.168.164.233:35223, 327657b1-60f8-49f2-b2a3-f63e1f934942:192.168.164.233:41966, ddd4789c-894d-475a-bbfb-f6e7aa670c92:192.168.164.233:41061], old=null
2019-10-18 14:58:54,125 [grpc-default-executor-0] INFO  impl.RaftServerImpl (RaftServerImpl.java:setRole(184)) - 6605b8a5-570b-4977-9ee7-6aaf3012bed5@group-58A987F56150: changes role from  FOLLOWER to FOLLOWER at term 439 for recognizeCandidate:327657b1-60f8-49f2-b2a3-f63e1f934942
2019-10-18 14:58:54,125 [grpc-default-executor-3] INFO  impl.RaftServerImpl (RaftServerImpl.java:setRole(184)) - ddd4789c-894d-475a-bbfb-f6e7aa670c92@group-58A987F56150: changes role from  FOLLOWER to FOLLOWER at term 439 for recognizeCandidate:327657b1-60f8-49f2-b2a3-f63e1f934942
2019-10-18 14:58:54,125 [grpc-default-executor-3] INFO  impl.RoleInfo (RoleInfo.java:shutdownFollowerState(121)) - ddd4789c-894d-475a-bbfb-f6e7aa670c92: shutdown FollowerState
2019-10-18 14:58:54,125 [grpc-default-executor-0] INFO  impl.RoleInfo (RoleInfo.java:shutdownFollowerState(121)) - 6605b8a5-570b-4977-9ee7-6aaf3012bed5: shutdown FollowerState
2019-10-18 14:58:54,126 [Thread-2851] INFO  impl.FollowerState (FollowerState.java:run(117)) - ddd4789c-894d-475a-bbfb-f6e7aa670c92@group-58A987F56150-FollowerState was interrupted: java.lang.InterruptedException: sleep interrupted
2019-10-18 14:58:54,126 [grpc-default-executor-3] INFO  impl.RoleInfo (RoleInfo.java:updateAndGet(143)) - ddd4789c-894d-475a-bbfb-f6e7aa670c92: start FollowerState
2019-10-18 14:58:54,126 [grpc-default-executor-0] INFO  impl.RoleInfo (RoleInfo.java:updateAndGet(143)) - 6605b8a5-570b-4977-9ee7-6aaf3012bed5: start FollowerState
2019-10-18 14:58:54,126 [Thread-2852] INFO  impl.FollowerState (FollowerState.java:run(117)) - 6605b8a5-570b-4977-9ee7-6aaf3012bed5@group-58A987F56150-FollowerState was interrupted: java.lang.InterruptedException: sleep interrupted
2019-10-18 14:58:54,152 [327657b1-60f8-49f2-b2a3-f63e1f934942@group-58A987F56150-LeaderElection379] INFO  impl.LeaderElection (LeaderElection.java:logAndReturn(56)) - 327657b1-60f8-49f2-b2a3-f63e1f934942@group-58A987F56150-LeaderElection379: Election REJECTED; received 2 response(s) [327657b1-60f8-49f2-b2a3-f63e1f934942<-6605b8a5-570b-4977-9ee7-6aaf3012bed5#0:FAIL-t439, 327657b1-60f8-49f2-b2a3-f63e1f934942<-ddd4789c-894d-475a-bbfb-f6e7aa670c92#0:FAIL-t439] and 0 exception(s); 327657b1-60f8-49f2-b2a3-f63e1f934942@group-58A987F56150:t439, leader=null, voted=327657b1-60f8-49f2-b2a3-f63e1f934942, raftlog=327657b1-60f8-49f2-b2a3-f63e1f934942@group-58A987F56150-SegmentedRaftLog:OPENED:c-1,f-1,i0, conf=-1: [6605b8a5-570b-4977-9ee7-6aaf3012bed5:192.168.164.233:35223, 327657b1-60f8-49f2-b2a3-f63e1f934942:192.168.164.233:41966, ddd4789c-894d-475a-bbfb-f6e7aa670c92:192.168.164.233:41061], old=null
2019-10-18 14:58:54,152 [327657b1-60f8-49f2-b2a3-f63e1f934942@group-58A987F56150-LeaderElection379] INFO  impl.RaftServerImpl (RaftServerImpl.java:setRole(184)) - 327657b1-60f8-49f2-b2a3-f63e1f934942@group-58A987F56150: changes role from CANDIDATE to FOLLOWER at term 439 for DISCOVERED_A_NEW_TERM
2019-10-18 14:58:54,152 [327657b1-60f8-49f2-b2a3-f63e1f934942@group-58A987F56150-LeaderElection379] INFO  impl.RoleInfo (RoleInfo.java:shutdownLeaderElection(134)) - 327657b1-60f8-49f2-b2a3-f63e1f934942: shutdown LeaderElection
2019-10-18 14:58:54,152 [327657b1-60f8-49f2-b2a3-f63e1f934942@group-58A987F56150-LeaderElection379] INFO  impl.RoleInfo (RoleInfo.java:updateAndGet(143)) - 327657b1-60f8-49f2-b2a3-f63e1f934942: start FollowerState
2019-10-18 14:58:54,326 [Thread-2859] INFO  impl.FollowerState (FollowerState.java:run(108)) - 327657b1-60f8-49f2-b2a3-f63e1f934942@group-58A987F56150-FollowerState: change to CANDIDATE, lastRpcTime:174ms, electionTimeout:174ms
2019-10-18 14:58:54,327 [Thread-2859] INFO  impl.RoleInfo (RoleInfo.java:shutdownFollowerState(121)) - 327657b1-60f8-49f2-b2a3-f63e1f934942: shutdown FollowerState
2019-10-18 14:58:54,327 [Thread-2859] INFO  impl.RaftServerImpl (RaftServerImpl.java:setRole(184)) - 327657b1-60f8-49f2-b2a3-f63e1f934942@group-58A987F56150: changes role from  FOLLOWER to CANDIDATE at term 439 for changeToCandidate
2019-10-18 14:58:54,327 [Thread-2859] INFO  impl.RoleInfo (RoleInfo.java:updateAndGet(143)) - 327657b1-60f8-49f2-b2a3-f63e1f934942: start LeaderElection
2019-10-18 14:58:54,340 [327657b1-60f8-49f2-b2a3-f63e1f934942@group-58A987F56150-LeaderElection380] INFO  impl.LeaderElection (LeaderElection.java:askForVotes(178)) - 327657b1-60f8-49f2-b2a3-f63e1f934942@group-58A987F56150-LeaderElection380: begin an election at term 440 for -1: [6605b8a5-570b-4977-9ee7-6aaf3012bed5:192.168.164.233:35223, 327657b1-60f8-49f2-b2a3-f63e1f934942:192.168.164.233:41966, ddd4789c-894d-475a-bbfb-f6e7aa670c92:192.168.164.233:41061], old=null
2019-10-18 14:58:54,341 [grpc-default-executor-3] INFO  impl.RaftServerImpl (RaftServerImpl.java:setRole(184)) - 6605b8a5-570b-4977-9ee7-6aaf3012bed5@group-58A987F56150: changes role from  FOLLOWER to FOLLOWER at term 440 for recognizeCandidate:327657b1-60f8-49f2-b2a3-f63e1f934942
2019-10-18 14:58:54,341 [grpc-default-executor-3] INFO  impl.RoleInfo (RoleInfo.java:shutdownFollowerState(121)) - 6605b8a5-570b-4977-9ee7-6aaf3012bed5: shutdown FollowerState
2019-10-18 14:58:54,341 [grpc-default-executor-0] INFO  impl.RaftServerImpl (RaftServerImpl.java:setRole(184)) - ddd4789c-894d-475a-bbfb-f6e7aa670c92@group-58A987F56150: changes role from  FOLLOWER to FOLLOWER at term 440 for recognizeCandidate:327657b1-60f8-49f2-b2a3-f63e1f934942
2019-10-18 14:58:54,342 [grpc-default-executor-0] INFO  impl.RoleInfo (RoleInfo.java:shutdownFollowerState(121)) - ddd4789c-894d-475a-bbfb-f6e7aa670c92: shutdown FollowerState
2019-10-18 14:58:54,342 [grpc-default-executor-3] INFO  impl.RoleInfo (RoleInfo.java:updateAndGet(143)) - 6605b8a5-570b-4977-9ee7-6aaf3012bed5: start FollowerState
2019-10-18 14:58:54,342 [Thread-2858] INFO  impl.FollowerState (FollowerState.java:run(117)) - 6605b8a5-570b-4977-9ee7-6aaf3012bed5@group-58A987F56150-FollowerState was interrupted: java.lang.InterruptedException: sleep interrupted
2019-10-18 14:58:54,342 [Thread-2857] INFO  impl.FollowerState (FollowerState.java:run(117)) - ddd4789c-894d-475a-bbfb-f6e7aa670c92@group-58A987F56150-FollowerState was interrupted: java.lang.InterruptedException: sleep interrupted
2019-10-18 14:58:54,342 [grpc-default-executor-0] INFO  impl.RoleInfo (RoleInfo.java:updateAndGet(143)) - ddd4789c-894d-475a-bbfb-f6e7aa670c92: start FollowerState
2019-10-18 14:58:54,356 [327657b1-60f8-49f2-b2a3-f63e1f934942@group-58A987F56150-LeaderElection380] INFO  impl.LeaderElection (LeaderElection.java:logAndReturn(56)) - 327657b1-60f8-49f2-b2a3-f63e1f934942@group-58A987F56150-LeaderElection380: Election REJECTED; received 2 response(s) [327657b1-60f8-49f2-b2a3-f63e1f934942<-6605b8a5-570b-4977-9ee7-6aaf3012bed5#0:FAIL-t440, 327657b1-60f8-49f2-b2a3-f63e1f934942<-ddd4789c-894d-475a-bbfb-f6e7aa670c92#0:FAIL-t440] and 0 exception(s); 327657b1-60f8-49f2-b2a3-f63e1f934942@group-58A987F56150:t440, leader=null, voted=327657b1-60f8-49f2-b2a3-f63e1f934942, raftlog=327657b1-60f8-49f2-b2a3-f63e1f934942@group-58A987F56150-SegmentedRaftLog:OPENED:c-1,f-1,i0, conf=-1: [6605b8a5-570b-4977-9ee7-6aaf3012bed5:192.168.164.233:35223, 327657b1-60f8-49f2-b2a3-f63e1f934942:192.168.164.233:41966, ddd4789c-894d-475a-bbfb-f6e7aa670c92:192.168.164.233:41061], old=null
2019-10-18 14:58:54,356 [327657b1-60f8-49f2-b2a3-f63e1f934942@group-58A987F56150-LeaderElection380] INFO  impl.RaftServerImpl (RaftServerImpl.java:setRole(184)) - 327657b1-60f8-49f2-b2a3-f63e1f934942@group-58A987F56150: changes role from CANDIDATE to FOLLOWER at term 440 for DISCOVERED_A_NEW_TERM
2019-10-18 14:58:54,356 [327657b1-60f8-49f2-b2a3-f63e1f934942@group-58A987F56150-LeaderElection380] INFO  impl.RoleInfo (RoleInfo.java:shutdownLeaderElection(134)) - 327657b1-60f8-49f2-b2a3-f63e1f934942: shutdown LeaderElection
2019-10-18 14:58:54,356 [327657b1-60f8-49f2-b2a3-f63e1f934942@group-58A987F56150-LeaderElection380] INFO  impl.RoleInfo (RoleInfo.java:updateAndGet(143)) - 327657b1-60f8-49f2-b2a3-f63e1f934942: start FollowerState
2019-10-18 14:58:54,511 [Thread-2867] INFO  impl.FollowerState (FollowerState.java:run(108)) - 327657b1-60f8-49f2-b2a3-f63e1f934942@group-58A987F56150-FollowerState: change to CANDIDATE, lastRpcTime:154ms, electionTimeout:154ms
2019-10-18 14:58:54,511 [Thread-2867] INFO  impl.RoleInfo (RoleInfo.java:shutdownFollowerState(121)) - 327657b1-60f8-49f2-b2a3-f63e1f934942: shutdown FollowerState
2019-10-18 14:58:54,511 [Thread-2867] INFO  impl.RaftServerImpl (RaftServerImpl.java:setRole(184)) - 327657b1-60f8-49f2-b2a3-f63e1f934942@group-58A987F56150: changes role from  FOLLOWER to CANDIDATE at term 440 for changeToCandidate
2019-10-18 14:58:54,511 [Thread-2867] INFO  impl.RoleInfo (RoleInfo.java:updateAndGet(143)) - 327657b1-60f8-49f2-b2a3-f63e1f934942: start LeaderElection
2019-10-18 14:58:54,525 [327657b1-60f8-49f2-b2a3-f63e1f934942@group-58A987F56150-LeaderElection381] INFO  impl.LeaderElection (LeaderElection.java:askForVotes(178)) - 327657b1-60f8-49f2-b2a3-f63e1f934942@group-58A987F56150-LeaderElection381: begin an election at term 441 for -1: [6605b8a5-570b-4977-9ee7-6aaf3012bed5:192.168.164.233:35223, 327657b1-60f8-49f2-b2a3-f63e1f934942:192.168.164.233:41966, ddd4789c-894d-475a-bbfb-f6e7aa670c92:192.168.164.233:41061], old=null
2019-10-18 14:58:54,527 [grpc-default-executor-0] INFO  impl.RaftServerImpl (RaftServerImpl.java:setRole(184)) - 6605b8a5-570b-4977-9ee7-6aaf3012bed5@group-58A987F56150: changes role from  FOLLOWER to FOLLOWER at term 441 for recognizeCandidate:327657b1-60f8-49f2-b2a3-f63e1f934942
2019-10-18 14:58:54,527 [grpc-default-executor-0] INFO  impl.RoleInfo (RoleInfo.java:shutdownFollowerState(121)) - 6605b8a5-570b-4977-9ee7-6aaf3012bed5: shutdown FollowerState
2019-10-18 14:58:54,527 [grpc-default-executor-3] INFO  impl.RaftServerImpl (RaftServerImpl.java:setRole(184)) - ddd4789c-894d-475a-bbfb-f6e7aa670c92@group-58A987F56150: changes role from  FOLLOWER to FOLLOWER at term 441 for recognizeCandidate:327657b1-60f8-49f2-b2a3-f63e1f934942
2019-10-18 14:58:54,527 [Thread-2865] INFO  impl.FollowerState (FollowerState.java:run(117)) - 6605b8a5-570b-4977-9ee7-6aaf3012bed5@group-58A987F56150-FollowerState was interrupted: java.lang.InterruptedException: sleep interrupted
2019-10-18 14:58:54,527 [grpc-default-executor-0] INFO  impl.RoleInfo (RoleInfo.java:updateAndGet(143)) - 6605b8a5-570b-4977-9ee7-6aaf3012bed5: start FollowerState
2019-10-18 14:58:54,527 [grpc-default-executor-3] INFO  impl.RoleInfo (RoleInfo.java:shutdownFollowerState(121)) - ddd4789c-894d-475a-bbfb-f6e7aa670c92: shutdown FollowerState
2019-10-18 14:58:54,528 [Thread-2866] INFO  impl.FollowerState (FollowerState.java:run(117)) - ddd4789c-894d-475a-bbfb-f6e7aa670c92@group-58A987F56150-FollowerState was interrupted: java.lang.InterruptedException: sleep interrupted
2019-10-18 14:58:54,528 [grpc-default-executor-3] INFO  impl.RoleInfo (RoleInfo.java:updateAndGet(143)) - ddd4789c-894d-475a-bbfb-f6e7aa670c92: start FollowerState
2019-10-18 14:58:54,541 [327657b1-60f8-49f2-b2a3-f63e1f934942@group-58A987F56150-LeaderElection381] INFO  impl.LeaderElection (LeaderElection.java:logAndReturn(56)) - 327657b1-60f8-49f2-b2a3-f63e1f934942@group-58A987F56150-LeaderElection381: Election REJECTED; received 2 response(s) [327657b1-60f8-49f2-b2a3-f63e1f934942<-6605b8a5-570b-4977-9ee7-6aaf3012bed5#0:FAIL-t441, 327657b1-60f8-49f2-b2a3-f63e1f934942<-ddd4789c-894d-475a-bbfb-f6e7aa670c92#0:FAIL-t441] and 0 exception(s); 327657b1-60f8-49f2-b2a3-f63e1f934942@group-58A987F56150:t441, leader=null, voted=327657b1-60f8-49f2-b2a3-f63e1f934942, raftlog=327657b1-60f8-49f2-b2a3-f63e1f934942@group-58A987F56150-SegmentedRaftLog:OPENED:c-1,f-1,i0, conf=-1: [6605b8a5-570b-4977-9ee7-6aaf3012bed5:192.168.164.233:35223, 327657b1-60f8-49f2-b2a3-f63e1f934942:192.168.164.233:41966, ddd4789c-894d-475a-bbfb-f6e7aa670c92:192.168.164.233:41061], old=null
2019-10-18 14:58:54,541 [327657b1-60f8-49f2-b2a3-f63e1f934942@group-58A987F56150-LeaderElection381] INFO  impl.RaftServerImpl (RaftServerImpl.java:setRole(184)) - 327657b1-60f8-49f2-b2a3-f63e1f934942@group-58A987F56150: changes role from CANDIDATE to FOLLOWER at term 441 for DISCOVERED_A_NEW_TERM
2019-10-18 14:58:54,541 [327657b1-60f8-49f2-b2a3-f63e1f934942@group-58A987F56150-LeaderElection381] INFO  impl.RoleInfo (RoleInfo.java:shutdownLeaderElection(134)) - 327657b1-60f8-49f2-b2a3-f63e1f934942: shutdown LeaderElection
2019-10-18 14:58:54,541 [327657b1-60f8-49f2-b2a3-f63e1f934942@group-58A987F56150-LeaderElection381] INFO  impl.RoleInfo (RoleInfo.java:updateAndGet(143)) - 327657b1-60f8-49f2-b2a3-f63e1f934942: start FollowerState
2019-10-18 14:58:54,582 [Thread-2873] INFO  impl.FollowerState (FollowerState.java:run(108)) - 327657b1-60f8-49f2-b2a3-f63e1f934942@group-58A987F56150-FollowerState: change to CANDIDATE, lastRpcTime:40ms, electionTimeout:40ms
2019-10-18 14:58:54,582 [Thread-2873] INFO  impl.RoleInfo (RoleInfo.java:shutdownFollowerState(121)) - 327657b1-60f8-49f2-b2a3-f63e1f934942: shutdown FollowerState
2019-10-18 14:58:54,582 [Thread-2873] INFO  impl.RaftServerImpl (RaftServerImpl.java:setRole(184)) - 327657b1-60f8-49f2-b2a3-f63e1f934942@group-58A987F56150: changes role from  FOLLOWER to CANDIDATE at term 441 for changeToCandidate
2019-10-18 14:58:54,582 [Thread-2873] INFO  impl.RoleInfo (RoleInfo.java:updateAndGet(143)) - 327657b1-60f8-49f2-b2a3-f63e1f934942: start LeaderElection
2019-10-18 14:58:54,595 [327657b1-60f8-49f2-b2a3-f63e1f934942@group-58A987F56150-LeaderElection382] INFO  impl.LeaderElection (LeaderElection.java:askForVotes(178)) - 327657b1-60f8-49f2-b2a3-f63e1f934942@group-58A987F56150-LeaderElection382: begin an election at term 442 for -1: [6605b8a5-570b-4977-9ee7-6aaf3012bed5:192.168.164.233:35223, 327657b1-60f8-49f2-b2a3-f63e1f934942:192.168.164.233:41966, ddd4789c-894d-475a-bbfb-f6e7aa670c92:192.168.164.233:41061], old=null
2019-10-18 14:58:54,596 [grpc-default-executor-0] INFO  impl.RaftServerImpl (RaftServerImpl.java:setRole(184)) - ddd4789c-894d-475a-bbfb-f6e7aa670c92@group-58A987F56150: changes role from  FOLLOWER to FOLLOWER at term 442 for recognizeCandidate:327657b1-60f8-49f2-b2a3-f63e1f934942
2019-10-18 14:58:54,596 [grpc-default-executor-3] INFO  impl.RaftServerImpl (RaftServerImpl.java:setRole(184)) - 6605b8a5-570b-4977-9ee7-6aaf3012bed5@group-58A987F56150: changes role from  FOLLOWER to FOLLOWER at term 442 for recognizeCandidate:327657b1-60f8-49f2-b2a3-f63e1f934942
2019-10-18 14:58:54,597 [grpc-default-executor-3] INFO  impl.RoleInfo (RoleInfo.java:shutdownFollowerState(121)) - 6605b8a5-570b-4977-9ee7-6aaf3012bed5: shutdown FollowerState
2019-10-18 14:58:54,596 [grpc-default-executor-0] INFO  impl.RoleInfo (RoleInfo.java:shutdownFollowerState(121)) - ddd4789c-894d-475a-bbfb-f6e7aa670c92: shutdown FollowerState
2019-10-18 14:58:54,597 [grpc-default-executor-3] INFO  impl.RoleInfo (RoleInfo.java:updateAndGet(143)) - 6605b8a5-570b-4977-9ee7-6aaf3012bed5: start FollowerState
2019-10-18 14:58:54,597 [Thread-2872] INFO  impl.FollowerState (FollowerState.java:run(117)) - ddd4789c-894d-475a-bbfb-f6e7aa670c92@group-58A987F56150-FollowerState was interrupted: java.lang.InterruptedException: sleep interrupted
2019-10-18 14:58:54,597 [grpc-default-executor-0] INFO  impl.RoleInfo (RoleInfo.java:updateAndGet(143)) - ddd4789c-894d-475a-bbfb-f6e7aa670c92: start FollowerState
2019-10-18 14:58:54,597 [Thread-2871] INFO  impl.FollowerState (FollowerState.java:run(117)) - 6605b8a5-570b-4977-9ee7-6aaf3012bed5@group-58A987F56150-FollowerState was interrupted: java.lang.InterruptedException: sleep interrupted
2019-10-18 14:58:54,623 [327657b1-60f8-49f2-b2a3-f63e1f934942@group-58A987F56150-LeaderElection382] INFO  impl.LeaderElection (LeaderElection.java:logAndReturn(56)) - 327657b1-60f8-49f2-b2a3-f63e1f934942@group-58A987F56150-LeaderElection382: Election REJECTED; received 2 response(s) [327657b1-60f8-49f2-b2a3-f63e1f934942<-6605b8a5-570b-4977-9ee7-6aaf3012bed5#0:FAIL-t442, 327657b1-60f8-49f2-b2a3-f63e1f934942<-ddd4789c-894d-475a-bbfb-f6e7aa670c92#0:FAIL-t442] and 0 exception(s); 327657b1-60f8-49f2-b2a3-f63e1f934942@group-58A987F56150:t442, leader=null, voted=327657b1-60f8-49f2-b2a3-f63e1f934942, raftlog=327657b1-60f8-49f2-b2a3-f63e1f934942@group-58A987F56150-SegmentedRaftLog:OPENED:c-1,f-1,i0, conf=-1: [6605b8a5-570b-4977-9ee7-6aaf3012bed5:192.168.164.233:35223, 327657b1-60f8-49f2-b2a3-f63e1f934942:192.168.164.233:41966, ddd4789c-894d-475a-bbfb-f6e7aa670c92:192.168.164.233:41061], old=null
2019-10-18 14:58:54,623 [327657b1-60f8-49f2-b2a3-f63e1f934942@group-58A987F56150-LeaderElection382] INFO  impl.RaftServerImpl (RaftServerImpl.java:setRole(184)) - 327657b1-60f8-49f2-b2a3-f63e1f934942@group-58A987F56150: changes role from CANDIDATE to FOLLOWER at term 442 for DISCOVERED_A_NEW_TERM
2019-10-18 14:58:54,623 [327657b1-60f8-49f2-b2a3-f63e1f934942@group-58A987F56150-LeaderElection382] INFO  impl.RoleInfo (RoleInfo.java:shutdownLeaderElection(134)) - 327657b1-60f8-49f2-b2a3-f63e1f934942: shutdown LeaderElection
2019-10-18 14:58:54,624 [327657b1-60f8-49f2-b2a3-f63e1f934942@group-58A987F56150-LeaderElection382] INFO  impl.RoleInfo (RoleInfo.java:updateAndGet(143)) - 327657b1-60f8-49f2-b2a3-f63e1f934942: start FollowerState
2019-10-18 14:58:54,792 [Thread-2879] INFO  impl.FollowerState (FollowerState.java:run(108)) - 327657b1-60f8-49f2-b2a3-f63e1f934942@group-58A987F56150-FollowerState: change to CANDIDATE, lastRpcTime:168ms, electionTimeout:168ms
2019-10-18 14:58:54,792 [Thread-2879] INFO  impl.RoleInfo (RoleInfo.java:shutdownFollowerState(121)) - 327657b1-60f8-49f2-b2a3-f63e1f934942: shutdown FollowerState
2019-10-18 14:58:54,792 [Thread-2879] INFO  impl.RaftServerImpl (RaftServerImpl.java:setRole(184)) - 327657b1-60f8-49f2-b2a3-f63e1f934942@group-58A987F56150: changes role from  FOLLOWER to CANDIDATE at term 442 for changeToCandidate
2019-10-18 14:58:54,792 [Thread-2879] INFO  impl.RoleInfo (RoleInfo.java:updateAndGet(143)) - 327657b1-60f8-49f2-b2a3-f63e1f934942: start LeaderElection
2019-10-18 14:58:54,808 [327657b1-60f8-49f2-b2a3-f63e1f934942@group-58A987F56150-LeaderElection383] INFO  impl.LeaderElection (LeaderElection.java:askForVotes(178)) - 327657b1-60f8-49f2-b2a3-f63e1f934942@group-58A987F56150-LeaderElection383: begin an election at term 443 for -1: [6605b8a5-570b-4977-9ee7-6aaf3012bed5:192.168.164.233:35223, 327657b1-60f8-49f2-b2a3-f63e1f934942:192.168.164.233:41966, ddd4789c-894d-475a-bbfb-f6e7aa670c92:192.168.164.233:41061], old=null
2019-10-18 14:58:54,809 [grpc-default-executor-0] INFO  impl.RaftServerImpl (RaftServerImpl.java:setRole(184)) - 6605b8a5-570b-4977-9ee7-6aaf3012bed5@group-58A987F56150: changes role from  FOLLOWER to FOLLOWER at term 443 for recognizeCandidate:327657b1-60f8-49f2-b2a3-f63e1f934942
2019-10-18 14:58:54,810 [grpc-default-executor-0] INFO  impl.RoleInfo (RoleInfo.java:shutdownFollowerState(121)) - 6605b8a5-570b-4977-9ee7-6aaf3012bed5: shutdown FollowerState
2019-10-18 14:58:54,809 [grpc-default-executor-3] INFO  impl.RaftServerImpl (RaftServerImpl.java:setRole(184)) - ddd4789c-894d-475a-bbfb-f6e7aa670c92@group-58A987F56150: changes role from  FOLLOWER to FOLLOWER at term 443 for recognizeCandidate:327657b1-60f8-49f2-b2a3-f63e1f934942
2019-10-18 14:58:54,810 [Thread-2877] INFO  impl.FollowerState (FollowerState.java:run(117)) - 6605b8a5-570b-4977-9ee7-6aaf3012bed5@group-58A987F56150-FollowerState was interrupted: java.lang.InterruptedException: sleep interrupted
2019-10-18 14:58:54,810 [grpc-default-executor-0] INFO  impl.RoleInfo (RoleInfo.java:updateAndGet(143)) - 6605b8a5-570b-4977-9ee7-6aaf3012bed5: start FollowerState
2019-10-18 14:58:54,810 [grpc-default-executor-3] INFO  impl.RoleInfo (RoleInfo.java:shutdownFollowerState(121)) - ddd4789c-894d-475a-bbfb-f6e7aa670c92: shutdown FollowerState
2019-10-18 14:58:54,810 [grpc-default-executor-3] INFO  impl.RoleInfo (RoleInfo.java:updateAndGet(143)) - ddd4789c-894d-475a-bbfb-f6e7aa670c92: start FollowerState
2019-10-18 14:58:54,810 [Thread-2878] INFO  impl.FollowerState (FollowerState.java:run(117)) - ddd4789c-894d-475a-bbfb-f6e7aa670c92@group-58A987F56150-FollowerState was interrupted: java.lang.InterruptedException: sleep interrupted
2019-10-18 14:58:54,836 [327657b1-60f8-49f2-b2a3-f63e1f934942@group-58A987F56150-LeaderElection383] INFO  impl.LeaderElection (LeaderElection.java:logAndReturn(56)) - 327657b1-60f8-49f2-b2a3-f63e1f934942@group-58A987F56150-LeaderElection383: Election REJECTED; received 2 response(s) [327657b1-60f8-49f2-b2a3-f63e1f934942<-6605b8a5-570b-4977-9ee7-6aaf3012bed5#0:FAIL-t443, 327657b1-60f8-49f2-b2a3-f63e1f934942<-ddd4789c-894d-475a-bbfb-f6e7aa670c92#0:FAIL-t443] and 0 exception(s); 327657b1-60f8-49f2-b2a3-f63e1f934942@group-58A987F56150:t443, leader=null, voted=327657b1-60f8-49f2-b2a3-f63e1f934942, raftlog=327657b1-60f8-49f2-b2a3-f63e1f934942@group-58A987F56150-SegmentedRaftLog:OPENED:c-1,f-1,i0, conf=-1: [6605b8a5-570b-4977-9ee7-6aaf3012bed5:192.168.164.233:35223, 327657b1-60f8-49f2-b2a3-f63e1f934942:192.168.164.233:41966, ddd4789c-894d-475a-bbfb-f6e7aa670c92:192.168.164.233:41061], old=null
2019-10-18 14:58:54,837 [327657b1-60f8-49f2-b2a3-f63e1f934942@group-58A987F56150-LeaderElection383] INFO  impl.RaftServerImpl (RaftServerImpl.java:setRole(184)) - 327657b1-60f8-49f2-b2a3-f63e1f934942@group-58A987F56150: changes role from CANDIDATE to FOLLOWER at term 443 for DISCOVERED_A_NEW_TERM
2019-10-18 14:58:54,837 [327657b1-60f8-49f2-b2a3-f63e1f934942@group-58A987F56150-LeaderElection383] INFO  impl.RoleInfo (RoleInfo.java:shutdownLeaderElection(134)) - 327657b1-60f8-49f2-b2a3-f63e1f934942: shutdown LeaderElection
2019-10-18 14:58:54,837 [327657b1-60f8-49f2-b2a3-f63e1f934942@group-58A987F56150-LeaderElection383] INFO  impl.RoleInfo (RoleInfo.java:updateAndGet(143)) - 327657b1-60f8-49f2-b2a3-f63e1f934942: start FollowerState
2019-10-18 14:58:54,919 [Thread-2885] INFO  impl.FollowerState (FollowerState.java:run(108)) - 327657b1-60f8-49f2-b2a3-f63e1f934942@group-58A987F56150-FollowerState: change to CANDIDATE, lastRpcTime:82ms, electionTimeout:82ms
2019-10-18 14:58:54,919 [Thread-2885] INFO  impl.RoleInfo (RoleInfo.java:shutdownFollowerState(121)) - 327657b1-60f8-49f2-b2a3-f63e1f934942: shutdown FollowerState
2019-10-18 14:58:54,919 [Thread-2885] INFO  impl.RaftServerImpl (RaftServerImpl.java:setRole(184)) - 327657b1-60f8-49f2-b2a3-f63e1f934942@group-58A987F56150: changes role from  FOLLOWER to CANDIDATE at term 443 for changeToCandidate
2019-10-18 14:58:54,919 [Thread-2885] INFO  impl.RoleInfo (RoleInfo.java:updateAndGet(143)) - 327657b1-60f8-49f2-b2a3-f63e1f934942: start LeaderElection
2019-10-18 14:58:54,944 [327657b1-60f8-49f2-b2a3-f63e1f934942@group-58A987F56150-LeaderElection384] INFO  impl.LeaderElection (LeaderElection.java:askForVotes(178)) - 327657b1-60f8-49f2-b2a3-f63e1f934942@group-58A987F56150-LeaderElection384: begin an election at term 444 for -1: [6605b8a5-570b-4977-9ee7-6aaf3012bed5:192.168.164.233:35223, 327657b1-60f8-49f2-b2a3-f63e1f934942:192.168.164.233:41966, ddd4789c-894d-475a-bbfb-f6e7aa670c92:192.168.164.233:41061], old=null
2019-10-18 14:58:54,946 [grpc-default-executor-3] INFO  impl.RaftServerImpl (RaftServerImpl.java:setRole(184)) - 6605b8a5-570b-4977-9ee7-6aaf3012bed5@group-58A987F56150: changes role from  FOLLOWER to FOLLOWER at term 444 for recognizeCandidate:327657b1-60f8-49f2-b2a3-f63e1f934942
2019-10-18 14:58:54,946 [grpc-default-executor-3] INFO  impl.RoleInfo (RoleInfo.java:shutdownFollowerState(121)) - 6605b8a5-570b-4977-9ee7-6aaf3012bed5: shutdown FollowerState
2019-10-18 14:58:54,946 [grpc-default-executor-3] INFO  impl.RoleInfo (RoleInfo.java:updateAndGet(143)) - 6605b8a5-570b-4977-9ee7-6aaf3012bed5: start FollowerState
2019-10-18 14:58:54,946 [grpc-default-executor-0] INFO  impl.RaftServerImpl (RaftServerImpl.java:setRole(184)) - ddd4789c-894d-475a-bbfb-f6e7aa670c92@group-58A987F56150: changes role from  FOLLOWER to FOLLOWER at term 444 for recognizeCandidate:327657b1-60f8-49f2-b2a3-f63e1f934942
2019-10-18 14:58:54,946 [grpc-default-executor-0] INFO  impl.RoleInfo (RoleInfo.java:shutdownFollowerState(121)) - ddd4789c-894d-475a-bbfb-f6e7aa670c92: shutdown FollowerState
2019-10-18 14:58:54,946 [Thread-2883] INFO  impl.FollowerState (FollowerState.java:run(117)) - 6605b8a5-570b-4977-9ee7-6aaf3012bed5@group-58A987F56150-FollowerState was interrupted: java.lang.InterruptedException: sleep interrupted
2019-10-18 14:58:54,946 [Thread-2884] INFO  impl.FollowerState (FollowerState.java:run(117)) - ddd4789c-894d-475a-bbfb-f6e7aa670c92@group-58A987F56150-FollowerState was interrupted: java.lang.InterruptedException: sleep interrupted
2019-10-18 14:58:54,946 [grpc-default-executor-0] INFO  impl.RoleInfo (RoleInfo.java:updateAndGet(143)) - ddd4789c-894d-475a-bbfb-f6e7aa670c92: start FollowerState
2019-10-18 14:58:54,971 [327657b1-60f8-49f2-b2a3-f63e1f934942@group-58A987F56150-LeaderElection384] INFO  impl.LeaderElection (LeaderElection.java:logAndReturn(56)) - 327657b1-60f8-49f2-b2a3-f63e1f934942@group-58A987F56150-LeaderElection384: Election REJECTED; received 2 response(s) [327657b1-60f8-49f2-b2a3-f63e1f934942<-6605b8a5-570b-4977-9ee7-6aaf3012bed5#0:FAIL-t444, 327657b1-60f8-49f2-b2a3-f63e1f934942<-ddd4789c-894d-475a-bbfb-f6e7aa670c92#0:FAIL-t444] and 0 exception(s); 327657b1-60f8-49f2-b2a3-f63e1f934942@group-58A987F56150:t444, leader=null, voted=327657b1-60f8-49f2-b2a3-f63e1f934942, raftlog=327657b1-60f8-49f2-b2a3-f63e1f934942@group-58A987F56150-SegmentedRaftLog:OPENED:c-1,f-1,i0, conf=-1: [6605b8a5-570b-4977-9ee7-6aaf3012bed5:192.168.164.233:35223, 327657b1-60f8-49f2-b2a3-f63e1f934942:192.168.164.233:41966, ddd4789c-894d-475a-bbfb-f6e7aa670c92:192.168.164.233:41061], old=null
2019-10-18 14:58:54,971 [327657b1-60f8-49f2-b2a3-f63e1f934942@group-58A987F56150-LeaderElection384] INFO  impl.RaftServerImpl (RaftServerImpl.java:setRole(184)) - 327657b1-60f8-49f2-b2a3-f63e1f934942@group-58A987F56150: changes role from CANDIDATE to FOLLOWER at term 444 for DISCOVERED_A_NEW_TERM
2019-10-18 14:58:54,971 [327657b1-60f8-49f2-b2a3-f63e1f934942@group-58A987F56150-LeaderElection384] INFO  impl.RoleInfo (RoleInfo.java:shutdownLeaderElection(134)) - 327657b1-60f8-49f2-b2a3-f63e1f934942: shutdown LeaderElection
2019-10-18 14:58:54,972 [327657b1-60f8-49f2-b2a3-f63e1f934942@group-58A987F56150-LeaderElection384] INFO  impl.RoleInfo (RoleInfo.java:updateAndGet(143)) - 327657b1-60f8-49f2-b2a3-f63e1f934942: start FollowerState
2019-10-18 14:58:55,062 [Thread-2891] INFO  impl.FollowerState (FollowerState.java:run(108)) - 327657b1-60f8-49f2-b2a3-f63e1f934942@group-58A987F56150-FollowerState: change to CANDIDATE, lastRpcTime:90ms, electionTimeout:90ms
2019-10-18 14:58:55,062 [Thread-2891] INFO  impl.RoleInfo (RoleInfo.java:shutdownFollowerState(121)) - 327657b1-60f8-49f2-b2a3-f63e1f934942: shutdown FollowerState
2019-10-18 14:58:55,062 [Thread-2891] INFO  impl.RaftServerImpl (RaftServerImpl.java:setRole(184)) - 327657b1-60f8-49f2-b2a3-f63e1f934942@group-58A987F56150: changes role from  FOLLOWER to CANDIDATE at term 444 for changeToCandidate
2019-10-18 14:58:55,062 [Thread-2891] INFO  impl.RoleInfo (RoleInfo.java:updateAndGet(143)) - 327657b1-60f8-49f2-b2a3-f63e1f934942: start LeaderElection
2019-10-18 14:58:55,076 [327657b1-60f8-49f2-b2a3-f63e1f934942@group-58A987F56150-LeaderElection385] INFO  impl.LeaderElection (LeaderElection.java:askForVotes(178)) - 327657b1-60f8-49f2-b2a3-f63e1f934942@group-58A987F56150-LeaderElection385: begin an election at term 445 for -1: [6605b8a5-570b-4977-9ee7-6aaf3012bed5:192.168.164.233:35223, 327657b1-60f8-49f2-b2a3-f63e1f934942:192.168.164.233:41966, ddd4789c-894d-475a-bbfb-f6e7aa670c92:192.168.164.233:41061], old=null
2019-10-18 14:58:55,077 [grpc-default-executor-3] INFO  impl.RaftServerImpl (RaftServerImpl.java:setRole(184)) - ddd4789c-894d-475a-bbfb-f6e7aa670c92@group-58A987F56150: changes role from  FOLLOWER to FOLLOWER at term 445 for recognizeCandidate:327657b1-60f8-49f2-b2a3-f63e1f934942
2019-10-18 14:58:55,078 [grpc-default-executor-0] INFO  impl.RaftServerImpl (RaftServerImpl.java:setRole(184)) - 6605b8a5-570b-4977-9ee7-6aaf3012bed5@group-58A987F56150: changes role from  FOLLOWER to FOLLOWER at term 445 for recognizeCandidate:327657b1-60f8-49f2-b2a3-f63e1f934942
2019-10-18 14:58:55,078 [grpc-default-executor-0] INFO  impl.RoleInfo (RoleInfo.java:shutdownFollowerState(121)) - 6605b8a5-570b-4977-9ee7-6aaf3012bed5: shutdown FollowerState
2019-10-18 14:58:55,078 [grpc-default-executor-3] INFO  impl.RoleInfo (RoleInfo.java:shutdownFollowerState(121)) - ddd4789c-894d-475a-bbfb-f6e7aa670c92: shutdown FollowerState
2019-10-18 14:58:55,078 [Thread-2889] INFO  impl.FollowerState (FollowerState.java:run(117)) - 6605b8a5-570b-4977-9ee7-6aaf3012bed5@group-58A987F56150-FollowerState was interrupted: java.lang.InterruptedException: sleep interrupted
2019-10-18 14:58:55,078 [Thread-2890] INFO  impl.FollowerState (FollowerState.java:run(117)) - ddd4789c-894d-475a-bbfb-f6e7aa670c92@group-58A987F56150-FollowerState was interrupted: java.lang.InterruptedException: sleep interrupted
2019-10-18 14:58:55,078 [grpc-default-executor-0] INFO  impl.RoleInfo (RoleInfo.java:updateAndGet(143)) - 6605b8a5-570b-4977-9ee7-6aaf3012bed5: start FollowerState
2019-10-18 14:58:55,078 [grpc-default-executor-3] INFO  impl.RoleInfo (RoleInfo.java:updateAndGet(143)) - ddd4789c-894d-475a-bbfb-f6e7aa670c92: start FollowerState
2019-10-18 14:58:55,092 [327657b1-60f8-49f2-b2a3-f63e1f934942@group-58A987F56150-LeaderElection385] INFO  impl.LeaderElection (LeaderElection.java:logAndReturn(56)) - 327657b1-60f8-49f2-b2a3-f63e1f934942@group-58A987F56150-LeaderElection385: Election REJECTED; received 2 response(s) [327657b1-60f8-49f2-b2a3-f63e1f934942<-6605b8a5-570b-4977-9ee7-6aaf3012bed5#0:FAIL-t445, 327657b1-60f8-49f2-b2a3-f63e1f934942<-ddd4789c-894d-475a-bbfb-f6e7aa670c92#0:FAIL-t445] and 0 exception(s); 327657b1-60f8-49f2-b2a3-f63e1f934942@group-58A987F56150:t445, leader=null, voted=327657b1-60f8-49f2-b2a3-f63e1f934942, raftlog=327657b1-60f8-49f2-b2a3-f63e1f934942@group-58A987F56150-SegmentedRaftLog:OPENED:c-1,f-1,i0, conf=-1: [6605b8a5-570b-4977-9ee7-6aaf3012bed5:192.168.164.233:35223, 327657b1-60f8-49f2-b2a3-f63e1f934942:192.168.164.233:41966, ddd4789c-894d-475a-bbfb-f6e7aa670c92:192.168.164.233:41061], old=null
2019-10-18 14:58:55,092 [327657b1-60f8-49f2-b2a3-f63e1f934942@group-58A987F56150-LeaderElection385] INFO  impl.RaftServerImpl (RaftServerImpl.java:setRole(184)) - 327657b1-60f8-49f2-b2a3-f63e1f934942@group-58A987F56150: changes role from CANDIDATE to FOLLOWER at term 445 for DISCOVERED_A_NEW_TERM
2019-10-18 14:58:55,092 [327657b1-60f8-49f2-b2a3-f63e1f934942@group-58A987F56150-LeaderElection385] INFO  impl.RoleInfo (RoleInfo.java:shutdownLeaderElection(134)) - 327657b1-60f8-49f2-b2a3-f63e1f934942: shutdown LeaderElection
2019-10-18 14:58:55,092 [327657b1-60f8-49f2-b2a3-f63e1f934942@group-58A987F56150-LeaderElection385] INFO  impl.RoleInfo (RoleInfo.java:updateAndGet(143)) - 327657b1-60f8-49f2-b2a3-f63e1f934942: start FollowerState
2019-10-18 14:58:55,159 [Thread-2897] INFO  impl.FollowerState (FollowerState.java:run(108)) - 327657b1-60f8-49f2-b2a3-f63e1f934942@group-58A987F56150-FollowerState: change to CANDIDATE, lastRpcTime:66ms, electionTimeout:66ms
2019-10-18 14:58:55,159 [Thread-2897] INFO  impl.RoleInfo (RoleInfo.java:shutdownFollowerState(121)) - 327657b1-60f8-49f2-b2a3-f63e1f934942: shutdown FollowerState
2019-10-18 14:58:55,159 [Thread-2897] INFO  impl.RaftServerImpl (RaftServerImpl.java:setRole(184)) - 327657b1-60f8-49f2-b2a3-f63e1f934942@group-58A987F56150: changes role from  FOLLOWER to CANDIDATE at term 445 for changeToCandidate
2019-10-18 14:58:55,159 [Thread-2897] INFO  impl.RoleInfo (RoleInfo.java:updateAndGet(143)) - 327657b1-60f8-49f2-b2a3-f63e1f934942: start LeaderElection
2019-10-18 14:58:55,172 [327657b1-60f8-49f2-b2a3-f63e1f934942@group-58A987F56150-LeaderElection386] INFO  impl.LeaderElection (LeaderElection.java:askForVotes(178)) - 327657b1-60f8-49f2-b2a3-f63e1f934942@group-58A987F56150-LeaderElection386: begin an election at term 446 for -1: [6605b8a5-570b-4977-9ee7-6aaf3012bed5:192.168.164.233:35223, 327657b1-60f8-49f2-b2a3-f63e1f934942:192.168.164.233:41966, ddd4789c-894d-475a-bbfb-f6e7aa670c92:192.168.164.233:41061], old=null
2019-10-18 14:58:55,174 [grpc-default-executor-3] INFO  impl.RaftServerImpl (RaftServerImpl.java:setRole(184)) - 6605b8a5-570b-4977-9ee7-6aaf3012bed5@group-58A987F56150: changes role from  FOLLOWER to FOLLOWER at term 446 for recognizeCandidate:327657b1-60f8-49f2-b2a3-f63e1f934942
2019-10-18 14:58:55,174 [grpc-default-executor-3] INFO  impl.RoleInfo (RoleInfo.java:shutdownFollowerState(121)) - 6605b8a5-570b-4977-9ee7-6aaf3012bed5: shutdown FollowerState
2019-10-18 14:58:55,174 [grpc-default-executor-0] INFO  impl.RaftServerImpl (RaftServerImpl.java:setRole(184)) - ddd4789c-894d-475a-bbfb-f6e7aa670c92@group-58A987F56150: changes role from  FOLLOWER to FOLLOWER at term 446 for recognizeCandidate:327657b1-60f8-49f2-b2a3-f63e1f934942
2019-10-18 14:58:55,174 [grpc-default-executor-0] INFO  impl.RoleInfo (RoleInfo.java:shutdownFollowerState(121)) - ddd4789c-894d-475a-bbfb-f6e7aa670c92: shutdown FollowerState
2019-10-18 14:58:55,174 [Thread-2895] INFO  impl.FollowerState (FollowerState.java:run(117)) - 6605b8a5-570b-4977-9ee7-6aaf3012bed5@group-58A987F56150-FollowerState was interrupted: java.lang.InterruptedException: sleep interrupted
2019-10-18 14:58:55,174 [Thread-2896] INFO  impl.FollowerState (FollowerState.java:run(117)) - ddd4789c-894d-475a-bbfb-f6e7aa670c92@group-58A987F56150-FollowerState was interrupted: java.lang.InterruptedException: sleep interrupted
2019-10-18 14:58:55,174 [grpc-default-executor-3] INFO  impl.RoleInfo (RoleInfo.java:updateAndGet(143)) - 6605b8a5-570b-4977-9ee7-6aaf3012bed5: start FollowerState
2019-10-18 14:58:55,174 [grpc-default-executor-0] INFO  impl.RoleInfo (RoleInfo.java:updateAndGet(143)) - ddd4789c-894d-475a-bbfb-f6e7aa670c92: start FollowerState
2019-10-18 14:58:55,205 [327657b1-60f8-49f2-b2a3-f63e1f934942@group-58A987F56150-LeaderElection386] INFO  impl.LeaderElection (LeaderElection.java:logAndReturn(56)) - 327657b1-60f8-49f2-b2a3-f63e1f934942@group-58A987F56150-LeaderElection386: Election REJECTED; received 2 response(s) [327657b1-60f8-49f2-b2a3-f63e1f934942<-6605b8a5-570b-4977-9ee7-6aaf3012bed5#0:FAIL-t446, 327657b1-60f8-49f2-b2a3-f63e1f934942<-ddd4789c-894d-475a-bbfb-f6e7aa670c92#0:FAIL-t446] and 0 exception(s); 327657b1-60f8-49f2-b2a3-f63e1f934942@group-58A987F56150:t446, leader=null, voted=327657b1-60f8-49f2-b2a3-f63e1f934942, raftlog=327657b1-60f8-49f2-b2a3-f63e1f934942@group-58A987F56150-SegmentedRaftLog:OPENED:c-1,f-1,i0, conf=-1: [6605b8a5-570b-4977-9ee7-6aaf3012bed5:192.168.164.233:35223, 327657b1-60f8-49f2-b2a3-f63e1f934942:192.168.164.233:41966, ddd4789c-894d-475a-bbfb-f6e7aa670c92:192.168.164.233:41061], old=null
2019-10-18 14:58:55,205 [327657b1-60f8-49f2-b2a3-f63e1f934942@group-58A987F56150-LeaderElection386] INFO  impl.RaftServerImpl (RaftServerImpl.java:setRole(184)) - 327657b1-60f8-49f2-b2a3-f63e1f934942@group-58A987F56150: changes role from CANDIDATE to FOLLOWER at term 446 for DISCOVERED_A_NEW_TERM
2019-10-18 14:58:55,205 [327657b1-60f8-49f2-b2a3-f63e1f934942@group-58A987F56150-LeaderElection386] INFO  impl.RoleInfo (RoleInfo.java:shutdownLeaderElection(134)) - 327657b1-60f8-49f2-b2a3-f63e1f934942: shutdown LeaderElection
2019-10-18 14:58:55,205 [327657b1-60f8-49f2-b2a3-f63e1f934942@group-58A987F56150-LeaderElection386] INFO  impl.RoleInfo (RoleInfo.java:updateAndGet(143)) - 327657b1-60f8-49f2-b2a3-f63e1f934942: start FollowerState
2019-10-18 14:58:55,302 [Thread-2903] INFO  impl.FollowerState (FollowerState.java:run(108)) - 327657b1-60f8-49f2-b2a3-f63e1f934942@group-58A987F56150-FollowerState: change to CANDIDATE, lastRpcTime:96ms, electionTimeout:96ms
2019-10-18 14:58:55,302 [Thread-2903] INFO  impl.RoleInfo (RoleInfo.java:shutdownFollowerState(121)) - 327657b1-60f8-49f2-b2a3-f63e1f934942: shutdown FollowerState
2019-10-18 14:58:55,302 [Thread-2903] INFO  impl.RaftServerImpl (RaftServerImpl.java:setRole(184)) - 327657b1-60f8-49f2-b2a3-f63e1f934942@group-58A987F56150: changes role from  FOLLOWER to CANDIDATE at term 446 for changeToCandidate
2019-10-18 14:58:55,302 [Thread-2903] INFO  impl.RoleInfo (RoleInfo.java:updateAndGet(143)) - 327657b1-60f8-49f2-b2a3-f63e1f934942: start LeaderElection
2019-10-18 14:58:55,324 [327657b1-60f8-49f2-b2a3-f63e1f934942@group-58A987F56150-LeaderElection387] INFO  impl.LeaderElection (LeaderElection.java:askForVotes(178)) - 327657b1-60f8-49f2-b2a3-f63e1f934942@group-58A987F56150-LeaderElection387: begin an election at term 447 for -1: [6605b8a5-570b-4977-9ee7-6aaf3012bed5:192.168.164.233:35223, 327657b1-60f8-49f2-b2a3-f63e1f934942:192.168.164.233:41966, ddd4789c-894d-475a-bbfb-f6e7aa670c92:192.168.164.233:41061], old=null
2019-10-18 14:58:55,326 [grpc-default-executor-3] INFO  impl.RaftServerImpl (RaftServerImpl.java:setRole(184)) - 6605b8a5-570b-4977-9ee7-6aaf3012bed5@group-58A987F56150: changes role from  FOLLOWER to FOLLOWER at term 447 for recognizeCandidate:327657b1-60f8-49f2-b2a3-f63e1f934942
2019-10-18 14:58:55,326 [grpc-default-executor-0] INFO  impl.RaftServerImpl (RaftServerImpl.java:setRole(184)) - ddd4789c-894d-475a-bbfb-f6e7aa670c92@group-58A987F56150: changes role from  FOLLOWER to FOLLOWER at term 447 for recognizeCandidate:327657b1-60f8-49f2-b2a3-f63e1f934942
2019-10-18 14:58:55,326 [grpc-default-executor-0] INFO  impl.RoleInfo (RoleInfo.java:shutdownFollowerState(121)) - ddd4789c-894d-475a-bbfb-f6e7aa670c92: shutdown FollowerState
2019-10-18 14:58:55,326 [grpc-default-executor-3] INFO  impl.RoleInfo (RoleInfo.java:shutdownFollowerState(121)) - 6605b8a5-570b-4977-9ee7-6aaf3012bed5: shutdown FollowerState
2019-10-18 14:58:55,326 [Thread-2902] INFO  impl.FollowerState (FollowerState.java:run(117)) - ddd4789c-894d-475a-bbfb-f6e7aa670c92@group-58A987F56150-FollowerState was interrupted: java.lang.InterruptedException: sleep interrupted
2019-10-18 14:58:55,326 [Thread-2901] INFO  impl.FollowerState (FollowerState.java:run(117)) - 6605b8a5-570b-4977-9ee7-6aaf3012bed5@group-58A987F56150-FollowerState was interrupted: java.lang.InterruptedException: sleep interrupted
2019-10-18 14:58:55,326 [grpc-default-executor-0] INFO  impl.RoleInfo (RoleInfo.java:updateAndGet(143)) - ddd4789c-894d-475a-bbfb-f6e7aa670c92: start FollowerState
2019-10-18 14:58:55,326 [grpc-default-executor-3] INFO  impl.RoleInfo (RoleInfo.java:updateAndGet(143)) - 6605b8a5-570b-4977-9ee7-6aaf3012bed5: start FollowerState
2019-10-18 14:58:55,353 [327657b1-60f8-49f2-b2a3-f63e1f934942@group-58A987F56150-LeaderElection387] INFO  impl.LeaderElection (LeaderElection.java:logAndReturn(56)) - 327657b1-60f8-49f2-b2a3-f63e1f934942@group-58A987F56150-LeaderElection387: Election REJECTED; received 2 response(s) [327657b1-60f8-49f2-b2a3-f63e1f934942<-6605b8a5-570b-4977-9ee7-6aaf3012bed5#0:FAIL-t447, 327657b1-60f8-49f2-b2a3-f63e1f934942<-ddd4789c-894d-475a-bbfb-f6e7aa670c92#0:FAIL-t447] and 0 exception(s); 327657b1-60f8-49f2-b2a3-f63e1f934942@group-58A987F56150:t447, leader=null, voted=327657b1-60f8-49f2-b2a3-f63e1f934942, raftlog=327657b1-60f8-49f2-b2a3-f63e1f934942@group-58A987F56150-SegmentedRaftLog:OPENED:c-1,f-1,i0, conf=-1: [6605b8a5-570b-4977-9ee7-6aaf3012bed5:192.168.164.233:35223, 327657b1-60f8-49f2-b2a3-f63e1f934942:192.168.164.233:41966, ddd4789c-894d-475a-bbfb-f6e7aa670c92:192.168.164.233:41061], old=null
2019-10-18 14:58:55,353 [327657b1-60f8-49f2-b2a3-f63e1f934942@group-58A987F56150-LeaderElection387] INFO  impl.RaftServerImpl (RaftServerImpl.java:setRole(184)) - 327657b1-60f8-49f2-b2a3-f63e1f934942@group-58A987F56150: changes role from CANDIDATE to FOLLOWER at term 447 for DISCOVERED_A_NEW_TERM
2019-10-18 14:58:55,353 [327657b1-60f8-49f2-b2a3-f63e1f934942@group-58A987F56150-LeaderElection387] INFO  impl.RoleInfo (RoleInfo.java:shutdownLeaderElection(134)) - 327657b1-60f8-49f2-b2a3-f63e1f934942: shutdown LeaderElection
2019-10-18 14:58:55,353 [327657b1-60f8-49f2-b2a3-f63e1f934942@group-58A987F56150-LeaderElection387] INFO  impl.RoleInfo (RoleInfo.java:updateAndGet(143)) - 327657b1-60f8-49f2-b2a3-f63e1f934942: start FollowerState
2019-10-18 14:58:55,546 [Thread-2911] INFO  impl.FollowerState (FollowerState.java:run(108)) - 327657b1-60f8-49f2-b2a3-f63e1f934942@group-58A987F56150-FollowerState: change to CANDIDATE, lastRpcTime:193ms, electionTimeout:193ms
2019-10-18 14:58:55,546 [Thread-2911] INFO  impl.RoleInfo (RoleInfo.java:shutdownFollowerState(121)) - 327657b1-60f8-49f2-b2a3-f63e1f934942: shutdown FollowerState
2019-10-18 14:58:55,547 [Thread-2911] INFO  impl.RaftServerImpl (RaftServerImpl.java:setRole(184)) - 327657b1-60f8-49f2-b2a3-f63e1f934942@group-58A987F56150: changes role from  FOLLOWER to CANDIDATE at term 447 for changeToCandidate
2019-10-18 14:58:55,547 [Thread-2911] INFO  impl.RoleInfo (RoleInfo.java:updateAndGet(143)) - 327657b1-60f8-49f2-b2a3-f63e1f934942: start LeaderElection
2019-10-18 14:58:55,562 [327657b1-60f8-49f2-b2a3-f63e1f934942@group-58A987F56150-LeaderElection388] INFO  impl.LeaderElection (LeaderElection.java:askForVotes(178)) - 327657b1-60f8-49f2-b2a3-f63e1f934942@group-58A987F56150-LeaderElection388: begin an election at term 448 for -1: [6605b8a5-570b-4977-9ee7-6aaf3012bed5:192.168.164.233:35223, 327657b1-60f8-49f2-b2a3-f63e1f934942:192.168.164.233:41966, ddd4789c-894d-475a-bbfb-f6e7aa670c92:192.168.164.233:41061], old=null
2019-10-18 14:58:55,564 [grpc-default-executor-0] INFO  impl.RaftServerImpl (RaftServerImpl.java:setRole(184)) - 6605b8a5-570b-4977-9ee7-6aaf3012bed5@group-58A987F56150: changes role from  FOLLOWER to FOLLOWER at term 448 for recognizeCandidate:327657b1-60f8-49f2-b2a3-f63e1f934942
2019-10-18 14:58:55,564 [grpc-default-executor-0] INFO  impl.RoleInfo (RoleInfo.java:shutdownFollowerState(121)) - 6605b8a5-570b-4977-9ee7-6aaf3012bed5: shutdown FollowerState
2019-10-18 14:58:55,564 [grpc-default-executor-3] INFO  impl.RaftServerImpl (RaftServerImpl.java:setRole(184)) - ddd4789c-894d-475a-bbfb-f6e7aa670c92@group-58A987F56150: changes role from  FOLLOWER to FOLLOWER at term 448 for recognizeCandidate:327657b1-60f8-49f2-b2a3-f63e1f934942
2019-10-18 14:58:55,564 [grpc-default-executor-3] INFO  impl.RoleInfo (RoleInfo.java:shutdownFollowerState(121)) - ddd4789c-894d-475a-bbfb-f6e7aa670c92: shutdown FollowerState
2019-10-18 14:58:55,564 [Thread-2910] INFO  impl.FollowerState (FollowerState.java:run(117)) - 6605b8a5-570b-4977-9ee7-6aaf3012bed5@group-58A987F56150-FollowerState was interrupted: java.lang.InterruptedException: sleep interrupted
2019-10-18 14:58:55,565 [Thread-2909] INFO  impl.FollowerState (FollowerState.java:run(117)) - ddd4789c-894d-475a-bbfb-f6e7aa670c92@group-58A987F56150-FollowerState was interrupted: java.lang.InterruptedException: sleep interrupted
2019-10-18 14:58:55,564 [grpc-default-executor-0] INFO  impl.RoleInfo (RoleInfo.java:updateAndGet(143)) - 6605b8a5-570b-4977-9ee7-6aaf3012bed5: start FollowerState
2019-10-18 14:58:55,565 [grpc-default-executor-3] INFO  impl.RoleInfo (RoleInfo.java:updateAndGet(143)) - ddd4789c-894d-475a-bbfb-f6e7aa670c92: start FollowerState
2019-10-18 14:58:55,590 [327657b1-60f8-49f2-b2a3-f63e1f934942@group-58A987F56150-LeaderElection388] INFO  impl.LeaderElection (LeaderElection.java:logAndReturn(56)) - 327657b1-60f8-49f2-b2a3-f63e1f934942@group-58A987F56150-LeaderElection388: Election REJECTED; received 2 response(s) [327657b1-60f8-49f2-b2a3-f63e1f934942<-6605b8a5-570b-4977-9ee7-6aaf3012bed5#0:FAIL-t448, 327657b1-60f8-49f2-b2a3-f63e1f934942<-ddd4789c-894d-475a-bbfb-f6e7aa670c92#0:FAIL-t448] and 0 exception(s); 327657b1-60f8-49f2-b2a3-f63e1f934942@group-58A987F56150:t448, leader=null, voted=327657b1-60f8-49f2-b2a3-f63e1f934942, raftlog=327657b1-60f8-49f2-b2a3-f63e1f934942@group-58A987F56150-SegmentedRaftLog:OPENED:c-1,f-1,i0, conf=-1: [6605b8a5-570b-4977-9ee7-6aaf3012bed5:192.168.164.233:35223, 327657b1-60f8-49f2-b2a3-f63e1f934942:192.168.164.233:41966, ddd4789c-894d-475a-bbfb-f6e7aa670c92:192.168.164.233:41061], old=null
2019-10-18 14:58:55,591 [327657b1-60f8-49f2-b2a3-f63e1f934942@group-58A987F56150-LeaderElection388] INFO  impl.RaftServerImpl (RaftServerImpl.java:setRole(184)) - 327657b1-60f8-49f2-b2a3-f63e1f934942@group-58A987F56150: changes role from CANDIDATE to FOLLOWER at term 448 for DISCOVERED_A_NEW_TERM
2019-10-18 14:58:55,591 [327657b1-60f8-49f2-b2a3-f63e1f934942@group-58A987F56150-LeaderElection388] INFO  impl.RoleInfo (RoleInfo.java:shutdownLeaderElection(134)) - 327657b1-60f8-49f2-b2a3-f63e1f934942: shutdown LeaderElection
2019-10-18 14:58:55,591 [327657b1-60f8-49f2-b2a3-f63e1f934942@group-58A987F56150-LeaderElection388] INFO  impl.RoleInfo (RoleInfo.java:updateAndGet(143)) - 327657b1-60f8-49f2-b2a3-f63e1f934942: start FollowerState
2019-10-18 14:58:55,708 [Thread-2917] INFO  impl.FollowerState (FollowerState.java:run(108)) - 327657b1-60f8-49f2-b2a3-f63e1f934942@group-58A987F56150-FollowerState: change to CANDIDATE, lastRpcTime:117ms, electionTimeout:117ms
2019-10-18 14:58:55,708 [Thread-2917] INFO  impl.RoleInfo (RoleInfo.java:shutdownFollowerState(121)) - 327657b1-60f8-49f2-b2a3-f63e1f934942: shutdown FollowerState
2019-10-18 14:58:55,708 [Thread-2917] INFO  impl.RaftServerImpl (RaftServerImpl.java:setRole(184)) - 327657b1-60f8-49f2-b2a3-f63e1f934942@group-58A987F56150: changes role from  FOLLOWER to CANDIDATE at term 448 for changeToCandidate
2019-10-18 14:58:55,709 [Thread-2917] INFO  impl.RoleInfo (RoleInfo.java:updateAndGet(143)) - 327657b1-60f8-49f2-b2a3-f63e1f934942: start LeaderElection
2019-10-18 14:58:55,730 [327657b1-60f8-49f2-b2a3-f63e1f934942@group-58A987F56150-LeaderElection389] INFO  impl.LeaderElection (LeaderElection.java:askForVotes(178)) - 327657b1-60f8-49f2-b2a3-f63e1f934942@group-58A987F56150-LeaderElection389: begin an election at term 449 for -1: [6605b8a5-570b-4977-9ee7-6aaf3012bed5:192.168.164.233:35223, 327657b1-60f8-49f2-b2a3-f63e1f934942:192.168.164.233:41966, ddd4789c-894d-475a-bbfb-f6e7aa670c92:192.168.164.233:41061], old=null
2019-10-18 14:58:55,732 [grpc-default-executor-3] INFO  impl.RaftServerImpl (RaftServerImpl.java:setRole(184)) - ddd4789c-894d-475a-bbfb-f6e7aa670c92@group-58A987F56150: changes role from  FOLLOWER to FOLLOWER at term 449 for recognizeCandidate:327657b1-60f8-49f2-b2a3-f63e1f934942
2019-10-18 14:58:55,732 [grpc-default-executor-0] INFO  impl.RaftServerImpl (RaftServerImpl.java:setRole(184)) - 6605b8a5-570b-4977-9ee7-6aaf3012bed5@group-58A987F56150: changes role from  FOLLOWER to FOLLOWER at term 449 for recognizeCandidate:327657b1-60f8-49f2-b2a3-f63e1f934942
2019-10-18 14:58:55,732 [grpc-default-executor-3] INFO  impl.RoleInfo (RoleInfo.java:shutdownFollowerState(121)) - ddd4789c-894d-475a-bbfb-f6e7aa670c92: shutdown FollowerState
2019-10-18 14:58:55,732 [grpc-default-executor-0] INFO  impl.RoleInfo (RoleInfo.java:shutdownFollowerState(121)) - 6605b8a5-570b-4977-9ee7-6aaf3012bed5: shutdown FollowerState
2019-10-18 14:58:55,733 [Thread-2916] INFO  impl.FollowerState (FollowerState.java:run(117)) - ddd4789c-894d-475a-bbfb-f6e7aa670c92@group-58A987F56150-FollowerState was interrupted: java.lang.InterruptedException: sleep interrupted
2019-10-18 14:58:55,733 [Thread-2915] INFO  impl.FollowerState (FollowerState.java:run(117)) - 6605b8a5-570b-4977-9ee7-6aaf3012bed5@group-58A987F56150-FollowerState was interrupted: java.lang.InterruptedException: sleep interrupted
2019-10-18 14:58:55,733 [grpc-default-executor-3] INFO  impl.RoleInfo (RoleInfo.java:updateAndGet(143)) - ddd4789c-894d-475a-bbfb-f6e7aa670c92: start FollowerState
2019-10-18 14:58:55,733 [grpc-default-executor-0] INFO  impl.RoleInfo (RoleInfo.java:updateAndGet(143)) - 6605b8a5-570b-4977-9ee7-6aaf3012bed5: start FollowerState
2019-10-18 14:58:55,764 [327657b1-60f8-49f2-b2a3-f63e1f934942@group-58A987F56150-LeaderElection389] INFO  impl.LeaderElection (LeaderElection.java:logAndReturn(56)) - 327657b1-60f8-49f2-b2a3-f63e1f934942@group-58A987F56150-LeaderElection389: Election REJECTED; received 2 response(s) [327657b1-60f8-49f2-b2a3-f63e1f934942<-6605b8a5-570b-4977-9ee7-6aaf3012bed5#0:FAIL-t449, 327657b1-60f8-49f2-b2a3-f63e1f934942<-ddd4789c-894d-475a-bbfb-f6e7aa670c92#0:FAIL-t449] and 0 exception(s); 327657b1-60f8-49f2-b2a3-f63e1f934942@group-58A987F56150:t449, leader=null, voted=327657b1-60f8-49f2-b2a3-f63e1f934942, raftlog=327657b1-60f8-49f2-b2a3-f63e1f934942@group-58A987F56150-SegmentedRaftLog:OPENED:c-1,f-1,i0, conf=-1: [6605b8a5-570b-4977-9ee7-6aaf3012bed5:192.168.164.233:35223, 327657b1-60f8-49f2-b2a3-f63e1f934942:192.168.164.233:41966, ddd4789c-894d-475a-bbfb-f6e7aa670c92:192.168.164.233:41061], old=null
2019-10-18 14:58:55,764 [327657b1-60f8-49f2-b2a3-f63e1f934942@group-58A987F56150-LeaderElection389] INFO  impl.RaftServerImpl (RaftServerImpl.java:setRole(184)) - 327657b1-60f8-49f2-b2a3-f63e1f934942@group-58A987F56150: changes role from CANDIDATE to FOLLOWER at term 449 for DISCOVERED_A_NEW_TERM
2019-10-18 14:58:55,764 [327657b1-60f8-49f2-b2a3-f63e1f934942@group-58A987F56150-LeaderElection389] INFO  impl.RoleInfo (RoleInfo.java:shutdownLeaderElection(134)) - 327657b1-60f8-49f2-b2a3-f63e1f934942: shutdown LeaderElection
2019-10-18 14:58:55,764 [327657b1-60f8-49f2-b2a3-f63e1f934942@group-58A987F56150-LeaderElection389] INFO  impl.RoleInfo (RoleInfo.java:updateAndGet(143)) - 327657b1-60f8-49f2-b2a3-f63e1f934942: start FollowerState
2019-10-18 14:58:55,906 [Thread-2926] INFO  impl.FollowerState (FollowerState.java:run(108)) - 327657b1-60f8-49f2-b2a3-f63e1f934942@group-58A987F56150-FollowerState: change to CANDIDATE, lastRpcTime:142ms, electionTimeout:142ms
2019-10-18 14:58:55,907 [Thread-2926] INFO  impl.RoleInfo (RoleInfo.java:shutdownFollowerState(121)) - 327657b1-60f8-49f2-b2a3-f63e1f934942: shutdown FollowerState
2019-10-18 14:58:55,907 [Thread-2926] INFO  impl.RaftServerImpl (RaftServerImpl.java:setRole(184)) - 327657b1-60f8-49f2-b2a3-f63e1f934942@group-58A987F56150: changes role from  FOLLOWER to CANDIDATE at term 449 for changeToCandidate
2019-10-18 14:58:55,907 [Thread-2926] INFO  impl.RoleInfo (RoleInfo.java:updateAndGet(143)) - 327657b1-60f8-49f2-b2a3-f63e1f934942: start LeaderElection
2019-10-18 14:58:55,920 [327657b1-60f8-49f2-b2a3-f63e1f934942@group-58A987F56150-LeaderElection390] INFO  impl.LeaderElection (LeaderElection.java:askForVotes(178)) - 327657b1-60f8-49f2-b2a3-f63e1f934942@group-58A987F56150-LeaderElection390: begin an election at term 450 for -1: [6605b8a5-570b-4977-9ee7-6aaf3012bed5:192.168.164.233:35223, 327657b1-60f8-49f2-b2a3-f63e1f934942:192.168.164.233:41966, ddd4789c-894d-475a-bbfb-f6e7aa670c92:192.168.164.233:41061], old=null
2019-10-18 14:58:55,922 [grpc-default-executor-0] INFO  impl.RaftServerImpl (RaftServerImpl.java:setRole(184)) - ddd4789c-894d-475a-bbfb-f6e7aa670c92@group-58A987F56150: changes role from  FOLLOWER to FOLLOWER at term 450 for recognizeCandidate:327657b1-60f8-49f2-b2a3-f63e1f934942
2019-10-18 14:58:55,922 [grpc-default-executor-0] INFO  impl.RoleInfo (RoleInfo.java:shutdownFollowerState(121)) - ddd4789c-894d-475a-bbfb-f6e7aa670c92: shutdown FollowerState
2019-10-18 14:58:55,922 [grpc-default-executor-3] INFO  impl.RaftServerImpl (RaftServerImpl.java:setRole(184)) - 6605b8a5-570b-4977-9ee7-6aaf3012bed5@group-58A987F56150: changes role from  FOLLOWER to FOLLOWER at term 450 for recognizeCandidate:327657b1-60f8-49f2-b2a3-f63e1f934942
2019-10-18 14:58:55,922 [grpc-default-executor-3] INFO  impl.RoleInfo (RoleInfo.java:shutdownFollowerState(121)) - 6605b8a5-570b-4977-9ee7-6aaf3012bed5: shutdown FollowerState
2019-10-18 14:58:55,922 [Thread-2923] INFO  impl.FollowerState (FollowerState.java:run(117)) - ddd4789c-894d-475a-bbfb-f6e7aa670c92@group-58A987F56150-FollowerState was interrupted: java.lang.InterruptedException: sleep interrupted
2019-10-18 14:58:55,922 [Thread-2924] INFO  impl.FollowerState (FollowerState.java:run(117)) - 6605b8a5-570b-4977-9ee7-6aaf3012bed5@group-58A987F56150-FollowerState was interrupted: java.lang.InterruptedException: sleep interrupted
2019-10-18 14:58:55,922 [grpc-default-executor-0] INFO  impl.RoleInfo (RoleInfo.java:updateAndGet(143)) - ddd4789c-894d-475a-bbfb-f6e7aa670c92: start FollowerState
2019-10-18 14:58:55,922 [grpc-default-executor-3] INFO  impl.RoleInfo (RoleInfo.java:updateAndGet(143)) - 6605b8a5-570b-4977-9ee7-6aaf3012bed5: start FollowerState
2019-10-18 14:58:55,948 [327657b1-60f8-49f2-b2a3-f63e1f934942@group-58A987F56150-LeaderElection390] INFO  impl.LeaderElection (LeaderElection.java:logAndReturn(56)) - 327657b1-60f8-49f2-b2a3-f63e1f934942@group-58A987F56150-LeaderElection390: Election REJECTED; received 2 response(s) [327657b1-60f8-49f2-b2a3-f63e1f934942<-6605b8a5-570b-4977-9ee7-6aaf3012bed5#0:FAIL-t450, 327657b1-60f8-49f2-b2a3-f63e1f934942<-ddd4789c-894d-475a-bbfb-f6e7aa670c92#0:FAIL-t450] and 0 exception(s); 327657b1-60f8-49f2-b2a3-f63e1f934942@group-58A987F56150:t450, leader=null, voted=327657b1-60f8-49f2-b2a3-f63e1f934942, raftlog=327657b1-60f8-49f2-b2a3-f63e1f934942@group-58A987F56150-SegmentedRaftLog:OPENED:c-1,f-1,i0, conf=-1: [6605b8a5-570b-4977-9ee7-6aaf3012bed5:192.168.164.233:35223, 327657b1-60f8-49f2-b2a3-f63e1f934942:192.168.164.233:41966, ddd4789c-894d-475a-bbfb-f6e7aa670c92:192.168.164.233:41061], old=null
2019-10-18 14:58:55,949 [327657b1-60f8-49f2-b2a3-f63e1f934942@group-58A987F56150-LeaderElection390] INFO  impl.RaftServerImpl (RaftServerImpl.java:setRole(184)) - 327657b1-60f8-49f2-b2a3-f63e1f934942@group-58A987F56150: changes role from CANDIDATE to FOLLOWER at term 450 for DISCOVERED_A_NEW_TERM
2019-10-18 14:58:55,949 [327657b1-60f8-49f2-b2a3-f63e1f934942@group-58A987F56150-LeaderElection390] INFO  impl.RoleInfo (RoleInfo.java:shutdownLeaderElection(134)) - 327657b1-60f8-49f2-b2a3-f63e1f934942: shutdown LeaderElection
2019-10-18 14:58:55,949 [327657b1-60f8-49f2-b2a3-f63e1f934942@group-58A987F56150-LeaderElection390] INFO  impl.RoleInfo (RoleInfo.java:updateAndGet(143)) - 327657b1-60f8-49f2-b2a3-f63e1f934942: start FollowerState
2019-10-18 14:58:56,076 [Thread-2933] INFO  impl.FollowerState (FollowerState.java:run(108)) - 327657b1-60f8-49f2-b2a3-f63e1f934942@group-58A987F56150-FollowerState: change to CANDIDATE, lastRpcTime:127ms, electionTimeout:127ms
2019-10-18 14:58:56,076 [Thread-2933] INFO  impl.RoleInfo (RoleInfo.java:shutdownFollowerState(121)) - 327657b1-60f8-49f2-b2a3-f63e1f934942: shutdown FollowerState
2019-10-18 14:58:56,077 [Thread-2933] INFO  impl.RaftServerImpl (RaftServerImpl.java:setRole(184)) - 327657b1-60f8-49f2-b2a3-f63e1f934942@group-58A987F56150: changes role from  FOLLOWER to CANDIDATE at term 450 for changeToCandidate
2019-10-18 14:58:56,077 [Thread-2933] INFO  impl.RoleInfo (RoleInfo.java:updateAndGet(143)) - 327657b1-60f8-49f2-b2a3-f63e1f934942: start LeaderElection
2019-10-18 14:58:56,091 [327657b1-60f8-49f2-b2a3-f63e1f934942@group-58A987F56150-LeaderElection391] INFO  impl.LeaderElection (LeaderElection.java:askForVotes(178)) - 327657b1-60f8-49f2-b2a3-f63e1f934942@group-58A987F56150-LeaderElection391: begin an election at term 451 for -1: [6605b8a5-570b-4977-9ee7-6aaf3012bed5:192.168.164.233:35223, 327657b1-60f8-49f2-b2a3-f63e1f934942:192.168.164.233:41966, ddd4789c-894d-475a-bbfb-f6e7aa670c92:192.168.164.233:41061], old=null
2019-10-18 14:58:56,092 [grpc-default-executor-0] INFO  impl.RaftServerImpl (RaftServerImpl.java:setRole(184)) - 6605b8a5-570b-4977-9ee7-6aaf3012bed5@group-58A987F56150: changes role from  FOLLOWER to FOLLOWER at term 451 for recognizeCandidate:327657b1-60f8-49f2-b2a3-f63e1f934942
2019-10-18 14:58:56,092 [grpc-default-executor-3] INFO  impl.RaftServerImpl (RaftServerImpl.java:setRole(184)) - ddd4789c-894d-475a-bbfb-f6e7aa670c92@group-58A987F56150: changes role from  FOLLOWER to FOLLOWER at term 451 for recognizeCandidate:327657b1-60f8-49f2-b2a3-f63e1f934942
2019-10-18 14:58:56,093 [grpc-default-executor-3] INFO  impl.RoleInfo (RoleInfo.java:shutdownFollowerState(121)) - ddd4789c-894d-475a-bbfb-f6e7aa670c92: shutdown FollowerState
2019-10-18 14:58:56,093 [grpc-default-executor-0] INFO  impl.RoleInfo (RoleInfo.java:shutdownFollowerState(121)) - 6605b8a5-570b-4977-9ee7-6aaf3012bed5: shutdown FollowerState
2019-10-18 14:58:56,093 [Thread-2931] INFO  impl.FollowerState (FollowerState.java:run(117)) - ddd4789c-894d-475a-bbfb-f6e7aa670c92@group-58A987F56150-FollowerState was interrupted: java.lang.InterruptedException: sleep interrupted
2019-10-18 14:58:56,093 [grpc-default-executor-3] INFO  impl.RoleInfo (RoleInfo.java:updateAndGet(143)) - ddd4789c-894d-475a-bbfb-f6e7aa670c92: start FollowerState
2019-10-18 14:58:56,093 [grpc-default-executor-0] INFO  impl.RoleInfo (RoleInfo.java:updateAndGet(143)) - 6605b8a5-570b-4977-9ee7-6aaf3012bed5: start FollowerState
2019-10-18 14:58:56,093 [Thread-2932] INFO  impl.FollowerState (FollowerState.java:run(117)) - 6605b8a5-570b-4977-9ee7-6aaf3012bed5@group-58A987F56150-FollowerState was interrupted: java.lang.InterruptedException: sleep interrupted
2019-10-18 14:58:56,107 [327657b1-60f8-49f2-b2a3-f63e1f934942@group-58A987F56150-LeaderElection391] INFO  impl.LeaderElection (LeaderElection.java:logAndReturn(56)) - 327657b1-60f8-49f2-b2a3-f63e1f934942@group-58A987F56150-LeaderElection391: Election REJECTED; received 2 response(s) [327657b1-60f8-49f2-b2a3-f63e1f934942<-6605b8a5-570b-4977-9ee7-6aaf3012bed5#0:FAIL-t451, 327657b1-60f8-49f2-b2a3-f63e1f934942<-ddd4789c-894d-475a-bbfb-f6e7aa670c92#0:FAIL-t451] and 0 exception(s); 327657b1-60f8-49f2-b2a3-f63e1f934942@group-58A987F56150:t451, leader=null, voted=327657b1-60f8-49f2-b2a3-f63e1f934942, raftlog=327657b1-60f8-49f2-b2a3-f63e1f934942@group-58A987F56150-SegmentedRaftLog:OPENED:c-1,f-1,i0, conf=-1: [6605b8a5-570b-4977-9ee7-6aaf3012bed5:192.168.164.233:35223, 327657b1-60f8-49f2-b2a3-f63e1f934942:192.168.164.233:41966, ddd4789c-894d-475a-bbfb-f6e7aa670c92:192.168.164.233:41061], old=null
2019-10-18 14:58:56,108 [327657b1-60f8-49f2-b2a3-f63e1f934942@group-58A987F56150-LeaderElection391] INFO  impl.RaftServerImpl (RaftServerImpl.java:setRole(184)) - 327657b1-60f8-49f2-b2a3-f63e1f934942@group-58A987F56150: changes role from CANDIDATE to FOLLOWER at term 451 for DISCOVERED_A_NEW_TERM
2019-10-18 14:58:56,108 [327657b1-60f8-49f2-b2a3-f63e1f934942@group-58A987F56150-LeaderElection391] INFO  impl.RoleInfo (RoleInfo.java:shutdownLeaderElection(134)) - 327657b1-60f8-49f2-b2a3-f63e1f934942: shutdown LeaderElection
2019-10-18 14:58:56,108 [327657b1-60f8-49f2-b2a3-f63e1f934942@group-58A987F56150-LeaderElection391] INFO  impl.RoleInfo (RoleInfo.java:updateAndGet(143)) - 327657b1-60f8-49f2-b2a3-f63e1f934942: start FollowerState
2019-10-18 14:58:56,146 [Thread-2939] INFO  impl.FollowerState (FollowerState.java:run(108)) - 327657b1-60f8-49f2-b2a3-f63e1f934942@group-58A987F56150-FollowerState: change to CANDIDATE, lastRpcTime:38ms, electionTimeout:38ms
2019-10-18 14:58:56,146 [Thread-2939] INFO  impl.RoleInfo (RoleInfo.java:shutdownFollowerState(121)) - 327657b1-60f8-49f2-b2a3-f63e1f934942: shutdown FollowerState
2019-10-18 14:58:56,146 [Thread-2939] INFO  impl.RaftServerImpl (RaftServerImpl.java:setRole(184)) - 327657b1-60f8-49f2-b2a3-f63e1f934942@group-58A987F56150: changes role from  FOLLOWER to CANDIDATE at term 451 for changeToCandidate
2019-10-18 14:58:56,147 [Thread-2939] INFO  impl.RoleInfo (RoleInfo.java:updateAndGet(143)) - 327657b1-60f8-49f2-b2a3-f63e1f934942: start LeaderElection
2019-10-18 14:58:56,160 [327657b1-60f8-49f2-b2a3-f63e1f934942@group-58A987F56150-LeaderElection392] INFO  impl.LeaderElection (LeaderElection.java:askForVotes(178)) - 327657b1-60f8-49f2-b2a3-f63e1f934942@group-58A987F56150-LeaderElection392: begin an election at term 452 for -1: [6605b8a5-570b-4977-9ee7-6aaf3012bed5:192.168.164.233:35223, 327657b1-60f8-49f2-b2a3-f63e1f934942:192.168.164.233:41966, ddd4789c-894d-475a-bbfb-f6e7aa670c92:192.168.164.233:41061], old=null
2019-10-18 14:58:56,161 [grpc-default-executor-3] INFO  impl.RaftServerImpl (RaftServerImpl.java:setRole(184)) - ddd4789c-894d-475a-bbfb-f6e7aa670c92@group-58A987F56150: changes role from  FOLLOWER to FOLLOWER at term 452 for recognizeCandidate:327657b1-60f8-49f2-b2a3-f63e1f934942
2019-10-18 14:58:56,162 [grpc-default-executor-0] INFO  impl.RaftServerImpl (RaftServerImpl.java:setRole(184)) - 6605b8a5-570b-4977-9ee7-6aaf3012bed5@group-58A987F56150: changes role from  FOLLOWER to FOLLOWER at term 452 for recognizeCandidate:327657b1-60f8-49f2-b2a3-f63e1f934942
2019-10-18 14:58:56,162 [grpc-default-executor-0] INFO  impl.RoleInfo (RoleInfo.java:shutdownFollowerState(121)) - 6605b8a5-570b-4977-9ee7-6aaf3012bed5: shutdown FollowerState
2019-10-18 14:58:56,162 [grpc-default-executor-3] INFO  impl.RoleInfo (RoleInfo.java:shutdownFollowerState(121)) - ddd4789c-894d-475a-bbfb-f6e7aa670c92: shutdown FollowerState
2019-10-18 14:58:56,162 [Thread-2938] INFO  impl.FollowerState (FollowerState.java:run(117)) - 6605b8a5-570b-4977-9ee7-6aaf3012bed5@group-58A987F56150-FollowerState was interrupted: java.lang.InterruptedException: sleep interrupted
2019-10-18 14:58:56,162 [grpc-default-executor-0] INFO  impl.RoleInfo (RoleInfo.java:updateAndGet(143)) - 6605b8a5-570b-4977-9ee7-6aaf3012bed5: start FollowerState
2019-10-18 14:58:56,162 [Thread-2937] INFO  impl.FollowerState (FollowerState.java:run(117)) - ddd4789c-894d-475a-bbfb-f6e7aa670c92@group-58A987F56150-FollowerState was interrupted: java.lang.InterruptedException: sleep interrupted
2019-10-18 14:58:56,162 [grpc-default-executor-3] INFO  impl.RoleInfo (RoleInfo.java:updateAndGet(143)) - ddd4789c-894d-475a-bbfb-f6e7aa670c92: start FollowerState
2019-10-18 14:58:56,174 [327657b1-60f8-49f2-b2a3-f63e1f934942@group-58A987F56150-LeaderElection392] INFO  impl.LeaderElection (LeaderElection.java:logAndReturn(56)) - 327657b1-60f8-49f2-b2a3-f63e1f934942@group-58A987F56150-LeaderElection392: Election TIMEOUT; received 0 response(s) [] and 0 exception(s); 327657b1-60f8-49f2-b2a3-f63e1f934942@group-58A987F56150:t452, leader=null, voted=327657b1-60f8-49f2-b2a3-f63e1f934942, raftlog=327657b1-60f8-49f2-b2a3-f63e1f934942@group-58A987F56150-SegmentedRaftLog:OPENED:c-1,f-1,i0, conf=-1: [6605b8a5-570b-4977-9ee7-6aaf3012bed5:192.168.164.233:35223, 327657b1-60f8-49f2-b2a3-f63e1f934942:192.168.164.233:41966, ddd4789c-894d-475a-bbfb-f6e7aa670c92:192.168.164.233:41061], old=null
2019-10-18 14:58:56,188 [327657b1-60f8-49f2-b2a3-f63e1f934942@group-58A987F56150-LeaderElection392] INFO  impl.LeaderElection (LeaderElection.java:askForVotes(178)) - 327657b1-60f8-49f2-b2a3-f63e1f934942@group-58A987F56150-LeaderElection392: begin an election at term 453 for -1: [6605b8a5-570b-4977-9ee7-6aaf3012bed5:192.168.164.233:35223, 327657b1-60f8-49f2-b2a3-f63e1f934942:192.168.164.233:41966, ddd4789c-894d-475a-bbfb-f6e7aa670c92:192.168.164.233:41061], old=null
2019-10-18 14:58:56,190 [grpc-default-executor-0] INFO  impl.RaftServerImpl (RaftServerImpl.java:setRole(184)) - 6605b8a5-570b-4977-9ee7-6aaf3012bed5@group-58A987F56150: changes role from  FOLLOWER to FOLLOWER at term 453 for recognizeCandidate:327657b1-60f8-49f2-b2a3-f63e1f934942
2019-10-18 14:58:56,190 [grpc-default-executor-0] INFO  impl.RoleInfo (RoleInfo.java:shutdownFollowerState(121)) - 6605b8a5-570b-4977-9ee7-6aaf3012bed5: shutdown FollowerState
2019-10-18 14:58:56,191 [grpc-default-executor-0] INFO  impl.RoleInfo (RoleInfo.java:updateAndGet(143)) - 6605b8a5-570b-4977-9ee7-6aaf3012bed5: start FollowerState
2019-10-18 14:58:56,191 [Thread-2943] INFO  impl.FollowerState (FollowerState.java:run(117)) - 6605b8a5-570b-4977-9ee7-6aaf3012bed5@group-58A987F56150-FollowerState was interrupted: java.lang.InterruptedException: sleep interrupted
2019-10-18 14:58:56,193 [grpc-default-executor-3] INFO  impl.RaftServerImpl (RaftServerImpl.java:setRole(184)) - ddd4789c-894d-475a-bbfb-f6e7aa670c92@group-58A987F56150: changes role from  FOLLOWER to FOLLOWER at term 453 for recognizeCandidate:327657b1-60f8-49f2-b2a3-f63e1f934942
2019-10-18 14:58:56,193 [grpc-default-executor-3] INFO  impl.RoleInfo (RoleInfo.java:shutdownFollowerState(121)) - ddd4789c-894d-475a-bbfb-f6e7aa670c92: shutdown FollowerState
2019-10-18 14:58:56,193 [grpc-default-executor-3] INFO  impl.RoleInfo (RoleInfo.java:updateAndGet(143)) - ddd4789c-894d-475a-bbfb-f6e7aa670c92: start FollowerState
2019-10-18 14:58:56,193 [Thread-2944] INFO  impl.FollowerState (FollowerState.java:run(117)) - ddd4789c-894d-475a-bbfb-f6e7aa670c92@group-58A987F56150-FollowerState was interrupted: java.lang.InterruptedException: sleep interrupted
2019-10-18 14:58:56,206 [327657b1-60f8-49f2-b2a3-f63e1f934942@group-58A987F56150-LeaderElection392] INFO  impl.LeaderElection (LeaderElection.java:logAndReturn(56)) - 327657b1-60f8-49f2-b2a3-f63e1f934942@group-58A987F56150-LeaderElection392: Election REJECTED; received 2 response(s) [327657b1-60f8-49f2-b2a3-f63e1f934942<-6605b8a5-570b-4977-9ee7-6aaf3012bed5#0:FAIL-t453, 327657b1-60f8-49f2-b2a3-f63e1f934942<-ddd4789c-894d-475a-bbfb-f6e7aa670c92#0:FAIL-t453] and 0 exception(s); 327657b1-60f8-49f2-b2a3-f63e1f934942@group-58A987F56150:t453, leader=null, voted=327657b1-60f8-49f2-b2a3-f63e1f934942, raftlog=327657b1-60f8-49f2-b2a3-f63e1f934942@group-58A987F56150-SegmentedRaftLog:OPENED:c-1,f-1,i0, conf=-1: [6605b8a5-570b-4977-9ee7-6aaf3012bed5:192.168.164.233:35223, 327657b1-60f8-49f2-b2a3-f63e1f934942:192.168.164.233:41966, ddd4789c-894d-475a-bbfb-f6e7aa670c92:192.168.164.233:41061], old=null
2019-10-18 14:58:56,206 [327657b1-60f8-49f2-b2a3-f63e1f934942@group-58A987F56150-LeaderElection392] INFO  impl.RaftServerImpl (RaftServerImpl.java:setRole(184)) - 327657b1-60f8-49f2-b2a3-f63e1f934942@group-58A987F56150: changes role from CANDIDATE to FOLLOWER at term 453 for DISCOVERED_A_NEW_TERM
2019-10-18 14:58:56,206 [327657b1-60f8-49f2-b2a3-f63e1f934942@group-58A987F56150-LeaderElection392] INFO  impl.RoleInfo (RoleInfo.java:shutdownLeaderElection(134)) - 327657b1-60f8-49f2-b2a3-f63e1f934942: shutdown LeaderElection
2019-10-18 14:58:56,207 [327657b1-60f8-49f2-b2a3-f63e1f934942@group-58A987F56150-LeaderElection392] INFO  impl.RoleInfo (RoleInfo.java:updateAndGet(143)) - 327657b1-60f8-49f2-b2a3-f63e1f934942: start FollowerState
2019-10-18 14:58:56,364 [Thread-2949] INFO  impl.FollowerState (FollowerState.java:run(108)) - 327657b1-60f8-49f2-b2a3-f63e1f934942@group-58A987F56150-FollowerState: change to CANDIDATE, lastRpcTime:157ms, electionTimeout:157ms
2019-10-18 14:58:56,364 [Thread-2949] INFO  impl.RoleInfo (RoleInfo.java:shutdownFollowerState(121)) - 327657b1-60f8-49f2-b2a3-f63e1f934942: shutdown FollowerState
2019-10-18 14:58:56,364 [Thread-2949] INFO  impl.RaftServerImpl (RaftServerImpl.java:setRole(184)) - 327657b1-60f8-49f2-b2a3-f63e1f934942@group-58A987F56150: changes role from  FOLLOWER to CANDIDATE at term 453 for changeToCandidate
2019-10-18 14:58:56,364 [Thread-2949] INFO  impl.RoleInfo (RoleInfo.java:updateAndGet(143)) - 327657b1-60f8-49f2-b2a3-f63e1f934942: start LeaderElection
2019-10-18 14:58:56,389 [327657b1-60f8-49f2-b2a3-f63e1f934942@group-58A987F56150-LeaderElection393] INFO  impl.LeaderElection (LeaderElection.java:askForVotes(178)) - 327657b1-60f8-49f2-b2a3-f63e1f934942@group-58A987F56150-LeaderElection393: begin an election at term 454 for -1: [6605b8a5-570b-4977-9ee7-6aaf3012bed5:192.168.164.233:35223, 327657b1-60f8-49f2-b2a3-f63e1f934942:192.168.164.233:41966, ddd4789c-894d-475a-bbfb-f6e7aa670c92:192.168.164.233:41061], old=null
2019-10-18 14:58:56,391 [grpc-default-executor-3] INFO  impl.RaftServerImpl (RaftServerImpl.java:setRole(184)) - 6605b8a5-570b-4977-9ee7-6aaf3012bed5@group-58A987F56150: changes role from  FOLLOWER to FOLLOWER at term 454 for recognizeCandidate:327657b1-60f8-49f2-b2a3-f63e1f934942
2019-10-18 14:58:56,391 [grpc-default-executor-3] INFO  impl.RoleInfo (RoleInfo.java:shutdownFollowerState(121)) - 6605b8a5-570b-4977-9ee7-6aaf3012bed5: shutdown FollowerState
2019-10-18 14:58:56,391 [grpc-default-executor-0] INFO  impl.RaftServerImpl (RaftServerImpl.java:setRole(184)) - ddd4789c-894d-475a-bbfb-f6e7aa670c92@group-58A987F56150: changes role from  FOLLOWER to FOLLOWER at term 454 for recognizeCandidate:327657b1-60f8-49f2-b2a3-f63e1f934942
2019-10-18 14:58:56,391 [grpc-default-executor-0] INFO  impl.RoleInfo (RoleInfo.java:shutdownFollowerState(121)) - ddd4789c-894d-475a-bbfb-f6e7aa670c92: shutdown FollowerState
2019-10-18 14:58:56,391 [Thread-2947] INFO  impl.FollowerState (FollowerState.java:run(117)) - 6605b8a5-570b-4977-9ee7-6aaf3012bed5@group-58A987F56150-FollowerState was interrupted: java.lang.InterruptedException: sleep interrupted
2019-10-18 14:58:56,391 [grpc-default-executor-3] INFO  impl.RoleInfo (RoleInfo.java:updateAndGet(143)) - 6605b8a5-570b-4977-9ee7-6aaf3012bed5: start FollowerState
2019-10-18 14:58:56,392 [Thread-2948] INFO  impl.FollowerState (FollowerState.java:run(117)) - ddd4789c-894d-475a-bbfb-f6e7aa670c92@group-58A987F56150-FollowerState was interrupted: java.lang.InterruptedException: sleep interrupted
2019-10-18 14:58:56,392 [grpc-default-executor-0] INFO  impl.RoleInfo (RoleInfo.java:updateAndGet(143)) - ddd4789c-894d-475a-bbfb-f6e7aa670c92: start FollowerState
2019-10-18 14:58:56,417 [327657b1-60f8-49f2-b2a3-f63e1f934942@group-58A987F56150-LeaderElection393] INFO  impl.LeaderElection (LeaderElection.java:logAndReturn(56)) - 327657b1-60f8-49f2-b2a3-f63e1f934942@group-58A987F56150-LeaderElection393: Election REJECTED; received 2 response(s) [327657b1-60f8-49f2-b2a3-f63e1f934942<-6605b8a5-570b-4977-9ee7-6aaf3012bed5#0:FAIL-t454, 327657b1-60f8-49f2-b2a3-f63e1f934942<-ddd4789c-894d-475a-bbfb-f6e7aa670c92#0:FAIL-t454] and 0 exception(s); 327657b1-60f8-49f2-b2a3-f63e1f934942@group-58A987F56150:t454, leader=null, voted=327657b1-60f8-49f2-b2a3-f63e1f934942, raftlog=327657b1-60f8-49f2-b2a3-f63e1f934942@group-58A987F56150-SegmentedRaftLog:OPENED:c-1,f-1,i0, conf=-1: [6605b8a5-570b-4977-9ee7-6aaf3012bed5:192.168.164.233:35223, 327657b1-60f8-49f2-b2a3-f63e1f934942:192.168.164.233:41966, ddd4789c-894d-475a-bbfb-f6e7aa670c92:192.168.164.233:41061], old=null
2019-10-18 14:58:56,418 [327657b1-60f8-49f2-b2a3-f63e1f934942@group-58A987F56150-LeaderElection393] INFO  impl.RaftServerImpl (RaftServerImpl.java:setRole(184)) - 327657b1-60f8-49f2-b2a3-f63e1f934942@group-58A987F56150: changes role from CANDIDATE to FOLLOWER at term 454 for DISCOVERED_A_NEW_TERM
2019-10-18 14:58:56,418 [327657b1-60f8-49f2-b2a3-f63e1f934942@group-58A987F56150-LeaderElection393] INFO  impl.RoleInfo (RoleInfo.java:shutdownLeaderElection(134)) - 327657b1-60f8-49f2-b2a3-f63e1f934942: shutdown LeaderElection
2019-10-18 14:58:56,418 [327657b1-60f8-49f2-b2a3-f63e1f934942@group-58A987F56150-LeaderElection393] INFO  impl.RoleInfo (RoleInfo.java:updateAndGet(143)) - 327657b1-60f8-49f2-b2a3-f63e1f934942: start FollowerState
2019-10-18 14:58:56,476 [Thread-2957] INFO  impl.FollowerState (FollowerState.java:run(108)) - 327657b1-60f8-49f2-b2a3-f63e1f934942@group-58A987F56150-FollowerState: change to CANDIDATE, lastRpcTime:58ms, electionTimeout:58ms
2019-10-18 14:58:56,477 [Thread-2957] INFO  impl.RoleInfo (RoleInfo.java:shutdownFollowerState(121)) - 327657b1-60f8-49f2-b2a3-f63e1f934942: shutdown FollowerState
2019-10-18 14:58:56,477 [Thread-2957] INFO  impl.RaftServerImpl (RaftServerImpl.java:setRole(184)) - 327657b1-60f8-49f2-b2a3-f63e1f934942@group-58A987F56150: changes role from  FOLLOWER to CANDIDATE at term 454 for changeToCandidate
2019-10-18 14:58:56,477 [Thread-2957] INFO  impl.RoleInfo (RoleInfo.java:updateAndGet(143)) - 327657b1-60f8-49f2-b2a3-f63e1f934942: start LeaderElection
2019-10-18 14:58:56,490 [327657b1-60f8-49f2-b2a3-f63e1f934942@group-58A987F56150-LeaderElection394] INFO  impl.LeaderElection (LeaderElection.java:askForVotes(178)) - 327657b1-60f8-49f2-b2a3-f63e1f934942@group-58A987F56150-LeaderElection394: begin an election at term 455 for -1: [6605b8a5-570b-4977-9ee7-6aaf3012bed5:192.168.164.233:35223, 327657b1-60f8-49f2-b2a3-f63e1f934942:192.168.164.233:41966, ddd4789c-894d-475a-bbfb-f6e7aa670c92:192.168.164.233:41061], old=null
2019-10-18 14:58:56,492 [grpc-default-executor-0] INFO  impl.RaftServerImpl (RaftServerImpl.java:setRole(184)) - 6605b8a5-570b-4977-9ee7-6aaf3012bed5@group-58A987F56150: changes role from  FOLLOWER to FOLLOWER at term 455 for recognizeCandidate:327657b1-60f8-49f2-b2a3-f63e1f934942
2019-10-18 14:58:56,492 [grpc-default-executor-0] INFO  impl.RoleInfo (RoleInfo.java:shutdownFollowerState(121)) - 6605b8a5-570b-4977-9ee7-6aaf3012bed5: shutdown FollowerState
2019-10-18 14:58:56,492 [grpc-default-executor-3] INFO  impl.RaftServerImpl (RaftServerImpl.java:setRole(184)) - ddd4789c-894d-475a-bbfb-f6e7aa670c92@group-58A987F56150: changes role from  FOLLOWER to FOLLOWER at term 455 for recognizeCandidate:327657b1-60f8-49f2-b2a3-f63e1f934942
2019-10-18 14:58:56,492 [Thread-2955] INFO  impl.FollowerState (FollowerState.java:run(117)) - 6605b8a5-570b-4977-9ee7-6aaf3012bed5@group-58A987F56150-FollowerState was interrupted: java.lang.InterruptedException: sleep interrupted
2019-10-18 14:58:56,492 [grpc-default-executor-0] INFO  impl.RoleInfo (RoleInfo.java:updateAndGet(143)) - 6605b8a5-570b-4977-9ee7-6aaf3012bed5: start FollowerState
2019-10-18 14:58:56,493 [grpc-default-executor-3] INFO  impl.RoleInfo (RoleInfo.java:shutdownFollowerState(121)) - ddd4789c-894d-475a-bbfb-f6e7aa670c92: shutdown FollowerState
2019-10-18 14:58:56,493 [grpc-default-executor-3] INFO  impl.RoleInfo (RoleInfo.java:updateAndGet(143)) - ddd4789c-894d-475a-bbfb-f6e7aa670c92: start FollowerState
2019-10-18 14:58:56,493 [Thread-2956] INFO  impl.FollowerState (FollowerState.java:run(117)) - ddd4789c-894d-475a-bbfb-f6e7aa670c92@group-58A987F56150-FollowerState was interrupted: java.lang.InterruptedException: sleep interrupted
2019-10-18 14:58:56,507 [327657b1-60f8-49f2-b2a3-f63e1f934942@group-58A987F56150-LeaderElection394] INFO  impl.LeaderElection (LeaderElection.java:logAndReturn(56)) - 327657b1-60f8-49f2-b2a3-f63e1f934942@group-58A987F56150-LeaderElection394: Election REJECTED; received 2 response(s) [327657b1-60f8-49f2-b2a3-f63e1f934942<-6605b8a5-570b-4977-9ee7-6aaf3012bed5#0:FAIL-t455, 327657b1-60f8-49f2-b2a3-f63e1f934942<-ddd4789c-894d-475a-bbfb-f6e7aa670c92#0:FAIL-t455] and 0 exception(s); 327657b1-60f8-49f2-b2a3-f63e1f934942@group-58A987F56150:t455, leader=null, voted=327657b1-60f8-49f2-b2a3-f63e1f934942, raftlog=327657b1-60f8-49f2-b2a3-f63e1f934942@group-58A987F56150-SegmentedRaftLog:OPENED:c-1,f-1,i0, conf=-1: [6605b8a5-570b-4977-9ee7-6aaf3012bed5:192.168.164.233:35223, 327657b1-60f8-49f2-b2a3-f63e1f934942:192.168.164.233:41966, ddd4789c-894d-475a-bbfb-f6e7aa670c92:192.168.164.233:41061], old=null
2019-10-18 14:58:56,507 [327657b1-60f8-49f2-b2a3-f63e1f934942@group-58A987F56150-LeaderElection394] INFO  impl.RaftServerImpl (RaftServerImpl.java:setRole(184)) - 327657b1-60f8-49f2-b2a3-f63e1f934942@group-58A987F56150: changes role from CANDIDATE to FOLLOWER at term 455 for DISCOVERED_A_NEW_TERM
2019-10-18 14:58:56,507 [327657b1-60f8-49f2-b2a3-f63e1f934942@group-58A987F56150-LeaderElection394] INFO  impl.RoleInfo (RoleInfo.java:shutdownLeaderElection(134)) - 327657b1-60f8-49f2-b2a3-f63e1f934942: shutdown LeaderElection
2019-10-18 14:58:56,507 [327657b1-60f8-49f2-b2a3-f63e1f934942@group-58A987F56150-LeaderElection394] INFO  impl.RoleInfo (RoleInfo.java:updateAndGet(143)) - 327657b1-60f8-49f2-b2a3-f63e1f934942: start FollowerState
2019-10-18 14:58:56,617 [Thread-2963] INFO  impl.FollowerState (FollowerState.java:run(108)) - 327657b1-60f8-49f2-b2a3-f63e1f934942@group-58A987F56150-FollowerState: change to CANDIDATE, lastRpcTime:109ms, electionTimeout:109ms
2019-10-18 14:58:56,617 [Thread-2963] INFO  impl.RoleInfo (RoleInfo.java:shutdownFollowerState(121)) - 327657b1-60f8-49f2-b2a3-f63e1f934942: shutdown FollowerState
2019-10-18 14:58:56,617 [Thread-2963] INFO  impl.RaftServerImpl (RaftServerImpl.java:setRole(184)) - 327657b1-60f8-49f2-b2a3-f63e1f934942@group-58A987F56150: changes role from  FOLLOWER to CANDIDATE at term 455 for changeToCandidate
2019-10-18 14:58:56,617 [Thread-2963] INFO  impl.RoleInfo (RoleInfo.java:updateAndGet(143)) - 327657b1-60f8-49f2-b2a3-f63e1f934942: start LeaderElection
2019-10-18 14:58:56,624 [327657b1-60f8-49f2-b2a3-f63e1f934942@group-58A987F56150-LeaderElection395] INFO  impl.LeaderElection (LeaderElection.java:askForVotes(178)) - 327657b1-60f8-49f2-b2a3-f63e1f934942@group-58A987F56150-LeaderElection395: begin an election at term 456 for -1: [6605b8a5-570b-4977-9ee7-6aaf3012bed5:192.168.164.233:35223, 327657b1-60f8-49f2-b2a3-f63e1f934942:192.168.164.233:41966, ddd4789c-894d-475a-bbfb-f6e7aa670c92:192.168.164.233:41061], old=null
2019-10-18 14:58:56,626 [grpc-default-executor-3] INFO  impl.RaftServerImpl (RaftServerImpl.java:setRole(184)) - 6605b8a5-570b-4977-9ee7-6aaf3012bed5@group-58A987F56150: changes role from  FOLLOWER to FOLLOWER at term 456 for recognizeCandidate:327657b1-60f8-49f2-b2a3-f63e1f934942
2019-10-18 14:58:56,626 [grpc-default-executor-3] INFO  impl.RoleInfo (RoleInfo.java:shutdownFollowerState(121)) - 6605b8a5-570b-4977-9ee7-6aaf3012bed5: shutdown FollowerState
2019-10-18 14:58:56,626 [grpc-default-executor-3] INFO  impl.RoleInfo (RoleInfo.java:updateAndGet(143)) - 6605b8a5-570b-4977-9ee7-6aaf3012bed5: start FollowerState
2019-10-18 14:58:56,627 [grpc-default-executor-0] INFO  impl.RaftServerImpl (RaftServerImpl.java:setRole(184)) - ddd4789c-894d-475a-bbfb-f6e7aa670c92@group-58A987F56150: changes role from  FOLLOWER to FOLLOWER at term 456 for recognizeCandidate:327657b1-60f8-49f2-b2a3-f63e1f934942
2019-10-18 14:58:56,627 [grpc-default-executor-0] INFO  impl.RoleInfo (RoleInfo.java:shutdownFollowerState(121)) - ddd4789c-894d-475a-bbfb-f6e7aa670c92: shutdown FollowerState
2019-10-18 14:58:56,627 [Thread-2961] INFO  impl.FollowerState (FollowerState.java:run(117)) - 6605b8a5-570b-4977-9ee7-6aaf3012bed5@group-58A987F56150-FollowerState was interrupted: java.lang.InterruptedException: sleep interrupted
2019-10-18 14:58:56,627 [grpc-default-executor-0] INFO  impl.RoleInfo (RoleInfo.java:updateAndGet(143)) - ddd4789c-894d-475a-bbfb-f6e7aa670c92: start FollowerState
2019-10-18 14:58:56,627 [Thread-2962] INFO  impl.FollowerState (FollowerState.java:run(117)) - ddd4789c-894d-475a-bbfb-f6e7aa670c92@group-58A987F56150-FollowerState was interrupted: java.lang.InterruptedException: sleep interrupted
2019-10-18 14:58:56,653 [327657b1-60f8-49f2-b2a3-f63e1f934942@group-58A987F56150-LeaderElection395] INFO  impl.LeaderElection (LeaderElection.java:logAndReturn(56)) - 327657b1-60f8-49f2-b2a3-f63e1f934942@group-58A987F56150-LeaderElection395: Election REJECTED; received 2 response(s) [327657b1-60f8-49f2-b2a3-f63e1f934942<-6605b8a5-570b-4977-9ee7-6aaf3012bed5#0:FAIL-t456, 327657b1-60f8-49f2-b2a3-f63e1f934942<-ddd4789c-894d-475a-bbfb-f6e7aa670c92#0:FAIL-t456] and 0 exception(s); 327657b1-60f8-49f2-b2a3-f63e1f934942@group-58A987F56150:t456, leader=null, voted=327657b1-60f8-49f2-b2a3-f63e1f934942, raftlog=327657b1-60f8-49f2-b2a3-f63e1f934942@group-58A987F56150-SegmentedRaftLog:OPENED:c-1,f-1,i0, conf=-1: [6605b8a5-570b-4977-9ee7-6aaf3012bed5:192.168.164.233:35223, 327657b1-60f8-49f2-b2a3-f63e1f934942:192.168.164.233:41966, ddd4789c-894d-475a-bbfb-f6e7aa670c92:192.168.164.233:41061], old=null
2019-10-18 14:58:56,653 [327657b1-60f8-49f2-b2a3-f63e1f934942@group-58A987F56150-LeaderElection395] INFO  impl.RaftServerImpl (RaftServerImpl.java:setRole(184)) - 327657b1-60f8-49f2-b2a3-f63e1f934942@group-58A987F56150: changes role from CANDIDATE to FOLLOWER at term 456 for DISCOVERED_A_NEW_TERM
2019-10-18 14:58:56,653 [327657b1-60f8-49f2-b2a3-f63e1f934942@group-58A987F56150-LeaderElection395] INFO  impl.RoleInfo (RoleInfo.java:shutdownLeaderElection(134)) - 327657b1-60f8-49f2-b2a3-f63e1f934942: shutdown LeaderElection
2019-10-18 14:58:56,654 [327657b1-60f8-49f2-b2a3-f63e1f934942@group-58A987F56150-LeaderElection395] INFO  impl.RoleInfo (RoleInfo.java:updateAndGet(143)) - 327657b1-60f8-49f2-b2a3-f63e1f934942: start FollowerState
2019-10-18 14:58:56,835 [Thread-2969] INFO  impl.FollowerState (FollowerState.java:run(108)) - 327657b1-60f8-49f2-b2a3-f63e1f934942@group-58A987F56150-FollowerState: change to CANDIDATE, lastRpcTime:181ms, electionTimeout:181ms
2019-10-18 14:58:56,835 [Thread-2969] INFO  impl.RoleInfo (RoleInfo.java:shutdownFollowerState(121)) - 327657b1-60f8-49f2-b2a3-f63e1f934942: shutdown FollowerState
2019-10-18 14:58:56,835 [Thread-2969] INFO  impl.RaftServerImpl (RaftServerImpl.java:setRole(184)) - 327657b1-60f8-49f2-b2a3-f63e1f934942@group-58A987F56150: changes role from  FOLLOWER to CANDIDATE at term 456 for changeToCandidate
2019-10-18 14:58:56,835 [Thread-2969] INFO  impl.RoleInfo (RoleInfo.java:updateAndGet(143)) - 327657b1-60f8-49f2-b2a3-f63e1f934942: start LeaderElection
2019-10-18 14:58:56,848 [327657b1-60f8-49f2-b2a3-f63e1f934942@group-58A987F56150-LeaderElection396] INFO  impl.LeaderElection (LeaderElection.java:askForVotes(178)) - 327657b1-60f8-49f2-b2a3-f63e1f934942@group-58A987F56150-LeaderElection396: begin an election at term 457 for -1: [6605b8a5-570b-4977-9ee7-6aaf3012bed5:192.168.164.233:35223, 327657b1-60f8-49f2-b2a3-f63e1f934942:192.168.164.233:41966, ddd4789c-894d-475a-bbfb-f6e7aa670c92:192.168.164.233:41061], old=null
2019-10-18 14:58:56,850 [grpc-default-executor-0] INFO  impl.RaftServerImpl (RaftServerImpl.java:setRole(184)) - 6605b8a5-570b-4977-9ee7-6aaf3012bed5@group-58A987F56150: changes role from  FOLLOWER to FOLLOWER at term 457 for recognizeCandidate:327657b1-60f8-49f2-b2a3-f63e1f934942
2019-10-18 14:58:56,850 [grpc-default-executor-3] INFO  impl.RaftServerImpl (RaftServerImpl.java:setRole(184)) - ddd4789c-894d-475a-bbfb-f6e7aa670c92@group-58A987F56150: changes role from  FOLLOWER to FOLLOWER at term 457 for recognizeCandidate:327657b1-60f8-49f2-b2a3-f63e1f934942
2019-10-18 14:58:56,850 [grpc-default-executor-0] INFO  impl.RoleInfo (RoleInfo.java:shutdownFollowerState(121)) - 6605b8a5-570b-4977-9ee7-6aaf3012bed5: shutdown FollowerState
2019-10-18 14:58:56,850 [grpc-default-executor-3] INFO  impl.RoleInfo (RoleInfo.java:shutdownFollowerState(121)) - ddd4789c-894d-475a-bbfb-f6e7aa670c92: shutdown FollowerState
2019-10-18 14:58:56,850 [Thread-2967] INFO  impl.FollowerState (FollowerState.java:run(117)) - 6605b8a5-570b-4977-9ee7-6aaf3012bed5@group-58A987F56150-FollowerState was interrupted: java.lang.InterruptedException: sleep interrupted
2019-10-18 14:58:56,850 [grpc-default-executor-0] INFO  impl.RoleInfo (RoleInfo.java:updateAndGet(143)) - 6605b8a5-570b-4977-9ee7-6aaf3012bed5: start FollowerState
2019-10-18 14:58:56,851 [Thread-2968] INFO  impl.FollowerState (FollowerState.java:run(117)) - ddd4789c-894d-475a-bbfb-f6e7aa670c92@group-58A987F56150-FollowerState was interrupted: java.lang.InterruptedException: sleep interrupted
2019-10-18 14:58:56,851 [grpc-default-executor-3] INFO  impl.RoleInfo (RoleInfo.java:updateAndGet(143)) - ddd4789c-894d-475a-bbfb-f6e7aa670c92: start FollowerState
2019-10-18 14:58:56,881 [327657b1-60f8-49f2-b2a3-f63e1f934942@group-58A987F56150-LeaderElection396] INFO  impl.LeaderElection (LeaderElection.java:logAndReturn(56)) - 327657b1-60f8-49f2-b2a3-f63e1f934942@group-58A987F56150-LeaderElection396: Election REJECTED; received 2 response(s) [327657b1-60f8-49f2-b2a3-f63e1f934942<-6605b8a5-570b-4977-9ee7-6aaf3012bed5#0:FAIL-t457, 327657b1-60f8-49f2-b2a3-f63e1f934942<-ddd4789c-894d-475a-bbfb-f6e7aa670c92#0:FAIL-t457] and 0 exception(s); 327657b1-60f8-49f2-b2a3-f63e1f934942@group-58A987F56150:t457, leader=null, voted=327657b1-60f8-49f2-b2a3-f63e1f934942, raftlog=327657b1-60f8-49f2-b2a3-f63e1f934942@group-58A987F56150-SegmentedRaftLog:OPENED:c-1,f-1,i0, conf=-1: [6605b8a5-570b-4977-9ee7-6aaf3012bed5:192.168.164.233:35223, 327657b1-60f8-49f2-b2a3-f63e1f934942:192.168.164.233:41966, ddd4789c-894d-475a-bbfb-f6e7aa670c92:192.168.164.233:41061], old=null
2019-10-18 14:58:56,881 [327657b1-60f8-49f2-b2a3-f63e1f934942@group-58A987F56150-LeaderElection396] INFO  impl.RaftServerImpl (RaftServerImpl.java:setRole(184)) - 327657b1-60f8-49f2-b2a3-f63e1f934942@group-58A987F56150: changes role from CANDIDATE to FOLLOWER at term 457 for DISCOVERED_A_NEW_TERM
2019-10-18 14:58:56,881 [327657b1-60f8-49f2-b2a3-f63e1f934942@group-58A987F56150-LeaderElection396] INFO  impl.RoleInfo (RoleInfo.java:shutdownLeaderElection(134)) - 327657b1-60f8-49f2-b2a3-f63e1f934942: shutdown LeaderElection
2019-10-18 14:58:56,882 [327657b1-60f8-49f2-b2a3-f63e1f934942@group-58A987F56150-LeaderElection396] INFO  impl.RoleInfo (RoleInfo.java:updateAndGet(143)) - 327657b1-60f8-49f2-b2a3-f63e1f934942: start FollowerState
2019-10-18 14:58:57,020 [Thread-2975] INFO  impl.FollowerState (FollowerState.java:run(108)) - 327657b1-60f8-49f2-b2a3-f63e1f934942@group-58A987F56150-FollowerState: change to CANDIDATE, lastRpcTime:138ms, electionTimeout:138ms
2019-10-18 14:58:57,020 [Thread-2975] INFO  impl.RoleInfo (RoleInfo.java:shutdownFollowerState(121)) - 327657b1-60f8-49f2-b2a3-f63e1f934942: shutdown FollowerState
2019-10-18 14:58:57,020 [Thread-2975] INFO  impl.RaftServerImpl (RaftServerImpl.java:setRole(184)) - 327657b1-60f8-49f2-b2a3-f63e1f934942@group-58A987F56150: changes role from  FOLLOWER to CANDIDATE at term 457 for changeToCandidate
2019-10-18 14:58:57,021 [Thread-2975] INFO  impl.RoleInfo (RoleInfo.java:updateAndGet(143)) - 327657b1-60f8-49f2-b2a3-f63e1f934942: start LeaderElection
2019-10-18 14:58:57,046 [327657b1-60f8-49f2-b2a3-f63e1f934942@group-58A987F56150-LeaderElection397] INFO  impl.LeaderElection (LeaderElection.java:askForVotes(178)) - 327657b1-60f8-49f2-b2a3-f63e1f934942@group-58A987F56150-LeaderElection397: begin an election at term 458 for -1: [6605b8a5-570b-4977-9ee7-6aaf3012bed5:192.168.164.233:35223, 327657b1-60f8-49f2-b2a3-f63e1f934942:192.168.164.233:41966, ddd4789c-894d-475a-bbfb-f6e7aa670c92:192.168.164.233:41061], old=null
2019-10-18 14:58:57,049 [grpc-default-executor-0] INFO  impl.RaftServerImpl (RaftServerImpl.java:setRole(184)) - 6605b8a5-570b-4977-9ee7-6aaf3012bed5@group-58A987F56150: changes role from  FOLLOWER to FOLLOWER at term 458 for recognizeCandidate:327657b1-60f8-49f2-b2a3-f63e1f934942
2019-10-18 14:58:57,049 [grpc-default-executor-0] INFO  impl.RoleInfo (RoleInfo.java:shutdownFollowerState(121)) - 6605b8a5-570b-4977-9ee7-6aaf3012bed5: shutdown FollowerState
2019-10-18 14:58:57,049 [grpc-default-executor-0] INFO  impl.RoleInfo (RoleInfo.java:updateAndGet(143)) - 6605b8a5-570b-4977-9ee7-6aaf3012bed5: start FollowerState
2019-10-18 14:58:57,049 [grpc-default-executor-3] INFO  impl.RaftServerImpl (RaftServerImpl.java:setRole(184)) - ddd4789c-894d-475a-bbfb-f6e7aa670c92@group-58A987F56150: changes role from  FOLLOWER to FOLLOWER at term 458 for recognizeCandidate:327657b1-60f8-49f2-b2a3-f63e1f934942
2019-10-18 14:58:57,049 [Thread-2973] INFO  impl.FollowerState (FollowerState.java:run(117)) - 6605b8a5-570b-4977-9ee7-6aaf3012bed5@group-58A987F56150-FollowerState was interrupted: java.lang.InterruptedException: sleep interrupted
2019-10-18 14:58:57,049 [grpc-default-executor-3] INFO  impl.RoleInfo (RoleInfo.java:shutdownFollowerState(121)) - ddd4789c-894d-475a-bbfb-f6e7aa670c92: shutdown FollowerState
2019-10-18 14:58:57,050 [grpc-default-executor-3] INFO  impl.RoleInfo (RoleInfo.java:updateAndGet(143)) - ddd4789c-894d-475a-bbfb-f6e7aa670c92: start FollowerState
2019-10-18 14:58:57,050 [Thread-2974] INFO  impl.FollowerState (FollowerState.java:run(117)) - ddd4789c-894d-475a-bbfb-f6e7aa670c92@group-58A987F56150-FollowerState was interrupted: java.lang.InterruptedException: sleep interrupted
2019-10-18 14:58:57,074 [327657b1-60f8-49f2-b2a3-f63e1f934942@group-58A987F56150-LeaderElection397] INFO  impl.LeaderElection (LeaderElection.java:logAndReturn(56)) - 327657b1-60f8-49f2-b2a3-f63e1f934942@group-58A987F56150-LeaderElection397: Election REJECTED; received 2 response(s) [327657b1-60f8-49f2-b2a3-f63e1f934942<-6605b8a5-570b-4977-9ee7-6aaf3012bed5#0:FAIL-t458, 327657b1-60f8-49f2-b2a3-f63e1f934942<-ddd4789c-894d-475a-bbfb-f6e7aa670c92#0:FAIL-t458] and 0 exception(s); 327657b1-60f8-49f2-b2a3-f63e1f934942@group-58A987F56150:t458, leader=null, voted=327657b1-60f8-49f2-b2a3-f63e1f934942, raftlog=327657b1-60f8-49f2-b2a3-f63e1f934942@group-58A987F56150-SegmentedRaftLog:OPENED:c-1,f-1,i0, conf=-1: [6605b8a5-570b-4977-9ee7-6aaf3012bed5:192.168.164.233:35223, 327657b1-60f8-49f2-b2a3-f63e1f934942:192.168.164.233:41966, ddd4789c-894d-475a-bbfb-f6e7aa670c92:192.168.164.233:41061], old=null
2019-10-18 14:58:57,075 [327657b1-60f8-49f2-b2a3-f63e1f934942@group-58A987F56150-LeaderElection397] INFO  impl.RaftServerImpl (RaftServerImpl.java:setRole(184)) - 327657b1-60f8-49f2-b2a3-f63e1f934942@group-58A987F56150: changes role from CANDIDATE to FOLLOWER at term 458 for DISCOVERED_A_NEW_TERM
2019-10-18 14:58:57,075 [327657b1-60f8-49f2-b2a3-f63e1f934942@group-58A987F56150-LeaderElection397] INFO  impl.RoleInfo (RoleInfo.java:shutdownLeaderElection(134)) - 327657b1-60f8-49f2-b2a3-f63e1f934942: shutdown LeaderElection
2019-10-18 14:58:57,075 [327657b1-60f8-49f2-b2a3-f63e1f934942@group-58A987F56150-LeaderElection397] INFO  impl.RoleInfo (RoleInfo.java:updateAndGet(143)) - 327657b1-60f8-49f2-b2a3-f63e1f934942: start FollowerState
2019-10-18 14:58:57,158 [Thread-2981] INFO  impl.FollowerState (FollowerState.java:run(108)) - 327657b1-60f8-49f2-b2a3-f63e1f934942@group-58A987F56150-FollowerState: change to CANDIDATE, lastRpcTime:83ms, electionTimeout:83ms
2019-10-18 14:58:57,159 [Thread-2981] INFO  impl.RoleInfo (RoleInfo.java:shutdownFollowerState(121)) - 327657b1-60f8-49f2-b2a3-f63e1f934942: shutdown FollowerState
2019-10-18 14:58:57,159 [Thread-2981] INFO  impl.RaftServerImpl (RaftServerImpl.java:setRole(184)) - 327657b1-60f8-49f2-b2a3-f63e1f934942@group-58A987F56150: changes role from  FOLLOWER to CANDIDATE at term 458 for changeToCandidate
2019-10-18 14:58:57,159 [Thread-2981] INFO  impl.RoleInfo (RoleInfo.java:updateAndGet(143)) - 327657b1-60f8-49f2-b2a3-f63e1f934942: start LeaderElection
2019-10-18 14:58:57,209 [327657b1-60f8-49f2-b2a3-f63e1f934942@group-58A987F56150-LeaderElection398] INFO  impl.LeaderElection (LeaderElection.java:askForVotes(178)) - 327657b1-60f8-49f2-b2a3-f63e1f934942@group-58A987F56150-LeaderElection398: begin an election at term 459 for -1: [6605b8a5-570b-4977-9ee7-6aaf3012bed5:192.168.164.233:35223, 327657b1-60f8-49f2-b2a3-f63e1f934942:192.168.164.233:41966, ddd4789c-894d-475a-bbfb-f6e7aa670c92:192.168.164.233:41061], old=null
2019-10-18 14:58:57,211 [grpc-default-executor-3] INFO  impl.RaftServerImpl (RaftServerImpl.java:setRole(184)) - 6605b8a5-570b-4977-9ee7-6aaf3012bed5@group-58A987F56150: changes role from  FOLLOWER to FOLLOWER at term 459 for recognizeCandidate:327657b1-60f8-49f2-b2a3-f63e1f934942
2019-10-18 14:58:57,212 [grpc-default-executor-3] INFO  impl.RoleInfo (RoleInfo.java:shutdownFollowerState(121)) - 6605b8a5-570b-4977-9ee7-6aaf3012bed5: shutdown FollowerState
2019-10-18 14:58:57,212 [grpc-default-executor-3] INFO  impl.RoleInfo (RoleInfo.java:updateAndGet(143)) - 6605b8a5-570b-4977-9ee7-6aaf3012bed5: start FollowerState
2019-10-18 14:58:57,212 [Thread-2979] INFO  impl.FollowerState (FollowerState.java:run(117)) - 6605b8a5-570b-4977-9ee7-6aaf3012bed5@group-58A987F56150-FollowerState was interrupted: java.lang.InterruptedException: sleep interrupted
2019-10-18 14:58:57,212 [grpc-default-executor-0] INFO  impl.RaftServerImpl (RaftServerImpl.java:setRole(184)) - ddd4789c-894d-475a-bbfb-f6e7aa670c92@group-58A987F56150: changes role from  FOLLOWER to FOLLOWER at term 459 for recognizeCandidate:327657b1-60f8-49f2-b2a3-f63e1f934942
2019-10-18 14:58:57,212 [grpc-default-executor-0] INFO  impl.RoleInfo (RoleInfo.java:shutdownFollowerState(121)) - ddd4789c-894d-475a-bbfb-f6e7aa670c92: shutdown FollowerState
2019-10-18 14:58:57,212 [grpc-default-executor-0] INFO  impl.RoleInfo (RoleInfo.java:updateAndGet(143)) - ddd4789c-894d-475a-bbfb-f6e7aa670c92: start FollowerState
2019-10-18 14:58:57,212 [Thread-2980] INFO  impl.FollowerState (FollowerState.java:run(117)) - ddd4789c-894d-475a-bbfb-f6e7aa670c92@group-58A987F56150-FollowerState was interrupted: java.lang.InterruptedException: sleep interrupted
2019-10-18 14:58:57,226 [327657b1-60f8-49f2-b2a3-f63e1f934942@group-58A987F56150-LeaderElection398] INFO  impl.LeaderElection (LeaderElection.java:logAndReturn(56)) - 327657b1-60f8-49f2-b2a3-f63e1f934942@group-58A987F56150-LeaderElection398: Election REJECTED; received 2 response(s) [327657b1-60f8-49f2-b2a3-f63e1f934942<-6605b8a5-570b-4977-9ee7-6aaf3012bed5#0:FAIL-t459, 327657b1-60f8-49f2-b2a3-f63e1f934942<-ddd4789c-894d-475a-bbfb-f6e7aa670c92#0:FAIL-t459] and 0 exception(s); 327657b1-60f8-49f2-b2a3-f63e1f934942@group-58A987F56150:t459, leader=null, voted=327657b1-60f8-49f2-b2a3-f63e1f934942, raftlog=327657b1-60f8-49f2-b2a3-f63e1f934942@group-58A987F56150-SegmentedRaftLog:OPENED:c-1,f-1,i0, conf=-1: [6605b8a5-570b-4977-9ee7-6aaf3012bed5:192.168.164.233:35223, 327657b1-60f8-49f2-b2a3-f63e1f934942:192.168.164.233:41966, ddd4789c-894d-475a-bbfb-f6e7aa670c92:192.168.164.233:41061], old=null
2019-10-18 14:58:57,227 [327657b1-60f8-49f2-b2a3-f63e1f934942@group-58A987F56150-LeaderElection398] INFO  impl.RaftServerImpl (RaftServerImpl.java:setRole(184)) - 327657b1-60f8-49f2-b2a3-f63e1f934942@group-58A987F56150: changes role from CANDIDATE to FOLLOWER at term 459 for DISCOVERED_A_NEW_TERM
2019-10-18 14:58:57,227 [327657b1-60f8-49f2-b2a3-f63e1f934942@group-58A987F56150-LeaderElection398] INFO  impl.RoleInfo (RoleInfo.java:shutdownLeaderElection(134)) - 327657b1-60f8-49f2-b2a3-f63e1f934942: shutdown LeaderElection
2019-10-18 14:58:57,227 [327657b1-60f8-49f2-b2a3-f63e1f934942@group-58A987F56150-LeaderElection398] INFO  impl.RoleInfo (RoleInfo.java:updateAndGet(143)) - 327657b1-60f8-49f2-b2a3-f63e1f934942: start FollowerState
2019-10-18 14:58:57,364 [Thread-2987] INFO  impl.FollowerState (FollowerState.java:run(108)) - 327657b1-60f8-49f2-b2a3-f63e1f934942@group-58A987F56150-FollowerState: change to CANDIDATE, lastRpcTime:137ms, electionTimeout:137ms
2019-10-18 14:58:57,364 [Thread-2987] INFO  impl.RoleInfo (RoleInfo.java:shutdownFollowerState(121)) - 327657b1-60f8-49f2-b2a3-f63e1f934942: shutdown FollowerState
2019-10-18 14:58:57,364 [Thread-2987] INFO  impl.RaftServerImpl (RaftServerImpl.java:setRole(184)) - 327657b1-60f8-49f2-b2a3-f63e1f934942@group-58A987F56150: changes role from  FOLLOWER to CANDIDATE at term 459 for changeToCandidate
2019-10-18 14:58:57,365 [Thread-2987] INFO  impl.RoleInfo (RoleInfo.java:updateAndGet(143)) - 327657b1-60f8-49f2-b2a3-f63e1f934942: start LeaderElection
2019-10-18 14:58:57,379 [327657b1-60f8-49f2-b2a3-f63e1f934942@group-58A987F56150-LeaderElection399] INFO  impl.LeaderElection (LeaderElection.java:askForVotes(178)) - 327657b1-60f8-49f2-b2a3-f63e1f934942@group-58A987F56150-LeaderElection399: begin an election at term 460 for -1: [6605b8a5-570b-4977-9ee7-6aaf3012bed5:192.168.164.233:35223, 327657b1-60f8-49f2-b2a3-f63e1f934942:192.168.164.233:41966, ddd4789c-894d-475a-bbfb-f6e7aa670c92:192.168.164.233:41061], old=null
2019-10-18 14:58:57,381 [grpc-default-executor-3] INFO  impl.RaftServerImpl (RaftServerImpl.java:setRole(184)) - 6605b8a5-570b-4977-9ee7-6aaf3012bed5@group-58A987F56150: changes role from  FOLLOWER to FOLLOWER at term 460 for recognizeCandidate:327657b1-60f8-49f2-b2a3-f63e1f934942
2019-10-18 14:58:57,381 [grpc-default-executor-3] INFO  impl.RoleInfo (RoleInfo.java:shutdownFollowerState(121)) - 6605b8a5-570b-4977-9ee7-6aaf3012bed5: shutdown FollowerState
2019-10-18 14:58:57,381 [grpc-default-executor-3] INFO  impl.RoleInfo (RoleInfo.java:updateAndGet(143)) - 6605b8a5-570b-4977-9ee7-6aaf3012bed5: start FollowerState
2019-10-18 14:58:57,381 [grpc-default-executor-0] INFO  impl.RaftServerImpl (RaftServerImpl.java:setRole(184)) - ddd4789c-894d-475a-bbfb-f6e7aa670c92@group-58A987F56150: changes role from  FOLLOWER to FOLLOWER at term 460 for recognizeCandidate:327657b1-60f8-49f2-b2a3-f63e1f934942
2019-10-18 14:58:57,381 [Thread-2985] INFO  impl.FollowerState (FollowerState.java:run(117)) - 6605b8a5-570b-4977-9ee7-6aaf3012bed5@group-58A987F56150-FollowerState was interrupted: java.lang.InterruptedException: sleep interrupted
2019-10-18 14:58:57,381 [grpc-default-executor-0] INFO  impl.RoleInfo (RoleInfo.java:shutdownFollowerState(121)) - ddd4789c-894d-475a-bbfb-f6e7aa670c92: shutdown FollowerState
2019-10-18 14:58:57,382 [grpc-default-executor-0] INFO  impl.RoleInfo (RoleInfo.java:updateAndGet(143)) - ddd4789c-894d-475a-bbfb-f6e7aa670c92: start FollowerState
2019-10-18 14:58:57,382 [Thread-2986] INFO  impl.FollowerState (FollowerState.java:run(117)) - ddd4789c-894d-475a-bbfb-f6e7aa670c92@group-58A987F56150-FollowerState was interrupted: java.lang.InterruptedException: sleep interrupted
2019-10-18 14:58:57,407 [327657b1-60f8-49f2-b2a3-f63e1f934942@group-58A987F56150-LeaderElection399] INFO  impl.LeaderElection (LeaderElection.java:logAndReturn(56)) - 327657b1-60f8-49f2-b2a3-f63e1f934942@group-58A987F56150-LeaderElection399: Election REJECTED; received 2 response(s) [327657b1-60f8-49f2-b2a3-f63e1f934942<-6605b8a5-570b-4977-9ee7-6aaf3012bed5#0:FAIL-t460, 327657b1-60f8-49f2-b2a3-f63e1f934942<-ddd4789c-894d-475a-bbfb-f6e7aa670c92#0:FAIL-t460] and 0 exception(s); 327657b1-60f8-49f2-b2a3-f63e1f934942@group-58A987F56150:t460, leader=null, voted=327657b1-60f8-49f2-b2a3-f63e1f934942, raftlog=327657b1-60f8-49f2-b2a3-f63e1f934942@group-58A987F56150-SegmentedRaftLog:OPENED:c-1,f-1,i0, conf=-1: [6605b8a5-570b-4977-9ee7-6aaf3012bed5:192.168.164.233:35223, 327657b1-60f8-49f2-b2a3-f63e1f934942:192.168.164.233:41966, ddd4789c-894d-475a-bbfb-f6e7aa670c92:192.168.164.233:41061], old=null
2019-10-18 14:58:57,407 [327657b1-60f8-49f2-b2a3-f63e1f934942@group-58A987F56150-LeaderElection399] INFO  impl.RaftServerImpl (RaftServerImpl.java:setRole(184)) - 327657b1-60f8-49f2-b2a3-f63e1f934942@group-58A987F56150: changes role from CANDIDATE to FOLLOWER at term 460 for DISCOVERED_A_NEW_TERM
2019-10-18 14:58:57,407 [327657b1-60f8-49f2-b2a3-f63e1f934942@group-58A987F56150-LeaderElection399] INFO  impl.RoleInfo (RoleInfo.java:shutdownLeaderElection(134)) - 327657b1-60f8-49f2-b2a3-f63e1f934942: shutdown LeaderElection
2019-10-18 14:58:57,407 [327657b1-60f8-49f2-b2a3-f63e1f934942@group-58A987F56150-LeaderElection399] INFO  impl.RoleInfo (RoleInfo.java:updateAndGet(143)) - 327657b1-60f8-49f2-b2a3-f63e1f934942: start FollowerState
2019-10-18 14:58:57,579 [Thread-2995] INFO  impl.FollowerState (FollowerState.java:run(108)) - 327657b1-60f8-49f2-b2a3-f63e1f934942@group-58A987F56150-FollowerState: change to CANDIDATE, lastRpcTime:171ms, electionTimeout:171ms
2019-10-18 14:58:57,579 [Thread-2995] INFO  impl.RoleInfo (RoleInfo.java:shutdownFollowerState(121)) - 327657b1-60f8-49f2-b2a3-f63e1f934942: shutdown FollowerState
2019-10-18 14:58:57,579 [Thread-2995] INFO  impl.RaftServerImpl (RaftServerImpl.java:setRole(184)) - 327657b1-60f8-49f2-b2a3-f63e1f934942@group-58A987F56150: changes role from  FOLLOWER to CANDIDATE at term 460 for changeToCandidate
2019-10-18 14:58:57,579 [Thread-2995] INFO  impl.RoleInfo (RoleInfo.java:updateAndGet(143)) - 327657b1-60f8-49f2-b2a3-f63e1f934942: start LeaderElection
2019-10-18 14:58:57,594 [327657b1-60f8-49f2-b2a3-f63e1f934942@group-58A987F56150-LeaderElection400] INFO  impl.LeaderElection (LeaderElection.java:askForVotes(178)) - 327657b1-60f8-49f2-b2a3-f63e1f934942@group-58A987F56150-LeaderElection400: begin an election at term 461 for -1: [6605b8a5-570b-4977-9ee7-6aaf3012bed5:192.168.164.233:35223, 327657b1-60f8-49f2-b2a3-f63e1f934942:192.168.164.233:41966, ddd4789c-894d-475a-bbfb-f6e7aa670c92:192.168.164.233:41061], old=null
2019-10-18 14:58:57,595 [grpc-default-executor-3] INFO  impl.RaftServerImpl (RaftServerImpl.java:setRole(184)) - 6605b8a5-570b-4977-9ee7-6aaf3012bed5@group-58A987F56150: changes role from  FOLLOWER to FOLLOWER at term 461 for recognizeCandidate:327657b1-60f8-49f2-b2a3-f63e1f934942
2019-10-18 14:58:57,595 [grpc-default-executor-3] INFO  impl.RoleInfo (RoleInfo.java:shutdownFollowerState(121)) - 6605b8a5-570b-4977-9ee7-6aaf3012bed5: shutdown FollowerState
2019-10-18 14:58:57,595 [grpc-default-executor-0] INFO  impl.RaftServerImpl (RaftServerImpl.java:setRole(184)) - ddd4789c-894d-475a-bbfb-f6e7aa670c92@group-58A987F56150: changes role from  FOLLOWER to FOLLOWER at term 461 for recognizeCandidate:327657b1-60f8-49f2-b2a3-f63e1f934942
2019-10-18 14:58:57,596 [grpc-default-executor-0] INFO  impl.RoleInfo (RoleInfo.java:shutdownFollowerState(121)) - ddd4789c-894d-475a-bbfb-f6e7aa670c92: shutdown FollowerState
2019-10-18 14:58:57,596 [Thread-2993] INFO  impl.FollowerState (FollowerState.java:run(117)) - 6605b8a5-570b-4977-9ee7-6aaf3012bed5@group-58A987F56150-FollowerState was interrupted: java.lang.InterruptedException: sleep interrupted
2019-10-18 14:58:57,596 [grpc-default-executor-3] INFO  impl.RoleInfo (RoleInfo.java:updateAndGet(143)) - 6605b8a5-570b-4977-9ee7-6aaf3012bed5: start FollowerState
2019-10-18 14:58:57,596 [Thread-2994] INFO  impl.FollowerState (FollowerState.java:run(117)) - ddd4789c-894d-475a-bbfb-f6e7aa670c92@group-58A987F56150-FollowerState was interrupted: java.lang.InterruptedException: sleep interrupted
2019-10-18 14:58:57,596 [grpc-default-executor-0] INFO  impl.RoleInfo (RoleInfo.java:updateAndGet(143)) - ddd4789c-894d-475a-bbfb-f6e7aa670c92: start FollowerState
2019-10-18 14:58:57,611 [327657b1-60f8-49f2-b2a3-f63e1f934942@group-58A987F56150-LeaderElection400] INFO  impl.LeaderElection (LeaderElection.java:logAndReturn(56)) - 327657b1-60f8-49f2-b2a3-f63e1f934942@group-58A987F56150-LeaderElection400: Election REJECTED; received 2 response(s) [327657b1-60f8-49f2-b2a3-f63e1f934942<-6605b8a5-570b-4977-9ee7-6aaf3012bed5#0:FAIL-t461, 327657b1-60f8-49f2-b2a3-f63e1f934942<-ddd4789c-894d-475a-bbfb-f6e7aa670c92#0:FAIL-t461] and 0 exception(s); 327657b1-60f8-49f2-b2a3-f63e1f934942@group-58A987F56150:t461, leader=null, voted=327657b1-60f8-49f2-b2a3-f63e1f934942, raftlog=327657b1-60f8-49f2-b2a3-f63e1f934942@group-58A987F56150-SegmentedRaftLog:OPENED:c-1,f-1,i0, conf=-1: [6605b8a5-570b-4977-9ee7-6aaf3012bed5:192.168.164.233:35223, 327657b1-60f8-49f2-b2a3-f63e1f934942:192.168.164.233:41966, ddd4789c-894d-475a-bbfb-f6e7aa670c92:192.168.164.233:41061], old=null
2019-10-18 14:58:57,611 [327657b1-60f8-49f2-b2a3-f63e1f934942@group-58A987F56150-LeaderElection400] INFO  impl.RaftServerImpl (RaftServerImpl.java:setRole(184)) - 327657b1-60f8-49f2-b2a3-f63e1f934942@group-58A987F56150: changes role from CANDIDATE to FOLLOWER at term 461 for DISCOVERED_A_NEW_TERM
2019-10-18 14:58:57,611 [327657b1-60f8-49f2-b2a3-f63e1f934942@group-58A987F56150-LeaderElection400] INFO  impl.RoleInfo (RoleInfo.java:shutdownLeaderElection(134)) - 327657b1-60f8-49f2-b2a3-f63e1f934942: shutdown LeaderElection
2019-10-18 14:58:57,611 [327657b1-60f8-49f2-b2a3-f63e1f934942@group-58A987F56150-LeaderElection400] INFO  impl.RoleInfo (RoleInfo.java:updateAndGet(143)) - 327657b1-60f8-49f2-b2a3-f63e1f934942: start FollowerState
2019-10-18 14:58:57,657 [Thread-3001] INFO  impl.FollowerState (FollowerState.java:run(108)) - 327657b1-60f8-49f2-b2a3-f63e1f934942@group-58A987F56150-FollowerState: change to CANDIDATE, lastRpcTime:46ms, electionTimeout:46ms
2019-10-18 14:58:57,657 [Thread-3001] INFO  impl.RoleInfo (RoleInfo.java:shutdownFollowerState(121)) - 327657b1-60f8-49f2-b2a3-f63e1f934942: shutdown FollowerState
2019-10-18 14:58:57,658 [Thread-3001] INFO  impl.RaftServerImpl (RaftServerImpl.java:setRole(184)) - 327657b1-60f8-49f2-b2a3-f63e1f934942@group-58A987F56150: changes role from  FOLLOWER to CANDIDATE at term 461 for changeToCandidate
2019-10-18 14:58:57,658 [Thread-3001] INFO  impl.RoleInfo (RoleInfo.java:updateAndGet(143)) - 327657b1-60f8-49f2-b2a3-f63e1f934942: start LeaderElection
2019-10-18 14:58:57,670 [327657b1-60f8-49f2-b2a3-f63e1f934942@group-58A987F56150-LeaderElection401] INFO  impl.LeaderElection (LeaderElection.java:askForVotes(178)) - 327657b1-60f8-49f2-b2a3-f63e1f934942@group-58A987F56150-LeaderElection401: begin an election at term 462 for -1: [6605b8a5-570b-4977-9ee7-6aaf3012bed5:192.168.164.233:35223, 327657b1-60f8-49f2-b2a3-f63e1f934942:192.168.164.233:41966, ddd4789c-894d-475a-bbfb-f6e7aa670c92:192.168.164.233:41061], old=null
2019-10-18 14:58:57,672 [grpc-default-executor-0] INFO  impl.RaftServerImpl (RaftServerImpl.java:setRole(184)) - 6605b8a5-570b-4977-9ee7-6aaf3012bed5@group-58A987F56150: changes role from  FOLLOWER to FOLLOWER at term 462 for recognizeCandidate:327657b1-60f8-49f2-b2a3-f63e1f934942
2019-10-18 14:58:57,672 [grpc-default-executor-0] INFO  impl.RoleInfo (RoleInfo.java:shutdownFollowerState(121)) - 6605b8a5-570b-4977-9ee7-6aaf3012bed5: shutdown FollowerState
2019-10-18 14:58:57,672 [grpc-default-executor-0] INFO  impl.RoleInfo (RoleInfo.java:updateAndGet(143)) - 6605b8a5-570b-4977-9ee7-6aaf3012bed5: start FollowerState
2019-10-18 14:58:57,672 [Thread-2999] INFO  impl.FollowerState (FollowerState.java:run(117)) - 6605b8a5-570b-4977-9ee7-6aaf3012bed5@group-58A987F56150-FollowerState was interrupted: java.lang.InterruptedException: sleep interrupted
2019-10-18 14:58:57,672 [grpc-default-executor-3] INFO  impl.RaftServerImpl (RaftServerImpl.java:setRole(184)) - ddd4789c-894d-475a-bbfb-f6e7aa670c92@group-58A987F56150: changes role from  FOLLOWER to FOLLOWER at term 462 for recognizeCandidate:327657b1-60f8-49f2-b2a3-f63e1f934942
2019-10-18 14:58:57,672 [grpc-default-executor-3] INFO  impl.RoleInfo (RoleInfo.java:shutdownFollowerState(121)) - ddd4789c-894d-475a-bbfb-f6e7aa670c92: shutdown FollowerState
2019-10-18 14:58:57,672 [grpc-default-executor-3] INFO  impl.RoleInfo (RoleInfo.java:updateAndGet(143)) - ddd4789c-894d-475a-bbfb-f6e7aa670c92: start FollowerState
2019-10-18 14:58:57,672 [Thread-3000] INFO  impl.FollowerState (FollowerState.java:run(117)) - ddd4789c-894d-475a-bbfb-f6e7aa670c92@group-58A987F56150-FollowerState was interrupted: java.lang.InterruptedException: sleep interrupted
2019-10-18 14:58:57,697 [327657b1-60f8-49f2-b2a3-f63e1f934942@group-58A987F56150-LeaderElection401] INFO  impl.LeaderElection (LeaderElection.java:logAndReturn(56)) - 327657b1-60f8-49f2-b2a3-f63e1f934942@group-58A987F56150-LeaderElection401: Election REJECTED; received 2 response(s) [327657b1-60f8-49f2-b2a3-f63e1f934942<-6605b8a5-570b-4977-9ee7-6aaf3012bed5#0:FAIL-t462, 327657b1-60f8-49f2-b2a3-f63e1f934942<-ddd4789c-894d-475a-bbfb-f6e7aa670c92#0:FAIL-t462] and 0 exception(s); 327657b1-60f8-49f2-b2a3-f63e1f934942@group-58A987F56150:t462, leader=null, voted=327657b1-60f8-49f2-b2a3-f63e1f934942, raftlog=327657b1-60f8-49f2-b2a3-f63e1f934942@group-58A987F56150-SegmentedRaftLog:OPENED:c-1,f-1,i0, conf=-1: [6605b8a5-570b-4977-9ee7-6aaf3012bed5:192.168.164.233:35223, 327657b1-60f8-49f2-b2a3-f63e1f934942:192.168.164.233:41966, ddd4789c-894d-475a-bbfb-f6e7aa670c92:192.168.164.233:41061], old=null
2019-10-18 14:58:57,698 [327657b1-60f8-49f2-b2a3-f63e1f934942@group-58A987F56150-LeaderElection401] INFO  impl.RaftServerImpl (RaftServerImpl.java:setRole(184)) - 327657b1-60f8-49f2-b2a3-f63e1f934942@group-58A987F56150: changes role from CANDIDATE to FOLLOWER at term 462 for DISCOVERED_A_NEW_TERM
2019-10-18 14:58:57,698 [327657b1-60f8-49f2-b2a3-f63e1f934942@group-58A987F56150-LeaderElection401] INFO  impl.RoleInfo (RoleInfo.java:shutdownLeaderElection(134)) - 327657b1-60f8-49f2-b2a3-f63e1f934942: shutdown LeaderElection
2019-10-18 14:58:57,698 [327657b1-60f8-49f2-b2a3-f63e1f934942@group-58A987F56150-LeaderElection401] INFO  impl.RoleInfo (RoleInfo.java:updateAndGet(143)) - 327657b1-60f8-49f2-b2a3-f63e1f934942: start FollowerState
2019-10-18 14:58:57,873 [Thread-3007] INFO  impl.FollowerState (FollowerState.java:run(108)) - 327657b1-60f8-49f2-b2a3-f63e1f934942@group-58A987F56150-FollowerState: change to CANDIDATE, lastRpcTime:175ms, electionTimeout:175ms
2019-10-18 14:58:57,873 [Thread-3007] INFO  impl.RoleInfo (RoleInfo.java:shutdownFollowerState(121)) - 327657b1-60f8-49f2-b2a3-f63e1f934942: shutdown FollowerState
2019-10-18 14:58:57,873 [Thread-3007] INFO  impl.RaftServerImpl (RaftServerImpl.java:setRole(184)) - 327657b1-60f8-49f2-b2a3-f63e1f934942@group-58A987F56150: changes role from  FOLLOWER to CANDIDATE at term 462 for changeToCandidate
2019-10-18 14:58:57,874 [Thread-3007] INFO  impl.RoleInfo (RoleInfo.java:updateAndGet(143)) - 327657b1-60f8-49f2-b2a3-f63e1f934942: start LeaderElection
2019-10-18 14:58:57,899 [327657b1-60f8-49f2-b2a3-f63e1f934942@group-58A987F56150-LeaderElection402] INFO  impl.LeaderElection (LeaderElection.java:askForVotes(178)) - 327657b1-60f8-49f2-b2a3-f63e1f934942@group-58A987F56150-LeaderElection402: begin an election at term 463 for -1: [6605b8a5-570b-4977-9ee7-6aaf3012bed5:192.168.164.233:35223, 327657b1-60f8-49f2-b2a3-f63e1f934942:192.168.164.233:41966, ddd4789c-894d-475a-bbfb-f6e7aa670c92:192.168.164.233:41061], old=null
2019-10-18 14:58:57,900 [grpc-default-executor-3] INFO  impl.RaftServerImpl (RaftServerImpl.java:setRole(184)) - ddd4789c-894d-475a-bbfb-f6e7aa670c92@group-58A987F56150: changes role from  FOLLOWER to FOLLOWER at term 463 for recognizeCandidate:327657b1-60f8-49f2-b2a3-f63e1f934942
2019-10-18 14:58:57,900 [grpc-default-executor-0] INFO  impl.RaftServerImpl (RaftServerImpl.java:setRole(184)) - 6605b8a5-570b-4977-9ee7-6aaf3012bed5@group-58A987F56150: changes role from  FOLLOWER to FOLLOWER at term 463 for recognizeCandidate:327657b1-60f8-49f2-b2a3-f63e1f934942
2019-10-18 14:58:57,901 [grpc-default-executor-3] INFO  impl.RoleInfo (RoleInfo.java:shutdownFollowerState(121)) - ddd4789c-894d-475a-bbfb-f6e7aa670c92: shutdown FollowerState
2019-10-18 14:58:57,901 [grpc-default-executor-0] INFO  impl.RoleInfo (RoleInfo.java:shutdownFollowerState(121)) - 6605b8a5-570b-4977-9ee7-6aaf3012bed5: shutdown FollowerState
2019-10-18 14:58:57,901 [grpc-default-executor-0] INFO  impl.RoleInfo (RoleInfo.java:updateAndGet(143)) - 6605b8a5-570b-4977-9ee7-6aaf3012bed5: start FollowerState
2019-10-18 14:58:57,901 [Thread-3006] INFO  impl.FollowerState (FollowerState.java:run(117)) - ddd4789c-894d-475a-bbfb-f6e7aa670c92@group-58A987F56150-FollowerState was interrupted: java.lang.InterruptedException: sleep interrupted
2019-10-18 14:58:57,901 [grpc-default-executor-3] INFO  impl.RoleInfo (RoleInfo.java:updateAndGet(143)) - ddd4789c-894d-475a-bbfb-f6e7aa670c92: start FollowerState
2019-10-18 14:58:57,901 [Thread-3005] INFO  impl.FollowerState (FollowerState.java:run(117)) - 6605b8a5-570b-4977-9ee7-6aaf3012bed5@group-58A987F56150-FollowerState was interrupted: java.lang.InterruptedException: sleep interrupted
2019-10-18 14:58:57,918 [327657b1-60f8-49f2-b2a3-f63e1f934942@group-58A987F56150-LeaderElection402] INFO  impl.LeaderElection (LeaderElection.java:logAndReturn(56)) - 327657b1-60f8-49f2-b2a3-f63e1f934942@group-58A987F56150-LeaderElection402: Election REJECTED; received 2 response(s) [327657b1-60f8-49f2-b2a3-f63e1f934942<-6605b8a5-570b-4977-9ee7-6aaf3012bed5#0:FAIL-t463, 327657b1-60f8-49f2-b2a3-f63e1f934942<-ddd4789c-894d-475a-bbfb-f6e7aa670c92#0:FAIL-t463] and 0 exception(s); 327657b1-60f8-49f2-b2a3-f63e1f934942@group-58A987F56150:t463, leader=null, voted=327657b1-60f8-49f2-b2a3-f63e1f934942, raftlog=327657b1-60f8-49f2-b2a3-f63e1f934942@group-58A987F56150-SegmentedRaftLog:OPENED:c-1,f-1,i0, conf=-1: [6605b8a5-570b-4977-9ee7-6aaf3012bed5:192.168.164.233:35223, 327657b1-60f8-49f2-b2a3-f63e1f934942:192.168.164.233:41966, ddd4789c-894d-475a-bbfb-f6e7aa670c92:192.168.164.233:41061], old=null
2019-10-18 14:58:57,918 [327657b1-60f8-49f2-b2a3-f63e1f934942@group-58A987F56150-LeaderElection402] INFO  impl.RaftServerImpl (RaftServerImpl.java:setRole(184)) - 327657b1-60f8-49f2-b2a3-f63e1f934942@group-58A987F56150: changes role from CANDIDATE to FOLLOWER at term 463 for DISCOVERED_A_NEW_TERM
2019-10-18 14:58:57,918 [327657b1-60f8-49f2-b2a3-f63e1f934942@group-58A987F56150-LeaderElection402] INFO  impl.RoleInfo (RoleInfo.java:shutdownLeaderElection(134)) - 327657b1-60f8-49f2-b2a3-f63e1f934942: shutdown LeaderElection
2019-10-18 14:58:57,919 [327657b1-60f8-49f2-b2a3-f63e1f934942@group-58A987F56150-LeaderElection402] INFO  impl.RoleInfo (RoleInfo.java:updateAndGet(143)) - 327657b1-60f8-49f2-b2a3-f63e1f934942: start FollowerState
2019-10-18 14:58:58,014 [Thread-3013] INFO  impl.FollowerState (FollowerState.java:run(108)) - 327657b1-60f8-49f2-b2a3-f63e1f934942@group-58A987F56150-FollowerState: change to CANDIDATE, lastRpcTime:95ms, electionTimeout:95ms
2019-10-18 14:58:58,014 [Thread-3013] INFO  impl.RoleInfo (RoleInfo.java:shutdownFollowerState(121)) - 327657b1-60f8-49f2-b2a3-f63e1f934942: shutdown FollowerState
2019-10-18 14:58:58,014 [Thread-3013] INFO  impl.RaftServerImpl (RaftServerImpl.java:setRole(184)) - 327657b1-60f8-49f2-b2a3-f63e1f934942@group-58A987F56150: changes role from  FOLLOWER to CANDIDATE at term 463 for changeToCandidate
2019-10-18 14:58:58,015 [Thread-3013] INFO  impl.RoleInfo (RoleInfo.java:updateAndGet(143)) - 327657b1-60f8-49f2-b2a3-f63e1f934942: start LeaderElection
2019-10-18 14:58:58,039 [327657b1-60f8-49f2-b2a3-f63e1f934942@group-58A987F56150-LeaderElection403] INFO  impl.LeaderElection (LeaderElection.java:askForVotes(178)) - 327657b1-60f8-49f2-b2a3-f63e1f934942@group-58A987F56150-LeaderElection403: begin an election at term 464 for -1: [6605b8a5-570b-4977-9ee7-6aaf3012bed5:192.168.164.233:35223, 327657b1-60f8-49f2-b2a3-f63e1f934942:192.168.164.233:41966, ddd4789c-894d-475a-bbfb-f6e7aa670c92:192.168.164.233:41061], old=null
2019-10-18 14:58:58,041 [grpc-default-executor-3] INFO  impl.RaftServerImpl (RaftServerImpl.java:setRole(184)) - ddd4789c-894d-475a-bbfb-f6e7aa670c92@group-58A987F56150: changes role from  FOLLOWER to FOLLOWER at term 464 for recognizeCandidate:327657b1-60f8-49f2-b2a3-f63e1f934942
2019-10-18 14:58:58,041 [grpc-default-executor-0] INFO  impl.RaftServerImpl (RaftServerImpl.java:setRole(184)) - 6605b8a5-570b-4977-9ee7-6aaf3012bed5@group-58A987F56150: changes role from  FOLLOWER to FOLLOWER at term 464 for recognizeCandidate:327657b1-60f8-49f2-b2a3-f63e1f934942
2019-10-18 14:58:58,041 [grpc-default-executor-3] INFO  impl.RoleInfo (RoleInfo.java:shutdownFollowerState(121)) - ddd4789c-894d-475a-bbfb-f6e7aa670c92: shutdown FollowerState
2019-10-18 14:58:58,041 [grpc-default-executor-0] INFO  impl.RoleInfo (RoleInfo.java:shutdownFollowerState(121)) - 6605b8a5-570b-4977-9ee7-6aaf3012bed5: shutdown FollowerState
2019-10-18 14:58:58,042 [Thread-3011] INFO  impl.FollowerState (FollowerState.java:run(117)) - ddd4789c-894d-475a-bbfb-f6e7aa670c92@group-58A987F56150-FollowerState was interrupted: java.lang.InterruptedException: sleep interrupted
2019-10-18 14:58:58,041 [grpc-default-executor-3] INFO  impl.RoleInfo (RoleInfo.java:updateAndGet(143)) - ddd4789c-894d-475a-bbfb-f6e7aa670c92: start FollowerState
2019-10-18 14:58:58,042 [grpc-default-executor-0] INFO  impl.RoleInfo (RoleInfo.java:updateAndGet(143)) - 6605b8a5-570b-4977-9ee7-6aaf3012bed5: start FollowerState
2019-10-18 14:58:58,042 [Thread-3012] INFO  impl.FollowerState (FollowerState.java:run(117)) - 6605b8a5-570b-4977-9ee7-6aaf3012bed5@group-58A987F56150-FollowerState was interrupted: java.lang.InterruptedException: sleep interrupted
2019-10-18 14:58:58,056 [327657b1-60f8-49f2-b2a3-f63e1f934942@group-58A987F56150-LeaderElection403] INFO  impl.LeaderElection (LeaderElection.java:logAndReturn(56)) - 327657b1-60f8-49f2-b2a3-f63e1f934942@group-58A987F56150-LeaderElection403: Election REJECTED; received 2 response(s) [327657b1-60f8-49f2-b2a3-f63e1f934942<-6605b8a5-570b-4977-9ee7-6aaf3012bed5#0:FAIL-t464, 327657b1-60f8-49f2-b2a3-f63e1f934942<-ddd4789c-894d-475a-bbfb-f6e7aa670c92#0:FAIL-t464] and 0 exception(s); 327657b1-60f8-49f2-b2a3-f63e1f934942@group-58A987F56150:t464, leader=null, voted=327657b1-60f8-49f2-b2a3-f63e1f934942, raftlog=327657b1-60f8-49f2-b2a3-f63e1f934942@group-58A987F56150-SegmentedRaftLog:OPENED:c-1,f-1,i0, conf=-1: [6605b8a5-570b-4977-9ee7-6aaf3012bed5:192.168.164.233:35223, 327657b1-60f8-49f2-b2a3-f63e1f934942:192.168.164.233:41966, ddd4789c-894d-475a-bbfb-f6e7aa670c92:192.168.164.233:41061], old=null
2019-10-18 14:58:58,056 [327657b1-60f8-49f2-b2a3-f63e1f934942@group-58A987F56150-LeaderElection403] INFO  impl.RaftServerImpl (RaftServerImpl.java:setRole(184)) - 327657b1-60f8-49f2-b2a3-f63e1f934942@group-58A987F56150: changes role from CANDIDATE to FOLLOWER at term 464 for DISCOVERED_A_NEW_TERM
2019-10-18 14:58:58,056 [327657b1-60f8-49f2-b2a3-f63e1f934942@group-58A987F56150-LeaderElection403] INFO  impl.RoleInfo (RoleInfo.java:shutdownLeaderElection(134)) - 327657b1-60f8-49f2-b2a3-f63e1f934942: shutdown LeaderElection
2019-10-18 14:58:58,056 [327657b1-60f8-49f2-b2a3-f63e1f934942@group-58A987F56150-LeaderElection403] INFO  impl.RoleInfo (RoleInfo.java:updateAndGet(143)) - 327657b1-60f8-49f2-b2a3-f63e1f934942: start FollowerState
2019-10-18 14:58:58,105 [Thread-3019] INFO  impl.FollowerState (FollowerState.java:run(108)) - 327657b1-60f8-49f2-b2a3-f63e1f934942@group-58A987F56150-FollowerState: change to CANDIDATE, lastRpcTime:48ms, electionTimeout:48ms
2019-10-18 14:58:58,105 [Thread-3019] INFO  impl.RoleInfo (RoleInfo.java:shutdownFollowerState(121)) - 327657b1-60f8-49f2-b2a3-f63e1f934942: shutdown FollowerState
2019-10-18 14:58:58,105 [Thread-3019] INFO  impl.RaftServerImpl (RaftServerImpl.java:setRole(184)) - 327657b1-60f8-49f2-b2a3-f63e1f934942@group-58A987F56150: changes role from  FOLLOWER to CANDIDATE at term 464 for changeToCandidate
2019-10-18 14:58:58,105 [Thread-3019] INFO  impl.RoleInfo (RoleInfo.java:updateAndGet(143)) - 327657b1-60f8-49f2-b2a3-f63e1f934942: start LeaderElection
2019-10-18 14:58:58,118 [327657b1-60f8-49f2-b2a3-f63e1f934942@group-58A987F56150-LeaderElection404] INFO  impl.LeaderElection (LeaderElection.java:askForVotes(178)) - 327657b1-60f8-49f2-b2a3-f63e1f934942@group-58A987F56150-LeaderElection404: begin an election at term 465 for -1: [6605b8a5-570b-4977-9ee7-6aaf3012bed5:192.168.164.233:35223, 327657b1-60f8-49f2-b2a3-f63e1f934942:192.168.164.233:41966, ddd4789c-894d-475a-bbfb-f6e7aa670c92:192.168.164.233:41061], old=null
2019-10-18 14:58:58,119 [grpc-default-executor-0] INFO  impl.RaftServerImpl (RaftServerImpl.java:setRole(184)) - ddd4789c-894d-475a-bbfb-f6e7aa670c92@group-58A987F56150: changes role from  FOLLOWER to FOLLOWER at term 465 for recognizeCandidate:327657b1-60f8-49f2-b2a3-f63e1f934942
2019-10-18 14:58:58,119 [grpc-default-executor-3] INFO  impl.RaftServerImpl (RaftServerImpl.java:setRole(184)) - 6605b8a5-570b-4977-9ee7-6aaf3012bed5@group-58A987F56150: changes role from  FOLLOWER to FOLLOWER at term 465 for recognizeCandidate:327657b1-60f8-49f2-b2a3-f63e1f934942
2019-10-18 14:58:58,120 [grpc-default-executor-3] INFO  impl.RoleInfo (RoleInfo.java:shutdownFollowerState(121)) - 6605b8a5-570b-4977-9ee7-6aaf3012bed5: shutdown FollowerState
2019-10-18 14:58:58,120 [grpc-default-executor-0] INFO  impl.RoleInfo (RoleInfo.java:shutdownFollowerState(121)) - ddd4789c-894d-475a-bbfb-f6e7aa670c92: shutdown FollowerState
2019-10-18 14:58:58,120 [Thread-3018] INFO  impl.FollowerState (FollowerState.java:run(117)) - 6605b8a5-570b-4977-9ee7-6aaf3012bed5@group-58A987F56150-FollowerState was interrupted: java.lang.InterruptedException: sleep interrupted
2019-10-18 14:58:58,120 [Thread-3017] INFO  impl.FollowerState (FollowerState.java:run(117)) - ddd4789c-894d-475a-bbfb-f6e7aa670c92@group-58A987F56150-FollowerState was interrupted: java.lang.InterruptedException: sleep interrupted
2019-10-18 14:58:58,120 [grpc-default-executor-3] INFO  impl.RoleInfo (RoleInfo.java:updateAndGet(143)) - 6605b8a5-570b-4977-9ee7-6aaf3012bed5: start FollowerState
2019-10-18 14:58:58,120 [grpc-default-executor-0] INFO  impl.RoleInfo (RoleInfo.java:updateAndGet(143)) - ddd4789c-894d-475a-bbfb-f6e7aa670c92: start FollowerState
2019-10-18 14:58:58,134 [327657b1-60f8-49f2-b2a3-f63e1f934942@group-58A987F56150-LeaderElection404] INFO  impl.LeaderElection (LeaderElection.java:logAndReturn(56)) - 327657b1-60f8-49f2-b2a3-f63e1f934942@group-58A987F56150-LeaderElection404: Election REJECTED; received 2 response(s) [327657b1-60f8-49f2-b2a3-f63e1f934942<-6605b8a5-570b-4977-9ee7-6aaf3012bed5#0:FAIL-t465, 327657b1-60f8-49f2-b2a3-f63e1f934942<-ddd4789c-894d-475a-bbfb-f6e7aa670c92#0:FAIL-t465] and 0 exception(s); 327657b1-60f8-49f2-b2a3-f63e1f934942@group-58A987F56150:t465, leader=null, voted=327657b1-60f8-49f2-b2a3-f63e1f934942, raftlog=327657b1-60f8-49f2-b2a3-f63e1f934942@group-58A987F56150-SegmentedRaftLog:OPENED:c-1,f-1,i0, conf=-1: [6605b8a5-570b-4977-9ee7-6aaf3012bed5:192.168.164.233:35223, 327657b1-60f8-49f2-b2a3-f63e1f934942:192.168.164.233:41966, ddd4789c-894d-475a-bbfb-f6e7aa670c92:192.168.164.233:41061], old=null
2019-10-18 14:58:58,134 [327657b1-60f8-49f2-b2a3-f63e1f934942@group-58A987F56150-LeaderElection404] INFO  impl.RaftServerImpl (RaftServerImpl.java:setRole(184)) - 327657b1-60f8-49f2-b2a3-f63e1f934942@group-58A987F56150: changes role from CANDIDATE to FOLLOWER at term 465 for DISCOVERED_A_NEW_TERM
2019-10-18 14:58:58,135 [327657b1-60f8-49f2-b2a3-f63e1f934942@group-58A987F56150-LeaderElection404] INFO  impl.RoleInfo (RoleInfo.java:shutdownLeaderElection(134)) - 327657b1-60f8-49f2-b2a3-f63e1f934942: shutdown LeaderElection
2019-10-18 14:58:58,135 [327657b1-60f8-49f2-b2a3-f63e1f934942@group-58A987F56150-LeaderElection404] INFO  impl.RoleInfo (RoleInfo.java:updateAndGet(143)) - 327657b1-60f8-49f2-b2a3-f63e1f934942: start FollowerState
2019-10-18 14:58:58,228 [Thread-3025] INFO  impl.FollowerState (FollowerState.java:run(108)) - 327657b1-60f8-49f2-b2a3-f63e1f934942@group-58A987F56150-FollowerState: change to CANDIDATE, lastRpcTime:93ms, electionTimeout:93ms
2019-10-18 14:58:58,229 [Thread-3025] INFO  impl.RoleInfo (RoleInfo.java:shutdownFollowerState(121)) - 327657b1-60f8-49f2-b2a3-f63e1f934942: shutdown FollowerState
2019-10-18 14:58:58,229 [Thread-3025] INFO  impl.RaftServerImpl (RaftServerImpl.java:setRole(184)) - 327657b1-60f8-49f2-b2a3-f63e1f934942@group-58A987F56150: changes role from  FOLLOWER to CANDIDATE at term 465 for changeToCandidate
2019-10-18 14:58:58,229 [Thread-3025] INFO  impl.RoleInfo (RoleInfo.java:updateAndGet(143)) - 327657b1-60f8-49f2-b2a3-f63e1f934942: start LeaderElection
2019-10-18 14:58:58,296 [327657b1-60f8-49f2-b2a3-f63e1f934942@group-58A987F56150-LeaderElection405] INFO  impl.LeaderElection (LeaderElection.java:askForVotes(178)) - 327657b1-60f8-49f2-b2a3-f63e1f934942@group-58A987F56150-LeaderElection405: begin an election at term 466 for -1: [6605b8a5-570b-4977-9ee7-6aaf3012bed5:192.168.164.233:35223, 327657b1-60f8-49f2-b2a3-f63e1f934942:192.168.164.233:41966, ddd4789c-894d-475a-bbfb-f6e7aa670c92:192.168.164.233:41061], old=null
2019-10-18 14:58:58,299 [grpc-default-executor-3] INFO  impl.RaftServerImpl (RaftServerImpl.java:setRole(184)) - ddd4789c-894d-475a-bbfb-f6e7aa670c92@group-58A987F56150: changes role from  FOLLOWER to FOLLOWER at term 466 for recognizeCandidate:327657b1-60f8-49f2-b2a3-f63e1f934942
2019-10-18 14:58:58,299 [grpc-default-executor-0] INFO  impl.RaftServerImpl (RaftServerImpl.java:setRole(184)) - 6605b8a5-570b-4977-9ee7-6aaf3012bed5@group-58A987F56150: changes role from  FOLLOWER to FOLLOWER at term 466 for recognizeCandidate:327657b1-60f8-49f2-b2a3-f63e1f934942
2019-10-18 14:58:58,299 [grpc-default-executor-0] INFO  impl.RoleInfo (RoleInfo.java:shutdownFollowerState(121)) - 6605b8a5-570b-4977-9ee7-6aaf3012bed5: shutdown FollowerState
2019-10-18 14:58:58,299 [grpc-default-executor-3] INFO  impl.RoleInfo (RoleInfo.java:shutdownFollowerState(121)) - ddd4789c-894d-475a-bbfb-f6e7aa670c92: shutdown FollowerState
2019-10-18 14:58:58,299 [Thread-3023] INFO  impl.FollowerState (FollowerState.java:run(117)) - 6605b8a5-570b-4977-9ee7-6aaf3012bed5@group-58A987F56150-FollowerState was interrupted: java.lang.InterruptedException: sleep interrupted
2019-10-18 14:58:58,299 [grpc-default-executor-0] INFO  impl.RoleInfo (RoleInfo.java:updateAndGet(143)) - 6605b8a5-570b-4977-9ee7-6aaf3012bed5: start FollowerState
2019-10-18 14:58:58,299 [grpc-default-executor-3] INFO  impl.RoleInfo (RoleInfo.java:updateAndGet(143)) - ddd4789c-894d-475a-bbfb-f6e7aa670c92: start FollowerState
2019-10-18 14:58:58,299 [Thread-3024] INFO  impl.FollowerState (FollowerState.java:run(117)) - ddd4789c-894d-475a-bbfb-f6e7aa670c92@group-58A987F56150-FollowerState was interrupted: java.lang.InterruptedException: sleep interrupted
2019-10-18 14:58:58,313 [327657b1-60f8-49f2-b2a3-f63e1f934942@group-58A987F56150-LeaderElection405] INFO  impl.LeaderElection (LeaderElection.java:logAndReturn(56)) - 327657b1-60f8-49f2-b2a3-f63e1f934942@group-58A987F56150-LeaderElection405: Election REJECTED; received 2 response(s) [327657b1-60f8-49f2-b2a3-f63e1f934942<-6605b8a5-570b-4977-9ee7-6aaf3012bed5#0:FAIL-t466, 327657b1-60f8-49f2-b2a3-f63e1f934942<-ddd4789c-894d-475a-bbfb-f6e7aa670c92#0:FAIL-t466] and 0 exception(s); 327657b1-60f8-49f2-b2a3-f63e1f934942@group-58A987F56150:t466, leader=null, voted=327657b1-60f8-49f2-b2a3-f63e1f934942, raftlog=327657b1-60f8-49f2-b2a3-f63e1f934942@group-58A987F56150-SegmentedRaftLog:OPENED:c-1,f-1,i0, conf=-1: [6605b8a5-570b-4977-9ee7-6aaf3012bed5:192.168.164.233:35223, 327657b1-60f8-49f2-b2a3-f63e1f934942:192.168.164.233:41966, ddd4789c-894d-475a-bbfb-f6e7aa670c92:192.168.164.233:41061], old=null
2019-10-18 14:58:58,313 [327657b1-60f8-49f2-b2a3-f63e1f934942@group-58A987F56150-LeaderElection405] INFO  impl.RaftServerImpl (RaftServerImpl.java:setRole(184)) - 327657b1-60f8-49f2-b2a3-f63e1f934942@group-58A987F56150: changes role from CANDIDATE to FOLLOWER at term 466 for DISCOVERED_A_NEW_TERM
2019-10-18 14:58:58,313 [327657b1-60f8-49f2-b2a3-f63e1f934942@group-58A987F56150-LeaderElection405] INFO  impl.RoleInfo (RoleInfo.java:shutdownLeaderElection(134)) - 327657b1-60f8-49f2-b2a3-f63e1f934942: shutdown LeaderElection
2019-10-18 14:58:58,313 [327657b1-60f8-49f2-b2a3-f63e1f934942@group-58A987F56150-LeaderElection405] INFO  impl.RoleInfo (RoleInfo.java:updateAndGet(143)) - 327657b1-60f8-49f2-b2a3-f63e1f934942: start FollowerState
2019-10-18 14:58:58,379 [Thread-3033] INFO  impl.FollowerState (FollowerState.java:run(108)) - 327657b1-60f8-49f2-b2a3-f63e1f934942@group-58A987F56150-FollowerState: change to CANDIDATE, lastRpcTime:66ms, electionTimeout:66ms
2019-10-18 14:58:58,380 [Thread-3033] INFO  impl.RoleInfo (RoleInfo.java:shutdownFollowerState(121)) - 327657b1-60f8-49f2-b2a3-f63e1f934942: shutdown FollowerState
2019-10-18 14:58:58,380 [Thread-3033] INFO  impl.RaftServerImpl (RaftServerImpl.java:setRole(184)) - 327657b1-60f8-49f2-b2a3-f63e1f934942@group-58A987F56150: changes role from  FOLLOWER to CANDIDATE at term 466 for changeToCandidate
2019-10-18 14:58:58,380 [Thread-3033] INFO  impl.RoleInfo (RoleInfo.java:updateAndGet(143)) - 327657b1-60f8-49f2-b2a3-f63e1f934942: start LeaderElection
2019-10-18 14:58:58,393 [327657b1-60f8-49f2-b2a3-f63e1f934942@group-58A987F56150-LeaderElection406] INFO  impl.LeaderElection (LeaderElection.java:askForVotes(178)) - 327657b1-60f8-49f2-b2a3-f63e1f934942@group-58A987F56150-LeaderElection406: begin an election at term 467 for -1: [6605b8a5-570b-4977-9ee7-6aaf3012bed5:192.168.164.233:35223, 327657b1-60f8-49f2-b2a3-f63e1f934942:192.168.164.233:41966, ddd4789c-894d-475a-bbfb-f6e7aa670c92:192.168.164.233:41061], old=null
2019-10-18 14:58:58,395 [grpc-default-executor-3] INFO  impl.RaftServerImpl (RaftServerImpl.java:setRole(184)) - 6605b8a5-570b-4977-9ee7-6aaf3012bed5@group-58A987F56150: changes role from  FOLLOWER to FOLLOWER at term 467 for recognizeCandidate:327657b1-60f8-49f2-b2a3-f63e1f934942
2019-10-18 14:58:58,396 [grpc-default-executor-3] INFO  impl.RoleInfo (RoleInfo.java:shutdownFollowerState(121)) - 6605b8a5-570b-4977-9ee7-6aaf3012bed5: shutdown FollowerState
2019-10-18 14:58:58,396 [grpc-default-executor-0] INFO  impl.RaftServerImpl (RaftServerImpl.java:setRole(184)) - ddd4789c-894d-475a-bbfb-f6e7aa670c92@group-58A987F56150: changes role from  FOLLOWER to FOLLOWER at term 467 for recognizeCandidate:327657b1-60f8-49f2-b2a3-f63e1f934942
2019-10-18 14:58:58,396 [Thread-3031] INFO  impl.FollowerState (FollowerState.java:run(117)) - 6605b8a5-570b-4977-9ee7-6aaf3012bed5@group-58A987F56150-FollowerState was interrupted: java.lang.InterruptedException: sleep interrupted
2019-10-18 14:58:58,396 [grpc-default-executor-3] INFO  impl.RoleInfo (RoleInfo.java:updateAndGet(143)) - 6605b8a5-570b-4977-9ee7-6aaf3012bed5: start FollowerState
2019-10-18 14:58:58,396 [grpc-default-executor-0] INFO  impl.RoleInfo (RoleInfo.java:shutdownFollowerState(121)) - ddd4789c-894d-475a-bbfb-f6e7aa670c92: shutdown FollowerState
2019-10-18 14:58:58,396 [grpc-default-executor-0] INFO  impl.RoleInfo (RoleInfo.java:updateAndGet(143)) - ddd4789c-894d-475a-bbfb-f6e7aa670c92: start FollowerState
2019-10-18 14:58:58,397 [Thread-3032] INFO  impl.FollowerState (FollowerState.java:run(117)) - ddd4789c-894d-475a-bbfb-f6e7aa670c92@group-58A987F56150-FollowerState was interrupted: java.lang.InterruptedException: sleep interrupted
2019-10-18 14:58:58,422 [327657b1-60f8-49f2-b2a3-f63e1f934942@group-58A987F56150-LeaderElection406] INFO  impl.LeaderElection (LeaderElection.java:logAndReturn(56)) - 327657b1-60f8-49f2-b2a3-f63e1f934942@group-58A987F56150-LeaderElection406: Election REJECTED; received 2 response(s) [327657b1-60f8-49f2-b2a3-f63e1f934942<-6605b8a5-570b-4977-9ee7-6aaf3012bed5#0:FAIL-t467, 327657b1-60f8-49f2-b2a3-f63e1f934942<-ddd4789c-894d-475a-bbfb-f6e7aa670c92#0:FAIL-t467] and 0 exception(s); 327657b1-60f8-49f2-b2a3-f63e1f934942@group-58A987F56150:t467, leader=null, voted=327657b1-60f8-49f2-b2a3-f63e1f934942, raftlog=327657b1-60f8-49f2-b2a3-f63e1f934942@group-58A987F56150-SegmentedRaftLog:OPENED:c-1,f-1,i0, conf=-1: [6605b8a5-570b-4977-9ee7-6aaf3012bed5:192.168.164.233:35223, 327657b1-60f8-49f2-b2a3-f63e1f934942:192.168.164.233:41966, ddd4789c-894d-475a-bbfb-f6e7aa670c92:192.168.164.233:41061], old=null
2019-10-18 14:58:58,422 [327657b1-60f8-49f2-b2a3-f63e1f934942@group-58A987F56150-LeaderElection406] INFO  impl.RaftServerImpl (RaftServerImpl.java:setRole(184)) - 327657b1-60f8-49f2-b2a3-f63e1f934942@group-58A987F56150: changes role from CANDIDATE to FOLLOWER at term 467 for DISCOVERED_A_NEW_TERM
2019-10-18 14:58:58,423 [327657b1-60f8-49f2-b2a3-f63e1f934942@group-58A987F56150-LeaderElection406] INFO  impl.RoleInfo (RoleInfo.java:shutdownLeaderElection(134)) - 327657b1-60f8-49f2-b2a3-f63e1f934942: shutdown LeaderElection
2019-10-18 14:58:58,423 [327657b1-60f8-49f2-b2a3-f63e1f934942@group-58A987F56150-LeaderElection406] INFO  impl.RoleInfo (RoleInfo.java:updateAndGet(143)) - 327657b1-60f8-49f2-b2a3-f63e1f934942: start FollowerState
2019-10-18 14:58:58,484 [Thread-3039] INFO  impl.FollowerState (FollowerState.java:run(108)) - 327657b1-60f8-49f2-b2a3-f63e1f934942@group-58A987F56150-FollowerState: change to CANDIDATE, lastRpcTime:61ms, electionTimeout:61ms
2019-10-18 14:58:58,485 [Thread-3039] INFO  impl.RoleInfo (RoleInfo.java:shutdownFollowerState(121)) - 327657b1-60f8-49f2-b2a3-f63e1f934942: shutdown FollowerState
2019-10-18 14:58:58,485 [Thread-3039] INFO  impl.RaftServerImpl (RaftServerImpl.java:setRole(184)) - 327657b1-60f8-49f2-b2a3-f63e1f934942@group-58A987F56150: changes role from  FOLLOWER to CANDIDATE at term 467 for changeToCandidate
2019-10-18 14:58:58,485 [Thread-3039] INFO  impl.RoleInfo (RoleInfo.java:updateAndGet(143)) - 327657b1-60f8-49f2-b2a3-f63e1f934942: start LeaderElection
2019-10-18 14:58:58,498 [327657b1-60f8-49f2-b2a3-f63e1f934942@group-58A987F56150-LeaderElection407] INFO  impl.LeaderElection (LeaderElection.java:askForVotes(178)) - 327657b1-60f8-49f2-b2a3-f63e1f934942@group-58A987F56150-LeaderElection407: begin an election at term 468 for -1: [6605b8a5-570b-4977-9ee7-6aaf3012bed5:192.168.164.233:35223, 327657b1-60f8-49f2-b2a3-f63e1f934942:192.168.164.233:41966, ddd4789c-894d-475a-bbfb-f6e7aa670c92:192.168.164.233:41061], old=null
2019-10-18 14:58:58,501 [grpc-default-executor-0] INFO  impl.RaftServerImpl (RaftServerImpl.java:setRole(184)) - 6605b8a5-570b-4977-9ee7-6aaf3012bed5@group-58A987F56150: changes role from  FOLLOWER to FOLLOWER at term 468 for recognizeCandidate:327657b1-60f8-49f2-b2a3-f63e1f934942
2019-10-18 14:58:58,501 [grpc-default-executor-3] INFO  impl.RaftServerImpl (RaftServerImpl.java:setRole(184)) - ddd4789c-894d-475a-bbfb-f6e7aa670c92@group-58A987F56150: changes role from  FOLLOWER to FOLLOWER at term 468 for recognizeCandidate:327657b1-60f8-49f2-b2a3-f63e1f934942
2019-10-18 14:58:58,501 [grpc-default-executor-0] INFO  impl.RoleInfo (RoleInfo.java:shutdownFollowerState(121)) - 6605b8a5-570b-4977-9ee7-6aaf3012bed5: shutdown FollowerState
2019-10-18 14:58:58,501 [grpc-default-executor-3] INFO  impl.RoleInfo (RoleInfo.java:shutdownFollowerState(121)) - ddd4789c-894d-475a-bbfb-f6e7aa670c92: shutdown FollowerState
2019-10-18 14:58:58,502 [Thread-3037] INFO  impl.FollowerState (FollowerState.java:run(117)) - 6605b8a5-570b-4977-9ee7-6aaf3012bed5@group-58A987F56150-FollowerState was interrupted: java.lang.InterruptedException: sleep interrupted
2019-10-18 14:58:58,502 [grpc-default-executor-0] INFO  impl.RoleInfo (RoleInfo.java:updateAndGet(143)) - 6605b8a5-570b-4977-9ee7-6aaf3012bed5: start FollowerState
2019-10-18 14:58:58,502 [Thread-3038] INFO  impl.FollowerState (FollowerState.java:run(117)) - ddd4789c-894d-475a-bbfb-f6e7aa670c92@group-58A987F56150-FollowerState was interrupted: java.lang.InterruptedException: sleep interrupted
2019-10-18 14:58:58,502 [grpc-default-executor-3] INFO  impl.RoleInfo (RoleInfo.java:updateAndGet(143)) - ddd4789c-894d-475a-bbfb-f6e7aa670c92: start FollowerState
2019-10-18 14:58:58,520 [327657b1-60f8-49f2-b2a3-f63e1f934942@group-58A987F56150-LeaderElection407] INFO  impl.LeaderElection (LeaderElection.java:logAndReturn(56)) - 327657b1-60f8-49f2-b2a3-f63e1f934942@group-58A987F56150-LeaderElection407: Election REJECTED; received 2 response(s) [327657b1-60f8-49f2-b2a3-f63e1f934942<-6605b8a5-570b-4977-9ee7-6aaf3012bed5#0:FAIL-t468, 327657b1-60f8-49f2-b2a3-f63e1f934942<-ddd4789c-894d-475a-bbfb-f6e7aa670c92#0:FAIL-t468] and 0 exception(s); 327657b1-60f8-49f2-b2a3-f63e1f934942@group-58A987F56150:t468, leader=null, voted=327657b1-60f8-49f2-b2a3-f63e1f934942, raftlog=327657b1-60f8-49f2-b2a3-f63e1f934942@group-58A987F56150-SegmentedRaftLog:OPENED:c-1,f-1,i0, conf=-1: [6605b8a5-570b-4977-9ee7-6aaf3012bed5:192.168.164.233:35223, 327657b1-60f8-49f2-b2a3-f63e1f934942:192.168.164.233:41966, ddd4789c-894d-475a-bbfb-f6e7aa670c92:192.168.164.233:41061], old=null
2019-10-18 14:58:58,520 [327657b1-60f8-49f2-b2a3-f63e1f934942@group-58A987F56150-LeaderElection407] INFO  impl.RaftServerImpl (RaftServerImpl.java:setRole(184)) - 327657b1-60f8-49f2-b2a3-f63e1f934942@group-58A987F56150: changes role from CANDIDATE to FOLLOWER at term 468 for DISCOVERED_A_NEW_TERM
2019-10-18 14:58:58,520 [327657b1-60f8-49f2-b2a3-f63e1f934942@group-58A987F56150-LeaderElection407] INFO  impl.RoleInfo (RoleInfo.java:shutdownLeaderElection(134)) - 327657b1-60f8-49f2-b2a3-f63e1f934942: shutdown LeaderElection
2019-10-18 14:58:58,520 [327657b1-60f8-49f2-b2a3-f63e1f934942@group-58A987F56150-LeaderElection407] INFO  impl.RoleInfo (RoleInfo.java:updateAndGet(143)) - 327657b1-60f8-49f2-b2a3-f63e1f934942: start FollowerState
2019-10-18 14:58:58,520 [Thread-3045] INFO  impl.FollowerState (FollowerState.java:run(108)) - 327657b1-60f8-49f2-b2a3-f63e1f934942@group-58A987F56150-FollowerState: change to CANDIDATE, lastRpcTime:0ms, electionTimeout:0ms
2019-10-18 14:58:58,520 [Thread-3045] INFO  impl.RoleInfo (RoleInfo.java:shutdownFollowerState(121)) - 327657b1-60f8-49f2-b2a3-f63e1f934942: shutdown FollowerState
2019-10-18 14:58:58,521 [Thread-3045] INFO  impl.RaftServerImpl (RaftServerImpl.java:setRole(184)) - 327657b1-60f8-49f2-b2a3-f63e1f934942@group-58A987F56150: changes role from  FOLLOWER to CANDIDATE at term 468 for changeToCandidate
2019-10-18 14:58:58,521 [Thread-3045] INFO  impl.RoleInfo (RoleInfo.java:updateAndGet(143)) - 327657b1-60f8-49f2-b2a3-f63e1f934942: start LeaderElection
2019-10-18 14:58:58,529 [327657b1-60f8-49f2-b2a3-f63e1f934942@group-58A987F56150-LeaderElection408] INFO  impl.LeaderElection (LeaderElection.java:askForVotes(178)) - 327657b1-60f8-49f2-b2a3-f63e1f934942@group-58A987F56150-LeaderElection408: begin an election at term 469 for -1: [6605b8a5-570b-4977-9ee7-6aaf3012bed5:192.168.164.233:35223, 327657b1-60f8-49f2-b2a3-f63e1f934942:192.168.164.233:41966, ddd4789c-894d-475a-bbfb-f6e7aa670c92:192.168.164.233:41061], old=null
2019-10-18 14:58:58,531 [grpc-default-executor-3] INFO  impl.RaftServerImpl (RaftServerImpl.java:setRole(184)) - 6605b8a5-570b-4977-9ee7-6aaf3012bed5@group-58A987F56150: changes role from  FOLLOWER to FOLLOWER at term 469 for recognizeCandidate:327657b1-60f8-49f2-b2a3-f63e1f934942
2019-10-18 14:58:58,531 [grpc-default-executor-3] INFO  impl.RoleInfo (RoleInfo.java:shutdownFollowerState(121)) - 6605b8a5-570b-4977-9ee7-6aaf3012bed5: shutdown FollowerState
2019-10-18 14:58:58,531 [grpc-default-executor-3] INFO  impl.RoleInfo (RoleInfo.java:updateAndGet(143)) - 6605b8a5-570b-4977-9ee7-6aaf3012bed5: start FollowerState
2019-10-18 14:58:58,531 [Thread-3043] INFO  impl.FollowerState (FollowerState.java:run(117)) - 6605b8a5-570b-4977-9ee7-6aaf3012bed5@group-58A987F56150-FollowerState was interrupted: java.lang.InterruptedException: sleep interrupted
2019-10-18 14:58:58,532 [grpc-default-executor-0] INFO  impl.RaftServerImpl (RaftServerImpl.java:setRole(184)) - ddd4789c-894d-475a-bbfb-f6e7aa670c92@group-58A987F56150: changes role from  FOLLOWER to FOLLOWER at term 469 for recognizeCandidate:327657b1-60f8-49f2-b2a3-f63e1f934942
2019-10-18 14:58:58,532 [grpc-default-executor-0] INFO  impl.RoleInfo (RoleInfo.java:shutdownFollowerState(121)) - ddd4789c-894d-475a-bbfb-f6e7aa670c92: shutdown FollowerState
2019-10-18 14:58:58,532 [grpc-default-executor-0] INFO  impl.RoleInfo (RoleInfo.java:updateAndGet(143)) - ddd4789c-894d-475a-bbfb-f6e7aa670c92: start FollowerState
2019-10-18 14:58:58,532 [Thread-3044] INFO  impl.FollowerState (FollowerState.java:run(117)) - ddd4789c-894d-475a-bbfb-f6e7aa670c92@group-58A987F56150-FollowerState was interrupted: java.lang.InterruptedException: sleep interrupted
2019-10-18 14:58:58,545 [327657b1-60f8-49f2-b2a3-f63e1f934942@group-58A987F56150-LeaderElection408] INFO  impl.LeaderElection (LeaderElection.java:logAndReturn(56)) - 327657b1-60f8-49f2-b2a3-f63e1f934942@group-58A987F56150-LeaderElection408: Election REJECTED; received 2 response(s) [327657b1-60f8-49f2-b2a3-f63e1f934942<-6605b8a5-570b-4977-9ee7-6aaf3012bed5#0:FAIL-t469, 327657b1-60f8-49f2-b2a3-f63e1f934942<-ddd4789c-894d-475a-bbfb-f6e7aa670c92#0:FAIL-t469] and 0 exception(s); 327657b1-60f8-49f2-b2a3-f63e1f934942@group-58A987F56150:t469, leader=null, voted=327657b1-60f8-49f2-b2a3-f63e1f934942, raftlog=327657b1-60f8-49f2-b2a3-f63e1f934942@group-58A987F56150-SegmentedRaftLog:OPENED:c-1,f-1,i0, conf=-1: [6605b8a5-570b-4977-9ee7-6aaf3012bed5:192.168.164.233:35223, 327657b1-60f8-49f2-b2a3-f63e1f934942:192.168.164.233:41966, ddd4789c-894d-475a-bbfb-f6e7aa670c92:192.168.164.233:41061], old=null
2019-10-18 14:58:58,546 [327657b1-60f8-49f2-b2a3-f63e1f934942@group-58A987F56150-LeaderElection408] INFO  impl.RaftServerImpl (RaftServerImpl.java:setRole(184)) - 327657b1-60f8-49f2-b2a3-f63e1f934942@group-58A987F56150: changes role from CANDIDATE to FOLLOWER at term 469 for DISCOVERED_A_NEW_TERM
2019-10-18 14:58:58,546 [327657b1-60f8-49f2-b2a3-f63e1f934942@group-58A987F56150-LeaderElection408] INFO  impl.RoleInfo (RoleInfo.java:shutdownLeaderElection(134)) - 327657b1-60f8-49f2-b2a3-f63e1f934942: shutdown LeaderElection
2019-10-18 14:58:58,546 [327657b1-60f8-49f2-b2a3-f63e1f934942@group-58A987F56150-LeaderElection408] INFO  impl.RoleInfo (RoleInfo.java:updateAndGet(143)) - 327657b1-60f8-49f2-b2a3-f63e1f934942: start FollowerState
2019-10-18 14:58:58,711 [Thread-3051] INFO  impl.FollowerState (FollowerState.java:run(108)) - 327657b1-60f8-49f2-b2a3-f63e1f934942@group-58A987F56150-FollowerState: change to CANDIDATE, lastRpcTime:165ms, electionTimeout:165ms
2019-10-18 14:58:58,711 [Thread-3051] INFO  impl.RoleInfo (RoleInfo.java:shutdownFollowerState(121)) - 327657b1-60f8-49f2-b2a3-f63e1f934942: shutdown FollowerState
2019-10-18 14:58:58,711 [Thread-3051] INFO  impl.RaftServerImpl (RaftServerImpl.java:setRole(184)) - 327657b1-60f8-49f2-b2a3-f63e1f934942@group-58A987F56150: changes role from  FOLLOWER to CANDIDATE at term 469 for changeToCandidate
2019-10-18 14:58:58,712 [Thread-3051] INFO  impl.RoleInfo (RoleInfo.java:updateAndGet(143)) - 327657b1-60f8-49f2-b2a3-f63e1f934942: start LeaderElection
2019-10-18 14:58:58,725 [327657b1-60f8-49f2-b2a3-f63e1f934942@group-58A987F56150-LeaderElection409] INFO  impl.LeaderElection (LeaderElection.java:askForVotes(178)) - 327657b1-60f8-49f2-b2a3-f63e1f934942@group-58A987F56150-LeaderElection409: begin an election at term 470 for -1: [6605b8a5-570b-4977-9ee7-6aaf3012bed5:192.168.164.233:35223, 327657b1-60f8-49f2-b2a3-f63e1f934942:192.168.164.233:41966, ddd4789c-894d-475a-bbfb-f6e7aa670c92:192.168.164.233:41061], old=null
2019-10-18 14:58:58,727 [grpc-default-executor-0] INFO  impl.RaftServerImpl (RaftServerImpl.java:setRole(184)) - 6605b8a5-570b-4977-9ee7-6aaf3012bed5@group-58A987F56150: changes role from  FOLLOWER to FOLLOWER at term 470 for recognizeCandidate:327657b1-60f8-49f2-b2a3-f63e1f934942
2019-10-18 14:58:58,728 [grpc-default-executor-0] INFO  impl.RoleInfo (RoleInfo.java:shutdownFollowerState(121)) - 6605b8a5-570b-4977-9ee7-6aaf3012bed5: shutdown FollowerState
2019-10-18 14:58:58,728 [grpc-default-executor-3] INFO  impl.RaftServerImpl (RaftServerImpl.java:setRole(184)) - ddd4789c-894d-475a-bbfb-f6e7aa670c92@group-58A987F56150: changes role from  FOLLOWER to FOLLOWER at term 470 for recognizeCandidate:327657b1-60f8-49f2-b2a3-f63e1f934942
2019-10-18 14:58:58,728 [grpc-default-executor-3] INFO  impl.RoleInfo (RoleInfo.java:shutdownFollowerState(121)) - ddd4789c-894d-475a-bbfb-f6e7aa670c92: shutdown FollowerState
2019-10-18 14:58:58,728 [Thread-3049] INFO  impl.FollowerState (FollowerState.java:run(117)) - 6605b8a5-570b-4977-9ee7-6aaf3012bed5@group-58A987F56150-FollowerState was interrupted: java.lang.InterruptedException: sleep interrupted
2019-10-18 14:58:58,728 [grpc-default-executor-0] INFO  impl.RoleInfo (RoleInfo.java:updateAndGet(143)) - 6605b8a5-570b-4977-9ee7-6aaf3012bed5: start FollowerState
2019-10-18 14:58:58,728 [Thread-3050] INFO  impl.FollowerState (FollowerState.java:run(117)) - ddd4789c-894d-475a-bbfb-f6e7aa670c92@group-58A987F56150-FollowerState was interrupted: java.lang.InterruptedException: sleep interrupted
2019-10-18 14:58:58,728 [grpc-default-executor-3] INFO  impl.RoleInfo (RoleInfo.java:updateAndGet(143)) - ddd4789c-894d-475a-bbfb-f6e7aa670c92: start FollowerState
2019-10-18 14:58:58,762 [327657b1-60f8-49f2-b2a3-f63e1f934942@group-58A987F56150-LeaderElection409] INFO  impl.LeaderElection (LeaderElection.java:logAndReturn(56)) - 327657b1-60f8-49f2-b2a3-f63e1f934942@group-58A987F56150-LeaderElection409: Election REJECTED; received 2 response(s) [327657b1-60f8-49f2-b2a3-f63e1f934942<-6605b8a5-570b-4977-9ee7-6aaf3012bed5#0:FAIL-t470, 327657b1-60f8-49f2-b2a3-f63e1f934942<-ddd4789c-894d-475a-bbfb-f6e7aa670c92#0:FAIL-t470] and 0 exception(s); 327657b1-60f8-49f2-b2a3-f63e1f934942@group-58A987F56150:t470, leader=null, voted=327657b1-60f8-49f2-b2a3-f63e1f934942, raftlog=327657b1-60f8-49f2-b2a3-f63e1f934942@group-58A987F56150-SegmentedRaftLog:OPENED:c-1,f-1,i0, conf=-1: [6605b8a5-570b-4977-9ee7-6aaf3012bed5:192.168.164.233:35223, 327657b1-60f8-49f2-b2a3-f63e1f934942:192.168.164.233:41966, ddd4789c-894d-475a-bbfb-f6e7aa670c92:192.168.164.233:41061], old=null
2019-10-18 14:58:58,762 [327657b1-60f8-49f2-b2a3-f63e1f934942@group-58A987F56150-LeaderElection409] INFO  impl.RaftServerImpl (RaftServerImpl.java:setRole(184)) - 327657b1-60f8-49f2-b2a3-f63e1f934942@group-58A987F56150: changes role from CANDIDATE to FOLLOWER at term 470 for DISCOVERED_A_NEW_TERM
2019-10-18 14:58:58,763 [327657b1-60f8-49f2-b2a3-f63e1f934942@group-58A987F56150-LeaderElection409] INFO  impl.RoleInfo (RoleInfo.java:shutdownLeaderElection(134)) - 327657b1-60f8-49f2-b2a3-f63e1f934942: shutdown LeaderElection
2019-10-18 14:58:58,763 [327657b1-60f8-49f2-b2a3-f63e1f934942@group-58A987F56150-LeaderElection409] INFO  impl.RoleInfo (RoleInfo.java:updateAndGet(143)) - 327657b1-60f8-49f2-b2a3-f63e1f934942: start FollowerState
2019-10-18 14:58:58,813 [Thread-3057] INFO  impl.FollowerState (FollowerState.java:run(108)) - 327657b1-60f8-49f2-b2a3-f63e1f934942@group-58A987F56150-FollowerState: change to CANDIDATE, lastRpcTime:50ms, electionTimeout:50ms
2019-10-18 14:58:58,813 [Thread-3057] INFO  impl.RoleInfo (RoleInfo.java:shutdownFollowerState(121)) - 327657b1-60f8-49f2-b2a3-f63e1f934942: shutdown FollowerState
2019-10-18 14:58:58,813 [Thread-3057] INFO  impl.RaftServerImpl (RaftServerImpl.java:setRole(184)) - 327657b1-60f8-49f2-b2a3-f63e1f934942@group-58A987F56150: changes role from  FOLLOWER to CANDIDATE at term 470 for changeToCandidate
2019-10-18 14:58:58,813 [Thread-3057] INFO  impl.RoleInfo (RoleInfo.java:updateAndGet(143)) - 327657b1-60f8-49f2-b2a3-f63e1f934942: start LeaderElection
2019-10-18 14:58:58,836 [327657b1-60f8-49f2-b2a3-f63e1f934942@group-58A987F56150-LeaderElection410] INFO  impl.LeaderElection (LeaderElection.java:askForVotes(178)) - 327657b1-60f8-49f2-b2a3-f63e1f934942@group-58A987F56150-LeaderElection410: begin an election at term 471 for -1: [6605b8a5-570b-4977-9ee7-6aaf3012bed5:192.168.164.233:35223, 327657b1-60f8-49f2-b2a3-f63e1f934942:192.168.164.233:41966, ddd4789c-894d-475a-bbfb-f6e7aa670c92:192.168.164.233:41061], old=null
2019-10-18 14:58:58,839 [grpc-default-executor-3] INFO  impl.RaftServerImpl (RaftServerImpl.java:setRole(184)) - 6605b8a5-570b-4977-9ee7-6aaf3012bed5@group-58A987F56150: changes role from  FOLLOWER to FOLLOWER at term 471 for recognizeCandidate:327657b1-60f8-49f2-b2a3-f63e1f934942
2019-10-18 14:58:58,839 [grpc-default-executor-3] INFO  impl.RoleInfo (RoleInfo.java:shutdownFollowerState(121)) - 6605b8a5-570b-4977-9ee7-6aaf3012bed5: shutdown FollowerState
2019-10-18 14:58:58,839 [grpc-default-executor-0] INFO  impl.RaftServerImpl (RaftServerImpl.java:setRole(184)) - ddd4789c-894d-475a-bbfb-f6e7aa670c92@group-58A987F56150: changes role from  FOLLOWER to FOLLOWER at term 471 for recognizeCandidate:327657b1-60f8-49f2-b2a3-f63e1f934942
2019-10-18 14:58:58,839 [Thread-3055] INFO  impl.FollowerState (FollowerState.java:run(117)) - 6605b8a5-570b-4977-9ee7-6aaf3012bed5@group-58A987F56150-FollowerState was interrupted: java.lang.InterruptedException: sleep interrupted
2019-10-18 14:58:58,839 [grpc-default-executor-3] INFO  impl.RoleInfo (RoleInfo.java:updateAndGet(143)) - 6605b8a5-570b-4977-9ee7-6aaf3012bed5: start FollowerState
2019-10-18 14:58:58,839 [grpc-default-executor-0] INFO  impl.RoleInfo (RoleInfo.java:shutdownFollowerState(121)) - ddd4789c-894d-475a-bbfb-f6e7aa670c92: shutdown FollowerState
2019-10-18 14:58:58,840 [grpc-default-executor-0] INFO  impl.RoleInfo (RoleInfo.java:updateAndGet(143)) - ddd4789c-894d-475a-bbfb-f6e7aa670c92: start FollowerState
2019-10-18 14:58:58,840 [Thread-3056] INFO  impl.FollowerState (FollowerState.java:run(117)) - ddd4789c-894d-475a-bbfb-f6e7aa670c92@group-58A987F56150-FollowerState was interrupted: java.lang.InterruptedException: sleep interrupted
2019-10-18 14:58:58,865 [327657b1-60f8-49f2-b2a3-f63e1f934942@group-58A987F56150-LeaderElection410] INFO  impl.LeaderElection (LeaderElection.java:logAndReturn(56)) - 327657b1-60f8-49f2-b2a3-f63e1f934942@group-58A987F56150-LeaderElection410: Election REJECTED; received 2 response(s) [327657b1-60f8-49f2-b2a3-f63e1f934942<-6605b8a5-570b-4977-9ee7-6aaf3012bed5#0:FAIL-t471, 327657b1-60f8-49f2-b2a3-f63e1f934942<-ddd4789c-894d-475a-bbfb-f6e7aa670c92#0:FAIL-t471] and 0 exception(s); 327657b1-60f8-49f2-b2a3-f63e1f934942@group-58A987F56150:t471, leader=null, voted=327657b1-60f8-49f2-b2a3-f63e1f934942, raftlog=327657b1-60f8-49f2-b2a3-f63e1f934942@group-58A987F56150-SegmentedRaftLog:OPENED:c-1,f-1,i0, conf=-1: [6605b8a5-570b-4977-9ee7-6aaf3012bed5:192.168.164.233:35223, 327657b1-60f8-49f2-b2a3-f63e1f934942:192.168.164.233:41966, ddd4789c-894d-475a-bbfb-f6e7aa670c92:192.168.164.233:41061], old=null
2019-10-18 14:58:58,866 [327657b1-60f8-49f2-b2a3-f63e1f934942@group-58A987F56150-LeaderElection410] INFO  impl.RaftServerImpl (RaftServerImpl.java:setRole(184)) - 327657b1-60f8-49f2-b2a3-f63e1f934942@group-58A987F56150: changes role from CANDIDATE to FOLLOWER at term 471 for DISCOVERED_A_NEW_TERM
2019-10-18 14:58:58,866 [327657b1-60f8-49f2-b2a3-f63e1f934942@group-58A987F56150-LeaderElection410] INFO  impl.RoleInfo (RoleInfo.java:shutdownLeaderElection(134)) - 327657b1-60f8-49f2-b2a3-f63e1f934942: shutdown LeaderElection
2019-10-18 14:58:58,866 [327657b1-60f8-49f2-b2a3-f63e1f934942@group-58A987F56150-LeaderElection410] INFO  impl.RoleInfo (RoleInfo.java:updateAndGet(143)) - 327657b1-60f8-49f2-b2a3-f63e1f934942: start FollowerState
2019-10-18 14:58:58,896 [Thread-3063] INFO  impl.FollowerState (FollowerState.java:run(108)) - 327657b1-60f8-49f2-b2a3-f63e1f934942@group-58A987F56150-FollowerState: change to CANDIDATE, lastRpcTime:30ms, electionTimeout:30ms
2019-10-18 14:58:58,896 [Thread-3063] INFO  impl.RoleInfo (RoleInfo.java:shutdownFollowerState(121)) - 327657b1-60f8-49f2-b2a3-f63e1f934942: shutdown FollowerState
2019-10-18 14:58:58,897 [Thread-3063] INFO  impl.RaftServerImpl (RaftServerImpl.java:setRole(184)) - 327657b1-60f8-49f2-b2a3-f63e1f934942@group-58A987F56150: changes role from  FOLLOWER to CANDIDATE at term 471 for changeToCandidate
2019-10-18 14:58:58,897 [Thread-3063] INFO  impl.RoleInfo (RoleInfo.java:updateAndGet(143)) - 327657b1-60f8-49f2-b2a3-f63e1f934942: start LeaderElection
2019-10-18 14:58:58,910 [327657b1-60f8-49f2-b2a3-f63e1f934942@group-58A987F56150-LeaderElection411] INFO  impl.LeaderElection (LeaderElection.java:askForVotes(178)) - 327657b1-60f8-49f2-b2a3-f63e1f934942@group-58A987F56150-LeaderElection411: begin an election at term 472 for -1: [6605b8a5-570b-4977-9ee7-6aaf3012bed5:192.168.164.233:35223, 327657b1-60f8-49f2-b2a3-f63e1f934942:192.168.164.233:41966, ddd4789c-894d-475a-bbfb-f6e7aa670c92:192.168.164.233:41061], old=null
2019-10-18 14:58:58,912 [grpc-default-executor-3] INFO  impl.RaftServerImpl (RaftServerImpl.java:setRole(184)) - 6605b8a5-570b-4977-9ee7-6aaf3012bed5@group-58A987F56150: changes role from  FOLLOWER to FOLLOWER at term 472 for recognizeCandidate:327657b1-60f8-49f2-b2a3-f63e1f934942
2019-10-18 14:58:58,912 [grpc-default-executor-3] INFO  impl.RoleInfo (RoleInfo.java:shutdownFollowerState(121)) - 6605b8a5-570b-4977-9ee7-6aaf3012bed5: shutdown FollowerState
2019-10-18 14:58:58,913 [grpc-default-executor-0] INFO  impl.RaftServerImpl (RaftServerImpl.java:setRole(184)) - ddd4789c-894d-475a-bbfb-f6e7aa670c92@group-58A987F56150: changes role from  FOLLOWER to FOLLOWER at term 472 for recognizeCandidate:327657b1-60f8-49f2-b2a3-f63e1f934942
2019-10-18 14:58:58,913 [grpc-default-executor-0] INFO  impl.RoleInfo (RoleInfo.java:shutdownFollowerState(121)) - ddd4789c-894d-475a-bbfb-f6e7aa670c92: shutdown FollowerState
2019-10-18 14:58:58,913 [Thread-3061] INFO  impl.FollowerState (FollowerState.java:run(117)) - 6605b8a5-570b-4977-9ee7-6aaf3012bed5@group-58A987F56150-FollowerState was interrupted: java.lang.InterruptedException: sleep interrupted
2019-10-18 14:58:58,913 [grpc-default-executor-3] INFO  impl.RoleInfo (RoleInfo.java:updateAndGet(143)) - 6605b8a5-570b-4977-9ee7-6aaf3012bed5: start FollowerState
2019-10-18 14:58:58,913 [Thread-3062] INFO  impl.FollowerState (FollowerState.java:run(117)) - ddd4789c-894d-475a-bbfb-f6e7aa670c92@group-58A987F56150-FollowerState was interrupted: java.lang.InterruptedException: sleep interrupted
2019-10-18 14:58:58,913 [grpc-default-executor-0] INFO  impl.RoleInfo (RoleInfo.java:updateAndGet(143)) - ddd4789c-894d-475a-bbfb-f6e7aa670c92: start FollowerState
2019-10-18 14:58:58,934 [327657b1-60f8-49f2-b2a3-f63e1f934942@group-58A987F56150-LeaderElection411] INFO  impl.LeaderElection (LeaderElection.java:logAndReturn(56)) - 327657b1-60f8-49f2-b2a3-f63e1f934942@group-58A987F56150-LeaderElection411: Election TIMEOUT; received 0 response(s) [] and 0 exception(s); 327657b1-60f8-49f2-b2a3-f63e1f934942@group-58A987F56150:t472, leader=null, voted=327657b1-60f8-49f2-b2a3-f63e1f934942, raftlog=327657b1-60f8-49f2-b2a3-f63e1f934942@group-58A987F56150-SegmentedRaftLog:OPENED:c-1,f-1,i0, conf=-1: [6605b8a5-570b-4977-9ee7-6aaf3012bed5:192.168.164.233:35223, 327657b1-60f8-49f2-b2a3-f63e1f934942:192.168.164.233:41966, ddd4789c-894d-475a-bbfb-f6e7aa670c92:192.168.164.233:41061], old=null
2019-10-18 14:58:58,941 [327657b1-60f8-49f2-b2a3-f63e1f934942@group-58A987F56150-LeaderElection411] INFO  impl.LeaderElection (LeaderElection.java:askForVotes(178)) - 327657b1-60f8-49f2-b2a3-f63e1f934942@group-58A987F56150-LeaderElection411: begin an election at term 473 for -1: [6605b8a5-570b-4977-9ee7-6aaf3012bed5:192.168.164.233:35223, 327657b1-60f8-49f2-b2a3-f63e1f934942:192.168.164.233:41966, ddd4789c-894d-475a-bbfb-f6e7aa670c92:192.168.164.233:41061], old=null
2019-10-18 14:58:58,943 [grpc-default-executor-3] INFO  impl.RaftServerImpl (RaftServerImpl.java:setRole(184)) - 6605b8a5-570b-4977-9ee7-6aaf3012bed5@group-58A987F56150: changes role from  FOLLOWER to FOLLOWER at term 473 for recognizeCandidate:327657b1-60f8-49f2-b2a3-f63e1f934942
2019-10-18 14:58:58,943 [grpc-default-executor-3] INFO  impl.RoleInfo (RoleInfo.java:shutdownFollowerState(121)) - 6605b8a5-570b-4977-9ee7-6aaf3012bed5: shutdown FollowerState
2019-10-18 14:58:58,943 [grpc-default-executor-0] INFO  impl.RaftServerImpl (RaftServerImpl.java:setRole(184)) - ddd4789c-894d-475a-bbfb-f6e7aa670c92@group-58A987F56150: changes role from  FOLLOWER to FOLLOWER at term 473 for recognizeCandidate:327657b1-60f8-49f2-b2a3-f63e1f934942
2019-10-18 14:58:58,943 [grpc-default-executor-0] INFO  impl.RoleInfo (RoleInfo.java:shutdownFollowerState(121)) - ddd4789c-894d-475a-bbfb-f6e7aa670c92: shutdown FollowerState
2019-10-18 14:58:58,943 [Thread-3067] INFO  impl.FollowerState (FollowerState.java:run(117)) - 6605b8a5-570b-4977-9ee7-6aaf3012bed5@group-58A987F56150-FollowerState was interrupted: java.lang.InterruptedException: sleep interrupted
2019-10-18 14:58:58,943 [grpc-default-executor-3] INFO  impl.RoleInfo (RoleInfo.java:updateAndGet(143)) - 6605b8a5-570b-4977-9ee7-6aaf3012bed5: start FollowerState
2019-10-18 14:58:58,943 [Thread-3068] INFO  impl.FollowerState (FollowerState.java:run(117)) - ddd4789c-894d-475a-bbfb-f6e7aa670c92@group-58A987F56150-FollowerState was interrupted: java.lang.InterruptedException: sleep interrupted
2019-10-18 14:58:58,943 [grpc-default-executor-0] INFO  impl.RoleInfo (RoleInfo.java:updateAndGet(143)) - ddd4789c-894d-475a-bbfb-f6e7aa670c92: start FollowerState
2019-10-18 14:58:58,957 [327657b1-60f8-49f2-b2a3-f63e1f934942@group-58A987F56150-LeaderElection411] INFO  impl.LeaderElection (LeaderElection.java:logAndReturn(56)) - 327657b1-60f8-49f2-b2a3-f63e1f934942@group-58A987F56150-LeaderElection411: Election REJECTED; received 2 response(s) [327657b1-60f8-49f2-b2a3-f63e1f934942<-6605b8a5-570b-4977-9ee7-6aaf3012bed5#0:FAIL-t473, 327657b1-60f8-49f2-b2a3-f63e1f934942<-ddd4789c-894d-475a-bbfb-f6e7aa670c92#0:FAIL-t473] and 0 exception(s); 327657b1-60f8-49f2-b2a3-f63e1f934942@group-58A987F56150:t473, leader=null, voted=327657b1-60f8-49f2-b2a3-f63e1f934942, raftlog=327657b1-60f8-49f2-b2a3-f63e1f934942@group-58A987F56150-SegmentedRaftLog:OPENED:c-1,f-1,i0, conf=-1: [6605b8a5-570b-4977-9ee7-6aaf3012bed5:192.168.164.233:35223, 327657b1-60f8-49f2-b2a3-f63e1f934942:192.168.164.233:41966, ddd4789c-894d-475a-bbfb-f6e7aa670c92:192.168.164.233:41061], old=null
2019-10-18 14:58:58,957 [327657b1-60f8-49f2-b2a3-f63e1f934942@group-58A987F56150-LeaderElection411] INFO  impl.RaftServerImpl (RaftServerImpl.java:setRole(184)) - 327657b1-60f8-49f2-b2a3-f63e1f934942@group-58A987F56150: changes role from CANDIDATE to FOLLOWER at term 473 for DISCOVERED_A_NEW_TERM
2019-10-18 14:58:58,957 [327657b1-60f8-49f2-b2a3-f63e1f934942@group-58A987F56150-LeaderElection411] INFO  impl.RoleInfo (RoleInfo.java:shutdownLeaderElection(134)) - 327657b1-60f8-49f2-b2a3-f63e1f934942: shutdown LeaderElection
2019-10-18 14:58:58,958 [327657b1-60f8-49f2-b2a3-f63e1f934942@group-58A987F56150-LeaderElection411] INFO  impl.RoleInfo (RoleInfo.java:updateAndGet(143)) - 327657b1-60f8-49f2-b2a3-f63e1f934942: start FollowerState
2019-10-18 14:58:59,045 [Thread-3073] INFO  impl.FollowerState (FollowerState.java:run(108)) - 327657b1-60f8-49f2-b2a3-f63e1f934942@group-58A987F56150-FollowerState: change to CANDIDATE, lastRpcTime:87ms, electionTimeout:87ms
2019-10-18 14:58:59,045 [Thread-3073] INFO  impl.RoleInfo (RoleInfo.java:shutdownFollowerState(121)) - 327657b1-60f8-49f2-b2a3-f63e1f934942: shutdown FollowerState
2019-10-18 14:58:59,046 [Thread-3073] INFO  impl.RaftServerImpl (RaftServerImpl.java:setRole(184)) - 327657b1-60f8-49f2-b2a3-f63e1f934942@group-58A987F56150: changes role from  FOLLOWER to CANDIDATE at term 473 for changeToCandidate
2019-10-18 14:58:59,046 [Thread-3073] INFO  impl.RoleInfo (RoleInfo.java:updateAndGet(143)) - 327657b1-60f8-49f2-b2a3-f63e1f934942: start LeaderElection
2019-10-18 14:58:59,077 [327657b1-60f8-49f2-b2a3-f63e1f934942@group-58A987F56150-LeaderElection412] INFO  impl.LeaderElection (LeaderElection.java:askForVotes(178)) - 327657b1-60f8-49f2-b2a3-f63e1f934942@group-58A987F56150-LeaderElection412: begin an election at term 474 for -1: [6605b8a5-570b-4977-9ee7-6aaf3012bed5:192.168.164.233:35223, 327657b1-60f8-49f2-b2a3-f63e1f934942:192.168.164.233:41966, ddd4789c-894d-475a-bbfb-f6e7aa670c92:192.168.164.233:41061], old=null
2019-10-18 14:58:59,078 [grpc-default-executor-0] INFO  impl.RaftServerImpl (RaftServerImpl.java:setRole(184)) - 6605b8a5-570b-4977-9ee7-6aaf3012bed5@group-58A987F56150: changes role from  FOLLOWER to FOLLOWER at term 474 for recognizeCandidate:327657b1-60f8-49f2-b2a3-f63e1f934942
2019-10-18 14:58:59,079 [grpc-default-executor-0] INFO  impl.RoleInfo (RoleInfo.java:shutdownFollowerState(121)) - 6605b8a5-570b-4977-9ee7-6aaf3012bed5: shutdown FollowerState
2019-10-18 14:58:59,079 [grpc-default-executor-3] INFO  impl.RaftServerImpl (RaftServerImpl.java:setRole(184)) - ddd4789c-894d-475a-bbfb-f6e7aa670c92@group-58A987F56150: changes role from  FOLLOWER to FOLLOWER at term 474 for recognizeCandidate:327657b1-60f8-49f2-b2a3-f63e1f934942
2019-10-18 14:58:59,079 [grpc-default-executor-3] INFO  impl.RoleInfo (RoleInfo.java:shutdownFollowerState(121)) - ddd4789c-894d-475a-bbfb-f6e7aa670c92: shutdown FollowerState
2019-10-18 14:58:59,079 [Thread-3071] INFO  impl.FollowerState (FollowerState.java:run(117)) - 6605b8a5-570b-4977-9ee7-6aaf3012bed5@group-58A987F56150-FollowerState was interrupted: java.lang.InterruptedException: sleep interrupted
2019-10-18 14:58:59,079 [grpc-default-executor-0] INFO  impl.RoleInfo (RoleInfo.java:updateAndGet(143)) - 6605b8a5-570b-4977-9ee7-6aaf3012bed5: start FollowerState
2019-10-18 14:58:59,079 [Thread-3072] INFO  impl.FollowerState (FollowerState.java:run(117)) - ddd4789c-894d-475a-bbfb-f6e7aa670c92@group-58A987F56150-FollowerState was interrupted: java.lang.InterruptedException: sleep interrupted
2019-10-18 14:58:59,079 [grpc-default-executor-3] INFO  impl.RoleInfo (RoleInfo.java:updateAndGet(143)) - ddd4789c-894d-475a-bbfb-f6e7aa670c92: start FollowerState
2019-10-18 14:58:59,105 [327657b1-60f8-49f2-b2a3-f63e1f934942@group-58A987F56150-LeaderElection412] INFO  impl.LeaderElection (LeaderElection.java:logAndReturn(56)) - 327657b1-60f8-49f2-b2a3-f63e1f934942@group-58A987F56150-LeaderElection412: Election REJECTED; received 2 response(s) [327657b1-60f8-49f2-b2a3-f63e1f934942<-6605b8a5-570b-4977-9ee7-6aaf3012bed5#0:FAIL-t474, 327657b1-60f8-49f2-b2a3-f63e1f934942<-ddd4789c-894d-475a-bbfb-f6e7aa670c92#0:FAIL-t474] and 0 exception(s); 327657b1-60f8-49f2-b2a3-f63e1f934942@group-58A987F56150:t474, leader=null, voted=327657b1-60f8-49f2-b2a3-f63e1f934942, raftlog=327657b1-60f8-49f2-b2a3-f63e1f934942@group-58A987F56150-SegmentedRaftLog:OPENED:c-1,f-1,i0, conf=-1: [6605b8a5-570b-4977-9ee7-6aaf3012bed5:192.168.164.233:35223, 327657b1-60f8-49f2-b2a3-f63e1f934942:192.168.164.233:41966, ddd4789c-894d-475a-bbfb-f6e7aa670c92:192.168.164.233:41061], old=null
2019-10-18 14:58:59,105 [327657b1-60f8-49f2-b2a3-f63e1f934942@group-58A987F56150-LeaderElection412] INFO  impl.RaftServerImpl (RaftServerImpl.java:setRole(184)) - 327657b1-60f8-49f2-b2a3-f63e1f934942@group-58A987F56150: changes role from CANDIDATE to FOLLOWER at term 474 for DISCOVERED_A_NEW_TERM
2019-10-18 14:58:59,105 [327657b1-60f8-49f2-b2a3-f63e1f934942@group-58A987F56150-LeaderElection412] INFO  impl.RoleInfo (RoleInfo.java:shutdownLeaderElection(134)) - 327657b1-60f8-49f2-b2a3-f63e1f934942: shutdown LeaderElection
2019-10-18 14:58:59,105 [327657b1-60f8-49f2-b2a3-f63e1f934942@group-58A987F56150-LeaderElection412] INFO  impl.RoleInfo (RoleInfo.java:updateAndGet(143)) - 327657b1-60f8-49f2-b2a3-f63e1f934942: start FollowerState
2019-10-18 14:58:59,296 [Thread-3079] INFO  impl.FollowerState (FollowerState.java:run(108)) - 327657b1-60f8-49f2-b2a3-f63e1f934942@group-58A987F56150-FollowerState: change to CANDIDATE, lastRpcTime:190ms, electionTimeout:190ms
2019-10-18 14:58:59,296 [Thread-3079] INFO  impl.RoleInfo (RoleInfo.java:shutdownFollowerState(121)) - 327657b1-60f8-49f2-b2a3-f63e1f934942: shutdown FollowerState
2019-10-18 14:58:59,296 [Thread-3079] INFO  impl.RaftServerImpl (RaftServerImpl.java:setRole(184)) - 327657b1-60f8-49f2-b2a3-f63e1f934942@group-58A987F56150: changes role from  FOLLOWER to CANDIDATE at term 474 for changeToCandidate
2019-10-18 14:58:59,296 [Thread-3079] INFO  impl.RoleInfo (RoleInfo.java:updateAndGet(143)) - 327657b1-60f8-49f2-b2a3-f63e1f934942: start LeaderElection
2019-10-18 14:58:59,309 [327657b1-60f8-49f2-b2a3-f63e1f934942@group-58A987F56150-LeaderElection413] INFO  impl.LeaderElection (LeaderElection.java:askForVotes(178)) - 327657b1-60f8-49f2-b2a3-f63e1f934942@group-58A987F56150-LeaderElection413: begin an election at term 475 for -1: [6605b8a5-570b-4977-9ee7-6aaf3012bed5:192.168.164.233:35223, 327657b1-60f8-49f2-b2a3-f63e1f934942:192.168.164.233:41966, ddd4789c-894d-475a-bbfb-f6e7aa670c92:192.168.164.233:41061], old=null
2019-10-18 14:58:59,311 [grpc-default-executor-3] INFO  impl.RaftServerImpl (RaftServerImpl.java:setRole(184)) - 6605b8a5-570b-4977-9ee7-6aaf3012bed5@group-58A987F56150: changes role from  FOLLOWER to FOLLOWER at term 475 for recognizeCandidate:327657b1-60f8-49f2-b2a3-f63e1f934942
2019-10-18 14:58:59,311 [grpc-default-executor-3] INFO  impl.RoleInfo (RoleInfo.java:shutdownFollowerState(121)) - 6605b8a5-570b-4977-9ee7-6aaf3012bed5: shutdown FollowerState
2019-10-18 14:58:59,311 [grpc-default-executor-3] INFO  impl.RoleInfo (RoleInfo.java:updateAndGet(143)) - 6605b8a5-570b-4977-9ee7-6aaf3012bed5: start FollowerState
2019-10-18 14:58:59,311 [Thread-3077] INFO  impl.FollowerState (FollowerState.java:run(117)) - 6605b8a5-570b-4977-9ee7-6aaf3012bed5@group-58A987F56150-FollowerState was interrupted: java.lang.InterruptedException: sleep interrupted
2019-10-18 14:58:59,311 [grpc-default-executor-0] INFO  impl.RaftServerImpl (RaftServerImpl.java:setRole(184)) - ddd4789c-894d-475a-bbfb-f6e7aa670c92@group-58A987F56150: changes role from  FOLLOWER to FOLLOWER at term 475 for recognizeCandidate:327657b1-60f8-49f2-b2a3-f63e1f934942
2019-10-18 14:58:59,312 [grpc-default-executor-0] INFO  impl.RoleInfo (RoleInfo.java:shutdownFollowerState(121)) - ddd4789c-894d-475a-bbfb-f6e7aa670c92: shutdown FollowerState
2019-10-18 14:58:59,312 [grpc-default-executor-0] INFO  impl.RoleInfo (RoleInfo.java:updateAndGet(143)) - ddd4789c-894d-475a-bbfb-f6e7aa670c92: start FollowerState
2019-10-18 14:58:59,312 [Thread-3078] INFO  impl.FollowerState (FollowerState.java:run(117)) - ddd4789c-894d-475a-bbfb-f6e7aa670c92@group-58A987F56150-FollowerState was interrupted: java.lang.InterruptedException: sleep interrupted
2019-10-18 14:58:59,356 [327657b1-60f8-49f2-b2a3-f63e1f934942@group-58A987F56150-LeaderElection413] INFO  impl.LeaderElection (LeaderElection.java:logAndReturn(56)) - 327657b1-60f8-49f2-b2a3-f63e1f934942@group-58A987F56150-LeaderElection413: Election REJECTED; received 2 response(s) [327657b1-60f8-49f2-b2a3-f63e1f934942<-6605b8a5-570b-4977-9ee7-6aaf3012bed5#0:FAIL-t475, 327657b1-60f8-49f2-b2a3-f63e1f934942<-ddd4789c-894d-475a-bbfb-f6e7aa670c92#0:FAIL-t475] and 0 exception(s); 327657b1-60f8-49f2-b2a3-f63e1f934942@group-58A987F56150:t475, leader=null, voted=327657b1-60f8-49f2-b2a3-f63e1f934942, raftlog=327657b1-60f8-49f2-b2a3-f63e1f934942@group-58A987F56150-SegmentedRaftLog:OPENED:c-1,f-1,i0, conf=-1: [6605b8a5-570b-4977-9ee7-6aaf3012bed5:192.168.164.233:35223, 327657b1-60f8-49f2-b2a3-f63e1f934942:192.168.164.233:41966, ddd4789c-894d-475a-bbfb-f6e7aa670c92:192.168.164.233:41061], old=null
2019-10-18 14:58:59,356 [327657b1-60f8-49f2-b2a3-f63e1f934942@group-58A987F56150-LeaderElection413] INFO  impl.RaftServerImpl (RaftServerImpl.java:setRole(184)) - 327657b1-60f8-49f2-b2a3-f63e1f934942@group-58A987F56150: changes role from CANDIDATE to FOLLOWER at term 475 for DISCOVERED_A_NEW_TERM
2019-10-18 14:58:59,356 [327657b1-60f8-49f2-b2a3-f63e1f934942@group-58A987F56150-LeaderElection413] INFO  impl.RoleInfo (RoleInfo.java:shutdownLeaderElection(134)) - 327657b1-60f8-49f2-b2a3-f63e1f934942: shutdown LeaderElection
2019-10-18 14:58:59,356 [327657b1-60f8-49f2-b2a3-f63e1f934942@group-58A987F56150-LeaderElection413] INFO  impl.RoleInfo (RoleInfo.java:updateAndGet(143)) - 327657b1-60f8-49f2-b2a3-f63e1f934942: start FollowerState
2019-10-18 14:58:59,541 [Thread-3087] INFO  impl.FollowerState (FollowerState.java:run(108)) - 327657b1-60f8-49f2-b2a3-f63e1f934942@group-58A987F56150-FollowerState: change to CANDIDATE, lastRpcTime:184ms, electionTimeout:184ms
2019-10-18 14:58:59,541 [Thread-3087] INFO  impl.RoleInfo (RoleInfo.java:shutdownFollowerState(121)) - 327657b1-60f8-49f2-b2a3-f63e1f934942: shutdown FollowerState
2019-10-18 14:58:59,541 [Thread-3087] INFO  impl.RaftServerImpl (RaftServerImpl.java:setRole(184)) - 327657b1-60f8-49f2-b2a3-f63e1f934942@group-58A987F56150: changes role from  FOLLOWER to CANDIDATE at term 475 for changeToCandidate
2019-10-18 14:58:59,541 [Thread-3087] INFO  impl.RoleInfo (RoleInfo.java:updateAndGet(143)) - 327657b1-60f8-49f2-b2a3-f63e1f934942: start LeaderElection
2019-10-18 14:58:59,554 [327657b1-60f8-49f2-b2a3-f63e1f934942@group-58A987F56150-LeaderElection414] INFO  impl.LeaderElection (LeaderElection.java:askForVotes(178)) - 327657b1-60f8-49f2-b2a3-f63e1f934942@group-58A987F56150-LeaderElection414: begin an election at term 476 for -1: [6605b8a5-570b-4977-9ee7-6aaf3012bed5:192.168.164.233:35223, 327657b1-60f8-49f2-b2a3-f63e1f934942:192.168.164.233:41966, ddd4789c-894d-475a-bbfb-f6e7aa670c92:192.168.164.233:41061], old=null
2019-10-18 14:58:59,556 [grpc-default-executor-3] INFO  impl.RaftServerImpl (RaftServerImpl.java:setRole(184)) - 6605b8a5-570b-4977-9ee7-6aaf3012bed5@group-58A987F56150: changes role from  FOLLOWER to FOLLOWER at term 476 for recognizeCandidate:327657b1-60f8-49f2-b2a3-f63e1f934942
2019-10-18 14:58:59,556 [grpc-default-executor-0] INFO  impl.RaftServerImpl (RaftServerImpl.java:setRole(184)) - ddd4789c-894d-475a-bbfb-f6e7aa670c92@group-58A987F56150: changes role from  FOLLOWER to FOLLOWER at term 476 for recognizeCandidate:327657b1-60f8-49f2-b2a3-f63e1f934942
2019-10-18 14:58:59,557 [grpc-default-executor-0] INFO  impl.RoleInfo (RoleInfo.java:shutdownFollowerState(121)) - ddd4789c-894d-475a-bbfb-f6e7aa670c92: shutdown FollowerState
2019-10-18 14:58:59,556 [grpc-default-executor-3] INFO  impl.RoleInfo (RoleInfo.java:shutdownFollowerState(121)) - 6605b8a5-570b-4977-9ee7-6aaf3012bed5: shutdown FollowerState
2019-10-18 14:58:59,557 [Thread-3086] INFO  impl.FollowerState (FollowerState.java:run(117)) - ddd4789c-894d-475a-bbfb-f6e7aa670c92@group-58A987F56150-FollowerState was interrupted: java.lang.InterruptedException: sleep interrupted
2019-10-18 14:58:59,557 [Thread-3085] INFO  impl.FollowerState (FollowerState.java:run(117)) - 6605b8a5-570b-4977-9ee7-6aaf3012bed5@group-58A987F56150-FollowerState was interrupted: java.lang.InterruptedException: sleep interrupted
2019-10-18 14:58:59,557 [grpc-default-executor-0] INFO  impl.RoleInfo (RoleInfo.java:updateAndGet(143)) - ddd4789c-894d-475a-bbfb-f6e7aa670c92: start FollowerState
2019-10-18 14:58:59,557 [grpc-default-executor-3] INFO  impl.RoleInfo (RoleInfo.java:updateAndGet(143)) - 6605b8a5-570b-4977-9ee7-6aaf3012bed5: start FollowerState
2019-10-18 14:58:59,583 [327657b1-60f8-49f2-b2a3-f63e1f934942@group-58A987F56150-LeaderElection414] INFO  impl.LeaderElection (LeaderElection.java:logAndReturn(56)) - 327657b1-60f8-49f2-b2a3-f63e1f934942@group-58A987F56150-LeaderElection414: Election REJECTED; received 2 response(s) [327657b1-60f8-49f2-b2a3-f63e1f934942<-6605b8a5-570b-4977-9ee7-6aaf3012bed5#0:FAIL-t476, 327657b1-60f8-49f2-b2a3-f63e1f934942<-ddd4789c-894d-475a-bbfb-f6e7aa670c92#0:FAIL-t476] and 0 exception(s); 327657b1-60f8-49f2-b2a3-f63e1f934942@group-58A987F56150:t476, leader=null, voted=327657b1-60f8-49f2-b2a3-f63e1f934942, raftlog=327657b1-60f8-49f2-b2a3-f63e1f934942@group-58A987F56150-SegmentedRaftLog:OPENED:c-1,f-1,i0, conf=-1: [6605b8a5-570b-4977-9ee7-6aaf3012bed5:192.168.164.233:35223, 327657b1-60f8-49f2-b2a3-f63e1f934942:192.168.164.233:41966, ddd4789c-894d-475a-bbfb-f6e7aa670c92:192.168.164.233:41061], old=null
2019-10-18 14:58:59,583 [327657b1-60f8-49f2-b2a3-f63e1f934942@group-58A987F56150-LeaderElection414] INFO  impl.RaftServerImpl (RaftServerImpl.java:setRole(184)) - 327657b1-60f8-49f2-b2a3-f63e1f934942@group-58A987F56150: changes role from CANDIDATE to FOLLOWER at term 476 for DISCOVERED_A_NEW_TERM
2019-10-18 14:58:59,583 [327657b1-60f8-49f2-b2a3-f63e1f934942@group-58A987F56150-LeaderElection414] INFO  impl.RoleInfo (RoleInfo.java:shutdownLeaderElection(134)) - 327657b1-60f8-49f2-b2a3-f63e1f934942: shutdown LeaderElection
2019-10-18 14:58:59,583 [327657b1-60f8-49f2-b2a3-f63e1f934942@group-58A987F56150-LeaderElection414] INFO  impl.RoleInfo (RoleInfo.java:updateAndGet(143)) - 327657b1-60f8-49f2-b2a3-f63e1f934942: start FollowerState
2019-10-18 14:58:59,587 [Thread-3093] INFO  impl.FollowerState (FollowerState.java:run(108)) - 327657b1-60f8-49f2-b2a3-f63e1f934942@group-58A987F56150-FollowerState: change to CANDIDATE, lastRpcTime:3ms, electionTimeout:3ms
2019-10-18 14:58:59,587 [Thread-3093] INFO  impl.RoleInfo (RoleInfo.java:shutdownFollowerState(121)) - 327657b1-60f8-49f2-b2a3-f63e1f934942: shutdown FollowerState
2019-10-18 14:58:59,587 [Thread-3093] INFO  impl.RaftServerImpl (RaftServerImpl.java:setRole(184)) - 327657b1-60f8-49f2-b2a3-f63e1f934942@group-58A987F56150: changes role from  FOLLOWER to CANDIDATE at term 476 for changeToCandidate
2019-10-18 14:58:59,587 [Thread-3093] INFO  impl.RoleInfo (RoleInfo.java:updateAndGet(143)) - 327657b1-60f8-49f2-b2a3-f63e1f934942: start LeaderElection
2019-10-18 14:58:59,601 [327657b1-60f8-49f2-b2a3-f63e1f934942@group-58A987F56150-LeaderElection415] INFO  impl.LeaderElection (LeaderElection.java:askForVotes(178)) - 327657b1-60f8-49f2-b2a3-f63e1f934942@group-58A987F56150-LeaderElection415: begin an election at term 477 for -1: [6605b8a5-570b-4977-9ee7-6aaf3012bed5:192.168.164.233:35223, 327657b1-60f8-49f2-b2a3-f63e1f934942:192.168.164.233:41966, ddd4789c-894d-475a-bbfb-f6e7aa670c92:192.168.164.233:41061], old=null
2019-10-18 14:58:59,603 [grpc-default-executor-0] INFO  impl.RaftServerImpl (RaftServerImpl.java:setRole(184)) - 6605b8a5-570b-4977-9ee7-6aaf3012bed5@group-58A987F56150: changes role from  FOLLOWER to FOLLOWER at term 477 for recognizeCandidate:327657b1-60f8-49f2-b2a3-f63e1f934942
2019-10-18 14:58:59,604 [grpc-default-executor-0] INFO  impl.RoleInfo (RoleInfo.java:shutdownFollowerState(121)) - 6605b8a5-570b-4977-9ee7-6aaf3012bed5: shutdown FollowerState
2019-10-18 14:58:59,604 [grpc-default-executor-0] INFO  impl.RoleInfo (RoleInfo.java:updateAndGet(143)) - 6605b8a5-570b-4977-9ee7-6aaf3012bed5: start FollowerState
2019-10-18 14:58:59,604 [Thread-3092] INFO  impl.FollowerState (FollowerState.java:run(117)) - 6605b8a5-570b-4977-9ee7-6aaf3012bed5@group-58A987F56150-FollowerState was interrupted: java.lang.InterruptedException: sleep interrupted
2019-10-18 14:58:59,604 [grpc-default-executor-3] INFO  impl.RaftServerImpl (RaftServerImpl.java:setRole(184)) - ddd4789c-894d-475a-bbfb-f6e7aa670c92@group-58A987F56150: changes role from  FOLLOWER to FOLLOWER at term 477 for recognizeCandidate:327657b1-60f8-49f2-b2a3-f63e1f934942
2019-10-18 14:58:59,604 [grpc-default-executor-3] INFO  impl.RoleInfo (RoleInfo.java:shutdownFollowerState(121)) - ddd4789c-894d-475a-bbfb-f6e7aa670c92: shutdown FollowerState
2019-10-18 14:58:59,604 [grpc-default-executor-3] INFO  impl.RoleInfo (RoleInfo.java:updateAndGet(143)) - ddd4789c-894d-475a-bbfb-f6e7aa670c92: start FollowerState
2019-10-18 14:58:59,604 [Thread-3091] INFO  impl.FollowerState (FollowerState.java:run(117)) - ddd4789c-894d-475a-bbfb-f6e7aa670c92@group-58A987F56150-FollowerState was interrupted: java.lang.InterruptedException: sleep interrupted
2019-10-18 14:58:59,629 [327657b1-60f8-49f2-b2a3-f63e1f934942@group-58A987F56150-LeaderElection415] INFO  impl.LeaderElection (LeaderElection.java:logAndReturn(56)) - 327657b1-60f8-49f2-b2a3-f63e1f934942@group-58A987F56150-LeaderElection415: Election REJECTED; received 2 response(s) [327657b1-60f8-49f2-b2a3-f63e1f934942<-6605b8a5-570b-4977-9ee7-6aaf3012bed5#0:FAIL-t477, 327657b1-60f8-49f2-b2a3-f63e1f934942<-ddd4789c-894d-475a-bbfb-f6e7aa670c92#0:FAIL-t477] and 0 exception(s); 327657b1-60f8-49f2-b2a3-f63e1f934942@group-58A987F56150:t477, leader=null, voted=327657b1-60f8-49f2-b2a3-f63e1f934942, raftlog=327657b1-60f8-49f2-b2a3-f63e1f934942@group-58A987F56150-SegmentedRaftLog:OPENED:c-1,f-1,i0, conf=-1: [6605b8a5-570b-4977-9ee7-6aaf3012bed5:192.168.164.233:35223, 327657b1-60f8-49f2-b2a3-f63e1f934942:192.168.164.233:41966, ddd4789c-894d-475a-bbfb-f6e7aa670c92:192.168.164.233:41061], old=null
2019-10-18 14:58:59,630 [327657b1-60f8-49f2-b2a3-f63e1f934942@group-58A987F56150-LeaderElection415] INFO  impl.RaftServerImpl (RaftServerImpl.java:setRole(184)) - 327657b1-60f8-49f2-b2a3-f63e1f934942@group-58A987F56150: changes role from CANDIDATE to FOLLOWER at term 477 for DISCOVERED_A_NEW_TERM
2019-10-18 14:58:59,630 [327657b1-60f8-49f2-b2a3-f63e1f934942@group-58A987F56150-LeaderElection415] INFO  impl.RoleInfo (RoleInfo.java:shutdownLeaderElection(134)) - 327657b1-60f8-49f2-b2a3-f63e1f934942: shutdown LeaderElection
2019-10-18 14:58:59,630 [327657b1-60f8-49f2-b2a3-f63e1f934942@group-58A987F56150-LeaderElection415] INFO  impl.RoleInfo (RoleInfo.java:updateAndGet(143)) - 327657b1-60f8-49f2-b2a3-f63e1f934942: start FollowerState
2019-10-18 14:58:59,634 [Thread-3099] INFO  impl.FollowerState (FollowerState.java:run(108)) - 327657b1-60f8-49f2-b2a3-f63e1f934942@group-58A987F56150-FollowerState: change to CANDIDATE, lastRpcTime:4ms, electionTimeout:4ms
2019-10-18 14:58:59,634 [Thread-3099] INFO  impl.RoleInfo (RoleInfo.java:shutdownFollowerState(121)) - 327657b1-60f8-49f2-b2a3-f63e1f934942: shutdown FollowerState
2019-10-18 14:58:59,635 [Thread-3099] INFO  impl.RaftServerImpl (RaftServerImpl.java:setRole(184)) - 327657b1-60f8-49f2-b2a3-f63e1f934942@group-58A987F56150: changes role from  FOLLOWER to CANDIDATE at term 477 for changeToCandidate
2019-10-18 14:58:59,635 [Thread-3099] INFO  impl.RoleInfo (RoleInfo.java:updateAndGet(143)) - 327657b1-60f8-49f2-b2a3-f63e1f934942: start LeaderElection
2019-10-18 14:58:59,648 [327657b1-60f8-49f2-b2a3-f63e1f934942@group-58A987F56150-LeaderElection416] INFO  impl.LeaderElection (LeaderElection.java:askForVotes(178)) - 327657b1-60f8-49f2-b2a3-f63e1f934942@group-58A987F56150-LeaderElection416: begin an election at term 478 for -1: [6605b8a5-570b-4977-9ee7-6aaf3012bed5:192.168.164.233:35223, 327657b1-60f8-49f2-b2a3-f63e1f934942:192.168.164.233:41966, ddd4789c-894d-475a-bbfb-f6e7aa670c92:192.168.164.233:41061], old=null
2019-10-18 14:58:59,650 [grpc-default-executor-0] INFO  impl.RaftServerImpl (RaftServerImpl.java:setRole(184)) - 6605b8a5-570b-4977-9ee7-6aaf3012bed5@group-58A987F56150: changes role from  FOLLOWER to FOLLOWER at term 478 for recognizeCandidate:327657b1-60f8-49f2-b2a3-f63e1f934942
2019-10-18 14:58:59,650 [grpc-default-executor-0] INFO  impl.RoleInfo (RoleInfo.java:shutdownFollowerState(121)) - 6605b8a5-570b-4977-9ee7-6aaf3012bed5: shutdown FollowerState
2019-10-18 14:58:59,650 [grpc-default-executor-0] INFO  impl.RoleInfo (RoleInfo.java:updateAndGet(143)) - 6605b8a5-570b-4977-9ee7-6aaf3012bed5: start FollowerState
2019-10-18 14:58:59,650 [Thread-3097] INFO  impl.FollowerState (FollowerState.java:run(117)) - 6605b8a5-570b-4977-9ee7-6aaf3012bed5@group-58A987F56150-FollowerState was interrupted: java.lang.InterruptedException: sleep interrupted
2019-10-18 14:58:59,650 [grpc-default-executor-3] INFO  impl.RaftServerImpl (RaftServerImpl.java:setRole(184)) - ddd4789c-894d-475a-bbfb-f6e7aa670c92@group-58A987F56150: changes role from  FOLLOWER to FOLLOWER at term 478 for recognizeCandidate:327657b1-60f8-49f2-b2a3-f63e1f934942
2019-10-18 14:58:59,650 [grpc-default-executor-3] INFO  impl.RoleInfo (RoleInfo.java:shutdownFollowerState(121)) - ddd4789c-894d-475a-bbfb-f6e7aa670c92: shutdown FollowerState
2019-10-18 14:58:59,651 [grpc-default-executor-3] INFO  impl.RoleInfo (RoleInfo.java:updateAndGet(143)) - ddd4789c-894d-475a-bbfb-f6e7aa670c92: start FollowerState
2019-10-18 14:58:59,651 [Thread-3098] INFO  impl.FollowerState (FollowerState.java:run(117)) - ddd4789c-894d-475a-bbfb-f6e7aa670c92@group-58A987F56150-FollowerState was interrupted: java.lang.InterruptedException: sleep interrupted
2019-10-18 14:58:59,676 [327657b1-60f8-49f2-b2a3-f63e1f934942@group-58A987F56150-LeaderElection416] INFO  impl.LeaderElection (LeaderElection.java:logAndReturn(56)) - 327657b1-60f8-49f2-b2a3-f63e1f934942@group-58A987F56150-LeaderElection416: Election REJECTED; received 2 response(s) [327657b1-60f8-49f2-b2a3-f63e1f934942<-6605b8a5-570b-4977-9ee7-6aaf3012bed5#0:FAIL-t478, 327657b1-60f8-49f2-b2a3-f63e1f934942<-ddd4789c-894d-475a-bbfb-f6e7aa670c92#0:FAIL-t478] and 0 exception(s); 327657b1-60f8-49f2-b2a3-f63e1f934942@group-58A987F56150:t478, leader=null, voted=327657b1-60f8-49f2-b2a3-f63e1f934942, raftlog=327657b1-60f8-49f2-b2a3-f63e1f934942@group-58A987F56150-SegmentedRaftLog:OPENED:c-1,f-1,i0, conf=-1: [6605b8a5-570b-4977-9ee7-6aaf3012bed5:192.168.164.233:35223, 327657b1-60f8-49f2-b2a3-f63e1f934942:192.168.164.233:41966, ddd4789c-894d-475a-bbfb-f6e7aa670c92:192.168.164.233:41061], old=null
2019-10-18 14:58:59,677 [327657b1-60f8-49f2-b2a3-f63e1f934942@group-58A987F56150-LeaderElection416] INFO  impl.RaftServerImpl (RaftServerImpl.java:setRole(184)) - 327657b1-60f8-49f2-b2a3-f63e1f934942@group-58A987F56150: changes role from CANDIDATE to FOLLOWER at term 478 for DISCOVERED_A_NEW_TERM
2019-10-18 14:58:59,677 [327657b1-60f8-49f2-b2a3-f63e1f934942@group-58A987F56150-LeaderElection416] INFO  impl.RoleInfo (RoleInfo.java:shutdownLeaderElection(134)) - 327657b1-60f8-49f2-b2a3-f63e1f934942: shutdown LeaderElection
2019-10-18 14:58:59,677 [327657b1-60f8-49f2-b2a3-f63e1f934942@group-58A987F56150-LeaderElection416] INFO  impl.RoleInfo (RoleInfo.java:updateAndGet(143)) - 327657b1-60f8-49f2-b2a3-f63e1f934942: start FollowerState
2019-10-18 14:58:59,812 [Thread-3105] INFO  impl.FollowerState (FollowerState.java:run(108)) - 327657b1-60f8-49f2-b2a3-f63e1f934942@group-58A987F56150-FollowerState: change to CANDIDATE, lastRpcTime:135ms, electionTimeout:135ms
2019-10-18 14:58:59,812 [Thread-3105] INFO  impl.RoleInfo (RoleInfo.java:shutdownFollowerState(121)) - 327657b1-60f8-49f2-b2a3-f63e1f934942: shutdown FollowerState
2019-10-18 14:58:59,812 [Thread-3105] INFO  impl.RaftServerImpl (RaftServerImpl.java:setRole(184)) - 327657b1-60f8-49f2-b2a3-f63e1f934942@group-58A987F56150: changes role from  FOLLOWER to CANDIDATE at term 478 for changeToCandidate
2019-10-18 14:58:59,812 [Thread-3105] INFO  impl.RoleInfo (RoleInfo.java:updateAndGet(143)) - 327657b1-60f8-49f2-b2a3-f63e1f934942: start LeaderElection
2019-10-18 14:58:59,825 [327657b1-60f8-49f2-b2a3-f63e1f934942@group-58A987F56150-LeaderElection417] INFO  impl.LeaderElection (LeaderElection.java:askForVotes(178)) - 327657b1-60f8-49f2-b2a3-f63e1f934942@group-58A987F56150-LeaderElection417: begin an election at term 479 for -1: [6605b8a5-570b-4977-9ee7-6aaf3012bed5:192.168.164.233:35223, 327657b1-60f8-49f2-b2a3-f63e1f934942:192.168.164.233:41966, ddd4789c-894d-475a-bbfb-f6e7aa670c92:192.168.164.233:41061], old=null
2019-10-18 14:58:59,827 [grpc-default-executor-0] INFO  impl.RaftServerImpl (RaftServerImpl.java:setRole(184)) - 6605b8a5-570b-4977-9ee7-6aaf3012bed5@group-58A987F56150: changes role from  FOLLOWER to FOLLOWER at term 479 for recognizeCandidate:327657b1-60f8-49f2-b2a3-f63e1f934942
2019-10-18 14:58:59,827 [grpc-default-executor-0] INFO  impl.RoleInfo (RoleInfo.java:shutdownFollowerState(121)) - 6605b8a5-570b-4977-9ee7-6aaf3012bed5: shutdown FollowerState
2019-10-18 14:58:59,828 [grpc-default-executor-3] INFO  impl.RaftServerImpl (RaftServerImpl.java:setRole(184)) - ddd4789c-894d-475a-bbfb-f6e7aa670c92@group-58A987F56150: changes role from  FOLLOWER to FOLLOWER at term 479 for recognizeCandidate:327657b1-60f8-49f2-b2a3-f63e1f934942
2019-10-18 14:58:59,828 [grpc-default-executor-0] INFO  impl.RoleInfo (RoleInfo.java:updateAndGet(143)) - 6605b8a5-570b-4977-9ee7-6aaf3012bed5: start FollowerState
2019-10-18 14:58:59,828 [Thread-3103] INFO  impl.FollowerState (FollowerState.java:run(117)) - 6605b8a5-570b-4977-9ee7-6aaf3012bed5@group-58A987F56150-FollowerState was interrupted: java.lang.InterruptedException: sleep interrupted
2019-10-18 14:58:59,828 [grpc-default-executor-3] INFO  impl.RoleInfo (RoleInfo.java:shutdownFollowerState(121)) - ddd4789c-894d-475a-bbfb-f6e7aa670c92: shutdown FollowerState
2019-10-18 14:58:59,828 [grpc-default-executor-3] INFO  impl.RoleInfo (RoleInfo.java:updateAndGet(143)) - ddd4789c-894d-475a-bbfb-f6e7aa670c92: start FollowerState
2019-10-18 14:58:59,828 [Thread-3104] INFO  impl.FollowerState (FollowerState.java:run(117)) - ddd4789c-894d-475a-bbfb-f6e7aa670c92@group-58A987F56150-FollowerState was interrupted: java.lang.InterruptedException: sleep interrupted
2019-10-18 14:58:59,846 [327657b1-60f8-49f2-b2a3-f63e1f934942@group-58A987F56150-LeaderElection417] INFO  impl.LeaderElection (LeaderElection.java:logAndReturn(56)) - 327657b1-60f8-49f2-b2a3-f63e1f934942@group-58A987F56150-LeaderElection417: Election REJECTED; received 2 response(s) [327657b1-60f8-49f2-b2a3-f63e1f934942<-6605b8a5-570b-4977-9ee7-6aaf3012bed5#0:FAIL-t479, 327657b1-60f8-49f2-b2a3-f63e1f934942<-ddd4789c-894d-475a-bbfb-f6e7aa670c92#0:FAIL-t479] and 0 exception(s); 327657b1-60f8-49f2-b2a3-f63e1f934942@group-58A987F56150:t479, leader=null, voted=327657b1-60f8-49f2-b2a3-f63e1f934942, raftlog=327657b1-60f8-49f2-b2a3-f63e1f934942@group-58A987F56150-SegmentedRaftLog:OPENED:c-1,f-1,i0, conf=-1: [6605b8a5-570b-4977-9ee7-6aaf3012bed5:192.168.164.233:35223, 327657b1-60f8-49f2-b2a3-f63e1f934942:192.168.164.233:41966, ddd4789c-894d-475a-bbfb-f6e7aa670c92:192.168.164.233:41061], old=null
2019-10-18 14:58:59,846 [327657b1-60f8-49f2-b2a3-f63e1f934942@group-58A987F56150-LeaderElection417] INFO  impl.RaftServerImpl (RaftServerImpl.java:setRole(184)) - 327657b1-60f8-49f2-b2a3-f63e1f934942@group-58A987F56150: changes role from CANDIDATE to FOLLOWER at term 479 for DISCOVERED_A_NEW_TERM
2019-10-18 14:58:59,846 [327657b1-60f8-49f2-b2a3-f63e1f934942@group-58A987F56150-LeaderElection417] INFO  impl.RoleInfo (RoleInfo.java:shutdownLeaderElection(134)) - 327657b1-60f8-49f2-b2a3-f63e1f934942: shutdown LeaderElection
2019-10-18 14:58:59,846 [327657b1-60f8-49f2-b2a3-f63e1f934942@group-58A987F56150-LeaderElection417] INFO  impl.RoleInfo (RoleInfo.java:updateAndGet(143)) - 327657b1-60f8-49f2-b2a3-f63e1f934942: start FollowerState
2019-10-18 14:58:59,906 [Thread-3111] INFO  impl.FollowerState (FollowerState.java:run(108)) - 327657b1-60f8-49f2-b2a3-f63e1f934942@group-58A987F56150-FollowerState: change to CANDIDATE, lastRpcTime:60ms, electionTimeout:60ms
2019-10-18 14:58:59,907 [Thread-3111] INFO  impl.RoleInfo (RoleInfo.java:shutdownFollowerState(121)) - 327657b1-60f8-49f2-b2a3-f63e1f934942: shutdown FollowerState
2019-10-18 14:58:59,907 [Thread-3111] INFO  impl.RaftServerImpl (RaftServerImpl.java:setRole(184)) - 327657b1-60f8-49f2-b2a3-f63e1f934942@group-58A987F56150: changes role from  FOLLOWER to CANDIDATE at term 479 for changeToCandidate
2019-10-18 14:58:59,907 [Thread-3111] INFO  impl.RoleInfo (RoleInfo.java:updateAndGet(143)) - 327657b1-60f8-49f2-b2a3-f63e1f934942: start LeaderElection
2019-10-18 14:58:59,920 [327657b1-60f8-49f2-b2a3-f63e1f934942@group-58A987F56150-LeaderElection418] INFO  impl.LeaderElection (LeaderElection.java:askForVotes(178)) - 327657b1-60f8-49f2-b2a3-f63e1f934942@group-58A987F56150-LeaderElection418: begin an election at term 480 for -1: [6605b8a5-570b-4977-9ee7-6aaf3012bed5:192.168.164.233:35223, 327657b1-60f8-49f2-b2a3-f63e1f934942:192.168.164.233:41966, ddd4789c-894d-475a-bbfb-f6e7aa670c92:192.168.164.233:41061], old=null
2019-10-18 14:58:59,923 [grpc-default-executor-3] INFO  impl.RaftServerImpl (RaftServerImpl.java:setRole(184)) - ddd4789c-894d-475a-bbfb-f6e7aa670c92@group-58A987F56150: changes role from  FOLLOWER to FOLLOWER at term 480 for recognizeCandidate:327657b1-60f8-49f2-b2a3-f63e1f934942
2019-10-18 14:58:59,923 [grpc-default-executor-0] INFO  impl.RaftServerImpl (RaftServerImpl.java:setRole(184)) - 6605b8a5-570b-4977-9ee7-6aaf3012bed5@group-58A987F56150: changes role from  FOLLOWER to FOLLOWER at term 480 for recognizeCandidate:327657b1-60f8-49f2-b2a3-f63e1f934942
2019-10-18 14:58:59,924 [grpc-default-executor-0] INFO  impl.RoleInfo (RoleInfo.java:shutdownFollowerState(121)) - 6605b8a5-570b-4977-9ee7-6aaf3012bed5: shutdown FollowerState
2019-10-18 14:58:59,924 [grpc-default-executor-3] INFO  impl.RoleInfo (RoleInfo.java:shutdownFollowerState(121)) - ddd4789c-894d-475a-bbfb-f6e7aa670c92: shutdown FollowerState
2019-10-18 14:58:59,924 [Thread-3109] INFO  impl.FollowerState (FollowerState.java:run(117)) - 6605b8a5-570b-4977-9ee7-6aaf3012bed5@group-58A987F56150-FollowerState was interrupted: java.lang.InterruptedException: sleep interrupted
2019-10-18 14:58:59,924 [grpc-default-executor-0] INFO  impl.RoleInfo (RoleInfo.java:updateAndGet(143)) - 6605b8a5-570b-4977-9ee7-6aaf3012bed5: start FollowerState
2019-10-18 14:58:59,924 [Thread-3110] INFO  impl.FollowerState (FollowerState.java:run(117)) - ddd4789c-894d-475a-bbfb-f6e7aa670c92@group-58A987F56150-FollowerState was interrupted: java.lang.InterruptedException: sleep interrupted
2019-10-18 14:58:59,924 [grpc-default-executor-3] INFO  impl.RoleInfo (RoleInfo.java:updateAndGet(143)) - ddd4789c-894d-475a-bbfb-f6e7aa670c92: start FollowerState
2019-10-18 14:58:59,938 [main] INFO  ozone.MiniOzoneClusterImpl (MiniOzoneClusterImpl.java:shutdown(314)) - Shutting down the Mini Ozone Cluster
2019-10-18 14:58:59,939 [main] INFO  ozone.MiniOzoneClusterImpl (MiniOzoneClusterImpl.java:stop(330)) - Stopping the Mini Ozone Cluster
2019-10-18 14:58:59,939 [main] INFO  ozone.MiniOzoneClusterImpl (MiniOzoneClusterImpl.java:stopOM(400)) - Stopping the OzoneManager
2019-10-18 14:58:59,940 [main] INFO  ipc.Server (Server.java:stop(3082)) - Stopping server on 41196
2019-10-18 14:58:59,945 [IPC Server listener on 41196] INFO  ipc.Server (Server.java:run(1185)) - Stopping IPC Server listener on 41196
2019-10-18 14:58:59,948 [IPC Server Responder] INFO  ipc.Server (Server.java:run(1319)) - Stopping IPC Server Responder
2019-10-18 14:58:59,958 [main] INFO  impl.RaftServerProxy (RaftServerProxy.java:lambda$close$4(314)) - 60e782fb-ac5b-4466-bff0-ec03f56fa78e: close
2019-10-18 14:58:59,960 [327657b1-60f8-49f2-b2a3-f63e1f934942@group-58A987F56150-LeaderElection418] INFO  impl.LeaderElection (LeaderElection.java:logAndReturn(56)) - 327657b1-60f8-49f2-b2a3-f63e1f934942@group-58A987F56150-LeaderElection418: Election REJECTED; received 2 response(s) [327657b1-60f8-49f2-b2a3-f63e1f934942<-6605b8a5-570b-4977-9ee7-6aaf3012bed5#0:FAIL-t480, 327657b1-60f8-49f2-b2a3-f63e1f934942<-ddd4789c-894d-475a-bbfb-f6e7aa670c92#0:FAIL-t480] and 0 exception(s); 327657b1-60f8-49f2-b2a3-f63e1f934942@group-58A987F56150:t480, leader=null, voted=327657b1-60f8-49f2-b2a3-f63e1f934942, raftlog=327657b1-60f8-49f2-b2a3-f63e1f934942@group-58A987F56150-SegmentedRaftLog:OPENED:c-1,f-1,i0, conf=-1: [6605b8a5-570b-4977-9ee7-6aaf3012bed5:192.168.164.233:35223, 327657b1-60f8-49f2-b2a3-f63e1f934942:192.168.164.233:41966, ddd4789c-894d-475a-bbfb-f6e7aa670c92:192.168.164.233:41061], old=null
2019-10-18 14:58:59,969 [327657b1-60f8-49f2-b2a3-f63e1f934942@group-58A987F56150-LeaderElection418] INFO  impl.RaftServerImpl (RaftServerImpl.java:setRole(184)) - 327657b1-60f8-49f2-b2a3-f63e1f934942@group-58A987F56150: changes role from CANDIDATE to FOLLOWER at term 480 for DISCOVERED_A_NEW_TERM
2019-10-18 14:58:59,969 [327657b1-60f8-49f2-b2a3-f63e1f934942@group-58A987F56150-LeaderElection418] INFO  impl.RoleInfo (RoleInfo.java:shutdownLeaderElection(134)) - 327657b1-60f8-49f2-b2a3-f63e1f934942: shutdown LeaderElection
2019-10-18 14:58:59,969 [327657b1-60f8-49f2-b2a3-f63e1f934942@group-58A987F56150-LeaderElection418] INFO  impl.RoleInfo (RoleInfo.java:updateAndGet(143)) - 327657b1-60f8-49f2-b2a3-f63e1f934942: start FollowerState
2019-10-18 14:58:59,970 [main] INFO  impl.RaftServerImpl (RaftServerImpl.java:lambda$shutdown$3(261)) - 60e782fb-ac5b-4466-bff0-ec03f56fa78e@group-C5BA1605619E: shutdown
2019-10-18 14:58:59,971 [main] INFO  util.JmxRegister (JmxRegister.java:unregister(73)) - Successfully un-registered JMX Bean with object name Ratis:service=RaftServer,group=group-C5BA1605619E,id=60e782fb-ac5b-4466-bff0-ec03f56fa78e
2019-10-18 14:58:59,972 [main] INFO  impl.RoleInfo (RoleInfo.java:shutdownLeaderState(104)) - 60e782fb-ac5b-4466-bff0-ec03f56fa78e: shutdown LeaderState
2019-10-18 14:58:59,972 [main] INFO  impl.PendingRequests (PendingRequests.java:sendNotLeaderResponses(202)) - 60e782fb-ac5b-4466-bff0-ec03f56fa78e@group-C5BA1605619E-PendingRequests: sendNotLeaderResponses
2019-10-18 14:58:59,976 [main] INFO  impl.StateMachineUpdater (StateMachineUpdater.java:stopAndJoin(136)) - 60e782fb-ac5b-4466-bff0-ec03f56fa78e@group-C5BA1605619E-StateMachineUpdater: set stopIndex = 6
2019-10-18 14:58:59,977 [60e782fb-ac5b-4466-bff0-ec03f56fa78e@group-C5BA1605619E-StateMachineUpdater] INFO  ratis.OzoneManagerStateMachine (OzoneManagerStateMachine.java:takeSnapshot(254)) - Saving Ratis snapshot on the OM.
2019-10-18 14:58:59,990 [60e782fb-ac5b-4466-bff0-ec03f56fa78e@group-C5BA1605619E-StateMachineUpdater] INFO  ratis.OMRatisSnapshotInfo (OMRatisSnapshotInfo.java:saveRatisSnapshotToDisk(107)) - Saved Ratis Snapshot on the OM with snapshotIndex 5
2019-10-18 14:58:59,994 [60e782fb-ac5b-4466-bff0-ec03f56fa78e@group-C5BA1605619E-StateMachineUpdater] INFO  impl.StateMachineUpdater (StateMachineUpdater.java:takeSnapshot(269)) - 60e782fb-ac5b-4466-bff0-ec03f56fa78e@group-C5BA1605619E-StateMachineUpdater: Took a snapshot at index 5
2019-10-18 14:58:59,996 [60e782fb-ac5b-4466-bff0-ec03f56fa78e@group-C5BA1605619E-StateMachineUpdater] INFO  impl.StateMachineUpdater (StateMachineUpdater.java:lambda$new$0(84)) - 60e782fb-ac5b-4466-bff0-ec03f56fa78e@group-C5BA1605619E-StateMachineUpdater: snapshotIndex: updateIncreasingly -1 -> 5
2019-10-18 14:59:00,001 [60e782fb-ac5b-4466-bff0-ec03f56fa78e@group-C5BA1605619E-StateMachineUpdater] INFO  ratis.OzoneManagerStateMachine (OzoneManagerStateMachine.java:takeSnapshot(254)) - Saving Ratis snapshot on the OM.
2019-10-18 14:59:00,002 [60e782fb-ac5b-4466-bff0-ec03f56fa78e@group-C5BA1605619E-StateMachineUpdater] INFO  ratis.OMRatisSnapshotInfo (OMRatisSnapshotInfo.java:saveRatisSnapshotToDisk(107)) - Saved Ratis Snapshot on the OM with snapshotIndex 5
2019-10-18 14:59:00,002 [60e782fb-ac5b-4466-bff0-ec03f56fa78e@group-C5BA1605619E-StateMachineUpdater] INFO  impl.StateMachineUpdater (StateMachineUpdater.java:takeSnapshot(269)) - 60e782fb-ac5b-4466-bff0-ec03f56fa78e@group-C5BA1605619E-StateMachineUpdater: Took a snapshot at index 5
2019-10-18 14:59:00,002 [60e782fb-ac5b-4466-bff0-ec03f56fa78e@group-C5BA1605619E-StateMachineUpdater] INFO  impl.StateMachineUpdater (StateMachineUpdater.java:lambda$new$0(84)) - 60e782fb-ac5b-4466-bff0-ec03f56fa78e@group-C5BA1605619E-StateMachineUpdater: snapshotIndex: updateIncreasingly 5 -> 5
2019-10-18 14:59:00,002 [main] INFO  impl.RaftServerImpl (ServerState.java:close(388)) - 60e782fb-ac5b-4466-bff0-ec03f56fa78e@group-C5BA1605619E: closes. applyIndex: 6
2019-10-18 14:59:00,005 [60e782fb-ac5b-4466-bff0-ec03f56fa78e@group-C5BA1605619E-SegmentedRaftLogWorker] INFO  segmented.SegmentedRaftLogWorker (SegmentedRaftLogWorker.java:run(316)) - 60e782fb-ac5b-4466-bff0-ec03f56fa78e@group-C5BA1605619E-SegmentedRaftLogWorker was interrupted, exiting. There are 0 tasks remaining in the queue.
2019-10-18 14:59:00,006 [main] INFO  segmented.SegmentedRaftLogWorker (SegmentedRaftLogWorker.java:close(224)) - 60e782fb-ac5b-4466-bff0-ec03f56fa78e@group-C5BA1605619E-SegmentedRaftLogWorker close()
2019-10-18 14:59:00,008 [main] INFO  server.GrpcService (GrpcService.java:closeImpl(164)) - 60e782fb-ac5b-4466-bff0-ec03f56fa78e: shutdown server with port 9872 now
2019-10-18 14:59:00,010 [main] INFO  server.GrpcService (GrpcService.java:closeImpl(172)) - 60e782fb-ac5b-4466-bff0-ec03f56fa78e: shutdown server with port 9872 successfully
2019-10-18 14:59:00,010 [main] INFO  ratis.OzoneManagerDoubleBuffer (OzoneManagerDoubleBuffer.java:stop(250)) - Stopping OMDoubleBuffer flush thread
2019-10-18 14:59:00,010 [OMDoubleBufferFlushThread] INFO  ratis.OzoneManagerDoubleBuffer (OzoneManagerDoubleBuffer.java:flushTransactions(193)) - OMDoubleBuffer flush thread OMDoubleBufferFlushThread is interrupted and will exit. OMDoubleBufferFlushThread
2019-10-18 14:59:00,011 [main] INFO  utils.BackgroundService (BackgroundService.java:shutdown(151)) - Shutting down service KeyDeletingService
2019-10-18 14:59:00,016 [main] INFO  handler.ContextHandler (ContextHandler.java:doStop(910)) - Stopped o.e.j.w.WebAppContext@6ba30587{/,null,UNAVAILABLE}{/ozoneManager}
2019-10-18 14:59:00,022 [main] INFO  server.AbstractConnector (AbstractConnector.java:doStop(318)) - Stopped ServerConnector@35764bef{HTTP/1.1,[http/1.1]}{0.0.0.0:0}
2019-10-18 14:59:00,022 [main] INFO  handler.ContextHandler (ContextHandler.java:doStop(910)) - Stopped o.e.j.s.ServletContextHandler@5fe7f967{/static,file:///workdir/hadoop-ozone/integration-test/target/test-classes/webapps/static,UNAVAILABLE}
2019-10-18 14:59:00,023 [main] INFO  handler.ContextHandler (ContextHandler.java:doStop(910)) - Stopped o.e.j.s.ServletContextHandler@4867ab9f{/logs,file:///workdir/hadoop-ozone/integration-test/target/log,UNAVAILABLE}
2019-10-18 14:59:00,028 [main] INFO  ozone.MiniOzoneClusterImpl (MiniOzoneClusterImpl.java:stopDatanodes(377)) - Stopping the HddsDatanodes
2019-10-18 14:59:00,050 [Thread-3117] INFO  impl.FollowerState (FollowerState.java:run(108)) - 327657b1-60f8-49f2-b2a3-f63e1f934942@group-58A987F56150-FollowerState: change to CANDIDATE, lastRpcTime:80ms, electionTimeout:80ms
2019-10-18 14:59:00,050 [Thread-3117] INFO  impl.RoleInfo (RoleInfo.java:shutdownFollowerState(121)) - 327657b1-60f8-49f2-b2a3-f63e1f934942: shutdown FollowerState
2019-10-18 14:59:00,050 [Thread-3117] INFO  impl.RaftServerImpl (RaftServerImpl.java:setRole(184)) - 327657b1-60f8-49f2-b2a3-f63e1f934942@group-58A987F56150: changes role from  FOLLOWER to CANDIDATE at term 480 for changeToCandidate
2019-10-18 14:59:00,050 [Thread-3117] INFO  impl.RoleInfo (RoleInfo.java:updateAndGet(143)) - 327657b1-60f8-49f2-b2a3-f63e1f934942: start LeaderElection
2019-10-18 14:59:00,076 [327657b1-60f8-49f2-b2a3-f63e1f934942@group-58A987F56150-LeaderElection419] INFO  impl.LeaderElection (LeaderElection.java:askForVotes(178)) - 327657b1-60f8-49f2-b2a3-f63e1f934942@group-58A987F56150-LeaderElection419: begin an election at term 481 for -1: [6605b8a5-570b-4977-9ee7-6aaf3012bed5:192.168.164.233:35223, 327657b1-60f8-49f2-b2a3-f63e1f934942:192.168.164.233:41966, ddd4789c-894d-475a-bbfb-f6e7aa670c92:192.168.164.233:41061], old=null
2019-10-18 14:59:00,078 [grpc-default-executor-3] INFO  impl.RaftServerImpl (RaftServerImpl.java:setRole(184)) - 6605b8a5-570b-4977-9ee7-6aaf3012bed5@group-58A987F56150: changes role from  FOLLOWER to FOLLOWER at term 481 for recognizeCandidate:327657b1-60f8-49f2-b2a3-f63e1f934942
2019-10-18 14:59:00,078 [grpc-default-executor-0] INFO  impl.RaftServerImpl (RaftServerImpl.java:setRole(184)) - ddd4789c-894d-475a-bbfb-f6e7aa670c92@group-58A987F56150: changes role from  FOLLOWER to FOLLOWER at term 481 for recognizeCandidate:327657b1-60f8-49f2-b2a3-f63e1f934942
2019-10-18 14:59:00,079 [grpc-default-executor-0] INFO  impl.RoleInfo (RoleInfo.java:shutdownFollowerState(121)) - ddd4789c-894d-475a-bbfb-f6e7aa670c92: shutdown FollowerState
2019-10-18 14:59:00,078 [grpc-default-executor-3] INFO  impl.RoleInfo (RoleInfo.java:shutdownFollowerState(121)) - 6605b8a5-570b-4977-9ee7-6aaf3012bed5: shutdown FollowerState
2019-10-18 14:59:00,079 [Thread-3116] INFO  impl.FollowerState (FollowerState.java:run(117)) - ddd4789c-894d-475a-bbfb-f6e7aa670c92@group-58A987F56150-FollowerState was interrupted: java.lang.InterruptedException: sleep interrupted
2019-10-18 14:59:00,079 [grpc-default-executor-0] INFO  impl.RoleInfo (RoleInfo.java:updateAndGet(143)) - ddd4789c-894d-475a-bbfb-f6e7aa670c92: start FollowerState
2019-10-18 14:59:00,079 [Thread-3115] INFO  impl.FollowerState (FollowerState.java:run(117)) - 6605b8a5-570b-4977-9ee7-6aaf3012bed5@group-58A987F56150-FollowerState was interrupted: java.lang.InterruptedException: sleep interrupted
2019-10-18 14:59:00,079 [grpc-default-executor-3] INFO  impl.RoleInfo (RoleInfo.java:updateAndGet(143)) - 6605b8a5-570b-4977-9ee7-6aaf3012bed5: start FollowerState
2019-10-18 14:59:00,097 [327657b1-60f8-49f2-b2a3-f63e1f934942@group-58A987F56150-LeaderElection419] INFO  impl.LeaderElection (LeaderElection.java:logAndReturn(56)) - 327657b1-60f8-49f2-b2a3-f63e1f934942@group-58A987F56150-LeaderElection419: Election REJECTED; received 2 response(s) [327657b1-60f8-49f2-b2a3-f63e1f934942<-6605b8a5-570b-4977-9ee7-6aaf3012bed5#0:FAIL-t481, 327657b1-60f8-49f2-b2a3-f63e1f934942<-ddd4789c-894d-475a-bbfb-f6e7aa670c92#0:FAIL-t481] and 0 exception(s); 327657b1-60f8-49f2-b2a3-f63e1f934942@group-58A987F56150:t481, leader=null, voted=327657b1-60f8-49f2-b2a3-f63e1f934942, raftlog=327657b1-60f8-49f2-b2a3-f63e1f934942@group-58A987F56150-SegmentedRaftLog:OPENED:c-1,f-1,i0, conf=-1: [6605b8a5-570b-4977-9ee7-6aaf3012bed5:192.168.164.233:35223, 327657b1-60f8-49f2-b2a3-f63e1f934942:192.168.164.233:41966, ddd4789c-894d-475a-bbfb-f6e7aa670c92:192.168.164.233:41061], old=null
2019-10-18 14:59:00,098 [327657b1-60f8-49f2-b2a3-f63e1f934942@group-58A987F56150-LeaderElection419] INFO  impl.RaftServerImpl (RaftServerImpl.java:setRole(184)) - 327657b1-60f8-49f2-b2a3-f63e1f934942@group-58A987F56150: changes role from CANDIDATE to FOLLOWER at term 481 for DISCOVERED_A_NEW_TERM
2019-10-18 14:59:00,098 [327657b1-60f8-49f2-b2a3-f63e1f934942@group-58A987F56150-LeaderElection419] INFO  impl.RoleInfo (RoleInfo.java:shutdownLeaderElection(134)) - 327657b1-60f8-49f2-b2a3-f63e1f934942: shutdown LeaderElection
2019-10-18 14:59:00,098 [327657b1-60f8-49f2-b2a3-f63e1f934942@group-58A987F56150-LeaderElection419] INFO  impl.RoleInfo (RoleInfo.java:updateAndGet(143)) - 327657b1-60f8-49f2-b2a3-f63e1f934942: start FollowerState
2019-10-18 14:59:00,141 [Thread-3124] INFO  impl.FollowerState (FollowerState.java:run(108)) - 327657b1-60f8-49f2-b2a3-f63e1f934942@group-58A987F56150-FollowerState: change to CANDIDATE, lastRpcTime:43ms, electionTimeout:43ms
2019-10-18 14:59:00,141 [Thread-3124] INFO  impl.RoleInfo (RoleInfo.java:shutdownFollowerState(121)) - 327657b1-60f8-49f2-b2a3-f63e1f934942: shutdown FollowerState
2019-10-18 14:59:00,141 [Thread-3124] INFO  impl.RaftServerImpl (RaftServerImpl.java:setRole(184)) - 327657b1-60f8-49f2-b2a3-f63e1f934942@group-58A987F56150: changes role from  FOLLOWER to CANDIDATE at term 481 for changeToCandidate
2019-10-18 14:59:00,141 [Thread-3124] INFO  impl.RoleInfo (RoleInfo.java:updateAndGet(143)) - 327657b1-60f8-49f2-b2a3-f63e1f934942: start LeaderElection
2019-10-18 14:59:00,156 [327657b1-60f8-49f2-b2a3-f63e1f934942@group-58A987F56150-LeaderElection420] INFO  impl.LeaderElection (LeaderElection.java:askForVotes(178)) - 327657b1-60f8-49f2-b2a3-f63e1f934942@group-58A987F56150-LeaderElection420: begin an election at term 482 for -1: [6605b8a5-570b-4977-9ee7-6aaf3012bed5:192.168.164.233:35223, 327657b1-60f8-49f2-b2a3-f63e1f934942:192.168.164.233:41966, ddd4789c-894d-475a-bbfb-f6e7aa670c92:192.168.164.233:41061], old=null
2019-10-18 14:59:00,157 [grpc-default-executor-3] INFO  impl.RaftServerImpl (RaftServerImpl.java:setRole(184)) - 6605b8a5-570b-4977-9ee7-6aaf3012bed5@group-58A987F56150: changes role from  FOLLOWER to FOLLOWER at term 482 for recognizeCandidate:327657b1-60f8-49f2-b2a3-f63e1f934942
2019-10-18 14:59:00,158 [grpc-default-executor-3] INFO  impl.RoleInfo (RoleInfo.java:shutdownFollowerState(121)) - 6605b8a5-570b-4977-9ee7-6aaf3012bed5: shutdown FollowerState
2019-10-18 14:59:00,158 [grpc-default-executor-0] INFO  impl.RaftServerImpl (RaftServerImpl.java:setRole(184)) - ddd4789c-894d-475a-bbfb-f6e7aa670c92@group-58A987F56150: changes role from  FOLLOWER to FOLLOWER at term 482 for recognizeCandidate:327657b1-60f8-49f2-b2a3-f63e1f934942
2019-10-18 14:59:00,158 [grpc-default-executor-0] INFO  impl.RoleInfo (RoleInfo.java:shutdownFollowerState(121)) - ddd4789c-894d-475a-bbfb-f6e7aa670c92: shutdown FollowerState
2019-10-18 14:59:00,158 [Thread-3123] INFO  impl.FollowerState (FollowerState.java:run(117)) - 6605b8a5-570b-4977-9ee7-6aaf3012bed5@group-58A987F56150-FollowerState was interrupted: java.lang.InterruptedException: sleep interrupted
2019-10-18 14:59:00,158 [grpc-default-executor-3] INFO  impl.RoleInfo (RoleInfo.java:updateAndGet(143)) - 6605b8a5-570b-4977-9ee7-6aaf3012bed5: start FollowerState
2019-10-18 14:59:00,158 [Thread-3122] INFO  impl.FollowerState (FollowerState.java:run(117)) - ddd4789c-894d-475a-bbfb-f6e7aa670c92@group-58A987F56150-FollowerState was interrupted: java.lang.InterruptedException: sleep interrupted
2019-10-18 14:59:00,158 [grpc-default-executor-0] INFO  impl.RoleInfo (RoleInfo.java:updateAndGet(143)) - ddd4789c-894d-475a-bbfb-f6e7aa670c92: start FollowerState
2019-10-18 14:59:00,184 [327657b1-60f8-49f2-b2a3-f63e1f934942@group-58A987F56150-LeaderElection420] INFO  impl.LeaderElection (LeaderElection.java:logAndReturn(56)) - 327657b1-60f8-49f2-b2a3-f63e1f934942@group-58A987F56150-LeaderElection420: Election REJECTED; received 2 response(s) [327657b1-60f8-49f2-b2a3-f63e1f934942<-6605b8a5-570b-4977-9ee7-6aaf3012bed5#0:FAIL-t482, 327657b1-60f8-49f2-b2a3-f63e1f934942<-ddd4789c-894d-475a-bbfb-f6e7aa670c92#0:FAIL-t482] and 0 exception(s); 327657b1-60f8-49f2-b2a3-f63e1f934942@group-58A987F56150:t482, leader=null, voted=327657b1-60f8-49f2-b2a3-f63e1f934942, raftlog=327657b1-60f8-49f2-b2a3-f63e1f934942@group-58A987F56150-SegmentedRaftLog:OPENED:c-1,f-1,i0, conf=-1: [6605b8a5-570b-4977-9ee7-6aaf3012bed5:192.168.164.233:35223, 327657b1-60f8-49f2-b2a3-f63e1f934942:192.168.164.233:41966, ddd4789c-894d-475a-bbfb-f6e7aa670c92:192.168.164.233:41061], old=null
2019-10-18 14:59:00,184 [327657b1-60f8-49f2-b2a3-f63e1f934942@group-58A987F56150-LeaderElection420] INFO  impl.RaftServerImpl (RaftServerImpl.java:setRole(184)) - 327657b1-60f8-49f2-b2a3-f63e1f934942@group-58A987F56150: changes role from CANDIDATE to FOLLOWER at term 482 for DISCOVERED_A_NEW_TERM
2019-10-18 14:59:00,184 [327657b1-60f8-49f2-b2a3-f63e1f934942@group-58A987F56150-LeaderElection420] INFO  impl.RoleInfo (RoleInfo.java:shutdownLeaderElection(134)) - 327657b1-60f8-49f2-b2a3-f63e1f934942: shutdown LeaderElection
2019-10-18 14:59:00,185 [327657b1-60f8-49f2-b2a3-f63e1f934942@group-58A987F56150-LeaderElection420] INFO  impl.RoleInfo (RoleInfo.java:updateAndGet(143)) - 327657b1-60f8-49f2-b2a3-f63e1f934942: start FollowerState
2019-10-18 14:59:00,187 [Thread-3130] INFO  impl.FollowerState (FollowerState.java:run(108)) - 327657b1-60f8-49f2-b2a3-f63e1f934942@group-58A987F56150-FollowerState: change to CANDIDATE, lastRpcTime:2ms, electionTimeout:2ms
2019-10-18 14:59:00,187 [Thread-3130] INFO  impl.RoleInfo (RoleInfo.java:shutdownFollowerState(121)) - 327657b1-60f8-49f2-b2a3-f63e1f934942: shutdown FollowerState
2019-10-18 14:59:00,187 [Thread-3130] INFO  impl.RaftServerImpl (RaftServerImpl.java:setRole(184)) - 327657b1-60f8-49f2-b2a3-f63e1f934942@group-58A987F56150: changes role from  FOLLOWER to CANDIDATE at term 482 for changeToCandidate
2019-10-18 14:59:00,187 [Thread-3130] INFO  impl.RoleInfo (RoleInfo.java:updateAndGet(143)) - 327657b1-60f8-49f2-b2a3-f63e1f934942: start LeaderElection
2019-10-18 14:59:00,200 [327657b1-60f8-49f2-b2a3-f63e1f934942@group-58A987F56150-LeaderElection421] INFO  impl.LeaderElection (LeaderElection.java:askForVotes(178)) - 327657b1-60f8-49f2-b2a3-f63e1f934942@group-58A987F56150-LeaderElection421: begin an election at term 483 for -1: [6605b8a5-570b-4977-9ee7-6aaf3012bed5:192.168.164.233:35223, 327657b1-60f8-49f2-b2a3-f63e1f934942:192.168.164.233:41966, ddd4789c-894d-475a-bbfb-f6e7aa670c92:192.168.164.233:41061], old=null
2019-10-18 14:59:00,202 [grpc-default-executor-0] INFO  impl.RaftServerImpl (RaftServerImpl.java:setRole(184)) - 6605b8a5-570b-4977-9ee7-6aaf3012bed5@group-58A987F56150: changes role from  FOLLOWER to FOLLOWER at term 483 for recognizeCandidate:327657b1-60f8-49f2-b2a3-f63e1f934942
2019-10-18 14:59:00,203 [grpc-default-executor-3] INFO  impl.RaftServerImpl (RaftServerImpl.java:setRole(184)) - ddd4789c-894d-475a-bbfb-f6e7aa670c92@group-58A987F56150: changes role from  FOLLOWER to FOLLOWER at term 483 for recognizeCandidate:327657b1-60f8-49f2-b2a3-f63e1f934942
2019-10-18 14:59:00,203 [grpc-default-executor-3] INFO  impl.RoleInfo (RoleInfo.java:shutdownFollowerState(121)) - ddd4789c-894d-475a-bbfb-f6e7aa670c92: shutdown FollowerState
2019-10-18 14:59:00,203 [grpc-default-executor-0] INFO  impl.RoleInfo (RoleInfo.java:shutdownFollowerState(121)) - 6605b8a5-570b-4977-9ee7-6aaf3012bed5: shutdown FollowerState
2019-10-18 14:59:00,203 [grpc-default-executor-0] INFO  impl.RoleInfo (RoleInfo.java:updateAndGet(143)) - 6605b8a5-570b-4977-9ee7-6aaf3012bed5: start FollowerState
2019-10-18 14:59:00,203 [Thread-3129] INFO  impl.FollowerState (FollowerState.java:run(117)) - ddd4789c-894d-475a-bbfb-f6e7aa670c92@group-58A987F56150-FollowerState was interrupted: java.lang.InterruptedException: sleep interrupted
2019-10-18 14:59:00,203 [grpc-default-executor-3] INFO  impl.RoleInfo (RoleInfo.java:updateAndGet(143)) - ddd4789c-894d-475a-bbfb-f6e7aa670c92: start FollowerState
2019-10-18 14:59:00,204 [Thread-3128] INFO  impl.FollowerState (FollowerState.java:run(117)) - 6605b8a5-570b-4977-9ee7-6aaf3012bed5@group-58A987F56150-FollowerState was interrupted: java.lang.InterruptedException: sleep interrupted
2019-10-18 14:59:00,218 [327657b1-60f8-49f2-b2a3-f63e1f934942@group-58A987F56150-LeaderElection421] INFO  impl.LeaderElection (LeaderElection.java:logAndReturn(56)) - 327657b1-60f8-49f2-b2a3-f63e1f934942@group-58A987F56150-LeaderElection421: Election REJECTED; received 2 response(s) [327657b1-60f8-49f2-b2a3-f63e1f934942<-6605b8a5-570b-4977-9ee7-6aaf3012bed5#0:FAIL-t483, 327657b1-60f8-49f2-b2a3-f63e1f934942<-ddd4789c-894d-475a-bbfb-f6e7aa670c92#0:FAIL-t483] and 0 exception(s); 327657b1-60f8-49f2-b2a3-f63e1f934942@group-58A987F56150:t483, leader=null, voted=327657b1-60f8-49f2-b2a3-f63e1f934942, raftlog=327657b1-60f8-49f2-b2a3-f63e1f934942@group-58A987F56150-SegmentedRaftLog:OPENED:c-1,f-1,i0, conf=-1: [6605b8a5-570b-4977-9ee7-6aaf3012bed5:192.168.164.233:35223, 327657b1-60f8-49f2-b2a3-f63e1f934942:192.168.164.233:41966, ddd4789c-894d-475a-bbfb-f6e7aa670c92:192.168.164.233:41061], old=null
2019-10-18 14:59:00,218 [327657b1-60f8-49f2-b2a3-f63e1f934942@group-58A987F56150-LeaderElection421] INFO  impl.RaftServerImpl (RaftServerImpl.java:setRole(184)) - 327657b1-60f8-49f2-b2a3-f63e1f934942@group-58A987F56150: changes role from CANDIDATE to FOLLOWER at term 483 for DISCOVERED_A_NEW_TERM
2019-10-18 14:59:00,219 [327657b1-60f8-49f2-b2a3-f63e1f934942@group-58A987F56150-LeaderElection421] INFO  impl.RoleInfo (RoleInfo.java:shutdownLeaderElection(134)) - 327657b1-60f8-49f2-b2a3-f63e1f934942: shutdown LeaderElection
2019-10-18 14:59:00,219 [327657b1-60f8-49f2-b2a3-f63e1f934942@group-58A987F56150-LeaderElection421] INFO  impl.RoleInfo (RoleInfo.java:updateAndGet(143)) - 327657b1-60f8-49f2-b2a3-f63e1f934942: start FollowerState
2019-10-18 14:59:00,349 [Thread-3136] INFO  impl.FollowerState (FollowerState.java:run(108)) - 327657b1-60f8-49f2-b2a3-f63e1f934942@group-58A987F56150-FollowerState: change to CANDIDATE, lastRpcTime:130ms, electionTimeout:130ms
2019-10-18 14:59:00,349 [Thread-3136] INFO  impl.RoleInfo (RoleInfo.java:shutdownFollowerState(121)) - 327657b1-60f8-49f2-b2a3-f63e1f934942: shutdown FollowerState
2019-10-18 14:59:00,350 [Thread-3136] INFO  impl.RaftServerImpl (RaftServerImpl.java:setRole(184)) - 327657b1-60f8-49f2-b2a3-f63e1f934942@group-58A987F56150: changes role from  FOLLOWER to CANDIDATE at term 483 for changeToCandidate
2019-10-18 14:59:00,350 [Thread-3136] INFO  impl.RoleInfo (RoleInfo.java:updateAndGet(143)) - 327657b1-60f8-49f2-b2a3-f63e1f934942: start LeaderElection
2019-10-18 14:59:00,384 [327657b1-60f8-49f2-b2a3-f63e1f934942@group-58A987F56150-LeaderElection422] INFO  impl.LeaderElection (LeaderElection.java:askForVotes(178)) - 327657b1-60f8-49f2-b2a3-f63e1f934942@group-58A987F56150-LeaderElection422: begin an election at term 484 for -1: [6605b8a5-570b-4977-9ee7-6aaf3012bed5:192.168.164.233:35223, 327657b1-60f8-49f2-b2a3-f63e1f934942:192.168.164.233:41966, ddd4789c-894d-475a-bbfb-f6e7aa670c92:192.168.164.233:41061], old=null
2019-10-18 14:59:00,386 [grpc-default-executor-3] INFO  impl.RaftServerImpl (RaftServerImpl.java:setRole(184)) - 6605b8a5-570b-4977-9ee7-6aaf3012bed5@group-58A987F56150: changes role from  FOLLOWER to FOLLOWER at term 484 for recognizeCandidate:327657b1-60f8-49f2-b2a3-f63e1f934942
2019-10-18 14:59:00,386 [grpc-default-executor-0] INFO  impl.RaftServerImpl (RaftServerImpl.java:setRole(184)) - ddd4789c-894d-475a-bbfb-f6e7aa670c92@group-58A987F56150: changes role from  FOLLOWER to FOLLOWER at term 484 for recognizeCandidate:327657b1-60f8-49f2-b2a3-f63e1f934942
2019-10-18 14:59:00,386 [grpc-default-executor-0] INFO  impl.RoleInfo (RoleInfo.java:shutdownFollowerState(121)) - ddd4789c-894d-475a-bbfb-f6e7aa670c92: shutdown FollowerState
2019-10-18 14:59:00,386 [grpc-default-executor-3] INFO  impl.RoleInfo (RoleInfo.java:shutdownFollowerState(121)) - 6605b8a5-570b-4977-9ee7-6aaf3012bed5: shutdown FollowerState
2019-10-18 14:59:00,386 [Thread-3134] INFO  impl.FollowerState (FollowerState.java:run(117)) - ddd4789c-894d-475a-bbfb-f6e7aa670c92@group-58A987F56150-FollowerState was interrupted: java.lang.InterruptedException: sleep interrupted
2019-10-18 14:59:00,386 [grpc-default-executor-0] INFO  impl.RoleInfo (RoleInfo.java:updateAndGet(143)) - ddd4789c-894d-475a-bbfb-f6e7aa670c92: start FollowerState
2019-10-18 14:59:00,386 [Thread-3135] INFO  impl.FollowerState (FollowerState.java:run(117)) - 6605b8a5-570b-4977-9ee7-6aaf3012bed5@group-58A987F56150-FollowerState was interrupted: java.lang.InterruptedException: sleep interrupted
2019-10-18 14:59:00,386 [grpc-default-executor-3] INFO  impl.RoleInfo (RoleInfo.java:updateAndGet(143)) - 6605b8a5-570b-4977-9ee7-6aaf3012bed5: start FollowerState
2019-10-18 14:59:00,401 [327657b1-60f8-49f2-b2a3-f63e1f934942@group-58A987F56150-LeaderElection422] INFO  impl.LeaderElection (LeaderElection.java:logAndReturn(56)) - 327657b1-60f8-49f2-b2a3-f63e1f934942@group-58A987F56150-LeaderElection422: Election REJECTED; received 2 response(s) [327657b1-60f8-49f2-b2a3-f63e1f934942<-6605b8a5-570b-4977-9ee7-6aaf3012bed5#0:FAIL-t484, 327657b1-60f8-49f2-b2a3-f63e1f934942<-ddd4789c-894d-475a-bbfb-f6e7aa670c92#0:FAIL-t484] and 0 exception(s); 327657b1-60f8-49f2-b2a3-f63e1f934942@group-58A987F56150:t484, leader=null, voted=327657b1-60f8-49f2-b2a3-f63e1f934942, raftlog=327657b1-60f8-49f2-b2a3-f63e1f934942@group-58A987F56150-SegmentedRaftLog:OPENED:c-1,f-1,i0, conf=-1: [6605b8a5-570b-4977-9ee7-6aaf3012bed5:192.168.164.233:35223, 327657b1-60f8-49f2-b2a3-f63e1f934942:192.168.164.233:41966, ddd4789c-894d-475a-bbfb-f6e7aa670c92:192.168.164.233:41061], old=null
2019-10-18 14:59:00,401 [327657b1-60f8-49f2-b2a3-f63e1f934942@group-58A987F56150-LeaderElection422] INFO  impl.RaftServerImpl (RaftServerImpl.java:setRole(184)) - 327657b1-60f8-49f2-b2a3-f63e1f934942@group-58A987F56150: changes role from CANDIDATE to FOLLOWER at term 484 for DISCOVERED_A_NEW_TERM
2019-10-18 14:59:00,401 [327657b1-60f8-49f2-b2a3-f63e1f934942@group-58A987F56150-LeaderElection422] INFO  impl.RoleInfo (RoleInfo.java:shutdownLeaderElection(134)) - 327657b1-60f8-49f2-b2a3-f63e1f934942: shutdown LeaderElection
2019-10-18 14:59:00,402 [327657b1-60f8-49f2-b2a3-f63e1f934942@group-58A987F56150-LeaderElection422] INFO  impl.RoleInfo (RoleInfo.java:updateAndGet(143)) - 327657b1-60f8-49f2-b2a3-f63e1f934942: start FollowerState
2019-10-18 14:59:00,586 [Thread-3144] INFO  impl.FollowerState (FollowerState.java:run(108)) - 327657b1-60f8-49f2-b2a3-f63e1f934942@group-58A987F56150-FollowerState: change to CANDIDATE, lastRpcTime:184ms, electionTimeout:184ms
2019-10-18 14:59:00,586 [Thread-3144] INFO  impl.RoleInfo (RoleInfo.java:shutdownFollowerState(121)) - 327657b1-60f8-49f2-b2a3-f63e1f934942: shutdown FollowerState
2019-10-18 14:59:00,586 [Thread-3144] INFO  impl.RaftServerImpl (RaftServerImpl.java:setRole(184)) - 327657b1-60f8-49f2-b2a3-f63e1f934942@group-58A987F56150: changes role from  FOLLOWER to CANDIDATE at term 484 for changeToCandidate
2019-10-18 14:59:00,586 [Thread-3144] INFO  impl.RoleInfo (RoleInfo.java:updateAndGet(143)) - 327657b1-60f8-49f2-b2a3-f63e1f934942: start LeaderElection
2019-10-18 14:59:00,599 [327657b1-60f8-49f2-b2a3-f63e1f934942@group-58A987F56150-LeaderElection423] INFO  impl.LeaderElection (LeaderElection.java:askForVotes(178)) - 327657b1-60f8-49f2-b2a3-f63e1f934942@group-58A987F56150-LeaderElection423: begin an election at term 485 for -1: [6605b8a5-570b-4977-9ee7-6aaf3012bed5:192.168.164.233:35223, 327657b1-60f8-49f2-b2a3-f63e1f934942:192.168.164.233:41966, ddd4789c-894d-475a-bbfb-f6e7aa670c92:192.168.164.233:41061], old=null
2019-10-18 14:59:00,601 [grpc-default-executor-3] INFO  impl.RaftServerImpl (RaftServerImpl.java:setRole(184)) - 6605b8a5-570b-4977-9ee7-6aaf3012bed5@group-58A987F56150: changes role from  FOLLOWER to FOLLOWER at term 485 for recognizeCandidate:327657b1-60f8-49f2-b2a3-f63e1f934942
2019-10-18 14:59:00,601 [grpc-default-executor-3] INFO  impl.RoleInfo (RoleInfo.java:shutdownFollowerState(121)) - 6605b8a5-570b-4977-9ee7-6aaf3012bed5: shutdown FollowerState
2019-10-18 14:59:00,601 [grpc-default-executor-0] INFO  impl.RaftServerImpl (RaftServerImpl.java:setRole(184)) - ddd4789c-894d-475a-bbfb-f6e7aa670c92@group-58A987F56150: changes role from  FOLLOWER to FOLLOWER at term 485 for recognizeCandidate:327657b1-60f8-49f2-b2a3-f63e1f934942
2019-10-18 14:59:00,602 [grpc-default-executor-0] INFO  impl.RoleInfo (RoleInfo.java:shutdownFollowerState(121)) - ddd4789c-894d-475a-bbfb-f6e7aa670c92: shutdown FollowerState
2019-10-18 14:59:00,602 [grpc-default-executor-3] INFO  impl.RoleInfo (RoleInfo.java:updateAndGet(143)) - 6605b8a5-570b-4977-9ee7-6aaf3012bed5: start FollowerState
2019-10-18 14:59:00,602 [Thread-3143] INFO  impl.FollowerState (FollowerState.java:run(117)) - 6605b8a5-570b-4977-9ee7-6aaf3012bed5@group-58A987F56150-FollowerState was interrupted: java.lang.InterruptedException: sleep interrupted
2019-10-18 14:59:00,602 [Thread-3142] INFO  impl.FollowerState (FollowerState.java:run(117)) - ddd4789c-894d-475a-bbfb-f6e7aa670c92@group-58A987F56150-FollowerState was interrupted: java.lang.InterruptedException: sleep interrupted
2019-10-18 14:59:00,602 [grpc-default-executor-0] INFO  impl.RoleInfo (RoleInfo.java:updateAndGet(143)) - ddd4789c-894d-475a-bbfb-f6e7aa670c92: start FollowerState
2019-10-18 14:59:00,620 [327657b1-60f8-49f2-b2a3-f63e1f934942@group-58A987F56150-LeaderElection423] INFO  impl.LeaderElection (LeaderElection.java:logAndReturn(56)) - 327657b1-60f8-49f2-b2a3-f63e1f934942@group-58A987F56150-LeaderElection423: Election REJECTED; received 2 response(s) [327657b1-60f8-49f2-b2a3-f63e1f934942<-6605b8a5-570b-4977-9ee7-6aaf3012bed5#0:FAIL-t485, 327657b1-60f8-49f2-b2a3-f63e1f934942<-ddd4789c-894d-475a-bbfb-f6e7aa670c92#0:FAIL-t485] and 0 exception(s); 327657b1-60f8-49f2-b2a3-f63e1f934942@group-58A987F56150:t485, leader=null, voted=327657b1-60f8-49f2-b2a3-f63e1f934942, raftlog=327657b1-60f8-49f2-b2a3-f63e1f934942@group-58A987F56150-SegmentedRaftLog:OPENED:c-1,f-1,i0, conf=-1: [6605b8a5-570b-4977-9ee7-6aaf3012bed5:192.168.164.233:35223, 327657b1-60f8-49f2-b2a3-f63e1f934942:192.168.164.233:41966, ddd4789c-894d-475a-bbfb-f6e7aa670c92:192.168.164.233:41061], old=null
2019-10-18 14:59:00,621 [327657b1-60f8-49f2-b2a3-f63e1f934942@group-58A987F56150-LeaderElection423] INFO  impl.RaftServerImpl (RaftServerImpl.java:setRole(184)) - 327657b1-60f8-49f2-b2a3-f63e1f934942@group-58A987F56150: changes role from CANDIDATE to FOLLOWER at term 485 for DISCOVERED_A_NEW_TERM
2019-10-18 14:59:00,621 [327657b1-60f8-49f2-b2a3-f63e1f934942@group-58A987F56150-LeaderElection423] INFO  impl.RoleInfo (RoleInfo.java:shutdownLeaderElection(134)) - 327657b1-60f8-49f2-b2a3-f63e1f934942: shutdown LeaderElection
2019-10-18 14:59:00,621 [327657b1-60f8-49f2-b2a3-f63e1f934942@group-58A987F56150-LeaderElection423] INFO  impl.RoleInfo (RoleInfo.java:updateAndGet(143)) - 327657b1-60f8-49f2-b2a3-f63e1f934942: start FollowerState
2019-10-18 14:59:00,656 [Thread-3150] INFO  impl.FollowerState (FollowerState.java:run(108)) - 327657b1-60f8-49f2-b2a3-f63e1f934942@group-58A987F56150-FollowerState: change to CANDIDATE, lastRpcTime:35ms, electionTimeout:35ms
2019-10-18 14:59:00,657 [Thread-3150] INFO  impl.RoleInfo (RoleInfo.java:shutdownFollowerState(121)) - 327657b1-60f8-49f2-b2a3-f63e1f934942: shutdown FollowerState
2019-10-18 14:59:00,657 [Thread-3150] INFO  impl.RaftServerImpl (RaftServerImpl.java:setRole(184)) - 327657b1-60f8-49f2-b2a3-f63e1f934942@group-58A987F56150: changes role from  FOLLOWER to CANDIDATE at term 485 for changeToCandidate
2019-10-18 14:59:00,657 [Thread-3150] INFO  impl.RoleInfo (RoleInfo.java:updateAndGet(143)) - 327657b1-60f8-49f2-b2a3-f63e1f934942: start LeaderElection
2019-10-18 14:59:00,670 [327657b1-60f8-49f2-b2a3-f63e1f934942@group-58A987F56150-LeaderElection424] INFO  impl.LeaderElection (LeaderElection.java:askForVotes(178)) - 327657b1-60f8-49f2-b2a3-f63e1f934942@group-58A987F56150-LeaderElection424: begin an election at term 486 for -1: [6605b8a5-570b-4977-9ee7-6aaf3012bed5:192.168.164.233:35223, 327657b1-60f8-49f2-b2a3-f63e1f934942:192.168.164.233:41966, ddd4789c-894d-475a-bbfb-f6e7aa670c92:192.168.164.233:41061], old=null
2019-10-18 14:59:00,672 [grpc-default-executor-3] INFO  impl.RaftServerImpl (RaftServerImpl.java:setRole(184)) - 6605b8a5-570b-4977-9ee7-6aaf3012bed5@group-58A987F56150: changes role from  FOLLOWER to FOLLOWER at term 486 for recognizeCandidate:327657b1-60f8-49f2-b2a3-f63e1f934942
2019-10-18 14:59:00,672 [grpc-default-executor-3] INFO  impl.RoleInfo (RoleInfo.java:shutdownFollowerState(121)) - 6605b8a5-570b-4977-9ee7-6aaf3012bed5: shutdown FollowerState
2019-10-18 14:59:00,672 [grpc-default-executor-0] INFO  impl.RaftServerImpl (RaftServerImpl.java:setRole(184)) - ddd4789c-894d-475a-bbfb-f6e7aa670c92@group-58A987F56150: changes role from  FOLLOWER to FOLLOWER at term 486 for recognizeCandidate:327657b1-60f8-49f2-b2a3-f63e1f934942
2019-10-18 14:59:00,672 [grpc-default-executor-0] INFO  impl.RoleInfo (RoleInfo.java:shutdownFollowerState(121)) - ddd4789c-894d-475a-bbfb-f6e7aa670c92: shutdown FollowerState
2019-10-18 14:59:00,672 [Thread-3148] INFO  impl.FollowerState (FollowerState.java:run(117)) - 6605b8a5-570b-4977-9ee7-6aaf3012bed5@group-58A987F56150-FollowerState was interrupted: java.lang.InterruptedException: sleep interrupted
2019-10-18 14:59:00,672 [Thread-3149] INFO  impl.FollowerState (FollowerState.java:run(117)) - ddd4789c-894d-475a-bbfb-f6e7aa670c92@group-58A987F56150-FollowerState was interrupted: java.lang.InterruptedException: sleep interrupted
2019-10-18 14:59:00,672 [grpc-default-executor-3] INFO  impl.RoleInfo (RoleInfo.java:updateAndGet(143)) - 6605b8a5-570b-4977-9ee7-6aaf3012bed5: start FollowerState
2019-10-18 14:59:00,672 [grpc-default-executor-0] INFO  impl.RoleInfo (RoleInfo.java:updateAndGet(143)) - ddd4789c-894d-475a-bbfb-f6e7aa670c92: start FollowerState
2019-10-18 14:59:00,687 [327657b1-60f8-49f2-b2a3-f63e1f934942@group-58A987F56150-LeaderElection424] INFO  impl.LeaderElection (LeaderElection.java:logAndReturn(56)) - 327657b1-60f8-49f2-b2a3-f63e1f934942@group-58A987F56150-LeaderElection424: Election REJECTED; received 2 response(s) [327657b1-60f8-49f2-b2a3-f63e1f934942<-6605b8a5-570b-4977-9ee7-6aaf3012bed5#0:FAIL-t486, 327657b1-60f8-49f2-b2a3-f63e1f934942<-ddd4789c-894d-475a-bbfb-f6e7aa670c92#0:FAIL-t486] and 0 exception(s); 327657b1-60f8-49f2-b2a3-f63e1f934942@group-58A987F56150:t486, leader=null, voted=327657b1-60f8-49f2-b2a3-f63e1f934942, raftlog=327657b1-60f8-49f2-b2a3-f63e1f934942@group-58A987F56150-SegmentedRaftLog:OPENED:c-1,f-1,i0, conf=-1: [6605b8a5-570b-4977-9ee7-6aaf3012bed5:192.168.164.233:35223, 327657b1-60f8-49f2-b2a3-f63e1f934942:192.168.164.233:41966, ddd4789c-894d-475a-bbfb-f6e7aa670c92:192.168.164.233:41061], old=null
2019-10-18 14:59:00,687 [327657b1-60f8-49f2-b2a3-f63e1f934942@group-58A987F56150-LeaderElection424] INFO  impl.RaftServerImpl (RaftServerImpl.java:setRole(184)) - 327657b1-60f8-49f2-b2a3-f63e1f934942@group-58A987F56150: changes role from CANDIDATE to FOLLOWER at term 486 for DISCOVERED_A_NEW_TERM
2019-10-18 14:59:00,687 [327657b1-60f8-49f2-b2a3-f63e1f934942@group-58A987F56150-LeaderElection424] INFO  impl.RoleInfo (RoleInfo.java:shutdownLeaderElection(134)) - 327657b1-60f8-49f2-b2a3-f63e1f934942: shutdown LeaderElection
2019-10-18 14:59:00,687 [327657b1-60f8-49f2-b2a3-f63e1f934942@group-58A987F56150-LeaderElection424] INFO  impl.RoleInfo (RoleInfo.java:updateAndGet(143)) - 327657b1-60f8-49f2-b2a3-f63e1f934942: start FollowerState
2019-10-18 14:59:00,739 [Datanode State Machine Thread - 0] INFO  statemachine.DatanodeStateMachine (DatanodeStateMachine.java:lambda$startDaemon$0(350)) - Ozone container server started.
2019-10-18 14:59:00,741 [Datanode State Machine Thread - 0] INFO  statemachine.DatanodeStateMachine (DatanodeStateMachine.java:lambda$startDaemon$0(350)) - Ozone container server started.
2019-10-18 14:59:00,792 [Thread-3156] INFO  impl.FollowerState (FollowerState.java:run(108)) - 327657b1-60f8-49f2-b2a3-f63e1f934942@group-58A987F56150-FollowerState: change to CANDIDATE, lastRpcTime:105ms, electionTimeout:105ms
2019-10-18 14:59:00,793 [Thread-3156] INFO  impl.RoleInfo (RoleInfo.java:shutdownFollowerState(121)) - 327657b1-60f8-49f2-b2a3-f63e1f934942: shutdown FollowerState
2019-10-18 14:59:00,793 [Thread-3156] INFO  impl.RaftServerImpl (RaftServerImpl.java:setRole(184)) - 327657b1-60f8-49f2-b2a3-f63e1f934942@group-58A987F56150: changes role from  FOLLOWER to CANDIDATE at term 486 for changeToCandidate
2019-10-18 14:59:00,793 [Thread-3156] INFO  impl.RoleInfo (RoleInfo.java:updateAndGet(143)) - 327657b1-60f8-49f2-b2a3-f63e1f934942: start LeaderElection
2019-10-18 14:59:00,806 [327657b1-60f8-49f2-b2a3-f63e1f934942@group-58A987F56150-LeaderElection425] INFO  impl.LeaderElection (LeaderElection.java:askForVotes(178)) - 327657b1-60f8-49f2-b2a3-f63e1f934942@group-58A987F56150-LeaderElection425: begin an election at term 487 for -1: [6605b8a5-570b-4977-9ee7-6aaf3012bed5:192.168.164.233:35223, 327657b1-60f8-49f2-b2a3-f63e1f934942:192.168.164.233:41966, ddd4789c-894d-475a-bbfb-f6e7aa670c92:192.168.164.233:41061], old=null
2019-10-18 14:59:00,807 [327657b1-60f8-49f2-b2a3-f63e1f934942@group-58A987F56150-LeaderElection425] INFO  impl.LeaderElection (LeaderElection.java:logAndReturn(56)) - 327657b1-60f8-49f2-b2a3-f63e1f934942@group-58A987F56150-LeaderElection425: Election TIMEOUT; received 0 response(s) [] and 0 exception(s); 327657b1-60f8-49f2-b2a3-f63e1f934942@group-58A987F56150:t487, leader=null, voted=327657b1-60f8-49f2-b2a3-f63e1f934942, raftlog=327657b1-60f8-49f2-b2a3-f63e1f934942@group-58A987F56150-SegmentedRaftLog:OPENED:c-1,f-1,i0, conf=-1: [6605b8a5-570b-4977-9ee7-6aaf3012bed5:192.168.164.233:35223, 327657b1-60f8-49f2-b2a3-f63e1f934942:192.168.164.233:41966, ddd4789c-894d-475a-bbfb-f6e7aa670c92:192.168.164.233:41061], old=null
2019-10-18 14:59:00,808 [grpc-default-executor-0] INFO  impl.RaftServerImpl (RaftServerImpl.java:setRole(184)) - ddd4789c-894d-475a-bbfb-f6e7aa670c92@group-58A987F56150: changes role from  FOLLOWER to FOLLOWER at term 487 for recognizeCandidate:327657b1-60f8-49f2-b2a3-f63e1f934942
2019-10-18 14:59:00,808 [grpc-default-executor-3] INFO  impl.RaftServerImpl (RaftServerImpl.java:setRole(184)) - 6605b8a5-570b-4977-9ee7-6aaf3012bed5@group-58A987F56150: changes role from  FOLLOWER to FOLLOWER at term 487 for recognizeCandidate:327657b1-60f8-49f2-b2a3-f63e1f934942
2019-10-18 14:59:00,809 [grpc-default-executor-3] INFO  impl.RoleInfo (RoleInfo.java:shutdownFollowerState(121)) - 6605b8a5-570b-4977-9ee7-6aaf3012bed5: shutdown FollowerState
2019-10-18 14:59:00,808 [grpc-default-executor-0] INFO  impl.RoleInfo (RoleInfo.java:shutdownFollowerState(121)) - ddd4789c-894d-475a-bbfb-f6e7aa670c92: shutdown FollowerState
2019-10-18 14:59:00,809 [Thread-3154] INFO  impl.FollowerState (FollowerState.java:run(117)) - 6605b8a5-570b-4977-9ee7-6aaf3012bed5@group-58A987F56150-FollowerState was interrupted: java.lang.InterruptedException: sleep interrupted
2019-10-18 14:59:00,809 [grpc-default-executor-3] INFO  impl.RoleInfo (RoleInfo.java:updateAndGet(143)) - 6605b8a5-570b-4977-9ee7-6aaf3012bed5: start FollowerState
2019-10-18 14:59:00,809 [Thread-3155] INFO  impl.FollowerState (FollowerState.java:run(117)) - ddd4789c-894d-475a-bbfb-f6e7aa670c92@group-58A987F56150-FollowerState was interrupted: java.lang.InterruptedException: sleep interrupted
2019-10-18 14:59:00,809 [grpc-default-executor-0] INFO  impl.RoleInfo (RoleInfo.java:updateAndGet(143)) - ddd4789c-894d-475a-bbfb-f6e7aa670c92: start FollowerState
2019-10-18 14:59:00,824 [327657b1-60f8-49f2-b2a3-f63e1f934942@group-58A987F56150-LeaderElection425] INFO  impl.LeaderElection (LeaderElection.java:askForVotes(178)) - 327657b1-60f8-49f2-b2a3-f63e1f934942@group-58A987F56150-LeaderElection425: begin an election at term 488 for -1: [6605b8a5-570b-4977-9ee7-6aaf3012bed5:192.168.164.233:35223, 327657b1-60f8-49f2-b2a3-f63e1f934942:192.168.164.233:41966, ddd4789c-894d-475a-bbfb-f6e7aa670c92:192.168.164.233:41061], old=null
2019-10-18 14:59:00,827 [grpc-default-executor-3] INFO  impl.RaftServerImpl (RaftServerImpl.java:setRole(184)) - ddd4789c-894d-475a-bbfb-f6e7aa670c92@group-58A987F56150: changes role from  FOLLOWER to FOLLOWER at term 488 for recognizeCandidate:327657b1-60f8-49f2-b2a3-f63e1f934942
2019-10-18 14:59:00,827 [grpc-default-executor-0] INFO  impl.RaftServerImpl (RaftServerImpl.java:setRole(184)) - 6605b8a5-570b-4977-9ee7-6aaf3012bed5@group-58A987F56150: changes role from  FOLLOWER to FOLLOWER at term 488 for recognizeCandidate:327657b1-60f8-49f2-b2a3-f63e1f934942
2019-10-18 14:59:00,827 [grpc-default-executor-3] INFO  impl.RoleInfo (RoleInfo.java:shutdownFollowerState(121)) - ddd4789c-894d-475a-bbfb-f6e7aa670c92: shutdown FollowerState
2019-10-18 14:59:00,827 [grpc-default-executor-0] INFO  impl.RoleInfo (RoleInfo.java:shutdownFollowerState(121)) - 6605b8a5-570b-4977-9ee7-6aaf3012bed5: shutdown FollowerState
2019-10-18 14:59:00,827 [Thread-3161] INFO  impl.FollowerState (FollowerState.java:run(117)) - ddd4789c-894d-475a-bbfb-f6e7aa670c92@group-58A987F56150-FollowerState was interrupted: java.lang.InterruptedException: sleep interrupted
2019-10-18 14:59:00,827 [grpc-default-executor-3] INFO  impl.RoleInfo (RoleInfo.java:updateAndGet(143)) - ddd4789c-894d-475a-bbfb-f6e7aa670c92: start FollowerState
2019-10-18 14:59:00,828 [Thread-3160] INFO  impl.FollowerState (FollowerState.java:run(117)) - 6605b8a5-570b-4977-9ee7-6aaf3012bed5@group-58A987F56150-FollowerState was interrupted: java.lang.InterruptedException: sleep interrupted
2019-10-18 14:59:00,828 [grpc-default-executor-0] INFO  impl.RoleInfo (RoleInfo.java:updateAndGet(143)) - 6605b8a5-570b-4977-9ee7-6aaf3012bed5: start FollowerState
2019-10-18 14:59:00,833 [327657b1-60f8-49f2-b2a3-f63e1f934942@group-58A987F56150-LeaderElection425] INFO  impl.LeaderElection (LeaderElection.java:logAndReturn(56)) - 327657b1-60f8-49f2-b2a3-f63e1f934942@group-58A987F56150-LeaderElection425: Election REJECTED; received 2 response(s) [327657b1-60f8-49f2-b2a3-f63e1f934942<-6605b8a5-570b-4977-9ee7-6aaf3012bed5#0:FAIL-t488, 327657b1-60f8-49f2-b2a3-f63e1f934942<-ddd4789c-894d-475a-bbfb-f6e7aa670c92#0:FAIL-t488] and 0 exception(s); 327657b1-60f8-49f2-b2a3-f63e1f934942@group-58A987F56150:t488, leader=null, voted=327657b1-60f8-49f2-b2a3-f63e1f934942, raftlog=327657b1-60f8-49f2-b2a3-f63e1f934942@group-58A987F56150-SegmentedRaftLog:OPENED:c-1,f-1,i0, conf=-1: [6605b8a5-570b-4977-9ee7-6aaf3012bed5:192.168.164.233:35223, 327657b1-60f8-49f2-b2a3-f63e1f934942:192.168.164.233:41966, ddd4789c-894d-475a-bbfb-f6e7aa670c92:192.168.164.233:41061], old=null
2019-10-18 14:59:00,833 [327657b1-60f8-49f2-b2a3-f63e1f934942@group-58A987F56150-LeaderElection425] INFO  impl.RaftServerImpl (RaftServerImpl.java:setRole(184)) - 327657b1-60f8-49f2-b2a3-f63e1f934942@group-58A987F56150: changes role from CANDIDATE to FOLLOWER at term 488 for DISCOVERED_A_NEW_TERM
2019-10-18 14:59:00,834 [327657b1-60f8-49f2-b2a3-f63e1f934942@group-58A987F56150-LeaderElection425] INFO  impl.RoleInfo (RoleInfo.java:shutdownLeaderElection(134)) - 327657b1-60f8-49f2-b2a3-f63e1f934942: shutdown LeaderElection
2019-10-18 14:59:00,834 [327657b1-60f8-49f2-b2a3-f63e1f934942@group-58A987F56150-LeaderElection425] INFO  impl.RoleInfo (RoleInfo.java:updateAndGet(143)) - 327657b1-60f8-49f2-b2a3-f63e1f934942: start FollowerState
2019-10-18 14:59:01,027 [Thread-3166] INFO  impl.FollowerState (FollowerState.java:run(108)) - 327657b1-60f8-49f2-b2a3-f63e1f934942@group-58A987F56150-FollowerState: change to CANDIDATE, lastRpcTime:193ms, electionTimeout:193ms
2019-10-18 14:59:01,027 [Thread-3166] INFO  impl.RoleInfo (RoleInfo.java:shutdownFollowerState(121)) - 327657b1-60f8-49f2-b2a3-f63e1f934942: shutdown FollowerState
2019-10-18 14:59:01,027 [Thread-3166] INFO  impl.RaftServerImpl (RaftServerImpl.java:setRole(184)) - 327657b1-60f8-49f2-b2a3-f63e1f934942@group-58A987F56150: changes role from  FOLLOWER to CANDIDATE at term 488 for changeToCandidate
2019-10-18 14:59:01,028 [Thread-3166] INFO  impl.RoleInfo (RoleInfo.java:updateAndGet(143)) - 327657b1-60f8-49f2-b2a3-f63e1f934942: start LeaderElection
2019-10-18 14:59:01,051 [327657b1-60f8-49f2-b2a3-f63e1f934942@group-58A987F56150-LeaderElection426] INFO  impl.LeaderElection (LeaderElection.java:askForVotes(178)) - 327657b1-60f8-49f2-b2a3-f63e1f934942@group-58A987F56150-LeaderElection426: begin an election at term 489 for -1: [6605b8a5-570b-4977-9ee7-6aaf3012bed5:192.168.164.233:35223, 327657b1-60f8-49f2-b2a3-f63e1f934942:192.168.164.233:41966, ddd4789c-894d-475a-bbfb-f6e7aa670c92:192.168.164.233:41061], old=null
2019-10-18 14:59:01,053 [grpc-default-executor-0] INFO  impl.RaftServerImpl (RaftServerImpl.java:setRole(184)) - 6605b8a5-570b-4977-9ee7-6aaf3012bed5@group-58A987F56150: changes role from  FOLLOWER to FOLLOWER at term 489 for recognizeCandidate:327657b1-60f8-49f2-b2a3-f63e1f934942
2019-10-18 14:59:01,054 [grpc-default-executor-3] INFO  impl.RaftServerImpl (RaftServerImpl.java:setRole(184)) - ddd4789c-894d-475a-bbfb-f6e7aa670c92@group-58A987F56150: changes role from  FOLLOWER to FOLLOWER at term 489 for recognizeCandidate:327657b1-60f8-49f2-b2a3-f63e1f934942
2019-10-18 14:59:01,054 [grpc-default-executor-0] INFO  impl.RoleInfo (RoleInfo.java:shutdownFollowerState(121)) - 6605b8a5-570b-4977-9ee7-6aaf3012bed5: shutdown FollowerState
2019-10-18 14:59:01,054 [grpc-default-executor-3] INFO  impl.RoleInfo (RoleInfo.java:shutdownFollowerState(121)) - ddd4789c-894d-475a-bbfb-f6e7aa670c92: shutdown FollowerState
2019-10-18 14:59:01,054 [Thread-3165] INFO  impl.FollowerState (FollowerState.java:run(117)) - 6605b8a5-570b-4977-9ee7-6aaf3012bed5@group-58A987F56150-FollowerState was interrupted: java.lang.InterruptedException: sleep interrupted
2019-10-18 14:59:01,054 [Thread-3164] INFO  impl.FollowerState (FollowerState.java:run(117)) - ddd4789c-894d-475a-bbfb-f6e7aa670c92@group-58A987F56150-FollowerState was interrupted: java.lang.InterruptedException: sleep interrupted
2019-10-18 14:59:01,054 [grpc-default-executor-0] INFO  impl.RoleInfo (RoleInfo.java:updateAndGet(143)) - 6605b8a5-570b-4977-9ee7-6aaf3012bed5: start FollowerState
2019-10-18 14:59:01,054 [grpc-default-executor-3] INFO  impl.RoleInfo (RoleInfo.java:updateAndGet(143)) - ddd4789c-894d-475a-bbfb-f6e7aa670c92: start FollowerState
2019-10-18 14:59:01,080 [327657b1-60f8-49f2-b2a3-f63e1f934942@group-58A987F56150-LeaderElection426] INFO  impl.LeaderElection (LeaderElection.java:logAndReturn(56)) - 327657b1-60f8-49f2-b2a3-f63e1f934942@group-58A987F56150-LeaderElection426: Election REJECTED; received 2 response(s) [327657b1-60f8-49f2-b2a3-f63e1f934942<-6605b8a5-570b-4977-9ee7-6aaf3012bed5#0:FAIL-t489, 327657b1-60f8-49f2-b2a3-f63e1f934942<-ddd4789c-894d-475a-bbfb-f6e7aa670c92#0:FAIL-t489] and 0 exception(s); 327657b1-60f8-49f2-b2a3-f63e1f934942@group-58A987F56150:t489, leader=null, voted=327657b1-60f8-49f2-b2a3-f63e1f934942, raftlog=327657b1-60f8-49f2-b2a3-f63e1f934942@group-58A987F56150-SegmentedRaftLog:OPENED:c-1,f-1,i0, conf=-1: [6605b8a5-570b-4977-9ee7-6aaf3012bed5:192.168.164.233:35223, 327657b1-60f8-49f2-b2a3-f63e1f934942:192.168.164.233:41966, ddd4789c-894d-475a-bbfb-f6e7aa670c92:192.168.164.233:41061], old=null
2019-10-18 14:59:01,080 [327657b1-60f8-49f2-b2a3-f63e1f934942@group-58A987F56150-LeaderElection426] INFO  impl.RaftServerImpl (RaftServerImpl.java:setRole(184)) - 327657b1-60f8-49f2-b2a3-f63e1f934942@group-58A987F56150: changes role from CANDIDATE to FOLLOWER at term 489 for DISCOVERED_A_NEW_TERM
2019-10-18 14:59:01,081 [327657b1-60f8-49f2-b2a3-f63e1f934942@group-58A987F56150-LeaderElection426] INFO  impl.RoleInfo (RoleInfo.java:shutdownLeaderElection(134)) - 327657b1-60f8-49f2-b2a3-f63e1f934942: shutdown LeaderElection
2019-10-18 14:59:01,081 [327657b1-60f8-49f2-b2a3-f63e1f934942@group-58A987F56150-LeaderElection426] INFO  impl.RoleInfo (RoleInfo.java:updateAndGet(143)) - 327657b1-60f8-49f2-b2a3-f63e1f934942: start FollowerState
2019-10-18 14:59:01,195 [Thread-3172] INFO  impl.FollowerState (FollowerState.java:run(108)) - 327657b1-60f8-49f2-b2a3-f63e1f934942@group-58A987F56150-FollowerState: change to CANDIDATE, lastRpcTime:114ms, electionTimeout:114ms
2019-10-18 14:59:01,195 [Thread-3172] INFO  impl.RoleInfo (RoleInfo.java:shutdownFollowerState(121)) - 327657b1-60f8-49f2-b2a3-f63e1f934942: shutdown FollowerState
2019-10-18 14:59:01,195 [Thread-3172] INFO  impl.RaftServerImpl (RaftServerImpl.java:setRole(184)) - 327657b1-60f8-49f2-b2a3-f63e1f934942@group-58A987F56150: changes role from  FOLLOWER to CANDIDATE at term 489 for changeToCandidate
2019-10-18 14:59:01,196 [Thread-3172] INFO  impl.RoleInfo (RoleInfo.java:updateAndGet(143)) - 327657b1-60f8-49f2-b2a3-f63e1f934942: start LeaderElection
2019-10-18 14:59:01,228 [327657b1-60f8-49f2-b2a3-f63e1f934942@group-58A987F56150-LeaderElection427] INFO  impl.LeaderElection (LeaderElection.java:askForVotes(178)) - 327657b1-60f8-49f2-b2a3-f63e1f934942@group-58A987F56150-LeaderElection427: begin an election at term 490 for -1: [6605b8a5-570b-4977-9ee7-6aaf3012bed5:192.168.164.233:35223, 327657b1-60f8-49f2-b2a3-f63e1f934942:192.168.164.233:41966, ddd4789c-894d-475a-bbfb-f6e7aa670c92:192.168.164.233:41061], old=null
2019-10-18 14:59:01,230 [grpc-default-executor-3] INFO  impl.RaftServerImpl (RaftServerImpl.java:setRole(184)) - 6605b8a5-570b-4977-9ee7-6aaf3012bed5@group-58A987F56150: changes role from  FOLLOWER to FOLLOWER at term 490 for recognizeCandidate:327657b1-60f8-49f2-b2a3-f63e1f934942
2019-10-18 14:59:01,230 [grpc-default-executor-0] INFO  impl.RaftServerImpl (RaftServerImpl.java:setRole(184)) - ddd4789c-894d-475a-bbfb-f6e7aa670c92@group-58A987F56150: changes role from  FOLLOWER to FOLLOWER at term 490 for recognizeCandidate:327657b1-60f8-49f2-b2a3-f63e1f934942
2019-10-18 14:59:01,230 [grpc-default-executor-0] INFO  impl.RoleInfo (RoleInfo.java:shutdownFollowerState(121)) - ddd4789c-894d-475a-bbfb-f6e7aa670c92: shutdown FollowerState
2019-10-18 14:59:01,230 [grpc-default-executor-3] INFO  impl.RoleInfo (RoleInfo.java:shutdownFollowerState(121)) - 6605b8a5-570b-4977-9ee7-6aaf3012bed5: shutdown FollowerState
2019-10-18 14:59:01,230 [Thread-3171] INFO  impl.FollowerState (FollowerState.java:run(117)) - ddd4789c-894d-475a-bbfb-f6e7aa670c92@group-58A987F56150-FollowerState was interrupted: java.lang.InterruptedException: sleep interrupted
2019-10-18 14:59:01,230 [grpc-default-executor-0] INFO  impl.RoleInfo (RoleInfo.java:updateAndGet(143)) - ddd4789c-894d-475a-bbfb-f6e7aa670c92: start FollowerState
2019-10-18 14:59:01,230 [grpc-default-executor-3] INFO  impl.RoleInfo (RoleInfo.java:updateAndGet(143)) - 6605b8a5-570b-4977-9ee7-6aaf3012bed5: start FollowerState
2019-10-18 14:59:01,230 [Thread-3170] INFO  impl.FollowerState (FollowerState.java:run(117)) - 6605b8a5-570b-4977-9ee7-6aaf3012bed5@group-58A987F56150-FollowerState was interrupted: java.lang.InterruptedException: sleep interrupted
2019-10-18 14:59:01,245 [327657b1-60f8-49f2-b2a3-f63e1f934942@group-58A987F56150-LeaderElection427] INFO  impl.LeaderElection (LeaderElection.java:logAndReturn(56)) - 327657b1-60f8-49f2-b2a3-f63e1f934942@group-58A987F56150-LeaderElection427: Election REJECTED; received 2 response(s) [327657b1-60f8-49f2-b2a3-f63e1f934942<-6605b8a5-570b-4977-9ee7-6aaf3012bed5#0:FAIL-t490, 327657b1-60f8-49f2-b2a3-f63e1f934942<-ddd4789c-894d-475a-bbfb-f6e7aa670c92#0:FAIL-t490] and 0 exception(s); 327657b1-60f8-49f2-b2a3-f63e1f934942@group-58A987F56150:t490, leader=null, voted=327657b1-60f8-49f2-b2a3-f63e1f934942, raftlog=327657b1-60f8-49f2-b2a3-f63e1f934942@group-58A987F56150-SegmentedRaftLog:OPENED:c-1,f-1,i0, conf=-1: [6605b8a5-570b-4977-9ee7-6aaf3012bed5:192.168.164.233:35223, 327657b1-60f8-49f2-b2a3-f63e1f934942:192.168.164.233:41966, ddd4789c-894d-475a-bbfb-f6e7aa670c92:192.168.164.233:41061], old=null
2019-10-18 14:59:01,245 [327657b1-60f8-49f2-b2a3-f63e1f934942@group-58A987F56150-LeaderElection427] INFO  impl.RaftServerImpl (RaftServerImpl.java:setRole(184)) - 327657b1-60f8-49f2-b2a3-f63e1f934942@group-58A987F56150: changes role from CANDIDATE to FOLLOWER at term 490 for DISCOVERED_A_NEW_TERM
2019-10-18 14:59:01,245 [327657b1-60f8-49f2-b2a3-f63e1f934942@group-58A987F56150-LeaderElection427] INFO  impl.RoleInfo (RoleInfo.java:shutdownLeaderElection(134)) - 327657b1-60f8-49f2-b2a3-f63e1f934942: shutdown LeaderElection
2019-10-18 14:59:01,245 [327657b1-60f8-49f2-b2a3-f63e1f934942@group-58A987F56150-LeaderElection427] INFO  impl.RoleInfo (RoleInfo.java:updateAndGet(143)) - 327657b1-60f8-49f2-b2a3-f63e1f934942: start FollowerState
2019-10-18 14:59:01,311 [Thread-3178] INFO  impl.FollowerState (FollowerState.java:run(108)) - 327657b1-60f8-49f2-b2a3-f63e1f934942@group-58A987F56150-FollowerState: change to CANDIDATE, lastRpcTime:65ms, electionTimeout:65ms
2019-10-18 14:59:01,311 [Thread-3178] INFO  impl.RoleInfo (RoleInfo.java:shutdownFollowerState(121)) - 327657b1-60f8-49f2-b2a3-f63e1f934942: shutdown FollowerState
2019-10-18 14:59:01,311 [Thread-3178] INFO  impl.RaftServerImpl (RaftServerImpl.java:setRole(184)) - 327657b1-60f8-49f2-b2a3-f63e1f934942@group-58A987F56150: changes role from  FOLLOWER to CANDIDATE at term 490 for changeToCandidate
2019-10-18 14:59:01,311 [Thread-3178] INFO  impl.RoleInfo (RoleInfo.java:updateAndGet(143)) - 327657b1-60f8-49f2-b2a3-f63e1f934942: start LeaderElection
2019-10-18 14:59:01,324 [327657b1-60f8-49f2-b2a3-f63e1f934942@group-58A987F56150-LeaderElection428] INFO  impl.LeaderElection (LeaderElection.java:askForVotes(178)) - 327657b1-60f8-49f2-b2a3-f63e1f934942@group-58A987F56150-LeaderElection428: begin an election at term 491 for -1: [6605b8a5-570b-4977-9ee7-6aaf3012bed5:192.168.164.233:35223, 327657b1-60f8-49f2-b2a3-f63e1f934942:192.168.164.233:41966, ddd4789c-894d-475a-bbfb-f6e7aa670c92:192.168.164.233:41061], old=null
2019-10-18 14:59:01,326 [grpc-default-executor-0] INFO  impl.RaftServerImpl (RaftServerImpl.java:setRole(184)) - 6605b8a5-570b-4977-9ee7-6aaf3012bed5@group-58A987F56150: changes role from  FOLLOWER to FOLLOWER at term 491 for recognizeCandidate:327657b1-60f8-49f2-b2a3-f63e1f934942
2019-10-18 14:59:01,326 [grpc-default-executor-0] INFO  impl.RoleInfo (RoleInfo.java:shutdownFollowerState(121)) - 6605b8a5-570b-4977-9ee7-6aaf3012bed5: shutdown FollowerState
2019-10-18 14:59:01,326 [grpc-default-executor-3] INFO  impl.RaftServerImpl (RaftServerImpl.java:setRole(184)) - ddd4789c-894d-475a-bbfb-f6e7aa670c92@group-58A987F56150: changes role from  FOLLOWER to FOLLOWER at term 491 for recognizeCandidate:327657b1-60f8-49f2-b2a3-f63e1f934942
2019-10-18 14:59:01,326 [grpc-default-executor-3] INFO  impl.RoleInfo (RoleInfo.java:shutdownFollowerState(121)) - ddd4789c-894d-475a-bbfb-f6e7aa670c92: shutdown FollowerState
2019-10-18 14:59:01,326 [grpc-default-executor-0] INFO  impl.RoleInfo (RoleInfo.java:updateAndGet(143)) - 6605b8a5-570b-4977-9ee7-6aaf3012bed5: start FollowerState
2019-10-18 14:59:01,326 [Thread-3177] INFO  impl.FollowerState (FollowerState.java:run(117)) - 6605b8a5-570b-4977-9ee7-6aaf3012bed5@group-58A987F56150-FollowerState was interrupted: java.lang.InterruptedException: sleep interrupted
2019-10-18 14:59:01,326 [grpc-default-executor-3] INFO  impl.RoleInfo (RoleInfo.java:updateAndGet(143)) - ddd4789c-894d-475a-bbfb-f6e7aa670c92: start FollowerState
2019-10-18 14:59:01,326 [Thread-3176] INFO  impl.FollowerState (FollowerState.java:run(117)) - ddd4789c-894d-475a-bbfb-f6e7aa670c92@group-58A987F56150-FollowerState was interrupted: java.lang.InterruptedException: sleep interrupted
2019-10-18 14:59:01,340 [327657b1-60f8-49f2-b2a3-f63e1f934942@group-58A987F56150-LeaderElection428] INFO  impl.LeaderElection (LeaderElection.java:logAndReturn(56)) - 327657b1-60f8-49f2-b2a3-f63e1f934942@group-58A987F56150-LeaderElection428: Election REJECTED; received 2 response(s) [327657b1-60f8-49f2-b2a3-f63e1f934942<-6605b8a5-570b-4977-9ee7-6aaf3012bed5#0:FAIL-t491, 327657b1-60f8-49f2-b2a3-f63e1f934942<-ddd4789c-894d-475a-bbfb-f6e7aa670c92#0:FAIL-t491] and 0 exception(s); 327657b1-60f8-49f2-b2a3-f63e1f934942@group-58A987F56150:t491, leader=null, voted=327657b1-60f8-49f2-b2a3-f63e1f934942, raftlog=327657b1-60f8-49f2-b2a3-f63e1f934942@group-58A987F56150-SegmentedRaftLog:OPENED:c-1,f-1,i0, conf=-1: [6605b8a5-570b-4977-9ee7-6aaf3012bed5:192.168.164.233:35223, 327657b1-60f8-49f2-b2a3-f63e1f934942:192.168.164.233:41966, ddd4789c-894d-475a-bbfb-f6e7aa670c92:192.168.164.233:41061], old=null
2019-10-18 14:59:01,341 [327657b1-60f8-49f2-b2a3-f63e1f934942@group-58A987F56150-LeaderElection428] INFO  impl.RaftServerImpl (RaftServerImpl.java:setRole(184)) - 327657b1-60f8-49f2-b2a3-f63e1f934942@group-58A987F56150: changes role from CANDIDATE to FOLLOWER at term 491 for DISCOVERED_A_NEW_TERM
2019-10-18 14:59:01,341 [327657b1-60f8-49f2-b2a3-f63e1f934942@group-58A987F56150-LeaderElection428] INFO  impl.RoleInfo (RoleInfo.java:shutdownLeaderElection(134)) - 327657b1-60f8-49f2-b2a3-f63e1f934942: shutdown LeaderElection
2019-10-18 14:59:01,341 [327657b1-60f8-49f2-b2a3-f63e1f934942@group-58A987F56150-LeaderElection428] INFO  impl.RoleInfo (RoleInfo.java:updateAndGet(143)) - 327657b1-60f8-49f2-b2a3-f63e1f934942: start FollowerState
2019-10-18 14:59:01,494 [Thread-3186] INFO  impl.FollowerState (FollowerState.java:run(108)) - 327657b1-60f8-49f2-b2a3-f63e1f934942@group-58A987F56150-FollowerState: change to CANDIDATE, lastRpcTime:153ms, electionTimeout:153ms
2019-10-18 14:59:01,494 [Thread-3186] INFO  impl.RoleInfo (RoleInfo.java:shutdownFollowerState(121)) - 327657b1-60f8-49f2-b2a3-f63e1f934942: shutdown FollowerState
2019-10-18 14:59:01,494 [Thread-3186] INFO  impl.RaftServerImpl (RaftServerImpl.java:setRole(184)) - 327657b1-60f8-49f2-b2a3-f63e1f934942@group-58A987F56150: changes role from  FOLLOWER to CANDIDATE at term 491 for changeToCandidate
2019-10-18 14:59:01,495 [Thread-3186] INFO  impl.RoleInfo (RoleInfo.java:updateAndGet(143)) - 327657b1-60f8-49f2-b2a3-f63e1f934942: start LeaderElection
2019-10-18 14:59:01,543 [327657b1-60f8-49f2-b2a3-f63e1f934942@group-58A987F56150-LeaderElection429] INFO  impl.LeaderElection (LeaderElection.java:askForVotes(178)) - 327657b1-60f8-49f2-b2a3-f63e1f934942@group-58A987F56150-LeaderElection429: begin an election at term 492 for -1: [6605b8a5-570b-4977-9ee7-6aaf3012bed5:192.168.164.233:35223, 327657b1-60f8-49f2-b2a3-f63e1f934942:192.168.164.233:41966, ddd4789c-894d-475a-bbfb-f6e7aa670c92:192.168.164.233:41061], old=null
2019-10-18 14:59:01,545 [grpc-default-executor-0] INFO  impl.RaftServerImpl (RaftServerImpl.java:setRole(184)) - 6605b8a5-570b-4977-9ee7-6aaf3012bed5@group-58A987F56150: changes role from  FOLLOWER to FOLLOWER at term 492 for recognizeCandidate:327657b1-60f8-49f2-b2a3-f63e1f934942
2019-10-18 14:59:01,545 [grpc-default-executor-0] INFO  impl.RoleInfo (RoleInfo.java:shutdownFollowerState(121)) - 6605b8a5-570b-4977-9ee7-6aaf3012bed5: shutdown FollowerState
2019-10-18 14:59:01,545 [grpc-default-executor-0] INFO  impl.RoleInfo (RoleInfo.java:updateAndGet(143)) - 6605b8a5-570b-4977-9ee7-6aaf3012bed5: start FollowerState
2019-10-18 14:59:01,545 [Thread-3184] INFO  impl.FollowerState (FollowerState.java:run(117)) - 6605b8a5-570b-4977-9ee7-6aaf3012bed5@group-58A987F56150-FollowerState was interrupted: java.lang.InterruptedException: sleep interrupted
2019-10-18 14:59:01,545 [grpc-default-executor-3] INFO  impl.RaftServerImpl (RaftServerImpl.java:setRole(184)) - ddd4789c-894d-475a-bbfb-f6e7aa670c92@group-58A987F56150: changes role from  FOLLOWER to FOLLOWER at term 492 for recognizeCandidate:327657b1-60f8-49f2-b2a3-f63e1f934942
2019-10-18 14:59:01,545 [grpc-default-executor-3] INFO  impl.RoleInfo (RoleInfo.java:shutdownFollowerState(121)) - ddd4789c-894d-475a-bbfb-f6e7aa670c92: shutdown FollowerState
2019-10-18 14:59:01,546 [grpc-default-executor-3] INFO  impl.RoleInfo (RoleInfo.java:updateAndGet(143)) - ddd4789c-894d-475a-bbfb-f6e7aa670c92: start FollowerState
2019-10-18 14:59:01,546 [Thread-3185] INFO  impl.FollowerState (FollowerState.java:run(117)) - ddd4789c-894d-475a-bbfb-f6e7aa670c92@group-58A987F56150-FollowerState was interrupted: java.lang.InterruptedException: sleep interrupted
2019-10-18 14:59:01,554 [327657b1-60f8-49f2-b2a3-f63e1f934942@group-58A987F56150-LeaderElection429] INFO  impl.LeaderElection (LeaderElection.java:logAndReturn(56)) - 327657b1-60f8-49f2-b2a3-f63e1f934942@group-58A987F56150-LeaderElection429: Election REJECTED; received 2 response(s) [327657b1-60f8-49f2-b2a3-f63e1f934942<-6605b8a5-570b-4977-9ee7-6aaf3012bed5#0:FAIL-t492, 327657b1-60f8-49f2-b2a3-f63e1f934942<-ddd4789c-894d-475a-bbfb-f6e7aa670c92#0:FAIL-t492] and 0 exception(s); 327657b1-60f8-49f2-b2a3-f63e1f934942@group-58A987F56150:t492, leader=null, voted=327657b1-60f8-49f2-b2a3-f63e1f934942, raftlog=327657b1-60f8-49f2-b2a3-f63e1f934942@group-58A987F56150-SegmentedRaftLog:OPENED:c-1,f-1,i0, conf=-1: [6605b8a5-570b-4977-9ee7-6aaf3012bed5:192.168.164.233:35223, 327657b1-60f8-49f2-b2a3-f63e1f934942:192.168.164.233:41966, ddd4789c-894d-475a-bbfb-f6e7aa670c92:192.168.164.233:41061], old=null
2019-10-18 14:59:01,554 [327657b1-60f8-49f2-b2a3-f63e1f934942@group-58A987F56150-LeaderElection429] INFO  impl.RaftServerImpl (RaftServerImpl.java:setRole(184)) - 327657b1-60f8-49f2-b2a3-f63e1f934942@group-58A987F56150: changes role from CANDIDATE to FOLLOWER at term 492 for DISCOVERED_A_NEW_TERM
2019-10-18 14:59:01,554 [327657b1-60f8-49f2-b2a3-f63e1f934942@group-58A987F56150-LeaderElection429] INFO  impl.RoleInfo (RoleInfo.java:shutdownLeaderElection(134)) - 327657b1-60f8-49f2-b2a3-f63e1f934942: shutdown LeaderElection
2019-10-18 14:59:01,554 [327657b1-60f8-49f2-b2a3-f63e1f934942@group-58A987F56150-LeaderElection429] INFO  impl.RoleInfo (RoleInfo.java:updateAndGet(143)) - 327657b1-60f8-49f2-b2a3-f63e1f934942: start FollowerState
2019-10-18 14:59:01,621 [Thread-3192] INFO  impl.FollowerState (FollowerState.java:run(108)) - 327657b1-60f8-49f2-b2a3-f63e1f934942@group-58A987F56150-FollowerState: change to CANDIDATE, lastRpcTime:67ms, electionTimeout:67ms
2019-10-18 14:59:01,621 [Thread-3192] INFO  impl.RoleInfo (RoleInfo.java:shutdownFollowerState(121)) - 327657b1-60f8-49f2-b2a3-f63e1f934942: shutdown FollowerState
2019-10-18 14:59:01,622 [Thread-3192] INFO  impl.RaftServerImpl (RaftServerImpl.java:setRole(184)) - 327657b1-60f8-49f2-b2a3-f63e1f934942@group-58A987F56150: changes role from  FOLLOWER to CANDIDATE at term 492 for changeToCandidate
2019-10-18 14:59:01,622 [Thread-3192] INFO  impl.RoleInfo (RoleInfo.java:updateAndGet(143)) - 327657b1-60f8-49f2-b2a3-f63e1f934942: start LeaderElection
2019-10-18 14:59:01,643 [327657b1-60f8-49f2-b2a3-f63e1f934942@group-58A987F56150-LeaderElection430] INFO  impl.LeaderElection (LeaderElection.java:askForVotes(178)) - 327657b1-60f8-49f2-b2a3-f63e1f934942@group-58A987F56150-LeaderElection430: begin an election at term 493 for -1: [6605b8a5-570b-4977-9ee7-6aaf3012bed5:192.168.164.233:35223, 327657b1-60f8-49f2-b2a3-f63e1f934942:192.168.164.233:41966, ddd4789c-894d-475a-bbfb-f6e7aa670c92:192.168.164.233:41061], old=null
2019-10-18 14:59:01,645 [grpc-default-executor-3] INFO  impl.RaftServerImpl (RaftServerImpl.java:setRole(184)) - 6605b8a5-570b-4977-9ee7-6aaf3012bed5@group-58A987F56150: changes role from  FOLLOWER to FOLLOWER at term 493 for recognizeCandidate:327657b1-60f8-49f2-b2a3-f63e1f934942
2019-10-18 14:59:01,645 [grpc-default-executor-3] INFO  impl.RoleInfo (RoleInfo.java:shutdownFollowerState(121)) - 6605b8a5-570b-4977-9ee7-6aaf3012bed5: shutdown FollowerState
2019-10-18 14:59:01,645 [grpc-default-executor-0] INFO  impl.RaftServerImpl (RaftServerImpl.java:setRole(184)) - ddd4789c-894d-475a-bbfb-f6e7aa670c92@group-58A987F56150: changes role from  FOLLOWER to FOLLOWER at term 493 for recognizeCandidate:327657b1-60f8-49f2-b2a3-f63e1f934942
2019-10-18 14:59:01,646 [grpc-default-executor-0] INFO  impl.RoleInfo (RoleInfo.java:shutdownFollowerState(121)) - ddd4789c-894d-475a-bbfb-f6e7aa670c92: shutdown FollowerState
2019-10-18 14:59:01,646 [Thread-3190] INFO  impl.FollowerState (FollowerState.java:run(117)) - 6605b8a5-570b-4977-9ee7-6aaf3012bed5@group-58A987F56150-FollowerState was interrupted: java.lang.InterruptedException: sleep interrupted
2019-10-18 14:59:01,646 [Thread-3191] INFO  impl.FollowerState (FollowerState.java:run(117)) - ddd4789c-894d-475a-bbfb-f6e7aa670c92@group-58A987F56150-FollowerState was interrupted: java.lang.InterruptedException: sleep interrupted
2019-10-18 14:59:01,646 [grpc-default-executor-3] INFO  impl.RoleInfo (RoleInfo.java:updateAndGet(143)) - 6605b8a5-570b-4977-9ee7-6aaf3012bed5: start FollowerState
2019-10-18 14:59:01,646 [grpc-default-executor-0] INFO  impl.RoleInfo (RoleInfo.java:updateAndGet(143)) - ddd4789c-894d-475a-bbfb-f6e7aa670c92: start FollowerState
2019-10-18 14:59:01,660 [327657b1-60f8-49f2-b2a3-f63e1f934942@group-58A987F56150-LeaderElection430] INFO  impl.LeaderElection (LeaderElection.java:logAndReturn(56)) - 327657b1-60f8-49f2-b2a3-f63e1f934942@group-58A987F56150-LeaderElection430: Election REJECTED; received 2 response(s) [327657b1-60f8-49f2-b2a3-f63e1f934942<-6605b8a5-570b-4977-9ee7-6aaf3012bed5#0:FAIL-t493, 327657b1-60f8-49f2-b2a3-f63e1f934942<-ddd4789c-894d-475a-bbfb-f6e7aa670c92#0:FAIL-t493] and 0 exception(s); 327657b1-60f8-49f2-b2a3-f63e1f934942@group-58A987F56150:t493, leader=null, voted=327657b1-60f8-49f2-b2a3-f63e1f934942, raftlog=327657b1-60f8-49f2-b2a3-f63e1f934942@group-58A987F56150-SegmentedRaftLog:OPENED:c-1,f-1,i0, conf=-1: [6605b8a5-570b-4977-9ee7-6aaf3012bed5:192.168.164.233:35223, 327657b1-60f8-49f2-b2a3-f63e1f934942:192.168.164.233:41966, ddd4789c-894d-475a-bbfb-f6e7aa670c92:192.168.164.233:41061], old=null
2019-10-18 14:59:01,661 [327657b1-60f8-49f2-b2a3-f63e1f934942@group-58A987F56150-LeaderElection430] INFO  impl.RaftServerImpl (RaftServerImpl.java:setRole(184)) - 327657b1-60f8-49f2-b2a3-f63e1f934942@group-58A987F56150: changes role from CANDIDATE to FOLLOWER at term 493 for DISCOVERED_A_NEW_TERM
2019-10-18 14:59:01,661 [327657b1-60f8-49f2-b2a3-f63e1f934942@group-58A987F56150-LeaderElection430] INFO  impl.RoleInfo (RoleInfo.java:shutdownLeaderElection(134)) - 327657b1-60f8-49f2-b2a3-f63e1f934942: shutdown LeaderElection
2019-10-18 14:59:01,661 [327657b1-60f8-49f2-b2a3-f63e1f934942@group-58A987F56150-LeaderElection430] INFO  impl.RoleInfo (RoleInfo.java:updateAndGet(143)) - 327657b1-60f8-49f2-b2a3-f63e1f934942: start FollowerState
2019-10-18 14:59:01,809 [Thread-3198] INFO  impl.FollowerState (FollowerState.java:run(108)) - 327657b1-60f8-49f2-b2a3-f63e1f934942@group-58A987F56150-FollowerState: change to CANDIDATE, lastRpcTime:148ms, electionTimeout:148ms
2019-10-18 14:59:01,810 [Thread-3198] INFO  impl.RoleInfo (RoleInfo.java:shutdownFollowerState(121)) - 327657b1-60f8-49f2-b2a3-f63e1f934942: shutdown FollowerState
2019-10-18 14:59:01,810 [Thread-3198] INFO  impl.RaftServerImpl (RaftServerImpl.java:setRole(184)) - 327657b1-60f8-49f2-b2a3-f63e1f934942@group-58A987F56150: changes role from  FOLLOWER to CANDIDATE at term 493 for changeToCandidate
2019-10-18 14:59:01,810 [Thread-3198] INFO  impl.RoleInfo (RoleInfo.java:updateAndGet(143)) - 327657b1-60f8-49f2-b2a3-f63e1f934942: start LeaderElection
2019-10-18 14:59:01,832 [327657b1-60f8-49f2-b2a3-f63e1f934942@group-58A987F56150-LeaderElection431] INFO  impl.LeaderElection (LeaderElection.java:askForVotes(178)) - 327657b1-60f8-49f2-b2a3-f63e1f934942@group-58A987F56150-LeaderElection431: begin an election at term 494 for -1: [6605b8a5-570b-4977-9ee7-6aaf3012bed5:192.168.164.233:35223, 327657b1-60f8-49f2-b2a3-f63e1f934942:192.168.164.233:41966, ddd4789c-894d-475a-bbfb-f6e7aa670c92:192.168.164.233:41061], old=null
2019-10-18 14:59:01,833 [grpc-default-executor-0] INFO  impl.RaftServerImpl (RaftServerImpl.java:setRole(184)) - 6605b8a5-570b-4977-9ee7-6aaf3012bed5@group-58A987F56150: changes role from  FOLLOWER to FOLLOWER at term 494 for recognizeCandidate:327657b1-60f8-49f2-b2a3-f63e1f934942
2019-10-18 14:59:01,833 [grpc-default-executor-3] INFO  impl.RaftServerImpl (RaftServerImpl.java:setRole(184)) - ddd4789c-894d-475a-bbfb-f6e7aa670c92@group-58A987F56150: changes role from  FOLLOWER to FOLLOWER at term 494 for recognizeCandidate:327657b1-60f8-49f2-b2a3-f63e1f934942
2019-10-18 14:59:01,833 [grpc-default-executor-0] INFO  impl.RoleInfo (RoleInfo.java:shutdownFollowerState(121)) - 6605b8a5-570b-4977-9ee7-6aaf3012bed5: shutdown FollowerState
2019-10-18 14:59:01,834 [grpc-default-executor-3] INFO  impl.RoleInfo (RoleInfo.java:shutdownFollowerState(121)) - ddd4789c-894d-475a-bbfb-f6e7aa670c92: shutdown FollowerState
2019-10-18 14:59:01,834 [Thread-3196] INFO  impl.FollowerState (FollowerState.java:run(117)) - 6605b8a5-570b-4977-9ee7-6aaf3012bed5@group-58A987F56150-FollowerState was interrupted: java.lang.InterruptedException: sleep interrupted
2019-10-18 14:59:01,834 [grpc-default-executor-0] INFO  impl.RoleInfo (RoleInfo.java:updateAndGet(143)) - 6605b8a5-570b-4977-9ee7-6aaf3012bed5: start FollowerState
2019-10-18 14:59:01,834 [grpc-default-executor-3] INFO  impl.RoleInfo (RoleInfo.java:updateAndGet(143)) - ddd4789c-894d-475a-bbfb-f6e7aa670c92: start FollowerState
2019-10-18 14:59:01,834 [Thread-3197] INFO  impl.FollowerState (FollowerState.java:run(117)) - ddd4789c-894d-475a-bbfb-f6e7aa670c92@group-58A987F56150-FollowerState was interrupted: java.lang.InterruptedException: sleep interrupted
2019-10-18 14:59:01,839 [327657b1-60f8-49f2-b2a3-f63e1f934942@group-58A987F56150-LeaderElection431] INFO  impl.LeaderElection (LeaderElection.java:logAndReturn(56)) - 327657b1-60f8-49f2-b2a3-f63e1f934942@group-58A987F56150-LeaderElection431: Election TIMEOUT; received 0 response(s) [] and 0 exception(s); 327657b1-60f8-49f2-b2a3-f63e1f934942@group-58A987F56150:t494, leader=null, voted=327657b1-60f8-49f2-b2a3-f63e1f934942, raftlog=327657b1-60f8-49f2-b2a3-f63e1f934942@group-58A987F56150-SegmentedRaftLog:OPENED:c-1,f-1,i0, conf=-1: [6605b8a5-570b-4977-9ee7-6aaf3012bed5:192.168.164.233:35223, 327657b1-60f8-49f2-b2a3-f63e1f934942:192.168.164.233:41966, ddd4789c-894d-475a-bbfb-f6e7aa670c92:192.168.164.233:41061], old=null
2019-10-18 14:59:01,848 [327657b1-60f8-49f2-b2a3-f63e1f934942@group-58A987F56150-LeaderElection431] INFO  impl.LeaderElection (LeaderElection.java:askForVotes(178)) - 327657b1-60f8-49f2-b2a3-f63e1f934942@group-58A987F56150-LeaderElection431: begin an election at term 495 for -1: [6605b8a5-570b-4977-9ee7-6aaf3012bed5:192.168.164.233:35223, 327657b1-60f8-49f2-b2a3-f63e1f934942:192.168.164.233:41966, ddd4789c-894d-475a-bbfb-f6e7aa670c92:192.168.164.233:41061], old=null
2019-10-18 14:59:01,849 [grpc-default-executor-0] INFO  impl.RaftServerImpl (RaftServerImpl.java:setRole(184)) - 6605b8a5-570b-4977-9ee7-6aaf3012bed5@group-58A987F56150: changes role from  FOLLOWER to FOLLOWER at term 495 for recognizeCandidate:327657b1-60f8-49f2-b2a3-f63e1f934942
2019-10-18 14:59:01,849 [grpc-default-executor-0] INFO  impl.RoleInfo (RoleInfo.java:shutdownFollowerState(121)) - 6605b8a5-570b-4977-9ee7-6aaf3012bed5: shutdown FollowerState
2019-10-18 14:59:01,849 [grpc-default-executor-3] INFO  impl.RaftServerImpl (RaftServerImpl.java:setRole(184)) - ddd4789c-894d-475a-bbfb-f6e7aa670c92@group-58A987F56150: changes role from  FOLLOWER to FOLLOWER at term 495 for recognizeCandidate:327657b1-60f8-49f2-b2a3-f63e1f934942
2019-10-18 14:59:01,849 [grpc-default-executor-3] INFO  impl.RoleInfo (RoleInfo.java:shutdownFollowerState(121)) - ddd4789c-894d-475a-bbfb-f6e7aa670c92: shutdown FollowerState
2019-10-18 14:59:01,849 [Thread-3202] INFO  impl.FollowerState (FollowerState.java:run(117)) - 6605b8a5-570b-4977-9ee7-6aaf3012bed5@group-58A987F56150-FollowerState was interrupted: java.lang.InterruptedException: sleep interrupted
2019-10-18 14:59:01,849 [grpc-default-executor-0] INFO  impl.RoleInfo (RoleInfo.java:updateAndGet(143)) - 6605b8a5-570b-4977-9ee7-6aaf3012bed5: start FollowerState
2019-10-18 14:59:01,850 [Thread-3203] INFO  impl.FollowerState (FollowerState.java:run(117)) - ddd4789c-894d-475a-bbfb-f6e7aa670c92@group-58A987F56150-FollowerState was interrupted: java.lang.InterruptedException: sleep interrupted
2019-10-18 14:59:01,850 [grpc-default-executor-3] INFO  impl.RoleInfo (RoleInfo.java:updateAndGet(143)) - ddd4789c-894d-475a-bbfb-f6e7aa670c92: start FollowerState
2019-10-18 14:59:01,861 [327657b1-60f8-49f2-b2a3-f63e1f934942@group-58A987F56150-LeaderElection431] INFO  impl.LeaderElection (LeaderElection.java:logAndReturn(56)) - 327657b1-60f8-49f2-b2a3-f63e1f934942@group-58A987F56150-LeaderElection431: Election TIMEOUT; received 0 response(s) [] and 0 exception(s); 327657b1-60f8-49f2-b2a3-f63e1f934942@group-58A987F56150:t495, leader=null, voted=327657b1-60f8-49f2-b2a3-f63e1f934942, raftlog=327657b1-60f8-49f2-b2a3-f63e1f934942@group-58A987F56150-SegmentedRaftLog:OPENED:c-1,f-1,i0, conf=-1: [6605b8a5-570b-4977-9ee7-6aaf3012bed5:192.168.164.233:35223, 327657b1-60f8-49f2-b2a3-f63e1f934942:192.168.164.233:41966, ddd4789c-894d-475a-bbfb-f6e7aa670c92:192.168.164.233:41061], old=null
2019-10-18 14:59:01,866 [327657b1-60f8-49f2-b2a3-f63e1f934942@group-58A987F56150-LeaderElection431] INFO  impl.LeaderElection (LeaderElection.java:askForVotes(178)) - 327657b1-60f8-49f2-b2a3-f63e1f934942@group-58A987F56150-LeaderElection431: begin an election at term 496 for -1: [6605b8a5-570b-4977-9ee7-6aaf3012bed5:192.168.164.233:35223, 327657b1-60f8-49f2-b2a3-f63e1f934942:192.168.164.233:41966, ddd4789c-894d-475a-bbfb-f6e7aa670c92:192.168.164.233:41061], old=null
2019-10-18 14:59:01,867 [grpc-default-executor-0] INFO  impl.RaftServerImpl (RaftServerImpl.java:setRole(184)) - 6605b8a5-570b-4977-9ee7-6aaf3012bed5@group-58A987F56150: changes role from  FOLLOWER to FOLLOWER at term 496 for recognizeCandidate:327657b1-60f8-49f2-b2a3-f63e1f934942
2019-10-18 14:59:01,867 [grpc-default-executor-0] INFO  impl.RoleInfo (RoleInfo.java:shutdownFollowerState(121)) - 6605b8a5-570b-4977-9ee7-6aaf3012bed5: shutdown FollowerState
2019-10-18 14:59:01,867 [grpc-default-executor-0] INFO  impl.RoleInfo (RoleInfo.java:updateAndGet(143)) - 6605b8a5-570b-4977-9ee7-6aaf3012bed5: start FollowerState
2019-10-18 14:59:01,867 [Thread-3206] INFO  impl.FollowerState (FollowerState.java:run(117)) - 6605b8a5-570b-4977-9ee7-6aaf3012bed5@group-58A987F56150-FollowerState was interrupted: java.lang.InterruptedException: sleep interrupted
2019-10-18 14:59:01,867 [grpc-default-executor-3] INFO  impl.RaftServerImpl (RaftServerImpl.java:setRole(184)) - ddd4789c-894d-475a-bbfb-f6e7aa670c92@group-58A987F56150: changes role from  FOLLOWER to FOLLOWER at term 496 for recognizeCandidate:327657b1-60f8-49f2-b2a3-f63e1f934942
2019-10-18 14:59:01,868 [grpc-default-executor-3] INFO  impl.RoleInfo (RoleInfo.java:shutdownFollowerState(121)) - ddd4789c-894d-475a-bbfb-f6e7aa670c92: shutdown FollowerState
2019-10-18 14:59:01,868 [grpc-default-executor-3] INFO  impl.RoleInfo (RoleInfo.java:updateAndGet(143)) - ddd4789c-894d-475a-bbfb-f6e7aa670c92: start FollowerState
2019-10-18 14:59:01,868 [Thread-3207] INFO  impl.FollowerState (FollowerState.java:run(117)) - ddd4789c-894d-475a-bbfb-f6e7aa670c92@group-58A987F56150-FollowerState was interrupted: java.lang.InterruptedException: sleep interrupted
2019-10-18 14:59:01,892 [327657b1-60f8-49f2-b2a3-f63e1f934942@group-58A987F56150-LeaderElection431] INFO  impl.LeaderElection (LeaderElection.java:logAndReturn(56)) - 327657b1-60f8-49f2-b2a3-f63e1f934942@group-58A987F56150-LeaderElection431: Election REJECTED; received 2 response(s) [327657b1-60f8-49f2-b2a3-f63e1f934942<-6605b8a5-570b-4977-9ee7-6aaf3012bed5#0:FAIL-t496, 327657b1-60f8-49f2-b2a3-f63e1f934942<-ddd4789c-894d-475a-bbfb-f6e7aa670c92#0:FAIL-t496] and 0 exception(s); 327657b1-60f8-49f2-b2a3-f63e1f934942@group-58A987F56150:t496, leader=null, voted=327657b1-60f8-49f2-b2a3-f63e1f934942, raftlog=327657b1-60f8-49f2-b2a3-f63e1f934942@group-58A987F56150-SegmentedRaftLog:OPENED:c-1,f-1,i0, conf=-1: [6605b8a5-570b-4977-9ee7-6aaf3012bed5:192.168.164.233:35223, 327657b1-60f8-49f2-b2a3-f63e1f934942:192.168.164.233:41966, ddd4789c-894d-475a-bbfb-f6e7aa670c92:192.168.164.233:41061], old=null
2019-10-18 14:59:01,893 [327657b1-60f8-49f2-b2a3-f63e1f934942@group-58A987F56150-LeaderElection431] INFO  impl.RaftServerImpl (RaftServerImpl.java:setRole(184)) - 327657b1-60f8-49f2-b2a3-f63e1f934942@group-58A987F56150: changes role from CANDIDATE to FOLLOWER at term 496 for DISCOVERED_A_NEW_TERM
2019-10-18 14:59:01,893 [327657b1-60f8-49f2-b2a3-f63e1f934942@group-58A987F56150-LeaderElection431] INFO  impl.RoleInfo (RoleInfo.java:shutdownLeaderElection(134)) - 327657b1-60f8-49f2-b2a3-f63e1f934942: shutdown LeaderElection
2019-10-18 14:59:01,893 [327657b1-60f8-49f2-b2a3-f63e1f934942@group-58A987F56150-LeaderElection431] INFO  impl.RoleInfo (RoleInfo.java:updateAndGet(143)) - 327657b1-60f8-49f2-b2a3-f63e1f934942: start FollowerState
2019-10-18 14:59:01,963 [Thread-3212] INFO  impl.FollowerState (FollowerState.java:run(108)) - 327657b1-60f8-49f2-b2a3-f63e1f934942@group-58A987F56150-FollowerState: change to CANDIDATE, lastRpcTime:70ms, electionTimeout:70ms
2019-10-18 14:59:01,963 [Thread-3212] INFO  impl.RoleInfo (RoleInfo.java:shutdownFollowerState(121)) - 327657b1-60f8-49f2-b2a3-f63e1f934942: shutdown FollowerState
2019-10-18 14:59:01,963 [Thread-3212] INFO  impl.RaftServerImpl (RaftServerImpl.java:setRole(184)) - 327657b1-60f8-49f2-b2a3-f63e1f934942@group-58A987F56150: changes role from  FOLLOWER to CANDIDATE at term 496 for changeToCandidate
2019-10-18 14:59:01,963 [Thread-3212] INFO  impl.RoleInfo (RoleInfo.java:updateAndGet(143)) - 327657b1-60f8-49f2-b2a3-f63e1f934942: start LeaderElection
2019-10-18 14:59:01,976 [327657b1-60f8-49f2-b2a3-f63e1f934942@group-58A987F56150-LeaderElection432] INFO  impl.LeaderElection (LeaderElection.java:askForVotes(178)) - 327657b1-60f8-49f2-b2a3-f63e1f934942@group-58A987F56150-LeaderElection432: begin an election at term 497 for -1: [6605b8a5-570b-4977-9ee7-6aaf3012bed5:192.168.164.233:35223, 327657b1-60f8-49f2-b2a3-f63e1f934942:192.168.164.233:41966, ddd4789c-894d-475a-bbfb-f6e7aa670c92:192.168.164.233:41061], old=null
2019-10-18 14:59:01,978 [grpc-default-executor-3] INFO  impl.RaftServerImpl (RaftServerImpl.java:setRole(184)) - ddd4789c-894d-475a-bbfb-f6e7aa670c92@group-58A987F56150: changes role from  FOLLOWER to FOLLOWER at term 497 for recognizeCandidate:327657b1-60f8-49f2-b2a3-f63e1f934942
2019-10-18 14:59:01,978 [grpc-default-executor-0] INFO  impl.RaftServerImpl (RaftServerImpl.java:setRole(184)) - 6605b8a5-570b-4977-9ee7-6aaf3012bed5@group-58A987F56150: changes role from  FOLLOWER to FOLLOWER at term 497 for recognizeCandidate:327657b1-60f8-49f2-b2a3-f63e1f934942
2019-10-18 14:59:01,978 [grpc-default-executor-3] INFO  impl.RoleInfo (RoleInfo.java:shutdownFollowerState(121)) - ddd4789c-894d-475a-bbfb-f6e7aa670c92: shutdown FollowerState
2019-10-18 14:59:01,978 [grpc-default-executor-0] INFO  impl.RoleInfo (RoleInfo.java:shutdownFollowerState(121)) - 6605b8a5-570b-4977-9ee7-6aaf3012bed5: shutdown FollowerState
2019-10-18 14:59:01,979 [Thread-3211] INFO  impl.FollowerState (FollowerState.java:run(117)) - ddd4789c-894d-475a-bbfb-f6e7aa670c92@group-58A987F56150-FollowerState was interrupted: java.lang.InterruptedException: sleep interrupted
2019-10-18 14:59:01,979 [grpc-default-executor-3] INFO  impl.RoleInfo (RoleInfo.java:updateAndGet(143)) - ddd4789c-894d-475a-bbfb-f6e7aa670c92: start FollowerState
2019-10-18 14:59:01,979 [Thread-3210] INFO  impl.FollowerState (FollowerState.java:run(117)) - 6605b8a5-570b-4977-9ee7-6aaf3012bed5@group-58A987F56150-FollowerState was interrupted: java.lang.InterruptedException: sleep interrupted
2019-10-18 14:59:01,979 [grpc-default-executor-0] INFO  impl.RoleInfo (RoleInfo.java:updateAndGet(143)) - 6605b8a5-570b-4977-9ee7-6aaf3012bed5: start FollowerState
2019-10-18 14:59:02,005 [327657b1-60f8-49f2-b2a3-f63e1f934942@group-58A987F56150-LeaderElection432] INFO  impl.LeaderElection (LeaderElection.java:logAndReturn(56)) - 327657b1-60f8-49f2-b2a3-f63e1f934942@group-58A987F56150-LeaderElection432: Election REJECTED; received 2 response(s) [327657b1-60f8-49f2-b2a3-f63e1f934942<-6605b8a5-570b-4977-9ee7-6aaf3012bed5#0:FAIL-t497, 327657b1-60f8-49f2-b2a3-f63e1f934942<-ddd4789c-894d-475a-bbfb-f6e7aa670c92#0:FAIL-t497] and 0 exception(s); 327657b1-60f8-49f2-b2a3-f63e1f934942@group-58A987F56150:t497, leader=null, voted=327657b1-60f8-49f2-b2a3-f63e1f934942, raftlog=327657b1-60f8-49f2-b2a3-f63e1f934942@group-58A987F56150-SegmentedRaftLog:OPENED:c-1,f-1,i0, conf=-1: [6605b8a5-570b-4977-9ee7-6aaf3012bed5:192.168.164.233:35223, 327657b1-60f8-49f2-b2a3-f63e1f934942:192.168.164.233:41966, ddd4789c-894d-475a-bbfb-f6e7aa670c92:192.168.164.233:41061], old=null
2019-10-18 14:59:02,005 [327657b1-60f8-49f2-b2a3-f63e1f934942@group-58A987F56150-LeaderElection432] INFO  impl.RaftServerImpl (RaftServerImpl.java:setRole(184)) - 327657b1-60f8-49f2-b2a3-f63e1f934942@group-58A987F56150: changes role from CANDIDATE to FOLLOWER at term 497 for DISCOVERED_A_NEW_TERM
2019-10-18 14:59:02,005 [327657b1-60f8-49f2-b2a3-f63e1f934942@group-58A987F56150-LeaderElection432] INFO  impl.RoleInfo (RoleInfo.java:shutdownLeaderElection(134)) - 327657b1-60f8-49f2-b2a3-f63e1f934942: shutdown LeaderElection
2019-10-18 14:59:02,005 [327657b1-60f8-49f2-b2a3-f63e1f934942@group-58A987F56150-LeaderElection432] INFO  impl.RoleInfo (RoleInfo.java:updateAndGet(143)) - 327657b1-60f8-49f2-b2a3-f63e1f934942: start FollowerState
2019-10-18 14:59:02,115 [Thread-3218] INFO  impl.FollowerState (FollowerState.java:run(108)) - 327657b1-60f8-49f2-b2a3-f63e1f934942@group-58A987F56150-FollowerState: change to CANDIDATE, lastRpcTime:110ms, electionTimeout:110ms
2019-10-18 14:59:02,116 [Thread-3218] INFO  impl.RoleInfo (RoleInfo.java:shutdownFollowerState(121)) - 327657b1-60f8-49f2-b2a3-f63e1f934942: shutdown FollowerState
2019-10-18 14:59:02,116 [Thread-3218] INFO  impl.RaftServerImpl (RaftServerImpl.java:setRole(184)) - 327657b1-60f8-49f2-b2a3-f63e1f934942@group-58A987F56150: changes role from  FOLLOWER to CANDIDATE at term 497 for changeToCandidate
2019-10-18 14:59:02,116 [Thread-3218] INFO  impl.RoleInfo (RoleInfo.java:updateAndGet(143)) - 327657b1-60f8-49f2-b2a3-f63e1f934942: start LeaderElection
2019-10-18 14:59:02,127 [327657b1-60f8-49f2-b2a3-f63e1f934942@group-58A987F56150-LeaderElection433] INFO  impl.LeaderElection (LeaderElection.java:askForVotes(178)) - 327657b1-60f8-49f2-b2a3-f63e1f934942@group-58A987F56150-LeaderElection433: begin an election at term 498 for -1: [6605b8a5-570b-4977-9ee7-6aaf3012bed5:192.168.164.233:35223, 327657b1-60f8-49f2-b2a3-f63e1f934942:192.168.164.233:41966, ddd4789c-894d-475a-bbfb-f6e7aa670c92:192.168.164.233:41061], old=null
2019-10-18 14:59:02,128 [grpc-default-executor-3] INFO  impl.RaftServerImpl (RaftServerImpl.java:setRole(184)) - 6605b8a5-570b-4977-9ee7-6aaf3012bed5@group-58A987F56150: changes role from  FOLLOWER to FOLLOWER at term 498 for recognizeCandidate:327657b1-60f8-49f2-b2a3-f63e1f934942
2019-10-18 14:59:02,129 [grpc-default-executor-3] INFO  impl.RoleInfo (RoleInfo.java:shutdownFollowerState(121)) - 6605b8a5-570b-4977-9ee7-6aaf3012bed5: shutdown FollowerState
2019-10-18 14:59:02,129 [grpc-default-executor-3] INFO  impl.RoleInfo (RoleInfo.java:updateAndGet(143)) - 6605b8a5-570b-4977-9ee7-6aaf3012bed5: start FollowerState
2019-10-18 14:59:02,129 [Thread-3217] INFO  impl.FollowerState (FollowerState.java:run(117)) - 6605b8a5-570b-4977-9ee7-6aaf3012bed5@group-58A987F56150-FollowerState was interrupted: java.lang.InterruptedException: sleep interrupted
2019-10-18 14:59:02,129 [grpc-default-executor-0] INFO  impl.RaftServerImpl (RaftServerImpl.java:setRole(184)) - ddd4789c-894d-475a-bbfb-f6e7aa670c92@group-58A987F56150: changes role from  FOLLOWER to FOLLOWER at term 498 for recognizeCandidate:327657b1-60f8-49f2-b2a3-f63e1f934942
2019-10-18 14:59:02,129 [grpc-default-executor-0] INFO  impl.RoleInfo (RoleInfo.java:shutdownFollowerState(121)) - ddd4789c-894d-475a-bbfb-f6e7aa670c92: shutdown FollowerState
2019-10-18 14:59:02,130 [grpc-default-executor-0] INFO  impl.RoleInfo (RoleInfo.java:updateAndGet(143)) - ddd4789c-894d-475a-bbfb-f6e7aa670c92: start FollowerState
2019-10-18 14:59:02,130 [Thread-3216] INFO  impl.FollowerState (FollowerState.java:run(117)) - ddd4789c-894d-475a-bbfb-f6e7aa670c92@group-58A987F56150-FollowerState was interrupted: java.lang.InterruptedException: sleep interrupted
2019-10-18 14:59:02,155 [327657b1-60f8-49f2-b2a3-f63e1f934942@group-58A987F56150-LeaderElection433] INFO  impl.LeaderElection (LeaderElection.java:logAndReturn(56)) - 327657b1-60f8-49f2-b2a3-f63e1f934942@group-58A987F56150-LeaderElection433: Election REJECTED; received 2 response(s) [327657b1-60f8-49f2-b2a3-f63e1f934942<-6605b8a5-570b-4977-9ee7-6aaf3012bed5#0:FAIL-t498, 327657b1-60f8-49f2-b2a3-f63e1f934942<-ddd4789c-894d-475a-bbfb-f6e7aa670c92#0:FAIL-t498] and 0 exception(s); 327657b1-60f8-49f2-b2a3-f63e1f934942@group-58A987F56150:t498, leader=null, voted=327657b1-60f8-49f2-b2a3-f63e1f934942, raftlog=327657b1-60f8-49f2-b2a3-f63e1f934942@group-58A987F56150-SegmentedRaftLog:OPENED:c-1,f-1,i0, conf=-1: [6605b8a5-570b-4977-9ee7-6aaf3012bed5:192.168.164.233:35223, 327657b1-60f8-49f2-b2a3-f63e1f934942:192.168.164.233:41966, ddd4789c-894d-475a-bbfb-f6e7aa670c92:192.168.164.233:41061], old=null
2019-10-18 14:59:02,155 [327657b1-60f8-49f2-b2a3-f63e1f934942@group-58A987F56150-LeaderElection433] INFO  impl.RaftServerImpl (RaftServerImpl.java:setRole(184)) - 327657b1-60f8-49f2-b2a3-f63e1f934942@group-58A987F56150: changes role from CANDIDATE to FOLLOWER at term 498 for DISCOVERED_A_NEW_TERM
2019-10-18 14:59:02,155 [327657b1-60f8-49f2-b2a3-f63e1f934942@group-58A987F56150-LeaderElection433] INFO  impl.RoleInfo (RoleInfo.java:shutdownLeaderElection(134)) - 327657b1-60f8-49f2-b2a3-f63e1f934942: shutdown LeaderElection
2019-10-18 14:59:02,155 [327657b1-60f8-49f2-b2a3-f63e1f934942@group-58A987F56150-LeaderElection433] INFO  impl.RoleInfo (RoleInfo.java:updateAndGet(143)) - 327657b1-60f8-49f2-b2a3-f63e1f934942: start FollowerState
2019-10-18 14:59:02,238 [Thread-3224] INFO  impl.FollowerState (FollowerState.java:run(108)) - 327657b1-60f8-49f2-b2a3-f63e1f934942@group-58A987F56150-FollowerState: change to CANDIDATE, lastRpcTime:83ms, electionTimeout:83ms
2019-10-18 14:59:02,238 [Thread-3224] INFO  impl.RoleInfo (RoleInfo.java:shutdownFollowerState(121)) - 327657b1-60f8-49f2-b2a3-f63e1f934942: shutdown FollowerState
2019-10-18 14:59:02,238 [Thread-3224] INFO  impl.RaftServerImpl (RaftServerImpl.java:setRole(184)) - 327657b1-60f8-49f2-b2a3-f63e1f934942@group-58A987F56150: changes role from  FOLLOWER to CANDIDATE at term 498 for changeToCandidate
2019-10-18 14:59:02,238 [Thread-3224] INFO  impl.RoleInfo (RoleInfo.java:updateAndGet(143)) - 327657b1-60f8-49f2-b2a3-f63e1f934942: start LeaderElection
2019-10-18 14:59:02,251 [327657b1-60f8-49f2-b2a3-f63e1f934942@group-58A987F56150-LeaderElection434] INFO  impl.LeaderElection (LeaderElection.java:askForVotes(178)) - 327657b1-60f8-49f2-b2a3-f63e1f934942@group-58A987F56150-LeaderElection434: begin an election at term 499 for -1: [6605b8a5-570b-4977-9ee7-6aaf3012bed5:192.168.164.233:35223, 327657b1-60f8-49f2-b2a3-f63e1f934942:192.168.164.233:41966, ddd4789c-894d-475a-bbfb-f6e7aa670c92:192.168.164.233:41061], old=null
2019-10-18 14:59:02,253 [grpc-default-executor-0] INFO  impl.RaftServerImpl (RaftServerImpl.java:setRole(184)) - 6605b8a5-570b-4977-9ee7-6aaf3012bed5@group-58A987F56150: changes role from  FOLLOWER to FOLLOWER at term 499 for recognizeCandidate:327657b1-60f8-49f2-b2a3-f63e1f934942
2019-10-18 14:59:02,253 [grpc-default-executor-0] INFO  impl.RoleInfo (RoleInfo.java:shutdownFollowerState(121)) - 6605b8a5-570b-4977-9ee7-6aaf3012bed5: shutdown FollowerState
2019-10-18 14:59:02,253 [grpc-default-executor-0] INFO  impl.RoleInfo (RoleInfo.java:updateAndGet(143)) - 6605b8a5-570b-4977-9ee7-6aaf3012bed5: start FollowerState
2019-10-18 14:59:02,253 [grpc-default-executor-3] INFO  impl.RaftServerImpl (RaftServerImpl.java:setRole(184)) - ddd4789c-894d-475a-bbfb-f6e7aa670c92@group-58A987F56150: changes role from  FOLLOWER to FOLLOWER at term 499 for recognizeCandidate:327657b1-60f8-49f2-b2a3-f63e1f934942
2019-10-18 14:59:02,253 [grpc-default-executor-3] INFO  impl.RoleInfo (RoleInfo.java:shutdownFollowerState(121)) - ddd4789c-894d-475a-bbfb-f6e7aa670c92: shutdown FollowerState
2019-10-18 14:59:02,253 [Thread-3222] INFO  impl.FollowerState (FollowerState.java:run(117)) - 6605b8a5-570b-4977-9ee7-6aaf3012bed5@group-58A987F56150-FollowerState was interrupted: java.lang.InterruptedException: sleep interrupted
2019-10-18 14:59:02,253 [Thread-3223] INFO  impl.FollowerState (FollowerState.java:run(117)) - ddd4789c-894d-475a-bbfb-f6e7aa670c92@group-58A987F56150-FollowerState was interrupted: java.lang.InterruptedException: sleep interrupted
2019-10-18 14:59:02,253 [grpc-default-executor-3] INFO  impl.RoleInfo (RoleInfo.java:updateAndGet(143)) - ddd4789c-894d-475a-bbfb-f6e7aa670c92: start FollowerState
2019-10-18 14:59:02,279 [327657b1-60f8-49f2-b2a3-f63e1f934942@group-58A987F56150-LeaderElection434] INFO  impl.LeaderElection (LeaderElection.java:logAndReturn(56)) - 327657b1-60f8-49f2-b2a3-f63e1f934942@group-58A987F56150-LeaderElection434: Election REJECTED; received 2 response(s) [327657b1-60f8-49f2-b2a3-f63e1f934942<-6605b8a5-570b-4977-9ee7-6aaf3012bed5#0:FAIL-t499, 327657b1-60f8-49f2-b2a3-f63e1f934942<-ddd4789c-894d-475a-bbfb-f6e7aa670c92#0:FAIL-t499] and 0 exception(s); 327657b1-60f8-49f2-b2a3-f63e1f934942@group-58A987F56150:t499, leader=null, voted=327657b1-60f8-49f2-b2a3-f63e1f934942, raftlog=327657b1-60f8-49f2-b2a3-f63e1f934942@group-58A987F56150-SegmentedRaftLog:OPENED:c-1,f-1,i0, conf=-1: [6605b8a5-570b-4977-9ee7-6aaf3012bed5:192.168.164.233:35223, 327657b1-60f8-49f2-b2a3-f63e1f934942:192.168.164.233:41966, ddd4789c-894d-475a-bbfb-f6e7aa670c92:192.168.164.233:41061], old=null
2019-10-18 14:59:02,279 [327657b1-60f8-49f2-b2a3-f63e1f934942@group-58A987F56150-LeaderElection434] INFO  impl.RaftServerImpl (RaftServerImpl.java:setRole(184)) - 327657b1-60f8-49f2-b2a3-f63e1f934942@group-58A987F56150: changes role from CANDIDATE to FOLLOWER at term 499 for DISCOVERED_A_NEW_TERM
2019-10-18 14:59:02,279 [327657b1-60f8-49f2-b2a3-f63e1f934942@group-58A987F56150-LeaderElection434] INFO  impl.RoleInfo (RoleInfo.java:shutdownLeaderElection(134)) - 327657b1-60f8-49f2-b2a3-f63e1f934942: shutdown LeaderElection
2019-10-18 14:59:02,279 [327657b1-60f8-49f2-b2a3-f63e1f934942@group-58A987F56150-LeaderElection434] INFO  impl.RoleInfo (RoleInfo.java:updateAndGet(143)) - 327657b1-60f8-49f2-b2a3-f63e1f934942: start FollowerState
2019-10-18 14:59:02,293 [Thread-3230] INFO  impl.FollowerState (FollowerState.java:run(108)) - 327657b1-60f8-49f2-b2a3-f63e1f934942@group-58A987F56150-FollowerState: change to CANDIDATE, lastRpcTime:13ms, electionTimeout:13ms
2019-10-18 14:59:02,293 [Thread-3230] INFO  impl.RoleInfo (RoleInfo.java:shutdownFollowerState(121)) - 327657b1-60f8-49f2-b2a3-f63e1f934942: shutdown FollowerState
2019-10-18 14:59:02,293 [Thread-3230] INFO  impl.RaftServerImpl (RaftServerImpl.java:setRole(184)) - 327657b1-60f8-49f2-b2a3-f63e1f934942@group-58A987F56150: changes role from  FOLLOWER to CANDIDATE at term 499 for changeToCandidate
2019-10-18 14:59:02,293 [Thread-3230] INFO  impl.RoleInfo (RoleInfo.java:updateAndGet(143)) - 327657b1-60f8-49f2-b2a3-f63e1f934942: start LeaderElection
2019-10-18 14:59:02,297 [327657b1-60f8-49f2-b2a3-f63e1f934942@group-58A987F56150-LeaderElection435] INFO  impl.LeaderElection (LeaderElection.java:askForVotes(178)) - 327657b1-60f8-49f2-b2a3-f63e1f934942@group-58A987F56150-LeaderElection435: begin an election at term 500 for -1: [6605b8a5-570b-4977-9ee7-6aaf3012bed5:192.168.164.233:35223, 327657b1-60f8-49f2-b2a3-f63e1f934942:192.168.164.233:41966, ddd4789c-894d-475a-bbfb-f6e7aa670c92:192.168.164.233:41061], old=null
2019-10-18 14:59:02,298 [grpc-default-executor-0] INFO  impl.RaftServerImpl (RaftServerImpl.java:setRole(184)) - 6605b8a5-570b-4977-9ee7-6aaf3012bed5@group-58A987F56150: changes role from  FOLLOWER to FOLLOWER at term 500 for recognizeCandidate:327657b1-60f8-49f2-b2a3-f63e1f934942
2019-10-18 14:59:02,298 [grpc-default-executor-0] INFO  impl.RoleInfo (RoleInfo.java:shutdownFollowerState(121)) - 6605b8a5-570b-4977-9ee7-6aaf3012bed5: shutdown FollowerState
2019-10-18 14:59:02,298 [grpc-default-executor-0] INFO  impl.RoleInfo (RoleInfo.java:updateAndGet(143)) - 6605b8a5-570b-4977-9ee7-6aaf3012bed5: start FollowerState
2019-10-18 14:59:02,298 [grpc-default-executor-3] INFO  impl.RaftServerImpl (RaftServerImpl.java:setRole(184)) - ddd4789c-894d-475a-bbfb-f6e7aa670c92@group-58A987F56150: changes role from  FOLLOWER to FOLLOWER at term 500 for recognizeCandidate:327657b1-60f8-49f2-b2a3-f63e1f934942
2019-10-18 14:59:02,298 [Thread-3228] INFO  impl.FollowerState (FollowerState.java:run(117)) - 6605b8a5-570b-4977-9ee7-6aaf3012bed5@group-58A987F56150-FollowerState was interrupted: java.lang.InterruptedException: sleep interrupted
2019-10-18 14:59:02,298 [grpc-default-executor-3] INFO  impl.RoleInfo (RoleInfo.java:shutdownFollowerState(121)) - ddd4789c-894d-475a-bbfb-f6e7aa670c92: shutdown FollowerState
2019-10-18 14:59:02,299 [grpc-default-executor-3] INFO  impl.RoleInfo (RoleInfo.java:updateAndGet(143)) - ddd4789c-894d-475a-bbfb-f6e7aa670c92: start FollowerState
2019-10-18 14:59:02,299 [Thread-3229] INFO  impl.FollowerState (FollowerState.java:run(117)) - ddd4789c-894d-475a-bbfb-f6e7aa670c92@group-58A987F56150-FollowerState was interrupted: java.lang.InterruptedException: sleep interrupted
2019-10-18 14:59:02,306 [327657b1-60f8-49f2-b2a3-f63e1f934942@group-58A987F56150-LeaderElection435] INFO  impl.LeaderElection (LeaderElection.java:logAndReturn(56)) - 327657b1-60f8-49f2-b2a3-f63e1f934942@group-58A987F56150-LeaderElection435: Election REJECTED; received 2 response(s) [327657b1-60f8-49f2-b2a3-f63e1f934942<-6605b8a5-570b-4977-9ee7-6aaf3012bed5#0:FAIL-t500, 327657b1-60f8-49f2-b2a3-f63e1f934942<-ddd4789c-894d-475a-bbfb-f6e7aa670c92#0:FAIL-t500] and 0 exception(s); 327657b1-60f8-49f2-b2a3-f63e1f934942@group-58A987F56150:t500, leader=null, voted=327657b1-60f8-49f2-b2a3-f63e1f934942, raftlog=327657b1-60f8-49f2-b2a3-f63e1f934942@group-58A987F56150-SegmentedRaftLog:OPENED:c-1,f-1,i0, conf=-1: [6605b8a5-570b-4977-9ee7-6aaf3012bed5:192.168.164.233:35223, 327657b1-60f8-49f2-b2a3-f63e1f934942:192.168.164.233:41966, ddd4789c-894d-475a-bbfb-f6e7aa670c92:192.168.164.233:41061], old=null
2019-10-18 14:59:02,306 [327657b1-60f8-49f2-b2a3-f63e1f934942@group-58A987F56150-LeaderElection435] INFO  impl.RaftServerImpl (RaftServerImpl.java:setRole(184)) - 327657b1-60f8-49f2-b2a3-f63e1f934942@group-58A987F56150: changes role from CANDIDATE to FOLLOWER at term 500 for DISCOVERED_A_NEW_TERM
2019-10-18 14:59:02,306 [327657b1-60f8-49f2-b2a3-f63e1f934942@group-58A987F56150-LeaderElection435] INFO  impl.RoleInfo (RoleInfo.java:shutdownLeaderElection(134)) - 327657b1-60f8-49f2-b2a3-f63e1f934942: shutdown LeaderElection
2019-10-18 14:59:02,306 [327657b1-60f8-49f2-b2a3-f63e1f934942@group-58A987F56150-LeaderElection435] INFO  impl.RoleInfo (RoleInfo.java:updateAndGet(143)) - 327657b1-60f8-49f2-b2a3-f63e1f934942: start FollowerState
2019-10-18 14:59:02,331 [Thread-3238] INFO  impl.FollowerState (FollowerState.java:run(108)) - 327657b1-60f8-49f2-b2a3-f63e1f934942@group-58A987F56150-FollowerState: change to CANDIDATE, lastRpcTime:24ms, electionTimeout:24ms
2019-10-18 14:59:02,331 [Thread-3238] INFO  impl.RoleInfo (RoleInfo.java:shutdownFollowerState(121)) - 327657b1-60f8-49f2-b2a3-f63e1f934942: shutdown FollowerState
2019-10-18 14:59:02,331 [Thread-3238] INFO  impl.RaftServerImpl (RaftServerImpl.java:setRole(184)) - 327657b1-60f8-49f2-b2a3-f63e1f934942@group-58A987F56150: changes role from  FOLLOWER to CANDIDATE at term 500 for changeToCandidate
2019-10-18 14:59:02,331 [Thread-3238] INFO  impl.RoleInfo (RoleInfo.java:updateAndGet(143)) - 327657b1-60f8-49f2-b2a3-f63e1f934942: start LeaderElection
2019-10-18 14:59:02,335 [327657b1-60f8-49f2-b2a3-f63e1f934942@group-58A987F56150-LeaderElection436] INFO  impl.LeaderElection (LeaderElection.java:askForVotes(178)) - 327657b1-60f8-49f2-b2a3-f63e1f934942@group-58A987F56150-LeaderElection436: begin an election at term 501 for -1: [6605b8a5-570b-4977-9ee7-6aaf3012bed5:192.168.164.233:35223, 327657b1-60f8-49f2-b2a3-f63e1f934942:192.168.164.233:41966, ddd4789c-894d-475a-bbfb-f6e7aa670c92:192.168.164.233:41061], old=null
2019-10-18 14:59:02,336 [grpc-default-executor-3] INFO  impl.RaftServerImpl (RaftServerImpl.java:setRole(184)) - 6605b8a5-570b-4977-9ee7-6aaf3012bed5@group-58A987F56150: changes role from  FOLLOWER to FOLLOWER at term 501 for recognizeCandidate:327657b1-60f8-49f2-b2a3-f63e1f934942
2019-10-18 14:59:02,337 [grpc-default-executor-3] INFO  impl.RoleInfo (RoleInfo.java:shutdownFollowerState(121)) - 6605b8a5-570b-4977-9ee7-6aaf3012bed5: shutdown FollowerState
2019-10-18 14:59:02,337 [grpc-default-executor-3] INFO  impl.RoleInfo (RoleInfo.java:updateAndGet(143)) - 6605b8a5-570b-4977-9ee7-6aaf3012bed5: start FollowerState
2019-10-18 14:59:02,337 [grpc-default-executor-0] INFO  impl.RaftServerImpl (RaftServerImpl.java:setRole(184)) - ddd4789c-894d-475a-bbfb-f6e7aa670c92@group-58A987F56150: changes role from  FOLLOWER to FOLLOWER at term 501 for recognizeCandidate:327657b1-60f8-49f2-b2a3-f63e1f934942
2019-10-18 14:59:02,337 [grpc-default-executor-0] INFO  impl.RoleInfo (RoleInfo.java:shutdownFollowerState(121)) - ddd4789c-894d-475a-bbfb-f6e7aa670c92: shutdown FollowerState
2019-10-18 14:59:02,337 [Thread-3236] INFO  impl.FollowerState (FollowerState.java:run(117)) - 6605b8a5-570b-4977-9ee7-6aaf3012bed5@group-58A987F56150-FollowerState was interrupted: java.lang.InterruptedException: sleep interrupted
2019-10-18 14:59:02,337 [Thread-3237] INFO  impl.FollowerState (FollowerState.java:run(117)) - ddd4789c-894d-475a-bbfb-f6e7aa670c92@group-58A987F56150-FollowerState was interrupted: java.lang.InterruptedException: sleep interrupted
2019-10-18 14:59:02,337 [grpc-default-executor-0] INFO  impl.RoleInfo (RoleInfo.java:updateAndGet(143)) - ddd4789c-894d-475a-bbfb-f6e7aa670c92: start FollowerState
2019-10-18 14:59:02,344 [327657b1-60f8-49f2-b2a3-f63e1f934942@group-58A987F56150-LeaderElection436] INFO  impl.LeaderElection (LeaderElection.java:logAndReturn(56)) - 327657b1-60f8-49f2-b2a3-f63e1f934942@group-58A987F56150-LeaderElection436: Election REJECTED; received 2 response(s) [327657b1-60f8-49f2-b2a3-f63e1f934942<-6605b8a5-570b-4977-9ee7-6aaf3012bed5#0:FAIL-t501, 327657b1-60f8-49f2-b2a3-f63e1f934942<-ddd4789c-894d-475a-bbfb-f6e7aa670c92#0:FAIL-t501] and 0 exception(s); 327657b1-60f8-49f2-b2a3-f63e1f934942@group-58A987F56150:t501, leader=null, voted=327657b1-60f8-49f2-b2a3-f63e1f934942, raftlog=327657b1-60f8-49f2-b2a3-f63e1f934942@group-58A987F56150-SegmentedRaftLog:OPENED:c-1,f-1,i0, conf=-1: [6605b8a5-570b-4977-9ee7-6aaf3012bed5:192.168.164.233:35223, 327657b1-60f8-49f2-b2a3-f63e1f934942:192.168.164.233:41966, ddd4789c-894d-475a-bbfb-f6e7aa670c92:192.168.164.233:41061], old=null
2019-10-18 14:59:02,344 [327657b1-60f8-49f2-b2a3-f63e1f934942@group-58A987F56150-LeaderElection436] INFO  impl.RaftServerImpl (RaftServerImpl.java:setRole(184)) - 327657b1-60f8-49f2-b2a3-f63e1f934942@group-58A987F56150: changes role from CANDIDATE to FOLLOWER at term 501 for DISCOVERED_A_NEW_TERM
2019-10-18 14:59:02,344 [327657b1-60f8-49f2-b2a3-f63e1f934942@group-58A987F56150-LeaderElection436] INFO  impl.RoleInfo (RoleInfo.java:shutdownLeaderElection(134)) - 327657b1-60f8-49f2-b2a3-f63e1f934942: shutdown LeaderElection
2019-10-18 14:59:02,344 [327657b1-60f8-49f2-b2a3-f63e1f934942@group-58A987F56150-LeaderElection436] INFO  impl.RoleInfo (RoleInfo.java:updateAndGet(143)) - 327657b1-60f8-49f2-b2a3-f63e1f934942: start FollowerState
2019-10-18 14:59:02,537 [Thread-3244] INFO  impl.FollowerState (FollowerState.java:run(108)) - 327657b1-60f8-49f2-b2a3-f63e1f934942@group-58A987F56150-FollowerState: change to CANDIDATE, lastRpcTime:192ms, electionTimeout:192ms
2019-10-18 14:59:02,537 [Thread-3244] INFO  impl.RoleInfo (RoleInfo.java:shutdownFollowerState(121)) - 327657b1-60f8-49f2-b2a3-f63e1f934942: shutdown FollowerState
2019-10-18 14:59:02,537 [Thread-3244] INFO  impl.RaftServerImpl (RaftServerImpl.java:setRole(184)) - 327657b1-60f8-49f2-b2a3-f63e1f934942@group-58A987F56150: changes role from  FOLLOWER to CANDIDATE at term 501 for changeToCandidate
2019-10-18 14:59:02,537 [Thread-3244] INFO  impl.RoleInfo (RoleInfo.java:updateAndGet(143)) - 327657b1-60f8-49f2-b2a3-f63e1f934942: start LeaderElection
2019-10-18 14:59:02,550 [327657b1-60f8-49f2-b2a3-f63e1f934942@group-58A987F56150-LeaderElection437] INFO  impl.LeaderElection (LeaderElection.java:askForVotes(178)) - 327657b1-60f8-49f2-b2a3-f63e1f934942@group-58A987F56150-LeaderElection437: begin an election at term 502 for -1: [6605b8a5-570b-4977-9ee7-6aaf3012bed5:192.168.164.233:35223, 327657b1-60f8-49f2-b2a3-f63e1f934942:192.168.164.233:41966, ddd4789c-894d-475a-bbfb-f6e7aa670c92:192.168.164.233:41061], old=null
2019-10-18 14:59:02,552 [grpc-default-executor-3] INFO  impl.RaftServerImpl (RaftServerImpl.java:setRole(184)) - 6605b8a5-570b-4977-9ee7-6aaf3012bed5@group-58A987F56150: changes role from  FOLLOWER to FOLLOWER at term 502 for recognizeCandidate:327657b1-60f8-49f2-b2a3-f63e1f934942
2019-10-18 14:59:02,552 [grpc-default-executor-3] INFO  impl.RoleInfo (RoleInfo.java:shutdownFollowerState(121)) - 6605b8a5-570b-4977-9ee7-6aaf3012bed5: shutdown FollowerState
2019-10-18 14:59:02,552 [grpc-default-executor-3] INFO  impl.RoleInfo (RoleInfo.java:updateAndGet(143)) - 6605b8a5-570b-4977-9ee7-6aaf3012bed5: start FollowerState
2019-10-18 14:59:02,552 [Thread-3242] INFO  impl.FollowerState (FollowerState.java:run(117)) - 6605b8a5-570b-4977-9ee7-6aaf3012bed5@group-58A987F56150-FollowerState was interrupted: java.lang.InterruptedException: sleep interrupted
2019-10-18 14:59:02,552 [grpc-default-executor-0] INFO  impl.RaftServerImpl (RaftServerImpl.java:setRole(184)) - ddd4789c-894d-475a-bbfb-f6e7aa670c92@group-58A987F56150: changes role from  FOLLOWER to FOLLOWER at term 502 for recognizeCandidate:327657b1-60f8-49f2-b2a3-f63e1f934942
2019-10-18 14:59:02,553 [grpc-default-executor-0] INFO  impl.RoleInfo (RoleInfo.java:shutdownFollowerState(121)) - ddd4789c-894d-475a-bbfb-f6e7aa670c92: shutdown FollowerState
2019-10-18 14:59:02,553 [grpc-default-executor-0] INFO  impl.RoleInfo (RoleInfo.java:updateAndGet(143)) - ddd4789c-894d-475a-bbfb-f6e7aa670c92: start FollowerState
2019-10-18 14:59:02,553 [Thread-3243] INFO  impl.FollowerState (FollowerState.java:run(117)) - ddd4789c-894d-475a-bbfb-f6e7aa670c92@group-58A987F56150-FollowerState was interrupted: java.lang.InterruptedException: sleep interrupted
2019-10-18 14:59:02,559 [327657b1-60f8-49f2-b2a3-f63e1f934942@group-58A987F56150-LeaderElection437] INFO  impl.LeaderElection (LeaderElection.java:logAndReturn(56)) - 327657b1-60f8-49f2-b2a3-f63e1f934942@group-58A987F56150-LeaderElection437: Election TIMEOUT; received 0 response(s) [] and 0 exception(s); 327657b1-60f8-49f2-b2a3-f63e1f934942@group-58A987F56150:t502, leader=null, voted=327657b1-60f8-49f2-b2a3-f63e1f934942, raftlog=327657b1-60f8-49f2-b2a3-f63e1f934942@group-58A987F56150-SegmentedRaftLog:OPENED:c-1,f-1,i0, conf=-1: [6605b8a5-570b-4977-9ee7-6aaf3012bed5:192.168.164.233:35223, 327657b1-60f8-49f2-b2a3-f63e1f934942:192.168.164.233:41966, ddd4789c-894d-475a-bbfb-f6e7aa670c92:192.168.164.233:41061], old=null
2019-10-18 14:59:02,578 [327657b1-60f8-49f2-b2a3-f63e1f934942@group-58A987F56150-LeaderElection437] INFO  impl.LeaderElection (LeaderElection.java:askForVotes(178)) - 327657b1-60f8-49f2-b2a3-f63e1f934942@group-58A987F56150-LeaderElection437: begin an election at term 503 for -1: [6605b8a5-570b-4977-9ee7-6aaf3012bed5:192.168.164.233:35223, 327657b1-60f8-49f2-b2a3-f63e1f934942:192.168.164.233:41966, ddd4789c-894d-475a-bbfb-f6e7aa670c92:192.168.164.233:41061], old=null
2019-10-18 14:59:02,580 [grpc-default-executor-0] INFO  impl.RaftServerImpl (RaftServerImpl.java:setRole(184)) - 6605b8a5-570b-4977-9ee7-6aaf3012bed5@group-58A987F56150: changes role from  FOLLOWER to FOLLOWER at term 503 for recognizeCandidate:327657b1-60f8-49f2-b2a3-f63e1f934942
2019-10-18 14:59:02,580 [grpc-default-executor-0] INFO  impl.RoleInfo (RoleInfo.java:shutdownFollowerState(121)) - 6605b8a5-570b-4977-9ee7-6aaf3012bed5: shutdown FollowerState
2019-10-18 14:59:02,580 [grpc-default-executor-0] INFO  impl.RoleInfo (RoleInfo.java:updateAndGet(143)) - 6605b8a5-570b-4977-9ee7-6aaf3012bed5: start FollowerState
2019-10-18 14:59:02,580 [Thread-3248] INFO  impl.FollowerState (FollowerState.java:run(117)) - 6605b8a5-570b-4977-9ee7-6aaf3012bed5@group-58A987F56150-FollowerState was interrupted: java.lang.InterruptedException: sleep interrupted
2019-10-18 14:59:02,580 [grpc-default-executor-3] INFO  impl.RaftServerImpl (RaftServerImpl.java:setRole(184)) - ddd4789c-894d-475a-bbfb-f6e7aa670c92@group-58A987F56150: changes role from  FOLLOWER to FOLLOWER at term 503 for recognizeCandidate:327657b1-60f8-49f2-b2a3-f63e1f934942
2019-10-18 14:59:02,580 [grpc-default-executor-3] INFO  impl.RoleInfo (RoleInfo.java:shutdownFollowerState(121)) - ddd4789c-894d-475a-bbfb-f6e7aa670c92: shutdown FollowerState
2019-10-18 14:59:02,581 [grpc-default-executor-3] INFO  impl.RoleInfo (RoleInfo.java:updateAndGet(143)) - ddd4789c-894d-475a-bbfb-f6e7aa670c92: start FollowerState
2019-10-18 14:59:02,581 [Thread-3249] INFO  impl.FollowerState (FollowerState.java:run(117)) - ddd4789c-894d-475a-bbfb-f6e7aa670c92@group-58A987F56150-FollowerState was interrupted: java.lang.InterruptedException: sleep interrupted
2019-10-18 14:59:02,606 [327657b1-60f8-49f2-b2a3-f63e1f934942@group-58A987F56150-LeaderElection437] INFO  impl.LeaderElection (LeaderElection.java:logAndReturn(56)) - 327657b1-60f8-49f2-b2a3-f63e1f934942@group-58A987F56150-LeaderElection437: Election REJECTED; received 2 response(s) [327657b1-60f8-49f2-b2a3-f63e1f934942<-6605b8a5-570b-4977-9ee7-6aaf3012bed5#0:FAIL-t503, 327657b1-60f8-49f2-b2a3-f63e1f934942<-ddd4789c-894d-475a-bbfb-f6e7aa670c92#0:FAIL-t503] and 0 exception(s); 327657b1-60f8-49f2-b2a3-f63e1f934942@group-58A987F56150:t503, leader=null, voted=327657b1-60f8-49f2-b2a3-f63e1f934942, raftlog=327657b1-60f8-49f2-b2a3-f63e1f934942@group-58A987F56150-SegmentedRaftLog:OPENED:c-1,f-1,i0, conf=-1: [6605b8a5-570b-4977-9ee7-6aaf3012bed5:192.168.164.233:35223, 327657b1-60f8-49f2-b2a3-f63e1f934942:192.168.164.233:41966, ddd4789c-894d-475a-bbfb-f6e7aa670c92:192.168.164.233:41061], old=null
2019-10-18 14:59:02,606 [327657b1-60f8-49f2-b2a3-f63e1f934942@group-58A987F56150-LeaderElection437] INFO  impl.RaftServerImpl (RaftServerImpl.java:setRole(184)) - 327657b1-60f8-49f2-b2a3-f63e1f934942@group-58A987F56150: changes role from CANDIDATE to FOLLOWER at term 503 for DISCOVERED_A_NEW_TERM
2019-10-18 14:59:02,606 [327657b1-60f8-49f2-b2a3-f63e1f934942@group-58A987F56150-LeaderElection437] INFO  impl.RoleInfo (RoleInfo.java:shutdownLeaderElection(134)) - 327657b1-60f8-49f2-b2a3-f63e1f934942: shutdown LeaderElection
2019-10-18 14:59:02,606 [327657b1-60f8-49f2-b2a3-f63e1f934942@group-58A987F56150-LeaderElection437] INFO  impl.RoleInfo (RoleInfo.java:updateAndGet(143)) - 327657b1-60f8-49f2-b2a3-f63e1f934942: start FollowerState
2019-10-18 14:59:02,710 [Thread-3254] INFO  impl.FollowerState (FollowerState.java:run(108)) - 327657b1-60f8-49f2-b2a3-f63e1f934942@group-58A987F56150-FollowerState: change to CANDIDATE, lastRpcTime:103ms, electionTimeout:103ms
2019-10-18 14:59:02,710 [Thread-3254] INFO  impl.RoleInfo (RoleInfo.java:shutdownFollowerState(121)) - 327657b1-60f8-49f2-b2a3-f63e1f934942: shutdown FollowerState
2019-10-18 14:59:02,710 [Thread-3254] INFO  impl.RaftServerImpl (RaftServerImpl.java:setRole(184)) - 327657b1-60f8-49f2-b2a3-f63e1f934942@group-58A987F56150: changes role from  FOLLOWER to CANDIDATE at term 503 for changeToCandidate
2019-10-18 14:59:02,710 [Thread-3254] INFO  impl.RoleInfo (RoleInfo.java:updateAndGet(143)) - 327657b1-60f8-49f2-b2a3-f63e1f934942: start LeaderElection
2019-10-18 14:59:02,724 [327657b1-60f8-49f2-b2a3-f63e1f934942@group-58A987F56150-LeaderElection438] INFO  impl.LeaderElection (LeaderElection.java:askForVotes(178)) - 327657b1-60f8-49f2-b2a3-f63e1f934942@group-58A987F56150-LeaderElection438: begin an election at term 504 for -1: [6605b8a5-570b-4977-9ee7-6aaf3012bed5:192.168.164.233:35223, 327657b1-60f8-49f2-b2a3-f63e1f934942:192.168.164.233:41966, ddd4789c-894d-475a-bbfb-f6e7aa670c92:192.168.164.233:41061], old=null
2019-10-18 14:59:02,725 [grpc-default-executor-0] INFO  impl.RaftServerImpl (RaftServerImpl.java:setRole(184)) - 6605b8a5-570b-4977-9ee7-6aaf3012bed5@group-58A987F56150: changes role from  FOLLOWER to FOLLOWER at term 504 for recognizeCandidate:327657b1-60f8-49f2-b2a3-f63e1f934942
2019-10-18 14:59:02,726 [grpc-default-executor-0] INFO  impl.RoleInfo (RoleInfo.java:shutdownFollowerState(121)) - 6605b8a5-570b-4977-9ee7-6aaf3012bed5: shutdown FollowerState
2019-10-18 14:59:02,726 [grpc-default-executor-3] INFO  impl.RaftServerImpl (RaftServerImpl.java:setRole(184)) - ddd4789c-894d-475a-bbfb-f6e7aa670c92@group-58A987F56150: changes role from  FOLLOWER to FOLLOWER at term 504 for recognizeCandidate:327657b1-60f8-49f2-b2a3-f63e1f934942
2019-10-18 14:59:02,726 [grpc-default-executor-3] INFO  impl.RoleInfo (RoleInfo.java:shutdownFollowerState(121)) - ddd4789c-894d-475a-bbfb-f6e7aa670c92: shutdown FollowerState
2019-10-18 14:59:02,726 [Thread-3252] INFO  impl.FollowerState (FollowerState.java:run(117)) - 6605b8a5-570b-4977-9ee7-6aaf3012bed5@group-58A987F56150-FollowerState was interrupted: java.lang.InterruptedException: sleep interrupted
2019-10-18 14:59:02,726 [Thread-3253] INFO  impl.FollowerState (FollowerState.java:run(117)) - ddd4789c-894d-475a-bbfb-f6e7aa670c92@group-58A987F56150-FollowerState was interrupted: java.lang.InterruptedException: sleep interrupted
2019-10-18 14:59:02,726 [grpc-default-executor-0] INFO  impl.RoleInfo (RoleInfo.java:updateAndGet(143)) - 6605b8a5-570b-4977-9ee7-6aaf3012bed5: start FollowerState
2019-10-18 14:59:02,726 [grpc-default-executor-3] INFO  impl.RoleInfo (RoleInfo.java:updateAndGet(143)) - ddd4789c-894d-475a-bbfb-f6e7aa670c92: start FollowerState
2019-10-18 14:59:02,752 [327657b1-60f8-49f2-b2a3-f63e1f934942@group-58A987F56150-LeaderElection438] INFO  impl.LeaderElection (LeaderElection.java:logAndReturn(56)) - 327657b1-60f8-49f2-b2a3-f63e1f934942@group-58A987F56150-LeaderElection438: Election REJECTED; received 2 response(s) [327657b1-60f8-49f2-b2a3-f63e1f934942<-6605b8a5-570b-4977-9ee7-6aaf3012bed5#0:FAIL-t504, 327657b1-60f8-49f2-b2a3-f63e1f934942<-ddd4789c-894d-475a-bbfb-f6e7aa670c92#0:FAIL-t504] and 0 exception(s); 327657b1-60f8-49f2-b2a3-f63e1f934942@group-58A987F56150:t504, leader=null, voted=327657b1-60f8-49f2-b2a3-f63e1f934942, raftlog=327657b1-60f8-49f2-b2a3-f63e1f934942@group-58A987F56150-SegmentedRaftLog:OPENED:c-1,f-1,i0, conf=-1: [6605b8a5-570b-4977-9ee7-6aaf3012bed5:192.168.164.233:35223, 327657b1-60f8-49f2-b2a3-f63e1f934942:192.168.164.233:41966, ddd4789c-894d-475a-bbfb-f6e7aa670c92:192.168.164.233:41061], old=null
2019-10-18 14:59:02,752 [327657b1-60f8-49f2-b2a3-f63e1f934942@group-58A987F56150-LeaderElection438] INFO  impl.RaftServerImpl (RaftServerImpl.java:setRole(184)) - 327657b1-60f8-49f2-b2a3-f63e1f934942@group-58A987F56150: changes role from CANDIDATE to FOLLOWER at term 504 for DISCOVERED_A_NEW_TERM
2019-10-18 14:59:02,752 [327657b1-60f8-49f2-b2a3-f63e1f934942@group-58A987F56150-LeaderElection438] INFO  impl.RoleInfo (RoleInfo.java:shutdownLeaderElection(134)) - 327657b1-60f8-49f2-b2a3-f63e1f934942: shutdown LeaderElection
2019-10-18 14:59:02,752 [327657b1-60f8-49f2-b2a3-f63e1f934942@group-58A987F56150-LeaderElection438] INFO  impl.RoleInfo (RoleInfo.java:updateAndGet(143)) - 327657b1-60f8-49f2-b2a3-f63e1f934942: start FollowerState
2019-10-18 14:59:02,883 [Thread-3260] INFO  impl.FollowerState (FollowerState.java:run(108)) - 327657b1-60f8-49f2-b2a3-f63e1f934942@group-58A987F56150-FollowerState: change to CANDIDATE, lastRpcTime:130ms, electionTimeout:130ms
2019-10-18 14:59:02,883 [Thread-3260] INFO  impl.RoleInfo (RoleInfo.java:shutdownFollowerState(121)) - 327657b1-60f8-49f2-b2a3-f63e1f934942: shutdown FollowerState
2019-10-18 14:59:02,883 [Thread-3260] INFO  impl.RaftServerImpl (RaftServerImpl.java:setRole(184)) - 327657b1-60f8-49f2-b2a3-f63e1f934942@group-58A987F56150: changes role from  FOLLOWER to CANDIDATE at term 504 for changeToCandidate
2019-10-18 14:59:02,883 [Thread-3260] INFO  impl.RoleInfo (RoleInfo.java:updateAndGet(143)) - 327657b1-60f8-49f2-b2a3-f63e1f934942: start LeaderElection
2019-10-18 14:59:02,896 [327657b1-60f8-49f2-b2a3-f63e1f934942@group-58A987F56150-LeaderElection439] INFO  impl.LeaderElection (LeaderElection.java:askForVotes(178)) - 327657b1-60f8-49f2-b2a3-f63e1f934942@group-58A987F56150-LeaderElection439: begin an election at term 505 for -1: [6605b8a5-570b-4977-9ee7-6aaf3012bed5:192.168.164.233:35223, 327657b1-60f8-49f2-b2a3-f63e1f934942:192.168.164.233:41966, ddd4789c-894d-475a-bbfb-f6e7aa670c92:192.168.164.233:41061], old=null
2019-10-18 14:59:02,898 [grpc-default-executor-0] INFO  impl.RaftServerImpl (RaftServerImpl.java:setRole(184)) - 6605b8a5-570b-4977-9ee7-6aaf3012bed5@group-58A987F56150: changes role from  FOLLOWER to FOLLOWER at term 505 for recognizeCandidate:327657b1-60f8-49f2-b2a3-f63e1f934942
2019-10-18 14:59:02,898 [grpc-default-executor-3] INFO  impl.RaftServerImpl (RaftServerImpl.java:setRole(184)) - ddd4789c-894d-475a-bbfb-f6e7aa670c92@group-58A987F56150: changes role from  FOLLOWER to FOLLOWER at term 505 for recognizeCandidate:327657b1-60f8-49f2-b2a3-f63e1f934942
2019-10-18 14:59:02,898 [grpc-default-executor-3] INFO  impl.RoleInfo (RoleInfo.java:shutdownFollowerState(121)) - ddd4789c-894d-475a-bbfb-f6e7aa670c92: shutdown FollowerState
2019-10-18 14:59:02,898 [grpc-default-executor-0] INFO  impl.RoleInfo (RoleInfo.java:shutdownFollowerState(121)) - 6605b8a5-570b-4977-9ee7-6aaf3012bed5: shutdown FollowerState
2019-10-18 14:59:02,899 [Thread-3259] INFO  impl.FollowerState (FollowerState.java:run(117)) - ddd4789c-894d-475a-bbfb-f6e7aa670c92@group-58A987F56150-FollowerState was interrupted: java.lang.InterruptedException: sleep interrupted
2019-10-18 14:59:02,899 [grpc-default-executor-3] INFO  impl.RoleInfo (RoleInfo.java:updateAndGet(143)) - ddd4789c-894d-475a-bbfb-f6e7aa670c92: start FollowerState
2019-10-18 14:59:02,899 [Thread-3258] INFO  impl.FollowerState (FollowerState.java:run(117)) - 6605b8a5-570b-4977-9ee7-6aaf3012bed5@group-58A987F56150-FollowerState was interrupted: java.lang.InterruptedException: sleep interrupted
2019-10-18 14:59:02,899 [grpc-default-executor-0] INFO  impl.RoleInfo (RoleInfo.java:updateAndGet(143)) - 6605b8a5-570b-4977-9ee7-6aaf3012bed5: start FollowerState
2019-10-18 14:59:02,923 [327657b1-60f8-49f2-b2a3-f63e1f934942@group-58A987F56150-LeaderElection439] INFO  impl.LeaderElection (LeaderElection.java:logAndReturn(56)) - 327657b1-60f8-49f2-b2a3-f63e1f934942@group-58A987F56150-LeaderElection439: Election REJECTED; received 2 response(s) [327657b1-60f8-49f2-b2a3-f63e1f934942<-6605b8a5-570b-4977-9ee7-6aaf3012bed5#0:FAIL-t505, 327657b1-60f8-49f2-b2a3-f63e1f934942<-ddd4789c-894d-475a-bbfb-f6e7aa670c92#0:FAIL-t505] and 0 exception(s); 327657b1-60f8-49f2-b2a3-f63e1f934942@group-58A987F56150:t505, leader=null, voted=327657b1-60f8-49f2-b2a3-f63e1f934942, raftlog=327657b1-60f8-49f2-b2a3-f63e1f934942@group-58A987F56150-SegmentedRaftLog:OPENED:c-1,f-1,i0, conf=-1: [6605b8a5-570b-4977-9ee7-6aaf3012bed5:192.168.164.233:35223, 327657b1-60f8-49f2-b2a3-f63e1f934942:192.168.164.233:41966, ddd4789c-894d-475a-bbfb-f6e7aa670c92:192.168.164.233:41061], old=null
2019-10-18 14:59:02,924 [327657b1-60f8-49f2-b2a3-f63e1f934942@group-58A987F56150-LeaderElection439] INFO  impl.RaftServerImpl (RaftServerImpl.java:setRole(184)) - 327657b1-60f8-49f2-b2a3-f63e1f934942@group-58A987F56150: changes role from CANDIDATE to FOLLOWER at term 505 for DISCOVERED_A_NEW_TERM
2019-10-18 14:59:02,924 [327657b1-60f8-49f2-b2a3-f63e1f934942@group-58A987F56150-LeaderElection439] INFO  impl.RoleInfo (RoleInfo.java:shutdownLeaderElection(134)) - 327657b1-60f8-49f2-b2a3-f63e1f934942: shutdown LeaderElection
2019-10-18 14:59:02,924 [327657b1-60f8-49f2-b2a3-f63e1f934942@group-58A987F56150-LeaderElection439] INFO  impl.RoleInfo (RoleInfo.java:updateAndGet(143)) - 327657b1-60f8-49f2-b2a3-f63e1f934942: start FollowerState
2019-10-18 14:59:02,985 [Thread-3266] INFO  impl.FollowerState (FollowerState.java:run(108)) - 327657b1-60f8-49f2-b2a3-f63e1f934942@group-58A987F56150-FollowerState: change to CANDIDATE, lastRpcTime:61ms, electionTimeout:61ms
2019-10-18 14:59:02,985 [Thread-3266] INFO  impl.RoleInfo (RoleInfo.java:shutdownFollowerState(121)) - 327657b1-60f8-49f2-b2a3-f63e1f934942: shutdown FollowerState
2019-10-18 14:59:02,985 [Thread-3266] INFO  impl.RaftServerImpl (RaftServerImpl.java:setRole(184)) - 327657b1-60f8-49f2-b2a3-f63e1f934942@group-58A987F56150: changes role from  FOLLOWER to CANDIDATE at term 505 for changeToCandidate
2019-10-18 14:59:02,986 [Thread-3266] INFO  impl.RoleInfo (RoleInfo.java:updateAndGet(143)) - 327657b1-60f8-49f2-b2a3-f63e1f934942: start LeaderElection
2019-10-18 14:59:03,010 [327657b1-60f8-49f2-b2a3-f63e1f934942@group-58A987F56150-LeaderElection440] INFO  impl.LeaderElection (LeaderElection.java:askForVotes(178)) - 327657b1-60f8-49f2-b2a3-f63e1f934942@group-58A987F56150-LeaderElection440: begin an election at term 506 for -1: [6605b8a5-570b-4977-9ee7-6aaf3012bed5:192.168.164.233:35223, 327657b1-60f8-49f2-b2a3-f63e1f934942:192.168.164.233:41966, ddd4789c-894d-475a-bbfb-f6e7aa670c92:192.168.164.233:41061], old=null
2019-10-18 14:59:03,012 [grpc-default-executor-0] INFO  impl.RaftServerImpl (RaftServerImpl.java:setRole(184)) - 6605b8a5-570b-4977-9ee7-6aaf3012bed5@group-58A987F56150: changes role from  FOLLOWER to FOLLOWER at term 506 for recognizeCandidate:327657b1-60f8-49f2-b2a3-f63e1f934942
2019-10-18 14:59:03,012 [grpc-default-executor-3] INFO  impl.RaftServerImpl (RaftServerImpl.java:setRole(184)) - ddd4789c-894d-475a-bbfb-f6e7aa670c92@group-58A987F56150: changes role from  FOLLOWER to FOLLOWER at term 506 for recognizeCandidate:327657b1-60f8-49f2-b2a3-f63e1f934942
2019-10-18 14:59:03,012 [grpc-default-executor-0] INFO  impl.RoleInfo (RoleInfo.java:shutdownFollowerState(121)) - 6605b8a5-570b-4977-9ee7-6aaf3012bed5: shutdown FollowerState
2019-10-18 14:59:03,012 [grpc-default-executor-3] INFO  impl.RoleInfo (RoleInfo.java:shutdownFollowerState(121)) - ddd4789c-894d-475a-bbfb-f6e7aa670c92: shutdown FollowerState
2019-10-18 14:59:03,013 [Thread-3265] INFO  impl.FollowerState (FollowerState.java:run(117)) - 6605b8a5-570b-4977-9ee7-6aaf3012bed5@group-58A987F56150-FollowerState was interrupted: java.lang.InterruptedException: sleep interrupted
2019-10-18 14:59:03,013 [grpc-default-executor-0] INFO  impl.RoleInfo (RoleInfo.java:updateAndGet(143)) - 6605b8a5-570b-4977-9ee7-6aaf3012bed5: start FollowerState
2019-10-18 14:59:03,013 [Thread-3264] INFO  impl.FollowerState (FollowerState.java:run(117)) - ddd4789c-894d-475a-bbfb-f6e7aa670c92@group-58A987F56150-FollowerState was interrupted: java.lang.InterruptedException: sleep interrupted
2019-10-18 14:59:03,013 [grpc-default-executor-3] INFO  impl.RoleInfo (RoleInfo.java:updateAndGet(143)) - ddd4789c-894d-475a-bbfb-f6e7aa670c92: start FollowerState
2019-10-18 14:59:03,039 [327657b1-60f8-49f2-b2a3-f63e1f934942@group-58A987F56150-LeaderElection440] INFO  impl.LeaderElection (LeaderElection.java:logAndReturn(56)) - 327657b1-60f8-49f2-b2a3-f63e1f934942@group-58A987F56150-LeaderElection440: Election REJECTED; received 2 response(s) [327657b1-60f8-49f2-b2a3-f63e1f934942<-6605b8a5-570b-4977-9ee7-6aaf3012bed5#0:FAIL-t506, 327657b1-60f8-49f2-b2a3-f63e1f934942<-ddd4789c-894d-475a-bbfb-f6e7aa670c92#0:FAIL-t506] and 0 exception(s); 327657b1-60f8-49f2-b2a3-f63e1f934942@group-58A987F56150:t506, leader=null, voted=327657b1-60f8-49f2-b2a3-f63e1f934942, raftlog=327657b1-60f8-49f2-b2a3-f63e1f934942@group-58A987F56150-SegmentedRaftLog:OPENED:c-1,f-1,i0, conf=-1: [6605b8a5-570b-4977-9ee7-6aaf3012bed5:192.168.164.233:35223, 327657b1-60f8-49f2-b2a3-f63e1f934942:192.168.164.233:41966, ddd4789c-894d-475a-bbfb-f6e7aa670c92:192.168.164.233:41061], old=null
2019-10-18 14:59:03,039 [327657b1-60f8-49f2-b2a3-f63e1f934942@group-58A987F56150-LeaderElection440] INFO  impl.RaftServerImpl (RaftServerImpl.java:setRole(184)) - 327657b1-60f8-49f2-b2a3-f63e1f934942@group-58A987F56150: changes role from CANDIDATE to FOLLOWER at term 506 for DISCOVERED_A_NEW_TERM
2019-10-18 14:59:03,039 [327657b1-60f8-49f2-b2a3-f63e1f934942@group-58A987F56150-LeaderElection440] INFO  impl.RoleInfo (RoleInfo.java:shutdownLeaderElection(134)) - 327657b1-60f8-49f2-b2a3-f63e1f934942: shutdown LeaderElection
2019-10-18 14:59:03,039 [327657b1-60f8-49f2-b2a3-f63e1f934942@group-58A987F56150-LeaderElection440] INFO  impl.RoleInfo (RoleInfo.java:updateAndGet(143)) - 327657b1-60f8-49f2-b2a3-f63e1f934942: start FollowerState
2019-10-18 14:59:03,178 [Thread-3272] INFO  impl.FollowerState (FollowerState.java:run(108)) - 327657b1-60f8-49f2-b2a3-f63e1f934942@group-58A987F56150-FollowerState: change to CANDIDATE, lastRpcTime:138ms, electionTimeout:138ms
2019-10-18 14:59:03,178 [Thread-3272] INFO  impl.RoleInfo (RoleInfo.java:shutdownFollowerState(121)) - 327657b1-60f8-49f2-b2a3-f63e1f934942: shutdown FollowerState
2019-10-18 14:59:03,178 [Thread-3272] INFO  impl.RaftServerImpl (RaftServerImpl.java:setRole(184)) - 327657b1-60f8-49f2-b2a3-f63e1f934942@group-58A987F56150: changes role from  FOLLOWER to CANDIDATE at term 506 for changeToCandidate
2019-10-18 14:59:03,178 [Thread-3272] INFO  impl.RoleInfo (RoleInfo.java:updateAndGet(143)) - 327657b1-60f8-49f2-b2a3-f63e1f934942: start LeaderElection
2019-10-18 14:59:03,194 [327657b1-60f8-49f2-b2a3-f63e1f934942@group-58A987F56150-LeaderElection441] INFO  impl.LeaderElection (LeaderElection.java:askForVotes(178)) - 327657b1-60f8-49f2-b2a3-f63e1f934942@group-58A987F56150-LeaderElection441: begin an election at term 507 for -1: [6605b8a5-570b-4977-9ee7-6aaf3012bed5:192.168.164.233:35223, 327657b1-60f8-49f2-b2a3-f63e1f934942:192.168.164.233:41966, ddd4789c-894d-475a-bbfb-f6e7aa670c92:192.168.164.233:41061], old=null
2019-10-18 14:59:03,196 [grpc-default-executor-0] INFO  impl.RaftServerImpl (RaftServerImpl.java:setRole(184)) - 6605b8a5-570b-4977-9ee7-6aaf3012bed5@group-58A987F56150: changes role from  FOLLOWER to FOLLOWER at term 507 for recognizeCandidate:327657b1-60f8-49f2-b2a3-f63e1f934942
2019-10-18 14:59:03,196 [grpc-default-executor-0] INFO  impl.RoleInfo (RoleInfo.java:shutdownFollowerState(121)) - 6605b8a5-570b-4977-9ee7-6aaf3012bed5: shutdown FollowerState
2019-10-18 14:59:03,196 [grpc-default-executor-3] INFO  impl.RaftServerImpl (RaftServerImpl.java:setRole(184)) - ddd4789c-894d-475a-bbfb-f6e7aa670c92@group-58A987F56150: changes role from  FOLLOWER to FOLLOWER at term 507 for recognizeCandidate:327657b1-60f8-49f2-b2a3-f63e1f934942
2019-10-18 14:59:03,197 [Thread-3270] INFO  impl.FollowerState (FollowerState.java:run(117)) - 6605b8a5-570b-4977-9ee7-6aaf3012bed5@group-58A987F56150-FollowerState was interrupted: java.lang.InterruptedException: sleep interrupted
2019-10-18 14:59:03,197 [grpc-default-executor-0] INFO  impl.RoleInfo (RoleInfo.java:updateAndGet(143)) - 6605b8a5-570b-4977-9ee7-6aaf3012bed5: start FollowerState
2019-10-18 14:59:03,197 [grpc-default-executor-3] INFO  impl.RoleInfo (RoleInfo.java:shutdownFollowerState(121)) - ddd4789c-894d-475a-bbfb-f6e7aa670c92: shutdown FollowerState
2019-10-18 14:59:03,197 [grpc-default-executor-3] INFO  impl.RoleInfo (RoleInfo.java:updateAndGet(143)) - ddd4789c-894d-475a-bbfb-f6e7aa670c92: start FollowerState
2019-10-18 14:59:03,197 [Thread-3271] INFO  impl.FollowerState (FollowerState.java:run(117)) - ddd4789c-894d-475a-bbfb-f6e7aa670c92@group-58A987F56150-FollowerState was interrupted: java.lang.InterruptedException: sleep interrupted
2019-10-18 14:59:03,223 [327657b1-60f8-49f2-b2a3-f63e1f934942@group-58A987F56150-LeaderElection441] INFO  impl.LeaderElection (LeaderElection.java:logAndReturn(56)) - 327657b1-60f8-49f2-b2a3-f63e1f934942@group-58A987F56150-LeaderElection441: Election REJECTED; received 2 response(s) [327657b1-60f8-49f2-b2a3-f63e1f934942<-6605b8a5-570b-4977-9ee7-6aaf3012bed5#0:FAIL-t507, 327657b1-60f8-49f2-b2a3-f63e1f934942<-ddd4789c-894d-475a-bbfb-f6e7aa670c92#0:FAIL-t507] and 0 exception(s); 327657b1-60f8-49f2-b2a3-f63e1f934942@group-58A987F56150:t507, leader=null, voted=327657b1-60f8-49f2-b2a3-f63e1f934942, raftlog=327657b1-60f8-49f2-b2a3-f63e1f934942@group-58A987F56150-SegmentedRaftLog:OPENED:c-1,f-1,i0, conf=-1: [6605b8a5-570b-4977-9ee7-6aaf3012bed5:192.168.164.233:35223, 327657b1-60f8-49f2-b2a3-f63e1f934942:192.168.164.233:41966, ddd4789c-894d-475a-bbfb-f6e7aa670c92:192.168.164.233:41061], old=null
2019-10-18 14:59:03,223 [327657b1-60f8-49f2-b2a3-f63e1f934942@group-58A987F56150-LeaderElection441] INFO  impl.RaftServerImpl (RaftServerImpl.java:setRole(184)) - 327657b1-60f8-49f2-b2a3-f63e1f934942@group-58A987F56150: changes role from CANDIDATE to FOLLOWER at term 507 for DISCOVERED_A_NEW_TERM
2019-10-18 14:59:03,223 [327657b1-60f8-49f2-b2a3-f63e1f934942@group-58A987F56150-LeaderElection441] INFO  impl.RoleInfo (RoleInfo.java:shutdownLeaderElection(134)) - 327657b1-60f8-49f2-b2a3-f63e1f934942: shutdown LeaderElection
2019-10-18 14:59:03,223 [327657b1-60f8-49f2-b2a3-f63e1f934942@group-58A987F56150-LeaderElection441] INFO  impl.RoleInfo (RoleInfo.java:updateAndGet(143)) - 327657b1-60f8-49f2-b2a3-f63e1f934942: start FollowerState
2019-10-18 14:59:03,384 [Thread-3278] INFO  impl.FollowerState (FollowerState.java:run(108)) - 327657b1-60f8-49f2-b2a3-f63e1f934942@group-58A987F56150-FollowerState: change to CANDIDATE, lastRpcTime:161ms, electionTimeout:161ms
2019-10-18 14:59:03,385 [Thread-3278] INFO  impl.RoleInfo (RoleInfo.java:shutdownFollowerState(121)) - 327657b1-60f8-49f2-b2a3-f63e1f934942: shutdown FollowerState
2019-10-18 14:59:03,385 [Thread-3278] INFO  impl.RaftServerImpl (RaftServerImpl.java:setRole(184)) - 327657b1-60f8-49f2-b2a3-f63e1f934942@group-58A987F56150: changes role from  FOLLOWER to CANDIDATE at term 507 for changeToCandidate
2019-10-18 14:59:03,385 [Thread-3278] INFO  impl.RoleInfo (RoleInfo.java:updateAndGet(143)) - 327657b1-60f8-49f2-b2a3-f63e1f934942: start LeaderElection
2019-10-18 14:59:03,398 [327657b1-60f8-49f2-b2a3-f63e1f934942@group-58A987F56150-LeaderElection442] INFO  impl.LeaderElection (LeaderElection.java:askForVotes(178)) - 327657b1-60f8-49f2-b2a3-f63e1f934942@group-58A987F56150-LeaderElection442: begin an election at term 508 for -1: [6605b8a5-570b-4977-9ee7-6aaf3012bed5:192.168.164.233:35223, 327657b1-60f8-49f2-b2a3-f63e1f934942:192.168.164.233:41966, ddd4789c-894d-475a-bbfb-f6e7aa670c92:192.168.164.233:41061], old=null
2019-10-18 14:59:03,400 [grpc-default-executor-3] INFO  impl.RaftServerImpl (RaftServerImpl.java:setRole(184)) - 6605b8a5-570b-4977-9ee7-6aaf3012bed5@group-58A987F56150: changes role from  FOLLOWER to FOLLOWER at term 508 for recognizeCandidate:327657b1-60f8-49f2-b2a3-f63e1f934942
2019-10-18 14:59:03,400 [grpc-default-executor-0] INFO  impl.RaftServerImpl (RaftServerImpl.java:setRole(184)) - ddd4789c-894d-475a-bbfb-f6e7aa670c92@group-58A987F56150: changes role from  FOLLOWER to FOLLOWER at term 508 for recognizeCandidate:327657b1-60f8-49f2-b2a3-f63e1f934942
2019-10-18 14:59:03,401 [grpc-default-executor-0] INFO  impl.RoleInfo (RoleInfo.java:shutdownFollowerState(121)) - ddd4789c-894d-475a-bbfb-f6e7aa670c92: shutdown FollowerState
2019-10-18 14:59:03,401 [grpc-default-executor-3] INFO  impl.RoleInfo (RoleInfo.java:shutdownFollowerState(121)) - 6605b8a5-570b-4977-9ee7-6aaf3012bed5: shutdown FollowerState
2019-10-18 14:59:03,401 [Thread-3277] INFO  impl.FollowerState (FollowerState.java:run(117)) - ddd4789c-894d-475a-bbfb-f6e7aa670c92@group-58A987F56150-FollowerState was interrupted: java.lang.InterruptedException: sleep interrupted
2019-10-18 14:59:03,401 [grpc-default-executor-0] INFO  impl.RoleInfo (RoleInfo.java:updateAndGet(143)) - ddd4789c-894d-475a-bbfb-f6e7aa670c92: start FollowerState
2019-10-18 14:59:03,401 [Thread-3276] INFO  impl.FollowerState (FollowerState.java:run(117)) - 6605b8a5-570b-4977-9ee7-6aaf3012bed5@group-58A987F56150-FollowerState was interrupted: java.lang.InterruptedException: sleep interrupted
2019-10-18 14:59:03,401 [grpc-default-executor-3] INFO  impl.RoleInfo (RoleInfo.java:updateAndGet(143)) - 6605b8a5-570b-4977-9ee7-6aaf3012bed5: start FollowerState
2019-10-18 14:59:03,433 [327657b1-60f8-49f2-b2a3-f63e1f934942@group-58A987F56150-LeaderElection442] INFO  impl.LeaderElection (LeaderElection.java:logAndReturn(56)) - 327657b1-60f8-49f2-b2a3-f63e1f934942@group-58A987F56150-LeaderElection442: Election REJECTED; received 2 response(s) [327657b1-60f8-49f2-b2a3-f63e1f934942<-6605b8a5-570b-4977-9ee7-6aaf3012bed5#0:FAIL-t508, 327657b1-60f8-49f2-b2a3-f63e1f934942<-ddd4789c-894d-475a-bbfb-f6e7aa670c92#0:FAIL-t508] and 0 exception(s); 327657b1-60f8-49f2-b2a3-f63e1f934942@group-58A987F56150:t508, leader=null, voted=327657b1-60f8-49f2-b2a3-f63e1f934942, raftlog=327657b1-60f8-49f2-b2a3-f63e1f934942@group-58A987F56150-SegmentedRaftLog:OPENED:c-1,f-1,i0, conf=-1: [6605b8a5-570b-4977-9ee7-6aaf3012bed5:192.168.164.233:35223, 327657b1-60f8-49f2-b2a3-f63e1f934942:192.168.164.233:41966, ddd4789c-894d-475a-bbfb-f6e7aa670c92:192.168.164.233:41061], old=null
2019-10-18 14:59:03,433 [327657b1-60f8-49f2-b2a3-f63e1f934942@group-58A987F56150-LeaderElection442] INFO  impl.RaftServerImpl (RaftServerImpl.java:setRole(184)) - 327657b1-60f8-49f2-b2a3-f63e1f934942@group-58A987F56150: changes role from CANDIDATE to FOLLOWER at term 508 for DISCOVERED_A_NEW_TERM
2019-10-18 14:59:03,433 [327657b1-60f8-49f2-b2a3-f63e1f934942@group-58A987F56150-LeaderElection442] INFO  impl.RoleInfo (RoleInfo.java:shutdownLeaderElection(134)) - 327657b1-60f8-49f2-b2a3-f63e1f934942: shutdown LeaderElection
2019-10-18 14:59:03,433 [327657b1-60f8-49f2-b2a3-f63e1f934942@group-58A987F56150-LeaderElection442] INFO  impl.RoleInfo (RoleInfo.java:updateAndGet(143)) - 327657b1-60f8-49f2-b2a3-f63e1f934942: start FollowerState
2019-10-18 14:59:03,482 [Thread-3286] INFO  impl.FollowerState (FollowerState.java:run(108)) - 327657b1-60f8-49f2-b2a3-f63e1f934942@group-58A987F56150-FollowerState: change to CANDIDATE, lastRpcTime:49ms, electionTimeout:49ms
2019-10-18 14:59:03,482 [Thread-3286] INFO  impl.RoleInfo (RoleInfo.java:shutdownFollowerState(121)) - 327657b1-60f8-49f2-b2a3-f63e1f934942: shutdown FollowerState
2019-10-18 14:59:03,483 [Thread-3286] INFO  impl.RaftServerImpl (RaftServerImpl.java:setRole(184)) - 327657b1-60f8-49f2-b2a3-f63e1f934942@group-58A987F56150: changes role from  FOLLOWER to CANDIDATE at term 508 for changeToCandidate
2019-10-18 14:59:03,483 [Thread-3286] INFO  impl.RoleInfo (RoleInfo.java:updateAndGet(143)) - 327657b1-60f8-49f2-b2a3-f63e1f934942: start LeaderElection
2019-10-18 14:59:03,508 [327657b1-60f8-49f2-b2a3-f63e1f934942@group-58A987F56150-LeaderElection443] INFO  impl.LeaderElection (LeaderElection.java:askForVotes(178)) - 327657b1-60f8-49f2-b2a3-f63e1f934942@group-58A987F56150-LeaderElection443: begin an election at term 509 for -1: [6605b8a5-570b-4977-9ee7-6aaf3012bed5:192.168.164.233:35223, 327657b1-60f8-49f2-b2a3-f63e1f934942:192.168.164.233:41966, ddd4789c-894d-475a-bbfb-f6e7aa670c92:192.168.164.233:41061], old=null
2019-10-18 14:59:03,510 [grpc-default-executor-3] INFO  impl.RaftServerImpl (RaftServerImpl.java:setRole(184)) - 6605b8a5-570b-4977-9ee7-6aaf3012bed5@group-58A987F56150: changes role from  FOLLOWER to FOLLOWER at term 509 for recognizeCandidate:327657b1-60f8-49f2-b2a3-f63e1f934942
2019-10-18 14:59:03,510 [grpc-default-executor-3] INFO  impl.RoleInfo (RoleInfo.java:shutdownFollowerState(121)) - 6605b8a5-570b-4977-9ee7-6aaf3012bed5: shutdown FollowerState
2019-10-18 14:59:03,510 [grpc-default-executor-3] INFO  impl.RoleInfo (RoleInfo.java:updateAndGet(143)) - 6605b8a5-570b-4977-9ee7-6aaf3012bed5: start FollowerState
2019-10-18 14:59:03,510 [Thread-3285] INFO  impl.FollowerState (FollowerState.java:run(117)) - 6605b8a5-570b-4977-9ee7-6aaf3012bed5@group-58A987F56150-FollowerState was interrupted: java.lang.InterruptedException: sleep interrupted
2019-10-18 14:59:03,510 [grpc-default-executor-0] INFO  impl.RaftServerImpl (RaftServerImpl.java:setRole(184)) - ddd4789c-894d-475a-bbfb-f6e7aa670c92@group-58A987F56150: changes role from  FOLLOWER to FOLLOWER at term 509 for recognizeCandidate:327657b1-60f8-49f2-b2a3-f63e1f934942
2019-10-18 14:59:03,510 [grpc-default-executor-0] INFO  impl.RoleInfo (RoleInfo.java:shutdownFollowerState(121)) - ddd4789c-894d-475a-bbfb-f6e7aa670c92: shutdown FollowerState
2019-10-18 14:59:03,510 [grpc-default-executor-0] INFO  impl.RoleInfo (RoleInfo.java:updateAndGet(143)) - ddd4789c-894d-475a-bbfb-f6e7aa670c92: start FollowerState
2019-10-18 14:59:03,511 [Thread-3284] INFO  impl.FollowerState (FollowerState.java:run(117)) - ddd4789c-894d-475a-bbfb-f6e7aa670c92@group-58A987F56150-FollowerState was interrupted: java.lang.InterruptedException: sleep interrupted
2019-10-18 14:59:03,535 [327657b1-60f8-49f2-b2a3-f63e1f934942@group-58A987F56150-LeaderElection443] INFO  impl.LeaderElection (LeaderElection.java:logAndReturn(56)) - 327657b1-60f8-49f2-b2a3-f63e1f934942@group-58A987F56150-LeaderElection443: Election REJECTED; received 2 response(s) [327657b1-60f8-49f2-b2a3-f63e1f934942<-6605b8a5-570b-4977-9ee7-6aaf3012bed5#0:FAIL-t509, 327657b1-60f8-49f2-b2a3-f63e1f934942<-ddd4789c-894d-475a-bbfb-f6e7aa670c92#0:FAIL-t509] and 0 exception(s); 327657b1-60f8-49f2-b2a3-f63e1f934942@group-58A987F56150:t509, leader=null, voted=327657b1-60f8-49f2-b2a3-f63e1f934942, raftlog=327657b1-60f8-49f2-b2a3-f63e1f934942@group-58A987F56150-SegmentedRaftLog:OPENED:c-1,f-1,i0, conf=-1: [6605b8a5-570b-4977-9ee7-6aaf3012bed5:192.168.164.233:35223, 327657b1-60f8-49f2-b2a3-f63e1f934942:192.168.164.233:41966, ddd4789c-894d-475a-bbfb-f6e7aa670c92:192.168.164.233:41061], old=null
2019-10-18 14:59:03,536 [327657b1-60f8-49f2-b2a3-f63e1f934942@group-58A987F56150-LeaderElection443] INFO  impl.RaftServerImpl (RaftServerImpl.java:setRole(184)) - 327657b1-60f8-49f2-b2a3-f63e1f934942@group-58A987F56150: changes role from CANDIDATE to FOLLOWER at term 509 for DISCOVERED_A_NEW_TERM
2019-10-18 14:59:03,536 [327657b1-60f8-49f2-b2a3-f63e1f934942@group-58A987F56150-LeaderElection443] INFO  impl.RoleInfo (RoleInfo.java:shutdownLeaderElection(134)) - 327657b1-60f8-49f2-b2a3-f63e1f934942: shutdown LeaderElection
2019-10-18 14:59:03,536 [327657b1-60f8-49f2-b2a3-f63e1f934942@group-58A987F56150-LeaderElection443] INFO  impl.RoleInfo (RoleInfo.java:updateAndGet(143)) - 327657b1-60f8-49f2-b2a3-f63e1f934942: start FollowerState
2019-10-18 14:59:03,551 [Thread-3292] INFO  impl.FollowerState (FollowerState.java:run(108)) - 327657b1-60f8-49f2-b2a3-f63e1f934942@group-58A987F56150-FollowerState: change to CANDIDATE, lastRpcTime:15ms, electionTimeout:15ms
2019-10-18 14:59:03,551 [Thread-3292] INFO  impl.RoleInfo (RoleInfo.java:shutdownFollowerState(121)) - 327657b1-60f8-49f2-b2a3-f63e1f934942: shutdown FollowerState
2019-10-18 14:59:03,552 [Thread-3292] INFO  impl.RaftServerImpl (RaftServerImpl.java:setRole(184)) - 327657b1-60f8-49f2-b2a3-f63e1f934942@group-58A987F56150: changes role from  FOLLOWER to CANDIDATE at term 509 for changeToCandidate
2019-10-18 14:59:03,552 [Thread-3292] INFO  impl.RoleInfo (RoleInfo.java:updateAndGet(143)) - 327657b1-60f8-49f2-b2a3-f63e1f934942: start LeaderElection
2019-10-18 14:59:03,565 [327657b1-60f8-49f2-b2a3-f63e1f934942@group-58A987F56150-LeaderElection444] INFO  impl.LeaderElection (LeaderElection.java:askForVotes(178)) - 327657b1-60f8-49f2-b2a3-f63e1f934942@group-58A987F56150-LeaderElection444: begin an election at term 510 for -1: [6605b8a5-570b-4977-9ee7-6aaf3012bed5:192.168.164.233:35223, 327657b1-60f8-49f2-b2a3-f63e1f934942:192.168.164.233:41966, ddd4789c-894d-475a-bbfb-f6e7aa670c92:192.168.164.233:41061], old=null
2019-10-18 14:59:03,566 [grpc-default-executor-3] INFO  impl.RaftServerImpl (RaftServerImpl.java:setRole(184)) - 6605b8a5-570b-4977-9ee7-6aaf3012bed5@group-58A987F56150: changes role from  FOLLOWER to FOLLOWER at term 510 for recognizeCandidate:327657b1-60f8-49f2-b2a3-f63e1f934942
2019-10-18 14:59:03,566 [grpc-default-executor-3] INFO  impl.RoleInfo (RoleInfo.java:shutdownFollowerState(121)) - 6605b8a5-570b-4977-9ee7-6aaf3012bed5: shutdown FollowerState
2019-10-18 14:59:03,566 [grpc-default-executor-0] INFO  impl.RaftServerImpl (RaftServerImpl.java:setRole(184)) - ddd4789c-894d-475a-bbfb-f6e7aa670c92@group-58A987F56150: changes role from  FOLLOWER to FOLLOWER at term 510 for recognizeCandidate:327657b1-60f8-49f2-b2a3-f63e1f934942
2019-10-18 14:59:03,567 [grpc-default-executor-0] INFO  impl.RoleInfo (RoleInfo.java:shutdownFollowerState(121)) - ddd4789c-894d-475a-bbfb-f6e7aa670c92: shutdown FollowerState
2019-10-18 14:59:03,566 [Thread-3290] INFO  impl.FollowerState (FollowerState.java:run(117)) - 6605b8a5-570b-4977-9ee7-6aaf3012bed5@group-58A987F56150-FollowerState was interrupted: java.lang.InterruptedException: sleep interrupted
2019-10-18 14:59:03,566 [grpc-default-executor-3] INFO  impl.RoleInfo (RoleInfo.java:updateAndGet(143)) - 6605b8a5-570b-4977-9ee7-6aaf3012bed5: start FollowerState
2019-10-18 14:59:03,567 [Thread-3291] INFO  impl.FollowerState (FollowerState.java:run(117)) - ddd4789c-894d-475a-bbfb-f6e7aa670c92@group-58A987F56150-FollowerState was interrupted: java.lang.InterruptedException: sleep interrupted
2019-10-18 14:59:03,567 [grpc-default-executor-0] INFO  impl.RoleInfo (RoleInfo.java:updateAndGet(143)) - ddd4789c-894d-475a-bbfb-f6e7aa670c92: start FollowerState
2019-10-18 14:59:03,581 [327657b1-60f8-49f2-b2a3-f63e1f934942@group-58A987F56150-LeaderElection444] INFO  impl.LeaderElection (LeaderElection.java:logAndReturn(56)) - 327657b1-60f8-49f2-b2a3-f63e1f934942@group-58A987F56150-LeaderElection444: Election REJECTED; received 2 response(s) [327657b1-60f8-49f2-b2a3-f63e1f934942<-6605b8a5-570b-4977-9ee7-6aaf3012bed5#0:FAIL-t510, 327657b1-60f8-49f2-b2a3-f63e1f934942<-ddd4789c-894d-475a-bbfb-f6e7aa670c92#0:FAIL-t510] and 0 exception(s); 327657b1-60f8-49f2-b2a3-f63e1f934942@group-58A987F56150:t510, leader=null, voted=327657b1-60f8-49f2-b2a3-f63e1f934942, raftlog=327657b1-60f8-49f2-b2a3-f63e1f934942@group-58A987F56150-SegmentedRaftLog:OPENED:c-1,f-1,i0, conf=-1: [6605b8a5-570b-4977-9ee7-6aaf3012bed5:192.168.164.233:35223, 327657b1-60f8-49f2-b2a3-f63e1f934942:192.168.164.233:41966, ddd4789c-894d-475a-bbfb-f6e7aa670c92:192.168.164.233:41061], old=null
2019-10-18 14:59:03,581 [327657b1-60f8-49f2-b2a3-f63e1f934942@group-58A987F56150-LeaderElection444] INFO  impl.RaftServerImpl (RaftServerImpl.java:setRole(184)) - 327657b1-60f8-49f2-b2a3-f63e1f934942@group-58A987F56150: changes role from CANDIDATE to FOLLOWER at term 510 for DISCOVERED_A_NEW_TERM
2019-10-18 14:59:03,581 [327657b1-60f8-49f2-b2a3-f63e1f934942@group-58A987F56150-LeaderElection444] INFO  impl.RoleInfo (RoleInfo.java:shutdownLeaderElection(134)) - 327657b1-60f8-49f2-b2a3-f63e1f934942: shutdown LeaderElection
2019-10-18 14:59:03,581 [327657b1-60f8-49f2-b2a3-f63e1f934942@group-58A987F56150-LeaderElection444] INFO  impl.RoleInfo (RoleInfo.java:updateAndGet(143)) - 327657b1-60f8-49f2-b2a3-f63e1f934942: start FollowerState
2019-10-18 14:59:03,689 [Thread-3298] INFO  impl.FollowerState (FollowerState.java:run(108)) - 327657b1-60f8-49f2-b2a3-f63e1f934942@group-58A987F56150-FollowerState: change to CANDIDATE, lastRpcTime:107ms, electionTimeout:107ms
2019-10-18 14:59:03,689 [Thread-3298] INFO  impl.RoleInfo (RoleInfo.java:shutdownFollowerState(121)) - 327657b1-60f8-49f2-b2a3-f63e1f934942: shutdown FollowerState
2019-10-18 14:59:03,689 [Thread-3298] INFO  impl.RaftServerImpl (RaftServerImpl.java:setRole(184)) - 327657b1-60f8-49f2-b2a3-f63e1f934942@group-58A987F56150: changes role from  FOLLOWER to CANDIDATE at term 510 for changeToCandidate
2019-10-18 14:59:03,689 [Thread-3298] INFO  impl.RoleInfo (RoleInfo.java:updateAndGet(143)) - 327657b1-60f8-49f2-b2a3-f63e1f934942: start LeaderElection
2019-10-18 14:59:03,702 [327657b1-60f8-49f2-b2a3-f63e1f934942@group-58A987F56150-LeaderElection445] INFO  impl.LeaderElection (LeaderElection.java:askForVotes(178)) - 327657b1-60f8-49f2-b2a3-f63e1f934942@group-58A987F56150-LeaderElection445: begin an election at term 511 for -1: [6605b8a5-570b-4977-9ee7-6aaf3012bed5:192.168.164.233:35223, 327657b1-60f8-49f2-b2a3-f63e1f934942:192.168.164.233:41966, ddd4789c-894d-475a-bbfb-f6e7aa670c92:192.168.164.233:41061], old=null
2019-10-18 14:59:03,704 [grpc-default-executor-0] INFO  impl.RaftServerImpl (RaftServerImpl.java:setRole(184)) - 6605b8a5-570b-4977-9ee7-6aaf3012bed5@group-58A987F56150: changes role from  FOLLOWER to FOLLOWER at term 511 for recognizeCandidate:327657b1-60f8-49f2-b2a3-f63e1f934942
2019-10-18 14:59:03,704 [grpc-default-executor-0] INFO  impl.RoleInfo (RoleInfo.java:shutdownFollowerState(121)) - 6605b8a5-570b-4977-9ee7-6aaf3012bed5: shutdown FollowerState
2019-10-18 14:59:03,704 [grpc-default-executor-0] INFO  impl.RoleInfo (RoleInfo.java:updateAndGet(143)) - 6605b8a5-570b-4977-9ee7-6aaf3012bed5: start FollowerState
2019-10-18 14:59:03,704 [Thread-3296] INFO  impl.FollowerState (FollowerState.java:run(117)) - 6605b8a5-570b-4977-9ee7-6aaf3012bed5@group-58A987F56150-FollowerState was interrupted: java.lang.InterruptedException: sleep interrupted
2019-10-18 14:59:03,704 [grpc-default-executor-3] INFO  impl.RaftServerImpl (RaftServerImpl.java:setRole(184)) - ddd4789c-894d-475a-bbfb-f6e7aa670c92@group-58A987F56150: changes role from  FOLLOWER to FOLLOWER at term 511 for recognizeCandidate:327657b1-60f8-49f2-b2a3-f63e1f934942
2019-10-18 14:59:03,705 [grpc-default-executor-3] INFO  impl.RoleInfo (RoleInfo.java:shutdownFollowerState(121)) - ddd4789c-894d-475a-bbfb-f6e7aa670c92: shutdown FollowerState
2019-10-18 14:59:03,705 [grpc-default-executor-3] INFO  impl.RoleInfo (RoleInfo.java:updateAndGet(143)) - ddd4789c-894d-475a-bbfb-f6e7aa670c92: start FollowerState
2019-10-18 14:59:03,705 [Thread-3297] INFO  impl.FollowerState (FollowerState.java:run(117)) - ddd4789c-894d-475a-bbfb-f6e7aa670c92@group-58A987F56150-FollowerState was interrupted: java.lang.InterruptedException: sleep interrupted
2019-10-18 14:59:03,732 [327657b1-60f8-49f2-b2a3-f63e1f934942@group-58A987F56150-LeaderElection445] INFO  impl.LeaderElection (LeaderElection.java:logAndReturn(56)) - 327657b1-60f8-49f2-b2a3-f63e1f934942@group-58A987F56150-LeaderElection445: Election REJECTED; received 2 response(s) [327657b1-60f8-49f2-b2a3-f63e1f934942<-6605b8a5-570b-4977-9ee7-6aaf3012bed5#0:FAIL-t511, 327657b1-60f8-49f2-b2a3-f63e1f934942<-ddd4789c-894d-475a-bbfb-f6e7aa670c92#0:FAIL-t511] and 0 exception(s); 327657b1-60f8-49f2-b2a3-f63e1f934942@group-58A987F56150:t511, leader=null, voted=327657b1-60f8-49f2-b2a3-f63e1f934942, raftlog=327657b1-60f8-49f2-b2a3-f63e1f934942@group-58A987F56150-SegmentedRaftLog:OPENED:c-1,f-1,i0, conf=-1: [6605b8a5-570b-4977-9ee7-6aaf3012bed5:192.168.164.233:35223, 327657b1-60f8-49f2-b2a3-f63e1f934942:192.168.164.233:41966, ddd4789c-894d-475a-bbfb-f6e7aa670c92:192.168.164.233:41061], old=null
2019-10-18 14:59:03,732 [327657b1-60f8-49f2-b2a3-f63e1f934942@group-58A987F56150-LeaderElection445] INFO  impl.RaftServerImpl (RaftServerImpl.java:setRole(184)) - 327657b1-60f8-49f2-b2a3-f63e1f934942@group-58A987F56150: changes role from CANDIDATE to FOLLOWER at term 511 for DISCOVERED_A_NEW_TERM
2019-10-18 14:59:03,732 [327657b1-60f8-49f2-b2a3-f63e1f934942@group-58A987F56150-LeaderElection445] INFO  impl.RoleInfo (RoleInfo.java:shutdownLeaderElection(134)) - 327657b1-60f8-49f2-b2a3-f63e1f934942: shutdown LeaderElection
2019-10-18 14:59:03,732 [327657b1-60f8-49f2-b2a3-f63e1f934942@group-58A987F56150-LeaderElection445] INFO  impl.RoleInfo (RoleInfo.java:updateAndGet(143)) - 327657b1-60f8-49f2-b2a3-f63e1f934942: start FollowerState
2019-10-18 14:59:03,815 [Thread-3304] INFO  impl.FollowerState (FollowerState.java:run(108)) - 327657b1-60f8-49f2-b2a3-f63e1f934942@group-58A987F56150-FollowerState: change to CANDIDATE, lastRpcTime:82ms, electionTimeout:82ms
2019-10-18 14:59:03,815 [Thread-3304] INFO  impl.RoleInfo (RoleInfo.java:shutdownFollowerState(121)) - 327657b1-60f8-49f2-b2a3-f63e1f934942: shutdown FollowerState
2019-10-18 14:59:03,815 [Thread-3304] INFO  impl.RaftServerImpl (RaftServerImpl.java:setRole(184)) - 327657b1-60f8-49f2-b2a3-f63e1f934942@group-58A987F56150: changes role from  FOLLOWER to CANDIDATE at term 511 for changeToCandidate
2019-10-18 14:59:03,815 [Thread-3304] INFO  impl.RoleInfo (RoleInfo.java:updateAndGet(143)) - 327657b1-60f8-49f2-b2a3-f63e1f934942: start LeaderElection
2019-10-18 14:59:03,837 [327657b1-60f8-49f2-b2a3-f63e1f934942@group-58A987F56150-LeaderElection446] INFO  impl.LeaderElection (LeaderElection.java:askForVotes(178)) - 327657b1-60f8-49f2-b2a3-f63e1f934942@group-58A987F56150-LeaderElection446: begin an election at term 512 for -1: [6605b8a5-570b-4977-9ee7-6aaf3012bed5:192.168.164.233:35223, 327657b1-60f8-49f2-b2a3-f63e1f934942:192.168.164.233:41966, ddd4789c-894d-475a-bbfb-f6e7aa670c92:192.168.164.233:41061], old=null
2019-10-18 14:59:03,838 [327657b1-60f8-49f2-b2a3-f63e1f934942@group-58A987F56150-LeaderElection446] INFO  impl.LeaderElection (LeaderElection.java:logAndReturn(56)) - 327657b1-60f8-49f2-b2a3-f63e1f934942@group-58A987F56150-LeaderElection446: Election TIMEOUT; received 0 response(s) [] and 0 exception(s); 327657b1-60f8-49f2-b2a3-f63e1f934942@group-58A987F56150:t512, leader=null, voted=327657b1-60f8-49f2-b2a3-f63e1f934942, raftlog=327657b1-60f8-49f2-b2a3-f63e1f934942@group-58A987F56150-SegmentedRaftLog:OPENED:c-1,f-1,i0, conf=-1: [6605b8a5-570b-4977-9ee7-6aaf3012bed5:192.168.164.233:35223, 327657b1-60f8-49f2-b2a3-f63e1f934942:192.168.164.233:41966, ddd4789c-894d-475a-bbfb-f6e7aa670c92:192.168.164.233:41061], old=null
2019-10-18 14:59:03,839 [grpc-default-executor-0] INFO  impl.RaftServerImpl (RaftServerImpl.java:setRole(184)) - 6605b8a5-570b-4977-9ee7-6aaf3012bed5@group-58A987F56150: changes role from  FOLLOWER to FOLLOWER at term 512 for recognizeCandidate:327657b1-60f8-49f2-b2a3-f63e1f934942
2019-10-18 14:59:03,839 [grpc-default-executor-3] INFO  impl.RaftServerImpl (RaftServerImpl.java:setRole(184)) - ddd4789c-894d-475a-bbfb-f6e7aa670c92@group-58A987F56150: changes role from  FOLLOWER to FOLLOWER at term 512 for recognizeCandidate:327657b1-60f8-49f2-b2a3-f63e1f934942
2019-10-18 14:59:03,839 [grpc-default-executor-3] INFO  impl.RoleInfo (RoleInfo.java:shutdownFollowerState(121)) - ddd4789c-894d-475a-bbfb-f6e7aa670c92: shutdown FollowerState
2019-10-18 14:59:03,839 [grpc-default-executor-0] INFO  impl.RoleInfo (RoleInfo.java:shutdownFollowerState(121)) - 6605b8a5-570b-4977-9ee7-6aaf3012bed5: shutdown FollowerState
2019-10-18 14:59:03,839 [Thread-3303] INFO  impl.FollowerState (FollowerState.java:run(117)) - ddd4789c-894d-475a-bbfb-f6e7aa670c92@group-58A987F56150-FollowerState was interrupted: java.lang.InterruptedException: sleep interrupted
2019-10-18 14:59:03,839 [grpc-default-executor-3] INFO  impl.RoleInfo (RoleInfo.java:updateAndGet(143)) - ddd4789c-894d-475a-bbfb-f6e7aa670c92: start FollowerState
2019-10-18 14:59:03,840 [Thread-3302] INFO  impl.FollowerState (FollowerState.java:run(117)) - 6605b8a5-570b-4977-9ee7-6aaf3012bed5@group-58A987F56150-FollowerState was interrupted: java.lang.InterruptedException: sleep interrupted
2019-10-18 14:59:03,840 [grpc-default-executor-0] INFO  impl.RoleInfo (RoleInfo.java:updateAndGet(143)) - 6605b8a5-570b-4977-9ee7-6aaf3012bed5: start FollowerState
2019-10-18 14:59:03,864 [327657b1-60f8-49f2-b2a3-f63e1f934942@group-58A987F56150-LeaderElection446] INFO  impl.LeaderElection (LeaderElection.java:askForVotes(178)) - 327657b1-60f8-49f2-b2a3-f63e1f934942@group-58A987F56150-LeaderElection446: begin an election at term 513 for -1: [6605b8a5-570b-4977-9ee7-6aaf3012bed5:192.168.164.233:35223, 327657b1-60f8-49f2-b2a3-f63e1f934942:192.168.164.233:41966, ddd4789c-894d-475a-bbfb-f6e7aa670c92:192.168.164.233:41061], old=null
2019-10-18 14:59:03,866 [grpc-default-executor-0] INFO  impl.RaftServerImpl (RaftServerImpl.java:setRole(184)) - 6605b8a5-570b-4977-9ee7-6aaf3012bed5@group-58A987F56150: changes role from  FOLLOWER to FOLLOWER at term 513 for recognizeCandidate:327657b1-60f8-49f2-b2a3-f63e1f934942
2019-10-18 14:59:03,866 [grpc-default-executor-3] INFO  impl.RaftServerImpl (RaftServerImpl.java:setRole(184)) - ddd4789c-894d-475a-bbfb-f6e7aa670c92@group-58A987F56150: changes role from  FOLLOWER to FOLLOWER at term 513 for recognizeCandidate:327657b1-60f8-49f2-b2a3-f63e1f934942
2019-10-18 14:59:03,866 [grpc-default-executor-3] INFO  impl.RoleInfo (RoleInfo.java:shutdownFollowerState(121)) - ddd4789c-894d-475a-bbfb-f6e7aa670c92: shutdown FollowerState
2019-10-18 14:59:03,866 [grpc-default-executor-0] INFO  impl.RoleInfo (RoleInfo.java:shutdownFollowerState(121)) - 6605b8a5-570b-4977-9ee7-6aaf3012bed5: shutdown FollowerState
2019-10-18 14:59:03,867 [Thread-3308] INFO  impl.FollowerState (FollowerState.java:run(117)) - ddd4789c-894d-475a-bbfb-f6e7aa670c92@group-58A987F56150-FollowerState was interrupted: java.lang.InterruptedException: sleep interrupted
2019-10-18 14:59:03,867 [grpc-default-executor-3] INFO  impl.RoleInfo (RoleInfo.java:updateAndGet(143)) - ddd4789c-894d-475a-bbfb-f6e7aa670c92: start FollowerState
2019-10-18 14:59:03,867 [Thread-3309] INFO  impl.FollowerState (FollowerState.java:run(117)) - 6605b8a5-570b-4977-9ee7-6aaf3012bed5@group-58A987F56150-FollowerState was interrupted: java.lang.InterruptedException: sleep interrupted
2019-10-18 14:59:03,867 [grpc-default-executor-0] INFO  impl.RoleInfo (RoleInfo.java:updateAndGet(143)) - 6605b8a5-570b-4977-9ee7-6aaf3012bed5: start FollowerState
2019-10-18 14:59:03,874 [327657b1-60f8-49f2-b2a3-f63e1f934942@group-58A987F56150-LeaderElection446] INFO  impl.LeaderElection (LeaderElection.java:logAndReturn(56)) - 327657b1-60f8-49f2-b2a3-f63e1f934942@group-58A987F56150-LeaderElection446: Election TIMEOUT; received 0 response(s) [] and 0 exception(s); 327657b1-60f8-49f2-b2a3-f63e1f934942@group-58A987F56150:t513, leader=null, voted=327657b1-60f8-49f2-b2a3-f63e1f934942, raftlog=327657b1-60f8-49f2-b2a3-f63e1f934942@group-58A987F56150-SegmentedRaftLog:OPENED:c-1,f-1,i0, conf=-1: [6605b8a5-570b-4977-9ee7-6aaf3012bed5:192.168.164.233:35223, 327657b1-60f8-49f2-b2a3-f63e1f934942:192.168.164.233:41966, ddd4789c-894d-475a-bbfb-f6e7aa670c92:192.168.164.233:41061], old=null
2019-10-18 14:59:03,880 [327657b1-60f8-49f2-b2a3-f63e1f934942@group-58A987F56150-LeaderElection446] INFO  impl.LeaderElection (LeaderElection.java:askForVotes(178)) - 327657b1-60f8-49f2-b2a3-f63e1f934942@group-58A987F56150-LeaderElection446: begin an election at term 514 for -1: [6605b8a5-570b-4977-9ee7-6aaf3012bed5:192.168.164.233:35223, 327657b1-60f8-49f2-b2a3-f63e1f934942:192.168.164.233:41966, ddd4789c-894d-475a-bbfb-f6e7aa670c92:192.168.164.233:41061], old=null
2019-10-18 14:59:03,881 [grpc-default-executor-3] INFO  impl.RaftServerImpl (RaftServerImpl.java:setRole(184)) - 6605b8a5-570b-4977-9ee7-6aaf3012bed5@group-58A987F56150: changes role from  FOLLOWER to FOLLOWER at term 514 for recognizeCandidate:327657b1-60f8-49f2-b2a3-f63e1f934942
2019-10-18 14:59:03,882 [grpc-default-executor-3] INFO  impl.RoleInfo (RoleInfo.java:shutdownFollowerState(121)) - 6605b8a5-570b-4977-9ee7-6aaf3012bed5: shutdown FollowerState
2019-10-18 14:59:03,882 [grpc-default-executor-3] INFO  impl.RoleInfo (RoleInfo.java:updateAndGet(143)) - 6605b8a5-570b-4977-9ee7-6aaf3012bed5: start FollowerState
2019-10-18 14:59:03,882 [grpc-default-executor-0] INFO  impl.RaftServerImpl (RaftServerImpl.java:setRole(184)) - ddd4789c-894d-475a-bbfb-f6e7aa670c92@group-58A987F56150: changes role from  FOLLOWER to FOLLOWER at term 514 for recognizeCandidate:327657b1-60f8-49f2-b2a3-f63e1f934942
2019-10-18 14:59:03,882 [grpc-default-executor-0] INFO  impl.RoleInfo (RoleInfo.java:shutdownFollowerState(121)) - ddd4789c-894d-475a-bbfb-f6e7aa670c92: shutdown FollowerState
2019-10-18 14:59:03,882 [Thread-3313] INFO  impl.FollowerState (FollowerState.java:run(117)) - 6605b8a5-570b-4977-9ee7-6aaf3012bed5@group-58A987F56150-FollowerState was interrupted: java.lang.InterruptedException: sleep interrupted
2019-10-18 14:59:03,882 [Thread-3312] INFO  impl.FollowerState (FollowerState.java:run(117)) - ddd4789c-894d-475a-bbfb-f6e7aa670c92@group-58A987F56150-FollowerState was interrupted: java.lang.InterruptedException: sleep interrupted
2019-10-18 14:59:03,882 [grpc-default-executor-0] INFO  impl.RoleInfo (RoleInfo.java:updateAndGet(143)) - ddd4789c-894d-475a-bbfb-f6e7aa670c92: start FollowerState
2019-10-18 14:59:03,896 [327657b1-60f8-49f2-b2a3-f63e1f934942@group-58A987F56150-LeaderElection446] INFO  impl.LeaderElection (LeaderElection.java:logAndReturn(56)) - 327657b1-60f8-49f2-b2a3-f63e1f934942@group-58A987F56150-LeaderElection446: Election REJECTED; received 2 response(s) [327657b1-60f8-49f2-b2a3-f63e1f934942<-6605b8a5-570b-4977-9ee7-6aaf3012bed5#0:FAIL-t514, 327657b1-60f8-49f2-b2a3-f63e1f934942<-ddd4789c-894d-475a-bbfb-f6e7aa670c92#0:FAIL-t514] and 0 exception(s); 327657b1-60f8-49f2-b2a3-f63e1f934942@group-58A987F56150:t514, leader=null, voted=327657b1-60f8-49f2-b2a3-f63e1f934942, raftlog=327657b1-60f8-49f2-b2a3-f63e1f934942@group-58A987F56150-SegmentedRaftLog:OPENED:c-1,f-1,i0, conf=-1: [6605b8a5-570b-4977-9ee7-6aaf3012bed5:192.168.164.233:35223, 327657b1-60f8-49f2-b2a3-f63e1f934942:192.168.164.233:41966, ddd4789c-894d-475a-bbfb-f6e7aa670c92:192.168.164.233:41061], old=null
2019-10-18 14:59:03,896 [327657b1-60f8-49f2-b2a3-f63e1f934942@group-58A987F56150-LeaderElection446] INFO  impl.RaftServerImpl (RaftServerImpl.java:setRole(184)) - 327657b1-60f8-49f2-b2a3-f63e1f934942@group-58A987F56150: changes role from CANDIDATE to FOLLOWER at term 514 for DISCOVERED_A_NEW_TERM
2019-10-18 14:59:03,896 [327657b1-60f8-49f2-b2a3-f63e1f934942@group-58A987F56150-LeaderElection446] INFO  impl.RoleInfo (RoleInfo.java:shutdownLeaderElection(134)) - 327657b1-60f8-49f2-b2a3-f63e1f934942: shutdown LeaderElection
2019-10-18 14:59:03,896 [327657b1-60f8-49f2-b2a3-f63e1f934942@group-58A987F56150-LeaderElection446] INFO  impl.RoleInfo (RoleInfo.java:updateAndGet(143)) - 327657b1-60f8-49f2-b2a3-f63e1f934942: start FollowerState
2019-10-18 14:59:03,908 [Thread-3318] INFO  impl.FollowerState (FollowerState.java:run(108)) - 327657b1-60f8-49f2-b2a3-f63e1f934942@group-58A987F56150-FollowerState: change to CANDIDATE, lastRpcTime:12ms, electionTimeout:12ms
2019-10-18 14:59:03,909 [Thread-3318] INFO  impl.RoleInfo (RoleInfo.java:shutdownFollowerState(121)) - 327657b1-60f8-49f2-b2a3-f63e1f934942: shutdown FollowerState
2019-10-18 14:59:03,909 [Thread-3318] INFO  impl.RaftServerImpl (RaftServerImpl.java:setRole(184)) - 327657b1-60f8-49f2-b2a3-f63e1f934942@group-58A987F56150: changes role from  FOLLOWER to CANDIDATE at term 514 for changeToCandidate
2019-10-18 14:59:03,909 [Thread-3318] INFO  impl.RoleInfo (RoleInfo.java:updateAndGet(143)) - 327657b1-60f8-49f2-b2a3-f63e1f934942: start LeaderElection
2019-10-18 14:59:03,922 [327657b1-60f8-49f2-b2a3-f63e1f934942@group-58A987F56150-LeaderElection447] INFO  impl.LeaderElection (LeaderElection.java:askForVotes(178)) - 327657b1-60f8-49f2-b2a3-f63e1f934942@group-58A987F56150-LeaderElection447: begin an election at term 515 for -1: [6605b8a5-570b-4977-9ee7-6aaf3012bed5:192.168.164.233:35223, 327657b1-60f8-49f2-b2a3-f63e1f934942:192.168.164.233:41966, ddd4789c-894d-475a-bbfb-f6e7aa670c92:192.168.164.233:41061], old=null
2019-10-18 14:59:03,924 [grpc-default-executor-0] INFO  impl.RaftServerImpl (RaftServerImpl.java:setRole(184)) - ddd4789c-894d-475a-bbfb-f6e7aa670c92@group-58A987F56150: changes role from  FOLLOWER to FOLLOWER at term 515 for recognizeCandidate:327657b1-60f8-49f2-b2a3-f63e1f934942
2019-10-18 14:59:03,925 [grpc-default-executor-0] INFO  impl.RoleInfo (RoleInfo.java:shutdownFollowerState(121)) - ddd4789c-894d-475a-bbfb-f6e7aa670c92: shutdown FollowerState
2019-10-18 14:59:03,925 [grpc-default-executor-0] INFO  impl.RoleInfo (RoleInfo.java:updateAndGet(143)) - ddd4789c-894d-475a-bbfb-f6e7aa670c92: start FollowerState
2019-10-18 14:59:03,925 [Thread-3317] INFO  impl.FollowerState (FollowerState.java:run(117)) - ddd4789c-894d-475a-bbfb-f6e7aa670c92@group-58A987F56150-FollowerState was interrupted: java.lang.InterruptedException: sleep interrupted
2019-10-18 14:59:03,926 [grpc-default-executor-3] INFO  impl.RaftServerImpl (RaftServerImpl.java:setRole(184)) - 6605b8a5-570b-4977-9ee7-6aaf3012bed5@group-58A987F56150: changes role from  FOLLOWER to FOLLOWER at term 515 for recognizeCandidate:327657b1-60f8-49f2-b2a3-f63e1f934942
2019-10-18 14:59:03,926 [grpc-default-executor-3] INFO  impl.RoleInfo (RoleInfo.java:shutdownFollowerState(121)) - 6605b8a5-570b-4977-9ee7-6aaf3012bed5: shutdown FollowerState
2019-10-18 14:59:03,926 [grpc-default-executor-3] INFO  impl.RoleInfo (RoleInfo.java:updateAndGet(143)) - 6605b8a5-570b-4977-9ee7-6aaf3012bed5: start FollowerState
2019-10-18 14:59:03,926 [Thread-3316] INFO  impl.FollowerState (FollowerState.java:run(117)) - 6605b8a5-570b-4977-9ee7-6aaf3012bed5@group-58A987F56150-FollowerState was interrupted: java.lang.InterruptedException: sleep interrupted
2019-10-18 14:59:03,951 [327657b1-60f8-49f2-b2a3-f63e1f934942@group-58A987F56150-LeaderElection447] INFO  impl.LeaderElection (LeaderElection.java:logAndReturn(56)) - 327657b1-60f8-49f2-b2a3-f63e1f934942@group-58A987F56150-LeaderElection447: Election REJECTED; received 2 response(s) [327657b1-60f8-49f2-b2a3-f63e1f934942<-6605b8a5-570b-4977-9ee7-6aaf3012bed5#0:FAIL-t515, 327657b1-60f8-49f2-b2a3-f63e1f934942<-ddd4789c-894d-475a-bbfb-f6e7aa670c92#0:FAIL-t515] and 0 exception(s); 327657b1-60f8-49f2-b2a3-f63e1f934942@group-58A987F56150:t515, leader=null, voted=327657b1-60f8-49f2-b2a3-f63e1f934942, raftlog=327657b1-60f8-49f2-b2a3-f63e1f934942@group-58A987F56150-SegmentedRaftLog:OPENED:c-1,f-1,i0, conf=-1: [6605b8a5-570b-4977-9ee7-6aaf3012bed5:192.168.164.233:35223, 327657b1-60f8-49f2-b2a3-f63e1f934942:192.168.164.233:41966, ddd4789c-894d-475a-bbfb-f6e7aa670c92:192.168.164.233:41061], old=null
2019-10-18 14:59:03,951 [327657b1-60f8-49f2-b2a3-f63e1f934942@group-58A987F56150-LeaderElection447] INFO  impl.RaftServerImpl (RaftServerImpl.java:setRole(184)) - 327657b1-60f8-49f2-b2a3-f63e1f934942@group-58A987F56150: changes role from CANDIDATE to FOLLOWER at term 515 for DISCOVERED_A_NEW_TERM
2019-10-18 14:59:03,951 [327657b1-60f8-49f2-b2a3-f63e1f934942@group-58A987F56150-LeaderElection447] INFO  impl.RoleInfo (RoleInfo.java:shutdownLeaderElection(134)) - 327657b1-60f8-49f2-b2a3-f63e1f934942: shutdown LeaderElection
2019-10-18 14:59:03,951 [327657b1-60f8-49f2-b2a3-f63e1f934942@group-58A987F56150-LeaderElection447] INFO  impl.RoleInfo (RoleInfo.java:updateAndGet(143)) - 327657b1-60f8-49f2-b2a3-f63e1f934942: start FollowerState
2019-10-18 14:59:04,012 [Thread-3324] INFO  impl.FollowerState (FollowerState.java:run(108)) - 327657b1-60f8-49f2-b2a3-f63e1f934942@group-58A987F56150-FollowerState: change to CANDIDATE, lastRpcTime:60ms, electionTimeout:60ms
2019-10-18 14:59:04,012 [Thread-3324] INFO  impl.RoleInfo (RoleInfo.java:shutdownFollowerState(121)) - 327657b1-60f8-49f2-b2a3-f63e1f934942: shutdown FollowerState
2019-10-18 14:59:04,012 [Thread-3324] INFO  impl.RaftServerImpl (RaftServerImpl.java:setRole(184)) - 327657b1-60f8-49f2-b2a3-f63e1f934942@group-58A987F56150: changes role from  FOLLOWER to CANDIDATE at term 515 for changeToCandidate
2019-10-18 14:59:04,012 [Thread-3324] INFO  impl.RoleInfo (RoleInfo.java:updateAndGet(143)) - 327657b1-60f8-49f2-b2a3-f63e1f934942: start LeaderElection
2019-10-18 14:59:04,038 [327657b1-60f8-49f2-b2a3-f63e1f934942@group-58A987F56150-LeaderElection448] INFO  impl.LeaderElection (LeaderElection.java:askForVotes(178)) - 327657b1-60f8-49f2-b2a3-f63e1f934942@group-58A987F56150-LeaderElection448: begin an election at term 516 for -1: [6605b8a5-570b-4977-9ee7-6aaf3012bed5:192.168.164.233:35223, 327657b1-60f8-49f2-b2a3-f63e1f934942:192.168.164.233:41966, ddd4789c-894d-475a-bbfb-f6e7aa670c92:192.168.164.233:41061], old=null
2019-10-18 14:59:04,040 [grpc-default-executor-3] INFO  impl.RaftServerImpl (RaftServerImpl.java:setRole(184)) - 6605b8a5-570b-4977-9ee7-6aaf3012bed5@group-58A987F56150: changes role from  FOLLOWER to FOLLOWER at term 516 for recognizeCandidate:327657b1-60f8-49f2-b2a3-f63e1f934942
2019-10-18 14:59:04,040 [grpc-default-executor-3] INFO  impl.RoleInfo (RoleInfo.java:shutdownFollowerState(121)) - 6605b8a5-570b-4977-9ee7-6aaf3012bed5: shutdown FollowerState
2019-10-18 14:59:04,040 [grpc-default-executor-3] INFO  impl.RoleInfo (RoleInfo.java:updateAndGet(143)) - 6605b8a5-570b-4977-9ee7-6aaf3012bed5: start FollowerState
2019-10-18 14:59:04,040 [Thread-3323] INFO  impl.FollowerState (FollowerState.java:run(117)) - 6605b8a5-570b-4977-9ee7-6aaf3012bed5@group-58A987F56150-FollowerState was interrupted: java.lang.InterruptedException: sleep interrupted
2019-10-18 14:59:04,040 [grpc-default-executor-0] INFO  impl.RaftServerImpl (RaftServerImpl.java:setRole(184)) - ddd4789c-894d-475a-bbfb-f6e7aa670c92@group-58A987F56150: changes role from  FOLLOWER to FOLLOWER at term 516 for recognizeCandidate:327657b1-60f8-49f2-b2a3-f63e1f934942
2019-10-18 14:59:04,040 [grpc-default-executor-0] INFO  impl.RoleInfo (RoleInfo.java:shutdownFollowerState(121)) - ddd4789c-894d-475a-bbfb-f6e7aa670c92: shutdown FollowerState
2019-10-18 14:59:04,040 [grpc-default-executor-0] INFO  impl.RoleInfo (RoleInfo.java:updateAndGet(143)) - ddd4789c-894d-475a-bbfb-f6e7aa670c92: start FollowerState
2019-10-18 14:59:04,041 [Thread-3322] INFO  impl.FollowerState (FollowerState.java:run(117)) - ddd4789c-894d-475a-bbfb-f6e7aa670c92@group-58A987F56150-FollowerState was interrupted: java.lang.InterruptedException: sleep interrupted
2019-10-18 14:59:04,054 [327657b1-60f8-49f2-b2a3-f63e1f934942@group-58A987F56150-LeaderElection448] INFO  impl.LeaderElection (LeaderElection.java:logAndReturn(56)) - 327657b1-60f8-49f2-b2a3-f63e1f934942@group-58A987F56150-LeaderElection448: Election REJECTED; received 2 response(s) [327657b1-60f8-49f2-b2a3-f63e1f934942<-6605b8a5-570b-4977-9ee7-6aaf3012bed5#0:FAIL-t516, 327657b1-60f8-49f2-b2a3-f63e1f934942<-ddd4789c-894d-475a-bbfb-f6e7aa670c92#0:FAIL-t516] and 0 exception(s); 327657b1-60f8-49f2-b2a3-f63e1f934942@group-58A987F56150:t516, leader=null, voted=327657b1-60f8-49f2-b2a3-f63e1f934942, raftlog=327657b1-60f8-49f2-b2a3-f63e1f934942@group-58A987F56150-SegmentedRaftLog:OPENED:c-1,f-1,i0, conf=-1: [6605b8a5-570b-4977-9ee7-6aaf3012bed5:192.168.164.233:35223, 327657b1-60f8-49f2-b2a3-f63e1f934942:192.168.164.233:41966, ddd4789c-894d-475a-bbfb-f6e7aa670c92:192.168.164.233:41061], old=null
2019-10-18 14:59:04,054 [327657b1-60f8-49f2-b2a3-f63e1f934942@group-58A987F56150-LeaderElection448] INFO  impl.RaftServerImpl (RaftServerImpl.java:setRole(184)) - 327657b1-60f8-49f2-b2a3-f63e1f934942@group-58A987F56150: changes role from CANDIDATE to FOLLOWER at term 516 for DISCOVERED_A_NEW_TERM
2019-10-18 14:59:04,054 [327657b1-60f8-49f2-b2a3-f63e1f934942@group-58A987F56150-LeaderElection448] INFO  impl.RoleInfo (RoleInfo.java:shutdownLeaderElection(134)) - 327657b1-60f8-49f2-b2a3-f63e1f934942: shutdown LeaderElection
2019-10-18 14:59:04,054 [327657b1-60f8-49f2-b2a3-f63e1f934942@group-58A987F56150-LeaderElection448] INFO  impl.RoleInfo (RoleInfo.java:updateAndGet(143)) - 327657b1-60f8-49f2-b2a3-f63e1f934942: start FollowerState
2019-10-18 14:59:04,176 [Thread-3330] INFO  impl.FollowerState (FollowerState.java:run(108)) - 327657b1-60f8-49f2-b2a3-f63e1f934942@group-58A987F56150-FollowerState: change to CANDIDATE, lastRpcTime:121ms, electionTimeout:121ms
2019-10-18 14:59:04,176 [Thread-3330] INFO  impl.RoleInfo (RoleInfo.java:shutdownFollowerState(121)) - 327657b1-60f8-49f2-b2a3-f63e1f934942: shutdown FollowerState
2019-10-18 14:59:04,176 [Thread-3330] INFO  impl.RaftServerImpl (RaftServerImpl.java:setRole(184)) - 327657b1-60f8-49f2-b2a3-f63e1f934942@group-58A987F56150: changes role from  FOLLOWER to CANDIDATE at term 516 for changeToCandidate
2019-10-18 14:59:04,176 [Thread-3330] INFO  impl.RoleInfo (RoleInfo.java:updateAndGet(143)) - 327657b1-60f8-49f2-b2a3-f63e1f934942: start LeaderElection
2019-10-18 14:59:04,189 [327657b1-60f8-49f2-b2a3-f63e1f934942@group-58A987F56150-LeaderElection449] INFO  impl.LeaderElection (LeaderElection.java:askForVotes(178)) - 327657b1-60f8-49f2-b2a3-f63e1f934942@group-58A987F56150-LeaderElection449: begin an election at term 517 for -1: [6605b8a5-570b-4977-9ee7-6aaf3012bed5:192.168.164.233:35223, 327657b1-60f8-49f2-b2a3-f63e1f934942:192.168.164.233:41966, ddd4789c-894d-475a-bbfb-f6e7aa670c92:192.168.164.233:41061], old=null
2019-10-18 14:59:04,191 [grpc-default-executor-3] INFO  impl.RaftServerImpl (RaftServerImpl.java:setRole(184)) - ddd4789c-894d-475a-bbfb-f6e7aa670c92@group-58A987F56150: changes role from  FOLLOWER to FOLLOWER at term 517 for recognizeCandidate:327657b1-60f8-49f2-b2a3-f63e1f934942
2019-10-18 14:59:04,191 [grpc-default-executor-3] INFO  impl.RoleInfo (RoleInfo.java:shutdownFollowerState(121)) - ddd4789c-894d-475a-bbfb-f6e7aa670c92: shutdown FollowerState
2019-10-18 14:59:04,191 [grpc-default-executor-0] INFO  impl.RaftServerImpl (RaftServerImpl.java:setRole(184)) - 6605b8a5-570b-4977-9ee7-6aaf3012bed5@group-58A987F56150: changes role from  FOLLOWER to FOLLOWER at term 517 for recognizeCandidate:327657b1-60f8-49f2-b2a3-f63e1f934942
2019-10-18 14:59:04,191 [Thread-3329] INFO  impl.FollowerState (FollowerState.java:run(117)) - ddd4789c-894d-475a-bbfb-f6e7aa670c92@group-58A987F56150-FollowerState was interrupted: java.lang.InterruptedException: sleep interrupted
2019-10-18 14:59:04,191 [grpc-default-executor-3] INFO  impl.RoleInfo (RoleInfo.java:updateAndGet(143)) - ddd4789c-894d-475a-bbfb-f6e7aa670c92: start FollowerState
2019-10-18 14:59:04,191 [grpc-default-executor-0] INFO  impl.RoleInfo (RoleInfo.java:shutdownFollowerState(121)) - 6605b8a5-570b-4977-9ee7-6aaf3012bed5: shutdown FollowerState
2019-10-18 14:59:04,192 [grpc-default-executor-0] INFO  impl.RoleInfo (RoleInfo.java:updateAndGet(143)) - 6605b8a5-570b-4977-9ee7-6aaf3012bed5: start FollowerState
2019-10-18 14:59:04,192 [Thread-3328] INFO  impl.FollowerState (FollowerState.java:run(117)) - 6605b8a5-570b-4977-9ee7-6aaf3012bed5@group-58A987F56150-FollowerState was interrupted: java.lang.InterruptedException: sleep interrupted
2019-10-18 14:59:04,218 [327657b1-60f8-49f2-b2a3-f63e1f934942@group-58A987F56150-LeaderElection449] INFO  impl.LeaderElection (LeaderElection.java:logAndReturn(56)) - 327657b1-60f8-49f2-b2a3-f63e1f934942@group-58A987F56150-LeaderElection449: Election REJECTED; received 2 response(s) [327657b1-60f8-49f2-b2a3-f63e1f934942<-6605b8a5-570b-4977-9ee7-6aaf3012bed5#0:FAIL-t517, 327657b1-60f8-49f2-b2a3-f63e1f934942<-ddd4789c-894d-475a-bbfb-f6e7aa670c92#0:FAIL-t517] and 0 exception(s); 327657b1-60f8-49f2-b2a3-f63e1f934942@group-58A987F56150:t517, leader=null, voted=327657b1-60f8-49f2-b2a3-f63e1f934942, raftlog=327657b1-60f8-49f2-b2a3-f63e1f934942@group-58A987F56150-SegmentedRaftLog:OPENED:c-1,f-1,i0, conf=-1: [6605b8a5-570b-4977-9ee7-6aaf3012bed5:192.168.164.233:35223, 327657b1-60f8-49f2-b2a3-f63e1f934942:192.168.164.233:41966, ddd4789c-894d-475a-bbfb-f6e7aa670c92:192.168.164.233:41061], old=null
2019-10-18 14:59:04,218 [327657b1-60f8-49f2-b2a3-f63e1f934942@group-58A987F56150-LeaderElection449] INFO  impl.RaftServerImpl (RaftServerImpl.java:setRole(184)) - 327657b1-60f8-49f2-b2a3-f63e1f934942@group-58A987F56150: changes role from CANDIDATE to FOLLOWER at term 517 for DISCOVERED_A_NEW_TERM
2019-10-18 14:59:04,218 [327657b1-60f8-49f2-b2a3-f63e1f934942@group-58A987F56150-LeaderElection449] INFO  impl.RoleInfo (RoleInfo.java:shutdownLeaderElection(134)) - 327657b1-60f8-49f2-b2a3-f63e1f934942: shutdown LeaderElection
2019-10-18 14:59:04,218 [327657b1-60f8-49f2-b2a3-f63e1f934942@group-58A987F56150-LeaderElection449] INFO  impl.RoleInfo (RoleInfo.java:updateAndGet(143)) - 327657b1-60f8-49f2-b2a3-f63e1f934942: start FollowerState
2019-10-18 14:59:04,337 [Thread-3336] INFO  impl.FollowerState (FollowerState.java:run(108)) - 327657b1-60f8-49f2-b2a3-f63e1f934942@group-58A987F56150-FollowerState: change to CANDIDATE, lastRpcTime:119ms, electionTimeout:119ms
2019-10-18 14:59:04,338 [Thread-3336] INFO  impl.RoleInfo (RoleInfo.java:shutdownFollowerState(121)) - 327657b1-60f8-49f2-b2a3-f63e1f934942: shutdown FollowerState
2019-10-18 14:59:04,338 [Thread-3336] INFO  impl.RaftServerImpl (RaftServerImpl.java:setRole(184)) - 327657b1-60f8-49f2-b2a3-f63e1f934942@group-58A987F56150: changes role from  FOLLOWER to CANDIDATE at term 517 for changeToCandidate
2019-10-18 14:59:04,338 [Thread-3336] INFO  impl.RoleInfo (RoleInfo.java:updateAndGet(143)) - 327657b1-60f8-49f2-b2a3-f63e1f934942: start LeaderElection
2019-10-18 14:59:04,352 [327657b1-60f8-49f2-b2a3-f63e1f934942@group-58A987F56150-LeaderElection450] INFO  impl.LeaderElection (LeaderElection.java:askForVotes(178)) - 327657b1-60f8-49f2-b2a3-f63e1f934942@group-58A987F56150-LeaderElection450: begin an election at term 518 for -1: [6605b8a5-570b-4977-9ee7-6aaf3012bed5:192.168.164.233:35223, 327657b1-60f8-49f2-b2a3-f63e1f934942:192.168.164.233:41966, ddd4789c-894d-475a-bbfb-f6e7aa670c92:192.168.164.233:41061], old=null
2019-10-18 14:59:04,353 [grpc-default-executor-3] INFO  impl.RaftServerImpl (RaftServerImpl.java:setRole(184)) - ddd4789c-894d-475a-bbfb-f6e7aa670c92@group-58A987F56150: changes role from  FOLLOWER to FOLLOWER at term 518 for recognizeCandidate:327657b1-60f8-49f2-b2a3-f63e1f934942
2019-10-18 14:59:04,353 [grpc-default-executor-3] INFO  impl.RoleInfo (RoleInfo.java:shutdownFollowerState(121)) - ddd4789c-894d-475a-bbfb-f6e7aa670c92: shutdown FollowerState
2019-10-18 14:59:04,353 [grpc-default-executor-0] INFO  impl.RaftServerImpl (RaftServerImpl.java:setRole(184)) - 6605b8a5-570b-4977-9ee7-6aaf3012bed5@group-58A987F56150: changes role from  FOLLOWER to FOLLOWER at term 518 for recognizeCandidate:327657b1-60f8-49f2-b2a3-f63e1f934942
2019-10-18 14:59:04,353 [grpc-default-executor-0] INFO  impl.RoleInfo (RoleInfo.java:shutdownFollowerState(121)) - 6605b8a5-570b-4977-9ee7-6aaf3012bed5: shutdown FollowerState
2019-10-18 14:59:04,353 [Thread-3334] INFO  impl.FollowerState (FollowerState.java:run(117)) - ddd4789c-894d-475a-bbfb-f6e7aa670c92@group-58A987F56150-FollowerState was interrupted: java.lang.InterruptedException: sleep interrupted
2019-10-18 14:59:04,353 [grpc-default-executor-3] INFO  impl.RoleInfo (RoleInfo.java:updateAndGet(143)) - ddd4789c-894d-475a-bbfb-f6e7aa670c92: start FollowerState
2019-10-18 14:59:04,353 [Thread-3335] INFO  impl.FollowerState (FollowerState.java:run(117)) - 6605b8a5-570b-4977-9ee7-6aaf3012bed5@group-58A987F56150-FollowerState was interrupted: java.lang.InterruptedException: sleep interrupted
2019-10-18 14:59:04,353 [grpc-default-executor-0] INFO  impl.RoleInfo (RoleInfo.java:updateAndGet(143)) - 6605b8a5-570b-4977-9ee7-6aaf3012bed5: start FollowerState
2019-10-18 14:59:04,366 [327657b1-60f8-49f2-b2a3-f63e1f934942@group-58A987F56150-LeaderElection450] INFO  impl.LeaderElection (LeaderElection.java:logAndReturn(56)) - 327657b1-60f8-49f2-b2a3-f63e1f934942@group-58A987F56150-LeaderElection450: Election TIMEOUT; received 0 response(s) [] and 0 exception(s); 327657b1-60f8-49f2-b2a3-f63e1f934942@group-58A987F56150:t518, leader=null, voted=327657b1-60f8-49f2-b2a3-f63e1f934942, raftlog=327657b1-60f8-49f2-b2a3-f63e1f934942@group-58A987F56150-SegmentedRaftLog:OPENED:c-1,f-1,i0, conf=-1: [6605b8a5-570b-4977-9ee7-6aaf3012bed5:192.168.164.233:35223, 327657b1-60f8-49f2-b2a3-f63e1f934942:192.168.164.233:41966, ddd4789c-894d-475a-bbfb-f6e7aa670c92:192.168.164.233:41061], old=null
2019-10-18 14:59:04,380 [327657b1-60f8-49f2-b2a3-f63e1f934942@group-58A987F56150-LeaderElection450] INFO  impl.LeaderElection (LeaderElection.java:askForVotes(178)) - 327657b1-60f8-49f2-b2a3-f63e1f934942@group-58A987F56150-LeaderElection450: begin an election at term 519 for -1: [6605b8a5-570b-4977-9ee7-6aaf3012bed5:192.168.164.233:35223, 327657b1-60f8-49f2-b2a3-f63e1f934942:192.168.164.233:41966, ddd4789c-894d-475a-bbfb-f6e7aa670c92:192.168.164.233:41061], old=null
2019-10-18 14:59:04,382 [grpc-default-executor-3] INFO  impl.RaftServerImpl (RaftServerImpl.java:setRole(184)) - 6605b8a5-570b-4977-9ee7-6aaf3012bed5@group-58A987F56150: changes role from  FOLLOWER to FOLLOWER at term 519 for recognizeCandidate:327657b1-60f8-49f2-b2a3-f63e1f934942
2019-10-18 14:59:04,382 [grpc-default-executor-0] INFO  impl.RaftServerImpl (RaftServerImpl.java:setRole(184)) - ddd4789c-894d-475a-bbfb-f6e7aa670c92@group-58A987F56150: changes role from  FOLLOWER to FOLLOWER at term 519 for recognizeCandidate:327657b1-60f8-49f2-b2a3-f63e1f934942
2019-10-18 14:59:04,382 [grpc-default-executor-0] INFO  impl.RoleInfo (RoleInfo.java:shutdownFollowerState(121)) - ddd4789c-894d-475a-bbfb-f6e7aa670c92: shutdown FollowerState
2019-10-18 14:59:04,382 [grpc-default-executor-3] INFO  impl.RoleInfo (RoleInfo.java:shutdownFollowerState(121)) - 6605b8a5-570b-4977-9ee7-6aaf3012bed5: shutdown FollowerState
2019-10-18 14:59:04,382 [Thread-3342] INFO  impl.FollowerState (FollowerState.java:run(117)) - ddd4789c-894d-475a-bbfb-f6e7aa670c92@group-58A987F56150-FollowerState was interrupted: java.lang.InterruptedException: sleep interrupted
2019-10-18 14:59:04,382 [Thread-3343] INFO  impl.FollowerState (FollowerState.java:run(117)) - 6605b8a5-570b-4977-9ee7-6aaf3012bed5@group-58A987F56150-FollowerState was interrupted: java.lang.InterruptedException: sleep interrupted
2019-10-18 14:59:04,382 [grpc-default-executor-0] INFO  impl.RoleInfo (RoleInfo.java:updateAndGet(143)) - ddd4789c-894d-475a-bbfb-f6e7aa670c92: start FollowerState
2019-10-18 14:59:04,382 [grpc-default-executor-3] INFO  impl.RoleInfo (RoleInfo.java:updateAndGet(143)) - 6605b8a5-570b-4977-9ee7-6aaf3012bed5: start FollowerState
2019-10-18 14:59:04,395 [327657b1-60f8-49f2-b2a3-f63e1f934942@group-58A987F56150-LeaderElection450] INFO  impl.LeaderElection (LeaderElection.java:logAndReturn(56)) - 327657b1-60f8-49f2-b2a3-f63e1f934942@group-58A987F56150-LeaderElection450: Election REJECTED; received 2 response(s) [327657b1-60f8-49f2-b2a3-f63e1f934942<-6605b8a5-570b-4977-9ee7-6aaf3012bed5#0:FAIL-t519, 327657b1-60f8-49f2-b2a3-f63e1f934942<-ddd4789c-894d-475a-bbfb-f6e7aa670c92#0:FAIL-t519] and 0 exception(s); 327657b1-60f8-49f2-b2a3-f63e1f934942@group-58A987F56150:t519, leader=null, voted=327657b1-60f8-49f2-b2a3-f63e1f934942, raftlog=327657b1-60f8-49f2-b2a3-f63e1f934942@group-58A987F56150-SegmentedRaftLog:OPENED:c-1,f-1,i0, conf=-1: [6605b8a5-570b-4977-9ee7-6aaf3012bed5:192.168.164.233:35223, 327657b1-60f8-49f2-b2a3-f63e1f934942:192.168.164.233:41966, ddd4789c-894d-475a-bbfb-f6e7aa670c92:192.168.164.233:41061], old=null
2019-10-18 14:59:04,395 [327657b1-60f8-49f2-b2a3-f63e1f934942@group-58A987F56150-LeaderElection450] INFO  impl.RaftServerImpl (RaftServerImpl.java:setRole(184)) - 327657b1-60f8-49f2-b2a3-f63e1f934942@group-58A987F56150: changes role from CANDIDATE to FOLLOWER at term 519 for DISCOVERED_A_NEW_TERM
2019-10-18 14:59:04,396 [327657b1-60f8-49f2-b2a3-f63e1f934942@group-58A987F56150-LeaderElection450] INFO  impl.RoleInfo (RoleInfo.java:shutdownLeaderElection(134)) - 327657b1-60f8-49f2-b2a3-f63e1f934942: shutdown LeaderElection
2019-10-18 14:59:04,396 [327657b1-60f8-49f2-b2a3-f63e1f934942@group-58A987F56150-LeaderElection450] INFO  impl.RoleInfo (RoleInfo.java:updateAndGet(143)) - 327657b1-60f8-49f2-b2a3-f63e1f934942: start FollowerState
2019-10-18 14:59:04,534 [Thread-3348] INFO  impl.FollowerState (FollowerState.java:run(108)) - 327657b1-60f8-49f2-b2a3-f63e1f934942@group-58A987F56150-FollowerState: change to CANDIDATE, lastRpcTime:138ms, electionTimeout:138ms
2019-10-18 14:59:04,534 [Thread-3348] INFO  impl.RoleInfo (RoleInfo.java:shutdownFollowerState(121)) - 327657b1-60f8-49f2-b2a3-f63e1f934942: shutdown FollowerState
2019-10-18 14:59:04,534 [Thread-3348] INFO  impl.RaftServerImpl (RaftServerImpl.java:setRole(184)) - 327657b1-60f8-49f2-b2a3-f63e1f934942@group-58A987F56150: changes role from  FOLLOWER to CANDIDATE at term 519 for changeToCandidate
2019-10-18 14:59:04,535 [Thread-3348] INFO  impl.RoleInfo (RoleInfo.java:updateAndGet(143)) - 327657b1-60f8-49f2-b2a3-f63e1f934942: start LeaderElection
2019-10-18 14:59:04,548 [327657b1-60f8-49f2-b2a3-f63e1f934942@group-58A987F56150-LeaderElection451] INFO  impl.LeaderElection (LeaderElection.java:askForVotes(178)) - 327657b1-60f8-49f2-b2a3-f63e1f934942@group-58A987F56150-LeaderElection451: begin an election at term 520 for -1: [6605b8a5-570b-4977-9ee7-6aaf3012bed5:192.168.164.233:35223, 327657b1-60f8-49f2-b2a3-f63e1f934942:192.168.164.233:41966, ddd4789c-894d-475a-bbfb-f6e7aa670c92:192.168.164.233:41061], old=null
2019-10-18 14:59:04,550 [grpc-default-executor-3] INFO  impl.RaftServerImpl (RaftServerImpl.java:setRole(184)) - 6605b8a5-570b-4977-9ee7-6aaf3012bed5@group-58A987F56150: changes role from  FOLLOWER to FOLLOWER at term 520 for recognizeCandidate:327657b1-60f8-49f2-b2a3-f63e1f934942
2019-10-18 14:59:04,550 [grpc-default-executor-3] INFO  impl.RoleInfo (RoleInfo.java:shutdownFollowerState(121)) - 6605b8a5-570b-4977-9ee7-6aaf3012bed5: shutdown FollowerState
2019-10-18 14:59:04,550 [grpc-default-executor-0] INFO  impl.RaftServerImpl (RaftServerImpl.java:setRole(184)) - ddd4789c-894d-475a-bbfb-f6e7aa670c92@group-58A987F56150: changes role from  FOLLOWER to FOLLOWER at term 520 for recognizeCandidate:327657b1-60f8-49f2-b2a3-f63e1f934942
2019-10-18 14:59:04,550 [Thread-3347] INFO  impl.FollowerState (FollowerState.java:run(117)) - 6605b8a5-570b-4977-9ee7-6aaf3012bed5@group-58A987F56150-FollowerState was interrupted: java.lang.InterruptedException: sleep interrupted
2019-10-18 14:59:04,550 [grpc-default-executor-3] INFO  impl.RoleInfo (RoleInfo.java:updateAndGet(143)) - 6605b8a5-570b-4977-9ee7-6aaf3012bed5: start FollowerState
2019-10-18 14:59:04,550 [grpc-default-executor-0] INFO  impl.RoleInfo (RoleInfo.java:shutdownFollowerState(121)) - ddd4789c-894d-475a-bbfb-f6e7aa670c92: shutdown FollowerState
2019-10-18 14:59:04,551 [grpc-default-executor-0] INFO  impl.RoleInfo (RoleInfo.java:updateAndGet(143)) - ddd4789c-894d-475a-bbfb-f6e7aa670c92: start FollowerState
2019-10-18 14:59:04,551 [Thread-3346] INFO  impl.FollowerState (FollowerState.java:run(117)) - ddd4789c-894d-475a-bbfb-f6e7aa670c92@group-58A987F56150-FollowerState was interrupted: java.lang.InterruptedException: sleep interrupted
2019-10-18 14:59:04,576 [327657b1-60f8-49f2-b2a3-f63e1f934942@group-58A987F56150-LeaderElection451] INFO  impl.LeaderElection (LeaderElection.java:logAndReturn(56)) - 327657b1-60f8-49f2-b2a3-f63e1f934942@group-58A987F56150-LeaderElection451: Election REJECTED; received 2 response(s) [327657b1-60f8-49f2-b2a3-f63e1f934942<-6605b8a5-570b-4977-9ee7-6aaf3012bed5#0:FAIL-t520, 327657b1-60f8-49f2-b2a3-f63e1f934942<-ddd4789c-894d-475a-bbfb-f6e7aa670c92#0:FAIL-t520] and 0 exception(s); 327657b1-60f8-49f2-b2a3-f63e1f934942@group-58A987F56150:t520, leader=null, voted=327657b1-60f8-49f2-b2a3-f63e1f934942, raftlog=327657b1-60f8-49f2-b2a3-f63e1f934942@group-58A987F56150-SegmentedRaftLog:OPENED:c-1,f-1,i0, conf=-1: [6605b8a5-570b-4977-9ee7-6aaf3012bed5:192.168.164.233:35223, 327657b1-60f8-49f2-b2a3-f63e1f934942:192.168.164.233:41966, ddd4789c-894d-475a-bbfb-f6e7aa670c92:192.168.164.233:41061], old=null
2019-10-18 14:59:04,576 [327657b1-60f8-49f2-b2a3-f63e1f934942@group-58A987F56150-LeaderElection451] INFO  impl.RaftServerImpl (RaftServerImpl.java:setRole(184)) - 327657b1-60f8-49f2-b2a3-f63e1f934942@group-58A987F56150: changes role from CANDIDATE to FOLLOWER at term 520 for DISCOVERED_A_NEW_TERM
2019-10-18 14:59:04,576 [327657b1-60f8-49f2-b2a3-f63e1f934942@group-58A987F56150-LeaderElection451] INFO  impl.RoleInfo (RoleInfo.java:shutdownLeaderElection(134)) - 327657b1-60f8-49f2-b2a3-f63e1f934942: shutdown LeaderElection
2019-10-18 14:59:04,576 [327657b1-60f8-49f2-b2a3-f63e1f934942@group-58A987F56150-LeaderElection451] INFO  impl.RoleInfo (RoleInfo.java:updateAndGet(143)) - 327657b1-60f8-49f2-b2a3-f63e1f934942: start FollowerState
2019-10-18 14:59:04,672 [Thread-3354] INFO  impl.FollowerState (FollowerState.java:run(108)) - 327657b1-60f8-49f2-b2a3-f63e1f934942@group-58A987F56150-FollowerState: change to CANDIDATE, lastRpcTime:95ms, electionTimeout:95ms
2019-10-18 14:59:04,672 [Thread-3354] INFO  impl.RoleInfo (RoleInfo.java:shutdownFollowerState(121)) - 327657b1-60f8-49f2-b2a3-f63e1f934942: shutdown FollowerState
2019-10-18 14:59:04,672 [Thread-3354] INFO  impl.RaftServerImpl (RaftServerImpl.java:setRole(184)) - 327657b1-60f8-49f2-b2a3-f63e1f934942@group-58A987F56150: changes role from  FOLLOWER to CANDIDATE at term 520 for changeToCandidate
2019-10-18 14:59:04,672 [Thread-3354] INFO  impl.RoleInfo (RoleInfo.java:updateAndGet(143)) - 327657b1-60f8-49f2-b2a3-f63e1f934942: start LeaderElection
2019-10-18 14:59:04,685 [327657b1-60f8-49f2-b2a3-f63e1f934942@group-58A987F56150-LeaderElection452] INFO  impl.LeaderElection (LeaderElection.java:askForVotes(178)) - 327657b1-60f8-49f2-b2a3-f63e1f934942@group-58A987F56150-LeaderElection452: begin an election at term 521 for -1: [6605b8a5-570b-4977-9ee7-6aaf3012bed5:192.168.164.233:35223, 327657b1-60f8-49f2-b2a3-f63e1f934942:192.168.164.233:41966, ddd4789c-894d-475a-bbfb-f6e7aa670c92:192.168.164.233:41061], old=null
2019-10-18 14:59:04,687 [grpc-default-executor-3] INFO  impl.RaftServerImpl (RaftServerImpl.java:setRole(184)) - 6605b8a5-570b-4977-9ee7-6aaf3012bed5@group-58A987F56150: changes role from  FOLLOWER to FOLLOWER at term 521 for recognizeCandidate:327657b1-60f8-49f2-b2a3-f63e1f934942
2019-10-18 14:59:04,687 [grpc-default-executor-3] INFO  impl.RoleInfo (RoleInfo.java:shutdownFollowerState(121)) - 6605b8a5-570b-4977-9ee7-6aaf3012bed5: shutdown FollowerState
2019-10-18 14:59:04,687 [grpc-default-executor-3] INFO  impl.RoleInfo (RoleInfo.java:updateAndGet(143)) - 6605b8a5-570b-4977-9ee7-6aaf3012bed5: start FollowerState
2019-10-18 14:59:04,687 [Thread-3352] INFO  impl.FollowerState (FollowerState.java:run(117)) - 6605b8a5-570b-4977-9ee7-6aaf3012bed5@group-58A987F56150-FollowerState was interrupted: java.lang.InterruptedException: sleep interrupted
2019-10-18 14:59:04,687 [grpc-default-executor-0] INFO  impl.RaftServerImpl (RaftServerImpl.java:setRole(184)) - ddd4789c-894d-475a-bbfb-f6e7aa670c92@group-58A987F56150: changes role from  FOLLOWER to FOLLOWER at term 521 for recognizeCandidate:327657b1-60f8-49f2-b2a3-f63e1f934942
2019-10-18 14:59:04,688 [grpc-default-executor-0] INFO  impl.RoleInfo (RoleInfo.java:shutdownFollowerState(121)) - ddd4789c-894d-475a-bbfb-f6e7aa670c92: shutdown FollowerState
2019-10-18 14:59:04,688 [grpc-default-executor-0] INFO  impl.RoleInfo (RoleInfo.java:updateAndGet(143)) - ddd4789c-894d-475a-bbfb-f6e7aa670c92: start FollowerState
2019-10-18 14:59:04,688 [Thread-3353] INFO  impl.FollowerState (FollowerState.java:run(117)) - ddd4789c-894d-475a-bbfb-f6e7aa670c92@group-58A987F56150-FollowerState was interrupted: java.lang.InterruptedException: sleep interrupted
2019-10-18 14:59:04,713 [327657b1-60f8-49f2-b2a3-f63e1f934942@group-58A987F56150-LeaderElection452] INFO  impl.LeaderElection (LeaderElection.java:logAndReturn(56)) - 327657b1-60f8-49f2-b2a3-f63e1f934942@group-58A987F56150-LeaderElection452: Election REJECTED; received 2 response(s) [327657b1-60f8-49f2-b2a3-f63e1f934942<-6605b8a5-570b-4977-9ee7-6aaf3012bed5#0:FAIL-t521, 327657b1-60f8-49f2-b2a3-f63e1f934942<-ddd4789c-894d-475a-bbfb-f6e7aa670c92#0:FAIL-t521] and 0 exception(s); 327657b1-60f8-49f2-b2a3-f63e1f934942@group-58A987F56150:t521, leader=null, voted=327657b1-60f8-49f2-b2a3-f63e1f934942, raftlog=327657b1-60f8-49f2-b2a3-f63e1f934942@group-58A987F56150-SegmentedRaftLog:OPENED:c-1,f-1,i0, conf=-1: [6605b8a5-570b-4977-9ee7-6aaf3012bed5:192.168.164.233:35223, 327657b1-60f8-49f2-b2a3-f63e1f934942:192.168.164.233:41966, ddd4789c-894d-475a-bbfb-f6e7aa670c92:192.168.164.233:41061], old=null
2019-10-18 14:59:04,713 [327657b1-60f8-49f2-b2a3-f63e1f934942@group-58A987F56150-LeaderElection452] INFO  impl.RaftServerImpl (RaftServerImpl.java:setRole(184)) - 327657b1-60f8-49f2-b2a3-f63e1f934942@group-58A987F56150: changes role from CANDIDATE to FOLLOWER at term 521 for DISCOVERED_A_NEW_TERM
2019-10-18 14:59:04,713 [327657b1-60f8-49f2-b2a3-f63e1f934942@group-58A987F56150-LeaderElection452] INFO  impl.RoleInfo (RoleInfo.java:shutdownLeaderElection(134)) - 327657b1-60f8-49f2-b2a3-f63e1f934942: shutdown LeaderElection
2019-10-18 14:59:04,713 [327657b1-60f8-49f2-b2a3-f63e1f934942@group-58A987F56150-LeaderElection452] INFO  impl.RoleInfo (RoleInfo.java:updateAndGet(143)) - 327657b1-60f8-49f2-b2a3-f63e1f934942: start FollowerState
2019-10-18 14:59:04,913 [Thread-3360] INFO  impl.FollowerState (FollowerState.java:run(108)) - 327657b1-60f8-49f2-b2a3-f63e1f934942@group-58A987F56150-FollowerState: change to CANDIDATE, lastRpcTime:199ms, electionTimeout:199ms
2019-10-18 14:59:04,913 [Thread-3360] INFO  impl.RoleInfo (RoleInfo.java:shutdownFollowerState(121)) - 327657b1-60f8-49f2-b2a3-f63e1f934942: shutdown FollowerState
2019-10-18 14:59:04,913 [Thread-3360] INFO  impl.RaftServerImpl (RaftServerImpl.java:setRole(184)) - 327657b1-60f8-49f2-b2a3-f63e1f934942@group-58A987F56150: changes role from  FOLLOWER to CANDIDATE at term 521 for changeToCandidate
2019-10-18 14:59:04,914 [Thread-3360] INFO  impl.RoleInfo (RoleInfo.java:updateAndGet(143)) - 327657b1-60f8-49f2-b2a3-f63e1f934942: start LeaderElection
2019-10-18 14:59:04,928 [327657b1-60f8-49f2-b2a3-f63e1f934942@group-58A987F56150-LeaderElection453] INFO  impl.LeaderElection (LeaderElection.java:askForVotes(178)) - 327657b1-60f8-49f2-b2a3-f63e1f934942@group-58A987F56150-LeaderElection453: begin an election at term 522 for -1: [6605b8a5-570b-4977-9ee7-6aaf3012bed5:192.168.164.233:35223, 327657b1-60f8-49f2-b2a3-f63e1f934942:192.168.164.233:41966, ddd4789c-894d-475a-bbfb-f6e7aa670c92:192.168.164.233:41061], old=null
2019-10-18 14:59:04,932 [grpc-default-executor-0] INFO  impl.RaftServerImpl (RaftServerImpl.java:setRole(184)) - ddd4789c-894d-475a-bbfb-f6e7aa670c92@group-58A987F56150: changes role from  FOLLOWER to FOLLOWER at term 522 for recognizeCandidate:327657b1-60f8-49f2-b2a3-f63e1f934942
2019-10-18 14:59:04,932 [grpc-default-executor-3] INFO  impl.RaftServerImpl (RaftServerImpl.java:setRole(184)) - 6605b8a5-570b-4977-9ee7-6aaf3012bed5@group-58A987F56150: changes role from  FOLLOWER to FOLLOWER at term 522 for recognizeCandidate:327657b1-60f8-49f2-b2a3-f63e1f934942
2019-10-18 14:59:04,932 [grpc-default-executor-0] INFO  impl.RoleInfo (RoleInfo.java:shutdownFollowerState(121)) - ddd4789c-894d-475a-bbfb-f6e7aa670c92: shutdown FollowerState
2019-10-18 14:59:04,933 [grpc-default-executor-3] INFO  impl.RoleInfo (RoleInfo.java:shutdownFollowerState(121)) - 6605b8a5-570b-4977-9ee7-6aaf3012bed5: shutdown FollowerState
2019-10-18 14:59:04,933 [grpc-default-executor-0] INFO  impl.RoleInfo (RoleInfo.java:updateAndGet(143)) - ddd4789c-894d-475a-bbfb-f6e7aa670c92: start FollowerState
2019-10-18 14:59:04,933 [Thread-3359] INFO  impl.FollowerState (FollowerState.java:run(117)) - ddd4789c-894d-475a-bbfb-f6e7aa670c92@group-58A987F56150-FollowerState was interrupted: java.lang.InterruptedException: sleep interrupted
2019-10-18 14:59:04,933 [grpc-default-executor-3] INFO  impl.RoleInfo (RoleInfo.java:updateAndGet(143)) - 6605b8a5-570b-4977-9ee7-6aaf3012bed5: start FollowerState
2019-10-18 14:59:04,933 [Thread-3358] INFO  impl.FollowerState (FollowerState.java:run(117)) - 6605b8a5-570b-4977-9ee7-6aaf3012bed5@group-58A987F56150-FollowerState was interrupted: java.lang.InterruptedException: sleep interrupted
2019-10-18 14:59:04,960 [327657b1-60f8-49f2-b2a3-f63e1f934942@group-58A987F56150-LeaderElection453] INFO  impl.LeaderElection (LeaderElection.java:logAndReturn(56)) - 327657b1-60f8-49f2-b2a3-f63e1f934942@group-58A987F56150-LeaderElection453: Election REJECTED; received 2 response(s) [327657b1-60f8-49f2-b2a3-f63e1f934942<-6605b8a5-570b-4977-9ee7-6aaf3012bed5#0:FAIL-t522, 327657b1-60f8-49f2-b2a3-f63e1f934942<-ddd4789c-894d-475a-bbfb-f6e7aa670c92#0:FAIL-t522] and 0 exception(s); 327657b1-60f8-49f2-b2a3-f63e1f934942@group-58A987F56150:t522, leader=null, voted=327657b1-60f8-49f2-b2a3-f63e1f934942, raftlog=327657b1-60f8-49f2-b2a3-f63e1f934942@group-58A987F56150-SegmentedRaftLog:OPENED:c-1,f-1,i0, conf=-1: [6605b8a5-570b-4977-9ee7-6aaf3012bed5:192.168.164.233:35223, 327657b1-60f8-49f2-b2a3-f63e1f934942:192.168.164.233:41966, ddd4789c-894d-475a-bbfb-f6e7aa670c92:192.168.164.233:41061], old=null
2019-10-18 14:59:04,960 [327657b1-60f8-49f2-b2a3-f63e1f934942@group-58A987F56150-LeaderElection453] INFO  impl.RaftServerImpl (RaftServerImpl.java:setRole(184)) - 327657b1-60f8-49f2-b2a3-f63e1f934942@group-58A987F56150: changes role from CANDIDATE to FOLLOWER at term 522 for DISCOVERED_A_NEW_TERM
2019-10-18 14:59:04,960 [327657b1-60f8-49f2-b2a3-f63e1f934942@group-58A987F56150-LeaderElection453] INFO  impl.RoleInfo (RoleInfo.java:shutdownLeaderElection(134)) - 327657b1-60f8-49f2-b2a3-f63e1f934942: shutdown LeaderElection
2019-10-18 14:59:04,960 [327657b1-60f8-49f2-b2a3-f63e1f934942@group-58A987F56150-LeaderElection453] INFO  impl.RoleInfo (RoleInfo.java:updateAndGet(143)) - 327657b1-60f8-49f2-b2a3-f63e1f934942: start FollowerState
2019-10-18 14:59:05,033 [ForkJoinPool.commonPool-worker-0] INFO  ozoneimpl.OzoneContainer (OzoneContainer.java:stop(227)) - Attempting to stop container services.
2019-10-18 14:59:05,033 [main] INFO  ozoneimpl.OzoneContainer (OzoneContainer.java:stop(227)) - Attempting to stop container services.
2019-10-18 14:59:05,034 [ForkJoinPool.commonPool-worker-0] INFO  impl.RaftServerProxy (RaftServerProxy.java:lambda$close$4(314)) - 6605b8a5-570b-4977-9ee7-6aaf3012bed5: close
2019-10-18 14:59:05,035 [main] INFO  impl.RaftServerProxy (RaftServerProxy.java:lambda$close$4(314)) - ddd4789c-894d-475a-bbfb-f6e7aa670c92: close
2019-10-18 14:59:05,035 [ForkJoinPool.commonPool-worker-0] INFO  impl.RaftServerImpl (RaftServerImpl.java:lambda$shutdown$3(261)) - 6605b8a5-570b-4977-9ee7-6aaf3012bed5@group-AF127F778910: shutdown
2019-10-18 14:59:05,035 [main] INFO  impl.RaftServerImpl (RaftServerImpl.java:lambda$shutdown$3(261)) - ddd4789c-894d-475a-bbfb-f6e7aa670c92@group-58A987F56150: shutdown
2019-10-18 14:59:05,035 [ForkJoinPool.commonPool-worker-0] INFO  util.JmxRegister (JmxRegister.java:unregister(73)) - Successfully un-registered JMX Bean with object name Ratis:service=RaftServer,group=group-AF127F778910,id=6605b8a5-570b-4977-9ee7-6aaf3012bed5
2019-10-18 14:59:05,035 [main] INFO  util.JmxRegister (JmxRegister.java:unregister(73)) - Successfully un-registered JMX Bean with object name Ratis:service=RaftServer,group=group-58A987F56150,id=ddd4789c-894d-475a-bbfb-f6e7aa670c92
2019-10-18 14:59:05,036 [ForkJoinPool.commonPool-worker-0] INFO  impl.RoleInfo (RoleInfo.java:shutdownLeaderState(104)) - 6605b8a5-570b-4977-9ee7-6aaf3012bed5: shutdown LeaderState
2019-10-18 14:59:05,036 [main] INFO  impl.RoleInfo (RoleInfo.java:shutdownFollowerState(121)) - ddd4789c-894d-475a-bbfb-f6e7aa670c92: shutdown FollowerState
2019-10-18 14:59:05,037 [Thread-3364] INFO  impl.FollowerState (FollowerState.java:run(117)) - ddd4789c-894d-475a-bbfb-f6e7aa670c92@group-58A987F56150-FollowerState was interrupted: java.lang.InterruptedException: sleep interrupted
2019-10-18 14:59:05,037 [main] INFO  impl.StateMachineUpdater (StateMachineUpdater.java:stopAndJoin(136)) - ddd4789c-894d-475a-bbfb-f6e7aa670c92@group-58A987F56150-StateMachineUpdater: set stopIndex = -1
2019-10-18 14:59:05,037 [ForkJoinPool.commonPool-worker-0] INFO  impl.PendingRequests (PendingRequests.java:sendNotLeaderResponses(202)) - 6605b8a5-570b-4977-9ee7-6aaf3012bed5@group-AF127F778910-PendingRequests: sendNotLeaderResponses
2019-10-18 14:59:05,037 [main] INFO  impl.RaftServerImpl (ServerState.java:close(388)) - ddd4789c-894d-475a-bbfb-f6e7aa670c92@group-58A987F56150: closes. applyIndex: -1
2019-10-18 14:59:05,038 [ForkJoinPool.commonPool-worker-0] INFO  impl.StateMachineUpdater (StateMachineUpdater.java:stopAndJoin(136)) - 6605b8a5-570b-4977-9ee7-6aaf3012bed5@group-AF127F778910-StateMachineUpdater: set stopIndex = 0
2019-10-18 14:59:05,038 [ddd4789c-894d-475a-bbfb-f6e7aa670c92@group-58A987F56150-SegmentedRaftLogWorker] INFO  segmented.SegmentedRaftLogWorker (SegmentedRaftLogWorker.java:run(316)) - ddd4789c-894d-475a-bbfb-f6e7aa670c92@group-58A987F56150-SegmentedRaftLogWorker was interrupted, exiting. There are 0 tasks remaining in the queue.
2019-10-18 14:59:05,040 [main] INFO  segmented.SegmentedRaftLogWorker (SegmentedRaftLogWorker.java:close(224)) - ddd4789c-894d-475a-bbfb-f6e7aa670c92@group-58A987F56150-SegmentedRaftLogWorker close()
2019-10-18 14:59:05,040 [ForkJoinPool.commonPool-worker-0] INFO  impl.RaftServerImpl (ServerState.java:close(388)) - 6605b8a5-570b-4977-9ee7-6aaf3012bed5@group-AF127F778910: closes. applyIndex: 0
2019-10-18 14:59:05,043 [main] INFO  impl.RaftServerImpl (RaftServerImpl.java:lambda$shutdown$3(261)) - ddd4789c-894d-475a-bbfb-f6e7aa670c92@group-8D4776D8DF84: shutdown
2019-10-18 14:59:05,043 [6605b8a5-570b-4977-9ee7-6aaf3012bed5@group-AF127F778910-SegmentedRaftLogWorker] INFO  segmented.SegmentedRaftLogWorker (SegmentedRaftLogWorker.java:run(316)) - 6605b8a5-570b-4977-9ee7-6aaf3012bed5@group-AF127F778910-SegmentedRaftLogWorker was interrupted, exiting. There are 0 tasks remaining in the queue.
2019-10-18 14:59:05,043 [main] INFO  util.JmxRegister (JmxRegister.java:unregister(73)) - Successfully un-registered JMX Bean with object name Ratis:service=RaftServer,group=group-8D4776D8DF84,id=ddd4789c-894d-475a-bbfb-f6e7aa670c92
2019-10-18 14:59:05,044 [main] INFO  impl.RoleInfo (RoleInfo.java:shutdownLeaderState(104)) - ddd4789c-894d-475a-bbfb-f6e7aa670c92: shutdown LeaderState
2019-10-18 14:59:05,044 [ForkJoinPool.commonPool-worker-0] INFO  segmented.SegmentedRaftLogWorker (SegmentedRaftLogWorker.java:close(224)) - 6605b8a5-570b-4977-9ee7-6aaf3012bed5@group-AF127F778910-SegmentedRaftLogWorker close()
2019-10-18 14:59:05,045 [main] INFO  impl.PendingRequests (PendingRequests.java:sendNotLeaderResponses(202)) - ddd4789c-894d-475a-bbfb-f6e7aa670c92@group-8D4776D8DF84-PendingRequests: sendNotLeaderResponses
2019-10-18 14:59:05,047 [ForkJoinPool.commonPool-worker-0] INFO  impl.RaftServerImpl (RaftServerImpl.java:lambda$shutdown$3(261)) - 6605b8a5-570b-4977-9ee7-6aaf3012bed5@group-58A987F56150: shutdown
2019-10-18 14:59:05,047 [main] INFO  impl.StateMachineUpdater (StateMachineUpdater.java:stopAndJoin(136)) - ddd4789c-894d-475a-bbfb-f6e7aa670c92@group-8D4776D8DF84-StateMachineUpdater: set stopIndex = 0
2019-10-18 14:59:05,048 [main] INFO  impl.RaftServerImpl (ServerState.java:close(388)) - ddd4789c-894d-475a-bbfb-f6e7aa670c92@group-8D4776D8DF84: closes. applyIndex: 0
2019-10-18 14:59:05,047 [ForkJoinPool.commonPool-worker-0] INFO  util.JmxRegister (JmxRegister.java:unregister(73)) - Successfully un-registered JMX Bean with object name Ratis:service=RaftServer,group=group-58A987F56150,id=6605b8a5-570b-4977-9ee7-6aaf3012bed5
2019-10-18 14:59:05,048 [ddd4789c-894d-475a-bbfb-f6e7aa670c92@group-8D4776D8DF84-SegmentedRaftLogWorker] INFO  segmented.SegmentedRaftLogWorker (SegmentedRaftLogWorker.java:run(316)) - ddd4789c-894d-475a-bbfb-f6e7aa670c92@group-8D4776D8DF84-SegmentedRaftLogWorker was interrupted, exiting. There are 0 tasks remaining in the queue.
2019-10-18 14:59:05,048 [ForkJoinPool.commonPool-worker-0] INFO  impl.RoleInfo (RoleInfo.java:shutdownFollowerState(121)) - 6605b8a5-570b-4977-9ee7-6aaf3012bed5: shutdown FollowerState
2019-10-18 14:59:05,049 [main] INFO  segmented.SegmentedRaftLogWorker (SegmentedRaftLogWorker.java:close(224)) - ddd4789c-894d-475a-bbfb-f6e7aa670c92@group-8D4776D8DF84-SegmentedRaftLogWorker close()
2019-10-18 14:59:05,049 [Thread-3365] INFO  impl.FollowerState (FollowerState.java:run(117)) - 6605b8a5-570b-4977-9ee7-6aaf3012bed5@group-58A987F56150-FollowerState was interrupted: java.lang.InterruptedException: sleep interrupted
2019-10-18 14:59:05,049 [ForkJoinPool.commonPool-worker-0] INFO  impl.StateMachineUpdater (StateMachineUpdater.java:stopAndJoin(136)) - 6605b8a5-570b-4977-9ee7-6aaf3012bed5@group-58A987F56150-StateMachineUpdater: set stopIndex = -1
2019-10-18 14:59:05,052 [main] INFO  server.GrpcService (GrpcService.java:closeImpl(164)) - ddd4789c-894d-475a-bbfb-f6e7aa670c92: shutdown server with port 41061 now
2019-10-18 14:59:05,052 [ForkJoinPool.commonPool-worker-0] INFO  impl.RaftServerImpl (ServerState.java:close(388)) - 6605b8a5-570b-4977-9ee7-6aaf3012bed5@group-58A987F56150: closes. applyIndex: -1
2019-10-18 14:59:05,052 [6605b8a5-570b-4977-9ee7-6aaf3012bed5@group-58A987F56150-SegmentedRaftLogWorker] INFO  segmented.SegmentedRaftLogWorker (SegmentedRaftLogWorker.java:run(316)) - 6605b8a5-570b-4977-9ee7-6aaf3012bed5@group-58A987F56150-SegmentedRaftLogWorker was interrupted, exiting. There are 0 tasks remaining in the queue.
2019-10-18 14:59:05,054 [ForkJoinPool.commonPool-worker-0] INFO  segmented.SegmentedRaftLogWorker (SegmentedRaftLogWorker.java:close(224)) - 6605b8a5-570b-4977-9ee7-6aaf3012bed5@group-58A987F56150-SegmentedRaftLogWorker close()
2019-10-18 14:59:05,056 [ForkJoinPool.commonPool-worker-0] INFO  server.GrpcService (GrpcService.java:closeImpl(164)) - 6605b8a5-570b-4977-9ee7-6aaf3012bed5: shutdown server with port 35223 now
2019-10-18 14:59:05,058 [ForkJoinPool.commonPool-worker-0] INFO  server.GrpcService (GrpcService.java:closeImpl(172)) - 6605b8a5-570b-4977-9ee7-6aaf3012bed5: shutdown server with port 35223 successfully
2019-10-18 14:59:05,058 [main] INFO  server.GrpcService (GrpcService.java:closeImpl(172)) - ddd4789c-894d-475a-bbfb-f6e7aa670c92: shutdown server with port 41061 successfully
2019-10-18 14:59:05,064 [refreshUsed-/workdir/hadoop-ozone/integration-test/target/test-dir/MiniOzoneClusterImpl-493b9529-4424-4e81-8ad3-dd8bf339c445/datanode-1/data/containers] WARN  fs.CachingGetSpaceUsed (CachingGetSpaceUsed.java:run(183)) - Thread Interrupted waiting to refresh disk information: sleep interrupted
2019-10-18 14:59:05,064 [refreshUsed-/workdir/hadoop-ozone/integration-test/target/test-dir/MiniOzoneClusterImpl-493b9529-4424-4e81-8ad3-dd8bf339c445/datanode-2/data/containers] WARN  fs.CachingGetSpaceUsed (CachingGetSpaceUsed.java:run(183)) - Thread Interrupted waiting to refresh disk information: sleep interrupted
2019-10-18 14:59:05,079 [Thread-3366] INFO  impl.FollowerState (FollowerState.java:run(108)) - 327657b1-60f8-49f2-b2a3-f63e1f934942@group-58A987F56150-FollowerState: change to CANDIDATE, lastRpcTime:118ms, electionTimeout:118ms
2019-10-18 14:59:05,079 [Thread-3366] INFO  impl.RoleInfo (RoleInfo.java:shutdownFollowerState(121)) - 327657b1-60f8-49f2-b2a3-f63e1f934942: shutdown FollowerState
2019-10-18 14:59:05,079 [Thread-3366] INFO  impl.RaftServerImpl (RaftServerImpl.java:setRole(184)) - 327657b1-60f8-49f2-b2a3-f63e1f934942@group-58A987F56150: changes role from  FOLLOWER to CANDIDATE at term 522 for changeToCandidate
2019-10-18 14:59:05,079 [Thread-3366] INFO  impl.RoleInfo (RoleInfo.java:updateAndGet(143)) - 327657b1-60f8-49f2-b2a3-f63e1f934942: start LeaderElection
2019-10-18 14:59:05,095 [ForkJoinPool.commonPool-worker-0] INFO  utils.BackgroundService (BackgroundService.java:shutdown(151)) - Shutting down service BlockDeletingService
2019-10-18 14:59:05,095 [main] INFO  utils.BackgroundService (BackgroundService.java:shutdown(151)) - Shutting down service BlockDeletingService
2019-10-18 14:59:05,099 [ForkJoinPool.commonPool-worker-0] INFO  statemachine.DatanodeStateMachine (DatanodeStateMachine.java:stopDaemon(395)) - Ozone container server stopped.
2019-10-18 14:59:05,100 [main] INFO  statemachine.DatanodeStateMachine (DatanodeStateMachine.java:stopDaemon(395)) - Ozone container server stopped.
2019-10-18 14:59:05,104 [ForkJoinPool.commonPool-worker-0] INFO  handler.ContextHandler (ContextHandler.java:doStop(910)) - Stopped o.e.j.w.WebAppContext@56cfe111{/,null,UNAVAILABLE}{/hddsDatanode}
2019-10-18 14:59:05,104 [main] INFO  handler.ContextHandler (ContextHandler.java:doStop(910)) - Stopped o.e.j.w.WebAppContext@6192a5d5{/,null,UNAVAILABLE}{/hddsDatanode}
2019-10-18 14:59:05,105 [ForkJoinPool.commonPool-worker-0] INFO  server.AbstractConnector (AbstractConnector.java:doStop(318)) - Stopped ServerConnector@7e446d92{HTTP/1.1,[http/1.1]}{0.0.0.0:0}
2019-10-18 14:59:05,105 [main] INFO  server.AbstractConnector (AbstractConnector.java:doStop(318)) - Stopped ServerConnector@3722c145{HTTP/1.1,[http/1.1]}{0.0.0.0:0}
2019-10-18 14:59:05,105 [ForkJoinPool.commonPool-worker-0] INFO  handler.ContextHandler (ContextHandler.java:doStop(910)) - Stopped o.e.j.s.ServletContextHandler@2da3b078{/static,jar:file:/home/user/.m2/repository/org/apache/hadoop/hadoop-hdds-container-service/0.5.0-SNAPSHOT/hadoop-hdds-container-service-0.5.0-SNAPSHOT.jar!/webapps/static,UNAVAILABLE}
2019-10-18 14:59:05,106 [327657b1-60f8-49f2-b2a3-f63e1f934942@group-58A987F56150-LeaderElection454] INFO  impl.LeaderElection (LeaderElection.java:askForVotes(178)) - 327657b1-60f8-49f2-b2a3-f63e1f934942@group-58A987F56150-LeaderElection454: begin an election at term 523 for -1: [6605b8a5-570b-4977-9ee7-6aaf3012bed5:192.168.164.233:35223, 327657b1-60f8-49f2-b2a3-f63e1f934942:192.168.164.233:41966, ddd4789c-894d-475a-bbfb-f6e7aa670c92:192.168.164.233:41061], old=null
2019-10-18 14:59:05,106 [main] INFO  handler.ContextHandler (ContextHandler.java:doStop(910)) - Stopped o.e.j.s.ServletContextHandler@714f3da4{/static,jar:file:/home/user/.m2/repository/org/apache/hadoop/hadoop-hdds-container-service/0.5.0-SNAPSHOT/hadoop-hdds-container-service-0.5.0-SNAPSHOT.jar!/webapps/static,UNAVAILABLE}
2019-10-18 14:59:05,107 [ForkJoinPool.commonPool-worker-0] INFO  handler.ContextHandler (ContextHandler.java:doStop(910)) - Stopped o.e.j.s.ServletContextHandler@19a64eae{/logs,file:///workdir/hadoop-ozone/integration-test/target/log,UNAVAILABLE}
2019-10-18 14:59:05,107 [main] INFO  handler.ContextHandler (ContextHandler.java:doStop(910)) - Stopped o.e.j.s.ServletContextHandler@37468787{/logs,file:///workdir/hadoop-ozone/integration-test/target/log,UNAVAILABLE}
2019-10-18 14:59:05,121 [327657b1-60f8-49f2-b2a3-f63e1f934942@group-58A987F56150-LeaderElection454] INFO  impl.LeaderElection (LogUtils.java:infoOrTrace(149)) - 327657b1-60f8-49f2-b2a3-f63e1f934942@group-58A987F56150-LeaderElection454 got exception when requesting votes: {}
java.util.concurrent.ExecutionException: org.apache.ratis.thirdparty.io.grpc.StatusRuntimeException: UNAVAILABLE: io exception
	at java.util.concurrent.FutureTask.report(FutureTask.java:122)
	at java.util.concurrent.FutureTask.get(FutureTask.java:192)
	at org.apache.ratis.server.impl.LeaderElection.waitForResults(LeaderElection.java:259)
	at org.apache.ratis.server.impl.LeaderElection.askForVotes(LeaderElection.java:197)
	at org.apache.ratis.server.impl.LeaderElection.run(LeaderElection.java:133)
	at java.lang.Thread.run(Thread.java:748)
Caused by: org.apache.ratis.thirdparty.io.grpc.StatusRuntimeException: UNAVAILABLE: io exception
	at org.apache.ratis.thirdparty.io.grpc.stub.ClientCalls.toStatusRuntimeException(ClientCalls.java:233)
	at org.apache.ratis.thirdparty.io.grpc.stub.ClientCalls.getUnchecked(ClientCalls.java:214)
	at org.apache.ratis.thirdparty.io.grpc.stub.ClientCalls.blockingUnaryCall(ClientCalls.java:139)
	at org.apache.ratis.proto.grpc.RaftServerProtocolServiceGrpc$RaftServerProtocolServiceBlockingStub.requestVote(RaftServerProtocolServiceGrpc.java:265)
	at org.apache.ratis.grpc.server.GrpcServerProtocolClient.requestVote(GrpcServerProtocolClient.java:99)
	at org.apache.ratis.grpc.server.GrpcService.requestVote(GrpcService.java:204)
	at org.apache.ratis.server.impl.LeaderElection.lambda$submitRequests$1(LeaderElection.java:234)
	at java.util.concurrent.FutureTask.run(FutureTask.java:266)
	at java.util.concurrent.Executors$RunnableAdapter.call(Executors.java:511)
	at java.util.concurrent.FutureTask.run(FutureTask.java:266)
	at java.util.concurrent.ThreadPoolExecutor.runWorker(ThreadPoolExecutor.java:1149)
	at java.util.concurrent.ThreadPoolExecutor$Worker.run(ThreadPoolExecutor.java:624)
	... 1 more
Caused by: org.apache.ratis.thirdparty.io.netty.channel.AbstractChannel$AnnotatedConnectException: Connection refused: /192.168.164.233:35223
	at sun.nio.ch.SocketChannelImpl.checkConnect(Native Method)
	at sun.nio.ch.SocketChannelImpl.finishConnect(SocketChannelImpl.java:717)
	at org.apache.ratis.thirdparty.io.netty.channel.socket.nio.NioSocketChannel.doFinishConnect(NioSocketChannel.java:327)
	at org.apache.ratis.thirdparty.io.netty.channel.nio.AbstractNioChannel$AbstractNioUnsafe.finishConnect(AbstractNioChannel.java:340)
	at org.apache.ratis.thirdparty.io.netty.channel.nio.NioEventLoop.processSelectedKey(NioEventLoop.java:632)
	at org.apache.ratis.thirdparty.io.netty.channel.nio.NioEventLoop.processSelectedKeysOptimized(NioEventLoop.java:579)
	at org.apache.ratis.thirdparty.io.netty.channel.nio.NioEventLoop.processSelectedKeys(NioEventLoop.java:496)
	at org.apache.ratis.thirdparty.io.netty.channel.nio.NioEventLoop.run(NioEventLoop.java:458)
	at org.apache.ratis.thirdparty.io.netty.util.concurrent.SingleThreadEventExecutor$5.run(SingleThreadEventExecutor.java:897)
	at org.apache.ratis.thirdparty.io.netty.util.concurrent.FastThreadLocalRunnable.run(FastThreadLocalRunnable.java:30)
	... 1 more
Caused by: java.net.ConnectException: Connection refused
	... 11 more
2019-10-18 14:59:05,125 [327657b1-60f8-49f2-b2a3-f63e1f934942@group-58A987F56150-LeaderElection454] INFO  impl.LeaderElection (LogUtils.java:infoOrTrace(149)) - 327657b1-60f8-49f2-b2a3-f63e1f934942@group-58A987F56150-LeaderElection454 got exception when requesting votes: {}
java.util.concurrent.ExecutionException: org.apache.ratis.thirdparty.io.grpc.StatusRuntimeException: UNAVAILABLE: io exception
	at java.util.concurrent.FutureTask.report(FutureTask.java:122)
	at java.util.concurrent.FutureTask.get(FutureTask.java:192)
	at org.apache.ratis.server.impl.LeaderElection.waitForResults(LeaderElection.java:259)
	at org.apache.ratis.server.impl.LeaderElection.askForVotes(LeaderElection.java:197)
	at org.apache.ratis.server.impl.LeaderElection.run(LeaderElection.java:133)
	at java.lang.Thread.run(Thread.java:748)
Caused by: org.apache.ratis.thirdparty.io.grpc.StatusRuntimeException: UNAVAILABLE: io exception
	at org.apache.ratis.thirdparty.io.grpc.stub.ClientCalls.toStatusRuntimeException(ClientCalls.java:233)
	at org.apache.ratis.thirdparty.io.grpc.stub.ClientCalls.getUnchecked(ClientCalls.java:214)
	at org.apache.ratis.thirdparty.io.grpc.stub.ClientCalls.blockingUnaryCall(ClientCalls.java:139)
	at org.apache.ratis.proto.grpc.RaftServerProtocolServiceGrpc$RaftServerProtocolServiceBlockingStub.requestVote(RaftServerProtocolServiceGrpc.java:265)
	at org.apache.ratis.grpc.server.GrpcServerProtocolClient.requestVote(GrpcServerProtocolClient.java:99)
	at org.apache.ratis.grpc.server.GrpcService.requestVote(GrpcService.java:204)
	at org.apache.ratis.server.impl.LeaderElection.lambda$submitRequests$1(LeaderElection.java:234)
	at java.util.concurrent.FutureTask.run(FutureTask.java:266)
	at java.util.concurrent.Executors$RunnableAdapter.call(Executors.java:511)
	at java.util.concurrent.FutureTask.run(FutureTask.java:266)
	at java.util.concurrent.ThreadPoolExecutor.runWorker(ThreadPoolExecutor.java:1149)
	at java.util.concurrent.ThreadPoolExecutor$Worker.run(ThreadPoolExecutor.java:624)
	... 1 more
Caused by: org.apache.ratis.thirdparty.io.netty.channel.AbstractChannel$AnnotatedConnectException: Connection refused: /192.168.164.233:41061
	at sun.nio.ch.SocketChannelImpl.checkConnect(Native Method)
	at sun.nio.ch.SocketChannelImpl.finishConnect(SocketChannelImpl.java:717)
	at org.apache.ratis.thirdparty.io.netty.channel.socket.nio.NioSocketChannel.doFinishConnect(NioSocketChannel.java:327)
	at org.apache.ratis.thirdparty.io.netty.channel.nio.AbstractNioChannel$AbstractNioUnsafe.finishConnect(AbstractNioChannel.java:340)
	at org.apache.ratis.thirdparty.io.netty.channel.nio.NioEventLoop.processSelectedKey(NioEventLoop.java:632)
	at org.apache.ratis.thirdparty.io.netty.channel.nio.NioEventLoop.processSelectedKeysOptimized(NioEventLoop.java:579)
	at org.apache.ratis.thirdparty.io.netty.channel.nio.NioEventLoop.processSelectedKeys(NioEventLoop.java:496)
	at org.apache.ratis.thirdparty.io.netty.channel.nio.NioEventLoop.run(NioEventLoop.java:458)
	at org.apache.ratis.thirdparty.io.netty.util.concurrent.SingleThreadEventExecutor$5.run(SingleThreadEventExecutor.java:897)
	at org.apache.ratis.thirdparty.io.netty.util.concurrent.FastThreadLocalRunnable.run(FastThreadLocalRunnable.java:30)
	... 1 more
Caused by: java.net.ConnectException: Connection refused
	... 11 more
2019-10-18 14:59:05,127 [327657b1-60f8-49f2-b2a3-f63e1f934942@group-58A987F56150-LeaderElection454] INFO  impl.LeaderElection (LeaderElection.java:logAndReturn(56)) - 327657b1-60f8-49f2-b2a3-f63e1f934942@group-58A987F56150-LeaderElection454: Election REJECTED; received 0 response(s) [] and 2 exception(s); 327657b1-60f8-49f2-b2a3-f63e1f934942@group-58A987F56150:t523, leader=null, voted=327657b1-60f8-49f2-b2a3-f63e1f934942, raftlog=327657b1-60f8-49f2-b2a3-f63e1f934942@group-58A987F56150-SegmentedRaftLog:OPENED:c-1,f-1,i0, conf=-1: [6605b8a5-570b-4977-9ee7-6aaf3012bed5:192.168.164.233:35223, 327657b1-60f8-49f2-b2a3-f63e1f934942:192.168.164.233:41966, ddd4789c-894d-475a-bbfb-f6e7aa670c92:192.168.164.233:41061], old=null
2019-10-18 14:59:05,127 [327657b1-60f8-49f2-b2a3-f63e1f934942@group-58A987F56150-LeaderElection454] INFO  impl.LeaderElection (LogUtils.java:infoOrTrace(149)) -   Exception 0: {}
java.util.concurrent.ExecutionException: org.apache.ratis.thirdparty.io.grpc.StatusRuntimeException: UNAVAILABLE: io exception
	at java.util.concurrent.FutureTask.report(FutureTask.java:122)
	at java.util.concurrent.FutureTask.get(FutureTask.java:192)
	at org.apache.ratis.server.impl.LeaderElection.waitForResults(LeaderElection.java:259)
	at org.apache.ratis.server.impl.LeaderElection.askForVotes(LeaderElection.java:197)
	at org.apache.ratis.server.impl.LeaderElection.run(LeaderElection.java:133)
	at java.lang.Thread.run(Thread.java:748)
Caused by: org.apache.ratis.thirdparty.io.grpc.StatusRuntimeException: UNAVAILABLE: io exception
	at org.apache.ratis.thirdparty.io.grpc.stub.ClientCalls.toStatusRuntimeException(ClientCalls.java:233)
	at org.apache.ratis.thirdparty.io.grpc.stub.ClientCalls.getUnchecked(ClientCalls.java:214)
	at org.apache.ratis.thirdparty.io.grpc.stub.ClientCalls.blockingUnaryCall(ClientCalls.java:139)
	at org.apache.ratis.proto.grpc.RaftServerProtocolServiceGrpc$RaftServerProtocolServiceBlockingStub.requestVote(RaftServerProtocolServiceGrpc.java:265)
	at org.apache.ratis.grpc.server.GrpcServerProtocolClient.requestVote(GrpcServerProtocolClient.java:99)
	at org.apache.ratis.grpc.server.GrpcService.requestVote(GrpcService.java:204)
	at org.apache.ratis.server.impl.LeaderElection.lambda$submitRequests$1(LeaderElection.java:234)
	at java.util.concurrent.FutureTask.run(FutureTask.java:266)
	at java.util.concurrent.Executors$RunnableAdapter.call(Executors.java:511)
	at java.util.concurrent.FutureTask.run(FutureTask.java:266)
	at java.util.concurrent.ThreadPoolExecutor.runWorker(ThreadPoolExecutor.java:1149)
	at java.util.concurrent.ThreadPoolExecutor$Worker.run(ThreadPoolExecutor.java:624)
	... 1 more
Caused by: org.apache.ratis.thirdparty.io.netty.channel.AbstractChannel$AnnotatedConnectException: Connection refused: /192.168.164.233:35223
	at sun.nio.ch.SocketChannelImpl.checkConnect(Native Method)
	at sun.nio.ch.SocketChannelImpl.finishConnect(SocketChannelImpl.java:717)
	at org.apache.ratis.thirdparty.io.netty.channel.socket.nio.NioSocketChannel.doFinishConnect(NioSocketChannel.java:327)
	at org.apache.ratis.thirdparty.io.netty.channel.nio.AbstractNioChannel$AbstractNioUnsafe.finishConnect(AbstractNioChannel.java:340)
	at org.apache.ratis.thirdparty.io.netty.channel.nio.NioEventLoop.processSelectedKey(NioEventLoop.java:632)
	at org.apache.ratis.thirdparty.io.netty.channel.nio.NioEventLoop.processSelectedKeysOptimized(NioEventLoop.java:579)
	at org.apache.ratis.thirdparty.io.netty.channel.nio.NioEventLoop.processSelectedKeys(NioEventLoop.java:496)
	at org.apache.ratis.thirdparty.io.netty.channel.nio.NioEventLoop.run(NioEventLoop.java:458)
	at org.apache.ratis.thirdparty.io.netty.util.concurrent.SingleThreadEventExecutor$5.run(SingleThreadEventExecutor.java:897)
	at org.apache.ratis.thirdparty.io.netty.util.concurrent.FastThreadLocalRunnable.run(FastThreadLocalRunnable.java:30)
	... 1 more
Caused by: java.net.ConnectException: Connection refused
	... 11 more
2019-10-18 14:59:05,128 [327657b1-60f8-49f2-b2a3-f63e1f934942@group-58A987F56150-LeaderElection454] INFO  impl.LeaderElection (LogUtils.java:infoOrTrace(149)) -   Exception 1: {}
java.util.concurrent.ExecutionException: org.apache.ratis.thirdparty.io.grpc.StatusRuntimeException: UNAVAILABLE: io exception
	at java.util.concurrent.FutureTask.report(FutureTask.java:122)
	at java.util.concurrent.FutureTask.get(FutureTask.java:192)
	at org.apache.ratis.server.impl.LeaderElection.waitForResults(LeaderElection.java:259)
	at org.apache.ratis.server.impl.LeaderElection.askForVotes(LeaderElection.java:197)
	at org.apache.ratis.server.impl.LeaderElection.run(LeaderElection.java:133)
	at java.lang.Thread.run(Thread.java:748)
Caused by: org.apache.ratis.thirdparty.io.grpc.StatusRuntimeException: UNAVAILABLE: io exception
	at org.apache.ratis.thirdparty.io.grpc.stub.ClientCalls.toStatusRuntimeException(ClientCalls.java:233)
	at org.apache.ratis.thirdparty.io.grpc.stub.ClientCalls.getUnchecked(ClientCalls.java:214)
	at org.apache.ratis.thirdparty.io.grpc.stub.ClientCalls.blockingUnaryCall(ClientCalls.java:139)
	at org.apache.ratis.proto.grpc.RaftServerProtocolServiceGrpc$RaftServerProtocolServiceBlockingStub.requestVote(RaftServerProtocolServiceGrpc.java:265)
	at org.apache.ratis.grpc.server.GrpcServerProtocolClient.requestVote(GrpcServerProtocolClient.java:99)
	at org.apache.ratis.grpc.server.GrpcService.requestVote(GrpcService.java:204)
	at org.apache.ratis.server.impl.LeaderElection.lambda$submitRequests$1(LeaderElection.java:234)
	at java.util.concurrent.FutureTask.run(FutureTask.java:266)
	at java.util.concurrent.Executors$RunnableAdapter.call(Executors.java:511)
	at java.util.concurrent.FutureTask.run(FutureTask.java:266)
	at java.util.concurrent.ThreadPoolExecutor.runWorker(ThreadPoolExecutor.java:1149)
	at java.util.concurrent.ThreadPoolExecutor$Worker.run(ThreadPoolExecutor.java:624)
	... 1 more
Caused by: org.apache.ratis.thirdparty.io.netty.channel.AbstractChannel$AnnotatedConnectException: Connection refused: /192.168.164.233:41061
	at sun.nio.ch.SocketChannelImpl.checkConnect(Native Method)
	at sun.nio.ch.SocketChannelImpl.finishConnect(SocketChannelImpl.java:717)
	at org.apache.ratis.thirdparty.io.netty.channel.socket.nio.NioSocketChannel.doFinishConnect(NioSocketChannel.java:327)
	at org.apache.ratis.thirdparty.io.netty.channel.nio.AbstractNioChannel$AbstractNioUnsafe.finishConnect(AbstractNioChannel.java:340)
	at org.apache.ratis.thirdparty.io.netty.channel.nio.NioEventLoop.processSelectedKey(NioEventLoop.java:632)
	at org.apache.ratis.thirdparty.io.netty.channel.nio.NioEventLoop.processSelectedKeysOptimized(NioEventLoop.java:579)
	at org.apache.ratis.thirdparty.io.netty.channel.nio.NioEventLoop.processSelectedKeys(NioEventLoop.java:496)
	at org.apache.ratis.thirdparty.io.netty.channel.nio.NioEventLoop.run(NioEventLoop.java:458)
	at org.apache.ratis.thirdparty.io.netty.util.concurrent.SingleThreadEventExecutor$5.run(SingleThreadEventExecutor.java:897)
	at org.apache.ratis.thirdparty.io.netty.util.concurrent.FastThreadLocalRunnable.run(FastThreadLocalRunnable.java:30)
	... 1 more
Caused by: java.net.ConnectException: Connection refused
	... 11 more
2019-10-18 14:59:05,129 [327657b1-60f8-49f2-b2a3-f63e1f934942@group-58A987F56150-LeaderElection454] INFO  impl.RaftServerImpl (RaftServerImpl.java:setRole(184)) - 327657b1-60f8-49f2-b2a3-f63e1f934942@group-58A987F56150: changes role from CANDIDATE to FOLLOWER at term 523 for DISCOVERED_A_NEW_TERM
2019-10-18 14:59:05,129 [327657b1-60f8-49f2-b2a3-f63e1f934942@group-58A987F56150-LeaderElection454] INFO  impl.RoleInfo (RoleInfo.java:shutdownLeaderElection(134)) - 327657b1-60f8-49f2-b2a3-f63e1f934942: shutdown LeaderElection
2019-10-18 14:59:05,129 [327657b1-60f8-49f2-b2a3-f63e1f934942@group-58A987F56150-LeaderElection454] INFO  impl.RoleInfo (RoleInfo.java:updateAndGet(143)) - 327657b1-60f8-49f2-b2a3-f63e1f934942: start FollowerState
2019-10-18 14:59:05,236 [Thread-3370] INFO  impl.FollowerState (FollowerState.java:run(108)) - 327657b1-60f8-49f2-b2a3-f63e1f934942@group-58A987F56150-FollowerState: change to CANDIDATE, lastRpcTime:107ms, electionTimeout:107ms
2019-10-18 14:59:05,236 [Thread-3370] INFO  impl.RoleInfo (RoleInfo.java:shutdownFollowerState(121)) - 327657b1-60f8-49f2-b2a3-f63e1f934942: shutdown FollowerState
2019-10-18 14:59:05,236 [Thread-3370] INFO  impl.RaftServerImpl (RaftServerImpl.java:setRole(184)) - 327657b1-60f8-49f2-b2a3-f63e1f934942@group-58A987F56150: changes role from  FOLLOWER to CANDIDATE at term 523 for changeToCandidate
2019-10-18 14:59:05,236 [Thread-3370] INFO  impl.RoleInfo (RoleInfo.java:updateAndGet(143)) - 327657b1-60f8-49f2-b2a3-f63e1f934942: start LeaderElection
2019-10-18 14:59:05,262 [327657b1-60f8-49f2-b2a3-f63e1f934942@group-58A987F56150-LeaderElection455] INFO  impl.LeaderElection (LeaderElection.java:askForVotes(178)) - 327657b1-60f8-49f2-b2a3-f63e1f934942@group-58A987F56150-LeaderElection455: begin an election at term 524 for -1: [6605b8a5-570b-4977-9ee7-6aaf3012bed5:192.168.164.233:35223, 327657b1-60f8-49f2-b2a3-f63e1f934942:192.168.164.233:41966, ddd4789c-894d-475a-bbfb-f6e7aa670c92:192.168.164.233:41061], old=null
2019-10-18 14:59:05,262 [327657b1-60f8-49f2-b2a3-f63e1f934942@group-58A987F56150-LeaderElection455] INFO  impl.LeaderElection (LogUtils.java:infoOrTrace(149)) - 327657b1-60f8-49f2-b2a3-f63e1f934942@group-58A987F56150-LeaderElection455 got exception when requesting votes: {}
java.util.concurrent.ExecutionException: org.apache.ratis.thirdparty.io.grpc.StatusRuntimeException: UNAVAILABLE: io exception
	at java.util.concurrent.FutureTask.report(FutureTask.java:122)
	at java.util.concurrent.FutureTask.get(FutureTask.java:192)
	at org.apache.ratis.server.impl.LeaderElection.waitForResults(LeaderElection.java:259)
	at org.apache.ratis.server.impl.LeaderElection.askForVotes(LeaderElection.java:197)
	at org.apache.ratis.server.impl.LeaderElection.run(LeaderElection.java:133)
	at java.lang.Thread.run(Thread.java:748)
Caused by: org.apache.ratis.thirdparty.io.grpc.StatusRuntimeException: UNAVAILABLE: io exception
	at org.apache.ratis.thirdparty.io.grpc.stub.ClientCalls.toStatusRuntimeException(ClientCalls.java:233)
	at org.apache.ratis.thirdparty.io.grpc.stub.ClientCalls.getUnchecked(ClientCalls.java:214)
	at org.apache.ratis.thirdparty.io.grpc.stub.ClientCalls.blockingUnaryCall(ClientCalls.java:139)
	at org.apache.ratis.proto.grpc.RaftServerProtocolServiceGrpc$RaftServerProtocolServiceBlockingStub.requestVote(RaftServerProtocolServiceGrpc.java:265)
	at org.apache.ratis.grpc.server.GrpcServerProtocolClient.requestVote(GrpcServerProtocolClient.java:99)
	at org.apache.ratis.grpc.server.GrpcService.requestVote(GrpcService.java:204)
	at org.apache.ratis.server.impl.LeaderElection.lambda$submitRequests$1(LeaderElection.java:234)
	at java.util.concurrent.FutureTask.run(FutureTask.java:266)
	at java.util.concurrent.Executors$RunnableAdapter.call(Executors.java:511)
	at java.util.concurrent.FutureTask.run(FutureTask.java:266)
	at java.util.concurrent.ThreadPoolExecutor.runWorker(ThreadPoolExecutor.java:1149)
	at java.util.concurrent.ThreadPoolExecutor$Worker.run(ThreadPoolExecutor.java:624)
	... 1 more
Caused by: org.apache.ratis.thirdparty.io.netty.channel.AbstractChannel$AnnotatedConnectException: Connection refused: /192.168.164.233:35223
	at sun.nio.ch.SocketChannelImpl.checkConnect(Native Method)
	at sun.nio.ch.SocketChannelImpl.finishConnect(SocketChannelImpl.java:717)
	at org.apache.ratis.thirdparty.io.netty.channel.socket.nio.NioSocketChannel.doFinishConnect(NioSocketChannel.java:327)
	at org.apache.ratis.thirdparty.io.netty.channel.nio.AbstractNioChannel$AbstractNioUnsafe.finishConnect(AbstractNioChannel.java:340)
	at org.apache.ratis.thirdparty.io.netty.channel.nio.NioEventLoop.processSelectedKey(NioEventLoop.java:632)
	at org.apache.ratis.thirdparty.io.netty.channel.nio.NioEventLoop.processSelectedKeysOptimized(NioEventLoop.java:579)
	at org.apache.ratis.thirdparty.io.netty.channel.nio.NioEventLoop.processSelectedKeys(NioEventLoop.java:496)
	at org.apache.ratis.thirdparty.io.netty.channel.nio.NioEventLoop.run(NioEventLoop.java:458)
	at org.apache.ratis.thirdparty.io.netty.util.concurrent.SingleThreadEventExecutor$5.run(SingleThreadEventExecutor.java:897)
	at org.apache.ratis.thirdparty.io.netty.util.concurrent.FastThreadLocalRunnable.run(FastThreadLocalRunnable.java:30)
	... 1 more
Caused by: java.net.ConnectException: Connection refused
	... 11 more
2019-10-18 14:59:05,264 [327657b1-60f8-49f2-b2a3-f63e1f934942@group-58A987F56150-LeaderElection455] INFO  impl.LeaderElection (LogUtils.java:infoOrTrace(149)) - 327657b1-60f8-49f2-b2a3-f63e1f934942@group-58A987F56150-LeaderElection455 got exception when requesting votes: {}
java.util.concurrent.ExecutionException: org.apache.ratis.thirdparty.io.grpc.StatusRuntimeException: UNAVAILABLE: io exception
	at java.util.concurrent.FutureTask.report(FutureTask.java:122)
	at java.util.concurrent.FutureTask.get(FutureTask.java:192)
	at org.apache.ratis.server.impl.LeaderElection.waitForResults(LeaderElection.java:259)
	at org.apache.ratis.server.impl.LeaderElection.askForVotes(LeaderElection.java:197)
	at org.apache.ratis.server.impl.LeaderElection.run(LeaderElection.java:133)
	at java.lang.Thread.run(Thread.java:748)
Caused by: org.apache.ratis.thirdparty.io.grpc.StatusRuntimeException: UNAVAILABLE: io exception
	at org.apache.ratis.thirdparty.io.grpc.stub.ClientCalls.toStatusRuntimeException(ClientCalls.java:233)
	at org.apache.ratis.thirdparty.io.grpc.stub.ClientCalls.getUnchecked(ClientCalls.java:214)
	at org.apache.ratis.thirdparty.io.grpc.stub.ClientCalls.blockingUnaryCall(ClientCalls.java:139)
	at org.apache.ratis.proto.grpc.RaftServerProtocolServiceGrpc$RaftServerProtocolServiceBlockingStub.requestVote(RaftServerProtocolServiceGrpc.java:265)
	at org.apache.ratis.grpc.server.GrpcServerProtocolClient.requestVote(GrpcServerProtocolClient.java:99)
	at org.apache.ratis.grpc.server.GrpcService.requestVote(GrpcService.java:204)
	at org.apache.ratis.server.impl.LeaderElection.lambda$submitRequests$1(LeaderElection.java:234)
	at java.util.concurrent.FutureTask.run(FutureTask.java:266)
	at java.util.concurrent.Executors$RunnableAdapter.call(Executors.java:511)
	at java.util.concurrent.FutureTask.run(FutureTask.java:266)
	at java.util.concurrent.ThreadPoolExecutor.runWorker(ThreadPoolExecutor.java:1149)
	at java.util.concurrent.ThreadPoolExecutor$Worker.run(ThreadPoolExecutor.java:624)
	... 1 more
Caused by: org.apache.ratis.thirdparty.io.netty.channel.AbstractChannel$AnnotatedConnectException: Connection refused: /192.168.164.233:41061
	at sun.nio.ch.SocketChannelImpl.checkConnect(Native Method)
	at sun.nio.ch.SocketChannelImpl.finishConnect(SocketChannelImpl.java:717)
	at org.apache.ratis.thirdparty.io.netty.channel.socket.nio.NioSocketChannel.doFinishConnect(NioSocketChannel.java:327)
	at org.apache.ratis.thirdparty.io.netty.channel.nio.AbstractNioChannel$AbstractNioUnsafe.finishConnect(AbstractNioChannel.java:340)
	at org.apache.ratis.thirdparty.io.netty.channel.nio.NioEventLoop.processSelectedKey(NioEventLoop.java:632)
	at org.apache.ratis.thirdparty.io.netty.channel.nio.NioEventLoop.processSelectedKeysOptimized(NioEventLoop.java:579)
	at org.apache.ratis.thirdparty.io.netty.channel.nio.NioEventLoop.processSelectedKeys(NioEventLoop.java:496)
	at org.apache.ratis.thirdparty.io.netty.channel.nio.NioEventLoop.run(NioEventLoop.java:458)
	at org.apache.ratis.thirdparty.io.netty.util.concurrent.SingleThreadEventExecutor$5.run(SingleThreadEventExecutor.java:897)
	at org.apache.ratis.thirdparty.io.netty.util.concurrent.FastThreadLocalRunnable.run(FastThreadLocalRunnable.java:30)
	... 1 more
Caused by: java.net.ConnectException: Connection refused
	... 11 more
2019-10-18 14:59:05,266 [327657b1-60f8-49f2-b2a3-f63e1f934942@group-58A987F56150-LeaderElection455] INFO  impl.LeaderElection (LeaderElection.java:logAndReturn(56)) - 327657b1-60f8-49f2-b2a3-f63e1f934942@group-58A987F56150-LeaderElection455: Election REJECTED; received 0 response(s) [] and 2 exception(s); 327657b1-60f8-49f2-b2a3-f63e1f934942@group-58A987F56150:t524, leader=null, voted=327657b1-60f8-49f2-b2a3-f63e1f934942, raftlog=327657b1-60f8-49f2-b2a3-f63e1f934942@group-58A987F56150-SegmentedRaftLog:OPENED:c-1,f-1,i0, conf=-1: [6605b8a5-570b-4977-9ee7-6aaf3012bed5:192.168.164.233:35223, 327657b1-60f8-49f2-b2a3-f63e1f934942:192.168.164.233:41966, ddd4789c-894d-475a-bbfb-f6e7aa670c92:192.168.164.233:41061], old=null
2019-10-18 14:59:05,266 [327657b1-60f8-49f2-b2a3-f63e1f934942@group-58A987F56150-LeaderElection455] INFO  impl.LeaderElection (LogUtils.java:infoOrTrace(149)) -   Exception 0: {}
java.util.concurrent.ExecutionException: org.apache.ratis.thirdparty.io.grpc.StatusRuntimeException: UNAVAILABLE: io exception
	at java.util.concurrent.FutureTask.report(FutureTask.java:122)
	at java.util.concurrent.FutureTask.get(FutureTask.java:192)
	at org.apache.ratis.server.impl.LeaderElection.waitForResults(LeaderElection.java:259)
	at org.apache.ratis.server.impl.LeaderElection.askForVotes(LeaderElection.java:197)
	at org.apache.ratis.server.impl.LeaderElection.run(LeaderElection.java:133)
	at java.lang.Thread.run(Thread.java:748)
Caused by: org.apache.ratis.thirdparty.io.grpc.StatusRuntimeException: UNAVAILABLE: io exception
	at org.apache.ratis.thirdparty.io.grpc.stub.ClientCalls.toStatusRuntimeException(ClientCalls.java:233)
	at org.apache.ratis.thirdparty.io.grpc.stub.ClientCalls.getUnchecked(ClientCalls.java:214)
	at org.apache.ratis.thirdparty.io.grpc.stub.ClientCalls.blockingUnaryCall(ClientCalls.java:139)
	at org.apache.ratis.proto.grpc.RaftServerProtocolServiceGrpc$RaftServerProtocolServiceBlockingStub.requestVote(RaftServerProtocolServiceGrpc.java:265)
	at org.apache.ratis.grpc.server.GrpcServerProtocolClient.requestVote(GrpcServerProtocolClient.java:99)
	at org.apache.ratis.grpc.server.GrpcService.requestVote(GrpcService.java:204)
	at org.apache.ratis.server.impl.LeaderElection.lambda$submitRequests$1(LeaderElection.java:234)
	at java.util.concurrent.FutureTask.run(FutureTask.java:266)
	at java.util.concurrent.Executors$RunnableAdapter.call(Executors.java:511)
	at java.util.concurrent.FutureTask.run(FutureTask.java:266)
	at java.util.concurrent.ThreadPoolExecutor.runWorker(ThreadPoolExecutor.java:1149)
	at java.util.concurrent.ThreadPoolExecutor$Worker.run(ThreadPoolExecutor.java:624)
	... 1 more
Caused by: org.apache.ratis.thirdparty.io.netty.channel.AbstractChannel$AnnotatedConnectException: Connection refused: /192.168.164.233:35223
	at sun.nio.ch.SocketChannelImpl.checkConnect(Native Method)
	at sun.nio.ch.SocketChannelImpl.finishConnect(SocketChannelImpl.java:717)
	at org.apache.ratis.thirdparty.io.netty.channel.socket.nio.NioSocketChannel.doFinishConnect(NioSocketChannel.java:327)
	at org.apache.ratis.thirdparty.io.netty.channel.nio.AbstractNioChannel$AbstractNioUnsafe.finishConnect(AbstractNioChannel.java:340)
	at org.apache.ratis.thirdparty.io.netty.channel.nio.NioEventLoop.processSelectedKey(NioEventLoop.java:632)
	at org.apache.ratis.thirdparty.io.netty.channel.nio.NioEventLoop.processSelectedKeysOptimized(NioEventLoop.java:579)
	at org.apache.ratis.thirdparty.io.netty.channel.nio.NioEventLoop.processSelectedKeys(NioEventLoop.java:496)
	at org.apache.ratis.thirdparty.io.netty.channel.nio.NioEventLoop.run(NioEventLoop.java:458)
	at org.apache.ratis.thirdparty.io.netty.util.concurrent.SingleThreadEventExecutor$5.run(SingleThreadEventExecutor.java:897)
	at org.apache.ratis.thirdparty.io.netty.util.concurrent.FastThreadLocalRunnable.run(FastThreadLocalRunnable.java:30)
	... 1 more
Caused by: java.net.ConnectException: Connection refused
	... 11 more
2019-10-18 14:59:05,267 [327657b1-60f8-49f2-b2a3-f63e1f934942@group-58A987F56150-LeaderElection455] INFO  impl.LeaderElection (LogUtils.java:infoOrTrace(149)) -   Exception 1: {}
java.util.concurrent.ExecutionException: org.apache.ratis.thirdparty.io.grpc.StatusRuntimeException: UNAVAILABLE: io exception
	at java.util.concurrent.FutureTask.report(FutureTask.java:122)
	at java.util.concurrent.FutureTask.get(FutureTask.java:192)
	at org.apache.ratis.server.impl.LeaderElection.waitForResults(LeaderElection.java:259)
	at org.apache.ratis.server.impl.LeaderElection.askForVotes(LeaderElection.java:197)
	at org.apache.ratis.server.impl.LeaderElection.run(LeaderElection.java:133)
	at java.lang.Thread.run(Thread.java:748)
Caused by: org.apache.ratis.thirdparty.io.grpc.StatusRuntimeException: UNAVAILABLE: io exception
	at org.apache.ratis.thirdparty.io.grpc.stub.ClientCalls.toStatusRuntimeException(ClientCalls.java:233)
	at org.apache.ratis.thirdparty.io.grpc.stub.ClientCalls.getUnchecked(ClientCalls.java:214)
	at org.apache.ratis.thirdparty.io.grpc.stub.ClientCalls.blockingUnaryCall(ClientCalls.java:139)
	at org.apache.ratis.proto.grpc.RaftServerProtocolServiceGrpc$RaftServerProtocolServiceBlockingStub.requestVote(RaftServerProtocolServiceGrpc.java:265)
	at org.apache.ratis.grpc.server.GrpcServerProtocolClient.requestVote(GrpcServerProtocolClient.java:99)
	at org.apache.ratis.grpc.server.GrpcService.requestVote(GrpcService.java:204)
	at org.apache.ratis.server.impl.LeaderElection.lambda$submitRequests$1(LeaderElection.java:234)
	at java.util.concurrent.FutureTask.run(FutureTask.java:266)
	at java.util.concurrent.Executors$RunnableAdapter.call(Executors.java:511)
	at java.util.concurrent.FutureTask.run(FutureTask.java:266)
	at java.util.concurrent.ThreadPoolExecutor.runWorker(ThreadPoolExecutor.java:1149)
	at java.util.concurrent.ThreadPoolExecutor$Worker.run(ThreadPoolExecutor.java:624)
	... 1 more
Caused by: org.apache.ratis.thirdparty.io.netty.channel.AbstractChannel$AnnotatedConnectException: Connection refused: /192.168.164.233:41061
	at sun.nio.ch.SocketChannelImpl.checkConnect(Native Method)
	at sun.nio.ch.SocketChannelImpl.finishConnect(SocketChannelImpl.java:717)
	at org.apache.ratis.thirdparty.io.netty.channel.socket.nio.NioSocketChannel.doFinishConnect(NioSocketChannel.java:327)
	at org.apache.ratis.thirdparty.io.netty.channel.nio.AbstractNioChannel$AbstractNioUnsafe.finishConnect(AbstractNioChannel.java:340)
	at org.apache.ratis.thirdparty.io.netty.channel.nio.NioEventLoop.processSelectedKey(NioEventLoop.java:632)
	at org.apache.ratis.thirdparty.io.netty.channel.nio.NioEventLoop.processSelectedKeysOptimized(NioEventLoop.java:579)
	at org.apache.ratis.thirdparty.io.netty.channel.nio.NioEventLoop.processSelectedKeys(NioEventLoop.java:496)
	at org.apache.ratis.thirdparty.io.netty.channel.nio.NioEventLoop.run(NioEventLoop.java:458)
	at org.apache.ratis.thirdparty.io.netty.util.concurrent.SingleThreadEventExecutor$5.run(SingleThreadEventExecutor.java:897)
	at org.apache.ratis.thirdparty.io.netty.util.concurrent.FastThreadLocalRunnable.run(FastThreadLocalRunnable.java:30)
	... 1 more
Caused by: java.net.ConnectException: Connection refused
	... 11 more
2019-10-18 14:59:05,268 [327657b1-60f8-49f2-b2a3-f63e1f934942@group-58A987F56150-LeaderElection455] INFO  impl.RaftServerImpl (RaftServerImpl.java:setRole(184)) - 327657b1-60f8-49f2-b2a3-f63e1f934942@group-58A987F56150: changes role from CANDIDATE to FOLLOWER at term 524 for DISCOVERED_A_NEW_TERM
2019-10-18 14:59:05,268 [327657b1-60f8-49f2-b2a3-f63e1f934942@group-58A987F56150-LeaderElection455] INFO  impl.RoleInfo (RoleInfo.java:shutdownLeaderElection(134)) - 327657b1-60f8-49f2-b2a3-f63e1f934942: shutdown LeaderElection
2019-10-18 14:59:05,268 [327657b1-60f8-49f2-b2a3-f63e1f934942@group-58A987F56150-LeaderElection455] INFO  impl.RoleInfo (RoleInfo.java:updateAndGet(143)) - 327657b1-60f8-49f2-b2a3-f63e1f934942: start FollowerState
2019-10-18 14:59:05,411 [Thread-3374] INFO  impl.FollowerState (FollowerState.java:run(108)) - 327657b1-60f8-49f2-b2a3-f63e1f934942@group-58A987F56150-FollowerState: change to CANDIDATE, lastRpcTime:142ms, electionTimeout:142ms
2019-10-18 14:59:05,411 [Thread-3374] INFO  impl.RoleInfo (RoleInfo.java:shutdownFollowerState(121)) - 327657b1-60f8-49f2-b2a3-f63e1f934942: shutdown FollowerState
2019-10-18 14:59:05,411 [Thread-3374] INFO  impl.RaftServerImpl (RaftServerImpl.java:setRole(184)) - 327657b1-60f8-49f2-b2a3-f63e1f934942@group-58A987F56150: changes role from  FOLLOWER to CANDIDATE at term 524 for changeToCandidate
2019-10-18 14:59:05,411 [Thread-3374] INFO  impl.RoleInfo (RoleInfo.java:updateAndGet(143)) - 327657b1-60f8-49f2-b2a3-f63e1f934942: start LeaderElection
2019-10-18 14:59:05,442 [327657b1-60f8-49f2-b2a3-f63e1f934942@group-58A987F56150-LeaderElection456] INFO  impl.LeaderElection (LeaderElection.java:askForVotes(178)) - 327657b1-60f8-49f2-b2a3-f63e1f934942@group-58A987F56150-LeaderElection456: begin an election at term 525 for -1: [6605b8a5-570b-4977-9ee7-6aaf3012bed5:192.168.164.233:35223, 327657b1-60f8-49f2-b2a3-f63e1f934942:192.168.164.233:41966, ddd4789c-894d-475a-bbfb-f6e7aa670c92:192.168.164.233:41061], old=null
2019-10-18 14:59:05,443 [327657b1-60f8-49f2-b2a3-f63e1f934942@group-58A987F56150-LeaderElection456] INFO  impl.LeaderElection (LogUtils.java:infoOrTrace(149)) - 327657b1-60f8-49f2-b2a3-f63e1f934942@group-58A987F56150-LeaderElection456 got exception when requesting votes: {}
java.util.concurrent.ExecutionException: org.apache.ratis.thirdparty.io.grpc.StatusRuntimeException: UNAVAILABLE: io exception
	at java.util.concurrent.FutureTask.report(FutureTask.java:122)
	at java.util.concurrent.FutureTask.get(FutureTask.java:192)
	at org.apache.ratis.server.impl.LeaderElection.waitForResults(LeaderElection.java:259)
	at org.apache.ratis.server.impl.LeaderElection.askForVotes(LeaderElection.java:197)
	at org.apache.ratis.server.impl.LeaderElection.run(LeaderElection.java:133)
	at java.lang.Thread.run(Thread.java:748)
Caused by: org.apache.ratis.thirdparty.io.grpc.StatusRuntimeException: UNAVAILABLE: io exception
	at org.apache.ratis.thirdparty.io.grpc.stub.ClientCalls.toStatusRuntimeException(ClientCalls.java:233)
	at org.apache.ratis.thirdparty.io.grpc.stub.ClientCalls.getUnchecked(ClientCalls.java:214)
	at org.apache.ratis.thirdparty.io.grpc.stub.ClientCalls.blockingUnaryCall(ClientCalls.java:139)
	at org.apache.ratis.proto.grpc.RaftServerProtocolServiceGrpc$RaftServerProtocolServiceBlockingStub.requestVote(RaftServerProtocolServiceGrpc.java:265)
	at org.apache.ratis.grpc.server.GrpcServerProtocolClient.requestVote(GrpcServerProtocolClient.java:99)
	at org.apache.ratis.grpc.server.GrpcService.requestVote(GrpcService.java:204)
	at org.apache.ratis.server.impl.LeaderElection.lambda$submitRequests$1(LeaderElection.java:234)
	at java.util.concurrent.FutureTask.run(FutureTask.java:266)
	at java.util.concurrent.Executors$RunnableAdapter.call(Executors.java:511)
	at java.util.concurrent.FutureTask.run(FutureTask.java:266)
	at java.util.concurrent.ThreadPoolExecutor.runWorker(ThreadPoolExecutor.java:1149)
	at java.util.concurrent.ThreadPoolExecutor$Worker.run(ThreadPoolExecutor.java:624)
	... 1 more
Caused by: org.apache.ratis.thirdparty.io.netty.channel.AbstractChannel$AnnotatedConnectException: Connection refused: /192.168.164.233:35223
	at sun.nio.ch.SocketChannelImpl.checkConnect(Native Method)
	at sun.nio.ch.SocketChannelImpl.finishConnect(SocketChannelImpl.java:717)
	at org.apache.ratis.thirdparty.io.netty.channel.socket.nio.NioSocketChannel.doFinishConnect(NioSocketChannel.java:327)
	at org.apache.ratis.thirdparty.io.netty.channel.nio.AbstractNioChannel$AbstractNioUnsafe.finishConnect(AbstractNioChannel.java:340)
	at org.apache.ratis.thirdparty.io.netty.channel.nio.NioEventLoop.processSelectedKey(NioEventLoop.java:632)
	at org.apache.ratis.thirdparty.io.netty.channel.nio.NioEventLoop.processSelectedKeysOptimized(NioEventLoop.java:579)
	at org.apache.ratis.thirdparty.io.netty.channel.nio.NioEventLoop.processSelectedKeys(NioEventLoop.java:496)
	at org.apache.ratis.thirdparty.io.netty.channel.nio.NioEventLoop.run(NioEventLoop.java:458)
	at org.apache.ratis.thirdparty.io.netty.util.concurrent.SingleThreadEventExecutor$5.run(SingleThreadEventExecutor.java:897)
	at org.apache.ratis.thirdparty.io.netty.util.concurrent.FastThreadLocalRunnable.run(FastThreadLocalRunnable.java:30)
	... 1 more
Caused by: java.net.ConnectException: Connection refused
	... 11 more
2019-10-18 14:59:05,445 [327657b1-60f8-49f2-b2a3-f63e1f934942@group-58A987F56150-LeaderElection456] INFO  impl.LeaderElection (LogUtils.java:infoOrTrace(149)) - 327657b1-60f8-49f2-b2a3-f63e1f934942@group-58A987F56150-LeaderElection456 got exception when requesting votes: {}
java.util.concurrent.ExecutionException: org.apache.ratis.thirdparty.io.grpc.StatusRuntimeException: UNAVAILABLE: io exception
	at java.util.concurrent.FutureTask.report(FutureTask.java:122)
	at java.util.concurrent.FutureTask.get(FutureTask.java:192)
	at org.apache.ratis.server.impl.LeaderElection.waitForResults(LeaderElection.java:259)
	at org.apache.ratis.server.impl.LeaderElection.askForVotes(LeaderElection.java:197)
	at org.apache.ratis.server.impl.LeaderElection.run(LeaderElection.java:133)
	at java.lang.Thread.run(Thread.java:748)
Caused by: org.apache.ratis.thirdparty.io.grpc.StatusRuntimeException: UNAVAILABLE: io exception
	at org.apache.ratis.thirdparty.io.grpc.stub.ClientCalls.toStatusRuntimeException(ClientCalls.java:233)
	at org.apache.ratis.thirdparty.io.grpc.stub.ClientCalls.getUnchecked(ClientCalls.java:214)
	at org.apache.ratis.thirdparty.io.grpc.stub.ClientCalls.blockingUnaryCall(ClientCalls.java:139)
	at org.apache.ratis.proto.grpc.RaftServerProtocolServiceGrpc$RaftServerProtocolServiceBlockingStub.requestVote(RaftServerProtocolServiceGrpc.java:265)
	at org.apache.ratis.grpc.server.GrpcServerProtocolClient.requestVote(GrpcServerProtocolClient.java:99)
	at org.apache.ratis.grpc.server.GrpcService.requestVote(GrpcService.java:204)
	at org.apache.ratis.server.impl.LeaderElection.lambda$submitRequests$1(LeaderElection.java:234)
	at java.util.concurrent.FutureTask.run(FutureTask.java:266)
	at java.util.concurrent.Executors$RunnableAdapter.call(Executors.java:511)
	at java.util.concurrent.FutureTask.run(FutureTask.java:266)
	at java.util.concurrent.ThreadPoolExecutor.runWorker(ThreadPoolExecutor.java:1149)
	at java.util.concurrent.ThreadPoolExecutor$Worker.run(ThreadPoolExecutor.java:624)
	... 1 more
Caused by: org.apache.ratis.thirdparty.io.netty.channel.AbstractChannel$AnnotatedConnectException: Connection refused: /192.168.164.233:41061
	at sun.nio.ch.SocketChannelImpl.checkConnect(Native Method)
	at sun.nio.ch.SocketChannelImpl.finishConnect(SocketChannelImpl.java:717)
	at org.apache.ratis.thirdparty.io.netty.channel.socket.nio.NioSocketChannel.doFinishConnect(NioSocketChannel.java:327)
	at org.apache.ratis.thirdparty.io.netty.channel.nio.AbstractNioChannel$AbstractNioUnsafe.finishConnect(AbstractNioChannel.java:340)
	at org.apache.ratis.thirdparty.io.netty.channel.nio.NioEventLoop.processSelectedKey(NioEventLoop.java:632)
	at org.apache.ratis.thirdparty.io.netty.channel.nio.NioEventLoop.processSelectedKeysOptimized(NioEventLoop.java:579)
	at org.apache.ratis.thirdparty.io.netty.channel.nio.NioEventLoop.processSelectedKeys(NioEventLoop.java:496)
	at org.apache.ratis.thirdparty.io.netty.channel.nio.NioEventLoop.run(NioEventLoop.java:458)
	at org.apache.ratis.thirdparty.io.netty.util.concurrent.SingleThreadEventExecutor$5.run(SingleThreadEventExecutor.java:897)
	at org.apache.ratis.thirdparty.io.netty.util.concurrent.FastThreadLocalRunnable.run(FastThreadLocalRunnable.java:30)
	... 1 more
Caused by: java.net.ConnectException: Connection refused
	... 11 more
2019-10-18 14:59:05,447 [327657b1-60f8-49f2-b2a3-f63e1f934942@group-58A987F56150-LeaderElection456] INFO  impl.LeaderElection (LeaderElection.java:logAndReturn(56)) - 327657b1-60f8-49f2-b2a3-f63e1f934942@group-58A987F56150-LeaderElection456: Election REJECTED; received 0 response(s) [] and 2 exception(s); 327657b1-60f8-49f2-b2a3-f63e1f934942@group-58A987F56150:t525, leader=null, voted=327657b1-60f8-49f2-b2a3-f63e1f934942, raftlog=327657b1-60f8-49f2-b2a3-f63e1f934942@group-58A987F56150-SegmentedRaftLog:OPENED:c-1,f-1,i0, conf=-1: [6605b8a5-570b-4977-9ee7-6aaf3012bed5:192.168.164.233:35223, 327657b1-60f8-49f2-b2a3-f63e1f934942:192.168.164.233:41966, ddd4789c-894d-475a-bbfb-f6e7aa670c92:192.168.164.233:41061], old=null
2019-10-18 14:59:05,448 [327657b1-60f8-49f2-b2a3-f63e1f934942@group-58A987F56150-LeaderElection456] INFO  impl.LeaderElection (LogUtils.java:infoOrTrace(149)) -   Exception 0: {}
java.util.concurrent.ExecutionException: org.apache.ratis.thirdparty.io.grpc.StatusRuntimeException: UNAVAILABLE: io exception
	at java.util.concurrent.FutureTask.report(FutureTask.java:122)
	at java.util.concurrent.FutureTask.get(FutureTask.java:192)
	at org.apache.ratis.server.impl.LeaderElection.waitForResults(LeaderElection.java:259)
	at org.apache.ratis.server.impl.LeaderElection.askForVotes(LeaderElection.java:197)
	at org.apache.ratis.server.impl.LeaderElection.run(LeaderElection.java:133)
	at java.lang.Thread.run(Thread.java:748)
Caused by: org.apache.ratis.thirdparty.io.grpc.StatusRuntimeException: UNAVAILABLE: io exception
	at org.apache.ratis.thirdparty.io.grpc.stub.ClientCalls.toStatusRuntimeException(ClientCalls.java:233)
	at org.apache.ratis.thirdparty.io.grpc.stub.ClientCalls.getUnchecked(ClientCalls.java:214)
	at org.apache.ratis.thirdparty.io.grpc.stub.ClientCalls.blockingUnaryCall(ClientCalls.java:139)
	at org.apache.ratis.proto.grpc.RaftServerProtocolServiceGrpc$RaftServerProtocolServiceBlockingStub.requestVote(RaftServerProtocolServiceGrpc.java:265)
	at org.apache.ratis.grpc.server.GrpcServerProtocolClient.requestVote(GrpcServerProtocolClient.java:99)
	at org.apache.ratis.grpc.server.GrpcService.requestVote(GrpcService.java:204)
	at org.apache.ratis.server.impl.LeaderElection.lambda$submitRequests$1(LeaderElection.java:234)
	at java.util.concurrent.FutureTask.run(FutureTask.java:266)
	at java.util.concurrent.Executors$RunnableAdapter.call(Executors.java:511)
	at java.util.concurrent.FutureTask.run(FutureTask.java:266)
	at java.util.concurrent.ThreadPoolExecutor.runWorker(ThreadPoolExecutor.java:1149)
	at java.util.concurrent.ThreadPoolExecutor$Worker.run(ThreadPoolExecutor.java:624)
	... 1 more
Caused by: org.apache.ratis.thirdparty.io.netty.channel.AbstractChannel$AnnotatedConnectException: Connection refused: /192.168.164.233:35223
	at sun.nio.ch.SocketChannelImpl.checkConnect(Native Method)
	at sun.nio.ch.SocketChannelImpl.finishConnect(SocketChannelImpl.java:717)
	at org.apache.ratis.thirdparty.io.netty.channel.socket.nio.NioSocketChannel.doFinishConnect(NioSocketChannel.java:327)
	at org.apache.ratis.thirdparty.io.netty.channel.nio.AbstractNioChannel$AbstractNioUnsafe.finishConnect(AbstractNioChannel.java:340)
	at org.apache.ratis.thirdparty.io.netty.channel.nio.NioEventLoop.processSelectedKey(NioEventLoop.java:632)
	at org.apache.ratis.thirdparty.io.netty.channel.nio.NioEventLoop.processSelectedKeysOptimized(NioEventLoop.java:579)
	at org.apache.ratis.thirdparty.io.netty.channel.nio.NioEventLoop.processSelectedKeys(NioEventLoop.java:496)
	at org.apache.ratis.thirdparty.io.netty.channel.nio.NioEventLoop.run(NioEventLoop.java:458)
	at org.apache.ratis.thirdparty.io.netty.util.concurrent.SingleThreadEventExecutor$5.run(SingleThreadEventExecutor.java:897)
	at org.apache.ratis.thirdparty.io.netty.util.concurrent.FastThreadLocalRunnable.run(FastThreadLocalRunnable.java:30)
	... 1 more
Caused by: java.net.ConnectException: Connection refused
	... 11 more
2019-10-18 14:59:05,448 [327657b1-60f8-49f2-b2a3-f63e1f934942@group-58A987F56150-LeaderElection456] INFO  impl.LeaderElection (LogUtils.java:infoOrTrace(149)) -   Exception 1: {}
java.util.concurrent.ExecutionException: org.apache.ratis.thirdparty.io.grpc.StatusRuntimeException: UNAVAILABLE: io exception
	at java.util.concurrent.FutureTask.report(FutureTask.java:122)
	at java.util.concurrent.FutureTask.get(FutureTask.java:192)
	at org.apache.ratis.server.impl.LeaderElection.waitForResults(LeaderElection.java:259)
	at org.apache.ratis.server.impl.LeaderElection.askForVotes(LeaderElection.java:197)
	at org.apache.ratis.server.impl.LeaderElection.run(LeaderElection.java:133)
	at java.lang.Thread.run(Thread.java:748)
Caused by: org.apache.ratis.thirdparty.io.grpc.StatusRuntimeException: UNAVAILABLE: io exception
	at org.apache.ratis.thirdparty.io.grpc.stub.ClientCalls.toStatusRuntimeException(ClientCalls.java:233)
	at org.apache.ratis.thirdparty.io.grpc.stub.ClientCalls.getUnchecked(ClientCalls.java:214)
	at org.apache.ratis.thirdparty.io.grpc.stub.ClientCalls.blockingUnaryCall(ClientCalls.java:139)
	at org.apache.ratis.proto.grpc.RaftServerProtocolServiceGrpc$RaftServerProtocolServiceBlockingStub.requestVote(RaftServerProtocolServiceGrpc.java:265)
	at org.apache.ratis.grpc.server.GrpcServerProtocolClient.requestVote(GrpcServerProtocolClient.java:99)
	at org.apache.ratis.grpc.server.GrpcService.requestVote(GrpcService.java:204)
	at org.apache.ratis.server.impl.LeaderElection.lambda$submitRequests$1(LeaderElection.java:234)
	at java.util.concurrent.FutureTask.run(FutureTask.java:266)
	at java.util.concurrent.Executors$RunnableAdapter.call(Executors.java:511)
	at java.util.concurrent.FutureTask.run(FutureTask.java:266)
	at java.util.concurrent.ThreadPoolExecutor.runWorker(ThreadPoolExecutor.java:1149)
	at java.util.concurrent.ThreadPoolExecutor$Worker.run(ThreadPoolExecutor.java:624)
	... 1 more
Caused by: org.apache.ratis.thirdparty.io.netty.channel.AbstractChannel$AnnotatedConnectException: Connection refused: /192.168.164.233:41061
	at sun.nio.ch.SocketChannelImpl.checkConnect(Native Method)
	at sun.nio.ch.SocketChannelImpl.finishConnect(SocketChannelImpl.java:717)
	at org.apache.ratis.thirdparty.io.netty.channel.socket.nio.NioSocketChannel.doFinishConnect(NioSocketChannel.java:327)
	at org.apache.ratis.thirdparty.io.netty.channel.nio.AbstractNioChannel$AbstractNioUnsafe.finishConnect(AbstractNioChannel.java:340)
	at org.apache.ratis.thirdparty.io.netty.channel.nio.NioEventLoop.processSelectedKey(NioEventLoop.java:632)
	at org.apache.ratis.thirdparty.io.netty.channel.nio.NioEventLoop.processSelectedKeysOptimized(NioEventLoop.java:579)
	at org.apache.ratis.thirdparty.io.netty.channel.nio.NioEventLoop.processSelectedKeys(NioEventLoop.java:496)
	at org.apache.ratis.thirdparty.io.netty.channel.nio.NioEventLoop.run(NioEventLoop.java:458)
	at org.apache.ratis.thirdparty.io.netty.util.concurrent.SingleThreadEventExecutor$5.run(SingleThreadEventExecutor.java:897)
	at org.apache.ratis.thirdparty.io.netty.util.concurrent.FastThreadLocalRunnable.run(FastThreadLocalRunnable.java:30)
	... 1 more
Caused by: java.net.ConnectException: Connection refused
	... 11 more
2019-10-18 14:59:05,449 [327657b1-60f8-49f2-b2a3-f63e1f934942@group-58A987F56150-LeaderElection456] INFO  impl.RaftServerImpl (RaftServerImpl.java:setRole(184)) - 327657b1-60f8-49f2-b2a3-f63e1f934942@group-58A987F56150: changes role from CANDIDATE to FOLLOWER at term 525 for DISCOVERED_A_NEW_TERM
2019-10-18 14:59:05,449 [327657b1-60f8-49f2-b2a3-f63e1f934942@group-58A987F56150-LeaderElection456] INFO  impl.RoleInfo (RoleInfo.java:shutdownLeaderElection(134)) - 327657b1-60f8-49f2-b2a3-f63e1f934942: shutdown LeaderElection
2019-10-18 14:59:05,449 [327657b1-60f8-49f2-b2a3-f63e1f934942@group-58A987F56150-LeaderElection456] INFO  impl.RoleInfo (RoleInfo.java:updateAndGet(143)) - 327657b1-60f8-49f2-b2a3-f63e1f934942: start FollowerState
2019-10-18 14:59:05,580 [Thread-3379] INFO  impl.FollowerState (FollowerState.java:run(108)) - 327657b1-60f8-49f2-b2a3-f63e1f934942@group-58A987F56150-FollowerState: change to CANDIDATE, lastRpcTime:130ms, electionTimeout:130ms
2019-10-18 14:59:05,581 [Thread-3379] INFO  impl.RoleInfo (RoleInfo.java:shutdownFollowerState(121)) - 327657b1-60f8-49f2-b2a3-f63e1f934942: shutdown FollowerState
2019-10-18 14:59:05,581 [Thread-3379] INFO  impl.RaftServerImpl (RaftServerImpl.java:setRole(184)) - 327657b1-60f8-49f2-b2a3-f63e1f934942@group-58A987F56150: changes role from  FOLLOWER to CANDIDATE at term 525 for changeToCandidate
2019-10-18 14:59:05,581 [Thread-3379] INFO  impl.RoleInfo (RoleInfo.java:updateAndGet(143)) - 327657b1-60f8-49f2-b2a3-f63e1f934942: start LeaderElection
2019-10-18 14:59:05,611 [327657b1-60f8-49f2-b2a3-f63e1f934942@group-58A987F56150-LeaderElection457] INFO  impl.LeaderElection (LeaderElection.java:askForVotes(178)) - 327657b1-60f8-49f2-b2a3-f63e1f934942@group-58A987F56150-LeaderElection457: begin an election at term 526 for -1: [6605b8a5-570b-4977-9ee7-6aaf3012bed5:192.168.164.233:35223, 327657b1-60f8-49f2-b2a3-f63e1f934942:192.168.164.233:41966, ddd4789c-894d-475a-bbfb-f6e7aa670c92:192.168.164.233:41061], old=null
2019-10-18 14:59:05,612 [327657b1-60f8-49f2-b2a3-f63e1f934942@group-58A987F56150-LeaderElection457] INFO  impl.LeaderElection (LogUtils.java:infoOrTrace(149)) - 327657b1-60f8-49f2-b2a3-f63e1f934942@group-58A987F56150-LeaderElection457 got exception when requesting votes: {}
java.util.concurrent.ExecutionException: org.apache.ratis.thirdparty.io.grpc.StatusRuntimeException: UNAVAILABLE: io exception
	at java.util.concurrent.FutureTask.report(FutureTask.java:122)
	at java.util.concurrent.FutureTask.get(FutureTask.java:192)
	at org.apache.ratis.server.impl.LeaderElection.waitForResults(LeaderElection.java:259)
	at org.apache.ratis.server.impl.LeaderElection.askForVotes(LeaderElection.java:197)
	at org.apache.ratis.server.impl.LeaderElection.run(LeaderElection.java:133)
	at java.lang.Thread.run(Thread.java:748)
Caused by: org.apache.ratis.thirdparty.io.grpc.StatusRuntimeException: UNAVAILABLE: io exception
	at org.apache.ratis.thirdparty.io.grpc.stub.ClientCalls.toStatusRuntimeException(ClientCalls.java:233)
	at org.apache.ratis.thirdparty.io.grpc.stub.ClientCalls.getUnchecked(ClientCalls.java:214)
	at org.apache.ratis.thirdparty.io.grpc.stub.ClientCalls.blockingUnaryCall(ClientCalls.java:139)
	at org.apache.ratis.proto.grpc.RaftServerProtocolServiceGrpc$RaftServerProtocolServiceBlockingStub.requestVote(RaftServerProtocolServiceGrpc.java:265)
	at org.apache.ratis.grpc.server.GrpcServerProtocolClient.requestVote(GrpcServerProtocolClient.java:99)
	at org.apache.ratis.grpc.server.GrpcService.requestVote(GrpcService.java:204)
	at org.apache.ratis.server.impl.LeaderElection.lambda$submitRequests$1(LeaderElection.java:234)
	at java.util.concurrent.FutureTask.run(FutureTask.java:266)
	at java.util.concurrent.Executors$RunnableAdapter.call(Executors.java:511)
	at java.util.concurrent.FutureTask.run(FutureTask.java:266)
	at java.util.concurrent.ThreadPoolExecutor.runWorker(ThreadPoolExecutor.java:1149)
	at java.util.concurrent.ThreadPoolExecutor$Worker.run(ThreadPoolExecutor.java:624)
	... 1 more
Caused by: org.apache.ratis.thirdparty.io.netty.channel.AbstractChannel$AnnotatedConnectException: Connection refused: /192.168.164.233:35223
	at sun.nio.ch.SocketChannelImpl.checkConnect(Native Method)
	at sun.nio.ch.SocketChannelImpl.finishConnect(SocketChannelImpl.java:717)
	at org.apache.ratis.thirdparty.io.netty.channel.socket.nio.NioSocketChannel.doFinishConnect(NioSocketChannel.java:327)
	at org.apache.ratis.thirdparty.io.netty.channel.nio.AbstractNioChannel$AbstractNioUnsafe.finishConnect(AbstractNioChannel.java:340)
	at org.apache.ratis.thirdparty.io.netty.channel.nio.NioEventLoop.processSelectedKey(NioEventLoop.java:632)
	at org.apache.ratis.thirdparty.io.netty.channel.nio.NioEventLoop.processSelectedKeysOptimized(NioEventLoop.java:579)
	at org.apache.ratis.thirdparty.io.netty.channel.nio.NioEventLoop.processSelectedKeys(NioEventLoop.java:496)
	at org.apache.ratis.thirdparty.io.netty.channel.nio.NioEventLoop.run(NioEventLoop.java:458)
	at org.apache.ratis.thirdparty.io.netty.util.concurrent.SingleThreadEventExecutor$5.run(SingleThreadEventExecutor.java:897)
	at org.apache.ratis.thirdparty.io.netty.util.concurrent.FastThreadLocalRunnable.run(FastThreadLocalRunnable.java:30)
	... 1 more
Caused by: java.net.ConnectException: Connection refused
	... 11 more
2019-10-18 14:59:05,614 [327657b1-60f8-49f2-b2a3-f63e1f934942@group-58A987F56150-LeaderElection457] INFO  impl.LeaderElection (LogUtils.java:infoOrTrace(149)) - 327657b1-60f8-49f2-b2a3-f63e1f934942@group-58A987F56150-LeaderElection457 got exception when requesting votes: {}
java.util.concurrent.ExecutionException: org.apache.ratis.thirdparty.io.grpc.StatusRuntimeException: UNAVAILABLE: io exception
	at java.util.concurrent.FutureTask.report(FutureTask.java:122)
	at java.util.concurrent.FutureTask.get(FutureTask.java:192)
	at org.apache.ratis.server.impl.LeaderElection.waitForResults(LeaderElection.java:259)
	at org.apache.ratis.server.impl.LeaderElection.askForVotes(LeaderElection.java:197)
	at org.apache.ratis.server.impl.LeaderElection.run(LeaderElection.java:133)
	at java.lang.Thread.run(Thread.java:748)
Caused by: org.apache.ratis.thirdparty.io.grpc.StatusRuntimeException: UNAVAILABLE: io exception
	at org.apache.ratis.thirdparty.io.grpc.stub.ClientCalls.toStatusRuntimeException(ClientCalls.java:233)
	at org.apache.ratis.thirdparty.io.grpc.stub.ClientCalls.getUnchecked(ClientCalls.java:214)
	at org.apache.ratis.thirdparty.io.grpc.stub.ClientCalls.blockingUnaryCall(ClientCalls.java:139)
	at org.apache.ratis.proto.grpc.RaftServerProtocolServiceGrpc$RaftServerProtocolServiceBlockingStub.requestVote(RaftServerProtocolServiceGrpc.java:265)
	at org.apache.ratis.grpc.server.GrpcServerProtocolClient.requestVote(GrpcServerProtocolClient.java:99)
	at org.apache.ratis.grpc.server.GrpcService.requestVote(GrpcService.java:204)
	at org.apache.ratis.server.impl.LeaderElection.lambda$submitRequests$1(LeaderElection.java:234)
	at java.util.concurrent.FutureTask.run(FutureTask.java:266)
	at java.util.concurrent.Executors$RunnableAdapter.call(Executors.java:511)
	at java.util.concurrent.FutureTask.run(FutureTask.java:266)
	at java.util.concurrent.ThreadPoolExecutor.runWorker(ThreadPoolExecutor.java:1149)
	at java.util.concurrent.ThreadPoolExecutor$Worker.run(ThreadPoolExecutor.java:624)
	... 1 more
Caused by: org.apache.ratis.thirdparty.io.netty.channel.AbstractChannel$AnnotatedConnectException: Connection refused: /192.168.164.233:41061
	at sun.nio.ch.SocketChannelImpl.checkConnect(Native Method)
	at sun.nio.ch.SocketChannelImpl.finishConnect(SocketChannelImpl.java:717)
	at org.apache.ratis.thirdparty.io.netty.channel.socket.nio.NioSocketChannel.doFinishConnect(NioSocketChannel.java:327)
	at org.apache.ratis.thirdparty.io.netty.channel.nio.AbstractNioChannel$AbstractNioUnsafe.finishConnect(AbstractNioChannel.java:340)
	at org.apache.ratis.thirdparty.io.netty.channel.nio.NioEventLoop.processSelectedKey(NioEventLoop.java:632)
	at org.apache.ratis.thirdparty.io.netty.channel.nio.NioEventLoop.processSelectedKeysOptimized(NioEventLoop.java:579)
	at org.apache.ratis.thirdparty.io.netty.channel.nio.NioEventLoop.processSelectedKeys(NioEventLoop.java:496)
	at org.apache.ratis.thirdparty.io.netty.channel.nio.NioEventLoop.run(NioEventLoop.java:458)
	at org.apache.ratis.thirdparty.io.netty.util.concurrent.SingleThreadEventExecutor$5.run(SingleThreadEventExecutor.java:897)
	at org.apache.ratis.thirdparty.io.netty.util.concurrent.FastThreadLocalRunnable.run(FastThreadLocalRunnable.java:30)
	... 1 more
Caused by: java.net.ConnectException: Connection refused
	... 11 more
2019-10-18 14:59:05,615 [327657b1-60f8-49f2-b2a3-f63e1f934942@group-58A987F56150-LeaderElection457] INFO  impl.LeaderElection (LeaderElection.java:logAndReturn(56)) - 327657b1-60f8-49f2-b2a3-f63e1f934942@group-58A987F56150-LeaderElection457: Election REJECTED; received 0 response(s) [] and 2 exception(s); 327657b1-60f8-49f2-b2a3-f63e1f934942@group-58A987F56150:t526, leader=null, voted=327657b1-60f8-49f2-b2a3-f63e1f934942, raftlog=327657b1-60f8-49f2-b2a3-f63e1f934942@group-58A987F56150-SegmentedRaftLog:OPENED:c-1,f-1,i0, conf=-1: [6605b8a5-570b-4977-9ee7-6aaf3012bed5:192.168.164.233:35223, 327657b1-60f8-49f2-b2a3-f63e1f934942:192.168.164.233:41966, ddd4789c-894d-475a-bbfb-f6e7aa670c92:192.168.164.233:41061], old=null
2019-10-18 14:59:05,615 [327657b1-60f8-49f2-b2a3-f63e1f934942@group-58A987F56150-LeaderElection457] INFO  impl.LeaderElection (LogUtils.java:infoOrTrace(149)) -   Exception 0: {}
java.util.concurrent.ExecutionException: org.apache.ratis.thirdparty.io.grpc.StatusRuntimeException: UNAVAILABLE: io exception
	at java.util.concurrent.FutureTask.report(FutureTask.java:122)
	at java.util.concurrent.FutureTask.get(FutureTask.java:192)
	at org.apache.ratis.server.impl.LeaderElection.waitForResults(LeaderElection.java:259)
	at org.apache.ratis.server.impl.LeaderElection.askForVotes(LeaderElection.java:197)
	at org.apache.ratis.server.impl.LeaderElection.run(LeaderElection.java:133)
	at java.lang.Thread.run(Thread.java:748)
Caused by: org.apache.ratis.thirdparty.io.grpc.StatusRuntimeException: UNAVAILABLE: io exception
	at org.apache.ratis.thirdparty.io.grpc.stub.ClientCalls.toStatusRuntimeException(ClientCalls.java:233)
	at org.apache.ratis.thirdparty.io.grpc.stub.ClientCalls.getUnchecked(ClientCalls.java:214)
	at org.apache.ratis.thirdparty.io.grpc.stub.ClientCalls.blockingUnaryCall(ClientCalls.java:139)
	at org.apache.ratis.proto.grpc.RaftServerProtocolServiceGrpc$RaftServerProtocolServiceBlockingStub.requestVote(RaftServerProtocolServiceGrpc.java:265)
	at org.apache.ratis.grpc.server.GrpcServerProtocolClient.requestVote(GrpcServerProtocolClient.java:99)
	at org.apache.ratis.grpc.server.GrpcService.requestVote(GrpcService.java:204)
	at org.apache.ratis.server.impl.LeaderElection.lambda$submitRequests$1(LeaderElection.java:234)
	at java.util.concurrent.FutureTask.run(FutureTask.java:266)
	at java.util.concurrent.Executors$RunnableAdapter.call(Executors.java:511)
	at java.util.concurrent.FutureTask.run(FutureTask.java:266)
	at java.util.concurrent.ThreadPoolExecutor.runWorker(ThreadPoolExecutor.java:1149)
	at java.util.concurrent.ThreadPoolExecutor$Worker.run(ThreadPoolExecutor.java:624)
	... 1 more
Caused by: org.apache.ratis.thirdparty.io.netty.channel.AbstractChannel$AnnotatedConnectException: Connection refused: /192.168.164.233:35223
	at sun.nio.ch.SocketChannelImpl.checkConnect(Native Method)
	at sun.nio.ch.SocketChannelImpl.finishConnect(SocketChannelImpl.java:717)
	at org.apache.ratis.thirdparty.io.netty.channel.socket.nio.NioSocketChannel.doFinishConnect(NioSocketChannel.java:327)
	at org.apache.ratis.thirdparty.io.netty.channel.nio.AbstractNioChannel$AbstractNioUnsafe.finishConnect(AbstractNioChannel.java:340)
	at org.apache.ratis.thirdparty.io.netty.channel.nio.NioEventLoop.processSelectedKey(NioEventLoop.java:632)
	at org.apache.ratis.thirdparty.io.netty.channel.nio.NioEventLoop.processSelectedKeysOptimized(NioEventLoop.java:579)
	at org.apache.ratis.thirdparty.io.netty.channel.nio.NioEventLoop.processSelectedKeys(NioEventLoop.java:496)
	at org.apache.ratis.thirdparty.io.netty.channel.nio.NioEventLoop.run(NioEventLoop.java:458)
	at org.apache.ratis.thirdparty.io.netty.util.concurrent.SingleThreadEventExecutor$5.run(SingleThreadEventExecutor.java:897)
	at org.apache.ratis.thirdparty.io.netty.util.concurrent.FastThreadLocalRunnable.run(FastThreadLocalRunnable.java:30)
	... 1 more
Caused by: java.net.ConnectException: Connection refused
	... 11 more
2019-10-18 14:59:05,615 [327657b1-60f8-49f2-b2a3-f63e1f934942@group-58A987F56150-LeaderElection457] INFO  impl.LeaderElection (LogUtils.java:infoOrTrace(149)) -   Exception 1: {}
java.util.concurrent.ExecutionException: org.apache.ratis.thirdparty.io.grpc.StatusRuntimeException: UNAVAILABLE: io exception
	at java.util.concurrent.FutureTask.report(FutureTask.java:122)
	at java.util.concurrent.FutureTask.get(FutureTask.java:192)
	at org.apache.ratis.server.impl.LeaderElection.waitForResults(LeaderElection.java:259)
	at org.apache.ratis.server.impl.LeaderElection.askForVotes(LeaderElection.java:197)
	at org.apache.ratis.server.impl.LeaderElection.run(LeaderElection.java:133)
	at java.lang.Thread.run(Thread.java:748)
Caused by: org.apache.ratis.thirdparty.io.grpc.StatusRuntimeException: UNAVAILABLE: io exception
	at org.apache.ratis.thirdparty.io.grpc.stub.ClientCalls.toStatusRuntimeException(ClientCalls.java:233)
	at org.apache.ratis.thirdparty.io.grpc.stub.ClientCalls.getUnchecked(ClientCalls.java:214)
	at org.apache.ratis.thirdparty.io.grpc.stub.ClientCalls.blockingUnaryCall(ClientCalls.java:139)
	at org.apache.ratis.proto.grpc.RaftServerProtocolServiceGrpc$RaftServerProtocolServiceBlockingStub.requestVote(RaftServerProtocolServiceGrpc.java:265)
	at org.apache.ratis.grpc.server.GrpcServerProtocolClient.requestVote(GrpcServerProtocolClient.java:99)
	at org.apache.ratis.grpc.server.GrpcService.requestVote(GrpcService.java:204)
	at org.apache.ratis.server.impl.LeaderElection.lambda$submitRequests$1(LeaderElection.java:234)
	at java.util.concurrent.FutureTask.run(FutureTask.java:266)
	at java.util.concurrent.Executors$RunnableAdapter.call(Executors.java:511)
	at java.util.concurrent.FutureTask.run(FutureTask.java:266)
	at java.util.concurrent.ThreadPoolExecutor.runWorker(ThreadPoolExecutor.java:1149)
	at java.util.concurrent.ThreadPoolExecutor$Worker.run(ThreadPoolExecutor.java:624)
	... 1 more
Caused by: org.apache.ratis.thirdparty.io.netty.channel.AbstractChannel$AnnotatedConnectException: Connection refused: /192.168.164.233:41061
	at sun.nio.ch.SocketChannelImpl.checkConnect(Native Method)
	at sun.nio.ch.SocketChannelImpl.finishConnect(SocketChannelImpl.java:717)
	at org.apache.ratis.thirdparty.io.netty.channel.socket.nio.NioSocketChannel.doFinishConnect(NioSocketChannel.java:327)
	at org.apache.ratis.thirdparty.io.netty.channel.nio.AbstractNioChannel$AbstractNioUnsafe.finishConnect(AbstractNioChannel.java:340)
	at org.apache.ratis.thirdparty.io.netty.channel.nio.NioEventLoop.processSelectedKey(NioEventLoop.java:632)
	at org.apache.ratis.thirdparty.io.netty.channel.nio.NioEventLoop.processSelectedKeysOptimized(NioEventLoop.java:579)
	at org.apache.ratis.thirdparty.io.netty.channel.nio.NioEventLoop.processSelectedKeys(NioEventLoop.java:496)
	at org.apache.ratis.thirdparty.io.netty.channel.nio.NioEventLoop.run(NioEventLoop.java:458)
	at org.apache.ratis.thirdparty.io.netty.util.concurrent.SingleThreadEventExecutor$5.run(SingleThreadEventExecutor.java:897)
	at org.apache.ratis.thirdparty.io.netty.util.concurrent.FastThreadLocalRunnable.run(FastThreadLocalRunnable.java:30)
	... 1 more
Caused by: java.net.ConnectException: Connection refused
	... 11 more
2019-10-18 14:59:05,615 [327657b1-60f8-49f2-b2a3-f63e1f934942@group-58A987F56150-LeaderElection457] INFO  impl.RaftServerImpl (RaftServerImpl.java:setRole(184)) - 327657b1-60f8-49f2-b2a3-f63e1f934942@group-58A987F56150: changes role from CANDIDATE to FOLLOWER at term 526 for DISCOVERED_A_NEW_TERM
2019-10-18 14:59:05,616 [327657b1-60f8-49f2-b2a3-f63e1f934942@group-58A987F56150-LeaderElection457] INFO  impl.RoleInfo (RoleInfo.java:shutdownLeaderElection(134)) - 327657b1-60f8-49f2-b2a3-f63e1f934942: shutdown LeaderElection
2019-10-18 14:59:05,616 [327657b1-60f8-49f2-b2a3-f63e1f934942@group-58A987F56150-LeaderElection457] INFO  impl.RoleInfo (RoleInfo.java:updateAndGet(143)) - 327657b1-60f8-49f2-b2a3-f63e1f934942: start FollowerState
2019-10-18 14:59:05,664 [Thread-3383] INFO  impl.FollowerState (FollowerState.java:run(108)) - 327657b1-60f8-49f2-b2a3-f63e1f934942@group-58A987F56150-FollowerState: change to CANDIDATE, lastRpcTime:48ms, electionTimeout:48ms
2019-10-18 14:59:05,664 [Thread-3383] INFO  impl.RoleInfo (RoleInfo.java:shutdownFollowerState(121)) - 327657b1-60f8-49f2-b2a3-f63e1f934942: shutdown FollowerState
2019-10-18 14:59:05,664 [Thread-3383] INFO  impl.RaftServerImpl (RaftServerImpl.java:setRole(184)) - 327657b1-60f8-49f2-b2a3-f63e1f934942@group-58A987F56150: changes role from  FOLLOWER to CANDIDATE at term 526 for changeToCandidate
2019-10-18 14:59:05,665 [Thread-3383] INFO  impl.RoleInfo (RoleInfo.java:updateAndGet(143)) - 327657b1-60f8-49f2-b2a3-f63e1f934942: start LeaderElection
2019-10-18 14:59:05,678 [327657b1-60f8-49f2-b2a3-f63e1f934942@group-58A987F56150-LeaderElection458] INFO  impl.LeaderElection (LeaderElection.java:askForVotes(178)) - 327657b1-60f8-49f2-b2a3-f63e1f934942@group-58A987F56150-LeaderElection458: begin an election at term 527 for -1: [6605b8a5-570b-4977-9ee7-6aaf3012bed5:192.168.164.233:35223, 327657b1-60f8-49f2-b2a3-f63e1f934942:192.168.164.233:41966, ddd4789c-894d-475a-bbfb-f6e7aa670c92:192.168.164.233:41061], old=null
2019-10-18 14:59:05,679 [327657b1-60f8-49f2-b2a3-f63e1f934942@group-58A987F56150-LeaderElection458] INFO  impl.LeaderElection (LogUtils.java:infoOrTrace(149)) - 327657b1-60f8-49f2-b2a3-f63e1f934942@group-58A987F56150-LeaderElection458 got exception when requesting votes: {}
java.util.concurrent.ExecutionException: org.apache.ratis.thirdparty.io.grpc.StatusRuntimeException: UNAVAILABLE: io exception
	at java.util.concurrent.FutureTask.report(FutureTask.java:122)
	at java.util.concurrent.FutureTask.get(FutureTask.java:192)
	at org.apache.ratis.server.impl.LeaderElection.waitForResults(LeaderElection.java:259)
	at org.apache.ratis.server.impl.LeaderElection.askForVotes(LeaderElection.java:197)
	at org.apache.ratis.server.impl.LeaderElection.run(LeaderElection.java:133)
	at java.lang.Thread.run(Thread.java:748)
Caused by: org.apache.ratis.thirdparty.io.grpc.StatusRuntimeException: UNAVAILABLE: io exception
	at org.apache.ratis.thirdparty.io.grpc.stub.ClientCalls.toStatusRuntimeException(ClientCalls.java:233)
	at org.apache.ratis.thirdparty.io.grpc.stub.ClientCalls.getUnchecked(ClientCalls.java:214)
	at org.apache.ratis.thirdparty.io.grpc.stub.ClientCalls.blockingUnaryCall(ClientCalls.java:139)
	at org.apache.ratis.proto.grpc.RaftServerProtocolServiceGrpc$RaftServerProtocolServiceBlockingStub.requestVote(RaftServerProtocolServiceGrpc.java:265)
	at org.apache.ratis.grpc.server.GrpcServerProtocolClient.requestVote(GrpcServerProtocolClient.java:99)
	at org.apache.ratis.grpc.server.GrpcService.requestVote(GrpcService.java:204)
	at org.apache.ratis.server.impl.LeaderElection.lambda$submitRequests$1(LeaderElection.java:234)
	at java.util.concurrent.FutureTask.run(FutureTask.java:266)
	at java.util.concurrent.Executors$RunnableAdapter.call(Executors.java:511)
	at java.util.concurrent.FutureTask.run(FutureTask.java:266)
	at java.util.concurrent.ThreadPoolExecutor.runWorker(ThreadPoolExecutor.java:1149)
	at java.util.concurrent.ThreadPoolExecutor$Worker.run(ThreadPoolExecutor.java:624)
	... 1 more
Caused by: org.apache.ratis.thirdparty.io.netty.channel.AbstractChannel$AnnotatedConnectException: Connection refused: /192.168.164.233:35223
	at sun.nio.ch.SocketChannelImpl.checkConnect(Native Method)
	at sun.nio.ch.SocketChannelImpl.finishConnect(SocketChannelImpl.java:717)
	at org.apache.ratis.thirdparty.io.netty.channel.socket.nio.NioSocketChannel.doFinishConnect(NioSocketChannel.java:327)
	at org.apache.ratis.thirdparty.io.netty.channel.nio.AbstractNioChannel$AbstractNioUnsafe.finishConnect(AbstractNioChannel.java:340)
	at org.apache.ratis.thirdparty.io.netty.channel.nio.NioEventLoop.processSelectedKey(NioEventLoop.java:632)
	at org.apache.ratis.thirdparty.io.netty.channel.nio.NioEventLoop.processSelectedKeysOptimized(NioEventLoop.java:579)
	at org.apache.ratis.thirdparty.io.netty.channel.nio.NioEventLoop.processSelectedKeys(NioEventLoop.java:496)
	at org.apache.ratis.thirdparty.io.netty.channel.nio.NioEventLoop.run(NioEventLoop.java:458)
	at org.apache.ratis.thirdparty.io.netty.util.concurrent.SingleThreadEventExecutor$5.run(SingleThreadEventExecutor.java:897)
	at org.apache.ratis.thirdparty.io.netty.util.concurrent.FastThreadLocalRunnable.run(FastThreadLocalRunnable.java:30)
	... 1 more
Caused by: java.net.ConnectException: Connection refused
	... 11 more
2019-10-18 14:59:05,680 [327657b1-60f8-49f2-b2a3-f63e1f934942@group-58A987F56150-LeaderElection458] INFO  impl.LeaderElection (LogUtils.java:infoOrTrace(149)) - 327657b1-60f8-49f2-b2a3-f63e1f934942@group-58A987F56150-LeaderElection458 got exception when requesting votes: {}
java.util.concurrent.ExecutionException: org.apache.ratis.thirdparty.io.grpc.StatusRuntimeException: UNAVAILABLE: io exception
	at java.util.concurrent.FutureTask.report(FutureTask.java:122)
	at java.util.concurrent.FutureTask.get(FutureTask.java:192)
	at org.apache.ratis.server.impl.LeaderElection.waitForResults(LeaderElection.java:259)
	at org.apache.ratis.server.impl.LeaderElection.askForVotes(LeaderElection.java:197)
	at org.apache.ratis.server.impl.LeaderElection.run(LeaderElection.java:133)
	at java.lang.Thread.run(Thread.java:748)
Caused by: org.apache.ratis.thirdparty.io.grpc.StatusRuntimeException: UNAVAILABLE: io exception
	at org.apache.ratis.thirdparty.io.grpc.stub.ClientCalls.toStatusRuntimeException(ClientCalls.java:233)
	at org.apache.ratis.thirdparty.io.grpc.stub.ClientCalls.getUnchecked(ClientCalls.java:214)
	at org.apache.ratis.thirdparty.io.grpc.stub.ClientCalls.blockingUnaryCall(ClientCalls.java:139)
	at org.apache.ratis.proto.grpc.RaftServerProtocolServiceGrpc$RaftServerProtocolServiceBlockingStub.requestVote(RaftServerProtocolServiceGrpc.java:265)
	at org.apache.ratis.grpc.server.GrpcServerProtocolClient.requestVote(GrpcServerProtocolClient.java:99)
	at org.apache.ratis.grpc.server.GrpcService.requestVote(GrpcService.java:204)
	at org.apache.ratis.server.impl.LeaderElection.lambda$submitRequests$1(LeaderElection.java:234)
	at java.util.concurrent.FutureTask.run(FutureTask.java:266)
	at java.util.concurrent.Executors$RunnableAdapter.call(Executors.java:511)
	at java.util.concurrent.FutureTask.run(FutureTask.java:266)
	at java.util.concurrent.ThreadPoolExecutor.runWorker(ThreadPoolExecutor.java:1149)
	at java.util.concurrent.ThreadPoolExecutor$Worker.run(ThreadPoolExecutor.java:624)
	... 1 more
Caused by: org.apache.ratis.thirdparty.io.netty.channel.AbstractChannel$AnnotatedConnectException: Connection refused: /192.168.164.233:41061
	at sun.nio.ch.SocketChannelImpl.checkConnect(Native Method)
	at sun.nio.ch.SocketChannelImpl.finishConnect(SocketChannelImpl.java:717)
	at org.apache.ratis.thirdparty.io.netty.channel.socket.nio.NioSocketChannel.doFinishConnect(NioSocketChannel.java:327)
	at org.apache.ratis.thirdparty.io.netty.channel.nio.AbstractNioChannel$AbstractNioUnsafe.finishConnect(AbstractNioChannel.java:340)
	at org.apache.ratis.thirdparty.io.netty.channel.nio.NioEventLoop.processSelectedKey(NioEventLoop.java:632)
	at org.apache.ratis.thirdparty.io.netty.channel.nio.NioEventLoop.processSelectedKeysOptimized(NioEventLoop.java:579)
	at org.apache.ratis.thirdparty.io.netty.channel.nio.NioEventLoop.processSelectedKeys(NioEventLoop.java:496)
	at org.apache.ratis.thirdparty.io.netty.channel.nio.NioEventLoop.run(NioEventLoop.java:458)
	at org.apache.ratis.thirdparty.io.netty.util.concurrent.SingleThreadEventExecutor$5.run(SingleThreadEventExecutor.java:897)
	at org.apache.ratis.thirdparty.io.netty.util.concurrent.FastThreadLocalRunnable.run(FastThreadLocalRunnable.java:30)
	... 1 more
Caused by: java.net.ConnectException: Connection refused
	... 11 more
2019-10-18 14:59:05,681 [327657b1-60f8-49f2-b2a3-f63e1f934942@group-58A987F56150-LeaderElection458] INFO  impl.LeaderElection (LeaderElection.java:logAndReturn(56)) - 327657b1-60f8-49f2-b2a3-f63e1f934942@group-58A987F56150-LeaderElection458: Election REJECTED; received 0 response(s) [] and 2 exception(s); 327657b1-60f8-49f2-b2a3-f63e1f934942@group-58A987F56150:t527, leader=null, voted=327657b1-60f8-49f2-b2a3-f63e1f934942, raftlog=327657b1-60f8-49f2-b2a3-f63e1f934942@group-58A987F56150-SegmentedRaftLog:OPENED:c-1,f-1,i0, conf=-1: [6605b8a5-570b-4977-9ee7-6aaf3012bed5:192.168.164.233:35223, 327657b1-60f8-49f2-b2a3-f63e1f934942:192.168.164.233:41966, ddd4789c-894d-475a-bbfb-f6e7aa670c92:192.168.164.233:41061], old=null
2019-10-18 14:59:05,681 [327657b1-60f8-49f2-b2a3-f63e1f934942@group-58A987F56150-LeaderElection458] INFO  impl.LeaderElection (LogUtils.java:infoOrTrace(149)) -   Exception 0: {}
java.util.concurrent.ExecutionException: org.apache.ratis.thirdparty.io.grpc.StatusRuntimeException: UNAVAILABLE: io exception
	at java.util.concurrent.FutureTask.report(FutureTask.java:122)
	at java.util.concurrent.FutureTask.get(FutureTask.java:192)
	at org.apache.ratis.server.impl.LeaderElection.waitForResults(LeaderElection.java:259)
	at org.apache.ratis.server.impl.LeaderElection.askForVotes(LeaderElection.java:197)
	at org.apache.ratis.server.impl.LeaderElection.run(LeaderElection.java:133)
	at java.lang.Thread.run(Thread.java:748)
Caused by: org.apache.ratis.thirdparty.io.grpc.StatusRuntimeException: UNAVAILABLE: io exception
	at org.apache.ratis.thirdparty.io.grpc.stub.ClientCalls.toStatusRuntimeException(ClientCalls.java:233)
	at org.apache.ratis.thirdparty.io.grpc.stub.ClientCalls.getUnchecked(ClientCalls.java:214)
	at org.apache.ratis.thirdparty.io.grpc.stub.ClientCalls.blockingUnaryCall(ClientCalls.java:139)
	at org.apache.ratis.proto.grpc.RaftServerProtocolServiceGrpc$RaftServerProtocolServiceBlockingStub.requestVote(RaftServerProtocolServiceGrpc.java:265)
	at org.apache.ratis.grpc.server.GrpcServerProtocolClient.requestVote(GrpcServerProtocolClient.java:99)
	at org.apache.ratis.grpc.server.GrpcService.requestVote(GrpcService.java:204)
	at org.apache.ratis.server.impl.LeaderElection.lambda$submitRequests$1(LeaderElection.java:234)
	at java.util.concurrent.FutureTask.run(FutureTask.java:266)
	at java.util.concurrent.Executors$RunnableAdapter.call(Executors.java:511)
	at java.util.concurrent.FutureTask.run(FutureTask.java:266)
	at java.util.concurrent.ThreadPoolExecutor.runWorker(ThreadPoolExecutor.java:1149)
	at java.util.concurrent.ThreadPoolExecutor$Worker.run(ThreadPoolExecutor.java:624)
	... 1 more
Caused by: org.apache.ratis.thirdparty.io.netty.channel.AbstractChannel$AnnotatedConnectException: Connection refused: /192.168.164.233:35223
	at sun.nio.ch.SocketChannelImpl.checkConnect(Native Method)
	at sun.nio.ch.SocketChannelImpl.finishConnect(SocketChannelImpl.java:717)
	at org.apache.ratis.thirdparty.io.netty.channel.socket.nio.NioSocketChannel.doFinishConnect(NioSocketChannel.java:327)
	at org.apache.ratis.thirdparty.io.netty.channel.nio.AbstractNioChannel$AbstractNioUnsafe.finishConnect(AbstractNioChannel.java:340)
	at org.apache.ratis.thirdparty.io.netty.channel.nio.NioEventLoop.processSelectedKey(NioEventLoop.java:632)
	at org.apache.ratis.thirdparty.io.netty.channel.nio.NioEventLoop.processSelectedKeysOptimized(NioEventLoop.java:579)
	at org.apache.ratis.thirdparty.io.netty.channel.nio.NioEventLoop.processSelectedKeys(NioEventLoop.java:496)
	at org.apache.ratis.thirdparty.io.netty.channel.nio.NioEventLoop.run(NioEventLoop.java:458)
	at org.apache.ratis.thirdparty.io.netty.util.concurrent.SingleThreadEventExecutor$5.run(SingleThreadEventExecutor.java:897)
	at org.apache.ratis.thirdparty.io.netty.util.concurrent.FastThreadLocalRunnable.run(FastThreadLocalRunnable.java:30)
	... 1 more
Caused by: java.net.ConnectException: Connection refused
	... 11 more
2019-10-18 14:59:05,682 [327657b1-60f8-49f2-b2a3-f63e1f934942@group-58A987F56150-LeaderElection458] INFO  impl.LeaderElection (LogUtils.java:infoOrTrace(149)) -   Exception 1: {}
java.util.concurrent.ExecutionException: org.apache.ratis.thirdparty.io.grpc.StatusRuntimeException: UNAVAILABLE: io exception
	at java.util.concurrent.FutureTask.report(FutureTask.java:122)
	at java.util.concurrent.FutureTask.get(FutureTask.java:192)
	at org.apache.ratis.server.impl.LeaderElection.waitForResults(LeaderElection.java:259)
	at org.apache.ratis.server.impl.LeaderElection.askForVotes(LeaderElection.java:197)
	at org.apache.ratis.server.impl.LeaderElection.run(LeaderElection.java:133)
	at java.lang.Thread.run(Thread.java:748)
Caused by: org.apache.ratis.thirdparty.io.grpc.StatusRuntimeException: UNAVAILABLE: io exception
	at org.apache.ratis.thirdparty.io.grpc.stub.ClientCalls.toStatusRuntimeException(ClientCalls.java:233)
	at org.apache.ratis.thirdparty.io.grpc.stub.ClientCalls.getUnchecked(ClientCalls.java:214)
	at org.apache.ratis.thirdparty.io.grpc.stub.ClientCalls.blockingUnaryCall(ClientCalls.java:139)
	at org.apache.ratis.proto.grpc.RaftServerProtocolServiceGrpc$RaftServerProtocolServiceBlockingStub.requestVote(RaftServerProtocolServiceGrpc.java:265)
	at org.apache.ratis.grpc.server.GrpcServerProtocolClient.requestVote(GrpcServerProtocolClient.java:99)
	at org.apache.ratis.grpc.server.GrpcService.requestVote(GrpcService.java:204)
	at org.apache.ratis.server.impl.LeaderElection.lambda$submitRequests$1(LeaderElection.java:234)
	at java.util.concurrent.FutureTask.run(FutureTask.java:266)
	at java.util.concurrent.Executors$RunnableAdapter.call(Executors.java:511)
	at java.util.concurrent.FutureTask.run(FutureTask.java:266)
	at java.util.concurrent.ThreadPoolExecutor.runWorker(ThreadPoolExecutor.java:1149)
	at java.util.concurrent.ThreadPoolExecutor$Worker.run(ThreadPoolExecutor.java:624)
	... 1 more
Caused by: org.apache.ratis.thirdparty.io.netty.channel.AbstractChannel$AnnotatedConnectException: Connection refused: /192.168.164.233:41061
	at sun.nio.ch.SocketChannelImpl.checkConnect(Native Method)
	at sun.nio.ch.SocketChannelImpl.finishConnect(SocketChannelImpl.java:717)
	at org.apache.ratis.thirdparty.io.netty.channel.socket.nio.NioSocketChannel.doFinishConnect(NioSocketChannel.java:327)
	at org.apache.ratis.thirdparty.io.netty.channel.nio.AbstractNioChannel$AbstractNioUnsafe.finishConnect(AbstractNioChannel.java:340)
	at org.apache.ratis.thirdparty.io.netty.channel.nio.NioEventLoop.processSelectedKey(NioEventLoop.java:632)
	at org.apache.ratis.thirdparty.io.netty.channel.nio.NioEventLoop.processSelectedKeysOptimized(NioEventLoop.java:579)
	at org.apache.ratis.thirdparty.io.netty.channel.nio.NioEventLoop.processSelectedKeys(NioEventLoop.java:496)
	at org.apache.ratis.thirdparty.io.netty.channel.nio.NioEventLoop.run(NioEventLoop.java:458)
	at org.apache.ratis.thirdparty.io.netty.util.concurrent.SingleThreadEventExecutor$5.run(SingleThreadEventExecutor.java:897)
	at org.apache.ratis.thirdparty.io.netty.util.concurrent.FastThreadLocalRunnable.run(FastThreadLocalRunnable.java:30)
	... 1 more
Caused by: java.net.ConnectException: Connection refused
	... 11 more
2019-10-18 14:59:05,682 [327657b1-60f8-49f2-b2a3-f63e1f934942@group-58A987F56150-LeaderElection458] INFO  impl.RaftServerImpl (RaftServerImpl.java:setRole(184)) - 327657b1-60f8-49f2-b2a3-f63e1f934942@group-58A987F56150: changes role from CANDIDATE to FOLLOWER at term 527 for DISCOVERED_A_NEW_TERM
2019-10-18 14:59:05,682 [327657b1-60f8-49f2-b2a3-f63e1f934942@group-58A987F56150-LeaderElection458] INFO  impl.RoleInfo (RoleInfo.java:shutdownLeaderElection(134)) - 327657b1-60f8-49f2-b2a3-f63e1f934942: shutdown LeaderElection
2019-10-18 14:59:05,682 [327657b1-60f8-49f2-b2a3-f63e1f934942@group-58A987F56150-LeaderElection458] INFO  impl.RoleInfo (RoleInfo.java:updateAndGet(143)) - 327657b1-60f8-49f2-b2a3-f63e1f934942: start FollowerState
2019-10-18 14:59:05,743 [Datanode State Machine Thread - 0] INFO  statemachine.DatanodeStateMachine (DatanodeStateMachine.java:lambda$startDaemon$0(350)) - Ozone container server started.
2019-10-18 14:59:05,807 [Datanode State Machine Thread - 0] INFO  statemachine.DatanodeStateMachine (DatanodeStateMachine.java:lambda$startDaemon$0(350)) - Ozone container server started.
2019-10-18 14:59:05,859 [Thread-3387] INFO  impl.FollowerState (FollowerState.java:run(108)) - 327657b1-60f8-49f2-b2a3-f63e1f934942@group-58A987F56150-FollowerState: change to CANDIDATE, lastRpcTime:176ms, electionTimeout:176ms
2019-10-18 14:59:05,859 [Thread-3387] INFO  impl.RoleInfo (RoleInfo.java:shutdownFollowerState(121)) - 327657b1-60f8-49f2-b2a3-f63e1f934942: shutdown FollowerState
2019-10-18 14:59:05,859 [Thread-3387] INFO  impl.RaftServerImpl (RaftServerImpl.java:setRole(184)) - 327657b1-60f8-49f2-b2a3-f63e1f934942@group-58A987F56150: changes role from  FOLLOWER to CANDIDATE at term 527 for changeToCandidate
2019-10-18 14:59:05,859 [Thread-3387] INFO  impl.RoleInfo (RoleInfo.java:updateAndGet(143)) - 327657b1-60f8-49f2-b2a3-f63e1f934942: start LeaderElection
2019-10-18 14:59:05,873 [327657b1-60f8-49f2-b2a3-f63e1f934942@group-58A987F56150-LeaderElection459] INFO  impl.LeaderElection (LeaderElection.java:askForVotes(178)) - 327657b1-60f8-49f2-b2a3-f63e1f934942@group-58A987F56150-LeaderElection459: begin an election at term 528 for -1: [6605b8a5-570b-4977-9ee7-6aaf3012bed5:192.168.164.233:35223, 327657b1-60f8-49f2-b2a3-f63e1f934942:192.168.164.233:41966, ddd4789c-894d-475a-bbfb-f6e7aa670c92:192.168.164.233:41061], old=null
2019-10-18 14:59:05,874 [327657b1-60f8-49f2-b2a3-f63e1f934942@group-58A987F56150-LeaderElection459] INFO  impl.LeaderElection (LogUtils.java:infoOrTrace(149)) - 327657b1-60f8-49f2-b2a3-f63e1f934942@group-58A987F56150-LeaderElection459 got exception when requesting votes: {}
java.util.concurrent.ExecutionException: org.apache.ratis.thirdparty.io.grpc.StatusRuntimeException: UNAVAILABLE: io exception
	at java.util.concurrent.FutureTask.report(FutureTask.java:122)
	at java.util.concurrent.FutureTask.get(FutureTask.java:192)
	at org.apache.ratis.server.impl.LeaderElection.waitForResults(LeaderElection.java:259)
	at org.apache.ratis.server.impl.LeaderElection.askForVotes(LeaderElection.java:197)
	at org.apache.ratis.server.impl.LeaderElection.run(LeaderElection.java:133)
	at java.lang.Thread.run(Thread.java:748)
Caused by: org.apache.ratis.thirdparty.io.grpc.StatusRuntimeException: UNAVAILABLE: io exception
	at org.apache.ratis.thirdparty.io.grpc.stub.ClientCalls.toStatusRuntimeException(ClientCalls.java:233)
	at org.apache.ratis.thirdparty.io.grpc.stub.ClientCalls.getUnchecked(ClientCalls.java:214)
	at org.apache.ratis.thirdparty.io.grpc.stub.ClientCalls.blockingUnaryCall(ClientCalls.java:139)
	at org.apache.ratis.proto.grpc.RaftServerProtocolServiceGrpc$RaftServerProtocolServiceBlockingStub.requestVote(RaftServerProtocolServiceGrpc.java:265)
	at org.apache.ratis.grpc.server.GrpcServerProtocolClient.requestVote(GrpcServerProtocolClient.java:99)
	at org.apache.ratis.grpc.server.GrpcService.requestVote(GrpcService.java:204)
	at org.apache.ratis.server.impl.LeaderElection.lambda$submitRequests$1(LeaderElection.java:234)
	at java.util.concurrent.FutureTask.run(FutureTask.java:266)
	at java.util.concurrent.Executors$RunnableAdapter.call(Executors.java:511)
	at java.util.concurrent.FutureTask.run(FutureTask.java:266)
	at java.util.concurrent.ThreadPoolExecutor.runWorker(ThreadPoolExecutor.java:1149)
	at java.util.concurrent.ThreadPoolExecutor$Worker.run(ThreadPoolExecutor.java:624)
	... 1 more
Caused by: org.apache.ratis.thirdparty.io.netty.channel.AbstractChannel$AnnotatedConnectException: Connection refused: /192.168.164.233:35223
	at sun.nio.ch.SocketChannelImpl.checkConnect(Native Method)
	at sun.nio.ch.SocketChannelImpl.finishConnect(SocketChannelImpl.java:717)
	at org.apache.ratis.thirdparty.io.netty.channel.socket.nio.NioSocketChannel.doFinishConnect(NioSocketChannel.java:327)
	at org.apache.ratis.thirdparty.io.netty.channel.nio.AbstractNioChannel$AbstractNioUnsafe.finishConnect(AbstractNioChannel.java:340)
	at org.apache.ratis.thirdparty.io.netty.channel.nio.NioEventLoop.processSelectedKey(NioEventLoop.java:632)
	at org.apache.ratis.thirdparty.io.netty.channel.nio.NioEventLoop.processSelectedKeysOptimized(NioEventLoop.java:579)
	at org.apache.ratis.thirdparty.io.netty.channel.nio.NioEventLoop.processSelectedKeys(NioEventLoop.java:496)
	at org.apache.ratis.thirdparty.io.netty.channel.nio.NioEventLoop.run(NioEventLoop.java:458)
	at org.apache.ratis.thirdparty.io.netty.util.concurrent.SingleThreadEventExecutor$5.run(SingleThreadEventExecutor.java:897)
	at org.apache.ratis.thirdparty.io.netty.util.concurrent.FastThreadLocalRunnable.run(FastThreadLocalRunnable.java:30)
	... 1 more
Caused by: java.net.ConnectException: Connection refused
	... 11 more
2019-10-18 14:59:05,875 [327657b1-60f8-49f2-b2a3-f63e1f934942@group-58A987F56150-LeaderElection459] INFO  impl.LeaderElection (LogUtils.java:infoOrTrace(149)) - 327657b1-60f8-49f2-b2a3-f63e1f934942@group-58A987F56150-LeaderElection459 got exception when requesting votes: {}
java.util.concurrent.ExecutionException: org.apache.ratis.thirdparty.io.grpc.StatusRuntimeException: UNAVAILABLE: io exception
	at java.util.concurrent.FutureTask.report(FutureTask.java:122)
	at java.util.concurrent.FutureTask.get(FutureTask.java:192)
	at org.apache.ratis.server.impl.LeaderElection.waitForResults(LeaderElection.java:259)
	at org.apache.ratis.server.impl.LeaderElection.askForVotes(LeaderElection.java:197)
	at org.apache.ratis.server.impl.LeaderElection.run(LeaderElection.java:133)
	at java.lang.Thread.run(Thread.java:748)
Caused by: org.apache.ratis.thirdparty.io.grpc.StatusRuntimeException: UNAVAILABLE: io exception
	at org.apache.ratis.thirdparty.io.grpc.stub.ClientCalls.toStatusRuntimeException(ClientCalls.java:233)
	at org.apache.ratis.thirdparty.io.grpc.stub.ClientCalls.getUnchecked(ClientCalls.java:214)
	at org.apache.ratis.thirdparty.io.grpc.stub.ClientCalls.blockingUnaryCall(ClientCalls.java:139)
	at org.apache.ratis.proto.grpc.RaftServerProtocolServiceGrpc$RaftServerProtocolServiceBlockingStub.requestVote(RaftServerProtocolServiceGrpc.java:265)
	at org.apache.ratis.grpc.server.GrpcServerProtocolClient.requestVote(GrpcServerProtocolClient.java:99)
	at org.apache.ratis.grpc.server.GrpcService.requestVote(GrpcService.java:204)
	at org.apache.ratis.server.impl.LeaderElection.lambda$submitRequests$1(LeaderElection.java:234)
	at java.util.concurrent.FutureTask.run(FutureTask.java:266)
	at java.util.concurrent.Executors$RunnableAdapter.call(Executors.java:511)
	at java.util.concurrent.FutureTask.run(FutureTask.java:266)
	at java.util.concurrent.ThreadPoolExecutor.runWorker(ThreadPoolExecutor.java:1149)
	at java.util.concurrent.ThreadPoolExecutor$Worker.run(ThreadPoolExecutor.java:624)
	... 1 more
Caused by: org.apache.ratis.thirdparty.io.netty.channel.AbstractChannel$AnnotatedConnectException: Connection refused: /192.168.164.233:41061
	at sun.nio.ch.SocketChannelImpl.checkConnect(Native Method)
	at sun.nio.ch.SocketChannelImpl.finishConnect(SocketChannelImpl.java:717)
	at org.apache.ratis.thirdparty.io.netty.channel.socket.nio.NioSocketChannel.doFinishConnect(NioSocketChannel.java:327)
	at org.apache.ratis.thirdparty.io.netty.channel.nio.AbstractNioChannel$AbstractNioUnsafe.finishConnect(AbstractNioChannel.java:340)
	at org.apache.ratis.thirdparty.io.netty.channel.nio.NioEventLoop.processSelectedKey(NioEventLoop.java:632)
	at org.apache.ratis.thirdparty.io.netty.channel.nio.NioEventLoop.processSelectedKeysOptimized(NioEventLoop.java:579)
	at org.apache.ratis.thirdparty.io.netty.channel.nio.NioEventLoop.processSelectedKeys(NioEventLoop.java:496)
	at org.apache.ratis.thirdparty.io.netty.channel.nio.NioEventLoop.run(NioEventLoop.java:458)
	at org.apache.ratis.thirdparty.io.netty.util.concurrent.SingleThreadEventExecutor$5.run(SingleThreadEventExecutor.java:897)
	at org.apache.ratis.thirdparty.io.netty.util.concurrent.FastThreadLocalRunnable.run(FastThreadLocalRunnable.java:30)
	... 1 more
Caused by: java.net.ConnectException: Connection refused
	... 11 more
2019-10-18 14:59:05,876 [327657b1-60f8-49f2-b2a3-f63e1f934942@group-58A987F56150-LeaderElection459] INFO  impl.LeaderElection (LeaderElection.java:logAndReturn(56)) - 327657b1-60f8-49f2-b2a3-f63e1f934942@group-58A987F56150-LeaderElection459: Election REJECTED; received 0 response(s) [] and 2 exception(s); 327657b1-60f8-49f2-b2a3-f63e1f934942@group-58A987F56150:t528, leader=null, voted=327657b1-60f8-49f2-b2a3-f63e1f934942, raftlog=327657b1-60f8-49f2-b2a3-f63e1f934942@group-58A987F56150-SegmentedRaftLog:OPENED:c-1,f-1,i0, conf=-1: [6605b8a5-570b-4977-9ee7-6aaf3012bed5:192.168.164.233:35223, 327657b1-60f8-49f2-b2a3-f63e1f934942:192.168.164.233:41966, ddd4789c-894d-475a-bbfb-f6e7aa670c92:192.168.164.233:41061], old=null
2019-10-18 14:59:05,876 [327657b1-60f8-49f2-b2a3-f63e1f934942@group-58A987F56150-LeaderElection459] INFO  impl.LeaderElection (LogUtils.java:infoOrTrace(149)) -   Exception 0: {}
java.util.concurrent.ExecutionException: org.apache.ratis.thirdparty.io.grpc.StatusRuntimeException: UNAVAILABLE: io exception
	at java.util.concurrent.FutureTask.report(FutureTask.java:122)
	at java.util.concurrent.FutureTask.get(FutureTask.java:192)
	at org.apache.ratis.server.impl.LeaderElection.waitForResults(LeaderElection.java:259)
	at org.apache.ratis.server.impl.LeaderElection.askForVotes(LeaderElection.java:197)
	at org.apache.ratis.server.impl.LeaderElection.run(LeaderElection.java:133)
	at java.lang.Thread.run(Thread.java:748)
Caused by: org.apache.ratis.thirdparty.io.grpc.StatusRuntimeException: UNAVAILABLE: io exception
	at org.apache.ratis.thirdparty.io.grpc.stub.ClientCalls.toStatusRuntimeException(ClientCalls.java:233)
	at org.apache.ratis.thirdparty.io.grpc.stub.ClientCalls.getUnchecked(ClientCalls.java:214)
	at org.apache.ratis.thirdparty.io.grpc.stub.ClientCalls.blockingUnaryCall(ClientCalls.java:139)
	at org.apache.ratis.proto.grpc.RaftServerProtocolServiceGrpc$RaftServerProtocolServiceBlockingStub.requestVote(RaftServerProtocolServiceGrpc.java:265)
	at org.apache.ratis.grpc.server.GrpcServerProtocolClient.requestVote(GrpcServerProtocolClient.java:99)
	at org.apache.ratis.grpc.server.GrpcService.requestVote(GrpcService.java:204)
	at org.apache.ratis.server.impl.LeaderElection.lambda$submitRequests$1(LeaderElection.java:234)
	at java.util.concurrent.FutureTask.run(FutureTask.java:266)
	at java.util.concurrent.Executors$RunnableAdapter.call(Executors.java:511)
	at java.util.concurrent.FutureTask.run(FutureTask.java:266)
	at java.util.concurrent.ThreadPoolExecutor.runWorker(ThreadPoolExecutor.java:1149)
	at java.util.concurrent.ThreadPoolExecutor$Worker.run(ThreadPoolExecutor.java:624)
	... 1 more
Caused by: org.apache.ratis.thirdparty.io.netty.channel.AbstractChannel$AnnotatedConnectException: Connection refused: /192.168.164.233:35223
	at sun.nio.ch.SocketChannelImpl.checkConnect(Native Method)
	at sun.nio.ch.SocketChannelImpl.finishConnect(SocketChannelImpl.java:717)
	at org.apache.ratis.thirdparty.io.netty.channel.socket.nio.NioSocketChannel.doFinishConnect(NioSocketChannel.java:327)
	at org.apache.ratis.thirdparty.io.netty.channel.nio.AbstractNioChannel$AbstractNioUnsafe.finishConnect(AbstractNioChannel.java:340)
	at org.apache.ratis.thirdparty.io.netty.channel.nio.NioEventLoop.processSelectedKey(NioEventLoop.java:632)
	at org.apache.ratis.thirdparty.io.netty.channel.nio.NioEventLoop.processSelectedKeysOptimized(NioEventLoop.java:579)
	at org.apache.ratis.thirdparty.io.netty.channel.nio.NioEventLoop.processSelectedKeys(NioEventLoop.java:496)
	at org.apache.ratis.thirdparty.io.netty.channel.nio.NioEventLoop.run(NioEventLoop.java:458)
	at org.apache.ratis.thirdparty.io.netty.util.concurrent.SingleThreadEventExecutor$5.run(SingleThreadEventExecutor.java:897)
	at org.apache.ratis.thirdparty.io.netty.util.concurrent.FastThreadLocalRunnable.run(FastThreadLocalRunnable.java:30)
	... 1 more
Caused by: java.net.ConnectException: Connection refused
	... 11 more
2019-10-18 14:59:05,877 [327657b1-60f8-49f2-b2a3-f63e1f934942@group-58A987F56150-LeaderElection459] INFO  impl.LeaderElection (LogUtils.java:infoOrTrace(149)) -   Exception 1: {}
java.util.concurrent.ExecutionException: org.apache.ratis.thirdparty.io.grpc.StatusRuntimeException: UNAVAILABLE: io exception
	at java.util.concurrent.FutureTask.report(FutureTask.java:122)
	at java.util.concurrent.FutureTask.get(FutureTask.java:192)
	at org.apache.ratis.server.impl.LeaderElection.waitForResults(LeaderElection.java:259)
	at org.apache.ratis.server.impl.LeaderElection.askForVotes(LeaderElection.java:197)
	at org.apache.ratis.server.impl.LeaderElection.run(LeaderElection.java:133)
	at java.lang.Thread.run(Thread.java:748)
Caused by: org.apache.ratis.thirdparty.io.grpc.StatusRuntimeException: UNAVAILABLE: io exception
	at org.apache.ratis.thirdparty.io.grpc.stub.ClientCalls.toStatusRuntimeException(ClientCalls.java:233)
	at org.apache.ratis.thirdparty.io.grpc.stub.ClientCalls.getUnchecked(ClientCalls.java:214)
	at org.apache.ratis.thirdparty.io.grpc.stub.ClientCalls.blockingUnaryCall(ClientCalls.java:139)
	at org.apache.ratis.proto.grpc.RaftServerProtocolServiceGrpc$RaftServerProtocolServiceBlockingStub.requestVote(RaftServerProtocolServiceGrpc.java:265)
	at org.apache.ratis.grpc.server.GrpcServerProtocolClient.requestVote(GrpcServerProtocolClient.java:99)
	at org.apache.ratis.grpc.server.GrpcService.requestVote(GrpcService.java:204)
	at org.apache.ratis.server.impl.LeaderElection.lambda$submitRequests$1(LeaderElection.java:234)
	at java.util.concurrent.FutureTask.run(FutureTask.java:266)
	at java.util.concurrent.Executors$RunnableAdapter.call(Executors.java:511)
	at java.util.concurrent.FutureTask.run(FutureTask.java:266)
	at java.util.concurrent.ThreadPoolExecutor.runWorker(ThreadPoolExecutor.java:1149)
	at java.util.concurrent.ThreadPoolExecutor$Worker.run(ThreadPoolExecutor.java:624)
	... 1 more
Caused by: org.apache.ratis.thirdparty.io.netty.channel.AbstractChannel$AnnotatedConnectException: Connection refused: /192.168.164.233:41061
	at sun.nio.ch.SocketChannelImpl.checkConnect(Native Method)
	at sun.nio.ch.SocketChannelImpl.finishConnect(SocketChannelImpl.java:717)
	at org.apache.ratis.thirdparty.io.netty.channel.socket.nio.NioSocketChannel.doFinishConnect(NioSocketChannel.java:327)
	at org.apache.ratis.thirdparty.io.netty.channel.nio.AbstractNioChannel$AbstractNioUnsafe.finishConnect(AbstractNioChannel.java:340)
	at org.apache.ratis.thirdparty.io.netty.channel.nio.NioEventLoop.processSelectedKey(NioEventLoop.java:632)
	at org.apache.ratis.thirdparty.io.netty.channel.nio.NioEventLoop.processSelectedKeysOptimized(NioEventLoop.java:579)
	at org.apache.ratis.thirdparty.io.netty.channel.nio.NioEventLoop.processSelectedKeys(NioEventLoop.java:496)
	at org.apache.ratis.thirdparty.io.netty.channel.nio.NioEventLoop.run(NioEventLoop.java:458)
	at org.apache.ratis.thirdparty.io.netty.util.concurrent.SingleThreadEventExecutor$5.run(SingleThreadEventExecutor.java:897)
	at org.apache.ratis.thirdparty.io.netty.util.concurrent.FastThreadLocalRunnable.run(FastThreadLocalRunnable.java:30)
	... 1 more
Caused by: java.net.ConnectException: Connection refused
	... 11 more
2019-10-18 14:59:05,878 [327657b1-60f8-49f2-b2a3-f63e1f934942@group-58A987F56150-LeaderElection459] INFO  impl.RaftServerImpl (RaftServerImpl.java:setRole(184)) - 327657b1-60f8-49f2-b2a3-f63e1f934942@group-58A987F56150: changes role from CANDIDATE to FOLLOWER at term 528 for DISCOVERED_A_NEW_TERM
2019-10-18 14:59:05,878 [327657b1-60f8-49f2-b2a3-f63e1f934942@group-58A987F56150-LeaderElection459] INFO  impl.RoleInfo (RoleInfo.java:shutdownLeaderElection(134)) - 327657b1-60f8-49f2-b2a3-f63e1f934942: shutdown LeaderElection
2019-10-18 14:59:05,878 [327657b1-60f8-49f2-b2a3-f63e1f934942@group-58A987F56150-LeaderElection459] INFO  impl.RoleInfo (RoleInfo.java:updateAndGet(143)) - 327657b1-60f8-49f2-b2a3-f63e1f934942: start FollowerState
2019-10-18 14:59:05,933 [Thread-3391] INFO  impl.FollowerState (FollowerState.java:run(108)) - 327657b1-60f8-49f2-b2a3-f63e1f934942@group-58A987F56150-FollowerState: change to CANDIDATE, lastRpcTime:55ms, electionTimeout:55ms
2019-10-18 14:59:05,934 [Thread-3391] INFO  impl.RoleInfo (RoleInfo.java:shutdownFollowerState(121)) - 327657b1-60f8-49f2-b2a3-f63e1f934942: shutdown FollowerState
2019-10-18 14:59:05,934 [Thread-3391] INFO  impl.RaftServerImpl (RaftServerImpl.java:setRole(184)) - 327657b1-60f8-49f2-b2a3-f63e1f934942@group-58A987F56150: changes role from  FOLLOWER to CANDIDATE at term 528 for changeToCandidate
2019-10-18 14:59:05,934 [Thread-3391] INFO  impl.RoleInfo (RoleInfo.java:updateAndGet(143)) - 327657b1-60f8-49f2-b2a3-f63e1f934942: start LeaderElection
2019-10-18 14:59:05,960 [327657b1-60f8-49f2-b2a3-f63e1f934942@group-58A987F56150-LeaderElection460] INFO  impl.LeaderElection (LeaderElection.java:askForVotes(178)) - 327657b1-60f8-49f2-b2a3-f63e1f934942@group-58A987F56150-LeaderElection460: begin an election at term 529 for -1: [6605b8a5-570b-4977-9ee7-6aaf3012bed5:192.168.164.233:35223, 327657b1-60f8-49f2-b2a3-f63e1f934942:192.168.164.233:41966, ddd4789c-894d-475a-bbfb-f6e7aa670c92:192.168.164.233:41061], old=null
2019-10-18 14:59:05,961 [327657b1-60f8-49f2-b2a3-f63e1f934942@group-58A987F56150-LeaderElection460] INFO  impl.LeaderElection (LogUtils.java:infoOrTrace(149)) - 327657b1-60f8-49f2-b2a3-f63e1f934942@group-58A987F56150-LeaderElection460 got exception when requesting votes: {}
java.util.concurrent.ExecutionException: org.apache.ratis.thirdparty.io.grpc.StatusRuntimeException: UNAVAILABLE: io exception
	at java.util.concurrent.FutureTask.report(FutureTask.java:122)
	at java.util.concurrent.FutureTask.get(FutureTask.java:192)
	at org.apache.ratis.server.impl.LeaderElection.waitForResults(LeaderElection.java:259)
	at org.apache.ratis.server.impl.LeaderElection.askForVotes(LeaderElection.java:197)
	at org.apache.ratis.server.impl.LeaderElection.run(LeaderElection.java:133)
	at java.lang.Thread.run(Thread.java:748)
Caused by: org.apache.ratis.thirdparty.io.grpc.StatusRuntimeException: UNAVAILABLE: io exception
	at org.apache.ratis.thirdparty.io.grpc.stub.ClientCalls.toStatusRuntimeException(ClientCalls.java:233)
	at org.apache.ratis.thirdparty.io.grpc.stub.ClientCalls.getUnchecked(ClientCalls.java:214)
	at org.apache.ratis.thirdparty.io.grpc.stub.ClientCalls.blockingUnaryCall(ClientCalls.java:139)
	at org.apache.ratis.proto.grpc.RaftServerProtocolServiceGrpc$RaftServerProtocolServiceBlockingStub.requestVote(RaftServerProtocolServiceGrpc.java:265)
	at org.apache.ratis.grpc.server.GrpcServerProtocolClient.requestVote(GrpcServerProtocolClient.java:99)
	at org.apache.ratis.grpc.server.GrpcService.requestVote(GrpcService.java:204)
	at org.apache.ratis.server.impl.LeaderElection.lambda$submitRequests$1(LeaderElection.java:234)
	at java.util.concurrent.FutureTask.run(FutureTask.java:266)
	at java.util.concurrent.Executors$RunnableAdapter.call(Executors.java:511)
	at java.util.concurrent.FutureTask.run(FutureTask.java:266)
	at java.util.concurrent.ThreadPoolExecutor.runWorker(ThreadPoolExecutor.java:1149)
	at java.util.concurrent.ThreadPoolExecutor$Worker.run(ThreadPoolExecutor.java:624)
	... 1 more
Caused by: org.apache.ratis.thirdparty.io.netty.channel.AbstractChannel$AnnotatedConnectException: Connection refused: /192.168.164.233:35223
	at sun.nio.ch.SocketChannelImpl.checkConnect(Native Method)
	at sun.nio.ch.SocketChannelImpl.finishConnect(SocketChannelImpl.java:717)
	at org.apache.ratis.thirdparty.io.netty.channel.socket.nio.NioSocketChannel.doFinishConnect(NioSocketChannel.java:327)
	at org.apache.ratis.thirdparty.io.netty.channel.nio.AbstractNioChannel$AbstractNioUnsafe.finishConnect(AbstractNioChannel.java:340)
	at org.apache.ratis.thirdparty.io.netty.channel.nio.NioEventLoop.processSelectedKey(NioEventLoop.java:632)
	at org.apache.ratis.thirdparty.io.netty.channel.nio.NioEventLoop.processSelectedKeysOptimized(NioEventLoop.java:579)
	at org.apache.ratis.thirdparty.io.netty.channel.nio.NioEventLoop.processSelectedKeys(NioEventLoop.java:496)
	at org.apache.ratis.thirdparty.io.netty.channel.nio.NioEventLoop.run(NioEventLoop.java:458)
	at org.apache.ratis.thirdparty.io.netty.util.concurrent.SingleThreadEventExecutor$5.run(SingleThreadEventExecutor.java:897)
	at org.apache.ratis.thirdparty.io.netty.util.concurrent.FastThreadLocalRunnable.run(FastThreadLocalRunnable.java:30)
	... 1 more
Caused by: java.net.ConnectException: Connection refused
	... 11 more
2019-10-18 14:59:05,963 [327657b1-60f8-49f2-b2a3-f63e1f934942@group-58A987F56150-LeaderElection460] INFO  impl.LeaderElection (LogUtils.java:infoOrTrace(149)) - 327657b1-60f8-49f2-b2a3-f63e1f934942@group-58A987F56150-LeaderElection460 got exception when requesting votes: {}
java.util.concurrent.ExecutionException: org.apache.ratis.thirdparty.io.grpc.StatusRuntimeException: UNAVAILABLE: io exception
	at java.util.concurrent.FutureTask.report(FutureTask.java:122)
	at java.util.concurrent.FutureTask.get(FutureTask.java:192)
	at org.apache.ratis.server.impl.LeaderElection.waitForResults(LeaderElection.java:259)
	at org.apache.ratis.server.impl.LeaderElection.askForVotes(LeaderElection.java:197)
	at org.apache.ratis.server.impl.LeaderElection.run(LeaderElection.java:133)
	at java.lang.Thread.run(Thread.java:748)
Caused by: org.apache.ratis.thirdparty.io.grpc.StatusRuntimeException: UNAVAILABLE: io exception
	at org.apache.ratis.thirdparty.io.grpc.stub.ClientCalls.toStatusRuntimeException(ClientCalls.java:233)
	at org.apache.ratis.thirdparty.io.grpc.stub.ClientCalls.getUnchecked(ClientCalls.java:214)
	at org.apache.ratis.thirdparty.io.grpc.stub.ClientCalls.blockingUnaryCall(ClientCalls.java:139)
	at org.apache.ratis.proto.grpc.RaftServerProtocolServiceGrpc$RaftServerProtocolServiceBlockingStub.requestVote(RaftServerProtocolServiceGrpc.java:265)
	at org.apache.ratis.grpc.server.GrpcServerProtocolClient.requestVote(GrpcServerProtocolClient.java:99)
	at org.apache.ratis.grpc.server.GrpcService.requestVote(GrpcService.java:204)
	at org.apache.ratis.server.impl.LeaderElection.lambda$submitRequests$1(LeaderElection.java:234)
	at java.util.concurrent.FutureTask.run(FutureTask.java:266)
	at java.util.concurrent.Executors$RunnableAdapter.call(Executors.java:511)
	at java.util.concurrent.FutureTask.run(FutureTask.java:266)
	at java.util.concurrent.ThreadPoolExecutor.runWorker(ThreadPoolExecutor.java:1149)
	at java.util.concurrent.ThreadPoolExecutor$Worker.run(ThreadPoolExecutor.java:624)
	... 1 more
Caused by: org.apache.ratis.thirdparty.io.netty.channel.AbstractChannel$AnnotatedConnectException: Connection refused: /192.168.164.233:41061
	at sun.nio.ch.SocketChannelImpl.checkConnect(Native Method)
	at sun.nio.ch.SocketChannelImpl.finishConnect(SocketChannelImpl.java:717)
	at org.apache.ratis.thirdparty.io.netty.channel.socket.nio.NioSocketChannel.doFinishConnect(NioSocketChannel.java:327)
	at org.apache.ratis.thirdparty.io.netty.channel.nio.AbstractNioChannel$AbstractNioUnsafe.finishConnect(AbstractNioChannel.java:340)
	at org.apache.ratis.thirdparty.io.netty.channel.nio.NioEventLoop.processSelectedKey(NioEventLoop.java:632)
	at org.apache.ratis.thirdparty.io.netty.channel.nio.NioEventLoop.processSelectedKeysOptimized(NioEventLoop.java:579)
	at org.apache.ratis.thirdparty.io.netty.channel.nio.NioEventLoop.processSelectedKeys(NioEventLoop.java:496)
	at org.apache.ratis.thirdparty.io.netty.channel.nio.NioEventLoop.run(NioEventLoop.java:458)
	at org.apache.ratis.thirdparty.io.netty.util.concurrent.SingleThreadEventExecutor$5.run(SingleThreadEventExecutor.java:897)
	at org.apache.ratis.thirdparty.io.netty.util.concurrent.FastThreadLocalRunnable.run(FastThreadLocalRunnable.java:30)
	... 1 more
Caused by: java.net.ConnectException: Connection refused
	... 11 more
2019-10-18 14:59:05,965 [327657b1-60f8-49f2-b2a3-f63e1f934942@group-58A987F56150-LeaderElection460] INFO  impl.LeaderElection (LeaderElection.java:logAndReturn(56)) - 327657b1-60f8-49f2-b2a3-f63e1f934942@group-58A987F56150-LeaderElection460: Election REJECTED; received 0 response(s) [] and 2 exception(s); 327657b1-60f8-49f2-b2a3-f63e1f934942@group-58A987F56150:t529, leader=null, voted=327657b1-60f8-49f2-b2a3-f63e1f934942, raftlog=327657b1-60f8-49f2-b2a3-f63e1f934942@group-58A987F56150-SegmentedRaftLog:OPENED:c-1,f-1,i0, conf=-1: [6605b8a5-570b-4977-9ee7-6aaf3012bed5:192.168.164.233:35223, 327657b1-60f8-49f2-b2a3-f63e1f934942:192.168.164.233:41966, ddd4789c-894d-475a-bbfb-f6e7aa670c92:192.168.164.233:41061], old=null
2019-10-18 14:59:05,965 [327657b1-60f8-49f2-b2a3-f63e1f934942@group-58A987F56150-LeaderElection460] INFO  impl.LeaderElection (LogUtils.java:infoOrTrace(149)) -   Exception 0: {}
java.util.concurrent.ExecutionException: org.apache.ratis.thirdparty.io.grpc.StatusRuntimeException: UNAVAILABLE: io exception
	at java.util.concurrent.FutureTask.report(FutureTask.java:122)
	at java.util.concurrent.FutureTask.get(FutureTask.java:192)
	at org.apache.ratis.server.impl.LeaderElection.waitForResults(LeaderElection.java:259)
	at org.apache.ratis.server.impl.LeaderElection.askForVotes(LeaderElection.java:197)
	at org.apache.ratis.server.impl.LeaderElection.run(LeaderElection.java:133)
	at java.lang.Thread.run(Thread.java:748)
Caused by: org.apache.ratis.thirdparty.io.grpc.StatusRuntimeException: UNAVAILABLE: io exception
	at org.apache.ratis.thirdparty.io.grpc.stub.ClientCalls.toStatusRuntimeException(ClientCalls.java:233)
	at org.apache.ratis.thirdparty.io.grpc.stub.ClientCalls.getUnchecked(ClientCalls.java:214)
	at org.apache.ratis.thirdparty.io.grpc.stub.ClientCalls.blockingUnaryCall(ClientCalls.java:139)
	at org.apache.ratis.proto.grpc.RaftServerProtocolServiceGrpc$RaftServerProtocolServiceBlockingStub.requestVote(RaftServerProtocolServiceGrpc.java:265)
	at org.apache.ratis.grpc.server.GrpcServerProtocolClient.requestVote(GrpcServerProtocolClient.java:99)
	at org.apache.ratis.grpc.server.GrpcService.requestVote(GrpcService.java:204)
	at org.apache.ratis.server.impl.LeaderElection.lambda$submitRequests$1(LeaderElection.java:234)
	at java.util.concurrent.FutureTask.run(FutureTask.java:266)
	at java.util.concurrent.Executors$RunnableAdapter.call(Executors.java:511)
	at java.util.concurrent.FutureTask.run(FutureTask.java:266)
	at java.util.concurrent.ThreadPoolExecutor.runWorker(ThreadPoolExecutor.java:1149)
	at java.util.concurrent.ThreadPoolExecutor$Worker.run(ThreadPoolExecutor.java:624)
	... 1 more
Caused by: org.apache.ratis.thirdparty.io.netty.channel.AbstractChannel$AnnotatedConnectException: Connection refused: /192.168.164.233:35223
	at sun.nio.ch.SocketChannelImpl.checkConnect(Native Method)
	at sun.nio.ch.SocketChannelImpl.finishConnect(SocketChannelImpl.java:717)
	at org.apache.ratis.thirdparty.io.netty.channel.socket.nio.NioSocketChannel.doFinishConnect(NioSocketChannel.java:327)
	at org.apache.ratis.thirdparty.io.netty.channel.nio.AbstractNioChannel$AbstractNioUnsafe.finishConnect(AbstractNioChannel.java:340)
	at org.apache.ratis.thirdparty.io.netty.channel.nio.NioEventLoop.processSelectedKey(NioEventLoop.java:632)
	at org.apache.ratis.thirdparty.io.netty.channel.nio.NioEventLoop.processSelectedKeysOptimized(NioEventLoop.java:579)
	at org.apache.ratis.thirdparty.io.netty.channel.nio.NioEventLoop.processSelectedKeys(NioEventLoop.java:496)
	at org.apache.ratis.thirdparty.io.netty.channel.nio.NioEventLoop.run(NioEventLoop.java:458)
	at org.apache.ratis.thirdparty.io.netty.util.concurrent.SingleThreadEventExecutor$5.run(SingleThreadEventExecutor.java:897)
	at org.apache.ratis.thirdparty.io.netty.util.concurrent.FastThreadLocalRunnable.run(FastThreadLocalRunnable.java:30)
	... 1 more
Caused by: java.net.ConnectException: Connection refused
	... 11 more
2019-10-18 14:59:05,966 [327657b1-60f8-49f2-b2a3-f63e1f934942@group-58A987F56150-LeaderElection460] INFO  impl.LeaderElection (LogUtils.java:infoOrTrace(149)) -   Exception 1: {}
java.util.concurrent.ExecutionException: org.apache.ratis.thirdparty.io.grpc.StatusRuntimeException: UNAVAILABLE: io exception
	at java.util.concurrent.FutureTask.report(FutureTask.java:122)
	at java.util.concurrent.FutureTask.get(FutureTask.java:192)
	at org.apache.ratis.server.impl.LeaderElection.waitForResults(LeaderElection.java:259)
	at org.apache.ratis.server.impl.LeaderElection.askForVotes(LeaderElection.java:197)
	at org.apache.ratis.server.impl.LeaderElection.run(LeaderElection.java:133)
	at java.lang.Thread.run(Thread.java:748)
Caused by: org.apache.ratis.thirdparty.io.grpc.StatusRuntimeException: UNAVAILABLE: io exception
	at org.apache.ratis.thirdparty.io.grpc.stub.ClientCalls.toStatusRuntimeException(ClientCalls.java:233)
	at org.apache.ratis.thirdparty.io.grpc.stub.ClientCalls.getUnchecked(ClientCalls.java:214)
	at org.apache.ratis.thirdparty.io.grpc.stub.ClientCalls.blockingUnaryCall(ClientCalls.java:139)
	at org.apache.ratis.proto.grpc.RaftServerProtocolServiceGrpc$RaftServerProtocolServiceBlockingStub.requestVote(RaftServerProtocolServiceGrpc.java:265)
	at org.apache.ratis.grpc.server.GrpcServerProtocolClient.requestVote(GrpcServerProtocolClient.java:99)
	at org.apache.ratis.grpc.server.GrpcService.requestVote(GrpcService.java:204)
	at org.apache.ratis.server.impl.LeaderElection.lambda$submitRequests$1(LeaderElection.java:234)
	at java.util.concurrent.FutureTask.run(FutureTask.java:266)
	at java.util.concurrent.Executors$RunnableAdapter.call(Executors.java:511)
	at java.util.concurrent.FutureTask.run(FutureTask.java:266)
	at java.util.concurrent.ThreadPoolExecutor.runWorker(ThreadPoolExecutor.java:1149)
	at java.util.concurrent.ThreadPoolExecutor$Worker.run(ThreadPoolExecutor.java:624)
	... 1 more
Caused by: org.apache.ratis.thirdparty.io.netty.channel.AbstractChannel$AnnotatedConnectException: Connection refused: /192.168.164.233:41061
	at sun.nio.ch.SocketChannelImpl.checkConnect(Native Method)
	at sun.nio.ch.SocketChannelImpl.finishConnect(SocketChannelImpl.java:717)
	at org.apache.ratis.thirdparty.io.netty.channel.socket.nio.NioSocketChannel.doFinishConnect(NioSocketChannel.java:327)
	at org.apache.ratis.thirdparty.io.netty.channel.nio.AbstractNioChannel$AbstractNioUnsafe.finishConnect(AbstractNioChannel.java:340)
	at org.apache.ratis.thirdparty.io.netty.channel.nio.NioEventLoop.processSelectedKey(NioEventLoop.java:632)
	at org.apache.ratis.thirdparty.io.netty.channel.nio.NioEventLoop.processSelectedKeysOptimized(NioEventLoop.java:579)
	at org.apache.ratis.thirdparty.io.netty.channel.nio.NioEventLoop.processSelectedKeys(NioEventLoop.java:496)
	at org.apache.ratis.thirdparty.io.netty.channel.nio.NioEventLoop.run(NioEventLoop.java:458)
	at org.apache.ratis.thirdparty.io.netty.util.concurrent.SingleThreadEventExecutor$5.run(SingleThreadEventExecutor.java:897)
	at org.apache.ratis.thirdparty.io.netty.util.concurrent.FastThreadLocalRunnable.run(FastThreadLocalRunnable.java:30)
	... 1 more
Caused by: java.net.ConnectException: Connection refused
	... 11 more
2019-10-18 14:59:05,966 [327657b1-60f8-49f2-b2a3-f63e1f934942@group-58A987F56150-LeaderElection460] INFO  impl.RaftServerImpl (RaftServerImpl.java:setRole(184)) - 327657b1-60f8-49f2-b2a3-f63e1f934942@group-58A987F56150: changes role from CANDIDATE to FOLLOWER at term 529 for DISCOVERED_A_NEW_TERM
2019-10-18 14:59:05,967 [327657b1-60f8-49f2-b2a3-f63e1f934942@group-58A987F56150-LeaderElection460] INFO  impl.RoleInfo (RoleInfo.java:shutdownLeaderElection(134)) - 327657b1-60f8-49f2-b2a3-f63e1f934942: shutdown LeaderElection
2019-10-18 14:59:05,967 [327657b1-60f8-49f2-b2a3-f63e1f934942@group-58A987F56150-LeaderElection460] INFO  impl.RoleInfo (RoleInfo.java:updateAndGet(143)) - 327657b1-60f8-49f2-b2a3-f63e1f934942: start FollowerState
2019-10-18 14:59:06,008 [Thread-3395] INFO  impl.FollowerState (FollowerState.java:run(108)) - 327657b1-60f8-49f2-b2a3-f63e1f934942@group-58A987F56150-FollowerState: change to CANDIDATE, lastRpcTime:41ms, electionTimeout:41ms
2019-10-18 14:59:06,009 [Thread-3395] INFO  impl.RoleInfo (RoleInfo.java:shutdownFollowerState(121)) - 327657b1-60f8-49f2-b2a3-f63e1f934942: shutdown FollowerState
2019-10-18 14:59:06,009 [Thread-3395] INFO  impl.RaftServerImpl (RaftServerImpl.java:setRole(184)) - 327657b1-60f8-49f2-b2a3-f63e1f934942@group-58A987F56150: changes role from  FOLLOWER to CANDIDATE at term 529 for changeToCandidate
2019-10-18 14:59:06,009 [Thread-3395] INFO  impl.RoleInfo (RoleInfo.java:updateAndGet(143)) - 327657b1-60f8-49f2-b2a3-f63e1f934942: start LeaderElection
2019-10-18 14:59:06,022 [327657b1-60f8-49f2-b2a3-f63e1f934942@group-58A987F56150-LeaderElection461] INFO  impl.LeaderElection (LeaderElection.java:askForVotes(178)) - 327657b1-60f8-49f2-b2a3-f63e1f934942@group-58A987F56150-LeaderElection461: begin an election at term 530 for -1: [6605b8a5-570b-4977-9ee7-6aaf3012bed5:192.168.164.233:35223, 327657b1-60f8-49f2-b2a3-f63e1f934942:192.168.164.233:41966, ddd4789c-894d-475a-bbfb-f6e7aa670c92:192.168.164.233:41061], old=null
2019-10-18 14:59:06,023 [327657b1-60f8-49f2-b2a3-f63e1f934942@group-58A987F56150-LeaderElection461] INFO  impl.LeaderElection (LogUtils.java:infoOrTrace(149)) - 327657b1-60f8-49f2-b2a3-f63e1f934942@group-58A987F56150-LeaderElection461 got exception when requesting votes: {}
java.util.concurrent.ExecutionException: org.apache.ratis.thirdparty.io.grpc.StatusRuntimeException: UNAVAILABLE: io exception
	at java.util.concurrent.FutureTask.report(FutureTask.java:122)
	at java.util.concurrent.FutureTask.get(FutureTask.java:192)
	at org.apache.ratis.server.impl.LeaderElection.waitForResults(LeaderElection.java:259)
	at org.apache.ratis.server.impl.LeaderElection.askForVotes(LeaderElection.java:197)
	at org.apache.ratis.server.impl.LeaderElection.run(LeaderElection.java:133)
	at java.lang.Thread.run(Thread.java:748)
Caused by: org.apache.ratis.thirdparty.io.grpc.StatusRuntimeException: UNAVAILABLE: io exception
	at org.apache.ratis.thirdparty.io.grpc.stub.ClientCalls.toStatusRuntimeException(ClientCalls.java:233)
	at org.apache.ratis.thirdparty.io.grpc.stub.ClientCalls.getUnchecked(ClientCalls.java:214)
	at org.apache.ratis.thirdparty.io.grpc.stub.ClientCalls.blockingUnaryCall(ClientCalls.java:139)
	at org.apache.ratis.proto.grpc.RaftServerProtocolServiceGrpc$RaftServerProtocolServiceBlockingStub.requestVote(RaftServerProtocolServiceGrpc.java:265)
	at org.apache.ratis.grpc.server.GrpcServerProtocolClient.requestVote(GrpcServerProtocolClient.java:99)
	at org.apache.ratis.grpc.server.GrpcService.requestVote(GrpcService.java:204)
	at org.apache.ratis.server.impl.LeaderElection.lambda$submitRequests$1(LeaderElection.java:234)
	at java.util.concurrent.FutureTask.run(FutureTask.java:266)
	at java.util.concurrent.Executors$RunnableAdapter.call(Executors.java:511)
	at java.util.concurrent.FutureTask.run(FutureTask.java:266)
	at java.util.concurrent.ThreadPoolExecutor.runWorker(ThreadPoolExecutor.java:1149)
	at java.util.concurrent.ThreadPoolExecutor$Worker.run(ThreadPoolExecutor.java:624)
	... 1 more
Caused by: org.apache.ratis.thirdparty.io.netty.channel.AbstractChannel$AnnotatedConnectException: Connection refused: /192.168.164.233:41061
	at sun.nio.ch.SocketChannelImpl.checkConnect(Native Method)
	at sun.nio.ch.SocketChannelImpl.finishConnect(SocketChannelImpl.java:717)
	at org.apache.ratis.thirdparty.io.netty.channel.socket.nio.NioSocketChannel.doFinishConnect(NioSocketChannel.java:327)
	at org.apache.ratis.thirdparty.io.netty.channel.nio.AbstractNioChannel$AbstractNioUnsafe.finishConnect(AbstractNioChannel.java:340)
	at org.apache.ratis.thirdparty.io.netty.channel.nio.NioEventLoop.processSelectedKey(NioEventLoop.java:632)
	at org.apache.ratis.thirdparty.io.netty.channel.nio.NioEventLoop.processSelectedKeysOptimized(NioEventLoop.java:579)
	at org.apache.ratis.thirdparty.io.netty.channel.nio.NioEventLoop.processSelectedKeys(NioEventLoop.java:496)
	at org.apache.ratis.thirdparty.io.netty.channel.nio.NioEventLoop.run(NioEventLoop.java:458)
	at org.apache.ratis.thirdparty.io.netty.util.concurrent.SingleThreadEventExecutor$5.run(SingleThreadEventExecutor.java:897)
	at org.apache.ratis.thirdparty.io.netty.util.concurrent.FastThreadLocalRunnable.run(FastThreadLocalRunnable.java:30)
	... 1 more
Caused by: java.net.ConnectException: Connection refused
	... 11 more
2019-10-18 14:59:06,025 [327657b1-60f8-49f2-b2a3-f63e1f934942@group-58A987F56150-LeaderElection461] INFO  impl.LeaderElection (LogUtils.java:infoOrTrace(149)) - 327657b1-60f8-49f2-b2a3-f63e1f934942@group-58A987F56150-LeaderElection461 got exception when requesting votes: {}
java.util.concurrent.ExecutionException: org.apache.ratis.thirdparty.io.grpc.StatusRuntimeException: UNAVAILABLE: io exception
	at java.util.concurrent.FutureTask.report(FutureTask.java:122)
	at java.util.concurrent.FutureTask.get(FutureTask.java:192)
	at org.apache.ratis.server.impl.LeaderElection.waitForResults(LeaderElection.java:259)
	at org.apache.ratis.server.impl.LeaderElection.askForVotes(LeaderElection.java:197)
	at org.apache.ratis.server.impl.LeaderElection.run(LeaderElection.java:133)
	at java.lang.Thread.run(Thread.java:748)
Caused by: org.apache.ratis.thirdparty.io.grpc.StatusRuntimeException: UNAVAILABLE: io exception
	at org.apache.ratis.thirdparty.io.grpc.stub.ClientCalls.toStatusRuntimeException(ClientCalls.java:233)
	at org.apache.ratis.thirdparty.io.grpc.stub.ClientCalls.getUnchecked(ClientCalls.java:214)
	at org.apache.ratis.thirdparty.io.grpc.stub.ClientCalls.blockingUnaryCall(ClientCalls.java:139)
	at org.apache.ratis.proto.grpc.RaftServerProtocolServiceGrpc$RaftServerProtocolServiceBlockingStub.requestVote(RaftServerProtocolServiceGrpc.java:265)
	at org.apache.ratis.grpc.server.GrpcServerProtocolClient.requestVote(GrpcServerProtocolClient.java:99)
	at org.apache.ratis.grpc.server.GrpcService.requestVote(GrpcService.java:204)
	at org.apache.ratis.server.impl.LeaderElection.lambda$submitRequests$1(LeaderElection.java:234)
	at java.util.concurrent.FutureTask.run(FutureTask.java:266)
	at java.util.concurrent.Executors$RunnableAdapter.call(Executors.java:511)
	at java.util.concurrent.FutureTask.run(FutureTask.java:266)
	at java.util.concurrent.ThreadPoolExecutor.runWorker(ThreadPoolExecutor.java:1149)
	at java.util.concurrent.ThreadPoolExecutor$Worker.run(ThreadPoolExecutor.java:624)
	... 1 more
Caused by: org.apache.ratis.thirdparty.io.netty.channel.AbstractChannel$AnnotatedConnectException: Connection refused: /192.168.164.233:35223
	at sun.nio.ch.SocketChannelImpl.checkConnect(Native Method)
	at sun.nio.ch.SocketChannelImpl.finishConnect(SocketChannelImpl.java:717)
	at org.apache.ratis.thirdparty.io.netty.channel.socket.nio.NioSocketChannel.doFinishConnect(NioSocketChannel.java:327)
	at org.apache.ratis.thirdparty.io.netty.channel.nio.AbstractNioChannel$AbstractNioUnsafe.finishConnect(AbstractNioChannel.java:340)
	at org.apache.ratis.thirdparty.io.netty.channel.nio.NioEventLoop.processSelectedKey(NioEventLoop.java:632)
	at org.apache.ratis.thirdparty.io.netty.channel.nio.NioEventLoop.processSelectedKeysOptimized(NioEventLoop.java:579)
	at org.apache.ratis.thirdparty.io.netty.channel.nio.NioEventLoop.processSelectedKeys(NioEventLoop.java:496)
	at org.apache.ratis.thirdparty.io.netty.channel.nio.NioEventLoop.run(NioEventLoop.java:458)
	at org.apache.ratis.thirdparty.io.netty.util.concurrent.SingleThreadEventExecutor$5.run(SingleThreadEventExecutor.java:897)
	at org.apache.ratis.thirdparty.io.netty.util.concurrent.FastThreadLocalRunnable.run(FastThreadLocalRunnable.java:30)
	... 1 more
Caused by: java.net.ConnectException: Connection refused
	... 11 more
2019-10-18 14:59:06,026 [327657b1-60f8-49f2-b2a3-f63e1f934942@group-58A987F56150-LeaderElection461] INFO  impl.LeaderElection (LeaderElection.java:logAndReturn(56)) - 327657b1-60f8-49f2-b2a3-f63e1f934942@group-58A987F56150-LeaderElection461: Election REJECTED; received 0 response(s) [] and 2 exception(s); 327657b1-60f8-49f2-b2a3-f63e1f934942@group-58A987F56150:t530, leader=null, voted=327657b1-60f8-49f2-b2a3-f63e1f934942, raftlog=327657b1-60f8-49f2-b2a3-f63e1f934942@group-58A987F56150-SegmentedRaftLog:OPENED:c-1,f-1,i0, conf=-1: [6605b8a5-570b-4977-9ee7-6aaf3012bed5:192.168.164.233:35223, 327657b1-60f8-49f2-b2a3-f63e1f934942:192.168.164.233:41966, ddd4789c-894d-475a-bbfb-f6e7aa670c92:192.168.164.233:41061], old=null
2019-10-18 14:59:06,026 [327657b1-60f8-49f2-b2a3-f63e1f934942@group-58A987F56150-LeaderElection461] INFO  impl.LeaderElection (LogUtils.java:infoOrTrace(149)) -   Exception 0: {}
java.util.concurrent.ExecutionException: org.apache.ratis.thirdparty.io.grpc.StatusRuntimeException: UNAVAILABLE: io exception
	at java.util.concurrent.FutureTask.report(FutureTask.java:122)
	at java.util.concurrent.FutureTask.get(FutureTask.java:192)
	at org.apache.ratis.server.impl.LeaderElection.waitForResults(LeaderElection.java:259)
	at org.apache.ratis.server.impl.LeaderElection.askForVotes(LeaderElection.java:197)
	at org.apache.ratis.server.impl.LeaderElection.run(LeaderElection.java:133)
	at java.lang.Thread.run(Thread.java:748)
Caused by: org.apache.ratis.thirdparty.io.grpc.StatusRuntimeException: UNAVAILABLE: io exception
	at org.apache.ratis.thirdparty.io.grpc.stub.ClientCalls.toStatusRuntimeException(ClientCalls.java:233)
	at org.apache.ratis.thirdparty.io.grpc.stub.ClientCalls.getUnchecked(ClientCalls.java:214)
	at org.apache.ratis.thirdparty.io.grpc.stub.ClientCalls.blockingUnaryCall(ClientCalls.java:139)
	at org.apache.ratis.proto.grpc.RaftServerProtocolServiceGrpc$RaftServerProtocolServiceBlockingStub.requestVote(RaftServerProtocolServiceGrpc.java:265)
	at org.apache.ratis.grpc.server.GrpcServerProtocolClient.requestVote(GrpcServerProtocolClient.java:99)
	at org.apache.ratis.grpc.server.GrpcService.requestVote(GrpcService.java:204)
	at org.apache.ratis.server.impl.LeaderElection.lambda$submitRequests$1(LeaderElection.java:234)
	at java.util.concurrent.FutureTask.run(FutureTask.java:266)
	at java.util.concurrent.Executors$RunnableAdapter.call(Executors.java:511)
	at java.util.concurrent.FutureTask.run(FutureTask.java:266)
	at java.util.concurrent.ThreadPoolExecutor.runWorker(ThreadPoolExecutor.java:1149)
	at java.util.concurrent.ThreadPoolExecutor$Worker.run(ThreadPoolExecutor.java:624)
	... 1 more
Caused by: org.apache.ratis.thirdparty.io.netty.channel.AbstractChannel$AnnotatedConnectException: Connection refused: /192.168.164.233:41061
	at sun.nio.ch.SocketChannelImpl.checkConnect(Native Method)
	at sun.nio.ch.SocketChannelImpl.finishConnect(SocketChannelImpl.java:717)
	at org.apache.ratis.thirdparty.io.netty.channel.socket.nio.NioSocketChannel.doFinishConnect(NioSocketChannel.java:327)
	at org.apache.ratis.thirdparty.io.netty.channel.nio.AbstractNioChannel$AbstractNioUnsafe.finishConnect(AbstractNioChannel.java:340)
	at org.apache.ratis.thirdparty.io.netty.channel.nio.NioEventLoop.processSelectedKey(NioEventLoop.java:632)
	at org.apache.ratis.thirdparty.io.netty.channel.nio.NioEventLoop.processSelectedKeysOptimized(NioEventLoop.java:579)
	at org.apache.ratis.thirdparty.io.netty.channel.nio.NioEventLoop.processSelectedKeys(NioEventLoop.java:496)
	at org.apache.ratis.thirdparty.io.netty.channel.nio.NioEventLoop.run(NioEventLoop.java:458)
	at org.apache.ratis.thirdparty.io.netty.util.concurrent.SingleThreadEventExecutor$5.run(SingleThreadEventExecutor.java:897)
	at org.apache.ratis.thirdparty.io.netty.util.concurrent.FastThreadLocalRunnable.run(FastThreadLocalRunnable.java:30)
	... 1 more
Caused by: java.net.ConnectException: Connection refused
	... 11 more
2019-10-18 14:59:06,026 [327657b1-60f8-49f2-b2a3-f63e1f934942@group-58A987F56150-LeaderElection461] INFO  impl.LeaderElection (LogUtils.java:infoOrTrace(149)) -   Exception 1: {}
java.util.concurrent.ExecutionException: org.apache.ratis.thirdparty.io.grpc.StatusRuntimeException: UNAVAILABLE: io exception
	at java.util.concurrent.FutureTask.report(FutureTask.java:122)
	at java.util.concurrent.FutureTask.get(FutureTask.java:192)
	at org.apache.ratis.server.impl.LeaderElection.waitForResults(LeaderElection.java:259)
	at org.apache.ratis.server.impl.LeaderElection.askForVotes(LeaderElection.java:197)
	at org.apache.ratis.server.impl.LeaderElection.run(LeaderElection.java:133)
	at java.lang.Thread.run(Thread.java:748)
Caused by: org.apache.ratis.thirdparty.io.grpc.StatusRuntimeException: UNAVAILABLE: io exception
	at org.apache.ratis.thirdparty.io.grpc.stub.ClientCalls.toStatusRuntimeException(ClientCalls.java:233)
	at org.apache.ratis.thirdparty.io.grpc.stub.ClientCalls.getUnchecked(ClientCalls.java:214)
	at org.apache.ratis.thirdparty.io.grpc.stub.ClientCalls.blockingUnaryCall(ClientCalls.java:139)
	at org.apache.ratis.proto.grpc.RaftServerProtocolServiceGrpc$RaftServerProtocolServiceBlockingStub.requestVote(RaftServerProtocolServiceGrpc.java:265)
	at org.apache.ratis.grpc.server.GrpcServerProtocolClient.requestVote(GrpcServerProtocolClient.java:99)
	at org.apache.ratis.grpc.server.GrpcService.requestVote(GrpcService.java:204)
	at org.apache.ratis.server.impl.LeaderElection.lambda$submitRequests$1(LeaderElection.java:234)
	at java.util.concurrent.FutureTask.run(FutureTask.java:266)
	at java.util.concurrent.Executors$RunnableAdapter.call(Executors.java:511)
	at java.util.concurrent.FutureTask.run(FutureTask.java:266)
	at java.util.concurrent.ThreadPoolExecutor.runWorker(ThreadPoolExecutor.java:1149)
	at java.util.concurrent.ThreadPoolExecutor$Worker.run(ThreadPoolExecutor.java:624)
	... 1 more
Caused by: org.apache.ratis.thirdparty.io.netty.channel.AbstractChannel$AnnotatedConnectException: Connection refused: /192.168.164.233:35223
	at sun.nio.ch.SocketChannelImpl.checkConnect(Native Method)
	at sun.nio.ch.SocketChannelImpl.finishConnect(SocketChannelImpl.java:717)
	at org.apache.ratis.thirdparty.io.netty.channel.socket.nio.NioSocketChannel.doFinishConnect(NioSocketChannel.java:327)
	at org.apache.ratis.thirdparty.io.netty.channel.nio.AbstractNioChannel$AbstractNioUnsafe.finishConnect(AbstractNioChannel.java:340)
	at org.apache.ratis.thirdparty.io.netty.channel.nio.NioEventLoop.processSelectedKey(NioEventLoop.java:632)
	at org.apache.ratis.thirdparty.io.netty.channel.nio.NioEventLoop.processSelectedKeysOptimized(NioEventLoop.java:579)
	at org.apache.ratis.thirdparty.io.netty.channel.nio.NioEventLoop.processSelectedKeys(NioEventLoop.java:496)
	at org.apache.ratis.thirdparty.io.netty.channel.nio.NioEventLoop.run(NioEventLoop.java:458)
	at org.apache.ratis.thirdparty.io.netty.util.concurrent.SingleThreadEventExecutor$5.run(SingleThreadEventExecutor.java:897)
	at org.apache.ratis.thirdparty.io.netty.util.concurrent.FastThreadLocalRunnable.run(FastThreadLocalRunnable.java:30)
	... 1 more
Caused by: java.net.ConnectException: Connection refused
	... 11 more
2019-10-18 14:59:06,027 [327657b1-60f8-49f2-b2a3-f63e1f934942@group-58A987F56150-LeaderElection461] INFO  impl.RaftServerImpl (RaftServerImpl.java:setRole(184)) - 327657b1-60f8-49f2-b2a3-f63e1f934942@group-58A987F56150: changes role from CANDIDATE to FOLLOWER at term 530 for DISCOVERED_A_NEW_TERM
2019-10-18 14:59:06,027 [327657b1-60f8-49f2-b2a3-f63e1f934942@group-58A987F56150-LeaderElection461] INFO  impl.RoleInfo (RoleInfo.java:shutdownLeaderElection(134)) - 327657b1-60f8-49f2-b2a3-f63e1f934942: shutdown LeaderElection
2019-10-18 14:59:06,027 [327657b1-60f8-49f2-b2a3-f63e1f934942@group-58A987F56150-LeaderElection461] INFO  impl.RoleInfo (RoleInfo.java:updateAndGet(143)) - 327657b1-60f8-49f2-b2a3-f63e1f934942: start FollowerState
2019-10-18 14:59:06,058 [Thread-3399] INFO  impl.FollowerState (FollowerState.java:run(108)) - 327657b1-60f8-49f2-b2a3-f63e1f934942@group-58A987F56150-FollowerState: change to CANDIDATE, lastRpcTime:30ms, electionTimeout:30ms
2019-10-18 14:59:06,058 [Thread-3399] INFO  impl.RoleInfo (RoleInfo.java:shutdownFollowerState(121)) - 327657b1-60f8-49f2-b2a3-f63e1f934942: shutdown FollowerState
2019-10-18 14:59:06,058 [Thread-3399] INFO  impl.RaftServerImpl (RaftServerImpl.java:setRole(184)) - 327657b1-60f8-49f2-b2a3-f63e1f934942@group-58A987F56150: changes role from  FOLLOWER to CANDIDATE at term 530 for changeToCandidate
2019-10-18 14:59:06,058 [Thread-3399] INFO  impl.RoleInfo (RoleInfo.java:updateAndGet(143)) - 327657b1-60f8-49f2-b2a3-f63e1f934942: start LeaderElection
2019-10-18 14:59:06,072 [327657b1-60f8-49f2-b2a3-f63e1f934942@group-58A987F56150-LeaderElection462] INFO  impl.LeaderElection (LeaderElection.java:askForVotes(178)) - 327657b1-60f8-49f2-b2a3-f63e1f934942@group-58A987F56150-LeaderElection462: begin an election at term 531 for -1: [6605b8a5-570b-4977-9ee7-6aaf3012bed5:192.168.164.233:35223, 327657b1-60f8-49f2-b2a3-f63e1f934942:192.168.164.233:41966, ddd4789c-894d-475a-bbfb-f6e7aa670c92:192.168.164.233:41061], old=null
2019-10-18 14:59:06,073 [327657b1-60f8-49f2-b2a3-f63e1f934942@group-58A987F56150-LeaderElection462] INFO  impl.LeaderElection (LogUtils.java:infoOrTrace(149)) - 327657b1-60f8-49f2-b2a3-f63e1f934942@group-58A987F56150-LeaderElection462 got exception when requesting votes: {}
java.util.concurrent.ExecutionException: org.apache.ratis.thirdparty.io.grpc.StatusRuntimeException: UNAVAILABLE: io exception
	at java.util.concurrent.FutureTask.report(FutureTask.java:122)
	at java.util.concurrent.FutureTask.get(FutureTask.java:192)
	at org.apache.ratis.server.impl.LeaderElection.waitForResults(LeaderElection.java:259)
	at org.apache.ratis.server.impl.LeaderElection.askForVotes(LeaderElection.java:197)
	at org.apache.ratis.server.impl.LeaderElection.run(LeaderElection.java:133)
	at java.lang.Thread.run(Thread.java:748)
Caused by: org.apache.ratis.thirdparty.io.grpc.StatusRuntimeException: UNAVAILABLE: io exception
	at org.apache.ratis.thirdparty.io.grpc.stub.ClientCalls.toStatusRuntimeException(ClientCalls.java:233)
	at org.apache.ratis.thirdparty.io.grpc.stub.ClientCalls.getUnchecked(ClientCalls.java:214)
	at org.apache.ratis.thirdparty.io.grpc.stub.ClientCalls.blockingUnaryCall(ClientCalls.java:139)
	at org.apache.ratis.proto.grpc.RaftServerProtocolServiceGrpc$RaftServerProtocolServiceBlockingStub.requestVote(RaftServerProtocolServiceGrpc.java:265)
	at org.apache.ratis.grpc.server.GrpcServerProtocolClient.requestVote(GrpcServerProtocolClient.java:99)
	at org.apache.ratis.grpc.server.GrpcService.requestVote(GrpcService.java:204)
	at org.apache.ratis.server.impl.LeaderElection.lambda$submitRequests$1(LeaderElection.java:234)
	at java.util.concurrent.FutureTask.run(FutureTask.java:266)
	at java.util.concurrent.Executors$RunnableAdapter.call(Executors.java:511)
	at java.util.concurrent.FutureTask.run(FutureTask.java:266)
	at java.util.concurrent.ThreadPoolExecutor.runWorker(ThreadPoolExecutor.java:1149)
	at java.util.concurrent.ThreadPoolExecutor$Worker.run(ThreadPoolExecutor.java:624)
	... 1 more
Caused by: org.apache.ratis.thirdparty.io.netty.channel.AbstractChannel$AnnotatedConnectException: Connection refused: /192.168.164.233:35223
	at sun.nio.ch.SocketChannelImpl.checkConnect(Native Method)
	at sun.nio.ch.SocketChannelImpl.finishConnect(SocketChannelImpl.java:717)
	at org.apache.ratis.thirdparty.io.netty.channel.socket.nio.NioSocketChannel.doFinishConnect(NioSocketChannel.java:327)
	at org.apache.ratis.thirdparty.io.netty.channel.nio.AbstractNioChannel$AbstractNioUnsafe.finishConnect(AbstractNioChannel.java:340)
	at org.apache.ratis.thirdparty.io.netty.channel.nio.NioEventLoop.processSelectedKey(NioEventLoop.java:632)
	at org.apache.ratis.thirdparty.io.netty.channel.nio.NioEventLoop.processSelectedKeysOptimized(NioEventLoop.java:579)
	at org.apache.ratis.thirdparty.io.netty.channel.nio.NioEventLoop.processSelectedKeys(NioEventLoop.java:496)
	at org.apache.ratis.thirdparty.io.netty.channel.nio.NioEventLoop.run(NioEventLoop.java:458)
	at org.apache.ratis.thirdparty.io.netty.util.concurrent.SingleThreadEventExecutor$5.run(SingleThreadEventExecutor.java:897)
	at org.apache.ratis.thirdparty.io.netty.util.concurrent.FastThreadLocalRunnable.run(FastThreadLocalRunnable.java:30)
	... 1 more
Caused by: java.net.ConnectException: Connection refused
	... 11 more
2019-10-18 14:59:06,074 [327657b1-60f8-49f2-b2a3-f63e1f934942@group-58A987F56150-LeaderElection462] INFO  impl.LeaderElection (LogUtils.java:infoOrTrace(149)) - 327657b1-60f8-49f2-b2a3-f63e1f934942@group-58A987F56150-LeaderElection462 got exception when requesting votes: {}
java.util.concurrent.ExecutionException: org.apache.ratis.thirdparty.io.grpc.StatusRuntimeException: UNAVAILABLE: io exception
	at java.util.concurrent.FutureTask.report(FutureTask.java:122)
	at java.util.concurrent.FutureTask.get(FutureTask.java:192)
	at org.apache.ratis.server.impl.LeaderElection.waitForResults(LeaderElection.java:259)
	at org.apache.ratis.server.impl.LeaderElection.askForVotes(LeaderElection.java:197)
	at org.apache.ratis.server.impl.LeaderElection.run(LeaderElection.java:133)
	at java.lang.Thread.run(Thread.java:748)
Caused by: org.apache.ratis.thirdparty.io.grpc.StatusRuntimeException: UNAVAILABLE: io exception
	at org.apache.ratis.thirdparty.io.grpc.stub.ClientCalls.toStatusRuntimeException(ClientCalls.java:233)
	at org.apache.ratis.thirdparty.io.grpc.stub.ClientCalls.getUnchecked(ClientCalls.java:214)
	at org.apache.ratis.thirdparty.io.grpc.stub.ClientCalls.blockingUnaryCall(ClientCalls.java:139)
	at org.apache.ratis.proto.grpc.RaftServerProtocolServiceGrpc$RaftServerProtocolServiceBlockingStub.requestVote(RaftServerProtocolServiceGrpc.java:265)
	at org.apache.ratis.grpc.server.GrpcServerProtocolClient.requestVote(GrpcServerProtocolClient.java:99)
	at org.apache.ratis.grpc.server.GrpcService.requestVote(GrpcService.java:204)
	at org.apache.ratis.server.impl.LeaderElection.lambda$submitRequests$1(LeaderElection.java:234)
	at java.util.concurrent.FutureTask.run(FutureTask.java:266)
	at java.util.concurrent.Executors$RunnableAdapter.call(Executors.java:511)
	at java.util.concurrent.FutureTask.run(FutureTask.java:266)
	at java.util.concurrent.ThreadPoolExecutor.runWorker(ThreadPoolExecutor.java:1149)
	at java.util.concurrent.ThreadPoolExecutor$Worker.run(ThreadPoolExecutor.java:624)
	... 1 more
Caused by: org.apache.ratis.thirdparty.io.netty.channel.AbstractChannel$AnnotatedConnectException: Connection refused: /192.168.164.233:41061
	at sun.nio.ch.SocketChannelImpl.checkConnect(Native Method)
	at sun.nio.ch.SocketChannelImpl.finishConnect(SocketChannelImpl.java:717)
	at org.apache.ratis.thirdparty.io.netty.channel.socket.nio.NioSocketChannel.doFinishConnect(NioSocketChannel.java:327)
	at org.apache.ratis.thirdparty.io.netty.channel.nio.AbstractNioChannel$AbstractNioUnsafe.finishConnect(AbstractNioChannel.java:340)
	at org.apache.ratis.thirdparty.io.netty.channel.nio.NioEventLoop.processSelectedKey(NioEventLoop.java:632)
	at org.apache.ratis.thirdparty.io.netty.channel.nio.NioEventLoop.processSelectedKeysOptimized(NioEventLoop.java:579)
	at org.apache.ratis.thirdparty.io.netty.channel.nio.NioEventLoop.processSelectedKeys(NioEventLoop.java:496)
	at org.apache.ratis.thirdparty.io.netty.channel.nio.NioEventLoop.run(NioEventLoop.java:458)
	at org.apache.ratis.thirdparty.io.netty.util.concurrent.SingleThreadEventExecutor$5.run(SingleThreadEventExecutor.java:897)
	at org.apache.ratis.thirdparty.io.netty.util.concurrent.FastThreadLocalRunnable.run(FastThreadLocalRunnable.java:30)
	... 1 more
Caused by: java.net.ConnectException: Connection refused
	... 11 more
2019-10-18 14:59:06,075 [327657b1-60f8-49f2-b2a3-f63e1f934942@group-58A987F56150-LeaderElection462] INFO  impl.LeaderElection (LeaderElection.java:logAndReturn(56)) - 327657b1-60f8-49f2-b2a3-f63e1f934942@group-58A987F56150-LeaderElection462: Election REJECTED; received 0 response(s) [] and 2 exception(s); 327657b1-60f8-49f2-b2a3-f63e1f934942@group-58A987F56150:t531, leader=null, voted=327657b1-60f8-49f2-b2a3-f63e1f934942, raftlog=327657b1-60f8-49f2-b2a3-f63e1f934942@group-58A987F56150-SegmentedRaftLog:OPENED:c-1,f-1,i0, conf=-1: [6605b8a5-570b-4977-9ee7-6aaf3012bed5:192.168.164.233:35223, 327657b1-60f8-49f2-b2a3-f63e1f934942:192.168.164.233:41966, ddd4789c-894d-475a-bbfb-f6e7aa670c92:192.168.164.233:41061], old=null
2019-10-18 14:59:06,075 [327657b1-60f8-49f2-b2a3-f63e1f934942@group-58A987F56150-LeaderElection462] INFO  impl.LeaderElection (LogUtils.java:infoOrTrace(149)) -   Exception 0: {}
java.util.concurrent.ExecutionException: org.apache.ratis.thirdparty.io.grpc.StatusRuntimeException: UNAVAILABLE: io exception
	at java.util.concurrent.FutureTask.report(FutureTask.java:122)
	at java.util.concurrent.FutureTask.get(FutureTask.java:192)
	at org.apache.ratis.server.impl.LeaderElection.waitForResults(LeaderElection.java:259)
	at org.apache.ratis.server.impl.LeaderElection.askForVotes(LeaderElection.java:197)
	at org.apache.ratis.server.impl.LeaderElection.run(LeaderElection.java:133)
	at java.lang.Thread.run(Thread.java:748)
Caused by: org.apache.ratis.thirdparty.io.grpc.StatusRuntimeException: UNAVAILABLE: io exception
	at org.apache.ratis.thirdparty.io.grpc.stub.ClientCalls.toStatusRuntimeException(ClientCalls.java:233)
	at org.apache.ratis.thirdparty.io.grpc.stub.ClientCalls.getUnchecked(ClientCalls.java:214)
	at org.apache.ratis.thirdparty.io.grpc.stub.ClientCalls.blockingUnaryCall(ClientCalls.java:139)
	at org.apache.ratis.proto.grpc.RaftServerProtocolServiceGrpc$RaftServerProtocolServiceBlockingStub.requestVote(RaftServerProtocolServiceGrpc.java:265)
	at org.apache.ratis.grpc.server.GrpcServerProtocolClient.requestVote(GrpcServerProtocolClient.java:99)
	at org.apache.ratis.grpc.server.GrpcService.requestVote(GrpcService.java:204)
	at org.apache.ratis.server.impl.LeaderElection.lambda$submitRequests$1(LeaderElection.java:234)
	at java.util.concurrent.FutureTask.run(FutureTask.java:266)
	at java.util.concurrent.Executors$RunnableAdapter.call(Executors.java:511)
	at java.util.concurrent.FutureTask.run(FutureTask.java:266)
	at java.util.concurrent.ThreadPoolExecutor.runWorker(ThreadPoolExecutor.java:1149)
	at java.util.concurrent.ThreadPoolExecutor$Worker.run(ThreadPoolExecutor.java:624)
	... 1 more
Caused by: org.apache.ratis.thirdparty.io.netty.channel.AbstractChannel$AnnotatedConnectException: Connection refused: /192.168.164.233:35223
	at sun.nio.ch.SocketChannelImpl.checkConnect(Native Method)
	at sun.nio.ch.SocketChannelImpl.finishConnect(SocketChannelImpl.java:717)
	at org.apache.ratis.thirdparty.io.netty.channel.socket.nio.NioSocketChannel.doFinishConnect(NioSocketChannel.java:327)
	at org.apache.ratis.thirdparty.io.netty.channel.nio.AbstractNioChannel$AbstractNioUnsafe.finishConnect(AbstractNioChannel.java:340)
	at org.apache.ratis.thirdparty.io.netty.channel.nio.NioEventLoop.processSelectedKey(NioEventLoop.java:632)
	at org.apache.ratis.thirdparty.io.netty.channel.nio.NioEventLoop.processSelectedKeysOptimized(NioEventLoop.java:579)
	at org.apache.ratis.thirdparty.io.netty.channel.nio.NioEventLoop.processSelectedKeys(NioEventLoop.java:496)
	at org.apache.ratis.thirdparty.io.netty.channel.nio.NioEventLoop.run(NioEventLoop.java:458)
	at org.apache.ratis.thirdparty.io.netty.util.concurrent.SingleThreadEventExecutor$5.run(SingleThreadEventExecutor.java:897)
	at org.apache.ratis.thirdparty.io.netty.util.concurrent.FastThreadLocalRunnable.run(FastThreadLocalRunnable.java:30)
	... 1 more
Caused by: java.net.ConnectException: Connection refused
	... 11 more
2019-10-18 14:59:06,076 [327657b1-60f8-49f2-b2a3-f63e1f934942@group-58A987F56150-LeaderElection462] INFO  impl.LeaderElection (LogUtils.java:infoOrTrace(149)) -   Exception 1: {}
java.util.concurrent.ExecutionException: org.apache.ratis.thirdparty.io.grpc.StatusRuntimeException: UNAVAILABLE: io exception
	at java.util.concurrent.FutureTask.report(FutureTask.java:122)
	at java.util.concurrent.FutureTask.get(FutureTask.java:192)
	at org.apache.ratis.server.impl.LeaderElection.waitForResults(LeaderElection.java:259)
	at org.apache.ratis.server.impl.LeaderElection.askForVotes(LeaderElection.java:197)
	at org.apache.ratis.server.impl.LeaderElection.run(LeaderElection.java:133)
	at java.lang.Thread.run(Thread.java:748)
Caused by: org.apache.ratis.thirdparty.io.grpc.StatusRuntimeException: UNAVAILABLE: io exception
	at org.apache.ratis.thirdparty.io.grpc.stub.ClientCalls.toStatusRuntimeException(ClientCalls.java:233)
	at org.apache.ratis.thirdparty.io.grpc.stub.ClientCalls.getUnchecked(ClientCalls.java:214)
	at org.apache.ratis.thirdparty.io.grpc.stub.ClientCalls.blockingUnaryCall(ClientCalls.java:139)
	at org.apache.ratis.proto.grpc.RaftServerProtocolServiceGrpc$RaftServerProtocolServiceBlockingStub.requestVote(RaftServerProtocolServiceGrpc.java:265)
	at org.apache.ratis.grpc.server.GrpcServerProtocolClient.requestVote(GrpcServerProtocolClient.java:99)
	at org.apache.ratis.grpc.server.GrpcService.requestVote(GrpcService.java:204)
	at org.apache.ratis.server.impl.LeaderElection.lambda$submitRequests$1(LeaderElection.java:234)
	at java.util.concurrent.FutureTask.run(FutureTask.java:266)
	at java.util.concurrent.Executors$RunnableAdapter.call(Executors.java:511)
	at java.util.concurrent.FutureTask.run(FutureTask.java:266)
	at java.util.concurrent.ThreadPoolExecutor.runWorker(ThreadPoolExecutor.java:1149)
	at java.util.concurrent.ThreadPoolExecutor$Worker.run(ThreadPoolExecutor.java:624)
	... 1 more
Caused by: org.apache.ratis.thirdparty.io.netty.channel.AbstractChannel$AnnotatedConnectException: Connection refused: /192.168.164.233:41061
	at sun.nio.ch.SocketChannelImpl.checkConnect(Native Method)
	at sun.nio.ch.SocketChannelImpl.finishConnect(SocketChannelImpl.java:717)
	at org.apache.ratis.thirdparty.io.netty.channel.socket.nio.NioSocketChannel.doFinishConnect(NioSocketChannel.java:327)
	at org.apache.ratis.thirdparty.io.netty.channel.nio.AbstractNioChannel$AbstractNioUnsafe.finishConnect(AbstractNioChannel.java:340)
	at org.apache.ratis.thirdparty.io.netty.channel.nio.NioEventLoop.processSelectedKey(NioEventLoop.java:632)
	at org.apache.ratis.thirdparty.io.netty.channel.nio.NioEventLoop.processSelectedKeysOptimized(NioEventLoop.java:579)
	at org.apache.ratis.thirdparty.io.netty.channel.nio.NioEventLoop.processSelectedKeys(NioEventLoop.java:496)
	at org.apache.ratis.thirdparty.io.netty.channel.nio.NioEventLoop.run(NioEventLoop.java:458)
	at org.apache.ratis.thirdparty.io.netty.util.concurrent.SingleThreadEventExecutor$5.run(SingleThreadEventExecutor.java:897)
	at org.apache.ratis.thirdparty.io.netty.util.concurrent.FastThreadLocalRunnable.run(FastThreadLocalRunnable.java:30)
	... 1 more
Caused by: java.net.ConnectException: Connection refused
	... 11 more
2019-10-18 14:59:06,077 [327657b1-60f8-49f2-b2a3-f63e1f934942@group-58A987F56150-LeaderElection462] INFO  impl.RaftServerImpl (RaftServerImpl.java:setRole(184)) - 327657b1-60f8-49f2-b2a3-f63e1f934942@group-58A987F56150: changes role from CANDIDATE to FOLLOWER at term 531 for DISCOVERED_A_NEW_TERM
2019-10-18 14:59:06,077 [327657b1-60f8-49f2-b2a3-f63e1f934942@group-58A987F56150-LeaderElection462] INFO  impl.RoleInfo (RoleInfo.java:shutdownLeaderElection(134)) - 327657b1-60f8-49f2-b2a3-f63e1f934942: shutdown LeaderElection
2019-10-18 14:59:06,077 [327657b1-60f8-49f2-b2a3-f63e1f934942@group-58A987F56150-LeaderElection462] INFO  impl.RoleInfo (RoleInfo.java:updateAndGet(143)) - 327657b1-60f8-49f2-b2a3-f63e1f934942: start FollowerState
2019-10-18 14:59:06,243 [Thread-3403] INFO  impl.FollowerState (FollowerState.java:run(108)) - 327657b1-60f8-49f2-b2a3-f63e1f934942@group-58A987F56150-FollowerState: change to CANDIDATE, lastRpcTime:166ms, electionTimeout:166ms
2019-10-18 14:59:06,243 [Thread-3403] INFO  impl.RoleInfo (RoleInfo.java:shutdownFollowerState(121)) - 327657b1-60f8-49f2-b2a3-f63e1f934942: shutdown FollowerState
2019-10-18 14:59:06,244 [Thread-3403] INFO  impl.RaftServerImpl (RaftServerImpl.java:setRole(184)) - 327657b1-60f8-49f2-b2a3-f63e1f934942@group-58A987F56150: changes role from  FOLLOWER to CANDIDATE at term 531 for changeToCandidate
2019-10-18 14:59:06,244 [Thread-3403] INFO  impl.RoleInfo (RoleInfo.java:updateAndGet(143)) - 327657b1-60f8-49f2-b2a3-f63e1f934942: start LeaderElection
2019-10-18 14:59:06,268 [327657b1-60f8-49f2-b2a3-f63e1f934942@group-58A987F56150-LeaderElection463] INFO  impl.LeaderElection (LeaderElection.java:askForVotes(178)) - 327657b1-60f8-49f2-b2a3-f63e1f934942@group-58A987F56150-LeaderElection463: begin an election at term 532 for -1: [6605b8a5-570b-4977-9ee7-6aaf3012bed5:192.168.164.233:35223, 327657b1-60f8-49f2-b2a3-f63e1f934942:192.168.164.233:41966, ddd4789c-894d-475a-bbfb-f6e7aa670c92:192.168.164.233:41061], old=null
2019-10-18 14:59:06,269 [327657b1-60f8-49f2-b2a3-f63e1f934942@group-58A987F56150-LeaderElection463] INFO  impl.LeaderElection (LogUtils.java:infoOrTrace(149)) - 327657b1-60f8-49f2-b2a3-f63e1f934942@group-58A987F56150-LeaderElection463 got exception when requesting votes: {}
java.util.concurrent.ExecutionException: org.apache.ratis.thirdparty.io.grpc.StatusRuntimeException: UNAVAILABLE: io exception
	at java.util.concurrent.FutureTask.report(FutureTask.java:122)
	at java.util.concurrent.FutureTask.get(FutureTask.java:192)
	at org.apache.ratis.server.impl.LeaderElection.waitForResults(LeaderElection.java:259)
	at org.apache.ratis.server.impl.LeaderElection.askForVotes(LeaderElection.java:197)
	at org.apache.ratis.server.impl.LeaderElection.run(LeaderElection.java:133)
	at java.lang.Thread.run(Thread.java:748)
Caused by: org.apache.ratis.thirdparty.io.grpc.StatusRuntimeException: UNAVAILABLE: io exception
	at org.apache.ratis.thirdparty.io.grpc.stub.ClientCalls.toStatusRuntimeException(ClientCalls.java:233)
	at org.apache.ratis.thirdparty.io.grpc.stub.ClientCalls.getUnchecked(ClientCalls.java:214)
	at org.apache.ratis.thirdparty.io.grpc.stub.ClientCalls.blockingUnaryCall(ClientCalls.java:139)
	at org.apache.ratis.proto.grpc.RaftServerProtocolServiceGrpc$RaftServerProtocolServiceBlockingStub.requestVote(RaftServerProtocolServiceGrpc.java:265)
	at org.apache.ratis.grpc.server.GrpcServerProtocolClient.requestVote(GrpcServerProtocolClient.java:99)
	at org.apache.ratis.grpc.server.GrpcService.requestVote(GrpcService.java:204)
	at org.apache.ratis.server.impl.LeaderElection.lambda$submitRequests$1(LeaderElection.java:234)
	at java.util.concurrent.FutureTask.run(FutureTask.java:266)
	at java.util.concurrent.Executors$RunnableAdapter.call(Executors.java:511)
	at java.util.concurrent.FutureTask.run(FutureTask.java:266)
	at java.util.concurrent.ThreadPoolExecutor.runWorker(ThreadPoolExecutor.java:1149)
	at java.util.concurrent.ThreadPoolExecutor$Worker.run(ThreadPoolExecutor.java:624)
	... 1 more
Caused by: org.apache.ratis.thirdparty.io.netty.channel.AbstractChannel$AnnotatedConnectException: Connection refused: /192.168.164.233:35223
	at sun.nio.ch.SocketChannelImpl.checkConnect(Native Method)
	at sun.nio.ch.SocketChannelImpl.finishConnect(SocketChannelImpl.java:717)
	at org.apache.ratis.thirdparty.io.netty.channel.socket.nio.NioSocketChannel.doFinishConnect(NioSocketChannel.java:327)
	at org.apache.ratis.thirdparty.io.netty.channel.nio.AbstractNioChannel$AbstractNioUnsafe.finishConnect(AbstractNioChannel.java:340)
	at org.apache.ratis.thirdparty.io.netty.channel.nio.NioEventLoop.processSelectedKey(NioEventLoop.java:632)
	at org.apache.ratis.thirdparty.io.netty.channel.nio.NioEventLoop.processSelectedKeysOptimized(NioEventLoop.java:579)
	at org.apache.ratis.thirdparty.io.netty.channel.nio.NioEventLoop.processSelectedKeys(NioEventLoop.java:496)
	at org.apache.ratis.thirdparty.io.netty.channel.nio.NioEventLoop.run(NioEventLoop.java:458)
	at org.apache.ratis.thirdparty.io.netty.util.concurrent.SingleThreadEventExecutor$5.run(SingleThreadEventExecutor.java:897)
	at org.apache.ratis.thirdparty.io.netty.util.concurrent.FastThreadLocalRunnable.run(FastThreadLocalRunnable.java:30)
	... 1 more
Caused by: java.net.ConnectException: Connection refused
	... 11 more
2019-10-18 14:59:06,270 [327657b1-60f8-49f2-b2a3-f63e1f934942@group-58A987F56150-LeaderElection463] INFO  impl.LeaderElection (LogUtils.java:infoOrTrace(149)) - 327657b1-60f8-49f2-b2a3-f63e1f934942@group-58A987F56150-LeaderElection463 got exception when requesting votes: {}
java.util.concurrent.ExecutionException: org.apache.ratis.thirdparty.io.grpc.StatusRuntimeException: UNAVAILABLE: io exception
	at java.util.concurrent.FutureTask.report(FutureTask.java:122)
	at java.util.concurrent.FutureTask.get(FutureTask.java:192)
	at org.apache.ratis.server.impl.LeaderElection.waitForResults(LeaderElection.java:259)
	at org.apache.ratis.server.impl.LeaderElection.askForVotes(LeaderElection.java:197)
	at org.apache.ratis.server.impl.LeaderElection.run(LeaderElection.java:133)
	at java.lang.Thread.run(Thread.java:748)
Caused by: org.apache.ratis.thirdparty.io.grpc.StatusRuntimeException: UNAVAILABLE: io exception
	at org.apache.ratis.thirdparty.io.grpc.stub.ClientCalls.toStatusRuntimeException(ClientCalls.java:233)
	at org.apache.ratis.thirdparty.io.grpc.stub.ClientCalls.getUnchecked(ClientCalls.java:214)
	at org.apache.ratis.thirdparty.io.grpc.stub.ClientCalls.blockingUnaryCall(ClientCalls.java:139)
	at org.apache.ratis.proto.grpc.RaftServerProtocolServiceGrpc$RaftServerProtocolServiceBlockingStub.requestVote(RaftServerProtocolServiceGrpc.java:265)
	at org.apache.ratis.grpc.server.GrpcServerProtocolClient.requestVote(GrpcServerProtocolClient.java:99)
	at org.apache.ratis.grpc.server.GrpcService.requestVote(GrpcService.java:204)
	at org.apache.ratis.server.impl.LeaderElection.lambda$submitRequests$1(LeaderElection.java:234)
	at java.util.concurrent.FutureTask.run(FutureTask.java:266)
	at java.util.concurrent.Executors$RunnableAdapter.call(Executors.java:511)
	at java.util.concurrent.FutureTask.run(FutureTask.java:266)
	at java.util.concurrent.ThreadPoolExecutor.runWorker(ThreadPoolExecutor.java:1149)
	at java.util.concurrent.ThreadPoolExecutor$Worker.run(ThreadPoolExecutor.java:624)
	... 1 more
Caused by: org.apache.ratis.thirdparty.io.netty.channel.AbstractChannel$AnnotatedConnectException: Connection refused: /192.168.164.233:41061
	at sun.nio.ch.SocketChannelImpl.checkConnect(Native Method)
	at sun.nio.ch.SocketChannelImpl.finishConnect(SocketChannelImpl.java:717)
	at org.apache.ratis.thirdparty.io.netty.channel.socket.nio.NioSocketChannel.doFinishConnect(NioSocketChannel.java:327)
	at org.apache.ratis.thirdparty.io.netty.channel.nio.AbstractNioChannel$AbstractNioUnsafe.finishConnect(AbstractNioChannel.java:340)
	at org.apache.ratis.thirdparty.io.netty.channel.nio.NioEventLoop.processSelectedKey(NioEventLoop.java:632)
	at org.apache.ratis.thirdparty.io.netty.channel.nio.NioEventLoop.processSelectedKeysOptimized(NioEventLoop.java:579)
	at org.apache.ratis.thirdparty.io.netty.channel.nio.NioEventLoop.processSelectedKeys(NioEventLoop.java:496)
	at org.apache.ratis.thirdparty.io.netty.channel.nio.NioEventLoop.run(NioEventLoop.java:458)
	at org.apache.ratis.thirdparty.io.netty.util.concurrent.SingleThreadEventExecutor$5.run(SingleThreadEventExecutor.java:897)
	at org.apache.ratis.thirdparty.io.netty.util.concurrent.FastThreadLocalRunnable.run(FastThreadLocalRunnable.java:30)
	... 1 more
Caused by: java.net.ConnectException: Connection refused
	... 11 more
2019-10-18 14:59:06,275 [327657b1-60f8-49f2-b2a3-f63e1f934942@group-58A987F56150-LeaderElection463] INFO  impl.LeaderElection (LeaderElection.java:logAndReturn(56)) - 327657b1-60f8-49f2-b2a3-f63e1f934942@group-58A987F56150-LeaderElection463: Election REJECTED; received 0 response(s) [] and 2 exception(s); 327657b1-60f8-49f2-b2a3-f63e1f934942@group-58A987F56150:t532, leader=null, voted=327657b1-60f8-49f2-b2a3-f63e1f934942, raftlog=327657b1-60f8-49f2-b2a3-f63e1f934942@group-58A987F56150-SegmentedRaftLog:OPENED:c-1,f-1,i0, conf=-1: [6605b8a5-570b-4977-9ee7-6aaf3012bed5:192.168.164.233:35223, 327657b1-60f8-49f2-b2a3-f63e1f934942:192.168.164.233:41966, ddd4789c-894d-475a-bbfb-f6e7aa670c92:192.168.164.233:41061], old=null
2019-10-18 14:59:06,276 [327657b1-60f8-49f2-b2a3-f63e1f934942@group-58A987F56150-LeaderElection463] INFO  impl.LeaderElection (LogUtils.java:infoOrTrace(149)) -   Exception 0: {}
java.util.concurrent.ExecutionException: org.apache.ratis.thirdparty.io.grpc.StatusRuntimeException: UNAVAILABLE: io exception
	at java.util.concurrent.FutureTask.report(FutureTask.java:122)
	at java.util.concurrent.FutureTask.get(FutureTask.java:192)
	at org.apache.ratis.server.impl.LeaderElection.waitForResults(LeaderElection.java:259)
	at org.apache.ratis.server.impl.LeaderElection.askForVotes(LeaderElection.java:197)
	at org.apache.ratis.server.impl.LeaderElection.run(LeaderElection.java:133)
	at java.lang.Thread.run(Thread.java:748)
Caused by: org.apache.ratis.thirdparty.io.grpc.StatusRuntimeException: UNAVAILABLE: io exception
	at org.apache.ratis.thirdparty.io.grpc.stub.ClientCalls.toStatusRuntimeException(ClientCalls.java:233)
	at org.apache.ratis.thirdparty.io.grpc.stub.ClientCalls.getUnchecked(ClientCalls.java:214)
	at org.apache.ratis.thirdparty.io.grpc.stub.ClientCalls.blockingUnaryCall(ClientCalls.java:139)
	at org.apache.ratis.proto.grpc.RaftServerProtocolServiceGrpc$RaftServerProtocolServiceBlockingStub.requestVote(RaftServerProtocolServiceGrpc.java:265)
	at org.apache.ratis.grpc.server.GrpcServerProtocolClient.requestVote(GrpcServerProtocolClient.java:99)
	at org.apache.ratis.grpc.server.GrpcService.requestVote(GrpcService.java:204)
	at org.apache.ratis.server.impl.LeaderElection.lambda$submitRequests$1(LeaderElection.java:234)
	at java.util.concurrent.FutureTask.run(FutureTask.java:266)
	at java.util.concurrent.Executors$RunnableAdapter.call(Executors.java:511)
	at java.util.concurrent.FutureTask.run(FutureTask.java:266)
	at java.util.concurrent.ThreadPoolExecutor.runWorker(ThreadPoolExecutor.java:1149)
	at java.util.concurrent.ThreadPoolExecutor$Worker.run(ThreadPoolExecutor.java:624)
	... 1 more
Caused by: org.apache.ratis.thirdparty.io.netty.channel.AbstractChannel$AnnotatedConnectException: Connection refused: /192.168.164.233:35223
	at sun.nio.ch.SocketChannelImpl.checkConnect(Native Method)
	at sun.nio.ch.SocketChannelImpl.finishConnect(SocketChannelImpl.java:717)
	at org.apache.ratis.thirdparty.io.netty.channel.socket.nio.NioSocketChannel.doFinishConnect(NioSocketChannel.java:327)
	at org.apache.ratis.thirdparty.io.netty.channel.nio.AbstractNioChannel$AbstractNioUnsafe.finishConnect(AbstractNioChannel.java:340)
	at org.apache.ratis.thirdparty.io.netty.channel.nio.NioEventLoop.processSelectedKey(NioEventLoop.java:632)
	at org.apache.ratis.thirdparty.io.netty.channel.nio.NioEventLoop.processSelectedKeysOptimized(NioEventLoop.java:579)
	at org.apache.ratis.thirdparty.io.netty.channel.nio.NioEventLoop.processSelectedKeys(NioEventLoop.java:496)
	at org.apache.ratis.thirdparty.io.netty.channel.nio.NioEventLoop.run(NioEventLoop.java:458)
	at org.apache.ratis.thirdparty.io.netty.util.concurrent.SingleThreadEventExecutor$5.run(SingleThreadEventExecutor.java:897)
	at org.apache.ratis.thirdparty.io.netty.util.concurrent.FastThreadLocalRunnable.run(FastThreadLocalRunnable.java:30)
	... 1 more
Caused by: java.net.ConnectException: Connection refused
	... 11 more
2019-10-18 14:59:06,276 [327657b1-60f8-49f2-b2a3-f63e1f934942@group-58A987F56150-LeaderElection463] INFO  impl.LeaderElection (LogUtils.java:infoOrTrace(149)) -   Exception 1: {}
java.util.concurrent.ExecutionException: org.apache.ratis.thirdparty.io.grpc.StatusRuntimeException: UNAVAILABLE: io exception
	at java.util.concurrent.FutureTask.report(FutureTask.java:122)
	at java.util.concurrent.FutureTask.get(FutureTask.java:192)
	at org.apache.ratis.server.impl.LeaderElection.waitForResults(LeaderElection.java:259)
	at org.apache.ratis.server.impl.LeaderElection.askForVotes(LeaderElection.java:197)
	at org.apache.ratis.server.impl.LeaderElection.run(LeaderElection.java:133)
	at java.lang.Thread.run(Thread.java:748)
Caused by: org.apache.ratis.thirdparty.io.grpc.StatusRuntimeException: UNAVAILABLE: io exception
	at org.apache.ratis.thirdparty.io.grpc.stub.ClientCalls.toStatusRuntimeException(ClientCalls.java:233)
	at org.apache.ratis.thirdparty.io.grpc.stub.ClientCalls.getUnchecked(ClientCalls.java:214)
	at org.apache.ratis.thirdparty.io.grpc.stub.ClientCalls.blockingUnaryCall(ClientCalls.java:139)
	at org.apache.ratis.proto.grpc.RaftServerProtocolServiceGrpc$RaftServerProtocolServiceBlockingStub.requestVote(RaftServerProtocolServiceGrpc.java:265)
	at org.apache.ratis.grpc.server.GrpcServerProtocolClient.requestVote(GrpcServerProtocolClient.java:99)
	at org.apache.ratis.grpc.server.GrpcService.requestVote(GrpcService.java:204)
	at org.apache.ratis.server.impl.LeaderElection.lambda$submitRequests$1(LeaderElection.java:234)
	at java.util.concurrent.FutureTask.run(FutureTask.java:266)
	at java.util.concurrent.Executors$RunnableAdapter.call(Executors.java:511)
	at java.util.concurrent.FutureTask.run(FutureTask.java:266)
	at java.util.concurrent.ThreadPoolExecutor.runWorker(ThreadPoolExecutor.java:1149)
	at java.util.concurrent.ThreadPoolExecutor$Worker.run(ThreadPoolExecutor.java:624)
	... 1 more
Caused by: org.apache.ratis.thirdparty.io.netty.channel.AbstractChannel$AnnotatedConnectException: Connection refused: /192.168.164.233:41061
	at sun.nio.ch.SocketChannelImpl.checkConnect(Native Method)
	at sun.nio.ch.SocketChannelImpl.finishConnect(SocketChannelImpl.java:717)
	at org.apache.ratis.thirdparty.io.netty.channel.socket.nio.NioSocketChannel.doFinishConnect(NioSocketChannel.java:327)
	at org.apache.ratis.thirdparty.io.netty.channel.nio.AbstractNioChannel$AbstractNioUnsafe.finishConnect(AbstractNioChannel.java:340)
	at org.apache.ratis.thirdparty.io.netty.channel.nio.NioEventLoop.processSelectedKey(NioEventLoop.java:632)
	at org.apache.ratis.thirdparty.io.netty.channel.nio.NioEventLoop.processSelectedKeysOptimized(NioEventLoop.java:579)
	at org.apache.ratis.thirdparty.io.netty.channel.nio.NioEventLoop.processSelectedKeys(NioEventLoop.java:496)
	at org.apache.ratis.thirdparty.io.netty.channel.nio.NioEventLoop.run(NioEventLoop.java:458)
	at org.apache.ratis.thirdparty.io.netty.util.concurrent.SingleThreadEventExecutor$5.run(SingleThreadEventExecutor.java:897)
	at org.apache.ratis.thirdparty.io.netty.util.concurrent.FastThreadLocalRunnable.run(FastThreadLocalRunnable.java:30)
	... 1 more
Caused by: java.net.ConnectException: Connection refused
	... 11 more
2019-10-18 14:59:06,276 [327657b1-60f8-49f2-b2a3-f63e1f934942@group-58A987F56150-LeaderElection463] INFO  impl.RaftServerImpl (RaftServerImpl.java:setRole(184)) - 327657b1-60f8-49f2-b2a3-f63e1f934942@group-58A987F56150: changes role from CANDIDATE to FOLLOWER at term 532 for DISCOVERED_A_NEW_TERM
2019-10-18 14:59:06,276 [327657b1-60f8-49f2-b2a3-f63e1f934942@group-58A987F56150-LeaderElection463] INFO  impl.RoleInfo (RoleInfo.java:shutdownLeaderElection(134)) - 327657b1-60f8-49f2-b2a3-f63e1f934942: shutdown LeaderElection
2019-10-18 14:59:06,276 [327657b1-60f8-49f2-b2a3-f63e1f934942@group-58A987F56150-LeaderElection463] INFO  impl.RoleInfo (RoleInfo.java:updateAndGet(143)) - 327657b1-60f8-49f2-b2a3-f63e1f934942: start FollowerState
2019-10-18 14:59:06,425 [Thread-3407] INFO  impl.FollowerState (FollowerState.java:run(108)) - 327657b1-60f8-49f2-b2a3-f63e1f934942@group-58A987F56150-FollowerState: change to CANDIDATE, lastRpcTime:148ms, electionTimeout:148ms
2019-10-18 14:59:06,425 [Thread-3407] INFO  impl.RoleInfo (RoleInfo.java:shutdownFollowerState(121)) - 327657b1-60f8-49f2-b2a3-f63e1f934942: shutdown FollowerState
2019-10-18 14:59:06,425 [Thread-3407] INFO  impl.RaftServerImpl (RaftServerImpl.java:setRole(184)) - 327657b1-60f8-49f2-b2a3-f63e1f934942@group-58A987F56150: changes role from  FOLLOWER to CANDIDATE at term 532 for changeToCandidate
2019-10-18 14:59:06,425 [Thread-3407] INFO  impl.RoleInfo (RoleInfo.java:updateAndGet(143)) - 327657b1-60f8-49f2-b2a3-f63e1f934942: start LeaderElection
2019-10-18 14:59:06,439 [327657b1-60f8-49f2-b2a3-f63e1f934942@group-58A987F56150-LeaderElection464] INFO  impl.LeaderElection (LeaderElection.java:askForVotes(178)) - 327657b1-60f8-49f2-b2a3-f63e1f934942@group-58A987F56150-LeaderElection464: begin an election at term 533 for -1: [6605b8a5-570b-4977-9ee7-6aaf3012bed5:192.168.164.233:35223, 327657b1-60f8-49f2-b2a3-f63e1f934942:192.168.164.233:41966, ddd4789c-894d-475a-bbfb-f6e7aa670c92:192.168.164.233:41061], old=null
2019-10-18 14:59:06,440 [327657b1-60f8-49f2-b2a3-f63e1f934942@group-58A987F56150-LeaderElection464] INFO  impl.LeaderElection (LogUtils.java:infoOrTrace(149)) - 327657b1-60f8-49f2-b2a3-f63e1f934942@group-58A987F56150-LeaderElection464 got exception when requesting votes: {}
java.util.concurrent.ExecutionException: org.apache.ratis.thirdparty.io.grpc.StatusRuntimeException: UNAVAILABLE: io exception
	at java.util.concurrent.FutureTask.report(FutureTask.java:122)
	at java.util.concurrent.FutureTask.get(FutureTask.java:192)
	at org.apache.ratis.server.impl.LeaderElection.waitForResults(LeaderElection.java:259)
	at org.apache.ratis.server.impl.LeaderElection.askForVotes(LeaderElection.java:197)
	at org.apache.ratis.server.impl.LeaderElection.run(LeaderElection.java:133)
	at java.lang.Thread.run(Thread.java:748)
Caused by: org.apache.ratis.thirdparty.io.grpc.StatusRuntimeException: UNAVAILABLE: io exception
	at org.apache.ratis.thirdparty.io.grpc.stub.ClientCalls.toStatusRuntimeException(ClientCalls.java:233)
	at org.apache.ratis.thirdparty.io.grpc.stub.ClientCalls.getUnchecked(ClientCalls.java:214)
	at org.apache.ratis.thirdparty.io.grpc.stub.ClientCalls.blockingUnaryCall(ClientCalls.java:139)
	at org.apache.ratis.proto.grpc.RaftServerProtocolServiceGrpc$RaftServerProtocolServiceBlockingStub.requestVote(RaftServerProtocolServiceGrpc.java:265)
	at org.apache.ratis.grpc.server.GrpcServerProtocolClient.requestVote(GrpcServerProtocolClient.java:99)
	at org.apache.ratis.grpc.server.GrpcService.requestVote(GrpcService.java:204)
	at org.apache.ratis.server.impl.LeaderElection.lambda$submitRequests$1(LeaderElection.java:234)
	at java.util.concurrent.FutureTask.run(FutureTask.java:266)
	at java.util.concurrent.Executors$RunnableAdapter.call(Executors.java:511)
	at java.util.concurrent.FutureTask.run(FutureTask.java:266)
	at java.util.concurrent.ThreadPoolExecutor.runWorker(ThreadPoolExecutor.java:1149)
	at java.util.concurrent.ThreadPoolExecutor$Worker.run(ThreadPoolExecutor.java:624)
	... 1 more
Caused by: org.apache.ratis.thirdparty.io.netty.channel.AbstractChannel$AnnotatedConnectException: Connection refused: /192.168.164.233:35223
	at sun.nio.ch.SocketChannelImpl.checkConnect(Native Method)
	at sun.nio.ch.SocketChannelImpl.finishConnect(SocketChannelImpl.java:717)
	at org.apache.ratis.thirdparty.io.netty.channel.socket.nio.NioSocketChannel.doFinishConnect(NioSocketChannel.java:327)
	at org.apache.ratis.thirdparty.io.netty.channel.nio.AbstractNioChannel$AbstractNioUnsafe.finishConnect(AbstractNioChannel.java:340)
	at org.apache.ratis.thirdparty.io.netty.channel.nio.NioEventLoop.processSelectedKey(NioEventLoop.java:632)
	at org.apache.ratis.thirdparty.io.netty.channel.nio.NioEventLoop.processSelectedKeysOptimized(NioEventLoop.java:579)
	at org.apache.ratis.thirdparty.io.netty.channel.nio.NioEventLoop.processSelectedKeys(NioEventLoop.java:496)
	at org.apache.ratis.thirdparty.io.netty.channel.nio.NioEventLoop.run(NioEventLoop.java:458)
	at org.apache.ratis.thirdparty.io.netty.util.concurrent.SingleThreadEventExecutor$5.run(SingleThreadEventExecutor.java:897)
	at org.apache.ratis.thirdparty.io.netty.util.concurrent.FastThreadLocalRunnable.run(FastThreadLocalRunnable.java:30)
	... 1 more
Caused by: java.net.ConnectException: Connection refused
	... 11 more
2019-10-18 14:59:06,442 [327657b1-60f8-49f2-b2a3-f63e1f934942@group-58A987F56150-LeaderElection464] INFO  impl.LeaderElection (LogUtils.java:infoOrTrace(149)) - 327657b1-60f8-49f2-b2a3-f63e1f934942@group-58A987F56150-LeaderElection464 got exception when requesting votes: {}
java.util.concurrent.ExecutionException: org.apache.ratis.thirdparty.io.grpc.StatusRuntimeException: UNAVAILABLE: io exception
	at java.util.concurrent.FutureTask.report(FutureTask.java:122)
	at java.util.concurrent.FutureTask.get(FutureTask.java:192)
	at org.apache.ratis.server.impl.LeaderElection.waitForResults(LeaderElection.java:259)
	at org.apache.ratis.server.impl.LeaderElection.askForVotes(LeaderElection.java:197)
	at org.apache.ratis.server.impl.LeaderElection.run(LeaderElection.java:133)
	at java.lang.Thread.run(Thread.java:748)
Caused by: org.apache.ratis.thirdparty.io.grpc.StatusRuntimeException: UNAVAILABLE: io exception
	at org.apache.ratis.thirdparty.io.grpc.stub.ClientCalls.toStatusRuntimeException(ClientCalls.java:233)
	at org.apache.ratis.thirdparty.io.grpc.stub.ClientCalls.getUnchecked(ClientCalls.java:214)
	at org.apache.ratis.thirdparty.io.grpc.stub.ClientCalls.blockingUnaryCall(ClientCalls.java:139)
	at org.apache.ratis.proto.grpc.RaftServerProtocolServiceGrpc$RaftServerProtocolServiceBlockingStub.requestVote(RaftServerProtocolServiceGrpc.java:265)
	at org.apache.ratis.grpc.server.GrpcServerProtocolClient.requestVote(GrpcServerProtocolClient.java:99)
	at org.apache.ratis.grpc.server.GrpcService.requestVote(GrpcService.java:204)
	at org.apache.ratis.server.impl.LeaderElection.lambda$submitRequests$1(LeaderElection.java:234)
	at java.util.concurrent.FutureTask.run(FutureTask.java:266)
	at java.util.concurrent.Executors$RunnableAdapter.call(Executors.java:511)
	at java.util.concurrent.FutureTask.run(FutureTask.java:266)
	at java.util.concurrent.ThreadPoolExecutor.runWorker(ThreadPoolExecutor.java:1149)
	at java.util.concurrent.ThreadPoolExecutor$Worker.run(ThreadPoolExecutor.java:624)
	... 1 more
Caused by: org.apache.ratis.thirdparty.io.netty.channel.AbstractChannel$AnnotatedConnectException: Connection refused: /192.168.164.233:41061
	at sun.nio.ch.SocketChannelImpl.checkConnect(Native Method)
	at sun.nio.ch.SocketChannelImpl.finishConnect(SocketChannelImpl.java:717)
	at org.apache.ratis.thirdparty.io.netty.channel.socket.nio.NioSocketChannel.doFinishConnect(NioSocketChannel.java:327)
	at org.apache.ratis.thirdparty.io.netty.channel.nio.AbstractNioChannel$AbstractNioUnsafe.finishConnect(AbstractNioChannel.java:340)
	at org.apache.ratis.thirdparty.io.netty.channel.nio.NioEventLoop.processSelectedKey(NioEventLoop.java:632)
	at org.apache.ratis.thirdparty.io.netty.channel.nio.NioEventLoop.processSelectedKeysOptimized(NioEventLoop.java:579)
	at org.apache.ratis.thirdparty.io.netty.channel.nio.NioEventLoop.processSelectedKeys(NioEventLoop.java:496)
	at org.apache.ratis.thirdparty.io.netty.channel.nio.NioEventLoop.run(NioEventLoop.java:458)
	at org.apache.ratis.thirdparty.io.netty.util.concurrent.SingleThreadEventExecutor$5.run(SingleThreadEventExecutor.java:897)
	at org.apache.ratis.thirdparty.io.netty.util.concurrent.FastThreadLocalRunnable.run(FastThreadLocalRunnable.java:30)
	... 1 more
Caused by: java.net.ConnectException: Connection refused
	... 11 more
2019-10-18 14:59:06,443 [327657b1-60f8-49f2-b2a3-f63e1f934942@group-58A987F56150-LeaderElection464] INFO  impl.LeaderElection (LeaderElection.java:logAndReturn(56)) - 327657b1-60f8-49f2-b2a3-f63e1f934942@group-58A987F56150-LeaderElection464: Election REJECTED; received 0 response(s) [] and 2 exception(s); 327657b1-60f8-49f2-b2a3-f63e1f934942@group-58A987F56150:t533, leader=null, voted=327657b1-60f8-49f2-b2a3-f63e1f934942, raftlog=327657b1-60f8-49f2-b2a3-f63e1f934942@group-58A987F56150-SegmentedRaftLog:OPENED:c-1,f-1,i0, conf=-1: [6605b8a5-570b-4977-9ee7-6aaf3012bed5:192.168.164.233:35223, 327657b1-60f8-49f2-b2a3-f63e1f934942:192.168.164.233:41966, ddd4789c-894d-475a-bbfb-f6e7aa670c92:192.168.164.233:41061], old=null
2019-10-18 14:59:06,443 [327657b1-60f8-49f2-b2a3-f63e1f934942@group-58A987F56150-LeaderElection464] INFO  impl.LeaderElection (LogUtils.java:infoOrTrace(149)) -   Exception 0: {}
java.util.concurrent.ExecutionException: org.apache.ratis.thirdparty.io.grpc.StatusRuntimeException: UNAVAILABLE: io exception
	at java.util.concurrent.FutureTask.report(FutureTask.java:122)
	at java.util.concurrent.FutureTask.get(FutureTask.java:192)
	at org.apache.ratis.server.impl.LeaderElection.waitForResults(LeaderElection.java:259)
	at org.apache.ratis.server.impl.LeaderElection.askForVotes(LeaderElection.java:197)
	at org.apache.ratis.server.impl.LeaderElection.run(LeaderElection.java:133)
	at java.lang.Thread.run(Thread.java:748)
Caused by: org.apache.ratis.thirdparty.io.grpc.StatusRuntimeException: UNAVAILABLE: io exception
	at org.apache.ratis.thirdparty.io.grpc.stub.ClientCalls.toStatusRuntimeException(ClientCalls.java:233)
	at org.apache.ratis.thirdparty.io.grpc.stub.ClientCalls.getUnchecked(ClientCalls.java:214)
	at org.apache.ratis.thirdparty.io.grpc.stub.ClientCalls.blockingUnaryCall(ClientCalls.java:139)
	at org.apache.ratis.proto.grpc.RaftServerProtocolServiceGrpc$RaftServerProtocolServiceBlockingStub.requestVote(RaftServerProtocolServiceGrpc.java:265)
	at org.apache.ratis.grpc.server.GrpcServerProtocolClient.requestVote(GrpcServerProtocolClient.java:99)
	at org.apache.ratis.grpc.server.GrpcService.requestVote(GrpcService.java:204)
	at org.apache.ratis.server.impl.LeaderElection.lambda$submitRequests$1(LeaderElection.java:234)
	at java.util.concurrent.FutureTask.run(FutureTask.java:266)
	at java.util.concurrent.Executors$RunnableAdapter.call(Executors.java:511)
	at java.util.concurrent.FutureTask.run(FutureTask.java:266)
	at java.util.concurrent.ThreadPoolExecutor.runWorker(ThreadPoolExecutor.java:1149)
	at java.util.concurrent.ThreadPoolExecutor$Worker.run(ThreadPoolExecutor.java:624)
	... 1 more
Caused by: org.apache.ratis.thirdparty.io.netty.channel.AbstractChannel$AnnotatedConnectException: Connection refused: /192.168.164.233:35223
	at sun.nio.ch.SocketChannelImpl.checkConnect(Native Method)
	at sun.nio.ch.SocketChannelImpl.finishConnect(SocketChannelImpl.java:717)
	at org.apache.ratis.thirdparty.io.netty.channel.socket.nio.NioSocketChannel.doFinishConnect(NioSocketChannel.java:327)
	at org.apache.ratis.thirdparty.io.netty.channel.nio.AbstractNioChannel$AbstractNioUnsafe.finishConnect(AbstractNioChannel.java:340)
	at org.apache.ratis.thirdparty.io.netty.channel.nio.NioEventLoop.processSelectedKey(NioEventLoop.java:632)
	at org.apache.ratis.thirdparty.io.netty.channel.nio.NioEventLoop.processSelectedKeysOptimized(NioEventLoop.java:579)
	at org.apache.ratis.thirdparty.io.netty.channel.nio.NioEventLoop.processSelectedKeys(NioEventLoop.java:496)
	at org.apache.ratis.thirdparty.io.netty.channel.nio.NioEventLoop.run(NioEventLoop.java:458)
	at org.apache.ratis.thirdparty.io.netty.util.concurrent.SingleThreadEventExecutor$5.run(SingleThreadEventExecutor.java:897)
	at org.apache.ratis.thirdparty.io.netty.util.concurrent.FastThreadLocalRunnable.run(FastThreadLocalRunnable.java:30)
	... 1 more
Caused by: java.net.ConnectException: Connection refused
	... 11 more
2019-10-18 14:59:06,443 [327657b1-60f8-49f2-b2a3-f63e1f934942@group-58A987F56150-LeaderElection464] INFO  impl.LeaderElection (LogUtils.java:infoOrTrace(149)) -   Exception 1: {}
java.util.concurrent.ExecutionException: org.apache.ratis.thirdparty.io.grpc.StatusRuntimeException: UNAVAILABLE: io exception
	at java.util.concurrent.FutureTask.report(FutureTask.java:122)
	at java.util.concurrent.FutureTask.get(FutureTask.java:192)
	at org.apache.ratis.server.impl.LeaderElection.waitForResults(LeaderElection.java:259)
	at org.apache.ratis.server.impl.LeaderElection.askForVotes(LeaderElection.java:197)
	at org.apache.ratis.server.impl.LeaderElection.run(LeaderElection.java:133)
	at java.lang.Thread.run(Thread.java:748)
Caused by: org.apache.ratis.thirdparty.io.grpc.StatusRuntimeException: UNAVAILABLE: io exception
	at org.apache.ratis.thirdparty.io.grpc.stub.ClientCalls.toStatusRuntimeException(ClientCalls.java:233)
	at org.apache.ratis.thirdparty.io.grpc.stub.ClientCalls.getUnchecked(ClientCalls.java:214)
	at org.apache.ratis.thirdparty.io.grpc.stub.ClientCalls.blockingUnaryCall(ClientCalls.java:139)
	at org.apache.ratis.proto.grpc.RaftServerProtocolServiceGrpc$RaftServerProtocolServiceBlockingStub.requestVote(RaftServerProtocolServiceGrpc.java:265)
	at org.apache.ratis.grpc.server.GrpcServerProtocolClient.requestVote(GrpcServerProtocolClient.java:99)
	at org.apache.ratis.grpc.server.GrpcService.requestVote(GrpcService.java:204)
	at org.apache.ratis.server.impl.LeaderElection.lambda$submitRequests$1(LeaderElection.java:234)
	at java.util.concurrent.FutureTask.run(FutureTask.java:266)
	at java.util.concurrent.Executors$RunnableAdapter.call(Executors.java:511)
	at java.util.concurrent.FutureTask.run(FutureTask.java:266)
	at java.util.concurrent.ThreadPoolExecutor.runWorker(ThreadPoolExecutor.java:1149)
	at java.util.concurrent.ThreadPoolExecutor$Worker.run(ThreadPoolExecutor.java:624)
	... 1 more
Caused by: org.apache.ratis.thirdparty.io.netty.channel.AbstractChannel$AnnotatedConnectException: Connection refused: /192.168.164.233:41061
	at sun.nio.ch.SocketChannelImpl.checkConnect(Native Method)
	at sun.nio.ch.SocketChannelImpl.finishConnect(SocketChannelImpl.java:717)
	at org.apache.ratis.thirdparty.io.netty.channel.socket.nio.NioSocketChannel.doFinishConnect(NioSocketChannel.java:327)
	at org.apache.ratis.thirdparty.io.netty.channel.nio.AbstractNioChannel$AbstractNioUnsafe.finishConnect(AbstractNioChannel.java:340)
	at org.apache.ratis.thirdparty.io.netty.channel.nio.NioEventLoop.processSelectedKey(NioEventLoop.java:632)
	at org.apache.ratis.thirdparty.io.netty.channel.nio.NioEventLoop.processSelectedKeysOptimized(NioEventLoop.java:579)
	at org.apache.ratis.thirdparty.io.netty.channel.nio.NioEventLoop.processSelectedKeys(NioEventLoop.java:496)
	at org.apache.ratis.thirdparty.io.netty.channel.nio.NioEventLoop.run(NioEventLoop.java:458)
	at org.apache.ratis.thirdparty.io.netty.util.concurrent.SingleThreadEventExecutor$5.run(SingleThreadEventExecutor.java:897)
	at org.apache.ratis.thirdparty.io.netty.util.concurrent.FastThreadLocalRunnable.run(FastThreadLocalRunnable.java:30)
	... 1 more
Caused by: java.net.ConnectException: Connection refused
	... 11 more
2019-10-18 14:59:06,444 [327657b1-60f8-49f2-b2a3-f63e1f934942@group-58A987F56150-LeaderElection464] INFO  impl.RaftServerImpl (RaftServerImpl.java:setRole(184)) - 327657b1-60f8-49f2-b2a3-f63e1f934942@group-58A987F56150: changes role from CANDIDATE to FOLLOWER at term 533 for DISCOVERED_A_NEW_TERM
2019-10-18 14:59:06,444 [327657b1-60f8-49f2-b2a3-f63e1f934942@group-58A987F56150-LeaderElection464] INFO  impl.RoleInfo (RoleInfo.java:shutdownLeaderElection(134)) - 327657b1-60f8-49f2-b2a3-f63e1f934942: shutdown LeaderElection
2019-10-18 14:59:06,444 [327657b1-60f8-49f2-b2a3-f63e1f934942@group-58A987F56150-LeaderElection464] INFO  impl.RoleInfo (RoleInfo.java:updateAndGet(143)) - 327657b1-60f8-49f2-b2a3-f63e1f934942: start FollowerState
2019-10-18 14:59:06,555 [Thread-3412] INFO  impl.FollowerState (FollowerState.java:run(108)) - 327657b1-60f8-49f2-b2a3-f63e1f934942@group-58A987F56150-FollowerState: change to CANDIDATE, lastRpcTime:111ms, electionTimeout:111ms
2019-10-18 14:59:06,556 [Thread-3412] INFO  impl.RoleInfo (RoleInfo.java:shutdownFollowerState(121)) - 327657b1-60f8-49f2-b2a3-f63e1f934942: shutdown FollowerState
2019-10-18 14:59:06,556 [Thread-3412] INFO  impl.RaftServerImpl (RaftServerImpl.java:setRole(184)) - 327657b1-60f8-49f2-b2a3-f63e1f934942@group-58A987F56150: changes role from  FOLLOWER to CANDIDATE at term 533 for changeToCandidate
2019-10-18 14:59:06,556 [Thread-3412] INFO  impl.RoleInfo (RoleInfo.java:updateAndGet(143)) - 327657b1-60f8-49f2-b2a3-f63e1f934942: start LeaderElection
2019-10-18 14:59:06,581 [327657b1-60f8-49f2-b2a3-f63e1f934942@group-58A987F56150-LeaderElection465] INFO  impl.LeaderElection (LeaderElection.java:askForVotes(178)) - 327657b1-60f8-49f2-b2a3-f63e1f934942@group-58A987F56150-LeaderElection465: begin an election at term 534 for -1: [6605b8a5-570b-4977-9ee7-6aaf3012bed5:192.168.164.233:35223, 327657b1-60f8-49f2-b2a3-f63e1f934942:192.168.164.233:41966, ddd4789c-894d-475a-bbfb-f6e7aa670c92:192.168.164.233:41061], old=null
2019-10-18 14:59:06,582 [327657b1-60f8-49f2-b2a3-f63e1f934942@group-58A987F56150-LeaderElection465] INFO  impl.LeaderElection (LogUtils.java:infoOrTrace(149)) - 327657b1-60f8-49f2-b2a3-f63e1f934942@group-58A987F56150-LeaderElection465 got exception when requesting votes: {}
java.util.concurrent.ExecutionException: org.apache.ratis.thirdparty.io.grpc.StatusRuntimeException: UNAVAILABLE: io exception
	at java.util.concurrent.FutureTask.report(FutureTask.java:122)
	at java.util.concurrent.FutureTask.get(FutureTask.java:192)
	at org.apache.ratis.server.impl.LeaderElection.waitForResults(LeaderElection.java:259)
	at org.apache.ratis.server.impl.LeaderElection.askForVotes(LeaderElection.java:197)
	at org.apache.ratis.server.impl.LeaderElection.run(LeaderElection.java:133)
	at java.lang.Thread.run(Thread.java:748)
Caused by: org.apache.ratis.thirdparty.io.grpc.StatusRuntimeException: UNAVAILABLE: io exception
	at org.apache.ratis.thirdparty.io.grpc.stub.ClientCalls.toStatusRuntimeException(ClientCalls.java:233)
	at org.apache.ratis.thirdparty.io.grpc.stub.ClientCalls.getUnchecked(ClientCalls.java:214)
	at org.apache.ratis.thirdparty.io.grpc.stub.ClientCalls.blockingUnaryCall(ClientCalls.java:139)
	at org.apache.ratis.proto.grpc.RaftServerProtocolServiceGrpc$RaftServerProtocolServiceBlockingStub.requestVote(RaftServerProtocolServiceGrpc.java:265)
	at org.apache.ratis.grpc.server.GrpcServerProtocolClient.requestVote(GrpcServerProtocolClient.java:99)
	at org.apache.ratis.grpc.server.GrpcService.requestVote(GrpcService.java:204)
	at org.apache.ratis.server.impl.LeaderElection.lambda$submitRequests$1(LeaderElection.java:234)
	at java.util.concurrent.FutureTask.run(FutureTask.java:266)
	at java.util.concurrent.Executors$RunnableAdapter.call(Executors.java:511)
	at java.util.concurrent.FutureTask.run(FutureTask.java:266)
	at java.util.concurrent.ThreadPoolExecutor.runWorker(ThreadPoolExecutor.java:1149)
	at java.util.concurrent.ThreadPoolExecutor$Worker.run(ThreadPoolExecutor.java:624)
	... 1 more
Caused by: org.apache.ratis.thirdparty.io.netty.channel.AbstractChannel$AnnotatedConnectException: Connection refused: /192.168.164.233:41061
	at sun.nio.ch.SocketChannelImpl.checkConnect(Native Method)
	at sun.nio.ch.SocketChannelImpl.finishConnect(SocketChannelImpl.java:717)
	at org.apache.ratis.thirdparty.io.netty.channel.socket.nio.NioSocketChannel.doFinishConnect(NioSocketChannel.java:327)
	at org.apache.ratis.thirdparty.io.netty.channel.nio.AbstractNioChannel$AbstractNioUnsafe.finishConnect(AbstractNioChannel.java:340)
	at org.apache.ratis.thirdparty.io.netty.channel.nio.NioEventLoop.processSelectedKey(NioEventLoop.java:632)
	at org.apache.ratis.thirdparty.io.netty.channel.nio.NioEventLoop.processSelectedKeysOptimized(NioEventLoop.java:579)
	at org.apache.ratis.thirdparty.io.netty.channel.nio.NioEventLoop.processSelectedKeys(NioEventLoop.java:496)
	at org.apache.ratis.thirdparty.io.netty.channel.nio.NioEventLoop.run(NioEventLoop.java:458)
	at org.apache.ratis.thirdparty.io.netty.util.concurrent.SingleThreadEventExecutor$5.run(SingleThreadEventExecutor.java:897)
	at org.apache.ratis.thirdparty.io.netty.util.concurrent.FastThreadLocalRunnable.run(FastThreadLocalRunnable.java:30)
	... 1 more
Caused by: java.net.ConnectException: Connection refused
	... 11 more
2019-10-18 14:59:06,584 [327657b1-60f8-49f2-b2a3-f63e1f934942@group-58A987F56150-LeaderElection465] INFO  impl.LeaderElection (LogUtils.java:infoOrTrace(149)) - 327657b1-60f8-49f2-b2a3-f63e1f934942@group-58A987F56150-LeaderElection465 got exception when requesting votes: {}
java.util.concurrent.ExecutionException: org.apache.ratis.thirdparty.io.grpc.StatusRuntimeException: UNAVAILABLE: io exception
	at java.util.concurrent.FutureTask.report(FutureTask.java:122)
	at java.util.concurrent.FutureTask.get(FutureTask.java:192)
	at org.apache.ratis.server.impl.LeaderElection.waitForResults(LeaderElection.java:259)
	at org.apache.ratis.server.impl.LeaderElection.askForVotes(LeaderElection.java:197)
	at org.apache.ratis.server.impl.LeaderElection.run(LeaderElection.java:133)
	at java.lang.Thread.run(Thread.java:748)
Caused by: org.apache.ratis.thirdparty.io.grpc.StatusRuntimeException: UNAVAILABLE: io exception
	at org.apache.ratis.thirdparty.io.grpc.stub.ClientCalls.toStatusRuntimeException(ClientCalls.java:233)
	at org.apache.ratis.thirdparty.io.grpc.stub.ClientCalls.getUnchecked(ClientCalls.java:214)
	at org.apache.ratis.thirdparty.io.grpc.stub.ClientCalls.blockingUnaryCall(ClientCalls.java:139)
	at org.apache.ratis.proto.grpc.RaftServerProtocolServiceGrpc$RaftServerProtocolServiceBlockingStub.requestVote(RaftServerProtocolServiceGrpc.java:265)
	at org.apache.ratis.grpc.server.GrpcServerProtocolClient.requestVote(GrpcServerProtocolClient.java:99)
	at org.apache.ratis.grpc.server.GrpcService.requestVote(GrpcService.java:204)
	at org.apache.ratis.server.impl.LeaderElection.lambda$submitRequests$1(LeaderElection.java:234)
	at java.util.concurrent.FutureTask.run(FutureTask.java:266)
	at java.util.concurrent.Executors$RunnableAdapter.call(Executors.java:511)
	at java.util.concurrent.FutureTask.run(FutureTask.java:266)
	at java.util.concurrent.ThreadPoolExecutor.runWorker(ThreadPoolExecutor.java:1149)
	at java.util.concurrent.ThreadPoolExecutor$Worker.run(ThreadPoolExecutor.java:624)
	... 1 more
Caused by: org.apache.ratis.thirdparty.io.netty.channel.AbstractChannel$AnnotatedConnectException: Connection refused: /192.168.164.233:35223
	at sun.nio.ch.SocketChannelImpl.checkConnect(Native Method)
	at sun.nio.ch.SocketChannelImpl.finishConnect(SocketChannelImpl.java:717)
	at org.apache.ratis.thirdparty.io.netty.channel.socket.nio.NioSocketChannel.doFinishConnect(NioSocketChannel.java:327)
	at org.apache.ratis.thirdparty.io.netty.channel.nio.AbstractNioChannel$AbstractNioUnsafe.finishConnect(AbstractNioChannel.java:340)
	at org.apache.ratis.thirdparty.io.netty.channel.nio.NioEventLoop.processSelectedKey(NioEventLoop.java:632)
	at org.apache.ratis.thirdparty.io.netty.channel.nio.NioEventLoop.processSelectedKeysOptimized(NioEventLoop.java:579)
	at org.apache.ratis.thirdparty.io.netty.channel.nio.NioEventLoop.processSelectedKeys(NioEventLoop.java:496)
	at org.apache.ratis.thirdparty.io.netty.channel.nio.NioEventLoop.run(NioEventLoop.java:458)
	at org.apache.ratis.thirdparty.io.netty.util.concurrent.SingleThreadEventExecutor$5.run(SingleThreadEventExecutor.java:897)
	at org.apache.ratis.thirdparty.io.netty.util.concurrent.FastThreadLocalRunnable.run(FastThreadLocalRunnable.java:30)
	... 1 more
Caused by: java.net.ConnectException: Connection refused
	... 11 more
2019-10-18 14:59:06,585 [327657b1-60f8-49f2-b2a3-f63e1f934942@group-58A987F56150-LeaderElection465] INFO  impl.LeaderElection (LeaderElection.java:logAndReturn(56)) - 327657b1-60f8-49f2-b2a3-f63e1f934942@group-58A987F56150-LeaderElection465: Election REJECTED; received 0 response(s) [] and 2 exception(s); 327657b1-60f8-49f2-b2a3-f63e1f934942@group-58A987F56150:t534, leader=null, voted=327657b1-60f8-49f2-b2a3-f63e1f934942, raftlog=327657b1-60f8-49f2-b2a3-f63e1f934942@group-58A987F56150-SegmentedRaftLog:OPENED:c-1,f-1,i0, conf=-1: [6605b8a5-570b-4977-9ee7-6aaf3012bed5:192.168.164.233:35223, 327657b1-60f8-49f2-b2a3-f63e1f934942:192.168.164.233:41966, ddd4789c-894d-475a-bbfb-f6e7aa670c92:192.168.164.233:41061], old=null
2019-10-18 14:59:06,585 [327657b1-60f8-49f2-b2a3-f63e1f934942@group-58A987F56150-LeaderElection465] INFO  impl.LeaderElection (LogUtils.java:infoOrTrace(149)) -   Exception 0: {}
java.util.concurrent.ExecutionException: org.apache.ratis.thirdparty.io.grpc.StatusRuntimeException: UNAVAILABLE: io exception
	at java.util.concurrent.FutureTask.report(FutureTask.java:122)
	at java.util.concurrent.FutureTask.get(FutureTask.java:192)
	at org.apache.ratis.server.impl.LeaderElection.waitForResults(LeaderElection.java:259)
	at org.apache.ratis.server.impl.LeaderElection.askForVotes(LeaderElection.java:197)
	at org.apache.ratis.server.impl.LeaderElection.run(LeaderElection.java:133)
	at java.lang.Thread.run(Thread.java:748)
Caused by: org.apache.ratis.thirdparty.io.grpc.StatusRuntimeException: UNAVAILABLE: io exception
	at org.apache.ratis.thirdparty.io.grpc.stub.ClientCalls.toStatusRuntimeException(ClientCalls.java:233)
	at org.apache.ratis.thirdparty.io.grpc.stub.ClientCalls.getUnchecked(ClientCalls.java:214)
	at org.apache.ratis.thirdparty.io.grpc.stub.ClientCalls.blockingUnaryCall(ClientCalls.java:139)
	at org.apache.ratis.proto.grpc.RaftServerProtocolServiceGrpc$RaftServerProtocolServiceBlockingStub.requestVote(RaftServerProtocolServiceGrpc.java:265)
	at org.apache.ratis.grpc.server.GrpcServerProtocolClient.requestVote(GrpcServerProtocolClient.java:99)
	at org.apache.ratis.grpc.server.GrpcService.requestVote(GrpcService.java:204)
	at org.apache.ratis.server.impl.LeaderElection.lambda$submitRequests$1(LeaderElection.java:234)
	at java.util.concurrent.FutureTask.run(FutureTask.java:266)
	at java.util.concurrent.Executors$RunnableAdapter.call(Executors.java:511)
	at java.util.concurrent.FutureTask.run(FutureTask.java:266)
	at java.util.concurrent.ThreadPoolExecutor.runWorker(ThreadPoolExecutor.java:1149)
	at java.util.concurrent.ThreadPoolExecutor$Worker.run(ThreadPoolExecutor.java:624)
	... 1 more
Caused by: org.apache.ratis.thirdparty.io.netty.channel.AbstractChannel$AnnotatedConnectException: Connection refused: /192.168.164.233:41061
	at sun.nio.ch.SocketChannelImpl.checkConnect(Native Method)
	at sun.nio.ch.SocketChannelImpl.finishConnect(SocketChannelImpl.java:717)
	at org.apache.ratis.thirdparty.io.netty.channel.socket.nio.NioSocketChannel.doFinishConnect(NioSocketChannel.java:327)
	at org.apache.ratis.thirdparty.io.netty.channel.nio.AbstractNioChannel$AbstractNioUnsafe.finishConnect(AbstractNioChannel.java:340)
	at org.apache.ratis.thirdparty.io.netty.channel.nio.NioEventLoop.processSelectedKey(NioEventLoop.java:632)
	at org.apache.ratis.thirdparty.io.netty.channel.nio.NioEventLoop.processSelectedKeysOptimized(NioEventLoop.java:579)
	at org.apache.ratis.thirdparty.io.netty.channel.nio.NioEventLoop.processSelectedKeys(NioEventLoop.java:496)
	at org.apache.ratis.thirdparty.io.netty.channel.nio.NioEventLoop.run(NioEventLoop.java:458)
	at org.apache.ratis.thirdparty.io.netty.util.concurrent.SingleThreadEventExecutor$5.run(SingleThreadEventExecutor.java:897)
	at org.apache.ratis.thirdparty.io.netty.util.concurrent.FastThreadLocalRunnable.run(FastThreadLocalRunnable.java:30)
	... 1 more
Caused by: java.net.ConnectException: Connection refused
	... 11 more
2019-10-18 14:59:06,585 [327657b1-60f8-49f2-b2a3-f63e1f934942@group-58A987F56150-LeaderElection465] INFO  impl.LeaderElection (LogUtils.java:infoOrTrace(149)) -   Exception 1: {}
java.util.concurrent.ExecutionException: org.apache.ratis.thirdparty.io.grpc.StatusRuntimeException: UNAVAILABLE: io exception
	at java.util.concurrent.FutureTask.report(FutureTask.java:122)
	at java.util.concurrent.FutureTask.get(FutureTask.java:192)
	at org.apache.ratis.server.impl.LeaderElection.waitForResults(LeaderElection.java:259)
	at org.apache.ratis.server.impl.LeaderElection.askForVotes(LeaderElection.java:197)
	at org.apache.ratis.server.impl.LeaderElection.run(LeaderElection.java:133)
	at java.lang.Thread.run(Thread.java:748)
Caused by: org.apache.ratis.thirdparty.io.grpc.StatusRuntimeException: UNAVAILABLE: io exception
	at org.apache.ratis.thirdparty.io.grpc.stub.ClientCalls.toStatusRuntimeException(ClientCalls.java:233)
	at org.apache.ratis.thirdparty.io.grpc.stub.ClientCalls.getUnchecked(ClientCalls.java:214)
	at org.apache.ratis.thirdparty.io.grpc.stub.ClientCalls.blockingUnaryCall(ClientCalls.java:139)
	at org.apache.ratis.proto.grpc.RaftServerProtocolServiceGrpc$RaftServerProtocolServiceBlockingStub.requestVote(RaftServerProtocolServiceGrpc.java:265)
	at org.apache.ratis.grpc.server.GrpcServerProtocolClient.requestVote(GrpcServerProtocolClient.java:99)
	at org.apache.ratis.grpc.server.GrpcService.requestVote(GrpcService.java:204)
	at org.apache.ratis.server.impl.LeaderElection.lambda$submitRequests$1(LeaderElection.java:234)
	at java.util.concurrent.FutureTask.run(FutureTask.java:266)
	at java.util.concurrent.Executors$RunnableAdapter.call(Executors.java:511)
	at java.util.concurrent.FutureTask.run(FutureTask.java:266)
	at java.util.concurrent.ThreadPoolExecutor.runWorker(ThreadPoolExecutor.java:1149)
	at java.util.concurrent.ThreadPoolExecutor$Worker.run(ThreadPoolExecutor.java:624)
	... 1 more
Caused by: org.apache.ratis.thirdparty.io.netty.channel.AbstractChannel$AnnotatedConnectException: Connection refused: /192.168.164.233:35223
	at sun.nio.ch.SocketChannelImpl.checkConnect(Native Method)
	at sun.nio.ch.SocketChannelImpl.finishConnect(SocketChannelImpl.java:717)
	at org.apache.ratis.thirdparty.io.netty.channel.socket.nio.NioSocketChannel.doFinishConnect(NioSocketChannel.java:327)
	at org.apache.ratis.thirdparty.io.netty.channel.nio.AbstractNioChannel$AbstractNioUnsafe.finishConnect(AbstractNioChannel.java:340)
	at org.apache.ratis.thirdparty.io.netty.channel.nio.NioEventLoop.processSelectedKey(NioEventLoop.java:632)
	at org.apache.ratis.thirdparty.io.netty.channel.nio.NioEventLoop.processSelectedKeysOptimized(NioEventLoop.java:579)
	at org.apache.ratis.thirdparty.io.netty.channel.nio.NioEventLoop.processSelectedKeys(NioEventLoop.java:496)
	at org.apache.ratis.thirdparty.io.netty.channel.nio.NioEventLoop.run(NioEventLoop.java:458)
	at org.apache.ratis.thirdparty.io.netty.util.concurrent.SingleThreadEventExecutor$5.run(SingleThreadEventExecutor.java:897)
	at org.apache.ratis.thirdparty.io.netty.util.concurrent.FastThreadLocalRunnable.run(FastThreadLocalRunnable.java:30)
	... 1 more
Caused by: java.net.ConnectException: Connection refused
	... 11 more
2019-10-18 14:59:06,586 [327657b1-60f8-49f2-b2a3-f63e1f934942@group-58A987F56150-LeaderElection465] INFO  impl.RaftServerImpl (RaftServerImpl.java:setRole(184)) - 327657b1-60f8-49f2-b2a3-f63e1f934942@group-58A987F56150: changes role from CANDIDATE to FOLLOWER at term 534 for DISCOVERED_A_NEW_TERM
2019-10-18 14:59:06,586 [327657b1-60f8-49f2-b2a3-f63e1f934942@group-58A987F56150-LeaderElection465] INFO  impl.RoleInfo (RoleInfo.java:shutdownLeaderElection(134)) - 327657b1-60f8-49f2-b2a3-f63e1f934942: shutdown LeaderElection
2019-10-18 14:59:06,586 [327657b1-60f8-49f2-b2a3-f63e1f934942@group-58A987F56150-LeaderElection465] INFO  impl.RoleInfo (RoleInfo.java:updateAndGet(143)) - 327657b1-60f8-49f2-b2a3-f63e1f934942: start FollowerState
2019-10-18 14:59:06,690 [Thread-3416] INFO  impl.FollowerState (FollowerState.java:run(108)) - 327657b1-60f8-49f2-b2a3-f63e1f934942@group-58A987F56150-FollowerState: change to CANDIDATE, lastRpcTime:103ms, electionTimeout:103ms
2019-10-18 14:59:06,690 [Thread-3416] INFO  impl.RoleInfo (RoleInfo.java:shutdownFollowerState(121)) - 327657b1-60f8-49f2-b2a3-f63e1f934942: shutdown FollowerState
2019-10-18 14:59:06,690 [Thread-3416] INFO  impl.RaftServerImpl (RaftServerImpl.java:setRole(184)) - 327657b1-60f8-49f2-b2a3-f63e1f934942@group-58A987F56150: changes role from  FOLLOWER to CANDIDATE at term 534 for changeToCandidate
2019-10-18 14:59:06,690 [Thread-3416] INFO  impl.RoleInfo (RoleInfo.java:updateAndGet(143)) - 327657b1-60f8-49f2-b2a3-f63e1f934942: start LeaderElection
2019-10-18 14:59:06,703 [327657b1-60f8-49f2-b2a3-f63e1f934942@group-58A987F56150-LeaderElection466] INFO  impl.LeaderElection (LeaderElection.java:askForVotes(178)) - 327657b1-60f8-49f2-b2a3-f63e1f934942@group-58A987F56150-LeaderElection466: begin an election at term 535 for -1: [6605b8a5-570b-4977-9ee7-6aaf3012bed5:192.168.164.233:35223, 327657b1-60f8-49f2-b2a3-f63e1f934942:192.168.164.233:41966, ddd4789c-894d-475a-bbfb-f6e7aa670c92:192.168.164.233:41061], old=null
2019-10-18 14:59:06,704 [327657b1-60f8-49f2-b2a3-f63e1f934942@group-58A987F56150-LeaderElection466] INFO  impl.LeaderElection (LogUtils.java:infoOrTrace(149)) - 327657b1-60f8-49f2-b2a3-f63e1f934942@group-58A987F56150-LeaderElection466 got exception when requesting votes: {}
java.util.concurrent.ExecutionException: org.apache.ratis.thirdparty.io.grpc.StatusRuntimeException: UNAVAILABLE: io exception
	at java.util.concurrent.FutureTask.report(FutureTask.java:122)
	at java.util.concurrent.FutureTask.get(FutureTask.java:192)
	at org.apache.ratis.server.impl.LeaderElection.waitForResults(LeaderElection.java:259)
	at org.apache.ratis.server.impl.LeaderElection.askForVotes(LeaderElection.java:197)
	at org.apache.ratis.server.impl.LeaderElection.run(LeaderElection.java:133)
	at java.lang.Thread.run(Thread.java:748)
Caused by: org.apache.ratis.thirdparty.io.grpc.StatusRuntimeException: UNAVAILABLE: io exception
	at org.apache.ratis.thirdparty.io.grpc.stub.ClientCalls.toStatusRuntimeException(ClientCalls.java:233)
	at org.apache.ratis.thirdparty.io.grpc.stub.ClientCalls.getUnchecked(ClientCalls.java:214)
	at org.apache.ratis.thirdparty.io.grpc.stub.ClientCalls.blockingUnaryCall(ClientCalls.java:139)
	at org.apache.ratis.proto.grpc.RaftServerProtocolServiceGrpc$RaftServerProtocolServiceBlockingStub.requestVote(RaftServerProtocolServiceGrpc.java:265)
	at org.apache.ratis.grpc.server.GrpcServerProtocolClient.requestVote(GrpcServerProtocolClient.java:99)
	at org.apache.ratis.grpc.server.GrpcService.requestVote(GrpcService.java:204)
	at org.apache.ratis.server.impl.LeaderElection.lambda$submitRequests$1(LeaderElection.java:234)
	at java.util.concurrent.FutureTask.run(FutureTask.java:266)
	at java.util.concurrent.Executors$RunnableAdapter.call(Executors.java:511)
	at java.util.concurrent.FutureTask.run(FutureTask.java:266)
	at java.util.concurrent.ThreadPoolExecutor.runWorker(ThreadPoolExecutor.java:1149)
	at java.util.concurrent.ThreadPoolExecutor$Worker.run(ThreadPoolExecutor.java:624)
	... 1 more
Caused by: org.apache.ratis.thirdparty.io.netty.channel.AbstractChannel$AnnotatedConnectException: Connection refused: /192.168.164.233:35223
	at sun.nio.ch.SocketChannelImpl.checkConnect(Native Method)
	at sun.nio.ch.SocketChannelImpl.finishConnect(SocketChannelImpl.java:717)
	at org.apache.ratis.thirdparty.io.netty.channel.socket.nio.NioSocketChannel.doFinishConnect(NioSocketChannel.java:327)
	at org.apache.ratis.thirdparty.io.netty.channel.nio.AbstractNioChannel$AbstractNioUnsafe.finishConnect(AbstractNioChannel.java:340)
	at org.apache.ratis.thirdparty.io.netty.channel.nio.NioEventLoop.processSelectedKey(NioEventLoop.java:632)
	at org.apache.ratis.thirdparty.io.netty.channel.nio.NioEventLoop.processSelectedKeysOptimized(NioEventLoop.java:579)
	at org.apache.ratis.thirdparty.io.netty.channel.nio.NioEventLoop.processSelectedKeys(NioEventLoop.java:496)
	at org.apache.ratis.thirdparty.io.netty.channel.nio.NioEventLoop.run(NioEventLoop.java:458)
	at org.apache.ratis.thirdparty.io.netty.util.concurrent.SingleThreadEventExecutor$5.run(SingleThreadEventExecutor.java:897)
	at org.apache.ratis.thirdparty.io.netty.util.concurrent.FastThreadLocalRunnable.run(FastThreadLocalRunnable.java:30)
	... 1 more
Caused by: java.net.ConnectException: Connection refused
	... 11 more
2019-10-18 14:59:06,706 [327657b1-60f8-49f2-b2a3-f63e1f934942@group-58A987F56150-LeaderElection466] INFO  impl.LeaderElection (LogUtils.java:infoOrTrace(149)) - 327657b1-60f8-49f2-b2a3-f63e1f934942@group-58A987F56150-LeaderElection466 got exception when requesting votes: {}
java.util.concurrent.ExecutionException: org.apache.ratis.thirdparty.io.grpc.StatusRuntimeException: UNAVAILABLE: io exception
	at java.util.concurrent.FutureTask.report(FutureTask.java:122)
	at java.util.concurrent.FutureTask.get(FutureTask.java:192)
	at org.apache.ratis.server.impl.LeaderElection.waitForResults(LeaderElection.java:259)
	at org.apache.ratis.server.impl.LeaderElection.askForVotes(LeaderElection.java:197)
	at org.apache.ratis.server.impl.LeaderElection.run(LeaderElection.java:133)
	at java.lang.Thread.run(Thread.java:748)
Caused by: org.apache.ratis.thirdparty.io.grpc.StatusRuntimeException: UNAVAILABLE: io exception
	at org.apache.ratis.thirdparty.io.grpc.stub.ClientCalls.toStatusRuntimeException(ClientCalls.java:233)
	at org.apache.ratis.thirdparty.io.grpc.stub.ClientCalls.getUnchecked(ClientCalls.java:214)
	at org.apache.ratis.thirdparty.io.grpc.stub.ClientCalls.blockingUnaryCall(ClientCalls.java:139)
	at org.apache.ratis.proto.grpc.RaftServerProtocolServiceGrpc$RaftServerProtocolServiceBlockingStub.requestVote(RaftServerProtocolServiceGrpc.java:265)
	at org.apache.ratis.grpc.server.GrpcServerProtocolClient.requestVote(GrpcServerProtocolClient.java:99)
	at org.apache.ratis.grpc.server.GrpcService.requestVote(GrpcService.java:204)
	at org.apache.ratis.server.impl.LeaderElection.lambda$submitRequests$1(LeaderElection.java:234)
	at java.util.concurrent.FutureTask.run(FutureTask.java:266)
	at java.util.concurrent.Executors$RunnableAdapter.call(Executors.java:511)
	at java.util.concurrent.FutureTask.run(FutureTask.java:266)
	at java.util.concurrent.ThreadPoolExecutor.runWorker(ThreadPoolExecutor.java:1149)
	at java.util.concurrent.ThreadPoolExecutor$Worker.run(ThreadPoolExecutor.java:624)
	... 1 more
Caused by: org.apache.ratis.thirdparty.io.netty.channel.AbstractChannel$AnnotatedConnectException: Connection refused: /192.168.164.233:41061
	at sun.nio.ch.SocketChannelImpl.checkConnect(Native Method)
	at sun.nio.ch.SocketChannelImpl.finishConnect(SocketChannelImpl.java:717)
	at org.apache.ratis.thirdparty.io.netty.channel.socket.nio.NioSocketChannel.doFinishConnect(NioSocketChannel.java:327)
	at org.apache.ratis.thirdparty.io.netty.channel.nio.AbstractNioChannel$AbstractNioUnsafe.finishConnect(AbstractNioChannel.java:340)
	at org.apache.ratis.thirdparty.io.netty.channel.nio.NioEventLoop.processSelectedKey(NioEventLoop.java:632)
	at org.apache.ratis.thirdparty.io.netty.channel.nio.NioEventLoop.processSelectedKeysOptimized(NioEventLoop.java:579)
	at org.apache.ratis.thirdparty.io.netty.channel.nio.NioEventLoop.processSelectedKeys(NioEventLoop.java:496)
	at org.apache.ratis.thirdparty.io.netty.channel.nio.NioEventLoop.run(NioEventLoop.java:458)
	at org.apache.ratis.thirdparty.io.netty.util.concurrent.SingleThreadEventExecutor$5.run(SingleThreadEventExecutor.java:897)
	at org.apache.ratis.thirdparty.io.netty.util.concurrent.FastThreadLocalRunnable.run(FastThreadLocalRunnable.java:30)
	... 1 more
Caused by: java.net.ConnectException: Connection refused
	... 11 more
2019-10-18 14:59:06,706 [327657b1-60f8-49f2-b2a3-f63e1f934942@group-58A987F56150-LeaderElection466] INFO  impl.LeaderElection (LeaderElection.java:logAndReturn(56)) - 327657b1-60f8-49f2-b2a3-f63e1f934942@group-58A987F56150-LeaderElection466: Election REJECTED; received 0 response(s) [] and 2 exception(s); 327657b1-60f8-49f2-b2a3-f63e1f934942@group-58A987F56150:t535, leader=null, voted=327657b1-60f8-49f2-b2a3-f63e1f934942, raftlog=327657b1-60f8-49f2-b2a3-f63e1f934942@group-58A987F56150-SegmentedRaftLog:OPENED:c-1,f-1,i0, conf=-1: [6605b8a5-570b-4977-9ee7-6aaf3012bed5:192.168.164.233:35223, 327657b1-60f8-49f2-b2a3-f63e1f934942:192.168.164.233:41966, ddd4789c-894d-475a-bbfb-f6e7aa670c92:192.168.164.233:41061], old=null
2019-10-18 14:59:06,707 [327657b1-60f8-49f2-b2a3-f63e1f934942@group-58A987F56150-LeaderElection466] INFO  impl.LeaderElection (LogUtils.java:infoOrTrace(149)) -   Exception 0: {}
java.util.concurrent.ExecutionException: org.apache.ratis.thirdparty.io.grpc.StatusRuntimeException: UNAVAILABLE: io exception
	at java.util.concurrent.FutureTask.report(FutureTask.java:122)
	at java.util.concurrent.FutureTask.get(FutureTask.java:192)
	at org.apache.ratis.server.impl.LeaderElection.waitForResults(LeaderElection.java:259)
	at org.apache.ratis.server.impl.LeaderElection.askForVotes(LeaderElection.java:197)
	at org.apache.ratis.server.impl.LeaderElection.run(LeaderElection.java:133)
	at java.lang.Thread.run(Thread.java:748)
Caused by: org.apache.ratis.thirdparty.io.grpc.StatusRuntimeException: UNAVAILABLE: io exception
	at org.apache.ratis.thirdparty.io.grpc.stub.ClientCalls.toStatusRuntimeException(ClientCalls.java:233)
	at org.apache.ratis.thirdparty.io.grpc.stub.ClientCalls.getUnchecked(ClientCalls.java:214)
	at org.apache.ratis.thirdparty.io.grpc.stub.ClientCalls.blockingUnaryCall(ClientCalls.java:139)
	at org.apache.ratis.proto.grpc.RaftServerProtocolServiceGrpc$RaftServerProtocolServiceBlockingStub.requestVote(RaftServerProtocolServiceGrpc.java:265)
	at org.apache.ratis.grpc.server.GrpcServerProtocolClient.requestVote(GrpcServerProtocolClient.java:99)
	at org.apache.ratis.grpc.server.GrpcService.requestVote(GrpcService.java:204)
	at org.apache.ratis.server.impl.LeaderElection.lambda$submitRequests$1(LeaderElection.java:234)
	at java.util.concurrent.FutureTask.run(FutureTask.java:266)
	at java.util.concurrent.Executors$RunnableAdapter.call(Executors.java:511)
	at java.util.concurrent.FutureTask.run(FutureTask.java:266)
	at java.util.concurrent.ThreadPoolExecutor.runWorker(ThreadPoolExecutor.java:1149)
	at java.util.concurrent.ThreadPoolExecutor$Worker.run(ThreadPoolExecutor.java:624)
	... 1 more
Caused by: org.apache.ratis.thirdparty.io.netty.channel.AbstractChannel$AnnotatedConnectException: Connection refused: /192.168.164.233:35223
	at sun.nio.ch.SocketChannelImpl.checkConnect(Native Method)
	at sun.nio.ch.SocketChannelImpl.finishConnect(SocketChannelImpl.java:717)
	at org.apache.ratis.thirdparty.io.netty.channel.socket.nio.NioSocketChannel.doFinishConnect(NioSocketChannel.java:327)
	at org.apache.ratis.thirdparty.io.netty.channel.nio.AbstractNioChannel$AbstractNioUnsafe.finishConnect(AbstractNioChannel.java:340)
	at org.apache.ratis.thirdparty.io.netty.channel.nio.NioEventLoop.processSelectedKey(NioEventLoop.java:632)
	at org.apache.ratis.thirdparty.io.netty.channel.nio.NioEventLoop.processSelectedKeysOptimized(NioEventLoop.java:579)
	at org.apache.ratis.thirdparty.io.netty.channel.nio.NioEventLoop.processSelectedKeys(NioEventLoop.java:496)
	at org.apache.ratis.thirdparty.io.netty.channel.nio.NioEventLoop.run(NioEventLoop.java:458)
	at org.apache.ratis.thirdparty.io.netty.util.concurrent.SingleThreadEventExecutor$5.run(SingleThreadEventExecutor.java:897)
	at org.apache.ratis.thirdparty.io.netty.util.concurrent.FastThreadLocalRunnable.run(FastThreadLocalRunnable.java:30)
	... 1 more
Caused by: java.net.ConnectException: Connection refused
	... 11 more
2019-10-18 14:59:06,707 [327657b1-60f8-49f2-b2a3-f63e1f934942@group-58A987F56150-LeaderElection466] INFO  impl.LeaderElection (LogUtils.java:infoOrTrace(149)) -   Exception 1: {}
java.util.concurrent.ExecutionException: org.apache.ratis.thirdparty.io.grpc.StatusRuntimeException: UNAVAILABLE: io exception
	at java.util.concurrent.FutureTask.report(FutureTask.java:122)
	at java.util.concurrent.FutureTask.get(FutureTask.java:192)
	at org.apache.ratis.server.impl.LeaderElection.waitForResults(LeaderElection.java:259)
	at org.apache.ratis.server.impl.LeaderElection.askForVotes(LeaderElection.java:197)
	at org.apache.ratis.server.impl.LeaderElection.run(LeaderElection.java:133)
	at java.lang.Thread.run(Thread.java:748)
Caused by: org.apache.ratis.thirdparty.io.grpc.StatusRuntimeException: UNAVAILABLE: io exception
	at org.apache.ratis.thirdparty.io.grpc.stub.ClientCalls.toStatusRuntimeException(ClientCalls.java:233)
	at org.apache.ratis.thirdparty.io.grpc.stub.ClientCalls.getUnchecked(ClientCalls.java:214)
	at org.apache.ratis.thirdparty.io.grpc.stub.ClientCalls.blockingUnaryCall(ClientCalls.java:139)
	at org.apache.ratis.proto.grpc.RaftServerProtocolServiceGrpc$RaftServerProtocolServiceBlockingStub.requestVote(RaftServerProtocolServiceGrpc.java:265)
	at org.apache.ratis.grpc.server.GrpcServerProtocolClient.requestVote(GrpcServerProtocolClient.java:99)
	at org.apache.ratis.grpc.server.GrpcService.requestVote(GrpcService.java:204)
	at org.apache.ratis.server.impl.LeaderElection.lambda$submitRequests$1(LeaderElection.java:234)
	at java.util.concurrent.FutureTask.run(FutureTask.java:266)
	at java.util.concurrent.Executors$RunnableAdapter.call(Executors.java:511)
	at java.util.concurrent.FutureTask.run(FutureTask.java:266)
	at java.util.concurrent.ThreadPoolExecutor.runWorker(ThreadPoolExecutor.java:1149)
	at java.util.concurrent.ThreadPoolExecutor$Worker.run(ThreadPoolExecutor.java:624)
	... 1 more
Caused by: org.apache.ratis.thirdparty.io.netty.channel.AbstractChannel$AnnotatedConnectException: Connection refused: /192.168.164.233:41061
	at sun.nio.ch.SocketChannelImpl.checkConnect(Native Method)
	at sun.nio.ch.SocketChannelImpl.finishConnect(SocketChannelImpl.java:717)
	at org.apache.ratis.thirdparty.io.netty.channel.socket.nio.NioSocketChannel.doFinishConnect(NioSocketChannel.java:327)
	at org.apache.ratis.thirdparty.io.netty.channel.nio.AbstractNioChannel$AbstractNioUnsafe.finishConnect(AbstractNioChannel.java:340)
	at org.apache.ratis.thirdparty.io.netty.channel.nio.NioEventLoop.processSelectedKey(NioEventLoop.java:632)
	at org.apache.ratis.thirdparty.io.netty.channel.nio.NioEventLoop.processSelectedKeysOptimized(NioEventLoop.java:579)
	at org.apache.ratis.thirdparty.io.netty.channel.nio.NioEventLoop.processSelectedKeys(NioEventLoop.java:496)
	at org.apache.ratis.thirdparty.io.netty.channel.nio.NioEventLoop.run(NioEventLoop.java:458)
	at org.apache.ratis.thirdparty.io.netty.util.concurrent.SingleThreadEventExecutor$5.run(SingleThreadEventExecutor.java:897)
	at org.apache.ratis.thirdparty.io.netty.util.concurrent.FastThreadLocalRunnable.run(FastThreadLocalRunnable.java:30)
	... 1 more
Caused by: java.net.ConnectException: Connection refused
	... 11 more
2019-10-18 14:59:06,707 [327657b1-60f8-49f2-b2a3-f63e1f934942@group-58A987F56150-LeaderElection466] INFO  impl.RaftServerImpl (RaftServerImpl.java:setRole(184)) - 327657b1-60f8-49f2-b2a3-f63e1f934942@group-58A987F56150: changes role from CANDIDATE to FOLLOWER at term 535 for DISCOVERED_A_NEW_TERM
2019-10-18 14:59:06,707 [327657b1-60f8-49f2-b2a3-f63e1f934942@group-58A987F56150-LeaderElection466] INFO  impl.RoleInfo (RoleInfo.java:shutdownLeaderElection(134)) - 327657b1-60f8-49f2-b2a3-f63e1f934942: shutdown LeaderElection
2019-10-18 14:59:06,707 [327657b1-60f8-49f2-b2a3-f63e1f934942@group-58A987F56150-LeaderElection466] INFO  impl.RoleInfo (RoleInfo.java:updateAndGet(143)) - 327657b1-60f8-49f2-b2a3-f63e1f934942: start FollowerState
2019-10-18 14:59:06,813 [Thread-3420] INFO  impl.FollowerState (FollowerState.java:run(108)) - 327657b1-60f8-49f2-b2a3-f63e1f934942@group-58A987F56150-FollowerState: change to CANDIDATE, lastRpcTime:105ms, electionTimeout:105ms
2019-10-18 14:59:06,813 [Thread-3420] INFO  impl.RoleInfo (RoleInfo.java:shutdownFollowerState(121)) - 327657b1-60f8-49f2-b2a3-f63e1f934942: shutdown FollowerState
2019-10-18 14:59:06,813 [Thread-3420] INFO  impl.RaftServerImpl (RaftServerImpl.java:setRole(184)) - 327657b1-60f8-49f2-b2a3-f63e1f934942@group-58A987F56150: changes role from  FOLLOWER to CANDIDATE at term 535 for changeToCandidate
2019-10-18 14:59:06,813 [Thread-3420] INFO  impl.RoleInfo (RoleInfo.java:updateAndGet(143)) - 327657b1-60f8-49f2-b2a3-f63e1f934942: start LeaderElection
2019-10-18 14:59:06,838 [327657b1-60f8-49f2-b2a3-f63e1f934942@group-58A987F56150-LeaderElection467] INFO  impl.LeaderElection (LeaderElection.java:askForVotes(178)) - 327657b1-60f8-49f2-b2a3-f63e1f934942@group-58A987F56150-LeaderElection467: begin an election at term 536 for -1: [6605b8a5-570b-4977-9ee7-6aaf3012bed5:192.168.164.233:35223, 327657b1-60f8-49f2-b2a3-f63e1f934942:192.168.164.233:41966, ddd4789c-894d-475a-bbfb-f6e7aa670c92:192.168.164.233:41061], old=null
2019-10-18 14:59:06,839 [327657b1-60f8-49f2-b2a3-f63e1f934942@group-58A987F56150-LeaderElection467] INFO  impl.LeaderElection (LogUtils.java:infoOrTrace(149)) - 327657b1-60f8-49f2-b2a3-f63e1f934942@group-58A987F56150-LeaderElection467 got exception when requesting votes: {}
java.util.concurrent.ExecutionException: org.apache.ratis.thirdparty.io.grpc.StatusRuntimeException: UNAVAILABLE: io exception
	at java.util.concurrent.FutureTask.report(FutureTask.java:122)
	at java.util.concurrent.FutureTask.get(FutureTask.java:192)
	at org.apache.ratis.server.impl.LeaderElection.waitForResults(LeaderElection.java:259)
	at org.apache.ratis.server.impl.LeaderElection.askForVotes(LeaderElection.java:197)
	at org.apache.ratis.server.impl.LeaderElection.run(LeaderElection.java:133)
	at java.lang.Thread.run(Thread.java:748)
Caused by: org.apache.ratis.thirdparty.io.grpc.StatusRuntimeException: UNAVAILABLE: io exception
	at org.apache.ratis.thirdparty.io.grpc.stub.ClientCalls.toStatusRuntimeException(ClientCalls.java:233)
	at org.apache.ratis.thirdparty.io.grpc.stub.ClientCalls.getUnchecked(ClientCalls.java:214)
	at org.apache.ratis.thirdparty.io.grpc.stub.ClientCalls.blockingUnaryCall(ClientCalls.java:139)
	at org.apache.ratis.proto.grpc.RaftServerProtocolServiceGrpc$RaftServerProtocolServiceBlockingStub.requestVote(RaftServerProtocolServiceGrpc.java:265)
	at org.apache.ratis.grpc.server.GrpcServerProtocolClient.requestVote(GrpcServerProtocolClient.java:99)
	at org.apache.ratis.grpc.server.GrpcService.requestVote(GrpcService.java:204)
	at org.apache.ratis.server.impl.LeaderElection.lambda$submitRequests$1(LeaderElection.java:234)
	at java.util.concurrent.FutureTask.run(FutureTask.java:266)
	at java.util.concurrent.Executors$RunnableAdapter.call(Executors.java:511)
	at java.util.concurrent.FutureTask.run(FutureTask.java:266)
	at java.util.concurrent.ThreadPoolExecutor.runWorker(ThreadPoolExecutor.java:1149)
	at java.util.concurrent.ThreadPoolExecutor$Worker.run(ThreadPoolExecutor.java:624)
	... 1 more
Caused by: org.apache.ratis.thirdparty.io.netty.channel.AbstractChannel$AnnotatedConnectException: Connection refused: /192.168.164.233:35223
	at sun.nio.ch.SocketChannelImpl.checkConnect(Native Method)
	at sun.nio.ch.SocketChannelImpl.finishConnect(SocketChannelImpl.java:717)
	at org.apache.ratis.thirdparty.io.netty.channel.socket.nio.NioSocketChannel.doFinishConnect(NioSocketChannel.java:327)
	at org.apache.ratis.thirdparty.io.netty.channel.nio.AbstractNioChannel$AbstractNioUnsafe.finishConnect(AbstractNioChannel.java:340)
	at org.apache.ratis.thirdparty.io.netty.channel.nio.NioEventLoop.processSelectedKey(NioEventLoop.java:632)
	at org.apache.ratis.thirdparty.io.netty.channel.nio.NioEventLoop.processSelectedKeysOptimized(NioEventLoop.java:579)
	at org.apache.ratis.thirdparty.io.netty.channel.nio.NioEventLoop.processSelectedKeys(NioEventLoop.java:496)
	at org.apache.ratis.thirdparty.io.netty.channel.nio.NioEventLoop.run(NioEventLoop.java:458)
	at org.apache.ratis.thirdparty.io.netty.util.concurrent.SingleThreadEventExecutor$5.run(SingleThreadEventExecutor.java:897)
	at org.apache.ratis.thirdparty.io.netty.util.concurrent.FastThreadLocalRunnable.run(FastThreadLocalRunnable.java:30)
	... 1 more
Caused by: java.net.ConnectException: Connection refused
	... 11 more
2019-10-18 14:59:06,841 [327657b1-60f8-49f2-b2a3-f63e1f934942@group-58A987F56150-LeaderElection467] INFO  impl.LeaderElection (LogUtils.java:infoOrTrace(149)) - 327657b1-60f8-49f2-b2a3-f63e1f934942@group-58A987F56150-LeaderElection467 got exception when requesting votes: {}
java.util.concurrent.ExecutionException: org.apache.ratis.thirdparty.io.grpc.StatusRuntimeException: UNAVAILABLE: io exception
	at java.util.concurrent.FutureTask.report(FutureTask.java:122)
	at java.util.concurrent.FutureTask.get(FutureTask.java:192)
	at org.apache.ratis.server.impl.LeaderElection.waitForResults(LeaderElection.java:259)
	at org.apache.ratis.server.impl.LeaderElection.askForVotes(LeaderElection.java:197)
	at org.apache.ratis.server.impl.LeaderElection.run(LeaderElection.java:133)
	at java.lang.Thread.run(Thread.java:748)
Caused by: org.apache.ratis.thirdparty.io.grpc.StatusRuntimeException: UNAVAILABLE: io exception
	at org.apache.ratis.thirdparty.io.grpc.stub.ClientCalls.toStatusRuntimeException(ClientCalls.java:233)
	at org.apache.ratis.thirdparty.io.grpc.stub.ClientCalls.getUnchecked(ClientCalls.java:214)
	at org.apache.ratis.thirdparty.io.grpc.stub.ClientCalls.blockingUnaryCall(ClientCalls.java:139)
	at org.apache.ratis.proto.grpc.RaftServerProtocolServiceGrpc$RaftServerProtocolServiceBlockingStub.requestVote(RaftServerProtocolServiceGrpc.java:265)
	at org.apache.ratis.grpc.server.GrpcServerProtocolClient.requestVote(GrpcServerProtocolClient.java:99)
	at org.apache.ratis.grpc.server.GrpcService.requestVote(GrpcService.java:204)
	at org.apache.ratis.server.impl.LeaderElection.lambda$submitRequests$1(LeaderElection.java:234)
	at java.util.concurrent.FutureTask.run(FutureTask.java:266)
	at java.util.concurrent.Executors$RunnableAdapter.call(Executors.java:511)
	at java.util.concurrent.FutureTask.run(FutureTask.java:266)
	at java.util.concurrent.ThreadPoolExecutor.runWorker(ThreadPoolExecutor.java:1149)
	at java.util.concurrent.ThreadPoolExecutor$Worker.run(ThreadPoolExecutor.java:624)
	... 1 more
Caused by: org.apache.ratis.thirdparty.io.netty.channel.AbstractChannel$AnnotatedConnectException: Connection refused: /192.168.164.233:41061
	at sun.nio.ch.SocketChannelImpl.checkConnect(Native Method)
	at sun.nio.ch.SocketChannelImpl.finishConnect(SocketChannelImpl.java:717)
	at org.apache.ratis.thirdparty.io.netty.channel.socket.nio.NioSocketChannel.doFinishConnect(NioSocketChannel.java:327)
	at org.apache.ratis.thirdparty.io.netty.channel.nio.AbstractNioChannel$AbstractNioUnsafe.finishConnect(AbstractNioChannel.java:340)
	at org.apache.ratis.thirdparty.io.netty.channel.nio.NioEventLoop.processSelectedKey(NioEventLoop.java:632)
	at org.apache.ratis.thirdparty.io.netty.channel.nio.NioEventLoop.processSelectedKeysOptimized(NioEventLoop.java:579)
	at org.apache.ratis.thirdparty.io.netty.channel.nio.NioEventLoop.processSelectedKeys(NioEventLoop.java:496)
	at org.apache.ratis.thirdparty.io.netty.channel.nio.NioEventLoop.run(NioEventLoop.java:458)
	at org.apache.ratis.thirdparty.io.netty.util.concurrent.SingleThreadEventExecutor$5.run(SingleThreadEventExecutor.java:897)
	at org.apache.ratis.thirdparty.io.netty.util.concurrent.FastThreadLocalRunnable.run(FastThreadLocalRunnable.java:30)
	... 1 more
Caused by: java.net.ConnectException: Connection refused
	... 11 more
2019-10-18 14:59:06,842 [327657b1-60f8-49f2-b2a3-f63e1f934942@group-58A987F56150-LeaderElection467] INFO  impl.LeaderElection (LeaderElection.java:logAndReturn(56)) - 327657b1-60f8-49f2-b2a3-f63e1f934942@group-58A987F56150-LeaderElection467: Election REJECTED; received 0 response(s) [] and 2 exception(s); 327657b1-60f8-49f2-b2a3-f63e1f934942@group-58A987F56150:t536, leader=null, voted=327657b1-60f8-49f2-b2a3-f63e1f934942, raftlog=327657b1-60f8-49f2-b2a3-f63e1f934942@group-58A987F56150-SegmentedRaftLog:OPENED:c-1,f-1,i0, conf=-1: [6605b8a5-570b-4977-9ee7-6aaf3012bed5:192.168.164.233:35223, 327657b1-60f8-49f2-b2a3-f63e1f934942:192.168.164.233:41966, ddd4789c-894d-475a-bbfb-f6e7aa670c92:192.168.164.233:41061], old=null
2019-10-18 14:59:06,842 [327657b1-60f8-49f2-b2a3-f63e1f934942@group-58A987F56150-LeaderElection467] INFO  impl.LeaderElection (LogUtils.java:infoOrTrace(149)) -   Exception 0: {}
java.util.concurrent.ExecutionException: org.apache.ratis.thirdparty.io.grpc.StatusRuntimeException: UNAVAILABLE: io exception
	at java.util.concurrent.FutureTask.report(FutureTask.java:122)
	at java.util.concurrent.FutureTask.get(FutureTask.java:192)
	at org.apache.ratis.server.impl.LeaderElection.waitForResults(LeaderElection.java:259)
	at org.apache.ratis.server.impl.LeaderElection.askForVotes(LeaderElection.java:197)
	at org.apache.ratis.server.impl.LeaderElection.run(LeaderElection.java:133)
	at java.lang.Thread.run(Thread.java:748)
Caused by: org.apache.ratis.thirdparty.io.grpc.StatusRuntimeException: UNAVAILABLE: io exception
	at org.apache.ratis.thirdparty.io.grpc.stub.ClientCalls.toStatusRuntimeException(ClientCalls.java:233)
	at org.apache.ratis.thirdparty.io.grpc.stub.ClientCalls.getUnchecked(ClientCalls.java:214)
	at org.apache.ratis.thirdparty.io.grpc.stub.ClientCalls.blockingUnaryCall(ClientCalls.java:139)
	at org.apache.ratis.proto.grpc.RaftServerProtocolServiceGrpc$RaftServerProtocolServiceBlockingStub.requestVote(RaftServerProtocolServiceGrpc.java:265)
	at org.apache.ratis.grpc.server.GrpcServerProtocolClient.requestVote(GrpcServerProtocolClient.java:99)
	at org.apache.ratis.grpc.server.GrpcService.requestVote(GrpcService.java:204)
	at org.apache.ratis.server.impl.LeaderElection.lambda$submitRequests$1(LeaderElection.java:234)
	at java.util.concurrent.FutureTask.run(FutureTask.java:266)
	at java.util.concurrent.Executors$RunnableAdapter.call(Executors.java:511)
	at java.util.concurrent.FutureTask.run(FutureTask.java:266)
	at java.util.concurrent.ThreadPoolExecutor.runWorker(ThreadPoolExecutor.java:1149)
	at java.util.concurrent.ThreadPoolExecutor$Worker.run(ThreadPoolExecutor.java:624)
	... 1 more
Caused by: org.apache.ratis.thirdparty.io.netty.channel.AbstractChannel$AnnotatedConnectException: Connection refused: /192.168.164.233:35223
	at sun.nio.ch.SocketChannelImpl.checkConnect(Native Method)
	at sun.nio.ch.SocketChannelImpl.finishConnect(SocketChannelImpl.java:717)
	at org.apache.ratis.thirdparty.io.netty.channel.socket.nio.NioSocketChannel.doFinishConnect(NioSocketChannel.java:327)
	at org.apache.ratis.thirdparty.io.netty.channel.nio.AbstractNioChannel$AbstractNioUnsafe.finishConnect(AbstractNioChannel.java:340)
	at org.apache.ratis.thirdparty.io.netty.channel.nio.NioEventLoop.processSelectedKey(NioEventLoop.java:632)
	at org.apache.ratis.thirdparty.io.netty.channel.nio.NioEventLoop.processSelectedKeysOptimized(NioEventLoop.java:579)
	at org.apache.ratis.thirdparty.io.netty.channel.nio.NioEventLoop.processSelectedKeys(NioEventLoop.java:496)
	at org.apache.ratis.thirdparty.io.netty.channel.nio.NioEventLoop.run(NioEventLoop.java:458)
	at org.apache.ratis.thirdparty.io.netty.util.concurrent.SingleThreadEventExecutor$5.run(SingleThreadEventExecutor.java:897)
	at org.apache.ratis.thirdparty.io.netty.util.concurrent.FastThreadLocalRunnable.run(FastThreadLocalRunnable.java:30)
	... 1 more
Caused by: java.net.ConnectException: Connection refused
	... 11 more
2019-10-18 14:59:06,842 [327657b1-60f8-49f2-b2a3-f63e1f934942@group-58A987F56150-LeaderElection467] INFO  impl.LeaderElection (LogUtils.java:infoOrTrace(149)) -   Exception 1: {}
java.util.concurrent.ExecutionException: org.apache.ratis.thirdparty.io.grpc.StatusRuntimeException: UNAVAILABLE: io exception
	at java.util.concurrent.FutureTask.report(FutureTask.java:122)
	at java.util.concurrent.FutureTask.get(FutureTask.java:192)
	at org.apache.ratis.server.impl.LeaderElection.waitForResults(LeaderElection.java:259)
	at org.apache.ratis.server.impl.LeaderElection.askForVotes(LeaderElection.java:197)
	at org.apache.ratis.server.impl.LeaderElection.run(LeaderElection.java:133)
	at java.lang.Thread.run(Thread.java:748)
Caused by: org.apache.ratis.thirdparty.io.grpc.StatusRuntimeException: UNAVAILABLE: io exception
	at org.apache.ratis.thirdparty.io.grpc.stub.ClientCalls.toStatusRuntimeException(ClientCalls.java:233)
	at org.apache.ratis.thirdparty.io.grpc.stub.ClientCalls.getUnchecked(ClientCalls.java:214)
	at org.apache.ratis.thirdparty.io.grpc.stub.ClientCalls.blockingUnaryCall(ClientCalls.java:139)
	at org.apache.ratis.proto.grpc.RaftServerProtocolServiceGrpc$RaftServerProtocolServiceBlockingStub.requestVote(RaftServerProtocolServiceGrpc.java:265)
	at org.apache.ratis.grpc.server.GrpcServerProtocolClient.requestVote(GrpcServerProtocolClient.java:99)
	at org.apache.ratis.grpc.server.GrpcService.requestVote(GrpcService.java:204)
	at org.apache.ratis.server.impl.LeaderElection.lambda$submitRequests$1(LeaderElection.java:234)
	at java.util.concurrent.FutureTask.run(FutureTask.java:266)
	at java.util.concurrent.Executors$RunnableAdapter.call(Executors.java:511)
	at java.util.concurrent.FutureTask.run(FutureTask.java:266)
	at java.util.concurrent.ThreadPoolExecutor.runWorker(ThreadPoolExecutor.java:1149)
	at java.util.concurrent.ThreadPoolExecutor$Worker.run(ThreadPoolExecutor.java:624)
	... 1 more
Caused by: org.apache.ratis.thirdparty.io.netty.channel.AbstractChannel$AnnotatedConnectException: Connection refused: /192.168.164.233:41061
	at sun.nio.ch.SocketChannelImpl.checkConnect(Native Method)
	at sun.nio.ch.SocketChannelImpl.finishConnect(SocketChannelImpl.java:717)
	at org.apache.ratis.thirdparty.io.netty.channel.socket.nio.NioSocketChannel.doFinishConnect(NioSocketChannel.java:327)
	at org.apache.ratis.thirdparty.io.netty.channel.nio.AbstractNioChannel$AbstractNioUnsafe.finishConnect(AbstractNioChannel.java:340)
	at org.apache.ratis.thirdparty.io.netty.channel.nio.NioEventLoop.processSelectedKey(NioEventLoop.java:632)
	at org.apache.ratis.thirdparty.io.netty.channel.nio.NioEventLoop.processSelectedKeysOptimized(NioEventLoop.java:579)
	at org.apache.ratis.thirdparty.io.netty.channel.nio.NioEventLoop.processSelectedKeys(NioEventLoop.java:496)
	at org.apache.ratis.thirdparty.io.netty.channel.nio.NioEventLoop.run(NioEventLoop.java:458)
	at org.apache.ratis.thirdparty.io.netty.util.concurrent.SingleThreadEventExecutor$5.run(SingleThreadEventExecutor.java:897)
	at org.apache.ratis.thirdparty.io.netty.util.concurrent.FastThreadLocalRunnable.run(FastThreadLocalRunnable.java:30)
	... 1 more
Caused by: java.net.ConnectException: Connection refused
	... 11 more
2019-10-18 14:59:06,843 [327657b1-60f8-49f2-b2a3-f63e1f934942@group-58A987F56150-LeaderElection467] INFO  impl.RaftServerImpl (RaftServerImpl.java:setRole(184)) - 327657b1-60f8-49f2-b2a3-f63e1f934942@group-58A987F56150: changes role from CANDIDATE to FOLLOWER at term 536 for DISCOVERED_A_NEW_TERM
2019-10-18 14:59:06,843 [327657b1-60f8-49f2-b2a3-f63e1f934942@group-58A987F56150-LeaderElection467] INFO  impl.RoleInfo (RoleInfo.java:shutdownLeaderElection(134)) - 327657b1-60f8-49f2-b2a3-f63e1f934942: shutdown LeaderElection
2019-10-18 14:59:06,843 [327657b1-60f8-49f2-b2a3-f63e1f934942@group-58A987F56150-LeaderElection467] INFO  impl.RoleInfo (RoleInfo.java:updateAndGet(143)) - 327657b1-60f8-49f2-b2a3-f63e1f934942: start FollowerState
2019-10-18 14:59:06,966 [Thread-3424] INFO  impl.FollowerState (FollowerState.java:run(108)) - 327657b1-60f8-49f2-b2a3-f63e1f934942@group-58A987F56150-FollowerState: change to CANDIDATE, lastRpcTime:123ms, electionTimeout:123ms
2019-10-18 14:59:06,966 [Thread-3424] INFO  impl.RoleInfo (RoleInfo.java:shutdownFollowerState(121)) - 327657b1-60f8-49f2-b2a3-f63e1f934942: shutdown FollowerState
2019-10-18 14:59:06,966 [Thread-3424] INFO  impl.RaftServerImpl (RaftServerImpl.java:setRole(184)) - 327657b1-60f8-49f2-b2a3-f63e1f934942@group-58A987F56150: changes role from  FOLLOWER to CANDIDATE at term 536 for changeToCandidate
2019-10-18 14:59:06,967 [Thread-3424] INFO  impl.RoleInfo (RoleInfo.java:updateAndGet(143)) - 327657b1-60f8-49f2-b2a3-f63e1f934942: start LeaderElection
2019-10-18 14:59:06,981 [327657b1-60f8-49f2-b2a3-f63e1f934942@group-58A987F56150-LeaderElection468] INFO  impl.LeaderElection (LeaderElection.java:askForVotes(178)) - 327657b1-60f8-49f2-b2a3-f63e1f934942@group-58A987F56150-LeaderElection468: begin an election at term 537 for -1: [6605b8a5-570b-4977-9ee7-6aaf3012bed5:192.168.164.233:35223, 327657b1-60f8-49f2-b2a3-f63e1f934942:192.168.164.233:41966, ddd4789c-894d-475a-bbfb-f6e7aa670c92:192.168.164.233:41061], old=null
2019-10-18 14:59:06,982 [327657b1-60f8-49f2-b2a3-f63e1f934942@group-58A987F56150-LeaderElection468] INFO  impl.LeaderElection (LogUtils.java:infoOrTrace(149)) - 327657b1-60f8-49f2-b2a3-f63e1f934942@group-58A987F56150-LeaderElection468 got exception when requesting votes: {}
java.util.concurrent.ExecutionException: org.apache.ratis.thirdparty.io.grpc.StatusRuntimeException: UNAVAILABLE: io exception
	at java.util.concurrent.FutureTask.report(FutureTask.java:122)
	at java.util.concurrent.FutureTask.get(FutureTask.java:192)
	at org.apache.ratis.server.impl.LeaderElection.waitForResults(LeaderElection.java:259)
	at org.apache.ratis.server.impl.LeaderElection.askForVotes(LeaderElection.java:197)
	at org.apache.ratis.server.impl.LeaderElection.run(LeaderElection.java:133)
	at java.lang.Thread.run(Thread.java:748)
Caused by: org.apache.ratis.thirdparty.io.grpc.StatusRuntimeException: UNAVAILABLE: io exception
	at org.apache.ratis.thirdparty.io.grpc.stub.ClientCalls.toStatusRuntimeException(ClientCalls.java:233)
	at org.apache.ratis.thirdparty.io.grpc.stub.ClientCalls.getUnchecked(ClientCalls.java:214)
	at org.apache.ratis.thirdparty.io.grpc.stub.ClientCalls.blockingUnaryCall(ClientCalls.java:139)
	at org.apache.ratis.proto.grpc.RaftServerProtocolServiceGrpc$RaftServerProtocolServiceBlockingStub.requestVote(RaftServerProtocolServiceGrpc.java:265)
	at org.apache.ratis.grpc.server.GrpcServerProtocolClient.requestVote(GrpcServerProtocolClient.java:99)
	at org.apache.ratis.grpc.server.GrpcService.requestVote(GrpcService.java:204)
	at org.apache.ratis.server.impl.LeaderElection.lambda$submitRequests$1(LeaderElection.java:234)
	at java.util.concurrent.FutureTask.run(FutureTask.java:266)
	at java.util.concurrent.Executors$RunnableAdapter.call(Executors.java:511)
	at java.util.concurrent.FutureTask.run(FutureTask.java:266)
	at java.util.concurrent.ThreadPoolExecutor.runWorker(ThreadPoolExecutor.java:1149)
	at java.util.concurrent.ThreadPoolExecutor$Worker.run(ThreadPoolExecutor.java:624)
	... 1 more
Caused by: org.apache.ratis.thirdparty.io.netty.channel.AbstractChannel$AnnotatedConnectException: Connection refused: /192.168.164.233:35223
	at sun.nio.ch.SocketChannelImpl.checkConnect(Native Method)
	at sun.nio.ch.SocketChannelImpl.finishConnect(SocketChannelImpl.java:717)
	at org.apache.ratis.thirdparty.io.netty.channel.socket.nio.NioSocketChannel.doFinishConnect(NioSocketChannel.java:327)
	at org.apache.ratis.thirdparty.io.netty.channel.nio.AbstractNioChannel$AbstractNioUnsafe.finishConnect(AbstractNioChannel.java:340)
	at org.apache.ratis.thirdparty.io.netty.channel.nio.NioEventLoop.processSelectedKey(NioEventLoop.java:632)
	at org.apache.ratis.thirdparty.io.netty.channel.nio.NioEventLoop.processSelectedKeysOptimized(NioEventLoop.java:579)
	at org.apache.ratis.thirdparty.io.netty.channel.nio.NioEventLoop.processSelectedKeys(NioEventLoop.java:496)
	at org.apache.ratis.thirdparty.io.netty.channel.nio.NioEventLoop.run(NioEventLoop.java:458)
	at org.apache.ratis.thirdparty.io.netty.util.concurrent.SingleThreadEventExecutor$5.run(SingleThreadEventExecutor.java:897)
	at org.apache.ratis.thirdparty.io.netty.util.concurrent.FastThreadLocalRunnable.run(FastThreadLocalRunnable.java:30)
	... 1 more
Caused by: java.net.ConnectException: Connection refused
	... 11 more
2019-10-18 14:59:06,984 [327657b1-60f8-49f2-b2a3-f63e1f934942@group-58A987F56150-LeaderElection468] INFO  impl.LeaderElection (LogUtils.java:infoOrTrace(149)) - 327657b1-60f8-49f2-b2a3-f63e1f934942@group-58A987F56150-LeaderElection468 got exception when requesting votes: {}
java.util.concurrent.ExecutionException: org.apache.ratis.thirdparty.io.grpc.StatusRuntimeException: UNAVAILABLE: io exception
	at java.util.concurrent.FutureTask.report(FutureTask.java:122)
	at java.util.concurrent.FutureTask.get(FutureTask.java:192)
	at org.apache.ratis.server.impl.LeaderElection.waitForResults(LeaderElection.java:259)
	at org.apache.ratis.server.impl.LeaderElection.askForVotes(LeaderElection.java:197)
	at org.apache.ratis.server.impl.LeaderElection.run(LeaderElection.java:133)
	at java.lang.Thread.run(Thread.java:748)
Caused by: org.apache.ratis.thirdparty.io.grpc.StatusRuntimeException: UNAVAILABLE: io exception
	at org.apache.ratis.thirdparty.io.grpc.stub.ClientCalls.toStatusRuntimeException(ClientCalls.java:233)
	at org.apache.ratis.thirdparty.io.grpc.stub.ClientCalls.getUnchecked(ClientCalls.java:214)
	at org.apache.ratis.thirdparty.io.grpc.stub.ClientCalls.blockingUnaryCall(ClientCalls.java:139)
	at org.apache.ratis.proto.grpc.RaftServerProtocolServiceGrpc$RaftServerProtocolServiceBlockingStub.requestVote(RaftServerProtocolServiceGrpc.java:265)
	at org.apache.ratis.grpc.server.GrpcServerProtocolClient.requestVote(GrpcServerProtocolClient.java:99)
	at org.apache.ratis.grpc.server.GrpcService.requestVote(GrpcService.java:204)
	at org.apache.ratis.server.impl.LeaderElection.lambda$submitRequests$1(LeaderElection.java:234)
	at java.util.concurrent.FutureTask.run(FutureTask.java:266)
	at java.util.concurrent.Executors$RunnableAdapter.call(Executors.java:511)
	at java.util.concurrent.FutureTask.run(FutureTask.java:266)
	at java.util.concurrent.ThreadPoolExecutor.runWorker(ThreadPoolExecutor.java:1149)
	at java.util.concurrent.ThreadPoolExecutor$Worker.run(ThreadPoolExecutor.java:624)
	... 1 more
Caused by: org.apache.ratis.thirdparty.io.netty.channel.AbstractChannel$AnnotatedConnectException: Connection refused: /192.168.164.233:41061
	at sun.nio.ch.SocketChannelImpl.checkConnect(Native Method)
	at sun.nio.ch.SocketChannelImpl.finishConnect(SocketChannelImpl.java:717)
	at org.apache.ratis.thirdparty.io.netty.channel.socket.nio.NioSocketChannel.doFinishConnect(NioSocketChannel.java:327)
	at org.apache.ratis.thirdparty.io.netty.channel.nio.AbstractNioChannel$AbstractNioUnsafe.finishConnect(AbstractNioChannel.java:340)
	at org.apache.ratis.thirdparty.io.netty.channel.nio.NioEventLoop.processSelectedKey(NioEventLoop.java:632)
	at org.apache.ratis.thirdparty.io.netty.channel.nio.NioEventLoop.processSelectedKeysOptimized(NioEventLoop.java:579)
	at org.apache.ratis.thirdparty.io.netty.channel.nio.NioEventLoop.processSelectedKeys(NioEventLoop.java:496)
	at org.apache.ratis.thirdparty.io.netty.channel.nio.NioEventLoop.run(NioEventLoop.java:458)
	at org.apache.ratis.thirdparty.io.netty.util.concurrent.SingleThreadEventExecutor$5.run(SingleThreadEventExecutor.java:897)
	at org.apache.ratis.thirdparty.io.netty.util.concurrent.FastThreadLocalRunnable.run(FastThreadLocalRunnable.java:30)
	... 1 more
Caused by: java.net.ConnectException: Connection refused
	... 11 more
2019-10-18 14:59:06,985 [327657b1-60f8-49f2-b2a3-f63e1f934942@group-58A987F56150-LeaderElection468] INFO  impl.LeaderElection (LeaderElection.java:logAndReturn(56)) - 327657b1-60f8-49f2-b2a3-f63e1f934942@group-58A987F56150-LeaderElection468: Election REJECTED; received 0 response(s) [] and 2 exception(s); 327657b1-60f8-49f2-b2a3-f63e1f934942@group-58A987F56150:t537, leader=null, voted=327657b1-60f8-49f2-b2a3-f63e1f934942, raftlog=327657b1-60f8-49f2-b2a3-f63e1f934942@group-58A987F56150-SegmentedRaftLog:OPENED:c-1,f-1,i0, conf=-1: [6605b8a5-570b-4977-9ee7-6aaf3012bed5:192.168.164.233:35223, 327657b1-60f8-49f2-b2a3-f63e1f934942:192.168.164.233:41966, ddd4789c-894d-475a-bbfb-f6e7aa670c92:192.168.164.233:41061], old=null
2019-10-18 14:59:06,985 [327657b1-60f8-49f2-b2a3-f63e1f934942@group-58A987F56150-LeaderElection468] INFO  impl.LeaderElection (LogUtils.java:infoOrTrace(149)) -   Exception 0: {}
java.util.concurrent.ExecutionException: org.apache.ratis.thirdparty.io.grpc.StatusRuntimeException: UNAVAILABLE: io exception
	at java.util.concurrent.FutureTask.report(FutureTask.java:122)
	at java.util.concurrent.FutureTask.get(FutureTask.java:192)
	at org.apache.ratis.server.impl.LeaderElection.waitForResults(LeaderElection.java:259)
	at org.apache.ratis.server.impl.LeaderElection.askForVotes(LeaderElection.java:197)
	at org.apache.ratis.server.impl.LeaderElection.run(LeaderElection.java:133)
	at java.lang.Thread.run(Thread.java:748)
Caused by: org.apache.ratis.thirdparty.io.grpc.StatusRuntimeException: UNAVAILABLE: io exception
	at org.apache.ratis.thirdparty.io.grpc.stub.ClientCalls.toStatusRuntimeException(ClientCalls.java:233)
	at org.apache.ratis.thirdparty.io.grpc.stub.ClientCalls.getUnchecked(ClientCalls.java:214)
	at org.apache.ratis.thirdparty.io.grpc.stub.ClientCalls.blockingUnaryCall(ClientCalls.java:139)
	at org.apache.ratis.proto.grpc.RaftServerProtocolServiceGrpc$RaftServerProtocolServiceBlockingStub.requestVote(RaftServerProtocolServiceGrpc.java:265)
	at org.apache.ratis.grpc.server.GrpcServerProtocolClient.requestVote(GrpcServerProtocolClient.java:99)
	at org.apache.ratis.grpc.server.GrpcService.requestVote(GrpcService.java:204)
	at org.apache.ratis.server.impl.LeaderElection.lambda$submitRequests$1(LeaderElection.java:234)
	at java.util.concurrent.FutureTask.run(FutureTask.java:266)
	at java.util.concurrent.Executors$RunnableAdapter.call(Executors.java:511)
	at java.util.concurrent.FutureTask.run(FutureTask.java:266)
	at java.util.concurrent.ThreadPoolExecutor.runWorker(ThreadPoolExecutor.java:1149)
	at java.util.concurrent.ThreadPoolExecutor$Worker.run(ThreadPoolExecutor.java:624)
	... 1 more
Caused by: org.apache.ratis.thirdparty.io.netty.channel.AbstractChannel$AnnotatedConnectException: Connection refused: /192.168.164.233:35223
	at sun.nio.ch.SocketChannelImpl.checkConnect(Native Method)
	at sun.nio.ch.SocketChannelImpl.finishConnect(SocketChannelImpl.java:717)
	at org.apache.ratis.thirdparty.io.netty.channel.socket.nio.NioSocketChannel.doFinishConnect(NioSocketChannel.java:327)
	at org.apache.ratis.thirdparty.io.netty.channel.nio.AbstractNioChannel$AbstractNioUnsafe.finishConnect(AbstractNioChannel.java:340)
	at org.apache.ratis.thirdparty.io.netty.channel.nio.NioEventLoop.processSelectedKey(NioEventLoop.java:632)
	at org.apache.ratis.thirdparty.io.netty.channel.nio.NioEventLoop.processSelectedKeysOptimized(NioEventLoop.java:579)
	at org.apache.ratis.thirdparty.io.netty.channel.nio.NioEventLoop.processSelectedKeys(NioEventLoop.java:496)
	at org.apache.ratis.thirdparty.io.netty.channel.nio.NioEventLoop.run(NioEventLoop.java:458)
	at org.apache.ratis.thirdparty.io.netty.util.concurrent.SingleThreadEventExecutor$5.run(SingleThreadEventExecutor.java:897)
	at org.apache.ratis.thirdparty.io.netty.util.concurrent.FastThreadLocalRunnable.run(FastThreadLocalRunnable.java:30)
	... 1 more
Caused by: java.net.ConnectException: Connection refused
	... 11 more
2019-10-18 14:59:06,986 [327657b1-60f8-49f2-b2a3-f63e1f934942@group-58A987F56150-LeaderElection468] INFO  impl.LeaderElection (LogUtils.java:infoOrTrace(149)) -   Exception 1: {}
java.util.concurrent.ExecutionException: org.apache.ratis.thirdparty.io.grpc.StatusRuntimeException: UNAVAILABLE: io exception
	at java.util.concurrent.FutureTask.report(FutureTask.java:122)
	at java.util.concurrent.FutureTask.get(FutureTask.java:192)
	at org.apache.ratis.server.impl.LeaderElection.waitForResults(LeaderElection.java:259)
	at org.apache.ratis.server.impl.LeaderElection.askForVotes(LeaderElection.java:197)
	at org.apache.ratis.server.impl.LeaderElection.run(LeaderElection.java:133)
	at java.lang.Thread.run(Thread.java:748)
Caused by: org.apache.ratis.thirdparty.io.grpc.StatusRuntimeException: UNAVAILABLE: io exception
	at org.apache.ratis.thirdparty.io.grpc.stub.ClientCalls.toStatusRuntimeException(ClientCalls.java:233)
	at org.apache.ratis.thirdparty.io.grpc.stub.ClientCalls.getUnchecked(ClientCalls.java:214)
	at org.apache.ratis.thirdparty.io.grpc.stub.ClientCalls.blockingUnaryCall(ClientCalls.java:139)
	at org.apache.ratis.proto.grpc.RaftServerProtocolServiceGrpc$RaftServerProtocolServiceBlockingStub.requestVote(RaftServerProtocolServiceGrpc.java:265)
	at org.apache.ratis.grpc.server.GrpcServerProtocolClient.requestVote(GrpcServerProtocolClient.java:99)
	at org.apache.ratis.grpc.server.GrpcService.requestVote(GrpcService.java:204)
	at org.apache.ratis.server.impl.LeaderElection.lambda$submitRequests$1(LeaderElection.java:234)
	at java.util.concurrent.FutureTask.run(FutureTask.java:266)
	at java.util.concurrent.Executors$RunnableAdapter.call(Executors.java:511)
	at java.util.concurrent.FutureTask.run(FutureTask.java:266)
	at java.util.concurrent.ThreadPoolExecutor.runWorker(ThreadPoolExecutor.java:1149)
	at java.util.concurrent.ThreadPoolExecutor$Worker.run(ThreadPoolExecutor.java:624)
	... 1 more
Caused by: org.apache.ratis.thirdparty.io.netty.channel.AbstractChannel$AnnotatedConnectException: Connection refused: /192.168.164.233:41061
	at sun.nio.ch.SocketChannelImpl.checkConnect(Native Method)
	at sun.nio.ch.SocketChannelImpl.finishConnect(SocketChannelImpl.java:717)
	at org.apache.ratis.thirdparty.io.netty.channel.socket.nio.NioSocketChannel.doFinishConnect(NioSocketChannel.java:327)
	at org.apache.ratis.thirdparty.io.netty.channel.nio.AbstractNioChannel$AbstractNioUnsafe.finishConnect(AbstractNioChannel.java:340)
	at org.apache.ratis.thirdparty.io.netty.channel.nio.NioEventLoop.processSelectedKey(NioEventLoop.java:632)
	at org.apache.ratis.thirdparty.io.netty.channel.nio.NioEventLoop.processSelectedKeysOptimized(NioEventLoop.java:579)
	at org.apache.ratis.thirdparty.io.netty.channel.nio.NioEventLoop.processSelectedKeys(NioEventLoop.java:496)
	at org.apache.ratis.thirdparty.io.netty.channel.nio.NioEventLoop.run(NioEventLoop.java:458)
	at org.apache.ratis.thirdparty.io.netty.util.concurrent.SingleThreadEventExecutor$5.run(SingleThreadEventExecutor.java:897)
	at org.apache.ratis.thirdparty.io.netty.util.concurrent.FastThreadLocalRunnable.run(FastThreadLocalRunnable.java:30)
	... 1 more
Caused by: java.net.ConnectException: Connection refused
	... 11 more
2019-10-18 14:59:06,986 [327657b1-60f8-49f2-b2a3-f63e1f934942@group-58A987F56150-LeaderElection468] INFO  impl.RaftServerImpl (RaftServerImpl.java:setRole(184)) - 327657b1-60f8-49f2-b2a3-f63e1f934942@group-58A987F56150: changes role from CANDIDATE to FOLLOWER at term 537 for DISCOVERED_A_NEW_TERM
2019-10-18 14:59:06,986 [327657b1-60f8-49f2-b2a3-f63e1f934942@group-58A987F56150-LeaderElection468] INFO  impl.RoleInfo (RoleInfo.java:shutdownLeaderElection(134)) - 327657b1-60f8-49f2-b2a3-f63e1f934942: shutdown LeaderElection
2019-10-18 14:59:06,987 [327657b1-60f8-49f2-b2a3-f63e1f934942@group-58A987F56150-LeaderElection468] INFO  impl.RoleInfo (RoleInfo.java:updateAndGet(143)) - 327657b1-60f8-49f2-b2a3-f63e1f934942: start FollowerState
2019-10-18 14:59:07,053 [Thread-3428] INFO  impl.FollowerState (FollowerState.java:run(108)) - 327657b1-60f8-49f2-b2a3-f63e1f934942@group-58A987F56150-FollowerState: change to CANDIDATE, lastRpcTime:66ms, electionTimeout:66ms
2019-10-18 14:59:07,053 [Thread-3428] INFO  impl.RoleInfo (RoleInfo.java:shutdownFollowerState(121)) - 327657b1-60f8-49f2-b2a3-f63e1f934942: shutdown FollowerState
2019-10-18 14:59:07,053 [Thread-3428] INFO  impl.RaftServerImpl (RaftServerImpl.java:setRole(184)) - 327657b1-60f8-49f2-b2a3-f63e1f934942@group-58A987F56150: changes role from  FOLLOWER to CANDIDATE at term 537 for changeToCandidate
2019-10-18 14:59:07,053 [Thread-3428] INFO  impl.RoleInfo (RoleInfo.java:updateAndGet(143)) - 327657b1-60f8-49f2-b2a3-f63e1f934942: start LeaderElection
2019-10-18 14:59:07,066 [327657b1-60f8-49f2-b2a3-f63e1f934942@group-58A987F56150-LeaderElection469] INFO  impl.LeaderElection (LeaderElection.java:askForVotes(178)) - 327657b1-60f8-49f2-b2a3-f63e1f934942@group-58A987F56150-LeaderElection469: begin an election at term 538 for -1: [6605b8a5-570b-4977-9ee7-6aaf3012bed5:192.168.164.233:35223, 327657b1-60f8-49f2-b2a3-f63e1f934942:192.168.164.233:41966, ddd4789c-894d-475a-bbfb-f6e7aa670c92:192.168.164.233:41061], old=null
2019-10-18 14:59:07,067 [327657b1-60f8-49f2-b2a3-f63e1f934942@group-58A987F56150-LeaderElection469] INFO  impl.LeaderElection (LogUtils.java:infoOrTrace(149)) - 327657b1-60f8-49f2-b2a3-f63e1f934942@group-58A987F56150-LeaderElection469 got exception when requesting votes: {}
java.util.concurrent.ExecutionException: org.apache.ratis.thirdparty.io.grpc.StatusRuntimeException: UNAVAILABLE: io exception
	at java.util.concurrent.FutureTask.report(FutureTask.java:122)
	at java.util.concurrent.FutureTask.get(FutureTask.java:192)
	at org.apache.ratis.server.impl.LeaderElection.waitForResults(LeaderElection.java:259)
	at org.apache.ratis.server.impl.LeaderElection.askForVotes(LeaderElection.java:197)
	at org.apache.ratis.server.impl.LeaderElection.run(LeaderElection.java:133)
	at java.lang.Thread.run(Thread.java:748)
Caused by: org.apache.ratis.thirdparty.io.grpc.StatusRuntimeException: UNAVAILABLE: io exception
	at org.apache.ratis.thirdparty.io.grpc.stub.ClientCalls.toStatusRuntimeException(ClientCalls.java:233)
	at org.apache.ratis.thirdparty.io.grpc.stub.ClientCalls.getUnchecked(ClientCalls.java:214)
	at org.apache.ratis.thirdparty.io.grpc.stub.ClientCalls.blockingUnaryCall(ClientCalls.java:139)
	at org.apache.ratis.proto.grpc.RaftServerProtocolServiceGrpc$RaftServerProtocolServiceBlockingStub.requestVote(RaftServerProtocolServiceGrpc.java:265)
	at org.apache.ratis.grpc.server.GrpcServerProtocolClient.requestVote(GrpcServerProtocolClient.java:99)
	at org.apache.ratis.grpc.server.GrpcService.requestVote(GrpcService.java:204)
	at org.apache.ratis.server.impl.LeaderElection.lambda$submitRequests$1(LeaderElection.java:234)
	at java.util.concurrent.FutureTask.run(FutureTask.java:266)
	at java.util.concurrent.Executors$RunnableAdapter.call(Executors.java:511)
	at java.util.concurrent.FutureTask.run(FutureTask.java:266)
	at java.util.concurrent.ThreadPoolExecutor.runWorker(ThreadPoolExecutor.java:1149)
	at java.util.concurrent.ThreadPoolExecutor$Worker.run(ThreadPoolExecutor.java:624)
	... 1 more
Caused by: org.apache.ratis.thirdparty.io.netty.channel.AbstractChannel$AnnotatedConnectException: Connection refused: /192.168.164.233:35223
	at sun.nio.ch.SocketChannelImpl.checkConnect(Native Method)
	at sun.nio.ch.SocketChannelImpl.finishConnect(SocketChannelImpl.java:717)
	at org.apache.ratis.thirdparty.io.netty.channel.socket.nio.NioSocketChannel.doFinishConnect(NioSocketChannel.java:327)
	at org.apache.ratis.thirdparty.io.netty.channel.nio.AbstractNioChannel$AbstractNioUnsafe.finishConnect(AbstractNioChannel.java:340)
	at org.apache.ratis.thirdparty.io.netty.channel.nio.NioEventLoop.processSelectedKey(NioEventLoop.java:632)
	at org.apache.ratis.thirdparty.io.netty.channel.nio.NioEventLoop.processSelectedKeysOptimized(NioEventLoop.java:579)
	at org.apache.ratis.thirdparty.io.netty.channel.nio.NioEventLoop.processSelectedKeys(NioEventLoop.java:496)
	at org.apache.ratis.thirdparty.io.netty.channel.nio.NioEventLoop.run(NioEventLoop.java:458)
	at org.apache.ratis.thirdparty.io.netty.util.concurrent.SingleThreadEventExecutor$5.run(SingleThreadEventExecutor.java:897)
	at org.apache.ratis.thirdparty.io.netty.util.concurrent.FastThreadLocalRunnable.run(FastThreadLocalRunnable.java:30)
	... 1 more
Caused by: java.net.ConnectException: Connection refused
	... 11 more
2019-10-18 14:59:07,069 [327657b1-60f8-49f2-b2a3-f63e1f934942@group-58A987F56150-LeaderElection469] INFO  impl.LeaderElection (LogUtils.java:infoOrTrace(149)) - 327657b1-60f8-49f2-b2a3-f63e1f934942@group-58A987F56150-LeaderElection469 got exception when requesting votes: {}
java.util.concurrent.ExecutionException: org.apache.ratis.thirdparty.io.grpc.StatusRuntimeException: UNAVAILABLE: io exception
	at java.util.concurrent.FutureTask.report(FutureTask.java:122)
	at java.util.concurrent.FutureTask.get(FutureTask.java:192)
	at org.apache.ratis.server.impl.LeaderElection.waitForResults(LeaderElection.java:259)
	at org.apache.ratis.server.impl.LeaderElection.askForVotes(LeaderElection.java:197)
	at org.apache.ratis.server.impl.LeaderElection.run(LeaderElection.java:133)
	at java.lang.Thread.run(Thread.java:748)
Caused by: org.apache.ratis.thirdparty.io.grpc.StatusRuntimeException: UNAVAILABLE: io exception
	at org.apache.ratis.thirdparty.io.grpc.stub.ClientCalls.toStatusRuntimeException(ClientCalls.java:233)
	at org.apache.ratis.thirdparty.io.grpc.stub.ClientCalls.getUnchecked(ClientCalls.java:214)
	at org.apache.ratis.thirdparty.io.grpc.stub.ClientCalls.blockingUnaryCall(ClientCalls.java:139)
	at org.apache.ratis.proto.grpc.RaftServerProtocolServiceGrpc$RaftServerProtocolServiceBlockingStub.requestVote(RaftServerProtocolServiceGrpc.java:265)
	at org.apache.ratis.grpc.server.GrpcServerProtocolClient.requestVote(GrpcServerProtocolClient.java:99)
	at org.apache.ratis.grpc.server.GrpcService.requestVote(GrpcService.java:204)
	at org.apache.ratis.server.impl.LeaderElection.lambda$submitRequests$1(LeaderElection.java:234)
	at java.util.concurrent.FutureTask.run(FutureTask.java:266)
	at java.util.concurrent.Executors$RunnableAdapter.call(Executors.java:511)
	at java.util.concurrent.FutureTask.run(FutureTask.java:266)
	at java.util.concurrent.ThreadPoolExecutor.runWorker(ThreadPoolExecutor.java:1149)
	at java.util.concurrent.ThreadPoolExecutor$Worker.run(ThreadPoolExecutor.java:624)
	... 1 more
Caused by: org.apache.ratis.thirdparty.io.netty.channel.AbstractChannel$AnnotatedConnectException: Connection refused: /192.168.164.233:41061
	at sun.nio.ch.SocketChannelImpl.checkConnect(Native Method)
	at sun.nio.ch.SocketChannelImpl.finishConnect(SocketChannelImpl.java:717)
	at org.apache.ratis.thirdparty.io.netty.channel.socket.nio.NioSocketChannel.doFinishConnect(NioSocketChannel.java:327)
	at org.apache.ratis.thirdparty.io.netty.channel.nio.AbstractNioChannel$AbstractNioUnsafe.finishConnect(AbstractNioChannel.java:340)
	at org.apache.ratis.thirdparty.io.netty.channel.nio.NioEventLoop.processSelectedKey(NioEventLoop.java:632)
	at org.apache.ratis.thirdparty.io.netty.channel.nio.NioEventLoop.processSelectedKeysOptimized(NioEventLoop.java:579)
	at org.apache.ratis.thirdparty.io.netty.channel.nio.NioEventLoop.processSelectedKeys(NioEventLoop.java:496)
	at org.apache.ratis.thirdparty.io.netty.channel.nio.NioEventLoop.run(NioEventLoop.java:458)
	at org.apache.ratis.thirdparty.io.netty.util.concurrent.SingleThreadEventExecutor$5.run(SingleThreadEventExecutor.java:897)
	at org.apache.ratis.thirdparty.io.netty.util.concurrent.FastThreadLocalRunnable.run(FastThreadLocalRunnable.java:30)
	... 1 more
Caused by: java.net.ConnectException: Connection refused
	... 11 more
2019-10-18 14:59:07,070 [327657b1-60f8-49f2-b2a3-f63e1f934942@group-58A987F56150-LeaderElection469] INFO  impl.LeaderElection (LeaderElection.java:logAndReturn(56)) - 327657b1-60f8-49f2-b2a3-f63e1f934942@group-58A987F56150-LeaderElection469: Election REJECTED; received 0 response(s) [] and 2 exception(s); 327657b1-60f8-49f2-b2a3-f63e1f934942@group-58A987F56150:t538, leader=null, voted=327657b1-60f8-49f2-b2a3-f63e1f934942, raftlog=327657b1-60f8-49f2-b2a3-f63e1f934942@group-58A987F56150-SegmentedRaftLog:OPENED:c-1,f-1,i0, conf=-1: [6605b8a5-570b-4977-9ee7-6aaf3012bed5:192.168.164.233:35223, 327657b1-60f8-49f2-b2a3-f63e1f934942:192.168.164.233:41966, ddd4789c-894d-475a-bbfb-f6e7aa670c92:192.168.164.233:41061], old=null
2019-10-18 14:59:07,070 [327657b1-60f8-49f2-b2a3-f63e1f934942@group-58A987F56150-LeaderElection469] INFO  impl.LeaderElection (LogUtils.java:infoOrTrace(149)) -   Exception 0: {}
java.util.concurrent.ExecutionException: org.apache.ratis.thirdparty.io.grpc.StatusRuntimeException: UNAVAILABLE: io exception
	at java.util.concurrent.FutureTask.report(FutureTask.java:122)
	at java.util.concurrent.FutureTask.get(FutureTask.java:192)
	at org.apache.ratis.server.impl.LeaderElection.waitForResults(LeaderElection.java:259)
	at org.apache.ratis.server.impl.LeaderElection.askForVotes(LeaderElection.java:197)
	at org.apache.ratis.server.impl.LeaderElection.run(LeaderElection.java:133)
	at java.lang.Thread.run(Thread.java:748)
Caused by: org.apache.ratis.thirdparty.io.grpc.StatusRuntimeException: UNAVAILABLE: io exception
	at org.apache.ratis.thirdparty.io.grpc.stub.ClientCalls.toStatusRuntimeException(ClientCalls.java:233)
	at org.apache.ratis.thirdparty.io.grpc.stub.ClientCalls.getUnchecked(ClientCalls.java:214)
	at org.apache.ratis.thirdparty.io.grpc.stub.ClientCalls.blockingUnaryCall(ClientCalls.java:139)
	at org.apache.ratis.proto.grpc.RaftServerProtocolServiceGrpc$RaftServerProtocolServiceBlockingStub.requestVote(RaftServerProtocolServiceGrpc.java:265)
	at org.apache.ratis.grpc.server.GrpcServerProtocolClient.requestVote(GrpcServerProtocolClient.java:99)
	at org.apache.ratis.grpc.server.GrpcService.requestVote(GrpcService.java:204)
	at org.apache.ratis.server.impl.LeaderElection.lambda$submitRequests$1(LeaderElection.java:234)
	at java.util.concurrent.FutureTask.run(FutureTask.java:266)
	at java.util.concurrent.Executors$RunnableAdapter.call(Executors.java:511)
	at java.util.concurrent.FutureTask.run(FutureTask.java:266)
	at java.util.concurrent.ThreadPoolExecutor.runWorker(ThreadPoolExecutor.java:1149)
	at java.util.concurrent.ThreadPoolExecutor$Worker.run(ThreadPoolExecutor.java:624)
	... 1 more
Caused by: org.apache.ratis.thirdparty.io.netty.channel.AbstractChannel$AnnotatedConnectException: Connection refused: /192.168.164.233:35223
	at sun.nio.ch.SocketChannelImpl.checkConnect(Native Method)
	at sun.nio.ch.SocketChannelImpl.finishConnect(SocketChannelImpl.java:717)
	at org.apache.ratis.thirdparty.io.netty.channel.socket.nio.NioSocketChannel.doFinishConnect(NioSocketChannel.java:327)
	at org.apache.ratis.thirdparty.io.netty.channel.nio.AbstractNioChannel$AbstractNioUnsafe.finishConnect(AbstractNioChannel.java:340)
	at org.apache.ratis.thirdparty.io.netty.channel.nio.NioEventLoop.processSelectedKey(NioEventLoop.java:632)
	at org.apache.ratis.thirdparty.io.netty.channel.nio.NioEventLoop.processSelectedKeysOptimized(NioEventLoop.java:579)
	at org.apache.ratis.thirdparty.io.netty.channel.nio.NioEventLoop.processSelectedKeys(NioEventLoop.java:496)
	at org.apache.ratis.thirdparty.io.netty.channel.nio.NioEventLoop.run(NioEventLoop.java:458)
	at org.apache.ratis.thirdparty.io.netty.util.concurrent.SingleThreadEventExecutor$5.run(SingleThreadEventExecutor.java:897)
	at org.apache.ratis.thirdparty.io.netty.util.concurrent.FastThreadLocalRunnable.run(FastThreadLocalRunnable.java:30)
	... 1 more
Caused by: java.net.ConnectException: Connection refused
	... 11 more
2019-10-18 14:59:07,070 [327657b1-60f8-49f2-b2a3-f63e1f934942@group-58A987F56150-LeaderElection469] INFO  impl.LeaderElection (LogUtils.java:infoOrTrace(149)) -   Exception 1: {}
java.util.concurrent.ExecutionException: org.apache.ratis.thirdparty.io.grpc.StatusRuntimeException: UNAVAILABLE: io exception
	at java.util.concurrent.FutureTask.report(FutureTask.java:122)
	at java.util.concurrent.FutureTask.get(FutureTask.java:192)
	at org.apache.ratis.server.impl.LeaderElection.waitForResults(LeaderElection.java:259)
	at org.apache.ratis.server.impl.LeaderElection.askForVotes(LeaderElection.java:197)
	at org.apache.ratis.server.impl.LeaderElection.run(LeaderElection.java:133)
	at java.lang.Thread.run(Thread.java:748)
Caused by: org.apache.ratis.thirdparty.io.grpc.StatusRuntimeException: UNAVAILABLE: io exception
	at org.apache.ratis.thirdparty.io.grpc.stub.ClientCalls.toStatusRuntimeException(ClientCalls.java:233)
	at org.apache.ratis.thirdparty.io.grpc.stub.ClientCalls.getUnchecked(ClientCalls.java:214)
	at org.apache.ratis.thirdparty.io.grpc.stub.ClientCalls.blockingUnaryCall(ClientCalls.java:139)
	at org.apache.ratis.proto.grpc.RaftServerProtocolServiceGrpc$RaftServerProtocolServiceBlockingStub.requestVote(RaftServerProtocolServiceGrpc.java:265)
	at org.apache.ratis.grpc.server.GrpcServerProtocolClient.requestVote(GrpcServerProtocolClient.java:99)
	at org.apache.ratis.grpc.server.GrpcService.requestVote(GrpcService.java:204)
	at org.apache.ratis.server.impl.LeaderElection.lambda$submitRequests$1(LeaderElection.java:234)
	at java.util.concurrent.FutureTask.run(FutureTask.java:266)
	at java.util.concurrent.Executors$RunnableAdapter.call(Executors.java:511)
	at java.util.concurrent.FutureTask.run(FutureTask.java:266)
	at java.util.concurrent.ThreadPoolExecutor.runWorker(ThreadPoolExecutor.java:1149)
	at java.util.concurrent.ThreadPoolExecutor$Worker.run(ThreadPoolExecutor.java:624)
	... 1 more
Caused by: org.apache.ratis.thirdparty.io.netty.channel.AbstractChannel$AnnotatedConnectException: Connection refused: /192.168.164.233:41061
	at sun.nio.ch.SocketChannelImpl.checkConnect(Native Method)
	at sun.nio.ch.SocketChannelImpl.finishConnect(SocketChannelImpl.java:717)
	at org.apache.ratis.thirdparty.io.netty.channel.socket.nio.NioSocketChannel.doFinishConnect(NioSocketChannel.java:327)
	at org.apache.ratis.thirdparty.io.netty.channel.nio.AbstractNioChannel$AbstractNioUnsafe.finishConnect(AbstractNioChannel.java:340)
	at org.apache.ratis.thirdparty.io.netty.channel.nio.NioEventLoop.processSelectedKey(NioEventLoop.java:632)
	at org.apache.ratis.thirdparty.io.netty.channel.nio.NioEventLoop.processSelectedKeysOptimized(NioEventLoop.java:579)
	at org.apache.ratis.thirdparty.io.netty.channel.nio.NioEventLoop.processSelectedKeys(NioEventLoop.java:496)
	at org.apache.ratis.thirdparty.io.netty.channel.nio.NioEventLoop.run(NioEventLoop.java:458)
	at org.apache.ratis.thirdparty.io.netty.util.concurrent.SingleThreadEventExecutor$5.run(SingleThreadEventExecutor.java:897)
	at org.apache.ratis.thirdparty.io.netty.util.concurrent.FastThreadLocalRunnable.run(FastThreadLocalRunnable.java:30)
	... 1 more
Caused by: java.net.ConnectException: Connection refused
	... 11 more
2019-10-18 14:59:07,071 [327657b1-60f8-49f2-b2a3-f63e1f934942@group-58A987F56150-LeaderElection469] INFO  impl.RaftServerImpl (RaftServerImpl.java:setRole(184)) - 327657b1-60f8-49f2-b2a3-f63e1f934942@group-58A987F56150: changes role from CANDIDATE to FOLLOWER at term 538 for DISCOVERED_A_NEW_TERM
2019-10-18 14:59:07,071 [327657b1-60f8-49f2-b2a3-f63e1f934942@group-58A987F56150-LeaderElection469] INFO  impl.RoleInfo (RoleInfo.java:shutdownLeaderElection(134)) - 327657b1-60f8-49f2-b2a3-f63e1f934942: shutdown LeaderElection
2019-10-18 14:59:07,071 [327657b1-60f8-49f2-b2a3-f63e1f934942@group-58A987F56150-LeaderElection469] INFO  impl.RoleInfo (RoleInfo.java:updateAndGet(143)) - 327657b1-60f8-49f2-b2a3-f63e1f934942: start FollowerState
2019-10-18 14:59:07,163 [Thread-3432] INFO  impl.FollowerState (FollowerState.java:run(108)) - 327657b1-60f8-49f2-b2a3-f63e1f934942@group-58A987F56150-FollowerState: change to CANDIDATE, lastRpcTime:92ms, electionTimeout:92ms
2019-10-18 14:59:07,164 [Thread-3432] INFO  impl.RoleInfo (RoleInfo.java:shutdownFollowerState(121)) - 327657b1-60f8-49f2-b2a3-f63e1f934942: shutdown FollowerState
2019-10-18 14:59:07,164 [Thread-3432] INFO  impl.RaftServerImpl (RaftServerImpl.java:setRole(184)) - 327657b1-60f8-49f2-b2a3-f63e1f934942@group-58A987F56150: changes role from  FOLLOWER to CANDIDATE at term 538 for changeToCandidate
2019-10-18 14:59:07,164 [Thread-3432] INFO  impl.RoleInfo (RoleInfo.java:updateAndGet(143)) - 327657b1-60f8-49f2-b2a3-f63e1f934942: start LeaderElection
2019-10-18 14:59:07,177 [327657b1-60f8-49f2-b2a3-f63e1f934942@group-58A987F56150-LeaderElection470] INFO  impl.LeaderElection (LeaderElection.java:askForVotes(178)) - 327657b1-60f8-49f2-b2a3-f63e1f934942@group-58A987F56150-LeaderElection470: begin an election at term 539 for -1: [6605b8a5-570b-4977-9ee7-6aaf3012bed5:192.168.164.233:35223, 327657b1-60f8-49f2-b2a3-f63e1f934942:192.168.164.233:41966, ddd4789c-894d-475a-bbfb-f6e7aa670c92:192.168.164.233:41061], old=null
2019-10-18 14:59:07,178 [327657b1-60f8-49f2-b2a3-f63e1f934942@group-58A987F56150-LeaderElection470] INFO  impl.LeaderElection (LogUtils.java:infoOrTrace(149)) - 327657b1-60f8-49f2-b2a3-f63e1f934942@group-58A987F56150-LeaderElection470 got exception when requesting votes: {}
java.util.concurrent.ExecutionException: org.apache.ratis.thirdparty.io.grpc.StatusRuntimeException: UNAVAILABLE: io exception
	at java.util.concurrent.FutureTask.report(FutureTask.java:122)
	at java.util.concurrent.FutureTask.get(FutureTask.java:192)
	at org.apache.ratis.server.impl.LeaderElection.waitForResults(LeaderElection.java:259)
	at org.apache.ratis.server.impl.LeaderElection.askForVotes(LeaderElection.java:197)
	at org.apache.ratis.server.impl.LeaderElection.run(LeaderElection.java:133)
	at java.lang.Thread.run(Thread.java:748)
Caused by: org.apache.ratis.thirdparty.io.grpc.StatusRuntimeException: UNAVAILABLE: io exception
	at org.apache.ratis.thirdparty.io.grpc.stub.ClientCalls.toStatusRuntimeException(ClientCalls.java:233)
	at org.apache.ratis.thirdparty.io.grpc.stub.ClientCalls.getUnchecked(ClientCalls.java:214)
	at org.apache.ratis.thirdparty.io.grpc.stub.ClientCalls.blockingUnaryCall(ClientCalls.java:139)
	at org.apache.ratis.proto.grpc.RaftServerProtocolServiceGrpc$RaftServerProtocolServiceBlockingStub.requestVote(RaftServerProtocolServiceGrpc.java:265)
	at org.apache.ratis.grpc.server.GrpcServerProtocolClient.requestVote(GrpcServerProtocolClient.java:99)
	at org.apache.ratis.grpc.server.GrpcService.requestVote(GrpcService.java:204)
	at org.apache.ratis.server.impl.LeaderElection.lambda$submitRequests$1(LeaderElection.java:234)
	at java.util.concurrent.FutureTask.run(FutureTask.java:266)
	at java.util.concurrent.Executors$RunnableAdapter.call(Executors.java:511)
	at java.util.concurrent.FutureTask.run(FutureTask.java:266)
	at java.util.concurrent.ThreadPoolExecutor.runWorker(ThreadPoolExecutor.java:1149)
	at java.util.concurrent.ThreadPoolExecutor$Worker.run(ThreadPoolExecutor.java:624)
	... 1 more
Caused by: org.apache.ratis.thirdparty.io.netty.channel.AbstractChannel$AnnotatedConnectException: Connection refused: /192.168.164.233:35223
	at sun.nio.ch.SocketChannelImpl.checkConnect(Native Method)
	at sun.nio.ch.SocketChannelImpl.finishConnect(SocketChannelImpl.java:717)
	at org.apache.ratis.thirdparty.io.netty.channel.socket.nio.NioSocketChannel.doFinishConnect(NioSocketChannel.java:327)
	at org.apache.ratis.thirdparty.io.netty.channel.nio.AbstractNioChannel$AbstractNioUnsafe.finishConnect(AbstractNioChannel.java:340)
	at org.apache.ratis.thirdparty.io.netty.channel.nio.NioEventLoop.processSelectedKey(NioEventLoop.java:632)
	at org.apache.ratis.thirdparty.io.netty.channel.nio.NioEventLoop.processSelectedKeysOptimized(NioEventLoop.java:579)
	at org.apache.ratis.thirdparty.io.netty.channel.nio.NioEventLoop.processSelectedKeys(NioEventLoop.java:496)
	at org.apache.ratis.thirdparty.io.netty.channel.nio.NioEventLoop.run(NioEventLoop.java:458)
	at org.apache.ratis.thirdparty.io.netty.util.concurrent.SingleThreadEventExecutor$5.run(SingleThreadEventExecutor.java:897)
	at org.apache.ratis.thirdparty.io.netty.util.concurrent.FastThreadLocalRunnable.run(FastThreadLocalRunnable.java:30)
	... 1 more
Caused by: java.net.ConnectException: Connection refused
	... 11 more
2019-10-18 14:59:07,179 [327657b1-60f8-49f2-b2a3-f63e1f934942@group-58A987F56150-LeaderElection470] INFO  impl.LeaderElection (LogUtils.java:infoOrTrace(149)) - 327657b1-60f8-49f2-b2a3-f63e1f934942@group-58A987F56150-LeaderElection470 got exception when requesting votes: {}
java.util.concurrent.ExecutionException: org.apache.ratis.thirdparty.io.grpc.StatusRuntimeException: UNAVAILABLE: io exception
	at java.util.concurrent.FutureTask.report(FutureTask.java:122)
	at java.util.concurrent.FutureTask.get(FutureTask.java:192)
	at org.apache.ratis.server.impl.LeaderElection.waitForResults(LeaderElection.java:259)
	at org.apache.ratis.server.impl.LeaderElection.askForVotes(LeaderElection.java:197)
	at org.apache.ratis.server.impl.LeaderElection.run(LeaderElection.java:133)
	at java.lang.Thread.run(Thread.java:748)
Caused by: org.apache.ratis.thirdparty.io.grpc.StatusRuntimeException: UNAVAILABLE: io exception
	at org.apache.ratis.thirdparty.io.grpc.stub.ClientCalls.toStatusRuntimeException(ClientCalls.java:233)
	at org.apache.ratis.thirdparty.io.grpc.stub.ClientCalls.getUnchecked(ClientCalls.java:214)
	at org.apache.ratis.thirdparty.io.grpc.stub.ClientCalls.blockingUnaryCall(ClientCalls.java:139)
	at org.apache.ratis.proto.grpc.RaftServerProtocolServiceGrpc$RaftServerProtocolServiceBlockingStub.requestVote(RaftServerProtocolServiceGrpc.java:265)
	at org.apache.ratis.grpc.server.GrpcServerProtocolClient.requestVote(GrpcServerProtocolClient.java:99)
	at org.apache.ratis.grpc.server.GrpcService.requestVote(GrpcService.java:204)
	at org.apache.ratis.server.impl.LeaderElection.lambda$submitRequests$1(LeaderElection.java:234)
	at java.util.concurrent.FutureTask.run(FutureTask.java:266)
	at java.util.concurrent.Executors$RunnableAdapter.call(Executors.java:511)
	at java.util.concurrent.FutureTask.run(FutureTask.java:266)
	at java.util.concurrent.ThreadPoolExecutor.runWorker(ThreadPoolExecutor.java:1149)
	at java.util.concurrent.ThreadPoolExecutor$Worker.run(ThreadPoolExecutor.java:624)
	... 1 more
Caused by: org.apache.ratis.thirdparty.io.netty.channel.AbstractChannel$AnnotatedConnectException: Connection refused: /192.168.164.233:41061
	at sun.nio.ch.SocketChannelImpl.checkConnect(Native Method)
	at sun.nio.ch.SocketChannelImpl.finishConnect(SocketChannelImpl.java:717)
	at org.apache.ratis.thirdparty.io.netty.channel.socket.nio.NioSocketChannel.doFinishConnect(NioSocketChannel.java:327)
	at org.apache.ratis.thirdparty.io.netty.channel.nio.AbstractNioChannel$AbstractNioUnsafe.finishConnect(AbstractNioChannel.java:340)
	at org.apache.ratis.thirdparty.io.netty.channel.nio.NioEventLoop.processSelectedKey(NioEventLoop.java:632)
	at org.apache.ratis.thirdparty.io.netty.channel.nio.NioEventLoop.processSelectedKeysOptimized(NioEventLoop.java:579)
	at org.apache.ratis.thirdparty.io.netty.channel.nio.NioEventLoop.processSelectedKeys(NioEventLoop.java:496)
	at org.apache.ratis.thirdparty.io.netty.channel.nio.NioEventLoop.run(NioEventLoop.java:458)
	at org.apache.ratis.thirdparty.io.netty.util.concurrent.SingleThreadEventExecutor$5.run(SingleThreadEventExecutor.java:897)
	at org.apache.ratis.thirdparty.io.netty.util.concurrent.FastThreadLocalRunnable.run(FastThreadLocalRunnable.java:30)
	... 1 more
Caused by: java.net.ConnectException: Connection refused
	... 11 more
2019-10-18 14:59:07,181 [327657b1-60f8-49f2-b2a3-f63e1f934942@group-58A987F56150-LeaderElection470] INFO  impl.LeaderElection (LeaderElection.java:logAndReturn(56)) - 327657b1-60f8-49f2-b2a3-f63e1f934942@group-58A987F56150-LeaderElection470: Election REJECTED; received 0 response(s) [] and 2 exception(s); 327657b1-60f8-49f2-b2a3-f63e1f934942@group-58A987F56150:t539, leader=null, voted=327657b1-60f8-49f2-b2a3-f63e1f934942, raftlog=327657b1-60f8-49f2-b2a3-f63e1f934942@group-58A987F56150-SegmentedRaftLog:OPENED:c-1,f-1,i0, conf=-1: [6605b8a5-570b-4977-9ee7-6aaf3012bed5:192.168.164.233:35223, 327657b1-60f8-49f2-b2a3-f63e1f934942:192.168.164.233:41966, ddd4789c-894d-475a-bbfb-f6e7aa670c92:192.168.164.233:41061], old=null
2019-10-18 14:59:07,181 [327657b1-60f8-49f2-b2a3-f63e1f934942@group-58A987F56150-LeaderElection470] INFO  impl.LeaderElection (LogUtils.java:infoOrTrace(149)) -   Exception 0: {}
java.util.concurrent.ExecutionException: org.apache.ratis.thirdparty.io.grpc.StatusRuntimeException: UNAVAILABLE: io exception
	at java.util.concurrent.FutureTask.report(FutureTask.java:122)
	at java.util.concurrent.FutureTask.get(FutureTask.java:192)
	at org.apache.ratis.server.impl.LeaderElection.waitForResults(LeaderElection.java:259)
	at org.apache.ratis.server.impl.LeaderElection.askForVotes(LeaderElection.java:197)
	at org.apache.ratis.server.impl.LeaderElection.run(LeaderElection.java:133)
	at java.lang.Thread.run(Thread.java:748)
Caused by: org.apache.ratis.thirdparty.io.grpc.StatusRuntimeException: UNAVAILABLE: io exception
	at org.apache.ratis.thirdparty.io.grpc.stub.ClientCalls.toStatusRuntimeException(ClientCalls.java:233)
	at org.apache.ratis.thirdparty.io.grpc.stub.ClientCalls.getUnchecked(ClientCalls.java:214)
	at org.apache.ratis.thirdparty.io.grpc.stub.ClientCalls.blockingUnaryCall(ClientCalls.java:139)
	at org.apache.ratis.proto.grpc.RaftServerProtocolServiceGrpc$RaftServerProtocolServiceBlockingStub.requestVote(RaftServerProtocolServiceGrpc.java:265)
	at org.apache.ratis.grpc.server.GrpcServerProtocolClient.requestVote(GrpcServerProtocolClient.java:99)
	at org.apache.ratis.grpc.server.GrpcService.requestVote(GrpcService.java:204)
	at org.apache.ratis.server.impl.LeaderElection.lambda$submitRequests$1(LeaderElection.java:234)
	at java.util.concurrent.FutureTask.run(FutureTask.java:266)
	at java.util.concurrent.Executors$RunnableAdapter.call(Executors.java:511)
	at java.util.concurrent.FutureTask.run(FutureTask.java:266)
	at java.util.concurrent.ThreadPoolExecutor.runWorker(ThreadPoolExecutor.java:1149)
	at java.util.concurrent.ThreadPoolExecutor$Worker.run(ThreadPoolExecutor.java:624)
	... 1 more
Caused by: org.apache.ratis.thirdparty.io.netty.channel.AbstractChannel$AnnotatedConnectException: Connection refused: /192.168.164.233:35223
	at sun.nio.ch.SocketChannelImpl.checkConnect(Native Method)
	at sun.nio.ch.SocketChannelImpl.finishConnect(SocketChannelImpl.java:717)
	at org.apache.ratis.thirdparty.io.netty.channel.socket.nio.NioSocketChannel.doFinishConnect(NioSocketChannel.java:327)
	at org.apache.ratis.thirdparty.io.netty.channel.nio.AbstractNioChannel$AbstractNioUnsafe.finishConnect(AbstractNioChannel.java:340)
	at org.apache.ratis.thirdparty.io.netty.channel.nio.NioEventLoop.processSelectedKey(NioEventLoop.java:632)
	at org.apache.ratis.thirdparty.io.netty.channel.nio.NioEventLoop.processSelectedKeysOptimized(NioEventLoop.java:579)
	at org.apache.ratis.thirdparty.io.netty.channel.nio.NioEventLoop.processSelectedKeys(NioEventLoop.java:496)
	at org.apache.ratis.thirdparty.io.netty.channel.nio.NioEventLoop.run(NioEventLoop.java:458)
	at org.apache.ratis.thirdparty.io.netty.util.concurrent.SingleThreadEventExecutor$5.run(SingleThreadEventExecutor.java:897)
	at org.apache.ratis.thirdparty.io.netty.util.concurrent.FastThreadLocalRunnable.run(FastThreadLocalRunnable.java:30)
	... 1 more
Caused by: java.net.ConnectException: Connection refused
	... 11 more
2019-10-18 14:59:07,181 [327657b1-60f8-49f2-b2a3-f63e1f934942@group-58A987F56150-LeaderElection470] INFO  impl.LeaderElection (LogUtils.java:infoOrTrace(149)) -   Exception 1: {}
java.util.concurrent.ExecutionException: org.apache.ratis.thirdparty.io.grpc.StatusRuntimeException: UNAVAILABLE: io exception
	at java.util.concurrent.FutureTask.report(FutureTask.java:122)
	at java.util.concurrent.FutureTask.get(FutureTask.java:192)
	at org.apache.ratis.server.impl.LeaderElection.waitForResults(LeaderElection.java:259)
	at org.apache.ratis.server.impl.LeaderElection.askForVotes(LeaderElection.java:197)
	at org.apache.ratis.server.impl.LeaderElection.run(LeaderElection.java:133)
	at java.lang.Thread.run(Thread.java:748)
Caused by: org.apache.ratis.thirdparty.io.grpc.StatusRuntimeException: UNAVAILABLE: io exception
	at org.apache.ratis.thirdparty.io.grpc.stub.ClientCalls.toStatusRuntimeException(ClientCalls.java:233)
	at org.apache.ratis.thirdparty.io.grpc.stub.ClientCalls.getUnchecked(ClientCalls.java:214)
	at org.apache.ratis.thirdparty.io.grpc.stub.ClientCalls.blockingUnaryCall(ClientCalls.java:139)
	at org.apache.ratis.proto.grpc.RaftServerProtocolServiceGrpc$RaftServerProtocolServiceBlockingStub.requestVote(RaftServerProtocolServiceGrpc.java:265)
	at org.apache.ratis.grpc.server.GrpcServerProtocolClient.requestVote(GrpcServerProtocolClient.java:99)
	at org.apache.ratis.grpc.server.GrpcService.requestVote(GrpcService.java:204)
	at org.apache.ratis.server.impl.LeaderElection.lambda$submitRequests$1(LeaderElection.java:234)
	at java.util.concurrent.FutureTask.run(FutureTask.java:266)
	at java.util.concurrent.Executors$RunnableAdapter.call(Executors.java:511)
	at java.util.concurrent.FutureTask.run(FutureTask.java:266)
	at java.util.concurrent.ThreadPoolExecutor.runWorker(ThreadPoolExecutor.java:1149)
	at java.util.concurrent.ThreadPoolExecutor$Worker.run(ThreadPoolExecutor.java:624)
	... 1 more
Caused by: org.apache.ratis.thirdparty.io.netty.channel.AbstractChannel$AnnotatedConnectException: Connection refused: /192.168.164.233:41061
	at sun.nio.ch.SocketChannelImpl.checkConnect(Native Method)
	at sun.nio.ch.SocketChannelImpl.finishConnect(SocketChannelImpl.java:717)
	at org.apache.ratis.thirdparty.io.netty.channel.socket.nio.NioSocketChannel.doFinishConnect(NioSocketChannel.java:327)
	at org.apache.ratis.thirdparty.io.netty.channel.nio.AbstractNioChannel$AbstractNioUnsafe.finishConnect(AbstractNioChannel.java:340)
	at org.apache.ratis.thirdparty.io.netty.channel.nio.NioEventLoop.processSelectedKey(NioEventLoop.java:632)
	at org.apache.ratis.thirdparty.io.netty.channel.nio.NioEventLoop.processSelectedKeysOptimized(NioEventLoop.java:579)
	at org.apache.ratis.thirdparty.io.netty.channel.nio.NioEventLoop.processSelectedKeys(NioEventLoop.java:496)
	at org.apache.ratis.thirdparty.io.netty.channel.nio.NioEventLoop.run(NioEventLoop.java:458)
	at org.apache.ratis.thirdparty.io.netty.util.concurrent.SingleThreadEventExecutor$5.run(SingleThreadEventExecutor.java:897)
	at org.apache.ratis.thirdparty.io.netty.util.concurrent.FastThreadLocalRunnable.run(FastThreadLocalRunnable.java:30)
	... 1 more
Caused by: java.net.ConnectException: Connection refused
	... 11 more
2019-10-18 14:59:07,182 [327657b1-60f8-49f2-b2a3-f63e1f934942@group-58A987F56150-LeaderElection470] INFO  impl.RaftServerImpl (RaftServerImpl.java:setRole(184)) - 327657b1-60f8-49f2-b2a3-f63e1f934942@group-58A987F56150: changes role from CANDIDATE to FOLLOWER at term 539 for DISCOVERED_A_NEW_TERM
2019-10-18 14:59:07,182 [327657b1-60f8-49f2-b2a3-f63e1f934942@group-58A987F56150-LeaderElection470] INFO  impl.RoleInfo (RoleInfo.java:shutdownLeaderElection(134)) - 327657b1-60f8-49f2-b2a3-f63e1f934942: shutdown LeaderElection
2019-10-18 14:59:07,182 [327657b1-60f8-49f2-b2a3-f63e1f934942@group-58A987F56150-LeaderElection470] INFO  impl.RoleInfo (RoleInfo.java:updateAndGet(143)) - 327657b1-60f8-49f2-b2a3-f63e1f934942: start FollowerState
2019-10-18 14:59:07,305 [Thread-3436] INFO  impl.FollowerState (FollowerState.java:run(108)) - 327657b1-60f8-49f2-b2a3-f63e1f934942@group-58A987F56150-FollowerState: change to CANDIDATE, lastRpcTime:122ms, electionTimeout:122ms
2019-10-18 14:59:07,305 [Thread-3436] INFO  impl.RoleInfo (RoleInfo.java:shutdownFollowerState(121)) - 327657b1-60f8-49f2-b2a3-f63e1f934942: shutdown FollowerState
2019-10-18 14:59:07,305 [Thread-3436] INFO  impl.RaftServerImpl (RaftServerImpl.java:setRole(184)) - 327657b1-60f8-49f2-b2a3-f63e1f934942@group-58A987F56150: changes role from  FOLLOWER to CANDIDATE at term 539 for changeToCandidate
2019-10-18 14:59:07,305 [Thread-3436] INFO  impl.RoleInfo (RoleInfo.java:updateAndGet(143)) - 327657b1-60f8-49f2-b2a3-f63e1f934942: start LeaderElection
2019-10-18 14:59:07,318 [327657b1-60f8-49f2-b2a3-f63e1f934942@group-58A987F56150-LeaderElection471] INFO  impl.LeaderElection (LeaderElection.java:askForVotes(178)) - 327657b1-60f8-49f2-b2a3-f63e1f934942@group-58A987F56150-LeaderElection471: begin an election at term 540 for -1: [6605b8a5-570b-4977-9ee7-6aaf3012bed5:192.168.164.233:35223, 327657b1-60f8-49f2-b2a3-f63e1f934942:192.168.164.233:41966, ddd4789c-894d-475a-bbfb-f6e7aa670c92:192.168.164.233:41061], old=null
2019-10-18 14:59:07,319 [327657b1-60f8-49f2-b2a3-f63e1f934942@group-58A987F56150-LeaderElection471] INFO  impl.LeaderElection (LogUtils.java:infoOrTrace(149)) - 327657b1-60f8-49f2-b2a3-f63e1f934942@group-58A987F56150-LeaderElection471 got exception when requesting votes: {}
java.util.concurrent.ExecutionException: org.apache.ratis.thirdparty.io.grpc.StatusRuntimeException: UNAVAILABLE: io exception
	at java.util.concurrent.FutureTask.report(FutureTask.java:122)
	at java.util.concurrent.FutureTask.get(FutureTask.java:192)
	at org.apache.ratis.server.impl.LeaderElection.waitForResults(LeaderElection.java:259)
	at org.apache.ratis.server.impl.LeaderElection.askForVotes(LeaderElection.java:197)
	at org.apache.ratis.server.impl.LeaderElection.run(LeaderElection.java:133)
	at java.lang.Thread.run(Thread.java:748)
Caused by: org.apache.ratis.thirdparty.io.grpc.StatusRuntimeException: UNAVAILABLE: io exception
	at org.apache.ratis.thirdparty.io.grpc.stub.ClientCalls.toStatusRuntimeException(ClientCalls.java:233)
	at org.apache.ratis.thirdparty.io.grpc.stub.ClientCalls.getUnchecked(ClientCalls.java:214)
	at org.apache.ratis.thirdparty.io.grpc.stub.ClientCalls.blockingUnaryCall(ClientCalls.java:139)
	at org.apache.ratis.proto.grpc.RaftServerProtocolServiceGrpc$RaftServerProtocolServiceBlockingStub.requestVote(RaftServerProtocolServiceGrpc.java:265)
	at org.apache.ratis.grpc.server.GrpcServerProtocolClient.requestVote(GrpcServerProtocolClient.java:99)
	at org.apache.ratis.grpc.server.GrpcService.requestVote(GrpcService.java:204)
	at org.apache.ratis.server.impl.LeaderElection.lambda$submitRequests$1(LeaderElection.java:234)
	at java.util.concurrent.FutureTask.run(FutureTask.java:266)
	at java.util.concurrent.Executors$RunnableAdapter.call(Executors.java:511)
	at java.util.concurrent.FutureTask.run(FutureTask.java:266)
	at java.util.concurrent.ThreadPoolExecutor.runWorker(ThreadPoolExecutor.java:1149)
	at java.util.concurrent.ThreadPoolExecutor$Worker.run(ThreadPoolExecutor.java:624)
	... 1 more
Caused by: org.apache.ratis.thirdparty.io.netty.channel.AbstractChannel$AnnotatedConnectException: Connection refused: /192.168.164.233:41061
	at sun.nio.ch.SocketChannelImpl.checkConnect(Native Method)
	at sun.nio.ch.SocketChannelImpl.finishConnect(SocketChannelImpl.java:717)
	at org.apache.ratis.thirdparty.io.netty.channel.socket.nio.NioSocketChannel.doFinishConnect(NioSocketChannel.java:327)
	at org.apache.ratis.thirdparty.io.netty.channel.nio.AbstractNioChannel$AbstractNioUnsafe.finishConnect(AbstractNioChannel.java:340)
	at org.apache.ratis.thirdparty.io.netty.channel.nio.NioEventLoop.processSelectedKey(NioEventLoop.java:632)
	at org.apache.ratis.thirdparty.io.netty.channel.nio.NioEventLoop.processSelectedKeysOptimized(NioEventLoop.java:579)
	at org.apache.ratis.thirdparty.io.netty.channel.nio.NioEventLoop.processSelectedKeys(NioEventLoop.java:496)
	at org.apache.ratis.thirdparty.io.netty.channel.nio.NioEventLoop.run(NioEventLoop.java:458)
	at org.apache.ratis.thirdparty.io.netty.util.concurrent.SingleThreadEventExecutor$5.run(SingleThreadEventExecutor.java:897)
	at org.apache.ratis.thirdparty.io.netty.util.concurrent.FastThreadLocalRunnable.run(FastThreadLocalRunnable.java:30)
	... 1 more
Caused by: java.net.ConnectException: Connection refused
	... 11 more
2019-10-18 14:59:07,320 [327657b1-60f8-49f2-b2a3-f63e1f934942@group-58A987F56150-LeaderElection471] INFO  impl.LeaderElection (LogUtils.java:infoOrTrace(149)) - 327657b1-60f8-49f2-b2a3-f63e1f934942@group-58A987F56150-LeaderElection471 got exception when requesting votes: {}
java.util.concurrent.ExecutionException: org.apache.ratis.thirdparty.io.grpc.StatusRuntimeException: UNAVAILABLE: io exception
	at java.util.concurrent.FutureTask.report(FutureTask.java:122)
	at java.util.concurrent.FutureTask.get(FutureTask.java:192)
	at org.apache.ratis.server.impl.LeaderElection.waitForResults(LeaderElection.java:259)
	at org.apache.ratis.server.impl.LeaderElection.askForVotes(LeaderElection.java:197)
	at org.apache.ratis.server.impl.LeaderElection.run(LeaderElection.java:133)
	at java.lang.Thread.run(Thread.java:748)
Caused by: org.apache.ratis.thirdparty.io.grpc.StatusRuntimeException: UNAVAILABLE: io exception
	at org.apache.ratis.thirdparty.io.grpc.stub.ClientCalls.toStatusRuntimeException(ClientCalls.java:233)
	at org.apache.ratis.thirdparty.io.grpc.stub.ClientCalls.getUnchecked(ClientCalls.java:214)
	at org.apache.ratis.thirdparty.io.grpc.stub.ClientCalls.blockingUnaryCall(ClientCalls.java:139)
	at org.apache.ratis.proto.grpc.RaftServerProtocolServiceGrpc$RaftServerProtocolServiceBlockingStub.requestVote(RaftServerProtocolServiceGrpc.java:265)
	at org.apache.ratis.grpc.server.GrpcServerProtocolClient.requestVote(GrpcServerProtocolClient.java:99)
	at org.apache.ratis.grpc.server.GrpcService.requestVote(GrpcService.java:204)
	at org.apache.ratis.server.impl.LeaderElection.lambda$submitRequests$1(LeaderElection.java:234)
	at java.util.concurrent.FutureTask.run(FutureTask.java:266)
	at java.util.concurrent.Executors$RunnableAdapter.call(Executors.java:511)
	at java.util.concurrent.FutureTask.run(FutureTask.java:266)
	at java.util.concurrent.ThreadPoolExecutor.runWorker(ThreadPoolExecutor.java:1149)
	at java.util.concurrent.ThreadPoolExecutor$Worker.run(ThreadPoolExecutor.java:624)
	... 1 more
Caused by: org.apache.ratis.thirdparty.io.netty.channel.AbstractChannel$AnnotatedConnectException: Connection refused: /192.168.164.233:35223
	at sun.nio.ch.SocketChannelImpl.checkConnect(Native Method)
	at sun.nio.ch.SocketChannelImpl.finishConnect(SocketChannelImpl.java:717)
	at org.apache.ratis.thirdparty.io.netty.channel.socket.nio.NioSocketChannel.doFinishConnect(NioSocketChannel.java:327)
	at org.apache.ratis.thirdparty.io.netty.channel.nio.AbstractNioChannel$AbstractNioUnsafe.finishConnect(AbstractNioChannel.java:340)
	at org.apache.ratis.thirdparty.io.netty.channel.nio.NioEventLoop.processSelectedKey(NioEventLoop.java:632)
	at org.apache.ratis.thirdparty.io.netty.channel.nio.NioEventLoop.processSelectedKeysOptimized(NioEventLoop.java:579)
	at org.apache.ratis.thirdparty.io.netty.channel.nio.NioEventLoop.processSelectedKeys(NioEventLoop.java:496)
	at org.apache.ratis.thirdparty.io.netty.channel.nio.NioEventLoop.run(NioEventLoop.java:458)
	at org.apache.ratis.thirdparty.io.netty.util.concurrent.SingleThreadEventExecutor$5.run(SingleThreadEventExecutor.java:897)
	at org.apache.ratis.thirdparty.io.netty.util.concurrent.FastThreadLocalRunnable.run(FastThreadLocalRunnable.java:30)
	... 1 more
Caused by: java.net.ConnectException: Connection refused
	... 11 more
2019-10-18 14:59:07,322 [327657b1-60f8-49f2-b2a3-f63e1f934942@group-58A987F56150-LeaderElection471] INFO  impl.LeaderElection (LeaderElection.java:logAndReturn(56)) - 327657b1-60f8-49f2-b2a3-f63e1f934942@group-58A987F56150-LeaderElection471: Election REJECTED; received 0 response(s) [] and 2 exception(s); 327657b1-60f8-49f2-b2a3-f63e1f934942@group-58A987F56150:t540, leader=null, voted=327657b1-60f8-49f2-b2a3-f63e1f934942, raftlog=327657b1-60f8-49f2-b2a3-f63e1f934942@group-58A987F56150-SegmentedRaftLog:OPENED:c-1,f-1,i0, conf=-1: [6605b8a5-570b-4977-9ee7-6aaf3012bed5:192.168.164.233:35223, 327657b1-60f8-49f2-b2a3-f63e1f934942:192.168.164.233:41966, ddd4789c-894d-475a-bbfb-f6e7aa670c92:192.168.164.233:41061], old=null
2019-10-18 14:59:07,322 [327657b1-60f8-49f2-b2a3-f63e1f934942@group-58A987F56150-LeaderElection471] INFO  impl.LeaderElection (LogUtils.java:infoOrTrace(149)) -   Exception 0: {}
java.util.concurrent.ExecutionException: org.apache.ratis.thirdparty.io.grpc.StatusRuntimeException: UNAVAILABLE: io exception
	at java.util.concurrent.FutureTask.report(FutureTask.java:122)
	at java.util.concurrent.FutureTask.get(FutureTask.java:192)
	at org.apache.ratis.server.impl.LeaderElection.waitForResults(LeaderElection.java:259)
	at org.apache.ratis.server.impl.LeaderElection.askForVotes(LeaderElection.java:197)
	at org.apache.ratis.server.impl.LeaderElection.run(LeaderElection.java:133)
	at java.lang.Thread.run(Thread.java:748)
Caused by: org.apache.ratis.thirdparty.io.grpc.StatusRuntimeException: UNAVAILABLE: io exception
	at org.apache.ratis.thirdparty.io.grpc.stub.ClientCalls.toStatusRuntimeException(ClientCalls.java:233)
	at org.apache.ratis.thirdparty.io.grpc.stub.ClientCalls.getUnchecked(ClientCalls.java:214)
	at org.apache.ratis.thirdparty.io.grpc.stub.ClientCalls.blockingUnaryCall(ClientCalls.java:139)
	at org.apache.ratis.proto.grpc.RaftServerProtocolServiceGrpc$RaftServerProtocolServiceBlockingStub.requestVote(RaftServerProtocolServiceGrpc.java:265)
	at org.apache.ratis.grpc.server.GrpcServerProtocolClient.requestVote(GrpcServerProtocolClient.java:99)
	at org.apache.ratis.grpc.server.GrpcService.requestVote(GrpcService.java:204)
	at org.apache.ratis.server.impl.LeaderElection.lambda$submitRequests$1(LeaderElection.java:234)
	at java.util.concurrent.FutureTask.run(FutureTask.java:266)
	at java.util.concurrent.Executors$RunnableAdapter.call(Executors.java:511)
	at java.util.concurrent.FutureTask.run(FutureTask.java:266)
	at java.util.concurrent.ThreadPoolExecutor.runWorker(ThreadPoolExecutor.java:1149)
	at java.util.concurrent.ThreadPoolExecutor$Worker.run(ThreadPoolExecutor.java:624)
	... 1 more
Caused by: org.apache.ratis.thirdparty.io.netty.channel.AbstractChannel$AnnotatedConnectException: Connection refused: /192.168.164.233:41061
	at sun.nio.ch.SocketChannelImpl.checkConnect(Native Method)
	at sun.nio.ch.SocketChannelImpl.finishConnect(SocketChannelImpl.java:717)
	at org.apache.ratis.thirdparty.io.netty.channel.socket.nio.NioSocketChannel.doFinishConnect(NioSocketChannel.java:327)
	at org.apache.ratis.thirdparty.io.netty.channel.nio.AbstractNioChannel$AbstractNioUnsafe.finishConnect(AbstractNioChannel.java:340)
	at org.apache.ratis.thirdparty.io.netty.channel.nio.NioEventLoop.processSelectedKey(NioEventLoop.java:632)
	at org.apache.ratis.thirdparty.io.netty.channel.nio.NioEventLoop.processSelectedKeysOptimized(NioEventLoop.java:579)
	at org.apache.ratis.thirdparty.io.netty.channel.nio.NioEventLoop.processSelectedKeys(NioEventLoop.java:496)
	at org.apache.ratis.thirdparty.io.netty.channel.nio.NioEventLoop.run(NioEventLoop.java:458)
	at org.apache.ratis.thirdparty.io.netty.util.concurrent.SingleThreadEventExecutor$5.run(SingleThreadEventExecutor.java:897)
	at org.apache.ratis.thirdparty.io.netty.util.concurrent.FastThreadLocalRunnable.run(FastThreadLocalRunnable.java:30)
	... 1 more
Caused by: java.net.ConnectException: Connection refused
	... 11 more
2019-10-18 14:59:07,322 [327657b1-60f8-49f2-b2a3-f63e1f934942@group-58A987F56150-LeaderElection471] INFO  impl.LeaderElection (LogUtils.java:infoOrTrace(149)) -   Exception 1: {}
java.util.concurrent.ExecutionException: org.apache.ratis.thirdparty.io.grpc.StatusRuntimeException: UNAVAILABLE: io exception
	at java.util.concurrent.FutureTask.report(FutureTask.java:122)
	at java.util.concurrent.FutureTask.get(FutureTask.java:192)
	at org.apache.ratis.server.impl.LeaderElection.waitForResults(LeaderElection.java:259)
	at org.apache.ratis.server.impl.LeaderElection.askForVotes(LeaderElection.java:197)
	at org.apache.ratis.server.impl.LeaderElection.run(LeaderElection.java:133)
	at java.lang.Thread.run(Thread.java:748)
Caused by: org.apache.ratis.thirdparty.io.grpc.StatusRuntimeException: UNAVAILABLE: io exception
	at org.apache.ratis.thirdparty.io.grpc.stub.ClientCalls.toStatusRuntimeException(ClientCalls.java:233)
	at org.apache.ratis.thirdparty.io.grpc.stub.ClientCalls.getUnchecked(ClientCalls.java:214)
	at org.apache.ratis.thirdparty.io.grpc.stub.ClientCalls.blockingUnaryCall(ClientCalls.java:139)
	at org.apache.ratis.proto.grpc.RaftServerProtocolServiceGrpc$RaftServerProtocolServiceBlockingStub.requestVote(RaftServerProtocolServiceGrpc.java:265)
	at org.apache.ratis.grpc.server.GrpcServerProtocolClient.requestVote(GrpcServerProtocolClient.java:99)
	at org.apache.ratis.grpc.server.GrpcService.requestVote(GrpcService.java:204)
	at org.apache.ratis.server.impl.LeaderElection.lambda$submitRequests$1(LeaderElection.java:234)
	at java.util.concurrent.FutureTask.run(FutureTask.java:266)
	at java.util.concurrent.Executors$RunnableAdapter.call(Executors.java:511)
	at java.util.concurrent.FutureTask.run(FutureTask.java:266)
	at java.util.concurrent.ThreadPoolExecutor.runWorker(ThreadPoolExecutor.java:1149)
	at java.util.concurrent.ThreadPoolExecutor$Worker.run(ThreadPoolExecutor.java:624)
	... 1 more
Caused by: org.apache.ratis.thirdparty.io.netty.channel.AbstractChannel$AnnotatedConnectException: Connection refused: /192.168.164.233:35223
	at sun.nio.ch.SocketChannelImpl.checkConnect(Native Method)
	at sun.nio.ch.SocketChannelImpl.finishConnect(SocketChannelImpl.java:717)
	at org.apache.ratis.thirdparty.io.netty.channel.socket.nio.NioSocketChannel.doFinishConnect(NioSocketChannel.java:327)
	at org.apache.ratis.thirdparty.io.netty.channel.nio.AbstractNioChannel$AbstractNioUnsafe.finishConnect(AbstractNioChannel.java:340)
	at org.apache.ratis.thirdparty.io.netty.channel.nio.NioEventLoop.processSelectedKey(NioEventLoop.java:632)
	at org.apache.ratis.thirdparty.io.netty.channel.nio.NioEventLoop.processSelectedKeysOptimized(NioEventLoop.java:579)
	at org.apache.ratis.thirdparty.io.netty.channel.nio.NioEventLoop.processSelectedKeys(NioEventLoop.java:496)
	at org.apache.ratis.thirdparty.io.netty.channel.nio.NioEventLoop.run(NioEventLoop.java:458)
	at org.apache.ratis.thirdparty.io.netty.util.concurrent.SingleThreadEventExecutor$5.run(SingleThreadEventExecutor.java:897)
	at org.apache.ratis.thirdparty.io.netty.util.concurrent.FastThreadLocalRunnable.run(FastThreadLocalRunnable.java:30)
	... 1 more
Caused by: java.net.ConnectException: Connection refused
	... 11 more
2019-10-18 14:59:07,323 [327657b1-60f8-49f2-b2a3-f63e1f934942@group-58A987F56150-LeaderElection471] INFO  impl.RaftServerImpl (RaftServerImpl.java:setRole(184)) - 327657b1-60f8-49f2-b2a3-f63e1f934942@group-58A987F56150: changes role from CANDIDATE to FOLLOWER at term 540 for DISCOVERED_A_NEW_TERM
2019-10-18 14:59:07,323 [327657b1-60f8-49f2-b2a3-f63e1f934942@group-58A987F56150-LeaderElection471] INFO  impl.RoleInfo (RoleInfo.java:shutdownLeaderElection(134)) - 327657b1-60f8-49f2-b2a3-f63e1f934942: shutdown LeaderElection
2019-10-18 14:59:07,323 [327657b1-60f8-49f2-b2a3-f63e1f934942@group-58A987F56150-LeaderElection471] INFO  impl.RoleInfo (RoleInfo.java:updateAndGet(143)) - 327657b1-60f8-49f2-b2a3-f63e1f934942: start FollowerState
2019-10-18 14:59:07,486 [Thread-3441] INFO  impl.FollowerState (FollowerState.java:run(108)) - 327657b1-60f8-49f2-b2a3-f63e1f934942@group-58A987F56150-FollowerState: change to CANDIDATE, lastRpcTime:162ms, electionTimeout:162ms
2019-10-18 14:59:07,486 [Thread-3441] INFO  impl.RoleInfo (RoleInfo.java:shutdownFollowerState(121)) - 327657b1-60f8-49f2-b2a3-f63e1f934942: shutdown FollowerState
2019-10-18 14:59:07,486 [Thread-3441] INFO  impl.RaftServerImpl (RaftServerImpl.java:setRole(184)) - 327657b1-60f8-49f2-b2a3-f63e1f934942@group-58A987F56150: changes role from  FOLLOWER to CANDIDATE at term 540 for changeToCandidate
2019-10-18 14:59:07,486 [Thread-3441] INFO  impl.RoleInfo (RoleInfo.java:updateAndGet(143)) - 327657b1-60f8-49f2-b2a3-f63e1f934942: start LeaderElection
2019-10-18 14:59:07,499 [327657b1-60f8-49f2-b2a3-f63e1f934942@group-58A987F56150-LeaderElection472] INFO  impl.LeaderElection (LeaderElection.java:askForVotes(178)) - 327657b1-60f8-49f2-b2a3-f63e1f934942@group-58A987F56150-LeaderElection472: begin an election at term 541 for -1: [6605b8a5-570b-4977-9ee7-6aaf3012bed5:192.168.164.233:35223, 327657b1-60f8-49f2-b2a3-f63e1f934942:192.168.164.233:41966, ddd4789c-894d-475a-bbfb-f6e7aa670c92:192.168.164.233:41061], old=null
2019-10-18 14:59:07,500 [327657b1-60f8-49f2-b2a3-f63e1f934942@group-58A987F56150-LeaderElection472] INFO  impl.LeaderElection (LogUtils.java:infoOrTrace(149)) - 327657b1-60f8-49f2-b2a3-f63e1f934942@group-58A987F56150-LeaderElection472 got exception when requesting votes: {}
java.util.concurrent.ExecutionException: org.apache.ratis.thirdparty.io.grpc.StatusRuntimeException: UNAVAILABLE: io exception
	at java.util.concurrent.FutureTask.report(FutureTask.java:122)
	at java.util.concurrent.FutureTask.get(FutureTask.java:192)
	at org.apache.ratis.server.impl.LeaderElection.waitForResults(LeaderElection.java:259)
	at org.apache.ratis.server.impl.LeaderElection.askForVotes(LeaderElection.java:197)
	at org.apache.ratis.server.impl.LeaderElection.run(LeaderElection.java:133)
	at java.lang.Thread.run(Thread.java:748)
Caused by: org.apache.ratis.thirdparty.io.grpc.StatusRuntimeException: UNAVAILABLE: io exception
	at org.apache.ratis.thirdparty.io.grpc.stub.ClientCalls.toStatusRuntimeException(ClientCalls.java:233)
	at org.apache.ratis.thirdparty.io.grpc.stub.ClientCalls.getUnchecked(ClientCalls.java:214)
	at org.apache.ratis.thirdparty.io.grpc.stub.ClientCalls.blockingUnaryCall(ClientCalls.java:139)
	at org.apache.ratis.proto.grpc.RaftServerProtocolServiceGrpc$RaftServerProtocolServiceBlockingStub.requestVote(RaftServerProtocolServiceGrpc.java:265)
	at org.apache.ratis.grpc.server.GrpcServerProtocolClient.requestVote(GrpcServerProtocolClient.java:99)
	at org.apache.ratis.grpc.server.GrpcService.requestVote(GrpcService.java:204)
	at org.apache.ratis.server.impl.LeaderElection.lambda$submitRequests$1(LeaderElection.java:234)
	at java.util.concurrent.FutureTask.run(FutureTask.java:266)
	at java.util.concurrent.Executors$RunnableAdapter.call(Executors.java:511)
	at java.util.concurrent.FutureTask.run(FutureTask.java:266)
	at java.util.concurrent.ThreadPoolExecutor.runWorker(ThreadPoolExecutor.java:1149)
	at java.util.concurrent.ThreadPoolExecutor$Worker.run(ThreadPoolExecutor.java:624)
	... 1 more
Caused by: org.apache.ratis.thirdparty.io.netty.channel.AbstractChannel$AnnotatedConnectException: Connection refused: /192.168.164.233:35223
	at sun.nio.ch.SocketChannelImpl.checkConnect(Native Method)
	at sun.nio.ch.SocketChannelImpl.finishConnect(SocketChannelImpl.java:717)
	at org.apache.ratis.thirdparty.io.netty.channel.socket.nio.NioSocketChannel.doFinishConnect(NioSocketChannel.java:327)
	at org.apache.ratis.thirdparty.io.netty.channel.nio.AbstractNioChannel$AbstractNioUnsafe.finishConnect(AbstractNioChannel.java:340)
	at org.apache.ratis.thirdparty.io.netty.channel.nio.NioEventLoop.processSelectedKey(NioEventLoop.java:632)
	at org.apache.ratis.thirdparty.io.netty.channel.nio.NioEventLoop.processSelectedKeysOptimized(NioEventLoop.java:579)
	at org.apache.ratis.thirdparty.io.netty.channel.nio.NioEventLoop.processSelectedKeys(NioEventLoop.java:496)
	at org.apache.ratis.thirdparty.io.netty.channel.nio.NioEventLoop.run(NioEventLoop.java:458)
	at org.apache.ratis.thirdparty.io.netty.util.concurrent.SingleThreadEventExecutor$5.run(SingleThreadEventExecutor.java:897)
	at org.apache.ratis.thirdparty.io.netty.util.concurrent.FastThreadLocalRunnable.run(FastThreadLocalRunnable.java:30)
	... 1 more
Caused by: java.net.ConnectException: Connection refused
	... 11 more
2019-10-18 14:59:07,501 [327657b1-60f8-49f2-b2a3-f63e1f934942@group-58A987F56150-LeaderElection472] INFO  impl.LeaderElection (LogUtils.java:infoOrTrace(149)) - 327657b1-60f8-49f2-b2a3-f63e1f934942@group-58A987F56150-LeaderElection472 got exception when requesting votes: {}
java.util.concurrent.ExecutionException: org.apache.ratis.thirdparty.io.grpc.StatusRuntimeException: UNAVAILABLE: io exception
	at java.util.concurrent.FutureTask.report(FutureTask.java:122)
	at java.util.concurrent.FutureTask.get(FutureTask.java:192)
	at org.apache.ratis.server.impl.LeaderElection.waitForResults(LeaderElection.java:259)
	at org.apache.ratis.server.impl.LeaderElection.askForVotes(LeaderElection.java:197)
	at org.apache.ratis.server.impl.LeaderElection.run(LeaderElection.java:133)
	at java.lang.Thread.run(Thread.java:748)
Caused by: org.apache.ratis.thirdparty.io.grpc.StatusRuntimeException: UNAVAILABLE: io exception
	at org.apache.ratis.thirdparty.io.grpc.stub.ClientCalls.toStatusRuntimeException(ClientCalls.java:233)
	at org.apache.ratis.thirdparty.io.grpc.stub.ClientCalls.getUnchecked(ClientCalls.java:214)
	at org.apache.ratis.thirdparty.io.grpc.stub.ClientCalls.blockingUnaryCall(ClientCalls.java:139)
	at org.apache.ratis.proto.grpc.RaftServerProtocolServiceGrpc$RaftServerProtocolServiceBlockingStub.requestVote(RaftServerProtocolServiceGrpc.java:265)
	at org.apache.ratis.grpc.server.GrpcServerProtocolClient.requestVote(GrpcServerProtocolClient.java:99)
	at org.apache.ratis.grpc.server.GrpcService.requestVote(GrpcService.java:204)
	at org.apache.ratis.server.impl.LeaderElection.lambda$submitRequests$1(LeaderElection.java:234)
	at java.util.concurrent.FutureTask.run(FutureTask.java:266)
	at java.util.concurrent.Executors$RunnableAdapter.call(Executors.java:511)
	at java.util.concurrent.FutureTask.run(FutureTask.java:266)
	at java.util.concurrent.ThreadPoolExecutor.runWorker(ThreadPoolExecutor.java:1149)
	at java.util.concurrent.ThreadPoolExecutor$Worker.run(ThreadPoolExecutor.java:624)
	... 1 more
Caused by: org.apache.ratis.thirdparty.io.netty.channel.AbstractChannel$AnnotatedConnectException: Connection refused: /192.168.164.233:41061
	at sun.nio.ch.SocketChannelImpl.checkConnect(Native Method)
	at sun.nio.ch.SocketChannelImpl.finishConnect(SocketChannelImpl.java:717)
	at org.apache.ratis.thirdparty.io.netty.channel.socket.nio.NioSocketChannel.doFinishConnect(NioSocketChannel.java:327)
	at org.apache.ratis.thirdparty.io.netty.channel.nio.AbstractNioChannel$AbstractNioUnsafe.finishConnect(AbstractNioChannel.java:340)
	at org.apache.ratis.thirdparty.io.netty.channel.nio.NioEventLoop.processSelectedKey(NioEventLoop.java:632)
	at org.apache.ratis.thirdparty.io.netty.channel.nio.NioEventLoop.processSelectedKeysOptimized(NioEventLoop.java:579)
	at org.apache.ratis.thirdparty.io.netty.channel.nio.NioEventLoop.processSelectedKeys(NioEventLoop.java:496)
	at org.apache.ratis.thirdparty.io.netty.channel.nio.NioEventLoop.run(NioEventLoop.java:458)
	at org.apache.ratis.thirdparty.io.netty.util.concurrent.SingleThreadEventExecutor$5.run(SingleThreadEventExecutor.java:897)
	at org.apache.ratis.thirdparty.io.netty.util.concurrent.FastThreadLocalRunnable.run(FastThreadLocalRunnable.java:30)
	... 1 more
Caused by: java.net.ConnectException: Connection refused
	... 11 more
2019-10-18 14:59:07,503 [327657b1-60f8-49f2-b2a3-f63e1f934942@group-58A987F56150-LeaderElection472] INFO  impl.LeaderElection (LeaderElection.java:logAndReturn(56)) - 327657b1-60f8-49f2-b2a3-f63e1f934942@group-58A987F56150-LeaderElection472: Election REJECTED; received 0 response(s) [] and 2 exception(s); 327657b1-60f8-49f2-b2a3-f63e1f934942@group-58A987F56150:t541, leader=null, voted=327657b1-60f8-49f2-b2a3-f63e1f934942, raftlog=327657b1-60f8-49f2-b2a3-f63e1f934942@group-58A987F56150-SegmentedRaftLog:OPENED:c-1,f-1,i0, conf=-1: [6605b8a5-570b-4977-9ee7-6aaf3012bed5:192.168.164.233:35223, 327657b1-60f8-49f2-b2a3-f63e1f934942:192.168.164.233:41966, ddd4789c-894d-475a-bbfb-f6e7aa670c92:192.168.164.233:41061], old=null
2019-10-18 14:59:07,503 [327657b1-60f8-49f2-b2a3-f63e1f934942@group-58A987F56150-LeaderElection472] INFO  impl.LeaderElection (LogUtils.java:infoOrTrace(149)) -   Exception 0: {}
java.util.concurrent.ExecutionException: org.apache.ratis.thirdparty.io.grpc.StatusRuntimeException: UNAVAILABLE: io exception
	at java.util.concurrent.FutureTask.report(FutureTask.java:122)
	at java.util.concurrent.FutureTask.get(FutureTask.java:192)
	at org.apache.ratis.server.impl.LeaderElection.waitForResults(LeaderElection.java:259)
	at org.apache.ratis.server.impl.LeaderElection.askForVotes(LeaderElection.java:197)
	at org.apache.ratis.server.impl.LeaderElection.run(LeaderElection.java:133)
	at java.lang.Thread.run(Thread.java:748)
Caused by: org.apache.ratis.thirdparty.io.grpc.StatusRuntimeException: UNAVAILABLE: io exception
	at org.apache.ratis.thirdparty.io.grpc.stub.ClientCalls.toStatusRuntimeException(ClientCalls.java:233)
	at org.apache.ratis.thirdparty.io.grpc.stub.ClientCalls.getUnchecked(ClientCalls.java:214)
	at org.apache.ratis.thirdparty.io.grpc.stub.ClientCalls.blockingUnaryCall(ClientCalls.java:139)
	at org.apache.ratis.proto.grpc.RaftServerProtocolServiceGrpc$RaftServerProtocolServiceBlockingStub.requestVote(RaftServerProtocolServiceGrpc.java:265)
	at org.apache.ratis.grpc.server.GrpcServerProtocolClient.requestVote(GrpcServerProtocolClient.java:99)
	at org.apache.ratis.grpc.server.GrpcService.requestVote(GrpcService.java:204)
	at org.apache.ratis.server.impl.LeaderElection.lambda$submitRequests$1(LeaderElection.java:234)
	at java.util.concurrent.FutureTask.run(FutureTask.java:266)
	at java.util.concurrent.Executors$RunnableAdapter.call(Executors.java:511)
	at java.util.concurrent.FutureTask.run(FutureTask.java:266)
	at java.util.concurrent.ThreadPoolExecutor.runWorker(ThreadPoolExecutor.java:1149)
	at java.util.concurrent.ThreadPoolExecutor$Worker.run(ThreadPoolExecutor.java:624)
	... 1 more
Caused by: org.apache.ratis.thirdparty.io.netty.channel.AbstractChannel$AnnotatedConnectException: Connection refused: /192.168.164.233:35223
	at sun.nio.ch.SocketChannelImpl.checkConnect(Native Method)
	at sun.nio.ch.SocketChannelImpl.finishConnect(SocketChannelImpl.java:717)
	at org.apache.ratis.thirdparty.io.netty.channel.socket.nio.NioSocketChannel.doFinishConnect(NioSocketChannel.java:327)
	at org.apache.ratis.thirdparty.io.netty.channel.nio.AbstractNioChannel$AbstractNioUnsafe.finishConnect(AbstractNioChannel.java:340)
	at org.apache.ratis.thirdparty.io.netty.channel.nio.NioEventLoop.processSelectedKey(NioEventLoop.java:632)
	at org.apache.ratis.thirdparty.io.netty.channel.nio.NioEventLoop.processSelectedKeysOptimized(NioEventLoop.java:579)
	at org.apache.ratis.thirdparty.io.netty.channel.nio.NioEventLoop.processSelectedKeys(NioEventLoop.java:496)
	at org.apache.ratis.thirdparty.io.netty.channel.nio.NioEventLoop.run(NioEventLoop.java:458)
	at org.apache.ratis.thirdparty.io.netty.util.concurrent.SingleThreadEventExecutor$5.run(SingleThreadEventExecutor.java:897)
	at org.apache.ratis.thirdparty.io.netty.util.concurrent.FastThreadLocalRunnable.run(FastThreadLocalRunnable.java:30)
	... 1 more
Caused by: java.net.ConnectException: Connection refused
	... 11 more
2019-10-18 14:59:07,503 [327657b1-60f8-49f2-b2a3-f63e1f934942@group-58A987F56150-LeaderElection472] INFO  impl.LeaderElection (LogUtils.java:infoOrTrace(149)) -   Exception 1: {}
java.util.concurrent.ExecutionException: org.apache.ratis.thirdparty.io.grpc.StatusRuntimeException: UNAVAILABLE: io exception
	at java.util.concurrent.FutureTask.report(FutureTask.java:122)
	at java.util.concurrent.FutureTask.get(FutureTask.java:192)
	at org.apache.ratis.server.impl.LeaderElection.waitForResults(LeaderElection.java:259)
	at org.apache.ratis.server.impl.LeaderElection.askForVotes(LeaderElection.java:197)
	at org.apache.ratis.server.impl.LeaderElection.run(LeaderElection.java:133)
	at java.lang.Thread.run(Thread.java:748)
Caused by: org.apache.ratis.thirdparty.io.grpc.StatusRuntimeException: UNAVAILABLE: io exception
	at org.apache.ratis.thirdparty.io.grpc.stub.ClientCalls.toStatusRuntimeException(ClientCalls.java:233)
	at org.apache.ratis.thirdparty.io.grpc.stub.ClientCalls.getUnchecked(ClientCalls.java:214)
	at org.apache.ratis.thirdparty.io.grpc.stub.ClientCalls.blockingUnaryCall(ClientCalls.java:139)
	at org.apache.ratis.proto.grpc.RaftServerProtocolServiceGrpc$RaftServerProtocolServiceBlockingStub.requestVote(RaftServerProtocolServiceGrpc.java:265)
	at org.apache.ratis.grpc.server.GrpcServerProtocolClient.requestVote(GrpcServerProtocolClient.java:99)
	at org.apache.ratis.grpc.server.GrpcService.requestVote(GrpcService.java:204)
	at org.apache.ratis.server.impl.LeaderElection.lambda$submitRequests$1(LeaderElection.java:234)
	at java.util.concurrent.FutureTask.run(FutureTask.java:266)
	at java.util.concurrent.Executors$RunnableAdapter.call(Executors.java:511)
	at java.util.concurrent.FutureTask.run(FutureTask.java:266)
	at java.util.concurrent.ThreadPoolExecutor.runWorker(ThreadPoolExecutor.java:1149)
	at java.util.concurrent.ThreadPoolExecutor$Worker.run(ThreadPoolExecutor.java:624)
	... 1 more
Caused by: org.apache.ratis.thirdparty.io.netty.channel.AbstractChannel$AnnotatedConnectException: Connection refused: /192.168.164.233:41061
	at sun.nio.ch.SocketChannelImpl.checkConnect(Native Method)
	at sun.nio.ch.SocketChannelImpl.finishConnect(SocketChannelImpl.java:717)
	at org.apache.ratis.thirdparty.io.netty.channel.socket.nio.NioSocketChannel.doFinishConnect(NioSocketChannel.java:327)
	at org.apache.ratis.thirdparty.io.netty.channel.nio.AbstractNioChannel$AbstractNioUnsafe.finishConnect(AbstractNioChannel.java:340)
	at org.apache.ratis.thirdparty.io.netty.channel.nio.NioEventLoop.processSelectedKey(NioEventLoop.java:632)
	at org.apache.ratis.thirdparty.io.netty.channel.nio.NioEventLoop.processSelectedKeysOptimized(NioEventLoop.java:579)
	at org.apache.ratis.thirdparty.io.netty.channel.nio.NioEventLoop.processSelectedKeys(NioEventLoop.java:496)
	at org.apache.ratis.thirdparty.io.netty.channel.nio.NioEventLoop.run(NioEventLoop.java:458)
	at org.apache.ratis.thirdparty.io.netty.util.concurrent.SingleThreadEventExecutor$5.run(SingleThreadEventExecutor.java:897)
	at org.apache.ratis.thirdparty.io.netty.util.concurrent.FastThreadLocalRunnable.run(FastThreadLocalRunnable.java:30)
	... 1 more
Caused by: java.net.ConnectException: Connection refused
	... 11 more
2019-10-18 14:59:07,504 [327657b1-60f8-49f2-b2a3-f63e1f934942@group-58A987F56150-LeaderElection472] INFO  impl.RaftServerImpl (RaftServerImpl.java:setRole(184)) - 327657b1-60f8-49f2-b2a3-f63e1f934942@group-58A987F56150: changes role from CANDIDATE to FOLLOWER at term 541 for DISCOVERED_A_NEW_TERM
2019-10-18 14:59:07,504 [327657b1-60f8-49f2-b2a3-f63e1f934942@group-58A987F56150-LeaderElection472] INFO  impl.RoleInfo (RoleInfo.java:shutdownLeaderElection(134)) - 327657b1-60f8-49f2-b2a3-f63e1f934942: shutdown LeaderElection
2019-10-18 14:59:07,504 [327657b1-60f8-49f2-b2a3-f63e1f934942@group-58A987F56150-LeaderElection472] INFO  impl.RoleInfo (RoleInfo.java:updateAndGet(143)) - 327657b1-60f8-49f2-b2a3-f63e1f934942: start FollowerState
2019-10-18 14:59:07,504 [Thread-3446] INFO  impl.FollowerState (FollowerState.java:run(108)) - 327657b1-60f8-49f2-b2a3-f63e1f934942@group-58A987F56150-FollowerState: change to CANDIDATE, lastRpcTime:0ms, electionTimeout:0ms
2019-10-18 14:59:07,504 [Thread-3446] INFO  impl.RoleInfo (RoleInfo.java:shutdownFollowerState(121)) - 327657b1-60f8-49f2-b2a3-f63e1f934942: shutdown FollowerState
2019-10-18 14:59:07,504 [Thread-3446] INFO  impl.RaftServerImpl (RaftServerImpl.java:setRole(184)) - 327657b1-60f8-49f2-b2a3-f63e1f934942@group-58A987F56150: changes role from  FOLLOWER to CANDIDATE at term 541 for changeToCandidate
2019-10-18 14:59:07,504 [Thread-3446] INFO  impl.RoleInfo (RoleInfo.java:updateAndGet(143)) - 327657b1-60f8-49f2-b2a3-f63e1f934942: start LeaderElection
2019-10-18 14:59:07,525 [327657b1-60f8-49f2-b2a3-f63e1f934942@group-58A987F56150-LeaderElection473] INFO  impl.LeaderElection (LeaderElection.java:askForVotes(178)) - 327657b1-60f8-49f2-b2a3-f63e1f934942@group-58A987F56150-LeaderElection473: begin an election at term 542 for -1: [6605b8a5-570b-4977-9ee7-6aaf3012bed5:192.168.164.233:35223, 327657b1-60f8-49f2-b2a3-f63e1f934942:192.168.164.233:41966, ddd4789c-894d-475a-bbfb-f6e7aa670c92:192.168.164.233:41061], old=null
2019-10-18 14:59:07,525 [327657b1-60f8-49f2-b2a3-f63e1f934942@group-58A987F56150-LeaderElection473] INFO  impl.LeaderElection (LogUtils.java:infoOrTrace(149)) - 327657b1-60f8-49f2-b2a3-f63e1f934942@group-58A987F56150-LeaderElection473 got exception when requesting votes: {}
java.util.concurrent.ExecutionException: org.apache.ratis.thirdparty.io.grpc.StatusRuntimeException: UNAVAILABLE: io exception
	at java.util.concurrent.FutureTask.report(FutureTask.java:122)
	at java.util.concurrent.FutureTask.get(FutureTask.java:192)
	at org.apache.ratis.server.impl.LeaderElection.waitForResults(LeaderElection.java:259)
	at org.apache.ratis.server.impl.LeaderElection.askForVotes(LeaderElection.java:197)
	at org.apache.ratis.server.impl.LeaderElection.run(LeaderElection.java:133)
	at java.lang.Thread.run(Thread.java:748)
Caused by: org.apache.ratis.thirdparty.io.grpc.StatusRuntimeException: UNAVAILABLE: io exception
	at org.apache.ratis.thirdparty.io.grpc.stub.ClientCalls.toStatusRuntimeException(ClientCalls.java:233)
	at org.apache.ratis.thirdparty.io.grpc.stub.ClientCalls.getUnchecked(ClientCalls.java:214)
	at org.apache.ratis.thirdparty.io.grpc.stub.ClientCalls.blockingUnaryCall(ClientCalls.java:139)
	at org.apache.ratis.proto.grpc.RaftServerProtocolServiceGrpc$RaftServerProtocolServiceBlockingStub.requestVote(RaftServerProtocolServiceGrpc.java:265)
	at org.apache.ratis.grpc.server.GrpcServerProtocolClient.requestVote(GrpcServerProtocolClient.java:99)
	at org.apache.ratis.grpc.server.GrpcService.requestVote(GrpcService.java:204)
	at org.apache.ratis.server.impl.LeaderElection.lambda$submitRequests$1(LeaderElection.java:234)
	at java.util.concurrent.FutureTask.run(FutureTask.java:266)
	at java.util.concurrent.Executors$RunnableAdapter.call(Executors.java:511)
	at java.util.concurrent.FutureTask.run(FutureTask.java:266)
	at java.util.concurrent.ThreadPoolExecutor.runWorker(ThreadPoolExecutor.java:1149)
	at java.util.concurrent.ThreadPoolExecutor$Worker.run(ThreadPoolExecutor.java:624)
	... 1 more
Caused by: org.apache.ratis.thirdparty.io.netty.channel.AbstractChannel$AnnotatedConnectException: Connection refused: /192.168.164.233:35223
	at sun.nio.ch.SocketChannelImpl.checkConnect(Native Method)
	at sun.nio.ch.SocketChannelImpl.finishConnect(SocketChannelImpl.java:717)
	at org.apache.ratis.thirdparty.io.netty.channel.socket.nio.NioSocketChannel.doFinishConnect(NioSocketChannel.java:327)
	at org.apache.ratis.thirdparty.io.netty.channel.nio.AbstractNioChannel$AbstractNioUnsafe.finishConnect(AbstractNioChannel.java:340)
	at org.apache.ratis.thirdparty.io.netty.channel.nio.NioEventLoop.processSelectedKey(NioEventLoop.java:632)
	at org.apache.ratis.thirdparty.io.netty.channel.nio.NioEventLoop.processSelectedKeysOptimized(NioEventLoop.java:579)
	at org.apache.ratis.thirdparty.io.netty.channel.nio.NioEventLoop.processSelectedKeys(NioEventLoop.java:496)
	at org.apache.ratis.thirdparty.io.netty.channel.nio.NioEventLoop.run(NioEventLoop.java:458)
	at org.apache.ratis.thirdparty.io.netty.util.concurrent.SingleThreadEventExecutor$5.run(SingleThreadEventExecutor.java:897)
	at org.apache.ratis.thirdparty.io.netty.util.concurrent.FastThreadLocalRunnable.run(FastThreadLocalRunnable.java:30)
	... 1 more
Caused by: java.net.ConnectException: Connection refused
	... 11 more
2019-10-18 14:59:07,527 [327657b1-60f8-49f2-b2a3-f63e1f934942@group-58A987F56150-LeaderElection473] INFO  impl.LeaderElection (LogUtils.java:infoOrTrace(149)) - 327657b1-60f8-49f2-b2a3-f63e1f934942@group-58A987F56150-LeaderElection473 got exception when requesting votes: {}
java.util.concurrent.ExecutionException: org.apache.ratis.thirdparty.io.grpc.StatusRuntimeException: UNAVAILABLE: io exception
	at java.util.concurrent.FutureTask.report(FutureTask.java:122)
	at java.util.concurrent.FutureTask.get(FutureTask.java:192)
	at org.apache.ratis.server.impl.LeaderElection.waitForResults(LeaderElection.java:259)
	at org.apache.ratis.server.impl.LeaderElection.askForVotes(LeaderElection.java:197)
	at org.apache.ratis.server.impl.LeaderElection.run(LeaderElection.java:133)
	at java.lang.Thread.run(Thread.java:748)
Caused by: org.apache.ratis.thirdparty.io.grpc.StatusRuntimeException: UNAVAILABLE: io exception
	at org.apache.ratis.thirdparty.io.grpc.stub.ClientCalls.toStatusRuntimeException(ClientCalls.java:233)
	at org.apache.ratis.thirdparty.io.grpc.stub.ClientCalls.getUnchecked(ClientCalls.java:214)
	at org.apache.ratis.thirdparty.io.grpc.stub.ClientCalls.blockingUnaryCall(ClientCalls.java:139)
	at org.apache.ratis.proto.grpc.RaftServerProtocolServiceGrpc$RaftServerProtocolServiceBlockingStub.requestVote(RaftServerProtocolServiceGrpc.java:265)
	at org.apache.ratis.grpc.server.GrpcServerProtocolClient.requestVote(GrpcServerProtocolClient.java:99)
	at org.apache.ratis.grpc.server.GrpcService.requestVote(GrpcService.java:204)
	at org.apache.ratis.server.impl.LeaderElection.lambda$submitRequests$1(LeaderElection.java:234)
	at java.util.concurrent.FutureTask.run(FutureTask.java:266)
	at java.util.concurrent.Executors$RunnableAdapter.call(Executors.java:511)
	at java.util.concurrent.FutureTask.run(FutureTask.java:266)
	at java.util.concurrent.ThreadPoolExecutor.runWorker(ThreadPoolExecutor.java:1149)
	at java.util.concurrent.ThreadPoolExecutor$Worker.run(ThreadPoolExecutor.java:624)
	... 1 more
Caused by: org.apache.ratis.thirdparty.io.netty.channel.AbstractChannel$AnnotatedConnectException: Connection refused: /192.168.164.233:41061
	at sun.nio.ch.SocketChannelImpl.checkConnect(Native Method)
	at sun.nio.ch.SocketChannelImpl.finishConnect(SocketChannelImpl.java:717)
	at org.apache.ratis.thirdparty.io.netty.channel.socket.nio.NioSocketChannel.doFinishConnect(NioSocketChannel.java:327)
	at org.apache.ratis.thirdparty.io.netty.channel.nio.AbstractNioChannel$AbstractNioUnsafe.finishConnect(AbstractNioChannel.java:340)
	at org.apache.ratis.thirdparty.io.netty.channel.nio.NioEventLoop.processSelectedKey(NioEventLoop.java:632)
	at org.apache.ratis.thirdparty.io.netty.channel.nio.NioEventLoop.processSelectedKeysOptimized(NioEventLoop.java:579)
	at org.apache.ratis.thirdparty.io.netty.channel.nio.NioEventLoop.processSelectedKeys(NioEventLoop.java:496)
	at org.apache.ratis.thirdparty.io.netty.channel.nio.NioEventLoop.run(NioEventLoop.java:458)
	at org.apache.ratis.thirdparty.io.netty.util.concurrent.SingleThreadEventExecutor$5.run(SingleThreadEventExecutor.java:897)
	at org.apache.ratis.thirdparty.io.netty.util.concurrent.FastThreadLocalRunnable.run(FastThreadLocalRunnable.java:30)
	... 1 more
Caused by: java.net.ConnectException: Connection refused
	... 11 more
2019-10-18 14:59:07,532 [327657b1-60f8-49f2-b2a3-f63e1f934942@group-58A987F56150-LeaderElection473] INFO  impl.LeaderElection (LeaderElection.java:logAndReturn(56)) - 327657b1-60f8-49f2-b2a3-f63e1f934942@group-58A987F56150-LeaderElection473: Election REJECTED; received 0 response(s) [] and 2 exception(s); 327657b1-60f8-49f2-b2a3-f63e1f934942@group-58A987F56150:t542, leader=null, voted=327657b1-60f8-49f2-b2a3-f63e1f934942, raftlog=327657b1-60f8-49f2-b2a3-f63e1f934942@group-58A987F56150-SegmentedRaftLog:OPENED:c-1,f-1,i0, conf=-1: [6605b8a5-570b-4977-9ee7-6aaf3012bed5:192.168.164.233:35223, 327657b1-60f8-49f2-b2a3-f63e1f934942:192.168.164.233:41966, ddd4789c-894d-475a-bbfb-f6e7aa670c92:192.168.164.233:41061], old=null
2019-10-18 14:59:07,532 [327657b1-60f8-49f2-b2a3-f63e1f934942@group-58A987F56150-LeaderElection473] INFO  impl.LeaderElection (LogUtils.java:infoOrTrace(149)) -   Exception 0: {}
java.util.concurrent.ExecutionException: org.apache.ratis.thirdparty.io.grpc.StatusRuntimeException: UNAVAILABLE: io exception
	at java.util.concurrent.FutureTask.report(FutureTask.java:122)
	at java.util.concurrent.FutureTask.get(FutureTask.java:192)
	at org.apache.ratis.server.impl.LeaderElection.waitForResults(LeaderElection.java:259)
	at org.apache.ratis.server.impl.LeaderElection.askForVotes(LeaderElection.java:197)
	at org.apache.ratis.server.impl.LeaderElection.run(LeaderElection.java:133)
	at java.lang.Thread.run(Thread.java:748)
Caused by: org.apache.ratis.thirdparty.io.grpc.StatusRuntimeException: UNAVAILABLE: io exception
	at org.apache.ratis.thirdparty.io.grpc.stub.ClientCalls.toStatusRuntimeException(ClientCalls.java:233)
	at org.apache.ratis.thirdparty.io.grpc.stub.ClientCalls.getUnchecked(ClientCalls.java:214)
	at org.apache.ratis.thirdparty.io.grpc.stub.ClientCalls.blockingUnaryCall(ClientCalls.java:139)
	at org.apache.ratis.proto.grpc.RaftServerProtocolServiceGrpc$RaftServerProtocolServiceBlockingStub.requestVote(RaftServerProtocolServiceGrpc.java:265)
	at org.apache.ratis.grpc.server.GrpcServerProtocolClient.requestVote(GrpcServerProtocolClient.java:99)
	at org.apache.ratis.grpc.server.GrpcService.requestVote(GrpcService.java:204)
	at org.apache.ratis.server.impl.LeaderElection.lambda$submitRequests$1(LeaderElection.java:234)
	at java.util.concurrent.FutureTask.run(FutureTask.java:266)
	at java.util.concurrent.Executors$RunnableAdapter.call(Executors.java:511)
	at java.util.concurrent.FutureTask.run(FutureTask.java:266)
	at java.util.concurrent.ThreadPoolExecutor.runWorker(ThreadPoolExecutor.java:1149)
	at java.util.concurrent.ThreadPoolExecutor$Worker.run(ThreadPoolExecutor.java:624)
	... 1 more
Caused by: org.apache.ratis.thirdparty.io.netty.channel.AbstractChannel$AnnotatedConnectException: Connection refused: /192.168.164.233:35223
	at sun.nio.ch.SocketChannelImpl.checkConnect(Native Method)
	at sun.nio.ch.SocketChannelImpl.finishConnect(SocketChannelImpl.java:717)
	at org.apache.ratis.thirdparty.io.netty.channel.socket.nio.NioSocketChannel.doFinishConnect(NioSocketChannel.java:327)
	at org.apache.ratis.thirdparty.io.netty.channel.nio.AbstractNioChannel$AbstractNioUnsafe.finishConnect(AbstractNioChannel.java:340)
	at org.apache.ratis.thirdparty.io.netty.channel.nio.NioEventLoop.processSelectedKey(NioEventLoop.java:632)
	at org.apache.ratis.thirdparty.io.netty.channel.nio.NioEventLoop.processSelectedKeysOptimized(NioEventLoop.java:579)
	at org.apache.ratis.thirdparty.io.netty.channel.nio.NioEventLoop.processSelectedKeys(NioEventLoop.java:496)
	at org.apache.ratis.thirdparty.io.netty.channel.nio.NioEventLoop.run(NioEventLoop.java:458)
	at org.apache.ratis.thirdparty.io.netty.util.concurrent.SingleThreadEventExecutor$5.run(SingleThreadEventExecutor.java:897)
	at org.apache.ratis.thirdparty.io.netty.util.concurrent.FastThreadLocalRunnable.run(FastThreadLocalRunnable.java:30)
	... 1 more
Caused by: java.net.ConnectException: Connection refused
	... 11 more
2019-10-18 14:59:07,532 [327657b1-60f8-49f2-b2a3-f63e1f934942@group-58A987F56150-LeaderElection473] INFO  impl.LeaderElection (LogUtils.java:infoOrTrace(149)) -   Exception 1: {}
java.util.concurrent.ExecutionException: org.apache.ratis.thirdparty.io.grpc.StatusRuntimeException: UNAVAILABLE: io exception
	at java.util.concurrent.FutureTask.report(FutureTask.java:122)
	at java.util.concurrent.FutureTask.get(FutureTask.java:192)
	at org.apache.ratis.server.impl.LeaderElection.waitForResults(LeaderElection.java:259)
	at org.apache.ratis.server.impl.LeaderElection.askForVotes(LeaderElection.java:197)
	at org.apache.ratis.server.impl.LeaderElection.run(LeaderElection.java:133)
	at java.lang.Thread.run(Thread.java:748)
Caused by: org.apache.ratis.thirdparty.io.grpc.StatusRuntimeException: UNAVAILABLE: io exception
	at org.apache.ratis.thirdparty.io.grpc.stub.ClientCalls.toStatusRuntimeException(ClientCalls.java:233)
	at org.apache.ratis.thirdparty.io.grpc.stub.ClientCalls.getUnchecked(ClientCalls.java:214)
	at org.apache.ratis.thirdparty.io.grpc.stub.ClientCalls.blockingUnaryCall(ClientCalls.java:139)
	at org.apache.ratis.proto.grpc.RaftServerProtocolServiceGrpc$RaftServerProtocolServiceBlockingStub.requestVote(RaftServerProtocolServiceGrpc.java:265)
	at org.apache.ratis.grpc.server.GrpcServerProtocolClient.requestVote(GrpcServerProtocolClient.java:99)
	at org.apache.ratis.grpc.server.GrpcService.requestVote(GrpcService.java:204)
	at org.apache.ratis.server.impl.LeaderElection.lambda$submitRequests$1(LeaderElection.java:234)
	at java.util.concurrent.FutureTask.run(FutureTask.java:266)
	at java.util.concurrent.Executors$RunnableAdapter.call(Executors.java:511)
	at java.util.concurrent.FutureTask.run(FutureTask.java:266)
	at java.util.concurrent.ThreadPoolExecutor.runWorker(ThreadPoolExecutor.java:1149)
	at java.util.concurrent.ThreadPoolExecutor$Worker.run(ThreadPoolExecutor.java:624)
	... 1 more
Caused by: org.apache.ratis.thirdparty.io.netty.channel.AbstractChannel$AnnotatedConnectException: Connection refused: /192.168.164.233:41061
	at sun.nio.ch.SocketChannelImpl.checkConnect(Native Method)
	at sun.nio.ch.SocketChannelImpl.finishConnect(SocketChannelImpl.java:717)
	at org.apache.ratis.thirdparty.io.netty.channel.socket.nio.NioSocketChannel.doFinishConnect(NioSocketChannel.java:327)
	at org.apache.ratis.thirdparty.io.netty.channel.nio.AbstractNioChannel$AbstractNioUnsafe.finishConnect(AbstractNioChannel.java:340)
	at org.apache.ratis.thirdparty.io.netty.channel.nio.NioEventLoop.processSelectedKey(NioEventLoop.java:632)
	at org.apache.ratis.thirdparty.io.netty.channel.nio.NioEventLoop.processSelectedKeysOptimized(NioEventLoop.java:579)
	at org.apache.ratis.thirdparty.io.netty.channel.nio.NioEventLoop.processSelectedKeys(NioEventLoop.java:496)
	at org.apache.ratis.thirdparty.io.netty.channel.nio.NioEventLoop.run(NioEventLoop.java:458)
	at org.apache.ratis.thirdparty.io.netty.util.concurrent.SingleThreadEventExecutor$5.run(SingleThreadEventExecutor.java:897)
	at org.apache.ratis.thirdparty.io.netty.util.concurrent.FastThreadLocalRunnable.run(FastThreadLocalRunnable.java:30)
	... 1 more
Caused by: java.net.ConnectException: Connection refused
	... 11 more
2019-10-18 14:59:07,533 [327657b1-60f8-49f2-b2a3-f63e1f934942@group-58A987F56150-LeaderElection473] INFO  impl.RaftServerImpl (RaftServerImpl.java:setRole(184)) - 327657b1-60f8-49f2-b2a3-f63e1f934942@group-58A987F56150: changes role from CANDIDATE to FOLLOWER at term 542 for DISCOVERED_A_NEW_TERM
2019-10-18 14:59:07,533 [327657b1-60f8-49f2-b2a3-f63e1f934942@group-58A987F56150-LeaderElection473] INFO  impl.RoleInfo (RoleInfo.java:shutdownLeaderElection(134)) - 327657b1-60f8-49f2-b2a3-f63e1f934942: shutdown LeaderElection
2019-10-18 14:59:07,533 [327657b1-60f8-49f2-b2a3-f63e1f934942@group-58A987F56150-LeaderElection473] INFO  impl.RoleInfo (RoleInfo.java:updateAndGet(143)) - 327657b1-60f8-49f2-b2a3-f63e1f934942: start FollowerState
2019-10-18 14:59:07,713 [Thread-3450] INFO  impl.FollowerState (FollowerState.java:run(108)) - 327657b1-60f8-49f2-b2a3-f63e1f934942@group-58A987F56150-FollowerState: change to CANDIDATE, lastRpcTime:179ms, electionTimeout:179ms
2019-10-18 14:59:07,713 [Thread-3450] INFO  impl.RoleInfo (RoleInfo.java:shutdownFollowerState(121)) - 327657b1-60f8-49f2-b2a3-f63e1f934942: shutdown FollowerState
2019-10-18 14:59:07,713 [Thread-3450] INFO  impl.RaftServerImpl (RaftServerImpl.java:setRole(184)) - 327657b1-60f8-49f2-b2a3-f63e1f934942@group-58A987F56150: changes role from  FOLLOWER to CANDIDATE at term 542 for changeToCandidate
2019-10-18 14:59:07,713 [Thread-3450] INFO  impl.RoleInfo (RoleInfo.java:updateAndGet(143)) - 327657b1-60f8-49f2-b2a3-f63e1f934942: start LeaderElection
2019-10-18 14:59:07,736 [327657b1-60f8-49f2-b2a3-f63e1f934942@group-58A987F56150-LeaderElection474] INFO  impl.LeaderElection (LeaderElection.java:askForVotes(178)) - 327657b1-60f8-49f2-b2a3-f63e1f934942@group-58A987F56150-LeaderElection474: begin an election at term 543 for -1: [6605b8a5-570b-4977-9ee7-6aaf3012bed5:192.168.164.233:35223, 327657b1-60f8-49f2-b2a3-f63e1f934942:192.168.164.233:41966, ddd4789c-894d-475a-bbfb-f6e7aa670c92:192.168.164.233:41061], old=null
2019-10-18 14:59:07,738 [327657b1-60f8-49f2-b2a3-f63e1f934942@group-58A987F56150-LeaderElection474] INFO  impl.LeaderElection (LogUtils.java:infoOrTrace(149)) - 327657b1-60f8-49f2-b2a3-f63e1f934942@group-58A987F56150-LeaderElection474 got exception when requesting votes: {}
java.util.concurrent.ExecutionException: org.apache.ratis.thirdparty.io.grpc.StatusRuntimeException: UNAVAILABLE: io exception
	at java.util.concurrent.FutureTask.report(FutureTask.java:122)
	at java.util.concurrent.FutureTask.get(FutureTask.java:192)
	at org.apache.ratis.server.impl.LeaderElection.waitForResults(LeaderElection.java:259)
	at org.apache.ratis.server.impl.LeaderElection.askForVotes(LeaderElection.java:197)
	at org.apache.ratis.server.impl.LeaderElection.run(LeaderElection.java:133)
	at java.lang.Thread.run(Thread.java:748)
Caused by: org.apache.ratis.thirdparty.io.grpc.StatusRuntimeException: UNAVAILABLE: io exception
	at org.apache.ratis.thirdparty.io.grpc.stub.ClientCalls.toStatusRuntimeException(ClientCalls.java:233)
	at org.apache.ratis.thirdparty.io.grpc.stub.ClientCalls.getUnchecked(ClientCalls.java:214)
	at org.apache.ratis.thirdparty.io.grpc.stub.ClientCalls.blockingUnaryCall(ClientCalls.java:139)
	at org.apache.ratis.proto.grpc.RaftServerProtocolServiceGrpc$RaftServerProtocolServiceBlockingStub.requestVote(RaftServerProtocolServiceGrpc.java:265)
	at org.apache.ratis.grpc.server.GrpcServerProtocolClient.requestVote(GrpcServerProtocolClient.java:99)
	at org.apache.ratis.grpc.server.GrpcService.requestVote(GrpcService.java:204)
	at org.apache.ratis.server.impl.LeaderElection.lambda$submitRequests$1(LeaderElection.java:234)
	at java.util.concurrent.FutureTask.run(FutureTask.java:266)
	at java.util.concurrent.Executors$RunnableAdapter.call(Executors.java:511)
	at java.util.concurrent.FutureTask.run(FutureTask.java:266)
	at java.util.concurrent.ThreadPoolExecutor.runWorker(ThreadPoolExecutor.java:1149)
	at java.util.concurrent.ThreadPoolExecutor$Worker.run(ThreadPoolExecutor.java:624)
	... 1 more
Caused by: org.apache.ratis.thirdparty.io.netty.channel.AbstractChannel$AnnotatedConnectException: Connection refused: /192.168.164.233:35223
	at sun.nio.ch.SocketChannelImpl.checkConnect(Native Method)
	at sun.nio.ch.SocketChannelImpl.finishConnect(SocketChannelImpl.java:717)
	at org.apache.ratis.thirdparty.io.netty.channel.socket.nio.NioSocketChannel.doFinishConnect(NioSocketChannel.java:327)
	at org.apache.ratis.thirdparty.io.netty.channel.nio.AbstractNioChannel$AbstractNioUnsafe.finishConnect(AbstractNioChannel.java:340)
	at org.apache.ratis.thirdparty.io.netty.channel.nio.NioEventLoop.processSelectedKey(NioEventLoop.java:632)
	at org.apache.ratis.thirdparty.io.netty.channel.nio.NioEventLoop.processSelectedKeysOptimized(NioEventLoop.java:579)
	at org.apache.ratis.thirdparty.io.netty.channel.nio.NioEventLoop.processSelectedKeys(NioEventLoop.java:496)
	at org.apache.ratis.thirdparty.io.netty.channel.nio.NioEventLoop.run(NioEventLoop.java:458)
	at org.apache.ratis.thirdparty.io.netty.util.concurrent.SingleThreadEventExecutor$5.run(SingleThreadEventExecutor.java:897)
	at org.apache.ratis.thirdparty.io.netty.util.concurrent.FastThreadLocalRunnable.run(FastThreadLocalRunnable.java:30)
	... 1 more
Caused by: java.net.ConnectException: Connection refused
	... 11 more
2019-10-18 14:59:07,739 [327657b1-60f8-49f2-b2a3-f63e1f934942@group-58A987F56150-LeaderElection474] INFO  impl.LeaderElection (LogUtils.java:infoOrTrace(149)) - 327657b1-60f8-49f2-b2a3-f63e1f934942@group-58A987F56150-LeaderElection474 got exception when requesting votes: {}
java.util.concurrent.ExecutionException: org.apache.ratis.thirdparty.io.grpc.StatusRuntimeException: UNAVAILABLE: io exception
	at java.util.concurrent.FutureTask.report(FutureTask.java:122)
	at java.util.concurrent.FutureTask.get(FutureTask.java:192)
	at org.apache.ratis.server.impl.LeaderElection.waitForResults(LeaderElection.java:259)
	at org.apache.ratis.server.impl.LeaderElection.askForVotes(LeaderElection.java:197)
	at org.apache.ratis.server.impl.LeaderElection.run(LeaderElection.java:133)
	at java.lang.Thread.run(Thread.java:748)
Caused by: org.apache.ratis.thirdparty.io.grpc.StatusRuntimeException: UNAVAILABLE: io exception
	at org.apache.ratis.thirdparty.io.grpc.stub.ClientCalls.toStatusRuntimeException(ClientCalls.java:233)
	at org.apache.ratis.thirdparty.io.grpc.stub.ClientCalls.getUnchecked(ClientCalls.java:214)
	at org.apache.ratis.thirdparty.io.grpc.stub.ClientCalls.blockingUnaryCall(ClientCalls.java:139)
	at org.apache.ratis.proto.grpc.RaftServerProtocolServiceGrpc$RaftServerProtocolServiceBlockingStub.requestVote(RaftServerProtocolServiceGrpc.java:265)
	at org.apache.ratis.grpc.server.GrpcServerProtocolClient.requestVote(GrpcServerProtocolClient.java:99)
	at org.apache.ratis.grpc.server.GrpcService.requestVote(GrpcService.java:204)
	at org.apache.ratis.server.impl.LeaderElection.lambda$submitRequests$1(LeaderElection.java:234)
	at java.util.concurrent.FutureTask.run(FutureTask.java:266)
	at java.util.concurrent.Executors$RunnableAdapter.call(Executors.java:511)
	at java.util.concurrent.FutureTask.run(FutureTask.java:266)
	at java.util.concurrent.ThreadPoolExecutor.runWorker(ThreadPoolExecutor.java:1149)
	at java.util.concurrent.ThreadPoolExecutor$Worker.run(ThreadPoolExecutor.java:624)
	... 1 more
Caused by: org.apache.ratis.thirdparty.io.netty.channel.AbstractChannel$AnnotatedConnectException: Connection refused: /192.168.164.233:41061
	at sun.nio.ch.SocketChannelImpl.checkConnect(Native Method)
	at sun.nio.ch.SocketChannelImpl.finishConnect(SocketChannelImpl.java:717)
	at org.apache.ratis.thirdparty.io.netty.channel.socket.nio.NioSocketChannel.doFinishConnect(NioSocketChannel.java:327)
	at org.apache.ratis.thirdparty.io.netty.channel.nio.AbstractNioChannel$AbstractNioUnsafe.finishConnect(AbstractNioChannel.java:340)
	at org.apache.ratis.thirdparty.io.netty.channel.nio.NioEventLoop.processSelectedKey(NioEventLoop.java:632)
	at org.apache.ratis.thirdparty.io.netty.channel.nio.NioEventLoop.processSelectedKeysOptimized(NioEventLoop.java:579)
	at org.apache.ratis.thirdparty.io.netty.channel.nio.NioEventLoop.processSelectedKeys(NioEventLoop.java:496)
	at org.apache.ratis.thirdparty.io.netty.channel.nio.NioEventLoop.run(NioEventLoop.java:458)
	at org.apache.ratis.thirdparty.io.netty.util.concurrent.SingleThreadEventExecutor$5.run(SingleThreadEventExecutor.java:897)
	at org.apache.ratis.thirdparty.io.netty.util.concurrent.FastThreadLocalRunnable.run(FastThreadLocalRunnable.java:30)
	... 1 more
Caused by: java.net.ConnectException: Connection refused
	... 11 more
2019-10-18 14:59:07,739 [327657b1-60f8-49f2-b2a3-f63e1f934942@group-58A987F56150-LeaderElection474] INFO  impl.LeaderElection (LeaderElection.java:logAndReturn(56)) - 327657b1-60f8-49f2-b2a3-f63e1f934942@group-58A987F56150-LeaderElection474: Election REJECTED; received 0 response(s) [] and 2 exception(s); 327657b1-60f8-49f2-b2a3-f63e1f934942@group-58A987F56150:t543, leader=null, voted=327657b1-60f8-49f2-b2a3-f63e1f934942, raftlog=327657b1-60f8-49f2-b2a3-f63e1f934942@group-58A987F56150-SegmentedRaftLog:OPENED:c-1,f-1,i0, conf=-1: [6605b8a5-570b-4977-9ee7-6aaf3012bed5:192.168.164.233:35223, 327657b1-60f8-49f2-b2a3-f63e1f934942:192.168.164.233:41966, ddd4789c-894d-475a-bbfb-f6e7aa670c92:192.168.164.233:41061], old=null
2019-10-18 14:59:07,739 [327657b1-60f8-49f2-b2a3-f63e1f934942@group-58A987F56150-LeaderElection474] INFO  impl.LeaderElection (LogUtils.java:infoOrTrace(149)) -   Exception 0: {}
java.util.concurrent.ExecutionException: org.apache.ratis.thirdparty.io.grpc.StatusRuntimeException: UNAVAILABLE: io exception
	at java.util.concurrent.FutureTask.report(FutureTask.java:122)
	at java.util.concurrent.FutureTask.get(FutureTask.java:192)
	at org.apache.ratis.server.impl.LeaderElection.waitForResults(LeaderElection.java:259)
	at org.apache.ratis.server.impl.LeaderElection.askForVotes(LeaderElection.java:197)
	at org.apache.ratis.server.impl.LeaderElection.run(LeaderElection.java:133)
	at java.lang.Thread.run(Thread.java:748)
Caused by: org.apache.ratis.thirdparty.io.grpc.StatusRuntimeException: UNAVAILABLE: io exception
	at org.apache.ratis.thirdparty.io.grpc.stub.ClientCalls.toStatusRuntimeException(ClientCalls.java:233)
	at org.apache.ratis.thirdparty.io.grpc.stub.ClientCalls.getUnchecked(ClientCalls.java:214)
	at org.apache.ratis.thirdparty.io.grpc.stub.ClientCalls.blockingUnaryCall(ClientCalls.java:139)
	at org.apache.ratis.proto.grpc.RaftServerProtocolServiceGrpc$RaftServerProtocolServiceBlockingStub.requestVote(RaftServerProtocolServiceGrpc.java:265)
	at org.apache.ratis.grpc.server.GrpcServerProtocolClient.requestVote(GrpcServerProtocolClient.java:99)
	at org.apache.ratis.grpc.server.GrpcService.requestVote(GrpcService.java:204)
	at org.apache.ratis.server.impl.LeaderElection.lambda$submitRequests$1(LeaderElection.java:234)
	at java.util.concurrent.FutureTask.run(FutureTask.java:266)
	at java.util.concurrent.Executors$RunnableAdapter.call(Executors.java:511)
	at java.util.concurrent.FutureTask.run(FutureTask.java:266)
	at java.util.concurrent.ThreadPoolExecutor.runWorker(ThreadPoolExecutor.java:1149)
	at java.util.concurrent.ThreadPoolExecutor$Worker.run(ThreadPoolExecutor.java:624)
	... 1 more
Caused by: org.apache.ratis.thirdparty.io.netty.channel.AbstractChannel$AnnotatedConnectException: Connection refused: /192.168.164.233:35223
	at sun.nio.ch.SocketChannelImpl.checkConnect(Native Method)
	at sun.nio.ch.SocketChannelImpl.finishConnect(SocketChannelImpl.java:717)
	at org.apache.ratis.thirdparty.io.netty.channel.socket.nio.NioSocketChannel.doFinishConnect(NioSocketChannel.java:327)
	at org.apache.ratis.thirdparty.io.netty.channel.nio.AbstractNioChannel$AbstractNioUnsafe.finishConnect(AbstractNioChannel.java:340)
	at org.apache.ratis.thirdparty.io.netty.channel.nio.NioEventLoop.processSelectedKey(NioEventLoop.java:632)
	at org.apache.ratis.thirdparty.io.netty.channel.nio.NioEventLoop.processSelectedKeysOptimized(NioEventLoop.java:579)
	at org.apache.ratis.thirdparty.io.netty.channel.nio.NioEventLoop.processSelectedKeys(NioEventLoop.java:496)
	at org.apache.ratis.thirdparty.io.netty.channel.nio.NioEventLoop.run(NioEventLoop.java:458)
	at org.apache.ratis.thirdparty.io.netty.util.concurrent.SingleThreadEventExecutor$5.run(SingleThreadEventExecutor.java:897)
	at org.apache.ratis.thirdparty.io.netty.util.concurrent.FastThreadLocalRunnable.run(FastThreadLocalRunnable.java:30)
	... 1 more
Caused by: java.net.ConnectException: Connection refused
	... 11 more
2019-10-18 14:59:07,740 [327657b1-60f8-49f2-b2a3-f63e1f934942@group-58A987F56150-LeaderElection474] INFO  impl.LeaderElection (LogUtils.java:infoOrTrace(149)) -   Exception 1: {}
java.util.concurrent.ExecutionException: org.apache.ratis.thirdparty.io.grpc.StatusRuntimeException: UNAVAILABLE: io exception
	at java.util.concurrent.FutureTask.report(FutureTask.java:122)
	at java.util.concurrent.FutureTask.get(FutureTask.java:192)
	at org.apache.ratis.server.impl.LeaderElection.waitForResults(LeaderElection.java:259)
	at org.apache.ratis.server.impl.LeaderElection.askForVotes(LeaderElection.java:197)
	at org.apache.ratis.server.impl.LeaderElection.run(LeaderElection.java:133)
	at java.lang.Thread.run(Thread.java:748)
Caused by: org.apache.ratis.thirdparty.io.grpc.StatusRuntimeException: UNAVAILABLE: io exception
	at org.apache.ratis.thirdparty.io.grpc.stub.ClientCalls.toStatusRuntimeException(ClientCalls.java:233)
	at org.apache.ratis.thirdparty.io.grpc.stub.ClientCalls.getUnchecked(ClientCalls.java:214)
	at org.apache.ratis.thirdparty.io.grpc.stub.ClientCalls.blockingUnaryCall(ClientCalls.java:139)
	at org.apache.ratis.proto.grpc.RaftServerProtocolServiceGrpc$RaftServerProtocolServiceBlockingStub.requestVote(RaftServerProtocolServiceGrpc.java:265)
	at org.apache.ratis.grpc.server.GrpcServerProtocolClient.requestVote(GrpcServerProtocolClient.java:99)
	at org.apache.ratis.grpc.server.GrpcService.requestVote(GrpcService.java:204)
	at org.apache.ratis.server.impl.LeaderElection.lambda$submitRequests$1(LeaderElection.java:234)
	at java.util.concurrent.FutureTask.run(FutureTask.java:266)
	at java.util.concurrent.Executors$RunnableAdapter.call(Executors.java:511)
	at java.util.concurrent.FutureTask.run(FutureTask.java:266)
	at java.util.concurrent.ThreadPoolExecutor.runWorker(ThreadPoolExecutor.java:1149)
	at java.util.concurrent.ThreadPoolExecutor$Worker.run(ThreadPoolExecutor.java:624)
	... 1 more
Caused by: org.apache.ratis.thirdparty.io.netty.channel.AbstractChannel$AnnotatedConnectException: Connection refused: /192.168.164.233:41061
	at sun.nio.ch.SocketChannelImpl.checkConnect(Native Method)
	at sun.nio.ch.SocketChannelImpl.finishConnect(SocketChannelImpl.java:717)
	at org.apache.ratis.thirdparty.io.netty.channel.socket.nio.NioSocketChannel.doFinishConnect(NioSocketChannel.java:327)
	at org.apache.ratis.thirdparty.io.netty.channel.nio.AbstractNioChannel$AbstractNioUnsafe.finishConnect(AbstractNioChannel.java:340)
	at org.apache.ratis.thirdparty.io.netty.channel.nio.NioEventLoop.processSelectedKey(NioEventLoop.java:632)
	at org.apache.ratis.thirdparty.io.netty.channel.nio.NioEventLoop.processSelectedKeysOptimized(NioEventLoop.java:579)
	at org.apache.ratis.thirdparty.io.netty.channel.nio.NioEventLoop.processSelectedKeys(NioEventLoop.java:496)
	at org.apache.ratis.thirdparty.io.netty.channel.nio.NioEventLoop.run(NioEventLoop.java:458)
	at org.apache.ratis.thirdparty.io.netty.util.concurrent.SingleThreadEventExecutor$5.run(SingleThreadEventExecutor.java:897)
	at org.apache.ratis.thirdparty.io.netty.util.concurrent.FastThreadLocalRunnable.run(FastThreadLocalRunnable.java:30)
	... 1 more
Caused by: java.net.ConnectException: Connection refused
	... 11 more
2019-10-18 14:59:07,740 [327657b1-60f8-49f2-b2a3-f63e1f934942@group-58A987F56150-LeaderElection474] INFO  impl.RaftServerImpl (RaftServerImpl.java:setRole(184)) - 327657b1-60f8-49f2-b2a3-f63e1f934942@group-58A987F56150: changes role from CANDIDATE to FOLLOWER at term 543 for DISCOVERED_A_NEW_TERM
2019-10-18 14:59:07,740 [327657b1-60f8-49f2-b2a3-f63e1f934942@group-58A987F56150-LeaderElection474] INFO  impl.RoleInfo (RoleInfo.java:shutdownLeaderElection(134)) - 327657b1-60f8-49f2-b2a3-f63e1f934942: shutdown LeaderElection
2019-10-18 14:59:07,740 [327657b1-60f8-49f2-b2a3-f63e1f934942@group-58A987F56150-LeaderElection474] INFO  impl.RoleInfo (RoleInfo.java:updateAndGet(143)) - 327657b1-60f8-49f2-b2a3-f63e1f934942: start FollowerState
2019-10-18 14:59:07,766 [Thread-3454] INFO  impl.FollowerState (FollowerState.java:run(108)) - 327657b1-60f8-49f2-b2a3-f63e1f934942@group-58A987F56150-FollowerState: change to CANDIDATE, lastRpcTime:25ms, electionTimeout:25ms
2019-10-18 14:59:07,766 [Thread-3454] INFO  impl.RoleInfo (RoleInfo.java:shutdownFollowerState(121)) - 327657b1-60f8-49f2-b2a3-f63e1f934942: shutdown FollowerState
2019-10-18 14:59:07,766 [Thread-3454] INFO  impl.RaftServerImpl (RaftServerImpl.java:setRole(184)) - 327657b1-60f8-49f2-b2a3-f63e1f934942@group-58A987F56150: changes role from  FOLLOWER to CANDIDATE at term 543 for changeToCandidate
2019-10-18 14:59:07,766 [Thread-3454] INFO  impl.RoleInfo (RoleInfo.java:updateAndGet(143)) - 327657b1-60f8-49f2-b2a3-f63e1f934942: start LeaderElection
2019-10-18 14:59:07,779 [327657b1-60f8-49f2-b2a3-f63e1f934942@group-58A987F56150-LeaderElection475] INFO  impl.LeaderElection (LeaderElection.java:askForVotes(178)) - 327657b1-60f8-49f2-b2a3-f63e1f934942@group-58A987F56150-LeaderElection475: begin an election at term 544 for -1: [6605b8a5-570b-4977-9ee7-6aaf3012bed5:192.168.164.233:35223, 327657b1-60f8-49f2-b2a3-f63e1f934942:192.168.164.233:41966, ddd4789c-894d-475a-bbfb-f6e7aa670c92:192.168.164.233:41061], old=null
2019-10-18 14:59:07,780 [327657b1-60f8-49f2-b2a3-f63e1f934942@group-58A987F56150-LeaderElection475] INFO  impl.LeaderElection (LogUtils.java:infoOrTrace(149)) - 327657b1-60f8-49f2-b2a3-f63e1f934942@group-58A987F56150-LeaderElection475 got exception when requesting votes: {}
java.util.concurrent.ExecutionException: org.apache.ratis.thirdparty.io.grpc.StatusRuntimeException: UNAVAILABLE: io exception
	at java.util.concurrent.FutureTask.report(FutureTask.java:122)
	at java.util.concurrent.FutureTask.get(FutureTask.java:192)
	at org.apache.ratis.server.impl.LeaderElection.waitForResults(LeaderElection.java:259)
	at org.apache.ratis.server.impl.LeaderElection.askForVotes(LeaderElection.java:197)
	at org.apache.ratis.server.impl.LeaderElection.run(LeaderElection.java:133)
	at java.lang.Thread.run(Thread.java:748)
Caused by: org.apache.ratis.thirdparty.io.grpc.StatusRuntimeException: UNAVAILABLE: io exception
	at org.apache.ratis.thirdparty.io.grpc.stub.ClientCalls.toStatusRuntimeException(ClientCalls.java:233)
	at org.apache.ratis.thirdparty.io.grpc.stub.ClientCalls.getUnchecked(ClientCalls.java:214)
	at org.apache.ratis.thirdparty.io.grpc.stub.ClientCalls.blockingUnaryCall(ClientCalls.java:139)
	at org.apache.ratis.proto.grpc.RaftServerProtocolServiceGrpc$RaftServerProtocolServiceBlockingStub.requestVote(RaftServerProtocolServiceGrpc.java:265)
	at org.apache.ratis.grpc.server.GrpcServerProtocolClient.requestVote(GrpcServerProtocolClient.java:99)
	at org.apache.ratis.grpc.server.GrpcService.requestVote(GrpcService.java:204)
	at org.apache.ratis.server.impl.LeaderElection.lambda$submitRequests$1(LeaderElection.java:234)
	at java.util.concurrent.FutureTask.run(FutureTask.java:266)
	at java.util.concurrent.Executors$RunnableAdapter.call(Executors.java:511)
	at java.util.concurrent.FutureTask.run(FutureTask.java:266)
	at java.util.concurrent.ThreadPoolExecutor.runWorker(ThreadPoolExecutor.java:1149)
	at java.util.concurrent.ThreadPoolExecutor$Worker.run(ThreadPoolExecutor.java:624)
	... 1 more
Caused by: org.apache.ratis.thirdparty.io.netty.channel.AbstractChannel$AnnotatedConnectException: Connection refused: /192.168.164.233:35223
	at sun.nio.ch.SocketChannelImpl.checkConnect(Native Method)
	at sun.nio.ch.SocketChannelImpl.finishConnect(SocketChannelImpl.java:717)
	at org.apache.ratis.thirdparty.io.netty.channel.socket.nio.NioSocketChannel.doFinishConnect(NioSocketChannel.java:327)
	at org.apache.ratis.thirdparty.io.netty.channel.nio.AbstractNioChannel$AbstractNioUnsafe.finishConnect(AbstractNioChannel.java:340)
	at org.apache.ratis.thirdparty.io.netty.channel.nio.NioEventLoop.processSelectedKey(NioEventLoop.java:632)
	at org.apache.ratis.thirdparty.io.netty.channel.nio.NioEventLoop.processSelectedKeysOptimized(NioEventLoop.java:579)
	at org.apache.ratis.thirdparty.io.netty.channel.nio.NioEventLoop.processSelectedKeys(NioEventLoop.java:496)
	at org.apache.ratis.thirdparty.io.netty.channel.nio.NioEventLoop.run(NioEventLoop.java:458)
	at org.apache.ratis.thirdparty.io.netty.util.concurrent.SingleThreadEventExecutor$5.run(SingleThreadEventExecutor.java:897)
	at org.apache.ratis.thirdparty.io.netty.util.concurrent.FastThreadLocalRunnable.run(FastThreadLocalRunnable.java:30)
	... 1 more
Caused by: java.net.ConnectException: Connection refused
	... 11 more
2019-10-18 14:59:07,780 [327657b1-60f8-49f2-b2a3-f63e1f934942@group-58A987F56150-LeaderElection475] INFO  impl.LeaderElection (LogUtils.java:infoOrTrace(149)) - 327657b1-60f8-49f2-b2a3-f63e1f934942@group-58A987F56150-LeaderElection475 got exception when requesting votes: {}
java.util.concurrent.ExecutionException: org.apache.ratis.thirdparty.io.grpc.StatusRuntimeException: UNAVAILABLE: io exception
	at java.util.concurrent.FutureTask.report(FutureTask.java:122)
	at java.util.concurrent.FutureTask.get(FutureTask.java:192)
	at org.apache.ratis.server.impl.LeaderElection.waitForResults(LeaderElection.java:259)
	at org.apache.ratis.server.impl.LeaderElection.askForVotes(LeaderElection.java:197)
	at org.apache.ratis.server.impl.LeaderElection.run(LeaderElection.java:133)
	at java.lang.Thread.run(Thread.java:748)
Caused by: org.apache.ratis.thirdparty.io.grpc.StatusRuntimeException: UNAVAILABLE: io exception
	at org.apache.ratis.thirdparty.io.grpc.stub.ClientCalls.toStatusRuntimeException(ClientCalls.java:233)
	at org.apache.ratis.thirdparty.io.grpc.stub.ClientCalls.getUnchecked(ClientCalls.java:214)
	at org.apache.ratis.thirdparty.io.grpc.stub.ClientCalls.blockingUnaryCall(ClientCalls.java:139)
	at org.apache.ratis.proto.grpc.RaftServerProtocolServiceGrpc$RaftServerProtocolServiceBlockingStub.requestVote(RaftServerProtocolServiceGrpc.java:265)
	at org.apache.ratis.grpc.server.GrpcServerProtocolClient.requestVote(GrpcServerProtocolClient.java:99)
	at org.apache.ratis.grpc.server.GrpcService.requestVote(GrpcService.java:204)
	at org.apache.ratis.server.impl.LeaderElection.lambda$submitRequests$1(LeaderElection.java:234)
	at java.util.concurrent.FutureTask.run(FutureTask.java:266)
	at java.util.concurrent.Executors$RunnableAdapter.call(Executors.java:511)
	at java.util.concurrent.FutureTask.run(FutureTask.java:266)
	at java.util.concurrent.ThreadPoolExecutor.runWorker(ThreadPoolExecutor.java:1149)
	at java.util.concurrent.ThreadPoolExecutor$Worker.run(ThreadPoolExecutor.java:624)
	... 1 more
Caused by: org.apache.ratis.thirdparty.io.netty.channel.AbstractChannel$AnnotatedConnectException: Connection refused: /192.168.164.233:41061
	at sun.nio.ch.SocketChannelImpl.checkConnect(Native Method)
	at sun.nio.ch.SocketChannelImpl.finishConnect(SocketChannelImpl.java:717)
	at org.apache.ratis.thirdparty.io.netty.channel.socket.nio.NioSocketChannel.doFinishConnect(NioSocketChannel.java:327)
	at org.apache.ratis.thirdparty.io.netty.channel.nio.AbstractNioChannel$AbstractNioUnsafe.finishConnect(AbstractNioChannel.java:340)
	at org.apache.ratis.thirdparty.io.netty.channel.nio.NioEventLoop.processSelectedKey(NioEventLoop.java:632)
	at org.apache.ratis.thirdparty.io.netty.channel.nio.NioEventLoop.processSelectedKeysOptimized(NioEventLoop.java:579)
	at org.apache.ratis.thirdparty.io.netty.channel.nio.NioEventLoop.processSelectedKeys(NioEventLoop.java:496)
	at org.apache.ratis.thirdparty.io.netty.channel.nio.NioEventLoop.run(NioEventLoop.java:458)
	at org.apache.ratis.thirdparty.io.netty.util.concurrent.SingleThreadEventExecutor$5.run(SingleThreadEventExecutor.java:897)
	at org.apache.ratis.thirdparty.io.netty.util.concurrent.FastThreadLocalRunnable.run(FastThreadLocalRunnable.java:30)
	... 1 more
Caused by: java.net.ConnectException: Connection refused
	... 11 more
2019-10-18 14:59:07,781 [327657b1-60f8-49f2-b2a3-f63e1f934942@group-58A987F56150-LeaderElection475] INFO  impl.LeaderElection (LeaderElection.java:logAndReturn(56)) - 327657b1-60f8-49f2-b2a3-f63e1f934942@group-58A987F56150-LeaderElection475: Election REJECTED; received 0 response(s) [] and 2 exception(s); 327657b1-60f8-49f2-b2a3-f63e1f934942@group-58A987F56150:t544, leader=null, voted=327657b1-60f8-49f2-b2a3-f63e1f934942, raftlog=327657b1-60f8-49f2-b2a3-f63e1f934942@group-58A987F56150-SegmentedRaftLog:OPENED:c-1,f-1,i0, conf=-1: [6605b8a5-570b-4977-9ee7-6aaf3012bed5:192.168.164.233:35223, 327657b1-60f8-49f2-b2a3-f63e1f934942:192.168.164.233:41966, ddd4789c-894d-475a-bbfb-f6e7aa670c92:192.168.164.233:41061], old=null
2019-10-18 14:59:07,781 [327657b1-60f8-49f2-b2a3-f63e1f934942@group-58A987F56150-LeaderElection475] INFO  impl.LeaderElection (LogUtils.java:infoOrTrace(149)) -   Exception 0: {}
java.util.concurrent.ExecutionException: org.apache.ratis.thirdparty.io.grpc.StatusRuntimeException: UNAVAILABLE: io exception
	at java.util.concurrent.FutureTask.report(FutureTask.java:122)
	at java.util.concurrent.FutureTask.get(FutureTask.java:192)
	at org.apache.ratis.server.impl.LeaderElection.waitForResults(LeaderElection.java:259)
	at org.apache.ratis.server.impl.LeaderElection.askForVotes(LeaderElection.java:197)
	at org.apache.ratis.server.impl.LeaderElection.run(LeaderElection.java:133)
	at java.lang.Thread.run(Thread.java:748)
Caused by: org.apache.ratis.thirdparty.io.grpc.StatusRuntimeException: UNAVAILABLE: io exception
	at org.apache.ratis.thirdparty.io.grpc.stub.ClientCalls.toStatusRuntimeException(ClientCalls.java:233)
	at org.apache.ratis.thirdparty.io.grpc.stub.ClientCalls.getUnchecked(ClientCalls.java:214)
	at org.apache.ratis.thirdparty.io.grpc.stub.ClientCalls.blockingUnaryCall(ClientCalls.java:139)
	at org.apache.ratis.proto.grpc.RaftServerProtocolServiceGrpc$RaftServerProtocolServiceBlockingStub.requestVote(RaftServerProtocolServiceGrpc.java:265)
	at org.apache.ratis.grpc.server.GrpcServerProtocolClient.requestVote(GrpcServerProtocolClient.java:99)
	at org.apache.ratis.grpc.server.GrpcService.requestVote(GrpcService.java:204)
	at org.apache.ratis.server.impl.LeaderElection.lambda$submitRequests$1(LeaderElection.java:234)
	at java.util.concurrent.FutureTask.run(FutureTask.java:266)
	at java.util.concurrent.Executors$RunnableAdapter.call(Executors.java:511)
	at java.util.concurrent.FutureTask.run(FutureTask.java:266)
	at java.util.concurrent.ThreadPoolExecutor.runWorker(ThreadPoolExecutor.java:1149)
	at java.util.concurrent.ThreadPoolExecutor$Worker.run(ThreadPoolExecutor.java:624)
	... 1 more
Caused by: org.apache.ratis.thirdparty.io.netty.channel.AbstractChannel$AnnotatedConnectException: Connection refused: /192.168.164.233:35223
	at sun.nio.ch.SocketChannelImpl.checkConnect(Native Method)
	at sun.nio.ch.SocketChannelImpl.finishConnect(SocketChannelImpl.java:717)
	at org.apache.ratis.thirdparty.io.netty.channel.socket.nio.NioSocketChannel.doFinishConnect(NioSocketChannel.java:327)
	at org.apache.ratis.thirdparty.io.netty.channel.nio.AbstractNioChannel$AbstractNioUnsafe.finishConnect(AbstractNioChannel.java:340)
	at org.apache.ratis.thirdparty.io.netty.channel.nio.NioEventLoop.processSelectedKey(NioEventLoop.java:632)
	at org.apache.ratis.thirdparty.io.netty.channel.nio.NioEventLoop.processSelectedKeysOptimized(NioEventLoop.java:579)
	at org.apache.ratis.thirdparty.io.netty.channel.nio.NioEventLoop.processSelectedKeys(NioEventLoop.java:496)
	at org.apache.ratis.thirdparty.io.netty.channel.nio.NioEventLoop.run(NioEventLoop.java:458)
	at org.apache.ratis.thirdparty.io.netty.util.concurrent.SingleThreadEventExecutor$5.run(SingleThreadEventExecutor.java:897)
	at org.apache.ratis.thirdparty.io.netty.util.concurrent.FastThreadLocalRunnable.run(FastThreadLocalRunnable.java:30)
	... 1 more
Caused by: java.net.ConnectException: Connection refused
	... 11 more
2019-10-18 14:59:07,781 [327657b1-60f8-49f2-b2a3-f63e1f934942@group-58A987F56150-LeaderElection475] INFO  impl.LeaderElection (LogUtils.java:infoOrTrace(149)) -   Exception 1: {}
java.util.concurrent.ExecutionException: org.apache.ratis.thirdparty.io.grpc.StatusRuntimeException: UNAVAILABLE: io exception
	at java.util.concurrent.FutureTask.report(FutureTask.java:122)
	at java.util.concurrent.FutureTask.get(FutureTask.java:192)
	at org.apache.ratis.server.impl.LeaderElection.waitForResults(LeaderElection.java:259)
	at org.apache.ratis.server.impl.LeaderElection.askForVotes(LeaderElection.java:197)
	at org.apache.ratis.server.impl.LeaderElection.run(LeaderElection.java:133)
	at java.lang.Thread.run(Thread.java:748)
Caused by: org.apache.ratis.thirdparty.io.grpc.StatusRuntimeException: UNAVAILABLE: io exception
	at org.apache.ratis.thirdparty.io.grpc.stub.ClientCalls.toStatusRuntimeException(ClientCalls.java:233)
	at org.apache.ratis.thirdparty.io.grpc.stub.ClientCalls.getUnchecked(ClientCalls.java:214)
	at org.apache.ratis.thirdparty.io.grpc.stub.ClientCalls.blockingUnaryCall(ClientCalls.java:139)
	at org.apache.ratis.proto.grpc.RaftServerProtocolServiceGrpc$RaftServerProtocolServiceBlockingStub.requestVote(RaftServerProtocolServiceGrpc.java:265)
	at org.apache.ratis.grpc.server.GrpcServerProtocolClient.requestVote(GrpcServerProtocolClient.java:99)
	at org.apache.ratis.grpc.server.GrpcService.requestVote(GrpcService.java:204)
	at org.apache.ratis.server.impl.LeaderElection.lambda$submitRequests$1(LeaderElection.java:234)
	at java.util.concurrent.FutureTask.run(FutureTask.java:266)
	at java.util.concurrent.Executors$RunnableAdapter.call(Executors.java:511)
	at java.util.concurrent.FutureTask.run(FutureTask.java:266)
	at java.util.concurrent.ThreadPoolExecutor.runWorker(ThreadPoolExecutor.java:1149)
	at java.util.concurrent.ThreadPoolExecutor$Worker.run(ThreadPoolExecutor.java:624)
	... 1 more
Caused by: org.apache.ratis.thirdparty.io.netty.channel.AbstractChannel$AnnotatedConnectException: Connection refused: /192.168.164.233:41061
	at sun.nio.ch.SocketChannelImpl.checkConnect(Native Method)
	at sun.nio.ch.SocketChannelImpl.finishConnect(SocketChannelImpl.java:717)
	at org.apache.ratis.thirdparty.io.netty.channel.socket.nio.NioSocketChannel.doFinishConnect(NioSocketChannel.java:327)
	at org.apache.ratis.thirdparty.io.netty.channel.nio.AbstractNioChannel$AbstractNioUnsafe.finishConnect(AbstractNioChannel.java:340)
	at org.apache.ratis.thirdparty.io.netty.channel.nio.NioEventLoop.processSelectedKey(NioEventLoop.java:632)
	at org.apache.ratis.thirdparty.io.netty.channel.nio.NioEventLoop.processSelectedKeysOptimized(NioEventLoop.java:579)
	at org.apache.ratis.thirdparty.io.netty.channel.nio.NioEventLoop.processSelectedKeys(NioEventLoop.java:496)
	at org.apache.ratis.thirdparty.io.netty.channel.nio.NioEventLoop.run(NioEventLoop.java:458)
	at org.apache.ratis.thirdparty.io.netty.util.concurrent.SingleThreadEventExecutor$5.run(SingleThreadEventExecutor.java:897)
	at org.apache.ratis.thirdparty.io.netty.util.concurrent.FastThreadLocalRunnable.run(FastThreadLocalRunnable.java:30)
	... 1 more
Caused by: java.net.ConnectException: Connection refused
	... 11 more
2019-10-18 14:59:07,782 [327657b1-60f8-49f2-b2a3-f63e1f934942@group-58A987F56150-LeaderElection475] INFO  impl.RaftServerImpl (RaftServerImpl.java:setRole(184)) - 327657b1-60f8-49f2-b2a3-f63e1f934942@group-58A987F56150: changes role from CANDIDATE to FOLLOWER at term 544 for DISCOVERED_A_NEW_TERM
2019-10-18 14:59:07,782 [327657b1-60f8-49f2-b2a3-f63e1f934942@group-58A987F56150-LeaderElection475] INFO  impl.RoleInfo (RoleInfo.java:shutdownLeaderElection(134)) - 327657b1-60f8-49f2-b2a3-f63e1f934942: shutdown LeaderElection
2019-10-18 14:59:07,782 [327657b1-60f8-49f2-b2a3-f63e1f934942@group-58A987F56150-LeaderElection475] INFO  impl.RoleInfo (RoleInfo.java:updateAndGet(143)) - 327657b1-60f8-49f2-b2a3-f63e1f934942: start FollowerState
2019-10-18 14:59:07,961 [Thread-3458] INFO  impl.FollowerState (FollowerState.java:run(108)) - 327657b1-60f8-49f2-b2a3-f63e1f934942@group-58A987F56150-FollowerState: change to CANDIDATE, lastRpcTime:179ms, electionTimeout:179ms
2019-10-18 14:59:07,961 [Thread-3458] INFO  impl.RoleInfo (RoleInfo.java:shutdownFollowerState(121)) - 327657b1-60f8-49f2-b2a3-f63e1f934942: shutdown FollowerState
2019-10-18 14:59:07,962 [Thread-3458] INFO  impl.RaftServerImpl (RaftServerImpl.java:setRole(184)) - 327657b1-60f8-49f2-b2a3-f63e1f934942@group-58A987F56150: changes role from  FOLLOWER to CANDIDATE at term 544 for changeToCandidate
2019-10-18 14:59:07,962 [Thread-3458] INFO  impl.RoleInfo (RoleInfo.java:updateAndGet(143)) - 327657b1-60f8-49f2-b2a3-f63e1f934942: start LeaderElection
2019-10-18 14:59:07,985 [327657b1-60f8-49f2-b2a3-f63e1f934942@group-58A987F56150-LeaderElection476] INFO  impl.LeaderElection (LeaderElection.java:askForVotes(178)) - 327657b1-60f8-49f2-b2a3-f63e1f934942@group-58A987F56150-LeaderElection476: begin an election at term 545 for -1: [6605b8a5-570b-4977-9ee7-6aaf3012bed5:192.168.164.233:35223, 327657b1-60f8-49f2-b2a3-f63e1f934942:192.168.164.233:41966, ddd4789c-894d-475a-bbfb-f6e7aa670c92:192.168.164.233:41061], old=null
2019-10-18 14:59:07,986 [327657b1-60f8-49f2-b2a3-f63e1f934942@group-58A987F56150-LeaderElection476] INFO  impl.LeaderElection (LogUtils.java:infoOrTrace(149)) - 327657b1-60f8-49f2-b2a3-f63e1f934942@group-58A987F56150-LeaderElection476 got exception when requesting votes: {}
java.util.concurrent.ExecutionException: org.apache.ratis.thirdparty.io.grpc.StatusRuntimeException: UNAVAILABLE: io exception
	at java.util.concurrent.FutureTask.report(FutureTask.java:122)
	at java.util.concurrent.FutureTask.get(FutureTask.java:192)
	at org.apache.ratis.server.impl.LeaderElection.waitForResults(LeaderElection.java:259)
	at org.apache.ratis.server.impl.LeaderElection.askForVotes(LeaderElection.java:197)
	at org.apache.ratis.server.impl.LeaderElection.run(LeaderElection.java:133)
	at java.lang.Thread.run(Thread.java:748)
Caused by: org.apache.ratis.thirdparty.io.grpc.StatusRuntimeException: UNAVAILABLE: io exception
	at org.apache.ratis.thirdparty.io.grpc.stub.ClientCalls.toStatusRuntimeException(ClientCalls.java:233)
	at org.apache.ratis.thirdparty.io.grpc.stub.ClientCalls.getUnchecked(ClientCalls.java:214)
	at org.apache.ratis.thirdparty.io.grpc.stub.ClientCalls.blockingUnaryCall(ClientCalls.java:139)
	at org.apache.ratis.proto.grpc.RaftServerProtocolServiceGrpc$RaftServerProtocolServiceBlockingStub.requestVote(RaftServerProtocolServiceGrpc.java:265)
	at org.apache.ratis.grpc.server.GrpcServerProtocolClient.requestVote(GrpcServerProtocolClient.java:99)
	at org.apache.ratis.grpc.server.GrpcService.requestVote(GrpcService.java:204)
	at org.apache.ratis.server.impl.LeaderElection.lambda$submitRequests$1(LeaderElection.java:234)
	at java.util.concurrent.FutureTask.run(FutureTask.java:266)
	at java.util.concurrent.Executors$RunnableAdapter.call(Executors.java:511)
	at java.util.concurrent.FutureTask.run(FutureTask.java:266)
	at java.util.concurrent.ThreadPoolExecutor.runWorker(ThreadPoolExecutor.java:1149)
	at java.util.concurrent.ThreadPoolExecutor$Worker.run(ThreadPoolExecutor.java:624)
	... 1 more
Caused by: org.apache.ratis.thirdparty.io.netty.channel.AbstractChannel$AnnotatedConnectException: Connection refused: /192.168.164.233:41061
	at sun.nio.ch.SocketChannelImpl.checkConnect(Native Method)
	at sun.nio.ch.SocketChannelImpl.finishConnect(SocketChannelImpl.java:717)
	at org.apache.ratis.thirdparty.io.netty.channel.socket.nio.NioSocketChannel.doFinishConnect(NioSocketChannel.java:327)
	at org.apache.ratis.thirdparty.io.netty.channel.nio.AbstractNioChannel$AbstractNioUnsafe.finishConnect(AbstractNioChannel.java:340)
	at org.apache.ratis.thirdparty.io.netty.channel.nio.NioEventLoop.processSelectedKey(NioEventLoop.java:632)
	at org.apache.ratis.thirdparty.io.netty.channel.nio.NioEventLoop.processSelectedKeysOptimized(NioEventLoop.java:579)
	at org.apache.ratis.thirdparty.io.netty.channel.nio.NioEventLoop.processSelectedKeys(NioEventLoop.java:496)
	at org.apache.ratis.thirdparty.io.netty.channel.nio.NioEventLoop.run(NioEventLoop.java:458)
	at org.apache.ratis.thirdparty.io.netty.util.concurrent.SingleThreadEventExecutor$5.run(SingleThreadEventExecutor.java:897)
	at org.apache.ratis.thirdparty.io.netty.util.concurrent.FastThreadLocalRunnable.run(FastThreadLocalRunnable.java:30)
	... 1 more
Caused by: java.net.ConnectException: Connection refused
	... 11 more
2019-10-18 14:59:07,987 [327657b1-60f8-49f2-b2a3-f63e1f934942@group-58A987F56150-LeaderElection476] INFO  impl.LeaderElection (LogUtils.java:infoOrTrace(149)) - 327657b1-60f8-49f2-b2a3-f63e1f934942@group-58A987F56150-LeaderElection476 got exception when requesting votes: {}
java.util.concurrent.ExecutionException: org.apache.ratis.thirdparty.io.grpc.StatusRuntimeException: UNAVAILABLE: io exception
	at java.util.concurrent.FutureTask.report(FutureTask.java:122)
	at java.util.concurrent.FutureTask.get(FutureTask.java:192)
	at org.apache.ratis.server.impl.LeaderElection.waitForResults(LeaderElection.java:259)
	at org.apache.ratis.server.impl.LeaderElection.askForVotes(LeaderElection.java:197)
	at org.apache.ratis.server.impl.LeaderElection.run(LeaderElection.java:133)
	at java.lang.Thread.run(Thread.java:748)
Caused by: org.apache.ratis.thirdparty.io.grpc.StatusRuntimeException: UNAVAILABLE: io exception
	at org.apache.ratis.thirdparty.io.grpc.stub.ClientCalls.toStatusRuntimeException(ClientCalls.java:233)
	at org.apache.ratis.thirdparty.io.grpc.stub.ClientCalls.getUnchecked(ClientCalls.java:214)
	at org.apache.ratis.thirdparty.io.grpc.stub.ClientCalls.blockingUnaryCall(ClientCalls.java:139)
	at org.apache.ratis.proto.grpc.RaftServerProtocolServiceGrpc$RaftServerProtocolServiceBlockingStub.requestVote(RaftServerProtocolServiceGrpc.java:265)
	at org.apache.ratis.grpc.server.GrpcServerProtocolClient.requestVote(GrpcServerProtocolClient.java:99)
	at org.apache.ratis.grpc.server.GrpcService.requestVote(GrpcService.java:204)
	at org.apache.ratis.server.impl.LeaderElection.lambda$submitRequests$1(LeaderElection.java:234)
	at java.util.concurrent.FutureTask.run(FutureTask.java:266)
	at java.util.concurrent.Executors$RunnableAdapter.call(Executors.java:511)
	at java.util.concurrent.FutureTask.run(FutureTask.java:266)
	at java.util.concurrent.ThreadPoolExecutor.runWorker(ThreadPoolExecutor.java:1149)
	at java.util.concurrent.ThreadPoolExecutor$Worker.run(ThreadPoolExecutor.java:624)
	... 1 more
Caused by: org.apache.ratis.thirdparty.io.netty.channel.AbstractChannel$AnnotatedConnectException: Connection refused: /192.168.164.233:35223
	at sun.nio.ch.SocketChannelImpl.checkConnect(Native Method)
	at sun.nio.ch.SocketChannelImpl.finishConnect(SocketChannelImpl.java:717)
	at org.apache.ratis.thirdparty.io.netty.channel.socket.nio.NioSocketChannel.doFinishConnect(NioSocketChannel.java:327)
	at org.apache.ratis.thirdparty.io.netty.channel.nio.AbstractNioChannel$AbstractNioUnsafe.finishConnect(AbstractNioChannel.java:340)
	at org.apache.ratis.thirdparty.io.netty.channel.nio.NioEventLoop.processSelectedKey(NioEventLoop.java:632)
	at org.apache.ratis.thirdparty.io.netty.channel.nio.NioEventLoop.processSelectedKeysOptimized(NioEventLoop.java:579)
	at org.apache.ratis.thirdparty.io.netty.channel.nio.NioEventLoop.processSelectedKeys(NioEventLoop.java:496)
	at org.apache.ratis.thirdparty.io.netty.channel.nio.NioEventLoop.run(NioEventLoop.java:458)
	at org.apache.ratis.thirdparty.io.netty.util.concurrent.SingleThreadEventExecutor$5.run(SingleThreadEventExecutor.java:897)
	at org.apache.ratis.thirdparty.io.netty.util.concurrent.FastThreadLocalRunnable.run(FastThreadLocalRunnable.java:30)
	... 1 more
Caused by: java.net.ConnectException: Connection refused
	... 11 more
2019-10-18 14:59:07,987 [327657b1-60f8-49f2-b2a3-f63e1f934942@group-58A987F56150-LeaderElection476] INFO  impl.LeaderElection (LeaderElection.java:logAndReturn(56)) - 327657b1-60f8-49f2-b2a3-f63e1f934942@group-58A987F56150-LeaderElection476: Election REJECTED; received 0 response(s) [] and 2 exception(s); 327657b1-60f8-49f2-b2a3-f63e1f934942@group-58A987F56150:t545, leader=null, voted=327657b1-60f8-49f2-b2a3-f63e1f934942, raftlog=327657b1-60f8-49f2-b2a3-f63e1f934942@group-58A987F56150-SegmentedRaftLog:OPENED:c-1,f-1,i0, conf=-1: [6605b8a5-570b-4977-9ee7-6aaf3012bed5:192.168.164.233:35223, 327657b1-60f8-49f2-b2a3-f63e1f934942:192.168.164.233:41966, ddd4789c-894d-475a-bbfb-f6e7aa670c92:192.168.164.233:41061], old=null
2019-10-18 14:59:07,987 [327657b1-60f8-49f2-b2a3-f63e1f934942@group-58A987F56150-LeaderElection476] INFO  impl.LeaderElection (LogUtils.java:infoOrTrace(149)) -   Exception 0: {}
java.util.concurrent.ExecutionException: org.apache.ratis.thirdparty.io.grpc.StatusRuntimeException: UNAVAILABLE: io exception
	at java.util.concurrent.FutureTask.report(FutureTask.java:122)
	at java.util.concurrent.FutureTask.get(FutureTask.java:192)
	at org.apache.ratis.server.impl.LeaderElection.waitForResults(LeaderElection.java:259)
	at org.apache.ratis.server.impl.LeaderElection.askForVotes(LeaderElection.java:197)
	at org.apache.ratis.server.impl.LeaderElection.run(LeaderElection.java:133)
	at java.lang.Thread.run(Thread.java:748)
Caused by: org.apache.ratis.thirdparty.io.grpc.StatusRuntimeException: UNAVAILABLE: io exception
	at org.apache.ratis.thirdparty.io.grpc.stub.ClientCalls.toStatusRuntimeException(ClientCalls.java:233)
	at org.apache.ratis.thirdparty.io.grpc.stub.ClientCalls.getUnchecked(ClientCalls.java:214)
	at org.apache.ratis.thirdparty.io.grpc.stub.ClientCalls.blockingUnaryCall(ClientCalls.java:139)
	at org.apache.ratis.proto.grpc.RaftServerProtocolServiceGrpc$RaftServerProtocolServiceBlockingStub.requestVote(RaftServerProtocolServiceGrpc.java:265)
	at org.apache.ratis.grpc.server.GrpcServerProtocolClient.requestVote(GrpcServerProtocolClient.java:99)
	at org.apache.ratis.grpc.server.GrpcService.requestVote(GrpcService.java:204)
	at org.apache.ratis.server.impl.LeaderElection.lambda$submitRequests$1(LeaderElection.java:234)
	at java.util.concurrent.FutureTask.run(FutureTask.java:266)
	at java.util.concurrent.Executors$RunnableAdapter.call(Executors.java:511)
	at java.util.concurrent.FutureTask.run(FutureTask.java:266)
	at java.util.concurrent.ThreadPoolExecutor.runWorker(ThreadPoolExecutor.java:1149)
	at java.util.concurrent.ThreadPoolExecutor$Worker.run(ThreadPoolExecutor.java:624)
	... 1 more
Caused by: org.apache.ratis.thirdparty.io.netty.channel.AbstractChannel$AnnotatedConnectException: Connection refused: /192.168.164.233:41061
	at sun.nio.ch.SocketChannelImpl.checkConnect(Native Method)
	at sun.nio.ch.SocketChannelImpl.finishConnect(SocketChannelImpl.java:717)
	at org.apache.ratis.thirdparty.io.netty.channel.socket.nio.NioSocketChannel.doFinishConnect(NioSocketChannel.java:327)
	at org.apache.ratis.thirdparty.io.netty.channel.nio.AbstractNioChannel$AbstractNioUnsafe.finishConnect(AbstractNioChannel.java:340)
	at org.apache.ratis.thirdparty.io.netty.channel.nio.NioEventLoop.processSelectedKey(NioEventLoop.java:632)
	at org.apache.ratis.thirdparty.io.netty.channel.nio.NioEventLoop.processSelectedKeysOptimized(NioEventLoop.java:579)
	at org.apache.ratis.thirdparty.io.netty.channel.nio.NioEventLoop.processSelectedKeys(NioEventLoop.java:496)
	at org.apache.ratis.thirdparty.io.netty.channel.nio.NioEventLoop.run(NioEventLoop.java:458)
	at org.apache.ratis.thirdparty.io.netty.util.concurrent.SingleThreadEventExecutor$5.run(SingleThreadEventExecutor.java:897)
	at org.apache.ratis.thirdparty.io.netty.util.concurrent.FastThreadLocalRunnable.run(FastThreadLocalRunnable.java:30)
	... 1 more
Caused by: java.net.ConnectException: Connection refused
	... 11 more
2019-10-18 14:59:07,988 [327657b1-60f8-49f2-b2a3-f63e1f934942@group-58A987F56150-LeaderElection476] INFO  impl.LeaderElection (LogUtils.java:infoOrTrace(149)) -   Exception 1: {}
java.util.concurrent.ExecutionException: org.apache.ratis.thirdparty.io.grpc.StatusRuntimeException: UNAVAILABLE: io exception
	at java.util.concurrent.FutureTask.report(FutureTask.java:122)
	at java.util.concurrent.FutureTask.get(FutureTask.java:192)
	at org.apache.ratis.server.impl.LeaderElection.waitForResults(LeaderElection.java:259)
	at org.apache.ratis.server.impl.LeaderElection.askForVotes(LeaderElection.java:197)
	at org.apache.ratis.server.impl.LeaderElection.run(LeaderElection.java:133)
	at java.lang.Thread.run(Thread.java:748)
Caused by: org.apache.ratis.thirdparty.io.grpc.StatusRuntimeException: UNAVAILABLE: io exception
	at org.apache.ratis.thirdparty.io.grpc.stub.ClientCalls.toStatusRuntimeException(ClientCalls.java:233)
	at org.apache.ratis.thirdparty.io.grpc.stub.ClientCalls.getUnchecked(ClientCalls.java:214)
	at org.apache.ratis.thirdparty.io.grpc.stub.ClientCalls.blockingUnaryCall(ClientCalls.java:139)
	at org.apache.ratis.proto.grpc.RaftServerProtocolServiceGrpc$RaftServerProtocolServiceBlockingStub.requestVote(RaftServerProtocolServiceGrpc.java:265)
	at org.apache.ratis.grpc.server.GrpcServerProtocolClient.requestVote(GrpcServerProtocolClient.java:99)
	at org.apache.ratis.grpc.server.GrpcService.requestVote(GrpcService.java:204)
	at org.apache.ratis.server.impl.LeaderElection.lambda$submitRequests$1(LeaderElection.java:234)
	at java.util.concurrent.FutureTask.run(FutureTask.java:266)
	at java.util.concurrent.Executors$RunnableAdapter.call(Executors.java:511)
	at java.util.concurrent.FutureTask.run(FutureTask.java:266)
	at java.util.concurrent.ThreadPoolExecutor.runWorker(ThreadPoolExecutor.java:1149)
	at java.util.concurrent.ThreadPoolExecutor$Worker.run(ThreadPoolExecutor.java:624)
	... 1 more
Caused by: org.apache.ratis.thirdparty.io.netty.channel.AbstractChannel$AnnotatedConnectException: Connection refused: /192.168.164.233:35223
	at sun.nio.ch.SocketChannelImpl.checkConnect(Native Method)
	at sun.nio.ch.SocketChannelImpl.finishConnect(SocketChannelImpl.java:717)
	at org.apache.ratis.thirdparty.io.netty.channel.socket.nio.NioSocketChannel.doFinishConnect(NioSocketChannel.java:327)
	at org.apache.ratis.thirdparty.io.netty.channel.nio.AbstractNioChannel$AbstractNioUnsafe.finishConnect(AbstractNioChannel.java:340)
	at org.apache.ratis.thirdparty.io.netty.channel.nio.NioEventLoop.processSelectedKey(NioEventLoop.java:632)
	at org.apache.ratis.thirdparty.io.netty.channel.nio.NioEventLoop.processSelectedKeysOptimized(NioEventLoop.java:579)
	at org.apache.ratis.thirdparty.io.netty.channel.nio.NioEventLoop.processSelectedKeys(NioEventLoop.java:496)
	at org.apache.ratis.thirdparty.io.netty.channel.nio.NioEventLoop.run(NioEventLoop.java:458)
	at org.apache.ratis.thirdparty.io.netty.util.concurrent.SingleThreadEventExecutor$5.run(SingleThreadEventExecutor.java:897)
	at org.apache.ratis.thirdparty.io.netty.util.concurrent.FastThreadLocalRunnable.run(FastThreadLocalRunnable.java:30)
	... 1 more
Caused by: java.net.ConnectException: Connection refused
	... 11 more
2019-10-18 14:59:07,988 [327657b1-60f8-49f2-b2a3-f63e1f934942@group-58A987F56150-LeaderElection476] INFO  impl.RaftServerImpl (RaftServerImpl.java:setRole(184)) - 327657b1-60f8-49f2-b2a3-f63e1f934942@group-58A987F56150: changes role from CANDIDATE to FOLLOWER at term 545 for DISCOVERED_A_NEW_TERM
2019-10-18 14:59:07,988 [327657b1-60f8-49f2-b2a3-f63e1f934942@group-58A987F56150-LeaderElection476] INFO  impl.RoleInfo (RoleInfo.java:shutdownLeaderElection(134)) - 327657b1-60f8-49f2-b2a3-f63e1f934942: shutdown LeaderElection
2019-10-18 14:59:07,988 [327657b1-60f8-49f2-b2a3-f63e1f934942@group-58A987F56150-LeaderElection476] INFO  impl.RoleInfo (RoleInfo.java:updateAndGet(143)) - 327657b1-60f8-49f2-b2a3-f63e1f934942: start FollowerState
2019-10-18 14:59:08,165 [Thread-3462] INFO  impl.FollowerState (FollowerState.java:run(108)) - 327657b1-60f8-49f2-b2a3-f63e1f934942@group-58A987F56150-FollowerState: change to CANDIDATE, lastRpcTime:176ms, electionTimeout:176ms
2019-10-18 14:59:08,165 [Thread-3462] INFO  impl.RoleInfo (RoleInfo.java:shutdownFollowerState(121)) - 327657b1-60f8-49f2-b2a3-f63e1f934942: shutdown FollowerState
2019-10-18 14:59:08,165 [Thread-3462] INFO  impl.RaftServerImpl (RaftServerImpl.java:setRole(184)) - 327657b1-60f8-49f2-b2a3-f63e1f934942@group-58A987F56150: changes role from  FOLLOWER to CANDIDATE at term 545 for changeToCandidate
2019-10-18 14:59:08,165 [Thread-3462] INFO  impl.RoleInfo (RoleInfo.java:updateAndGet(143)) - 327657b1-60f8-49f2-b2a3-f63e1f934942: start LeaderElection
2019-10-18 14:59:08,180 [327657b1-60f8-49f2-b2a3-f63e1f934942@group-58A987F56150-LeaderElection477] INFO  impl.LeaderElection (LeaderElection.java:askForVotes(178)) - 327657b1-60f8-49f2-b2a3-f63e1f934942@group-58A987F56150-LeaderElection477: begin an election at term 546 for -1: [6605b8a5-570b-4977-9ee7-6aaf3012bed5:192.168.164.233:35223, 327657b1-60f8-49f2-b2a3-f63e1f934942:192.168.164.233:41966, ddd4789c-894d-475a-bbfb-f6e7aa670c92:192.168.164.233:41061], old=null
2019-10-18 14:59:08,181 [327657b1-60f8-49f2-b2a3-f63e1f934942@group-58A987F56150-LeaderElection477] INFO  impl.LeaderElection (LogUtils.java:infoOrTrace(149)) - 327657b1-60f8-49f2-b2a3-f63e1f934942@group-58A987F56150-LeaderElection477 got exception when requesting votes: {}
java.util.concurrent.ExecutionException: org.apache.ratis.thirdparty.io.grpc.StatusRuntimeException: UNAVAILABLE: io exception
	at java.util.concurrent.FutureTask.report(FutureTask.java:122)
	at java.util.concurrent.FutureTask.get(FutureTask.java:192)
	at org.apache.ratis.server.impl.LeaderElection.waitForResults(LeaderElection.java:259)
	at org.apache.ratis.server.impl.LeaderElection.askForVotes(LeaderElection.java:197)
	at org.apache.ratis.server.impl.LeaderElection.run(LeaderElection.java:133)
	at java.lang.Thread.run(Thread.java:748)
Caused by: org.apache.ratis.thirdparty.io.grpc.StatusRuntimeException: UNAVAILABLE: io exception
	at org.apache.ratis.thirdparty.io.grpc.stub.ClientCalls.toStatusRuntimeException(ClientCalls.java:233)
	at org.apache.ratis.thirdparty.io.grpc.stub.ClientCalls.getUnchecked(ClientCalls.java:214)
	at org.apache.ratis.thirdparty.io.grpc.stub.ClientCalls.blockingUnaryCall(ClientCalls.java:139)
	at org.apache.ratis.proto.grpc.RaftServerProtocolServiceGrpc$RaftServerProtocolServiceBlockingStub.requestVote(RaftServerProtocolServiceGrpc.java:265)
	at org.apache.ratis.grpc.server.GrpcServerProtocolClient.requestVote(GrpcServerProtocolClient.java:99)
	at org.apache.ratis.grpc.server.GrpcService.requestVote(GrpcService.java:204)
	at org.apache.ratis.server.impl.LeaderElection.lambda$submitRequests$1(LeaderElection.java:234)
	at java.util.concurrent.FutureTask.run(FutureTask.java:266)
	at java.util.concurrent.Executors$RunnableAdapter.call(Executors.java:511)
	at java.util.concurrent.FutureTask.run(FutureTask.java:266)
	at java.util.concurrent.ThreadPoolExecutor.runWorker(ThreadPoolExecutor.java:1149)
	at java.util.concurrent.ThreadPoolExecutor$Worker.run(ThreadPoolExecutor.java:624)
	... 1 more
Caused by: org.apache.ratis.thirdparty.io.netty.channel.AbstractChannel$AnnotatedConnectException: Connection refused: /192.168.164.233:41061
	at sun.nio.ch.SocketChannelImpl.checkConnect(Native Method)
	at sun.nio.ch.SocketChannelImpl.finishConnect(SocketChannelImpl.java:717)
	at org.apache.ratis.thirdparty.io.netty.channel.socket.nio.NioSocketChannel.doFinishConnect(NioSocketChannel.java:327)
	at org.apache.ratis.thirdparty.io.netty.channel.nio.AbstractNioChannel$AbstractNioUnsafe.finishConnect(AbstractNioChannel.java:340)
	at org.apache.ratis.thirdparty.io.netty.channel.nio.NioEventLoop.processSelectedKey(NioEventLoop.java:632)
	at org.apache.ratis.thirdparty.io.netty.channel.nio.NioEventLoop.processSelectedKeysOptimized(NioEventLoop.java:579)
	at org.apache.ratis.thirdparty.io.netty.channel.nio.NioEventLoop.processSelectedKeys(NioEventLoop.java:496)
	at org.apache.ratis.thirdparty.io.netty.channel.nio.NioEventLoop.run(NioEventLoop.java:458)
	at org.apache.ratis.thirdparty.io.netty.util.concurrent.SingleThreadEventExecutor$5.run(SingleThreadEventExecutor.java:897)
	at org.apache.ratis.thirdparty.io.netty.util.concurrent.FastThreadLocalRunnable.run(FastThreadLocalRunnable.java:30)
	... 1 more
Caused by: java.net.ConnectException: Connection refused
	... 11 more
2019-10-18 14:59:08,182 [327657b1-60f8-49f2-b2a3-f63e1f934942@group-58A987F56150-LeaderElection477] INFO  impl.LeaderElection (LogUtils.java:infoOrTrace(149)) - 327657b1-60f8-49f2-b2a3-f63e1f934942@group-58A987F56150-LeaderElection477 got exception when requesting votes: {}
java.util.concurrent.ExecutionException: org.apache.ratis.thirdparty.io.grpc.StatusRuntimeException: UNAVAILABLE: io exception
	at java.util.concurrent.FutureTask.report(FutureTask.java:122)
	at java.util.concurrent.FutureTask.get(FutureTask.java:192)
	at org.apache.ratis.server.impl.LeaderElection.waitForResults(LeaderElection.java:259)
	at org.apache.ratis.server.impl.LeaderElection.askForVotes(LeaderElection.java:197)
	at org.apache.ratis.server.impl.LeaderElection.run(LeaderElection.java:133)
	at java.lang.Thread.run(Thread.java:748)
Caused by: org.apache.ratis.thirdparty.io.grpc.StatusRuntimeException: UNAVAILABLE: io exception
	at org.apache.ratis.thirdparty.io.grpc.stub.ClientCalls.toStatusRuntimeException(ClientCalls.java:233)
	at org.apache.ratis.thirdparty.io.grpc.stub.ClientCalls.getUnchecked(ClientCalls.java:214)
	at org.apache.ratis.thirdparty.io.grpc.stub.ClientCalls.blockingUnaryCall(ClientCalls.java:139)
	at org.apache.ratis.proto.grpc.RaftServerProtocolServiceGrpc$RaftServerProtocolServiceBlockingStub.requestVote(RaftServerProtocolServiceGrpc.java:265)
	at org.apache.ratis.grpc.server.GrpcServerProtocolClient.requestVote(GrpcServerProtocolClient.java:99)
	at org.apache.ratis.grpc.server.GrpcService.requestVote(GrpcService.java:204)
	at org.apache.ratis.server.impl.LeaderElection.lambda$submitRequests$1(LeaderElection.java:234)
	at java.util.concurrent.FutureTask.run(FutureTask.java:266)
	at java.util.concurrent.Executors$RunnableAdapter.call(Executors.java:511)
	at java.util.concurrent.FutureTask.run(FutureTask.java:266)
	at java.util.concurrent.ThreadPoolExecutor.runWorker(ThreadPoolExecutor.java:1149)
	at java.util.concurrent.ThreadPoolExecutor$Worker.run(ThreadPoolExecutor.java:624)
	... 1 more
Caused by: org.apache.ratis.thirdparty.io.netty.channel.AbstractChannel$AnnotatedConnectException: Connection refused: /192.168.164.233:35223
	at sun.nio.ch.SocketChannelImpl.checkConnect(Native Method)
	at sun.nio.ch.SocketChannelImpl.finishConnect(SocketChannelImpl.java:717)
	at org.apache.ratis.thirdparty.io.netty.channel.socket.nio.NioSocketChannel.doFinishConnect(NioSocketChannel.java:327)
	at org.apache.ratis.thirdparty.io.netty.channel.nio.AbstractNioChannel$AbstractNioUnsafe.finishConnect(AbstractNioChannel.java:340)
	at org.apache.ratis.thirdparty.io.netty.channel.nio.NioEventLoop.processSelectedKey(NioEventLoop.java:632)
	at org.apache.ratis.thirdparty.io.netty.channel.nio.NioEventLoop.processSelectedKeysOptimized(NioEventLoop.java:579)
	at org.apache.ratis.thirdparty.io.netty.channel.nio.NioEventLoop.processSelectedKeys(NioEventLoop.java:496)
	at org.apache.ratis.thirdparty.io.netty.channel.nio.NioEventLoop.run(NioEventLoop.java:458)
	at org.apache.ratis.thirdparty.io.netty.util.concurrent.SingleThreadEventExecutor$5.run(SingleThreadEventExecutor.java:897)
	at org.apache.ratis.thirdparty.io.netty.util.concurrent.FastThreadLocalRunnable.run(FastThreadLocalRunnable.java:30)
	... 1 more
Caused by: java.net.ConnectException: Connection refused
	... 11 more
2019-10-18 14:59:08,182 [327657b1-60f8-49f2-b2a3-f63e1f934942@group-58A987F56150-LeaderElection477] INFO  impl.LeaderElection (LeaderElection.java:logAndReturn(56)) - 327657b1-60f8-49f2-b2a3-f63e1f934942@group-58A987F56150-LeaderElection477: Election REJECTED; received 0 response(s) [] and 2 exception(s); 327657b1-60f8-49f2-b2a3-f63e1f934942@group-58A987F56150:t546, leader=null, voted=327657b1-60f8-49f2-b2a3-f63e1f934942, raftlog=327657b1-60f8-49f2-b2a3-f63e1f934942@group-58A987F56150-SegmentedRaftLog:OPENED:c-1,f-1,i0, conf=-1: [6605b8a5-570b-4977-9ee7-6aaf3012bed5:192.168.164.233:35223, 327657b1-60f8-49f2-b2a3-f63e1f934942:192.168.164.233:41966, ddd4789c-894d-475a-bbfb-f6e7aa670c92:192.168.164.233:41061], old=null
2019-10-18 14:59:08,182 [327657b1-60f8-49f2-b2a3-f63e1f934942@group-58A987F56150-LeaderElection477] INFO  impl.LeaderElection (LogUtils.java:infoOrTrace(149)) -   Exception 0: {}
java.util.concurrent.ExecutionException: org.apache.ratis.thirdparty.io.grpc.StatusRuntimeException: UNAVAILABLE: io exception
	at java.util.concurrent.FutureTask.report(FutureTask.java:122)
	at java.util.concurrent.FutureTask.get(FutureTask.java:192)
	at org.apache.ratis.server.impl.LeaderElection.waitForResults(LeaderElection.java:259)
	at org.apache.ratis.server.impl.LeaderElection.askForVotes(LeaderElection.java:197)
	at org.apache.ratis.server.impl.LeaderElection.run(LeaderElection.java:133)
	at java.lang.Thread.run(Thread.java:748)
Caused by: org.apache.ratis.thirdparty.io.grpc.StatusRuntimeException: UNAVAILABLE: io exception
	at org.apache.ratis.thirdparty.io.grpc.stub.ClientCalls.toStatusRuntimeException(ClientCalls.java:233)
	at org.apache.ratis.thirdparty.io.grpc.stub.ClientCalls.getUnchecked(ClientCalls.java:214)
	at org.apache.ratis.thirdparty.io.grpc.stub.ClientCalls.blockingUnaryCall(ClientCalls.java:139)
	at org.apache.ratis.proto.grpc.RaftServerProtocolServiceGrpc$RaftServerProtocolServiceBlockingStub.requestVote(RaftServerProtocolServiceGrpc.java:265)
	at org.apache.ratis.grpc.server.GrpcServerProtocolClient.requestVote(GrpcServerProtocolClient.java:99)
	at org.apache.ratis.grpc.server.GrpcService.requestVote(GrpcService.java:204)
	at org.apache.ratis.server.impl.LeaderElection.lambda$submitRequests$1(LeaderElection.java:234)
	at java.util.concurrent.FutureTask.run(FutureTask.java:266)
	at java.util.concurrent.Executors$RunnableAdapter.call(Executors.java:511)
	at java.util.concurrent.FutureTask.run(FutureTask.java:266)
	at java.util.concurrent.ThreadPoolExecutor.runWorker(ThreadPoolExecutor.java:1149)
	at java.util.concurrent.ThreadPoolExecutor$Worker.run(ThreadPoolExecutor.java:624)
	... 1 more
Caused by: org.apache.ratis.thirdparty.io.netty.channel.AbstractChannel$AnnotatedConnectException: Connection refused: /192.168.164.233:41061
	at sun.nio.ch.SocketChannelImpl.checkConnect(Native Method)
	at sun.nio.ch.SocketChannelImpl.finishConnect(SocketChannelImpl.java:717)
	at org.apache.ratis.thirdparty.io.netty.channel.socket.nio.NioSocketChannel.doFinishConnect(NioSocketChannel.java:327)
	at org.apache.ratis.thirdparty.io.netty.channel.nio.AbstractNioChannel$AbstractNioUnsafe.finishConnect(AbstractNioChannel.java:340)
	at org.apache.ratis.thirdparty.io.netty.channel.nio.NioEventLoop.processSelectedKey(NioEventLoop.java:632)
	at org.apache.ratis.thirdparty.io.netty.channel.nio.NioEventLoop.processSelectedKeysOptimized(NioEventLoop.java:579)
	at org.apache.ratis.thirdparty.io.netty.channel.nio.NioEventLoop.processSelectedKeys(NioEventLoop.java:496)
	at org.apache.ratis.thirdparty.io.netty.channel.nio.NioEventLoop.run(NioEventLoop.java:458)
	at org.apache.ratis.thirdparty.io.netty.util.concurrent.SingleThreadEventExecutor$5.run(SingleThreadEventExecutor.java:897)
	at org.apache.ratis.thirdparty.io.netty.util.concurrent.FastThreadLocalRunnable.run(FastThreadLocalRunnable.java:30)
	... 1 more
Caused by: java.net.ConnectException: Connection refused
	... 11 more
2019-10-18 14:59:08,183 [327657b1-60f8-49f2-b2a3-f63e1f934942@group-58A987F56150-LeaderElection477] INFO  impl.LeaderElection (LogUtils.java:infoOrTrace(149)) -   Exception 1: {}
java.util.concurrent.ExecutionException: org.apache.ratis.thirdparty.io.grpc.StatusRuntimeException: UNAVAILABLE: io exception
	at java.util.concurrent.FutureTask.report(FutureTask.java:122)
	at java.util.concurrent.FutureTask.get(FutureTask.java:192)
	at org.apache.ratis.server.impl.LeaderElection.waitForResults(LeaderElection.java:259)
	at org.apache.ratis.server.impl.LeaderElection.askForVotes(LeaderElection.java:197)
	at org.apache.ratis.server.impl.LeaderElection.run(LeaderElection.java:133)
	at java.lang.Thread.run(Thread.java:748)
Caused by: org.apache.ratis.thirdparty.io.grpc.StatusRuntimeException: UNAVAILABLE: io exception
	at org.apache.ratis.thirdparty.io.grpc.stub.ClientCalls.toStatusRuntimeException(ClientCalls.java:233)
	at org.apache.ratis.thirdparty.io.grpc.stub.ClientCalls.getUnchecked(ClientCalls.java:214)
	at org.apache.ratis.thirdparty.io.grpc.stub.ClientCalls.blockingUnaryCall(ClientCalls.java:139)
	at org.apache.ratis.proto.grpc.RaftServerProtocolServiceGrpc$RaftServerProtocolServiceBlockingStub.requestVote(RaftServerProtocolServiceGrpc.java:265)
	at org.apache.ratis.grpc.server.GrpcServerProtocolClient.requestVote(GrpcServerProtocolClient.java:99)
	at org.apache.ratis.grpc.server.GrpcService.requestVote(GrpcService.java:204)
	at org.apache.ratis.server.impl.LeaderElection.lambda$submitRequests$1(LeaderElection.java:234)
	at java.util.concurrent.FutureTask.run(FutureTask.java:266)
	at java.util.concurrent.Executors$RunnableAdapter.call(Executors.java:511)
	at java.util.concurrent.FutureTask.run(FutureTask.java:266)
	at java.util.concurrent.ThreadPoolExecutor.runWorker(ThreadPoolExecutor.java:1149)
	at java.util.concurrent.ThreadPoolExecutor$Worker.run(ThreadPoolExecutor.java:624)
	... 1 more
Caused by: org.apache.ratis.thirdparty.io.netty.channel.AbstractChannel$AnnotatedConnectException: Connection refused: /192.168.164.233:35223
	at sun.nio.ch.SocketChannelImpl.checkConnect(Native Method)
	at sun.nio.ch.SocketChannelImpl.finishConnect(SocketChannelImpl.java:717)
	at org.apache.ratis.thirdparty.io.netty.channel.socket.nio.NioSocketChannel.doFinishConnect(NioSocketChannel.java:327)
	at org.apache.ratis.thirdparty.io.netty.channel.nio.AbstractNioChannel$AbstractNioUnsafe.finishConnect(AbstractNioChannel.java:340)
	at org.apache.ratis.thirdparty.io.netty.channel.nio.NioEventLoop.processSelectedKey(NioEventLoop.java:632)
	at org.apache.ratis.thirdparty.io.netty.channel.nio.NioEventLoop.processSelectedKeysOptimized(NioEventLoop.java:579)
	at org.apache.ratis.thirdparty.io.netty.channel.nio.NioEventLoop.processSelectedKeys(NioEventLoop.java:496)
	at org.apache.ratis.thirdparty.io.netty.channel.nio.NioEventLoop.run(NioEventLoop.java:458)
	at org.apache.ratis.thirdparty.io.netty.util.concurrent.SingleThreadEventExecutor$5.run(SingleThreadEventExecutor.java:897)
	at org.apache.ratis.thirdparty.io.netty.util.concurrent.FastThreadLocalRunnable.run(FastThreadLocalRunnable.java:30)
	... 1 more
Caused by: java.net.ConnectException: Connection refused
	... 11 more
2019-10-18 14:59:08,183 [327657b1-60f8-49f2-b2a3-f63e1f934942@group-58A987F56150-LeaderElection477] INFO  impl.RaftServerImpl (RaftServerImpl.java:setRole(184)) - 327657b1-60f8-49f2-b2a3-f63e1f934942@group-58A987F56150: changes role from CANDIDATE to FOLLOWER at term 546 for DISCOVERED_A_NEW_TERM
2019-10-18 14:59:08,184 [327657b1-60f8-49f2-b2a3-f63e1f934942@group-58A987F56150-LeaderElection477] INFO  impl.RoleInfo (RoleInfo.java:shutdownLeaderElection(134)) - 327657b1-60f8-49f2-b2a3-f63e1f934942: shutdown LeaderElection
2019-10-18 14:59:08,184 [327657b1-60f8-49f2-b2a3-f63e1f934942@group-58A987F56150-LeaderElection477] INFO  impl.RoleInfo (RoleInfo.java:updateAndGet(143)) - 327657b1-60f8-49f2-b2a3-f63e1f934942: start FollowerState
2019-10-18 14:59:08,290 [Thread-3466] INFO  impl.FollowerState (FollowerState.java:run(108)) - 327657b1-60f8-49f2-b2a3-f63e1f934942@group-58A987F56150-FollowerState: change to CANDIDATE, lastRpcTime:106ms, electionTimeout:106ms
2019-10-18 14:59:08,290 [Thread-3466] INFO  impl.RoleInfo (RoleInfo.java:shutdownFollowerState(121)) - 327657b1-60f8-49f2-b2a3-f63e1f934942: shutdown FollowerState
2019-10-18 14:59:08,290 [Thread-3466] INFO  impl.RaftServerImpl (RaftServerImpl.java:setRole(184)) - 327657b1-60f8-49f2-b2a3-f63e1f934942@group-58A987F56150: changes role from  FOLLOWER to CANDIDATE at term 546 for changeToCandidate
2019-10-18 14:59:08,291 [Thread-3466] INFO  impl.RoleInfo (RoleInfo.java:updateAndGet(143)) - 327657b1-60f8-49f2-b2a3-f63e1f934942: start LeaderElection
2019-10-18 14:59:08,305 [327657b1-60f8-49f2-b2a3-f63e1f934942@group-58A987F56150-LeaderElection478] INFO  impl.LeaderElection (LeaderElection.java:askForVotes(178)) - 327657b1-60f8-49f2-b2a3-f63e1f934942@group-58A987F56150-LeaderElection478: begin an election at term 547 for -1: [6605b8a5-570b-4977-9ee7-6aaf3012bed5:192.168.164.233:35223, 327657b1-60f8-49f2-b2a3-f63e1f934942:192.168.164.233:41966, ddd4789c-894d-475a-bbfb-f6e7aa670c92:192.168.164.233:41061], old=null
2019-10-18 14:59:08,306 [327657b1-60f8-49f2-b2a3-f63e1f934942@group-58A987F56150-LeaderElection478] INFO  impl.LeaderElection (LogUtils.java:infoOrTrace(149)) - 327657b1-60f8-49f2-b2a3-f63e1f934942@group-58A987F56150-LeaderElection478 got exception when requesting votes: {}
java.util.concurrent.ExecutionException: org.apache.ratis.thirdparty.io.grpc.StatusRuntimeException: UNAVAILABLE: io exception
	at java.util.concurrent.FutureTask.report(FutureTask.java:122)
	at java.util.concurrent.FutureTask.get(FutureTask.java:192)
	at org.apache.ratis.server.impl.LeaderElection.waitForResults(LeaderElection.java:259)
	at org.apache.ratis.server.impl.LeaderElection.askForVotes(LeaderElection.java:197)
	at org.apache.ratis.server.impl.LeaderElection.run(LeaderElection.java:133)
	at java.lang.Thread.run(Thread.java:748)
Caused by: org.apache.ratis.thirdparty.io.grpc.StatusRuntimeException: UNAVAILABLE: io exception
	at org.apache.ratis.thirdparty.io.grpc.stub.ClientCalls.toStatusRuntimeException(ClientCalls.java:233)
	at org.apache.ratis.thirdparty.io.grpc.stub.ClientCalls.getUnchecked(ClientCalls.java:214)
	at org.apache.ratis.thirdparty.io.grpc.stub.ClientCalls.blockingUnaryCall(ClientCalls.java:139)
	at org.apache.ratis.proto.grpc.RaftServerProtocolServiceGrpc$RaftServerProtocolServiceBlockingStub.requestVote(RaftServerProtocolServiceGrpc.java:265)
	at org.apache.ratis.grpc.server.GrpcServerProtocolClient.requestVote(GrpcServerProtocolClient.java:99)
	at org.apache.ratis.grpc.server.GrpcService.requestVote(GrpcService.java:204)
	at org.apache.ratis.server.impl.LeaderElection.lambda$submitRequests$1(LeaderElection.java:234)
	at java.util.concurrent.FutureTask.run(FutureTask.java:266)
	at java.util.concurrent.Executors$RunnableAdapter.call(Executors.java:511)
	at java.util.concurrent.FutureTask.run(FutureTask.java:266)
	at java.util.concurrent.ThreadPoolExecutor.runWorker(ThreadPoolExecutor.java:1149)
	at java.util.concurrent.ThreadPoolExecutor$Worker.run(ThreadPoolExecutor.java:624)
	... 1 more
Caused by: org.apache.ratis.thirdparty.io.netty.channel.AbstractChannel$AnnotatedConnectException: Connection refused: /192.168.164.233:35223
	at sun.nio.ch.SocketChannelImpl.checkConnect(Native Method)
	at sun.nio.ch.SocketChannelImpl.finishConnect(SocketChannelImpl.java:717)
	at org.apache.ratis.thirdparty.io.netty.channel.socket.nio.NioSocketChannel.doFinishConnect(NioSocketChannel.java:327)
	at org.apache.ratis.thirdparty.io.netty.channel.nio.AbstractNioChannel$AbstractNioUnsafe.finishConnect(AbstractNioChannel.java:340)
	at org.apache.ratis.thirdparty.io.netty.channel.nio.NioEventLoop.processSelectedKey(NioEventLoop.java:632)
	at org.apache.ratis.thirdparty.io.netty.channel.nio.NioEventLoop.processSelectedKeysOptimized(NioEventLoop.java:579)
	at org.apache.ratis.thirdparty.io.netty.channel.nio.NioEventLoop.processSelectedKeys(NioEventLoop.java:496)
	at org.apache.ratis.thirdparty.io.netty.channel.nio.NioEventLoop.run(NioEventLoop.java:458)
	at org.apache.ratis.thirdparty.io.netty.util.concurrent.SingleThreadEventExecutor$5.run(SingleThreadEventExecutor.java:897)
	at org.apache.ratis.thirdparty.io.netty.util.concurrent.FastThreadLocalRunnable.run(FastThreadLocalRunnable.java:30)
	... 1 more
Caused by: java.net.ConnectException: Connection refused
	... 11 more
2019-10-18 14:59:08,306 [327657b1-60f8-49f2-b2a3-f63e1f934942@group-58A987F56150-LeaderElection478] INFO  impl.LeaderElection (LogUtils.java:infoOrTrace(149)) - 327657b1-60f8-49f2-b2a3-f63e1f934942@group-58A987F56150-LeaderElection478 got exception when requesting votes: {}
java.util.concurrent.ExecutionException: org.apache.ratis.thirdparty.io.grpc.StatusRuntimeException: UNAVAILABLE: io exception
	at java.util.concurrent.FutureTask.report(FutureTask.java:122)
	at java.util.concurrent.FutureTask.get(FutureTask.java:192)
	at org.apache.ratis.server.impl.LeaderElection.waitForResults(LeaderElection.java:259)
	at org.apache.ratis.server.impl.LeaderElection.askForVotes(LeaderElection.java:197)
	at org.apache.ratis.server.impl.LeaderElection.run(LeaderElection.java:133)
	at java.lang.Thread.run(Thread.java:748)
Caused by: org.apache.ratis.thirdparty.io.grpc.StatusRuntimeException: UNAVAILABLE: io exception
	at org.apache.ratis.thirdparty.io.grpc.stub.ClientCalls.toStatusRuntimeException(ClientCalls.java:233)
	at org.apache.ratis.thirdparty.io.grpc.stub.ClientCalls.getUnchecked(ClientCalls.java:214)
	at org.apache.ratis.thirdparty.io.grpc.stub.ClientCalls.blockingUnaryCall(ClientCalls.java:139)
	at org.apache.ratis.proto.grpc.RaftServerProtocolServiceGrpc$RaftServerProtocolServiceBlockingStub.requestVote(RaftServerProtocolServiceGrpc.java:265)
	at org.apache.ratis.grpc.server.GrpcServerProtocolClient.requestVote(GrpcServerProtocolClient.java:99)
	at org.apache.ratis.grpc.server.GrpcService.requestVote(GrpcService.java:204)
	at org.apache.ratis.server.impl.LeaderElection.lambda$submitRequests$1(LeaderElection.java:234)
	at java.util.concurrent.FutureTask.run(FutureTask.java:266)
	at java.util.concurrent.Executors$RunnableAdapter.call(Executors.java:511)
	at java.util.concurrent.FutureTask.run(FutureTask.java:266)
	at java.util.concurrent.ThreadPoolExecutor.runWorker(ThreadPoolExecutor.java:1149)
	at java.util.concurrent.ThreadPoolExecutor$Worker.run(ThreadPoolExecutor.java:624)
	... 1 more
Caused by: org.apache.ratis.thirdparty.io.netty.channel.AbstractChannel$AnnotatedConnectException: Connection refused: /192.168.164.233:41061
	at sun.nio.ch.SocketChannelImpl.checkConnect(Native Method)
	at sun.nio.ch.SocketChannelImpl.finishConnect(SocketChannelImpl.java:717)
	at org.apache.ratis.thirdparty.io.netty.channel.socket.nio.NioSocketChannel.doFinishConnect(NioSocketChannel.java:327)
	at org.apache.ratis.thirdparty.io.netty.channel.nio.AbstractNioChannel$AbstractNioUnsafe.finishConnect(AbstractNioChannel.java:340)
	at org.apache.ratis.thirdparty.io.netty.channel.nio.NioEventLoop.processSelectedKey(NioEventLoop.java:632)
	at org.apache.ratis.thirdparty.io.netty.channel.nio.NioEventLoop.processSelectedKeysOptimized(NioEventLoop.java:579)
	at org.apache.ratis.thirdparty.io.netty.channel.nio.NioEventLoop.processSelectedKeys(NioEventLoop.java:496)
	at org.apache.ratis.thirdparty.io.netty.channel.nio.NioEventLoop.run(NioEventLoop.java:458)
	at org.apache.ratis.thirdparty.io.netty.util.concurrent.SingleThreadEventExecutor$5.run(SingleThreadEventExecutor.java:897)
	at org.apache.ratis.thirdparty.io.netty.util.concurrent.FastThreadLocalRunnable.run(FastThreadLocalRunnable.java:30)
	... 1 more
Caused by: java.net.ConnectException: Connection refused
	... 11 more
2019-10-18 14:59:08,307 [327657b1-60f8-49f2-b2a3-f63e1f934942@group-58A987F56150-LeaderElection478] INFO  impl.LeaderElection (LeaderElection.java:logAndReturn(56)) - 327657b1-60f8-49f2-b2a3-f63e1f934942@group-58A987F56150-LeaderElection478: Election REJECTED; received 0 response(s) [] and 2 exception(s); 327657b1-60f8-49f2-b2a3-f63e1f934942@group-58A987F56150:t547, leader=null, voted=327657b1-60f8-49f2-b2a3-f63e1f934942, raftlog=327657b1-60f8-49f2-b2a3-f63e1f934942@group-58A987F56150-SegmentedRaftLog:OPENED:c-1,f-1,i0, conf=-1: [6605b8a5-570b-4977-9ee7-6aaf3012bed5:192.168.164.233:35223, 327657b1-60f8-49f2-b2a3-f63e1f934942:192.168.164.233:41966, ddd4789c-894d-475a-bbfb-f6e7aa670c92:192.168.164.233:41061], old=null
2019-10-18 14:59:08,307 [327657b1-60f8-49f2-b2a3-f63e1f934942@group-58A987F56150-LeaderElection478] INFO  impl.LeaderElection (LogUtils.java:infoOrTrace(149)) -   Exception 0: {}
java.util.concurrent.ExecutionException: org.apache.ratis.thirdparty.io.grpc.StatusRuntimeException: UNAVAILABLE: io exception
	at java.util.concurrent.FutureTask.report(FutureTask.java:122)
	at java.util.concurrent.FutureTask.get(FutureTask.java:192)
	at org.apache.ratis.server.impl.LeaderElection.waitForResults(LeaderElection.java:259)
	at org.apache.ratis.server.impl.LeaderElection.askForVotes(LeaderElection.java:197)
	at org.apache.ratis.server.impl.LeaderElection.run(LeaderElection.java:133)
	at java.lang.Thread.run(Thread.java:748)
Caused by: org.apache.ratis.thirdparty.io.grpc.StatusRuntimeException: UNAVAILABLE: io exception
	at org.apache.ratis.thirdparty.io.grpc.stub.ClientCalls.toStatusRuntimeException(ClientCalls.java:233)
	at org.apache.ratis.thirdparty.io.grpc.stub.ClientCalls.getUnchecked(ClientCalls.java:214)
	at org.apache.ratis.thirdparty.io.grpc.stub.ClientCalls.blockingUnaryCall(ClientCalls.java:139)
	at org.apache.ratis.proto.grpc.RaftServerProtocolServiceGrpc$RaftServerProtocolServiceBlockingStub.requestVote(RaftServerProtocolServiceGrpc.java:265)
	at org.apache.ratis.grpc.server.GrpcServerProtocolClient.requestVote(GrpcServerProtocolClient.java:99)
	at org.apache.ratis.grpc.server.GrpcService.requestVote(GrpcService.java:204)
	at org.apache.ratis.server.impl.LeaderElection.lambda$submitRequests$1(LeaderElection.java:234)
	at java.util.concurrent.FutureTask.run(FutureTask.java:266)
	at java.util.concurrent.Executors$RunnableAdapter.call(Executors.java:511)
	at java.util.concurrent.FutureTask.run(FutureTask.java:266)
	at java.util.concurrent.ThreadPoolExecutor.runWorker(ThreadPoolExecutor.java:1149)
	at java.util.concurrent.ThreadPoolExecutor$Worker.run(ThreadPoolExecutor.java:624)
	... 1 more
Caused by: org.apache.ratis.thirdparty.io.netty.channel.AbstractChannel$AnnotatedConnectException: Connection refused: /192.168.164.233:35223
	at sun.nio.ch.SocketChannelImpl.checkConnect(Native Method)
	at sun.nio.ch.SocketChannelImpl.finishConnect(SocketChannelImpl.java:717)
	at org.apache.ratis.thirdparty.io.netty.channel.socket.nio.NioSocketChannel.doFinishConnect(NioSocketChannel.java:327)
	at org.apache.ratis.thirdparty.io.netty.channel.nio.AbstractNioChannel$AbstractNioUnsafe.finishConnect(AbstractNioChannel.java:340)
	at org.apache.ratis.thirdparty.io.netty.channel.nio.NioEventLoop.processSelectedKey(NioEventLoop.java:632)
	at org.apache.ratis.thirdparty.io.netty.channel.nio.NioEventLoop.processSelectedKeysOptimized(NioEventLoop.java:579)
	at org.apache.ratis.thirdparty.io.netty.channel.nio.NioEventLoop.processSelectedKeys(NioEventLoop.java:496)
	at org.apache.ratis.thirdparty.io.netty.channel.nio.NioEventLoop.run(NioEventLoop.java:458)
	at org.apache.ratis.thirdparty.io.netty.util.concurrent.SingleThreadEventExecutor$5.run(SingleThreadEventExecutor.java:897)
	at org.apache.ratis.thirdparty.io.netty.util.concurrent.FastThreadLocalRunnable.run(FastThreadLocalRunnable.java:30)
	... 1 more
Caused by: java.net.ConnectException: Connection refused
	... 11 more
2019-10-18 14:59:08,307 [327657b1-60f8-49f2-b2a3-f63e1f934942@group-58A987F56150-LeaderElection478] INFO  impl.LeaderElection (LogUtils.java:infoOrTrace(149)) -   Exception 1: {}
java.util.concurrent.ExecutionException: org.apache.ratis.thirdparty.io.grpc.StatusRuntimeException: UNAVAILABLE: io exception
	at java.util.concurrent.FutureTask.report(FutureTask.java:122)
	at java.util.concurrent.FutureTask.get(FutureTask.java:192)
	at org.apache.ratis.server.impl.LeaderElection.waitForResults(LeaderElection.java:259)
	at org.apache.ratis.server.impl.LeaderElection.askForVotes(LeaderElection.java:197)
	at org.apache.ratis.server.impl.LeaderElection.run(LeaderElection.java:133)
	at java.lang.Thread.run(Thread.java:748)
Caused by: org.apache.ratis.thirdparty.io.grpc.StatusRuntimeException: UNAVAILABLE: io exception
	at org.apache.ratis.thirdparty.io.grpc.stub.ClientCalls.toStatusRuntimeException(ClientCalls.java:233)
	at org.apache.ratis.thirdparty.io.grpc.stub.ClientCalls.getUnchecked(ClientCalls.java:214)
	at org.apache.ratis.thirdparty.io.grpc.stub.ClientCalls.blockingUnaryCall(ClientCalls.java:139)
	at org.apache.ratis.proto.grpc.RaftServerProtocolServiceGrpc$RaftServerProtocolServiceBlockingStub.requestVote(RaftServerProtocolServiceGrpc.java:265)
	at org.apache.ratis.grpc.server.GrpcServerProtocolClient.requestVote(GrpcServerProtocolClient.java:99)
	at org.apache.ratis.grpc.server.GrpcService.requestVote(GrpcService.java:204)
	at org.apache.ratis.server.impl.LeaderElection.lambda$submitRequests$1(LeaderElection.java:234)
	at java.util.concurrent.FutureTask.run(FutureTask.java:266)
	at java.util.concurrent.Executors$RunnableAdapter.call(Executors.java:511)
	at java.util.concurrent.FutureTask.run(FutureTask.java:266)
	at java.util.concurrent.ThreadPoolExecutor.runWorker(ThreadPoolExecutor.java:1149)
	at java.util.concurrent.ThreadPoolExecutor$Worker.run(ThreadPoolExecutor.java:624)
	... 1 more
Caused by: org.apache.ratis.thirdparty.io.netty.channel.AbstractChannel$AnnotatedConnectException: Connection refused: /192.168.164.233:41061
	at sun.nio.ch.SocketChannelImpl.checkConnect(Native Method)
	at sun.nio.ch.SocketChannelImpl.finishConnect(SocketChannelImpl.java:717)
	at org.apache.ratis.thirdparty.io.netty.channel.socket.nio.NioSocketChannel.doFinishConnect(NioSocketChannel.java:327)
	at org.apache.ratis.thirdparty.io.netty.channel.nio.AbstractNioChannel$AbstractNioUnsafe.finishConnect(AbstractNioChannel.java:340)
	at org.apache.ratis.thirdparty.io.netty.channel.nio.NioEventLoop.processSelectedKey(NioEventLoop.java:632)
	at org.apache.ratis.thirdparty.io.netty.channel.nio.NioEventLoop.processSelectedKeysOptimized(NioEventLoop.java:579)
	at org.apache.ratis.thirdparty.io.netty.channel.nio.NioEventLoop.processSelectedKeys(NioEventLoop.java:496)
	at org.apache.ratis.thirdparty.io.netty.channel.nio.NioEventLoop.run(NioEventLoop.java:458)
	at org.apache.ratis.thirdparty.io.netty.util.concurrent.SingleThreadEventExecutor$5.run(SingleThreadEventExecutor.java:897)
	at org.apache.ratis.thirdparty.io.netty.util.concurrent.FastThreadLocalRunnable.run(FastThreadLocalRunnable.java:30)
	... 1 more
Caused by: java.net.ConnectException: Connection refused
	... 11 more
2019-10-18 14:59:08,308 [327657b1-60f8-49f2-b2a3-f63e1f934942@group-58A987F56150-LeaderElection478] INFO  impl.RaftServerImpl (RaftServerImpl.java:setRole(184)) - 327657b1-60f8-49f2-b2a3-f63e1f934942@group-58A987F56150: changes role from CANDIDATE to FOLLOWER at term 547 for DISCOVERED_A_NEW_TERM
2019-10-18 14:59:08,308 [327657b1-60f8-49f2-b2a3-f63e1f934942@group-58A987F56150-LeaderElection478] INFO  impl.RoleInfo (RoleInfo.java:shutdownLeaderElection(134)) - 327657b1-60f8-49f2-b2a3-f63e1f934942: shutdown LeaderElection
2019-10-18 14:59:08,308 [327657b1-60f8-49f2-b2a3-f63e1f934942@group-58A987F56150-LeaderElection478] INFO  impl.RoleInfo (RoleInfo.java:updateAndGet(143)) - 327657b1-60f8-49f2-b2a3-f63e1f934942: start FollowerState
2019-10-18 14:59:08,424 [Thread-3470] INFO  impl.FollowerState (FollowerState.java:run(108)) - 327657b1-60f8-49f2-b2a3-f63e1f934942@group-58A987F56150-FollowerState: change to CANDIDATE, lastRpcTime:116ms, electionTimeout:116ms
2019-10-18 14:59:08,424 [Thread-3470] INFO  impl.RoleInfo (RoleInfo.java:shutdownFollowerState(121)) - 327657b1-60f8-49f2-b2a3-f63e1f934942: shutdown FollowerState
2019-10-18 14:59:08,424 [Thread-3470] INFO  impl.RaftServerImpl (RaftServerImpl.java:setRole(184)) - 327657b1-60f8-49f2-b2a3-f63e1f934942@group-58A987F56150: changes role from  FOLLOWER to CANDIDATE at term 547 for changeToCandidate
2019-10-18 14:59:08,424 [Thread-3470] INFO  impl.RoleInfo (RoleInfo.java:updateAndGet(143)) - 327657b1-60f8-49f2-b2a3-f63e1f934942: start LeaderElection
2019-10-18 14:59:08,439 [327657b1-60f8-49f2-b2a3-f63e1f934942@group-58A987F56150-LeaderElection479] INFO  impl.LeaderElection (LeaderElection.java:askForVotes(178)) - 327657b1-60f8-49f2-b2a3-f63e1f934942@group-58A987F56150-LeaderElection479: begin an election at term 548 for -1: [6605b8a5-570b-4977-9ee7-6aaf3012bed5:192.168.164.233:35223, 327657b1-60f8-49f2-b2a3-f63e1f934942:192.168.164.233:41966, ddd4789c-894d-475a-bbfb-f6e7aa670c92:192.168.164.233:41061], old=null
2019-10-18 14:59:08,440 [327657b1-60f8-49f2-b2a3-f63e1f934942@group-58A987F56150-LeaderElection479] INFO  impl.LeaderElection (LogUtils.java:infoOrTrace(149)) - 327657b1-60f8-49f2-b2a3-f63e1f934942@group-58A987F56150-LeaderElection479 got exception when requesting votes: {}
java.util.concurrent.ExecutionException: org.apache.ratis.thirdparty.io.grpc.StatusRuntimeException: UNAVAILABLE: io exception
	at java.util.concurrent.FutureTask.report(FutureTask.java:122)
	at java.util.concurrent.FutureTask.get(FutureTask.java:192)
	at org.apache.ratis.server.impl.LeaderElection.waitForResults(LeaderElection.java:259)
	at org.apache.ratis.server.impl.LeaderElection.askForVotes(LeaderElection.java:197)
	at org.apache.ratis.server.impl.LeaderElection.run(LeaderElection.java:133)
	at java.lang.Thread.run(Thread.java:748)
Caused by: org.apache.ratis.thirdparty.io.grpc.StatusRuntimeException: UNAVAILABLE: io exception
	at org.apache.ratis.thirdparty.io.grpc.stub.ClientCalls.toStatusRuntimeException(ClientCalls.java:233)
	at org.apache.ratis.thirdparty.io.grpc.stub.ClientCalls.getUnchecked(ClientCalls.java:214)
	at org.apache.ratis.thirdparty.io.grpc.stub.ClientCalls.blockingUnaryCall(ClientCalls.java:139)
	at org.apache.ratis.proto.grpc.RaftServerProtocolServiceGrpc$RaftServerProtocolServiceBlockingStub.requestVote(RaftServerProtocolServiceGrpc.java:265)
	at org.apache.ratis.grpc.server.GrpcServerProtocolClient.requestVote(GrpcServerProtocolClient.java:99)
	at org.apache.ratis.grpc.server.GrpcService.requestVote(GrpcService.java:204)
	at org.apache.ratis.server.impl.LeaderElection.lambda$submitRequests$1(LeaderElection.java:234)
	at java.util.concurrent.FutureTask.run(FutureTask.java:266)
	at java.util.concurrent.Executors$RunnableAdapter.call(Executors.java:511)
	at java.util.concurrent.FutureTask.run(FutureTask.java:266)
	at java.util.concurrent.ThreadPoolExecutor.runWorker(ThreadPoolExecutor.java:1149)
	at java.util.concurrent.ThreadPoolExecutor$Worker.run(ThreadPoolExecutor.java:624)
	... 1 more
Caused by: org.apache.ratis.thirdparty.io.netty.channel.AbstractChannel$AnnotatedConnectException: Connection refused: /192.168.164.233:35223
	at sun.nio.ch.SocketChannelImpl.checkConnect(Native Method)
	at sun.nio.ch.SocketChannelImpl.finishConnect(SocketChannelImpl.java:717)
	at org.apache.ratis.thirdparty.io.netty.channel.socket.nio.NioSocketChannel.doFinishConnect(NioSocketChannel.java:327)
	at org.apache.ratis.thirdparty.io.netty.channel.nio.AbstractNioChannel$AbstractNioUnsafe.finishConnect(AbstractNioChannel.java:340)
	at org.apache.ratis.thirdparty.io.netty.channel.nio.NioEventLoop.processSelectedKey(NioEventLoop.java:632)
	at org.apache.ratis.thirdparty.io.netty.channel.nio.NioEventLoop.processSelectedKeysOptimized(NioEventLoop.java:579)
	at org.apache.ratis.thirdparty.io.netty.channel.nio.NioEventLoop.processSelectedKeys(NioEventLoop.java:496)
	at org.apache.ratis.thirdparty.io.netty.channel.nio.NioEventLoop.run(NioEventLoop.java:458)
	at org.apache.ratis.thirdparty.io.netty.util.concurrent.SingleThreadEventExecutor$5.run(SingleThreadEventExecutor.java:897)
	at org.apache.ratis.thirdparty.io.netty.util.concurrent.FastThreadLocalRunnable.run(FastThreadLocalRunnable.java:30)
	... 1 more
Caused by: java.net.ConnectException: Connection refused
	... 11 more
2019-10-18 14:59:08,440 [327657b1-60f8-49f2-b2a3-f63e1f934942@group-58A987F56150-LeaderElection479] INFO  impl.LeaderElection (LogUtils.java:infoOrTrace(149)) - 327657b1-60f8-49f2-b2a3-f63e1f934942@group-58A987F56150-LeaderElection479 got exception when requesting votes: {}
java.util.concurrent.ExecutionException: org.apache.ratis.thirdparty.io.grpc.StatusRuntimeException: UNAVAILABLE: io exception
	at java.util.concurrent.FutureTask.report(FutureTask.java:122)
	at java.util.concurrent.FutureTask.get(FutureTask.java:192)
	at org.apache.ratis.server.impl.LeaderElection.waitForResults(LeaderElection.java:259)
	at org.apache.ratis.server.impl.LeaderElection.askForVotes(LeaderElection.java:197)
	at org.apache.ratis.server.impl.LeaderElection.run(LeaderElection.java:133)
	at java.lang.Thread.run(Thread.java:748)
Caused by: org.apache.ratis.thirdparty.io.grpc.StatusRuntimeException: UNAVAILABLE: io exception
	at org.apache.ratis.thirdparty.io.grpc.stub.ClientCalls.toStatusRuntimeException(ClientCalls.java:233)
	at org.apache.ratis.thirdparty.io.grpc.stub.ClientCalls.getUnchecked(ClientCalls.java:214)
	at org.apache.ratis.thirdparty.io.grpc.stub.ClientCalls.blockingUnaryCall(ClientCalls.java:139)
	at org.apache.ratis.proto.grpc.RaftServerProtocolServiceGrpc$RaftServerProtocolServiceBlockingStub.requestVote(RaftServerProtocolServiceGrpc.java:265)
	at org.apache.ratis.grpc.server.GrpcServerProtocolClient.requestVote(GrpcServerProtocolClient.java:99)
	at org.apache.ratis.grpc.server.GrpcService.requestVote(GrpcService.java:204)
	at org.apache.ratis.server.impl.LeaderElection.lambda$submitRequests$1(LeaderElection.java:234)
	at java.util.concurrent.FutureTask.run(FutureTask.java:266)
	at java.util.concurrent.Executors$RunnableAdapter.call(Executors.java:511)
	at java.util.concurrent.FutureTask.run(FutureTask.java:266)
	at java.util.concurrent.ThreadPoolExecutor.runWorker(ThreadPoolExecutor.java:1149)
	at java.util.concurrent.ThreadPoolExecutor$Worker.run(ThreadPoolExecutor.java:624)
	... 1 more
Caused by: org.apache.ratis.thirdparty.io.netty.channel.AbstractChannel$AnnotatedConnectException: Connection refused: /192.168.164.233:41061
	at sun.nio.ch.SocketChannelImpl.checkConnect(Native Method)
	at sun.nio.ch.SocketChannelImpl.finishConnect(SocketChannelImpl.java:717)
	at org.apache.ratis.thirdparty.io.netty.channel.socket.nio.NioSocketChannel.doFinishConnect(NioSocketChannel.java:327)
	at org.apache.ratis.thirdparty.io.netty.channel.nio.AbstractNioChannel$AbstractNioUnsafe.finishConnect(AbstractNioChannel.java:340)
	at org.apache.ratis.thirdparty.io.netty.channel.nio.NioEventLoop.processSelectedKey(NioEventLoop.java:632)
	at org.apache.ratis.thirdparty.io.netty.channel.nio.NioEventLoop.processSelectedKeysOptimized(NioEventLoop.java:579)
	at org.apache.ratis.thirdparty.io.netty.channel.nio.NioEventLoop.processSelectedKeys(NioEventLoop.java:496)
	at org.apache.ratis.thirdparty.io.netty.channel.nio.NioEventLoop.run(NioEventLoop.java:458)
	at org.apache.ratis.thirdparty.io.netty.util.concurrent.SingleThreadEventExecutor$5.run(SingleThreadEventExecutor.java:897)
	at org.apache.ratis.thirdparty.io.netty.util.concurrent.FastThreadLocalRunnable.run(FastThreadLocalRunnable.java:30)
	... 1 more
Caused by: java.net.ConnectException: Connection refused
	... 11 more
2019-10-18 14:59:08,441 [327657b1-60f8-49f2-b2a3-f63e1f934942@group-58A987F56150-LeaderElection479] INFO  impl.LeaderElection (LeaderElection.java:logAndReturn(56)) - 327657b1-60f8-49f2-b2a3-f63e1f934942@group-58A987F56150-LeaderElection479: Election REJECTED; received 0 response(s) [] and 2 exception(s); 327657b1-60f8-49f2-b2a3-f63e1f934942@group-58A987F56150:t548, leader=null, voted=327657b1-60f8-49f2-b2a3-f63e1f934942, raftlog=327657b1-60f8-49f2-b2a3-f63e1f934942@group-58A987F56150-SegmentedRaftLog:OPENED:c-1,f-1,i0, conf=-1: [6605b8a5-570b-4977-9ee7-6aaf3012bed5:192.168.164.233:35223, 327657b1-60f8-49f2-b2a3-f63e1f934942:192.168.164.233:41966, ddd4789c-894d-475a-bbfb-f6e7aa670c92:192.168.164.233:41061], old=null
2019-10-18 14:59:08,441 [327657b1-60f8-49f2-b2a3-f63e1f934942@group-58A987F56150-LeaderElection479] INFO  impl.LeaderElection (LogUtils.java:infoOrTrace(149)) -   Exception 0: {}
java.util.concurrent.ExecutionException: org.apache.ratis.thirdparty.io.grpc.StatusRuntimeException: UNAVAILABLE: io exception
	at java.util.concurrent.FutureTask.report(FutureTask.java:122)
	at java.util.concurrent.FutureTask.get(FutureTask.java:192)
	at org.apache.ratis.server.impl.LeaderElection.waitForResults(LeaderElection.java:259)
	at org.apache.ratis.server.impl.LeaderElection.askForVotes(LeaderElection.java:197)
	at org.apache.ratis.server.impl.LeaderElection.run(LeaderElection.java:133)
	at java.lang.Thread.run(Thread.java:748)
Caused by: org.apache.ratis.thirdparty.io.grpc.StatusRuntimeException: UNAVAILABLE: io exception
	at org.apache.ratis.thirdparty.io.grpc.stub.ClientCalls.toStatusRuntimeException(ClientCalls.java:233)
	at org.apache.ratis.thirdparty.io.grpc.stub.ClientCalls.getUnchecked(ClientCalls.java:214)
	at org.apache.ratis.thirdparty.io.grpc.stub.ClientCalls.blockingUnaryCall(ClientCalls.java:139)
	at org.apache.ratis.proto.grpc.RaftServerProtocolServiceGrpc$RaftServerProtocolServiceBlockingStub.requestVote(RaftServerProtocolServiceGrpc.java:265)
	at org.apache.ratis.grpc.server.GrpcServerProtocolClient.requestVote(GrpcServerProtocolClient.java:99)
	at org.apache.ratis.grpc.server.GrpcService.requestVote(GrpcService.java:204)
	at org.apache.ratis.server.impl.LeaderElection.lambda$submitRequests$1(LeaderElection.java:234)
	at java.util.concurrent.FutureTask.run(FutureTask.java:266)
	at java.util.concurrent.Executors$RunnableAdapter.call(Executors.java:511)
	at java.util.concurrent.FutureTask.run(FutureTask.java:266)
	at java.util.concurrent.ThreadPoolExecutor.runWorker(ThreadPoolExecutor.java:1149)
	at java.util.concurrent.ThreadPoolExecutor$Worker.run(ThreadPoolExecutor.java:624)
	... 1 more
Caused by: org.apache.ratis.thirdparty.io.netty.channel.AbstractChannel$AnnotatedConnectException: Connection refused: /192.168.164.233:35223
	at sun.nio.ch.SocketChannelImpl.checkConnect(Native Method)
	at sun.nio.ch.SocketChannelImpl.finishConnect(SocketChannelImpl.java:717)
	at org.apache.ratis.thirdparty.io.netty.channel.socket.nio.NioSocketChannel.doFinishConnect(NioSocketChannel.java:327)
	at org.apache.ratis.thirdparty.io.netty.channel.nio.AbstractNioChannel$AbstractNioUnsafe.finishConnect(AbstractNioChannel.java:340)
	at org.apache.ratis.thirdparty.io.netty.channel.nio.NioEventLoop.processSelectedKey(NioEventLoop.java:632)
	at org.apache.ratis.thirdparty.io.netty.channel.nio.NioEventLoop.processSelectedKeysOptimized(NioEventLoop.java:579)
	at org.apache.ratis.thirdparty.io.netty.channel.nio.NioEventLoop.processSelectedKeys(NioEventLoop.java:496)
	at org.apache.ratis.thirdparty.io.netty.channel.nio.NioEventLoop.run(NioEventLoop.java:458)
	at org.apache.ratis.thirdparty.io.netty.util.concurrent.SingleThreadEventExecutor$5.run(SingleThreadEventExecutor.java:897)
	at org.apache.ratis.thirdparty.io.netty.util.concurrent.FastThreadLocalRunnable.run(FastThreadLocalRunnable.java:30)
	... 1 more
Caused by: java.net.ConnectException: Connection refused
	... 11 more
2019-10-18 14:59:08,441 [327657b1-60f8-49f2-b2a3-f63e1f934942@group-58A987F56150-LeaderElection479] INFO  impl.LeaderElection (LogUtils.java:infoOrTrace(149)) -   Exception 1: {}
java.util.concurrent.ExecutionException: org.apache.ratis.thirdparty.io.grpc.StatusRuntimeException: UNAVAILABLE: io exception
	at java.util.concurrent.FutureTask.report(FutureTask.java:122)
	at java.util.concurrent.FutureTask.get(FutureTask.java:192)
	at org.apache.ratis.server.impl.LeaderElection.waitForResults(LeaderElection.java:259)
	at org.apache.ratis.server.impl.LeaderElection.askForVotes(LeaderElection.java:197)
	at org.apache.ratis.server.impl.LeaderElection.run(LeaderElection.java:133)
	at java.lang.Thread.run(Thread.java:748)
Caused by: org.apache.ratis.thirdparty.io.grpc.StatusRuntimeException: UNAVAILABLE: io exception
	at org.apache.ratis.thirdparty.io.grpc.stub.ClientCalls.toStatusRuntimeException(ClientCalls.java:233)
	at org.apache.ratis.thirdparty.io.grpc.stub.ClientCalls.getUnchecked(ClientCalls.java:214)
	at org.apache.ratis.thirdparty.io.grpc.stub.ClientCalls.blockingUnaryCall(ClientCalls.java:139)
	at org.apache.ratis.proto.grpc.RaftServerProtocolServiceGrpc$RaftServerProtocolServiceBlockingStub.requestVote(RaftServerProtocolServiceGrpc.java:265)
	at org.apache.ratis.grpc.server.GrpcServerProtocolClient.requestVote(GrpcServerProtocolClient.java:99)
	at org.apache.ratis.grpc.server.GrpcService.requestVote(GrpcService.java:204)
	at org.apache.ratis.server.impl.LeaderElection.lambda$submitRequests$1(LeaderElection.java:234)
	at java.util.concurrent.FutureTask.run(FutureTask.java:266)
	at java.util.concurrent.Executors$RunnableAdapter.call(Executors.java:511)
	at java.util.concurrent.FutureTask.run(FutureTask.java:266)
	at java.util.concurrent.ThreadPoolExecutor.runWorker(ThreadPoolExecutor.java:1149)
	at java.util.concurrent.ThreadPoolExecutor$Worker.run(ThreadPoolExecutor.java:624)
	... 1 more
Caused by: org.apache.ratis.thirdparty.io.netty.channel.AbstractChannel$AnnotatedConnectException: Connection refused: /192.168.164.233:41061
	at sun.nio.ch.SocketChannelImpl.checkConnect(Native Method)
	at sun.nio.ch.SocketChannelImpl.finishConnect(SocketChannelImpl.java:717)
	at org.apache.ratis.thirdparty.io.netty.channel.socket.nio.NioSocketChannel.doFinishConnect(NioSocketChannel.java:327)
	at org.apache.ratis.thirdparty.io.netty.channel.nio.AbstractNioChannel$AbstractNioUnsafe.finishConnect(AbstractNioChannel.java:340)
	at org.apache.ratis.thirdparty.io.netty.channel.nio.NioEventLoop.processSelectedKey(NioEventLoop.java:632)
	at org.apache.ratis.thirdparty.io.netty.channel.nio.NioEventLoop.processSelectedKeysOptimized(NioEventLoop.java:579)
	at org.apache.ratis.thirdparty.io.netty.channel.nio.NioEventLoop.processSelectedKeys(NioEventLoop.java:496)
	at org.apache.ratis.thirdparty.io.netty.channel.nio.NioEventLoop.run(NioEventLoop.java:458)
	at org.apache.ratis.thirdparty.io.netty.util.concurrent.SingleThreadEventExecutor$5.run(SingleThreadEventExecutor.java:897)
	at org.apache.ratis.thirdparty.io.netty.util.concurrent.FastThreadLocalRunnable.run(FastThreadLocalRunnable.java:30)
	... 1 more
Caused by: java.net.ConnectException: Connection refused
	... 11 more
2019-10-18 14:59:08,441 [327657b1-60f8-49f2-b2a3-f63e1f934942@group-58A987F56150-LeaderElection479] INFO  impl.RaftServerImpl (RaftServerImpl.java:setRole(184)) - 327657b1-60f8-49f2-b2a3-f63e1f934942@group-58A987F56150: changes role from CANDIDATE to FOLLOWER at term 548 for DISCOVERED_A_NEW_TERM
2019-10-18 14:59:08,441 [327657b1-60f8-49f2-b2a3-f63e1f934942@group-58A987F56150-LeaderElection479] INFO  impl.RoleInfo (RoleInfo.java:shutdownLeaderElection(134)) - 327657b1-60f8-49f2-b2a3-f63e1f934942: shutdown LeaderElection
2019-10-18 14:59:08,441 [327657b1-60f8-49f2-b2a3-f63e1f934942@group-58A987F56150-LeaderElection479] INFO  impl.RoleInfo (RoleInfo.java:updateAndGet(143)) - 327657b1-60f8-49f2-b2a3-f63e1f934942: start FollowerState
2019-10-18 14:59:08,633 [Thread-3475] INFO  impl.FollowerState (FollowerState.java:run(108)) - 327657b1-60f8-49f2-b2a3-f63e1f934942@group-58A987F56150-FollowerState: change to CANDIDATE, lastRpcTime:191ms, electionTimeout:191ms
2019-10-18 14:59:08,633 [Thread-3475] INFO  impl.RoleInfo (RoleInfo.java:shutdownFollowerState(121)) - 327657b1-60f8-49f2-b2a3-f63e1f934942: shutdown FollowerState
2019-10-18 14:59:08,633 [Thread-3475] INFO  impl.RaftServerImpl (RaftServerImpl.java:setRole(184)) - 327657b1-60f8-49f2-b2a3-f63e1f934942@group-58A987F56150: changes role from  FOLLOWER to CANDIDATE at term 548 for changeToCandidate
2019-10-18 14:59:08,633 [Thread-3475] INFO  impl.RoleInfo (RoleInfo.java:updateAndGet(143)) - 327657b1-60f8-49f2-b2a3-f63e1f934942: start LeaderElection
2019-10-18 14:59:08,647 [327657b1-60f8-49f2-b2a3-f63e1f934942@group-58A987F56150-LeaderElection480] INFO  impl.LeaderElection (LeaderElection.java:askForVotes(178)) - 327657b1-60f8-49f2-b2a3-f63e1f934942@group-58A987F56150-LeaderElection480: begin an election at term 549 for -1: [6605b8a5-570b-4977-9ee7-6aaf3012bed5:192.168.164.233:35223, 327657b1-60f8-49f2-b2a3-f63e1f934942:192.168.164.233:41966, ddd4789c-894d-475a-bbfb-f6e7aa670c92:192.168.164.233:41061], old=null
2019-10-18 14:59:08,648 [327657b1-60f8-49f2-b2a3-f63e1f934942@group-58A987F56150-LeaderElection480] INFO  impl.LeaderElection (LogUtils.java:infoOrTrace(149)) - 327657b1-60f8-49f2-b2a3-f63e1f934942@group-58A987F56150-LeaderElection480 got exception when requesting votes: {}
java.util.concurrent.ExecutionException: org.apache.ratis.thirdparty.io.grpc.StatusRuntimeException: UNAVAILABLE: io exception
	at java.util.concurrent.FutureTask.report(FutureTask.java:122)
	at java.util.concurrent.FutureTask.get(FutureTask.java:192)
	at org.apache.ratis.server.impl.LeaderElection.waitForResults(LeaderElection.java:259)
	at org.apache.ratis.server.impl.LeaderElection.askForVotes(LeaderElection.java:197)
	at org.apache.ratis.server.impl.LeaderElection.run(LeaderElection.java:133)
	at java.lang.Thread.run(Thread.java:748)
Caused by: org.apache.ratis.thirdparty.io.grpc.StatusRuntimeException: UNAVAILABLE: io exception
	at org.apache.ratis.thirdparty.io.grpc.stub.ClientCalls.toStatusRuntimeException(ClientCalls.java:233)
	at org.apache.ratis.thirdparty.io.grpc.stub.ClientCalls.getUnchecked(ClientCalls.java:214)
	at org.apache.ratis.thirdparty.io.grpc.stub.ClientCalls.blockingUnaryCall(ClientCalls.java:139)
	at org.apache.ratis.proto.grpc.RaftServerProtocolServiceGrpc$RaftServerProtocolServiceBlockingStub.requestVote(RaftServerProtocolServiceGrpc.java:265)
	at org.apache.ratis.grpc.server.GrpcServerProtocolClient.requestVote(GrpcServerProtocolClient.java:99)
	at org.apache.ratis.grpc.server.GrpcService.requestVote(GrpcService.java:204)
	at org.apache.ratis.server.impl.LeaderElection.lambda$submitRequests$1(LeaderElection.java:234)
	at java.util.concurrent.FutureTask.run(FutureTask.java:266)
	at java.util.concurrent.Executors$RunnableAdapter.call(Executors.java:511)
	at java.util.concurrent.FutureTask.run(FutureTask.java:266)
	at java.util.concurrent.ThreadPoolExecutor.runWorker(ThreadPoolExecutor.java:1149)
	at java.util.concurrent.ThreadPoolExecutor$Worker.run(ThreadPoolExecutor.java:624)
	... 1 more
Caused by: org.apache.ratis.thirdparty.io.netty.channel.AbstractChannel$AnnotatedConnectException: Connection refused: /192.168.164.233:41061
	at sun.nio.ch.SocketChannelImpl.checkConnect(Native Method)
	at sun.nio.ch.SocketChannelImpl.finishConnect(SocketChannelImpl.java:717)
	at org.apache.ratis.thirdparty.io.netty.channel.socket.nio.NioSocketChannel.doFinishConnect(NioSocketChannel.java:327)
	at org.apache.ratis.thirdparty.io.netty.channel.nio.AbstractNioChannel$AbstractNioUnsafe.finishConnect(AbstractNioChannel.java:340)
	at org.apache.ratis.thirdparty.io.netty.channel.nio.NioEventLoop.processSelectedKey(NioEventLoop.java:632)
	at org.apache.ratis.thirdparty.io.netty.channel.nio.NioEventLoop.processSelectedKeysOptimized(NioEventLoop.java:579)
	at org.apache.ratis.thirdparty.io.netty.channel.nio.NioEventLoop.processSelectedKeys(NioEventLoop.java:496)
	at org.apache.ratis.thirdparty.io.netty.channel.nio.NioEventLoop.run(NioEventLoop.java:458)
	at org.apache.ratis.thirdparty.io.netty.util.concurrent.SingleThreadEventExecutor$5.run(SingleThreadEventExecutor.java:897)
	at org.apache.ratis.thirdparty.io.netty.util.concurrent.FastThreadLocalRunnable.run(FastThreadLocalRunnable.java:30)
	... 1 more
Caused by: java.net.ConnectException: Connection refused
	... 11 more
2019-10-18 14:59:08,648 [327657b1-60f8-49f2-b2a3-f63e1f934942@group-58A987F56150-LeaderElection480] INFO  impl.LeaderElection (LogUtils.java:infoOrTrace(149)) - 327657b1-60f8-49f2-b2a3-f63e1f934942@group-58A987F56150-LeaderElection480 got exception when requesting votes: {}
java.util.concurrent.ExecutionException: org.apache.ratis.thirdparty.io.grpc.StatusRuntimeException: UNAVAILABLE: io exception
	at java.util.concurrent.FutureTask.report(FutureTask.java:122)
	at java.util.concurrent.FutureTask.get(FutureTask.java:192)
	at org.apache.ratis.server.impl.LeaderElection.waitForResults(LeaderElection.java:259)
	at org.apache.ratis.server.impl.LeaderElection.askForVotes(LeaderElection.java:197)
	at org.apache.ratis.server.impl.LeaderElection.run(LeaderElection.java:133)
	at java.lang.Thread.run(Thread.java:748)
Caused by: org.apache.ratis.thirdparty.io.grpc.StatusRuntimeException: UNAVAILABLE: io exception
	at org.apache.ratis.thirdparty.io.grpc.stub.ClientCalls.toStatusRuntimeException(ClientCalls.java:233)
	at org.apache.ratis.thirdparty.io.grpc.stub.ClientCalls.getUnchecked(ClientCalls.java:214)
	at org.apache.ratis.thirdparty.io.grpc.stub.ClientCalls.blockingUnaryCall(ClientCalls.java:139)
	at org.apache.ratis.proto.grpc.RaftServerProtocolServiceGrpc$RaftServerProtocolServiceBlockingStub.requestVote(RaftServerProtocolServiceGrpc.java:265)
	at org.apache.ratis.grpc.server.GrpcServerProtocolClient.requestVote(GrpcServerProtocolClient.java:99)
	at org.apache.ratis.grpc.server.GrpcService.requestVote(GrpcService.java:204)
	at org.apache.ratis.server.impl.LeaderElection.lambda$submitRequests$1(LeaderElection.java:234)
	at java.util.concurrent.FutureTask.run(FutureTask.java:266)
	at java.util.concurrent.Executors$RunnableAdapter.call(Executors.java:511)
	at java.util.concurrent.FutureTask.run(FutureTask.java:266)
	at java.util.concurrent.ThreadPoolExecutor.runWorker(ThreadPoolExecutor.java:1149)
	at java.util.concurrent.ThreadPoolExecutor$Worker.run(ThreadPoolExecutor.java:624)
	... 1 more
Caused by: org.apache.ratis.thirdparty.io.netty.channel.AbstractChannel$AnnotatedConnectException: Connection refused: /192.168.164.233:35223
	at sun.nio.ch.SocketChannelImpl.checkConnect(Native Method)
	at sun.nio.ch.SocketChannelImpl.finishConnect(SocketChannelImpl.java:717)
	at org.apache.ratis.thirdparty.io.netty.channel.socket.nio.NioSocketChannel.doFinishConnect(NioSocketChannel.java:327)
	at org.apache.ratis.thirdparty.io.netty.channel.nio.AbstractNioChannel$AbstractNioUnsafe.finishConnect(AbstractNioChannel.java:340)
	at org.apache.ratis.thirdparty.io.netty.channel.nio.NioEventLoop.processSelectedKey(NioEventLoop.java:632)
	at org.apache.ratis.thirdparty.io.netty.channel.nio.NioEventLoop.processSelectedKeysOptimized(NioEventLoop.java:579)
	at org.apache.ratis.thirdparty.io.netty.channel.nio.NioEventLoop.processSelectedKeys(NioEventLoop.java:496)
	at org.apache.ratis.thirdparty.io.netty.channel.nio.NioEventLoop.run(NioEventLoop.java:458)
	at org.apache.ratis.thirdparty.io.netty.util.concurrent.SingleThreadEventExecutor$5.run(SingleThreadEventExecutor.java:897)
	at org.apache.ratis.thirdparty.io.netty.util.concurrent.FastThreadLocalRunnable.run(FastThreadLocalRunnable.java:30)
	... 1 more
Caused by: java.net.ConnectException: Connection refused
	... 11 more
2019-10-18 14:59:08,648 [327657b1-60f8-49f2-b2a3-f63e1f934942@group-58A987F56150-LeaderElection480] INFO  impl.LeaderElection (LeaderElection.java:logAndReturn(56)) - 327657b1-60f8-49f2-b2a3-f63e1f934942@group-58A987F56150-LeaderElection480: Election REJECTED; received 0 response(s) [] and 2 exception(s); 327657b1-60f8-49f2-b2a3-f63e1f934942@group-58A987F56150:t549, leader=null, voted=327657b1-60f8-49f2-b2a3-f63e1f934942, raftlog=327657b1-60f8-49f2-b2a3-f63e1f934942@group-58A987F56150-SegmentedRaftLog:OPENED:c-1,f-1,i0, conf=-1: [6605b8a5-570b-4977-9ee7-6aaf3012bed5:192.168.164.233:35223, 327657b1-60f8-49f2-b2a3-f63e1f934942:192.168.164.233:41966, ddd4789c-894d-475a-bbfb-f6e7aa670c92:192.168.164.233:41061], old=null
2019-10-18 14:59:08,649 [327657b1-60f8-49f2-b2a3-f63e1f934942@group-58A987F56150-LeaderElection480] INFO  impl.LeaderElection (LogUtils.java:infoOrTrace(149)) -   Exception 0: {}
java.util.concurrent.ExecutionException: org.apache.ratis.thirdparty.io.grpc.StatusRuntimeException: UNAVAILABLE: io exception
	at java.util.concurrent.FutureTask.report(FutureTask.java:122)
	at java.util.concurrent.FutureTask.get(FutureTask.java:192)
	at org.apache.ratis.server.impl.LeaderElection.waitForResults(LeaderElection.java:259)
	at org.apache.ratis.server.impl.LeaderElection.askForVotes(LeaderElection.java:197)
	at org.apache.ratis.server.impl.LeaderElection.run(LeaderElection.java:133)
	at java.lang.Thread.run(Thread.java:748)
Caused by: org.apache.ratis.thirdparty.io.grpc.StatusRuntimeException: UNAVAILABLE: io exception
	at org.apache.ratis.thirdparty.io.grpc.stub.ClientCalls.toStatusRuntimeException(ClientCalls.java:233)
	at org.apache.ratis.thirdparty.io.grpc.stub.ClientCalls.getUnchecked(ClientCalls.java:214)
	at org.apache.ratis.thirdparty.io.grpc.stub.ClientCalls.blockingUnaryCall(ClientCalls.java:139)
	at org.apache.ratis.proto.grpc.RaftServerProtocolServiceGrpc$RaftServerProtocolServiceBlockingStub.requestVote(RaftServerProtocolServiceGrpc.java:265)
	at org.apache.ratis.grpc.server.GrpcServerProtocolClient.requestVote(GrpcServerProtocolClient.java:99)
	at org.apache.ratis.grpc.server.GrpcService.requestVote(GrpcService.java:204)
	at org.apache.ratis.server.impl.LeaderElection.lambda$submitRequests$1(LeaderElection.java:234)
	at java.util.concurrent.FutureTask.run(FutureTask.java:266)
	at java.util.concurrent.Executors$RunnableAdapter.call(Executors.java:511)
	at java.util.concurrent.FutureTask.run(FutureTask.java:266)
	at java.util.concurrent.ThreadPoolExecutor.runWorker(ThreadPoolExecutor.java:1149)
	at java.util.concurrent.ThreadPoolExecutor$Worker.run(ThreadPoolExecutor.java:624)
	... 1 more
Caused by: org.apache.ratis.thirdparty.io.netty.channel.AbstractChannel$AnnotatedConnectException: Connection refused: /192.168.164.233:41061
	at sun.nio.ch.SocketChannelImpl.checkConnect(Native Method)
	at sun.nio.ch.SocketChannelImpl.finishConnect(SocketChannelImpl.java:717)
	at org.apache.ratis.thirdparty.io.netty.channel.socket.nio.NioSocketChannel.doFinishConnect(NioSocketChannel.java:327)
	at org.apache.ratis.thirdparty.io.netty.channel.nio.AbstractNioChannel$AbstractNioUnsafe.finishConnect(AbstractNioChannel.java:340)
	at org.apache.ratis.thirdparty.io.netty.channel.nio.NioEventLoop.processSelectedKey(NioEventLoop.java:632)
	at org.apache.ratis.thirdparty.io.netty.channel.nio.NioEventLoop.processSelectedKeysOptimized(NioEventLoop.java:579)
	at org.apache.ratis.thirdparty.io.netty.channel.nio.NioEventLoop.processSelectedKeys(NioEventLoop.java:496)
	at org.apache.ratis.thirdparty.io.netty.channel.nio.NioEventLoop.run(NioEventLoop.java:458)
	at org.apache.ratis.thirdparty.io.netty.util.concurrent.SingleThreadEventExecutor$5.run(SingleThreadEventExecutor.java:897)
	at org.apache.ratis.thirdparty.io.netty.util.concurrent.FastThreadLocalRunnable.run(FastThreadLocalRunnable.java:30)
	... 1 more
Caused by: java.net.ConnectException: Connection refused
	... 11 more
2019-10-18 14:59:08,649 [327657b1-60f8-49f2-b2a3-f63e1f934942@group-58A987F56150-LeaderElection480] INFO  impl.LeaderElection (LogUtils.java:infoOrTrace(149)) -   Exception 1: {}
java.util.concurrent.ExecutionException: org.apache.ratis.thirdparty.io.grpc.StatusRuntimeException: UNAVAILABLE: io exception
	at java.util.concurrent.FutureTask.report(FutureTask.java:122)
	at java.util.concurrent.FutureTask.get(FutureTask.java:192)
	at org.apache.ratis.server.impl.LeaderElection.waitForResults(LeaderElection.java:259)
	at org.apache.ratis.server.impl.LeaderElection.askForVotes(LeaderElection.java:197)
	at org.apache.ratis.server.impl.LeaderElection.run(LeaderElection.java:133)
	at java.lang.Thread.run(Thread.java:748)
Caused by: org.apache.ratis.thirdparty.io.grpc.StatusRuntimeException: UNAVAILABLE: io exception
	at org.apache.ratis.thirdparty.io.grpc.stub.ClientCalls.toStatusRuntimeException(ClientCalls.java:233)
	at org.apache.ratis.thirdparty.io.grpc.stub.ClientCalls.getUnchecked(ClientCalls.java:214)
	at org.apache.ratis.thirdparty.io.grpc.stub.ClientCalls.blockingUnaryCall(ClientCalls.java:139)
	at org.apache.ratis.proto.grpc.RaftServerProtocolServiceGrpc$RaftServerProtocolServiceBlockingStub.requestVote(RaftServerProtocolServiceGrpc.java:265)
	at org.apache.ratis.grpc.server.GrpcServerProtocolClient.requestVote(GrpcServerProtocolClient.java:99)
	at org.apache.ratis.grpc.server.GrpcService.requestVote(GrpcService.java:204)
	at org.apache.ratis.server.impl.LeaderElection.lambda$submitRequests$1(LeaderElection.java:234)
	at java.util.concurrent.FutureTask.run(FutureTask.java:266)
	at java.util.concurrent.Executors$RunnableAdapter.call(Executors.java:511)
	at java.util.concurrent.FutureTask.run(FutureTask.java:266)
	at java.util.concurrent.ThreadPoolExecutor.runWorker(ThreadPoolExecutor.java:1149)
	at java.util.concurrent.ThreadPoolExecutor$Worker.run(ThreadPoolExecutor.java:624)
	... 1 more
Caused by: org.apache.ratis.thirdparty.io.netty.channel.AbstractChannel$AnnotatedConnectException: Connection refused: /192.168.164.233:35223
	at sun.nio.ch.SocketChannelImpl.checkConnect(Native Method)
	at sun.nio.ch.SocketChannelImpl.finishConnect(SocketChannelImpl.java:717)
	at org.apache.ratis.thirdparty.io.netty.channel.socket.nio.NioSocketChannel.doFinishConnect(NioSocketChannel.java:327)
	at org.apache.ratis.thirdparty.io.netty.channel.nio.AbstractNioChannel$AbstractNioUnsafe.finishConnect(AbstractNioChannel.java:340)
	at org.apache.ratis.thirdparty.io.netty.channel.nio.NioEventLoop.processSelectedKey(NioEventLoop.java:632)
	at org.apache.ratis.thirdparty.io.netty.channel.nio.NioEventLoop.processSelectedKeysOptimized(NioEventLoop.java:579)
	at org.apache.ratis.thirdparty.io.netty.channel.nio.NioEventLoop.processSelectedKeys(NioEventLoop.java:496)
	at org.apache.ratis.thirdparty.io.netty.channel.nio.NioEventLoop.run(NioEventLoop.java:458)
	at org.apache.ratis.thirdparty.io.netty.util.concurrent.SingleThreadEventExecutor$5.run(SingleThreadEventExecutor.java:897)
	at org.apache.ratis.thirdparty.io.netty.util.concurrent.FastThreadLocalRunnable.run(FastThreadLocalRunnable.java:30)
	... 1 more
Caused by: java.net.ConnectException: Connection refused
	... 11 more
2019-10-18 14:59:08,649 [327657b1-60f8-49f2-b2a3-f63e1f934942@group-58A987F56150-LeaderElection480] INFO  impl.RaftServerImpl (RaftServerImpl.java:setRole(184)) - 327657b1-60f8-49f2-b2a3-f63e1f934942@group-58A987F56150: changes role from CANDIDATE to FOLLOWER at term 549 for DISCOVERED_A_NEW_TERM
2019-10-18 14:59:08,649 [327657b1-60f8-49f2-b2a3-f63e1f934942@group-58A987F56150-LeaderElection480] INFO  impl.RoleInfo (RoleInfo.java:shutdownLeaderElection(134)) - 327657b1-60f8-49f2-b2a3-f63e1f934942: shutdown LeaderElection
2019-10-18 14:59:08,649 [327657b1-60f8-49f2-b2a3-f63e1f934942@group-58A987F56150-LeaderElection480] INFO  impl.RoleInfo (RoleInfo.java:updateAndGet(143)) - 327657b1-60f8-49f2-b2a3-f63e1f934942: start FollowerState
2019-10-18 14:59:08,683 [Thread-3479] INFO  impl.FollowerState (FollowerState.java:run(108)) - 327657b1-60f8-49f2-b2a3-f63e1f934942@group-58A987F56150-FollowerState: change to CANDIDATE, lastRpcTime:33ms, electionTimeout:33ms
2019-10-18 14:59:08,683 [Thread-3479] INFO  impl.RoleInfo (RoleInfo.java:shutdownFollowerState(121)) - 327657b1-60f8-49f2-b2a3-f63e1f934942: shutdown FollowerState
2019-10-18 14:59:08,683 [Thread-3479] INFO  impl.RaftServerImpl (RaftServerImpl.java:setRole(184)) - 327657b1-60f8-49f2-b2a3-f63e1f934942@group-58A987F56150: changes role from  FOLLOWER to CANDIDATE at term 549 for changeToCandidate
2019-10-18 14:59:08,683 [Thread-3479] INFO  impl.RoleInfo (RoleInfo.java:updateAndGet(143)) - 327657b1-60f8-49f2-b2a3-f63e1f934942: start LeaderElection
2019-10-18 14:59:08,696 [327657b1-60f8-49f2-b2a3-f63e1f934942@group-58A987F56150-LeaderElection481] INFO  impl.LeaderElection (LeaderElection.java:askForVotes(178)) - 327657b1-60f8-49f2-b2a3-f63e1f934942@group-58A987F56150-LeaderElection481: begin an election at term 550 for -1: [6605b8a5-570b-4977-9ee7-6aaf3012bed5:192.168.164.233:35223, 327657b1-60f8-49f2-b2a3-f63e1f934942:192.168.164.233:41966, ddd4789c-894d-475a-bbfb-f6e7aa670c92:192.168.164.233:41061], old=null
2019-10-18 14:59:08,697 [327657b1-60f8-49f2-b2a3-f63e1f934942@group-58A987F56150-LeaderElection481] INFO  impl.LeaderElection (LogUtils.java:infoOrTrace(149)) - 327657b1-60f8-49f2-b2a3-f63e1f934942@group-58A987F56150-LeaderElection481 got exception when requesting votes: {}
java.util.concurrent.ExecutionException: org.apache.ratis.thirdparty.io.grpc.StatusRuntimeException: UNAVAILABLE: io exception
	at java.util.concurrent.FutureTask.report(FutureTask.java:122)
	at java.util.concurrent.FutureTask.get(FutureTask.java:192)
	at org.apache.ratis.server.impl.LeaderElection.waitForResults(LeaderElection.java:259)
	at org.apache.ratis.server.impl.LeaderElection.askForVotes(LeaderElection.java:197)
	at org.apache.ratis.server.impl.LeaderElection.run(LeaderElection.java:133)
	at java.lang.Thread.run(Thread.java:748)
Caused by: org.apache.ratis.thirdparty.io.grpc.StatusRuntimeException: UNAVAILABLE: io exception
	at org.apache.ratis.thirdparty.io.grpc.stub.ClientCalls.toStatusRuntimeException(ClientCalls.java:233)
	at org.apache.ratis.thirdparty.io.grpc.stub.ClientCalls.getUnchecked(ClientCalls.java:214)
	at org.apache.ratis.thirdparty.io.grpc.stub.ClientCalls.blockingUnaryCall(ClientCalls.java:139)
	at org.apache.ratis.proto.grpc.RaftServerProtocolServiceGrpc$RaftServerProtocolServiceBlockingStub.requestVote(RaftServerProtocolServiceGrpc.java:265)
	at org.apache.ratis.grpc.server.GrpcServerProtocolClient.requestVote(GrpcServerProtocolClient.java:99)
	at org.apache.ratis.grpc.server.GrpcService.requestVote(GrpcService.java:204)
	at org.apache.ratis.server.impl.LeaderElection.lambda$submitRequests$1(LeaderElection.java:234)
	at java.util.concurrent.FutureTask.run(FutureTask.java:266)
	at java.util.concurrent.Executors$RunnableAdapter.call(Executors.java:511)
	at java.util.concurrent.FutureTask.run(FutureTask.java:266)
	at java.util.concurrent.ThreadPoolExecutor.runWorker(ThreadPoolExecutor.java:1149)
	at java.util.concurrent.ThreadPoolExecutor$Worker.run(ThreadPoolExecutor.java:624)
	... 1 more
Caused by: org.apache.ratis.thirdparty.io.netty.channel.AbstractChannel$AnnotatedConnectException: Connection refused: /192.168.164.233:35223
	at sun.nio.ch.SocketChannelImpl.checkConnect(Native Method)
	at sun.nio.ch.SocketChannelImpl.finishConnect(SocketChannelImpl.java:717)
	at org.apache.ratis.thirdparty.io.netty.channel.socket.nio.NioSocketChannel.doFinishConnect(NioSocketChannel.java:327)
	at org.apache.ratis.thirdparty.io.netty.channel.nio.AbstractNioChannel$AbstractNioUnsafe.finishConnect(AbstractNioChannel.java:340)
	at org.apache.ratis.thirdparty.io.netty.channel.nio.NioEventLoop.processSelectedKey(NioEventLoop.java:632)
	at org.apache.ratis.thirdparty.io.netty.channel.nio.NioEventLoop.processSelectedKeysOptimized(NioEventLoop.java:579)
	at org.apache.ratis.thirdparty.io.netty.channel.nio.NioEventLoop.processSelectedKeys(NioEventLoop.java:496)
	at org.apache.ratis.thirdparty.io.netty.channel.nio.NioEventLoop.run(NioEventLoop.java:458)
	at org.apache.ratis.thirdparty.io.netty.util.concurrent.SingleThreadEventExecutor$5.run(SingleThreadEventExecutor.java:897)
	at org.apache.ratis.thirdparty.io.netty.util.concurrent.FastThreadLocalRunnable.run(FastThreadLocalRunnable.java:30)
	... 1 more
Caused by: java.net.ConnectException: Connection refused
	... 11 more
2019-10-18 14:59:08,697 [327657b1-60f8-49f2-b2a3-f63e1f934942@group-58A987F56150-LeaderElection481] INFO  impl.LeaderElection (LogUtils.java:infoOrTrace(149)) - 327657b1-60f8-49f2-b2a3-f63e1f934942@group-58A987F56150-LeaderElection481 got exception when requesting votes: {}
java.util.concurrent.ExecutionException: org.apache.ratis.thirdparty.io.grpc.StatusRuntimeException: UNAVAILABLE: io exception
	at java.util.concurrent.FutureTask.report(FutureTask.java:122)
	at java.util.concurrent.FutureTask.get(FutureTask.java:192)
	at org.apache.ratis.server.impl.LeaderElection.waitForResults(LeaderElection.java:259)
	at org.apache.ratis.server.impl.LeaderElection.askForVotes(LeaderElection.java:197)
	at org.apache.ratis.server.impl.LeaderElection.run(LeaderElection.java:133)
	at java.lang.Thread.run(Thread.java:748)
Caused by: org.apache.ratis.thirdparty.io.grpc.StatusRuntimeException: UNAVAILABLE: io exception
	at org.apache.ratis.thirdparty.io.grpc.stub.ClientCalls.toStatusRuntimeException(ClientCalls.java:233)
	at org.apache.ratis.thirdparty.io.grpc.stub.ClientCalls.getUnchecked(ClientCalls.java:214)
	at org.apache.ratis.thirdparty.io.grpc.stub.ClientCalls.blockingUnaryCall(ClientCalls.java:139)
	at org.apache.ratis.proto.grpc.RaftServerProtocolServiceGrpc$RaftServerProtocolServiceBlockingStub.requestVote(RaftServerProtocolServiceGrpc.java:265)
	at org.apache.ratis.grpc.server.GrpcServerProtocolClient.requestVote(GrpcServerProtocolClient.java:99)
	at org.apache.ratis.grpc.server.GrpcService.requestVote(GrpcService.java:204)
	at org.apache.ratis.server.impl.LeaderElection.lambda$submitRequests$1(LeaderElection.java:234)
	at java.util.concurrent.FutureTask.run(FutureTask.java:266)
	at java.util.concurrent.Executors$RunnableAdapter.call(Executors.java:511)
	at java.util.concurrent.FutureTask.run(FutureTask.java:266)
	at java.util.concurrent.ThreadPoolExecutor.runWorker(ThreadPoolExecutor.java:1149)
	at java.util.concurrent.ThreadPoolExecutor$Worker.run(ThreadPoolExecutor.java:624)
	... 1 more
Caused by: org.apache.ratis.thirdparty.io.netty.channel.AbstractChannel$AnnotatedConnectException: Connection refused: /192.168.164.233:41061
	at sun.nio.ch.SocketChannelImpl.checkConnect(Native Method)
	at sun.nio.ch.SocketChannelImpl.finishConnect(SocketChannelImpl.java:717)
	at org.apache.ratis.thirdparty.io.netty.channel.socket.nio.NioSocketChannel.doFinishConnect(NioSocketChannel.java:327)
	at org.apache.ratis.thirdparty.io.netty.channel.nio.AbstractNioChannel$AbstractNioUnsafe.finishConnect(AbstractNioChannel.java:340)
	at org.apache.ratis.thirdparty.io.netty.channel.nio.NioEventLoop.processSelectedKey(NioEventLoop.java:632)
	at org.apache.ratis.thirdparty.io.netty.channel.nio.NioEventLoop.processSelectedKeysOptimized(NioEventLoop.java:579)
	at org.apache.ratis.thirdparty.io.netty.channel.nio.NioEventLoop.processSelectedKeys(NioEventLoop.java:496)
	at org.apache.ratis.thirdparty.io.netty.channel.nio.NioEventLoop.run(NioEventLoop.java:458)
	at org.apache.ratis.thirdparty.io.netty.util.concurrent.SingleThreadEventExecutor$5.run(SingleThreadEventExecutor.java:897)
	at org.apache.ratis.thirdparty.io.netty.util.concurrent.FastThreadLocalRunnable.run(FastThreadLocalRunnable.java:30)
	... 1 more
Caused by: java.net.ConnectException: Connection refused
	... 11 more
2019-10-18 14:59:08,698 [327657b1-60f8-49f2-b2a3-f63e1f934942@group-58A987F56150-LeaderElection481] INFO  impl.LeaderElection (LeaderElection.java:logAndReturn(56)) - 327657b1-60f8-49f2-b2a3-f63e1f934942@group-58A987F56150-LeaderElection481: Election REJECTED; received 0 response(s) [] and 2 exception(s); 327657b1-60f8-49f2-b2a3-f63e1f934942@group-58A987F56150:t550, leader=null, voted=327657b1-60f8-49f2-b2a3-f63e1f934942, raftlog=327657b1-60f8-49f2-b2a3-f63e1f934942@group-58A987F56150-SegmentedRaftLog:OPENED:c-1,f-1,i0, conf=-1: [6605b8a5-570b-4977-9ee7-6aaf3012bed5:192.168.164.233:35223, 327657b1-60f8-49f2-b2a3-f63e1f934942:192.168.164.233:41966, ddd4789c-894d-475a-bbfb-f6e7aa670c92:192.168.164.233:41061], old=null
2019-10-18 14:59:08,698 [327657b1-60f8-49f2-b2a3-f63e1f934942@group-58A987F56150-LeaderElection481] INFO  impl.LeaderElection (LogUtils.java:infoOrTrace(149)) -   Exception 0: {}
java.util.concurrent.ExecutionException: org.apache.ratis.thirdparty.io.grpc.StatusRuntimeException: UNAVAILABLE: io exception
	at java.util.concurrent.FutureTask.report(FutureTask.java:122)
	at java.util.concurrent.FutureTask.get(FutureTask.java:192)
	at org.apache.ratis.server.impl.LeaderElection.waitForResults(LeaderElection.java:259)
	at org.apache.ratis.server.impl.LeaderElection.askForVotes(LeaderElection.java:197)
	at org.apache.ratis.server.impl.LeaderElection.run(LeaderElection.java:133)
	at java.lang.Thread.run(Thread.java:748)
Caused by: org.apache.ratis.thirdparty.io.grpc.StatusRuntimeException: UNAVAILABLE: io exception
	at org.apache.ratis.thirdparty.io.grpc.stub.ClientCalls.toStatusRuntimeException(ClientCalls.java:233)
	at org.apache.ratis.thirdparty.io.grpc.stub.ClientCalls.getUnchecked(ClientCalls.java:214)
	at org.apache.ratis.thirdparty.io.grpc.stub.ClientCalls.blockingUnaryCall(ClientCalls.java:139)
	at org.apache.ratis.proto.grpc.RaftServerProtocolServiceGrpc$RaftServerProtocolServiceBlockingStub.requestVote(RaftServerProtocolServiceGrpc.java:265)
	at org.apache.ratis.grpc.server.GrpcServerProtocolClient.requestVote(GrpcServerProtocolClient.java:99)
	at org.apache.ratis.grpc.server.GrpcService.requestVote(GrpcService.java:204)
	at org.apache.ratis.server.impl.LeaderElection.lambda$submitRequests$1(LeaderElection.java:234)
	at java.util.concurrent.FutureTask.run(FutureTask.java:266)
	at java.util.concurrent.Executors$RunnableAdapter.call(Executors.java:511)
	at java.util.concurrent.FutureTask.run(FutureTask.java:266)
	at java.util.concurrent.ThreadPoolExecutor.runWorker(ThreadPoolExecutor.java:1149)
	at java.util.concurrent.ThreadPoolExecutor$Worker.run(ThreadPoolExecutor.java:624)
	... 1 more
Caused by: org.apache.ratis.thirdparty.io.netty.channel.AbstractChannel$AnnotatedConnectException: Connection refused: /192.168.164.233:35223
	at sun.nio.ch.SocketChannelImpl.checkConnect(Native Method)
	at sun.nio.ch.SocketChannelImpl.finishConnect(SocketChannelImpl.java:717)
	at org.apache.ratis.thirdparty.io.netty.channel.socket.nio.NioSocketChannel.doFinishConnect(NioSocketChannel.java:327)
	at org.apache.ratis.thirdparty.io.netty.channel.nio.AbstractNioChannel$AbstractNioUnsafe.finishConnect(AbstractNioChannel.java:340)
	at org.apache.ratis.thirdparty.io.netty.channel.nio.NioEventLoop.processSelectedKey(NioEventLoop.java:632)
	at org.apache.ratis.thirdparty.io.netty.channel.nio.NioEventLoop.processSelectedKeysOptimized(NioEventLoop.java:579)
	at org.apache.ratis.thirdparty.io.netty.channel.nio.NioEventLoop.processSelectedKeys(NioEventLoop.java:496)
	at org.apache.ratis.thirdparty.io.netty.channel.nio.NioEventLoop.run(NioEventLoop.java:458)
	at org.apache.ratis.thirdparty.io.netty.util.concurrent.SingleThreadEventExecutor$5.run(SingleThreadEventExecutor.java:897)
	at org.apache.ratis.thirdparty.io.netty.util.concurrent.FastThreadLocalRunnable.run(FastThreadLocalRunnable.java:30)
	... 1 more
Caused by: java.net.ConnectException: Connection refused
	... 11 more
2019-10-18 14:59:08,698 [327657b1-60f8-49f2-b2a3-f63e1f934942@group-58A987F56150-LeaderElection481] INFO  impl.LeaderElection (LogUtils.java:infoOrTrace(149)) -   Exception 1: {}
java.util.concurrent.ExecutionException: org.apache.ratis.thirdparty.io.grpc.StatusRuntimeException: UNAVAILABLE: io exception
	at java.util.concurrent.FutureTask.report(FutureTask.java:122)
	at java.util.concurrent.FutureTask.get(FutureTask.java:192)
	at org.apache.ratis.server.impl.LeaderElection.waitForResults(LeaderElection.java:259)
	at org.apache.ratis.server.impl.LeaderElection.askForVotes(LeaderElection.java:197)
	at org.apache.ratis.server.impl.LeaderElection.run(LeaderElection.java:133)
	at java.lang.Thread.run(Thread.java:748)
Caused by: org.apache.ratis.thirdparty.io.grpc.StatusRuntimeException: UNAVAILABLE: io exception
	at org.apache.ratis.thirdparty.io.grpc.stub.ClientCalls.toStatusRuntimeException(ClientCalls.java:233)
	at org.apache.ratis.thirdparty.io.grpc.stub.ClientCalls.getUnchecked(ClientCalls.java:214)
	at org.apache.ratis.thirdparty.io.grpc.stub.ClientCalls.blockingUnaryCall(ClientCalls.java:139)
	at org.apache.ratis.proto.grpc.RaftServerProtocolServiceGrpc$RaftServerProtocolServiceBlockingStub.requestVote(RaftServerProtocolServiceGrpc.java:265)
	at org.apache.ratis.grpc.server.GrpcServerProtocolClient.requestVote(GrpcServerProtocolClient.java:99)
	at org.apache.ratis.grpc.server.GrpcService.requestVote(GrpcService.java:204)
	at org.apache.ratis.server.impl.LeaderElection.lambda$submitRequests$1(LeaderElection.java:234)
	at java.util.concurrent.FutureTask.run(FutureTask.java:266)
	at java.util.concurrent.Executors$RunnableAdapter.call(Executors.java:511)
	at java.util.concurrent.FutureTask.run(FutureTask.java:266)
	at java.util.concurrent.ThreadPoolExecutor.runWorker(ThreadPoolExecutor.java:1149)
	at java.util.concurrent.ThreadPoolExecutor$Worker.run(ThreadPoolExecutor.java:624)
	... 1 more
Caused by: org.apache.ratis.thirdparty.io.netty.channel.AbstractChannel$AnnotatedConnectException: Connection refused: /192.168.164.233:41061
	at sun.nio.ch.SocketChannelImpl.checkConnect(Native Method)
	at sun.nio.ch.SocketChannelImpl.finishConnect(SocketChannelImpl.java:717)
	at org.apache.ratis.thirdparty.io.netty.channel.socket.nio.NioSocketChannel.doFinishConnect(NioSocketChannel.java:327)
	at org.apache.ratis.thirdparty.io.netty.channel.nio.AbstractNioChannel$AbstractNioUnsafe.finishConnect(AbstractNioChannel.java:340)
	at org.apache.ratis.thirdparty.io.netty.channel.nio.NioEventLoop.processSelectedKey(NioEventLoop.java:632)
	at org.apache.ratis.thirdparty.io.netty.channel.nio.NioEventLoop.processSelectedKeysOptimized(NioEventLoop.java:579)
	at org.apache.ratis.thirdparty.io.netty.channel.nio.NioEventLoop.processSelectedKeys(NioEventLoop.java:496)
	at org.apache.ratis.thirdparty.io.netty.channel.nio.NioEventLoop.run(NioEventLoop.java:458)
	at org.apache.ratis.thirdparty.io.netty.util.concurrent.SingleThreadEventExecutor$5.run(SingleThreadEventExecutor.java:897)
	at org.apache.ratis.thirdparty.io.netty.util.concurrent.FastThreadLocalRunnable.run(FastThreadLocalRunnable.java:30)
	... 1 more
Caused by: java.net.ConnectException: Connection refused
	... 11 more
2019-10-18 14:59:08,698 [327657b1-60f8-49f2-b2a3-f63e1f934942@group-58A987F56150-LeaderElection481] INFO  impl.RaftServerImpl (RaftServerImpl.java:setRole(184)) - 327657b1-60f8-49f2-b2a3-f63e1f934942@group-58A987F56150: changes role from CANDIDATE to FOLLOWER at term 550 for DISCOVERED_A_NEW_TERM
2019-10-18 14:59:08,698 [327657b1-60f8-49f2-b2a3-f63e1f934942@group-58A987F56150-LeaderElection481] INFO  impl.RoleInfo (RoleInfo.java:shutdownLeaderElection(134)) - 327657b1-60f8-49f2-b2a3-f63e1f934942: shutdown LeaderElection
2019-10-18 14:59:08,698 [327657b1-60f8-49f2-b2a3-f63e1f934942@group-58A987F56150-LeaderElection481] INFO  impl.RoleInfo (RoleInfo.java:updateAndGet(143)) - 327657b1-60f8-49f2-b2a3-f63e1f934942: start FollowerState
2019-10-18 14:59:08,737 [Thread-3483] INFO  impl.FollowerState (FollowerState.java:run(108)) - 327657b1-60f8-49f2-b2a3-f63e1f934942@group-58A987F56150-FollowerState: change to CANDIDATE, lastRpcTime:38ms, electionTimeout:38ms
2019-10-18 14:59:08,737 [Thread-3483] INFO  impl.RoleInfo (RoleInfo.java:shutdownFollowerState(121)) - 327657b1-60f8-49f2-b2a3-f63e1f934942: shutdown FollowerState
2019-10-18 14:59:08,737 [Thread-3483] INFO  impl.RaftServerImpl (RaftServerImpl.java:setRole(184)) - 327657b1-60f8-49f2-b2a3-f63e1f934942@group-58A987F56150: changes role from  FOLLOWER to CANDIDATE at term 550 for changeToCandidate
2019-10-18 14:59:08,737 [Thread-3483] INFO  impl.RoleInfo (RoleInfo.java:updateAndGet(143)) - 327657b1-60f8-49f2-b2a3-f63e1f934942: start LeaderElection
2019-10-18 14:59:08,750 [327657b1-60f8-49f2-b2a3-f63e1f934942@group-58A987F56150-LeaderElection482] INFO  impl.LeaderElection (LeaderElection.java:askForVotes(178)) - 327657b1-60f8-49f2-b2a3-f63e1f934942@group-58A987F56150-LeaderElection482: begin an election at term 551 for -1: [6605b8a5-570b-4977-9ee7-6aaf3012bed5:192.168.164.233:35223, 327657b1-60f8-49f2-b2a3-f63e1f934942:192.168.164.233:41966, ddd4789c-894d-475a-bbfb-f6e7aa670c92:192.168.164.233:41061], old=null
2019-10-18 14:59:08,751 [327657b1-60f8-49f2-b2a3-f63e1f934942@group-58A987F56150-LeaderElection482] INFO  impl.LeaderElection (LogUtils.java:infoOrTrace(149)) - 327657b1-60f8-49f2-b2a3-f63e1f934942@group-58A987F56150-LeaderElection482 got exception when requesting votes: {}
java.util.concurrent.ExecutionException: org.apache.ratis.thirdparty.io.grpc.StatusRuntimeException: UNAVAILABLE: io exception
	at java.util.concurrent.FutureTask.report(FutureTask.java:122)
	at java.util.concurrent.FutureTask.get(FutureTask.java:192)
	at org.apache.ratis.server.impl.LeaderElection.waitForResults(LeaderElection.java:259)
	at org.apache.ratis.server.impl.LeaderElection.askForVotes(LeaderElection.java:197)
	at org.apache.ratis.server.impl.LeaderElection.run(LeaderElection.java:133)
	at java.lang.Thread.run(Thread.java:748)
Caused by: org.apache.ratis.thirdparty.io.grpc.StatusRuntimeException: UNAVAILABLE: io exception
	at org.apache.ratis.thirdparty.io.grpc.stub.ClientCalls.toStatusRuntimeException(ClientCalls.java:233)
	at org.apache.ratis.thirdparty.io.grpc.stub.ClientCalls.getUnchecked(ClientCalls.java:214)
	at org.apache.ratis.thirdparty.io.grpc.stub.ClientCalls.blockingUnaryCall(ClientCalls.java:139)
	at org.apache.ratis.proto.grpc.RaftServerProtocolServiceGrpc$RaftServerProtocolServiceBlockingStub.requestVote(RaftServerProtocolServiceGrpc.java:265)
	at org.apache.ratis.grpc.server.GrpcServerProtocolClient.requestVote(GrpcServerProtocolClient.java:99)
	at org.apache.ratis.grpc.server.GrpcService.requestVote(GrpcService.java:204)
	at org.apache.ratis.server.impl.LeaderElection.lambda$submitRequests$1(LeaderElection.java:234)
	at java.util.concurrent.FutureTask.run(FutureTask.java:266)
	at java.util.concurrent.Executors$RunnableAdapter.call(Executors.java:511)
	at java.util.concurrent.FutureTask.run(FutureTask.java:266)
	at java.util.concurrent.ThreadPoolExecutor.runWorker(ThreadPoolExecutor.java:1149)
	at java.util.concurrent.ThreadPoolExecutor$Worker.run(ThreadPoolExecutor.java:624)
	... 1 more
Caused by: org.apache.ratis.thirdparty.io.netty.channel.AbstractChannel$AnnotatedConnectException: Connection refused: /192.168.164.233:35223
	at sun.nio.ch.SocketChannelImpl.checkConnect(Native Method)
	at sun.nio.ch.SocketChannelImpl.finishConnect(SocketChannelImpl.java:717)
	at org.apache.ratis.thirdparty.io.netty.channel.socket.nio.NioSocketChannel.doFinishConnect(NioSocketChannel.java:327)
	at org.apache.ratis.thirdparty.io.netty.channel.nio.AbstractNioChannel$AbstractNioUnsafe.finishConnect(AbstractNioChannel.java:340)
	at org.apache.ratis.thirdparty.io.netty.channel.nio.NioEventLoop.processSelectedKey(NioEventLoop.java:632)
	at org.apache.ratis.thirdparty.io.netty.channel.nio.NioEventLoop.processSelectedKeysOptimized(NioEventLoop.java:579)
	at org.apache.ratis.thirdparty.io.netty.channel.nio.NioEventLoop.processSelectedKeys(NioEventLoop.java:496)
	at org.apache.ratis.thirdparty.io.netty.channel.nio.NioEventLoop.run(NioEventLoop.java:458)
	at org.apache.ratis.thirdparty.io.netty.util.concurrent.SingleThreadEventExecutor$5.run(SingleThreadEventExecutor.java:897)
	at org.apache.ratis.thirdparty.io.netty.util.concurrent.FastThreadLocalRunnable.run(FastThreadLocalRunnable.java:30)
	... 1 more
Caused by: java.net.ConnectException: Connection refused
	... 11 more
2019-10-18 14:59:08,751 [327657b1-60f8-49f2-b2a3-f63e1f934942@group-58A987F56150-LeaderElection482] INFO  impl.LeaderElection (LogUtils.java:infoOrTrace(149)) - 327657b1-60f8-49f2-b2a3-f63e1f934942@group-58A987F56150-LeaderElection482 got exception when requesting votes: {}
java.util.concurrent.ExecutionException: org.apache.ratis.thirdparty.io.grpc.StatusRuntimeException: UNAVAILABLE: io exception
	at java.util.concurrent.FutureTask.report(FutureTask.java:122)
	at java.util.concurrent.FutureTask.get(FutureTask.java:192)
	at org.apache.ratis.server.impl.LeaderElection.waitForResults(LeaderElection.java:259)
	at org.apache.ratis.server.impl.LeaderElection.askForVotes(LeaderElection.java:197)
	at org.apache.ratis.server.impl.LeaderElection.run(LeaderElection.java:133)
	at java.lang.Thread.run(Thread.java:748)
Caused by: org.apache.ratis.thirdparty.io.grpc.StatusRuntimeException: UNAVAILABLE: io exception
	at org.apache.ratis.thirdparty.io.grpc.stub.ClientCalls.toStatusRuntimeException(ClientCalls.java:233)
	at org.apache.ratis.thirdparty.io.grpc.stub.ClientCalls.getUnchecked(ClientCalls.java:214)
	at org.apache.ratis.thirdparty.io.grpc.stub.ClientCalls.blockingUnaryCall(ClientCalls.java:139)
	at org.apache.ratis.proto.grpc.RaftServerProtocolServiceGrpc$RaftServerProtocolServiceBlockingStub.requestVote(RaftServerProtocolServiceGrpc.java:265)
	at org.apache.ratis.grpc.server.GrpcServerProtocolClient.requestVote(GrpcServerProtocolClient.java:99)
	at org.apache.ratis.grpc.server.GrpcService.requestVote(GrpcService.java:204)
	at org.apache.ratis.server.impl.LeaderElection.lambda$submitRequests$1(LeaderElection.java:234)
	at java.util.concurrent.FutureTask.run(FutureTask.java:266)
	at java.util.concurrent.Executors$RunnableAdapter.call(Executors.java:511)
	at java.util.concurrent.FutureTask.run(FutureTask.java:266)
	at java.util.concurrent.ThreadPoolExecutor.runWorker(ThreadPoolExecutor.java:1149)
	at java.util.concurrent.ThreadPoolExecutor$Worker.run(ThreadPoolExecutor.java:624)
	... 1 more
Caused by: org.apache.ratis.thirdparty.io.netty.channel.AbstractChannel$AnnotatedConnectException: Connection refused: /192.168.164.233:41061
	at sun.nio.ch.SocketChannelImpl.checkConnect(Native Method)
	at sun.nio.ch.SocketChannelImpl.finishConnect(SocketChannelImpl.java:717)
	at org.apache.ratis.thirdparty.io.netty.channel.socket.nio.NioSocketChannel.doFinishConnect(NioSocketChannel.java:327)
	at org.apache.ratis.thirdparty.io.netty.channel.nio.AbstractNioChannel$AbstractNioUnsafe.finishConnect(AbstractNioChannel.java:340)
	at org.apache.ratis.thirdparty.io.netty.channel.nio.NioEventLoop.processSelectedKey(NioEventLoop.java:632)
	at org.apache.ratis.thirdparty.io.netty.channel.nio.NioEventLoop.processSelectedKeysOptimized(NioEventLoop.java:579)
	at org.apache.ratis.thirdparty.io.netty.channel.nio.NioEventLoop.processSelectedKeys(NioEventLoop.java:496)
	at org.apache.ratis.thirdparty.io.netty.channel.nio.NioEventLoop.run(NioEventLoop.java:458)
	at org.apache.ratis.thirdparty.io.netty.util.concurrent.SingleThreadEventExecutor$5.run(SingleThreadEventExecutor.java:897)
	at org.apache.ratis.thirdparty.io.netty.util.concurrent.FastThreadLocalRunnable.run(FastThreadLocalRunnable.java:30)
	... 1 more
Caused by: java.net.ConnectException: Connection refused
	... 11 more
2019-10-18 14:59:08,752 [327657b1-60f8-49f2-b2a3-f63e1f934942@group-58A987F56150-LeaderElection482] INFO  impl.LeaderElection (LeaderElection.java:logAndReturn(56)) - 327657b1-60f8-49f2-b2a3-f63e1f934942@group-58A987F56150-LeaderElection482: Election REJECTED; received 0 response(s) [] and 2 exception(s); 327657b1-60f8-49f2-b2a3-f63e1f934942@group-58A987F56150:t551, leader=null, voted=327657b1-60f8-49f2-b2a3-f63e1f934942, raftlog=327657b1-60f8-49f2-b2a3-f63e1f934942@group-58A987F56150-SegmentedRaftLog:OPENED:c-1,f-1,i0, conf=-1: [6605b8a5-570b-4977-9ee7-6aaf3012bed5:192.168.164.233:35223, 327657b1-60f8-49f2-b2a3-f63e1f934942:192.168.164.233:41966, ddd4789c-894d-475a-bbfb-f6e7aa670c92:192.168.164.233:41061], old=null
2019-10-18 14:59:08,752 [327657b1-60f8-49f2-b2a3-f63e1f934942@group-58A987F56150-LeaderElection482] INFO  impl.LeaderElection (LogUtils.java:infoOrTrace(149)) -   Exception 0: {}
java.util.concurrent.ExecutionException: org.apache.ratis.thirdparty.io.grpc.StatusRuntimeException: UNAVAILABLE: io exception
	at java.util.concurrent.FutureTask.report(FutureTask.java:122)
	at java.util.concurrent.FutureTask.get(FutureTask.java:192)
	at org.apache.ratis.server.impl.LeaderElection.waitForResults(LeaderElection.java:259)
	at org.apache.ratis.server.impl.LeaderElection.askForVotes(LeaderElection.java:197)
	at org.apache.ratis.server.impl.LeaderElection.run(LeaderElection.java:133)
	at java.lang.Thread.run(Thread.java:748)
Caused by: org.apache.ratis.thirdparty.io.grpc.StatusRuntimeException: UNAVAILABLE: io exception
	at org.apache.ratis.thirdparty.io.grpc.stub.ClientCalls.toStatusRuntimeException(ClientCalls.java:233)
	at org.apache.ratis.thirdparty.io.grpc.stub.ClientCalls.getUnchecked(ClientCalls.java:214)
	at org.apache.ratis.thirdparty.io.grpc.stub.ClientCalls.blockingUnaryCall(ClientCalls.java:139)
	at org.apache.ratis.proto.grpc.RaftServerProtocolServiceGrpc$RaftServerProtocolServiceBlockingStub.requestVote(RaftServerProtocolServiceGrpc.java:265)
	at org.apache.ratis.grpc.server.GrpcServerProtocolClient.requestVote(GrpcServerProtocolClient.java:99)
	at org.apache.ratis.grpc.server.GrpcService.requestVote(GrpcService.java:204)
	at org.apache.ratis.server.impl.LeaderElection.lambda$submitRequests$1(LeaderElection.java:234)
	at java.util.concurrent.FutureTask.run(FutureTask.java:266)
	at java.util.concurrent.Executors$RunnableAdapter.call(Executors.java:511)
	at java.util.concurrent.FutureTask.run(FutureTask.java:266)
	at java.util.concurrent.ThreadPoolExecutor.runWorker(ThreadPoolExecutor.java:1149)
	at java.util.concurrent.ThreadPoolExecutor$Worker.run(ThreadPoolExecutor.java:624)
	... 1 more
Caused by: org.apache.ratis.thirdparty.io.netty.channel.AbstractChannel$AnnotatedConnectException: Connection refused: /192.168.164.233:35223
	at sun.nio.ch.SocketChannelImpl.checkConnect(Native Method)
	at sun.nio.ch.SocketChannelImpl.finishConnect(SocketChannelImpl.java:717)
	at org.apache.ratis.thirdparty.io.netty.channel.socket.nio.NioSocketChannel.doFinishConnect(NioSocketChannel.java:327)
	at org.apache.ratis.thirdparty.io.netty.channel.nio.AbstractNioChannel$AbstractNioUnsafe.finishConnect(AbstractNioChannel.java:340)
	at org.apache.ratis.thirdparty.io.netty.channel.nio.NioEventLoop.processSelectedKey(NioEventLoop.java:632)
	at org.apache.ratis.thirdparty.io.netty.channel.nio.NioEventLoop.processSelectedKeysOptimized(NioEventLoop.java:579)
	at org.apache.ratis.thirdparty.io.netty.channel.nio.NioEventLoop.processSelectedKeys(NioEventLoop.java:496)
	at org.apache.ratis.thirdparty.io.netty.channel.nio.NioEventLoop.run(NioEventLoop.java:458)
	at org.apache.ratis.thirdparty.io.netty.util.concurrent.SingleThreadEventExecutor$5.run(SingleThreadEventExecutor.java:897)
	at org.apache.ratis.thirdparty.io.netty.util.concurrent.FastThreadLocalRunnable.run(FastThreadLocalRunnable.java:30)
	... 1 more
Caused by: java.net.ConnectException: Connection refused
	... 11 more
2019-10-18 14:59:08,752 [327657b1-60f8-49f2-b2a3-f63e1f934942@group-58A987F56150-LeaderElection482] INFO  impl.LeaderElection (LogUtils.java:infoOrTrace(149)) -   Exception 1: {}
java.util.concurrent.ExecutionException: org.apache.ratis.thirdparty.io.grpc.StatusRuntimeException: UNAVAILABLE: io exception
	at java.util.concurrent.FutureTask.report(FutureTask.java:122)
	at java.util.concurrent.FutureTask.get(FutureTask.java:192)
	at org.apache.ratis.server.impl.LeaderElection.waitForResults(LeaderElection.java:259)
	at org.apache.ratis.server.impl.LeaderElection.askForVotes(LeaderElection.java:197)
	at org.apache.ratis.server.impl.LeaderElection.run(LeaderElection.java:133)
	at java.lang.Thread.run(Thread.java:748)
Caused by: org.apache.ratis.thirdparty.io.grpc.StatusRuntimeException: UNAVAILABLE: io exception
	at org.apache.ratis.thirdparty.io.grpc.stub.ClientCalls.toStatusRuntimeException(ClientCalls.java:233)
	at org.apache.ratis.thirdparty.io.grpc.stub.ClientCalls.getUnchecked(ClientCalls.java:214)
	at org.apache.ratis.thirdparty.io.grpc.stub.ClientCalls.blockingUnaryCall(ClientCalls.java:139)
	at org.apache.ratis.proto.grpc.RaftServerProtocolServiceGrpc$RaftServerProtocolServiceBlockingStub.requestVote(RaftServerProtocolServiceGrpc.java:265)
	at org.apache.ratis.grpc.server.GrpcServerProtocolClient.requestVote(GrpcServerProtocolClient.java:99)
	at org.apache.ratis.grpc.server.GrpcService.requestVote(GrpcService.java:204)
	at org.apache.ratis.server.impl.LeaderElection.lambda$submitRequests$1(LeaderElection.java:234)
	at java.util.concurrent.FutureTask.run(FutureTask.java:266)
	at java.util.concurrent.Executors$RunnableAdapter.call(Executors.java:511)
	at java.util.concurrent.FutureTask.run(FutureTask.java:266)
	at java.util.concurrent.ThreadPoolExecutor.runWorker(ThreadPoolExecutor.java:1149)
	at java.util.concurrent.ThreadPoolExecutor$Worker.run(ThreadPoolExecutor.java:624)
	... 1 more
Caused by: org.apache.ratis.thirdparty.io.netty.channel.AbstractChannel$AnnotatedConnectException: Connection refused: /192.168.164.233:41061
	at sun.nio.ch.SocketChannelImpl.checkConnect(Native Method)
	at sun.nio.ch.SocketChannelImpl.finishConnect(SocketChannelImpl.java:717)
	at org.apache.ratis.thirdparty.io.netty.channel.socket.nio.NioSocketChannel.doFinishConnect(NioSocketChannel.java:327)
	at org.apache.ratis.thirdparty.io.netty.channel.nio.AbstractNioChannel$AbstractNioUnsafe.finishConnect(AbstractNioChannel.java:340)
	at org.apache.ratis.thirdparty.io.netty.channel.nio.NioEventLoop.processSelectedKey(NioEventLoop.java:632)
	at org.apache.ratis.thirdparty.io.netty.channel.nio.NioEventLoop.processSelectedKeysOptimized(NioEventLoop.java:579)
	at org.apache.ratis.thirdparty.io.netty.channel.nio.NioEventLoop.processSelectedKeys(NioEventLoop.java:496)
	at org.apache.ratis.thirdparty.io.netty.channel.nio.NioEventLoop.run(NioEventLoop.java:458)
	at org.apache.ratis.thirdparty.io.netty.util.concurrent.SingleThreadEventExecutor$5.run(SingleThreadEventExecutor.java:897)
	at org.apache.ratis.thirdparty.io.netty.util.concurrent.FastThreadLocalRunnable.run(FastThreadLocalRunnable.java:30)
	... 1 more
Caused by: java.net.ConnectException: Connection refused
	... 11 more
2019-10-18 14:59:08,753 [327657b1-60f8-49f2-b2a3-f63e1f934942@group-58A987F56150-LeaderElection482] INFO  impl.RaftServerImpl (RaftServerImpl.java:setRole(184)) - 327657b1-60f8-49f2-b2a3-f63e1f934942@group-58A987F56150: changes role from CANDIDATE to FOLLOWER at term 551 for DISCOVERED_A_NEW_TERM
2019-10-18 14:59:08,753 [327657b1-60f8-49f2-b2a3-f63e1f934942@group-58A987F56150-LeaderElection482] INFO  impl.RoleInfo (RoleInfo.java:shutdownLeaderElection(134)) - 327657b1-60f8-49f2-b2a3-f63e1f934942: shutdown LeaderElection
2019-10-18 14:59:08,753 [327657b1-60f8-49f2-b2a3-f63e1f934942@group-58A987F56150-LeaderElection482] INFO  impl.RoleInfo (RoleInfo.java:updateAndGet(143)) - 327657b1-60f8-49f2-b2a3-f63e1f934942: start FollowerState
2019-10-18 14:59:08,848 [Thread-3488] INFO  impl.FollowerState (FollowerState.java:run(108)) - 327657b1-60f8-49f2-b2a3-f63e1f934942@group-58A987F56150-FollowerState: change to CANDIDATE, lastRpcTime:94ms, electionTimeout:94ms
2019-10-18 14:59:08,848 [Thread-3488] INFO  impl.RoleInfo (RoleInfo.java:shutdownFollowerState(121)) - 327657b1-60f8-49f2-b2a3-f63e1f934942: shutdown FollowerState
2019-10-18 14:59:08,848 [Thread-3488] INFO  impl.RaftServerImpl (RaftServerImpl.java:setRole(184)) - 327657b1-60f8-49f2-b2a3-f63e1f934942@group-58A987F56150: changes role from  FOLLOWER to CANDIDATE at term 551 for changeToCandidate
2019-10-18 14:59:08,848 [Thread-3488] INFO  impl.RoleInfo (RoleInfo.java:updateAndGet(143)) - 327657b1-60f8-49f2-b2a3-f63e1f934942: start LeaderElection
2019-10-18 14:59:08,861 [327657b1-60f8-49f2-b2a3-f63e1f934942@group-58A987F56150-LeaderElection483] INFO  impl.LeaderElection (LeaderElection.java:askForVotes(178)) - 327657b1-60f8-49f2-b2a3-f63e1f934942@group-58A987F56150-LeaderElection483: begin an election at term 552 for -1: [6605b8a5-570b-4977-9ee7-6aaf3012bed5:192.168.164.233:35223, 327657b1-60f8-49f2-b2a3-f63e1f934942:192.168.164.233:41966, ddd4789c-894d-475a-bbfb-f6e7aa670c92:192.168.164.233:41061], old=null
2019-10-18 14:59:08,862 [327657b1-60f8-49f2-b2a3-f63e1f934942@group-58A987F56150-LeaderElection483] INFO  impl.LeaderElection (LogUtils.java:infoOrTrace(149)) - 327657b1-60f8-49f2-b2a3-f63e1f934942@group-58A987F56150-LeaderElection483 got exception when requesting votes: {}
java.util.concurrent.ExecutionException: org.apache.ratis.thirdparty.io.grpc.StatusRuntimeException: UNAVAILABLE: io exception
	at java.util.concurrent.FutureTask.report(FutureTask.java:122)
	at java.util.concurrent.FutureTask.get(FutureTask.java:192)
	at org.apache.ratis.server.impl.LeaderElection.waitForResults(LeaderElection.java:259)
	at org.apache.ratis.server.impl.LeaderElection.askForVotes(LeaderElection.java:197)
	at org.apache.ratis.server.impl.LeaderElection.run(LeaderElection.java:133)
	at java.lang.Thread.run(Thread.java:748)
Caused by: org.apache.ratis.thirdparty.io.grpc.StatusRuntimeException: UNAVAILABLE: io exception
	at org.apache.ratis.thirdparty.io.grpc.stub.ClientCalls.toStatusRuntimeException(ClientCalls.java:233)
	at org.apache.ratis.thirdparty.io.grpc.stub.ClientCalls.getUnchecked(ClientCalls.java:214)
	at org.apache.ratis.thirdparty.io.grpc.stub.ClientCalls.blockingUnaryCall(ClientCalls.java:139)
	at org.apache.ratis.proto.grpc.RaftServerProtocolServiceGrpc$RaftServerProtocolServiceBlockingStub.requestVote(RaftServerProtocolServiceGrpc.java:265)
	at org.apache.ratis.grpc.server.GrpcServerProtocolClient.requestVote(GrpcServerProtocolClient.java:99)
	at org.apache.ratis.grpc.server.GrpcService.requestVote(GrpcService.java:204)
	at org.apache.ratis.server.impl.LeaderElection.lambda$submitRequests$1(LeaderElection.java:234)
	at java.util.concurrent.FutureTask.run(FutureTask.java:266)
	at java.util.concurrent.Executors$RunnableAdapter.call(Executors.java:511)
	at java.util.concurrent.FutureTask.run(FutureTask.java:266)
	at java.util.concurrent.ThreadPoolExecutor.runWorker(ThreadPoolExecutor.java:1149)
	at java.util.concurrent.ThreadPoolExecutor$Worker.run(ThreadPoolExecutor.java:624)
	... 1 more
Caused by: org.apache.ratis.thirdparty.io.netty.channel.AbstractChannel$AnnotatedConnectException: Connection refused: /192.168.164.233:35223
	at sun.nio.ch.SocketChannelImpl.checkConnect(Native Method)
	at sun.nio.ch.SocketChannelImpl.finishConnect(SocketChannelImpl.java:717)
	at org.apache.ratis.thirdparty.io.netty.channel.socket.nio.NioSocketChannel.doFinishConnect(NioSocketChannel.java:327)
	at org.apache.ratis.thirdparty.io.netty.channel.nio.AbstractNioChannel$AbstractNioUnsafe.finishConnect(AbstractNioChannel.java:340)
	at org.apache.ratis.thirdparty.io.netty.channel.nio.NioEventLoop.processSelectedKey(NioEventLoop.java:632)
	at org.apache.ratis.thirdparty.io.netty.channel.nio.NioEventLoop.processSelectedKeysOptimized(NioEventLoop.java:579)
	at org.apache.ratis.thirdparty.io.netty.channel.nio.NioEventLoop.processSelectedKeys(NioEventLoop.java:496)
	at org.apache.ratis.thirdparty.io.netty.channel.nio.NioEventLoop.run(NioEventLoop.java:458)
	at org.apache.ratis.thirdparty.io.netty.util.concurrent.SingleThreadEventExecutor$5.run(SingleThreadEventExecutor.java:897)
	at org.apache.ratis.thirdparty.io.netty.util.concurrent.FastThreadLocalRunnable.run(FastThreadLocalRunnable.java:30)
	... 1 more
Caused by: java.net.ConnectException: Connection refused
	... 11 more
2019-10-18 14:59:08,863 [327657b1-60f8-49f2-b2a3-f63e1f934942@group-58A987F56150-LeaderElection483] INFO  impl.LeaderElection (LogUtils.java:infoOrTrace(149)) - 327657b1-60f8-49f2-b2a3-f63e1f934942@group-58A987F56150-LeaderElection483 got exception when requesting votes: {}
java.util.concurrent.ExecutionException: org.apache.ratis.thirdparty.io.grpc.StatusRuntimeException: UNAVAILABLE: io exception
	at java.util.concurrent.FutureTask.report(FutureTask.java:122)
	at java.util.concurrent.FutureTask.get(FutureTask.java:192)
	at org.apache.ratis.server.impl.LeaderElection.waitForResults(LeaderElection.java:259)
	at org.apache.ratis.server.impl.LeaderElection.askForVotes(LeaderElection.java:197)
	at org.apache.ratis.server.impl.LeaderElection.run(LeaderElection.java:133)
	at java.lang.Thread.run(Thread.java:748)
Caused by: org.apache.ratis.thirdparty.io.grpc.StatusRuntimeException: UNAVAILABLE: io exception
	at org.apache.ratis.thirdparty.io.grpc.stub.ClientCalls.toStatusRuntimeException(ClientCalls.java:233)
	at org.apache.ratis.thirdparty.io.grpc.stub.ClientCalls.getUnchecked(ClientCalls.java:214)
	at org.apache.ratis.thirdparty.io.grpc.stub.ClientCalls.blockingUnaryCall(ClientCalls.java:139)
	at org.apache.ratis.proto.grpc.RaftServerProtocolServiceGrpc$RaftServerProtocolServiceBlockingStub.requestVote(RaftServerProtocolServiceGrpc.java:265)
	at org.apache.ratis.grpc.server.GrpcServerProtocolClient.requestVote(GrpcServerProtocolClient.java:99)
	at org.apache.ratis.grpc.server.GrpcService.requestVote(GrpcService.java:204)
	at org.apache.ratis.server.impl.LeaderElection.lambda$submitRequests$1(LeaderElection.java:234)
	at java.util.concurrent.FutureTask.run(FutureTask.java:266)
	at java.util.concurrent.Executors$RunnableAdapter.call(Executors.java:511)
	at java.util.concurrent.FutureTask.run(FutureTask.java:266)
	at java.util.concurrent.ThreadPoolExecutor.runWorker(ThreadPoolExecutor.java:1149)
	at java.util.concurrent.ThreadPoolExecutor$Worker.run(ThreadPoolExecutor.java:624)
	... 1 more
Caused by: org.apache.ratis.thirdparty.io.netty.channel.AbstractChannel$AnnotatedConnectException: Connection refused: /192.168.164.233:41061
	at sun.nio.ch.SocketChannelImpl.checkConnect(Native Method)
	at sun.nio.ch.SocketChannelImpl.finishConnect(SocketChannelImpl.java:717)
	at org.apache.ratis.thirdparty.io.netty.channel.socket.nio.NioSocketChannel.doFinishConnect(NioSocketChannel.java:327)
	at org.apache.ratis.thirdparty.io.netty.channel.nio.AbstractNioChannel$AbstractNioUnsafe.finishConnect(AbstractNioChannel.java:340)
	at org.apache.ratis.thirdparty.io.netty.channel.nio.NioEventLoop.processSelectedKey(NioEventLoop.java:632)
	at org.apache.ratis.thirdparty.io.netty.channel.nio.NioEventLoop.processSelectedKeysOptimized(NioEventLoop.java:579)
	at org.apache.ratis.thirdparty.io.netty.channel.nio.NioEventLoop.processSelectedKeys(NioEventLoop.java:496)
	at org.apache.ratis.thirdparty.io.netty.channel.nio.NioEventLoop.run(NioEventLoop.java:458)
	at org.apache.ratis.thirdparty.io.netty.util.concurrent.SingleThreadEventExecutor$5.run(SingleThreadEventExecutor.java:897)
	at org.apache.ratis.thirdparty.io.netty.util.concurrent.FastThreadLocalRunnable.run(FastThreadLocalRunnable.java:30)
	... 1 more
Caused by: java.net.ConnectException: Connection refused
	... 11 more
2019-10-18 14:59:08,863 [327657b1-60f8-49f2-b2a3-f63e1f934942@group-58A987F56150-LeaderElection483] INFO  impl.LeaderElection (LeaderElection.java:logAndReturn(56)) - 327657b1-60f8-49f2-b2a3-f63e1f934942@group-58A987F56150-LeaderElection483: Election REJECTED; received 0 response(s) [] and 2 exception(s); 327657b1-60f8-49f2-b2a3-f63e1f934942@group-58A987F56150:t552, leader=null, voted=327657b1-60f8-49f2-b2a3-f63e1f934942, raftlog=327657b1-60f8-49f2-b2a3-f63e1f934942@group-58A987F56150-SegmentedRaftLog:OPENED:c-1,f-1,i0, conf=-1: [6605b8a5-570b-4977-9ee7-6aaf3012bed5:192.168.164.233:35223, 327657b1-60f8-49f2-b2a3-f63e1f934942:192.168.164.233:41966, ddd4789c-894d-475a-bbfb-f6e7aa670c92:192.168.164.233:41061], old=null
2019-10-18 14:59:08,863 [327657b1-60f8-49f2-b2a3-f63e1f934942@group-58A987F56150-LeaderElection483] INFO  impl.LeaderElection (LogUtils.java:infoOrTrace(149)) -   Exception 0: {}
java.util.concurrent.ExecutionException: org.apache.ratis.thirdparty.io.grpc.StatusRuntimeException: UNAVAILABLE: io exception
	at java.util.concurrent.FutureTask.report(FutureTask.java:122)
	at java.util.concurrent.FutureTask.get(FutureTask.java:192)
	at org.apache.ratis.server.impl.LeaderElection.waitForResults(LeaderElection.java:259)
	at org.apache.ratis.server.impl.LeaderElection.askForVotes(LeaderElection.java:197)
	at org.apache.ratis.server.impl.LeaderElection.run(LeaderElection.java:133)
	at java.lang.Thread.run(Thread.java:748)
Caused by: org.apache.ratis.thirdparty.io.grpc.StatusRuntimeException: UNAVAILABLE: io exception
	at org.apache.ratis.thirdparty.io.grpc.stub.ClientCalls.toStatusRuntimeException(ClientCalls.java:233)
	at org.apache.ratis.thirdparty.io.grpc.stub.ClientCalls.getUnchecked(ClientCalls.java:214)
	at org.apache.ratis.thirdparty.io.grpc.stub.ClientCalls.blockingUnaryCall(ClientCalls.java:139)
	at org.apache.ratis.proto.grpc.RaftServerProtocolServiceGrpc$RaftServerProtocolServiceBlockingStub.requestVote(RaftServerProtocolServiceGrpc.java:265)
	at org.apache.ratis.grpc.server.GrpcServerProtocolClient.requestVote(GrpcServerProtocolClient.java:99)
	at org.apache.ratis.grpc.server.GrpcService.requestVote(GrpcService.java:204)
	at org.apache.ratis.server.impl.LeaderElection.lambda$submitRequests$1(LeaderElection.java:234)
	at java.util.concurrent.FutureTask.run(FutureTask.java:266)
	at java.util.concurrent.Executors$RunnableAdapter.call(Executors.java:511)
	at java.util.concurrent.FutureTask.run(FutureTask.java:266)
	at java.util.concurrent.ThreadPoolExecutor.runWorker(ThreadPoolExecutor.java:1149)
	at java.util.concurrent.ThreadPoolExecutor$Worker.run(ThreadPoolExecutor.java:624)
	... 1 more
Caused by: org.apache.ratis.thirdparty.io.netty.channel.AbstractChannel$AnnotatedConnectException: Connection refused: /192.168.164.233:35223
	at sun.nio.ch.SocketChannelImpl.checkConnect(Native Method)
	at sun.nio.ch.SocketChannelImpl.finishConnect(SocketChannelImpl.java:717)
	at org.apache.ratis.thirdparty.io.netty.channel.socket.nio.NioSocketChannel.doFinishConnect(NioSocketChannel.java:327)
	at org.apache.ratis.thirdparty.io.netty.channel.nio.AbstractNioChannel$AbstractNioUnsafe.finishConnect(AbstractNioChannel.java:340)
	at org.apache.ratis.thirdparty.io.netty.channel.nio.NioEventLoop.processSelectedKey(NioEventLoop.java:632)
	at org.apache.ratis.thirdparty.io.netty.channel.nio.NioEventLoop.processSelectedKeysOptimized(NioEventLoop.java:579)
	at org.apache.ratis.thirdparty.io.netty.channel.nio.NioEventLoop.processSelectedKeys(NioEventLoop.java:496)
	at org.apache.ratis.thirdparty.io.netty.channel.nio.NioEventLoop.run(NioEventLoop.java:458)
	at org.apache.ratis.thirdparty.io.netty.util.concurrent.SingleThreadEventExecutor$5.run(SingleThreadEventExecutor.java:897)
	at org.apache.ratis.thirdparty.io.netty.util.concurrent.FastThreadLocalRunnable.run(FastThreadLocalRunnable.java:30)
	... 1 more
Caused by: java.net.ConnectException: Connection refused
	... 11 more
2019-10-18 14:59:08,863 [327657b1-60f8-49f2-b2a3-f63e1f934942@group-58A987F56150-LeaderElection483] INFO  impl.LeaderElection (LogUtils.java:infoOrTrace(149)) -   Exception 1: {}
java.util.concurrent.ExecutionException: org.apache.ratis.thirdparty.io.grpc.StatusRuntimeException: UNAVAILABLE: io exception
	at java.util.concurrent.FutureTask.report(FutureTask.java:122)
	at java.util.concurrent.FutureTask.get(FutureTask.java:192)
	at org.apache.ratis.server.impl.LeaderElection.waitForResults(LeaderElection.java:259)
	at org.apache.ratis.server.impl.LeaderElection.askForVotes(LeaderElection.java:197)
	at org.apache.ratis.server.impl.LeaderElection.run(LeaderElection.java:133)
	at java.lang.Thread.run(Thread.java:748)
Caused by: org.apache.ratis.thirdparty.io.grpc.StatusRuntimeException: UNAVAILABLE: io exception
	at org.apache.ratis.thirdparty.io.grpc.stub.ClientCalls.toStatusRuntimeException(ClientCalls.java:233)
	at org.apache.ratis.thirdparty.io.grpc.stub.ClientCalls.getUnchecked(ClientCalls.java:214)
	at org.apache.ratis.thirdparty.io.grpc.stub.ClientCalls.blockingUnaryCall(ClientCalls.java:139)
	at org.apache.ratis.proto.grpc.RaftServerProtocolServiceGrpc$RaftServerProtocolServiceBlockingStub.requestVote(RaftServerProtocolServiceGrpc.java:265)
	at org.apache.ratis.grpc.server.GrpcServerProtocolClient.requestVote(GrpcServerProtocolClient.java:99)
	at org.apache.ratis.grpc.server.GrpcService.requestVote(GrpcService.java:204)
	at org.apache.ratis.server.impl.LeaderElection.lambda$submitRequests$1(LeaderElection.java:234)
	at java.util.concurrent.FutureTask.run(FutureTask.java:266)
	at java.util.concurrent.Executors$RunnableAdapter.call(Executors.java:511)
	at java.util.concurrent.FutureTask.run(FutureTask.java:266)
	at java.util.concurrent.ThreadPoolExecutor.runWorker(ThreadPoolExecutor.java:1149)
	at java.util.concurrent.ThreadPoolExecutor$Worker.run(ThreadPoolExecutor.java:624)
	... 1 more
Caused by: org.apache.ratis.thirdparty.io.netty.channel.AbstractChannel$AnnotatedConnectException: Connection refused: /192.168.164.233:41061
	at sun.nio.ch.SocketChannelImpl.checkConnect(Native Method)
	at sun.nio.ch.SocketChannelImpl.finishConnect(SocketChannelImpl.java:717)
	at org.apache.ratis.thirdparty.io.netty.channel.socket.nio.NioSocketChannel.doFinishConnect(NioSocketChannel.java:327)
	at org.apache.ratis.thirdparty.io.netty.channel.nio.AbstractNioChannel$AbstractNioUnsafe.finishConnect(AbstractNioChannel.java:340)
	at org.apache.ratis.thirdparty.io.netty.channel.nio.NioEventLoop.processSelectedKey(NioEventLoop.java:632)
	at org.apache.ratis.thirdparty.io.netty.channel.nio.NioEventLoop.processSelectedKeysOptimized(NioEventLoop.java:579)
	at org.apache.ratis.thirdparty.io.netty.channel.nio.NioEventLoop.processSelectedKeys(NioEventLoop.java:496)
	at org.apache.ratis.thirdparty.io.netty.channel.nio.NioEventLoop.run(NioEventLoop.java:458)
	at org.apache.ratis.thirdparty.io.netty.util.concurrent.SingleThreadEventExecutor$5.run(SingleThreadEventExecutor.java:897)
	at org.apache.ratis.thirdparty.io.netty.util.concurrent.FastThreadLocalRunnable.run(FastThreadLocalRunnable.java:30)
	... 1 more
Caused by: java.net.ConnectException: Connection refused
	... 11 more
2019-10-18 14:59:08,864 [327657b1-60f8-49f2-b2a3-f63e1f934942@group-58A987F56150-LeaderElection483] INFO  impl.RaftServerImpl (RaftServerImpl.java:setRole(184)) - 327657b1-60f8-49f2-b2a3-f63e1f934942@group-58A987F56150: changes role from CANDIDATE to FOLLOWER at term 552 for DISCOVERED_A_NEW_TERM
2019-10-18 14:59:08,864 [327657b1-60f8-49f2-b2a3-f63e1f934942@group-58A987F56150-LeaderElection483] INFO  impl.RoleInfo (RoleInfo.java:shutdownLeaderElection(134)) - 327657b1-60f8-49f2-b2a3-f63e1f934942: shutdown LeaderElection
2019-10-18 14:59:08,864 [327657b1-60f8-49f2-b2a3-f63e1f934942@group-58A987F56150-LeaderElection483] INFO  impl.RoleInfo (RoleInfo.java:updateAndGet(143)) - 327657b1-60f8-49f2-b2a3-f63e1f934942: start FollowerState
2019-10-18 14:59:08,991 [Thread-3492] INFO  impl.FollowerState (FollowerState.java:run(108)) - 327657b1-60f8-49f2-b2a3-f63e1f934942@group-58A987F56150-FollowerState: change to CANDIDATE, lastRpcTime:127ms, electionTimeout:127ms
2019-10-18 14:59:08,992 [Thread-3492] INFO  impl.RoleInfo (RoleInfo.java:shutdownFollowerState(121)) - 327657b1-60f8-49f2-b2a3-f63e1f934942: shutdown FollowerState
2019-10-18 14:59:08,992 [Thread-3492] INFO  impl.RaftServerImpl (RaftServerImpl.java:setRole(184)) - 327657b1-60f8-49f2-b2a3-f63e1f934942@group-58A987F56150: changes role from  FOLLOWER to CANDIDATE at term 552 for changeToCandidate
2019-10-18 14:59:08,992 [Thread-3492] INFO  impl.RoleInfo (RoleInfo.java:updateAndGet(143)) - 327657b1-60f8-49f2-b2a3-f63e1f934942: start LeaderElection
2019-10-18 14:59:09,005 [327657b1-60f8-49f2-b2a3-f63e1f934942@group-58A987F56150-LeaderElection484] INFO  impl.LeaderElection (LeaderElection.java:askForVotes(178)) - 327657b1-60f8-49f2-b2a3-f63e1f934942@group-58A987F56150-LeaderElection484: begin an election at term 553 for -1: [6605b8a5-570b-4977-9ee7-6aaf3012bed5:192.168.164.233:35223, 327657b1-60f8-49f2-b2a3-f63e1f934942:192.168.164.233:41966, ddd4789c-894d-475a-bbfb-f6e7aa670c92:192.168.164.233:41061], old=null
2019-10-18 14:59:09,006 [327657b1-60f8-49f2-b2a3-f63e1f934942@group-58A987F56150-LeaderElection484] INFO  impl.LeaderElection (LogUtils.java:infoOrTrace(149)) - 327657b1-60f8-49f2-b2a3-f63e1f934942@group-58A987F56150-LeaderElection484 got exception when requesting votes: {}
java.util.concurrent.ExecutionException: org.apache.ratis.thirdparty.io.grpc.StatusRuntimeException: UNAVAILABLE: io exception
	at java.util.concurrent.FutureTask.report(FutureTask.java:122)
	at java.util.concurrent.FutureTask.get(FutureTask.java:192)
	at org.apache.ratis.server.impl.LeaderElection.waitForResults(LeaderElection.java:259)
	at org.apache.ratis.server.impl.LeaderElection.askForVotes(LeaderElection.java:197)
	at org.apache.ratis.server.impl.LeaderElection.run(LeaderElection.java:133)
	at java.lang.Thread.run(Thread.java:748)
Caused by: org.apache.ratis.thirdparty.io.grpc.StatusRuntimeException: UNAVAILABLE: io exception
	at org.apache.ratis.thirdparty.io.grpc.stub.ClientCalls.toStatusRuntimeException(ClientCalls.java:233)
	at org.apache.ratis.thirdparty.io.grpc.stub.ClientCalls.getUnchecked(ClientCalls.java:214)
	at org.apache.ratis.thirdparty.io.grpc.stub.ClientCalls.blockingUnaryCall(ClientCalls.java:139)
	at org.apache.ratis.proto.grpc.RaftServerProtocolServiceGrpc$RaftServerProtocolServiceBlockingStub.requestVote(RaftServerProtocolServiceGrpc.java:265)
	at org.apache.ratis.grpc.server.GrpcServerProtocolClient.requestVote(GrpcServerProtocolClient.java:99)
	at org.apache.ratis.grpc.server.GrpcService.requestVote(GrpcService.java:204)
	at org.apache.ratis.server.impl.LeaderElection.lambda$submitRequests$1(LeaderElection.java:234)
	at java.util.concurrent.FutureTask.run(FutureTask.java:266)
	at java.util.concurrent.Executors$RunnableAdapter.call(Executors.java:511)
	at java.util.concurrent.FutureTask.run(FutureTask.java:266)
	at java.util.concurrent.ThreadPoolExecutor.runWorker(ThreadPoolExecutor.java:1149)
	at java.util.concurrent.ThreadPoolExecutor$Worker.run(ThreadPoolExecutor.java:624)
	... 1 more
Caused by: org.apache.ratis.thirdparty.io.netty.channel.AbstractChannel$AnnotatedConnectException: Connection refused: /192.168.164.233:35223
	at sun.nio.ch.SocketChannelImpl.checkConnect(Native Method)
	at sun.nio.ch.SocketChannelImpl.finishConnect(SocketChannelImpl.java:717)
	at org.apache.ratis.thirdparty.io.netty.channel.socket.nio.NioSocketChannel.doFinishConnect(NioSocketChannel.java:327)
	at org.apache.ratis.thirdparty.io.netty.channel.nio.AbstractNioChannel$AbstractNioUnsafe.finishConnect(AbstractNioChannel.java:340)
	at org.apache.ratis.thirdparty.io.netty.channel.nio.NioEventLoop.processSelectedKey(NioEventLoop.java:632)
	at org.apache.ratis.thirdparty.io.netty.channel.nio.NioEventLoop.processSelectedKeysOptimized(NioEventLoop.java:579)
	at org.apache.ratis.thirdparty.io.netty.channel.nio.NioEventLoop.processSelectedKeys(NioEventLoop.java:496)
	at org.apache.ratis.thirdparty.io.netty.channel.nio.NioEventLoop.run(NioEventLoop.java:458)
	at org.apache.ratis.thirdparty.io.netty.util.concurrent.SingleThreadEventExecutor$5.run(SingleThreadEventExecutor.java:897)
	at org.apache.ratis.thirdparty.io.netty.util.concurrent.FastThreadLocalRunnable.run(FastThreadLocalRunnable.java:30)
	... 1 more
Caused by: java.net.ConnectException: Connection refused
	... 11 more
2019-10-18 14:59:09,007 [327657b1-60f8-49f2-b2a3-f63e1f934942@group-58A987F56150-LeaderElection484] INFO  impl.LeaderElection (LogUtils.java:infoOrTrace(149)) - 327657b1-60f8-49f2-b2a3-f63e1f934942@group-58A987F56150-LeaderElection484 got exception when requesting votes: {}
java.util.concurrent.ExecutionException: org.apache.ratis.thirdparty.io.grpc.StatusRuntimeException: UNAVAILABLE: io exception
	at java.util.concurrent.FutureTask.report(FutureTask.java:122)
	at java.util.concurrent.FutureTask.get(FutureTask.java:192)
	at org.apache.ratis.server.impl.LeaderElection.waitForResults(LeaderElection.java:259)
	at org.apache.ratis.server.impl.LeaderElection.askForVotes(LeaderElection.java:197)
	at org.apache.ratis.server.impl.LeaderElection.run(LeaderElection.java:133)
	at java.lang.Thread.run(Thread.java:748)
Caused by: org.apache.ratis.thirdparty.io.grpc.StatusRuntimeException: UNAVAILABLE: io exception
	at org.apache.ratis.thirdparty.io.grpc.stub.ClientCalls.toStatusRuntimeException(ClientCalls.java:233)
	at org.apache.ratis.thirdparty.io.grpc.stub.ClientCalls.getUnchecked(ClientCalls.java:214)
	at org.apache.ratis.thirdparty.io.grpc.stub.ClientCalls.blockingUnaryCall(ClientCalls.java:139)
	at org.apache.ratis.proto.grpc.RaftServerProtocolServiceGrpc$RaftServerProtocolServiceBlockingStub.requestVote(RaftServerProtocolServiceGrpc.java:265)
	at org.apache.ratis.grpc.server.GrpcServerProtocolClient.requestVote(GrpcServerProtocolClient.java:99)
	at org.apache.ratis.grpc.server.GrpcService.requestVote(GrpcService.java:204)
	at org.apache.ratis.server.impl.LeaderElection.lambda$submitRequests$1(LeaderElection.java:234)
	at java.util.concurrent.FutureTask.run(FutureTask.java:266)
	at java.util.concurrent.Executors$RunnableAdapter.call(Executors.java:511)
	at java.util.concurrent.FutureTask.run(FutureTask.java:266)
	at java.util.concurrent.ThreadPoolExecutor.runWorker(ThreadPoolExecutor.java:1149)
	at java.util.concurrent.ThreadPoolExecutor$Worker.run(ThreadPoolExecutor.java:624)
	... 1 more
Caused by: org.apache.ratis.thirdparty.io.netty.channel.AbstractChannel$AnnotatedConnectException: Connection refused: /192.168.164.233:41061
	at sun.nio.ch.SocketChannelImpl.checkConnect(Native Method)
	at sun.nio.ch.SocketChannelImpl.finishConnect(SocketChannelImpl.java:717)
	at org.apache.ratis.thirdparty.io.netty.channel.socket.nio.NioSocketChannel.doFinishConnect(NioSocketChannel.java:327)
	at org.apache.ratis.thirdparty.io.netty.channel.nio.AbstractNioChannel$AbstractNioUnsafe.finishConnect(AbstractNioChannel.java:340)
	at org.apache.ratis.thirdparty.io.netty.channel.nio.NioEventLoop.processSelectedKey(NioEventLoop.java:632)
	at org.apache.ratis.thirdparty.io.netty.channel.nio.NioEventLoop.processSelectedKeysOptimized(NioEventLoop.java:579)
	at org.apache.ratis.thirdparty.io.netty.channel.nio.NioEventLoop.processSelectedKeys(NioEventLoop.java:496)
	at org.apache.ratis.thirdparty.io.netty.channel.nio.NioEventLoop.run(NioEventLoop.java:458)
	at org.apache.ratis.thirdparty.io.netty.util.concurrent.SingleThreadEventExecutor$5.run(SingleThreadEventExecutor.java:897)
	at org.apache.ratis.thirdparty.io.netty.util.concurrent.FastThreadLocalRunnable.run(FastThreadLocalRunnable.java:30)
	... 1 more
Caused by: java.net.ConnectException: Connection refused
	... 11 more
2019-10-18 14:59:09,008 [327657b1-60f8-49f2-b2a3-f63e1f934942@group-58A987F56150-LeaderElection484] INFO  impl.LeaderElection (LeaderElection.java:logAndReturn(56)) - 327657b1-60f8-49f2-b2a3-f63e1f934942@group-58A987F56150-LeaderElection484: Election REJECTED; received 0 response(s) [] and 2 exception(s); 327657b1-60f8-49f2-b2a3-f63e1f934942@group-58A987F56150:t553, leader=null, voted=327657b1-60f8-49f2-b2a3-f63e1f934942, raftlog=327657b1-60f8-49f2-b2a3-f63e1f934942@group-58A987F56150-SegmentedRaftLog:OPENED:c-1,f-1,i0, conf=-1: [6605b8a5-570b-4977-9ee7-6aaf3012bed5:192.168.164.233:35223, 327657b1-60f8-49f2-b2a3-f63e1f934942:192.168.164.233:41966, ddd4789c-894d-475a-bbfb-f6e7aa670c92:192.168.164.233:41061], old=null
2019-10-18 14:59:09,008 [327657b1-60f8-49f2-b2a3-f63e1f934942@group-58A987F56150-LeaderElection484] INFO  impl.LeaderElection (LogUtils.java:infoOrTrace(149)) -   Exception 0: {}
java.util.concurrent.ExecutionException: org.apache.ratis.thirdparty.io.grpc.StatusRuntimeException: UNAVAILABLE: io exception
	at java.util.concurrent.FutureTask.report(FutureTask.java:122)
	at java.util.concurrent.FutureTask.get(FutureTask.java:192)
	at org.apache.ratis.server.impl.LeaderElection.waitForResults(LeaderElection.java:259)
	at org.apache.ratis.server.impl.LeaderElection.askForVotes(LeaderElection.java:197)
	at org.apache.ratis.server.impl.LeaderElection.run(LeaderElection.java:133)
	at java.lang.Thread.run(Thread.java:748)
Caused by: org.apache.ratis.thirdparty.io.grpc.StatusRuntimeException: UNAVAILABLE: io exception
	at org.apache.ratis.thirdparty.io.grpc.stub.ClientCalls.toStatusRuntimeException(ClientCalls.java:233)
	at org.apache.ratis.thirdparty.io.grpc.stub.ClientCalls.getUnchecked(ClientCalls.java:214)
	at org.apache.ratis.thirdparty.io.grpc.stub.ClientCalls.blockingUnaryCall(ClientCalls.java:139)
	at org.apache.ratis.proto.grpc.RaftServerProtocolServiceGrpc$RaftServerProtocolServiceBlockingStub.requestVote(RaftServerProtocolServiceGrpc.java:265)
	at org.apache.ratis.grpc.server.GrpcServerProtocolClient.requestVote(GrpcServerProtocolClient.java:99)
	at org.apache.ratis.grpc.server.GrpcService.requestVote(GrpcService.java:204)
	at org.apache.ratis.server.impl.LeaderElection.lambda$submitRequests$1(LeaderElection.java:234)
	at java.util.concurrent.FutureTask.run(FutureTask.java:266)
	at java.util.concurrent.Executors$RunnableAdapter.call(Executors.java:511)
	at java.util.concurrent.FutureTask.run(FutureTask.java:266)
	at java.util.concurrent.ThreadPoolExecutor.runWorker(ThreadPoolExecutor.java:1149)
	at java.util.concurrent.ThreadPoolExecutor$Worker.run(ThreadPoolExecutor.java:624)
	... 1 more
Caused by: org.apache.ratis.thirdparty.io.netty.channel.AbstractChannel$AnnotatedConnectException: Connection refused: /192.168.164.233:35223
	at sun.nio.ch.SocketChannelImpl.checkConnect(Native Method)
	at sun.nio.ch.SocketChannelImpl.finishConnect(SocketChannelImpl.java:717)
	at org.apache.ratis.thirdparty.io.netty.channel.socket.nio.NioSocketChannel.doFinishConnect(NioSocketChannel.java:327)
	at org.apache.ratis.thirdparty.io.netty.channel.nio.AbstractNioChannel$AbstractNioUnsafe.finishConnect(AbstractNioChannel.java:340)
	at org.apache.ratis.thirdparty.io.netty.channel.nio.NioEventLoop.processSelectedKey(NioEventLoop.java:632)
	at org.apache.ratis.thirdparty.io.netty.channel.nio.NioEventLoop.processSelectedKeysOptimized(NioEventLoop.java:579)
	at org.apache.ratis.thirdparty.io.netty.channel.nio.NioEventLoop.processSelectedKeys(NioEventLoop.java:496)
	at org.apache.ratis.thirdparty.io.netty.channel.nio.NioEventLoop.run(NioEventLoop.java:458)
	at org.apache.ratis.thirdparty.io.netty.util.concurrent.SingleThreadEventExecutor$5.run(SingleThreadEventExecutor.java:897)
	at org.apache.ratis.thirdparty.io.netty.util.concurrent.FastThreadLocalRunnable.run(FastThreadLocalRunnable.java:30)
	... 1 more
Caused by: java.net.ConnectException: Connection refused
	... 11 more
2019-10-18 14:59:09,008 [327657b1-60f8-49f2-b2a3-f63e1f934942@group-58A987F56150-LeaderElection484] INFO  impl.LeaderElection (LogUtils.java:infoOrTrace(149)) -   Exception 1: {}
java.util.concurrent.ExecutionException: org.apache.ratis.thirdparty.io.grpc.StatusRuntimeException: UNAVAILABLE: io exception
	at java.util.concurrent.FutureTask.report(FutureTask.java:122)
	at java.util.concurrent.FutureTask.get(FutureTask.java:192)
	at org.apache.ratis.server.impl.LeaderElection.waitForResults(LeaderElection.java:259)
	at org.apache.ratis.server.impl.LeaderElection.askForVotes(LeaderElection.java:197)
	at org.apache.ratis.server.impl.LeaderElection.run(LeaderElection.java:133)
	at java.lang.Thread.run(Thread.java:748)
Caused by: org.apache.ratis.thirdparty.io.grpc.StatusRuntimeException: UNAVAILABLE: io exception
	at org.apache.ratis.thirdparty.io.grpc.stub.ClientCalls.toStatusRuntimeException(ClientCalls.java:233)
	at org.apache.ratis.thirdparty.io.grpc.stub.ClientCalls.getUnchecked(ClientCalls.java:214)
	at org.apache.ratis.thirdparty.io.grpc.stub.ClientCalls.blockingUnaryCall(ClientCalls.java:139)
	at org.apache.ratis.proto.grpc.RaftServerProtocolServiceGrpc$RaftServerProtocolServiceBlockingStub.requestVote(RaftServerProtocolServiceGrpc.java:265)
	at org.apache.ratis.grpc.server.GrpcServerProtocolClient.requestVote(GrpcServerProtocolClient.java:99)
	at org.apache.ratis.grpc.server.GrpcService.requestVote(GrpcService.java:204)
	at org.apache.ratis.server.impl.LeaderElection.lambda$submitRequests$1(LeaderElection.java:234)
	at java.util.concurrent.FutureTask.run(FutureTask.java:266)
	at java.util.concurrent.Executors$RunnableAdapter.call(Executors.java:511)
	at java.util.concurrent.FutureTask.run(FutureTask.java:266)
	at java.util.concurrent.ThreadPoolExecutor.runWorker(ThreadPoolExecutor.java:1149)
	at java.util.concurrent.ThreadPoolExecutor$Worker.run(ThreadPoolExecutor.java:624)
	... 1 more
Caused by: org.apache.ratis.thirdparty.io.netty.channel.AbstractChannel$AnnotatedConnectException: Connection refused: /192.168.164.233:41061
	at sun.nio.ch.SocketChannelImpl.checkConnect(Native Method)
	at sun.nio.ch.SocketChannelImpl.finishConnect(SocketChannelImpl.java:717)
	at org.apache.ratis.thirdparty.io.netty.channel.socket.nio.NioSocketChannel.doFinishConnect(NioSocketChannel.java:327)
	at org.apache.ratis.thirdparty.io.netty.channel.nio.AbstractNioChannel$AbstractNioUnsafe.finishConnect(AbstractNioChannel.java:340)
	at org.apache.ratis.thirdparty.io.netty.channel.nio.NioEventLoop.processSelectedKey(NioEventLoop.java:632)
	at org.apache.ratis.thirdparty.io.netty.channel.nio.NioEventLoop.processSelectedKeysOptimized(NioEventLoop.java:579)
	at org.apache.ratis.thirdparty.io.netty.channel.nio.NioEventLoop.processSelectedKeys(NioEventLoop.java:496)
	at org.apache.ratis.thirdparty.io.netty.channel.nio.NioEventLoop.run(NioEventLoop.java:458)
	at org.apache.ratis.thirdparty.io.netty.util.concurrent.SingleThreadEventExecutor$5.run(SingleThreadEventExecutor.java:897)
	at org.apache.ratis.thirdparty.io.netty.util.concurrent.FastThreadLocalRunnable.run(FastThreadLocalRunnable.java:30)
	... 1 more
Caused by: java.net.ConnectException: Connection refused
	... 11 more
2019-10-18 14:59:09,009 [327657b1-60f8-49f2-b2a3-f63e1f934942@group-58A987F56150-LeaderElection484] INFO  impl.RaftServerImpl (RaftServerImpl.java:setRole(184)) - 327657b1-60f8-49f2-b2a3-f63e1f934942@group-58A987F56150: changes role from CANDIDATE to FOLLOWER at term 553 for DISCOVERED_A_NEW_TERM
2019-10-18 14:59:09,009 [327657b1-60f8-49f2-b2a3-f63e1f934942@group-58A987F56150-LeaderElection484] INFO  impl.RoleInfo (RoleInfo.java:shutdownLeaderElection(134)) - 327657b1-60f8-49f2-b2a3-f63e1f934942: shutdown LeaderElection
2019-10-18 14:59:09,009 [327657b1-60f8-49f2-b2a3-f63e1f934942@group-58A987F56150-LeaderElection484] INFO  impl.RoleInfo (RoleInfo.java:updateAndGet(143)) - 327657b1-60f8-49f2-b2a3-f63e1f934942: start FollowerState
2019-10-18 14:59:09,089 [Thread-3496] INFO  impl.FollowerState (FollowerState.java:run(108)) - 327657b1-60f8-49f2-b2a3-f63e1f934942@group-58A987F56150-FollowerState: change to CANDIDATE, lastRpcTime:80ms, electionTimeout:80ms
2019-10-18 14:59:09,089 [Thread-3496] INFO  impl.RoleInfo (RoleInfo.java:shutdownFollowerState(121)) - 327657b1-60f8-49f2-b2a3-f63e1f934942: shutdown FollowerState
2019-10-18 14:59:09,090 [Thread-3496] INFO  impl.RaftServerImpl (RaftServerImpl.java:setRole(184)) - 327657b1-60f8-49f2-b2a3-f63e1f934942@group-58A987F56150: changes role from  FOLLOWER to CANDIDATE at term 553 for changeToCandidate
2019-10-18 14:59:09,090 [Thread-3496] INFO  impl.RoleInfo (RoleInfo.java:updateAndGet(143)) - 327657b1-60f8-49f2-b2a3-f63e1f934942: start LeaderElection
2019-10-18 14:59:09,103 [327657b1-60f8-49f2-b2a3-f63e1f934942@group-58A987F56150-LeaderElection485] INFO  impl.LeaderElection (LeaderElection.java:askForVotes(178)) - 327657b1-60f8-49f2-b2a3-f63e1f934942@group-58A987F56150-LeaderElection485: begin an election at term 554 for -1: [6605b8a5-570b-4977-9ee7-6aaf3012bed5:192.168.164.233:35223, 327657b1-60f8-49f2-b2a3-f63e1f934942:192.168.164.233:41966, ddd4789c-894d-475a-bbfb-f6e7aa670c92:192.168.164.233:41061], old=null
2019-10-18 14:59:09,104 [327657b1-60f8-49f2-b2a3-f63e1f934942@group-58A987F56150-LeaderElection485] INFO  impl.LeaderElection (LogUtils.java:infoOrTrace(149)) - 327657b1-60f8-49f2-b2a3-f63e1f934942@group-58A987F56150-LeaderElection485 got exception when requesting votes: {}
java.util.concurrent.ExecutionException: org.apache.ratis.thirdparty.io.grpc.StatusRuntimeException: UNAVAILABLE: io exception
	at java.util.concurrent.FutureTask.report(FutureTask.java:122)
	at java.util.concurrent.FutureTask.get(FutureTask.java:192)
	at org.apache.ratis.server.impl.LeaderElection.waitForResults(LeaderElection.java:259)
	at org.apache.ratis.server.impl.LeaderElection.askForVotes(LeaderElection.java:197)
	at org.apache.ratis.server.impl.LeaderElection.run(LeaderElection.java:133)
	at java.lang.Thread.run(Thread.java:748)
Caused by: org.apache.ratis.thirdparty.io.grpc.StatusRuntimeException: UNAVAILABLE: io exception
	at org.apache.ratis.thirdparty.io.grpc.stub.ClientCalls.toStatusRuntimeException(ClientCalls.java:233)
	at org.apache.ratis.thirdparty.io.grpc.stub.ClientCalls.getUnchecked(ClientCalls.java:214)
	at org.apache.ratis.thirdparty.io.grpc.stub.ClientCalls.blockingUnaryCall(ClientCalls.java:139)
	at org.apache.ratis.proto.grpc.RaftServerProtocolServiceGrpc$RaftServerProtocolServiceBlockingStub.requestVote(RaftServerProtocolServiceGrpc.java:265)
	at org.apache.ratis.grpc.server.GrpcServerProtocolClient.requestVote(GrpcServerProtocolClient.java:99)
	at org.apache.ratis.grpc.server.GrpcService.requestVote(GrpcService.java:204)
	at org.apache.ratis.server.impl.LeaderElection.lambda$submitRequests$1(LeaderElection.java:234)
	at java.util.concurrent.FutureTask.run(FutureTask.java:266)
	at java.util.concurrent.Executors$RunnableAdapter.call(Executors.java:511)
	at java.util.concurrent.FutureTask.run(FutureTask.java:266)
	at java.util.concurrent.ThreadPoolExecutor.runWorker(ThreadPoolExecutor.java:1149)
	at java.util.concurrent.ThreadPoolExecutor$Worker.run(ThreadPoolExecutor.java:624)
	... 1 more
Caused by: org.apache.ratis.thirdparty.io.netty.channel.AbstractChannel$AnnotatedConnectException: Connection refused: /192.168.164.233:35223
	at sun.nio.ch.SocketChannelImpl.checkConnect(Native Method)
	at sun.nio.ch.SocketChannelImpl.finishConnect(SocketChannelImpl.java:717)
	at org.apache.ratis.thirdparty.io.netty.channel.socket.nio.NioSocketChannel.doFinishConnect(NioSocketChannel.java:327)
	at org.apache.ratis.thirdparty.io.netty.channel.nio.AbstractNioChannel$AbstractNioUnsafe.finishConnect(AbstractNioChannel.java:340)
	at org.apache.ratis.thirdparty.io.netty.channel.nio.NioEventLoop.processSelectedKey(NioEventLoop.java:632)
	at org.apache.ratis.thirdparty.io.netty.channel.nio.NioEventLoop.processSelectedKeysOptimized(NioEventLoop.java:579)
	at org.apache.ratis.thirdparty.io.netty.channel.nio.NioEventLoop.processSelectedKeys(NioEventLoop.java:496)
	at org.apache.ratis.thirdparty.io.netty.channel.nio.NioEventLoop.run(NioEventLoop.java:458)
	at org.apache.ratis.thirdparty.io.netty.util.concurrent.SingleThreadEventExecutor$5.run(SingleThreadEventExecutor.java:897)
	at org.apache.ratis.thirdparty.io.netty.util.concurrent.FastThreadLocalRunnable.run(FastThreadLocalRunnable.java:30)
	... 1 more
Caused by: java.net.ConnectException: Connection refused
	... 11 more
2019-10-18 14:59:09,105 [327657b1-60f8-49f2-b2a3-f63e1f934942@group-58A987F56150-LeaderElection485] INFO  impl.LeaderElection (LogUtils.java:infoOrTrace(149)) - 327657b1-60f8-49f2-b2a3-f63e1f934942@group-58A987F56150-LeaderElection485 got exception when requesting votes: {}
java.util.concurrent.ExecutionException: org.apache.ratis.thirdparty.io.grpc.StatusRuntimeException: UNAVAILABLE: io exception
	at java.util.concurrent.FutureTask.report(FutureTask.java:122)
	at java.util.concurrent.FutureTask.get(FutureTask.java:192)
	at org.apache.ratis.server.impl.LeaderElection.waitForResults(LeaderElection.java:259)
	at org.apache.ratis.server.impl.LeaderElection.askForVotes(LeaderElection.java:197)
	at org.apache.ratis.server.impl.LeaderElection.run(LeaderElection.java:133)
	at java.lang.Thread.run(Thread.java:748)
Caused by: org.apache.ratis.thirdparty.io.grpc.StatusRuntimeException: UNAVAILABLE: io exception
	at org.apache.ratis.thirdparty.io.grpc.stub.ClientCalls.toStatusRuntimeException(ClientCalls.java:233)
	at org.apache.ratis.thirdparty.io.grpc.stub.ClientCalls.getUnchecked(ClientCalls.java:214)
	at org.apache.ratis.thirdparty.io.grpc.stub.ClientCalls.blockingUnaryCall(ClientCalls.java:139)
	at org.apache.ratis.proto.grpc.RaftServerProtocolServiceGrpc$RaftServerProtocolServiceBlockingStub.requestVote(RaftServerProtocolServiceGrpc.java:265)
	at org.apache.ratis.grpc.server.GrpcServerProtocolClient.requestVote(GrpcServerProtocolClient.java:99)
	at org.apache.ratis.grpc.server.GrpcService.requestVote(GrpcService.java:204)
	at org.apache.ratis.server.impl.LeaderElection.lambda$submitRequests$1(LeaderElection.java:234)
	at java.util.concurrent.FutureTask.run(FutureTask.java:266)
	at java.util.concurrent.Executors$RunnableAdapter.call(Executors.java:511)
	at java.util.concurrent.FutureTask.run(FutureTask.java:266)
	at java.util.concurrent.ThreadPoolExecutor.runWorker(ThreadPoolExecutor.java:1149)
	at java.util.concurrent.ThreadPoolExecutor$Worker.run(ThreadPoolExecutor.java:624)
	... 1 more
Caused by: org.apache.ratis.thirdparty.io.netty.channel.AbstractChannel$AnnotatedConnectException: Connection refused: /192.168.164.233:41061
	at sun.nio.ch.SocketChannelImpl.checkConnect(Native Method)
	at sun.nio.ch.SocketChannelImpl.finishConnect(SocketChannelImpl.java:717)
	at org.apache.ratis.thirdparty.io.netty.channel.socket.nio.NioSocketChannel.doFinishConnect(NioSocketChannel.java:327)
	at org.apache.ratis.thirdparty.io.netty.channel.nio.AbstractNioChannel$AbstractNioUnsafe.finishConnect(AbstractNioChannel.java:340)
	at org.apache.ratis.thirdparty.io.netty.channel.nio.NioEventLoop.processSelectedKey(NioEventLoop.java:632)
	at org.apache.ratis.thirdparty.io.netty.channel.nio.NioEventLoop.processSelectedKeysOptimized(NioEventLoop.java:579)
	at org.apache.ratis.thirdparty.io.netty.channel.nio.NioEventLoop.processSelectedKeys(NioEventLoop.java:496)
	at org.apache.ratis.thirdparty.io.netty.channel.nio.NioEventLoop.run(NioEventLoop.java:458)
	at org.apache.ratis.thirdparty.io.netty.util.concurrent.SingleThreadEventExecutor$5.run(SingleThreadEventExecutor.java:897)
	at org.apache.ratis.thirdparty.io.netty.util.concurrent.FastThreadLocalRunnable.run(FastThreadLocalRunnable.java:30)
	... 1 more
Caused by: java.net.ConnectException: Connection refused
	... 11 more
2019-10-18 14:59:09,105 [327657b1-60f8-49f2-b2a3-f63e1f934942@group-58A987F56150-LeaderElection485] INFO  impl.LeaderElection (LeaderElection.java:logAndReturn(56)) - 327657b1-60f8-49f2-b2a3-f63e1f934942@group-58A987F56150-LeaderElection485: Election REJECTED; received 0 response(s) [] and 2 exception(s); 327657b1-60f8-49f2-b2a3-f63e1f934942@group-58A987F56150:t554, leader=null, voted=327657b1-60f8-49f2-b2a3-f63e1f934942, raftlog=327657b1-60f8-49f2-b2a3-f63e1f934942@group-58A987F56150-SegmentedRaftLog:OPENED:c-1,f-1,i0, conf=-1: [6605b8a5-570b-4977-9ee7-6aaf3012bed5:192.168.164.233:35223, 327657b1-60f8-49f2-b2a3-f63e1f934942:192.168.164.233:41966, ddd4789c-894d-475a-bbfb-f6e7aa670c92:192.168.164.233:41061], old=null
2019-10-18 14:59:09,105 [327657b1-60f8-49f2-b2a3-f63e1f934942@group-58A987F56150-LeaderElection485] INFO  impl.LeaderElection (LogUtils.java:infoOrTrace(149)) -   Exception 0: {}
java.util.concurrent.ExecutionException: org.apache.ratis.thirdparty.io.grpc.StatusRuntimeException: UNAVAILABLE: io exception
	at java.util.concurrent.FutureTask.report(FutureTask.java:122)
	at java.util.concurrent.FutureTask.get(FutureTask.java:192)
	at org.apache.ratis.server.impl.LeaderElection.waitForResults(LeaderElection.java:259)
	at org.apache.ratis.server.impl.LeaderElection.askForVotes(LeaderElection.java:197)
	at org.apache.ratis.server.impl.LeaderElection.run(LeaderElection.java:133)
	at java.lang.Thread.run(Thread.java:748)
Caused by: org.apache.ratis.thirdparty.io.grpc.StatusRuntimeException: UNAVAILABLE: io exception
	at org.apache.ratis.thirdparty.io.grpc.stub.ClientCalls.toStatusRuntimeException(ClientCalls.java:233)
	at org.apache.ratis.thirdparty.io.grpc.stub.ClientCalls.getUnchecked(ClientCalls.java:214)
	at org.apache.ratis.thirdparty.io.grpc.stub.ClientCalls.blockingUnaryCall(ClientCalls.java:139)
	at org.apache.ratis.proto.grpc.RaftServerProtocolServiceGrpc$RaftServerProtocolServiceBlockingStub.requestVote(RaftServerProtocolServiceGrpc.java:265)
	at org.apache.ratis.grpc.server.GrpcServerProtocolClient.requestVote(GrpcServerProtocolClient.java:99)
	at org.apache.ratis.grpc.server.GrpcService.requestVote(GrpcService.java:204)
	at org.apache.ratis.server.impl.LeaderElection.lambda$submitRequests$1(LeaderElection.java:234)
	at java.util.concurrent.FutureTask.run(FutureTask.java:266)
	at java.util.concurrent.Executors$RunnableAdapter.call(Executors.java:511)
	at java.util.concurrent.FutureTask.run(FutureTask.java:266)
	at java.util.concurrent.ThreadPoolExecutor.runWorker(ThreadPoolExecutor.java:1149)
	at java.util.concurrent.ThreadPoolExecutor$Worker.run(ThreadPoolExecutor.java:624)
	... 1 more
Caused by: org.apache.ratis.thirdparty.io.netty.channel.AbstractChannel$AnnotatedConnectException: Connection refused: /192.168.164.233:35223
	at sun.nio.ch.SocketChannelImpl.checkConnect(Native Method)
	at sun.nio.ch.SocketChannelImpl.finishConnect(SocketChannelImpl.java:717)
	at org.apache.ratis.thirdparty.io.netty.channel.socket.nio.NioSocketChannel.doFinishConnect(NioSocketChannel.java:327)
	at org.apache.ratis.thirdparty.io.netty.channel.nio.AbstractNioChannel$AbstractNioUnsafe.finishConnect(AbstractNioChannel.java:340)
	at org.apache.ratis.thirdparty.io.netty.channel.nio.NioEventLoop.processSelectedKey(NioEventLoop.java:632)
	at org.apache.ratis.thirdparty.io.netty.channel.nio.NioEventLoop.processSelectedKeysOptimized(NioEventLoop.java:579)
	at org.apache.ratis.thirdparty.io.netty.channel.nio.NioEventLoop.processSelectedKeys(NioEventLoop.java:496)
	at org.apache.ratis.thirdparty.io.netty.channel.nio.NioEventLoop.run(NioEventLoop.java:458)
	at org.apache.ratis.thirdparty.io.netty.util.concurrent.SingleThreadEventExecutor$5.run(SingleThreadEventExecutor.java:897)
	at org.apache.ratis.thirdparty.io.netty.util.concurrent.FastThreadLocalRunnable.run(FastThreadLocalRunnable.java:30)
	... 1 more
Caused by: java.net.ConnectException: Connection refused
	... 11 more
2019-10-18 14:59:09,106 [327657b1-60f8-49f2-b2a3-f63e1f934942@group-58A987F56150-LeaderElection485] INFO  impl.LeaderElection (LogUtils.java:infoOrTrace(149)) -   Exception 1: {}
java.util.concurrent.ExecutionException: org.apache.ratis.thirdparty.io.grpc.StatusRuntimeException: UNAVAILABLE: io exception
	at java.util.concurrent.FutureTask.report(FutureTask.java:122)
	at java.util.concurrent.FutureTask.get(FutureTask.java:192)
	at org.apache.ratis.server.impl.LeaderElection.waitForResults(LeaderElection.java:259)
	at org.apache.ratis.server.impl.LeaderElection.askForVotes(LeaderElection.java:197)
	at org.apache.ratis.server.impl.LeaderElection.run(LeaderElection.java:133)
	at java.lang.Thread.run(Thread.java:748)
Caused by: org.apache.ratis.thirdparty.io.grpc.StatusRuntimeException: UNAVAILABLE: io exception
	at org.apache.ratis.thirdparty.io.grpc.stub.ClientCalls.toStatusRuntimeException(ClientCalls.java:233)
	at org.apache.ratis.thirdparty.io.grpc.stub.ClientCalls.getUnchecked(ClientCalls.java:214)
	at org.apache.ratis.thirdparty.io.grpc.stub.ClientCalls.blockingUnaryCall(ClientCalls.java:139)
	at org.apache.ratis.proto.grpc.RaftServerProtocolServiceGrpc$RaftServerProtocolServiceBlockingStub.requestVote(RaftServerProtocolServiceGrpc.java:265)
	at org.apache.ratis.grpc.server.GrpcServerProtocolClient.requestVote(GrpcServerProtocolClient.java:99)
	at org.apache.ratis.grpc.server.GrpcService.requestVote(GrpcService.java:204)
	at org.apache.ratis.server.impl.LeaderElection.lambda$submitRequests$1(LeaderElection.java:234)
	at java.util.concurrent.FutureTask.run(FutureTask.java:266)
	at java.util.concurrent.Executors$RunnableAdapter.call(Executors.java:511)
	at java.util.concurrent.FutureTask.run(FutureTask.java:266)
	at java.util.concurrent.ThreadPoolExecutor.runWorker(ThreadPoolExecutor.java:1149)
	at java.util.concurrent.ThreadPoolExecutor$Worker.run(ThreadPoolExecutor.java:624)
	... 1 more
Caused by: org.apache.ratis.thirdparty.io.netty.channel.AbstractChannel$AnnotatedConnectException: Connection refused: /192.168.164.233:41061
	at sun.nio.ch.SocketChannelImpl.checkConnect(Native Method)
	at sun.nio.ch.SocketChannelImpl.finishConnect(SocketChannelImpl.java:717)
	at org.apache.ratis.thirdparty.io.netty.channel.socket.nio.NioSocketChannel.doFinishConnect(NioSocketChannel.java:327)
	at org.apache.ratis.thirdparty.io.netty.channel.nio.AbstractNioChannel$AbstractNioUnsafe.finishConnect(AbstractNioChannel.java:340)
	at org.apache.ratis.thirdparty.io.netty.channel.nio.NioEventLoop.processSelectedKey(NioEventLoop.java:632)
	at org.apache.ratis.thirdparty.io.netty.channel.nio.NioEventLoop.processSelectedKeysOptimized(NioEventLoop.java:579)
	at org.apache.ratis.thirdparty.io.netty.channel.nio.NioEventLoop.processSelectedKeys(NioEventLoop.java:496)
	at org.apache.ratis.thirdparty.io.netty.channel.nio.NioEventLoop.run(NioEventLoop.java:458)
	at org.apache.ratis.thirdparty.io.netty.util.concurrent.SingleThreadEventExecutor$5.run(SingleThreadEventExecutor.java:897)
	at org.apache.ratis.thirdparty.io.netty.util.concurrent.FastThreadLocalRunnable.run(FastThreadLocalRunnable.java:30)
	... 1 more
Caused by: java.net.ConnectException: Connection refused
	... 11 more
2019-10-18 14:59:09,106 [327657b1-60f8-49f2-b2a3-f63e1f934942@group-58A987F56150-LeaderElection485] INFO  impl.RaftServerImpl (RaftServerImpl.java:setRole(184)) - 327657b1-60f8-49f2-b2a3-f63e1f934942@group-58A987F56150: changes role from CANDIDATE to FOLLOWER at term 554 for DISCOVERED_A_NEW_TERM
2019-10-18 14:59:09,106 [327657b1-60f8-49f2-b2a3-f63e1f934942@group-58A987F56150-LeaderElection485] INFO  impl.RoleInfo (RoleInfo.java:shutdownLeaderElection(134)) - 327657b1-60f8-49f2-b2a3-f63e1f934942: shutdown LeaderElection
2019-10-18 14:59:09,106 [327657b1-60f8-49f2-b2a3-f63e1f934942@group-58A987F56150-LeaderElection485] INFO  impl.RoleInfo (RoleInfo.java:updateAndGet(143)) - 327657b1-60f8-49f2-b2a3-f63e1f934942: start FollowerState
2019-10-18 14:59:09,120 [Thread-3500] INFO  impl.FollowerState (FollowerState.java:run(108)) - 327657b1-60f8-49f2-b2a3-f63e1f934942@group-58A987F56150-FollowerState: change to CANDIDATE, lastRpcTime:13ms, electionTimeout:13ms
2019-10-18 14:59:09,120 [Thread-3500] INFO  impl.RoleInfo (RoleInfo.java:shutdownFollowerState(121)) - 327657b1-60f8-49f2-b2a3-f63e1f934942: shutdown FollowerState
2019-10-18 14:59:09,120 [Thread-3500] INFO  impl.RaftServerImpl (RaftServerImpl.java:setRole(184)) - 327657b1-60f8-49f2-b2a3-f63e1f934942@group-58A987F56150: changes role from  FOLLOWER to CANDIDATE at term 554 for changeToCandidate
2019-10-18 14:59:09,120 [Thread-3500] INFO  impl.RoleInfo (RoleInfo.java:updateAndGet(143)) - 327657b1-60f8-49f2-b2a3-f63e1f934942: start LeaderElection
2019-10-18 14:59:09,134 [327657b1-60f8-49f2-b2a3-f63e1f934942@group-58A987F56150-LeaderElection486] INFO  impl.LeaderElection (LeaderElection.java:askForVotes(178)) - 327657b1-60f8-49f2-b2a3-f63e1f934942@group-58A987F56150-LeaderElection486: begin an election at term 555 for -1: [6605b8a5-570b-4977-9ee7-6aaf3012bed5:192.168.164.233:35223, 327657b1-60f8-49f2-b2a3-f63e1f934942:192.168.164.233:41966, ddd4789c-894d-475a-bbfb-f6e7aa670c92:192.168.164.233:41061], old=null
2019-10-18 14:59:09,134 [327657b1-60f8-49f2-b2a3-f63e1f934942@group-58A987F56150-LeaderElection486] INFO  impl.LeaderElection (LogUtils.java:infoOrTrace(149)) - 327657b1-60f8-49f2-b2a3-f63e1f934942@group-58A987F56150-LeaderElection486 got exception when requesting votes: {}
java.util.concurrent.ExecutionException: org.apache.ratis.thirdparty.io.grpc.StatusRuntimeException: UNAVAILABLE: io exception
	at java.util.concurrent.FutureTask.report(FutureTask.java:122)
	at java.util.concurrent.FutureTask.get(FutureTask.java:192)
	at org.apache.ratis.server.impl.LeaderElection.waitForResults(LeaderElection.java:259)
	at org.apache.ratis.server.impl.LeaderElection.askForVotes(LeaderElection.java:197)
	at org.apache.ratis.server.impl.LeaderElection.run(LeaderElection.java:133)
	at java.lang.Thread.run(Thread.java:748)
Caused by: org.apache.ratis.thirdparty.io.grpc.StatusRuntimeException: UNAVAILABLE: io exception
	at org.apache.ratis.thirdparty.io.grpc.stub.ClientCalls.toStatusRuntimeException(ClientCalls.java:233)
	at org.apache.ratis.thirdparty.io.grpc.stub.ClientCalls.getUnchecked(ClientCalls.java:214)
	at org.apache.ratis.thirdparty.io.grpc.stub.ClientCalls.blockingUnaryCall(ClientCalls.java:139)
	at org.apache.ratis.proto.grpc.RaftServerProtocolServiceGrpc$RaftServerProtocolServiceBlockingStub.requestVote(RaftServerProtocolServiceGrpc.java:265)
	at org.apache.ratis.grpc.server.GrpcServerProtocolClient.requestVote(GrpcServerProtocolClient.java:99)
	at org.apache.ratis.grpc.server.GrpcService.requestVote(GrpcService.java:204)
	at org.apache.ratis.server.impl.LeaderElection.lambda$submitRequests$1(LeaderElection.java:234)
	at java.util.concurrent.FutureTask.run(FutureTask.java:266)
	at java.util.concurrent.Executors$RunnableAdapter.call(Executors.java:511)
	at java.util.concurrent.FutureTask.run(FutureTask.java:266)
	at java.util.concurrent.ThreadPoolExecutor.runWorker(ThreadPoolExecutor.java:1149)
	at java.util.concurrent.ThreadPoolExecutor$Worker.run(ThreadPoolExecutor.java:624)
	... 1 more
Caused by: org.apache.ratis.thirdparty.io.netty.channel.AbstractChannel$AnnotatedConnectException: Connection refused: /192.168.164.233:41061
	at sun.nio.ch.SocketChannelImpl.checkConnect(Native Method)
	at sun.nio.ch.SocketChannelImpl.finishConnect(SocketChannelImpl.java:717)
	at org.apache.ratis.thirdparty.io.netty.channel.socket.nio.NioSocketChannel.doFinishConnect(NioSocketChannel.java:327)
	at org.apache.ratis.thirdparty.io.netty.channel.nio.AbstractNioChannel$AbstractNioUnsafe.finishConnect(AbstractNioChannel.java:340)
	at org.apache.ratis.thirdparty.io.netty.channel.nio.NioEventLoop.processSelectedKey(NioEventLoop.java:632)
	at org.apache.ratis.thirdparty.io.netty.channel.nio.NioEventLoop.processSelectedKeysOptimized(NioEventLoop.java:579)
	at org.apache.ratis.thirdparty.io.netty.channel.nio.NioEventLoop.processSelectedKeys(NioEventLoop.java:496)
	at org.apache.ratis.thirdparty.io.netty.channel.nio.NioEventLoop.run(NioEventLoop.java:458)
	at org.apache.ratis.thirdparty.io.netty.util.concurrent.SingleThreadEventExecutor$5.run(SingleThreadEventExecutor.java:897)
	at org.apache.ratis.thirdparty.io.netty.util.concurrent.FastThreadLocalRunnable.run(FastThreadLocalRunnable.java:30)
	... 1 more
Caused by: java.net.ConnectException: Connection refused
	... 11 more
2019-10-18 14:59:09,135 [327657b1-60f8-49f2-b2a3-f63e1f934942@group-58A987F56150-LeaderElection486] INFO  impl.LeaderElection (LogUtils.java:infoOrTrace(149)) - 327657b1-60f8-49f2-b2a3-f63e1f934942@group-58A987F56150-LeaderElection486 got exception when requesting votes: {}
java.util.concurrent.ExecutionException: org.apache.ratis.thirdparty.io.grpc.StatusRuntimeException: UNAVAILABLE: io exception
	at java.util.concurrent.FutureTask.report(FutureTask.java:122)
	at java.util.concurrent.FutureTask.get(FutureTask.java:192)
	at org.apache.ratis.server.impl.LeaderElection.waitForResults(LeaderElection.java:259)
	at org.apache.ratis.server.impl.LeaderElection.askForVotes(LeaderElection.java:197)
	at org.apache.ratis.server.impl.LeaderElection.run(LeaderElection.java:133)
	at java.lang.Thread.run(Thread.java:748)
Caused by: org.apache.ratis.thirdparty.io.grpc.StatusRuntimeException: UNAVAILABLE: io exception
	at org.apache.ratis.thirdparty.io.grpc.stub.ClientCalls.toStatusRuntimeException(ClientCalls.java:233)
	at org.apache.ratis.thirdparty.io.grpc.stub.ClientCalls.getUnchecked(ClientCalls.java:214)
	at org.apache.ratis.thirdparty.io.grpc.stub.ClientCalls.blockingUnaryCall(ClientCalls.java:139)
	at org.apache.ratis.proto.grpc.RaftServerProtocolServiceGrpc$RaftServerProtocolServiceBlockingStub.requestVote(RaftServerProtocolServiceGrpc.java:265)
	at org.apache.ratis.grpc.server.GrpcServerProtocolClient.requestVote(GrpcServerProtocolClient.java:99)
	at org.apache.ratis.grpc.server.GrpcService.requestVote(GrpcService.java:204)
	at org.apache.ratis.server.impl.LeaderElection.lambda$submitRequests$1(LeaderElection.java:234)
	at java.util.concurrent.FutureTask.run(FutureTask.java:266)
	at java.util.concurrent.Executors$RunnableAdapter.call(Executors.java:511)
	at java.util.concurrent.FutureTask.run(FutureTask.java:266)
	at java.util.concurrent.ThreadPoolExecutor.runWorker(ThreadPoolExecutor.java:1149)
	at java.util.concurrent.ThreadPoolExecutor$Worker.run(ThreadPoolExecutor.java:624)
	... 1 more
Caused by: org.apache.ratis.thirdparty.io.netty.channel.AbstractChannel$AnnotatedConnectException: Connection refused: /192.168.164.233:35223
	at sun.nio.ch.SocketChannelImpl.checkConnect(Native Method)
	at sun.nio.ch.SocketChannelImpl.finishConnect(SocketChannelImpl.java:717)
	at org.apache.ratis.thirdparty.io.netty.channel.socket.nio.NioSocketChannel.doFinishConnect(NioSocketChannel.java:327)
	at org.apache.ratis.thirdparty.io.netty.channel.nio.AbstractNioChannel$AbstractNioUnsafe.finishConnect(AbstractNioChannel.java:340)
	at org.apache.ratis.thirdparty.io.netty.channel.nio.NioEventLoop.processSelectedKey(NioEventLoop.java:632)
	at org.apache.ratis.thirdparty.io.netty.channel.nio.NioEventLoop.processSelectedKeysOptimized(NioEventLoop.java:579)
	at org.apache.ratis.thirdparty.io.netty.channel.nio.NioEventLoop.processSelectedKeys(NioEventLoop.java:496)
	at org.apache.ratis.thirdparty.io.netty.channel.nio.NioEventLoop.run(NioEventLoop.java:458)
	at org.apache.ratis.thirdparty.io.netty.util.concurrent.SingleThreadEventExecutor$5.run(SingleThreadEventExecutor.java:897)
	at org.apache.ratis.thirdparty.io.netty.util.concurrent.FastThreadLocalRunnable.run(FastThreadLocalRunnable.java:30)
	... 1 more
Caused by: java.net.ConnectException: Connection refused
	... 11 more
2019-10-18 14:59:09,135 [327657b1-60f8-49f2-b2a3-f63e1f934942@group-58A987F56150-LeaderElection486] INFO  impl.LeaderElection (LeaderElection.java:logAndReturn(56)) - 327657b1-60f8-49f2-b2a3-f63e1f934942@group-58A987F56150-LeaderElection486: Election REJECTED; received 0 response(s) [] and 2 exception(s); 327657b1-60f8-49f2-b2a3-f63e1f934942@group-58A987F56150:t555, leader=null, voted=327657b1-60f8-49f2-b2a3-f63e1f934942, raftlog=327657b1-60f8-49f2-b2a3-f63e1f934942@group-58A987F56150-SegmentedRaftLog:OPENED:c-1,f-1,i0, conf=-1: [6605b8a5-570b-4977-9ee7-6aaf3012bed5:192.168.164.233:35223, 327657b1-60f8-49f2-b2a3-f63e1f934942:192.168.164.233:41966, ddd4789c-894d-475a-bbfb-f6e7aa670c92:192.168.164.233:41061], old=null
2019-10-18 14:59:09,135 [327657b1-60f8-49f2-b2a3-f63e1f934942@group-58A987F56150-LeaderElection486] INFO  impl.LeaderElection (LogUtils.java:infoOrTrace(149)) -   Exception 0: {}
java.util.concurrent.ExecutionException: org.apache.ratis.thirdparty.io.grpc.StatusRuntimeException: UNAVAILABLE: io exception
	at java.util.concurrent.FutureTask.report(FutureTask.java:122)
	at java.util.concurrent.FutureTask.get(FutureTask.java:192)
	at org.apache.ratis.server.impl.LeaderElection.waitForResults(LeaderElection.java:259)
	at org.apache.ratis.server.impl.LeaderElection.askForVotes(LeaderElection.java:197)
	at org.apache.ratis.server.impl.LeaderElection.run(LeaderElection.java:133)
	at java.lang.Thread.run(Thread.java:748)
Caused by: org.apache.ratis.thirdparty.io.grpc.StatusRuntimeException: UNAVAILABLE: io exception
	at org.apache.ratis.thirdparty.io.grpc.stub.ClientCalls.toStatusRuntimeException(ClientCalls.java:233)
	at org.apache.ratis.thirdparty.io.grpc.stub.ClientCalls.getUnchecked(ClientCalls.java:214)
	at org.apache.ratis.thirdparty.io.grpc.stub.ClientCalls.blockingUnaryCall(ClientCalls.java:139)
	at org.apache.ratis.proto.grpc.RaftServerProtocolServiceGrpc$RaftServerProtocolServiceBlockingStub.requestVote(RaftServerProtocolServiceGrpc.java:265)
	at org.apache.ratis.grpc.server.GrpcServerProtocolClient.requestVote(GrpcServerProtocolClient.java:99)
	at org.apache.ratis.grpc.server.GrpcService.requestVote(GrpcService.java:204)
	at org.apache.ratis.server.impl.LeaderElection.lambda$submitRequests$1(LeaderElection.java:234)
	at java.util.concurrent.FutureTask.run(FutureTask.java:266)
	at java.util.concurrent.Executors$RunnableAdapter.call(Executors.java:511)
	at java.util.concurrent.FutureTask.run(FutureTask.java:266)
	at java.util.concurrent.ThreadPoolExecutor.runWorker(ThreadPoolExecutor.java:1149)
	at java.util.concurrent.ThreadPoolExecutor$Worker.run(ThreadPoolExecutor.java:624)
	... 1 more
Caused by: org.apache.ratis.thirdparty.io.netty.channel.AbstractChannel$AnnotatedConnectException: Connection refused: /192.168.164.233:41061
	at sun.nio.ch.SocketChannelImpl.checkConnect(Native Method)
	at sun.nio.ch.SocketChannelImpl.finishConnect(SocketChannelImpl.java:717)
	at org.apache.ratis.thirdparty.io.netty.channel.socket.nio.NioSocketChannel.doFinishConnect(NioSocketChannel.java:327)
	at org.apache.ratis.thirdparty.io.netty.channel.nio.AbstractNioChannel$AbstractNioUnsafe.finishConnect(AbstractNioChannel.java:340)
	at org.apache.ratis.thirdparty.io.netty.channel.nio.NioEventLoop.processSelectedKey(NioEventLoop.java:632)
	at org.apache.ratis.thirdparty.io.netty.channel.nio.NioEventLoop.processSelectedKeysOptimized(NioEventLoop.java:579)
	at org.apache.ratis.thirdparty.io.netty.channel.nio.NioEventLoop.processSelectedKeys(NioEventLoop.java:496)
	at org.apache.ratis.thirdparty.io.netty.channel.nio.NioEventLoop.run(NioEventLoop.java:458)
	at org.apache.ratis.thirdparty.io.netty.util.concurrent.SingleThreadEventExecutor$5.run(SingleThreadEventExecutor.java:897)
	at org.apache.ratis.thirdparty.io.netty.util.concurrent.FastThreadLocalRunnable.run(FastThreadLocalRunnable.java:30)
	... 1 more
Caused by: java.net.ConnectException: Connection refused
	... 11 more
2019-10-18 14:59:09,136 [327657b1-60f8-49f2-b2a3-f63e1f934942@group-58A987F56150-LeaderElection486] INFO  impl.LeaderElection (LogUtils.java:infoOrTrace(149)) -   Exception 1: {}
java.util.concurrent.ExecutionException: org.apache.ratis.thirdparty.io.grpc.StatusRuntimeException: UNAVAILABLE: io exception
	at java.util.concurrent.FutureTask.report(FutureTask.java:122)
	at java.util.concurrent.FutureTask.get(FutureTask.java:192)
	at org.apache.ratis.server.impl.LeaderElection.waitForResults(LeaderElection.java:259)
	at org.apache.ratis.server.impl.LeaderElection.askForVotes(LeaderElection.java:197)
	at org.apache.ratis.server.impl.LeaderElection.run(LeaderElection.java:133)
	at java.lang.Thread.run(Thread.java:748)
Caused by: org.apache.ratis.thirdparty.io.grpc.StatusRuntimeException: UNAVAILABLE: io exception
	at org.apache.ratis.thirdparty.io.grpc.stub.ClientCalls.toStatusRuntimeException(ClientCalls.java:233)
	at org.apache.ratis.thirdparty.io.grpc.stub.ClientCalls.getUnchecked(ClientCalls.java:214)
	at org.apache.ratis.thirdparty.io.grpc.stub.ClientCalls.blockingUnaryCall(ClientCalls.java:139)
	at org.apache.ratis.proto.grpc.RaftServerProtocolServiceGrpc$RaftServerProtocolServiceBlockingStub.requestVote(RaftServerProtocolServiceGrpc.java:265)
	at org.apache.ratis.grpc.server.GrpcServerProtocolClient.requestVote(GrpcServerProtocolClient.java:99)
	at org.apache.ratis.grpc.server.GrpcService.requestVote(GrpcService.java:204)
	at org.apache.ratis.server.impl.LeaderElection.lambda$submitRequests$1(LeaderElection.java:234)
	at java.util.concurrent.FutureTask.run(FutureTask.java:266)
	at java.util.concurrent.Executors$RunnableAdapter.call(Executors.java:511)
	at java.util.concurrent.FutureTask.run(FutureTask.java:266)
	at java.util.concurrent.ThreadPoolExecutor.runWorker(ThreadPoolExecutor.java:1149)
	at java.util.concurrent.ThreadPoolExecutor$Worker.run(ThreadPoolExecutor.java:624)
	... 1 more
Caused by: org.apache.ratis.thirdparty.io.netty.channel.AbstractChannel$AnnotatedConnectException: Connection refused: /192.168.164.233:35223
	at sun.nio.ch.SocketChannelImpl.checkConnect(Native Method)
	at sun.nio.ch.SocketChannelImpl.finishConnect(SocketChannelImpl.java:717)
	at org.apache.ratis.thirdparty.io.netty.channel.socket.nio.NioSocketChannel.doFinishConnect(NioSocketChannel.java:327)
	at org.apache.ratis.thirdparty.io.netty.channel.nio.AbstractNioChannel$AbstractNioUnsafe.finishConnect(AbstractNioChannel.java:340)
	at org.apache.ratis.thirdparty.io.netty.channel.nio.NioEventLoop.processSelectedKey(NioEventLoop.java:632)
	at org.apache.ratis.thirdparty.io.netty.channel.nio.NioEventLoop.processSelectedKeysOptimized(NioEventLoop.java:579)
	at org.apache.ratis.thirdparty.io.netty.channel.nio.NioEventLoop.processSelectedKeys(NioEventLoop.java:496)
	at org.apache.ratis.thirdparty.io.netty.channel.nio.NioEventLoop.run(NioEventLoop.java:458)
	at org.apache.ratis.thirdparty.io.netty.util.concurrent.SingleThreadEventExecutor$5.run(SingleThreadEventExecutor.java:897)
	at org.apache.ratis.thirdparty.io.netty.util.concurrent.FastThreadLocalRunnable.run(FastThreadLocalRunnable.java:30)
	... 1 more
Caused by: java.net.ConnectException: Connection refused
	... 11 more
2019-10-18 14:59:09,136 [327657b1-60f8-49f2-b2a3-f63e1f934942@group-58A987F56150-LeaderElection486] INFO  impl.RaftServerImpl (RaftServerImpl.java:setRole(184)) - 327657b1-60f8-49f2-b2a3-f63e1f934942@group-58A987F56150: changes role from CANDIDATE to FOLLOWER at term 555 for DISCOVERED_A_NEW_TERM
2019-10-18 14:59:09,136 [327657b1-60f8-49f2-b2a3-f63e1f934942@group-58A987F56150-LeaderElection486] INFO  impl.RoleInfo (RoleInfo.java:shutdownLeaderElection(134)) - 327657b1-60f8-49f2-b2a3-f63e1f934942: shutdown LeaderElection
2019-10-18 14:59:09,136 [327657b1-60f8-49f2-b2a3-f63e1f934942@group-58A987F56150-LeaderElection486] INFO  impl.RoleInfo (RoleInfo.java:updateAndGet(143)) - 327657b1-60f8-49f2-b2a3-f63e1f934942: start FollowerState
2019-10-18 14:59:09,223 [Thread-3504] INFO  impl.FollowerState (FollowerState.java:run(108)) - 327657b1-60f8-49f2-b2a3-f63e1f934942@group-58A987F56150-FollowerState: change to CANDIDATE, lastRpcTime:86ms, electionTimeout:86ms
2019-10-18 14:59:09,223 [Thread-3504] INFO  impl.RoleInfo (RoleInfo.java:shutdownFollowerState(121)) - 327657b1-60f8-49f2-b2a3-f63e1f934942: shutdown FollowerState
2019-10-18 14:59:09,223 [Thread-3504] INFO  impl.RaftServerImpl (RaftServerImpl.java:setRole(184)) - 327657b1-60f8-49f2-b2a3-f63e1f934942@group-58A987F56150: changes role from  FOLLOWER to CANDIDATE at term 555 for changeToCandidate
2019-10-18 14:59:09,223 [Thread-3504] INFO  impl.RoleInfo (RoleInfo.java:updateAndGet(143)) - 327657b1-60f8-49f2-b2a3-f63e1f934942: start LeaderElection
2019-10-18 14:59:09,236 [327657b1-60f8-49f2-b2a3-f63e1f934942@group-58A987F56150-LeaderElection487] INFO  impl.LeaderElection (LeaderElection.java:askForVotes(178)) - 327657b1-60f8-49f2-b2a3-f63e1f934942@group-58A987F56150-LeaderElection487: begin an election at term 556 for -1: [6605b8a5-570b-4977-9ee7-6aaf3012bed5:192.168.164.233:35223, 327657b1-60f8-49f2-b2a3-f63e1f934942:192.168.164.233:41966, ddd4789c-894d-475a-bbfb-f6e7aa670c92:192.168.164.233:41061], old=null
2019-10-18 14:59:09,237 [327657b1-60f8-49f2-b2a3-f63e1f934942@group-58A987F56150-LeaderElection487] INFO  impl.LeaderElection (LogUtils.java:infoOrTrace(149)) - 327657b1-60f8-49f2-b2a3-f63e1f934942@group-58A987F56150-LeaderElection487 got exception when requesting votes: {}
java.util.concurrent.ExecutionException: org.apache.ratis.thirdparty.io.grpc.StatusRuntimeException: UNAVAILABLE: io exception
	at java.util.concurrent.FutureTask.report(FutureTask.java:122)
	at java.util.concurrent.FutureTask.get(FutureTask.java:192)
	at org.apache.ratis.server.impl.LeaderElection.waitForResults(LeaderElection.java:259)
	at org.apache.ratis.server.impl.LeaderElection.askForVotes(LeaderElection.java:197)
	at org.apache.ratis.server.impl.LeaderElection.run(LeaderElection.java:133)
	at java.lang.Thread.run(Thread.java:748)
Caused by: org.apache.ratis.thirdparty.io.grpc.StatusRuntimeException: UNAVAILABLE: io exception
	at org.apache.ratis.thirdparty.io.grpc.stub.ClientCalls.toStatusRuntimeException(ClientCalls.java:233)
	at org.apache.ratis.thirdparty.io.grpc.stub.ClientCalls.getUnchecked(ClientCalls.java:214)
	at org.apache.ratis.thirdparty.io.grpc.stub.ClientCalls.blockingUnaryCall(ClientCalls.java:139)
	at org.apache.ratis.proto.grpc.RaftServerProtocolServiceGrpc$RaftServerProtocolServiceBlockingStub.requestVote(RaftServerProtocolServiceGrpc.java:265)
	at org.apache.ratis.grpc.server.GrpcServerProtocolClient.requestVote(GrpcServerProtocolClient.java:99)
	at org.apache.ratis.grpc.server.GrpcService.requestVote(GrpcService.java:204)
	at org.apache.ratis.server.impl.LeaderElection.lambda$submitRequests$1(LeaderElection.java:234)
	at java.util.concurrent.FutureTask.run(FutureTask.java:266)
	at java.util.concurrent.Executors$RunnableAdapter.call(Executors.java:511)
	at java.util.concurrent.FutureTask.run(FutureTask.java:266)
	at java.util.concurrent.ThreadPoolExecutor.runWorker(ThreadPoolExecutor.java:1149)
	at java.util.concurrent.ThreadPoolExecutor$Worker.run(ThreadPoolExecutor.java:624)
	... 1 more
Caused by: org.apache.ratis.thirdparty.io.netty.channel.AbstractChannel$AnnotatedConnectException: Connection refused: /192.168.164.233:35223
	at sun.nio.ch.SocketChannelImpl.checkConnect(Native Method)
	at sun.nio.ch.SocketChannelImpl.finishConnect(SocketChannelImpl.java:717)
	at org.apache.ratis.thirdparty.io.netty.channel.socket.nio.NioSocketChannel.doFinishConnect(NioSocketChannel.java:327)
	at org.apache.ratis.thirdparty.io.netty.channel.nio.AbstractNioChannel$AbstractNioUnsafe.finishConnect(AbstractNioChannel.java:340)
	at org.apache.ratis.thirdparty.io.netty.channel.nio.NioEventLoop.processSelectedKey(NioEventLoop.java:632)
	at org.apache.ratis.thirdparty.io.netty.channel.nio.NioEventLoop.processSelectedKeysOptimized(NioEventLoop.java:579)
	at org.apache.ratis.thirdparty.io.netty.channel.nio.NioEventLoop.processSelectedKeys(NioEventLoop.java:496)
	at org.apache.ratis.thirdparty.io.netty.channel.nio.NioEventLoop.run(NioEventLoop.java:458)
	at org.apache.ratis.thirdparty.io.netty.util.concurrent.SingleThreadEventExecutor$5.run(SingleThreadEventExecutor.java:897)
	at org.apache.ratis.thirdparty.io.netty.util.concurrent.FastThreadLocalRunnable.run(FastThreadLocalRunnable.java:30)
	... 1 more
Caused by: java.net.ConnectException: Connection refused
	... 11 more
2019-10-18 14:59:09,238 [327657b1-60f8-49f2-b2a3-f63e1f934942@group-58A987F56150-LeaderElection487] INFO  impl.LeaderElection (LogUtils.java:infoOrTrace(149)) - 327657b1-60f8-49f2-b2a3-f63e1f934942@group-58A987F56150-LeaderElection487 got exception when requesting votes: {}
java.util.concurrent.ExecutionException: org.apache.ratis.thirdparty.io.grpc.StatusRuntimeException: UNAVAILABLE: io exception
	at java.util.concurrent.FutureTask.report(FutureTask.java:122)
	at java.util.concurrent.FutureTask.get(FutureTask.java:192)
	at org.apache.ratis.server.impl.LeaderElection.waitForResults(LeaderElection.java:259)
	at org.apache.ratis.server.impl.LeaderElection.askForVotes(LeaderElection.java:197)
	at org.apache.ratis.server.impl.LeaderElection.run(LeaderElection.java:133)
	at java.lang.Thread.run(Thread.java:748)
Caused by: org.apache.ratis.thirdparty.io.grpc.StatusRuntimeException: UNAVAILABLE: io exception
	at org.apache.ratis.thirdparty.io.grpc.stub.ClientCalls.toStatusRuntimeException(ClientCalls.java:233)
	at org.apache.ratis.thirdparty.io.grpc.stub.ClientCalls.getUnchecked(ClientCalls.java:214)
	at org.apache.ratis.thirdparty.io.grpc.stub.ClientCalls.blockingUnaryCall(ClientCalls.java:139)
	at org.apache.ratis.proto.grpc.RaftServerProtocolServiceGrpc$RaftServerProtocolServiceBlockingStub.requestVote(RaftServerProtocolServiceGrpc.java:265)
	at org.apache.ratis.grpc.server.GrpcServerProtocolClient.requestVote(GrpcServerProtocolClient.java:99)
	at org.apache.ratis.grpc.server.GrpcService.requestVote(GrpcService.java:204)
	at org.apache.ratis.server.impl.LeaderElection.lambda$submitRequests$1(LeaderElection.java:234)
	at java.util.concurrent.FutureTask.run(FutureTask.java:266)
	at java.util.concurrent.Executors$RunnableAdapter.call(Executors.java:511)
	at java.util.concurrent.FutureTask.run(FutureTask.java:266)
	at java.util.concurrent.ThreadPoolExecutor.runWorker(ThreadPoolExecutor.java:1149)
	at java.util.concurrent.ThreadPoolExecutor$Worker.run(ThreadPoolExecutor.java:624)
	... 1 more
Caused by: org.apache.ratis.thirdparty.io.netty.channel.AbstractChannel$AnnotatedConnectException: Connection refused: /192.168.164.233:41061
	at sun.nio.ch.SocketChannelImpl.checkConnect(Native Method)
	at sun.nio.ch.SocketChannelImpl.finishConnect(SocketChannelImpl.java:717)
	at org.apache.ratis.thirdparty.io.netty.channel.socket.nio.NioSocketChannel.doFinishConnect(NioSocketChannel.java:327)
	at org.apache.ratis.thirdparty.io.netty.channel.nio.AbstractNioChannel$AbstractNioUnsafe.finishConnect(AbstractNioChannel.java:340)
	at org.apache.ratis.thirdparty.io.netty.channel.nio.NioEventLoop.processSelectedKey(NioEventLoop.java:632)
	at org.apache.ratis.thirdparty.io.netty.channel.nio.NioEventLoop.processSelectedKeysOptimized(NioEventLoop.java:579)
	at org.apache.ratis.thirdparty.io.netty.channel.nio.NioEventLoop.processSelectedKeys(NioEventLoop.java:496)
	at org.apache.ratis.thirdparty.io.netty.channel.nio.NioEventLoop.run(NioEventLoop.java:458)
	at org.apache.ratis.thirdparty.io.netty.util.concurrent.SingleThreadEventExecutor$5.run(SingleThreadEventExecutor.java:897)
	at org.apache.ratis.thirdparty.io.netty.util.concurrent.FastThreadLocalRunnable.run(FastThreadLocalRunnable.java:30)
	... 1 more
Caused by: java.net.ConnectException: Connection refused
	... 11 more
2019-10-18 14:59:09,238 [327657b1-60f8-49f2-b2a3-f63e1f934942@group-58A987F56150-LeaderElection487] INFO  impl.LeaderElection (LeaderElection.java:logAndReturn(56)) - 327657b1-60f8-49f2-b2a3-f63e1f934942@group-58A987F56150-LeaderElection487: Election REJECTED; received 0 response(s) [] and 2 exception(s); 327657b1-60f8-49f2-b2a3-f63e1f934942@group-58A987F56150:t556, leader=null, voted=327657b1-60f8-49f2-b2a3-f63e1f934942, raftlog=327657b1-60f8-49f2-b2a3-f63e1f934942@group-58A987F56150-SegmentedRaftLog:OPENED:c-1,f-1,i0, conf=-1: [6605b8a5-570b-4977-9ee7-6aaf3012bed5:192.168.164.233:35223, 327657b1-60f8-49f2-b2a3-f63e1f934942:192.168.164.233:41966, ddd4789c-894d-475a-bbfb-f6e7aa670c92:192.168.164.233:41061], old=null
2019-10-18 14:59:09,238 [327657b1-60f8-49f2-b2a3-f63e1f934942@group-58A987F56150-LeaderElection487] INFO  impl.LeaderElection (LogUtils.java:infoOrTrace(149)) -   Exception 0: {}
java.util.concurrent.ExecutionException: org.apache.ratis.thirdparty.io.grpc.StatusRuntimeException: UNAVAILABLE: io exception
	at java.util.concurrent.FutureTask.report(FutureTask.java:122)
	at java.util.concurrent.FutureTask.get(FutureTask.java:192)
	at org.apache.ratis.server.impl.LeaderElection.waitForResults(LeaderElection.java:259)
	at org.apache.ratis.server.impl.LeaderElection.askForVotes(LeaderElection.java:197)
	at org.apache.ratis.server.impl.LeaderElection.run(LeaderElection.java:133)
	at java.lang.Thread.run(Thread.java:748)
Caused by: org.apache.ratis.thirdparty.io.grpc.StatusRuntimeException: UNAVAILABLE: io exception
	at org.apache.ratis.thirdparty.io.grpc.stub.ClientCalls.toStatusRuntimeException(ClientCalls.java:233)
	at org.apache.ratis.thirdparty.io.grpc.stub.ClientCalls.getUnchecked(ClientCalls.java:214)
	at org.apache.ratis.thirdparty.io.grpc.stub.ClientCalls.blockingUnaryCall(ClientCalls.java:139)
	at org.apache.ratis.proto.grpc.RaftServerProtocolServiceGrpc$RaftServerProtocolServiceBlockingStub.requestVote(RaftServerProtocolServiceGrpc.java:265)
	at org.apache.ratis.grpc.server.GrpcServerProtocolClient.requestVote(GrpcServerProtocolClient.java:99)
	at org.apache.ratis.grpc.server.GrpcService.requestVote(GrpcService.java:204)
	at org.apache.ratis.server.impl.LeaderElection.lambda$submitRequests$1(LeaderElection.java:234)
	at java.util.concurrent.FutureTask.run(FutureTask.java:266)
	at java.util.concurrent.Executors$RunnableAdapter.call(Executors.java:511)
	at java.util.concurrent.FutureTask.run(FutureTask.java:266)
	at java.util.concurrent.ThreadPoolExecutor.runWorker(ThreadPoolExecutor.java:1149)
	at java.util.concurrent.ThreadPoolExecutor$Worker.run(ThreadPoolExecutor.java:624)
	... 1 more
Caused by: org.apache.ratis.thirdparty.io.netty.channel.AbstractChannel$AnnotatedConnectException: Connection refused: /192.168.164.233:35223
	at sun.nio.ch.SocketChannelImpl.checkConnect(Native Method)
	at sun.nio.ch.SocketChannelImpl.finishConnect(SocketChannelImpl.java:717)
	at org.apache.ratis.thirdparty.io.netty.channel.socket.nio.NioSocketChannel.doFinishConnect(NioSocketChannel.java:327)
	at org.apache.ratis.thirdparty.io.netty.channel.nio.AbstractNioChannel$AbstractNioUnsafe.finishConnect(AbstractNioChannel.java:340)
	at org.apache.ratis.thirdparty.io.netty.channel.nio.NioEventLoop.processSelectedKey(NioEventLoop.java:632)
	at org.apache.ratis.thirdparty.io.netty.channel.nio.NioEventLoop.processSelectedKeysOptimized(NioEventLoop.java:579)
	at org.apache.ratis.thirdparty.io.netty.channel.nio.NioEventLoop.processSelectedKeys(NioEventLoop.java:496)
	at org.apache.ratis.thirdparty.io.netty.channel.nio.NioEventLoop.run(NioEventLoop.java:458)
	at org.apache.ratis.thirdparty.io.netty.util.concurrent.SingleThreadEventExecutor$5.run(SingleThreadEventExecutor.java:897)
	at org.apache.ratis.thirdparty.io.netty.util.concurrent.FastThreadLocalRunnable.run(FastThreadLocalRunnable.java:30)
	... 1 more
Caused by: java.net.ConnectException: Connection refused
	... 11 more
2019-10-18 14:59:09,238 [327657b1-60f8-49f2-b2a3-f63e1f934942@group-58A987F56150-LeaderElection487] INFO  impl.LeaderElection (LogUtils.java:infoOrTrace(149)) -   Exception 1: {}
java.util.concurrent.ExecutionException: org.apache.ratis.thirdparty.io.grpc.StatusRuntimeException: UNAVAILABLE: io exception
	at java.util.concurrent.FutureTask.report(FutureTask.java:122)
	at java.util.concurrent.FutureTask.get(FutureTask.java:192)
	at org.apache.ratis.server.impl.LeaderElection.waitForResults(LeaderElection.java:259)
	at org.apache.ratis.server.impl.LeaderElection.askForVotes(LeaderElection.java:197)
	at org.apache.ratis.server.impl.LeaderElection.run(LeaderElection.java:133)
	at java.lang.Thread.run(Thread.java:748)
Caused by: org.apache.ratis.thirdparty.io.grpc.StatusRuntimeException: UNAVAILABLE: io exception
	at org.apache.ratis.thirdparty.io.grpc.stub.ClientCalls.toStatusRuntimeException(ClientCalls.java:233)
	at org.apache.ratis.thirdparty.io.grpc.stub.ClientCalls.getUnchecked(ClientCalls.java:214)
	at org.apache.ratis.thirdparty.io.grpc.stub.ClientCalls.blockingUnaryCall(ClientCalls.java:139)
	at org.apache.ratis.proto.grpc.RaftServerProtocolServiceGrpc$RaftServerProtocolServiceBlockingStub.requestVote(RaftServerProtocolServiceGrpc.java:265)
	at org.apache.ratis.grpc.server.GrpcServerProtocolClient.requestVote(GrpcServerProtocolClient.java:99)
	at org.apache.ratis.grpc.server.GrpcService.requestVote(GrpcService.java:204)
	at org.apache.ratis.server.impl.LeaderElection.lambda$submitRequests$1(LeaderElection.java:234)
	at java.util.concurrent.FutureTask.run(FutureTask.java:266)
	at java.util.concurrent.Executors$RunnableAdapter.call(Executors.java:511)
	at java.util.concurrent.FutureTask.run(FutureTask.java:266)
	at java.util.concurrent.ThreadPoolExecutor.runWorker(ThreadPoolExecutor.java:1149)
	at java.util.concurrent.ThreadPoolExecutor$Worker.run(ThreadPoolExecutor.java:624)
	... 1 more
Caused by: org.apache.ratis.thirdparty.io.netty.channel.AbstractChannel$AnnotatedConnectException: Connection refused: /192.168.164.233:41061
	at sun.nio.ch.SocketChannelImpl.checkConnect(Native Method)
	at sun.nio.ch.SocketChannelImpl.finishConnect(SocketChannelImpl.java:717)
	at org.apache.ratis.thirdparty.io.netty.channel.socket.nio.NioSocketChannel.doFinishConnect(NioSocketChannel.java:327)
	at org.apache.ratis.thirdparty.io.netty.channel.nio.AbstractNioChannel$AbstractNioUnsafe.finishConnect(AbstractNioChannel.java:340)
	at org.apache.ratis.thirdparty.io.netty.channel.nio.NioEventLoop.processSelectedKey(NioEventLoop.java:632)
	at org.apache.ratis.thirdparty.io.netty.channel.nio.NioEventLoop.processSelectedKeysOptimized(NioEventLoop.java:579)
	at org.apache.ratis.thirdparty.io.netty.channel.nio.NioEventLoop.processSelectedKeys(NioEventLoop.java:496)
	at org.apache.ratis.thirdparty.io.netty.channel.nio.NioEventLoop.run(NioEventLoop.java:458)
	at org.apache.ratis.thirdparty.io.netty.util.concurrent.SingleThreadEventExecutor$5.run(SingleThreadEventExecutor.java:897)
	at org.apache.ratis.thirdparty.io.netty.util.concurrent.FastThreadLocalRunnable.run(FastThreadLocalRunnable.java:30)
	... 1 more
Caused by: java.net.ConnectException: Connection refused
	... 11 more
2019-10-18 14:59:09,239 [327657b1-60f8-49f2-b2a3-f63e1f934942@group-58A987F56150-LeaderElection487] INFO  impl.RaftServerImpl (RaftServerImpl.java:setRole(184)) - 327657b1-60f8-49f2-b2a3-f63e1f934942@group-58A987F56150: changes role from CANDIDATE to FOLLOWER at term 556 for DISCOVERED_A_NEW_TERM
2019-10-18 14:59:09,239 [327657b1-60f8-49f2-b2a3-f63e1f934942@group-58A987F56150-LeaderElection487] INFO  impl.RoleInfo (RoleInfo.java:shutdownLeaderElection(134)) - 327657b1-60f8-49f2-b2a3-f63e1f934942: shutdown LeaderElection
2019-10-18 14:59:09,239 [327657b1-60f8-49f2-b2a3-f63e1f934942@group-58A987F56150-LeaderElection487] INFO  impl.RoleInfo (RoleInfo.java:updateAndGet(143)) - 327657b1-60f8-49f2-b2a3-f63e1f934942: start FollowerState
2019-10-18 14:59:09,378 [Thread-3508] INFO  impl.FollowerState (FollowerState.java:run(108)) - 327657b1-60f8-49f2-b2a3-f63e1f934942@group-58A987F56150-FollowerState: change to CANDIDATE, lastRpcTime:138ms, electionTimeout:138ms
2019-10-18 14:59:09,378 [Thread-3508] INFO  impl.RoleInfo (RoleInfo.java:shutdownFollowerState(121)) - 327657b1-60f8-49f2-b2a3-f63e1f934942: shutdown FollowerState
2019-10-18 14:59:09,378 [Thread-3508] INFO  impl.RaftServerImpl (RaftServerImpl.java:setRole(184)) - 327657b1-60f8-49f2-b2a3-f63e1f934942@group-58A987F56150: changes role from  FOLLOWER to CANDIDATE at term 556 for changeToCandidate
2019-10-18 14:59:09,378 [Thread-3508] INFO  impl.RoleInfo (RoleInfo.java:updateAndGet(143)) - 327657b1-60f8-49f2-b2a3-f63e1f934942: start LeaderElection
2019-10-18 14:59:09,404 [327657b1-60f8-49f2-b2a3-f63e1f934942@group-58A987F56150-LeaderElection488] INFO  impl.LeaderElection (LeaderElection.java:askForVotes(178)) - 327657b1-60f8-49f2-b2a3-f63e1f934942@group-58A987F56150-LeaderElection488: begin an election at term 557 for -1: [6605b8a5-570b-4977-9ee7-6aaf3012bed5:192.168.164.233:35223, 327657b1-60f8-49f2-b2a3-f63e1f934942:192.168.164.233:41966, ddd4789c-894d-475a-bbfb-f6e7aa670c92:192.168.164.233:41061], old=null
2019-10-18 14:59:09,405 [327657b1-60f8-49f2-b2a3-f63e1f934942@group-58A987F56150-LeaderElection488] INFO  impl.LeaderElection (LogUtils.java:infoOrTrace(149)) - 327657b1-60f8-49f2-b2a3-f63e1f934942@group-58A987F56150-LeaderElection488 got exception when requesting votes: {}
java.util.concurrent.ExecutionException: org.apache.ratis.thirdparty.io.grpc.StatusRuntimeException: UNAVAILABLE: io exception
	at java.util.concurrent.FutureTask.report(FutureTask.java:122)
	at java.util.concurrent.FutureTask.get(FutureTask.java:192)
	at org.apache.ratis.server.impl.LeaderElection.waitForResults(LeaderElection.java:259)
	at org.apache.ratis.server.impl.LeaderElection.askForVotes(LeaderElection.java:197)
	at org.apache.ratis.server.impl.LeaderElection.run(LeaderElection.java:133)
	at java.lang.Thread.run(Thread.java:748)
Caused by: org.apache.ratis.thirdparty.io.grpc.StatusRuntimeException: UNAVAILABLE: io exception
	at org.apache.ratis.thirdparty.io.grpc.stub.ClientCalls.toStatusRuntimeException(ClientCalls.java:233)
	at org.apache.ratis.thirdparty.io.grpc.stub.ClientCalls.getUnchecked(ClientCalls.java:214)
	at org.apache.ratis.thirdparty.io.grpc.stub.ClientCalls.blockingUnaryCall(ClientCalls.java:139)
	at org.apache.ratis.proto.grpc.RaftServerProtocolServiceGrpc$RaftServerProtocolServiceBlockingStub.requestVote(RaftServerProtocolServiceGrpc.java:265)
	at org.apache.ratis.grpc.server.GrpcServerProtocolClient.requestVote(GrpcServerProtocolClient.java:99)
	at org.apache.ratis.grpc.server.GrpcService.requestVote(GrpcService.java:204)
	at org.apache.ratis.server.impl.LeaderElection.lambda$submitRequests$1(LeaderElection.java:234)
	at java.util.concurrent.FutureTask.run(FutureTask.java:266)
	at java.util.concurrent.Executors$RunnableAdapter.call(Executors.java:511)
	at java.util.concurrent.FutureTask.run(FutureTask.java:266)
	at java.util.concurrent.ThreadPoolExecutor.runWorker(ThreadPoolExecutor.java:1149)
	at java.util.concurrent.ThreadPoolExecutor$Worker.run(ThreadPoolExecutor.java:624)
	... 1 more
Caused by: org.apache.ratis.thirdparty.io.netty.channel.AbstractChannel$AnnotatedConnectException: Connection refused: /192.168.164.233:41061
	at sun.nio.ch.SocketChannelImpl.checkConnect(Native Method)
	at sun.nio.ch.SocketChannelImpl.finishConnect(SocketChannelImpl.java:717)
	at org.apache.ratis.thirdparty.io.netty.channel.socket.nio.NioSocketChannel.doFinishConnect(NioSocketChannel.java:327)
	at org.apache.ratis.thirdparty.io.netty.channel.nio.AbstractNioChannel$AbstractNioUnsafe.finishConnect(AbstractNioChannel.java:340)
	at org.apache.ratis.thirdparty.io.netty.channel.nio.NioEventLoop.processSelectedKey(NioEventLoop.java:632)
	at org.apache.ratis.thirdparty.io.netty.channel.nio.NioEventLoop.processSelectedKeysOptimized(NioEventLoop.java:579)
	at org.apache.ratis.thirdparty.io.netty.channel.nio.NioEventLoop.processSelectedKeys(NioEventLoop.java:496)
	at org.apache.ratis.thirdparty.io.netty.channel.nio.NioEventLoop.run(NioEventLoop.java:458)
	at org.apache.ratis.thirdparty.io.netty.util.concurrent.SingleThreadEventExecutor$5.run(SingleThreadEventExecutor.java:897)
	at org.apache.ratis.thirdparty.io.netty.util.concurrent.FastThreadLocalRunnable.run(FastThreadLocalRunnable.java:30)
	... 1 more
Caused by: java.net.ConnectException: Connection refused
	... 11 more
2019-10-18 14:59:09,406 [327657b1-60f8-49f2-b2a3-f63e1f934942@group-58A987F56150-LeaderElection488] INFO  impl.LeaderElection (LogUtils.java:infoOrTrace(149)) - 327657b1-60f8-49f2-b2a3-f63e1f934942@group-58A987F56150-LeaderElection488 got exception when requesting votes: {}
java.util.concurrent.ExecutionException: org.apache.ratis.thirdparty.io.grpc.StatusRuntimeException: UNAVAILABLE: io exception
	at java.util.concurrent.FutureTask.report(FutureTask.java:122)
	at java.util.concurrent.FutureTask.get(FutureTask.java:192)
	at org.apache.ratis.server.impl.LeaderElection.waitForResults(LeaderElection.java:259)
	at org.apache.ratis.server.impl.LeaderElection.askForVotes(LeaderElection.java:197)
	at org.apache.ratis.server.impl.LeaderElection.run(LeaderElection.java:133)
	at java.lang.Thread.run(Thread.java:748)
Caused by: org.apache.ratis.thirdparty.io.grpc.StatusRuntimeException: UNAVAILABLE: io exception
	at org.apache.ratis.thirdparty.io.grpc.stub.ClientCalls.toStatusRuntimeException(ClientCalls.java:233)
	at org.apache.ratis.thirdparty.io.grpc.stub.ClientCalls.getUnchecked(ClientCalls.java:214)
	at org.apache.ratis.thirdparty.io.grpc.stub.ClientCalls.blockingUnaryCall(ClientCalls.java:139)
	at org.apache.ratis.proto.grpc.RaftServerProtocolServiceGrpc$RaftServerProtocolServiceBlockingStub.requestVote(RaftServerProtocolServiceGrpc.java:265)
	at org.apache.ratis.grpc.server.GrpcServerProtocolClient.requestVote(GrpcServerProtocolClient.java:99)
	at org.apache.ratis.grpc.server.GrpcService.requestVote(GrpcService.java:204)
	at org.apache.ratis.server.impl.LeaderElection.lambda$submitRequests$1(LeaderElection.java:234)
	at java.util.concurrent.FutureTask.run(FutureTask.java:266)
	at java.util.concurrent.Executors$RunnableAdapter.call(Executors.java:511)
	at java.util.concurrent.FutureTask.run(FutureTask.java:266)
	at java.util.concurrent.ThreadPoolExecutor.runWorker(ThreadPoolExecutor.java:1149)
	at java.util.concurrent.ThreadPoolExecutor$Worker.run(ThreadPoolExecutor.java:624)
	... 1 more
Caused by: org.apache.ratis.thirdparty.io.netty.channel.AbstractChannel$AnnotatedConnectException: Connection refused: /192.168.164.233:35223
	at sun.nio.ch.SocketChannelImpl.checkConnect(Native Method)
	at sun.nio.ch.SocketChannelImpl.finishConnect(SocketChannelImpl.java:717)
	at org.apache.ratis.thirdparty.io.netty.channel.socket.nio.NioSocketChannel.doFinishConnect(NioSocketChannel.java:327)
	at org.apache.ratis.thirdparty.io.netty.channel.nio.AbstractNioChannel$AbstractNioUnsafe.finishConnect(AbstractNioChannel.java:340)
	at org.apache.ratis.thirdparty.io.netty.channel.nio.NioEventLoop.processSelectedKey(NioEventLoop.java:632)
	at org.apache.ratis.thirdparty.io.netty.channel.nio.NioEventLoop.processSelectedKeysOptimized(NioEventLoop.java:579)
	at org.apache.ratis.thirdparty.io.netty.channel.nio.NioEventLoop.processSelectedKeys(NioEventLoop.java:496)
	at org.apache.ratis.thirdparty.io.netty.channel.nio.NioEventLoop.run(NioEventLoop.java:458)
	at org.apache.ratis.thirdparty.io.netty.util.concurrent.SingleThreadEventExecutor$5.run(SingleThreadEventExecutor.java:897)
	at org.apache.ratis.thirdparty.io.netty.util.concurrent.FastThreadLocalRunnable.run(FastThreadLocalRunnable.java:30)
	... 1 more
Caused by: java.net.ConnectException: Connection refused
	... 11 more
2019-10-18 14:59:09,406 [327657b1-60f8-49f2-b2a3-f63e1f934942@group-58A987F56150-LeaderElection488] INFO  impl.LeaderElection (LeaderElection.java:logAndReturn(56)) - 327657b1-60f8-49f2-b2a3-f63e1f934942@group-58A987F56150-LeaderElection488: Election REJECTED; received 0 response(s) [] and 2 exception(s); 327657b1-60f8-49f2-b2a3-f63e1f934942@group-58A987F56150:t557, leader=null, voted=327657b1-60f8-49f2-b2a3-f63e1f934942, raftlog=327657b1-60f8-49f2-b2a3-f63e1f934942@group-58A987F56150-SegmentedRaftLog:OPENED:c-1,f-1,i0, conf=-1: [6605b8a5-570b-4977-9ee7-6aaf3012bed5:192.168.164.233:35223, 327657b1-60f8-49f2-b2a3-f63e1f934942:192.168.164.233:41966, ddd4789c-894d-475a-bbfb-f6e7aa670c92:192.168.164.233:41061], old=null
2019-10-18 14:59:09,406 [327657b1-60f8-49f2-b2a3-f63e1f934942@group-58A987F56150-LeaderElection488] INFO  impl.LeaderElection (LogUtils.java:infoOrTrace(149)) -   Exception 0: {}
java.util.concurrent.ExecutionException: org.apache.ratis.thirdparty.io.grpc.StatusRuntimeException: UNAVAILABLE: io exception
	at java.util.concurrent.FutureTask.report(FutureTask.java:122)
	at java.util.concurrent.FutureTask.get(FutureTask.java:192)
	at org.apache.ratis.server.impl.LeaderElection.waitForResults(LeaderElection.java:259)
	at org.apache.ratis.server.impl.LeaderElection.askForVotes(LeaderElection.java:197)
	at org.apache.ratis.server.impl.LeaderElection.run(LeaderElection.java:133)
	at java.lang.Thread.run(Thread.java:748)
Caused by: org.apache.ratis.thirdparty.io.grpc.StatusRuntimeException: UNAVAILABLE: io exception
	at org.apache.ratis.thirdparty.io.grpc.stub.ClientCalls.toStatusRuntimeException(ClientCalls.java:233)
	at org.apache.ratis.thirdparty.io.grpc.stub.ClientCalls.getUnchecked(ClientCalls.java:214)
	at org.apache.ratis.thirdparty.io.grpc.stub.ClientCalls.blockingUnaryCall(ClientCalls.java:139)
	at org.apache.ratis.proto.grpc.RaftServerProtocolServiceGrpc$RaftServerProtocolServiceBlockingStub.requestVote(RaftServerProtocolServiceGrpc.java:265)
	at org.apache.ratis.grpc.server.GrpcServerProtocolClient.requestVote(GrpcServerProtocolClient.java:99)
	at org.apache.ratis.grpc.server.GrpcService.requestVote(GrpcService.java:204)
	at org.apache.ratis.server.impl.LeaderElection.lambda$submitRequests$1(LeaderElection.java:234)
	at java.util.concurrent.FutureTask.run(FutureTask.java:266)
	at java.util.concurrent.Executors$RunnableAdapter.call(Executors.java:511)
	at java.util.concurrent.FutureTask.run(FutureTask.java:266)
	at java.util.concurrent.ThreadPoolExecutor.runWorker(ThreadPoolExecutor.java:1149)
	at java.util.concurrent.ThreadPoolExecutor$Worker.run(ThreadPoolExecutor.java:624)
	... 1 more
Caused by: org.apache.ratis.thirdparty.io.netty.channel.AbstractChannel$AnnotatedConnectException: Connection refused: /192.168.164.233:41061
	at sun.nio.ch.SocketChannelImpl.checkConnect(Native Method)
	at sun.nio.ch.SocketChannelImpl.finishConnect(SocketChannelImpl.java:717)
	at org.apache.ratis.thirdparty.io.netty.channel.socket.nio.NioSocketChannel.doFinishConnect(NioSocketChannel.java:327)
	at org.apache.ratis.thirdparty.io.netty.channel.nio.AbstractNioChannel$AbstractNioUnsafe.finishConnect(AbstractNioChannel.java:340)
	at org.apache.ratis.thirdparty.io.netty.channel.nio.NioEventLoop.processSelectedKey(NioEventLoop.java:632)
	at org.apache.ratis.thirdparty.io.netty.channel.nio.NioEventLoop.processSelectedKeysOptimized(NioEventLoop.java:579)
	at org.apache.ratis.thirdparty.io.netty.channel.nio.NioEventLoop.processSelectedKeys(NioEventLoop.java:496)
	at org.apache.ratis.thirdparty.io.netty.channel.nio.NioEventLoop.run(NioEventLoop.java:458)
	at org.apache.ratis.thirdparty.io.netty.util.concurrent.SingleThreadEventExecutor$5.run(SingleThreadEventExecutor.java:897)
	at org.apache.ratis.thirdparty.io.netty.util.concurrent.FastThreadLocalRunnable.run(FastThreadLocalRunnable.java:30)
	... 1 more
Caused by: java.net.ConnectException: Connection refused
	... 11 more
2019-10-18 14:59:09,407 [327657b1-60f8-49f2-b2a3-f63e1f934942@group-58A987F56150-LeaderElection488] INFO  impl.LeaderElection (LogUtils.java:infoOrTrace(149)) -   Exception 1: {}
java.util.concurrent.ExecutionException: org.apache.ratis.thirdparty.io.grpc.StatusRuntimeException: UNAVAILABLE: io exception
	at java.util.concurrent.FutureTask.report(FutureTask.java:122)
	at java.util.concurrent.FutureTask.get(FutureTask.java:192)
	at org.apache.ratis.server.impl.LeaderElection.waitForResults(LeaderElection.java:259)
	at org.apache.ratis.server.impl.LeaderElection.askForVotes(LeaderElection.java:197)
	at org.apache.ratis.server.impl.LeaderElection.run(LeaderElection.java:133)
	at java.lang.Thread.run(Thread.java:748)
Caused by: org.apache.ratis.thirdparty.io.grpc.StatusRuntimeException: UNAVAILABLE: io exception
	at org.apache.ratis.thirdparty.io.grpc.stub.ClientCalls.toStatusRuntimeException(ClientCalls.java:233)
	at org.apache.ratis.thirdparty.io.grpc.stub.ClientCalls.getUnchecked(ClientCalls.java:214)
	at org.apache.ratis.thirdparty.io.grpc.stub.ClientCalls.blockingUnaryCall(ClientCalls.java:139)
	at org.apache.ratis.proto.grpc.RaftServerProtocolServiceGrpc$RaftServerProtocolServiceBlockingStub.requestVote(RaftServerProtocolServiceGrpc.java:265)
	at org.apache.ratis.grpc.server.GrpcServerProtocolClient.requestVote(GrpcServerProtocolClient.java:99)
	at org.apache.ratis.grpc.server.GrpcService.requestVote(GrpcService.java:204)
	at org.apache.ratis.server.impl.LeaderElection.lambda$submitRequests$1(LeaderElection.java:234)
	at java.util.concurrent.FutureTask.run(FutureTask.java:266)
	at java.util.concurrent.Executors$RunnableAdapter.call(Executors.java:511)
	at java.util.concurrent.FutureTask.run(FutureTask.java:266)
	at java.util.concurrent.ThreadPoolExecutor.runWorker(ThreadPoolExecutor.java:1149)
	at java.util.concurrent.ThreadPoolExecutor$Worker.run(ThreadPoolExecutor.java:624)
	... 1 more
Caused by: org.apache.ratis.thirdparty.io.netty.channel.AbstractChannel$AnnotatedConnectException: Connection refused: /192.168.164.233:35223
	at sun.nio.ch.SocketChannelImpl.checkConnect(Native Method)
	at sun.nio.ch.SocketChannelImpl.finishConnect(SocketChannelImpl.java:717)
	at org.apache.ratis.thirdparty.io.netty.channel.socket.nio.NioSocketChannel.doFinishConnect(NioSocketChannel.java:327)
	at org.apache.ratis.thirdparty.io.netty.channel.nio.AbstractNioChannel$AbstractNioUnsafe.finishConnect(AbstractNioChannel.java:340)
	at org.apache.ratis.thirdparty.io.netty.channel.nio.NioEventLoop.processSelectedKey(NioEventLoop.java:632)
	at org.apache.ratis.thirdparty.io.netty.channel.nio.NioEventLoop.processSelectedKeysOptimized(NioEventLoop.java:579)
	at org.apache.ratis.thirdparty.io.netty.channel.nio.NioEventLoop.processSelectedKeys(NioEventLoop.java:496)
	at org.apache.ratis.thirdparty.io.netty.channel.nio.NioEventLoop.run(NioEventLoop.java:458)
	at org.apache.ratis.thirdparty.io.netty.util.concurrent.SingleThreadEventExecutor$5.run(SingleThreadEventExecutor.java:897)
	at org.apache.ratis.thirdparty.io.netty.util.concurrent.FastThreadLocalRunnable.run(FastThreadLocalRunnable.java:30)
	... 1 more
Caused by: java.net.ConnectException: Connection refused
	... 11 more
2019-10-18 14:59:09,407 [327657b1-60f8-49f2-b2a3-f63e1f934942@group-58A987F56150-LeaderElection488] INFO  impl.RaftServerImpl (RaftServerImpl.java:setRole(184)) - 327657b1-60f8-49f2-b2a3-f63e1f934942@group-58A987F56150: changes role from CANDIDATE to FOLLOWER at term 557 for DISCOVERED_A_NEW_TERM
2019-10-18 14:59:09,407 [327657b1-60f8-49f2-b2a3-f63e1f934942@group-58A987F56150-LeaderElection488] INFO  impl.RoleInfo (RoleInfo.java:shutdownLeaderElection(134)) - 327657b1-60f8-49f2-b2a3-f63e1f934942: shutdown LeaderElection
2019-10-18 14:59:09,407 [327657b1-60f8-49f2-b2a3-f63e1f934942@group-58A987F56150-LeaderElection488] INFO  impl.RoleInfo (RoleInfo.java:updateAndGet(143)) - 327657b1-60f8-49f2-b2a3-f63e1f934942: start FollowerState
2019-10-18 14:59:09,424 [Thread-3514] INFO  impl.FollowerState (FollowerState.java:run(108)) - 327657b1-60f8-49f2-b2a3-f63e1f934942@group-58A987F56150-FollowerState: change to CANDIDATE, lastRpcTime:17ms, electionTimeout:17ms
2019-10-18 14:59:09,425 [Thread-3514] INFO  impl.RoleInfo (RoleInfo.java:shutdownFollowerState(121)) - 327657b1-60f8-49f2-b2a3-f63e1f934942: shutdown FollowerState
2019-10-18 14:59:09,425 [Thread-3514] INFO  impl.RaftServerImpl (RaftServerImpl.java:setRole(184)) - 327657b1-60f8-49f2-b2a3-f63e1f934942@group-58A987F56150: changes role from  FOLLOWER to CANDIDATE at term 557 for changeToCandidate
2019-10-18 14:59:09,425 [Thread-3514] INFO  impl.RoleInfo (RoleInfo.java:updateAndGet(143)) - 327657b1-60f8-49f2-b2a3-f63e1f934942: start LeaderElection
2019-10-18 14:59:09,439 [327657b1-60f8-49f2-b2a3-f63e1f934942@group-58A987F56150-LeaderElection489] INFO  impl.LeaderElection (LeaderElection.java:askForVotes(178)) - 327657b1-60f8-49f2-b2a3-f63e1f934942@group-58A987F56150-LeaderElection489: begin an election at term 558 for -1: [6605b8a5-570b-4977-9ee7-6aaf3012bed5:192.168.164.233:35223, 327657b1-60f8-49f2-b2a3-f63e1f934942:192.168.164.233:41966, ddd4789c-894d-475a-bbfb-f6e7aa670c92:192.168.164.233:41061], old=null
2019-10-18 14:59:09,440 [327657b1-60f8-49f2-b2a3-f63e1f934942@group-58A987F56150-LeaderElection489] INFO  impl.LeaderElection (LogUtils.java:infoOrTrace(149)) - 327657b1-60f8-49f2-b2a3-f63e1f934942@group-58A987F56150-LeaderElection489 got exception when requesting votes: {}
java.util.concurrent.ExecutionException: org.apache.ratis.thirdparty.io.grpc.StatusRuntimeException: UNAVAILABLE: io exception
	at java.util.concurrent.FutureTask.report(FutureTask.java:122)
	at java.util.concurrent.FutureTask.get(FutureTask.java:192)
	at org.apache.ratis.server.impl.LeaderElection.waitForResults(LeaderElection.java:259)
	at org.apache.ratis.server.impl.LeaderElection.askForVotes(LeaderElection.java:197)
	at org.apache.ratis.server.impl.LeaderElection.run(LeaderElection.java:133)
	at java.lang.Thread.run(Thread.java:748)
Caused by: org.apache.ratis.thirdparty.io.grpc.StatusRuntimeException: UNAVAILABLE: io exception
	at org.apache.ratis.thirdparty.io.grpc.stub.ClientCalls.toStatusRuntimeException(ClientCalls.java:233)
	at org.apache.ratis.thirdparty.io.grpc.stub.ClientCalls.getUnchecked(ClientCalls.java:214)
	at org.apache.ratis.thirdparty.io.grpc.stub.ClientCalls.blockingUnaryCall(ClientCalls.java:139)
	at org.apache.ratis.proto.grpc.RaftServerProtocolServiceGrpc$RaftServerProtocolServiceBlockingStub.requestVote(RaftServerProtocolServiceGrpc.java:265)
	at org.apache.ratis.grpc.server.GrpcServerProtocolClient.requestVote(GrpcServerProtocolClient.java:99)
	at org.apache.ratis.grpc.server.GrpcService.requestVote(GrpcService.java:204)
	at org.apache.ratis.server.impl.LeaderElection.lambda$submitRequests$1(LeaderElection.java:234)
	at java.util.concurrent.FutureTask.run(FutureTask.java:266)
	at java.util.concurrent.Executors$RunnableAdapter.call(Executors.java:511)
	at java.util.concurrent.FutureTask.run(FutureTask.java:266)
	at java.util.concurrent.ThreadPoolExecutor.runWorker(ThreadPoolExecutor.java:1149)
	at java.util.concurrent.ThreadPoolExecutor$Worker.run(ThreadPoolExecutor.java:624)
	... 1 more
Caused by: org.apache.ratis.thirdparty.io.netty.channel.AbstractChannel$AnnotatedConnectException: Connection refused: /192.168.164.233:35223
	at sun.nio.ch.SocketChannelImpl.checkConnect(Native Method)
	at sun.nio.ch.SocketChannelImpl.finishConnect(SocketChannelImpl.java:717)
	at org.apache.ratis.thirdparty.io.netty.channel.socket.nio.NioSocketChannel.doFinishConnect(NioSocketChannel.java:327)
	at org.apache.ratis.thirdparty.io.netty.channel.nio.AbstractNioChannel$AbstractNioUnsafe.finishConnect(AbstractNioChannel.java:340)
	at org.apache.ratis.thirdparty.io.netty.channel.nio.NioEventLoop.processSelectedKey(NioEventLoop.java:632)
	at org.apache.ratis.thirdparty.io.netty.channel.nio.NioEventLoop.processSelectedKeysOptimized(NioEventLoop.java:579)
	at org.apache.ratis.thirdparty.io.netty.channel.nio.NioEventLoop.processSelectedKeys(NioEventLoop.java:496)
	at org.apache.ratis.thirdparty.io.netty.channel.nio.NioEventLoop.run(NioEventLoop.java:458)
	at org.apache.ratis.thirdparty.io.netty.util.concurrent.SingleThreadEventExecutor$5.run(SingleThreadEventExecutor.java:897)
	at org.apache.ratis.thirdparty.io.netty.util.concurrent.FastThreadLocalRunnable.run(FastThreadLocalRunnable.java:30)
	... 1 more
Caused by: java.net.ConnectException: Connection refused
	... 11 more
2019-10-18 14:59:09,440 [327657b1-60f8-49f2-b2a3-f63e1f934942@group-58A987F56150-LeaderElection489] INFO  impl.LeaderElection (LogUtils.java:infoOrTrace(149)) - 327657b1-60f8-49f2-b2a3-f63e1f934942@group-58A987F56150-LeaderElection489 got exception when requesting votes: {}
java.util.concurrent.ExecutionException: org.apache.ratis.thirdparty.io.grpc.StatusRuntimeException: UNAVAILABLE: io exception
	at java.util.concurrent.FutureTask.report(FutureTask.java:122)
	at java.util.concurrent.FutureTask.get(FutureTask.java:192)
	at org.apache.ratis.server.impl.LeaderElection.waitForResults(LeaderElection.java:259)
	at org.apache.ratis.server.impl.LeaderElection.askForVotes(LeaderElection.java:197)
	at org.apache.ratis.server.impl.LeaderElection.run(LeaderElection.java:133)
	at java.lang.Thread.run(Thread.java:748)
Caused by: org.apache.ratis.thirdparty.io.grpc.StatusRuntimeException: UNAVAILABLE: io exception
	at org.apache.ratis.thirdparty.io.grpc.stub.ClientCalls.toStatusRuntimeException(ClientCalls.java:233)
	at org.apache.ratis.thirdparty.io.grpc.stub.ClientCalls.getUnchecked(ClientCalls.java:214)
	at org.apache.ratis.thirdparty.io.grpc.stub.ClientCalls.blockingUnaryCall(ClientCalls.java:139)
	at org.apache.ratis.proto.grpc.RaftServerProtocolServiceGrpc$RaftServerProtocolServiceBlockingStub.requestVote(RaftServerProtocolServiceGrpc.java:265)
	at org.apache.ratis.grpc.server.GrpcServerProtocolClient.requestVote(GrpcServerProtocolClient.java:99)
	at org.apache.ratis.grpc.server.GrpcService.requestVote(GrpcService.java:204)
	at org.apache.ratis.server.impl.LeaderElection.lambda$submitRequests$1(LeaderElection.java:234)
	at java.util.concurrent.FutureTask.run(FutureTask.java:266)
	at java.util.concurrent.Executors$RunnableAdapter.call(Executors.java:511)
	at java.util.concurrent.FutureTask.run(FutureTask.java:266)
	at java.util.concurrent.ThreadPoolExecutor.runWorker(ThreadPoolExecutor.java:1149)
	at java.util.concurrent.ThreadPoolExecutor$Worker.run(ThreadPoolExecutor.java:624)
	... 1 more
Caused by: org.apache.ratis.thirdparty.io.netty.channel.AbstractChannel$AnnotatedConnectException: Connection refused: /192.168.164.233:41061
	at sun.nio.ch.SocketChannelImpl.checkConnect(Native Method)
	at sun.nio.ch.SocketChannelImpl.finishConnect(SocketChannelImpl.java:717)
	at org.apache.ratis.thirdparty.io.netty.channel.socket.nio.NioSocketChannel.doFinishConnect(NioSocketChannel.java:327)
	at org.apache.ratis.thirdparty.io.netty.channel.nio.AbstractNioChannel$AbstractNioUnsafe.finishConnect(AbstractNioChannel.java:340)
	at org.apache.ratis.thirdparty.io.netty.channel.nio.NioEventLoop.processSelectedKey(NioEventLoop.java:632)
	at org.apache.ratis.thirdparty.io.netty.channel.nio.NioEventLoop.processSelectedKeysOptimized(NioEventLoop.java:579)
	at org.apache.ratis.thirdparty.io.netty.channel.nio.NioEventLoop.processSelectedKeys(NioEventLoop.java:496)
	at org.apache.ratis.thirdparty.io.netty.channel.nio.NioEventLoop.run(NioEventLoop.java:458)
	at org.apache.ratis.thirdparty.io.netty.util.concurrent.SingleThreadEventExecutor$5.run(SingleThreadEventExecutor.java:897)
	at org.apache.ratis.thirdparty.io.netty.util.concurrent.FastThreadLocalRunnable.run(FastThreadLocalRunnable.java:30)
	... 1 more
Caused by: java.net.ConnectException: Connection refused
	... 11 more
2019-10-18 14:59:09,441 [327657b1-60f8-49f2-b2a3-f63e1f934942@group-58A987F56150-LeaderElection489] INFO  impl.LeaderElection (LeaderElection.java:logAndReturn(56)) - 327657b1-60f8-49f2-b2a3-f63e1f934942@group-58A987F56150-LeaderElection489: Election REJECTED; received 0 response(s) [] and 2 exception(s); 327657b1-60f8-49f2-b2a3-f63e1f934942@group-58A987F56150:t558, leader=null, voted=327657b1-60f8-49f2-b2a3-f63e1f934942, raftlog=327657b1-60f8-49f2-b2a3-f63e1f934942@group-58A987F56150-SegmentedRaftLog:OPENED:c-1,f-1,i0, conf=-1: [6605b8a5-570b-4977-9ee7-6aaf3012bed5:192.168.164.233:35223, 327657b1-60f8-49f2-b2a3-f63e1f934942:192.168.164.233:41966, ddd4789c-894d-475a-bbfb-f6e7aa670c92:192.168.164.233:41061], old=null
2019-10-18 14:59:09,441 [327657b1-60f8-49f2-b2a3-f63e1f934942@group-58A987F56150-LeaderElection489] INFO  impl.LeaderElection (LogUtils.java:infoOrTrace(149)) -   Exception 0: {}
java.util.concurrent.ExecutionException: org.apache.ratis.thirdparty.io.grpc.StatusRuntimeException: UNAVAILABLE: io exception
	at java.util.concurrent.FutureTask.report(FutureTask.java:122)
	at java.util.concurrent.FutureTask.get(FutureTask.java:192)
	at org.apache.ratis.server.impl.LeaderElection.waitForResults(LeaderElection.java:259)
	at org.apache.ratis.server.impl.LeaderElection.askForVotes(LeaderElection.java:197)
	at org.apache.ratis.server.impl.LeaderElection.run(LeaderElection.java:133)
	at java.lang.Thread.run(Thread.java:748)
Caused by: org.apache.ratis.thirdparty.io.grpc.StatusRuntimeException: UNAVAILABLE: io exception
	at org.apache.ratis.thirdparty.io.grpc.stub.ClientCalls.toStatusRuntimeException(ClientCalls.java:233)
	at org.apache.ratis.thirdparty.io.grpc.stub.ClientCalls.getUnchecked(ClientCalls.java:214)
	at org.apache.ratis.thirdparty.io.grpc.stub.ClientCalls.blockingUnaryCall(ClientCalls.java:139)
	at org.apache.ratis.proto.grpc.RaftServerProtocolServiceGrpc$RaftServerProtocolServiceBlockingStub.requestVote(RaftServerProtocolServiceGrpc.java:265)
	at org.apache.ratis.grpc.server.GrpcServerProtocolClient.requestVote(GrpcServerProtocolClient.java:99)
	at org.apache.ratis.grpc.server.GrpcService.requestVote(GrpcService.java:204)
	at org.apache.ratis.server.impl.LeaderElection.lambda$submitRequests$1(LeaderElection.java:234)
	at java.util.concurrent.FutureTask.run(FutureTask.java:266)
	at java.util.concurrent.Executors$RunnableAdapter.call(Executors.java:511)
	at java.util.concurrent.FutureTask.run(FutureTask.java:266)
	at java.util.concurrent.ThreadPoolExecutor.runWorker(ThreadPoolExecutor.java:1149)
	at java.util.concurrent.ThreadPoolExecutor$Worker.run(ThreadPoolExecutor.java:624)
	... 1 more
Caused by: org.apache.ratis.thirdparty.io.netty.channel.AbstractChannel$AnnotatedConnectException: Connection refused: /192.168.164.233:35223
	at sun.nio.ch.SocketChannelImpl.checkConnect(Native Method)
	at sun.nio.ch.SocketChannelImpl.finishConnect(SocketChannelImpl.java:717)
	at org.apache.ratis.thirdparty.io.netty.channel.socket.nio.NioSocketChannel.doFinishConnect(NioSocketChannel.java:327)
	at org.apache.ratis.thirdparty.io.netty.channel.nio.AbstractNioChannel$AbstractNioUnsafe.finishConnect(AbstractNioChannel.java:340)
	at org.apache.ratis.thirdparty.io.netty.channel.nio.NioEventLoop.processSelectedKey(NioEventLoop.java:632)
	at org.apache.ratis.thirdparty.io.netty.channel.nio.NioEventLoop.processSelectedKeysOptimized(NioEventLoop.java:579)
	at org.apache.ratis.thirdparty.io.netty.channel.nio.NioEventLoop.processSelectedKeys(NioEventLoop.java:496)
	at org.apache.ratis.thirdparty.io.netty.channel.nio.NioEventLoop.run(NioEventLoop.java:458)
	at org.apache.ratis.thirdparty.io.netty.util.concurrent.SingleThreadEventExecutor$5.run(SingleThreadEventExecutor.java:897)
	at org.apache.ratis.thirdparty.io.netty.util.concurrent.FastThreadLocalRunnable.run(FastThreadLocalRunnable.java:30)
	... 1 more
Caused by: java.net.ConnectException: Connection refused
	... 11 more
2019-10-18 14:59:09,441 [327657b1-60f8-49f2-b2a3-f63e1f934942@group-58A987F56150-LeaderElection489] INFO  impl.LeaderElection (LogUtils.java:infoOrTrace(149)) -   Exception 1: {}
java.util.concurrent.ExecutionException: org.apache.ratis.thirdparty.io.grpc.StatusRuntimeException: UNAVAILABLE: io exception
	at java.util.concurrent.FutureTask.report(FutureTask.java:122)
	at java.util.concurrent.FutureTask.get(FutureTask.java:192)
	at org.apache.ratis.server.impl.LeaderElection.waitForResults(LeaderElection.java:259)
	at org.apache.ratis.server.impl.LeaderElection.askForVotes(LeaderElection.java:197)
	at org.apache.ratis.server.impl.LeaderElection.run(LeaderElection.java:133)
	at java.lang.Thread.run(Thread.java:748)
Caused by: org.apache.ratis.thirdparty.io.grpc.StatusRuntimeException: UNAVAILABLE: io exception
	at org.apache.ratis.thirdparty.io.grpc.stub.ClientCalls.toStatusRuntimeException(ClientCalls.java:233)
	at org.apache.ratis.thirdparty.io.grpc.stub.ClientCalls.getUnchecked(ClientCalls.java:214)
	at org.apache.ratis.thirdparty.io.grpc.stub.ClientCalls.blockingUnaryCall(ClientCalls.java:139)
	at org.apache.ratis.proto.grpc.RaftServerProtocolServiceGrpc$RaftServerProtocolServiceBlockingStub.requestVote(RaftServerProtocolServiceGrpc.java:265)
	at org.apache.ratis.grpc.server.GrpcServerProtocolClient.requestVote(GrpcServerProtocolClient.java:99)
	at org.apache.ratis.grpc.server.GrpcService.requestVote(GrpcService.java:204)
	at org.apache.ratis.server.impl.LeaderElection.lambda$submitRequests$1(LeaderElection.java:234)
	at java.util.concurrent.FutureTask.run(FutureTask.java:266)
	at java.util.concurrent.Executors$RunnableAdapter.call(Executors.java:511)
	at java.util.concurrent.FutureTask.run(FutureTask.java:266)
	at java.util.concurrent.ThreadPoolExecutor.runWorker(ThreadPoolExecutor.java:1149)
	at java.util.concurrent.ThreadPoolExecutor$Worker.run(ThreadPoolExecutor.java:624)
	... 1 more
Caused by: org.apache.ratis.thirdparty.io.netty.channel.AbstractChannel$AnnotatedConnectException: Connection refused: /192.168.164.233:41061
	at sun.nio.ch.SocketChannelImpl.checkConnect(Native Method)
	at sun.nio.ch.SocketChannelImpl.finishConnect(SocketChannelImpl.java:717)
	at org.apache.ratis.thirdparty.io.netty.channel.socket.nio.NioSocketChannel.doFinishConnect(NioSocketChannel.java:327)
	at org.apache.ratis.thirdparty.io.netty.channel.nio.AbstractNioChannel$AbstractNioUnsafe.finishConnect(AbstractNioChannel.java:340)
	at org.apache.ratis.thirdparty.io.netty.channel.nio.NioEventLoop.processSelectedKey(NioEventLoop.java:632)
	at org.apache.ratis.thirdparty.io.netty.channel.nio.NioEventLoop.processSelectedKeysOptimized(NioEventLoop.java:579)
	at org.apache.ratis.thirdparty.io.netty.channel.nio.NioEventLoop.processSelectedKeys(NioEventLoop.java:496)
	at org.apache.ratis.thirdparty.io.netty.channel.nio.NioEventLoop.run(NioEventLoop.java:458)
	at org.apache.ratis.thirdparty.io.netty.util.concurrent.SingleThreadEventExecutor$5.run(SingleThreadEventExecutor.java:897)
	at org.apache.ratis.thirdparty.io.netty.util.concurrent.FastThreadLocalRunnable.run(FastThreadLocalRunnable.java:30)
	... 1 more
Caused by: java.net.ConnectException: Connection refused
	... 11 more
2019-10-18 14:59:09,442 [327657b1-60f8-49f2-b2a3-f63e1f934942@group-58A987F56150-LeaderElection489] INFO  impl.RaftServerImpl (RaftServerImpl.java:setRole(184)) - 327657b1-60f8-49f2-b2a3-f63e1f934942@group-58A987F56150: changes role from CANDIDATE to FOLLOWER at term 558 for DISCOVERED_A_NEW_TERM
2019-10-18 14:59:09,442 [327657b1-60f8-49f2-b2a3-f63e1f934942@group-58A987F56150-LeaderElection489] INFO  impl.RoleInfo (RoleInfo.java:shutdownLeaderElection(134)) - 327657b1-60f8-49f2-b2a3-f63e1f934942: shutdown LeaderElection
2019-10-18 14:59:09,442 [327657b1-60f8-49f2-b2a3-f63e1f934942@group-58A987F56150-LeaderElection489] INFO  impl.RoleInfo (RoleInfo.java:updateAndGet(143)) - 327657b1-60f8-49f2-b2a3-f63e1f934942: start FollowerState
2019-10-18 14:59:09,631 [Thread-3518] INFO  impl.FollowerState (FollowerState.java:run(108)) - 327657b1-60f8-49f2-b2a3-f63e1f934942@group-58A987F56150-FollowerState: change to CANDIDATE, lastRpcTime:189ms, electionTimeout:189ms
2019-10-18 14:59:09,632 [Thread-3518] INFO  impl.RoleInfo (RoleInfo.java:shutdownFollowerState(121)) - 327657b1-60f8-49f2-b2a3-f63e1f934942: shutdown FollowerState
2019-10-18 14:59:09,632 [Thread-3518] INFO  impl.RaftServerImpl (RaftServerImpl.java:setRole(184)) - 327657b1-60f8-49f2-b2a3-f63e1f934942@group-58A987F56150: changes role from  FOLLOWER to CANDIDATE at term 558 for changeToCandidate
2019-10-18 14:59:09,633 [Thread-3518] INFO  impl.RoleInfo (RoleInfo.java:updateAndGet(143)) - 327657b1-60f8-49f2-b2a3-f63e1f934942: start LeaderElection
2019-10-18 14:59:09,646 [327657b1-60f8-49f2-b2a3-f63e1f934942@group-58A987F56150-LeaderElection490] INFO  impl.LeaderElection (LeaderElection.java:askForVotes(178)) - 327657b1-60f8-49f2-b2a3-f63e1f934942@group-58A987F56150-LeaderElection490: begin an election at term 559 for -1: [6605b8a5-570b-4977-9ee7-6aaf3012bed5:192.168.164.233:35223, 327657b1-60f8-49f2-b2a3-f63e1f934942:192.168.164.233:41966, ddd4789c-894d-475a-bbfb-f6e7aa670c92:192.168.164.233:41061], old=null
2019-10-18 14:59:09,648 [327657b1-60f8-49f2-b2a3-f63e1f934942@group-58A987F56150-LeaderElection490] INFO  impl.LeaderElection (LogUtils.java:infoOrTrace(149)) - 327657b1-60f8-49f2-b2a3-f63e1f934942@group-58A987F56150-LeaderElection490 got exception when requesting votes: {}
java.util.concurrent.ExecutionException: org.apache.ratis.thirdparty.io.grpc.StatusRuntimeException: UNAVAILABLE: io exception
	at java.util.concurrent.FutureTask.report(FutureTask.java:122)
	at java.util.concurrent.FutureTask.get(FutureTask.java:192)
	at org.apache.ratis.server.impl.LeaderElection.waitForResults(LeaderElection.java:259)
	at org.apache.ratis.server.impl.LeaderElection.askForVotes(LeaderElection.java:197)
	at org.apache.ratis.server.impl.LeaderElection.run(LeaderElection.java:133)
	at java.lang.Thread.run(Thread.java:748)
Caused by: org.apache.ratis.thirdparty.io.grpc.StatusRuntimeException: UNAVAILABLE: io exception
	at org.apache.ratis.thirdparty.io.grpc.stub.ClientCalls.toStatusRuntimeException(ClientCalls.java:233)
	at org.apache.ratis.thirdparty.io.grpc.stub.ClientCalls.getUnchecked(ClientCalls.java:214)
	at org.apache.ratis.thirdparty.io.grpc.stub.ClientCalls.blockingUnaryCall(ClientCalls.java:139)
	at org.apache.ratis.proto.grpc.RaftServerProtocolServiceGrpc$RaftServerProtocolServiceBlockingStub.requestVote(RaftServerProtocolServiceGrpc.java:265)
	at org.apache.ratis.grpc.server.GrpcServerProtocolClient.requestVote(GrpcServerProtocolClient.java:99)
	at org.apache.ratis.grpc.server.GrpcService.requestVote(GrpcService.java:204)
	at org.apache.ratis.server.impl.LeaderElection.lambda$submitRequests$1(LeaderElection.java:234)
	at java.util.concurrent.FutureTask.run(FutureTask.java:266)
	at java.util.concurrent.Executors$RunnableAdapter.call(Executors.java:511)
	at java.util.concurrent.FutureTask.run(FutureTask.java:266)
	at java.util.concurrent.ThreadPoolExecutor.runWorker(ThreadPoolExecutor.java:1149)
	at java.util.concurrent.ThreadPoolExecutor$Worker.run(ThreadPoolExecutor.java:624)
	... 1 more
Caused by: org.apache.ratis.thirdparty.io.netty.channel.AbstractChannel$AnnotatedConnectException: Connection refused: /192.168.164.233:41061
	at sun.nio.ch.SocketChannelImpl.checkConnect(Native Method)
	at sun.nio.ch.SocketChannelImpl.finishConnect(SocketChannelImpl.java:717)
	at org.apache.ratis.thirdparty.io.netty.channel.socket.nio.NioSocketChannel.doFinishConnect(NioSocketChannel.java:327)
	at org.apache.ratis.thirdparty.io.netty.channel.nio.AbstractNioChannel$AbstractNioUnsafe.finishConnect(AbstractNioChannel.java:340)
	at org.apache.ratis.thirdparty.io.netty.channel.nio.NioEventLoop.processSelectedKey(NioEventLoop.java:632)
	at org.apache.ratis.thirdparty.io.netty.channel.nio.NioEventLoop.processSelectedKeysOptimized(NioEventLoop.java:579)
	at org.apache.ratis.thirdparty.io.netty.channel.nio.NioEventLoop.processSelectedKeys(NioEventLoop.java:496)
	at org.apache.ratis.thirdparty.io.netty.channel.nio.NioEventLoop.run(NioEventLoop.java:458)
	at org.apache.ratis.thirdparty.io.netty.util.concurrent.SingleThreadEventExecutor$5.run(SingleThreadEventExecutor.java:897)
	at org.apache.ratis.thirdparty.io.netty.util.concurrent.FastThreadLocalRunnable.run(FastThreadLocalRunnable.java:30)
	... 1 more
Caused by: java.net.ConnectException: Connection refused
	... 11 more
2019-10-18 14:59:09,649 [327657b1-60f8-49f2-b2a3-f63e1f934942@group-58A987F56150-LeaderElection490] INFO  impl.LeaderElection (LogUtils.java:infoOrTrace(149)) - 327657b1-60f8-49f2-b2a3-f63e1f934942@group-58A987F56150-LeaderElection490 got exception when requesting votes: {}
java.util.concurrent.ExecutionException: org.apache.ratis.thirdparty.io.grpc.StatusRuntimeException: UNAVAILABLE: io exception
	at java.util.concurrent.FutureTask.report(FutureTask.java:122)
	at java.util.concurrent.FutureTask.get(FutureTask.java:192)
	at org.apache.ratis.server.impl.LeaderElection.waitForResults(LeaderElection.java:259)
	at org.apache.ratis.server.impl.LeaderElection.askForVotes(LeaderElection.java:197)
	at org.apache.ratis.server.impl.LeaderElection.run(LeaderElection.java:133)
	at java.lang.Thread.run(Thread.java:748)
Caused by: org.apache.ratis.thirdparty.io.grpc.StatusRuntimeException: UNAVAILABLE: io exception
	at org.apache.ratis.thirdparty.io.grpc.stub.ClientCalls.toStatusRuntimeException(ClientCalls.java:233)
	at org.apache.ratis.thirdparty.io.grpc.stub.ClientCalls.getUnchecked(ClientCalls.java:214)
	at org.apache.ratis.thirdparty.io.grpc.stub.ClientCalls.blockingUnaryCall(ClientCalls.java:139)
	at org.apache.ratis.proto.grpc.RaftServerProtocolServiceGrpc$RaftServerProtocolServiceBlockingStub.requestVote(RaftServerProtocolServiceGrpc.java:265)
	at org.apache.ratis.grpc.server.GrpcServerProtocolClient.requestVote(GrpcServerProtocolClient.java:99)
	at org.apache.ratis.grpc.server.GrpcService.requestVote(GrpcService.java:204)
	at org.apache.ratis.server.impl.LeaderElection.lambda$submitRequests$1(LeaderElection.java:234)
	at java.util.concurrent.FutureTask.run(FutureTask.java:266)
	at java.util.concurrent.Executors$RunnableAdapter.call(Executors.java:511)
	at java.util.concurrent.FutureTask.run(FutureTask.java:266)
	at java.util.concurrent.ThreadPoolExecutor.runWorker(ThreadPoolExecutor.java:1149)
	at java.util.concurrent.ThreadPoolExecutor$Worker.run(ThreadPoolExecutor.java:624)
	... 1 more
Caused by: org.apache.ratis.thirdparty.io.netty.channel.AbstractChannel$AnnotatedConnectException: Connection refused: /192.168.164.233:35223
	at sun.nio.ch.SocketChannelImpl.checkConnect(Native Method)
	at sun.nio.ch.SocketChannelImpl.finishConnect(SocketChannelImpl.java:717)
	at org.apache.ratis.thirdparty.io.netty.channel.socket.nio.NioSocketChannel.doFinishConnect(NioSocketChannel.java:327)
	at org.apache.ratis.thirdparty.io.netty.channel.nio.AbstractNioChannel$AbstractNioUnsafe.finishConnect(AbstractNioChannel.java:340)
	at org.apache.ratis.thirdparty.io.netty.channel.nio.NioEventLoop.processSelectedKey(NioEventLoop.java:632)
	at org.apache.ratis.thirdparty.io.netty.channel.nio.NioEventLoop.processSelectedKeysOptimized(NioEventLoop.java:579)
	at org.apache.ratis.thirdparty.io.netty.channel.nio.NioEventLoop.processSelectedKeys(NioEventLoop.java:496)
	at org.apache.ratis.thirdparty.io.netty.channel.nio.NioEventLoop.run(NioEventLoop.java:458)
	at org.apache.ratis.thirdparty.io.netty.util.concurrent.SingleThreadEventExecutor$5.run(SingleThreadEventExecutor.java:897)
	at org.apache.ratis.thirdparty.io.netty.util.concurrent.FastThreadLocalRunnable.run(FastThreadLocalRunnable.java:30)
	... 1 more
Caused by: java.net.ConnectException: Connection refused
	... 11 more
2019-10-18 14:59:09,649 [327657b1-60f8-49f2-b2a3-f63e1f934942@group-58A987F56150-LeaderElection490] INFO  impl.LeaderElection (LeaderElection.java:logAndReturn(56)) - 327657b1-60f8-49f2-b2a3-f63e1f934942@group-58A987F56150-LeaderElection490: Election REJECTED; received 0 response(s) [] and 2 exception(s); 327657b1-60f8-49f2-b2a3-f63e1f934942@group-58A987F56150:t559, leader=null, voted=327657b1-60f8-49f2-b2a3-f63e1f934942, raftlog=327657b1-60f8-49f2-b2a3-f63e1f934942@group-58A987F56150-SegmentedRaftLog:OPENED:c-1,f-1,i0, conf=-1: [6605b8a5-570b-4977-9ee7-6aaf3012bed5:192.168.164.233:35223, 327657b1-60f8-49f2-b2a3-f63e1f934942:192.168.164.233:41966, ddd4789c-894d-475a-bbfb-f6e7aa670c92:192.168.164.233:41061], old=null
2019-10-18 14:59:09,650 [327657b1-60f8-49f2-b2a3-f63e1f934942@group-58A987F56150-LeaderElection490] INFO  impl.LeaderElection (LogUtils.java:infoOrTrace(149)) -   Exception 0: {}
java.util.concurrent.ExecutionException: org.apache.ratis.thirdparty.io.grpc.StatusRuntimeException: UNAVAILABLE: io exception
	at java.util.concurrent.FutureTask.report(FutureTask.java:122)
	at java.util.concurrent.FutureTask.get(FutureTask.java:192)
	at org.apache.ratis.server.impl.LeaderElection.waitForResults(LeaderElection.java:259)
	at org.apache.ratis.server.impl.LeaderElection.askForVotes(LeaderElection.java:197)
	at org.apache.ratis.server.impl.LeaderElection.run(LeaderElection.java:133)
	at java.lang.Thread.run(Thread.java:748)
Caused by: org.apache.ratis.thirdparty.io.grpc.StatusRuntimeException: UNAVAILABLE: io exception
	at org.apache.ratis.thirdparty.io.grpc.stub.ClientCalls.toStatusRuntimeException(ClientCalls.java:233)
	at org.apache.ratis.thirdparty.io.grpc.stub.ClientCalls.getUnchecked(ClientCalls.java:214)
	at org.apache.ratis.thirdparty.io.grpc.stub.ClientCalls.blockingUnaryCall(ClientCalls.java:139)
	at org.apache.ratis.proto.grpc.RaftServerProtocolServiceGrpc$RaftServerProtocolServiceBlockingStub.requestVote(RaftServerProtocolServiceGrpc.java:265)
	at org.apache.ratis.grpc.server.GrpcServerProtocolClient.requestVote(GrpcServerProtocolClient.java:99)
	at org.apache.ratis.grpc.server.GrpcService.requestVote(GrpcService.java:204)
	at org.apache.ratis.server.impl.LeaderElection.lambda$submitRequests$1(LeaderElection.java:234)
	at java.util.concurrent.FutureTask.run(FutureTask.java:266)
	at java.util.concurrent.Executors$RunnableAdapter.call(Executors.java:511)
	at java.util.concurrent.FutureTask.run(FutureTask.java:266)
	at java.util.concurrent.ThreadPoolExecutor.runWorker(ThreadPoolExecutor.java:1149)
	at java.util.concurrent.ThreadPoolExecutor$Worker.run(ThreadPoolExecutor.java:624)
	... 1 more
Caused by: org.apache.ratis.thirdparty.io.netty.channel.AbstractChannel$AnnotatedConnectException: Connection refused: /192.168.164.233:41061
	at sun.nio.ch.SocketChannelImpl.checkConnect(Native Method)
	at sun.nio.ch.SocketChannelImpl.finishConnect(SocketChannelImpl.java:717)
	at org.apache.ratis.thirdparty.io.netty.channel.socket.nio.NioSocketChannel.doFinishConnect(NioSocketChannel.java:327)
	at org.apache.ratis.thirdparty.io.netty.channel.nio.AbstractNioChannel$AbstractNioUnsafe.finishConnect(AbstractNioChannel.java:340)
	at org.apache.ratis.thirdparty.io.netty.channel.nio.NioEventLoop.processSelectedKey(NioEventLoop.java:632)
	at org.apache.ratis.thirdparty.io.netty.channel.nio.NioEventLoop.processSelectedKeysOptimized(NioEventLoop.java:579)
	at org.apache.ratis.thirdparty.io.netty.channel.nio.NioEventLoop.processSelectedKeys(NioEventLoop.java:496)
	at org.apache.ratis.thirdparty.io.netty.channel.nio.NioEventLoop.run(NioEventLoop.java:458)
	at org.apache.ratis.thirdparty.io.netty.util.concurrent.SingleThreadEventExecutor$5.run(SingleThreadEventExecutor.java:897)
	at org.apache.ratis.thirdparty.io.netty.util.concurrent.FastThreadLocalRunnable.run(FastThreadLocalRunnable.java:30)
	... 1 more
Caused by: java.net.ConnectException: Connection refused
	... 11 more
2019-10-18 14:59:09,650 [327657b1-60f8-49f2-b2a3-f63e1f934942@group-58A987F56150-LeaderElection490] INFO  impl.LeaderElection (LogUtils.java:infoOrTrace(149)) -   Exception 1: {}
java.util.concurrent.ExecutionException: org.apache.ratis.thirdparty.io.grpc.StatusRuntimeException: UNAVAILABLE: io exception
	at java.util.concurrent.FutureTask.report(FutureTask.java:122)
	at java.util.concurrent.FutureTask.get(FutureTask.java:192)
	at org.apache.ratis.server.impl.LeaderElection.waitForResults(LeaderElection.java:259)
	at org.apache.ratis.server.impl.LeaderElection.askForVotes(LeaderElection.java:197)
	at org.apache.ratis.server.impl.LeaderElection.run(LeaderElection.java:133)
	at java.lang.Thread.run(Thread.java:748)
Caused by: org.apache.ratis.thirdparty.io.grpc.StatusRuntimeException: UNAVAILABLE: io exception
	at org.apache.ratis.thirdparty.io.grpc.stub.ClientCalls.toStatusRuntimeException(ClientCalls.java:233)
	at org.apache.ratis.thirdparty.io.grpc.stub.ClientCalls.getUnchecked(ClientCalls.java:214)
	at org.apache.ratis.thirdparty.io.grpc.stub.ClientCalls.blockingUnaryCall(ClientCalls.java:139)
	at org.apache.ratis.proto.grpc.RaftServerProtocolServiceGrpc$RaftServerProtocolServiceBlockingStub.requestVote(RaftServerProtocolServiceGrpc.java:265)
	at org.apache.ratis.grpc.server.GrpcServerProtocolClient.requestVote(GrpcServerProtocolClient.java:99)
	at org.apache.ratis.grpc.server.GrpcService.requestVote(GrpcService.java:204)
	at org.apache.ratis.server.impl.LeaderElection.lambda$submitRequests$1(LeaderElection.java:234)
	at java.util.concurrent.FutureTask.run(FutureTask.java:266)
	at java.util.concurrent.Executors$RunnableAdapter.call(Executors.java:511)
	at java.util.concurrent.FutureTask.run(FutureTask.java:266)
	at java.util.concurrent.ThreadPoolExecutor.runWorker(ThreadPoolExecutor.java:1149)
	at java.util.concurrent.ThreadPoolExecutor$Worker.run(ThreadPoolExecutor.java:624)
	... 1 more
Caused by: org.apache.ratis.thirdparty.io.netty.channel.AbstractChannel$AnnotatedConnectException: Connection refused: /192.168.164.233:35223
	at sun.nio.ch.SocketChannelImpl.checkConnect(Native Method)
	at sun.nio.ch.SocketChannelImpl.finishConnect(SocketChannelImpl.java:717)
	at org.apache.ratis.thirdparty.io.netty.channel.socket.nio.NioSocketChannel.doFinishConnect(NioSocketChannel.java:327)
	at org.apache.ratis.thirdparty.io.netty.channel.nio.AbstractNioChannel$AbstractNioUnsafe.finishConnect(AbstractNioChannel.java:340)
	at org.apache.ratis.thirdparty.io.netty.channel.nio.NioEventLoop.processSelectedKey(NioEventLoop.java:632)
	at org.apache.ratis.thirdparty.io.netty.channel.nio.NioEventLoop.processSelectedKeysOptimized(NioEventLoop.java:579)
	at org.apache.ratis.thirdparty.io.netty.channel.nio.NioEventLoop.processSelectedKeys(NioEventLoop.java:496)
	at org.apache.ratis.thirdparty.io.netty.channel.nio.NioEventLoop.run(NioEventLoop.java:458)
	at org.apache.ratis.thirdparty.io.netty.util.concurrent.SingleThreadEventExecutor$5.run(SingleThreadEventExecutor.java:897)
	at org.apache.ratis.thirdparty.io.netty.util.concurrent.FastThreadLocalRunnable.run(FastThreadLocalRunnable.java:30)
	... 1 more
Caused by: java.net.ConnectException: Connection refused
	... 11 more
2019-10-18 14:59:09,650 [327657b1-60f8-49f2-b2a3-f63e1f934942@group-58A987F56150-LeaderElection490] INFO  impl.RaftServerImpl (RaftServerImpl.java:setRole(184)) - 327657b1-60f8-49f2-b2a3-f63e1f934942@group-58A987F56150: changes role from CANDIDATE to FOLLOWER at term 559 for DISCOVERED_A_NEW_TERM
2019-10-18 14:59:09,650 [327657b1-60f8-49f2-b2a3-f63e1f934942@group-58A987F56150-LeaderElection490] INFO  impl.RoleInfo (RoleInfo.java:shutdownLeaderElection(134)) - 327657b1-60f8-49f2-b2a3-f63e1f934942: shutdown LeaderElection
2019-10-18 14:59:09,651 [327657b1-60f8-49f2-b2a3-f63e1f934942@group-58A987F56150-LeaderElection490] INFO  impl.RoleInfo (RoleInfo.java:updateAndGet(143)) - 327657b1-60f8-49f2-b2a3-f63e1f934942: start FollowerState
2019-10-18 14:59:09,814 [Thread-3522] INFO  impl.FollowerState (FollowerState.java:run(108)) - 327657b1-60f8-49f2-b2a3-f63e1f934942@group-58A987F56150-FollowerState: change to CANDIDATE, lastRpcTime:163ms, electionTimeout:163ms
2019-10-18 14:59:09,814 [Thread-3522] INFO  impl.RoleInfo (RoleInfo.java:shutdownFollowerState(121)) - 327657b1-60f8-49f2-b2a3-f63e1f934942: shutdown FollowerState
2019-10-18 14:59:09,815 [Thread-3522] INFO  impl.RaftServerImpl (RaftServerImpl.java:setRole(184)) - 327657b1-60f8-49f2-b2a3-f63e1f934942@group-58A987F56150: changes role from  FOLLOWER to CANDIDATE at term 559 for changeToCandidate
2019-10-18 14:59:09,815 [Thread-3522] INFO  impl.RoleInfo (RoleInfo.java:updateAndGet(143)) - 327657b1-60f8-49f2-b2a3-f63e1f934942: start LeaderElection
2019-10-18 14:59:09,831 [327657b1-60f8-49f2-b2a3-f63e1f934942@group-58A987F56150-LeaderElection491] INFO  impl.LeaderElection (LeaderElection.java:askForVotes(178)) - 327657b1-60f8-49f2-b2a3-f63e1f934942@group-58A987F56150-LeaderElection491: begin an election at term 560 for -1: [6605b8a5-570b-4977-9ee7-6aaf3012bed5:192.168.164.233:35223, 327657b1-60f8-49f2-b2a3-f63e1f934942:192.168.164.233:41966, ddd4789c-894d-475a-bbfb-f6e7aa670c92:192.168.164.233:41061], old=null
2019-10-18 14:59:09,832 [327657b1-60f8-49f2-b2a3-f63e1f934942@group-58A987F56150-LeaderElection491] INFO  impl.LeaderElection (LogUtils.java:infoOrTrace(149)) - 327657b1-60f8-49f2-b2a3-f63e1f934942@group-58A987F56150-LeaderElection491 got exception when requesting votes: {}
java.util.concurrent.ExecutionException: org.apache.ratis.thirdparty.io.grpc.StatusRuntimeException: UNAVAILABLE: io exception
	at java.util.concurrent.FutureTask.report(FutureTask.java:122)
	at java.util.concurrent.FutureTask.get(FutureTask.java:192)
	at org.apache.ratis.server.impl.LeaderElection.waitForResults(LeaderElection.java:259)
	at org.apache.ratis.server.impl.LeaderElection.askForVotes(LeaderElection.java:197)
	at org.apache.ratis.server.impl.LeaderElection.run(LeaderElection.java:133)
	at java.lang.Thread.run(Thread.java:748)
Caused by: org.apache.ratis.thirdparty.io.grpc.StatusRuntimeException: UNAVAILABLE: io exception
	at org.apache.ratis.thirdparty.io.grpc.stub.ClientCalls.toStatusRuntimeException(ClientCalls.java:233)
	at org.apache.ratis.thirdparty.io.grpc.stub.ClientCalls.getUnchecked(ClientCalls.java:214)
	at org.apache.ratis.thirdparty.io.grpc.stub.ClientCalls.blockingUnaryCall(ClientCalls.java:139)
	at org.apache.ratis.proto.grpc.RaftServerProtocolServiceGrpc$RaftServerProtocolServiceBlockingStub.requestVote(RaftServerProtocolServiceGrpc.java:265)
	at org.apache.ratis.grpc.server.GrpcServerProtocolClient.requestVote(GrpcServerProtocolClient.java:99)
	at org.apache.ratis.grpc.server.GrpcService.requestVote(GrpcService.java:204)
	at org.apache.ratis.server.impl.LeaderElection.lambda$submitRequests$1(LeaderElection.java:234)
	at java.util.concurrent.FutureTask.run(FutureTask.java:266)
	at java.util.concurrent.Executors$RunnableAdapter.call(Executors.java:511)
	at java.util.concurrent.FutureTask.run(FutureTask.java:266)
	at java.util.concurrent.ThreadPoolExecutor.runWorker(ThreadPoolExecutor.java:1149)
	at java.util.concurrent.ThreadPoolExecutor$Worker.run(ThreadPoolExecutor.java:624)
	... 1 more
Caused by: org.apache.ratis.thirdparty.io.netty.channel.AbstractChannel$AnnotatedConnectException: Connection refused: /192.168.164.233:35223
	at sun.nio.ch.SocketChannelImpl.checkConnect(Native Method)
	at sun.nio.ch.SocketChannelImpl.finishConnect(SocketChannelImpl.java:717)
	at org.apache.ratis.thirdparty.io.netty.channel.socket.nio.NioSocketChannel.doFinishConnect(NioSocketChannel.java:327)
	at org.apache.ratis.thirdparty.io.netty.channel.nio.AbstractNioChannel$AbstractNioUnsafe.finishConnect(AbstractNioChannel.java:340)
	at org.apache.ratis.thirdparty.io.netty.channel.nio.NioEventLoop.processSelectedKey(NioEventLoop.java:632)
	at org.apache.ratis.thirdparty.io.netty.channel.nio.NioEventLoop.processSelectedKeysOptimized(NioEventLoop.java:579)
	at org.apache.ratis.thirdparty.io.netty.channel.nio.NioEventLoop.processSelectedKeys(NioEventLoop.java:496)
	at org.apache.ratis.thirdparty.io.netty.channel.nio.NioEventLoop.run(NioEventLoop.java:458)
	at org.apache.ratis.thirdparty.io.netty.util.concurrent.SingleThreadEventExecutor$5.run(SingleThreadEventExecutor.java:897)
	at org.apache.ratis.thirdparty.io.netty.util.concurrent.FastThreadLocalRunnable.run(FastThreadLocalRunnable.java:30)
	... 1 more
Caused by: java.net.ConnectException: Connection refused
	... 11 more
2019-10-18 14:59:09,832 [327657b1-60f8-49f2-b2a3-f63e1f934942@group-58A987F56150-LeaderElection491] INFO  impl.LeaderElection (LogUtils.java:infoOrTrace(149)) - 327657b1-60f8-49f2-b2a3-f63e1f934942@group-58A987F56150-LeaderElection491 got exception when requesting votes: {}
java.util.concurrent.ExecutionException: org.apache.ratis.thirdparty.io.grpc.StatusRuntimeException: UNAVAILABLE: io exception
	at java.util.concurrent.FutureTask.report(FutureTask.java:122)
	at java.util.concurrent.FutureTask.get(FutureTask.java:192)
	at org.apache.ratis.server.impl.LeaderElection.waitForResults(LeaderElection.java:259)
	at org.apache.ratis.server.impl.LeaderElection.askForVotes(LeaderElection.java:197)
	at org.apache.ratis.server.impl.LeaderElection.run(LeaderElection.java:133)
	at java.lang.Thread.run(Thread.java:748)
Caused by: org.apache.ratis.thirdparty.io.grpc.StatusRuntimeException: UNAVAILABLE: io exception
	at org.apache.ratis.thirdparty.io.grpc.stub.ClientCalls.toStatusRuntimeException(ClientCalls.java:233)
	at org.apache.ratis.thirdparty.io.grpc.stub.ClientCalls.getUnchecked(ClientCalls.java:214)
	at org.apache.ratis.thirdparty.io.grpc.stub.ClientCalls.blockingUnaryCall(ClientCalls.java:139)
	at org.apache.ratis.proto.grpc.RaftServerProtocolServiceGrpc$RaftServerProtocolServiceBlockingStub.requestVote(RaftServerProtocolServiceGrpc.java:265)
	at org.apache.ratis.grpc.server.GrpcServerProtocolClient.requestVote(GrpcServerProtocolClient.java:99)
	at org.apache.ratis.grpc.server.GrpcService.requestVote(GrpcService.java:204)
	at org.apache.ratis.server.impl.LeaderElection.lambda$submitRequests$1(LeaderElection.java:234)
	at java.util.concurrent.FutureTask.run(FutureTask.java:266)
	at java.util.concurrent.Executors$RunnableAdapter.call(Executors.java:511)
	at java.util.concurrent.FutureTask.run(FutureTask.java:266)
	at java.util.concurrent.ThreadPoolExecutor.runWorker(ThreadPoolExecutor.java:1149)
	at java.util.concurrent.ThreadPoolExecutor$Worker.run(ThreadPoolExecutor.java:624)
	... 1 more
Caused by: org.apache.ratis.thirdparty.io.netty.channel.AbstractChannel$AnnotatedConnectException: Connection refused: /192.168.164.233:41061
	at sun.nio.ch.SocketChannelImpl.checkConnect(Native Method)
	at sun.nio.ch.SocketChannelImpl.finishConnect(SocketChannelImpl.java:717)
	at org.apache.ratis.thirdparty.io.netty.channel.socket.nio.NioSocketChannel.doFinishConnect(NioSocketChannel.java:327)
	at org.apache.ratis.thirdparty.io.netty.channel.nio.AbstractNioChannel$AbstractNioUnsafe.finishConnect(AbstractNioChannel.java:340)
	at org.apache.ratis.thirdparty.io.netty.channel.nio.NioEventLoop.processSelectedKey(NioEventLoop.java:632)
	at org.apache.ratis.thirdparty.io.netty.channel.nio.NioEventLoop.processSelectedKeysOptimized(NioEventLoop.java:579)
	at org.apache.ratis.thirdparty.io.netty.channel.nio.NioEventLoop.processSelectedKeys(NioEventLoop.java:496)
	at org.apache.ratis.thirdparty.io.netty.channel.nio.NioEventLoop.run(NioEventLoop.java:458)
	at org.apache.ratis.thirdparty.io.netty.util.concurrent.SingleThreadEventExecutor$5.run(SingleThreadEventExecutor.java:897)
	at org.apache.ratis.thirdparty.io.netty.util.concurrent.FastThreadLocalRunnable.run(FastThreadLocalRunnable.java:30)
	... 1 more
Caused by: java.net.ConnectException: Connection refused
	... 11 more
2019-10-18 14:59:09,833 [327657b1-60f8-49f2-b2a3-f63e1f934942@group-58A987F56150-LeaderElection491] INFO  impl.LeaderElection (LeaderElection.java:logAndReturn(56)) - 327657b1-60f8-49f2-b2a3-f63e1f934942@group-58A987F56150-LeaderElection491: Election REJECTED; received 0 response(s) [] and 2 exception(s); 327657b1-60f8-49f2-b2a3-f63e1f934942@group-58A987F56150:t560, leader=null, voted=327657b1-60f8-49f2-b2a3-f63e1f934942, raftlog=327657b1-60f8-49f2-b2a3-f63e1f934942@group-58A987F56150-SegmentedRaftLog:OPENED:c-1,f-1,i0, conf=-1: [6605b8a5-570b-4977-9ee7-6aaf3012bed5:192.168.164.233:35223, 327657b1-60f8-49f2-b2a3-f63e1f934942:192.168.164.233:41966, ddd4789c-894d-475a-bbfb-f6e7aa670c92:192.168.164.233:41061], old=null
2019-10-18 14:59:09,833 [327657b1-60f8-49f2-b2a3-f63e1f934942@group-58A987F56150-LeaderElection491] INFO  impl.LeaderElection (LogUtils.java:infoOrTrace(149)) -   Exception 0: {}
java.util.concurrent.ExecutionException: org.apache.ratis.thirdparty.io.grpc.StatusRuntimeException: UNAVAILABLE: io exception
	at java.util.concurrent.FutureTask.report(FutureTask.java:122)
	at java.util.concurrent.FutureTask.get(FutureTask.java:192)
	at org.apache.ratis.server.impl.LeaderElection.waitForResults(LeaderElection.java:259)
	at org.apache.ratis.server.impl.LeaderElection.askForVotes(LeaderElection.java:197)
	at org.apache.ratis.server.impl.LeaderElection.run(LeaderElection.java:133)
	at java.lang.Thread.run(Thread.java:748)
Caused by: org.apache.ratis.thirdparty.io.grpc.StatusRuntimeException: UNAVAILABLE: io exception
	at org.apache.ratis.thirdparty.io.grpc.stub.ClientCalls.toStatusRuntimeException(ClientCalls.java:233)
	at org.apache.ratis.thirdparty.io.grpc.stub.ClientCalls.getUnchecked(ClientCalls.java:214)
	at org.apache.ratis.thirdparty.io.grpc.stub.ClientCalls.blockingUnaryCall(ClientCalls.java:139)
	at org.apache.ratis.proto.grpc.RaftServerProtocolServiceGrpc$RaftServerProtocolServiceBlockingStub.requestVote(RaftServerProtocolServiceGrpc.java:265)
	at org.apache.ratis.grpc.server.GrpcServerProtocolClient.requestVote(GrpcServerProtocolClient.java:99)
	at org.apache.ratis.grpc.server.GrpcService.requestVote(GrpcService.java:204)
	at org.apache.ratis.server.impl.LeaderElection.lambda$submitRequests$1(LeaderElection.java:234)
	at java.util.concurrent.FutureTask.run(FutureTask.java:266)
	at java.util.concurrent.Executors$RunnableAdapter.call(Executors.java:511)
	at java.util.concurrent.FutureTask.run(FutureTask.java:266)
	at java.util.concurrent.ThreadPoolExecutor.runWorker(ThreadPoolExecutor.java:1149)
	at java.util.concurrent.ThreadPoolExecutor$Worker.run(ThreadPoolExecutor.java:624)
	... 1 more
Caused by: org.apache.ratis.thirdparty.io.netty.channel.AbstractChannel$AnnotatedConnectException: Connection refused: /192.168.164.233:35223
	at sun.nio.ch.SocketChannelImpl.checkConnect(Native Method)
	at sun.nio.ch.SocketChannelImpl.finishConnect(SocketChannelImpl.java:717)
	at org.apache.ratis.thirdparty.io.netty.channel.socket.nio.NioSocketChannel.doFinishConnect(NioSocketChannel.java:327)
	at org.apache.ratis.thirdparty.io.netty.channel.nio.AbstractNioChannel$AbstractNioUnsafe.finishConnect(AbstractNioChannel.java:340)
	at org.apache.ratis.thirdparty.io.netty.channel.nio.NioEventLoop.processSelectedKey(NioEventLoop.java:632)
	at org.apache.ratis.thirdparty.io.netty.channel.nio.NioEventLoop.processSelectedKeysOptimized(NioEventLoop.java:579)
	at org.apache.ratis.thirdparty.io.netty.channel.nio.NioEventLoop.processSelectedKeys(NioEventLoop.java:496)
	at org.apache.ratis.thirdparty.io.netty.channel.nio.NioEventLoop.run(NioEventLoop.java:458)
	at org.apache.ratis.thirdparty.io.netty.util.concurrent.SingleThreadEventExecutor$5.run(SingleThreadEventExecutor.java:897)
	at org.apache.ratis.thirdparty.io.netty.util.concurrent.FastThreadLocalRunnable.run(FastThreadLocalRunnable.java:30)
	... 1 more
Caused by: java.net.ConnectException: Connection refused
	... 11 more
2019-10-18 14:59:09,834 [327657b1-60f8-49f2-b2a3-f63e1f934942@group-58A987F56150-LeaderElection491] INFO  impl.LeaderElection (LogUtils.java:infoOrTrace(149)) -   Exception 1: {}
java.util.concurrent.ExecutionException: org.apache.ratis.thirdparty.io.grpc.StatusRuntimeException: UNAVAILABLE: io exception
	at java.util.concurrent.FutureTask.report(FutureTask.java:122)
	at java.util.concurrent.FutureTask.get(FutureTask.java:192)
	at org.apache.ratis.server.impl.LeaderElection.waitForResults(LeaderElection.java:259)
	at org.apache.ratis.server.impl.LeaderElection.askForVotes(LeaderElection.java:197)
	at org.apache.ratis.server.impl.LeaderElection.run(LeaderElection.java:133)
	at java.lang.Thread.run(Thread.java:748)
Caused by: org.apache.ratis.thirdparty.io.grpc.StatusRuntimeException: UNAVAILABLE: io exception
	at org.apache.ratis.thirdparty.io.grpc.stub.ClientCalls.toStatusRuntimeException(ClientCalls.java:233)
	at org.apache.ratis.thirdparty.io.grpc.stub.ClientCalls.getUnchecked(ClientCalls.java:214)
	at org.apache.ratis.thirdparty.io.grpc.stub.ClientCalls.blockingUnaryCall(ClientCalls.java:139)
	at org.apache.ratis.proto.grpc.RaftServerProtocolServiceGrpc$RaftServerProtocolServiceBlockingStub.requestVote(RaftServerProtocolServiceGrpc.java:265)
	at org.apache.ratis.grpc.server.GrpcServerProtocolClient.requestVote(GrpcServerProtocolClient.java:99)
	at org.apache.ratis.grpc.server.GrpcService.requestVote(GrpcService.java:204)
	at org.apache.ratis.server.impl.LeaderElection.lambda$submitRequests$1(LeaderElection.java:234)
	at java.util.concurrent.FutureTask.run(FutureTask.java:266)
	at java.util.concurrent.Executors$RunnableAdapter.call(Executors.java:511)
	at java.util.concurrent.FutureTask.run(FutureTask.java:266)
	at java.util.concurrent.ThreadPoolExecutor.runWorker(ThreadPoolExecutor.java:1149)
	at java.util.concurrent.ThreadPoolExecutor$Worker.run(ThreadPoolExecutor.java:624)
	... 1 more
Caused by: org.apache.ratis.thirdparty.io.netty.channel.AbstractChannel$AnnotatedConnectException: Connection refused: /192.168.164.233:41061
	at sun.nio.ch.SocketChannelImpl.checkConnect(Native Method)
	at sun.nio.ch.SocketChannelImpl.finishConnect(SocketChannelImpl.java:717)
	at org.apache.ratis.thirdparty.io.netty.channel.socket.nio.NioSocketChannel.doFinishConnect(NioSocketChannel.java:327)
	at org.apache.ratis.thirdparty.io.netty.channel.nio.AbstractNioChannel$AbstractNioUnsafe.finishConnect(AbstractNioChannel.java:340)
	at org.apache.ratis.thirdparty.io.netty.channel.nio.NioEventLoop.processSelectedKey(NioEventLoop.java:632)
	at org.apache.ratis.thirdparty.io.netty.channel.nio.NioEventLoop.processSelectedKeysOptimized(NioEventLoop.java:579)
	at org.apache.ratis.thirdparty.io.netty.channel.nio.NioEventLoop.processSelectedKeys(NioEventLoop.java:496)
	at org.apache.ratis.thirdparty.io.netty.channel.nio.NioEventLoop.run(NioEventLoop.java:458)
	at org.apache.ratis.thirdparty.io.netty.util.concurrent.SingleThreadEventExecutor$5.run(SingleThreadEventExecutor.java:897)
	at org.apache.ratis.thirdparty.io.netty.util.concurrent.FastThreadLocalRunnable.run(FastThreadLocalRunnable.java:30)
	... 1 more
Caused by: java.net.ConnectException: Connection refused
	... 11 more
2019-10-18 14:59:09,834 [327657b1-60f8-49f2-b2a3-f63e1f934942@group-58A987F56150-LeaderElection491] INFO  impl.RaftServerImpl (RaftServerImpl.java:setRole(184)) - 327657b1-60f8-49f2-b2a3-f63e1f934942@group-58A987F56150: changes role from CANDIDATE to FOLLOWER at term 560 for DISCOVERED_A_NEW_TERM
2019-10-18 14:59:09,835 [327657b1-60f8-49f2-b2a3-f63e1f934942@group-58A987F56150-LeaderElection491] INFO  impl.RoleInfo (RoleInfo.java:shutdownLeaderElection(134)) - 327657b1-60f8-49f2-b2a3-f63e1f934942: shutdown LeaderElection
2019-10-18 14:59:09,835 [327657b1-60f8-49f2-b2a3-f63e1f934942@group-58A987F56150-LeaderElection491] INFO  impl.RoleInfo (RoleInfo.java:updateAndGet(143)) - 327657b1-60f8-49f2-b2a3-f63e1f934942: start FollowerState
2019-10-18 14:59:10,003 [Thread-3526] INFO  impl.FollowerState (FollowerState.java:run(108)) - 327657b1-60f8-49f2-b2a3-f63e1f934942@group-58A987F56150-FollowerState: change to CANDIDATE, lastRpcTime:168ms, electionTimeout:168ms
2019-10-18 14:59:10,004 [Thread-3526] INFO  impl.RoleInfo (RoleInfo.java:shutdownFollowerState(121)) - 327657b1-60f8-49f2-b2a3-f63e1f934942: shutdown FollowerState
2019-10-18 14:59:10,004 [Thread-3526] INFO  impl.RaftServerImpl (RaftServerImpl.java:setRole(184)) - 327657b1-60f8-49f2-b2a3-f63e1f934942@group-58A987F56150: changes role from  FOLLOWER to CANDIDATE at term 560 for changeToCandidate
2019-10-18 14:59:10,004 [Thread-3526] INFO  impl.RoleInfo (RoleInfo.java:updateAndGet(143)) - 327657b1-60f8-49f2-b2a3-f63e1f934942: start LeaderElection
2019-10-18 14:59:10,030 [327657b1-60f8-49f2-b2a3-f63e1f934942@group-58A987F56150-LeaderElection492] INFO  impl.LeaderElection (LeaderElection.java:askForVotes(178)) - 327657b1-60f8-49f2-b2a3-f63e1f934942@group-58A987F56150-LeaderElection492: begin an election at term 561 for -1: [6605b8a5-570b-4977-9ee7-6aaf3012bed5:192.168.164.233:35223, 327657b1-60f8-49f2-b2a3-f63e1f934942:192.168.164.233:41966, ddd4789c-894d-475a-bbfb-f6e7aa670c92:192.168.164.233:41061], old=null
2019-10-18 14:59:10,032 [327657b1-60f8-49f2-b2a3-f63e1f934942@group-58A987F56150-LeaderElection492] INFO  impl.LeaderElection (LogUtils.java:infoOrTrace(149)) - 327657b1-60f8-49f2-b2a3-f63e1f934942@group-58A987F56150-LeaderElection492 got exception when requesting votes: {}
java.util.concurrent.ExecutionException: org.apache.ratis.thirdparty.io.grpc.StatusRuntimeException: UNAVAILABLE: io exception
	at java.util.concurrent.FutureTask.report(FutureTask.java:122)
	at java.util.concurrent.FutureTask.get(FutureTask.java:192)
	at org.apache.ratis.server.impl.LeaderElection.waitForResults(LeaderElection.java:259)
	at org.apache.ratis.server.impl.LeaderElection.askForVotes(LeaderElection.java:197)
	at org.apache.ratis.server.impl.LeaderElection.run(LeaderElection.java:133)
	at java.lang.Thread.run(Thread.java:748)
Caused by: org.apache.ratis.thirdparty.io.grpc.StatusRuntimeException: UNAVAILABLE: io exception
	at org.apache.ratis.thirdparty.io.grpc.stub.ClientCalls.toStatusRuntimeException(ClientCalls.java:233)
	at org.apache.ratis.thirdparty.io.grpc.stub.ClientCalls.getUnchecked(ClientCalls.java:214)
	at org.apache.ratis.thirdparty.io.grpc.stub.ClientCalls.blockingUnaryCall(ClientCalls.java:139)
	at org.apache.ratis.proto.grpc.RaftServerProtocolServiceGrpc$RaftServerProtocolServiceBlockingStub.requestVote(RaftServerProtocolServiceGrpc.java:265)
	at org.apache.ratis.grpc.server.GrpcServerProtocolClient.requestVote(GrpcServerProtocolClient.java:99)
	at org.apache.ratis.grpc.server.GrpcService.requestVote(GrpcService.java:204)
	at org.apache.ratis.server.impl.LeaderElection.lambda$submitRequests$1(LeaderElection.java:234)
	at java.util.concurrent.FutureTask.run(FutureTask.java:266)
	at java.util.concurrent.Executors$RunnableAdapter.call(Executors.java:511)
	at java.util.concurrent.FutureTask.run(FutureTask.java:266)
	at java.util.concurrent.ThreadPoolExecutor.runWorker(ThreadPoolExecutor.java:1149)
	at java.util.concurrent.ThreadPoolExecutor$Worker.run(ThreadPoolExecutor.java:624)
	... 1 more
Caused by: org.apache.ratis.thirdparty.io.netty.channel.AbstractChannel$AnnotatedConnectException: Connection refused: /192.168.164.233:35223
	at sun.nio.ch.SocketChannelImpl.checkConnect(Native Method)
	at sun.nio.ch.SocketChannelImpl.finishConnect(SocketChannelImpl.java:717)
	at org.apache.ratis.thirdparty.io.netty.channel.socket.nio.NioSocketChannel.doFinishConnect(NioSocketChannel.java:327)
	at org.apache.ratis.thirdparty.io.netty.channel.nio.AbstractNioChannel$AbstractNioUnsafe.finishConnect(AbstractNioChannel.java:340)
	at org.apache.ratis.thirdparty.io.netty.channel.nio.NioEventLoop.processSelectedKey(NioEventLoop.java:632)
	at org.apache.ratis.thirdparty.io.netty.channel.nio.NioEventLoop.processSelectedKeysOptimized(NioEventLoop.java:579)
	at org.apache.ratis.thirdparty.io.netty.channel.nio.NioEventLoop.processSelectedKeys(NioEventLoop.java:496)
	at org.apache.ratis.thirdparty.io.netty.channel.nio.NioEventLoop.run(NioEventLoop.java:458)
	at org.apache.ratis.thirdparty.io.netty.util.concurrent.SingleThreadEventExecutor$5.run(SingleThreadEventExecutor.java:897)
	at org.apache.ratis.thirdparty.io.netty.util.concurrent.FastThreadLocalRunnable.run(FastThreadLocalRunnable.java:30)
	... 1 more
Caused by: java.net.ConnectException: Connection refused
	... 11 more
2019-10-18 14:59:10,033 [327657b1-60f8-49f2-b2a3-f63e1f934942@group-58A987F56150-LeaderElection492] INFO  impl.LeaderElection (LogUtils.java:infoOrTrace(149)) - 327657b1-60f8-49f2-b2a3-f63e1f934942@group-58A987F56150-LeaderElection492 got exception when requesting votes: {}
java.util.concurrent.ExecutionException: org.apache.ratis.thirdparty.io.grpc.StatusRuntimeException: UNAVAILABLE: io exception
	at java.util.concurrent.FutureTask.report(FutureTask.java:122)
	at java.util.concurrent.FutureTask.get(FutureTask.java:192)
	at org.apache.ratis.server.impl.LeaderElection.waitForResults(LeaderElection.java:259)
	at org.apache.ratis.server.impl.LeaderElection.askForVotes(LeaderElection.java:197)
	at org.apache.ratis.server.impl.LeaderElection.run(LeaderElection.java:133)
	at java.lang.Thread.run(Thread.java:748)
Caused by: org.apache.ratis.thirdparty.io.grpc.StatusRuntimeException: UNAVAILABLE: io exception
	at org.apache.ratis.thirdparty.io.grpc.stub.ClientCalls.toStatusRuntimeException(ClientCalls.java:233)
	at org.apache.ratis.thirdparty.io.grpc.stub.ClientCalls.getUnchecked(ClientCalls.java:214)
	at org.apache.ratis.thirdparty.io.grpc.stub.ClientCalls.blockingUnaryCall(ClientCalls.java:139)
	at org.apache.ratis.proto.grpc.RaftServerProtocolServiceGrpc$RaftServerProtocolServiceBlockingStub.requestVote(RaftServerProtocolServiceGrpc.java:265)
	at org.apache.ratis.grpc.server.GrpcServerProtocolClient.requestVote(GrpcServerProtocolClient.java:99)
	at org.apache.ratis.grpc.server.GrpcService.requestVote(GrpcService.java:204)
	at org.apache.ratis.server.impl.LeaderElection.lambda$submitRequests$1(LeaderElection.java:234)
	at java.util.concurrent.FutureTask.run(FutureTask.java:266)
	at java.util.concurrent.Executors$RunnableAdapter.call(Executors.java:511)
	at java.util.concurrent.FutureTask.run(FutureTask.java:266)
	at java.util.concurrent.ThreadPoolExecutor.runWorker(ThreadPoolExecutor.java:1149)
	at java.util.concurrent.ThreadPoolExecutor$Worker.run(ThreadPoolExecutor.java:624)
	... 1 more
Caused by: org.apache.ratis.thirdparty.io.netty.channel.AbstractChannel$AnnotatedConnectException: Connection refused: /192.168.164.233:41061
	at sun.nio.ch.SocketChannelImpl.checkConnect(Native Method)
	at sun.nio.ch.SocketChannelImpl.finishConnect(SocketChannelImpl.java:717)
	at org.apache.ratis.thirdparty.io.netty.channel.socket.nio.NioSocketChannel.doFinishConnect(NioSocketChannel.java:327)
	at org.apache.ratis.thirdparty.io.netty.channel.nio.AbstractNioChannel$AbstractNioUnsafe.finishConnect(AbstractNioChannel.java:340)
	at org.apache.ratis.thirdparty.io.netty.channel.nio.NioEventLoop.processSelectedKey(NioEventLoop.java:632)
	at org.apache.ratis.thirdparty.io.netty.channel.nio.NioEventLoop.processSelectedKeysOptimized(NioEventLoop.java:579)
	at org.apache.ratis.thirdparty.io.netty.channel.nio.NioEventLoop.processSelectedKeys(NioEventLoop.java:496)
	at org.apache.ratis.thirdparty.io.netty.channel.nio.NioEventLoop.run(NioEventLoop.java:458)
	at org.apache.ratis.thirdparty.io.netty.util.concurrent.SingleThreadEventExecutor$5.run(SingleThreadEventExecutor.java:897)
	at org.apache.ratis.thirdparty.io.netty.util.concurrent.FastThreadLocalRunnable.run(FastThreadLocalRunnable.java:30)
	... 1 more
Caused by: java.net.ConnectException: Connection refused
	... 11 more
2019-10-18 14:59:10,033 [327657b1-60f8-49f2-b2a3-f63e1f934942@group-58A987F56150-LeaderElection492] INFO  impl.LeaderElection (LeaderElection.java:logAndReturn(56)) - 327657b1-60f8-49f2-b2a3-f63e1f934942@group-58A987F56150-LeaderElection492: Election REJECTED; received 0 response(s) [] and 2 exception(s); 327657b1-60f8-49f2-b2a3-f63e1f934942@group-58A987F56150:t561, leader=null, voted=327657b1-60f8-49f2-b2a3-f63e1f934942, raftlog=327657b1-60f8-49f2-b2a3-f63e1f934942@group-58A987F56150-SegmentedRaftLog:OPENED:c-1,f-1,i0, conf=-1: [6605b8a5-570b-4977-9ee7-6aaf3012bed5:192.168.164.233:35223, 327657b1-60f8-49f2-b2a3-f63e1f934942:192.168.164.233:41966, ddd4789c-894d-475a-bbfb-f6e7aa670c92:192.168.164.233:41061], old=null
2019-10-18 14:59:10,033 [327657b1-60f8-49f2-b2a3-f63e1f934942@group-58A987F56150-LeaderElection492] INFO  impl.LeaderElection (LogUtils.java:infoOrTrace(149)) -   Exception 0: {}
java.util.concurrent.ExecutionException: org.apache.ratis.thirdparty.io.grpc.StatusRuntimeException: UNAVAILABLE: io exception
	at java.util.concurrent.FutureTask.report(FutureTask.java:122)
	at java.util.concurrent.FutureTask.get(FutureTask.java:192)
	at org.apache.ratis.server.impl.LeaderElection.waitForResults(LeaderElection.java:259)
	at org.apache.ratis.server.impl.LeaderElection.askForVotes(LeaderElection.java:197)
	at org.apache.ratis.server.impl.LeaderElection.run(LeaderElection.java:133)
	at java.lang.Thread.run(Thread.java:748)
Caused by: org.apache.ratis.thirdparty.io.grpc.StatusRuntimeException: UNAVAILABLE: io exception
	at org.apache.ratis.thirdparty.io.grpc.stub.ClientCalls.toStatusRuntimeException(ClientCalls.java:233)
	at org.apache.ratis.thirdparty.io.grpc.stub.ClientCalls.getUnchecked(ClientCalls.java:214)
	at org.apache.ratis.thirdparty.io.grpc.stub.ClientCalls.blockingUnaryCall(ClientCalls.java:139)
	at org.apache.ratis.proto.grpc.RaftServerProtocolServiceGrpc$RaftServerProtocolServiceBlockingStub.requestVote(RaftServerProtocolServiceGrpc.java:265)
	at org.apache.ratis.grpc.server.GrpcServerProtocolClient.requestVote(GrpcServerProtocolClient.java:99)
	at org.apache.ratis.grpc.server.GrpcService.requestVote(GrpcService.java:204)
	at org.apache.ratis.server.impl.LeaderElection.lambda$submitRequests$1(LeaderElection.java:234)
	at java.util.concurrent.FutureTask.run(FutureTask.java:266)
	at java.util.concurrent.Executors$RunnableAdapter.call(Executors.java:511)
	at java.util.concurrent.FutureTask.run(FutureTask.java:266)
	at java.util.concurrent.ThreadPoolExecutor.runWorker(ThreadPoolExecutor.java:1149)
	at java.util.concurrent.ThreadPoolExecutor$Worker.run(ThreadPoolExecutor.java:624)
	... 1 more
Caused by: org.apache.ratis.thirdparty.io.netty.channel.AbstractChannel$AnnotatedConnectException: Connection refused: /192.168.164.233:35223
	at sun.nio.ch.SocketChannelImpl.checkConnect(Native Method)
	at sun.nio.ch.SocketChannelImpl.finishConnect(SocketChannelImpl.java:717)
	at org.apache.ratis.thirdparty.io.netty.channel.socket.nio.NioSocketChannel.doFinishConnect(NioSocketChannel.java:327)
	at org.apache.ratis.thirdparty.io.netty.channel.nio.AbstractNioChannel$AbstractNioUnsafe.finishConnect(AbstractNioChannel.java:340)
	at org.apache.ratis.thirdparty.io.netty.channel.nio.NioEventLoop.processSelectedKey(NioEventLoop.java:632)
	at org.apache.ratis.thirdparty.io.netty.channel.nio.NioEventLoop.processSelectedKeysOptimized(NioEventLoop.java:579)
	at org.apache.ratis.thirdparty.io.netty.channel.nio.NioEventLoop.processSelectedKeys(NioEventLoop.java:496)
	at org.apache.ratis.thirdparty.io.netty.channel.nio.NioEventLoop.run(NioEventLoop.java:458)
	at org.apache.ratis.thirdparty.io.netty.util.concurrent.SingleThreadEventExecutor$5.run(SingleThreadEventExecutor.java:897)
	at org.apache.ratis.thirdparty.io.netty.util.concurrent.FastThreadLocalRunnable.run(FastThreadLocalRunnable.java:30)
	... 1 more
Caused by: java.net.ConnectException: Connection refused
	... 11 more
2019-10-18 14:59:10,034 [327657b1-60f8-49f2-b2a3-f63e1f934942@group-58A987F56150-LeaderElection492] INFO  impl.LeaderElection (LogUtils.java:infoOrTrace(149)) -   Exception 1: {}
java.util.concurrent.ExecutionException: org.apache.ratis.thirdparty.io.grpc.StatusRuntimeException: UNAVAILABLE: io exception
	at java.util.concurrent.FutureTask.report(FutureTask.java:122)
	at java.util.concurrent.FutureTask.get(FutureTask.java:192)
	at org.apache.ratis.server.impl.LeaderElection.waitForResults(LeaderElection.java:259)
	at org.apache.ratis.server.impl.LeaderElection.askForVotes(LeaderElection.java:197)
	at org.apache.ratis.server.impl.LeaderElection.run(LeaderElection.java:133)
	at java.lang.Thread.run(Thread.java:748)
Caused by: org.apache.ratis.thirdparty.io.grpc.StatusRuntimeException: UNAVAILABLE: io exception
	at org.apache.ratis.thirdparty.io.grpc.stub.ClientCalls.toStatusRuntimeException(ClientCalls.java:233)
	at org.apache.ratis.thirdparty.io.grpc.stub.ClientCalls.getUnchecked(ClientCalls.java:214)
	at org.apache.ratis.thirdparty.io.grpc.stub.ClientCalls.blockingUnaryCall(ClientCalls.java:139)
	at org.apache.ratis.proto.grpc.RaftServerProtocolServiceGrpc$RaftServerProtocolServiceBlockingStub.requestVote(RaftServerProtocolServiceGrpc.java:265)
	at org.apache.ratis.grpc.server.GrpcServerProtocolClient.requestVote(GrpcServerProtocolClient.java:99)
	at org.apache.ratis.grpc.server.GrpcService.requestVote(GrpcService.java:204)
	at org.apache.ratis.server.impl.LeaderElection.lambda$submitRequests$1(LeaderElection.java:234)
	at java.util.concurrent.FutureTask.run(FutureTask.java:266)
	at java.util.concurrent.Executors$RunnableAdapter.call(Executors.java:511)
	at java.util.concurrent.FutureTask.run(FutureTask.java:266)
	at java.util.concurrent.ThreadPoolExecutor.runWorker(ThreadPoolExecutor.java:1149)
	at java.util.concurrent.ThreadPoolExecutor$Worker.run(ThreadPoolExecutor.java:624)
	... 1 more
Caused by: org.apache.ratis.thirdparty.io.netty.channel.AbstractChannel$AnnotatedConnectException: Connection refused: /192.168.164.233:41061
	at sun.nio.ch.SocketChannelImpl.checkConnect(Native Method)
	at sun.nio.ch.SocketChannelImpl.finishConnect(SocketChannelImpl.java:717)
	at org.apache.ratis.thirdparty.io.netty.channel.socket.nio.NioSocketChannel.doFinishConnect(NioSocketChannel.java:327)
	at org.apache.ratis.thirdparty.io.netty.channel.nio.AbstractNioChannel$AbstractNioUnsafe.finishConnect(AbstractNioChannel.java:340)
	at org.apache.ratis.thirdparty.io.netty.channel.nio.NioEventLoop.processSelectedKey(NioEventLoop.java:632)
	at org.apache.ratis.thirdparty.io.netty.channel.nio.NioEventLoop.processSelectedKeysOptimized(NioEventLoop.java:579)
	at org.apache.ratis.thirdparty.io.netty.channel.nio.NioEventLoop.processSelectedKeys(NioEventLoop.java:496)
	at org.apache.ratis.thirdparty.io.netty.channel.nio.NioEventLoop.run(NioEventLoop.java:458)
	at org.apache.ratis.thirdparty.io.netty.util.concurrent.SingleThreadEventExecutor$5.run(SingleThreadEventExecutor.java:897)
	at org.apache.ratis.thirdparty.io.netty.util.concurrent.FastThreadLocalRunnable.run(FastThreadLocalRunnable.java:30)
	... 1 more
Caused by: java.net.ConnectException: Connection refused
	... 11 more
2019-10-18 14:59:10,034 [327657b1-60f8-49f2-b2a3-f63e1f934942@group-58A987F56150-LeaderElection492] INFO  impl.RaftServerImpl (RaftServerImpl.java:setRole(184)) - 327657b1-60f8-49f2-b2a3-f63e1f934942@group-58A987F56150: changes role from CANDIDATE to FOLLOWER at term 561 for DISCOVERED_A_NEW_TERM
2019-10-18 14:59:10,035 [327657b1-60f8-49f2-b2a3-f63e1f934942@group-58A987F56150-LeaderElection492] INFO  impl.RoleInfo (RoleInfo.java:shutdownLeaderElection(134)) - 327657b1-60f8-49f2-b2a3-f63e1f934942: shutdown LeaderElection
2019-10-18 14:59:10,035 [327657b1-60f8-49f2-b2a3-f63e1f934942@group-58A987F56150-LeaderElection492] INFO  impl.RoleInfo (RoleInfo.java:updateAndGet(143)) - 327657b1-60f8-49f2-b2a3-f63e1f934942: start FollowerState
2019-10-18 14:59:10,078 [Thread-3530] INFO  impl.FollowerState (FollowerState.java:run(108)) - 327657b1-60f8-49f2-b2a3-f63e1f934942@group-58A987F56150-FollowerState: change to CANDIDATE, lastRpcTime:43ms, electionTimeout:43ms
2019-10-18 14:59:10,078 [Thread-3530] INFO  impl.RoleInfo (RoleInfo.java:shutdownFollowerState(121)) - 327657b1-60f8-49f2-b2a3-f63e1f934942: shutdown FollowerState
2019-10-18 14:59:10,078 [Thread-3530] INFO  impl.RaftServerImpl (RaftServerImpl.java:setRole(184)) - 327657b1-60f8-49f2-b2a3-f63e1f934942@group-58A987F56150: changes role from  FOLLOWER to CANDIDATE at term 561 for changeToCandidate
2019-10-18 14:59:10,079 [Thread-3530] INFO  impl.RoleInfo (RoleInfo.java:updateAndGet(143)) - 327657b1-60f8-49f2-b2a3-f63e1f934942: start LeaderElection
2019-10-18 14:59:10,092 [327657b1-60f8-49f2-b2a3-f63e1f934942@group-58A987F56150-LeaderElection493] INFO  impl.LeaderElection (LeaderElection.java:askForVotes(178)) - 327657b1-60f8-49f2-b2a3-f63e1f934942@group-58A987F56150-LeaderElection493: begin an election at term 562 for -1: [6605b8a5-570b-4977-9ee7-6aaf3012bed5:192.168.164.233:35223, 327657b1-60f8-49f2-b2a3-f63e1f934942:192.168.164.233:41966, ddd4789c-894d-475a-bbfb-f6e7aa670c92:192.168.164.233:41061], old=null
2019-10-18 14:59:10,092 [327657b1-60f8-49f2-b2a3-f63e1f934942@group-58A987F56150-LeaderElection493] INFO  impl.LeaderElection (LogUtils.java:infoOrTrace(149)) - 327657b1-60f8-49f2-b2a3-f63e1f934942@group-58A987F56150-LeaderElection493 got exception when requesting votes: {}
java.util.concurrent.ExecutionException: org.apache.ratis.thirdparty.io.grpc.StatusRuntimeException: UNAVAILABLE: io exception
	at java.util.concurrent.FutureTask.report(FutureTask.java:122)
	at java.util.concurrent.FutureTask.get(FutureTask.java:192)
	at org.apache.ratis.server.impl.LeaderElection.waitForResults(LeaderElection.java:259)
	at org.apache.ratis.server.impl.LeaderElection.askForVotes(LeaderElection.java:197)
	at org.apache.ratis.server.impl.LeaderElection.run(LeaderElection.java:133)
	at java.lang.Thread.run(Thread.java:748)
Caused by: org.apache.ratis.thirdparty.io.grpc.StatusRuntimeException: UNAVAILABLE: io exception
	at org.apache.ratis.thirdparty.io.grpc.stub.ClientCalls.toStatusRuntimeException(ClientCalls.java:233)
	at org.apache.ratis.thirdparty.io.grpc.stub.ClientCalls.getUnchecked(ClientCalls.java:214)
	at org.apache.ratis.thirdparty.io.grpc.stub.ClientCalls.blockingUnaryCall(ClientCalls.java:139)
	at org.apache.ratis.proto.grpc.RaftServerProtocolServiceGrpc$RaftServerProtocolServiceBlockingStub.requestVote(RaftServerProtocolServiceGrpc.java:265)
	at org.apache.ratis.grpc.server.GrpcServerProtocolClient.requestVote(GrpcServerProtocolClient.java:99)
	at org.apache.ratis.grpc.server.GrpcService.requestVote(GrpcService.java:204)
	at org.apache.ratis.server.impl.LeaderElection.lambda$submitRequests$1(LeaderElection.java:234)
	at java.util.concurrent.FutureTask.run(FutureTask.java:266)
	at java.util.concurrent.Executors$RunnableAdapter.call(Executors.java:511)
	at java.util.concurrent.FutureTask.run(FutureTask.java:266)
	at java.util.concurrent.ThreadPoolExecutor.runWorker(ThreadPoolExecutor.java:1149)
	at java.util.concurrent.ThreadPoolExecutor$Worker.run(ThreadPoolExecutor.java:624)
	... 1 more
Caused by: org.apache.ratis.thirdparty.io.netty.channel.AbstractChannel$AnnotatedConnectException: Connection refused: /192.168.164.233:41061
	at sun.nio.ch.SocketChannelImpl.checkConnect(Native Method)
	at sun.nio.ch.SocketChannelImpl.finishConnect(SocketChannelImpl.java:717)
	at org.apache.ratis.thirdparty.io.netty.channel.socket.nio.NioSocketChannel.doFinishConnect(NioSocketChannel.java:327)
	at org.apache.ratis.thirdparty.io.netty.channel.nio.AbstractNioChannel$AbstractNioUnsafe.finishConnect(AbstractNioChannel.java:340)
	at org.apache.ratis.thirdparty.io.netty.channel.nio.NioEventLoop.processSelectedKey(NioEventLoop.java:632)
	at org.apache.ratis.thirdparty.io.netty.channel.nio.NioEventLoop.processSelectedKeysOptimized(NioEventLoop.java:579)
	at org.apache.ratis.thirdparty.io.netty.channel.nio.NioEventLoop.processSelectedKeys(NioEventLoop.java:496)
	at org.apache.ratis.thirdparty.io.netty.channel.nio.NioEventLoop.run(NioEventLoop.java:458)
	at org.apache.ratis.thirdparty.io.netty.util.concurrent.SingleThreadEventExecutor$5.run(SingleThreadEventExecutor.java:897)
	at org.apache.ratis.thirdparty.io.netty.util.concurrent.FastThreadLocalRunnable.run(FastThreadLocalRunnable.java:30)
	... 1 more
Caused by: java.net.ConnectException: Connection refused
	... 11 more
2019-10-18 14:59:10,093 [327657b1-60f8-49f2-b2a3-f63e1f934942@group-58A987F56150-LeaderElection493] INFO  impl.LeaderElection (LogUtils.java:infoOrTrace(149)) - 327657b1-60f8-49f2-b2a3-f63e1f934942@group-58A987F56150-LeaderElection493 got exception when requesting votes: {}
java.util.concurrent.ExecutionException: org.apache.ratis.thirdparty.io.grpc.StatusRuntimeException: UNAVAILABLE: io exception
	at java.util.concurrent.FutureTask.report(FutureTask.java:122)
	at java.util.concurrent.FutureTask.get(FutureTask.java:192)
	at org.apache.ratis.server.impl.LeaderElection.waitForResults(LeaderElection.java:259)
	at org.apache.ratis.server.impl.LeaderElection.askForVotes(LeaderElection.java:197)
	at org.apache.ratis.server.impl.LeaderElection.run(LeaderElection.java:133)
	at java.lang.Thread.run(Thread.java:748)
Caused by: org.apache.ratis.thirdparty.io.grpc.StatusRuntimeException: UNAVAILABLE: io exception
	at org.apache.ratis.thirdparty.io.grpc.stub.ClientCalls.toStatusRuntimeException(ClientCalls.java:233)
	at org.apache.ratis.thirdparty.io.grpc.stub.ClientCalls.getUnchecked(ClientCalls.java:214)
	at org.apache.ratis.thirdparty.io.grpc.stub.ClientCalls.blockingUnaryCall(ClientCalls.java:139)
	at org.apache.ratis.proto.grpc.RaftServerProtocolServiceGrpc$RaftServerProtocolServiceBlockingStub.requestVote(RaftServerProtocolServiceGrpc.java:265)
	at org.apache.ratis.grpc.server.GrpcServerProtocolClient.requestVote(GrpcServerProtocolClient.java:99)
	at org.apache.ratis.grpc.server.GrpcService.requestVote(GrpcService.java:204)
	at org.apache.ratis.server.impl.LeaderElection.lambda$submitRequests$1(LeaderElection.java:234)
	at java.util.concurrent.FutureTask.run(FutureTask.java:266)
	at java.util.concurrent.Executors$RunnableAdapter.call(Executors.java:511)
	at java.util.concurrent.FutureTask.run(FutureTask.java:266)
	at java.util.concurrent.ThreadPoolExecutor.runWorker(ThreadPoolExecutor.java:1149)
	at java.util.concurrent.ThreadPoolExecutor$Worker.run(ThreadPoolExecutor.java:624)
	... 1 more
Caused by: org.apache.ratis.thirdparty.io.netty.channel.AbstractChannel$AnnotatedConnectException: Connection refused: /192.168.164.233:35223
	at sun.nio.ch.SocketChannelImpl.checkConnect(Native Method)
	at sun.nio.ch.SocketChannelImpl.finishConnect(SocketChannelImpl.java:717)
	at org.apache.ratis.thirdparty.io.netty.channel.socket.nio.NioSocketChannel.doFinishConnect(NioSocketChannel.java:327)
	at org.apache.ratis.thirdparty.io.netty.channel.nio.AbstractNioChannel$AbstractNioUnsafe.finishConnect(AbstractNioChannel.java:340)
	at org.apache.ratis.thirdparty.io.netty.channel.nio.NioEventLoop.processSelectedKey(NioEventLoop.java:632)
	at org.apache.ratis.thirdparty.io.netty.channel.nio.NioEventLoop.processSelectedKeysOptimized(NioEventLoop.java:579)
	at org.apache.ratis.thirdparty.io.netty.channel.nio.NioEventLoop.processSelectedKeys(NioEventLoop.java:496)
	at org.apache.ratis.thirdparty.io.netty.channel.nio.NioEventLoop.run(NioEventLoop.java:458)
	at org.apache.ratis.thirdparty.io.netty.util.concurrent.SingleThreadEventExecutor$5.run(SingleThreadEventExecutor.java:897)
	at org.apache.ratis.thirdparty.io.netty.util.concurrent.FastThreadLocalRunnable.run(FastThreadLocalRunnable.java:30)
	... 1 more
Caused by: java.net.ConnectException: Connection refused
	... 11 more
2019-10-18 14:59:10,093 [327657b1-60f8-49f2-b2a3-f63e1f934942@group-58A987F56150-LeaderElection493] INFO  impl.LeaderElection (LeaderElection.java:logAndReturn(56)) - 327657b1-60f8-49f2-b2a3-f63e1f934942@group-58A987F56150-LeaderElection493: Election REJECTED; received 0 response(s) [] and 2 exception(s); 327657b1-60f8-49f2-b2a3-f63e1f934942@group-58A987F56150:t562, leader=null, voted=327657b1-60f8-49f2-b2a3-f63e1f934942, raftlog=327657b1-60f8-49f2-b2a3-f63e1f934942@group-58A987F56150-SegmentedRaftLog:OPENED:c-1,f-1,i0, conf=-1: [6605b8a5-570b-4977-9ee7-6aaf3012bed5:192.168.164.233:35223, 327657b1-60f8-49f2-b2a3-f63e1f934942:192.168.164.233:41966, ddd4789c-894d-475a-bbfb-f6e7aa670c92:192.168.164.233:41061], old=null
2019-10-18 14:59:10,094 [327657b1-60f8-49f2-b2a3-f63e1f934942@group-58A987F56150-LeaderElection493] INFO  impl.LeaderElection (LogUtils.java:infoOrTrace(149)) -   Exception 0: {}
java.util.concurrent.ExecutionException: org.apache.ratis.thirdparty.io.grpc.StatusRuntimeException: UNAVAILABLE: io exception
	at java.util.concurrent.FutureTask.report(FutureTask.java:122)
	at java.util.concurrent.FutureTask.get(FutureTask.java:192)
	at org.apache.ratis.server.impl.LeaderElection.waitForResults(LeaderElection.java:259)
	at org.apache.ratis.server.impl.LeaderElection.askForVotes(LeaderElection.java:197)
	at org.apache.ratis.server.impl.LeaderElection.run(LeaderElection.java:133)
	at java.lang.Thread.run(Thread.java:748)
Caused by: org.apache.ratis.thirdparty.io.grpc.StatusRuntimeException: UNAVAILABLE: io exception
	at org.apache.ratis.thirdparty.io.grpc.stub.ClientCalls.toStatusRuntimeException(ClientCalls.java:233)
	at org.apache.ratis.thirdparty.io.grpc.stub.ClientCalls.getUnchecked(ClientCalls.java:214)
	at org.apache.ratis.thirdparty.io.grpc.stub.ClientCalls.blockingUnaryCall(ClientCalls.java:139)
	at org.apache.ratis.proto.grpc.RaftServerProtocolServiceGrpc$RaftServerProtocolServiceBlockingStub.requestVote(RaftServerProtocolServiceGrpc.java:265)
	at org.apache.ratis.grpc.server.GrpcServerProtocolClient.requestVote(GrpcServerProtocolClient.java:99)
	at org.apache.ratis.grpc.server.GrpcService.requestVote(GrpcService.java:204)
	at org.apache.ratis.server.impl.LeaderElection.lambda$submitRequests$1(LeaderElection.java:234)
	at java.util.concurrent.FutureTask.run(FutureTask.java:266)
	at java.util.concurrent.Executors$RunnableAdapter.call(Executors.java:511)
	at java.util.concurrent.FutureTask.run(FutureTask.java:266)
	at java.util.concurrent.ThreadPoolExecutor.runWorker(ThreadPoolExecutor.java:1149)
	at java.util.concurrent.ThreadPoolExecutor$Worker.run(ThreadPoolExecutor.java:624)
	... 1 more
Caused by: org.apache.ratis.thirdparty.io.netty.channel.AbstractChannel$AnnotatedConnectException: Connection refused: /192.168.164.233:41061
	at sun.nio.ch.SocketChannelImpl.checkConnect(Native Method)
	at sun.nio.ch.SocketChannelImpl.finishConnect(SocketChannelImpl.java:717)
	at org.apache.ratis.thirdparty.io.netty.channel.socket.nio.NioSocketChannel.doFinishConnect(NioSocketChannel.java:327)
	at org.apache.ratis.thirdparty.io.netty.channel.nio.AbstractNioChannel$AbstractNioUnsafe.finishConnect(AbstractNioChannel.java:340)
	at org.apache.ratis.thirdparty.io.netty.channel.nio.NioEventLoop.processSelectedKey(NioEventLoop.java:632)
	at org.apache.ratis.thirdparty.io.netty.channel.nio.NioEventLoop.processSelectedKeysOptimized(NioEventLoop.java:579)
	at org.apache.ratis.thirdparty.io.netty.channel.nio.NioEventLoop.processSelectedKeys(NioEventLoop.java:496)
	at org.apache.ratis.thirdparty.io.netty.channel.nio.NioEventLoop.run(NioEventLoop.java:458)
	at org.apache.ratis.thirdparty.io.netty.util.concurrent.SingleThreadEventExecutor$5.run(SingleThreadEventExecutor.java:897)
	at org.apache.ratis.thirdparty.io.netty.util.concurrent.FastThreadLocalRunnable.run(FastThreadLocalRunnable.java:30)
	... 1 more
Caused by: java.net.ConnectException: Connection refused
	... 11 more
2019-10-18 14:59:10,094 [327657b1-60f8-49f2-b2a3-f63e1f934942@group-58A987F56150-LeaderElection493] INFO  impl.LeaderElection (LogUtils.java:infoOrTrace(149)) -   Exception 1: {}
java.util.concurrent.ExecutionException: org.apache.ratis.thirdparty.io.grpc.StatusRuntimeException: UNAVAILABLE: io exception
	at java.util.concurrent.FutureTask.report(FutureTask.java:122)
	at java.util.concurrent.FutureTask.get(FutureTask.java:192)
	at org.apache.ratis.server.impl.LeaderElection.waitForResults(LeaderElection.java:259)
	at org.apache.ratis.server.impl.LeaderElection.askForVotes(LeaderElection.java:197)
	at org.apache.ratis.server.impl.LeaderElection.run(LeaderElection.java:133)
	at java.lang.Thread.run(Thread.java:748)
Caused by: org.apache.ratis.thirdparty.io.grpc.StatusRuntimeException: UNAVAILABLE: io exception
	at org.apache.ratis.thirdparty.io.grpc.stub.ClientCalls.toStatusRuntimeException(ClientCalls.java:233)
	at org.apache.ratis.thirdparty.io.grpc.stub.ClientCalls.getUnchecked(ClientCalls.java:214)
	at org.apache.ratis.thirdparty.io.grpc.stub.ClientCalls.blockingUnaryCall(ClientCalls.java:139)
	at org.apache.ratis.proto.grpc.RaftServerProtocolServiceGrpc$RaftServerProtocolServiceBlockingStub.requestVote(RaftServerProtocolServiceGrpc.java:265)
	at org.apache.ratis.grpc.server.GrpcServerProtocolClient.requestVote(GrpcServerProtocolClient.java:99)
	at org.apache.ratis.grpc.server.GrpcService.requestVote(GrpcService.java:204)
	at org.apache.ratis.server.impl.LeaderElection.lambda$submitRequests$1(LeaderElection.java:234)
	at java.util.concurrent.FutureTask.run(FutureTask.java:266)
	at java.util.concurrent.Executors$RunnableAdapter.call(Executors.java:511)
	at java.util.concurrent.FutureTask.run(FutureTask.java:266)
	at java.util.concurrent.ThreadPoolExecutor.runWorker(ThreadPoolExecutor.java:1149)
	at java.util.concurrent.ThreadPoolExecutor$Worker.run(ThreadPoolExecutor.java:624)
	... 1 more
Caused by: org.apache.ratis.thirdparty.io.netty.channel.AbstractChannel$AnnotatedConnectException: Connection refused: /192.168.164.233:35223
	at sun.nio.ch.SocketChannelImpl.checkConnect(Native Method)
	at sun.nio.ch.SocketChannelImpl.finishConnect(SocketChannelImpl.java:717)
	at org.apache.ratis.thirdparty.io.netty.channel.socket.nio.NioSocketChannel.doFinishConnect(NioSocketChannel.java:327)
	at org.apache.ratis.thirdparty.io.netty.channel.nio.AbstractNioChannel$AbstractNioUnsafe.finishConnect(AbstractNioChannel.java:340)
	at org.apache.ratis.thirdparty.io.netty.channel.nio.NioEventLoop.processSelectedKey(NioEventLoop.java:632)
	at org.apache.ratis.thirdparty.io.netty.channel.nio.NioEventLoop.processSelectedKeysOptimized(NioEventLoop.java:579)
	at org.apache.ratis.thirdparty.io.netty.channel.nio.NioEventLoop.processSelectedKeys(NioEventLoop.java:496)
	at org.apache.ratis.thirdparty.io.netty.channel.nio.NioEventLoop.run(NioEventLoop.java:458)
	at org.apache.ratis.thirdparty.io.netty.util.concurrent.SingleThreadEventExecutor$5.run(SingleThreadEventExecutor.java:897)
	at org.apache.ratis.thirdparty.io.netty.util.concurrent.FastThreadLocalRunnable.run(FastThreadLocalRunnable.java:30)
	... 1 more
Caused by: java.net.ConnectException: Connection refused
	... 11 more
2019-10-18 14:59:10,094 [327657b1-60f8-49f2-b2a3-f63e1f934942@group-58A987F56150-LeaderElection493] INFO  impl.RaftServerImpl (RaftServerImpl.java:setRole(184)) - 327657b1-60f8-49f2-b2a3-f63e1f934942@group-58A987F56150: changes role from CANDIDATE to FOLLOWER at term 562 for DISCOVERED_A_NEW_TERM
2019-10-18 14:59:10,094 [327657b1-60f8-49f2-b2a3-f63e1f934942@group-58A987F56150-LeaderElection493] INFO  impl.RoleInfo (RoleInfo.java:shutdownLeaderElection(134)) - 327657b1-60f8-49f2-b2a3-f63e1f934942: shutdown LeaderElection
2019-10-18 14:59:10,095 [327657b1-60f8-49f2-b2a3-f63e1f934942@group-58A987F56150-LeaderElection493] INFO  impl.RoleInfo (RoleInfo.java:updateAndGet(143)) - 327657b1-60f8-49f2-b2a3-f63e1f934942: start FollowerState
2019-10-18 14:59:10,095 [Thread-3534] INFO  impl.FollowerState (FollowerState.java:run(108)) - 327657b1-60f8-49f2-b2a3-f63e1f934942@group-58A987F56150-FollowerState: change to CANDIDATE, lastRpcTime:0ms, electionTimeout:0ms
2019-10-18 14:59:10,095 [Thread-3534] INFO  impl.RoleInfo (RoleInfo.java:shutdownFollowerState(121)) - 327657b1-60f8-49f2-b2a3-f63e1f934942: shutdown FollowerState
2019-10-18 14:59:10,095 [Thread-3534] INFO  impl.RaftServerImpl (RaftServerImpl.java:setRole(184)) - 327657b1-60f8-49f2-b2a3-f63e1f934942@group-58A987F56150: changes role from  FOLLOWER to CANDIDATE at term 562 for changeToCandidate
2019-10-18 14:59:10,095 [Thread-3534] INFO  impl.RoleInfo (RoleInfo.java:updateAndGet(143)) - 327657b1-60f8-49f2-b2a3-f63e1f934942: start LeaderElection
2019-10-18 14:59:10,108 [327657b1-60f8-49f2-b2a3-f63e1f934942@group-58A987F56150-LeaderElection494] INFO  impl.LeaderElection (LeaderElection.java:askForVotes(178)) - 327657b1-60f8-49f2-b2a3-f63e1f934942@group-58A987F56150-LeaderElection494: begin an election at term 563 for -1: [6605b8a5-570b-4977-9ee7-6aaf3012bed5:192.168.164.233:35223, 327657b1-60f8-49f2-b2a3-f63e1f934942:192.168.164.233:41966, ddd4789c-894d-475a-bbfb-f6e7aa670c92:192.168.164.233:41061], old=null
2019-10-18 14:59:10,109 [327657b1-60f8-49f2-b2a3-f63e1f934942@group-58A987F56150-LeaderElection494] INFO  impl.LeaderElection (LogUtils.java:infoOrTrace(149)) - 327657b1-60f8-49f2-b2a3-f63e1f934942@group-58A987F56150-LeaderElection494 got exception when requesting votes: {}
java.util.concurrent.ExecutionException: org.apache.ratis.thirdparty.io.grpc.StatusRuntimeException: UNAVAILABLE: io exception
	at java.util.concurrent.FutureTask.report(FutureTask.java:122)
	at java.util.concurrent.FutureTask.get(FutureTask.java:192)
	at org.apache.ratis.server.impl.LeaderElection.waitForResults(LeaderElection.java:259)
	at org.apache.ratis.server.impl.LeaderElection.askForVotes(LeaderElection.java:197)
	at org.apache.ratis.server.impl.LeaderElection.run(LeaderElection.java:133)
	at java.lang.Thread.run(Thread.java:748)
Caused by: org.apache.ratis.thirdparty.io.grpc.StatusRuntimeException: UNAVAILABLE: io exception
	at org.apache.ratis.thirdparty.io.grpc.stub.ClientCalls.toStatusRuntimeException(ClientCalls.java:233)
	at org.apache.ratis.thirdparty.io.grpc.stub.ClientCalls.getUnchecked(ClientCalls.java:214)
	at org.apache.ratis.thirdparty.io.grpc.stub.ClientCalls.blockingUnaryCall(ClientCalls.java:139)
	at org.apache.ratis.proto.grpc.RaftServerProtocolServiceGrpc$RaftServerProtocolServiceBlockingStub.requestVote(RaftServerProtocolServiceGrpc.java:265)
	at org.apache.ratis.grpc.server.GrpcServerProtocolClient.requestVote(GrpcServerProtocolClient.java:99)
	at org.apache.ratis.grpc.server.GrpcService.requestVote(GrpcService.java:204)
	at org.apache.ratis.server.impl.LeaderElection.lambda$submitRequests$1(LeaderElection.java:234)
	at java.util.concurrent.FutureTask.run(FutureTask.java:266)
	at java.util.concurrent.Executors$RunnableAdapter.call(Executors.java:511)
	at java.util.concurrent.FutureTask.run(FutureTask.java:266)
	at java.util.concurrent.ThreadPoolExecutor.runWorker(ThreadPoolExecutor.java:1149)
	at java.util.concurrent.ThreadPoolExecutor$Worker.run(ThreadPoolExecutor.java:624)
	... 1 more
Caused by: org.apache.ratis.thirdparty.io.netty.channel.AbstractChannel$AnnotatedConnectException: Connection refused: /192.168.164.233:35223
	at sun.nio.ch.SocketChannelImpl.checkConnect(Native Method)
	at sun.nio.ch.SocketChannelImpl.finishConnect(SocketChannelImpl.java:717)
	at org.apache.ratis.thirdparty.io.netty.channel.socket.nio.NioSocketChannel.doFinishConnect(NioSocketChannel.java:327)
	at org.apache.ratis.thirdparty.io.netty.channel.nio.AbstractNioChannel$AbstractNioUnsafe.finishConnect(AbstractNioChannel.java:340)
	at org.apache.ratis.thirdparty.io.netty.channel.nio.NioEventLoop.processSelectedKey(NioEventLoop.java:632)
	at org.apache.ratis.thirdparty.io.netty.channel.nio.NioEventLoop.processSelectedKeysOptimized(NioEventLoop.java:579)
	at org.apache.ratis.thirdparty.io.netty.channel.nio.NioEventLoop.processSelectedKeys(NioEventLoop.java:496)
	at org.apache.ratis.thirdparty.io.netty.channel.nio.NioEventLoop.run(NioEventLoop.java:458)
	at org.apache.ratis.thirdparty.io.netty.util.concurrent.SingleThreadEventExecutor$5.run(SingleThreadEventExecutor.java:897)
	at org.apache.ratis.thirdparty.io.netty.util.concurrent.FastThreadLocalRunnable.run(FastThreadLocalRunnable.java:30)
	... 1 more
Caused by: java.net.ConnectException: Connection refused
	... 11 more
2019-10-18 14:59:10,109 [327657b1-60f8-49f2-b2a3-f63e1f934942@group-58A987F56150-LeaderElection494] INFO  impl.LeaderElection (LogUtils.java:infoOrTrace(149)) - 327657b1-60f8-49f2-b2a3-f63e1f934942@group-58A987F56150-LeaderElection494 got exception when requesting votes: {}
java.util.concurrent.ExecutionException: org.apache.ratis.thirdparty.io.grpc.StatusRuntimeException: UNAVAILABLE: io exception
	at java.util.concurrent.FutureTask.report(FutureTask.java:122)
	at java.util.concurrent.FutureTask.get(FutureTask.java:192)
	at org.apache.ratis.server.impl.LeaderElection.waitForResults(LeaderElection.java:259)
	at org.apache.ratis.server.impl.LeaderElection.askForVotes(LeaderElection.java:197)
	at org.apache.ratis.server.impl.LeaderElection.run(LeaderElection.java:133)
	at java.lang.Thread.run(Thread.java:748)
Caused by: org.apache.ratis.thirdparty.io.grpc.StatusRuntimeException: UNAVAILABLE: io exception
	at org.apache.ratis.thirdparty.io.grpc.stub.ClientCalls.toStatusRuntimeException(ClientCalls.java:233)
	at org.apache.ratis.thirdparty.io.grpc.stub.ClientCalls.getUnchecked(ClientCalls.java:214)
	at org.apache.ratis.thirdparty.io.grpc.stub.ClientCalls.blockingUnaryCall(ClientCalls.java:139)
	at org.apache.ratis.proto.grpc.RaftServerProtocolServiceGrpc$RaftServerProtocolServiceBlockingStub.requestVote(RaftServerProtocolServiceGrpc.java:265)
	at org.apache.ratis.grpc.server.GrpcServerProtocolClient.requestVote(GrpcServerProtocolClient.java:99)
	at org.apache.ratis.grpc.server.GrpcService.requestVote(GrpcService.java:204)
	at org.apache.ratis.server.impl.LeaderElection.lambda$submitRequests$1(LeaderElection.java:234)
	at java.util.concurrent.FutureTask.run(FutureTask.java:266)
	at java.util.concurrent.Executors$RunnableAdapter.call(Executors.java:511)
	at java.util.concurrent.FutureTask.run(FutureTask.java:266)
	at java.util.concurrent.ThreadPoolExecutor.runWorker(ThreadPoolExecutor.java:1149)
	at java.util.concurrent.ThreadPoolExecutor$Worker.run(ThreadPoolExecutor.java:624)
	... 1 more
Caused by: org.apache.ratis.thirdparty.io.netty.channel.AbstractChannel$AnnotatedConnectException: Connection refused: /192.168.164.233:41061
	at sun.nio.ch.SocketChannelImpl.checkConnect(Native Method)
	at sun.nio.ch.SocketChannelImpl.finishConnect(SocketChannelImpl.java:717)
	at org.apache.ratis.thirdparty.io.netty.channel.socket.nio.NioSocketChannel.doFinishConnect(NioSocketChannel.java:327)
	at org.apache.ratis.thirdparty.io.netty.channel.nio.AbstractNioChannel$AbstractNioUnsafe.finishConnect(AbstractNioChannel.java:340)
	at org.apache.ratis.thirdparty.io.netty.channel.nio.NioEventLoop.processSelectedKey(NioEventLoop.java:632)
	at org.apache.ratis.thirdparty.io.netty.channel.nio.NioEventLoop.processSelectedKeysOptimized(NioEventLoop.java:579)
	at org.apache.ratis.thirdparty.io.netty.channel.nio.NioEventLoop.processSelectedKeys(NioEventLoop.java:496)
	at org.apache.ratis.thirdparty.io.netty.channel.nio.NioEventLoop.run(NioEventLoop.java:458)
	at org.apache.ratis.thirdparty.io.netty.util.concurrent.SingleThreadEventExecutor$5.run(SingleThreadEventExecutor.java:897)
	at org.apache.ratis.thirdparty.io.netty.util.concurrent.FastThreadLocalRunnable.run(FastThreadLocalRunnable.java:30)
	... 1 more
Caused by: java.net.ConnectException: Connection refused
	... 11 more
2019-10-18 14:59:10,110 [327657b1-60f8-49f2-b2a3-f63e1f934942@group-58A987F56150-LeaderElection494] INFO  impl.LeaderElection (LeaderElection.java:logAndReturn(56)) - 327657b1-60f8-49f2-b2a3-f63e1f934942@group-58A987F56150-LeaderElection494: Election REJECTED; received 0 response(s) [] and 2 exception(s); 327657b1-60f8-49f2-b2a3-f63e1f934942@group-58A987F56150:t563, leader=null, voted=327657b1-60f8-49f2-b2a3-f63e1f934942, raftlog=327657b1-60f8-49f2-b2a3-f63e1f934942@group-58A987F56150-SegmentedRaftLog:OPENED:c-1,f-1,i0, conf=-1: [6605b8a5-570b-4977-9ee7-6aaf3012bed5:192.168.164.233:35223, 327657b1-60f8-49f2-b2a3-f63e1f934942:192.168.164.233:41966, ddd4789c-894d-475a-bbfb-f6e7aa670c92:192.168.164.233:41061], old=null
2019-10-18 14:59:10,110 [327657b1-60f8-49f2-b2a3-f63e1f934942@group-58A987F56150-LeaderElection494] INFO  impl.LeaderElection (LogUtils.java:infoOrTrace(149)) -   Exception 0: {}
java.util.concurrent.ExecutionException: org.apache.ratis.thirdparty.io.grpc.StatusRuntimeException: UNAVAILABLE: io exception
	at java.util.concurrent.FutureTask.report(FutureTask.java:122)
	at java.util.concurrent.FutureTask.get(FutureTask.java:192)
	at org.apache.ratis.server.impl.LeaderElection.waitForResults(LeaderElection.java:259)
	at org.apache.ratis.server.impl.LeaderElection.askForVotes(LeaderElection.java:197)
	at org.apache.ratis.server.impl.LeaderElection.run(LeaderElection.java:133)
	at java.lang.Thread.run(Thread.java:748)
Caused by: org.apache.ratis.thirdparty.io.grpc.StatusRuntimeException: UNAVAILABLE: io exception
	at org.apache.ratis.thirdparty.io.grpc.stub.ClientCalls.toStatusRuntimeException(ClientCalls.java:233)
	at org.apache.ratis.thirdparty.io.grpc.stub.ClientCalls.getUnchecked(ClientCalls.java:214)
	at org.apache.ratis.thirdparty.io.grpc.stub.ClientCalls.blockingUnaryCall(ClientCalls.java:139)
	at org.apache.ratis.proto.grpc.RaftServerProtocolServiceGrpc$RaftServerProtocolServiceBlockingStub.requestVote(RaftServerProtocolServiceGrpc.java:265)
	at org.apache.ratis.grpc.server.GrpcServerProtocolClient.requestVote(GrpcServerProtocolClient.java:99)
	at org.apache.ratis.grpc.server.GrpcService.requestVote(GrpcService.java:204)
	at org.apache.ratis.server.impl.LeaderElection.lambda$submitRequests$1(LeaderElection.java:234)
	at java.util.concurrent.FutureTask.run(FutureTask.java:266)
	at java.util.concurrent.Executors$RunnableAdapter.call(Executors.java:511)
	at java.util.concurrent.FutureTask.run(FutureTask.java:266)
	at java.util.concurrent.ThreadPoolExecutor.runWorker(ThreadPoolExecutor.java:1149)
	at java.util.concurrent.ThreadPoolExecutor$Worker.run(ThreadPoolExecutor.java:624)
	... 1 more
Caused by: org.apache.ratis.thirdparty.io.netty.channel.AbstractChannel$AnnotatedConnectException: Connection refused: /192.168.164.233:35223
	at sun.nio.ch.SocketChannelImpl.checkConnect(Native Method)
	at sun.nio.ch.SocketChannelImpl.finishConnect(SocketChannelImpl.java:717)
	at org.apache.ratis.thirdparty.io.netty.channel.socket.nio.NioSocketChannel.doFinishConnect(NioSocketChannel.java:327)
	at org.apache.ratis.thirdparty.io.netty.channel.nio.AbstractNioChannel$AbstractNioUnsafe.finishConnect(AbstractNioChannel.java:340)
	at org.apache.ratis.thirdparty.io.netty.channel.nio.NioEventLoop.processSelectedKey(NioEventLoop.java:632)
	at org.apache.ratis.thirdparty.io.netty.channel.nio.NioEventLoop.processSelectedKeysOptimized(NioEventLoop.java:579)
	at org.apache.ratis.thirdparty.io.netty.channel.nio.NioEventLoop.processSelectedKeys(NioEventLoop.java:496)
	at org.apache.ratis.thirdparty.io.netty.channel.nio.NioEventLoop.run(NioEventLoop.java:458)
	at org.apache.ratis.thirdparty.io.netty.util.concurrent.SingleThreadEventExecutor$5.run(SingleThreadEventExecutor.java:897)
	at org.apache.ratis.thirdparty.io.netty.util.concurrent.FastThreadLocalRunnable.run(FastThreadLocalRunnable.java:30)
	... 1 more
Caused by: java.net.ConnectException: Connection refused
	... 11 more
2019-10-18 14:59:10,110 [327657b1-60f8-49f2-b2a3-f63e1f934942@group-58A987F56150-LeaderElection494] INFO  impl.LeaderElection (LogUtils.java:infoOrTrace(149)) -   Exception 1: {}
java.util.concurrent.ExecutionException: org.apache.ratis.thirdparty.io.grpc.StatusRuntimeException: UNAVAILABLE: io exception
	at java.util.concurrent.FutureTask.report(FutureTask.java:122)
	at java.util.concurrent.FutureTask.get(FutureTask.java:192)
	at org.apache.ratis.server.impl.LeaderElection.waitForResults(LeaderElection.java:259)
	at org.apache.ratis.server.impl.LeaderElection.askForVotes(LeaderElection.java:197)
	at org.apache.ratis.server.impl.LeaderElection.run(LeaderElection.java:133)
	at java.lang.Thread.run(Thread.java:748)
Caused by: org.apache.ratis.thirdparty.io.grpc.StatusRuntimeException: UNAVAILABLE: io exception
	at org.apache.ratis.thirdparty.io.grpc.stub.ClientCalls.toStatusRuntimeException(ClientCalls.java:233)
	at org.apache.ratis.thirdparty.io.grpc.stub.ClientCalls.getUnchecked(ClientCalls.java:214)
	at org.apache.ratis.thirdparty.io.grpc.stub.ClientCalls.blockingUnaryCall(ClientCalls.java:139)
	at org.apache.ratis.proto.grpc.RaftServerProtocolServiceGrpc$RaftServerProtocolServiceBlockingStub.requestVote(RaftServerProtocolServiceGrpc.java:265)
	at org.apache.ratis.grpc.server.GrpcServerProtocolClient.requestVote(GrpcServerProtocolClient.java:99)
	at org.apache.ratis.grpc.server.GrpcService.requestVote(GrpcService.java:204)
	at org.apache.ratis.server.impl.LeaderElection.lambda$submitRequests$1(LeaderElection.java:234)
	at java.util.concurrent.FutureTask.run(FutureTask.java:266)
	at java.util.concurrent.Executors$RunnableAdapter.call(Executors.java:511)
	at java.util.concurrent.FutureTask.run(FutureTask.java:266)
	at java.util.concurrent.ThreadPoolExecutor.runWorker(ThreadPoolExecutor.java:1149)
	at java.util.concurrent.ThreadPoolExecutor$Worker.run(ThreadPoolExecutor.java:624)
	... 1 more
Caused by: org.apache.ratis.thirdparty.io.netty.channel.AbstractChannel$AnnotatedConnectException: Connection refused: /192.168.164.233:41061
	at sun.nio.ch.SocketChannelImpl.checkConnect(Native Method)
	at sun.nio.ch.SocketChannelImpl.finishConnect(SocketChannelImpl.java:717)
	at org.apache.ratis.thirdparty.io.netty.channel.socket.nio.NioSocketChannel.doFinishConnect(NioSocketChannel.java:327)
	at org.apache.ratis.thirdparty.io.netty.channel.nio.AbstractNioChannel$AbstractNioUnsafe.finishConnect(AbstractNioChannel.java:340)
	at org.apache.ratis.thirdparty.io.netty.channel.nio.NioEventLoop.processSelectedKey(NioEventLoop.java:632)
	at org.apache.ratis.thirdparty.io.netty.channel.nio.NioEventLoop.processSelectedKeysOptimized(NioEventLoop.java:579)
	at org.apache.ratis.thirdparty.io.netty.channel.nio.NioEventLoop.processSelectedKeys(NioEventLoop.java:496)
	at org.apache.ratis.thirdparty.io.netty.channel.nio.NioEventLoop.run(NioEventLoop.java:458)
	at org.apache.ratis.thirdparty.io.netty.util.concurrent.SingleThreadEventExecutor$5.run(SingleThreadEventExecutor.java:897)
	at org.apache.ratis.thirdparty.io.netty.util.concurrent.FastThreadLocalRunnable.run(FastThreadLocalRunnable.java:30)
	... 1 more
Caused by: java.net.ConnectException: Connection refused
	... 11 more
2019-10-18 14:59:10,111 [327657b1-60f8-49f2-b2a3-f63e1f934942@group-58A987F56150-LeaderElection494] INFO  impl.RaftServerImpl (RaftServerImpl.java:setRole(184)) - 327657b1-60f8-49f2-b2a3-f63e1f934942@group-58A987F56150: changes role from CANDIDATE to FOLLOWER at term 563 for DISCOVERED_A_NEW_TERM
2019-10-18 14:59:10,111 [327657b1-60f8-49f2-b2a3-f63e1f934942@group-58A987F56150-LeaderElection494] INFO  impl.RoleInfo (RoleInfo.java:shutdownLeaderElection(134)) - 327657b1-60f8-49f2-b2a3-f63e1f934942: shutdown LeaderElection
2019-10-18 14:59:10,111 [327657b1-60f8-49f2-b2a3-f63e1f934942@group-58A987F56150-LeaderElection494] INFO  impl.RoleInfo (RoleInfo.java:updateAndGet(143)) - 327657b1-60f8-49f2-b2a3-f63e1f934942: start FollowerState
2019-10-18 14:59:10,111 [ForkJoinPool.commonPool-worker-0] INFO  ozoneimpl.OzoneContainer (OzoneContainer.java:stop(227)) - Attempting to stop container services.
2019-10-18 14:59:10,111 [main] INFO  ozoneimpl.OzoneContainer (OzoneContainer.java:stop(227)) - Attempting to stop container services.
2019-10-18 14:59:10,112 [ForkJoinPool.commonPool-worker-0] INFO  impl.RaftServerProxy (RaftServerProxy.java:lambda$close$4(314)) - 327657b1-60f8-49f2-b2a3-f63e1f934942: close
2019-10-18 14:59:10,113 [main] INFO  impl.RaftServerProxy (RaftServerProxy.java:lambda$close$4(314)) - ee96556e-6864-4d02-83e8-2d758cb0511b: close
2019-10-18 14:59:10,113 [ForkJoinPool.commonPool-worker-0] INFO  impl.RaftServerImpl (RaftServerImpl.java:lambda$shutdown$3(261)) - 327657b1-60f8-49f2-b2a3-f63e1f934942@group-EA8B7139C12D: shutdown
2019-10-18 14:59:10,113 [main] INFO  impl.RaftServerImpl (RaftServerImpl.java:lambda$shutdown$3(261)) - ee96556e-6864-4d02-83e8-2d758cb0511b@group-6FF5826DC55A: shutdown
2019-10-18 14:59:10,113 [ForkJoinPool.commonPool-worker-0] INFO  util.JmxRegister (JmxRegister.java:unregister(73)) - Successfully un-registered JMX Bean with object name Ratis:service=RaftServer,group=group-EA8B7139C12D,id=327657b1-60f8-49f2-b2a3-f63e1f934942
2019-10-18 14:59:10,114 [main] INFO  util.JmxRegister (JmxRegister.java:unregister(73)) - Successfully un-registered JMX Bean with object name Ratis:service=RaftServer,group=group-6FF5826DC55A,id=ee96556e-6864-4d02-83e8-2d758cb0511b
2019-10-18 14:59:10,114 [ForkJoinPool.commonPool-worker-0] INFO  impl.RoleInfo (RoleInfo.java:shutdownLeaderState(104)) - 327657b1-60f8-49f2-b2a3-f63e1f934942: shutdown LeaderState
2019-10-18 14:59:10,114 [main] INFO  impl.RoleInfo (RoleInfo.java:shutdownLeaderState(104)) - ee96556e-6864-4d02-83e8-2d758cb0511b: shutdown LeaderState
2019-10-18 14:59:10,115 [ForkJoinPool.commonPool-worker-0] INFO  impl.PendingRequests (PendingRequests.java:sendNotLeaderResponses(202)) - 327657b1-60f8-49f2-b2a3-f63e1f934942@group-EA8B7139C12D-PendingRequests: sendNotLeaderResponses
2019-10-18 14:59:10,115 [main] INFO  impl.PendingRequests (PendingRequests.java:sendNotLeaderResponses(202)) - ee96556e-6864-4d02-83e8-2d758cb0511b@group-6FF5826DC55A-PendingRequests: sendNotLeaderResponses
2019-10-18 14:59:10,115 [ForkJoinPool.commonPool-worker-0] INFO  impl.StateMachineUpdater (StateMachineUpdater.java:stopAndJoin(136)) - 327657b1-60f8-49f2-b2a3-f63e1f934942@group-EA8B7139C12D-StateMachineUpdater: set stopIndex = 0
2019-10-18 14:59:10,115 [main] INFO  impl.StateMachineUpdater (StateMachineUpdater.java:stopAndJoin(136)) - ee96556e-6864-4d02-83e8-2d758cb0511b@group-6FF5826DC55A-StateMachineUpdater: set stopIndex = 0
2019-10-18 14:59:10,116 [ForkJoinPool.commonPool-worker-0] INFO  impl.RaftServerImpl (ServerState.java:close(388)) - 327657b1-60f8-49f2-b2a3-f63e1f934942@group-EA8B7139C12D: closes. applyIndex: 0
2019-10-18 14:59:10,116 [main] INFO  impl.RaftServerImpl (ServerState.java:close(388)) - ee96556e-6864-4d02-83e8-2d758cb0511b@group-6FF5826DC55A: closes. applyIndex: 0
2019-10-18 14:59:10,117 [327657b1-60f8-49f2-b2a3-f63e1f934942@group-EA8B7139C12D-SegmentedRaftLogWorker] INFO  segmented.SegmentedRaftLogWorker (SegmentedRaftLogWorker.java:run(316)) - 327657b1-60f8-49f2-b2a3-f63e1f934942@group-EA8B7139C12D-SegmentedRaftLogWorker was interrupted, exiting. There are 0 tasks remaining in the queue.
2019-10-18 14:59:10,117 [ee96556e-6864-4d02-83e8-2d758cb0511b@group-6FF5826DC55A-SegmentedRaftLogWorker] INFO  segmented.SegmentedRaftLogWorker (SegmentedRaftLogWorker.java:run(316)) - ee96556e-6864-4d02-83e8-2d758cb0511b@group-6FF5826DC55A-SegmentedRaftLogWorker was interrupted, exiting. There are 0 tasks remaining in the queue.
2019-10-18 14:59:10,120 [ForkJoinPool.commonPool-worker-0] INFO  segmented.SegmentedRaftLogWorker (SegmentedRaftLogWorker.java:close(224)) - 327657b1-60f8-49f2-b2a3-f63e1f934942@group-EA8B7139C12D-SegmentedRaftLogWorker close()
2019-10-18 14:59:10,120 [main] INFO  segmented.SegmentedRaftLogWorker (SegmentedRaftLogWorker.java:close(224)) - ee96556e-6864-4d02-83e8-2d758cb0511b@group-6FF5826DC55A-SegmentedRaftLogWorker close()
2019-10-18 14:59:10,122 [ForkJoinPool.commonPool-worker-0] INFO  impl.RaftServerImpl (RaftServerImpl.java:lambda$shutdown$3(261)) - 327657b1-60f8-49f2-b2a3-f63e1f934942@group-58A987F56150: shutdown
2019-10-18 14:59:10,124 [ForkJoinPool.commonPool-worker-0] INFO  util.JmxRegister (JmxRegister.java:unregister(73)) - Successfully un-registered JMX Bean with object name Ratis:service=RaftServer,group=group-58A987F56150,id=327657b1-60f8-49f2-b2a3-f63e1f934942
2019-10-18 14:59:10,124 [ForkJoinPool.commonPool-worker-0] INFO  impl.RoleInfo (RoleInfo.java:shutdownFollowerState(121)) - 327657b1-60f8-49f2-b2a3-f63e1f934942: shutdown FollowerState
2019-10-18 14:59:10,124 [main] INFO  server.GrpcService (GrpcService.java:closeImpl(164)) - ee96556e-6864-4d02-83e8-2d758cb0511b: shutdown server with port 45947 now
2019-10-18 14:59:10,125 [Thread-3538] INFO  impl.FollowerState (FollowerState.java:run(117)) - 327657b1-60f8-49f2-b2a3-f63e1f934942@group-58A987F56150-FollowerState was interrupted: java.lang.InterruptedException: sleep interrupted
2019-10-18 14:59:10,124 [ForkJoinPool.commonPool-worker-0] INFO  impl.StateMachineUpdater (StateMachineUpdater.java:stopAndJoin(136)) - 327657b1-60f8-49f2-b2a3-f63e1f934942@group-58A987F56150-StateMachineUpdater: set stopIndex = -1
2019-10-18 14:59:10,125 [ForkJoinPool.commonPool-worker-0] INFO  impl.RaftServerImpl (ServerState.java:close(388)) - 327657b1-60f8-49f2-b2a3-f63e1f934942@group-58A987F56150: closes. applyIndex: -1
2019-10-18 14:59:10,125 [327657b1-60f8-49f2-b2a3-f63e1f934942@group-58A987F56150-SegmentedRaftLogWorker] INFO  segmented.SegmentedRaftLogWorker (SegmentedRaftLogWorker.java:run(316)) - 327657b1-60f8-49f2-b2a3-f63e1f934942@group-58A987F56150-SegmentedRaftLogWorker was interrupted, exiting. There are 0 tasks remaining in the queue.
2019-10-18 14:59:10,126 [ForkJoinPool.commonPool-worker-0] INFO  segmented.SegmentedRaftLogWorker (SegmentedRaftLogWorker.java:close(224)) - 327657b1-60f8-49f2-b2a3-f63e1f934942@group-58A987F56150-SegmentedRaftLogWorker close()
2019-10-18 14:59:10,126 [main] INFO  server.GrpcService (GrpcService.java:closeImpl(172)) - ee96556e-6864-4d02-83e8-2d758cb0511b: shutdown server with port 45947 successfully
2019-10-18 14:59:10,128 [ForkJoinPool.commonPool-worker-0] INFO  server.GrpcService (GrpcService.java:closeImpl(164)) - 327657b1-60f8-49f2-b2a3-f63e1f934942: shutdown server with port 41966 now
2019-10-18 14:59:10,129 [ForkJoinPool.commonPool-worker-0] INFO  server.GrpcService (GrpcService.java:closeImpl(172)) - 327657b1-60f8-49f2-b2a3-f63e1f934942: shutdown server with port 41966 successfully
2019-10-18 14:59:10,130 [refreshUsed-/workdir/hadoop-ozone/integration-test/target/test-dir/MiniOzoneClusterImpl-493b9529-4424-4e81-8ad3-dd8bf339c445/datanode-3/data/containers] WARN  fs.CachingGetSpaceUsed (CachingGetSpaceUsed.java:run(183)) - Thread Interrupted waiting to refresh disk information: sleep interrupted
2019-10-18 14:59:10,142 [refreshUsed-/workdir/hadoop-ozone/integration-test/target/test-dir/MiniOzoneClusterImpl-493b9529-4424-4e81-8ad3-dd8bf339c445/datanode-0/data/containers] WARN  fs.CachingGetSpaceUsed (CachingGetSpaceUsed.java:run(183)) - Thread Interrupted waiting to refresh disk information: sleep interrupted
2019-10-18 14:59:10,154 [main] INFO  utils.BackgroundService (BackgroundService.java:shutdown(151)) - Shutting down service BlockDeletingService
2019-10-18 14:59:10,156 [main] INFO  statemachine.DatanodeStateMachine (DatanodeStateMachine.java:stopDaemon(395)) - Ozone container server stopped.
2019-10-18 14:59:10,156 [ForkJoinPool.commonPool-worker-0] INFO  utils.BackgroundService (BackgroundService.java:shutdown(151)) - Shutting down service BlockDeletingService
2019-10-18 14:59:10,158 [ForkJoinPool.commonPool-worker-0] INFO  statemachine.DatanodeStateMachine (DatanodeStateMachine.java:stopDaemon(395)) - Ozone container server stopped.
2019-10-18 14:59:10,160 [main] INFO  handler.ContextHandler (ContextHandler.java:doStop(910)) - Stopped o.e.j.w.WebAppContext@4aa21f9d{/,null,UNAVAILABLE}{/hddsDatanode}
2019-10-18 14:59:10,161 [ForkJoinPool.commonPool-worker-0] INFO  handler.ContextHandler (ContextHandler.java:doStop(910)) - Stopped o.e.j.w.WebAppContext@5a08efdc{/,null,UNAVAILABLE}{/hddsDatanode}
2019-10-18 14:59:10,162 [ForkJoinPool.commonPool-worker-0] INFO  server.AbstractConnector (AbstractConnector.java:doStop(318)) - Stopped ServerConnector@57272109{HTTP/1.1,[http/1.1]}{0.0.0.0:0}
2019-10-18 14:59:10,162 [main] INFO  server.AbstractConnector (AbstractConnector.java:doStop(318)) - Stopped ServerConnector@71c17a57{HTTP/1.1,[http/1.1]}{0.0.0.0:0}
2019-10-18 14:59:10,163 [ForkJoinPool.commonPool-worker-0] INFO  handler.ContextHandler (ContextHandler.java:doStop(910)) - Stopped o.e.j.s.ServletContextHandler@1ab5f08a{/static,jar:file:/home/user/.m2/repository/org/apache/hadoop/hadoop-hdds-container-service/0.5.0-SNAPSHOT/hadoop-hdds-container-service-0.5.0-SNAPSHOT.jar!/webapps/static,UNAVAILABLE}
2019-10-18 14:59:10,163 [main] INFO  handler.ContextHandler (ContextHandler.java:doStop(910)) - Stopped o.e.j.s.ServletContextHandler@77049094{/static,jar:file:/home/user/.m2/repository/org/apache/hadoop/hadoop-hdds-container-service/0.5.0-SNAPSHOT/hadoop-hdds-container-service-0.5.0-SNAPSHOT.jar!/webapps/static,UNAVAILABLE}
2019-10-18 14:59:10,163 [ForkJoinPool.commonPool-worker-0] INFO  handler.ContextHandler (ContextHandler.java:doStop(910)) - Stopped o.e.j.s.ServletContextHandler@623ebac7{/logs,file:///workdir/hadoop-ozone/integration-test/target/log,UNAVAILABLE}
2019-10-18 14:59:10,164 [main] INFO  handler.ContextHandler (ContextHandler.java:doStop(910)) - Stopped o.e.j.s.ServletContextHandler@6fa13e6{/logs,file:///workdir/hadoop-ozone/integration-test/target/log,UNAVAILABLE}
2019-10-18 14:59:10,165 [main] INFO  ozone.MiniOzoneClusterImpl (MiniOzoneClusterImpl.java:stopSCM(392)) - Stopping the StorageContainerManager
2019-10-18 14:59:10,165 [main] INFO  server.StorageContainerManager (StorageContainerManager.java:stop(810)) - Stopping Replication Manager Service.
2019-10-18 14:59:10,166 [main] INFO  container.ReplicationManager (ReplicationManager.java:stop(203)) - Stopping Replication Monitor Thread.
2019-10-18 14:59:10,166 [main] INFO  server.StorageContainerManager (StorageContainerManager.java:stop(817)) - Stopping Lease Manager of the command watchers
2019-10-18 14:59:10,166 [main] INFO  server.StorageContainerManager (StorageContainerManager.java:stop(824)) - Stopping datanode service RPC server
2019-10-18 14:59:10,166 [main] INFO  server.SCMDatanodeProtocolServer (SCMDatanodeProtocolServer.java:stop(346)) - Stopping the RPC server for DataNodes
2019-10-18 14:59:10,167 [main] INFO  ipc.Server (Server.java:stop(3082)) - Stopping server on 45964
2019-10-18 14:59:10,168 [IPC Server listener on 45964] INFO  ipc.Server (Server.java:run(1185)) - Stopping IPC Server listener on 45964
2019-10-18 14:59:10,168 [IPC Server Responder] INFO  ipc.Server (Server.java:run(1319)) - Stopping IPC Server Responder
2019-10-18 14:59:10,184 [SCM Heartbeat Processing Thread - 0] WARN  node.NodeStateManager (NodeStateManager.java:scheduleNextHealthCheck(646)) - Current Thread is interrupted, shutting down HB processing thread for Node Manager.
2019-10-18 14:59:10,184 [main] INFO  server.StorageContainerManager (StorageContainerManager.java:stop(832)) - Stopping block service RPC server
2019-10-18 14:59:10,184 [main] INFO  server.SCMBlockProtocolServer (SCMBlockProtocolServer.java:stop(155)) - Stopping the RPC server for Block Protocol
2019-10-18 14:59:10,185 [main] INFO  ipc.Server (Server.java:stop(3082)) - Stopping server on 41605
2019-10-18 14:59:10,186 [IPC Server listener on 41605] INFO  ipc.Server (Server.java:run(1185)) - Stopping IPC Server listener on 41605
2019-10-18 14:59:10,186 [main] INFO  server.StorageContainerManager (StorageContainerManager.java:stop(839)) - Stopping the StorageContainerLocationProtocol RPC server
2019-10-18 14:59:10,186 [IPC Server Responder] INFO  ipc.Server (Server.java:run(1319)) - Stopping IPC Server Responder
2019-10-18 14:59:10,187 [main] INFO  server.SCMClientProtocolServer (SCMClientProtocolServer.java:stop(168)) - Stopping the RPC server for Client Protocol
2019-10-18 14:59:10,187 [main] INFO  ipc.Server (Server.java:stop(3082)) - Stopping server on 42059
2019-10-18 14:59:10,188 [IPC Server listener on 42059] INFO  ipc.Server (Server.java:run(1185)) - Stopping IPC Server listener on 42059
2019-10-18 14:59:10,188 [main] INFO  server.StorageContainerManager (StorageContainerManager.java:stop(846)) - Stopping Storage Container Manager HTTP server.
2019-10-18 14:59:10,189 [IPC Server Responder] INFO  ipc.Server (Server.java:run(1319)) - Stopping IPC Server Responder
2019-10-18 14:59:10,189 [main] INFO  handler.ContextHandler (ContextHandler.java:doStop(910)) - Stopped o.e.j.w.WebAppContext@7fb9f71f{/,null,UNAVAILABLE}{/scm}
2019-10-18 14:59:10,190 [main] INFO  server.AbstractConnector (AbstractConnector.java:doStop(318)) - Stopped ServerConnector@407cf41{HTTP/1.1,[http/1.1]}{0.0.0.0:0}
2019-10-18 14:59:10,191 [main] INFO  handler.ContextHandler (ContextHandler.java:doStop(910)) - Stopped o.e.j.s.ServletContextHandler@424ebba3{/static,file:///workdir/hadoop-ozone/integration-test/target/test-classes/webapps/static,UNAVAILABLE}
2019-10-18 14:59:10,191 [main] INFO  handler.ContextHandler (ContextHandler.java:doStop(910)) - Stopped o.e.j.s.ServletContextHandler@a43ce46{/logs,file:///workdir/hadoop-ozone/integration-test/target/log,UNAVAILABLE}
2019-10-18 14:59:10,192 [main] INFO  server.StorageContainerManager (StorageContainerManager.java:stop(857)) - Stopping Block Manager Service.
2019-10-18 14:59:10,192 [main] INFO  utils.BackgroundService (BackgroundService.java:shutdown(151)) - Shutting down service SCMBlockDeletingService
2019-10-18 14:59:10,193 [main] INFO  utils.BackgroundService (BackgroundService.java:shutdown(151)) - Shutting down service SCMBlockDeletingService
2019-10-18 14:59:10,193 [main] INFO  server.StorageContainerManager (StorageContainerManager.java:stop(879)) - Stopping SCM Event Queue.
2019-10-18 14:59:10,207 [main] INFO  impl.MetricsSystemImpl (MetricsSystemImpl.java:stop(210)) - Stopping XceiverClientMetrics metrics system...
2019-10-18 14:59:10,217 [prometheus] INFO  impl.MetricsSinkAdapter (MetricsSinkAdapter.java:publishMetricsFromQueue(141)) - prometheus thread interrupted.
2019-10-18 14:59:10,217 [main] INFO  impl.MetricsSystemImpl (MetricsSystemImpl.java:stop(216)) - XceiverClientMetrics metrics system stopped.
]]></system-out>
    <system-err><![CDATA[ERROR StatusLogger No Log4j 2 configuration file found. Using default configuration (logging only errors to the console), or user programmatically provided configurations. Set system property 'log4j2.debug' to show Log4j 2 internal initialization logging. See https://logging.apache.org/log4j/2.x/manual/configuration.html for instructions on how to configure Log4j 2
]]></system-err>
  </testcase>
</testsuite>