<?xml version="1.0" encoding="UTF-8"?>
<testsuite xmlns:xsi="http://www.w3.org/2001/XMLSchema-instance" xsi:noNamespaceSchemaLocation="https://maven.apache.org/surefire/maven-surefire-plugin/xsd/surefire-test-report.xsd" name="org.apache.hadoop.ozone.client.rpc.TestDeleteWithSlowFollower" time="132.879" tests="1" errors="0" skipped="0" failures="1">
  <properties>
    <property name="awt.toolkit" value="sun.awt.X11.XToolkit"/>
    <property name="file.encoding.pkg" value="sun.io"/>
    <property name="java.specification.version" value="1.8"/>
    <property name="sun.cpu.isalist" value=""/>
    <property name="sun.jnu.encoding" value="ANSI_X3.4-1968"/>
    <property name="java.class.path" value="/workdir/hadoop-ozone/integration-test/target/test-classes:/workdir/hadoop-ozone/integration-test/target/classes:/home/user/.m2/repository/org/apache/hadoop/hadoop-ozone-common/0.5.0-SNAPSHOT/hadoop-ozone-common-0.5.0-SNAPSHOT.jar:/home/user/.m2/repository/org/apache/commons/commons-compress/1.4.1/commons-compress-1.4.1.jar:/home/user/.m2/repository/org/tukaani/xz/1.0/xz-1.0.jar:/home/user/.m2/repository/org/apache/hadoop/hadoop-common/3.2.0/hadoop-common-3.2.0.jar:/home/user/.m2/repository/org/apache/hadoop/hadoop-hdfs/3.2.0/hadoop-hdfs-3.2.0.jar:/home/user/.m2/repository/org/apache/hadoop/hadoop-hdfs-client/3.2.0/hadoop-hdfs-client-3.2.0.jar:/home/user/.m2/repository/com/fasterxml/jackson/core/jackson-annotations/2.9.9/jackson-annotations-2.9.9.jar:/home/user/.m2/repository/org/apache/hadoop/hadoop-hdds-common/0.5.0-SNAPSHOT/hadoop-hdds-common-0.5.0-SNAPSHOT.jar:/home/user/.m2/repository/javax/annotation/javax.annotation-api/1.2/javax.annotation-api-1.2.jar:/home/user/.m2/repository/org/apache/ratis/ratis-server/0.5.0-3f446aa-SNAPSHOT/ratis-server-0.5.0-3f446aa-SNAPSHOT.jar:/home/user/.m2/repository/org/apache/ratis/ratis-thirdparty-misc/0.2.0/ratis-thirdparty-misc-0.2.0.jar:/home/user/.m2/repository/org/apache/ratis/ratis-proto/0.5.0-3f446aa-SNAPSHOT/ratis-proto-0.5.0-3f446aa-SNAPSHOT.jar:/home/user/.m2/repository/org/apache/ratis/ratis-common/0.5.0-3f446aa-SNAPSHOT/ratis-common-0.5.0-3f446aa-SNAPSHOT.jar:/home/user/.m2/repository/org/apache/ratis/ratis-client/0.5.0-3f446aa-SNAPSHOT/ratis-client-0.5.0-3f446aa-SNAPSHOT.jar:/home/user/.m2/repository/org/apache/ratis/ratis-metrics/0.5.0-3f446aa-SNAPSHOT/ratis-metrics-0.5.0-3f446aa-SNAPSHOT.jar:/home/user/.m2/repository/com/github/joshelser/dropwizard-metrics-hadoop-metrics2-reporter/0.1.2/dropwizard-metrics-hadoop-metrics2-reporter-0.1.2.jar:/home/user/.m2/repository/io/dropwizard/metrics/metrics-jvm/3.2.5/metrics-jvm-3.2.5.jar:/home/user/.m2/repository/io/dropwizard/metrics/metrics-ganglia/3.2.5/metrics-ganglia-3.2.5.jar:/home/user/.m2/repository/info/ganglia/gmetric4j/gmetric4j/1.0.7/gmetric4j-1.0.7.jar:/home/user/.m2/repository/org/apache/ratis/ratis-netty/0.5.0-3f446aa-SNAPSHOT/ratis-netty-0.5.0-3f446aa-SNAPSHOT.jar:/home/user/.m2/repository/org/apache/ratis/ratis-grpc/0.5.0-3f446aa-SNAPSHOT/ratis-grpc-0.5.0-3f446aa-SNAPSHOT.jar:/home/user/.m2/repository/org/rocksdb/rocksdbjni/6.0.1/rocksdbjni-6.0.1.jar:/home/user/.m2/repository/org/apache/logging/log4j/log4j-api/2.11.0/log4j-api-2.11.0.jar:/home/user/.m2/repository/org/apache/logging/log4j/log4j-core/2.11.0/log4j-core-2.11.0.jar:/home/user/.m2/repository/com/lmax/disruptor/3.4.2/disruptor-3.4.2.jar:/home/user/.m2/repository/org/apache/commons/commons-pool2/2.6.0/commons-pool2-2.6.0.jar:/home/user/.m2/repository/org/bouncycastle/bcpkix-jdk15on/1.60/bcpkix-jdk15on-1.60.jar:/home/user/.m2/repository/commons-validator/commons-validator/1.6/commons-validator-1.6.jar:/home/user/.m2/repository/commons-digester/commons-digester/1.8.1/commons-digester-1.8.1.jar:/home/user/.m2/repository/io/jaegertracing/jaeger-client/0.34.0/jaeger-client-0.34.0.jar:/home/user/.m2/repository/io/jaegertracing/jaeger-thrift/0.34.0/jaeger-thrift-0.34.0.jar:/home/user/.m2/repository/org/apache/thrift/libthrift/0.12.0/libthrift-0.12.0.jar:/home/user/.m2/repository/com/squareup/okhttp3/okhttp/3.9.0/okhttp-3.9.0.jar:/home/user/.m2/repository/com/squareup/okio/okio/1.13.0/okio-1.13.0.jar:/home/user/.m2/repository/io/jaegertracing/jaeger-core/0.34.0/jaeger-core-0.34.0.jar:/home/user/.m2/repository/io/jaegertracing/jaeger-tracerresolver/0.34.0/jaeger-tracerresolver-0.34.0.jar:/home/user/.m2/repository/io/opentracing/contrib/opentracing-tracerresolver/0.1.5/opentracing-tracerresolver-0.1.5.jar:/home/user/.m2/repository/io/opentracing/opentracing-util/0.31.0/opentracing-util-0.31.0.jar:/home/user/.m2/repository/io/opentracing/opentracing-api/0.31.0/opentracing-api-0.31.0.jar:/home/user/.m2/repository/io/opentracing/opentracing-noop/0.31.0/opentracing-noop-0.31.0.jar:/home/user/.m2/repository/org/apache/hadoop/hadoop-hdds-server-framework/0.5.0-SNAPSHOT/hadoop-hdds-server-framework-0.5.0-SNAPSHOT.jar:/home/user/.m2/repository/org/apache/hadoop/hadoop-hdds-container-service/0.5.0-SNAPSHOT/hadoop-hdds-container-service-0.5.0-SNAPSHOT.jar:/home/user/.m2/repository/org/apache/hadoop/hadoop-hdds-client/0.5.0-SNAPSHOT/hadoop-hdds-client-0.5.0-SNAPSHOT.jar:/home/user/.m2/repository/org/apache/hadoop/hadoop-hdds-tools/0.5.0-SNAPSHOT/hadoop-hdds-tools-0.5.0-SNAPSHOT.jar:/home/user/.m2/repository/org/apache/hadoop/hadoop-hdds-server-scm/0.5.0-SNAPSHOT/hadoop-hdds-server-scm-0.5.0-SNAPSHOT.jar:/home/user/.m2/repository/org/apache/hadoop/hadoop-hdds-docs/0.5.0-SNAPSHOT/hadoop-hdds-docs-0.5.0-SNAPSHOT.jar:/home/user/.m2/repository/io/dropwizard/metrics/metrics-core/3.2.4/metrics-core-3.2.4.jar:/home/user/.m2/repository/org/hamcrest/hamcrest-all/1.3/hamcrest-all-1.3.jar:/home/user/.m2/repository/org/bouncycastle/bcprov-jdk15on/1.60/bcprov-jdk15on-1.60.jar:/home/user/.m2/repository/info/picocli/picocli/3.9.6/picocli-3.9.6.jar:/home/user/.m2/repository/com/google/protobuf/protobuf-java/2.5.0/protobuf-java-2.5.0.jar:/home/user/.m2/repository/com/google/guava/guava/11.0.2/guava-11.0.2.jar:/home/user/.m2/repository/org/apache/hadoop/hadoop-ozone-ozone-manager/0.5.0-SNAPSHOT/hadoop-ozone-ozone-manager-0.5.0-SNAPSHOT.jar:/home/user/.m2/repository/org/apache/hadoop/hadoop-minikdc/3.2.0/hadoop-minikdc-3.2.0.jar:/home/user/.m2/repository/commons-io/commons-io/2.5/commons-io-2.5.jar:/home/user/.m2/repository/org/apache/kerby/kerb-simplekdc/1.0.1/kerb-simplekdc-1.0.1.jar:/home/user/.m2/repository/org/apache/kerby/kerb-client/1.0.1/kerb-client-1.0.1.jar:/home/user/.m2/repository/org/apache/kerby/kerby-config/1.0.1/kerby-config-1.0.1.jar:/home/user/.m2/repository/org/apache/kerby/kerb-core/1.0.1/kerb-core-1.0.1.jar:/home/user/.m2/repository/org/apache/kerby/kerby-pkix/1.0.1/kerby-pkix-1.0.1.jar:/home/user/.m2/repository/org/apache/kerby/kerby-asn1/1.0.1/kerby-asn1-1.0.1.jar:/home/user/.m2/repository/org/apache/kerby/kerby-util/1.0.1/kerby-util-1.0.1.jar:/home/user/.m2/repository/org/apache/kerby/kerb-common/1.0.1/kerb-common-1.0.1.jar:/home/user/.m2/repository/org/apache/kerby/kerb-crypto/1.0.1/kerb-crypto-1.0.1.jar:/home/user/.m2/repository/org/apache/kerby/kerb-util/1.0.1/kerb-util-1.0.1.jar:/home/user/.m2/repository/org/apache/kerby/token-provider/1.0.1/token-provider-1.0.1.jar:/home/user/.m2/repository/org/apache/kerby/kerb-admin/1.0.1/kerb-admin-1.0.1.jar:/home/user/.m2/repository/org/apache/kerby/kerb-server/1.0.1/kerb-server-1.0.1.jar:/home/user/.m2/repository/org/apache/kerby/kerb-identity/1.0.1/kerb-identity-1.0.1.jar:/home/user/.m2/repository/org/apache/kerby/kerby-xdr/1.0.1/kerby-xdr-1.0.1.jar:/home/user/.m2/repository/org/slf4j/slf4j-log4j12/1.7.25/slf4j-log4j12-1.7.25.jar:/home/user/.m2/repository/org/apache/hadoop/hadoop-ozone-s3gateway/0.5.0-SNAPSHOT/hadoop-ozone-s3gateway-0.5.0-SNAPSHOT.jar:/home/user/.m2/repository/org/jboss/weld/servlet/weld-servlet/2.4.7.Final/weld-servlet-2.4.7.Final.jar:/home/user/.m2/repository/org/glassfish/jersey/containers/jersey-container-servlet-core/2.27/jersey-container-servlet-core-2.27.jar:/home/user/.m2/repository/org/glassfish/hk2/external/javax.inject/2.5.0-b42/javax.inject-2.5.0-b42.jar:/home/user/.m2/repository/org/glassfish/jersey/core/jersey-common/2.27/jersey-common-2.27.jar:/home/user/.m2/repository/org/glassfish/hk2/osgi-resource-locator/1.0.1/osgi-resource-locator-1.0.1.jar:/home/user/.m2/repository/javax/ws/rs/javax.ws.rs-api/2.1/javax.ws.rs-api-2.1.jar:/home/user/.m2/repository/org/glassfish/jersey/ext/cdi/jersey-cdi1x/2.27/jersey-cdi1x-2.27.jar:/home/user/.m2/repository/org/glassfish/jersey/inject/jersey-hk2/2.27/jersey-hk2-2.27.jar:/home/user/.m2/repository/org/glassfish/hk2/hk2-locator/2.5.0-b42/hk2-locator-2.5.0-b42.jar:/home/user/.m2/repository/org/javassist/javassist/3.22.0-CR2/javassist-3.22.0-CR2.jar:/home/user/.m2/repository/org/glassfish/hk2/hk2-api/2.5.0/hk2-api-2.5.0.jar:/home/user/.m2/repository/org/glassfish/hk2/external/jakarta.inject/2.5.0/jakarta.inject-2.5.0.jar:/home/user/.m2/repository/org/glassfish/hk2/hk2-utils/2.5.0/hk2-utils-2.5.0.jar:/home/user/.m2/repository/jakarta/annotation/jakarta.annotation-api/1.3.4/jakarta.annotation-api-1.3.4.jar:/home/user/.m2/repository/org/glassfish/hk2/external/aopalliance-repackaged/2.5.0/aopalliance-repackaged-2.5.0.jar:/home/user/.m2/repository/com/fasterxml/jackson/dataformat/jackson-dataformat-xml/2.9.0/jackson-dataformat-xml-2.9.0.jar:/home/user/.m2/repository/com/fasterxml/jackson/core/jackson-core/2.9.9/jackson-core-2.9.9.jar:/home/user/.m2/repository/com/fasterxml/jackson/module/jackson-module-jaxb-annotations/2.9.9/jackson-module-jaxb-annotations-2.9.9.jar:/home/user/.m2/repository/javax/enterprise/cdi-api/1.2/cdi-api-1.2.jar:/home/user/.m2/repository/javax/el/javax.el-api/3.0.0/javax.el-api-3.0.0.jar:/home/user/.m2/repository/javax/interceptor/javax.interceptor-api/1.2/javax.interceptor-api-1.2.jar:/home/user/.m2/repository/javax/inject/javax.inject/1/javax.inject-1.jar:/home/user/.m2/repository/com/sun/xml/bind/jaxb-impl/2.3.0.1/jaxb-impl-2.3.0.1.jar:/home/user/.m2/repository/com/sun/xml/bind/jaxb-core/2.3.0.1/jaxb-core-2.3.0.1.jar:/home/user/.m2/repository/javax/xml/bind/jaxb-api/2.3.0/jaxb-api-2.3.0.jar:/home/user/.m2/repository/javax/activation/activation/1.1.1/activation-1.1.1.jar:/home/user/.m2/repository/org/apache/hadoop/hadoop-ozone-csi/0.5.0-SNAPSHOT/hadoop-ozone-csi-0.5.0-SNAPSHOT.jar:/home/user/.m2/repository/com/google/protobuf/protobuf-java-util/3.5.1/protobuf-java-util-3.5.1.jar:/home/user/.m2/repository/org/apache/hadoop/hadoop-hdds-config/0.5.0-SNAPSHOT/hadoop-hdds-config-0.5.0-SNAPSHOT.jar:/home/user/.m2/repository/io/grpc/grpc-netty/1.17.1/grpc-netty-1.17.1.jar:/home/user/.m2/repository/io/grpc/grpc-core/1.17.1/grpc-core-1.17.1.jar:/home/user/.m2/repository/io/grpc/grpc-context/1.17.1/grpc-context-1.17.1.jar:/home/user/.m2/repository/com/google/errorprone/error_prone_annotations/2.2.0/error_prone_annotations-2.2.0.jar:/home/user/.m2/repository/org/codehaus/mojo/animal-sniffer-annotations/1.17/animal-sniffer-annotations-1.17.jar:/home/user/.m2/repository/io/opencensus/opencensus-api/0.17.0/opencensus-api-0.17.0.jar:/home/user/.m2/repository/io/opencensus/opencensus-contrib-grpc-metrics/0.17.0/opencensus-contrib-grpc-metrics-0.17.0.jar:/home/user/.m2/repository/io/netty/netty-codec-http2/4.1.30.Final/netty-codec-http2-4.1.30.Final.jar:/home/user/.m2/repository/io/netty/netty-codec-http/4.1.30.Final/netty-codec-http-4.1.30.Final.jar:/home/user/.m2/repository/io/netty/netty-codec/4.1.30.Final/netty-codec-4.1.30.Final.jar:/home/user/.m2/repository/io/netty/netty-handler/4.1.30.Final/netty-handler-4.1.30.Final.jar:/home/user/.m2/repository/io/netty/netty-handler-proxy/4.1.30.Final/netty-handler-proxy-4.1.30.Final.jar:/home/user/.m2/repository/io/netty/netty-codec-socks/4.1.30.Final/netty-codec-socks-4.1.30.Final.jar:/home/user/.m2/repository/io/netty/netty-transport-native-epoll/4.1.30.Final/netty-transport-native-epoll-4.1.30.Final.jar:/home/user/.m2/repository/io/netty/netty-common/4.1.30.Final/netty-common-4.1.30.Final.jar:/home/user/.m2/repository/io/netty/netty-buffer/4.1.30.Final/netty-buffer-4.1.30.Final.jar:/home/user/.m2/repository/io/netty/netty-transport/4.1.30.Final/netty-transport-4.1.30.Final.jar:/home/user/.m2/repository/io/netty/netty-resolver/4.1.30.Final/netty-resolver-4.1.30.Final.jar:/home/user/.m2/repository/io/netty/netty-transport-native-unix-common/4.1.30.Final/netty-transport-native-unix-common-4.1.30.Final.jar:/home/user/.m2/repository/io/grpc/grpc-protobuf/1.17.1/grpc-protobuf-1.17.1.jar:/home/user/.m2/repository/com/google/api/grpc/proto-google-common-protos/1.0.0/proto-google-common-protos-1.0.0.jar:/home/user/.m2/repository/io/grpc/grpc-protobuf-lite/1.17.1/grpc-protobuf-lite-1.17.1.jar:/home/user/.m2/repository/io/grpc/grpc-stub/1.17.1/grpc-stub-1.17.1.jar:/home/user/.m2/repository/org/apache/hadoop/hadoop-ozone-recon/0.5.0-SNAPSHOT/hadoop-ozone-recon-0.5.0-SNAPSHOT.jar:/home/user/.m2/repository/org/apache/hadoop/hadoop-ozone-reconcodegen/0.5.0-SNAPSHOT/hadoop-ozone-reconcodegen-0.5.0-SNAPSHOT.jar:/home/user/.m2/repository/com/google/inject/extensions/guice-multibindings/4.0/guice-multibindings-4.0.jar:/home/user/.m2/repository/com/google/inject/guice/4.0/guice-4.0.jar:/home/user/.m2/repository/aopalliance/aopalliance/1.0/aopalliance-1.0.jar:/home/user/.m2/repository/com/google/inject/extensions/guice-servlet/4.0/guice-servlet-4.0.jar:/home/user/.m2/repository/org/glassfish/jersey/containers/jersey-container-servlet/2.27/jersey-container-servlet-2.27.jar:/home/user/.m2/repository/org/glassfish/hk2/guice-bridge/2.5.0/guice-bridge-2.5.0.jar:/home/user/.m2/repository/org/glassfish/jersey/core/jersey-server/2.27/jersey-server-2.27.jar:/home/user/.m2/repository/org/glassfish/jersey/core/jersey-client/2.27/jersey-client-2.27.jar:/home/user/.m2/repository/org/glassfish/jersey/media/jersey-media-jaxb/2.27/jersey-media-jaxb-2.27.jar:/home/user/.m2/repository/javax/validation/validation-api/1.1.0.Final/validation-api-1.1.0.Final.jar:/home/user/.m2/repository/org/glassfish/jersey/media/jersey-media-json-jackson/2.27/jersey-media-json-jackson-2.27.jar:/home/user/.m2/repository/org/glassfish/jersey/ext/jersey-entity-filtering/2.27/jersey-entity-filtering-2.27.jar:/home/user/.m2/repository/com/google/inject/extensions/guice-assistedinject/4.0/guice-assistedinject-4.0.jar:/home/user/.m2/repository/org/jooq/jooq/3.11.10/jooq-3.11.10.jar:/home/user/.m2/repository/org/jooq/jooq-meta/3.11.10/jooq-meta-3.11.10.jar:/home/user/.m2/repository/org/jooq/jooq-codegen/3.11.10/jooq-codegen-3.11.10.jar:/home/user/.m2/repository/com/jolbox/bonecp/0.8.0.RELEASE/bonecp-0.8.0.RELEASE.jar:/home/user/.m2/repository/org/xerial/sqlite-jdbc/3.25.2/sqlite-jdbc-3.25.2.jar:/home/user/.m2/repository/org/springframework/spring-jdbc/5.1.3.RELEASE/spring-jdbc-5.1.3.RELEASE.jar:/home/user/.m2/repository/org/springframework/spring-beans/5.1.3.RELEASE/spring-beans-5.1.3.RELEASE.jar:/home/user/.m2/repository/org/springframework/spring-core/5.1.3.RELEASE/spring-core-5.1.3.RELEASE.jar:/home/user/.m2/repository/org/springframework/spring-jcl/5.1.3.RELEASE/spring-jcl-5.1.3.RELEASE.jar:/home/user/.m2/repository/org/springframework/spring-tx/5.1.3.RELEASE/spring-tx-5.1.3.RELEASE.jar:/home/user/.m2/repository/org/apache/hadoop/hadoop-ozone-client/0.5.0-SNAPSHOT/hadoop-ozone-client-0.5.0-SNAPSHOT.jar:/home/user/.m2/repository/commons-lang/commons-lang/2.6/commons-lang-2.6.jar:/home/user/.m2/repository/org/apache/hadoop/hadoop-ozone-ozone-manager/0.5.0-SNAPSHOT/hadoop-ozone-ozone-manager-0.5.0-SNAPSHOT-tests.jar:/home/user/.m2/repository/junit/junit/4.11/junit-4.11.jar:/home/user/.m2/repository/org/hamcrest/hamcrest-core/1.3/hamcrest-core-1.3.jar:/home/user/.m2/repository/org/openjdk/jmh/jmh-core/1.19/jmh-core-1.19.jar:/home/user/.m2/repository/net/sf/jopt-simple/jopt-simple/4.6/jopt-simple-4.6.jar:/home/user/.m2/repository/org/apache/commons/commons-math3/3.1.1/commons-math3-3.1.1.jar:/home/user/.m2/repository/org/openjdk/jmh/jmh-generator-annprocess/1.19/jmh-generator-annprocess-1.19.jar:/home/user/.m2/repository/org/mockito/mockito-all/1.8.5/mockito-all-1.8.5.jar:/home/user/.m2/repository/org/apache/hadoop/hadoop-kms/3.2.0/hadoop-kms-3.2.0.jar:/home/user/.m2/repository/org/apache/hadoop/hadoop-auth/3.2.0/hadoop-auth-3.2.0.jar:/home/user/.m2/repository/com/nimbusds/nimbus-jose-jwt/4.41.1/nimbus-jose-jwt-4.41.1.jar:/home/user/.m2/repository/com/github/stephenc/jcip/jcip-annotations/1.0-1/jcip-annotations-1.0-1.jar:/home/user/.m2/repository/net/minidev/json-smart/2.3/json-smart-2.3.jar:/home/user/.m2/repository/net/minidev/accessors-smart/1.2/accessors-smart-1.2.jar:/home/user/.m2/repository/org/ow2/asm/asm/5.0.4/asm-5.0.4.jar:/home/user/.m2/repository/org/apache/curator/curator-framework/2.12.0/curator-framework-2.12.0.jar:/home/user/.m2/repository/com/sun/jersey/jersey-core/1.19/jersey-core-1.19.jar:/home/user/.m2/repository/javax/ws/rs/jsr311-api/1.1.1/jsr311-api-1.1.1.jar:/home/user/.m2/repository/com/sun/jersey/jersey-server/1.19/jersey-server-1.19.jar:/home/user/.m2/repository/javax/servlet/javax.servlet-api/3.1.0/javax.servlet-api-3.1.0.jar:/home/user/.m2/repository/org/eclipse/jetty/jetty-server/9.3.25.v20180904/jetty-server-9.3.25.v20180904.jar:/home/user/.m2/repository/org/eclipse/jetty/jetty-http/9.3.25.v20180904/jetty-http-9.3.25.v20180904.jar:/home/user/.m2/repository/org/eclipse/jetty/jetty-io/9.3.25.v20180904/jetty-io-9.3.25.v20180904.jar:/home/user/.m2/repository/org/eclipse/jetty/jetty-webapp/9.3.25.v20180904/jetty-webapp-9.3.25.v20180904.jar:/home/user/.m2/repository/org/eclipse/jetty/jetty-xml/9.3.25.v20180904/jetty-xml-9.3.25.v20180904.jar:/home/user/.m2/repository/log4j/log4j/1.2.17/log4j-1.2.17.jar:/home/user/.m2/repository/org/slf4j/slf4j-api/1.7.25/slf4j-api-1.7.25.jar:/home/user/.m2/repository/org/slf4j/jul-to-slf4j/1.7.25/jul-to-slf4j-1.7.25.jar:/home/user/.m2/repository/org/eclipse/jetty/jetty-util/9.3.25.v20180904/jetty-util-9.3.25.v20180904.jar:/home/user/.m2/repository/com/fasterxml/jackson/core/jackson-databind/2.9.9/jackson-databind-2.9.9.jar:/home/user/.m2/repository/org/apache/hadoop/hadoop-kms/3.2.0/hadoop-kms-3.2.0-tests.jar:/home/user/.m2/repository/org/apache/hadoop/hadoop-hdds-server-scm/0.5.0-SNAPSHOT/hadoop-hdds-server-scm-0.5.0-SNAPSHOT-tests.jar:/home/user/.m2/repository/org/apache/hadoop/hadoop-hdds-container-service/0.5.0-SNAPSHOT/hadoop-hdds-container-service-0.5.0-SNAPSHOT-tests.jar:/home/user/.m2/repository/org/yaml/snakeyaml/1.16/snakeyaml-1.16.jar:/home/user/.m2/repository/org/apache/hadoop/hadoop-common/3.2.0/hadoop-common-3.2.0-tests.jar:/home/user/.m2/repository/org/apache/hadoop/hadoop-annotations/3.2.0/hadoop-annotations-3.2.0.jar:/usr/lib/jvm/java-1.8.0-openjdk-1.8.0.222.b10-1.el7_7.x86_64/jre/../lib/tools.jar:/home/user/.m2/repository/commons-cli/commons-cli/1.2/commons-cli-1.2.jar:/home/user/.m2/repository/org/apache/httpcomponents/httpclient/4.5.2/httpclient-4.5.2.jar:/home/user/.m2/repository/org/apache/httpcomponents/httpcore/4.4.4/httpcore-4.4.4.jar:/home/user/.m2/repository/commons-codec/commons-codec/1.11/commons-codec-1.11.jar:/home/user/.m2/repository/commons-net/commons-net/3.6/commons-net-3.6.jar:/home/user/.m2/repository/commons-collections/commons-collections/3.2.2/commons-collections-3.2.2.jar:/home/user/.m2/repository/org/eclipse/jetty/jetty-servlet/9.3.25.v20180904/jetty-servlet-9.3.25.v20180904.jar:/home/user/.m2/repository/org/eclipse/jetty/jetty-security/9.3.25.v20180904/jetty-security-9.3.25.v20180904.jar:/home/user/.m2/repository/javax/servlet/jsp/jsp-api/2.1/jsp-api-2.1.jar:/home/user/.m2/repository/com/sun/jersey/jersey-servlet/1.19/jersey-servlet-1.19.jar:/home/user/.m2/repository/com/sun/jersey/jersey-json/1.19/jersey-json-1.19.jar:/home/user/.m2/repository/org/codehaus/jettison/jettison/1.1/jettison-1.1.jar:/home/user/.m2/repository/org/codehaus/jackson/jackson-core-asl/1.9.13/jackson-core-asl-1.9.13.jar:/home/user/.m2/repository/org/codehaus/jackson/jackson-mapper-asl/1.9.13/jackson-mapper-asl-1.9.13.jar:/home/user/.m2/repository/org/codehaus/jackson/jackson-jaxrs/1.9.13/jackson-jaxrs-1.9.13.jar:/home/user/.m2/repository/org/codehaus/jackson/jackson-xc/1.9.13/jackson-xc-1.9.13.jar:/home/user/.m2/repository/commons-logging/commons-logging/1.1.3/commons-logging-1.1.3.jar:/home/user/.m2/repository/commons-beanutils/commons-beanutils/1.9.4/commons-beanutils-1.9.4.jar:/home/user/.m2/repository/org/apache/commons/commons-configuration2/2.1.1/commons-configuration2-2.1.1.jar:/home/user/.m2/repository/org/apache/commons/commons-lang3/3.7/commons-lang3-3.7.jar:/home/user/.m2/repository/org/apache/commons/commons-text/1.4/commons-text-1.4.jar:/home/user/.m2/repository/org/apache/avro/avro/1.7.7/avro-1.7.7.jar:/home/user/.m2/repository/com/thoughtworks/paranamer/paranamer/2.3/paranamer-2.3.jar:/home/user/.m2/repository/org/xerial/snappy/snappy-java/1.0.5/snappy-java-1.0.5.jar:/home/user/.m2/repository/com/google/re2j/re2j/1.1/re2j-1.1.jar:/home/user/.m2/repository/com/google/code/gson/gson/2.2.4/gson-2.2.4.jar:/home/user/.m2/repository/com/jcraft/jsch/0.1.54/jsch-0.1.54.jar:/home/user/.m2/repository/org/apache/curator/curator-client/2.12.0/curator-client-2.12.0.jar:/home/user/.m2/repository/org/apache/curator/curator-recipes/2.12.0/curator-recipes-2.12.0.jar:/home/user/.m2/repository/com/google/code/findbugs/jsr305/3.0.0/jsr305-3.0.0.jar:/home/user/.m2/repository/org/apache/htrace/htrace-core4/4.1.0-incubating/htrace-core4-4.1.0-incubating.jar:/home/user/.m2/repository/org/apache/zookeeper/zookeeper/3.4.13/zookeeper-3.4.13.jar:/home/user/.m2/repository/jline/jline/0.9.94/jline-0.9.94.jar:/home/user/.m2/repository/org/apache/yetus/audience-annotations/0.5.0/audience-annotations-0.5.0.jar:/home/user/.m2/repository/org/codehaus/woodstox/stax2-api/3.1.4/stax2-api-3.1.4.jar:/home/user/.m2/repository/com/fasterxml/woodstox/woodstox-core/5.0.3/woodstox-core-5.0.3.jar:/home/user/.m2/repository/dnsjava/dnsjava/2.1.7/dnsjava-2.1.7.jar:/home/user/.m2/repository/org/apache/hadoop/hadoop-hdfs/3.2.0/hadoop-hdfs-3.2.0-tests.jar:/home/user/.m2/repository/org/eclipse/jetty/jetty-util-ajax/9.3.25.v20180904/jetty-util-ajax-9.3.25.v20180904.jar:/home/user/.m2/repository/commons-daemon/commons-daemon/1.0.13/commons-daemon-1.0.13.jar:/home/user/.m2/repository/io/netty/netty/3.10.5.Final/netty-3.10.5.Final.jar:/home/user/.m2/repository/io/netty/netty-all/4.0.52.Final/netty-all-4.0.52.Final.jar:/home/user/.m2/repository/org/fusesource/leveldbjni/leveldbjni-all/1.8/leveldbjni-all-1.8.jar:"/>
    <property name="java.vm.vendor" value="Oracle Corporation"/>
    <property name="sun.arch.data.model" value="64"/>
    <property name="test.build.dir" value="/workdir/hadoop-ozone/integration-test/target/test-dir"/>
    <property name="test.cache.data" value=""/>
    <property name="java.vendor.url" value="http://java.oracle.com/"/>
    <property name="user.timezone" value=""/>
    <property name="java.vm.specification.version" value="1.8"/>
    <property name="os.name" value="Linux"/>
    <property name="test.build.data" value="/workdir/hadoop-ozone/integration-test/target/test-dir"/>
    <property name="user.country" value="US"/>
    <property name="sun.java.launcher" value="SUN_STANDARD"/>
    <property name="sun.boot.library.path" value="/usr/lib/jvm/java-1.8.0-openjdk-1.8.0.222.b10-1.el7_7.x86_64/jre/lib/amd64"/>
    <property name="sun.java.command" value="/workdir/hadoop-ozone/integration-test/target/surefire/surefirebooter1699988032125286988.jar /workdir/hadoop-ozone/integration-test/target/surefire 2019-10-18T13-36-09_831-jvmRun1 surefire7478072992044594770tmp surefire_485276987478936172222tmp"/>
    <property name="surefire.test.class.path" value="/workdir/hadoop-ozone/integration-test/target/test-classes:/workdir/hadoop-ozone/integration-test/target/classes:/home/user/.m2/repository/org/apache/hadoop/hadoop-ozone-common/0.5.0-SNAPSHOT/hadoop-ozone-common-0.5.0-SNAPSHOT.jar:/home/user/.m2/repository/org/apache/commons/commons-compress/1.4.1/commons-compress-1.4.1.jar:/home/user/.m2/repository/org/tukaani/xz/1.0/xz-1.0.jar:/home/user/.m2/repository/org/apache/hadoop/hadoop-common/3.2.0/hadoop-common-3.2.0.jar:/home/user/.m2/repository/org/apache/hadoop/hadoop-hdfs/3.2.0/hadoop-hdfs-3.2.0.jar:/home/user/.m2/repository/org/apache/hadoop/hadoop-hdfs-client/3.2.0/hadoop-hdfs-client-3.2.0.jar:/home/user/.m2/repository/com/fasterxml/jackson/core/jackson-annotations/2.9.9/jackson-annotations-2.9.9.jar:/home/user/.m2/repository/org/apache/hadoop/hadoop-hdds-common/0.5.0-SNAPSHOT/hadoop-hdds-common-0.5.0-SNAPSHOT.jar:/home/user/.m2/repository/javax/annotation/javax.annotation-api/1.2/javax.annotation-api-1.2.jar:/home/user/.m2/repository/org/apache/ratis/ratis-server/0.5.0-3f446aa-SNAPSHOT/ratis-server-0.5.0-3f446aa-SNAPSHOT.jar:/home/user/.m2/repository/org/apache/ratis/ratis-thirdparty-misc/0.2.0/ratis-thirdparty-misc-0.2.0.jar:/home/user/.m2/repository/org/apache/ratis/ratis-proto/0.5.0-3f446aa-SNAPSHOT/ratis-proto-0.5.0-3f446aa-SNAPSHOT.jar:/home/user/.m2/repository/org/apache/ratis/ratis-common/0.5.0-3f446aa-SNAPSHOT/ratis-common-0.5.0-3f446aa-SNAPSHOT.jar:/home/user/.m2/repository/org/apache/ratis/ratis-client/0.5.0-3f446aa-SNAPSHOT/ratis-client-0.5.0-3f446aa-SNAPSHOT.jar:/home/user/.m2/repository/org/apache/ratis/ratis-metrics/0.5.0-3f446aa-SNAPSHOT/ratis-metrics-0.5.0-3f446aa-SNAPSHOT.jar:/home/user/.m2/repository/com/github/joshelser/dropwizard-metrics-hadoop-metrics2-reporter/0.1.2/dropwizard-metrics-hadoop-metrics2-reporter-0.1.2.jar:/home/user/.m2/repository/io/dropwizard/metrics/metrics-jvm/3.2.5/metrics-jvm-3.2.5.jar:/home/user/.m2/repository/io/dropwizard/metrics/metrics-ganglia/3.2.5/metrics-ganglia-3.2.5.jar:/home/user/.m2/repository/info/ganglia/gmetric4j/gmetric4j/1.0.7/gmetric4j-1.0.7.jar:/home/user/.m2/repository/org/apache/ratis/ratis-netty/0.5.0-3f446aa-SNAPSHOT/ratis-netty-0.5.0-3f446aa-SNAPSHOT.jar:/home/user/.m2/repository/org/apache/ratis/ratis-grpc/0.5.0-3f446aa-SNAPSHOT/ratis-grpc-0.5.0-3f446aa-SNAPSHOT.jar:/home/user/.m2/repository/org/rocksdb/rocksdbjni/6.0.1/rocksdbjni-6.0.1.jar:/home/user/.m2/repository/org/apache/logging/log4j/log4j-api/2.11.0/log4j-api-2.11.0.jar:/home/user/.m2/repository/org/apache/logging/log4j/log4j-core/2.11.0/log4j-core-2.11.0.jar:/home/user/.m2/repository/com/lmax/disruptor/3.4.2/disruptor-3.4.2.jar:/home/user/.m2/repository/org/apache/commons/commons-pool2/2.6.0/commons-pool2-2.6.0.jar:/home/user/.m2/repository/org/bouncycastle/bcpkix-jdk15on/1.60/bcpkix-jdk15on-1.60.jar:/home/user/.m2/repository/commons-validator/commons-validator/1.6/commons-validator-1.6.jar:/home/user/.m2/repository/commons-digester/commons-digester/1.8.1/commons-digester-1.8.1.jar:/home/user/.m2/repository/io/jaegertracing/jaeger-client/0.34.0/jaeger-client-0.34.0.jar:/home/user/.m2/repository/io/jaegertracing/jaeger-thrift/0.34.0/jaeger-thrift-0.34.0.jar:/home/user/.m2/repository/org/apache/thrift/libthrift/0.12.0/libthrift-0.12.0.jar:/home/user/.m2/repository/com/squareup/okhttp3/okhttp/3.9.0/okhttp-3.9.0.jar:/home/user/.m2/repository/com/squareup/okio/okio/1.13.0/okio-1.13.0.jar:/home/user/.m2/repository/io/jaegertracing/jaeger-core/0.34.0/jaeger-core-0.34.0.jar:/home/user/.m2/repository/io/jaegertracing/jaeger-tracerresolver/0.34.0/jaeger-tracerresolver-0.34.0.jar:/home/user/.m2/repository/io/opentracing/contrib/opentracing-tracerresolver/0.1.5/opentracing-tracerresolver-0.1.5.jar:/home/user/.m2/repository/io/opentracing/opentracing-util/0.31.0/opentracing-util-0.31.0.jar:/home/user/.m2/repository/io/opentracing/opentracing-api/0.31.0/opentracing-api-0.31.0.jar:/home/user/.m2/repository/io/opentracing/opentracing-noop/0.31.0/opentracing-noop-0.31.0.jar:/home/user/.m2/repository/org/apache/hadoop/hadoop-hdds-server-framework/0.5.0-SNAPSHOT/hadoop-hdds-server-framework-0.5.0-SNAPSHOT.jar:/home/user/.m2/repository/org/apache/hadoop/hadoop-hdds-container-service/0.5.0-SNAPSHOT/hadoop-hdds-container-service-0.5.0-SNAPSHOT.jar:/home/user/.m2/repository/org/apache/hadoop/hadoop-hdds-client/0.5.0-SNAPSHOT/hadoop-hdds-client-0.5.0-SNAPSHOT.jar:/home/user/.m2/repository/org/apache/hadoop/hadoop-hdds-tools/0.5.0-SNAPSHOT/hadoop-hdds-tools-0.5.0-SNAPSHOT.jar:/home/user/.m2/repository/org/apache/hadoop/hadoop-hdds-server-scm/0.5.0-SNAPSHOT/hadoop-hdds-server-scm-0.5.0-SNAPSHOT.jar:/home/user/.m2/repository/org/apache/hadoop/hadoop-hdds-docs/0.5.0-SNAPSHOT/hadoop-hdds-docs-0.5.0-SNAPSHOT.jar:/home/user/.m2/repository/io/dropwizard/metrics/metrics-core/3.2.4/metrics-core-3.2.4.jar:/home/user/.m2/repository/org/hamcrest/hamcrest-all/1.3/hamcrest-all-1.3.jar:/home/user/.m2/repository/org/bouncycastle/bcprov-jdk15on/1.60/bcprov-jdk15on-1.60.jar:/home/user/.m2/repository/info/picocli/picocli/3.9.6/picocli-3.9.6.jar:/home/user/.m2/repository/com/google/protobuf/protobuf-java/2.5.0/protobuf-java-2.5.0.jar:/home/user/.m2/repository/com/google/guava/guava/11.0.2/guava-11.0.2.jar:/home/user/.m2/repository/org/apache/hadoop/hadoop-ozone-ozone-manager/0.5.0-SNAPSHOT/hadoop-ozone-ozone-manager-0.5.0-SNAPSHOT.jar:/home/user/.m2/repository/org/apache/hadoop/hadoop-minikdc/3.2.0/hadoop-minikdc-3.2.0.jar:/home/user/.m2/repository/commons-io/commons-io/2.5/commons-io-2.5.jar:/home/user/.m2/repository/org/apache/kerby/kerb-simplekdc/1.0.1/kerb-simplekdc-1.0.1.jar:/home/user/.m2/repository/org/apache/kerby/kerb-client/1.0.1/kerb-client-1.0.1.jar:/home/user/.m2/repository/org/apache/kerby/kerby-config/1.0.1/kerby-config-1.0.1.jar:/home/user/.m2/repository/org/apache/kerby/kerb-core/1.0.1/kerb-core-1.0.1.jar:/home/user/.m2/repository/org/apache/kerby/kerby-pkix/1.0.1/kerby-pkix-1.0.1.jar:/home/user/.m2/repository/org/apache/kerby/kerby-asn1/1.0.1/kerby-asn1-1.0.1.jar:/home/user/.m2/repository/org/apache/kerby/kerby-util/1.0.1/kerby-util-1.0.1.jar:/home/user/.m2/repository/org/apache/kerby/kerb-common/1.0.1/kerb-common-1.0.1.jar:/home/user/.m2/repository/org/apache/kerby/kerb-crypto/1.0.1/kerb-crypto-1.0.1.jar:/home/user/.m2/repository/org/apache/kerby/kerb-util/1.0.1/kerb-util-1.0.1.jar:/home/user/.m2/repository/org/apache/kerby/token-provider/1.0.1/token-provider-1.0.1.jar:/home/user/.m2/repository/org/apache/kerby/kerb-admin/1.0.1/kerb-admin-1.0.1.jar:/home/user/.m2/repository/org/apache/kerby/kerb-server/1.0.1/kerb-server-1.0.1.jar:/home/user/.m2/repository/org/apache/kerby/kerb-identity/1.0.1/kerb-identity-1.0.1.jar:/home/user/.m2/repository/org/apache/kerby/kerby-xdr/1.0.1/kerby-xdr-1.0.1.jar:/home/user/.m2/repository/org/slf4j/slf4j-log4j12/1.7.25/slf4j-log4j12-1.7.25.jar:/home/user/.m2/repository/org/apache/hadoop/hadoop-ozone-s3gateway/0.5.0-SNAPSHOT/hadoop-ozone-s3gateway-0.5.0-SNAPSHOT.jar:/home/user/.m2/repository/org/jboss/weld/servlet/weld-servlet/2.4.7.Final/weld-servlet-2.4.7.Final.jar:/home/user/.m2/repository/org/glassfish/jersey/containers/jersey-container-servlet-core/2.27/jersey-container-servlet-core-2.27.jar:/home/user/.m2/repository/org/glassfish/hk2/external/javax.inject/2.5.0-b42/javax.inject-2.5.0-b42.jar:/home/user/.m2/repository/org/glassfish/jersey/core/jersey-common/2.27/jersey-common-2.27.jar:/home/user/.m2/repository/org/glassfish/hk2/osgi-resource-locator/1.0.1/osgi-resource-locator-1.0.1.jar:/home/user/.m2/repository/javax/ws/rs/javax.ws.rs-api/2.1/javax.ws.rs-api-2.1.jar:/home/user/.m2/repository/org/glassfish/jersey/ext/cdi/jersey-cdi1x/2.27/jersey-cdi1x-2.27.jar:/home/user/.m2/repository/org/glassfish/jersey/inject/jersey-hk2/2.27/jersey-hk2-2.27.jar:/home/user/.m2/repository/org/glassfish/hk2/hk2-locator/2.5.0-b42/hk2-locator-2.5.0-b42.jar:/home/user/.m2/repository/org/javassist/javassist/3.22.0-CR2/javassist-3.22.0-CR2.jar:/home/user/.m2/repository/org/glassfish/hk2/hk2-api/2.5.0/hk2-api-2.5.0.jar:/home/user/.m2/repository/org/glassfish/hk2/external/jakarta.inject/2.5.0/jakarta.inject-2.5.0.jar:/home/user/.m2/repository/org/glassfish/hk2/hk2-utils/2.5.0/hk2-utils-2.5.0.jar:/home/user/.m2/repository/jakarta/annotation/jakarta.annotation-api/1.3.4/jakarta.annotation-api-1.3.4.jar:/home/user/.m2/repository/org/glassfish/hk2/external/aopalliance-repackaged/2.5.0/aopalliance-repackaged-2.5.0.jar:/home/user/.m2/repository/com/fasterxml/jackson/dataformat/jackson-dataformat-xml/2.9.0/jackson-dataformat-xml-2.9.0.jar:/home/user/.m2/repository/com/fasterxml/jackson/core/jackson-core/2.9.9/jackson-core-2.9.9.jar:/home/user/.m2/repository/com/fasterxml/jackson/module/jackson-module-jaxb-annotations/2.9.9/jackson-module-jaxb-annotations-2.9.9.jar:/home/user/.m2/repository/javax/enterprise/cdi-api/1.2/cdi-api-1.2.jar:/home/user/.m2/repository/javax/el/javax.el-api/3.0.0/javax.el-api-3.0.0.jar:/home/user/.m2/repository/javax/interceptor/javax.interceptor-api/1.2/javax.interceptor-api-1.2.jar:/home/user/.m2/repository/javax/inject/javax.inject/1/javax.inject-1.jar:/home/user/.m2/repository/com/sun/xml/bind/jaxb-impl/2.3.0.1/jaxb-impl-2.3.0.1.jar:/home/user/.m2/repository/com/sun/xml/bind/jaxb-core/2.3.0.1/jaxb-core-2.3.0.1.jar:/home/user/.m2/repository/javax/xml/bind/jaxb-api/2.3.0/jaxb-api-2.3.0.jar:/home/user/.m2/repository/javax/activation/activation/1.1.1/activation-1.1.1.jar:/home/user/.m2/repository/org/apache/hadoop/hadoop-ozone-csi/0.5.0-SNAPSHOT/hadoop-ozone-csi-0.5.0-SNAPSHOT.jar:/home/user/.m2/repository/com/google/protobuf/protobuf-java-util/3.5.1/protobuf-java-util-3.5.1.jar:/home/user/.m2/repository/org/apache/hadoop/hadoop-hdds-config/0.5.0-SNAPSHOT/hadoop-hdds-config-0.5.0-SNAPSHOT.jar:/home/user/.m2/repository/io/grpc/grpc-netty/1.17.1/grpc-netty-1.17.1.jar:/home/user/.m2/repository/io/grpc/grpc-core/1.17.1/grpc-core-1.17.1.jar:/home/user/.m2/repository/io/grpc/grpc-context/1.17.1/grpc-context-1.17.1.jar:/home/user/.m2/repository/com/google/errorprone/error_prone_annotations/2.2.0/error_prone_annotations-2.2.0.jar:/home/user/.m2/repository/org/codehaus/mojo/animal-sniffer-annotations/1.17/animal-sniffer-annotations-1.17.jar:/home/user/.m2/repository/io/opencensus/opencensus-api/0.17.0/opencensus-api-0.17.0.jar:/home/user/.m2/repository/io/opencensus/opencensus-contrib-grpc-metrics/0.17.0/opencensus-contrib-grpc-metrics-0.17.0.jar:/home/user/.m2/repository/io/netty/netty-codec-http2/4.1.30.Final/netty-codec-http2-4.1.30.Final.jar:/home/user/.m2/repository/io/netty/netty-codec-http/4.1.30.Final/netty-codec-http-4.1.30.Final.jar:/home/user/.m2/repository/io/netty/netty-codec/4.1.30.Final/netty-codec-4.1.30.Final.jar:/home/user/.m2/repository/io/netty/netty-handler/4.1.30.Final/netty-handler-4.1.30.Final.jar:/home/user/.m2/repository/io/netty/netty-handler-proxy/4.1.30.Final/netty-handler-proxy-4.1.30.Final.jar:/home/user/.m2/repository/io/netty/netty-codec-socks/4.1.30.Final/netty-codec-socks-4.1.30.Final.jar:/home/user/.m2/repository/io/netty/netty-transport-native-epoll/4.1.30.Final/netty-transport-native-epoll-4.1.30.Final.jar:/home/user/.m2/repository/io/netty/netty-common/4.1.30.Final/netty-common-4.1.30.Final.jar:/home/user/.m2/repository/io/netty/netty-buffer/4.1.30.Final/netty-buffer-4.1.30.Final.jar:/home/user/.m2/repository/io/netty/netty-transport/4.1.30.Final/netty-transport-4.1.30.Final.jar:/home/user/.m2/repository/io/netty/netty-resolver/4.1.30.Final/netty-resolver-4.1.30.Final.jar:/home/user/.m2/repository/io/netty/netty-transport-native-unix-common/4.1.30.Final/netty-transport-native-unix-common-4.1.30.Final.jar:/home/user/.m2/repository/io/grpc/grpc-protobuf/1.17.1/grpc-protobuf-1.17.1.jar:/home/user/.m2/repository/com/google/api/grpc/proto-google-common-protos/1.0.0/proto-google-common-protos-1.0.0.jar:/home/user/.m2/repository/io/grpc/grpc-protobuf-lite/1.17.1/grpc-protobuf-lite-1.17.1.jar:/home/user/.m2/repository/io/grpc/grpc-stub/1.17.1/grpc-stub-1.17.1.jar:/home/user/.m2/repository/org/apache/hadoop/hadoop-ozone-recon/0.5.0-SNAPSHOT/hadoop-ozone-recon-0.5.0-SNAPSHOT.jar:/home/user/.m2/repository/org/apache/hadoop/hadoop-ozone-reconcodegen/0.5.0-SNAPSHOT/hadoop-ozone-reconcodegen-0.5.0-SNAPSHOT.jar:/home/user/.m2/repository/com/google/inject/extensions/guice-multibindings/4.0/guice-multibindings-4.0.jar:/home/user/.m2/repository/com/google/inject/guice/4.0/guice-4.0.jar:/home/user/.m2/repository/aopalliance/aopalliance/1.0/aopalliance-1.0.jar:/home/user/.m2/repository/com/google/inject/extensions/guice-servlet/4.0/guice-servlet-4.0.jar:/home/user/.m2/repository/org/glassfish/jersey/containers/jersey-container-servlet/2.27/jersey-container-servlet-2.27.jar:/home/user/.m2/repository/org/glassfish/hk2/guice-bridge/2.5.0/guice-bridge-2.5.0.jar:/home/user/.m2/repository/org/glassfish/jersey/core/jersey-server/2.27/jersey-server-2.27.jar:/home/user/.m2/repository/org/glassfish/jersey/core/jersey-client/2.27/jersey-client-2.27.jar:/home/user/.m2/repository/org/glassfish/jersey/media/jersey-media-jaxb/2.27/jersey-media-jaxb-2.27.jar:/home/user/.m2/repository/javax/validation/validation-api/1.1.0.Final/validation-api-1.1.0.Final.jar:/home/user/.m2/repository/org/glassfish/jersey/media/jersey-media-json-jackson/2.27/jersey-media-json-jackson-2.27.jar:/home/user/.m2/repository/org/glassfish/jersey/ext/jersey-entity-filtering/2.27/jersey-entity-filtering-2.27.jar:/home/user/.m2/repository/com/google/inject/extensions/guice-assistedinject/4.0/guice-assistedinject-4.0.jar:/home/user/.m2/repository/org/jooq/jooq/3.11.10/jooq-3.11.10.jar:/home/user/.m2/repository/org/jooq/jooq-meta/3.11.10/jooq-meta-3.11.10.jar:/home/user/.m2/repository/org/jooq/jooq-codegen/3.11.10/jooq-codegen-3.11.10.jar:/home/user/.m2/repository/com/jolbox/bonecp/0.8.0.RELEASE/bonecp-0.8.0.RELEASE.jar:/home/user/.m2/repository/org/xerial/sqlite-jdbc/3.25.2/sqlite-jdbc-3.25.2.jar:/home/user/.m2/repository/org/springframework/spring-jdbc/5.1.3.RELEASE/spring-jdbc-5.1.3.RELEASE.jar:/home/user/.m2/repository/org/springframework/spring-beans/5.1.3.RELEASE/spring-beans-5.1.3.RELEASE.jar:/home/user/.m2/repository/org/springframework/spring-core/5.1.3.RELEASE/spring-core-5.1.3.RELEASE.jar:/home/user/.m2/repository/org/springframework/spring-jcl/5.1.3.RELEASE/spring-jcl-5.1.3.RELEASE.jar:/home/user/.m2/repository/org/springframework/spring-tx/5.1.3.RELEASE/spring-tx-5.1.3.RELEASE.jar:/home/user/.m2/repository/org/apache/hadoop/hadoop-ozone-client/0.5.0-SNAPSHOT/hadoop-ozone-client-0.5.0-SNAPSHOT.jar:/home/user/.m2/repository/commons-lang/commons-lang/2.6/commons-lang-2.6.jar:/home/user/.m2/repository/org/apache/hadoop/hadoop-ozone-ozone-manager/0.5.0-SNAPSHOT/hadoop-ozone-ozone-manager-0.5.0-SNAPSHOT-tests.jar:/home/user/.m2/repository/junit/junit/4.11/junit-4.11.jar:/home/user/.m2/repository/org/hamcrest/hamcrest-core/1.3/hamcrest-core-1.3.jar:/home/user/.m2/repository/org/openjdk/jmh/jmh-core/1.19/jmh-core-1.19.jar:/home/user/.m2/repository/net/sf/jopt-simple/jopt-simple/4.6/jopt-simple-4.6.jar:/home/user/.m2/repository/org/apache/commons/commons-math3/3.1.1/commons-math3-3.1.1.jar:/home/user/.m2/repository/org/openjdk/jmh/jmh-generator-annprocess/1.19/jmh-generator-annprocess-1.19.jar:/home/user/.m2/repository/org/mockito/mockito-all/1.8.5/mockito-all-1.8.5.jar:/home/user/.m2/repository/org/apache/hadoop/hadoop-kms/3.2.0/hadoop-kms-3.2.0.jar:/home/user/.m2/repository/org/apache/hadoop/hadoop-auth/3.2.0/hadoop-auth-3.2.0.jar:/home/user/.m2/repository/com/nimbusds/nimbus-jose-jwt/4.41.1/nimbus-jose-jwt-4.41.1.jar:/home/user/.m2/repository/com/github/stephenc/jcip/jcip-annotations/1.0-1/jcip-annotations-1.0-1.jar:/home/user/.m2/repository/net/minidev/json-smart/2.3/json-smart-2.3.jar:/home/user/.m2/repository/net/minidev/accessors-smart/1.2/accessors-smart-1.2.jar:/home/user/.m2/repository/org/ow2/asm/asm/5.0.4/asm-5.0.4.jar:/home/user/.m2/repository/org/apache/curator/curator-framework/2.12.0/curator-framework-2.12.0.jar:/home/user/.m2/repository/com/sun/jersey/jersey-core/1.19/jersey-core-1.19.jar:/home/user/.m2/repository/javax/ws/rs/jsr311-api/1.1.1/jsr311-api-1.1.1.jar:/home/user/.m2/repository/com/sun/jersey/jersey-server/1.19/jersey-server-1.19.jar:/home/user/.m2/repository/javax/servlet/javax.servlet-api/3.1.0/javax.servlet-api-3.1.0.jar:/home/user/.m2/repository/org/eclipse/jetty/jetty-server/9.3.25.v20180904/jetty-server-9.3.25.v20180904.jar:/home/user/.m2/repository/org/eclipse/jetty/jetty-http/9.3.25.v20180904/jetty-http-9.3.25.v20180904.jar:/home/user/.m2/repository/org/eclipse/jetty/jetty-io/9.3.25.v20180904/jetty-io-9.3.25.v20180904.jar:/home/user/.m2/repository/org/eclipse/jetty/jetty-webapp/9.3.25.v20180904/jetty-webapp-9.3.25.v20180904.jar:/home/user/.m2/repository/org/eclipse/jetty/jetty-xml/9.3.25.v20180904/jetty-xml-9.3.25.v20180904.jar:/home/user/.m2/repository/log4j/log4j/1.2.17/log4j-1.2.17.jar:/home/user/.m2/repository/org/slf4j/slf4j-api/1.7.25/slf4j-api-1.7.25.jar:/home/user/.m2/repository/org/slf4j/jul-to-slf4j/1.7.25/jul-to-slf4j-1.7.25.jar:/home/user/.m2/repository/org/eclipse/jetty/jetty-util/9.3.25.v20180904/jetty-util-9.3.25.v20180904.jar:/home/user/.m2/repository/com/fasterxml/jackson/core/jackson-databind/2.9.9/jackson-databind-2.9.9.jar:/home/user/.m2/repository/org/apache/hadoop/hadoop-kms/3.2.0/hadoop-kms-3.2.0-tests.jar:/home/user/.m2/repository/org/apache/hadoop/hadoop-hdds-server-scm/0.5.0-SNAPSHOT/hadoop-hdds-server-scm-0.5.0-SNAPSHOT-tests.jar:/home/user/.m2/repository/org/apache/hadoop/hadoop-hdds-container-service/0.5.0-SNAPSHOT/hadoop-hdds-container-service-0.5.0-SNAPSHOT-tests.jar:/home/user/.m2/repository/org/yaml/snakeyaml/1.16/snakeyaml-1.16.jar:/home/user/.m2/repository/org/apache/hadoop/hadoop-common/3.2.0/hadoop-common-3.2.0-tests.jar:/home/user/.m2/repository/org/apache/hadoop/hadoop-annotations/3.2.0/hadoop-annotations-3.2.0.jar:/usr/lib/jvm/java-1.8.0-openjdk-1.8.0.222.b10-1.el7_7.x86_64/jre/../lib/tools.jar:/home/user/.m2/repository/commons-cli/commons-cli/1.2/commons-cli-1.2.jar:/home/user/.m2/repository/org/apache/httpcomponents/httpclient/4.5.2/httpclient-4.5.2.jar:/home/user/.m2/repository/org/apache/httpcomponents/httpcore/4.4.4/httpcore-4.4.4.jar:/home/user/.m2/repository/commons-codec/commons-codec/1.11/commons-codec-1.11.jar:/home/user/.m2/repository/commons-net/commons-net/3.6/commons-net-3.6.jar:/home/user/.m2/repository/commons-collections/commons-collections/3.2.2/commons-collections-3.2.2.jar:/home/user/.m2/repository/org/eclipse/jetty/jetty-servlet/9.3.25.v20180904/jetty-servlet-9.3.25.v20180904.jar:/home/user/.m2/repository/org/eclipse/jetty/jetty-security/9.3.25.v20180904/jetty-security-9.3.25.v20180904.jar:/home/user/.m2/repository/javax/servlet/jsp/jsp-api/2.1/jsp-api-2.1.jar:/home/user/.m2/repository/com/sun/jersey/jersey-servlet/1.19/jersey-servlet-1.19.jar:/home/user/.m2/repository/com/sun/jersey/jersey-json/1.19/jersey-json-1.19.jar:/home/user/.m2/repository/org/codehaus/jettison/jettison/1.1/jettison-1.1.jar:/home/user/.m2/repository/org/codehaus/jackson/jackson-core-asl/1.9.13/jackson-core-asl-1.9.13.jar:/home/user/.m2/repository/org/codehaus/jackson/jackson-mapper-asl/1.9.13/jackson-mapper-asl-1.9.13.jar:/home/user/.m2/repository/org/codehaus/jackson/jackson-jaxrs/1.9.13/jackson-jaxrs-1.9.13.jar:/home/user/.m2/repository/org/codehaus/jackson/jackson-xc/1.9.13/jackson-xc-1.9.13.jar:/home/user/.m2/repository/commons-logging/commons-logging/1.1.3/commons-logging-1.1.3.jar:/home/user/.m2/repository/commons-beanutils/commons-beanutils/1.9.4/commons-beanutils-1.9.4.jar:/home/user/.m2/repository/org/apache/commons/commons-configuration2/2.1.1/commons-configuration2-2.1.1.jar:/home/user/.m2/repository/org/apache/commons/commons-lang3/3.7/commons-lang3-3.7.jar:/home/user/.m2/repository/org/apache/commons/commons-text/1.4/commons-text-1.4.jar:/home/user/.m2/repository/org/apache/avro/avro/1.7.7/avro-1.7.7.jar:/home/user/.m2/repository/com/thoughtworks/paranamer/paranamer/2.3/paranamer-2.3.jar:/home/user/.m2/repository/org/xerial/snappy/snappy-java/1.0.5/snappy-java-1.0.5.jar:/home/user/.m2/repository/com/google/re2j/re2j/1.1/re2j-1.1.jar:/home/user/.m2/repository/com/google/code/gson/gson/2.2.4/gson-2.2.4.jar:/home/user/.m2/repository/com/jcraft/jsch/0.1.54/jsch-0.1.54.jar:/home/user/.m2/repository/org/apache/curator/curator-client/2.12.0/curator-client-2.12.0.jar:/home/user/.m2/repository/org/apache/curator/curator-recipes/2.12.0/curator-recipes-2.12.0.jar:/home/user/.m2/repository/com/google/code/findbugs/jsr305/3.0.0/jsr305-3.0.0.jar:/home/user/.m2/repository/org/apache/htrace/htrace-core4/4.1.0-incubating/htrace-core4-4.1.0-incubating.jar:/home/user/.m2/repository/org/apache/zookeeper/zookeeper/3.4.13/zookeeper-3.4.13.jar:/home/user/.m2/repository/jline/jline/0.9.94/jline-0.9.94.jar:/home/user/.m2/repository/org/apache/yetus/audience-annotations/0.5.0/audience-annotations-0.5.0.jar:/home/user/.m2/repository/org/codehaus/woodstox/stax2-api/3.1.4/stax2-api-3.1.4.jar:/home/user/.m2/repository/com/fasterxml/woodstox/woodstox-core/5.0.3/woodstox-core-5.0.3.jar:/home/user/.m2/repository/dnsjava/dnsjava/2.1.7/dnsjava-2.1.7.jar:/home/user/.m2/repository/org/apache/hadoop/hadoop-hdfs/3.2.0/hadoop-hdfs-3.2.0-tests.jar:/home/user/.m2/repository/org/eclipse/jetty/jetty-util-ajax/9.3.25.v20180904/jetty-util-ajax-9.3.25.v20180904.jar:/home/user/.m2/repository/commons-daemon/commons-daemon/1.0.13/commons-daemon-1.0.13.jar:/home/user/.m2/repository/io/netty/netty/3.10.5.Final/netty-3.10.5.Final.jar:/home/user/.m2/repository/io/netty/netty-all/4.0.52.Final/netty-all-4.0.52.Final.jar:/home/user/.m2/repository/org/fusesource/leveldbjni/leveldbjni-all/1.8/leveldbjni-all-1.8.jar:"/>
    <property name="sun.cpu.endian" value="little"/>
    <property name="user.home" value="/home/user"/>
    <property name="user.language" value="en"/>
    <property name="java.specification.vendor" value="Oracle Corporation"/>
    <property name="java.home" value="/usr/lib/jvm/java-1.8.0-openjdk-1.8.0.222.b10-1.el7_7.x86_64/jre"/>
    <property name="surefire.excludesFile" value="/tools/ozone-bad-unit-tests"/>
    <property name="java.security.krb5.conf" value="/workdir/hadoop-ozone/integration-test/target/test-classes/krb5.conf"/>
    <property name="basedir" value="/workdir/hadoop-ozone/integration-test"/>
    <property name="file.separator" value="/"/>
    <property name="line.separator" value="&#10;"/>
    <property name="java.vm.specification.vendor" value="Oracle Corporation"/>
    <property name="java.specification.name" value="Java Platform API Specification"/>
    <property name="java.awt.graphicsenv" value="sun.awt.X11GraphicsEnvironment"/>
    <property name="surefire.real.class.path" value="/workdir/hadoop-ozone/integration-test/target/surefire/surefirebooter1699988032125286988.jar"/>
    <property name="hadoop.log.dir" value="/workdir/hadoop-ozone/integration-test/target/log"/>
    <property name="sun.boot.class.path" value="/usr/lib/jvm/java-1.8.0-openjdk-1.8.0.222.b10-1.el7_7.x86_64/jre/lib/resources.jar:/usr/lib/jvm/java-1.8.0-openjdk-1.8.0.222.b10-1.el7_7.x86_64/jre/lib/rt.jar:/usr/lib/jvm/java-1.8.0-openjdk-1.8.0.222.b10-1.el7_7.x86_64/jre/lib/sunrsasign.jar:/usr/lib/jvm/java-1.8.0-openjdk-1.8.0.222.b10-1.el7_7.x86_64/jre/lib/jsse.jar:/usr/lib/jvm/java-1.8.0-openjdk-1.8.0.222.b10-1.el7_7.x86_64/jre/lib/jce.jar:/usr/lib/jvm/java-1.8.0-openjdk-1.8.0.222.b10-1.el7_7.x86_64/jre/lib/charsets.jar:/usr/lib/jvm/java-1.8.0-openjdk-1.8.0.222.b10-1.el7_7.x86_64/jre/lib/jfr.jar:/usr/lib/jvm/java-1.8.0-openjdk-1.8.0.222.b10-1.el7_7.x86_64/jre/classes"/>
    <property name="sun.management.compiler" value="HotSpot 64-Bit Tiered Compilers"/>
    <property name="java.runtime.version" value="1.8.0_222-b10"/>
    <property name="java.net.preferIPv4Stack" value="true"/>
    <property name="user.name" value="jenkins1000"/>
    <property name="path.separator" value=":"/>
    <property name="java.security.egd" value="file:///dev/urandom"/>
    <property name="os.version" value="3.10.0-957.12.2.el7.x86_64"/>
    <property name="java.endorsed.dirs" value="/usr/lib/jvm/java-1.8.0-openjdk-1.8.0.222.b10-1.el7_7.x86_64/jre/lib/endorsed"/>
    <property name="java.runtime.name" value="OpenJDK Runtime Environment"/>
    <property name="file.encoding" value="ANSI_X3.4-1968"/>
    <property name="java.vm.name" value="OpenJDK 64-Bit Server VM"/>
    <property name="test.build.webapps" value=""/>
    <property name="localRepository" value="/home/user/.m2/repository"/>
    <property name="java.vendor.url.bug" value="http://bugreport.sun.com/bugreport/"/>
    <property name="java.io.tmpdir" value="/tmp"/>
    <property name="require.test.libhadoop" value=""/>
    <property name="java.version" value="1.8.0_222"/>
    <property name="user.dir" value="/workdir/hadoop-ozone/integration-test"/>
    <property name="os.arch" value="amd64"/>
    <property name="java.vm.specification.name" value="Java Virtual Machine Specification"/>
    <property name="test.build.classes" value="/workdir/hadoop-ozone/integration-test/target/test-classes"/>
    <property name="java.awt.printerjob" value="sun.print.PSPrinterJob"/>
    <property name="sun.os.patch.level" value="unknown"/>
    <property name="hadoop.tmp.dir" value="/workdir/hadoop-ozone/integration-test/target/tmp"/>
    <property name="java.library.path" value="/usr/lib:/workdir/hadoop-ozone/integration-test/target/native/target/usr/local/lib:/workdir/hadoop-ozone/integration-test/../../hadoop-common-project/hadoop-common/target/native/target/usr/local/lib:/usr/java/packages/lib/amd64:/usr/lib64:/lib64:/lib:/usr/lib"/>
    <property name="java.vm.info" value="mixed mode"/>
    <property name="java.vendor" value="Oracle Corporation"/>
    <property name="java.vm.version" value="25.222-b10"/>
    <property name="java.ext.dirs" value="/usr/lib/jvm/java-1.8.0-openjdk-1.8.0.222.b10-1.el7_7.x86_64/jre/lib/ext:/usr/java/packages/lib/ext"/>
    <property name="sun.io.unicode.encoding" value="UnicodeLittle"/>
    <property name="java.class.version" value="52.0"/>
  </properties>
  <testcase name="testDeleteKeyWithSlowFollower" classname="org.apache.hadoop.ozone.client.rpc.TestDeleteWithSlowFollower" time="112.018">
    <failure type="java.lang.AssertionError">java.lang.AssertionError
	at org.junit.Assert.fail(Assert.java:86)
	at org.junit.Assert.assertTrue(Assert.java:41)
	at org.junit.Assert.assertTrue(Assert.java:52)
	at org.apache.hadoop.ozone.client.rpc.TestDeleteWithSlowFollower.testDeleteKeyWithSlowFollower(TestDeleteWithSlowFollower.java:265)
	at sun.reflect.NativeMethodAccessorImpl.invoke0(Native Method)
	at sun.reflect.NativeMethodAccessorImpl.invoke(NativeMethodAccessorImpl.java:62)
	at sun.reflect.DelegatingMethodAccessorImpl.invoke(DelegatingMethodAccessorImpl.java:43)
	at java.lang.reflect.Method.invoke(Method.java:498)
	at org.junit.runners.model.FrameworkMethod$1.runReflectiveCall(FrameworkMethod.java:47)
	at org.junit.internal.runners.model.ReflectiveCallable.run(ReflectiveCallable.java:12)
	at org.junit.runners.model.FrameworkMethod.invokeExplosively(FrameworkMethod.java:44)
	at org.junit.internal.runners.statements.InvokeMethod.evaluate(InvokeMethod.java:17)
	at org.junit.runners.ParentRunner.runLeaf(ParentRunner.java:271)
	at org.junit.runners.BlockJUnit4ClassRunner.runChild(BlockJUnit4ClassRunner.java:70)
	at org.junit.runners.BlockJUnit4ClassRunner.runChild(BlockJUnit4ClassRunner.java:50)
	at org.junit.runners.ParentRunner$3.run(ParentRunner.java:238)
	at org.junit.runners.ParentRunner$1.schedule(ParentRunner.java:63)
	at org.junit.runners.ParentRunner.runChildren(ParentRunner.java:236)
	at org.junit.runners.ParentRunner.access$000(ParentRunner.java:53)
	at org.junit.runners.ParentRunner$2.evaluate(ParentRunner.java:229)
	at org.junit.internal.runners.statements.RunBefores.evaluate(RunBefores.java:26)
	at org.junit.internal.runners.statements.RunAfters.evaluate(RunAfters.java:27)
	at org.junit.runners.ParentRunner.run(ParentRunner.java:309)
	at org.apache.maven.surefire.junit4.JUnit4Provider.execute(JUnit4Provider.java:365)
	at org.apache.maven.surefire.junit4.JUnit4Provider.executeWithRerun(JUnit4Provider.java:273)
	at org.apache.maven.surefire.junit4.JUnit4Provider.executeTestSet(JUnit4Provider.java:238)
	at org.apache.maven.surefire.junit4.JUnit4Provider.invoke(JUnit4Provider.java:159)
	at org.apache.maven.surefire.booter.ForkedBooter.invokeProviderInSameClassLoader(ForkedBooter.java:384)
	at org.apache.maven.surefire.booter.ForkedBooter.runSuitesInProcess(ForkedBooter.java:345)
	at org.apache.maven.surefire.booter.ForkedBooter.execute(ForkedBooter.java:126)
	at org.apache.maven.surefire.booter.ForkedBooter.main(ForkedBooter.java:418)
</failure>
    <system-out><![CDATA[2019-10-18 14:32:44,037 [main] WARN  server.ServerUtils (ServerUtils.java:getScmDbDir(145)) - ozone.scm.db.dirs is not configured. We recommend adding this setting. Falling back to ozone.metadata.dirs instead.
2019-10-18 14:32:44,179 [main] WARN  server.ServerUtils (ServerUtils.java:getScmDbDir(145)) - ozone.scm.db.dirs is not configured. We recommend adding this setting. Falling back to ozone.metadata.dirs instead.
2019-10-18 14:32:44,183 [main] WARN  server.ServerUtils (ServerUtils.java:getScmDbDir(145)) - ozone.scm.db.dirs is not configured. We recommend adding this setting. Falling back to ozone.metadata.dirs instead.
2019-10-18 14:32:44,217 [main] INFO  util.log (Log.java:initialized(192)) - Logging initialized @891ms
2019-10-18 14:32:44,315 [main] INFO  db.DBStoreBuilder (DBStoreBuilder.java:addTable(117)) - using custom profile for table: deletedBlocks
2019-10-18 14:32:44,316 [main] INFO  db.DBStoreBuilder (DBStoreBuilder.java:processTables(168)) - Using default column profile:DBProfile.DISK for Table:deletedBlocks
2019-10-18 14:32:44,316 [main] INFO  db.DBStoreBuilder (DBStoreBuilder.java:addTable(117)) - using custom profile for table: validCerts
2019-10-18 14:32:44,316 [main] INFO  db.DBStoreBuilder (DBStoreBuilder.java:processTables(168)) - Using default column profile:DBProfile.DISK for Table:validCerts
2019-10-18 14:32:44,316 [main] INFO  db.DBStoreBuilder (DBStoreBuilder.java:addTable(117)) - using custom profile for table: revokedCerts
2019-10-18 14:32:44,317 [main] INFO  db.DBStoreBuilder (DBStoreBuilder.java:processTables(168)) - Using default column profile:DBProfile.DISK for Table:revokedCerts
2019-10-18 14:32:44,328 [main] INFO  db.DBStoreBuilder (DBStoreBuilder.java:addTable(117)) - using custom profile for table: default
2019-10-18 14:32:44,328 [main] INFO  db.DBStoreBuilder (DBStoreBuilder.java:processTables(174)) - Using default column profile:DBProfile.DISK for Table:default
2019-10-18 14:32:44,329 [main] INFO  db.DBStoreBuilder (DBStoreBuilder.java:getDbProfile(205)) - Using default options. DBProfile.DISK
2019-10-18 14:32:44,587 [main] INFO  net.NodeSchemaLoader (NodeSchemaLoader.java:loadSchemaFromFile(125)) - Loading file from sun.misc.CompoundEnumeration@74235045
2019-10-18 14:32:44,588 [main] INFO  net.NodeSchemaLoader (NodeSchemaLoader.java:loadSchema(171)) - Loading network topology layer schema file
2019-10-18 14:32:44,646 [main] WARN  server.ServerUtils (ServerUtils.java:sanitizeUserArgs(70)) - ozone.scm.stale.node.interval value = 1000000 is larger than max = 100000 based on the key value of ozone.scm.heartbeat.thread.interval, reset to the max value 100000.
2019-10-18 14:32:44,648 [main] WARN  server.ServerUtils (ServerUtils.java:sanitizeUserArgs(70)) - ozone.scm.stale.node.interval value = 1000000 is larger than max = 100000 based on the key value of ozone.scm.heartbeat.thread.interval, reset to the max value 100000.
2019-10-18 14:32:44,650 [main] INFO  node.SCMNodeManager (SCMNodeManager.java:<init>(116)) - Entering startup safe mode.
2019-10-18 14:32:44,712 [main] INFO  algorithms.ContainerPlacementPolicyFactory (ContainerPlacementPolicyFactory.java:getPolicy(57)) - Create container placement policy of type org.apache.hadoop.hdds.scm.container.placement.algorithms.SCMContainerPlacementRandom
2019-10-18 14:32:44,726 [main] WARN  server.ServerUtils (ServerUtils.java:getScmDbDir(145)) - ozone.scm.db.dirs is not configured. We recommend adding this setting. Falling back to ozone.metadata.dirs instead.
2019-10-18 14:32:44,816 [main] INFO  pipeline.SCMPipelineManager (SCMPipelineManager.java:initializePipelineState(132)) - No pipeline exists in current db
2019-10-18 14:32:44,818 [main] WARN  server.ServerUtils (ServerUtils.java:getScmDbDir(145)) - ozone.scm.db.dirs is not configured. We recommend adding this setting. Falling back to ozone.metadata.dirs instead.
2019-10-18 14:32:44,934 [main] WARN  events.EventQueue (EventQueue.java:fireEvent(183)) - No event handler registered for event TypedEvent{payloadType=SafeModeStatus, name='SafeModeStatus'}
2019-10-18 14:32:45,285 [main] INFO  ipc.CallQueueManager (CallQueueManager.java:<init>(84)) - Using callQueue: class java.util.concurrent.LinkedBlockingQueue, queueCapacity: 2000, scheduler: class org.apache.hadoop.ipc.DefaultRpcScheduler, ipcBackoff: false.
2019-10-18 14:32:45,391 [Socket Reader #1 for port 44765] INFO  ipc.Server (Server.java:run(1074)) - Starting Socket Reader #1 for port 44765
2019-10-18 14:32:45,430 [main] INFO  ipc.CallQueueManager (CallQueueManager.java:<init>(84)) - Using callQueue: class java.util.concurrent.LinkedBlockingQueue, queueCapacity: 2000, scheduler: class org.apache.hadoop.ipc.DefaultRpcScheduler, ipcBackoff: false.
2019-10-18 14:32:45,431 [Socket Reader #1 for port 38798] INFO  ipc.Server (Server.java:run(1074)) - Starting Socket Reader #1 for port 38798
2019-10-18 14:32:45,442 [main] INFO  ipc.CallQueueManager (CallQueueManager.java:<init>(84)) - Using callQueue: class java.util.concurrent.LinkedBlockingQueue, queueCapacity: 2000, scheduler: class org.apache.hadoop.ipc.DefaultRpcScheduler, ipcBackoff: false.
2019-10-18 14:32:45,442 [Socket Reader #1 for port 42798] INFO  ipc.Server (Server.java:run(1074)) - Starting Socket Reader #1 for port 42798
2019-10-18 14:32:45,469 [main] INFO  hdfs.DFSUtil (DFSUtil.java:httpServerTemplateForNNAndJN(1641)) - Starting Web-server for scm at: http://0.0.0.0:0
2019-10-18 14:32:45,627 [main] INFO  server.AuthenticationFilter (AuthenticationFilter.java:constructSecretProvider(240)) - Unable to initialize FileSignerSecretProvider, falling back to use random secrets.
2019-10-18 14:32:45,635 [main] WARN  http.HttpRequestLog (HttpRequestLog.java:getRequestLog(97)) - Jetty request log can only be enabled using Log4j
2019-10-18 14:32:45,642 [main] INFO  http.HttpServer2 (HttpServer2.java:addGlobalFilter(975)) - Added global filter 'safety' (class=org.apache.hadoop.http.HttpServer2$QuotingInputFilter)
2019-10-18 14:32:45,644 [main] INFO  http.HttpServer2 (HttpServer2.java:addFilter(948)) - Added filter static_user_filter (class=org.apache.hadoop.http.lib.StaticUserWebFilter$StaticUserFilter) to context scm
2019-10-18 14:32:45,644 [main] INFO  http.HttpServer2 (HttpServer2.java:addFilter(958)) - Added filter static_user_filter (class=org.apache.hadoop.http.lib.StaticUserWebFilter$StaticUserFilter) to context logs
2019-10-18 14:32:45,645 [main] INFO  http.HttpServer2 (HttpServer2.java:addFilter(958)) - Added filter static_user_filter (class=org.apache.hadoop.http.lib.StaticUserWebFilter$StaticUserFilter) to context static
2019-10-18 14:32:45,674 [main] INFO  server.StorageContainerManager (StorageContainerManager.java:start(772)) - StorageContainerLocationProtocol RPC server is listening at /0.0.0.0:42798
2019-10-18 14:32:45,744 [main] WARN  impl.MetricsConfig (MetricsConfig.java:loadFirst(134)) - Cannot locate configuration: tried hadoop-metrics2-storagecontainermanager.properties,hadoop-metrics2.properties
2019-10-18 14:32:45,761 [main] INFO  impl.MetricsSystemImpl (MetricsSystemImpl.java:startTimer(374)) - Scheduled Metric snapshot period at 10 second(s).
2019-10-18 14:32:45,762 [main] INFO  impl.MetricsSystemImpl (MetricsSystemImpl.java:start(191)) - StorageContainerManager metrics system started
2019-10-18 14:32:46,016 [main] INFO  server.SCMClientProtocolServer (SCMClientProtocolServer.java:start(159)) - RPC server for Client  is listening at /0.0.0.0:42798
2019-10-18 14:32:46,017 [IPC Server Responder] INFO  ipc.Server (Server.java:run(1314)) - IPC Server Responder: starting
2019-10-18 14:32:46,017 [IPC Server listener on 42798] INFO  ipc.Server (Server.java:run(1153)) - IPC Server listener on 42798: starting
2019-10-18 14:32:46,019 [main] INFO  server.StorageContainerManager (StorageContainerManager.java:start(782)) - ScmBlockLocationProtocol RPC server is listening at /0.0.0.0:38798
2019-10-18 14:32:46,020 [main] INFO  server.SCMBlockProtocolServer (SCMBlockProtocolServer.java:start(146)) - RPC server for Block Protocol is listening at /0.0.0.0:38798
2019-10-18 14:32:46,020 [IPC Server Responder] INFO  ipc.Server (Server.java:run(1314)) - IPC Server Responder: starting
2019-10-18 14:32:46,020 [IPC Server listener on 38798] INFO  ipc.Server (Server.java:run(1153)) - IPC Server listener on 38798: starting
2019-10-18 14:32:46,022 [main] INFO  server.StorageContainerManager (StorageContainerManager.java:start(786)) - ScmDatanodeProtocl RPC server is listening at /0.0.0.0:44765
2019-10-18 14:32:46,023 [main] INFO  server.SCMDatanodeProtocolServer (SCMDatanodeProtocolServer.java:start(169)) - RPC server for DataNodes is listening at /0.0.0.0:44765
2019-10-18 14:32:46,023 [IPC Server Responder] INFO  ipc.Server (Server.java:run(1314)) - IPC Server Responder: starting
2019-10-18 14:32:46,023 [IPC Server listener on 44765] INFO  ipc.Server (Server.java:run(1153)) - IPC Server listener on 44765: starting
2019-10-18 14:32:46,026 [main] INFO  http.HttpServer2 (HttpServer2.java:bindListener(1191)) - Jetty bound to port 37726
2019-10-18 14:32:46,028 [main] INFO  server.Server (Server.java:doStart(351)) - jetty-9.3.25.v20180904, build timestamp: 2018-09-04T21:11:46Z, git hash: 3ce520221d0240229c862b122d2b06c12a625732
2019-10-18 14:32:46,065 [main] INFO  handler.ContextHandler (ContextHandler.java:doStart(781)) - Started o.e.j.s.ServletContextHandler@42f8285e{/logs,file:///workdir/hadoop-ozone/integration-test/target/log,AVAILABLE}
2019-10-18 14:32:46,066 [main] INFO  handler.ContextHandler (ContextHandler.java:doStart(781)) - Started o.e.j.s.ServletContextHandler@3724af13{/static,file:///workdir/hadoop-ozone/integration-test/target/test-classes/webapps/static,AVAILABLE}
2019-10-18 14:32:46,099 [main] INFO  handler.ContextHandler (ContextHandler.java:doStart(781)) - Started o.e.j.w.WebAppContext@24a1c17f{/,file:///workdir/hadoop-ozone/integration-test/target/test-classes/webapps/scm/,AVAILABLE}{/scm}
2019-10-18 14:32:46,105 [main] INFO  server.AbstractConnector (AbstractConnector.java:doStart(278)) - Started ServerConnector@4d63b624{HTTP/1.1,[http/1.1]}{0.0.0.0:37726}
2019-10-18 14:32:46,105 [main] INFO  server.Server (Server.java:doStart(419)) - Started @2780ms
2019-10-18 14:32:46,108 [main] INFO  impl.MetricsSinkAdapter (MetricsSinkAdapter.java:start(204)) - Sink prometheus started
2019-10-18 14:32:46,108 [main] INFO  impl.MetricsSystemImpl (MetricsSystemImpl.java:registerSink(301)) - Registered sink prometheus
2019-10-18 14:32:46,110 [main] INFO  server.BaseHttpServer (BaseHttpServer.java:updateConnectorAddress(215)) - HTTP server of SCM is listening at http://0.0.0.0:37726
2019-10-18 14:32:46,115 [org.apache.hadoop.util.JvmPauseMonitor$Monitor@4b629f13] INFO  util.JvmPauseMonitor (JvmPauseMonitor.java:run(188)) - Starting JVM pause monitor
2019-10-18 14:32:46,119 [main] WARN  server.ServerUtils (ServerUtils.java:getDBPath(222)) - ozone.om.db.dirs is not configured. We recommend adding this setting. Falling back to ozone.metadata.dirs instead.
2019-10-18 14:32:46,225 [main] INFO  ha.OMHANodeDetails (OMHANodeDetails.java:loadOMHAConfig(190)) - Configuration either no ozone.om.address set. Falling back to the default OM address /127.0.0.1:0
2019-10-18 14:32:46,225 [main] INFO  ha.OMHANodeDetails (OMHANodeDetails.java:getOMNodeDetails(220)) - OM Service ID is not set. Setting it to the default ID: omServiceIdDefault
2019-10-18 14:32:46,227 [main] WARN  server.ServerUtils (ServerUtils.java:getDBPath(222)) - ozone.om.db.dirs is not configured. We recommend adding this setting. Falling back to ozone.metadata.dirs instead.
2019-10-18 14:32:46,227 [main] WARN  server.ServerUtils (ServerUtils.java:getDBPath(222)) - ozone.om.db.dirs is not configured. We recommend adding this setting. Falling back to ozone.metadata.dirs instead.
2019-10-18 14:32:46,787 [main] WARN  server.ServerUtils (ServerUtils.java:getDBPath(222)) - ozone.om.db.dirs is not configured. We recommend adding this setting. Falling back to ozone.metadata.dirs instead.
2019-10-18 14:32:46,794 [main] INFO  db.DBStoreBuilder (DBStoreBuilder.java:addTable(117)) - using custom profile for table: userTable
2019-10-18 14:32:46,794 [main] INFO  db.DBStoreBuilder (DBStoreBuilder.java:processTables(168)) - Using default column profile:DBProfile.DISK for Table:userTable
2019-10-18 14:32:46,794 [main] INFO  db.DBStoreBuilder (DBStoreBuilder.java:addTable(117)) - using custom profile for table: volumeTable
2019-10-18 14:32:46,795 [main] INFO  db.DBStoreBuilder (DBStoreBuilder.java:processTables(168)) - Using default column profile:DBProfile.DISK for Table:volumeTable
2019-10-18 14:32:46,795 [main] INFO  db.DBStoreBuilder (DBStoreBuilder.java:addTable(117)) - using custom profile for table: bucketTable
2019-10-18 14:32:46,795 [main] INFO  db.DBStoreBuilder (DBStoreBuilder.java:processTables(168)) - Using default column profile:DBProfile.DISK for Table:bucketTable
2019-10-18 14:32:46,795 [main] INFO  db.DBStoreBuilder (DBStoreBuilder.java:addTable(117)) - using custom profile for table: keyTable
2019-10-18 14:32:46,795 [main] INFO  db.DBStoreBuilder (DBStoreBuilder.java:processTables(168)) - Using default column profile:DBProfile.DISK for Table:keyTable
2019-10-18 14:32:46,796 [main] INFO  db.DBStoreBuilder (DBStoreBuilder.java:addTable(117)) - using custom profile for table: deletedTable
2019-10-18 14:32:46,796 [main] INFO  db.DBStoreBuilder (DBStoreBuilder.java:processTables(168)) - Using default column profile:DBProfile.DISK for Table:deletedTable
2019-10-18 14:32:46,796 [main] INFO  db.DBStoreBuilder (DBStoreBuilder.java:addTable(117)) - using custom profile for table: openKeyTable
2019-10-18 14:32:46,796 [main] INFO  db.DBStoreBuilder (DBStoreBuilder.java:processTables(168)) - Using default column profile:DBProfile.DISK for Table:openKeyTable
2019-10-18 14:32:46,797 [main] INFO  db.DBStoreBuilder (DBStoreBuilder.java:addTable(117)) - using custom profile for table: s3Table
2019-10-18 14:32:46,797 [main] INFO  db.DBStoreBuilder (DBStoreBuilder.java:processTables(168)) - Using default column profile:DBProfile.DISK for Table:s3Table
2019-10-18 14:32:46,797 [main] INFO  db.DBStoreBuilder (DBStoreBuilder.java:addTable(117)) - using custom profile for table: multipartInfoTable
2019-10-18 14:32:46,797 [main] INFO  db.DBStoreBuilder (DBStoreBuilder.java:processTables(168)) - Using default column profile:DBProfile.DISK for Table:multipartInfoTable
2019-10-18 14:32:46,798 [main] INFO  db.DBStoreBuilder (DBStoreBuilder.java:addTable(117)) - using custom profile for table: dTokenTable
2019-10-18 14:32:46,798 [main] INFO  db.DBStoreBuilder (DBStoreBuilder.java:processTables(168)) - Using default column profile:DBProfile.DISK for Table:dTokenTable
2019-10-18 14:32:46,798 [main] INFO  db.DBStoreBuilder (DBStoreBuilder.java:addTable(117)) - using custom profile for table: s3SecretTable
2019-10-18 14:32:46,798 [main] INFO  db.DBStoreBuilder (DBStoreBuilder.java:processTables(168)) - Using default column profile:DBProfile.DISK for Table:s3SecretTable
2019-10-18 14:32:46,798 [main] INFO  db.DBStoreBuilder (DBStoreBuilder.java:addTable(117)) - using custom profile for table: prefixTable
2019-10-18 14:32:46,799 [main] INFO  db.DBStoreBuilder (DBStoreBuilder.java:processTables(168)) - Using default column profile:DBProfile.DISK for Table:prefixTable
2019-10-18 14:32:46,799 [main] INFO  db.DBStoreBuilder (DBStoreBuilder.java:addTable(117)) - using custom profile for table: default
2019-10-18 14:32:46,799 [main] INFO  db.DBStoreBuilder (DBStoreBuilder.java:processTables(174)) - Using default column profile:DBProfile.DISK for Table:default
2019-10-18 14:32:46,799 [main] INFO  db.DBStoreBuilder (DBStoreBuilder.java:getDbProfile(205)) - Using default options. DBProfile.DISK
2019-10-18 14:32:47,202 [main] INFO  ipc.CallQueueManager (CallQueueManager.java:<init>(84)) - Using callQueue: class java.util.concurrent.LinkedBlockingQueue, queueCapacity: 2000, scheduler: class org.apache.hadoop.ipc.DefaultRpcScheduler, ipcBackoff: false.
2019-10-18 14:32:47,203 [Socket Reader #1 for port 45793] INFO  ipc.Server (Server.java:run(1074)) - Starting Socket Reader #1 for port 45793
2019-10-18 14:32:47,228 [main] INFO  om.OzoneManager (OzoneManager.java:start(1074)) - OzoneManager RPC server is listening at localhost/127.0.0.1:45793
2019-10-18 14:32:47,228 [main] INFO  impl.MetricsSystemImpl (MetricsSystemImpl.java:init(158)) - OzoneManager metrics system started (again)
2019-10-18 14:32:47,237 [IPC Server Responder] INFO  ipc.Server (Server.java:run(1314)) - IPC Server Responder: starting
2019-10-18 14:32:47,237 [IPC Server listener on 45793] INFO  ipc.Server (Server.java:run(1153)) - IPC Server listener on 45793: starting
2019-10-18 14:32:47,250 [main] INFO  hdfs.DFSUtil (DFSUtil.java:httpServerTemplateForNNAndJN(1641)) - Starting Web-server for ozoneManager at: http://0.0.0.0:0
2019-10-18 14:32:47,251 [main] INFO  server.AuthenticationFilter (AuthenticationFilter.java:constructSecretProvider(240)) - Unable to initialize FileSignerSecretProvider, falling back to use random secrets.
2019-10-18 14:32:47,252 [main] WARN  http.HttpRequestLog (HttpRequestLog.java:getRequestLog(97)) - Jetty request log can only be enabled using Log4j
2019-10-18 14:32:47,254 [main] INFO  http.HttpServer2 (HttpServer2.java:addGlobalFilter(975)) - Added global filter 'safety' (class=org.apache.hadoop.http.HttpServer2$QuotingInputFilter)
2019-10-18 14:32:47,255 [main] INFO  http.HttpServer2 (HttpServer2.java:addFilter(948)) - Added filter static_user_filter (class=org.apache.hadoop.http.lib.StaticUserWebFilter$StaticUserFilter) to context ozoneManager
2019-10-18 14:32:47,255 [main] INFO  http.HttpServer2 (HttpServer2.java:addFilter(958)) - Added filter static_user_filter (class=org.apache.hadoop.http.lib.StaticUserWebFilter$StaticUserFilter) to context static
2019-10-18 14:32:47,255 [main] INFO  http.HttpServer2 (HttpServer2.java:addFilter(958)) - Added filter static_user_filter (class=org.apache.hadoop.http.lib.StaticUserWebFilter$StaticUserFilter) to context logs
2019-10-18 14:32:47,257 [main] INFO  http.HttpServer2 (HttpServer2.java:bindListener(1191)) - Jetty bound to port 33454
2019-10-18 14:32:47,258 [main] INFO  server.Server (Server.java:doStart(351)) - jetty-9.3.25.v20180904, build timestamp: 2018-09-04T21:11:46Z, git hash: 3ce520221d0240229c862b122d2b06c12a625732
2019-10-18 14:32:47,259 [main] INFO  handler.ContextHandler (ContextHandler.java:doStart(781)) - Started o.e.j.s.ServletContextHandler@aa10649{/logs,file:///workdir/hadoop-ozone/integration-test/target/log,AVAILABLE}
2019-10-18 14:32:47,260 [main] INFO  handler.ContextHandler (ContextHandler.java:doStart(781)) - Started o.e.j.s.ServletContextHandler@37095ded{/static,file:///workdir/hadoop-ozone/integration-test/target/test-classes/webapps/static,AVAILABLE}
2019-10-18 14:32:47,265 [main] INFO  handler.ContextHandler (ContextHandler.java:doStart(781)) - Started o.e.j.w.WebAppContext@75b3673{/,file:///workdir/hadoop-ozone/integration-test/target/test-classes/webapps/ozoneManager/,AVAILABLE}{/ozoneManager}
2019-10-18 14:32:47,266 [main] INFO  server.AbstractConnector (AbstractConnector.java:doStart(278)) - Started ServerConnector@1bcb79c2{HTTP/1.1,[http/1.1]}{0.0.0.0:33454}
2019-10-18 14:32:47,266 [main] INFO  server.Server (Server.java:doStart(419)) - Started @3941ms
2019-10-18 14:32:47,266 [main] WARN  impl.MetricsSystemImpl (MetricsSystemImpl.java:register(276)) - Sink prometheus already exists!
2019-10-18 14:32:47,267 [main] INFO  server.BaseHttpServer (BaseHttpServer.java:updateConnectorAddress(215)) - HTTP server of OZONEMANAGER is listening at http://0.0.0.0:33454
2019-10-18 14:32:47,518 [main] INFO  impl.MetricsSystemImpl (MetricsSystemImpl.java:init(158)) - HddsDatanode metrics system started (again)
2019-10-18 14:32:47,559 [main] INFO  ozone.HddsDatanodeService (HddsDatanodeService.java:start(184)) - HddsDatanodeService host:pr-hdds-2327-vtdmt-1103746116 ip:192.168.164.233
2019-10-18 14:32:47,586 [main] INFO  volume.HddsVolume (HddsVolume.java:<init>(176)) - Creating Volume: /workdir/hadoop-ozone/integration-test/target/test-dir/MiniOzoneClusterImpl-f465728d-d17c-4acf-bac7-b15b0ed995a5/datanode-0/data/containers/hdds of  storage type : DISK and capacity : 1482555576320
2019-10-18 14:32:47,588 [main] INFO  volume.VolumeSet (VolumeSet.java:initializeVolumeSet(170)) - Added Volume : /workdir/hadoop-ozone/integration-test/target/test-dir/MiniOzoneClusterImpl-f465728d-d17c-4acf-bac7-b15b0ed995a5/datanode-0/data/containers/hdds to VolumeSet
2019-10-18 14:32:47,591 [main] INFO  volume.ThrottledAsyncChecker (ThrottledAsyncChecker.java:schedule(141)) - Scheduling a check for /workdir/hadoop-ozone/integration-test/target/test-dir/MiniOzoneClusterImpl-f465728d-d17c-4acf-bac7-b15b0ed995a5/datanode-0/data/containers/hdds
2019-10-18 14:32:47,607 [main] INFO  volume.HddsVolumeChecker (HddsVolumeChecker.java:checkAllVolumes(204)) - Scheduled health check for volume /workdir/hadoop-ozone/integration-test/target/test-dir/MiniOzoneClusterImpl-f465728d-d17c-4acf-bac7-b15b0ed995a5/datanode-0/data/containers/hdds
2019-10-18 14:32:47,741 [main] INFO  impl.RaftServerProxy (ConfUtils.java:logGet(43)) - raft.rpc.type = GRPC (default)
2019-10-18 14:32:47,809 [main] INFO  grpc.GrpcFactory (GrpcFactory.java:checkPooledByteBufAllocatorUseCacheForAllThreads(45)) - PERFORMANCE WARNING: useCacheForAllThreads is true that may cause Netty to create a lot garbage objects and, as a result, trigger GC.
	It is recommended to disable useCacheForAllThreads by setting -Dorg.apache.ratis.thirdparty.io.netty.allocator.useCacheForAllThreads=false in command line.
2019-10-18 14:32:47,815 [main] INFO  grpc.GrpcConfigKeys$Server (ConfUtils.java:logGet(43)) - raft.grpc.server.port = 0 (default)
2019-10-18 14:32:47,816 [main] INFO  server.GrpcService (ConfUtils.java:logGet(43)) - raft.grpc.message.size.max = 33570816 (custom)
2019-10-18 14:32:47,818 [main] INFO  server.RaftServerConfigKeys (ConfUtils.java:logGet(43)) - raft.server.log.appender.buffer.byte-limit = 33554432 (custom)
2019-10-18 14:32:47,819 [main] INFO  server.GrpcService (ConfUtils.java:logGet(43)) - raft.grpc.flow.control.window = 1MB (=1048576) (default)
2019-10-18 14:32:47,820 [main] INFO  server.RaftServerConfigKeys (ConfUtils.java:logGet(43)) - raft.server.rpc.request.timeout = 3000ms (default)
2019-10-18 14:32:47,976 [main] INFO  server.RaftServerConfigKeys (ConfUtils.java:logGet(43)) - raft.server.storage.dir = [/workdir/hadoop-ozone/integration-test/target/test-dir/MiniOzoneClusterImpl-f465728d-d17c-4acf-bac7-b15b0ed995a5/datanode-0/data/ratis] (custom)
2019-10-18 14:32:48,024 [main] INFO  hdfs.DFSUtil (DFSUtil.java:httpServerTemplateForNNAndJN(1641)) - Starting Web-server for hddsDatanode at: http://0.0.0.0:0
2019-10-18 14:32:48,026 [main] INFO  server.AuthenticationFilter (AuthenticationFilter.java:constructSecretProvider(240)) - Unable to initialize FileSignerSecretProvider, falling back to use random secrets.
2019-10-18 14:32:48,027 [main] WARN  http.HttpRequestLog (HttpRequestLog.java:getRequestLog(97)) - Jetty request log can only be enabled using Log4j
2019-10-18 14:32:48,030 [main] INFO  http.HttpServer2 (HttpServer2.java:addGlobalFilter(975)) - Added global filter 'safety' (class=org.apache.hadoop.http.HttpServer2$QuotingInputFilter)
2019-10-18 14:32:48,031 [main] INFO  http.HttpServer2 (HttpServer2.java:addFilter(948)) - Added filter static_user_filter (class=org.apache.hadoop.http.lib.StaticUserWebFilter$StaticUserFilter) to context hddsDatanode
2019-10-18 14:32:48,031 [main] INFO  http.HttpServer2 (HttpServer2.java:addFilter(958)) - Added filter static_user_filter (class=org.apache.hadoop.http.lib.StaticUserWebFilter$StaticUserFilter) to context logs
2019-10-18 14:32:48,031 [main] INFO  http.HttpServer2 (HttpServer2.java:addFilter(958)) - Added filter static_user_filter (class=org.apache.hadoop.http.lib.StaticUserWebFilter$StaticUserFilter) to context static
2019-10-18 14:32:48,032 [main] INFO  http.HttpServer2 (HttpServer2.java:bindListener(1191)) - Jetty bound to port 46067
2019-10-18 14:32:48,033 [main] INFO  server.Server (Server.java:doStart(351)) - jetty-9.3.25.v20180904, build timestamp: 2018-09-04T21:11:46Z, git hash: 3ce520221d0240229c862b122d2b06c12a625732
2019-10-18 14:32:48,036 [main] INFO  handler.ContextHandler (ContextHandler.java:doStart(781)) - Started o.e.j.s.ServletContextHandler@60cf62ad{/logs,file:///workdir/hadoop-ozone/integration-test/target/log,AVAILABLE}
2019-10-18 14:32:48,036 [main] INFO  handler.ContextHandler (ContextHandler.java:doStart(781)) - Started o.e.j.s.ServletContextHandler@1ac4ccad{/static,jar:file:/home/user/.m2/repository/org/apache/hadoop/hadoop-hdds-container-service/0.5.0-SNAPSHOT/hadoop-hdds-container-service-0.5.0-SNAPSHOT.jar!/webapps/static,AVAILABLE}
2019-10-18 14:32:48,068 [main] INFO  handler.ContextHandler (ContextHandler.java:doStart(781)) - Started o.e.j.w.WebAppContext@de8039f{/,file:///tmp/jetty-0.0.0.0-46067-hddsDatanode-_-any-2162191104944688406.dir/webapp/,AVAILABLE}{/hddsDatanode}
2019-10-18 14:32:48,069 [main] INFO  server.AbstractConnector (AbstractConnector.java:doStart(278)) - Started ServerConnector@1deceb67{HTTP/1.1,[http/1.1]}{0.0.0.0:46067}
2019-10-18 14:32:48,070 [main] INFO  server.Server (Server.java:doStart(419)) - Started @4744ms
2019-10-18 14:32:48,070 [main] WARN  impl.MetricsSystemImpl (MetricsSystemImpl.java:register(276)) - Sink prometheus already exists!
2019-10-18 14:32:48,071 [main] INFO  server.BaseHttpServer (BaseHttpServer.java:updateConnectorAddress(215)) - HTTP server of HDDSDATANODE is listening at http://0.0.0.0:46067
2019-10-18 14:32:48,072 [main] INFO  impl.MetricsSystemImpl (MetricsSystemImpl.java:init(158)) - HddsDatanode metrics system started (again)
2019-10-18 14:32:48,074 [main] INFO  ozone.HddsDatanodeService (HddsDatanodeService.java:start(184)) - HddsDatanodeService host:pr-hdds-2327-vtdmt-1103746116 ip:192.168.164.233
2019-10-18 14:32:48,076 [org.apache.hadoop.util.JvmPauseMonitor$Monitor@33a3cc97] INFO  util.JvmPauseMonitor (JvmPauseMonitor.java:run(188)) - Starting JVM pause monitor
2019-10-18 14:32:48,082 [main] INFO  volume.HddsVolume (HddsVolume.java:<init>(176)) - Creating Volume: /workdir/hadoop-ozone/integration-test/target/test-dir/MiniOzoneClusterImpl-f465728d-d17c-4acf-bac7-b15b0ed995a5/datanode-1/data/containers/hdds of  storage type : DISK and capacity : 1482555576320
2019-10-18 14:32:48,082 [main] INFO  volume.VolumeSet (VolumeSet.java:initializeVolumeSet(170)) - Added Volume : /workdir/hadoop-ozone/integration-test/target/test-dir/MiniOzoneClusterImpl-f465728d-d17c-4acf-bac7-b15b0ed995a5/datanode-1/data/containers/hdds to VolumeSet
2019-10-18 14:32:48,082 [main] INFO  volume.ThrottledAsyncChecker (ThrottledAsyncChecker.java:schedule(141)) - Scheduling a check for /workdir/hadoop-ozone/integration-test/target/test-dir/MiniOzoneClusterImpl-f465728d-d17c-4acf-bac7-b15b0ed995a5/datanode-1/data/containers/hdds
2019-10-18 14:32:48,083 [main] INFO  volume.HddsVolumeChecker (HddsVolumeChecker.java:checkAllVolumes(204)) - Scheduled health check for volume /workdir/hadoop-ozone/integration-test/target/test-dir/MiniOzoneClusterImpl-f465728d-d17c-4acf-bac7-b15b0ed995a5/datanode-1/data/containers/hdds
2019-10-18 14:32:48,096 [main] INFO  impl.RaftServerProxy (ConfUtils.java:logGet(43)) - raft.rpc.type = GRPC (default)
2019-10-18 14:32:48,096 [main] INFO  grpc.GrpcFactory (GrpcFactory.java:checkPooledByteBufAllocatorUseCacheForAllThreads(45)) - PERFORMANCE WARNING: useCacheForAllThreads is true that may cause Netty to create a lot garbage objects and, as a result, trigger GC.
	It is recommended to disable useCacheForAllThreads by setting -Dorg.apache.ratis.thirdparty.io.netty.allocator.useCacheForAllThreads=false in command line.
2019-10-18 14:32:48,097 [main] INFO  grpc.GrpcConfigKeys$Server (ConfUtils.java:logGet(43)) - raft.grpc.server.port = 0 (default)
2019-10-18 14:32:48,097 [main] INFO  server.GrpcService (ConfUtils.java:logGet(43)) - raft.grpc.message.size.max = 33570816 (custom)
2019-10-18 14:32:48,097 [main] INFO  server.RaftServerConfigKeys (ConfUtils.java:logGet(43)) - raft.server.log.appender.buffer.byte-limit = 33554432 (custom)
2019-10-18 14:32:48,097 [main] INFO  server.GrpcService (ConfUtils.java:logGet(43)) - raft.grpc.flow.control.window = 1MB (=1048576) (default)
2019-10-18 14:32:48,097 [main] INFO  server.RaftServerConfigKeys (ConfUtils.java:logGet(43)) - raft.server.rpc.request.timeout = 3000ms (default)
2019-10-18 14:32:48,098 [main] INFO  server.RaftServerConfigKeys (ConfUtils.java:logGet(43)) - raft.server.storage.dir = [/workdir/hadoop-ozone/integration-test/target/test-dir/MiniOzoneClusterImpl-f465728d-d17c-4acf-bac7-b15b0ed995a5/datanode-1/data/ratis] (custom)
2019-10-18 14:32:48,100 [main] INFO  hdfs.DFSUtil (DFSUtil.java:httpServerTemplateForNNAndJN(1641)) - Starting Web-server for hddsDatanode at: http://0.0.0.0:0
2019-10-18 14:32:48,103 [main] INFO  server.AuthenticationFilter (AuthenticationFilter.java:constructSecretProvider(240)) - Unable to initialize FileSignerSecretProvider, falling back to use random secrets.
2019-10-18 14:32:48,103 [main] WARN  http.HttpRequestLog (HttpRequestLog.java:getRequestLog(97)) - Jetty request log can only be enabled using Log4j
2019-10-18 14:32:48,106 [main] INFO  http.HttpServer2 (HttpServer2.java:addGlobalFilter(975)) - Added global filter 'safety' (class=org.apache.hadoop.http.HttpServer2$QuotingInputFilter)
2019-10-18 14:32:48,107 [main] INFO  http.HttpServer2 (HttpServer2.java:addFilter(948)) - Added filter static_user_filter (class=org.apache.hadoop.http.lib.StaticUserWebFilter$StaticUserFilter) to context hddsDatanode
2019-10-18 14:32:48,107 [main] INFO  http.HttpServer2 (HttpServer2.java:addFilter(958)) - Added filter static_user_filter (class=org.apache.hadoop.http.lib.StaticUserWebFilter$StaticUserFilter) to context logs
2019-10-18 14:32:48,108 [main] INFO  http.HttpServer2 (HttpServer2.java:addFilter(958)) - Added filter static_user_filter (class=org.apache.hadoop.http.lib.StaticUserWebFilter$StaticUserFilter) to context static
2019-10-18 14:32:48,109 [main] INFO  http.HttpServer2 (HttpServer2.java:bindListener(1191)) - Jetty bound to port 46763
2019-10-18 14:32:48,109 [main] INFO  server.Server (Server.java:doStart(351)) - jetty-9.3.25.v20180904, build timestamp: 2018-09-04T21:11:46Z, git hash: 3ce520221d0240229c862b122d2b06c12a625732
2019-10-18 14:32:48,112 [main] INFO  handler.ContextHandler (ContextHandler.java:doStart(781)) - Started o.e.j.s.ServletContextHandler@5e65afb6{/logs,file:///workdir/hadoop-ozone/integration-test/target/log,AVAILABLE}
2019-10-18 14:32:48,112 [main] INFO  handler.ContextHandler (ContextHandler.java:doStart(781)) - Started o.e.j.s.ServletContextHandler@8851ce1{/static,jar:file:/home/user/.m2/repository/org/apache/hadoop/hadoop-hdds-container-service/0.5.0-SNAPSHOT/hadoop-hdds-container-service-0.5.0-SNAPSHOT.jar!/webapps/static,AVAILABLE}
2019-10-18 14:32:48,154 [main] INFO  handler.ContextHandler (ContextHandler.java:doStart(781)) - Started o.e.j.w.WebAppContext@7a0ef219{/,file:///tmp/jetty-0.0.0.0-46763-hddsDatanode-_-any-3631140087786041032.dir/webapp/,AVAILABLE}{/hddsDatanode}
2019-10-18 14:32:48,155 [main] INFO  server.AbstractConnector (AbstractConnector.java:doStart(278)) - Started ServerConnector@1b1f5012{HTTP/1.1,[http/1.1]}{0.0.0.0:46763}
2019-10-18 14:32:48,156 [main] INFO  server.Server (Server.java:doStart(419)) - Started @4830ms
2019-10-18 14:32:48,157 [main] WARN  impl.MetricsSystemImpl (MetricsSystemImpl.java:register(276)) - Sink prometheus already exists!
2019-10-18 14:32:48,159 [main] INFO  server.BaseHttpServer (BaseHttpServer.java:updateConnectorAddress(215)) - HTTP server of HDDSDATANODE is listening at http://0.0.0.0:46763
2019-10-18 14:32:48,159 [main] INFO  impl.MetricsSystemImpl (MetricsSystemImpl.java:init(158)) - HddsDatanode metrics system started (again)
2019-10-18 14:32:48,162 [main] INFO  ozone.HddsDatanodeService (HddsDatanodeService.java:start(184)) - HddsDatanodeService host:pr-hdds-2327-vtdmt-1103746116 ip:192.168.164.233
2019-10-18 14:32:48,164 [org.apache.hadoop.util.JvmPauseMonitor$Monitor@1da057b9] INFO  util.JvmPauseMonitor (JvmPauseMonitor.java:run(188)) - Starting JVM pause monitor
2019-10-18 14:32:48,174 [main] INFO  volume.HddsVolume (HddsVolume.java:<init>(176)) - Creating Volume: /workdir/hadoop-ozone/integration-test/target/test-dir/MiniOzoneClusterImpl-f465728d-d17c-4acf-bac7-b15b0ed995a5/datanode-2/data/containers/hdds of  storage type : DISK and capacity : 1482555576320
2019-10-18 14:32:48,175 [main] INFO  volume.VolumeSet (VolumeSet.java:initializeVolumeSet(170)) - Added Volume : /workdir/hadoop-ozone/integration-test/target/test-dir/MiniOzoneClusterImpl-f465728d-d17c-4acf-bac7-b15b0ed995a5/datanode-2/data/containers/hdds to VolumeSet
2019-10-18 14:32:48,175 [main] INFO  volume.ThrottledAsyncChecker (ThrottledAsyncChecker.java:schedule(141)) - Scheduling a check for /workdir/hadoop-ozone/integration-test/target/test-dir/MiniOzoneClusterImpl-f465728d-d17c-4acf-bac7-b15b0ed995a5/datanode-2/data/containers/hdds
2019-10-18 14:32:48,178 [main] INFO  volume.HddsVolumeChecker (HddsVolumeChecker.java:checkAllVolumes(204)) - Scheduled health check for volume /workdir/hadoop-ozone/integration-test/target/test-dir/MiniOzoneClusterImpl-f465728d-d17c-4acf-bac7-b15b0ed995a5/datanode-2/data/containers/hdds
2019-10-18 14:32:48,191 [Datanode State Machine Thread - 0] INFO  datanode.InitDatanodeState (InitDatanodeState.java:persistContainerDatanodeDetails(140)) - DatanodeDetails is persisted to /workdir/hadoop-ozone/integration-test/target/test-dir/MiniOzoneClusterImpl-f465728d-d17c-4acf-bac7-b15b0ed995a5/datanode-0/meta/datanode.id
2019-10-18 14:32:48,195 [Datanode State Machine Thread - 0] INFO  datanode.InitDatanodeState (InitDatanodeState.java:persistContainerDatanodeDetails(140)) - DatanodeDetails is persisted to /workdir/hadoop-ozone/integration-test/target/test-dir/MiniOzoneClusterImpl-f465728d-d17c-4acf-bac7-b15b0ed995a5/datanode-1/meta/datanode.id
2019-10-18 14:32:48,199 [main] INFO  impl.RaftServerProxy (ConfUtils.java:logGet(43)) - raft.rpc.type = GRPC (default)
2019-10-18 14:32:48,199 [main] INFO  grpc.GrpcFactory (GrpcFactory.java:checkPooledByteBufAllocatorUseCacheForAllThreads(45)) - PERFORMANCE WARNING: useCacheForAllThreads is true that may cause Netty to create a lot garbage objects and, as a result, trigger GC.
	It is recommended to disable useCacheForAllThreads by setting -Dorg.apache.ratis.thirdparty.io.netty.allocator.useCacheForAllThreads=false in command line.
2019-10-18 14:32:48,199 [main] INFO  grpc.GrpcConfigKeys$Server (ConfUtils.java:logGet(43)) - raft.grpc.server.port = 0 (default)
2019-10-18 14:32:48,200 [main] INFO  server.GrpcService (ConfUtils.java:logGet(43)) - raft.grpc.message.size.max = 33570816 (custom)
2019-10-18 14:32:48,200 [main] INFO  server.RaftServerConfigKeys (ConfUtils.java:logGet(43)) - raft.server.log.appender.buffer.byte-limit = 33554432 (custom)
2019-10-18 14:32:48,200 [main] INFO  server.GrpcService (ConfUtils.java:logGet(43)) - raft.grpc.flow.control.window = 1MB (=1048576) (default)
2019-10-18 14:32:48,201 [main] INFO  server.RaftServerConfigKeys (ConfUtils.java:logGet(43)) - raft.server.rpc.request.timeout = 3000ms (default)
2019-10-18 14:32:48,201 [main] INFO  server.RaftServerConfigKeys (ConfUtils.java:logGet(43)) - raft.server.storage.dir = [/workdir/hadoop-ozone/integration-test/target/test-dir/MiniOzoneClusterImpl-f465728d-d17c-4acf-bac7-b15b0ed995a5/datanode-2/data/ratis] (custom)
2019-10-18 14:32:48,204 [main] INFO  hdfs.DFSUtil (DFSUtil.java:httpServerTemplateForNNAndJN(1641)) - Starting Web-server for hddsDatanode at: http://0.0.0.0:0
2019-10-18 14:32:48,206 [main] INFO  server.AuthenticationFilter (AuthenticationFilter.java:constructSecretProvider(240)) - Unable to initialize FileSignerSecretProvider, falling back to use random secrets.
2019-10-18 14:32:48,207 [main] WARN  http.HttpRequestLog (HttpRequestLog.java:getRequestLog(97)) - Jetty request log can only be enabled using Log4j
2019-10-18 14:32:48,210 [main] INFO  http.HttpServer2 (HttpServer2.java:addGlobalFilter(975)) - Added global filter 'safety' (class=org.apache.hadoop.http.HttpServer2$QuotingInputFilter)
2019-10-18 14:32:48,211 [main] INFO  http.HttpServer2 (HttpServer2.java:addFilter(948)) - Added filter static_user_filter (class=org.apache.hadoop.http.lib.StaticUserWebFilter$StaticUserFilter) to context hddsDatanode
2019-10-18 14:32:48,211 [main] INFO  http.HttpServer2 (HttpServer2.java:addFilter(958)) - Added filter static_user_filter (class=org.apache.hadoop.http.lib.StaticUserWebFilter$StaticUserFilter) to context logs
2019-10-18 14:32:48,211 [main] INFO  http.HttpServer2 (HttpServer2.java:addFilter(958)) - Added filter static_user_filter (class=org.apache.hadoop.http.lib.StaticUserWebFilter$StaticUserFilter) to context static
2019-10-18 14:32:48,212 [main] INFO  http.HttpServer2 (HttpServer2.java:bindListener(1191)) - Jetty bound to port 34025
2019-10-18 14:32:48,213 [main] INFO  server.Server (Server.java:doStart(351)) - jetty-9.3.25.v20180904, build timestamp: 2018-09-04T21:11:46Z, git hash: 3ce520221d0240229c862b122d2b06c12a625732
2019-10-18 14:32:48,216 [main] INFO  handler.ContextHandler (ContextHandler.java:doStart(781)) - Started o.e.j.s.ServletContextHandler@5fa23c{/logs,file:///workdir/hadoop-ozone/integration-test/target/log,AVAILABLE}
2019-10-18 14:32:48,217 [main] INFO  handler.ContextHandler (ContextHandler.java:doStart(781)) - Started o.e.j.s.ServletContextHandler@433348bc{/static,jar:file:/home/user/.m2/repository/org/apache/hadoop/hadoop-hdds-container-service/0.5.0-SNAPSHOT/hadoop-hdds-container-service-0.5.0-SNAPSHOT.jar!/webapps/static,AVAILABLE}
2019-10-18 14:32:48,247 [main] INFO  handler.ContextHandler (ContextHandler.java:doStart(781)) - Started o.e.j.w.WebAppContext@43e9089{/,file:///tmp/jetty-0.0.0.0-34025-hddsDatanode-_-any-4180540085875278299.dir/webapp/,AVAILABLE}{/hddsDatanode}
2019-10-18 14:32:48,248 [main] INFO  server.AbstractConnector (AbstractConnector.java:doStart(278)) - Started ServerConnector@3c5dbdf8{HTTP/1.1,[http/1.1]}{0.0.0.0:34025}
2019-10-18 14:32:48,249 [main] INFO  server.Server (Server.java:doStart(419)) - Started @4923ms
2019-10-18 14:32:48,249 [main] WARN  impl.MetricsSystemImpl (MetricsSystemImpl.java:register(276)) - Sink prometheus already exists!
2019-10-18 14:32:48,250 [main] INFO  server.BaseHttpServer (BaseHttpServer.java:updateConnectorAddress(215)) - HTTP server of HDDSDATANODE is listening at http://0.0.0.0:34025
2019-10-18 14:32:48,252 [main] INFO  ozone.MiniOzoneClusterImpl (MiniOzoneClusterImpl.java:lambda$waitForClusterToBeReady$0(147)) - Waiting for cluster to be ready. Got 0 of 3 DN Heartbeats.
2019-10-18 14:32:48,252 [org.apache.hadoop.util.JvmPauseMonitor$Monitor@bc204a] INFO  util.JvmPauseMonitor (JvmPauseMonitor.java:run(188)) - Starting JVM pause monitor
2019-10-18 14:32:48,255 [Datanode State Machine Thread - 0] INFO  datanode.InitDatanodeState (InitDatanodeState.java:persistContainerDatanodeDetails(140)) - DatanodeDetails is persisted to /workdir/hadoop-ozone/integration-test/target/test-dir/MiniOzoneClusterImpl-f465728d-d17c-4acf-bac7-b15b0ed995a5/datanode-2/meta/datanode.id
2019-10-18 14:32:49,253 [main] INFO  ozone.MiniOzoneClusterImpl (MiniOzoneClusterImpl.java:lambda$waitForClusterToBeReady$0(147)) - Waiting for cluster to be ready. Got 0 of 3 DN Heartbeats.
2019-10-18 14:32:50,142 [Datanode State Machine Thread - 0] INFO  ozoneimpl.OzoneContainer (OzoneContainer.java:start(213)) - Attempting to start container services.
2019-10-18 14:32:50,144 [Datanode State Machine Thread - 0] INFO  ozoneimpl.OzoneContainer (OzoneContainer.java:startContainerScrub(177)) - Background container scanner has been disabled.
2019-10-18 14:32:50,145 [Datanode State Machine Thread - 0] INFO  ratis.XceiverServerRatis (XceiverServerRatis.java:start(418)) - Starting XceiverServerRatis c3a3cb61-beea-4a1a-8639-85f6e846679d at port 0
2019-10-18 14:32:50,160 [Datanode State Machine Thread - 0] INFO  impl.RaftServerProxy (RaftServerProxy.java:lambda$start$3(299)) - c3a3cb61-beea-4a1a-8639-85f6e846679d: start RPC server
2019-10-18 14:32:50,182 [Datanode State Machine Thread - 0] INFO  ozoneimpl.OzoneContainer (OzoneContainer.java:start(213)) - Attempting to start container services.
2019-10-18 14:32:50,185 [Datanode State Machine Thread - 0] INFO  ozoneimpl.OzoneContainer (OzoneContainer.java:startContainerScrub(177)) - Background container scanner has been disabled.
2019-10-18 14:32:50,185 [Datanode State Machine Thread - 0] INFO  ratis.XceiverServerRatis (XceiverServerRatis.java:start(418)) - Starting XceiverServerRatis c5b86445-9c87-4edb-b176-8eaf015b94aa at port 0
2019-10-18 14:32:50,193 [Datanode State Machine Thread - 0] INFO  impl.RaftServerProxy (RaftServerProxy.java:lambda$start$3(299)) - c5b86445-9c87-4edb-b176-8eaf015b94aa: start RPC server
2019-10-18 14:32:50,253 [main] INFO  ozone.MiniOzoneClusterImpl (MiniOzoneClusterImpl.java:lambda$waitForClusterToBeReady$0(147)) - Waiting for cluster to be ready. Got 0 of 3 DN Heartbeats.
2019-10-18 14:32:50,268 [Datanode State Machine Thread - 0] INFO  ozoneimpl.OzoneContainer (OzoneContainer.java:start(213)) - Attempting to start container services.
2019-10-18 14:32:50,269 [Datanode State Machine Thread - 0] INFO  ozoneimpl.OzoneContainer (OzoneContainer.java:startContainerScrub(177)) - Background container scanner has been disabled.
2019-10-18 14:32:50,270 [Datanode State Machine Thread - 0] INFO  ratis.XceiverServerRatis (XceiverServerRatis.java:start(418)) - Starting XceiverServerRatis 07da283f-72b3-4610-abc1-72d23674d905 at port 0
2019-10-18 14:32:50,284 [Datanode State Machine Thread - 0] INFO  impl.RaftServerProxy (RaftServerProxy.java:lambda$start$3(299)) - 07da283f-72b3-4610-abc1-72d23674d905: start RPC server
2019-10-18 14:32:50,290 [Datanode State Machine Thread - 0] INFO  server.GrpcService (GrpcService.java:startImpl(158)) - c5b86445-9c87-4edb-b176-8eaf015b94aa: GrpcService started, listening on 0.0.0.0/0.0.0.0:40993
2019-10-18 14:32:50,290 [Datanode State Machine Thread - 0] INFO  server.GrpcService (GrpcService.java:startImpl(158)) - 07da283f-72b3-4610-abc1-72d23674d905: GrpcService started, listening on 0.0.0.0/0.0.0.0:38130
2019-10-18 14:32:50,290 [Datanode State Machine Thread - 0] INFO  server.GrpcService (GrpcService.java:startImpl(158)) - c3a3cb61-beea-4a1a-8639-85f6e846679d: GrpcService started, listening on 0.0.0.0/0.0.0.0:33135
2019-10-18 14:32:50,291 [Datanode State Machine Thread - 0] INFO  ratis.XceiverServerRatis (XceiverServerRatis.java:start(428)) - XceiverServerRatis 07da283f-72b3-4610-abc1-72d23674d905 is started using port 38130
2019-10-18 14:32:50,291 [Datanode State Machine Thread - 0] INFO  ratis.XceiverServerRatis (XceiverServerRatis.java:start(428)) - XceiverServerRatis c5b86445-9c87-4edb-b176-8eaf015b94aa is started using port 40993
2019-10-18 14:32:50,291 [Datanode State Machine Thread - 0] INFO  ratis.XceiverServerRatis (XceiverServerRatis.java:start(428)) - XceiverServerRatis c3a3cb61-beea-4a1a-8639-85f6e846679d is started using port 33135
2019-10-18 14:32:50,295 [Datanode State Machine Thread - 0] INFO  server.XceiverServerGrpc (XceiverServerGrpc.java:start(149)) - XceiverServerGrpc c3a3cb61-beea-4a1a-8639-85f6e846679d is started using port 38306
2019-10-18 14:32:50,295 [Datanode State Machine Thread - 0] INFO  server.XceiverServerGrpc (XceiverServerGrpc.java:start(149)) - XceiverServerGrpc c5b86445-9c87-4edb-b176-8eaf015b94aa is started using port 43804
2019-10-18 14:32:50,295 [Datanode State Machine Thread - 0] INFO  server.XceiverServerGrpc (XceiverServerGrpc.java:start(149)) - XceiverServerGrpc 07da283f-72b3-4610-abc1-72d23674d905 is started using port 45367
2019-10-18 14:32:51,254 [main] INFO  ozone.MiniOzoneClusterImpl (MiniOzoneClusterImpl.java:lambda$waitForClusterToBeReady$0(147)) - Waiting for cluster to be ready. Got 0 of 3 DN Heartbeats.
2019-10-18 14:32:52,103 [IPC Server handler 0 on 44765] INFO  net.NetworkTopology (NetworkTopologyImpl.java:add(111)) - Added a new node: /default-rack/c3a3cb61-beea-4a1a-8639-85f6e846679d
2019-10-18 14:32:52,104 [IPC Server handler 0 on 44765] INFO  node.SCMNodeManager (SCMNodeManager.java:register(268)) - Registered Data node : c3a3cb61-beea-4a1a-8639-85f6e846679d{ip: 192.168.164.233, host: pr-hdds-2327-vtdmt-1103746116, networkLocation: /default-rack, certSerialId: null}
2019-10-18 14:32:52,106 [EventQueue-NodeRegistrationContainerReportForDataNodeSafeModeRule] INFO  safemode.SCMSafeModeManager (DataNodeSafeModeRule.java:process(71)) - SCM in safe mode. 1 DataNodes registered, 1 required.
2019-10-18 14:32:52,106 [EventQueue-NodeRegistrationContainerReportForDataNodeSafeModeRule] INFO  safemode.SCMSafeModeManager (SCMSafeModeManager.java:validateSafeModeExitRules(177)) - ScmSafeModeManager, all rules are successfully validated
2019-10-18 14:32:52,106 [EventQueue-NodeRegistrationContainerReportForDataNodeSafeModeRule] INFO  safemode.SCMSafeModeManager (SCMSafeModeManager.java:exitSafeMode(193)) - SCM exiting safe mode.
2019-10-18 14:32:52,167 [IPC Server handler 1 on 44765] INFO  net.NetworkTopology (NetworkTopologyImpl.java:add(111)) - Added a new node: /default-rack/c5b86445-9c87-4edb-b176-8eaf015b94aa
2019-10-18 14:32:52,167 [IPC Server handler 1 on 44765] INFO  node.SCMNodeManager (SCMNodeManager.java:register(268)) - Registered Data node : c5b86445-9c87-4edb-b176-8eaf015b94aa{ip: 192.168.164.233, host: pr-hdds-2327-vtdmt-1103746116, networkLocation: /default-rack, certSerialId: null}
2019-10-18 14:32:52,255 [main] INFO  ozone.MiniOzoneClusterImpl (MiniOzoneClusterImpl.java:lambda$waitForClusterToBeReady$0(147)) - Waiting for cluster to be ready. Got 2 of 3 DN Heartbeats.
2019-10-18 14:32:52,255 [IPC Server handler 4 on 44765] INFO  net.NetworkTopology (NetworkTopologyImpl.java:add(111)) - Added a new node: /default-rack/07da283f-72b3-4610-abc1-72d23674d905
2019-10-18 14:32:52,256 [IPC Server handler 4 on 44765] INFO  node.SCMNodeManager (SCMNodeManager.java:register(268)) - Registered Data node : 07da283f-72b3-4610-abc1-72d23674d905{ip: 192.168.164.233, host: pr-hdds-2327-vtdmt-1103746116, networkLocation: /default-rack, certSerialId: null}
2019-10-18 14:32:52,513 [grpc-default-executor-0] INFO  impl.RaftServerProxy (RaftServerProxy.java:addNew(89)) - c3a3cb61-beea-4a1a-8639-85f6e846679d: addNew group-709D360C207D:[c3a3cb61-beea-4a1a-8639-85f6e846679d:192.168.164.233:33135] returns group-709D360C207D:java.util.concurrent.CompletableFuture@28afc378[Not completed]
2019-10-18 14:32:52,523 [pool-27-thread-1] INFO  impl.RaftServerImpl (RaftServerImpl.java:<init>(104)) - c3a3cb61-beea-4a1a-8639-85f6e846679d: new RaftServerImpl for group-709D360C207D:[c3a3cb61-beea-4a1a-8639-85f6e846679d:192.168.164.233:33135] with ContainerStateMachine:uninitialized
2019-10-18 14:32:52,526 [pool-27-thread-1] INFO  server.RaftServerConfigKeys (ConfUtils.java:logGet(43)) - raft.server.rpc.timeout.min = 5s (custom)
2019-10-18 14:32:52,526 [pool-27-thread-1] INFO  server.RaftServerConfigKeys (ConfUtils.java:logGet(43)) - raft.server.rpc.timeout.max = 5200ms (custom)
2019-10-18 14:32:52,527 [pool-27-thread-1] INFO  server.RaftServerConfigKeys (ConfUtils.java:logGet(43)) - raft.server.rpcslowness.timeout = 1000s (custom)
2019-10-18 14:32:52,527 [pool-27-thread-1] INFO  server.RaftServerConfigKeys (ConfUtils.java:logGet(43)) - raft.server.sleep.deviation.threshold = 300 (default)
2019-10-18 14:32:52,528 [pool-27-thread-1] INFO  server.RaftServerConfigKeys (ConfUtils.java:logGet(43)) - raft.server.log.appender.install.snapshot.enabled = false (custom)
2019-10-18 14:32:52,534 [pool-27-thread-1] INFO  impl.RaftServerImpl (ServerState.java:<init>(103)) - c3a3cb61-beea-4a1a-8639-85f6e846679d@group-709D360C207D: ConfigurationManager, init=-1: [c3a3cb61-beea-4a1a-8639-85f6e846679d:192.168.164.233:33135], old=null, confs=<EMPTY_MAP>
2019-10-18 14:32:52,535 [pool-27-thread-1] INFO  server.RaftServerConfigKeys (ConfUtils.java:logGet(43)) - raft.server.storage.dir = [/workdir/hadoop-ozone/integration-test/target/test-dir/MiniOzoneClusterImpl-f465728d-d17c-4acf-bac7-b15b0ed995a5/datanode-0/data/ratis] (custom)
2019-10-18 14:32:52,541 [pool-27-thread-1] INFO  server.RaftServerConfigKeys (ConfUtils.java:logGet(43)) - raft.server.log.corruption.policy = EXCEPTION (default)
2019-10-18 14:32:52,542 [pool-27-thread-1] INFO  storage.RaftStorageDirectory (RaftStorageDirectory.java:analyzeStorage(246)) - The storage directory /workdir/hadoop-ozone/integration-test/target/test-dir/MiniOzoneClusterImpl-f465728d-d17c-4acf-bac7-b15b0ed995a5/datanode-0/data/ratis/62d02300-9d68-43a7-96a7-709d360c207d does not exist. Creating ...
2019-10-18 14:32:52,560 [pool-27-thread-1] INFO  storage.RaftStorageDirectory (RaftStorageDirectory.java:tryLock(328)) - Lock on /workdir/hadoop-ozone/integration-test/target/test-dir/MiniOzoneClusterImpl-f465728d-d17c-4acf-bac7-b15b0ed995a5/datanode-0/data/ratis/62d02300-9d68-43a7-96a7-709d360c207d/in_use.lock acquired by nodename 8290@pr-hdds-2327-vtdmt-1103746116
2019-10-18 14:32:52,575 [pool-27-thread-1] INFO  storage.RaftStorage (RaftStorage.java:format(84)) - Storage directory /workdir/hadoop-ozone/integration-test/target/test-dir/MiniOzoneClusterImpl-f465728d-d17c-4acf-bac7-b15b0ed995a5/datanode-0/data/ratis/62d02300-9d68-43a7-96a7-709d360c207d has been successfully formatted.
2019-10-18 14:32:52,577 [pool-27-thread-1] INFO  ratis.ContainerStateMachine (ContainerStateMachine.java:loadSnapshot(231)) - group-709D360C207D: The snapshot info is null. Setting the last applied indexto:(t:0, i:~)
2019-10-18 14:32:52,577 [pool-27-thread-1] INFO  server.RaftServerConfigKeys (ConfUtils.java:logGet(43)) - raft.server.notification.no-leader.timeout = 1000s (custom)
2019-10-18 14:32:52,579 [pool-27-thread-1] INFO  server.RaftServerConfigKeys (ConfUtils.java:logGet(43)) - raft.server.log.use.memory = false (default)
2019-10-18 14:32:52,583 [pool-27-thread-1] INFO  server.RaftServerConfigKeys (ConfUtils.java:logGet(43)) - raft.server.log.purge.gap = 1000000 (custom)
2019-10-18 14:32:52,583 [pool-27-thread-1] INFO  server.RaftServerConfigKeys (ConfUtils.java:logGet(43)) - raft.server.log.appender.buffer.byte-limit = 33554432 (custom)
2019-10-18 14:32:52,584 [pool-27-thread-1] INFO  server.RaftServerConfigKeys (ConfUtils.java:logGet(43)) - raft.server.log.segment.size.max = 1048576 (custom)
2019-10-18 14:32:52,586 [pool-27-thread-1] INFO  impl.MetricsSystemImpl (MetricsSystemImpl.java:init(158)) - ratis metrics system started (again)
2019-10-18 14:32:52,589 [pool-27-thread-1] INFO  metrics.MetricRegistries (MetricRegistriesLoader.java:load(64)) - Loaded MetricRegistries class org.apache.ratis.metrics.impl.MetricRegistriesImpl
2019-10-18 14:32:52,618 [pool-27-thread-1] INFO  server.RaftServerConfigKeys (ConfUtils.java:logGet(43)) - raft.server.log.segment.cache.num.max = 2 (custom)
2019-10-18 14:32:52,622 [pool-27-thread-1] INFO  segmented.SegmentedRaftLogWorker (SegmentedRaftLogWorker.java:<init>(173)) - new c3a3cb61-beea-4a1a-8639-85f6e846679d@group-709D360C207D-SegmentedRaftLogWorker for RaftStorage:Storage Directory /workdir/hadoop-ozone/integration-test/target/test-dir/MiniOzoneClusterImpl-f465728d-d17c-4acf-bac7-b15b0ed995a5/datanode-0/data/ratis/62d02300-9d68-43a7-96a7-709d360c207d
2019-10-18 14:32:52,623 [pool-27-thread-1] INFO  server.RaftServerConfigKeys (ConfUtils.java:logGet(43)) - raft.server.log.queue.byte-limit = 2147483647 (custom)
2019-10-18 14:32:52,623 [pool-27-thread-1] INFO  server.RaftServerConfigKeys (ConfUtils.java:logGet(43)) - raft.server.log.queue.element-limit = 1024 (custom)
2019-10-18 14:32:52,624 [pool-27-thread-1] INFO  server.RaftServerConfigKeys (ConfUtils.java:logGet(43)) - raft.server.log.segment.size.max = 1048576 (custom)
2019-10-18 14:32:52,625 [pool-27-thread-1] INFO  server.RaftServerConfigKeys (ConfUtils.java:logGet(43)) - raft.server.log.preallocated.size = 16384 (custom)
2019-10-18 14:32:52,625 [pool-27-thread-1] INFO  server.RaftServerConfigKeys (ConfUtils.java:logGet(43)) - raft.server.log.write.buffer.size = 33554432 (custom)
2019-10-18 14:32:52,625 [pool-27-thread-1] INFO  server.RaftServerConfigKeys (ConfUtils.java:logGet(43)) - raft.server.log.force.sync.num = 128 (default)
2019-10-18 14:32:52,626 [pool-27-thread-1] INFO  server.RaftServerConfigKeys (ConfUtils.java:logGet(43)) - raft.server.log.statemachine.data.sync = true (default)
2019-10-18 14:32:52,626 [pool-27-thread-1] INFO  server.RaftServerConfigKeys (ConfUtils.java:logGet(43)) - raft.server.log.statemachine.data.sync.timeout = 10s (default)
2019-10-18 14:32:52,627 [pool-27-thread-1] INFO  server.RaftServerConfigKeys (ConfUtils.java:logGet(43)) - raft.server.log.statemachine.data.sync.timeout.retry = -1 (default)
2019-10-18 14:32:52,636 [pool-27-thread-1] INFO  server.RaftServerConfigKeys (ConfUtils.java:logGet(43)) - raft.server.log.statemachine.data.caching.enabled = true (custom)
2019-10-18 14:32:52,640 [pool-27-thread-1] INFO  segmented.SegmentedRaftLogWorker (SegmentedRaftLogWorker.java:lambda$new$0(128)) - c3a3cb61-beea-4a1a-8639-85f6e846679d@group-709D360C207D-SegmentedRaftLogWorker: flushIndex: setUnconditionally 0 -> -1
2019-10-18 14:32:52,644 [pool-27-thread-1] INFO  server.RaftServerConfigKeys (ConfUtils.java:logGet(43)) - raft.server.snapshot.auto.trigger.enabled = true (custom)
2019-10-18 14:32:52,645 [pool-27-thread-1] INFO  server.RaftServerConfigKeys (ConfUtils.java:logGet(43)) - raft.server.snapshot.auto.trigger.threshold = 10000 (custom)
2019-10-18 14:32:52,645 [pool-27-thread-1] INFO  server.RaftServerConfigKeys (ConfUtils.java:logGet(43)) - raft.server.snapshot.retention.file.num = 5 (custom)
2019-10-18 14:32:52,646 [pool-27-thread-1] INFO  server.RaftServerConfigKeys (ConfUtils.java:logGet(43)) - raft.server.retrycache.expirytime = 600000ms (custom)
2019-10-18 14:32:52,675 [pool-27-thread-1] INFO  impl.RaftServerImpl (RaftServerImpl.java:start(195)) - c3a3cb61-beea-4a1a-8639-85f6e846679d@group-709D360C207D: start as a follower, conf=-1: [c3a3cb61-beea-4a1a-8639-85f6e846679d:192.168.164.233:33135], old=null
2019-10-18 14:32:52,676 [pool-27-thread-1] INFO  impl.RaftServerImpl (RaftServerImpl.java:setRole(184)) - c3a3cb61-beea-4a1a-8639-85f6e846679d@group-709D360C207D: changes role from      null to FOLLOWER at term 0 for startAsFollower
2019-10-18 14:32:52,677 [pool-27-thread-1] INFO  impl.RoleInfo (RoleInfo.java:updateAndGet(143)) - c3a3cb61-beea-4a1a-8639-85f6e846679d: start FollowerState
2019-10-18 14:32:52,679 [pool-27-thread-1] INFO  util.JmxRegister (JmxRegister.java:tryRegister(44)) - Successfully registered JMX Bean with object name Ratis:service=RaftServer,group=group-709D360C207D,id=c3a3cb61-beea-4a1a-8639-85f6e846679d
2019-10-18 14:32:52,729 [RatisPipelineUtilsThread] INFO  pipeline.PipelineStateManager (PipelineStateManager.java:addPipeline(56)) - Created pipeline Pipeline[ Id: 62d02300-9d68-43a7-96a7-709d360c207d, Nodes: c3a3cb61-beea-4a1a-8639-85f6e846679d{ip: 192.168.164.233, host: pr-hdds-2327-vtdmt-1103746116, networkLocation: /default-rack, certSerialId: null}, Type:RATIS, Factor:ONE, State:OPEN]
2019-10-18 14:32:52,742 [grpc-default-executor-0] INFO  impl.RaftServerProxy (RaftServerProxy.java:addNew(89)) - 07da283f-72b3-4610-abc1-72d23674d905: addNew group-FC4AF7988711:[07da283f-72b3-4610-abc1-72d23674d905:192.168.164.233:38130] returns group-FC4AF7988711:java.util.concurrent.CompletableFuture@50f8d844[Not completed]
2019-10-18 14:32:52,757 [pool-47-thread-1] INFO  impl.RaftServerImpl (RaftServerImpl.java:<init>(104)) - 07da283f-72b3-4610-abc1-72d23674d905: new RaftServerImpl for group-FC4AF7988711:[07da283f-72b3-4610-abc1-72d23674d905:192.168.164.233:38130] with ContainerStateMachine:uninitialized
2019-10-18 14:32:52,758 [pool-47-thread-1] INFO  server.RaftServerConfigKeys (ConfUtils.java:logGet(43)) - raft.server.rpc.timeout.min = 5s (custom)
2019-10-18 14:32:52,759 [pool-47-thread-1] INFO  server.RaftServerConfigKeys (ConfUtils.java:logGet(43)) - raft.server.rpc.timeout.max = 5200ms (custom)
2019-10-18 14:32:52,759 [pool-47-thread-1] INFO  server.RaftServerConfigKeys (ConfUtils.java:logGet(43)) - raft.server.rpcslowness.timeout = 1000s (custom)
2019-10-18 14:32:52,759 [Thread-186] INFO  impl.FollowerState (FollowerState.java:run(108)) - c3a3cb61-beea-4a1a-8639-85f6e846679d@group-709D360C207D-FollowerState: change to CANDIDATE, lastRpcTime:82ms, electionTimeout:79ms
2019-10-18 14:32:52,759 [pool-47-thread-1] INFO  server.RaftServerConfigKeys (ConfUtils.java:logGet(43)) - raft.server.sleep.deviation.threshold = 300 (default)
2019-10-18 14:32:52,759 [pool-47-thread-1] INFO  server.RaftServerConfigKeys (ConfUtils.java:logGet(43)) - raft.server.log.appender.install.snapshot.enabled = false (custom)
2019-10-18 14:32:52,759 [pool-47-thread-1] INFO  impl.RaftServerImpl (ServerState.java:<init>(103)) - 07da283f-72b3-4610-abc1-72d23674d905@group-FC4AF7988711: ConfigurationManager, init=-1: [07da283f-72b3-4610-abc1-72d23674d905:192.168.164.233:38130], old=null, confs=<EMPTY_MAP>
2019-10-18 14:32:52,760 [pool-47-thread-1] INFO  server.RaftServerConfigKeys (ConfUtils.java:logGet(43)) - raft.server.storage.dir = [/workdir/hadoop-ozone/integration-test/target/test-dir/MiniOzoneClusterImpl-f465728d-d17c-4acf-bac7-b15b0ed995a5/datanode-2/data/ratis] (custom)
2019-10-18 14:32:52,761 [pool-47-thread-1] INFO  server.RaftServerConfigKeys (ConfUtils.java:logGet(43)) - raft.server.log.corruption.policy = EXCEPTION (default)
2019-10-18 14:32:52,761 [Thread-186] INFO  impl.RoleInfo (RoleInfo.java:shutdownFollowerState(121)) - c3a3cb61-beea-4a1a-8639-85f6e846679d: shutdown FollowerState
2019-10-18 14:32:52,761 [pool-47-thread-1] INFO  storage.RaftStorageDirectory (RaftStorageDirectory.java:analyzeStorage(246)) - The storage directory /workdir/hadoop-ozone/integration-test/target/test-dir/MiniOzoneClusterImpl-f465728d-d17c-4acf-bac7-b15b0ed995a5/datanode-2/data/ratis/932bad77-d0a8-4ea6-9e96-fc4af7988711 does not exist. Creating ...
2019-10-18 14:32:52,762 [Thread-186] INFO  impl.RaftServerImpl (RaftServerImpl.java:setRole(184)) - c3a3cb61-beea-4a1a-8639-85f6e846679d@group-709D360C207D: changes role from  FOLLOWER to CANDIDATE at term 0 for changeToCandidate
2019-10-18 14:32:52,765 [Thread-186] INFO  impl.RoleInfo (RoleInfo.java:updateAndGet(143)) - c3a3cb61-beea-4a1a-8639-85f6e846679d: start LeaderElection
2019-10-18 14:32:52,775 [pool-47-thread-1] INFO  storage.RaftStorageDirectory (RaftStorageDirectory.java:tryLock(328)) - Lock on /workdir/hadoop-ozone/integration-test/target/test-dir/MiniOzoneClusterImpl-f465728d-d17c-4acf-bac7-b15b0ed995a5/datanode-2/data/ratis/932bad77-d0a8-4ea6-9e96-fc4af7988711/in_use.lock acquired by nodename 8290@pr-hdds-2327-vtdmt-1103746116
2019-10-18 14:32:52,775 [c3a3cb61-beea-4a1a-8639-85f6e846679d@group-709D360C207D-LeaderElection1] INFO  impl.LeaderElection (LeaderElection.java:askForVotes(178)) - c3a3cb61-beea-4a1a-8639-85f6e846679d@group-709D360C207D-LeaderElection1: begin an election at term 1 for -1: [c3a3cb61-beea-4a1a-8639-85f6e846679d:192.168.164.233:33135], old=null
2019-10-18 14:32:52,776 [c3a3cb61-beea-4a1a-8639-85f6e846679d@group-709D360C207D-LeaderElection1] INFO  impl.RoleInfo (RoleInfo.java:shutdownLeaderElection(134)) - c3a3cb61-beea-4a1a-8639-85f6e846679d: shutdown LeaderElection
2019-10-18 14:32:52,777 [c3a3cb61-beea-4a1a-8639-85f6e846679d@group-709D360C207D-LeaderElection1] INFO  impl.RaftServerImpl (RaftServerImpl.java:setRole(184)) - c3a3cb61-beea-4a1a-8639-85f6e846679d@group-709D360C207D: changes role from CANDIDATE to LEADER at term 1 for changeToLeader
2019-10-18 14:32:52,777 [c3a3cb61-beea-4a1a-8639-85f6e846679d@group-709D360C207D-LeaderElection1] INFO  impl.RaftServerImpl (ServerState.java:setLeader(256)) - c3a3cb61-beea-4a1a-8639-85f6e846679d@group-709D360C207D: change Leader from null to c3a3cb61-beea-4a1a-8639-85f6e846679d at term 1 for becomeLeader, leader elected after 199ms
2019-10-18 14:32:52,780 [c3a3cb61-beea-4a1a-8639-85f6e846679d@group-709D360C207D-LeaderElection1] INFO  server.RaftServerConfigKeys (ConfUtils.java:logGet(43)) - raft.server.staging.catchup.gap = 1000 (default)
2019-10-18 14:32:52,781 [c3a3cb61-beea-4a1a-8639-85f6e846679d@group-709D360C207D-LeaderElection1] INFO  server.RaftServerConfigKeys (ConfUtils.java:logGet(43)) - raft.server.rpc.sleep.time = 25ms (default)
2019-10-18 14:32:52,784 [c3a3cb61-beea-4a1a-8639-85f6e846679d@group-709D360C207D-LeaderElection1] INFO  server.RaftServerConfigKeys (ConfUtils.java:logGet(43)) - raft.server.write.element-limit = 4096 (default)
2019-10-18 14:32:52,785 [c3a3cb61-beea-4a1a-8639-85f6e846679d@group-709D360C207D-LeaderElection1] INFO  server.RaftServerConfigKeys (ConfUtils.java:logGet(43)) - raft.server.watch.timeout = 10s (default)
2019-10-18 14:32:52,786 [c3a3cb61-beea-4a1a-8639-85f6e846679d@group-709D360C207D-LeaderElection1] INFO  server.RaftServerConfigKeys (ConfUtils.java:logGet(43)) - raft.server.watch.timeout.denomination = 1s (default)
2019-10-18 14:32:52,786 [c3a3cb61-beea-4a1a-8639-85f6e846679d@group-709D360C207D-LeaderElection1] INFO  server.RaftServerConfigKeys (ConfUtils.java:logGet(43)) - raft.server.watch.element-limit = 65536 (default)
2019-10-18 14:32:52,787 [pool-47-thread-1] INFO  storage.RaftStorage (RaftStorage.java:format(84)) - Storage directory /workdir/hadoop-ozone/integration-test/target/test-dir/MiniOzoneClusterImpl-f465728d-d17c-4acf-bac7-b15b0ed995a5/datanode-2/data/ratis/932bad77-d0a8-4ea6-9e96-fc4af7988711 has been successfully formatted.
2019-10-18 14:32:52,788 [pool-47-thread-1] INFO  ratis.ContainerStateMachine (ContainerStateMachine.java:loadSnapshot(231)) - group-FC4AF7988711: The snapshot info is null. Setting the last applied indexto:(t:0, i:~)
2019-10-18 14:32:52,789 [pool-47-thread-1] INFO  server.RaftServerConfigKeys (ConfUtils.java:logGet(43)) - raft.server.notification.no-leader.timeout = 1000s (custom)
2019-10-18 14:32:52,789 [pool-47-thread-1] INFO  server.RaftServerConfigKeys (ConfUtils.java:logGet(43)) - raft.server.log.use.memory = false (default)
2019-10-18 14:32:52,789 [pool-47-thread-1] INFO  server.RaftServerConfigKeys (ConfUtils.java:logGet(43)) - raft.server.log.purge.gap = 1000000 (custom)
2019-10-18 14:32:52,790 [pool-47-thread-1] INFO  server.RaftServerConfigKeys (ConfUtils.java:logGet(43)) - raft.server.log.appender.buffer.byte-limit = 33554432 (custom)
2019-10-18 14:32:52,790 [pool-47-thread-1] INFO  server.RaftServerConfigKeys (ConfUtils.java:logGet(43)) - raft.server.log.segment.size.max = 1048576 (custom)
2019-10-18 14:32:52,811 [pool-47-thread-1] INFO  server.RaftServerConfigKeys (ConfUtils.java:logGet(43)) - raft.server.log.segment.cache.num.max = 2 (custom)
2019-10-18 14:32:52,811 [pool-47-thread-1] INFO  segmented.SegmentedRaftLogWorker (SegmentedRaftLogWorker.java:<init>(173)) - new 07da283f-72b3-4610-abc1-72d23674d905@group-FC4AF7988711-SegmentedRaftLogWorker for RaftStorage:Storage Directory /workdir/hadoop-ozone/integration-test/target/test-dir/MiniOzoneClusterImpl-f465728d-d17c-4acf-bac7-b15b0ed995a5/datanode-2/data/ratis/932bad77-d0a8-4ea6-9e96-fc4af7988711
2019-10-18 14:32:52,811 [pool-47-thread-1] INFO  server.RaftServerConfigKeys (ConfUtils.java:logGet(43)) - raft.server.log.queue.byte-limit = 2147483647 (custom)
2019-10-18 14:32:52,811 [pool-47-thread-1] INFO  server.RaftServerConfigKeys (ConfUtils.java:logGet(43)) - raft.server.log.queue.element-limit = 1024 (custom)
2019-10-18 14:32:52,812 [pool-47-thread-1] INFO  server.RaftServerConfigKeys (ConfUtils.java:logGet(43)) - raft.server.log.segment.size.max = 1048576 (custom)
2019-10-18 14:32:52,812 [pool-47-thread-1] INFO  server.RaftServerConfigKeys (ConfUtils.java:logGet(43)) - raft.server.log.preallocated.size = 16384 (custom)
2019-10-18 14:32:52,812 [pool-47-thread-1] INFO  server.RaftServerConfigKeys (ConfUtils.java:logGet(43)) - raft.server.log.write.buffer.size = 33554432 (custom)
2019-10-18 14:32:52,812 [pool-47-thread-1] INFO  server.RaftServerConfigKeys (ConfUtils.java:logGet(43)) - raft.server.log.force.sync.num = 128 (default)
2019-10-18 14:32:52,812 [pool-47-thread-1] INFO  server.RaftServerConfigKeys (ConfUtils.java:logGet(43)) - raft.server.log.statemachine.data.sync = true (default)
2019-10-18 14:32:52,812 [pool-47-thread-1] INFO  server.RaftServerConfigKeys (ConfUtils.java:logGet(43)) - raft.server.log.statemachine.data.sync.timeout = 10s (default)
2019-10-18 14:32:52,812 [pool-47-thread-1] INFO  server.RaftServerConfigKeys (ConfUtils.java:logGet(43)) - raft.server.log.statemachine.data.sync.timeout.retry = -1 (default)
2019-10-18 14:32:52,813 [pool-47-thread-1] INFO  server.RaftServerConfigKeys (ConfUtils.java:logGet(43)) - raft.server.log.statemachine.data.caching.enabled = true (custom)
2019-10-18 14:32:52,813 [pool-47-thread-1] INFO  segmented.SegmentedRaftLogWorker (SegmentedRaftLogWorker.java:lambda$new$0(128)) - 07da283f-72b3-4610-abc1-72d23674d905@group-FC4AF7988711-SegmentedRaftLogWorker: flushIndex: setUnconditionally 0 -> -1
2019-10-18 14:32:52,813 [pool-47-thread-1] INFO  server.RaftServerConfigKeys (ConfUtils.java:logGet(43)) - raft.server.snapshot.auto.trigger.enabled = true (custom)
2019-10-18 14:32:52,813 [pool-47-thread-1] INFO  server.RaftServerConfigKeys (ConfUtils.java:logGet(43)) - raft.server.snapshot.auto.trigger.threshold = 10000 (custom)
2019-10-18 14:32:52,814 [pool-47-thread-1] INFO  server.RaftServerConfigKeys (ConfUtils.java:logGet(43)) - raft.server.snapshot.retention.file.num = 5 (custom)
2019-10-18 14:32:52,814 [pool-47-thread-1] INFO  server.RaftServerConfigKeys (ConfUtils.java:logGet(43)) - raft.server.retrycache.expirytime = 600000ms (custom)
2019-10-18 14:32:52,816 [c3a3cb61-beea-4a1a-8639-85f6e846679d@group-709D360C207D-LeaderElection1] INFO  impl.RoleInfo (RoleInfo.java:updateAndGet(143)) - c3a3cb61-beea-4a1a-8639-85f6e846679d: start LeaderState
2019-10-18 14:32:52,822 [pool-47-thread-1] INFO  impl.RaftServerImpl (RaftServerImpl.java:start(195)) - 07da283f-72b3-4610-abc1-72d23674d905@group-FC4AF7988711: start as a follower, conf=-1: [07da283f-72b3-4610-abc1-72d23674d905:192.168.164.233:38130], old=null
2019-10-18 14:32:52,822 [pool-47-thread-1] INFO  impl.RaftServerImpl (RaftServerImpl.java:setRole(184)) - 07da283f-72b3-4610-abc1-72d23674d905@group-FC4AF7988711: changes role from      null to FOLLOWER at term 0 for startAsFollower
2019-10-18 14:32:52,823 [pool-47-thread-1] INFO  impl.RoleInfo (RoleInfo.java:updateAndGet(143)) - 07da283f-72b3-4610-abc1-72d23674d905: start FollowerState
2019-10-18 14:32:52,823 [pool-47-thread-1] INFO  util.JmxRegister (JmxRegister.java:tryRegister(44)) - Successfully registered JMX Bean with object name Ratis:service=RaftServer,group=group-FC4AF7988711,id=07da283f-72b3-4610-abc1-72d23674d905
2019-10-18 14:32:52,834 [RatisPipelineUtilsThread] INFO  pipeline.PipelineStateManager (PipelineStateManager.java:addPipeline(56)) - Created pipeline Pipeline[ Id: 932bad77-d0a8-4ea6-9e96-fc4af7988711, Nodes: 07da283f-72b3-4610-abc1-72d23674d905{ip: 192.168.164.233, host: pr-hdds-2327-vtdmt-1103746116, networkLocation: /default-rack, certSerialId: null}, Type:RATIS, Factor:ONE, State:OPEN]
2019-10-18 14:32:52,839 [c3a3cb61-beea-4a1a-8639-85f6e846679d@group-709D360C207D-LeaderElection1] INFO  segmented.SegmentedRaftLogWorker (SegmentedRaftLogWorker.java:startLogSegment(385)) - c3a3cb61-beea-4a1a-8639-85f6e846679d@group-709D360C207D-SegmentedRaftLogWorker: Starting segment from index:0
2019-10-18 14:32:52,850 [grpc-default-executor-0] INFO  impl.RaftServerProxy (RaftServerProxy.java:addNew(89)) - c5b86445-9c87-4edb-b176-8eaf015b94aa: addNew group-26B472B5CCC3:[c5b86445-9c87-4edb-b176-8eaf015b94aa:192.168.164.233:40993] returns group-26B472B5CCC3:java.util.concurrent.CompletableFuture@21df1dc5[Not completed]
2019-10-18 14:32:52,851 [pool-37-thread-1] INFO  impl.RaftServerImpl (RaftServerImpl.java:<init>(104)) - c5b86445-9c87-4edb-b176-8eaf015b94aa: new RaftServerImpl for group-26B472B5CCC3:[c5b86445-9c87-4edb-b176-8eaf015b94aa:192.168.164.233:40993] with ContainerStateMachine:uninitialized
2019-10-18 14:32:52,852 [pool-37-thread-1] INFO  server.RaftServerConfigKeys (ConfUtils.java:logGet(43)) - raft.server.rpc.timeout.min = 5s (custom)
2019-10-18 14:32:52,852 [pool-37-thread-1] INFO  server.RaftServerConfigKeys (ConfUtils.java:logGet(43)) - raft.server.rpc.timeout.max = 5200ms (custom)
2019-10-18 14:32:52,852 [pool-37-thread-1] INFO  server.RaftServerConfigKeys (ConfUtils.java:logGet(43)) - raft.server.rpcslowness.timeout = 1000s (custom)
2019-10-18 14:32:52,852 [pool-37-thread-1] INFO  server.RaftServerConfigKeys (ConfUtils.java:logGet(43)) - raft.server.sleep.deviation.threshold = 300 (default)
2019-10-18 14:32:52,852 [pool-37-thread-1] INFO  server.RaftServerConfigKeys (ConfUtils.java:logGet(43)) - raft.server.log.appender.install.snapshot.enabled = false (custom)
2019-10-18 14:32:52,853 [pool-37-thread-1] INFO  impl.RaftServerImpl (ServerState.java:<init>(103)) - c5b86445-9c87-4edb-b176-8eaf015b94aa@group-26B472B5CCC3: ConfigurationManager, init=-1: [c5b86445-9c87-4edb-b176-8eaf015b94aa:192.168.164.233:40993], old=null, confs=<EMPTY_MAP>
2019-10-18 14:32:52,853 [pool-37-thread-1] INFO  server.RaftServerConfigKeys (ConfUtils.java:logGet(43)) - raft.server.storage.dir = [/workdir/hadoop-ozone/integration-test/target/test-dir/MiniOzoneClusterImpl-f465728d-d17c-4acf-bac7-b15b0ed995a5/datanode-1/data/ratis] (custom)
2019-10-18 14:32:52,853 [pool-37-thread-1] INFO  server.RaftServerConfigKeys (ConfUtils.java:logGet(43)) - raft.server.log.corruption.policy = EXCEPTION (default)
2019-10-18 14:32:52,853 [pool-37-thread-1] INFO  storage.RaftStorageDirectory (RaftStorageDirectory.java:analyzeStorage(246)) - The storage directory /workdir/hadoop-ozone/integration-test/target/test-dir/MiniOzoneClusterImpl-f465728d-d17c-4acf-bac7-b15b0ed995a5/datanode-1/data/ratis/672fd54f-c761-4976-810f-26b472b5ccc3 does not exist. Creating ...
2019-10-18 14:32:52,854 [c3a3cb61-beea-4a1a-8639-85f6e846679d@group-709D360C207D-LeaderElection1] INFO  impl.RaftServerImpl (ServerState.java:setRaftConf(357)) - c3a3cb61-beea-4a1a-8639-85f6e846679d@group-709D360C207D: set configuration 0: [c3a3cb61-beea-4a1a-8639-85f6e846679d:192.168.164.233:33135], old=null at 0
2019-10-18 14:32:52,858 [Thread-191] INFO  impl.FollowerState (FollowerState.java:run(108)) - 07da283f-72b3-4610-abc1-72d23674d905@group-FC4AF7988711-FollowerState: change to CANDIDATE, lastRpcTime:35ms, electionTimeout:35ms
2019-10-18 14:32:52,859 [Thread-191] INFO  impl.RoleInfo (RoleInfo.java:shutdownFollowerState(121)) - 07da283f-72b3-4610-abc1-72d23674d905: shutdown FollowerState
2019-10-18 14:32:52,859 [Thread-191] INFO  impl.RaftServerImpl (RaftServerImpl.java:setRole(184)) - 07da283f-72b3-4610-abc1-72d23674d905@group-FC4AF7988711: changes role from  FOLLOWER to CANDIDATE at term 0 for changeToCandidate
2019-10-18 14:32:52,859 [Thread-191] INFO  impl.RoleInfo (RoleInfo.java:updateAndGet(143)) - 07da283f-72b3-4610-abc1-72d23674d905: start LeaderElection
2019-10-18 14:32:52,866 [pool-37-thread-1] INFO  storage.RaftStorageDirectory (RaftStorageDirectory.java:tryLock(328)) - Lock on /workdir/hadoop-ozone/integration-test/target/test-dir/MiniOzoneClusterImpl-f465728d-d17c-4acf-bac7-b15b0ed995a5/datanode-1/data/ratis/672fd54f-c761-4976-810f-26b472b5ccc3/in_use.lock acquired by nodename 8290@pr-hdds-2327-vtdmt-1103746116
2019-10-18 14:32:52,867 [07da283f-72b3-4610-abc1-72d23674d905@group-FC4AF7988711-LeaderElection2] INFO  impl.LeaderElection (LeaderElection.java:askForVotes(178)) - 07da283f-72b3-4610-abc1-72d23674d905@group-FC4AF7988711-LeaderElection2: begin an election at term 1 for -1: [07da283f-72b3-4610-abc1-72d23674d905:192.168.164.233:38130], old=null
2019-10-18 14:32:52,867 [07da283f-72b3-4610-abc1-72d23674d905@group-FC4AF7988711-LeaderElection2] INFO  impl.RoleInfo (RoleInfo.java:shutdownLeaderElection(134)) - 07da283f-72b3-4610-abc1-72d23674d905: shutdown LeaderElection
2019-10-18 14:32:52,867 [07da283f-72b3-4610-abc1-72d23674d905@group-FC4AF7988711-LeaderElection2] INFO  impl.RaftServerImpl (RaftServerImpl.java:setRole(184)) - 07da283f-72b3-4610-abc1-72d23674d905@group-FC4AF7988711: changes role from CANDIDATE to LEADER at term 1 for changeToLeader
2019-10-18 14:32:52,867 [07da283f-72b3-4610-abc1-72d23674d905@group-FC4AF7988711-LeaderElection2] INFO  impl.RaftServerImpl (ServerState.java:setLeader(256)) - 07da283f-72b3-4610-abc1-72d23674d905@group-FC4AF7988711: change Leader from null to 07da283f-72b3-4610-abc1-72d23674d905 at term 1 for becomeLeader, leader elected after 78ms
2019-10-18 14:32:52,867 [07da283f-72b3-4610-abc1-72d23674d905@group-FC4AF7988711-LeaderElection2] INFO  server.RaftServerConfigKeys (ConfUtils.java:logGet(43)) - raft.server.staging.catchup.gap = 1000 (default)
2019-10-18 14:32:52,868 [07da283f-72b3-4610-abc1-72d23674d905@group-FC4AF7988711-LeaderElection2] INFO  server.RaftServerConfigKeys (ConfUtils.java:logGet(43)) - raft.server.rpc.sleep.time = 25ms (default)
2019-10-18 14:32:52,868 [07da283f-72b3-4610-abc1-72d23674d905@group-FC4AF7988711-LeaderElection2] INFO  server.RaftServerConfigKeys (ConfUtils.java:logGet(43)) - raft.server.write.element-limit = 4096 (default)
2019-10-18 14:32:52,868 [07da283f-72b3-4610-abc1-72d23674d905@group-FC4AF7988711-LeaderElection2] INFO  server.RaftServerConfigKeys (ConfUtils.java:logGet(43)) - raft.server.watch.timeout = 10s (default)
2019-10-18 14:32:52,868 [07da283f-72b3-4610-abc1-72d23674d905@group-FC4AF7988711-LeaderElection2] INFO  server.RaftServerConfigKeys (ConfUtils.java:logGet(43)) - raft.server.watch.timeout.denomination = 1s (default)
2019-10-18 14:32:52,868 [07da283f-72b3-4610-abc1-72d23674d905@group-FC4AF7988711-LeaderElection2] INFO  server.RaftServerConfigKeys (ConfUtils.java:logGet(43)) - raft.server.watch.element-limit = 65536 (default)
2019-10-18 14:32:52,874 [07da283f-72b3-4610-abc1-72d23674d905@group-FC4AF7988711-LeaderElection2] INFO  impl.RoleInfo (RoleInfo.java:updateAndGet(143)) - 07da283f-72b3-4610-abc1-72d23674d905: start LeaderState
2019-10-18 14:32:52,874 [07da283f-72b3-4610-abc1-72d23674d905@group-FC4AF7988711-LeaderElection2] INFO  segmented.SegmentedRaftLogWorker (SegmentedRaftLogWorker.java:startLogSegment(385)) - 07da283f-72b3-4610-abc1-72d23674d905@group-FC4AF7988711-SegmentedRaftLogWorker: Starting segment from index:0
2019-10-18 14:32:52,875 [07da283f-72b3-4610-abc1-72d23674d905@group-FC4AF7988711-LeaderElection2] INFO  impl.RaftServerImpl (ServerState.java:setRaftConf(357)) - 07da283f-72b3-4610-abc1-72d23674d905@group-FC4AF7988711: set configuration 0: [07da283f-72b3-4610-abc1-72d23674d905:192.168.164.233:38130], old=null at 0
2019-10-18 14:32:52,879 [pool-37-thread-1] INFO  storage.RaftStorage (RaftStorage.java:format(84)) - Storage directory /workdir/hadoop-ozone/integration-test/target/test-dir/MiniOzoneClusterImpl-f465728d-d17c-4acf-bac7-b15b0ed995a5/datanode-1/data/ratis/672fd54f-c761-4976-810f-26b472b5ccc3 has been successfully formatted.
2019-10-18 14:32:52,880 [pool-37-thread-1] INFO  ratis.ContainerStateMachine (ContainerStateMachine.java:loadSnapshot(231)) - group-26B472B5CCC3: The snapshot info is null. Setting the last applied indexto:(t:0, i:~)
2019-10-18 14:32:52,880 [pool-37-thread-1] INFO  server.RaftServerConfigKeys (ConfUtils.java:logGet(43)) - raft.server.notification.no-leader.timeout = 1000s (custom)
2019-10-18 14:32:52,880 [pool-37-thread-1] INFO  server.RaftServerConfigKeys (ConfUtils.java:logGet(43)) - raft.server.log.use.memory = false (default)
2019-10-18 14:32:52,880 [pool-37-thread-1] INFO  server.RaftServerConfigKeys (ConfUtils.java:logGet(43)) - raft.server.log.purge.gap = 1000000 (custom)
2019-10-18 14:32:52,880 [pool-37-thread-1] INFO  server.RaftServerConfigKeys (ConfUtils.java:logGet(43)) - raft.server.log.appender.buffer.byte-limit = 33554432 (custom)
2019-10-18 14:32:52,880 [pool-37-thread-1] INFO  server.RaftServerConfigKeys (ConfUtils.java:logGet(43)) - raft.server.log.segment.size.max = 1048576 (custom)
2019-10-18 14:32:52,883 [pool-37-thread-1] INFO  server.RaftServerConfigKeys (ConfUtils.java:logGet(43)) - raft.server.log.segment.cache.num.max = 2 (custom)
2019-10-18 14:32:52,883 [pool-37-thread-1] INFO  segmented.SegmentedRaftLogWorker (SegmentedRaftLogWorker.java:<init>(173)) - new c5b86445-9c87-4edb-b176-8eaf015b94aa@group-26B472B5CCC3-SegmentedRaftLogWorker for RaftStorage:Storage Directory /workdir/hadoop-ozone/integration-test/target/test-dir/MiniOzoneClusterImpl-f465728d-d17c-4acf-bac7-b15b0ed995a5/datanode-1/data/ratis/672fd54f-c761-4976-810f-26b472b5ccc3
2019-10-18 14:32:52,883 [pool-37-thread-1] INFO  server.RaftServerConfigKeys (ConfUtils.java:logGet(43)) - raft.server.log.queue.byte-limit = 2147483647 (custom)
2019-10-18 14:32:52,883 [pool-37-thread-1] INFO  server.RaftServerConfigKeys (ConfUtils.java:logGet(43)) - raft.server.log.queue.element-limit = 1024 (custom)
2019-10-18 14:32:52,883 [pool-37-thread-1] INFO  server.RaftServerConfigKeys (ConfUtils.java:logGet(43)) - raft.server.log.segment.size.max = 1048576 (custom)
2019-10-18 14:32:52,884 [pool-37-thread-1] INFO  server.RaftServerConfigKeys (ConfUtils.java:logGet(43)) - raft.server.log.preallocated.size = 16384 (custom)
2019-10-18 14:32:52,884 [pool-37-thread-1] INFO  server.RaftServerConfigKeys (ConfUtils.java:logGet(43)) - raft.server.log.write.buffer.size = 33554432 (custom)
2019-10-18 14:32:52,884 [pool-37-thread-1] INFO  server.RaftServerConfigKeys (ConfUtils.java:logGet(43)) - raft.server.log.force.sync.num = 128 (default)
2019-10-18 14:32:52,884 [pool-37-thread-1] INFO  server.RaftServerConfigKeys (ConfUtils.java:logGet(43)) - raft.server.log.statemachine.data.sync = true (default)
2019-10-18 14:32:52,884 [pool-37-thread-1] INFO  server.RaftServerConfigKeys (ConfUtils.java:logGet(43)) - raft.server.log.statemachine.data.sync.timeout = 10s (default)
2019-10-18 14:32:52,884 [pool-37-thread-1] INFO  server.RaftServerConfigKeys (ConfUtils.java:logGet(43)) - raft.server.log.statemachine.data.sync.timeout.retry = -1 (default)
2019-10-18 14:32:52,885 [pool-37-thread-1] INFO  server.RaftServerConfigKeys (ConfUtils.java:logGet(43)) - raft.server.log.statemachine.data.caching.enabled = true (custom)
2019-10-18 14:32:52,885 [pool-37-thread-1] INFO  segmented.SegmentedRaftLogWorker (SegmentedRaftLogWorker.java:lambda$new$0(128)) - c5b86445-9c87-4edb-b176-8eaf015b94aa@group-26B472B5CCC3-SegmentedRaftLogWorker: flushIndex: setUnconditionally 0 -> -1
2019-10-18 14:32:52,885 [pool-37-thread-1] INFO  server.RaftServerConfigKeys (ConfUtils.java:logGet(43)) - raft.server.snapshot.auto.trigger.enabled = true (custom)
2019-10-18 14:32:52,886 [pool-37-thread-1] INFO  server.RaftServerConfigKeys (ConfUtils.java:logGet(43)) - raft.server.snapshot.auto.trigger.threshold = 10000 (custom)
2019-10-18 14:32:52,886 [pool-37-thread-1] INFO  server.RaftServerConfigKeys (ConfUtils.java:logGet(43)) - raft.server.snapshot.retention.file.num = 5 (custom)
2019-10-18 14:32:52,886 [pool-37-thread-1] INFO  server.RaftServerConfigKeys (ConfUtils.java:logGet(43)) - raft.server.retrycache.expirytime = 600000ms (custom)
2019-10-18 14:32:52,890 [pool-37-thread-1] INFO  impl.RaftServerImpl (RaftServerImpl.java:start(195)) - c5b86445-9c87-4edb-b176-8eaf015b94aa@group-26B472B5CCC3: start as a follower, conf=-1: [c5b86445-9c87-4edb-b176-8eaf015b94aa:192.168.164.233:40993], old=null
2019-10-18 14:32:52,891 [pool-37-thread-1] INFO  impl.RaftServerImpl (RaftServerImpl.java:setRole(184)) - c5b86445-9c87-4edb-b176-8eaf015b94aa@group-26B472B5CCC3: changes role from      null to FOLLOWER at term 0 for startAsFollower
2019-10-18 14:32:52,891 [pool-37-thread-1] INFO  impl.RoleInfo (RoleInfo.java:updateAndGet(143)) - c5b86445-9c87-4edb-b176-8eaf015b94aa: start FollowerState
2019-10-18 14:32:52,891 [pool-37-thread-1] INFO  util.JmxRegister (JmxRegister.java:tryRegister(44)) - Successfully registered JMX Bean with object name Ratis:service=RaftServer,group=group-26B472B5CCC3,id=c5b86445-9c87-4edb-b176-8eaf015b94aa
2019-10-18 14:32:52,902 [RatisPipelineUtilsThread] INFO  pipeline.PipelineStateManager (PipelineStateManager.java:addPipeline(56)) - Created pipeline Pipeline[ Id: 672fd54f-c761-4976-810f-26b472b5ccc3, Nodes: c5b86445-9c87-4edb-b176-8eaf015b94aa{ip: 192.168.164.233, host: pr-hdds-2327-vtdmt-1103746116, networkLocation: /default-rack, certSerialId: null}, Type:RATIS, Factor:ONE, State:OPEN]
2019-10-18 14:32:52,924 [grpc-default-executor-0] INFO  impl.RaftServerProxy (RaftServerProxy.java:addNew(89)) - c3a3cb61-beea-4a1a-8639-85f6e846679d: addNew group-50F79935BC6A:[07da283f-72b3-4610-abc1-72d23674d905:192.168.164.233:38130, c3a3cb61-beea-4a1a-8639-85f6e846679d:192.168.164.233:33135, c5b86445-9c87-4edb-b176-8eaf015b94aa:192.168.164.233:40993] returns group-50F79935BC6A:java.util.concurrent.CompletableFuture@616f10fa[Not completed]
2019-10-18 14:32:52,924 [grpc-default-executor-1] INFO  impl.RaftServerProxy (RaftServerProxy.java:addNew(89)) - c5b86445-9c87-4edb-b176-8eaf015b94aa: addNew group-50F79935BC6A:[07da283f-72b3-4610-abc1-72d23674d905:192.168.164.233:38130, c3a3cb61-beea-4a1a-8639-85f6e846679d:192.168.164.233:33135, c5b86445-9c87-4edb-b176-8eaf015b94aa:192.168.164.233:40993] returns group-50F79935BC6A:java.util.concurrent.CompletableFuture@3cfbdab7[Not completed]
2019-10-18 14:32:52,925 [grpc-default-executor-2] INFO  impl.RaftServerProxy (RaftServerProxy.java:addNew(89)) - 07da283f-72b3-4610-abc1-72d23674d905: addNew group-50F79935BC6A:[07da283f-72b3-4610-abc1-72d23674d905:192.168.164.233:38130, c3a3cb61-beea-4a1a-8639-85f6e846679d:192.168.164.233:33135, c5b86445-9c87-4edb-b176-8eaf015b94aa:192.168.164.233:40993] returns group-50F79935BC6A:java.util.concurrent.CompletableFuture@2a77665[Not completed]
2019-10-18 14:32:52,926 [pool-27-thread-1] INFO  impl.RaftServerImpl (RaftServerImpl.java:<init>(104)) - c3a3cb61-beea-4a1a-8639-85f6e846679d: new RaftServerImpl for group-50F79935BC6A:[07da283f-72b3-4610-abc1-72d23674d905:192.168.164.233:38130, c3a3cb61-beea-4a1a-8639-85f6e846679d:192.168.164.233:33135, c5b86445-9c87-4edb-b176-8eaf015b94aa:192.168.164.233:40993] with ContainerStateMachine:uninitialized
2019-10-18 14:32:52,926 [pool-27-thread-1] INFO  server.RaftServerConfigKeys (ConfUtils.java:logGet(43)) - raft.server.rpc.timeout.min = 5s (custom)
2019-10-18 14:32:52,927 [pool-27-thread-1] INFO  server.RaftServerConfigKeys (ConfUtils.java:logGet(43)) - raft.server.rpc.timeout.max = 5200ms (custom)
2019-10-18 14:32:52,927 [pool-27-thread-1] INFO  server.RaftServerConfigKeys (ConfUtils.java:logGet(43)) - raft.server.rpcslowness.timeout = 1000s (custom)
2019-10-18 14:32:52,927 [pool-27-thread-1] INFO  server.RaftServerConfigKeys (ConfUtils.java:logGet(43)) - raft.server.sleep.deviation.threshold = 300 (default)
2019-10-18 14:32:52,927 [pool-27-thread-1] INFO  server.RaftServerConfigKeys (ConfUtils.java:logGet(43)) - raft.server.log.appender.install.snapshot.enabled = false (custom)
2019-10-18 14:32:52,927 [pool-27-thread-1] INFO  impl.RaftServerImpl (ServerState.java:<init>(103)) - c3a3cb61-beea-4a1a-8639-85f6e846679d@group-50F79935BC6A: ConfigurationManager, init=-1: [07da283f-72b3-4610-abc1-72d23674d905:192.168.164.233:38130, c3a3cb61-beea-4a1a-8639-85f6e846679d:192.168.164.233:33135, c5b86445-9c87-4edb-b176-8eaf015b94aa:192.168.164.233:40993], old=null, confs=<EMPTY_MAP>
2019-10-18 14:32:52,927 [pool-47-thread-1] INFO  impl.RaftServerImpl (RaftServerImpl.java:<init>(104)) - 07da283f-72b3-4610-abc1-72d23674d905: new RaftServerImpl for group-50F79935BC6A:[07da283f-72b3-4610-abc1-72d23674d905:192.168.164.233:38130, c3a3cb61-beea-4a1a-8639-85f6e846679d:192.168.164.233:33135, c5b86445-9c87-4edb-b176-8eaf015b94aa:192.168.164.233:40993] with ContainerStateMachine:uninitialized
2019-10-18 14:32:52,928 [pool-27-thread-1] INFO  server.RaftServerConfigKeys (ConfUtils.java:logGet(43)) - raft.server.storage.dir = [/workdir/hadoop-ozone/integration-test/target/test-dir/MiniOzoneClusterImpl-f465728d-d17c-4acf-bac7-b15b0ed995a5/datanode-0/data/ratis] (custom)
2019-10-18 14:32:52,928 [pool-47-thread-1] INFO  server.RaftServerConfigKeys (ConfUtils.java:logGet(43)) - raft.server.rpc.timeout.min = 5s (custom)
2019-10-18 14:32:52,928 [pool-47-thread-1] INFO  server.RaftServerConfigKeys (ConfUtils.java:logGet(43)) - raft.server.rpc.timeout.max = 5200ms (custom)
2019-10-18 14:32:52,928 [pool-27-thread-1] INFO  server.RaftServerConfigKeys (ConfUtils.java:logGet(43)) - raft.server.log.corruption.policy = EXCEPTION (default)
2019-10-18 14:32:52,928 [pool-37-thread-1] INFO  impl.RaftServerImpl (RaftServerImpl.java:<init>(104)) - c5b86445-9c87-4edb-b176-8eaf015b94aa: new RaftServerImpl for group-50F79935BC6A:[07da283f-72b3-4610-abc1-72d23674d905:192.168.164.233:38130, c3a3cb61-beea-4a1a-8639-85f6e846679d:192.168.164.233:33135, c5b86445-9c87-4edb-b176-8eaf015b94aa:192.168.164.233:40993] with ContainerStateMachine:uninitialized
2019-10-18 14:32:52,928 [pool-47-thread-1] INFO  server.RaftServerConfigKeys (ConfUtils.java:logGet(43)) - raft.server.rpcslowness.timeout = 1000s (custom)
2019-10-18 14:32:52,928 [pool-37-thread-1] INFO  server.RaftServerConfigKeys (ConfUtils.java:logGet(43)) - raft.server.rpc.timeout.min = 5s (custom)
2019-10-18 14:32:52,928 [pool-27-thread-1] INFO  storage.RaftStorageDirectory (RaftStorageDirectory.java:analyzeStorage(246)) - The storage directory /workdir/hadoop-ozone/integration-test/target/test-dir/MiniOzoneClusterImpl-f465728d-d17c-4acf-bac7-b15b0ed995a5/datanode-0/data/ratis/1b899901-10f6-4f6e-b1b6-50f79935bc6a does not exist. Creating ...
2019-10-18 14:32:52,928 [pool-37-thread-1] INFO  server.RaftServerConfigKeys (ConfUtils.java:logGet(43)) - raft.server.rpc.timeout.max = 5200ms (custom)
2019-10-18 14:32:52,928 [pool-47-thread-1] INFO  server.RaftServerConfigKeys (ConfUtils.java:logGet(43)) - raft.server.sleep.deviation.threshold = 300 (default)
2019-10-18 14:32:52,929 [pool-37-thread-1] INFO  server.RaftServerConfigKeys (ConfUtils.java:logGet(43)) - raft.server.rpcslowness.timeout = 1000s (custom)
2019-10-18 14:32:52,929 [pool-47-thread-1] INFO  server.RaftServerConfigKeys (ConfUtils.java:logGet(43)) - raft.server.log.appender.install.snapshot.enabled = false (custom)
2019-10-18 14:32:52,929 [pool-37-thread-1] INFO  server.RaftServerConfigKeys (ConfUtils.java:logGet(43)) - raft.server.sleep.deviation.threshold = 300 (default)
2019-10-18 14:32:52,929 [pool-47-thread-1] INFO  impl.RaftServerImpl (ServerState.java:<init>(103)) - 07da283f-72b3-4610-abc1-72d23674d905@group-50F79935BC6A: ConfigurationManager, init=-1: [07da283f-72b3-4610-abc1-72d23674d905:192.168.164.233:38130, c3a3cb61-beea-4a1a-8639-85f6e846679d:192.168.164.233:33135, c5b86445-9c87-4edb-b176-8eaf015b94aa:192.168.164.233:40993], old=null, confs=<EMPTY_MAP>
2019-10-18 14:32:52,929 [pool-37-thread-1] INFO  server.RaftServerConfigKeys (ConfUtils.java:logGet(43)) - raft.server.log.appender.install.snapshot.enabled = false (custom)
2019-10-18 14:32:52,930 [pool-47-thread-1] INFO  server.RaftServerConfigKeys (ConfUtils.java:logGet(43)) - raft.server.storage.dir = [/workdir/hadoop-ozone/integration-test/target/test-dir/MiniOzoneClusterImpl-f465728d-d17c-4acf-bac7-b15b0ed995a5/datanode-2/data/ratis] (custom)
2019-10-18 14:32:52,930 [pool-37-thread-1] INFO  impl.RaftServerImpl (ServerState.java:<init>(103)) - c5b86445-9c87-4edb-b176-8eaf015b94aa@group-50F79935BC6A: ConfigurationManager, init=-1: [07da283f-72b3-4610-abc1-72d23674d905:192.168.164.233:38130, c3a3cb61-beea-4a1a-8639-85f6e846679d:192.168.164.233:33135, c5b86445-9c87-4edb-b176-8eaf015b94aa:192.168.164.233:40993], old=null, confs=<EMPTY_MAP>
2019-10-18 14:32:52,930 [pool-37-thread-1] INFO  server.RaftServerConfigKeys (ConfUtils.java:logGet(43)) - raft.server.storage.dir = [/workdir/hadoop-ozone/integration-test/target/test-dir/MiniOzoneClusterImpl-f465728d-d17c-4acf-bac7-b15b0ed995a5/datanode-1/data/ratis] (custom)
2019-10-18 14:32:52,930 [pool-47-thread-1] INFO  server.RaftServerConfigKeys (ConfUtils.java:logGet(43)) - raft.server.log.corruption.policy = EXCEPTION (default)
2019-10-18 14:32:52,930 [pool-37-thread-1] INFO  server.RaftServerConfigKeys (ConfUtils.java:logGet(43)) - raft.server.log.corruption.policy = EXCEPTION (default)
2019-10-18 14:32:52,930 [pool-47-thread-1] INFO  storage.RaftStorageDirectory (RaftStorageDirectory.java:analyzeStorage(246)) - The storage directory /workdir/hadoop-ozone/integration-test/target/test-dir/MiniOzoneClusterImpl-f465728d-d17c-4acf-bac7-b15b0ed995a5/datanode-2/data/ratis/1b899901-10f6-4f6e-b1b6-50f79935bc6a does not exist. Creating ...
2019-10-18 14:32:52,930 [pool-37-thread-1] INFO  storage.RaftStorageDirectory (RaftStorageDirectory.java:analyzeStorage(246)) - The storage directory /workdir/hadoop-ozone/integration-test/target/test-dir/MiniOzoneClusterImpl-f465728d-d17c-4acf-bac7-b15b0ed995a5/datanode-1/data/ratis/1b899901-10f6-4f6e-b1b6-50f79935bc6a does not exist. Creating ...
2019-10-18 14:32:52,942 [pool-47-thread-1] INFO  storage.RaftStorageDirectory (RaftStorageDirectory.java:tryLock(328)) - Lock on /workdir/hadoop-ozone/integration-test/target/test-dir/MiniOzoneClusterImpl-f465728d-d17c-4acf-bac7-b15b0ed995a5/datanode-2/data/ratis/1b899901-10f6-4f6e-b1b6-50f79935bc6a/in_use.lock acquired by nodename 8290@pr-hdds-2327-vtdmt-1103746116
2019-10-18 14:32:52,942 [pool-27-thread-1] INFO  storage.RaftStorageDirectory (RaftStorageDirectory.java:tryLock(328)) - Lock on /workdir/hadoop-ozone/integration-test/target/test-dir/MiniOzoneClusterImpl-f465728d-d17c-4acf-bac7-b15b0ed995a5/datanode-0/data/ratis/1b899901-10f6-4f6e-b1b6-50f79935bc6a/in_use.lock acquired by nodename 8290@pr-hdds-2327-vtdmt-1103746116
2019-10-18 14:32:52,942 [pool-37-thread-1] INFO  storage.RaftStorageDirectory (RaftStorageDirectory.java:tryLock(328)) - Lock on /workdir/hadoop-ozone/integration-test/target/test-dir/MiniOzoneClusterImpl-f465728d-d17c-4acf-bac7-b15b0ed995a5/datanode-1/data/ratis/1b899901-10f6-4f6e-b1b6-50f79935bc6a/in_use.lock acquired by nodename 8290@pr-hdds-2327-vtdmt-1103746116
2019-10-18 14:32:52,967 [pool-37-thread-1] INFO  storage.RaftStorage (RaftStorage.java:format(84)) - Storage directory /workdir/hadoop-ozone/integration-test/target/test-dir/MiniOzoneClusterImpl-f465728d-d17c-4acf-bac7-b15b0ed995a5/datanode-1/data/ratis/1b899901-10f6-4f6e-b1b6-50f79935bc6a has been successfully formatted.
2019-10-18 14:32:52,967 [pool-47-thread-1] INFO  storage.RaftStorage (RaftStorage.java:format(84)) - Storage directory /workdir/hadoop-ozone/integration-test/target/test-dir/MiniOzoneClusterImpl-f465728d-d17c-4acf-bac7-b15b0ed995a5/datanode-2/data/ratis/1b899901-10f6-4f6e-b1b6-50f79935bc6a has been successfully formatted.
2019-10-18 14:32:52,967 [pool-27-thread-1] INFO  storage.RaftStorage (RaftStorage.java:format(84)) - Storage directory /workdir/hadoop-ozone/integration-test/target/test-dir/MiniOzoneClusterImpl-f465728d-d17c-4acf-bac7-b15b0ed995a5/datanode-0/data/ratis/1b899901-10f6-4f6e-b1b6-50f79935bc6a has been successfully formatted.
2019-10-18 14:32:52,967 [pool-37-thread-1] INFO  ratis.ContainerStateMachine (ContainerStateMachine.java:loadSnapshot(231)) - group-50F79935BC6A: The snapshot info is null. Setting the last applied indexto:(t:0, i:~)
2019-10-18 14:32:52,968 [pool-47-thread-1] INFO  ratis.ContainerStateMachine (ContainerStateMachine.java:loadSnapshot(231)) - group-50F79935BC6A: The snapshot info is null. Setting the last applied indexto:(t:0, i:~)
2019-10-18 14:32:52,968 [pool-37-thread-1] INFO  server.RaftServerConfigKeys (ConfUtils.java:logGet(43)) - raft.server.notification.no-leader.timeout = 1000s (custom)
2019-10-18 14:32:52,968 [pool-27-thread-1] INFO  ratis.ContainerStateMachine (ContainerStateMachine.java:loadSnapshot(231)) - group-50F79935BC6A: The snapshot info is null. Setting the last applied indexto:(t:0, i:~)
2019-10-18 14:32:52,968 [pool-47-thread-1] INFO  server.RaftServerConfigKeys (ConfUtils.java:logGet(43)) - raft.server.notification.no-leader.timeout = 1000s (custom)
2019-10-18 14:32:52,968 [pool-37-thread-1] INFO  server.RaftServerConfigKeys (ConfUtils.java:logGet(43)) - raft.server.log.use.memory = false (default)
2019-10-18 14:32:52,968 [pool-47-thread-1] INFO  server.RaftServerConfigKeys (ConfUtils.java:logGet(43)) - raft.server.log.use.memory = false (default)
2019-10-18 14:32:52,968 [pool-27-thread-1] INFO  server.RaftServerConfigKeys (ConfUtils.java:logGet(43)) - raft.server.notification.no-leader.timeout = 1000s (custom)
2019-10-18 14:32:52,968 [pool-47-thread-1] INFO  server.RaftServerConfigKeys (ConfUtils.java:logGet(43)) - raft.server.log.purge.gap = 1000000 (custom)
2019-10-18 14:32:52,968 [pool-37-thread-1] INFO  server.RaftServerConfigKeys (ConfUtils.java:logGet(43)) - raft.server.log.purge.gap = 1000000 (custom)
2019-10-18 14:32:52,969 [pool-47-thread-1] INFO  server.RaftServerConfigKeys (ConfUtils.java:logGet(43)) - raft.server.log.appender.buffer.byte-limit = 33554432 (custom)
2019-10-18 14:32:52,968 [pool-27-thread-1] INFO  server.RaftServerConfigKeys (ConfUtils.java:logGet(43)) - raft.server.log.use.memory = false (default)
2019-10-18 14:32:52,969 [pool-47-thread-1] INFO  server.RaftServerConfigKeys (ConfUtils.java:logGet(43)) - raft.server.log.segment.size.max = 1048576 (custom)
2019-10-18 14:32:52,969 [pool-37-thread-1] INFO  server.RaftServerConfigKeys (ConfUtils.java:logGet(43)) - raft.server.log.appender.buffer.byte-limit = 33554432 (custom)
2019-10-18 14:32:52,969 [pool-47-thread-1] INFO  server.RaftServerConfigKeys (ConfUtils.java:logGet(43)) - raft.server.log.segment.cache.num.max = 2 (custom)
2019-10-18 14:32:52,969 [pool-27-thread-1] INFO  server.RaftServerConfigKeys (ConfUtils.java:logGet(43)) - raft.server.log.purge.gap = 1000000 (custom)
2019-10-18 14:32:52,969 [pool-47-thread-1] INFO  segmented.SegmentedRaftLogWorker (SegmentedRaftLogWorker.java:<init>(173)) - new 07da283f-72b3-4610-abc1-72d23674d905@group-50F79935BC6A-SegmentedRaftLogWorker for RaftStorage:Storage Directory /workdir/hadoop-ozone/integration-test/target/test-dir/MiniOzoneClusterImpl-f465728d-d17c-4acf-bac7-b15b0ed995a5/datanode-2/data/ratis/1b899901-10f6-4f6e-b1b6-50f79935bc6a
2019-10-18 14:32:52,969 [pool-37-thread-1] INFO  server.RaftServerConfigKeys (ConfUtils.java:logGet(43)) - raft.server.log.segment.size.max = 1048576 (custom)
2019-10-18 14:32:52,970 [pool-47-thread-1] INFO  server.RaftServerConfigKeys (ConfUtils.java:logGet(43)) - raft.server.log.queue.byte-limit = 2147483647 (custom)
2019-10-18 14:32:52,969 [pool-27-thread-1] INFO  server.RaftServerConfigKeys (ConfUtils.java:logGet(43)) - raft.server.log.appender.buffer.byte-limit = 33554432 (custom)
2019-10-18 14:32:52,970 [pool-47-thread-1] INFO  server.RaftServerConfigKeys (ConfUtils.java:logGet(43)) - raft.server.log.queue.element-limit = 1024 (custom)
2019-10-18 14:32:52,970 [pool-37-thread-1] INFO  server.RaftServerConfigKeys (ConfUtils.java:logGet(43)) - raft.server.log.segment.cache.num.max = 2 (custom)
2019-10-18 14:32:52,970 [pool-27-thread-1] INFO  server.RaftServerConfigKeys (ConfUtils.java:logGet(43)) - raft.server.log.segment.size.max = 1048576 (custom)
2019-10-18 14:32:52,970 [pool-37-thread-1] INFO  segmented.SegmentedRaftLogWorker (SegmentedRaftLogWorker.java:<init>(173)) - new c5b86445-9c87-4edb-b176-8eaf015b94aa@group-50F79935BC6A-SegmentedRaftLogWorker for RaftStorage:Storage Directory /workdir/hadoop-ozone/integration-test/target/test-dir/MiniOzoneClusterImpl-f465728d-d17c-4acf-bac7-b15b0ed995a5/datanode-1/data/ratis/1b899901-10f6-4f6e-b1b6-50f79935bc6a
2019-10-18 14:32:52,970 [pool-47-thread-1] INFO  server.RaftServerConfigKeys (ConfUtils.java:logGet(43)) - raft.server.log.segment.size.max = 1048576 (custom)
2019-10-18 14:32:52,970 [pool-37-thread-1] INFO  server.RaftServerConfigKeys (ConfUtils.java:logGet(43)) - raft.server.log.queue.byte-limit = 2147483647 (custom)
2019-10-18 14:32:52,970 [pool-27-thread-1] INFO  server.RaftServerConfigKeys (ConfUtils.java:logGet(43)) - raft.server.log.segment.cache.num.max = 2 (custom)
2019-10-18 14:32:52,970 [pool-37-thread-1] INFO  server.RaftServerConfigKeys (ConfUtils.java:logGet(43)) - raft.server.log.queue.element-limit = 1024 (custom)
2019-10-18 14:32:52,970 [pool-47-thread-1] INFO  server.RaftServerConfigKeys (ConfUtils.java:logGet(43)) - raft.server.log.preallocated.size = 16384 (custom)
2019-10-18 14:32:52,971 [pool-37-thread-1] INFO  server.RaftServerConfigKeys (ConfUtils.java:logGet(43)) - raft.server.log.segment.size.max = 1048576 (custom)
2019-10-18 14:32:52,971 [pool-27-thread-1] INFO  segmented.SegmentedRaftLogWorker (SegmentedRaftLogWorker.java:<init>(173)) - new c3a3cb61-beea-4a1a-8639-85f6e846679d@group-50F79935BC6A-SegmentedRaftLogWorker for RaftStorage:Storage Directory /workdir/hadoop-ozone/integration-test/target/test-dir/MiniOzoneClusterImpl-f465728d-d17c-4acf-bac7-b15b0ed995a5/datanode-0/data/ratis/1b899901-10f6-4f6e-b1b6-50f79935bc6a
2019-10-18 14:32:52,971 [pool-37-thread-1] INFO  server.RaftServerConfigKeys (ConfUtils.java:logGet(43)) - raft.server.log.preallocated.size = 16384 (custom)
2019-10-18 14:32:52,971 [pool-47-thread-1] INFO  server.RaftServerConfigKeys (ConfUtils.java:logGet(43)) - raft.server.log.write.buffer.size = 33554432 (custom)
2019-10-18 14:32:52,971 [pool-37-thread-1] INFO  server.RaftServerConfigKeys (ConfUtils.java:logGet(43)) - raft.server.log.write.buffer.size = 33554432 (custom)
2019-10-18 14:32:52,971 [pool-27-thread-1] INFO  server.RaftServerConfigKeys (ConfUtils.java:logGet(43)) - raft.server.log.queue.byte-limit = 2147483647 (custom)
2019-10-18 14:32:52,971 [pool-37-thread-1] INFO  server.RaftServerConfigKeys (ConfUtils.java:logGet(43)) - raft.server.log.force.sync.num = 128 (default)
2019-10-18 14:32:52,971 [pool-47-thread-1] INFO  server.RaftServerConfigKeys (ConfUtils.java:logGet(43)) - raft.server.log.force.sync.num = 128 (default)
2019-10-18 14:32:52,971 [pool-37-thread-1] INFO  server.RaftServerConfigKeys (ConfUtils.java:logGet(43)) - raft.server.log.statemachine.data.sync = true (default)
2019-10-18 14:32:52,971 [pool-27-thread-1] INFO  server.RaftServerConfigKeys (ConfUtils.java:logGet(43)) - raft.server.log.queue.element-limit = 1024 (custom)
2019-10-18 14:32:52,972 [pool-37-thread-1] INFO  server.RaftServerConfigKeys (ConfUtils.java:logGet(43)) - raft.server.log.statemachine.data.sync.timeout = 10s (default)
2019-10-18 14:32:52,972 [pool-47-thread-1] INFO  server.RaftServerConfigKeys (ConfUtils.java:logGet(43)) - raft.server.log.statemachine.data.sync = true (default)
2019-10-18 14:32:52,972 [pool-37-thread-1] INFO  server.RaftServerConfigKeys (ConfUtils.java:logGet(43)) - raft.server.log.statemachine.data.sync.timeout.retry = -1 (default)
2019-10-18 14:32:52,972 [pool-27-thread-1] INFO  server.RaftServerConfigKeys (ConfUtils.java:logGet(43)) - raft.server.log.segment.size.max = 1048576 (custom)
2019-10-18 14:32:52,972 [pool-47-thread-1] INFO  server.RaftServerConfigKeys (ConfUtils.java:logGet(43)) - raft.server.log.statemachine.data.sync.timeout = 10s (default)
2019-10-18 14:32:52,972 [pool-37-thread-1] INFO  server.RaftServerConfigKeys (ConfUtils.java:logGet(43)) - raft.server.log.statemachine.data.caching.enabled = true (custom)
2019-10-18 14:32:52,972 [pool-27-thread-1] INFO  server.RaftServerConfigKeys (ConfUtils.java:logGet(43)) - raft.server.log.preallocated.size = 16384 (custom)
2019-10-18 14:32:52,973 [pool-47-thread-1] INFO  server.RaftServerConfigKeys (ConfUtils.java:logGet(43)) - raft.server.log.statemachine.data.sync.timeout.retry = -1 (default)
2019-10-18 14:32:52,973 [pool-37-thread-1] INFO  segmented.SegmentedRaftLogWorker (SegmentedRaftLogWorker.java:lambda$new$0(128)) - c5b86445-9c87-4edb-b176-8eaf015b94aa@group-50F79935BC6A-SegmentedRaftLogWorker: flushIndex: setUnconditionally 0 -> -1
2019-10-18 14:32:52,973 [pool-27-thread-1] INFO  server.RaftServerConfigKeys (ConfUtils.java:logGet(43)) - raft.server.log.write.buffer.size = 33554432 (custom)
2019-10-18 14:32:52,973 [pool-47-thread-1] INFO  server.RaftServerConfigKeys (ConfUtils.java:logGet(43)) - raft.server.log.statemachine.data.caching.enabled = true (custom)
2019-10-18 14:32:52,973 [pool-37-thread-1] INFO  server.RaftServerConfigKeys (ConfUtils.java:logGet(43)) - raft.server.snapshot.auto.trigger.enabled = true (custom)
2019-10-18 14:32:52,973 [pool-27-thread-1] INFO  server.RaftServerConfigKeys (ConfUtils.java:logGet(43)) - raft.server.log.force.sync.num = 128 (default)
2019-10-18 14:32:52,973 [pool-37-thread-1] INFO  server.RaftServerConfigKeys (ConfUtils.java:logGet(43)) - raft.server.snapshot.auto.trigger.threshold = 10000 (custom)
2019-10-18 14:32:52,973 [pool-27-thread-1] INFO  server.RaftServerConfigKeys (ConfUtils.java:logGet(43)) - raft.server.log.statemachine.data.sync = true (default)
2019-10-18 14:32:52,974 [pool-47-thread-1] INFO  segmented.SegmentedRaftLogWorker (SegmentedRaftLogWorker.java:lambda$new$0(128)) - 07da283f-72b3-4610-abc1-72d23674d905@group-50F79935BC6A-SegmentedRaftLogWorker: flushIndex: setUnconditionally 0 -> -1
2019-10-18 14:32:52,974 [pool-37-thread-1] INFO  server.RaftServerConfigKeys (ConfUtils.java:logGet(43)) - raft.server.snapshot.retention.file.num = 5 (custom)
2019-10-18 14:32:52,974 [pool-27-thread-1] INFO  server.RaftServerConfigKeys (ConfUtils.java:logGet(43)) - raft.server.log.statemachine.data.sync.timeout = 10s (default)
2019-10-18 14:32:52,974 [pool-27-thread-1] INFO  server.RaftServerConfigKeys (ConfUtils.java:logGet(43)) - raft.server.log.statemachine.data.sync.timeout.retry = -1 (default)
2019-10-18 14:32:52,986 [pool-27-thread-1] INFO  server.RaftServerConfigKeys (ConfUtils.java:logGet(43)) - raft.server.log.statemachine.data.caching.enabled = true (custom)
2019-10-18 14:32:52,987 [pool-47-thread-1] INFO  server.RaftServerConfigKeys (ConfUtils.java:logGet(43)) - raft.server.snapshot.auto.trigger.enabled = true (custom)
2019-10-18 14:32:52,987 [pool-37-thread-1] INFO  server.RaftServerConfigKeys (ConfUtils.java:logGet(43)) - raft.server.retrycache.expirytime = 600000ms (custom)
2019-10-18 14:32:52,987 [pool-47-thread-1] INFO  server.RaftServerConfigKeys (ConfUtils.java:logGet(43)) - raft.server.snapshot.auto.trigger.threshold = 10000 (custom)
2019-10-18 14:32:52,987 [pool-27-thread-1] INFO  segmented.SegmentedRaftLogWorker (SegmentedRaftLogWorker.java:lambda$new$0(128)) - c3a3cb61-beea-4a1a-8639-85f6e846679d@group-50F79935BC6A-SegmentedRaftLogWorker: flushIndex: setUnconditionally 0 -> -1
2019-10-18 14:32:52,987 [pool-47-thread-1] INFO  server.RaftServerConfigKeys (ConfUtils.java:logGet(43)) - raft.server.snapshot.retention.file.num = 5 (custom)
2019-10-18 14:32:52,987 [pool-27-thread-1] INFO  server.RaftServerConfigKeys (ConfUtils.java:logGet(43)) - raft.server.snapshot.auto.trigger.enabled = true (custom)
2019-10-18 14:32:52,987 [pool-47-thread-1] INFO  server.RaftServerConfigKeys (ConfUtils.java:logGet(43)) - raft.server.retrycache.expirytime = 600000ms (custom)
2019-10-18 14:32:52,987 [pool-27-thread-1] INFO  server.RaftServerConfigKeys (ConfUtils.java:logGet(43)) - raft.server.snapshot.auto.trigger.threshold = 10000 (custom)
2019-10-18 14:32:52,988 [pool-27-thread-1] INFO  server.RaftServerConfigKeys (ConfUtils.java:logGet(43)) - raft.server.snapshot.retention.file.num = 5 (custom)
2019-10-18 14:32:52,988 [pool-27-thread-1] INFO  server.RaftServerConfigKeys (ConfUtils.java:logGet(43)) - raft.server.retrycache.expirytime = 600000ms (custom)
2019-10-18 14:32:52,990 [pool-37-thread-1] INFO  impl.RaftServerImpl (RaftServerImpl.java:start(195)) - c5b86445-9c87-4edb-b176-8eaf015b94aa@group-50F79935BC6A: start as a follower, conf=-1: [07da283f-72b3-4610-abc1-72d23674d905:192.168.164.233:38130, c3a3cb61-beea-4a1a-8639-85f6e846679d:192.168.164.233:33135, c5b86445-9c87-4edb-b176-8eaf015b94aa:192.168.164.233:40993], old=null
2019-10-18 14:32:52,991 [pool-37-thread-1] INFO  impl.RaftServerImpl (RaftServerImpl.java:setRole(184)) - c5b86445-9c87-4edb-b176-8eaf015b94aa@group-50F79935BC6A: changes role from      null to FOLLOWER at term 0 for startAsFollower
2019-10-18 14:32:52,991 [pool-37-thread-1] INFO  impl.RoleInfo (RoleInfo.java:updateAndGet(143)) - c5b86445-9c87-4edb-b176-8eaf015b94aa: start FollowerState
2019-10-18 14:32:52,991 [pool-37-thread-1] INFO  util.JmxRegister (JmxRegister.java:tryRegister(44)) - Successfully registered JMX Bean with object name Ratis:service=RaftServer,group=group-50F79935BC6A,id=c5b86445-9c87-4edb-b176-8eaf015b94aa
2019-10-18 14:32:52,991 [pool-27-thread-1] INFO  impl.RaftServerImpl (RaftServerImpl.java:start(195)) - c3a3cb61-beea-4a1a-8639-85f6e846679d@group-50F79935BC6A: start as a follower, conf=-1: [07da283f-72b3-4610-abc1-72d23674d905:192.168.164.233:38130, c3a3cb61-beea-4a1a-8639-85f6e846679d:192.168.164.233:33135, c5b86445-9c87-4edb-b176-8eaf015b94aa:192.168.164.233:40993], old=null
2019-10-18 14:32:52,991 [pool-27-thread-1] INFO  impl.RaftServerImpl (RaftServerImpl.java:setRole(184)) - c3a3cb61-beea-4a1a-8639-85f6e846679d@group-50F79935BC6A: changes role from      null to FOLLOWER at term 0 for startAsFollower
2019-10-18 14:32:52,991 [pool-47-thread-1] INFO  impl.RaftServerImpl (RaftServerImpl.java:start(195)) - 07da283f-72b3-4610-abc1-72d23674d905@group-50F79935BC6A: start as a follower, conf=-1: [07da283f-72b3-4610-abc1-72d23674d905:192.168.164.233:38130, c3a3cb61-beea-4a1a-8639-85f6e846679d:192.168.164.233:33135, c5b86445-9c87-4edb-b176-8eaf015b94aa:192.168.164.233:40993], old=null
2019-10-18 14:32:52,992 [pool-27-thread-1] INFO  impl.RoleInfo (RoleInfo.java:updateAndGet(143)) - c3a3cb61-beea-4a1a-8639-85f6e846679d: start FollowerState
2019-10-18 14:32:52,992 [pool-47-thread-1] INFO  impl.RaftServerImpl (RaftServerImpl.java:setRole(184)) - 07da283f-72b3-4610-abc1-72d23674d905@group-50F79935BC6A: changes role from      null to FOLLOWER at term 0 for startAsFollower
2019-10-18 14:32:52,992 [pool-47-thread-1] INFO  impl.RoleInfo (RoleInfo.java:updateAndGet(143)) - 07da283f-72b3-4610-abc1-72d23674d905: start FollowerState
2019-10-18 14:32:52,992 [pool-27-thread-1] INFO  util.JmxRegister (JmxRegister.java:tryRegister(44)) - Successfully registered JMX Bean with object name Ratis:service=RaftServer,group=group-50F79935BC6A,id=c3a3cb61-beea-4a1a-8639-85f6e846679d
2019-10-18 14:32:52,992 [Thread-201] INFO  impl.FollowerState (FollowerState.java:run(108)) - c5b86445-9c87-4edb-b176-8eaf015b94aa@group-50F79935BC6A-FollowerState: change to CANDIDATE, lastRpcTime:1ms, electionTimeout:1ms
2019-10-18 14:32:52,992 [pool-47-thread-1] INFO  util.JmxRegister (JmxRegister.java:tryRegister(44)) - Successfully registered JMX Bean with object name Ratis:service=RaftServer,group=group-50F79935BC6A,id=07da283f-72b3-4610-abc1-72d23674d905
2019-10-18 14:32:52,992 [Thread-201] INFO  impl.RoleInfo (RoleInfo.java:shutdownFollowerState(121)) - c5b86445-9c87-4edb-b176-8eaf015b94aa: shutdown FollowerState
2019-10-18 14:32:52,993 [Thread-201] INFO  impl.RaftServerImpl (RaftServerImpl.java:setRole(184)) - c5b86445-9c87-4edb-b176-8eaf015b94aa@group-50F79935BC6A: changes role from  FOLLOWER to CANDIDATE at term 0 for changeToCandidate
2019-10-18 14:32:52,993 [Thread-201] INFO  impl.RoleInfo (RoleInfo.java:updateAndGet(143)) - c5b86445-9c87-4edb-b176-8eaf015b94aa: start LeaderElection
2019-10-18 14:32:53,006 [Thread-196] INFO  impl.FollowerState (FollowerState.java:run(108)) - c5b86445-9c87-4edb-b176-8eaf015b94aa@group-26B472B5CCC3-FollowerState: change to CANDIDATE, lastRpcTime:115ms, electionTimeout:115ms
2019-10-18 14:32:53,008 [Thread-196] INFO  impl.RoleInfo (RoleInfo.java:shutdownFollowerState(121)) - c5b86445-9c87-4edb-b176-8eaf015b94aa: shutdown FollowerState
2019-10-18 14:32:53,008 [Thread-196] INFO  impl.RaftServerImpl (RaftServerImpl.java:setRole(184)) - c5b86445-9c87-4edb-b176-8eaf015b94aa@group-26B472B5CCC3: changes role from  FOLLOWER to CANDIDATE at term 0 for changeToCandidate
2019-10-18 14:32:53,009 [Thread-196] INFO  impl.RoleInfo (RoleInfo.java:updateAndGet(143)) - c5b86445-9c87-4edb-b176-8eaf015b94aa: start LeaderElection
2019-10-18 14:32:53,015 [RatisPipelineUtilsThread] INFO  pipeline.PipelineStateManager (PipelineStateManager.java:addPipeline(56)) - Created pipeline Pipeline[ Id: 1b899901-10f6-4f6e-b1b6-50f79935bc6a, Nodes: 07da283f-72b3-4610-abc1-72d23674d905{ip: 192.168.164.233, host: pr-hdds-2327-vtdmt-1103746116, networkLocation: /default-rack, certSerialId: null}c3a3cb61-beea-4a1a-8639-85f6e846679d{ip: 192.168.164.233, host: pr-hdds-2327-vtdmt-1103746116, networkLocation: /default-rack, certSerialId: null}c5b86445-9c87-4edb-b176-8eaf015b94aa{ip: 192.168.164.233, host: pr-hdds-2327-vtdmt-1103746116, networkLocation: /default-rack, certSerialId: null}, Type:RATIS, Factor:THREE, State:OPEN]
2019-10-18 14:32:53,025 [c3a3cb61-beea-4a1a-8639-85f6e846679d@group-709D360C207D-SegmentedRaftLogWorker] INFO  segmented.SegmentedRaftLogWorker (SegmentedRaftLogWorker.java:execute(576)) - c3a3cb61-beea-4a1a-8639-85f6e846679d@group-709D360C207D-SegmentedRaftLogWorker: created new log segment /workdir/hadoop-ozone/integration-test/target/test-dir/MiniOzoneClusterImpl-f465728d-d17c-4acf-bac7-b15b0ed995a5/datanode-0/data/ratis/62d02300-9d68-43a7-96a7-709d360c207d/current/log_inprogress_0
2019-10-18 14:32:53,025 [c5b86445-9c87-4edb-b176-8eaf015b94aa@group-26B472B5CCC3-LeaderElection4] INFO  impl.LeaderElection (LeaderElection.java:askForVotes(178)) - c5b86445-9c87-4edb-b176-8eaf015b94aa@group-26B472B5CCC3-LeaderElection4: begin an election at term 1 for -1: [c5b86445-9c87-4edb-b176-8eaf015b94aa:192.168.164.233:40993], old=null
2019-10-18 14:32:53,025 [c5b86445-9c87-4edb-b176-8eaf015b94aa@group-50F79935BC6A-LeaderElection3] INFO  impl.LeaderElection (LeaderElection.java:askForVotes(178)) - c5b86445-9c87-4edb-b176-8eaf015b94aa@group-50F79935BC6A-LeaderElection3: begin an election at term 1 for -1: [07da283f-72b3-4610-abc1-72d23674d905:192.168.164.233:38130, c3a3cb61-beea-4a1a-8639-85f6e846679d:192.168.164.233:33135, c5b86445-9c87-4edb-b176-8eaf015b94aa:192.168.164.233:40993], old=null
2019-10-18 14:32:53,026 [c5b86445-9c87-4edb-b176-8eaf015b94aa@group-26B472B5CCC3-LeaderElection4] INFO  impl.RoleInfo (RoleInfo.java:shutdownLeaderElection(134)) - c5b86445-9c87-4edb-b176-8eaf015b94aa: shutdown LeaderElection
2019-10-18 14:32:53,025 [07da283f-72b3-4610-abc1-72d23674d905@group-FC4AF7988711-SegmentedRaftLogWorker] INFO  segmented.SegmentedRaftLogWorker (SegmentedRaftLogWorker.java:execute(576)) - 07da283f-72b3-4610-abc1-72d23674d905@group-FC4AF7988711-SegmentedRaftLogWorker: created new log segment /workdir/hadoop-ozone/integration-test/target/test-dir/MiniOzoneClusterImpl-f465728d-d17c-4acf-bac7-b15b0ed995a5/datanode-2/data/ratis/932bad77-d0a8-4ea6-9e96-fc4af7988711/current/log_inprogress_0
2019-10-18 14:32:53,027 [c5b86445-9c87-4edb-b176-8eaf015b94aa@group-26B472B5CCC3-LeaderElection4] INFO  impl.RaftServerImpl (RaftServerImpl.java:setRole(184)) - c5b86445-9c87-4edb-b176-8eaf015b94aa@group-26B472B5CCC3: changes role from CANDIDATE to LEADER at term 1 for changeToLeader
2019-10-18 14:32:53,027 [c5b86445-9c87-4edb-b176-8eaf015b94aa@group-26B472B5CCC3-LeaderElection4] INFO  impl.RaftServerImpl (ServerState.java:setLeader(256)) - c5b86445-9c87-4edb-b176-8eaf015b94aa@group-26B472B5CCC3: change Leader from null to c5b86445-9c87-4edb-b176-8eaf015b94aa at term 1 for becomeLeader, leader elected after 147ms
2019-10-18 14:32:53,027 [c5b86445-9c87-4edb-b176-8eaf015b94aa@group-26B472B5CCC3-LeaderElection4] INFO  server.RaftServerConfigKeys (ConfUtils.java:logGet(43)) - raft.server.staging.catchup.gap = 1000 (default)
2019-10-18 14:32:53,027 [c5b86445-9c87-4edb-b176-8eaf015b94aa@group-26B472B5CCC3-LeaderElection4] INFO  server.RaftServerConfigKeys (ConfUtils.java:logGet(43)) - raft.server.rpc.sleep.time = 25ms (default)
2019-10-18 14:32:53,027 [c5b86445-9c87-4edb-b176-8eaf015b94aa@group-26B472B5CCC3-LeaderElection4] INFO  server.RaftServerConfigKeys (ConfUtils.java:logGet(43)) - raft.server.write.element-limit = 4096 (default)
2019-10-18 14:32:53,028 [c5b86445-9c87-4edb-b176-8eaf015b94aa@group-26B472B5CCC3-LeaderElection4] INFO  server.RaftServerConfigKeys (ConfUtils.java:logGet(43)) - raft.server.watch.timeout = 10s (default)
2019-10-18 14:32:53,028 [c5b86445-9c87-4edb-b176-8eaf015b94aa@group-26B472B5CCC3-LeaderElection4] INFO  server.RaftServerConfigKeys (ConfUtils.java:logGet(43)) - raft.server.watch.timeout.denomination = 1s (default)
2019-10-18 14:32:53,028 [c5b86445-9c87-4edb-b176-8eaf015b94aa@group-26B472B5CCC3-LeaderElection4] INFO  server.RaftServerConfigKeys (ConfUtils.java:logGet(43)) - raft.server.watch.element-limit = 65536 (default)
2019-10-18 14:32:53,031 [c5b86445-9c87-4edb-b176-8eaf015b94aa@group-26B472B5CCC3-LeaderElection4] INFO  impl.RoleInfo (RoleInfo.java:updateAndGet(143)) - c5b86445-9c87-4edb-b176-8eaf015b94aa: start LeaderState
2019-10-18 14:32:53,031 [c5b86445-9c87-4edb-b176-8eaf015b94aa@group-26B472B5CCC3-LeaderElection4] INFO  segmented.SegmentedRaftLogWorker (SegmentedRaftLogWorker.java:startLogSegment(385)) - c5b86445-9c87-4edb-b176-8eaf015b94aa@group-26B472B5CCC3-SegmentedRaftLogWorker: Starting segment from index:0
2019-10-18 14:32:53,032 [c5b86445-9c87-4edb-b176-8eaf015b94aa@group-26B472B5CCC3-LeaderElection4] INFO  impl.RaftServerImpl (ServerState.java:setRaftConf(357)) - c5b86445-9c87-4edb-b176-8eaf015b94aa@group-26B472B5CCC3: set configuration 0: [c5b86445-9c87-4edb-b176-8eaf015b94aa:192.168.164.233:40993], old=null at 0
2019-10-18 14:32:53,068 [c5b86445-9c87-4edb-b176-8eaf015b94aa@group-26B472B5CCC3-SegmentedRaftLogWorker] INFO  segmented.SegmentedRaftLogWorker (SegmentedRaftLogWorker.java:execute(576)) - c5b86445-9c87-4edb-b176-8eaf015b94aa@group-26B472B5CCC3-SegmentedRaftLogWorker: created new log segment /workdir/hadoop-ozone/integration-test/target/test-dir/MiniOzoneClusterImpl-f465728d-d17c-4acf-bac7-b15b0ed995a5/datanode-1/data/ratis/672fd54f-c761-4976-810f-26b472b5ccc3/current/log_inprogress_0
2019-10-18 14:32:53,074 [grpc-default-executor-2] INFO  impl.RaftServerImpl (RaftServerImpl.java:setRole(184)) - c3a3cb61-beea-4a1a-8639-85f6e846679d@group-50F79935BC6A: changes role from  FOLLOWER to FOLLOWER at term 1 for recognizeCandidate:c5b86445-9c87-4edb-b176-8eaf015b94aa
2019-10-18 14:32:53,074 [grpc-default-executor-1] INFO  impl.RaftServerImpl (RaftServerImpl.java:setRole(184)) - 07da283f-72b3-4610-abc1-72d23674d905@group-50F79935BC6A: changes role from  FOLLOWER to FOLLOWER at term 1 for recognizeCandidate:c5b86445-9c87-4edb-b176-8eaf015b94aa
2019-10-18 14:32:53,074 [grpc-default-executor-2] INFO  impl.RoleInfo (RoleInfo.java:shutdownFollowerState(121)) - c3a3cb61-beea-4a1a-8639-85f6e846679d: shutdown FollowerState
2019-10-18 14:32:53,074 [grpc-default-executor-1] INFO  impl.RoleInfo (RoleInfo.java:shutdownFollowerState(121)) - 07da283f-72b3-4610-abc1-72d23674d905: shutdown FollowerState
2019-10-18 14:32:53,075 [grpc-default-executor-2] INFO  impl.RoleInfo (RoleInfo.java:updateAndGet(143)) - c3a3cb61-beea-4a1a-8639-85f6e846679d: start FollowerState
2019-10-18 14:32:53,075 [Thread-202] INFO  impl.FollowerState (FollowerState.java:run(117)) - c3a3cb61-beea-4a1a-8639-85f6e846679d@group-50F79935BC6A-FollowerState was interrupted: java.lang.InterruptedException: sleep interrupted
2019-10-18 14:32:53,075 [grpc-default-executor-1] INFO  impl.RoleInfo (RoleInfo.java:updateAndGet(143)) - 07da283f-72b3-4610-abc1-72d23674d905: start FollowerState
2019-10-18 14:32:53,075 [Thread-203] INFO  impl.FollowerState (FollowerState.java:run(117)) - 07da283f-72b3-4610-abc1-72d23674d905@group-50F79935BC6A-FollowerState was interrupted: java.lang.InterruptedException: sleep interrupted
2019-10-18 14:32:53,090 [c5b86445-9c87-4edb-b176-8eaf015b94aa@group-50F79935BC6A-LeaderElection3] INFO  impl.LeaderElection (LeaderElection.java:logAndReturn(56)) - c5b86445-9c87-4edb-b176-8eaf015b94aa@group-50F79935BC6A-LeaderElection3: Election PASSED; received 1 response(s) [c5b86445-9c87-4edb-b176-8eaf015b94aa<-c3a3cb61-beea-4a1a-8639-85f6e846679d#0:OK-t1] and 0 exception(s); c5b86445-9c87-4edb-b176-8eaf015b94aa@group-50F79935BC6A:t1, leader=null, voted=c5b86445-9c87-4edb-b176-8eaf015b94aa, raftlog=c5b86445-9c87-4edb-b176-8eaf015b94aa@group-50F79935BC6A-SegmentedRaftLog:OPENED:c-1,f-1,i0, conf=-1: [07da283f-72b3-4610-abc1-72d23674d905:192.168.164.233:38130, c3a3cb61-beea-4a1a-8639-85f6e846679d:192.168.164.233:33135, c5b86445-9c87-4edb-b176-8eaf015b94aa:192.168.164.233:40993], old=null
2019-10-18 14:32:53,090 [c5b86445-9c87-4edb-b176-8eaf015b94aa@group-50F79935BC6A-LeaderElection3] INFO  impl.RoleInfo (RoleInfo.java:shutdownLeaderElection(134)) - c5b86445-9c87-4edb-b176-8eaf015b94aa: shutdown LeaderElection
2019-10-18 14:32:53,091 [c5b86445-9c87-4edb-b176-8eaf015b94aa@group-50F79935BC6A-LeaderElection3] INFO  impl.RaftServerImpl (RaftServerImpl.java:setRole(184)) - c5b86445-9c87-4edb-b176-8eaf015b94aa@group-50F79935BC6A: changes role from CANDIDATE to LEADER at term 1 for changeToLeader
2019-10-18 14:32:53,091 [c5b86445-9c87-4edb-b176-8eaf015b94aa@group-50F79935BC6A-LeaderElection3] INFO  impl.RaftServerImpl (ServerState.java:setLeader(256)) - c5b86445-9c87-4edb-b176-8eaf015b94aa@group-50F79935BC6A: change Leader from null to c5b86445-9c87-4edb-b176-8eaf015b94aa at term 1 for becomeLeader, leader elected after 123ms
2019-10-18 14:32:53,091 [c5b86445-9c87-4edb-b176-8eaf015b94aa@group-50F79935BC6A-LeaderElection3] INFO  server.RaftServerConfigKeys (ConfUtils.java:logGet(43)) - raft.server.staging.catchup.gap = 1000 (default)
2019-10-18 14:32:53,091 [c5b86445-9c87-4edb-b176-8eaf015b94aa@group-50F79935BC6A-LeaderElection3] INFO  server.RaftServerConfigKeys (ConfUtils.java:logGet(43)) - raft.server.rpc.sleep.time = 25ms (default)
2019-10-18 14:32:53,091 [c5b86445-9c87-4edb-b176-8eaf015b94aa@group-50F79935BC6A-LeaderElection3] INFO  server.RaftServerConfigKeys (ConfUtils.java:logGet(43)) - raft.server.write.element-limit = 4096 (default)
2019-10-18 14:32:53,092 [c5b86445-9c87-4edb-b176-8eaf015b94aa@group-50F79935BC6A-LeaderElection3] INFO  server.RaftServerConfigKeys (ConfUtils.java:logGet(43)) - raft.server.watch.timeout = 10s (default)
2019-10-18 14:32:53,092 [c5b86445-9c87-4edb-b176-8eaf015b94aa@group-50F79935BC6A-LeaderElection3] INFO  server.RaftServerConfigKeys (ConfUtils.java:logGet(43)) - raft.server.watch.timeout.denomination = 1s (default)
2019-10-18 14:32:53,092 [c5b86445-9c87-4edb-b176-8eaf015b94aa@group-50F79935BC6A-LeaderElection3] INFO  server.RaftServerConfigKeys (ConfUtils.java:logGet(43)) - raft.server.watch.element-limit = 65536 (default)
2019-10-18 14:32:53,096 [Thread-213] INFO  impl.FollowerState (FollowerState.java:run(108)) - 07da283f-72b3-4610-abc1-72d23674d905@group-50F79935BC6A-FollowerState: change to CANDIDATE, lastRpcTime:21ms, electionTimeout:19ms
2019-10-18 14:32:53,096 [Thread-213] INFO  impl.RoleInfo (RoleInfo.java:shutdownFollowerState(121)) - 07da283f-72b3-4610-abc1-72d23674d905: shutdown FollowerState
2019-10-18 14:32:53,096 [Thread-213] INFO  impl.RaftServerImpl (RaftServerImpl.java:setRole(184)) - 07da283f-72b3-4610-abc1-72d23674d905@group-50F79935BC6A: changes role from  FOLLOWER to CANDIDATE at term 1 for changeToCandidate
2019-10-18 14:32:53,096 [c5b86445-9c87-4edb-b176-8eaf015b94aa@group-50F79935BC6A-LeaderElection3] INFO  server.RaftServerConfigKeys (ConfUtils.java:logGet(43)) - raft.server.log.appender.snapshot.chunk.size.max = 16MB (=16777216) (default)
2019-10-18 14:32:53,097 [Thread-213] INFO  impl.RoleInfo (RoleInfo.java:updateAndGet(143)) - 07da283f-72b3-4610-abc1-72d23674d905: start LeaderElection
2019-10-18 14:32:53,097 [c5b86445-9c87-4edb-b176-8eaf015b94aa@group-50F79935BC6A-LeaderElection3] INFO  server.RaftServerConfigKeys (ConfUtils.java:logGet(43)) - raft.server.log.appender.buffer.byte-limit = 33554432 (custom)
2019-10-18 14:32:53,097 [c5b86445-9c87-4edb-b176-8eaf015b94aa@group-50F79935BC6A-LeaderElection3] INFO  server.RaftServerConfigKeys (ConfUtils.java:logGet(43)) - raft.server.log.appender.buffer.element-limit = 1 (custom)
2019-10-18 14:32:53,100 [c5b86445-9c87-4edb-b176-8eaf015b94aa@group-50F79935BC6A-LeaderElection3] INFO  grpc.GrpcConfigKeys$Server (ConfUtils.java:logGet(43)) - raft.grpc.server.leader.outstanding.appends.max = 128 (default)
2019-10-18 14:32:53,103 [07da283f-72b3-4610-abc1-72d23674d905@group-50F79935BC6A-LeaderElection5] INFO  impl.LeaderElection (LeaderElection.java:askForVotes(178)) - 07da283f-72b3-4610-abc1-72d23674d905@group-50F79935BC6A-LeaderElection5: begin an election at term 2 for -1: [07da283f-72b3-4610-abc1-72d23674d905:192.168.164.233:38130, c3a3cb61-beea-4a1a-8639-85f6e846679d:192.168.164.233:33135, c5b86445-9c87-4edb-b176-8eaf015b94aa:192.168.164.233:40993], old=null
2019-10-18 14:32:53,103 [c5b86445-9c87-4edb-b176-8eaf015b94aa@group-50F79935BC6A-LeaderElection3] INFO  server.RaftServerConfigKeys (ConfUtils.java:logGet(43)) - raft.server.rpc.request.timeout = 3000ms (default)
2019-10-18 14:32:53,103 [c5b86445-9c87-4edb-b176-8eaf015b94aa@group-50F79935BC6A-LeaderElection3] INFO  server.RaftServerConfigKeys (ConfUtils.java:logGet(43)) - raft.server.log.appender.install.snapshot.enabled = false (custom)
2019-10-18 14:32:53,108 [c5b86445-9c87-4edb-b176-8eaf015b94aa@group-50F79935BC6A-LeaderElection3] INFO  server.RaftServerConfigKeys (ConfUtils.java:logGet(43)) - raft.server.log.appender.snapshot.chunk.size.max = 16MB (=16777216) (default)
2019-10-18 14:32:53,109 [c5b86445-9c87-4edb-b176-8eaf015b94aa@group-50F79935BC6A-LeaderElection3] INFO  server.RaftServerConfigKeys (ConfUtils.java:logGet(43)) - raft.server.log.appender.buffer.byte-limit = 33554432 (custom)
2019-10-18 14:32:53,109 [c5b86445-9c87-4edb-b176-8eaf015b94aa@group-50F79935BC6A-LeaderElection3] INFO  server.RaftServerConfigKeys (ConfUtils.java:logGet(43)) - raft.server.log.appender.buffer.element-limit = 1 (custom)
2019-10-18 14:32:53,109 [c5b86445-9c87-4edb-b176-8eaf015b94aa@group-50F79935BC6A-LeaderElection3] INFO  grpc.GrpcConfigKeys$Server (ConfUtils.java:logGet(43)) - raft.grpc.server.leader.outstanding.appends.max = 128 (default)
2019-10-18 14:32:53,109 [c5b86445-9c87-4edb-b176-8eaf015b94aa@group-50F79935BC6A-LeaderElection3] INFO  server.RaftServerConfigKeys (ConfUtils.java:logGet(43)) - raft.server.rpc.request.timeout = 3000ms (default)
2019-10-18 14:32:53,109 [c5b86445-9c87-4edb-b176-8eaf015b94aa@group-50F79935BC6A-LeaderElection3] INFO  server.RaftServerConfigKeys (ConfUtils.java:logGet(43)) - raft.server.log.appender.install.snapshot.enabled = false (custom)
2019-10-18 14:32:53,112 [grpc-default-executor-1] INFO  impl.RaftServerImpl (RaftServerImpl.java:setRole(184)) - c3a3cb61-beea-4a1a-8639-85f6e846679d@group-50F79935BC6A: changes role from  FOLLOWER to FOLLOWER at term 2 for recognizeCandidate:07da283f-72b3-4610-abc1-72d23674d905
2019-10-18 14:32:53,112 [grpc-default-executor-1] INFO  impl.RoleInfo (RoleInfo.java:shutdownFollowerState(121)) - c3a3cb61-beea-4a1a-8639-85f6e846679d: shutdown FollowerState
2019-10-18 14:32:53,112 [grpc-default-executor-1] INFO  impl.RoleInfo (RoleInfo.java:updateAndGet(143)) - c3a3cb61-beea-4a1a-8639-85f6e846679d: start FollowerState
2019-10-18 14:32:53,112 [Thread-212] INFO  impl.FollowerState (FollowerState.java:run(117)) - c3a3cb61-beea-4a1a-8639-85f6e846679d@group-50F79935BC6A-FollowerState was interrupted: java.lang.InterruptedException: sleep interrupted
2019-10-18 14:32:53,114 [c5b86445-9c87-4edb-b176-8eaf015b94aa@group-50F79935BC6A-LeaderElection3] INFO  impl.RoleInfo (RoleInfo.java:updateAndGet(143)) - c5b86445-9c87-4edb-b176-8eaf015b94aa: start LeaderState
2019-10-18 14:32:53,114 [c5b86445-9c87-4edb-b176-8eaf015b94aa@group-50F79935BC6A-LeaderElection3] INFO  segmented.SegmentedRaftLogWorker (SegmentedRaftLogWorker.java:startLogSegment(385)) - c5b86445-9c87-4edb-b176-8eaf015b94aa@group-50F79935BC6A-SegmentedRaftLogWorker: Starting segment from index:0
2019-10-18 14:32:53,115 [c5b86445-9c87-4edb-b176-8eaf015b94aa@group-50F79935BC6A-LeaderElection3] INFO  impl.RaftServerImpl (ServerState.java:setRaftConf(357)) - c5b86445-9c87-4edb-b176-8eaf015b94aa@group-50F79935BC6A: set configuration 0: [07da283f-72b3-4610-abc1-72d23674d905:192.168.164.233:38130, c3a3cb61-beea-4a1a-8639-85f6e846679d:192.168.164.233:33135, c5b86445-9c87-4edb-b176-8eaf015b94aa:192.168.164.233:40993], old=null at 0
2019-10-18 14:32:53,139 [grpc-default-executor-2] INFO  impl.RaftServerImpl (ServerState.java:setLeader(256)) - c5b86445-9c87-4edb-b176-8eaf015b94aa@group-50F79935BC6A: change Leader from c5b86445-9c87-4edb-b176-8eaf015b94aa to null at term 2 for updateCurrentTerm
2019-10-18 14:32:53,139 [grpc-default-executor-2] INFO  impl.RaftServerImpl (RaftServerImpl.java:setRole(184)) - c5b86445-9c87-4edb-b176-8eaf015b94aa@group-50F79935BC6A: changes role from    LEADER to FOLLOWER at term 2 for recognizeCandidate:07da283f-72b3-4610-abc1-72d23674d905
2019-10-18 14:32:53,139 [grpc-default-executor-2] INFO  impl.RoleInfo (RoleInfo.java:shutdownLeaderState(104)) - c5b86445-9c87-4edb-b176-8eaf015b94aa: shutdown LeaderState
2019-10-18 14:32:53,142 [grpc-default-executor-2] INFO  impl.PendingRequests (PendingRequests.java:sendNotLeaderResponses(202)) - c5b86445-9c87-4edb-b176-8eaf015b94aa@group-50F79935BC6A-PendingRequests: sendNotLeaderResponses
2019-10-18 14:32:53,144 [07da283f-72b3-4610-abc1-72d23674d905@group-50F79935BC6A-LeaderElection5] INFO  impl.LeaderElection (LeaderElection.java:logAndReturn(56)) - 07da283f-72b3-4610-abc1-72d23674d905@group-50F79935BC6A-LeaderElection5: Election PASSED; received 1 response(s) [07da283f-72b3-4610-abc1-72d23674d905<-c3a3cb61-beea-4a1a-8639-85f6e846679d#0:OK-t2] and 0 exception(s); 07da283f-72b3-4610-abc1-72d23674d905@group-50F79935BC6A:t2, leader=null, voted=07da283f-72b3-4610-abc1-72d23674d905, raftlog=07da283f-72b3-4610-abc1-72d23674d905@group-50F79935BC6A-SegmentedRaftLog:OPENED:c-1,f-1,i0, conf=-1: [07da283f-72b3-4610-abc1-72d23674d905:192.168.164.233:38130, c3a3cb61-beea-4a1a-8639-85f6e846679d:192.168.164.233:33135, c5b86445-9c87-4edb-b176-8eaf015b94aa:192.168.164.233:40993], old=null
2019-10-18 14:32:53,144 [07da283f-72b3-4610-abc1-72d23674d905@group-50F79935BC6A-LeaderElection5] INFO  impl.RoleInfo (RoleInfo.java:shutdownLeaderElection(134)) - 07da283f-72b3-4610-abc1-72d23674d905: shutdown LeaderElection
2019-10-18 14:32:53,146 [07da283f-72b3-4610-abc1-72d23674d905@group-50F79935BC6A-LeaderElection5] INFO  impl.RaftServerImpl (RaftServerImpl.java:setRole(184)) - 07da283f-72b3-4610-abc1-72d23674d905@group-50F79935BC6A: changes role from CANDIDATE to LEADER at term 2 for changeToLeader
2019-10-18 14:32:53,146 [07da283f-72b3-4610-abc1-72d23674d905@group-50F79935BC6A-LeaderElection5] INFO  impl.RaftServerImpl (ServerState.java:setLeader(256)) - 07da283f-72b3-4610-abc1-72d23674d905@group-50F79935BC6A: change Leader from null to 07da283f-72b3-4610-abc1-72d23674d905 at term 2 for becomeLeader, leader elected after 177ms
2019-10-18 14:32:53,146 [grpc-default-executor-2] INFO  impl.RoleInfo (RoleInfo.java:updateAndGet(143)) - c5b86445-9c87-4edb-b176-8eaf015b94aa: start FollowerState
2019-10-18 14:32:53,146 [07da283f-72b3-4610-abc1-72d23674d905@group-50F79935BC6A-LeaderElection5] INFO  server.RaftServerConfigKeys (ConfUtils.java:logGet(43)) - raft.server.staging.catchup.gap = 1000 (default)
2019-10-18 14:32:53,147 [07da283f-72b3-4610-abc1-72d23674d905@group-50F79935BC6A-LeaderElection5] INFO  server.RaftServerConfigKeys (ConfUtils.java:logGet(43)) - raft.server.rpc.sleep.time = 25ms (default)
2019-10-18 14:32:53,147 [07da283f-72b3-4610-abc1-72d23674d905@group-50F79935BC6A-LeaderElection5] INFO  server.RaftServerConfigKeys (ConfUtils.java:logGet(43)) - raft.server.write.element-limit = 4096 (default)
2019-10-18 14:32:53,147 [07da283f-72b3-4610-abc1-72d23674d905@group-50F79935BC6A-LeaderElection5] INFO  server.RaftServerConfigKeys (ConfUtils.java:logGet(43)) - raft.server.watch.timeout = 10s (default)
2019-10-18 14:32:53,147 [07da283f-72b3-4610-abc1-72d23674d905@group-50F79935BC6A-LeaderElection5] INFO  server.RaftServerConfigKeys (ConfUtils.java:logGet(43)) - raft.server.watch.timeout.denomination = 1s (default)
2019-10-18 14:32:53,147 [07da283f-72b3-4610-abc1-72d23674d905@group-50F79935BC6A-LeaderElection5] INFO  server.RaftServerConfigKeys (ConfUtils.java:logGet(43)) - raft.server.watch.element-limit = 65536 (default)
2019-10-18 14:32:53,149 [07da283f-72b3-4610-abc1-72d23674d905@group-50F79935BC6A-LeaderElection5] INFO  server.RaftServerConfigKeys (ConfUtils.java:logGet(43)) - raft.server.log.appender.snapshot.chunk.size.max = 16MB (=16777216) (default)
2019-10-18 14:32:53,149 [07da283f-72b3-4610-abc1-72d23674d905@group-50F79935BC6A-LeaderElection5] INFO  server.RaftServerConfigKeys (ConfUtils.java:logGet(43)) - raft.server.log.appender.buffer.byte-limit = 33554432 (custom)
2019-10-18 14:32:53,150 [07da283f-72b3-4610-abc1-72d23674d905@group-50F79935BC6A-LeaderElection5] INFO  server.RaftServerConfigKeys (ConfUtils.java:logGet(43)) - raft.server.log.appender.buffer.element-limit = 1 (custom)
2019-10-18 14:32:53,150 [07da283f-72b3-4610-abc1-72d23674d905@group-50F79935BC6A-LeaderElection5] INFO  grpc.GrpcConfigKeys$Server (ConfUtils.java:logGet(43)) - raft.grpc.server.leader.outstanding.appends.max = 128 (default)
2019-10-18 14:32:53,150 [org.apache.ratis.server.impl.LogAppender$AppenderDaemon$$Lambda$416/1380452775@74c12724] WARN  server.GrpcLogAppender (GrpcLogAppender.java:mayWait(149)) - c5b86445-9c87-4edb-b176-8eaf015b94aa@group-50F79935BC6A->07da283f-72b3-4610-abc1-72d23674d905-GrpcLogAppender: Wait interrupted by java.lang.InterruptedException
2019-10-18 14:32:53,150 [07da283f-72b3-4610-abc1-72d23674d905@group-50F79935BC6A-LeaderElection5] INFO  server.RaftServerConfigKeys (ConfUtils.java:logGet(43)) - raft.server.rpc.request.timeout = 3000ms (default)
2019-10-18 14:32:53,151 [org.apache.ratis.server.impl.LogAppender$AppenderDaemon$$Lambda$416/1380452775@3e5fa96c] WARN  server.GrpcLogAppender (GrpcLogAppender.java:mayWait(149)) - c5b86445-9c87-4edb-b176-8eaf015b94aa@group-50F79935BC6A->c3a3cb61-beea-4a1a-8639-85f6e846679d-GrpcLogAppender: Wait interrupted by java.lang.InterruptedException
2019-10-18 14:32:53,151 [07da283f-72b3-4610-abc1-72d23674d905@group-50F79935BC6A-LeaderElection5] INFO  server.RaftServerConfigKeys (ConfUtils.java:logGet(43)) - raft.server.log.appender.install.snapshot.enabled = false (custom)
2019-10-18 14:32:53,152 [c5b86445-9c87-4edb-b176-8eaf015b94aa@group-50F79935BC6A-SegmentedRaftLogWorker] INFO  segmented.SegmentedRaftLogWorker (SegmentedRaftLogWorker.java:execute(576)) - c5b86445-9c87-4edb-b176-8eaf015b94aa@group-50F79935BC6A-SegmentedRaftLogWorker: created new log segment /workdir/hadoop-ozone/integration-test/target/test-dir/MiniOzoneClusterImpl-f465728d-d17c-4acf-bac7-b15b0ed995a5/datanode-1/data/ratis/1b899901-10f6-4f6e-b1b6-50f79935bc6a/current/log_inprogress_0
2019-10-18 14:32:53,156 [07da283f-72b3-4610-abc1-72d23674d905@group-50F79935BC6A-LeaderElection5] INFO  server.RaftServerConfigKeys (ConfUtils.java:logGet(43)) - raft.server.log.appender.snapshot.chunk.size.max = 16MB (=16777216) (default)
2019-10-18 14:32:53,156 [07da283f-72b3-4610-abc1-72d23674d905@group-50F79935BC6A-LeaderElection5] INFO  server.RaftServerConfigKeys (ConfUtils.java:logGet(43)) - raft.server.log.appender.buffer.byte-limit = 33554432 (custom)
2019-10-18 14:32:53,156 [07da283f-72b3-4610-abc1-72d23674d905@group-50F79935BC6A-LeaderElection5] INFO  server.RaftServerConfigKeys (ConfUtils.java:logGet(43)) - raft.server.log.appender.buffer.element-limit = 1 (custom)
2019-10-18 14:32:53,157 [07da283f-72b3-4610-abc1-72d23674d905@group-50F79935BC6A-LeaderElection5] INFO  grpc.GrpcConfigKeys$Server (ConfUtils.java:logGet(43)) - raft.grpc.server.leader.outstanding.appends.max = 128 (default)
2019-10-18 14:32:53,157 [07da283f-72b3-4610-abc1-72d23674d905@group-50F79935BC6A-LeaderElection5] INFO  server.RaftServerConfigKeys (ConfUtils.java:logGet(43)) - raft.server.rpc.request.timeout = 3000ms (default)
2019-10-18 14:32:53,157 [grpc-default-executor-2] INFO  server.GrpcServerProtocolService (GrpcServerProtocolService.java:onCompleted(113)) - 07da283f-72b3-4610-abc1-72d23674d905: Completed APPEND_ENTRIES, lastRequest: null
2019-10-18 14:32:53,157 [07da283f-72b3-4610-abc1-72d23674d905@group-50F79935BC6A-LeaderElection5] INFO  server.RaftServerConfigKeys (ConfUtils.java:logGet(43)) - raft.server.log.appender.install.snapshot.enabled = false (custom)
2019-10-18 14:32:53,157 [grpc-default-executor-0] INFO  server.GrpcServerProtocolService (GrpcServerProtocolService.java:onCompleted(113)) - c3a3cb61-beea-4a1a-8639-85f6e846679d: Completed APPEND_ENTRIES, lastRequest: null
2019-10-18 14:32:53,159 [grpc-default-executor-0] INFO  server.GrpcLogAppender (GrpcLogAppender.java:onCompleted(308)) - c5b86445-9c87-4edb-b176-8eaf015b94aa@group-50F79935BC6A->c3a3cb61-beea-4a1a-8639-85f6e846679d-AppendLogResponseHandler: follower responses appendEntries COMPLETED
2019-10-18 14:32:53,159 [grpc-default-executor-2] INFO  server.GrpcLogAppender (GrpcLogAppender.java:onCompleted(308)) - c5b86445-9c87-4edb-b176-8eaf015b94aa@group-50F79935BC6A->07da283f-72b3-4610-abc1-72d23674d905-AppendLogResponseHandler: follower responses appendEntries COMPLETED
2019-10-18 14:32:53,161 [07da283f-72b3-4610-abc1-72d23674d905@group-50F79935BC6A-LeaderElection5] INFO  impl.RoleInfo (RoleInfo.java:updateAndGet(143)) - 07da283f-72b3-4610-abc1-72d23674d905: start LeaderState
2019-10-18 14:32:53,161 [07da283f-72b3-4610-abc1-72d23674d905@group-50F79935BC6A-LeaderElection5] INFO  segmented.SegmentedRaftLogWorker (SegmentedRaftLogWorker.java:startLogSegment(385)) - 07da283f-72b3-4610-abc1-72d23674d905@group-50F79935BC6A-SegmentedRaftLogWorker: Starting segment from index:0
2019-10-18 14:32:53,162 [grpc-default-executor-0] INFO  impl.FollowerInfo (FollowerInfo.java:lambda$new$0(51)) - c5b86445-9c87-4edb-b176-8eaf015b94aa@group-50F79935BC6A->c3a3cb61-beea-4a1a-8639-85f6e846679d: nextIndex: updateUnconditionally 0 -> 0
2019-10-18 14:32:53,162 [grpc-default-executor-2] INFO  impl.FollowerInfo (FollowerInfo.java:lambda$new$0(51)) - c5b86445-9c87-4edb-b176-8eaf015b94aa@group-50F79935BC6A->07da283f-72b3-4610-abc1-72d23674d905: nextIndex: updateUnconditionally 0 -> 0
2019-10-18 14:32:53,185 [07da283f-72b3-4610-abc1-72d23674d905@group-50F79935BC6A-LeaderElection5] INFO  impl.RaftServerImpl (ServerState.java:setRaftConf(357)) - 07da283f-72b3-4610-abc1-72d23674d905@group-50F79935BC6A: set configuration 0: [07da283f-72b3-4610-abc1-72d23674d905:192.168.164.233:38130, c3a3cb61-beea-4a1a-8639-85f6e846679d:192.168.164.233:33135, c5b86445-9c87-4edb-b176-8eaf015b94aa:192.168.164.233:40993], old=null at 0
2019-10-18 14:32:53,192 [grpc-default-executor-2] INFO  impl.RaftServerImpl (ServerState.java:setLeader(256)) - c3a3cb61-beea-4a1a-8639-85f6e846679d@group-50F79935BC6A: change Leader from null to 07da283f-72b3-4610-abc1-72d23674d905 at term 2 for appendEntries, leader elected after 224ms
2019-10-18 14:32:53,193 [grpc-default-executor-0] INFO  impl.RaftServerImpl (ServerState.java:setLeader(256)) - c5b86445-9c87-4edb-b176-8eaf015b94aa@group-50F79935BC6A: change Leader from null to 07da283f-72b3-4610-abc1-72d23674d905 at term 2 for appendEntries, leader elected after 53ms
2019-10-18 14:32:53,197 [07da283f-72b3-4610-abc1-72d23674d905@group-50F79935BC6A-SegmentedRaftLogWorker] INFO  segmented.SegmentedRaftLogWorker (SegmentedRaftLogWorker.java:execute(576)) - 07da283f-72b3-4610-abc1-72d23674d905@group-50F79935BC6A-SegmentedRaftLogWorker: created new log segment /workdir/hadoop-ozone/integration-test/target/test-dir/MiniOzoneClusterImpl-f465728d-d17c-4acf-bac7-b15b0ed995a5/datanode-2/data/ratis/1b899901-10f6-4f6e-b1b6-50f79935bc6a/current/log_inprogress_0
2019-10-18 14:32:53,212 [grpc-default-executor-2] INFO  impl.RaftServerImpl (ServerState.java:setRaftConf(357)) - c5b86445-9c87-4edb-b176-8eaf015b94aa@group-50F79935BC6A: set configuration 0: [07da283f-72b3-4610-abc1-72d23674d905:192.168.164.233:38130, c3a3cb61-beea-4a1a-8639-85f6e846679d:192.168.164.233:33135, c5b86445-9c87-4edb-b176-8eaf015b94aa:192.168.164.233:40993], old=null at 0
2019-10-18 14:32:53,212 [grpc-default-executor-0] INFO  impl.RaftServerImpl (ServerState.java:setRaftConf(357)) - c3a3cb61-beea-4a1a-8639-85f6e846679d@group-50F79935BC6A: set configuration 0: [07da283f-72b3-4610-abc1-72d23674d905:192.168.164.233:38130, c3a3cb61-beea-4a1a-8639-85f6e846679d:192.168.164.233:33135, c5b86445-9c87-4edb-b176-8eaf015b94aa:192.168.164.233:40993], old=null at 0
2019-10-18 14:32:53,213 [grpc-default-executor-0] INFO  segmented.SegmentedRaftLogWorker (SegmentedRaftLogWorker.java:startLogSegment(385)) - c3a3cb61-beea-4a1a-8639-85f6e846679d@group-50F79935BC6A-SegmentedRaftLogWorker: Starting segment from index:0
2019-10-18 14:32:53,215 [grpc-default-executor-2] INFO  segmented.SegmentedRaftLogWorker (SegmentedRaftLogWorker.java:truncate(401)) - c5b86445-9c87-4edb-b176-8eaf015b94aa@group-50F79935BC6A-SegmentedRaftLogWorker: Truncating segments toTruncate: null
  toDelete: [(0, 0) isOpen? true, length=0, newEndIndex=-1], start index 0
2019-10-18 14:32:53,215 [grpc-default-executor-2] INFO  segmented.SegmentedRaftLogWorker (SegmentedRaftLogWorker.java:startLogSegment(385)) - c5b86445-9c87-4edb-b176-8eaf015b94aa@group-50F79935BC6A-SegmentedRaftLogWorker: Starting segment from index:0
2019-10-18 14:32:53,216 [c5b86445-9c87-4edb-b176-8eaf015b94aa@group-50F79935BC6A-SegmentedRaftLogWorker] INFO  segmented.SegmentedRaftLogWorker (SegmentedRaftLogWorker.java:execute(640)) - c5b86445-9c87-4edb-b176-8eaf015b94aa@group-50F79935BC6A-SegmentedRaftLogWorker: Deleted log file /workdir/hadoop-ozone/integration-test/target/test-dir/MiniOzoneClusterImpl-f465728d-d17c-4acf-bac7-b15b0ed995a5/datanode-1/data/ratis/1b899901-10f6-4f6e-b1b6-50f79935bc6a/current/log_inprogress_0
2019-10-18 14:32:53,217 [c5b86445-9c87-4edb-b176-8eaf015b94aa@group-50F79935BC6A-SegmentedRaftLogWorker] INFO  segmented.SegmentedRaftLogWorker (SegmentedRaftLogWorker.java:lambda$new$0(128)) - c5b86445-9c87-4edb-b176-8eaf015b94aa@group-50F79935BC6A-SegmentedRaftLogWorker: flushIndex: setUnconditionally 0 -> -1
2019-10-18 14:32:53,249 [c3a3cb61-beea-4a1a-8639-85f6e846679d@group-50F79935BC6A-SegmentedRaftLogWorker] INFO  segmented.SegmentedRaftLogWorker (SegmentedRaftLogWorker.java:execute(576)) - c3a3cb61-beea-4a1a-8639-85f6e846679d@group-50F79935BC6A-SegmentedRaftLogWorker: created new log segment /workdir/hadoop-ozone/integration-test/target/test-dir/MiniOzoneClusterImpl-f465728d-d17c-4acf-bac7-b15b0ed995a5/datanode-0/data/ratis/1b899901-10f6-4f6e-b1b6-50f79935bc6a/current/log_inprogress_0
2019-10-18 14:32:53,249 [c5b86445-9c87-4edb-b176-8eaf015b94aa@group-50F79935BC6A-SegmentedRaftLogWorker] INFO  segmented.SegmentedRaftLogWorker (SegmentedRaftLogWorker.java:execute(576)) - c5b86445-9c87-4edb-b176-8eaf015b94aa@group-50F79935BC6A-SegmentedRaftLogWorker: created new log segment /workdir/hadoop-ozone/integration-test/target/test-dir/MiniOzoneClusterImpl-f465728d-d17c-4acf-bac7-b15b0ed995a5/datanode-1/data/ratis/1b899901-10f6-4f6e-b1b6-50f79935bc6a/current/log_inprogress_0
2019-10-18 14:32:53,255 [main] INFO  ozone.MiniOzoneClusterImpl (MiniOzoneClusterImpl.java:lambda$waitForClusterToBeReady$0(147)) - Cluster is ready. Got 3 of 3 DN Heartbeats.
2019-10-18 14:32:53,957 [main] INFO  rpc.RpcClient (RpcClient.java:createVolume(272)) - Creating Volume: testcontainerstatemachinefailures, with jenkins1000 as owner.
2019-10-18 14:32:54,055 [IPC Server handler 0 on 45793] INFO  volume.OMVolumeCreateRequest (OMVolumeCreateRequest.java:validateAndUpdateCache(193)) - created volume:testcontainerstatemachinefailures for user:jenkins1000
2019-10-18 14:32:54,075 [main] INFO  rpc.RpcClient (RpcClient.java:createBucket(411)) - Creating Bucket: testcontainerstatemachinefailures/testcontainerstatemachinefailures, with Versioning false and Storage Type set to DISK and Encryption set to false 
2019-10-18 14:32:54,200 [main] INFO  impl.MetricsSystemImpl (MetricsSystemImpl.java:init(158)) - XceiverClientMetrics metrics system started (again)
2019-10-18 14:32:54,667 [Datanode State Machine Thread - 0] INFO  statemachine.DatanodeStateMachine (DatanodeStateMachine.java:lambda$startDaemon$0(350)) - Ozone container server started.
2019-10-18 14:32:55,110 [Thread-181] INFO  container.ReplicationManager (ReplicationManager.java:start(162)) - Starting Replication Monitor Thread.
2019-10-18 14:32:55,112 [ReplicationMonitor] INFO  container.ReplicationManager (ReplicationManager.java:run(225)) - Replication Monitor Thread took 0 milliseconds for processing 1 containers.
2019-10-18 14:32:59,625 [main] INFO  ozoneimpl.OzoneContainer (OzoneContainer.java:stop(227)) - Attempting to stop container services.
2019-10-18 14:32:59,627 [main] INFO  impl.RaftServerProxy (RaftServerProxy.java:lambda$close$4(314)) - c5b86445-9c87-4edb-b176-8eaf015b94aa: close
2019-10-18 14:32:59,629 [main] INFO  impl.RaftServerImpl (RaftServerImpl.java:lambda$shutdown$3(261)) - c5b86445-9c87-4edb-b176-8eaf015b94aa@group-26B472B5CCC3: shutdown
2019-10-18 14:32:59,629 [main] INFO  util.JmxRegister (JmxRegister.java:unregister(73)) - Successfully un-registered JMX Bean with object name Ratis:service=RaftServer,group=group-26B472B5CCC3,id=c5b86445-9c87-4edb-b176-8eaf015b94aa
2019-10-18 14:32:59,629 [main] INFO  impl.RoleInfo (RoleInfo.java:shutdownLeaderState(104)) - c5b86445-9c87-4edb-b176-8eaf015b94aa: shutdown LeaderState
2019-10-18 14:32:59,630 [main] INFO  impl.PendingRequests (PendingRequests.java:sendNotLeaderResponses(202)) - c5b86445-9c87-4edb-b176-8eaf015b94aa@group-26B472B5CCC3-PendingRequests: sendNotLeaderResponses
2019-10-18 14:32:59,632 [main] INFO  impl.StateMachineUpdater (StateMachineUpdater.java:stopAndJoin(136)) - c5b86445-9c87-4edb-b176-8eaf015b94aa@group-26B472B5CCC3-StateMachineUpdater: set stopIndex = 0
2019-10-18 14:32:59,633 [main] INFO  impl.RaftServerImpl (ServerState.java:close(388)) - c5b86445-9c87-4edb-b176-8eaf015b94aa@group-26B472B5CCC3: closes. applyIndex: 0
2019-10-18 14:32:59,634 [c5b86445-9c87-4edb-b176-8eaf015b94aa@group-26B472B5CCC3-SegmentedRaftLogWorker] INFO  segmented.SegmentedRaftLogWorker (SegmentedRaftLogWorker.java:run(316)) - c5b86445-9c87-4edb-b176-8eaf015b94aa@group-26B472B5CCC3-SegmentedRaftLogWorker was interrupted, exiting. There are 0 tasks remaining in the queue.
2019-10-18 14:32:59,635 [main] INFO  segmented.SegmentedRaftLogWorker (SegmentedRaftLogWorker.java:close(224)) - c5b86445-9c87-4edb-b176-8eaf015b94aa@group-26B472B5CCC3-SegmentedRaftLogWorker close()
2019-10-18 14:32:59,636 [main] INFO  impl.RaftServerImpl (RaftServerImpl.java:lambda$shutdown$3(261)) - c5b86445-9c87-4edb-b176-8eaf015b94aa@group-50F79935BC6A: shutdown
2019-10-18 14:32:59,637 [main] INFO  util.JmxRegister (JmxRegister.java:unregister(73)) - Successfully un-registered JMX Bean with object name Ratis:service=RaftServer,group=group-50F79935BC6A,id=c5b86445-9c87-4edb-b176-8eaf015b94aa
2019-10-18 14:32:59,637 [main] INFO  impl.RoleInfo (RoleInfo.java:shutdownFollowerState(121)) - c5b86445-9c87-4edb-b176-8eaf015b94aa: shutdown FollowerState
2019-10-18 14:32:59,638 [main] INFO  impl.StateMachineUpdater (StateMachineUpdater.java:stopAndJoin(136)) - c5b86445-9c87-4edb-b176-8eaf015b94aa@group-50F79935BC6A-StateMachineUpdater: set stopIndex = 4
2019-10-18 14:32:59,638 [c5b86445-9c87-4edb-b176-8eaf015b94aa@group-50F79935BC6A-StateMachineUpdater] INFO  ratis.ContainerStateMachine (ContainerStateMachine.java:takeSnapshot(294)) - group-50F79935BC6A: Taking a snapshot at:(t:2, i:3) file /workdir/hadoop-ozone/integration-test/target/test-dir/MiniOzoneClusterImpl-f465728d-d17c-4acf-bac7-b15b0ed995a5/datanode-1/data/ratis/1b899901-10f6-4f6e-b1b6-50f79935bc6a/sm/snapshot.2_3
2019-10-18 14:32:59,638 [Thread-221] INFO  impl.FollowerState (FollowerState.java:run(117)) - c5b86445-9c87-4edb-b176-8eaf015b94aa@group-50F79935BC6A-FollowerState was interrupted: java.lang.InterruptedException: sleep interrupted
2019-10-18 14:32:59,719 [c5b86445-9c87-4edb-b176-8eaf015b94aa@group-50F79935BC6A-StateMachineUpdater] INFO  ratis.ContainerStateMachine (ContainerStateMachine.java:takeSnapshot(305)) - group-50F79935BC6A: Finished taking a snapshot at:(t:2, i:3) file:/workdir/hadoop-ozone/integration-test/target/test-dir/MiniOzoneClusterImpl-f465728d-d17c-4acf-bac7-b15b0ed995a5/datanode-1/data/ratis/1b899901-10f6-4f6e-b1b6-50f79935bc6a/sm/snapshot.2_3 time:81
2019-10-18 14:32:59,721 [c5b86445-9c87-4edb-b176-8eaf015b94aa@group-50F79935BC6A-StateMachineUpdater] INFO  impl.StateMachineUpdater (StateMachineUpdater.java:takeSnapshot(269)) - c5b86445-9c87-4edb-b176-8eaf015b94aa@group-50F79935BC6A-StateMachineUpdater: Took a snapshot at index 3
2019-10-18 14:32:59,722 [c5b86445-9c87-4edb-b176-8eaf015b94aa@group-50F79935BC6A-StateMachineUpdater] INFO  impl.StateMachineUpdater (StateMachineUpdater.java:lambda$new$0(84)) - c5b86445-9c87-4edb-b176-8eaf015b94aa@group-50F79935BC6A-StateMachineUpdater: snapshotIndex: updateIncreasingly -1 -> 3
2019-10-18 14:32:59,724 [c5b86445-9c87-4edb-b176-8eaf015b94aa@group-50F79935BC6A-StateMachineUpdater] INFO  ratis.ContainerStateMachine (ContainerStateMachine.java:takeSnapshot(294)) - group-50F79935BC6A: Taking a snapshot at:(t:2, i:3) file /workdir/hadoop-ozone/integration-test/target/test-dir/MiniOzoneClusterImpl-f465728d-d17c-4acf-bac7-b15b0ed995a5/datanode-1/data/ratis/1b899901-10f6-4f6e-b1b6-50f79935bc6a/sm/snapshot.2_3
2019-10-18 14:32:59,737 [c5b86445-9c87-4edb-b176-8eaf015b94aa@group-50F79935BC6A-StateMachineUpdater] INFO  ratis.ContainerStateMachine (ContainerStateMachine.java:takeSnapshot(305)) - group-50F79935BC6A: Finished taking a snapshot at:(t:2, i:3) file:/workdir/hadoop-ozone/integration-test/target/test-dir/MiniOzoneClusterImpl-f465728d-d17c-4acf-bac7-b15b0ed995a5/datanode-1/data/ratis/1b899901-10f6-4f6e-b1b6-50f79935bc6a/sm/snapshot.2_3 time:12
2019-10-18 14:32:59,737 [c5b86445-9c87-4edb-b176-8eaf015b94aa@group-50F79935BC6A-StateMachineUpdater] INFO  impl.StateMachineUpdater (StateMachineUpdater.java:takeSnapshot(269)) - c5b86445-9c87-4edb-b176-8eaf015b94aa@group-50F79935BC6A-StateMachineUpdater: Took a snapshot at index 3
2019-10-18 14:32:59,737 [c5b86445-9c87-4edb-b176-8eaf015b94aa@group-50F79935BC6A-StateMachineUpdater] INFO  impl.StateMachineUpdater (StateMachineUpdater.java:lambda$new$0(84)) - c5b86445-9c87-4edb-b176-8eaf015b94aa@group-50F79935BC6A-StateMachineUpdater: snapshotIndex: updateIncreasingly 3 -> 3
2019-10-18 14:32:59,738 [main] INFO  impl.RaftServerImpl (ServerState.java:close(388)) - c5b86445-9c87-4edb-b176-8eaf015b94aa@group-50F79935BC6A: closes. applyIndex: 4
2019-10-18 14:32:59,738 [c5b86445-9c87-4edb-b176-8eaf015b94aa@group-50F79935BC6A-SegmentedRaftLogWorker] INFO  segmented.SegmentedRaftLogWorker (SegmentedRaftLogWorker.java:run(316)) - c5b86445-9c87-4edb-b176-8eaf015b94aa@group-50F79935BC6A-SegmentedRaftLogWorker was interrupted, exiting. There are 0 tasks remaining in the queue.
2019-10-18 14:32:59,740 [main] INFO  segmented.SegmentedRaftLogWorker (SegmentedRaftLogWorker.java:close(224)) - c5b86445-9c87-4edb-b176-8eaf015b94aa@group-50F79935BC6A-SegmentedRaftLogWorker close()
2019-10-18 14:32:59,742 [main] INFO  server.GrpcService (GrpcService.java:closeImpl(164)) - c5b86445-9c87-4edb-b176-8eaf015b94aa: shutdown server with port 40993 now
2019-10-18 14:32:59,747 [grpc-default-executor-0] WARN  server.GrpcServerProtocolService (LogUtils.java:warn(134)) - c5b86445-9c87-4edb-b176-8eaf015b94aa: installSnapshot onError, lastRequest: 07da283f-72b3-4610-abc1-72d23674d905->c5b86445-9c87-4edb-b176-8eaf015b94aa#7-t2, previous=(t:2, i:4), leaderCommit=4, initializing? false, entries: <empty>: org.apache.ratis.thirdparty.io.grpc.StatusRuntimeException: CANCELLED: cancelled before receiving half close
2019-10-18 14:32:59,748 [main] INFO  server.GrpcService (GrpcService.java:closeImpl(172)) - c5b86445-9c87-4edb-b176-8eaf015b94aa: shutdown server with port 40993 successfully
2019-10-18 14:32:59,749 [grpc-default-executor-2] WARN  server.GrpcLogAppender (LogUtils.java:warn(134)) - 07da283f-72b3-4610-abc1-72d23674d905@group-50F79935BC6A->c5b86445-9c87-4edb-b176-8eaf015b94aa-AppendLogResponseHandler: Failed appendEntries: org.apache.ratis.thirdparty.io.grpc.StatusRuntimeException: CANCELLED: HTTP/2 error code: CANCEL
Received Rst Stream
2019-10-18 14:32:59,751 [refreshUsed-/workdir/hadoop-ozone/integration-test/target/test-dir/MiniOzoneClusterImpl-f465728d-d17c-4acf-bac7-b15b0ed995a5/datanode-1/data/containers] WARN  fs.CachingGetSpaceUsed (CachingGetSpaceUsed.java:run(183)) - Thread Interrupted waiting to refresh disk information: sleep interrupted
2019-10-18 14:32:59,765 [main] INFO  utils.BackgroundService (BackgroundService.java:shutdown(151)) - Shutting down service BlockDeletingService
2019-10-18 14:32:59,768 [main] INFO  statemachine.DatanodeStateMachine (DatanodeStateMachine.java:stopDaemon(395)) - Ozone container server stopped.
2019-10-18 14:32:59,772 [main] INFO  handler.ContextHandler (ContextHandler.java:doStop(910)) - Stopped o.e.j.w.WebAppContext@7a0ef219{/,null,UNAVAILABLE}{/hddsDatanode}
2019-10-18 14:32:59,776 [main] INFO  server.AbstractConnector (AbstractConnector.java:doStop(318)) - Stopped ServerConnector@1b1f5012{HTTP/1.1,[http/1.1]}{0.0.0.0:0}
2019-10-18 14:32:59,777 [main] INFO  handler.ContextHandler (ContextHandler.java:doStop(910)) - Stopped o.e.j.s.ServletContextHandler@8851ce1{/static,jar:file:/home/user/.m2/repository/org/apache/hadoop/hadoop-hdds-container-service/0.5.0-SNAPSHOT/hadoop-hdds-container-service-0.5.0-SNAPSHOT.jar!/webapps/static,UNAVAILABLE}
2019-10-18 14:32:59,777 [main] INFO  handler.ContextHandler (ContextHandler.java:doStop(910)) - Stopped o.e.j.s.ServletContextHandler@5e65afb6{/logs,file:///workdir/hadoop-ozone/integration-test/target/log,UNAVAILABLE}
2019-10-18 14:33:02,783 [java.util.concurrent.ThreadPoolExecutor$Worker@37af0650[State = -1, empty queue]] WARN  server.GrpcLogAppender (GrpcLogAppender.java:timeoutAppendRequest(209)) - 07da283f-72b3-4610-abc1-72d23674d905@group-50F79935BC6A->c5b86445-9c87-4edb-b176-8eaf015b94aa-GrpcLogAppender: appendEntries Timeout, request=07da283f-72b3-4610-abc1-72d23674d905->c5b86445-9c87-4edb-b176-8eaf015b94aa#8-t2, previous=(t:2, i:4), leaderCommit=4, initializing? false, entries: size=1, first=(t:2, i:5), STATEMACHINELOGENTRY, client-D4B6A76FA5A7, cid=8
2019-10-18 14:33:02,784 [java.util.concurrent.ThreadPoolExecutor$Worker@37af0650[State = -1, empty queue]] WARN  server.GrpcLogAppender (GrpcLogAppender.java:timeoutAppendRequest(209)) - 07da283f-72b3-4610-abc1-72d23674d905@group-50F79935BC6A->c5b86445-9c87-4edb-b176-8eaf015b94aa-GrpcLogAppender: appendEntries Timeout, request=07da283f-72b3-4610-abc1-72d23674d905->c5b86445-9c87-4edb-b176-8eaf015b94aa#9-t2, previous=(t:2, i:5), leaderCommit=4, initializing? false, entries: size=1, first=(t:2, i:6), STATEMACHINELOGENTRY, client-D4B6A76FA5A7, cid=9
2019-10-18 14:33:02,800 [java.util.concurrent.ThreadPoolExecutor$Worker@37af0650[State = -1, empty queue]] WARN  server.GrpcLogAppender (GrpcLogAppender.java:timeoutAppendRequest(209)) - 07da283f-72b3-4610-abc1-72d23674d905@group-50F79935BC6A->c5b86445-9c87-4edb-b176-8eaf015b94aa-GrpcLogAppender: appendEntries Timeout, request=07da283f-72b3-4610-abc1-72d23674d905->c5b86445-9c87-4edb-b176-8eaf015b94aa#10-t2, previous=(t:2, i:6), leaderCommit=6, initializing? false, entries: size=1, first=(t:2, i:7), METADATAENTRY(c5)
2019-10-18 14:33:02,801 [java.util.concurrent.ThreadPoolExecutor$Worker@37af0650[State = -1, empty queue]] WARN  server.GrpcLogAppender (GrpcLogAppender.java:timeoutAppendRequest(209)) - 07da283f-72b3-4610-abc1-72d23674d905@group-50F79935BC6A->c5b86445-9c87-4edb-b176-8eaf015b94aa-GrpcLogAppender: appendEntries Timeout, request=07da283f-72b3-4610-abc1-72d23674d905->c5b86445-9c87-4edb-b176-8eaf015b94aa#11-t2, previous=(t:2, i:7), leaderCommit=6, initializing? false, entries: size=1, first=(t:2, i:8), METADATAENTRY(c6)
2019-10-18 14:33:05,302 [java.util.concurrent.ThreadPoolExecutor$Worker@37af0650[State = -1, empty queue]] WARN  server.GrpcLogAppender (GrpcLogAppender.java:timeoutAppendRequest(209)) - 07da283f-72b3-4610-abc1-72d23674d905@group-50F79935BC6A->c5b86445-9c87-4edb-b176-8eaf015b94aa-GrpcLogAppender: appendEntries Timeout, request=07da283f-72b3-4610-abc1-72d23674d905->c5b86445-9c87-4edb-b176-8eaf015b94aa#12-t2, previous=(t:2, i:8), leaderCommit=8, initializing? false, entries: <empty>
2019-10-18 14:33:07,803 [java.util.concurrent.ThreadPoolExecutor$Worker@37af0650[State = -1, empty queue]] WARN  server.GrpcLogAppender (GrpcLogAppender.java:timeoutAppendRequest(209)) - 07da283f-72b3-4610-abc1-72d23674d905@group-50F79935BC6A->c5b86445-9c87-4edb-b176-8eaf015b94aa-GrpcLogAppender: appendEntries Timeout, request=07da283f-72b3-4610-abc1-72d23674d905->c5b86445-9c87-4edb-b176-8eaf015b94aa#13-t2, previous=(t:2, i:8), leaderCommit=8, initializing? false, entries: <empty>
2019-10-18 14:33:10,304 [java.util.concurrent.ThreadPoolExecutor$Worker@37af0650[State = -1, empty queue]] WARN  server.GrpcLogAppender (GrpcLogAppender.java:timeoutAppendRequest(209)) - 07da283f-72b3-4610-abc1-72d23674d905@group-50F79935BC6A->c5b86445-9c87-4edb-b176-8eaf015b94aa-GrpcLogAppender: appendEntries Timeout, request=07da283f-72b3-4610-abc1-72d23674d905->c5b86445-9c87-4edb-b176-8eaf015b94aa#14-t2, previous=(t:2, i:8), leaderCommit=8, initializing? false, entries: <empty>
2019-10-18 14:33:10,691 [Thread-288] INFO  client.GrpcClientProtocolService (GrpcClientProtocolService.java:lambda$processClientRequest$0(278)) - Failed RaftClientRequest:client-D4B6A76FA5A7->07da283f-72b3-4610-abc1-72d23674d905@group-50F79935BC6A, cid=10, seq=0, Watch-ALL_COMMITTED(6), Message:<EMPTY>, reply=RaftClientReply:client-D4B6A76FA5A7->07da283f-72b3-4610-abc1-72d23674d905@group-50F79935BC6A, cid=10, FAILED org.apache.ratis.protocol.NotReplicatedException: Request with call Id 10 and log index 6 is not yet replicated to ALL_COMMITTED, logIndex=6, commits[07da283f-72b3-4610-abc1-72d23674d905:c8, c3a3cb61-beea-4a1a-8639-85f6e846679d:c8, c5b86445-9c87-4edb-b176-8eaf015b94aa:c4]
2019-10-18 14:33:12,804 [java.util.concurrent.ThreadPoolExecutor$Worker@37af0650[State = -1, empty queue]] WARN  server.GrpcLogAppender (GrpcLogAppender.java:timeoutAppendRequest(209)) - 07da283f-72b3-4610-abc1-72d23674d905@group-50F79935BC6A->c5b86445-9c87-4edb-b176-8eaf015b94aa-GrpcLogAppender: appendEntries Timeout, request=07da283f-72b3-4610-abc1-72d23674d905->c5b86445-9c87-4edb-b176-8eaf015b94aa#15-t2, previous=(t:2, i:8), leaderCommit=8, initializing? false, entries: <empty>
2019-10-18 14:33:15,306 [java.util.concurrent.ThreadPoolExecutor$Worker@37af0650[State = -1, empty queue]] WARN  server.GrpcLogAppender (GrpcLogAppender.java:timeoutAppendRequest(209)) - 07da283f-72b3-4610-abc1-72d23674d905@group-50F79935BC6A->c5b86445-9c87-4edb-b176-8eaf015b94aa-GrpcLogAppender: appendEntries Timeout, request=07da283f-72b3-4610-abc1-72d23674d905->c5b86445-9c87-4edb-b176-8eaf015b94aa#16-t2, previous=(t:2, i:8), leaderCommit=8, initializing? false, entries: <empty>
2019-10-18 14:33:17,807 [java.util.concurrent.ThreadPoolExecutor$Worker@37af0650[State = -1, empty queue]] WARN  server.GrpcLogAppender (GrpcLogAppender.java:timeoutAppendRequest(209)) - 07da283f-72b3-4610-abc1-72d23674d905@group-50F79935BC6A->c5b86445-9c87-4edb-b176-8eaf015b94aa-GrpcLogAppender: appendEntries Timeout, request=07da283f-72b3-4610-abc1-72d23674d905->c5b86445-9c87-4edb-b176-8eaf015b94aa#17-t2, previous=(t:2, i:8), leaderCommit=8, initializing? false, entries: <empty>
2019-10-18 14:33:18,849 [Thread-294] INFO  client.GrpcClientProtocolService (GrpcClientProtocolService.java:lambda$processClientRequest$0(278)) - Failed RaftClientRequest:client-D4B6A76FA5A7->c3a3cb61-beea-4a1a-8639-85f6e846679d@group-50F79935BC6A, cid=10, seq=0, Watch-ALL_COMMITTED(6), Message:<EMPTY>, reply=RaftClientReply:client-D4B6A76FA5A7->c3a3cb61-beea-4a1a-8639-85f6e846679d@group-50F79935BC6A, cid=10, FAILED org.apache.ratis.protocol.NotLeaderException: Server c3a3cb61-beea-4a1a-8639-85f6e846679d@group-50F79935BC6A is not the leader 07da283f-72b3-4610-abc1-72d23674d905:192.168.164.233:38130, logIndex=0, commits[c3a3cb61-beea-4a1a-8639-85f6e846679d:c8, 07da283f-72b3-4610-abc1-72d23674d905:c8, c5b86445-9c87-4edb-b176-8eaf015b94aa:c4]
2019-10-18 14:33:20,308 [java.util.concurrent.ThreadPoolExecutor$Worker@37af0650[State = -1, empty queue]] WARN  server.GrpcLogAppender (GrpcLogAppender.java:timeoutAppendRequest(209)) - 07da283f-72b3-4610-abc1-72d23674d905@group-50F79935BC6A->c5b86445-9c87-4edb-b176-8eaf015b94aa-GrpcLogAppender: appendEntries Timeout, request=07da283f-72b3-4610-abc1-72d23674d905->c5b86445-9c87-4edb-b176-8eaf015b94aa#18-t2, previous=(t:2, i:8), leaderCommit=8, initializing? false, entries: <empty>
2019-10-18 14:33:20,682 [Thread-298] INFO  client.GrpcClientProtocolService (GrpcClientProtocolService.java:lambda$processClientRequest$0(278)) - Failed RaftClientRequest:client-D4B6A76FA5A7->07da283f-72b3-4610-abc1-72d23674d905@group-50F79935BC6A, cid=10, seq=0, Watch-ALL_COMMITTED(6), Message:<EMPTY>, reply=RaftClientReply:client-D4B6A76FA5A7->07da283f-72b3-4610-abc1-72d23674d905@group-50F79935BC6A, cid=10, FAILED org.apache.ratis.protocol.NotReplicatedException: Request with call Id 10 and log index 6 is not yet replicated to ALL_COMMITTED, logIndex=6, commits[07da283f-72b3-4610-abc1-72d23674d905:c8, c3a3cb61-beea-4a1a-8639-85f6e846679d:c8, c5b86445-9c87-4edb-b176-8eaf015b94aa:c4]
2019-10-18 14:33:22,809 [java.util.concurrent.ThreadPoolExecutor$Worker@37af0650[State = -1, empty queue]] WARN  server.GrpcLogAppender (GrpcLogAppender.java:timeoutAppendRequest(209)) - 07da283f-72b3-4610-abc1-72d23674d905@group-50F79935BC6A->c5b86445-9c87-4edb-b176-8eaf015b94aa-GrpcLogAppender: appendEntries Timeout, request=07da283f-72b3-4610-abc1-72d23674d905->c5b86445-9c87-4edb-b176-8eaf015b94aa#19-t2, previous=(t:2, i:8), leaderCommit=8, initializing? false, entries: <empty>
2019-10-18 14:33:25,309 [java.util.concurrent.ThreadPoolExecutor$Worker@37af0650[State = -1, empty queue]] WARN  server.GrpcLogAppender (GrpcLogAppender.java:timeoutAppendRequest(209)) - 07da283f-72b3-4610-abc1-72d23674d905@group-50F79935BC6A->c5b86445-9c87-4edb-b176-8eaf015b94aa-GrpcLogAppender: appendEntries Timeout, request=07da283f-72b3-4610-abc1-72d23674d905->c5b86445-9c87-4edb-b176-8eaf015b94aa#20-t2, previous=(t:2, i:8), leaderCommit=8, initializing? false, entries: <empty>
2019-10-18 14:33:27,811 [java.util.concurrent.ThreadPoolExecutor$Worker@37af0650[State = -1, empty queue]] WARN  server.GrpcLogAppender (GrpcLogAppender.java:timeoutAppendRequest(209)) - 07da283f-72b3-4610-abc1-72d23674d905@group-50F79935BC6A->c5b86445-9c87-4edb-b176-8eaf015b94aa-GrpcLogAppender: appendEntries Timeout, request=07da283f-72b3-4610-abc1-72d23674d905->c5b86445-9c87-4edb-b176-8eaf015b94aa#21-t2, previous=(t:2, i:8), leaderCommit=8, initializing? false, entries: <empty>
2019-10-18 14:33:29,682 [Thread-306] INFO  client.GrpcClientProtocolService (GrpcClientProtocolService.java:lambda$processClientRequest$0(278)) - Failed RaftClientRequest:client-D4B6A76FA5A7->07da283f-72b3-4610-abc1-72d23674d905@group-50F79935BC6A, cid=10, seq=0, Watch-ALL_COMMITTED(6), Message:<EMPTY>, reply=RaftClientReply:client-D4B6A76FA5A7->07da283f-72b3-4610-abc1-72d23674d905@group-50F79935BC6A, cid=10, FAILED org.apache.ratis.protocol.NotReplicatedException: Request with call Id 10 and log index 6 is not yet replicated to ALL_COMMITTED, logIndex=6, commits[07da283f-72b3-4610-abc1-72d23674d905:c8, c3a3cb61-beea-4a1a-8639-85f6e846679d:c8, c5b86445-9c87-4edb-b176-8eaf015b94aa:c4]
2019-10-18 14:33:29,812 [main] WARN  scm.XceiverClientRatis (XceiverClientRatis.java:watchForCommit(277)) - 3 way commit failed on pipeline Pipeline[ Id: 1b899901-10f6-4f6e-b1b6-50f79935bc6a, Nodes: 07da283f-72b3-4610-abc1-72d23674d905{ip: 192.168.164.233, host: pr-hdds-2327-vtdmt-1103746116, networkLocation: /default-rack, certSerialId: null}c3a3cb61-beea-4a1a-8639-85f6e846679d{ip: 192.168.164.233, host: pr-hdds-2327-vtdmt-1103746116, networkLocation: /default-rack, certSerialId: null}c5b86445-9c87-4edb-b176-8eaf015b94aa{ip: 192.168.164.233, host: pr-hdds-2327-vtdmt-1103746116, networkLocation: /default-rack, certSerialId: null}, Type:RATIS, Factor:THREE, State:OPEN]
java.util.concurrent.TimeoutException
	at java.util.concurrent.CompletableFuture.timedGet(CompletableFuture.java:1771)
	at java.util.concurrent.CompletableFuture.get(CompletableFuture.java:1915)
	at org.apache.hadoop.hdds.scm.XceiverClientRatis.watchForCommit(XceiverClientRatis.java:274)
	at org.apache.hadoop.hdds.scm.storage.CommitWatcher.watchForCommit(CommitWatcher.java:198)
	at org.apache.hadoop.hdds.scm.storage.CommitWatcher.watchOnLastIndex(CommitWatcher.java:161)
	at org.apache.hadoop.hdds.scm.storage.BlockOutputStream.watchForCommit(BlockOutputStream.java:346)
	at org.apache.hadoop.hdds.scm.storage.BlockOutputStream.handleFlush(BlockOutputStream.java:482)
	at org.apache.hadoop.hdds.scm.storage.BlockOutputStream.close(BlockOutputStream.java:496)
	at org.apache.hadoop.ozone.client.io.BlockOutputStreamEntry.close(BlockOutputStreamEntry.java:143)
	at org.apache.hadoop.ozone.client.io.KeyOutputStream.handleFlushOrClose(KeyOutputStream.java:435)
	at org.apache.hadoop.ozone.client.io.KeyOutputStream.close(KeyOutputStream.java:473)
	at org.apache.hadoop.ozone.client.io.OzoneOutputStream.close(OzoneOutputStream.java:60)
	at org.apache.hadoop.ozone.client.rpc.TestDeleteWithSlowFollower.testDeleteKeyWithSlowFollower(TestDeleteWithSlowFollower.java:193)
	at sun.reflect.NativeMethodAccessorImpl.invoke0(Native Method)
	at sun.reflect.NativeMethodAccessorImpl.invoke(NativeMethodAccessorImpl.java:62)
	at sun.reflect.DelegatingMethodAccessorImpl.invoke(DelegatingMethodAccessorImpl.java:43)
	at java.lang.reflect.Method.invoke(Method.java:498)
	at org.junit.runners.model.FrameworkMethod$1.runReflectiveCall(FrameworkMethod.java:47)
	at org.junit.internal.runners.model.ReflectiveCallable.run(ReflectiveCallable.java:12)
	at org.junit.runners.model.FrameworkMethod.invokeExplosively(FrameworkMethod.java:44)
	at org.junit.internal.runners.statements.InvokeMethod.evaluate(InvokeMethod.java:17)
	at org.junit.runners.ParentRunner.runLeaf(ParentRunner.java:271)
	at org.junit.runners.BlockJUnit4ClassRunner.runChild(BlockJUnit4ClassRunner.java:70)
	at org.junit.runners.BlockJUnit4ClassRunner.runChild(BlockJUnit4ClassRunner.java:50)
	at org.junit.runners.ParentRunner$3.run(ParentRunner.java:238)
	at org.junit.runners.ParentRunner$1.schedule(ParentRunner.java:63)
	at org.junit.runners.ParentRunner.runChildren(ParentRunner.java:236)
	at org.junit.runners.ParentRunner.access$000(ParentRunner.java:53)
	at org.junit.runners.ParentRunner$2.evaluate(ParentRunner.java:229)
	at org.junit.internal.runners.statements.RunBefores.evaluate(RunBefores.java:26)
	at org.junit.internal.runners.statements.RunAfters.evaluate(RunAfters.java:27)
	at org.junit.runners.ParentRunner.run(ParentRunner.java:309)
	at org.apache.maven.surefire.junit4.JUnit4Provider.execute(JUnit4Provider.java:365)
	at org.apache.maven.surefire.junit4.JUnit4Provider.executeWithRerun(JUnit4Provider.java:273)
	at org.apache.maven.surefire.junit4.JUnit4Provider.executeTestSet(JUnit4Provider.java:238)
	at org.apache.maven.surefire.junit4.JUnit4Provider.invoke(JUnit4Provider.java:159)
	at org.apache.maven.surefire.booter.ForkedBooter.invokeProviderInSameClassLoader(ForkedBooter.java:384)
	at org.apache.maven.surefire.booter.ForkedBooter.runSuitesInProcess(ForkedBooter.java:345)
	at org.apache.maven.surefire.booter.ForkedBooter.execute(ForkedBooter.java:126)
	at org.apache.maven.surefire.booter.ForkedBooter.main(ForkedBooter.java:418)
2019-10-18 14:33:29,822 [main] INFO  scm.XceiverClientRatis (XceiverClientRatis.java:lambda$watchForCommit$5(295)) - Could not commit index 6 on pipeline Pipeline[ Id: 1b899901-10f6-4f6e-b1b6-50f79935bc6a, Nodes: 07da283f-72b3-4610-abc1-72d23674d905{ip: 192.168.164.233, host: pr-hdds-2327-vtdmt-1103746116, networkLocation: /default-rack, certSerialId: null}c3a3cb61-beea-4a1a-8639-85f6e846679d{ip: 192.168.164.233, host: pr-hdds-2327-vtdmt-1103746116, networkLocation: /default-rack, certSerialId: null}c5b86445-9c87-4edb-b176-8eaf015b94aa{ip: 192.168.164.233, host: pr-hdds-2327-vtdmt-1103746116, networkLocation: /default-rack, certSerialId: null}, Type:RATIS, Factor:THREE, State:OPEN] to all the nodes. Server c5b86445-9c87-4edb-b176-8eaf015b94aa has failed. Committed by majority.
2019-10-18 14:33:29,823 [main] WARN  storage.BlockOutputStream (BlockOutputStream.java:watchForCommit(352)) - Failed to commit BlockId conID: 1 locID: 102983871636307968 bcsId: 6 on Pipeline[ Id: 1b899901-10f6-4f6e-b1b6-50f79935bc6a, Nodes: 07da283f-72b3-4610-abc1-72d23674d905{ip: 192.168.164.233, host: pr-hdds-2327-vtdmt-1103746116, networkLocation: /default-rack, certSerialId: null}c3a3cb61-beea-4a1a-8639-85f6e846679d{ip: 192.168.164.233, host: pr-hdds-2327-vtdmt-1103746116, networkLocation: /default-rack, certSerialId: null}c5b86445-9c87-4edb-b176-8eaf015b94aa{ip: 192.168.164.233, host: pr-hdds-2327-vtdmt-1103746116, networkLocation: /default-rack, certSerialId: null}, Type:RATIS, Factor:THREE, State:OPEN]. Failed nodes: [c5b86445-9c87-4edb-b176-8eaf015b94aa{ip: null, host: null, networkLocation: /default-rack, certSerialId: null}]
2019-10-18 14:33:29,889 [EventQueue-IncrementalContainerReportForIncrementalContainerReportHandler] WARN  container.IncrementalContainerReportHandler (AbstractContainerReportHandler.java:updateContainerState(145)) - Container #1 is in OPEN state, but the datanode 07da283f-72b3-4610-abc1-72d23674d905{ip: 192.168.164.233, host: pr-hdds-2327-vtdmt-1103746116, networkLocation: /default-rack, certSerialId: null} reports an CLOSING replica.
2019-10-18 14:33:29,900 [RatisApplyTransactionExecutor 1] INFO  interfaces.Container (KeyValueContainer.java:flushAndSyncDB(386)) - Container 1 is synced with bcsId 6.
2019-10-18 14:33:29,901 [RatisApplyTransactionExecutor 1] INFO  interfaces.Container (KeyValueContainer.java:flushAndSyncDB(386)) - Container 1 is synced with bcsId 6.
2019-10-18 14:33:29,905 [EventQueue-IncrementalContainerReportForIncrementalContainerReportHandler] WARN  container.IncrementalContainerReportHandler (AbstractContainerReportHandler.java:updateContainerState(145)) - Container #1 is in OPEN state, but the datanode c3a3cb61-beea-4a1a-8639-85f6e846679d{ip: 192.168.164.233, host: pr-hdds-2327-vtdmt-1103746116, networkLocation: /default-rack, certSerialId: null} reports an CLOSING replica.
2019-10-18 14:33:29,906 [RatisApplyTransactionExecutor 1] INFO  interfaces.Container (KeyValueContainer.java:flushAndSyncDB(386)) - Container 1 is synced with bcsId 6.
2019-10-18 14:33:29,907 [RatisApplyTransactionExecutor 1] INFO  interfaces.Container (KeyValueContainer.java:flushAndSyncDB(386)) - Container 1 is synced with bcsId 6.
2019-10-18 14:33:29,909 [RatisApplyTransactionExecutor 1] INFO  interfaces.Container (KeyValueContainer.java:close(335)) - Container 1 is closed with bcsId 6.
2019-10-18 14:33:29,912 [EventQueue-IncrementalContainerReportForIncrementalContainerReportHandler] WARN  container.IncrementalContainerReportHandler (AbstractContainerReportHandler.java:updateContainerState(145)) - Container #1 is in OPEN state, but the datanode 07da283f-72b3-4610-abc1-72d23674d905{ip: 192.168.164.233, host: pr-hdds-2327-vtdmt-1103746116, networkLocation: /default-rack, certSerialId: null} reports an CLOSED replica.
2019-10-18 14:33:29,917 [RatisApplyTransactionExecutor 1] INFO  interfaces.Container (KeyValueContainer.java:close(335)) - Container 1 is closed with bcsId 6.
2019-10-18 14:33:29,919 [EventQueue-IncrementalContainerReportForIncrementalContainerReportHandler] WARN  container.IncrementalContainerReportHandler (AbstractContainerReportHandler.java:updateContainerState(145)) - Container #1 is in OPEN state, but the datanode c3a3cb61-beea-4a1a-8639-85f6e846679d{ip: 192.168.164.233, host: pr-hdds-2327-vtdmt-1103746116, networkLocation: /default-rack, certSerialId: null} reports an CLOSED replica.
2019-10-18 14:33:30,010 [EventQueue-ContainerReportForContainerReportHandler] WARN  container.ContainerReportHandler (AbstractContainerReportHandler.java:updateContainerState(145)) - Container #1 is in OPEN state, but the datanode 07da283f-72b3-4610-abc1-72d23674d905{ip: 192.168.164.233, host: pr-hdds-2327-vtdmt-1103746116, networkLocation: /default-rack, certSerialId: null} reports an CLOSED replica.
2019-10-18 14:33:30,118 [EventQueue-ContainerReportForContainerReportHandler] WARN  container.ContainerReportHandler (AbstractContainerReportHandler.java:updateContainerState(145)) - Container #1 is in OPEN state, but the datanode c3a3cb61-beea-4a1a-8639-85f6e846679d{ip: 192.168.164.233, host: pr-hdds-2327-vtdmt-1103746116, networkLocation: /default-rack, certSerialId: null} reports an CLOSED replica.
2019-10-18 14:33:30,210 [EventQueue-ContainerReportForContainerReportHandler] WARN  container.ContainerReportHandler (AbstractContainerReportHandler.java:updateContainerState(145)) - Container #1 is in OPEN state, but the datanode 07da283f-72b3-4610-abc1-72d23674d905{ip: 192.168.164.233, host: pr-hdds-2327-vtdmt-1103746116, networkLocation: /default-rack, certSerialId: null} reports an CLOSED replica.
2019-10-18 14:33:30,277 [IPC Server handler 8 on 38798] INFO  server.SCMBlockProtocolServer (SCMBlockProtocolServer.java:deleteKeyBlocks(212)) - SCM is informed by OM to delete 1 blocks
2019-10-18 14:33:30,277 [IPC Server handler 8 on 38798] INFO  block.BlockManagerImpl (BlockManagerImpl.java:deleteBlocks(285)) - Deleting blocks conID: 1 locID: 102983871636307968 bcsId: 0
2019-10-18 14:33:30,312 [java.util.concurrent.ThreadPoolExecutor$Worker@37af0650[State = -1, empty queue]] WARN  server.GrpcLogAppender (GrpcLogAppender.java:timeoutAppendRequest(209)) - 07da283f-72b3-4610-abc1-72d23674d905@group-50F79935BC6A->c5b86445-9c87-4edb-b176-8eaf015b94aa-GrpcLogAppender: appendEntries Timeout, request=07da283f-72b3-4610-abc1-72d23674d905->c5b86445-9c87-4edb-b176-8eaf015b94aa#22-t2, previous=(t:2, i:8), leaderCommit=8, initializing? false, entries: <empty>
2019-10-18 14:33:30,326 [BlockDeletingService#2] WARN  background.BlockDeletingService (BlockDeletingService.java:isDeletionAllowed(187)) - Close Container log Index 6 is not replicated across allthe servers in the pipeline 1b899901-10f6-4f6e-b1b6-50f79935bc6a as the min replicated index is 4. Deletion is not allowed in this container yet.
2019-10-18 14:33:30,327 [BlockDeletingService#2] WARN  background.BlockDeletingService (BlockDeletingService.java:isDeletionAllowed(187)) - Close Container log Index 6 is not replicated across allthe servers in the pipeline 1b899901-10f6-4f6e-b1b6-50f79935bc6a as the min replicated index is 4. Deletion is not allowed in this container yet.
2019-10-18 14:33:30,510 [EventQueue-ContainerReportForContainerReportHandler] WARN  container.ContainerReportHandler (AbstractContainerReportHandler.java:updateContainerState(145)) - Container #1 is in OPEN state, but the datanode 07da283f-72b3-4610-abc1-72d23674d905{ip: 192.168.164.233, host: pr-hdds-2327-vtdmt-1103746116, networkLocation: /default-rack, certSerialId: null} reports an CLOSED replica.
2019-10-18 14:33:30,518 [EventQueue-ContainerReportForContainerReportHandler] WARN  container.ContainerReportHandler (AbstractContainerReportHandler.java:updateContainerState(145)) - Container #1 is in OPEN state, but the datanode c3a3cb61-beea-4a1a-8639-85f6e846679d{ip: 192.168.164.233, host: pr-hdds-2327-vtdmt-1103746116, networkLocation: /default-rack, certSerialId: null} reports an CLOSED replica.
2019-10-18 14:33:30,710 [EventQueue-ContainerReportForContainerReportHandler] WARN  container.ContainerReportHandler (AbstractContainerReportHandler.java:updateContainerState(145)) - Container #1 is in OPEN state, but the datanode 07da283f-72b3-4610-abc1-72d23674d905{ip: 192.168.164.233, host: pr-hdds-2327-vtdmt-1103746116, networkLocation: /default-rack, certSerialId: null} reports an CLOSED replica.
2019-10-18 14:33:30,817 [EventQueue-ContainerReportForContainerReportHandler] WARN  container.ContainerReportHandler (AbstractContainerReportHandler.java:updateContainerState(145)) - Container #1 is in OPEN state, but the datanode c3a3cb61-beea-4a1a-8639-85f6e846679d{ip: 192.168.164.233, host: pr-hdds-2327-vtdmt-1103746116, networkLocation: /default-rack, certSerialId: null} reports an CLOSED replica.
2019-10-18 14:33:31,010 [EventQueue-ContainerReportForContainerReportHandler] WARN  container.ContainerReportHandler (AbstractContainerReportHandler.java:updateContainerState(145)) - Container #1 is in OPEN state, but the datanode 07da283f-72b3-4610-abc1-72d23674d905{ip: 192.168.164.233, host: pr-hdds-2327-vtdmt-1103746116, networkLocation: /default-rack, certSerialId: null} reports an CLOSED replica.
2019-10-18 14:33:31,118 [EventQueue-ContainerReportForContainerReportHandler] WARN  container.ContainerReportHandler (AbstractContainerReportHandler.java:updateContainerState(145)) - Container #1 is in OPEN state, but the datanode c3a3cb61-beea-4a1a-8639-85f6e846679d{ip: 192.168.164.233, host: pr-hdds-2327-vtdmt-1103746116, networkLocation: /default-rack, certSerialId: null} reports an CLOSED replica.
2019-10-18 14:33:31,310 [EventQueue-ContainerReportForContainerReportHandler] WARN  container.ContainerReportHandler (AbstractContainerReportHandler.java:updateContainerState(145)) - Container #1 is in OPEN state, but the datanode 07da283f-72b3-4610-abc1-72d23674d905{ip: 192.168.164.233, host: pr-hdds-2327-vtdmt-1103746116, networkLocation: /default-rack, certSerialId: null} reports an CLOSED replica.
2019-10-18 14:33:31,327 [BlockDeletingService#2] WARN  background.BlockDeletingService (BlockDeletingService.java:isDeletionAllowed(187)) - Close Container log Index 6 is not replicated across allthe servers in the pipeline 1b899901-10f6-4f6e-b1b6-50f79935bc6a as the min replicated index is 4. Deletion is not allowed in this container yet.
2019-10-18 14:33:31,330 [BlockDeletingService#2] WARN  background.BlockDeletingService (BlockDeletingService.java:isDeletionAllowed(187)) - Close Container log Index 6 is not replicated across allthe servers in the pipeline 1b899901-10f6-4f6e-b1b6-50f79935bc6a as the min replicated index is 4. Deletion is not allowed in this container yet.
2019-10-18 14:33:31,419 [EventQueue-ContainerReportForContainerReportHandler] WARN  container.ContainerReportHandler (AbstractContainerReportHandler.java:updateContainerState(145)) - Container #1 is in OPEN state, but the datanode c3a3cb61-beea-4a1a-8639-85f6e846679d{ip: 192.168.164.233, host: pr-hdds-2327-vtdmt-1103746116, networkLocation: /default-rack, certSerialId: null} reports an CLOSED replica.
2019-10-18 14:33:31,610 [EventQueue-ContainerReportForContainerReportHandler] WARN  container.ContainerReportHandler (AbstractContainerReportHandler.java:updateContainerState(145)) - Container #1 is in OPEN state, but the datanode 07da283f-72b3-4610-abc1-72d23674d905{ip: 192.168.164.233, host: pr-hdds-2327-vtdmt-1103746116, networkLocation: /default-rack, certSerialId: null} reports an CLOSED replica.
2019-10-18 14:33:31,719 [EventQueue-ContainerReportForContainerReportHandler] WARN  container.ContainerReportHandler (AbstractContainerReportHandler.java:updateContainerState(145)) - Container #1 is in OPEN state, but the datanode c3a3cb61-beea-4a1a-8639-85f6e846679d{ip: 192.168.164.233, host: pr-hdds-2327-vtdmt-1103746116, networkLocation: /default-rack, certSerialId: null} reports an CLOSED replica.
2019-10-18 14:33:31,810 [EventQueue-ContainerReportForContainerReportHandler] WARN  container.ContainerReportHandler (AbstractContainerReportHandler.java:updateContainerState(145)) - Container #1 is in OPEN state, but the datanode 07da283f-72b3-4610-abc1-72d23674d905{ip: 192.168.164.233, host: pr-hdds-2327-vtdmt-1103746116, networkLocation: /default-rack, certSerialId: null} reports an CLOSED replica.
2019-10-18 14:33:32,019 [EventQueue-ContainerReportForContainerReportHandler] WARN  container.ContainerReportHandler (AbstractContainerReportHandler.java:updateContainerState(145)) - Container #1 is in OPEN state, but the datanode c3a3cb61-beea-4a1a-8639-85f6e846679d{ip: 192.168.164.233, host: pr-hdds-2327-vtdmt-1103746116, networkLocation: /default-rack, certSerialId: null} reports an CLOSED replica.
2019-10-18 14:33:32,110 [EventQueue-ContainerReportForContainerReportHandler] WARN  container.ContainerReportHandler (AbstractContainerReportHandler.java:updateContainerState(145)) - Container #1 is in OPEN state, but the datanode 07da283f-72b3-4610-abc1-72d23674d905{ip: 192.168.164.233, host: pr-hdds-2327-vtdmt-1103746116, networkLocation: /default-rack, certSerialId: null} reports an CLOSED replica.
2019-10-18 14:33:32,219 [EventQueue-ContainerReportForContainerReportHandler] WARN  container.ContainerReportHandler (AbstractContainerReportHandler.java:updateContainerState(145)) - Container #1 is in OPEN state, but the datanode c3a3cb61-beea-4a1a-8639-85f6e846679d{ip: 192.168.164.233, host: pr-hdds-2327-vtdmt-1103746116, networkLocation: /default-rack, certSerialId: null} reports an CLOSED replica.
2019-10-18 14:33:32,328 [BlockDeletingService#2] WARN  background.BlockDeletingService (BlockDeletingService.java:isDeletionAllowed(187)) - Close Container log Index 6 is not replicated across allthe servers in the pipeline 1b899901-10f6-4f6e-b1b6-50f79935bc6a as the min replicated index is 4. Deletion is not allowed in this container yet.
2019-10-18 14:33:32,331 [BlockDeletingService#2] WARN  background.BlockDeletingService (BlockDeletingService.java:isDeletionAllowed(187)) - Close Container log Index 6 is not replicated across allthe servers in the pipeline 1b899901-10f6-4f6e-b1b6-50f79935bc6a as the min replicated index is 4. Deletion is not allowed in this container yet.
2019-10-18 14:33:32,410 [EventQueue-ContainerReportForContainerReportHandler] WARN  container.ContainerReportHandler (AbstractContainerReportHandler.java:updateContainerState(145)) - Container #1 is in OPEN state, but the datanode 07da283f-72b3-4610-abc1-72d23674d905{ip: 192.168.164.233, host: pr-hdds-2327-vtdmt-1103746116, networkLocation: /default-rack, certSerialId: null} reports an CLOSED replica.
2019-10-18 14:33:32,518 [EventQueue-ContainerReportForContainerReportHandler] WARN  container.ContainerReportHandler (AbstractContainerReportHandler.java:updateContainerState(145)) - Container #1 is in OPEN state, but the datanode c3a3cb61-beea-4a1a-8639-85f6e846679d{ip: 192.168.164.233, host: pr-hdds-2327-vtdmt-1103746116, networkLocation: /default-rack, certSerialId: null} reports an CLOSED replica.
2019-10-18 14:33:32,711 [EventQueue-ContainerReportForContainerReportHandler] WARN  container.ContainerReportHandler (AbstractContainerReportHandler.java:updateContainerState(145)) - Container #1 is in OPEN state, but the datanode 07da283f-72b3-4610-abc1-72d23674d905{ip: 192.168.164.233, host: pr-hdds-2327-vtdmt-1103746116, networkLocation: /default-rack, certSerialId: null} reports an CLOSED replica.
2019-10-18 14:33:32,813 [java.util.concurrent.ThreadPoolExecutor$Worker@37af0650[State = -1, empty queue]] WARN  server.GrpcLogAppender (GrpcLogAppender.java:timeoutAppendRequest(209)) - 07da283f-72b3-4610-abc1-72d23674d905@group-50F79935BC6A->c5b86445-9c87-4edb-b176-8eaf015b94aa-GrpcLogAppender: appendEntries Timeout, request=07da283f-72b3-4610-abc1-72d23674d905->c5b86445-9c87-4edb-b176-8eaf015b94aa#23-t2, previous=(t:2, i:8), leaderCommit=8, initializing? false, entries: <empty>
2019-10-18 14:33:32,818 [EventQueue-ContainerReportForContainerReportHandler] WARN  container.ContainerReportHandler (AbstractContainerReportHandler.java:updateContainerState(145)) - Container #1 is in OPEN state, but the datanode c3a3cb61-beea-4a1a-8639-85f6e846679d{ip: 192.168.164.233, host: pr-hdds-2327-vtdmt-1103746116, networkLocation: /default-rack, certSerialId: null} reports an CLOSED replica.
2019-10-18 14:33:32,852 [java.util.concurrent.ThreadPoolExecutor$Worker@37af0650[State = -1, empty queue]] WARN  server.GrpcLogAppender (GrpcLogAppender.java:timeoutAppendRequest(209)) - 07da283f-72b3-4610-abc1-72d23674d905@group-50F79935BC6A->c5b86445-9c87-4edb-b176-8eaf015b94aa-GrpcLogAppender: appendEntries Timeout, request=07da283f-72b3-4610-abc1-72d23674d905->c5b86445-9c87-4edb-b176-8eaf015b94aa#24-t2, previous=(t:2, i:8), leaderCommit=8, initializing? false, entries: size=1, first=(t:2, i:9), STATEMACHINELOGENTRY, client-FC475DED3721, cid=12
2019-10-18 14:33:32,864 [java.util.concurrent.ThreadPoolExecutor$Worker@37af0650[State = -1, empty queue]] WARN  server.GrpcLogAppender (GrpcLogAppender.java:timeoutAppendRequest(209)) - 07da283f-72b3-4610-abc1-72d23674d905@group-50F79935BC6A->c5b86445-9c87-4edb-b176-8eaf015b94aa-GrpcLogAppender: appendEntries Timeout, request=07da283f-72b3-4610-abc1-72d23674d905->c5b86445-9c87-4edb-b176-8eaf015b94aa#25-t2, previous=(t:2, i:9), leaderCommit=9, initializing? false, entries: size=1, first=(t:2, i:10), METADATAENTRY(c9)
2019-10-18 14:33:33,012 [EventQueue-ContainerReportForContainerReportHandler] WARN  container.ContainerReportHandler (AbstractContainerReportHandler.java:updateContainerState(145)) - Container #1 is in OPEN state, but the datanode 07da283f-72b3-4610-abc1-72d23674d905{ip: 192.168.164.233, host: pr-hdds-2327-vtdmt-1103746116, networkLocation: /default-rack, certSerialId: null} reports an CLOSED replica.
2019-10-18 14:33:33,121 [EventQueue-ContainerReportForContainerReportHandler] WARN  container.ContainerReportHandler (AbstractContainerReportHandler.java:updateContainerState(145)) - Container #1 is in OPEN state, but the datanode c3a3cb61-beea-4a1a-8639-85f6e846679d{ip: 192.168.164.233, host: pr-hdds-2327-vtdmt-1103746116, networkLocation: /default-rack, certSerialId: null} reports an CLOSED replica.
2019-10-18 14:33:33,214 [EventQueue-ContainerReportForContainerReportHandler] WARN  container.ContainerReportHandler (AbstractContainerReportHandler.java:updateContainerState(145)) - Container #1 is in OPEN state, but the datanode 07da283f-72b3-4610-abc1-72d23674d905{ip: 192.168.164.233, host: pr-hdds-2327-vtdmt-1103746116, networkLocation: /default-rack, certSerialId: null} reports an CLOSED replica.
2019-10-18 14:33:33,330 [BlockDeletingService#2] WARN  background.BlockDeletingService (BlockDeletingService.java:isDeletionAllowed(187)) - Close Container log Index 6 is not replicated across allthe servers in the pipeline 1b899901-10f6-4f6e-b1b6-50f79935bc6a as the min replicated index is 4. Deletion is not allowed in this container yet.
2019-10-18 14:33:33,332 [BlockDeletingService#2] WARN  background.BlockDeletingService (BlockDeletingService.java:isDeletionAllowed(187)) - Close Container log Index 6 is not replicated across allthe servers in the pipeline 1b899901-10f6-4f6e-b1b6-50f79935bc6a as the min replicated index is 4. Deletion is not allowed in this container yet.
2019-10-18 14:33:33,418 [EventQueue-ContainerReportForContainerReportHandler] WARN  container.ContainerReportHandler (AbstractContainerReportHandler.java:updateContainerState(145)) - Container #1 is in OPEN state, but the datanode c3a3cb61-beea-4a1a-8639-85f6e846679d{ip: 192.168.164.233, host: pr-hdds-2327-vtdmt-1103746116, networkLocation: /default-rack, certSerialId: null} reports an CLOSED replica.
2019-10-18 14:33:33,515 [EventQueue-ContainerReportForContainerReportHandler] WARN  container.ContainerReportHandler (AbstractContainerReportHandler.java:updateContainerState(145)) - Container #1 is in OPEN state, but the datanode 07da283f-72b3-4610-abc1-72d23674d905{ip: 192.168.164.233, host: pr-hdds-2327-vtdmt-1103746116, networkLocation: /default-rack, certSerialId: null} reports an CLOSED replica.
2019-10-18 14:33:33,619 [EventQueue-ContainerReportForContainerReportHandler] WARN  container.ContainerReportHandler (AbstractContainerReportHandler.java:updateContainerState(145)) - Container #1 is in OPEN state, but the datanode c3a3cb61-beea-4a1a-8639-85f6e846679d{ip: 192.168.164.233, host: pr-hdds-2327-vtdmt-1103746116, networkLocation: /default-rack, certSerialId: null} reports an CLOSED replica.
2019-10-18 14:33:33,815 [EventQueue-ContainerReportForContainerReportHandler] WARN  container.ContainerReportHandler (AbstractContainerReportHandler.java:updateContainerState(145)) - Container #1 is in OPEN state, but the datanode 07da283f-72b3-4610-abc1-72d23674d905{ip: 192.168.164.233, host: pr-hdds-2327-vtdmt-1103746116, networkLocation: /default-rack, certSerialId: null} reports an CLOSED replica.
2019-10-18 14:33:34,020 [EventQueue-ContainerReportForContainerReportHandler] WARN  container.ContainerReportHandler (AbstractContainerReportHandler.java:updateContainerState(145)) - Container #1 is in OPEN state, but the datanode c3a3cb61-beea-4a1a-8639-85f6e846679d{ip: 192.168.164.233, host: pr-hdds-2327-vtdmt-1103746116, networkLocation: /default-rack, certSerialId: null} reports an CLOSED replica.
2019-10-18 14:33:34,215 [EventQueue-ContainerReportForContainerReportHandler] WARN  container.ContainerReportHandler (AbstractContainerReportHandler.java:updateContainerState(145)) - Container #1 is in OPEN state, but the datanode 07da283f-72b3-4610-abc1-72d23674d905{ip: 192.168.164.233, host: pr-hdds-2327-vtdmt-1103746116, networkLocation: /default-rack, certSerialId: null} reports an CLOSED replica.
2019-10-18 14:33:34,318 [EventQueue-ContainerReportForContainerReportHandler] WARN  container.ContainerReportHandler (AbstractContainerReportHandler.java:updateContainerState(145)) - Container #1 is in OPEN state, but the datanode c3a3cb61-beea-4a1a-8639-85f6e846679d{ip: 192.168.164.233, host: pr-hdds-2327-vtdmt-1103746116, networkLocation: /default-rack, certSerialId: null} reports an CLOSED replica.
2019-10-18 14:33:34,333 [BlockDeletingService#2] WARN  background.BlockDeletingService (BlockDeletingService.java:isDeletionAllowed(187)) - Close Container log Index 6 is not replicated across allthe servers in the pipeline 1b899901-10f6-4f6e-b1b6-50f79935bc6a as the min replicated index is 4. Deletion is not allowed in this container yet.
2019-10-18 14:33:34,333 [BlockDeletingService#2] WARN  background.BlockDeletingService (BlockDeletingService.java:isDeletionAllowed(187)) - Close Container log Index 6 is not replicated across allthe servers in the pipeline 1b899901-10f6-4f6e-b1b6-50f79935bc6a as the min replicated index is 4. Deletion is not allowed in this container yet.
2019-10-18 14:33:34,518 [EventQueue-ContainerReportForContainerReportHandler] WARN  container.ContainerReportHandler (AbstractContainerReportHandler.java:updateContainerState(145)) - Container #1 is in OPEN state, but the datanode c3a3cb61-beea-4a1a-8639-85f6e846679d{ip: 192.168.164.233, host: pr-hdds-2327-vtdmt-1103746116, networkLocation: /default-rack, certSerialId: null} reports an CLOSED replica.
2019-10-18 14:33:34,615 [EventQueue-ContainerReportForContainerReportHandler] WARN  container.ContainerReportHandler (AbstractContainerReportHandler.java:updateContainerState(145)) - Container #1 is in OPEN state, but the datanode 07da283f-72b3-4610-abc1-72d23674d905{ip: 192.168.164.233, host: pr-hdds-2327-vtdmt-1103746116, networkLocation: /default-rack, certSerialId: null} reports an CLOSED replica.
2019-10-18 14:33:34,819 [EventQueue-ContainerReportForContainerReportHandler] WARN  container.ContainerReportHandler (AbstractContainerReportHandler.java:updateContainerState(145)) - Container #1 is in OPEN state, but the datanode c3a3cb61-beea-4a1a-8639-85f6e846679d{ip: 192.168.164.233, host: pr-hdds-2327-vtdmt-1103746116, networkLocation: /default-rack, certSerialId: null} reports an CLOSED replica.
2019-10-18 14:33:35,014 [EventQueue-ContainerReportForContainerReportHandler] WARN  container.ContainerReportHandler (AbstractContainerReportHandler.java:updateContainerState(145)) - Container #1 is in OPEN state, but the datanode 07da283f-72b3-4610-abc1-72d23674d905{ip: 192.168.164.233, host: pr-hdds-2327-vtdmt-1103746116, networkLocation: /default-rack, certSerialId: null} reports an CLOSED replica.
2019-10-18 14:33:35,120 [EventQueue-ContainerReportForContainerReportHandler] WARN  container.ContainerReportHandler (AbstractContainerReportHandler.java:updateContainerState(145)) - Container #1 is in OPEN state, but the datanode c3a3cb61-beea-4a1a-8639-85f6e846679d{ip: 192.168.164.233, host: pr-hdds-2327-vtdmt-1103746116, networkLocation: /default-rack, certSerialId: null} reports an CLOSED replica.
2019-10-18 14:33:35,317 [EventQueue-ContainerReportForContainerReportHandler] WARN  container.ContainerReportHandler (AbstractContainerReportHandler.java:updateContainerState(145)) - Container #1 is in OPEN state, but the datanode 07da283f-72b3-4610-abc1-72d23674d905{ip: 192.168.164.233, host: pr-hdds-2327-vtdmt-1103746116, networkLocation: /default-rack, certSerialId: null} reports an CLOSED replica.
2019-10-18 14:33:35,319 [EventQueue-ContainerReportForContainerReportHandler] WARN  container.ContainerReportHandler (AbstractContainerReportHandler.java:updateContainerState(145)) - Container #1 is in OPEN state, but the datanode c3a3cb61-beea-4a1a-8639-85f6e846679d{ip: 192.168.164.233, host: pr-hdds-2327-vtdmt-1103746116, networkLocation: /default-rack, certSerialId: null} reports an CLOSED replica.
2019-10-18 14:33:35,336 [BlockDeletingService#2] WARN  background.BlockDeletingService (BlockDeletingService.java:isDeletionAllowed(187)) - Close Container log Index 6 is not replicated across allthe servers in the pipeline 1b899901-10f6-4f6e-b1b6-50f79935bc6a as the min replicated index is 4. Deletion is not allowed in this container yet.
2019-10-18 14:33:35,337 [BlockDeletingService#2] WARN  background.BlockDeletingService (BlockDeletingService.java:isDeletionAllowed(187)) - Close Container log Index 6 is not replicated across allthe servers in the pipeline 1b899901-10f6-4f6e-b1b6-50f79935bc6a as the min replicated index is 4. Deletion is not allowed in this container yet.
2019-10-18 14:33:35,366 [java.util.concurrent.ThreadPoolExecutor$Worker@37af0650[State = -1, empty queue]] WARN  server.GrpcLogAppender (GrpcLogAppender.java:timeoutAppendRequest(209)) - 07da283f-72b3-4610-abc1-72d23674d905@group-50F79935BC6A->c5b86445-9c87-4edb-b176-8eaf015b94aa-GrpcLogAppender: appendEntries Timeout, request=07da283f-72b3-4610-abc1-72d23674d905->c5b86445-9c87-4edb-b176-8eaf015b94aa#26-t2, previous=(t:2, i:10), leaderCommit=10, initializing? false, entries: <empty>
2019-10-18 14:33:35,614 [EventQueue-ContainerReportForContainerReportHandler] WARN  container.ContainerReportHandler (AbstractContainerReportHandler.java:updateContainerState(145)) - Container #1 is in OPEN state, but the datanode 07da283f-72b3-4610-abc1-72d23674d905{ip: 192.168.164.233, host: pr-hdds-2327-vtdmt-1103746116, networkLocation: /default-rack, certSerialId: null} reports an CLOSED replica.
2019-10-18 14:33:35,619 [EventQueue-ContainerReportForContainerReportHandler] WARN  container.ContainerReportHandler (AbstractContainerReportHandler.java:updateContainerState(145)) - Container #1 is in OPEN state, but the datanode c3a3cb61-beea-4a1a-8639-85f6e846679d{ip: 192.168.164.233, host: pr-hdds-2327-vtdmt-1103746116, networkLocation: /default-rack, certSerialId: null} reports an CLOSED replica.
2019-10-18 14:33:36,016 [EventQueue-ContainerReportForContainerReportHandler] WARN  container.ContainerReportHandler (AbstractContainerReportHandler.java:updateContainerState(145)) - Container #1 is in OPEN state, but the datanode 07da283f-72b3-4610-abc1-72d23674d905{ip: 192.168.164.233, host: pr-hdds-2327-vtdmt-1103746116, networkLocation: /default-rack, certSerialId: null} reports an CLOSED replica.
2019-10-18 14:33:36,020 [EventQueue-ContainerReportForContainerReportHandler] WARN  container.ContainerReportHandler (AbstractContainerReportHandler.java:updateContainerState(145)) - Container #1 is in OPEN state, but the datanode c3a3cb61-beea-4a1a-8639-85f6e846679d{ip: 192.168.164.233, host: pr-hdds-2327-vtdmt-1103746116, networkLocation: /default-rack, certSerialId: null} reports an CLOSED replica.
2019-10-18 14:33:36,215 [EventQueue-ContainerReportForContainerReportHandler] WARN  container.ContainerReportHandler (AbstractContainerReportHandler.java:updateContainerState(145)) - Container #1 is in OPEN state, but the datanode 07da283f-72b3-4610-abc1-72d23674d905{ip: 192.168.164.233, host: pr-hdds-2327-vtdmt-1103746116, networkLocation: /default-rack, certSerialId: null} reports an CLOSED replica.
2019-10-18 14:33:36,321 [EventQueue-ContainerReportForContainerReportHandler] WARN  container.ContainerReportHandler (AbstractContainerReportHandler.java:updateContainerState(145)) - Container #1 is in OPEN state, but the datanode c3a3cb61-beea-4a1a-8639-85f6e846679d{ip: 192.168.164.233, host: pr-hdds-2327-vtdmt-1103746116, networkLocation: /default-rack, certSerialId: null} reports an CLOSED replica.
2019-10-18 14:33:36,338 [BlockDeletingService#2] WARN  background.BlockDeletingService (BlockDeletingService.java:isDeletionAllowed(187)) - Close Container log Index 6 is not replicated across allthe servers in the pipeline 1b899901-10f6-4f6e-b1b6-50f79935bc6a as the min replicated index is 4. Deletion is not allowed in this container yet.
2019-10-18 14:33:36,338 [BlockDeletingService#2] WARN  background.BlockDeletingService (BlockDeletingService.java:isDeletionAllowed(187)) - Close Container log Index 6 is not replicated across allthe servers in the pipeline 1b899901-10f6-4f6e-b1b6-50f79935bc6a as the min replicated index is 4. Deletion is not allowed in this container yet.
2019-10-18 14:33:36,415 [EventQueue-ContainerReportForContainerReportHandler] WARN  container.ContainerReportHandler (AbstractContainerReportHandler.java:updateContainerState(145)) - Container #1 is in OPEN state, but the datanode 07da283f-72b3-4610-abc1-72d23674d905{ip: 192.168.164.233, host: pr-hdds-2327-vtdmt-1103746116, networkLocation: /default-rack, certSerialId: null} reports an CLOSED replica.
2019-10-18 14:33:36,721 [EventQueue-ContainerReportForContainerReportHandler] WARN  container.ContainerReportHandler (AbstractContainerReportHandler.java:updateContainerState(145)) - Container #1 is in OPEN state, but the datanode c3a3cb61-beea-4a1a-8639-85f6e846679d{ip: 192.168.164.233, host: pr-hdds-2327-vtdmt-1103746116, networkLocation: /default-rack, certSerialId: null} reports an CLOSED replica.
2019-10-18 14:33:36,815 [EventQueue-ContainerReportForContainerReportHandler] WARN  container.ContainerReportHandler (AbstractContainerReportHandler.java:updateContainerState(145)) - Container #1 is in OPEN state, but the datanode 07da283f-72b3-4610-abc1-72d23674d905{ip: 192.168.164.233, host: pr-hdds-2327-vtdmt-1103746116, networkLocation: /default-rack, certSerialId: null} reports an CLOSED replica.
2019-10-18 14:33:36,921 [EventQueue-ContainerReportForContainerReportHandler] WARN  container.ContainerReportHandler (AbstractContainerReportHandler.java:updateContainerState(145)) - Container #1 is in OPEN state, but the datanode c3a3cb61-beea-4a1a-8639-85f6e846679d{ip: 192.168.164.233, host: pr-hdds-2327-vtdmt-1103746116, networkLocation: /default-rack, certSerialId: null} reports an CLOSED replica.
2019-10-18 14:33:37,016 [EventQueue-ContainerReportForContainerReportHandler] WARN  container.ContainerReportHandler (AbstractContainerReportHandler.java:updateContainerState(145)) - Container #1 is in OPEN state, but the datanode 07da283f-72b3-4610-abc1-72d23674d905{ip: 192.168.164.233, host: pr-hdds-2327-vtdmt-1103746116, networkLocation: /default-rack, certSerialId: null} reports an CLOSED replica.
2019-10-18 14:33:37,216 [EventQueue-ContainerReportForContainerReportHandler] WARN  container.ContainerReportHandler (AbstractContainerReportHandler.java:updateContainerState(145)) - Container #1 is in OPEN state, but the datanode 07da283f-72b3-4610-abc1-72d23674d905{ip: 192.168.164.233, host: pr-hdds-2327-vtdmt-1103746116, networkLocation: /default-rack, certSerialId: null} reports an CLOSED replica.
2019-10-18 14:33:37,220 [EventQueue-ContainerReportForContainerReportHandler] WARN  container.ContainerReportHandler (AbstractContainerReportHandler.java:updateContainerState(145)) - Container #1 is in OPEN state, but the datanode c3a3cb61-beea-4a1a-8639-85f6e846679d{ip: 192.168.164.233, host: pr-hdds-2327-vtdmt-1103746116, networkLocation: /default-rack, certSerialId: null} reports an CLOSED replica.
2019-10-18 14:33:37,339 [BlockDeletingService#2] WARN  background.BlockDeletingService (BlockDeletingService.java:isDeletionAllowed(187)) - Close Container log Index 6 is not replicated across allthe servers in the pipeline 1b899901-10f6-4f6e-b1b6-50f79935bc6a as the min replicated index is 4. Deletion is not allowed in this container yet.
2019-10-18 14:33:37,339 [BlockDeletingService#2] WARN  background.BlockDeletingService (BlockDeletingService.java:isDeletionAllowed(187)) - Close Container log Index 6 is not replicated across allthe servers in the pipeline 1b899901-10f6-4f6e-b1b6-50f79935bc6a as the min replicated index is 4. Deletion is not allowed in this container yet.
2019-10-18 14:33:37,421 [EventQueue-ContainerReportForContainerReportHandler] WARN  container.ContainerReportHandler (AbstractContainerReportHandler.java:updateContainerState(145)) - Container #1 is in OPEN state, but the datanode c3a3cb61-beea-4a1a-8639-85f6e846679d{ip: 192.168.164.233, host: pr-hdds-2327-vtdmt-1103746116, networkLocation: /default-rack, certSerialId: null} reports an CLOSED replica.
2019-10-18 14:33:37,617 [EventQueue-ContainerReportForContainerReportHandler] WARN  container.ContainerReportHandler (AbstractContainerReportHandler.java:updateContainerState(145)) - Container #1 is in OPEN state, but the datanode 07da283f-72b3-4610-abc1-72d23674d905{ip: 192.168.164.233, host: pr-hdds-2327-vtdmt-1103746116, networkLocation: /default-rack, certSerialId: null} reports an CLOSED replica.
2019-10-18 14:33:37,722 [EventQueue-ContainerReportForContainerReportHandler] WARN  container.ContainerReportHandler (AbstractContainerReportHandler.java:updateContainerState(145)) - Container #1 is in OPEN state, but the datanode c3a3cb61-beea-4a1a-8639-85f6e846679d{ip: 192.168.164.233, host: pr-hdds-2327-vtdmt-1103746116, networkLocation: /default-rack, certSerialId: null} reports an CLOSED replica.
2019-10-18 14:33:37,816 [EventQueue-ContainerReportForContainerReportHandler] WARN  container.ContainerReportHandler (AbstractContainerReportHandler.java:updateContainerState(145)) - Container #1 is in OPEN state, but the datanode 07da283f-72b3-4610-abc1-72d23674d905{ip: 192.168.164.233, host: pr-hdds-2327-vtdmt-1103746116, networkLocation: /default-rack, certSerialId: null} reports an CLOSED replica.
2019-10-18 14:33:37,867 [java.util.concurrent.ThreadPoolExecutor$Worker@37af0650[State = -1, empty queue]] WARN  server.GrpcLogAppender (GrpcLogAppender.java:timeoutAppendRequest(209)) - 07da283f-72b3-4610-abc1-72d23674d905@group-50F79935BC6A->c5b86445-9c87-4edb-b176-8eaf015b94aa-GrpcLogAppender: appendEntries Timeout, request=07da283f-72b3-4610-abc1-72d23674d905->c5b86445-9c87-4edb-b176-8eaf015b94aa#27-t2, previous=(t:2, i:10), leaderCommit=10, initializing? false, entries: <empty>
2019-10-18 14:33:37,897 [Thread-336] INFO  client.GrpcClientProtocolService (GrpcClientProtocolService.java:lambda$processClientRequest$0(278)) - Failed RaftClientRequest:client-D4B6A76FA5A7->c3a3cb61-beea-4a1a-8639-85f6e846679d@group-50F79935BC6A, cid=10, seq=0, Watch-ALL_COMMITTED(6), Message:<EMPTY>, reply=RaftClientReply:client-D4B6A76FA5A7->c3a3cb61-beea-4a1a-8639-85f6e846679d@group-50F79935BC6A, cid=10, FAILED org.apache.ratis.protocol.NotLeaderException: Server c3a3cb61-beea-4a1a-8639-85f6e846679d@group-50F79935BC6A is not the leader 07da283f-72b3-4610-abc1-72d23674d905:192.168.164.233:38130, logIndex=0, commits[c3a3cb61-beea-4a1a-8639-85f6e846679d:c10, 07da283f-72b3-4610-abc1-72d23674d905:c10, c5b86445-9c87-4edb-b176-8eaf015b94aa:c4]
2019-10-18 14:33:37,922 [EventQueue-ContainerReportForContainerReportHandler] WARN  container.ContainerReportHandler (AbstractContainerReportHandler.java:updateContainerState(145)) - Container #1 is in OPEN state, but the datanode c3a3cb61-beea-4a1a-8639-85f6e846679d{ip: 192.168.164.233, host: pr-hdds-2327-vtdmt-1103746116, networkLocation: /default-rack, certSerialId: null} reports an CLOSED replica.
2019-10-18 14:33:38,016 [EventQueue-ContainerReportForContainerReportHandler] WARN  container.ContainerReportHandler (AbstractContainerReportHandler.java:updateContainerState(145)) - Container #1 is in OPEN state, but the datanode 07da283f-72b3-4610-abc1-72d23674d905{ip: 192.168.164.233, host: pr-hdds-2327-vtdmt-1103746116, networkLocation: /default-rack, certSerialId: null} reports an CLOSED replica.
2019-10-18 14:33:38,225 [EventQueue-ContainerReportForContainerReportHandler] WARN  container.ContainerReportHandler (AbstractContainerReportHandler.java:updateContainerState(145)) - Container #1 is in OPEN state, but the datanode c3a3cb61-beea-4a1a-8639-85f6e846679d{ip: 192.168.164.233, host: pr-hdds-2327-vtdmt-1103746116, networkLocation: /default-rack, certSerialId: null} reports an CLOSED replica.
2019-10-18 14:33:38,316 [EventQueue-ContainerReportForContainerReportHandler] WARN  container.ContainerReportHandler (AbstractContainerReportHandler.java:updateContainerState(145)) - Container #1 is in OPEN state, but the datanode 07da283f-72b3-4610-abc1-72d23674d905{ip: 192.168.164.233, host: pr-hdds-2327-vtdmt-1103746116, networkLocation: /default-rack, certSerialId: null} reports an CLOSED replica.
2019-10-18 14:33:38,341 [BlockDeletingService#2] WARN  background.BlockDeletingService (BlockDeletingService.java:isDeletionAllowed(187)) - Close Container log Index 6 is not replicated across allthe servers in the pipeline 1b899901-10f6-4f6e-b1b6-50f79935bc6a as the min replicated index is 4. Deletion is not allowed in this container yet.
2019-10-18 14:33:38,341 [BlockDeletingService#2] WARN  background.BlockDeletingService (BlockDeletingService.java:isDeletionAllowed(187)) - Close Container log Index 6 is not replicated across allthe servers in the pipeline 1b899901-10f6-4f6e-b1b6-50f79935bc6a as the min replicated index is 4. Deletion is not allowed in this container yet.
2019-10-18 14:33:38,525 [EventQueue-ContainerReportForContainerReportHandler] WARN  container.ContainerReportHandler (AbstractContainerReportHandler.java:updateContainerState(145)) - Container #1 is in OPEN state, but the datanode c3a3cb61-beea-4a1a-8639-85f6e846679d{ip: 192.168.164.233, host: pr-hdds-2327-vtdmt-1103746116, networkLocation: /default-rack, certSerialId: null} reports an CLOSED replica.
2019-10-18 14:33:38,617 [EventQueue-ContainerReportForContainerReportHandler] WARN  container.ContainerReportHandler (AbstractContainerReportHandler.java:updateContainerState(145)) - Container #1 is in OPEN state, but the datanode 07da283f-72b3-4610-abc1-72d23674d905{ip: 192.168.164.233, host: pr-hdds-2327-vtdmt-1103746116, networkLocation: /default-rack, certSerialId: null} reports an CLOSED replica.
2019-10-18 14:33:38,916 [EventQueue-ContainerReportForContainerReportHandler] WARN  container.ContainerReportHandler (AbstractContainerReportHandler.java:updateContainerState(145)) - Container #1 is in OPEN state, but the datanode 07da283f-72b3-4610-abc1-72d23674d905{ip: 192.168.164.233, host: pr-hdds-2327-vtdmt-1103746116, networkLocation: /default-rack, certSerialId: null} reports an CLOSED replica.
2019-10-18 14:33:38,926 [EventQueue-ContainerReportForContainerReportHandler] WARN  container.ContainerReportHandler (AbstractContainerReportHandler.java:updateContainerState(145)) - Container #1 is in OPEN state, but the datanode c3a3cb61-beea-4a1a-8639-85f6e846679d{ip: 192.168.164.233, host: pr-hdds-2327-vtdmt-1103746116, networkLocation: /default-rack, certSerialId: null} reports an CLOSED replica.
2019-10-18 14:33:39,226 [EventQueue-ContainerReportForContainerReportHandler] WARN  container.ContainerReportHandler (AbstractContainerReportHandler.java:updateContainerState(145)) - Container #1 is in OPEN state, but the datanode c3a3cb61-beea-4a1a-8639-85f6e846679d{ip: 192.168.164.233, host: pr-hdds-2327-vtdmt-1103746116, networkLocation: /default-rack, certSerialId: null} reports an CLOSED replica.
2019-10-18 14:33:39,317 [EventQueue-ContainerReportForContainerReportHandler] WARN  container.ContainerReportHandler (AbstractContainerReportHandler.java:updateContainerState(145)) - Container #1 is in OPEN state, but the datanode 07da283f-72b3-4610-abc1-72d23674d905{ip: 192.168.164.233, host: pr-hdds-2327-vtdmt-1103746116, networkLocation: /default-rack, certSerialId: null} reports an CLOSED replica.
2019-10-18 14:33:39,344 [BlockDeletingService#2] WARN  background.BlockDeletingService (BlockDeletingService.java:isDeletionAllowed(187)) - Close Container log Index 6 is not replicated across allthe servers in the pipeline 1b899901-10f6-4f6e-b1b6-50f79935bc6a as the min replicated index is 4. Deletion is not allowed in this container yet.
2019-10-18 14:33:39,344 [BlockDeletingService#2] WARN  background.BlockDeletingService (BlockDeletingService.java:isDeletionAllowed(187)) - Close Container log Index 6 is not replicated across allthe servers in the pipeline 1b899901-10f6-4f6e-b1b6-50f79935bc6a as the min replicated index is 4. Deletion is not allowed in this container yet.
2019-10-18 14:33:39,617 [EventQueue-ContainerReportForContainerReportHandler] WARN  container.ContainerReportHandler (AbstractContainerReportHandler.java:updateContainerState(145)) - Container #1 is in OPEN state, but the datanode 07da283f-72b3-4610-abc1-72d23674d905{ip: 192.168.164.233, host: pr-hdds-2327-vtdmt-1103746116, networkLocation: /default-rack, certSerialId: null} reports an CLOSED replica.
2019-10-18 14:33:39,627 [EventQueue-ContainerReportForContainerReportHandler] WARN  container.ContainerReportHandler (AbstractContainerReportHandler.java:updateContainerState(145)) - Container #1 is in OPEN state, but the datanode c3a3cb61-beea-4a1a-8639-85f6e846679d{ip: 192.168.164.233, host: pr-hdds-2327-vtdmt-1103746116, networkLocation: /default-rack, certSerialId: null} reports an CLOSED replica.
2019-10-18 14:33:39,682 [Thread-343] INFO  client.GrpcClientProtocolService (GrpcClientProtocolService.java:lambda$processClientRequest$0(278)) - Failed RaftClientRequest:client-D4B6A76FA5A7->07da283f-72b3-4610-abc1-72d23674d905@group-50F79935BC6A, cid=10, seq=0, Watch-ALL_COMMITTED(6), Message:<EMPTY>, reply=RaftClientReply:client-D4B6A76FA5A7->07da283f-72b3-4610-abc1-72d23674d905@group-50F79935BC6A, cid=10, FAILED org.apache.ratis.protocol.NotReplicatedException: Request with call Id 10 and log index 6 is not yet replicated to ALL_COMMITTED, logIndex=6, commits[07da283f-72b3-4610-abc1-72d23674d905:c10, c3a3cb61-beea-4a1a-8639-85f6e846679d:c10, c5b86445-9c87-4edb-b176-8eaf015b94aa:c4]
2019-10-18 14:33:39,926 [EventQueue-ContainerReportForContainerReportHandler] WARN  container.ContainerReportHandler (AbstractContainerReportHandler.java:updateContainerState(145)) - Container #1 is in OPEN state, but the datanode c3a3cb61-beea-4a1a-8639-85f6e846679d{ip: 192.168.164.233, host: pr-hdds-2327-vtdmt-1103746116, networkLocation: /default-rack, certSerialId: null} reports an CLOSED replica.
2019-10-18 14:33:40,017 [EventQueue-ContainerReportForContainerReportHandler] WARN  container.ContainerReportHandler (AbstractContainerReportHandler.java:updateContainerState(145)) - Container #1 is in OPEN state, but the datanode 07da283f-72b3-4610-abc1-72d23674d905{ip: 192.168.164.233, host: pr-hdds-2327-vtdmt-1103746116, networkLocation: /default-rack, certSerialId: null} reports an CLOSED replica.
2019-10-18 14:33:40,226 [EventQueue-ContainerReportForContainerReportHandler] WARN  container.ContainerReportHandler (AbstractContainerReportHandler.java:updateContainerState(145)) - Container #1 is in OPEN state, but the datanode c3a3cb61-beea-4a1a-8639-85f6e846679d{ip: 192.168.164.233, host: pr-hdds-2327-vtdmt-1103746116, networkLocation: /default-rack, certSerialId: null} reports an CLOSED replica.
2019-10-18 14:33:40,317 [EventQueue-ContainerReportForContainerReportHandler] WARN  container.ContainerReportHandler (AbstractContainerReportHandler.java:updateContainerState(145)) - Container #1 is in OPEN state, but the datanode 07da283f-72b3-4610-abc1-72d23674d905{ip: 192.168.164.233, host: pr-hdds-2327-vtdmt-1103746116, networkLocation: /default-rack, certSerialId: null} reports an CLOSED replica.
2019-10-18 14:33:40,345 [BlockDeletingService#2] WARN  background.BlockDeletingService (BlockDeletingService.java:isDeletionAllowed(187)) - Close Container log Index 6 is not replicated across allthe servers in the pipeline 1b899901-10f6-4f6e-b1b6-50f79935bc6a as the min replicated index is 4. Deletion is not allowed in this container yet.
2019-10-18 14:33:40,345 [BlockDeletingService#2] WARN  background.BlockDeletingService (BlockDeletingService.java:isDeletionAllowed(187)) - Close Container log Index 6 is not replicated across allthe servers in the pipeline 1b899901-10f6-4f6e-b1b6-50f79935bc6a as the min replicated index is 4. Deletion is not allowed in this container yet.
2019-10-18 14:33:40,368 [java.util.concurrent.ThreadPoolExecutor$Worker@37af0650[State = -1, empty queue]] WARN  server.GrpcLogAppender (GrpcLogAppender.java:timeoutAppendRequest(209)) - 07da283f-72b3-4610-abc1-72d23674d905@group-50F79935BC6A->c5b86445-9c87-4edb-b176-8eaf015b94aa-GrpcLogAppender: appendEntries Timeout, request=07da283f-72b3-4610-abc1-72d23674d905->c5b86445-9c87-4edb-b176-8eaf015b94aa#28-t2, previous=(t:2, i:10), leaderCommit=10, initializing? false, entries: <empty>
2019-10-18 14:33:40,526 [EventQueue-ContainerReportForContainerReportHandler] WARN  container.ContainerReportHandler (AbstractContainerReportHandler.java:updateContainerState(145)) - Container #1 is in OPEN state, but the datanode c3a3cb61-beea-4a1a-8639-85f6e846679d{ip: 192.168.164.233, host: pr-hdds-2327-vtdmt-1103746116, networkLocation: /default-rack, certSerialId: null} reports an CLOSED replica.
2019-10-18 14:33:40,617 [EventQueue-ContainerReportForContainerReportHandler] WARN  container.ContainerReportHandler (AbstractContainerReportHandler.java:updateContainerState(145)) - Container #1 is in OPEN state, but the datanode 07da283f-72b3-4610-abc1-72d23674d905{ip: 192.168.164.233, host: pr-hdds-2327-vtdmt-1103746116, networkLocation: /default-rack, certSerialId: null} reports an CLOSED replica.
2019-10-18 14:33:40,727 [EventQueue-ContainerReportForContainerReportHandler] WARN  container.ContainerReportHandler (AbstractContainerReportHandler.java:updateContainerState(145)) - Container #1 is in OPEN state, but the datanode c3a3cb61-beea-4a1a-8639-85f6e846679d{ip: 192.168.164.233, host: pr-hdds-2327-vtdmt-1103746116, networkLocation: /default-rack, certSerialId: null} reports an CLOSED replica.
2019-10-18 14:33:40,918 [EventQueue-ContainerReportForContainerReportHandler] WARN  container.ContainerReportHandler (AbstractContainerReportHandler.java:updateContainerState(145)) - Container #1 is in OPEN state, but the datanode 07da283f-72b3-4610-abc1-72d23674d905{ip: 192.168.164.233, host: pr-hdds-2327-vtdmt-1103746116, networkLocation: /default-rack, certSerialId: null} reports an CLOSED replica.
2019-10-18 14:33:40,927 [EventQueue-ContainerReportForContainerReportHandler] WARN  container.ContainerReportHandler (AbstractContainerReportHandler.java:updateContainerState(145)) - Container #1 is in OPEN state, but the datanode c3a3cb61-beea-4a1a-8639-85f6e846679d{ip: 192.168.164.233, host: pr-hdds-2327-vtdmt-1103746116, networkLocation: /default-rack, certSerialId: null} reports an CLOSED replica.
2019-10-18 14:33:41,118 [EventQueue-ContainerReportForContainerReportHandler] WARN  container.ContainerReportHandler (AbstractContainerReportHandler.java:updateContainerState(145)) - Container #1 is in OPEN state, but the datanode 07da283f-72b3-4610-abc1-72d23674d905{ip: 192.168.164.233, host: pr-hdds-2327-vtdmt-1103746116, networkLocation: /default-rack, certSerialId: null} reports an CLOSED replica.
2019-10-18 14:33:41,227 [EventQueue-ContainerReportForContainerReportHandler] WARN  container.ContainerReportHandler (AbstractContainerReportHandler.java:updateContainerState(145)) - Container #1 is in OPEN state, but the datanode c3a3cb61-beea-4a1a-8639-85f6e846679d{ip: 192.168.164.233, host: pr-hdds-2327-vtdmt-1103746116, networkLocation: /default-rack, certSerialId: null} reports an CLOSED replica.
2019-10-18 14:33:41,347 [BlockDeletingService#2] WARN  background.BlockDeletingService (BlockDeletingService.java:isDeletionAllowed(187)) - Close Container log Index 6 is not replicated across allthe servers in the pipeline 1b899901-10f6-4f6e-b1b6-50f79935bc6a as the min replicated index is 4. Deletion is not allowed in this container yet.
2019-10-18 14:33:41,347 [BlockDeletingService#2] WARN  background.BlockDeletingService (BlockDeletingService.java:isDeletionAllowed(187)) - Close Container log Index 6 is not replicated across allthe servers in the pipeline 1b899901-10f6-4f6e-b1b6-50f79935bc6a as the min replicated index is 4. Deletion is not allowed in this container yet.
2019-10-18 14:33:41,518 [EventQueue-ContainerReportForContainerReportHandler] WARN  container.ContainerReportHandler (AbstractContainerReportHandler.java:updateContainerState(145)) - Container #1 is in OPEN state, but the datanode 07da283f-72b3-4610-abc1-72d23674d905{ip: 192.168.164.233, host: pr-hdds-2327-vtdmt-1103746116, networkLocation: /default-rack, certSerialId: null} reports an CLOSED replica.
2019-10-18 14:33:41,527 [EventQueue-ContainerReportForContainerReportHandler] WARN  container.ContainerReportHandler (AbstractContainerReportHandler.java:updateContainerState(145)) - Container #1 is in OPEN state, but the datanode c3a3cb61-beea-4a1a-8639-85f6e846679d{ip: 192.168.164.233, host: pr-hdds-2327-vtdmt-1103746116, networkLocation: /default-rack, certSerialId: null} reports an CLOSED replica.
2019-10-18 14:33:41,719 [EventQueue-ContainerReportForContainerReportHandler] WARN  container.ContainerReportHandler (AbstractContainerReportHandler.java:updateContainerState(145)) - Container #1 is in OPEN state, but the datanode 07da283f-72b3-4610-abc1-72d23674d905{ip: 192.168.164.233, host: pr-hdds-2327-vtdmt-1103746116, networkLocation: /default-rack, certSerialId: null} reports an CLOSED replica.
2019-10-18 14:33:41,727 [EventQueue-ContainerReportForContainerReportHandler] WARN  container.ContainerReportHandler (AbstractContainerReportHandler.java:updateContainerState(145)) - Container #1 is in OPEN state, but the datanode c3a3cb61-beea-4a1a-8639-85f6e846679d{ip: 192.168.164.233, host: pr-hdds-2327-vtdmt-1103746116, networkLocation: /default-rack, certSerialId: null} reports an CLOSED replica.
2019-10-18 14:33:42,029 [EventQueue-ContainerReportForContainerReportHandler] WARN  container.ContainerReportHandler (AbstractContainerReportHandler.java:updateContainerState(145)) - Container #1 is in OPEN state, but the datanode c3a3cb61-beea-4a1a-8639-85f6e846679d{ip: 192.168.164.233, host: pr-hdds-2327-vtdmt-1103746116, networkLocation: /default-rack, certSerialId: null} reports an CLOSED replica.
2019-10-18 14:33:42,120 [EventQueue-ContainerReportForContainerReportHandler] WARN  container.ContainerReportHandler (AbstractContainerReportHandler.java:updateContainerState(145)) - Container #1 is in OPEN state, but the datanode 07da283f-72b3-4610-abc1-72d23674d905{ip: 192.168.164.233, host: pr-hdds-2327-vtdmt-1103746116, networkLocation: /default-rack, certSerialId: null} reports an CLOSED replica.
2019-10-18 14:33:42,328 [EventQueue-ContainerReportForContainerReportHandler] WARN  container.ContainerReportHandler (AbstractContainerReportHandler.java:updateContainerState(145)) - Container #1 is in OPEN state, but the datanode c3a3cb61-beea-4a1a-8639-85f6e846679d{ip: 192.168.164.233, host: pr-hdds-2327-vtdmt-1103746116, networkLocation: /default-rack, certSerialId: null} reports an CLOSED replica.
2019-10-18 14:33:42,348 [BlockDeletingService#2] WARN  background.BlockDeletingService (BlockDeletingService.java:isDeletionAllowed(187)) - Close Container log Index 6 is not replicated across allthe servers in the pipeline 1b899901-10f6-4f6e-b1b6-50f79935bc6a as the min replicated index is 4. Deletion is not allowed in this container yet.
2019-10-18 14:33:42,348 [BlockDeletingService#2] WARN  background.BlockDeletingService (BlockDeletingService.java:isDeletionAllowed(187)) - Close Container log Index 6 is not replicated across allthe servers in the pipeline 1b899901-10f6-4f6e-b1b6-50f79935bc6a as the min replicated index is 4. Deletion is not allowed in this container yet.
2019-10-18 14:33:42,420 [EventQueue-ContainerReportForContainerReportHandler] WARN  container.ContainerReportHandler (AbstractContainerReportHandler.java:updateContainerState(145)) - Container #1 is in OPEN state, but the datanode 07da283f-72b3-4610-abc1-72d23674d905{ip: 192.168.164.233, host: pr-hdds-2327-vtdmt-1103746116, networkLocation: /default-rack, certSerialId: null} reports an CLOSED replica.
2019-10-18 14:33:42,528 [EventQueue-ContainerReportForContainerReportHandler] WARN  container.ContainerReportHandler (AbstractContainerReportHandler.java:updateContainerState(145)) - Container #1 is in OPEN state, but the datanode c3a3cb61-beea-4a1a-8639-85f6e846679d{ip: 192.168.164.233, host: pr-hdds-2327-vtdmt-1103746116, networkLocation: /default-rack, certSerialId: null} reports an CLOSED replica.
2019-10-18 14:33:42,720 [EventQueue-ContainerReportForContainerReportHandler] WARN  container.ContainerReportHandler (AbstractContainerReportHandler.java:updateContainerState(145)) - Container #1 is in OPEN state, but the datanode 07da283f-72b3-4610-abc1-72d23674d905{ip: 192.168.164.233, host: pr-hdds-2327-vtdmt-1103746116, networkLocation: /default-rack, certSerialId: null} reports an CLOSED replica.
2019-10-18 14:33:42,828 [EventQueue-ContainerReportForContainerReportHandler] WARN  container.ContainerReportHandler (AbstractContainerReportHandler.java:updateContainerState(145)) - Container #1 is in OPEN state, but the datanode c3a3cb61-beea-4a1a-8639-85f6e846679d{ip: 192.168.164.233, host: pr-hdds-2327-vtdmt-1103746116, networkLocation: /default-rack, certSerialId: null} reports an CLOSED replica.
2019-10-18 14:33:42,869 [java.util.concurrent.ThreadPoolExecutor$Worker@37af0650[State = -1, empty queue]] WARN  server.GrpcLogAppender (GrpcLogAppender.java:timeoutAppendRequest(209)) - 07da283f-72b3-4610-abc1-72d23674d905@group-50F79935BC6A->c5b86445-9c87-4edb-b176-8eaf015b94aa-GrpcLogAppender: appendEntries Timeout, request=07da283f-72b3-4610-abc1-72d23674d905->c5b86445-9c87-4edb-b176-8eaf015b94aa#29-t2, previous=(t:2, i:10), leaderCommit=10, initializing? false, entries: <empty>
2019-10-18 14:33:43,020 [EventQueue-ContainerReportForContainerReportHandler] WARN  container.ContainerReportHandler (AbstractContainerReportHandler.java:updateContainerState(145)) - Container #1 is in OPEN state, but the datanode 07da283f-72b3-4610-abc1-72d23674d905{ip: 192.168.164.233, host: pr-hdds-2327-vtdmt-1103746116, networkLocation: /default-rack, certSerialId: null} reports an CLOSED replica.
2019-10-18 14:33:43,128 [EventQueue-ContainerReportForContainerReportHandler] WARN  container.ContainerReportHandler (AbstractContainerReportHandler.java:updateContainerState(145)) - Container #1 is in OPEN state, but the datanode c3a3cb61-beea-4a1a-8639-85f6e846679d{ip: 192.168.164.233, host: pr-hdds-2327-vtdmt-1103746116, networkLocation: /default-rack, certSerialId: null} reports an CLOSED replica.
2019-10-18 14:33:43,320 [EventQueue-ContainerReportForContainerReportHandler] WARN  container.ContainerReportHandler (AbstractContainerReportHandler.java:updateContainerState(145)) - Container #1 is in OPEN state, but the datanode 07da283f-72b3-4610-abc1-72d23674d905{ip: 192.168.164.233, host: pr-hdds-2327-vtdmt-1103746116, networkLocation: /default-rack, certSerialId: null} reports an CLOSED replica.
2019-10-18 14:33:43,349 [BlockDeletingService#2] WARN  background.BlockDeletingService (BlockDeletingService.java:isDeletionAllowed(187)) - Close Container log Index 6 is not replicated across allthe servers in the pipeline 1b899901-10f6-4f6e-b1b6-50f79935bc6a as the min replicated index is 4. Deletion is not allowed in this container yet.
2019-10-18 14:33:43,349 [BlockDeletingService#2] WARN  background.BlockDeletingService (BlockDeletingService.java:isDeletionAllowed(187)) - Close Container log Index 6 is not replicated across allthe servers in the pipeline 1b899901-10f6-4f6e-b1b6-50f79935bc6a as the min replicated index is 4. Deletion is not allowed in this container yet.
2019-10-18 14:33:43,428 [EventQueue-ContainerReportForContainerReportHandler] WARN  container.ContainerReportHandler (AbstractContainerReportHandler.java:updateContainerState(145)) - Container #1 is in OPEN state, but the datanode c3a3cb61-beea-4a1a-8639-85f6e846679d{ip: 192.168.164.233, host: pr-hdds-2327-vtdmt-1103746116, networkLocation: /default-rack, certSerialId: null} reports an CLOSED replica.
2019-10-18 14:33:43,720 [EventQueue-ContainerReportForContainerReportHandler] WARN  container.ContainerReportHandler (AbstractContainerReportHandler.java:updateContainerState(145)) - Container #1 is in OPEN state, but the datanode 07da283f-72b3-4610-abc1-72d23674d905{ip: 192.168.164.233, host: pr-hdds-2327-vtdmt-1103746116, networkLocation: /default-rack, certSerialId: null} reports an CLOSED replica.
2019-10-18 14:33:43,729 [EventQueue-ContainerReportForContainerReportHandler] WARN  container.ContainerReportHandler (AbstractContainerReportHandler.java:updateContainerState(145)) - Container #1 is in OPEN state, but the datanode c3a3cb61-beea-4a1a-8639-85f6e846679d{ip: 192.168.164.233, host: pr-hdds-2327-vtdmt-1103746116, networkLocation: /default-rack, certSerialId: null} reports an CLOSED replica.
2019-10-18 14:33:44,021 [EventQueue-ContainerReportForContainerReportHandler] WARN  container.ContainerReportHandler (AbstractContainerReportHandler.java:updateContainerState(145)) - Container #1 is in OPEN state, but the datanode 07da283f-72b3-4610-abc1-72d23674d905{ip: 192.168.164.233, host: pr-hdds-2327-vtdmt-1103746116, networkLocation: /default-rack, certSerialId: null} reports an CLOSED replica.
2019-10-18 14:33:44,030 [EventQueue-ContainerReportForContainerReportHandler] WARN  container.ContainerReportHandler (AbstractContainerReportHandler.java:updateContainerState(145)) - Container #1 is in OPEN state, but the datanode c3a3cb61-beea-4a1a-8639-85f6e846679d{ip: 192.168.164.233, host: pr-hdds-2327-vtdmt-1103746116, networkLocation: /default-rack, certSerialId: null} reports an CLOSED replica.
2019-10-18 14:33:44,230 [EventQueue-ContainerReportForContainerReportHandler] WARN  container.ContainerReportHandler (AbstractContainerReportHandler.java:updateContainerState(145)) - Container #1 is in OPEN state, but the datanode c3a3cb61-beea-4a1a-8639-85f6e846679d{ip: 192.168.164.233, host: pr-hdds-2327-vtdmt-1103746116, networkLocation: /default-rack, certSerialId: null} reports an CLOSED replica.
2019-10-18 14:33:44,321 [EventQueue-ContainerReportForContainerReportHandler] WARN  container.ContainerReportHandler (AbstractContainerReportHandler.java:updateContainerState(145)) - Container #1 is in OPEN state, but the datanode 07da283f-72b3-4610-abc1-72d23674d905{ip: 192.168.164.233, host: pr-hdds-2327-vtdmt-1103746116, networkLocation: /default-rack, certSerialId: null} reports an CLOSED replica.
2019-10-18 14:33:44,350 [BlockDeletingService#2] WARN  background.BlockDeletingService (BlockDeletingService.java:isDeletionAllowed(187)) - Close Container log Index 6 is not replicated across allthe servers in the pipeline 1b899901-10f6-4f6e-b1b6-50f79935bc6a as the min replicated index is 4. Deletion is not allowed in this container yet.
2019-10-18 14:33:44,351 [BlockDeletingService#2] WARN  background.BlockDeletingService (BlockDeletingService.java:isDeletionAllowed(187)) - Close Container log Index 6 is not replicated across allthe servers in the pipeline 1b899901-10f6-4f6e-b1b6-50f79935bc6a as the min replicated index is 4. Deletion is not allowed in this container yet.
2019-10-18 14:33:44,630 [EventQueue-ContainerReportForContainerReportHandler] WARN  container.ContainerReportHandler (AbstractContainerReportHandler.java:updateContainerState(145)) - Container #1 is in OPEN state, but the datanode c3a3cb61-beea-4a1a-8639-85f6e846679d{ip: 192.168.164.233, host: pr-hdds-2327-vtdmt-1103746116, networkLocation: /default-rack, certSerialId: null} reports an CLOSED replica.
2019-10-18 14:33:44,721 [EventQueue-ContainerReportForContainerReportHandler] WARN  container.ContainerReportHandler (AbstractContainerReportHandler.java:updateContainerState(145)) - Container #1 is in OPEN state, but the datanode 07da283f-72b3-4610-abc1-72d23674d905{ip: 192.168.164.233, host: pr-hdds-2327-vtdmt-1103746116, networkLocation: /default-rack, certSerialId: null} reports an CLOSED replica.
2019-10-18 14:33:44,829 [EventQueue-ContainerReportForContainerReportHandler] WARN  container.ContainerReportHandler (AbstractContainerReportHandler.java:updateContainerState(145)) - Container #1 is in OPEN state, but the datanode c3a3cb61-beea-4a1a-8639-85f6e846679d{ip: 192.168.164.233, host: pr-hdds-2327-vtdmt-1103746116, networkLocation: /default-rack, certSerialId: null} reports an CLOSED replica.
2019-10-18 14:33:44,921 [EventQueue-ContainerReportForContainerReportHandler] WARN  container.ContainerReportHandler (AbstractContainerReportHandler.java:updateContainerState(145)) - Container #1 is in OPEN state, but the datanode 07da283f-72b3-4610-abc1-72d23674d905{ip: 192.168.164.233, host: pr-hdds-2327-vtdmt-1103746116, networkLocation: /default-rack, certSerialId: null} reports an CLOSED replica.
2019-10-18 14:33:45,130 [EventQueue-ContainerReportForContainerReportHandler] WARN  container.ContainerReportHandler (AbstractContainerReportHandler.java:updateContainerState(145)) - Container #1 is in OPEN state, but the datanode c3a3cb61-beea-4a1a-8639-85f6e846679d{ip: 192.168.164.233, host: pr-hdds-2327-vtdmt-1103746116, networkLocation: /default-rack, certSerialId: null} reports an CLOSED replica.
2019-10-18 14:33:45,222 [EventQueue-ContainerReportForContainerReportHandler] WARN  container.ContainerReportHandler (AbstractContainerReportHandler.java:updateContainerState(145)) - Container #1 is in OPEN state, but the datanode 07da283f-72b3-4610-abc1-72d23674d905{ip: 192.168.164.233, host: pr-hdds-2327-vtdmt-1103746116, networkLocation: /default-rack, certSerialId: null} reports an CLOSED replica.
2019-10-18 14:33:45,329 [EventQueue-ContainerReportForContainerReportHandler] WARN  container.ContainerReportHandler (AbstractContainerReportHandler.java:updateContainerState(145)) - Container #1 is in OPEN state, but the datanode c3a3cb61-beea-4a1a-8639-85f6e846679d{ip: 192.168.164.233, host: pr-hdds-2327-vtdmt-1103746116, networkLocation: /default-rack, certSerialId: null} reports an CLOSED replica.
2019-10-18 14:33:45,352 [BlockDeletingService#2] WARN  background.BlockDeletingService (BlockDeletingService.java:isDeletionAllowed(187)) - Close Container log Index 6 is not replicated across allthe servers in the pipeline 1b899901-10f6-4f6e-b1b6-50f79935bc6a as the min replicated index is 4. Deletion is not allowed in this container yet.
2019-10-18 14:33:45,352 [BlockDeletingService#2] WARN  background.BlockDeletingService (BlockDeletingService.java:isDeletionAllowed(187)) - Close Container log Index 6 is not replicated across allthe servers in the pipeline 1b899901-10f6-4f6e-b1b6-50f79935bc6a as the min replicated index is 4. Deletion is not allowed in this container yet.
2019-10-18 14:33:45,369 [java.util.concurrent.ThreadPoolExecutor$Worker@37af0650[State = -1, empty queue]] WARN  server.GrpcLogAppender (GrpcLogAppender.java:timeoutAppendRequest(209)) - 07da283f-72b3-4610-abc1-72d23674d905@group-50F79935BC6A->c5b86445-9c87-4edb-b176-8eaf015b94aa-GrpcLogAppender: appendEntries Timeout, request=07da283f-72b3-4610-abc1-72d23674d905->c5b86445-9c87-4edb-b176-8eaf015b94aa#30-t2, previous=(t:2, i:10), leaderCommit=10, initializing? false, entries: <empty>
2019-10-18 14:33:45,424 [EventQueue-ContainerReportForContainerReportHandler] WARN  container.ContainerReportHandler (AbstractContainerReportHandler.java:updateContainerState(145)) - Container #1 is in OPEN state, but the datanode 07da283f-72b3-4610-abc1-72d23674d905{ip: 192.168.164.233, host: pr-hdds-2327-vtdmt-1103746116, networkLocation: /default-rack, certSerialId: null} reports an CLOSED replica.
2019-10-18 14:33:45,624 [EventQueue-ContainerReportForContainerReportHandler] WARN  container.ContainerReportHandler (AbstractContainerReportHandler.java:updateContainerState(145)) - Container #1 is in OPEN state, but the datanode 07da283f-72b3-4610-abc1-72d23674d905{ip: 192.168.164.233, host: pr-hdds-2327-vtdmt-1103746116, networkLocation: /default-rack, certSerialId: null} reports an CLOSED replica.
2019-10-18 14:33:45,729 [EventQueue-ContainerReportForContainerReportHandler] WARN  container.ContainerReportHandler (AbstractContainerReportHandler.java:updateContainerState(145)) - Container #1 is in OPEN state, but the datanode c3a3cb61-beea-4a1a-8639-85f6e846679d{ip: 192.168.164.233, host: pr-hdds-2327-vtdmt-1103746116, networkLocation: /default-rack, certSerialId: null} reports an CLOSED replica.
2019-10-18 14:33:45,924 [EventQueue-ContainerReportForContainerReportHandler] WARN  container.ContainerReportHandler (AbstractContainerReportHandler.java:updateContainerState(145)) - Container #1 is in OPEN state, but the datanode 07da283f-72b3-4610-abc1-72d23674d905{ip: 192.168.164.233, host: pr-hdds-2327-vtdmt-1103746116, networkLocation: /default-rack, certSerialId: null} reports an CLOSED replica.
2019-10-18 14:33:45,929 [EventQueue-ContainerReportForContainerReportHandler] WARN  container.ContainerReportHandler (AbstractContainerReportHandler.java:updateContainerState(145)) - Container #1 is in OPEN state, but the datanode c3a3cb61-beea-4a1a-8639-85f6e846679d{ip: 192.168.164.233, host: pr-hdds-2327-vtdmt-1103746116, networkLocation: /default-rack, certSerialId: null} reports an CLOSED replica.
2019-10-18 14:33:46,231 [EventQueue-ContainerReportForContainerReportHandler] WARN  container.ContainerReportHandler (AbstractContainerReportHandler.java:updateContainerState(145)) - Container #1 is in OPEN state, but the datanode c3a3cb61-beea-4a1a-8639-85f6e846679d{ip: 192.168.164.233, host: pr-hdds-2327-vtdmt-1103746116, networkLocation: /default-rack, certSerialId: null} reports an CLOSED replica.
2019-10-18 14:33:46,325 [EventQueue-ContainerReportForContainerReportHandler] WARN  container.ContainerReportHandler (AbstractContainerReportHandler.java:updateContainerState(145)) - Container #1 is in OPEN state, but the datanode 07da283f-72b3-4610-abc1-72d23674d905{ip: 192.168.164.233, host: pr-hdds-2327-vtdmt-1103746116, networkLocation: /default-rack, certSerialId: null} reports an CLOSED replica.
2019-10-18 14:33:46,353 [BlockDeletingService#2] WARN  background.BlockDeletingService (BlockDeletingService.java:isDeletionAllowed(187)) - Close Container log Index 6 is not replicated across allthe servers in the pipeline 1b899901-10f6-4f6e-b1b6-50f79935bc6a as the min replicated index is 4. Deletion is not allowed in this container yet.
2019-10-18 14:33:46,353 [BlockDeletingService#2] WARN  background.BlockDeletingService (BlockDeletingService.java:isDeletionAllowed(187)) - Close Container log Index 6 is not replicated across allthe servers in the pipeline 1b899901-10f6-4f6e-b1b6-50f79935bc6a as the min replicated index is 4. Deletion is not allowed in this container yet.
2019-10-18 14:33:46,531 [EventQueue-ContainerReportForContainerReportHandler] WARN  container.ContainerReportHandler (AbstractContainerReportHandler.java:updateContainerState(145)) - Container #1 is in OPEN state, but the datanode c3a3cb61-beea-4a1a-8639-85f6e846679d{ip: 192.168.164.233, host: pr-hdds-2327-vtdmt-1103746116, networkLocation: /default-rack, certSerialId: null} reports an CLOSED replica.
2019-10-18 14:33:46,625 [EventQueue-ContainerReportForContainerReportHandler] WARN  container.ContainerReportHandler (AbstractContainerReportHandler.java:updateContainerState(145)) - Container #1 is in OPEN state, but the datanode 07da283f-72b3-4610-abc1-72d23674d905{ip: 192.168.164.233, host: pr-hdds-2327-vtdmt-1103746116, networkLocation: /default-rack, certSerialId: null} reports an CLOSED replica.
2019-10-18 14:33:46,926 [EventQueue-ContainerReportForContainerReportHandler] WARN  container.ContainerReportHandler (AbstractContainerReportHandler.java:updateContainerState(145)) - Container #1 is in OPEN state, but the datanode 07da283f-72b3-4610-abc1-72d23674d905{ip: 192.168.164.233, host: pr-hdds-2327-vtdmt-1103746116, networkLocation: /default-rack, certSerialId: null} reports an CLOSED replica.
2019-10-18 14:33:46,930 [EventQueue-ContainerReportForContainerReportHandler] WARN  container.ContainerReportHandler (AbstractContainerReportHandler.java:updateContainerState(145)) - Container #1 is in OPEN state, but the datanode c3a3cb61-beea-4a1a-8639-85f6e846679d{ip: 192.168.164.233, host: pr-hdds-2327-vtdmt-1103746116, networkLocation: /default-rack, certSerialId: null} reports an CLOSED replica.
2019-10-18 14:33:47,125 [EventQueue-ContainerReportForContainerReportHandler] WARN  container.ContainerReportHandler (AbstractContainerReportHandler.java:updateContainerState(145)) - Container #1 is in OPEN state, but the datanode 07da283f-72b3-4610-abc1-72d23674d905{ip: 192.168.164.233, host: pr-hdds-2327-vtdmt-1103746116, networkLocation: /default-rack, certSerialId: null} reports an CLOSED replica.
2019-10-18 14:33:47,131 [EventQueue-ContainerReportForContainerReportHandler] WARN  container.ContainerReportHandler (AbstractContainerReportHandler.java:updateContainerState(145)) - Container #1 is in OPEN state, but the datanode c3a3cb61-beea-4a1a-8639-85f6e846679d{ip: 192.168.164.233, host: pr-hdds-2327-vtdmt-1103746116, networkLocation: /default-rack, certSerialId: null} reports an CLOSED replica.
2019-10-18 14:33:47,355 [BlockDeletingService#2] WARN  background.BlockDeletingService (BlockDeletingService.java:isDeletionAllowed(187)) - Close Container log Index 6 is not replicated across allthe servers in the pipeline 1b899901-10f6-4f6e-b1b6-50f79935bc6a as the min replicated index is 4. Deletion is not allowed in this container yet.
2019-10-18 14:33:47,355 [BlockDeletingService#2] WARN  background.BlockDeletingService (BlockDeletingService.java:isDeletionAllowed(187)) - Close Container log Index 6 is not replicated across allthe servers in the pipeline 1b899901-10f6-4f6e-b1b6-50f79935bc6a as the min replicated index is 4. Deletion is not allowed in this container yet.
2019-10-18 14:33:47,526 [EventQueue-ContainerReportForContainerReportHandler] WARN  container.ContainerReportHandler (AbstractContainerReportHandler.java:updateContainerState(145)) - Container #1 is in OPEN state, but the datanode 07da283f-72b3-4610-abc1-72d23674d905{ip: 192.168.164.233, host: pr-hdds-2327-vtdmt-1103746116, networkLocation: /default-rack, certSerialId: null} reports an CLOSED replica.
2019-10-18 14:33:47,532 [EventQueue-ContainerReportForContainerReportHandler] WARN  container.ContainerReportHandler (AbstractContainerReportHandler.java:updateContainerState(145)) - Container #1 is in OPEN state, but the datanode c3a3cb61-beea-4a1a-8639-85f6e846679d{ip: 192.168.164.233, host: pr-hdds-2327-vtdmt-1103746116, networkLocation: /default-rack, certSerialId: null} reports an CLOSED replica.
2019-10-18 14:33:47,726 [EventQueue-ContainerReportForContainerReportHandler] WARN  container.ContainerReportHandler (AbstractContainerReportHandler.java:updateContainerState(145)) - Container #1 is in OPEN state, but the datanode 07da283f-72b3-4610-abc1-72d23674d905{ip: 192.168.164.233, host: pr-hdds-2327-vtdmt-1103746116, networkLocation: /default-rack, certSerialId: null} reports an CLOSED replica.
2019-10-18 14:33:47,833 [EventQueue-ContainerReportForContainerReportHandler] WARN  container.ContainerReportHandler (AbstractContainerReportHandler.java:updateContainerState(145)) - Container #1 is in OPEN state, but the datanode c3a3cb61-beea-4a1a-8639-85f6e846679d{ip: 192.168.164.233, host: pr-hdds-2327-vtdmt-1103746116, networkLocation: /default-rack, certSerialId: null} reports an CLOSED replica.
2019-10-18 14:33:47,870 [java.util.concurrent.ThreadPoolExecutor$Worker@37af0650[State = -1, empty queue]] WARN  server.GrpcLogAppender (GrpcLogAppender.java:timeoutAppendRequest(209)) - 07da283f-72b3-4610-abc1-72d23674d905@group-50F79935BC6A->c5b86445-9c87-4edb-b176-8eaf015b94aa-GrpcLogAppender: appendEntries Timeout, request=07da283f-72b3-4610-abc1-72d23674d905->c5b86445-9c87-4edb-b176-8eaf015b94aa#31-t2, previous=(t:2, i:10), leaderCommit=10, initializing? false, entries: <empty>
2019-10-18 14:33:47,932 [Thread-368] INFO  client.GrpcClientProtocolService (GrpcClientProtocolService.java:lambda$processClientRequest$0(278)) - Failed RaftClientRequest:client-D4B6A76FA5A7->c3a3cb61-beea-4a1a-8639-85f6e846679d@group-50F79935BC6A, cid=10, seq=0, Watch-ALL_COMMITTED(6), Message:<EMPTY>, reply=RaftClientReply:client-D4B6A76FA5A7->c3a3cb61-beea-4a1a-8639-85f6e846679d@group-50F79935BC6A, cid=10, FAILED org.apache.ratis.protocol.NotLeaderException: Server c3a3cb61-beea-4a1a-8639-85f6e846679d@group-50F79935BC6A is not the leader 07da283f-72b3-4610-abc1-72d23674d905:192.168.164.233:38130, logIndex=0, commits[c3a3cb61-beea-4a1a-8639-85f6e846679d:c10, 07da283f-72b3-4610-abc1-72d23674d905:c10, c5b86445-9c87-4edb-b176-8eaf015b94aa:c4]
2019-10-18 14:33:48,128 [EventQueue-ContainerReportForContainerReportHandler] WARN  container.ContainerReportHandler (AbstractContainerReportHandler.java:updateContainerState(145)) - Container #1 is in OPEN state, but the datanode 07da283f-72b3-4610-abc1-72d23674d905{ip: 192.168.164.233, host: pr-hdds-2327-vtdmt-1103746116, networkLocation: /default-rack, certSerialId: null} reports an CLOSED replica.
2019-10-18 14:33:48,134 [EventQueue-ContainerReportForContainerReportHandler] WARN  container.ContainerReportHandler (AbstractContainerReportHandler.java:updateContainerState(145)) - Container #1 is in OPEN state, but the datanode c3a3cb61-beea-4a1a-8639-85f6e846679d{ip: 192.168.164.233, host: pr-hdds-2327-vtdmt-1103746116, networkLocation: /default-rack, certSerialId: null} reports an CLOSED replica.
2019-10-18 14:33:48,328 [EventQueue-ContainerReportForContainerReportHandler] WARN  container.ContainerReportHandler (AbstractContainerReportHandler.java:updateContainerState(145)) - Container #1 is in OPEN state, but the datanode 07da283f-72b3-4610-abc1-72d23674d905{ip: 192.168.164.233, host: pr-hdds-2327-vtdmt-1103746116, networkLocation: /default-rack, certSerialId: null} reports an CLOSED replica.
2019-10-18 14:33:48,356 [BlockDeletingService#2] WARN  background.BlockDeletingService (BlockDeletingService.java:isDeletionAllowed(187)) - Close Container log Index 6 is not replicated across allthe servers in the pipeline 1b899901-10f6-4f6e-b1b6-50f79935bc6a as the min replicated index is 4. Deletion is not allowed in this container yet.
2019-10-18 14:33:48,357 [BlockDeletingService#2] WARN  background.BlockDeletingService (BlockDeletingService.java:isDeletionAllowed(187)) - Close Container log Index 6 is not replicated across allthe servers in the pipeline 1b899901-10f6-4f6e-b1b6-50f79935bc6a as the min replicated index is 4. Deletion is not allowed in this container yet.
2019-10-18 14:33:48,529 [EventQueue-ContainerReportForContainerReportHandler] WARN  container.ContainerReportHandler (AbstractContainerReportHandler.java:updateContainerState(145)) - Container #1 is in OPEN state, but the datanode 07da283f-72b3-4610-abc1-72d23674d905{ip: 192.168.164.233, host: pr-hdds-2327-vtdmt-1103746116, networkLocation: /default-rack, certSerialId: null} reports an CLOSED replica.
2019-10-18 14:33:48,533 [EventQueue-ContainerReportForContainerReportHandler] WARN  container.ContainerReportHandler (AbstractContainerReportHandler.java:updateContainerState(145)) - Container #1 is in OPEN state, but the datanode c3a3cb61-beea-4a1a-8639-85f6e846679d{ip: 192.168.164.233, host: pr-hdds-2327-vtdmt-1103746116, networkLocation: /default-rack, certSerialId: null} reports an CLOSED replica.
2019-10-18 14:33:48,682 [Thread-374] INFO  client.GrpcClientProtocolService (GrpcClientProtocolService.java:lambda$processClientRequest$0(278)) - Failed RaftClientRequest:client-D4B6A76FA5A7->07da283f-72b3-4610-abc1-72d23674d905@group-50F79935BC6A, cid=10, seq=0, Watch-ALL_COMMITTED(6), Message:<EMPTY>, reply=RaftClientReply:client-D4B6A76FA5A7->07da283f-72b3-4610-abc1-72d23674d905@group-50F79935BC6A, cid=10, FAILED org.apache.ratis.protocol.NotReplicatedException: Request with call Id 10 and log index 6 is not yet replicated to ALL_COMMITTED, logIndex=6, commits[07da283f-72b3-4610-abc1-72d23674d905:c10, c3a3cb61-beea-4a1a-8639-85f6e846679d:c10, c5b86445-9c87-4edb-b176-8eaf015b94aa:c4]
2019-10-18 14:33:48,830 [EventQueue-ContainerReportForContainerReportHandler] WARN  container.ContainerReportHandler (AbstractContainerReportHandler.java:updateContainerState(145)) - Container #1 is in OPEN state, but the datanode 07da283f-72b3-4610-abc1-72d23674d905{ip: 192.168.164.233, host: pr-hdds-2327-vtdmt-1103746116, networkLocation: /default-rack, certSerialId: null} reports an CLOSED replica.
2019-10-18 14:33:48,833 [EventQueue-ContainerReportForContainerReportHandler] WARN  container.ContainerReportHandler (AbstractContainerReportHandler.java:updateContainerState(145)) - Container #1 is in OPEN state, but the datanode c3a3cb61-beea-4a1a-8639-85f6e846679d{ip: 192.168.164.233, host: pr-hdds-2327-vtdmt-1103746116, networkLocation: /default-rack, certSerialId: null} reports an CLOSED replica.
2019-10-18 14:33:49,129 [EventQueue-ContainerReportForContainerReportHandler] WARN  container.ContainerReportHandler (AbstractContainerReportHandler.java:updateContainerState(145)) - Container #1 is in OPEN state, but the datanode 07da283f-72b3-4610-abc1-72d23674d905{ip: 192.168.164.233, host: pr-hdds-2327-vtdmt-1103746116, networkLocation: /default-rack, certSerialId: null} reports an CLOSED replica.
2019-10-18 14:33:49,133 [EventQueue-ContainerReportForContainerReportHandler] WARN  container.ContainerReportHandler (AbstractContainerReportHandler.java:updateContainerState(145)) - Container #1 is in OPEN state, but the datanode c3a3cb61-beea-4a1a-8639-85f6e846679d{ip: 192.168.164.233, host: pr-hdds-2327-vtdmt-1103746116, networkLocation: /default-rack, certSerialId: null} reports an CLOSED replica.
2019-10-18 14:33:49,331 [EventQueue-ContainerReportForContainerReportHandler] WARN  container.ContainerReportHandler (AbstractContainerReportHandler.java:updateContainerState(145)) - Container #1 is in OPEN state, but the datanode 07da283f-72b3-4610-abc1-72d23674d905{ip: 192.168.164.233, host: pr-hdds-2327-vtdmt-1103746116, networkLocation: /default-rack, certSerialId: null} reports an CLOSED replica.
2019-10-18 14:33:49,332 [EventQueue-ContainerReportForContainerReportHandler] WARN  container.ContainerReportHandler (AbstractContainerReportHandler.java:updateContainerState(145)) - Container #1 is in OPEN state, but the datanode c3a3cb61-beea-4a1a-8639-85f6e846679d{ip: 192.168.164.233, host: pr-hdds-2327-vtdmt-1103746116, networkLocation: /default-rack, certSerialId: null} reports an CLOSED replica.
2019-10-18 14:33:49,358 [BlockDeletingService#2] WARN  background.BlockDeletingService (BlockDeletingService.java:isDeletionAllowed(187)) - Close Container log Index 6 is not replicated across allthe servers in the pipeline 1b899901-10f6-4f6e-b1b6-50f79935bc6a as the min replicated index is 4. Deletion is not allowed in this container yet.
2019-10-18 14:33:49,358 [BlockDeletingService#2] WARN  background.BlockDeletingService (BlockDeletingService.java:isDeletionAllowed(187)) - Close Container log Index 6 is not replicated across allthe servers in the pipeline 1b899901-10f6-4f6e-b1b6-50f79935bc6a as the min replicated index is 4. Deletion is not allowed in this container yet.
2019-10-18 14:33:49,730 [EventQueue-ContainerReportForContainerReportHandler] WARN  container.ContainerReportHandler (AbstractContainerReportHandler.java:updateContainerState(145)) - Container #1 is in OPEN state, but the datanode 07da283f-72b3-4610-abc1-72d23674d905{ip: 192.168.164.233, host: pr-hdds-2327-vtdmt-1103746116, networkLocation: /default-rack, certSerialId: null} reports an CLOSED replica.
2019-10-18 14:33:49,733 [EventQueue-ContainerReportForContainerReportHandler] WARN  container.ContainerReportHandler (AbstractContainerReportHandler.java:updateContainerState(145)) - Container #1 is in OPEN state, but the datanode c3a3cb61-beea-4a1a-8639-85f6e846679d{ip: 192.168.164.233, host: pr-hdds-2327-vtdmt-1103746116, networkLocation: /default-rack, certSerialId: null} reports an CLOSED replica.
2019-10-18 14:33:49,930 [EventQueue-ContainerReportForContainerReportHandler] WARN  container.ContainerReportHandler (AbstractContainerReportHandler.java:updateContainerState(145)) - Container #1 is in OPEN state, but the datanode 07da283f-72b3-4610-abc1-72d23674d905{ip: 192.168.164.233, host: pr-hdds-2327-vtdmt-1103746116, networkLocation: /default-rack, certSerialId: null} reports an CLOSED replica.
2019-10-18 14:33:50,130 [EventQueue-ContainerReportForContainerReportHandler] WARN  container.ContainerReportHandler (AbstractContainerReportHandler.java:updateContainerState(145)) - Container #1 is in OPEN state, but the datanode 07da283f-72b3-4610-abc1-72d23674d905{ip: 192.168.164.233, host: pr-hdds-2327-vtdmt-1103746116, networkLocation: /default-rack, certSerialId: null} reports an CLOSED replica.
2019-10-18 14:33:50,133 [EventQueue-ContainerReportForContainerReportHandler] WARN  container.ContainerReportHandler (AbstractContainerReportHandler.java:updateContainerState(145)) - Container #1 is in OPEN state, but the datanode c3a3cb61-beea-4a1a-8639-85f6e846679d{ip: 192.168.164.233, host: pr-hdds-2327-vtdmt-1103746116, networkLocation: /default-rack, certSerialId: null} reports an CLOSED replica.
2019-10-18 14:33:50,363 [BlockDeletingService#2] WARN  background.BlockDeletingService (BlockDeletingService.java:isDeletionAllowed(187)) - Close Container log Index 6 is not replicated across allthe servers in the pipeline 1b899901-10f6-4f6e-b1b6-50f79935bc6a as the min replicated index is 4. Deletion is not allowed in this container yet.
2019-10-18 14:33:50,363 [BlockDeletingService#2] WARN  background.BlockDeletingService (BlockDeletingService.java:isDeletionAllowed(187)) - Close Container log Index 6 is not replicated across allthe servers in the pipeline 1b899901-10f6-4f6e-b1b6-50f79935bc6a as the min replicated index is 4. Deletion is not allowed in this container yet.
2019-10-18 14:33:50,371 [java.util.concurrent.ThreadPoolExecutor$Worker@37af0650[State = -1, empty queue]] WARN  server.GrpcLogAppender (GrpcLogAppender.java:timeoutAppendRequest(209)) - 07da283f-72b3-4610-abc1-72d23674d905@group-50F79935BC6A->c5b86445-9c87-4edb-b176-8eaf015b94aa-GrpcLogAppender: appendEntries Timeout, request=07da283f-72b3-4610-abc1-72d23674d905->c5b86445-9c87-4edb-b176-8eaf015b94aa#32-t2, previous=(t:2, i:10), leaderCommit=10, initializing? false, entries: <empty>
2019-10-18 14:33:50,431 [EventQueue-ContainerReportForContainerReportHandler] WARN  container.ContainerReportHandler (AbstractContainerReportHandler.java:updateContainerState(145)) - Container #1 is in OPEN state, but the datanode 07da283f-72b3-4610-abc1-72d23674d905{ip: 192.168.164.233, host: pr-hdds-2327-vtdmt-1103746116, networkLocation: /default-rack, certSerialId: null} reports an CLOSED replica.
2019-10-18 14:33:50,533 [EventQueue-ContainerReportForContainerReportHandler] WARN  container.ContainerReportHandler (AbstractContainerReportHandler.java:updateContainerState(145)) - Container #1 is in OPEN state, but the datanode c3a3cb61-beea-4a1a-8639-85f6e846679d{ip: 192.168.164.233, host: pr-hdds-2327-vtdmt-1103746116, networkLocation: /default-rack, certSerialId: null} reports an CLOSED replica.
2019-10-18 14:33:50,734 [EventQueue-ContainerReportForContainerReportHandler] WARN  container.ContainerReportHandler (AbstractContainerReportHandler.java:updateContainerState(145)) - Container #1 is in OPEN state, but the datanode c3a3cb61-beea-4a1a-8639-85f6e846679d{ip: 192.168.164.233, host: pr-hdds-2327-vtdmt-1103746116, networkLocation: /default-rack, certSerialId: null} reports an CLOSED replica.
2019-10-18 14:33:50,832 [EventQueue-ContainerReportForContainerReportHandler] WARN  container.ContainerReportHandler (AbstractContainerReportHandler.java:updateContainerState(145)) - Container #1 is in OPEN state, but the datanode 07da283f-72b3-4610-abc1-72d23674d905{ip: 192.168.164.233, host: pr-hdds-2327-vtdmt-1103746116, networkLocation: /default-rack, certSerialId: null} reports an CLOSED replica.
2019-10-18 14:33:51,032 [EventQueue-ContainerReportForContainerReportHandler] WARN  container.ContainerReportHandler (AbstractContainerReportHandler.java:updateContainerState(145)) - Container #1 is in OPEN state, but the datanode c3a3cb61-beea-4a1a-8639-85f6e846679d{ip: 192.168.164.233, host: pr-hdds-2327-vtdmt-1103746116, networkLocation: /default-rack, certSerialId: null} reports an CLOSED replica.
2019-10-18 14:33:51,133 [EventQueue-ContainerReportForContainerReportHandler] WARN  container.ContainerReportHandler (AbstractContainerReportHandler.java:updateContainerState(145)) - Container #1 is in OPEN state, but the datanode 07da283f-72b3-4610-abc1-72d23674d905{ip: 192.168.164.233, host: pr-hdds-2327-vtdmt-1103746116, networkLocation: /default-rack, certSerialId: null} reports an CLOSED replica.
2019-10-18 14:33:51,333 [EventQueue-ContainerReportForContainerReportHandler] WARN  container.ContainerReportHandler (AbstractContainerReportHandler.java:updateContainerState(145)) - Container #1 is in OPEN state, but the datanode c3a3cb61-beea-4a1a-8639-85f6e846679d{ip: 192.168.164.233, host: pr-hdds-2327-vtdmt-1103746116, networkLocation: /default-rack, certSerialId: null} reports an CLOSED replica.
2019-10-18 14:33:51,365 [BlockDeletingService#2] WARN  background.BlockDeletingService (BlockDeletingService.java:isDeletionAllowed(187)) - Close Container log Index 6 is not replicated across allthe servers in the pipeline 1b899901-10f6-4f6e-b1b6-50f79935bc6a as the min replicated index is 4. Deletion is not allowed in this container yet.
2019-10-18 14:33:51,365 [BlockDeletingService#2] WARN  background.BlockDeletingService (BlockDeletingService.java:isDeletionAllowed(187)) - Close Container log Index 6 is not replicated across allthe servers in the pipeline 1b899901-10f6-4f6e-b1b6-50f79935bc6a as the min replicated index is 4. Deletion is not allowed in this container yet.
2019-10-18 14:33:51,433 [EventQueue-ContainerReportForContainerReportHandler] WARN  container.ContainerReportHandler (AbstractContainerReportHandler.java:updateContainerState(145)) - Container #1 is in OPEN state, but the datanode 07da283f-72b3-4610-abc1-72d23674d905{ip: 192.168.164.233, host: pr-hdds-2327-vtdmt-1103746116, networkLocation: /default-rack, certSerialId: null} reports an CLOSED replica.
2019-10-18 14:33:51,633 [EventQueue-ContainerReportForContainerReportHandler] WARN  container.ContainerReportHandler (AbstractContainerReportHandler.java:updateContainerState(145)) - Container #1 is in OPEN state, but the datanode c3a3cb61-beea-4a1a-8639-85f6e846679d{ip: 192.168.164.233, host: pr-hdds-2327-vtdmt-1103746116, networkLocation: /default-rack, certSerialId: null} reports an CLOSED replica.
2019-10-18 14:33:51,733 [EventQueue-ContainerReportForContainerReportHandler] WARN  container.ContainerReportHandler (AbstractContainerReportHandler.java:updateContainerState(145)) - Container #1 is in OPEN state, but the datanode 07da283f-72b3-4610-abc1-72d23674d905{ip: 192.168.164.233, host: pr-hdds-2327-vtdmt-1103746116, networkLocation: /default-rack, certSerialId: null} reports an CLOSED replica.
2019-10-18 14:33:52,033 [EventQueue-ContainerReportForContainerReportHandler] WARN  container.ContainerReportHandler (AbstractContainerReportHandler.java:updateContainerState(145)) - Container #1 is in OPEN state, but the datanode 07da283f-72b3-4610-abc1-72d23674d905{ip: 192.168.164.233, host: pr-hdds-2327-vtdmt-1103746116, networkLocation: /default-rack, certSerialId: null} reports an CLOSED replica.
2019-10-18 14:33:52,034 [EventQueue-ContainerReportForContainerReportHandler] WARN  container.ContainerReportHandler (AbstractContainerReportHandler.java:updateContainerState(145)) - Container #1 is in OPEN state, but the datanode c3a3cb61-beea-4a1a-8639-85f6e846679d{ip: 192.168.164.233, host: pr-hdds-2327-vtdmt-1103746116, networkLocation: /default-rack, certSerialId: null} reports an CLOSED replica.
2019-10-18 14:33:52,234 [EventQueue-ContainerReportForContainerReportHandler] WARN  container.ContainerReportHandler (AbstractContainerReportHandler.java:updateContainerState(145)) - Container #1 is in OPEN state, but the datanode 07da283f-72b3-4610-abc1-72d23674d905{ip: 192.168.164.233, host: pr-hdds-2327-vtdmt-1103746116, networkLocation: /default-rack, certSerialId: null} reports an CLOSED replica.
2019-10-18 14:33:52,334 [EventQueue-ContainerReportForContainerReportHandler] WARN  container.ContainerReportHandler (AbstractContainerReportHandler.java:updateContainerState(145)) - Container #1 is in OPEN state, but the datanode c3a3cb61-beea-4a1a-8639-85f6e846679d{ip: 192.168.164.233, host: pr-hdds-2327-vtdmt-1103746116, networkLocation: /default-rack, certSerialId: null} reports an CLOSED replica.
2019-10-18 14:33:52,366 [BlockDeletingService#2] WARN  background.BlockDeletingService (BlockDeletingService.java:isDeletionAllowed(187)) - Close Container log Index 6 is not replicated across allthe servers in the pipeline 1b899901-10f6-4f6e-b1b6-50f79935bc6a as the min replicated index is 4. Deletion is not allowed in this container yet.
2019-10-18 14:33:52,366 [BlockDeletingService#2] WARN  background.BlockDeletingService (BlockDeletingService.java:isDeletionAllowed(187)) - Close Container log Index 6 is not replicated across allthe servers in the pipeline 1b899901-10f6-4f6e-b1b6-50f79935bc6a as the min replicated index is 4. Deletion is not allowed in this container yet.
2019-10-18 14:33:52,534 [EventQueue-ContainerReportForContainerReportHandler] WARN  container.ContainerReportHandler (AbstractContainerReportHandler.java:updateContainerState(145)) - Container #1 is in OPEN state, but the datanode 07da283f-72b3-4610-abc1-72d23674d905{ip: 192.168.164.233, host: pr-hdds-2327-vtdmt-1103746116, networkLocation: /default-rack, certSerialId: null} reports an CLOSED replica.
2019-10-18 14:33:52,534 [EventQueue-ContainerReportForContainerReportHandler] WARN  container.ContainerReportHandler (AbstractContainerReportHandler.java:updateContainerState(145)) - Container #1 is in OPEN state, but the datanode c3a3cb61-beea-4a1a-8639-85f6e846679d{ip: 192.168.164.233, host: pr-hdds-2327-vtdmt-1103746116, networkLocation: /default-rack, certSerialId: null} reports an CLOSED replica.
2019-10-18 14:33:52,734 [EventQueue-ContainerReportForContainerReportHandler] WARN  container.ContainerReportHandler (AbstractContainerReportHandler.java:updateContainerState(145)) - Container #1 is in OPEN state, but the datanode 07da283f-72b3-4610-abc1-72d23674d905{ip: 192.168.164.233, host: pr-hdds-2327-vtdmt-1103746116, networkLocation: /default-rack, certSerialId: null} reports an CLOSED replica.
2019-10-18 14:33:52,835 [EventQueue-ContainerReportForContainerReportHandler] WARN  container.ContainerReportHandler (AbstractContainerReportHandler.java:updateContainerState(145)) - Container #1 is in OPEN state, but the datanode c3a3cb61-beea-4a1a-8639-85f6e846679d{ip: 192.168.164.233, host: pr-hdds-2327-vtdmt-1103746116, networkLocation: /default-rack, certSerialId: null} reports an CLOSED replica.
2019-10-18 14:33:52,872 [java.util.concurrent.ThreadPoolExecutor$Worker@37af0650[State = -1, empty queue]] WARN  server.GrpcLogAppender (GrpcLogAppender.java:timeoutAppendRequest(209)) - 07da283f-72b3-4610-abc1-72d23674d905@group-50F79935BC6A->c5b86445-9c87-4edb-b176-8eaf015b94aa-GrpcLogAppender: appendEntries Timeout, request=07da283f-72b3-4610-abc1-72d23674d905->c5b86445-9c87-4edb-b176-8eaf015b94aa#33-t2, previous=(t:2, i:10), leaderCommit=10, initializing? false, entries: <empty>
2019-10-18 14:33:53,034 [EventQueue-ContainerReportForContainerReportHandler] WARN  container.ContainerReportHandler (AbstractContainerReportHandler.java:updateContainerState(145)) - Container #1 is in OPEN state, but the datanode 07da283f-72b3-4610-abc1-72d23674d905{ip: 192.168.164.233, host: pr-hdds-2327-vtdmt-1103746116, networkLocation: /default-rack, certSerialId: null} reports an CLOSED replica.
2019-10-18 14:33:53,136 [EventQueue-ContainerReportForContainerReportHandler] WARN  container.ContainerReportHandler (AbstractContainerReportHandler.java:updateContainerState(145)) - Container #1 is in OPEN state, but the datanode c3a3cb61-beea-4a1a-8639-85f6e846679d{ip: 192.168.164.233, host: pr-hdds-2327-vtdmt-1103746116, networkLocation: /default-rack, certSerialId: null} reports an CLOSED replica.
2019-10-18 14:33:53,334 [EventQueue-ContainerReportForContainerReportHandler] WARN  container.ContainerReportHandler (AbstractContainerReportHandler.java:updateContainerState(145)) - Container #1 is in OPEN state, but the datanode 07da283f-72b3-4610-abc1-72d23674d905{ip: 192.168.164.233, host: pr-hdds-2327-vtdmt-1103746116, networkLocation: /default-rack, certSerialId: null} reports an CLOSED replica.
2019-10-18 14:33:53,369 [BlockDeletingService#2] WARN  background.BlockDeletingService (BlockDeletingService.java:isDeletionAllowed(187)) - Close Container log Index 6 is not replicated across allthe servers in the pipeline 1b899901-10f6-4f6e-b1b6-50f79935bc6a as the min replicated index is 4. Deletion is not allowed in this container yet.
2019-10-18 14:33:53,369 [BlockDeletingService#2] WARN  background.BlockDeletingService (BlockDeletingService.java:isDeletionAllowed(187)) - Close Container log Index 6 is not replicated across allthe servers in the pipeline 1b899901-10f6-4f6e-b1b6-50f79935bc6a as the min replicated index is 4. Deletion is not allowed in this container yet.
2019-10-18 14:33:53,436 [EventQueue-ContainerReportForContainerReportHandler] WARN  container.ContainerReportHandler (AbstractContainerReportHandler.java:updateContainerState(145)) - Container #1 is in OPEN state, but the datanode c3a3cb61-beea-4a1a-8639-85f6e846679d{ip: 192.168.164.233, host: pr-hdds-2327-vtdmt-1103746116, networkLocation: /default-rack, certSerialId: null} reports an CLOSED replica.
2019-10-18 14:33:53,635 [EventQueue-ContainerReportForContainerReportHandler] WARN  container.ContainerReportHandler (AbstractContainerReportHandler.java:updateContainerState(145)) - Container #1 is in OPEN state, but the datanode 07da283f-72b3-4610-abc1-72d23674d905{ip: 192.168.164.233, host: pr-hdds-2327-vtdmt-1103746116, networkLocation: /default-rack, certSerialId: null} reports an CLOSED replica.
2019-10-18 14:33:53,837 [EventQueue-ContainerReportForContainerReportHandler] WARN  container.ContainerReportHandler (AbstractContainerReportHandler.java:updateContainerState(145)) - Container #1 is in OPEN state, but the datanode c3a3cb61-beea-4a1a-8639-85f6e846679d{ip: 192.168.164.233, host: pr-hdds-2327-vtdmt-1103746116, networkLocation: /default-rack, certSerialId: null} reports an CLOSED replica.
2019-10-18 14:33:53,934 [EventQueue-ContainerReportForContainerReportHandler] WARN  container.ContainerReportHandler (AbstractContainerReportHandler.java:updateContainerState(145)) - Container #1 is in OPEN state, but the datanode 07da283f-72b3-4610-abc1-72d23674d905{ip: 192.168.164.233, host: pr-hdds-2327-vtdmt-1103746116, networkLocation: /default-rack, certSerialId: null} reports an CLOSED replica.
2019-10-18 14:33:54,137 [EventQueue-ContainerReportForContainerReportHandler] WARN  container.ContainerReportHandler (AbstractContainerReportHandler.java:updateContainerState(145)) - Container #1 is in OPEN state, but the datanode c3a3cb61-beea-4a1a-8639-85f6e846679d{ip: 192.168.164.233, host: pr-hdds-2327-vtdmt-1103746116, networkLocation: /default-rack, certSerialId: null} reports an CLOSED replica.
2019-10-18 14:33:54,235 [EventQueue-ContainerReportForContainerReportHandler] WARN  container.ContainerReportHandler (AbstractContainerReportHandler.java:updateContainerState(145)) - Container #1 is in OPEN state, but the datanode 07da283f-72b3-4610-abc1-72d23674d905{ip: 192.168.164.233, host: pr-hdds-2327-vtdmt-1103746116, networkLocation: /default-rack, certSerialId: null} reports an CLOSED replica.
2019-10-18 14:33:54,337 [EventQueue-ContainerReportForContainerReportHandler] WARN  container.ContainerReportHandler (AbstractContainerReportHandler.java:updateContainerState(145)) - Container #1 is in OPEN state, but the datanode c3a3cb61-beea-4a1a-8639-85f6e846679d{ip: 192.168.164.233, host: pr-hdds-2327-vtdmt-1103746116, networkLocation: /default-rack, certSerialId: null} reports an CLOSED replica.
2019-10-18 14:33:54,370 [BlockDeletingService#2] WARN  background.BlockDeletingService (BlockDeletingService.java:isDeletionAllowed(187)) - Close Container log Index 6 is not replicated across allthe servers in the pipeline 1b899901-10f6-4f6e-b1b6-50f79935bc6a as the min replicated index is 4. Deletion is not allowed in this container yet.
2019-10-18 14:33:54,370 [BlockDeletingService#2] WARN  background.BlockDeletingService (BlockDeletingService.java:isDeletionAllowed(187)) - Close Container log Index 6 is not replicated across allthe servers in the pipeline 1b899901-10f6-4f6e-b1b6-50f79935bc6a as the min replicated index is 4. Deletion is not allowed in this container yet.
2019-10-18 14:33:54,635 [EventQueue-ContainerReportForContainerReportHandler] WARN  container.ContainerReportHandler (AbstractContainerReportHandler.java:updateContainerState(145)) - Container #1 is in OPEN state, but the datanode 07da283f-72b3-4610-abc1-72d23674d905{ip: 192.168.164.233, host: pr-hdds-2327-vtdmt-1103746116, networkLocation: /default-rack, certSerialId: null} reports an CLOSED replica.
2019-10-18 14:33:54,638 [EventQueue-ContainerReportForContainerReportHandler] WARN  container.ContainerReportHandler (AbstractContainerReportHandler.java:updateContainerState(145)) - Container #1 is in OPEN state, but the datanode c3a3cb61-beea-4a1a-8639-85f6e846679d{ip: 192.168.164.233, host: pr-hdds-2327-vtdmt-1103746116, networkLocation: /default-rack, certSerialId: null} reports an CLOSED replica.
2019-10-18 14:33:54,937 [EventQueue-ContainerReportForContainerReportHandler] WARN  container.ContainerReportHandler (AbstractContainerReportHandler.java:updateContainerState(145)) - Container #1 is in OPEN state, but the datanode c3a3cb61-beea-4a1a-8639-85f6e846679d{ip: 192.168.164.233, host: pr-hdds-2327-vtdmt-1103746116, networkLocation: /default-rack, certSerialId: null} reports an CLOSED replica.
2019-10-18 14:33:54,938 [EventQueue-ContainerReportForContainerReportHandler] WARN  container.ContainerReportHandler (AbstractContainerReportHandler.java:updateContainerState(145)) - Container #1 is in OPEN state, but the datanode 07da283f-72b3-4610-abc1-72d23674d905{ip: 192.168.164.233, host: pr-hdds-2327-vtdmt-1103746116, networkLocation: /default-rack, certSerialId: null} reports an CLOSED replica.
2019-10-18 14:33:55,239 [EventQueue-ContainerReportForContainerReportHandler] WARN  container.ContainerReportHandler (AbstractContainerReportHandler.java:updateContainerState(145)) - Container #1 is in OPEN state, but the datanode c3a3cb61-beea-4a1a-8639-85f6e846679d{ip: 192.168.164.233, host: pr-hdds-2327-vtdmt-1103746116, networkLocation: /default-rack, certSerialId: null} reports an CLOSED replica.
2019-10-18 14:33:55,338 [EventQueue-ContainerReportForContainerReportHandler] WARN  container.ContainerReportHandler (AbstractContainerReportHandler.java:updateContainerState(145)) - Container #1 is in OPEN state, but the datanode 07da283f-72b3-4610-abc1-72d23674d905{ip: 192.168.164.233, host: pr-hdds-2327-vtdmt-1103746116, networkLocation: /default-rack, certSerialId: null} reports an CLOSED replica.
2019-10-18 14:33:55,372 [BlockDeletingService#2] WARN  background.BlockDeletingService (BlockDeletingService.java:isDeletionAllowed(187)) - Close Container log Index 6 is not replicated across allthe servers in the pipeline 1b899901-10f6-4f6e-b1b6-50f79935bc6a as the min replicated index is 4. Deletion is not allowed in this container yet.
2019-10-18 14:33:55,372 [BlockDeletingService#2] WARN  background.BlockDeletingService (BlockDeletingService.java:isDeletionAllowed(187)) - Close Container log Index 6 is not replicated across allthe servers in the pipeline 1b899901-10f6-4f6e-b1b6-50f79935bc6a as the min replicated index is 4. Deletion is not allowed in this container yet.
2019-10-18 14:33:55,373 [java.util.concurrent.ThreadPoolExecutor$Worker@37af0650[State = -1, empty queue]] WARN  server.GrpcLogAppender (GrpcLogAppender.java:timeoutAppendRequest(209)) - 07da283f-72b3-4610-abc1-72d23674d905@group-50F79935BC6A->c5b86445-9c87-4edb-b176-8eaf015b94aa-GrpcLogAppender: appendEntries Timeout, request=07da283f-72b3-4610-abc1-72d23674d905->c5b86445-9c87-4edb-b176-8eaf015b94aa#34-t2, previous=(t:2, i:10), leaderCommit=10, initializing? false, entries: <empty>
2019-10-18 14:33:55,438 [EventQueue-ContainerReportForContainerReportHandler] WARN  container.ContainerReportHandler (AbstractContainerReportHandler.java:updateContainerState(145)) - Container #1 is in OPEN state, but the datanode c3a3cb61-beea-4a1a-8639-85f6e846679d{ip: 192.168.164.233, host: pr-hdds-2327-vtdmt-1103746116, networkLocation: /default-rack, certSerialId: null} reports an CLOSED replica.
2019-10-18 14:33:55,638 [EventQueue-ContainerReportForContainerReportHandler] WARN  container.ContainerReportHandler (AbstractContainerReportHandler.java:updateContainerState(145)) - Container #1 is in OPEN state, but the datanode 07da283f-72b3-4610-abc1-72d23674d905{ip: 192.168.164.233, host: pr-hdds-2327-vtdmt-1103746116, networkLocation: /default-rack, certSerialId: null} reports an CLOSED replica.
2019-10-18 14:33:55,738 [EventQueue-ContainerReportForContainerReportHandler] WARN  container.ContainerReportHandler (AbstractContainerReportHandler.java:updateContainerState(145)) - Container #1 is in OPEN state, but the datanode c3a3cb61-beea-4a1a-8639-85f6e846679d{ip: 192.168.164.233, host: pr-hdds-2327-vtdmt-1103746116, networkLocation: /default-rack, certSerialId: null} reports an CLOSED replica.
2019-10-18 14:33:56,037 [EventQueue-ContainerReportForContainerReportHandler] WARN  container.ContainerReportHandler (AbstractContainerReportHandler.java:updateContainerState(145)) - Container #1 is in OPEN state, but the datanode c3a3cb61-beea-4a1a-8639-85f6e846679d{ip: 192.168.164.233, host: pr-hdds-2327-vtdmt-1103746116, networkLocation: /default-rack, certSerialId: null} reports an CLOSED replica.
2019-10-18 14:33:56,038 [EventQueue-ContainerReportForContainerReportHandler] WARN  container.ContainerReportHandler (AbstractContainerReportHandler.java:updateContainerState(145)) - Container #1 is in OPEN state, but the datanode 07da283f-72b3-4610-abc1-72d23674d905{ip: 192.168.164.233, host: pr-hdds-2327-vtdmt-1103746116, networkLocation: /default-rack, certSerialId: null} reports an CLOSED replica.
2019-10-18 14:33:56,337 [EventQueue-ContainerReportForContainerReportHandler] WARN  container.ContainerReportHandler (AbstractContainerReportHandler.java:updateContainerState(145)) - Container #1 is in OPEN state, but the datanode c3a3cb61-beea-4a1a-8639-85f6e846679d{ip: 192.168.164.233, host: pr-hdds-2327-vtdmt-1103746116, networkLocation: /default-rack, certSerialId: null} reports an CLOSED replica.
2019-10-18 14:33:56,373 [BlockDeletingService#2] WARN  background.BlockDeletingService (BlockDeletingService.java:isDeletionAllowed(187)) - Close Container log Index 6 is not replicated across allthe servers in the pipeline 1b899901-10f6-4f6e-b1b6-50f79935bc6a as the min replicated index is 4. Deletion is not allowed in this container yet.
2019-10-18 14:33:56,373 [BlockDeletingService#2] WARN  background.BlockDeletingService (BlockDeletingService.java:isDeletionAllowed(187)) - Close Container log Index 6 is not replicated across allthe servers in the pipeline 1b899901-10f6-4f6e-b1b6-50f79935bc6a as the min replicated index is 4. Deletion is not allowed in this container yet.
2019-10-18 14:33:56,438 [EventQueue-ContainerReportForContainerReportHandler] WARN  container.ContainerReportHandler (AbstractContainerReportHandler.java:updateContainerState(145)) - Container #1 is in OPEN state, but the datanode 07da283f-72b3-4610-abc1-72d23674d905{ip: 192.168.164.233, host: pr-hdds-2327-vtdmt-1103746116, networkLocation: /default-rack, certSerialId: null} reports an CLOSED replica.
2019-10-18 14:33:56,646 [EventQueue-ContainerReportForContainerReportHandler] WARN  container.ContainerReportHandler (AbstractContainerReportHandler.java:updateContainerState(145)) - Container #1 is in OPEN state, but the datanode c3a3cb61-beea-4a1a-8639-85f6e846679d{ip: 192.168.164.233, host: pr-hdds-2327-vtdmt-1103746116, networkLocation: /default-rack, certSerialId: null} reports an CLOSED replica.
2019-10-18 14:33:56,737 [EventQueue-ContainerReportForContainerReportHandler] WARN  container.ContainerReportHandler (AbstractContainerReportHandler.java:updateContainerState(145)) - Container #1 is in OPEN state, but the datanode 07da283f-72b3-4610-abc1-72d23674d905{ip: 192.168.164.233, host: pr-hdds-2327-vtdmt-1103746116, networkLocation: /default-rack, certSerialId: null} reports an CLOSED replica.
2019-10-18 14:33:57,038 [EventQueue-ContainerReportForContainerReportHandler] WARN  container.ContainerReportHandler (AbstractContainerReportHandler.java:updateContainerState(145)) - Container #1 is in OPEN state, but the datanode 07da283f-72b3-4610-abc1-72d23674d905{ip: 192.168.164.233, host: pr-hdds-2327-vtdmt-1103746116, networkLocation: /default-rack, certSerialId: null} reports an CLOSED replica.
2019-10-18 14:33:57,038 [EventQueue-ContainerReportForContainerReportHandler] WARN  container.ContainerReportHandler (AbstractContainerReportHandler.java:updateContainerState(145)) - Container #1 is in OPEN state, but the datanode c3a3cb61-beea-4a1a-8639-85f6e846679d{ip: 192.168.164.233, host: pr-hdds-2327-vtdmt-1103746116, networkLocation: /default-rack, certSerialId: null} reports an CLOSED replica.
2019-10-18 14:33:57,338 [EventQueue-ContainerReportForContainerReportHandler] WARN  container.ContainerReportHandler (AbstractContainerReportHandler.java:updateContainerState(145)) - Container #1 is in OPEN state, but the datanode 07da283f-72b3-4610-abc1-72d23674d905{ip: 192.168.164.233, host: pr-hdds-2327-vtdmt-1103746116, networkLocation: /default-rack, certSerialId: null} reports an CLOSED replica.
2019-10-18 14:33:57,338 [EventQueue-ContainerReportForContainerReportHandler] WARN  container.ContainerReportHandler (AbstractContainerReportHandler.java:updateContainerState(145)) - Container #1 is in OPEN state, but the datanode c3a3cb61-beea-4a1a-8639-85f6e846679d{ip: 192.168.164.233, host: pr-hdds-2327-vtdmt-1103746116, networkLocation: /default-rack, certSerialId: null} reports an CLOSED replica.
2019-10-18 14:33:57,375 [BlockDeletingService#2] WARN  background.BlockDeletingService (BlockDeletingService.java:isDeletionAllowed(187)) - Close Container log Index 6 is not replicated across allthe servers in the pipeline 1b899901-10f6-4f6e-b1b6-50f79935bc6a as the min replicated index is 4. Deletion is not allowed in this container yet.
2019-10-18 14:33:57,375 [BlockDeletingService#2] WARN  background.BlockDeletingService (BlockDeletingService.java:isDeletionAllowed(187)) - Close Container log Index 6 is not replicated across allthe servers in the pipeline 1b899901-10f6-4f6e-b1b6-50f79935bc6a as the min replicated index is 4. Deletion is not allowed in this container yet.
2019-10-18 14:33:57,638 [EventQueue-ContainerReportForContainerReportHandler] WARN  container.ContainerReportHandler (AbstractContainerReportHandler.java:updateContainerState(145)) - Container #1 is in OPEN state, but the datanode c3a3cb61-beea-4a1a-8639-85f6e846679d{ip: 192.168.164.233, host: pr-hdds-2327-vtdmt-1103746116, networkLocation: /default-rack, certSerialId: null} reports an CLOSED replica.
2019-10-18 14:33:57,738 [EventQueue-ContainerReportForContainerReportHandler] WARN  container.ContainerReportHandler (AbstractContainerReportHandler.java:updateContainerState(145)) - Container #1 is in OPEN state, but the datanode 07da283f-72b3-4610-abc1-72d23674d905{ip: 192.168.164.233, host: pr-hdds-2327-vtdmt-1103746116, networkLocation: /default-rack, certSerialId: null} reports an CLOSED replica.
2019-10-18 14:33:57,840 [EventQueue-ContainerReportForContainerReportHandler] WARN  container.ContainerReportHandler (AbstractContainerReportHandler.java:updateContainerState(145)) - Container #1 is in OPEN state, but the datanode c3a3cb61-beea-4a1a-8639-85f6e846679d{ip: 192.168.164.233, host: pr-hdds-2327-vtdmt-1103746116, networkLocation: /default-rack, certSerialId: null} reports an CLOSED replica.
2019-10-18 14:33:57,874 [java.util.concurrent.ThreadPoolExecutor$Worker@37af0650[State = -1, empty queue]] WARN  server.GrpcLogAppender (GrpcLogAppender.java:timeoutAppendRequest(209)) - 07da283f-72b3-4610-abc1-72d23674d905@group-50F79935BC6A->c5b86445-9c87-4edb-b176-8eaf015b94aa-GrpcLogAppender: appendEntries Timeout, request=07da283f-72b3-4610-abc1-72d23674d905->c5b86445-9c87-4edb-b176-8eaf015b94aa#35-t2, previous=(t:2, i:10), leaderCommit=10, initializing? false, entries: <empty>
2019-10-18 14:33:57,937 [EventQueue-ContainerReportForContainerReportHandler] WARN  container.ContainerReportHandler (AbstractContainerReportHandler.java:updateContainerState(145)) - Container #1 is in OPEN state, but the datanode 07da283f-72b3-4610-abc1-72d23674d905{ip: 192.168.164.233, host: pr-hdds-2327-vtdmt-1103746116, networkLocation: /default-rack, certSerialId: null} reports an CLOSED replica.
2019-10-18 14:33:57,987 [Thread-401] INFO  client.GrpcClientProtocolService (GrpcClientProtocolService.java:lambda$processClientRequest$0(278)) - Failed RaftClientRequest:client-D4B6A76FA5A7->c3a3cb61-beea-4a1a-8639-85f6e846679d@group-50F79935BC6A, cid=10, seq=0, Watch-ALL_COMMITTED(6), Message:<EMPTY>, reply=RaftClientReply:client-D4B6A76FA5A7->c3a3cb61-beea-4a1a-8639-85f6e846679d@group-50F79935BC6A, cid=10, FAILED org.apache.ratis.protocol.NotLeaderException: Server c3a3cb61-beea-4a1a-8639-85f6e846679d@group-50F79935BC6A is not the leader 07da283f-72b3-4610-abc1-72d23674d905:192.168.164.233:38130, logIndex=0, commits[c3a3cb61-beea-4a1a-8639-85f6e846679d:c10, 07da283f-72b3-4610-abc1-72d23674d905:c10, c5b86445-9c87-4edb-b176-8eaf015b94aa:c4]
2019-10-18 14:33:58,138 [EventQueue-ContainerReportForContainerReportHandler] WARN  container.ContainerReportHandler (AbstractContainerReportHandler.java:updateContainerState(145)) - Container #1 is in OPEN state, but the datanode 07da283f-72b3-4610-abc1-72d23674d905{ip: 192.168.164.233, host: pr-hdds-2327-vtdmt-1103746116, networkLocation: /default-rack, certSerialId: null} reports an CLOSED replica.
2019-10-18 14:33:58,139 [EventQueue-ContainerReportForContainerReportHandler] WARN  container.ContainerReportHandler (AbstractContainerReportHandler.java:updateContainerState(145)) - Container #1 is in OPEN state, but the datanode c3a3cb61-beea-4a1a-8639-85f6e846679d{ip: 192.168.164.233, host: pr-hdds-2327-vtdmt-1103746116, networkLocation: /default-rack, certSerialId: null} reports an CLOSED replica.
2019-10-18 14:33:58,376 [BlockDeletingService#2] WARN  background.BlockDeletingService (BlockDeletingService.java:isDeletionAllowed(187)) - Close Container log Index 6 is not replicated across allthe servers in the pipeline 1b899901-10f6-4f6e-b1b6-50f79935bc6a as the min replicated index is 4. Deletion is not allowed in this container yet.
2019-10-18 14:33:58,376 [BlockDeletingService#2] WARN  background.BlockDeletingService (BlockDeletingService.java:isDeletionAllowed(187)) - Close Container log Index 6 is not replicated across allthe servers in the pipeline 1b899901-10f6-4f6e-b1b6-50f79935bc6a as the min replicated index is 4. Deletion is not allowed in this container yet.
2019-10-18 14:33:58,438 [EventQueue-ContainerReportForContainerReportHandler] WARN  container.ContainerReportHandler (AbstractContainerReportHandler.java:updateContainerState(145)) - Container #1 is in OPEN state, but the datanode 07da283f-72b3-4610-abc1-72d23674d905{ip: 192.168.164.233, host: pr-hdds-2327-vtdmt-1103746116, networkLocation: /default-rack, certSerialId: null} reports an CLOSED replica.
2019-10-18 14:33:58,439 [EventQueue-ContainerReportForContainerReportHandler] WARN  container.ContainerReportHandler (AbstractContainerReportHandler.java:updateContainerState(145)) - Container #1 is in OPEN state, but the datanode c3a3cb61-beea-4a1a-8639-85f6e846679d{ip: 192.168.164.233, host: pr-hdds-2327-vtdmt-1103746116, networkLocation: /default-rack, certSerialId: null} reports an CLOSED replica.
2019-10-18 14:33:58,639 [EventQueue-ContainerReportForContainerReportHandler] WARN  container.ContainerReportHandler (AbstractContainerReportHandler.java:updateContainerState(145)) - Container #1 is in OPEN state, but the datanode 07da283f-72b3-4610-abc1-72d23674d905{ip: 192.168.164.233, host: pr-hdds-2327-vtdmt-1103746116, networkLocation: /default-rack, certSerialId: null} reports an CLOSED replica.
2019-10-18 14:33:58,640 [EventQueue-ContainerReportForContainerReportHandler] WARN  container.ContainerReportHandler (AbstractContainerReportHandler.java:updateContainerState(145)) - Container #1 is in OPEN state, but the datanode c3a3cb61-beea-4a1a-8639-85f6e846679d{ip: 192.168.164.233, host: pr-hdds-2327-vtdmt-1103746116, networkLocation: /default-rack, certSerialId: null} reports an CLOSED replica.
2019-10-18 14:33:58,682 [Thread-406] INFO  client.GrpcClientProtocolService (GrpcClientProtocolService.java:lambda$processClientRequest$0(278)) - Failed RaftClientRequest:client-D4B6A76FA5A7->07da283f-72b3-4610-abc1-72d23674d905@group-50F79935BC6A, cid=10, seq=0, Watch-ALL_COMMITTED(6), Message:<EMPTY>, reply=RaftClientReply:client-D4B6A76FA5A7->07da283f-72b3-4610-abc1-72d23674d905@group-50F79935BC6A, cid=10, FAILED org.apache.ratis.protocol.NotReplicatedException: Request with call Id 10 and log index 6 is not yet replicated to ALL_COMMITTED, logIndex=6, commits[07da283f-72b3-4610-abc1-72d23674d905:c10, c3a3cb61-beea-4a1a-8639-85f6e846679d:c10, c5b86445-9c87-4edb-b176-8eaf015b94aa:c4]
2019-10-18 14:33:58,940 [EventQueue-ContainerReportForContainerReportHandler] WARN  container.ContainerReportHandler (AbstractContainerReportHandler.java:updateContainerState(145)) - Container #1 is in OPEN state, but the datanode c3a3cb61-beea-4a1a-8639-85f6e846679d{ip: 192.168.164.233, host: pr-hdds-2327-vtdmt-1103746116, networkLocation: /default-rack, certSerialId: null} reports an CLOSED replica.
2019-10-18 14:33:59,039 [EventQueue-ContainerReportForContainerReportHandler] WARN  container.ContainerReportHandler (AbstractContainerReportHandler.java:updateContainerState(145)) - Container #1 is in OPEN state, but the datanode 07da283f-72b3-4610-abc1-72d23674d905{ip: 192.168.164.233, host: pr-hdds-2327-vtdmt-1103746116, networkLocation: /default-rack, certSerialId: null} reports an CLOSED replica.
2019-10-18 14:33:59,239 [EventQueue-ContainerReportForContainerReportHandler] WARN  container.ContainerReportHandler (AbstractContainerReportHandler.java:updateContainerState(145)) - Container #1 is in OPEN state, but the datanode 07da283f-72b3-4610-abc1-72d23674d905{ip: 192.168.164.233, host: pr-hdds-2327-vtdmt-1103746116, networkLocation: /default-rack, certSerialId: null} reports an CLOSED replica.
2019-10-18 14:33:59,240 [EventQueue-ContainerReportForContainerReportHandler] WARN  container.ContainerReportHandler (AbstractContainerReportHandler.java:updateContainerState(145)) - Container #1 is in OPEN state, but the datanode c3a3cb61-beea-4a1a-8639-85f6e846679d{ip: 192.168.164.233, host: pr-hdds-2327-vtdmt-1103746116, networkLocation: /default-rack, certSerialId: null} reports an CLOSED replica.
2019-10-18 14:33:59,378 [BlockDeletingService#2] WARN  background.BlockDeletingService (BlockDeletingService.java:isDeletionAllowed(187)) - Close Container log Index 6 is not replicated across allthe servers in the pipeline 1b899901-10f6-4f6e-b1b6-50f79935bc6a as the min replicated index is 4. Deletion is not allowed in this container yet.
2019-10-18 14:33:59,378 [BlockDeletingService#2] WARN  background.BlockDeletingService (BlockDeletingService.java:isDeletionAllowed(187)) - Close Container log Index 6 is not replicated across allthe servers in the pipeline 1b899901-10f6-4f6e-b1b6-50f79935bc6a as the min replicated index is 4. Deletion is not allowed in this container yet.
2019-10-18 14:33:59,440 [EventQueue-ContainerReportForContainerReportHandler] WARN  container.ContainerReportHandler (AbstractContainerReportHandler.java:updateContainerState(145)) - Container #1 is in OPEN state, but the datanode c3a3cb61-beea-4a1a-8639-85f6e846679d{ip: 192.168.164.233, host: pr-hdds-2327-vtdmt-1103746116, networkLocation: /default-rack, certSerialId: null} reports an CLOSED replica.
2019-10-18 14:33:59,538 [EventQueue-ContainerReportForContainerReportHandler] WARN  container.ContainerReportHandler (AbstractContainerReportHandler.java:updateContainerState(145)) - Container #1 is in OPEN state, but the datanode 07da283f-72b3-4610-abc1-72d23674d905{ip: 192.168.164.233, host: pr-hdds-2327-vtdmt-1103746116, networkLocation: /default-rack, certSerialId: null} reports an CLOSED replica.
2019-10-18 14:33:59,640 [EventQueue-ContainerReportForContainerReportHandler] WARN  container.ContainerReportHandler (AbstractContainerReportHandler.java:updateContainerState(145)) - Container #1 is in OPEN state, but the datanode c3a3cb61-beea-4a1a-8639-85f6e846679d{ip: 192.168.164.233, host: pr-hdds-2327-vtdmt-1103746116, networkLocation: /default-rack, certSerialId: null} reports an CLOSED replica.
2019-10-18 14:33:59,838 [EventQueue-ContainerReportForContainerReportHandler] WARN  container.ContainerReportHandler (AbstractContainerReportHandler.java:updateContainerState(145)) - Container #1 is in OPEN state, but the datanode 07da283f-72b3-4610-abc1-72d23674d905{ip: 192.168.164.233, host: pr-hdds-2327-vtdmt-1103746116, networkLocation: /default-rack, certSerialId: null} reports an CLOSED replica.
2019-10-18 14:34:00,039 [EventQueue-ContainerReportForContainerReportHandler] WARN  container.ContainerReportHandler (AbstractContainerReportHandler.java:updateContainerState(145)) - Container #1 is in OPEN state, but the datanode 07da283f-72b3-4610-abc1-72d23674d905{ip: 192.168.164.233, host: pr-hdds-2327-vtdmt-1103746116, networkLocation: /default-rack, certSerialId: null} reports an CLOSED replica.
2019-10-18 14:34:00,041 [EventQueue-ContainerReportForContainerReportHandler] WARN  container.ContainerReportHandler (AbstractContainerReportHandler.java:updateContainerState(145)) - Container #1 is in OPEN state, but the datanode c3a3cb61-beea-4a1a-8639-85f6e846679d{ip: 192.168.164.233, host: pr-hdds-2327-vtdmt-1103746116, networkLocation: /default-rack, certSerialId: null} reports an CLOSED replica.
2019-10-18 14:34:00,243 [EventQueue-ContainerReportForContainerReportHandler] WARN  container.ContainerReportHandler (AbstractContainerReportHandler.java:updateContainerState(145)) - Container #1 is in OPEN state, but the datanode c3a3cb61-beea-4a1a-8639-85f6e846679d{ip: 192.168.164.233, host: pr-hdds-2327-vtdmt-1103746116, networkLocation: /default-rack, certSerialId: null} reports an CLOSED replica.
2019-10-18 14:34:00,375 [java.util.concurrent.ThreadPoolExecutor$Worker@37af0650[State = -1, empty queue]] WARN  server.GrpcLogAppender (GrpcLogAppender.java:timeoutAppendRequest(209)) - 07da283f-72b3-4610-abc1-72d23674d905@group-50F79935BC6A->c5b86445-9c87-4edb-b176-8eaf015b94aa-GrpcLogAppender: appendEntries Timeout, request=07da283f-72b3-4610-abc1-72d23674d905->c5b86445-9c87-4edb-b176-8eaf015b94aa#36-t2, previous=(t:2, i:10), leaderCommit=10, initializing? false, entries: <empty>
2019-10-18 14:34:00,383 [BlockDeletingService#2] WARN  background.BlockDeletingService (BlockDeletingService.java:isDeletionAllowed(187)) - Close Container log Index 6 is not replicated across allthe servers in the pipeline 1b899901-10f6-4f6e-b1b6-50f79935bc6a as the min replicated index is 4. Deletion is not allowed in this container yet.
2019-10-18 14:34:00,383 [BlockDeletingService#2] WARN  background.BlockDeletingService (BlockDeletingService.java:isDeletionAllowed(187)) - Close Container log Index 6 is not replicated across allthe servers in the pipeline 1b899901-10f6-4f6e-b1b6-50f79935bc6a as the min replicated index is 4. Deletion is not allowed in this container yet.
2019-10-18 14:34:00,439 [EventQueue-ContainerReportForContainerReportHandler] WARN  container.ContainerReportHandler (AbstractContainerReportHandler.java:updateContainerState(145)) - Container #1 is in OPEN state, but the datanode 07da283f-72b3-4610-abc1-72d23674d905{ip: 192.168.164.233, host: pr-hdds-2327-vtdmt-1103746116, networkLocation: /default-rack, certSerialId: null} reports an CLOSED replica.
2019-10-18 14:34:00,442 [EventQueue-ContainerReportForContainerReportHandler] WARN  container.ContainerReportHandler (AbstractContainerReportHandler.java:updateContainerState(145)) - Container #1 is in OPEN state, but the datanode c3a3cb61-beea-4a1a-8639-85f6e846679d{ip: 192.168.164.233, host: pr-hdds-2327-vtdmt-1103746116, networkLocation: /default-rack, certSerialId: null} reports an CLOSED replica.
2019-10-18 14:34:00,640 [EventQueue-ContainerReportForContainerReportHandler] WARN  container.ContainerReportHandler (AbstractContainerReportHandler.java:updateContainerState(145)) - Container #1 is in OPEN state, but the datanode 07da283f-72b3-4610-abc1-72d23674d905{ip: 192.168.164.233, host: pr-hdds-2327-vtdmt-1103746116, networkLocation: /default-rack, certSerialId: null} reports an CLOSED replica.
2019-10-18 14:34:00,843 [EventQueue-ContainerReportForContainerReportHandler] WARN  container.ContainerReportHandler (AbstractContainerReportHandler.java:updateContainerState(145)) - Container #1 is in OPEN state, but the datanode c3a3cb61-beea-4a1a-8639-85f6e846679d{ip: 192.168.164.233, host: pr-hdds-2327-vtdmt-1103746116, networkLocation: /default-rack, certSerialId: null} reports an CLOSED replica.
2019-10-18 14:34:01,041 [EventQueue-ContainerReportForContainerReportHandler] WARN  container.ContainerReportHandler (AbstractContainerReportHandler.java:updateContainerState(145)) - Container #1 is in OPEN state, but the datanode 07da283f-72b3-4610-abc1-72d23674d905{ip: 192.168.164.233, host: pr-hdds-2327-vtdmt-1103746116, networkLocation: /default-rack, certSerialId: null} reports an CLOSED replica.
2019-10-18 14:34:01,144 [EventQueue-ContainerReportForContainerReportHandler] WARN  container.ContainerReportHandler (AbstractContainerReportHandler.java:updateContainerState(145)) - Container #1 is in OPEN state, but the datanode c3a3cb61-beea-4a1a-8639-85f6e846679d{ip: 192.168.164.233, host: pr-hdds-2327-vtdmt-1103746116, networkLocation: /default-rack, certSerialId: null} reports an CLOSED replica.
2019-10-18 14:34:01,343 [EventQueue-ContainerReportForContainerReportHandler] WARN  container.ContainerReportHandler (AbstractContainerReportHandler.java:updateContainerState(145)) - Container #1 is in OPEN state, but the datanode c3a3cb61-beea-4a1a-8639-85f6e846679d{ip: 192.168.164.233, host: pr-hdds-2327-vtdmt-1103746116, networkLocation: /default-rack, certSerialId: null} reports an CLOSED replica.
2019-10-18 14:34:01,384 [BlockDeletingService#2] WARN  background.BlockDeletingService (BlockDeletingService.java:isDeletionAllowed(187)) - Close Container log Index 6 is not replicated across allthe servers in the pipeline 1b899901-10f6-4f6e-b1b6-50f79935bc6a as the min replicated index is 4. Deletion is not allowed in this container yet.
2019-10-18 14:34:01,384 [BlockDeletingService#2] WARN  background.BlockDeletingService (BlockDeletingService.java:isDeletionAllowed(187)) - Close Container log Index 6 is not replicated across allthe servers in the pipeline 1b899901-10f6-4f6e-b1b6-50f79935bc6a as the min replicated index is 4. Deletion is not allowed in this container yet.
2019-10-18 14:34:01,444 [EventQueue-ContainerReportForContainerReportHandler] WARN  container.ContainerReportHandler (AbstractContainerReportHandler.java:updateContainerState(145)) - Container #1 is in OPEN state, but the datanode 07da283f-72b3-4610-abc1-72d23674d905{ip: 192.168.164.233, host: pr-hdds-2327-vtdmt-1103746116, networkLocation: /default-rack, certSerialId: null} reports an CLOSED replica.
2019-10-18 14:34:01,644 [EventQueue-ContainerReportForContainerReportHandler] WARN  container.ContainerReportHandler (AbstractContainerReportHandler.java:updateContainerState(145)) - Container #1 is in OPEN state, but the datanode c3a3cb61-beea-4a1a-8639-85f6e846679d{ip: 192.168.164.233, host: pr-hdds-2327-vtdmt-1103746116, networkLocation: /default-rack, certSerialId: null} reports an CLOSED replica.
2019-10-18 14:34:01,744 [EventQueue-ContainerReportForContainerReportHandler] WARN  container.ContainerReportHandler (AbstractContainerReportHandler.java:updateContainerState(145)) - Container #1 is in OPEN state, but the datanode 07da283f-72b3-4610-abc1-72d23674d905{ip: 192.168.164.233, host: pr-hdds-2327-vtdmt-1103746116, networkLocation: /default-rack, certSerialId: null} reports an CLOSED replica.
2019-10-18 14:34:01,944 [EventQueue-ContainerReportForContainerReportHandler] WARN  container.ContainerReportHandler (AbstractContainerReportHandler.java:updateContainerState(145)) - Container #1 is in OPEN state, but the datanode c3a3cb61-beea-4a1a-8639-85f6e846679d{ip: 192.168.164.233, host: pr-hdds-2327-vtdmt-1103746116, networkLocation: /default-rack, certSerialId: null} reports an CLOSED replica.
2019-10-18 14:34:02,044 [EventQueue-ContainerReportForContainerReportHandler] WARN  container.ContainerReportHandler (AbstractContainerReportHandler.java:updateContainerState(145)) - Container #1 is in OPEN state, but the datanode 07da283f-72b3-4610-abc1-72d23674d905{ip: 192.168.164.233, host: pr-hdds-2327-vtdmt-1103746116, networkLocation: /default-rack, certSerialId: null} reports an CLOSED replica.
2019-10-18 14:34:02,143 [EventQueue-ContainerReportForContainerReportHandler] WARN  container.ContainerReportHandler (AbstractContainerReportHandler.java:updateContainerState(145)) - Container #1 is in OPEN state, but the datanode c3a3cb61-beea-4a1a-8639-85f6e846679d{ip: 192.168.164.233, host: pr-hdds-2327-vtdmt-1103746116, networkLocation: /default-rack, certSerialId: null} reports an CLOSED replica.
2019-10-18 14:34:02,245 [EventQueue-ContainerReportForContainerReportHandler] WARN  container.ContainerReportHandler (AbstractContainerReportHandler.java:updateContainerState(145)) - Container #1 is in OPEN state, but the datanode 07da283f-72b3-4610-abc1-72d23674d905{ip: 192.168.164.233, host: pr-hdds-2327-vtdmt-1103746116, networkLocation: /default-rack, certSerialId: null} reports an CLOSED replica.
2019-10-18 14:34:02,343 [EventQueue-ContainerReportForContainerReportHandler] WARN  container.ContainerReportHandler (AbstractContainerReportHandler.java:updateContainerState(145)) - Container #1 is in OPEN state, but the datanode c3a3cb61-beea-4a1a-8639-85f6e846679d{ip: 192.168.164.233, host: pr-hdds-2327-vtdmt-1103746116, networkLocation: /default-rack, certSerialId: null} reports an CLOSED replica.
2019-10-18 14:34:02,385 [BlockDeletingService#2] WARN  background.BlockDeletingService (BlockDeletingService.java:isDeletionAllowed(187)) - Close Container log Index 6 is not replicated across allthe servers in the pipeline 1b899901-10f6-4f6e-b1b6-50f79935bc6a as the min replicated index is 4. Deletion is not allowed in this container yet.
2019-10-18 14:34:02,385 [BlockDeletingService#2] WARN  background.BlockDeletingService (BlockDeletingService.java:isDeletionAllowed(187)) - Close Container log Index 6 is not replicated across allthe servers in the pipeline 1b899901-10f6-4f6e-b1b6-50f79935bc6a as the min replicated index is 4. Deletion is not allowed in this container yet.
2019-10-18 14:34:02,543 [EventQueue-ContainerReportForContainerReportHandler] WARN  container.ContainerReportHandler (AbstractContainerReportHandler.java:updateContainerState(145)) - Container #1 is in OPEN state, but the datanode c3a3cb61-beea-4a1a-8639-85f6e846679d{ip: 192.168.164.233, host: pr-hdds-2327-vtdmt-1103746116, networkLocation: /default-rack, certSerialId: null} reports an CLOSED replica.
2019-10-18 14:34:02,644 [EventQueue-ContainerReportForContainerReportHandler] WARN  container.ContainerReportHandler (AbstractContainerReportHandler.java:updateContainerState(145)) - Container #1 is in OPEN state, but the datanode 07da283f-72b3-4610-abc1-72d23674d905{ip: 192.168.164.233, host: pr-hdds-2327-vtdmt-1103746116, networkLocation: /default-rack, certSerialId: null} reports an CLOSED replica.
2019-10-18 14:34:02,875 [java.util.concurrent.ThreadPoolExecutor$Worker@37af0650[State = -1, empty queue]] WARN  server.GrpcLogAppender (GrpcLogAppender.java:timeoutAppendRequest(209)) - 07da283f-72b3-4610-abc1-72d23674d905@group-50F79935BC6A->c5b86445-9c87-4edb-b176-8eaf015b94aa-GrpcLogAppender: appendEntries Timeout, request=07da283f-72b3-4610-abc1-72d23674d905->c5b86445-9c87-4edb-b176-8eaf015b94aa#37-t2, previous=(t:2, i:10), leaderCommit=10, initializing? false, entries: <empty>
2019-10-18 14:34:02,943 [EventQueue-ContainerReportForContainerReportHandler] WARN  container.ContainerReportHandler (AbstractContainerReportHandler.java:updateContainerState(145)) - Container #1 is in OPEN state, but the datanode c3a3cb61-beea-4a1a-8639-85f6e846679d{ip: 192.168.164.233, host: pr-hdds-2327-vtdmt-1103746116, networkLocation: /default-rack, certSerialId: null} reports an CLOSED replica.
2019-10-18 14:34:02,945 [EventQueue-ContainerReportForContainerReportHandler] WARN  container.ContainerReportHandler (AbstractContainerReportHandler.java:updateContainerState(145)) - Container #1 is in OPEN state, but the datanode 07da283f-72b3-4610-abc1-72d23674d905{ip: 192.168.164.233, host: pr-hdds-2327-vtdmt-1103746116, networkLocation: /default-rack, certSerialId: null} reports an CLOSED replica.
2019-10-18 14:34:03,145 [EventQueue-ContainerReportForContainerReportHandler] WARN  container.ContainerReportHandler (AbstractContainerReportHandler.java:updateContainerState(145)) - Container #1 is in OPEN state, but the datanode 07da283f-72b3-4610-abc1-72d23674d905{ip: 192.168.164.233, host: pr-hdds-2327-vtdmt-1103746116, networkLocation: /default-rack, certSerialId: null} reports an CLOSED replica.
2019-10-18 14:34:03,243 [EventQueue-ContainerReportForContainerReportHandler] WARN  container.ContainerReportHandler (AbstractContainerReportHandler.java:updateContainerState(145)) - Container #1 is in OPEN state, but the datanode c3a3cb61-beea-4a1a-8639-85f6e846679d{ip: 192.168.164.233, host: pr-hdds-2327-vtdmt-1103746116, networkLocation: /default-rack, certSerialId: null} reports an CLOSED replica.
2019-10-18 14:34:03,387 [BlockDeletingService#2] WARN  background.BlockDeletingService (BlockDeletingService.java:isDeletionAllowed(187)) - Close Container log Index 6 is not replicated across allthe servers in the pipeline 1b899901-10f6-4f6e-b1b6-50f79935bc6a as the min replicated index is 4. Deletion is not allowed in this container yet.
2019-10-18 14:34:03,387 [BlockDeletingService#2] WARN  background.BlockDeletingService (BlockDeletingService.java:isDeletionAllowed(187)) - Close Container log Index 6 is not replicated across allthe servers in the pipeline 1b899901-10f6-4f6e-b1b6-50f79935bc6a as the min replicated index is 4. Deletion is not allowed in this container yet.
2019-10-18 14:34:03,543 [EventQueue-ContainerReportForContainerReportHandler] WARN  container.ContainerReportHandler (AbstractContainerReportHandler.java:updateContainerState(145)) - Container #1 is in OPEN state, but the datanode c3a3cb61-beea-4a1a-8639-85f6e846679d{ip: 192.168.164.233, host: pr-hdds-2327-vtdmt-1103746116, networkLocation: /default-rack, certSerialId: null} reports an CLOSED replica.
2019-10-18 14:34:03,545 [EventQueue-ContainerReportForContainerReportHandler] WARN  container.ContainerReportHandler (AbstractContainerReportHandler.java:updateContainerState(145)) - Container #1 is in OPEN state, but the datanode 07da283f-72b3-4610-abc1-72d23674d905{ip: 192.168.164.233, host: pr-hdds-2327-vtdmt-1103746116, networkLocation: /default-rack, certSerialId: null} reports an CLOSED replica.
2019-10-18 14:34:03,844 [EventQueue-ContainerReportForContainerReportHandler] WARN  container.ContainerReportHandler (AbstractContainerReportHandler.java:updateContainerState(145)) - Container #1 is in OPEN state, but the datanode c3a3cb61-beea-4a1a-8639-85f6e846679d{ip: 192.168.164.233, host: pr-hdds-2327-vtdmt-1103746116, networkLocation: /default-rack, certSerialId: null} reports an CLOSED replica.
2019-10-18 14:34:03,845 [EventQueue-ContainerReportForContainerReportHandler] WARN  container.ContainerReportHandler (AbstractContainerReportHandler.java:updateContainerState(145)) - Container #1 is in OPEN state, but the datanode 07da283f-72b3-4610-abc1-72d23674d905{ip: 192.168.164.233, host: pr-hdds-2327-vtdmt-1103746116, networkLocation: /default-rack, certSerialId: null} reports an CLOSED replica.
2019-10-18 14:34:04,044 [EventQueue-ContainerReportForContainerReportHandler] WARN  container.ContainerReportHandler (AbstractContainerReportHandler.java:updateContainerState(145)) - Container #1 is in OPEN state, but the datanode c3a3cb61-beea-4a1a-8639-85f6e846679d{ip: 192.168.164.233, host: pr-hdds-2327-vtdmt-1103746116, networkLocation: /default-rack, certSerialId: null} reports an CLOSED replica.
2019-10-18 14:34:04,145 [EventQueue-ContainerReportForContainerReportHandler] WARN  container.ContainerReportHandler (AbstractContainerReportHandler.java:updateContainerState(145)) - Container #1 is in OPEN state, but the datanode 07da283f-72b3-4610-abc1-72d23674d905{ip: 192.168.164.233, host: pr-hdds-2327-vtdmt-1103746116, networkLocation: /default-rack, certSerialId: null} reports an CLOSED replica.
2019-10-18 14:34:04,344 [EventQueue-ContainerReportForContainerReportHandler] WARN  container.ContainerReportHandler (AbstractContainerReportHandler.java:updateContainerState(145)) - Container #1 is in OPEN state, but the datanode c3a3cb61-beea-4a1a-8639-85f6e846679d{ip: 192.168.164.233, host: pr-hdds-2327-vtdmt-1103746116, networkLocation: /default-rack, certSerialId: null} reports an CLOSED replica.
2019-10-18 14:34:04,389 [BlockDeletingService#2] WARN  background.BlockDeletingService (BlockDeletingService.java:isDeletionAllowed(187)) - Close Container log Index 6 is not replicated across allthe servers in the pipeline 1b899901-10f6-4f6e-b1b6-50f79935bc6a as the min replicated index is 4. Deletion is not allowed in this container yet.
2019-10-18 14:34:04,390 [BlockDeletingService#2] WARN  background.BlockDeletingService (BlockDeletingService.java:isDeletionAllowed(187)) - Close Container log Index 6 is not replicated across allthe servers in the pipeline 1b899901-10f6-4f6e-b1b6-50f79935bc6a as the min replicated index is 4. Deletion is not allowed in this container yet.
2019-10-18 14:34:04,445 [EventQueue-ContainerReportForContainerReportHandler] WARN  container.ContainerReportHandler (AbstractContainerReportHandler.java:updateContainerState(145)) - Container #1 is in OPEN state, but the datanode 07da283f-72b3-4610-abc1-72d23674d905{ip: 192.168.164.233, host: pr-hdds-2327-vtdmt-1103746116, networkLocation: /default-rack, certSerialId: null} reports an CLOSED replica.
2019-10-18 14:34:04,744 [EventQueue-ContainerReportForContainerReportHandler] WARN  container.ContainerReportHandler (AbstractContainerReportHandler.java:updateContainerState(145)) - Container #1 is in OPEN state, but the datanode c3a3cb61-beea-4a1a-8639-85f6e846679d{ip: 192.168.164.233, host: pr-hdds-2327-vtdmt-1103746116, networkLocation: /default-rack, certSerialId: null} reports an CLOSED replica.
2019-10-18 14:34:04,747 [EventQueue-ContainerReportForContainerReportHandler] WARN  container.ContainerReportHandler (AbstractContainerReportHandler.java:updateContainerState(145)) - Container #1 is in OPEN state, but the datanode 07da283f-72b3-4610-abc1-72d23674d905{ip: 192.168.164.233, host: pr-hdds-2327-vtdmt-1103746116, networkLocation: /default-rack, certSerialId: null} reports an CLOSED replica.
2019-10-18 14:34:04,945 [EventQueue-ContainerReportForContainerReportHandler] WARN  container.ContainerReportHandler (AbstractContainerReportHandler.java:updateContainerState(145)) - Container #1 is in OPEN state, but the datanode c3a3cb61-beea-4a1a-8639-85f6e846679d{ip: 192.168.164.233, host: pr-hdds-2327-vtdmt-1103746116, networkLocation: /default-rack, certSerialId: null} reports an CLOSED replica.
2019-10-18 14:34:05,046 [EventQueue-ContainerReportForContainerReportHandler] WARN  container.ContainerReportHandler (AbstractContainerReportHandler.java:updateContainerState(145)) - Container #1 is in OPEN state, but the datanode 07da283f-72b3-4610-abc1-72d23674d905{ip: 192.168.164.233, host: pr-hdds-2327-vtdmt-1103746116, networkLocation: /default-rack, certSerialId: null} reports an CLOSED replica.
2019-10-18 14:34:05,244 [EventQueue-ContainerReportForContainerReportHandler] WARN  container.ContainerReportHandler (AbstractContainerReportHandler.java:updateContainerState(145)) - Container #1 is in OPEN state, but the datanode c3a3cb61-beea-4a1a-8639-85f6e846679d{ip: 192.168.164.233, host: pr-hdds-2327-vtdmt-1103746116, networkLocation: /default-rack, certSerialId: null} reports an CLOSED replica.
2019-10-18 14:34:05,376 [java.util.concurrent.ThreadPoolExecutor$Worker@37af0650[State = -1, empty queue]] WARN  server.GrpcLogAppender (GrpcLogAppender.java:timeoutAppendRequest(209)) - 07da283f-72b3-4610-abc1-72d23674d905@group-50F79935BC6A->c5b86445-9c87-4edb-b176-8eaf015b94aa-GrpcLogAppender: appendEntries Timeout, request=07da283f-72b3-4610-abc1-72d23674d905->c5b86445-9c87-4edb-b176-8eaf015b94aa#38-t2, previous=(t:2, i:10), leaderCommit=10, initializing? false, entries: <empty>
2019-10-18 14:34:05,391 [BlockDeletingService#2] WARN  background.BlockDeletingService (BlockDeletingService.java:isDeletionAllowed(187)) - Close Container log Index 6 is not replicated across allthe servers in the pipeline 1b899901-10f6-4f6e-b1b6-50f79935bc6a as the min replicated index is 4. Deletion is not allowed in this container yet.
2019-10-18 14:34:05,391 [BlockDeletingService#2] WARN  background.BlockDeletingService (BlockDeletingService.java:isDeletionAllowed(187)) - Close Container log Index 6 is not replicated across allthe servers in the pipeline 1b899901-10f6-4f6e-b1b6-50f79935bc6a as the min replicated index is 4. Deletion is not allowed in this container yet.
2019-10-18 14:34:05,447 [EventQueue-ContainerReportForContainerReportHandler] WARN  container.ContainerReportHandler (AbstractContainerReportHandler.java:updateContainerState(145)) - Container #1 is in OPEN state, but the datanode 07da283f-72b3-4610-abc1-72d23674d905{ip: 192.168.164.233, host: pr-hdds-2327-vtdmt-1103746116, networkLocation: /default-rack, certSerialId: null} reports an CLOSED replica.
2019-10-18 14:34:05,544 [EventQueue-ContainerReportForContainerReportHandler] WARN  container.ContainerReportHandler (AbstractContainerReportHandler.java:updateContainerState(145)) - Container #1 is in OPEN state, but the datanode c3a3cb61-beea-4a1a-8639-85f6e846679d{ip: 192.168.164.233, host: pr-hdds-2327-vtdmt-1103746116, networkLocation: /default-rack, certSerialId: null} reports an CLOSED replica.
2019-10-18 14:34:05,648 [EventQueue-ContainerReportForContainerReportHandler] WARN  container.ContainerReportHandler (AbstractContainerReportHandler.java:updateContainerState(145)) - Container #1 is in OPEN state, but the datanode 07da283f-72b3-4610-abc1-72d23674d905{ip: 192.168.164.233, host: pr-hdds-2327-vtdmt-1103746116, networkLocation: /default-rack, certSerialId: null} reports an CLOSED replica.
2019-10-18 14:34:05,845 [EventQueue-ContainerReportForContainerReportHandler] WARN  container.ContainerReportHandler (AbstractContainerReportHandler.java:updateContainerState(145)) - Container #1 is in OPEN state, but the datanode c3a3cb61-beea-4a1a-8639-85f6e846679d{ip: 192.168.164.233, host: pr-hdds-2327-vtdmt-1103746116, networkLocation: /default-rack, certSerialId: null} reports an CLOSED replica.
2019-10-18 14:34:05,847 [EventQueue-ContainerReportForContainerReportHandler] WARN  container.ContainerReportHandler (AbstractContainerReportHandler.java:updateContainerState(145)) - Container #1 is in OPEN state, but the datanode 07da283f-72b3-4610-abc1-72d23674d905{ip: 192.168.164.233, host: pr-hdds-2327-vtdmt-1103746116, networkLocation: /default-rack, certSerialId: null} reports an CLOSED replica.
2019-10-18 14:34:06,145 [EventQueue-ContainerReportForContainerReportHandler] WARN  container.ContainerReportHandler (AbstractContainerReportHandler.java:updateContainerState(145)) - Container #1 is in OPEN state, but the datanode c3a3cb61-beea-4a1a-8639-85f6e846679d{ip: 192.168.164.233, host: pr-hdds-2327-vtdmt-1103746116, networkLocation: /default-rack, certSerialId: null} reports an CLOSED replica.
2019-10-18 14:34:06,148 [EventQueue-ContainerReportForContainerReportHandler] WARN  container.ContainerReportHandler (AbstractContainerReportHandler.java:updateContainerState(145)) - Container #1 is in OPEN state, but the datanode 07da283f-72b3-4610-abc1-72d23674d905{ip: 192.168.164.233, host: pr-hdds-2327-vtdmt-1103746116, networkLocation: /default-rack, certSerialId: null} reports an CLOSED replica.
2019-10-18 14:34:06,348 [EventQueue-ContainerReportForContainerReportHandler] WARN  container.ContainerReportHandler (AbstractContainerReportHandler.java:updateContainerState(145)) - Container #1 is in OPEN state, but the datanode 07da283f-72b3-4610-abc1-72d23674d905{ip: 192.168.164.233, host: pr-hdds-2327-vtdmt-1103746116, networkLocation: /default-rack, certSerialId: null} reports an CLOSED replica.
2019-10-18 14:34:06,392 [BlockDeletingService#2] WARN  background.BlockDeletingService (BlockDeletingService.java:isDeletionAllowed(187)) - Close Container log Index 6 is not replicated across allthe servers in the pipeline 1b899901-10f6-4f6e-b1b6-50f79935bc6a as the min replicated index is 4. Deletion is not allowed in this container yet.
2019-10-18 14:34:06,392 [BlockDeletingService#2] WARN  background.BlockDeletingService (BlockDeletingService.java:isDeletionAllowed(187)) - Close Container log Index 6 is not replicated across allthe servers in the pipeline 1b899901-10f6-4f6e-b1b6-50f79935bc6a as the min replicated index is 4. Deletion is not allowed in this container yet.
2019-10-18 14:34:06,445 [EventQueue-ContainerReportForContainerReportHandler] WARN  container.ContainerReportHandler (AbstractContainerReportHandler.java:updateContainerState(145)) - Container #1 is in OPEN state, but the datanode c3a3cb61-beea-4a1a-8639-85f6e846679d{ip: 192.168.164.233, host: pr-hdds-2327-vtdmt-1103746116, networkLocation: /default-rack, certSerialId: null} reports an CLOSED replica.
2019-10-18 14:34:06,649 [EventQueue-ContainerReportForContainerReportHandler] WARN  container.ContainerReportHandler (AbstractContainerReportHandler.java:updateContainerState(145)) - Container #1 is in OPEN state, but the datanode 07da283f-72b3-4610-abc1-72d23674d905{ip: 192.168.164.233, host: pr-hdds-2327-vtdmt-1103746116, networkLocation: /default-rack, certSerialId: null} reports an CLOSED replica.
2019-10-18 14:34:06,744 [EventQueue-ContainerReportForContainerReportHandler] WARN  container.ContainerReportHandler (AbstractContainerReportHandler.java:updateContainerState(145)) - Container #1 is in OPEN state, but the datanode c3a3cb61-beea-4a1a-8639-85f6e846679d{ip: 192.168.164.233, host: pr-hdds-2327-vtdmt-1103746116, networkLocation: /default-rack, certSerialId: null} reports an CLOSED replica.
2019-10-18 14:34:07,016 [Thread-428] INFO  client.GrpcClientProtocolService (GrpcClientProtocolService.java:lambda$processClientRequest$0(278)) - Failed RaftClientRequest:client-D4B6A76FA5A7->c3a3cb61-beea-4a1a-8639-85f6e846679d@group-50F79935BC6A, cid=10, seq=0, Watch-ALL_COMMITTED(6), Message:<EMPTY>, reply=RaftClientReply:client-D4B6A76FA5A7->c3a3cb61-beea-4a1a-8639-85f6e846679d@group-50F79935BC6A, cid=10, FAILED org.apache.ratis.protocol.NotLeaderException: Server c3a3cb61-beea-4a1a-8639-85f6e846679d@group-50F79935BC6A is not the leader 07da283f-72b3-4610-abc1-72d23674d905:192.168.164.233:38130, logIndex=0, commits[c3a3cb61-beea-4a1a-8639-85f6e846679d:c10, 07da283f-72b3-4610-abc1-72d23674d905:c10, c5b86445-9c87-4edb-b176-8eaf015b94aa:c4]
2019-10-18 14:34:07,044 [EventQueue-ContainerReportForContainerReportHandler] WARN  container.ContainerReportHandler (AbstractContainerReportHandler.java:updateContainerState(145)) - Container #1 is in OPEN state, but the datanode c3a3cb61-beea-4a1a-8639-85f6e846679d{ip: 192.168.164.233, host: pr-hdds-2327-vtdmt-1103746116, networkLocation: /default-rack, certSerialId: null} reports an CLOSED replica.
2019-10-18 14:34:07,049 [EventQueue-ContainerReportForContainerReportHandler] WARN  container.ContainerReportHandler (AbstractContainerReportHandler.java:updateContainerState(145)) - Container #1 is in OPEN state, but the datanode 07da283f-72b3-4610-abc1-72d23674d905{ip: 192.168.164.233, host: pr-hdds-2327-vtdmt-1103746116, networkLocation: /default-rack, certSerialId: null} reports an CLOSED replica.
2019-10-18 14:34:07,346 [EventQueue-ContainerReportForContainerReportHandler] WARN  container.ContainerReportHandler (AbstractContainerReportHandler.java:updateContainerState(145)) - Container #1 is in OPEN state, but the datanode c3a3cb61-beea-4a1a-8639-85f6e846679d{ip: 192.168.164.233, host: pr-hdds-2327-vtdmt-1103746116, networkLocation: /default-rack, certSerialId: null} reports an CLOSED replica.
2019-10-18 14:34:07,350 [EventQueue-ContainerReportForContainerReportHandler] WARN  container.ContainerReportHandler (AbstractContainerReportHandler.java:updateContainerState(145)) - Container #1 is in OPEN state, but the datanode 07da283f-72b3-4610-abc1-72d23674d905{ip: 192.168.164.233, host: pr-hdds-2327-vtdmt-1103746116, networkLocation: /default-rack, certSerialId: null} reports an CLOSED replica.
2019-10-18 14:34:07,393 [BlockDeletingService#2] WARN  background.BlockDeletingService (BlockDeletingService.java:isDeletionAllowed(187)) - Close Container log Index 6 is not replicated across allthe servers in the pipeline 1b899901-10f6-4f6e-b1b6-50f79935bc6a as the min replicated index is 4. Deletion is not allowed in this container yet.
2019-10-18 14:34:07,395 [BlockDeletingService#2] WARN  background.BlockDeletingService (BlockDeletingService.java:isDeletionAllowed(187)) - Close Container log Index 6 is not replicated across allthe servers in the pipeline 1b899901-10f6-4f6e-b1b6-50f79935bc6a as the min replicated index is 4. Deletion is not allowed in this container yet.
2019-10-18 14:34:07,553 [EventQueue-ContainerReportForContainerReportHandler] WARN  container.ContainerReportHandler (AbstractContainerReportHandler.java:updateContainerState(145)) - Container #1 is in OPEN state, but the datanode 07da283f-72b3-4610-abc1-72d23674d905{ip: 192.168.164.233, host: pr-hdds-2327-vtdmt-1103746116, networkLocation: /default-rack, certSerialId: null} reports an CLOSED replica.
2019-10-18 14:34:07,746 [EventQueue-ContainerReportForContainerReportHandler] WARN  container.ContainerReportHandler (AbstractContainerReportHandler.java:updateContainerState(145)) - Container #1 is in OPEN state, but the datanode c3a3cb61-beea-4a1a-8639-85f6e846679d{ip: 192.168.164.233, host: pr-hdds-2327-vtdmt-1103746116, networkLocation: /default-rack, certSerialId: null} reports an CLOSED replica.
2019-10-18 14:34:07,878 [java.util.concurrent.ThreadPoolExecutor$Worker@37af0650[State = -1, empty queue]] WARN  server.GrpcLogAppender (GrpcLogAppender.java:timeoutAppendRequest(209)) - 07da283f-72b3-4610-abc1-72d23674d905@group-50F79935BC6A->c5b86445-9c87-4edb-b176-8eaf015b94aa-GrpcLogAppender: appendEntries Timeout, request=07da283f-72b3-4610-abc1-72d23674d905->c5b86445-9c87-4edb-b176-8eaf015b94aa#39-t2, previous=(t:2, i:10), leaderCommit=10, initializing? false, entries: <empty>
2019-10-18 14:34:07,954 [EventQueue-ContainerReportForContainerReportHandler] WARN  container.ContainerReportHandler (AbstractContainerReportHandler.java:updateContainerState(145)) - Container #1 is in OPEN state, but the datanode 07da283f-72b3-4610-abc1-72d23674d905{ip: 192.168.164.233, host: pr-hdds-2327-vtdmt-1103746116, networkLocation: /default-rack, certSerialId: null} reports an CLOSED replica.
2019-10-18 14:34:08,147 [EventQueue-ContainerReportForContainerReportHandler] WARN  container.ContainerReportHandler (AbstractContainerReportHandler.java:updateContainerState(145)) - Container #1 is in OPEN state, but the datanode c3a3cb61-beea-4a1a-8639-85f6e846679d{ip: 192.168.164.233, host: pr-hdds-2327-vtdmt-1103746116, networkLocation: /default-rack, certSerialId: null} reports an CLOSED replica.
2019-10-18 14:34:08,254 [EventQueue-ContainerReportForContainerReportHandler] WARN  container.ContainerReportHandler (AbstractContainerReportHandler.java:updateContainerState(145)) - Container #1 is in OPEN state, but the datanode 07da283f-72b3-4610-abc1-72d23674d905{ip: 192.168.164.233, host: pr-hdds-2327-vtdmt-1103746116, networkLocation: /default-rack, certSerialId: null} reports an CLOSED replica.
2019-10-18 14:34:08,396 [BlockDeletingService#2] WARN  background.BlockDeletingService (BlockDeletingService.java:isDeletionAllowed(187)) - Close Container log Index 6 is not replicated across allthe servers in the pipeline 1b899901-10f6-4f6e-b1b6-50f79935bc6a as the min replicated index is 4. Deletion is not allowed in this container yet.
2019-10-18 14:34:08,396 [BlockDeletingService#2] WARN  background.BlockDeletingService (BlockDeletingService.java:isDeletionAllowed(187)) - Close Container log Index 6 is not replicated across allthe servers in the pipeline 1b899901-10f6-4f6e-b1b6-50f79935bc6a as the min replicated index is 4. Deletion is not allowed in this container yet.
2019-10-18 14:34:08,454 [EventQueue-ContainerReportForContainerReportHandler] WARN  container.ContainerReportHandler (AbstractContainerReportHandler.java:updateContainerState(145)) - Container #1 is in OPEN state, but the datanode 07da283f-72b3-4610-abc1-72d23674d905{ip: 192.168.164.233, host: pr-hdds-2327-vtdmt-1103746116, networkLocation: /default-rack, certSerialId: null} reports an CLOSED replica.
2019-10-18 14:34:08,547 [EventQueue-ContainerReportForContainerReportHandler] WARN  container.ContainerReportHandler (AbstractContainerReportHandler.java:updateContainerState(145)) - Container #1 is in OPEN state, but the datanode c3a3cb61-beea-4a1a-8639-85f6e846679d{ip: 192.168.164.233, host: pr-hdds-2327-vtdmt-1103746116, networkLocation: /default-rack, certSerialId: null} reports an CLOSED replica.
2019-10-18 14:34:08,682 [Thread-436] INFO  client.GrpcClientProtocolService (GrpcClientProtocolService.java:lambda$processClientRequest$0(278)) - Failed RaftClientRequest:client-D4B6A76FA5A7->07da283f-72b3-4610-abc1-72d23674d905@group-50F79935BC6A, cid=10, seq=0, Watch-ALL_COMMITTED(6), Message:<EMPTY>, reply=RaftClientReply:client-D4B6A76FA5A7->07da283f-72b3-4610-abc1-72d23674d905@group-50F79935BC6A, cid=10, FAILED org.apache.ratis.protocol.NotReplicatedException: Request with call Id 10 and log index 6 is not yet replicated to ALL_COMMITTED, logIndex=6, commits[07da283f-72b3-4610-abc1-72d23674d905:c10, c3a3cb61-beea-4a1a-8639-85f6e846679d:c10, c5b86445-9c87-4edb-b176-8eaf015b94aa:c4]
2019-10-18 14:34:08,754 [EventQueue-ContainerReportForContainerReportHandler] WARN  container.ContainerReportHandler (AbstractContainerReportHandler.java:updateContainerState(145)) - Container #1 is in OPEN state, but the datanode 07da283f-72b3-4610-abc1-72d23674d905{ip: 192.168.164.233, host: pr-hdds-2327-vtdmt-1103746116, networkLocation: /default-rack, certSerialId: null} reports an CLOSED replica.
2019-10-18 14:34:08,948 [EventQueue-ContainerReportForContainerReportHandler] WARN  container.ContainerReportHandler (AbstractContainerReportHandler.java:updateContainerState(145)) - Container #1 is in OPEN state, but the datanode c3a3cb61-beea-4a1a-8639-85f6e846679d{ip: 192.168.164.233, host: pr-hdds-2327-vtdmt-1103746116, networkLocation: /default-rack, certSerialId: null} reports an CLOSED replica.
2019-10-18 14:34:09,053 [EventQueue-ContainerReportForContainerReportHandler] WARN  container.ContainerReportHandler (AbstractContainerReportHandler.java:updateContainerState(145)) - Container #1 is in OPEN state, but the datanode 07da283f-72b3-4610-abc1-72d23674d905{ip: 192.168.164.233, host: pr-hdds-2327-vtdmt-1103746116, networkLocation: /default-rack, certSerialId: null} reports an CLOSED replica.
2019-10-18 14:34:09,148 [EventQueue-ContainerReportForContainerReportHandler] WARN  container.ContainerReportHandler (AbstractContainerReportHandler.java:updateContainerState(145)) - Container #1 is in OPEN state, but the datanode c3a3cb61-beea-4a1a-8639-85f6e846679d{ip: 192.168.164.233, host: pr-hdds-2327-vtdmt-1103746116, networkLocation: /default-rack, certSerialId: null} reports an CLOSED replica.
2019-10-18 14:34:09,353 [EventQueue-ContainerReportForContainerReportHandler] WARN  container.ContainerReportHandler (AbstractContainerReportHandler.java:updateContainerState(145)) - Container #1 is in OPEN state, but the datanode 07da283f-72b3-4610-abc1-72d23674d905{ip: 192.168.164.233, host: pr-hdds-2327-vtdmt-1103746116, networkLocation: /default-rack, certSerialId: null} reports an CLOSED replica.
2019-10-18 14:34:09,399 [BlockDeletingService#2] WARN  background.BlockDeletingService (BlockDeletingService.java:isDeletionAllowed(187)) - Close Container log Index 6 is not replicated across allthe servers in the pipeline 1b899901-10f6-4f6e-b1b6-50f79935bc6a as the min replicated index is 4. Deletion is not allowed in this container yet.
2019-10-18 14:34:09,399 [BlockDeletingService#2] WARN  background.BlockDeletingService (BlockDeletingService.java:isDeletionAllowed(187)) - Close Container log Index 6 is not replicated across allthe servers in the pipeline 1b899901-10f6-4f6e-b1b6-50f79935bc6a as the min replicated index is 4. Deletion is not allowed in this container yet.
2019-10-18 14:34:09,450 [EventQueue-ContainerReportForContainerReportHandler] WARN  container.ContainerReportHandler (AbstractContainerReportHandler.java:updateContainerState(145)) - Container #1 is in OPEN state, but the datanode c3a3cb61-beea-4a1a-8639-85f6e846679d{ip: 192.168.164.233, host: pr-hdds-2327-vtdmt-1103746116, networkLocation: /default-rack, certSerialId: null} reports an CLOSED replica.
2019-10-18 14:34:09,555 [EventQueue-ContainerReportForContainerReportHandler] WARN  container.ContainerReportHandler (AbstractContainerReportHandler.java:updateContainerState(145)) - Container #1 is in OPEN state, but the datanode 07da283f-72b3-4610-abc1-72d23674d905{ip: 192.168.164.233, host: pr-hdds-2327-vtdmt-1103746116, networkLocation: /default-rack, certSerialId: null} reports an CLOSED replica.
2019-10-18 14:34:09,754 [EventQueue-ContainerReportForContainerReportHandler] WARN  container.ContainerReportHandler (AbstractContainerReportHandler.java:updateContainerState(145)) - Container #1 is in OPEN state, but the datanode 07da283f-72b3-4610-abc1-72d23674d905{ip: 192.168.164.233, host: pr-hdds-2327-vtdmt-1103746116, networkLocation: /default-rack, certSerialId: null} reports an CLOSED replica.
2019-10-18 14:34:09,848 [EventQueue-ContainerReportForContainerReportHandler] WARN  container.ContainerReportHandler (AbstractContainerReportHandler.java:updateContainerState(145)) - Container #1 is in OPEN state, but the datanode c3a3cb61-beea-4a1a-8639-85f6e846679d{ip: 192.168.164.233, host: pr-hdds-2327-vtdmt-1103746116, networkLocation: /default-rack, certSerialId: null} reports an CLOSED replica.
2019-10-18 14:34:10,149 [EventQueue-ContainerReportForContainerReportHandler] WARN  container.ContainerReportHandler (AbstractContainerReportHandler.java:updateContainerState(145)) - Container #1 is in OPEN state, but the datanode c3a3cb61-beea-4a1a-8639-85f6e846679d{ip: 192.168.164.233, host: pr-hdds-2327-vtdmt-1103746116, networkLocation: /default-rack, certSerialId: null} reports an CLOSED replica.
2019-10-18 14:34:10,156 [EventQueue-ContainerReportForContainerReportHandler] WARN  container.ContainerReportHandler (AbstractContainerReportHandler.java:updateContainerState(145)) - Container #1 is in OPEN state, but the datanode 07da283f-72b3-4610-abc1-72d23674d905{ip: 192.168.164.233, host: pr-hdds-2327-vtdmt-1103746116, networkLocation: /default-rack, certSerialId: null} reports an CLOSED replica.
2019-10-18 14:34:10,378 [java.util.concurrent.ThreadPoolExecutor$Worker@37af0650[State = -1, empty queue]] WARN  server.GrpcLogAppender (GrpcLogAppender.java:timeoutAppendRequest(209)) - 07da283f-72b3-4610-abc1-72d23674d905@group-50F79935BC6A->c5b86445-9c87-4edb-b176-8eaf015b94aa-GrpcLogAppender: appendEntries Timeout, request=07da283f-72b3-4610-abc1-72d23674d905->c5b86445-9c87-4edb-b176-8eaf015b94aa#40-t2, previous=(t:2, i:10), leaderCommit=10, initializing? false, entries: <empty>
2019-10-18 14:34:10,404 [BlockDeletingService#2] WARN  background.BlockDeletingService (BlockDeletingService.java:isDeletionAllowed(187)) - Close Container log Index 6 is not replicated across allthe servers in the pipeline 1b899901-10f6-4f6e-b1b6-50f79935bc6a as the min replicated index is 4. Deletion is not allowed in this container yet.
2019-10-18 14:34:10,404 [BlockDeletingService#2] WARN  background.BlockDeletingService (BlockDeletingService.java:isDeletionAllowed(187)) - Close Container log Index 6 is not replicated across allthe servers in the pipeline 1b899901-10f6-4f6e-b1b6-50f79935bc6a as the min replicated index is 4. Deletion is not allowed in this container yet.
2019-10-18 14:34:10,549 [EventQueue-ContainerReportForContainerReportHandler] WARN  container.ContainerReportHandler (AbstractContainerReportHandler.java:updateContainerState(145)) - Container #1 is in OPEN state, but the datanode c3a3cb61-beea-4a1a-8639-85f6e846679d{ip: 192.168.164.233, host: pr-hdds-2327-vtdmt-1103746116, networkLocation: /default-rack, certSerialId: null} reports an CLOSED replica.
2019-10-18 14:34:10,556 [EventQueue-ContainerReportForContainerReportHandler] WARN  container.ContainerReportHandler (AbstractContainerReportHandler.java:updateContainerState(145)) - Container #1 is in OPEN state, but the datanode 07da283f-72b3-4610-abc1-72d23674d905{ip: 192.168.164.233, host: pr-hdds-2327-vtdmt-1103746116, networkLocation: /default-rack, certSerialId: null} reports an CLOSED replica.
2019-10-18 14:34:10,849 [EventQueue-ContainerReportForContainerReportHandler] WARN  container.ContainerReportHandler (AbstractContainerReportHandler.java:updateContainerState(145)) - Container #1 is in OPEN state, but the datanode c3a3cb61-beea-4a1a-8639-85f6e846679d{ip: 192.168.164.233, host: pr-hdds-2327-vtdmt-1103746116, networkLocation: /default-rack, certSerialId: null} reports an CLOSED replica.
2019-10-18 14:34:10,857 [EventQueue-ContainerReportForContainerReportHandler] WARN  container.ContainerReportHandler (AbstractContainerReportHandler.java:updateContainerState(145)) - Container #1 is in OPEN state, but the datanode 07da283f-72b3-4610-abc1-72d23674d905{ip: 192.168.164.233, host: pr-hdds-2327-vtdmt-1103746116, networkLocation: /default-rack, certSerialId: null} reports an CLOSED replica.
2019-10-18 14:34:11,249 [EventQueue-ContainerReportForContainerReportHandler] WARN  container.ContainerReportHandler (AbstractContainerReportHandler.java:updateContainerState(145)) - Container #1 is in OPEN state, but the datanode c3a3cb61-beea-4a1a-8639-85f6e846679d{ip: 192.168.164.233, host: pr-hdds-2327-vtdmt-1103746116, networkLocation: /default-rack, certSerialId: null} reports an CLOSED replica.
2019-10-18 14:34:11,257 [EventQueue-ContainerReportForContainerReportHandler] WARN  container.ContainerReportHandler (AbstractContainerReportHandler.java:updateContainerState(145)) - Container #1 is in OPEN state, but the datanode 07da283f-72b3-4610-abc1-72d23674d905{ip: 192.168.164.233, host: pr-hdds-2327-vtdmt-1103746116, networkLocation: /default-rack, certSerialId: null} reports an CLOSED replica.
2019-10-18 14:34:11,405 [BlockDeletingService#2] WARN  background.BlockDeletingService (BlockDeletingService.java:isDeletionAllowed(187)) - Close Container log Index 6 is not replicated across allthe servers in the pipeline 1b899901-10f6-4f6e-b1b6-50f79935bc6a as the min replicated index is 4. Deletion is not allowed in this container yet.
2019-10-18 14:34:11,405 [BlockDeletingService#2] WARN  background.BlockDeletingService (BlockDeletingService.java:isDeletionAllowed(187)) - Close Container log Index 6 is not replicated across allthe servers in the pipeline 1b899901-10f6-4f6e-b1b6-50f79935bc6a as the min replicated index is 4. Deletion is not allowed in this container yet.
2019-10-18 14:34:11,449 [EventQueue-ContainerReportForContainerReportHandler] WARN  container.ContainerReportHandler (AbstractContainerReportHandler.java:updateContainerState(145)) - Container #1 is in OPEN state, but the datanode c3a3cb61-beea-4a1a-8639-85f6e846679d{ip: 192.168.164.233, host: pr-hdds-2327-vtdmt-1103746116, networkLocation: /default-rack, certSerialId: null} reports an CLOSED replica.
2019-10-18 14:34:11,659 [EventQueue-ContainerReportForContainerReportHandler] WARN  container.ContainerReportHandler (AbstractContainerReportHandler.java:updateContainerState(145)) - Container #1 is in OPEN state, but the datanode 07da283f-72b3-4610-abc1-72d23674d905{ip: 192.168.164.233, host: pr-hdds-2327-vtdmt-1103746116, networkLocation: /default-rack, certSerialId: null} reports an CLOSED replica.
2019-10-18 14:34:11,749 [EventQueue-ContainerReportForContainerReportHandler] WARN  container.ContainerReportHandler (AbstractContainerReportHandler.java:updateContainerState(145)) - Container #1 is in OPEN state, but the datanode c3a3cb61-beea-4a1a-8639-85f6e846679d{ip: 192.168.164.233, host: pr-hdds-2327-vtdmt-1103746116, networkLocation: /default-rack, certSerialId: null} reports an CLOSED replica.
2019-10-18 14:34:11,958 [EventQueue-ContainerReportForContainerReportHandler] WARN  container.ContainerReportHandler (AbstractContainerReportHandler.java:updateContainerState(145)) - Container #1 is in OPEN state, but the datanode 07da283f-72b3-4610-abc1-72d23674d905{ip: 192.168.164.233, host: pr-hdds-2327-vtdmt-1103746116, networkLocation: /default-rack, certSerialId: null} reports an CLOSED replica.
2019-10-18 14:34:12,050 [EventQueue-ContainerReportForContainerReportHandler] WARN  container.ContainerReportHandler (AbstractContainerReportHandler.java:updateContainerState(145)) - Container #1 is in OPEN state, but the datanode c3a3cb61-beea-4a1a-8639-85f6e846679d{ip: 192.168.164.233, host: pr-hdds-2327-vtdmt-1103746116, networkLocation: /default-rack, certSerialId: null} reports an CLOSED replica.
2019-10-18 14:34:12,358 [EventQueue-ContainerReportForContainerReportHandler] WARN  container.ContainerReportHandler (AbstractContainerReportHandler.java:updateContainerState(145)) - Container #1 is in OPEN state, but the datanode 07da283f-72b3-4610-abc1-72d23674d905{ip: 192.168.164.233, host: pr-hdds-2327-vtdmt-1103746116, networkLocation: /default-rack, certSerialId: null} reports an CLOSED replica.
2019-10-18 14:34:12,407 [BlockDeletingService#2] WARN  background.BlockDeletingService (BlockDeletingService.java:isDeletionAllowed(187)) - Close Container log Index 6 is not replicated across allthe servers in the pipeline 1b899901-10f6-4f6e-b1b6-50f79935bc6a as the min replicated index is 4. Deletion is not allowed in this container yet.
2019-10-18 14:34:12,407 [BlockDeletingService#2] WARN  background.BlockDeletingService (BlockDeletingService.java:isDeletionAllowed(187)) - Close Container log Index 6 is not replicated across allthe servers in the pipeline 1b899901-10f6-4f6e-b1b6-50f79935bc6a as the min replicated index is 4. Deletion is not allowed in this container yet.
2019-10-18 14:34:12,451 [EventQueue-ContainerReportForContainerReportHandler] WARN  container.ContainerReportHandler (AbstractContainerReportHandler.java:updateContainerState(145)) - Container #1 is in OPEN state, but the datanode c3a3cb61-beea-4a1a-8639-85f6e846679d{ip: 192.168.164.233, host: pr-hdds-2327-vtdmt-1103746116, networkLocation: /default-rack, certSerialId: null} reports an CLOSED replica.
2019-10-18 14:34:12,659 [EventQueue-ContainerReportForContainerReportHandler] WARN  container.ContainerReportHandler (AbstractContainerReportHandler.java:updateContainerState(145)) - Container #1 is in OPEN state, but the datanode 07da283f-72b3-4610-abc1-72d23674d905{ip: 192.168.164.233, host: pr-hdds-2327-vtdmt-1103746116, networkLocation: /default-rack, certSerialId: null} reports an CLOSED replica.
2019-10-18 14:34:12,751 [EventQueue-ContainerReportForContainerReportHandler] WARN  container.ContainerReportHandler (AbstractContainerReportHandler.java:updateContainerState(145)) - Container #1 is in OPEN state, but the datanode c3a3cb61-beea-4a1a-8639-85f6e846679d{ip: 192.168.164.233, host: pr-hdds-2327-vtdmt-1103746116, networkLocation: /default-rack, certSerialId: null} reports an CLOSED replica.
2019-10-18 14:34:12,880 [java.util.concurrent.ThreadPoolExecutor$Worker@37af0650[State = -1, empty queue]] WARN  server.GrpcLogAppender (GrpcLogAppender.java:timeoutAppendRequest(209)) - 07da283f-72b3-4610-abc1-72d23674d905@group-50F79935BC6A->c5b86445-9c87-4edb-b176-8eaf015b94aa-GrpcLogAppender: appendEntries Timeout, request=07da283f-72b3-4610-abc1-72d23674d905->c5b86445-9c87-4edb-b176-8eaf015b94aa#41-t2, previous=(t:2, i:10), leaderCommit=10, initializing? false, entries: <empty>
2019-10-18 14:34:12,951 [EventQueue-ContainerReportForContainerReportHandler] WARN  container.ContainerReportHandler (AbstractContainerReportHandler.java:updateContainerState(145)) - Container #1 is in OPEN state, but the datanode c3a3cb61-beea-4a1a-8639-85f6e846679d{ip: 192.168.164.233, host: pr-hdds-2327-vtdmt-1103746116, networkLocation: /default-rack, certSerialId: null} reports an CLOSED replica.
2019-10-18 14:34:12,959 [EventQueue-ContainerReportForContainerReportHandler] WARN  container.ContainerReportHandler (AbstractContainerReportHandler.java:updateContainerState(145)) - Container #1 is in OPEN state, but the datanode 07da283f-72b3-4610-abc1-72d23674d905{ip: 192.168.164.233, host: pr-hdds-2327-vtdmt-1103746116, networkLocation: /default-rack, certSerialId: null} reports an CLOSED replica.
2019-10-18 14:34:13,352 [EventQueue-ContainerReportForContainerReportHandler] WARN  container.ContainerReportHandler (AbstractContainerReportHandler.java:updateContainerState(145)) - Container #1 is in OPEN state, but the datanode c3a3cb61-beea-4a1a-8639-85f6e846679d{ip: 192.168.164.233, host: pr-hdds-2327-vtdmt-1103746116, networkLocation: /default-rack, certSerialId: null} reports an CLOSED replica.
2019-10-18 14:34:13,360 [EventQueue-ContainerReportForContainerReportHandler] WARN  container.ContainerReportHandler (AbstractContainerReportHandler.java:updateContainerState(145)) - Container #1 is in OPEN state, but the datanode 07da283f-72b3-4610-abc1-72d23674d905{ip: 192.168.164.233, host: pr-hdds-2327-vtdmt-1103746116, networkLocation: /default-rack, certSerialId: null} reports an CLOSED replica.
2019-10-18 14:34:13,408 [BlockDeletingService#2] WARN  background.BlockDeletingService (BlockDeletingService.java:isDeletionAllowed(187)) - Close Container log Index 6 is not replicated across allthe servers in the pipeline 1b899901-10f6-4f6e-b1b6-50f79935bc6a as the min replicated index is 4. Deletion is not allowed in this container yet.
2019-10-18 14:34:13,408 [BlockDeletingService#2] WARN  background.BlockDeletingService (BlockDeletingService.java:isDeletionAllowed(187)) - Close Container log Index 6 is not replicated across allthe servers in the pipeline 1b899901-10f6-4f6e-b1b6-50f79935bc6a as the min replicated index is 4. Deletion is not allowed in this container yet.
2019-10-18 14:34:13,559 [EventQueue-ContainerReportForContainerReportHandler] WARN  container.ContainerReportHandler (AbstractContainerReportHandler.java:updateContainerState(145)) - Container #1 is in OPEN state, but the datanode 07da283f-72b3-4610-abc1-72d23674d905{ip: 192.168.164.233, host: pr-hdds-2327-vtdmt-1103746116, networkLocation: /default-rack, certSerialId: null} reports an CLOSED replica.
2019-10-18 14:34:13,752 [EventQueue-ContainerReportForContainerReportHandler] WARN  container.ContainerReportHandler (AbstractContainerReportHandler.java:updateContainerState(145)) - Container #1 is in OPEN state, but the datanode c3a3cb61-beea-4a1a-8639-85f6e846679d{ip: 192.168.164.233, host: pr-hdds-2327-vtdmt-1103746116, networkLocation: /default-rack, certSerialId: null} reports an CLOSED replica.
2019-10-18 14:34:13,952 [EventQueue-ContainerReportForContainerReportHandler] WARN  container.ContainerReportHandler (AbstractContainerReportHandler.java:updateContainerState(145)) - Container #1 is in OPEN state, but the datanode c3a3cb61-beea-4a1a-8639-85f6e846679d{ip: 192.168.164.233, host: pr-hdds-2327-vtdmt-1103746116, networkLocation: /default-rack, certSerialId: null} reports an CLOSED replica.
2019-10-18 14:34:13,959 [EventQueue-ContainerReportForContainerReportHandler] WARN  container.ContainerReportHandler (AbstractContainerReportHandler.java:updateContainerState(145)) - Container #1 is in OPEN state, but the datanode 07da283f-72b3-4610-abc1-72d23674d905{ip: 192.168.164.233, host: pr-hdds-2327-vtdmt-1103746116, networkLocation: /default-rack, certSerialId: null} reports an CLOSED replica.
2019-10-18 14:34:14,160 [EventQueue-ContainerReportForContainerReportHandler] WARN  container.ContainerReportHandler (AbstractContainerReportHandler.java:updateContainerState(145)) - Container #1 is in OPEN state, but the datanode 07da283f-72b3-4610-abc1-72d23674d905{ip: 192.168.164.233, host: pr-hdds-2327-vtdmt-1103746116, networkLocation: /default-rack, certSerialId: null} reports an CLOSED replica.
2019-10-18 14:34:14,352 [EventQueue-ContainerReportForContainerReportHandler] WARN  container.ContainerReportHandler (AbstractContainerReportHandler.java:updateContainerState(145)) - Container #1 is in OPEN state, but the datanode c3a3cb61-beea-4a1a-8639-85f6e846679d{ip: 192.168.164.233, host: pr-hdds-2327-vtdmt-1103746116, networkLocation: /default-rack, certSerialId: null} reports an CLOSED replica.
2019-10-18 14:34:14,409 [BlockDeletingService#2] WARN  background.BlockDeletingService (BlockDeletingService.java:isDeletionAllowed(187)) - Close Container log Index 6 is not replicated across allthe servers in the pipeline 1b899901-10f6-4f6e-b1b6-50f79935bc6a as the min replicated index is 4. Deletion is not allowed in this container yet.
2019-10-18 14:34:14,409 [BlockDeletingService#2] WARN  background.BlockDeletingService (BlockDeletingService.java:isDeletionAllowed(187)) - Close Container log Index 6 is not replicated across allthe servers in the pipeline 1b899901-10f6-4f6e-b1b6-50f79935bc6a as the min replicated index is 4. Deletion is not allowed in this container yet.
2019-10-18 14:34:14,559 [EventQueue-ContainerReportForContainerReportHandler] WARN  container.ContainerReportHandler (AbstractContainerReportHandler.java:updateContainerState(145)) - Container #1 is in OPEN state, but the datanode 07da283f-72b3-4610-abc1-72d23674d905{ip: 192.168.164.233, host: pr-hdds-2327-vtdmt-1103746116, networkLocation: /default-rack, certSerialId: null} reports an CLOSED replica.
2019-10-18 14:34:14,652 [EventQueue-ContainerReportForContainerReportHandler] WARN  container.ContainerReportHandler (AbstractContainerReportHandler.java:updateContainerState(145)) - Container #1 is in OPEN state, but the datanode c3a3cb61-beea-4a1a-8639-85f6e846679d{ip: 192.168.164.233, host: pr-hdds-2327-vtdmt-1103746116, networkLocation: /default-rack, certSerialId: null} reports an CLOSED replica.
2019-10-18 14:34:14,859 [EventQueue-ContainerReportForContainerReportHandler] WARN  container.ContainerReportHandler (AbstractContainerReportHandler.java:updateContainerState(145)) - Container #1 is in OPEN state, but the datanode 07da283f-72b3-4610-abc1-72d23674d905{ip: 192.168.164.233, host: pr-hdds-2327-vtdmt-1103746116, networkLocation: /default-rack, certSerialId: null} reports an CLOSED replica.
2019-10-18 14:34:14,952 [EventQueue-ContainerReportForContainerReportHandler] WARN  container.ContainerReportHandler (AbstractContainerReportHandler.java:updateContainerState(145)) - Container #1 is in OPEN state, but the datanode c3a3cb61-beea-4a1a-8639-85f6e846679d{ip: 192.168.164.233, host: pr-hdds-2327-vtdmt-1103746116, networkLocation: /default-rack, certSerialId: null} reports an CLOSED replica.
2019-10-18 14:34:15,252 [EventQueue-ContainerReportForContainerReportHandler] WARN  container.ContainerReportHandler (AbstractContainerReportHandler.java:updateContainerState(145)) - Container #1 is in OPEN state, but the datanode c3a3cb61-beea-4a1a-8639-85f6e846679d{ip: 192.168.164.233, host: pr-hdds-2327-vtdmt-1103746116, networkLocation: /default-rack, certSerialId: null} reports an CLOSED replica.
2019-10-18 14:34:15,259 [EventQueue-ContainerReportForContainerReportHandler] WARN  container.ContainerReportHandler (AbstractContainerReportHandler.java:updateContainerState(145)) - Container #1 is in OPEN state, but the datanode 07da283f-72b3-4610-abc1-72d23674d905{ip: 192.168.164.233, host: pr-hdds-2327-vtdmt-1103746116, networkLocation: /default-rack, certSerialId: null} reports an CLOSED replica.
2019-10-18 14:34:15,380 [java.util.concurrent.ThreadPoolExecutor$Worker@37af0650[State = -1, empty queue]] WARN  server.GrpcLogAppender (GrpcLogAppender.java:timeoutAppendRequest(209)) - 07da283f-72b3-4610-abc1-72d23674d905@group-50F79935BC6A->c5b86445-9c87-4edb-b176-8eaf015b94aa-GrpcLogAppender: appendEntries Timeout, request=07da283f-72b3-4610-abc1-72d23674d905->c5b86445-9c87-4edb-b176-8eaf015b94aa#42-t2, previous=(t:2, i:10), leaderCommit=10, initializing? false, entries: <empty>
2019-10-18 14:34:15,410 [BlockDeletingService#2] WARN  background.BlockDeletingService (BlockDeletingService.java:isDeletionAllowed(187)) - Close Container log Index 6 is not replicated across allthe servers in the pipeline 1b899901-10f6-4f6e-b1b6-50f79935bc6a as the min replicated index is 4. Deletion is not allowed in this container yet.
2019-10-18 14:34:15,410 [BlockDeletingService#2] WARN  background.BlockDeletingService (BlockDeletingService.java:isDeletionAllowed(187)) - Close Container log Index 6 is not replicated across allthe servers in the pipeline 1b899901-10f6-4f6e-b1b6-50f79935bc6a as the min replicated index is 4. Deletion is not allowed in this container yet.
2019-10-18 14:34:15,452 [EventQueue-ContainerReportForContainerReportHandler] WARN  container.ContainerReportHandler (AbstractContainerReportHandler.java:updateContainerState(145)) - Container #1 is in OPEN state, but the datanode c3a3cb61-beea-4a1a-8639-85f6e846679d{ip: 192.168.164.233, host: pr-hdds-2327-vtdmt-1103746116, networkLocation: /default-rack, certSerialId: null} reports an CLOSED replica.
2019-10-18 14:34:15,460 [EventQueue-ContainerReportForContainerReportHandler] WARN  container.ContainerReportHandler (AbstractContainerReportHandler.java:updateContainerState(145)) - Container #1 is in OPEN state, but the datanode 07da283f-72b3-4610-abc1-72d23674d905{ip: 192.168.164.233, host: pr-hdds-2327-vtdmt-1103746116, networkLocation: /default-rack, certSerialId: null} reports an CLOSED replica.
2019-10-18 14:34:15,653 [EventQueue-ContainerReportForContainerReportHandler] WARN  container.ContainerReportHandler (AbstractContainerReportHandler.java:updateContainerState(145)) - Container #1 is in OPEN state, but the datanode c3a3cb61-beea-4a1a-8639-85f6e846679d{ip: 192.168.164.233, host: pr-hdds-2327-vtdmt-1103746116, networkLocation: /default-rack, certSerialId: null} reports an CLOSED replica.
2019-10-18 14:34:15,861 [EventQueue-ContainerReportForContainerReportHandler] WARN  container.ContainerReportHandler (AbstractContainerReportHandler.java:updateContainerState(145)) - Container #1 is in OPEN state, but the datanode 07da283f-72b3-4610-abc1-72d23674d905{ip: 192.168.164.233, host: pr-hdds-2327-vtdmt-1103746116, networkLocation: /default-rack, certSerialId: null} reports an CLOSED replica.
2019-10-18 14:34:16,046 [Thread-456] INFO  client.GrpcClientProtocolService (GrpcClientProtocolService.java:lambda$processClientRequest$0(278)) - Failed RaftClientRequest:client-D4B6A76FA5A7->c3a3cb61-beea-4a1a-8639-85f6e846679d@group-50F79935BC6A, cid=10, seq=0, Watch-ALL_COMMITTED(6), Message:<EMPTY>, reply=RaftClientReply:client-D4B6A76FA5A7->c3a3cb61-beea-4a1a-8639-85f6e846679d@group-50F79935BC6A, cid=10, FAILED org.apache.ratis.protocol.NotLeaderException: Server c3a3cb61-beea-4a1a-8639-85f6e846679d@group-50F79935BC6A is not the leader 07da283f-72b3-4610-abc1-72d23674d905:192.168.164.233:38130, logIndex=0, commits[c3a3cb61-beea-4a1a-8639-85f6e846679d:c10, 07da283f-72b3-4610-abc1-72d23674d905:c10, c5b86445-9c87-4edb-b176-8eaf015b94aa:c4]
2019-10-18 14:34:16,054 [EventQueue-ContainerReportForContainerReportHandler] WARN  container.ContainerReportHandler (AbstractContainerReportHandler.java:updateContainerState(145)) - Container #1 is in OPEN state, but the datanode c3a3cb61-beea-4a1a-8639-85f6e846679d{ip: 192.168.164.233, host: pr-hdds-2327-vtdmt-1103746116, networkLocation: /default-rack, certSerialId: null} reports an CLOSED replica.
2019-10-18 14:34:16,263 [EventQueue-ContainerReportForContainerReportHandler] WARN  container.ContainerReportHandler (AbstractContainerReportHandler.java:updateContainerState(145)) - Container #1 is in OPEN state, but the datanode 07da283f-72b3-4610-abc1-72d23674d905{ip: 192.168.164.233, host: pr-hdds-2327-vtdmt-1103746116, networkLocation: /default-rack, certSerialId: null} reports an CLOSED replica.
2019-10-18 14:34:16,354 [EventQueue-ContainerReportForContainerReportHandler] WARN  container.ContainerReportHandler (AbstractContainerReportHandler.java:updateContainerState(145)) - Container #1 is in OPEN state, but the datanode c3a3cb61-beea-4a1a-8639-85f6e846679d{ip: 192.168.164.233, host: pr-hdds-2327-vtdmt-1103746116, networkLocation: /default-rack, certSerialId: null} reports an CLOSED replica.
2019-10-18 14:34:16,411 [BlockDeletingService#2] WARN  background.BlockDeletingService (BlockDeletingService.java:isDeletionAllowed(187)) - Close Container log Index 6 is not replicated across allthe servers in the pipeline 1b899901-10f6-4f6e-b1b6-50f79935bc6a as the min replicated index is 4. Deletion is not allowed in this container yet.
2019-10-18 14:34:16,417 [BlockDeletingService#2] WARN  background.BlockDeletingService (BlockDeletingService.java:isDeletionAllowed(187)) - Close Container log Index 6 is not replicated across allthe servers in the pipeline 1b899901-10f6-4f6e-b1b6-50f79935bc6a as the min replicated index is 4. Deletion is not allowed in this container yet.
2019-10-18 14:34:16,654 [EventQueue-ContainerReportForContainerReportHandler] WARN  container.ContainerReportHandler (AbstractContainerReportHandler.java:updateContainerState(145)) - Container #1 is in OPEN state, but the datanode c3a3cb61-beea-4a1a-8639-85f6e846679d{ip: 192.168.164.233, host: pr-hdds-2327-vtdmt-1103746116, networkLocation: /default-rack, certSerialId: null} reports an CLOSED replica.
2019-10-18 14:34:16,663 [EventQueue-ContainerReportForContainerReportHandler] WARN  container.ContainerReportHandler (AbstractContainerReportHandler.java:updateContainerState(145)) - Container #1 is in OPEN state, but the datanode 07da283f-72b3-4610-abc1-72d23674d905{ip: 192.168.164.233, host: pr-hdds-2327-vtdmt-1103746116, networkLocation: /default-rack, certSerialId: null} reports an CLOSED replica.
2019-10-18 14:34:16,854 [EventQueue-ContainerReportForContainerReportHandler] WARN  container.ContainerReportHandler (AbstractContainerReportHandler.java:updateContainerState(145)) - Container #1 is in OPEN state, but the datanode c3a3cb61-beea-4a1a-8639-85f6e846679d{ip: 192.168.164.233, host: pr-hdds-2327-vtdmt-1103746116, networkLocation: /default-rack, certSerialId: null} reports an CLOSED replica.
2019-10-18 14:34:16,964 [EventQueue-ContainerReportForContainerReportHandler] WARN  container.ContainerReportHandler (AbstractContainerReportHandler.java:updateContainerState(145)) - Container #1 is in OPEN state, but the datanode 07da283f-72b3-4610-abc1-72d23674d905{ip: 192.168.164.233, host: pr-hdds-2327-vtdmt-1103746116, networkLocation: /default-rack, certSerialId: null} reports an CLOSED replica.
2019-10-18 14:34:17,153 [EventQueue-ContainerReportForContainerReportHandler] WARN  container.ContainerReportHandler (AbstractContainerReportHandler.java:updateContainerState(145)) - Container #1 is in OPEN state, but the datanode c3a3cb61-beea-4a1a-8639-85f6e846679d{ip: 192.168.164.233, host: pr-hdds-2327-vtdmt-1103746116, networkLocation: /default-rack, certSerialId: null} reports an CLOSED replica.
2019-10-18 14:34:17,263 [EventQueue-ContainerReportForContainerReportHandler] WARN  container.ContainerReportHandler (AbstractContainerReportHandler.java:updateContainerState(145)) - Container #1 is in OPEN state, but the datanode 07da283f-72b3-4610-abc1-72d23674d905{ip: 192.168.164.233, host: pr-hdds-2327-vtdmt-1103746116, networkLocation: /default-rack, certSerialId: null} reports an CLOSED replica.
2019-10-18 14:34:17,353 [EventQueue-ContainerReportForContainerReportHandler] WARN  container.ContainerReportHandler (AbstractContainerReportHandler.java:updateContainerState(145)) - Container #1 is in OPEN state, but the datanode c3a3cb61-beea-4a1a-8639-85f6e846679d{ip: 192.168.164.233, host: pr-hdds-2327-vtdmt-1103746116, networkLocation: /default-rack, certSerialId: null} reports an CLOSED replica.
2019-10-18 14:34:17,416 [BlockDeletingService#2] WARN  background.BlockDeletingService (BlockDeletingService.java:isDeletionAllowed(187)) - Close Container log Index 6 is not replicated across allthe servers in the pipeline 1b899901-10f6-4f6e-b1b6-50f79935bc6a as the min replicated index is 4. Deletion is not allowed in this container yet.
2019-10-18 14:34:17,419 [BlockDeletingService#2] WARN  background.BlockDeletingService (BlockDeletingService.java:isDeletionAllowed(187)) - Close Container log Index 6 is not replicated across allthe servers in the pipeline 1b899901-10f6-4f6e-b1b6-50f79935bc6a as the min replicated index is 4. Deletion is not allowed in this container yet.
2019-10-18 14:34:17,464 [EventQueue-ContainerReportForContainerReportHandler] WARN  container.ContainerReportHandler (AbstractContainerReportHandler.java:updateContainerState(145)) - Container #1 is in OPEN state, but the datanode 07da283f-72b3-4610-abc1-72d23674d905{ip: 192.168.164.233, host: pr-hdds-2327-vtdmt-1103746116, networkLocation: /default-rack, certSerialId: null} reports an CLOSED replica.
2019-10-18 14:34:17,553 [EventQueue-ContainerReportForContainerReportHandler] WARN  container.ContainerReportHandler (AbstractContainerReportHandler.java:updateContainerState(145)) - Container #1 is in OPEN state, but the datanode c3a3cb61-beea-4a1a-8639-85f6e846679d{ip: 192.168.164.233, host: pr-hdds-2327-vtdmt-1103746116, networkLocation: /default-rack, certSerialId: null} reports an CLOSED replica.
2019-10-18 14:34:17,682 [Thread-464] INFO  client.GrpcClientProtocolService (GrpcClientProtocolService.java:lambda$processClientRequest$0(278)) - Failed RaftClientRequest:client-D4B6A76FA5A7->07da283f-72b3-4610-abc1-72d23674d905@group-50F79935BC6A, cid=10, seq=0, Watch-ALL_COMMITTED(6), Message:<EMPTY>, reply=RaftClientReply:client-D4B6A76FA5A7->07da283f-72b3-4610-abc1-72d23674d905@group-50F79935BC6A, cid=10, FAILED org.apache.ratis.protocol.NotReplicatedException: Request with call Id 10 and log index 6 is not yet replicated to ALL_COMMITTED, logIndex=6, commits[07da283f-72b3-4610-abc1-72d23674d905:c10, c3a3cb61-beea-4a1a-8639-85f6e846679d:c10, c5b86445-9c87-4edb-b176-8eaf015b94aa:c4]
2019-10-18 14:34:17,753 [EventQueue-ContainerReportForContainerReportHandler] WARN  container.ContainerReportHandler (AbstractContainerReportHandler.java:updateContainerState(145)) - Container #1 is in OPEN state, but the datanode c3a3cb61-beea-4a1a-8639-85f6e846679d{ip: 192.168.164.233, host: pr-hdds-2327-vtdmt-1103746116, networkLocation: /default-rack, certSerialId: null} reports an CLOSED replica.
2019-10-18 14:34:17,865 [EventQueue-ContainerReportForContainerReportHandler] WARN  container.ContainerReportHandler (AbstractContainerReportHandler.java:updateContainerState(145)) - Container #1 is in OPEN state, but the datanode 07da283f-72b3-4610-abc1-72d23674d905{ip: 192.168.164.233, host: pr-hdds-2327-vtdmt-1103746116, networkLocation: /default-rack, certSerialId: null} reports an CLOSED replica.
2019-10-18 14:34:17,881 [java.util.concurrent.ThreadPoolExecutor$Worker@37af0650[State = -1, empty queue]] WARN  server.GrpcLogAppender (GrpcLogAppender.java:timeoutAppendRequest(209)) - 07da283f-72b3-4610-abc1-72d23674d905@group-50F79935BC6A->c5b86445-9c87-4edb-b176-8eaf015b94aa-GrpcLogAppender: appendEntries Timeout, request=07da283f-72b3-4610-abc1-72d23674d905->c5b86445-9c87-4edb-b176-8eaf015b94aa#43-t2, previous=(t:2, i:10), leaderCommit=10, initializing? false, entries: <empty>
2019-10-18 14:34:18,054 [EventQueue-ContainerReportForContainerReportHandler] WARN  container.ContainerReportHandler (AbstractContainerReportHandler.java:updateContainerState(145)) - Container #1 is in OPEN state, but the datanode c3a3cb61-beea-4a1a-8639-85f6e846679d{ip: 192.168.164.233, host: pr-hdds-2327-vtdmt-1103746116, networkLocation: /default-rack, certSerialId: null} reports an CLOSED replica.
2019-10-18 14:34:18,066 [EventQueue-ContainerReportForContainerReportHandler] WARN  container.ContainerReportHandler (AbstractContainerReportHandler.java:updateContainerState(145)) - Container #1 is in OPEN state, but the datanode 07da283f-72b3-4610-abc1-72d23674d905{ip: 192.168.164.233, host: pr-hdds-2327-vtdmt-1103746116, networkLocation: /default-rack, certSerialId: null} reports an CLOSED replica.
2019-10-18 14:34:18,267 [EventQueue-ContainerReportForContainerReportHandler] WARN  container.ContainerReportHandler (AbstractContainerReportHandler.java:updateContainerState(145)) - Container #1 is in OPEN state, but the datanode 07da283f-72b3-4610-abc1-72d23674d905{ip: 192.168.164.233, host: pr-hdds-2327-vtdmt-1103746116, networkLocation: /default-rack, certSerialId: null} reports an CLOSED replica.
2019-10-18 14:34:18,355 [EventQueue-ContainerReportForContainerReportHandler] WARN  container.ContainerReportHandler (AbstractContainerReportHandler.java:updateContainerState(145)) - Container #1 is in OPEN state, but the datanode c3a3cb61-beea-4a1a-8639-85f6e846679d{ip: 192.168.164.233, host: pr-hdds-2327-vtdmt-1103746116, networkLocation: /default-rack, certSerialId: null} reports an CLOSED replica.
2019-10-18 14:34:18,417 [BlockDeletingService#2] WARN  background.BlockDeletingService (BlockDeletingService.java:isDeletionAllowed(187)) - Close Container log Index 6 is not replicated across allthe servers in the pipeline 1b899901-10f6-4f6e-b1b6-50f79935bc6a as the min replicated index is 4. Deletion is not allowed in this container yet.
2019-10-18 14:34:18,419 [BlockDeletingService#2] WARN  background.BlockDeletingService (BlockDeletingService.java:isDeletionAllowed(187)) - Close Container log Index 6 is not replicated across allthe servers in the pipeline 1b899901-10f6-4f6e-b1b6-50f79935bc6a as the min replicated index is 4. Deletion is not allowed in this container yet.
2019-10-18 14:34:18,566 [EventQueue-ContainerReportForContainerReportHandler] WARN  container.ContainerReportHandler (AbstractContainerReportHandler.java:updateContainerState(145)) - Container #1 is in OPEN state, but the datanode 07da283f-72b3-4610-abc1-72d23674d905{ip: 192.168.164.233, host: pr-hdds-2327-vtdmt-1103746116, networkLocation: /default-rack, certSerialId: null} reports an CLOSED replica.
2019-10-18 14:34:18,655 [EventQueue-ContainerReportForContainerReportHandler] WARN  container.ContainerReportHandler (AbstractContainerReportHandler.java:updateContainerState(145)) - Container #1 is in OPEN state, but the datanode c3a3cb61-beea-4a1a-8639-85f6e846679d{ip: 192.168.164.233, host: pr-hdds-2327-vtdmt-1103746116, networkLocation: /default-rack, certSerialId: null} reports an CLOSED replica.
2019-10-18 14:34:18,855 [EventQueue-ContainerReportForContainerReportHandler] WARN  container.ContainerReportHandler (AbstractContainerReportHandler.java:updateContainerState(145)) - Container #1 is in OPEN state, but the datanode c3a3cb61-beea-4a1a-8639-85f6e846679d{ip: 192.168.164.233, host: pr-hdds-2327-vtdmt-1103746116, networkLocation: /default-rack, certSerialId: null} reports an CLOSED replica.
2019-10-18 14:34:18,867 [EventQueue-ContainerReportForContainerReportHandler] WARN  container.ContainerReportHandler (AbstractContainerReportHandler.java:updateContainerState(145)) - Container #1 is in OPEN state, but the datanode 07da283f-72b3-4610-abc1-72d23674d905{ip: 192.168.164.233, host: pr-hdds-2327-vtdmt-1103746116, networkLocation: /default-rack, certSerialId: null} reports an CLOSED replica.
2019-10-18 14:34:19,167 [EventQueue-ContainerReportForContainerReportHandler] WARN  container.ContainerReportHandler (AbstractContainerReportHandler.java:updateContainerState(145)) - Container #1 is in OPEN state, but the datanode 07da283f-72b3-4610-abc1-72d23674d905{ip: 192.168.164.233, host: pr-hdds-2327-vtdmt-1103746116, networkLocation: /default-rack, certSerialId: null} reports an CLOSED replica.
2019-10-18 14:34:19,256 [EventQueue-ContainerReportForContainerReportHandler] WARN  container.ContainerReportHandler (AbstractContainerReportHandler.java:updateContainerState(145)) - Container #1 is in OPEN state, but the datanode c3a3cb61-beea-4a1a-8639-85f6e846679d{ip: 192.168.164.233, host: pr-hdds-2327-vtdmt-1103746116, networkLocation: /default-rack, certSerialId: null} reports an CLOSED replica.
2019-10-18 14:34:19,419 [BlockDeletingService#2] WARN  background.BlockDeletingService (BlockDeletingService.java:isDeletionAllowed(187)) - Close Container log Index 6 is not replicated across allthe servers in the pipeline 1b899901-10f6-4f6e-b1b6-50f79935bc6a as the min replicated index is 4. Deletion is not allowed in this container yet.
2019-10-18 14:34:19,420 [BlockDeletingService#2] WARN  background.BlockDeletingService (BlockDeletingService.java:isDeletionAllowed(187)) - Close Container log Index 6 is not replicated across allthe servers in the pipeline 1b899901-10f6-4f6e-b1b6-50f79935bc6a as the min replicated index is 4. Deletion is not allowed in this container yet.
2019-10-18 14:34:19,458 [EventQueue-ContainerReportForContainerReportHandler] WARN  container.ContainerReportHandler (AbstractContainerReportHandler.java:updateContainerState(145)) - Container #1 is in OPEN state, but the datanode c3a3cb61-beea-4a1a-8639-85f6e846679d{ip: 192.168.164.233, host: pr-hdds-2327-vtdmt-1103746116, networkLocation: /default-rack, certSerialId: null} reports an CLOSED replica.
2019-10-18 14:34:19,468 [EventQueue-ContainerReportForContainerReportHandler] WARN  container.ContainerReportHandler (AbstractContainerReportHandler.java:updateContainerState(145)) - Container #1 is in OPEN state, but the datanode 07da283f-72b3-4610-abc1-72d23674d905{ip: 192.168.164.233, host: pr-hdds-2327-vtdmt-1103746116, networkLocation: /default-rack, certSerialId: null} reports an CLOSED replica.
2019-10-18 14:34:19,668 [EventQueue-ContainerReportForContainerReportHandler] WARN  container.ContainerReportHandler (AbstractContainerReportHandler.java:updateContainerState(145)) - Container #1 is in OPEN state, but the datanode 07da283f-72b3-4610-abc1-72d23674d905{ip: 192.168.164.233, host: pr-hdds-2327-vtdmt-1103746116, networkLocation: /default-rack, certSerialId: null} reports an CLOSED replica.
2019-10-18 14:34:19,758 [EventQueue-ContainerReportForContainerReportHandler] WARN  container.ContainerReportHandler (AbstractContainerReportHandler.java:updateContainerState(145)) - Container #1 is in OPEN state, but the datanode c3a3cb61-beea-4a1a-8639-85f6e846679d{ip: 192.168.164.233, host: pr-hdds-2327-vtdmt-1103746116, networkLocation: /default-rack, certSerialId: null} reports an CLOSED replica.
2019-10-18 14:34:19,970 [EventQueue-ContainerReportForContainerReportHandler] WARN  container.ContainerReportHandler (AbstractContainerReportHandler.java:updateContainerState(145)) - Container #1 is in OPEN state, but the datanode 07da283f-72b3-4610-abc1-72d23674d905{ip: 192.168.164.233, host: pr-hdds-2327-vtdmt-1103746116, networkLocation: /default-rack, certSerialId: null} reports an CLOSED replica.
2019-10-18 14:34:20,059 [EventQueue-ContainerReportForContainerReportHandler] WARN  container.ContainerReportHandler (AbstractContainerReportHandler.java:updateContainerState(145)) - Container #1 is in OPEN state, but the datanode c3a3cb61-beea-4a1a-8639-85f6e846679d{ip: 192.168.164.233, host: pr-hdds-2327-vtdmt-1103746116, networkLocation: /default-rack, certSerialId: null} reports an CLOSED replica.
2019-10-18 14:34:20,170 [EventQueue-ContainerReportForContainerReportHandler] WARN  container.ContainerReportHandler (AbstractContainerReportHandler.java:updateContainerState(145)) - Container #1 is in OPEN state, but the datanode 07da283f-72b3-4610-abc1-72d23674d905{ip: 192.168.164.233, host: pr-hdds-2327-vtdmt-1103746116, networkLocation: /default-rack, certSerialId: null} reports an CLOSED replica.
2019-10-18 14:34:20,259 [EventQueue-ContainerReportForContainerReportHandler] WARN  container.ContainerReportHandler (AbstractContainerReportHandler.java:updateContainerState(145)) - Container #1 is in OPEN state, but the datanode c3a3cb61-beea-4a1a-8639-85f6e846679d{ip: 192.168.164.233, host: pr-hdds-2327-vtdmt-1103746116, networkLocation: /default-rack, certSerialId: null} reports an CLOSED replica.
2019-10-18 14:34:20,369 [EventQueue-ContainerReportForContainerReportHandler] WARN  container.ContainerReportHandler (AbstractContainerReportHandler.java:updateContainerState(145)) - Container #1 is in OPEN state, but the datanode 07da283f-72b3-4610-abc1-72d23674d905{ip: 192.168.164.233, host: pr-hdds-2327-vtdmt-1103746116, networkLocation: /default-rack, certSerialId: null} reports an CLOSED replica.
2019-10-18 14:34:20,382 [java.util.concurrent.ThreadPoolExecutor$Worker@37af0650[State = -1, empty queue]] WARN  server.GrpcLogAppender (GrpcLogAppender.java:timeoutAppendRequest(209)) - 07da283f-72b3-4610-abc1-72d23674d905@group-50F79935BC6A->c5b86445-9c87-4edb-b176-8eaf015b94aa-GrpcLogAppender: appendEntries Timeout, request=07da283f-72b3-4610-abc1-72d23674d905->c5b86445-9c87-4edb-b176-8eaf015b94aa#44-t2, previous=(t:2, i:10), leaderCommit=10, initializing? false, entries: <empty>
2019-10-18 14:34:20,420 [BlockDeletingService#2] WARN  background.BlockDeletingService (BlockDeletingService.java:isDeletionAllowed(187)) - Close Container log Index 6 is not replicated across allthe servers in the pipeline 1b899901-10f6-4f6e-b1b6-50f79935bc6a as the min replicated index is 4. Deletion is not allowed in this container yet.
2019-10-18 14:34:20,421 [BlockDeletingService#2] WARN  background.BlockDeletingService (BlockDeletingService.java:isDeletionAllowed(187)) - Close Container log Index 6 is not replicated across allthe servers in the pipeline 1b899901-10f6-4f6e-b1b6-50f79935bc6a as the min replicated index is 4. Deletion is not allowed in this container yet.
2019-10-18 14:34:20,559 [EventQueue-ContainerReportForContainerReportHandler] WARN  container.ContainerReportHandler (AbstractContainerReportHandler.java:updateContainerState(145)) - Container #1 is in OPEN state, but the datanode c3a3cb61-beea-4a1a-8639-85f6e846679d{ip: 192.168.164.233, host: pr-hdds-2327-vtdmt-1103746116, networkLocation: /default-rack, certSerialId: null} reports an CLOSED replica.
2019-10-18 14:34:20,669 [EventQueue-ContainerReportForContainerReportHandler] WARN  container.ContainerReportHandler (AbstractContainerReportHandler.java:updateContainerState(145)) - Container #1 is in OPEN state, but the datanode 07da283f-72b3-4610-abc1-72d23674d905{ip: 192.168.164.233, host: pr-hdds-2327-vtdmt-1103746116, networkLocation: /default-rack, certSerialId: null} reports an CLOSED replica.
2019-10-18 14:34:20,870 [EventQueue-ContainerReportForContainerReportHandler] WARN  container.ContainerReportHandler (AbstractContainerReportHandler.java:updateContainerState(145)) - Container #1 is in OPEN state, but the datanode 07da283f-72b3-4610-abc1-72d23674d905{ip: 192.168.164.233, host: pr-hdds-2327-vtdmt-1103746116, networkLocation: /default-rack, certSerialId: null} reports an CLOSED replica.
2019-10-18 14:34:20,958 [EventQueue-ContainerReportForContainerReportHandler] WARN  container.ContainerReportHandler (AbstractContainerReportHandler.java:updateContainerState(145)) - Container #1 is in OPEN state, but the datanode c3a3cb61-beea-4a1a-8639-85f6e846679d{ip: 192.168.164.233, host: pr-hdds-2327-vtdmt-1103746116, networkLocation: /default-rack, certSerialId: null} reports an CLOSED replica.
2019-10-18 14:34:21,258 [EventQueue-ContainerReportForContainerReportHandler] WARN  container.ContainerReportHandler (AbstractContainerReportHandler.java:updateContainerState(145)) - Container #1 is in OPEN state, but the datanode c3a3cb61-beea-4a1a-8639-85f6e846679d{ip: 192.168.164.233, host: pr-hdds-2327-vtdmt-1103746116, networkLocation: /default-rack, certSerialId: null} reports an CLOSED replica.
2019-10-18 14:34:21,270 [EventQueue-ContainerReportForContainerReportHandler] WARN  container.ContainerReportHandler (AbstractContainerReportHandler.java:updateContainerState(145)) - Container #1 is in OPEN state, but the datanode 07da283f-72b3-4610-abc1-72d23674d905{ip: 192.168.164.233, host: pr-hdds-2327-vtdmt-1103746116, networkLocation: /default-rack, certSerialId: null} reports an CLOSED replica.
2019-10-18 14:34:21,422 [BlockDeletingService#2] WARN  background.BlockDeletingService (BlockDeletingService.java:isDeletionAllowed(187)) - Close Container log Index 6 is not replicated across allthe servers in the pipeline 1b899901-10f6-4f6e-b1b6-50f79935bc6a as the min replicated index is 4. Deletion is not allowed in this container yet.
2019-10-18 14:34:21,422 [BlockDeletingService#2] WARN  background.BlockDeletingService (BlockDeletingService.java:isDeletionAllowed(187)) - Close Container log Index 6 is not replicated across allthe servers in the pipeline 1b899901-10f6-4f6e-b1b6-50f79935bc6a as the min replicated index is 4. Deletion is not allowed in this container yet.
2019-10-18 14:34:21,559 [EventQueue-ContainerReportForContainerReportHandler] WARN  container.ContainerReportHandler (AbstractContainerReportHandler.java:updateContainerState(145)) - Container #1 is in OPEN state, but the datanode c3a3cb61-beea-4a1a-8639-85f6e846679d{ip: 192.168.164.233, host: pr-hdds-2327-vtdmt-1103746116, networkLocation: /default-rack, certSerialId: null} reports an CLOSED replica.
2019-10-18 14:34:21,671 [EventQueue-ContainerReportForContainerReportHandler] WARN  container.ContainerReportHandler (AbstractContainerReportHandler.java:updateContainerState(145)) - Container #1 is in OPEN state, but the datanode 07da283f-72b3-4610-abc1-72d23674d905{ip: 192.168.164.233, host: pr-hdds-2327-vtdmt-1103746116, networkLocation: /default-rack, certSerialId: null} reports an CLOSED replica.
2019-10-18 14:34:21,959 [EventQueue-ContainerReportForContainerReportHandler] WARN  container.ContainerReportHandler (AbstractContainerReportHandler.java:updateContainerState(145)) - Container #1 is in OPEN state, but the datanode c3a3cb61-beea-4a1a-8639-85f6e846679d{ip: 192.168.164.233, host: pr-hdds-2327-vtdmt-1103746116, networkLocation: /default-rack, certSerialId: null} reports an CLOSED replica.
2019-10-18 14:34:22,070 [EventQueue-ContainerReportForContainerReportHandler] WARN  container.ContainerReportHandler (AbstractContainerReportHandler.java:updateContainerState(145)) - Container #1 is in OPEN state, but the datanode 07da283f-72b3-4610-abc1-72d23674d905{ip: 192.168.164.233, host: pr-hdds-2327-vtdmt-1103746116, networkLocation: /default-rack, certSerialId: null} reports an CLOSED replica.
2019-10-18 14:34:22,259 [EventQueue-ContainerReportForContainerReportHandler] WARN  container.ContainerReportHandler (AbstractContainerReportHandler.java:updateContainerState(145)) - Container #1 is in OPEN state, but the datanode c3a3cb61-beea-4a1a-8639-85f6e846679d{ip: 192.168.164.233, host: pr-hdds-2327-vtdmt-1103746116, networkLocation: /default-rack, certSerialId: null} reports an CLOSED replica.
2019-10-18 14:34:22,373 [EventQueue-ContainerReportForContainerReportHandler] WARN  container.ContainerReportHandler (AbstractContainerReportHandler.java:updateContainerState(145)) - Container #1 is in OPEN state, but the datanode 07da283f-72b3-4610-abc1-72d23674d905{ip: 192.168.164.233, host: pr-hdds-2327-vtdmt-1103746116, networkLocation: /default-rack, certSerialId: null} reports an CLOSED replica.
2019-10-18 14:34:22,424 [BlockDeletingService#2] WARN  background.BlockDeletingService (BlockDeletingService.java:isDeletionAllowed(187)) - Close Container log Index 6 is not replicated across allthe servers in the pipeline 1b899901-10f6-4f6e-b1b6-50f79935bc6a as the min replicated index is 4. Deletion is not allowed in this container yet.
2019-10-18 14:34:22,424 [BlockDeletingService#2] WARN  background.BlockDeletingService (BlockDeletingService.java:isDeletionAllowed(187)) - Close Container log Index 6 is not replicated across allthe servers in the pipeline 1b899901-10f6-4f6e-b1b6-50f79935bc6a as the min replicated index is 4. Deletion is not allowed in this container yet.
2019-10-18 14:34:22,459 [EventQueue-ContainerReportForContainerReportHandler] WARN  container.ContainerReportHandler (AbstractContainerReportHandler.java:updateContainerState(145)) - Container #1 is in OPEN state, but the datanode c3a3cb61-beea-4a1a-8639-85f6e846679d{ip: 192.168.164.233, host: pr-hdds-2327-vtdmt-1103746116, networkLocation: /default-rack, certSerialId: null} reports an CLOSED replica.
2019-10-18 14:34:22,573 [EventQueue-ContainerReportForContainerReportHandler] WARN  container.ContainerReportHandler (AbstractContainerReportHandler.java:updateContainerState(145)) - Container #1 is in OPEN state, but the datanode 07da283f-72b3-4610-abc1-72d23674d905{ip: 192.168.164.233, host: pr-hdds-2327-vtdmt-1103746116, networkLocation: /default-rack, certSerialId: null} reports an CLOSED replica.
2019-10-18 14:34:22,759 [EventQueue-ContainerReportForContainerReportHandler] WARN  container.ContainerReportHandler (AbstractContainerReportHandler.java:updateContainerState(145)) - Container #1 is in OPEN state, but the datanode c3a3cb61-beea-4a1a-8639-85f6e846679d{ip: 192.168.164.233, host: pr-hdds-2327-vtdmt-1103746116, networkLocation: /default-rack, certSerialId: null} reports an CLOSED replica.
2019-10-18 14:34:22,872 [EventQueue-ContainerReportForContainerReportHandler] WARN  container.ContainerReportHandler (AbstractContainerReportHandler.java:updateContainerState(145)) - Container #1 is in OPEN state, but the datanode 07da283f-72b3-4610-abc1-72d23674d905{ip: 192.168.164.233, host: pr-hdds-2327-vtdmt-1103746116, networkLocation: /default-rack, certSerialId: null} reports an CLOSED replica.
2019-10-18 14:34:22,882 [java.util.concurrent.ThreadPoolExecutor$Worker@37af0650[State = -1, empty queue]] WARN  server.GrpcLogAppender (GrpcLogAppender.java:timeoutAppendRequest(209)) - 07da283f-72b3-4610-abc1-72d23674d905@group-50F79935BC6A->c5b86445-9c87-4edb-b176-8eaf015b94aa-GrpcLogAppender: appendEntries Timeout, request=07da283f-72b3-4610-abc1-72d23674d905->c5b86445-9c87-4edb-b176-8eaf015b94aa#45-t2, previous=(t:2, i:10), leaderCommit=10, initializing? false, entries: <empty>
2019-10-18 14:34:22,959 [EventQueue-ContainerReportForContainerReportHandler] WARN  container.ContainerReportHandler (AbstractContainerReportHandler.java:updateContainerState(145)) - Container #1 is in OPEN state, but the datanode c3a3cb61-beea-4a1a-8639-85f6e846679d{ip: 192.168.164.233, host: pr-hdds-2327-vtdmt-1103746116, networkLocation: /default-rack, certSerialId: null} reports an CLOSED replica.
2019-10-18 14:34:23,159 [EventQueue-ContainerReportForContainerReportHandler] WARN  container.ContainerReportHandler (AbstractContainerReportHandler.java:updateContainerState(145)) - Container #1 is in OPEN state, but the datanode c3a3cb61-beea-4a1a-8639-85f6e846679d{ip: 192.168.164.233, host: pr-hdds-2327-vtdmt-1103746116, networkLocation: /default-rack, certSerialId: null} reports an CLOSED replica.
2019-10-18 14:34:23,172 [EventQueue-ContainerReportForContainerReportHandler] WARN  container.ContainerReportHandler (AbstractContainerReportHandler.java:updateContainerState(145)) - Container #1 is in OPEN state, but the datanode 07da283f-72b3-4610-abc1-72d23674d905{ip: 192.168.164.233, host: pr-hdds-2327-vtdmt-1103746116, networkLocation: /default-rack, certSerialId: null} reports an CLOSED replica.
2019-10-18 14:34:23,426 [BlockDeletingService#2] WARN  background.BlockDeletingService (BlockDeletingService.java:isDeletionAllowed(187)) - Close Container log Index 6 is not replicated across allthe servers in the pipeline 1b899901-10f6-4f6e-b1b6-50f79935bc6a as the min replicated index is 4. Deletion is not allowed in this container yet.
2019-10-18 14:34:23,426 [BlockDeletingService#2] WARN  background.BlockDeletingService (BlockDeletingService.java:isDeletionAllowed(187)) - Close Container log Index 6 is not replicated across allthe servers in the pipeline 1b899901-10f6-4f6e-b1b6-50f79935bc6a as the min replicated index is 4. Deletion is not allowed in this container yet.
2019-10-18 14:34:23,459 [EventQueue-ContainerReportForContainerReportHandler] WARN  container.ContainerReportHandler (AbstractContainerReportHandler.java:updateContainerState(145)) - Container #1 is in OPEN state, but the datanode c3a3cb61-beea-4a1a-8639-85f6e846679d{ip: 192.168.164.233, host: pr-hdds-2327-vtdmt-1103746116, networkLocation: /default-rack, certSerialId: null} reports an CLOSED replica.
2019-10-18 14:34:23,472 [EventQueue-ContainerReportForContainerReportHandler] WARN  container.ContainerReportHandler (AbstractContainerReportHandler.java:updateContainerState(145)) - Container #1 is in OPEN state, but the datanode 07da283f-72b3-4610-abc1-72d23674d905{ip: 192.168.164.233, host: pr-hdds-2327-vtdmt-1103746116, networkLocation: /default-rack, certSerialId: null} reports an CLOSED replica.
2019-10-18 14:34:23,772 [EventQueue-ContainerReportForContainerReportHandler] WARN  container.ContainerReportHandler (AbstractContainerReportHandler.java:updateContainerState(145)) - Container #1 is in OPEN state, but the datanode 07da283f-72b3-4610-abc1-72d23674d905{ip: 192.168.164.233, host: pr-hdds-2327-vtdmt-1103746116, networkLocation: /default-rack, certSerialId: null} reports an CLOSED replica.
2019-10-18 14:34:23,862 [EventQueue-ContainerReportForContainerReportHandler] WARN  container.ContainerReportHandler (AbstractContainerReportHandler.java:updateContainerState(145)) - Container #1 is in OPEN state, but the datanode c3a3cb61-beea-4a1a-8639-85f6e846679d{ip: 192.168.164.233, host: pr-hdds-2327-vtdmt-1103746116, networkLocation: /default-rack, certSerialId: null} reports an CLOSED replica.
2019-10-18 14:34:24,073 [EventQueue-ContainerReportForContainerReportHandler] WARN  container.ContainerReportHandler (AbstractContainerReportHandler.java:updateContainerState(145)) - Container #1 is in OPEN state, but the datanode 07da283f-72b3-4610-abc1-72d23674d905{ip: 192.168.164.233, host: pr-hdds-2327-vtdmt-1103746116, networkLocation: /default-rack, certSerialId: null} reports an CLOSED replica.
2019-10-18 14:34:24,159 [EventQueue-ContainerReportForContainerReportHandler] WARN  container.ContainerReportHandler (AbstractContainerReportHandler.java:updateContainerState(145)) - Container #1 is in OPEN state, but the datanode c3a3cb61-beea-4a1a-8639-85f6e846679d{ip: 192.168.164.233, host: pr-hdds-2327-vtdmt-1103746116, networkLocation: /default-rack, certSerialId: null} reports an CLOSED replica.
2019-10-18 14:34:24,373 [EventQueue-ContainerReportForContainerReportHandler] WARN  container.ContainerReportHandler (AbstractContainerReportHandler.java:updateContainerState(145)) - Container #1 is in OPEN state, but the datanode 07da283f-72b3-4610-abc1-72d23674d905{ip: 192.168.164.233, host: pr-hdds-2327-vtdmt-1103746116, networkLocation: /default-rack, certSerialId: null} reports an CLOSED replica.
2019-10-18 14:34:24,427 [BlockDeletingService#2] WARN  background.BlockDeletingService (BlockDeletingService.java:isDeletionAllowed(187)) - Close Container log Index 6 is not replicated across allthe servers in the pipeline 1b899901-10f6-4f6e-b1b6-50f79935bc6a as the min replicated index is 4. Deletion is not allowed in this container yet.
2019-10-18 14:34:24,427 [BlockDeletingService#2] WARN  background.BlockDeletingService (BlockDeletingService.java:isDeletionAllowed(187)) - Close Container log Index 6 is not replicated across allthe servers in the pipeline 1b899901-10f6-4f6e-b1b6-50f79935bc6a as the min replicated index is 4. Deletion is not allowed in this container yet.
2019-10-18 14:34:24,459 [EventQueue-ContainerReportForContainerReportHandler] WARN  container.ContainerReportHandler (AbstractContainerReportHandler.java:updateContainerState(145)) - Container #1 is in OPEN state, but the datanode c3a3cb61-beea-4a1a-8639-85f6e846679d{ip: 192.168.164.233, host: pr-hdds-2327-vtdmt-1103746116, networkLocation: /default-rack, certSerialId: null} reports an CLOSED replica.
2019-10-18 14:34:24,759 [EventQueue-ContainerReportForContainerReportHandler] WARN  container.ContainerReportHandler (AbstractContainerReportHandler.java:updateContainerState(145)) - Container #1 is in OPEN state, but the datanode c3a3cb61-beea-4a1a-8639-85f6e846679d{ip: 192.168.164.233, host: pr-hdds-2327-vtdmt-1103746116, networkLocation: /default-rack, certSerialId: null} reports an CLOSED replica.
2019-10-18 14:34:24,773 [EventQueue-ContainerReportForContainerReportHandler] WARN  container.ContainerReportHandler (AbstractContainerReportHandler.java:updateContainerState(145)) - Container #1 is in OPEN state, but the datanode 07da283f-72b3-4610-abc1-72d23674d905{ip: 192.168.164.233, host: pr-hdds-2327-vtdmt-1103746116, networkLocation: /default-rack, certSerialId: null} reports an CLOSED replica.
2019-10-18 14:34:24,959 [EventQueue-ContainerReportForContainerReportHandler] WARN  container.ContainerReportHandler (AbstractContainerReportHandler.java:updateContainerState(145)) - Container #1 is in OPEN state, but the datanode c3a3cb61-beea-4a1a-8639-85f6e846679d{ip: 192.168.164.233, host: pr-hdds-2327-vtdmt-1103746116, networkLocation: /default-rack, certSerialId: null} reports an CLOSED replica.
2019-10-18 14:34:25,075 [EventQueue-ContainerReportForContainerReportHandler] WARN  container.ContainerReportHandler (AbstractContainerReportHandler.java:updateContainerState(145)) - Container #1 is in OPEN state, but the datanode 07da283f-72b3-4610-abc1-72d23674d905{ip: 192.168.164.233, host: pr-hdds-2327-vtdmt-1103746116, networkLocation: /default-rack, certSerialId: null} reports an CLOSED replica.
2019-10-18 14:34:25,078 [Thread-484] INFO  client.GrpcClientProtocolService (GrpcClientProtocolService.java:lambda$processClientRequest$0(278)) - Failed RaftClientRequest:client-D4B6A76FA5A7->c3a3cb61-beea-4a1a-8639-85f6e846679d@group-50F79935BC6A, cid=10, seq=0, Watch-ALL_COMMITTED(6), Message:<EMPTY>, reply=RaftClientReply:client-D4B6A76FA5A7->c3a3cb61-beea-4a1a-8639-85f6e846679d@group-50F79935BC6A, cid=10, FAILED org.apache.ratis.protocol.NotLeaderException: Server c3a3cb61-beea-4a1a-8639-85f6e846679d@group-50F79935BC6A is not the leader 07da283f-72b3-4610-abc1-72d23674d905:192.168.164.233:38130, logIndex=0, commits[c3a3cb61-beea-4a1a-8639-85f6e846679d:c10, 07da283f-72b3-4610-abc1-72d23674d905:c10, c5b86445-9c87-4edb-b176-8eaf015b94aa:c4]
2019-10-18 14:34:25,259 [EventQueue-ContainerReportForContainerReportHandler] WARN  container.ContainerReportHandler (AbstractContainerReportHandler.java:updateContainerState(145)) - Container #1 is in OPEN state, but the datanode c3a3cb61-beea-4a1a-8639-85f6e846679d{ip: 192.168.164.233, host: pr-hdds-2327-vtdmt-1103746116, networkLocation: /default-rack, certSerialId: null} reports an CLOSED replica.
2019-10-18 14:34:25,274 [EventQueue-ContainerReportForContainerReportHandler] WARN  container.ContainerReportHandler (AbstractContainerReportHandler.java:updateContainerState(145)) - Container #1 is in OPEN state, but the datanode 07da283f-72b3-4610-abc1-72d23674d905{ip: 192.168.164.233, host: pr-hdds-2327-vtdmt-1103746116, networkLocation: /default-rack, certSerialId: null} reports an CLOSED replica.
2019-10-18 14:34:25,384 [java.util.concurrent.ThreadPoolExecutor$Worker@37af0650[State = -1, empty queue]] WARN  server.GrpcLogAppender (GrpcLogAppender.java:timeoutAppendRequest(209)) - 07da283f-72b3-4610-abc1-72d23674d905@group-50F79935BC6A->c5b86445-9c87-4edb-b176-8eaf015b94aa-GrpcLogAppender: appendEntries Timeout, request=07da283f-72b3-4610-abc1-72d23674d905->c5b86445-9c87-4edb-b176-8eaf015b94aa#46-t2, previous=(t:2, i:10), leaderCommit=10, initializing? false, entries: <empty>
2019-10-18 14:34:25,428 [BlockDeletingService#2] WARN  background.BlockDeletingService (BlockDeletingService.java:isDeletionAllowed(187)) - Close Container log Index 6 is not replicated across allthe servers in the pipeline 1b899901-10f6-4f6e-b1b6-50f79935bc6a as the min replicated index is 4. Deletion is not allowed in this container yet.
2019-10-18 14:34:25,429 [BlockDeletingService#2] WARN  background.BlockDeletingService (BlockDeletingService.java:isDeletionAllowed(187)) - Close Container log Index 6 is not replicated across allthe servers in the pipeline 1b899901-10f6-4f6e-b1b6-50f79935bc6a as the min replicated index is 4. Deletion is not allowed in this container yet.
2019-10-18 14:34:25,559 [EventQueue-ContainerReportForContainerReportHandler] WARN  container.ContainerReportHandler (AbstractContainerReportHandler.java:updateContainerState(145)) - Container #1 is in OPEN state, but the datanode c3a3cb61-beea-4a1a-8639-85f6e846679d{ip: 192.168.164.233, host: pr-hdds-2327-vtdmt-1103746116, networkLocation: /default-rack, certSerialId: null} reports an CLOSED replica.
2019-10-18 14:34:25,674 [EventQueue-ContainerReportForContainerReportHandler] WARN  container.ContainerReportHandler (AbstractContainerReportHandler.java:updateContainerState(145)) - Container #1 is in OPEN state, but the datanode 07da283f-72b3-4610-abc1-72d23674d905{ip: 192.168.164.233, host: pr-hdds-2327-vtdmt-1103746116, networkLocation: /default-rack, certSerialId: null} reports an CLOSED replica.
2019-10-18 14:34:25,959 [EventQueue-ContainerReportForContainerReportHandler] WARN  container.ContainerReportHandler (AbstractContainerReportHandler.java:updateContainerState(145)) - Container #1 is in OPEN state, but the datanode c3a3cb61-beea-4a1a-8639-85f6e846679d{ip: 192.168.164.233, host: pr-hdds-2327-vtdmt-1103746116, networkLocation: /default-rack, certSerialId: null} reports an CLOSED replica.
2019-10-18 14:34:25,976 [EventQueue-ContainerReportForContainerReportHandler] WARN  container.ContainerReportHandler (AbstractContainerReportHandler.java:updateContainerState(145)) - Container #1 is in OPEN state, but the datanode 07da283f-72b3-4610-abc1-72d23674d905{ip: 192.168.164.233, host: pr-hdds-2327-vtdmt-1103746116, networkLocation: /default-rack, certSerialId: null} reports an CLOSED replica.
2019-10-18 14:34:26,259 [EventQueue-ContainerReportForContainerReportHandler] WARN  container.ContainerReportHandler (AbstractContainerReportHandler.java:updateContainerState(145)) - Container #1 is in OPEN state, but the datanode c3a3cb61-beea-4a1a-8639-85f6e846679d{ip: 192.168.164.233, host: pr-hdds-2327-vtdmt-1103746116, networkLocation: /default-rack, certSerialId: null} reports an CLOSED replica.
2019-10-18 14:34:26,275 [EventQueue-ContainerReportForContainerReportHandler] WARN  container.ContainerReportHandler (AbstractContainerReportHandler.java:updateContainerState(145)) - Container #1 is in OPEN state, but the datanode 07da283f-72b3-4610-abc1-72d23674d905{ip: 192.168.164.233, host: pr-hdds-2327-vtdmt-1103746116, networkLocation: /default-rack, certSerialId: null} reports an CLOSED replica.
2019-10-18 14:34:26,430 [BlockDeletingService#2] WARN  background.BlockDeletingService (BlockDeletingService.java:isDeletionAllowed(187)) - Close Container log Index 6 is not replicated across allthe servers in the pipeline 1b899901-10f6-4f6e-b1b6-50f79935bc6a as the min replicated index is 4. Deletion is not allowed in this container yet.
2019-10-18 14:34:26,430 [BlockDeletingService#2] WARN  background.BlockDeletingService (BlockDeletingService.java:isDeletionAllowed(187)) - Close Container log Index 6 is not replicated across allthe servers in the pipeline 1b899901-10f6-4f6e-b1b6-50f79935bc6a as the min replicated index is 4. Deletion is not allowed in this container yet.
2019-10-18 14:34:26,477 [EventQueue-ContainerReportForContainerReportHandler] WARN  container.ContainerReportHandler (AbstractContainerReportHandler.java:updateContainerState(145)) - Container #1 is in OPEN state, but the datanode 07da283f-72b3-4610-abc1-72d23674d905{ip: 192.168.164.233, host: pr-hdds-2327-vtdmt-1103746116, networkLocation: /default-rack, certSerialId: null} reports an CLOSED replica.
2019-10-18 14:34:26,659 [EventQueue-ContainerReportForContainerReportHandler] WARN  container.ContainerReportHandler (AbstractContainerReportHandler.java:updateContainerState(145)) - Container #1 is in OPEN state, but the datanode c3a3cb61-beea-4a1a-8639-85f6e846679d{ip: 192.168.164.233, host: pr-hdds-2327-vtdmt-1103746116, networkLocation: /default-rack, certSerialId: null} reports an CLOSED replica.
2019-10-18 14:34:26,682 [Thread-491] INFO  client.GrpcClientProtocolService (GrpcClientProtocolService.java:lambda$processClientRequest$0(278)) - Failed RaftClientRequest:client-D4B6A76FA5A7->07da283f-72b3-4610-abc1-72d23674d905@group-50F79935BC6A, cid=10, seq=0, Watch-ALL_COMMITTED(6), Message:<EMPTY>, reply=RaftClientReply:client-D4B6A76FA5A7->07da283f-72b3-4610-abc1-72d23674d905@group-50F79935BC6A, cid=10, FAILED org.apache.ratis.protocol.NotReplicatedException: Request with call Id 10 and log index 6 is not yet replicated to ALL_COMMITTED, logIndex=6, commits[07da283f-72b3-4610-abc1-72d23674d905:c10, c3a3cb61-beea-4a1a-8639-85f6e846679d:c10, c5b86445-9c87-4edb-b176-8eaf015b94aa:c4]
2019-10-18 14:34:26,859 [EventQueue-ContainerReportForContainerReportHandler] WARN  container.ContainerReportHandler (AbstractContainerReportHandler.java:updateContainerState(145)) - Container #1 is in OPEN state, but the datanode c3a3cb61-beea-4a1a-8639-85f6e846679d{ip: 192.168.164.233, host: pr-hdds-2327-vtdmt-1103746116, networkLocation: /default-rack, certSerialId: null} reports an CLOSED replica.
2019-10-18 14:34:26,876 [EventQueue-ContainerReportForContainerReportHandler] WARN  container.ContainerReportHandler (AbstractContainerReportHandler.java:updateContainerState(145)) - Container #1 is in OPEN state, but the datanode 07da283f-72b3-4610-abc1-72d23674d905{ip: 192.168.164.233, host: pr-hdds-2327-vtdmt-1103746116, networkLocation: /default-rack, certSerialId: null} reports an CLOSED replica.
2019-10-18 14:34:27,076 [EventQueue-ContainerReportForContainerReportHandler] WARN  container.ContainerReportHandler (AbstractContainerReportHandler.java:updateContainerState(145)) - Container #1 is in OPEN state, but the datanode 07da283f-72b3-4610-abc1-72d23674d905{ip: 192.168.164.233, host: pr-hdds-2327-vtdmt-1103746116, networkLocation: /default-rack, certSerialId: null} reports an CLOSED replica.
2019-10-18 14:34:27,161 [EventQueue-ContainerReportForContainerReportHandler] WARN  container.ContainerReportHandler (AbstractContainerReportHandler.java:updateContainerState(145)) - Container #1 is in OPEN state, but the datanode c3a3cb61-beea-4a1a-8639-85f6e846679d{ip: 192.168.164.233, host: pr-hdds-2327-vtdmt-1103746116, networkLocation: /default-rack, certSerialId: null} reports an CLOSED replica.
2019-10-18 14:34:27,377 [EventQueue-ContainerReportForContainerReportHandler] WARN  container.ContainerReportHandler (AbstractContainerReportHandler.java:updateContainerState(145)) - Container #1 is in OPEN state, but the datanode 07da283f-72b3-4610-abc1-72d23674d905{ip: 192.168.164.233, host: pr-hdds-2327-vtdmt-1103746116, networkLocation: /default-rack, certSerialId: null} reports an CLOSED replica.
2019-10-18 14:34:27,432 [BlockDeletingService#2] WARN  background.BlockDeletingService (BlockDeletingService.java:isDeletionAllowed(187)) - Close Container log Index 6 is not replicated across allthe servers in the pipeline 1b899901-10f6-4f6e-b1b6-50f79935bc6a as the min replicated index is 4. Deletion is not allowed in this container yet.
2019-10-18 14:34:27,432 [BlockDeletingService#2] WARN  background.BlockDeletingService (BlockDeletingService.java:isDeletionAllowed(187)) - Close Container log Index 6 is not replicated across allthe servers in the pipeline 1b899901-10f6-4f6e-b1b6-50f79935bc6a as the min replicated index is 4. Deletion is not allowed in this container yet.
2019-10-18 14:34:27,461 [EventQueue-ContainerReportForContainerReportHandler] WARN  container.ContainerReportHandler (AbstractContainerReportHandler.java:updateContainerState(145)) - Container #1 is in OPEN state, but the datanode c3a3cb61-beea-4a1a-8639-85f6e846679d{ip: 192.168.164.233, host: pr-hdds-2327-vtdmt-1103746116, networkLocation: /default-rack, certSerialId: null} reports an CLOSED replica.
2019-10-18 14:34:27,676 [EventQueue-ContainerReportForContainerReportHandler] WARN  container.ContainerReportHandler (AbstractContainerReportHandler.java:updateContainerState(145)) - Container #1 is in OPEN state, but the datanode 07da283f-72b3-4610-abc1-72d23674d905{ip: 192.168.164.233, host: pr-hdds-2327-vtdmt-1103746116, networkLocation: /default-rack, certSerialId: null} reports an CLOSED replica.
2019-10-18 14:34:27,762 [EventQueue-ContainerReportForContainerReportHandler] WARN  container.ContainerReportHandler (AbstractContainerReportHandler.java:updateContainerState(145)) - Container #1 is in OPEN state, but the datanode c3a3cb61-beea-4a1a-8639-85f6e846679d{ip: 192.168.164.233, host: pr-hdds-2327-vtdmt-1103746116, networkLocation: /default-rack, certSerialId: null} reports an CLOSED replica.
2019-10-18 14:34:27,885 [java.util.concurrent.ThreadPoolExecutor$Worker@37af0650[State = -1, empty queue]] WARN  server.GrpcLogAppender (GrpcLogAppender.java:timeoutAppendRequest(209)) - 07da283f-72b3-4610-abc1-72d23674d905@group-50F79935BC6A->c5b86445-9c87-4edb-b176-8eaf015b94aa-GrpcLogAppender: appendEntries Timeout, request=07da283f-72b3-4610-abc1-72d23674d905->c5b86445-9c87-4edb-b176-8eaf015b94aa#47-t2, previous=(t:2, i:10), leaderCommit=10, initializing? false, entries: <empty>
2019-10-18 14:34:27,961 [EventQueue-ContainerReportForContainerReportHandler] WARN  container.ContainerReportHandler (AbstractContainerReportHandler.java:updateContainerState(145)) - Container #1 is in OPEN state, but the datanode c3a3cb61-beea-4a1a-8639-85f6e846679d{ip: 192.168.164.233, host: pr-hdds-2327-vtdmt-1103746116, networkLocation: /default-rack, certSerialId: null} reports an CLOSED replica.
2019-10-18 14:34:27,976 [EventQueue-ContainerReportForContainerReportHandler] WARN  container.ContainerReportHandler (AbstractContainerReportHandler.java:updateContainerState(145)) - Container #1 is in OPEN state, but the datanode 07da283f-72b3-4610-abc1-72d23674d905{ip: 192.168.164.233, host: pr-hdds-2327-vtdmt-1103746116, networkLocation: /default-rack, certSerialId: null} reports an CLOSED replica.
2019-10-18 14:34:28,261 [EventQueue-ContainerReportForContainerReportHandler] WARN  container.ContainerReportHandler (AbstractContainerReportHandler.java:updateContainerState(145)) - Container #1 is in OPEN state, but the datanode c3a3cb61-beea-4a1a-8639-85f6e846679d{ip: 192.168.164.233, host: pr-hdds-2327-vtdmt-1103746116, networkLocation: /default-rack, certSerialId: null} reports an CLOSED replica.
2019-10-18 14:34:28,276 [EventQueue-ContainerReportForContainerReportHandler] WARN  container.ContainerReportHandler (AbstractContainerReportHandler.java:updateContainerState(145)) - Container #1 is in OPEN state, but the datanode 07da283f-72b3-4610-abc1-72d23674d905{ip: 192.168.164.233, host: pr-hdds-2327-vtdmt-1103746116, networkLocation: /default-rack, certSerialId: null} reports an CLOSED replica.
2019-10-18 14:34:28,435 [BlockDeletingService#2] WARN  background.BlockDeletingService (BlockDeletingService.java:isDeletionAllowed(187)) - Close Container log Index 6 is not replicated across allthe servers in the pipeline 1b899901-10f6-4f6e-b1b6-50f79935bc6a as the min replicated index is 4. Deletion is not allowed in this container yet.
2019-10-18 14:34:28,435 [BlockDeletingService#2] WARN  background.BlockDeletingService (BlockDeletingService.java:isDeletionAllowed(187)) - Close Container log Index 6 is not replicated across allthe servers in the pipeline 1b899901-10f6-4f6e-b1b6-50f79935bc6a as the min replicated index is 4. Deletion is not allowed in this container yet.
2019-10-18 14:34:28,561 [EventQueue-ContainerReportForContainerReportHandler] WARN  container.ContainerReportHandler (AbstractContainerReportHandler.java:updateContainerState(145)) - Container #1 is in OPEN state, but the datanode c3a3cb61-beea-4a1a-8639-85f6e846679d{ip: 192.168.164.233, host: pr-hdds-2327-vtdmt-1103746116, networkLocation: /default-rack, certSerialId: null} reports an CLOSED replica.
2019-10-18 14:34:28,577 [EventQueue-ContainerReportForContainerReportHandler] WARN  container.ContainerReportHandler (AbstractContainerReportHandler.java:updateContainerState(145)) - Container #1 is in OPEN state, but the datanode 07da283f-72b3-4610-abc1-72d23674d905{ip: 192.168.164.233, host: pr-hdds-2327-vtdmt-1103746116, networkLocation: /default-rack, certSerialId: null} reports an CLOSED replica.
2019-10-18 14:34:28,762 [EventQueue-ContainerReportForContainerReportHandler] WARN  container.ContainerReportHandler (AbstractContainerReportHandler.java:updateContainerState(145)) - Container #1 is in OPEN state, but the datanode c3a3cb61-beea-4a1a-8639-85f6e846679d{ip: 192.168.164.233, host: pr-hdds-2327-vtdmt-1103746116, networkLocation: /default-rack, certSerialId: null} reports an CLOSED replica.
2019-10-18 14:34:28,779 [EventQueue-ContainerReportForContainerReportHandler] WARN  container.ContainerReportHandler (AbstractContainerReportHandler.java:updateContainerState(145)) - Container #1 is in OPEN state, but the datanode 07da283f-72b3-4610-abc1-72d23674d905{ip: 192.168.164.233, host: pr-hdds-2327-vtdmt-1103746116, networkLocation: /default-rack, certSerialId: null} reports an CLOSED replica.
2019-10-18 14:34:28,962 [EventQueue-ContainerReportForContainerReportHandler] WARN  container.ContainerReportHandler (AbstractContainerReportHandler.java:updateContainerState(145)) - Container #1 is in OPEN state, but the datanode c3a3cb61-beea-4a1a-8639-85f6e846679d{ip: 192.168.164.233, host: pr-hdds-2327-vtdmt-1103746116, networkLocation: /default-rack, certSerialId: null} reports an CLOSED replica.
2019-10-18 14:34:29,179 [EventQueue-ContainerReportForContainerReportHandler] WARN  container.ContainerReportHandler (AbstractContainerReportHandler.java:updateContainerState(145)) - Container #1 is in OPEN state, but the datanode 07da283f-72b3-4610-abc1-72d23674d905{ip: 192.168.164.233, host: pr-hdds-2327-vtdmt-1103746116, networkLocation: /default-rack, certSerialId: null} reports an CLOSED replica.
2019-10-18 14:34:29,261 [EventQueue-ContainerReportForContainerReportHandler] WARN  container.ContainerReportHandler (AbstractContainerReportHandler.java:updateContainerState(145)) - Container #1 is in OPEN state, but the datanode c3a3cb61-beea-4a1a-8639-85f6e846679d{ip: 192.168.164.233, host: pr-hdds-2327-vtdmt-1103746116, networkLocation: /default-rack, certSerialId: null} reports an CLOSED replica.
2019-10-18 14:34:29,437 [BlockDeletingService#2] WARN  background.BlockDeletingService (BlockDeletingService.java:isDeletionAllowed(187)) - Close Container log Index 6 is not replicated across allthe servers in the pipeline 1b899901-10f6-4f6e-b1b6-50f79935bc6a as the min replicated index is 4. Deletion is not allowed in this container yet.
2019-10-18 14:34:29,437 [BlockDeletingService#2] WARN  background.BlockDeletingService (BlockDeletingService.java:isDeletionAllowed(187)) - Close Container log Index 6 is not replicated across allthe servers in the pipeline 1b899901-10f6-4f6e-b1b6-50f79935bc6a as the min replicated index is 4. Deletion is not allowed in this container yet.
2019-10-18 14:34:29,580 [EventQueue-ContainerReportForContainerReportHandler] WARN  container.ContainerReportHandler (AbstractContainerReportHandler.java:updateContainerState(145)) - Container #1 is in OPEN state, but the datanode 07da283f-72b3-4610-abc1-72d23674d905{ip: 192.168.164.233, host: pr-hdds-2327-vtdmt-1103746116, networkLocation: /default-rack, certSerialId: null} reports an CLOSED replica.
2019-10-18 14:34:29,662 [EventQueue-ContainerReportForContainerReportHandler] WARN  container.ContainerReportHandler (AbstractContainerReportHandler.java:updateContainerState(145)) - Container #1 is in OPEN state, but the datanode c3a3cb61-beea-4a1a-8639-85f6e846679d{ip: 192.168.164.233, host: pr-hdds-2327-vtdmt-1103746116, networkLocation: /default-rack, certSerialId: null} reports an CLOSED replica.
2019-10-18 14:34:29,781 [EventQueue-ContainerReportForContainerReportHandler] WARN  container.ContainerReportHandler (AbstractContainerReportHandler.java:updateContainerState(145)) - Container #1 is in OPEN state, but the datanode 07da283f-72b3-4610-abc1-72d23674d905{ip: 192.168.164.233, host: pr-hdds-2327-vtdmt-1103746116, networkLocation: /default-rack, certSerialId: null} reports an CLOSED replica.
2019-10-18 14:34:29,862 [EventQueue-ContainerReportForContainerReportHandler] WARN  container.ContainerReportHandler (AbstractContainerReportHandler.java:updateContainerState(145)) - Container #1 is in OPEN state, but the datanode c3a3cb61-beea-4a1a-8639-85f6e846679d{ip: 192.168.164.233, host: pr-hdds-2327-vtdmt-1103746116, networkLocation: /default-rack, certSerialId: null} reports an CLOSED replica.
2019-10-18 14:34:29,980 [EventQueue-ContainerReportForContainerReportHandler] WARN  container.ContainerReportHandler (AbstractContainerReportHandler.java:updateContainerState(145)) - Container #1 is in OPEN state, but the datanode 07da283f-72b3-4610-abc1-72d23674d905{ip: 192.168.164.233, host: pr-hdds-2327-vtdmt-1103746116, networkLocation: /default-rack, certSerialId: null} reports an CLOSED replica.
2019-10-18 14:34:30,162 [EventQueue-ContainerReportForContainerReportHandler] WARN  container.ContainerReportHandler (AbstractContainerReportHandler.java:updateContainerState(145)) - Container #1 is in OPEN state, but the datanode c3a3cb61-beea-4a1a-8639-85f6e846679d{ip: 192.168.164.233, host: pr-hdds-2327-vtdmt-1103746116, networkLocation: /default-rack, certSerialId: null} reports an CLOSED replica.
2019-10-18 14:34:30,381 [EventQueue-ContainerReportForContainerReportHandler] WARN  container.ContainerReportHandler (AbstractContainerReportHandler.java:updateContainerState(145)) - Container #1 is in OPEN state, but the datanode 07da283f-72b3-4610-abc1-72d23674d905{ip: 192.168.164.233, host: pr-hdds-2327-vtdmt-1103746116, networkLocation: /default-rack, certSerialId: null} reports an CLOSED replica.
2019-10-18 14:34:30,386 [java.util.concurrent.ThreadPoolExecutor$Worker@37af0650[State = -1, empty queue]] WARN  server.GrpcLogAppender (GrpcLogAppender.java:timeoutAppendRequest(209)) - 07da283f-72b3-4610-abc1-72d23674d905@group-50F79935BC6A->c5b86445-9c87-4edb-b176-8eaf015b94aa-GrpcLogAppender: appendEntries Timeout, request=07da283f-72b3-4610-abc1-72d23674d905->c5b86445-9c87-4edb-b176-8eaf015b94aa#48-t2, previous=(t:2, i:10), leaderCommit=10, initializing? false, entries: <empty>
2019-10-18 14:34:30,439 [BlockDeletingService#2] WARN  background.BlockDeletingService (BlockDeletingService.java:isDeletionAllowed(187)) - Close Container log Index 6 is not replicated across allthe servers in the pipeline 1b899901-10f6-4f6e-b1b6-50f79935bc6a as the min replicated index is 4. Deletion is not allowed in this container yet.
2019-10-18 14:34:30,439 [BlockDeletingService#2] WARN  background.BlockDeletingService (BlockDeletingService.java:isDeletionAllowed(187)) - Close Container log Index 6 is not replicated across allthe servers in the pipeline 1b899901-10f6-4f6e-b1b6-50f79935bc6a as the min replicated index is 4. Deletion is not allowed in this container yet.
2019-10-18 14:34:30,562 [EventQueue-ContainerReportForContainerReportHandler] WARN  container.ContainerReportHandler (AbstractContainerReportHandler.java:updateContainerState(145)) - Container #1 is in OPEN state, but the datanode c3a3cb61-beea-4a1a-8639-85f6e846679d{ip: 192.168.164.233, host: pr-hdds-2327-vtdmt-1103746116, networkLocation: /default-rack, certSerialId: null} reports an CLOSED replica.
2019-10-18 14:34:30,681 [EventQueue-ContainerReportForContainerReportHandler] WARN  container.ContainerReportHandler (AbstractContainerReportHandler.java:updateContainerState(145)) - Container #1 is in OPEN state, but the datanode 07da283f-72b3-4610-abc1-72d23674d905{ip: 192.168.164.233, host: pr-hdds-2327-vtdmt-1103746116, networkLocation: /default-rack, certSerialId: null} reports an CLOSED replica.
2019-10-18 14:34:30,863 [EventQueue-ContainerReportForContainerReportHandler] WARN  container.ContainerReportHandler (AbstractContainerReportHandler.java:updateContainerState(145)) - Container #1 is in OPEN state, but the datanode c3a3cb61-beea-4a1a-8639-85f6e846679d{ip: 192.168.164.233, host: pr-hdds-2327-vtdmt-1103746116, networkLocation: /default-rack, certSerialId: null} reports an CLOSED replica.
2019-10-18 14:34:30,983 [EventQueue-ContainerReportForContainerReportHandler] WARN  container.ContainerReportHandler (AbstractContainerReportHandler.java:updateContainerState(145)) - Container #1 is in OPEN state, but the datanode 07da283f-72b3-4610-abc1-72d23674d905{ip: 192.168.164.233, host: pr-hdds-2327-vtdmt-1103746116, networkLocation: /default-rack, certSerialId: null} reports an CLOSED replica.
2019-10-18 14:34:31,064 [EventQueue-ContainerReportForContainerReportHandler] WARN  container.ContainerReportHandler (AbstractContainerReportHandler.java:updateContainerState(145)) - Container #1 is in OPEN state, but the datanode c3a3cb61-beea-4a1a-8639-85f6e846679d{ip: 192.168.164.233, host: pr-hdds-2327-vtdmt-1103746116, networkLocation: /default-rack, certSerialId: null} reports an CLOSED replica.
2019-10-18 14:34:31,282 [EventQueue-ContainerReportForContainerReportHandler] WARN  container.ContainerReportHandler (AbstractContainerReportHandler.java:updateContainerState(145)) - Container #1 is in OPEN state, but the datanode 07da283f-72b3-4610-abc1-72d23674d905{ip: 192.168.164.233, host: pr-hdds-2327-vtdmt-1103746116, networkLocation: /default-rack, certSerialId: null} reports an CLOSED replica.
2019-10-18 14:34:31,441 [BlockDeletingService#2] WARN  background.BlockDeletingService (BlockDeletingService.java:isDeletionAllowed(187)) - Close Container log Index 6 is not replicated across allthe servers in the pipeline 1b899901-10f6-4f6e-b1b6-50f79935bc6a as the min replicated index is 4. Deletion is not allowed in this container yet.
2019-10-18 14:34:31,441 [BlockDeletingService#2] WARN  background.BlockDeletingService (BlockDeletingService.java:isDeletionAllowed(187)) - Close Container log Index 6 is not replicated across allthe servers in the pipeline 1b899901-10f6-4f6e-b1b6-50f79935bc6a as the min replicated index is 4. Deletion is not allowed in this container yet.
2019-10-18 14:34:31,464 [EventQueue-ContainerReportForContainerReportHandler] WARN  container.ContainerReportHandler (AbstractContainerReportHandler.java:updateContainerState(145)) - Container #1 is in OPEN state, but the datanode c3a3cb61-beea-4a1a-8639-85f6e846679d{ip: 192.168.164.233, host: pr-hdds-2327-vtdmt-1103746116, networkLocation: /default-rack, certSerialId: null} reports an CLOSED replica.
2019-10-18 14:34:31,482 [EventQueue-ContainerReportForContainerReportHandler] WARN  container.ContainerReportHandler (AbstractContainerReportHandler.java:updateContainerState(145)) - Container #1 is in OPEN state, but the datanode 07da283f-72b3-4610-abc1-72d23674d905{ip: 192.168.164.233, host: pr-hdds-2327-vtdmt-1103746116, networkLocation: /default-rack, certSerialId: null} reports an CLOSED replica.
2019-10-18 14:34:31,763 [EventQueue-ContainerReportForContainerReportHandler] WARN  container.ContainerReportHandler (AbstractContainerReportHandler.java:updateContainerState(145)) - Container #1 is in OPEN state, but the datanode c3a3cb61-beea-4a1a-8639-85f6e846679d{ip: 192.168.164.233, host: pr-hdds-2327-vtdmt-1103746116, networkLocation: /default-rack, certSerialId: null} reports an CLOSED replica.
2019-10-18 14:34:31,784 [EventQueue-ContainerReportForContainerReportHandler] WARN  container.ContainerReportHandler (AbstractContainerReportHandler.java:updateContainerState(145)) - Container #1 is in OPEN state, but the datanode 07da283f-72b3-4610-abc1-72d23674d905{ip: 192.168.164.233, host: pr-hdds-2327-vtdmt-1103746116, networkLocation: /default-rack, certSerialId: null} reports an CLOSED replica.
2019-10-18 14:34:31,964 [EventQueue-ContainerReportForContainerReportHandler] WARN  container.ContainerReportHandler (AbstractContainerReportHandler.java:updateContainerState(145)) - Container #1 is in OPEN state, but the datanode c3a3cb61-beea-4a1a-8639-85f6e846679d{ip: 192.168.164.233, host: pr-hdds-2327-vtdmt-1103746116, networkLocation: /default-rack, certSerialId: null} reports an CLOSED replica.
2019-10-18 14:34:32,083 [EventQueue-ContainerReportForContainerReportHandler] WARN  container.ContainerReportHandler (AbstractContainerReportHandler.java:updateContainerState(145)) - Container #1 is in OPEN state, but the datanode 07da283f-72b3-4610-abc1-72d23674d905{ip: 192.168.164.233, host: pr-hdds-2327-vtdmt-1103746116, networkLocation: /default-rack, certSerialId: null} reports an CLOSED replica.
2019-10-18 14:34:32,284 [EventQueue-ContainerReportForContainerReportHandler] WARN  container.ContainerReportHandler (AbstractContainerReportHandler.java:updateContainerState(145)) - Container #1 is in OPEN state, but the datanode 07da283f-72b3-4610-abc1-72d23674d905{ip: 192.168.164.233, host: pr-hdds-2327-vtdmt-1103746116, networkLocation: /default-rack, certSerialId: null} reports an CLOSED replica.
2019-10-18 14:34:32,365 [EventQueue-ContainerReportForContainerReportHandler] WARN  container.ContainerReportHandler (AbstractContainerReportHandler.java:updateContainerState(145)) - Container #1 is in OPEN state, but the datanode c3a3cb61-beea-4a1a-8639-85f6e846679d{ip: 192.168.164.233, host: pr-hdds-2327-vtdmt-1103746116, networkLocation: /default-rack, certSerialId: null} reports an CLOSED replica.
2019-10-18 14:34:32,443 [BlockDeletingService#2] WARN  background.BlockDeletingService (BlockDeletingService.java:isDeletionAllowed(187)) - Close Container log Index 6 is not replicated across allthe servers in the pipeline 1b899901-10f6-4f6e-b1b6-50f79935bc6a as the min replicated index is 4. Deletion is not allowed in this container yet.
2019-10-18 14:34:32,443 [BlockDeletingService#2] WARN  background.BlockDeletingService (BlockDeletingService.java:isDeletionAllowed(187)) - Close Container log Index 6 is not replicated across allthe servers in the pipeline 1b899901-10f6-4f6e-b1b6-50f79935bc6a as the min replicated index is 4. Deletion is not allowed in this container yet.
2019-10-18 14:34:32,484 [EventQueue-ContainerReportForContainerReportHandler] WARN  container.ContainerReportHandler (AbstractContainerReportHandler.java:updateContainerState(145)) - Container #1 is in OPEN state, but the datanode 07da283f-72b3-4610-abc1-72d23674d905{ip: 192.168.164.233, host: pr-hdds-2327-vtdmt-1103746116, networkLocation: /default-rack, certSerialId: null} reports an CLOSED replica.
2019-10-18 14:34:32,665 [EventQueue-ContainerReportForContainerReportHandler] WARN  container.ContainerReportHandler (AbstractContainerReportHandler.java:updateContainerState(145)) - Container #1 is in OPEN state, but the datanode c3a3cb61-beea-4a1a-8639-85f6e846679d{ip: 192.168.164.233, host: pr-hdds-2327-vtdmt-1103746116, networkLocation: /default-rack, certSerialId: null} reports an CLOSED replica.
2019-10-18 14:34:32,884 [EventQueue-ContainerReportForContainerReportHandler] WARN  container.ContainerReportHandler (AbstractContainerReportHandler.java:updateContainerState(145)) - Container #1 is in OPEN state, but the datanode 07da283f-72b3-4610-abc1-72d23674d905{ip: 192.168.164.233, host: pr-hdds-2327-vtdmt-1103746116, networkLocation: /default-rack, certSerialId: null} reports an CLOSED replica.
2019-10-18 14:34:32,887 [java.util.concurrent.ThreadPoolExecutor$Worker@37af0650[State = -1, empty queue]] WARN  server.GrpcLogAppender (GrpcLogAppender.java:timeoutAppendRequest(209)) - 07da283f-72b3-4610-abc1-72d23674d905@group-50F79935BC6A->c5b86445-9c87-4edb-b176-8eaf015b94aa-GrpcLogAppender: appendEntries Timeout, request=07da283f-72b3-4610-abc1-72d23674d905->c5b86445-9c87-4edb-b176-8eaf015b94aa#49-t2, previous=(t:2, i:10), leaderCommit=10, initializing? false, entries: <empty>
2019-10-18 14:34:32,965 [EventQueue-ContainerReportForContainerReportHandler] WARN  container.ContainerReportHandler (AbstractContainerReportHandler.java:updateContainerState(145)) - Container #1 is in OPEN state, but the datanode c3a3cb61-beea-4a1a-8639-85f6e846679d{ip: 192.168.164.233, host: pr-hdds-2327-vtdmt-1103746116, networkLocation: /default-rack, certSerialId: null} reports an CLOSED replica.
2019-10-18 14:34:33,185 [EventQueue-ContainerReportForContainerReportHandler] WARN  container.ContainerReportHandler (AbstractContainerReportHandler.java:updateContainerState(145)) - Container #1 is in OPEN state, but the datanode 07da283f-72b3-4610-abc1-72d23674d905{ip: 192.168.164.233, host: pr-hdds-2327-vtdmt-1103746116, networkLocation: /default-rack, certSerialId: null} reports an CLOSED replica.
2019-10-18 14:34:33,265 [EventQueue-ContainerReportForContainerReportHandler] WARN  container.ContainerReportHandler (AbstractContainerReportHandler.java:updateContainerState(145)) - Container #1 is in OPEN state, but the datanode c3a3cb61-beea-4a1a-8639-85f6e846679d{ip: 192.168.164.233, host: pr-hdds-2327-vtdmt-1103746116, networkLocation: /default-rack, certSerialId: null} reports an CLOSED replica.
2019-10-18 14:34:33,445 [BlockDeletingService#2] WARN  background.BlockDeletingService (BlockDeletingService.java:isDeletionAllowed(187)) - Close Container log Index 6 is not replicated across allthe servers in the pipeline 1b899901-10f6-4f6e-b1b6-50f79935bc6a as the min replicated index is 4. Deletion is not allowed in this container yet.
2019-10-18 14:34:33,445 [BlockDeletingService#2] WARN  background.BlockDeletingService (BlockDeletingService.java:isDeletionAllowed(187)) - Close Container log Index 6 is not replicated across allthe servers in the pipeline 1b899901-10f6-4f6e-b1b6-50f79935bc6a as the min replicated index is 4. Deletion is not allowed in this container yet.
2019-10-18 14:34:33,484 [EventQueue-ContainerReportForContainerReportHandler] WARN  container.ContainerReportHandler (AbstractContainerReportHandler.java:updateContainerState(145)) - Container #1 is in OPEN state, but the datanode 07da283f-72b3-4610-abc1-72d23674d905{ip: 192.168.164.233, host: pr-hdds-2327-vtdmt-1103746116, networkLocation: /default-rack, certSerialId: null} reports an CLOSED replica.
2019-10-18 14:34:33,565 [EventQueue-ContainerReportForContainerReportHandler] WARN  container.ContainerReportHandler (AbstractContainerReportHandler.java:updateContainerState(145)) - Container #1 is in OPEN state, but the datanode c3a3cb61-beea-4a1a-8639-85f6e846679d{ip: 192.168.164.233, host: pr-hdds-2327-vtdmt-1103746116, networkLocation: /default-rack, certSerialId: null} reports an CLOSED replica.
2019-10-18 14:34:33,784 [EventQueue-ContainerReportForContainerReportHandler] WARN  container.ContainerReportHandler (AbstractContainerReportHandler.java:updateContainerState(145)) - Container #1 is in OPEN state, but the datanode 07da283f-72b3-4610-abc1-72d23674d905{ip: 192.168.164.233, host: pr-hdds-2327-vtdmt-1103746116, networkLocation: /default-rack, certSerialId: null} reports an CLOSED replica.
2019-10-18 14:34:33,967 [EventQueue-ContainerReportForContainerReportHandler] WARN  container.ContainerReportHandler (AbstractContainerReportHandler.java:updateContainerState(145)) - Container #1 is in OPEN state, but the datanode c3a3cb61-beea-4a1a-8639-85f6e846679d{ip: 192.168.164.233, host: pr-hdds-2327-vtdmt-1103746116, networkLocation: /default-rack, certSerialId: null} reports an CLOSED replica.
2019-10-18 14:34:34,085 [EventQueue-ContainerReportForContainerReportHandler] WARN  container.ContainerReportHandler (AbstractContainerReportHandler.java:updateContainerState(145)) - Container #1 is in OPEN state, but the datanode 07da283f-72b3-4610-abc1-72d23674d905{ip: 192.168.164.233, host: pr-hdds-2327-vtdmt-1103746116, networkLocation: /default-rack, certSerialId: null} reports an CLOSED replica.
2019-10-18 14:34:34,114 [Thread-511] INFO  client.GrpcClientProtocolService (GrpcClientProtocolService.java:lambda$processClientRequest$0(278)) - Failed RaftClientRequest:client-D4B6A76FA5A7->c3a3cb61-beea-4a1a-8639-85f6e846679d@group-50F79935BC6A, cid=10, seq=0, Watch-ALL_COMMITTED(6), Message:<EMPTY>, reply=RaftClientReply:client-D4B6A76FA5A7->c3a3cb61-beea-4a1a-8639-85f6e846679d@group-50F79935BC6A, cid=10, FAILED org.apache.ratis.protocol.NotLeaderException: Server c3a3cb61-beea-4a1a-8639-85f6e846679d@group-50F79935BC6A is not the leader 07da283f-72b3-4610-abc1-72d23674d905:192.168.164.233:38130, logIndex=0, commits[c3a3cb61-beea-4a1a-8639-85f6e846679d:c10, 07da283f-72b3-4610-abc1-72d23674d905:c10, c5b86445-9c87-4edb-b176-8eaf015b94aa:c4]
2019-10-18 14:34:34,167 [EventQueue-ContainerReportForContainerReportHandler] WARN  container.ContainerReportHandler (AbstractContainerReportHandler.java:updateContainerState(145)) - Container #1 is in OPEN state, but the datanode c3a3cb61-beea-4a1a-8639-85f6e846679d{ip: 192.168.164.233, host: pr-hdds-2327-vtdmt-1103746116, networkLocation: /default-rack, certSerialId: null} reports an CLOSED replica.
2019-10-18 14:34:34,285 [EventQueue-ContainerReportForContainerReportHandler] WARN  container.ContainerReportHandler (AbstractContainerReportHandler.java:updateContainerState(145)) - Container #1 is in OPEN state, but the datanode 07da283f-72b3-4610-abc1-72d23674d905{ip: 192.168.164.233, host: pr-hdds-2327-vtdmt-1103746116, networkLocation: /default-rack, certSerialId: null} reports an CLOSED replica.
2019-10-18 14:34:34,367 [EventQueue-ContainerReportForContainerReportHandler] WARN  container.ContainerReportHandler (AbstractContainerReportHandler.java:updateContainerState(145)) - Container #1 is in OPEN state, but the datanode c3a3cb61-beea-4a1a-8639-85f6e846679d{ip: 192.168.164.233, host: pr-hdds-2327-vtdmt-1103746116, networkLocation: /default-rack, certSerialId: null} reports an CLOSED replica.
2019-10-18 14:34:34,447 [BlockDeletingService#2] WARN  background.BlockDeletingService (BlockDeletingService.java:isDeletionAllowed(187)) - Close Container log Index 6 is not replicated across allthe servers in the pipeline 1b899901-10f6-4f6e-b1b6-50f79935bc6a as the min replicated index is 4. Deletion is not allowed in this container yet.
2019-10-18 14:34:34,447 [BlockDeletingService#2] WARN  background.BlockDeletingService (BlockDeletingService.java:isDeletionAllowed(187)) - Close Container log Index 6 is not replicated across allthe servers in the pipeline 1b899901-10f6-4f6e-b1b6-50f79935bc6a as the min replicated index is 4. Deletion is not allowed in this container yet.
2019-10-18 14:34:34,485 [EventQueue-ContainerReportForContainerReportHandler] WARN  container.ContainerReportHandler (AbstractContainerReportHandler.java:updateContainerState(145)) - Container #1 is in OPEN state, but the datanode 07da283f-72b3-4610-abc1-72d23674d905{ip: 192.168.164.233, host: pr-hdds-2327-vtdmt-1103746116, networkLocation: /default-rack, certSerialId: null} reports an CLOSED replica.
2019-10-18 14:34:34,590 [EventQueue-StaleNodeForStaleNodeHandler] INFO  node.StaleNodeHandler (StaleNodeHandler.java:onMessage(58)) - Datanode c5b86445-9c87-4edb-b176-8eaf015b94aa{ip: 192.168.164.233, host: pr-hdds-2327-vtdmt-1103746116, networkLocation: /default-rack, certSerialId: null} moved to stale state. Finalizing its pipelines [PipelineID=672fd54f-c761-4976-810f-26b472b5ccc3, PipelineID=1b899901-10f6-4f6e-b1b6-50f79935bc6a]
2019-10-18 14:34:34,590 [EventQueue-StaleNodeForStaleNodeHandler] INFO  pipeline.SCMPipelineManager (SCMPipelineManager.java:finalizeAndDestroyPipeline(315)) - destroying pipeline:Pipeline[ Id: 672fd54f-c761-4976-810f-26b472b5ccc3, Nodes: c5b86445-9c87-4edb-b176-8eaf015b94aa{ip: 192.168.164.233, host: pr-hdds-2327-vtdmt-1103746116, networkLocation: /default-rack, certSerialId: null}, Type:RATIS, Factor:ONE, State:OPEN]
2019-10-18 14:34:34,592 [EventQueue-StaleNodeForStaleNodeHandler] INFO  pipeline.PipelineStateManager (PipelineStateManager.java:finalizePipeline(123)) - Pipeline Pipeline[ Id: 672fd54f-c761-4976-810f-26b472b5ccc3, Nodes: c5b86445-9c87-4edb-b176-8eaf015b94aa{ip: 192.168.164.233, host: pr-hdds-2327-vtdmt-1103746116, networkLocation: /default-rack, certSerialId: null}, Type:RATIS, Factor:ONE, State:CLOSED] moved to CLOSED state
2019-10-18 14:34:34,593 [EventQueue-StaleNodeForStaleNodeHandler] INFO  pipeline.SCMPipelineManager (SCMPipelineManager.java:finalizeAndDestroyPipeline(315)) - destroying pipeline:Pipeline[ Id: 1b899901-10f6-4f6e-b1b6-50f79935bc6a, Nodes: 07da283f-72b3-4610-abc1-72d23674d905{ip: 192.168.164.233, host: pr-hdds-2327-vtdmt-1103746116, networkLocation: /default-rack, certSerialId: null}c3a3cb61-beea-4a1a-8639-85f6e846679d{ip: 192.168.164.233, host: pr-hdds-2327-vtdmt-1103746116, networkLocation: /default-rack, certSerialId: null}c5b86445-9c87-4edb-b176-8eaf015b94aa{ip: 192.168.164.233, host: pr-hdds-2327-vtdmt-1103746116, networkLocation: /default-rack, certSerialId: null}, Type:RATIS, Factor:THREE, State:OPEN]
2019-10-18 14:34:34,593 [EventQueue-StaleNodeForStaleNodeHandler] INFO  pipeline.PipelineStateManager (PipelineStateManager.java:finalizePipeline(123)) - Pipeline Pipeline[ Id: 1b899901-10f6-4f6e-b1b6-50f79935bc6a, Nodes: 07da283f-72b3-4610-abc1-72d23674d905{ip: 192.168.164.233, host: pr-hdds-2327-vtdmt-1103746116, networkLocation: /default-rack, certSerialId: null}c3a3cb61-beea-4a1a-8639-85f6e846679d{ip: 192.168.164.233, host: pr-hdds-2327-vtdmt-1103746116, networkLocation: /default-rack, certSerialId: null}c5b86445-9c87-4edb-b176-8eaf015b94aa{ip: 192.168.164.233, host: pr-hdds-2327-vtdmt-1103746116, networkLocation: /default-rack, certSerialId: null}, Type:RATIS, Factor:THREE, State:CLOSED] moved to CLOSED state
2019-10-18 14:34:34,594 [EventQueue-CloseContainerForCloseContainerEventHandler] INFO  container.CloseContainerEventHandler (CloseContainerEventHandler.java:onMessage(61)) - Close container Event triggered for container : #1
2019-10-18 14:34:34,687 [EventQueue-ContainerReportForContainerReportHandler] INFO  container.ContainerReportHandler (AbstractContainerReportHandler.java:updateContainerState(178)) - Moving container #1 to CLOSED state, datanode 07da283f-72b3-4610-abc1-72d23674d905{ip: 192.168.164.233, host: pr-hdds-2327-vtdmt-1103746116, networkLocation: /default-rack, certSerialId: null} reported CLOSED replica.
2019-10-18 14:34:35,191 [SCMBlockDeletingService#0] INFO  block.SCMBlockDeletingService (SCMBlockDeletingService.java:call(184)) - Totally added 3 delete blocks command for 3 datanodes, task elapsed time: 4ms
2019-10-18 14:34:35,370 [EventQueue-PendingDeleteStatusForPendingDeleteHandler] INFO  block.SCMBlockDeletingService (SCMBlockDeletingService.java:handlePendingDeletes(115)) - Block deletion txnID mismatch in datanode c3a3cb61-beea-4a1a-8639-85f6e846679d for containerID 1. Datanode delete txnID: 0, SCM txnID: 1
2019-10-18 14:34:35,387 [EventQueue-PendingDeleteStatusForPendingDeleteHandler] INFO  block.SCMBlockDeletingService (SCMBlockDeletingService.java:handlePendingDeletes(115)) - Block deletion txnID mismatch in datanode 07da283f-72b3-4610-abc1-72d23674d905 for containerID 1. Datanode delete txnID: 0, SCM txnID: 1
2019-10-18 14:34:35,389 [java.util.concurrent.ThreadPoolExecutor$Worker@37af0650[State = -1, empty queue]] WARN  server.GrpcLogAppender (GrpcLogAppender.java:timeoutAppendRequest(209)) - 07da283f-72b3-4610-abc1-72d23674d905@group-50F79935BC6A->c5b86445-9c87-4edb-b176-8eaf015b94aa-GrpcLogAppender: appendEntries Timeout, request=07da283f-72b3-4610-abc1-72d23674d905->c5b86445-9c87-4edb-b176-8eaf015b94aa#50-t2, previous=(t:2, i:10), leaderCommit=10, initializing? false, entries: <empty>
2019-10-18 14:34:35,449 [BlockDeletingService#2] WARN  background.BlockDeletingService (BlockDeletingService.java:isDeletionAllowed(187)) - Close Container log Index 6 is not replicated across allthe servers in the pipeline 1b899901-10f6-4f6e-b1b6-50f79935bc6a as the min replicated index is 4. Deletion is not allowed in this container yet.
2019-10-18 14:34:35,449 [BlockDeletingService#2] WARN  background.BlockDeletingService (BlockDeletingService.java:isDeletionAllowed(187)) - Close Container log Index 6 is not replicated across allthe servers in the pipeline 1b899901-10f6-4f6e-b1b6-50f79935bc6a as the min replicated index is 4. Deletion is not allowed in this container yet.
2019-10-18 14:34:35,487 [Command processor thread] INFO  commandhandler.DeleteBlocksCommandHandler (DeleteBlocksCommandHandler.java:handle(106)) - Start to delete container blocks, TXIDs=[1(0)], numOfContainers=1, numOfBlocks=1
2019-10-18 14:34:35,682 [Thread-528] INFO  client.GrpcClientProtocolService (GrpcClientProtocolService.java:lambda$processClientRequest$0(278)) - Failed RaftClientRequest:client-D4B6A76FA5A7->07da283f-72b3-4610-abc1-72d23674d905@group-50F79935BC6A, cid=10, seq=0, Watch-ALL_COMMITTED(6), Message:<EMPTY>, reply=RaftClientReply:client-D4B6A76FA5A7->07da283f-72b3-4610-abc1-72d23674d905@group-50F79935BC6A, cid=10, FAILED org.apache.ratis.protocol.NotReplicatedException: Request with call Id 10 and log index 6 is not yet replicated to ALL_COMMITTED, logIndex=6, commits[07da283f-72b3-4610-abc1-72d23674d905:c10, c3a3cb61-beea-4a1a-8639-85f6e846679d:c10, c5b86445-9c87-4edb-b176-8eaf015b94aa:c4]
2019-10-18 14:34:35,768 [EventQueue-PendingDeleteStatusForPendingDeleteHandler] INFO  block.SCMBlockDeletingService (SCMBlockDeletingService.java:handlePendingDeletes(115)) - Block deletion txnID mismatch in datanode c3a3cb61-beea-4a1a-8639-85f6e846679d for containerID 1. Datanode delete txnID: 0, SCM txnID: 1
2019-10-18 14:34:35,950 [main] INFO  impl.MetricsSystemImpl (MetricsSystemImpl.java:init(158)) - HddsDatanode metrics system started (again)
2019-10-18 14:34:35,992 [main] INFO  ozone.HddsDatanodeService (HddsDatanodeService.java:start(184)) - HddsDatanodeService host:pr-hdds-2327-vtdmt-1103746116 ip:192.168.164.233
2019-10-18 14:34:35,996 [main] INFO  volume.VolumeUsage (VolumeUsage.java:loadScmUsed(144)) - Cached ScmUsed found for /workdir/hadoop-ozone/integration-test/target/test-dir/MiniOzoneClusterImpl-f465728d-d17c-4acf-bac7-b15b0ed995a5/datanode-1/data/containers : 4096 
2019-10-18 14:34:35,996 [main] INFO  volume.HddsVolume (HddsVolume.java:<init>(176)) - Creating Volume: /workdir/hadoop-ozone/integration-test/target/test-dir/MiniOzoneClusterImpl-f465728d-d17c-4acf-bac7-b15b0ed995a5/datanode-1/data/containers/hdds of  storage type : DISK and capacity : 1482555576320
2019-10-18 14:34:35,996 [main] INFO  volume.VolumeSet (VolumeSet.java:initializeVolumeSet(170)) - Added Volume : /workdir/hadoop-ozone/integration-test/target/test-dir/MiniOzoneClusterImpl-f465728d-d17c-4acf-bac7-b15b0ed995a5/datanode-1/data/containers/hdds to VolumeSet
2019-10-18 14:34:35,997 [main] INFO  volume.ThrottledAsyncChecker (ThrottledAsyncChecker.java:schedule(141)) - Scheduling a check for /workdir/hadoop-ozone/integration-test/target/test-dir/MiniOzoneClusterImpl-f465728d-d17c-4acf-bac7-b15b0ed995a5/datanode-1/data/containers/hdds
2019-10-18 14:34:35,997 [main] INFO  volume.HddsVolumeChecker (HddsVolumeChecker.java:checkAllVolumes(204)) - Scheduled health check for volume /workdir/hadoop-ozone/integration-test/target/test-dir/MiniOzoneClusterImpl-f465728d-d17c-4acf-bac7-b15b0ed995a5/datanode-1/data/containers/hdds
2019-10-18 14:34:36,035 [main] INFO  impl.RaftServerProxy (ConfUtils.java:logGet(43)) - raft.rpc.type = GRPC (default)
2019-10-18 14:34:36,036 [main] INFO  grpc.GrpcFactory (GrpcFactory.java:checkPooledByteBufAllocatorUseCacheForAllThreads(45)) - PERFORMANCE WARNING: useCacheForAllThreads is true that may cause Netty to create a lot garbage objects and, as a result, trigger GC.
	It is recommended to disable useCacheForAllThreads by setting -Dorg.apache.ratis.thirdparty.io.netty.allocator.useCacheForAllThreads=false in command line.
2019-10-18 14:34:36,036 [main] INFO  grpc.GrpcConfigKeys$Server (ConfUtils.java:logGet(43)) - raft.grpc.server.port = 40993 (custom)
2019-10-18 14:34:36,036 [main] INFO  server.GrpcService (ConfUtils.java:logGet(43)) - raft.grpc.message.size.max = 33570816 (custom)
2019-10-18 14:34:36,037 [main] INFO  server.RaftServerConfigKeys (ConfUtils.java:logGet(43)) - raft.server.log.appender.buffer.byte-limit = 33554432 (custom)
2019-10-18 14:34:36,037 [main] INFO  server.GrpcService (ConfUtils.java:logGet(43)) - raft.grpc.flow.control.window = 1MB (=1048576) (default)
2019-10-18 14:34:36,037 [main] INFO  server.RaftServerConfigKeys (ConfUtils.java:logGet(43)) - raft.server.rpc.request.timeout = 3000ms (default)
2019-10-18 14:34:36,037 [main] INFO  server.RaftServerConfigKeys (ConfUtils.java:logGet(43)) - raft.server.storage.dir = [/workdir/hadoop-ozone/integration-test/target/test-dir/MiniOzoneClusterImpl-f465728d-d17c-4acf-bac7-b15b0ed995a5/datanode-1/data/ratis] (custom)
2019-10-18 14:34:36,038 [main] INFO  impl.RaftServerProxy (RaftServerProxy.java:lambda$null$0(191)) - c5b86445-9c87-4edb-b176-8eaf015b94aa: found a subdirectory /workdir/hadoop-ozone/integration-test/target/test-dir/MiniOzoneClusterImpl-f465728d-d17c-4acf-bac7-b15b0ed995a5/datanode-1/data/ratis/1b899901-10f6-4f6e-b1b6-50f79935bc6a
2019-10-18 14:34:36,039 [main] INFO  impl.RaftServerProxy (RaftServerProxy.java:addNew(89)) - c5b86445-9c87-4edb-b176-8eaf015b94aa: addNew group-50F79935BC6A:[] returns group-50F79935BC6A:java.util.concurrent.CompletableFuture@7dffda8b[Not completed]
2019-10-18 14:34:36,040 [main] INFO  impl.RaftServerProxy (RaftServerProxy.java:lambda$null$0(191)) - c5b86445-9c87-4edb-b176-8eaf015b94aa: found a subdirectory /workdir/hadoop-ozone/integration-test/target/test-dir/MiniOzoneClusterImpl-f465728d-d17c-4acf-bac7-b15b0ed995a5/datanode-1/data/ratis/672fd54f-c761-4976-810f-26b472b5ccc3
2019-10-18 14:34:36,040 [main] INFO  impl.RaftServerProxy (RaftServerProxy.java:addNew(89)) - c5b86445-9c87-4edb-b176-8eaf015b94aa: addNew group-26B472B5CCC3:[] returns group-26B472B5CCC3:java.util.concurrent.CompletableFuture@3d1f558a[Not completed]
2019-10-18 14:34:36,043 [pool-59-thread-1] INFO  impl.RaftServerImpl (RaftServerImpl.java:<init>(104)) - c5b86445-9c87-4edb-b176-8eaf015b94aa: new RaftServerImpl for group-50F79935BC6A:[] with ContainerStateMachine:uninitialized
2019-10-18 14:34:36,044 [pool-59-thread-1] INFO  server.RaftServerConfigKeys (ConfUtils.java:logGet(43)) - raft.server.rpc.timeout.min = 5s (custom)
2019-10-18 14:34:36,044 [pool-59-thread-1] INFO  server.RaftServerConfigKeys (ConfUtils.java:logGet(43)) - raft.server.rpc.timeout.max = 5200ms (custom)
2019-10-18 14:34:36,044 [pool-59-thread-1] INFO  server.RaftServerConfigKeys (ConfUtils.java:logGet(43)) - raft.server.rpcslowness.timeout = 1000s (custom)
2019-10-18 14:34:36,044 [pool-59-thread-1] INFO  server.RaftServerConfigKeys (ConfUtils.java:logGet(43)) - raft.server.sleep.deviation.threshold = 300 (default)
2019-10-18 14:34:36,044 [pool-59-thread-1] INFO  server.RaftServerConfigKeys (ConfUtils.java:logGet(43)) - raft.server.log.appender.install.snapshot.enabled = false (custom)
2019-10-18 14:34:36,044 [pool-59-thread-1] INFO  impl.RaftServerImpl (ServerState.java:<init>(103)) - c5b86445-9c87-4edb-b176-8eaf015b94aa@group-50F79935BC6A: ConfigurationManager, init=-1: [], old=null, confs=<EMPTY_MAP>
2019-10-18 14:34:36,044 [pool-59-thread-1] INFO  server.RaftServerConfigKeys (ConfUtils.java:logGet(43)) - raft.server.storage.dir = [/workdir/hadoop-ozone/integration-test/target/test-dir/MiniOzoneClusterImpl-f465728d-d17c-4acf-bac7-b15b0ed995a5/datanode-1/data/ratis] (custom)
2019-10-18 14:34:36,045 [pool-59-thread-1] INFO  server.RaftServerConfigKeys (ConfUtils.java:logGet(43)) - raft.server.log.corruption.policy = EXCEPTION (default)
2019-10-18 14:34:36,045 [main] INFO  hdfs.DFSUtil (DFSUtil.java:httpServerTemplateForNNAndJN(1641)) - Starting Web-server for hddsDatanode at: http://0.0.0.0:46763
2019-10-18 14:34:36,048 [main] INFO  server.AuthenticationFilter (AuthenticationFilter.java:constructSecretProvider(240)) - Unable to initialize FileSignerSecretProvider, falling back to use random secrets.
2019-10-18 14:34:36,048 [main] WARN  http.HttpRequestLog (HttpRequestLog.java:getRequestLog(97)) - Jetty request log can only be enabled using Log4j
2019-10-18 14:34:36,051 [main] INFO  http.HttpServer2 (HttpServer2.java:addGlobalFilter(975)) - Added global filter 'safety' (class=org.apache.hadoop.http.HttpServer2$QuotingInputFilter)
2019-10-18 14:34:36,052 [main] INFO  http.HttpServer2 (HttpServer2.java:addFilter(948)) - Added filter static_user_filter (class=org.apache.hadoop.http.lib.StaticUserWebFilter$StaticUserFilter) to context hddsDatanode
2019-10-18 14:34:36,052 [main] INFO  http.HttpServer2 (HttpServer2.java:addFilter(958)) - Added filter static_user_filter (class=org.apache.hadoop.http.lib.StaticUserWebFilter$StaticUserFilter) to context static
2019-10-18 14:34:36,052 [main] INFO  http.HttpServer2 (HttpServer2.java:addFilter(958)) - Added filter static_user_filter (class=org.apache.hadoop.http.lib.StaticUserWebFilter$StaticUserFilter) to context logs
2019-10-18 14:34:36,053 [main] INFO  http.HttpServer2 (HttpServer2.java:bindListener(1191)) - Jetty bound to port 46763
2019-10-18 14:34:36,053 [main] INFO  server.Server (Server.java:doStart(351)) - jetty-9.3.25.v20180904, build timestamp: 2018-09-04T21:11:46Z, git hash: 3ce520221d0240229c862b122d2b06c12a625732
2019-10-18 14:34:36,055 [main] INFO  handler.ContextHandler (ContextHandler.java:doStart(781)) - Started o.e.j.s.ServletContextHandler@66933239{/logs,file:///workdir/hadoop-ozone/integration-test/target/log,AVAILABLE}
2019-10-18 14:34:36,055 [main] INFO  handler.ContextHandler (ContextHandler.java:doStart(781)) - Started o.e.j.s.ServletContextHandler@41ad373{/static,jar:file:/home/user/.m2/repository/org/apache/hadoop/hadoop-hdds-container-service/0.5.0-SNAPSHOT/hadoop-hdds-container-service-0.5.0-SNAPSHOT.jar!/webapps/static,AVAILABLE}
2019-10-18 14:34:36,058 [pool-59-thread-1] INFO  storage.RaftStorageDirectory (RaftStorageDirectory.java:tryLock(328)) - Lock on /workdir/hadoop-ozone/integration-test/target/test-dir/MiniOzoneClusterImpl-f465728d-d17c-4acf-bac7-b15b0ed995a5/datanode-1/data/ratis/1b899901-10f6-4f6e-b1b6-50f79935bc6a/in_use.lock acquired by nodename 8290@pr-hdds-2327-vtdmt-1103746116
2019-10-18 14:34:36,060 [pool-59-thread-1] INFO  ratis.ContainerStateMachine (ContainerStateMachine.java:loadSnapshot(240)) - group-50F79935BC6A: Setting the last applied index to (t:2, i:3)
2019-10-18 14:34:36,065 [pool-59-thread-1] INFO  impl.RaftServerImpl (ServerState.java:setRaftConf(357)) - c5b86445-9c87-4edb-b176-8eaf015b94aa@group-50F79935BC6A: set configuration 0: [07da283f-72b3-4610-abc1-72d23674d905:192.168.164.233:38130, c3a3cb61-beea-4a1a-8639-85f6e846679d:192.168.164.233:33135, c5b86445-9c87-4edb-b176-8eaf015b94aa:192.168.164.233:40993], old=null at 0
2019-10-18 14:34:36,065 [pool-59-thread-1] INFO  server.RaftServerConfigKeys (ConfUtils.java:logGet(43)) - raft.server.notification.no-leader.timeout = 1000s (custom)
2019-10-18 14:34:36,066 [pool-59-thread-1] INFO  server.RaftServerConfigKeys (ConfUtils.java:logGet(43)) - raft.server.log.use.memory = false (default)
2019-10-18 14:34:36,066 [pool-59-thread-1] INFO  server.RaftServerConfigKeys (ConfUtils.java:logGet(43)) - raft.server.log.purge.gap = 1000000 (custom)
2019-10-18 14:34:36,066 [pool-59-thread-1] INFO  server.RaftServerConfigKeys (ConfUtils.java:logGet(43)) - raft.server.log.appender.buffer.byte-limit = 33554432 (custom)
2019-10-18 14:34:36,066 [pool-59-thread-1] INFO  server.RaftServerConfigKeys (ConfUtils.java:logGet(43)) - raft.server.log.segment.size.max = 1048576 (custom)
2019-10-18 14:34:36,066 [pool-59-thread-1] INFO  server.RaftServerConfigKeys (ConfUtils.java:logGet(43)) - raft.server.log.segment.cache.num.max = 2 (custom)
2019-10-18 14:34:36,066 [pool-59-thread-1] INFO  segmented.SegmentedRaftLogWorker (SegmentedRaftLogWorker.java:<init>(173)) - new c5b86445-9c87-4edb-b176-8eaf015b94aa@group-50F79935BC6A-SegmentedRaftLogWorker for RaftStorage:Storage Directory /workdir/hadoop-ozone/integration-test/target/test-dir/MiniOzoneClusterImpl-f465728d-d17c-4acf-bac7-b15b0ed995a5/datanode-1/data/ratis/1b899901-10f6-4f6e-b1b6-50f79935bc6a
2019-10-18 14:34:36,066 [pool-59-thread-1] INFO  server.RaftServerConfigKeys (ConfUtils.java:logGet(43)) - raft.server.log.queue.byte-limit = 2147483647 (custom)
2019-10-18 14:34:36,066 [pool-59-thread-1] INFO  server.RaftServerConfigKeys (ConfUtils.java:logGet(43)) - raft.server.log.queue.element-limit = 1024 (custom)
2019-10-18 14:34:36,066 [pool-59-thread-1] INFO  server.RaftServerConfigKeys (ConfUtils.java:logGet(43)) - raft.server.log.segment.size.max = 1048576 (custom)
2019-10-18 14:34:36,067 [pool-59-thread-1] INFO  server.RaftServerConfigKeys (ConfUtils.java:logGet(43)) - raft.server.log.preallocated.size = 16384 (custom)
2019-10-18 14:34:36,067 [pool-59-thread-1] INFO  server.RaftServerConfigKeys (ConfUtils.java:logGet(43)) - raft.server.log.write.buffer.size = 33554432 (custom)
2019-10-18 14:34:36,067 [pool-59-thread-1] INFO  server.RaftServerConfigKeys (ConfUtils.java:logGet(43)) - raft.server.log.force.sync.num = 128 (default)
2019-10-18 14:34:36,067 [pool-59-thread-1] INFO  server.RaftServerConfigKeys (ConfUtils.java:logGet(43)) - raft.server.log.statemachine.data.sync = true (default)
2019-10-18 14:34:36,067 [pool-59-thread-1] INFO  server.RaftServerConfigKeys (ConfUtils.java:logGet(43)) - raft.server.log.statemachine.data.sync.timeout = 10s (default)
2019-10-18 14:34:36,067 [pool-59-thread-1] INFO  server.RaftServerConfigKeys (ConfUtils.java:logGet(43)) - raft.server.log.statemachine.data.sync.timeout.retry = -1 (default)
2019-10-18 14:34:36,067 [pool-59-thread-1] INFO  server.RaftServerConfigKeys (ConfUtils.java:logGet(43)) - raft.server.log.statemachine.data.caching.enabled = true (custom)
2019-10-18 14:34:36,068 [EventQueue-PendingDeleteStatusForPendingDeleteHandler] INFO  block.SCMBlockDeletingService (SCMBlockDeletingService.java:handlePendingDeletes(115)) - Block deletion txnID mismatch in datanode c3a3cb61-beea-4a1a-8639-85f6e846679d for containerID 1. Datanode delete txnID: 0, SCM txnID: 1
2019-10-18 14:34:36,073 [pool-59-thread-1] INFO  impl.RaftServerImpl (ServerState.java:setRaftConf(357)) - c5b86445-9c87-4edb-b176-8eaf015b94aa@group-50F79935BC6A: set configuration 0: [07da283f-72b3-4610-abc1-72d23674d905:192.168.164.233:38130, c3a3cb61-beea-4a1a-8639-85f6e846679d:192.168.164.233:33135, c5b86445-9c87-4edb-b176-8eaf015b94aa:192.168.164.233:40993], old=null at 0
2019-10-18 14:34:36,074 [pool-59-thread-1] INFO  segmented.LogSegment (LogSegment.java:loadSegment(140)) - Successfully read 5 entries from segment file /workdir/hadoop-ozone/integration-test/target/test-dir/MiniOzoneClusterImpl-f465728d-d17c-4acf-bac7-b15b0ed995a5/datanode-1/data/ratis/1b899901-10f6-4f6e-b1b6-50f79935bc6a/current/log_inprogress_0
2019-10-18 14:34:36,074 [pool-59-thread-1] INFO  segmented.SegmentedRaftLogWorker (SegmentedRaftLogWorker.java:lambda$new$0(128)) - c5b86445-9c87-4edb-b176-8eaf015b94aa@group-50F79935BC6A-SegmentedRaftLogWorker: flushIndex: setUnconditionally 0 -> 4
2019-10-18 14:34:36,098 [main] INFO  handler.ContextHandler (ContextHandler.java:doStart(781)) - Started o.e.j.w.WebAppContext@68a78f3c{/,file:///tmp/jetty-0.0.0.0-46763-hddsDatanode-_-any-2810766031020136733.dir/webapp/,AVAILABLE}{/hddsDatanode}
2019-10-18 14:34:36,102 [main] INFO  server.AbstractConnector (AbstractConnector.java:doStart(278)) - Started ServerConnector@17ba57f0{HTTP/1.1,[http/1.1]}{0.0.0.0:46763}
2019-10-18 14:34:36,102 [pool-59-thread-1] INFO  raftlog.RaftLog (RaftLog.java:lambda$new$0(61)) - c5b86445-9c87-4edb-b176-8eaf015b94aa@group-50F79935BC6A-SegmentedRaftLog: commitIndex: updateToMax old=3, new=3, updated? false
2019-10-18 14:34:36,102 [main] INFO  server.Server (Server.java:doStart(419)) - Started @112776ms
2019-10-18 14:34:36,102 [main] WARN  impl.MetricsSystemImpl (MetricsSystemImpl.java:register(276)) - Sink prometheus already exists!
2019-10-18 14:34:36,102 [pool-59-thread-1] INFO  server.RaftServerConfigKeys (ConfUtils.java:logGet(43)) - raft.server.snapshot.auto.trigger.enabled = true (custom)
2019-10-18 14:34:36,102 [pool-59-thread-1] INFO  server.RaftServerConfigKeys (ConfUtils.java:logGet(43)) - raft.server.snapshot.auto.trigger.threshold = 10000 (custom)
2019-10-18 14:34:36,103 [pool-59-thread-1] INFO  server.RaftServerConfigKeys (ConfUtils.java:logGet(43)) - raft.server.snapshot.retention.file.num = 5 (custom)
2019-10-18 14:34:36,103 [pool-59-thread-1] INFO  server.RaftServerConfigKeys (ConfUtils.java:logGet(43)) - raft.server.retrycache.expirytime = 600000ms (custom)
2019-10-18 14:34:36,103 [main] INFO  server.BaseHttpServer (BaseHttpServer.java:updateConnectorAddress(215)) - HTTP server of HDDSDATANODE is listening at http://0.0.0.0:46763
2019-10-18 14:34:36,105 [pool-59-thread-1] INFO  impl.RaftServerImpl (RaftServerImpl.java:<init>(104)) - c5b86445-9c87-4edb-b176-8eaf015b94aa: new RaftServerImpl for group-26B472B5CCC3:[] with ContainerStateMachine:uninitialized
2019-10-18 14:34:36,105 [pool-59-thread-1] INFO  server.RaftServerConfigKeys (ConfUtils.java:logGet(43)) - raft.server.rpc.timeout.min = 5s (custom)
2019-10-18 14:34:36,105 [pool-59-thread-1] INFO  server.RaftServerConfigKeys (ConfUtils.java:logGet(43)) - raft.server.rpc.timeout.max = 5200ms (custom)
2019-10-18 14:34:36,105 [pool-59-thread-1] INFO  server.RaftServerConfigKeys (ConfUtils.java:logGet(43)) - raft.server.rpcslowness.timeout = 1000s (custom)
2019-10-18 14:34:36,105 [pool-59-thread-1] INFO  server.RaftServerConfigKeys (ConfUtils.java:logGet(43)) - raft.server.sleep.deviation.threshold = 300 (default)
2019-10-18 14:34:36,105 [pool-59-thread-1] INFO  server.RaftServerConfigKeys (ConfUtils.java:logGet(43)) - raft.server.log.appender.install.snapshot.enabled = false (custom)
2019-10-18 14:34:36,105 [org.apache.hadoop.util.JvmPauseMonitor$Monitor@7e932499] INFO  util.JvmPauseMonitor (JvmPauseMonitor.java:run(188)) - Starting JVM pause monitor
2019-10-18 14:34:36,105 [pool-59-thread-1] INFO  impl.RaftServerImpl (ServerState.java:<init>(103)) - c5b86445-9c87-4edb-b176-8eaf015b94aa@group-26B472B5CCC3: ConfigurationManager, init=-1: [], old=null, confs=<EMPTY_MAP>
2019-10-18 14:34:36,105 [pool-59-thread-1] INFO  server.RaftServerConfigKeys (ConfUtils.java:logGet(43)) - raft.server.storage.dir = [/workdir/hadoop-ozone/integration-test/target/test-dir/MiniOzoneClusterImpl-f465728d-d17c-4acf-bac7-b15b0ed995a5/datanode-1/data/ratis] (custom)
2019-10-18 14:34:36,105 [pool-59-thread-1] INFO  server.RaftServerConfigKeys (ConfUtils.java:logGet(43)) - raft.server.log.corruption.policy = EXCEPTION (default)
2019-10-18 14:34:36,119 [pool-59-thread-1] INFO  storage.RaftStorageDirectory (RaftStorageDirectory.java:tryLock(328)) - Lock on /workdir/hadoop-ozone/integration-test/target/test-dir/MiniOzoneClusterImpl-f465728d-d17c-4acf-bac7-b15b0ed995a5/datanode-1/data/ratis/672fd54f-c761-4976-810f-26b472b5ccc3/in_use.lock acquired by nodename 8290@pr-hdds-2327-vtdmt-1103746116
2019-10-18 14:34:36,120 [pool-59-thread-1] INFO  ratis.ContainerStateMachine (ContainerStateMachine.java:loadSnapshot(231)) - group-26B472B5CCC3: The snapshot info is null. Setting the last applied indexto:(t:0, i:~)
2019-10-18 14:34:36,120 [pool-59-thread-1] INFO  server.RaftServerConfigKeys (ConfUtils.java:logGet(43)) - raft.server.notification.no-leader.timeout = 1000s (custom)
2019-10-18 14:34:36,120 [pool-59-thread-1] INFO  server.RaftServerConfigKeys (ConfUtils.java:logGet(43)) - raft.server.log.use.memory = false (default)
2019-10-18 14:34:36,120 [pool-59-thread-1] INFO  server.RaftServerConfigKeys (ConfUtils.java:logGet(43)) - raft.server.log.purge.gap = 1000000 (custom)
2019-10-18 14:34:36,120 [pool-59-thread-1] INFO  server.RaftServerConfigKeys (ConfUtils.java:logGet(43)) - raft.server.log.appender.buffer.byte-limit = 33554432 (custom)
2019-10-18 14:34:36,121 [pool-59-thread-1] INFO  server.RaftServerConfigKeys (ConfUtils.java:logGet(43)) - raft.server.log.segment.size.max = 1048576 (custom)
2019-10-18 14:34:36,121 [pool-59-thread-1] INFO  server.RaftServerConfigKeys (ConfUtils.java:logGet(43)) - raft.server.log.segment.cache.num.max = 2 (custom)
2019-10-18 14:34:36,121 [pool-59-thread-1] INFO  segmented.SegmentedRaftLogWorker (SegmentedRaftLogWorker.java:<init>(173)) - new c5b86445-9c87-4edb-b176-8eaf015b94aa@group-26B472B5CCC3-SegmentedRaftLogWorker for RaftStorage:Storage Directory /workdir/hadoop-ozone/integration-test/target/test-dir/MiniOzoneClusterImpl-f465728d-d17c-4acf-bac7-b15b0ed995a5/datanode-1/data/ratis/672fd54f-c761-4976-810f-26b472b5ccc3
2019-10-18 14:34:36,121 [pool-59-thread-1] INFO  server.RaftServerConfigKeys (ConfUtils.java:logGet(43)) - raft.server.log.queue.byte-limit = 2147483647 (custom)
2019-10-18 14:34:36,121 [pool-59-thread-1] INFO  server.RaftServerConfigKeys (ConfUtils.java:logGet(43)) - raft.server.log.queue.element-limit = 1024 (custom)
2019-10-18 14:34:36,122 [pool-59-thread-1] INFO  server.RaftServerConfigKeys (ConfUtils.java:logGet(43)) - raft.server.log.segment.size.max = 1048576 (custom)
2019-10-18 14:34:36,122 [pool-59-thread-1] INFO  server.RaftServerConfigKeys (ConfUtils.java:logGet(43)) - raft.server.log.preallocated.size = 16384 (custom)
2019-10-18 14:34:36,122 [pool-59-thread-1] INFO  server.RaftServerConfigKeys (ConfUtils.java:logGet(43)) - raft.server.log.write.buffer.size = 33554432 (custom)
2019-10-18 14:34:36,122 [pool-59-thread-1] INFO  server.RaftServerConfigKeys (ConfUtils.java:logGet(43)) - raft.server.log.force.sync.num = 128 (default)
2019-10-18 14:34:36,122 [pool-59-thread-1] INFO  server.RaftServerConfigKeys (ConfUtils.java:logGet(43)) - raft.server.log.statemachine.data.sync = true (default)
2019-10-18 14:34:36,122 [pool-59-thread-1] INFO  server.RaftServerConfigKeys (ConfUtils.java:logGet(43)) - raft.server.log.statemachine.data.sync.timeout = 10s (default)
2019-10-18 14:34:36,123 [pool-59-thread-1] INFO  server.RaftServerConfigKeys (ConfUtils.java:logGet(43)) - raft.server.log.statemachine.data.sync.timeout.retry = -1 (default)
2019-10-18 14:34:36,123 [pool-59-thread-1] INFO  server.RaftServerConfigKeys (ConfUtils.java:logGet(43)) - raft.server.log.statemachine.data.caching.enabled = true (custom)
2019-10-18 14:34:36,124 [pool-59-thread-1] INFO  impl.RaftServerImpl (ServerState.java:setRaftConf(357)) - c5b86445-9c87-4edb-b176-8eaf015b94aa@group-26B472B5CCC3: set configuration 0: [c5b86445-9c87-4edb-b176-8eaf015b94aa:192.168.164.233:40993], old=null at 0
2019-10-18 14:34:36,124 [pool-59-thread-1] INFO  segmented.LogSegment (LogSegment.java:loadSegment(140)) - Successfully read 1 entries from segment file /workdir/hadoop-ozone/integration-test/target/test-dir/MiniOzoneClusterImpl-f465728d-d17c-4acf-bac7-b15b0ed995a5/datanode-1/data/ratis/672fd54f-c761-4976-810f-26b472b5ccc3/current/log_inprogress_0
2019-10-18 14:34:36,124 [pool-59-thread-1] INFO  segmented.SegmentedRaftLogWorker (SegmentedRaftLogWorker.java:lambda$new$0(128)) - c5b86445-9c87-4edb-b176-8eaf015b94aa@group-26B472B5CCC3-SegmentedRaftLogWorker: flushIndex: setUnconditionally 0 -> 0
2019-10-18 14:34:36,158 [pool-59-thread-1] INFO  server.RaftServerConfigKeys (ConfUtils.java:logGet(43)) - raft.server.snapshot.auto.trigger.enabled = true (custom)
2019-10-18 14:34:36,158 [pool-59-thread-1] INFO  server.RaftServerConfigKeys (ConfUtils.java:logGet(43)) - raft.server.snapshot.auto.trigger.threshold = 10000 (custom)
2019-10-18 14:34:36,158 [pool-59-thread-1] INFO  server.RaftServerConfigKeys (ConfUtils.java:logGet(43)) - raft.server.snapshot.retention.file.num = 5 (custom)
2019-10-18 14:34:36,158 [pool-59-thread-1] INFO  server.RaftServerConfigKeys (ConfUtils.java:logGet(43)) - raft.server.retrycache.expirytime = 600000ms (custom)
2019-10-18 14:34:36,167 [Command processor thread] INFO  commandhandler.DeleteBlocksCommandHandler (DeleteBlocksCommandHandler.java:handle(106)) - Start to delete container blocks, TXIDs=[1(0)], numOfContainers=1, numOfBlocks=1
2019-10-18 14:34:36,191 [pool-7-thread-1] INFO  commands.RetriableDatanodeEventWatcher (RetriableDatanodeEventWatcher.java:onTimeout(47)) - RetriableDatanodeCommand type=deleteBlocksCommand with id=1571409275191 timed out. Retrying.
2019-10-18 14:34:36,192 [pool-7-thread-1] INFO  commands.RetriableDatanodeEventWatcher (RetriableDatanodeEventWatcher.java:onTimeout(47)) - RetriableDatanodeCommand type=deleteBlocksCommand with id=1571409275192 timed out. Retrying.
2019-10-18 14:34:36,192 [SCMBlockDeletingService#0] INFO  block.SCMBlockDeletingService (SCMBlockDeletingService.java:call(184)) - Totally added 2 delete blocks command for 2 datanodes, task elapsed time: 0ms
2019-10-18 14:34:36,450 [BlockDeletingService#2] WARN  background.BlockDeletingService (BlockDeletingService.java:isDeletionAllowed(187)) - Close Container log Index 6 is not replicated across allthe servers in the pipeline 1b899901-10f6-4f6e-b1b6-50f79935bc6a as the min replicated index is 4. Deletion is not allowed in this container yet.
2019-10-18 14:34:36,450 [BlockDeletingService#2] WARN  background.BlockDeletingService (BlockDeletingService.java:isDeletionAllowed(187)) - Close Container log Index 6 is not replicated across allthe servers in the pipeline 1b899901-10f6-4f6e-b1b6-50f79935bc6a as the min replicated index is 4. Deletion is not allowed in this container yet.
2019-10-18 14:34:37,192 [pool-7-thread-1] INFO  commands.RetriableDatanodeEventWatcher (RetriableDatanodeEventWatcher.java:onTimeout(47)) - RetriableDatanodeCommand type=deleteBlocksCommand with id=1571409275191 timed out. Retrying.
2019-10-18 14:34:37,192 [pool-7-thread-2] INFO  commands.RetriableDatanodeEventWatcher (RetriableDatanodeEventWatcher.java:onTimeout(47)) - RetriableDatanodeCommand type=deleteBlocksCommand with id=1571409275194 timed out. Retrying.
2019-10-18 14:34:37,193 [pool-7-thread-3] INFO  commands.RetriableDatanodeEventWatcher (RetriableDatanodeEventWatcher.java:onTimeout(47)) - RetriableDatanodeCommand type=deleteBlocksCommand with id=1571409275193 timed out. Retrying.
2019-10-18 14:34:37,193 [SCMBlockDeletingService#0] INFO  block.SCMBlockDeletingService (SCMBlockDeletingService.java:call(184)) - Totally added 2 delete blocks command for 2 datanodes, task elapsed time: 0ms
2019-10-18 14:34:37,193 [pool-7-thread-1] INFO  commands.RetriableDatanodeEventWatcher (RetriableDatanodeEventWatcher.java:onTimeout(47)) - RetriableDatanodeCommand type=deleteBlocksCommand with id=1571409275192 timed out. Retrying.
2019-10-18 14:34:37,268 [Command processor thread] INFO  commandhandler.DeleteBlocksCommandHandler (DeleteBlocksCommandHandler.java:handle(106)) - Start to delete container blocks, TXIDs=[1(0)], numOfContainers=1, numOfBlocks=1
2019-10-18 14:34:37,268 [Command processor thread] INFO  commandhandler.DeleteBlocksCommandHandler (DeleteBlocksCommandHandler.java:handle(106)) - Start to delete container blocks, TXIDs=[1(2)], numOfContainers=1, numOfBlocks=1
2019-10-18 14:34:37,451 [BlockDeletingService#2] WARN  background.BlockDeletingService (BlockDeletingService.java:isDeletionAllowed(187)) - Close Container log Index 6 is not replicated across allthe servers in the pipeline 1b899901-10f6-4f6e-b1b6-50f79935bc6a as the min replicated index is 4. Deletion is not allowed in this container yet.
2019-10-18 14:34:37,451 [BlockDeletingService#2] WARN  background.BlockDeletingService (BlockDeletingService.java:isDeletionAllowed(187)) - Close Container log Index 6 is not replicated across allthe servers in the pipeline 1b899901-10f6-4f6e-b1b6-50f79935bc6a as the min replicated index is 4. Deletion is not allowed in this container yet.
2019-10-18 14:34:37,890 [java.util.concurrent.ThreadPoolExecutor$Worker@37af0650[State = -1, empty queue]] WARN  server.GrpcLogAppender (GrpcLogAppender.java:timeoutAppendRequest(209)) - 07da283f-72b3-4610-abc1-72d23674d905@group-50F79935BC6A->c5b86445-9c87-4edb-b176-8eaf015b94aa-GrpcLogAppender: appendEntries Timeout, request=07da283f-72b3-4610-abc1-72d23674d905->c5b86445-9c87-4edb-b176-8eaf015b94aa#51-t2, previous=(t:2, i:10), leaderCommit=10, initializing? false, entries: <empty>
2019-10-18 14:34:38,107 [Datanode State Machine Thread - 0] INFO  ozoneimpl.OzoneContainer (OzoneContainer.java:start(213)) - Attempting to start container services.
2019-10-18 14:34:38,107 [Datanode State Machine Thread - 0] INFO  ozoneimpl.OzoneContainer (OzoneContainer.java:startContainerScrub(177)) - Background container scanner has been disabled.
2019-10-18 14:34:38,107 [Datanode State Machine Thread - 0] INFO  ratis.XceiverServerRatis (XceiverServerRatis.java:start(418)) - Starting XceiverServerRatis c5b86445-9c87-4edb-b176-8eaf015b94aa at port 40993
2019-10-18 14:34:38,114 [Datanode State Machine Thread - 0] INFO  impl.RaftServerImpl (RaftServerImpl.java:start(195)) - c5b86445-9c87-4edb-b176-8eaf015b94aa@group-50F79935BC6A: start as a follower, conf=0: [07da283f-72b3-4610-abc1-72d23674d905:192.168.164.233:38130, c3a3cb61-beea-4a1a-8639-85f6e846679d:192.168.164.233:33135, c5b86445-9c87-4edb-b176-8eaf015b94aa:192.168.164.233:40993], old=null
2019-10-18 14:34:38,115 [ForkJoinPool.commonPool-worker-0] INFO  impl.RaftServerImpl (RaftServerImpl.java:start(195)) - c5b86445-9c87-4edb-b176-8eaf015b94aa@group-26B472B5CCC3: start as a follower, conf=0: [c5b86445-9c87-4edb-b176-8eaf015b94aa:192.168.164.233:40993], old=null
2019-10-18 14:34:38,115 [Datanode State Machine Thread - 0] INFO  impl.RaftServerImpl (RaftServerImpl.java:setRole(184)) - c5b86445-9c87-4edb-b176-8eaf015b94aa@group-50F79935BC6A: changes role from      null to FOLLOWER at term 2 for startAsFollower
2019-10-18 14:34:38,115 [ForkJoinPool.commonPool-worker-0] INFO  impl.RaftServerImpl (RaftServerImpl.java:setRole(184)) - c5b86445-9c87-4edb-b176-8eaf015b94aa@group-26B472B5CCC3: changes role from      null to FOLLOWER at term 1 for startAsFollower
2019-10-18 14:34:38,115 [Datanode State Machine Thread - 0] INFO  impl.RoleInfo (RoleInfo.java:updateAndGet(143)) - c5b86445-9c87-4edb-b176-8eaf015b94aa: start FollowerState
2019-10-18 14:34:38,115 [ForkJoinPool.commonPool-worker-0] INFO  impl.RoleInfo (RoleInfo.java:updateAndGet(143)) - c5b86445-9c87-4edb-b176-8eaf015b94aa: start FollowerState
2019-10-18 14:34:38,116 [Datanode State Machine Thread - 0] INFO  util.JmxRegister (JmxRegister.java:tryRegister(44)) - Successfully registered JMX Bean with object name Ratis:service=RaftServer,group=group-50F79935BC6A,id=c5b86445-9c87-4edb-b176-8eaf015b94aa
2019-10-18 14:34:38,116 [ForkJoinPool.commonPool-worker-0] INFO  util.JmxRegister (JmxRegister.java:tryRegister(44)) - Successfully registered JMX Bean with object name Ratis:service=RaftServer,group=group-26B472B5CCC3,id=c5b86445-9c87-4edb-b176-8eaf015b94aa
2019-10-18 14:34:38,117 [Datanode State Machine Thread - 0] INFO  impl.RaftServerProxy (RaftServerProxy.java:lambda$start$3(299)) - c5b86445-9c87-4edb-b176-8eaf015b94aa: start RPC server
2019-10-18 14:34:38,118 [Datanode State Machine Thread - 0] INFO  server.GrpcService (GrpcService.java:startImpl(158)) - c5b86445-9c87-4edb-b176-8eaf015b94aa: GrpcService started, listening on 0.0.0.0/0.0.0.0:40993
2019-10-18 14:34:38,169 [Thread-550] INFO  impl.FollowerState (FollowerState.java:run(108)) - c5b86445-9c87-4edb-b176-8eaf015b94aa@group-26B472B5CCC3-FollowerState: change to CANDIDATE, lastRpcTime:53ms, electionTimeout:53ms
2019-10-18 14:34:38,169 [Thread-550] INFO  impl.RoleInfo (RoleInfo.java:shutdownFollowerState(121)) - c5b86445-9c87-4edb-b176-8eaf015b94aa: shutdown FollowerState
2019-10-18 14:34:38,169 [Thread-550] INFO  impl.RaftServerImpl (RaftServerImpl.java:setRole(184)) - c5b86445-9c87-4edb-b176-8eaf015b94aa@group-26B472B5CCC3: changes role from  FOLLOWER to CANDIDATE at term 1 for changeToCandidate
2019-10-18 14:34:38,169 [Thread-550] INFO  impl.RoleInfo (RoleInfo.java:updateAndGet(143)) - c5b86445-9c87-4edb-b176-8eaf015b94aa: start LeaderElection
2019-10-18 14:34:38,172 [Thread-549] INFO  impl.FollowerState (FollowerState.java:run(108)) - c5b86445-9c87-4edb-b176-8eaf015b94aa@group-50F79935BC6A-FollowerState: change to CANDIDATE, lastRpcTime:56ms, electionTimeout:56ms
2019-10-18 14:34:38,172 [Thread-549] INFO  impl.RoleInfo (RoleInfo.java:shutdownFollowerState(121)) - c5b86445-9c87-4edb-b176-8eaf015b94aa: shutdown FollowerState
2019-10-18 14:34:38,172 [Thread-549] INFO  impl.RaftServerImpl (RaftServerImpl.java:setRole(184)) - c5b86445-9c87-4edb-b176-8eaf015b94aa@group-50F79935BC6A: changes role from  FOLLOWER to CANDIDATE at term 2 for changeToCandidate
2019-10-18 14:34:38,172 [Thread-549] INFO  impl.RoleInfo (RoleInfo.java:updateAndGet(143)) - c5b86445-9c87-4edb-b176-8eaf015b94aa: start LeaderElection
2019-10-18 14:34:38,193 [pool-7-thread-1] INFO  commands.RetriableDatanodeEventWatcher (RetriableDatanodeEventWatcher.java:onTimeout(47)) - RetriableDatanodeCommand type=deleteBlocksCommand with id=1571409275191 timed out. Retrying.
2019-10-18 14:34:38,194 [pool-7-thread-2] INFO  commands.RetriableDatanodeEventWatcher (RetriableDatanodeEventWatcher.java:onTimeout(47)) - RetriableDatanodeCommand type=deleteBlocksCommand with id=1571409275195 timed out. Retrying.
2019-10-18 14:34:38,194 [pool-7-thread-5] INFO  commands.RetriableDatanodeEventWatcher (RetriableDatanodeEventWatcher.java:onTimeout(47)) - RetriableDatanodeCommand type=deleteBlocksCommand with id=1571409275193 timed out. Retrying.
2019-10-18 14:34:38,194 [SCMBlockDeletingService#0] INFO  block.SCMBlockDeletingService (SCMBlockDeletingService.java:call(184)) - Totally added 2 delete blocks command for 2 datanodes, task elapsed time: 1ms
2019-10-18 14:34:38,194 [pool-7-thread-3] INFO  commands.RetriableDatanodeEventWatcher (RetriableDatanodeEventWatcher.java:onTimeout(47)) - RetriableDatanodeCommand type=deleteBlocksCommand with id=1571409275196 timed out. Retrying.
2019-10-18 14:34:38,194 [pool-7-thread-6] INFO  commands.RetriableDatanodeEventWatcher (RetriableDatanodeEventWatcher.java:onTimeout(47)) - RetriableDatanodeCommand type=deleteBlocksCommand with id=1571409275192 timed out. Retrying.
2019-10-18 14:34:38,194 [pool-7-thread-4] INFO  commands.RetriableDatanodeEventWatcher (RetriableDatanodeEventWatcher.java:onTimeout(47)) - RetriableDatanodeCommand type=deleteBlocksCommand with id=1571409275194 timed out. Retrying.
2019-10-18 14:34:38,204 [c5b86445-9c87-4edb-b176-8eaf015b94aa@group-50F79935BC6A-LeaderElection7] INFO  impl.LeaderElection (LeaderElection.java:askForVotes(178)) - c5b86445-9c87-4edb-b176-8eaf015b94aa@group-50F79935BC6A-LeaderElection7: begin an election at term 3 for 0: [07da283f-72b3-4610-abc1-72d23674d905:192.168.164.233:38130, c3a3cb61-beea-4a1a-8639-85f6e846679d:192.168.164.233:33135, c5b86445-9c87-4edb-b176-8eaf015b94aa:192.168.164.233:40993], old=null
2019-10-18 14:34:38,204 [c5b86445-9c87-4edb-b176-8eaf015b94aa@group-26B472B5CCC3-LeaderElection6] INFO  impl.LeaderElection (LeaderElection.java:askForVotes(178)) - c5b86445-9c87-4edb-b176-8eaf015b94aa@group-26B472B5CCC3-LeaderElection6: begin an election at term 2 for 0: [c5b86445-9c87-4edb-b176-8eaf015b94aa:192.168.164.233:40993], old=null
2019-10-18 14:34:38,204 [c5b86445-9c87-4edb-b176-8eaf015b94aa@group-26B472B5CCC3-LeaderElection6] INFO  impl.RoleInfo (RoleInfo.java:shutdownLeaderElection(134)) - c5b86445-9c87-4edb-b176-8eaf015b94aa: shutdown LeaderElection
2019-10-18 14:34:38,204 [c5b86445-9c87-4edb-b176-8eaf015b94aa@group-26B472B5CCC3-LeaderElection6] INFO  impl.RaftServerImpl (RaftServerImpl.java:setRole(184)) - c5b86445-9c87-4edb-b176-8eaf015b94aa@group-26B472B5CCC3: changes role from CANDIDATE to LEADER at term 2 for changeToLeader
2019-10-18 14:34:38,204 [c5b86445-9c87-4edb-b176-8eaf015b94aa@group-26B472B5CCC3-LeaderElection6] INFO  impl.RaftServerImpl (ServerState.java:setLeader(256)) - c5b86445-9c87-4edb-b176-8eaf015b94aa@group-26B472B5CCC3: change Leader from null to c5b86445-9c87-4edb-b176-8eaf015b94aa at term 2 for becomeLeader, leader elected after 2084ms
2019-10-18 14:34:38,204 [c5b86445-9c87-4edb-b176-8eaf015b94aa@group-26B472B5CCC3-LeaderElection6] INFO  server.RaftServerConfigKeys (ConfUtils.java:logGet(43)) - raft.server.staging.catchup.gap = 1000 (default)
2019-10-18 14:34:38,205 [c5b86445-9c87-4edb-b176-8eaf015b94aa@group-26B472B5CCC3-LeaderElection6] INFO  server.RaftServerConfigKeys (ConfUtils.java:logGet(43)) - raft.server.rpc.sleep.time = 25ms (default)
2019-10-18 14:34:38,207 [c5b86445-9c87-4edb-b176-8eaf015b94aa@group-26B472B5CCC3-LeaderElection6] INFO  server.RaftServerConfigKeys (ConfUtils.java:logGet(43)) - raft.server.write.element-limit = 4096 (default)
2019-10-18 14:34:38,207 [c5b86445-9c87-4edb-b176-8eaf015b94aa@group-26B472B5CCC3-LeaderElection6] INFO  server.RaftServerConfigKeys (ConfUtils.java:logGet(43)) - raft.server.watch.timeout = 10s (default)
2019-10-18 14:34:38,208 [c5b86445-9c87-4edb-b176-8eaf015b94aa@group-26B472B5CCC3-LeaderElection6] INFO  server.RaftServerConfigKeys (ConfUtils.java:logGet(43)) - raft.server.watch.timeout.denomination = 1s (default)
2019-10-18 14:34:38,208 [c5b86445-9c87-4edb-b176-8eaf015b94aa@group-26B472B5CCC3-LeaderElection6] INFO  server.RaftServerConfigKeys (ConfUtils.java:logGet(43)) - raft.server.watch.element-limit = 65536 (default)
2019-10-18 14:34:38,208 [c5b86445-9c87-4edb-b176-8eaf015b94aa@group-50F79935BC6A-LeaderElection7] INFO  impl.LeaderElection (LeaderElection.java:logAndReturn(56)) - c5b86445-9c87-4edb-b176-8eaf015b94aa@group-50F79935BC6A-LeaderElection7: Election TIMEOUT; received 0 response(s) [] and 0 exception(s); c5b86445-9c87-4edb-b176-8eaf015b94aa@group-50F79935BC6A:t3, leader=null, voted=c5b86445-9c87-4edb-b176-8eaf015b94aa, raftlog=c5b86445-9c87-4edb-b176-8eaf015b94aa@group-50F79935BC6A-SegmentedRaftLog:OPENED:c3,f4,i4, conf=0: [07da283f-72b3-4610-abc1-72d23674d905:192.168.164.233:38130, c3a3cb61-beea-4a1a-8639-85f6e846679d:192.168.164.233:33135, c5b86445-9c87-4edb-b176-8eaf015b94aa:192.168.164.233:40993], old=null
2019-10-18 14:34:38,209 [c5b86445-9c87-4edb-b176-8eaf015b94aa@group-26B472B5CCC3-LeaderElection6] INFO  impl.RoleInfo (RoleInfo.java:updateAndGet(143)) - c5b86445-9c87-4edb-b176-8eaf015b94aa: start LeaderState
2019-10-18 14:34:38,210 [c5b86445-9c87-4edb-b176-8eaf015b94aa@group-26B472B5CCC3-LeaderElection6] INFO  segmented.SegmentedRaftLogWorker (SegmentedRaftLogWorker.java:rollLogSegment(390)) - c5b86445-9c87-4edb-b176-8eaf015b94aa@group-26B472B5CCC3-SegmentedRaftLogWorker: Rolling segment log-0_0 to index:0
2019-10-18 14:34:38,213 [c5b86445-9c87-4edb-b176-8eaf015b94aa@group-26B472B5CCC3-LeaderElection6] INFO  impl.RaftServerImpl (ServerState.java:setRaftConf(357)) - c5b86445-9c87-4edb-b176-8eaf015b94aa@group-26B472B5CCC3: set configuration 1: [c5b86445-9c87-4edb-b176-8eaf015b94aa:192.168.164.233:40993], old=null at 1
2019-10-18 14:34:38,214 [c5b86445-9c87-4edb-b176-8eaf015b94aa@group-26B472B5CCC3-SegmentedRaftLogWorker] INFO  segmented.SegmentedRaftLogWorker (SegmentedRaftLogWorker.java:execute(533)) - c5b86445-9c87-4edb-b176-8eaf015b94aa@group-26B472B5CCC3-SegmentedRaftLogWorker: Rolled log segment from /workdir/hadoop-ozone/integration-test/target/test-dir/MiniOzoneClusterImpl-f465728d-d17c-4acf-bac7-b15b0ed995a5/datanode-1/data/ratis/672fd54f-c761-4976-810f-26b472b5ccc3/current/log_inprogress_0 to /workdir/hadoop-ozone/integration-test/target/test-dir/MiniOzoneClusterImpl-f465728d-d17c-4acf-bac7-b15b0ed995a5/datanode-1/data/ratis/672fd54f-c761-4976-810f-26b472b5ccc3/current/log_0-0
2019-10-18 14:34:38,239 [c5b86445-9c87-4edb-b176-8eaf015b94aa@group-50F79935BC6A-LeaderElection7] INFO  impl.LeaderElection (LeaderElection.java:askForVotes(178)) - c5b86445-9c87-4edb-b176-8eaf015b94aa@group-50F79935BC6A-LeaderElection7: begin an election at term 4 for 0: [07da283f-72b3-4610-abc1-72d23674d905:192.168.164.233:38130, c3a3cb61-beea-4a1a-8639-85f6e846679d:192.168.164.233:33135, c5b86445-9c87-4edb-b176-8eaf015b94aa:192.168.164.233:40993], old=null
2019-10-18 14:34:38,242 [grpc-default-executor-3] INFO  impl.RaftServerImpl (ServerState.java:setLeader(256)) - c3a3cb61-beea-4a1a-8639-85f6e846679d@group-50F79935BC6A: change Leader from 07da283f-72b3-4610-abc1-72d23674d905 to null at term 3 for updateCurrentTerm
2019-10-18 14:34:38,243 [grpc-default-executor-2] INFO  impl.RaftServerImpl (ServerState.java:setLeader(256)) - 07da283f-72b3-4610-abc1-72d23674d905@group-50F79935BC6A: change Leader from 07da283f-72b3-4610-abc1-72d23674d905 to null at term 3 for updateCurrentTerm
2019-10-18 14:34:38,243 [grpc-default-executor-3] INFO  impl.RaftServerImpl (RaftServerImpl.java:setRole(184)) - c3a3cb61-beea-4a1a-8639-85f6e846679d@group-50F79935BC6A: changes role from  FOLLOWER to FOLLOWER at term 3 for recognizeCandidate:c5b86445-9c87-4edb-b176-8eaf015b94aa
2019-10-18 14:34:38,243 [grpc-default-executor-2] INFO  impl.RaftServerImpl (RaftServerImpl.java:setRole(184)) - 07da283f-72b3-4610-abc1-72d23674d905@group-50F79935BC6A: changes role from    LEADER to FOLLOWER at term 3 for recognizeCandidate:c5b86445-9c87-4edb-b176-8eaf015b94aa
2019-10-18 14:34:38,243 [grpc-default-executor-3] INFO  impl.RoleInfo (RoleInfo.java:shutdownFollowerState(121)) - c3a3cb61-beea-4a1a-8639-85f6e846679d: shutdown FollowerState
2019-10-18 14:34:38,243 [grpc-default-executor-2] INFO  impl.RoleInfo (RoleInfo.java:shutdownLeaderState(104)) - 07da283f-72b3-4610-abc1-72d23674d905: shutdown LeaderState
2019-10-18 14:34:38,243 [Thread-220] INFO  impl.FollowerState (FollowerState.java:run(117)) - c3a3cb61-beea-4a1a-8639-85f6e846679d@group-50F79935BC6A-FollowerState was interrupted: java.lang.InterruptedException: sleep interrupted
2019-10-18 14:34:38,243 [grpc-default-executor-3] INFO  impl.RoleInfo (RoleInfo.java:updateAndGet(143)) - c3a3cb61-beea-4a1a-8639-85f6e846679d: start FollowerState
2019-10-18 14:34:38,245 [grpc-default-executor-2] INFO  impl.PendingRequests (PendingRequests.java:sendNotLeaderResponses(202)) - 07da283f-72b3-4610-abc1-72d23674d905@group-50F79935BC6A-PendingRequests: sendNotLeaderResponses
2019-10-18 14:34:38,245 [org.apache.ratis.server.impl.LogAppender$AppenderDaemon$$Lambda$416/1380452775@53911cb0] WARN  server.GrpcLogAppender (GrpcLogAppender.java:mayWait(149)) - 07da283f-72b3-4610-abc1-72d23674d905@group-50F79935BC6A->c3a3cb61-beea-4a1a-8639-85f6e846679d-GrpcLogAppender: Wait interrupted by java.lang.InterruptedException
2019-10-18 14:34:38,245 [org.apache.ratis.server.impl.LogAppender$AppenderDaemon$$Lambda$416/1380452775@62082936] WARN  server.GrpcLogAppender (GrpcLogAppender.java:mayWait(149)) - 07da283f-72b3-4610-abc1-72d23674d905@group-50F79935BC6A->c5b86445-9c87-4edb-b176-8eaf015b94aa-GrpcLogAppender: Wait interrupted by java.lang.InterruptedException
2019-10-18 14:34:38,248 [Thread-561] INFO  client.GrpcClientProtocolService (GrpcClientProtocolService.java:lambda$processClientRequest$0(278)) - Failed RaftClientRequest:client-D4B6A76FA5A7->07da283f-72b3-4610-abc1-72d23674d905@group-50F79935BC6A, cid=10, seq=0, Watch-ALL_COMMITTED(6), Message:<EMPTY>, reply=RaftClientReply:client-D4B6A76FA5A7->07da283f-72b3-4610-abc1-72d23674d905@group-50F79935BC6A, cid=10, FAILED org.apache.ratis.protocol.NotLeaderException: Server 07da283f-72b3-4610-abc1-72d23674d905@group-50F79935BC6A is not the leader, logIndex=0, commits[07da283f-72b3-4610-abc1-72d23674d905:c10, c3a3cb61-beea-4a1a-8639-85f6e846679d:c10, c5b86445-9c87-4edb-b176-8eaf015b94aa:c4]
2019-10-18 14:34:38,248 [grpc-default-executor-2] INFO  impl.RoleInfo (RoleInfo.java:updateAndGet(143)) - 07da283f-72b3-4610-abc1-72d23674d905: start FollowerState
2019-10-18 14:34:38,248 [grpc-default-executor-0] INFO  server.GrpcServerProtocolService (GrpcServerProtocolService.java:onCompleted(113)) - c3a3cb61-beea-4a1a-8639-85f6e846679d: Completed APPEND_ENTRIES, lastRequest: 07da283f-72b3-4610-abc1-72d23674d905->c3a3cb61-beea-4a1a-8639-85f6e846679d#51-t2, previous=(t:2, i:10), leaderCommit=10, initializing? false, entries: <empty>
2019-10-18 14:34:38,252 [grpc-default-executor-4] INFO  server.GrpcLogAppender (GrpcLogAppender.java:onCompleted(308)) - 07da283f-72b3-4610-abc1-72d23674d905@group-50F79935BC6A->c3a3cb61-beea-4a1a-8639-85f6e846679d-AppendLogResponseHandler: follower responses appendEntries COMPLETED
2019-10-18 14:34:38,254 [grpc-default-executor-4] INFO  impl.FollowerInfo (FollowerInfo.java:lambda$new$0(51)) - 07da283f-72b3-4610-abc1-72d23674d905@group-50F79935BC6A->c3a3cb61-beea-4a1a-8639-85f6e846679d: nextIndex: updateUnconditionally 11 -> 10
2019-10-18 14:34:38,263 [c5b86445-9c87-4edb-b176-8eaf015b94aa@group-26B472B5CCC3-SegmentedRaftLogWorker] INFO  segmented.SegmentedRaftLogWorker (SegmentedRaftLogWorker.java:execute(576)) - c5b86445-9c87-4edb-b176-8eaf015b94aa@group-26B472B5CCC3-SegmentedRaftLogWorker: created new log segment /workdir/hadoop-ozone/integration-test/target/test-dir/MiniOzoneClusterImpl-f465728d-d17c-4acf-bac7-b15b0ed995a5/datanode-1/data/ratis/672fd54f-c761-4976-810f-26b472b5ccc3/current/log_inprogress_1
2019-10-18 14:34:38,263 [grpc-default-executor-0] INFO  impl.RaftServerImpl (RaftServerImpl.java:setRole(184)) - 07da283f-72b3-4610-abc1-72d23674d905@group-50F79935BC6A: changes role from  FOLLOWER to FOLLOWER at term 4 for recognizeCandidate:c5b86445-9c87-4edb-b176-8eaf015b94aa
2019-10-18 14:34:38,263 [grpc-default-executor-4] INFO  impl.RaftServerImpl (RaftServerImpl.java:setRole(184)) - c3a3cb61-beea-4a1a-8639-85f6e846679d@group-50F79935BC6A: changes role from  FOLLOWER to FOLLOWER at term 4 for recognizeCandidate:c5b86445-9c87-4edb-b176-8eaf015b94aa
2019-10-18 14:34:38,263 [grpc-default-executor-0] INFO  impl.RoleInfo (RoleInfo.java:shutdownFollowerState(121)) - 07da283f-72b3-4610-abc1-72d23674d905: shutdown FollowerState
2019-10-18 14:34:38,264 [Thread-562] INFO  impl.FollowerState (FollowerState.java:run(117)) - 07da283f-72b3-4610-abc1-72d23674d905@group-50F79935BC6A-FollowerState was interrupted: java.lang.InterruptedException: sleep interrupted
2019-10-18 14:34:38,263 [grpc-default-executor-4] INFO  impl.RoleInfo (RoleInfo.java:shutdownFollowerState(121)) - c3a3cb61-beea-4a1a-8639-85f6e846679d: shutdown FollowerState
2019-10-18 14:34:38,264 [grpc-default-executor-0] INFO  impl.RoleInfo (RoleInfo.java:updateAndGet(143)) - 07da283f-72b3-4610-abc1-72d23674d905: start FollowerState
2019-10-18 14:34:38,265 [Thread-560] INFO  impl.FollowerState (FollowerState.java:run(117)) - c3a3cb61-beea-4a1a-8639-85f6e846679d@group-50F79935BC6A-FollowerState was interrupted: java.lang.InterruptedException: sleep interrupted
2019-10-18 14:34:38,264 [grpc-default-executor-4] INFO  impl.RoleInfo (RoleInfo.java:updateAndGet(143)) - c3a3cb61-beea-4a1a-8639-85f6e846679d: start FollowerState
2019-10-18 14:34:38,280 [c5b86445-9c87-4edb-b176-8eaf015b94aa@group-50F79935BC6A-LeaderElection7] INFO  impl.LeaderElection (LeaderElection.java:logAndReturn(56)) - c5b86445-9c87-4edb-b176-8eaf015b94aa@group-50F79935BC6A-LeaderElection7: Election REJECTED; received 2 response(s) [c5b86445-9c87-4edb-b176-8eaf015b94aa<-07da283f-72b3-4610-abc1-72d23674d905#0:FAIL-t4, c5b86445-9c87-4edb-b176-8eaf015b94aa<-c3a3cb61-beea-4a1a-8639-85f6e846679d#0:FAIL-t4] and 0 exception(s); c5b86445-9c87-4edb-b176-8eaf015b94aa@group-50F79935BC6A:t4, leader=null, voted=c5b86445-9c87-4edb-b176-8eaf015b94aa, raftlog=c5b86445-9c87-4edb-b176-8eaf015b94aa@group-50F79935BC6A-SegmentedRaftLog:OPENED:c3,f4,i4, conf=0: [07da283f-72b3-4610-abc1-72d23674d905:192.168.164.233:38130, c3a3cb61-beea-4a1a-8639-85f6e846679d:192.168.164.233:33135, c5b86445-9c87-4edb-b176-8eaf015b94aa:192.168.164.233:40993], old=null
2019-10-18 14:34:38,280 [c5b86445-9c87-4edb-b176-8eaf015b94aa@group-50F79935BC6A-LeaderElection7] INFO  impl.RaftServerImpl (RaftServerImpl.java:setRole(184)) - c5b86445-9c87-4edb-b176-8eaf015b94aa@group-50F79935BC6A: changes role from CANDIDATE to FOLLOWER at term 4 for DISCOVERED_A_NEW_TERM
2019-10-18 14:34:38,281 [c5b86445-9c87-4edb-b176-8eaf015b94aa@group-50F79935BC6A-LeaderElection7] INFO  impl.RoleInfo (RoleInfo.java:shutdownLeaderElection(134)) - c5b86445-9c87-4edb-b176-8eaf015b94aa: shutdown LeaderElection
2019-10-18 14:34:38,281 [c5b86445-9c87-4edb-b176-8eaf015b94aa@group-50F79935BC6A-LeaderElection7] INFO  impl.RoleInfo (RoleInfo.java:updateAndGet(143)) - c5b86445-9c87-4edb-b176-8eaf015b94aa: start FollowerState
2019-10-18 14:34:38,327 [Thread-565] INFO  impl.FollowerState (FollowerState.java:run(108)) - c5b86445-9c87-4edb-b176-8eaf015b94aa@group-50F79935BC6A-FollowerState: change to CANDIDATE, lastRpcTime:45ms, electionTimeout:45ms
2019-10-18 14:34:38,328 [Thread-565] INFO  impl.RoleInfo (RoleInfo.java:shutdownFollowerState(121)) - c5b86445-9c87-4edb-b176-8eaf015b94aa: shutdown FollowerState
2019-10-18 14:34:38,328 [Thread-565] INFO  impl.RaftServerImpl (RaftServerImpl.java:setRole(184)) - c5b86445-9c87-4edb-b176-8eaf015b94aa@group-50F79935BC6A: changes role from  FOLLOWER to CANDIDATE at term 4 for changeToCandidate
2019-10-18 14:34:38,328 [Thread-565] INFO  impl.RoleInfo (RoleInfo.java:updateAndGet(143)) - c5b86445-9c87-4edb-b176-8eaf015b94aa: start LeaderElection
2019-10-18 14:34:38,342 [c5b86445-9c87-4edb-b176-8eaf015b94aa@group-50F79935BC6A-LeaderElection8] INFO  impl.LeaderElection (LeaderElection.java:askForVotes(178)) - c5b86445-9c87-4edb-b176-8eaf015b94aa@group-50F79935BC6A-LeaderElection8: begin an election at term 5 for 0: [07da283f-72b3-4610-abc1-72d23674d905:192.168.164.233:38130, c3a3cb61-beea-4a1a-8639-85f6e846679d:192.168.164.233:33135, c5b86445-9c87-4edb-b176-8eaf015b94aa:192.168.164.233:40993], old=null
2019-10-18 14:34:38,345 [grpc-default-executor-4] INFO  impl.RaftServerImpl (RaftServerImpl.java:setRole(184)) - 07da283f-72b3-4610-abc1-72d23674d905@group-50F79935BC6A: changes role from  FOLLOWER to FOLLOWER at term 5 for recognizeCandidate:c5b86445-9c87-4edb-b176-8eaf015b94aa
2019-10-18 14:34:38,345 [grpc-default-executor-0] INFO  impl.RaftServerImpl (RaftServerImpl.java:setRole(184)) - c3a3cb61-beea-4a1a-8639-85f6e846679d@group-50F79935BC6A: changes role from  FOLLOWER to FOLLOWER at term 5 for recognizeCandidate:c5b86445-9c87-4edb-b176-8eaf015b94aa
2019-10-18 14:34:38,345 [grpc-default-executor-4] INFO  impl.RoleInfo (RoleInfo.java:shutdownFollowerState(121)) - 07da283f-72b3-4610-abc1-72d23674d905: shutdown FollowerState
2019-10-18 14:34:38,345 [grpc-default-executor-0] INFO  impl.RoleInfo (RoleInfo.java:shutdownFollowerState(121)) - c3a3cb61-beea-4a1a-8639-85f6e846679d: shutdown FollowerState
2019-10-18 14:34:38,346 [Thread-563] INFO  impl.FollowerState (FollowerState.java:run(117)) - 07da283f-72b3-4610-abc1-72d23674d905@group-50F79935BC6A-FollowerState was interrupted: java.lang.InterruptedException: sleep interrupted
2019-10-18 14:34:38,345 [grpc-default-executor-4] INFO  impl.RoleInfo (RoleInfo.java:updateAndGet(143)) - 07da283f-72b3-4610-abc1-72d23674d905: start FollowerState
2019-10-18 14:34:38,346 [grpc-default-executor-0] INFO  impl.RoleInfo (RoleInfo.java:updateAndGet(143)) - c3a3cb61-beea-4a1a-8639-85f6e846679d: start FollowerState
2019-10-18 14:34:38,346 [c5b86445-9c87-4edb-b176-8eaf015b94aa@group-50F79935BC6A-LeaderElection8] INFO  impl.LeaderElection (LeaderElection.java:logAndReturn(56)) - c5b86445-9c87-4edb-b176-8eaf015b94aa@group-50F79935BC6A-LeaderElection8: Election TIMEOUT; received 0 response(s) [] and 0 exception(s); c5b86445-9c87-4edb-b176-8eaf015b94aa@group-50F79935BC6A:t5, leader=null, voted=c5b86445-9c87-4edb-b176-8eaf015b94aa, raftlog=c5b86445-9c87-4edb-b176-8eaf015b94aa@group-50F79935BC6A-SegmentedRaftLog:OPENED:c3,f4,i4, conf=0: [07da283f-72b3-4610-abc1-72d23674d905:192.168.164.233:38130, c3a3cb61-beea-4a1a-8639-85f6e846679d:192.168.164.233:33135, c5b86445-9c87-4edb-b176-8eaf015b94aa:192.168.164.233:40993], old=null
2019-10-18 14:34:38,346 [Thread-564] INFO  impl.FollowerState (FollowerState.java:run(117)) - c3a3cb61-beea-4a1a-8639-85f6e846679d@group-50F79935BC6A-FollowerState was interrupted: java.lang.InterruptedException: sleep interrupted
2019-10-18 14:34:38,360 [c5b86445-9c87-4edb-b176-8eaf015b94aa@group-50F79935BC6A-LeaderElection8] INFO  impl.LeaderElection (LeaderElection.java:askForVotes(178)) - c5b86445-9c87-4edb-b176-8eaf015b94aa@group-50F79935BC6A-LeaderElection8: begin an election at term 6 for 0: [07da283f-72b3-4610-abc1-72d23674d905:192.168.164.233:38130, c3a3cb61-beea-4a1a-8639-85f6e846679d:192.168.164.233:33135, c5b86445-9c87-4edb-b176-8eaf015b94aa:192.168.164.233:40993], old=null
2019-10-18 14:34:38,368 [Command processor thread] INFO  commandhandler.DeleteBlocksCommandHandler (DeleteBlocksCommandHandler.java:handle(106)) - Start to delete container blocks, TXIDs=[1(0)], numOfContainers=1, numOfBlocks=1
2019-10-18 14:34:38,369 [grpc-default-executor-4] INFO  impl.RaftServerImpl (RaftServerImpl.java:setRole(184)) - 07da283f-72b3-4610-abc1-72d23674d905@group-50F79935BC6A: changes role from  FOLLOWER to FOLLOWER at term 6 for recognizeCandidate:c5b86445-9c87-4edb-b176-8eaf015b94aa
2019-10-18 14:34:38,369 [grpc-default-executor-0] INFO  impl.RaftServerImpl (RaftServerImpl.java:setRole(184)) - c3a3cb61-beea-4a1a-8639-85f6e846679d@group-50F79935BC6A: changes role from  FOLLOWER to FOLLOWER at term 6 for recognizeCandidate:c5b86445-9c87-4edb-b176-8eaf015b94aa
2019-10-18 14:34:38,369 [Command processor thread] INFO  commandhandler.DeleteBlocksCommandHandler (DeleteBlocksCommandHandler.java:handle(106)) - Start to delete container blocks, TXIDs=[1(4)], numOfContainers=1, numOfBlocks=1
2019-10-18 14:34:38,369 [grpc-default-executor-4] INFO  impl.RoleInfo (RoleInfo.java:shutdownFollowerState(121)) - 07da283f-72b3-4610-abc1-72d23674d905: shutdown FollowerState
2019-10-18 14:34:38,369 [Command processor thread] INFO  commandhandler.DeleteBlocksCommandHandler (DeleteBlocksCommandHandler.java:handle(106)) - Start to delete container blocks, TXIDs=[1(2)], numOfContainers=1, numOfBlocks=1
2019-10-18 14:34:38,369 [grpc-default-executor-0] INFO  impl.RoleInfo (RoleInfo.java:shutdownFollowerState(121)) - c3a3cb61-beea-4a1a-8639-85f6e846679d: shutdown FollowerState
2019-10-18 14:34:38,370 [Command processor thread] INFO  commandhandler.DeleteBlocksCommandHandler (DeleteBlocksCommandHandler.java:handle(106)) - Start to delete container blocks, TXIDs=[1(7)], numOfContainers=1, numOfBlocks=1
2019-10-18 14:34:38,369 [Thread-569] INFO  impl.FollowerState (FollowerState.java:run(117)) - 07da283f-72b3-4610-abc1-72d23674d905@group-50F79935BC6A-FollowerState was interrupted: java.lang.InterruptedException: sleep interrupted
2019-10-18 14:34:38,369 [grpc-default-executor-4] INFO  impl.RoleInfo (RoleInfo.java:updateAndGet(143)) - 07da283f-72b3-4610-abc1-72d23674d905: start FollowerState
2019-10-18 14:34:38,370 [Command processor thread] INFO  commandhandler.DeleteBlocksCommandHandler (DeleteBlocksCommandHandler.java:handle(106)) - Start to delete container blocks, TXIDs=[1(0)], numOfContainers=1, numOfBlocks=1
2019-10-18 14:34:38,370 [Thread-570] INFO  impl.FollowerState (FollowerState.java:run(117)) - c3a3cb61-beea-4a1a-8639-85f6e846679d@group-50F79935BC6A-FollowerState was interrupted: java.lang.InterruptedException: sleep interrupted
2019-10-18 14:34:38,370 [grpc-default-executor-0] INFO  impl.RoleInfo (RoleInfo.java:updateAndGet(143)) - c3a3cb61-beea-4a1a-8639-85f6e846679d: start FollowerState
2019-10-18 14:34:38,371 [Command processor thread] INFO  commandhandler.DeleteBlocksCommandHandler (DeleteBlocksCommandHandler.java:handle(106)) - Start to delete container blocks, TXIDs=[1(4)], numOfContainers=1, numOfBlocks=1
2019-10-18 14:34:38,371 [Command processor thread] INFO  commandhandler.DeleteBlocksCommandHandler (DeleteBlocksCommandHandler.java:handle(106)) - Start to delete container blocks, TXIDs=[1(2)], numOfContainers=1, numOfBlocks=1
2019-10-18 14:34:38,390 [c5b86445-9c87-4edb-b176-8eaf015b94aa@group-50F79935BC6A-LeaderElection8] INFO  impl.LeaderElection (LeaderElection.java:logAndReturn(56)) - c5b86445-9c87-4edb-b176-8eaf015b94aa@group-50F79935BC6A-LeaderElection8: Election REJECTED; received 2 response(s) [c5b86445-9c87-4edb-b176-8eaf015b94aa<-07da283f-72b3-4610-abc1-72d23674d905#0:FAIL-t6, c5b86445-9c87-4edb-b176-8eaf015b94aa<-c3a3cb61-beea-4a1a-8639-85f6e846679d#0:FAIL-t6] and 0 exception(s); c5b86445-9c87-4edb-b176-8eaf015b94aa@group-50F79935BC6A:t6, leader=null, voted=c5b86445-9c87-4edb-b176-8eaf015b94aa, raftlog=c5b86445-9c87-4edb-b176-8eaf015b94aa@group-50F79935BC6A-SegmentedRaftLog:OPENED:c3,f4,i4, conf=0: [07da283f-72b3-4610-abc1-72d23674d905:192.168.164.233:38130, c3a3cb61-beea-4a1a-8639-85f6e846679d:192.168.164.233:33135, c5b86445-9c87-4edb-b176-8eaf015b94aa:192.168.164.233:40993], old=null
2019-10-18 14:34:38,391 [c5b86445-9c87-4edb-b176-8eaf015b94aa@group-50F79935BC6A-LeaderElection8] INFO  impl.RaftServerImpl (RaftServerImpl.java:setRole(184)) - c5b86445-9c87-4edb-b176-8eaf015b94aa@group-50F79935BC6A: changes role from CANDIDATE to FOLLOWER at term 6 for DISCOVERED_A_NEW_TERM
2019-10-18 14:34:38,393 [c5b86445-9c87-4edb-b176-8eaf015b94aa@group-50F79935BC6A-LeaderElection8] INFO  impl.RoleInfo (RoleInfo.java:shutdownLeaderElection(134)) - c5b86445-9c87-4edb-b176-8eaf015b94aa: shutdown LeaderElection
2019-10-18 14:34:38,393 [c5b86445-9c87-4edb-b176-8eaf015b94aa@group-50F79935BC6A-LeaderElection8] INFO  impl.RoleInfo (RoleInfo.java:updateAndGet(143)) - c5b86445-9c87-4edb-b176-8eaf015b94aa: start FollowerState
2019-10-18 14:34:38,405 [Thread-575] INFO  impl.FollowerState (FollowerState.java:run(108)) - c5b86445-9c87-4edb-b176-8eaf015b94aa@group-50F79935BC6A-FollowerState: change to CANDIDATE, lastRpcTime:12ms, electionTimeout:12ms
2019-10-18 14:34:38,406 [Thread-575] INFO  impl.RoleInfo (RoleInfo.java:shutdownFollowerState(121)) - c5b86445-9c87-4edb-b176-8eaf015b94aa: shutdown FollowerState
2019-10-18 14:34:38,407 [Thread-575] INFO  impl.RaftServerImpl (RaftServerImpl.java:setRole(184)) - c5b86445-9c87-4edb-b176-8eaf015b94aa@group-50F79935BC6A: changes role from  FOLLOWER to CANDIDATE at term 6 for changeToCandidate
2019-10-18 14:34:38,407 [Thread-575] INFO  impl.RoleInfo (RoleInfo.java:updateAndGet(143)) - c5b86445-9c87-4edb-b176-8eaf015b94aa: start LeaderElection
2019-10-18 14:34:38,422 [c5b86445-9c87-4edb-b176-8eaf015b94aa@group-50F79935BC6A-LeaderElection9] INFO  impl.LeaderElection (LeaderElection.java:askForVotes(178)) - c5b86445-9c87-4edb-b176-8eaf015b94aa@group-50F79935BC6A-LeaderElection9: begin an election at term 7 for 0: [07da283f-72b3-4610-abc1-72d23674d905:192.168.164.233:38130, c3a3cb61-beea-4a1a-8639-85f6e846679d:192.168.164.233:33135, c5b86445-9c87-4edb-b176-8eaf015b94aa:192.168.164.233:40993], old=null
2019-10-18 14:34:38,426 [grpc-default-executor-4] INFO  impl.RaftServerImpl (RaftServerImpl.java:setRole(184)) - c3a3cb61-beea-4a1a-8639-85f6e846679d@group-50F79935BC6A: changes role from  FOLLOWER to FOLLOWER at term 7 for recognizeCandidate:c5b86445-9c87-4edb-b176-8eaf015b94aa
2019-10-18 14:34:38,426 [grpc-default-executor-0] INFO  impl.RaftServerImpl (RaftServerImpl.java:setRole(184)) - 07da283f-72b3-4610-abc1-72d23674d905@group-50F79935BC6A: changes role from  FOLLOWER to FOLLOWER at term 7 for recognizeCandidate:c5b86445-9c87-4edb-b176-8eaf015b94aa
2019-10-18 14:34:38,426 [grpc-default-executor-4] INFO  impl.RoleInfo (RoleInfo.java:shutdownFollowerState(121)) - c3a3cb61-beea-4a1a-8639-85f6e846679d: shutdown FollowerState
2019-10-18 14:34:38,426 [grpc-default-executor-0] INFO  impl.RoleInfo (RoleInfo.java:shutdownFollowerState(121)) - 07da283f-72b3-4610-abc1-72d23674d905: shutdown FollowerState
2019-10-18 14:34:38,426 [grpc-default-executor-4] INFO  impl.RoleInfo (RoleInfo.java:updateAndGet(143)) - c3a3cb61-beea-4a1a-8639-85f6e846679d: start FollowerState
2019-10-18 14:34:38,426 [Thread-573] INFO  impl.FollowerState (FollowerState.java:run(117)) - 07da283f-72b3-4610-abc1-72d23674d905@group-50F79935BC6A-FollowerState was interrupted: java.lang.InterruptedException: sleep interrupted
2019-10-18 14:34:38,426 [grpc-default-executor-0] INFO  impl.RoleInfo (RoleInfo.java:updateAndGet(143)) - 07da283f-72b3-4610-abc1-72d23674d905: start FollowerState
2019-10-18 14:34:38,426 [Thread-574] INFO  impl.FollowerState (FollowerState.java:run(117)) - c3a3cb61-beea-4a1a-8639-85f6e846679d@group-50F79935BC6A-FollowerState was interrupted: java.lang.InterruptedException: sleep interrupted
2019-10-18 14:34:38,431 [c5b86445-9c87-4edb-b176-8eaf015b94aa@group-50F79935BC6A-LeaderElection9] INFO  impl.LeaderElection (LeaderElection.java:logAndReturn(56)) - c5b86445-9c87-4edb-b176-8eaf015b94aa@group-50F79935BC6A-LeaderElection9: Election REJECTED; received 2 response(s) [c5b86445-9c87-4edb-b176-8eaf015b94aa<-07da283f-72b3-4610-abc1-72d23674d905#0:FAIL-t7, c5b86445-9c87-4edb-b176-8eaf015b94aa<-c3a3cb61-beea-4a1a-8639-85f6e846679d#0:FAIL-t7] and 0 exception(s); c5b86445-9c87-4edb-b176-8eaf015b94aa@group-50F79935BC6A:t7, leader=null, voted=c5b86445-9c87-4edb-b176-8eaf015b94aa, raftlog=c5b86445-9c87-4edb-b176-8eaf015b94aa@group-50F79935BC6A-SegmentedRaftLog:OPENED:c3,f4,i4, conf=0: [07da283f-72b3-4610-abc1-72d23674d905:192.168.164.233:38130, c3a3cb61-beea-4a1a-8639-85f6e846679d:192.168.164.233:33135, c5b86445-9c87-4edb-b176-8eaf015b94aa:192.168.164.233:40993], old=null
2019-10-18 14:34:38,431 [c5b86445-9c87-4edb-b176-8eaf015b94aa@group-50F79935BC6A-LeaderElection9] INFO  impl.RaftServerImpl (RaftServerImpl.java:setRole(184)) - c5b86445-9c87-4edb-b176-8eaf015b94aa@group-50F79935BC6A: changes role from CANDIDATE to FOLLOWER at term 7 for DISCOVERED_A_NEW_TERM
2019-10-18 14:34:38,432 [c5b86445-9c87-4edb-b176-8eaf015b94aa@group-50F79935BC6A-LeaderElection9] INFO  impl.RoleInfo (RoleInfo.java:shutdownLeaderElection(134)) - c5b86445-9c87-4edb-b176-8eaf015b94aa: shutdown LeaderElection
2019-10-18 14:34:38,432 [c5b86445-9c87-4edb-b176-8eaf015b94aa@group-50F79935BC6A-LeaderElection9] INFO  impl.RoleInfo (RoleInfo.java:updateAndGet(143)) - c5b86445-9c87-4edb-b176-8eaf015b94aa: start FollowerState
2019-10-18 14:34:38,452 [BlockDeletingService#2] WARN  background.BlockDeletingService (BlockDeletingService.java:isDeletionAllowed(187)) - Close Container log Index 6 is not replicated across allthe servers in the pipeline 1b899901-10f6-4f6e-b1b6-50f79935bc6a as the min replicated index is 4. Deletion is not allowed in this container yet.
2019-10-18 14:34:38,452 [BlockDeletingService#2] WARN  background.BlockDeletingService (BlockDeletingService.java:isDeletionAllowed(187)) - Close Container log Index 6 is not replicated across allthe servers in the pipeline 1b899901-10f6-4f6e-b1b6-50f79935bc6a as the min replicated index is 4. Deletion is not allowed in this container yet.
2019-10-18 14:34:38,526 [Thread-581] INFO  impl.FollowerState (FollowerState.java:run(108)) - c5b86445-9c87-4edb-b176-8eaf015b94aa@group-50F79935BC6A-FollowerState: change to CANDIDATE, lastRpcTime:93ms, electionTimeout:93ms
2019-10-18 14:34:38,526 [Thread-581] INFO  impl.RoleInfo (RoleInfo.java:shutdownFollowerState(121)) - c5b86445-9c87-4edb-b176-8eaf015b94aa: shutdown FollowerState
2019-10-18 14:34:38,526 [Thread-581] INFO  impl.RaftServerImpl (RaftServerImpl.java:setRole(184)) - c5b86445-9c87-4edb-b176-8eaf015b94aa@group-50F79935BC6A: changes role from  FOLLOWER to CANDIDATE at term 7 for changeToCandidate
2019-10-18 14:34:38,526 [Thread-581] INFO  impl.RoleInfo (RoleInfo.java:updateAndGet(143)) - c5b86445-9c87-4edb-b176-8eaf015b94aa: start LeaderElection
2019-10-18 14:34:38,541 [c5b86445-9c87-4edb-b176-8eaf015b94aa@group-50F79935BC6A-LeaderElection10] INFO  impl.LeaderElection (LeaderElection.java:askForVotes(178)) - c5b86445-9c87-4edb-b176-8eaf015b94aa@group-50F79935BC6A-LeaderElection10: begin an election at term 8 for 0: [07da283f-72b3-4610-abc1-72d23674d905:192.168.164.233:38130, c3a3cb61-beea-4a1a-8639-85f6e846679d:192.168.164.233:33135, c5b86445-9c87-4edb-b176-8eaf015b94aa:192.168.164.233:40993], old=null
2019-10-18 14:34:38,546 [grpc-default-executor-4] INFO  impl.RaftServerImpl (RaftServerImpl.java:setRole(184)) - 07da283f-72b3-4610-abc1-72d23674d905@group-50F79935BC6A: changes role from  FOLLOWER to FOLLOWER at term 8 for recognizeCandidate:c5b86445-9c87-4edb-b176-8eaf015b94aa
2019-10-18 14:34:38,546 [grpc-default-executor-0] INFO  impl.RaftServerImpl (RaftServerImpl.java:setRole(184)) - c3a3cb61-beea-4a1a-8639-85f6e846679d@group-50F79935BC6A: changes role from  FOLLOWER to FOLLOWER at term 8 for recognizeCandidate:c5b86445-9c87-4edb-b176-8eaf015b94aa
2019-10-18 14:34:38,546 [grpc-default-executor-4] INFO  impl.RoleInfo (RoleInfo.java:shutdownFollowerState(121)) - 07da283f-72b3-4610-abc1-72d23674d905: shutdown FollowerState
2019-10-18 14:34:38,546 [grpc-default-executor-0] INFO  impl.RoleInfo (RoleInfo.java:shutdownFollowerState(121)) - c3a3cb61-beea-4a1a-8639-85f6e846679d: shutdown FollowerState
2019-10-18 14:34:38,546 [Thread-580] INFO  impl.FollowerState (FollowerState.java:run(117)) - 07da283f-72b3-4610-abc1-72d23674d905@group-50F79935BC6A-FollowerState was interrupted: java.lang.InterruptedException: sleep interrupted
2019-10-18 14:34:38,546 [Thread-579] INFO  impl.FollowerState (FollowerState.java:run(117)) - c3a3cb61-beea-4a1a-8639-85f6e846679d@group-50F79935BC6A-FollowerState was interrupted: java.lang.InterruptedException: sleep interrupted
2019-10-18 14:34:38,547 [grpc-default-executor-4] INFO  impl.RoleInfo (RoleInfo.java:updateAndGet(143)) - 07da283f-72b3-4610-abc1-72d23674d905: start FollowerState
2019-10-18 14:34:38,546 [grpc-default-executor-0] INFO  impl.RoleInfo (RoleInfo.java:updateAndGet(143)) - c3a3cb61-beea-4a1a-8639-85f6e846679d: start FollowerState
2019-10-18 14:34:38,562 [c5b86445-9c87-4edb-b176-8eaf015b94aa@group-50F79935BC6A-LeaderElection10] INFO  impl.LeaderElection (LeaderElection.java:logAndReturn(56)) - c5b86445-9c87-4edb-b176-8eaf015b94aa@group-50F79935BC6A-LeaderElection10: Election REJECTED; received 2 response(s) [c5b86445-9c87-4edb-b176-8eaf015b94aa<-07da283f-72b3-4610-abc1-72d23674d905#0:FAIL-t8, c5b86445-9c87-4edb-b176-8eaf015b94aa<-c3a3cb61-beea-4a1a-8639-85f6e846679d#0:FAIL-t8] and 0 exception(s); c5b86445-9c87-4edb-b176-8eaf015b94aa@group-50F79935BC6A:t8, leader=null, voted=c5b86445-9c87-4edb-b176-8eaf015b94aa, raftlog=c5b86445-9c87-4edb-b176-8eaf015b94aa@group-50F79935BC6A-SegmentedRaftLog:OPENED:c3,f4,i4, conf=0: [07da283f-72b3-4610-abc1-72d23674d905:192.168.164.233:38130, c3a3cb61-beea-4a1a-8639-85f6e846679d:192.168.164.233:33135, c5b86445-9c87-4edb-b176-8eaf015b94aa:192.168.164.233:40993], old=null
2019-10-18 14:34:38,563 [c5b86445-9c87-4edb-b176-8eaf015b94aa@group-50F79935BC6A-LeaderElection10] INFO  impl.RaftServerImpl (RaftServerImpl.java:setRole(184)) - c5b86445-9c87-4edb-b176-8eaf015b94aa@group-50F79935BC6A: changes role from CANDIDATE to FOLLOWER at term 8 for DISCOVERED_A_NEW_TERM
2019-10-18 14:34:38,564 [c5b86445-9c87-4edb-b176-8eaf015b94aa@group-50F79935BC6A-LeaderElection10] INFO  impl.RoleInfo (RoleInfo.java:shutdownLeaderElection(134)) - c5b86445-9c87-4edb-b176-8eaf015b94aa: shutdown LeaderElection
2019-10-18 14:34:38,564 [c5b86445-9c87-4edb-b176-8eaf015b94aa@group-50F79935BC6A-LeaderElection10] INFO  impl.RoleInfo (RoleInfo.java:updateAndGet(143)) - c5b86445-9c87-4edb-b176-8eaf015b94aa: start FollowerState
2019-10-18 14:34:38,700 [Thread-589] INFO  impl.FollowerState (FollowerState.java:run(108)) - c5b86445-9c87-4edb-b176-8eaf015b94aa@group-50F79935BC6A-FollowerState: change to CANDIDATE, lastRpcTime:136ms, electionTimeout:135ms
2019-10-18 14:34:38,702 [Thread-589] INFO  impl.RoleInfo (RoleInfo.java:shutdownFollowerState(121)) - c5b86445-9c87-4edb-b176-8eaf015b94aa: shutdown FollowerState
2019-10-18 14:34:38,702 [Thread-589] INFO  impl.RaftServerImpl (RaftServerImpl.java:setRole(184)) - c5b86445-9c87-4edb-b176-8eaf015b94aa@group-50F79935BC6A: changes role from  FOLLOWER to CANDIDATE at term 8 for changeToCandidate
2019-10-18 14:34:38,702 [Thread-589] INFO  impl.RoleInfo (RoleInfo.java:updateAndGet(143)) - c5b86445-9c87-4edb-b176-8eaf015b94aa: start LeaderElection
2019-10-18 14:34:38,716 [c5b86445-9c87-4edb-b176-8eaf015b94aa@group-50F79935BC6A-LeaderElection11] INFO  impl.LeaderElection (LeaderElection.java:askForVotes(178)) - c5b86445-9c87-4edb-b176-8eaf015b94aa@group-50F79935BC6A-LeaderElection11: begin an election at term 9 for 0: [07da283f-72b3-4610-abc1-72d23674d905:192.168.164.233:38130, c3a3cb61-beea-4a1a-8639-85f6e846679d:192.168.164.233:33135, c5b86445-9c87-4edb-b176-8eaf015b94aa:192.168.164.233:40993], old=null
2019-10-18 14:34:38,720 [grpc-default-executor-4] INFO  impl.RaftServerImpl (RaftServerImpl.java:setRole(184)) - c3a3cb61-beea-4a1a-8639-85f6e846679d@group-50F79935BC6A: changes role from  FOLLOWER to FOLLOWER at term 9 for recognizeCandidate:c5b86445-9c87-4edb-b176-8eaf015b94aa
2019-10-18 14:34:38,720 [grpc-default-executor-0] INFO  impl.RaftServerImpl (RaftServerImpl.java:setRole(184)) - 07da283f-72b3-4610-abc1-72d23674d905@group-50F79935BC6A: changes role from  FOLLOWER to FOLLOWER at term 9 for recognizeCandidate:c5b86445-9c87-4edb-b176-8eaf015b94aa
2019-10-18 14:34:38,720 [grpc-default-executor-4] INFO  impl.RoleInfo (RoleInfo.java:shutdownFollowerState(121)) - c3a3cb61-beea-4a1a-8639-85f6e846679d: shutdown FollowerState
2019-10-18 14:34:38,720 [grpc-default-executor-0] INFO  impl.RoleInfo (RoleInfo.java:shutdownFollowerState(121)) - 07da283f-72b3-4610-abc1-72d23674d905: shutdown FollowerState
2019-10-18 14:34:38,720 [Thread-588] INFO  impl.FollowerState (FollowerState.java:run(117)) - c3a3cb61-beea-4a1a-8639-85f6e846679d@group-50F79935BC6A-FollowerState was interrupted: java.lang.InterruptedException: sleep interrupted
2019-10-18 14:34:38,720 [grpc-default-executor-4] INFO  impl.RoleInfo (RoleInfo.java:updateAndGet(143)) - c3a3cb61-beea-4a1a-8639-85f6e846679d: start FollowerState
2019-10-18 14:34:38,720 [Thread-587] INFO  impl.FollowerState (FollowerState.java:run(117)) - 07da283f-72b3-4610-abc1-72d23674d905@group-50F79935BC6A-FollowerState was interrupted: java.lang.InterruptedException: sleep interrupted
2019-10-18 14:34:38,720 [grpc-default-executor-0] INFO  impl.RoleInfo (RoleInfo.java:updateAndGet(143)) - 07da283f-72b3-4610-abc1-72d23674d905: start FollowerState
2019-10-18 14:34:38,732 [c5b86445-9c87-4edb-b176-8eaf015b94aa@group-50F79935BC6A-LeaderElection11] INFO  impl.LeaderElection (LeaderElection.java:logAndReturn(56)) - c5b86445-9c87-4edb-b176-8eaf015b94aa@group-50F79935BC6A-LeaderElection11: Election REJECTED; received 2 response(s) [c5b86445-9c87-4edb-b176-8eaf015b94aa<-07da283f-72b3-4610-abc1-72d23674d905#0:FAIL-t9, c5b86445-9c87-4edb-b176-8eaf015b94aa<-c3a3cb61-beea-4a1a-8639-85f6e846679d#0:FAIL-t9] and 0 exception(s); c5b86445-9c87-4edb-b176-8eaf015b94aa@group-50F79935BC6A:t9, leader=null, voted=c5b86445-9c87-4edb-b176-8eaf015b94aa, raftlog=c5b86445-9c87-4edb-b176-8eaf015b94aa@group-50F79935BC6A-SegmentedRaftLog:OPENED:c3,f4,i4, conf=0: [07da283f-72b3-4610-abc1-72d23674d905:192.168.164.233:38130, c3a3cb61-beea-4a1a-8639-85f6e846679d:192.168.164.233:33135, c5b86445-9c87-4edb-b176-8eaf015b94aa:192.168.164.233:40993], old=null
2019-10-18 14:34:38,732 [c5b86445-9c87-4edb-b176-8eaf015b94aa@group-50F79935BC6A-LeaderElection11] INFO  impl.RaftServerImpl (RaftServerImpl.java:setRole(184)) - c5b86445-9c87-4edb-b176-8eaf015b94aa@group-50F79935BC6A: changes role from CANDIDATE to FOLLOWER at term 9 for DISCOVERED_A_NEW_TERM
2019-10-18 14:34:38,733 [c5b86445-9c87-4edb-b176-8eaf015b94aa@group-50F79935BC6A-LeaderElection11] INFO  impl.RoleInfo (RoleInfo.java:shutdownLeaderElection(134)) - c5b86445-9c87-4edb-b176-8eaf015b94aa: shutdown LeaderElection
2019-10-18 14:34:38,734 [c5b86445-9c87-4edb-b176-8eaf015b94aa@group-50F79935BC6A-LeaderElection11] INFO  impl.RoleInfo (RoleInfo.java:updateAndGet(143)) - c5b86445-9c87-4edb-b176-8eaf015b94aa: start FollowerState
2019-10-18 14:34:38,854 [Thread-595] INFO  impl.FollowerState (FollowerState.java:run(108)) - c5b86445-9c87-4edb-b176-8eaf015b94aa@group-50F79935BC6A-FollowerState: change to CANDIDATE, lastRpcTime:119ms, electionTimeout:119ms
2019-10-18 14:34:38,855 [Thread-595] INFO  impl.RoleInfo (RoleInfo.java:shutdownFollowerState(121)) - c5b86445-9c87-4edb-b176-8eaf015b94aa: shutdown FollowerState
2019-10-18 14:34:38,855 [Thread-595] INFO  impl.RaftServerImpl (RaftServerImpl.java:setRole(184)) - c5b86445-9c87-4edb-b176-8eaf015b94aa@group-50F79935BC6A: changes role from  FOLLOWER to CANDIDATE at term 9 for changeToCandidate
2019-10-18 14:34:38,855 [Thread-595] INFO  impl.RoleInfo (RoleInfo.java:updateAndGet(143)) - c5b86445-9c87-4edb-b176-8eaf015b94aa: start LeaderElection
2019-10-18 14:34:38,881 [c5b86445-9c87-4edb-b176-8eaf015b94aa@group-50F79935BC6A-LeaderElection12] INFO  impl.LeaderElection (LeaderElection.java:askForVotes(178)) - c5b86445-9c87-4edb-b176-8eaf015b94aa@group-50F79935BC6A-LeaderElection12: begin an election at term 10 for 0: [07da283f-72b3-4610-abc1-72d23674d905:192.168.164.233:38130, c3a3cb61-beea-4a1a-8639-85f6e846679d:192.168.164.233:33135, c5b86445-9c87-4edb-b176-8eaf015b94aa:192.168.164.233:40993], old=null
2019-10-18 14:34:38,885 [grpc-default-executor-4] INFO  impl.RaftServerImpl (RaftServerImpl.java:setRole(184)) - c3a3cb61-beea-4a1a-8639-85f6e846679d@group-50F79935BC6A: changes role from  FOLLOWER to FOLLOWER at term 10 for recognizeCandidate:c5b86445-9c87-4edb-b176-8eaf015b94aa
2019-10-18 14:34:38,885 [grpc-default-executor-0] INFO  impl.RaftServerImpl (RaftServerImpl.java:setRole(184)) - 07da283f-72b3-4610-abc1-72d23674d905@group-50F79935BC6A: changes role from  FOLLOWER to FOLLOWER at term 10 for recognizeCandidate:c5b86445-9c87-4edb-b176-8eaf015b94aa
2019-10-18 14:34:38,886 [grpc-default-executor-4] INFO  impl.RoleInfo (RoleInfo.java:shutdownFollowerState(121)) - c3a3cb61-beea-4a1a-8639-85f6e846679d: shutdown FollowerState
2019-10-18 14:34:38,886 [grpc-default-executor-0] INFO  impl.RoleInfo (RoleInfo.java:shutdownFollowerState(121)) - 07da283f-72b3-4610-abc1-72d23674d905: shutdown FollowerState
2019-10-18 14:34:38,886 [Thread-593] INFO  impl.FollowerState (FollowerState.java:run(117)) - c3a3cb61-beea-4a1a-8639-85f6e846679d@group-50F79935BC6A-FollowerState was interrupted: java.lang.InterruptedException: sleep interrupted
2019-10-18 14:34:38,886 [grpc-default-executor-4] INFO  impl.RoleInfo (RoleInfo.java:updateAndGet(143)) - c3a3cb61-beea-4a1a-8639-85f6e846679d: start FollowerState
2019-10-18 14:34:38,886 [Thread-594] INFO  impl.FollowerState (FollowerState.java:run(117)) - 07da283f-72b3-4610-abc1-72d23674d905@group-50F79935BC6A-FollowerState was interrupted: java.lang.InterruptedException: sleep interrupted
2019-10-18 14:34:38,886 [grpc-default-executor-0] INFO  impl.RoleInfo (RoleInfo.java:updateAndGet(143)) - 07da283f-72b3-4610-abc1-72d23674d905: start FollowerState
2019-10-18 14:34:38,985 [c5b86445-9c87-4edb-b176-8eaf015b94aa@group-50F79935BC6A-LeaderElection12] INFO  impl.LeaderElection (LeaderElection.java:logAndReturn(56)) - c5b86445-9c87-4edb-b176-8eaf015b94aa@group-50F79935BC6A-LeaderElection12: Election TIMEOUT; received 0 response(s) [] and 0 exception(s); c5b86445-9c87-4edb-b176-8eaf015b94aa@group-50F79935BC6A:t10, leader=null, voted=c5b86445-9c87-4edb-b176-8eaf015b94aa, raftlog=c5b86445-9c87-4edb-b176-8eaf015b94aa@group-50F79935BC6A-SegmentedRaftLog:OPENED:c3,f4,i4, conf=0: [07da283f-72b3-4610-abc1-72d23674d905:192.168.164.233:38130, c3a3cb61-beea-4a1a-8639-85f6e846679d:192.168.164.233:33135, c5b86445-9c87-4edb-b176-8eaf015b94aa:192.168.164.233:40993], old=null
2019-10-18 14:34:39,001 [c5b86445-9c87-4edb-b176-8eaf015b94aa@group-50F79935BC6A-LeaderElection12] INFO  impl.LeaderElection (LeaderElection.java:askForVotes(178)) - c5b86445-9c87-4edb-b176-8eaf015b94aa@group-50F79935BC6A-LeaderElection12: begin an election at term 11 for 0: [07da283f-72b3-4610-abc1-72d23674d905:192.168.164.233:38130, c3a3cb61-beea-4a1a-8639-85f6e846679d:192.168.164.233:33135, c5b86445-9c87-4edb-b176-8eaf015b94aa:192.168.164.233:40993], old=null
2019-10-18 14:34:39,007 [grpc-default-executor-0] INFO  impl.RaftServerImpl (RaftServerImpl.java:setRole(184)) - c3a3cb61-beea-4a1a-8639-85f6e846679d@group-50F79935BC6A: changes role from  FOLLOWER to FOLLOWER at term 11 for recognizeCandidate:c5b86445-9c87-4edb-b176-8eaf015b94aa
2019-10-18 14:34:39,008 [grpc-default-executor-4] INFO  impl.RaftServerImpl (RaftServerImpl.java:setRole(184)) - 07da283f-72b3-4610-abc1-72d23674d905@group-50F79935BC6A: changes role from  FOLLOWER to FOLLOWER at term 11 for recognizeCandidate:c5b86445-9c87-4edb-b176-8eaf015b94aa
2019-10-18 14:34:39,008 [grpc-default-executor-0] INFO  impl.RoleInfo (RoleInfo.java:shutdownFollowerState(121)) - c3a3cb61-beea-4a1a-8639-85f6e846679d: shutdown FollowerState
2019-10-18 14:34:39,008 [grpc-default-executor-4] INFO  impl.RoleInfo (RoleInfo.java:shutdownFollowerState(121)) - 07da283f-72b3-4610-abc1-72d23674d905: shutdown FollowerState
2019-10-18 14:34:39,008 [Thread-599] INFO  impl.FollowerState (FollowerState.java:run(117)) - c3a3cb61-beea-4a1a-8639-85f6e846679d@group-50F79935BC6A-FollowerState was interrupted: java.lang.InterruptedException: sleep interrupted
2019-10-18 14:34:39,009 [grpc-default-executor-4] INFO  impl.RoleInfo (RoleInfo.java:updateAndGet(143)) - 07da283f-72b3-4610-abc1-72d23674d905: start FollowerState
2019-10-18 14:34:39,008 [grpc-default-executor-0] INFO  impl.RoleInfo (RoleInfo.java:updateAndGet(143)) - c3a3cb61-beea-4a1a-8639-85f6e846679d: start FollowerState
2019-10-18 14:34:39,009 [Thread-600] INFO  impl.FollowerState (FollowerState.java:run(117)) - 07da283f-72b3-4610-abc1-72d23674d905@group-50F79935BC6A-FollowerState was interrupted: java.lang.InterruptedException: sleep interrupted
2019-10-18 14:34:39,027 [c5b86445-9c87-4edb-b176-8eaf015b94aa@group-50F79935BC6A-LeaderElection12] INFO  impl.LeaderElection (LeaderElection.java:logAndReturn(56)) - c5b86445-9c87-4edb-b176-8eaf015b94aa@group-50F79935BC6A-LeaderElection12: Election REJECTED; received 2 response(s) [c5b86445-9c87-4edb-b176-8eaf015b94aa<-07da283f-72b3-4610-abc1-72d23674d905#0:FAIL-t11, c5b86445-9c87-4edb-b176-8eaf015b94aa<-c3a3cb61-beea-4a1a-8639-85f6e846679d#0:FAIL-t11] and 0 exception(s); c5b86445-9c87-4edb-b176-8eaf015b94aa@group-50F79935BC6A:t11, leader=null, voted=c5b86445-9c87-4edb-b176-8eaf015b94aa, raftlog=c5b86445-9c87-4edb-b176-8eaf015b94aa@group-50F79935BC6A-SegmentedRaftLog:OPENED:c3,f4,i4, conf=0: [07da283f-72b3-4610-abc1-72d23674d905:192.168.164.233:38130, c3a3cb61-beea-4a1a-8639-85f6e846679d:192.168.164.233:33135, c5b86445-9c87-4edb-b176-8eaf015b94aa:192.168.164.233:40993], old=null
2019-10-18 14:34:39,027 [c5b86445-9c87-4edb-b176-8eaf015b94aa@group-50F79935BC6A-LeaderElection12] INFO  impl.RaftServerImpl (RaftServerImpl.java:setRole(184)) - c5b86445-9c87-4edb-b176-8eaf015b94aa@group-50F79935BC6A: changes role from CANDIDATE to FOLLOWER at term 11 for DISCOVERED_A_NEW_TERM
2019-10-18 14:34:39,028 [c5b86445-9c87-4edb-b176-8eaf015b94aa@group-50F79935BC6A-LeaderElection12] INFO  impl.RoleInfo (RoleInfo.java:shutdownLeaderElection(134)) - c5b86445-9c87-4edb-b176-8eaf015b94aa: shutdown LeaderElection
2019-10-18 14:34:39,028 [c5b86445-9c87-4edb-b176-8eaf015b94aa@group-50F79935BC6A-LeaderElection12] INFO  impl.RoleInfo (RoleInfo.java:updateAndGet(143)) - c5b86445-9c87-4edb-b176-8eaf015b94aa: start FollowerState
2019-10-18 14:34:39,195 [SCMBlockDeletingService#0] INFO  block.SCMBlockDeletingService (SCMBlockDeletingService.java:call(184)) - Totally added 1 delete blocks command for 1 datanodes, task elapsed time: 0ms
2019-10-18 14:34:39,196 [pool-7-thread-6] INFO  commands.RetriableDatanodeEventWatcher (RetriableDatanodeEventWatcher.java:onTimeout(47)) - RetriableDatanodeCommand type=deleteBlocksCommand with id=1571409275196 timed out. Retrying.
2019-10-18 14:34:39,197 [pool-7-thread-3] INFO  commands.RetriableDatanodeEventWatcher (RetriableDatanodeEventWatcher.java:onTimeout(47)) - RetriableDatanodeCommand type=deleteBlocksCommand with id=1571409275194 timed out. Retrying.
2019-10-18 14:34:39,197 [pool-7-thread-4] INFO  commands.RetriableDatanodeEventWatcher (RetriableDatanodeEventWatcher.java:onTimeout(47)) - RetriableDatanodeCommand type=deleteBlocksCommand with id=1571409275198 timed out. Retrying.
2019-10-18 14:34:39,197 [pool-7-thread-5] INFO  commands.RetriableDatanodeEventWatcher (RetriableDatanodeEventWatcher.java:onTimeout(47)) - RetriableDatanodeCommand type=deleteBlocksCommand with id=1571409275192 timed out. Retrying.
2019-10-18 14:34:39,228 [Thread-605] INFO  impl.FollowerState (FollowerState.java:run(108)) - c5b86445-9c87-4edb-b176-8eaf015b94aa@group-50F79935BC6A-FollowerState: change to CANDIDATE, lastRpcTime:199ms, electionTimeout:199ms
2019-10-18 14:34:39,228 [Thread-605] INFO  impl.RoleInfo (RoleInfo.java:shutdownFollowerState(121)) - c5b86445-9c87-4edb-b176-8eaf015b94aa: shutdown FollowerState
2019-10-18 14:34:39,228 [Thread-605] INFO  impl.RaftServerImpl (RaftServerImpl.java:setRole(184)) - c5b86445-9c87-4edb-b176-8eaf015b94aa@group-50F79935BC6A: changes role from  FOLLOWER to CANDIDATE at term 11 for changeToCandidate
2019-10-18 14:34:39,229 [Thread-605] INFO  impl.RoleInfo (RoleInfo.java:updateAndGet(143)) - c5b86445-9c87-4edb-b176-8eaf015b94aa: start LeaderElection
2019-10-18 14:34:39,243 [c5b86445-9c87-4edb-b176-8eaf015b94aa@group-50F79935BC6A-LeaderElection13] INFO  impl.LeaderElection (LeaderElection.java:askForVotes(178)) - c5b86445-9c87-4edb-b176-8eaf015b94aa@group-50F79935BC6A-LeaderElection13: begin an election at term 12 for 0: [07da283f-72b3-4610-abc1-72d23674d905:192.168.164.233:38130, c3a3cb61-beea-4a1a-8639-85f6e846679d:192.168.164.233:33135, c5b86445-9c87-4edb-b176-8eaf015b94aa:192.168.164.233:40993], old=null
2019-10-18 14:34:39,248 [grpc-default-executor-0] INFO  impl.RaftServerImpl (RaftServerImpl.java:setRole(184)) - c3a3cb61-beea-4a1a-8639-85f6e846679d@group-50F79935BC6A: changes role from  FOLLOWER to FOLLOWER at term 12 for recognizeCandidate:c5b86445-9c87-4edb-b176-8eaf015b94aa
2019-10-18 14:34:39,248 [grpc-default-executor-4] INFO  impl.RaftServerImpl (RaftServerImpl.java:setRole(184)) - 07da283f-72b3-4610-abc1-72d23674d905@group-50F79935BC6A: changes role from  FOLLOWER to FOLLOWER at term 12 for recognizeCandidate:c5b86445-9c87-4edb-b176-8eaf015b94aa
2019-10-18 14:34:39,249 [grpc-default-executor-0] INFO  impl.RoleInfo (RoleInfo.java:shutdownFollowerState(121)) - c3a3cb61-beea-4a1a-8639-85f6e846679d: shutdown FollowerState
2019-10-18 14:34:39,249 [grpc-default-executor-4] INFO  impl.RoleInfo (RoleInfo.java:shutdownFollowerState(121)) - 07da283f-72b3-4610-abc1-72d23674d905: shutdown FollowerState
2019-10-18 14:34:39,249 [grpc-default-executor-0] INFO  impl.RoleInfo (RoleInfo.java:updateAndGet(143)) - c3a3cb61-beea-4a1a-8639-85f6e846679d: start FollowerState
2019-10-18 14:34:39,249 [Thread-603] INFO  impl.FollowerState (FollowerState.java:run(117)) - c3a3cb61-beea-4a1a-8639-85f6e846679d@group-50F79935BC6A-FollowerState was interrupted: java.lang.InterruptedException: sleep interrupted
2019-10-18 14:34:39,249 [Thread-604] INFO  impl.FollowerState (FollowerState.java:run(117)) - 07da283f-72b3-4610-abc1-72d23674d905@group-50F79935BC6A-FollowerState was interrupted: java.lang.InterruptedException: sleep interrupted
2019-10-18 14:34:39,249 [grpc-default-executor-4] INFO  impl.RoleInfo (RoleInfo.java:updateAndGet(143)) - 07da283f-72b3-4610-abc1-72d23674d905: start FollowerState
2019-10-18 14:34:39,261 [c5b86445-9c87-4edb-b176-8eaf015b94aa@group-50F79935BC6A-LeaderElection13] INFO  impl.LeaderElection (LeaderElection.java:logAndReturn(56)) - c5b86445-9c87-4edb-b176-8eaf015b94aa@group-50F79935BC6A-LeaderElection13: Election REJECTED; received 2 response(s) [c5b86445-9c87-4edb-b176-8eaf015b94aa<-07da283f-72b3-4610-abc1-72d23674d905#0:FAIL-t12, c5b86445-9c87-4edb-b176-8eaf015b94aa<-c3a3cb61-beea-4a1a-8639-85f6e846679d#0:FAIL-t12] and 0 exception(s); c5b86445-9c87-4edb-b176-8eaf015b94aa@group-50F79935BC6A:t12, leader=null, voted=c5b86445-9c87-4edb-b176-8eaf015b94aa, raftlog=c5b86445-9c87-4edb-b176-8eaf015b94aa@group-50F79935BC6A-SegmentedRaftLog:OPENED:c3,f4,i4, conf=0: [07da283f-72b3-4610-abc1-72d23674d905:192.168.164.233:38130, c3a3cb61-beea-4a1a-8639-85f6e846679d:192.168.164.233:33135, c5b86445-9c87-4edb-b176-8eaf015b94aa:192.168.164.233:40993], old=null
2019-10-18 14:34:39,261 [c5b86445-9c87-4edb-b176-8eaf015b94aa@group-50F79935BC6A-LeaderElection13] INFO  impl.RaftServerImpl (RaftServerImpl.java:setRole(184)) - c5b86445-9c87-4edb-b176-8eaf015b94aa@group-50F79935BC6A: changes role from CANDIDATE to FOLLOWER at term 12 for DISCOVERED_A_NEW_TERM
2019-10-18 14:34:39,262 [c5b86445-9c87-4edb-b176-8eaf015b94aa@group-50F79935BC6A-LeaderElection13] INFO  impl.RoleInfo (RoleInfo.java:shutdownLeaderElection(134)) - c5b86445-9c87-4edb-b176-8eaf015b94aa: shutdown LeaderElection
2019-10-18 14:34:39,263 [c5b86445-9c87-4edb-b176-8eaf015b94aa@group-50F79935BC6A-LeaderElection13] INFO  impl.RoleInfo (RoleInfo.java:updateAndGet(143)) - c5b86445-9c87-4edb-b176-8eaf015b94aa: start FollowerState
2019-10-18 14:34:39,264 [Thread-614] INFO  client.GrpcClientProtocolService (GrpcClientProtocolService.java:lambda$processClientRequest$0(278)) - Failed RaftClientRequest:client-D4B6A76FA5A7->c3a3cb61-beea-4a1a-8639-85f6e846679d@group-50F79935BC6A, cid=10, seq=0, Watch-ALL_COMMITTED(6), Message:<EMPTY>, reply=RaftClientReply:client-D4B6A76FA5A7->c3a3cb61-beea-4a1a-8639-85f6e846679d@group-50F79935BC6A, cid=10, FAILED org.apache.ratis.protocol.NotLeaderException: Server c3a3cb61-beea-4a1a-8639-85f6e846679d@group-50F79935BC6A is not the leader, logIndex=0, commits[c3a3cb61-beea-4a1a-8639-85f6e846679d:c10, 07da283f-72b3-4610-abc1-72d23674d905:c10, c5b86445-9c87-4edb-b176-8eaf015b94aa:c4]
2019-10-18 14:34:39,440 [Thread-613] INFO  impl.FollowerState (FollowerState.java:run(108)) - c5b86445-9c87-4edb-b176-8eaf015b94aa@group-50F79935BC6A-FollowerState: change to CANDIDATE, lastRpcTime:177ms, electionTimeout:177ms
2019-10-18 14:34:39,440 [Thread-613] INFO  impl.RoleInfo (RoleInfo.java:shutdownFollowerState(121)) - c5b86445-9c87-4edb-b176-8eaf015b94aa: shutdown FollowerState
2019-10-18 14:34:39,440 [Thread-613] INFO  impl.RaftServerImpl (RaftServerImpl.java:setRole(184)) - c5b86445-9c87-4edb-b176-8eaf015b94aa@group-50F79935BC6A: changes role from  FOLLOWER to CANDIDATE at term 12 for changeToCandidate
2019-10-18 14:34:39,441 [Thread-613] INFO  impl.RoleInfo (RoleInfo.java:updateAndGet(143)) - c5b86445-9c87-4edb-b176-8eaf015b94aa: start LeaderElection
2019-10-18 14:34:39,454 [BlockDeletingService#2] WARN  background.BlockDeletingService (BlockDeletingService.java:isDeletionAllowed(187)) - Close Container log Index 6 is not replicated across allthe servers in the pipeline 1b899901-10f6-4f6e-b1b6-50f79935bc6a as the min replicated index is 4. Deletion is not allowed in this container yet.
2019-10-18 14:34:39,454 [BlockDeletingService#2] WARN  background.BlockDeletingService (BlockDeletingService.java:isDeletionAllowed(187)) - Close Container log Index 6 is not replicated across allthe servers in the pipeline 1b899901-10f6-4f6e-b1b6-50f79935bc6a as the min replicated index is 4. Deletion is not allowed in this container yet.
2019-10-18 14:34:39,455 [c5b86445-9c87-4edb-b176-8eaf015b94aa@group-50F79935BC6A-LeaderElection14] INFO  impl.LeaderElection (LeaderElection.java:askForVotes(178)) - c5b86445-9c87-4edb-b176-8eaf015b94aa@group-50F79935BC6A-LeaderElection14: begin an election at term 13 for 0: [07da283f-72b3-4610-abc1-72d23674d905:192.168.164.233:38130, c3a3cb61-beea-4a1a-8639-85f6e846679d:192.168.164.233:33135, c5b86445-9c87-4edb-b176-8eaf015b94aa:192.168.164.233:40993], old=null
2019-10-18 14:34:39,462 [grpc-default-executor-3] INFO  impl.RaftServerImpl (RaftServerImpl.java:setRole(184)) - c3a3cb61-beea-4a1a-8639-85f6e846679d@group-50F79935BC6A: changes role from  FOLLOWER to FOLLOWER at term 13 for recognizeCandidate:c5b86445-9c87-4edb-b176-8eaf015b94aa
2019-10-18 14:34:39,462 [grpc-default-executor-0] INFO  impl.RaftServerImpl (RaftServerImpl.java:setRole(184)) - 07da283f-72b3-4610-abc1-72d23674d905@group-50F79935BC6A: changes role from  FOLLOWER to FOLLOWER at term 13 for recognizeCandidate:c5b86445-9c87-4edb-b176-8eaf015b94aa
2019-10-18 14:34:39,463 [grpc-default-executor-3] INFO  impl.RoleInfo (RoleInfo.java:shutdownFollowerState(121)) - c3a3cb61-beea-4a1a-8639-85f6e846679d: shutdown FollowerState
2019-10-18 14:34:39,463 [grpc-default-executor-0] INFO  impl.RoleInfo (RoleInfo.java:shutdownFollowerState(121)) - 07da283f-72b3-4610-abc1-72d23674d905: shutdown FollowerState
2019-10-18 14:34:39,463 [grpc-default-executor-3] INFO  impl.RoleInfo (RoleInfo.java:updateAndGet(143)) - c3a3cb61-beea-4a1a-8639-85f6e846679d: start FollowerState
2019-10-18 14:34:39,463 [Thread-610] INFO  impl.FollowerState (FollowerState.java:run(117)) - c3a3cb61-beea-4a1a-8639-85f6e846679d@group-50F79935BC6A-FollowerState was interrupted: java.lang.InterruptedException: sleep interrupted
2019-10-18 14:34:39,463 [grpc-default-executor-0] INFO  impl.RoleInfo (RoleInfo.java:updateAndGet(143)) - 07da283f-72b3-4610-abc1-72d23674d905: start FollowerState
2019-10-18 14:34:39,463 [Thread-611] INFO  impl.FollowerState (FollowerState.java:run(117)) - 07da283f-72b3-4610-abc1-72d23674d905@group-50F79935BC6A-FollowerState was interrupted: java.lang.InterruptedException: sleep interrupted
2019-10-18 14:34:39,480 [c5b86445-9c87-4edb-b176-8eaf015b94aa@group-50F79935BC6A-LeaderElection14] INFO  impl.LeaderElection (LeaderElection.java:logAndReturn(56)) - c5b86445-9c87-4edb-b176-8eaf015b94aa@group-50F79935BC6A-LeaderElection14: Election REJECTED; received 2 response(s) [c5b86445-9c87-4edb-b176-8eaf015b94aa<-07da283f-72b3-4610-abc1-72d23674d905#0:FAIL-t13, c5b86445-9c87-4edb-b176-8eaf015b94aa<-c3a3cb61-beea-4a1a-8639-85f6e846679d#0:FAIL-t13] and 0 exception(s); c5b86445-9c87-4edb-b176-8eaf015b94aa@group-50F79935BC6A:t13, leader=null, voted=c5b86445-9c87-4edb-b176-8eaf015b94aa, raftlog=c5b86445-9c87-4edb-b176-8eaf015b94aa@group-50F79935BC6A-SegmentedRaftLog:OPENED:c3,f4,i4, conf=0: [07da283f-72b3-4610-abc1-72d23674d905:192.168.164.233:38130, c3a3cb61-beea-4a1a-8639-85f6e846679d:192.168.164.233:33135, c5b86445-9c87-4edb-b176-8eaf015b94aa:192.168.164.233:40993], old=null
2019-10-18 14:34:39,480 [c5b86445-9c87-4edb-b176-8eaf015b94aa@group-50F79935BC6A-LeaderElection14] INFO  impl.RaftServerImpl (RaftServerImpl.java:setRole(184)) - c5b86445-9c87-4edb-b176-8eaf015b94aa@group-50F79935BC6A: changes role from CANDIDATE to FOLLOWER at term 13 for DISCOVERED_A_NEW_TERM
2019-10-18 14:34:39,480 [c5b86445-9c87-4edb-b176-8eaf015b94aa@group-50F79935BC6A-LeaderElection14] INFO  impl.RoleInfo (RoleInfo.java:shutdownLeaderElection(134)) - c5b86445-9c87-4edb-b176-8eaf015b94aa: shutdown LeaderElection
2019-10-18 14:34:39,484 [c5b86445-9c87-4edb-b176-8eaf015b94aa@group-50F79935BC6A-LeaderElection14] INFO  impl.RoleInfo (RoleInfo.java:updateAndGet(143)) - c5b86445-9c87-4edb-b176-8eaf015b94aa: start FollowerState
2019-10-18 14:34:39,521 [Thread-623] INFO  impl.FollowerState (FollowerState.java:run(108)) - c5b86445-9c87-4edb-b176-8eaf015b94aa@group-50F79935BC6A-FollowerState: change to CANDIDATE, lastRpcTime:37ms, electionTimeout:37ms
2019-10-18 14:34:39,521 [Thread-623] INFO  impl.RoleInfo (RoleInfo.java:shutdownFollowerState(121)) - c5b86445-9c87-4edb-b176-8eaf015b94aa: shutdown FollowerState
2019-10-18 14:34:39,521 [Thread-623] INFO  impl.RaftServerImpl (RaftServerImpl.java:setRole(184)) - c5b86445-9c87-4edb-b176-8eaf015b94aa@group-50F79935BC6A: changes role from  FOLLOWER to CANDIDATE at term 13 for changeToCandidate
2019-10-18 14:34:39,521 [Thread-623] INFO  impl.RoleInfo (RoleInfo.java:updateAndGet(143)) - c5b86445-9c87-4edb-b176-8eaf015b94aa: start LeaderElection
2019-10-18 14:34:39,535 [c5b86445-9c87-4edb-b176-8eaf015b94aa@group-50F79935BC6A-LeaderElection15] INFO  impl.LeaderElection (LeaderElection.java:askForVotes(178)) - c5b86445-9c87-4edb-b176-8eaf015b94aa@group-50F79935BC6A-LeaderElection15: begin an election at term 14 for 0: [07da283f-72b3-4610-abc1-72d23674d905:192.168.164.233:38130, c3a3cb61-beea-4a1a-8639-85f6e846679d:192.168.164.233:33135, c5b86445-9c87-4edb-b176-8eaf015b94aa:192.168.164.233:40993], old=null
2019-10-18 14:34:39,538 [grpc-default-executor-0] INFO  impl.RaftServerImpl (RaftServerImpl.java:setRole(184)) - c3a3cb61-beea-4a1a-8639-85f6e846679d@group-50F79935BC6A: changes role from  FOLLOWER to FOLLOWER at term 14 for recognizeCandidate:c5b86445-9c87-4edb-b176-8eaf015b94aa
2019-10-18 14:34:39,538 [grpc-default-executor-3] INFO  impl.RaftServerImpl (RaftServerImpl.java:setRole(184)) - 07da283f-72b3-4610-abc1-72d23674d905@group-50F79935BC6A: changes role from  FOLLOWER to FOLLOWER at term 14 for recognizeCandidate:c5b86445-9c87-4edb-b176-8eaf015b94aa
2019-10-18 14:34:39,538 [grpc-default-executor-0] INFO  impl.RoleInfo (RoleInfo.java:shutdownFollowerState(121)) - c3a3cb61-beea-4a1a-8639-85f6e846679d: shutdown FollowerState
2019-10-18 14:34:39,538 [grpc-default-executor-3] INFO  impl.RoleInfo (RoleInfo.java:shutdownFollowerState(121)) - 07da283f-72b3-4610-abc1-72d23674d905: shutdown FollowerState
2019-10-18 14:34:39,538 [grpc-default-executor-0] INFO  impl.RoleInfo (RoleInfo.java:updateAndGet(143)) - c3a3cb61-beea-4a1a-8639-85f6e846679d: start FollowerState
2019-10-18 14:34:39,538 [Thread-621] INFO  impl.FollowerState (FollowerState.java:run(117)) - c3a3cb61-beea-4a1a-8639-85f6e846679d@group-50F79935BC6A-FollowerState was interrupted: java.lang.InterruptedException: sleep interrupted
2019-10-18 14:34:39,538 [grpc-default-executor-3] INFO  impl.RoleInfo (RoleInfo.java:updateAndGet(143)) - 07da283f-72b3-4610-abc1-72d23674d905: start FollowerState
2019-10-18 14:34:39,538 [Thread-622] INFO  impl.FollowerState (FollowerState.java:run(117)) - 07da283f-72b3-4610-abc1-72d23674d905@group-50F79935BC6A-FollowerState was interrupted: java.lang.InterruptedException: sleep interrupted
2019-10-18 14:34:39,554 [c5b86445-9c87-4edb-b176-8eaf015b94aa@group-50F79935BC6A-LeaderElection15] INFO  impl.LeaderElection (LeaderElection.java:logAndReturn(56)) - c5b86445-9c87-4edb-b176-8eaf015b94aa@group-50F79935BC6A-LeaderElection15: Election REJECTED; received 2 response(s) [c5b86445-9c87-4edb-b176-8eaf015b94aa<-07da283f-72b3-4610-abc1-72d23674d905#0:FAIL-t14, c5b86445-9c87-4edb-b176-8eaf015b94aa<-c3a3cb61-beea-4a1a-8639-85f6e846679d#0:FAIL-t14] and 0 exception(s); c5b86445-9c87-4edb-b176-8eaf015b94aa@group-50F79935BC6A:t14, leader=null, voted=c5b86445-9c87-4edb-b176-8eaf015b94aa, raftlog=c5b86445-9c87-4edb-b176-8eaf015b94aa@group-50F79935BC6A-SegmentedRaftLog:OPENED:c3,f4,i4, conf=0: [07da283f-72b3-4610-abc1-72d23674d905:192.168.164.233:38130, c3a3cb61-beea-4a1a-8639-85f6e846679d:192.168.164.233:33135, c5b86445-9c87-4edb-b176-8eaf015b94aa:192.168.164.233:40993], old=null
2019-10-18 14:34:39,554 [c5b86445-9c87-4edb-b176-8eaf015b94aa@group-50F79935BC6A-LeaderElection15] INFO  impl.RaftServerImpl (RaftServerImpl.java:setRole(184)) - c5b86445-9c87-4edb-b176-8eaf015b94aa@group-50F79935BC6A: changes role from CANDIDATE to FOLLOWER at term 14 for DISCOVERED_A_NEW_TERM
2019-10-18 14:34:39,555 [c5b86445-9c87-4edb-b176-8eaf015b94aa@group-50F79935BC6A-LeaderElection15] INFO  impl.RoleInfo (RoleInfo.java:shutdownLeaderElection(134)) - c5b86445-9c87-4edb-b176-8eaf015b94aa: shutdown LeaderElection
2019-10-18 14:34:39,555 [c5b86445-9c87-4edb-b176-8eaf015b94aa@group-50F79935BC6A-LeaderElection15] INFO  impl.RoleInfo (RoleInfo.java:updateAndGet(143)) - c5b86445-9c87-4edb-b176-8eaf015b94aa: start FollowerState
2019-10-18 14:34:39,632 [Thread-629] INFO  impl.FollowerState (FollowerState.java:run(108)) - c5b86445-9c87-4edb-b176-8eaf015b94aa@group-50F79935BC6A-FollowerState: change to CANDIDATE, lastRpcTime:76ms, electionTimeout:76ms
2019-10-18 14:34:39,632 [Thread-629] INFO  impl.RoleInfo (RoleInfo.java:shutdownFollowerState(121)) - c5b86445-9c87-4edb-b176-8eaf015b94aa: shutdown FollowerState
2019-10-18 14:34:39,632 [Thread-629] INFO  impl.RaftServerImpl (RaftServerImpl.java:setRole(184)) - c5b86445-9c87-4edb-b176-8eaf015b94aa@group-50F79935BC6A: changes role from  FOLLOWER to CANDIDATE at term 14 for changeToCandidate
2019-10-18 14:34:39,632 [Thread-629] INFO  impl.RoleInfo (RoleInfo.java:updateAndGet(143)) - c5b86445-9c87-4edb-b176-8eaf015b94aa: start LeaderElection
2019-10-18 14:34:39,646 [c5b86445-9c87-4edb-b176-8eaf015b94aa@group-50F79935BC6A-LeaderElection16] INFO  impl.LeaderElection (LeaderElection.java:askForVotes(178)) - c5b86445-9c87-4edb-b176-8eaf015b94aa@group-50F79935BC6A-LeaderElection16: begin an election at term 15 for 0: [07da283f-72b3-4610-abc1-72d23674d905:192.168.164.233:38130, c3a3cb61-beea-4a1a-8639-85f6e846679d:192.168.164.233:33135, c5b86445-9c87-4edb-b176-8eaf015b94aa:192.168.164.233:40993], old=null
2019-10-18 14:34:39,650 [grpc-default-executor-0] INFO  impl.RaftServerImpl (RaftServerImpl.java:setRole(184)) - c3a3cb61-beea-4a1a-8639-85f6e846679d@group-50F79935BC6A: changes role from  FOLLOWER to FOLLOWER at term 15 for recognizeCandidate:c5b86445-9c87-4edb-b176-8eaf015b94aa
2019-10-18 14:34:39,650 [grpc-default-executor-3] INFO  impl.RaftServerImpl (RaftServerImpl.java:setRole(184)) - 07da283f-72b3-4610-abc1-72d23674d905@group-50F79935BC6A: changes role from  FOLLOWER to FOLLOWER at term 15 for recognizeCandidate:c5b86445-9c87-4edb-b176-8eaf015b94aa
2019-10-18 14:34:39,650 [grpc-default-executor-3] INFO  impl.RoleInfo (RoleInfo.java:shutdownFollowerState(121)) - 07da283f-72b3-4610-abc1-72d23674d905: shutdown FollowerState
2019-10-18 14:34:39,650 [grpc-default-executor-0] INFO  impl.RoleInfo (RoleInfo.java:shutdownFollowerState(121)) - c3a3cb61-beea-4a1a-8639-85f6e846679d: shutdown FollowerState
2019-10-18 14:34:39,650 [grpc-default-executor-3] INFO  impl.RoleInfo (RoleInfo.java:updateAndGet(143)) - 07da283f-72b3-4610-abc1-72d23674d905: start FollowerState
2019-10-18 14:34:39,651 [grpc-default-executor-0] INFO  impl.RoleInfo (RoleInfo.java:updateAndGet(143)) - c3a3cb61-beea-4a1a-8639-85f6e846679d: start FollowerState
2019-10-18 14:34:39,650 [Thread-628] INFO  impl.FollowerState (FollowerState.java:run(117)) - 07da283f-72b3-4610-abc1-72d23674d905@group-50F79935BC6A-FollowerState was interrupted: java.lang.InterruptedException: sleep interrupted
2019-10-18 14:34:39,651 [Thread-627] INFO  impl.FollowerState (FollowerState.java:run(117)) - c3a3cb61-beea-4a1a-8639-85f6e846679d@group-50F79935BC6A-FollowerState was interrupted: java.lang.InterruptedException: sleep interrupted
2019-10-18 14:34:39,665 [c5b86445-9c87-4edb-b176-8eaf015b94aa@group-50F79935BC6A-LeaderElection16] INFO  impl.LeaderElection (LeaderElection.java:logAndReturn(56)) - c5b86445-9c87-4edb-b176-8eaf015b94aa@group-50F79935BC6A-LeaderElection16: Election REJECTED; received 2 response(s) [c5b86445-9c87-4edb-b176-8eaf015b94aa<-07da283f-72b3-4610-abc1-72d23674d905#0:FAIL-t15, c5b86445-9c87-4edb-b176-8eaf015b94aa<-c3a3cb61-beea-4a1a-8639-85f6e846679d#0:FAIL-t15] and 0 exception(s); c5b86445-9c87-4edb-b176-8eaf015b94aa@group-50F79935BC6A:t15, leader=null, voted=c5b86445-9c87-4edb-b176-8eaf015b94aa, raftlog=c5b86445-9c87-4edb-b176-8eaf015b94aa@group-50F79935BC6A-SegmentedRaftLog:OPENED:c3,f4,i4, conf=0: [07da283f-72b3-4610-abc1-72d23674d905:192.168.164.233:38130, c3a3cb61-beea-4a1a-8639-85f6e846679d:192.168.164.233:33135, c5b86445-9c87-4edb-b176-8eaf015b94aa:192.168.164.233:40993], old=null
2019-10-18 14:34:39,665 [c5b86445-9c87-4edb-b176-8eaf015b94aa@group-50F79935BC6A-LeaderElection16] INFO  impl.RaftServerImpl (RaftServerImpl.java:setRole(184)) - c5b86445-9c87-4edb-b176-8eaf015b94aa@group-50F79935BC6A: changes role from CANDIDATE to FOLLOWER at term 15 for DISCOVERED_A_NEW_TERM
2019-10-18 14:34:39,667 [c5b86445-9c87-4edb-b176-8eaf015b94aa@group-50F79935BC6A-LeaderElection16] INFO  impl.RoleInfo (RoleInfo.java:shutdownLeaderElection(134)) - c5b86445-9c87-4edb-b176-8eaf015b94aa: shutdown LeaderElection
2019-10-18 14:34:39,667 [c5b86445-9c87-4edb-b176-8eaf015b94aa@group-50F79935BC6A-LeaderElection16] INFO  impl.RoleInfo (RoleInfo.java:updateAndGet(143)) - c5b86445-9c87-4edb-b176-8eaf015b94aa: start FollowerState
2019-10-18 14:34:39,810 [Thread-635] INFO  impl.FollowerState (FollowerState.java:run(108)) - c5b86445-9c87-4edb-b176-8eaf015b94aa@group-50F79935BC6A-FollowerState: change to CANDIDATE, lastRpcTime:143ms, electionTimeout:142ms
2019-10-18 14:34:39,810 [Thread-635] INFO  impl.RoleInfo (RoleInfo.java:shutdownFollowerState(121)) - c5b86445-9c87-4edb-b176-8eaf015b94aa: shutdown FollowerState
2019-10-18 14:34:39,810 [Thread-635] INFO  impl.RaftServerImpl (RaftServerImpl.java:setRole(184)) - c5b86445-9c87-4edb-b176-8eaf015b94aa@group-50F79935BC6A: changes role from  FOLLOWER to CANDIDATE at term 15 for changeToCandidate
2019-10-18 14:34:39,811 [Thread-635] INFO  impl.RoleInfo (RoleInfo.java:updateAndGet(143)) - c5b86445-9c87-4edb-b176-8eaf015b94aa: start LeaderElection
2019-10-18 14:34:39,824 [c5b86445-9c87-4edb-b176-8eaf015b94aa@group-50F79935BC6A-LeaderElection17] INFO  impl.LeaderElection (LeaderElection.java:askForVotes(178)) - c5b86445-9c87-4edb-b176-8eaf015b94aa@group-50F79935BC6A-LeaderElection17: begin an election at term 16 for 0: [07da283f-72b3-4610-abc1-72d23674d905:192.168.164.233:38130, c3a3cb61-beea-4a1a-8639-85f6e846679d:192.168.164.233:33135, c5b86445-9c87-4edb-b176-8eaf015b94aa:192.168.164.233:40993], old=null
2019-10-18 14:34:39,827 [grpc-default-executor-3] INFO  impl.RaftServerImpl (RaftServerImpl.java:setRole(184)) - 07da283f-72b3-4610-abc1-72d23674d905@group-50F79935BC6A: changes role from  FOLLOWER to FOLLOWER at term 16 for recognizeCandidate:c5b86445-9c87-4edb-b176-8eaf015b94aa
2019-10-18 14:34:39,827 [grpc-default-executor-0] INFO  impl.RaftServerImpl (RaftServerImpl.java:setRole(184)) - c3a3cb61-beea-4a1a-8639-85f6e846679d@group-50F79935BC6A: changes role from  FOLLOWER to FOLLOWER at term 16 for recognizeCandidate:c5b86445-9c87-4edb-b176-8eaf015b94aa
2019-10-18 14:34:39,827 [grpc-default-executor-3] INFO  impl.RoleInfo (RoleInfo.java:shutdownFollowerState(121)) - 07da283f-72b3-4610-abc1-72d23674d905: shutdown FollowerState
2019-10-18 14:34:39,828 [grpc-default-executor-0] INFO  impl.RoleInfo (RoleInfo.java:shutdownFollowerState(121)) - c3a3cb61-beea-4a1a-8639-85f6e846679d: shutdown FollowerState
2019-10-18 14:34:39,828 [grpc-default-executor-3] INFO  impl.RoleInfo (RoleInfo.java:updateAndGet(143)) - 07da283f-72b3-4610-abc1-72d23674d905: start FollowerState
2019-10-18 14:34:39,828 [Thread-633] INFO  impl.FollowerState (FollowerState.java:run(117)) - 07da283f-72b3-4610-abc1-72d23674d905@group-50F79935BC6A-FollowerState was interrupted: java.lang.InterruptedException: sleep interrupted
2019-10-18 14:34:39,828 [grpc-default-executor-0] INFO  impl.RoleInfo (RoleInfo.java:updateAndGet(143)) - c3a3cb61-beea-4a1a-8639-85f6e846679d: start FollowerState
2019-10-18 14:34:39,828 [Thread-634] INFO  impl.FollowerState (FollowerState.java:run(117)) - c3a3cb61-beea-4a1a-8639-85f6e846679d@group-50F79935BC6A-FollowerState was interrupted: java.lang.InterruptedException: sleep interrupted
2019-10-18 14:34:39,844 [c5b86445-9c87-4edb-b176-8eaf015b94aa@group-50F79935BC6A-LeaderElection17] INFO  impl.LeaderElection (LeaderElection.java:logAndReturn(56)) - c5b86445-9c87-4edb-b176-8eaf015b94aa@group-50F79935BC6A-LeaderElection17: Election REJECTED; received 2 response(s) [c5b86445-9c87-4edb-b176-8eaf015b94aa<-07da283f-72b3-4610-abc1-72d23674d905#0:FAIL-t16, c5b86445-9c87-4edb-b176-8eaf015b94aa<-c3a3cb61-beea-4a1a-8639-85f6e846679d#0:FAIL-t16] and 0 exception(s); c5b86445-9c87-4edb-b176-8eaf015b94aa@group-50F79935BC6A:t16, leader=null, voted=c5b86445-9c87-4edb-b176-8eaf015b94aa, raftlog=c5b86445-9c87-4edb-b176-8eaf015b94aa@group-50F79935BC6A-SegmentedRaftLog:OPENED:c3,f4,i4, conf=0: [07da283f-72b3-4610-abc1-72d23674d905:192.168.164.233:38130, c3a3cb61-beea-4a1a-8639-85f6e846679d:192.168.164.233:33135, c5b86445-9c87-4edb-b176-8eaf015b94aa:192.168.164.233:40993], old=null
2019-10-18 14:34:39,844 [c5b86445-9c87-4edb-b176-8eaf015b94aa@group-50F79935BC6A-LeaderElection17] INFO  impl.RaftServerImpl (RaftServerImpl.java:setRole(184)) - c5b86445-9c87-4edb-b176-8eaf015b94aa@group-50F79935BC6A: changes role from CANDIDATE to FOLLOWER at term 16 for DISCOVERED_A_NEW_TERM
2019-10-18 14:34:39,845 [c5b86445-9c87-4edb-b176-8eaf015b94aa@group-50F79935BC6A-LeaderElection17] INFO  impl.RoleInfo (RoleInfo.java:shutdownLeaderElection(134)) - c5b86445-9c87-4edb-b176-8eaf015b94aa: shutdown LeaderElection
2019-10-18 14:34:39,846 [c5b86445-9c87-4edb-b176-8eaf015b94aa@group-50F79935BC6A-LeaderElection17] INFO  impl.RoleInfo (RoleInfo.java:updateAndGet(143)) - c5b86445-9c87-4edb-b176-8eaf015b94aa: start FollowerState
2019-10-18 14:34:39,959 [Thread-641] INFO  impl.FollowerState (FollowerState.java:run(108)) - c5b86445-9c87-4edb-b176-8eaf015b94aa@group-50F79935BC6A-FollowerState: change to CANDIDATE, lastRpcTime:112ms, electionTimeout:112ms
2019-10-18 14:34:39,959 [Thread-641] INFO  impl.RoleInfo (RoleInfo.java:shutdownFollowerState(121)) - c5b86445-9c87-4edb-b176-8eaf015b94aa: shutdown FollowerState
2019-10-18 14:34:39,959 [Thread-641] INFO  impl.RaftServerImpl (RaftServerImpl.java:setRole(184)) - c5b86445-9c87-4edb-b176-8eaf015b94aa@group-50F79935BC6A: changes role from  FOLLOWER to CANDIDATE at term 16 for changeToCandidate
2019-10-18 14:34:39,959 [Thread-641] INFO  impl.RoleInfo (RoleInfo.java:updateAndGet(143)) - c5b86445-9c87-4edb-b176-8eaf015b94aa: start LeaderElection
2019-10-18 14:34:39,973 [c5b86445-9c87-4edb-b176-8eaf015b94aa@group-50F79935BC6A-LeaderElection18] INFO  impl.LeaderElection (LeaderElection.java:askForVotes(178)) - c5b86445-9c87-4edb-b176-8eaf015b94aa@group-50F79935BC6A-LeaderElection18: begin an election at term 17 for 0: [07da283f-72b3-4610-abc1-72d23674d905:192.168.164.233:38130, c3a3cb61-beea-4a1a-8639-85f6e846679d:192.168.164.233:33135, c5b86445-9c87-4edb-b176-8eaf015b94aa:192.168.164.233:40993], old=null
2019-10-18 14:34:39,976 [grpc-default-executor-0] INFO  impl.RaftServerImpl (RaftServerImpl.java:setRole(184)) - c3a3cb61-beea-4a1a-8639-85f6e846679d@group-50F79935BC6A: changes role from  FOLLOWER to FOLLOWER at term 17 for recognizeCandidate:c5b86445-9c87-4edb-b176-8eaf015b94aa
2019-10-18 14:34:39,976 [grpc-default-executor-3] INFO  impl.RaftServerImpl (RaftServerImpl.java:setRole(184)) - 07da283f-72b3-4610-abc1-72d23674d905@group-50F79935BC6A: changes role from  FOLLOWER to FOLLOWER at term 17 for recognizeCandidate:c5b86445-9c87-4edb-b176-8eaf015b94aa
2019-10-18 14:34:39,976 [grpc-default-executor-0] INFO  impl.RoleInfo (RoleInfo.java:shutdownFollowerState(121)) - c3a3cb61-beea-4a1a-8639-85f6e846679d: shutdown FollowerState
2019-10-18 14:34:39,977 [grpc-default-executor-3] INFO  impl.RoleInfo (RoleInfo.java:shutdownFollowerState(121)) - 07da283f-72b3-4610-abc1-72d23674d905: shutdown FollowerState
2019-10-18 14:34:39,977 [grpc-default-executor-0] INFO  impl.RoleInfo (RoleInfo.java:updateAndGet(143)) - c3a3cb61-beea-4a1a-8639-85f6e846679d: start FollowerState
2019-10-18 14:34:39,977 [Thread-640] INFO  impl.FollowerState (FollowerState.java:run(117)) - c3a3cb61-beea-4a1a-8639-85f6e846679d@group-50F79935BC6A-FollowerState was interrupted: java.lang.InterruptedException: sleep interrupted
2019-10-18 14:34:39,977 [grpc-default-executor-3] INFO  impl.RoleInfo (RoleInfo.java:updateAndGet(143)) - 07da283f-72b3-4610-abc1-72d23674d905: start FollowerState
2019-10-18 14:34:39,977 [Thread-639] INFO  impl.FollowerState (FollowerState.java:run(117)) - 07da283f-72b3-4610-abc1-72d23674d905@group-50F79935BC6A-FollowerState was interrupted: java.lang.InterruptedException: sleep interrupted
2019-10-18 14:34:39,991 [c5b86445-9c87-4edb-b176-8eaf015b94aa@group-50F79935BC6A-LeaderElection18] INFO  impl.LeaderElection (LeaderElection.java:logAndReturn(56)) - c5b86445-9c87-4edb-b176-8eaf015b94aa@group-50F79935BC6A-LeaderElection18: Election REJECTED; received 2 response(s) [c5b86445-9c87-4edb-b176-8eaf015b94aa<-07da283f-72b3-4610-abc1-72d23674d905#0:FAIL-t17, c5b86445-9c87-4edb-b176-8eaf015b94aa<-c3a3cb61-beea-4a1a-8639-85f6e846679d#0:FAIL-t17] and 0 exception(s); c5b86445-9c87-4edb-b176-8eaf015b94aa@group-50F79935BC6A:t17, leader=null, voted=c5b86445-9c87-4edb-b176-8eaf015b94aa, raftlog=c5b86445-9c87-4edb-b176-8eaf015b94aa@group-50F79935BC6A-SegmentedRaftLog:OPENED:c3,f4,i4, conf=0: [07da283f-72b3-4610-abc1-72d23674d905:192.168.164.233:38130, c3a3cb61-beea-4a1a-8639-85f6e846679d:192.168.164.233:33135, c5b86445-9c87-4edb-b176-8eaf015b94aa:192.168.164.233:40993], old=null
2019-10-18 14:34:39,992 [c5b86445-9c87-4edb-b176-8eaf015b94aa@group-50F79935BC6A-LeaderElection18] INFO  impl.RaftServerImpl (RaftServerImpl.java:setRole(184)) - c5b86445-9c87-4edb-b176-8eaf015b94aa@group-50F79935BC6A: changes role from CANDIDATE to FOLLOWER at term 17 for DISCOVERED_A_NEW_TERM
2019-10-18 14:34:39,993 [c5b86445-9c87-4edb-b176-8eaf015b94aa@group-50F79935BC6A-LeaderElection18] INFO  impl.RoleInfo (RoleInfo.java:shutdownLeaderElection(134)) - c5b86445-9c87-4edb-b176-8eaf015b94aa: shutdown LeaderElection
2019-10-18 14:34:39,993 [c5b86445-9c87-4edb-b176-8eaf015b94aa@group-50F79935BC6A-LeaderElection18] INFO  impl.RoleInfo (RoleInfo.java:updateAndGet(143)) - c5b86445-9c87-4edb-b176-8eaf015b94aa: start FollowerState
2019-10-18 14:34:40,064 [Thread-647] INFO  impl.FollowerState (FollowerState.java:run(108)) - c5b86445-9c87-4edb-b176-8eaf015b94aa@group-50F79935BC6A-FollowerState: change to CANDIDATE, lastRpcTime:71ms, electionTimeout:70ms
2019-10-18 14:34:40,064 [Thread-647] INFO  impl.RoleInfo (RoleInfo.java:shutdownFollowerState(121)) - c5b86445-9c87-4edb-b176-8eaf015b94aa: shutdown FollowerState
2019-10-18 14:34:40,065 [Thread-647] INFO  impl.RaftServerImpl (RaftServerImpl.java:setRole(184)) - c5b86445-9c87-4edb-b176-8eaf015b94aa@group-50F79935BC6A: changes role from  FOLLOWER to CANDIDATE at term 17 for changeToCandidate
2019-10-18 14:34:40,065 [Thread-647] INFO  impl.RoleInfo (RoleInfo.java:updateAndGet(143)) - c5b86445-9c87-4edb-b176-8eaf015b94aa: start LeaderElection
2019-10-18 14:34:40,078 [c5b86445-9c87-4edb-b176-8eaf015b94aa@group-50F79935BC6A-LeaderElection19] INFO  impl.LeaderElection (LeaderElection.java:askForVotes(178)) - c5b86445-9c87-4edb-b176-8eaf015b94aa@group-50F79935BC6A-LeaderElection19: begin an election at term 18 for 0: [07da283f-72b3-4610-abc1-72d23674d905:192.168.164.233:38130, c3a3cb61-beea-4a1a-8639-85f6e846679d:192.168.164.233:33135, c5b86445-9c87-4edb-b176-8eaf015b94aa:192.168.164.233:40993], old=null
2019-10-18 14:34:40,082 [grpc-default-executor-3] INFO  impl.RaftServerImpl (RaftServerImpl.java:setRole(184)) - c3a3cb61-beea-4a1a-8639-85f6e846679d@group-50F79935BC6A: changes role from  FOLLOWER to FOLLOWER at term 18 for recognizeCandidate:c5b86445-9c87-4edb-b176-8eaf015b94aa
2019-10-18 14:34:40,082 [grpc-default-executor-3] INFO  impl.RoleInfo (RoleInfo.java:shutdownFollowerState(121)) - c3a3cb61-beea-4a1a-8639-85f6e846679d: shutdown FollowerState
2019-10-18 14:34:40,083 [grpc-default-executor-3] INFO  impl.RoleInfo (RoleInfo.java:updateAndGet(143)) - c3a3cb61-beea-4a1a-8639-85f6e846679d: start FollowerState
2019-10-18 14:34:40,083 [Thread-645] INFO  impl.FollowerState (FollowerState.java:run(117)) - c3a3cb61-beea-4a1a-8639-85f6e846679d@group-50F79935BC6A-FollowerState was interrupted: java.lang.InterruptedException: sleep interrupted
2019-10-18 14:34:40,085 [grpc-default-executor-0] INFO  impl.RaftServerImpl (RaftServerImpl.java:setRole(184)) - 07da283f-72b3-4610-abc1-72d23674d905@group-50F79935BC6A: changes role from  FOLLOWER to FOLLOWER at term 18 for recognizeCandidate:c5b86445-9c87-4edb-b176-8eaf015b94aa
2019-10-18 14:34:40,085 [grpc-default-executor-0] INFO  impl.RoleInfo (RoleInfo.java:shutdownFollowerState(121)) - 07da283f-72b3-4610-abc1-72d23674d905: shutdown FollowerState
2019-10-18 14:34:40,086 [Thread-646] INFO  impl.FollowerState (FollowerState.java:run(117)) - 07da283f-72b3-4610-abc1-72d23674d905@group-50F79935BC6A-FollowerState was interrupted: java.lang.InterruptedException: sleep interrupted
2019-10-18 14:34:40,086 [grpc-default-executor-0] INFO  impl.RoleInfo (RoleInfo.java:updateAndGet(143)) - 07da283f-72b3-4610-abc1-72d23674d905: start FollowerState
2019-10-18 14:34:40,099 [c5b86445-9c87-4edb-b176-8eaf015b94aa@group-50F79935BC6A-LeaderElection19] INFO  impl.LeaderElection (LeaderElection.java:logAndReturn(56)) - c5b86445-9c87-4edb-b176-8eaf015b94aa@group-50F79935BC6A-LeaderElection19: Election REJECTED; received 2 response(s) [c5b86445-9c87-4edb-b176-8eaf015b94aa<-07da283f-72b3-4610-abc1-72d23674d905#0:FAIL-t18, c5b86445-9c87-4edb-b176-8eaf015b94aa<-c3a3cb61-beea-4a1a-8639-85f6e846679d#0:FAIL-t18] and 0 exception(s); c5b86445-9c87-4edb-b176-8eaf015b94aa@group-50F79935BC6A:t18, leader=null, voted=c5b86445-9c87-4edb-b176-8eaf015b94aa, raftlog=c5b86445-9c87-4edb-b176-8eaf015b94aa@group-50F79935BC6A-SegmentedRaftLog:OPENED:c3,f4,i4, conf=0: [07da283f-72b3-4610-abc1-72d23674d905:192.168.164.233:38130, c3a3cb61-beea-4a1a-8639-85f6e846679d:192.168.164.233:33135, c5b86445-9c87-4edb-b176-8eaf015b94aa:192.168.164.233:40993], old=null
2019-10-18 14:34:40,100 [c5b86445-9c87-4edb-b176-8eaf015b94aa@group-50F79935BC6A-LeaderElection19] INFO  impl.RaftServerImpl (RaftServerImpl.java:setRole(184)) - c5b86445-9c87-4edb-b176-8eaf015b94aa@group-50F79935BC6A: changes role from CANDIDATE to FOLLOWER at term 18 for DISCOVERED_A_NEW_TERM
2019-10-18 14:34:40,101 [c5b86445-9c87-4edb-b176-8eaf015b94aa@group-50F79935BC6A-LeaderElection19] INFO  impl.RoleInfo (RoleInfo.java:shutdownLeaderElection(134)) - c5b86445-9c87-4edb-b176-8eaf015b94aa: shutdown LeaderElection
2019-10-18 14:34:40,101 [c5b86445-9c87-4edb-b176-8eaf015b94aa@group-50F79935BC6A-LeaderElection19] INFO  impl.RoleInfo (RoleInfo.java:updateAndGet(143)) - c5b86445-9c87-4edb-b176-8eaf015b94aa: start FollowerState
2019-10-18 14:34:40,107 [EventQueue-PendingDeleteStatusForPendingDeleteHandler] INFO  block.SCMBlockDeletingService (SCMBlockDeletingService.java:handlePendingDeletes(115)) - Block deletion txnID mismatch in datanode c5b86445-9c87-4edb-b176-8eaf015b94aa for containerID 1. Datanode delete txnID: 0, SCM txnID: 1
2019-10-18 14:34:40,126 [Thread-653] INFO  impl.FollowerState (FollowerState.java:run(108)) - c5b86445-9c87-4edb-b176-8eaf015b94aa@group-50F79935BC6A-FollowerState: change to CANDIDATE, lastRpcTime:24ms, electionTimeout:24ms
2019-10-18 14:34:40,126 [Thread-653] INFO  impl.RoleInfo (RoleInfo.java:shutdownFollowerState(121)) - c5b86445-9c87-4edb-b176-8eaf015b94aa: shutdown FollowerState
2019-10-18 14:34:40,126 [Thread-653] INFO  impl.RaftServerImpl (RaftServerImpl.java:setRole(184)) - c5b86445-9c87-4edb-b176-8eaf015b94aa@group-50F79935BC6A: changes role from  FOLLOWER to CANDIDATE at term 18 for changeToCandidate
2019-10-18 14:34:40,126 [Thread-653] INFO  impl.RoleInfo (RoleInfo.java:updateAndGet(143)) - c5b86445-9c87-4edb-b176-8eaf015b94aa: start LeaderElection
2019-10-18 14:34:40,140 [c5b86445-9c87-4edb-b176-8eaf015b94aa@group-50F79935BC6A-LeaderElection20] INFO  impl.LeaderElection (LeaderElection.java:askForVotes(178)) - c5b86445-9c87-4edb-b176-8eaf015b94aa@group-50F79935BC6A-LeaderElection20: begin an election at term 19 for 0: [07da283f-72b3-4610-abc1-72d23674d905:192.168.164.233:38130, c3a3cb61-beea-4a1a-8639-85f6e846679d:192.168.164.233:33135, c5b86445-9c87-4edb-b176-8eaf015b94aa:192.168.164.233:40993], old=null
2019-10-18 14:34:40,143 [grpc-default-executor-0] INFO  impl.RaftServerImpl (RaftServerImpl.java:setRole(184)) - c3a3cb61-beea-4a1a-8639-85f6e846679d@group-50F79935BC6A: changes role from  FOLLOWER to FOLLOWER at term 19 for recognizeCandidate:c5b86445-9c87-4edb-b176-8eaf015b94aa
2019-10-18 14:34:40,143 [grpc-default-executor-0] INFO  impl.RoleInfo (RoleInfo.java:shutdownFollowerState(121)) - c3a3cb61-beea-4a1a-8639-85f6e846679d: shutdown FollowerState
2019-10-18 14:34:40,143 [Thread-651] INFO  impl.FollowerState (FollowerState.java:run(117)) - c3a3cb61-beea-4a1a-8639-85f6e846679d@group-50F79935BC6A-FollowerState was interrupted: java.lang.InterruptedException: sleep interrupted
2019-10-18 14:34:40,143 [grpc-default-executor-0] INFO  impl.RoleInfo (RoleInfo.java:updateAndGet(143)) - c3a3cb61-beea-4a1a-8639-85f6e846679d: start FollowerState
2019-10-18 14:34:40,144 [grpc-default-executor-3] INFO  impl.RaftServerImpl (RaftServerImpl.java:setRole(184)) - 07da283f-72b3-4610-abc1-72d23674d905@group-50F79935BC6A: changes role from  FOLLOWER to FOLLOWER at term 19 for recognizeCandidate:c5b86445-9c87-4edb-b176-8eaf015b94aa
2019-10-18 14:34:40,145 [grpc-default-executor-3] INFO  impl.RoleInfo (RoleInfo.java:shutdownFollowerState(121)) - 07da283f-72b3-4610-abc1-72d23674d905: shutdown FollowerState
2019-10-18 14:34:40,145 [grpc-default-executor-3] INFO  impl.RoleInfo (RoleInfo.java:updateAndGet(143)) - 07da283f-72b3-4610-abc1-72d23674d905: start FollowerState
2019-10-18 14:34:40,145 [Thread-652] INFO  impl.FollowerState (FollowerState.java:run(117)) - 07da283f-72b3-4610-abc1-72d23674d905@group-50F79935BC6A-FollowerState was interrupted: java.lang.InterruptedException: sleep interrupted
2019-10-18 14:34:40,159 [c5b86445-9c87-4edb-b176-8eaf015b94aa@group-50F79935BC6A-LeaderElection20] INFO  impl.LeaderElection (LeaderElection.java:logAndReturn(56)) - c5b86445-9c87-4edb-b176-8eaf015b94aa@group-50F79935BC6A-LeaderElection20: Election REJECTED; received 2 response(s) [c5b86445-9c87-4edb-b176-8eaf015b94aa<-07da283f-72b3-4610-abc1-72d23674d905#0:FAIL-t19, c5b86445-9c87-4edb-b176-8eaf015b94aa<-c3a3cb61-beea-4a1a-8639-85f6e846679d#0:FAIL-t19] and 0 exception(s); c5b86445-9c87-4edb-b176-8eaf015b94aa@group-50F79935BC6A:t19, leader=null, voted=c5b86445-9c87-4edb-b176-8eaf015b94aa, raftlog=c5b86445-9c87-4edb-b176-8eaf015b94aa@group-50F79935BC6A-SegmentedRaftLog:OPENED:c3,f4,i4, conf=0: [07da283f-72b3-4610-abc1-72d23674d905:192.168.164.233:38130, c3a3cb61-beea-4a1a-8639-85f6e846679d:192.168.164.233:33135, c5b86445-9c87-4edb-b176-8eaf015b94aa:192.168.164.233:40993], old=null
2019-10-18 14:34:40,161 [c5b86445-9c87-4edb-b176-8eaf015b94aa@group-50F79935BC6A-LeaderElection20] INFO  impl.RaftServerImpl (RaftServerImpl.java:setRole(184)) - c5b86445-9c87-4edb-b176-8eaf015b94aa@group-50F79935BC6A: changes role from CANDIDATE to FOLLOWER at term 19 for DISCOVERED_A_NEW_TERM
2019-10-18 14:34:40,168 [c5b86445-9c87-4edb-b176-8eaf015b94aa@group-50F79935BC6A-LeaderElection20] INFO  impl.RoleInfo (RoleInfo.java:shutdownLeaderElection(134)) - c5b86445-9c87-4edb-b176-8eaf015b94aa: shutdown LeaderElection
2019-10-18 14:34:40,169 [c5b86445-9c87-4edb-b176-8eaf015b94aa@group-50F79935BC6A-LeaderElection20] INFO  impl.RoleInfo (RoleInfo.java:updateAndGet(143)) - c5b86445-9c87-4edb-b176-8eaf015b94aa: start FollowerState
2019-10-18 14:34:40,195 [pool-7-thread-5] INFO  commands.RetriableDatanodeEventWatcher (RetriableDatanodeEventWatcher.java:onTimeout(47)) - RetriableDatanodeCommand type=deleteBlocksCommand with id=1571409275199 timed out. Retrying.
2019-10-18 14:34:40,197 [pool-7-thread-5] INFO  commands.RetriableDatanodeEventWatcher (RetriableDatanodeEventWatcher.java:onTimeout(47)) - RetriableDatanodeCommand type=deleteBlocksCommand with id=1571409275196 timed out. Retrying.
2019-10-18 14:34:40,197 [pool-7-thread-4] INFO  commands.RetriableDatanodeEventWatcher (RetriableDatanodeEventWatcher.java:onTimeout(47)) - RetriableDatanodeCommand type=deleteBlocksCommand with id=1571409275194 timed out. Retrying.
2019-10-18 14:34:40,197 [SCMBlockDeletingService#0] INFO  block.SCMBlockDeletingService (SCMBlockDeletingService.java:call(184)) - Totally added 1 delete blocks command for 1 datanodes, task elapsed time: 0ms
2019-10-18 14:34:40,197 [pool-7-thread-4] INFO  commands.RetriableDatanodeEventWatcher (RetriableDatanodeEventWatcher.java:onTimeout(47)) - RetriableDatanodeCommand type=deleteBlocksCommand with id=1571409275198 timed out. Retrying.
2019-10-18 14:34:40,197 [pool-7-thread-5] INFO  commands.RetriableDatanodeEventWatcher (RetriableDatanodeEventWatcher.java:onTimeout(47)) - RetriableDatanodeCommand type=deleteBlocksCommand with id=1571409275192 timed out. Retrying.
2019-10-18 14:34:40,283 [Thread-662] INFO  client.GrpcClientProtocolService (GrpcClientProtocolService.java:lambda$processClientRequest$0(278)) - Failed RaftClientRequest:client-D4B6A76FA5A7->c5b86445-9c87-4edb-b176-8eaf015b94aa@group-50F79935BC6A, cid=10, seq=0, Watch-ALL_COMMITTED(6), Message:<EMPTY>, reply=RaftClientReply:client-D4B6A76FA5A7->c5b86445-9c87-4edb-b176-8eaf015b94aa@group-50F79935BC6A, cid=10, FAILED org.apache.ratis.protocol.NotLeaderException: Server c5b86445-9c87-4edb-b176-8eaf015b94aa@group-50F79935BC6A is not the leader, logIndex=0, commits[c5b86445-9c87-4edb-b176-8eaf015b94aa:c3]
2019-10-18 14:34:40,332 [Thread-660] INFO  impl.FollowerState (FollowerState.java:run(108)) - c5b86445-9c87-4edb-b176-8eaf015b94aa@group-50F79935BC6A-FollowerState: change to CANDIDATE, lastRpcTime:162ms, electionTimeout:159ms
2019-10-18 14:34:40,332 [Thread-660] INFO  impl.RoleInfo (RoleInfo.java:shutdownFollowerState(121)) - c5b86445-9c87-4edb-b176-8eaf015b94aa: shutdown FollowerState
2019-10-18 14:34:40,332 [Thread-660] INFO  impl.RaftServerImpl (RaftServerImpl.java:setRole(184)) - c5b86445-9c87-4edb-b176-8eaf015b94aa@group-50F79935BC6A: changes role from  FOLLOWER to CANDIDATE at term 19 for changeToCandidate
2019-10-18 14:34:40,332 [Thread-660] INFO  impl.RoleInfo (RoleInfo.java:updateAndGet(143)) - c5b86445-9c87-4edb-b176-8eaf015b94aa: start LeaderElection
2019-10-18 14:34:40,345 [c5b86445-9c87-4edb-b176-8eaf015b94aa@group-50F79935BC6A-LeaderElection21] INFO  impl.LeaderElection (LeaderElection.java:askForVotes(178)) - c5b86445-9c87-4edb-b176-8eaf015b94aa@group-50F79935BC6A-LeaderElection21: begin an election at term 20 for 0: [07da283f-72b3-4610-abc1-72d23674d905:192.168.164.233:38130, c3a3cb61-beea-4a1a-8639-85f6e846679d:192.168.164.233:33135, c5b86445-9c87-4edb-b176-8eaf015b94aa:192.168.164.233:40993], old=null
2019-10-18 14:34:40,349 [grpc-default-executor-0] INFO  impl.RaftServerImpl (RaftServerImpl.java:setRole(184)) - c3a3cb61-beea-4a1a-8639-85f6e846679d@group-50F79935BC6A: changes role from  FOLLOWER to FOLLOWER at term 20 for recognizeCandidate:c5b86445-9c87-4edb-b176-8eaf015b94aa
2019-10-18 14:34:40,349 [grpc-default-executor-3] INFO  impl.RaftServerImpl (RaftServerImpl.java:setRole(184)) - 07da283f-72b3-4610-abc1-72d23674d905@group-50F79935BC6A: changes role from  FOLLOWER to FOLLOWER at term 20 for recognizeCandidate:c5b86445-9c87-4edb-b176-8eaf015b94aa
2019-10-18 14:34:40,349 [grpc-default-executor-0] INFO  impl.RoleInfo (RoleInfo.java:shutdownFollowerState(121)) - c3a3cb61-beea-4a1a-8639-85f6e846679d: shutdown FollowerState
2019-10-18 14:34:40,349 [grpc-default-executor-3] INFO  impl.RoleInfo (RoleInfo.java:shutdownFollowerState(121)) - 07da283f-72b3-4610-abc1-72d23674d905: shutdown FollowerState
2019-10-18 14:34:40,350 [grpc-default-executor-0] INFO  impl.RoleInfo (RoleInfo.java:updateAndGet(143)) - c3a3cb61-beea-4a1a-8639-85f6e846679d: start FollowerState
2019-10-18 14:34:40,350 [Thread-659] INFO  impl.FollowerState (FollowerState.java:run(117)) - 07da283f-72b3-4610-abc1-72d23674d905@group-50F79935BC6A-FollowerState was interrupted: java.lang.InterruptedException: sleep interrupted
2019-10-18 14:34:40,350 [grpc-default-executor-3] INFO  impl.RoleInfo (RoleInfo.java:updateAndGet(143)) - 07da283f-72b3-4610-abc1-72d23674d905: start FollowerState
2019-10-18 14:34:40,351 [Thread-658] INFO  impl.FollowerState (FollowerState.java:run(117)) - c3a3cb61-beea-4a1a-8639-85f6e846679d@group-50F79935BC6A-FollowerState was interrupted: java.lang.InterruptedException: sleep interrupted
2019-10-18 14:34:40,372 [c5b86445-9c87-4edb-b176-8eaf015b94aa@group-50F79935BC6A-LeaderElection21] INFO  impl.LeaderElection (LeaderElection.java:logAndReturn(56)) - c5b86445-9c87-4edb-b176-8eaf015b94aa@group-50F79935BC6A-LeaderElection21: Election REJECTED; received 2 response(s) [c5b86445-9c87-4edb-b176-8eaf015b94aa<-07da283f-72b3-4610-abc1-72d23674d905#0:FAIL-t20, c5b86445-9c87-4edb-b176-8eaf015b94aa<-c3a3cb61-beea-4a1a-8639-85f6e846679d#0:FAIL-t20] and 0 exception(s); c5b86445-9c87-4edb-b176-8eaf015b94aa@group-50F79935BC6A:t20, leader=null, voted=c5b86445-9c87-4edb-b176-8eaf015b94aa, raftlog=c5b86445-9c87-4edb-b176-8eaf015b94aa@group-50F79935BC6A-SegmentedRaftLog:OPENED:c3,f4,i4, conf=0: [07da283f-72b3-4610-abc1-72d23674d905:192.168.164.233:38130, c3a3cb61-beea-4a1a-8639-85f6e846679d:192.168.164.233:33135, c5b86445-9c87-4edb-b176-8eaf015b94aa:192.168.164.233:40993], old=null
2019-10-18 14:34:40,372 [c5b86445-9c87-4edb-b176-8eaf015b94aa@group-50F79935BC6A-LeaderElection21] INFO  impl.RaftServerImpl (RaftServerImpl.java:setRole(184)) - c5b86445-9c87-4edb-b176-8eaf015b94aa@group-50F79935BC6A: changes role from CANDIDATE to FOLLOWER at term 20 for DISCOVERED_A_NEW_TERM
2019-10-18 14:34:40,372 [c5b86445-9c87-4edb-b176-8eaf015b94aa@group-50F79935BC6A-LeaderElection21] INFO  impl.RoleInfo (RoleInfo.java:shutdownLeaderElection(134)) - c5b86445-9c87-4edb-b176-8eaf015b94aa: shutdown LeaderElection
2019-10-18 14:34:40,373 [c5b86445-9c87-4edb-b176-8eaf015b94aa@group-50F79935BC6A-LeaderElection21] INFO  impl.RoleInfo (RoleInfo.java:updateAndGet(143)) - c5b86445-9c87-4edb-b176-8eaf015b94aa: start FollowerState
2019-10-18 14:34:40,382 [Thread-669] INFO  impl.FollowerState (FollowerState.java:run(108)) - c5b86445-9c87-4edb-b176-8eaf015b94aa@group-50F79935BC6A-FollowerState: change to CANDIDATE, lastRpcTime:9ms, electionTimeout:9ms
2019-10-18 14:34:40,382 [Thread-669] INFO  impl.RoleInfo (RoleInfo.java:shutdownFollowerState(121)) - c5b86445-9c87-4edb-b176-8eaf015b94aa: shutdown FollowerState
2019-10-18 14:34:40,382 [Thread-669] INFO  impl.RaftServerImpl (RaftServerImpl.java:setRole(184)) - c5b86445-9c87-4edb-b176-8eaf015b94aa@group-50F79935BC6A: changes role from  FOLLOWER to CANDIDATE at term 20 for changeToCandidate
2019-10-18 14:34:40,382 [Thread-669] INFO  impl.RoleInfo (RoleInfo.java:updateAndGet(143)) - c5b86445-9c87-4edb-b176-8eaf015b94aa: start LeaderElection
2019-10-18 14:34:40,388 [c5b86445-9c87-4edb-b176-8eaf015b94aa@group-50F79935BC6A-LeaderElection22] INFO  impl.LeaderElection (LeaderElection.java:askForVotes(178)) - c5b86445-9c87-4edb-b176-8eaf015b94aa@group-50F79935BC6A-LeaderElection22: begin an election at term 21 for 0: [07da283f-72b3-4610-abc1-72d23674d905:192.168.164.233:38130, c3a3cb61-beea-4a1a-8639-85f6e846679d:192.168.164.233:33135, c5b86445-9c87-4edb-b176-8eaf015b94aa:192.168.164.233:40993], old=null
2019-10-18 14:34:40,390 [java.util.concurrent.ThreadPoolExecutor$Worker@37af0650[State = -1, empty queue]] WARN  server.GrpcLogAppender (GrpcLogAppender.java:timeoutAppendRequest(209)) - 07da283f-72b3-4610-abc1-72d23674d905@group-50F79935BC6A->c5b86445-9c87-4edb-b176-8eaf015b94aa-GrpcLogAppender: appendEntries Timeout, request=07da283f-72b3-4610-abc1-72d23674d905->c5b86445-9c87-4edb-b176-8eaf015b94aa#52-t2, previous=(t:2, i:10), leaderCommit=10, initializing? false, entries: <empty>
2019-10-18 14:34:40,391 [grpc-default-executor-3] INFO  impl.RaftServerImpl (RaftServerImpl.java:setRole(184)) - c3a3cb61-beea-4a1a-8639-85f6e846679d@group-50F79935BC6A: changes role from  FOLLOWER to FOLLOWER at term 21 for recognizeCandidate:c5b86445-9c87-4edb-b176-8eaf015b94aa
2019-10-18 14:34:40,391 [grpc-default-executor-0] INFO  impl.RaftServerImpl (RaftServerImpl.java:setRole(184)) - 07da283f-72b3-4610-abc1-72d23674d905@group-50F79935BC6A: changes role from  FOLLOWER to FOLLOWER at term 21 for recognizeCandidate:c5b86445-9c87-4edb-b176-8eaf015b94aa
2019-10-18 14:34:40,391 [grpc-default-executor-3] INFO  impl.RoleInfo (RoleInfo.java:shutdownFollowerState(121)) - c3a3cb61-beea-4a1a-8639-85f6e846679d: shutdown FollowerState
2019-10-18 14:34:40,391 [grpc-default-executor-0] INFO  impl.RoleInfo (RoleInfo.java:shutdownFollowerState(121)) - 07da283f-72b3-4610-abc1-72d23674d905: shutdown FollowerState
2019-10-18 14:34:40,391 [Thread-667] INFO  impl.FollowerState (FollowerState.java:run(117)) - c3a3cb61-beea-4a1a-8639-85f6e846679d@group-50F79935BC6A-FollowerState was interrupted: java.lang.InterruptedException: sleep interrupted
2019-10-18 14:34:40,391 [Thread-668] INFO  impl.FollowerState (FollowerState.java:run(117)) - 07da283f-72b3-4610-abc1-72d23674d905@group-50F79935BC6A-FollowerState was interrupted: java.lang.InterruptedException: sleep interrupted
2019-10-18 14:34:40,391 [grpc-default-executor-0] INFO  impl.RoleInfo (RoleInfo.java:updateAndGet(143)) - 07da283f-72b3-4610-abc1-72d23674d905: start FollowerState
2019-10-18 14:34:40,391 [grpc-default-executor-3] INFO  impl.RoleInfo (RoleInfo.java:updateAndGet(143)) - c3a3cb61-beea-4a1a-8639-85f6e846679d: start FollowerState
2019-10-18 14:34:40,407 [c5b86445-9c87-4edb-b176-8eaf015b94aa@group-50F79935BC6A-LeaderElection22] INFO  impl.LeaderElection (LeaderElection.java:logAndReturn(56)) - c5b86445-9c87-4edb-b176-8eaf015b94aa@group-50F79935BC6A-LeaderElection22: Election REJECTED; received 2 response(s) [c5b86445-9c87-4edb-b176-8eaf015b94aa<-07da283f-72b3-4610-abc1-72d23674d905#0:FAIL-t21, c5b86445-9c87-4edb-b176-8eaf015b94aa<-c3a3cb61-beea-4a1a-8639-85f6e846679d#0:FAIL-t21] and 0 exception(s); c5b86445-9c87-4edb-b176-8eaf015b94aa@group-50F79935BC6A:t21, leader=null, voted=c5b86445-9c87-4edb-b176-8eaf015b94aa, raftlog=c5b86445-9c87-4edb-b176-8eaf015b94aa@group-50F79935BC6A-SegmentedRaftLog:OPENED:c3,f4,i4, conf=0: [07da283f-72b3-4610-abc1-72d23674d905:192.168.164.233:38130, c3a3cb61-beea-4a1a-8639-85f6e846679d:192.168.164.233:33135, c5b86445-9c87-4edb-b176-8eaf015b94aa:192.168.164.233:40993], old=null
2019-10-18 14:34:40,408 [c5b86445-9c87-4edb-b176-8eaf015b94aa@group-50F79935BC6A-LeaderElection22] INFO  impl.RaftServerImpl (RaftServerImpl.java:setRole(184)) - c5b86445-9c87-4edb-b176-8eaf015b94aa@group-50F79935BC6A: changes role from CANDIDATE to FOLLOWER at term 21 for DISCOVERED_A_NEW_TERM
2019-10-18 14:34:40,408 [c5b86445-9c87-4edb-b176-8eaf015b94aa@group-50F79935BC6A-LeaderElection22] INFO  impl.RoleInfo (RoleInfo.java:shutdownLeaderElection(134)) - c5b86445-9c87-4edb-b176-8eaf015b94aa: shutdown LeaderElection
2019-10-18 14:34:40,408 [c5b86445-9c87-4edb-b176-8eaf015b94aa@group-50F79935BC6A-LeaderElection22] INFO  impl.RoleInfo (RoleInfo.java:updateAndGet(143)) - c5b86445-9c87-4edb-b176-8eaf015b94aa: start FollowerState
2019-10-18 14:34:40,456 [BlockDeletingService#2] WARN  background.BlockDeletingService (BlockDeletingService.java:isDeletionAllowed(187)) - Close Container log Index 6 is not replicated across allthe servers in the pipeline 1b899901-10f6-4f6e-b1b6-50f79935bc6a as the min replicated index is 4. Deletion is not allowed in this container yet.
2019-10-18 14:34:40,456 [BlockDeletingService#2] WARN  background.BlockDeletingService (BlockDeletingService.java:isDeletionAllowed(187)) - Close Container log Index 6 is not replicated across allthe servers in the pipeline 1b899901-10f6-4f6e-b1b6-50f79935bc6a as the min replicated index is 4. Deletion is not allowed in this container yet.
2019-10-18 14:34:40,516 [Thread-675] INFO  impl.FollowerState (FollowerState.java:run(108)) - c5b86445-9c87-4edb-b176-8eaf015b94aa@group-50F79935BC6A-FollowerState: change to CANDIDATE, lastRpcTime:108ms, electionTimeout:108ms
2019-10-18 14:34:40,516 [Thread-675] INFO  impl.RoleInfo (RoleInfo.java:shutdownFollowerState(121)) - c5b86445-9c87-4edb-b176-8eaf015b94aa: shutdown FollowerState
2019-10-18 14:34:40,517 [Thread-675] INFO  impl.RaftServerImpl (RaftServerImpl.java:setRole(184)) - c5b86445-9c87-4edb-b176-8eaf015b94aa@group-50F79935BC6A: changes role from  FOLLOWER to CANDIDATE at term 21 for changeToCandidate
2019-10-18 14:34:40,517 [Thread-675] INFO  impl.RoleInfo (RoleInfo.java:updateAndGet(143)) - c5b86445-9c87-4edb-b176-8eaf015b94aa: start LeaderElection
2019-10-18 14:34:40,531 [c5b86445-9c87-4edb-b176-8eaf015b94aa@group-50F79935BC6A-LeaderElection23] INFO  impl.LeaderElection (LeaderElection.java:askForVotes(178)) - c5b86445-9c87-4edb-b176-8eaf015b94aa@group-50F79935BC6A-LeaderElection23: begin an election at term 22 for 0: [07da283f-72b3-4610-abc1-72d23674d905:192.168.164.233:38130, c3a3cb61-beea-4a1a-8639-85f6e846679d:192.168.164.233:33135, c5b86445-9c87-4edb-b176-8eaf015b94aa:192.168.164.233:40993], old=null
2019-10-18 14:34:40,534 [grpc-default-executor-3] INFO  impl.RaftServerImpl (RaftServerImpl.java:setRole(184)) - 07da283f-72b3-4610-abc1-72d23674d905@group-50F79935BC6A: changes role from  FOLLOWER to FOLLOWER at term 22 for recognizeCandidate:c5b86445-9c87-4edb-b176-8eaf015b94aa
2019-10-18 14:34:40,534 [grpc-default-executor-0] INFO  impl.RaftServerImpl (RaftServerImpl.java:setRole(184)) - c3a3cb61-beea-4a1a-8639-85f6e846679d@group-50F79935BC6A: changes role from  FOLLOWER to FOLLOWER at term 22 for recognizeCandidate:c5b86445-9c87-4edb-b176-8eaf015b94aa
2019-10-18 14:34:40,534 [grpc-default-executor-3] INFO  impl.RoleInfo (RoleInfo.java:shutdownFollowerState(121)) - 07da283f-72b3-4610-abc1-72d23674d905: shutdown FollowerState
2019-10-18 14:34:40,534 [grpc-default-executor-0] INFO  impl.RoleInfo (RoleInfo.java:shutdownFollowerState(121)) - c3a3cb61-beea-4a1a-8639-85f6e846679d: shutdown FollowerState
2019-10-18 14:34:40,534 [grpc-default-executor-3] INFO  impl.RoleInfo (RoleInfo.java:updateAndGet(143)) - 07da283f-72b3-4610-abc1-72d23674d905: start FollowerState
2019-10-18 14:34:40,534 [grpc-default-executor-0] INFO  impl.RoleInfo (RoleInfo.java:updateAndGet(143)) - c3a3cb61-beea-4a1a-8639-85f6e846679d: start FollowerState
2019-10-18 14:34:40,534 [Thread-674] INFO  impl.FollowerState (FollowerState.java:run(117)) - 07da283f-72b3-4610-abc1-72d23674d905@group-50F79935BC6A-FollowerState was interrupted: java.lang.InterruptedException: sleep interrupted
2019-10-18 14:34:40,534 [Thread-673] INFO  impl.FollowerState (FollowerState.java:run(117)) - c3a3cb61-beea-4a1a-8639-85f6e846679d@group-50F79935BC6A-FollowerState was interrupted: java.lang.InterruptedException: sleep interrupted
2019-10-18 14:34:40,548 [c5b86445-9c87-4edb-b176-8eaf015b94aa@group-50F79935BC6A-LeaderElection23] INFO  impl.LeaderElection (LeaderElection.java:logAndReturn(56)) - c5b86445-9c87-4edb-b176-8eaf015b94aa@group-50F79935BC6A-LeaderElection23: Election REJECTED; received 2 response(s) [c5b86445-9c87-4edb-b176-8eaf015b94aa<-07da283f-72b3-4610-abc1-72d23674d905#0:FAIL-t22, c5b86445-9c87-4edb-b176-8eaf015b94aa<-c3a3cb61-beea-4a1a-8639-85f6e846679d#0:FAIL-t22] and 0 exception(s); c5b86445-9c87-4edb-b176-8eaf015b94aa@group-50F79935BC6A:t22, leader=null, voted=c5b86445-9c87-4edb-b176-8eaf015b94aa, raftlog=c5b86445-9c87-4edb-b176-8eaf015b94aa@group-50F79935BC6A-SegmentedRaftLog:OPENED:c3,f4,i4, conf=0: [07da283f-72b3-4610-abc1-72d23674d905:192.168.164.233:38130, c3a3cb61-beea-4a1a-8639-85f6e846679d:192.168.164.233:33135, c5b86445-9c87-4edb-b176-8eaf015b94aa:192.168.164.233:40993], old=null
2019-10-18 14:34:40,548 [c5b86445-9c87-4edb-b176-8eaf015b94aa@group-50F79935BC6A-LeaderElection23] INFO  impl.RaftServerImpl (RaftServerImpl.java:setRole(184)) - c5b86445-9c87-4edb-b176-8eaf015b94aa@group-50F79935BC6A: changes role from CANDIDATE to FOLLOWER at term 22 for DISCOVERED_A_NEW_TERM
2019-10-18 14:34:40,548 [c5b86445-9c87-4edb-b176-8eaf015b94aa@group-50F79935BC6A-LeaderElection23] INFO  impl.RoleInfo (RoleInfo.java:shutdownLeaderElection(134)) - c5b86445-9c87-4edb-b176-8eaf015b94aa: shutdown LeaderElection
2019-10-18 14:34:40,548 [c5b86445-9c87-4edb-b176-8eaf015b94aa@group-50F79935BC6A-LeaderElection23] INFO  impl.RoleInfo (RoleInfo.java:updateAndGet(143)) - c5b86445-9c87-4edb-b176-8eaf015b94aa: start FollowerState
2019-10-18 14:34:40,716 [Thread-683] INFO  impl.FollowerState (FollowerState.java:run(108)) - c5b86445-9c87-4edb-b176-8eaf015b94aa@group-50F79935BC6A-FollowerState: change to CANDIDATE, lastRpcTime:167ms, electionTimeout:167ms
2019-10-18 14:34:40,716 [Thread-683] INFO  impl.RoleInfo (RoleInfo.java:shutdownFollowerState(121)) - c5b86445-9c87-4edb-b176-8eaf015b94aa: shutdown FollowerState
2019-10-18 14:34:40,716 [Thread-683] INFO  impl.RaftServerImpl (RaftServerImpl.java:setRole(184)) - c5b86445-9c87-4edb-b176-8eaf015b94aa@group-50F79935BC6A: changes role from  FOLLOWER to CANDIDATE at term 22 for changeToCandidate
2019-10-18 14:34:40,716 [Thread-683] INFO  impl.RoleInfo (RoleInfo.java:updateAndGet(143)) - c5b86445-9c87-4edb-b176-8eaf015b94aa: start LeaderElection
2019-10-18 14:34:40,730 [c5b86445-9c87-4edb-b176-8eaf015b94aa@group-50F79935BC6A-LeaderElection24] INFO  impl.LeaderElection (LeaderElection.java:askForVotes(178)) - c5b86445-9c87-4edb-b176-8eaf015b94aa@group-50F79935BC6A-LeaderElection24: begin an election at term 23 for 0: [07da283f-72b3-4610-abc1-72d23674d905:192.168.164.233:38130, c3a3cb61-beea-4a1a-8639-85f6e846679d:192.168.164.233:33135, c5b86445-9c87-4edb-b176-8eaf015b94aa:192.168.164.233:40993], old=null
2019-10-18 14:34:40,733 [grpc-default-executor-0] INFO  impl.RaftServerImpl (RaftServerImpl.java:setRole(184)) - c3a3cb61-beea-4a1a-8639-85f6e846679d@group-50F79935BC6A: changes role from  FOLLOWER to FOLLOWER at term 23 for recognizeCandidate:c5b86445-9c87-4edb-b176-8eaf015b94aa
2019-10-18 14:34:40,733 [grpc-default-executor-0] INFO  impl.RoleInfo (RoleInfo.java:shutdownFollowerState(121)) - c3a3cb61-beea-4a1a-8639-85f6e846679d: shutdown FollowerState
2019-10-18 14:34:40,733 [grpc-default-executor-3] INFO  impl.RaftServerImpl (RaftServerImpl.java:setRole(184)) - 07da283f-72b3-4610-abc1-72d23674d905@group-50F79935BC6A: changes role from  FOLLOWER to FOLLOWER at term 23 for recognizeCandidate:c5b86445-9c87-4edb-b176-8eaf015b94aa
2019-10-18 14:34:40,733 [grpc-default-executor-0] INFO  impl.RoleInfo (RoleInfo.java:updateAndGet(143)) - c3a3cb61-beea-4a1a-8639-85f6e846679d: start FollowerState
2019-10-18 14:34:40,733 [Thread-682] INFO  impl.FollowerState (FollowerState.java:run(117)) - c3a3cb61-beea-4a1a-8639-85f6e846679d@group-50F79935BC6A-FollowerState was interrupted: java.lang.InterruptedException: sleep interrupted
2019-10-18 14:34:40,733 [grpc-default-executor-3] INFO  impl.RoleInfo (RoleInfo.java:shutdownFollowerState(121)) - 07da283f-72b3-4610-abc1-72d23674d905: shutdown FollowerState
2019-10-18 14:34:40,733 [grpc-default-executor-3] INFO  impl.RoleInfo (RoleInfo.java:updateAndGet(143)) - 07da283f-72b3-4610-abc1-72d23674d905: start FollowerState
2019-10-18 14:34:40,734 [Thread-681] INFO  impl.FollowerState (FollowerState.java:run(117)) - 07da283f-72b3-4610-abc1-72d23674d905@group-50F79935BC6A-FollowerState was interrupted: java.lang.InterruptedException: sleep interrupted
2019-10-18 14:34:40,760 [c5b86445-9c87-4edb-b176-8eaf015b94aa@group-50F79935BC6A-LeaderElection24] INFO  impl.LeaderElection (LeaderElection.java:logAndReturn(56)) - c5b86445-9c87-4edb-b176-8eaf015b94aa@group-50F79935BC6A-LeaderElection24: Election REJECTED; received 2 response(s) [c5b86445-9c87-4edb-b176-8eaf015b94aa<-07da283f-72b3-4610-abc1-72d23674d905#0:FAIL-t23, c5b86445-9c87-4edb-b176-8eaf015b94aa<-c3a3cb61-beea-4a1a-8639-85f6e846679d#0:FAIL-t23] and 0 exception(s); c5b86445-9c87-4edb-b176-8eaf015b94aa@group-50F79935BC6A:t23, leader=null, voted=c5b86445-9c87-4edb-b176-8eaf015b94aa, raftlog=c5b86445-9c87-4edb-b176-8eaf015b94aa@group-50F79935BC6A-SegmentedRaftLog:OPENED:c3,f4,i4, conf=0: [07da283f-72b3-4610-abc1-72d23674d905:192.168.164.233:38130, c3a3cb61-beea-4a1a-8639-85f6e846679d:192.168.164.233:33135, c5b86445-9c87-4edb-b176-8eaf015b94aa:192.168.164.233:40993], old=null
2019-10-18 14:34:40,760 [c5b86445-9c87-4edb-b176-8eaf015b94aa@group-50F79935BC6A-LeaderElection24] INFO  impl.RaftServerImpl (RaftServerImpl.java:setRole(184)) - c5b86445-9c87-4edb-b176-8eaf015b94aa@group-50F79935BC6A: changes role from CANDIDATE to FOLLOWER at term 23 for DISCOVERED_A_NEW_TERM
2019-10-18 14:34:40,760 [c5b86445-9c87-4edb-b176-8eaf015b94aa@group-50F79935BC6A-LeaderElection24] INFO  impl.RoleInfo (RoleInfo.java:shutdownLeaderElection(134)) - c5b86445-9c87-4edb-b176-8eaf015b94aa: shutdown LeaderElection
2019-10-18 14:34:40,760 [c5b86445-9c87-4edb-b176-8eaf015b94aa@group-50F79935BC6A-LeaderElection24] INFO  impl.RoleInfo (RoleInfo.java:updateAndGet(143)) - c5b86445-9c87-4edb-b176-8eaf015b94aa: start FollowerState
2019-10-18 14:34:40,953 [Thread-689] INFO  impl.FollowerState (FollowerState.java:run(108)) - c5b86445-9c87-4edb-b176-8eaf015b94aa@group-50F79935BC6A-FollowerState: change to CANDIDATE, lastRpcTime:192ms, electionTimeout:192ms
2019-10-18 14:34:40,953 [Thread-689] INFO  impl.RoleInfo (RoleInfo.java:shutdownFollowerState(121)) - c5b86445-9c87-4edb-b176-8eaf015b94aa: shutdown FollowerState
2019-10-18 14:34:40,953 [Thread-689] INFO  impl.RaftServerImpl (RaftServerImpl.java:setRole(184)) - c5b86445-9c87-4edb-b176-8eaf015b94aa@group-50F79935BC6A: changes role from  FOLLOWER to CANDIDATE at term 23 for changeToCandidate
2019-10-18 14:34:40,953 [Thread-689] INFO  impl.RoleInfo (RoleInfo.java:updateAndGet(143)) - c5b86445-9c87-4edb-b176-8eaf015b94aa: start LeaderElection
2019-10-18 14:34:40,967 [c5b86445-9c87-4edb-b176-8eaf015b94aa@group-50F79935BC6A-LeaderElection25] INFO  impl.LeaderElection (LeaderElection.java:askForVotes(178)) - c5b86445-9c87-4edb-b176-8eaf015b94aa@group-50F79935BC6A-LeaderElection25: begin an election at term 24 for 0: [07da283f-72b3-4610-abc1-72d23674d905:192.168.164.233:38130, c3a3cb61-beea-4a1a-8639-85f6e846679d:192.168.164.233:33135, c5b86445-9c87-4edb-b176-8eaf015b94aa:192.168.164.233:40993], old=null
2019-10-18 14:34:40,970 [grpc-default-executor-3] INFO  impl.RaftServerImpl (RaftServerImpl.java:setRole(184)) - 07da283f-72b3-4610-abc1-72d23674d905@group-50F79935BC6A: changes role from  FOLLOWER to FOLLOWER at term 24 for recognizeCandidate:c5b86445-9c87-4edb-b176-8eaf015b94aa
2019-10-18 14:34:40,970 [grpc-default-executor-0] INFO  impl.RaftServerImpl (RaftServerImpl.java:setRole(184)) - c3a3cb61-beea-4a1a-8639-85f6e846679d@group-50F79935BC6A: changes role from  FOLLOWER to FOLLOWER at term 24 for recognizeCandidate:c5b86445-9c87-4edb-b176-8eaf015b94aa
2019-10-18 14:34:40,971 [grpc-default-executor-3] INFO  impl.RoleInfo (RoleInfo.java:shutdownFollowerState(121)) - 07da283f-72b3-4610-abc1-72d23674d905: shutdown FollowerState
2019-10-18 14:34:40,971 [grpc-default-executor-0] INFO  impl.RoleInfo (RoleInfo.java:shutdownFollowerState(121)) - c3a3cb61-beea-4a1a-8639-85f6e846679d: shutdown FollowerState
2019-10-18 14:34:40,971 [grpc-default-executor-3] INFO  impl.RoleInfo (RoleInfo.java:updateAndGet(143)) - 07da283f-72b3-4610-abc1-72d23674d905: start FollowerState
2019-10-18 14:34:40,971 [Thread-688] INFO  impl.FollowerState (FollowerState.java:run(117)) - 07da283f-72b3-4610-abc1-72d23674d905@group-50F79935BC6A-FollowerState was interrupted: java.lang.InterruptedException: sleep interrupted
2019-10-18 14:34:40,971 [grpc-default-executor-0] INFO  impl.RoleInfo (RoleInfo.java:updateAndGet(143)) - c3a3cb61-beea-4a1a-8639-85f6e846679d: start FollowerState
2019-10-18 14:34:40,971 [Thread-687] INFO  impl.FollowerState (FollowerState.java:run(117)) - c3a3cb61-beea-4a1a-8639-85f6e846679d@group-50F79935BC6A-FollowerState was interrupted: java.lang.InterruptedException: sleep interrupted
2019-10-18 14:34:40,983 [c5b86445-9c87-4edb-b176-8eaf015b94aa@group-50F79935BC6A-LeaderElection25] INFO  impl.LeaderElection (LeaderElection.java:logAndReturn(56)) - c5b86445-9c87-4edb-b176-8eaf015b94aa@group-50F79935BC6A-LeaderElection25: Election REJECTED; received 2 response(s) [c5b86445-9c87-4edb-b176-8eaf015b94aa<-07da283f-72b3-4610-abc1-72d23674d905#0:FAIL-t24, c5b86445-9c87-4edb-b176-8eaf015b94aa<-c3a3cb61-beea-4a1a-8639-85f6e846679d#0:FAIL-t24] and 0 exception(s); c5b86445-9c87-4edb-b176-8eaf015b94aa@group-50F79935BC6A:t24, leader=null, voted=c5b86445-9c87-4edb-b176-8eaf015b94aa, raftlog=c5b86445-9c87-4edb-b176-8eaf015b94aa@group-50F79935BC6A-SegmentedRaftLog:OPENED:c3,f4,i4, conf=0: [07da283f-72b3-4610-abc1-72d23674d905:192.168.164.233:38130, c3a3cb61-beea-4a1a-8639-85f6e846679d:192.168.164.233:33135, c5b86445-9c87-4edb-b176-8eaf015b94aa:192.168.164.233:40993], old=null
2019-10-18 14:34:40,984 [c5b86445-9c87-4edb-b176-8eaf015b94aa@group-50F79935BC6A-LeaderElection25] INFO  impl.RaftServerImpl (RaftServerImpl.java:setRole(184)) - c5b86445-9c87-4edb-b176-8eaf015b94aa@group-50F79935BC6A: changes role from CANDIDATE to FOLLOWER at term 24 for DISCOVERED_A_NEW_TERM
2019-10-18 14:34:40,984 [c5b86445-9c87-4edb-b176-8eaf015b94aa@group-50F79935BC6A-LeaderElection25] INFO  impl.RoleInfo (RoleInfo.java:shutdownLeaderElection(134)) - c5b86445-9c87-4edb-b176-8eaf015b94aa: shutdown LeaderElection
2019-10-18 14:34:40,984 [c5b86445-9c87-4edb-b176-8eaf015b94aa@group-50F79935BC6A-LeaderElection25] INFO  impl.RoleInfo (RoleInfo.java:updateAndGet(143)) - c5b86445-9c87-4edb-b176-8eaf015b94aa: start FollowerState
2019-10-18 14:34:41,035 [Thread-695] INFO  impl.FollowerState (FollowerState.java:run(108)) - c5b86445-9c87-4edb-b176-8eaf015b94aa@group-50F79935BC6A-FollowerState: change to CANDIDATE, lastRpcTime:51ms, electionTimeout:51ms
2019-10-18 14:34:41,036 [Thread-695] INFO  impl.RoleInfo (RoleInfo.java:shutdownFollowerState(121)) - c5b86445-9c87-4edb-b176-8eaf015b94aa: shutdown FollowerState
2019-10-18 14:34:41,036 [Thread-695] INFO  impl.RaftServerImpl (RaftServerImpl.java:setRole(184)) - c5b86445-9c87-4edb-b176-8eaf015b94aa@group-50F79935BC6A: changes role from  FOLLOWER to CANDIDATE at term 24 for changeToCandidate
2019-10-18 14:34:41,036 [Thread-695] INFO  impl.RoleInfo (RoleInfo.java:updateAndGet(143)) - c5b86445-9c87-4edb-b176-8eaf015b94aa: start LeaderElection
2019-10-18 14:34:41,049 [c5b86445-9c87-4edb-b176-8eaf015b94aa@group-50F79935BC6A-LeaderElection26] INFO  impl.LeaderElection (LeaderElection.java:askForVotes(178)) - c5b86445-9c87-4edb-b176-8eaf015b94aa@group-50F79935BC6A-LeaderElection26: begin an election at term 25 for 0: [07da283f-72b3-4610-abc1-72d23674d905:192.168.164.233:38130, c3a3cb61-beea-4a1a-8639-85f6e846679d:192.168.164.233:33135, c5b86445-9c87-4edb-b176-8eaf015b94aa:192.168.164.233:40993], old=null
2019-10-18 14:34:41,052 [grpc-default-executor-0] INFO  impl.RaftServerImpl (RaftServerImpl.java:setRole(184)) - 07da283f-72b3-4610-abc1-72d23674d905@group-50F79935BC6A: changes role from  FOLLOWER to FOLLOWER at term 25 for recognizeCandidate:c5b86445-9c87-4edb-b176-8eaf015b94aa
2019-10-18 14:34:41,052 [grpc-default-executor-3] INFO  impl.RaftServerImpl (RaftServerImpl.java:setRole(184)) - c3a3cb61-beea-4a1a-8639-85f6e846679d@group-50F79935BC6A: changes role from  FOLLOWER to FOLLOWER at term 25 for recognizeCandidate:c5b86445-9c87-4edb-b176-8eaf015b94aa
2019-10-18 14:34:41,052 [grpc-default-executor-0] INFO  impl.RoleInfo (RoleInfo.java:shutdownFollowerState(121)) - 07da283f-72b3-4610-abc1-72d23674d905: shutdown FollowerState
2019-10-18 14:34:41,052 [grpc-default-executor-3] INFO  impl.RoleInfo (RoleInfo.java:shutdownFollowerState(121)) - c3a3cb61-beea-4a1a-8639-85f6e846679d: shutdown FollowerState
2019-10-18 14:34:41,053 [grpc-default-executor-0] INFO  impl.RoleInfo (RoleInfo.java:updateAndGet(143)) - 07da283f-72b3-4610-abc1-72d23674d905: start FollowerState
2019-10-18 14:34:41,053 [Thread-693] INFO  impl.FollowerState (FollowerState.java:run(117)) - 07da283f-72b3-4610-abc1-72d23674d905@group-50F79935BC6A-FollowerState was interrupted: java.lang.InterruptedException: sleep interrupted
2019-10-18 14:34:41,053 [grpc-default-executor-3] INFO  impl.RoleInfo (RoleInfo.java:updateAndGet(143)) - c3a3cb61-beea-4a1a-8639-85f6e846679d: start FollowerState
2019-10-18 14:34:41,053 [Thread-694] INFO  impl.FollowerState (FollowerState.java:run(117)) - c3a3cb61-beea-4a1a-8639-85f6e846679d@group-50F79935BC6A-FollowerState was interrupted: java.lang.InterruptedException: sleep interrupted
2019-10-18 14:34:41,066 [c5b86445-9c87-4edb-b176-8eaf015b94aa@group-50F79935BC6A-LeaderElection26] INFO  impl.LeaderElection (LeaderElection.java:logAndReturn(56)) - c5b86445-9c87-4edb-b176-8eaf015b94aa@group-50F79935BC6A-LeaderElection26: Election REJECTED; received 2 response(s) [c5b86445-9c87-4edb-b176-8eaf015b94aa<-07da283f-72b3-4610-abc1-72d23674d905#0:FAIL-t25, c5b86445-9c87-4edb-b176-8eaf015b94aa<-c3a3cb61-beea-4a1a-8639-85f6e846679d#0:FAIL-t25] and 0 exception(s); c5b86445-9c87-4edb-b176-8eaf015b94aa@group-50F79935BC6A:t25, leader=null, voted=c5b86445-9c87-4edb-b176-8eaf015b94aa, raftlog=c5b86445-9c87-4edb-b176-8eaf015b94aa@group-50F79935BC6A-SegmentedRaftLog:OPENED:c3,f4,i4, conf=0: [07da283f-72b3-4610-abc1-72d23674d905:192.168.164.233:38130, c3a3cb61-beea-4a1a-8639-85f6e846679d:192.168.164.233:33135, c5b86445-9c87-4edb-b176-8eaf015b94aa:192.168.164.233:40993], old=null
2019-10-18 14:34:41,067 [c5b86445-9c87-4edb-b176-8eaf015b94aa@group-50F79935BC6A-LeaderElection26] INFO  impl.RaftServerImpl (RaftServerImpl.java:setRole(184)) - c5b86445-9c87-4edb-b176-8eaf015b94aa@group-50F79935BC6A: changes role from CANDIDATE to FOLLOWER at term 25 for DISCOVERED_A_NEW_TERM
2019-10-18 14:34:41,067 [c5b86445-9c87-4edb-b176-8eaf015b94aa@group-50F79935BC6A-LeaderElection26] INFO  impl.RoleInfo (RoleInfo.java:shutdownLeaderElection(134)) - c5b86445-9c87-4edb-b176-8eaf015b94aa: shutdown LeaderElection
2019-10-18 14:34:41,067 [c5b86445-9c87-4edb-b176-8eaf015b94aa@group-50F79935BC6A-LeaderElection26] INFO  impl.RoleInfo (RoleInfo.java:updateAndGet(143)) - c5b86445-9c87-4edb-b176-8eaf015b94aa: start FollowerState
2019-10-18 14:34:41,195 [pool-7-thread-5] INFO  commands.RetriableDatanodeEventWatcher (RetriableDatanodeEventWatcher.java:onTimeout(47)) - RetriableDatanodeCommand type=deleteBlocksCommand with id=1571409275199 timed out. Retrying.
2019-10-18 14:34:41,197 [pool-7-thread-4] INFO  commands.RetriableDatanodeEventWatcher (RetriableDatanodeEventWatcher.java:onTimeout(47)) - RetriableDatanodeCommand type=deleteBlocksCommand with id=1571409275198 timed out. Retrying.
2019-10-18 14:34:41,198 [pool-7-thread-2] INFO  commands.RetriableDatanodeEventWatcher (RetriableDatanodeEventWatcher.java:onTimeout(47)) - RetriableDatanodeCommand type=deleteBlocksCommand with id=1571409275192 timed out. Retrying.
2019-10-18 14:34:41,198 [pool-7-thread-6] INFO  commands.RetriableDatanodeEventWatcher (RetriableDatanodeEventWatcher.java:onTimeout(47)) - RetriableDatanodeCommand type=deleteBlocksCommand with id=1571409275194 timed out. Retrying.
2019-10-18 14:34:41,198 [pool-7-thread-3] INFO  commands.RetriableDatanodeEventWatcher (RetriableDatanodeEventWatcher.java:onTimeout(47)) - RetriableDatanodeCommand type=deleteBlocksCommand with id=1571409275196 timed out. Retrying.
2019-10-18 14:34:41,198 [SCMBlockDeletingService#0] INFO  block.SCMBlockDeletingService (SCMBlockDeletingService.java:call(184)) - Totally added 1 delete blocks command for 1 datanodes, task elapsed time: 0ms
2019-10-18 14:34:41,198 [pool-7-thread-5] INFO  commands.RetriableDatanodeEventWatcher (RetriableDatanodeEventWatcher.java:onTimeout(47)) - RetriableDatanodeCommand type=deleteBlocksCommand with id=1571409275200 timed out. Retrying.
2019-10-18 14:34:41,225 [Thread-701] INFO  impl.FollowerState (FollowerState.java:run(108)) - c5b86445-9c87-4edb-b176-8eaf015b94aa@group-50F79935BC6A-FollowerState: change to CANDIDATE, lastRpcTime:158ms, electionTimeout:158ms
2019-10-18 14:34:41,225 [Thread-701] INFO  impl.RoleInfo (RoleInfo.java:shutdownFollowerState(121)) - c5b86445-9c87-4edb-b176-8eaf015b94aa: shutdown FollowerState
2019-10-18 14:34:41,225 [Thread-701] INFO  impl.RaftServerImpl (RaftServerImpl.java:setRole(184)) - c5b86445-9c87-4edb-b176-8eaf015b94aa@group-50F79935BC6A: changes role from  FOLLOWER to CANDIDATE at term 25 for changeToCandidate
2019-10-18 14:34:41,226 [Thread-701] INFO  impl.RoleInfo (RoleInfo.java:updateAndGet(143)) - c5b86445-9c87-4edb-b176-8eaf015b94aa: start LeaderElection
2019-10-18 14:34:41,239 [c5b86445-9c87-4edb-b176-8eaf015b94aa@group-50F79935BC6A-LeaderElection27] INFO  impl.LeaderElection (LeaderElection.java:askForVotes(178)) - c5b86445-9c87-4edb-b176-8eaf015b94aa@group-50F79935BC6A-LeaderElection27: begin an election at term 26 for 0: [07da283f-72b3-4610-abc1-72d23674d905:192.168.164.233:38130, c3a3cb61-beea-4a1a-8639-85f6e846679d:192.168.164.233:33135, c5b86445-9c87-4edb-b176-8eaf015b94aa:192.168.164.233:40993], old=null
2019-10-18 14:34:41,242 [grpc-default-executor-3] INFO  impl.RaftServerImpl (RaftServerImpl.java:setRole(184)) - c3a3cb61-beea-4a1a-8639-85f6e846679d@group-50F79935BC6A: changes role from  FOLLOWER to FOLLOWER at term 26 for recognizeCandidate:c5b86445-9c87-4edb-b176-8eaf015b94aa
2019-10-18 14:34:41,242 [grpc-default-executor-0] INFO  impl.RaftServerImpl (RaftServerImpl.java:setRole(184)) - 07da283f-72b3-4610-abc1-72d23674d905@group-50F79935BC6A: changes role from  FOLLOWER to FOLLOWER at term 26 for recognizeCandidate:c5b86445-9c87-4edb-b176-8eaf015b94aa
2019-10-18 14:34:41,242 [grpc-default-executor-3] INFO  impl.RoleInfo (RoleInfo.java:shutdownFollowerState(121)) - c3a3cb61-beea-4a1a-8639-85f6e846679d: shutdown FollowerState
2019-10-18 14:34:41,242 [grpc-default-executor-0] INFO  impl.RoleInfo (RoleInfo.java:shutdownFollowerState(121)) - 07da283f-72b3-4610-abc1-72d23674d905: shutdown FollowerState
2019-10-18 14:34:41,243 [grpc-default-executor-3] INFO  impl.RoleInfo (RoleInfo.java:updateAndGet(143)) - c3a3cb61-beea-4a1a-8639-85f6e846679d: start FollowerState
2019-10-18 14:34:41,243 [Thread-700] INFO  impl.FollowerState (FollowerState.java:run(117)) - c3a3cb61-beea-4a1a-8639-85f6e846679d@group-50F79935BC6A-FollowerState was interrupted: java.lang.InterruptedException: sleep interrupted
2019-10-18 14:34:41,243 [grpc-default-executor-0] INFO  impl.RoleInfo (RoleInfo.java:updateAndGet(143)) - 07da283f-72b3-4610-abc1-72d23674d905: start FollowerState
2019-10-18 14:34:41,243 [Thread-699] INFO  impl.FollowerState (FollowerState.java:run(117)) - 07da283f-72b3-4610-abc1-72d23674d905@group-50F79935BC6A-FollowerState was interrupted: java.lang.InterruptedException: sleep interrupted
2019-10-18 14:34:41,258 [c5b86445-9c87-4edb-b176-8eaf015b94aa@group-50F79935BC6A-LeaderElection27] INFO  impl.LeaderElection (LeaderElection.java:logAndReturn(56)) - c5b86445-9c87-4edb-b176-8eaf015b94aa@group-50F79935BC6A-LeaderElection27: Election REJECTED; received 2 response(s) [c5b86445-9c87-4edb-b176-8eaf015b94aa<-07da283f-72b3-4610-abc1-72d23674d905#0:FAIL-t26, c5b86445-9c87-4edb-b176-8eaf015b94aa<-c3a3cb61-beea-4a1a-8639-85f6e846679d#0:FAIL-t26] and 0 exception(s); c5b86445-9c87-4edb-b176-8eaf015b94aa@group-50F79935BC6A:t26, leader=null, voted=c5b86445-9c87-4edb-b176-8eaf015b94aa, raftlog=c5b86445-9c87-4edb-b176-8eaf015b94aa@group-50F79935BC6A-SegmentedRaftLog:OPENED:c3,f4,i4, conf=0: [07da283f-72b3-4610-abc1-72d23674d905:192.168.164.233:38130, c3a3cb61-beea-4a1a-8639-85f6e846679d:192.168.164.233:33135, c5b86445-9c87-4edb-b176-8eaf015b94aa:192.168.164.233:40993], old=null
2019-10-18 14:34:41,258 [c5b86445-9c87-4edb-b176-8eaf015b94aa@group-50F79935BC6A-LeaderElection27] INFO  impl.RaftServerImpl (RaftServerImpl.java:setRole(184)) - c5b86445-9c87-4edb-b176-8eaf015b94aa@group-50F79935BC6A: changes role from CANDIDATE to FOLLOWER at term 26 for DISCOVERED_A_NEW_TERM
2019-10-18 14:34:41,258 [c5b86445-9c87-4edb-b176-8eaf015b94aa@group-50F79935BC6A-LeaderElection27] INFO  impl.RoleInfo (RoleInfo.java:shutdownLeaderElection(134)) - c5b86445-9c87-4edb-b176-8eaf015b94aa: shutdown LeaderElection
2019-10-18 14:34:41,259 [c5b86445-9c87-4edb-b176-8eaf015b94aa@group-50F79935BC6A-LeaderElection27] INFO  impl.RoleInfo (RoleInfo.java:updateAndGet(143)) - c5b86445-9c87-4edb-b176-8eaf015b94aa: start FollowerState
2019-10-18 14:34:41,273 [Thread-708] INFO  impl.FollowerState (FollowerState.java:run(108)) - c5b86445-9c87-4edb-b176-8eaf015b94aa@group-50F79935BC6A-FollowerState: change to CANDIDATE, lastRpcTime:14ms, electionTimeout:14ms
2019-10-18 14:34:41,273 [Thread-708] INFO  impl.RoleInfo (RoleInfo.java:shutdownFollowerState(121)) - c5b86445-9c87-4edb-b176-8eaf015b94aa: shutdown FollowerState
2019-10-18 14:34:41,273 [Thread-708] INFO  impl.RaftServerImpl (RaftServerImpl.java:setRole(184)) - c5b86445-9c87-4edb-b176-8eaf015b94aa@group-50F79935BC6A: changes role from  FOLLOWER to CANDIDATE at term 26 for changeToCandidate
2019-10-18 14:34:41,273 [Thread-708] INFO  impl.RoleInfo (RoleInfo.java:updateAndGet(143)) - c5b86445-9c87-4edb-b176-8eaf015b94aa: start LeaderElection
2019-10-18 14:34:41,286 [c5b86445-9c87-4edb-b176-8eaf015b94aa@group-50F79935BC6A-LeaderElection28] INFO  impl.LeaderElection (LeaderElection.java:askForVotes(178)) - c5b86445-9c87-4edb-b176-8eaf015b94aa@group-50F79935BC6A-LeaderElection28: begin an election at term 27 for 0: [07da283f-72b3-4610-abc1-72d23674d905:192.168.164.233:38130, c3a3cb61-beea-4a1a-8639-85f6e846679d:192.168.164.233:33135, c5b86445-9c87-4edb-b176-8eaf015b94aa:192.168.164.233:40993], old=null
2019-10-18 14:34:41,289 [grpc-default-executor-0] INFO  impl.RaftServerImpl (RaftServerImpl.java:setRole(184)) - c3a3cb61-beea-4a1a-8639-85f6e846679d@group-50F79935BC6A: changes role from  FOLLOWER to FOLLOWER at term 27 for recognizeCandidate:c5b86445-9c87-4edb-b176-8eaf015b94aa
2019-10-18 14:34:41,289 [grpc-default-executor-3] INFO  impl.RaftServerImpl (RaftServerImpl.java:setRole(184)) - 07da283f-72b3-4610-abc1-72d23674d905@group-50F79935BC6A: changes role from  FOLLOWER to FOLLOWER at term 27 for recognizeCandidate:c5b86445-9c87-4edb-b176-8eaf015b94aa
2019-10-18 14:34:41,289 [grpc-default-executor-0] INFO  impl.RoleInfo (RoleInfo.java:shutdownFollowerState(121)) - c3a3cb61-beea-4a1a-8639-85f6e846679d: shutdown FollowerState
2019-10-18 14:34:41,289 [grpc-default-executor-3] INFO  impl.RoleInfo (RoleInfo.java:shutdownFollowerState(121)) - 07da283f-72b3-4610-abc1-72d23674d905: shutdown FollowerState
2019-10-18 14:34:41,289 [grpc-default-executor-0] INFO  impl.RoleInfo (RoleInfo.java:updateAndGet(143)) - c3a3cb61-beea-4a1a-8639-85f6e846679d: start FollowerState
2019-10-18 14:34:41,289 [Thread-706] INFO  impl.FollowerState (FollowerState.java:run(117)) - c3a3cb61-beea-4a1a-8639-85f6e846679d@group-50F79935BC6A-FollowerState was interrupted: java.lang.InterruptedException: sleep interrupted
2019-10-18 14:34:41,290 [grpc-default-executor-3] INFO  impl.RoleInfo (RoleInfo.java:updateAndGet(143)) - 07da283f-72b3-4610-abc1-72d23674d905: start FollowerState
2019-10-18 14:34:41,290 [Thread-707] INFO  impl.FollowerState (FollowerState.java:run(117)) - 07da283f-72b3-4610-abc1-72d23674d905@group-50F79935BC6A-FollowerState was interrupted: java.lang.InterruptedException: sleep interrupted
2019-10-18 14:34:41,302 [Thread-715] INFO  client.GrpcClientProtocolService (GrpcClientProtocolService.java:lambda$processClientRequest$0(278)) - Failed RaftClientRequest:client-D4B6A76FA5A7->07da283f-72b3-4610-abc1-72d23674d905@group-50F79935BC6A, cid=10, seq=0, Watch-ALL_COMMITTED(6), Message:<EMPTY>, reply=RaftClientReply:client-D4B6A76FA5A7->07da283f-72b3-4610-abc1-72d23674d905@group-50F79935BC6A, cid=10, FAILED org.apache.ratis.protocol.NotLeaderException: Server 07da283f-72b3-4610-abc1-72d23674d905@group-50F79935BC6A is not the leader, logIndex=0, commits[07da283f-72b3-4610-abc1-72d23674d905:c10, c3a3cb61-beea-4a1a-8639-85f6e846679d:c10, c5b86445-9c87-4edb-b176-8eaf015b94aa:c4]
2019-10-18 14:34:41,305 [c5b86445-9c87-4edb-b176-8eaf015b94aa@group-50F79935BC6A-LeaderElection28] INFO  impl.LeaderElection (LeaderElection.java:logAndReturn(56)) - c5b86445-9c87-4edb-b176-8eaf015b94aa@group-50F79935BC6A-LeaderElection28: Election REJECTED; received 2 response(s) [c5b86445-9c87-4edb-b176-8eaf015b94aa<-07da283f-72b3-4610-abc1-72d23674d905#0:FAIL-t27, c5b86445-9c87-4edb-b176-8eaf015b94aa<-c3a3cb61-beea-4a1a-8639-85f6e846679d#0:FAIL-t27] and 0 exception(s); c5b86445-9c87-4edb-b176-8eaf015b94aa@group-50F79935BC6A:t27, leader=null, voted=c5b86445-9c87-4edb-b176-8eaf015b94aa, raftlog=c5b86445-9c87-4edb-b176-8eaf015b94aa@group-50F79935BC6A-SegmentedRaftLog:OPENED:c3,f4,i4, conf=0: [07da283f-72b3-4610-abc1-72d23674d905:192.168.164.233:38130, c3a3cb61-beea-4a1a-8639-85f6e846679d:192.168.164.233:33135, c5b86445-9c87-4edb-b176-8eaf015b94aa:192.168.164.233:40993], old=null
2019-10-18 14:34:41,306 [c5b86445-9c87-4edb-b176-8eaf015b94aa@group-50F79935BC6A-LeaderElection28] INFO  impl.RaftServerImpl (RaftServerImpl.java:setRole(184)) - c5b86445-9c87-4edb-b176-8eaf015b94aa@group-50F79935BC6A: changes role from CANDIDATE to FOLLOWER at term 27 for DISCOVERED_A_NEW_TERM
2019-10-18 14:34:41,308 [c5b86445-9c87-4edb-b176-8eaf015b94aa@group-50F79935BC6A-LeaderElection28] INFO  impl.RoleInfo (RoleInfo.java:shutdownLeaderElection(134)) - c5b86445-9c87-4edb-b176-8eaf015b94aa: shutdown LeaderElection
2019-10-18 14:34:41,308 [c5b86445-9c87-4edb-b176-8eaf015b94aa@group-50F79935BC6A-LeaderElection28] INFO  impl.RoleInfo (RoleInfo.java:updateAndGet(143)) - c5b86445-9c87-4edb-b176-8eaf015b94aa: start FollowerState
2019-10-18 14:34:41,311 [Thread-717] INFO  impl.FollowerState (FollowerState.java:run(108)) - c5b86445-9c87-4edb-b176-8eaf015b94aa@group-50F79935BC6A-FollowerState: change to CANDIDATE, lastRpcTime:3ms, electionTimeout:3ms
2019-10-18 14:34:41,311 [Thread-717] INFO  impl.RoleInfo (RoleInfo.java:shutdownFollowerState(121)) - c5b86445-9c87-4edb-b176-8eaf015b94aa: shutdown FollowerState
2019-10-18 14:34:41,312 [Thread-717] INFO  impl.RaftServerImpl (RaftServerImpl.java:setRole(184)) - c5b86445-9c87-4edb-b176-8eaf015b94aa@group-50F79935BC6A: changes role from  FOLLOWER to CANDIDATE at term 27 for changeToCandidate
2019-10-18 14:34:41,312 [Thread-717] INFO  impl.RoleInfo (RoleInfo.java:updateAndGet(143)) - c5b86445-9c87-4edb-b176-8eaf015b94aa: start LeaderElection
2019-10-18 14:34:41,325 [c5b86445-9c87-4edb-b176-8eaf015b94aa@group-50F79935BC6A-LeaderElection29] INFO  impl.LeaderElection (LeaderElection.java:askForVotes(178)) - c5b86445-9c87-4edb-b176-8eaf015b94aa@group-50F79935BC6A-LeaderElection29: begin an election at term 28 for 0: [07da283f-72b3-4610-abc1-72d23674d905:192.168.164.233:38130, c3a3cb61-beea-4a1a-8639-85f6e846679d:192.168.164.233:33135, c5b86445-9c87-4edb-b176-8eaf015b94aa:192.168.164.233:40993], old=null
2019-10-18 14:34:41,327 [grpc-default-executor-0] INFO  impl.RaftServerImpl (RaftServerImpl.java:setRole(184)) - c3a3cb61-beea-4a1a-8639-85f6e846679d@group-50F79935BC6A: changes role from  FOLLOWER to FOLLOWER at term 28 for recognizeCandidate:c5b86445-9c87-4edb-b176-8eaf015b94aa
2019-10-18 14:34:41,327 [grpc-default-executor-3] INFO  impl.RaftServerImpl (RaftServerImpl.java:setRole(184)) - 07da283f-72b3-4610-abc1-72d23674d905@group-50F79935BC6A: changes role from  FOLLOWER to FOLLOWER at term 28 for recognizeCandidate:c5b86445-9c87-4edb-b176-8eaf015b94aa
2019-10-18 14:34:41,327 [grpc-default-executor-0] INFO  impl.RoleInfo (RoleInfo.java:shutdownFollowerState(121)) - c3a3cb61-beea-4a1a-8639-85f6e846679d: shutdown FollowerState
2019-10-18 14:34:41,328 [grpc-default-executor-3] INFO  impl.RoleInfo (RoleInfo.java:shutdownFollowerState(121)) - 07da283f-72b3-4610-abc1-72d23674d905: shutdown FollowerState
2019-10-18 14:34:41,328 [Thread-712] INFO  impl.FollowerState (FollowerState.java:run(117)) - c3a3cb61-beea-4a1a-8639-85f6e846679d@group-50F79935BC6A-FollowerState was interrupted: java.lang.InterruptedException: sleep interrupted
2019-10-18 14:34:41,328 [grpc-default-executor-0] INFO  impl.RoleInfo (RoleInfo.java:updateAndGet(143)) - c3a3cb61-beea-4a1a-8639-85f6e846679d: start FollowerState
2019-10-18 14:34:41,328 [Thread-713] INFO  impl.FollowerState (FollowerState.java:run(117)) - 07da283f-72b3-4610-abc1-72d23674d905@group-50F79935BC6A-FollowerState was interrupted: java.lang.InterruptedException: sleep interrupted
2019-10-18 14:34:41,328 [grpc-default-executor-3] INFO  impl.RoleInfo (RoleInfo.java:updateAndGet(143)) - 07da283f-72b3-4610-abc1-72d23674d905: start FollowerState
2019-10-18 14:34:41,335 [c5b86445-9c87-4edb-b176-8eaf015b94aa@group-50F79935BC6A-LeaderElection29] INFO  impl.LeaderElection (LeaderElection.java:logAndReturn(56)) - c5b86445-9c87-4edb-b176-8eaf015b94aa@group-50F79935BC6A-LeaderElection29: Election TIMEOUT; received 0 response(s) [] and 0 exception(s); c5b86445-9c87-4edb-b176-8eaf015b94aa@group-50F79935BC6A:t28, leader=null, voted=c5b86445-9c87-4edb-b176-8eaf015b94aa, raftlog=c5b86445-9c87-4edb-b176-8eaf015b94aa@group-50F79935BC6A-SegmentedRaftLog:OPENED:c3,f4,i4, conf=0: [07da283f-72b3-4610-abc1-72d23674d905:192.168.164.233:38130, c3a3cb61-beea-4a1a-8639-85f6e846679d:192.168.164.233:33135, c5b86445-9c87-4edb-b176-8eaf015b94aa:192.168.164.233:40993], old=null
2019-10-18 14:34:41,341 [c5b86445-9c87-4edb-b176-8eaf015b94aa@group-50F79935BC6A-LeaderElection29] INFO  impl.LeaderElection (LeaderElection.java:askForVotes(178)) - c5b86445-9c87-4edb-b176-8eaf015b94aa@group-50F79935BC6A-LeaderElection29: begin an election at term 29 for 0: [07da283f-72b3-4610-abc1-72d23674d905:192.168.164.233:38130, c3a3cb61-beea-4a1a-8639-85f6e846679d:192.168.164.233:33135, c5b86445-9c87-4edb-b176-8eaf015b94aa:192.168.164.233:40993], old=null
2019-10-18 14:34:41,343 [grpc-default-executor-0] INFO  impl.RaftServerImpl (RaftServerImpl.java:setRole(184)) - c3a3cb61-beea-4a1a-8639-85f6e846679d@group-50F79935BC6A: changes role from  FOLLOWER to FOLLOWER at term 29 for recognizeCandidate:c5b86445-9c87-4edb-b176-8eaf015b94aa
2019-10-18 14:34:41,343 [grpc-default-executor-0] INFO  impl.RoleInfo (RoleInfo.java:shutdownFollowerState(121)) - c3a3cb61-beea-4a1a-8639-85f6e846679d: shutdown FollowerState
2019-10-18 14:34:41,343 [grpc-default-executor-3] INFO  impl.RaftServerImpl (RaftServerImpl.java:setRole(184)) - 07da283f-72b3-4610-abc1-72d23674d905@group-50F79935BC6A: changes role from  FOLLOWER to FOLLOWER at term 29 for recognizeCandidate:c5b86445-9c87-4edb-b176-8eaf015b94aa
2019-10-18 14:34:41,344 [Thread-721] INFO  impl.FollowerState (FollowerState.java:run(117)) - c3a3cb61-beea-4a1a-8639-85f6e846679d@group-50F79935BC6A-FollowerState was interrupted: java.lang.InterruptedException: sleep interrupted
2019-10-18 14:34:41,344 [grpc-default-executor-0] INFO  impl.RoleInfo (RoleInfo.java:updateAndGet(143)) - c3a3cb61-beea-4a1a-8639-85f6e846679d: start FollowerState
2019-10-18 14:34:41,344 [grpc-default-executor-3] INFO  impl.RoleInfo (RoleInfo.java:shutdownFollowerState(121)) - 07da283f-72b3-4610-abc1-72d23674d905: shutdown FollowerState
2019-10-18 14:34:41,344 [grpc-default-executor-3] INFO  impl.RoleInfo (RoleInfo.java:updateAndGet(143)) - 07da283f-72b3-4610-abc1-72d23674d905: start FollowerState
2019-10-18 14:34:41,344 [Thread-722] INFO  impl.FollowerState (FollowerState.java:run(117)) - 07da283f-72b3-4610-abc1-72d23674d905@group-50F79935BC6A-FollowerState was interrupted: java.lang.InterruptedException: sleep interrupted
2019-10-18 14:34:41,367 [c5b86445-9c87-4edb-b176-8eaf015b94aa@group-50F79935BC6A-LeaderElection29] INFO  impl.LeaderElection (LeaderElection.java:logAndReturn(56)) - c5b86445-9c87-4edb-b176-8eaf015b94aa@group-50F79935BC6A-LeaderElection29: Election REJECTED; received 2 response(s) [c5b86445-9c87-4edb-b176-8eaf015b94aa<-07da283f-72b3-4610-abc1-72d23674d905#0:FAIL-t29, c5b86445-9c87-4edb-b176-8eaf015b94aa<-c3a3cb61-beea-4a1a-8639-85f6e846679d#0:FAIL-t29] and 0 exception(s); c5b86445-9c87-4edb-b176-8eaf015b94aa@group-50F79935BC6A:t29, leader=null, voted=c5b86445-9c87-4edb-b176-8eaf015b94aa, raftlog=c5b86445-9c87-4edb-b176-8eaf015b94aa@group-50F79935BC6A-SegmentedRaftLog:OPENED:c3,f4,i4, conf=0: [07da283f-72b3-4610-abc1-72d23674d905:192.168.164.233:38130, c3a3cb61-beea-4a1a-8639-85f6e846679d:192.168.164.233:33135, c5b86445-9c87-4edb-b176-8eaf015b94aa:192.168.164.233:40993], old=null
2019-10-18 14:34:41,367 [c5b86445-9c87-4edb-b176-8eaf015b94aa@group-50F79935BC6A-LeaderElection29] INFO  impl.RaftServerImpl (RaftServerImpl.java:setRole(184)) - c5b86445-9c87-4edb-b176-8eaf015b94aa@group-50F79935BC6A: changes role from CANDIDATE to FOLLOWER at term 29 for DISCOVERED_A_NEW_TERM
2019-10-18 14:34:41,367 [c5b86445-9c87-4edb-b176-8eaf015b94aa@group-50F79935BC6A-LeaderElection29] INFO  impl.RoleInfo (RoleInfo.java:shutdownLeaderElection(134)) - c5b86445-9c87-4edb-b176-8eaf015b94aa: shutdown LeaderElection
2019-10-18 14:34:41,367 [c5b86445-9c87-4edb-b176-8eaf015b94aa@group-50F79935BC6A-LeaderElection29] INFO  impl.RoleInfo (RoleInfo.java:updateAndGet(143)) - c5b86445-9c87-4edb-b176-8eaf015b94aa: start FollowerState
2019-10-18 14:34:41,457 [BlockDeletingService#2] WARN  background.BlockDeletingService (BlockDeletingService.java:isDeletionAllowed(187)) - Close Container log Index 6 is not replicated across allthe servers in the pipeline 1b899901-10f6-4f6e-b1b6-50f79935bc6a as the min replicated index is 4. Deletion is not allowed in this container yet.
2019-10-18 14:34:41,457 [BlockDeletingService#2] WARN  background.BlockDeletingService (BlockDeletingService.java:isDeletionAllowed(187)) - Close Container log Index 6 is not replicated across allthe servers in the pipeline 1b899901-10f6-4f6e-b1b6-50f79935bc6a as the min replicated index is 4. Deletion is not allowed in this container yet.
2019-10-18 14:34:41,504 [Thread-727] INFO  impl.FollowerState (FollowerState.java:run(108)) - c5b86445-9c87-4edb-b176-8eaf015b94aa@group-50F79935BC6A-FollowerState: change to CANDIDATE, lastRpcTime:136ms, electionTimeout:136ms
2019-10-18 14:34:41,504 [Thread-727] INFO  impl.RoleInfo (RoleInfo.java:shutdownFollowerState(121)) - c5b86445-9c87-4edb-b176-8eaf015b94aa: shutdown FollowerState
2019-10-18 14:34:41,504 [Thread-727] INFO  impl.RaftServerImpl (RaftServerImpl.java:setRole(184)) - c5b86445-9c87-4edb-b176-8eaf015b94aa@group-50F79935BC6A: changes role from  FOLLOWER to CANDIDATE at term 29 for changeToCandidate
2019-10-18 14:34:41,504 [Thread-727] INFO  impl.RoleInfo (RoleInfo.java:updateAndGet(143)) - c5b86445-9c87-4edb-b176-8eaf015b94aa: start LeaderElection
2019-10-18 14:34:41,518 [c5b86445-9c87-4edb-b176-8eaf015b94aa@group-50F79935BC6A-LeaderElection30] INFO  impl.LeaderElection (LeaderElection.java:askForVotes(178)) - c5b86445-9c87-4edb-b176-8eaf015b94aa@group-50F79935BC6A-LeaderElection30: begin an election at term 30 for 0: [07da283f-72b3-4610-abc1-72d23674d905:192.168.164.233:38130, c3a3cb61-beea-4a1a-8639-85f6e846679d:192.168.164.233:33135, c5b86445-9c87-4edb-b176-8eaf015b94aa:192.168.164.233:40993], old=null
2019-10-18 14:34:41,521 [grpc-default-executor-0] INFO  impl.RaftServerImpl (RaftServerImpl.java:setRole(184)) - c3a3cb61-beea-4a1a-8639-85f6e846679d@group-50F79935BC6A: changes role from  FOLLOWER to FOLLOWER at term 30 for recognizeCandidate:c5b86445-9c87-4edb-b176-8eaf015b94aa
2019-10-18 14:34:41,521 [grpc-default-executor-3] INFO  impl.RaftServerImpl (RaftServerImpl.java:setRole(184)) - 07da283f-72b3-4610-abc1-72d23674d905@group-50F79935BC6A: changes role from  FOLLOWER to FOLLOWER at term 30 for recognizeCandidate:c5b86445-9c87-4edb-b176-8eaf015b94aa
2019-10-18 14:34:41,521 [grpc-default-executor-3] INFO  impl.RoleInfo (RoleInfo.java:shutdownFollowerState(121)) - 07da283f-72b3-4610-abc1-72d23674d905: shutdown FollowerState
2019-10-18 14:34:41,521 [grpc-default-executor-0] INFO  impl.RoleInfo (RoleInfo.java:shutdownFollowerState(121)) - c3a3cb61-beea-4a1a-8639-85f6e846679d: shutdown FollowerState
2019-10-18 14:34:41,521 [grpc-default-executor-3] INFO  impl.RoleInfo (RoleInfo.java:updateAndGet(143)) - 07da283f-72b3-4610-abc1-72d23674d905: start FollowerState
2019-10-18 14:34:41,521 [grpc-default-executor-0] INFO  impl.RoleInfo (RoleInfo.java:updateAndGet(143)) - c3a3cb61-beea-4a1a-8639-85f6e846679d: start FollowerState
2019-10-18 14:34:41,521 [Thread-726] INFO  impl.FollowerState (FollowerState.java:run(117)) - 07da283f-72b3-4610-abc1-72d23674d905@group-50F79935BC6A-FollowerState was interrupted: java.lang.InterruptedException: sleep interrupted
2019-10-18 14:34:41,521 [Thread-725] INFO  impl.FollowerState (FollowerState.java:run(117)) - c3a3cb61-beea-4a1a-8639-85f6e846679d@group-50F79935BC6A-FollowerState was interrupted: java.lang.InterruptedException: sleep interrupted
2019-10-18 14:34:41,536 [c5b86445-9c87-4edb-b176-8eaf015b94aa@group-50F79935BC6A-LeaderElection30] INFO  impl.LeaderElection (LeaderElection.java:logAndReturn(56)) - c5b86445-9c87-4edb-b176-8eaf015b94aa@group-50F79935BC6A-LeaderElection30: Election REJECTED; received 2 response(s) [c5b86445-9c87-4edb-b176-8eaf015b94aa<-07da283f-72b3-4610-abc1-72d23674d905#0:FAIL-t30, c5b86445-9c87-4edb-b176-8eaf015b94aa<-c3a3cb61-beea-4a1a-8639-85f6e846679d#0:FAIL-t30] and 0 exception(s); c5b86445-9c87-4edb-b176-8eaf015b94aa@group-50F79935BC6A:t30, leader=null, voted=c5b86445-9c87-4edb-b176-8eaf015b94aa, raftlog=c5b86445-9c87-4edb-b176-8eaf015b94aa@group-50F79935BC6A-SegmentedRaftLog:OPENED:c3,f4,i4, conf=0: [07da283f-72b3-4610-abc1-72d23674d905:192.168.164.233:38130, c3a3cb61-beea-4a1a-8639-85f6e846679d:192.168.164.233:33135, c5b86445-9c87-4edb-b176-8eaf015b94aa:192.168.164.233:40993], old=null
2019-10-18 14:34:41,536 [c5b86445-9c87-4edb-b176-8eaf015b94aa@group-50F79935BC6A-LeaderElection30] INFO  impl.RaftServerImpl (RaftServerImpl.java:setRole(184)) - c5b86445-9c87-4edb-b176-8eaf015b94aa@group-50F79935BC6A: changes role from CANDIDATE to FOLLOWER at term 30 for DISCOVERED_A_NEW_TERM
2019-10-18 14:34:41,536 [c5b86445-9c87-4edb-b176-8eaf015b94aa@group-50F79935BC6A-LeaderElection30] INFO  impl.RoleInfo (RoleInfo.java:shutdownLeaderElection(134)) - c5b86445-9c87-4edb-b176-8eaf015b94aa: shutdown LeaderElection
2019-10-18 14:34:41,536 [c5b86445-9c87-4edb-b176-8eaf015b94aa@group-50F79935BC6A-LeaderElection30] INFO  impl.RoleInfo (RoleInfo.java:updateAndGet(143)) - c5b86445-9c87-4edb-b176-8eaf015b94aa: start FollowerState
2019-10-18 14:34:41,624 [Thread-735] INFO  impl.FollowerState (FollowerState.java:run(108)) - c5b86445-9c87-4edb-b176-8eaf015b94aa@group-50F79935BC6A-FollowerState: change to CANDIDATE, lastRpcTime:87ms, electionTimeout:87ms
2019-10-18 14:34:41,624 [Thread-735] INFO  impl.RoleInfo (RoleInfo.java:shutdownFollowerState(121)) - c5b86445-9c87-4edb-b176-8eaf015b94aa: shutdown FollowerState
2019-10-18 14:34:41,624 [Thread-735] INFO  impl.RaftServerImpl (RaftServerImpl.java:setRole(184)) - c5b86445-9c87-4edb-b176-8eaf015b94aa@group-50F79935BC6A: changes role from  FOLLOWER to CANDIDATE at term 30 for changeToCandidate
2019-10-18 14:34:41,624 [Thread-735] INFO  impl.RoleInfo (RoleInfo.java:updateAndGet(143)) - c5b86445-9c87-4edb-b176-8eaf015b94aa: start LeaderElection
2019-10-18 14:34:41,637 [c5b86445-9c87-4edb-b176-8eaf015b94aa@group-50F79935BC6A-LeaderElection31] INFO  impl.LeaderElection (LeaderElection.java:askForVotes(178)) - c5b86445-9c87-4edb-b176-8eaf015b94aa@group-50F79935BC6A-LeaderElection31: begin an election at term 31 for 0: [07da283f-72b3-4610-abc1-72d23674d905:192.168.164.233:38130, c3a3cb61-beea-4a1a-8639-85f6e846679d:192.168.164.233:33135, c5b86445-9c87-4edb-b176-8eaf015b94aa:192.168.164.233:40993], old=null
2019-10-18 14:34:41,640 [grpc-default-executor-0] INFO  impl.RaftServerImpl (RaftServerImpl.java:setRole(184)) - c3a3cb61-beea-4a1a-8639-85f6e846679d@group-50F79935BC6A: changes role from  FOLLOWER to FOLLOWER at term 31 for recognizeCandidate:c5b86445-9c87-4edb-b176-8eaf015b94aa
2019-10-18 14:34:41,640 [grpc-default-executor-0] INFO  impl.RoleInfo (RoleInfo.java:shutdownFollowerState(121)) - c3a3cb61-beea-4a1a-8639-85f6e846679d: shutdown FollowerState
2019-10-18 14:34:41,640 [grpc-default-executor-3] INFO  impl.RaftServerImpl (RaftServerImpl.java:setRole(184)) - 07da283f-72b3-4610-abc1-72d23674d905@group-50F79935BC6A: changes role from  FOLLOWER to FOLLOWER at term 31 for recognizeCandidate:c5b86445-9c87-4edb-b176-8eaf015b94aa
2019-10-18 14:34:41,640 [Thread-734] INFO  impl.FollowerState (FollowerState.java:run(117)) - c3a3cb61-beea-4a1a-8639-85f6e846679d@group-50F79935BC6A-FollowerState was interrupted: java.lang.InterruptedException: sleep interrupted
2019-10-18 14:34:41,640 [grpc-default-executor-0] INFO  impl.RoleInfo (RoleInfo.java:updateAndGet(143)) - c3a3cb61-beea-4a1a-8639-85f6e846679d: start FollowerState
2019-10-18 14:34:41,640 [grpc-default-executor-3] INFO  impl.RoleInfo (RoleInfo.java:shutdownFollowerState(121)) - 07da283f-72b3-4610-abc1-72d23674d905: shutdown FollowerState
2019-10-18 14:34:41,641 [grpc-default-executor-3] INFO  impl.RoleInfo (RoleInfo.java:updateAndGet(143)) - 07da283f-72b3-4610-abc1-72d23674d905: start FollowerState
2019-10-18 14:34:41,641 [Thread-733] INFO  impl.FollowerState (FollowerState.java:run(117)) - 07da283f-72b3-4610-abc1-72d23674d905@group-50F79935BC6A-FollowerState was interrupted: java.lang.InterruptedException: sleep interrupted
2019-10-18 14:34:41,654 [c5b86445-9c87-4edb-b176-8eaf015b94aa@group-50F79935BC6A-LeaderElection31] INFO  impl.LeaderElection (LeaderElection.java:logAndReturn(56)) - c5b86445-9c87-4edb-b176-8eaf015b94aa@group-50F79935BC6A-LeaderElection31: Election REJECTED; received 2 response(s) [c5b86445-9c87-4edb-b176-8eaf015b94aa<-07da283f-72b3-4610-abc1-72d23674d905#0:FAIL-t31, c5b86445-9c87-4edb-b176-8eaf015b94aa<-c3a3cb61-beea-4a1a-8639-85f6e846679d#0:FAIL-t31] and 0 exception(s); c5b86445-9c87-4edb-b176-8eaf015b94aa@group-50F79935BC6A:t31, leader=null, voted=c5b86445-9c87-4edb-b176-8eaf015b94aa, raftlog=c5b86445-9c87-4edb-b176-8eaf015b94aa@group-50F79935BC6A-SegmentedRaftLog:OPENED:c3,f4,i4, conf=0: [07da283f-72b3-4610-abc1-72d23674d905:192.168.164.233:38130, c3a3cb61-beea-4a1a-8639-85f6e846679d:192.168.164.233:33135, c5b86445-9c87-4edb-b176-8eaf015b94aa:192.168.164.233:40993], old=null
2019-10-18 14:34:41,654 [c5b86445-9c87-4edb-b176-8eaf015b94aa@group-50F79935BC6A-LeaderElection31] INFO  impl.RaftServerImpl (RaftServerImpl.java:setRole(184)) - c5b86445-9c87-4edb-b176-8eaf015b94aa@group-50F79935BC6A: changes role from CANDIDATE to FOLLOWER at term 31 for DISCOVERED_A_NEW_TERM
2019-10-18 14:34:41,654 [c5b86445-9c87-4edb-b176-8eaf015b94aa@group-50F79935BC6A-LeaderElection31] INFO  impl.RoleInfo (RoleInfo.java:shutdownLeaderElection(134)) - c5b86445-9c87-4edb-b176-8eaf015b94aa: shutdown LeaderElection
2019-10-18 14:34:41,654 [c5b86445-9c87-4edb-b176-8eaf015b94aa@group-50F79935BC6A-LeaderElection31] INFO  impl.RoleInfo (RoleInfo.java:updateAndGet(143)) - c5b86445-9c87-4edb-b176-8eaf015b94aa: start FollowerState
2019-10-18 14:34:41,659 [Thread-741] INFO  impl.FollowerState (FollowerState.java:run(108)) - c5b86445-9c87-4edb-b176-8eaf015b94aa@group-50F79935BC6A-FollowerState: change to CANDIDATE, lastRpcTime:4ms, electionTimeout:4ms
2019-10-18 14:34:41,659 [Thread-741] INFO  impl.RoleInfo (RoleInfo.java:shutdownFollowerState(121)) - c5b86445-9c87-4edb-b176-8eaf015b94aa: shutdown FollowerState
2019-10-18 14:34:41,659 [Thread-741] INFO  impl.RaftServerImpl (RaftServerImpl.java:setRole(184)) - c5b86445-9c87-4edb-b176-8eaf015b94aa@group-50F79935BC6A: changes role from  FOLLOWER to CANDIDATE at term 31 for changeToCandidate
2019-10-18 14:34:41,659 [Thread-741] INFO  impl.RoleInfo (RoleInfo.java:updateAndGet(143)) - c5b86445-9c87-4edb-b176-8eaf015b94aa: start LeaderElection
2019-10-18 14:34:41,668 [c5b86445-9c87-4edb-b176-8eaf015b94aa@group-50F79935BC6A-LeaderElection32] INFO  impl.LeaderElection (LeaderElection.java:askForVotes(178)) - c5b86445-9c87-4edb-b176-8eaf015b94aa@group-50F79935BC6A-LeaderElection32: begin an election at term 32 for 0: [07da283f-72b3-4610-abc1-72d23674d905:192.168.164.233:38130, c3a3cb61-beea-4a1a-8639-85f6e846679d:192.168.164.233:33135, c5b86445-9c87-4edb-b176-8eaf015b94aa:192.168.164.233:40993], old=null
2019-10-18 14:34:41,670 [grpc-default-executor-0] INFO  impl.RaftServerImpl (RaftServerImpl.java:setRole(184)) - 07da283f-72b3-4610-abc1-72d23674d905@group-50F79935BC6A: changes role from  FOLLOWER to FOLLOWER at term 32 for recognizeCandidate:c5b86445-9c87-4edb-b176-8eaf015b94aa
2019-10-18 14:34:41,670 [grpc-default-executor-3] INFO  impl.RaftServerImpl (RaftServerImpl.java:setRole(184)) - c3a3cb61-beea-4a1a-8639-85f6e846679d@group-50F79935BC6A: changes role from  FOLLOWER to FOLLOWER at term 32 for recognizeCandidate:c5b86445-9c87-4edb-b176-8eaf015b94aa
2019-10-18 14:34:41,671 [grpc-default-executor-0] INFO  impl.RoleInfo (RoleInfo.java:shutdownFollowerState(121)) - 07da283f-72b3-4610-abc1-72d23674d905: shutdown FollowerState
2019-10-18 14:34:41,671 [grpc-default-executor-3] INFO  impl.RoleInfo (RoleInfo.java:shutdownFollowerState(121)) - c3a3cb61-beea-4a1a-8639-85f6e846679d: shutdown FollowerState
2019-10-18 14:34:41,671 [Thread-740] INFO  impl.FollowerState (FollowerState.java:run(117)) - 07da283f-72b3-4610-abc1-72d23674d905@group-50F79935BC6A-FollowerState was interrupted: java.lang.InterruptedException: sleep interrupted
2019-10-18 14:34:41,671 [grpc-default-executor-3] INFO  impl.RoleInfo (RoleInfo.java:updateAndGet(143)) - c3a3cb61-beea-4a1a-8639-85f6e846679d: start FollowerState
2019-10-18 14:34:41,671 [Thread-739] INFO  impl.FollowerState (FollowerState.java:run(117)) - c3a3cb61-beea-4a1a-8639-85f6e846679d@group-50F79935BC6A-FollowerState was interrupted: java.lang.InterruptedException: sleep interrupted
2019-10-18 14:34:41,671 [grpc-default-executor-0] INFO  impl.RoleInfo (RoleInfo.java:updateAndGet(143)) - 07da283f-72b3-4610-abc1-72d23674d905: start FollowerState
2019-10-18 14:34:41,686 [c5b86445-9c87-4edb-b176-8eaf015b94aa@group-50F79935BC6A-LeaderElection32] INFO  impl.LeaderElection (LeaderElection.java:logAndReturn(56)) - c5b86445-9c87-4edb-b176-8eaf015b94aa@group-50F79935BC6A-LeaderElection32: Election REJECTED; received 2 response(s) [c5b86445-9c87-4edb-b176-8eaf015b94aa<-07da283f-72b3-4610-abc1-72d23674d905#0:FAIL-t32, c5b86445-9c87-4edb-b176-8eaf015b94aa<-c3a3cb61-beea-4a1a-8639-85f6e846679d#0:FAIL-t32] and 0 exception(s); c5b86445-9c87-4edb-b176-8eaf015b94aa@group-50F79935BC6A:t32, leader=null, voted=c5b86445-9c87-4edb-b176-8eaf015b94aa, raftlog=c5b86445-9c87-4edb-b176-8eaf015b94aa@group-50F79935BC6A-SegmentedRaftLog:OPENED:c3,f4,i4, conf=0: [07da283f-72b3-4610-abc1-72d23674d905:192.168.164.233:38130, c3a3cb61-beea-4a1a-8639-85f6e846679d:192.168.164.233:33135, c5b86445-9c87-4edb-b176-8eaf015b94aa:192.168.164.233:40993], old=null
2019-10-18 14:34:41,686 [c5b86445-9c87-4edb-b176-8eaf015b94aa@group-50F79935BC6A-LeaderElection32] INFO  impl.RaftServerImpl (RaftServerImpl.java:setRole(184)) - c5b86445-9c87-4edb-b176-8eaf015b94aa@group-50F79935BC6A: changes role from CANDIDATE to FOLLOWER at term 32 for DISCOVERED_A_NEW_TERM
2019-10-18 14:34:41,687 [c5b86445-9c87-4edb-b176-8eaf015b94aa@group-50F79935BC6A-LeaderElection32] INFO  impl.RoleInfo (RoleInfo.java:shutdownLeaderElection(134)) - c5b86445-9c87-4edb-b176-8eaf015b94aa: shutdown LeaderElection
2019-10-18 14:34:41,687 [c5b86445-9c87-4edb-b176-8eaf015b94aa@group-50F79935BC6A-LeaderElection32] INFO  impl.RoleInfo (RoleInfo.java:updateAndGet(143)) - c5b86445-9c87-4edb-b176-8eaf015b94aa: start FollowerState
2019-10-18 14:34:41,839 [Thread-747] INFO  impl.FollowerState (FollowerState.java:run(108)) - c5b86445-9c87-4edb-b176-8eaf015b94aa@group-50F79935BC6A-FollowerState: change to CANDIDATE, lastRpcTime:152ms, electionTimeout:152ms
2019-10-18 14:34:41,839 [Thread-747] INFO  impl.RoleInfo (RoleInfo.java:shutdownFollowerState(121)) - c5b86445-9c87-4edb-b176-8eaf015b94aa: shutdown FollowerState
2019-10-18 14:34:41,839 [Thread-747] INFO  impl.RaftServerImpl (RaftServerImpl.java:setRole(184)) - c5b86445-9c87-4edb-b176-8eaf015b94aa@group-50F79935BC6A: changes role from  FOLLOWER to CANDIDATE at term 32 for changeToCandidate
2019-10-18 14:34:41,840 [Thread-747] INFO  impl.RoleInfo (RoleInfo.java:updateAndGet(143)) - c5b86445-9c87-4edb-b176-8eaf015b94aa: start LeaderElection
2019-10-18 14:34:41,853 [c5b86445-9c87-4edb-b176-8eaf015b94aa@group-50F79935BC6A-LeaderElection33] INFO  impl.LeaderElection (LeaderElection.java:askForVotes(178)) - c5b86445-9c87-4edb-b176-8eaf015b94aa@group-50F79935BC6A-LeaderElection33: begin an election at term 33 for 0: [07da283f-72b3-4610-abc1-72d23674d905:192.168.164.233:38130, c3a3cb61-beea-4a1a-8639-85f6e846679d:192.168.164.233:33135, c5b86445-9c87-4edb-b176-8eaf015b94aa:192.168.164.233:40993], old=null
2019-10-18 14:34:41,856 [grpc-default-executor-3] INFO  impl.RaftServerImpl (RaftServerImpl.java:setRole(184)) - 07da283f-72b3-4610-abc1-72d23674d905@group-50F79935BC6A: changes role from  FOLLOWER to FOLLOWER at term 33 for recognizeCandidate:c5b86445-9c87-4edb-b176-8eaf015b94aa
2019-10-18 14:34:41,856 [grpc-default-executor-0] INFO  impl.RaftServerImpl (RaftServerImpl.java:setRole(184)) - c3a3cb61-beea-4a1a-8639-85f6e846679d@group-50F79935BC6A: changes role from  FOLLOWER to FOLLOWER at term 33 for recognizeCandidate:c5b86445-9c87-4edb-b176-8eaf015b94aa
2019-10-18 14:34:41,856 [grpc-default-executor-3] INFO  impl.RoleInfo (RoleInfo.java:shutdownFollowerState(121)) - 07da283f-72b3-4610-abc1-72d23674d905: shutdown FollowerState
2019-10-18 14:34:41,856 [grpc-default-executor-0] INFO  impl.RoleInfo (RoleInfo.java:shutdownFollowerState(121)) - c3a3cb61-beea-4a1a-8639-85f6e846679d: shutdown FollowerState
2019-10-18 14:34:41,856 [grpc-default-executor-3] INFO  impl.RoleInfo (RoleInfo.java:updateAndGet(143)) - 07da283f-72b3-4610-abc1-72d23674d905: start FollowerState
2019-10-18 14:34:41,856 [Thread-745] INFO  impl.FollowerState (FollowerState.java:run(117)) - 07da283f-72b3-4610-abc1-72d23674d905@group-50F79935BC6A-FollowerState was interrupted: java.lang.InterruptedException: sleep interrupted
2019-10-18 14:34:41,856 [grpc-default-executor-0] INFO  impl.RoleInfo (RoleInfo.java:updateAndGet(143)) - c3a3cb61-beea-4a1a-8639-85f6e846679d: start FollowerState
2019-10-18 14:34:41,856 [Thread-746] INFO  impl.FollowerState (FollowerState.java:run(117)) - c3a3cb61-beea-4a1a-8639-85f6e846679d@group-50F79935BC6A-FollowerState was interrupted: java.lang.InterruptedException: sleep interrupted
2019-10-18 14:34:41,871 [c5b86445-9c87-4edb-b176-8eaf015b94aa@group-50F79935BC6A-LeaderElection33] INFO  impl.LeaderElection (LeaderElection.java:logAndReturn(56)) - c5b86445-9c87-4edb-b176-8eaf015b94aa@group-50F79935BC6A-LeaderElection33: Election REJECTED; received 2 response(s) [c5b86445-9c87-4edb-b176-8eaf015b94aa<-07da283f-72b3-4610-abc1-72d23674d905#0:FAIL-t33, c5b86445-9c87-4edb-b176-8eaf015b94aa<-c3a3cb61-beea-4a1a-8639-85f6e846679d#0:FAIL-t33] and 0 exception(s); c5b86445-9c87-4edb-b176-8eaf015b94aa@group-50F79935BC6A:t33, leader=null, voted=c5b86445-9c87-4edb-b176-8eaf015b94aa, raftlog=c5b86445-9c87-4edb-b176-8eaf015b94aa@group-50F79935BC6A-SegmentedRaftLog:OPENED:c3,f4,i4, conf=0: [07da283f-72b3-4610-abc1-72d23674d905:192.168.164.233:38130, c3a3cb61-beea-4a1a-8639-85f6e846679d:192.168.164.233:33135, c5b86445-9c87-4edb-b176-8eaf015b94aa:192.168.164.233:40993], old=null
2019-10-18 14:34:41,871 [c5b86445-9c87-4edb-b176-8eaf015b94aa@group-50F79935BC6A-LeaderElection33] INFO  impl.RaftServerImpl (RaftServerImpl.java:setRole(184)) - c5b86445-9c87-4edb-b176-8eaf015b94aa@group-50F79935BC6A: changes role from CANDIDATE to FOLLOWER at term 33 for DISCOVERED_A_NEW_TERM
2019-10-18 14:34:41,871 [c5b86445-9c87-4edb-b176-8eaf015b94aa@group-50F79935BC6A-LeaderElection33] INFO  impl.RoleInfo (RoleInfo.java:shutdownLeaderElection(134)) - c5b86445-9c87-4edb-b176-8eaf015b94aa: shutdown LeaderElection
2019-10-18 14:34:41,872 [c5b86445-9c87-4edb-b176-8eaf015b94aa@group-50F79935BC6A-LeaderElection33] INFO  impl.RoleInfo (RoleInfo.java:updateAndGet(143)) - c5b86445-9c87-4edb-b176-8eaf015b94aa: start FollowerState
2019-10-18 14:34:42,016 [Thread-753] INFO  impl.FollowerState (FollowerState.java:run(108)) - c5b86445-9c87-4edb-b176-8eaf015b94aa@group-50F79935BC6A-FollowerState: change to CANDIDATE, lastRpcTime:144ms, electionTimeout:144ms
2019-10-18 14:34:42,016 [Thread-753] INFO  impl.RoleInfo (RoleInfo.java:shutdownFollowerState(121)) - c5b86445-9c87-4edb-b176-8eaf015b94aa: shutdown FollowerState
2019-10-18 14:34:42,016 [Thread-753] INFO  impl.RaftServerImpl (RaftServerImpl.java:setRole(184)) - c5b86445-9c87-4edb-b176-8eaf015b94aa@group-50F79935BC6A: changes role from  FOLLOWER to CANDIDATE at term 33 for changeToCandidate
2019-10-18 14:34:42,017 [Thread-753] INFO  impl.RoleInfo (RoleInfo.java:updateAndGet(143)) - c5b86445-9c87-4edb-b176-8eaf015b94aa: start LeaderElection
2019-10-18 14:34:42,030 [c5b86445-9c87-4edb-b176-8eaf015b94aa@group-50F79935BC6A-LeaderElection34] INFO  impl.LeaderElection (LeaderElection.java:askForVotes(178)) - c5b86445-9c87-4edb-b176-8eaf015b94aa@group-50F79935BC6A-LeaderElection34: begin an election at term 34 for 0: [07da283f-72b3-4610-abc1-72d23674d905:192.168.164.233:38130, c3a3cb61-beea-4a1a-8639-85f6e846679d:192.168.164.233:33135, c5b86445-9c87-4edb-b176-8eaf015b94aa:192.168.164.233:40993], old=null
2019-10-18 14:34:42,033 [grpc-default-executor-3] INFO  impl.RaftServerImpl (RaftServerImpl.java:setRole(184)) - c3a3cb61-beea-4a1a-8639-85f6e846679d@group-50F79935BC6A: changes role from  FOLLOWER to FOLLOWER at term 34 for recognizeCandidate:c5b86445-9c87-4edb-b176-8eaf015b94aa
2019-10-18 14:34:42,033 [grpc-default-executor-0] INFO  impl.RaftServerImpl (RaftServerImpl.java:setRole(184)) - 07da283f-72b3-4610-abc1-72d23674d905@group-50F79935BC6A: changes role from  FOLLOWER to FOLLOWER at term 34 for recognizeCandidate:c5b86445-9c87-4edb-b176-8eaf015b94aa
2019-10-18 14:34:42,034 [grpc-default-executor-3] INFO  impl.RoleInfo (RoleInfo.java:shutdownFollowerState(121)) - c3a3cb61-beea-4a1a-8639-85f6e846679d: shutdown FollowerState
2019-10-18 14:34:42,034 [grpc-default-executor-0] INFO  impl.RoleInfo (RoleInfo.java:shutdownFollowerState(121)) - 07da283f-72b3-4610-abc1-72d23674d905: shutdown FollowerState
2019-10-18 14:34:42,034 [Thread-752] INFO  impl.FollowerState (FollowerState.java:run(117)) - c3a3cb61-beea-4a1a-8639-85f6e846679d@group-50F79935BC6A-FollowerState was interrupted: java.lang.InterruptedException: sleep interrupted
2019-10-18 14:34:42,034 [grpc-default-executor-0] INFO  impl.RoleInfo (RoleInfo.java:updateAndGet(143)) - 07da283f-72b3-4610-abc1-72d23674d905: start FollowerState
2019-10-18 14:34:42,034 [grpc-default-executor-3] INFO  impl.RoleInfo (RoleInfo.java:updateAndGet(143)) - c3a3cb61-beea-4a1a-8639-85f6e846679d: start FollowerState
2019-10-18 14:34:42,034 [Thread-751] INFO  impl.FollowerState (FollowerState.java:run(117)) - 07da283f-72b3-4610-abc1-72d23674d905@group-50F79935BC6A-FollowerState was interrupted: java.lang.InterruptedException: sleep interrupted
2019-10-18 14:34:42,049 [c5b86445-9c87-4edb-b176-8eaf015b94aa@group-50F79935BC6A-LeaderElection34] INFO  impl.LeaderElection (LeaderElection.java:logAndReturn(56)) - c5b86445-9c87-4edb-b176-8eaf015b94aa@group-50F79935BC6A-LeaderElection34: Election REJECTED; received 2 response(s) [c5b86445-9c87-4edb-b176-8eaf015b94aa<-07da283f-72b3-4610-abc1-72d23674d905#0:FAIL-t34, c5b86445-9c87-4edb-b176-8eaf015b94aa<-c3a3cb61-beea-4a1a-8639-85f6e846679d#0:FAIL-t34] and 0 exception(s); c5b86445-9c87-4edb-b176-8eaf015b94aa@group-50F79935BC6A:t34, leader=null, voted=c5b86445-9c87-4edb-b176-8eaf015b94aa, raftlog=c5b86445-9c87-4edb-b176-8eaf015b94aa@group-50F79935BC6A-SegmentedRaftLog:OPENED:c3,f4,i4, conf=0: [07da283f-72b3-4610-abc1-72d23674d905:192.168.164.233:38130, c3a3cb61-beea-4a1a-8639-85f6e846679d:192.168.164.233:33135, c5b86445-9c87-4edb-b176-8eaf015b94aa:192.168.164.233:40993], old=null
2019-10-18 14:34:42,049 [c5b86445-9c87-4edb-b176-8eaf015b94aa@group-50F79935BC6A-LeaderElection34] INFO  impl.RaftServerImpl (RaftServerImpl.java:setRole(184)) - c5b86445-9c87-4edb-b176-8eaf015b94aa@group-50F79935BC6A: changes role from CANDIDATE to FOLLOWER at term 34 for DISCOVERED_A_NEW_TERM
2019-10-18 14:34:42,049 [c5b86445-9c87-4edb-b176-8eaf015b94aa@group-50F79935BC6A-LeaderElection34] INFO  impl.RoleInfo (RoleInfo.java:shutdownLeaderElection(134)) - c5b86445-9c87-4edb-b176-8eaf015b94aa: shutdown LeaderElection
2019-10-18 14:34:42,049 [c5b86445-9c87-4edb-b176-8eaf015b94aa@group-50F79935BC6A-LeaderElection34] INFO  impl.RoleInfo (RoleInfo.java:updateAndGet(143)) - c5b86445-9c87-4edb-b176-8eaf015b94aa: start FollowerState
2019-10-18 14:34:42,105 [EventQueue-PendingDeleteStatusForPendingDeleteHandler] INFO  block.SCMBlockDeletingService (SCMBlockDeletingService.java:handlePendingDeletes(115)) - Block deletion txnID mismatch in datanode c5b86445-9c87-4edb-b176-8eaf015b94aa for containerID 1. Datanode delete txnID: 0, SCM txnID: 1
2019-10-18 14:34:42,195 [pool-7-thread-5] INFO  commands.RetriableDatanodeEventWatcher (RetriableDatanodeEventWatcher.java:onTimeout(47)) - RetriableDatanodeCommand type=deleteBlocksCommand with id=1571409275199 timed out. Retrying.
2019-10-18 14:34:42,198 [pool-7-thread-5] INFO  commands.RetriableDatanodeEventWatcher (RetriableDatanodeEventWatcher.java:onTimeout(47)) - RetriableDatanodeCommand type=deleteBlocksCommand with id=1571409275198 timed out. Retrying.
2019-10-18 14:34:42,198 [pool-7-thread-3] INFO  commands.RetriableDatanodeEventWatcher (RetriableDatanodeEventWatcher.java:onTimeout(47)) - RetriableDatanodeCommand type=deleteBlocksCommand with id=1571409275192 timed out. Retrying.
2019-10-18 14:34:42,199 [pool-7-thread-3] INFO  commands.RetriableDatanodeEventWatcher (RetriableDatanodeEventWatcher.java:onTimeout(47)) - RetriableDatanodeCommand type=deleteBlocksCommand with id=1571409275201 timed out. Retrying.
2019-10-18 14:34:42,199 [pool-7-thread-2] INFO  commands.RetriableDatanodeEventWatcher (RetriableDatanodeEventWatcher.java:onTimeout(47)) - RetriableDatanodeCommand type=deleteBlocksCommand with id=1571409275194 timed out. Retrying.
2019-10-18 14:34:42,199 [pool-7-thread-5] INFO  commands.RetriableDatanodeEventWatcher (RetriableDatanodeEventWatcher.java:onTimeout(47)) - RetriableDatanodeCommand type=deleteBlocksCommand with id=1571409275200 timed out. Retrying.
2019-10-18 14:34:42,199 [pool-7-thread-6] INFO  commands.RetriableDatanodeEventWatcher (RetriableDatanodeEventWatcher.java:onTimeout(47)) - RetriableDatanodeCommand type=deleteBlocksCommand with id=1571409275196 timed out. Retrying.
2019-10-18 14:34:42,199 [SCMBlockDeletingService#0] INFO  block.SCMBlockDeletingService (SCMBlockDeletingService.java:call(184)) - Totally added 1 delete blocks command for 1 datanodes, task elapsed time: 0ms
2019-10-18 14:34:42,200 [grpc-default-executor-0] INFO  impl.RaftServerProxy (RaftServerProxy.java:addNew(89)) - c5b86445-9c87-4edb-b176-8eaf015b94aa: addNew group-7758AFF42F36:[c5b86445-9c87-4edb-b176-8eaf015b94aa:192.168.164.233:40993] returns group-7758AFF42F36:java.util.concurrent.CompletableFuture@1cdc190b[Not completed]
2019-10-18 14:34:42,202 [pool-59-thread-1] INFO  impl.RaftServerImpl (RaftServerImpl.java:<init>(104)) - c5b86445-9c87-4edb-b176-8eaf015b94aa: new RaftServerImpl for group-7758AFF42F36:[c5b86445-9c87-4edb-b176-8eaf015b94aa:192.168.164.233:40993] with ContainerStateMachine:uninitialized
2019-10-18 14:34:42,202 [pool-59-thread-1] INFO  server.RaftServerConfigKeys (ConfUtils.java:logGet(43)) - raft.server.rpc.timeout.min = 5s (custom)
2019-10-18 14:34:42,202 [pool-59-thread-1] INFO  server.RaftServerConfigKeys (ConfUtils.java:logGet(43)) - raft.server.rpc.timeout.max = 5200ms (custom)
2019-10-18 14:34:42,202 [pool-59-thread-1] INFO  server.RaftServerConfigKeys (ConfUtils.java:logGet(43)) - raft.server.rpcslowness.timeout = 1000s (custom)
2019-10-18 14:34:42,202 [pool-59-thread-1] INFO  server.RaftServerConfigKeys (ConfUtils.java:logGet(43)) - raft.server.sleep.deviation.threshold = 300 (default)
2019-10-18 14:34:42,202 [pool-59-thread-1] INFO  server.RaftServerConfigKeys (ConfUtils.java:logGet(43)) - raft.server.log.appender.install.snapshot.enabled = false (custom)
2019-10-18 14:34:42,202 [pool-59-thread-1] INFO  impl.RaftServerImpl (ServerState.java:<init>(103)) - c5b86445-9c87-4edb-b176-8eaf015b94aa@group-7758AFF42F36: ConfigurationManager, init=-1: [c5b86445-9c87-4edb-b176-8eaf015b94aa:192.168.164.233:40993], old=null, confs=<EMPTY_MAP>
2019-10-18 14:34:42,203 [pool-59-thread-1] INFO  server.RaftServerConfigKeys (ConfUtils.java:logGet(43)) - raft.server.storage.dir = [/workdir/hadoop-ozone/integration-test/target/test-dir/MiniOzoneClusterImpl-f465728d-d17c-4acf-bac7-b15b0ed995a5/datanode-1/data/ratis] (custom)
2019-10-18 14:34:42,203 [pool-59-thread-1] INFO  server.RaftServerConfigKeys (ConfUtils.java:logGet(43)) - raft.server.log.corruption.policy = EXCEPTION (default)
2019-10-18 14:34:42,203 [pool-59-thread-1] INFO  storage.RaftStorageDirectory (RaftStorageDirectory.java:analyzeStorage(246)) - The storage directory /workdir/hadoop-ozone/integration-test/target/test-dir/MiniOzoneClusterImpl-f465728d-d17c-4acf-bac7-b15b0ed995a5/datanode-1/data/ratis/52d42663-64d7-4a0c-924c-7758aff42f36 does not exist. Creating ...
2019-10-18 14:34:42,216 [Thread-759] INFO  impl.FollowerState (FollowerState.java:run(108)) - c5b86445-9c87-4edb-b176-8eaf015b94aa@group-50F79935BC6A-FollowerState: change to CANDIDATE, lastRpcTime:166ms, electionTimeout:166ms
2019-10-18 14:34:42,216 [Thread-759] INFO  impl.RoleInfo (RoleInfo.java:shutdownFollowerState(121)) - c5b86445-9c87-4edb-b176-8eaf015b94aa: shutdown FollowerState
2019-10-18 14:34:42,216 [Thread-759] INFO  impl.RaftServerImpl (RaftServerImpl.java:setRole(184)) - c5b86445-9c87-4edb-b176-8eaf015b94aa@group-50F79935BC6A: changes role from  FOLLOWER to CANDIDATE at term 34 for changeToCandidate
2019-10-18 14:34:42,216 [pool-59-thread-1] INFO  storage.RaftStorageDirectory (RaftStorageDirectory.java:tryLock(328)) - Lock on /workdir/hadoop-ozone/integration-test/target/test-dir/MiniOzoneClusterImpl-f465728d-d17c-4acf-bac7-b15b0ed995a5/datanode-1/data/ratis/52d42663-64d7-4a0c-924c-7758aff42f36/in_use.lock acquired by nodename 8290@pr-hdds-2327-vtdmt-1103746116
2019-10-18 14:34:42,216 [Thread-759] INFO  impl.RoleInfo (RoleInfo.java:updateAndGet(143)) - c5b86445-9c87-4edb-b176-8eaf015b94aa: start LeaderElection
2019-10-18 14:34:42,230 [pool-59-thread-1] INFO  storage.RaftStorage (RaftStorage.java:format(84)) - Storage directory /workdir/hadoop-ozone/integration-test/target/test-dir/MiniOzoneClusterImpl-f465728d-d17c-4acf-bac7-b15b0ed995a5/datanode-1/data/ratis/52d42663-64d7-4a0c-924c-7758aff42f36 has been successfully formatted.
2019-10-18 14:34:42,230 [c5b86445-9c87-4edb-b176-8eaf015b94aa@group-50F79935BC6A-LeaderElection35] INFO  impl.LeaderElection (LeaderElection.java:askForVotes(178)) - c5b86445-9c87-4edb-b176-8eaf015b94aa@group-50F79935BC6A-LeaderElection35: begin an election at term 35 for 0: [07da283f-72b3-4610-abc1-72d23674d905:192.168.164.233:38130, c3a3cb61-beea-4a1a-8639-85f6e846679d:192.168.164.233:33135, c5b86445-9c87-4edb-b176-8eaf015b94aa:192.168.164.233:40993], old=null
2019-10-18 14:34:42,230 [pool-59-thread-1] INFO  ratis.ContainerStateMachine (ContainerStateMachine.java:loadSnapshot(231)) - group-7758AFF42F36: The snapshot info is null. Setting the last applied indexto:(t:0, i:~)
2019-10-18 14:34:42,230 [pool-59-thread-1] INFO  server.RaftServerConfigKeys (ConfUtils.java:logGet(43)) - raft.server.notification.no-leader.timeout = 1000s (custom)
2019-10-18 14:34:42,230 [pool-59-thread-1] INFO  server.RaftServerConfigKeys (ConfUtils.java:logGet(43)) - raft.server.log.use.memory = false (default)
2019-10-18 14:34:42,230 [pool-59-thread-1] INFO  server.RaftServerConfigKeys (ConfUtils.java:logGet(43)) - raft.server.log.purge.gap = 1000000 (custom)
2019-10-18 14:34:42,230 [pool-59-thread-1] INFO  server.RaftServerConfigKeys (ConfUtils.java:logGet(43)) - raft.server.log.appender.buffer.byte-limit = 33554432 (custom)
2019-10-18 14:34:42,230 [pool-59-thread-1] INFO  server.RaftServerConfigKeys (ConfUtils.java:logGet(43)) - raft.server.log.segment.size.max = 1048576 (custom)
2019-10-18 14:34:42,231 [pool-59-thread-1] INFO  server.RaftServerConfigKeys (ConfUtils.java:logGet(43)) - raft.server.log.segment.cache.num.max = 2 (custom)
2019-10-18 14:34:42,231 [pool-59-thread-1] INFO  segmented.SegmentedRaftLogWorker (SegmentedRaftLogWorker.java:<init>(173)) - new c5b86445-9c87-4edb-b176-8eaf015b94aa@group-7758AFF42F36-SegmentedRaftLogWorker for RaftStorage:Storage Directory /workdir/hadoop-ozone/integration-test/target/test-dir/MiniOzoneClusterImpl-f465728d-d17c-4acf-bac7-b15b0ed995a5/datanode-1/data/ratis/52d42663-64d7-4a0c-924c-7758aff42f36
2019-10-18 14:34:42,231 [pool-59-thread-1] INFO  server.RaftServerConfigKeys (ConfUtils.java:logGet(43)) - raft.server.log.queue.byte-limit = 2147483647 (custom)
2019-10-18 14:34:42,231 [pool-59-thread-1] INFO  server.RaftServerConfigKeys (ConfUtils.java:logGet(43)) - raft.server.log.queue.element-limit = 1024 (custom)
2019-10-18 14:34:42,231 [pool-59-thread-1] INFO  server.RaftServerConfigKeys (ConfUtils.java:logGet(43)) - raft.server.log.segment.size.max = 1048576 (custom)
2019-10-18 14:34:42,231 [pool-59-thread-1] INFO  server.RaftServerConfigKeys (ConfUtils.java:logGet(43)) - raft.server.log.preallocated.size = 16384 (custom)
2019-10-18 14:34:42,231 [pool-59-thread-1] INFO  server.RaftServerConfigKeys (ConfUtils.java:logGet(43)) - raft.server.log.write.buffer.size = 33554432 (custom)
2019-10-18 14:34:42,231 [pool-59-thread-1] INFO  server.RaftServerConfigKeys (ConfUtils.java:logGet(43)) - raft.server.log.force.sync.num = 128 (default)
2019-10-18 14:34:42,231 [pool-59-thread-1] INFO  server.RaftServerConfigKeys (ConfUtils.java:logGet(43)) - raft.server.log.statemachine.data.sync = true (default)
2019-10-18 14:34:42,231 [pool-59-thread-1] INFO  server.RaftServerConfigKeys (ConfUtils.java:logGet(43)) - raft.server.log.statemachine.data.sync.timeout = 10s (default)
2019-10-18 14:34:42,231 [pool-59-thread-1] INFO  server.RaftServerConfigKeys (ConfUtils.java:logGet(43)) - raft.server.log.statemachine.data.sync.timeout.retry = -1 (default)
2019-10-18 14:34:42,232 [pool-59-thread-1] INFO  server.RaftServerConfigKeys (ConfUtils.java:logGet(43)) - raft.server.log.statemachine.data.caching.enabled = true (custom)
2019-10-18 14:34:42,232 [pool-59-thread-1] INFO  segmented.SegmentedRaftLogWorker (SegmentedRaftLogWorker.java:lambda$new$0(128)) - c5b86445-9c87-4edb-b176-8eaf015b94aa@group-7758AFF42F36-SegmentedRaftLogWorker: flushIndex: setUnconditionally 0 -> -1
2019-10-18 14:34:42,232 [grpc-default-executor-0] INFO  impl.RaftServerImpl (RaftServerImpl.java:setRole(184)) - 07da283f-72b3-4610-abc1-72d23674d905@group-50F79935BC6A: changes role from  FOLLOWER to FOLLOWER at term 35 for recognizeCandidate:c5b86445-9c87-4edb-b176-8eaf015b94aa
2019-10-18 14:34:42,232 [grpc-default-executor-3] INFO  impl.RaftServerImpl (RaftServerImpl.java:setRole(184)) - c3a3cb61-beea-4a1a-8639-85f6e846679d@group-50F79935BC6A: changes role from  FOLLOWER to FOLLOWER at term 35 for recognizeCandidate:c5b86445-9c87-4edb-b176-8eaf015b94aa
2019-10-18 14:34:42,232 [pool-59-thread-1] INFO  server.RaftServerConfigKeys (ConfUtils.java:logGet(43)) - raft.server.snapshot.auto.trigger.enabled = true (custom)
2019-10-18 14:34:42,232 [grpc-default-executor-3] INFO  impl.RoleInfo (RoleInfo.java:shutdownFollowerState(121)) - c3a3cb61-beea-4a1a-8639-85f6e846679d: shutdown FollowerState
2019-10-18 14:34:42,232 [grpc-default-executor-0] INFO  impl.RoleInfo (RoleInfo.java:shutdownFollowerState(121)) - 07da283f-72b3-4610-abc1-72d23674d905: shutdown FollowerState
2019-10-18 14:34:42,233 [grpc-default-executor-3] INFO  impl.RoleInfo (RoleInfo.java:updateAndGet(143)) - c3a3cb61-beea-4a1a-8639-85f6e846679d: start FollowerState
2019-10-18 14:34:42,233 [Thread-758] INFO  impl.FollowerState (FollowerState.java:run(117)) - 07da283f-72b3-4610-abc1-72d23674d905@group-50F79935BC6A-FollowerState was interrupted: java.lang.InterruptedException: sleep interrupted
2019-10-18 14:34:42,232 [pool-59-thread-1] INFO  server.RaftServerConfigKeys (ConfUtils.java:logGet(43)) - raft.server.snapshot.auto.trigger.threshold = 10000 (custom)
2019-10-18 14:34:42,233 [grpc-default-executor-0] INFO  impl.RoleInfo (RoleInfo.java:updateAndGet(143)) - 07da283f-72b3-4610-abc1-72d23674d905: start FollowerState
2019-10-18 14:34:42,233 [Thread-757] INFO  impl.FollowerState (FollowerState.java:run(117)) - c3a3cb61-beea-4a1a-8639-85f6e846679d@group-50F79935BC6A-FollowerState was interrupted: java.lang.InterruptedException: sleep interrupted
2019-10-18 14:34:42,233 [pool-59-thread-1] INFO  server.RaftServerConfigKeys (ConfUtils.java:logGet(43)) - raft.server.snapshot.retention.file.num = 5 (custom)
2019-10-18 14:34:42,233 [pool-59-thread-1] INFO  server.RaftServerConfigKeys (ConfUtils.java:logGet(43)) - raft.server.retrycache.expirytime = 600000ms (custom)
2019-10-18 14:34:42,235 [pool-59-thread-1] INFO  impl.RaftServerImpl (RaftServerImpl.java:start(195)) - c5b86445-9c87-4edb-b176-8eaf015b94aa@group-7758AFF42F36: start as a follower, conf=-1: [c5b86445-9c87-4edb-b176-8eaf015b94aa:192.168.164.233:40993], old=null
2019-10-18 14:34:42,236 [pool-59-thread-1] INFO  impl.RaftServerImpl (RaftServerImpl.java:setRole(184)) - c5b86445-9c87-4edb-b176-8eaf015b94aa@group-7758AFF42F36: changes role from      null to FOLLOWER at term 0 for startAsFollower
2019-10-18 14:34:42,236 [pool-59-thread-1] INFO  impl.RoleInfo (RoleInfo.java:updateAndGet(143)) - c5b86445-9c87-4edb-b176-8eaf015b94aa: start FollowerState
2019-10-18 14:34:42,236 [pool-59-thread-1] INFO  util.JmxRegister (JmxRegister.java:tryRegister(44)) - Successfully registered JMX Bean with object name Ratis:service=RaftServer,group=group-7758AFF42F36,id=c5b86445-9c87-4edb-b176-8eaf015b94aa
2019-10-18 14:34:42,242 [RatisPipelineUtilsThread] INFO  pipeline.PipelineStateManager (PipelineStateManager.java:addPipeline(56)) - Created pipeline Pipeline[ Id: 52d42663-64d7-4a0c-924c-7758aff42f36, Nodes: c5b86445-9c87-4edb-b176-8eaf015b94aa{ip: 192.168.164.233, host: pr-hdds-2327-vtdmt-1103746116, networkLocation: /default-rack, certSerialId: null}, Type:RATIS, Factor:ONE, State:OPEN]
2019-10-18 14:34:42,250 [c5b86445-9c87-4edb-b176-8eaf015b94aa@group-50F79935BC6A-LeaderElection35] INFO  impl.LeaderElection (LeaderElection.java:logAndReturn(56)) - c5b86445-9c87-4edb-b176-8eaf015b94aa@group-50F79935BC6A-LeaderElection35: Election REJECTED; received 2 response(s) [c5b86445-9c87-4edb-b176-8eaf015b94aa<-07da283f-72b3-4610-abc1-72d23674d905#0:FAIL-t35, c5b86445-9c87-4edb-b176-8eaf015b94aa<-c3a3cb61-beea-4a1a-8639-85f6e846679d#0:FAIL-t35] and 0 exception(s); c5b86445-9c87-4edb-b176-8eaf015b94aa@group-50F79935BC6A:t35, leader=null, voted=c5b86445-9c87-4edb-b176-8eaf015b94aa, raftlog=c5b86445-9c87-4edb-b176-8eaf015b94aa@group-50F79935BC6A-SegmentedRaftLog:OPENED:c3,f4,i4, conf=0: [07da283f-72b3-4610-abc1-72d23674d905:192.168.164.233:38130, c3a3cb61-beea-4a1a-8639-85f6e846679d:192.168.164.233:33135, c5b86445-9c87-4edb-b176-8eaf015b94aa:192.168.164.233:40993], old=null
2019-10-18 14:34:42,251 [c5b86445-9c87-4edb-b176-8eaf015b94aa@group-50F79935BC6A-LeaderElection35] INFO  impl.RaftServerImpl (RaftServerImpl.java:setRole(184)) - c5b86445-9c87-4edb-b176-8eaf015b94aa@group-50F79935BC6A: changes role from CANDIDATE to FOLLOWER at term 35 for DISCOVERED_A_NEW_TERM
2019-10-18 14:34:42,251 [c5b86445-9c87-4edb-b176-8eaf015b94aa@group-50F79935BC6A-LeaderElection35] INFO  impl.RoleInfo (RoleInfo.java:shutdownLeaderElection(134)) - c5b86445-9c87-4edb-b176-8eaf015b94aa: shutdown LeaderElection
2019-10-18 14:34:42,252 [c5b86445-9c87-4edb-b176-8eaf015b94aa@group-50F79935BC6A-LeaderElection35] INFO  impl.RoleInfo (RoleInfo.java:updateAndGet(143)) - c5b86445-9c87-4edb-b176-8eaf015b94aa: start FollowerState
2019-10-18 14:34:42,254 [grpc-default-executor-0] INFO  impl.RaftServerProxy (RaftServerProxy.java:addNew(89)) - 07da283f-72b3-4610-abc1-72d23674d905: addNew group-063946E92607:[07da283f-72b3-4610-abc1-72d23674d905:192.168.164.233:38130, c3a3cb61-beea-4a1a-8639-85f6e846679d:192.168.164.233:33135, c5b86445-9c87-4edb-b176-8eaf015b94aa:192.168.164.233:40993] returns group-063946E92607:java.util.concurrent.CompletableFuture@71b51a65[Not completed]
2019-10-18 14:34:42,254 [grpc-default-executor-2] INFO  impl.RaftServerProxy (RaftServerProxy.java:addNew(89)) - c3a3cb61-beea-4a1a-8639-85f6e846679d: addNew group-063946E92607:[07da283f-72b3-4610-abc1-72d23674d905:192.168.164.233:38130, c3a3cb61-beea-4a1a-8639-85f6e846679d:192.168.164.233:33135, c5b86445-9c87-4edb-b176-8eaf015b94aa:192.168.164.233:40993] returns group-063946E92607:java.util.concurrent.CompletableFuture@7037baf0[Not completed]
2019-10-18 14:34:42,255 [grpc-default-executor-4] INFO  impl.RaftServerProxy (RaftServerProxy.java:addNew(89)) - c5b86445-9c87-4edb-b176-8eaf015b94aa: addNew group-063946E92607:[07da283f-72b3-4610-abc1-72d23674d905:192.168.164.233:38130, c3a3cb61-beea-4a1a-8639-85f6e846679d:192.168.164.233:33135, c5b86445-9c87-4edb-b176-8eaf015b94aa:192.168.164.233:40993] returns group-063946E92607:java.util.concurrent.CompletableFuture@28397739[Not completed]
2019-10-18 14:34:42,256 [pool-27-thread-1] INFO  impl.RaftServerImpl (RaftServerImpl.java:<init>(104)) - c3a3cb61-beea-4a1a-8639-85f6e846679d: new RaftServerImpl for group-063946E92607:[07da283f-72b3-4610-abc1-72d23674d905:192.168.164.233:38130, c3a3cb61-beea-4a1a-8639-85f6e846679d:192.168.164.233:33135, c5b86445-9c87-4edb-b176-8eaf015b94aa:192.168.164.233:40993] with ContainerStateMachine:uninitialized
2019-10-18 14:34:42,256 [pool-27-thread-1] INFO  server.RaftServerConfigKeys (ConfUtils.java:logGet(43)) - raft.server.rpc.timeout.min = 5s (custom)
2019-10-18 14:34:42,256 [pool-27-thread-1] INFO  server.RaftServerConfigKeys (ConfUtils.java:logGet(43)) - raft.server.rpc.timeout.max = 5200ms (custom)
2019-10-18 14:34:42,256 [pool-27-thread-1] INFO  server.RaftServerConfigKeys (ConfUtils.java:logGet(43)) - raft.server.rpcslowness.timeout = 1000s (custom)
2019-10-18 14:34:42,256 [pool-27-thread-1] INFO  server.RaftServerConfigKeys (ConfUtils.java:logGet(43)) - raft.server.sleep.deviation.threshold = 300 (default)
2019-10-18 14:34:42,256 [pool-27-thread-1] INFO  server.RaftServerConfigKeys (ConfUtils.java:logGet(43)) - raft.server.log.appender.install.snapshot.enabled = false (custom)
2019-10-18 14:34:42,256 [pool-27-thread-1] INFO  impl.RaftServerImpl (ServerState.java:<init>(103)) - c3a3cb61-beea-4a1a-8639-85f6e846679d@group-063946E92607: ConfigurationManager, init=-1: [07da283f-72b3-4610-abc1-72d23674d905:192.168.164.233:38130, c3a3cb61-beea-4a1a-8639-85f6e846679d:192.168.164.233:33135, c5b86445-9c87-4edb-b176-8eaf015b94aa:192.168.164.233:40993], old=null, confs=<EMPTY_MAP>
2019-10-18 14:34:42,256 [pool-27-thread-1] INFO  server.RaftServerConfigKeys (ConfUtils.java:logGet(43)) - raft.server.storage.dir = [/workdir/hadoop-ozone/integration-test/target/test-dir/MiniOzoneClusterImpl-f465728d-d17c-4acf-bac7-b15b0ed995a5/datanode-0/data/ratis] (custom)
2019-10-18 14:34:42,257 [pool-27-thread-1] INFO  server.RaftServerConfigKeys (ConfUtils.java:logGet(43)) - raft.server.log.corruption.policy = EXCEPTION (default)
2019-10-18 14:34:42,257 [pool-47-thread-1] INFO  impl.RaftServerImpl (RaftServerImpl.java:<init>(104)) - 07da283f-72b3-4610-abc1-72d23674d905: new RaftServerImpl for group-063946E92607:[07da283f-72b3-4610-abc1-72d23674d905:192.168.164.233:38130, c3a3cb61-beea-4a1a-8639-85f6e846679d:192.168.164.233:33135, c5b86445-9c87-4edb-b176-8eaf015b94aa:192.168.164.233:40993] with ContainerStateMachine:uninitialized
2019-10-18 14:34:42,257 [pool-27-thread-1] INFO  storage.RaftStorageDirectory (RaftStorageDirectory.java:analyzeStorage(246)) - The storage directory /workdir/hadoop-ozone/integration-test/target/test-dir/MiniOzoneClusterImpl-f465728d-d17c-4acf-bac7-b15b0ed995a5/datanode-0/data/ratis/003f86dc-2db6-4654-9bbf-063946e92607 does not exist. Creating ...
2019-10-18 14:34:42,257 [pool-47-thread-1] INFO  server.RaftServerConfigKeys (ConfUtils.java:logGet(43)) - raft.server.rpc.timeout.min = 5s (custom)
2019-10-18 14:34:42,257 [pool-47-thread-1] INFO  server.RaftServerConfigKeys (ConfUtils.java:logGet(43)) - raft.server.rpc.timeout.max = 5200ms (custom)
2019-10-18 14:34:42,257 [pool-59-thread-1] INFO  impl.RaftServerImpl (RaftServerImpl.java:<init>(104)) - c5b86445-9c87-4edb-b176-8eaf015b94aa: new RaftServerImpl for group-063946E92607:[07da283f-72b3-4610-abc1-72d23674d905:192.168.164.233:38130, c3a3cb61-beea-4a1a-8639-85f6e846679d:192.168.164.233:33135, c5b86445-9c87-4edb-b176-8eaf015b94aa:192.168.164.233:40993] with ContainerStateMachine:uninitialized
2019-10-18 14:34:42,257 [pool-47-thread-1] INFO  server.RaftServerConfigKeys (ConfUtils.java:logGet(43)) - raft.server.rpcslowness.timeout = 1000s (custom)
2019-10-18 14:34:42,257 [pool-59-thread-1] INFO  server.RaftServerConfigKeys (ConfUtils.java:logGet(43)) - raft.server.rpc.timeout.min = 5s (custom)
2019-10-18 14:34:42,257 [pool-47-thread-1] INFO  server.RaftServerConfigKeys (ConfUtils.java:logGet(43)) - raft.server.sleep.deviation.threshold = 300 (default)
2019-10-18 14:34:42,258 [pool-59-thread-1] INFO  server.RaftServerConfigKeys (ConfUtils.java:logGet(43)) - raft.server.rpc.timeout.max = 5200ms (custom)
2019-10-18 14:34:42,258 [pool-47-thread-1] INFO  server.RaftServerConfigKeys (ConfUtils.java:logGet(43)) - raft.server.log.appender.install.snapshot.enabled = false (custom)
2019-10-18 14:34:42,258 [pool-59-thread-1] INFO  server.RaftServerConfigKeys (ConfUtils.java:logGet(43)) - raft.server.rpcslowness.timeout = 1000s (custom)
2019-10-18 14:34:42,258 [pool-47-thread-1] INFO  impl.RaftServerImpl (ServerState.java:<init>(103)) - 07da283f-72b3-4610-abc1-72d23674d905@group-063946E92607: ConfigurationManager, init=-1: [07da283f-72b3-4610-abc1-72d23674d905:192.168.164.233:38130, c3a3cb61-beea-4a1a-8639-85f6e846679d:192.168.164.233:33135, c5b86445-9c87-4edb-b176-8eaf015b94aa:192.168.164.233:40993], old=null, confs=<EMPTY_MAP>
2019-10-18 14:34:42,258 [pool-59-thread-1] INFO  server.RaftServerConfigKeys (ConfUtils.java:logGet(43)) - raft.server.sleep.deviation.threshold = 300 (default)
2019-10-18 14:34:42,258 [pool-47-thread-1] INFO  server.RaftServerConfigKeys (ConfUtils.java:logGet(43)) - raft.server.storage.dir = [/workdir/hadoop-ozone/integration-test/target/test-dir/MiniOzoneClusterImpl-f465728d-d17c-4acf-bac7-b15b0ed995a5/datanode-2/data/ratis] (custom)
2019-10-18 14:34:42,258 [pool-59-thread-1] INFO  server.RaftServerConfigKeys (ConfUtils.java:logGet(43)) - raft.server.log.appender.install.snapshot.enabled = false (custom)
2019-10-18 14:34:42,258 [pool-59-thread-1] INFO  impl.RaftServerImpl (ServerState.java:<init>(103)) - c5b86445-9c87-4edb-b176-8eaf015b94aa@group-063946E92607: ConfigurationManager, init=-1: [07da283f-72b3-4610-abc1-72d23674d905:192.168.164.233:38130, c3a3cb61-beea-4a1a-8639-85f6e846679d:192.168.164.233:33135, c5b86445-9c87-4edb-b176-8eaf015b94aa:192.168.164.233:40993], old=null, confs=<EMPTY_MAP>
2019-10-18 14:34:42,258 [pool-47-thread-1] INFO  server.RaftServerConfigKeys (ConfUtils.java:logGet(43)) - raft.server.log.corruption.policy = EXCEPTION (default)
2019-10-18 14:34:42,258 [pool-59-thread-1] INFO  server.RaftServerConfigKeys (ConfUtils.java:logGet(43)) - raft.server.storage.dir = [/workdir/hadoop-ozone/integration-test/target/test-dir/MiniOzoneClusterImpl-f465728d-d17c-4acf-bac7-b15b0ed995a5/datanode-1/data/ratis] (custom)
2019-10-18 14:34:42,258 [pool-47-thread-1] INFO  storage.RaftStorageDirectory (RaftStorageDirectory.java:analyzeStorage(246)) - The storage directory /workdir/hadoop-ozone/integration-test/target/test-dir/MiniOzoneClusterImpl-f465728d-d17c-4acf-bac7-b15b0ed995a5/datanode-2/data/ratis/003f86dc-2db6-4654-9bbf-063946e92607 does not exist. Creating ...
2019-10-18 14:34:42,259 [pool-59-thread-1] INFO  server.RaftServerConfigKeys (ConfUtils.java:logGet(43)) - raft.server.log.corruption.policy = EXCEPTION (default)
2019-10-18 14:34:42,259 [pool-59-thread-1] INFO  storage.RaftStorageDirectory (RaftStorageDirectory.java:analyzeStorage(246)) - The storage directory /workdir/hadoop-ozone/integration-test/target/test-dir/MiniOzoneClusterImpl-f465728d-d17c-4acf-bac7-b15b0ed995a5/datanode-1/data/ratis/003f86dc-2db6-4654-9bbf-063946e92607 does not exist. Creating ...
2019-10-18 14:34:42,270 [pool-59-thread-1] INFO  storage.RaftStorageDirectory (RaftStorageDirectory.java:tryLock(328)) - Lock on /workdir/hadoop-ozone/integration-test/target/test-dir/MiniOzoneClusterImpl-f465728d-d17c-4acf-bac7-b15b0ed995a5/datanode-1/data/ratis/003f86dc-2db6-4654-9bbf-063946e92607/in_use.lock acquired by nodename 8290@pr-hdds-2327-vtdmt-1103746116
2019-10-18 14:34:42,270 [pool-47-thread-1] INFO  storage.RaftStorageDirectory (RaftStorageDirectory.java:tryLock(328)) - Lock on /workdir/hadoop-ozone/integration-test/target/test-dir/MiniOzoneClusterImpl-f465728d-d17c-4acf-bac7-b15b0ed995a5/datanode-2/data/ratis/003f86dc-2db6-4654-9bbf-063946e92607/in_use.lock acquired by nodename 8290@pr-hdds-2327-vtdmt-1103746116
2019-10-18 14:34:42,270 [pool-27-thread-1] INFO  storage.RaftStorageDirectory (RaftStorageDirectory.java:tryLock(328)) - Lock on /workdir/hadoop-ozone/integration-test/target/test-dir/MiniOzoneClusterImpl-f465728d-d17c-4acf-bac7-b15b0ed995a5/datanode-0/data/ratis/003f86dc-2db6-4654-9bbf-063946e92607/in_use.lock acquired by nodename 8290@pr-hdds-2327-vtdmt-1103746116
2019-10-18 14:34:42,284 [pool-27-thread-1] INFO  storage.RaftStorage (RaftStorage.java:format(84)) - Storage directory /workdir/hadoop-ozone/integration-test/target/test-dir/MiniOzoneClusterImpl-f465728d-d17c-4acf-bac7-b15b0ed995a5/datanode-0/data/ratis/003f86dc-2db6-4654-9bbf-063946e92607 has been successfully formatted.
2019-10-18 14:34:42,284 [pool-47-thread-1] INFO  storage.RaftStorage (RaftStorage.java:format(84)) - Storage directory /workdir/hadoop-ozone/integration-test/target/test-dir/MiniOzoneClusterImpl-f465728d-d17c-4acf-bac7-b15b0ed995a5/datanode-2/data/ratis/003f86dc-2db6-4654-9bbf-063946e92607 has been successfully formatted.
2019-10-18 14:34:42,285 [pool-27-thread-1] INFO  ratis.ContainerStateMachine (ContainerStateMachine.java:loadSnapshot(231)) - group-063946E92607: The snapshot info is null. Setting the last applied indexto:(t:0, i:~)
2019-10-18 14:34:42,284 [pool-59-thread-1] INFO  storage.RaftStorage (RaftStorage.java:format(84)) - Storage directory /workdir/hadoop-ozone/integration-test/target/test-dir/MiniOzoneClusterImpl-f465728d-d17c-4acf-bac7-b15b0ed995a5/datanode-1/data/ratis/003f86dc-2db6-4654-9bbf-063946e92607 has been successfully formatted.
2019-10-18 14:34:42,285 [pool-47-thread-1] INFO  ratis.ContainerStateMachine (ContainerStateMachine.java:loadSnapshot(231)) - group-063946E92607: The snapshot info is null. Setting the last applied indexto:(t:0, i:~)
2019-10-18 14:34:42,285 [pool-27-thread-1] INFO  server.RaftServerConfigKeys (ConfUtils.java:logGet(43)) - raft.server.notification.no-leader.timeout = 1000s (custom)
2019-10-18 14:34:42,285 [pool-47-thread-1] INFO  server.RaftServerConfigKeys (ConfUtils.java:logGet(43)) - raft.server.notification.no-leader.timeout = 1000s (custom)
2019-10-18 14:34:42,285 [pool-59-thread-1] INFO  ratis.ContainerStateMachine (ContainerStateMachine.java:loadSnapshot(231)) - group-063946E92607: The snapshot info is null. Setting the last applied indexto:(t:0, i:~)
2019-10-18 14:34:42,285 [pool-47-thread-1] INFO  server.RaftServerConfigKeys (ConfUtils.java:logGet(43)) - raft.server.log.use.memory = false (default)
2019-10-18 14:34:42,285 [pool-27-thread-1] INFO  server.RaftServerConfigKeys (ConfUtils.java:logGet(43)) - raft.server.log.use.memory = false (default)
2019-10-18 14:34:42,285 [pool-47-thread-1] INFO  server.RaftServerConfigKeys (ConfUtils.java:logGet(43)) - raft.server.log.purge.gap = 1000000 (custom)
2019-10-18 14:34:42,285 [pool-59-thread-1] INFO  server.RaftServerConfigKeys (ConfUtils.java:logGet(43)) - raft.server.notification.no-leader.timeout = 1000s (custom)
2019-10-18 14:34:42,285 [pool-47-thread-1] INFO  server.RaftServerConfigKeys (ConfUtils.java:logGet(43)) - raft.server.log.appender.buffer.byte-limit = 33554432 (custom)
2019-10-18 14:34:42,285 [pool-27-thread-1] INFO  server.RaftServerConfigKeys (ConfUtils.java:logGet(43)) - raft.server.log.purge.gap = 1000000 (custom)
2019-10-18 14:34:42,285 [pool-47-thread-1] INFO  server.RaftServerConfigKeys (ConfUtils.java:logGet(43)) - raft.server.log.segment.size.max = 1048576 (custom)
2019-10-18 14:34:42,285 [pool-59-thread-1] INFO  server.RaftServerConfigKeys (ConfUtils.java:logGet(43)) - raft.server.log.use.memory = false (default)
2019-10-18 14:34:42,286 [pool-47-thread-1] INFO  server.RaftServerConfigKeys (ConfUtils.java:logGet(43)) - raft.server.log.segment.cache.num.max = 2 (custom)
2019-10-18 14:34:42,286 [pool-27-thread-1] INFO  server.RaftServerConfigKeys (ConfUtils.java:logGet(43)) - raft.server.log.appender.buffer.byte-limit = 33554432 (custom)
2019-10-18 14:34:42,286 [pool-47-thread-1] INFO  segmented.SegmentedRaftLogWorker (SegmentedRaftLogWorker.java:<init>(173)) - new 07da283f-72b3-4610-abc1-72d23674d905@group-063946E92607-SegmentedRaftLogWorker for RaftStorage:Storage Directory /workdir/hadoop-ozone/integration-test/target/test-dir/MiniOzoneClusterImpl-f465728d-d17c-4acf-bac7-b15b0ed995a5/datanode-2/data/ratis/003f86dc-2db6-4654-9bbf-063946e92607
2019-10-18 14:34:42,286 [pool-59-thread-1] INFO  server.RaftServerConfigKeys (ConfUtils.java:logGet(43)) - raft.server.log.purge.gap = 1000000 (custom)
2019-10-18 14:34:42,286 [pool-47-thread-1] INFO  server.RaftServerConfigKeys (ConfUtils.java:logGet(43)) - raft.server.log.queue.byte-limit = 2147483647 (custom)
2019-10-18 14:34:42,286 [pool-27-thread-1] INFO  server.RaftServerConfigKeys (ConfUtils.java:logGet(43)) - raft.server.log.segment.size.max = 1048576 (custom)
2019-10-18 14:34:42,286 [pool-47-thread-1] INFO  server.RaftServerConfigKeys (ConfUtils.java:logGet(43)) - raft.server.log.queue.element-limit = 1024 (custom)
2019-10-18 14:34:42,286 [pool-47-thread-1] INFO  server.RaftServerConfigKeys (ConfUtils.java:logGet(43)) - raft.server.log.segment.size.max = 1048576 (custom)
2019-10-18 14:34:42,286 [pool-59-thread-1] INFO  server.RaftServerConfigKeys (ConfUtils.java:logGet(43)) - raft.server.log.appender.buffer.byte-limit = 33554432 (custom)
2019-10-18 14:34:42,286 [pool-47-thread-1] INFO  server.RaftServerConfigKeys (ConfUtils.java:logGet(43)) - raft.server.log.preallocated.size = 16384 (custom)
2019-10-18 14:34:42,286 [pool-27-thread-1] INFO  server.RaftServerConfigKeys (ConfUtils.java:logGet(43)) - raft.server.log.segment.cache.num.max = 2 (custom)
2019-10-18 14:34:42,287 [pool-47-thread-1] INFO  server.RaftServerConfigKeys (ConfUtils.java:logGet(43)) - raft.server.log.write.buffer.size = 33554432 (custom)
2019-10-18 14:34:42,287 [pool-59-thread-1] INFO  server.RaftServerConfigKeys (ConfUtils.java:logGet(43)) - raft.server.log.segment.size.max = 1048576 (custom)
2019-10-18 14:34:42,287 [pool-47-thread-1] INFO  server.RaftServerConfigKeys (ConfUtils.java:logGet(43)) - raft.server.log.force.sync.num = 128 (default)
2019-10-18 14:34:42,287 [pool-27-thread-1] INFO  segmented.SegmentedRaftLogWorker (SegmentedRaftLogWorker.java:<init>(173)) - new c3a3cb61-beea-4a1a-8639-85f6e846679d@group-063946E92607-SegmentedRaftLogWorker for RaftStorage:Storage Directory /workdir/hadoop-ozone/integration-test/target/test-dir/MiniOzoneClusterImpl-f465728d-d17c-4acf-bac7-b15b0ed995a5/datanode-0/data/ratis/003f86dc-2db6-4654-9bbf-063946e92607
2019-10-18 14:34:42,287 [pool-47-thread-1] INFO  server.RaftServerConfigKeys (ConfUtils.java:logGet(43)) - raft.server.log.statemachine.data.sync = true (default)
2019-10-18 14:34:42,287 [pool-59-thread-1] INFO  server.RaftServerConfigKeys (ConfUtils.java:logGet(43)) - raft.server.log.segment.cache.num.max = 2 (custom)
2019-10-18 14:34:42,287 [pool-47-thread-1] INFO  server.RaftServerConfigKeys (ConfUtils.java:logGet(43)) - raft.server.log.statemachine.data.sync.timeout = 10s (default)
2019-10-18 14:34:42,287 [pool-27-thread-1] INFO  server.RaftServerConfigKeys (ConfUtils.java:logGet(43)) - raft.server.log.queue.byte-limit = 2147483647 (custom)
2019-10-18 14:34:42,287 [pool-47-thread-1] INFO  server.RaftServerConfigKeys (ConfUtils.java:logGet(43)) - raft.server.log.statemachine.data.sync.timeout.retry = -1 (default)
2019-10-18 14:34:42,287 [pool-59-thread-1] INFO  segmented.SegmentedRaftLogWorker (SegmentedRaftLogWorker.java:<init>(173)) - new c5b86445-9c87-4edb-b176-8eaf015b94aa@group-063946E92607-SegmentedRaftLogWorker for RaftStorage:Storage Directory /workdir/hadoop-ozone/integration-test/target/test-dir/MiniOzoneClusterImpl-f465728d-d17c-4acf-bac7-b15b0ed995a5/datanode-1/data/ratis/003f86dc-2db6-4654-9bbf-063946e92607
2019-10-18 14:34:42,287 [pool-27-thread-1] INFO  server.RaftServerConfigKeys (ConfUtils.java:logGet(43)) - raft.server.log.queue.element-limit = 1024 (custom)
2019-10-18 14:34:42,287 [pool-47-thread-1] INFO  server.RaftServerConfigKeys (ConfUtils.java:logGet(43)) - raft.server.log.statemachine.data.caching.enabled = true (custom)
2019-10-18 14:34:42,287 [pool-59-thread-1] INFO  server.RaftServerConfigKeys (ConfUtils.java:logGet(43)) - raft.server.log.queue.byte-limit = 2147483647 (custom)
2019-10-18 14:34:42,287 [pool-27-thread-1] INFO  server.RaftServerConfigKeys (ConfUtils.java:logGet(43)) - raft.server.log.segment.size.max = 1048576 (custom)
2019-10-18 14:34:42,288 [pool-59-thread-1] INFO  server.RaftServerConfigKeys (ConfUtils.java:logGet(43)) - raft.server.log.queue.element-limit = 1024 (custom)
2019-10-18 14:34:42,288 [pool-27-thread-1] INFO  server.RaftServerConfigKeys (ConfUtils.java:logGet(43)) - raft.server.log.preallocated.size = 16384 (custom)
2019-10-18 14:34:42,288 [pool-47-thread-1] INFO  segmented.SegmentedRaftLogWorker (SegmentedRaftLogWorker.java:lambda$new$0(128)) - 07da283f-72b3-4610-abc1-72d23674d905@group-063946E92607-SegmentedRaftLogWorker: flushIndex: setUnconditionally 0 -> -1
2019-10-18 14:34:42,288 [pool-27-thread-1] INFO  server.RaftServerConfigKeys (ConfUtils.java:logGet(43)) - raft.server.log.write.buffer.size = 33554432 (custom)
2019-10-18 14:34:42,288 [pool-59-thread-1] INFO  server.RaftServerConfigKeys (ConfUtils.java:logGet(43)) - raft.server.log.segment.size.max = 1048576 (custom)
2019-10-18 14:34:42,288 [pool-27-thread-1] INFO  server.RaftServerConfigKeys (ConfUtils.java:logGet(43)) - raft.server.log.force.sync.num = 128 (default)
2019-10-18 14:34:42,288 [pool-59-thread-1] INFO  server.RaftServerConfigKeys (ConfUtils.java:logGet(43)) - raft.server.log.preallocated.size = 16384 (custom)
2019-10-18 14:34:42,288 [pool-47-thread-1] INFO  server.RaftServerConfigKeys (ConfUtils.java:logGet(43)) - raft.server.snapshot.auto.trigger.enabled = true (custom)
2019-10-18 14:34:42,288 [pool-59-thread-1] INFO  server.RaftServerConfigKeys (ConfUtils.java:logGet(43)) - raft.server.log.write.buffer.size = 33554432 (custom)
2019-10-18 14:34:42,288 [pool-27-thread-1] INFO  server.RaftServerConfigKeys (ConfUtils.java:logGet(43)) - raft.server.log.statemachine.data.sync = true (default)
2019-10-18 14:34:42,288 [pool-59-thread-1] INFO  server.RaftServerConfigKeys (ConfUtils.java:logGet(43)) - raft.server.log.force.sync.num = 128 (default)
2019-10-18 14:34:42,288 [pool-47-thread-1] INFO  server.RaftServerConfigKeys (ConfUtils.java:logGet(43)) - raft.server.snapshot.auto.trigger.threshold = 10000 (custom)
2019-10-18 14:34:42,289 [pool-59-thread-1] INFO  server.RaftServerConfigKeys (ConfUtils.java:logGet(43)) - raft.server.log.statemachine.data.sync = true (default)
2019-10-18 14:34:42,288 [pool-27-thread-1] INFO  server.RaftServerConfigKeys (ConfUtils.java:logGet(43)) - raft.server.log.statemachine.data.sync.timeout = 10s (default)
2019-10-18 14:34:42,289 [pool-59-thread-1] INFO  server.RaftServerConfigKeys (ConfUtils.java:logGet(43)) - raft.server.log.statemachine.data.sync.timeout = 10s (default)
2019-10-18 14:34:42,289 [pool-47-thread-1] INFO  server.RaftServerConfigKeys (ConfUtils.java:logGet(43)) - raft.server.snapshot.retention.file.num = 5 (custom)
2019-10-18 14:34:42,289 [pool-59-thread-1] INFO  server.RaftServerConfigKeys (ConfUtils.java:logGet(43)) - raft.server.log.statemachine.data.sync.timeout.retry = -1 (default)
2019-10-18 14:34:42,289 [pool-47-thread-1] INFO  server.RaftServerConfigKeys (ConfUtils.java:logGet(43)) - raft.server.retrycache.expirytime = 600000ms (custom)
2019-10-18 14:34:42,289 [pool-27-thread-1] INFO  server.RaftServerConfigKeys (ConfUtils.java:logGet(43)) - raft.server.log.statemachine.data.sync.timeout.retry = -1 (default)
2019-10-18 14:34:42,289 [pool-59-thread-1] INFO  server.RaftServerConfigKeys (ConfUtils.java:logGet(43)) - raft.server.log.statemachine.data.caching.enabled = true (custom)
2019-10-18 14:34:42,289 [pool-27-thread-1] INFO  server.RaftServerConfigKeys (ConfUtils.java:logGet(43)) - raft.server.log.statemachine.data.caching.enabled = true (custom)
2019-10-18 14:34:42,289 [pool-59-thread-1] INFO  segmented.SegmentedRaftLogWorker (SegmentedRaftLogWorker.java:lambda$new$0(128)) - c5b86445-9c87-4edb-b176-8eaf015b94aa@group-063946E92607-SegmentedRaftLogWorker: flushIndex: setUnconditionally 0 -> -1
2019-10-18 14:34:42,289 [pool-27-thread-1] INFO  segmented.SegmentedRaftLogWorker (SegmentedRaftLogWorker.java:lambda$new$0(128)) - c3a3cb61-beea-4a1a-8639-85f6e846679d@group-063946E92607-SegmentedRaftLogWorker: flushIndex: setUnconditionally 0 -> -1
2019-10-18 14:34:42,290 [pool-59-thread-1] INFO  server.RaftServerConfigKeys (ConfUtils.java:logGet(43)) - raft.server.snapshot.auto.trigger.enabled = true (custom)
2019-10-18 14:34:42,290 [pool-27-thread-1] INFO  server.RaftServerConfigKeys (ConfUtils.java:logGet(43)) - raft.server.snapshot.auto.trigger.enabled = true (custom)
2019-10-18 14:34:42,290 [pool-59-thread-1] INFO  server.RaftServerConfigKeys (ConfUtils.java:logGet(43)) - raft.server.snapshot.auto.trigger.threshold = 10000 (custom)
2019-10-18 14:34:42,290 [pool-27-thread-1] INFO  server.RaftServerConfigKeys (ConfUtils.java:logGet(43)) - raft.server.snapshot.auto.trigger.threshold = 10000 (custom)
2019-10-18 14:34:42,290 [pool-59-thread-1] INFO  server.RaftServerConfigKeys (ConfUtils.java:logGet(43)) - raft.server.snapshot.retention.file.num = 5 (custom)
2019-10-18 14:34:42,290 [pool-27-thread-1] INFO  server.RaftServerConfigKeys (ConfUtils.java:logGet(43)) - raft.server.snapshot.retention.file.num = 5 (custom)
2019-10-18 14:34:42,290 [pool-59-thread-1] INFO  server.RaftServerConfigKeys (ConfUtils.java:logGet(43)) - raft.server.retrycache.expirytime = 600000ms (custom)
2019-10-18 14:34:42,290 [pool-27-thread-1] INFO  server.RaftServerConfigKeys (ConfUtils.java:logGet(43)) - raft.server.retrycache.expirytime = 600000ms (custom)
2019-10-18 14:34:42,291 [pool-47-thread-1] INFO  impl.RaftServerImpl (RaftServerImpl.java:start(195)) - 07da283f-72b3-4610-abc1-72d23674d905@group-063946E92607: start as a follower, conf=-1: [07da283f-72b3-4610-abc1-72d23674d905:192.168.164.233:38130, c3a3cb61-beea-4a1a-8639-85f6e846679d:192.168.164.233:33135, c5b86445-9c87-4edb-b176-8eaf015b94aa:192.168.164.233:40993], old=null
2019-10-18 14:34:42,291 [pool-47-thread-1] INFO  impl.RaftServerImpl (RaftServerImpl.java:setRole(184)) - 07da283f-72b3-4610-abc1-72d23674d905@group-063946E92607: changes role from      null to FOLLOWER at term 0 for startAsFollower
2019-10-18 14:34:42,291 [pool-47-thread-1] INFO  impl.RoleInfo (RoleInfo.java:updateAndGet(143)) - 07da283f-72b3-4610-abc1-72d23674d905: start FollowerState
2019-10-18 14:34:42,292 [pool-47-thread-1] INFO  util.JmxRegister (JmxRegister.java:tryRegister(44)) - Successfully registered JMX Bean with object name Ratis:service=RaftServer,group=group-063946E92607,id=07da283f-72b3-4610-abc1-72d23674d905
2019-10-18 14:34:42,292 [pool-59-thread-1] INFO  impl.RaftServerImpl (RaftServerImpl.java:start(195)) - c5b86445-9c87-4edb-b176-8eaf015b94aa@group-063946E92607: start as a follower, conf=-1: [07da283f-72b3-4610-abc1-72d23674d905:192.168.164.233:38130, c3a3cb61-beea-4a1a-8639-85f6e846679d:192.168.164.233:33135, c5b86445-9c87-4edb-b176-8eaf015b94aa:192.168.164.233:40993], old=null
2019-10-18 14:34:42,292 [pool-59-thread-1] INFO  impl.RaftServerImpl (RaftServerImpl.java:setRole(184)) - c5b86445-9c87-4edb-b176-8eaf015b94aa@group-063946E92607: changes role from      null to FOLLOWER at term 0 for startAsFollower
2019-10-18 14:34:42,292 [pool-59-thread-1] INFO  impl.RoleInfo (RoleInfo.java:updateAndGet(143)) - c5b86445-9c87-4edb-b176-8eaf015b94aa: start FollowerState
2019-10-18 14:34:42,293 [pool-59-thread-1] INFO  util.JmxRegister (JmxRegister.java:tryRegister(44)) - Successfully registered JMX Bean with object name Ratis:service=RaftServer,group=group-063946E92607,id=c5b86445-9c87-4edb-b176-8eaf015b94aa
2019-10-18 14:34:42,293 [pool-27-thread-1] INFO  impl.RaftServerImpl (RaftServerImpl.java:start(195)) - c3a3cb61-beea-4a1a-8639-85f6e846679d@group-063946E92607: start as a follower, conf=-1: [07da283f-72b3-4610-abc1-72d23674d905:192.168.164.233:38130, c3a3cb61-beea-4a1a-8639-85f6e846679d:192.168.164.233:33135, c5b86445-9c87-4edb-b176-8eaf015b94aa:192.168.164.233:40993], old=null
2019-10-18 14:34:42,293 [pool-27-thread-1] INFO  impl.RaftServerImpl (RaftServerImpl.java:setRole(184)) - c3a3cb61-beea-4a1a-8639-85f6e846679d@group-063946E92607: changes role from      null to FOLLOWER at term 0 for startAsFollower
2019-10-18 14:34:42,293 [pool-27-thread-1] INFO  impl.RoleInfo (RoleInfo.java:updateAndGet(143)) - c3a3cb61-beea-4a1a-8639-85f6e846679d: start FollowerState
2019-10-18 14:34:42,293 [pool-27-thread-1] INFO  util.JmxRegister (JmxRegister.java:tryRegister(44)) - Successfully registered JMX Bean with object name Ratis:service=RaftServer,group=group-063946E92607,id=c3a3cb61-beea-4a1a-8639-85f6e846679d
2019-10-18 14:34:42,300 [RatisPipelineUtilsThread] INFO  pipeline.PipelineStateManager (PipelineStateManager.java:addPipeline(56)) - Created pipeline Pipeline[ Id: 003f86dc-2db6-4654-9bbf-063946e92607, Nodes: 07da283f-72b3-4610-abc1-72d23674d905{ip: 192.168.164.233, host: pr-hdds-2327-vtdmt-1103746116, networkLocation: /default-rack, certSerialId: null}c3a3cb61-beea-4a1a-8639-85f6e846679d{ip: 192.168.164.233, host: pr-hdds-2327-vtdmt-1103746116, networkLocation: /default-rack, certSerialId: null}c5b86445-9c87-4edb-b176-8eaf015b94aa{ip: 192.168.164.233, host: pr-hdds-2327-vtdmt-1103746116, networkLocation: /default-rack, certSerialId: null}, Type:RATIS, Factor:THREE, State:OPEN]
2019-10-18 14:34:42,315 [Thread-781] INFO  client.GrpcClientProtocolService (GrpcClientProtocolService.java:lambda$processClientRequest$0(278)) - Failed RaftClientRequest:client-D4B6A76FA5A7->c3a3cb61-beea-4a1a-8639-85f6e846679d@group-50F79935BC6A, cid=10, seq=0, Watch-ALL_COMMITTED(6), Message:<EMPTY>, reply=RaftClientReply:client-D4B6A76FA5A7->c3a3cb61-beea-4a1a-8639-85f6e846679d@group-50F79935BC6A, cid=10, FAILED org.apache.ratis.protocol.NotLeaderException: Server c3a3cb61-beea-4a1a-8639-85f6e846679d@group-50F79935BC6A is not the leader, logIndex=0, commits[c3a3cb61-beea-4a1a-8639-85f6e846679d:c10, 07da283f-72b3-4610-abc1-72d23674d905:c10, c5b86445-9c87-4edb-b176-8eaf015b94aa:c4]
2019-10-18 14:34:42,367 [Thread-770] INFO  impl.FollowerState (FollowerState.java:run(108)) - c5b86445-9c87-4edb-b176-8eaf015b94aa@group-50F79935BC6A-FollowerState: change to CANDIDATE, lastRpcTime:116ms, electionTimeout:115ms
2019-10-18 14:34:42,368 [Thread-770] INFO  impl.RoleInfo (RoleInfo.java:shutdownFollowerState(121)) - c5b86445-9c87-4edb-b176-8eaf015b94aa: shutdown FollowerState
2019-10-18 14:34:42,368 [Thread-770] INFO  impl.RaftServerImpl (RaftServerImpl.java:setRole(184)) - c5b86445-9c87-4edb-b176-8eaf015b94aa@group-50F79935BC6A: changes role from  FOLLOWER to CANDIDATE at term 35 for changeToCandidate
2019-10-18 14:34:42,368 [Thread-770] INFO  impl.RoleInfo (RoleInfo.java:updateAndGet(143)) - c5b86445-9c87-4edb-b176-8eaf015b94aa: start LeaderElection
2019-10-18 14:34:42,381 [c5b86445-9c87-4edb-b176-8eaf015b94aa@group-50F79935BC6A-LeaderElection36] INFO  impl.LeaderElection (LeaderElection.java:askForVotes(178)) - c5b86445-9c87-4edb-b176-8eaf015b94aa@group-50F79935BC6A-LeaderElection36: begin an election at term 36 for 0: [07da283f-72b3-4610-abc1-72d23674d905:192.168.164.233:38130, c3a3cb61-beea-4a1a-8639-85f6e846679d:192.168.164.233:33135, c5b86445-9c87-4edb-b176-8eaf015b94aa:192.168.164.233:40993], old=null
2019-10-18 14:34:42,384 [grpc-default-executor-4] INFO  impl.RaftServerImpl (RaftServerImpl.java:setRole(184)) - c3a3cb61-beea-4a1a-8639-85f6e846679d@group-50F79935BC6A: changes role from  FOLLOWER to FOLLOWER at term 36 for recognizeCandidate:c5b86445-9c87-4edb-b176-8eaf015b94aa
2019-10-18 14:34:42,384 [grpc-default-executor-2] INFO  impl.RaftServerImpl (RaftServerImpl.java:setRole(184)) - 07da283f-72b3-4610-abc1-72d23674d905@group-50F79935BC6A: changes role from  FOLLOWER to FOLLOWER at term 36 for recognizeCandidate:c5b86445-9c87-4edb-b176-8eaf015b94aa
2019-10-18 14:34:42,384 [grpc-default-executor-4] INFO  impl.RoleInfo (RoleInfo.java:shutdownFollowerState(121)) - c3a3cb61-beea-4a1a-8639-85f6e846679d: shutdown FollowerState
2019-10-18 14:34:42,384 [Thread-774] INFO  impl.FollowerState (FollowerState.java:run(108)) - 07da283f-72b3-4610-abc1-72d23674d905@group-063946E92607-FollowerState: change to CANDIDATE, lastRpcTime:92ms, electionTimeout:92ms
2019-10-18 14:34:42,384 [grpc-default-executor-4] INFO  impl.RoleInfo (RoleInfo.java:updateAndGet(143)) - c3a3cb61-beea-4a1a-8639-85f6e846679d: start FollowerState
2019-10-18 14:34:42,384 [Thread-765] INFO  impl.FollowerState (FollowerState.java:run(117)) - c3a3cb61-beea-4a1a-8639-85f6e846679d@group-50F79935BC6A-FollowerState was interrupted: java.lang.InterruptedException: sleep interrupted
2019-10-18 14:34:42,384 [grpc-default-executor-2] INFO  impl.RoleInfo (RoleInfo.java:shutdownFollowerState(121)) - 07da283f-72b3-4610-abc1-72d23674d905: shutdown FollowerState
2019-10-18 14:34:42,385 [Thread-774] INFO  impl.RoleInfo (RoleInfo.java:shutdownFollowerState(121)) - 07da283f-72b3-4610-abc1-72d23674d905: shutdown FollowerState
2019-10-18 14:34:42,385 [grpc-default-executor-2] INFO  impl.RoleInfo (RoleInfo.java:updateAndGet(143)) - 07da283f-72b3-4610-abc1-72d23674d905: start FollowerState
2019-10-18 14:34:42,385 [Thread-766] INFO  impl.FollowerState (FollowerState.java:run(117)) - 07da283f-72b3-4610-abc1-72d23674d905@group-50F79935BC6A-FollowerState was interrupted: java.lang.InterruptedException: sleep interrupted
2019-10-18 14:34:42,385 [Thread-774] INFO  impl.RaftServerImpl (RaftServerImpl.java:setRole(184)) - 07da283f-72b3-4610-abc1-72d23674d905@group-063946E92607: changes role from  FOLLOWER to CANDIDATE at term 0 for changeToCandidate
2019-10-18 14:34:42,385 [Thread-774] INFO  impl.RoleInfo (RoleInfo.java:updateAndGet(143)) - 07da283f-72b3-4610-abc1-72d23674d905: start LeaderElection
2019-10-18 14:34:42,398 [07da283f-72b3-4610-abc1-72d23674d905@group-063946E92607-LeaderElection37] INFO  impl.LeaderElection (LeaderElection.java:askForVotes(178)) - 07da283f-72b3-4610-abc1-72d23674d905@group-063946E92607-LeaderElection37: begin an election at term 1 for -1: [07da283f-72b3-4610-abc1-72d23674d905:192.168.164.233:38130, c3a3cb61-beea-4a1a-8639-85f6e846679d:192.168.164.233:33135, c5b86445-9c87-4edb-b176-8eaf015b94aa:192.168.164.233:40993], old=null
2019-10-18 14:34:42,400 [c5b86445-9c87-4edb-b176-8eaf015b94aa@group-50F79935BC6A-LeaderElection36] INFO  impl.LeaderElection (LeaderElection.java:logAndReturn(56)) - c5b86445-9c87-4edb-b176-8eaf015b94aa@group-50F79935BC6A-LeaderElection36: Election REJECTED; received 2 response(s) [c5b86445-9c87-4edb-b176-8eaf015b94aa<-07da283f-72b3-4610-abc1-72d23674d905#0:FAIL-t36, c5b86445-9c87-4edb-b176-8eaf015b94aa<-c3a3cb61-beea-4a1a-8639-85f6e846679d#0:FAIL-t36] and 0 exception(s); c5b86445-9c87-4edb-b176-8eaf015b94aa@group-50F79935BC6A:t36, leader=null, voted=c5b86445-9c87-4edb-b176-8eaf015b94aa, raftlog=c5b86445-9c87-4edb-b176-8eaf015b94aa@group-50F79935BC6A-SegmentedRaftLog:OPENED:c3,f4,i4, conf=0: [07da283f-72b3-4610-abc1-72d23674d905:192.168.164.233:38130, c3a3cb61-beea-4a1a-8639-85f6e846679d:192.168.164.233:33135, c5b86445-9c87-4edb-b176-8eaf015b94aa:192.168.164.233:40993], old=null
2019-10-18 14:34:42,401 [c5b86445-9c87-4edb-b176-8eaf015b94aa@group-50F79935BC6A-LeaderElection36] INFO  impl.RaftServerImpl (RaftServerImpl.java:setRole(184)) - c5b86445-9c87-4edb-b176-8eaf015b94aa@group-50F79935BC6A: changes role from CANDIDATE to FOLLOWER at term 36 for DISCOVERED_A_NEW_TERM
2019-10-18 14:34:42,401 [c5b86445-9c87-4edb-b176-8eaf015b94aa@group-50F79935BC6A-LeaderElection36] INFO  impl.RoleInfo (RoleInfo.java:shutdownLeaderElection(134)) - c5b86445-9c87-4edb-b176-8eaf015b94aa: shutdown LeaderElection
2019-10-18 14:34:42,402 [c5b86445-9c87-4edb-b176-8eaf015b94aa@group-50F79935BC6A-LeaderElection36] INFO  impl.RoleInfo (RoleInfo.java:updateAndGet(143)) - c5b86445-9c87-4edb-b176-8eaf015b94aa: start FollowerState
2019-10-18 14:34:42,406 [grpc-default-executor-4] INFO  impl.RaftServerImpl (RaftServerImpl.java:setRole(184)) - c5b86445-9c87-4edb-b176-8eaf015b94aa@group-063946E92607: changes role from  FOLLOWER to FOLLOWER at term 1 for recognizeCandidate:07da283f-72b3-4610-abc1-72d23674d905
2019-10-18 14:34:42,406 [EventQueue-PendingDeleteStatusForPendingDeleteHandler] INFO  block.SCMBlockDeletingService (SCMBlockDeletingService.java:handlePendingDeletes(115)) - Block deletion txnID mismatch in datanode c5b86445-9c87-4edb-b176-8eaf015b94aa for containerID 1. Datanode delete txnID: 0, SCM txnID: 1
2019-10-18 14:34:42,406 [grpc-default-executor-4] INFO  impl.RoleInfo (RoleInfo.java:shutdownFollowerState(121)) - c5b86445-9c87-4edb-b176-8eaf015b94aa: shutdown FollowerState
2019-10-18 14:34:42,406 [grpc-default-executor-2] INFO  impl.RaftServerImpl (RaftServerImpl.java:setRole(184)) - c3a3cb61-beea-4a1a-8639-85f6e846679d@group-063946E92607: changes role from  FOLLOWER to FOLLOWER at term 1 for recognizeCandidate:07da283f-72b3-4610-abc1-72d23674d905
2019-10-18 14:34:42,407 [grpc-default-executor-4] INFO  impl.RoleInfo (RoleInfo.java:updateAndGet(143)) - c5b86445-9c87-4edb-b176-8eaf015b94aa: start FollowerState
2019-10-18 14:34:42,407 [Thread-775] INFO  impl.FollowerState (FollowerState.java:run(117)) - c5b86445-9c87-4edb-b176-8eaf015b94aa@group-063946E92607-FollowerState was interrupted: java.lang.InterruptedException: sleep interrupted
2019-10-18 14:34:42,407 [grpc-default-executor-2] INFO  impl.RoleInfo (RoleInfo.java:shutdownFollowerState(121)) - c3a3cb61-beea-4a1a-8639-85f6e846679d: shutdown FollowerState
2019-10-18 14:34:42,407 [grpc-default-executor-2] INFO  impl.RoleInfo (RoleInfo.java:updateAndGet(143)) - c3a3cb61-beea-4a1a-8639-85f6e846679d: start FollowerState
2019-10-18 14:34:42,407 [Thread-776] INFO  impl.FollowerState (FollowerState.java:run(117)) - c3a3cb61-beea-4a1a-8639-85f6e846679d@group-063946E92607-FollowerState was interrupted: java.lang.InterruptedException: sleep interrupted
2019-10-18 14:34:42,423 [07da283f-72b3-4610-abc1-72d23674d905@group-063946E92607-LeaderElection37] INFO  impl.LeaderElection (LeaderElection.java:logAndReturn(56)) - 07da283f-72b3-4610-abc1-72d23674d905@group-063946E92607-LeaderElection37: Election PASSED; received 1 response(s) [07da283f-72b3-4610-abc1-72d23674d905<-c5b86445-9c87-4edb-b176-8eaf015b94aa#0:OK-t1] and 0 exception(s); 07da283f-72b3-4610-abc1-72d23674d905@group-063946E92607:t1, leader=null, voted=07da283f-72b3-4610-abc1-72d23674d905, raftlog=07da283f-72b3-4610-abc1-72d23674d905@group-063946E92607-SegmentedRaftLog:OPENED:c-1,f-1,i0, conf=-1: [07da283f-72b3-4610-abc1-72d23674d905:192.168.164.233:38130, c3a3cb61-beea-4a1a-8639-85f6e846679d:192.168.164.233:33135, c5b86445-9c87-4edb-b176-8eaf015b94aa:192.168.164.233:40993], old=null
2019-10-18 14:34:42,423 [07da283f-72b3-4610-abc1-72d23674d905@group-063946E92607-LeaderElection37] INFO  impl.RoleInfo (RoleInfo.java:shutdownLeaderElection(134)) - 07da283f-72b3-4610-abc1-72d23674d905: shutdown LeaderElection
2019-10-18 14:34:42,423 [07da283f-72b3-4610-abc1-72d23674d905@group-063946E92607-LeaderElection37] INFO  impl.RaftServerImpl (RaftServerImpl.java:setRole(184)) - 07da283f-72b3-4610-abc1-72d23674d905@group-063946E92607: changes role from CANDIDATE to LEADER at term 1 for changeToLeader
2019-10-18 14:34:42,423 [07da283f-72b3-4610-abc1-72d23674d905@group-063946E92607-LeaderElection37] INFO  impl.RaftServerImpl (ServerState.java:setLeader(256)) - 07da283f-72b3-4610-abc1-72d23674d905@group-063946E92607: change Leader from null to 07da283f-72b3-4610-abc1-72d23674d905 at term 1 for becomeLeader, leader elected after 138ms
2019-10-18 14:34:42,424 [07da283f-72b3-4610-abc1-72d23674d905@group-063946E92607-LeaderElection37] INFO  server.RaftServerConfigKeys (ConfUtils.java:logGet(43)) - raft.server.staging.catchup.gap = 1000 (default)
2019-10-18 14:34:42,424 [07da283f-72b3-4610-abc1-72d23674d905@group-063946E92607-LeaderElection37] INFO  server.RaftServerConfigKeys (ConfUtils.java:logGet(43)) - raft.server.rpc.sleep.time = 25ms (default)
2019-10-18 14:34:42,424 [07da283f-72b3-4610-abc1-72d23674d905@group-063946E92607-LeaderElection37] INFO  server.RaftServerConfigKeys (ConfUtils.java:logGet(43)) - raft.server.write.element-limit = 4096 (default)
2019-10-18 14:34:42,424 [07da283f-72b3-4610-abc1-72d23674d905@group-063946E92607-LeaderElection37] INFO  server.RaftServerConfigKeys (ConfUtils.java:logGet(43)) - raft.server.watch.timeout = 10s (default)
2019-10-18 14:34:42,424 [07da283f-72b3-4610-abc1-72d23674d905@group-063946E92607-LeaderElection37] INFO  server.RaftServerConfigKeys (ConfUtils.java:logGet(43)) - raft.server.watch.timeout.denomination = 1s (default)
2019-10-18 14:34:42,424 [07da283f-72b3-4610-abc1-72d23674d905@group-063946E92607-LeaderElection37] INFO  server.RaftServerConfigKeys (ConfUtils.java:logGet(43)) - raft.server.watch.element-limit = 65536 (default)
2019-10-18 14:34:42,426 [07da283f-72b3-4610-abc1-72d23674d905@group-063946E92607-LeaderElection37] INFO  server.RaftServerConfigKeys (ConfUtils.java:logGet(43)) - raft.server.log.appender.snapshot.chunk.size.max = 16MB (=16777216) (default)
2019-10-18 14:34:42,426 [07da283f-72b3-4610-abc1-72d23674d905@group-063946E92607-LeaderElection37] INFO  server.RaftServerConfigKeys (ConfUtils.java:logGet(43)) - raft.server.log.appender.buffer.byte-limit = 33554432 (custom)
2019-10-18 14:34:42,426 [07da283f-72b3-4610-abc1-72d23674d905@group-063946E92607-LeaderElection37] INFO  server.RaftServerConfigKeys (ConfUtils.java:logGet(43)) - raft.server.log.appender.buffer.element-limit = 1 (custom)
2019-10-18 14:34:42,427 [07da283f-72b3-4610-abc1-72d23674d905@group-063946E92607-LeaderElection37] INFO  grpc.GrpcConfigKeys$Server (ConfUtils.java:logGet(43)) - raft.grpc.server.leader.outstanding.appends.max = 128 (default)
2019-10-18 14:34:42,427 [07da283f-72b3-4610-abc1-72d23674d905@group-063946E92607-LeaderElection37] INFO  server.RaftServerConfigKeys (ConfUtils.java:logGet(43)) - raft.server.rpc.request.timeout = 3000ms (default)
2019-10-18 14:34:42,427 [07da283f-72b3-4610-abc1-72d23674d905@group-063946E92607-LeaderElection37] INFO  server.RaftServerConfigKeys (ConfUtils.java:logGet(43)) - raft.server.log.appender.install.snapshot.enabled = false (custom)
2019-10-18 14:34:42,427 [Thread-768] INFO  impl.FollowerState (FollowerState.java:run(108)) - c5b86445-9c87-4edb-b176-8eaf015b94aa@group-7758AFF42F36-FollowerState: change to CANDIDATE, lastRpcTime:191ms, electionTimeout:191ms
2019-10-18 14:34:42,427 [Thread-768] INFO  impl.RoleInfo (RoleInfo.java:shutdownFollowerState(121)) - c5b86445-9c87-4edb-b176-8eaf015b94aa: shutdown FollowerState
2019-10-18 14:34:42,427 [Thread-768] INFO  impl.RaftServerImpl (RaftServerImpl.java:setRole(184)) - c5b86445-9c87-4edb-b176-8eaf015b94aa@group-7758AFF42F36: changes role from  FOLLOWER to CANDIDATE at term 0 for changeToCandidate
2019-10-18 14:34:42,427 [Thread-768] INFO  impl.RoleInfo (RoleInfo.java:updateAndGet(143)) - c5b86445-9c87-4edb-b176-8eaf015b94aa: start LeaderElection
2019-10-18 14:34:42,430 [07da283f-72b3-4610-abc1-72d23674d905@group-063946E92607-LeaderElection37] INFO  server.RaftServerConfigKeys (ConfUtils.java:logGet(43)) - raft.server.log.appender.snapshot.chunk.size.max = 16MB (=16777216) (default)
2019-10-18 14:34:42,430 [07da283f-72b3-4610-abc1-72d23674d905@group-063946E92607-LeaderElection37] INFO  server.RaftServerConfigKeys (ConfUtils.java:logGet(43)) - raft.server.log.appender.buffer.byte-limit = 33554432 (custom)
2019-10-18 14:34:42,430 [07da283f-72b3-4610-abc1-72d23674d905@group-063946E92607-LeaderElection37] INFO  server.RaftServerConfigKeys (ConfUtils.java:logGet(43)) - raft.server.log.appender.buffer.element-limit = 1 (custom)
2019-10-18 14:34:42,430 [07da283f-72b3-4610-abc1-72d23674d905@group-063946E92607-LeaderElection37] INFO  grpc.GrpcConfigKeys$Server (ConfUtils.java:logGet(43)) - raft.grpc.server.leader.outstanding.appends.max = 128 (default)
2019-10-18 14:34:42,430 [07da283f-72b3-4610-abc1-72d23674d905@group-063946E92607-LeaderElection37] INFO  server.RaftServerConfigKeys (ConfUtils.java:logGet(43)) - raft.server.rpc.request.timeout = 3000ms (default)
2019-10-18 14:34:42,430 [07da283f-72b3-4610-abc1-72d23674d905@group-063946E92607-LeaderElection37] INFO  server.RaftServerConfigKeys (ConfUtils.java:logGet(43)) - raft.server.log.appender.install.snapshot.enabled = false (custom)
2019-10-18 14:34:42,432 [07da283f-72b3-4610-abc1-72d23674d905@group-063946E92607-LeaderElection37] INFO  impl.RoleInfo (RoleInfo.java:updateAndGet(143)) - 07da283f-72b3-4610-abc1-72d23674d905: start LeaderState
2019-10-18 14:34:42,432 [07da283f-72b3-4610-abc1-72d23674d905@group-063946E92607-LeaderElection37] INFO  segmented.SegmentedRaftLogWorker (SegmentedRaftLogWorker.java:startLogSegment(385)) - 07da283f-72b3-4610-abc1-72d23674d905@group-063946E92607-SegmentedRaftLogWorker: Starting segment from index:0
2019-10-18 14:34:42,433 [07da283f-72b3-4610-abc1-72d23674d905@group-063946E92607-LeaderElection37] INFO  impl.RaftServerImpl (ServerState.java:setRaftConf(357)) - 07da283f-72b3-4610-abc1-72d23674d905@group-063946E92607: set configuration 0: [07da283f-72b3-4610-abc1-72d23674d905:192.168.164.233:38130, c3a3cb61-beea-4a1a-8639-85f6e846679d:192.168.164.233:33135, c5b86445-9c87-4edb-b176-8eaf015b94aa:192.168.164.233:40993], old=null at 0
2019-10-18 14:34:42,457 [Thread-791] INFO  impl.FollowerState (FollowerState.java:run(108)) - c5b86445-9c87-4edb-b176-8eaf015b94aa@group-50F79935BC6A-FollowerState: change to CANDIDATE, lastRpcTime:54ms, electionTimeout:45ms
2019-10-18 14:34:42,457 [grpc-default-executor-2] INFO  impl.RaftServerImpl (ServerState.java:setLeader(256)) - c5b86445-9c87-4edb-b176-8eaf015b94aa@group-063946E92607: change Leader from null to 07da283f-72b3-4610-abc1-72d23674d905 at term 1 for appendEntries, leader elected after 171ms
2019-10-18 14:34:42,457 [c5b86445-9c87-4edb-b176-8eaf015b94aa@group-7758AFF42F36-LeaderElection38] INFO  impl.LeaderElection (LeaderElection.java:askForVotes(178)) - c5b86445-9c87-4edb-b176-8eaf015b94aa@group-7758AFF42F36-LeaderElection38: begin an election at term 1 for -1: [c5b86445-9c87-4edb-b176-8eaf015b94aa:192.168.164.233:40993], old=null
2019-10-18 14:34:42,457 [Thread-791] INFO  impl.RoleInfo (RoleInfo.java:shutdownFollowerState(121)) - c5b86445-9c87-4edb-b176-8eaf015b94aa: shutdown FollowerState
2019-10-18 14:34:42,458 [c5b86445-9c87-4edb-b176-8eaf015b94aa@group-7758AFF42F36-LeaderElection38] INFO  impl.RoleInfo (RoleInfo.java:shutdownLeaderElection(134)) - c5b86445-9c87-4edb-b176-8eaf015b94aa: shutdown LeaderElection
2019-10-18 14:34:42,458 [grpc-default-executor-4] INFO  impl.RaftServerImpl (ServerState.java:setLeader(256)) - c3a3cb61-beea-4a1a-8639-85f6e846679d@group-063946E92607: change Leader from null to 07da283f-72b3-4610-abc1-72d23674d905 at term 1 for appendEntries, leader elected after 173ms
2019-10-18 14:34:42,458 [c5b86445-9c87-4edb-b176-8eaf015b94aa@group-7758AFF42F36-LeaderElection38] INFO  impl.RaftServerImpl (RaftServerImpl.java:setRole(184)) - c5b86445-9c87-4edb-b176-8eaf015b94aa@group-7758AFF42F36: changes role from CANDIDATE to LEADER at term 1 for changeToLeader
2019-10-18 14:34:42,458 [Thread-791] INFO  impl.RaftServerImpl (RaftServerImpl.java:setRole(184)) - c5b86445-9c87-4edb-b176-8eaf015b94aa@group-50F79935BC6A: changes role from  FOLLOWER to CANDIDATE at term 36 for changeToCandidate
2019-10-18 14:34:42,459 [c5b86445-9c87-4edb-b176-8eaf015b94aa@group-7758AFF42F36-LeaderElection38] INFO  impl.RaftServerImpl (ServerState.java:setLeader(256)) - c5b86445-9c87-4edb-b176-8eaf015b94aa@group-7758AFF42F36: change Leader from null to c5b86445-9c87-4edb-b176-8eaf015b94aa at term 1 for becomeLeader, leader elected after 228ms
2019-10-18 14:34:42,459 [BlockDeletingService#2] WARN  background.BlockDeletingService (BlockDeletingService.java:isDeletionAllowed(187)) - Close Container log Index 6 is not replicated across allthe servers in the pipeline 1b899901-10f6-4f6e-b1b6-50f79935bc6a as the min replicated index is 4. Deletion is not allowed in this container yet.
2019-10-18 14:34:42,459 [Thread-791] INFO  impl.RoleInfo (RoleInfo.java:updateAndGet(143)) - c5b86445-9c87-4edb-b176-8eaf015b94aa: start LeaderElection
2019-10-18 14:34:42,459 [BlockDeletingService#2] WARN  background.BlockDeletingService (BlockDeletingService.java:isDeletionAllowed(187)) - Close Container log Index 6 is not replicated across allthe servers in the pipeline 1b899901-10f6-4f6e-b1b6-50f79935bc6a as the min replicated index is 4. Deletion is not allowed in this container yet.
2019-10-18 14:34:42,459 [c5b86445-9c87-4edb-b176-8eaf015b94aa@group-7758AFF42F36-LeaderElection38] INFO  server.RaftServerConfigKeys (ConfUtils.java:logGet(43)) - raft.server.staging.catchup.gap = 1000 (default)
2019-10-18 14:34:42,459 [c5b86445-9c87-4edb-b176-8eaf015b94aa@group-7758AFF42F36-LeaderElection38] INFO  server.RaftServerConfigKeys (ConfUtils.java:logGet(43)) - raft.server.rpc.sleep.time = 25ms (default)
2019-10-18 14:34:42,460 [c5b86445-9c87-4edb-b176-8eaf015b94aa@group-7758AFF42F36-LeaderElection38] INFO  server.RaftServerConfigKeys (ConfUtils.java:logGet(43)) - raft.server.write.element-limit = 4096 (default)
2019-10-18 14:34:42,460 [c5b86445-9c87-4edb-b176-8eaf015b94aa@group-7758AFF42F36-LeaderElection38] INFO  server.RaftServerConfigKeys (ConfUtils.java:logGet(43)) - raft.server.watch.timeout = 10s (default)
2019-10-18 14:34:42,460 [c5b86445-9c87-4edb-b176-8eaf015b94aa@group-7758AFF42F36-LeaderElection38] INFO  server.RaftServerConfigKeys (ConfUtils.java:logGet(43)) - raft.server.watch.timeout.denomination = 1s (default)
2019-10-18 14:34:42,460 [c5b86445-9c87-4edb-b176-8eaf015b94aa@group-7758AFF42F36-LeaderElection38] INFO  server.RaftServerConfigKeys (ConfUtils.java:logGet(43)) - raft.server.watch.element-limit = 65536 (default)
2019-10-18 14:34:42,461 [grpc-default-executor-2] INFO  impl.RaftServerImpl (ServerState.java:setRaftConf(357)) - c3a3cb61-beea-4a1a-8639-85f6e846679d@group-063946E92607: set configuration 0: [07da283f-72b3-4610-abc1-72d23674d905:192.168.164.233:38130, c3a3cb61-beea-4a1a-8639-85f6e846679d:192.168.164.233:33135, c5b86445-9c87-4edb-b176-8eaf015b94aa:192.168.164.233:40993], old=null at 0
2019-10-18 14:34:42,461 [grpc-default-executor-4] INFO  impl.RaftServerImpl (ServerState.java:setRaftConf(357)) - c5b86445-9c87-4edb-b176-8eaf015b94aa@group-063946E92607: set configuration 0: [07da283f-72b3-4610-abc1-72d23674d905:192.168.164.233:38130, c3a3cb61-beea-4a1a-8639-85f6e846679d:192.168.164.233:33135, c5b86445-9c87-4edb-b176-8eaf015b94aa:192.168.164.233:40993], old=null at 0
2019-10-18 14:34:42,461 [grpc-default-executor-2] INFO  segmented.SegmentedRaftLogWorker (SegmentedRaftLogWorker.java:startLogSegment(385)) - c3a3cb61-beea-4a1a-8639-85f6e846679d@group-063946E92607-SegmentedRaftLogWorker: Starting segment from index:0
2019-10-18 14:34:42,461 [grpc-default-executor-4] INFO  segmented.SegmentedRaftLogWorker (SegmentedRaftLogWorker.java:startLogSegment(385)) - c5b86445-9c87-4edb-b176-8eaf015b94aa@group-063946E92607-SegmentedRaftLogWorker: Starting segment from index:0
2019-10-18 14:34:42,462 [c5b86445-9c87-4edb-b176-8eaf015b94aa@group-7758AFF42F36-LeaderElection38] INFO  impl.RoleInfo (RoleInfo.java:updateAndGet(143)) - c5b86445-9c87-4edb-b176-8eaf015b94aa: start LeaderState
2019-10-18 14:34:42,463 [c5b86445-9c87-4edb-b176-8eaf015b94aa@group-7758AFF42F36-LeaderElection38] INFO  segmented.SegmentedRaftLogWorker (SegmentedRaftLogWorker.java:startLogSegment(385)) - c5b86445-9c87-4edb-b176-8eaf015b94aa@group-7758AFF42F36-SegmentedRaftLogWorker: Starting segment from index:0
2019-10-18 14:34:42,463 [c5b86445-9c87-4edb-b176-8eaf015b94aa@group-7758AFF42F36-LeaderElection38] INFO  impl.RaftServerImpl (ServerState.java:setRaftConf(357)) - c5b86445-9c87-4edb-b176-8eaf015b94aa@group-7758AFF42F36: set configuration 0: [c5b86445-9c87-4edb-b176-8eaf015b94aa:192.168.164.233:40993], old=null at 0
2019-10-18 14:34:42,464 [07da283f-72b3-4610-abc1-72d23674d905@group-063946E92607-SegmentedRaftLogWorker] INFO  segmented.SegmentedRaftLogWorker (SegmentedRaftLogWorker.java:execute(576)) - 07da283f-72b3-4610-abc1-72d23674d905@group-063946E92607-SegmentedRaftLogWorker: created new log segment /workdir/hadoop-ozone/integration-test/target/test-dir/MiniOzoneClusterImpl-f465728d-d17c-4acf-bac7-b15b0ed995a5/datanode-2/data/ratis/003f86dc-2db6-4654-9bbf-063946e92607/current/log_inprogress_0
2019-10-18 14:34:42,464 [c5b86445-9c87-4edb-b176-8eaf015b94aa@group-50F79935BC6A-LeaderElection39] INFO  impl.LeaderElection (LeaderElection.java:askForVotes(178)) - c5b86445-9c87-4edb-b176-8eaf015b94aa@group-50F79935BC6A-LeaderElection39: begin an election at term 37 for 0: [07da283f-72b3-4610-abc1-72d23674d905:192.168.164.233:38130, c3a3cb61-beea-4a1a-8639-85f6e846679d:192.168.164.233:33135, c5b86445-9c87-4edb-b176-8eaf015b94aa:192.168.164.233:40993], old=null
2019-10-18 14:34:42,467 [grpc-default-executor-4] INFO  impl.RaftServerImpl (RaftServerImpl.java:setRole(184)) - 07da283f-72b3-4610-abc1-72d23674d905@group-50F79935BC6A: changes role from  FOLLOWER to FOLLOWER at term 37 for recognizeCandidate:c5b86445-9c87-4edb-b176-8eaf015b94aa
2019-10-18 14:34:42,467 [grpc-default-executor-2] INFO  impl.RaftServerImpl (RaftServerImpl.java:setRole(184)) - c3a3cb61-beea-4a1a-8639-85f6e846679d@group-50F79935BC6A: changes role from  FOLLOWER to FOLLOWER at term 37 for recognizeCandidate:c5b86445-9c87-4edb-b176-8eaf015b94aa
2019-10-18 14:34:42,467 [grpc-default-executor-4] INFO  impl.RoleInfo (RoleInfo.java:shutdownFollowerState(121)) - 07da283f-72b3-4610-abc1-72d23674d905: shutdown FollowerState
2019-10-18 14:34:42,467 [grpc-default-executor-2] INFO  impl.RoleInfo (RoleInfo.java:shutdownFollowerState(121)) - c3a3cb61-beea-4a1a-8639-85f6e846679d: shutdown FollowerState
2019-10-18 14:34:42,467 [Thread-787] INFO  impl.FollowerState (FollowerState.java:run(117)) - 07da283f-72b3-4610-abc1-72d23674d905@group-50F79935BC6A-FollowerState was interrupted: java.lang.InterruptedException: sleep interrupted
2019-10-18 14:34:42,467 [grpc-default-executor-4] INFO  impl.RoleInfo (RoleInfo.java:updateAndGet(143)) - 07da283f-72b3-4610-abc1-72d23674d905: start FollowerState
2019-10-18 14:34:42,467 [grpc-default-executor-2] INFO  impl.RoleInfo (RoleInfo.java:updateAndGet(143)) - c3a3cb61-beea-4a1a-8639-85f6e846679d: start FollowerState
2019-10-18 14:34:42,467 [Thread-786] INFO  impl.FollowerState (FollowerState.java:run(117)) - c3a3cb61-beea-4a1a-8639-85f6e846679d@group-50F79935BC6A-FollowerState was interrupted: java.lang.InterruptedException: sleep interrupted
2019-10-18 14:34:42,482 [c5b86445-9c87-4edb-b176-8eaf015b94aa@group-50F79935BC6A-LeaderElection39] INFO  impl.LeaderElection (LeaderElection.java:logAndReturn(56)) - c5b86445-9c87-4edb-b176-8eaf015b94aa@group-50F79935BC6A-LeaderElection39: Election REJECTED; received 2 response(s) [c5b86445-9c87-4edb-b176-8eaf015b94aa<-07da283f-72b3-4610-abc1-72d23674d905#0:FAIL-t37, c5b86445-9c87-4edb-b176-8eaf015b94aa<-c3a3cb61-beea-4a1a-8639-85f6e846679d#0:FAIL-t37] and 0 exception(s); c5b86445-9c87-4edb-b176-8eaf015b94aa@group-50F79935BC6A:t37, leader=null, voted=c5b86445-9c87-4edb-b176-8eaf015b94aa, raftlog=c5b86445-9c87-4edb-b176-8eaf015b94aa@group-50F79935BC6A-SegmentedRaftLog:OPENED:c3,f4,i4, conf=0: [07da283f-72b3-4610-abc1-72d23674d905:192.168.164.233:38130, c3a3cb61-beea-4a1a-8639-85f6e846679d:192.168.164.233:33135, c5b86445-9c87-4edb-b176-8eaf015b94aa:192.168.164.233:40993], old=null
2019-10-18 14:34:42,482 [c5b86445-9c87-4edb-b176-8eaf015b94aa@group-50F79935BC6A-LeaderElection39] INFO  impl.RaftServerImpl (RaftServerImpl.java:setRole(184)) - c5b86445-9c87-4edb-b176-8eaf015b94aa@group-50F79935BC6A: changes role from CANDIDATE to FOLLOWER at term 37 for DISCOVERED_A_NEW_TERM
2019-10-18 14:34:42,482 [c5b86445-9c87-4edb-b176-8eaf015b94aa@group-50F79935BC6A-LeaderElection39] INFO  impl.RoleInfo (RoleInfo.java:shutdownLeaderElection(134)) - c5b86445-9c87-4edb-b176-8eaf015b94aa: shutdown LeaderElection
2019-10-18 14:34:42,483 [c5b86445-9c87-4edb-b176-8eaf015b94aa@group-50F79935BC6A-LeaderElection39] INFO  impl.RoleInfo (RoleInfo.java:updateAndGet(143)) - c5b86445-9c87-4edb-b176-8eaf015b94aa: start FollowerState
2019-10-18 14:34:42,499 [c3a3cb61-beea-4a1a-8639-85f6e846679d@group-063946E92607-SegmentedRaftLogWorker] INFO  segmented.SegmentedRaftLogWorker (SegmentedRaftLogWorker.java:execute(576)) - c3a3cb61-beea-4a1a-8639-85f6e846679d@group-063946E92607-SegmentedRaftLogWorker: created new log segment /workdir/hadoop-ozone/integration-test/target/test-dir/MiniOzoneClusterImpl-f465728d-d17c-4acf-bac7-b15b0ed995a5/datanode-0/data/ratis/003f86dc-2db6-4654-9bbf-063946e92607/current/log_inprogress_0
2019-10-18 14:34:42,499 [c5b86445-9c87-4edb-b176-8eaf015b94aa@group-063946E92607-SegmentedRaftLogWorker] INFO  segmented.SegmentedRaftLogWorker (SegmentedRaftLogWorker.java:execute(576)) - c5b86445-9c87-4edb-b176-8eaf015b94aa@group-063946E92607-SegmentedRaftLogWorker: created new log segment /workdir/hadoop-ozone/integration-test/target/test-dir/MiniOzoneClusterImpl-f465728d-d17c-4acf-bac7-b15b0ed995a5/datanode-1/data/ratis/003f86dc-2db6-4654-9bbf-063946e92607/current/log_inprogress_0
2019-10-18 14:34:42,499 [c5b86445-9c87-4edb-b176-8eaf015b94aa@group-7758AFF42F36-SegmentedRaftLogWorker] INFO  segmented.SegmentedRaftLogWorker (SegmentedRaftLogWorker.java:execute(576)) - c5b86445-9c87-4edb-b176-8eaf015b94aa@group-7758AFF42F36-SegmentedRaftLogWorker: created new log segment /workdir/hadoop-ozone/integration-test/target/test-dir/MiniOzoneClusterImpl-f465728d-d17c-4acf-bac7-b15b0ed995a5/datanode-1/data/ratis/52d42663-64d7-4a0c-924c-7758aff42f36/current/log_inprogress_0
2019-10-18 14:34:42,547 [Thread-810] INFO  impl.FollowerState (FollowerState.java:run(108)) - c5b86445-9c87-4edb-b176-8eaf015b94aa@group-50F79935BC6A-FollowerState: change to CANDIDATE, lastRpcTime:64ms, electionTimeout:64ms
2019-10-18 14:34:42,547 [Thread-810] INFO  impl.RoleInfo (RoleInfo.java:shutdownFollowerState(121)) - c5b86445-9c87-4edb-b176-8eaf015b94aa: shutdown FollowerState
2019-10-18 14:34:42,547 [Thread-810] INFO  impl.RaftServerImpl (RaftServerImpl.java:setRole(184)) - c5b86445-9c87-4edb-b176-8eaf015b94aa@group-50F79935BC6A: changes role from  FOLLOWER to CANDIDATE at term 37 for changeToCandidate
2019-10-18 14:34:42,547 [Thread-810] INFO  impl.RoleInfo (RoleInfo.java:updateAndGet(143)) - c5b86445-9c87-4edb-b176-8eaf015b94aa: start LeaderElection
2019-10-18 14:34:42,560 [c5b86445-9c87-4edb-b176-8eaf015b94aa@group-50F79935BC6A-LeaderElection40] INFO  impl.LeaderElection (LeaderElection.java:askForVotes(178)) - c5b86445-9c87-4edb-b176-8eaf015b94aa@group-50F79935BC6A-LeaderElection40: begin an election at term 38 for 0: [07da283f-72b3-4610-abc1-72d23674d905:192.168.164.233:38130, c3a3cb61-beea-4a1a-8639-85f6e846679d:192.168.164.233:33135, c5b86445-9c87-4edb-b176-8eaf015b94aa:192.168.164.233:40993], old=null
2019-10-18 14:34:42,563 [grpc-default-executor-4] INFO  impl.RaftServerImpl (RaftServerImpl.java:setRole(184)) - c3a3cb61-beea-4a1a-8639-85f6e846679d@group-50F79935BC6A: changes role from  FOLLOWER to FOLLOWER at term 38 for recognizeCandidate:c5b86445-9c87-4edb-b176-8eaf015b94aa
2019-10-18 14:34:42,563 [grpc-default-executor-2] INFO  impl.RaftServerImpl (RaftServerImpl.java:setRole(184)) - 07da283f-72b3-4610-abc1-72d23674d905@group-50F79935BC6A: changes role from  FOLLOWER to FOLLOWER at term 38 for recognizeCandidate:c5b86445-9c87-4edb-b176-8eaf015b94aa
2019-10-18 14:34:42,563 [grpc-default-executor-4] INFO  impl.RoleInfo (RoleInfo.java:shutdownFollowerState(121)) - c3a3cb61-beea-4a1a-8639-85f6e846679d: shutdown FollowerState
2019-10-18 14:34:42,563 [grpc-default-executor-2] INFO  impl.RoleInfo (RoleInfo.java:shutdownFollowerState(121)) - 07da283f-72b3-4610-abc1-72d23674d905: shutdown FollowerState
2019-10-18 14:34:42,563 [grpc-default-executor-4] INFO  impl.RoleInfo (RoleInfo.java:updateAndGet(143)) - c3a3cb61-beea-4a1a-8639-85f6e846679d: start FollowerState
2019-10-18 14:34:42,563 [grpc-default-executor-2] INFO  impl.RoleInfo (RoleInfo.java:updateAndGet(143)) - 07da283f-72b3-4610-abc1-72d23674d905: start FollowerState
2019-10-18 14:34:42,563 [Thread-809] INFO  impl.FollowerState (FollowerState.java:run(117)) - c3a3cb61-beea-4a1a-8639-85f6e846679d@group-50F79935BC6A-FollowerState was interrupted: java.lang.InterruptedException: sleep interrupted
2019-10-18 14:34:42,564 [Thread-808] INFO  impl.FollowerState (FollowerState.java:run(117)) - 07da283f-72b3-4610-abc1-72d23674d905@group-50F79935BC6A-FollowerState was interrupted: java.lang.InterruptedException: sleep interrupted
2019-10-18 14:34:42,577 [c5b86445-9c87-4edb-b176-8eaf015b94aa@group-50F79935BC6A-LeaderElection40] INFO  impl.LeaderElection (LeaderElection.java:logAndReturn(56)) - c5b86445-9c87-4edb-b176-8eaf015b94aa@group-50F79935BC6A-LeaderElection40: Election REJECTED; received 2 response(s) [c5b86445-9c87-4edb-b176-8eaf015b94aa<-07da283f-72b3-4610-abc1-72d23674d905#0:FAIL-t38, c5b86445-9c87-4edb-b176-8eaf015b94aa<-c3a3cb61-beea-4a1a-8639-85f6e846679d#0:FAIL-t38] and 0 exception(s); c5b86445-9c87-4edb-b176-8eaf015b94aa@group-50F79935BC6A:t38, leader=null, voted=c5b86445-9c87-4edb-b176-8eaf015b94aa, raftlog=c5b86445-9c87-4edb-b176-8eaf015b94aa@group-50F79935BC6A-SegmentedRaftLog:OPENED:c3,f4,i4, conf=0: [07da283f-72b3-4610-abc1-72d23674d905:192.168.164.233:38130, c3a3cb61-beea-4a1a-8639-85f6e846679d:192.168.164.233:33135, c5b86445-9c87-4edb-b176-8eaf015b94aa:192.168.164.233:40993], old=null
2019-10-18 14:34:42,577 [c5b86445-9c87-4edb-b176-8eaf015b94aa@group-50F79935BC6A-LeaderElection40] INFO  impl.RaftServerImpl (RaftServerImpl.java:setRole(184)) - c5b86445-9c87-4edb-b176-8eaf015b94aa@group-50F79935BC6A: changes role from CANDIDATE to FOLLOWER at term 38 for DISCOVERED_A_NEW_TERM
2019-10-18 14:34:42,577 [c5b86445-9c87-4edb-b176-8eaf015b94aa@group-50F79935BC6A-LeaderElection40] INFO  impl.RoleInfo (RoleInfo.java:shutdownLeaderElection(134)) - c5b86445-9c87-4edb-b176-8eaf015b94aa: shutdown LeaderElection
2019-10-18 14:34:42,578 [c5b86445-9c87-4edb-b176-8eaf015b94aa@group-50F79935BC6A-LeaderElection40] INFO  impl.RoleInfo (RoleInfo.java:updateAndGet(143)) - c5b86445-9c87-4edb-b176-8eaf015b94aa: start FollowerState
2019-10-18 14:34:42,705 [EventQueue-PendingDeleteStatusForPendingDeleteHandler] INFO  block.SCMBlockDeletingService (SCMBlockDeletingService.java:handlePendingDeletes(115)) - Block deletion txnID mismatch in datanode c5b86445-9c87-4edb-b176-8eaf015b94aa for containerID 1. Datanode delete txnID: 0, SCM txnID: 1
2019-10-18 14:34:42,727 [Thread-818] INFO  impl.FollowerState (FollowerState.java:run(108)) - c5b86445-9c87-4edb-b176-8eaf015b94aa@group-50F79935BC6A-FollowerState: change to CANDIDATE, lastRpcTime:149ms, electionTimeout:149ms
2019-10-18 14:34:42,727 [Thread-818] INFO  impl.RoleInfo (RoleInfo.java:shutdownFollowerState(121)) - c5b86445-9c87-4edb-b176-8eaf015b94aa: shutdown FollowerState
2019-10-18 14:34:42,727 [Thread-818] INFO  impl.RaftServerImpl (RaftServerImpl.java:setRole(184)) - c5b86445-9c87-4edb-b176-8eaf015b94aa@group-50F79935BC6A: changes role from  FOLLOWER to CANDIDATE at term 38 for changeToCandidate
2019-10-18 14:34:42,727 [Thread-818] INFO  impl.RoleInfo (RoleInfo.java:updateAndGet(143)) - c5b86445-9c87-4edb-b176-8eaf015b94aa: start LeaderElection
2019-10-18 14:34:42,741 [c5b86445-9c87-4edb-b176-8eaf015b94aa@group-50F79935BC6A-LeaderElection41] INFO  impl.LeaderElection (LeaderElection.java:askForVotes(178)) - c5b86445-9c87-4edb-b176-8eaf015b94aa@group-50F79935BC6A-LeaderElection41: begin an election at term 39 for 0: [07da283f-72b3-4610-abc1-72d23674d905:192.168.164.233:38130, c3a3cb61-beea-4a1a-8639-85f6e846679d:192.168.164.233:33135, c5b86445-9c87-4edb-b176-8eaf015b94aa:192.168.164.233:40993], old=null
2019-10-18 14:34:42,743 [grpc-default-executor-4] INFO  impl.RaftServerImpl (RaftServerImpl.java:setRole(184)) - 07da283f-72b3-4610-abc1-72d23674d905@group-50F79935BC6A: changes role from  FOLLOWER to FOLLOWER at term 39 for recognizeCandidate:c5b86445-9c87-4edb-b176-8eaf015b94aa
2019-10-18 14:34:42,743 [grpc-default-executor-2] INFO  impl.RaftServerImpl (RaftServerImpl.java:setRole(184)) - c3a3cb61-beea-4a1a-8639-85f6e846679d@group-50F79935BC6A: changes role from  FOLLOWER to FOLLOWER at term 39 for recognizeCandidate:c5b86445-9c87-4edb-b176-8eaf015b94aa
2019-10-18 14:34:42,743 [grpc-default-executor-4] INFO  impl.RoleInfo (RoleInfo.java:shutdownFollowerState(121)) - 07da283f-72b3-4610-abc1-72d23674d905: shutdown FollowerState
2019-10-18 14:34:42,744 [grpc-default-executor-2] INFO  impl.RoleInfo (RoleInfo.java:shutdownFollowerState(121)) - c3a3cb61-beea-4a1a-8639-85f6e846679d: shutdown FollowerState
2019-10-18 14:34:42,744 [Thread-817] INFO  impl.FollowerState (FollowerState.java:run(117)) - 07da283f-72b3-4610-abc1-72d23674d905@group-50F79935BC6A-FollowerState was interrupted: java.lang.InterruptedException: sleep interrupted
2019-10-18 14:34:42,744 [grpc-default-executor-4] INFO  impl.RoleInfo (RoleInfo.java:updateAndGet(143)) - 07da283f-72b3-4610-abc1-72d23674d905: start FollowerState
2019-10-18 14:34:42,744 [grpc-default-executor-2] INFO  impl.RoleInfo (RoleInfo.java:updateAndGet(143)) - c3a3cb61-beea-4a1a-8639-85f6e846679d: start FollowerState
2019-10-18 14:34:42,744 [Thread-816] INFO  impl.FollowerState (FollowerState.java:run(117)) - c3a3cb61-beea-4a1a-8639-85f6e846679d@group-50F79935BC6A-FollowerState was interrupted: java.lang.InterruptedException: sleep interrupted
2019-10-18 14:34:42,762 [c5b86445-9c87-4edb-b176-8eaf015b94aa@group-50F79935BC6A-LeaderElection41] INFO  impl.LeaderElection (LeaderElection.java:logAndReturn(56)) - c5b86445-9c87-4edb-b176-8eaf015b94aa@group-50F79935BC6A-LeaderElection41: Election REJECTED; received 2 response(s) [c5b86445-9c87-4edb-b176-8eaf015b94aa<-07da283f-72b3-4610-abc1-72d23674d905#0:FAIL-t39, c5b86445-9c87-4edb-b176-8eaf015b94aa<-c3a3cb61-beea-4a1a-8639-85f6e846679d#0:FAIL-t39] and 0 exception(s); c5b86445-9c87-4edb-b176-8eaf015b94aa@group-50F79935BC6A:t39, leader=null, voted=c5b86445-9c87-4edb-b176-8eaf015b94aa, raftlog=c5b86445-9c87-4edb-b176-8eaf015b94aa@group-50F79935BC6A-SegmentedRaftLog:OPENED:c3,f4,i4, conf=0: [07da283f-72b3-4610-abc1-72d23674d905:192.168.164.233:38130, c3a3cb61-beea-4a1a-8639-85f6e846679d:192.168.164.233:33135, c5b86445-9c87-4edb-b176-8eaf015b94aa:192.168.164.233:40993], old=null
2019-10-18 14:34:42,762 [c5b86445-9c87-4edb-b176-8eaf015b94aa@group-50F79935BC6A-LeaderElection41] INFO  impl.RaftServerImpl (RaftServerImpl.java:setRole(184)) - c5b86445-9c87-4edb-b176-8eaf015b94aa@group-50F79935BC6A: changes role from CANDIDATE to FOLLOWER at term 39 for DISCOVERED_A_NEW_TERM
2019-10-18 14:34:42,762 [c5b86445-9c87-4edb-b176-8eaf015b94aa@group-50F79935BC6A-LeaderElection41] INFO  impl.RoleInfo (RoleInfo.java:shutdownLeaderElection(134)) - c5b86445-9c87-4edb-b176-8eaf015b94aa: shutdown LeaderElection
2019-10-18 14:34:42,762 [c5b86445-9c87-4edb-b176-8eaf015b94aa@group-50F79935BC6A-LeaderElection41] INFO  impl.RoleInfo (RoleInfo.java:updateAndGet(143)) - c5b86445-9c87-4edb-b176-8eaf015b94aa: start FollowerState
2019-10-18 14:34:42,781 [Thread-824] INFO  impl.FollowerState (FollowerState.java:run(108)) - c5b86445-9c87-4edb-b176-8eaf015b94aa@group-50F79935BC6A-FollowerState: change to CANDIDATE, lastRpcTime:18ms, electionTimeout:18ms
2019-10-18 14:34:42,781 [Thread-824] INFO  impl.RoleInfo (RoleInfo.java:shutdownFollowerState(121)) - c5b86445-9c87-4edb-b176-8eaf015b94aa: shutdown FollowerState
2019-10-18 14:34:42,781 [Thread-824] INFO  impl.RaftServerImpl (RaftServerImpl.java:setRole(184)) - c5b86445-9c87-4edb-b176-8eaf015b94aa@group-50F79935BC6A: changes role from  FOLLOWER to CANDIDATE at term 39 for changeToCandidate
2019-10-18 14:34:42,781 [Thread-824] INFO  impl.RoleInfo (RoleInfo.java:updateAndGet(143)) - c5b86445-9c87-4edb-b176-8eaf015b94aa: start LeaderElection
2019-10-18 14:34:42,794 [c5b86445-9c87-4edb-b176-8eaf015b94aa@group-50F79935BC6A-LeaderElection42] INFO  impl.LeaderElection (LeaderElection.java:askForVotes(178)) - c5b86445-9c87-4edb-b176-8eaf015b94aa@group-50F79935BC6A-LeaderElection42: begin an election at term 40 for 0: [07da283f-72b3-4610-abc1-72d23674d905:192.168.164.233:38130, c3a3cb61-beea-4a1a-8639-85f6e846679d:192.168.164.233:33135, c5b86445-9c87-4edb-b176-8eaf015b94aa:192.168.164.233:40993], old=null
2019-10-18 14:34:42,797 [grpc-default-executor-2] INFO  impl.RaftServerImpl (RaftServerImpl.java:setRole(184)) - c3a3cb61-beea-4a1a-8639-85f6e846679d@group-50F79935BC6A: changes role from  FOLLOWER to FOLLOWER at term 40 for recognizeCandidate:c5b86445-9c87-4edb-b176-8eaf015b94aa
2019-10-18 14:34:42,797 [grpc-default-executor-4] INFO  impl.RaftServerImpl (RaftServerImpl.java:setRole(184)) - 07da283f-72b3-4610-abc1-72d23674d905@group-50F79935BC6A: changes role from  FOLLOWER to FOLLOWER at term 40 for recognizeCandidate:c5b86445-9c87-4edb-b176-8eaf015b94aa
2019-10-18 14:34:42,797 [grpc-default-executor-2] INFO  impl.RoleInfo (RoleInfo.java:shutdownFollowerState(121)) - c3a3cb61-beea-4a1a-8639-85f6e846679d: shutdown FollowerState
2019-10-18 14:34:42,797 [grpc-default-executor-4] INFO  impl.RoleInfo (RoleInfo.java:shutdownFollowerState(121)) - 07da283f-72b3-4610-abc1-72d23674d905: shutdown FollowerState
2019-10-18 14:34:42,797 [grpc-default-executor-2] INFO  impl.RoleInfo (RoleInfo.java:updateAndGet(143)) - c3a3cb61-beea-4a1a-8639-85f6e846679d: start FollowerState
2019-10-18 14:34:42,797 [Thread-823] INFO  impl.FollowerState (FollowerState.java:run(117)) - c3a3cb61-beea-4a1a-8639-85f6e846679d@group-50F79935BC6A-FollowerState was interrupted: java.lang.InterruptedException: sleep interrupted
2019-10-18 14:34:42,798 [Thread-822] INFO  impl.FollowerState (FollowerState.java:run(117)) - 07da283f-72b3-4610-abc1-72d23674d905@group-50F79935BC6A-FollowerState was interrupted: java.lang.InterruptedException: sleep interrupted
2019-10-18 14:34:42,797 [grpc-default-executor-4] INFO  impl.RoleInfo (RoleInfo.java:updateAndGet(143)) - 07da283f-72b3-4610-abc1-72d23674d905: start FollowerState
2019-10-18 14:34:42,813 [c5b86445-9c87-4edb-b176-8eaf015b94aa@group-50F79935BC6A-LeaderElection42] INFO  impl.LeaderElection (LeaderElection.java:logAndReturn(56)) - c5b86445-9c87-4edb-b176-8eaf015b94aa@group-50F79935BC6A-LeaderElection42: Election REJECTED; received 2 response(s) [c5b86445-9c87-4edb-b176-8eaf015b94aa<-07da283f-72b3-4610-abc1-72d23674d905#0:FAIL-t40, c5b86445-9c87-4edb-b176-8eaf015b94aa<-c3a3cb61-beea-4a1a-8639-85f6e846679d#0:FAIL-t40] and 0 exception(s); c5b86445-9c87-4edb-b176-8eaf015b94aa@group-50F79935BC6A:t40, leader=null, voted=c5b86445-9c87-4edb-b176-8eaf015b94aa, raftlog=c5b86445-9c87-4edb-b176-8eaf015b94aa@group-50F79935BC6A-SegmentedRaftLog:OPENED:c3,f4,i4, conf=0: [07da283f-72b3-4610-abc1-72d23674d905:192.168.164.233:38130, c3a3cb61-beea-4a1a-8639-85f6e846679d:192.168.164.233:33135, c5b86445-9c87-4edb-b176-8eaf015b94aa:192.168.164.233:40993], old=null
2019-10-18 14:34:42,813 [c5b86445-9c87-4edb-b176-8eaf015b94aa@group-50F79935BC6A-LeaderElection42] INFO  impl.RaftServerImpl (RaftServerImpl.java:setRole(184)) - c5b86445-9c87-4edb-b176-8eaf015b94aa@group-50F79935BC6A: changes role from CANDIDATE to FOLLOWER at term 40 for DISCOVERED_A_NEW_TERM
2019-10-18 14:34:42,813 [c5b86445-9c87-4edb-b176-8eaf015b94aa@group-50F79935BC6A-LeaderElection42] INFO  impl.RoleInfo (RoleInfo.java:shutdownLeaderElection(134)) - c5b86445-9c87-4edb-b176-8eaf015b94aa: shutdown LeaderElection
2019-10-18 14:34:42,814 [c5b86445-9c87-4edb-b176-8eaf015b94aa@group-50F79935BC6A-LeaderElection42] INFO  impl.RoleInfo (RoleInfo.java:updateAndGet(143)) - c5b86445-9c87-4edb-b176-8eaf015b94aa: start FollowerState
2019-10-18 14:34:42,924 [Thread-830] INFO  impl.FollowerState (FollowerState.java:run(108)) - c5b86445-9c87-4edb-b176-8eaf015b94aa@group-50F79935BC6A-FollowerState: change to CANDIDATE, lastRpcTime:110ms, electionTimeout:110ms
2019-10-18 14:34:42,924 [Thread-830] INFO  impl.RoleInfo (RoleInfo.java:shutdownFollowerState(121)) - c5b86445-9c87-4edb-b176-8eaf015b94aa: shutdown FollowerState
2019-10-18 14:34:42,924 [Thread-830] INFO  impl.RaftServerImpl (RaftServerImpl.java:setRole(184)) - c5b86445-9c87-4edb-b176-8eaf015b94aa@group-50F79935BC6A: changes role from  FOLLOWER to CANDIDATE at term 40 for changeToCandidate
2019-10-18 14:34:42,924 [Thread-830] INFO  impl.RoleInfo (RoleInfo.java:updateAndGet(143)) - c5b86445-9c87-4edb-b176-8eaf015b94aa: start LeaderElection
2019-10-18 14:34:42,939 [c5b86445-9c87-4edb-b176-8eaf015b94aa@group-50F79935BC6A-LeaderElection43] INFO  impl.LeaderElection (LeaderElection.java:askForVotes(178)) - c5b86445-9c87-4edb-b176-8eaf015b94aa@group-50F79935BC6A-LeaderElection43: begin an election at term 41 for 0: [07da283f-72b3-4610-abc1-72d23674d905:192.168.164.233:38130, c3a3cb61-beea-4a1a-8639-85f6e846679d:192.168.164.233:33135, c5b86445-9c87-4edb-b176-8eaf015b94aa:192.168.164.233:40993], old=null
2019-10-18 14:34:42,942 [grpc-default-executor-4] INFO  impl.RaftServerImpl (RaftServerImpl.java:setRole(184)) - 07da283f-72b3-4610-abc1-72d23674d905@group-50F79935BC6A: changes role from  FOLLOWER to FOLLOWER at term 41 for recognizeCandidate:c5b86445-9c87-4edb-b176-8eaf015b94aa
2019-10-18 14:34:42,943 [grpc-default-executor-4] INFO  impl.RoleInfo (RoleInfo.java:shutdownFollowerState(121)) - 07da283f-72b3-4610-abc1-72d23674d905: shutdown FollowerState
2019-10-18 14:34:42,943 [grpc-default-executor-4] INFO  impl.RoleInfo (RoleInfo.java:updateAndGet(143)) - 07da283f-72b3-4610-abc1-72d23674d905: start FollowerState
2019-10-18 14:34:42,943 [Thread-829] INFO  impl.FollowerState (FollowerState.java:run(117)) - 07da283f-72b3-4610-abc1-72d23674d905@group-50F79935BC6A-FollowerState was interrupted: java.lang.InterruptedException: sleep interrupted
2019-10-18 14:34:42,943 [grpc-default-executor-2] INFO  impl.RaftServerImpl (RaftServerImpl.java:setRole(184)) - c3a3cb61-beea-4a1a-8639-85f6e846679d@group-50F79935BC6A: changes role from  FOLLOWER to FOLLOWER at term 41 for recognizeCandidate:c5b86445-9c87-4edb-b176-8eaf015b94aa
2019-10-18 14:34:42,944 [grpc-default-executor-2] INFO  impl.RoleInfo (RoleInfo.java:shutdownFollowerState(121)) - c3a3cb61-beea-4a1a-8639-85f6e846679d: shutdown FollowerState
2019-10-18 14:34:42,944 [Thread-828] INFO  impl.FollowerState (FollowerState.java:run(117)) - c3a3cb61-beea-4a1a-8639-85f6e846679d@group-50F79935BC6A-FollowerState was interrupted: java.lang.InterruptedException: sleep interrupted
2019-10-18 14:34:42,944 [grpc-default-executor-2] INFO  impl.RoleInfo (RoleInfo.java:updateAndGet(143)) - c3a3cb61-beea-4a1a-8639-85f6e846679d: start FollowerState
2019-10-18 14:34:42,945 [c5b86445-9c87-4edb-b176-8eaf015b94aa@group-50F79935BC6A-LeaderElection43] INFO  impl.LeaderElection (LeaderElection.java:logAndReturn(56)) - c5b86445-9c87-4edb-b176-8eaf015b94aa@group-50F79935BC6A-LeaderElection43: Election TIMEOUT; received 0 response(s) [] and 0 exception(s); c5b86445-9c87-4edb-b176-8eaf015b94aa@group-50F79935BC6A:t41, leader=null, voted=c5b86445-9c87-4edb-b176-8eaf015b94aa, raftlog=c5b86445-9c87-4edb-b176-8eaf015b94aa@group-50F79935BC6A-SegmentedRaftLog:OPENED:c3,f4,i4, conf=0: [07da283f-72b3-4610-abc1-72d23674d905:192.168.164.233:38130, c3a3cb61-beea-4a1a-8639-85f6e846679d:192.168.164.233:33135, c5b86445-9c87-4edb-b176-8eaf015b94aa:192.168.164.233:40993], old=null
2019-10-18 14:34:42,956 [c5b86445-9c87-4edb-b176-8eaf015b94aa@group-50F79935BC6A-LeaderElection43] INFO  impl.LeaderElection (LeaderElection.java:askForVotes(178)) - c5b86445-9c87-4edb-b176-8eaf015b94aa@group-50F79935BC6A-LeaderElection43: begin an election at term 42 for 0: [07da283f-72b3-4610-abc1-72d23674d905:192.168.164.233:38130, c3a3cb61-beea-4a1a-8639-85f6e846679d:192.168.164.233:33135, c5b86445-9c87-4edb-b176-8eaf015b94aa:192.168.164.233:40993], old=null
2019-10-18 14:34:42,958 [grpc-default-executor-4] INFO  impl.RaftServerImpl (RaftServerImpl.java:setRole(184)) - c3a3cb61-beea-4a1a-8639-85f6e846679d@group-50F79935BC6A: changes role from  FOLLOWER to FOLLOWER at term 42 for recognizeCandidate:c5b86445-9c87-4edb-b176-8eaf015b94aa
2019-10-18 14:34:42,958 [grpc-default-executor-4] INFO  impl.RoleInfo (RoleInfo.java:shutdownFollowerState(121)) - c3a3cb61-beea-4a1a-8639-85f6e846679d: shutdown FollowerState
2019-10-18 14:34:42,958 [grpc-default-executor-2] INFO  impl.RaftServerImpl (RaftServerImpl.java:setRole(184)) - 07da283f-72b3-4610-abc1-72d23674d905@group-50F79935BC6A: changes role from  FOLLOWER to FOLLOWER at term 42 for recognizeCandidate:c5b86445-9c87-4edb-b176-8eaf015b94aa
2019-10-18 14:34:42,959 [Thread-835] INFO  impl.FollowerState (FollowerState.java:run(117)) - c3a3cb61-beea-4a1a-8639-85f6e846679d@group-50F79935BC6A-FollowerState was interrupted: java.lang.InterruptedException: sleep interrupted
2019-10-18 14:34:42,959 [grpc-default-executor-4] INFO  impl.RoleInfo (RoleInfo.java:updateAndGet(143)) - c3a3cb61-beea-4a1a-8639-85f6e846679d: start FollowerState
2019-10-18 14:34:42,959 [grpc-default-executor-2] INFO  impl.RoleInfo (RoleInfo.java:shutdownFollowerState(121)) - 07da283f-72b3-4610-abc1-72d23674d905: shutdown FollowerState
2019-10-18 14:34:42,959 [Thread-834] INFO  impl.FollowerState (FollowerState.java:run(117)) - 07da283f-72b3-4610-abc1-72d23674d905@group-50F79935BC6A-FollowerState was interrupted: java.lang.InterruptedException: sleep interrupted
2019-10-18 14:34:42,959 [grpc-default-executor-2] INFO  impl.RoleInfo (RoleInfo.java:updateAndGet(143)) - 07da283f-72b3-4610-abc1-72d23674d905: start FollowerState
2019-10-18 14:34:42,974 [c5b86445-9c87-4edb-b176-8eaf015b94aa@group-50F79935BC6A-LeaderElection43] INFO  impl.LeaderElection (LeaderElection.java:logAndReturn(56)) - c5b86445-9c87-4edb-b176-8eaf015b94aa@group-50F79935BC6A-LeaderElection43: Election REJECTED; received 2 response(s) [c5b86445-9c87-4edb-b176-8eaf015b94aa<-07da283f-72b3-4610-abc1-72d23674d905#0:FAIL-t42, c5b86445-9c87-4edb-b176-8eaf015b94aa<-c3a3cb61-beea-4a1a-8639-85f6e846679d#0:FAIL-t42] and 0 exception(s); c5b86445-9c87-4edb-b176-8eaf015b94aa@group-50F79935BC6A:t42, leader=null, voted=c5b86445-9c87-4edb-b176-8eaf015b94aa, raftlog=c5b86445-9c87-4edb-b176-8eaf015b94aa@group-50F79935BC6A-SegmentedRaftLog:OPENED:c3,f4,i4, conf=0: [07da283f-72b3-4610-abc1-72d23674d905:192.168.164.233:38130, c3a3cb61-beea-4a1a-8639-85f6e846679d:192.168.164.233:33135, c5b86445-9c87-4edb-b176-8eaf015b94aa:192.168.164.233:40993], old=null
2019-10-18 14:34:42,974 [c5b86445-9c87-4edb-b176-8eaf015b94aa@group-50F79935BC6A-LeaderElection43] INFO  impl.RaftServerImpl (RaftServerImpl.java:setRole(184)) - c5b86445-9c87-4edb-b176-8eaf015b94aa@group-50F79935BC6A: changes role from CANDIDATE to FOLLOWER at term 42 for DISCOVERED_A_NEW_TERM
2019-10-18 14:34:42,974 [c5b86445-9c87-4edb-b176-8eaf015b94aa@group-50F79935BC6A-LeaderElection43] INFO  impl.RoleInfo (RoleInfo.java:shutdownLeaderElection(134)) - c5b86445-9c87-4edb-b176-8eaf015b94aa: shutdown LeaderElection
2019-10-18 14:34:42,974 [c5b86445-9c87-4edb-b176-8eaf015b94aa@group-50F79935BC6A-LeaderElection43] INFO  impl.RoleInfo (RoleInfo.java:updateAndGet(143)) - c5b86445-9c87-4edb-b176-8eaf015b94aa: start FollowerState
2019-10-18 14:34:43,006 [EventQueue-PendingDeleteStatusForPendingDeleteHandler] INFO  block.SCMBlockDeletingService (SCMBlockDeletingService.java:handlePendingDeletes(115)) - Block deletion txnID mismatch in datanode c5b86445-9c87-4edb-b176-8eaf015b94aa for containerID 1. Datanode delete txnID: 0, SCM txnID: 1
2019-10-18 14:34:43,122 [Command processor thread] INFO  commandhandler.DeleteBlocksCommandHandler (DeleteBlocksCommandHandler.java:handle(106)) - Start to delete container blocks, TXIDs=[1(0)], numOfContainers=1, numOfBlocks=1
2019-10-18 14:34:43,122 [Command processor thread] INFO  commandhandler.DeleteBlocksCommandHandler (DeleteBlocksCommandHandler.java:handle(106)) - Start to delete container blocks, TXIDs=[1(0)], numOfContainers=1, numOfBlocks=1
2019-10-18 14:34:43,122 [Command processor thread] INFO  commandhandler.DeleteBlocksCommandHandler (DeleteBlocksCommandHandler.java:handle(106)) - Start to delete container blocks, TXIDs=[1(2)], numOfContainers=1, numOfBlocks=1
2019-10-18 14:34:43,123 [Command processor thread] INFO  commandhandler.DeleteBlocksCommandHandler (DeleteBlocksCommandHandler.java:handle(106)) - Start to delete container blocks, TXIDs=[1(4)], numOfContainers=1, numOfBlocks=1
2019-10-18 14:34:43,123 [Command processor thread] INFO  commandhandler.DeleteBlocksCommandHandler (DeleteBlocksCommandHandler.java:handle(106)) - Start to delete container blocks, TXIDs=[1(2)], numOfContainers=1, numOfBlocks=1
2019-10-18 14:34:43,123 [Command processor thread] INFO  commandhandler.DeleteBlocksCommandHandler (DeleteBlocksCommandHandler.java:handle(106)) - Start to delete container blocks, TXIDs=[1(0)], numOfContainers=1, numOfBlocks=1
2019-10-18 14:34:43,123 [Command processor thread] INFO  commandhandler.DeleteBlocksCommandHandler (DeleteBlocksCommandHandler.java:handle(106)) - Start to delete container blocks, TXIDs=[1(7)], numOfContainers=1, numOfBlocks=1
2019-10-18 14:34:43,123 [Command processor thread] INFO  commandhandler.DeleteBlocksCommandHandler (DeleteBlocksCommandHandler.java:handle(106)) - Start to delete container blocks, TXIDs=[1(4)], numOfContainers=1, numOfBlocks=1
2019-10-18 14:34:43,123 [Command processor thread] INFO  commandhandler.DeleteBlocksCommandHandler (DeleteBlocksCommandHandler.java:handle(106)) - Start to delete container blocks, TXIDs=[1(0)], numOfContainers=1, numOfBlocks=1
2019-10-18 14:34:43,124 [Command processor thread] INFO  commandhandler.DeleteBlocksCommandHandler (DeleteBlocksCommandHandler.java:handle(106)) - Start to delete container blocks, TXIDs=[1(2)], numOfContainers=1, numOfBlocks=1
2019-10-18 14:34:43,124 [Command processor thread] INFO  commandhandler.DeleteBlocksCommandHandler (DeleteBlocksCommandHandler.java:handle(106)) - Start to delete container blocks, TXIDs=[1(11)], numOfContainers=1, numOfBlocks=1
2019-10-18 14:34:43,124 [Command processor thread] INFO  commandhandler.DeleteBlocksCommandHandler (DeleteBlocksCommandHandler.java:handle(106)) - Start to delete container blocks, TXIDs=[1(4)], numOfContainers=1, numOfBlocks=1
2019-10-18 14:34:43,124 [Command processor thread] INFO  commandhandler.DeleteBlocksCommandHandler (DeleteBlocksCommandHandler.java:handle(106)) - Start to delete container blocks, TXIDs=[1(2)], numOfContainers=1, numOfBlocks=1
2019-10-18 14:34:43,124 [Command processor thread] INFO  commandhandler.DeleteBlocksCommandHandler (DeleteBlocksCommandHandler.java:handle(106)) - Start to delete container blocks, TXIDs=[1(7)], numOfContainers=1, numOfBlocks=1
2019-10-18 14:34:43,124 [Command processor thread] INFO  commandhandler.DeleteBlocksCommandHandler (DeleteBlocksCommandHandler.java:handle(106)) - Start to delete container blocks, TXIDs=[1(0)], numOfContainers=1, numOfBlocks=1
2019-10-18 14:34:43,125 [Command processor thread] INFO  commandhandler.DeleteBlocksCommandHandler (DeleteBlocksCommandHandler.java:handle(106)) - Start to delete container blocks, TXIDs=[1(11)], numOfContainers=1, numOfBlocks=1
2019-10-18 14:34:43,125 [Command processor thread] INFO  commandhandler.DeleteBlocksCommandHandler (DeleteBlocksCommandHandler.java:handle(106)) - Start to delete container blocks, TXIDs=[1(11)], numOfContainers=1, numOfBlocks=1
2019-10-18 14:34:43,125 [Command processor thread] INFO  commandhandler.DeleteBlocksCommandHandler (DeleteBlocksCommandHandler.java:handle(106)) - Start to delete container blocks, TXIDs=[1(4)], numOfContainers=1, numOfBlocks=1
2019-10-18 14:34:43,125 [Command processor thread] INFO  commandhandler.DeleteBlocksCommandHandler (DeleteBlocksCommandHandler.java:handle(106)) - Start to delete container blocks, TXIDs=[1(2)], numOfContainers=1, numOfBlocks=1
2019-10-18 14:34:43,125 [Command processor thread] INFO  commandhandler.DeleteBlocksCommandHandler (DeleteBlocksCommandHandler.java:handle(106)) - Start to delete container blocks, TXIDs=[1(7)], numOfContainers=1, numOfBlocks=1
2019-10-18 14:34:43,125 [Command processor thread] INFO  commandhandler.DeleteBlocksCommandHandler (DeleteBlocksCommandHandler.java:handle(106)) - Start to delete container blocks, TXIDs=[1(0)], numOfContainers=1, numOfBlocks=1
2019-10-18 14:34:43,125 [Command processor thread] INFO  commandhandler.DeleteBlocksCommandHandler (DeleteBlocksCommandHandler.java:handle(106)) - Start to delete container blocks, TXIDs=[1(11)], numOfContainers=1, numOfBlocks=1
2019-10-18 14:34:43,126 [Command processor thread] INFO  commandhandler.DeleteBlocksCommandHandler (DeleteBlocksCommandHandler.java:handle(106)) - Start to delete container blocks, TXIDs=[1(7)], numOfContainers=1, numOfBlocks=1
2019-10-18 14:34:43,126 [Command processor thread] INFO  commandhandler.DeleteBlocksCommandHandler (DeleteBlocksCommandHandler.java:handle(106)) - Start to delete container blocks, TXIDs=[1(0)], numOfContainers=1, numOfBlocks=1
2019-10-18 14:34:43,126 [Command processor thread] INFO  commandhandler.DeleteBlocksCommandHandler (DeleteBlocksCommandHandler.java:handle(106)) - Start to delete container blocks, TXIDs=[1(11)], numOfContainers=1, numOfBlocks=1
2019-10-18 14:34:43,126 [Command processor thread] INFO  commandhandler.DeleteBlocksCommandHandler (DeleteBlocksCommandHandler.java:handle(106)) - Start to delete container blocks, TXIDs=[1(2)], numOfContainers=1, numOfBlocks=1
2019-10-18 14:34:43,126 [Command processor thread] INFO  commandhandler.DeleteBlocksCommandHandler (DeleteBlocksCommandHandler.java:handle(106)) - Start to delete container blocks, TXIDs=[1(4)], numOfContainers=1, numOfBlocks=1
2019-10-18 14:34:43,126 [Command processor thread] INFO  commandhandler.DeleteBlocksCommandHandler (DeleteBlocksCommandHandler.java:handle(106)) - Start to delete container blocks, TXIDs=[1(11)], numOfContainers=1, numOfBlocks=1
2019-10-18 14:34:43,127 [Command processor thread] INFO  commandhandler.DeleteBlocksCommandHandler (DeleteBlocksCommandHandler.java:handle(106)) - Start to delete container blocks, TXIDs=[1(11)], numOfContainers=1, numOfBlocks=1
2019-10-18 14:34:43,127 [Command processor thread] INFO  commandhandler.DeleteBlocksCommandHandler (DeleteBlocksCommandHandler.java:handle(106)) - Start to delete container blocks, TXIDs=[1(7)], numOfContainers=1, numOfBlocks=1
2019-10-18 14:34:43,127 [Command processor thread] INFO  commandhandler.DeleteBlocksCommandHandler (DeleteBlocksCommandHandler.java:handle(106)) - Start to delete container blocks, TXIDs=[1(0)], numOfContainers=1, numOfBlocks=1
2019-10-18 14:34:43,127 [Command processor thread] INFO  commandhandler.DeleteBlocksCommandHandler (DeleteBlocksCommandHandler.java:handle(106)) - Start to delete container blocks, TXIDs=[1(11)], numOfContainers=1, numOfBlocks=1
2019-10-18 14:34:43,127 [Command processor thread] INFO  commandhandler.DeleteBlocksCommandHandler (DeleteBlocksCommandHandler.java:handle(106)) - Start to delete container blocks, TXIDs=[1(39)], numOfContainers=1, numOfBlocks=1
2019-10-18 14:34:43,127 [Command processor thread] INFO  commandhandler.DeleteBlocksCommandHandler (DeleteBlocksCommandHandler.java:handle(106)) - Start to delete container blocks, TXIDs=[1(2)], numOfContainers=1, numOfBlocks=1
2019-10-18 14:34:43,127 [Command processor thread] INFO  commandhandler.DeleteBlocksCommandHandler (DeleteBlocksCommandHandler.java:handle(106)) - Start to delete container blocks, TXIDs=[1(11)], numOfContainers=1, numOfBlocks=1
2019-10-18 14:34:43,128 [Command processor thread] INFO  commandhandler.DeleteBlocksCommandHandler (DeleteBlocksCommandHandler.java:handle(106)) - Start to delete container blocks, TXIDs=[1(4)], numOfContainers=1, numOfBlocks=1
2019-10-18 14:34:43,139 [Thread-840] INFO  impl.FollowerState (FollowerState.java:run(108)) - c5b86445-9c87-4edb-b176-8eaf015b94aa@group-50F79935BC6A-FollowerState: change to CANDIDATE, lastRpcTime:165ms, electionTimeout:165ms
2019-10-18 14:34:43,140 [Thread-840] INFO  impl.RoleInfo (RoleInfo.java:shutdownFollowerState(121)) - c5b86445-9c87-4edb-b176-8eaf015b94aa: shutdown FollowerState
2019-10-18 14:34:43,140 [Thread-840] INFO  impl.RaftServerImpl (RaftServerImpl.java:setRole(184)) - c5b86445-9c87-4edb-b176-8eaf015b94aa@group-50F79935BC6A: changes role from  FOLLOWER to CANDIDATE at term 42 for changeToCandidate
2019-10-18 14:34:43,140 [Thread-840] INFO  impl.RoleInfo (RoleInfo.java:updateAndGet(143)) - c5b86445-9c87-4edb-b176-8eaf015b94aa: start LeaderElection
2019-10-18 14:34:43,154 [c5b86445-9c87-4edb-b176-8eaf015b94aa@group-50F79935BC6A-LeaderElection44] INFO  impl.LeaderElection (LeaderElection.java:askForVotes(178)) - c5b86445-9c87-4edb-b176-8eaf015b94aa@group-50F79935BC6A-LeaderElection44: begin an election at term 43 for 0: [07da283f-72b3-4610-abc1-72d23674d905:192.168.164.233:38130, c3a3cb61-beea-4a1a-8639-85f6e846679d:192.168.164.233:33135, c5b86445-9c87-4edb-b176-8eaf015b94aa:192.168.164.233:40993], old=null
2019-10-18 14:34:43,157 [grpc-default-executor-2] INFO  impl.RaftServerImpl (RaftServerImpl.java:setRole(184)) - c3a3cb61-beea-4a1a-8639-85f6e846679d@group-50F79935BC6A: changes role from  FOLLOWER to FOLLOWER at term 43 for recognizeCandidate:c5b86445-9c87-4edb-b176-8eaf015b94aa
2019-10-18 14:34:43,157 [grpc-default-executor-2] INFO  impl.RoleInfo (RoleInfo.java:shutdownFollowerState(121)) - c3a3cb61-beea-4a1a-8639-85f6e846679d: shutdown FollowerState
2019-10-18 14:34:43,157 [grpc-default-executor-4] INFO  impl.RaftServerImpl (RaftServerImpl.java:setRole(184)) - 07da283f-72b3-4610-abc1-72d23674d905@group-50F79935BC6A: changes role from  FOLLOWER to FOLLOWER at term 43 for recognizeCandidate:c5b86445-9c87-4edb-b176-8eaf015b94aa
2019-10-18 14:34:43,157 [Thread-838] INFO  impl.FollowerState (FollowerState.java:run(117)) - c3a3cb61-beea-4a1a-8639-85f6e846679d@group-50F79935BC6A-FollowerState was interrupted: java.lang.InterruptedException: sleep interrupted
2019-10-18 14:34:43,157 [grpc-default-executor-2] INFO  impl.RoleInfo (RoleInfo.java:updateAndGet(143)) - c3a3cb61-beea-4a1a-8639-85f6e846679d: start FollowerState
2019-10-18 14:34:43,157 [grpc-default-executor-4] INFO  impl.RoleInfo (RoleInfo.java:shutdownFollowerState(121)) - 07da283f-72b3-4610-abc1-72d23674d905: shutdown FollowerState
2019-10-18 14:34:43,157 [grpc-default-executor-4] INFO  impl.RoleInfo (RoleInfo.java:updateAndGet(143)) - 07da283f-72b3-4610-abc1-72d23674d905: start FollowerState
2019-10-18 14:34:43,157 [Thread-839] INFO  impl.FollowerState (FollowerState.java:run(117)) - 07da283f-72b3-4610-abc1-72d23674d905@group-50F79935BC6A-FollowerState was interrupted: java.lang.InterruptedException: sleep interrupted
2019-10-18 14:34:43,172 [c5b86445-9c87-4edb-b176-8eaf015b94aa@group-50F79935BC6A-LeaderElection44] INFO  impl.LeaderElection (LeaderElection.java:logAndReturn(56)) - c5b86445-9c87-4edb-b176-8eaf015b94aa@group-50F79935BC6A-LeaderElection44: Election REJECTED; received 2 response(s) [c5b86445-9c87-4edb-b176-8eaf015b94aa<-07da283f-72b3-4610-abc1-72d23674d905#0:FAIL-t43, c5b86445-9c87-4edb-b176-8eaf015b94aa<-c3a3cb61-beea-4a1a-8639-85f6e846679d#0:FAIL-t43] and 0 exception(s); c5b86445-9c87-4edb-b176-8eaf015b94aa@group-50F79935BC6A:t43, leader=null, voted=c5b86445-9c87-4edb-b176-8eaf015b94aa, raftlog=c5b86445-9c87-4edb-b176-8eaf015b94aa@group-50F79935BC6A-SegmentedRaftLog:OPENED:c3,f4,i4, conf=0: [07da283f-72b3-4610-abc1-72d23674d905:192.168.164.233:38130, c3a3cb61-beea-4a1a-8639-85f6e846679d:192.168.164.233:33135, c5b86445-9c87-4edb-b176-8eaf015b94aa:192.168.164.233:40993], old=null
2019-10-18 14:34:43,172 [c5b86445-9c87-4edb-b176-8eaf015b94aa@group-50F79935BC6A-LeaderElection44] INFO  impl.RaftServerImpl (RaftServerImpl.java:setRole(184)) - c5b86445-9c87-4edb-b176-8eaf015b94aa@group-50F79935BC6A: changes role from CANDIDATE to FOLLOWER at term 43 for DISCOVERED_A_NEW_TERM
2019-10-18 14:34:43,172 [c5b86445-9c87-4edb-b176-8eaf015b94aa@group-50F79935BC6A-LeaderElection44] INFO  impl.RoleInfo (RoleInfo.java:shutdownLeaderElection(134)) - c5b86445-9c87-4edb-b176-8eaf015b94aa: shutdown LeaderElection
2019-10-18 14:34:43,172 [c5b86445-9c87-4edb-b176-8eaf015b94aa@group-50F79935BC6A-LeaderElection44] INFO  impl.RoleInfo (RoleInfo.java:updateAndGet(143)) - c5b86445-9c87-4edb-b176-8eaf015b94aa: start FollowerState
2019-10-18 14:34:43,195 [pool-7-thread-6] INFO  commands.RetriableDatanodeEventWatcher (RetriableDatanodeEventWatcher.java:onTimeout(47)) - RetriableDatanodeCommand type=deleteBlocksCommand with id=1571409275199 timed out. Retrying.
2019-10-18 14:34:43,199 [pool-7-thread-6] INFO  commands.RetriableDatanodeEventWatcher (RetriableDatanodeEventWatcher.java:onTimeout(47)) - RetriableDatanodeCommand type=deleteBlocksCommand with id=1571409275202 timed out. Retrying.
2019-10-18 14:34:43,199 [pool-7-thread-2] INFO  commands.RetriableDatanodeEventWatcher (RetriableDatanodeEventWatcher.java:onTimeout(47)) - RetriableDatanodeCommand type=deleteBlocksCommand with id=1571409275198 timed out. Retrying.
2019-10-18 14:34:43,199 [pool-7-thread-3] INFO  commands.RetriableDatanodeEventWatcher (RetriableDatanodeEventWatcher.java:onTimeout(47)) - RetriableDatanodeCommand type=deleteBlocksCommand with id=1571409275192 timed out. Retrying.
2019-10-18 14:34:43,199 [pool-7-thread-5] INFO  commands.RetriableDatanodeEventWatcher (RetriableDatanodeEventWatcher.java:onTimeout(47)) - RetriableDatanodeCommand type=deleteBlocksCommand with id=1571409275201 timed out. Retrying.
2019-10-18 14:34:43,199 [pool-7-thread-5] INFO  commands.RetriableDatanodeEventWatcher (RetriableDatanodeEventWatcher.java:onTimeout(47)) - RetriableDatanodeCommand type=deleteBlocksCommand with id=1571409275200 timed out. Retrying.
2019-10-18 14:34:43,200 [pool-7-thread-2] INFO  commands.RetriableDatanodeEventWatcher (RetriableDatanodeEventWatcher.java:onTimeout(47)) - RetriableDatanodeCommand type=deleteBlocksCommand with id=1571409275194 timed out. Retrying.
2019-10-18 14:34:43,200 [pool-7-thread-3] INFO  commands.RetriableDatanodeEventWatcher (RetriableDatanodeEventWatcher.java:onTimeout(47)) - RetriableDatanodeCommand type=deleteBlocksCommand with id=1571409275196 timed out. Retrying.
2019-10-18 14:34:43,200 [SCMBlockDeletingService#0] INFO  block.SCMBlockDeletingService (SCMBlockDeletingService.java:call(184)) - Totally added 1 delete blocks command for 1 datanodes, task elapsed time: 0ms
2019-10-18 14:34:43,223 [IPC Server handler 5 on 44765] WARN  block.DeletedBlockLogImpl (DeletedBlockLogImpl.java:incrementCount(141)) - Deleted TXID not found.
2019-10-18 14:34:43,224 [EventQueue-DeleteBlockStatusForDeletedBlockLogImpl] WARN  block.DeletedBlockLogImpl (DeletedBlockLogImpl.java:commitTransactions(205)) - Transaction txId=1 commit by dnId=c5b86445-9c87-4edb-b176-8eaf015b94aa for containerID=#1 failed. Corresponding entry not found.
2019-10-18 14:34:43,224 [IPC Server handler 5 on 44765] WARN  block.DeletedBlockLogImpl (DeletedBlockLogImpl.java:incrementCount(141)) - Deleted TXID not found.
2019-10-18 14:34:43,224 [EventQueue-DeleteBlockStatusForDeletedBlockLogImpl] WARN  block.DeletedBlockLogImpl (DeletedBlockLogImpl.java:commitTransactions(205)) - Transaction txId=1 commit by dnId=c5b86445-9c87-4edb-b176-8eaf015b94aa for containerID=#1 failed. Corresponding entry not found.
2019-10-18 14:34:43,224 [IPC Server handler 5 on 44765] WARN  block.DeletedBlockLogImpl (DeletedBlockLogImpl.java:incrementCount(141)) - Deleted TXID not found.
2019-10-18 14:34:43,224 [EventQueue-DeleteBlockStatusForDeletedBlockLogImpl] WARN  block.DeletedBlockLogImpl (DeletedBlockLogImpl.java:commitTransactions(205)) - Transaction txId=1 commit by dnId=c5b86445-9c87-4edb-b176-8eaf015b94aa for containerID=#1 failed. Corresponding entry not found.
2019-10-18 14:34:43,224 [IPC Server handler 5 on 44765] WARN  block.DeletedBlockLogImpl (DeletedBlockLogImpl.java:incrementCount(141)) - Deleted TXID not found.
2019-10-18 14:34:43,224 [EventQueue-DeleteBlockStatusForDeletedBlockLogImpl] WARN  block.DeletedBlockLogImpl (DeletedBlockLogImpl.java:commitTransactions(205)) - Transaction txId=1 commit by dnId=c5b86445-9c87-4edb-b176-8eaf015b94aa for containerID=#1 failed. Corresponding entry not found.
2019-10-18 14:34:43,224 [IPC Server handler 5 on 44765] WARN  block.DeletedBlockLogImpl (DeletedBlockLogImpl.java:incrementCount(141)) - Deleted TXID not found.
2019-10-18 14:34:43,224 [EventQueue-DeleteBlockStatusForDeletedBlockLogImpl] WARN  block.DeletedBlockLogImpl (DeletedBlockLogImpl.java:commitTransactions(205)) - Transaction txId=1 commit by dnId=c5b86445-9c87-4edb-b176-8eaf015b94aa for containerID=#1 failed. Corresponding entry not found.
2019-10-18 14:34:43,224 [IPC Server handler 5 on 44765] WARN  block.DeletedBlockLogImpl (DeletedBlockLogImpl.java:incrementCount(141)) - Deleted TXID not found.
2019-10-18 14:34:43,224 [EventQueue-DeleteBlockStatusForDeletedBlockLogImpl] WARN  block.DeletedBlockLogImpl (DeletedBlockLogImpl.java:commitTransactions(205)) - Transaction txId=1 commit by dnId=c5b86445-9c87-4edb-b176-8eaf015b94aa for containerID=#1 failed. Corresponding entry not found.
2019-10-18 14:34:43,224 [IPC Server handler 5 on 44765] WARN  block.DeletedBlockLogImpl (DeletedBlockLogImpl.java:incrementCount(141)) - Deleted TXID not found.
2019-10-18 14:34:43,225 [EventQueue-DeleteBlockStatusForDeletedBlockLogImpl] WARN  block.DeletedBlockLogImpl (DeletedBlockLogImpl.java:commitTransactions(205)) - Transaction txId=1 commit by dnId=c5b86445-9c87-4edb-b176-8eaf015b94aa for containerID=#1 failed. Corresponding entry not found.
2019-10-18 14:34:43,225 [IPC Server handler 5 on 44765] WARN  block.DeletedBlockLogImpl (DeletedBlockLogImpl.java:incrementCount(141)) - Deleted TXID not found.
2019-10-18 14:34:43,226 [Thread-847] INFO  impl.FollowerState (FollowerState.java:run(108)) - c5b86445-9c87-4edb-b176-8eaf015b94aa@group-50F79935BC6A-FollowerState: change to CANDIDATE, lastRpcTime:53ms, electionTimeout:53ms
2019-10-18 14:34:43,226 [Thread-847] INFO  impl.RoleInfo (RoleInfo.java:shutdownFollowerState(121)) - c5b86445-9c87-4edb-b176-8eaf015b94aa: shutdown FollowerState
2019-10-18 14:34:43,226 [Thread-847] INFO  impl.RaftServerImpl (RaftServerImpl.java:setRole(184)) - c5b86445-9c87-4edb-b176-8eaf015b94aa@group-50F79935BC6A: changes role from  FOLLOWER to CANDIDATE at term 43 for changeToCandidate
2019-10-18 14:34:43,226 [Thread-847] INFO  impl.RoleInfo (RoleInfo.java:updateAndGet(143)) - c5b86445-9c87-4edb-b176-8eaf015b94aa: start LeaderElection
2019-10-18 14:34:43,240 [c5b86445-9c87-4edb-b176-8eaf015b94aa@group-50F79935BC6A-LeaderElection45] INFO  impl.LeaderElection (LeaderElection.java:askForVotes(178)) - c5b86445-9c87-4edb-b176-8eaf015b94aa@group-50F79935BC6A-LeaderElection45: begin an election at term 44 for 0: [07da283f-72b3-4610-abc1-72d23674d905:192.168.164.233:38130, c3a3cb61-beea-4a1a-8639-85f6e846679d:192.168.164.233:33135, c5b86445-9c87-4edb-b176-8eaf015b94aa:192.168.164.233:40993], old=null
2019-10-18 14:34:43,242 [grpc-default-executor-2] INFO  impl.RaftServerImpl (RaftServerImpl.java:setRole(184)) - c3a3cb61-beea-4a1a-8639-85f6e846679d@group-50F79935BC6A: changes role from  FOLLOWER to FOLLOWER at term 44 for recognizeCandidate:c5b86445-9c87-4edb-b176-8eaf015b94aa
2019-10-18 14:34:43,242 [grpc-default-executor-2] INFO  impl.RoleInfo (RoleInfo.java:shutdownFollowerState(121)) - c3a3cb61-beea-4a1a-8639-85f6e846679d: shutdown FollowerState
2019-10-18 14:34:43,242 [grpc-default-executor-4] INFO  impl.RaftServerImpl (RaftServerImpl.java:setRole(184)) - 07da283f-72b3-4610-abc1-72d23674d905@group-50F79935BC6A: changes role from  FOLLOWER to FOLLOWER at term 44 for recognizeCandidate:c5b86445-9c87-4edb-b176-8eaf015b94aa
2019-10-18 14:34:43,242 [Thread-845] INFO  impl.FollowerState (FollowerState.java:run(117)) - c3a3cb61-beea-4a1a-8639-85f6e846679d@group-50F79935BC6A-FollowerState was interrupted: java.lang.InterruptedException: sleep interrupted
2019-10-18 14:34:43,242 [grpc-default-executor-2] INFO  impl.RoleInfo (RoleInfo.java:updateAndGet(143)) - c3a3cb61-beea-4a1a-8639-85f6e846679d: start FollowerState
2019-10-18 14:34:43,242 [grpc-default-executor-4] INFO  impl.RoleInfo (RoleInfo.java:shutdownFollowerState(121)) - 07da283f-72b3-4610-abc1-72d23674d905: shutdown FollowerState
2019-10-18 14:34:43,243 [grpc-default-executor-4] INFO  impl.RoleInfo (RoleInfo.java:updateAndGet(143)) - 07da283f-72b3-4610-abc1-72d23674d905: start FollowerState
2019-10-18 14:34:43,243 [Thread-846] INFO  impl.FollowerState (FollowerState.java:run(117)) - 07da283f-72b3-4610-abc1-72d23674d905@group-50F79935BC6A-FollowerState was interrupted: java.lang.InterruptedException: sleep interrupted
2019-10-18 14:34:43,262 [c5b86445-9c87-4edb-b176-8eaf015b94aa@group-50F79935BC6A-LeaderElection45] INFO  impl.LeaderElection (LeaderElection.java:logAndReturn(56)) - c5b86445-9c87-4edb-b176-8eaf015b94aa@group-50F79935BC6A-LeaderElection45: Election REJECTED; received 2 response(s) [c5b86445-9c87-4edb-b176-8eaf015b94aa<-07da283f-72b3-4610-abc1-72d23674d905#0:FAIL-t44, c5b86445-9c87-4edb-b176-8eaf015b94aa<-c3a3cb61-beea-4a1a-8639-85f6e846679d#0:FAIL-t44] and 0 exception(s); c5b86445-9c87-4edb-b176-8eaf015b94aa@group-50F79935BC6A:t44, leader=null, voted=c5b86445-9c87-4edb-b176-8eaf015b94aa, raftlog=c5b86445-9c87-4edb-b176-8eaf015b94aa@group-50F79935BC6A-SegmentedRaftLog:OPENED:c3,f4,i4, conf=0: [07da283f-72b3-4610-abc1-72d23674d905:192.168.164.233:38130, c3a3cb61-beea-4a1a-8639-85f6e846679d:192.168.164.233:33135, c5b86445-9c87-4edb-b176-8eaf015b94aa:192.168.164.233:40993], old=null
2019-10-18 14:34:43,262 [c5b86445-9c87-4edb-b176-8eaf015b94aa@group-50F79935BC6A-LeaderElection45] INFO  impl.RaftServerImpl (RaftServerImpl.java:setRole(184)) - c5b86445-9c87-4edb-b176-8eaf015b94aa@group-50F79935BC6A: changes role from CANDIDATE to FOLLOWER at term 44 for DISCOVERED_A_NEW_TERM
2019-10-18 14:34:43,262 [c5b86445-9c87-4edb-b176-8eaf015b94aa@group-50F79935BC6A-LeaderElection45] INFO  impl.RoleInfo (RoleInfo.java:shutdownLeaderElection(134)) - c5b86445-9c87-4edb-b176-8eaf015b94aa: shutdown LeaderElection
2019-10-18 14:34:43,262 [c5b86445-9c87-4edb-b176-8eaf015b94aa@group-50F79935BC6A-LeaderElection45] INFO  impl.RoleInfo (RoleInfo.java:updateAndGet(143)) - c5b86445-9c87-4edb-b176-8eaf015b94aa: start FollowerState
2019-10-18 14:34:43,282 [Thread-853] INFO  impl.FollowerState (FollowerState.java:run(108)) - c5b86445-9c87-4edb-b176-8eaf015b94aa@group-50F79935BC6A-FollowerState: change to CANDIDATE, lastRpcTime:20ms, electionTimeout:20ms
2019-10-18 14:34:43,282 [Thread-853] INFO  impl.RoleInfo (RoleInfo.java:shutdownFollowerState(121)) - c5b86445-9c87-4edb-b176-8eaf015b94aa: shutdown FollowerState
2019-10-18 14:34:43,283 [Thread-853] INFO  impl.RaftServerImpl (RaftServerImpl.java:setRole(184)) - c5b86445-9c87-4edb-b176-8eaf015b94aa@group-50F79935BC6A: changes role from  FOLLOWER to CANDIDATE at term 44 for changeToCandidate
2019-10-18 14:34:43,283 [Thread-853] INFO  impl.RoleInfo (RoleInfo.java:updateAndGet(143)) - c5b86445-9c87-4edb-b176-8eaf015b94aa: start LeaderElection
2019-10-18 14:34:43,297 [c5b86445-9c87-4edb-b176-8eaf015b94aa@group-50F79935BC6A-LeaderElection46] INFO  impl.LeaderElection (LeaderElection.java:askForVotes(178)) - c5b86445-9c87-4edb-b176-8eaf015b94aa@group-50F79935BC6A-LeaderElection46: begin an election at term 45 for 0: [07da283f-72b3-4610-abc1-72d23674d905:192.168.164.233:38130, c3a3cb61-beea-4a1a-8639-85f6e846679d:192.168.164.233:33135, c5b86445-9c87-4edb-b176-8eaf015b94aa:192.168.164.233:40993], old=null
2019-10-18 14:34:43,300 [grpc-default-executor-2] INFO  impl.RaftServerImpl (RaftServerImpl.java:setRole(184)) - c3a3cb61-beea-4a1a-8639-85f6e846679d@group-50F79935BC6A: changes role from  FOLLOWER to FOLLOWER at term 45 for recognizeCandidate:c5b86445-9c87-4edb-b176-8eaf015b94aa
2019-10-18 14:34:43,300 [grpc-default-executor-4] INFO  impl.RaftServerImpl (RaftServerImpl.java:setRole(184)) - 07da283f-72b3-4610-abc1-72d23674d905@group-50F79935BC6A: changes role from  FOLLOWER to FOLLOWER at term 45 for recognizeCandidate:c5b86445-9c87-4edb-b176-8eaf015b94aa
2019-10-18 14:34:43,300 [grpc-default-executor-2] INFO  impl.RoleInfo (RoleInfo.java:shutdownFollowerState(121)) - c3a3cb61-beea-4a1a-8639-85f6e846679d: shutdown FollowerState
2019-10-18 14:34:43,300 [grpc-default-executor-4] INFO  impl.RoleInfo (RoleInfo.java:shutdownFollowerState(121)) - 07da283f-72b3-4610-abc1-72d23674d905: shutdown FollowerState
2019-10-18 14:34:43,300 [Thread-851] INFO  impl.FollowerState (FollowerState.java:run(117)) - c3a3cb61-beea-4a1a-8639-85f6e846679d@group-50F79935BC6A-FollowerState was interrupted: java.lang.InterruptedException: sleep interrupted
2019-10-18 14:34:43,300 [Thread-852] INFO  impl.FollowerState (FollowerState.java:run(117)) - 07da283f-72b3-4610-abc1-72d23674d905@group-50F79935BC6A-FollowerState was interrupted: java.lang.InterruptedException: sleep interrupted
2019-10-18 14:34:43,300 [grpc-default-executor-4] INFO  impl.RoleInfo (RoleInfo.java:updateAndGet(143)) - 07da283f-72b3-4610-abc1-72d23674d905: start FollowerState
2019-10-18 14:34:43,300 [grpc-default-executor-2] INFO  impl.RoleInfo (RoleInfo.java:updateAndGet(143)) - c3a3cb61-beea-4a1a-8639-85f6e846679d: start FollowerState
2019-10-18 14:34:43,315 [c5b86445-9c87-4edb-b176-8eaf015b94aa@group-50F79935BC6A-LeaderElection46] INFO  impl.LeaderElection (LeaderElection.java:logAndReturn(56)) - c5b86445-9c87-4edb-b176-8eaf015b94aa@group-50F79935BC6A-LeaderElection46: Election REJECTED; received 2 response(s) [c5b86445-9c87-4edb-b176-8eaf015b94aa<-07da283f-72b3-4610-abc1-72d23674d905#0:FAIL-t45, c5b86445-9c87-4edb-b176-8eaf015b94aa<-c3a3cb61-beea-4a1a-8639-85f6e846679d#0:FAIL-t45] and 0 exception(s); c5b86445-9c87-4edb-b176-8eaf015b94aa@group-50F79935BC6A:t45, leader=null, voted=c5b86445-9c87-4edb-b176-8eaf015b94aa, raftlog=c5b86445-9c87-4edb-b176-8eaf015b94aa@group-50F79935BC6A-SegmentedRaftLog:OPENED:c3,f4,i4, conf=0: [07da283f-72b3-4610-abc1-72d23674d905:192.168.164.233:38130, c3a3cb61-beea-4a1a-8639-85f6e846679d:192.168.164.233:33135, c5b86445-9c87-4edb-b176-8eaf015b94aa:192.168.164.233:40993], old=null
2019-10-18 14:34:43,315 [c5b86445-9c87-4edb-b176-8eaf015b94aa@group-50F79935BC6A-LeaderElection46] INFO  impl.RaftServerImpl (RaftServerImpl.java:setRole(184)) - c5b86445-9c87-4edb-b176-8eaf015b94aa@group-50F79935BC6A: changes role from CANDIDATE to FOLLOWER at term 45 for DISCOVERED_A_NEW_TERM
2019-10-18 14:34:43,315 [c5b86445-9c87-4edb-b176-8eaf015b94aa@group-50F79935BC6A-LeaderElection46] INFO  impl.RoleInfo (RoleInfo.java:shutdownLeaderElection(134)) - c5b86445-9c87-4edb-b176-8eaf015b94aa: shutdown LeaderElection
2019-10-18 14:34:43,315 [c5b86445-9c87-4edb-b176-8eaf015b94aa@group-50F79935BC6A-LeaderElection46] INFO  impl.RoleInfo (RoleInfo.java:updateAndGet(143)) - c5b86445-9c87-4edb-b176-8eaf015b94aa: start FollowerState
2019-10-18 14:34:43,329 [Thread-861] INFO  client.GrpcClientProtocolService (GrpcClientProtocolService.java:lambda$processClientRequest$0(278)) - Failed RaftClientRequest:client-D4B6A76FA5A7->c5b86445-9c87-4edb-b176-8eaf015b94aa@group-50F79935BC6A, cid=10, seq=0, Watch-ALL_COMMITTED(6), Message:<EMPTY>, reply=RaftClientReply:client-D4B6A76FA5A7->c5b86445-9c87-4edb-b176-8eaf015b94aa@group-50F79935BC6A, cid=10, FAILED org.apache.ratis.protocol.NotLeaderException: Server c5b86445-9c87-4edb-b176-8eaf015b94aa@group-50F79935BC6A is not the leader, logIndex=0, commits[c5b86445-9c87-4edb-b176-8eaf015b94aa:c3]
2019-10-18 14:34:43,331 [Thread-859] INFO  impl.FollowerState (FollowerState.java:run(108)) - c5b86445-9c87-4edb-b176-8eaf015b94aa@group-50F79935BC6A-FollowerState: change to CANDIDATE, lastRpcTime:15ms, electionTimeout:15ms
2019-10-18 14:34:43,331 [Thread-859] INFO  impl.RoleInfo (RoleInfo.java:shutdownFollowerState(121)) - c5b86445-9c87-4edb-b176-8eaf015b94aa: shutdown FollowerState
2019-10-18 14:34:43,331 [Thread-859] INFO  impl.RaftServerImpl (RaftServerImpl.java:setRole(184)) - c5b86445-9c87-4edb-b176-8eaf015b94aa@group-50F79935BC6A: changes role from  FOLLOWER to CANDIDATE at term 45 for changeToCandidate
2019-10-18 14:34:43,331 [Thread-859] INFO  impl.RoleInfo (RoleInfo.java:updateAndGet(143)) - c5b86445-9c87-4edb-b176-8eaf015b94aa: start LeaderElection
2019-10-18 14:34:43,338 [c5b86445-9c87-4edb-b176-8eaf015b94aa@group-50F79935BC6A-LeaderElection47] INFO  impl.LeaderElection (LeaderElection.java:askForVotes(178)) - c5b86445-9c87-4edb-b176-8eaf015b94aa@group-50F79935BC6A-LeaderElection47: begin an election at term 46 for 0: [07da283f-72b3-4610-abc1-72d23674d905:192.168.164.233:38130, c3a3cb61-beea-4a1a-8639-85f6e846679d:192.168.164.233:33135, c5b86445-9c87-4edb-b176-8eaf015b94aa:192.168.164.233:40993], old=null
2019-10-18 14:34:43,340 [grpc-default-executor-4] INFO  impl.RaftServerImpl (RaftServerImpl.java:setRole(184)) - 07da283f-72b3-4610-abc1-72d23674d905@group-50F79935BC6A: changes role from  FOLLOWER to FOLLOWER at term 46 for recognizeCandidate:c5b86445-9c87-4edb-b176-8eaf015b94aa
2019-10-18 14:34:43,340 [grpc-default-executor-4] INFO  impl.RoleInfo (RoleInfo.java:shutdownFollowerState(121)) - 07da283f-72b3-4610-abc1-72d23674d905: shutdown FollowerState
2019-10-18 14:34:43,340 [grpc-default-executor-2] INFO  impl.RaftServerImpl (RaftServerImpl.java:setRole(184)) - c3a3cb61-beea-4a1a-8639-85f6e846679d@group-50F79935BC6A: changes role from  FOLLOWER to FOLLOWER at term 46 for recognizeCandidate:c5b86445-9c87-4edb-b176-8eaf015b94aa
2019-10-18 14:34:43,340 [Thread-858] INFO  impl.FollowerState (FollowerState.java:run(117)) - 07da283f-72b3-4610-abc1-72d23674d905@group-50F79935BC6A-FollowerState was interrupted: java.lang.InterruptedException: sleep interrupted
2019-10-18 14:34:43,340 [grpc-default-executor-4] INFO  impl.RoleInfo (RoleInfo.java:updateAndGet(143)) - 07da283f-72b3-4610-abc1-72d23674d905: start FollowerState
2019-10-18 14:34:43,340 [grpc-default-executor-2] INFO  impl.RoleInfo (RoleInfo.java:shutdownFollowerState(121)) - c3a3cb61-beea-4a1a-8639-85f6e846679d: shutdown FollowerState
2019-10-18 14:34:43,341 [Thread-857] INFO  impl.FollowerState (FollowerState.java:run(117)) - c3a3cb61-beea-4a1a-8639-85f6e846679d@group-50F79935BC6A-FollowerState was interrupted: java.lang.InterruptedException: sleep interrupted
2019-10-18 14:34:43,341 [grpc-default-executor-2] INFO  impl.RoleInfo (RoleInfo.java:updateAndGet(143)) - c3a3cb61-beea-4a1a-8639-85f6e846679d: start FollowerState
2019-10-18 14:34:43,356 [c5b86445-9c87-4edb-b176-8eaf015b94aa@group-50F79935BC6A-LeaderElection47] INFO  impl.LeaderElection (LeaderElection.java:logAndReturn(56)) - c5b86445-9c87-4edb-b176-8eaf015b94aa@group-50F79935BC6A-LeaderElection47: Election REJECTED; received 2 response(s) [c5b86445-9c87-4edb-b176-8eaf015b94aa<-07da283f-72b3-4610-abc1-72d23674d905#0:FAIL-t46, c5b86445-9c87-4edb-b176-8eaf015b94aa<-c3a3cb61-beea-4a1a-8639-85f6e846679d#0:FAIL-t46] and 0 exception(s); c5b86445-9c87-4edb-b176-8eaf015b94aa@group-50F79935BC6A:t46, leader=null, voted=c5b86445-9c87-4edb-b176-8eaf015b94aa, raftlog=c5b86445-9c87-4edb-b176-8eaf015b94aa@group-50F79935BC6A-SegmentedRaftLog:OPENED:c3,f4,i4, conf=0: [07da283f-72b3-4610-abc1-72d23674d905:192.168.164.233:38130, c3a3cb61-beea-4a1a-8639-85f6e846679d:192.168.164.233:33135, c5b86445-9c87-4edb-b176-8eaf015b94aa:192.168.164.233:40993], old=null
2019-10-18 14:34:43,356 [c5b86445-9c87-4edb-b176-8eaf015b94aa@group-50F79935BC6A-LeaderElection47] INFO  impl.RaftServerImpl (RaftServerImpl.java:setRole(184)) - c5b86445-9c87-4edb-b176-8eaf015b94aa@group-50F79935BC6A: changes role from CANDIDATE to FOLLOWER at term 46 for DISCOVERED_A_NEW_TERM
2019-10-18 14:34:43,356 [c5b86445-9c87-4edb-b176-8eaf015b94aa@group-50F79935BC6A-LeaderElection47] INFO  impl.RoleInfo (RoleInfo.java:shutdownLeaderElection(134)) - c5b86445-9c87-4edb-b176-8eaf015b94aa: shutdown LeaderElection
2019-10-18 14:34:43,356 [c5b86445-9c87-4edb-b176-8eaf015b94aa@group-50F79935BC6A-LeaderElection47] INFO  impl.RoleInfo (RoleInfo.java:updateAndGet(143)) - c5b86445-9c87-4edb-b176-8eaf015b94aa: start FollowerState
2019-10-18 14:34:43,395 [Thread-868] INFO  impl.FollowerState (FollowerState.java:run(108)) - c5b86445-9c87-4edb-b176-8eaf015b94aa@group-50F79935BC6A-FollowerState: change to CANDIDATE, lastRpcTime:39ms, electionTimeout:39ms
2019-10-18 14:34:43,395 [Thread-868] INFO  impl.RoleInfo (RoleInfo.java:shutdownFollowerState(121)) - c5b86445-9c87-4edb-b176-8eaf015b94aa: shutdown FollowerState
2019-10-18 14:34:43,396 [Thread-868] INFO  impl.RaftServerImpl (RaftServerImpl.java:setRole(184)) - c5b86445-9c87-4edb-b176-8eaf015b94aa@group-50F79935BC6A: changes role from  FOLLOWER to CANDIDATE at term 46 for changeToCandidate
2019-10-18 14:34:43,396 [Thread-868] INFO  impl.RoleInfo (RoleInfo.java:updateAndGet(143)) - c5b86445-9c87-4edb-b176-8eaf015b94aa: start LeaderElection
2019-10-18 14:34:43,409 [c5b86445-9c87-4edb-b176-8eaf015b94aa@group-50F79935BC6A-LeaderElection48] INFO  impl.LeaderElection (LeaderElection.java:askForVotes(178)) - c5b86445-9c87-4edb-b176-8eaf015b94aa@group-50F79935BC6A-LeaderElection48: begin an election at term 47 for 0: [07da283f-72b3-4610-abc1-72d23674d905:192.168.164.233:38130, c3a3cb61-beea-4a1a-8639-85f6e846679d:192.168.164.233:33135, c5b86445-9c87-4edb-b176-8eaf015b94aa:192.168.164.233:40993], old=null
2019-10-18 14:34:43,411 [grpc-default-executor-4] INFO  impl.RaftServerImpl (RaftServerImpl.java:setRole(184)) - c3a3cb61-beea-4a1a-8639-85f6e846679d@group-50F79935BC6A: changes role from  FOLLOWER to FOLLOWER at term 47 for recognizeCandidate:c5b86445-9c87-4edb-b176-8eaf015b94aa
2019-10-18 14:34:43,411 [grpc-default-executor-4] INFO  impl.RoleInfo (RoleInfo.java:shutdownFollowerState(121)) - c3a3cb61-beea-4a1a-8639-85f6e846679d: shutdown FollowerState
2019-10-18 14:34:43,411 [grpc-default-executor-4] INFO  impl.RoleInfo (RoleInfo.java:updateAndGet(143)) - c3a3cb61-beea-4a1a-8639-85f6e846679d: start FollowerState
2019-10-18 14:34:43,411 [Thread-867] INFO  impl.FollowerState (FollowerState.java:run(117)) - c3a3cb61-beea-4a1a-8639-85f6e846679d@group-50F79935BC6A-FollowerState was interrupted: java.lang.InterruptedException: sleep interrupted
2019-10-18 14:34:43,412 [grpc-default-executor-2] INFO  impl.RaftServerImpl (RaftServerImpl.java:setRole(184)) - 07da283f-72b3-4610-abc1-72d23674d905@group-50F79935BC6A: changes role from  FOLLOWER to FOLLOWER at term 47 for recognizeCandidate:c5b86445-9c87-4edb-b176-8eaf015b94aa
2019-10-18 14:34:43,412 [grpc-default-executor-2] INFO  impl.RoleInfo (RoleInfo.java:shutdownFollowerState(121)) - 07da283f-72b3-4610-abc1-72d23674d905: shutdown FollowerState
2019-10-18 14:34:43,412 [Thread-866] INFO  impl.FollowerState (FollowerState.java:run(117)) - 07da283f-72b3-4610-abc1-72d23674d905@group-50F79935BC6A-FollowerState was interrupted: java.lang.InterruptedException: sleep interrupted
2019-10-18 14:34:43,412 [grpc-default-executor-2] INFO  impl.RoleInfo (RoleInfo.java:updateAndGet(143)) - 07da283f-72b3-4610-abc1-72d23674d905: start FollowerState
2019-10-18 14:34:43,426 [c5b86445-9c87-4edb-b176-8eaf015b94aa@group-50F79935BC6A-LeaderElection48] INFO  impl.LeaderElection (LeaderElection.java:logAndReturn(56)) - c5b86445-9c87-4edb-b176-8eaf015b94aa@group-50F79935BC6A-LeaderElection48: Election REJECTED; received 2 response(s) [c5b86445-9c87-4edb-b176-8eaf015b94aa<-07da283f-72b3-4610-abc1-72d23674d905#0:FAIL-t47, c5b86445-9c87-4edb-b176-8eaf015b94aa<-c3a3cb61-beea-4a1a-8639-85f6e846679d#0:FAIL-t47] and 0 exception(s); c5b86445-9c87-4edb-b176-8eaf015b94aa@group-50F79935BC6A:t47, leader=null, voted=c5b86445-9c87-4edb-b176-8eaf015b94aa, raftlog=c5b86445-9c87-4edb-b176-8eaf015b94aa@group-50F79935BC6A-SegmentedRaftLog:OPENED:c3,f4,i4, conf=0: [07da283f-72b3-4610-abc1-72d23674d905:192.168.164.233:38130, c3a3cb61-beea-4a1a-8639-85f6e846679d:192.168.164.233:33135, c5b86445-9c87-4edb-b176-8eaf015b94aa:192.168.164.233:40993], old=null
2019-10-18 14:34:43,426 [c5b86445-9c87-4edb-b176-8eaf015b94aa@group-50F79935BC6A-LeaderElection48] INFO  impl.RaftServerImpl (RaftServerImpl.java:setRole(184)) - c5b86445-9c87-4edb-b176-8eaf015b94aa@group-50F79935BC6A: changes role from CANDIDATE to FOLLOWER at term 47 for DISCOVERED_A_NEW_TERM
2019-10-18 14:34:43,426 [c5b86445-9c87-4edb-b176-8eaf015b94aa@group-50F79935BC6A-LeaderElection48] INFO  impl.RoleInfo (RoleInfo.java:shutdownLeaderElection(134)) - c5b86445-9c87-4edb-b176-8eaf015b94aa: shutdown LeaderElection
2019-10-18 14:34:43,426 [c5b86445-9c87-4edb-b176-8eaf015b94aa@group-50F79935BC6A-LeaderElection48] INFO  impl.RoleInfo (RoleInfo.java:updateAndGet(143)) - c5b86445-9c87-4edb-b176-8eaf015b94aa: start FollowerState
2019-10-18 14:34:43,460 [BlockDeletingService#2] WARN  background.BlockDeletingService (BlockDeletingService.java:isDeletionAllowed(187)) - Close Container log Index 6 is not replicated across allthe servers in the pipeline 1b899901-10f6-4f6e-b1b6-50f79935bc6a as the min replicated index is 4. Deletion is not allowed in this container yet.
2019-10-18 14:34:43,460 [BlockDeletingService#2] WARN  background.BlockDeletingService (BlockDeletingService.java:isDeletionAllowed(187)) - Close Container log Index 6 is not replicated across allthe servers in the pipeline 1b899901-10f6-4f6e-b1b6-50f79935bc6a as the min replicated index is 4. Deletion is not allowed in this container yet.
2019-10-18 14:34:43,555 [Thread-874] INFO  impl.FollowerState (FollowerState.java:run(108)) - c5b86445-9c87-4edb-b176-8eaf015b94aa@group-50F79935BC6A-FollowerState: change to CANDIDATE, lastRpcTime:128ms, electionTimeout:128ms
2019-10-18 14:34:43,555 [Thread-874] INFO  impl.RoleInfo (RoleInfo.java:shutdownFollowerState(121)) - c5b86445-9c87-4edb-b176-8eaf015b94aa: shutdown FollowerState
2019-10-18 14:34:43,555 [Thread-874] INFO  impl.RaftServerImpl (RaftServerImpl.java:setRole(184)) - c5b86445-9c87-4edb-b176-8eaf015b94aa@group-50F79935BC6A: changes role from  FOLLOWER to CANDIDATE at term 47 for changeToCandidate
2019-10-18 14:34:43,556 [Thread-874] INFO  impl.RoleInfo (RoleInfo.java:updateAndGet(143)) - c5b86445-9c87-4edb-b176-8eaf015b94aa: start LeaderElection
2019-10-18 14:34:43,569 [c5b86445-9c87-4edb-b176-8eaf015b94aa@group-50F79935BC6A-LeaderElection49] INFO  impl.LeaderElection (LeaderElection.java:askForVotes(178)) - c5b86445-9c87-4edb-b176-8eaf015b94aa@group-50F79935BC6A-LeaderElection49: begin an election at term 48 for 0: [07da283f-72b3-4610-abc1-72d23674d905:192.168.164.233:38130, c3a3cb61-beea-4a1a-8639-85f6e846679d:192.168.164.233:33135, c5b86445-9c87-4edb-b176-8eaf015b94aa:192.168.164.233:40993], old=null
2019-10-18 14:34:43,572 [grpc-default-executor-2] INFO  impl.RaftServerImpl (RaftServerImpl.java:setRole(184)) - 07da283f-72b3-4610-abc1-72d23674d905@group-50F79935BC6A: changes role from  FOLLOWER to FOLLOWER at term 48 for recognizeCandidate:c5b86445-9c87-4edb-b176-8eaf015b94aa
2019-10-18 14:34:43,572 [grpc-default-executor-2] INFO  impl.RoleInfo (RoleInfo.java:shutdownFollowerState(121)) - 07da283f-72b3-4610-abc1-72d23674d905: shutdown FollowerState
2019-10-18 14:34:43,573 [Thread-873] INFO  impl.FollowerState (FollowerState.java:run(117)) - 07da283f-72b3-4610-abc1-72d23674d905@group-50F79935BC6A-FollowerState was interrupted: java.lang.InterruptedException: sleep interrupted
2019-10-18 14:34:43,573 [grpc-default-executor-2] INFO  impl.RoleInfo (RoleInfo.java:updateAndGet(143)) - 07da283f-72b3-4610-abc1-72d23674d905: start FollowerState
2019-10-18 14:34:43,573 [grpc-default-executor-4] INFO  impl.RaftServerImpl (RaftServerImpl.java:setRole(184)) - c3a3cb61-beea-4a1a-8639-85f6e846679d@group-50F79935BC6A: changes role from  FOLLOWER to FOLLOWER at term 48 for recognizeCandidate:c5b86445-9c87-4edb-b176-8eaf015b94aa
2019-10-18 14:34:43,573 [grpc-default-executor-4] INFO  impl.RoleInfo (RoleInfo.java:shutdownFollowerState(121)) - c3a3cb61-beea-4a1a-8639-85f6e846679d: shutdown FollowerState
2019-10-18 14:34:43,573 [grpc-default-executor-4] INFO  impl.RoleInfo (RoleInfo.java:updateAndGet(143)) - c3a3cb61-beea-4a1a-8639-85f6e846679d: start FollowerState
2019-10-18 14:34:43,573 [Thread-872] INFO  impl.FollowerState (FollowerState.java:run(117)) - c3a3cb61-beea-4a1a-8639-85f6e846679d@group-50F79935BC6A-FollowerState was interrupted: java.lang.InterruptedException: sleep interrupted
2019-10-18 14:34:43,588 [c5b86445-9c87-4edb-b176-8eaf015b94aa@group-50F79935BC6A-LeaderElection49] INFO  impl.LeaderElection (LeaderElection.java:logAndReturn(56)) - c5b86445-9c87-4edb-b176-8eaf015b94aa@group-50F79935BC6A-LeaderElection49: Election REJECTED; received 2 response(s) [c5b86445-9c87-4edb-b176-8eaf015b94aa<-07da283f-72b3-4610-abc1-72d23674d905#0:FAIL-t48, c5b86445-9c87-4edb-b176-8eaf015b94aa<-c3a3cb61-beea-4a1a-8639-85f6e846679d#0:FAIL-t48] and 0 exception(s); c5b86445-9c87-4edb-b176-8eaf015b94aa@group-50F79935BC6A:t48, leader=null, voted=c5b86445-9c87-4edb-b176-8eaf015b94aa, raftlog=c5b86445-9c87-4edb-b176-8eaf015b94aa@group-50F79935BC6A-SegmentedRaftLog:OPENED:c3,f4,i4, conf=0: [07da283f-72b3-4610-abc1-72d23674d905:192.168.164.233:38130, c3a3cb61-beea-4a1a-8639-85f6e846679d:192.168.164.233:33135, c5b86445-9c87-4edb-b176-8eaf015b94aa:192.168.164.233:40993], old=null
2019-10-18 14:34:43,588 [c5b86445-9c87-4edb-b176-8eaf015b94aa@group-50F79935BC6A-LeaderElection49] INFO  impl.RaftServerImpl (RaftServerImpl.java:setRole(184)) - c5b86445-9c87-4edb-b176-8eaf015b94aa@group-50F79935BC6A: changes role from CANDIDATE to FOLLOWER at term 48 for DISCOVERED_A_NEW_TERM
2019-10-18 14:34:43,588 [c5b86445-9c87-4edb-b176-8eaf015b94aa@group-50F79935BC6A-LeaderElection49] INFO  impl.RoleInfo (RoleInfo.java:shutdownLeaderElection(134)) - c5b86445-9c87-4edb-b176-8eaf015b94aa: shutdown LeaderElection
2019-10-18 14:34:43,589 [c5b86445-9c87-4edb-b176-8eaf015b94aa@group-50F79935BC6A-LeaderElection49] INFO  impl.RoleInfo (RoleInfo.java:updateAndGet(143)) - c5b86445-9c87-4edb-b176-8eaf015b94aa: start FollowerState
2019-10-18 14:34:43,745 [Thread-882] INFO  impl.FollowerState (FollowerState.java:run(108)) - c5b86445-9c87-4edb-b176-8eaf015b94aa@group-50F79935BC6A-FollowerState: change to CANDIDATE, lastRpcTime:156ms, electionTimeout:156ms
2019-10-18 14:34:43,745 [Thread-882] INFO  impl.RoleInfo (RoleInfo.java:shutdownFollowerState(121)) - c5b86445-9c87-4edb-b176-8eaf015b94aa: shutdown FollowerState
2019-10-18 14:34:43,745 [Thread-882] INFO  impl.RaftServerImpl (RaftServerImpl.java:setRole(184)) - c5b86445-9c87-4edb-b176-8eaf015b94aa@group-50F79935BC6A: changes role from  FOLLOWER to CANDIDATE at term 48 for changeToCandidate
2019-10-18 14:34:43,746 [Thread-882] INFO  impl.RoleInfo (RoleInfo.java:updateAndGet(143)) - c5b86445-9c87-4edb-b176-8eaf015b94aa: start LeaderElection
2019-10-18 14:34:43,762 [c5b86445-9c87-4edb-b176-8eaf015b94aa@group-50F79935BC6A-LeaderElection50] INFO  impl.LeaderElection (LeaderElection.java:askForVotes(178)) - c5b86445-9c87-4edb-b176-8eaf015b94aa@group-50F79935BC6A-LeaderElection50: begin an election at term 49 for 0: [07da283f-72b3-4610-abc1-72d23674d905:192.168.164.233:38130, c3a3cb61-beea-4a1a-8639-85f6e846679d:192.168.164.233:33135, c5b86445-9c87-4edb-b176-8eaf015b94aa:192.168.164.233:40993], old=null
2019-10-18 14:34:43,764 [grpc-default-executor-2] INFO  impl.RaftServerImpl (RaftServerImpl.java:setRole(184)) - 07da283f-72b3-4610-abc1-72d23674d905@group-50F79935BC6A: changes role from  FOLLOWER to FOLLOWER at term 49 for recognizeCandidate:c5b86445-9c87-4edb-b176-8eaf015b94aa
2019-10-18 14:34:43,765 [grpc-default-executor-2] INFO  impl.RoleInfo (RoleInfo.java:shutdownFollowerState(121)) - 07da283f-72b3-4610-abc1-72d23674d905: shutdown FollowerState
2019-10-18 14:34:43,765 [grpc-default-executor-4] INFO  impl.RaftServerImpl (RaftServerImpl.java:setRole(184)) - c3a3cb61-beea-4a1a-8639-85f6e846679d@group-50F79935BC6A: changes role from  FOLLOWER to FOLLOWER at term 49 for recognizeCandidate:c5b86445-9c87-4edb-b176-8eaf015b94aa
2019-10-18 14:34:43,765 [grpc-default-executor-2] INFO  impl.RoleInfo (RoleInfo.java:updateAndGet(143)) - 07da283f-72b3-4610-abc1-72d23674d905: start FollowerState
2019-10-18 14:34:43,765 [Thread-880] INFO  impl.FollowerState (FollowerState.java:run(117)) - 07da283f-72b3-4610-abc1-72d23674d905@group-50F79935BC6A-FollowerState was interrupted: java.lang.InterruptedException: sleep interrupted
2019-10-18 14:34:43,765 [grpc-default-executor-4] INFO  impl.RoleInfo (RoleInfo.java:shutdownFollowerState(121)) - c3a3cb61-beea-4a1a-8639-85f6e846679d: shutdown FollowerState
2019-10-18 14:34:43,765 [grpc-default-executor-4] INFO  impl.RoleInfo (RoleInfo.java:updateAndGet(143)) - c3a3cb61-beea-4a1a-8639-85f6e846679d: start FollowerState
2019-10-18 14:34:43,765 [Thread-881] INFO  impl.FollowerState (FollowerState.java:run(117)) - c3a3cb61-beea-4a1a-8639-85f6e846679d@group-50F79935BC6A-FollowerState was interrupted: java.lang.InterruptedException: sleep interrupted
2019-10-18 14:34:43,784 [c5b86445-9c87-4edb-b176-8eaf015b94aa@group-50F79935BC6A-LeaderElection50] INFO  impl.LeaderElection (LeaderElection.java:logAndReturn(56)) - c5b86445-9c87-4edb-b176-8eaf015b94aa@group-50F79935BC6A-LeaderElection50: Election REJECTED; received 2 response(s) [c5b86445-9c87-4edb-b176-8eaf015b94aa<-07da283f-72b3-4610-abc1-72d23674d905#0:FAIL-t49, c5b86445-9c87-4edb-b176-8eaf015b94aa<-c3a3cb61-beea-4a1a-8639-85f6e846679d#0:FAIL-t49] and 0 exception(s); c5b86445-9c87-4edb-b176-8eaf015b94aa@group-50F79935BC6A:t49, leader=null, voted=c5b86445-9c87-4edb-b176-8eaf015b94aa, raftlog=c5b86445-9c87-4edb-b176-8eaf015b94aa@group-50F79935BC6A-SegmentedRaftLog:OPENED:c3,f4,i4, conf=0: [07da283f-72b3-4610-abc1-72d23674d905:192.168.164.233:38130, c3a3cb61-beea-4a1a-8639-85f6e846679d:192.168.164.233:33135, c5b86445-9c87-4edb-b176-8eaf015b94aa:192.168.164.233:40993], old=null
2019-10-18 14:34:43,784 [c5b86445-9c87-4edb-b176-8eaf015b94aa@group-50F79935BC6A-LeaderElection50] INFO  impl.RaftServerImpl (RaftServerImpl.java:setRole(184)) - c5b86445-9c87-4edb-b176-8eaf015b94aa@group-50F79935BC6A: changes role from CANDIDATE to FOLLOWER at term 49 for DISCOVERED_A_NEW_TERM
2019-10-18 14:34:43,784 [c5b86445-9c87-4edb-b176-8eaf015b94aa@group-50F79935BC6A-LeaderElection50] INFO  impl.RoleInfo (RoleInfo.java:shutdownLeaderElection(134)) - c5b86445-9c87-4edb-b176-8eaf015b94aa: shutdown LeaderElection
2019-10-18 14:34:43,784 [c5b86445-9c87-4edb-b176-8eaf015b94aa@group-50F79935BC6A-LeaderElection50] INFO  impl.RoleInfo (RoleInfo.java:updateAndGet(143)) - c5b86445-9c87-4edb-b176-8eaf015b94aa: start FollowerState
2019-10-18 14:34:43,876 [Thread-888] INFO  impl.FollowerState (FollowerState.java:run(108)) - c5b86445-9c87-4edb-b176-8eaf015b94aa@group-50F79935BC6A-FollowerState: change to CANDIDATE, lastRpcTime:91ms, electionTimeout:91ms
2019-10-18 14:34:43,876 [Thread-888] INFO  impl.RoleInfo (RoleInfo.java:shutdownFollowerState(121)) - c5b86445-9c87-4edb-b176-8eaf015b94aa: shutdown FollowerState
2019-10-18 14:34:43,876 [Thread-888] INFO  impl.RaftServerImpl (RaftServerImpl.java:setRole(184)) - c5b86445-9c87-4edb-b176-8eaf015b94aa@group-50F79935BC6A: changes role from  FOLLOWER to CANDIDATE at term 49 for changeToCandidate
2019-10-18 14:34:43,876 [Thread-888] INFO  impl.RoleInfo (RoleInfo.java:updateAndGet(143)) - c5b86445-9c87-4edb-b176-8eaf015b94aa: start LeaderElection
2019-10-18 14:34:43,890 [c5b86445-9c87-4edb-b176-8eaf015b94aa@group-50F79935BC6A-LeaderElection51] INFO  impl.LeaderElection (LeaderElection.java:askForVotes(178)) - c5b86445-9c87-4edb-b176-8eaf015b94aa@group-50F79935BC6A-LeaderElection51: begin an election at term 50 for 0: [07da283f-72b3-4610-abc1-72d23674d905:192.168.164.233:38130, c3a3cb61-beea-4a1a-8639-85f6e846679d:192.168.164.233:33135, c5b86445-9c87-4edb-b176-8eaf015b94aa:192.168.164.233:40993], old=null
2019-10-18 14:34:43,893 [grpc-default-executor-2] INFO  impl.RaftServerImpl (RaftServerImpl.java:setRole(184)) - c3a3cb61-beea-4a1a-8639-85f6e846679d@group-50F79935BC6A: changes role from  FOLLOWER to FOLLOWER at term 50 for recognizeCandidate:c5b86445-9c87-4edb-b176-8eaf015b94aa
2019-10-18 14:34:43,893 [grpc-default-executor-4] INFO  impl.RaftServerImpl (RaftServerImpl.java:setRole(184)) - 07da283f-72b3-4610-abc1-72d23674d905@group-50F79935BC6A: changes role from  FOLLOWER to FOLLOWER at term 50 for recognizeCandidate:c5b86445-9c87-4edb-b176-8eaf015b94aa
2019-10-18 14:34:43,893 [grpc-default-executor-2] INFO  impl.RoleInfo (RoleInfo.java:shutdownFollowerState(121)) - c3a3cb61-beea-4a1a-8639-85f6e846679d: shutdown FollowerState
2019-10-18 14:34:43,893 [grpc-default-executor-4] INFO  impl.RoleInfo (RoleInfo.java:shutdownFollowerState(121)) - 07da283f-72b3-4610-abc1-72d23674d905: shutdown FollowerState
2019-10-18 14:34:43,893 [Thread-887] INFO  impl.FollowerState (FollowerState.java:run(117)) - c3a3cb61-beea-4a1a-8639-85f6e846679d@group-50F79935BC6A-FollowerState was interrupted: java.lang.InterruptedException: sleep interrupted
2019-10-18 14:34:43,893 [Thread-886] INFO  impl.FollowerState (FollowerState.java:run(117)) - 07da283f-72b3-4610-abc1-72d23674d905@group-50F79935BC6A-FollowerState was interrupted: java.lang.InterruptedException: sleep interrupted
2019-10-18 14:34:43,893 [grpc-default-executor-4] INFO  impl.RoleInfo (RoleInfo.java:updateAndGet(143)) - 07da283f-72b3-4610-abc1-72d23674d905: start FollowerState
2019-10-18 14:34:43,893 [grpc-default-executor-2] INFO  impl.RoleInfo (RoleInfo.java:updateAndGet(143)) - c3a3cb61-beea-4a1a-8639-85f6e846679d: start FollowerState
2019-10-18 14:34:43,908 [c5b86445-9c87-4edb-b176-8eaf015b94aa@group-50F79935BC6A-LeaderElection51] INFO  impl.LeaderElection (LeaderElection.java:logAndReturn(56)) - c5b86445-9c87-4edb-b176-8eaf015b94aa@group-50F79935BC6A-LeaderElection51: Election REJECTED; received 2 response(s) [c5b86445-9c87-4edb-b176-8eaf015b94aa<-07da283f-72b3-4610-abc1-72d23674d905#0:FAIL-t50, c5b86445-9c87-4edb-b176-8eaf015b94aa<-c3a3cb61-beea-4a1a-8639-85f6e846679d#0:FAIL-t50] and 0 exception(s); c5b86445-9c87-4edb-b176-8eaf015b94aa@group-50F79935BC6A:t50, leader=null, voted=c5b86445-9c87-4edb-b176-8eaf015b94aa, raftlog=c5b86445-9c87-4edb-b176-8eaf015b94aa@group-50F79935BC6A-SegmentedRaftLog:OPENED:c3,f4,i4, conf=0: [07da283f-72b3-4610-abc1-72d23674d905:192.168.164.233:38130, c3a3cb61-beea-4a1a-8639-85f6e846679d:192.168.164.233:33135, c5b86445-9c87-4edb-b176-8eaf015b94aa:192.168.164.233:40993], old=null
2019-10-18 14:34:43,908 [c5b86445-9c87-4edb-b176-8eaf015b94aa@group-50F79935BC6A-LeaderElection51] INFO  impl.RaftServerImpl (RaftServerImpl.java:setRole(184)) - c5b86445-9c87-4edb-b176-8eaf015b94aa@group-50F79935BC6A: changes role from CANDIDATE to FOLLOWER at term 50 for DISCOVERED_A_NEW_TERM
2019-10-18 14:34:43,908 [c5b86445-9c87-4edb-b176-8eaf015b94aa@group-50F79935BC6A-LeaderElection51] INFO  impl.RoleInfo (RoleInfo.java:shutdownLeaderElection(134)) - c5b86445-9c87-4edb-b176-8eaf015b94aa: shutdown LeaderElection
2019-10-18 14:34:43,909 [c5b86445-9c87-4edb-b176-8eaf015b94aa@group-50F79935BC6A-LeaderElection51] INFO  impl.RoleInfo (RoleInfo.java:updateAndGet(143)) - c5b86445-9c87-4edb-b176-8eaf015b94aa: start FollowerState
2019-10-18 14:34:44,016 [Thread-894] INFO  impl.FollowerState (FollowerState.java:run(108)) - c5b86445-9c87-4edb-b176-8eaf015b94aa@group-50F79935BC6A-FollowerState: change to CANDIDATE, lastRpcTime:107ms, electionTimeout:107ms
2019-10-18 14:34:44,016 [Thread-894] INFO  impl.RoleInfo (RoleInfo.java:shutdownFollowerState(121)) - c5b86445-9c87-4edb-b176-8eaf015b94aa: shutdown FollowerState
2019-10-18 14:34:44,016 [Thread-894] INFO  impl.RaftServerImpl (RaftServerImpl.java:setRole(184)) - c5b86445-9c87-4edb-b176-8eaf015b94aa@group-50F79935BC6A: changes role from  FOLLOWER to CANDIDATE at term 50 for changeToCandidate
2019-10-18 14:34:44,016 [Thread-894] INFO  impl.RoleInfo (RoleInfo.java:updateAndGet(143)) - c5b86445-9c87-4edb-b176-8eaf015b94aa: start LeaderElection
2019-10-18 14:34:44,031 [c5b86445-9c87-4edb-b176-8eaf015b94aa@group-50F79935BC6A-LeaderElection52] INFO  impl.LeaderElection (LeaderElection.java:askForVotes(178)) - c5b86445-9c87-4edb-b176-8eaf015b94aa@group-50F79935BC6A-LeaderElection52: begin an election at term 51 for 0: [07da283f-72b3-4610-abc1-72d23674d905:192.168.164.233:38130, c3a3cb61-beea-4a1a-8639-85f6e846679d:192.168.164.233:33135, c5b86445-9c87-4edb-b176-8eaf015b94aa:192.168.164.233:40993], old=null
2019-10-18 14:34:44,035 [grpc-default-executor-2] INFO  impl.RaftServerImpl (RaftServerImpl.java:setRole(184)) - c3a3cb61-beea-4a1a-8639-85f6e846679d@group-50F79935BC6A: changes role from  FOLLOWER to FOLLOWER at term 51 for recognizeCandidate:c5b86445-9c87-4edb-b176-8eaf015b94aa
2019-10-18 14:34:44,035 [grpc-default-executor-4] INFO  impl.RaftServerImpl (RaftServerImpl.java:setRole(184)) - 07da283f-72b3-4610-abc1-72d23674d905@group-50F79935BC6A: changes role from  FOLLOWER to FOLLOWER at term 51 for recognizeCandidate:c5b86445-9c87-4edb-b176-8eaf015b94aa
2019-10-18 14:34:44,035 [grpc-default-executor-2] INFO  impl.RoleInfo (RoleInfo.java:shutdownFollowerState(121)) - c3a3cb61-beea-4a1a-8639-85f6e846679d: shutdown FollowerState
2019-10-18 14:34:44,035 [grpc-default-executor-4] INFO  impl.RoleInfo (RoleInfo.java:shutdownFollowerState(121)) - 07da283f-72b3-4610-abc1-72d23674d905: shutdown FollowerState
2019-10-18 14:34:44,035 [grpc-default-executor-2] INFO  impl.RoleInfo (RoleInfo.java:updateAndGet(143)) - c3a3cb61-beea-4a1a-8639-85f6e846679d: start FollowerState
2019-10-18 14:34:44,035 [Thread-893] INFO  impl.FollowerState (FollowerState.java:run(117)) - 07da283f-72b3-4610-abc1-72d23674d905@group-50F79935BC6A-FollowerState was interrupted: java.lang.InterruptedException: sleep interrupted
2019-10-18 14:34:44,035 [grpc-default-executor-4] INFO  impl.RoleInfo (RoleInfo.java:updateAndGet(143)) - 07da283f-72b3-4610-abc1-72d23674d905: start FollowerState
2019-10-18 14:34:44,035 [Thread-892] INFO  impl.FollowerState (FollowerState.java:run(117)) - c3a3cb61-beea-4a1a-8639-85f6e846679d@group-50F79935BC6A-FollowerState was interrupted: java.lang.InterruptedException: sleep interrupted
2019-10-18 14:34:44,056 [c5b86445-9c87-4edb-b176-8eaf015b94aa@group-50F79935BC6A-LeaderElection52] INFO  impl.LeaderElection (LeaderElection.java:logAndReturn(56)) - c5b86445-9c87-4edb-b176-8eaf015b94aa@group-50F79935BC6A-LeaderElection52: Election REJECTED; received 2 response(s) [c5b86445-9c87-4edb-b176-8eaf015b94aa<-07da283f-72b3-4610-abc1-72d23674d905#0:FAIL-t51, c5b86445-9c87-4edb-b176-8eaf015b94aa<-c3a3cb61-beea-4a1a-8639-85f6e846679d#0:FAIL-t51] and 0 exception(s); c5b86445-9c87-4edb-b176-8eaf015b94aa@group-50F79935BC6A:t51, leader=null, voted=c5b86445-9c87-4edb-b176-8eaf015b94aa, raftlog=c5b86445-9c87-4edb-b176-8eaf015b94aa@group-50F79935BC6A-SegmentedRaftLog:OPENED:c3,f4,i4, conf=0: [07da283f-72b3-4610-abc1-72d23674d905:192.168.164.233:38130, c3a3cb61-beea-4a1a-8639-85f6e846679d:192.168.164.233:33135, c5b86445-9c87-4edb-b176-8eaf015b94aa:192.168.164.233:40993], old=null
2019-10-18 14:34:44,056 [c5b86445-9c87-4edb-b176-8eaf015b94aa@group-50F79935BC6A-LeaderElection52] INFO  impl.RaftServerImpl (RaftServerImpl.java:setRole(184)) - c5b86445-9c87-4edb-b176-8eaf015b94aa@group-50F79935BC6A: changes role from CANDIDATE to FOLLOWER at term 51 for DISCOVERED_A_NEW_TERM
2019-10-18 14:34:44,056 [c5b86445-9c87-4edb-b176-8eaf015b94aa@group-50F79935BC6A-LeaderElection52] INFO  impl.RoleInfo (RoleInfo.java:shutdownLeaderElection(134)) - c5b86445-9c87-4edb-b176-8eaf015b94aa: shutdown LeaderElection
2019-10-18 14:34:44,056 [c5b86445-9c87-4edb-b176-8eaf015b94aa@group-50F79935BC6A-LeaderElection52] INFO  impl.RoleInfo (RoleInfo.java:updateAndGet(143)) - c5b86445-9c87-4edb-b176-8eaf015b94aa: start FollowerState
2019-10-18 14:34:44,200 [pool-7-thread-3] INFO  commands.RetriableDatanodeEventWatcher (RetriableDatanodeEventWatcher.java:onTimeout(47)) - RetriableDatanodeCommand type=deleteBlocksCommand with id=1571409275203 timed out. Retrying.
2019-10-18 14:34:44,221 [Command processor thread] INFO  commandhandler.DeleteBlocksCommandHandler (DeleteBlocksCommandHandler.java:handle(106)) - Start to delete container blocks, TXIDs=[1(11)], numOfContainers=1, numOfBlocks=1
2019-10-18 14:34:44,221 [Command processor thread] INFO  commandhandler.DeleteBlocksCommandHandler (DeleteBlocksCommandHandler.java:handle(106)) - Start to delete container blocks, TXIDs=[1(39)], numOfContainers=1, numOfBlocks=1
2019-10-18 14:34:44,222 [Command processor thread] INFO  commandhandler.DeleteBlocksCommandHandler (DeleteBlocksCommandHandler.java:handle(106)) - Start to delete container blocks, TXIDs=[1(7)], numOfContainers=1, numOfBlocks=1
2019-10-18 14:34:44,222 [Command processor thread] INFO  commandhandler.DeleteBlocksCommandHandler (DeleteBlocksCommandHandler.java:handle(106)) - Start to delete container blocks, TXIDs=[1(0)], numOfContainers=1, numOfBlocks=1
2019-10-18 14:34:44,222 [Command processor thread] INFO  commandhandler.DeleteBlocksCommandHandler (DeleteBlocksCommandHandler.java:handle(106)) - Start to delete container blocks, TXIDs=[1(11)], numOfContainers=1, numOfBlocks=1
2019-10-18 14:34:44,222 [Command processor thread] INFO  commandhandler.DeleteBlocksCommandHandler (DeleteBlocksCommandHandler.java:handle(106)) - Start to delete container blocks, TXIDs=[1(11)], numOfContainers=1, numOfBlocks=1
2019-10-18 14:34:44,222 [IPC Server handler 15 on 44765] WARN  block.DeletedBlockLogImpl (DeletedBlockLogImpl.java:incrementCount(141)) - Deleted TXID not found.
2019-10-18 14:34:44,222 [Command processor thread] INFO  commandhandler.DeleteBlocksCommandHandler (DeleteBlocksCommandHandler.java:handle(106)) - Start to delete container blocks, TXIDs=[1(2)], numOfContainers=1, numOfBlocks=1
2019-10-18 14:34:44,223 [Command processor thread] INFO  commandhandler.DeleteBlocksCommandHandler (DeleteBlocksCommandHandler.java:handle(106)) - Start to delete container blocks, TXIDs=[1(47)], numOfContainers=1, numOfBlocks=1
2019-10-18 14:34:44,223 [Command processor thread] INFO  commandhandler.DeleteBlocksCommandHandler (DeleteBlocksCommandHandler.java:handle(106)) - Start to delete container blocks, TXIDs=[1(4)], numOfContainers=1, numOfBlocks=1
2019-10-18 14:34:44,238 [Thread-900] INFO  impl.FollowerState (FollowerState.java:run(108)) - c5b86445-9c87-4edb-b176-8eaf015b94aa@group-50F79935BC6A-FollowerState: change to CANDIDATE, lastRpcTime:181ms, electionTimeout:181ms
2019-10-18 14:34:44,238 [Thread-900] INFO  impl.RoleInfo (RoleInfo.java:shutdownFollowerState(121)) - c5b86445-9c87-4edb-b176-8eaf015b94aa: shutdown FollowerState
2019-10-18 14:34:44,238 [Thread-900] INFO  impl.RaftServerImpl (RaftServerImpl.java:setRole(184)) - c5b86445-9c87-4edb-b176-8eaf015b94aa@group-50F79935BC6A: changes role from  FOLLOWER to CANDIDATE at term 51 for changeToCandidate
2019-10-18 14:34:44,238 [Thread-900] INFO  impl.RoleInfo (RoleInfo.java:updateAndGet(143)) - c5b86445-9c87-4edb-b176-8eaf015b94aa: start LeaderElection
2019-10-18 14:34:44,253 [c5b86445-9c87-4edb-b176-8eaf015b94aa@group-50F79935BC6A-LeaderElection53] INFO  impl.LeaderElection (LeaderElection.java:askForVotes(178)) - c5b86445-9c87-4edb-b176-8eaf015b94aa@group-50F79935BC6A-LeaderElection53: begin an election at term 52 for 0: [07da283f-72b3-4610-abc1-72d23674d905:192.168.164.233:38130, c3a3cb61-beea-4a1a-8639-85f6e846679d:192.168.164.233:33135, c5b86445-9c87-4edb-b176-8eaf015b94aa:192.168.164.233:40993], old=null
2019-10-18 14:34:44,255 [grpc-default-executor-2] INFO  impl.RaftServerImpl (RaftServerImpl.java:setRole(184)) - c3a3cb61-beea-4a1a-8639-85f6e846679d@group-50F79935BC6A: changes role from  FOLLOWER to FOLLOWER at term 52 for recognizeCandidate:c5b86445-9c87-4edb-b176-8eaf015b94aa
2019-10-18 14:34:44,255 [grpc-default-executor-4] INFO  impl.RaftServerImpl (RaftServerImpl.java:setRole(184)) - 07da283f-72b3-4610-abc1-72d23674d905@group-50F79935BC6A: changes role from  FOLLOWER to FOLLOWER at term 52 for recognizeCandidate:c5b86445-9c87-4edb-b176-8eaf015b94aa
2019-10-18 14:34:44,256 [grpc-default-executor-2] INFO  impl.RoleInfo (RoleInfo.java:shutdownFollowerState(121)) - c3a3cb61-beea-4a1a-8639-85f6e846679d: shutdown FollowerState
2019-10-18 14:34:44,256 [grpc-default-executor-4] INFO  impl.RoleInfo (RoleInfo.java:shutdownFollowerState(121)) - 07da283f-72b3-4610-abc1-72d23674d905: shutdown FollowerState
2019-10-18 14:34:44,256 [Thread-898] INFO  impl.FollowerState (FollowerState.java:run(117)) - c3a3cb61-beea-4a1a-8639-85f6e846679d@group-50F79935BC6A-FollowerState was interrupted: java.lang.InterruptedException: sleep interrupted
2019-10-18 14:34:44,256 [Thread-899] INFO  impl.FollowerState (FollowerState.java:run(117)) - 07da283f-72b3-4610-abc1-72d23674d905@group-50F79935BC6A-FollowerState was interrupted: java.lang.InterruptedException: sleep interrupted
2019-10-18 14:34:44,256 [grpc-default-executor-2] INFO  impl.RoleInfo (RoleInfo.java:updateAndGet(143)) - c3a3cb61-beea-4a1a-8639-85f6e846679d: start FollowerState
2019-10-18 14:34:44,256 [grpc-default-executor-4] INFO  impl.RoleInfo (RoleInfo.java:updateAndGet(143)) - 07da283f-72b3-4610-abc1-72d23674d905: start FollowerState
2019-10-18 14:34:44,272 [c5b86445-9c87-4edb-b176-8eaf015b94aa@group-50F79935BC6A-LeaderElection53] INFO  impl.LeaderElection (LeaderElection.java:logAndReturn(56)) - c5b86445-9c87-4edb-b176-8eaf015b94aa@group-50F79935BC6A-LeaderElection53: Election REJECTED; received 2 response(s) [c5b86445-9c87-4edb-b176-8eaf015b94aa<-07da283f-72b3-4610-abc1-72d23674d905#0:FAIL-t52, c5b86445-9c87-4edb-b176-8eaf015b94aa<-c3a3cb61-beea-4a1a-8639-85f6e846679d#0:FAIL-t52] and 0 exception(s); c5b86445-9c87-4edb-b176-8eaf015b94aa@group-50F79935BC6A:t52, leader=null, voted=c5b86445-9c87-4edb-b176-8eaf015b94aa, raftlog=c5b86445-9c87-4edb-b176-8eaf015b94aa@group-50F79935BC6A-SegmentedRaftLog:OPENED:c3,f4,i4, conf=0: [07da283f-72b3-4610-abc1-72d23674d905:192.168.164.233:38130, c3a3cb61-beea-4a1a-8639-85f6e846679d:192.168.164.233:33135, c5b86445-9c87-4edb-b176-8eaf015b94aa:192.168.164.233:40993], old=null
2019-10-18 14:34:44,272 [c5b86445-9c87-4edb-b176-8eaf015b94aa@group-50F79935BC6A-LeaderElection53] INFO  impl.RaftServerImpl (RaftServerImpl.java:setRole(184)) - c5b86445-9c87-4edb-b176-8eaf015b94aa@group-50F79935BC6A: changes role from CANDIDATE to FOLLOWER at term 52 for DISCOVERED_A_NEW_TERM
2019-10-18 14:34:44,272 [c5b86445-9c87-4edb-b176-8eaf015b94aa@group-50F79935BC6A-LeaderElection53] INFO  impl.RoleInfo (RoleInfo.java:shutdownLeaderElection(134)) - c5b86445-9c87-4edb-b176-8eaf015b94aa: shutdown LeaderElection
2019-10-18 14:34:44,273 [c5b86445-9c87-4edb-b176-8eaf015b94aa@group-50F79935BC6A-LeaderElection53] INFO  impl.RoleInfo (RoleInfo.java:updateAndGet(143)) - c5b86445-9c87-4edb-b176-8eaf015b94aa: start FollowerState
2019-10-18 14:34:44,343 [Thread-909] INFO  client.GrpcClientProtocolService (GrpcClientProtocolService.java:lambda$processClientRequest$0(278)) - Failed RaftClientRequest:client-D4B6A76FA5A7->c3a3cb61-beea-4a1a-8639-85f6e846679d@group-50F79935BC6A, cid=10, seq=0, Watch-ALL_COMMITTED(6), Message:<EMPTY>, reply=RaftClientReply:client-D4B6A76FA5A7->c3a3cb61-beea-4a1a-8639-85f6e846679d@group-50F79935BC6A, cid=10, FAILED org.apache.ratis.protocol.NotLeaderException: Server c3a3cb61-beea-4a1a-8639-85f6e846679d@group-50F79935BC6A is not the leader, logIndex=0, commits[c3a3cb61-beea-4a1a-8639-85f6e846679d:c10, 07da283f-72b3-4610-abc1-72d23674d905:c10, c5b86445-9c87-4edb-b176-8eaf015b94aa:c4]
2019-10-18 14:34:44,353 [Thread-907] INFO  impl.FollowerState (FollowerState.java:run(108)) - c5b86445-9c87-4edb-b176-8eaf015b94aa@group-50F79935BC6A-FollowerState: change to CANDIDATE, lastRpcTime:80ms, electionTimeout:80ms
2019-10-18 14:34:44,354 [Thread-907] INFO  impl.RoleInfo (RoleInfo.java:shutdownFollowerState(121)) - c5b86445-9c87-4edb-b176-8eaf015b94aa: shutdown FollowerState
2019-10-18 14:34:44,354 [Thread-907] INFO  impl.RaftServerImpl (RaftServerImpl.java:setRole(184)) - c5b86445-9c87-4edb-b176-8eaf015b94aa@group-50F79935BC6A: changes role from  FOLLOWER to CANDIDATE at term 52 for changeToCandidate
2019-10-18 14:34:44,354 [Thread-907] INFO  impl.RoleInfo (RoleInfo.java:updateAndGet(143)) - c5b86445-9c87-4edb-b176-8eaf015b94aa: start LeaderElection
2019-10-18 14:34:44,368 [c5b86445-9c87-4edb-b176-8eaf015b94aa@group-50F79935BC6A-LeaderElection54] INFO  impl.LeaderElection (LeaderElection.java:askForVotes(178)) - c5b86445-9c87-4edb-b176-8eaf015b94aa@group-50F79935BC6A-LeaderElection54: begin an election at term 53 for 0: [07da283f-72b3-4610-abc1-72d23674d905:192.168.164.233:38130, c3a3cb61-beea-4a1a-8639-85f6e846679d:192.168.164.233:33135, c5b86445-9c87-4edb-b176-8eaf015b94aa:192.168.164.233:40993], old=null
2019-10-18 14:34:44,371 [grpc-default-executor-4] INFO  impl.RaftServerImpl (RaftServerImpl.java:setRole(184)) - 07da283f-72b3-4610-abc1-72d23674d905@group-50F79935BC6A: changes role from  FOLLOWER to FOLLOWER at term 53 for recognizeCandidate:c5b86445-9c87-4edb-b176-8eaf015b94aa
2019-10-18 14:34:44,371 [grpc-default-executor-2] INFO  impl.RaftServerImpl (RaftServerImpl.java:setRole(184)) - c3a3cb61-beea-4a1a-8639-85f6e846679d@group-50F79935BC6A: changes role from  FOLLOWER to FOLLOWER at term 53 for recognizeCandidate:c5b86445-9c87-4edb-b176-8eaf015b94aa
2019-10-18 14:34:44,371 [grpc-default-executor-4] INFO  impl.RoleInfo (RoleInfo.java:shutdownFollowerState(121)) - 07da283f-72b3-4610-abc1-72d23674d905: shutdown FollowerState
2019-10-18 14:34:44,372 [grpc-default-executor-2] INFO  impl.RoleInfo (RoleInfo.java:shutdownFollowerState(121)) - c3a3cb61-beea-4a1a-8639-85f6e846679d: shutdown FollowerState
2019-10-18 14:34:44,372 [Thread-906] INFO  impl.FollowerState (FollowerState.java:run(117)) - 07da283f-72b3-4610-abc1-72d23674d905@group-50F79935BC6A-FollowerState was interrupted: java.lang.InterruptedException: sleep interrupted
2019-10-18 14:34:44,372 [grpc-default-executor-4] INFO  impl.RoleInfo (RoleInfo.java:updateAndGet(143)) - 07da283f-72b3-4610-abc1-72d23674d905: start FollowerState
2019-10-18 14:34:44,372 [grpc-default-executor-2] INFO  impl.RoleInfo (RoleInfo.java:updateAndGet(143)) - c3a3cb61-beea-4a1a-8639-85f6e846679d: start FollowerState
2019-10-18 14:34:44,372 [Thread-905] INFO  impl.FollowerState (FollowerState.java:run(117)) - c3a3cb61-beea-4a1a-8639-85f6e846679d@group-50F79935BC6A-FollowerState was interrupted: java.lang.InterruptedException: sleep interrupted
2019-10-18 14:34:44,395 [c5b86445-9c87-4edb-b176-8eaf015b94aa@group-50F79935BC6A-LeaderElection54] INFO  impl.LeaderElection (LeaderElection.java:logAndReturn(56)) - c5b86445-9c87-4edb-b176-8eaf015b94aa@group-50F79935BC6A-LeaderElection54: Election REJECTED; received 2 response(s) [c5b86445-9c87-4edb-b176-8eaf015b94aa<-07da283f-72b3-4610-abc1-72d23674d905#0:FAIL-t53, c5b86445-9c87-4edb-b176-8eaf015b94aa<-c3a3cb61-beea-4a1a-8639-85f6e846679d#0:FAIL-t53] and 0 exception(s); c5b86445-9c87-4edb-b176-8eaf015b94aa@group-50F79935BC6A:t53, leader=null, voted=c5b86445-9c87-4edb-b176-8eaf015b94aa, raftlog=c5b86445-9c87-4edb-b176-8eaf015b94aa@group-50F79935BC6A-SegmentedRaftLog:OPENED:c3,f4,i4, conf=0: [07da283f-72b3-4610-abc1-72d23674d905:192.168.164.233:38130, c3a3cb61-beea-4a1a-8639-85f6e846679d:192.168.164.233:33135, c5b86445-9c87-4edb-b176-8eaf015b94aa:192.168.164.233:40993], old=null
2019-10-18 14:34:44,395 [c5b86445-9c87-4edb-b176-8eaf015b94aa@group-50F79935BC6A-LeaderElection54] INFO  impl.RaftServerImpl (RaftServerImpl.java:setRole(184)) - c5b86445-9c87-4edb-b176-8eaf015b94aa@group-50F79935BC6A: changes role from CANDIDATE to FOLLOWER at term 53 for DISCOVERED_A_NEW_TERM
2019-10-18 14:34:44,395 [c5b86445-9c87-4edb-b176-8eaf015b94aa@group-50F79935BC6A-LeaderElection54] INFO  impl.RoleInfo (RoleInfo.java:shutdownLeaderElection(134)) - c5b86445-9c87-4edb-b176-8eaf015b94aa: shutdown LeaderElection
2019-10-18 14:34:44,396 [c5b86445-9c87-4edb-b176-8eaf015b94aa@group-50F79935BC6A-LeaderElection54] INFO  impl.RoleInfo (RoleInfo.java:updateAndGet(143)) - c5b86445-9c87-4edb-b176-8eaf015b94aa: start FollowerState
2019-10-18 14:34:44,423 [EventQueue-DeleteBlockStatusForDeletedBlockLogImpl] WARN  block.DeletedBlockLogImpl (DeletedBlockLogImpl.java:commitTransactions(205)) - Transaction txId=1 commit by dnId=c5b86445-9c87-4edb-b176-8eaf015b94aa for containerID=#1 failed. Corresponding entry not found.
2019-10-18 14:34:44,423 [EventQueue-DeleteBlockStatusForEventWatcher$$Lambda$30/637241618] WARN  events.EventWatcher (EventWatcher.java:lambda$start$0(110)) - Completion event without active lease. Id=1571409275202
2019-10-18 14:34:44,423 [EventQueue-DeleteBlockStatusForDeletedBlockLogImpl] WARN  block.DeletedBlockLogImpl (DeletedBlockLogImpl.java:commitTransactions(205)) - Transaction txId=1 commit by dnId=c5b86445-9c87-4edb-b176-8eaf015b94aa for containerID=#1 failed. Corresponding entry not found.
2019-10-18 14:34:44,424 [EventQueue-DeleteBlockStatusForEventWatcher$$Lambda$30/637241618] WARN  events.EventWatcher (EventWatcher.java:lambda$start$0(110)) - Completion event without active lease. Id=1571409275201
2019-10-18 14:34:44,424 [EventQueue-DeleteBlockStatusForDeletedBlockLogImpl] WARN  block.DeletedBlockLogImpl (DeletedBlockLogImpl.java:commitTransactions(205)) - Transaction txId=1 commit by dnId=c5b86445-9c87-4edb-b176-8eaf015b94aa for containerID=#1 failed. Corresponding entry not found.
2019-10-18 14:34:44,424 [EventQueue-DeleteBlockStatusForEventWatcher$$Lambda$30/637241618] WARN  events.EventWatcher (EventWatcher.java:lambda$start$0(110)) - Completion event without active lease. Id=1571409275200
2019-10-18 14:34:44,424 [EventQueue-DeleteBlockStatusForDeletedBlockLogImpl] WARN  block.DeletedBlockLogImpl (DeletedBlockLogImpl.java:commitTransactions(205)) - Transaction txId=1 commit by dnId=c5b86445-9c87-4edb-b176-8eaf015b94aa for containerID=#1 failed. Corresponding entry not found.
2019-10-18 14:34:44,424 [EventQueue-DeleteBlockStatusForEventWatcher$$Lambda$30/637241618] WARN  events.EventWatcher (EventWatcher.java:lambda$start$0(110)) - Completion event without active lease. Id=1571409275199
2019-10-18 14:34:44,424 [EventQueue-DeleteBlockStatusForDeletedBlockLogImpl] WARN  block.DeletedBlockLogImpl (DeletedBlockLogImpl.java:commitTransactions(205)) - Transaction txId=1 commit by dnId=c5b86445-9c87-4edb-b176-8eaf015b94aa for containerID=#1 failed. Corresponding entry not found.
2019-10-18 14:34:44,424 [EventQueue-DeleteBlockStatusForEventWatcher$$Lambda$30/637241618] WARN  events.EventWatcher (EventWatcher.java:lambda$start$0(110)) - Completion event without active lease. Id=1571409275198
2019-10-18 14:34:44,424 [EventQueue-DeleteBlockStatusForDeletedBlockLogImpl] WARN  block.DeletedBlockLogImpl (DeletedBlockLogImpl.java:commitTransactions(205)) - Transaction txId=1 commit by dnId=c5b86445-9c87-4edb-b176-8eaf015b94aa for containerID=#1 failed. Corresponding entry not found.
2019-10-18 14:34:44,424 [EventQueue-DeleteBlockStatusForEventWatcher$$Lambda$30/637241618] WARN  events.EventWatcher (EventWatcher.java:lambda$start$0(110)) - Completion event without active lease. Id=1571409275196
2019-10-18 14:34:44,424 [EventQueue-DeleteBlockStatusForDeletedBlockLogImpl] WARN  block.DeletedBlockLogImpl (DeletedBlockLogImpl.java:commitTransactions(205)) - Transaction txId=1 commit by dnId=c5b86445-9c87-4edb-b176-8eaf015b94aa for containerID=#1 failed. Corresponding entry not found.
2019-10-18 14:34:44,425 [EventQueue-DeleteBlockStatusForEventWatcher$$Lambda$30/637241618] WARN  events.EventWatcher (EventWatcher.java:lambda$start$0(110)) - Completion event without active lease. Id=1571409275194
2019-10-18 14:34:44,425 [EventQueue-DeleteBlockStatusForDeletedBlockLogImpl] WARN  block.DeletedBlockLogImpl (DeletedBlockLogImpl.java:commitTransactions(205)) - Transaction txId=1 commit by dnId=c5b86445-9c87-4edb-b176-8eaf015b94aa for containerID=#1 failed. Corresponding entry not found.
2019-10-18 14:34:44,425 [EventQueue-DeleteBlockStatusForEventWatcher$$Lambda$30/637241618] WARN  events.EventWatcher (EventWatcher.java:lambda$start$0(110)) - Completion event without active lease. Id=1571409275192
2019-10-18 14:34:44,461 [BlockDeletingService#2] WARN  background.BlockDeletingService (BlockDeletingService.java:isDeletionAllowed(187)) - Close Container log Index 6 is not replicated across allthe servers in the pipeline 1b899901-10f6-4f6e-b1b6-50f79935bc6a as the min replicated index is 4. Deletion is not allowed in this container yet.
2019-10-18 14:34:44,461 [BlockDeletingService#2] WARN  background.BlockDeletingService (BlockDeletingService.java:isDeletionAllowed(187)) - Close Container log Index 6 is not replicated across allthe servers in the pipeline 1b899901-10f6-4f6e-b1b6-50f79935bc6a as the min replicated index is 4. Deletion is not allowed in this container yet.
2019-10-18 14:34:44,559 [Thread-916] INFO  impl.FollowerState (FollowerState.java:run(108)) - c5b86445-9c87-4edb-b176-8eaf015b94aa@group-50F79935BC6A-FollowerState: change to CANDIDATE, lastRpcTime:163ms, electionTimeout:163ms
2019-10-18 14:34:44,559 [Thread-916] INFO  impl.RoleInfo (RoleInfo.java:shutdownFollowerState(121)) - c5b86445-9c87-4edb-b176-8eaf015b94aa: shutdown FollowerState
2019-10-18 14:34:44,559 [Thread-916] INFO  impl.RaftServerImpl (RaftServerImpl.java:setRole(184)) - c5b86445-9c87-4edb-b176-8eaf015b94aa@group-50F79935BC6A: changes role from  FOLLOWER to CANDIDATE at term 53 for changeToCandidate
2019-10-18 14:34:44,559 [Thread-916] INFO  impl.RoleInfo (RoleInfo.java:updateAndGet(143)) - c5b86445-9c87-4edb-b176-8eaf015b94aa: start LeaderElection
2019-10-18 14:34:44,573 [c5b86445-9c87-4edb-b176-8eaf015b94aa@group-50F79935BC6A-LeaderElection55] INFO  impl.LeaderElection (LeaderElection.java:askForVotes(178)) - c5b86445-9c87-4edb-b176-8eaf015b94aa@group-50F79935BC6A-LeaderElection55: begin an election at term 54 for 0: [07da283f-72b3-4610-abc1-72d23674d905:192.168.164.233:38130, c3a3cb61-beea-4a1a-8639-85f6e846679d:192.168.164.233:33135, c5b86445-9c87-4edb-b176-8eaf015b94aa:192.168.164.233:40993], old=null
2019-10-18 14:34:44,575 [grpc-default-executor-4] INFO  impl.RaftServerImpl (RaftServerImpl.java:setRole(184)) - c3a3cb61-beea-4a1a-8639-85f6e846679d@group-50F79935BC6A: changes role from  FOLLOWER to FOLLOWER at term 54 for recognizeCandidate:c5b86445-9c87-4edb-b176-8eaf015b94aa
2019-10-18 14:34:44,575 [grpc-default-executor-2] INFO  impl.RaftServerImpl (RaftServerImpl.java:setRole(184)) - 07da283f-72b3-4610-abc1-72d23674d905@group-50F79935BC6A: changes role from  FOLLOWER to FOLLOWER at term 54 for recognizeCandidate:c5b86445-9c87-4edb-b176-8eaf015b94aa
2019-10-18 14:34:44,575 [grpc-default-executor-4] INFO  impl.RoleInfo (RoleInfo.java:shutdownFollowerState(121)) - c3a3cb61-beea-4a1a-8639-85f6e846679d: shutdown FollowerState
2019-10-18 14:34:44,575 [grpc-default-executor-2] INFO  impl.RoleInfo (RoleInfo.java:shutdownFollowerState(121)) - 07da283f-72b3-4610-abc1-72d23674d905: shutdown FollowerState
2019-10-18 14:34:44,575 [grpc-default-executor-4] INFO  impl.RoleInfo (RoleInfo.java:updateAndGet(143)) - c3a3cb61-beea-4a1a-8639-85f6e846679d: start FollowerState
2019-10-18 14:34:44,576 [Thread-914] INFO  impl.FollowerState (FollowerState.java:run(117)) - 07da283f-72b3-4610-abc1-72d23674d905@group-50F79935BC6A-FollowerState was interrupted: java.lang.InterruptedException: sleep interrupted
2019-10-18 14:34:44,576 [grpc-default-executor-2] INFO  impl.RoleInfo (RoleInfo.java:updateAndGet(143)) - 07da283f-72b3-4610-abc1-72d23674d905: start FollowerState
2019-10-18 14:34:44,576 [Thread-915] INFO  impl.FollowerState (FollowerState.java:run(117)) - c3a3cb61-beea-4a1a-8639-85f6e846679d@group-50F79935BC6A-FollowerState was interrupted: java.lang.InterruptedException: sleep interrupted
2019-10-18 14:34:44,602 [c5b86445-9c87-4edb-b176-8eaf015b94aa@group-50F79935BC6A-LeaderElection55] INFO  impl.LeaderElection (LeaderElection.java:logAndReturn(56)) - c5b86445-9c87-4edb-b176-8eaf015b94aa@group-50F79935BC6A-LeaderElection55: Election REJECTED; received 2 response(s) [c5b86445-9c87-4edb-b176-8eaf015b94aa<-07da283f-72b3-4610-abc1-72d23674d905#0:FAIL-t54, c5b86445-9c87-4edb-b176-8eaf015b94aa<-c3a3cb61-beea-4a1a-8639-85f6e846679d#0:FAIL-t54] and 0 exception(s); c5b86445-9c87-4edb-b176-8eaf015b94aa@group-50F79935BC6A:t54, leader=null, voted=c5b86445-9c87-4edb-b176-8eaf015b94aa, raftlog=c5b86445-9c87-4edb-b176-8eaf015b94aa@group-50F79935BC6A-SegmentedRaftLog:OPENED:c3,f4,i4, conf=0: [07da283f-72b3-4610-abc1-72d23674d905:192.168.164.233:38130, c3a3cb61-beea-4a1a-8639-85f6e846679d:192.168.164.233:33135, c5b86445-9c87-4edb-b176-8eaf015b94aa:192.168.164.233:40993], old=null
2019-10-18 14:34:44,602 [c5b86445-9c87-4edb-b176-8eaf015b94aa@group-50F79935BC6A-LeaderElection55] INFO  impl.RaftServerImpl (RaftServerImpl.java:setRole(184)) - c5b86445-9c87-4edb-b176-8eaf015b94aa@group-50F79935BC6A: changes role from CANDIDATE to FOLLOWER at term 54 for DISCOVERED_A_NEW_TERM
2019-10-18 14:34:44,602 [c5b86445-9c87-4edb-b176-8eaf015b94aa@group-50F79935BC6A-LeaderElection55] INFO  impl.RoleInfo (RoleInfo.java:shutdownLeaderElection(134)) - c5b86445-9c87-4edb-b176-8eaf015b94aa: shutdown LeaderElection
2019-10-18 14:34:44,602 [c5b86445-9c87-4edb-b176-8eaf015b94aa@group-50F79935BC6A-LeaderElection55] INFO  impl.RoleInfo (RoleInfo.java:updateAndGet(143)) - c5b86445-9c87-4edb-b176-8eaf015b94aa: start FollowerState
2019-10-18 14:34:44,709 [Thread-924] INFO  impl.FollowerState (FollowerState.java:run(108)) - c5b86445-9c87-4edb-b176-8eaf015b94aa@group-50F79935BC6A-FollowerState: change to CANDIDATE, lastRpcTime:107ms, electionTimeout:107ms
2019-10-18 14:34:44,710 [Thread-924] INFO  impl.RoleInfo (RoleInfo.java:shutdownFollowerState(121)) - c5b86445-9c87-4edb-b176-8eaf015b94aa: shutdown FollowerState
2019-10-18 14:34:44,710 [Thread-924] INFO  impl.RaftServerImpl (RaftServerImpl.java:setRole(184)) - c5b86445-9c87-4edb-b176-8eaf015b94aa@group-50F79935BC6A: changes role from  FOLLOWER to CANDIDATE at term 54 for changeToCandidate
2019-10-18 14:34:44,710 [Thread-924] INFO  impl.RoleInfo (RoleInfo.java:updateAndGet(143)) - c5b86445-9c87-4edb-b176-8eaf015b94aa: start LeaderElection
2019-10-18 14:34:44,727 [c5b86445-9c87-4edb-b176-8eaf015b94aa@group-50F79935BC6A-LeaderElection56] INFO  impl.LeaderElection (LeaderElection.java:askForVotes(178)) - c5b86445-9c87-4edb-b176-8eaf015b94aa@group-50F79935BC6A-LeaderElection56: begin an election at term 55 for 0: [07da283f-72b3-4610-abc1-72d23674d905:192.168.164.233:38130, c3a3cb61-beea-4a1a-8639-85f6e846679d:192.168.164.233:33135, c5b86445-9c87-4edb-b176-8eaf015b94aa:192.168.164.233:40993], old=null
2019-10-18 14:34:44,730 [grpc-default-executor-4] INFO  impl.RaftServerImpl (RaftServerImpl.java:setRole(184)) - 07da283f-72b3-4610-abc1-72d23674d905@group-50F79935BC6A: changes role from  FOLLOWER to FOLLOWER at term 55 for recognizeCandidate:c5b86445-9c87-4edb-b176-8eaf015b94aa
2019-10-18 14:34:44,730 [grpc-default-executor-4] INFO  impl.RoleInfo (RoleInfo.java:shutdownFollowerState(121)) - 07da283f-72b3-4610-abc1-72d23674d905: shutdown FollowerState
2019-10-18 14:34:44,730 [grpc-default-executor-4] INFO  impl.RoleInfo (RoleInfo.java:updateAndGet(143)) - 07da283f-72b3-4610-abc1-72d23674d905: start FollowerState
2019-10-18 14:34:44,730 [Thread-923] INFO  impl.FollowerState (FollowerState.java:run(117)) - 07da283f-72b3-4610-abc1-72d23674d905@group-50F79935BC6A-FollowerState was interrupted: java.lang.InterruptedException: sleep interrupted
2019-10-18 14:34:44,730 [grpc-default-executor-2] INFO  impl.RaftServerImpl (RaftServerImpl.java:setRole(184)) - c3a3cb61-beea-4a1a-8639-85f6e846679d@group-50F79935BC6A: changes role from  FOLLOWER to FOLLOWER at term 55 for recognizeCandidate:c5b86445-9c87-4edb-b176-8eaf015b94aa
2019-10-18 14:34:44,731 [grpc-default-executor-2] INFO  impl.RoleInfo (RoleInfo.java:shutdownFollowerState(121)) - c3a3cb61-beea-4a1a-8639-85f6e846679d: shutdown FollowerState
2019-10-18 14:34:44,731 [Thread-922] INFO  impl.FollowerState (FollowerState.java:run(117)) - c3a3cb61-beea-4a1a-8639-85f6e846679d@group-50F79935BC6A-FollowerState was interrupted: java.lang.InterruptedException: sleep interrupted
2019-10-18 14:34:44,731 [grpc-default-executor-2] INFO  impl.RoleInfo (RoleInfo.java:updateAndGet(143)) - c3a3cb61-beea-4a1a-8639-85f6e846679d: start FollowerState
2019-10-18 14:34:44,736 [c5b86445-9c87-4edb-b176-8eaf015b94aa@group-50F79935BC6A-LeaderElection56] INFO  impl.LeaderElection (LeaderElection.java:logAndReturn(56)) - c5b86445-9c87-4edb-b176-8eaf015b94aa@group-50F79935BC6A-LeaderElection56: Election REJECTED; received 2 response(s) [c5b86445-9c87-4edb-b176-8eaf015b94aa<-07da283f-72b3-4610-abc1-72d23674d905#0:FAIL-t55, c5b86445-9c87-4edb-b176-8eaf015b94aa<-c3a3cb61-beea-4a1a-8639-85f6e846679d#0:FAIL-t55] and 0 exception(s); c5b86445-9c87-4edb-b176-8eaf015b94aa@group-50F79935BC6A:t55, leader=null, voted=c5b86445-9c87-4edb-b176-8eaf015b94aa, raftlog=c5b86445-9c87-4edb-b176-8eaf015b94aa@group-50F79935BC6A-SegmentedRaftLog:OPENED:c3,f4,i4, conf=0: [07da283f-72b3-4610-abc1-72d23674d905:192.168.164.233:38130, c3a3cb61-beea-4a1a-8639-85f6e846679d:192.168.164.233:33135, c5b86445-9c87-4edb-b176-8eaf015b94aa:192.168.164.233:40993], old=null
2019-10-18 14:34:44,736 [c5b86445-9c87-4edb-b176-8eaf015b94aa@group-50F79935BC6A-LeaderElection56] INFO  impl.RaftServerImpl (RaftServerImpl.java:setRole(184)) - c5b86445-9c87-4edb-b176-8eaf015b94aa@group-50F79935BC6A: changes role from CANDIDATE to FOLLOWER at term 55 for DISCOVERED_A_NEW_TERM
2019-10-18 14:34:44,736 [c5b86445-9c87-4edb-b176-8eaf015b94aa@group-50F79935BC6A-LeaderElection56] INFO  impl.RoleInfo (RoleInfo.java:shutdownLeaderElection(134)) - c5b86445-9c87-4edb-b176-8eaf015b94aa: shutdown LeaderElection
2019-10-18 14:34:44,736 [c5b86445-9c87-4edb-b176-8eaf015b94aa@group-50F79935BC6A-LeaderElection56] INFO  impl.RoleInfo (RoleInfo.java:updateAndGet(143)) - c5b86445-9c87-4edb-b176-8eaf015b94aa: start FollowerState
2019-10-18 14:34:44,935 [Thread-930] INFO  impl.FollowerState (FollowerState.java:run(108)) - c5b86445-9c87-4edb-b176-8eaf015b94aa@group-50F79935BC6A-FollowerState: change to CANDIDATE, lastRpcTime:198ms, electionTimeout:198ms
2019-10-18 14:34:44,935 [Thread-930] INFO  impl.RoleInfo (RoleInfo.java:shutdownFollowerState(121)) - c5b86445-9c87-4edb-b176-8eaf015b94aa: shutdown FollowerState
2019-10-18 14:34:44,935 [Thread-930] INFO  impl.RaftServerImpl (RaftServerImpl.java:setRole(184)) - c5b86445-9c87-4edb-b176-8eaf015b94aa@group-50F79935BC6A: changes role from  FOLLOWER to CANDIDATE at term 55 for changeToCandidate
2019-10-18 14:34:44,935 [Thread-930] INFO  impl.RoleInfo (RoleInfo.java:updateAndGet(143)) - c5b86445-9c87-4edb-b176-8eaf015b94aa: start LeaderElection
2019-10-18 14:34:45,028 [c5b86445-9c87-4edb-b176-8eaf015b94aa@group-50F79935BC6A-LeaderElection57] INFO  impl.LeaderElection (LeaderElection.java:askForVotes(178)) - c5b86445-9c87-4edb-b176-8eaf015b94aa@group-50F79935BC6A-LeaderElection57: begin an election at term 56 for 0: [07da283f-72b3-4610-abc1-72d23674d905:192.168.164.233:38130, c3a3cb61-beea-4a1a-8639-85f6e846679d:192.168.164.233:33135, c5b86445-9c87-4edb-b176-8eaf015b94aa:192.168.164.233:40993], old=null
2019-10-18 14:34:45,030 [grpc-default-executor-2] INFO  impl.RaftServerImpl (RaftServerImpl.java:setRole(184)) - 07da283f-72b3-4610-abc1-72d23674d905@group-50F79935BC6A: changes role from  FOLLOWER to FOLLOWER at term 56 for recognizeCandidate:c5b86445-9c87-4edb-b176-8eaf015b94aa
2019-10-18 14:34:45,030 [grpc-default-executor-4] INFO  impl.RaftServerImpl (RaftServerImpl.java:setRole(184)) - c3a3cb61-beea-4a1a-8639-85f6e846679d@group-50F79935BC6A: changes role from  FOLLOWER to FOLLOWER at term 56 for recognizeCandidate:c5b86445-9c87-4edb-b176-8eaf015b94aa
2019-10-18 14:34:45,030 [grpc-default-executor-2] INFO  impl.RoleInfo (RoleInfo.java:shutdownFollowerState(121)) - 07da283f-72b3-4610-abc1-72d23674d905: shutdown FollowerState
2019-10-18 14:34:45,031 [grpc-default-executor-4] INFO  impl.RoleInfo (RoleInfo.java:shutdownFollowerState(121)) - c3a3cb61-beea-4a1a-8639-85f6e846679d: shutdown FollowerState
2019-10-18 14:34:45,031 [Thread-928] INFO  impl.FollowerState (FollowerState.java:run(117)) - 07da283f-72b3-4610-abc1-72d23674d905@group-50F79935BC6A-FollowerState was interrupted: java.lang.InterruptedException: sleep interrupted
2019-10-18 14:34:45,031 [grpc-default-executor-2] INFO  impl.RoleInfo (RoleInfo.java:updateAndGet(143)) - 07da283f-72b3-4610-abc1-72d23674d905: start FollowerState
2019-10-18 14:34:45,031 [Thread-929] INFO  impl.FollowerState (FollowerState.java:run(117)) - c3a3cb61-beea-4a1a-8639-85f6e846679d@group-50F79935BC6A-FollowerState was interrupted: java.lang.InterruptedException: sleep interrupted
2019-10-18 14:34:45,031 [grpc-default-executor-4] INFO  impl.RoleInfo (RoleInfo.java:updateAndGet(143)) - c3a3cb61-beea-4a1a-8639-85f6e846679d: start FollowerState
2019-10-18 14:34:45,044 [c5b86445-9c87-4edb-b176-8eaf015b94aa@group-50F79935BC6A-LeaderElection57] INFO  impl.LeaderElection (LeaderElection.java:logAndReturn(56)) - c5b86445-9c87-4edb-b176-8eaf015b94aa@group-50F79935BC6A-LeaderElection57: Election TIMEOUT; received 0 response(s) [] and 0 exception(s); c5b86445-9c87-4edb-b176-8eaf015b94aa@group-50F79935BC6A:t56, leader=null, voted=c5b86445-9c87-4edb-b176-8eaf015b94aa, raftlog=c5b86445-9c87-4edb-b176-8eaf015b94aa@group-50F79935BC6A-SegmentedRaftLog:OPENED:c3,f4,i4, conf=0: [07da283f-72b3-4610-abc1-72d23674d905:192.168.164.233:38130, c3a3cb61-beea-4a1a-8639-85f6e846679d:192.168.164.233:33135, c5b86445-9c87-4edb-b176-8eaf015b94aa:192.168.164.233:40993], old=null
2019-10-18 14:34:45,073 [c5b86445-9c87-4edb-b176-8eaf015b94aa@group-50F79935BC6A-LeaderElection57] INFO  impl.LeaderElection (LeaderElection.java:askForVotes(178)) - c5b86445-9c87-4edb-b176-8eaf015b94aa@group-50F79935BC6A-LeaderElection57: begin an election at term 57 for 0: [07da283f-72b3-4610-abc1-72d23674d905:192.168.164.233:38130, c3a3cb61-beea-4a1a-8639-85f6e846679d:192.168.164.233:33135, c5b86445-9c87-4edb-b176-8eaf015b94aa:192.168.164.233:40993], old=null
2019-10-18 14:34:45,075 [grpc-default-executor-2] INFO  impl.RaftServerImpl (RaftServerImpl.java:setRole(184)) - 07da283f-72b3-4610-abc1-72d23674d905@group-50F79935BC6A: changes role from  FOLLOWER to FOLLOWER at term 57 for recognizeCandidate:c5b86445-9c87-4edb-b176-8eaf015b94aa
2019-10-18 14:34:45,075 [grpc-default-executor-4] INFO  impl.RaftServerImpl (RaftServerImpl.java:setRole(184)) - c3a3cb61-beea-4a1a-8639-85f6e846679d@group-50F79935BC6A: changes role from  FOLLOWER to FOLLOWER at term 57 for recognizeCandidate:c5b86445-9c87-4edb-b176-8eaf015b94aa
2019-10-18 14:34:45,075 [grpc-default-executor-2] INFO  impl.RoleInfo (RoleInfo.java:shutdownFollowerState(121)) - 07da283f-72b3-4610-abc1-72d23674d905: shutdown FollowerState
2019-10-18 14:34:45,075 [grpc-default-executor-4] INFO  impl.RoleInfo (RoleInfo.java:shutdownFollowerState(121)) - c3a3cb61-beea-4a1a-8639-85f6e846679d: shutdown FollowerState
2019-10-18 14:34:45,075 [grpc-default-executor-2] INFO  impl.RoleInfo (RoleInfo.java:updateAndGet(143)) - 07da283f-72b3-4610-abc1-72d23674d905: start FollowerState
2019-10-18 14:34:45,075 [Thread-936] INFO  impl.FollowerState (FollowerState.java:run(117)) - 07da283f-72b3-4610-abc1-72d23674d905@group-50F79935BC6A-FollowerState was interrupted: java.lang.InterruptedException: sleep interrupted
2019-10-18 14:34:45,075 [Thread-937] INFO  impl.FollowerState (FollowerState.java:run(117)) - c3a3cb61-beea-4a1a-8639-85f6e846679d@group-50F79935BC6A-FollowerState was interrupted: java.lang.InterruptedException: sleep interrupted
2019-10-18 14:34:45,075 [grpc-default-executor-4] INFO  impl.RoleInfo (RoleInfo.java:updateAndGet(143)) - c3a3cb61-beea-4a1a-8639-85f6e846679d: start FollowerState
2019-10-18 14:34:45,110 [c5b86445-9c87-4edb-b176-8eaf015b94aa@group-50F79935BC6A-LeaderElection57] INFO  impl.LeaderElection (LeaderElection.java:logAndReturn(56)) - c5b86445-9c87-4edb-b176-8eaf015b94aa@group-50F79935BC6A-LeaderElection57: Election REJECTED; received 2 response(s) [c5b86445-9c87-4edb-b176-8eaf015b94aa<-07da283f-72b3-4610-abc1-72d23674d905#0:FAIL-t57, c5b86445-9c87-4edb-b176-8eaf015b94aa<-c3a3cb61-beea-4a1a-8639-85f6e846679d#0:FAIL-t57] and 0 exception(s); c5b86445-9c87-4edb-b176-8eaf015b94aa@group-50F79935BC6A:t57, leader=null, voted=c5b86445-9c87-4edb-b176-8eaf015b94aa, raftlog=c5b86445-9c87-4edb-b176-8eaf015b94aa@group-50F79935BC6A-SegmentedRaftLog:OPENED:c3,f4,i4, conf=0: [07da283f-72b3-4610-abc1-72d23674d905:192.168.164.233:38130, c3a3cb61-beea-4a1a-8639-85f6e846679d:192.168.164.233:33135, c5b86445-9c87-4edb-b176-8eaf015b94aa:192.168.164.233:40993], old=null
2019-10-18 14:34:45,111 [c5b86445-9c87-4edb-b176-8eaf015b94aa@group-50F79935BC6A-LeaderElection57] INFO  impl.RaftServerImpl (RaftServerImpl.java:setRole(184)) - c5b86445-9c87-4edb-b176-8eaf015b94aa@group-50F79935BC6A: changes role from CANDIDATE to FOLLOWER at term 57 for DISCOVERED_A_NEW_TERM
2019-10-18 14:34:45,111 [c5b86445-9c87-4edb-b176-8eaf015b94aa@group-50F79935BC6A-LeaderElection57] INFO  impl.RoleInfo (RoleInfo.java:shutdownLeaderElection(134)) - c5b86445-9c87-4edb-b176-8eaf015b94aa: shutdown LeaderElection
2019-10-18 14:34:45,111 [c5b86445-9c87-4edb-b176-8eaf015b94aa@group-50F79935BC6A-LeaderElection57] INFO  impl.RoleInfo (RoleInfo.java:updateAndGet(143)) - c5b86445-9c87-4edb-b176-8eaf015b94aa: start FollowerState
2019-10-18 14:34:45,201 [pool-7-thread-3] INFO  commands.RetriableDatanodeEventWatcher (RetriableDatanodeEventWatcher.java:onTimeout(47)) - RetriableDatanodeCommand type=deleteBlocksCommand with id=1571409275203 timed out. Retrying.
2019-10-18 14:34:45,225 [IPC Server handler 5 on 44765] WARN  block.DeletedBlockLogImpl (DeletedBlockLogImpl.java:incrementCount(141)) - Deleted TXID not found.
2019-10-18 14:34:45,235 [Thread-942] INFO  impl.FollowerState (FollowerState.java:run(108)) - c5b86445-9c87-4edb-b176-8eaf015b94aa@group-50F79935BC6A-FollowerState: change to CANDIDATE, lastRpcTime:124ms, electionTimeout:104ms
2019-10-18 14:34:45,236 [Thread-942] INFO  impl.RoleInfo (RoleInfo.java:shutdownFollowerState(121)) - c5b86445-9c87-4edb-b176-8eaf015b94aa: shutdown FollowerState
2019-10-18 14:34:45,236 [Thread-942] INFO  impl.RaftServerImpl (RaftServerImpl.java:setRole(184)) - c5b86445-9c87-4edb-b176-8eaf015b94aa@group-50F79935BC6A: changes role from  FOLLOWER to CANDIDATE at term 57 for changeToCandidate
2019-10-18 14:34:45,236 [Thread-942] INFO  impl.RoleInfo (RoleInfo.java:updateAndGet(143)) - c5b86445-9c87-4edb-b176-8eaf015b94aa: start LeaderElection
2019-10-18 14:34:45,297 [c5b86445-9c87-4edb-b176-8eaf015b94aa@group-50F79935BC6A-LeaderElection58] INFO  impl.LeaderElection (LeaderElection.java:askForVotes(178)) - c5b86445-9c87-4edb-b176-8eaf015b94aa@group-50F79935BC6A-LeaderElection58: begin an election at term 58 for 0: [07da283f-72b3-4610-abc1-72d23674d905:192.168.164.233:38130, c3a3cb61-beea-4a1a-8639-85f6e846679d:192.168.164.233:33135, c5b86445-9c87-4edb-b176-8eaf015b94aa:192.168.164.233:40993], old=null
2019-10-18 14:34:45,303 [grpc-default-executor-2] INFO  impl.RaftServerImpl (RaftServerImpl.java:setRole(184)) - 07da283f-72b3-4610-abc1-72d23674d905@group-50F79935BC6A: changes role from  FOLLOWER to FOLLOWER at term 58 for recognizeCandidate:c5b86445-9c87-4edb-b176-8eaf015b94aa
2019-10-18 14:34:45,304 [grpc-default-executor-2] INFO  impl.RoleInfo (RoleInfo.java:shutdownFollowerState(121)) - 07da283f-72b3-4610-abc1-72d23674d905: shutdown FollowerState
2019-10-18 14:34:45,304 [grpc-default-executor-2] INFO  impl.RoleInfo (RoleInfo.java:updateAndGet(143)) - 07da283f-72b3-4610-abc1-72d23674d905: start FollowerState
2019-10-18 14:34:45,304 [Thread-940] INFO  impl.FollowerState (FollowerState.java:run(117)) - 07da283f-72b3-4610-abc1-72d23674d905@group-50F79935BC6A-FollowerState was interrupted: java.lang.InterruptedException: sleep interrupted
2019-10-18 14:34:45,304 [grpc-default-executor-4] INFO  impl.RaftServerImpl (RaftServerImpl.java:setRole(184)) - c3a3cb61-beea-4a1a-8639-85f6e846679d@group-50F79935BC6A: changes role from  FOLLOWER to FOLLOWER at term 58 for recognizeCandidate:c5b86445-9c87-4edb-b176-8eaf015b94aa
2019-10-18 14:34:45,305 [grpc-default-executor-4] INFO  impl.RoleInfo (RoleInfo.java:shutdownFollowerState(121)) - c3a3cb61-beea-4a1a-8639-85f6e846679d: shutdown FollowerState
2019-10-18 14:34:45,305 [grpc-default-executor-4] INFO  impl.RoleInfo (RoleInfo.java:updateAndGet(143)) - c3a3cb61-beea-4a1a-8639-85f6e846679d: start FollowerState
2019-10-18 14:34:45,305 [Thread-941] INFO  impl.FollowerState (FollowerState.java:run(117)) - c3a3cb61-beea-4a1a-8639-85f6e846679d@group-50F79935BC6A-FollowerState was interrupted: java.lang.InterruptedException: sleep interrupted
2019-10-18 14:34:45,322 [Command processor thread] INFO  commandhandler.DeleteBlocksCommandHandler (DeleteBlocksCommandHandler.java:handle(106)) - Start to delete container blocks, TXIDs=[1(47)], numOfContainers=1, numOfBlocks=1
2019-10-18 14:34:45,323 [Command processor thread] INFO  commandhandler.DeleteBlocksCommandHandler (DeleteBlocksCommandHandler.java:handle(106)) - Start to delete container blocks, TXIDs=[1(47)], numOfContainers=1, numOfBlocks=1
2019-10-18 14:34:45,341 [c5b86445-9c87-4edb-b176-8eaf015b94aa@group-50F79935BC6A-LeaderElection58] INFO  impl.LeaderElection (LeaderElection.java:logAndReturn(56)) - c5b86445-9c87-4edb-b176-8eaf015b94aa@group-50F79935BC6A-LeaderElection58: Election REJECTED; received 2 response(s) [c5b86445-9c87-4edb-b176-8eaf015b94aa<-07da283f-72b3-4610-abc1-72d23674d905#0:FAIL-t58, c5b86445-9c87-4edb-b176-8eaf015b94aa<-c3a3cb61-beea-4a1a-8639-85f6e846679d#0:FAIL-t58] and 0 exception(s); c5b86445-9c87-4edb-b176-8eaf015b94aa@group-50F79935BC6A:t58, leader=null, voted=c5b86445-9c87-4edb-b176-8eaf015b94aa, raftlog=c5b86445-9c87-4edb-b176-8eaf015b94aa@group-50F79935BC6A-SegmentedRaftLog:OPENED:c3,f4,i4, conf=0: [07da283f-72b3-4610-abc1-72d23674d905:192.168.164.233:38130, c3a3cb61-beea-4a1a-8639-85f6e846679d:192.168.164.233:33135, c5b86445-9c87-4edb-b176-8eaf015b94aa:192.168.164.233:40993], old=null
2019-10-18 14:34:45,342 [c5b86445-9c87-4edb-b176-8eaf015b94aa@group-50F79935BC6A-LeaderElection58] INFO  impl.RaftServerImpl (RaftServerImpl.java:setRole(184)) - c5b86445-9c87-4edb-b176-8eaf015b94aa@group-50F79935BC6A: changes role from CANDIDATE to FOLLOWER at term 58 for DISCOVERED_A_NEW_TERM
2019-10-18 14:34:45,342 [c5b86445-9c87-4edb-b176-8eaf015b94aa@group-50F79935BC6A-LeaderElection58] INFO  impl.RoleInfo (RoleInfo.java:shutdownLeaderElection(134)) - c5b86445-9c87-4edb-b176-8eaf015b94aa: shutdown LeaderElection
2019-10-18 14:34:45,342 [c5b86445-9c87-4edb-b176-8eaf015b94aa@group-50F79935BC6A-LeaderElection58] INFO  impl.RoleInfo (RoleInfo.java:updateAndGet(143)) - c5b86445-9c87-4edb-b176-8eaf015b94aa: start FollowerState
2019-10-18 14:34:45,364 [Thread-951] INFO  client.GrpcClientProtocolService (GrpcClientProtocolService.java:lambda$processClientRequest$0(278)) - Failed RaftClientRequest:client-D4B6A76FA5A7->07da283f-72b3-4610-abc1-72d23674d905@group-50F79935BC6A, cid=10, seq=0, Watch-ALL_COMMITTED(6), Message:<EMPTY>, reply=RaftClientReply:client-D4B6A76FA5A7->07da283f-72b3-4610-abc1-72d23674d905@group-50F79935BC6A, cid=10, FAILED org.apache.ratis.protocol.NotLeaderException: Server 07da283f-72b3-4610-abc1-72d23674d905@group-50F79935BC6A is not the leader, logIndex=0, commits[07da283f-72b3-4610-abc1-72d23674d905:c10, c3a3cb61-beea-4a1a-8639-85f6e846679d:c10, c5b86445-9c87-4edb-b176-8eaf015b94aa:c4]
2019-10-18 14:34:45,426 [EventQueue-DeleteBlockStatusForDeletedBlockLogImpl] WARN  block.DeletedBlockLogImpl (DeletedBlockLogImpl.java:commitTransactions(205)) - Transaction txId=1 commit by dnId=c5b86445-9c87-4edb-b176-8eaf015b94aa for containerID=#1 failed. Corresponding entry not found.
2019-10-18 14:34:45,463 [BlockDeletingService#2] WARN  background.BlockDeletingService (BlockDeletingService.java:isDeletionAllowed(187)) - Close Container log Index 6 is not replicated across allthe servers in the pipeline 1b899901-10f6-4f6e-b1b6-50f79935bc6a as the min replicated index is 4. Deletion is not allowed in this container yet.
2019-10-18 14:34:45,463 [BlockDeletingService#2] WARN  background.BlockDeletingService (BlockDeletingService.java:isDeletionAllowed(187)) - Close Container log Index 6 is not replicated across allthe servers in the pipeline 1b899901-10f6-4f6e-b1b6-50f79935bc6a as the min replicated index is 4. Deletion is not allowed in this container yet.
2019-10-18 14:34:45,515 [Thread-949] INFO  impl.FollowerState (FollowerState.java:run(108)) - c5b86445-9c87-4edb-b176-8eaf015b94aa@group-50F79935BC6A-FollowerState: change to CANDIDATE, lastRpcTime:173ms, electionTimeout:173ms
2019-10-18 14:34:45,515 [Thread-949] INFO  impl.RoleInfo (RoleInfo.java:shutdownFollowerState(121)) - c5b86445-9c87-4edb-b176-8eaf015b94aa: shutdown FollowerState
2019-10-18 14:34:45,516 [Thread-949] INFO  impl.RaftServerImpl (RaftServerImpl.java:setRole(184)) - c5b86445-9c87-4edb-b176-8eaf015b94aa@group-50F79935BC6A: changes role from  FOLLOWER to CANDIDATE at term 58 for changeToCandidate
2019-10-18 14:34:45,516 [Thread-949] INFO  impl.RoleInfo (RoleInfo.java:updateAndGet(143)) - c5b86445-9c87-4edb-b176-8eaf015b94aa: start LeaderElection
2019-10-18 14:34:45,588 [c5b86445-9c87-4edb-b176-8eaf015b94aa@group-50F79935BC6A-LeaderElection59] INFO  impl.LeaderElection (LeaderElection.java:askForVotes(178)) - c5b86445-9c87-4edb-b176-8eaf015b94aa@group-50F79935BC6A-LeaderElection59: begin an election at term 59 for 0: [07da283f-72b3-4610-abc1-72d23674d905:192.168.164.233:38130, c3a3cb61-beea-4a1a-8639-85f6e846679d:192.168.164.233:33135, c5b86445-9c87-4edb-b176-8eaf015b94aa:192.168.164.233:40993], old=null
2019-10-18 14:34:45,591 [grpc-default-executor-4] INFO  impl.RaftServerImpl (RaftServerImpl.java:setRole(184)) - 07da283f-72b3-4610-abc1-72d23674d905@group-50F79935BC6A: changes role from  FOLLOWER to FOLLOWER at term 59 for recognizeCandidate:c5b86445-9c87-4edb-b176-8eaf015b94aa
2019-10-18 14:34:45,591 [grpc-default-executor-2] INFO  impl.RaftServerImpl (RaftServerImpl.java:setRole(184)) - c3a3cb61-beea-4a1a-8639-85f6e846679d@group-50F79935BC6A: changes role from  FOLLOWER to FOLLOWER at term 59 for recognizeCandidate:c5b86445-9c87-4edb-b176-8eaf015b94aa
2019-10-18 14:34:45,591 [grpc-default-executor-4] INFO  impl.RoleInfo (RoleInfo.java:shutdownFollowerState(121)) - 07da283f-72b3-4610-abc1-72d23674d905: shutdown FollowerState
2019-10-18 14:34:45,591 [grpc-default-executor-2] INFO  impl.RoleInfo (RoleInfo.java:shutdownFollowerState(121)) - c3a3cb61-beea-4a1a-8639-85f6e846679d: shutdown FollowerState
2019-10-18 14:34:45,591 [Thread-947] INFO  impl.FollowerState (FollowerState.java:run(117)) - 07da283f-72b3-4610-abc1-72d23674d905@group-50F79935BC6A-FollowerState was interrupted: java.lang.InterruptedException: sleep interrupted
2019-10-18 14:34:45,591 [grpc-default-executor-2] INFO  impl.RoleInfo (RoleInfo.java:updateAndGet(143)) - c3a3cb61-beea-4a1a-8639-85f6e846679d: start FollowerState
2019-10-18 14:34:45,591 [grpc-default-executor-4] INFO  impl.RoleInfo (RoleInfo.java:updateAndGet(143)) - 07da283f-72b3-4610-abc1-72d23674d905: start FollowerState
2019-10-18 14:34:45,591 [Thread-948] INFO  impl.FollowerState (FollowerState.java:run(117)) - c3a3cb61-beea-4a1a-8639-85f6e846679d@group-50F79935BC6A-FollowerState was interrupted: java.lang.InterruptedException: sleep interrupted
2019-10-18 14:34:45,632 [c5b86445-9c87-4edb-b176-8eaf015b94aa@group-50F79935BC6A-LeaderElection59] INFO  impl.LeaderElection (LeaderElection.java:logAndReturn(56)) - c5b86445-9c87-4edb-b176-8eaf015b94aa@group-50F79935BC6A-LeaderElection59: Election REJECTED; received 2 response(s) [c5b86445-9c87-4edb-b176-8eaf015b94aa<-07da283f-72b3-4610-abc1-72d23674d905#0:FAIL-t59, c5b86445-9c87-4edb-b176-8eaf015b94aa<-c3a3cb61-beea-4a1a-8639-85f6e846679d#0:FAIL-t59] and 0 exception(s); c5b86445-9c87-4edb-b176-8eaf015b94aa@group-50F79935BC6A:t59, leader=null, voted=c5b86445-9c87-4edb-b176-8eaf015b94aa, raftlog=c5b86445-9c87-4edb-b176-8eaf015b94aa@group-50F79935BC6A-SegmentedRaftLog:OPENED:c3,f4,i4, conf=0: [07da283f-72b3-4610-abc1-72d23674d905:192.168.164.233:38130, c3a3cb61-beea-4a1a-8639-85f6e846679d:192.168.164.233:33135, c5b86445-9c87-4edb-b176-8eaf015b94aa:192.168.164.233:40993], old=null
2019-10-18 14:34:45,632 [c5b86445-9c87-4edb-b176-8eaf015b94aa@group-50F79935BC6A-LeaderElection59] INFO  impl.RaftServerImpl (RaftServerImpl.java:setRole(184)) - c5b86445-9c87-4edb-b176-8eaf015b94aa@group-50F79935BC6A: changes role from CANDIDATE to FOLLOWER at term 59 for DISCOVERED_A_NEW_TERM
2019-10-18 14:34:45,633 [c5b86445-9c87-4edb-b176-8eaf015b94aa@group-50F79935BC6A-LeaderElection59] INFO  impl.RoleInfo (RoleInfo.java:shutdownLeaderElection(134)) - c5b86445-9c87-4edb-b176-8eaf015b94aa: shutdown LeaderElection
2019-10-18 14:34:45,633 [c5b86445-9c87-4edb-b176-8eaf015b94aa@group-50F79935BC6A-LeaderElection59] INFO  impl.RoleInfo (RoleInfo.java:updateAndGet(143)) - c5b86445-9c87-4edb-b176-8eaf015b94aa: start FollowerState
2019-10-18 14:34:45,652 [Thread-960] INFO  impl.FollowerState (FollowerState.java:run(108)) - c5b86445-9c87-4edb-b176-8eaf015b94aa@group-50F79935BC6A-FollowerState: change to CANDIDATE, lastRpcTime:19ms, electionTimeout:19ms
2019-10-18 14:34:45,652 [Thread-960] INFO  impl.RoleInfo (RoleInfo.java:shutdownFollowerState(121)) - c5b86445-9c87-4edb-b176-8eaf015b94aa: shutdown FollowerState
2019-10-18 14:34:45,653 [Thread-960] INFO  impl.RaftServerImpl (RaftServerImpl.java:setRole(184)) - c5b86445-9c87-4edb-b176-8eaf015b94aa@group-50F79935BC6A: changes role from  FOLLOWER to CANDIDATE at term 59 for changeToCandidate
2019-10-18 14:34:45,653 [Thread-960] INFO  impl.RoleInfo (RoleInfo.java:updateAndGet(143)) - c5b86445-9c87-4edb-b176-8eaf015b94aa: start LeaderElection
2019-10-18 14:34:45,722 [c5b86445-9c87-4edb-b176-8eaf015b94aa@group-50F79935BC6A-LeaderElection60] INFO  impl.LeaderElection (LeaderElection.java:askForVotes(178)) - c5b86445-9c87-4edb-b176-8eaf015b94aa@group-50F79935BC6A-LeaderElection60: begin an election at term 60 for 0: [07da283f-72b3-4610-abc1-72d23674d905:192.168.164.233:38130, c3a3cb61-beea-4a1a-8639-85f6e846679d:192.168.164.233:33135, c5b86445-9c87-4edb-b176-8eaf015b94aa:192.168.164.233:40993], old=null
2019-10-18 14:34:45,726 [grpc-default-executor-4] INFO  impl.RaftServerImpl (RaftServerImpl.java:setRole(184)) - 07da283f-72b3-4610-abc1-72d23674d905@group-50F79935BC6A: changes role from  FOLLOWER to FOLLOWER at term 60 for recognizeCandidate:c5b86445-9c87-4edb-b176-8eaf015b94aa
2019-10-18 14:34:45,726 [grpc-default-executor-4] INFO  impl.RoleInfo (RoleInfo.java:shutdownFollowerState(121)) - 07da283f-72b3-4610-abc1-72d23674d905: shutdown FollowerState
2019-10-18 14:34:45,726 [grpc-default-executor-2] INFO  impl.RaftServerImpl (RaftServerImpl.java:setRole(184)) - c3a3cb61-beea-4a1a-8639-85f6e846679d@group-50F79935BC6A: changes role from  FOLLOWER to FOLLOWER at term 60 for recognizeCandidate:c5b86445-9c87-4edb-b176-8eaf015b94aa
2019-10-18 14:34:45,726 [Thread-958] INFO  impl.FollowerState (FollowerState.java:run(117)) - 07da283f-72b3-4610-abc1-72d23674d905@group-50F79935BC6A-FollowerState was interrupted: java.lang.InterruptedException: sleep interrupted
2019-10-18 14:34:45,726 [grpc-default-executor-4] INFO  impl.RoleInfo (RoleInfo.java:updateAndGet(143)) - 07da283f-72b3-4610-abc1-72d23674d905: start FollowerState
2019-10-18 14:34:45,726 [grpc-default-executor-2] INFO  impl.RoleInfo (RoleInfo.java:shutdownFollowerState(121)) - c3a3cb61-beea-4a1a-8639-85f6e846679d: shutdown FollowerState
2019-10-18 14:34:45,731 [Thread-959] INFO  impl.FollowerState (FollowerState.java:run(117)) - c3a3cb61-beea-4a1a-8639-85f6e846679d@group-50F79935BC6A-FollowerState was interrupted: java.lang.InterruptedException: sleep interrupted
2019-10-18 14:34:45,731 [grpc-default-executor-2] INFO  impl.RoleInfo (RoleInfo.java:updateAndGet(143)) - c3a3cb61-beea-4a1a-8639-85f6e846679d: start FollowerState
2019-10-18 14:34:45,782 [c5b86445-9c87-4edb-b176-8eaf015b94aa@group-50F79935BC6A-LeaderElection60] INFO  impl.LeaderElection (LeaderElection.java:logAndReturn(56)) - c5b86445-9c87-4edb-b176-8eaf015b94aa@group-50F79935BC6A-LeaderElection60: Election REJECTED; received 2 response(s) [c5b86445-9c87-4edb-b176-8eaf015b94aa<-07da283f-72b3-4610-abc1-72d23674d905#0:FAIL-t60, c5b86445-9c87-4edb-b176-8eaf015b94aa<-c3a3cb61-beea-4a1a-8639-85f6e846679d#0:FAIL-t60] and 0 exception(s); c5b86445-9c87-4edb-b176-8eaf015b94aa@group-50F79935BC6A:t60, leader=null, voted=c5b86445-9c87-4edb-b176-8eaf015b94aa, raftlog=c5b86445-9c87-4edb-b176-8eaf015b94aa@group-50F79935BC6A-SegmentedRaftLog:OPENED:c3,f4,i4, conf=0: [07da283f-72b3-4610-abc1-72d23674d905:192.168.164.233:38130, c3a3cb61-beea-4a1a-8639-85f6e846679d:192.168.164.233:33135, c5b86445-9c87-4edb-b176-8eaf015b94aa:192.168.164.233:40993], old=null
2019-10-18 14:34:45,782 [c5b86445-9c87-4edb-b176-8eaf015b94aa@group-50F79935BC6A-LeaderElection60] INFO  impl.RaftServerImpl (RaftServerImpl.java:setRole(184)) - c5b86445-9c87-4edb-b176-8eaf015b94aa@group-50F79935BC6A: changes role from CANDIDATE to FOLLOWER at term 60 for DISCOVERED_A_NEW_TERM
2019-10-18 14:34:45,782 [c5b86445-9c87-4edb-b176-8eaf015b94aa@group-50F79935BC6A-LeaderElection60] INFO  impl.RoleInfo (RoleInfo.java:shutdownLeaderElection(134)) - c5b86445-9c87-4edb-b176-8eaf015b94aa: shutdown LeaderElection
2019-10-18 14:34:45,783 [c5b86445-9c87-4edb-b176-8eaf015b94aa@group-50F79935BC6A-LeaderElection60] INFO  impl.RoleInfo (RoleInfo.java:updateAndGet(143)) - c5b86445-9c87-4edb-b176-8eaf015b94aa: start FollowerState
2019-10-18 14:34:45,882 [Thread-966] INFO  impl.FollowerState (FollowerState.java:run(108)) - c5b86445-9c87-4edb-b176-8eaf015b94aa@group-50F79935BC6A-FollowerState: change to CANDIDATE, lastRpcTime:99ms, electionTimeout:99ms
2019-10-18 14:34:45,882 [Thread-966] INFO  impl.RoleInfo (RoleInfo.java:shutdownFollowerState(121)) - c5b86445-9c87-4edb-b176-8eaf015b94aa: shutdown FollowerState
2019-10-18 14:34:45,882 [Thread-966] INFO  impl.RaftServerImpl (RaftServerImpl.java:setRole(184)) - c5b86445-9c87-4edb-b176-8eaf015b94aa@group-50F79935BC6A: changes role from  FOLLOWER to CANDIDATE at term 60 for changeToCandidate
2019-10-18 14:34:45,883 [Thread-966] INFO  impl.RoleInfo (RoleInfo.java:updateAndGet(143)) - c5b86445-9c87-4edb-b176-8eaf015b94aa: start LeaderElection
2019-10-18 14:34:45,956 [c5b86445-9c87-4edb-b176-8eaf015b94aa@group-50F79935BC6A-LeaderElection61] INFO  impl.LeaderElection (LeaderElection.java:askForVotes(178)) - c5b86445-9c87-4edb-b176-8eaf015b94aa@group-50F79935BC6A-LeaderElection61: begin an election at term 61 for 0: [07da283f-72b3-4610-abc1-72d23674d905:192.168.164.233:38130, c3a3cb61-beea-4a1a-8639-85f6e846679d:192.168.164.233:33135, c5b86445-9c87-4edb-b176-8eaf015b94aa:192.168.164.233:40993], old=null
2019-10-18 14:34:45,959 [grpc-default-executor-2] INFO  impl.RaftServerImpl (RaftServerImpl.java:setRole(184)) - c3a3cb61-beea-4a1a-8639-85f6e846679d@group-50F79935BC6A: changes role from  FOLLOWER to FOLLOWER at term 61 for recognizeCandidate:c5b86445-9c87-4edb-b176-8eaf015b94aa
2019-10-18 14:34:45,959 [grpc-default-executor-4] INFO  impl.RaftServerImpl (RaftServerImpl.java:setRole(184)) - 07da283f-72b3-4610-abc1-72d23674d905@group-50F79935BC6A: changes role from  FOLLOWER to FOLLOWER at term 61 for recognizeCandidate:c5b86445-9c87-4edb-b176-8eaf015b94aa
2019-10-18 14:34:45,959 [grpc-default-executor-2] INFO  impl.RoleInfo (RoleInfo.java:shutdownFollowerState(121)) - c3a3cb61-beea-4a1a-8639-85f6e846679d: shutdown FollowerState
2019-10-18 14:34:45,959 [grpc-default-executor-4] INFO  impl.RoleInfo (RoleInfo.java:shutdownFollowerState(121)) - 07da283f-72b3-4610-abc1-72d23674d905: shutdown FollowerState
2019-10-18 14:34:45,960 [grpc-default-executor-2] INFO  impl.RoleInfo (RoleInfo.java:updateAndGet(143)) - c3a3cb61-beea-4a1a-8639-85f6e846679d: start FollowerState
2019-10-18 14:34:45,960 [grpc-default-executor-4] INFO  impl.RoleInfo (RoleInfo.java:updateAndGet(143)) - 07da283f-72b3-4610-abc1-72d23674d905: start FollowerState
2019-10-18 14:34:45,960 [Thread-965] INFO  impl.FollowerState (FollowerState.java:run(117)) - c3a3cb61-beea-4a1a-8639-85f6e846679d@group-50F79935BC6A-FollowerState was interrupted: java.lang.InterruptedException: sleep interrupted
2019-10-18 14:34:45,960 [Thread-964] INFO  impl.FollowerState (FollowerState.java:run(117)) - 07da283f-72b3-4610-abc1-72d23674d905@group-50F79935BC6A-FollowerState was interrupted: java.lang.InterruptedException: sleep interrupted
2019-10-18 14:34:45,996 [c5b86445-9c87-4edb-b176-8eaf015b94aa@group-50F79935BC6A-LeaderElection61] INFO  impl.LeaderElection (LeaderElection.java:logAndReturn(56)) - c5b86445-9c87-4edb-b176-8eaf015b94aa@group-50F79935BC6A-LeaderElection61: Election REJECTED; received 2 response(s) [c5b86445-9c87-4edb-b176-8eaf015b94aa<-07da283f-72b3-4610-abc1-72d23674d905#0:FAIL-t61, c5b86445-9c87-4edb-b176-8eaf015b94aa<-c3a3cb61-beea-4a1a-8639-85f6e846679d#0:FAIL-t61] and 0 exception(s); c5b86445-9c87-4edb-b176-8eaf015b94aa@group-50F79935BC6A:t61, leader=null, voted=c5b86445-9c87-4edb-b176-8eaf015b94aa, raftlog=c5b86445-9c87-4edb-b176-8eaf015b94aa@group-50F79935BC6A-SegmentedRaftLog:OPENED:c3,f4,i4, conf=0: [07da283f-72b3-4610-abc1-72d23674d905:192.168.164.233:38130, c3a3cb61-beea-4a1a-8639-85f6e846679d:192.168.164.233:33135, c5b86445-9c87-4edb-b176-8eaf015b94aa:192.168.164.233:40993], old=null
2019-10-18 14:34:45,997 [c5b86445-9c87-4edb-b176-8eaf015b94aa@group-50F79935BC6A-LeaderElection61] INFO  impl.RaftServerImpl (RaftServerImpl.java:setRole(184)) - c5b86445-9c87-4edb-b176-8eaf015b94aa@group-50F79935BC6A: changes role from CANDIDATE to FOLLOWER at term 61 for DISCOVERED_A_NEW_TERM
2019-10-18 14:34:45,997 [c5b86445-9c87-4edb-b176-8eaf015b94aa@group-50F79935BC6A-LeaderElection61] INFO  impl.RoleInfo (RoleInfo.java:shutdownLeaderElection(134)) - c5b86445-9c87-4edb-b176-8eaf015b94aa: shutdown LeaderElection
2019-10-18 14:34:45,997 [c5b86445-9c87-4edb-b176-8eaf015b94aa@group-50F79935BC6A-LeaderElection61] INFO  impl.RoleInfo (RoleInfo.java:updateAndGet(143)) - c5b86445-9c87-4edb-b176-8eaf015b94aa: start FollowerState
]]></system-out>
    <system-err><![CDATA[ERROR StatusLogger No Log4j 2 configuration file found. Using default configuration (logging only errors to the console), or user programmatically provided configurations. Set system property 'log4j2.debug' to show Log4j 2 internal initialization logging. See https://logging.apache.org/log4j/2.x/manual/configuration.html for instructions on how to configure Log4j 2
Oct 18, 2019 2:32:59 PM org.apache.ratis.thirdparty.io.grpc.internal.SerializingExecutor run
SEVERE: Exception while executing runnable org.apache.ratis.thirdparty.io.grpc.internal.ServerImpl$JumpToApplicationThreadServerStreamListener$1Closed@2e3e4f0d
org.apache.ratis.thirdparty.io.grpc.StatusRuntimeException: CANCELLED: call already cancelled
	at org.apache.ratis.thirdparty.io.grpc.Status.asRuntimeException(Status.java:517)
	at org.apache.ratis.thirdparty.io.grpc.stub.ServerCalls$ServerCallStreamObserverImpl.onCompleted(ServerCalls.java:356)
	at org.apache.ratis.grpc.server.GrpcServerProtocolService$ServerRequestStreamObserver.onError(GrpcServerProtocolService.java:121)
	at org.apache.ratis.thirdparty.io.grpc.stub.ServerCalls$StreamingServerCallHandler$StreamingServerCallListener.onCancel(ServerCalls.java:269)
	at org.apache.ratis.thirdparty.io.grpc.internal.ServerCallImpl$ServerStreamListenerImpl.closed(ServerCallImpl.java:293)
	at org.apache.ratis.thirdparty.io.grpc.internal.ServerImpl$JumpToApplicationThreadServerStreamListener$1Closed.runInContext(ServerImpl.java:741)
	at org.apache.ratis.thirdparty.io.grpc.internal.ContextRunnable.run(ContextRunnable.java:37)
	at org.apache.ratis.thirdparty.io.grpc.internal.SerializingExecutor.run(SerializingExecutor.java:123)
	at java.util.concurrent.ThreadPoolExecutor.runWorker(ThreadPoolExecutor.java:1149)
	at java.util.concurrent.ThreadPoolExecutor$Worker.run(ThreadPoolExecutor.java:624)
	at java.lang.Thread.run(Thread.java:748)

Oct 18, 2019 2:32:59 PM org.apache.ratis.thirdparty.io.grpc.internal.SerializingExecutor run
SEVERE: Exception while executing runnable org.apache.ratis.thirdparty.io.grpc.internal.ClientCallImpl$ClientStreamListenerImpl$1StreamClosed@59b29229
java.lang.NullPointerException
	at org.apache.ratis.grpc.server.GrpcLogAppender$AppendLogResponseHandler.onError(GrpcLogAppender.java:303)
	at org.apache.ratis.thirdparty.io.grpc.stub.ClientCalls$StreamObserverToCallListenerAdapter.onClose(ClientCalls.java:434)
	at org.apache.ratis.thirdparty.io.grpc.PartialForwardingClientCallListener.onClose(PartialForwardingClientCallListener.java:39)
	at org.apache.ratis.thirdparty.io.grpc.ForwardingClientCallListener.onClose(ForwardingClientCallListener.java:23)
	at org.apache.ratis.thirdparty.io.grpc.ForwardingClientCallListener$SimpleForwardingClientCallListener.onClose(ForwardingClientCallListener.java:40)
	at org.apache.ratis.thirdparty.io.grpc.internal.CensusStatsModule$StatsClientInterceptor$1$1.onClose(CensusStatsModule.java:678)
	at org.apache.ratis.thirdparty.io.grpc.PartialForwardingClientCallListener.onClose(PartialForwardingClientCallListener.java:39)
	at org.apache.ratis.thirdparty.io.grpc.ForwardingClientCallListener.onClose(ForwardingClientCallListener.java:23)
	at org.apache.ratis.thirdparty.io.grpc.ForwardingClientCallListener$SimpleForwardingClientCallListener.onClose(ForwardingClientCallListener.java:40)
	at org.apache.ratis.thirdparty.io.grpc.internal.CensusTracingModule$TracingClientInterceptor$1$1.onClose(CensusTracingModule.java:397)
	at org.apache.ratis.thirdparty.io.grpc.internal.ClientCallImpl.closeObserver(ClientCallImpl.java:459)
	at org.apache.ratis.thirdparty.io.grpc.internal.ClientCallImpl.access$300(ClientCallImpl.java:63)
	at org.apache.ratis.thirdparty.io.grpc.internal.ClientCallImpl$ClientStreamListenerImpl.close(ClientCallImpl.java:546)
	at org.apache.ratis.thirdparty.io.grpc.internal.ClientCallImpl$ClientStreamListenerImpl.access$600(ClientCallImpl.java:467)
	at org.apache.ratis.thirdparty.io.grpc.internal.ClientCallImpl$ClientStreamListenerImpl$1StreamClosed.runInContext(ClientCallImpl.java:584)
	at org.apache.ratis.thirdparty.io.grpc.internal.ContextRunnable.run(ContextRunnable.java:37)
	at org.apache.ratis.thirdparty.io.grpc.internal.SerializingExecutor.run(SerializingExecutor.java:123)
	at java.util.concurrent.ThreadPoolExecutor.runWorker(ThreadPoolExecutor.java:1149)
	at java.util.concurrent.ThreadPoolExecutor$Worker.run(ThreadPoolExecutor.java:624)
	at java.lang.Thread.run(Thread.java:748)

]]></system-err>
  </testcase>
</testsuite>